<?xml version="1.0" encoding="UTF-8"?>
<testsuite xmlns:xsi="http://www.w3.org/2001/XMLSchema-instance" xsi:noNamespaceSchemaLocation="https://maven.apache.org/surefire/maven-surefire-plugin/xsd/surefire-test-report.xsd" name="org.apache.hadoop.ozone.client.rpc.TestWatchForCommit" time="227.9" tests="5" errors="1" skipped="0" failures="1">
  <properties>
    <property name="awt.toolkit" value="sun.awt.X11.XToolkit"/>
    <property name="file.encoding.pkg" value="sun.io"/>
    <property name="java.specification.version" value="1.8"/>
    <property name="sun.cpu.isalist" value=""/>
    <property name="sun.jnu.encoding" value="UTF-8"/>
    <property name="java.class.path" value="/workdir/hadoop-ozone/integration-test/target/test-classes:/workdir/hadoop-ozone/integration-test/target/classes:/home/user/.m2/repository/org/apache/hadoop/hadoop-ozone-common/0.5.0-SNAPSHOT/hadoop-ozone-common-0.5.0-SNAPSHOT.jar:/home/user/.m2/repository/org/apache/commons/commons-compress/1.4.1/commons-compress-1.4.1.jar:/home/user/.m2/repository/org/tukaani/xz/1.0/xz-1.0.jar:/home/user/.m2/repository/org/apache/hadoop/hadoop-common/3.2.0/hadoop-common-3.2.0.jar:/home/user/.m2/repository/org/apache/hadoop/hadoop-hdfs/3.2.0/hadoop-hdfs-3.2.0.jar:/home/user/.m2/repository/org/apache/hadoop/hadoop-hdfs-client/3.2.0/hadoop-hdfs-client-3.2.0.jar:/home/user/.m2/repository/com/fasterxml/jackson/core/jackson-annotations/2.9.9/jackson-annotations-2.9.9.jar:/home/user/.m2/repository/org/apache/hadoop/hadoop-hdds-common/0.5.0-SNAPSHOT/hadoop-hdds-common-0.5.0-SNAPSHOT.jar:/home/user/.m2/repository/javax/annotation/javax.annotation-api/1.2/javax.annotation-api-1.2.jar:/home/user/.m2/repository/org/apache/ratis/ratis-server/0.5.0-201fc85-SNAPSHOT/ratis-server-0.5.0-201fc85-SNAPSHOT.jar:/home/user/.m2/repository/org/apache/ratis/ratis-thirdparty-misc/0.2.0/ratis-thirdparty-misc-0.2.0.jar:/home/user/.m2/repository/org/apache/ratis/ratis-proto/0.5.0-201fc85-SNAPSHOT/ratis-proto-0.5.0-201fc85-SNAPSHOT.jar:/home/user/.m2/repository/org/apache/ratis/ratis-common/0.5.0-201fc85-SNAPSHOT/ratis-common-0.5.0-201fc85-SNAPSHOT.jar:/home/user/.m2/repository/org/apache/ratis/ratis-client/0.5.0-201fc85-SNAPSHOT/ratis-client-0.5.0-201fc85-SNAPSHOT.jar:/home/user/.m2/repository/org/apache/ratis/ratis-metrics/0.5.0-201fc85-SNAPSHOT/ratis-metrics-0.5.0-201fc85-SNAPSHOT.jar:/home/user/.m2/repository/com/github/joshelser/dropwizard-metrics-hadoop-metrics2-reporter/0.1.2/dropwizard-metrics-hadoop-metrics2-reporter-0.1.2.jar:/home/user/.m2/repository/io/dropwizard/metrics/metrics-jvm/3.2.5/metrics-jvm-3.2.5.jar:/home/user/.m2/repository/io/dropwizard/metrics/metrics-ganglia/3.2.5/metrics-ganglia-3.2.5.jar:/home/user/.m2/repository/info/ganglia/gmetric4j/gmetric4j/1.0.7/gmetric4j-1.0.7.jar:/home/user/.m2/repository/org/apache/ratis/ratis-netty/0.5.0-201fc85-SNAPSHOT/ratis-netty-0.5.0-201fc85-SNAPSHOT.jar:/home/user/.m2/repository/org/apache/ratis/ratis-grpc/0.5.0-201fc85-SNAPSHOT/ratis-grpc-0.5.0-201fc85-SNAPSHOT.jar:/home/user/.m2/repository/org/rocksdb/rocksdbjni/6.0.1/rocksdbjni-6.0.1.jar:/home/user/.m2/repository/org/apache/logging/log4j/log4j-api/2.11.0/log4j-api-2.11.0.jar:/home/user/.m2/repository/org/apache/logging/log4j/log4j-core/2.11.0/log4j-core-2.11.0.jar:/home/user/.m2/repository/com/lmax/disruptor/3.4.2/disruptor-3.4.2.jar:/home/user/.m2/repository/org/apache/commons/commons-pool2/2.6.0/commons-pool2-2.6.0.jar:/home/user/.m2/repository/org/bouncycastle/bcpkix-jdk15on/1.60/bcpkix-jdk15on-1.60.jar:/home/user/.m2/repository/commons-validator/commons-validator/1.6/commons-validator-1.6.jar:/home/user/.m2/repository/commons-digester/commons-digester/1.8.1/commons-digester-1.8.1.jar:/home/user/.m2/repository/io/jaegertracing/jaeger-client/0.34.0/jaeger-client-0.34.0.jar:/home/user/.m2/repository/io/jaegertracing/jaeger-thrift/0.34.0/jaeger-thrift-0.34.0.jar:/home/user/.m2/repository/org/apache/thrift/libthrift/0.12.0/libthrift-0.12.0.jar:/home/user/.m2/repository/com/squareup/okhttp3/okhttp/3.9.0/okhttp-3.9.0.jar:/home/user/.m2/repository/com/squareup/okio/okio/1.13.0/okio-1.13.0.jar:/home/user/.m2/repository/io/jaegertracing/jaeger-core/0.34.0/jaeger-core-0.34.0.jar:/home/user/.m2/repository/io/jaegertracing/jaeger-tracerresolver/0.34.0/jaeger-tracerresolver-0.34.0.jar:/home/user/.m2/repository/io/opentracing/contrib/opentracing-tracerresolver/0.1.5/opentracing-tracerresolver-0.1.5.jar:/home/user/.m2/repository/io/opentracing/opentracing-util/0.31.0/opentracing-util-0.31.0.jar:/home/user/.m2/repository/io/opentracing/opentracing-api/0.31.0/opentracing-api-0.31.0.jar:/home/user/.m2/repository/io/opentracing/opentracing-noop/0.31.0/opentracing-noop-0.31.0.jar:/home/user/.m2/repository/org/apache/hadoop/hadoop-hdds-server-framework/0.5.0-SNAPSHOT/hadoop-hdds-server-framework-0.5.0-SNAPSHOT.jar:/home/user/.m2/repository/org/apache/hadoop/hadoop-hdds-container-service/0.5.0-SNAPSHOT/hadoop-hdds-container-service-0.5.0-SNAPSHOT.jar:/home/user/.m2/repository/org/apache/hadoop/hadoop-hdds-client/0.5.0-SNAPSHOT/hadoop-hdds-client-0.5.0-SNAPSHOT.jar:/home/user/.m2/repository/org/apache/hadoop/hadoop-hdds-tools/0.5.0-SNAPSHOT/hadoop-hdds-tools-0.5.0-SNAPSHOT.jar:/home/user/.m2/repository/org/apache/hadoop/hadoop-hdds-server-scm/0.5.0-SNAPSHOT/hadoop-hdds-server-scm-0.5.0-SNAPSHOT.jar:/home/user/.m2/repository/org/apache/hadoop/hadoop-hdds-docs/0.5.0-SNAPSHOT/hadoop-hdds-docs-0.5.0-SNAPSHOT.jar:/home/user/.m2/repository/io/dropwizard/metrics/metrics-core/3.2.4/metrics-core-3.2.4.jar:/home/user/.m2/repository/org/hamcrest/hamcrest-all/1.3/hamcrest-all-1.3.jar:/home/user/.m2/repository/org/bouncycastle/bcprov-jdk15on/1.60/bcprov-jdk15on-1.60.jar:/home/user/.m2/repository/info/picocli/picocli/3.9.6/picocli-3.9.6.jar:/home/user/.m2/repository/com/google/protobuf/protobuf-java/2.5.0/protobuf-java-2.5.0.jar:/home/user/.m2/repository/com/google/guava/guava/11.0.2/guava-11.0.2.jar:/home/user/.m2/repository/org/apache/hadoop/hadoop-ozone-ozone-manager/0.5.0-SNAPSHOT/hadoop-ozone-ozone-manager-0.5.0-SNAPSHOT.jar:/home/user/.m2/repository/org/apache/hadoop/hadoop-minikdc/3.2.0/hadoop-minikdc-3.2.0.jar:/home/user/.m2/repository/commons-io/commons-io/2.5/commons-io-2.5.jar:/home/user/.m2/repository/org/apache/kerby/kerb-simplekdc/1.0.1/kerb-simplekdc-1.0.1.jar:/home/user/.m2/repository/org/apache/kerby/kerb-client/1.0.1/kerb-client-1.0.1.jar:/home/user/.m2/repository/org/apache/kerby/kerby-config/1.0.1/kerby-config-1.0.1.jar:/home/user/.m2/repository/org/apache/kerby/kerb-core/1.0.1/kerb-core-1.0.1.jar:/home/user/.m2/repository/org/apache/kerby/kerby-pkix/1.0.1/kerby-pkix-1.0.1.jar:/home/user/.m2/repository/org/apache/kerby/kerby-asn1/1.0.1/kerby-asn1-1.0.1.jar:/home/user/.m2/repository/org/apache/kerby/kerby-util/1.0.1/kerby-util-1.0.1.jar:/home/user/.m2/repository/org/apache/kerby/kerb-common/1.0.1/kerb-common-1.0.1.jar:/home/user/.m2/repository/org/apache/kerby/kerb-crypto/1.0.1/kerb-crypto-1.0.1.jar:/home/user/.m2/repository/org/apache/kerby/kerb-util/1.0.1/kerb-util-1.0.1.jar:/home/user/.m2/repository/org/apache/kerby/token-provider/1.0.1/token-provider-1.0.1.jar:/home/user/.m2/repository/org/apache/kerby/kerb-admin/1.0.1/kerb-admin-1.0.1.jar:/home/user/.m2/repository/org/apache/kerby/kerb-server/1.0.1/kerb-server-1.0.1.jar:/home/user/.m2/repository/org/apache/kerby/kerb-identity/1.0.1/kerb-identity-1.0.1.jar:/home/user/.m2/repository/org/apache/kerby/kerby-xdr/1.0.1/kerby-xdr-1.0.1.jar:/home/user/.m2/repository/org/slf4j/slf4j-log4j12/1.7.25/slf4j-log4j12-1.7.25.jar:/home/user/.m2/repository/org/apache/hadoop/hadoop-ozone-s3gateway/0.5.0-SNAPSHOT/hadoop-ozone-s3gateway-0.5.0-SNAPSHOT.jar:/home/user/.m2/repository/org/jboss/weld/servlet/weld-servlet/2.4.7.Final/weld-servlet-2.4.7.Final.jar:/home/user/.m2/repository/org/glassfish/jersey/containers/jersey-container-servlet-core/2.27/jersey-container-servlet-core-2.27.jar:/home/user/.m2/repository/org/glassfish/hk2/external/javax.inject/2.5.0-b42/javax.inject-2.5.0-b42.jar:/home/user/.m2/repository/org/glassfish/jersey/core/jersey-common/2.27/jersey-common-2.27.jar:/home/user/.m2/repository/org/glassfish/hk2/osgi-resource-locator/1.0.1/osgi-resource-locator-1.0.1.jar:/home/user/.m2/repository/javax/ws/rs/javax.ws.rs-api/2.1/javax.ws.rs-api-2.1.jar:/home/user/.m2/repository/org/glassfish/jersey/ext/cdi/jersey-cdi1x/2.27/jersey-cdi1x-2.27.jar:/home/user/.m2/repository/org/glassfish/jersey/inject/jersey-hk2/2.27/jersey-hk2-2.27.jar:/home/user/.m2/repository/org/glassfish/hk2/hk2-locator/2.5.0-b42/hk2-locator-2.5.0-b42.jar:/home/user/.m2/repository/org/javassist/javassist/3.22.0-CR2/javassist-3.22.0-CR2.jar:/home/user/.m2/repository/org/glassfish/hk2/hk2-api/2.5.0/hk2-api-2.5.0.jar:/home/user/.m2/repository/org/glassfish/hk2/external/jakarta.inject/2.5.0/jakarta.inject-2.5.0.jar:/home/user/.m2/repository/org/glassfish/hk2/hk2-utils/2.5.0/hk2-utils-2.5.0.jar:/home/user/.m2/repository/jakarta/annotation/jakarta.annotation-api/1.3.4/jakarta.annotation-api-1.3.4.jar:/home/user/.m2/repository/org/glassfish/hk2/external/aopalliance-repackaged/2.5.0/aopalliance-repackaged-2.5.0.jar:/home/user/.m2/repository/com/fasterxml/jackson/dataformat/jackson-dataformat-xml/2.9.0/jackson-dataformat-xml-2.9.0.jar:/home/user/.m2/repository/com/fasterxml/jackson/core/jackson-core/2.9.9/jackson-core-2.9.9.jar:/home/user/.m2/repository/com/fasterxml/jackson/module/jackson-module-jaxb-annotations/2.9.9/jackson-module-jaxb-annotations-2.9.9.jar:/home/user/.m2/repository/javax/enterprise/cdi-api/1.2/cdi-api-1.2.jar:/home/user/.m2/repository/javax/el/javax.el-api/3.0.0/javax.el-api-3.0.0.jar:/home/user/.m2/repository/javax/interceptor/javax.interceptor-api/1.2/javax.interceptor-api-1.2.jar:/home/user/.m2/repository/javax/inject/javax.inject/1/javax.inject-1.jar:/home/user/.m2/repository/com/sun/xml/bind/jaxb-impl/2.3.0.1/jaxb-impl-2.3.0.1.jar:/home/user/.m2/repository/com/sun/xml/bind/jaxb-core/2.3.0.1/jaxb-core-2.3.0.1.jar:/home/user/.m2/repository/javax/xml/bind/jaxb-api/2.3.0/jaxb-api-2.3.0.jar:/home/user/.m2/repository/javax/activation/activation/1.1.1/activation-1.1.1.jar:/home/user/.m2/repository/org/apache/hadoop/hadoop-ozone-csi/0.5.0-SNAPSHOT/hadoop-ozone-csi-0.5.0-SNAPSHOT.jar:/home/user/.m2/repository/com/google/protobuf/protobuf-java-util/3.5.1/protobuf-java-util-3.5.1.jar:/home/user/.m2/repository/org/apache/hadoop/hadoop-hdds-config/0.5.0-SNAPSHOT/hadoop-hdds-config-0.5.0-SNAPSHOT.jar:/home/user/.m2/repository/io/grpc/grpc-netty/1.17.1/grpc-netty-1.17.1.jar:/home/user/.m2/repository/io/grpc/grpc-core/1.17.1/grpc-core-1.17.1.jar:/home/user/.m2/repository/io/grpc/grpc-context/1.17.1/grpc-context-1.17.1.jar:/home/user/.m2/repository/com/google/errorprone/error_prone_annotations/2.2.0/error_prone_annotations-2.2.0.jar:/home/user/.m2/repository/org/codehaus/mojo/animal-sniffer-annotations/1.17/animal-sniffer-annotations-1.17.jar:/home/user/.m2/repository/io/opencensus/opencensus-api/0.17.0/opencensus-api-0.17.0.jar:/home/user/.m2/repository/io/opencensus/opencensus-contrib-grpc-metrics/0.17.0/opencensus-contrib-grpc-metrics-0.17.0.jar:/home/user/.m2/repository/io/netty/netty-codec-http2/4.1.30.Final/netty-codec-http2-4.1.30.Final.jar:/home/user/.m2/repository/io/netty/netty-codec-http/4.1.30.Final/netty-codec-http-4.1.30.Final.jar:/home/user/.m2/repository/io/netty/netty-codec/4.1.30.Final/netty-codec-4.1.30.Final.jar:/home/user/.m2/repository/io/netty/netty-handler/4.1.30.Final/netty-handler-4.1.30.Final.jar:/home/user/.m2/repository/io/netty/netty-handler-proxy/4.1.30.Final/netty-handler-proxy-4.1.30.Final.jar:/home/user/.m2/repository/io/netty/netty-codec-socks/4.1.30.Final/netty-codec-socks-4.1.30.Final.jar:/home/user/.m2/repository/io/netty/netty-transport-native-epoll/4.1.30.Final/netty-transport-native-epoll-4.1.30.Final.jar:/home/user/.m2/repository/io/netty/netty-common/4.1.30.Final/netty-common-4.1.30.Final.jar:/home/user/.m2/repository/io/netty/netty-buffer/4.1.30.Final/netty-buffer-4.1.30.Final.jar:/home/user/.m2/repository/io/netty/netty-transport/4.1.30.Final/netty-transport-4.1.30.Final.jar:/home/user/.m2/repository/io/netty/netty-resolver/4.1.30.Final/netty-resolver-4.1.30.Final.jar:/home/user/.m2/repository/io/netty/netty-transport-native-unix-common/4.1.30.Final/netty-transport-native-unix-common-4.1.30.Final.jar:/home/user/.m2/repository/io/grpc/grpc-protobuf/1.17.1/grpc-protobuf-1.17.1.jar:/home/user/.m2/repository/com/google/api/grpc/proto-google-common-protos/1.0.0/proto-google-common-protos-1.0.0.jar:/home/user/.m2/repository/io/grpc/grpc-protobuf-lite/1.17.1/grpc-protobuf-lite-1.17.1.jar:/home/user/.m2/repository/io/grpc/grpc-stub/1.17.1/grpc-stub-1.17.1.jar:/home/user/.m2/repository/org/apache/hadoop/hadoop-ozone-recon/0.5.0-SNAPSHOT/hadoop-ozone-recon-0.5.0-SNAPSHOT.jar:/home/user/.m2/repository/org/apache/hadoop/hadoop-ozone-reconcodegen/0.5.0-SNAPSHOT/hadoop-ozone-reconcodegen-0.5.0-SNAPSHOT.jar:/home/user/.m2/repository/com/google/inject/extensions/guice-multibindings/4.0/guice-multibindings-4.0.jar:/home/user/.m2/repository/com/google/inject/guice/4.0/guice-4.0.jar:/home/user/.m2/repository/aopalliance/aopalliance/1.0/aopalliance-1.0.jar:/home/user/.m2/repository/com/google/inject/extensions/guice-servlet/4.0/guice-servlet-4.0.jar:/home/user/.m2/repository/org/glassfish/jersey/containers/jersey-container-servlet/2.27/jersey-container-servlet-2.27.jar:/home/user/.m2/repository/org/glassfish/hk2/guice-bridge/2.5.0/guice-bridge-2.5.0.jar:/home/user/.m2/repository/org/glassfish/jersey/core/jersey-server/2.27/jersey-server-2.27.jar:/home/user/.m2/repository/org/glassfish/jersey/core/jersey-client/2.27/jersey-client-2.27.jar:/home/user/.m2/repository/org/glassfish/jersey/media/jersey-media-jaxb/2.27/jersey-media-jaxb-2.27.jar:/home/user/.m2/repository/javax/validation/validation-api/1.1.0.Final/validation-api-1.1.0.Final.jar:/home/user/.m2/repository/org/glassfish/jersey/media/jersey-media-json-jackson/2.27/jersey-media-json-jackson-2.27.jar:/home/user/.m2/repository/org/glassfish/jersey/ext/jersey-entity-filtering/2.27/jersey-entity-filtering-2.27.jar:/home/user/.m2/repository/com/google/inject/extensions/guice-assistedinject/4.0/guice-assistedinject-4.0.jar:/home/user/.m2/repository/org/jooq/jooq/3.11.10/jooq-3.11.10.jar:/home/user/.m2/repository/org/jooq/jooq-meta/3.11.10/jooq-meta-3.11.10.jar:/home/user/.m2/repository/org/jooq/jooq-codegen/3.11.10/jooq-codegen-3.11.10.jar:/home/user/.m2/repository/com/jolbox/bonecp/0.8.0.RELEASE/bonecp-0.8.0.RELEASE.jar:/home/user/.m2/repository/org/xerial/sqlite-jdbc/3.25.2/sqlite-jdbc-3.25.2.jar:/home/user/.m2/repository/org/springframework/spring-jdbc/5.1.3.RELEASE/spring-jdbc-5.1.3.RELEASE.jar:/home/user/.m2/repository/org/springframework/spring-beans/5.1.3.RELEASE/spring-beans-5.1.3.RELEASE.jar:/home/user/.m2/repository/org/springframework/spring-core/5.1.3.RELEASE/spring-core-5.1.3.RELEASE.jar:/home/user/.m2/repository/org/springframework/spring-jcl/5.1.3.RELEASE/spring-jcl-5.1.3.RELEASE.jar:/home/user/.m2/repository/org/springframework/spring-tx/5.1.3.RELEASE/spring-tx-5.1.3.RELEASE.jar:/home/user/.m2/repository/org/apache/hadoop/hadoop-ozone-client/0.5.0-SNAPSHOT/hadoop-ozone-client-0.5.0-SNAPSHOT.jar:/home/user/.m2/repository/commons-lang/commons-lang/2.6/commons-lang-2.6.jar:/home/user/.m2/repository/org/apache/hadoop/hadoop-ozone-ozone-manager/0.5.0-SNAPSHOT/hadoop-ozone-ozone-manager-0.5.0-SNAPSHOT-tests.jar:/home/user/.m2/repository/junit/junit/4.11/junit-4.11.jar:/home/user/.m2/repository/org/hamcrest/hamcrest-core/1.3/hamcrest-core-1.3.jar:/home/user/.m2/repository/org/openjdk/jmh/jmh-core/1.19/jmh-core-1.19.jar:/home/user/.m2/repository/net/sf/jopt-simple/jopt-simple/4.6/jopt-simple-4.6.jar:/home/user/.m2/repository/org/apache/commons/commons-math3/3.1.1/commons-math3-3.1.1.jar:/home/user/.m2/repository/org/openjdk/jmh/jmh-generator-annprocess/1.19/jmh-generator-annprocess-1.19.jar:/home/user/.m2/repository/org/mockito/mockito-all/1.8.5/mockito-all-1.8.5.jar:/home/user/.m2/repository/org/apache/hadoop/hadoop-kms/3.2.0/hadoop-kms-3.2.0.jar:/home/user/.m2/repository/org/apache/hadoop/hadoop-auth/3.2.0/hadoop-auth-3.2.0.jar:/home/user/.m2/repository/com/nimbusds/nimbus-jose-jwt/4.41.1/nimbus-jose-jwt-4.41.1.jar:/home/user/.m2/repository/com/github/stephenc/jcip/jcip-annotations/1.0-1/jcip-annotations-1.0-1.jar:/home/user/.m2/repository/net/minidev/json-smart/2.3/json-smart-2.3.jar:/home/user/.m2/repository/net/minidev/accessors-smart/1.2/accessors-smart-1.2.jar:/home/user/.m2/repository/org/ow2/asm/asm/5.0.4/asm-5.0.4.jar:/home/user/.m2/repository/org/apache/curator/curator-framework/2.12.0/curator-framework-2.12.0.jar:/home/user/.m2/repository/com/sun/jersey/jersey-core/1.19/jersey-core-1.19.jar:/home/user/.m2/repository/javax/ws/rs/jsr311-api/1.1.1/jsr311-api-1.1.1.jar:/home/user/.m2/repository/com/sun/jersey/jersey-server/1.19/jersey-server-1.19.jar:/home/user/.m2/repository/javax/servlet/javax.servlet-api/3.1.0/javax.servlet-api-3.1.0.jar:/home/user/.m2/repository/org/eclipse/jetty/jetty-server/9.3.25.v20180904/jetty-server-9.3.25.v20180904.jar:/home/user/.m2/repository/org/eclipse/jetty/jetty-http/9.3.25.v20180904/jetty-http-9.3.25.v20180904.jar:/home/user/.m2/repository/org/eclipse/jetty/jetty-io/9.3.25.v20180904/jetty-io-9.3.25.v20180904.jar:/home/user/.m2/repository/org/eclipse/jetty/jetty-webapp/9.3.25.v20180904/jetty-webapp-9.3.25.v20180904.jar:/home/user/.m2/repository/org/eclipse/jetty/jetty-xml/9.3.25.v20180904/jetty-xml-9.3.25.v20180904.jar:/home/user/.m2/repository/log4j/log4j/1.2.17/log4j-1.2.17.jar:/home/user/.m2/repository/org/slf4j/slf4j-api/1.7.25/slf4j-api-1.7.25.jar:/home/user/.m2/repository/org/slf4j/jul-to-slf4j/1.7.25/jul-to-slf4j-1.7.25.jar:/home/user/.m2/repository/org/eclipse/jetty/jetty-util/9.3.25.v20180904/jetty-util-9.3.25.v20180904.jar:/home/user/.m2/repository/com/fasterxml/jackson/core/jackson-databind/2.9.9/jackson-databind-2.9.9.jar:/home/user/.m2/repository/org/apache/hadoop/hadoop-kms/3.2.0/hadoop-kms-3.2.0-tests.jar:/home/user/.m2/repository/org/apache/hadoop/hadoop-hdds-server-scm/0.5.0-SNAPSHOT/hadoop-hdds-server-scm-0.5.0-SNAPSHOT-tests.jar:/home/user/.m2/repository/org/apache/hadoop/hadoop-hdds-container-service/0.5.0-SNAPSHOT/hadoop-hdds-container-service-0.5.0-SNAPSHOT-tests.jar:/home/user/.m2/repository/org/yaml/snakeyaml/1.16/snakeyaml-1.16.jar:/home/user/.m2/repository/org/apache/hadoop/hadoop-common/3.2.0/hadoop-common-3.2.0-tests.jar:/home/user/.m2/repository/org/apache/hadoop/hadoop-annotations/3.2.0/hadoop-annotations-3.2.0.jar:/usr/lib/jvm/java-1.8-openjdk/jre/../lib/tools.jar:/home/user/.m2/repository/commons-cli/commons-cli/1.2/commons-cli-1.2.jar:/home/user/.m2/repository/org/apache/httpcomponents/httpclient/4.5.2/httpclient-4.5.2.jar:/home/user/.m2/repository/org/apache/httpcomponents/httpcore/4.4.4/httpcore-4.4.4.jar:/home/user/.m2/repository/commons-codec/commons-codec/1.11/commons-codec-1.11.jar:/home/user/.m2/repository/commons-net/commons-net/3.6/commons-net-3.6.jar:/home/user/.m2/repository/commons-collections/commons-collections/3.2.2/commons-collections-3.2.2.jar:/home/user/.m2/repository/org/eclipse/jetty/jetty-servlet/9.3.25.v20180904/jetty-servlet-9.3.25.v20180904.jar:/home/user/.m2/repository/org/eclipse/jetty/jetty-security/9.3.25.v20180904/jetty-security-9.3.25.v20180904.jar:/home/user/.m2/repository/javax/servlet/jsp/jsp-api/2.1/jsp-api-2.1.jar:/home/user/.m2/repository/com/sun/jersey/jersey-servlet/1.19/jersey-servlet-1.19.jar:/home/user/.m2/repository/com/sun/jersey/jersey-json/1.19/jersey-json-1.19.jar:/home/user/.m2/repository/org/codehaus/jettison/jettison/1.1/jettison-1.1.jar:/home/user/.m2/repository/org/codehaus/jackson/jackson-core-asl/1.9.13/jackson-core-asl-1.9.13.jar:/home/user/.m2/repository/org/codehaus/jackson/jackson-mapper-asl/1.9.13/jackson-mapper-asl-1.9.13.jar:/home/user/.m2/repository/org/codehaus/jackson/jackson-jaxrs/1.9.13/jackson-jaxrs-1.9.13.jar:/home/user/.m2/repository/org/codehaus/jackson/jackson-xc/1.9.13/jackson-xc-1.9.13.jar:/home/user/.m2/repository/commons-logging/commons-logging/1.1.3/commons-logging-1.1.3.jar:/home/user/.m2/repository/commons-beanutils/commons-beanutils/1.9.4/commons-beanutils-1.9.4.jar:/home/user/.m2/repository/org/apache/commons/commons-configuration2/2.1.1/commons-configuration2-2.1.1.jar:/home/user/.m2/repository/org/apache/commons/commons-lang3/3.7/commons-lang3-3.7.jar:/home/user/.m2/repository/org/apache/commons/commons-text/1.4/commons-text-1.4.jar:/home/user/.m2/repository/org/apache/avro/avro/1.7.7/avro-1.7.7.jar:/home/user/.m2/repository/com/thoughtworks/paranamer/paranamer/2.3/paranamer-2.3.jar:/home/user/.m2/repository/org/xerial/snappy/snappy-java/1.0.5/snappy-java-1.0.5.jar:/home/user/.m2/repository/com/google/re2j/re2j/1.1/re2j-1.1.jar:/home/user/.m2/repository/com/google/code/gson/gson/2.2.4/gson-2.2.4.jar:/home/user/.m2/repository/com/jcraft/jsch/0.1.54/jsch-0.1.54.jar:/home/user/.m2/repository/org/apache/curator/curator-client/2.12.0/curator-client-2.12.0.jar:/home/user/.m2/repository/org/apache/curator/curator-recipes/2.12.0/curator-recipes-2.12.0.jar:/home/user/.m2/repository/com/google/code/findbugs/jsr305/3.0.0/jsr305-3.0.0.jar:/home/user/.m2/repository/org/apache/htrace/htrace-core4/4.1.0-incubating/htrace-core4-4.1.0-incubating.jar:/home/user/.m2/repository/org/apache/zookeeper/zookeeper/3.4.13/zookeeper-3.4.13.jar:/home/user/.m2/repository/jline/jline/0.9.94/jline-0.9.94.jar:/home/user/.m2/repository/org/apache/yetus/audience-annotations/0.5.0/audience-annotations-0.5.0.jar:/home/user/.m2/repository/org/codehaus/woodstox/stax2-api/3.1.4/stax2-api-3.1.4.jar:/home/user/.m2/repository/com/fasterxml/woodstox/woodstox-core/5.0.3/woodstox-core-5.0.3.jar:/home/user/.m2/repository/dnsjava/dnsjava/2.1.7/dnsjava-2.1.7.jar:/home/user/.m2/repository/org/apache/hadoop/hadoop-hdfs/3.2.0/hadoop-hdfs-3.2.0-tests.jar:/home/user/.m2/repository/org/eclipse/jetty/jetty-util-ajax/9.3.25.v20180904/jetty-util-ajax-9.3.25.v20180904.jar:/home/user/.m2/repository/commons-daemon/commons-daemon/1.0.13/commons-daemon-1.0.13.jar:/home/user/.m2/repository/io/netty/netty/3.10.5.Final/netty-3.10.5.Final.jar:/home/user/.m2/repository/io/netty/netty-all/4.0.52.Final/netty-all-4.0.52.Final.jar:/home/user/.m2/repository/org/fusesource/leveldbjni/leveldbjni-all/1.8/leveldbjni-all-1.8.jar:"/>
    <property name="java.vm.vendor" value="IcedTea"/>
    <property name="sun.arch.data.model" value="64"/>
    <property name="test.build.dir" value="/workdir/hadoop-ozone/integration-test/target/test-dir"/>
    <property name="test.cache.data" value=""/>
    <property name="java.vendor.url" value="https://icedtea.classpath.org"/>
    <property name="user.timezone" value=""/>
    <property name="java.vm.specification.version" value="1.8"/>
    <property name="os.name" value="Linux"/>
    <property name="test.build.data" value="/workdir/hadoop-ozone/integration-test/target/test-dir"/>
    <property name="user.country" value="US"/>
    <property name="sun.java.launcher" value="SUN_STANDARD"/>
    <property name="sun.boot.library.path" value="/usr/lib/jvm/java-1.8-openjdk/jre/lib/amd64"/>
    <property name="sun.java.command" value="/workdir/hadoop-ozone/integration-test/target/surefire/surefirebooter6267996259818530985.jar /workdir/hadoop-ozone/integration-test/target/surefire 2019-10-04T13-33-00_150-jvmRun1 surefire715682690216790334tmp surefire_201359372035475804018tmp"/>
    <property name="test" value="!TestMiniChaosOzoneCluster"/>
    <property name="surefire.test.class.path" value="/workdir/hadoop-ozone/integration-test/target/test-classes:/workdir/hadoop-ozone/integration-test/target/classes:/home/user/.m2/repository/org/apache/hadoop/hadoop-ozone-common/0.5.0-SNAPSHOT/hadoop-ozone-common-0.5.0-SNAPSHOT.jar:/home/user/.m2/repository/org/apache/commons/commons-compress/1.4.1/commons-compress-1.4.1.jar:/home/user/.m2/repository/org/tukaani/xz/1.0/xz-1.0.jar:/home/user/.m2/repository/org/apache/hadoop/hadoop-common/3.2.0/hadoop-common-3.2.0.jar:/home/user/.m2/repository/org/apache/hadoop/hadoop-hdfs/3.2.0/hadoop-hdfs-3.2.0.jar:/home/user/.m2/repository/org/apache/hadoop/hadoop-hdfs-client/3.2.0/hadoop-hdfs-client-3.2.0.jar:/home/user/.m2/repository/com/fasterxml/jackson/core/jackson-annotations/2.9.9/jackson-annotations-2.9.9.jar:/home/user/.m2/repository/org/apache/hadoop/hadoop-hdds-common/0.5.0-SNAPSHOT/hadoop-hdds-common-0.5.0-SNAPSHOT.jar:/home/user/.m2/repository/javax/annotation/javax.annotation-api/1.2/javax.annotation-api-1.2.jar:/home/user/.m2/repository/org/apache/ratis/ratis-server/0.5.0-201fc85-SNAPSHOT/ratis-server-0.5.0-201fc85-SNAPSHOT.jar:/home/user/.m2/repository/org/apache/ratis/ratis-thirdparty-misc/0.2.0/ratis-thirdparty-misc-0.2.0.jar:/home/user/.m2/repository/org/apache/ratis/ratis-proto/0.5.0-201fc85-SNAPSHOT/ratis-proto-0.5.0-201fc85-SNAPSHOT.jar:/home/user/.m2/repository/org/apache/ratis/ratis-common/0.5.0-201fc85-SNAPSHOT/ratis-common-0.5.0-201fc85-SNAPSHOT.jar:/home/user/.m2/repository/org/apache/ratis/ratis-client/0.5.0-201fc85-SNAPSHOT/ratis-client-0.5.0-201fc85-SNAPSHOT.jar:/home/user/.m2/repository/org/apache/ratis/ratis-metrics/0.5.0-201fc85-SNAPSHOT/ratis-metrics-0.5.0-201fc85-SNAPSHOT.jar:/home/user/.m2/repository/com/github/joshelser/dropwizard-metrics-hadoop-metrics2-reporter/0.1.2/dropwizard-metrics-hadoop-metrics2-reporter-0.1.2.jar:/home/user/.m2/repository/io/dropwizard/metrics/metrics-jvm/3.2.5/metrics-jvm-3.2.5.jar:/home/user/.m2/repository/io/dropwizard/metrics/metrics-ganglia/3.2.5/metrics-ganglia-3.2.5.jar:/home/user/.m2/repository/info/ganglia/gmetric4j/gmetric4j/1.0.7/gmetric4j-1.0.7.jar:/home/user/.m2/repository/org/apache/ratis/ratis-netty/0.5.0-201fc85-SNAPSHOT/ratis-netty-0.5.0-201fc85-SNAPSHOT.jar:/home/user/.m2/repository/org/apache/ratis/ratis-grpc/0.5.0-201fc85-SNAPSHOT/ratis-grpc-0.5.0-201fc85-SNAPSHOT.jar:/home/user/.m2/repository/org/rocksdb/rocksdbjni/6.0.1/rocksdbjni-6.0.1.jar:/home/user/.m2/repository/org/apache/logging/log4j/log4j-api/2.11.0/log4j-api-2.11.0.jar:/home/user/.m2/repository/org/apache/logging/log4j/log4j-core/2.11.0/log4j-core-2.11.0.jar:/home/user/.m2/repository/com/lmax/disruptor/3.4.2/disruptor-3.4.2.jar:/home/user/.m2/repository/org/apache/commons/commons-pool2/2.6.0/commons-pool2-2.6.0.jar:/home/user/.m2/repository/org/bouncycastle/bcpkix-jdk15on/1.60/bcpkix-jdk15on-1.60.jar:/home/user/.m2/repository/commons-validator/commons-validator/1.6/commons-validator-1.6.jar:/home/user/.m2/repository/commons-digester/commons-digester/1.8.1/commons-digester-1.8.1.jar:/home/user/.m2/repository/io/jaegertracing/jaeger-client/0.34.0/jaeger-client-0.34.0.jar:/home/user/.m2/repository/io/jaegertracing/jaeger-thrift/0.34.0/jaeger-thrift-0.34.0.jar:/home/user/.m2/repository/org/apache/thrift/libthrift/0.12.0/libthrift-0.12.0.jar:/home/user/.m2/repository/com/squareup/okhttp3/okhttp/3.9.0/okhttp-3.9.0.jar:/home/user/.m2/repository/com/squareup/okio/okio/1.13.0/okio-1.13.0.jar:/home/user/.m2/repository/io/jaegertracing/jaeger-core/0.34.0/jaeger-core-0.34.0.jar:/home/user/.m2/repository/io/jaegertracing/jaeger-tracerresolver/0.34.0/jaeger-tracerresolver-0.34.0.jar:/home/user/.m2/repository/io/opentracing/contrib/opentracing-tracerresolver/0.1.5/opentracing-tracerresolver-0.1.5.jar:/home/user/.m2/repository/io/opentracing/opentracing-util/0.31.0/opentracing-util-0.31.0.jar:/home/user/.m2/repository/io/opentracing/opentracing-api/0.31.0/opentracing-api-0.31.0.jar:/home/user/.m2/repository/io/opentracing/opentracing-noop/0.31.0/opentracing-noop-0.31.0.jar:/home/user/.m2/repository/org/apache/hadoop/hadoop-hdds-server-framework/0.5.0-SNAPSHOT/hadoop-hdds-server-framework-0.5.0-SNAPSHOT.jar:/home/user/.m2/repository/org/apache/hadoop/hadoop-hdds-container-service/0.5.0-SNAPSHOT/hadoop-hdds-container-service-0.5.0-SNAPSHOT.jar:/home/user/.m2/repository/org/apache/hadoop/hadoop-hdds-client/0.5.0-SNAPSHOT/hadoop-hdds-client-0.5.0-SNAPSHOT.jar:/home/user/.m2/repository/org/apache/hadoop/hadoop-hdds-tools/0.5.0-SNAPSHOT/hadoop-hdds-tools-0.5.0-SNAPSHOT.jar:/home/user/.m2/repository/org/apache/hadoop/hadoop-hdds-server-scm/0.5.0-SNAPSHOT/hadoop-hdds-server-scm-0.5.0-SNAPSHOT.jar:/home/user/.m2/repository/org/apache/hadoop/hadoop-hdds-docs/0.5.0-SNAPSHOT/hadoop-hdds-docs-0.5.0-SNAPSHOT.jar:/home/user/.m2/repository/io/dropwizard/metrics/metrics-core/3.2.4/metrics-core-3.2.4.jar:/home/user/.m2/repository/org/hamcrest/hamcrest-all/1.3/hamcrest-all-1.3.jar:/home/user/.m2/repository/org/bouncycastle/bcprov-jdk15on/1.60/bcprov-jdk15on-1.60.jar:/home/user/.m2/repository/info/picocli/picocli/3.9.6/picocli-3.9.6.jar:/home/user/.m2/repository/com/google/protobuf/protobuf-java/2.5.0/protobuf-java-2.5.0.jar:/home/user/.m2/repository/com/google/guava/guava/11.0.2/guava-11.0.2.jar:/home/user/.m2/repository/org/apache/hadoop/hadoop-ozone-ozone-manager/0.5.0-SNAPSHOT/hadoop-ozone-ozone-manager-0.5.0-SNAPSHOT.jar:/home/user/.m2/repository/org/apache/hadoop/hadoop-minikdc/3.2.0/hadoop-minikdc-3.2.0.jar:/home/user/.m2/repository/commons-io/commons-io/2.5/commons-io-2.5.jar:/home/user/.m2/repository/org/apache/kerby/kerb-simplekdc/1.0.1/kerb-simplekdc-1.0.1.jar:/home/user/.m2/repository/org/apache/kerby/kerb-client/1.0.1/kerb-client-1.0.1.jar:/home/user/.m2/repository/org/apache/kerby/kerby-config/1.0.1/kerby-config-1.0.1.jar:/home/user/.m2/repository/org/apache/kerby/kerb-core/1.0.1/kerb-core-1.0.1.jar:/home/user/.m2/repository/org/apache/kerby/kerby-pkix/1.0.1/kerby-pkix-1.0.1.jar:/home/user/.m2/repository/org/apache/kerby/kerby-asn1/1.0.1/kerby-asn1-1.0.1.jar:/home/user/.m2/repository/org/apache/kerby/kerby-util/1.0.1/kerby-util-1.0.1.jar:/home/user/.m2/repository/org/apache/kerby/kerb-common/1.0.1/kerb-common-1.0.1.jar:/home/user/.m2/repository/org/apache/kerby/kerb-crypto/1.0.1/kerb-crypto-1.0.1.jar:/home/user/.m2/repository/org/apache/kerby/kerb-util/1.0.1/kerb-util-1.0.1.jar:/home/user/.m2/repository/org/apache/kerby/token-provider/1.0.1/token-provider-1.0.1.jar:/home/user/.m2/repository/org/apache/kerby/kerb-admin/1.0.1/kerb-admin-1.0.1.jar:/home/user/.m2/repository/org/apache/kerby/kerb-server/1.0.1/kerb-server-1.0.1.jar:/home/user/.m2/repository/org/apache/kerby/kerb-identity/1.0.1/kerb-identity-1.0.1.jar:/home/user/.m2/repository/org/apache/kerby/kerby-xdr/1.0.1/kerby-xdr-1.0.1.jar:/home/user/.m2/repository/org/slf4j/slf4j-log4j12/1.7.25/slf4j-log4j12-1.7.25.jar:/home/user/.m2/repository/org/apache/hadoop/hadoop-ozone-s3gateway/0.5.0-SNAPSHOT/hadoop-ozone-s3gateway-0.5.0-SNAPSHOT.jar:/home/user/.m2/repository/org/jboss/weld/servlet/weld-servlet/2.4.7.Final/weld-servlet-2.4.7.Final.jar:/home/user/.m2/repository/org/glassfish/jersey/containers/jersey-container-servlet-core/2.27/jersey-container-servlet-core-2.27.jar:/home/user/.m2/repository/org/glassfish/hk2/external/javax.inject/2.5.0-b42/javax.inject-2.5.0-b42.jar:/home/user/.m2/repository/org/glassfish/jersey/core/jersey-common/2.27/jersey-common-2.27.jar:/home/user/.m2/repository/org/glassfish/hk2/osgi-resource-locator/1.0.1/osgi-resource-locator-1.0.1.jar:/home/user/.m2/repository/javax/ws/rs/javax.ws.rs-api/2.1/javax.ws.rs-api-2.1.jar:/home/user/.m2/repository/org/glassfish/jersey/ext/cdi/jersey-cdi1x/2.27/jersey-cdi1x-2.27.jar:/home/user/.m2/repository/org/glassfish/jersey/inject/jersey-hk2/2.27/jersey-hk2-2.27.jar:/home/user/.m2/repository/org/glassfish/hk2/hk2-locator/2.5.0-b42/hk2-locator-2.5.0-b42.jar:/home/user/.m2/repository/org/javassist/javassist/3.22.0-CR2/javassist-3.22.0-CR2.jar:/home/user/.m2/repository/org/glassfish/hk2/hk2-api/2.5.0/hk2-api-2.5.0.jar:/home/user/.m2/repository/org/glassfish/hk2/external/jakarta.inject/2.5.0/jakarta.inject-2.5.0.jar:/home/user/.m2/repository/org/glassfish/hk2/hk2-utils/2.5.0/hk2-utils-2.5.0.jar:/home/user/.m2/repository/jakarta/annotation/jakarta.annotation-api/1.3.4/jakarta.annotation-api-1.3.4.jar:/home/user/.m2/repository/org/glassfish/hk2/external/aopalliance-repackaged/2.5.0/aopalliance-repackaged-2.5.0.jar:/home/user/.m2/repository/com/fasterxml/jackson/dataformat/jackson-dataformat-xml/2.9.0/jackson-dataformat-xml-2.9.0.jar:/home/user/.m2/repository/com/fasterxml/jackson/core/jackson-core/2.9.9/jackson-core-2.9.9.jar:/home/user/.m2/repository/com/fasterxml/jackson/module/jackson-module-jaxb-annotations/2.9.9/jackson-module-jaxb-annotations-2.9.9.jar:/home/user/.m2/repository/javax/enterprise/cdi-api/1.2/cdi-api-1.2.jar:/home/user/.m2/repository/javax/el/javax.el-api/3.0.0/javax.el-api-3.0.0.jar:/home/user/.m2/repository/javax/interceptor/javax.interceptor-api/1.2/javax.interceptor-api-1.2.jar:/home/user/.m2/repository/javax/inject/javax.inject/1/javax.inject-1.jar:/home/user/.m2/repository/com/sun/xml/bind/jaxb-impl/2.3.0.1/jaxb-impl-2.3.0.1.jar:/home/user/.m2/repository/com/sun/xml/bind/jaxb-core/2.3.0.1/jaxb-core-2.3.0.1.jar:/home/user/.m2/repository/javax/xml/bind/jaxb-api/2.3.0/jaxb-api-2.3.0.jar:/home/user/.m2/repository/javax/activation/activation/1.1.1/activation-1.1.1.jar:/home/user/.m2/repository/org/apache/hadoop/hadoop-ozone-csi/0.5.0-SNAPSHOT/hadoop-ozone-csi-0.5.0-SNAPSHOT.jar:/home/user/.m2/repository/com/google/protobuf/protobuf-java-util/3.5.1/protobuf-java-util-3.5.1.jar:/home/user/.m2/repository/org/apache/hadoop/hadoop-hdds-config/0.5.0-SNAPSHOT/hadoop-hdds-config-0.5.0-SNAPSHOT.jar:/home/user/.m2/repository/io/grpc/grpc-netty/1.17.1/grpc-netty-1.17.1.jar:/home/user/.m2/repository/io/grpc/grpc-core/1.17.1/grpc-core-1.17.1.jar:/home/user/.m2/repository/io/grpc/grpc-context/1.17.1/grpc-context-1.17.1.jar:/home/user/.m2/repository/com/google/errorprone/error_prone_annotations/2.2.0/error_prone_annotations-2.2.0.jar:/home/user/.m2/repository/org/codehaus/mojo/animal-sniffer-annotations/1.17/animal-sniffer-annotations-1.17.jar:/home/user/.m2/repository/io/opencensus/opencensus-api/0.17.0/opencensus-api-0.17.0.jar:/home/user/.m2/repository/io/opencensus/opencensus-contrib-grpc-metrics/0.17.0/opencensus-contrib-grpc-metrics-0.17.0.jar:/home/user/.m2/repository/io/netty/netty-codec-http2/4.1.30.Final/netty-codec-http2-4.1.30.Final.jar:/home/user/.m2/repository/io/netty/netty-codec-http/4.1.30.Final/netty-codec-http-4.1.30.Final.jar:/home/user/.m2/repository/io/netty/netty-codec/4.1.30.Final/netty-codec-4.1.30.Final.jar:/home/user/.m2/repository/io/netty/netty-handler/4.1.30.Final/netty-handler-4.1.30.Final.jar:/home/user/.m2/repository/io/netty/netty-handler-proxy/4.1.30.Final/netty-handler-proxy-4.1.30.Final.jar:/home/user/.m2/repository/io/netty/netty-codec-socks/4.1.30.Final/netty-codec-socks-4.1.30.Final.jar:/home/user/.m2/repository/io/netty/netty-transport-native-epoll/4.1.30.Final/netty-transport-native-epoll-4.1.30.Final.jar:/home/user/.m2/repository/io/netty/netty-common/4.1.30.Final/netty-common-4.1.30.Final.jar:/home/user/.m2/repository/io/netty/netty-buffer/4.1.30.Final/netty-buffer-4.1.30.Final.jar:/home/user/.m2/repository/io/netty/netty-transport/4.1.30.Final/netty-transport-4.1.30.Final.jar:/home/user/.m2/repository/io/netty/netty-resolver/4.1.30.Final/netty-resolver-4.1.30.Final.jar:/home/user/.m2/repository/io/netty/netty-transport-native-unix-common/4.1.30.Final/netty-transport-native-unix-common-4.1.30.Final.jar:/home/user/.m2/repository/io/grpc/grpc-protobuf/1.17.1/grpc-protobuf-1.17.1.jar:/home/user/.m2/repository/com/google/api/grpc/proto-google-common-protos/1.0.0/proto-google-common-protos-1.0.0.jar:/home/user/.m2/repository/io/grpc/grpc-protobuf-lite/1.17.1/grpc-protobuf-lite-1.17.1.jar:/home/user/.m2/repository/io/grpc/grpc-stub/1.17.1/grpc-stub-1.17.1.jar:/home/user/.m2/repository/org/apache/hadoop/hadoop-ozone-recon/0.5.0-SNAPSHOT/hadoop-ozone-recon-0.5.0-SNAPSHOT.jar:/home/user/.m2/repository/org/apache/hadoop/hadoop-ozone-reconcodegen/0.5.0-SNAPSHOT/hadoop-ozone-reconcodegen-0.5.0-SNAPSHOT.jar:/home/user/.m2/repository/com/google/inject/extensions/guice-multibindings/4.0/guice-multibindings-4.0.jar:/home/user/.m2/repository/com/google/inject/guice/4.0/guice-4.0.jar:/home/user/.m2/repository/aopalliance/aopalliance/1.0/aopalliance-1.0.jar:/home/user/.m2/repository/com/google/inject/extensions/guice-servlet/4.0/guice-servlet-4.0.jar:/home/user/.m2/repository/org/glassfish/jersey/containers/jersey-container-servlet/2.27/jersey-container-servlet-2.27.jar:/home/user/.m2/repository/org/glassfish/hk2/guice-bridge/2.5.0/guice-bridge-2.5.0.jar:/home/user/.m2/repository/org/glassfish/jersey/core/jersey-server/2.27/jersey-server-2.27.jar:/home/user/.m2/repository/org/glassfish/jersey/core/jersey-client/2.27/jersey-client-2.27.jar:/home/user/.m2/repository/org/glassfish/jersey/media/jersey-media-jaxb/2.27/jersey-media-jaxb-2.27.jar:/home/user/.m2/repository/javax/validation/validation-api/1.1.0.Final/validation-api-1.1.0.Final.jar:/home/user/.m2/repository/org/glassfish/jersey/media/jersey-media-json-jackson/2.27/jersey-media-json-jackson-2.27.jar:/home/user/.m2/repository/org/glassfish/jersey/ext/jersey-entity-filtering/2.27/jersey-entity-filtering-2.27.jar:/home/user/.m2/repository/com/google/inject/extensions/guice-assistedinject/4.0/guice-assistedinject-4.0.jar:/home/user/.m2/repository/org/jooq/jooq/3.11.10/jooq-3.11.10.jar:/home/user/.m2/repository/org/jooq/jooq-meta/3.11.10/jooq-meta-3.11.10.jar:/home/user/.m2/repository/org/jooq/jooq-codegen/3.11.10/jooq-codegen-3.11.10.jar:/home/user/.m2/repository/com/jolbox/bonecp/0.8.0.RELEASE/bonecp-0.8.0.RELEASE.jar:/home/user/.m2/repository/org/xerial/sqlite-jdbc/3.25.2/sqlite-jdbc-3.25.2.jar:/home/user/.m2/repository/org/springframework/spring-jdbc/5.1.3.RELEASE/spring-jdbc-5.1.3.RELEASE.jar:/home/user/.m2/repository/org/springframework/spring-beans/5.1.3.RELEASE/spring-beans-5.1.3.RELEASE.jar:/home/user/.m2/repository/org/springframework/spring-core/5.1.3.RELEASE/spring-core-5.1.3.RELEASE.jar:/home/user/.m2/repository/org/springframework/spring-jcl/5.1.3.RELEASE/spring-jcl-5.1.3.RELEASE.jar:/home/user/.m2/repository/org/springframework/spring-tx/5.1.3.RELEASE/spring-tx-5.1.3.RELEASE.jar:/home/user/.m2/repository/org/apache/hadoop/hadoop-ozone-client/0.5.0-SNAPSHOT/hadoop-ozone-client-0.5.0-SNAPSHOT.jar:/home/user/.m2/repository/commons-lang/commons-lang/2.6/commons-lang-2.6.jar:/home/user/.m2/repository/org/apache/hadoop/hadoop-ozone-ozone-manager/0.5.0-SNAPSHOT/hadoop-ozone-ozone-manager-0.5.0-SNAPSHOT-tests.jar:/home/user/.m2/repository/junit/junit/4.11/junit-4.11.jar:/home/user/.m2/repository/org/hamcrest/hamcrest-core/1.3/hamcrest-core-1.3.jar:/home/user/.m2/repository/org/openjdk/jmh/jmh-core/1.19/jmh-core-1.19.jar:/home/user/.m2/repository/net/sf/jopt-simple/jopt-simple/4.6/jopt-simple-4.6.jar:/home/user/.m2/repository/org/apache/commons/commons-math3/3.1.1/commons-math3-3.1.1.jar:/home/user/.m2/repository/org/openjdk/jmh/jmh-generator-annprocess/1.19/jmh-generator-annprocess-1.19.jar:/home/user/.m2/repository/org/mockito/mockito-all/1.8.5/mockito-all-1.8.5.jar:/home/user/.m2/repository/org/apache/hadoop/hadoop-kms/3.2.0/hadoop-kms-3.2.0.jar:/home/user/.m2/repository/org/apache/hadoop/hadoop-auth/3.2.0/hadoop-auth-3.2.0.jar:/home/user/.m2/repository/com/nimbusds/nimbus-jose-jwt/4.41.1/nimbus-jose-jwt-4.41.1.jar:/home/user/.m2/repository/com/github/stephenc/jcip/jcip-annotations/1.0-1/jcip-annotations-1.0-1.jar:/home/user/.m2/repository/net/minidev/json-smart/2.3/json-smart-2.3.jar:/home/user/.m2/repository/net/minidev/accessors-smart/1.2/accessors-smart-1.2.jar:/home/user/.m2/repository/org/ow2/asm/asm/5.0.4/asm-5.0.4.jar:/home/user/.m2/repository/org/apache/curator/curator-framework/2.12.0/curator-framework-2.12.0.jar:/home/user/.m2/repository/com/sun/jersey/jersey-core/1.19/jersey-core-1.19.jar:/home/user/.m2/repository/javax/ws/rs/jsr311-api/1.1.1/jsr311-api-1.1.1.jar:/home/user/.m2/repository/com/sun/jersey/jersey-server/1.19/jersey-server-1.19.jar:/home/user/.m2/repository/javax/servlet/javax.servlet-api/3.1.0/javax.servlet-api-3.1.0.jar:/home/user/.m2/repository/org/eclipse/jetty/jetty-server/9.3.25.v20180904/jetty-server-9.3.25.v20180904.jar:/home/user/.m2/repository/org/eclipse/jetty/jetty-http/9.3.25.v20180904/jetty-http-9.3.25.v20180904.jar:/home/user/.m2/repository/org/eclipse/jetty/jetty-io/9.3.25.v20180904/jetty-io-9.3.25.v20180904.jar:/home/user/.m2/repository/org/eclipse/jetty/jetty-webapp/9.3.25.v20180904/jetty-webapp-9.3.25.v20180904.jar:/home/user/.m2/repository/org/eclipse/jetty/jetty-xml/9.3.25.v20180904/jetty-xml-9.3.25.v20180904.jar:/home/user/.m2/repository/log4j/log4j/1.2.17/log4j-1.2.17.jar:/home/user/.m2/repository/org/slf4j/slf4j-api/1.7.25/slf4j-api-1.7.25.jar:/home/user/.m2/repository/org/slf4j/jul-to-slf4j/1.7.25/jul-to-slf4j-1.7.25.jar:/home/user/.m2/repository/org/eclipse/jetty/jetty-util/9.3.25.v20180904/jetty-util-9.3.25.v20180904.jar:/home/user/.m2/repository/com/fasterxml/jackson/core/jackson-databind/2.9.9/jackson-databind-2.9.9.jar:/home/user/.m2/repository/org/apache/hadoop/hadoop-kms/3.2.0/hadoop-kms-3.2.0-tests.jar:/home/user/.m2/repository/org/apache/hadoop/hadoop-hdds-server-scm/0.5.0-SNAPSHOT/hadoop-hdds-server-scm-0.5.0-SNAPSHOT-tests.jar:/home/user/.m2/repository/org/apache/hadoop/hadoop-hdds-container-service/0.5.0-SNAPSHOT/hadoop-hdds-container-service-0.5.0-SNAPSHOT-tests.jar:/home/user/.m2/repository/org/yaml/snakeyaml/1.16/snakeyaml-1.16.jar:/home/user/.m2/repository/org/apache/hadoop/hadoop-common/3.2.0/hadoop-common-3.2.0-tests.jar:/home/user/.m2/repository/org/apache/hadoop/hadoop-annotations/3.2.0/hadoop-annotations-3.2.0.jar:/usr/lib/jvm/java-1.8-openjdk/jre/../lib/tools.jar:/home/user/.m2/repository/commons-cli/commons-cli/1.2/commons-cli-1.2.jar:/home/user/.m2/repository/org/apache/httpcomponents/httpclient/4.5.2/httpclient-4.5.2.jar:/home/user/.m2/repository/org/apache/httpcomponents/httpcore/4.4.4/httpcore-4.4.4.jar:/home/user/.m2/repository/commons-codec/commons-codec/1.11/commons-codec-1.11.jar:/home/user/.m2/repository/commons-net/commons-net/3.6/commons-net-3.6.jar:/home/user/.m2/repository/commons-collections/commons-collections/3.2.2/commons-collections-3.2.2.jar:/home/user/.m2/repository/org/eclipse/jetty/jetty-servlet/9.3.25.v20180904/jetty-servlet-9.3.25.v20180904.jar:/home/user/.m2/repository/org/eclipse/jetty/jetty-security/9.3.25.v20180904/jetty-security-9.3.25.v20180904.jar:/home/user/.m2/repository/javax/servlet/jsp/jsp-api/2.1/jsp-api-2.1.jar:/home/user/.m2/repository/com/sun/jersey/jersey-servlet/1.19/jersey-servlet-1.19.jar:/home/user/.m2/repository/com/sun/jersey/jersey-json/1.19/jersey-json-1.19.jar:/home/user/.m2/repository/org/codehaus/jettison/jettison/1.1/jettison-1.1.jar:/home/user/.m2/repository/org/codehaus/jackson/jackson-core-asl/1.9.13/jackson-core-asl-1.9.13.jar:/home/user/.m2/repository/org/codehaus/jackson/jackson-mapper-asl/1.9.13/jackson-mapper-asl-1.9.13.jar:/home/user/.m2/repository/org/codehaus/jackson/jackson-jaxrs/1.9.13/jackson-jaxrs-1.9.13.jar:/home/user/.m2/repository/org/codehaus/jackson/jackson-xc/1.9.13/jackson-xc-1.9.13.jar:/home/user/.m2/repository/commons-logging/commons-logging/1.1.3/commons-logging-1.1.3.jar:/home/user/.m2/repository/commons-beanutils/commons-beanutils/1.9.4/commons-beanutils-1.9.4.jar:/home/user/.m2/repository/org/apache/commons/commons-configuration2/2.1.1/commons-configuration2-2.1.1.jar:/home/user/.m2/repository/org/apache/commons/commons-lang3/3.7/commons-lang3-3.7.jar:/home/user/.m2/repository/org/apache/commons/commons-text/1.4/commons-text-1.4.jar:/home/user/.m2/repository/org/apache/avro/avro/1.7.7/avro-1.7.7.jar:/home/user/.m2/repository/com/thoughtworks/paranamer/paranamer/2.3/paranamer-2.3.jar:/home/user/.m2/repository/org/xerial/snappy/snappy-java/1.0.5/snappy-java-1.0.5.jar:/home/user/.m2/repository/com/google/re2j/re2j/1.1/re2j-1.1.jar:/home/user/.m2/repository/com/google/code/gson/gson/2.2.4/gson-2.2.4.jar:/home/user/.m2/repository/com/jcraft/jsch/0.1.54/jsch-0.1.54.jar:/home/user/.m2/repository/org/apache/curator/curator-client/2.12.0/curator-client-2.12.0.jar:/home/user/.m2/repository/org/apache/curator/curator-recipes/2.12.0/curator-recipes-2.12.0.jar:/home/user/.m2/repository/com/google/code/findbugs/jsr305/3.0.0/jsr305-3.0.0.jar:/home/user/.m2/repository/org/apache/htrace/htrace-core4/4.1.0-incubating/htrace-core4-4.1.0-incubating.jar:/home/user/.m2/repository/org/apache/zookeeper/zookeeper/3.4.13/zookeeper-3.4.13.jar:/home/user/.m2/repository/jline/jline/0.9.94/jline-0.9.94.jar:/home/user/.m2/repository/org/apache/yetus/audience-annotations/0.5.0/audience-annotations-0.5.0.jar:/home/user/.m2/repository/org/codehaus/woodstox/stax2-api/3.1.4/stax2-api-3.1.4.jar:/home/user/.m2/repository/com/fasterxml/woodstox/woodstox-core/5.0.3/woodstox-core-5.0.3.jar:/home/user/.m2/repository/dnsjava/dnsjava/2.1.7/dnsjava-2.1.7.jar:/home/user/.m2/repository/org/apache/hadoop/hadoop-hdfs/3.2.0/hadoop-hdfs-3.2.0-tests.jar:/home/user/.m2/repository/org/eclipse/jetty/jetty-util-ajax/9.3.25.v20180904/jetty-util-ajax-9.3.25.v20180904.jar:/home/user/.m2/repository/commons-daemon/commons-daemon/1.0.13/commons-daemon-1.0.13.jar:/home/user/.m2/repository/io/netty/netty/3.10.5.Final/netty-3.10.5.Final.jar:/home/user/.m2/repository/io/netty/netty-all/4.0.52.Final/netty-all-4.0.52.Final.jar:/home/user/.m2/repository/org/fusesource/leveldbjni/leveldbjni-all/1.8/leveldbjni-all-1.8.jar:"/>
    <property name="sun.cpu.endian" value="little"/>
    <property name="user.home" value="/home/user"/>
    <property name="user.language" value="en"/>
    <property name="java.specification.vendor" value="Oracle Corporation"/>
    <property name="java.home" value="/usr/lib/jvm/java-1.8-openjdk/jre"/>
    <property name="java.security.krb5.conf" value="/workdir/hadoop-ozone/integration-test/target/test-classes/krb5.conf"/>
    <property name="basedir" value="/workdir/hadoop-ozone/integration-test"/>
    <property name="file.separator" value="/"/>
    <property name="line.separator" value="&#10;"/>
    <property name="java.vm.specification.vendor" value="Oracle Corporation"/>
    <property name="java.specification.name" value="Java Platform API Specification"/>
    <property name="java.awt.graphicsenv" value="sun.awt.X11GraphicsEnvironment"/>
    <property name="surefire.real.class.path" value="/workdir/hadoop-ozone/integration-test/target/surefire/surefirebooter6267996259818530985.jar"/>
    <property name="hadoop.log.dir" value="/workdir/hadoop-ozone/integration-test/target/log"/>
    <property name="sun.boot.class.path" value="/usr/lib/jvm/java-1.8-openjdk/jre/lib/resources.jar:/usr/lib/jvm/java-1.8-openjdk/jre/lib/rt.jar:/usr/lib/jvm/java-1.8-openjdk/jre/lib/sunrsasign.jar:/usr/lib/jvm/java-1.8-openjdk/jre/lib/jsse.jar:/usr/lib/jvm/java-1.8-openjdk/jre/lib/jce.jar:/usr/lib/jvm/java-1.8-openjdk/jre/lib/charsets.jar:/usr/lib/jvm/java-1.8-openjdk/jre/lib/jfr.jar:/usr/lib/jvm/java-1.8-openjdk/jre/classes"/>
    <property name="sun.management.compiler" value="HotSpot 64-Bit Tiered Compilers"/>
    <property name="java.runtime.version" value="1.8.0_212-b04"/>
    <property name="java.net.preferIPv4Stack" value="true"/>
    <property name="user.name" value="jenkins1000"/>
    <property name="path.separator" value=":"/>
    <property name="java.security.egd" value="file:///dev/urandom"/>
    <property name="os.version" value="3.10.0-957.12.2.el7.x86_64"/>
    <property name="java.endorsed.dirs" value="/usr/lib/jvm/java-1.8-openjdk/jre/lib/endorsed"/>
    <property name="java.runtime.name" value="OpenJDK Runtime Environment"/>
    <property name="file.encoding" value="UTF-8"/>
    <property name="java.vm.name" value="OpenJDK 64-Bit Server VM"/>
    <property name="test.build.webapps" value=""/>
    <property name="localRepository" value="/home/user/.m2/repository"/>
    <property name="java.vendor.url.bug" value="https://icedtea.classpath.org/bugzilla"/>
    <property name="java.io.tmpdir" value="/tmp"/>
    <property name="require.test.libhadoop" value=""/>
    <property name="java.version" value="1.8.0_212"/>
    <property name="user.dir" value="/workdir/hadoop-ozone/integration-test"/>
    <property name="os.arch" value="amd64"/>
    <property name="java.vm.specification.name" value="Java Virtual Machine Specification"/>
    <property name="test.build.classes" value="/workdir/hadoop-ozone/integration-test/target/test-classes"/>
    <property name="java.awt.printerjob" value="sun.print.PSPrinterJob"/>
    <property name="sun.os.patch.level" value="unknown"/>
    <property name="hadoop.tmp.dir" value="/workdir/hadoop-ozone/integration-test/target/tmp"/>
    <property name="java.library.path" value="/usr/lib/jvm/java-1.8-openjdk/jre/lib/amd64/server:/usr/lib/jvm/java-1.8-openjdk/jre/lib/amd64:/usr/lib/jvm/java-1.8-openjdk/jre/../lib/amd64:/workdir/hadoop-ozone/integration-test/target/native/target/usr/local/lib:/workdir/hadoop-ozone/integration-test/../../hadoop-common-project/hadoop-common/target/native/target/usr/local/lib:/usr/java/packages/lib/amd64:/usr/lib64:/lib64:/lib:/usr/lib"/>
    <property name="java.vm.info" value="mixed mode"/>
    <property name="java.vendor" value="IcedTea"/>
    <property name="java.vm.version" value="25.212-b04"/>
    <property name="java.ext.dirs" value="/usr/lib/jvm/java-1.8-openjdk/jre/lib/ext:/usr/java/packages/lib/ext"/>
    <property name="sun.io.unicode.encoding" value="UnicodeLittle"/>
    <property name="java.class.version" value="52.0"/>
  </properties>
  <testcase name="testWatchForCommitWithKeyWrite" classname="org.apache.hadoop.ozone.client.rpc.TestWatchForCommit" time="60.834"/>
  <testcase name="testWatchForCommitWithSmallerTimeoutValue" classname="org.apache.hadoop.ozone.client.rpc.TestWatchForCommit" time="48.077"/>
  <testcase name="testWatchForCommitForRetryfailure" classname="org.apache.hadoop.ozone.client.rpc.TestWatchForCommit" time="62.335">
    <failure type="java.lang.AssertionError">java.lang.AssertionError
	at org.junit.Assert.fail(Assert.java:86)
	at org.junit.Assert.assertTrue(Assert.java:41)
	at org.junit.Assert.assertTrue(Assert.java:52)
	at org.apache.hadoop.ozone.client.rpc.TestWatchForCommit.testWatchForCommitForRetryfailure(TestWatchForCommit.java:348)
	at sun.reflect.NativeMethodAccessorImpl.invoke0(Native Method)
	at sun.reflect.NativeMethodAccessorImpl.invoke(NativeMethodAccessorImpl.java:62)
	at sun.reflect.DelegatingMethodAccessorImpl.invoke(DelegatingMethodAccessorImpl.java:43)
	at java.lang.reflect.Method.invoke(Method.java:498)
	at org.junit.runners.model.FrameworkMethod$1.runReflectiveCall(FrameworkMethod.java:47)
	at org.junit.internal.runners.model.ReflectiveCallable.run(ReflectiveCallable.java:12)
	at org.junit.runners.model.FrameworkMethod.invokeExplosively(FrameworkMethod.java:44)
	at org.junit.internal.runners.statements.InvokeMethod.evaluate(InvokeMethod.java:17)
	at org.junit.runners.ParentRunner.runLeaf(ParentRunner.java:271)
	at org.junit.runners.BlockJUnit4ClassRunner.runChild(BlockJUnit4ClassRunner.java:70)
	at org.junit.runners.BlockJUnit4ClassRunner.runChild(BlockJUnit4ClassRunner.java:50)
	at org.junit.runners.ParentRunner$3.run(ParentRunner.java:238)
	at org.junit.runners.ParentRunner$1.schedule(ParentRunner.java:63)
	at org.junit.runners.ParentRunner.runChildren(ParentRunner.java:236)
	at org.junit.runners.ParentRunner.access$000(ParentRunner.java:53)
	at org.junit.runners.ParentRunner$2.evaluate(ParentRunner.java:229)
	at org.junit.runners.ParentRunner.run(ParentRunner.java:309)
	at org.apache.maven.surefire.junit4.JUnit4Provider.execute(JUnit4Provider.java:365)
	at org.apache.maven.surefire.junit4.JUnit4Provider.executeWithRerun(JUnit4Provider.java:273)
	at org.apache.maven.surefire.junit4.JUnit4Provider.executeTestSet(JUnit4Provider.java:238)
	at org.apache.maven.surefire.junit4.JUnit4Provider.invoke(JUnit4Provider.java:159)
	at org.apache.maven.surefire.booter.ForkedBooter.invokeProviderInSameClassLoader(ForkedBooter.java:384)
	at org.apache.maven.surefire.booter.ForkedBooter.runSuitesInProcess(ForkedBooter.java:345)
	at org.apache.maven.surefire.booter.ForkedBooter.execute(ForkedBooter.java:126)
	at org.apache.maven.surefire.booter.ForkedBooter.main(ForkedBooter.java:418)
</failure>
    <system-out><![CDATA[2019-10-04 13:50:35,634 [main] WARN  server.ServerUtils (ServerUtils.java:getScmDbDir(145)) - ozone.scm.db.dirs is not configured. We recommend adding this setting. Falling back to ozone.metadata.dirs instead.
2019-10-04 13:50:35,660 [main] WARN  server.ServerUtils (ServerUtils.java:getScmDbDir(145)) - ozone.scm.db.dirs is not configured. We recommend adding this setting. Falling back to ozone.metadata.dirs instead.
2019-10-04 13:50:35,660 [main] WARN  server.ServerUtils (ServerUtils.java:getScmDbDir(145)) - ozone.scm.db.dirs is not configured. We recommend adding this setting. Falling back to ozone.metadata.dirs instead.
2019-10-04 13:50:35,661 [main] INFO  db.DBStoreBuilder (DBStoreBuilder.java:addTable(117)) - using custom profile for table: deletedBlocks
2019-10-04 13:50:35,661 [main] INFO  db.DBStoreBuilder (DBStoreBuilder.java:processTables(168)) - Using default column profile:DBProfile.DISK for Table:deletedBlocks
2019-10-04 13:50:35,661 [main] INFO  db.DBStoreBuilder (DBStoreBuilder.java:addTable(117)) - using custom profile for table: validCerts
2019-10-04 13:50:35,661 [main] INFO  db.DBStoreBuilder (DBStoreBuilder.java:processTables(168)) - Using default column profile:DBProfile.DISK for Table:validCerts
2019-10-04 13:50:35,661 [main] INFO  db.DBStoreBuilder (DBStoreBuilder.java:addTable(117)) - using custom profile for table: revokedCerts
2019-10-04 13:50:35,662 [main] INFO  db.DBStoreBuilder (DBStoreBuilder.java:processTables(168)) - Using default column profile:DBProfile.DISK for Table:revokedCerts
2019-10-04 13:50:35,662 [main] INFO  db.DBStoreBuilder (DBStoreBuilder.java:addTable(117)) - using custom profile for table: default
2019-10-04 13:50:35,662 [main] INFO  db.DBStoreBuilder (DBStoreBuilder.java:processTables(174)) - Using default column profile:DBProfile.DISK for Table:default
2019-10-04 13:50:35,662 [main] INFO  db.DBStoreBuilder (DBStoreBuilder.java:getDbProfile(205)) - Using default options. DBProfile.DISK
2019-10-04 13:50:35,883 [main] INFO  net.NodeSchemaLoader (NodeSchemaLoader.java:loadSchemaFromFile(125)) - Loading file from sun.misc.CompoundEnumeration@250b5e5b
2019-10-04 13:50:35,883 [main] INFO  net.NodeSchemaLoader (NodeSchemaLoader.java:loadSchema(171)) - Loading network topology layer schema file
2019-10-04 13:50:35,889 [main] WARN  server.ServerUtils (ServerUtils.java:sanitizeUserArgs(70)) - ozone.scm.stale.node.interval value = 300000 is larger than max = 100000 based on the key value of ozone.scm.heartbeat.thread.interval, reset to the max value 100000.
2019-10-04 13:50:35,890 [main] WARN  server.ServerUtils (ServerUtils.java:sanitizeUserArgs(70)) - ozone.scm.stale.node.interval value = 300000 is larger than max = 100000 based on the key value of ozone.scm.heartbeat.thread.interval, reset to the max value 100000.
2019-10-04 13:50:35,890 [main] INFO  node.SCMNodeManager (SCMNodeManager.java:<init>(116)) - Entering startup safe mode.
2019-10-04 13:50:35,891 [main] INFO  algorithms.ContainerPlacementPolicyFactory (ContainerPlacementPolicyFactory.java:getPolicy(57)) - Create container placement policy of type org.apache.hadoop.hdds.scm.container.placement.algorithms.SCMContainerPlacementRandom
2019-10-04 13:50:35,891 [main] WARN  server.ServerUtils (ServerUtils.java:getScmDbDir(145)) - ozone.scm.db.dirs is not configured. We recommend adding this setting. Falling back to ozone.metadata.dirs instead.
2019-10-04 13:50:35,998 [main] INFO  pipeline.SCMPipelineManager (SCMPipelineManager.java:initializePipelineState(132)) - No pipeline exists in current db
2019-10-04 13:50:35,998 [main] WARN  server.ServerUtils (ServerUtils.java:getScmDbDir(145)) - ozone.scm.db.dirs is not configured. We recommend adding this setting. Falling back to ozone.metadata.dirs instead.
2019-10-04 13:50:36,084 [main] WARN  events.EventQueue (EventQueue.java:fireEvent(183)) - No event handler registered for event TypedEvent{payloadType=SafeModeStatus, name='SafeModeStatus'}
2019-10-04 13:50:36,085 [main] INFO  ipc.CallQueueManager (CallQueueManager.java:<init>(84)) - Using callQueue: class java.util.concurrent.LinkedBlockingQueue, queueCapacity: 2000, scheduler: class org.apache.hadoop.ipc.DefaultRpcScheduler, ipcBackoff: false.
2019-10-04 13:50:36,086 [Socket Reader #1 for port 46460] INFO  ipc.Server (Server.java:run(1074)) - Starting Socket Reader #1 for port 46460
2019-10-04 13:50:36,089 [main] INFO  ipc.CallQueueManager (CallQueueManager.java:<init>(84)) - Using callQueue: class java.util.concurrent.LinkedBlockingQueue, queueCapacity: 2000, scheduler: class org.apache.hadoop.ipc.DefaultRpcScheduler, ipcBackoff: false.
2019-10-04 13:50:36,089 [Socket Reader #1 for port 32968] INFO  ipc.Server (Server.java:run(1074)) - Starting Socket Reader #1 for port 32968
2019-10-04 13:50:36,091 [main] INFO  ipc.CallQueueManager (CallQueueManager.java:<init>(84)) - Using callQueue: class java.util.concurrent.LinkedBlockingQueue, queueCapacity: 2000, scheduler: class org.apache.hadoop.ipc.DefaultRpcScheduler, ipcBackoff: false.
2019-10-04 13:50:36,092 [Socket Reader #1 for port 44627] INFO  ipc.Server (Server.java:run(1074)) - Starting Socket Reader #1 for port 44627
2019-10-04 13:50:36,094 [main] INFO  hdfs.DFSUtil (DFSUtil.java:httpServerTemplateForNNAndJN(1641)) - Starting Web-server for scm at: http://0.0.0.0:0
2019-10-04 13:50:36,096 [main] INFO  server.AuthenticationFilter (AuthenticationFilter.java:constructSecretProvider(240)) - Unable to initialize FileSignerSecretProvider, falling back to use random secrets.
2019-10-04 13:50:36,097 [main] WARN  http.HttpRequestLog (HttpRequestLog.java:getRequestLog(97)) - Jetty request log can only be enabled using Log4j
2019-10-04 13:50:36,100 [main] INFO  http.HttpServer2 (HttpServer2.java:addGlobalFilter(975)) - Added global filter 'safety' (class=org.apache.hadoop.http.HttpServer2$QuotingInputFilter)
2019-10-04 13:50:36,100 [main] INFO  http.HttpServer2 (HttpServer2.java:addFilter(948)) - Added filter static_user_filter (class=org.apache.hadoop.http.lib.StaticUserWebFilter$StaticUserFilter) to context scm
2019-10-04 13:50:36,101 [main] INFO  http.HttpServer2 (HttpServer2.java:addFilter(958)) - Added filter static_user_filter (class=org.apache.hadoop.http.lib.StaticUserWebFilter$StaticUserFilter) to context static
2019-10-04 13:50:36,101 [main] INFO  http.HttpServer2 (HttpServer2.java:addFilter(958)) - Added filter static_user_filter (class=org.apache.hadoop.http.lib.StaticUserWebFilter$StaticUserFilter) to context logs
2019-10-04 13:50:36,104 [main] INFO  server.StorageContainerManager (StorageContainerManager.java:start(770)) - StorageContainerLocationProtocol RPC server is listening at /0.0.0.0:44627
2019-10-04 13:50:36,106 [main] WARN  impl.MetricsConfig (MetricsConfig.java:loadFirst(134)) - Cannot locate configuration: tried hadoop-metrics2-storagecontainermanager.properties,hadoop-metrics2.properties
2019-10-04 13:50:36,107 [main] INFO  impl.MetricsSystemImpl (MetricsSystemImpl.java:startTimer(374)) - Scheduled Metric snapshot period at 10 second(s).
2019-10-04 13:50:36,107 [main] INFO  impl.MetricsSystemImpl (MetricsSystemImpl.java:start(191)) - StorageContainerManager metrics system started
2019-10-04 13:50:36,128 [main] INFO  lib.Interns (Interns.java:removeEldestEntry(50)) - Metrics intern cache overflow at 2011 for MetricsSystem={MetricsSystem=MetricsInfoImpl{name=MetricsSystem, description=MetricsSystem}, MetricsSystem record=MetricsInfoImpl{name=MetricsSystem, description=MetricsSystem record}}
2019-10-04 13:50:36,195 [main] WARN  impl.MetricsSystemImpl (MetricsSystemImpl.java:register(276)) - Sink prometheus already exists!
2019-10-04 13:50:36,203 [main] INFO  server.SCMClientProtocolServer (SCMClientProtocolServer.java:start(159)) - RPC server for Client  is listening at /0.0.0.0:44627
2019-10-04 13:50:36,203 [IPC Server Responder] INFO  ipc.Server (Server.java:run(1314)) - IPC Server Responder: starting
2019-10-04 13:50:36,204 [IPC Server listener on 44627] INFO  ipc.Server (Server.java:run(1153)) - IPC Server listener on 44627: starting
2019-10-04 13:50:36,207 [main] INFO  server.StorageContainerManager (StorageContainerManager.java:start(780)) - ScmBlockLocationProtocol RPC server is listening at /0.0.0.0:32968
2019-10-04 13:50:36,208 [main] INFO  server.SCMBlockProtocolServer (SCMBlockProtocolServer.java:start(146)) - RPC server for Block Protocol is listening at /0.0.0.0:32968
2019-10-04 13:50:36,208 [IPC Server Responder] INFO  ipc.Server (Server.java:run(1314)) - IPC Server Responder: starting
2019-10-04 13:50:36,208 [IPC Server listener on 32968] INFO  ipc.Server (Server.java:run(1153)) - IPC Server listener on 32968: starting
2019-10-04 13:50:36,212 [main] INFO  server.StorageContainerManager (StorageContainerManager.java:start(784)) - ScmDatanodeProtocl RPC server is listening at /0.0.0.0:46460
2019-10-04 13:50:36,212 [main] INFO  server.SCMDatanodeProtocolServer (SCMDatanodeProtocolServer.java:start(169)) - RPC server for DataNodes is listening at /0.0.0.0:46460
2019-10-04 13:50:36,213 [IPC Server Responder] INFO  ipc.Server (Server.java:run(1314)) - IPC Server Responder: starting
2019-10-04 13:50:36,213 [IPC Server listener on 46460] INFO  ipc.Server (Server.java:run(1153)) - IPC Server listener on 46460: starting
2019-10-04 13:50:36,218 [main] INFO  http.HttpServer2 (HttpServer2.java:bindListener(1191)) - Jetty bound to port 36629
2019-10-04 13:50:36,219 [main] INFO  server.Server (Server.java:doStart(351)) - jetty-9.3.25.v20180904, build timestamp: 2018-09-04T21:11:46Z, git hash: 3ce520221d0240229c862b122d2b06c12a625732
2019-10-04 13:50:36,221 [main] INFO  handler.ContextHandler (ContextHandler.java:doStart(781)) - Started o.e.j.s.ServletContextHandler@41ef1ea2{/logs,file:///workdir/hadoop-ozone/integration-test/target/log,AVAILABLE}
2019-10-04 13:50:36,222 [main] INFO  handler.ContextHandler (ContextHandler.java:doStart(781)) - Started o.e.j.s.ServletContextHandler@583fb274{/static,file:///workdir/hadoop-ozone/integration-test/target/test-classes/webapps/static,AVAILABLE}
2019-10-04 13:50:36,228 [main] INFO  handler.ContextHandler (ContextHandler.java:doStart(781)) - Started o.e.j.w.WebAppContext@d88f893{/,file:///workdir/hadoop-ozone/integration-test/target/test-classes/webapps/scm/,AVAILABLE}{/scm}
2019-10-04 13:50:36,229 [main] INFO  server.AbstractConnector (AbstractConnector.java:doStart(278)) - Started ServerConnector@259b85d6{HTTP/1.1,[http/1.1]}{0.0.0.0:36629}
2019-10-04 13:50:36,230 [main] INFO  server.Server (Server.java:doStart(419)) - Started @109985ms
2019-10-04 13:50:36,230 [main] WARN  impl.MetricsSystemImpl (MetricsSystemImpl.java:register(276)) - Sink prometheus already exists!
2019-10-04 13:50:36,230 [main] INFO  server.BaseHttpServer (BaseHttpServer.java:updateConnectorAddress(215)) - HTTP server of SCM is listening at http://0.0.0.0:36629
2019-10-04 13:50:36,231 [main] WARN  server.ServerUtils (ServerUtils.java:getDBPath(222)) - ozone.om.db.dirs is not configured. We recommend adding this setting. Falling back to ozone.metadata.dirs instead.
2019-10-04 13:50:36,232 [org.apache.hadoop.util.JvmPauseMonitor$Monitor@488f3dd1] INFO  util.JvmPauseMonitor (JvmPauseMonitor.java:run(188)) - Starting JVM pause monitor
2019-10-04 13:50:36,257 [main] INFO  ha.OMHANodeDetails (OMHANodeDetails.java:loadOMHAConfig(190)) - Configuration either no ozone.om.address set. Falling back to the default OM address /127.0.0.1:0
2019-10-04 13:50:36,257 [main] INFO  ha.OMHANodeDetails (OMHANodeDetails.java:getOMNodeDetails(220)) - OM Service ID is not set. Setting it to the default ID: omServiceIdDefault
2019-10-04 13:50:36,257 [main] WARN  server.ServerUtils (ServerUtils.java:getDBPath(222)) - ozone.om.db.dirs is not configured. We recommend adding this setting. Falling back to ozone.metadata.dirs instead.
2019-10-04 13:50:36,258 [main] WARN  server.ServerUtils (ServerUtils.java:getDBPath(222)) - ozone.om.db.dirs is not configured. We recommend adding this setting. Falling back to ozone.metadata.dirs instead.
2019-10-04 13:50:36,267 [main] WARN  server.ServerUtils (ServerUtils.java:getDBPath(222)) - ozone.om.db.dirs is not configured. We recommend adding this setting. Falling back to ozone.metadata.dirs instead.
2019-10-04 13:50:36,267 [main] INFO  db.DBStoreBuilder (DBStoreBuilder.java:addTable(117)) - using custom profile for table: userTable
2019-10-04 13:50:36,267 [main] INFO  db.DBStoreBuilder (DBStoreBuilder.java:processTables(168)) - Using default column profile:DBProfile.DISK for Table:userTable
2019-10-04 13:50:36,268 [main] INFO  db.DBStoreBuilder (DBStoreBuilder.java:addTable(117)) - using custom profile for table: volumeTable
2019-10-04 13:50:36,268 [main] INFO  db.DBStoreBuilder (DBStoreBuilder.java:processTables(168)) - Using default column profile:DBProfile.DISK for Table:volumeTable
2019-10-04 13:50:36,268 [main] INFO  db.DBStoreBuilder (DBStoreBuilder.java:addTable(117)) - using custom profile for table: bucketTable
2019-10-04 13:50:36,268 [main] INFO  db.DBStoreBuilder (DBStoreBuilder.java:processTables(168)) - Using default column profile:DBProfile.DISK for Table:bucketTable
2019-10-04 13:50:36,268 [main] INFO  db.DBStoreBuilder (DBStoreBuilder.java:addTable(117)) - using custom profile for table: keyTable
2019-10-04 13:50:36,269 [main] INFO  db.DBStoreBuilder (DBStoreBuilder.java:processTables(168)) - Using default column profile:DBProfile.DISK for Table:keyTable
2019-10-04 13:50:36,269 [main] INFO  db.DBStoreBuilder (DBStoreBuilder.java:addTable(117)) - using custom profile for table: deletedTable
2019-10-04 13:50:36,269 [main] INFO  db.DBStoreBuilder (DBStoreBuilder.java:processTables(168)) - Using default column profile:DBProfile.DISK for Table:deletedTable
2019-10-04 13:50:36,269 [main] INFO  db.DBStoreBuilder (DBStoreBuilder.java:addTable(117)) - using custom profile for table: openKeyTable
2019-10-04 13:50:36,269 [main] INFO  db.DBStoreBuilder (DBStoreBuilder.java:processTables(168)) - Using default column profile:DBProfile.DISK for Table:openKeyTable
2019-10-04 13:50:36,270 [main] INFO  db.DBStoreBuilder (DBStoreBuilder.java:addTable(117)) - using custom profile for table: s3Table
2019-10-04 13:50:36,270 [main] INFO  db.DBStoreBuilder (DBStoreBuilder.java:processTables(168)) - Using default column profile:DBProfile.DISK for Table:s3Table
2019-10-04 13:50:36,270 [main] INFO  db.DBStoreBuilder (DBStoreBuilder.java:addTable(117)) - using custom profile for table: multipartInfoTable
2019-10-04 13:50:36,270 [main] INFO  db.DBStoreBuilder (DBStoreBuilder.java:processTables(168)) - Using default column profile:DBProfile.DISK for Table:multipartInfoTable
2019-10-04 13:50:36,270 [main] INFO  db.DBStoreBuilder (DBStoreBuilder.java:addTable(117)) - using custom profile for table: dTokenTable
2019-10-04 13:50:36,270 [main] INFO  db.DBStoreBuilder (DBStoreBuilder.java:processTables(168)) - Using default column profile:DBProfile.DISK for Table:dTokenTable
2019-10-04 13:50:36,271 [main] INFO  db.DBStoreBuilder (DBStoreBuilder.java:addTable(117)) - using custom profile for table: s3SecretTable
2019-10-04 13:50:36,271 [main] INFO  db.DBStoreBuilder (DBStoreBuilder.java:processTables(168)) - Using default column profile:DBProfile.DISK for Table:s3SecretTable
2019-10-04 13:50:36,271 [main] INFO  db.DBStoreBuilder (DBStoreBuilder.java:addTable(117)) - using custom profile for table: prefixTable
2019-10-04 13:50:36,271 [main] INFO  db.DBStoreBuilder (DBStoreBuilder.java:processTables(168)) - Using default column profile:DBProfile.DISK for Table:prefixTable
2019-10-04 13:50:36,271 [main] INFO  db.DBStoreBuilder (DBStoreBuilder.java:addTable(117)) - using custom profile for table: default
2019-10-04 13:50:36,272 [main] INFO  db.DBStoreBuilder (DBStoreBuilder.java:processTables(174)) - Using default column profile:DBProfile.DISK for Table:default
2019-10-04 13:50:36,272 [main] INFO  db.DBStoreBuilder (DBStoreBuilder.java:getDbProfile(205)) - Using default options. DBProfile.DISK
2019-10-04 13:50:36,945 [main] INFO  ipc.CallQueueManager (CallQueueManager.java:<init>(84)) - Using callQueue: class java.util.concurrent.LinkedBlockingQueue, queueCapacity: 2000, scheduler: class org.apache.hadoop.ipc.DefaultRpcScheduler, ipcBackoff: false.
2019-10-04 13:50:36,946 [Socket Reader #1 for port 38152] INFO  ipc.Server (Server.java:run(1074)) - Starting Socket Reader #1 for port 38152
2019-10-04 13:50:36,960 [main] INFO  om.OzoneManager (OzoneManager.java:start(1069)) - OzoneManager RPC server is listening at localhost/127.0.0.1:38152
2019-10-04 13:50:36,960 [main] INFO  impl.MetricsSystemImpl (MetricsSystemImpl.java:init(158)) - OzoneManager metrics system started (again)
2019-10-04 13:50:36,961 [IPC Server Responder] INFO  ipc.Server (Server.java:run(1314)) - IPC Server Responder: starting
2019-10-04 13:50:36,961 [IPC Server listener on 38152] INFO  ipc.Server (Server.java:run(1153)) - IPC Server listener on 38152: starting
2019-10-04 13:50:36,967 [main] INFO  hdfs.DFSUtil (DFSUtil.java:httpServerTemplateForNNAndJN(1641)) - Starting Web-server for ozoneManager at: http://0.0.0.0:0
2019-10-04 13:50:36,968 [main] INFO  server.AuthenticationFilter (AuthenticationFilter.java:constructSecretProvider(240)) - Unable to initialize FileSignerSecretProvider, falling back to use random secrets.
2019-10-04 13:50:36,969 [main] WARN  http.HttpRequestLog (HttpRequestLog.java:getRequestLog(97)) - Jetty request log can only be enabled using Log4j
2019-10-04 13:50:36,970 [main] INFO  http.HttpServer2 (HttpServer2.java:addGlobalFilter(975)) - Added global filter 'safety' (class=org.apache.hadoop.http.HttpServer2$QuotingInputFilter)
2019-10-04 13:50:36,971 [main] INFO  http.HttpServer2 (HttpServer2.java:addFilter(948)) - Added filter static_user_filter (class=org.apache.hadoop.http.lib.StaticUserWebFilter$StaticUserFilter) to context ozoneManager
2019-10-04 13:50:36,971 [main] INFO  http.HttpServer2 (HttpServer2.java:addFilter(958)) - Added filter static_user_filter (class=org.apache.hadoop.http.lib.StaticUserWebFilter$StaticUserFilter) to context logs
2019-10-04 13:50:36,971 [main] INFO  http.HttpServer2 (HttpServer2.java:addFilter(958)) - Added filter static_user_filter (class=org.apache.hadoop.http.lib.StaticUserWebFilter$StaticUserFilter) to context static
2019-10-04 13:50:36,971 [main] INFO  http.HttpServer2 (HttpServer2.java:bindListener(1191)) - Jetty bound to port 34434
2019-10-04 13:50:36,972 [main] INFO  server.Server (Server.java:doStart(351)) - jetty-9.3.25.v20180904, build timestamp: 2018-09-04T21:11:46Z, git hash: 3ce520221d0240229c862b122d2b06c12a625732
2019-10-04 13:50:36,973 [main] INFO  handler.ContextHandler (ContextHandler.java:doStart(781)) - Started o.e.j.s.ServletContextHandler@6397248c{/logs,file:///workdir/hadoop-ozone/integration-test/target/log,AVAILABLE}
2019-10-04 13:50:36,973 [main] INFO  handler.ContextHandler (ContextHandler.java:doStart(781)) - Started o.e.j.s.ServletContextHandler@72bd2871{/static,file:///workdir/hadoop-ozone/integration-test/target/test-classes/webapps/static,AVAILABLE}
2019-10-04 13:50:36,976 [main] INFO  handler.ContextHandler (ContextHandler.java:doStart(781)) - Started o.e.j.w.WebAppContext@236eccd1{/,file:///workdir/hadoop-ozone/integration-test/target/test-classes/webapps/ozoneManager/,AVAILABLE}{/ozoneManager}
2019-10-04 13:50:36,977 [main] INFO  server.AbstractConnector (AbstractConnector.java:doStart(278)) - Started ServerConnector@5d512ddb{HTTP/1.1,[http/1.1]}{0.0.0.0:34434}
2019-10-04 13:50:36,978 [main] INFO  server.Server (Server.java:doStart(419)) - Started @110734ms
2019-10-04 13:50:36,978 [main] WARN  impl.MetricsSystemImpl (MetricsSystemImpl.java:register(276)) - Sink prometheus already exists!
2019-10-04 13:50:36,980 [main] INFO  server.BaseHttpServer (BaseHttpServer.java:updateConnectorAddress(215)) - HTTP server of OZONEMANAGER is listening at http://0.0.0.0:34434
2019-10-04 13:50:36,993 [main] INFO  impl.MetricsSystemImpl (MetricsSystemImpl.java:init(158)) - HddsDatanode metrics system started (again)
2019-10-04 13:50:36,995 [main] INFO  ozone.HddsDatanodeService (HddsDatanodeService.java:start(184)) - HddsDatanodeService host:pr-hdds-2204-d78b8-1674338442 ip:192.168.5.142
2019-10-04 13:50:37,001 [main] INFO  volume.HddsVolume (HddsVolume.java:<init>(176)) - Creating Volume: /workdir/hadoop-ozone/integration-test/target/test-dir/MiniOzoneClusterImpl-97cba473-ea40-42b4-ab07-f206a05d6f19/datanode-0/data/containers/hdds of  storage type : DISK and capacity : 1482555576320
2019-10-04 13:50:37,002 [main] INFO  volume.VolumeSet (VolumeSet.java:initializeVolumeSet(170)) - Added Volume : /workdir/hadoop-ozone/integration-test/target/test-dir/MiniOzoneClusterImpl-97cba473-ea40-42b4-ab07-f206a05d6f19/datanode-0/data/containers/hdds to VolumeSet
2019-10-04 13:50:37,002 [main] INFO  volume.ThrottledAsyncChecker (ThrottledAsyncChecker.java:schedule(139)) - Scheduling a check for org.apache.hadoop.ozone.container.common.volume.HddsVolume@43ecfeb5
2019-10-04 13:50:37,003 [main] INFO  volume.HddsVolumeChecker (HddsVolumeChecker.java:checkAllVolumes(202)) - Scheduled health check for volume org.apache.hadoop.ozone.container.common.volume.HddsVolume@43ecfeb5
2019-10-04 13:50:37,015 [main] INFO  impl.RaftServerProxy (ConfUtils.java:logGet(43)) - raft.rpc.type = GRPC (default)
2019-10-04 13:50:37,016 [main] INFO  grpc.GrpcFactory (GrpcFactory.java:checkPooledByteBufAllocatorUseCacheForAllThreads(45)) - PERFORMANCE WARNING: useCacheForAllThreads is true that may cause Netty to create a lot garbage objects and, as a result, trigger GC.
	It is recommended to disable useCacheForAllThreads by setting -Dorg.apache.ratis.thirdparty.io.netty.allocator.useCacheForAllThreads=false in command line.
2019-10-04 13:50:37,016 [main] INFO  grpc.GrpcConfigKeys$Server (ConfUtils.java:logGet(43)) - raft.grpc.server.port = 0 (default)
2019-10-04 13:50:37,016 [main] INFO  server.GrpcService (ConfUtils.java:logGet(43)) - raft.grpc.message.size.max = 33570816 (custom)
2019-10-04 13:50:37,016 [main] INFO  server.RaftServerConfigKeys (ConfUtils.java:logGet(43)) - raft.server.log.appender.buffer.byte-limit = 33554432 (custom)
2019-10-04 13:50:37,016 [main] INFO  server.GrpcService (ConfUtils.java:logGet(43)) - raft.grpc.flow.control.window = 1MB (=1048576) (default)
2019-10-04 13:50:37,016 [main] INFO  server.RaftServerConfigKeys (ConfUtils.java:logGet(43)) - raft.server.rpc.request.timeout = 3000ms (default)
2019-10-04 13:50:37,017 [main] INFO  server.RaftServerConfigKeys (ConfUtils.java:logGet(43)) - raft.server.storage.dir = [/workdir/hadoop-ozone/integration-test/target/test-dir/MiniOzoneClusterImpl-97cba473-ea40-42b4-ab07-f206a05d6f19/datanode-0/data/ratis] (custom)
2019-10-04 13:50:37,018 [main] INFO  hdfs.DFSUtil (DFSUtil.java:httpServerTemplateForNNAndJN(1641)) - Starting Web-server for hddsDatanode at: http://0.0.0.0:0
2019-10-04 13:50:37,023 [main] INFO  server.AuthenticationFilter (AuthenticationFilter.java:constructSecretProvider(240)) - Unable to initialize FileSignerSecretProvider, falling back to use random secrets.
2019-10-04 13:50:37,023 [main] WARN  http.HttpRequestLog (HttpRequestLog.java:getRequestLog(97)) - Jetty request log can only be enabled using Log4j
2019-10-04 13:50:37,024 [main] INFO  http.HttpServer2 (HttpServer2.java:addGlobalFilter(975)) - Added global filter 'safety' (class=org.apache.hadoop.http.HttpServer2$QuotingInputFilter)
2019-10-04 13:50:37,025 [main] INFO  http.HttpServer2 (HttpServer2.java:addFilter(948)) - Added filter static_user_filter (class=org.apache.hadoop.http.lib.StaticUserWebFilter$StaticUserFilter) to context hddsDatanode
2019-10-04 13:50:37,025 [main] INFO  http.HttpServer2 (HttpServer2.java:addFilter(958)) - Added filter static_user_filter (class=org.apache.hadoop.http.lib.StaticUserWebFilter$StaticUserFilter) to context logs
2019-10-04 13:50:37,025 [main] INFO  http.HttpServer2 (HttpServer2.java:addFilter(958)) - Added filter static_user_filter (class=org.apache.hadoop.http.lib.StaticUserWebFilter$StaticUserFilter) to context static
2019-10-04 13:50:37,025 [main] INFO  http.HttpServer2 (HttpServer2.java:bindListener(1191)) - Jetty bound to port 44682
2019-10-04 13:50:37,026 [main] INFO  server.Server (Server.java:doStart(351)) - jetty-9.3.25.v20180904, build timestamp: 2018-09-04T21:11:46Z, git hash: 3ce520221d0240229c862b122d2b06c12a625732
2019-10-04 13:50:37,027 [main] INFO  handler.ContextHandler (ContextHandler.java:doStart(781)) - Started o.e.j.s.ServletContextHandler@68ddd415{/logs,file:///workdir/hadoop-ozone/integration-test/target/log,AVAILABLE}
2019-10-04 13:50:37,028 [main] INFO  handler.ContextHandler (ContextHandler.java:doStart(781)) - Started o.e.j.s.ServletContextHandler@664632e9{/static,jar:file:/home/user/.m2/repository/org/apache/hadoop/hadoop-hdds-container-service/0.5.0-SNAPSHOT/hadoop-hdds-container-service-0.5.0-SNAPSHOT.jar!/webapps/static,AVAILABLE}
2019-10-04 13:50:37,054 [main] INFO  handler.ContextHandler (ContextHandler.java:doStart(781)) - Started o.e.j.w.WebAppContext@472d0f4{/,file:///tmp/jetty-0.0.0.0-44682-hddsDatanode-_-any-3380072303177135294.dir/webapp/,AVAILABLE}{/hddsDatanode}
2019-10-04 13:50:37,054 [main] INFO  server.AbstractConnector (AbstractConnector.java:doStart(278)) - Started ServerConnector@4bc59b27{HTTP/1.1,[http/1.1]}{0.0.0.0:44682}
2019-10-04 13:50:37,057 [main] INFO  server.Server (Server.java:doStart(419)) - Started @110813ms
2019-10-04 13:50:37,057 [main] WARN  impl.MetricsSystemImpl (MetricsSystemImpl.java:register(276)) - Sink prometheus already exists!
2019-10-04 13:50:37,057 [main] INFO  server.BaseHttpServer (BaseHttpServer.java:updateConnectorAddress(215)) - HTTP server of HDDSDATANODE is listening at http://0.0.0.0:44682
2019-10-04 13:50:37,058 [main] INFO  impl.MetricsSystemImpl (MetricsSystemImpl.java:init(158)) - HddsDatanode metrics system started (again)
2019-10-04 13:50:37,061 [org.apache.hadoop.util.JvmPauseMonitor$Monitor@23488eab] INFO  util.JvmPauseMonitor (JvmPauseMonitor.java:run(188)) - Starting JVM pause monitor
2019-10-04 13:50:37,062 [main] INFO  ozone.HddsDatanodeService (HddsDatanodeService.java:start(184)) - HddsDatanodeService host:pr-hdds-2204-d78b8-1674338442 ip:192.168.5.142
2019-10-04 13:50:37,064 [Datanode State Machine Thread - 0] INFO  datanode.InitDatanodeState (InitDatanodeState.java:persistContainerDatanodeDetails(140)) - DatanodeDetails is persisted to /workdir/hadoop-ozone/integration-test/target/test-dir/MiniOzoneClusterImpl-97cba473-ea40-42b4-ab07-f206a05d6f19/datanode-0/meta/datanode.id
2019-10-04 13:50:37,067 [main] INFO  volume.HddsVolume (HddsVolume.java:<init>(176)) - Creating Volume: /workdir/hadoop-ozone/integration-test/target/test-dir/MiniOzoneClusterImpl-97cba473-ea40-42b4-ab07-f206a05d6f19/datanode-1/data/containers/hdds of  storage type : DISK and capacity : 1482555576320
2019-10-04 13:50:37,068 [main] INFO  volume.VolumeSet (VolumeSet.java:initializeVolumeSet(170)) - Added Volume : /workdir/hadoop-ozone/integration-test/target/test-dir/MiniOzoneClusterImpl-97cba473-ea40-42b4-ab07-f206a05d6f19/datanode-1/data/containers/hdds to VolumeSet
2019-10-04 13:50:37,068 [main] INFO  volume.ThrottledAsyncChecker (ThrottledAsyncChecker.java:schedule(139)) - Scheduling a check for org.apache.hadoop.ozone.container.common.volume.HddsVolume@6393bf8b
2019-10-04 13:50:37,068 [main] INFO  volume.HddsVolumeChecker (HddsVolumeChecker.java:checkAllVolumes(202)) - Scheduled health check for volume org.apache.hadoop.ozone.container.common.volume.HddsVolume@6393bf8b
2019-10-04 13:50:37,080 [main] INFO  impl.RaftServerProxy (ConfUtils.java:logGet(43)) - raft.rpc.type = GRPC (default)
2019-10-04 13:50:37,080 [main] INFO  grpc.GrpcFactory (GrpcFactory.java:checkPooledByteBufAllocatorUseCacheForAllThreads(45)) - PERFORMANCE WARNING: useCacheForAllThreads is true that may cause Netty to create a lot garbage objects and, as a result, trigger GC.
	It is recommended to disable useCacheForAllThreads by setting -Dorg.apache.ratis.thirdparty.io.netty.allocator.useCacheForAllThreads=false in command line.
2019-10-04 13:50:37,080 [main] INFO  grpc.GrpcConfigKeys$Server (ConfUtils.java:logGet(43)) - raft.grpc.server.port = 0 (default)
2019-10-04 13:50:37,080 [main] INFO  server.GrpcService (ConfUtils.java:logGet(43)) - raft.grpc.message.size.max = 33570816 (custom)
2019-10-04 13:50:37,080 [main] INFO  server.RaftServerConfigKeys (ConfUtils.java:logGet(43)) - raft.server.log.appender.buffer.byte-limit = 33554432 (custom)
2019-10-04 13:50:37,081 [main] INFO  server.GrpcService (ConfUtils.java:logGet(43)) - raft.grpc.flow.control.window = 1MB (=1048576) (default)
2019-10-04 13:50:37,081 [main] INFO  server.RaftServerConfigKeys (ConfUtils.java:logGet(43)) - raft.server.rpc.request.timeout = 3000ms (default)
2019-10-04 13:50:37,081 [main] INFO  server.RaftServerConfigKeys (ConfUtils.java:logGet(43)) - raft.server.storage.dir = [/workdir/hadoop-ozone/integration-test/target/test-dir/MiniOzoneClusterImpl-97cba473-ea40-42b4-ab07-f206a05d6f19/datanode-1/data/ratis] (custom)
2019-10-04 13:50:37,083 [main] INFO  hdfs.DFSUtil (DFSUtil.java:httpServerTemplateForNNAndJN(1641)) - Starting Web-server for hddsDatanode at: http://0.0.0.0:0
2019-10-04 13:50:37,084 [main] INFO  server.AuthenticationFilter (AuthenticationFilter.java:constructSecretProvider(240)) - Unable to initialize FileSignerSecretProvider, falling back to use random secrets.
2019-10-04 13:50:37,084 [main] WARN  http.HttpRequestLog (HttpRequestLog.java:getRequestLog(97)) - Jetty request log can only be enabled using Log4j
2019-10-04 13:50:37,085 [main] INFO  http.HttpServer2 (HttpServer2.java:addGlobalFilter(975)) - Added global filter 'safety' (class=org.apache.hadoop.http.HttpServer2$QuotingInputFilter)
2019-10-04 13:50:37,086 [main] INFO  http.HttpServer2 (HttpServer2.java:addFilter(948)) - Added filter static_user_filter (class=org.apache.hadoop.http.lib.StaticUserWebFilter$StaticUserFilter) to context hddsDatanode
2019-10-04 13:50:37,086 [main] INFO  http.HttpServer2 (HttpServer2.java:addFilter(958)) - Added filter static_user_filter (class=org.apache.hadoop.http.lib.StaticUserWebFilter$StaticUserFilter) to context static
2019-10-04 13:50:37,086 [main] INFO  http.HttpServer2 (HttpServer2.java:addFilter(958)) - Added filter static_user_filter (class=org.apache.hadoop.http.lib.StaticUserWebFilter$StaticUserFilter) to context logs
2019-10-04 13:50:37,087 [main] INFO  http.HttpServer2 (HttpServer2.java:bindListener(1191)) - Jetty bound to port 38662
2019-10-04 13:50:37,087 [main] INFO  server.Server (Server.java:doStart(351)) - jetty-9.3.25.v20180904, build timestamp: 2018-09-04T21:11:46Z, git hash: 3ce520221d0240229c862b122d2b06c12a625732
2019-10-04 13:50:37,088 [main] INFO  handler.ContextHandler (ContextHandler.java:doStart(781)) - Started o.e.j.s.ServletContextHandler@3c952a33{/logs,file:///workdir/hadoop-ozone/integration-test/target/log,AVAILABLE}
2019-10-04 13:50:37,088 [main] INFO  handler.ContextHandler (ContextHandler.java:doStart(781)) - Started o.e.j.s.ServletContextHandler@1150d471{/static,jar:file:/home/user/.m2/repository/org/apache/hadoop/hadoop-hdds-container-service/0.5.0-SNAPSHOT/hadoop-hdds-container-service-0.5.0-SNAPSHOT.jar!/webapps/static,AVAILABLE}
2019-10-04 13:50:37,113 [main] INFO  handler.ContextHandler (ContextHandler.java:doStart(781)) - Started o.e.j.w.WebAppContext@5cff6b74{/,file:///tmp/jetty-0.0.0.0-38662-hddsDatanode-_-any-477403479037344862.dir/webapp/,AVAILABLE}{/hddsDatanode}
2019-10-04 13:50:37,114 [main] INFO  server.AbstractConnector (AbstractConnector.java:doStart(278)) - Started ServerConnector@627ff1b8{HTTP/1.1,[http/1.1]}{0.0.0.0:38662}
2019-10-04 13:50:37,115 [main] INFO  server.Server (Server.java:doStart(419)) - Started @110871ms
2019-10-04 13:50:37,115 [main] WARN  impl.MetricsSystemImpl (MetricsSystemImpl.java:register(276)) - Sink prometheus already exists!
2019-10-04 13:50:37,116 [main] INFO  server.BaseHttpServer (BaseHttpServer.java:updateConnectorAddress(215)) - HTTP server of HDDSDATANODE is listening at http://0.0.0.0:38662
2019-10-04 13:50:37,116 [main] INFO  impl.MetricsSystemImpl (MetricsSystemImpl.java:init(158)) - HddsDatanode metrics system started (again)
2019-10-04 13:50:37,121 [org.apache.hadoop.util.JvmPauseMonitor$Monitor@47287a21] INFO  util.JvmPauseMonitor (JvmPauseMonitor.java:run(188)) - Starting JVM pause monitor
2019-10-04 13:50:37,121 [main] INFO  ozone.HddsDatanodeService (HddsDatanodeService.java:start(184)) - HddsDatanodeService host:pr-hdds-2204-d78b8-1674338442 ip:192.168.5.142
2019-10-04 13:50:37,123 [Datanode State Machine Thread - 0] INFO  datanode.InitDatanodeState (InitDatanodeState.java:persistContainerDatanodeDetails(140)) - DatanodeDetails is persisted to /workdir/hadoop-ozone/integration-test/target/test-dir/MiniOzoneClusterImpl-97cba473-ea40-42b4-ab07-f206a05d6f19/datanode-1/meta/datanode.id
2019-10-04 13:50:37,126 [main] INFO  volume.HddsVolume (HddsVolume.java:<init>(176)) - Creating Volume: /workdir/hadoop-ozone/integration-test/target/test-dir/MiniOzoneClusterImpl-97cba473-ea40-42b4-ab07-f206a05d6f19/datanode-2/data/containers/hdds of  storage type : DISK and capacity : 1482555576320
2019-10-04 13:50:37,127 [main] INFO  volume.VolumeSet (VolumeSet.java:initializeVolumeSet(170)) - Added Volume : /workdir/hadoop-ozone/integration-test/target/test-dir/MiniOzoneClusterImpl-97cba473-ea40-42b4-ab07-f206a05d6f19/datanode-2/data/containers/hdds to VolumeSet
2019-10-04 13:50:37,127 [main] INFO  volume.ThrottledAsyncChecker (ThrottledAsyncChecker.java:schedule(139)) - Scheduling a check for org.apache.hadoop.ozone.container.common.volume.HddsVolume@e700eba
2019-10-04 13:50:37,127 [main] INFO  volume.HddsVolumeChecker (HddsVolumeChecker.java:checkAllVolumes(202)) - Scheduled health check for volume org.apache.hadoop.ozone.container.common.volume.HddsVolume@e700eba
2019-10-04 13:50:37,140 [main] INFO  impl.RaftServerProxy (ConfUtils.java:logGet(43)) - raft.rpc.type = GRPC (default)
2019-10-04 13:50:37,140 [main] INFO  grpc.GrpcFactory (GrpcFactory.java:checkPooledByteBufAllocatorUseCacheForAllThreads(45)) - PERFORMANCE WARNING: useCacheForAllThreads is true that may cause Netty to create a lot garbage objects and, as a result, trigger GC.
	It is recommended to disable useCacheForAllThreads by setting -Dorg.apache.ratis.thirdparty.io.netty.allocator.useCacheForAllThreads=false in command line.
2019-10-04 13:50:37,141 [main] INFO  grpc.GrpcConfigKeys$Server (ConfUtils.java:logGet(43)) - raft.grpc.server.port = 0 (default)
2019-10-04 13:50:37,141 [main] INFO  server.GrpcService (ConfUtils.java:logGet(43)) - raft.grpc.message.size.max = 33570816 (custom)
2019-10-04 13:50:37,141 [main] INFO  server.RaftServerConfigKeys (ConfUtils.java:logGet(43)) - raft.server.log.appender.buffer.byte-limit = 33554432 (custom)
2019-10-04 13:50:37,141 [main] INFO  server.GrpcService (ConfUtils.java:logGet(43)) - raft.grpc.flow.control.window = 1MB (=1048576) (default)
2019-10-04 13:50:37,141 [main] INFO  server.RaftServerConfigKeys (ConfUtils.java:logGet(43)) - raft.server.rpc.request.timeout = 3000ms (default)
2019-10-04 13:50:37,142 [main] INFO  server.RaftServerConfigKeys (ConfUtils.java:logGet(43)) - raft.server.storage.dir = [/workdir/hadoop-ozone/integration-test/target/test-dir/MiniOzoneClusterImpl-97cba473-ea40-42b4-ab07-f206a05d6f19/datanode-2/data/ratis] (custom)
2019-10-04 13:50:37,143 [main] INFO  hdfs.DFSUtil (DFSUtil.java:httpServerTemplateForNNAndJN(1641)) - Starting Web-server for hddsDatanode at: http://0.0.0.0:0
2019-10-04 13:50:37,144 [main] INFO  server.AuthenticationFilter (AuthenticationFilter.java:constructSecretProvider(240)) - Unable to initialize FileSignerSecretProvider, falling back to use random secrets.
2019-10-04 13:50:37,144 [main] WARN  http.HttpRequestLog (HttpRequestLog.java:getRequestLog(97)) - Jetty request log can only be enabled using Log4j
2019-10-04 13:50:37,145 [main] INFO  http.HttpServer2 (HttpServer2.java:addGlobalFilter(975)) - Added global filter 'safety' (class=org.apache.hadoop.http.HttpServer2$QuotingInputFilter)
2019-10-04 13:50:37,145 [main] INFO  http.HttpServer2 (HttpServer2.java:addFilter(948)) - Added filter static_user_filter (class=org.apache.hadoop.http.lib.StaticUserWebFilter$StaticUserFilter) to context hddsDatanode
2019-10-04 13:50:37,146 [main] INFO  http.HttpServer2 (HttpServer2.java:addFilter(958)) - Added filter static_user_filter (class=org.apache.hadoop.http.lib.StaticUserWebFilter$StaticUserFilter) to context static
2019-10-04 13:50:37,146 [main] INFO  http.HttpServer2 (HttpServer2.java:addFilter(958)) - Added filter static_user_filter (class=org.apache.hadoop.http.lib.StaticUserWebFilter$StaticUserFilter) to context logs
2019-10-04 13:50:37,146 [main] INFO  http.HttpServer2 (HttpServer2.java:bindListener(1191)) - Jetty bound to port 40186
2019-10-04 13:50:37,147 [main] INFO  server.Server (Server.java:doStart(351)) - jetty-9.3.25.v20180904, build timestamp: 2018-09-04T21:11:46Z, git hash: 3ce520221d0240229c862b122d2b06c12a625732
2019-10-04 13:50:37,148 [main] INFO  handler.ContextHandler (ContextHandler.java:doStart(781)) - Started o.e.j.s.ServletContextHandler@606a1bc4{/logs,file:///workdir/hadoop-ozone/integration-test/target/log,AVAILABLE}
2019-10-04 13:50:37,148 [main] INFO  handler.ContextHandler (ContextHandler.java:doStart(781)) - Started o.e.j.s.ServletContextHandler@44dc7b7d{/static,jar:file:/home/user/.m2/repository/org/apache/hadoop/hadoop-hdds-container-service/0.5.0-SNAPSHOT/hadoop-hdds-container-service-0.5.0-SNAPSHOT.jar!/webapps/static,AVAILABLE}
2019-10-04 13:50:37,174 [main] INFO  handler.ContextHandler (ContextHandler.java:doStart(781)) - Started o.e.j.w.WebAppContext@46fb0c33{/,file:///tmp/jetty-0.0.0.0-40186-hddsDatanode-_-any-2064584433820303100.dir/webapp/,AVAILABLE}{/hddsDatanode}
2019-10-04 13:50:37,174 [main] INFO  server.AbstractConnector (AbstractConnector.java:doStart(278)) - Started ServerConnector@3b009e7b{HTTP/1.1,[http/1.1]}{0.0.0.0:40186}
2019-10-04 13:50:37,176 [main] INFO  server.Server (Server.java:doStart(419)) - Started @110932ms
2019-10-04 13:50:37,176 [main] WARN  impl.MetricsSystemImpl (MetricsSystemImpl.java:register(276)) - Sink prometheus already exists!
2019-10-04 13:50:37,177 [main] INFO  server.BaseHttpServer (BaseHttpServer.java:updateConnectorAddress(215)) - HTTP server of HDDSDATANODE is listening at http://0.0.0.0:40186
2019-10-04 13:50:37,177 [main] INFO  impl.MetricsSystemImpl (MetricsSystemImpl.java:init(158)) - HddsDatanode metrics system started (again)
2019-10-04 13:50:37,182 [org.apache.hadoop.util.JvmPauseMonitor$Monitor@55a3ffca] INFO  util.JvmPauseMonitor (JvmPauseMonitor.java:run(188)) - Starting JVM pause monitor
2019-10-04 13:50:37,183 [main] INFO  ozone.HddsDatanodeService (HddsDatanodeService.java:start(184)) - HddsDatanodeService host:pr-hdds-2204-d78b8-1674338442 ip:192.168.5.142
2019-10-04 13:50:37,184 [Datanode State Machine Thread - 0] INFO  datanode.InitDatanodeState (InitDatanodeState.java:persistContainerDatanodeDetails(140)) - DatanodeDetails is persisted to /workdir/hadoop-ozone/integration-test/target/test-dir/MiniOzoneClusterImpl-97cba473-ea40-42b4-ab07-f206a05d6f19/datanode-2/meta/datanode.id
2019-10-04 13:50:37,189 [main] INFO  volume.HddsVolume (HddsVolume.java:<init>(176)) - Creating Volume: /workdir/hadoop-ozone/integration-test/target/test-dir/MiniOzoneClusterImpl-97cba473-ea40-42b4-ab07-f206a05d6f19/datanode-3/data/containers/hdds of  storage type : DISK and capacity : 1482555576320
2019-10-04 13:50:37,189 [main] INFO  volume.VolumeSet (VolumeSet.java:initializeVolumeSet(170)) - Added Volume : /workdir/hadoop-ozone/integration-test/target/test-dir/MiniOzoneClusterImpl-97cba473-ea40-42b4-ab07-f206a05d6f19/datanode-3/data/containers/hdds to VolumeSet
2019-10-04 13:50:37,190 [main] INFO  volume.ThrottledAsyncChecker (ThrottledAsyncChecker.java:schedule(139)) - Scheduling a check for org.apache.hadoop.ozone.container.common.volume.HddsVolume@22d7fd41
2019-10-04 13:50:37,191 [main] INFO  volume.HddsVolumeChecker (HddsVolumeChecker.java:checkAllVolumes(202)) - Scheduled health check for volume org.apache.hadoop.ozone.container.common.volume.HddsVolume@22d7fd41
2019-10-04 13:50:37,203 [main] INFO  impl.RaftServerProxy (ConfUtils.java:logGet(43)) - raft.rpc.type = GRPC (default)
2019-10-04 13:50:37,203 [main] INFO  grpc.GrpcFactory (GrpcFactory.java:checkPooledByteBufAllocatorUseCacheForAllThreads(45)) - PERFORMANCE WARNING: useCacheForAllThreads is true that may cause Netty to create a lot garbage objects and, as a result, trigger GC.
	It is recommended to disable useCacheForAllThreads by setting -Dorg.apache.ratis.thirdparty.io.netty.allocator.useCacheForAllThreads=false in command line.
2019-10-04 13:50:37,204 [main] INFO  grpc.GrpcConfigKeys$Server (ConfUtils.java:logGet(43)) - raft.grpc.server.port = 0 (default)
2019-10-04 13:50:37,204 [main] INFO  server.GrpcService (ConfUtils.java:logGet(43)) - raft.grpc.message.size.max = 33570816 (custom)
2019-10-04 13:50:37,204 [main] INFO  server.RaftServerConfigKeys (ConfUtils.java:logGet(43)) - raft.server.log.appender.buffer.byte-limit = 33554432 (custom)
2019-10-04 13:50:37,204 [main] INFO  server.GrpcService (ConfUtils.java:logGet(43)) - raft.grpc.flow.control.window = 1MB (=1048576) (default)
2019-10-04 13:50:37,204 [main] INFO  server.RaftServerConfigKeys (ConfUtils.java:logGet(43)) - raft.server.rpc.request.timeout = 3000ms (default)
2019-10-04 13:50:37,205 [main] INFO  server.RaftServerConfigKeys (ConfUtils.java:logGet(43)) - raft.server.storage.dir = [/workdir/hadoop-ozone/integration-test/target/test-dir/MiniOzoneClusterImpl-97cba473-ea40-42b4-ab07-f206a05d6f19/datanode-3/data/ratis] (custom)
2019-10-04 13:50:37,206 [main] INFO  hdfs.DFSUtil (DFSUtil.java:httpServerTemplateForNNAndJN(1641)) - Starting Web-server for hddsDatanode at: http://0.0.0.0:0
2019-10-04 13:50:37,207 [main] INFO  server.AuthenticationFilter (AuthenticationFilter.java:constructSecretProvider(240)) - Unable to initialize FileSignerSecretProvider, falling back to use random secrets.
2019-10-04 13:50:37,208 [main] WARN  http.HttpRequestLog (HttpRequestLog.java:getRequestLog(97)) - Jetty request log can only be enabled using Log4j
2019-10-04 13:50:37,209 [main] INFO  http.HttpServer2 (HttpServer2.java:addGlobalFilter(975)) - Added global filter 'safety' (class=org.apache.hadoop.http.HttpServer2$QuotingInputFilter)
2019-10-04 13:50:37,209 [main] INFO  http.HttpServer2 (HttpServer2.java:addFilter(948)) - Added filter static_user_filter (class=org.apache.hadoop.http.lib.StaticUserWebFilter$StaticUserFilter) to context hddsDatanode
2019-10-04 13:50:37,210 [main] INFO  http.HttpServer2 (HttpServer2.java:addFilter(958)) - Added filter static_user_filter (class=org.apache.hadoop.http.lib.StaticUserWebFilter$StaticUserFilter) to context logs
2019-10-04 13:50:37,210 [main] INFO  http.HttpServer2 (HttpServer2.java:addFilter(958)) - Added filter static_user_filter (class=org.apache.hadoop.http.lib.StaticUserWebFilter$StaticUserFilter) to context static
2019-10-04 13:50:37,210 [main] INFO  http.HttpServer2 (HttpServer2.java:bindListener(1191)) - Jetty bound to port 39999
2019-10-04 13:50:37,211 [main] INFO  server.Server (Server.java:doStart(351)) - jetty-9.3.25.v20180904, build timestamp: 2018-09-04T21:11:46Z, git hash: 3ce520221d0240229c862b122d2b06c12a625732
2019-10-04 13:50:37,212 [main] INFO  handler.ContextHandler (ContextHandler.java:doStart(781)) - Started o.e.j.s.ServletContextHandler@6eb089e6{/logs,file:///workdir/hadoop-ozone/integration-test/target/log,AVAILABLE}
2019-10-04 13:50:37,212 [main] INFO  handler.ContextHandler (ContextHandler.java:doStart(781)) - Started o.e.j.s.ServletContextHandler@3bc69ce9{/static,jar:file:/home/user/.m2/repository/org/apache/hadoop/hadoop-hdds-container-service/0.5.0-SNAPSHOT/hadoop-hdds-container-service-0.5.0-SNAPSHOT.jar!/webapps/static,AVAILABLE}
2019-10-04 13:50:37,241 [main] INFO  handler.ContextHandler (ContextHandler.java:doStart(781)) - Started o.e.j.w.WebAppContext@7741d346{/,file:///tmp/jetty-0.0.0.0-39999-hddsDatanode-_-any-7124821336954639912.dir/webapp/,AVAILABLE}{/hddsDatanode}
2019-10-04 13:50:37,241 [main] INFO  server.AbstractConnector (AbstractConnector.java:doStart(278)) - Started ServerConnector@52454457{HTTP/1.1,[http/1.1]}{0.0.0.0:39999}
2019-10-04 13:50:37,242 [main] INFO  server.Server (Server.java:doStart(419)) - Started @110998ms
2019-10-04 13:50:37,243 [main] WARN  impl.MetricsSystemImpl (MetricsSystemImpl.java:register(276)) - Sink prometheus already exists!
2019-10-04 13:50:37,243 [main] INFO  server.BaseHttpServer (BaseHttpServer.java:updateConnectorAddress(215)) - HTTP server of HDDSDATANODE is listening at http://0.0.0.0:39999
2019-10-04 13:50:37,243 [main] INFO  impl.MetricsSystemImpl (MetricsSystemImpl.java:init(158)) - HddsDatanode metrics system started (again)
2019-10-04 13:50:37,249 [org.apache.hadoop.util.JvmPauseMonitor$Monitor@496989c5] INFO  util.JvmPauseMonitor (JvmPauseMonitor.java:run(188)) - Starting JVM pause monitor
2019-10-04 13:50:37,249 [main] INFO  ozone.HddsDatanodeService (HddsDatanodeService.java:start(184)) - HddsDatanodeService host:pr-hdds-2204-d78b8-1674338442 ip:192.168.5.142
2019-10-04 13:50:37,250 [Datanode State Machine Thread - 0] INFO  datanode.InitDatanodeState (InitDatanodeState.java:persistContainerDatanodeDetails(140)) - DatanodeDetails is persisted to /workdir/hadoop-ozone/integration-test/target/test-dir/MiniOzoneClusterImpl-97cba473-ea40-42b4-ab07-f206a05d6f19/datanode-3/meta/datanode.id
2019-10-04 13:50:37,262 [main] INFO  volume.HddsVolume (HddsVolume.java:<init>(176)) - Creating Volume: /workdir/hadoop-ozone/integration-test/target/test-dir/MiniOzoneClusterImpl-97cba473-ea40-42b4-ab07-f206a05d6f19/datanode-4/data/containers/hdds of  storage type : DISK and capacity : 1482555576320
2019-10-04 13:50:37,263 [main] INFO  volume.VolumeSet (VolumeSet.java:initializeVolumeSet(170)) - Added Volume : /workdir/hadoop-ozone/integration-test/target/test-dir/MiniOzoneClusterImpl-97cba473-ea40-42b4-ab07-f206a05d6f19/datanode-4/data/containers/hdds to VolumeSet
2019-10-04 13:50:37,263 [main] INFO  volume.ThrottledAsyncChecker (ThrottledAsyncChecker.java:schedule(139)) - Scheduling a check for org.apache.hadoop.ozone.container.common.volume.HddsVolume@7a682d35
2019-10-04 13:50:37,263 [main] INFO  volume.HddsVolumeChecker (HddsVolumeChecker.java:checkAllVolumes(202)) - Scheduled health check for volume org.apache.hadoop.ozone.container.common.volume.HddsVolume@7a682d35
2019-10-04 13:50:37,276 [main] INFO  impl.RaftServerProxy (ConfUtils.java:logGet(43)) - raft.rpc.type = GRPC (default)
2019-10-04 13:50:37,276 [main] INFO  grpc.GrpcFactory (GrpcFactory.java:checkPooledByteBufAllocatorUseCacheForAllThreads(45)) - PERFORMANCE WARNING: useCacheForAllThreads is true that may cause Netty to create a lot garbage objects and, as a result, trigger GC.
	It is recommended to disable useCacheForAllThreads by setting -Dorg.apache.ratis.thirdparty.io.netty.allocator.useCacheForAllThreads=false in command line.
2019-10-04 13:50:37,276 [main] INFO  grpc.GrpcConfigKeys$Server (ConfUtils.java:logGet(43)) - raft.grpc.server.port = 0 (default)
2019-10-04 13:50:37,276 [main] INFO  server.GrpcService (ConfUtils.java:logGet(43)) - raft.grpc.message.size.max = 33570816 (custom)
2019-10-04 13:50:37,276 [main] INFO  server.RaftServerConfigKeys (ConfUtils.java:logGet(43)) - raft.server.log.appender.buffer.byte-limit = 33554432 (custom)
2019-10-04 13:50:37,277 [main] INFO  server.GrpcService (ConfUtils.java:logGet(43)) - raft.grpc.flow.control.window = 1MB (=1048576) (default)
2019-10-04 13:50:37,277 [main] INFO  server.RaftServerConfigKeys (ConfUtils.java:logGet(43)) - raft.server.rpc.request.timeout = 3000ms (default)
2019-10-04 13:50:37,277 [main] INFO  server.RaftServerConfigKeys (ConfUtils.java:logGet(43)) - raft.server.storage.dir = [/workdir/hadoop-ozone/integration-test/target/test-dir/MiniOzoneClusterImpl-97cba473-ea40-42b4-ab07-f206a05d6f19/datanode-4/data/ratis] (custom)
2019-10-04 13:50:37,278 [main] INFO  hdfs.DFSUtil (DFSUtil.java:httpServerTemplateForNNAndJN(1641)) - Starting Web-server for hddsDatanode at: http://0.0.0.0:0
2019-10-04 13:50:37,280 [main] INFO  server.AuthenticationFilter (AuthenticationFilter.java:constructSecretProvider(240)) - Unable to initialize FileSignerSecretProvider, falling back to use random secrets.
2019-10-04 13:50:37,280 [main] WARN  http.HttpRequestLog (HttpRequestLog.java:getRequestLog(97)) - Jetty request log can only be enabled using Log4j
2019-10-04 13:50:37,281 [main] INFO  http.HttpServer2 (HttpServer2.java:addGlobalFilter(975)) - Added global filter 'safety' (class=org.apache.hadoop.http.HttpServer2$QuotingInputFilter)
2019-10-04 13:50:37,282 [main] INFO  http.HttpServer2 (HttpServer2.java:addFilter(948)) - Added filter static_user_filter (class=org.apache.hadoop.http.lib.StaticUserWebFilter$StaticUserFilter) to context hddsDatanode
2019-10-04 13:50:37,282 [main] INFO  http.HttpServer2 (HttpServer2.java:addFilter(958)) - Added filter static_user_filter (class=org.apache.hadoop.http.lib.StaticUserWebFilter$StaticUserFilter) to context logs
2019-10-04 13:50:37,282 [main] INFO  http.HttpServer2 (HttpServer2.java:addFilter(958)) - Added filter static_user_filter (class=org.apache.hadoop.http.lib.StaticUserWebFilter$StaticUserFilter) to context static
2019-10-04 13:50:37,283 [main] INFO  http.HttpServer2 (HttpServer2.java:bindListener(1191)) - Jetty bound to port 37288
2019-10-04 13:50:37,283 [main] INFO  server.Server (Server.java:doStart(351)) - jetty-9.3.25.v20180904, build timestamp: 2018-09-04T21:11:46Z, git hash: 3ce520221d0240229c862b122d2b06c12a625732
2019-10-04 13:50:37,284 [main] INFO  handler.ContextHandler (ContextHandler.java:doStart(781)) - Started o.e.j.s.ServletContextHandler@4538856f{/logs,file:///workdir/hadoop-ozone/integration-test/target/log,AVAILABLE}
2019-10-04 13:50:37,285 [main] INFO  handler.ContextHandler (ContextHandler.java:doStart(781)) - Started o.e.j.s.ServletContextHandler@74b86971{/static,jar:file:/home/user/.m2/repository/org/apache/hadoop/hadoop-hdds-container-service/0.5.0-SNAPSHOT/hadoop-hdds-container-service-0.5.0-SNAPSHOT.jar!/webapps/static,AVAILABLE}
2019-10-04 13:50:37,313 [main] INFO  handler.ContextHandler (ContextHandler.java:doStart(781)) - Started o.e.j.w.WebAppContext@286855ea{/,file:///tmp/jetty-0.0.0.0-37288-hddsDatanode-_-any-5160955764817890528.dir/webapp/,AVAILABLE}{/hddsDatanode}
2019-10-04 13:50:37,313 [main] INFO  server.AbstractConnector (AbstractConnector.java:doStart(278)) - Started ServerConnector@64aeaf29{HTTP/1.1,[http/1.1]}{0.0.0.0:37288}
2019-10-04 13:50:37,314 [main] INFO  server.Server (Server.java:doStart(419)) - Started @111070ms
2019-10-04 13:50:37,315 [main] WARN  impl.MetricsSystemImpl (MetricsSystemImpl.java:register(276)) - Sink prometheus already exists!
2019-10-04 13:50:37,315 [main] INFO  server.BaseHttpServer (BaseHttpServer.java:updateConnectorAddress(215)) - HTTP server of HDDSDATANODE is listening at http://0.0.0.0:37288
2019-10-04 13:50:37,315 [main] INFO  impl.MetricsSystemImpl (MetricsSystemImpl.java:init(158)) - HddsDatanode metrics system started (again)
2019-10-04 13:50:37,320 [org.apache.hadoop.util.JvmPauseMonitor$Monitor@4b8eaec4] INFO  util.JvmPauseMonitor (JvmPauseMonitor.java:run(188)) - Starting JVM pause monitor
2019-10-04 13:50:37,321 [main] INFO  ozone.HddsDatanodeService (HddsDatanodeService.java:start(184)) - HddsDatanodeService host:pr-hdds-2204-d78b8-1674338442 ip:192.168.5.142
2019-10-04 13:50:37,321 [Datanode State Machine Thread - 0] INFO  datanode.InitDatanodeState (InitDatanodeState.java:persistContainerDatanodeDetails(140)) - DatanodeDetails is persisted to /workdir/hadoop-ozone/integration-test/target/test-dir/MiniOzoneClusterImpl-97cba473-ea40-42b4-ab07-f206a05d6f19/datanode-4/meta/datanode.id
2019-10-04 13:50:37,326 [main] INFO  volume.HddsVolume (HddsVolume.java:<init>(176)) - Creating Volume: /workdir/hadoop-ozone/integration-test/target/test-dir/MiniOzoneClusterImpl-97cba473-ea40-42b4-ab07-f206a05d6f19/datanode-5/data/containers/hdds of  storage type : DISK and capacity : 1482555576320
2019-10-04 13:50:37,326 [main] INFO  volume.VolumeSet (VolumeSet.java:initializeVolumeSet(170)) - Added Volume : /workdir/hadoop-ozone/integration-test/target/test-dir/MiniOzoneClusterImpl-97cba473-ea40-42b4-ab07-f206a05d6f19/datanode-5/data/containers/hdds to VolumeSet
2019-10-04 13:50:37,326 [main] INFO  volume.ThrottledAsyncChecker (ThrottledAsyncChecker.java:schedule(139)) - Scheduling a check for org.apache.hadoop.ozone.container.common.volume.HddsVolume@45843650
2019-10-04 13:50:37,327 [main] INFO  volume.HddsVolumeChecker (HddsVolumeChecker.java:checkAllVolumes(202)) - Scheduled health check for volume org.apache.hadoop.ozone.container.common.volume.HddsVolume@45843650
2019-10-04 13:50:37,338 [main] INFO  impl.RaftServerProxy (ConfUtils.java:logGet(43)) - raft.rpc.type = GRPC (default)
2019-10-04 13:50:37,338 [main] INFO  grpc.GrpcFactory (GrpcFactory.java:checkPooledByteBufAllocatorUseCacheForAllThreads(45)) - PERFORMANCE WARNING: useCacheForAllThreads is true that may cause Netty to create a lot garbage objects and, as a result, trigger GC.
	It is recommended to disable useCacheForAllThreads by setting -Dorg.apache.ratis.thirdparty.io.netty.allocator.useCacheForAllThreads=false in command line.
2019-10-04 13:50:37,338 [main] INFO  grpc.GrpcConfigKeys$Server (ConfUtils.java:logGet(43)) - raft.grpc.server.port = 0 (default)
2019-10-04 13:50:37,338 [main] INFO  server.GrpcService (ConfUtils.java:logGet(43)) - raft.grpc.message.size.max = 33570816 (custom)
2019-10-04 13:50:37,338 [main] INFO  server.RaftServerConfigKeys (ConfUtils.java:logGet(43)) - raft.server.log.appender.buffer.byte-limit = 33554432 (custom)
2019-10-04 13:50:37,338 [main] INFO  server.GrpcService (ConfUtils.java:logGet(43)) - raft.grpc.flow.control.window = 1MB (=1048576) (default)
2019-10-04 13:50:37,339 [main] INFO  server.RaftServerConfigKeys (ConfUtils.java:logGet(43)) - raft.server.rpc.request.timeout = 3000ms (default)
2019-10-04 13:50:37,339 [main] INFO  server.RaftServerConfigKeys (ConfUtils.java:logGet(43)) - raft.server.storage.dir = [/workdir/hadoop-ozone/integration-test/target/test-dir/MiniOzoneClusterImpl-97cba473-ea40-42b4-ab07-f206a05d6f19/datanode-5/data/ratis] (custom)
2019-10-04 13:50:37,340 [main] INFO  hdfs.DFSUtil (DFSUtil.java:httpServerTemplateForNNAndJN(1641)) - Starting Web-server for hddsDatanode at: http://0.0.0.0:0
2019-10-04 13:50:37,341 [main] INFO  server.AuthenticationFilter (AuthenticationFilter.java:constructSecretProvider(240)) - Unable to initialize FileSignerSecretProvider, falling back to use random secrets.
2019-10-04 13:50:37,341 [main] WARN  http.HttpRequestLog (HttpRequestLog.java:getRequestLog(97)) - Jetty request log can only be enabled using Log4j
2019-10-04 13:50:37,343 [main] INFO  http.HttpServer2 (HttpServer2.java:addGlobalFilter(975)) - Added global filter 'safety' (class=org.apache.hadoop.http.HttpServer2$QuotingInputFilter)
2019-10-04 13:50:37,343 [main] INFO  http.HttpServer2 (HttpServer2.java:addFilter(948)) - Added filter static_user_filter (class=org.apache.hadoop.http.lib.StaticUserWebFilter$StaticUserFilter) to context hddsDatanode
2019-10-04 13:50:37,343 [main] INFO  http.HttpServer2 (HttpServer2.java:addFilter(958)) - Added filter static_user_filter (class=org.apache.hadoop.http.lib.StaticUserWebFilter$StaticUserFilter) to context static
2019-10-04 13:50:37,343 [main] INFO  http.HttpServer2 (HttpServer2.java:addFilter(958)) - Added filter static_user_filter (class=org.apache.hadoop.http.lib.StaticUserWebFilter$StaticUserFilter) to context logs
2019-10-04 13:50:37,344 [main] INFO  http.HttpServer2 (HttpServer2.java:bindListener(1191)) - Jetty bound to port 34636
2019-10-04 13:50:37,344 [main] INFO  server.Server (Server.java:doStart(351)) - jetty-9.3.25.v20180904, build timestamp: 2018-09-04T21:11:46Z, git hash: 3ce520221d0240229c862b122d2b06c12a625732
2019-10-04 13:50:37,345 [main] INFO  handler.ContextHandler (ContextHandler.java:doStart(781)) - Started o.e.j.s.ServletContextHandler@2ba1209b{/logs,file:///workdir/hadoop-ozone/integration-test/target/log,AVAILABLE}
2019-10-04 13:50:37,346 [main] INFO  handler.ContextHandler (ContextHandler.java:doStart(781)) - Started o.e.j.s.ServletContextHandler@58fd1214{/static,jar:file:/home/user/.m2/repository/org/apache/hadoop/hadoop-hdds-container-service/0.5.0-SNAPSHOT/hadoop-hdds-container-service-0.5.0-SNAPSHOT.jar!/webapps/static,AVAILABLE}
2019-10-04 13:50:37,370 [main] INFO  handler.ContextHandler (ContextHandler.java:doStart(781)) - Started o.e.j.w.WebAppContext@588545ac{/,file:///tmp/jetty-0.0.0.0-34636-hddsDatanode-_-any-3729893062097917301.dir/webapp/,AVAILABLE}{/hddsDatanode}
2019-10-04 13:50:37,370 [main] INFO  server.AbstractConnector (AbstractConnector.java:doStart(278)) - Started ServerConnector@2b08772d{HTTP/1.1,[http/1.1]}{0.0.0.0:34636}
2019-10-04 13:50:37,372 [main] INFO  server.Server (Server.java:doStart(419)) - Started @111127ms
2019-10-04 13:50:37,372 [main] WARN  impl.MetricsSystemImpl (MetricsSystemImpl.java:register(276)) - Sink prometheus already exists!
2019-10-04 13:50:37,372 [main] INFO  server.BaseHttpServer (BaseHttpServer.java:updateConnectorAddress(215)) - HTTP server of HDDSDATANODE is listening at http://0.0.0.0:34636
2019-10-04 13:50:37,373 [main] INFO  impl.MetricsSystemImpl (MetricsSystemImpl.java:init(158)) - HddsDatanode metrics system started (again)
2019-10-04 13:50:37,379 [org.apache.hadoop.util.JvmPauseMonitor$Monitor@1433b7a3] INFO  util.JvmPauseMonitor (JvmPauseMonitor.java:run(188)) - Starting JVM pause monitor
2019-10-04 13:50:37,379 [main] INFO  ozone.HddsDatanodeService (HddsDatanodeService.java:start(184)) - HddsDatanodeService host:pr-hdds-2204-d78b8-1674338442 ip:192.168.5.142
2019-10-04 13:50:37,380 [Datanode State Machine Thread - 0] INFO  datanode.InitDatanodeState (InitDatanodeState.java:persistContainerDatanodeDetails(140)) - DatanodeDetails is persisted to /workdir/hadoop-ozone/integration-test/target/test-dir/MiniOzoneClusterImpl-97cba473-ea40-42b4-ab07-f206a05d6f19/datanode-5/meta/datanode.id
2019-10-04 13:50:37,385 [main] INFO  volume.HddsVolume (HddsVolume.java:<init>(176)) - Creating Volume: /workdir/hadoop-ozone/integration-test/target/test-dir/MiniOzoneClusterImpl-97cba473-ea40-42b4-ab07-f206a05d6f19/datanode-6/data/containers/hdds of  storage type : DISK and capacity : 1482555576320
2019-10-04 13:50:37,385 [main] INFO  volume.VolumeSet (VolumeSet.java:initializeVolumeSet(170)) - Added Volume : /workdir/hadoop-ozone/integration-test/target/test-dir/MiniOzoneClusterImpl-97cba473-ea40-42b4-ab07-f206a05d6f19/datanode-6/data/containers/hdds to VolumeSet
2019-10-04 13:50:37,385 [main] INFO  volume.ThrottledAsyncChecker (ThrottledAsyncChecker.java:schedule(139)) - Scheduling a check for org.apache.hadoop.ozone.container.common.volume.HddsVolume@45e617c4
2019-10-04 13:50:37,386 [main] INFO  volume.HddsVolumeChecker (HddsVolumeChecker.java:checkAllVolumes(202)) - Scheduled health check for volume org.apache.hadoop.ozone.container.common.volume.HddsVolume@45e617c4
2019-10-04 13:50:37,397 [main] INFO  impl.RaftServerProxy (ConfUtils.java:logGet(43)) - raft.rpc.type = GRPC (default)
2019-10-04 13:50:37,397 [main] INFO  grpc.GrpcFactory (GrpcFactory.java:checkPooledByteBufAllocatorUseCacheForAllThreads(45)) - PERFORMANCE WARNING: useCacheForAllThreads is true that may cause Netty to create a lot garbage objects and, as a result, trigger GC.
	It is recommended to disable useCacheForAllThreads by setting -Dorg.apache.ratis.thirdparty.io.netty.allocator.useCacheForAllThreads=false in command line.
2019-10-04 13:50:37,398 [main] INFO  grpc.GrpcConfigKeys$Server (ConfUtils.java:logGet(43)) - raft.grpc.server.port = 0 (default)
2019-10-04 13:50:37,398 [main] INFO  server.GrpcService (ConfUtils.java:logGet(43)) - raft.grpc.message.size.max = 33570816 (custom)
2019-10-04 13:50:37,398 [main] INFO  server.RaftServerConfigKeys (ConfUtils.java:logGet(43)) - raft.server.log.appender.buffer.byte-limit = 33554432 (custom)
2019-10-04 13:50:37,398 [main] INFO  server.GrpcService (ConfUtils.java:logGet(43)) - raft.grpc.flow.control.window = 1MB (=1048576) (default)
2019-10-04 13:50:37,398 [main] INFO  server.RaftServerConfigKeys (ConfUtils.java:logGet(43)) - raft.server.rpc.request.timeout = 3000ms (default)
2019-10-04 13:50:37,399 [main] INFO  server.RaftServerConfigKeys (ConfUtils.java:logGet(43)) - raft.server.storage.dir = [/workdir/hadoop-ozone/integration-test/target/test-dir/MiniOzoneClusterImpl-97cba473-ea40-42b4-ab07-f206a05d6f19/datanode-6/data/ratis] (custom)
2019-10-04 13:50:37,400 [main] INFO  hdfs.DFSUtil (DFSUtil.java:httpServerTemplateForNNAndJN(1641)) - Starting Web-server for hddsDatanode at: http://0.0.0.0:0
2019-10-04 13:50:37,401 [main] INFO  server.AuthenticationFilter (AuthenticationFilter.java:constructSecretProvider(240)) - Unable to initialize FileSignerSecretProvider, falling back to use random secrets.
2019-10-04 13:50:37,401 [main] WARN  http.HttpRequestLog (HttpRequestLog.java:getRequestLog(97)) - Jetty request log can only be enabled using Log4j
2019-10-04 13:50:37,402 [main] INFO  http.HttpServer2 (HttpServer2.java:addGlobalFilter(975)) - Added global filter 'safety' (class=org.apache.hadoop.http.HttpServer2$QuotingInputFilter)
2019-10-04 13:50:37,402 [main] INFO  http.HttpServer2 (HttpServer2.java:addFilter(948)) - Added filter static_user_filter (class=org.apache.hadoop.http.lib.StaticUserWebFilter$StaticUserFilter) to context hddsDatanode
2019-10-04 13:50:37,403 [main] INFO  http.HttpServer2 (HttpServer2.java:addFilter(958)) - Added filter static_user_filter (class=org.apache.hadoop.http.lib.StaticUserWebFilter$StaticUserFilter) to context static
2019-10-04 13:50:37,403 [main] INFO  http.HttpServer2 (HttpServer2.java:addFilter(958)) - Added filter static_user_filter (class=org.apache.hadoop.http.lib.StaticUserWebFilter$StaticUserFilter) to context logs
2019-10-04 13:50:37,403 [main] INFO  http.HttpServer2 (HttpServer2.java:bindListener(1191)) - Jetty bound to port 44504
2019-10-04 13:50:37,403 [main] INFO  server.Server (Server.java:doStart(351)) - jetty-9.3.25.v20180904, build timestamp: 2018-09-04T21:11:46Z, git hash: 3ce520221d0240229c862b122d2b06c12a625732
2019-10-04 13:50:37,405 [main] INFO  handler.ContextHandler (ContextHandler.java:doStart(781)) - Started o.e.j.s.ServletContextHandler@5403799b{/logs,file:///workdir/hadoop-ozone/integration-test/target/log,AVAILABLE}
2019-10-04 13:50:37,405 [main] INFO  handler.ContextHandler (ContextHandler.java:doStart(781)) - Started o.e.j.s.ServletContextHandler@3ad8717d{/static,jar:file:/home/user/.m2/repository/org/apache/hadoop/hadoop-hdds-container-service/0.5.0-SNAPSHOT/hadoop-hdds-container-service-0.5.0-SNAPSHOT.jar!/webapps/static,AVAILABLE}
2019-10-04 13:50:37,430 [main] INFO  handler.ContextHandler (ContextHandler.java:doStart(781)) - Started o.e.j.w.WebAppContext@6518fdfd{/,file:///tmp/jetty-0.0.0.0-44504-hddsDatanode-_-any-480653741087658226.dir/webapp/,AVAILABLE}{/hddsDatanode}
2019-10-04 13:50:37,431 [main] INFO  server.AbstractConnector (AbstractConnector.java:doStart(278)) - Started ServerConnector@11d2dd2d{HTTP/1.1,[http/1.1]}{0.0.0.0:44504}
2019-10-04 13:50:37,432 [main] INFO  server.Server (Server.java:doStart(419)) - Started @111188ms
2019-10-04 13:50:37,432 [main] WARN  impl.MetricsSystemImpl (MetricsSystemImpl.java:register(276)) - Sink prometheus already exists!
2019-10-04 13:50:37,433 [main] INFO  server.BaseHttpServer (BaseHttpServer.java:updateConnectorAddress(215)) - HTTP server of HDDSDATANODE is listening at http://0.0.0.0:44504
2019-10-04 13:50:37,433 [main] INFO  ozone.MiniOzoneClusterImpl (MiniOzoneClusterImpl.java:lambda$waitForClusterToBeReady$0(147)) - Waiting for cluster to be ready. Got 0 of 7 DN Heartbeats.
2019-10-04 13:50:37,437 [org.apache.hadoop.util.JvmPauseMonitor$Monitor@7c66fe62] INFO  util.JvmPauseMonitor (JvmPauseMonitor.java:run(188)) - Starting JVM pause monitor
2019-10-04 13:50:37,438 [Datanode State Machine Thread - 0] INFO  datanode.InitDatanodeState (InitDatanodeState.java:persistContainerDatanodeDetails(140)) - DatanodeDetails is persisted to /workdir/hadoop-ozone/integration-test/target/test-dir/MiniOzoneClusterImpl-97cba473-ea40-42b4-ab07-f206a05d6f19/datanode-6/meta/datanode.id
2019-10-04 13:50:38,434 [main] INFO  ozone.MiniOzoneClusterImpl (MiniOzoneClusterImpl.java:lambda$waitForClusterToBeReady$0(147)) - Waiting for cluster to be ready. Got 0 of 7 DN Heartbeats.
2019-10-04 13:50:39,084 [Datanode State Machine Thread - 0] INFO  ozoneimpl.OzoneContainer (OzoneContainer.java:start(217)) - Attempting to start container services.
2019-10-04 13:50:39,086 [Datanode State Machine Thread - 0] INFO  ozoneimpl.OzoneContainer (OzoneContainer.java:startContainerScrub(179)) - Background container scanner has been disabled.
2019-10-04 13:50:39,086 [Datanode State Machine Thread - 0] INFO  ratis.XceiverServerRatis (XceiverServerRatis.java:start(417)) - Starting XceiverServerRatis 80257ecc-928d-4209-b42a-e72edc2eb975 at port 0
2019-10-04 13:50:39,092 [Datanode State Machine Thread - 0] INFO  impl.RaftServerProxy (RaftServerProxy.java:lambda$start$3(299)) - 80257ecc-928d-4209-b42a-e72edc2eb975: start RPC server
2019-10-04 13:50:39,095 [Datanode State Machine Thread - 0] INFO  server.GrpcService (GrpcService.java:startImpl(158)) - 80257ecc-928d-4209-b42a-e72edc2eb975: GrpcService started, listening on 0.0.0.0/0.0.0.0:37393
2019-10-04 13:50:39,095 [Datanode State Machine Thread - 0] INFO  ratis.XceiverServerRatis (XceiverServerRatis.java:start(427)) - XceiverServerRatis 80257ecc-928d-4209-b42a-e72edc2eb975 is started using port 37393
2019-10-04 13:50:39,095 [Datanode State Machine Thread - 0] INFO  server.XceiverServerGrpc (XceiverServerGrpc.java:start(149)) - XceiverServerGrpc 80257ecc-928d-4209-b42a-e72edc2eb975 is started using port 36579
2019-10-04 13:50:39,136 [Datanode State Machine Thread - 0] INFO  ozoneimpl.OzoneContainer (OzoneContainer.java:start(217)) - Attempting to start container services.
2019-10-04 13:50:39,139 [Datanode State Machine Thread - 0] INFO  ozoneimpl.OzoneContainer (OzoneContainer.java:startContainerScrub(179)) - Background container scanner has been disabled.
2019-10-04 13:50:39,140 [Datanode State Machine Thread - 0] INFO  ratis.XceiverServerRatis (XceiverServerRatis.java:start(417)) - Starting XceiverServerRatis ad718213-008c-41ec-8a72-c4d801cf9bd2 at port 0
2019-10-04 13:50:39,146 [Datanode State Machine Thread - 0] INFO  impl.RaftServerProxy (RaftServerProxy.java:lambda$start$3(299)) - ad718213-008c-41ec-8a72-c4d801cf9bd2: start RPC server
2019-10-04 13:50:39,147 [Datanode State Machine Thread - 0] INFO  server.GrpcService (GrpcService.java:startImpl(158)) - ad718213-008c-41ec-8a72-c4d801cf9bd2: GrpcService started, listening on 0.0.0.0/0.0.0.0:46365
2019-10-04 13:50:39,147 [Datanode State Machine Thread - 0] INFO  ratis.XceiverServerRatis (XceiverServerRatis.java:start(427)) - XceiverServerRatis ad718213-008c-41ec-8a72-c4d801cf9bd2 is started using port 46365
2019-10-04 13:50:39,147 [Datanode State Machine Thread - 0] INFO  server.XceiverServerGrpc (XceiverServerGrpc.java:start(149)) - XceiverServerGrpc ad718213-008c-41ec-8a72-c4d801cf9bd2 is started using port 41319
2019-10-04 13:50:39,196 [Datanode State Machine Thread - 0] INFO  ozoneimpl.OzoneContainer (OzoneContainer.java:start(217)) - Attempting to start container services.
2019-10-04 13:50:39,200 [Datanode State Machine Thread - 0] INFO  ozoneimpl.OzoneContainer (OzoneContainer.java:startContainerScrub(179)) - Background container scanner has been disabled.
2019-10-04 13:50:39,200 [Datanode State Machine Thread - 0] INFO  ratis.XceiverServerRatis (XceiverServerRatis.java:start(417)) - Starting XceiverServerRatis 31b1d0d0-3a95-4fb5-aa59-b70c59cd1b70 at port 0
2019-10-04 13:50:39,206 [Datanode State Machine Thread - 0] INFO  impl.RaftServerProxy (RaftServerProxy.java:lambda$start$3(299)) - 31b1d0d0-3a95-4fb5-aa59-b70c59cd1b70: start RPC server
2019-10-04 13:50:39,207 [Datanode State Machine Thread - 0] INFO  server.GrpcService (GrpcService.java:startImpl(158)) - 31b1d0d0-3a95-4fb5-aa59-b70c59cd1b70: GrpcService started, listening on 0.0.0.0/0.0.0.0:43022
2019-10-04 13:50:39,207 [Datanode State Machine Thread - 0] INFO  ratis.XceiverServerRatis (XceiverServerRatis.java:start(427)) - XceiverServerRatis 31b1d0d0-3a95-4fb5-aa59-b70c59cd1b70 is started using port 43022
2019-10-04 13:50:39,208 [Datanode State Machine Thread - 0] INFO  server.XceiverServerGrpc (XceiverServerGrpc.java:start(149)) - XceiverServerGrpc 31b1d0d0-3a95-4fb5-aa59-b70c59cd1b70 is started using port 41891
2019-10-04 13:50:39,264 [Datanode State Machine Thread - 0] INFO  ozoneimpl.OzoneContainer (OzoneContainer.java:start(217)) - Attempting to start container services.
2019-10-04 13:50:39,264 [Datanode State Machine Thread - 0] INFO  ozoneimpl.OzoneContainer (OzoneContainer.java:startContainerScrub(179)) - Background container scanner has been disabled.
2019-10-04 13:50:39,264 [Datanode State Machine Thread - 0] INFO  ratis.XceiverServerRatis (XceiverServerRatis.java:start(417)) - Starting XceiverServerRatis 04afb25a-741f-41f6-b351-097881b4d4ad at port 0
2019-10-04 13:50:39,271 [Datanode State Machine Thread - 0] INFO  impl.RaftServerProxy (RaftServerProxy.java:lambda$start$3(299)) - 04afb25a-741f-41f6-b351-097881b4d4ad: start RPC server
2019-10-04 13:50:39,271 [Datanode State Machine Thread - 0] INFO  server.GrpcService (GrpcService.java:startImpl(158)) - 04afb25a-741f-41f6-b351-097881b4d4ad: GrpcService started, listening on 0.0.0.0/0.0.0.0:38864
2019-10-04 13:50:39,272 [Datanode State Machine Thread - 0] INFO  ratis.XceiverServerRatis (XceiverServerRatis.java:start(427)) - XceiverServerRatis 04afb25a-741f-41f6-b351-097881b4d4ad is started using port 38864
2019-10-04 13:50:39,274 [Datanode State Machine Thread - 0] INFO  server.XceiverServerGrpc (XceiverServerGrpc.java:start(149)) - XceiverServerGrpc 04afb25a-741f-41f6-b351-097881b4d4ad is started using port 33241
2019-10-04 13:50:39,336 [Datanode State Machine Thread - 0] INFO  ozoneimpl.OzoneContainer (OzoneContainer.java:start(217)) - Attempting to start container services.
2019-10-04 13:50:39,336 [Datanode State Machine Thread - 0] INFO  ozoneimpl.OzoneContainer (OzoneContainer.java:startContainerScrub(179)) - Background container scanner has been disabled.
2019-10-04 13:50:39,337 [Datanode State Machine Thread - 0] INFO  ratis.XceiverServerRatis (XceiverServerRatis.java:start(417)) - Starting XceiverServerRatis 39fd4120-165e-45ec-b9c4-971d1f74e9b4 at port 0
2019-10-04 13:50:39,342 [Datanode State Machine Thread - 0] INFO  impl.RaftServerProxy (RaftServerProxy.java:lambda$start$3(299)) - 39fd4120-165e-45ec-b9c4-971d1f74e9b4: start RPC server
2019-10-04 13:50:39,344 [Datanode State Machine Thread - 0] INFO  server.GrpcService (GrpcService.java:startImpl(158)) - 39fd4120-165e-45ec-b9c4-971d1f74e9b4: GrpcService started, listening on 0.0.0.0/0.0.0.0:37151
2019-10-04 13:50:39,345 [Datanode State Machine Thread - 0] INFO  ratis.XceiverServerRatis (XceiverServerRatis.java:start(427)) - XceiverServerRatis 39fd4120-165e-45ec-b9c4-971d1f74e9b4 is started using port 37151
2019-10-04 13:50:39,345 [Datanode State Machine Thread - 0] INFO  server.XceiverServerGrpc (XceiverServerGrpc.java:start(149)) - XceiverServerGrpc 39fd4120-165e-45ec-b9c4-971d1f74e9b4 is started using port 35126
2019-10-04 13:50:39,397 [Datanode State Machine Thread - 0] INFO  ozoneimpl.OzoneContainer (OzoneContainer.java:start(217)) - Attempting to start container services.
2019-10-04 13:50:39,398 [Datanode State Machine Thread - 0] INFO  ozoneimpl.OzoneContainer (OzoneContainer.java:startContainerScrub(179)) - Background container scanner has been disabled.
2019-10-04 13:50:39,398 [Datanode State Machine Thread - 0] INFO  ratis.XceiverServerRatis (XceiverServerRatis.java:start(417)) - Starting XceiverServerRatis a689a1f5-8151-4250-ba72-b5275e1c6db9 at port 0
2019-10-04 13:50:39,404 [Datanode State Machine Thread - 0] INFO  impl.RaftServerProxy (RaftServerProxy.java:lambda$start$3(299)) - a689a1f5-8151-4250-ba72-b5275e1c6db9: start RPC server
2019-10-04 13:50:39,407 [Datanode State Machine Thread - 0] INFO  server.GrpcService (GrpcService.java:startImpl(158)) - a689a1f5-8151-4250-ba72-b5275e1c6db9: GrpcService started, listening on 0.0.0.0/0.0.0.0:33449
2019-10-04 13:50:39,407 [Datanode State Machine Thread - 0] INFO  ratis.XceiverServerRatis (XceiverServerRatis.java:start(427)) - XceiverServerRatis a689a1f5-8151-4250-ba72-b5275e1c6db9 is started using port 33449
2019-10-04 13:50:39,407 [Datanode State Machine Thread - 0] INFO  server.XceiverServerGrpc (XceiverServerGrpc.java:start(149)) - XceiverServerGrpc a689a1f5-8151-4250-ba72-b5275e1c6db9 is started using port 38264
2019-10-04 13:50:39,436 [main] INFO  ozone.MiniOzoneClusterImpl (MiniOzoneClusterImpl.java:lambda$waitForClusterToBeReady$0(147)) - Waiting for cluster to be ready. Got 0 of 7 DN Heartbeats.
2019-10-04 13:50:39,454 [Datanode State Machine Thread - 0] INFO  ozoneimpl.OzoneContainer (OzoneContainer.java:start(217)) - Attempting to start container services.
2019-10-04 13:50:39,454 [Datanode State Machine Thread - 0] INFO  ozoneimpl.OzoneContainer (OzoneContainer.java:startContainerScrub(179)) - Background container scanner has been disabled.
2019-10-04 13:50:39,454 [Datanode State Machine Thread - 0] INFO  ratis.XceiverServerRatis (XceiverServerRatis.java:start(417)) - Starting XceiverServerRatis f197505c-7249-4e8e-ad61-1f2f0f7e51cb at port 0
2019-10-04 13:50:39,462 [Datanode State Machine Thread - 0] INFO  impl.RaftServerProxy (RaftServerProxy.java:lambda$start$3(299)) - f197505c-7249-4e8e-ad61-1f2f0f7e51cb: start RPC server
2019-10-04 13:50:39,470 [Datanode State Machine Thread - 0] INFO  server.GrpcService (GrpcService.java:startImpl(158)) - f197505c-7249-4e8e-ad61-1f2f0f7e51cb: GrpcService started, listening on 0.0.0.0/0.0.0.0:39434
2019-10-04 13:50:39,470 [Datanode State Machine Thread - 0] INFO  ratis.XceiverServerRatis (XceiverServerRatis.java:start(427)) - XceiverServerRatis f197505c-7249-4e8e-ad61-1f2f0f7e51cb is started using port 39434
2019-10-04 13:50:39,471 [Datanode State Machine Thread - 0] INFO  server.XceiverServerGrpc (XceiverServerGrpc.java:start(149)) - XceiverServerGrpc f197505c-7249-4e8e-ad61-1f2f0f7e51cb is started using port 39899
2019-10-04 13:50:40,436 [main] INFO  ozone.MiniOzoneClusterImpl (MiniOzoneClusterImpl.java:lambda$waitForClusterToBeReady$0(147)) - Waiting for cluster to be ready. Got 0 of 7 DN Heartbeats.
2019-10-04 13:50:41,066 [IPC Server handler 4 on 46460] INFO  net.NetworkTopology (NetworkTopologyImpl.java:add(111)) - Added a new node: /default-rack/80257ecc-928d-4209-b42a-e72edc2eb975
2019-10-04 13:50:41,068 [IPC Server handler 4 on 46460] INFO  node.SCMNodeManager (SCMNodeManager.java:register(268)) - Registered Data node : 80257ecc-928d-4209-b42a-e72edc2eb975{ip: 192.168.5.142, host: pr-hdds-2204-d78b8-1674338442, networkLocation: /default-rack, certSerialId: null}
2019-10-04 13:50:41,069 [EventQueue-NodeRegistrationContainerReportForDataNodeSafeModeRule] INFO  safemode.SCMSafeModeManager (DataNodeSafeModeRule.java:process(71)) - SCM in safe mode. 1 DataNodes registered, 1 required.
2019-10-04 13:50:41,070 [EventQueue-NodeRegistrationContainerReportForDataNodeSafeModeRule] INFO  safemode.SCMSafeModeManager (SCMSafeModeManager.java:validateSafeModeExitRules(177)) - ScmSafeModeManager, all rules are successfully validated
2019-10-04 13:50:41,070 [EventQueue-NodeRegistrationContainerReportForDataNodeSafeModeRule] INFO  safemode.SCMSafeModeManager (SCMSafeModeManager.java:exitSafeMode(193)) - SCM exiting safe mode.
2019-10-04 13:50:41,082 [grpc-default-executor-4] INFO  impl.RaftServerProxy (RaftServerProxy.java:addNew(89)) - 80257ecc-928d-4209-b42a-e72edc2eb975: addNew group-949E19706834:[80257ecc-928d-4209-b42a-e72edc2eb975:192.168.5.142:37393] returns group-949E19706834:java.util.concurrent.CompletableFuture@74643fdb[Not completed]
2019-10-04 13:50:41,083 [pool-207-thread-1] INFO  impl.RaftServerImpl (RaftServerImpl.java:<init>(95)) - 80257ecc-928d-4209-b42a-e72edc2eb975: new RaftServerImpl for group-949E19706834:[80257ecc-928d-4209-b42a-e72edc2eb975:192.168.5.142:37393] with ContainerStateMachine:uninitialized
2019-10-04 13:50:41,083 [pool-207-thread-1] INFO  server.RaftServerConfigKeys (ConfUtils.java:logGet(43)) - raft.server.rpc.timeout.min = 5s (custom)
2019-10-04 13:50:41,083 [pool-207-thread-1] INFO  server.RaftServerConfigKeys (ConfUtils.java:logGet(43)) - raft.server.rpc.timeout.max = 5200ms (custom)
2019-10-04 13:50:41,083 [pool-207-thread-1] INFO  server.RaftServerConfigKeys (ConfUtils.java:logGet(43)) - raft.server.rpcslowness.timeout = 120s (custom)
2019-10-04 13:50:41,084 [pool-207-thread-1] INFO  server.RaftServerConfigKeys (ConfUtils.java:logGet(43)) - raft.server.sleep.deviation.threshold = 300 (default)
2019-10-04 13:50:41,084 [pool-207-thread-1] INFO  server.RaftServerConfigKeys (ConfUtils.java:logGet(43)) - raft.server.log.appender.install.snapshot.enabled = false (custom)
2019-10-04 13:50:41,084 [pool-207-thread-1] INFO  impl.RaftServerImpl (ServerState.java:<init>(103)) - 80257ecc-928d-4209-b42a-e72edc2eb975@group-949E19706834: ConfigurationManager, init=-1: [80257ecc-928d-4209-b42a-e72edc2eb975:192.168.5.142:37393], old=null, confs=<EMPTY_MAP>
2019-10-04 13:50:41,084 [pool-207-thread-1] INFO  server.RaftServerConfigKeys (ConfUtils.java:logGet(43)) - raft.server.storage.dir = [/workdir/hadoop-ozone/integration-test/target/test-dir/MiniOzoneClusterImpl-97cba473-ea40-42b4-ab07-f206a05d6f19/datanode-0/data/ratis] (custom)
2019-10-04 13:50:41,084 [pool-207-thread-1] INFO  server.RaftServerConfigKeys (ConfUtils.java:logGet(43)) - raft.server.log.corruption.policy = EXCEPTION (default)
2019-10-04 13:50:41,084 [pool-207-thread-1] INFO  storage.RaftStorageDirectory (RaftStorageDirectory.java:analyzeStorage(246)) - The storage directory /workdir/hadoop-ozone/integration-test/target/test-dir/MiniOzoneClusterImpl-97cba473-ea40-42b4-ab07-f206a05d6f19/datanode-0/data/ratis/a43c4bca-e909-4fe5-9764-949e19706834 does not exist. Creating ...
2019-10-04 13:50:41,106 [pool-207-thread-1] INFO  storage.RaftStorageDirectory (RaftStorageDirectory.java:tryLock(328)) - Lock on /workdir/hadoop-ozone/integration-test/target/test-dir/MiniOzoneClusterImpl-97cba473-ea40-42b4-ab07-f206a05d6f19/datanode-0/data/ratis/a43c4bca-e909-4fe5-9764-949e19706834/in_use.lock acquired by nodename 23947@pr-hdds-2204-d78b8-1674338442
2019-10-04 13:50:41,122 [IPC Server handler 5 on 46460] INFO  net.NetworkTopology (NetworkTopologyImpl.java:add(111)) - Added a new node: /default-rack/ad718213-008c-41ec-8a72-c4d801cf9bd2
2019-10-04 13:50:41,122 [IPC Server handler 5 on 46460] INFO  node.SCMNodeManager (SCMNodeManager.java:register(268)) - Registered Data node : ad718213-008c-41ec-8a72-c4d801cf9bd2{ip: 192.168.5.142, host: pr-hdds-2204-d78b8-1674338442, networkLocation: /default-rack, certSerialId: null}
2019-10-04 13:50:41,123 [pool-207-thread-1] INFO  storage.RaftStorage (RaftStorage.java:format(84)) - Storage directory /workdir/hadoop-ozone/integration-test/target/test-dir/MiniOzoneClusterImpl-97cba473-ea40-42b4-ab07-f206a05d6f19/datanode-0/data/ratis/a43c4bca-e909-4fe5-9764-949e19706834 has been successfully formatted.
2019-10-04 13:50:41,124 [pool-207-thread-1] INFO  ratis.ContainerStateMachine (ContainerStateMachine.java:loadSnapshot(230)) - group-949E19706834: The snapshot info is null. Setting the last applied indexto:(t:0, i:~)
2019-10-04 13:50:41,124 [pool-207-thread-1] INFO  server.RaftServerConfigKeys (ConfUtils.java:logGet(43)) - raft.server.notification.no-leader.timeout = 120s (custom)
2019-10-04 13:50:41,124 [pool-207-thread-1] INFO  server.RaftServerConfigKeys (ConfUtils.java:logGet(43)) - raft.server.log.use.memory = false (default)
2019-10-04 13:50:41,124 [pool-207-thread-1] INFO  server.RaftServerConfigKeys (ConfUtils.java:logGet(43)) - raft.server.log.purge.gap = 1000000 (custom)
2019-10-04 13:50:41,124 [pool-207-thread-1] INFO  server.RaftServerConfigKeys (ConfUtils.java:logGet(43)) - raft.server.log.appender.buffer.byte-limit = 33554432 (custom)
2019-10-04 13:50:41,124 [pool-207-thread-1] INFO  server.RaftServerConfigKeys (ConfUtils.java:logGet(43)) - raft.server.log.segment.size.max = 1048576 (custom)
2019-10-04 13:50:41,126 [pool-207-thread-1] INFO  server.RaftServerConfigKeys (ConfUtils.java:logGet(43)) - raft.server.log.segment.cache.num.max = 2 (custom)
2019-10-04 13:50:41,127 [pool-207-thread-1] INFO  segmented.SegmentedRaftLogWorker (SegmentedRaftLogWorker.java:<init>(173)) - new 80257ecc-928d-4209-b42a-e72edc2eb975@group-949E19706834-SegmentedRaftLogWorker for RaftStorage:Storage Directory /workdir/hadoop-ozone/integration-test/target/test-dir/MiniOzoneClusterImpl-97cba473-ea40-42b4-ab07-f206a05d6f19/datanode-0/data/ratis/a43c4bca-e909-4fe5-9764-949e19706834
2019-10-04 13:50:41,127 [pool-207-thread-1] INFO  server.RaftServerConfigKeys (ConfUtils.java:logGet(43)) - raft.server.log.queue.byte-limit = 2147483647 (custom)
2019-10-04 13:50:41,127 [pool-207-thread-1] INFO  server.RaftServerConfigKeys (ConfUtils.java:logGet(43)) - raft.server.log.queue.element-limit = 1024 (custom)
2019-10-04 13:50:41,127 [pool-207-thread-1] INFO  server.RaftServerConfigKeys (ConfUtils.java:logGet(43)) - raft.server.log.segment.size.max = 1048576 (custom)
2019-10-04 13:50:41,127 [pool-207-thread-1] INFO  server.RaftServerConfigKeys (ConfUtils.java:logGet(43)) - raft.server.log.preallocated.size = 16384 (custom)
2019-10-04 13:50:41,127 [pool-207-thread-1] INFO  server.RaftServerConfigKeys (ConfUtils.java:logGet(43)) - raft.server.log.write.buffer.size = 33554432 (custom)
2019-10-04 13:50:41,127 [pool-207-thread-1] INFO  server.RaftServerConfigKeys (ConfUtils.java:logGet(43)) - raft.server.log.force.sync.num = 128 (default)
2019-10-04 13:50:41,127 [pool-207-thread-1] INFO  server.RaftServerConfigKeys (ConfUtils.java:logGet(43)) - raft.server.log.statemachine.data.sync = true (default)
2019-10-04 13:50:41,127 [pool-207-thread-1] INFO  server.RaftServerConfigKeys (ConfUtils.java:logGet(43)) - raft.server.log.statemachine.data.sync.timeout = 10s (default)
2019-10-04 13:50:41,128 [pool-207-thread-1] INFO  server.RaftServerConfigKeys (ConfUtils.java:logGet(43)) - raft.server.log.statemachine.data.sync.timeout.retry = -1 (default)
2019-10-04 13:50:41,128 [pool-207-thread-1] INFO  server.RaftServerConfigKeys (ConfUtils.java:logGet(43)) - raft.server.log.statemachine.data.caching.enabled = true (custom)
2019-10-04 13:50:41,128 [pool-207-thread-1] INFO  segmented.SegmentedRaftLogWorker (SegmentedRaftLogWorker.java:lambda$new$0(128)) - 80257ecc-928d-4209-b42a-e72edc2eb975@group-949E19706834-SegmentedRaftLogWorker: flushIndex: setUnconditionally 0 -> -1
2019-10-04 13:50:41,129 [pool-207-thread-1] INFO  server.RaftServerConfigKeys (ConfUtils.java:logGet(43)) - raft.server.snapshot.auto.trigger.enabled = true (custom)
2019-10-04 13:50:41,129 [pool-207-thread-1] INFO  server.RaftServerConfigKeys (ConfUtils.java:logGet(43)) - raft.server.snapshot.auto.trigger.threshold = 10000 (custom)
2019-10-04 13:50:41,129 [pool-207-thread-1] INFO  server.RaftServerConfigKeys (ConfUtils.java:logGet(43)) - raft.server.snapshot.retention.file.num = 5 (custom)
2019-10-04 13:50:41,129 [pool-207-thread-1] INFO  server.RaftServerConfigKeys (ConfUtils.java:logGet(43)) - raft.server.retrycache.expirytime = 600000ms (custom)
2019-10-04 13:50:41,131 [pool-207-thread-1] INFO  impl.RaftServerImpl (RaftServerImpl.java:start(181)) - 80257ecc-928d-4209-b42a-e72edc2eb975@group-949E19706834: start as a follower, conf=-1: [80257ecc-928d-4209-b42a-e72edc2eb975:192.168.5.142:37393], old=null
2019-10-04 13:50:41,131 [pool-207-thread-1] INFO  impl.RaftServerImpl (RaftServerImpl.java:setRole(170)) - 80257ecc-928d-4209-b42a-e72edc2eb975@group-949E19706834: changes role from      null to FOLLOWER at term 0 for startAsFollower
2019-10-04 13:50:41,131 [pool-207-thread-1] INFO  impl.RoleInfo (RoleInfo.java:updateAndGet(143)) - 80257ecc-928d-4209-b42a-e72edc2eb975: start FollowerState
2019-10-04 13:50:41,131 [pool-207-thread-1] INFO  util.JmxRegister (JmxRegister.java:tryRegister(44)) - Successfully registered JMX Bean with object name Ratis:service=RaftServer,group=group-949E19706834,id=80257ecc-928d-4209-b42a-e72edc2eb975
2019-10-04 13:50:41,145 [RatisPipelineUtilsThread] INFO  pipeline.PipelineStateManager (PipelineStateManager.java:addPipeline(56)) - Created pipeline Pipeline[ Id: a43c4bca-e909-4fe5-9764-949e19706834, Nodes: 80257ecc-928d-4209-b42a-e72edc2eb975{ip: 192.168.5.142, host: pr-hdds-2204-d78b8-1674338442, networkLocation: /default-rack, certSerialId: null}, Type:RATIS, Factor:ONE, State:OPEN]
2019-10-04 13:50:41,152 [grpc-default-executor-4] INFO  impl.RaftServerProxy (RaftServerProxy.java:addNew(89)) - ad718213-008c-41ec-8a72-c4d801cf9bd2: addNew group-4315827237D1:[ad718213-008c-41ec-8a72-c4d801cf9bd2:192.168.5.142:46365] returns group-4315827237D1:java.util.concurrent.CompletableFuture@5dcd7b8b[Not completed]
2019-10-04 13:50:41,153 [pool-217-thread-1] INFO  impl.RaftServerImpl (RaftServerImpl.java:<init>(95)) - ad718213-008c-41ec-8a72-c4d801cf9bd2: new RaftServerImpl for group-4315827237D1:[ad718213-008c-41ec-8a72-c4d801cf9bd2:192.168.5.142:46365] with ContainerStateMachine:uninitialized
2019-10-04 13:50:41,153 [pool-217-thread-1] INFO  server.RaftServerConfigKeys (ConfUtils.java:logGet(43)) - raft.server.rpc.timeout.min = 5s (custom)
2019-10-04 13:50:41,153 [pool-217-thread-1] INFO  server.RaftServerConfigKeys (ConfUtils.java:logGet(43)) - raft.server.rpc.timeout.max = 5200ms (custom)
2019-10-04 13:50:41,153 [pool-217-thread-1] INFO  server.RaftServerConfigKeys (ConfUtils.java:logGet(43)) - raft.server.rpcslowness.timeout = 120s (custom)
2019-10-04 13:50:41,153 [pool-217-thread-1] INFO  server.RaftServerConfigKeys (ConfUtils.java:logGet(43)) - raft.server.sleep.deviation.threshold = 300 (default)
2019-10-04 13:50:41,154 [pool-217-thread-1] INFO  server.RaftServerConfigKeys (ConfUtils.java:logGet(43)) - raft.server.log.appender.install.snapshot.enabled = false (custom)
2019-10-04 13:50:41,154 [pool-217-thread-1] INFO  impl.RaftServerImpl (ServerState.java:<init>(103)) - ad718213-008c-41ec-8a72-c4d801cf9bd2@group-4315827237D1: ConfigurationManager, init=-1: [ad718213-008c-41ec-8a72-c4d801cf9bd2:192.168.5.142:46365], old=null, confs=<EMPTY_MAP>
2019-10-04 13:50:41,154 [pool-217-thread-1] INFO  server.RaftServerConfigKeys (ConfUtils.java:logGet(43)) - raft.server.storage.dir = [/workdir/hadoop-ozone/integration-test/target/test-dir/MiniOzoneClusterImpl-97cba473-ea40-42b4-ab07-f206a05d6f19/datanode-1/data/ratis] (custom)
2019-10-04 13:50:41,154 [pool-217-thread-1] INFO  server.RaftServerConfigKeys (ConfUtils.java:logGet(43)) - raft.server.log.corruption.policy = EXCEPTION (default)
2019-10-04 13:50:41,154 [pool-217-thread-1] INFO  storage.RaftStorageDirectory (RaftStorageDirectory.java:analyzeStorage(246)) - The storage directory /workdir/hadoop-ozone/integration-test/target/test-dir/MiniOzoneClusterImpl-97cba473-ea40-42b4-ab07-f206a05d6f19/datanode-1/data/ratis/b16c18e3-ef50-4291-a914-4315827237d1 does not exist. Creating ...
2019-10-04 13:50:41,179 [pool-217-thread-1] INFO  storage.RaftStorageDirectory (RaftStorageDirectory.java:tryLock(328)) - Lock on /workdir/hadoop-ozone/integration-test/target/test-dir/MiniOzoneClusterImpl-97cba473-ea40-42b4-ab07-f206a05d6f19/datanode-1/data/ratis/b16c18e3-ef50-4291-a914-4315827237d1/in_use.lock acquired by nodename 23947@pr-hdds-2204-d78b8-1674338442
2019-10-04 13:50:41,184 [IPC Server handler 6 on 46460] INFO  net.NetworkTopology (NetworkTopologyImpl.java:add(111)) - Added a new node: /default-rack/31b1d0d0-3a95-4fb5-aa59-b70c59cd1b70
2019-10-04 13:50:41,184 [IPC Server handler 6 on 46460] INFO  node.SCMNodeManager (SCMNodeManager.java:register(268)) - Registered Data node : 31b1d0d0-3a95-4fb5-aa59-b70c59cd1b70{ip: 192.168.5.142, host: pr-hdds-2204-d78b8-1674338442, networkLocation: /default-rack, certSerialId: null}
2019-10-04 13:50:41,194 [pool-217-thread-1] INFO  storage.RaftStorage (RaftStorage.java:format(84)) - Storage directory /workdir/hadoop-ozone/integration-test/target/test-dir/MiniOzoneClusterImpl-97cba473-ea40-42b4-ab07-f206a05d6f19/datanode-1/data/ratis/b16c18e3-ef50-4291-a914-4315827237d1 has been successfully formatted.
2019-10-04 13:50:41,194 [pool-217-thread-1] INFO  ratis.ContainerStateMachine (ContainerStateMachine.java:loadSnapshot(230)) - group-4315827237D1: The snapshot info is null. Setting the last applied indexto:(t:0, i:~)
2019-10-04 13:50:41,194 [pool-217-thread-1] INFO  server.RaftServerConfigKeys (ConfUtils.java:logGet(43)) - raft.server.notification.no-leader.timeout = 120s (custom)
2019-10-04 13:50:41,194 [pool-217-thread-1] INFO  server.RaftServerConfigKeys (ConfUtils.java:logGet(43)) - raft.server.log.use.memory = false (default)
2019-10-04 13:50:41,195 [pool-217-thread-1] INFO  server.RaftServerConfigKeys (ConfUtils.java:logGet(43)) - raft.server.log.purge.gap = 1000000 (custom)
2019-10-04 13:50:41,195 [pool-217-thread-1] INFO  server.RaftServerConfigKeys (ConfUtils.java:logGet(43)) - raft.server.log.appender.buffer.byte-limit = 33554432 (custom)
2019-10-04 13:50:41,195 [pool-217-thread-1] INFO  server.RaftServerConfigKeys (ConfUtils.java:logGet(43)) - raft.server.log.segment.size.max = 1048576 (custom)
2019-10-04 13:50:41,197 [pool-217-thread-1] INFO  server.RaftServerConfigKeys (ConfUtils.java:logGet(43)) - raft.server.log.segment.cache.num.max = 2 (custom)
2019-10-04 13:50:41,197 [pool-217-thread-1] INFO  segmented.SegmentedRaftLogWorker (SegmentedRaftLogWorker.java:<init>(173)) - new ad718213-008c-41ec-8a72-c4d801cf9bd2@group-4315827237D1-SegmentedRaftLogWorker for RaftStorage:Storage Directory /workdir/hadoop-ozone/integration-test/target/test-dir/MiniOzoneClusterImpl-97cba473-ea40-42b4-ab07-f206a05d6f19/datanode-1/data/ratis/b16c18e3-ef50-4291-a914-4315827237d1
2019-10-04 13:50:41,197 [pool-217-thread-1] INFO  server.RaftServerConfigKeys (ConfUtils.java:logGet(43)) - raft.server.log.queue.byte-limit = 2147483647 (custom)
2019-10-04 13:50:41,197 [pool-217-thread-1] INFO  server.RaftServerConfigKeys (ConfUtils.java:logGet(43)) - raft.server.log.queue.element-limit = 1024 (custom)
2019-10-04 13:50:41,197 [pool-217-thread-1] INFO  server.RaftServerConfigKeys (ConfUtils.java:logGet(43)) - raft.server.log.segment.size.max = 1048576 (custom)
2019-10-04 13:50:41,197 [pool-217-thread-1] INFO  server.RaftServerConfigKeys (ConfUtils.java:logGet(43)) - raft.server.log.preallocated.size = 16384 (custom)
2019-10-04 13:50:41,197 [pool-217-thread-1] INFO  server.RaftServerConfigKeys (ConfUtils.java:logGet(43)) - raft.server.log.write.buffer.size = 33554432 (custom)
2019-10-04 13:50:41,197 [pool-217-thread-1] INFO  server.RaftServerConfigKeys (ConfUtils.java:logGet(43)) - raft.server.log.force.sync.num = 128 (default)
2019-10-04 13:50:41,198 [pool-217-thread-1] INFO  server.RaftServerConfigKeys (ConfUtils.java:logGet(43)) - raft.server.log.statemachine.data.sync = true (default)
2019-10-04 13:50:41,198 [pool-217-thread-1] INFO  server.RaftServerConfigKeys (ConfUtils.java:logGet(43)) - raft.server.log.statemachine.data.sync.timeout = 10s (default)
2019-10-04 13:50:41,198 [pool-217-thread-1] INFO  server.RaftServerConfigKeys (ConfUtils.java:logGet(43)) - raft.server.log.statemachine.data.sync.timeout.retry = -1 (default)
2019-10-04 13:50:41,198 [pool-217-thread-1] INFO  server.RaftServerConfigKeys (ConfUtils.java:logGet(43)) - raft.server.log.statemachine.data.caching.enabled = true (custom)
2019-10-04 13:50:41,198 [pool-217-thread-1] INFO  segmented.SegmentedRaftLogWorker (SegmentedRaftLogWorker.java:lambda$new$0(128)) - ad718213-008c-41ec-8a72-c4d801cf9bd2@group-4315827237D1-SegmentedRaftLogWorker: flushIndex: setUnconditionally 0 -> -1
2019-10-04 13:50:41,199 [pool-217-thread-1] INFO  server.RaftServerConfigKeys (ConfUtils.java:logGet(43)) - raft.server.snapshot.auto.trigger.enabled = true (custom)
2019-10-04 13:50:41,199 [pool-217-thread-1] INFO  server.RaftServerConfigKeys (ConfUtils.java:logGet(43)) - raft.server.snapshot.auto.trigger.threshold = 10000 (custom)
2019-10-04 13:50:41,199 [pool-217-thread-1] INFO  server.RaftServerConfigKeys (ConfUtils.java:logGet(43)) - raft.server.snapshot.retention.file.num = 5 (custom)
2019-10-04 13:50:41,199 [pool-217-thread-1] INFO  server.RaftServerConfigKeys (ConfUtils.java:logGet(43)) - raft.server.retrycache.expirytime = 600000ms (custom)
2019-10-04 13:50:41,202 [pool-217-thread-1] INFO  impl.RaftServerImpl (RaftServerImpl.java:start(181)) - ad718213-008c-41ec-8a72-c4d801cf9bd2@group-4315827237D1: start as a follower, conf=-1: [ad718213-008c-41ec-8a72-c4d801cf9bd2:192.168.5.142:46365], old=null
2019-10-04 13:50:41,202 [pool-217-thread-1] INFO  impl.RaftServerImpl (RaftServerImpl.java:setRole(170)) - ad718213-008c-41ec-8a72-c4d801cf9bd2@group-4315827237D1: changes role from      null to FOLLOWER at term 0 for startAsFollower
2019-10-04 13:50:41,202 [pool-217-thread-1] INFO  impl.RoleInfo (RoleInfo.java:updateAndGet(143)) - ad718213-008c-41ec-8a72-c4d801cf9bd2: start FollowerState
2019-10-04 13:50:41,203 [pool-217-thread-1] INFO  util.JmxRegister (JmxRegister.java:tryRegister(44)) - Successfully registered JMX Bean with object name Ratis:service=RaftServer,group=group-4315827237D1,id=ad718213-008c-41ec-8a72-c4d801cf9bd2
2019-10-04 13:50:41,212 [RatisPipelineUtilsThread] INFO  pipeline.PipelineStateManager (PipelineStateManager.java:addPipeline(56)) - Created pipeline Pipeline[ Id: b16c18e3-ef50-4291-a914-4315827237d1, Nodes: ad718213-008c-41ec-8a72-c4d801cf9bd2{ip: 192.168.5.142, host: pr-hdds-2204-d78b8-1674338442, networkLocation: /default-rack, certSerialId: null}, Type:RATIS, Factor:ONE, State:OPEN]
2019-10-04 13:50:41,219 [grpc-default-executor-4] INFO  impl.RaftServerProxy (RaftServerProxy.java:addNew(89)) - 31b1d0d0-3a95-4fb5-aa59-b70c59cd1b70: addNew group-1EBC35AB79FA:[31b1d0d0-3a95-4fb5-aa59-b70c59cd1b70:192.168.5.142:43022] returns group-1EBC35AB79FA:java.util.concurrent.CompletableFuture@678ebbf3[Not completed]
2019-10-04 13:50:41,224 [pool-227-thread-1] INFO  impl.RaftServerImpl (RaftServerImpl.java:<init>(95)) - 31b1d0d0-3a95-4fb5-aa59-b70c59cd1b70: new RaftServerImpl for group-1EBC35AB79FA:[31b1d0d0-3a95-4fb5-aa59-b70c59cd1b70:192.168.5.142:43022] with ContainerStateMachine:uninitialized
2019-10-04 13:50:41,225 [pool-227-thread-1] INFO  server.RaftServerConfigKeys (ConfUtils.java:logGet(43)) - raft.server.rpc.timeout.min = 5s (custom)
2019-10-04 13:50:41,225 [pool-227-thread-1] INFO  server.RaftServerConfigKeys (ConfUtils.java:logGet(43)) - raft.server.rpc.timeout.max = 5200ms (custom)
2019-10-04 13:50:41,225 [pool-227-thread-1] INFO  server.RaftServerConfigKeys (ConfUtils.java:logGet(43)) - raft.server.rpcslowness.timeout = 120s (custom)
2019-10-04 13:50:41,225 [pool-227-thread-1] INFO  server.RaftServerConfigKeys (ConfUtils.java:logGet(43)) - raft.server.sleep.deviation.threshold = 300 (default)
2019-10-04 13:50:41,225 [pool-227-thread-1] INFO  server.RaftServerConfigKeys (ConfUtils.java:logGet(43)) - raft.server.log.appender.install.snapshot.enabled = false (custom)
2019-10-04 13:50:41,225 [pool-227-thread-1] INFO  impl.RaftServerImpl (ServerState.java:<init>(103)) - 31b1d0d0-3a95-4fb5-aa59-b70c59cd1b70@group-1EBC35AB79FA: ConfigurationManager, init=-1: [31b1d0d0-3a95-4fb5-aa59-b70c59cd1b70:192.168.5.142:43022], old=null, confs=<EMPTY_MAP>
2019-10-04 13:50:41,225 [pool-227-thread-1] INFO  server.RaftServerConfigKeys (ConfUtils.java:logGet(43)) - raft.server.storage.dir = [/workdir/hadoop-ozone/integration-test/target/test-dir/MiniOzoneClusterImpl-97cba473-ea40-42b4-ab07-f206a05d6f19/datanode-2/data/ratis] (custom)
2019-10-04 13:50:41,226 [pool-227-thread-1] INFO  server.RaftServerConfigKeys (ConfUtils.java:logGet(43)) - raft.server.log.corruption.policy = EXCEPTION (default)
2019-10-04 13:50:41,226 [pool-227-thread-1] INFO  storage.RaftStorageDirectory (RaftStorageDirectory.java:analyzeStorage(246)) - The storage directory /workdir/hadoop-ozone/integration-test/target/test-dir/MiniOzoneClusterImpl-97cba473-ea40-42b4-ab07-f206a05d6f19/datanode-2/data/ratis/a4390b93-fbdc-4f5f-b7ed-1ebc35ab79fa does not exist. Creating ...
2019-10-04 13:50:41,240 [pool-227-thread-1] INFO  storage.RaftStorageDirectory (RaftStorageDirectory.java:tryLock(328)) - Lock on /workdir/hadoop-ozone/integration-test/target/test-dir/MiniOzoneClusterImpl-97cba473-ea40-42b4-ab07-f206a05d6f19/datanode-2/data/ratis/a4390b93-fbdc-4f5f-b7ed-1ebc35ab79fa/in_use.lock acquired by nodename 23947@pr-hdds-2204-d78b8-1674338442
2019-10-04 13:50:41,249 [IPC Server handler 0 on 46460] INFO  net.NetworkTopology (NetworkTopologyImpl.java:add(111)) - Added a new node: /default-rack/04afb25a-741f-41f6-b351-097881b4d4ad
2019-10-04 13:50:41,250 [IPC Server handler 0 on 46460] INFO  node.SCMNodeManager (SCMNodeManager.java:register(268)) - Registered Data node : 04afb25a-741f-41f6-b351-097881b4d4ad{ip: 192.168.5.142, host: pr-hdds-2204-d78b8-1674338442, networkLocation: /default-rack, certSerialId: null}
2019-10-04 13:50:41,266 [pool-227-thread-1] INFO  storage.RaftStorage (RaftStorage.java:format(84)) - Storage directory /workdir/hadoop-ozone/integration-test/target/test-dir/MiniOzoneClusterImpl-97cba473-ea40-42b4-ab07-f206a05d6f19/datanode-2/data/ratis/a4390b93-fbdc-4f5f-b7ed-1ebc35ab79fa has been successfully formatted.
2019-10-04 13:50:41,266 [pool-227-thread-1] INFO  ratis.ContainerStateMachine (ContainerStateMachine.java:loadSnapshot(230)) - group-1EBC35AB79FA: The snapshot info is null. Setting the last applied indexto:(t:0, i:~)
2019-10-04 13:50:41,266 [pool-227-thread-1] INFO  server.RaftServerConfigKeys (ConfUtils.java:logGet(43)) - raft.server.notification.no-leader.timeout = 120s (custom)
2019-10-04 13:50:41,266 [pool-227-thread-1] INFO  server.RaftServerConfigKeys (ConfUtils.java:logGet(43)) - raft.server.log.use.memory = false (default)
2019-10-04 13:50:41,266 [pool-227-thread-1] INFO  server.RaftServerConfigKeys (ConfUtils.java:logGet(43)) - raft.server.log.purge.gap = 1000000 (custom)
2019-10-04 13:50:41,266 [pool-227-thread-1] INFO  server.RaftServerConfigKeys (ConfUtils.java:logGet(43)) - raft.server.log.appender.buffer.byte-limit = 33554432 (custom)
2019-10-04 13:50:41,267 [pool-227-thread-1] INFO  server.RaftServerConfigKeys (ConfUtils.java:logGet(43)) - raft.server.log.segment.size.max = 1048576 (custom)
2019-10-04 13:50:41,269 [pool-227-thread-1] INFO  server.RaftServerConfigKeys (ConfUtils.java:logGet(43)) - raft.server.log.segment.cache.num.max = 2 (custom)
2019-10-04 13:50:41,269 [pool-227-thread-1] INFO  segmented.SegmentedRaftLogWorker (SegmentedRaftLogWorker.java:<init>(173)) - new 31b1d0d0-3a95-4fb5-aa59-b70c59cd1b70@group-1EBC35AB79FA-SegmentedRaftLogWorker for RaftStorage:Storage Directory /workdir/hadoop-ozone/integration-test/target/test-dir/MiniOzoneClusterImpl-97cba473-ea40-42b4-ab07-f206a05d6f19/datanode-2/data/ratis/a4390b93-fbdc-4f5f-b7ed-1ebc35ab79fa
2019-10-04 13:50:41,269 [pool-227-thread-1] INFO  server.RaftServerConfigKeys (ConfUtils.java:logGet(43)) - raft.server.log.queue.byte-limit = 2147483647 (custom)
2019-10-04 13:50:41,269 [pool-227-thread-1] INFO  server.RaftServerConfigKeys (ConfUtils.java:logGet(43)) - raft.server.log.queue.element-limit = 1024 (custom)
2019-10-04 13:50:41,269 [pool-227-thread-1] INFO  server.RaftServerConfigKeys (ConfUtils.java:logGet(43)) - raft.server.log.segment.size.max = 1048576 (custom)
2019-10-04 13:50:41,269 [pool-227-thread-1] INFO  server.RaftServerConfigKeys (ConfUtils.java:logGet(43)) - raft.server.log.preallocated.size = 16384 (custom)
2019-10-04 13:50:41,269 [pool-227-thread-1] INFO  server.RaftServerConfigKeys (ConfUtils.java:logGet(43)) - raft.server.log.write.buffer.size = 33554432 (custom)
2019-10-04 13:50:41,269 [pool-227-thread-1] INFO  server.RaftServerConfigKeys (ConfUtils.java:logGet(43)) - raft.server.log.force.sync.num = 128 (default)
2019-10-04 13:50:41,270 [pool-227-thread-1] INFO  server.RaftServerConfigKeys (ConfUtils.java:logGet(43)) - raft.server.log.statemachine.data.sync = true (default)
2019-10-04 13:50:41,270 [pool-227-thread-1] INFO  server.RaftServerConfigKeys (ConfUtils.java:logGet(43)) - raft.server.log.statemachine.data.sync.timeout = 10s (default)
2019-10-04 13:50:41,270 [pool-227-thread-1] INFO  server.RaftServerConfigKeys (ConfUtils.java:logGet(43)) - raft.server.log.statemachine.data.sync.timeout.retry = -1 (default)
2019-10-04 13:50:41,270 [pool-227-thread-1] INFO  server.RaftServerConfigKeys (ConfUtils.java:logGet(43)) - raft.server.log.statemachine.data.caching.enabled = true (custom)
2019-10-04 13:50:41,270 [pool-227-thread-1] INFO  segmented.SegmentedRaftLogWorker (SegmentedRaftLogWorker.java:lambda$new$0(128)) - 31b1d0d0-3a95-4fb5-aa59-b70c59cd1b70@group-1EBC35AB79FA-SegmentedRaftLogWorker: flushIndex: setUnconditionally 0 -> -1
2019-10-04 13:50:41,271 [pool-227-thread-1] INFO  server.RaftServerConfigKeys (ConfUtils.java:logGet(43)) - raft.server.snapshot.auto.trigger.enabled = true (custom)
2019-10-04 13:50:41,271 [pool-227-thread-1] INFO  server.RaftServerConfigKeys (ConfUtils.java:logGet(43)) - raft.server.snapshot.auto.trigger.threshold = 10000 (custom)
2019-10-04 13:50:41,271 [pool-227-thread-1] INFO  server.RaftServerConfigKeys (ConfUtils.java:logGet(43)) - raft.server.snapshot.retention.file.num = 5 (custom)
2019-10-04 13:50:41,271 [pool-227-thread-1] INFO  server.RaftServerConfigKeys (ConfUtils.java:logGet(43)) - raft.server.retrycache.expirytime = 600000ms (custom)
2019-10-04 13:50:41,272 [pool-227-thread-1] INFO  impl.RaftServerImpl (RaftServerImpl.java:start(181)) - 31b1d0d0-3a95-4fb5-aa59-b70c59cd1b70@group-1EBC35AB79FA: start as a follower, conf=-1: [31b1d0d0-3a95-4fb5-aa59-b70c59cd1b70:192.168.5.142:43022], old=null
2019-10-04 13:50:41,273 [pool-227-thread-1] INFO  impl.RaftServerImpl (RaftServerImpl.java:setRole(170)) - 31b1d0d0-3a95-4fb5-aa59-b70c59cd1b70@group-1EBC35AB79FA: changes role from      null to FOLLOWER at term 0 for startAsFollower
2019-10-04 13:50:41,273 [pool-227-thread-1] INFO  impl.RoleInfo (RoleInfo.java:updateAndGet(143)) - 31b1d0d0-3a95-4fb5-aa59-b70c59cd1b70: start FollowerState
2019-10-04 13:50:41,273 [pool-227-thread-1] INFO  util.JmxRegister (JmxRegister.java:tryRegister(44)) - Successfully registered JMX Bean with object name Ratis:service=RaftServer,group=group-1EBC35AB79FA,id=31b1d0d0-3a95-4fb5-aa59-b70c59cd1b70
2019-10-04 13:50:41,279 [RatisPipelineUtilsThread] INFO  pipeline.PipelineStateManager (PipelineStateManager.java:addPipeline(56)) - Created pipeline Pipeline[ Id: a4390b93-fbdc-4f5f-b7ed-1ebc35ab79fa, Nodes: 31b1d0d0-3a95-4fb5-aa59-b70c59cd1b70{ip: 192.168.5.142, host: pr-hdds-2204-d78b8-1674338442, networkLocation: /default-rack, certSerialId: null}, Type:RATIS, Factor:ONE, State:OPEN]
2019-10-04 13:50:41,287 [grpc-default-executor-4] INFO  impl.RaftServerProxy (RaftServerProxy.java:addNew(89)) - 04afb25a-741f-41f6-b351-097881b4d4ad: addNew group-79D4BCEEB6D9:[04afb25a-741f-41f6-b351-097881b4d4ad:192.168.5.142:38864] returns group-79D4BCEEB6D9:java.util.concurrent.CompletableFuture@675911c2[Not completed]
2019-10-04 13:50:41,292 [pool-237-thread-1] INFO  impl.RaftServerImpl (RaftServerImpl.java:<init>(95)) - 04afb25a-741f-41f6-b351-097881b4d4ad: new RaftServerImpl for group-79D4BCEEB6D9:[04afb25a-741f-41f6-b351-097881b4d4ad:192.168.5.142:38864] with ContainerStateMachine:uninitialized
2019-10-04 13:50:41,292 [pool-237-thread-1] INFO  server.RaftServerConfigKeys (ConfUtils.java:logGet(43)) - raft.server.rpc.timeout.min = 5s (custom)
2019-10-04 13:50:41,292 [pool-237-thread-1] INFO  server.RaftServerConfigKeys (ConfUtils.java:logGet(43)) - raft.server.rpc.timeout.max = 5200ms (custom)
2019-10-04 13:50:41,292 [pool-237-thread-1] INFO  server.RaftServerConfigKeys (ConfUtils.java:logGet(43)) - raft.server.rpcslowness.timeout = 120s (custom)
2019-10-04 13:50:41,292 [pool-237-thread-1] INFO  server.RaftServerConfigKeys (ConfUtils.java:logGet(43)) - raft.server.sleep.deviation.threshold = 300 (default)
2019-10-04 13:50:41,292 [pool-237-thread-1] INFO  server.RaftServerConfigKeys (ConfUtils.java:logGet(43)) - raft.server.log.appender.install.snapshot.enabled = false (custom)
2019-10-04 13:50:41,292 [pool-237-thread-1] INFO  impl.RaftServerImpl (ServerState.java:<init>(103)) - 04afb25a-741f-41f6-b351-097881b4d4ad@group-79D4BCEEB6D9: ConfigurationManager, init=-1: [04afb25a-741f-41f6-b351-097881b4d4ad:192.168.5.142:38864], old=null, confs=<EMPTY_MAP>
2019-10-04 13:50:41,293 [pool-237-thread-1] INFO  server.RaftServerConfigKeys (ConfUtils.java:logGet(43)) - raft.server.storage.dir = [/workdir/hadoop-ozone/integration-test/target/test-dir/MiniOzoneClusterImpl-97cba473-ea40-42b4-ab07-f206a05d6f19/datanode-3/data/ratis] (custom)
2019-10-04 13:50:41,293 [pool-237-thread-1] INFO  server.RaftServerConfigKeys (ConfUtils.java:logGet(43)) - raft.server.log.corruption.policy = EXCEPTION (default)
2019-10-04 13:50:41,293 [pool-237-thread-1] INFO  storage.RaftStorageDirectory (RaftStorageDirectory.java:analyzeStorage(246)) - The storage directory /workdir/hadoop-ozone/integration-test/target/test-dir/MiniOzoneClusterImpl-97cba473-ea40-42b4-ab07-f206a05d6f19/datanode-3/data/ratis/41852925-757d-4f03-a9bb-79d4bceeb6d9 does not exist. Creating ...
2019-10-04 13:50:41,306 [pool-237-thread-1] INFO  storage.RaftStorageDirectory (RaftStorageDirectory.java:tryLock(328)) - Lock on /workdir/hadoop-ozone/integration-test/target/test-dir/MiniOzoneClusterImpl-97cba473-ea40-42b4-ab07-f206a05d6f19/datanode-3/data/ratis/41852925-757d-4f03-a9bb-79d4bceeb6d9/in_use.lock acquired by nodename 23947@pr-hdds-2204-d78b8-1674338442
2019-10-04 13:50:41,319 [pool-237-thread-1] INFO  storage.RaftStorage (RaftStorage.java:format(84)) - Storage directory /workdir/hadoop-ozone/integration-test/target/test-dir/MiniOzoneClusterImpl-97cba473-ea40-42b4-ab07-f206a05d6f19/datanode-3/data/ratis/41852925-757d-4f03-a9bb-79d4bceeb6d9 has been successfully formatted.
2019-10-04 13:50:41,319 [pool-237-thread-1] INFO  ratis.ContainerStateMachine (ContainerStateMachine.java:loadSnapshot(230)) - group-79D4BCEEB6D9: The snapshot info is null. Setting the last applied indexto:(t:0, i:~)
2019-10-04 13:50:41,319 [pool-237-thread-1] INFO  server.RaftServerConfigKeys (ConfUtils.java:logGet(43)) - raft.server.notification.no-leader.timeout = 120s (custom)
2019-10-04 13:50:41,319 [pool-237-thread-1] INFO  server.RaftServerConfigKeys (ConfUtils.java:logGet(43)) - raft.server.log.use.memory = false (default)
2019-10-04 13:50:41,319 [pool-237-thread-1] INFO  server.RaftServerConfigKeys (ConfUtils.java:logGet(43)) - raft.server.log.purge.gap = 1000000 (custom)
2019-10-04 13:50:41,319 [pool-237-thread-1] INFO  server.RaftServerConfigKeys (ConfUtils.java:logGet(43)) - raft.server.log.appender.buffer.byte-limit = 33554432 (custom)
2019-10-04 13:50:41,320 [pool-237-thread-1] INFO  server.RaftServerConfigKeys (ConfUtils.java:logGet(43)) - raft.server.log.segment.size.max = 1048576 (custom)
2019-10-04 13:50:41,322 [IPC Server handler 1 on 46460] INFO  net.NetworkTopology (NetworkTopologyImpl.java:add(111)) - Added a new node: /default-rack/39fd4120-165e-45ec-b9c4-971d1f74e9b4
2019-10-04 13:50:41,322 [pool-237-thread-1] INFO  server.RaftServerConfigKeys (ConfUtils.java:logGet(43)) - raft.server.log.segment.cache.num.max = 2 (custom)
2019-10-04 13:50:41,322 [IPC Server handler 1 on 46460] INFO  node.SCMNodeManager (SCMNodeManager.java:register(268)) - Registered Data node : 39fd4120-165e-45ec-b9c4-971d1f74e9b4{ip: 192.168.5.142, host: pr-hdds-2204-d78b8-1674338442, networkLocation: /default-rack, certSerialId: null}
2019-10-04 13:50:41,322 [pool-237-thread-1] INFO  segmented.SegmentedRaftLogWorker (SegmentedRaftLogWorker.java:<init>(173)) - new 04afb25a-741f-41f6-b351-097881b4d4ad@group-79D4BCEEB6D9-SegmentedRaftLogWorker for RaftStorage:Storage Directory /workdir/hadoop-ozone/integration-test/target/test-dir/MiniOzoneClusterImpl-97cba473-ea40-42b4-ab07-f206a05d6f19/datanode-3/data/ratis/41852925-757d-4f03-a9bb-79d4bceeb6d9
2019-10-04 13:50:41,322 [pool-237-thread-1] INFO  server.RaftServerConfigKeys (ConfUtils.java:logGet(43)) - raft.server.log.queue.byte-limit = 2147483647 (custom)
2019-10-04 13:50:41,322 [pool-237-thread-1] INFO  server.RaftServerConfigKeys (ConfUtils.java:logGet(43)) - raft.server.log.queue.element-limit = 1024 (custom)
2019-10-04 13:50:41,322 [pool-237-thread-1] INFO  server.RaftServerConfigKeys (ConfUtils.java:logGet(43)) - raft.server.log.segment.size.max = 1048576 (custom)
2019-10-04 13:50:41,322 [pool-237-thread-1] INFO  server.RaftServerConfigKeys (ConfUtils.java:logGet(43)) - raft.server.log.preallocated.size = 16384 (custom)
2019-10-04 13:50:41,323 [pool-237-thread-1] INFO  server.RaftServerConfigKeys (ConfUtils.java:logGet(43)) - raft.server.log.write.buffer.size = 33554432 (custom)
2019-10-04 13:50:41,323 [pool-237-thread-1] INFO  server.RaftServerConfigKeys (ConfUtils.java:logGet(43)) - raft.server.log.force.sync.num = 128 (default)
2019-10-04 13:50:41,323 [pool-237-thread-1] INFO  server.RaftServerConfigKeys (ConfUtils.java:logGet(43)) - raft.server.log.statemachine.data.sync = true (default)
2019-10-04 13:50:41,323 [pool-237-thread-1] INFO  server.RaftServerConfigKeys (ConfUtils.java:logGet(43)) - raft.server.log.statemachine.data.sync.timeout = 10s (default)
2019-10-04 13:50:41,323 [pool-237-thread-1] INFO  server.RaftServerConfigKeys (ConfUtils.java:logGet(43)) - raft.server.log.statemachine.data.sync.timeout.retry = -1 (default)
2019-10-04 13:50:41,323 [pool-237-thread-1] INFO  server.RaftServerConfigKeys (ConfUtils.java:logGet(43)) - raft.server.log.statemachine.data.caching.enabled = true (custom)
2019-10-04 13:50:41,324 [pool-237-thread-1] INFO  segmented.SegmentedRaftLogWorker (SegmentedRaftLogWorker.java:lambda$new$0(128)) - 04afb25a-741f-41f6-b351-097881b4d4ad@group-79D4BCEEB6D9-SegmentedRaftLogWorker: flushIndex: setUnconditionally 0 -> -1
2019-10-04 13:50:41,324 [pool-237-thread-1] INFO  server.RaftServerConfigKeys (ConfUtils.java:logGet(43)) - raft.server.snapshot.auto.trigger.enabled = true (custom)
2019-10-04 13:50:41,324 [pool-237-thread-1] INFO  server.RaftServerConfigKeys (ConfUtils.java:logGet(43)) - raft.server.snapshot.auto.trigger.threshold = 10000 (custom)
2019-10-04 13:50:41,324 [pool-237-thread-1] INFO  server.RaftServerConfigKeys (ConfUtils.java:logGet(43)) - raft.server.snapshot.retention.file.num = 5 (custom)
2019-10-04 13:50:41,324 [pool-237-thread-1] INFO  server.RaftServerConfigKeys (ConfUtils.java:logGet(43)) - raft.server.retrycache.expirytime = 600000ms (custom)
2019-10-04 13:50:41,326 [pool-237-thread-1] INFO  impl.RaftServerImpl (RaftServerImpl.java:start(181)) - 04afb25a-741f-41f6-b351-097881b4d4ad@group-79D4BCEEB6D9: start as a follower, conf=-1: [04afb25a-741f-41f6-b351-097881b4d4ad:192.168.5.142:38864], old=null
2019-10-04 13:50:41,326 [pool-237-thread-1] INFO  impl.RaftServerImpl (RaftServerImpl.java:setRole(170)) - 04afb25a-741f-41f6-b351-097881b4d4ad@group-79D4BCEEB6D9: changes role from      null to FOLLOWER at term 0 for startAsFollower
2019-10-04 13:50:41,326 [pool-237-thread-1] INFO  impl.RoleInfo (RoleInfo.java:updateAndGet(143)) - 04afb25a-741f-41f6-b351-097881b4d4ad: start FollowerState
2019-10-04 13:50:41,326 [pool-237-thread-1] INFO  util.JmxRegister (JmxRegister.java:tryRegister(44)) - Successfully registered JMX Bean with object name Ratis:service=RaftServer,group=group-79D4BCEEB6D9,id=04afb25a-741f-41f6-b351-097881b4d4ad
2019-10-04 13:50:41,332 [RatisPipelineUtilsThread] INFO  pipeline.PipelineStateManager (PipelineStateManager.java:addPipeline(56)) - Created pipeline Pipeline[ Id: 41852925-757d-4f03-a9bb-79d4bceeb6d9, Nodes: 04afb25a-741f-41f6-b351-097881b4d4ad{ip: 192.168.5.142, host: pr-hdds-2204-d78b8-1674338442, networkLocation: /default-rack, certSerialId: null}, Type:RATIS, Factor:ONE, State:OPEN]
2019-10-04 13:50:41,347 [grpc-default-executor-4] INFO  impl.RaftServerProxy (RaftServerProxy.java:addNew(89)) - 39fd4120-165e-45ec-b9c4-971d1f74e9b4: addNew group-35D6B3F63B28:[39fd4120-165e-45ec-b9c4-971d1f74e9b4:192.168.5.142:37151] returns group-35D6B3F63B28:java.util.concurrent.CompletableFuture@7d0ad921[Not completed]
2019-10-04 13:50:41,352 [pool-247-thread-1] INFO  impl.RaftServerImpl (RaftServerImpl.java:<init>(95)) - 39fd4120-165e-45ec-b9c4-971d1f74e9b4: new RaftServerImpl for group-35D6B3F63B28:[39fd4120-165e-45ec-b9c4-971d1f74e9b4:192.168.5.142:37151] with ContainerStateMachine:uninitialized
2019-10-04 13:50:41,352 [pool-247-thread-1] INFO  server.RaftServerConfigKeys (ConfUtils.java:logGet(43)) - raft.server.rpc.timeout.min = 5s (custom)
2019-10-04 13:50:41,352 [pool-247-thread-1] INFO  server.RaftServerConfigKeys (ConfUtils.java:logGet(43)) - raft.server.rpc.timeout.max = 5200ms (custom)
2019-10-04 13:50:41,352 [pool-247-thread-1] INFO  server.RaftServerConfigKeys (ConfUtils.java:logGet(43)) - raft.server.rpcslowness.timeout = 120s (custom)
2019-10-04 13:50:41,352 [pool-247-thread-1] INFO  server.RaftServerConfigKeys (ConfUtils.java:logGet(43)) - raft.server.sleep.deviation.threshold = 300 (default)
2019-10-04 13:50:41,353 [pool-247-thread-1] INFO  server.RaftServerConfigKeys (ConfUtils.java:logGet(43)) - raft.server.log.appender.install.snapshot.enabled = false (custom)
2019-10-04 13:50:41,353 [pool-247-thread-1] INFO  impl.RaftServerImpl (ServerState.java:<init>(103)) - 39fd4120-165e-45ec-b9c4-971d1f74e9b4@group-35D6B3F63B28: ConfigurationManager, init=-1: [39fd4120-165e-45ec-b9c4-971d1f74e9b4:192.168.5.142:37151], old=null, confs=<EMPTY_MAP>
2019-10-04 13:50:41,353 [pool-247-thread-1] INFO  server.RaftServerConfigKeys (ConfUtils.java:logGet(43)) - raft.server.storage.dir = [/workdir/hadoop-ozone/integration-test/target/test-dir/MiniOzoneClusterImpl-97cba473-ea40-42b4-ab07-f206a05d6f19/datanode-4/data/ratis] (custom)
2019-10-04 13:50:41,353 [pool-247-thread-1] INFO  server.RaftServerConfigKeys (ConfUtils.java:logGet(43)) - raft.server.log.corruption.policy = EXCEPTION (default)
2019-10-04 13:50:41,353 [pool-247-thread-1] INFO  storage.RaftStorageDirectory (RaftStorageDirectory.java:analyzeStorage(246)) - The storage directory /workdir/hadoop-ozone/integration-test/target/test-dir/MiniOzoneClusterImpl-97cba473-ea40-42b4-ab07-f206a05d6f19/datanode-4/data/ratis/979962be-ae2a-4747-97df-35d6b3f63b28 does not exist. Creating ...
2019-10-04 13:50:41,366 [pool-247-thread-1] INFO  storage.RaftStorageDirectory (RaftStorageDirectory.java:tryLock(328)) - Lock on /workdir/hadoop-ozone/integration-test/target/test-dir/MiniOzoneClusterImpl-97cba473-ea40-42b4-ab07-f206a05d6f19/datanode-4/data/ratis/979962be-ae2a-4747-97df-35d6b3f63b28/in_use.lock acquired by nodename 23947@pr-hdds-2204-d78b8-1674338442
2019-10-04 13:50:41,379 [IPC Server handler 2 on 46460] INFO  net.NetworkTopology (NetworkTopologyImpl.java:add(111)) - Added a new node: /default-rack/a689a1f5-8151-4250-ba72-b5275e1c6db9
2019-10-04 13:50:41,379 [IPC Server handler 2 on 46460] INFO  node.SCMNodeManager (SCMNodeManager.java:register(268)) - Registered Data node : a689a1f5-8151-4250-ba72-b5275e1c6db9{ip: 192.168.5.142, host: pr-hdds-2204-d78b8-1674338442, networkLocation: /default-rack, certSerialId: null}
2019-10-04 13:50:41,386 [pool-247-thread-1] INFO  storage.RaftStorage (RaftStorage.java:format(84)) - Storage directory /workdir/hadoop-ozone/integration-test/target/test-dir/MiniOzoneClusterImpl-97cba473-ea40-42b4-ab07-f206a05d6f19/datanode-4/data/ratis/979962be-ae2a-4747-97df-35d6b3f63b28 has been successfully formatted.
2019-10-04 13:50:41,387 [pool-247-thread-1] INFO  ratis.ContainerStateMachine (ContainerStateMachine.java:loadSnapshot(230)) - group-35D6B3F63B28: The snapshot info is null. Setting the last applied indexto:(t:0, i:~)
2019-10-04 13:50:41,387 [pool-247-thread-1] INFO  server.RaftServerConfigKeys (ConfUtils.java:logGet(43)) - raft.server.notification.no-leader.timeout = 120s (custom)
2019-10-04 13:50:41,387 [pool-247-thread-1] INFO  server.RaftServerConfigKeys (ConfUtils.java:logGet(43)) - raft.server.log.use.memory = false (default)
2019-10-04 13:50:41,387 [pool-247-thread-1] INFO  server.RaftServerConfigKeys (ConfUtils.java:logGet(43)) - raft.server.log.purge.gap = 1000000 (custom)
2019-10-04 13:50:41,387 [pool-247-thread-1] INFO  server.RaftServerConfigKeys (ConfUtils.java:logGet(43)) - raft.server.log.appender.buffer.byte-limit = 33554432 (custom)
2019-10-04 13:50:41,387 [pool-247-thread-1] INFO  server.RaftServerConfigKeys (ConfUtils.java:logGet(43)) - raft.server.log.segment.size.max = 1048576 (custom)
2019-10-04 13:50:41,389 [pool-247-thread-1] INFO  server.RaftServerConfigKeys (ConfUtils.java:logGet(43)) - raft.server.log.segment.cache.num.max = 2 (custom)
2019-10-04 13:50:41,389 [pool-247-thread-1] INFO  segmented.SegmentedRaftLogWorker (SegmentedRaftLogWorker.java:<init>(173)) - new 39fd4120-165e-45ec-b9c4-971d1f74e9b4@group-35D6B3F63B28-SegmentedRaftLogWorker for RaftStorage:Storage Directory /workdir/hadoop-ozone/integration-test/target/test-dir/MiniOzoneClusterImpl-97cba473-ea40-42b4-ab07-f206a05d6f19/datanode-4/data/ratis/979962be-ae2a-4747-97df-35d6b3f63b28
2019-10-04 13:50:41,390 [pool-247-thread-1] INFO  server.RaftServerConfigKeys (ConfUtils.java:logGet(43)) - raft.server.log.queue.byte-limit = 2147483647 (custom)
2019-10-04 13:50:41,390 [pool-247-thread-1] INFO  server.RaftServerConfigKeys (ConfUtils.java:logGet(43)) - raft.server.log.queue.element-limit = 1024 (custom)
2019-10-04 13:50:41,390 [pool-247-thread-1] INFO  server.RaftServerConfigKeys (ConfUtils.java:logGet(43)) - raft.server.log.segment.size.max = 1048576 (custom)
2019-10-04 13:50:41,390 [pool-247-thread-1] INFO  server.RaftServerConfigKeys (ConfUtils.java:logGet(43)) - raft.server.log.preallocated.size = 16384 (custom)
2019-10-04 13:50:41,390 [pool-247-thread-1] INFO  server.RaftServerConfigKeys (ConfUtils.java:logGet(43)) - raft.server.log.write.buffer.size = 33554432 (custom)
2019-10-04 13:50:41,390 [pool-247-thread-1] INFO  server.RaftServerConfigKeys (ConfUtils.java:logGet(43)) - raft.server.log.force.sync.num = 128 (default)
2019-10-04 13:50:41,390 [pool-247-thread-1] INFO  server.RaftServerConfigKeys (ConfUtils.java:logGet(43)) - raft.server.log.statemachine.data.sync = true (default)
2019-10-04 13:50:41,390 [pool-247-thread-1] INFO  server.RaftServerConfigKeys (ConfUtils.java:logGet(43)) - raft.server.log.statemachine.data.sync.timeout = 10s (default)
2019-10-04 13:50:41,391 [pool-247-thread-1] INFO  server.RaftServerConfigKeys (ConfUtils.java:logGet(43)) - raft.server.log.statemachine.data.sync.timeout.retry = -1 (default)
2019-10-04 13:50:41,391 [pool-247-thread-1] INFO  server.RaftServerConfigKeys (ConfUtils.java:logGet(43)) - raft.server.log.statemachine.data.caching.enabled = true (custom)
2019-10-04 13:50:41,391 [pool-247-thread-1] INFO  segmented.SegmentedRaftLogWorker (SegmentedRaftLogWorker.java:lambda$new$0(128)) - 39fd4120-165e-45ec-b9c4-971d1f74e9b4@group-35D6B3F63B28-SegmentedRaftLogWorker: flushIndex: setUnconditionally 0 -> -1
2019-10-04 13:50:41,392 [pool-247-thread-1] INFO  server.RaftServerConfigKeys (ConfUtils.java:logGet(43)) - raft.server.snapshot.auto.trigger.enabled = true (custom)
2019-10-04 13:50:41,392 [pool-247-thread-1] INFO  server.RaftServerConfigKeys (ConfUtils.java:logGet(43)) - raft.server.snapshot.auto.trigger.threshold = 10000 (custom)
2019-10-04 13:50:41,392 [pool-247-thread-1] INFO  server.RaftServerConfigKeys (ConfUtils.java:logGet(43)) - raft.server.snapshot.retention.file.num = 5 (custom)
2019-10-04 13:50:41,392 [pool-247-thread-1] INFO  server.RaftServerConfigKeys (ConfUtils.java:logGet(43)) - raft.server.retrycache.expirytime = 600000ms (custom)
2019-10-04 13:50:41,394 [pool-247-thread-1] INFO  impl.RaftServerImpl (RaftServerImpl.java:start(181)) - 39fd4120-165e-45ec-b9c4-971d1f74e9b4@group-35D6B3F63B28: start as a follower, conf=-1: [39fd4120-165e-45ec-b9c4-971d1f74e9b4:192.168.5.142:37151], old=null
2019-10-04 13:50:41,394 [pool-247-thread-1] INFO  impl.RaftServerImpl (RaftServerImpl.java:setRole(170)) - 39fd4120-165e-45ec-b9c4-971d1f74e9b4@group-35D6B3F63B28: changes role from      null to FOLLOWER at term 0 for startAsFollower
2019-10-04 13:50:41,394 [pool-247-thread-1] INFO  impl.RoleInfo (RoleInfo.java:updateAndGet(143)) - 39fd4120-165e-45ec-b9c4-971d1f74e9b4: start FollowerState
2019-10-04 13:50:41,394 [pool-247-thread-1] INFO  util.JmxRegister (JmxRegister.java:tryRegister(44)) - Successfully registered JMX Bean with object name Ratis:service=RaftServer,group=group-35D6B3F63B28,id=39fd4120-165e-45ec-b9c4-971d1f74e9b4
2019-10-04 13:50:41,401 [RatisPipelineUtilsThread] INFO  pipeline.PipelineStateManager (PipelineStateManager.java:addPipeline(56)) - Created pipeline Pipeline[ Id: 979962be-ae2a-4747-97df-35d6b3f63b28, Nodes: 39fd4120-165e-45ec-b9c4-971d1f74e9b4{ip: 192.168.5.142, host: pr-hdds-2204-d78b8-1674338442, networkLocation: /default-rack, certSerialId: null}, Type:RATIS, Factor:ONE, State:OPEN]
2019-10-04 13:50:41,412 [grpc-default-executor-4] INFO  impl.RaftServerProxy (RaftServerProxy.java:addNew(89)) - a689a1f5-8151-4250-ba72-b5275e1c6db9: addNew group-2EF2358C8BA8:[a689a1f5-8151-4250-ba72-b5275e1c6db9:192.168.5.142:33449] returns group-2EF2358C8BA8:java.util.concurrent.CompletableFuture@146cc68[Not completed]
2019-10-04 13:50:41,416 [pool-257-thread-1] INFO  impl.RaftServerImpl (RaftServerImpl.java:<init>(95)) - a689a1f5-8151-4250-ba72-b5275e1c6db9: new RaftServerImpl for group-2EF2358C8BA8:[a689a1f5-8151-4250-ba72-b5275e1c6db9:192.168.5.142:33449] with ContainerStateMachine:uninitialized
2019-10-04 13:50:41,416 [pool-257-thread-1] INFO  server.RaftServerConfigKeys (ConfUtils.java:logGet(43)) - raft.server.rpc.timeout.min = 5s (custom)
2019-10-04 13:50:41,417 [pool-257-thread-1] INFO  server.RaftServerConfigKeys (ConfUtils.java:logGet(43)) - raft.server.rpc.timeout.max = 5200ms (custom)
2019-10-04 13:50:41,417 [pool-257-thread-1] INFO  server.RaftServerConfigKeys (ConfUtils.java:logGet(43)) - raft.server.rpcslowness.timeout = 120s (custom)
2019-10-04 13:50:41,417 [pool-257-thread-1] INFO  server.RaftServerConfigKeys (ConfUtils.java:logGet(43)) - raft.server.sleep.deviation.threshold = 300 (default)
2019-10-04 13:50:41,417 [pool-257-thread-1] INFO  server.RaftServerConfigKeys (ConfUtils.java:logGet(43)) - raft.server.log.appender.install.snapshot.enabled = false (custom)
2019-10-04 13:50:41,417 [pool-257-thread-1] INFO  impl.RaftServerImpl (ServerState.java:<init>(103)) - a689a1f5-8151-4250-ba72-b5275e1c6db9@group-2EF2358C8BA8: ConfigurationManager, init=-1: [a689a1f5-8151-4250-ba72-b5275e1c6db9:192.168.5.142:33449], old=null, confs=<EMPTY_MAP>
2019-10-04 13:50:41,417 [pool-257-thread-1] INFO  server.RaftServerConfigKeys (ConfUtils.java:logGet(43)) - raft.server.storage.dir = [/workdir/hadoop-ozone/integration-test/target/test-dir/MiniOzoneClusterImpl-97cba473-ea40-42b4-ab07-f206a05d6f19/datanode-5/data/ratis] (custom)
2019-10-04 13:50:41,418 [pool-257-thread-1] INFO  server.RaftServerConfigKeys (ConfUtils.java:logGet(43)) - raft.server.log.corruption.policy = EXCEPTION (default)
2019-10-04 13:50:41,418 [pool-257-thread-1] INFO  storage.RaftStorageDirectory (RaftStorageDirectory.java:analyzeStorage(246)) - The storage directory /workdir/hadoop-ozone/integration-test/target/test-dir/MiniOzoneClusterImpl-97cba473-ea40-42b4-ab07-f206a05d6f19/datanode-5/data/ratis/17f440d5-a447-48e4-b681-2ef2358c8ba8 does not exist. Creating ...
2019-10-04 13:50:41,431 [pool-257-thread-1] INFO  storage.RaftStorageDirectory (RaftStorageDirectory.java:tryLock(328)) - Lock on /workdir/hadoop-ozone/integration-test/target/test-dir/MiniOzoneClusterImpl-97cba473-ea40-42b4-ab07-f206a05d6f19/datanode-5/data/ratis/17f440d5-a447-48e4-b681-2ef2358c8ba8/in_use.lock acquired by nodename 23947@pr-hdds-2204-d78b8-1674338442
2019-10-04 13:50:41,437 [main] INFO  ozone.MiniOzoneClusterImpl (MiniOzoneClusterImpl.java:lambda$waitForClusterToBeReady$0(147)) - Waiting for cluster to be ready. Got 6 of 7 DN Heartbeats.
2019-10-04 13:50:41,438 [IPC Server handler 3 on 46460] INFO  net.NetworkTopology (NetworkTopologyImpl.java:add(111)) - Added a new node: /default-rack/f197505c-7249-4e8e-ad61-1f2f0f7e51cb
2019-10-04 13:50:41,438 [IPC Server handler 3 on 46460] INFO  node.SCMNodeManager (SCMNodeManager.java:register(268)) - Registered Data node : f197505c-7249-4e8e-ad61-1f2f0f7e51cb{ip: 192.168.5.142, host: pr-hdds-2204-d78b8-1674338442, networkLocation: /default-rack, certSerialId: null}
2019-10-04 13:50:41,444 [pool-257-thread-1] INFO  storage.RaftStorage (RaftStorage.java:format(84)) - Storage directory /workdir/hadoop-ozone/integration-test/target/test-dir/MiniOzoneClusterImpl-97cba473-ea40-42b4-ab07-f206a05d6f19/datanode-5/data/ratis/17f440d5-a447-48e4-b681-2ef2358c8ba8 has been successfully formatted.
2019-10-04 13:50:41,444 [pool-257-thread-1] INFO  ratis.ContainerStateMachine (ContainerStateMachine.java:loadSnapshot(230)) - group-2EF2358C8BA8: The snapshot info is null. Setting the last applied indexto:(t:0, i:~)
2019-10-04 13:50:41,444 [pool-257-thread-1] INFO  server.RaftServerConfigKeys (ConfUtils.java:logGet(43)) - raft.server.notification.no-leader.timeout = 120s (custom)
2019-10-04 13:50:41,445 [pool-257-thread-1] INFO  server.RaftServerConfigKeys (ConfUtils.java:logGet(43)) - raft.server.log.use.memory = false (default)
2019-10-04 13:50:41,445 [pool-257-thread-1] INFO  server.RaftServerConfigKeys (ConfUtils.java:logGet(43)) - raft.server.log.purge.gap = 1000000 (custom)
2019-10-04 13:50:41,445 [pool-257-thread-1] INFO  server.RaftServerConfigKeys (ConfUtils.java:logGet(43)) - raft.server.log.appender.buffer.byte-limit = 33554432 (custom)
2019-10-04 13:50:41,445 [pool-257-thread-1] INFO  server.RaftServerConfigKeys (ConfUtils.java:logGet(43)) - raft.server.log.segment.size.max = 1048576 (custom)
2019-10-04 13:50:41,447 [pool-257-thread-1] INFO  server.RaftServerConfigKeys (ConfUtils.java:logGet(43)) - raft.server.log.segment.cache.num.max = 2 (custom)
2019-10-04 13:50:41,447 [pool-257-thread-1] INFO  segmented.SegmentedRaftLogWorker (SegmentedRaftLogWorker.java:<init>(173)) - new a689a1f5-8151-4250-ba72-b5275e1c6db9@group-2EF2358C8BA8-SegmentedRaftLogWorker for RaftStorage:Storage Directory /workdir/hadoop-ozone/integration-test/target/test-dir/MiniOzoneClusterImpl-97cba473-ea40-42b4-ab07-f206a05d6f19/datanode-5/data/ratis/17f440d5-a447-48e4-b681-2ef2358c8ba8
2019-10-04 13:50:41,447 [pool-257-thread-1] INFO  server.RaftServerConfigKeys (ConfUtils.java:logGet(43)) - raft.server.log.queue.byte-limit = 2147483647 (custom)
2019-10-04 13:50:41,447 [pool-257-thread-1] INFO  server.RaftServerConfigKeys (ConfUtils.java:logGet(43)) - raft.server.log.queue.element-limit = 1024 (custom)
2019-10-04 13:50:41,447 [pool-257-thread-1] INFO  server.RaftServerConfigKeys (ConfUtils.java:logGet(43)) - raft.server.log.segment.size.max = 1048576 (custom)
2019-10-04 13:50:41,447 [pool-257-thread-1] INFO  server.RaftServerConfigKeys (ConfUtils.java:logGet(43)) - raft.server.log.preallocated.size = 16384 (custom)
2019-10-04 13:50:41,448 [pool-257-thread-1] INFO  server.RaftServerConfigKeys (ConfUtils.java:logGet(43)) - raft.server.log.write.buffer.size = 33554432 (custom)
2019-10-04 13:50:41,448 [pool-257-thread-1] INFO  server.RaftServerConfigKeys (ConfUtils.java:logGet(43)) - raft.server.log.force.sync.num = 128 (default)
2019-10-04 13:50:41,448 [pool-257-thread-1] INFO  server.RaftServerConfigKeys (ConfUtils.java:logGet(43)) - raft.server.log.statemachine.data.sync = true (default)
2019-10-04 13:50:41,448 [pool-257-thread-1] INFO  server.RaftServerConfigKeys (ConfUtils.java:logGet(43)) - raft.server.log.statemachine.data.sync.timeout = 10s (default)
2019-10-04 13:50:41,448 [pool-257-thread-1] INFO  server.RaftServerConfigKeys (ConfUtils.java:logGet(43)) - raft.server.log.statemachine.data.sync.timeout.retry = -1 (default)
2019-10-04 13:50:41,448 [pool-257-thread-1] INFO  server.RaftServerConfigKeys (ConfUtils.java:logGet(43)) - raft.server.log.statemachine.data.caching.enabled = true (custom)
2019-10-04 13:50:41,449 [pool-257-thread-1] INFO  segmented.SegmentedRaftLogWorker (SegmentedRaftLogWorker.java:lambda$new$0(128)) - a689a1f5-8151-4250-ba72-b5275e1c6db9@group-2EF2358C8BA8-SegmentedRaftLogWorker: flushIndex: setUnconditionally 0 -> -1
2019-10-04 13:50:41,449 [pool-257-thread-1] INFO  server.RaftServerConfigKeys (ConfUtils.java:logGet(43)) - raft.server.snapshot.auto.trigger.enabled = true (custom)
2019-10-04 13:50:41,449 [pool-257-thread-1] INFO  server.RaftServerConfigKeys (ConfUtils.java:logGet(43)) - raft.server.snapshot.auto.trigger.threshold = 10000 (custom)
2019-10-04 13:50:41,449 [pool-257-thread-1] INFO  server.RaftServerConfigKeys (ConfUtils.java:logGet(43)) - raft.server.snapshot.retention.file.num = 5 (custom)
2019-10-04 13:50:41,449 [pool-257-thread-1] INFO  server.RaftServerConfigKeys (ConfUtils.java:logGet(43)) - raft.server.retrycache.expirytime = 600000ms (custom)
2019-10-04 13:50:41,451 [pool-257-thread-1] INFO  impl.RaftServerImpl (RaftServerImpl.java:start(181)) - a689a1f5-8151-4250-ba72-b5275e1c6db9@group-2EF2358C8BA8: start as a follower, conf=-1: [a689a1f5-8151-4250-ba72-b5275e1c6db9:192.168.5.142:33449], old=null
2019-10-04 13:50:41,451 [pool-257-thread-1] INFO  impl.RaftServerImpl (RaftServerImpl.java:setRole(170)) - a689a1f5-8151-4250-ba72-b5275e1c6db9@group-2EF2358C8BA8: changes role from      null to FOLLOWER at term 0 for startAsFollower
2019-10-04 13:50:41,451 [pool-257-thread-1] INFO  impl.RoleInfo (RoleInfo.java:updateAndGet(143)) - a689a1f5-8151-4250-ba72-b5275e1c6db9: start FollowerState
2019-10-04 13:50:41,451 [pool-257-thread-1] INFO  util.JmxRegister (JmxRegister.java:tryRegister(44)) - Successfully registered JMX Bean with object name Ratis:service=RaftServer,group=group-2EF2358C8BA8,id=a689a1f5-8151-4250-ba72-b5275e1c6db9
2019-10-04 13:50:41,457 [RatisPipelineUtilsThread] INFO  pipeline.PipelineStateManager (PipelineStateManager.java:addPipeline(56)) - Created pipeline Pipeline[ Id: 17f440d5-a447-48e4-b681-2ef2358c8ba8, Nodes: a689a1f5-8151-4250-ba72-b5275e1c6db9{ip: 192.168.5.142, host: pr-hdds-2204-d78b8-1674338442, networkLocation: /default-rack, certSerialId: null}, Type:RATIS, Factor:ONE, State:OPEN]
2019-10-04 13:50:41,464 [grpc-default-executor-4] INFO  impl.RaftServerProxy (RaftServerProxy.java:addNew(89)) - f197505c-7249-4e8e-ad61-1f2f0f7e51cb: addNew group-EC6F84E5F44C:[f197505c-7249-4e8e-ad61-1f2f0f7e51cb:192.168.5.142:39434] returns group-EC6F84E5F44C:java.util.concurrent.CompletableFuture@16911d3e[Not completed]
2019-10-04 13:50:41,468 [pool-267-thread-1] INFO  impl.RaftServerImpl (RaftServerImpl.java:<init>(95)) - f197505c-7249-4e8e-ad61-1f2f0f7e51cb: new RaftServerImpl for group-EC6F84E5F44C:[f197505c-7249-4e8e-ad61-1f2f0f7e51cb:192.168.5.142:39434] with ContainerStateMachine:uninitialized
2019-10-04 13:50:41,469 [pool-267-thread-1] INFO  server.RaftServerConfigKeys (ConfUtils.java:logGet(43)) - raft.server.rpc.timeout.min = 5s (custom)
2019-10-04 13:50:41,469 [pool-267-thread-1] INFO  server.RaftServerConfigKeys (ConfUtils.java:logGet(43)) - raft.server.rpc.timeout.max = 5200ms (custom)
2019-10-04 13:50:41,469 [pool-267-thread-1] INFO  server.RaftServerConfigKeys (ConfUtils.java:logGet(43)) - raft.server.rpcslowness.timeout = 120s (custom)
2019-10-04 13:50:41,469 [pool-267-thread-1] INFO  server.RaftServerConfigKeys (ConfUtils.java:logGet(43)) - raft.server.sleep.deviation.threshold = 300 (default)
2019-10-04 13:50:41,469 [pool-267-thread-1] INFO  server.RaftServerConfigKeys (ConfUtils.java:logGet(43)) - raft.server.log.appender.install.snapshot.enabled = false (custom)
2019-10-04 13:50:41,469 [pool-267-thread-1] INFO  impl.RaftServerImpl (ServerState.java:<init>(103)) - f197505c-7249-4e8e-ad61-1f2f0f7e51cb@group-EC6F84E5F44C: ConfigurationManager, init=-1: [f197505c-7249-4e8e-ad61-1f2f0f7e51cb:192.168.5.142:39434], old=null, confs=<EMPTY_MAP>
2019-10-04 13:50:41,469 [pool-267-thread-1] INFO  server.RaftServerConfigKeys (ConfUtils.java:logGet(43)) - raft.server.storage.dir = [/workdir/hadoop-ozone/integration-test/target/test-dir/MiniOzoneClusterImpl-97cba473-ea40-42b4-ab07-f206a05d6f19/datanode-6/data/ratis] (custom)
2019-10-04 13:50:41,470 [pool-267-thread-1] INFO  server.RaftServerConfigKeys (ConfUtils.java:logGet(43)) - raft.server.log.corruption.policy = EXCEPTION (default)
2019-10-04 13:50:41,470 [pool-267-thread-1] INFO  storage.RaftStorageDirectory (RaftStorageDirectory.java:analyzeStorage(246)) - The storage directory /workdir/hadoop-ozone/integration-test/target/test-dir/MiniOzoneClusterImpl-97cba473-ea40-42b4-ab07-f206a05d6f19/datanode-6/data/ratis/764bb080-124e-483b-a013-ec6f84e5f44c does not exist. Creating ...
2019-10-04 13:50:41,483 [pool-267-thread-1] INFO  storage.RaftStorageDirectory (RaftStorageDirectory.java:tryLock(328)) - Lock on /workdir/hadoop-ozone/integration-test/target/test-dir/MiniOzoneClusterImpl-97cba473-ea40-42b4-ab07-f206a05d6f19/datanode-6/data/ratis/764bb080-124e-483b-a013-ec6f84e5f44c/in_use.lock acquired by nodename 23947@pr-hdds-2204-d78b8-1674338442
2019-10-04 13:50:41,495 [pool-267-thread-1] INFO  storage.RaftStorage (RaftStorage.java:format(84)) - Storage directory /workdir/hadoop-ozone/integration-test/target/test-dir/MiniOzoneClusterImpl-97cba473-ea40-42b4-ab07-f206a05d6f19/datanode-6/data/ratis/764bb080-124e-483b-a013-ec6f84e5f44c has been successfully formatted.
2019-10-04 13:50:41,496 [pool-267-thread-1] INFO  ratis.ContainerStateMachine (ContainerStateMachine.java:loadSnapshot(230)) - group-EC6F84E5F44C: The snapshot info is null. Setting the last applied indexto:(t:0, i:~)
2019-10-04 13:50:41,496 [pool-267-thread-1] INFO  server.RaftServerConfigKeys (ConfUtils.java:logGet(43)) - raft.server.notification.no-leader.timeout = 120s (custom)
2019-10-04 13:50:41,496 [pool-267-thread-1] INFO  server.RaftServerConfigKeys (ConfUtils.java:logGet(43)) - raft.server.log.use.memory = false (default)
2019-10-04 13:50:41,496 [pool-267-thread-1] INFO  server.RaftServerConfigKeys (ConfUtils.java:logGet(43)) - raft.server.log.purge.gap = 1000000 (custom)
2019-10-04 13:50:41,496 [pool-267-thread-1] INFO  server.RaftServerConfigKeys (ConfUtils.java:logGet(43)) - raft.server.log.appender.buffer.byte-limit = 33554432 (custom)
2019-10-04 13:50:41,496 [pool-267-thread-1] INFO  server.RaftServerConfigKeys (ConfUtils.java:logGet(43)) - raft.server.log.segment.size.max = 1048576 (custom)
2019-10-04 13:50:41,499 [pool-267-thread-1] INFO  server.RaftServerConfigKeys (ConfUtils.java:logGet(43)) - raft.server.log.segment.cache.num.max = 2 (custom)
2019-10-04 13:50:41,499 [pool-267-thread-1] INFO  segmented.SegmentedRaftLogWorker (SegmentedRaftLogWorker.java:<init>(173)) - new f197505c-7249-4e8e-ad61-1f2f0f7e51cb@group-EC6F84E5F44C-SegmentedRaftLogWorker for RaftStorage:Storage Directory /workdir/hadoop-ozone/integration-test/target/test-dir/MiniOzoneClusterImpl-97cba473-ea40-42b4-ab07-f206a05d6f19/datanode-6/data/ratis/764bb080-124e-483b-a013-ec6f84e5f44c
2019-10-04 13:50:41,499 [pool-267-thread-1] INFO  server.RaftServerConfigKeys (ConfUtils.java:logGet(43)) - raft.server.log.queue.byte-limit = 2147483647 (custom)
2019-10-04 13:50:41,499 [pool-267-thread-1] INFO  server.RaftServerConfigKeys (ConfUtils.java:logGet(43)) - raft.server.log.queue.element-limit = 1024 (custom)
2019-10-04 13:50:41,499 [pool-267-thread-1] INFO  server.RaftServerConfigKeys (ConfUtils.java:logGet(43)) - raft.server.log.segment.size.max = 1048576 (custom)
2019-10-04 13:50:41,499 [pool-267-thread-1] INFO  server.RaftServerConfigKeys (ConfUtils.java:logGet(43)) - raft.server.log.preallocated.size = 16384 (custom)
2019-10-04 13:50:41,499 [pool-267-thread-1] INFO  server.RaftServerConfigKeys (ConfUtils.java:logGet(43)) - raft.server.log.write.buffer.size = 33554432 (custom)
2019-10-04 13:50:41,500 [pool-267-thread-1] INFO  server.RaftServerConfigKeys (ConfUtils.java:logGet(43)) - raft.server.log.force.sync.num = 128 (default)
2019-10-04 13:50:41,500 [pool-267-thread-1] INFO  server.RaftServerConfigKeys (ConfUtils.java:logGet(43)) - raft.server.log.statemachine.data.sync = true (default)
2019-10-04 13:50:41,500 [pool-267-thread-1] INFO  server.RaftServerConfigKeys (ConfUtils.java:logGet(43)) - raft.server.log.statemachine.data.sync.timeout = 10s (default)
2019-10-04 13:50:41,500 [pool-267-thread-1] INFO  server.RaftServerConfigKeys (ConfUtils.java:logGet(43)) - raft.server.log.statemachine.data.sync.timeout.retry = -1 (default)
2019-10-04 13:50:41,500 [pool-267-thread-1] INFO  server.RaftServerConfigKeys (ConfUtils.java:logGet(43)) - raft.server.log.statemachine.data.caching.enabled = true (custom)
2019-10-04 13:50:41,501 [pool-267-thread-1] INFO  segmented.SegmentedRaftLogWorker (SegmentedRaftLogWorker.java:lambda$new$0(128)) - f197505c-7249-4e8e-ad61-1f2f0f7e51cb@group-EC6F84E5F44C-SegmentedRaftLogWorker: flushIndex: setUnconditionally 0 -> -1
2019-10-04 13:50:41,501 [pool-267-thread-1] INFO  server.RaftServerConfigKeys (ConfUtils.java:logGet(43)) - raft.server.snapshot.auto.trigger.enabled = true (custom)
2019-10-04 13:50:41,501 [pool-267-thread-1] INFO  server.RaftServerConfigKeys (ConfUtils.java:logGet(43)) - raft.server.snapshot.auto.trigger.threshold = 10000 (custom)
2019-10-04 13:50:41,501 [pool-267-thread-1] INFO  server.RaftServerConfigKeys (ConfUtils.java:logGet(43)) - raft.server.snapshot.retention.file.num = 5 (custom)
2019-10-04 13:50:41,501 [pool-267-thread-1] INFO  server.RaftServerConfigKeys (ConfUtils.java:logGet(43)) - raft.server.retrycache.expirytime = 600000ms (custom)
2019-10-04 13:50:41,504 [pool-267-thread-1] INFO  impl.RaftServerImpl (RaftServerImpl.java:start(181)) - f197505c-7249-4e8e-ad61-1f2f0f7e51cb@group-EC6F84E5F44C: start as a follower, conf=-1: [f197505c-7249-4e8e-ad61-1f2f0f7e51cb:192.168.5.142:39434], old=null
2019-10-04 13:50:41,504 [pool-267-thread-1] INFO  impl.RaftServerImpl (RaftServerImpl.java:setRole(170)) - f197505c-7249-4e8e-ad61-1f2f0f7e51cb@group-EC6F84E5F44C: changes role from      null to FOLLOWER at term 0 for startAsFollower
2019-10-04 13:50:41,504 [pool-267-thread-1] INFO  impl.RoleInfo (RoleInfo.java:updateAndGet(143)) - f197505c-7249-4e8e-ad61-1f2f0f7e51cb: start FollowerState
2019-10-04 13:50:41,504 [pool-267-thread-1] INFO  util.JmxRegister (JmxRegister.java:tryRegister(44)) - Successfully registered JMX Bean with object name Ratis:service=RaftServer,group=group-EC6F84E5F44C,id=f197505c-7249-4e8e-ad61-1f2f0f7e51cb
2019-10-04 13:50:41,510 [RatisPipelineUtilsThread] INFO  pipeline.PipelineStateManager (PipelineStateManager.java:addPipeline(56)) - Created pipeline Pipeline[ Id: 764bb080-124e-483b-a013-ec6f84e5f44c, Nodes: f197505c-7249-4e8e-ad61-1f2f0f7e51cb{ip: 192.168.5.142, host: pr-hdds-2204-d78b8-1674338442, networkLocation: /default-rack, certSerialId: null}, Type:RATIS, Factor:ONE, State:OPEN]
2019-10-04 13:50:41,524 [grpc-default-executor-0] INFO  impl.RaftServerProxy (RaftServerProxy.java:addNew(89)) - 39fd4120-165e-45ec-b9c4-971d1f74e9b4: addNew group-76A833EA3DB0:[80257ecc-928d-4209-b42a-e72edc2eb975:192.168.5.142:37393, ad718213-008c-41ec-8a72-c4d801cf9bd2:192.168.5.142:46365, 39fd4120-165e-45ec-b9c4-971d1f74e9b4:192.168.5.142:37151] returns group-76A833EA3DB0:java.util.concurrent.CompletableFuture@44958e66[Not completed]
2019-10-04 13:50:41,524 [grpc-default-executor-4] INFO  impl.RaftServerProxy (RaftServerProxy.java:addNew(89)) - ad718213-008c-41ec-8a72-c4d801cf9bd2: addNew group-76A833EA3DB0:[80257ecc-928d-4209-b42a-e72edc2eb975:192.168.5.142:37393, ad718213-008c-41ec-8a72-c4d801cf9bd2:192.168.5.142:46365, 39fd4120-165e-45ec-b9c4-971d1f74e9b4:192.168.5.142:37151] returns group-76A833EA3DB0:java.util.concurrent.CompletableFuture@7d84b7d6[Not completed]
2019-10-04 13:50:41,524 [grpc-default-executor-2] INFO  impl.RaftServerProxy (RaftServerProxy.java:addNew(89)) - 80257ecc-928d-4209-b42a-e72edc2eb975: addNew group-76A833EA3DB0:[80257ecc-928d-4209-b42a-e72edc2eb975:192.168.5.142:37393, ad718213-008c-41ec-8a72-c4d801cf9bd2:192.168.5.142:46365, 39fd4120-165e-45ec-b9c4-971d1f74e9b4:192.168.5.142:37151] returns group-76A833EA3DB0:java.util.concurrent.CompletableFuture@74b53795[Not completed]
2019-10-04 13:50:41,525 [pool-247-thread-1] INFO  impl.RaftServerImpl (RaftServerImpl.java:<init>(95)) - 39fd4120-165e-45ec-b9c4-971d1f74e9b4: new RaftServerImpl for group-76A833EA3DB0:[80257ecc-928d-4209-b42a-e72edc2eb975:192.168.5.142:37393, ad718213-008c-41ec-8a72-c4d801cf9bd2:192.168.5.142:46365, 39fd4120-165e-45ec-b9c4-971d1f74e9b4:192.168.5.142:37151] with ContainerStateMachine:uninitialized
2019-10-04 13:50:41,525 [pool-247-thread-1] INFO  server.RaftServerConfigKeys (ConfUtils.java:logGet(43)) - raft.server.rpc.timeout.min = 5s (custom)
2019-10-04 13:50:41,525 [pool-247-thread-1] INFO  server.RaftServerConfigKeys (ConfUtils.java:logGet(43)) - raft.server.rpc.timeout.max = 5200ms (custom)
2019-10-04 13:50:41,525 [pool-247-thread-1] INFO  server.RaftServerConfigKeys (ConfUtils.java:logGet(43)) - raft.server.rpcslowness.timeout = 120s (custom)
2019-10-04 13:50:41,525 [pool-247-thread-1] INFO  server.RaftServerConfigKeys (ConfUtils.java:logGet(43)) - raft.server.sleep.deviation.threshold = 300 (default)
2019-10-04 13:50:41,526 [pool-247-thread-1] INFO  server.RaftServerConfigKeys (ConfUtils.java:logGet(43)) - raft.server.log.appender.install.snapshot.enabled = false (custom)
2019-10-04 13:50:41,526 [pool-247-thread-1] INFO  impl.RaftServerImpl (ServerState.java:<init>(103)) - 39fd4120-165e-45ec-b9c4-971d1f74e9b4@group-76A833EA3DB0: ConfigurationManager, init=-1: [80257ecc-928d-4209-b42a-e72edc2eb975:192.168.5.142:37393, ad718213-008c-41ec-8a72-c4d801cf9bd2:192.168.5.142:46365, 39fd4120-165e-45ec-b9c4-971d1f74e9b4:192.168.5.142:37151], old=null, confs=<EMPTY_MAP>
2019-10-04 13:50:41,526 [pool-247-thread-1] INFO  server.RaftServerConfigKeys (ConfUtils.java:logGet(43)) - raft.server.storage.dir = [/workdir/hadoop-ozone/integration-test/target/test-dir/MiniOzoneClusterImpl-97cba473-ea40-42b4-ab07-f206a05d6f19/datanode-4/data/ratis] (custom)
2019-10-04 13:50:41,526 [pool-247-thread-1] INFO  server.RaftServerConfigKeys (ConfUtils.java:logGet(43)) - raft.server.log.corruption.policy = EXCEPTION (default)
2019-10-04 13:50:41,526 [pool-247-thread-1] INFO  storage.RaftStorageDirectory (RaftStorageDirectory.java:analyzeStorage(246)) - The storage directory /workdir/hadoop-ozone/integration-test/target/test-dir/MiniOzoneClusterImpl-97cba473-ea40-42b4-ab07-f206a05d6f19/datanode-4/data/ratis/be719bb1-345b-4983-b6f0-76a833ea3db0 does not exist. Creating ...
2019-10-04 13:50:41,526 [pool-217-thread-1] INFO  impl.RaftServerImpl (RaftServerImpl.java:<init>(95)) - ad718213-008c-41ec-8a72-c4d801cf9bd2: new RaftServerImpl for group-76A833EA3DB0:[80257ecc-928d-4209-b42a-e72edc2eb975:192.168.5.142:37393, ad718213-008c-41ec-8a72-c4d801cf9bd2:192.168.5.142:46365, 39fd4120-165e-45ec-b9c4-971d1f74e9b4:192.168.5.142:37151] with ContainerStateMachine:uninitialized
2019-10-04 13:50:41,527 [pool-217-thread-1] INFO  server.RaftServerConfigKeys (ConfUtils.java:logGet(43)) - raft.server.rpc.timeout.min = 5s (custom)
2019-10-04 13:50:41,527 [pool-207-thread-1] INFO  impl.RaftServerImpl (RaftServerImpl.java:<init>(95)) - 80257ecc-928d-4209-b42a-e72edc2eb975: new RaftServerImpl for group-76A833EA3DB0:[80257ecc-928d-4209-b42a-e72edc2eb975:192.168.5.142:37393, ad718213-008c-41ec-8a72-c4d801cf9bd2:192.168.5.142:46365, 39fd4120-165e-45ec-b9c4-971d1f74e9b4:192.168.5.142:37151] with ContainerStateMachine:uninitialized
2019-10-04 13:50:41,527 [pool-217-thread-1] INFO  server.RaftServerConfigKeys (ConfUtils.java:logGet(43)) - raft.server.rpc.timeout.max = 5200ms (custom)
2019-10-04 13:50:41,527 [pool-207-thread-1] INFO  server.RaftServerConfigKeys (ConfUtils.java:logGet(43)) - raft.server.rpc.timeout.min = 5s (custom)
2019-10-04 13:50:41,527 [pool-217-thread-1] INFO  server.RaftServerConfigKeys (ConfUtils.java:logGet(43)) - raft.server.rpcslowness.timeout = 120s (custom)
2019-10-04 13:50:41,527 [pool-207-thread-1] INFO  server.RaftServerConfigKeys (ConfUtils.java:logGet(43)) - raft.server.rpc.timeout.max = 5200ms (custom)
2019-10-04 13:50:41,527 [pool-217-thread-1] INFO  server.RaftServerConfigKeys (ConfUtils.java:logGet(43)) - raft.server.sleep.deviation.threshold = 300 (default)
2019-10-04 13:50:41,527 [pool-207-thread-1] INFO  server.RaftServerConfigKeys (ConfUtils.java:logGet(43)) - raft.server.rpcslowness.timeout = 120s (custom)
2019-10-04 13:50:41,527 [pool-217-thread-1] INFO  server.RaftServerConfigKeys (ConfUtils.java:logGet(43)) - raft.server.log.appender.install.snapshot.enabled = false (custom)
2019-10-04 13:50:41,528 [pool-207-thread-1] INFO  server.RaftServerConfigKeys (ConfUtils.java:logGet(43)) - raft.server.sleep.deviation.threshold = 300 (default)
2019-10-04 13:50:41,528 [pool-217-thread-1] INFO  impl.RaftServerImpl (ServerState.java:<init>(103)) - ad718213-008c-41ec-8a72-c4d801cf9bd2@group-76A833EA3DB0: ConfigurationManager, init=-1: [80257ecc-928d-4209-b42a-e72edc2eb975:192.168.5.142:37393, ad718213-008c-41ec-8a72-c4d801cf9bd2:192.168.5.142:46365, 39fd4120-165e-45ec-b9c4-971d1f74e9b4:192.168.5.142:37151], old=null, confs=<EMPTY_MAP>
2019-10-04 13:50:41,528 [pool-207-thread-1] INFO  server.RaftServerConfigKeys (ConfUtils.java:logGet(43)) - raft.server.log.appender.install.snapshot.enabled = false (custom)
2019-10-04 13:50:41,528 [pool-217-thread-1] INFO  server.RaftServerConfigKeys (ConfUtils.java:logGet(43)) - raft.server.storage.dir = [/workdir/hadoop-ozone/integration-test/target/test-dir/MiniOzoneClusterImpl-97cba473-ea40-42b4-ab07-f206a05d6f19/datanode-1/data/ratis] (custom)
2019-10-04 13:50:41,528 [pool-207-thread-1] INFO  impl.RaftServerImpl (ServerState.java:<init>(103)) - 80257ecc-928d-4209-b42a-e72edc2eb975@group-76A833EA3DB0: ConfigurationManager, init=-1: [80257ecc-928d-4209-b42a-e72edc2eb975:192.168.5.142:37393, ad718213-008c-41ec-8a72-c4d801cf9bd2:192.168.5.142:46365, 39fd4120-165e-45ec-b9c4-971d1f74e9b4:192.168.5.142:37151], old=null, confs=<EMPTY_MAP>
2019-10-04 13:50:41,528 [pool-207-thread-1] INFO  server.RaftServerConfigKeys (ConfUtils.java:logGet(43)) - raft.server.storage.dir = [/workdir/hadoop-ozone/integration-test/target/test-dir/MiniOzoneClusterImpl-97cba473-ea40-42b4-ab07-f206a05d6f19/datanode-0/data/ratis] (custom)
2019-10-04 13:50:41,528 [pool-217-thread-1] INFO  server.RaftServerConfigKeys (ConfUtils.java:logGet(43)) - raft.server.log.corruption.policy = EXCEPTION (default)
2019-10-04 13:50:41,528 [pool-207-thread-1] INFO  server.RaftServerConfigKeys (ConfUtils.java:logGet(43)) - raft.server.log.corruption.policy = EXCEPTION (default)
2019-10-04 13:50:41,528 [pool-217-thread-1] INFO  storage.RaftStorageDirectory (RaftStorageDirectory.java:analyzeStorage(246)) - The storage directory /workdir/hadoop-ozone/integration-test/target/test-dir/MiniOzoneClusterImpl-97cba473-ea40-42b4-ab07-f206a05d6f19/datanode-1/data/ratis/be719bb1-345b-4983-b6f0-76a833ea3db0 does not exist. Creating ...
2019-10-04 13:50:41,529 [pool-207-thread-1] INFO  storage.RaftStorageDirectory (RaftStorageDirectory.java:analyzeStorage(246)) - The storage directory /workdir/hadoop-ozone/integration-test/target/test-dir/MiniOzoneClusterImpl-97cba473-ea40-42b4-ab07-f206a05d6f19/datanode-0/data/ratis/be719bb1-345b-4983-b6f0-76a833ea3db0 does not exist. Creating ...
2019-10-04 13:50:41,542 [pool-217-thread-1] INFO  storage.RaftStorageDirectory (RaftStorageDirectory.java:tryLock(328)) - Lock on /workdir/hadoop-ozone/integration-test/target/test-dir/MiniOzoneClusterImpl-97cba473-ea40-42b4-ab07-f206a05d6f19/datanode-1/data/ratis/be719bb1-345b-4983-b6f0-76a833ea3db0/in_use.lock acquired by nodename 23947@pr-hdds-2204-d78b8-1674338442
2019-10-04 13:50:41,542 [pool-207-thread-1] INFO  storage.RaftStorageDirectory (RaftStorageDirectory.java:tryLock(328)) - Lock on /workdir/hadoop-ozone/integration-test/target/test-dir/MiniOzoneClusterImpl-97cba473-ea40-42b4-ab07-f206a05d6f19/datanode-0/data/ratis/be719bb1-345b-4983-b6f0-76a833ea3db0/in_use.lock acquired by nodename 23947@pr-hdds-2204-d78b8-1674338442
2019-10-04 13:50:41,542 [pool-247-thread-1] INFO  storage.RaftStorageDirectory (RaftStorageDirectory.java:tryLock(328)) - Lock on /workdir/hadoop-ozone/integration-test/target/test-dir/MiniOzoneClusterImpl-97cba473-ea40-42b4-ab07-f206a05d6f19/datanode-4/data/ratis/be719bb1-345b-4983-b6f0-76a833ea3db0/in_use.lock acquired by nodename 23947@pr-hdds-2204-d78b8-1674338442
2019-10-04 13:50:41,570 [pool-217-thread-1] INFO  storage.RaftStorage (RaftStorage.java:format(84)) - Storage directory /workdir/hadoop-ozone/integration-test/target/test-dir/MiniOzoneClusterImpl-97cba473-ea40-42b4-ab07-f206a05d6f19/datanode-1/data/ratis/be719bb1-345b-4983-b6f0-76a833ea3db0 has been successfully formatted.
2019-10-04 13:50:41,570 [pool-207-thread-1] INFO  storage.RaftStorage (RaftStorage.java:format(84)) - Storage directory /workdir/hadoop-ozone/integration-test/target/test-dir/MiniOzoneClusterImpl-97cba473-ea40-42b4-ab07-f206a05d6f19/datanode-0/data/ratis/be719bb1-345b-4983-b6f0-76a833ea3db0 has been successfully formatted.
2019-10-04 13:50:41,570 [pool-247-thread-1] INFO  storage.RaftStorage (RaftStorage.java:format(84)) - Storage directory /workdir/hadoop-ozone/integration-test/target/test-dir/MiniOzoneClusterImpl-97cba473-ea40-42b4-ab07-f206a05d6f19/datanode-4/data/ratis/be719bb1-345b-4983-b6f0-76a833ea3db0 has been successfully formatted.
2019-10-04 13:50:41,571 [pool-207-thread-1] INFO  ratis.ContainerStateMachine (ContainerStateMachine.java:loadSnapshot(230)) - group-76A833EA3DB0: The snapshot info is null. Setting the last applied indexto:(t:0, i:~)
2019-10-04 13:50:41,571 [pool-217-thread-1] INFO  ratis.ContainerStateMachine (ContainerStateMachine.java:loadSnapshot(230)) - group-76A833EA3DB0: The snapshot info is null. Setting the last applied indexto:(t:0, i:~)
2019-10-04 13:50:41,571 [pool-247-thread-1] INFO  ratis.ContainerStateMachine (ContainerStateMachine.java:loadSnapshot(230)) - group-76A833EA3DB0: The snapshot info is null. Setting the last applied indexto:(t:0, i:~)
2019-10-04 13:50:41,571 [pool-207-thread-1] INFO  server.RaftServerConfigKeys (ConfUtils.java:logGet(43)) - raft.server.notification.no-leader.timeout = 120s (custom)
2019-10-04 13:50:41,571 [pool-247-thread-1] INFO  server.RaftServerConfigKeys (ConfUtils.java:logGet(43)) - raft.server.notification.no-leader.timeout = 120s (custom)
2019-10-04 13:50:41,571 [pool-217-thread-1] INFO  server.RaftServerConfigKeys (ConfUtils.java:logGet(43)) - raft.server.notification.no-leader.timeout = 120s (custom)
2019-10-04 13:50:41,572 [pool-247-thread-1] INFO  server.RaftServerConfigKeys (ConfUtils.java:logGet(43)) - raft.server.log.use.memory = false (default)
2019-10-04 13:50:41,571 [pool-207-thread-1] INFO  server.RaftServerConfigKeys (ConfUtils.java:logGet(43)) - raft.server.log.use.memory = false (default)
2019-10-04 13:50:41,572 [pool-247-thread-1] INFO  server.RaftServerConfigKeys (ConfUtils.java:logGet(43)) - raft.server.log.purge.gap = 1000000 (custom)
2019-10-04 13:50:41,572 [pool-217-thread-1] INFO  server.RaftServerConfigKeys (ConfUtils.java:logGet(43)) - raft.server.log.use.memory = false (default)
2019-10-04 13:50:41,572 [pool-247-thread-1] INFO  server.RaftServerConfigKeys (ConfUtils.java:logGet(43)) - raft.server.log.appender.buffer.byte-limit = 33554432 (custom)
2019-10-04 13:50:41,572 [pool-207-thread-1] INFO  server.RaftServerConfigKeys (ConfUtils.java:logGet(43)) - raft.server.log.purge.gap = 1000000 (custom)
2019-10-04 13:50:41,572 [pool-247-thread-1] INFO  server.RaftServerConfigKeys (ConfUtils.java:logGet(43)) - raft.server.log.segment.size.max = 1048576 (custom)
2019-10-04 13:50:41,572 [pool-247-thread-1] INFO  server.RaftServerConfigKeys (ConfUtils.java:logGet(43)) - raft.server.log.segment.cache.num.max = 2 (custom)
2019-10-04 13:50:41,572 [pool-217-thread-1] INFO  server.RaftServerConfigKeys (ConfUtils.java:logGet(43)) - raft.server.log.purge.gap = 1000000 (custom)
2019-10-04 13:50:41,572 [pool-247-thread-1] INFO  segmented.SegmentedRaftLogWorker (SegmentedRaftLogWorker.java:<init>(173)) - new 39fd4120-165e-45ec-b9c4-971d1f74e9b4@group-76A833EA3DB0-SegmentedRaftLogWorker for RaftStorage:Storage Directory /workdir/hadoop-ozone/integration-test/target/test-dir/MiniOzoneClusterImpl-97cba473-ea40-42b4-ab07-f206a05d6f19/datanode-4/data/ratis/be719bb1-345b-4983-b6f0-76a833ea3db0
2019-10-04 13:50:41,572 [pool-207-thread-1] INFO  server.RaftServerConfigKeys (ConfUtils.java:logGet(43)) - raft.server.log.appender.buffer.byte-limit = 33554432 (custom)
2019-10-04 13:50:41,573 [pool-247-thread-1] INFO  server.RaftServerConfigKeys (ConfUtils.java:logGet(43)) - raft.server.log.queue.byte-limit = 2147483647 (custom)
2019-10-04 13:50:41,573 [pool-217-thread-1] INFO  server.RaftServerConfigKeys (ConfUtils.java:logGet(43)) - raft.server.log.appender.buffer.byte-limit = 33554432 (custom)
2019-10-04 13:50:41,573 [pool-247-thread-1] INFO  server.RaftServerConfigKeys (ConfUtils.java:logGet(43)) - raft.server.log.queue.element-limit = 1024 (custom)
2019-10-04 13:50:41,573 [pool-207-thread-1] INFO  server.RaftServerConfigKeys (ConfUtils.java:logGet(43)) - raft.server.log.segment.size.max = 1048576 (custom)
2019-10-04 13:50:41,573 [pool-247-thread-1] INFO  server.RaftServerConfigKeys (ConfUtils.java:logGet(43)) - raft.server.log.segment.size.max = 1048576 (custom)
2019-10-04 13:50:41,573 [pool-217-thread-1] INFO  server.RaftServerConfigKeys (ConfUtils.java:logGet(43)) - raft.server.log.segment.size.max = 1048576 (custom)
2019-10-04 13:50:41,573 [pool-247-thread-1] INFO  server.RaftServerConfigKeys (ConfUtils.java:logGet(43)) - raft.server.log.preallocated.size = 16384 (custom)
2019-10-04 13:50:41,573 [pool-207-thread-1] INFO  server.RaftServerConfigKeys (ConfUtils.java:logGet(43)) - raft.server.log.segment.cache.num.max = 2 (custom)
2019-10-04 13:50:41,574 [pool-247-thread-1] INFO  server.RaftServerConfigKeys (ConfUtils.java:logGet(43)) - raft.server.log.write.buffer.size = 33554432 (custom)
2019-10-04 13:50:41,574 [pool-217-thread-1] INFO  server.RaftServerConfigKeys (ConfUtils.java:logGet(43)) - raft.server.log.segment.cache.num.max = 2 (custom)
2019-10-04 13:50:41,574 [pool-247-thread-1] INFO  server.RaftServerConfigKeys (ConfUtils.java:logGet(43)) - raft.server.log.force.sync.num = 128 (default)
2019-10-04 13:50:41,574 [pool-207-thread-1] INFO  segmented.SegmentedRaftLogWorker (SegmentedRaftLogWorker.java:<init>(173)) - new 80257ecc-928d-4209-b42a-e72edc2eb975@group-76A833EA3DB0-SegmentedRaftLogWorker for RaftStorage:Storage Directory /workdir/hadoop-ozone/integration-test/target/test-dir/MiniOzoneClusterImpl-97cba473-ea40-42b4-ab07-f206a05d6f19/datanode-0/data/ratis/be719bb1-345b-4983-b6f0-76a833ea3db0
2019-10-04 13:50:41,574 [pool-247-thread-1] INFO  server.RaftServerConfigKeys (ConfUtils.java:logGet(43)) - raft.server.log.statemachine.data.sync = true (default)
2019-10-04 13:50:41,574 [pool-217-thread-1] INFO  segmented.SegmentedRaftLogWorker (SegmentedRaftLogWorker.java:<init>(173)) - new ad718213-008c-41ec-8a72-c4d801cf9bd2@group-76A833EA3DB0-SegmentedRaftLogWorker for RaftStorage:Storage Directory /workdir/hadoop-ozone/integration-test/target/test-dir/MiniOzoneClusterImpl-97cba473-ea40-42b4-ab07-f206a05d6f19/datanode-1/data/ratis/be719bb1-345b-4983-b6f0-76a833ea3db0
2019-10-04 13:50:41,574 [pool-247-thread-1] INFO  server.RaftServerConfigKeys (ConfUtils.java:logGet(43)) - raft.server.log.statemachine.data.sync.timeout = 10s (default)
2019-10-04 13:50:41,574 [pool-207-thread-1] INFO  server.RaftServerConfigKeys (ConfUtils.java:logGet(43)) - raft.server.log.queue.byte-limit = 2147483647 (custom)
2019-10-04 13:50:41,574 [pool-247-thread-1] INFO  server.RaftServerConfigKeys (ConfUtils.java:logGet(43)) - raft.server.log.statemachine.data.sync.timeout.retry = -1 (default)
2019-10-04 13:50:41,574 [pool-217-thread-1] INFO  server.RaftServerConfigKeys (ConfUtils.java:logGet(43)) - raft.server.log.queue.byte-limit = 2147483647 (custom)
2019-10-04 13:50:41,575 [pool-247-thread-1] INFO  server.RaftServerConfigKeys (ConfUtils.java:logGet(43)) - raft.server.log.statemachine.data.caching.enabled = true (custom)
2019-10-04 13:50:41,574 [pool-207-thread-1] INFO  server.RaftServerConfigKeys (ConfUtils.java:logGet(43)) - raft.server.log.queue.element-limit = 1024 (custom)
2019-10-04 13:50:41,575 [pool-217-thread-1] INFO  server.RaftServerConfigKeys (ConfUtils.java:logGet(43)) - raft.server.log.queue.element-limit = 1024 (custom)
2019-10-04 13:50:41,575 [pool-247-thread-1] INFO  segmented.SegmentedRaftLogWorker (SegmentedRaftLogWorker.java:lambda$new$0(128)) - 39fd4120-165e-45ec-b9c4-971d1f74e9b4@group-76A833EA3DB0-SegmentedRaftLogWorker: flushIndex: setUnconditionally 0 -> -1
2019-10-04 13:50:41,575 [pool-207-thread-1] INFO  server.RaftServerConfigKeys (ConfUtils.java:logGet(43)) - raft.server.log.segment.size.max = 1048576 (custom)
2019-10-04 13:50:41,575 [pool-217-thread-1] INFO  server.RaftServerConfigKeys (ConfUtils.java:logGet(43)) - raft.server.log.segment.size.max = 1048576 (custom)
2019-10-04 13:50:41,575 [pool-247-thread-1] INFO  server.RaftServerConfigKeys (ConfUtils.java:logGet(43)) - raft.server.snapshot.auto.trigger.enabled = true (custom)
2019-10-04 13:50:41,575 [pool-207-thread-1] INFO  server.RaftServerConfigKeys (ConfUtils.java:logGet(43)) - raft.server.log.preallocated.size = 16384 (custom)
2019-10-04 13:50:41,575 [pool-247-thread-1] INFO  server.RaftServerConfigKeys (ConfUtils.java:logGet(43)) - raft.server.snapshot.auto.trigger.threshold = 10000 (custom)
2019-10-04 13:50:41,575 [pool-217-thread-1] INFO  server.RaftServerConfigKeys (ConfUtils.java:logGet(43)) - raft.server.log.preallocated.size = 16384 (custom)
2019-10-04 13:50:41,576 [pool-247-thread-1] INFO  server.RaftServerConfigKeys (ConfUtils.java:logGet(43)) - raft.server.snapshot.retention.file.num = 5 (custom)
2019-10-04 13:50:41,576 [pool-207-thread-1] INFO  server.RaftServerConfigKeys (ConfUtils.java:logGet(43)) - raft.server.log.write.buffer.size = 33554432 (custom)
2019-10-04 13:50:41,576 [pool-247-thread-1] INFO  server.RaftServerConfigKeys (ConfUtils.java:logGet(43)) - raft.server.retrycache.expirytime = 600000ms (custom)
2019-10-04 13:50:41,576 [pool-217-thread-1] INFO  server.RaftServerConfigKeys (ConfUtils.java:logGet(43)) - raft.server.log.write.buffer.size = 33554432 (custom)
2019-10-04 13:50:41,576 [pool-207-thread-1] INFO  server.RaftServerConfigKeys (ConfUtils.java:logGet(43)) - raft.server.log.force.sync.num = 128 (default)
2019-10-04 13:50:41,576 [pool-217-thread-1] INFO  server.RaftServerConfigKeys (ConfUtils.java:logGet(43)) - raft.server.log.force.sync.num = 128 (default)
2019-10-04 13:50:41,576 [pool-207-thread-1] INFO  server.RaftServerConfigKeys (ConfUtils.java:logGet(43)) - raft.server.log.statemachine.data.sync = true (default)
2019-10-04 13:50:41,576 [pool-217-thread-1] INFO  server.RaftServerConfigKeys (ConfUtils.java:logGet(43)) - raft.server.log.statemachine.data.sync = true (default)
2019-10-04 13:50:41,576 [pool-207-thread-1] INFO  server.RaftServerConfigKeys (ConfUtils.java:logGet(43)) - raft.server.log.statemachine.data.sync.timeout = 10s (default)
2019-10-04 13:50:41,577 [pool-217-thread-1] INFO  server.RaftServerConfigKeys (ConfUtils.java:logGet(43)) - raft.server.log.statemachine.data.sync.timeout = 10s (default)
2019-10-04 13:50:41,577 [pool-207-thread-1] INFO  server.RaftServerConfigKeys (ConfUtils.java:logGet(43)) - raft.server.log.statemachine.data.sync.timeout.retry = -1 (default)
2019-10-04 13:50:41,577 [pool-217-thread-1] INFO  server.RaftServerConfigKeys (ConfUtils.java:logGet(43)) - raft.server.log.statemachine.data.sync.timeout.retry = -1 (default)
2019-10-04 13:50:41,577 [pool-207-thread-1] INFO  server.RaftServerConfigKeys (ConfUtils.java:logGet(43)) - raft.server.log.statemachine.data.caching.enabled = true (custom)
2019-10-04 13:50:41,577 [pool-217-thread-1] INFO  server.RaftServerConfigKeys (ConfUtils.java:logGet(43)) - raft.server.log.statemachine.data.caching.enabled = true (custom)
2019-10-04 13:50:41,577 [pool-247-thread-1] INFO  impl.RaftServerImpl (RaftServerImpl.java:start(181)) - 39fd4120-165e-45ec-b9c4-971d1f74e9b4@group-76A833EA3DB0: start as a follower, conf=-1: [80257ecc-928d-4209-b42a-e72edc2eb975:192.168.5.142:37393, ad718213-008c-41ec-8a72-c4d801cf9bd2:192.168.5.142:46365, 39fd4120-165e-45ec-b9c4-971d1f74e9b4:192.168.5.142:37151], old=null
2019-10-04 13:50:41,577 [pool-207-thread-1] INFO  segmented.SegmentedRaftLogWorker (SegmentedRaftLogWorker.java:lambda$new$0(128)) - 80257ecc-928d-4209-b42a-e72edc2eb975@group-76A833EA3DB0-SegmentedRaftLogWorker: flushIndex: setUnconditionally 0 -> -1
2019-10-04 13:50:41,577 [pool-247-thread-1] INFO  impl.RaftServerImpl (RaftServerImpl.java:setRole(170)) - 39fd4120-165e-45ec-b9c4-971d1f74e9b4@group-76A833EA3DB0: changes role from      null to FOLLOWER at term 0 for startAsFollower
2019-10-04 13:50:41,578 [pool-217-thread-1] INFO  segmented.SegmentedRaftLogWorker (SegmentedRaftLogWorker.java:lambda$new$0(128)) - ad718213-008c-41ec-8a72-c4d801cf9bd2@group-76A833EA3DB0-SegmentedRaftLogWorker: flushIndex: setUnconditionally 0 -> -1
2019-10-04 13:50:41,578 [pool-207-thread-1] INFO  server.RaftServerConfigKeys (ConfUtils.java:logGet(43)) - raft.server.snapshot.auto.trigger.enabled = true (custom)
2019-10-04 13:50:41,578 [pool-247-thread-1] INFO  impl.RoleInfo (RoleInfo.java:updateAndGet(143)) - 39fd4120-165e-45ec-b9c4-971d1f74e9b4: start FollowerState
2019-10-04 13:50:41,578 [pool-217-thread-1] INFO  server.RaftServerConfigKeys (ConfUtils.java:logGet(43)) - raft.server.snapshot.auto.trigger.enabled = true (custom)
2019-10-04 13:50:41,578 [pool-207-thread-1] INFO  server.RaftServerConfigKeys (ConfUtils.java:logGet(43)) - raft.server.snapshot.auto.trigger.threshold = 10000 (custom)
2019-10-04 13:50:41,578 [pool-247-thread-1] INFO  util.JmxRegister (JmxRegister.java:tryRegister(44)) - Successfully registered JMX Bean with object name Ratis:service=RaftServer,group=group-76A833EA3DB0,id=39fd4120-165e-45ec-b9c4-971d1f74e9b4
2019-10-04 13:50:41,578 [pool-217-thread-1] INFO  server.RaftServerConfigKeys (ConfUtils.java:logGet(43)) - raft.server.snapshot.auto.trigger.threshold = 10000 (custom)
2019-10-04 13:50:41,578 [pool-207-thread-1] INFO  server.RaftServerConfigKeys (ConfUtils.java:logGet(43)) - raft.server.snapshot.retention.file.num = 5 (custom)
2019-10-04 13:50:41,578 [pool-217-thread-1] INFO  server.RaftServerConfigKeys (ConfUtils.java:logGet(43)) - raft.server.snapshot.retention.file.num = 5 (custom)
2019-10-04 13:50:41,579 [pool-207-thread-1] INFO  server.RaftServerConfigKeys (ConfUtils.java:logGet(43)) - raft.server.retrycache.expirytime = 600000ms (custom)
2019-10-04 13:50:41,579 [pool-217-thread-1] INFO  server.RaftServerConfigKeys (ConfUtils.java:logGet(43)) - raft.server.retrycache.expirytime = 600000ms (custom)
2019-10-04 13:50:41,583 [pool-207-thread-1] INFO  impl.RaftServerImpl (RaftServerImpl.java:start(181)) - 80257ecc-928d-4209-b42a-e72edc2eb975@group-76A833EA3DB0: start as a follower, conf=-1: [80257ecc-928d-4209-b42a-e72edc2eb975:192.168.5.142:37393, ad718213-008c-41ec-8a72-c4d801cf9bd2:192.168.5.142:46365, 39fd4120-165e-45ec-b9c4-971d1f74e9b4:192.168.5.142:37151], old=null
2019-10-04 13:50:41,583 [pool-207-thread-1] INFO  impl.RaftServerImpl (RaftServerImpl.java:setRole(170)) - 80257ecc-928d-4209-b42a-e72edc2eb975@group-76A833EA3DB0: changes role from      null to FOLLOWER at term 0 for startAsFollower
2019-10-04 13:50:41,584 [pool-207-thread-1] INFO  impl.RoleInfo (RoleInfo.java:updateAndGet(143)) - 80257ecc-928d-4209-b42a-e72edc2eb975: start FollowerState
2019-10-04 13:50:41,584 [pool-207-thread-1] INFO  util.JmxRegister (JmxRegister.java:tryRegister(44)) - Successfully registered JMX Bean with object name Ratis:service=RaftServer,group=group-76A833EA3DB0,id=80257ecc-928d-4209-b42a-e72edc2eb975
2019-10-04 13:50:41,584 [pool-217-thread-1] INFO  impl.RaftServerImpl (RaftServerImpl.java:start(181)) - ad718213-008c-41ec-8a72-c4d801cf9bd2@group-76A833EA3DB0: start as a follower, conf=-1: [80257ecc-928d-4209-b42a-e72edc2eb975:192.168.5.142:37393, ad718213-008c-41ec-8a72-c4d801cf9bd2:192.168.5.142:46365, 39fd4120-165e-45ec-b9c4-971d1f74e9b4:192.168.5.142:37151], old=null
2019-10-04 13:50:41,584 [pool-217-thread-1] INFO  impl.RaftServerImpl (RaftServerImpl.java:setRole(170)) - ad718213-008c-41ec-8a72-c4d801cf9bd2@group-76A833EA3DB0: changes role from      null to FOLLOWER at term 0 for startAsFollower
2019-10-04 13:50:41,584 [pool-217-thread-1] INFO  impl.RoleInfo (RoleInfo.java:updateAndGet(143)) - ad718213-008c-41ec-8a72-c4d801cf9bd2: start FollowerState
2019-10-04 13:50:41,585 [pool-217-thread-1] INFO  util.JmxRegister (JmxRegister.java:tryRegister(44)) - Successfully registered JMX Bean with object name Ratis:service=RaftServer,group=group-76A833EA3DB0,id=ad718213-008c-41ec-8a72-c4d801cf9bd2
2019-10-04 13:50:41,591 [RatisPipelineUtilsThread] INFO  pipeline.PipelineStateManager (PipelineStateManager.java:addPipeline(56)) - Created pipeline Pipeline[ Id: be719bb1-345b-4983-b6f0-76a833ea3db0, Nodes: 80257ecc-928d-4209-b42a-e72edc2eb975{ip: 192.168.5.142, host: pr-hdds-2204-d78b8-1674338442, networkLocation: /default-rack, certSerialId: null}ad718213-008c-41ec-8a72-c4d801cf9bd2{ip: 192.168.5.142, host: pr-hdds-2204-d78b8-1674338442, networkLocation: /default-rack, certSerialId: null}39fd4120-165e-45ec-b9c4-971d1f74e9b4{ip: 192.168.5.142, host: pr-hdds-2204-d78b8-1674338442, networkLocation: /default-rack, certSerialId: null}, Type:RATIS, Factor:THREE, State:OPEN]
2019-10-04 13:50:41,600 [grpc-default-executor-4] INFO  impl.RaftServerProxy (RaftServerProxy.java:addNew(89)) - 04afb25a-741f-41f6-b351-097881b4d4ad: addNew group-15E6BABBF81B:[04afb25a-741f-41f6-b351-097881b4d4ad:192.168.5.142:38864, f197505c-7249-4e8e-ad61-1f2f0f7e51cb:192.168.5.142:39434, 31b1d0d0-3a95-4fb5-aa59-b70c59cd1b70:192.168.5.142:43022] returns group-15E6BABBF81B:java.util.concurrent.CompletableFuture@6a6ae159[Not completed]
2019-10-04 13:50:41,600 [grpc-default-executor-2] INFO  impl.RaftServerProxy (RaftServerProxy.java:addNew(89)) - 31b1d0d0-3a95-4fb5-aa59-b70c59cd1b70: addNew group-15E6BABBF81B:[04afb25a-741f-41f6-b351-097881b4d4ad:192.168.5.142:38864, f197505c-7249-4e8e-ad61-1f2f0f7e51cb:192.168.5.142:39434, 31b1d0d0-3a95-4fb5-aa59-b70c59cd1b70:192.168.5.142:43022] returns group-15E6BABBF81B:java.util.concurrent.CompletableFuture@a826c7[Not completed]
2019-10-04 13:50:41,600 [grpc-default-executor-0] INFO  impl.RaftServerProxy (RaftServerProxy.java:addNew(89)) - f197505c-7249-4e8e-ad61-1f2f0f7e51cb: addNew group-15E6BABBF81B:[04afb25a-741f-41f6-b351-097881b4d4ad:192.168.5.142:38864, f197505c-7249-4e8e-ad61-1f2f0f7e51cb:192.168.5.142:39434, 31b1d0d0-3a95-4fb5-aa59-b70c59cd1b70:192.168.5.142:43022] returns group-15E6BABBF81B:java.util.concurrent.CompletableFuture@31e9611e[Not completed]
2019-10-04 13:50:41,601 [pool-267-thread-1] INFO  impl.RaftServerImpl (RaftServerImpl.java:<init>(95)) - f197505c-7249-4e8e-ad61-1f2f0f7e51cb: new RaftServerImpl for group-15E6BABBF81B:[04afb25a-741f-41f6-b351-097881b4d4ad:192.168.5.142:38864, f197505c-7249-4e8e-ad61-1f2f0f7e51cb:192.168.5.142:39434, 31b1d0d0-3a95-4fb5-aa59-b70c59cd1b70:192.168.5.142:43022] with ContainerStateMachine:uninitialized
2019-10-04 13:50:41,601 [pool-267-thread-1] INFO  server.RaftServerConfigKeys (ConfUtils.java:logGet(43)) - raft.server.rpc.timeout.min = 5s (custom)
2019-10-04 13:50:41,602 [pool-267-thread-1] INFO  server.RaftServerConfigKeys (ConfUtils.java:logGet(43)) - raft.server.rpc.timeout.max = 5200ms (custom)
2019-10-04 13:50:41,602 [pool-267-thread-1] INFO  server.RaftServerConfigKeys (ConfUtils.java:logGet(43)) - raft.server.rpcslowness.timeout = 120s (custom)
2019-10-04 13:50:41,602 [pool-267-thread-1] INFO  server.RaftServerConfigKeys (ConfUtils.java:logGet(43)) - raft.server.sleep.deviation.threshold = 300 (default)
2019-10-04 13:50:41,602 [pool-267-thread-1] INFO  server.RaftServerConfigKeys (ConfUtils.java:logGet(43)) - raft.server.log.appender.install.snapshot.enabled = false (custom)
2019-10-04 13:50:41,602 [pool-267-thread-1] INFO  impl.RaftServerImpl (ServerState.java:<init>(103)) - f197505c-7249-4e8e-ad61-1f2f0f7e51cb@group-15E6BABBF81B: ConfigurationManager, init=-1: [04afb25a-741f-41f6-b351-097881b4d4ad:192.168.5.142:38864, f197505c-7249-4e8e-ad61-1f2f0f7e51cb:192.168.5.142:39434, 31b1d0d0-3a95-4fb5-aa59-b70c59cd1b70:192.168.5.142:43022], old=null, confs=<EMPTY_MAP>
2019-10-04 13:50:41,602 [pool-227-thread-1] INFO  impl.RaftServerImpl (RaftServerImpl.java:<init>(95)) - 31b1d0d0-3a95-4fb5-aa59-b70c59cd1b70: new RaftServerImpl for group-15E6BABBF81B:[04afb25a-741f-41f6-b351-097881b4d4ad:192.168.5.142:38864, f197505c-7249-4e8e-ad61-1f2f0f7e51cb:192.168.5.142:39434, 31b1d0d0-3a95-4fb5-aa59-b70c59cd1b70:192.168.5.142:43022] with ContainerStateMachine:uninitialized
2019-10-04 13:50:41,602 [pool-267-thread-1] INFO  server.RaftServerConfigKeys (ConfUtils.java:logGet(43)) - raft.server.storage.dir = [/workdir/hadoop-ozone/integration-test/target/test-dir/MiniOzoneClusterImpl-97cba473-ea40-42b4-ab07-f206a05d6f19/datanode-6/data/ratis] (custom)
2019-10-04 13:50:41,602 [pool-227-thread-1] INFO  server.RaftServerConfigKeys (ConfUtils.java:logGet(43)) - raft.server.rpc.timeout.min = 5s (custom)
2019-10-04 13:50:41,603 [pool-237-thread-1] INFO  impl.RaftServerImpl (RaftServerImpl.java:<init>(95)) - 04afb25a-741f-41f6-b351-097881b4d4ad: new RaftServerImpl for group-15E6BABBF81B:[04afb25a-741f-41f6-b351-097881b4d4ad:192.168.5.142:38864, f197505c-7249-4e8e-ad61-1f2f0f7e51cb:192.168.5.142:39434, 31b1d0d0-3a95-4fb5-aa59-b70c59cd1b70:192.168.5.142:43022] with ContainerStateMachine:uninitialized
2019-10-04 13:50:41,603 [pool-267-thread-1] INFO  server.RaftServerConfigKeys (ConfUtils.java:logGet(43)) - raft.server.log.corruption.policy = EXCEPTION (default)
2019-10-04 13:50:41,603 [pool-227-thread-1] INFO  server.RaftServerConfigKeys (ConfUtils.java:logGet(43)) - raft.server.rpc.timeout.max = 5200ms (custom)
2019-10-04 13:50:41,603 [pool-267-thread-1] INFO  storage.RaftStorageDirectory (RaftStorageDirectory.java:analyzeStorage(246)) - The storage directory /workdir/hadoop-ozone/integration-test/target/test-dir/MiniOzoneClusterImpl-97cba473-ea40-42b4-ab07-f206a05d6f19/datanode-6/data/ratis/a41e0db2-a406-4fe5-a829-15e6babbf81b does not exist. Creating ...
2019-10-04 13:50:41,603 [pool-237-thread-1] INFO  server.RaftServerConfigKeys (ConfUtils.java:logGet(43)) - raft.server.rpc.timeout.min = 5s (custom)
2019-10-04 13:50:41,603 [pool-227-thread-1] INFO  server.RaftServerConfigKeys (ConfUtils.java:logGet(43)) - raft.server.rpcslowness.timeout = 120s (custom)
2019-10-04 13:50:41,603 [pool-237-thread-1] INFO  server.RaftServerConfigKeys (ConfUtils.java:logGet(43)) - raft.server.rpc.timeout.max = 5200ms (custom)
2019-10-04 13:50:41,603 [pool-227-thread-1] INFO  server.RaftServerConfigKeys (ConfUtils.java:logGet(43)) - raft.server.sleep.deviation.threshold = 300 (default)
2019-10-04 13:50:41,603 [pool-237-thread-1] INFO  server.RaftServerConfigKeys (ConfUtils.java:logGet(43)) - raft.server.rpcslowness.timeout = 120s (custom)
2019-10-04 13:50:41,603 [pool-227-thread-1] INFO  server.RaftServerConfigKeys (ConfUtils.java:logGet(43)) - raft.server.log.appender.install.snapshot.enabled = false (custom)
2019-10-04 13:50:41,604 [pool-237-thread-1] INFO  server.RaftServerConfigKeys (ConfUtils.java:logGet(43)) - raft.server.sleep.deviation.threshold = 300 (default)
2019-10-04 13:50:41,604 [pool-227-thread-1] INFO  impl.RaftServerImpl (ServerState.java:<init>(103)) - 31b1d0d0-3a95-4fb5-aa59-b70c59cd1b70@group-15E6BABBF81B: ConfigurationManager, init=-1: [04afb25a-741f-41f6-b351-097881b4d4ad:192.168.5.142:38864, f197505c-7249-4e8e-ad61-1f2f0f7e51cb:192.168.5.142:39434, 31b1d0d0-3a95-4fb5-aa59-b70c59cd1b70:192.168.5.142:43022], old=null, confs=<EMPTY_MAP>
2019-10-04 13:50:41,604 [pool-237-thread-1] INFO  server.RaftServerConfigKeys (ConfUtils.java:logGet(43)) - raft.server.log.appender.install.snapshot.enabled = false (custom)
2019-10-04 13:50:41,604 [pool-227-thread-1] INFO  server.RaftServerConfigKeys (ConfUtils.java:logGet(43)) - raft.server.storage.dir = [/workdir/hadoop-ozone/integration-test/target/test-dir/MiniOzoneClusterImpl-97cba473-ea40-42b4-ab07-f206a05d6f19/datanode-2/data/ratis] (custom)
2019-10-04 13:50:41,604 [pool-237-thread-1] INFO  impl.RaftServerImpl (ServerState.java:<init>(103)) - 04afb25a-741f-41f6-b351-097881b4d4ad@group-15E6BABBF81B: ConfigurationManager, init=-1: [04afb25a-741f-41f6-b351-097881b4d4ad:192.168.5.142:38864, f197505c-7249-4e8e-ad61-1f2f0f7e51cb:192.168.5.142:39434, 31b1d0d0-3a95-4fb5-aa59-b70c59cd1b70:192.168.5.142:43022], old=null, confs=<EMPTY_MAP>
2019-10-04 13:50:41,604 [pool-237-thread-1] INFO  server.RaftServerConfigKeys (ConfUtils.java:logGet(43)) - raft.server.storage.dir = [/workdir/hadoop-ozone/integration-test/target/test-dir/MiniOzoneClusterImpl-97cba473-ea40-42b4-ab07-f206a05d6f19/datanode-3/data/ratis] (custom)
2019-10-04 13:50:41,604 [pool-227-thread-1] INFO  server.RaftServerConfigKeys (ConfUtils.java:logGet(43)) - raft.server.log.corruption.policy = EXCEPTION (default)
2019-10-04 13:50:41,604 [pool-237-thread-1] INFO  server.RaftServerConfigKeys (ConfUtils.java:logGet(43)) - raft.server.log.corruption.policy = EXCEPTION (default)
2019-10-04 13:50:41,604 [pool-227-thread-1] INFO  storage.RaftStorageDirectory (RaftStorageDirectory.java:analyzeStorage(246)) - The storage directory /workdir/hadoop-ozone/integration-test/target/test-dir/MiniOzoneClusterImpl-97cba473-ea40-42b4-ab07-f206a05d6f19/datanode-2/data/ratis/a41e0db2-a406-4fe5-a829-15e6babbf81b does not exist. Creating ...
2019-10-04 13:50:41,604 [pool-237-thread-1] INFO  storage.RaftStorageDirectory (RaftStorageDirectory.java:analyzeStorage(246)) - The storage directory /workdir/hadoop-ozone/integration-test/target/test-dir/MiniOzoneClusterImpl-97cba473-ea40-42b4-ab07-f206a05d6f19/datanode-3/data/ratis/a41e0db2-a406-4fe5-a829-15e6babbf81b does not exist. Creating ...
2019-10-04 13:50:41,610 [pool-237-thread-1] INFO  storage.RaftStorageDirectory (RaftStorageDirectory.java:tryLock(328)) - Lock on /workdir/hadoop-ozone/integration-test/target/test-dir/MiniOzoneClusterImpl-97cba473-ea40-42b4-ab07-f206a05d6f19/datanode-3/data/ratis/a41e0db2-a406-4fe5-a829-15e6babbf81b/in_use.lock acquired by nodename 23947@pr-hdds-2204-d78b8-1674338442
2019-10-04 13:50:41,610 [pool-227-thread-1] INFO  storage.RaftStorageDirectory (RaftStorageDirectory.java:tryLock(328)) - Lock on /workdir/hadoop-ozone/integration-test/target/test-dir/MiniOzoneClusterImpl-97cba473-ea40-42b4-ab07-f206a05d6f19/datanode-2/data/ratis/a41e0db2-a406-4fe5-a829-15e6babbf81b/in_use.lock acquired by nodename 23947@pr-hdds-2204-d78b8-1674338442
2019-10-04 13:50:41,610 [pool-267-thread-1] INFO  storage.RaftStorageDirectory (RaftStorageDirectory.java:tryLock(328)) - Lock on /workdir/hadoop-ozone/integration-test/target/test-dir/MiniOzoneClusterImpl-97cba473-ea40-42b4-ab07-f206a05d6f19/datanode-6/data/ratis/a41e0db2-a406-4fe5-a829-15e6babbf81b/in_use.lock acquired by nodename 23947@pr-hdds-2204-d78b8-1674338442
2019-10-04 13:50:41,615 [pool-227-thread-1] INFO  storage.RaftStorage (RaftStorage.java:format(84)) - Storage directory /workdir/hadoop-ozone/integration-test/target/test-dir/MiniOzoneClusterImpl-97cba473-ea40-42b4-ab07-f206a05d6f19/datanode-2/data/ratis/a41e0db2-a406-4fe5-a829-15e6babbf81b has been successfully formatted.
2019-10-04 13:50:41,615 [pool-237-thread-1] INFO  storage.RaftStorage (RaftStorage.java:format(84)) - Storage directory /workdir/hadoop-ozone/integration-test/target/test-dir/MiniOzoneClusterImpl-97cba473-ea40-42b4-ab07-f206a05d6f19/datanode-3/data/ratis/a41e0db2-a406-4fe5-a829-15e6babbf81b has been successfully formatted.
2019-10-04 13:50:41,615 [pool-267-thread-1] INFO  storage.RaftStorage (RaftStorage.java:format(84)) - Storage directory /workdir/hadoop-ozone/integration-test/target/test-dir/MiniOzoneClusterImpl-97cba473-ea40-42b4-ab07-f206a05d6f19/datanode-6/data/ratis/a41e0db2-a406-4fe5-a829-15e6babbf81b has been successfully formatted.
2019-10-04 13:50:41,615 [pool-237-thread-1] INFO  ratis.ContainerStateMachine (ContainerStateMachine.java:loadSnapshot(230)) - group-15E6BABBF81B: The snapshot info is null. Setting the last applied indexto:(t:0, i:~)
2019-10-04 13:50:41,615 [pool-267-thread-1] INFO  ratis.ContainerStateMachine (ContainerStateMachine.java:loadSnapshot(230)) - group-15E6BABBF81B: The snapshot info is null. Setting the last applied indexto:(t:0, i:~)
2019-10-04 13:50:41,615 [pool-237-thread-1] INFO  server.RaftServerConfigKeys (ConfUtils.java:logGet(43)) - raft.server.notification.no-leader.timeout = 120s (custom)
2019-10-04 13:50:41,615 [pool-227-thread-1] INFO  ratis.ContainerStateMachine (ContainerStateMachine.java:loadSnapshot(230)) - group-15E6BABBF81B: The snapshot info is null. Setting the last applied indexto:(t:0, i:~)
2019-10-04 13:50:41,615 [pool-267-thread-1] INFO  server.RaftServerConfigKeys (ConfUtils.java:logGet(43)) - raft.server.notification.no-leader.timeout = 120s (custom)
2019-10-04 13:50:41,615 [pool-227-thread-1] INFO  server.RaftServerConfigKeys (ConfUtils.java:logGet(43)) - raft.server.notification.no-leader.timeout = 120s (custom)
2019-10-04 13:50:41,615 [pool-237-thread-1] INFO  server.RaftServerConfigKeys (ConfUtils.java:logGet(43)) - raft.server.log.use.memory = false (default)
2019-10-04 13:50:41,616 [pool-227-thread-1] INFO  server.RaftServerConfigKeys (ConfUtils.java:logGet(43)) - raft.server.log.use.memory = false (default)
2019-10-04 13:50:41,615 [pool-267-thread-1] INFO  server.RaftServerConfigKeys (ConfUtils.java:logGet(43)) - raft.server.log.use.memory = false (default)
2019-10-04 13:50:41,616 [pool-227-thread-1] INFO  server.RaftServerConfigKeys (ConfUtils.java:logGet(43)) - raft.server.log.purge.gap = 1000000 (custom)
2019-10-04 13:50:41,616 [pool-237-thread-1] INFO  server.RaftServerConfigKeys (ConfUtils.java:logGet(43)) - raft.server.log.purge.gap = 1000000 (custom)
2019-10-04 13:50:41,616 [pool-227-thread-1] INFO  server.RaftServerConfigKeys (ConfUtils.java:logGet(43)) - raft.server.log.appender.buffer.byte-limit = 33554432 (custom)
2019-10-04 13:50:41,616 [pool-267-thread-1] INFO  server.RaftServerConfigKeys (ConfUtils.java:logGet(43)) - raft.server.log.purge.gap = 1000000 (custom)
2019-10-04 13:50:41,616 [pool-227-thread-1] INFO  server.RaftServerConfigKeys (ConfUtils.java:logGet(43)) - raft.server.log.segment.size.max = 1048576 (custom)
2019-10-04 13:50:41,616 [pool-237-thread-1] INFO  server.RaftServerConfigKeys (ConfUtils.java:logGet(43)) - raft.server.log.appender.buffer.byte-limit = 33554432 (custom)
2019-10-04 13:50:41,616 [pool-227-thread-1] INFO  server.RaftServerConfigKeys (ConfUtils.java:logGet(43)) - raft.server.log.segment.cache.num.max = 2 (custom)
2019-10-04 13:50:41,617 [pool-227-thread-1] INFO  segmented.SegmentedRaftLogWorker (SegmentedRaftLogWorker.java:<init>(173)) - new 31b1d0d0-3a95-4fb5-aa59-b70c59cd1b70@group-15E6BABBF81B-SegmentedRaftLogWorker for RaftStorage:Storage Directory /workdir/hadoop-ozone/integration-test/target/test-dir/MiniOzoneClusterImpl-97cba473-ea40-42b4-ab07-f206a05d6f19/datanode-2/data/ratis/a41e0db2-a406-4fe5-a829-15e6babbf81b
2019-10-04 13:50:41,616 [pool-267-thread-1] INFO  server.RaftServerConfigKeys (ConfUtils.java:logGet(43)) - raft.server.log.appender.buffer.byte-limit = 33554432 (custom)
2019-10-04 13:50:41,617 [pool-227-thread-1] INFO  server.RaftServerConfigKeys (ConfUtils.java:logGet(43)) - raft.server.log.queue.byte-limit = 2147483647 (custom)
2019-10-04 13:50:41,616 [pool-237-thread-1] INFO  server.RaftServerConfigKeys (ConfUtils.java:logGet(43)) - raft.server.log.segment.size.max = 1048576 (custom)
2019-10-04 13:50:41,617 [pool-227-thread-1] INFO  server.RaftServerConfigKeys (ConfUtils.java:logGet(43)) - raft.server.log.queue.element-limit = 1024 (custom)
2019-10-04 13:50:41,617 [pool-267-thread-1] INFO  server.RaftServerConfigKeys (ConfUtils.java:logGet(43)) - raft.server.log.segment.size.max = 1048576 (custom)
2019-10-04 13:50:41,617 [pool-227-thread-1] INFO  server.RaftServerConfigKeys (ConfUtils.java:logGet(43)) - raft.server.log.segment.size.max = 1048576 (custom)
2019-10-04 13:50:41,617 [pool-237-thread-1] INFO  server.RaftServerConfigKeys (ConfUtils.java:logGet(43)) - raft.server.log.segment.cache.num.max = 2 (custom)
2019-10-04 13:50:41,617 [pool-227-thread-1] INFO  server.RaftServerConfigKeys (ConfUtils.java:logGet(43)) - raft.server.log.preallocated.size = 16384 (custom)
2019-10-04 13:50:41,617 [pool-267-thread-1] INFO  server.RaftServerConfigKeys (ConfUtils.java:logGet(43)) - raft.server.log.segment.cache.num.max = 2 (custom)
2019-10-04 13:50:41,617 [pool-227-thread-1] INFO  server.RaftServerConfigKeys (ConfUtils.java:logGet(43)) - raft.server.log.write.buffer.size = 33554432 (custom)
2019-10-04 13:50:41,617 [pool-237-thread-1] INFO  segmented.SegmentedRaftLogWorker (SegmentedRaftLogWorker.java:<init>(173)) - new 04afb25a-741f-41f6-b351-097881b4d4ad@group-15E6BABBF81B-SegmentedRaftLogWorker for RaftStorage:Storage Directory /workdir/hadoop-ozone/integration-test/target/test-dir/MiniOzoneClusterImpl-97cba473-ea40-42b4-ab07-f206a05d6f19/datanode-3/data/ratis/a41e0db2-a406-4fe5-a829-15e6babbf81b
2019-10-04 13:50:41,618 [pool-227-thread-1] INFO  server.RaftServerConfigKeys (ConfUtils.java:logGet(43)) - raft.server.log.force.sync.num = 128 (default)
2019-10-04 13:50:41,618 [pool-267-thread-1] INFO  segmented.SegmentedRaftLogWorker (SegmentedRaftLogWorker.java:<init>(173)) - new f197505c-7249-4e8e-ad61-1f2f0f7e51cb@group-15E6BABBF81B-SegmentedRaftLogWorker for RaftStorage:Storage Directory /workdir/hadoop-ozone/integration-test/target/test-dir/MiniOzoneClusterImpl-97cba473-ea40-42b4-ab07-f206a05d6f19/datanode-6/data/ratis/a41e0db2-a406-4fe5-a829-15e6babbf81b
2019-10-04 13:50:41,618 [pool-227-thread-1] INFO  server.RaftServerConfigKeys (ConfUtils.java:logGet(43)) - raft.server.log.statemachine.data.sync = true (default)
2019-10-04 13:50:41,618 [pool-237-thread-1] INFO  server.RaftServerConfigKeys (ConfUtils.java:logGet(43)) - raft.server.log.queue.byte-limit = 2147483647 (custom)
2019-10-04 13:50:41,618 [pool-227-thread-1] INFO  server.RaftServerConfigKeys (ConfUtils.java:logGet(43)) - raft.server.log.statemachine.data.sync.timeout = 10s (default)
2019-10-04 13:50:41,618 [pool-267-thread-1] INFO  server.RaftServerConfigKeys (ConfUtils.java:logGet(43)) - raft.server.log.queue.byte-limit = 2147483647 (custom)
2019-10-04 13:50:41,618 [pool-227-thread-1] INFO  server.RaftServerConfigKeys (ConfUtils.java:logGet(43)) - raft.server.log.statemachine.data.sync.timeout.retry = -1 (default)
2019-10-04 13:50:41,618 [pool-237-thread-1] INFO  server.RaftServerConfigKeys (ConfUtils.java:logGet(43)) - raft.server.log.queue.element-limit = 1024 (custom)
2019-10-04 13:50:41,619 [pool-227-thread-1] INFO  server.RaftServerConfigKeys (ConfUtils.java:logGet(43)) - raft.server.log.statemachine.data.caching.enabled = true (custom)
2019-10-04 13:50:41,618 [pool-267-thread-1] INFO  server.RaftServerConfigKeys (ConfUtils.java:logGet(43)) - raft.server.log.queue.element-limit = 1024 (custom)
2019-10-04 13:50:41,619 [pool-237-thread-1] INFO  server.RaftServerConfigKeys (ConfUtils.java:logGet(43)) - raft.server.log.segment.size.max = 1048576 (custom)
2019-10-04 13:50:41,619 [pool-227-thread-1] INFO  segmented.SegmentedRaftLogWorker (SegmentedRaftLogWorker.java:lambda$new$0(128)) - 31b1d0d0-3a95-4fb5-aa59-b70c59cd1b70@group-15E6BABBF81B-SegmentedRaftLogWorker: flushIndex: setUnconditionally 0 -> -1
2019-10-04 13:50:41,619 [pool-267-thread-1] INFO  server.RaftServerConfigKeys (ConfUtils.java:logGet(43)) - raft.server.log.segment.size.max = 1048576 (custom)
2019-10-04 13:50:41,619 [pool-237-thread-1] INFO  server.RaftServerConfigKeys (ConfUtils.java:logGet(43)) - raft.server.log.preallocated.size = 16384 (custom)
2019-10-04 13:50:41,619 [pool-227-thread-1] INFO  server.RaftServerConfigKeys (ConfUtils.java:logGet(43)) - raft.server.snapshot.auto.trigger.enabled = true (custom)
2019-10-04 13:50:41,619 [pool-267-thread-1] INFO  server.RaftServerConfigKeys (ConfUtils.java:logGet(43)) - raft.server.log.preallocated.size = 16384 (custom)
2019-10-04 13:50:41,619 [pool-227-thread-1] INFO  server.RaftServerConfigKeys (ConfUtils.java:logGet(43)) - raft.server.snapshot.auto.trigger.threshold = 10000 (custom)
2019-10-04 13:50:41,620 [pool-227-thread-1] INFO  server.RaftServerConfigKeys (ConfUtils.java:logGet(43)) - raft.server.snapshot.retention.file.num = 5 (custom)
2019-10-04 13:50:41,619 [pool-237-thread-1] INFO  server.RaftServerConfigKeys (ConfUtils.java:logGet(43)) - raft.server.log.write.buffer.size = 33554432 (custom)
2019-10-04 13:50:41,620 [pool-227-thread-1] INFO  server.RaftServerConfigKeys (ConfUtils.java:logGet(43)) - raft.server.retrycache.expirytime = 600000ms (custom)
2019-10-04 13:50:41,619 [pool-267-thread-1] INFO  server.RaftServerConfigKeys (ConfUtils.java:logGet(43)) - raft.server.log.write.buffer.size = 33554432 (custom)
2019-10-04 13:50:41,620 [pool-237-thread-1] INFO  server.RaftServerConfigKeys (ConfUtils.java:logGet(43)) - raft.server.log.force.sync.num = 128 (default)
2019-10-04 13:50:41,620 [pool-267-thread-1] INFO  server.RaftServerConfigKeys (ConfUtils.java:logGet(43)) - raft.server.log.force.sync.num = 128 (default)
2019-10-04 13:50:41,620 [pool-237-thread-1] INFO  server.RaftServerConfigKeys (ConfUtils.java:logGet(43)) - raft.server.log.statemachine.data.sync = true (default)
2019-10-04 13:50:41,620 [pool-267-thread-1] INFO  server.RaftServerConfigKeys (ConfUtils.java:logGet(43)) - raft.server.log.statemachine.data.sync = true (default)
2019-10-04 13:50:41,620 [pool-237-thread-1] INFO  server.RaftServerConfigKeys (ConfUtils.java:logGet(43)) - raft.server.log.statemachine.data.sync.timeout = 10s (default)
2019-10-04 13:50:41,620 [pool-267-thread-1] INFO  server.RaftServerConfigKeys (ConfUtils.java:logGet(43)) - raft.server.log.statemachine.data.sync.timeout = 10s (default)
2019-10-04 13:50:41,620 [pool-237-thread-1] INFO  server.RaftServerConfigKeys (ConfUtils.java:logGet(43)) - raft.server.log.statemachine.data.sync.timeout.retry = -1 (default)
2019-10-04 13:50:41,621 [pool-267-thread-1] INFO  server.RaftServerConfigKeys (ConfUtils.java:logGet(43)) - raft.server.log.statemachine.data.sync.timeout.retry = -1 (default)
2019-10-04 13:50:41,621 [pool-237-thread-1] INFO  server.RaftServerConfigKeys (ConfUtils.java:logGet(43)) - raft.server.log.statemachine.data.caching.enabled = true (custom)
2019-10-04 13:50:41,621 [pool-267-thread-1] INFO  server.RaftServerConfigKeys (ConfUtils.java:logGet(43)) - raft.server.log.statemachine.data.caching.enabled = true (custom)
2019-10-04 13:50:41,621 [pool-237-thread-1] INFO  segmented.SegmentedRaftLogWorker (SegmentedRaftLogWorker.java:lambda$new$0(128)) - 04afb25a-741f-41f6-b351-097881b4d4ad@group-15E6BABBF81B-SegmentedRaftLogWorker: flushIndex: setUnconditionally 0 -> -1
2019-10-04 13:50:41,621 [pool-267-thread-1] INFO  segmented.SegmentedRaftLogWorker (SegmentedRaftLogWorker.java:lambda$new$0(128)) - f197505c-7249-4e8e-ad61-1f2f0f7e51cb@group-15E6BABBF81B-SegmentedRaftLogWorker: flushIndex: setUnconditionally 0 -> -1
2019-10-04 13:50:41,621 [pool-227-thread-1] INFO  impl.RaftServerImpl (RaftServerImpl.java:start(181)) - 31b1d0d0-3a95-4fb5-aa59-b70c59cd1b70@group-15E6BABBF81B: start as a follower, conf=-1: [04afb25a-741f-41f6-b351-097881b4d4ad:192.168.5.142:38864, f197505c-7249-4e8e-ad61-1f2f0f7e51cb:192.168.5.142:39434, 31b1d0d0-3a95-4fb5-aa59-b70c59cd1b70:192.168.5.142:43022], old=null
2019-10-04 13:50:41,621 [pool-237-thread-1] INFO  server.RaftServerConfigKeys (ConfUtils.java:logGet(43)) - raft.server.snapshot.auto.trigger.enabled = true (custom)
2019-10-04 13:50:41,621 [pool-267-thread-1] INFO  server.RaftServerConfigKeys (ConfUtils.java:logGet(43)) - raft.server.snapshot.auto.trigger.enabled = true (custom)
2019-10-04 13:50:41,621 [pool-227-thread-1] INFO  impl.RaftServerImpl (RaftServerImpl.java:setRole(170)) - 31b1d0d0-3a95-4fb5-aa59-b70c59cd1b70@group-15E6BABBF81B: changes role from      null to FOLLOWER at term 0 for startAsFollower
2019-10-04 13:50:41,622 [pool-267-thread-1] INFO  server.RaftServerConfigKeys (ConfUtils.java:logGet(43)) - raft.server.snapshot.auto.trigger.threshold = 10000 (custom)
2019-10-04 13:50:41,622 [pool-237-thread-1] INFO  server.RaftServerConfigKeys (ConfUtils.java:logGet(43)) - raft.server.snapshot.auto.trigger.threshold = 10000 (custom)
2019-10-04 13:50:41,622 [pool-267-thread-1] INFO  server.RaftServerConfigKeys (ConfUtils.java:logGet(43)) - raft.server.snapshot.retention.file.num = 5 (custom)
2019-10-04 13:50:41,622 [pool-227-thread-1] INFO  impl.RoleInfo (RoleInfo.java:updateAndGet(143)) - 31b1d0d0-3a95-4fb5-aa59-b70c59cd1b70: start FollowerState
2019-10-04 13:50:41,622 [pool-267-thread-1] INFO  server.RaftServerConfigKeys (ConfUtils.java:logGet(43)) - raft.server.retrycache.expirytime = 600000ms (custom)
2019-10-04 13:50:41,622 [pool-237-thread-1] INFO  server.RaftServerConfigKeys (ConfUtils.java:logGet(43)) - raft.server.snapshot.retention.file.num = 5 (custom)
2019-10-04 13:50:41,622 [pool-227-thread-1] INFO  util.JmxRegister (JmxRegister.java:tryRegister(44)) - Successfully registered JMX Bean with object name Ratis:service=RaftServer,group=group-15E6BABBF81B,id=31b1d0d0-3a95-4fb5-aa59-b70c59cd1b70
2019-10-04 13:50:41,622 [pool-237-thread-1] INFO  server.RaftServerConfigKeys (ConfUtils.java:logGet(43)) - raft.server.retrycache.expirytime = 600000ms (custom)
2019-10-04 13:50:41,626 [pool-267-thread-1] INFO  impl.RaftServerImpl (RaftServerImpl.java:start(181)) - f197505c-7249-4e8e-ad61-1f2f0f7e51cb@group-15E6BABBF81B: start as a follower, conf=-1: [04afb25a-741f-41f6-b351-097881b4d4ad:192.168.5.142:38864, f197505c-7249-4e8e-ad61-1f2f0f7e51cb:192.168.5.142:39434, 31b1d0d0-3a95-4fb5-aa59-b70c59cd1b70:192.168.5.142:43022], old=null
2019-10-04 13:50:41,626 [pool-267-thread-1] INFO  impl.RaftServerImpl (RaftServerImpl.java:setRole(170)) - f197505c-7249-4e8e-ad61-1f2f0f7e51cb@group-15E6BABBF81B: changes role from      null to FOLLOWER at term 0 for startAsFollower
2019-10-04 13:50:41,626 [pool-267-thread-1] INFO  impl.RoleInfo (RoleInfo.java:updateAndGet(143)) - f197505c-7249-4e8e-ad61-1f2f0f7e51cb: start FollowerState
2019-10-04 13:50:41,626 [pool-237-thread-1] INFO  impl.RaftServerImpl (RaftServerImpl.java:start(181)) - 04afb25a-741f-41f6-b351-097881b4d4ad@group-15E6BABBF81B: start as a follower, conf=-1: [04afb25a-741f-41f6-b351-097881b4d4ad:192.168.5.142:38864, f197505c-7249-4e8e-ad61-1f2f0f7e51cb:192.168.5.142:39434, 31b1d0d0-3a95-4fb5-aa59-b70c59cd1b70:192.168.5.142:43022], old=null
2019-10-04 13:50:41,626 [pool-237-thread-1] INFO  impl.RaftServerImpl (RaftServerImpl.java:setRole(170)) - 04afb25a-741f-41f6-b351-097881b4d4ad@group-15E6BABBF81B: changes role from      null to FOLLOWER at term 0 for startAsFollower
2019-10-04 13:50:41,626 [pool-267-thread-1] INFO  util.JmxRegister (JmxRegister.java:tryRegister(44)) - Successfully registered JMX Bean with object name Ratis:service=RaftServer,group=group-15E6BABBF81B,id=f197505c-7249-4e8e-ad61-1f2f0f7e51cb
2019-10-04 13:50:41,626 [pool-237-thread-1] INFO  impl.RoleInfo (RoleInfo.java:updateAndGet(143)) - 04afb25a-741f-41f6-b351-097881b4d4ad: start FollowerState
2019-10-04 13:50:41,627 [pool-237-thread-1] INFO  util.JmxRegister (JmxRegister.java:tryRegister(44)) - Successfully registered JMX Bean with object name Ratis:service=RaftServer,group=group-15E6BABBF81B,id=04afb25a-741f-41f6-b351-097881b4d4ad
2019-10-04 13:50:41,636 [RatisPipelineUtilsThread] INFO  pipeline.PipelineStateManager (PipelineStateManager.java:addPipeline(56)) - Created pipeline Pipeline[ Id: a41e0db2-a406-4fe5-a829-15e6babbf81b, Nodes: f197505c-7249-4e8e-ad61-1f2f0f7e51cb{ip: 192.168.5.142, host: pr-hdds-2204-d78b8-1674338442, networkLocation: /default-rack, certSerialId: null}31b1d0d0-3a95-4fb5-aa59-b70c59cd1b70{ip: 192.168.5.142, host: pr-hdds-2204-d78b8-1674338442, networkLocation: /default-rack, certSerialId: null}04afb25a-741f-41f6-b351-097881b4d4ad{ip: 192.168.5.142, host: pr-hdds-2204-d78b8-1674338442, networkLocation: /default-rack, certSerialId: null}, Type:RATIS, Factor:THREE, State:OPEN]
2019-10-04 13:50:42,437 [main] INFO  ozone.MiniOzoneClusterImpl (MiniOzoneClusterImpl.java:lambda$waitForClusterToBeReady$0(147)) - Cluster is ready. Got 7 of 7 DN Heartbeats.
2019-10-04 13:50:42,465 [main] INFO  rpc.RpcClient (RpcClient.java:createVolume(277)) - Creating Volume: watchforcommithandlingtest, with jenkins1000 as owner.
2019-10-04 13:50:42,467 [IPC Server handler 2 on 38152] INFO  volume.OMVolumeCreateRequest (OMVolumeCreateRequest.java:validateAndUpdateCache(193)) - created volume:watchforcommithandlingtest for user:jenkins1000
2019-10-04 13:50:42,479 [main] INFO  rpc.RpcClient (RpcClient.java:createBucket(416)) - Creating Bucket: watchforcommithandlingtest/watchforcommithandlingtest, with Versioning false and Storage Type set to DISK and Encryption set to false 
2019-10-04 13:50:42,483 [main] INFO  ozone.MiniOzoneClusterImpl (MiniOzoneClusterImpl.java:getStorageContainerLocationClient(234)) - Creating StorageContainerLocationProtocol RPC client with address /0.0.0.0:44627
2019-10-04 13:50:44,074 [Thread-1469] INFO  container.ReplicationManager (ReplicationManager.java:start(162)) - Starting Replication Monitor Thread.
2019-10-04 13:50:44,076 [ReplicationMonitor] INFO  container.ReplicationManager (ReplicationManager.java:run(225)) - Replication Monitor Thread took 0 milliseconds for processing 1 containers.
2019-10-04 13:50:46,266 [Thread-1471] INFO  impl.FollowerState (FollowerState.java:run(108)) - 80257ecc-928d-4209-b42a-e72edc2eb975@group-949E19706834-FollowerState: change to CANDIDATE, lastRpcTime:5135ms, electionTimeout:5135ms
2019-10-04 13:50:46,267 [Thread-1471] INFO  impl.RoleInfo (RoleInfo.java:shutdownFollowerState(121)) - 80257ecc-928d-4209-b42a-e72edc2eb975: shutdown FollowerState
2019-10-04 13:50:46,267 [Thread-1471] INFO  impl.RaftServerImpl (RaftServerImpl.java:setRole(170)) - 80257ecc-928d-4209-b42a-e72edc2eb975@group-949E19706834: changes role from  FOLLOWER to CANDIDATE at term 0 for changeToCandidate
2019-10-04 13:50:46,267 [Thread-1471] INFO  impl.RoleInfo (RoleInfo.java:updateAndGet(143)) - 80257ecc-928d-4209-b42a-e72edc2eb975: start LeaderElection
2019-10-04 13:50:46,299 [Thread-1477] INFO  impl.FollowerState (FollowerState.java:run(108)) - 31b1d0d0-3a95-4fb5-aa59-b70c59cd1b70@group-1EBC35AB79FA-FollowerState: change to CANDIDATE, lastRpcTime:5026ms, electionTimeout:5026ms
2019-10-04 13:50:46,299 [Thread-1477] INFO  impl.RoleInfo (RoleInfo.java:shutdownFollowerState(121)) - 31b1d0d0-3a95-4fb5-aa59-b70c59cd1b70: shutdown FollowerState
2019-10-04 13:50:46,299 [Thread-1477] INFO  impl.RaftServerImpl (RaftServerImpl.java:setRole(170)) - 31b1d0d0-3a95-4fb5-aa59-b70c59cd1b70@group-1EBC35AB79FA: changes role from  FOLLOWER to CANDIDATE at term 0 for changeToCandidate
2019-10-04 13:50:46,299 [Thread-1477] INFO  impl.RoleInfo (RoleInfo.java:updateAndGet(143)) - 31b1d0d0-3a95-4fb5-aa59-b70c59cd1b70: start LeaderElection
2019-10-04 13:50:46,304 [80257ecc-928d-4209-b42a-e72edc2eb975@group-949E19706834-LeaderElection57] INFO  impl.LeaderElection (LeaderElection.java:askForVotes(178)) - 80257ecc-928d-4209-b42a-e72edc2eb975@group-949E19706834-LeaderElection57: begin an election at term 1 for -1: [80257ecc-928d-4209-b42a-e72edc2eb975:192.168.5.142:37393], old=null
2019-10-04 13:50:46,305 [80257ecc-928d-4209-b42a-e72edc2eb975@group-949E19706834-LeaderElection57] INFO  impl.RoleInfo (RoleInfo.java:shutdownLeaderElection(134)) - 80257ecc-928d-4209-b42a-e72edc2eb975: shutdown LeaderElection
2019-10-04 13:50:46,305 [80257ecc-928d-4209-b42a-e72edc2eb975@group-949E19706834-LeaderElection57] INFO  impl.RaftServerImpl (RaftServerImpl.java:setRole(170)) - 80257ecc-928d-4209-b42a-e72edc2eb975@group-949E19706834: changes role from CANDIDATE to LEADER at term 1 for changeToLeader
2019-10-04 13:50:46,305 [80257ecc-928d-4209-b42a-e72edc2eb975@group-949E19706834-LeaderElection57] INFO  impl.RaftServerImpl (ServerState.java:setLeader(255)) - 80257ecc-928d-4209-b42a-e72edc2eb975@group-949E19706834: change Leader from null to 80257ecc-928d-4209-b42a-e72edc2eb975 at term 1 for becomeLeader, leader elected after 5181ms
2019-10-04 13:50:46,307 [80257ecc-928d-4209-b42a-e72edc2eb975@group-949E19706834-LeaderElection57] INFO  server.RaftServerConfigKeys (ConfUtils.java:logGet(43)) - raft.server.staging.catchup.gap = 1000 (default)
2019-10-04 13:50:46,307 [80257ecc-928d-4209-b42a-e72edc2eb975@group-949E19706834-LeaderElection57] INFO  server.RaftServerConfigKeys (ConfUtils.java:logGet(43)) - raft.server.rpc.sleep.time = 25ms (default)
2019-10-04 13:50:46,307 [80257ecc-928d-4209-b42a-e72edc2eb975@group-949E19706834-LeaderElection57] INFO  server.RaftServerConfigKeys (ConfUtils.java:logGet(43)) - raft.server.write.element-limit = 4096 (default)
2019-10-04 13:50:46,308 [80257ecc-928d-4209-b42a-e72edc2eb975@group-949E19706834-LeaderElection57] INFO  server.RaftServerConfigKeys (ConfUtils.java:logGet(43)) - raft.server.watch.timeout = 10s (default)
2019-10-04 13:50:46,308 [80257ecc-928d-4209-b42a-e72edc2eb975@group-949E19706834-LeaderElection57] INFO  server.RaftServerConfigKeys (ConfUtils.java:logGet(43)) - raft.server.watch.timeout.denomination = 1s (default)
2019-10-04 13:50:46,308 [80257ecc-928d-4209-b42a-e72edc2eb975@group-949E19706834-LeaderElection57] INFO  server.RaftServerConfigKeys (ConfUtils.java:logGet(43)) - raft.server.watch.element-limit = 65536 (default)
2019-10-04 13:50:46,310 [80257ecc-928d-4209-b42a-e72edc2eb975@group-949E19706834-LeaderElection57] INFO  impl.RoleInfo (RoleInfo.java:updateAndGet(143)) - 80257ecc-928d-4209-b42a-e72edc2eb975: start LeaderState
2019-10-04 13:50:46,311 [80257ecc-928d-4209-b42a-e72edc2eb975@group-949E19706834-LeaderElection57] INFO  segmented.SegmentedRaftLogWorker (SegmentedRaftLogWorker.java:startLogSegment(385)) - 80257ecc-928d-4209-b42a-e72edc2eb975@group-949E19706834-SegmentedRaftLogWorker: Starting segment from index:0
2019-10-04 13:50:46,312 [80257ecc-928d-4209-b42a-e72edc2eb975@group-949E19706834-LeaderElection57] INFO  impl.RaftServerImpl (ServerState.java:setRaftConf(356)) - 80257ecc-928d-4209-b42a-e72edc2eb975@group-949E19706834: set configuration 0: [80257ecc-928d-4209-b42a-e72edc2eb975:192.168.5.142:37393], old=null at 0
2019-10-04 13:50:46,318 [31b1d0d0-3a95-4fb5-aa59-b70c59cd1b70@group-1EBC35AB79FA-LeaderElection58] INFO  impl.LeaderElection (LeaderElection.java:askForVotes(178)) - 31b1d0d0-3a95-4fb5-aa59-b70c59cd1b70@group-1EBC35AB79FA-LeaderElection58: begin an election at term 1 for -1: [31b1d0d0-3a95-4fb5-aa59-b70c59cd1b70:192.168.5.142:43022], old=null
2019-10-04 13:50:46,318 [31b1d0d0-3a95-4fb5-aa59-b70c59cd1b70@group-1EBC35AB79FA-LeaderElection58] INFO  impl.RoleInfo (RoleInfo.java:shutdownLeaderElection(134)) - 31b1d0d0-3a95-4fb5-aa59-b70c59cd1b70: shutdown LeaderElection
2019-10-04 13:50:46,318 [31b1d0d0-3a95-4fb5-aa59-b70c59cd1b70@group-1EBC35AB79FA-LeaderElection58] INFO  impl.RaftServerImpl (RaftServerImpl.java:setRole(170)) - 31b1d0d0-3a95-4fb5-aa59-b70c59cd1b70@group-1EBC35AB79FA: changes role from CANDIDATE to LEADER at term 1 for changeToLeader
2019-10-04 13:50:46,318 [31b1d0d0-3a95-4fb5-aa59-b70c59cd1b70@group-1EBC35AB79FA-LeaderElection58] INFO  impl.RaftServerImpl (ServerState.java:setLeader(255)) - 31b1d0d0-3a95-4fb5-aa59-b70c59cd1b70@group-1EBC35AB79FA: change Leader from null to 31b1d0d0-3a95-4fb5-aa59-b70c59cd1b70 at term 1 for becomeLeader, leader elected after 5052ms
2019-10-04 13:50:46,346 [31b1d0d0-3a95-4fb5-aa59-b70c59cd1b70@group-1EBC35AB79FA-LeaderElection58] INFO  server.RaftServerConfigKeys (ConfUtils.java:logGet(43)) - raft.server.staging.catchup.gap = 1000 (default)
2019-10-04 13:50:46,347 [31b1d0d0-3a95-4fb5-aa59-b70c59cd1b70@group-1EBC35AB79FA-LeaderElection58] INFO  server.RaftServerConfigKeys (ConfUtils.java:logGet(43)) - raft.server.rpc.sleep.time = 25ms (default)
2019-10-04 13:50:46,347 [31b1d0d0-3a95-4fb5-aa59-b70c59cd1b70@group-1EBC35AB79FA-LeaderElection58] INFO  server.RaftServerConfigKeys (ConfUtils.java:logGet(43)) - raft.server.write.element-limit = 4096 (default)
2019-10-04 13:50:46,347 [31b1d0d0-3a95-4fb5-aa59-b70c59cd1b70@group-1EBC35AB79FA-LeaderElection58] INFO  server.RaftServerConfigKeys (ConfUtils.java:logGet(43)) - raft.server.watch.timeout = 10s (default)
2019-10-04 13:50:46,347 [31b1d0d0-3a95-4fb5-aa59-b70c59cd1b70@group-1EBC35AB79FA-LeaderElection58] INFO  server.RaftServerConfigKeys (ConfUtils.java:logGet(43)) - raft.server.watch.timeout.denomination = 1s (default)
2019-10-04 13:50:46,347 [31b1d0d0-3a95-4fb5-aa59-b70c59cd1b70@group-1EBC35AB79FA-LeaderElection58] INFO  server.RaftServerConfigKeys (ConfUtils.java:logGet(43)) - raft.server.watch.element-limit = 65536 (default)
2019-10-04 13:50:46,349 [31b1d0d0-3a95-4fb5-aa59-b70c59cd1b70@group-1EBC35AB79FA-LeaderElection58] INFO  impl.RoleInfo (RoleInfo.java:updateAndGet(143)) - 31b1d0d0-3a95-4fb5-aa59-b70c59cd1b70: start LeaderState
2019-10-04 13:50:46,349 [31b1d0d0-3a95-4fb5-aa59-b70c59cd1b70@group-1EBC35AB79FA-LeaderElection58] INFO  segmented.SegmentedRaftLogWorker (SegmentedRaftLogWorker.java:startLogSegment(385)) - 31b1d0d0-3a95-4fb5-aa59-b70c59cd1b70@group-1EBC35AB79FA-SegmentedRaftLogWorker: Starting segment from index:0
2019-10-04 13:50:46,349 [31b1d0d0-3a95-4fb5-aa59-b70c59cd1b70@group-1EBC35AB79FA-LeaderElection58] INFO  impl.RaftServerImpl (ServerState.java:setRaftConf(356)) - 31b1d0d0-3a95-4fb5-aa59-b70c59cd1b70@group-1EBC35AB79FA: set configuration 0: [31b1d0d0-3a95-4fb5-aa59-b70c59cd1b70:192.168.5.142:43022], old=null at 0
2019-10-04 13:50:46,369 [Thread-1474] INFO  impl.FollowerState (FollowerState.java:run(108)) - ad718213-008c-41ec-8a72-c4d801cf9bd2@group-4315827237D1-FollowerState: change to CANDIDATE, lastRpcTime:5166ms, electionTimeout:5166ms
2019-10-04 13:50:46,369 [Thread-1474] INFO  impl.RoleInfo (RoleInfo.java:shutdownFollowerState(121)) - ad718213-008c-41ec-8a72-c4d801cf9bd2: shutdown FollowerState
2019-10-04 13:50:46,369 [Thread-1474] INFO  impl.RaftServerImpl (RaftServerImpl.java:setRole(170)) - ad718213-008c-41ec-8a72-c4d801cf9bd2@group-4315827237D1: changes role from  FOLLOWER to CANDIDATE at term 0 for changeToCandidate
2019-10-04 13:50:46,369 [Thread-1474] INFO  impl.RoleInfo (RoleInfo.java:updateAndGet(143)) - ad718213-008c-41ec-8a72-c4d801cf9bd2: start LeaderElection
2019-10-04 13:50:46,393 [80257ecc-928d-4209-b42a-e72edc2eb975@group-949E19706834-SegmentedRaftLogWorker] INFO  segmented.SegmentedRaftLogWorker (SegmentedRaftLogWorker.java:execute(574)) - 80257ecc-928d-4209-b42a-e72edc2eb975@group-949E19706834-SegmentedRaftLogWorker: created new log segment /workdir/hadoop-ozone/integration-test/target/test-dir/MiniOzoneClusterImpl-97cba473-ea40-42b4-ab07-f206a05d6f19/datanode-0/data/ratis/a43c4bca-e909-4fe5-9764-949e19706834/current/log_inprogress_0
2019-10-04 13:50:46,406 [31b1d0d0-3a95-4fb5-aa59-b70c59cd1b70@group-1EBC35AB79FA-SegmentedRaftLogWorker] INFO  segmented.SegmentedRaftLogWorker (SegmentedRaftLogWorker.java:execute(574)) - 31b1d0d0-3a95-4fb5-aa59-b70c59cd1b70@group-1EBC35AB79FA-SegmentedRaftLogWorker: created new log segment /workdir/hadoop-ozone/integration-test/target/test-dir/MiniOzoneClusterImpl-97cba473-ea40-42b4-ab07-f206a05d6f19/datanode-2/data/ratis/a4390b93-fbdc-4f5f-b7ed-1ebc35ab79fa/current/log_inprogress_0
2019-10-04 13:50:46,406 [ad718213-008c-41ec-8a72-c4d801cf9bd2@group-4315827237D1-LeaderElection59] INFO  impl.LeaderElection (LeaderElection.java:askForVotes(178)) - ad718213-008c-41ec-8a72-c4d801cf9bd2@group-4315827237D1-LeaderElection59: begin an election at term 1 for -1: [ad718213-008c-41ec-8a72-c4d801cf9bd2:192.168.5.142:46365], old=null
2019-10-04 13:50:46,406 [ad718213-008c-41ec-8a72-c4d801cf9bd2@group-4315827237D1-LeaderElection59] INFO  impl.RoleInfo (RoleInfo.java:shutdownLeaderElection(134)) - ad718213-008c-41ec-8a72-c4d801cf9bd2: shutdown LeaderElection
2019-10-04 13:50:46,406 [ad718213-008c-41ec-8a72-c4d801cf9bd2@group-4315827237D1-LeaderElection59] INFO  impl.RaftServerImpl (RaftServerImpl.java:setRole(170)) - ad718213-008c-41ec-8a72-c4d801cf9bd2@group-4315827237D1: changes role from CANDIDATE to LEADER at term 1 for changeToLeader
2019-10-04 13:50:46,406 [ad718213-008c-41ec-8a72-c4d801cf9bd2@group-4315827237D1-LeaderElection59] INFO  impl.RaftServerImpl (ServerState.java:setLeader(255)) - ad718213-008c-41ec-8a72-c4d801cf9bd2@group-4315827237D1: change Leader from null to ad718213-008c-41ec-8a72-c4d801cf9bd2 at term 1 for becomeLeader, leader elected after 5211ms
2019-10-04 13:50:46,408 [ad718213-008c-41ec-8a72-c4d801cf9bd2@group-4315827237D1-LeaderElection59] INFO  server.RaftServerConfigKeys (ConfUtils.java:logGet(43)) - raft.server.staging.catchup.gap = 1000 (default)
2019-10-04 13:50:46,408 [ad718213-008c-41ec-8a72-c4d801cf9bd2@group-4315827237D1-LeaderElection59] INFO  server.RaftServerConfigKeys (ConfUtils.java:logGet(43)) - raft.server.rpc.sleep.time = 25ms (default)
2019-10-04 13:50:46,408 [ad718213-008c-41ec-8a72-c4d801cf9bd2@group-4315827237D1-LeaderElection59] INFO  server.RaftServerConfigKeys (ConfUtils.java:logGet(43)) - raft.server.write.element-limit = 4096 (default)
2019-10-04 13:50:46,408 [ad718213-008c-41ec-8a72-c4d801cf9bd2@group-4315827237D1-LeaderElection59] INFO  server.RaftServerConfigKeys (ConfUtils.java:logGet(43)) - raft.server.watch.timeout = 10s (default)
2019-10-04 13:50:46,408 [ad718213-008c-41ec-8a72-c4d801cf9bd2@group-4315827237D1-LeaderElection59] INFO  server.RaftServerConfigKeys (ConfUtils.java:logGet(43)) - raft.server.watch.timeout.denomination = 1s (default)
2019-10-04 13:50:46,409 [ad718213-008c-41ec-8a72-c4d801cf9bd2@group-4315827237D1-LeaderElection59] INFO  server.RaftServerConfigKeys (ConfUtils.java:logGet(43)) - raft.server.watch.element-limit = 65536 (default)
2019-10-04 13:50:46,410 [ad718213-008c-41ec-8a72-c4d801cf9bd2@group-4315827237D1-LeaderElection59] INFO  impl.RoleInfo (RoleInfo.java:updateAndGet(143)) - ad718213-008c-41ec-8a72-c4d801cf9bd2: start LeaderState
2019-10-04 13:50:46,410 [ad718213-008c-41ec-8a72-c4d801cf9bd2@group-4315827237D1-LeaderElection59] INFO  segmented.SegmentedRaftLogWorker (SegmentedRaftLogWorker.java:startLogSegment(385)) - ad718213-008c-41ec-8a72-c4d801cf9bd2@group-4315827237D1-SegmentedRaftLogWorker: Starting segment from index:0
2019-10-04 13:50:46,411 [ad718213-008c-41ec-8a72-c4d801cf9bd2@group-4315827237D1-LeaderElection59] INFO  impl.RaftServerImpl (ServerState.java:setRaftConf(356)) - ad718213-008c-41ec-8a72-c4d801cf9bd2@group-4315827237D1: set configuration 0: [ad718213-008c-41ec-8a72-c4d801cf9bd2:192.168.5.142:46365], old=null at 0
2019-10-04 13:50:46,444 [ad718213-008c-41ec-8a72-c4d801cf9bd2@group-4315827237D1-SegmentedRaftLogWorker] INFO  segmented.SegmentedRaftLogWorker (SegmentedRaftLogWorker.java:execute(574)) - ad718213-008c-41ec-8a72-c4d801cf9bd2@group-4315827237D1-SegmentedRaftLogWorker: created new log segment /workdir/hadoop-ozone/integration-test/target/test-dir/MiniOzoneClusterImpl-97cba473-ea40-42b4-ab07-f206a05d6f19/datanode-1/data/ratis/b16c18e3-ef50-4291-a914-4315827237d1/current/log_inprogress_0
2019-10-04 13:50:46,456 [Thread-1480] INFO  impl.FollowerState (FollowerState.java:run(108)) - 04afb25a-741f-41f6-b351-097881b4d4ad@group-79D4BCEEB6D9-FollowerState: change to CANDIDATE, lastRpcTime:5130ms, electionTimeout:5130ms
2019-10-04 13:50:46,457 [Thread-1480] INFO  impl.RoleInfo (RoleInfo.java:shutdownFollowerState(121)) - 04afb25a-741f-41f6-b351-097881b4d4ad: shutdown FollowerState
2019-10-04 13:50:46,457 [Thread-1480] INFO  impl.RaftServerImpl (RaftServerImpl.java:setRole(170)) - 04afb25a-741f-41f6-b351-097881b4d4ad@group-79D4BCEEB6D9: changes role from  FOLLOWER to CANDIDATE at term 0 for changeToCandidate
2019-10-04 13:50:46,457 [Thread-1480] INFO  impl.RoleInfo (RoleInfo.java:updateAndGet(143)) - 04afb25a-741f-41f6-b351-097881b4d4ad: start LeaderElection
2019-10-04 13:50:46,467 [Thread-1483] INFO  impl.FollowerState (FollowerState.java:run(108)) - 39fd4120-165e-45ec-b9c4-971d1f74e9b4@group-35D6B3F63B28-FollowerState: change to CANDIDATE, lastRpcTime:5072ms, electionTimeout:5072ms
2019-10-04 13:50:46,467 [Thread-1483] INFO  impl.RoleInfo (RoleInfo.java:shutdownFollowerState(121)) - 39fd4120-165e-45ec-b9c4-971d1f74e9b4: shutdown FollowerState
2019-10-04 13:50:46,467 [Thread-1483] INFO  impl.RaftServerImpl (RaftServerImpl.java:setRole(170)) - 39fd4120-165e-45ec-b9c4-971d1f74e9b4@group-35D6B3F63B28: changes role from  FOLLOWER to CANDIDATE at term 0 for changeToCandidate
2019-10-04 13:50:46,467 [Thread-1483] INFO  impl.RoleInfo (RoleInfo.java:updateAndGet(143)) - 39fd4120-165e-45ec-b9c4-971d1f74e9b4: start LeaderElection
2019-10-04 13:50:46,475 [04afb25a-741f-41f6-b351-097881b4d4ad@group-79D4BCEEB6D9-LeaderElection60] INFO  impl.LeaderElection (LeaderElection.java:askForVotes(178)) - 04afb25a-741f-41f6-b351-097881b4d4ad@group-79D4BCEEB6D9-LeaderElection60: begin an election at term 1 for -1: [04afb25a-741f-41f6-b351-097881b4d4ad:192.168.5.142:38864], old=null
2019-10-04 13:50:46,475 [04afb25a-741f-41f6-b351-097881b4d4ad@group-79D4BCEEB6D9-LeaderElection60] INFO  impl.RoleInfo (RoleInfo.java:shutdownLeaderElection(134)) - 04afb25a-741f-41f6-b351-097881b4d4ad: shutdown LeaderElection
2019-10-04 13:50:46,475 [04afb25a-741f-41f6-b351-097881b4d4ad@group-79D4BCEEB6D9-LeaderElection60] INFO  impl.RaftServerImpl (RaftServerImpl.java:setRole(170)) - 04afb25a-741f-41f6-b351-097881b4d4ad@group-79D4BCEEB6D9: changes role from CANDIDATE to LEADER at term 1 for changeToLeader
2019-10-04 13:50:46,475 [04afb25a-741f-41f6-b351-097881b4d4ad@group-79D4BCEEB6D9-LeaderElection60] INFO  impl.RaftServerImpl (ServerState.java:setLeader(255)) - 04afb25a-741f-41f6-b351-097881b4d4ad@group-79D4BCEEB6D9: change Leader from null to 04afb25a-741f-41f6-b351-097881b4d4ad at term 1 for becomeLeader, leader elected after 5155ms
2019-10-04 13:50:46,477 [04afb25a-741f-41f6-b351-097881b4d4ad@group-79D4BCEEB6D9-LeaderElection60] INFO  server.RaftServerConfigKeys (ConfUtils.java:logGet(43)) - raft.server.staging.catchup.gap = 1000 (default)
2019-10-04 13:50:46,477 [04afb25a-741f-41f6-b351-097881b4d4ad@group-79D4BCEEB6D9-LeaderElection60] INFO  server.RaftServerConfigKeys (ConfUtils.java:logGet(43)) - raft.server.rpc.sleep.time = 25ms (default)
2019-10-04 13:50:46,477 [39fd4120-165e-45ec-b9c4-971d1f74e9b4@group-35D6B3F63B28-LeaderElection61] INFO  impl.LeaderElection (LeaderElection.java:askForVotes(178)) - 39fd4120-165e-45ec-b9c4-971d1f74e9b4@group-35D6B3F63B28-LeaderElection61: begin an election at term 1 for -1: [39fd4120-165e-45ec-b9c4-971d1f74e9b4:192.168.5.142:37151], old=null
2019-10-04 13:50:46,477 [04afb25a-741f-41f6-b351-097881b4d4ad@group-79D4BCEEB6D9-LeaderElection60] INFO  server.RaftServerConfigKeys (ConfUtils.java:logGet(43)) - raft.server.write.element-limit = 4096 (default)
2019-10-04 13:50:46,478 [39fd4120-165e-45ec-b9c4-971d1f74e9b4@group-35D6B3F63B28-LeaderElection61] INFO  impl.RoleInfo (RoleInfo.java:shutdownLeaderElection(134)) - 39fd4120-165e-45ec-b9c4-971d1f74e9b4: shutdown LeaderElection
2019-10-04 13:50:46,478 [04afb25a-741f-41f6-b351-097881b4d4ad@group-79D4BCEEB6D9-LeaderElection60] INFO  server.RaftServerConfigKeys (ConfUtils.java:logGet(43)) - raft.server.watch.timeout = 10s (default)
2019-10-04 13:50:46,478 [39fd4120-165e-45ec-b9c4-971d1f74e9b4@group-35D6B3F63B28-LeaderElection61] INFO  impl.RaftServerImpl (RaftServerImpl.java:setRole(170)) - 39fd4120-165e-45ec-b9c4-971d1f74e9b4@group-35D6B3F63B28: changes role from CANDIDATE to LEADER at term 1 for changeToLeader
2019-10-04 13:50:46,478 [04afb25a-741f-41f6-b351-097881b4d4ad@group-79D4BCEEB6D9-LeaderElection60] INFO  server.RaftServerConfigKeys (ConfUtils.java:logGet(43)) - raft.server.watch.timeout.denomination = 1s (default)
2019-10-04 13:50:46,478 [39fd4120-165e-45ec-b9c4-971d1f74e9b4@group-35D6B3F63B28-LeaderElection61] INFO  impl.RaftServerImpl (ServerState.java:setLeader(255)) - 39fd4120-165e-45ec-b9c4-971d1f74e9b4@group-35D6B3F63B28: change Leader from null to 39fd4120-165e-45ec-b9c4-971d1f74e9b4 at term 1 for becomeLeader, leader elected after 5091ms
2019-10-04 13:50:46,478 [04afb25a-741f-41f6-b351-097881b4d4ad@group-79D4BCEEB6D9-LeaderElection60] INFO  server.RaftServerConfigKeys (ConfUtils.java:logGet(43)) - raft.server.watch.element-limit = 65536 (default)
2019-10-04 13:50:46,480 [39fd4120-165e-45ec-b9c4-971d1f74e9b4@group-35D6B3F63B28-LeaderElection61] INFO  server.RaftServerConfigKeys (ConfUtils.java:logGet(43)) - raft.server.staging.catchup.gap = 1000 (default)
2019-10-04 13:50:46,481 [39fd4120-165e-45ec-b9c4-971d1f74e9b4@group-35D6B3F63B28-LeaderElection61] INFO  server.RaftServerConfigKeys (ConfUtils.java:logGet(43)) - raft.server.rpc.sleep.time = 25ms (default)
2019-10-04 13:50:46,481 [39fd4120-165e-45ec-b9c4-971d1f74e9b4@group-35D6B3F63B28-LeaderElection61] INFO  server.RaftServerConfigKeys (ConfUtils.java:logGet(43)) - raft.server.write.element-limit = 4096 (default)
2019-10-04 13:50:46,481 [39fd4120-165e-45ec-b9c4-971d1f74e9b4@group-35D6B3F63B28-LeaderElection61] INFO  server.RaftServerConfigKeys (ConfUtils.java:logGet(43)) - raft.server.watch.timeout = 10s (default)
2019-10-04 13:50:46,481 [39fd4120-165e-45ec-b9c4-971d1f74e9b4@group-35D6B3F63B28-LeaderElection61] INFO  server.RaftServerConfigKeys (ConfUtils.java:logGet(43)) - raft.server.watch.timeout.denomination = 1s (default)
2019-10-04 13:50:46,481 [39fd4120-165e-45ec-b9c4-971d1f74e9b4@group-35D6B3F63B28-LeaderElection61] INFO  server.RaftServerConfigKeys (ConfUtils.java:logGet(43)) - raft.server.watch.element-limit = 65536 (default)
2019-10-04 13:50:46,482 [04afb25a-741f-41f6-b351-097881b4d4ad@group-79D4BCEEB6D9-LeaderElection60] INFO  impl.RoleInfo (RoleInfo.java:updateAndGet(143)) - 04afb25a-741f-41f6-b351-097881b4d4ad: start LeaderState
2019-10-04 13:50:46,482 [04afb25a-741f-41f6-b351-097881b4d4ad@group-79D4BCEEB6D9-LeaderElection60] INFO  segmented.SegmentedRaftLogWorker (SegmentedRaftLogWorker.java:startLogSegment(385)) - 04afb25a-741f-41f6-b351-097881b4d4ad@group-79D4BCEEB6D9-SegmentedRaftLogWorker: Starting segment from index:0
2019-10-04 13:50:46,483 [04afb25a-741f-41f6-b351-097881b4d4ad@group-79D4BCEEB6D9-LeaderElection60] INFO  impl.RaftServerImpl (ServerState.java:setRaftConf(356)) - 04afb25a-741f-41f6-b351-097881b4d4ad@group-79D4BCEEB6D9: set configuration 0: [04afb25a-741f-41f6-b351-097881b4d4ad:192.168.5.142:38864], old=null at 0
2019-10-04 13:50:46,485 [39fd4120-165e-45ec-b9c4-971d1f74e9b4@group-35D6B3F63B28-LeaderElection61] INFO  impl.RoleInfo (RoleInfo.java:updateAndGet(143)) - 39fd4120-165e-45ec-b9c4-971d1f74e9b4: start LeaderState
2019-10-04 13:50:46,486 [39fd4120-165e-45ec-b9c4-971d1f74e9b4@group-35D6B3F63B28-LeaderElection61] INFO  segmented.SegmentedRaftLogWorker (SegmentedRaftLogWorker.java:startLogSegment(385)) - 39fd4120-165e-45ec-b9c4-971d1f74e9b4@group-35D6B3F63B28-SegmentedRaftLogWorker: Starting segment from index:0
2019-10-04 13:50:46,486 [39fd4120-165e-45ec-b9c4-971d1f74e9b4@group-35D6B3F63B28-LeaderElection61] INFO  impl.RaftServerImpl (ServerState.java:setRaftConf(356)) - 39fd4120-165e-45ec-b9c4-971d1f74e9b4@group-35D6B3F63B28: set configuration 0: [39fd4120-165e-45ec-b9c4-971d1f74e9b4:192.168.5.142:37151], old=null at 0
2019-10-04 13:50:46,525 [39fd4120-165e-45ec-b9c4-971d1f74e9b4@group-35D6B3F63B28-SegmentedRaftLogWorker] INFO  segmented.SegmentedRaftLogWorker (SegmentedRaftLogWorker.java:execute(574)) - 39fd4120-165e-45ec-b9c4-971d1f74e9b4@group-35D6B3F63B28-SegmentedRaftLogWorker: created new log segment /workdir/hadoop-ozone/integration-test/target/test-dir/MiniOzoneClusterImpl-97cba473-ea40-42b4-ab07-f206a05d6f19/datanode-4/data/ratis/979962be-ae2a-4747-97df-35d6b3f63b28/current/log_inprogress_0
2019-10-04 13:50:46,525 [04afb25a-741f-41f6-b351-097881b4d4ad@group-79D4BCEEB6D9-SegmentedRaftLogWorker] INFO  segmented.SegmentedRaftLogWorker (SegmentedRaftLogWorker.java:execute(574)) - 04afb25a-741f-41f6-b351-097881b4d4ad@group-79D4BCEEB6D9-SegmentedRaftLogWorker: created new log segment /workdir/hadoop-ozone/integration-test/target/test-dir/MiniOzoneClusterImpl-97cba473-ea40-42b4-ab07-f206a05d6f19/datanode-3/data/ratis/41852925-757d-4f03-a9bb-79d4bceeb6d9/current/log_inprogress_0
2019-10-04 13:50:46,606 [Thread-1486] INFO  impl.FollowerState (FollowerState.java:run(108)) - a689a1f5-8151-4250-ba72-b5275e1c6db9@group-2EF2358C8BA8-FollowerState: change to CANDIDATE, lastRpcTime:5155ms, electionTimeout:5155ms
2019-10-04 13:50:46,606 [Thread-1486] INFO  impl.RoleInfo (RoleInfo.java:shutdownFollowerState(121)) - a689a1f5-8151-4250-ba72-b5275e1c6db9: shutdown FollowerState
2019-10-04 13:50:46,606 [Thread-1486] INFO  impl.RaftServerImpl (RaftServerImpl.java:setRole(170)) - a689a1f5-8151-4250-ba72-b5275e1c6db9@group-2EF2358C8BA8: changes role from  FOLLOWER to CANDIDATE at term 0 for changeToCandidate
2019-10-04 13:50:46,607 [Thread-1486] INFO  impl.RoleInfo (RoleInfo.java:updateAndGet(143)) - a689a1f5-8151-4250-ba72-b5275e1c6db9: start LeaderElection
2019-10-04 13:50:46,622 [Thread-1489] INFO  impl.FollowerState (FollowerState.java:run(108)) - f197505c-7249-4e8e-ad61-1f2f0f7e51cb@group-EC6F84E5F44C-FollowerState: change to CANDIDATE, lastRpcTime:5118ms, electionTimeout:5118ms
2019-10-04 13:50:46,623 [Thread-1489] INFO  impl.RoleInfo (RoleInfo.java:shutdownFollowerState(121)) - f197505c-7249-4e8e-ad61-1f2f0f7e51cb: shutdown FollowerState
2019-10-04 13:50:46,623 [Thread-1489] INFO  impl.RaftServerImpl (RaftServerImpl.java:setRole(170)) - f197505c-7249-4e8e-ad61-1f2f0f7e51cb@group-EC6F84E5F44C: changes role from  FOLLOWER to CANDIDATE at term 0 for changeToCandidate
2019-10-04 13:50:46,623 [Thread-1489] INFO  impl.RoleInfo (RoleInfo.java:updateAndGet(143)) - f197505c-7249-4e8e-ad61-1f2f0f7e51cb: start LeaderElection
2019-10-04 13:50:46,635 [a689a1f5-8151-4250-ba72-b5275e1c6db9@group-2EF2358C8BA8-LeaderElection62] INFO  impl.LeaderElection (LeaderElection.java:askForVotes(178)) - a689a1f5-8151-4250-ba72-b5275e1c6db9@group-2EF2358C8BA8-LeaderElection62: begin an election at term 1 for -1: [a689a1f5-8151-4250-ba72-b5275e1c6db9:192.168.5.142:33449], old=null
2019-10-04 13:50:46,635 [a689a1f5-8151-4250-ba72-b5275e1c6db9@group-2EF2358C8BA8-LeaderElection62] INFO  impl.RoleInfo (RoleInfo.java:shutdownLeaderElection(134)) - a689a1f5-8151-4250-ba72-b5275e1c6db9: shutdown LeaderElection
2019-10-04 13:50:46,635 [a689a1f5-8151-4250-ba72-b5275e1c6db9@group-2EF2358C8BA8-LeaderElection62] INFO  impl.RaftServerImpl (RaftServerImpl.java:setRole(170)) - a689a1f5-8151-4250-ba72-b5275e1c6db9@group-2EF2358C8BA8: changes role from CANDIDATE to LEADER at term 1 for changeToLeader
2019-10-04 13:50:46,636 [a689a1f5-8151-4250-ba72-b5275e1c6db9@group-2EF2358C8BA8-LeaderElection62] INFO  impl.RaftServerImpl (ServerState.java:setLeader(255)) - a689a1f5-8151-4250-ba72-b5275e1c6db9@group-2EF2358C8BA8: change Leader from null to a689a1f5-8151-4250-ba72-b5275e1c6db9 at term 1 for becomeLeader, leader elected after 5191ms
2019-10-04 13:50:46,638 [a689a1f5-8151-4250-ba72-b5275e1c6db9@group-2EF2358C8BA8-LeaderElection62] INFO  server.RaftServerConfigKeys (ConfUtils.java:logGet(43)) - raft.server.staging.catchup.gap = 1000 (default)
2019-10-04 13:50:46,638 [f197505c-7249-4e8e-ad61-1f2f0f7e51cb@group-EC6F84E5F44C-LeaderElection63] INFO  impl.LeaderElection (LeaderElection.java:askForVotes(178)) - f197505c-7249-4e8e-ad61-1f2f0f7e51cb@group-EC6F84E5F44C-LeaderElection63: begin an election at term 1 for -1: [f197505c-7249-4e8e-ad61-1f2f0f7e51cb:192.168.5.142:39434], old=null
2019-10-04 13:50:46,638 [a689a1f5-8151-4250-ba72-b5275e1c6db9@group-2EF2358C8BA8-LeaderElection62] INFO  server.RaftServerConfigKeys (ConfUtils.java:logGet(43)) - raft.server.rpc.sleep.time = 25ms (default)
2019-10-04 13:50:46,638 [f197505c-7249-4e8e-ad61-1f2f0f7e51cb@group-EC6F84E5F44C-LeaderElection63] INFO  impl.RoleInfo (RoleInfo.java:shutdownLeaderElection(134)) - f197505c-7249-4e8e-ad61-1f2f0f7e51cb: shutdown LeaderElection
2019-10-04 13:50:46,638 [a689a1f5-8151-4250-ba72-b5275e1c6db9@group-2EF2358C8BA8-LeaderElection62] INFO  server.RaftServerConfigKeys (ConfUtils.java:logGet(43)) - raft.server.write.element-limit = 4096 (default)
2019-10-04 13:50:46,639 [f197505c-7249-4e8e-ad61-1f2f0f7e51cb@group-EC6F84E5F44C-LeaderElection63] INFO  impl.RaftServerImpl (RaftServerImpl.java:setRole(170)) - f197505c-7249-4e8e-ad61-1f2f0f7e51cb@group-EC6F84E5F44C: changes role from CANDIDATE to LEADER at term 1 for changeToLeader
2019-10-04 13:50:46,639 [a689a1f5-8151-4250-ba72-b5275e1c6db9@group-2EF2358C8BA8-LeaderElection62] INFO  server.RaftServerConfigKeys (ConfUtils.java:logGet(43)) - raft.server.watch.timeout = 10s (default)
2019-10-04 13:50:46,639 [f197505c-7249-4e8e-ad61-1f2f0f7e51cb@group-EC6F84E5F44C-LeaderElection63] INFO  impl.RaftServerImpl (ServerState.java:setLeader(255)) - f197505c-7249-4e8e-ad61-1f2f0f7e51cb@group-EC6F84E5F44C: change Leader from null to f197505c-7249-4e8e-ad61-1f2f0f7e51cb at term 1 for becomeLeader, leader elected after 5142ms
2019-10-04 13:50:46,639 [a689a1f5-8151-4250-ba72-b5275e1c6db9@group-2EF2358C8BA8-LeaderElection62] INFO  server.RaftServerConfigKeys (ConfUtils.java:logGet(43)) - raft.server.watch.timeout.denomination = 1s (default)
2019-10-04 13:50:46,646 [f197505c-7249-4e8e-ad61-1f2f0f7e51cb@group-EC6F84E5F44C-LeaderElection63] INFO  server.RaftServerConfigKeys (ConfUtils.java:logGet(43)) - raft.server.staging.catchup.gap = 1000 (default)
2019-10-04 13:50:46,647 [a689a1f5-8151-4250-ba72-b5275e1c6db9@group-2EF2358C8BA8-LeaderElection62] INFO  server.RaftServerConfigKeys (ConfUtils.java:logGet(43)) - raft.server.watch.element-limit = 65536 (default)
2019-10-04 13:50:46,647 [f197505c-7249-4e8e-ad61-1f2f0f7e51cb@group-EC6F84E5F44C-LeaderElection63] INFO  server.RaftServerConfigKeys (ConfUtils.java:logGet(43)) - raft.server.rpc.sleep.time = 25ms (default)
2019-10-04 13:50:46,647 [f197505c-7249-4e8e-ad61-1f2f0f7e51cb@group-EC6F84E5F44C-LeaderElection63] INFO  server.RaftServerConfigKeys (ConfUtils.java:logGet(43)) - raft.server.write.element-limit = 4096 (default)
2019-10-04 13:50:46,648 [f197505c-7249-4e8e-ad61-1f2f0f7e51cb@group-EC6F84E5F44C-LeaderElection63] INFO  server.RaftServerConfigKeys (ConfUtils.java:logGet(43)) - raft.server.watch.timeout = 10s (default)
2019-10-04 13:50:46,648 [f197505c-7249-4e8e-ad61-1f2f0f7e51cb@group-EC6F84E5F44C-LeaderElection63] INFO  server.RaftServerConfigKeys (ConfUtils.java:logGet(43)) - raft.server.watch.timeout.denomination = 1s (default)
2019-10-04 13:50:46,648 [f197505c-7249-4e8e-ad61-1f2f0f7e51cb@group-EC6F84E5F44C-LeaderElection63] INFO  server.RaftServerConfigKeys (ConfUtils.java:logGet(43)) - raft.server.watch.element-limit = 65536 (default)
2019-10-04 13:50:46,648 [Thread-1492] INFO  impl.FollowerState (FollowerState.java:run(108)) - 39fd4120-165e-45ec-b9c4-971d1f74e9b4@group-76A833EA3DB0-FollowerState: change to CANDIDATE, lastRpcTime:5070ms, electionTimeout:5070ms
2019-10-04 13:50:46,649 [Thread-1492] INFO  impl.RoleInfo (RoleInfo.java:shutdownFollowerState(121)) - 39fd4120-165e-45ec-b9c4-971d1f74e9b4: shutdown FollowerState
2019-10-04 13:50:46,649 [Thread-1492] INFO  impl.RaftServerImpl (RaftServerImpl.java:setRole(170)) - 39fd4120-165e-45ec-b9c4-971d1f74e9b4@group-76A833EA3DB0: changes role from  FOLLOWER to CANDIDATE at term 0 for changeToCandidate
2019-10-04 13:50:46,649 [Thread-1492] INFO  impl.RoleInfo (RoleInfo.java:updateAndGet(143)) - 39fd4120-165e-45ec-b9c4-971d1f74e9b4: start LeaderElection
2019-10-04 13:50:46,655 [a689a1f5-8151-4250-ba72-b5275e1c6db9@group-2EF2358C8BA8-LeaderElection62] INFO  impl.RoleInfo (RoleInfo.java:updateAndGet(143)) - a689a1f5-8151-4250-ba72-b5275e1c6db9: start LeaderState
2019-10-04 13:50:46,655 [a689a1f5-8151-4250-ba72-b5275e1c6db9@group-2EF2358C8BA8-LeaderElection62] INFO  segmented.SegmentedRaftLogWorker (SegmentedRaftLogWorker.java:startLogSegment(385)) - a689a1f5-8151-4250-ba72-b5275e1c6db9@group-2EF2358C8BA8-SegmentedRaftLogWorker: Starting segment from index:0
2019-10-04 13:50:46,656 [f197505c-7249-4e8e-ad61-1f2f0f7e51cb@group-EC6F84E5F44C-LeaderElection63] INFO  impl.RoleInfo (RoleInfo.java:updateAndGet(143)) - f197505c-7249-4e8e-ad61-1f2f0f7e51cb: start LeaderState
2019-10-04 13:50:46,656 [f197505c-7249-4e8e-ad61-1f2f0f7e51cb@group-EC6F84E5F44C-LeaderElection63] INFO  segmented.SegmentedRaftLogWorker (SegmentedRaftLogWorker.java:startLogSegment(385)) - f197505c-7249-4e8e-ad61-1f2f0f7e51cb@group-EC6F84E5F44C-SegmentedRaftLogWorker: Starting segment from index:0
2019-10-04 13:50:46,656 [a689a1f5-8151-4250-ba72-b5275e1c6db9@group-2EF2358C8BA8-LeaderElection62] INFO  impl.RaftServerImpl (ServerState.java:setRaftConf(356)) - a689a1f5-8151-4250-ba72-b5275e1c6db9@group-2EF2358C8BA8: set configuration 0: [a689a1f5-8151-4250-ba72-b5275e1c6db9:192.168.5.142:33449], old=null at 0
2019-10-04 13:50:46,657 [f197505c-7249-4e8e-ad61-1f2f0f7e51cb@group-EC6F84E5F44C-LeaderElection63] INFO  impl.RaftServerImpl (ServerState.java:setRaftConf(356)) - f197505c-7249-4e8e-ad61-1f2f0f7e51cb@group-EC6F84E5F44C: set configuration 0: [f197505c-7249-4e8e-ad61-1f2f0f7e51cb:192.168.5.142:39434], old=null at 0
2019-10-04 13:50:46,675 [39fd4120-165e-45ec-b9c4-971d1f74e9b4@group-76A833EA3DB0-LeaderElection64] INFO  impl.LeaderElection (LeaderElection.java:askForVotes(178)) - 39fd4120-165e-45ec-b9c4-971d1f74e9b4@group-76A833EA3DB0-LeaderElection64: begin an election at term 1 for -1: [80257ecc-928d-4209-b42a-e72edc2eb975:192.168.5.142:37393, ad718213-008c-41ec-8a72-c4d801cf9bd2:192.168.5.142:46365, 39fd4120-165e-45ec-b9c4-971d1f74e9b4:192.168.5.142:37151], old=null
2019-10-04 13:50:46,681 [grpc-default-executor-0] INFO  impl.RaftServerImpl (RaftServerImpl.java:setRole(170)) - ad718213-008c-41ec-8a72-c4d801cf9bd2@group-76A833EA3DB0: changes role from  FOLLOWER to FOLLOWER at term 1 for recognizeCandidate:39fd4120-165e-45ec-b9c4-971d1f74e9b4
2019-10-04 13:50:46,681 [grpc-default-executor-2] INFO  impl.RaftServerImpl (RaftServerImpl.java:setRole(170)) - 80257ecc-928d-4209-b42a-e72edc2eb975@group-76A833EA3DB0: changes role from  FOLLOWER to FOLLOWER at term 1 for recognizeCandidate:39fd4120-165e-45ec-b9c4-971d1f74e9b4
2019-10-04 13:50:46,681 [grpc-default-executor-0] INFO  impl.RoleInfo (RoleInfo.java:shutdownFollowerState(121)) - ad718213-008c-41ec-8a72-c4d801cf9bd2: shutdown FollowerState
2019-10-04 13:50:46,681 [grpc-default-executor-2] INFO  impl.RoleInfo (RoleInfo.java:shutdownFollowerState(121)) - 80257ecc-928d-4209-b42a-e72edc2eb975: shutdown FollowerState
2019-10-04 13:50:46,682 [Thread-1497] INFO  impl.FollowerState (FollowerState.java:run(117)) - ad718213-008c-41ec-8a72-c4d801cf9bd2@group-76A833EA3DB0-FollowerState was interrupted: java.lang.InterruptedException: sleep interrupted
2019-10-04 13:50:46,682 [grpc-default-executor-2] INFO  impl.RoleInfo (RoleInfo.java:updateAndGet(143)) - 80257ecc-928d-4209-b42a-e72edc2eb975: start FollowerState
2019-10-04 13:50:46,682 [grpc-default-executor-0] INFO  impl.RoleInfo (RoleInfo.java:updateAndGet(143)) - ad718213-008c-41ec-8a72-c4d801cf9bd2: start FollowerState
2019-10-04 13:50:46,690 [Thread-1496] INFO  impl.FollowerState (FollowerState.java:run(117)) - 80257ecc-928d-4209-b42a-e72edc2eb975@group-76A833EA3DB0-FollowerState was interrupted: java.lang.InterruptedException: sleep interrupted
2019-10-04 13:50:46,703 [a689a1f5-8151-4250-ba72-b5275e1c6db9@group-2EF2358C8BA8-SegmentedRaftLogWorker] INFO  segmented.SegmentedRaftLogWorker (SegmentedRaftLogWorker.java:execute(574)) - a689a1f5-8151-4250-ba72-b5275e1c6db9@group-2EF2358C8BA8-SegmentedRaftLogWorker: created new log segment /workdir/hadoop-ozone/integration-test/target/test-dir/MiniOzoneClusterImpl-97cba473-ea40-42b4-ab07-f206a05d6f19/datanode-5/data/ratis/17f440d5-a447-48e4-b681-2ef2358c8ba8/current/log_inprogress_0
2019-10-04 13:50:46,703 [f197505c-7249-4e8e-ad61-1f2f0f7e51cb@group-EC6F84E5F44C-SegmentedRaftLogWorker] INFO  segmented.SegmentedRaftLogWorker (SegmentedRaftLogWorker.java:execute(574)) - f197505c-7249-4e8e-ad61-1f2f0f7e51cb@group-EC6F84E5F44C-SegmentedRaftLogWorker: created new log segment /workdir/hadoop-ozone/integration-test/target/test-dir/MiniOzoneClusterImpl-97cba473-ea40-42b4-ab07-f206a05d6f19/datanode-6/data/ratis/764bb080-124e-483b-a013-ec6f84e5f44c/current/log_inprogress_0
2019-10-04 13:50:46,706 [39fd4120-165e-45ec-b9c4-971d1f74e9b4@group-76A833EA3DB0-LeaderElection64] INFO  impl.LeaderElection (LeaderElection.java:logAndReturn(56)) - 39fd4120-165e-45ec-b9c4-971d1f74e9b4@group-76A833EA3DB0-LeaderElection64: Election PASSED; received 1 response(s) [39fd4120-165e-45ec-b9c4-971d1f74e9b4<-ad718213-008c-41ec-8a72-c4d801cf9bd2#0:OK-t1] and 0 exception(s); 39fd4120-165e-45ec-b9c4-971d1f74e9b4@group-76A833EA3DB0:t1, leader=null, voted=39fd4120-165e-45ec-b9c4-971d1f74e9b4, raftlog=39fd4120-165e-45ec-b9c4-971d1f74e9b4@group-76A833EA3DB0-SegmentedRaftLog:OPENED:c-1,f-1,i0, conf=-1: [80257ecc-928d-4209-b42a-e72edc2eb975:192.168.5.142:37393, ad718213-008c-41ec-8a72-c4d801cf9bd2:192.168.5.142:46365, 39fd4120-165e-45ec-b9c4-971d1f74e9b4:192.168.5.142:37151], old=null
2019-10-04 13:50:46,706 [39fd4120-165e-45ec-b9c4-971d1f74e9b4@group-76A833EA3DB0-LeaderElection64] INFO  impl.RoleInfo (RoleInfo.java:shutdownLeaderElection(134)) - 39fd4120-165e-45ec-b9c4-971d1f74e9b4: shutdown LeaderElection
2019-10-04 13:50:46,706 [39fd4120-165e-45ec-b9c4-971d1f74e9b4@group-76A833EA3DB0-LeaderElection64] INFO  impl.RaftServerImpl (RaftServerImpl.java:setRole(170)) - 39fd4120-165e-45ec-b9c4-971d1f74e9b4@group-76A833EA3DB0: changes role from CANDIDATE to LEADER at term 1 for changeToLeader
2019-10-04 13:50:46,707 [39fd4120-165e-45ec-b9c4-971d1f74e9b4@group-76A833EA3DB0-LeaderElection64] INFO  impl.RaftServerImpl (ServerState.java:setLeader(255)) - 39fd4120-165e-45ec-b9c4-971d1f74e9b4@group-76A833EA3DB0: change Leader from null to 39fd4120-165e-45ec-b9c4-971d1f74e9b4 at term 1 for becomeLeader, leader elected after 5135ms
2019-10-04 13:50:46,707 [39fd4120-165e-45ec-b9c4-971d1f74e9b4@group-76A833EA3DB0-LeaderElection64] INFO  server.RaftServerConfigKeys (ConfUtils.java:logGet(43)) - raft.server.staging.catchup.gap = 1000 (default)
2019-10-04 13:50:46,707 [39fd4120-165e-45ec-b9c4-971d1f74e9b4@group-76A833EA3DB0-LeaderElection64] INFO  server.RaftServerConfigKeys (ConfUtils.java:logGet(43)) - raft.server.rpc.sleep.time = 25ms (default)
2019-10-04 13:50:46,707 [39fd4120-165e-45ec-b9c4-971d1f74e9b4@group-76A833EA3DB0-LeaderElection64] INFO  server.RaftServerConfigKeys (ConfUtils.java:logGet(43)) - raft.server.write.element-limit = 4096 (default)
2019-10-04 13:50:46,707 [39fd4120-165e-45ec-b9c4-971d1f74e9b4@group-76A833EA3DB0-LeaderElection64] INFO  server.RaftServerConfigKeys (ConfUtils.java:logGet(43)) - raft.server.watch.timeout = 10s (default)
2019-10-04 13:50:46,707 [39fd4120-165e-45ec-b9c4-971d1f74e9b4@group-76A833EA3DB0-LeaderElection64] INFO  server.RaftServerConfigKeys (ConfUtils.java:logGet(43)) - raft.server.watch.timeout.denomination = 1s (default)
2019-10-04 13:50:46,707 [39fd4120-165e-45ec-b9c4-971d1f74e9b4@group-76A833EA3DB0-LeaderElection64] INFO  server.RaftServerConfigKeys (ConfUtils.java:logGet(43)) - raft.server.watch.element-limit = 65536 (default)
2019-10-04 13:50:46,709 [39fd4120-165e-45ec-b9c4-971d1f74e9b4@group-76A833EA3DB0-LeaderElection64] INFO  server.RaftServerConfigKeys (ConfUtils.java:logGet(43)) - raft.server.log.appender.snapshot.chunk.size.max = 16MB (=16777216) (default)
2019-10-04 13:50:46,709 [39fd4120-165e-45ec-b9c4-971d1f74e9b4@group-76A833EA3DB0-LeaderElection64] INFO  server.RaftServerConfigKeys (ConfUtils.java:logGet(43)) - raft.server.log.appender.buffer.byte-limit = 33554432 (custom)
2019-10-04 13:50:46,710 [39fd4120-165e-45ec-b9c4-971d1f74e9b4@group-76A833EA3DB0-LeaderElection64] INFO  server.RaftServerConfigKeys (ConfUtils.java:logGet(43)) - raft.server.log.appender.buffer.element-limit = 1 (custom)
2019-10-04 13:50:46,710 [39fd4120-165e-45ec-b9c4-971d1f74e9b4@group-76A833EA3DB0-LeaderElection64] INFO  grpc.GrpcConfigKeys$Server (ConfUtils.java:logGet(43)) - raft.grpc.server.leader.outstanding.appends.max = 128 (default)
2019-10-04 13:50:46,710 [39fd4120-165e-45ec-b9c4-971d1f74e9b4@group-76A833EA3DB0-LeaderElection64] INFO  server.RaftServerConfigKeys (ConfUtils.java:logGet(43)) - raft.server.rpc.request.timeout = 3000ms (default)
2019-10-04 13:50:46,710 [39fd4120-165e-45ec-b9c4-971d1f74e9b4@group-76A833EA3DB0-LeaderElection64] INFO  server.RaftServerConfigKeys (ConfUtils.java:logGet(43)) - raft.server.log.appender.install.snapshot.enabled = false (custom)
2019-10-04 13:50:46,710 [39fd4120-165e-45ec-b9c4-971d1f74e9b4@group-76A833EA3DB0-LeaderElection64] INFO  server.RaftServerConfigKeys (ConfUtils.java:logGet(43)) - raft.server.log.appender.snapshot.chunk.size.max = 16MB (=16777216) (default)
2019-10-04 13:50:46,710 [39fd4120-165e-45ec-b9c4-971d1f74e9b4@group-76A833EA3DB0-LeaderElection64] INFO  server.RaftServerConfigKeys (ConfUtils.java:logGet(43)) - raft.server.log.appender.buffer.byte-limit = 33554432 (custom)
2019-10-04 13:50:46,711 [39fd4120-165e-45ec-b9c4-971d1f74e9b4@group-76A833EA3DB0-LeaderElection64] INFO  server.RaftServerConfigKeys (ConfUtils.java:logGet(43)) - raft.server.log.appender.buffer.element-limit = 1 (custom)
2019-10-04 13:50:46,711 [39fd4120-165e-45ec-b9c4-971d1f74e9b4@group-76A833EA3DB0-LeaderElection64] INFO  grpc.GrpcConfigKeys$Server (ConfUtils.java:logGet(43)) - raft.grpc.server.leader.outstanding.appends.max = 128 (default)
2019-10-04 13:50:46,711 [39fd4120-165e-45ec-b9c4-971d1f74e9b4@group-76A833EA3DB0-LeaderElection64] INFO  server.RaftServerConfigKeys (ConfUtils.java:logGet(43)) - raft.server.rpc.request.timeout = 3000ms (default)
2019-10-04 13:50:46,711 [39fd4120-165e-45ec-b9c4-971d1f74e9b4@group-76A833EA3DB0-LeaderElection64] INFO  server.RaftServerConfigKeys (ConfUtils.java:logGet(43)) - raft.server.log.appender.install.snapshot.enabled = false (custom)
2019-10-04 13:50:46,711 [39fd4120-165e-45ec-b9c4-971d1f74e9b4@group-76A833EA3DB0-LeaderElection64] INFO  impl.RoleInfo (RoleInfo.java:updateAndGet(143)) - 39fd4120-165e-45ec-b9c4-971d1f74e9b4: start LeaderState
2019-10-04 13:50:46,711 [39fd4120-165e-45ec-b9c4-971d1f74e9b4@group-76A833EA3DB0-LeaderElection64] INFO  segmented.SegmentedRaftLogWorker (SegmentedRaftLogWorker.java:startLogSegment(385)) - 39fd4120-165e-45ec-b9c4-971d1f74e9b4@group-76A833EA3DB0-SegmentedRaftLogWorker: Starting segment from index:0
2019-10-04 13:50:46,712 [39fd4120-165e-45ec-b9c4-971d1f74e9b4@group-76A833EA3DB0-LeaderElection64] INFO  impl.RaftServerImpl (ServerState.java:setRaftConf(356)) - 39fd4120-165e-45ec-b9c4-971d1f74e9b4@group-76A833EA3DB0: set configuration 0: [80257ecc-928d-4209-b42a-e72edc2eb975:192.168.5.142:37393, ad718213-008c-41ec-8a72-c4d801cf9bd2:192.168.5.142:46365, 39fd4120-165e-45ec-b9c4-971d1f74e9b4:192.168.5.142:37151], old=null at 0
2019-10-04 13:50:46,739 [grpc-default-executor-0] INFO  impl.RaftServerImpl (ServerState.java:setLeader(255)) - 80257ecc-928d-4209-b42a-e72edc2eb975@group-76A833EA3DB0: change Leader from null to 39fd4120-165e-45ec-b9c4-971d1f74e9b4 at term 1 for appendEntries, leader elected after 5167ms
2019-10-04 13:50:46,742 [grpc-default-executor-2] INFO  impl.RaftServerImpl (ServerState.java:setLeader(255)) - ad718213-008c-41ec-8a72-c4d801cf9bd2@group-76A833EA3DB0: change Leader from null to 39fd4120-165e-45ec-b9c4-971d1f74e9b4 at term 1 for appendEntries, leader elected after 5170ms
2019-10-04 13:50:46,745 [grpc-default-executor-2] INFO  impl.RaftServerImpl (ServerState.java:setRaftConf(356)) - ad718213-008c-41ec-8a72-c4d801cf9bd2@group-76A833EA3DB0: set configuration 0: [80257ecc-928d-4209-b42a-e72edc2eb975:192.168.5.142:37393, ad718213-008c-41ec-8a72-c4d801cf9bd2:192.168.5.142:46365, 39fd4120-165e-45ec-b9c4-971d1f74e9b4:192.168.5.142:37151], old=null at 0
2019-10-04 13:50:46,745 [grpc-default-executor-0] INFO  impl.RaftServerImpl (ServerState.java:setRaftConf(356)) - 80257ecc-928d-4209-b42a-e72edc2eb975@group-76A833EA3DB0: set configuration 0: [80257ecc-928d-4209-b42a-e72edc2eb975:192.168.5.142:37393, ad718213-008c-41ec-8a72-c4d801cf9bd2:192.168.5.142:46365, 39fd4120-165e-45ec-b9c4-971d1f74e9b4:192.168.5.142:37151], old=null at 0
2019-10-04 13:50:46,745 [grpc-default-executor-2] INFO  segmented.SegmentedRaftLogWorker (SegmentedRaftLogWorker.java:startLogSegment(385)) - ad718213-008c-41ec-8a72-c4d801cf9bd2@group-76A833EA3DB0-SegmentedRaftLogWorker: Starting segment from index:0
2019-10-04 13:50:46,745 [grpc-default-executor-0] INFO  segmented.SegmentedRaftLogWorker (SegmentedRaftLogWorker.java:startLogSegment(385)) - 80257ecc-928d-4209-b42a-e72edc2eb975@group-76A833EA3DB0-SegmentedRaftLogWorker: Starting segment from index:0
2019-10-04 13:50:46,751 [39fd4120-165e-45ec-b9c4-971d1f74e9b4@group-76A833EA3DB0-SegmentedRaftLogWorker] INFO  segmented.SegmentedRaftLogWorker (SegmentedRaftLogWorker.java:execute(574)) - 39fd4120-165e-45ec-b9c4-971d1f74e9b4@group-76A833EA3DB0-SegmentedRaftLogWorker: created new log segment /workdir/hadoop-ozone/integration-test/target/test-dir/MiniOzoneClusterImpl-97cba473-ea40-42b4-ab07-f206a05d6f19/datanode-4/data/ratis/be719bb1-345b-4983-b6f0-76a833ea3db0/current/log_inprogress_0
2019-10-04 13:50:46,785 [ad718213-008c-41ec-8a72-c4d801cf9bd2@group-76A833EA3DB0-SegmentedRaftLogWorker] INFO  segmented.SegmentedRaftLogWorker (SegmentedRaftLogWorker.java:execute(574)) - ad718213-008c-41ec-8a72-c4d801cf9bd2@group-76A833EA3DB0-SegmentedRaftLogWorker: created new log segment /workdir/hadoop-ozone/integration-test/target/test-dir/MiniOzoneClusterImpl-97cba473-ea40-42b4-ab07-f206a05d6f19/datanode-1/data/ratis/be719bb1-345b-4983-b6f0-76a833ea3db0/current/log_inprogress_0
2019-10-04 13:50:46,785 [80257ecc-928d-4209-b42a-e72edc2eb975@group-76A833EA3DB0-SegmentedRaftLogWorker] INFO  segmented.SegmentedRaftLogWorker (SegmentedRaftLogWorker.java:execute(574)) - 80257ecc-928d-4209-b42a-e72edc2eb975@group-76A833EA3DB0-SegmentedRaftLogWorker: created new log segment /workdir/hadoop-ozone/integration-test/target/test-dir/MiniOzoneClusterImpl-97cba473-ea40-42b4-ab07-f206a05d6f19/datanode-0/data/ratis/be719bb1-345b-4983-b6f0-76a833ea3db0/current/log_inprogress_0
2019-10-04 13:50:46,789 [Thread-1505] INFO  impl.FollowerState (FollowerState.java:run(108)) - 04afb25a-741f-41f6-b351-097881b4d4ad@group-15E6BABBF81B-FollowerState: change to CANDIDATE, lastRpcTime:5162ms, electionTimeout:5162ms
2019-10-04 13:50:46,789 [Thread-1505] INFO  impl.RoleInfo (RoleInfo.java:shutdownFollowerState(121)) - 04afb25a-741f-41f6-b351-097881b4d4ad: shutdown FollowerState
2019-10-04 13:50:46,789 [Thread-1505] INFO  impl.RaftServerImpl (RaftServerImpl.java:setRole(170)) - 04afb25a-741f-41f6-b351-097881b4d4ad@group-15E6BABBF81B: changes role from  FOLLOWER to CANDIDATE at term 0 for changeToCandidate
2019-10-04 13:50:46,789 [Thread-1505] INFO  impl.RoleInfo (RoleInfo.java:updateAndGet(143)) - 04afb25a-741f-41f6-b351-097881b4d4ad: start LeaderElection
2019-10-04 13:50:46,792 [Thread-1501] INFO  impl.FollowerState (FollowerState.java:run(108)) - 31b1d0d0-3a95-4fb5-aa59-b70c59cd1b70@group-15E6BABBF81B-FollowerState: change to CANDIDATE, lastRpcTime:5170ms, electionTimeout:5170ms
2019-10-04 13:50:46,795 [Thread-1504] INFO  impl.FollowerState (FollowerState.java:run(108)) - f197505c-7249-4e8e-ad61-1f2f0f7e51cb@group-15E6BABBF81B-FollowerState: change to CANDIDATE, lastRpcTime:5166ms, electionTimeout:5165ms
2019-10-04 13:50:46,796 [Thread-1501] INFO  impl.RoleInfo (RoleInfo.java:shutdownFollowerState(121)) - 31b1d0d0-3a95-4fb5-aa59-b70c59cd1b70: shutdown FollowerState
2019-10-04 13:50:46,796 [Thread-1504] INFO  impl.RoleInfo (RoleInfo.java:shutdownFollowerState(121)) - f197505c-7249-4e8e-ad61-1f2f0f7e51cb: shutdown FollowerState
2019-10-04 13:50:46,796 [Thread-1501] INFO  impl.RaftServerImpl (RaftServerImpl.java:setRole(170)) - 31b1d0d0-3a95-4fb5-aa59-b70c59cd1b70@group-15E6BABBF81B: changes role from  FOLLOWER to CANDIDATE at term 0 for changeToCandidate
2019-10-04 13:50:46,796 [Thread-1504] INFO  impl.RaftServerImpl (RaftServerImpl.java:setRole(170)) - f197505c-7249-4e8e-ad61-1f2f0f7e51cb@group-15E6BABBF81B: changes role from  FOLLOWER to CANDIDATE at term 0 for changeToCandidate
2019-10-04 13:50:46,796 [Thread-1501] INFO  impl.RoleInfo (RoleInfo.java:updateAndGet(143)) - 31b1d0d0-3a95-4fb5-aa59-b70c59cd1b70: start LeaderElection
2019-10-04 13:50:46,796 [Thread-1504] INFO  impl.RoleInfo (RoleInfo.java:updateAndGet(143)) - f197505c-7249-4e8e-ad61-1f2f0f7e51cb: start LeaderElection
2019-10-04 13:50:46,815 [04afb25a-741f-41f6-b351-097881b4d4ad@group-15E6BABBF81B-LeaderElection65] INFO  impl.LeaderElection (LeaderElection.java:askForVotes(178)) - 04afb25a-741f-41f6-b351-097881b4d4ad@group-15E6BABBF81B-LeaderElection65: begin an election at term 1 for -1: [04afb25a-741f-41f6-b351-097881b4d4ad:192.168.5.142:38864, f197505c-7249-4e8e-ad61-1f2f0f7e51cb:192.168.5.142:39434, 31b1d0d0-3a95-4fb5-aa59-b70c59cd1b70:192.168.5.142:43022], old=null
2019-10-04 13:50:46,834 [f197505c-7249-4e8e-ad61-1f2f0f7e51cb@group-15E6BABBF81B-LeaderElection67] INFO  impl.LeaderElection (LeaderElection.java:askForVotes(178)) - f197505c-7249-4e8e-ad61-1f2f0f7e51cb@group-15E6BABBF81B-LeaderElection67: begin an election at term 1 for -1: [04afb25a-741f-41f6-b351-097881b4d4ad:192.168.5.142:38864, f197505c-7249-4e8e-ad61-1f2f0f7e51cb:192.168.5.142:39434, 31b1d0d0-3a95-4fb5-aa59-b70c59cd1b70:192.168.5.142:43022], old=null
2019-10-04 13:50:46,834 [31b1d0d0-3a95-4fb5-aa59-b70c59cd1b70@group-15E6BABBF81B-LeaderElection66] INFO  impl.LeaderElection (LeaderElection.java:askForVotes(178)) - 31b1d0d0-3a95-4fb5-aa59-b70c59cd1b70@group-15E6BABBF81B-LeaderElection66: begin an election at term 1 for -1: [04afb25a-741f-41f6-b351-097881b4d4ad:192.168.5.142:38864, f197505c-7249-4e8e-ad61-1f2f0f7e51cb:192.168.5.142:39434, 31b1d0d0-3a95-4fb5-aa59-b70c59cd1b70:192.168.5.142:43022], old=null
2019-10-04 13:50:46,845 [04afb25a-741f-41f6-b351-097881b4d4ad@group-15E6BABBF81B-LeaderElection65] INFO  impl.LeaderElection (LeaderElection.java:logAndReturn(56)) - 04afb25a-741f-41f6-b351-097881b4d4ad@group-15E6BABBF81B-LeaderElection65: Election REJECTED; received 2 response(s) [04afb25a-741f-41f6-b351-097881b4d4ad<-f197505c-7249-4e8e-ad61-1f2f0f7e51cb#0:FAIL-t1, 04afb25a-741f-41f6-b351-097881b4d4ad<-31b1d0d0-3a95-4fb5-aa59-b70c59cd1b70#0:FAIL-t1] and 0 exception(s); 04afb25a-741f-41f6-b351-097881b4d4ad@group-15E6BABBF81B:t1, leader=null, voted=04afb25a-741f-41f6-b351-097881b4d4ad, raftlog=04afb25a-741f-41f6-b351-097881b4d4ad@group-15E6BABBF81B-SegmentedRaftLog:OPENED:c-1,f-1,i0, conf=-1: [04afb25a-741f-41f6-b351-097881b4d4ad:192.168.5.142:38864, f197505c-7249-4e8e-ad61-1f2f0f7e51cb:192.168.5.142:39434, 31b1d0d0-3a95-4fb5-aa59-b70c59cd1b70:192.168.5.142:43022], old=null
2019-10-04 13:50:46,846 [04afb25a-741f-41f6-b351-097881b4d4ad@group-15E6BABBF81B-LeaderElection65] INFO  impl.RaftServerImpl (RaftServerImpl.java:setRole(170)) - 04afb25a-741f-41f6-b351-097881b4d4ad@group-15E6BABBF81B: changes role from CANDIDATE to FOLLOWER at term 1 for DISCOVERED_A_NEW_TERM
2019-10-04 13:50:46,846 [04afb25a-741f-41f6-b351-097881b4d4ad@group-15E6BABBF81B-LeaderElection65] INFO  impl.RoleInfo (RoleInfo.java:shutdownLeaderElection(134)) - 04afb25a-741f-41f6-b351-097881b4d4ad: shutdown LeaderElection
2019-10-04 13:50:46,846 [04afb25a-741f-41f6-b351-097881b4d4ad@group-15E6BABBF81B-LeaderElection65] INFO  impl.RoleInfo (RoleInfo.java:updateAndGet(143)) - 04afb25a-741f-41f6-b351-097881b4d4ad: start FollowerState
2019-10-04 13:50:46,853 [f197505c-7249-4e8e-ad61-1f2f0f7e51cb@group-15E6BABBF81B-LeaderElection67] INFO  impl.LeaderElection (LeaderElection.java:logAndReturn(56)) - f197505c-7249-4e8e-ad61-1f2f0f7e51cb@group-15E6BABBF81B-LeaderElection67: Election REJECTED; received 2 response(s) [f197505c-7249-4e8e-ad61-1f2f0f7e51cb<-04afb25a-741f-41f6-b351-097881b4d4ad#0:FAIL-t1, f197505c-7249-4e8e-ad61-1f2f0f7e51cb<-31b1d0d0-3a95-4fb5-aa59-b70c59cd1b70#0:FAIL-t1] and 0 exception(s); f197505c-7249-4e8e-ad61-1f2f0f7e51cb@group-15E6BABBF81B:t1, leader=null, voted=f197505c-7249-4e8e-ad61-1f2f0f7e51cb, raftlog=f197505c-7249-4e8e-ad61-1f2f0f7e51cb@group-15E6BABBF81B-SegmentedRaftLog:OPENED:c-1,f-1,i0, conf=-1: [04afb25a-741f-41f6-b351-097881b4d4ad:192.168.5.142:38864, f197505c-7249-4e8e-ad61-1f2f0f7e51cb:192.168.5.142:39434, 31b1d0d0-3a95-4fb5-aa59-b70c59cd1b70:192.168.5.142:43022], old=null
2019-10-04 13:50:46,856 [f197505c-7249-4e8e-ad61-1f2f0f7e51cb@group-15E6BABBF81B-LeaderElection67] INFO  impl.RaftServerImpl (RaftServerImpl.java:setRole(170)) - f197505c-7249-4e8e-ad61-1f2f0f7e51cb@group-15E6BABBF81B: changes role from CANDIDATE to FOLLOWER at term 1 for DISCOVERED_A_NEW_TERM
2019-10-04 13:50:46,856 [f197505c-7249-4e8e-ad61-1f2f0f7e51cb@group-15E6BABBF81B-LeaderElection67] INFO  impl.RoleInfo (RoleInfo.java:shutdownLeaderElection(134)) - f197505c-7249-4e8e-ad61-1f2f0f7e51cb: shutdown LeaderElection
2019-10-04 13:50:46,856 [31b1d0d0-3a95-4fb5-aa59-b70c59cd1b70@group-15E6BABBF81B-LeaderElection66] INFO  impl.LeaderElection (LeaderElection.java:logAndReturn(56)) - 31b1d0d0-3a95-4fb5-aa59-b70c59cd1b70@group-15E6BABBF81B-LeaderElection66: Election REJECTED; received 2 response(s) [31b1d0d0-3a95-4fb5-aa59-b70c59cd1b70<-04afb25a-741f-41f6-b351-097881b4d4ad#0:FAIL-t1, 31b1d0d0-3a95-4fb5-aa59-b70c59cd1b70<-f197505c-7249-4e8e-ad61-1f2f0f7e51cb#0:FAIL-t1] and 0 exception(s); 31b1d0d0-3a95-4fb5-aa59-b70c59cd1b70@group-15E6BABBF81B:t1, leader=null, voted=31b1d0d0-3a95-4fb5-aa59-b70c59cd1b70, raftlog=31b1d0d0-3a95-4fb5-aa59-b70c59cd1b70@group-15E6BABBF81B-SegmentedRaftLog:OPENED:c-1,f-1,i0, conf=-1: [04afb25a-741f-41f6-b351-097881b4d4ad:192.168.5.142:38864, f197505c-7249-4e8e-ad61-1f2f0f7e51cb:192.168.5.142:39434, 31b1d0d0-3a95-4fb5-aa59-b70c59cd1b70:192.168.5.142:43022], old=null
2019-10-04 13:50:46,857 [f197505c-7249-4e8e-ad61-1f2f0f7e51cb@group-15E6BABBF81B-LeaderElection67] INFO  impl.RoleInfo (RoleInfo.java:updateAndGet(143)) - f197505c-7249-4e8e-ad61-1f2f0f7e51cb: start FollowerState
2019-10-04 13:50:46,857 [31b1d0d0-3a95-4fb5-aa59-b70c59cd1b70@group-15E6BABBF81B-LeaderElection66] INFO  impl.RaftServerImpl (RaftServerImpl.java:setRole(170)) - 31b1d0d0-3a95-4fb5-aa59-b70c59cd1b70@group-15E6BABBF81B: changes role from CANDIDATE to FOLLOWER at term 1 for DISCOVERED_A_NEW_TERM
2019-10-04 13:50:46,857 [31b1d0d0-3a95-4fb5-aa59-b70c59cd1b70@group-15E6BABBF81B-LeaderElection66] INFO  impl.RoleInfo (RoleInfo.java:shutdownLeaderElection(134)) - 31b1d0d0-3a95-4fb5-aa59-b70c59cd1b70: shutdown LeaderElection
2019-10-04 13:50:46,857 [31b1d0d0-3a95-4fb5-aa59-b70c59cd1b70@group-15E6BABBF81B-LeaderElection66] INFO  impl.RoleInfo (RoleInfo.java:updateAndGet(143)) - 31b1d0d0-3a95-4fb5-aa59-b70c59cd1b70: start FollowerState
2019-10-04 13:50:47,779 [Datanode State Machine Thread - 0] INFO  statemachine.DatanodeStateMachine (DatanodeStateMachine.java:lambda$startDaemon$0(350)) - Ozone container server started.
2019-10-04 13:50:51,970 [Thread-1562] INFO  impl.FollowerState (FollowerState.java:run(108)) - 31b1d0d0-3a95-4fb5-aa59-b70c59cd1b70@group-15E6BABBF81B-FollowerState: change to CANDIDATE, lastRpcTime:5112ms, electionTimeout:5112ms
2019-10-04 13:50:51,970 [Thread-1562] INFO  impl.RoleInfo (RoleInfo.java:shutdownFollowerState(121)) - 31b1d0d0-3a95-4fb5-aa59-b70c59cd1b70: shutdown FollowerState
2019-10-04 13:50:51,970 [Thread-1562] INFO  impl.RaftServerImpl (RaftServerImpl.java:setRole(170)) - 31b1d0d0-3a95-4fb5-aa59-b70c59cd1b70@group-15E6BABBF81B: changes role from  FOLLOWER to CANDIDATE at term 1 for changeToCandidate
2019-10-04 13:50:51,971 [Thread-1562] INFO  impl.RoleInfo (RoleInfo.java:updateAndGet(143)) - 31b1d0d0-3a95-4fb5-aa59-b70c59cd1b70: start LeaderElection
2019-10-04 13:50:51,987 [Thread-1561] INFO  impl.FollowerState (FollowerState.java:run(108)) - f197505c-7249-4e8e-ad61-1f2f0f7e51cb@group-15E6BABBF81B-FollowerState: change to CANDIDATE, lastRpcTime:5130ms, electionTimeout:5129ms
2019-10-04 13:50:51,987 [Thread-1561] INFO  impl.RoleInfo (RoleInfo.java:shutdownFollowerState(121)) - f197505c-7249-4e8e-ad61-1f2f0f7e51cb: shutdown FollowerState
2019-10-04 13:50:51,987 [31b1d0d0-3a95-4fb5-aa59-b70c59cd1b70@group-15E6BABBF81B-LeaderElection68] INFO  impl.LeaderElection (LeaderElection.java:askForVotes(178)) - 31b1d0d0-3a95-4fb5-aa59-b70c59cd1b70@group-15E6BABBF81B-LeaderElection68: begin an election at term 2 for -1: [04afb25a-741f-41f6-b351-097881b4d4ad:192.168.5.142:38864, f197505c-7249-4e8e-ad61-1f2f0f7e51cb:192.168.5.142:39434, 31b1d0d0-3a95-4fb5-aa59-b70c59cd1b70:192.168.5.142:43022], old=null
2019-10-04 13:50:51,987 [Thread-1561] INFO  impl.RaftServerImpl (RaftServerImpl.java:setRole(170)) - f197505c-7249-4e8e-ad61-1f2f0f7e51cb@group-15E6BABBF81B: changes role from  FOLLOWER to CANDIDATE at term 1 for changeToCandidate
2019-10-04 13:50:51,987 [Thread-1561] INFO  impl.RoleInfo (RoleInfo.java:updateAndGet(143)) - f197505c-7249-4e8e-ad61-1f2f0f7e51cb: start LeaderElection
2019-10-04 13:50:51,993 [grpc-default-executor-2] INFO  impl.RaftServerImpl (RaftServerImpl.java:setRole(170)) - 04afb25a-741f-41f6-b351-097881b4d4ad@group-15E6BABBF81B: changes role from  FOLLOWER to FOLLOWER at term 2 for recognizeCandidate:31b1d0d0-3a95-4fb5-aa59-b70c59cd1b70
2019-10-04 13:50:51,993 [grpc-default-executor-2] INFO  impl.RoleInfo (RoleInfo.java:shutdownFollowerState(121)) - 04afb25a-741f-41f6-b351-097881b4d4ad: shutdown FollowerState
2019-10-04 13:50:51,994 [grpc-default-executor-2] INFO  impl.RoleInfo (RoleInfo.java:updateAndGet(143)) - 04afb25a-741f-41f6-b351-097881b4d4ad: start FollowerState
2019-10-04 13:50:51,994 [Thread-1560] INFO  impl.FollowerState (FollowerState.java:run(117)) - 04afb25a-741f-41f6-b351-097881b4d4ad@group-15E6BABBF81B-FollowerState was interrupted: java.lang.InterruptedException: sleep interrupted
2019-10-04 13:50:52,003 [f197505c-7249-4e8e-ad61-1f2f0f7e51cb@group-15E6BABBF81B-LeaderElection69] INFO  impl.LeaderElection (LeaderElection.java:askForVotes(178)) - f197505c-7249-4e8e-ad61-1f2f0f7e51cb@group-15E6BABBF81B-LeaderElection69: begin an election at term 2 for -1: [04afb25a-741f-41f6-b351-097881b4d4ad:192.168.5.142:38864, f197505c-7249-4e8e-ad61-1f2f0f7e51cb:192.168.5.142:39434, 31b1d0d0-3a95-4fb5-aa59-b70c59cd1b70:192.168.5.142:43022], old=null
2019-10-04 13:50:52,004 [31b1d0d0-3a95-4fb5-aa59-b70c59cd1b70@group-15E6BABBF81B-LeaderElection68] INFO  impl.LeaderElection (LeaderElection.java:logAndReturn(56)) - 31b1d0d0-3a95-4fb5-aa59-b70c59cd1b70@group-15E6BABBF81B-LeaderElection68: Election PASSED; received 2 response(s) [31b1d0d0-3a95-4fb5-aa59-b70c59cd1b70<-04afb25a-741f-41f6-b351-097881b4d4ad#0:OK-t2, 31b1d0d0-3a95-4fb5-aa59-b70c59cd1b70<-f197505c-7249-4e8e-ad61-1f2f0f7e51cb#0:FAIL-t2] and 0 exception(s); 31b1d0d0-3a95-4fb5-aa59-b70c59cd1b70@group-15E6BABBF81B:t2, leader=null, voted=31b1d0d0-3a95-4fb5-aa59-b70c59cd1b70, raftlog=31b1d0d0-3a95-4fb5-aa59-b70c59cd1b70@group-15E6BABBF81B-SegmentedRaftLog:OPENED:c-1,f-1,i0, conf=-1: [04afb25a-741f-41f6-b351-097881b4d4ad:192.168.5.142:38864, f197505c-7249-4e8e-ad61-1f2f0f7e51cb:192.168.5.142:39434, 31b1d0d0-3a95-4fb5-aa59-b70c59cd1b70:192.168.5.142:43022], old=null
2019-10-04 13:50:52,005 [31b1d0d0-3a95-4fb5-aa59-b70c59cd1b70@group-15E6BABBF81B-LeaderElection68] INFO  impl.RoleInfo (RoleInfo.java:shutdownLeaderElection(134)) - 31b1d0d0-3a95-4fb5-aa59-b70c59cd1b70: shutdown LeaderElection
2019-10-04 13:50:52,005 [31b1d0d0-3a95-4fb5-aa59-b70c59cd1b70@group-15E6BABBF81B-LeaderElection68] INFO  impl.RaftServerImpl (RaftServerImpl.java:setRole(170)) - 31b1d0d0-3a95-4fb5-aa59-b70c59cd1b70@group-15E6BABBF81B: changes role from CANDIDATE to LEADER at term 2 for changeToLeader
2019-10-04 13:50:52,005 [31b1d0d0-3a95-4fb5-aa59-b70c59cd1b70@group-15E6BABBF81B-LeaderElection68] INFO  impl.RaftServerImpl (ServerState.java:setLeader(255)) - 31b1d0d0-3a95-4fb5-aa59-b70c59cd1b70@group-15E6BABBF81B: change Leader from null to 31b1d0d0-3a95-4fb5-aa59-b70c59cd1b70 at term 2 for becomeLeader, leader elected after 10389ms
2019-10-04 13:50:52,005 [31b1d0d0-3a95-4fb5-aa59-b70c59cd1b70@group-15E6BABBF81B-LeaderElection68] INFO  server.RaftServerConfigKeys (ConfUtils.java:logGet(43)) - raft.server.staging.catchup.gap = 1000 (default)
2019-10-04 13:50:52,006 [31b1d0d0-3a95-4fb5-aa59-b70c59cd1b70@group-15E6BABBF81B-LeaderElection68] INFO  server.RaftServerConfigKeys (ConfUtils.java:logGet(43)) - raft.server.rpc.sleep.time = 25ms (default)
2019-10-04 13:50:52,006 [31b1d0d0-3a95-4fb5-aa59-b70c59cd1b70@group-15E6BABBF81B-LeaderElection68] INFO  server.RaftServerConfigKeys (ConfUtils.java:logGet(43)) - raft.server.write.element-limit = 4096 (default)
2019-10-04 13:50:52,006 [31b1d0d0-3a95-4fb5-aa59-b70c59cd1b70@group-15E6BABBF81B-LeaderElection68] INFO  server.RaftServerConfigKeys (ConfUtils.java:logGet(43)) - raft.server.watch.timeout = 10s (default)
2019-10-04 13:50:52,006 [31b1d0d0-3a95-4fb5-aa59-b70c59cd1b70@group-15E6BABBF81B-LeaderElection68] INFO  server.RaftServerConfigKeys (ConfUtils.java:logGet(43)) - raft.server.watch.timeout.denomination = 1s (default)
2019-10-04 13:50:52,007 [31b1d0d0-3a95-4fb5-aa59-b70c59cd1b70@group-15E6BABBF81B-LeaderElection68] INFO  server.RaftServerConfigKeys (ConfUtils.java:logGet(43)) - raft.server.watch.element-limit = 65536 (default)
2019-10-04 13:50:52,009 [31b1d0d0-3a95-4fb5-aa59-b70c59cd1b70@group-15E6BABBF81B-LeaderElection68] INFO  server.RaftServerConfigKeys (ConfUtils.java:logGet(43)) - raft.server.log.appender.snapshot.chunk.size.max = 16MB (=16777216) (default)
2019-10-04 13:50:52,009 [31b1d0d0-3a95-4fb5-aa59-b70c59cd1b70@group-15E6BABBF81B-LeaderElection68] INFO  server.RaftServerConfigKeys (ConfUtils.java:logGet(43)) - raft.server.log.appender.buffer.byte-limit = 33554432 (custom)
2019-10-04 13:50:52,010 [31b1d0d0-3a95-4fb5-aa59-b70c59cd1b70@group-15E6BABBF81B-LeaderElection68] INFO  server.RaftServerConfigKeys (ConfUtils.java:logGet(43)) - raft.server.log.appender.buffer.element-limit = 1 (custom)
2019-10-04 13:50:52,010 [31b1d0d0-3a95-4fb5-aa59-b70c59cd1b70@group-15E6BABBF81B-LeaderElection68] INFO  grpc.GrpcConfigKeys$Server (ConfUtils.java:logGet(43)) - raft.grpc.server.leader.outstanding.appends.max = 128 (default)
2019-10-04 13:50:52,010 [31b1d0d0-3a95-4fb5-aa59-b70c59cd1b70@group-15E6BABBF81B-LeaderElection68] INFO  server.RaftServerConfigKeys (ConfUtils.java:logGet(43)) - raft.server.rpc.request.timeout = 3000ms (default)
2019-10-04 13:50:52,010 [31b1d0d0-3a95-4fb5-aa59-b70c59cd1b70@group-15E6BABBF81B-LeaderElection68] INFO  server.RaftServerConfigKeys (ConfUtils.java:logGet(43)) - raft.server.log.appender.install.snapshot.enabled = false (custom)
2019-10-04 13:50:52,010 [31b1d0d0-3a95-4fb5-aa59-b70c59cd1b70@group-15E6BABBF81B-LeaderElection68] INFO  server.RaftServerConfigKeys (ConfUtils.java:logGet(43)) - raft.server.log.appender.snapshot.chunk.size.max = 16MB (=16777216) (default)
2019-10-04 13:50:52,010 [31b1d0d0-3a95-4fb5-aa59-b70c59cd1b70@group-15E6BABBF81B-LeaderElection68] INFO  server.RaftServerConfigKeys (ConfUtils.java:logGet(43)) - raft.server.log.appender.buffer.byte-limit = 33554432 (custom)
2019-10-04 13:50:52,010 [31b1d0d0-3a95-4fb5-aa59-b70c59cd1b70@group-15E6BABBF81B-LeaderElection68] INFO  server.RaftServerConfigKeys (ConfUtils.java:logGet(43)) - raft.server.log.appender.buffer.element-limit = 1 (custom)
2019-10-04 13:50:52,011 [31b1d0d0-3a95-4fb5-aa59-b70c59cd1b70@group-15E6BABBF81B-LeaderElection68] INFO  grpc.GrpcConfigKeys$Server (ConfUtils.java:logGet(43)) - raft.grpc.server.leader.outstanding.appends.max = 128 (default)
2019-10-04 13:50:52,011 [31b1d0d0-3a95-4fb5-aa59-b70c59cd1b70@group-15E6BABBF81B-LeaderElection68] INFO  server.RaftServerConfigKeys (ConfUtils.java:logGet(43)) - raft.server.rpc.request.timeout = 3000ms (default)
2019-10-04 13:50:52,011 [31b1d0d0-3a95-4fb5-aa59-b70c59cd1b70@group-15E6BABBF81B-LeaderElection68] INFO  server.RaftServerConfigKeys (ConfUtils.java:logGet(43)) - raft.server.log.appender.install.snapshot.enabled = false (custom)
2019-10-04 13:50:52,011 [31b1d0d0-3a95-4fb5-aa59-b70c59cd1b70@group-15E6BABBF81B-LeaderElection68] INFO  impl.RoleInfo (RoleInfo.java:updateAndGet(143)) - 31b1d0d0-3a95-4fb5-aa59-b70c59cd1b70: start LeaderState
2019-10-04 13:50:52,011 [31b1d0d0-3a95-4fb5-aa59-b70c59cd1b70@group-15E6BABBF81B-LeaderElection68] INFO  segmented.SegmentedRaftLogWorker (SegmentedRaftLogWorker.java:startLogSegment(385)) - 31b1d0d0-3a95-4fb5-aa59-b70c59cd1b70@group-15E6BABBF81B-SegmentedRaftLogWorker: Starting segment from index:0
2019-10-04 13:50:52,012 [31b1d0d0-3a95-4fb5-aa59-b70c59cd1b70@group-15E6BABBF81B-LeaderElection68] INFO  impl.RaftServerImpl (ServerState.java:setRaftConf(356)) - 31b1d0d0-3a95-4fb5-aa59-b70c59cd1b70@group-15E6BABBF81B: set configuration 0: [04afb25a-741f-41f6-b351-097881b4d4ad:192.168.5.142:38864, f197505c-7249-4e8e-ad61-1f2f0f7e51cb:192.168.5.142:39434, 31b1d0d0-3a95-4fb5-aa59-b70c59cd1b70:192.168.5.142:43022], old=null at 0
2019-10-04 13:50:52,039 [grpc-default-executor-0] INFO  impl.RaftServerImpl (RaftServerImpl.java:requestVote(754)) - 31b1d0d0-3a95-4fb5-aa59-b70c59cd1b70@group-15E6BABBF81B-   LEADER: Withhold vote from candidate f197505c-7249-4e8e-ad61-1f2f0f7e51cb with term 2. State: leader=31b1d0d0-3a95-4fb5-aa59-b70c59cd1b70, term=2, lastRpcElapsed=null
2019-10-04 13:50:52,040 [grpc-default-executor-0] INFO  impl.RaftServerImpl (ServerState.java:setLeader(255)) - 04afb25a-741f-41f6-b351-097881b4d4ad@group-15E6BABBF81B: change Leader from null to 31b1d0d0-3a95-4fb5-aa59-b70c59cd1b70 at term 2 for appendEntries, leader elected after 10424ms
2019-10-04 13:50:52,040 [f197505c-7249-4e8e-ad61-1f2f0f7e51cb@group-15E6BABBF81B-LeaderElection69] INFO  impl.LeaderElection (LeaderElection.java:logAndReturn(56)) - f197505c-7249-4e8e-ad61-1f2f0f7e51cb@group-15E6BABBF81B-LeaderElection69: Election REJECTED; received 2 response(s) [f197505c-7249-4e8e-ad61-1f2f0f7e51cb<-04afb25a-741f-41f6-b351-097881b4d4ad#0:FAIL-t2, f197505c-7249-4e8e-ad61-1f2f0f7e51cb<-31b1d0d0-3a95-4fb5-aa59-b70c59cd1b70#0:FAIL-t2] and 0 exception(s); f197505c-7249-4e8e-ad61-1f2f0f7e51cb@group-15E6BABBF81B:t2, leader=null, voted=f197505c-7249-4e8e-ad61-1f2f0f7e51cb, raftlog=f197505c-7249-4e8e-ad61-1f2f0f7e51cb@group-15E6BABBF81B-SegmentedRaftLog:OPENED:c-1,f-1,i0, conf=-1: [04afb25a-741f-41f6-b351-097881b4d4ad:192.168.5.142:38864, f197505c-7249-4e8e-ad61-1f2f0f7e51cb:192.168.5.142:39434, 31b1d0d0-3a95-4fb5-aa59-b70c59cd1b70:192.168.5.142:43022], old=null
2019-10-04 13:50:52,040 [grpc-default-executor-4] INFO  impl.RaftServerImpl (RaftServerImpl.java:setRole(170)) - f197505c-7249-4e8e-ad61-1f2f0f7e51cb@group-15E6BABBF81B: changes role from CANDIDATE to FOLLOWER at term 2 for appendEntries
2019-10-04 13:50:52,041 [grpc-default-executor-4] INFO  impl.RoleInfo (RoleInfo.java:shutdownLeaderElection(134)) - f197505c-7249-4e8e-ad61-1f2f0f7e51cb: shutdown LeaderElection
2019-10-04 13:50:52,041 [grpc-default-executor-4] INFO  impl.RoleInfo (RoleInfo.java:updateAndGet(143)) - f197505c-7249-4e8e-ad61-1f2f0f7e51cb: start FollowerState
2019-10-04 13:50:52,041 [grpc-default-executor-4] INFO  impl.RaftServerImpl (ServerState.java:setLeader(255)) - f197505c-7249-4e8e-ad61-1f2f0f7e51cb@group-15E6BABBF81B: change Leader from null to 31b1d0d0-3a95-4fb5-aa59-b70c59cd1b70 at term 2 for appendEntries, leader elected after 10426ms
2019-10-04 13:50:52,043 [grpc-default-executor-0] INFO  impl.RaftServerImpl (ServerState.java:setRaftConf(356)) - 04afb25a-741f-41f6-b351-097881b4d4ad@group-15E6BABBF81B: set configuration 0: [04afb25a-741f-41f6-b351-097881b4d4ad:192.168.5.142:38864, f197505c-7249-4e8e-ad61-1f2f0f7e51cb:192.168.5.142:39434, 31b1d0d0-3a95-4fb5-aa59-b70c59cd1b70:192.168.5.142:43022], old=null at 0
2019-10-04 13:50:52,043 [grpc-default-executor-4] INFO  impl.RaftServerImpl (ServerState.java:setRaftConf(356)) - f197505c-7249-4e8e-ad61-1f2f0f7e51cb@group-15E6BABBF81B: set configuration 0: [04afb25a-741f-41f6-b351-097881b4d4ad:192.168.5.142:38864, f197505c-7249-4e8e-ad61-1f2f0f7e51cb:192.168.5.142:39434, 31b1d0d0-3a95-4fb5-aa59-b70c59cd1b70:192.168.5.142:43022], old=null at 0
2019-10-04 13:50:52,043 [grpc-default-executor-0] INFO  segmented.SegmentedRaftLogWorker (SegmentedRaftLogWorker.java:startLogSegment(385)) - 04afb25a-741f-41f6-b351-097881b4d4ad@group-15E6BABBF81B-SegmentedRaftLogWorker: Starting segment from index:0
2019-10-04 13:50:52,043 [grpc-default-executor-4] INFO  segmented.SegmentedRaftLogWorker (SegmentedRaftLogWorker.java:startLogSegment(385)) - f197505c-7249-4e8e-ad61-1f2f0f7e51cb@group-15E6BABBF81B-SegmentedRaftLogWorker: Starting segment from index:0
2019-10-04 13:50:52,051 [31b1d0d0-3a95-4fb5-aa59-b70c59cd1b70@group-15E6BABBF81B-SegmentedRaftLogWorker] INFO  segmented.SegmentedRaftLogWorker (SegmentedRaftLogWorker.java:execute(574)) - 31b1d0d0-3a95-4fb5-aa59-b70c59cd1b70@group-15E6BABBF81B-SegmentedRaftLogWorker: created new log segment /workdir/hadoop-ozone/integration-test/target/test-dir/MiniOzoneClusterImpl-97cba473-ea40-42b4-ab07-f206a05d6f19/datanode-2/data/ratis/a41e0db2-a406-4fe5-a829-15e6babbf81b/current/log_inprogress_0
2019-10-04 13:50:52,085 [f197505c-7249-4e8e-ad61-1f2f0f7e51cb@group-15E6BABBF81B-SegmentedRaftLogWorker] INFO  segmented.SegmentedRaftLogWorker (SegmentedRaftLogWorker.java:execute(574)) - f197505c-7249-4e8e-ad61-1f2f0f7e51cb@group-15E6BABBF81B-SegmentedRaftLogWorker: created new log segment /workdir/hadoop-ozone/integration-test/target/test-dir/MiniOzoneClusterImpl-97cba473-ea40-42b4-ab07-f206a05d6f19/datanode-6/data/ratis/a41e0db2-a406-4fe5-a829-15e6babbf81b/current/log_inprogress_0
2019-10-04 13:50:52,085 [04afb25a-741f-41f6-b351-097881b4d4ad@group-15E6BABBF81B-SegmentedRaftLogWorker] INFO  segmented.SegmentedRaftLogWorker (SegmentedRaftLogWorker.java:execute(574)) - 04afb25a-741f-41f6-b351-097881b4d4ad@group-15E6BABBF81B-SegmentedRaftLogWorker: created new log segment /workdir/hadoop-ozone/integration-test/target/test-dir/MiniOzoneClusterImpl-97cba473-ea40-42b4-ab07-f206a05d6f19/datanode-3/data/ratis/a41e0db2-a406-4fe5-a829-15e6babbf81b/current/log_inprogress_0
2019-10-04 13:50:52,748 [main] INFO  ozoneimpl.OzoneContainer (OzoneContainer.java:stop(231)) - Attempting to stop container services.
2019-10-04 13:50:52,749 [main] INFO  impl.RaftServerProxy (RaftServerProxy.java:lambda$close$4(314)) - 80257ecc-928d-4209-b42a-e72edc2eb975: close
2019-10-04 13:50:52,749 [main] INFO  impl.RaftServerImpl (RaftServerImpl.java:lambda$shutdown$3(247)) - 80257ecc-928d-4209-b42a-e72edc2eb975@group-949E19706834: shutdown
2019-10-04 13:50:52,749 [ForkJoinPool.commonPool-worker-0] INFO  impl.RaftServerImpl (RaftServerImpl.java:lambda$shutdown$3(247)) - 80257ecc-928d-4209-b42a-e72edc2eb975@group-76A833EA3DB0: shutdown
2019-10-04 13:50:52,750 [main] INFO  util.JmxRegister (JmxRegister.java:unregister(73)) - Successfully un-registered JMX Bean with object name Ratis:service=RaftServer,group=group-949E19706834,id=80257ecc-928d-4209-b42a-e72edc2eb975
2019-10-04 13:50:52,750 [ForkJoinPool.commonPool-worker-0] INFO  util.JmxRegister (JmxRegister.java:unregister(73)) - Successfully un-registered JMX Bean with object name Ratis:service=RaftServer,group=group-76A833EA3DB0,id=80257ecc-928d-4209-b42a-e72edc2eb975
2019-10-04 13:50:52,750 [main] INFO  impl.RoleInfo (RoleInfo.java:shutdownLeaderState(104)) - 80257ecc-928d-4209-b42a-e72edc2eb975: shutdown LeaderState
2019-10-04 13:50:52,750 [ForkJoinPool.commonPool-worker-0] INFO  impl.RoleInfo (RoleInfo.java:shutdownFollowerState(121)) - 80257ecc-928d-4209-b42a-e72edc2eb975: shutdown FollowerState
2019-10-04 13:50:52,750 [main] INFO  impl.PendingRequests (PendingRequests.java:sendNotLeaderResponses(202)) - 80257ecc-928d-4209-b42a-e72edc2eb975@group-949E19706834-PendingRequests: sendNotLeaderResponses
2019-10-04 13:50:52,751 [80257ecc-928d-4209-b42a-e72edc2eb975@group-76A833EA3DB0-StateMachineUpdater] INFO  ratis.ContainerStateMachine (ContainerStateMachine.java:takeSnapshot(293)) - group-76A833EA3DB0: Taking a snapshot at:(t:1, i:1) file /workdir/hadoop-ozone/integration-test/target/test-dir/MiniOzoneClusterImpl-97cba473-ea40-42b4-ab07-f206a05d6f19/datanode-0/data/ratis/be719bb1-345b-4983-b6f0-76a833ea3db0/sm/snapshot.1_1
2019-10-04 13:50:52,751 [Thread-1541] INFO  impl.FollowerState (FollowerState.java:run(117)) - 80257ecc-928d-4209-b42a-e72edc2eb975@group-76A833EA3DB0-FollowerState was interrupted: java.lang.InterruptedException: sleep interrupted
2019-10-04 13:50:52,751 [ForkJoinPool.commonPool-worker-0] INFO  impl.StateMachineUpdater (StateMachineUpdater.java:stopAndJoin(136)) - 80257ecc-928d-4209-b42a-e72edc2eb975@group-76A833EA3DB0-StateMachineUpdater: set stopIndex = 2
2019-10-04 13:50:52,751 [main] INFO  impl.StateMachineUpdater (StateMachineUpdater.java:stopAndJoin(136)) - 80257ecc-928d-4209-b42a-e72edc2eb975@group-949E19706834-StateMachineUpdater: set stopIndex = 0
2019-10-04 13:50:52,751 [main] INFO  impl.RaftServerImpl (ServerState.java:close(387)) - 80257ecc-928d-4209-b42a-e72edc2eb975@group-949E19706834: closes. applyIndex: 0
2019-10-04 13:50:52,752 [80257ecc-928d-4209-b42a-e72edc2eb975@group-949E19706834-SegmentedRaftLogWorker] INFO  segmented.SegmentedRaftLogWorker (SegmentedRaftLogWorker.java:run(316)) - 80257ecc-928d-4209-b42a-e72edc2eb975@group-949E19706834-SegmentedRaftLogWorker was interrupted, exiting. There are 0 tasks remaining in the queue.
2019-10-04 13:50:52,754 [main] INFO  segmented.SegmentedRaftLogWorker (SegmentedRaftLogWorker.java:close(224)) - 80257ecc-928d-4209-b42a-e72edc2eb975@group-949E19706834-SegmentedRaftLogWorker close()
2019-10-04 13:50:52,785 [80257ecc-928d-4209-b42a-e72edc2eb975@group-76A833EA3DB0-StateMachineUpdater] INFO  ratis.ContainerStateMachine (ContainerStateMachine.java:takeSnapshot(304)) - group-76A833EA3DB0: Finished taking a snapshot at:(t:1, i:1) file:/workdir/hadoop-ozone/integration-test/target/test-dir/MiniOzoneClusterImpl-97cba473-ea40-42b4-ab07-f206a05d6f19/datanode-0/data/ratis/be719bb1-345b-4983-b6f0-76a833ea3db0/sm/snapshot.1_1 time:35
2019-10-04 13:50:52,785 [80257ecc-928d-4209-b42a-e72edc2eb975@group-76A833EA3DB0-StateMachineUpdater] INFO  impl.StateMachineUpdater (StateMachineUpdater.java:takeSnapshot(269)) - 80257ecc-928d-4209-b42a-e72edc2eb975@group-76A833EA3DB0-StateMachineUpdater: Took a snapshot at index 1
2019-10-04 13:50:52,786 [80257ecc-928d-4209-b42a-e72edc2eb975@group-76A833EA3DB0-StateMachineUpdater] INFO  impl.StateMachineUpdater (StateMachineUpdater.java:lambda$new$0(84)) - 80257ecc-928d-4209-b42a-e72edc2eb975@group-76A833EA3DB0-StateMachineUpdater: snapshotIndex: updateIncreasingly -1 -> 1
2019-10-04 13:50:52,786 [80257ecc-928d-4209-b42a-e72edc2eb975@group-76A833EA3DB0-StateMachineUpdater] INFO  ratis.ContainerStateMachine (ContainerStateMachine.java:takeSnapshot(293)) - group-76A833EA3DB0: Taking a snapshot at:(t:1, i:1) file /workdir/hadoop-ozone/integration-test/target/test-dir/MiniOzoneClusterImpl-97cba473-ea40-42b4-ab07-f206a05d6f19/datanode-0/data/ratis/be719bb1-345b-4983-b6f0-76a833ea3db0/sm/snapshot.1_1
2019-10-04 13:50:52,799 [80257ecc-928d-4209-b42a-e72edc2eb975@group-76A833EA3DB0-StateMachineUpdater] INFO  ratis.ContainerStateMachine (ContainerStateMachine.java:takeSnapshot(304)) - group-76A833EA3DB0: Finished taking a snapshot at:(t:1, i:1) file:/workdir/hadoop-ozone/integration-test/target/test-dir/MiniOzoneClusterImpl-97cba473-ea40-42b4-ab07-f206a05d6f19/datanode-0/data/ratis/be719bb1-345b-4983-b6f0-76a833ea3db0/sm/snapshot.1_1 time:12
2019-10-04 13:50:52,799 [80257ecc-928d-4209-b42a-e72edc2eb975@group-76A833EA3DB0-StateMachineUpdater] INFO  impl.StateMachineUpdater (StateMachineUpdater.java:takeSnapshot(269)) - 80257ecc-928d-4209-b42a-e72edc2eb975@group-76A833EA3DB0-StateMachineUpdater: Took a snapshot at index 1
2019-10-04 13:50:52,799 [80257ecc-928d-4209-b42a-e72edc2eb975@group-76A833EA3DB0-StateMachineUpdater] INFO  impl.StateMachineUpdater (StateMachineUpdater.java:lambda$new$0(84)) - 80257ecc-928d-4209-b42a-e72edc2eb975@group-76A833EA3DB0-StateMachineUpdater: snapshotIndex: updateIncreasingly 1 -> 1
2019-10-04 13:50:52,799 [ForkJoinPool.commonPool-worker-0] INFO  impl.RaftServerImpl (ServerState.java:close(387)) - 80257ecc-928d-4209-b42a-e72edc2eb975@group-76A833EA3DB0: closes. applyIndex: 2
2019-10-04 13:50:52,799 [80257ecc-928d-4209-b42a-e72edc2eb975@group-76A833EA3DB0-SegmentedRaftLogWorker] INFO  segmented.SegmentedRaftLogWorker (SegmentedRaftLogWorker.java:run(316)) - 80257ecc-928d-4209-b42a-e72edc2eb975@group-76A833EA3DB0-SegmentedRaftLogWorker was interrupted, exiting. There are 0 tasks remaining in the queue.
2019-10-04 13:50:52,801 [ForkJoinPool.commonPool-worker-0] INFO  segmented.SegmentedRaftLogWorker (SegmentedRaftLogWorker.java:close(224)) - 80257ecc-928d-4209-b42a-e72edc2eb975@group-76A833EA3DB0-SegmentedRaftLogWorker close()
2019-10-04 13:50:52,804 [main] INFO  server.GrpcService (GrpcService.java:closeImpl(164)) - 80257ecc-928d-4209-b42a-e72edc2eb975: shutdown server with port 37393 now
2019-10-04 13:50:52,806 [grpc-default-executor-1] WARN  server.GrpcLogAppender (LogUtils.java:warn(134)) - 39fd4120-165e-45ec-b9c4-971d1f74e9b4@group-76A833EA3DB0->80257ecc-928d-4209-b42a-e72edc2eb975-AppendLogResponseHandler: Failed appendEntries: org.apache.ratis.thirdparty.io.grpc.StatusRuntimeException: CANCELLED: HTTP/2 error code: CANCEL
Received Rst Stream
2019-10-04 13:50:52,806 [main] INFO  server.GrpcService (GrpcService.java:closeImpl(172)) - 80257ecc-928d-4209-b42a-e72edc2eb975: shutdown server with port 37393 successfully
2019-10-04 13:50:52,806 [grpc-default-executor-0] WARN  server.GrpcServerProtocolService (LogUtils.java:warn(134)) - 80257ecc-928d-4209-b42a-e72edc2eb975: installSnapshot onError, lastRequest: 39fd4120-165e-45ec-b9c4-971d1f74e9b4->80257ecc-928d-4209-b42a-e72edc2eb975#5-t1, previous=(t:1, i:2), leaderCommit=2, initializing? false, entries: <empty>: org.apache.ratis.thirdparty.io.grpc.StatusRuntimeException: CANCELLED: cancelled before receiving half close
2019-10-04 13:50:52,807 [grpc-default-executor-1] INFO  impl.FollowerInfo (FollowerInfo.java:lambda$new$0(51)) - 39fd4120-165e-45ec-b9c4-971d1f74e9b4@group-76A833EA3DB0->80257ecc-928d-4209-b42a-e72edc2eb975: nextIndex: updateUnconditionally 3 -> 2
2019-10-04 13:50:52,812 [refreshUsed-/workdir/hadoop-ozone/integration-test/target/test-dir/MiniOzoneClusterImpl-97cba473-ea40-42b4-ab07-f206a05d6f19/datanode-0/data/containers] WARN  fs.CachingGetSpaceUsed (CachingGetSpaceUsed.java:run(183)) - Thread Interrupted waiting to refresh disk information: sleep interrupted
2019-10-04 13:50:52,829 [main] INFO  utils.BackgroundService (BackgroundService.java:shutdown(148)) - Shutting down service BlockDeletingService
2019-10-04 13:50:52,835 [main] INFO  statemachine.DatanodeStateMachine (DatanodeStateMachine.java:stopDaemon(395)) - Ozone container server stopped.
2019-10-04 13:50:52,836 [main] INFO  handler.ContextHandler (ContextHandler.java:doStop(910)) - Stopped o.e.j.w.WebAppContext@472d0f4{/,null,UNAVAILABLE}{/hddsDatanode}
2019-10-04 13:50:52,838 [main] INFO  server.AbstractConnector (AbstractConnector.java:doStop(318)) - Stopped ServerConnector@4bc59b27{HTTP/1.1,[http/1.1]}{0.0.0.0:0}
2019-10-04 13:50:52,840 [main] INFO  handler.ContextHandler (ContextHandler.java:doStop(910)) - Stopped o.e.j.s.ServletContextHandler@664632e9{/static,jar:file:/home/user/.m2/repository/org/apache/hadoop/hadoop-hdds-container-service/0.5.0-SNAPSHOT/hadoop-hdds-container-service-0.5.0-SNAPSHOT.jar!/webapps/static,UNAVAILABLE}
2019-10-04 13:50:52,840 [main] INFO  handler.ContextHandler (ContextHandler.java:doStop(910)) - Stopped o.e.j.s.ServletContextHandler@68ddd415{/logs,file:///workdir/hadoop-ozone/integration-test/target/log,UNAVAILABLE}
2019-10-04 13:50:53,780 [Datanode State Machine Thread - 0] INFO  statemachine.DatanodeStateMachine (DatanodeStateMachine.java:lambda$startDaemon$0(350)) - Ozone container server started.
2019-10-04 13:50:55,156 [grpc-default-executor-0] WARN  server.GrpcLogAppender (LogUtils.java:warn(134)) - 39fd4120-165e-45ec-b9c4-971d1f74e9b4@group-76A833EA3DB0->80257ecc-928d-4209-b42a-e72edc2eb975-AppendLogResponseHandler: Failed appendEntries: org.apache.ratis.thirdparty.io.grpc.StatusRuntimeException: UNAVAILABLE: io exception
2019-10-04 13:50:55,156 [grpc-default-executor-0] INFO  impl.FollowerInfo (FollowerInfo.java:lambda$new$0(51)) - 39fd4120-165e-45ec-b9c4-971d1f74e9b4@group-76A833EA3DB0->80257ecc-928d-4209-b42a-e72edc2eb975: nextIndex: updateUnconditionally 2 -> 1
2019-10-04 13:50:57,658 [grpc-default-executor-0] WARN  server.GrpcLogAppender (LogUtils.java:warn(134)) - 39fd4120-165e-45ec-b9c4-971d1f74e9b4@group-76A833EA3DB0->80257ecc-928d-4209-b42a-e72edc2eb975-AppendLogResponseHandler: Failed appendEntries: org.apache.ratis.thirdparty.io.grpc.StatusRuntimeException: UNAVAILABLE: io exception
2019-10-04 13:50:57,659 [grpc-default-executor-0] INFO  impl.FollowerInfo (FollowerInfo.java:lambda$new$0(51)) - 39fd4120-165e-45ec-b9c4-971d1f74e9b4@group-76A833EA3DB0->80257ecc-928d-4209-b42a-e72edc2eb975: nextIndex: updateUnconditionally 1 -> 0
2019-10-04 13:50:57,842 [main] INFO  ozoneimpl.OzoneContainer (OzoneContainer.java:stop(231)) - Attempting to stop container services.
2019-10-04 13:50:57,843 [main] INFO  impl.RaftServerProxy (RaftServerProxy.java:lambda$close$4(314)) - ad718213-008c-41ec-8a72-c4d801cf9bd2: close
2019-10-04 13:50:57,843 [main] INFO  impl.RaftServerImpl (RaftServerImpl.java:lambda$shutdown$3(247)) - ad718213-008c-41ec-8a72-c4d801cf9bd2@group-76A833EA3DB0: shutdown
2019-10-04 13:50:57,844 [main] INFO  util.JmxRegister (JmxRegister.java:unregister(73)) - Successfully un-registered JMX Bean with object name Ratis:service=RaftServer,group=group-76A833EA3DB0,id=ad718213-008c-41ec-8a72-c4d801cf9bd2
2019-10-04 13:50:57,844 [main] INFO  impl.RoleInfo (RoleInfo.java:shutdownFollowerState(121)) - ad718213-008c-41ec-8a72-c4d801cf9bd2: shutdown FollowerState
2019-10-04 13:50:57,844 [main] INFO  impl.StateMachineUpdater (StateMachineUpdater.java:stopAndJoin(136)) - ad718213-008c-41ec-8a72-c4d801cf9bd2@group-76A833EA3DB0-StateMachineUpdater: set stopIndex = 2
2019-10-04 13:50:57,845 [ad718213-008c-41ec-8a72-c4d801cf9bd2@group-76A833EA3DB0-StateMachineUpdater] INFO  ratis.ContainerStateMachine (ContainerStateMachine.java:takeSnapshot(293)) - group-76A833EA3DB0: Taking a snapshot at:(t:1, i:1) file /workdir/hadoop-ozone/integration-test/target/test-dir/MiniOzoneClusterImpl-97cba473-ea40-42b4-ab07-f206a05d6f19/datanode-1/data/ratis/be719bb1-345b-4983-b6f0-76a833ea3db0/sm/snapshot.1_1
2019-10-04 13:50:57,844 [Thread-1540] INFO  impl.FollowerState (FollowerState.java:run(117)) - ad718213-008c-41ec-8a72-c4d801cf9bd2@group-76A833EA3DB0-FollowerState was interrupted: java.lang.InterruptedException: sleep interrupted
2019-10-04 13:50:57,863 [ad718213-008c-41ec-8a72-c4d801cf9bd2@group-76A833EA3DB0-StateMachineUpdater] INFO  ratis.ContainerStateMachine (ContainerStateMachine.java:takeSnapshot(304)) - group-76A833EA3DB0: Finished taking a snapshot at:(t:1, i:1) file:/workdir/hadoop-ozone/integration-test/target/test-dir/MiniOzoneClusterImpl-97cba473-ea40-42b4-ab07-f206a05d6f19/datanode-1/data/ratis/be719bb1-345b-4983-b6f0-76a833ea3db0/sm/snapshot.1_1 time:19
2019-10-04 13:50:57,863 [ad718213-008c-41ec-8a72-c4d801cf9bd2@group-76A833EA3DB0-StateMachineUpdater] INFO  impl.StateMachineUpdater (StateMachineUpdater.java:takeSnapshot(269)) - ad718213-008c-41ec-8a72-c4d801cf9bd2@group-76A833EA3DB0-StateMachineUpdater: Took a snapshot at index 1
2019-10-04 13:50:57,863 [ad718213-008c-41ec-8a72-c4d801cf9bd2@group-76A833EA3DB0-StateMachineUpdater] INFO  impl.StateMachineUpdater (StateMachineUpdater.java:lambda$new$0(84)) - ad718213-008c-41ec-8a72-c4d801cf9bd2@group-76A833EA3DB0-StateMachineUpdater: snapshotIndex: updateIncreasingly -1 -> 1
2019-10-04 13:50:57,864 [ad718213-008c-41ec-8a72-c4d801cf9bd2@group-76A833EA3DB0-StateMachineUpdater] INFO  ratis.ContainerStateMachine (ContainerStateMachine.java:takeSnapshot(293)) - group-76A833EA3DB0: Taking a snapshot at:(t:1, i:1) file /workdir/hadoop-ozone/integration-test/target/test-dir/MiniOzoneClusterImpl-97cba473-ea40-42b4-ab07-f206a05d6f19/datanode-1/data/ratis/be719bb1-345b-4983-b6f0-76a833ea3db0/sm/snapshot.1_1
2019-10-04 13:50:57,876 [ad718213-008c-41ec-8a72-c4d801cf9bd2@group-76A833EA3DB0-StateMachineUpdater] INFO  ratis.ContainerStateMachine (ContainerStateMachine.java:takeSnapshot(304)) - group-76A833EA3DB0: Finished taking a snapshot at:(t:1, i:1) file:/workdir/hadoop-ozone/integration-test/target/test-dir/MiniOzoneClusterImpl-97cba473-ea40-42b4-ab07-f206a05d6f19/datanode-1/data/ratis/be719bb1-345b-4983-b6f0-76a833ea3db0/sm/snapshot.1_1 time:13
2019-10-04 13:50:57,876 [ad718213-008c-41ec-8a72-c4d801cf9bd2@group-76A833EA3DB0-StateMachineUpdater] INFO  impl.StateMachineUpdater (StateMachineUpdater.java:takeSnapshot(269)) - ad718213-008c-41ec-8a72-c4d801cf9bd2@group-76A833EA3DB0-StateMachineUpdater: Took a snapshot at index 1
2019-10-04 13:50:57,876 [ad718213-008c-41ec-8a72-c4d801cf9bd2@group-76A833EA3DB0-StateMachineUpdater] INFO  impl.StateMachineUpdater (StateMachineUpdater.java:lambda$new$0(84)) - ad718213-008c-41ec-8a72-c4d801cf9bd2@group-76A833EA3DB0-StateMachineUpdater: snapshotIndex: updateIncreasingly 1 -> 1
2019-10-04 13:50:57,876 [main] INFO  impl.RaftServerImpl (ServerState.java:close(387)) - ad718213-008c-41ec-8a72-c4d801cf9bd2@group-76A833EA3DB0: closes. applyIndex: 2
2019-10-04 13:50:57,877 [ad718213-008c-41ec-8a72-c4d801cf9bd2@group-76A833EA3DB0-SegmentedRaftLogWorker] INFO  segmented.SegmentedRaftLogWorker (SegmentedRaftLogWorker.java:run(316)) - ad718213-008c-41ec-8a72-c4d801cf9bd2@group-76A833EA3DB0-SegmentedRaftLogWorker was interrupted, exiting. There are 0 tasks remaining in the queue.
2019-10-04 13:50:57,879 [main] INFO  segmented.SegmentedRaftLogWorker (SegmentedRaftLogWorker.java:close(224)) - ad718213-008c-41ec-8a72-c4d801cf9bd2@group-76A833EA3DB0-SegmentedRaftLogWorker close()
2019-10-04 13:50:57,883 [main] INFO  impl.RaftServerImpl (RaftServerImpl.java:lambda$shutdown$3(247)) - ad718213-008c-41ec-8a72-c4d801cf9bd2@group-4315827237D1: shutdown
2019-10-04 13:50:57,883 [main] INFO  util.JmxRegister (JmxRegister.java:unregister(73)) - Successfully un-registered JMX Bean with object name Ratis:service=RaftServer,group=group-4315827237D1,id=ad718213-008c-41ec-8a72-c4d801cf9bd2
2019-10-04 13:50:57,884 [main] INFO  impl.RoleInfo (RoleInfo.java:shutdownLeaderState(104)) - ad718213-008c-41ec-8a72-c4d801cf9bd2: shutdown LeaderState
2019-10-04 13:50:57,884 [main] INFO  impl.PendingRequests (PendingRequests.java:sendNotLeaderResponses(202)) - ad718213-008c-41ec-8a72-c4d801cf9bd2@group-4315827237D1-PendingRequests: sendNotLeaderResponses
2019-10-04 13:50:57,884 [main] INFO  impl.StateMachineUpdater (StateMachineUpdater.java:stopAndJoin(136)) - ad718213-008c-41ec-8a72-c4d801cf9bd2@group-4315827237D1-StateMachineUpdater: set stopIndex = 0
2019-10-04 13:50:57,885 [main] INFO  impl.RaftServerImpl (ServerState.java:close(387)) - ad718213-008c-41ec-8a72-c4d801cf9bd2@group-4315827237D1: closes. applyIndex: 0
2019-10-04 13:50:57,885 [ad718213-008c-41ec-8a72-c4d801cf9bd2@group-4315827237D1-SegmentedRaftLogWorker] INFO  segmented.SegmentedRaftLogWorker (SegmentedRaftLogWorker.java:run(316)) - ad718213-008c-41ec-8a72-c4d801cf9bd2@group-4315827237D1-SegmentedRaftLogWorker was interrupted, exiting. There are 0 tasks remaining in the queue.
2019-10-04 13:50:57,887 [main] INFO  segmented.SegmentedRaftLogWorker (SegmentedRaftLogWorker.java:close(224)) - ad718213-008c-41ec-8a72-c4d801cf9bd2@group-4315827237D1-SegmentedRaftLogWorker close()
2019-10-04 13:50:57,891 [main] INFO  server.GrpcService (GrpcService.java:closeImpl(164)) - ad718213-008c-41ec-8a72-c4d801cf9bd2: shutdown server with port 46365 now
2019-10-04 13:50:57,892 [grpc-default-executor-1] WARN  server.GrpcServerProtocolService (LogUtils.java:warn(134)) - ad718213-008c-41ec-8a72-c4d801cf9bd2: installSnapshot onError, lastRequest: 39fd4120-165e-45ec-b9c4-971d1f74e9b4->ad718213-008c-41ec-8a72-c4d801cf9bd2#7-t1, previous=(t:1, i:2), leaderCommit=2, initializing? false, entries: <empty>: org.apache.ratis.thirdparty.io.grpc.StatusRuntimeException: CANCELLED: cancelled before receiving half close
2019-10-04 13:50:57,892 [grpc-default-executor-0] WARN  server.GrpcLogAppender (LogUtils.java:warn(134)) - 39fd4120-165e-45ec-b9c4-971d1f74e9b4@group-76A833EA3DB0->ad718213-008c-41ec-8a72-c4d801cf9bd2-AppendLogResponseHandler: Failed appendEntries: org.apache.ratis.thirdparty.io.grpc.StatusRuntimeException: CANCELLED: HTTP/2 error code: CANCEL
Received Rst Stream
2019-10-04 13:50:57,892 [main] INFO  server.GrpcService (GrpcService.java:closeImpl(172)) - ad718213-008c-41ec-8a72-c4d801cf9bd2: shutdown server with port 46365 successfully
2019-10-04 13:50:57,893 [grpc-default-executor-0] INFO  impl.FollowerInfo (FollowerInfo.java:lambda$new$0(51)) - 39fd4120-165e-45ec-b9c4-971d1f74e9b4@group-76A833EA3DB0->ad718213-008c-41ec-8a72-c4d801cf9bd2: nextIndex: updateUnconditionally 3 -> 2
2019-10-04 13:50:57,895 [refreshUsed-/workdir/hadoop-ozone/integration-test/target/test-dir/MiniOzoneClusterImpl-97cba473-ea40-42b4-ab07-f206a05d6f19/datanode-1/data/containers] WARN  fs.CachingGetSpaceUsed (CachingGetSpaceUsed.java:run(183)) - Thread Interrupted waiting to refresh disk information: sleep interrupted
2019-10-04 13:50:57,915 [main] INFO  utils.BackgroundService (BackgroundService.java:shutdown(148)) - Shutting down service BlockDeletingService
2019-10-04 13:50:57,921 [main] INFO  statemachine.DatanodeStateMachine (DatanodeStateMachine.java:stopDaemon(395)) - Ozone container server stopped.
2019-10-04 13:50:57,922 [main] INFO  handler.ContextHandler (ContextHandler.java:doStop(910)) - Stopped o.e.j.w.WebAppContext@5cff6b74{/,null,UNAVAILABLE}{/hddsDatanode}
2019-10-04 13:50:57,923 [main] INFO  server.AbstractConnector (AbstractConnector.java:doStop(318)) - Stopped ServerConnector@627ff1b8{HTTP/1.1,[http/1.1]}{0.0.0.0:0}
2019-10-04 13:50:57,923 [main] INFO  handler.ContextHandler (ContextHandler.java:doStop(910)) - Stopped o.e.j.s.ServletContextHandler@1150d471{/static,jar:file:/home/user/.m2/repository/org/apache/hadoop/hadoop-hdds-container-service/0.5.0-SNAPSHOT/hadoop-hdds-container-service-0.5.0-SNAPSHOT.jar!/webapps/static,UNAVAILABLE}
2019-10-04 13:50:57,924 [main] INFO  handler.ContextHandler (ContextHandler.java:doStop(910)) - Stopped o.e.j.s.ServletContextHandler@3c952a33{/logs,file:///workdir/hadoop-ozone/integration-test/target/log,UNAVAILABLE}
2019-10-04 13:51:00,160 [grpc-default-executor-1] WARN  server.GrpcLogAppender (LogUtils.java:warn(134)) - 39fd4120-165e-45ec-b9c4-971d1f74e9b4@group-76A833EA3DB0->80257ecc-928d-4209-b42a-e72edc2eb975-AppendLogResponseHandler: Failed appendEntries: org.apache.ratis.thirdparty.io.grpc.StatusRuntimeException: UNAVAILABLE: io exception
2019-10-04 13:51:00,160 [grpc-default-executor-0] WARN  server.GrpcLogAppender (LogUtils.java:warn(134)) - 39fd4120-165e-45ec-b9c4-971d1f74e9b4@group-76A833EA3DB0->ad718213-008c-41ec-8a72-c4d801cf9bd2-AppendLogResponseHandler: Failed appendEntries: org.apache.ratis.thirdparty.io.grpc.StatusRuntimeException: UNAVAILABLE: io exception
2019-10-04 13:51:00,161 [grpc-default-executor-1] INFO  impl.FollowerInfo (FollowerInfo.java:lambda$new$0(51)) - 39fd4120-165e-45ec-b9c4-971d1f74e9b4@group-76A833EA3DB0->80257ecc-928d-4209-b42a-e72edc2eb975: nextIndex: updateUnconditionally 0 -> 0
2019-10-04 13:51:00,161 [grpc-default-executor-0] INFO  impl.FollowerInfo (FollowerInfo.java:lambda$new$0(51)) - 39fd4120-165e-45ec-b9c4-971d1f74e9b4@group-76A833EA3DB0->ad718213-008c-41ec-8a72-c4d801cf9bd2: nextIndex: updateUnconditionally 2 -> 1
2019-10-04 13:51:02,663 [grpc-default-executor-1] WARN  server.GrpcLogAppender (LogUtils.java:warn(134)) - 39fd4120-165e-45ec-b9c4-971d1f74e9b4@group-76A833EA3DB0->80257ecc-928d-4209-b42a-e72edc2eb975-AppendLogResponseHandler: Failed appendEntries: org.apache.ratis.thirdparty.io.grpc.StatusRuntimeException: UNAVAILABLE: io exception
2019-10-04 13:51:02,663 [grpc-default-executor-0] WARN  server.GrpcLogAppender (LogUtils.java:warn(134)) - 39fd4120-165e-45ec-b9c4-971d1f74e9b4@group-76A833EA3DB0->ad718213-008c-41ec-8a72-c4d801cf9bd2-AppendLogResponseHandler: Failed appendEntries: org.apache.ratis.thirdparty.io.grpc.StatusRuntimeException: UNAVAILABLE: io exception
2019-10-04 13:51:02,665 [grpc-default-executor-0] INFO  impl.FollowerInfo (FollowerInfo.java:lambda$new$0(51)) - 39fd4120-165e-45ec-b9c4-971d1f74e9b4@group-76A833EA3DB0->ad718213-008c-41ec-8a72-c4d801cf9bd2: nextIndex: updateUnconditionally 1 -> 0
2019-10-04 13:51:02,665 [grpc-default-executor-1] INFO  impl.FollowerInfo (FollowerInfo.java:lambda$new$0(51)) - 39fd4120-165e-45ec-b9c4-971d1f74e9b4@group-76A833EA3DB0->80257ecc-928d-4209-b42a-e72edc2eb975: nextIndex: updateUnconditionally 0 -> 0
2019-10-04 13:51:05,165 [grpc-default-executor-6] WARN  server.GrpcLogAppender (LogUtils.java:warn(134)) - 39fd4120-165e-45ec-b9c4-971d1f74e9b4@group-76A833EA3DB0->ad718213-008c-41ec-8a72-c4d801cf9bd2-AppendLogResponseHandler: Failed appendEntries: org.apache.ratis.thirdparty.io.grpc.StatusRuntimeException: UNAVAILABLE: io exception
2019-10-04 13:51:05,165 [grpc-default-executor-5] WARN  server.GrpcLogAppender (LogUtils.java:warn(134)) - 39fd4120-165e-45ec-b9c4-971d1f74e9b4@group-76A833EA3DB0->80257ecc-928d-4209-b42a-e72edc2eb975-AppendLogResponseHandler: Failed appendEntries: org.apache.ratis.thirdparty.io.grpc.StatusRuntimeException: UNAVAILABLE: io exception
2019-10-04 13:51:05,168 [grpc-default-executor-6] INFO  impl.FollowerInfo (FollowerInfo.java:lambda$new$0(51)) - 39fd4120-165e-45ec-b9c4-971d1f74e9b4@group-76A833EA3DB0->ad718213-008c-41ec-8a72-c4d801cf9bd2: nextIndex: updateUnconditionally 0 -> 0
2019-10-04 13:51:05,168 [grpc-default-executor-5] INFO  impl.FollowerInfo (FollowerInfo.java:lambda$new$0(51)) - 39fd4120-165e-45ec-b9c4-971d1f74e9b4@group-76A833EA3DB0->80257ecc-928d-4209-b42a-e72edc2eb975: nextIndex: updateUnconditionally 0 -> 0
2019-10-04 13:51:07,664 [grpc-default-executor-6] WARN  server.GrpcLogAppender (LogUtils.java:warn(134)) - 39fd4120-165e-45ec-b9c4-971d1f74e9b4@group-76A833EA3DB0->80257ecc-928d-4209-b42a-e72edc2eb975-AppendLogResponseHandler: Failed appendEntries: org.apache.ratis.thirdparty.io.grpc.StatusRuntimeException: UNAVAILABLE: io exception
2019-10-04 13:51:07,664 [grpc-default-executor-5] WARN  server.GrpcLogAppender (LogUtils.java:warn(134)) - 39fd4120-165e-45ec-b9c4-971d1f74e9b4@group-76A833EA3DB0->ad718213-008c-41ec-8a72-c4d801cf9bd2-AppendLogResponseHandler: Failed appendEntries: org.apache.ratis.thirdparty.io.grpc.StatusRuntimeException: UNAVAILABLE: io exception
2019-10-04 13:51:07,664 [grpc-default-executor-6] INFO  impl.FollowerInfo (FollowerInfo.java:lambda$new$0(51)) - 39fd4120-165e-45ec-b9c4-971d1f74e9b4@group-76A833EA3DB0->80257ecc-928d-4209-b42a-e72edc2eb975: nextIndex: updateUnconditionally 0 -> 0
2019-10-04 13:51:07,665 [grpc-default-executor-5] INFO  impl.FollowerInfo (FollowerInfo.java:lambda$new$0(51)) - 39fd4120-165e-45ec-b9c4-971d1f74e9b4@group-76A833EA3DB0->ad718213-008c-41ec-8a72-c4d801cf9bd2: nextIndex: updateUnconditionally 0 -> 0
2019-10-04 13:51:08,857 [Thread-1615] INFO  client.GrpcClientProtocolService (GrpcClientProtocolService.java:lambda$processClientRequest$0(278)) - Failed RaftClientRequest:client-4092BF8C4641->39fd4120-165e-45ec-b9c4-971d1f74e9b4@group-76A833EA3DB0, cid=64, seq=0, Watch-ALL_COMMITTED(55), Message:<EMPTY>, reply=RaftClientReply:client-4092BF8C4641->39fd4120-165e-45ec-b9c4-971d1f74e9b4@group-76A833EA3DB0, cid=64, FAILED org.apache.ratis.protocol.NotReplicatedException: Request with call Id 64 and log index 55 is not yet replicated to ALL_COMMITTED, logIndex=55, commits[39fd4120-165e-45ec-b9c4-971d1f74e9b4:c2, 80257ecc-928d-4209-b42a-e72edc2eb975:c2, ad718213-008c-41ec-8a72-c4d801cf9bd2:c2]
2019-10-04 13:51:10,165 [grpc-default-executor-0] WARN  server.GrpcLogAppender (LogUtils.java:warn(134)) - 39fd4120-165e-45ec-b9c4-971d1f74e9b4@group-76A833EA3DB0->80257ecc-928d-4209-b42a-e72edc2eb975-AppendLogResponseHandler: Failed appendEntries: org.apache.ratis.thirdparty.io.grpc.StatusRuntimeException: UNAVAILABLE: io exception
2019-10-04 13:51:10,165 [grpc-default-executor-2] WARN  server.GrpcLogAppender (LogUtils.java:warn(134)) - 39fd4120-165e-45ec-b9c4-971d1f74e9b4@group-76A833EA3DB0->ad718213-008c-41ec-8a72-c4d801cf9bd2-AppendLogResponseHandler: Failed appendEntries: org.apache.ratis.thirdparty.io.grpc.StatusRuntimeException: UNAVAILABLE: io exception
2019-10-04 13:51:10,166 [grpc-default-executor-0] INFO  impl.FollowerInfo (FollowerInfo.java:lambda$new$0(51)) - 39fd4120-165e-45ec-b9c4-971d1f74e9b4@group-76A833EA3DB0->80257ecc-928d-4209-b42a-e72edc2eb975: nextIndex: updateUnconditionally 0 -> 0
2019-10-04 13:51:10,166 [grpc-default-executor-2] INFO  impl.FollowerInfo (FollowerInfo.java:lambda$new$0(51)) - 39fd4120-165e-45ec-b9c4-971d1f74e9b4@group-76A833EA3DB0->ad718213-008c-41ec-8a72-c4d801cf9bd2: nextIndex: updateUnconditionally 0 -> 0
2019-10-04 13:51:12,667 [grpc-default-executor-5] WARN  server.GrpcLogAppender (LogUtils.java:warn(134)) - 39fd4120-165e-45ec-b9c4-971d1f74e9b4@group-76A833EA3DB0->ad718213-008c-41ec-8a72-c4d801cf9bd2-AppendLogResponseHandler: Failed appendEntries: org.apache.ratis.thirdparty.io.grpc.StatusRuntimeException: UNAVAILABLE: io exception
2019-10-04 13:51:12,667 [grpc-default-executor-4] WARN  server.GrpcLogAppender (LogUtils.java:warn(134)) - 39fd4120-165e-45ec-b9c4-971d1f74e9b4@group-76A833EA3DB0->80257ecc-928d-4209-b42a-e72edc2eb975-AppendLogResponseHandler: Failed appendEntries: org.apache.ratis.thirdparty.io.grpc.StatusRuntimeException: UNAVAILABLE: io exception
2019-10-04 13:51:12,669 [grpc-default-executor-5] INFO  impl.FollowerInfo (FollowerInfo.java:lambda$new$0(51)) - 39fd4120-165e-45ec-b9c4-971d1f74e9b4@group-76A833EA3DB0->ad718213-008c-41ec-8a72-c4d801cf9bd2: nextIndex: updateUnconditionally 0 -> 0
2019-10-04 13:51:12,669 [grpc-default-executor-4] INFO  impl.FollowerInfo (FollowerInfo.java:lambda$new$0(51)) - 39fd4120-165e-45ec-b9c4-971d1f74e9b4@group-76A833EA3DB0->80257ecc-928d-4209-b42a-e72edc2eb975: nextIndex: updateUnconditionally 0 -> 0
2019-10-04 13:51:15,173 [grpc-default-executor-5] WARN  server.GrpcLogAppender (LogUtils.java:warn(134)) - 39fd4120-165e-45ec-b9c4-971d1f74e9b4@group-76A833EA3DB0->80257ecc-928d-4209-b42a-e72edc2eb975-AppendLogResponseHandler: Failed appendEntries: org.apache.ratis.thirdparty.io.grpc.StatusRuntimeException: UNAVAILABLE: io exception
2019-10-04 13:51:15,173 [grpc-default-executor-4] WARN  server.GrpcLogAppender (LogUtils.java:warn(134)) - 39fd4120-165e-45ec-b9c4-971d1f74e9b4@group-76A833EA3DB0->ad718213-008c-41ec-8a72-c4d801cf9bd2-AppendLogResponseHandler: Failed appendEntries: org.apache.ratis.thirdparty.io.grpc.StatusRuntimeException: UNAVAILABLE: io exception
2019-10-04 13:51:15,175 [grpc-default-executor-4] INFO  impl.FollowerInfo (FollowerInfo.java:lambda$new$0(51)) - 39fd4120-165e-45ec-b9c4-971d1f74e9b4@group-76A833EA3DB0->ad718213-008c-41ec-8a72-c4d801cf9bd2: nextIndex: updateUnconditionally 0 -> 0
2019-10-04 13:51:15,175 [grpc-default-executor-5] INFO  impl.FollowerInfo (FollowerInfo.java:lambda$new$0(51)) - 39fd4120-165e-45ec-b9c4-971d1f74e9b4@group-76A833EA3DB0->80257ecc-928d-4209-b42a-e72edc2eb975: nextIndex: updateUnconditionally 0 -> 0
2019-10-04 13:51:17,672 [grpc-default-executor-6] WARN  server.GrpcLogAppender (LogUtils.java:warn(134)) - 39fd4120-165e-45ec-b9c4-971d1f74e9b4@group-76A833EA3DB0->80257ecc-928d-4209-b42a-e72edc2eb975-AppendLogResponseHandler: Failed appendEntries: org.apache.ratis.thirdparty.io.grpc.StatusRuntimeException: UNAVAILABLE: io exception
2019-10-04 13:51:17,672 [grpc-default-executor-5] WARN  server.GrpcLogAppender (LogUtils.java:warn(134)) - 39fd4120-165e-45ec-b9c4-971d1f74e9b4@group-76A833EA3DB0->ad718213-008c-41ec-8a72-c4d801cf9bd2-AppendLogResponseHandler: Failed appendEntries: org.apache.ratis.thirdparty.io.grpc.StatusRuntimeException: UNAVAILABLE: io exception
2019-10-04 13:51:17,673 [grpc-default-executor-6] INFO  impl.FollowerInfo (FollowerInfo.java:lambda$new$0(51)) - 39fd4120-165e-45ec-b9c4-971d1f74e9b4@group-76A833EA3DB0->80257ecc-928d-4209-b42a-e72edc2eb975: nextIndex: updateUnconditionally 0 -> 0
2019-10-04 13:51:17,673 [grpc-default-executor-5] INFO  impl.FollowerInfo (FollowerInfo.java:lambda$new$0(51)) - 39fd4120-165e-45ec-b9c4-971d1f74e9b4@group-76A833EA3DB0->ad718213-008c-41ec-8a72-c4d801cf9bd2: nextIndex: updateUnconditionally 0 -> 0
2019-10-04 13:51:17,926 [main] WARN  scm.XceiverClientRatis (XceiverClientRatis.java:watchForCommit(292)) - 3 way commit failed on pipeline Pipeline[ Id: be719bb1-345b-4983-b6f0-76a833ea3db0, Nodes: 80257ecc-928d-4209-b42a-e72edc2eb975{ip: 192.168.5.142, host: pr-hdds-2204-d78b8-1674338442, networkLocation: /default-rack, certSerialId: null}ad718213-008c-41ec-8a72-c4d801cf9bd2{ip: 192.168.5.142, host: pr-hdds-2204-d78b8-1674338442, networkLocation: /default-rack, certSerialId: null}39fd4120-165e-45ec-b9c4-971d1f74e9b4{ip: 192.168.5.142, host: pr-hdds-2204-d78b8-1674338442, networkLocation: /default-rack, certSerialId: null}, Type:RATIS, Factor:THREE, State:OPEN]
java.util.concurrent.TimeoutException
	at java.util.concurrent.CompletableFuture.timedGet(CompletableFuture.java:1771)
	at java.util.concurrent.CompletableFuture.get(CompletableFuture.java:1915)
	at org.apache.hadoop.hdds.scm.XceiverClientRatis.watchForCommit(XceiverClientRatis.java:289)
	at org.apache.hadoop.ozone.client.rpc.TestWatchForCommit.testWatchForCommitForRetryfailure(TestWatchForCommit.java:345)
	at sun.reflect.NativeMethodAccessorImpl.invoke0(Native Method)
	at sun.reflect.NativeMethodAccessorImpl.invoke(NativeMethodAccessorImpl.java:62)
	at sun.reflect.DelegatingMethodAccessorImpl.invoke(DelegatingMethodAccessorImpl.java:43)
	at java.lang.reflect.Method.invoke(Method.java:498)
	at org.junit.runners.model.FrameworkMethod$1.runReflectiveCall(FrameworkMethod.java:47)
	at org.junit.internal.runners.model.ReflectiveCallable.run(ReflectiveCallable.java:12)
	at org.junit.runners.model.FrameworkMethod.invokeExplosively(FrameworkMethod.java:44)
	at org.junit.internal.runners.statements.InvokeMethod.evaluate(InvokeMethod.java:17)
	at org.junit.runners.ParentRunner.runLeaf(ParentRunner.java:271)
	at org.junit.runners.BlockJUnit4ClassRunner.runChild(BlockJUnit4ClassRunner.java:70)
	at org.junit.runners.BlockJUnit4ClassRunner.runChild(BlockJUnit4ClassRunner.java:50)
	at org.junit.runners.ParentRunner$3.run(ParentRunner.java:238)
	at org.junit.runners.ParentRunner$1.schedule(ParentRunner.java:63)
	at org.junit.runners.ParentRunner.runChildren(ParentRunner.java:236)
	at org.junit.runners.ParentRunner.access$000(ParentRunner.java:53)
	at org.junit.runners.ParentRunner$2.evaluate(ParentRunner.java:229)
	at org.junit.runners.ParentRunner.run(ParentRunner.java:309)
	at org.apache.maven.surefire.junit4.JUnit4Provider.execute(JUnit4Provider.java:365)
	at org.apache.maven.surefire.junit4.JUnit4Provider.executeWithRerun(JUnit4Provider.java:273)
	at org.apache.maven.surefire.junit4.JUnit4Provider.executeTestSet(JUnit4Provider.java:238)
	at org.apache.maven.surefire.junit4.JUnit4Provider.invoke(JUnit4Provider.java:159)
	at org.apache.maven.surefire.booter.ForkedBooter.invokeProviderInSameClassLoader(ForkedBooter.java:384)
	at org.apache.maven.surefire.booter.ForkedBooter.runSuitesInProcess(ForkedBooter.java:345)
	at org.apache.maven.surefire.booter.ForkedBooter.execute(ForkedBooter.java:126)
	at org.apache.maven.surefire.booter.ForkedBooter.main(ForkedBooter.java:418)
2019-10-04 13:51:18,857 [Thread-1630] INFO  client.GrpcClientProtocolService (GrpcClientProtocolService.java:lambda$processClientRequest$0(278)) - Failed RaftClientRequest:client-4092BF8C4641->39fd4120-165e-45ec-b9c4-971d1f74e9b4@group-76A833EA3DB0, cid=64, seq=0, Watch-ALL_COMMITTED(55), Message:<EMPTY>, reply=RaftClientReply:client-4092BF8C4641->39fd4120-165e-45ec-b9c4-971d1f74e9b4@group-76A833EA3DB0, cid=64, FAILED org.apache.ratis.protocol.NotReplicatedException: Request with call Id 64 and log index 55 is not yet replicated to ALL_COMMITTED, logIndex=55, commits[39fd4120-165e-45ec-b9c4-971d1f74e9b4:c2, 80257ecc-928d-4209-b42a-e72edc2eb975:c2, ad718213-008c-41ec-8a72-c4d801cf9bd2:c2]
2019-10-04 13:51:20,172 [grpc-default-executor-0] WARN  server.GrpcLogAppender (LogUtils.java:warn(134)) - 39fd4120-165e-45ec-b9c4-971d1f74e9b4@group-76A833EA3DB0->80257ecc-928d-4209-b42a-e72edc2eb975-AppendLogResponseHandler: Failed appendEntries: org.apache.ratis.thirdparty.io.grpc.StatusRuntimeException: UNAVAILABLE: io exception
2019-10-04 13:51:20,172 [grpc-default-executor-6] WARN  server.GrpcLogAppender (LogUtils.java:warn(134)) - 39fd4120-165e-45ec-b9c4-971d1f74e9b4@group-76A833EA3DB0->ad718213-008c-41ec-8a72-c4d801cf9bd2-AppendLogResponseHandler: Failed appendEntries: org.apache.ratis.thirdparty.io.grpc.StatusRuntimeException: UNAVAILABLE: io exception
2019-10-04 13:51:20,172 [grpc-default-executor-0] INFO  impl.FollowerInfo (FollowerInfo.java:lambda$new$0(51)) - 39fd4120-165e-45ec-b9c4-971d1f74e9b4@group-76A833EA3DB0->80257ecc-928d-4209-b42a-e72edc2eb975: nextIndex: updateUnconditionally 0 -> 0
2019-10-04 13:51:20,172 [grpc-default-executor-6] INFO  impl.FollowerInfo (FollowerInfo.java:lambda$new$0(51)) - 39fd4120-165e-45ec-b9c4-971d1f74e9b4@group-76A833EA3DB0->ad718213-008c-41ec-8a72-c4d801cf9bd2: nextIndex: updateUnconditionally 0 -> 0
2019-10-04 13:51:22,674 [grpc-default-executor-6] WARN  server.GrpcLogAppender (LogUtils.java:warn(134)) - 39fd4120-165e-45ec-b9c4-971d1f74e9b4@group-76A833EA3DB0->ad718213-008c-41ec-8a72-c4d801cf9bd2-AppendLogResponseHandler: Failed appendEntries: org.apache.ratis.thirdparty.io.grpc.StatusRuntimeException: UNAVAILABLE: io exception
2019-10-04 13:51:22,674 [grpc-default-executor-2] WARN  server.GrpcLogAppender (LogUtils.java:warn(134)) - 39fd4120-165e-45ec-b9c4-971d1f74e9b4@group-76A833EA3DB0->80257ecc-928d-4209-b42a-e72edc2eb975-AppendLogResponseHandler: Failed appendEntries: org.apache.ratis.thirdparty.io.grpc.StatusRuntimeException: UNAVAILABLE: io exception
2019-10-04 13:51:22,675 [grpc-default-executor-6] INFO  impl.FollowerInfo (FollowerInfo.java:lambda$new$0(51)) - 39fd4120-165e-45ec-b9c4-971d1f74e9b4@group-76A833EA3DB0->ad718213-008c-41ec-8a72-c4d801cf9bd2: nextIndex: updateUnconditionally 0 -> 0
2019-10-04 13:51:22,675 [grpc-default-executor-2] INFO  impl.FollowerInfo (FollowerInfo.java:lambda$new$0(51)) - 39fd4120-165e-45ec-b9c4-971d1f74e9b4@group-76A833EA3DB0->80257ecc-928d-4209-b42a-e72edc2eb975: nextIndex: updateUnconditionally 0 -> 0
2019-10-04 13:51:25,178 [grpc-default-executor-0] WARN  server.GrpcLogAppender (LogUtils.java:warn(134)) - 39fd4120-165e-45ec-b9c4-971d1f74e9b4@group-76A833EA3DB0->80257ecc-928d-4209-b42a-e72edc2eb975-AppendLogResponseHandler: Failed appendEntries: org.apache.ratis.thirdparty.io.grpc.StatusRuntimeException: UNAVAILABLE: io exception
2019-10-04 13:51:25,178 [grpc-default-executor-2] WARN  server.GrpcLogAppender (LogUtils.java:warn(134)) - 39fd4120-165e-45ec-b9c4-971d1f74e9b4@group-76A833EA3DB0->ad718213-008c-41ec-8a72-c4d801cf9bd2-AppendLogResponseHandler: Failed appendEntries: org.apache.ratis.thirdparty.io.grpc.StatusRuntimeException: UNAVAILABLE: io exception
2019-10-04 13:51:25,179 [grpc-default-executor-2] INFO  impl.FollowerInfo (FollowerInfo.java:lambda$new$0(51)) - 39fd4120-165e-45ec-b9c4-971d1f74e9b4@group-76A833EA3DB0->ad718213-008c-41ec-8a72-c4d801cf9bd2: nextIndex: updateUnconditionally 0 -> 0
2019-10-04 13:51:25,179 [grpc-default-executor-0] INFO  impl.FollowerInfo (FollowerInfo.java:lambda$new$0(51)) - 39fd4120-165e-45ec-b9c4-971d1f74e9b4@group-76A833EA3DB0->80257ecc-928d-4209-b42a-e72edc2eb975: nextIndex: updateUnconditionally 0 -> 0
2019-10-04 13:51:27,676 [grpc-default-executor-5] WARN  server.GrpcLogAppender (LogUtils.java:warn(134)) - 39fd4120-165e-45ec-b9c4-971d1f74e9b4@group-76A833EA3DB0->ad718213-008c-41ec-8a72-c4d801cf9bd2-AppendLogResponseHandler: Failed appendEntries: org.apache.ratis.thirdparty.io.grpc.StatusRuntimeException: UNAVAILABLE: io exception
2019-10-04 13:51:27,676 [grpc-default-executor-0] WARN  server.GrpcLogAppender (LogUtils.java:warn(134)) - 39fd4120-165e-45ec-b9c4-971d1f74e9b4@group-76A833EA3DB0->80257ecc-928d-4209-b42a-e72edc2eb975-AppendLogResponseHandler: Failed appendEntries: org.apache.ratis.thirdparty.io.grpc.StatusRuntimeException: UNAVAILABLE: io exception
2019-10-04 13:51:27,677 [grpc-default-executor-5] INFO  impl.FollowerInfo (FollowerInfo.java:lambda$new$0(51)) - 39fd4120-165e-45ec-b9c4-971d1f74e9b4@group-76A833EA3DB0->ad718213-008c-41ec-8a72-c4d801cf9bd2: nextIndex: updateUnconditionally 0 -> 0
2019-10-04 13:51:27,677 [grpc-default-executor-0] INFO  impl.FollowerInfo (FollowerInfo.java:lambda$new$0(51)) - 39fd4120-165e-45ec-b9c4-971d1f74e9b4@group-76A833EA3DB0->80257ecc-928d-4209-b42a-e72edc2eb975: nextIndex: updateUnconditionally 0 -> 0
2019-10-04 13:51:28,858 [Thread-1645] INFO  client.GrpcClientProtocolService (GrpcClientProtocolService.java:lambda$processClientRequest$0(278)) - Failed RaftClientRequest:client-4092BF8C4641->39fd4120-165e-45ec-b9c4-971d1f74e9b4@group-76A833EA3DB0, cid=64, seq=0, Watch-ALL_COMMITTED(55), Message:<EMPTY>, reply=RaftClientReply:client-4092BF8C4641->39fd4120-165e-45ec-b9c4-971d1f74e9b4@group-76A833EA3DB0, cid=64, FAILED org.apache.ratis.protocol.NotReplicatedException: Request with call Id 64 and log index 55 is not yet replicated to ALL_COMMITTED, logIndex=55, commits[39fd4120-165e-45ec-b9c4-971d1f74e9b4:c2, 80257ecc-928d-4209-b42a-e72edc2eb975:c2, ad718213-008c-41ec-8a72-c4d801cf9bd2:c2]
2019-10-04 13:51:29,859 [Thread-1648] INFO  client.GrpcClientProtocolService (GrpcClientProtocolService.java:lambda$processClientRequest$0(278)) - Failed RaftClientRequest:client-4092BF8C4641->39fd4120-165e-45ec-b9c4-971d1f74e9b4@group-76A833EA3DB0, cid=65, seq=0, Watch-MAJORITY_COMMITTED(55), Message:<EMPTY>, reply=RaftClientReply:client-4092BF8C4641->39fd4120-165e-45ec-b9c4-971d1f74e9b4@group-76A833EA3DB0, cid=65, FAILED org.apache.ratis.protocol.NotReplicatedException: Request with call Id 65 and log index 55 is not yet replicated to MAJORITY_COMMITTED, logIndex=55, commits[39fd4120-165e-45ec-b9c4-971d1f74e9b4:c2, 80257ecc-928d-4209-b42a-e72edc2eb975:c2, ad718213-008c-41ec-8a72-c4d801cf9bd2:c2]
2019-10-04 13:51:30,179 [grpc-default-executor-6] WARN  server.GrpcLogAppender (LogUtils.java:warn(134)) - 39fd4120-165e-45ec-b9c4-971d1f74e9b4@group-76A833EA3DB0->80257ecc-928d-4209-b42a-e72edc2eb975-AppendLogResponseHandler: Failed appendEntries: org.apache.ratis.thirdparty.io.grpc.StatusRuntimeException: UNAVAILABLE: io exception
2019-10-04 13:51:30,179 [grpc-default-executor-0] WARN  server.GrpcLogAppender (LogUtils.java:warn(134)) - 39fd4120-165e-45ec-b9c4-971d1f74e9b4@group-76A833EA3DB0->ad718213-008c-41ec-8a72-c4d801cf9bd2-AppendLogResponseHandler: Failed appendEntries: org.apache.ratis.thirdparty.io.grpc.StatusRuntimeException: UNAVAILABLE: io exception
2019-10-04 13:51:30,180 [grpc-default-executor-6] INFO  impl.FollowerInfo (FollowerInfo.java:lambda$new$0(51)) - 39fd4120-165e-45ec-b9c4-971d1f74e9b4@group-76A833EA3DB0->80257ecc-928d-4209-b42a-e72edc2eb975: nextIndex: updateUnconditionally 0 -> 0
2019-10-04 13:51:30,180 [grpc-default-executor-0] INFO  impl.FollowerInfo (FollowerInfo.java:lambda$new$0(51)) - 39fd4120-165e-45ec-b9c4-971d1f74e9b4@group-76A833EA3DB0->ad718213-008c-41ec-8a72-c4d801cf9bd2: nextIndex: updateUnconditionally 0 -> 0
2019-10-04 13:51:32,682 [grpc-default-executor-0] WARN  server.GrpcLogAppender (LogUtils.java:warn(134)) - 39fd4120-165e-45ec-b9c4-971d1f74e9b4@group-76A833EA3DB0->ad718213-008c-41ec-8a72-c4d801cf9bd2-AppendLogResponseHandler: Failed appendEntries: org.apache.ratis.thirdparty.io.grpc.StatusRuntimeException: UNAVAILABLE: io exception
2019-10-04 13:51:32,682 [grpc-default-executor-6] WARN  server.GrpcLogAppender (LogUtils.java:warn(134)) - 39fd4120-165e-45ec-b9c4-971d1f74e9b4@group-76A833EA3DB0->80257ecc-928d-4209-b42a-e72edc2eb975-AppendLogResponseHandler: Failed appendEntries: org.apache.ratis.thirdparty.io.grpc.StatusRuntimeException: UNAVAILABLE: io exception
2019-10-04 13:51:32,683 [grpc-default-executor-0] INFO  impl.FollowerInfo (FollowerInfo.java:lambda$new$0(51)) - 39fd4120-165e-45ec-b9c4-971d1f74e9b4@group-76A833EA3DB0->ad718213-008c-41ec-8a72-c4d801cf9bd2: nextIndex: updateUnconditionally 0 -> 0
2019-10-04 13:51:32,683 [grpc-default-executor-6] INFO  impl.FollowerInfo (FollowerInfo.java:lambda$new$0(51)) - 39fd4120-165e-45ec-b9c4-971d1f74e9b4@group-76A833EA3DB0->80257ecc-928d-4209-b42a-e72edc2eb975: nextIndex: updateUnconditionally 0 -> 0
2019-10-04 13:51:35,180 [grpc-default-executor-2] WARN  server.GrpcLogAppender (LogUtils.java:warn(134)) - 39fd4120-165e-45ec-b9c4-971d1f74e9b4@group-76A833EA3DB0->80257ecc-928d-4209-b42a-e72edc2eb975-AppendLogResponseHandler: Failed appendEntries: org.apache.ratis.thirdparty.io.grpc.StatusRuntimeException: UNAVAILABLE: io exception
2019-10-04 13:51:35,180 [grpc-default-executor-1] WARN  server.GrpcLogAppender (LogUtils.java:warn(134)) - 39fd4120-165e-45ec-b9c4-971d1f74e9b4@group-76A833EA3DB0->ad718213-008c-41ec-8a72-c4d801cf9bd2-AppendLogResponseHandler: Failed appendEntries: org.apache.ratis.thirdparty.io.grpc.StatusRuntimeException: UNAVAILABLE: io exception
2019-10-04 13:51:35,180 [grpc-default-executor-2] INFO  impl.FollowerInfo (FollowerInfo.java:lambda$new$0(51)) - 39fd4120-165e-45ec-b9c4-971d1f74e9b4@group-76A833EA3DB0->80257ecc-928d-4209-b42a-e72edc2eb975: nextIndex: updateUnconditionally 0 -> 0
2019-10-04 13:51:35,181 [grpc-default-executor-1] INFO  impl.FollowerInfo (FollowerInfo.java:lambda$new$0(51)) - 39fd4120-165e-45ec-b9c4-971d1f74e9b4@group-76A833EA3DB0->ad718213-008c-41ec-8a72-c4d801cf9bd2: nextIndex: updateUnconditionally 0 -> 0
2019-10-04 13:51:37,681 [grpc-default-executor-2] WARN  server.GrpcLogAppender (LogUtils.java:warn(134)) - 39fd4120-165e-45ec-b9c4-971d1f74e9b4@group-76A833EA3DB0->ad718213-008c-41ec-8a72-c4d801cf9bd2-AppendLogResponseHandler: Failed appendEntries: org.apache.ratis.thirdparty.io.grpc.StatusRuntimeException: UNAVAILABLE: io exception
2019-10-04 13:51:37,681 [grpc-default-executor-6] WARN  server.GrpcLogAppender (LogUtils.java:warn(134)) - 39fd4120-165e-45ec-b9c4-971d1f74e9b4@group-76A833EA3DB0->80257ecc-928d-4209-b42a-e72edc2eb975-AppendLogResponseHandler: Failed appendEntries: org.apache.ratis.thirdparty.io.grpc.StatusRuntimeException: UNAVAILABLE: io exception
2019-10-04 13:51:37,681 [grpc-default-executor-2] INFO  impl.FollowerInfo (FollowerInfo.java:lambda$new$0(51)) - 39fd4120-165e-45ec-b9c4-971d1f74e9b4@group-76A833EA3DB0->ad718213-008c-41ec-8a72-c4d801cf9bd2: nextIndex: updateUnconditionally 0 -> 0
2019-10-04 13:51:37,681 [grpc-default-executor-6] INFO  impl.FollowerInfo (FollowerInfo.java:lambda$new$0(51)) - 39fd4120-165e-45ec-b9c4-971d1f74e9b4@group-76A833EA3DB0->80257ecc-928d-4209-b42a-e72edc2eb975: nextIndex: updateUnconditionally 0 -> 0
]]></system-out>
    <system-err><![CDATA[Oct 04, 2019 1:50:52 PM org.apache.ratis.thirdparty.io.grpc.internal.SerializingExecutor run
SEVERE: Exception while executing runnable org.apache.ratis.thirdparty.io.grpc.internal.ServerImpl$JumpToApplicationThreadServerStreamListener$1Closed@8957056
org.apache.ratis.thirdparty.io.grpc.StatusRuntimeException: CANCELLED: call already cancelled
	at org.apache.ratis.thirdparty.io.grpc.Status.asRuntimeException(Status.java:517)
	at org.apache.ratis.thirdparty.io.grpc.stub.ServerCalls$ServerCallStreamObserverImpl.onCompleted(ServerCalls.java:356)
	at org.apache.ratis.grpc.server.GrpcServerProtocolService$ServerRequestStreamObserver.onError(GrpcServerProtocolService.java:121)
	at org.apache.ratis.thirdparty.io.grpc.stub.ServerCalls$StreamingServerCallHandler$StreamingServerCallListener.onCancel(ServerCalls.java:269)
	at org.apache.ratis.thirdparty.io.grpc.internal.ServerCallImpl$ServerStreamListenerImpl.closed(ServerCallImpl.java:293)
	at org.apache.ratis.thirdparty.io.grpc.internal.ServerImpl$JumpToApplicationThreadServerStreamListener$1Closed.runInContext(ServerImpl.java:741)
	at org.apache.ratis.thirdparty.io.grpc.internal.ContextRunnable.run(ContextRunnable.java:37)
	at org.apache.ratis.thirdparty.io.grpc.internal.SerializingExecutor.run(SerializingExecutor.java:123)
	at java.util.concurrent.ThreadPoolExecutor.runWorker(ThreadPoolExecutor.java:1149)
	at java.util.concurrent.ThreadPoolExecutor$Worker.run(ThreadPoolExecutor.java:624)
	at java.lang.Thread.run(Thread.java:748)

Oct 04, 2019 1:50:57 PM org.apache.ratis.thirdparty.io.grpc.internal.SerializingExecutor run
SEVERE: Exception while executing runnable org.apache.ratis.thirdparty.io.grpc.internal.ServerImpl$JumpToApplicationThreadServerStreamListener$1Closed@3c538205
org.apache.ratis.thirdparty.io.grpc.StatusRuntimeException: CANCELLED: call already cancelled
	at org.apache.ratis.thirdparty.io.grpc.Status.asRuntimeException(Status.java:517)
	at org.apache.ratis.thirdparty.io.grpc.stub.ServerCalls$ServerCallStreamObserverImpl.onCompleted(ServerCalls.java:356)
	at org.apache.ratis.grpc.server.GrpcServerProtocolService$ServerRequestStreamObserver.onError(GrpcServerProtocolService.java:121)
	at org.apache.ratis.thirdparty.io.grpc.stub.ServerCalls$StreamingServerCallHandler$StreamingServerCallListener.onCancel(ServerCalls.java:269)
	at org.apache.ratis.thirdparty.io.grpc.internal.ServerCallImpl$ServerStreamListenerImpl.closed(ServerCallImpl.java:293)
	at org.apache.ratis.thirdparty.io.grpc.internal.ServerImpl$JumpToApplicationThreadServerStreamListener$1Closed.runInContext(ServerImpl.java:741)
	at org.apache.ratis.thirdparty.io.grpc.internal.ContextRunnable.run(ContextRunnable.java:37)
	at org.apache.ratis.thirdparty.io.grpc.internal.SerializingExecutor.run(SerializingExecutor.java:123)
	at java.util.concurrent.ThreadPoolExecutor.runWorker(ThreadPoolExecutor.java:1149)
	at java.util.concurrent.ThreadPoolExecutor$Worker.run(ThreadPoolExecutor.java:624)
	at java.lang.Thread.run(Thread.java:748)

]]></system-err>
  </testcase>
  <testcase name="testWatchForCommitForGroupMismatchException" classname="org.apache.hadoop.ozone.client.rpc.TestWatchForCommit" time="33.102"/>
  <testcase name="test2WayCommitForTimeoutException" classname="org.apache.hadoop.ozone.client.rpc.TestWatchForCommit" time="23.484">
    <error type="java.util.concurrent.TimeoutException">java.util.concurrent.TimeoutException
	at java.util.concurrent.CompletableFuture.timedGet(CompletableFuture.java:1771)
	at java.util.concurrent.CompletableFuture.get(CompletableFuture.java:1915)
	at org.apache.hadoop.hdds.scm.XceiverClientRatis.watchForCommit(XceiverClientRatis.java:298)
	at org.apache.hadoop.ozone.client.rpc.TestWatchForCommit.test2WayCommitForTimeoutException(TestWatchForCommit.java:391)
	at sun.reflect.NativeMethodAccessorImpl.invoke0(Native Method)
	at sun.reflect.NativeMethodAccessorImpl.invoke(NativeMethodAccessorImpl.java:62)
	at sun.reflect.DelegatingMethodAccessorImpl.invoke(DelegatingMethodAccessorImpl.java:43)
	at java.lang.reflect.Method.invoke(Method.java:498)
	at org.junit.runners.model.FrameworkMethod$1.runReflectiveCall(FrameworkMethod.java:47)
	at org.junit.internal.runners.model.ReflectiveCallable.run(ReflectiveCallable.java:12)
	at org.junit.runners.model.FrameworkMethod.invokeExplosively(FrameworkMethod.java:44)
	at org.junit.internal.runners.statements.InvokeMethod.evaluate(InvokeMethod.java:17)
	at org.junit.runners.ParentRunner.runLeaf(ParentRunner.java:271)
	at org.junit.runners.BlockJUnit4ClassRunner.runChild(BlockJUnit4ClassRunner.java:70)
	at org.junit.runners.BlockJUnit4ClassRunner.runChild(BlockJUnit4ClassRunner.java:50)
	at org.junit.runners.ParentRunner$3.run(ParentRunner.java:238)
	at org.junit.runners.ParentRunner$1.schedule(ParentRunner.java:63)
	at org.junit.runners.ParentRunner.runChildren(ParentRunner.java:236)
	at org.junit.runners.ParentRunner.access$000(ParentRunner.java:53)
	at org.junit.runners.ParentRunner$2.evaluate(ParentRunner.java:229)
	at org.junit.runners.ParentRunner.run(ParentRunner.java:309)
	at org.apache.maven.surefire.junit4.JUnit4Provider.execute(JUnit4Provider.java:365)
	at org.apache.maven.surefire.junit4.JUnit4Provider.executeWithRerun(JUnit4Provider.java:273)
	at org.apache.maven.surefire.junit4.JUnit4Provider.executeTestSet(JUnit4Provider.java:238)
	at org.apache.maven.surefire.junit4.JUnit4Provider.invoke(JUnit4Provider.java:159)
	at org.apache.maven.surefire.booter.ForkedBooter.invokeProviderInSameClassLoader(ForkedBooter.java:384)
	at org.apache.maven.surefire.booter.ForkedBooter.runSuitesInProcess(ForkedBooter.java:345)
	at org.apache.maven.surefire.booter.ForkedBooter.execute(ForkedBooter.java:126)
	at org.apache.maven.surefire.booter.ForkedBooter.main(ForkedBooter.java:418)
</error>
    <system-out><![CDATA[2019-10-04 13:52:11,066 [main] WARN  server.ServerUtils (ServerUtils.java:getScmDbDir(145)) - ozone.scm.db.dirs is not configured. We recommend adding this setting. Falling back to ozone.metadata.dirs instead.
2019-10-04 13:52:11,093 [main] WARN  server.ServerUtils (ServerUtils.java:getScmDbDir(145)) - ozone.scm.db.dirs is not configured. We recommend adding this setting. Falling back to ozone.metadata.dirs instead.
2019-10-04 13:52:11,093 [main] WARN  server.ServerUtils (ServerUtils.java:getScmDbDir(145)) - ozone.scm.db.dirs is not configured. We recommend adding this setting. Falling back to ozone.metadata.dirs instead.
2019-10-04 13:52:11,094 [main] INFO  db.DBStoreBuilder (DBStoreBuilder.java:addTable(117)) - using custom profile for table: deletedBlocks
2019-10-04 13:52:11,094 [main] INFO  db.DBStoreBuilder (DBStoreBuilder.java:processTables(168)) - Using default column profile:DBProfile.DISK for Table:deletedBlocks
2019-10-04 13:52:11,094 [main] INFO  db.DBStoreBuilder (DBStoreBuilder.java:addTable(117)) - using custom profile for table: validCerts
2019-10-04 13:52:11,094 [main] INFO  db.DBStoreBuilder (DBStoreBuilder.java:processTables(168)) - Using default column profile:DBProfile.DISK for Table:validCerts
2019-10-04 13:52:11,094 [main] INFO  db.DBStoreBuilder (DBStoreBuilder.java:addTable(117)) - using custom profile for table: revokedCerts
2019-10-04 13:52:11,095 [main] INFO  db.DBStoreBuilder (DBStoreBuilder.java:processTables(168)) - Using default column profile:DBProfile.DISK for Table:revokedCerts
2019-10-04 13:52:11,095 [main] INFO  db.DBStoreBuilder (DBStoreBuilder.java:addTable(117)) - using custom profile for table: default
2019-10-04 13:52:11,095 [main] INFO  db.DBStoreBuilder (DBStoreBuilder.java:processTables(174)) - Using default column profile:DBProfile.DISK for Table:default
2019-10-04 13:52:11,095 [main] INFO  db.DBStoreBuilder (DBStoreBuilder.java:getDbProfile(205)) - Using default options. DBProfile.DISK
2019-10-04 13:52:11,526 [main] INFO  net.NodeSchemaLoader (NodeSchemaLoader.java:loadSchemaFromFile(125)) - Loading file from sun.misc.CompoundEnumeration@646cd766
2019-10-04 13:52:11,526 [main] INFO  net.NodeSchemaLoader (NodeSchemaLoader.java:loadSchema(171)) - Loading network topology layer schema file
2019-10-04 13:52:11,531 [main] WARN  server.ServerUtils (ServerUtils.java:sanitizeUserArgs(70)) - ozone.scm.stale.node.interval value = 300000 is larger than max = 100000 based on the key value of ozone.scm.heartbeat.thread.interval, reset to the max value 100000.
2019-10-04 13:52:11,531 [main] WARN  server.ServerUtils (ServerUtils.java:sanitizeUserArgs(70)) - ozone.scm.stale.node.interval value = 300000 is larger than max = 100000 based on the key value of ozone.scm.heartbeat.thread.interval, reset to the max value 100000.
2019-10-04 13:52:11,531 [main] INFO  node.SCMNodeManager (SCMNodeManager.java:<init>(116)) - Entering startup safe mode.
2019-10-04 13:52:11,532 [main] INFO  algorithms.ContainerPlacementPolicyFactory (ContainerPlacementPolicyFactory.java:getPolicy(57)) - Create container placement policy of type org.apache.hadoop.hdds.scm.container.placement.algorithms.SCMContainerPlacementRandom
2019-10-04 13:52:11,532 [main] WARN  server.ServerUtils (ServerUtils.java:getScmDbDir(145)) - ozone.scm.db.dirs is not configured. We recommend adding this setting. Falling back to ozone.metadata.dirs instead.
2019-10-04 13:52:11,679 [main] INFO  pipeline.SCMPipelineManager (SCMPipelineManager.java:initializePipelineState(132)) - No pipeline exists in current db
2019-10-04 13:52:11,680 [main] WARN  server.ServerUtils (ServerUtils.java:getScmDbDir(145)) - ozone.scm.db.dirs is not configured. We recommend adding this setting. Falling back to ozone.metadata.dirs instead.
2019-10-04 13:52:11,758 [main] WARN  events.EventQueue (EventQueue.java:fireEvent(183)) - No event handler registered for event TypedEvent{payloadType=SafeModeStatus, name='SafeModeStatus'}
2019-10-04 13:52:11,759 [main] INFO  ipc.CallQueueManager (CallQueueManager.java:<init>(84)) - Using callQueue: class java.util.concurrent.LinkedBlockingQueue, queueCapacity: 2000, scheduler: class org.apache.hadoop.ipc.DefaultRpcScheduler, ipcBackoff: false.
2019-10-04 13:52:11,760 [Socket Reader #1 for port 37585] INFO  ipc.Server (Server.java:run(1074)) - Starting Socket Reader #1 for port 37585
2019-10-04 13:52:11,765 [main] INFO  ipc.CallQueueManager (CallQueueManager.java:<init>(84)) - Using callQueue: class java.util.concurrent.LinkedBlockingQueue, queueCapacity: 2000, scheduler: class org.apache.hadoop.ipc.DefaultRpcScheduler, ipcBackoff: false.
2019-10-04 13:52:11,766 [Socket Reader #1 for port 41558] INFO  ipc.Server (Server.java:run(1074)) - Starting Socket Reader #1 for port 41558
2019-10-04 13:52:11,770 [main] INFO  ipc.CallQueueManager (CallQueueManager.java:<init>(84)) - Using callQueue: class java.util.concurrent.LinkedBlockingQueue, queueCapacity: 2000, scheduler: class org.apache.hadoop.ipc.DefaultRpcScheduler, ipcBackoff: false.
2019-10-04 13:52:11,770 [Socket Reader #1 for port 43208] INFO  ipc.Server (Server.java:run(1074)) - Starting Socket Reader #1 for port 43208
2019-10-04 13:52:11,775 [main] INFO  hdfs.DFSUtil (DFSUtil.java:httpServerTemplateForNNAndJN(1641)) - Starting Web-server for scm at: http://0.0.0.0:0
2019-10-04 13:52:11,778 [main] INFO  server.AuthenticationFilter (AuthenticationFilter.java:constructSecretProvider(240)) - Unable to initialize FileSignerSecretProvider, falling back to use random secrets.
2019-10-04 13:52:11,778 [main] WARN  http.HttpRequestLog (HttpRequestLog.java:getRequestLog(97)) - Jetty request log can only be enabled using Log4j
2019-10-04 13:52:11,781 [main] INFO  http.HttpServer2 (HttpServer2.java:addGlobalFilter(975)) - Added global filter 'safety' (class=org.apache.hadoop.http.HttpServer2$QuotingInputFilter)
2019-10-04 13:52:11,782 [main] INFO  http.HttpServer2 (HttpServer2.java:addFilter(948)) - Added filter static_user_filter (class=org.apache.hadoop.http.lib.StaticUserWebFilter$StaticUserFilter) to context scm
2019-10-04 13:52:11,782 [main] INFO  http.HttpServer2 (HttpServer2.java:addFilter(958)) - Added filter static_user_filter (class=org.apache.hadoop.http.lib.StaticUserWebFilter$StaticUserFilter) to context logs
2019-10-04 13:52:11,782 [main] INFO  http.HttpServer2 (HttpServer2.java:addFilter(958)) - Added filter static_user_filter (class=org.apache.hadoop.http.lib.StaticUserWebFilter$StaticUserFilter) to context static
2019-10-04 13:52:11,785 [main] INFO  server.StorageContainerManager (StorageContainerManager.java:start(770)) - StorageContainerLocationProtocol RPC server is listening at /0.0.0.0:43208
2019-10-04 13:52:11,788 [main] WARN  impl.MetricsConfig (MetricsConfig.java:loadFirst(134)) - Cannot locate configuration: tried hadoop-metrics2-storagecontainermanager.properties,hadoop-metrics2.properties
2019-10-04 13:52:11,789 [main] INFO  impl.MetricsSystemImpl (MetricsSystemImpl.java:startTimer(374)) - Scheduled Metric snapshot period at 10 second(s).
2019-10-04 13:52:11,790 [main] INFO  impl.MetricsSystemImpl (MetricsSystemImpl.java:start(191)) - StorageContainerManager metrics system started
2019-10-04 13:52:11,946 [main] WARN  impl.MetricsSystemImpl (MetricsSystemImpl.java:register(276)) - Sink prometheus already exists!
2019-10-04 13:52:12,343 [main] INFO  server.SCMClientProtocolServer (SCMClientProtocolServer.java:start(159)) - RPC server for Client  is listening at /0.0.0.0:43208
2019-10-04 13:52:12,343 [IPC Server Responder] INFO  ipc.Server (Server.java:run(1314)) - IPC Server Responder: starting
2019-10-04 13:52:12,343 [IPC Server listener on 43208] INFO  ipc.Server (Server.java:run(1153)) - IPC Server listener on 43208: starting
2019-10-04 13:52:12,349 [main] INFO  server.StorageContainerManager (StorageContainerManager.java:start(780)) - ScmBlockLocationProtocol RPC server is listening at /0.0.0.0:41558
2019-10-04 13:52:12,350 [main] INFO  server.SCMBlockProtocolServer (SCMBlockProtocolServer.java:start(146)) - RPC server for Block Protocol is listening at /0.0.0.0:41558
2019-10-04 13:52:12,350 [IPC Server Responder] INFO  ipc.Server (Server.java:run(1314)) - IPC Server Responder: starting
2019-10-04 13:52:12,350 [IPC Server listener on 41558] INFO  ipc.Server (Server.java:run(1153)) - IPC Server listener on 41558: starting
2019-10-04 13:52:12,362 [main] INFO  server.StorageContainerManager (StorageContainerManager.java:start(784)) - ScmDatanodeProtocl RPC server is listening at /0.0.0.0:37585
2019-10-04 13:52:12,362 [main] INFO  server.SCMDatanodeProtocolServer (SCMDatanodeProtocolServer.java:start(169)) - RPC server for DataNodes is listening at /0.0.0.0:37585
2019-10-04 13:52:12,362 [IPC Server Responder] INFO  ipc.Server (Server.java:run(1314)) - IPC Server Responder: starting
2019-10-04 13:52:12,364 [IPC Server listener on 37585] INFO  ipc.Server (Server.java:run(1153)) - IPC Server listener on 37585: starting
2019-10-04 13:52:12,367 [main] INFO  http.HttpServer2 (HttpServer2.java:bindListener(1191)) - Jetty bound to port 38128
2019-10-04 13:52:12,367 [main] INFO  server.Server (Server.java:doStart(351)) - jetty-9.3.25.v20180904, build timestamp: 2018-09-04T21:11:46Z, git hash: 3ce520221d0240229c862b122d2b06c12a625732
2019-10-04 13:52:12,368 [main] INFO  handler.ContextHandler (ContextHandler.java:doStart(781)) - Started o.e.j.s.ServletContextHandler@b379bc6{/logs,file:///workdir/hadoop-ozone/integration-test/target/log,AVAILABLE}
2019-10-04 13:52:12,369 [main] INFO  handler.ContextHandler (ContextHandler.java:doStart(781)) - Started o.e.j.s.ServletContextHandler@18dcb8a7{/static,file:///workdir/hadoop-ozone/integration-test/target/test-classes/webapps/static,AVAILABLE}
2019-10-04 13:52:12,373 [main] INFO  handler.ContextHandler (ContextHandler.java:doStart(781)) - Started o.e.j.w.WebAppContext@f5bf288{/,file:///workdir/hadoop-ozone/integration-test/target/test-classes/webapps/scm/,AVAILABLE}{/scm}
2019-10-04 13:52:12,374 [main] INFO  server.AbstractConnector (AbstractConnector.java:doStart(278)) - Started ServerConnector@2c1d57bc{HTTP/1.1,[http/1.1]}{0.0.0.0:38128}
2019-10-04 13:52:12,375 [main] INFO  server.Server (Server.java:doStart(419)) - Started @206131ms
2019-10-04 13:52:12,375 [main] WARN  impl.MetricsSystemImpl (MetricsSystemImpl.java:register(276)) - Sink prometheus already exists!
2019-10-04 13:52:12,377 [main] INFO  server.BaseHttpServer (BaseHttpServer.java:updateConnectorAddress(215)) - HTTP server of SCM is listening at http://0.0.0.0:38128
2019-10-04 13:52:12,379 [main] WARN  server.ServerUtils (ServerUtils.java:getDBPath(222)) - ozone.om.db.dirs is not configured. We recommend adding this setting. Falling back to ozone.metadata.dirs instead.
2019-10-04 13:52:12,379 [org.apache.hadoop.util.JvmPauseMonitor$Monitor@3e856100] INFO  util.JvmPauseMonitor (JvmPauseMonitor.java:run(188)) - Starting JVM pause monitor
2019-10-04 13:52:12,401 [main] INFO  ha.OMHANodeDetails (OMHANodeDetails.java:loadOMHAConfig(190)) - Configuration either no ozone.om.address set. Falling back to the default OM address /127.0.0.1:0
2019-10-04 13:52:12,401 [main] INFO  ha.OMHANodeDetails (OMHANodeDetails.java:getOMNodeDetails(220)) - OM Service ID is not set. Setting it to the default ID: omServiceIdDefault
2019-10-04 13:52:12,401 [main] WARN  server.ServerUtils (ServerUtils.java:getDBPath(222)) - ozone.om.db.dirs is not configured. We recommend adding this setting. Falling back to ozone.metadata.dirs instead.
2019-10-04 13:52:12,402 [main] WARN  server.ServerUtils (ServerUtils.java:getDBPath(222)) - ozone.om.db.dirs is not configured. We recommend adding this setting. Falling back to ozone.metadata.dirs instead.
2019-10-04 13:52:12,409 [main] WARN  server.ServerUtils (ServerUtils.java:getDBPath(222)) - ozone.om.db.dirs is not configured. We recommend adding this setting. Falling back to ozone.metadata.dirs instead.
2019-10-04 13:52:12,410 [main] INFO  db.DBStoreBuilder (DBStoreBuilder.java:addTable(117)) - using custom profile for table: userTable
2019-10-04 13:52:12,410 [main] INFO  db.DBStoreBuilder (DBStoreBuilder.java:processTables(168)) - Using default column profile:DBProfile.DISK for Table:userTable
2019-10-04 13:52:12,410 [main] INFO  db.DBStoreBuilder (DBStoreBuilder.java:addTable(117)) - using custom profile for table: volumeTable
2019-10-04 13:52:12,410 [main] INFO  db.DBStoreBuilder (DBStoreBuilder.java:processTables(168)) - Using default column profile:DBProfile.DISK for Table:volumeTable
2019-10-04 13:52:12,410 [main] INFO  db.DBStoreBuilder (DBStoreBuilder.java:addTable(117)) - using custom profile for table: bucketTable
2019-10-04 13:52:12,411 [main] INFO  db.DBStoreBuilder (DBStoreBuilder.java:processTables(168)) - Using default column profile:DBProfile.DISK for Table:bucketTable
2019-10-04 13:52:12,411 [main] INFO  db.DBStoreBuilder (DBStoreBuilder.java:addTable(117)) - using custom profile for table: keyTable
2019-10-04 13:52:12,411 [main] INFO  db.DBStoreBuilder (DBStoreBuilder.java:processTables(168)) - Using default column profile:DBProfile.DISK for Table:keyTable
2019-10-04 13:52:12,411 [main] INFO  db.DBStoreBuilder (DBStoreBuilder.java:addTable(117)) - using custom profile for table: deletedTable
2019-10-04 13:52:12,411 [main] INFO  db.DBStoreBuilder (DBStoreBuilder.java:processTables(168)) - Using default column profile:DBProfile.DISK for Table:deletedTable
2019-10-04 13:52:12,412 [main] INFO  db.DBStoreBuilder (DBStoreBuilder.java:addTable(117)) - using custom profile for table: openKeyTable
2019-10-04 13:52:12,412 [main] INFO  db.DBStoreBuilder (DBStoreBuilder.java:processTables(168)) - Using default column profile:DBProfile.DISK for Table:openKeyTable
2019-10-04 13:52:12,412 [main] INFO  db.DBStoreBuilder (DBStoreBuilder.java:addTable(117)) - using custom profile for table: s3Table
2019-10-04 13:52:12,412 [main] INFO  db.DBStoreBuilder (DBStoreBuilder.java:processTables(168)) - Using default column profile:DBProfile.DISK for Table:s3Table
2019-10-04 13:52:12,412 [main] INFO  db.DBStoreBuilder (DBStoreBuilder.java:addTable(117)) - using custom profile for table: multipartInfoTable
2019-10-04 13:52:12,413 [main] INFO  db.DBStoreBuilder (DBStoreBuilder.java:processTables(168)) - Using default column profile:DBProfile.DISK for Table:multipartInfoTable
2019-10-04 13:52:12,413 [main] INFO  db.DBStoreBuilder (DBStoreBuilder.java:addTable(117)) - using custom profile for table: dTokenTable
2019-10-04 13:52:12,413 [main] INFO  db.DBStoreBuilder (DBStoreBuilder.java:processTables(168)) - Using default column profile:DBProfile.DISK for Table:dTokenTable
2019-10-04 13:52:12,413 [main] INFO  db.DBStoreBuilder (DBStoreBuilder.java:addTable(117)) - using custom profile for table: s3SecretTable
2019-10-04 13:52:12,413 [main] INFO  db.DBStoreBuilder (DBStoreBuilder.java:processTables(168)) - Using default column profile:DBProfile.DISK for Table:s3SecretTable
2019-10-04 13:52:12,414 [main] INFO  db.DBStoreBuilder (DBStoreBuilder.java:addTable(117)) - using custom profile for table: prefixTable
2019-10-04 13:52:12,414 [main] INFO  db.DBStoreBuilder (DBStoreBuilder.java:processTables(168)) - Using default column profile:DBProfile.DISK for Table:prefixTable
2019-10-04 13:52:12,414 [main] INFO  db.DBStoreBuilder (DBStoreBuilder.java:addTable(117)) - using custom profile for table: default
2019-10-04 13:52:12,414 [main] INFO  db.DBStoreBuilder (DBStoreBuilder.java:processTables(174)) - Using default column profile:DBProfile.DISK for Table:default
2019-10-04 13:52:12,415 [main] INFO  db.DBStoreBuilder (DBStoreBuilder.java:getDbProfile(205)) - Using default options. DBProfile.DISK
2019-10-04 13:52:12,700 [grpc-default-executor-1] WARN  server.GrpcLogAppender (LogUtils.java:warn(134)) - 39fd4120-165e-45ec-b9c4-971d1f74e9b4@group-76A833EA3DB0->80257ecc-928d-4209-b42a-e72edc2eb975-AppendLogResponseHandler: Failed appendEntries: org.apache.ratis.thirdparty.io.grpc.StatusRuntimeException: UNAVAILABLE: io exception
2019-10-04 13:52:12,700 [grpc-default-executor-6] WARN  server.GrpcLogAppender (LogUtils.java:warn(134)) - 39fd4120-165e-45ec-b9c4-971d1f74e9b4@group-76A833EA3DB0->ad718213-008c-41ec-8a72-c4d801cf9bd2-AppendLogResponseHandler: Failed appendEntries: org.apache.ratis.thirdparty.io.grpc.StatusRuntimeException: UNAVAILABLE: io exception
2019-10-04 13:52:12,700 [grpc-default-executor-1] INFO  impl.FollowerInfo (FollowerInfo.java:lambda$new$0(51)) - 39fd4120-165e-45ec-b9c4-971d1f74e9b4@group-76A833EA3DB0->80257ecc-928d-4209-b42a-e72edc2eb975: nextIndex: updateUnconditionally 0 -> 0
2019-10-04 13:52:12,700 [grpc-default-executor-6] INFO  impl.FollowerInfo (FollowerInfo.java:lambda$new$0(51)) - 39fd4120-165e-45ec-b9c4-971d1f74e9b4@group-76A833EA3DB0->ad718213-008c-41ec-8a72-c4d801cf9bd2: nextIndex: updateUnconditionally 0 -> 0
2019-10-04 13:52:13,075 [main] INFO  ipc.CallQueueManager (CallQueueManager.java:<init>(84)) - Using callQueue: class java.util.concurrent.LinkedBlockingQueue, queueCapacity: 2000, scheduler: class org.apache.hadoop.ipc.DefaultRpcScheduler, ipcBackoff: false.
2019-10-04 13:52:13,076 [Socket Reader #1 for port 38421] INFO  ipc.Server (Server.java:run(1074)) - Starting Socket Reader #1 for port 38421
2019-10-04 13:52:13,091 [main] INFO  om.OzoneManager (OzoneManager.java:start(1069)) - OzoneManager RPC server is listening at localhost/127.0.0.1:38421
2019-10-04 13:52:13,091 [main] INFO  impl.MetricsSystemImpl (MetricsSystemImpl.java:init(158)) - OzoneManager metrics system started (again)
2019-10-04 13:52:13,092 [IPC Server Responder] INFO  ipc.Server (Server.java:run(1314)) - IPC Server Responder: starting
2019-10-04 13:52:13,095 [IPC Server listener on 38421] INFO  ipc.Server (Server.java:run(1153)) - IPC Server listener on 38421: starting
2019-10-04 13:52:13,102 [main] INFO  hdfs.DFSUtil (DFSUtil.java:httpServerTemplateForNNAndJN(1641)) - Starting Web-server for ozoneManager at: http://0.0.0.0:0
2019-10-04 13:52:13,103 [main] INFO  server.AuthenticationFilter (AuthenticationFilter.java:constructSecretProvider(240)) - Unable to initialize FileSignerSecretProvider, falling back to use random secrets.
2019-10-04 13:52:13,104 [main] WARN  http.HttpRequestLog (HttpRequestLog.java:getRequestLog(97)) - Jetty request log can only be enabled using Log4j
2019-10-04 13:52:13,105 [main] INFO  http.HttpServer2 (HttpServer2.java:addGlobalFilter(975)) - Added global filter 'safety' (class=org.apache.hadoop.http.HttpServer2$QuotingInputFilter)
2019-10-04 13:52:13,106 [main] INFO  http.HttpServer2 (HttpServer2.java:addFilter(948)) - Added filter static_user_filter (class=org.apache.hadoop.http.lib.StaticUserWebFilter$StaticUserFilter) to context ozoneManager
2019-10-04 13:52:13,106 [main] INFO  http.HttpServer2 (HttpServer2.java:addFilter(958)) - Added filter static_user_filter (class=org.apache.hadoop.http.lib.StaticUserWebFilter$StaticUserFilter) to context logs
2019-10-04 13:52:13,107 [main] INFO  http.HttpServer2 (HttpServer2.java:addFilter(958)) - Added filter static_user_filter (class=org.apache.hadoop.http.lib.StaticUserWebFilter$StaticUserFilter) to context static
2019-10-04 13:52:13,107 [main] INFO  http.HttpServer2 (HttpServer2.java:bindListener(1191)) - Jetty bound to port 32848
2019-10-04 13:52:13,107 [main] INFO  server.Server (Server.java:doStart(351)) - jetty-9.3.25.v20180904, build timestamp: 2018-09-04T21:11:46Z, git hash: 3ce520221d0240229c862b122d2b06c12a625732
2019-10-04 13:52:13,109 [main] INFO  handler.ContextHandler (ContextHandler.java:doStart(781)) - Started o.e.j.s.ServletContextHandler@1ee5632d{/logs,file:///workdir/hadoop-ozone/integration-test/target/log,AVAILABLE}
2019-10-04 13:52:13,109 [main] INFO  handler.ContextHandler (ContextHandler.java:doStart(781)) - Started o.e.j.s.ServletContextHandler@563ccd31{/static,file:///workdir/hadoop-ozone/integration-test/target/test-classes/webapps/static,AVAILABLE}
2019-10-04 13:52:13,114 [main] INFO  handler.ContextHandler (ContextHandler.java:doStart(781)) - Started o.e.j.w.WebAppContext@1f916219{/,file:///workdir/hadoop-ozone/integration-test/target/test-classes/webapps/ozoneManager/,AVAILABLE}{/ozoneManager}
2019-10-04 13:52:13,115 [main] INFO  server.AbstractConnector (AbstractConnector.java:doStart(278)) - Started ServerConnector@67acfde9{HTTP/1.1,[http/1.1]}{0.0.0.0:32848}
2019-10-04 13:52:13,117 [main] INFO  server.Server (Server.java:doStart(419)) - Started @206873ms
2019-10-04 13:52:13,118 [main] WARN  impl.MetricsSystemImpl (MetricsSystemImpl.java:register(276)) - Sink prometheus already exists!
2019-10-04 13:52:13,118 [main] INFO  server.BaseHttpServer (BaseHttpServer.java:updateConnectorAddress(215)) - HTTP server of OZONEMANAGER is listening at http://0.0.0.0:32848
2019-10-04 13:52:13,131 [main] INFO  impl.MetricsSystemImpl (MetricsSystemImpl.java:init(158)) - HddsDatanode metrics system started (again)
2019-10-04 13:52:13,146 [main] INFO  ozone.HddsDatanodeService (HddsDatanodeService.java:start(184)) - HddsDatanodeService host:pr-hdds-2204-d78b8-1674338442 ip:192.168.5.142
2019-10-04 13:52:13,155 [main] INFO  volume.HddsVolume (HddsVolume.java:<init>(176)) - Creating Volume: /workdir/hadoop-ozone/integration-test/target/test-dir/MiniOzoneClusterImpl-586bcb63-682e-4ce1-8a8d-05f628e90452/datanode-0/data/containers/hdds of  storage type : DISK and capacity : 1482555576320
2019-10-04 13:52:13,155 [main] INFO  volume.VolumeSet (VolumeSet.java:initializeVolumeSet(170)) - Added Volume : /workdir/hadoop-ozone/integration-test/target/test-dir/MiniOzoneClusterImpl-586bcb63-682e-4ce1-8a8d-05f628e90452/datanode-0/data/containers/hdds to VolumeSet
2019-10-04 13:52:13,155 [main] INFO  volume.ThrottledAsyncChecker (ThrottledAsyncChecker.java:schedule(139)) - Scheduling a check for org.apache.hadoop.ozone.container.common.volume.HddsVolume@6544899b
2019-10-04 13:52:13,158 [main] INFO  volume.HddsVolumeChecker (HddsVolumeChecker.java:checkAllVolumes(202)) - Scheduled health check for volume org.apache.hadoop.ozone.container.common.volume.HddsVolume@6544899b
2019-10-04 13:52:13,169 [main] INFO  impl.RaftServerProxy (ConfUtils.java:logGet(43)) - raft.rpc.type = GRPC (default)
2019-10-04 13:52:13,169 [main] INFO  grpc.GrpcFactory (GrpcFactory.java:checkPooledByteBufAllocatorUseCacheForAllThreads(45)) - PERFORMANCE WARNING: useCacheForAllThreads is true that may cause Netty to create a lot garbage objects and, as a result, trigger GC.
	It is recommended to disable useCacheForAllThreads by setting -Dorg.apache.ratis.thirdparty.io.netty.allocator.useCacheForAllThreads=false in command line.
2019-10-04 13:52:13,169 [main] INFO  grpc.GrpcConfigKeys$Server (ConfUtils.java:logGet(43)) - raft.grpc.server.port = 0 (default)
2019-10-04 13:52:13,169 [main] INFO  server.GrpcService (ConfUtils.java:logGet(43)) - raft.grpc.message.size.max = 33570816 (custom)
2019-10-04 13:52:13,169 [main] INFO  server.RaftServerConfigKeys (ConfUtils.java:logGet(43)) - raft.server.log.appender.buffer.byte-limit = 33554432 (custom)
2019-10-04 13:52:13,170 [main] INFO  server.GrpcService (ConfUtils.java:logGet(43)) - raft.grpc.flow.control.window = 1MB (=1048576) (default)
2019-10-04 13:52:13,170 [main] INFO  server.RaftServerConfigKeys (ConfUtils.java:logGet(43)) - raft.server.rpc.request.timeout = 3000ms (default)
2019-10-04 13:52:13,170 [main] INFO  server.RaftServerConfigKeys (ConfUtils.java:logGet(43)) - raft.server.storage.dir = [/workdir/hadoop-ozone/integration-test/target/test-dir/MiniOzoneClusterImpl-586bcb63-682e-4ce1-8a8d-05f628e90452/datanode-0/data/ratis] (custom)
2019-10-04 13:52:13,171 [main] INFO  hdfs.DFSUtil (DFSUtil.java:httpServerTemplateForNNAndJN(1641)) - Starting Web-server for hddsDatanode at: http://0.0.0.0:0
2019-10-04 13:52:13,172 [main] INFO  server.AuthenticationFilter (AuthenticationFilter.java:constructSecretProvider(240)) - Unable to initialize FileSignerSecretProvider, falling back to use random secrets.
2019-10-04 13:52:13,173 [main] WARN  http.HttpRequestLog (HttpRequestLog.java:getRequestLog(97)) - Jetty request log can only be enabled using Log4j
2019-10-04 13:52:13,174 [main] INFO  http.HttpServer2 (HttpServer2.java:addGlobalFilter(975)) - Added global filter 'safety' (class=org.apache.hadoop.http.HttpServer2$QuotingInputFilter)
2019-10-04 13:52:13,174 [main] INFO  http.HttpServer2 (HttpServer2.java:addFilter(948)) - Added filter static_user_filter (class=org.apache.hadoop.http.lib.StaticUserWebFilter$StaticUserFilter) to context hddsDatanode
2019-10-04 13:52:13,174 [main] INFO  http.HttpServer2 (HttpServer2.java:addFilter(958)) - Added filter static_user_filter (class=org.apache.hadoop.http.lib.StaticUserWebFilter$StaticUserFilter) to context static
2019-10-04 13:52:13,174 [main] INFO  http.HttpServer2 (HttpServer2.java:addFilter(958)) - Added filter static_user_filter (class=org.apache.hadoop.http.lib.StaticUserWebFilter$StaticUserFilter) to context logs
2019-10-04 13:52:13,175 [main] INFO  http.HttpServer2 (HttpServer2.java:bindListener(1191)) - Jetty bound to port 46144
2019-10-04 13:52:13,175 [main] INFO  server.Server (Server.java:doStart(351)) - jetty-9.3.25.v20180904, build timestamp: 2018-09-04T21:11:46Z, git hash: 3ce520221d0240229c862b122d2b06c12a625732
2019-10-04 13:52:13,176 [main] INFO  handler.ContextHandler (ContextHandler.java:doStart(781)) - Started o.e.j.s.ServletContextHandler@5c3d4f05{/logs,file:///workdir/hadoop-ozone/integration-test/target/log,AVAILABLE}
2019-10-04 13:52:13,177 [main] INFO  handler.ContextHandler (ContextHandler.java:doStart(781)) - Started o.e.j.s.ServletContextHandler@640d604{/static,jar:file:/home/user/.m2/repository/org/apache/hadoop/hadoop-hdds-container-service/0.5.0-SNAPSHOT/hadoop-hdds-container-service-0.5.0-SNAPSHOT.jar!/webapps/static,AVAILABLE}
2019-10-04 13:52:13,202 [main] INFO  handler.ContextHandler (ContextHandler.java:doStart(781)) - Started o.e.j.w.WebAppContext@11f23038{/,file:///tmp/jetty-0.0.0.0-46144-hddsDatanode-_-any-2488353382295241640.dir/webapp/,AVAILABLE}{/hddsDatanode}
2019-10-04 13:52:13,203 [main] INFO  server.AbstractConnector (AbstractConnector.java:doStart(278)) - Started ServerConnector@de77146{HTTP/1.1,[http/1.1]}{0.0.0.0:46144}
2019-10-04 13:52:13,205 [main] INFO  server.Server (Server.java:doStart(419)) - Started @206961ms
2019-10-04 13:52:13,205 [main] WARN  impl.MetricsSystemImpl (MetricsSystemImpl.java:register(276)) - Sink prometheus already exists!
2019-10-04 13:52:13,206 [main] INFO  server.BaseHttpServer (BaseHttpServer.java:updateConnectorAddress(215)) - HTTP server of HDDSDATANODE is listening at http://0.0.0.0:46144
2019-10-04 13:52:13,206 [main] INFO  impl.MetricsSystemImpl (MetricsSystemImpl.java:init(158)) - HddsDatanode metrics system started (again)
2019-10-04 13:52:13,221 [org.apache.hadoop.util.JvmPauseMonitor$Monitor@41f35ca4] INFO  util.JvmPauseMonitor (JvmPauseMonitor.java:run(188)) - Starting JVM pause monitor
2019-10-04 13:52:13,222 [main] INFO  ozone.HddsDatanodeService (HddsDatanodeService.java:start(184)) - HddsDatanodeService host:pr-hdds-2204-d78b8-1674338442 ip:192.168.5.142
2019-10-04 13:52:13,222 [Datanode State Machine Thread - 0] INFO  datanode.InitDatanodeState (InitDatanodeState.java:persistContainerDatanodeDetails(140)) - DatanodeDetails is persisted to /workdir/hadoop-ozone/integration-test/target/test-dir/MiniOzoneClusterImpl-586bcb63-682e-4ce1-8a8d-05f628e90452/datanode-0/meta/datanode.id
2019-10-04 13:52:13,230 [main] INFO  volume.HddsVolume (HddsVolume.java:<init>(176)) - Creating Volume: /workdir/hadoop-ozone/integration-test/target/test-dir/MiniOzoneClusterImpl-586bcb63-682e-4ce1-8a8d-05f628e90452/datanode-1/data/containers/hdds of  storage type : DISK and capacity : 1482555576320
2019-10-04 13:52:13,230 [main] INFO  volume.VolumeSet (VolumeSet.java:initializeVolumeSet(170)) - Added Volume : /workdir/hadoop-ozone/integration-test/target/test-dir/MiniOzoneClusterImpl-586bcb63-682e-4ce1-8a8d-05f628e90452/datanode-1/data/containers/hdds to VolumeSet
2019-10-04 13:52:13,230 [main] INFO  volume.ThrottledAsyncChecker (ThrottledAsyncChecker.java:schedule(139)) - Scheduling a check for org.apache.hadoop.ozone.container.common.volume.HddsVolume@50ec4bfc
2019-10-04 13:52:13,231 [main] INFO  volume.HddsVolumeChecker (HddsVolumeChecker.java:checkAllVolumes(202)) - Scheduled health check for volume org.apache.hadoop.ozone.container.common.volume.HddsVolume@50ec4bfc
2019-10-04 13:52:13,244 [main] INFO  impl.RaftServerProxy (ConfUtils.java:logGet(43)) - raft.rpc.type = GRPC (default)
2019-10-04 13:52:13,244 [main] INFO  grpc.GrpcFactory (GrpcFactory.java:checkPooledByteBufAllocatorUseCacheForAllThreads(45)) - PERFORMANCE WARNING: useCacheForAllThreads is true that may cause Netty to create a lot garbage objects and, as a result, trigger GC.
	It is recommended to disable useCacheForAllThreads by setting -Dorg.apache.ratis.thirdparty.io.netty.allocator.useCacheForAllThreads=false in command line.
2019-10-04 13:52:13,244 [main] INFO  grpc.GrpcConfigKeys$Server (ConfUtils.java:logGet(43)) - raft.grpc.server.port = 0 (default)
2019-10-04 13:52:13,244 [main] INFO  server.GrpcService (ConfUtils.java:logGet(43)) - raft.grpc.message.size.max = 33570816 (custom)
2019-10-04 13:52:13,244 [main] INFO  server.RaftServerConfigKeys (ConfUtils.java:logGet(43)) - raft.server.log.appender.buffer.byte-limit = 33554432 (custom)
2019-10-04 13:52:13,245 [main] INFO  server.GrpcService (ConfUtils.java:logGet(43)) - raft.grpc.flow.control.window = 1MB (=1048576) (default)
2019-10-04 13:52:13,245 [main] INFO  server.RaftServerConfigKeys (ConfUtils.java:logGet(43)) - raft.server.rpc.request.timeout = 3000ms (default)
2019-10-04 13:52:13,245 [main] INFO  server.RaftServerConfigKeys (ConfUtils.java:logGet(43)) - raft.server.storage.dir = [/workdir/hadoop-ozone/integration-test/target/test-dir/MiniOzoneClusterImpl-586bcb63-682e-4ce1-8a8d-05f628e90452/datanode-1/data/ratis] (custom)
2019-10-04 13:52:13,246 [main] INFO  hdfs.DFSUtil (DFSUtil.java:httpServerTemplateForNNAndJN(1641)) - Starting Web-server for hddsDatanode at: http://0.0.0.0:0
2019-10-04 13:52:13,247 [main] INFO  server.AuthenticationFilter (AuthenticationFilter.java:constructSecretProvider(240)) - Unable to initialize FileSignerSecretProvider, falling back to use random secrets.
2019-10-04 13:52:13,247 [main] WARN  http.HttpRequestLog (HttpRequestLog.java:getRequestLog(97)) - Jetty request log can only be enabled using Log4j
2019-10-04 13:52:13,248 [main] INFO  http.HttpServer2 (HttpServer2.java:addGlobalFilter(975)) - Added global filter 'safety' (class=org.apache.hadoop.http.HttpServer2$QuotingInputFilter)
2019-10-04 13:52:13,249 [main] INFO  http.HttpServer2 (HttpServer2.java:addFilter(948)) - Added filter static_user_filter (class=org.apache.hadoop.http.lib.StaticUserWebFilter$StaticUserFilter) to context hddsDatanode
2019-10-04 13:52:13,249 [main] INFO  http.HttpServer2 (HttpServer2.java:addFilter(958)) - Added filter static_user_filter (class=org.apache.hadoop.http.lib.StaticUserWebFilter$StaticUserFilter) to context logs
2019-10-04 13:52:13,249 [main] INFO  http.HttpServer2 (HttpServer2.java:addFilter(958)) - Added filter static_user_filter (class=org.apache.hadoop.http.lib.StaticUserWebFilter$StaticUserFilter) to context static
2019-10-04 13:52:13,250 [main] INFO  http.HttpServer2 (HttpServer2.java:bindListener(1191)) - Jetty bound to port 35932
2019-10-04 13:52:13,250 [main] INFO  server.Server (Server.java:doStart(351)) - jetty-9.3.25.v20180904, build timestamp: 2018-09-04T21:11:46Z, git hash: 3ce520221d0240229c862b122d2b06c12a625732
2019-10-04 13:52:13,251 [main] INFO  handler.ContextHandler (ContextHandler.java:doStart(781)) - Started o.e.j.s.ServletContextHandler@45037e16{/logs,file:///workdir/hadoop-ozone/integration-test/target/log,AVAILABLE}
2019-10-04 13:52:13,252 [main] INFO  handler.ContextHandler (ContextHandler.java:doStart(781)) - Started o.e.j.s.ServletContextHandler@6222391a{/static,jar:file:/home/user/.m2/repository/org/apache/hadoop/hadoop-hdds-container-service/0.5.0-SNAPSHOT/hadoop-hdds-container-service-0.5.0-SNAPSHOT.jar!/webapps/static,AVAILABLE}
2019-10-04 13:52:13,282 [main] INFO  handler.ContextHandler (ContextHandler.java:doStart(781)) - Started o.e.j.w.WebAppContext@8641b7d{/,file:///tmp/jetty-0.0.0.0-35932-hddsDatanode-_-any-5277021547558337606.dir/webapp/,AVAILABLE}{/hddsDatanode}
2019-10-04 13:52:13,282 [main] INFO  server.AbstractConnector (AbstractConnector.java:doStart(278)) - Started ServerConnector@37c7766e{HTTP/1.1,[http/1.1]}{0.0.0.0:35932}
2019-10-04 13:52:13,285 [main] INFO  server.Server (Server.java:doStart(419)) - Started @207041ms
2019-10-04 13:52:13,285 [main] WARN  impl.MetricsSystemImpl (MetricsSystemImpl.java:register(276)) - Sink prometheus already exists!
2019-10-04 13:52:13,285 [main] INFO  server.BaseHttpServer (BaseHttpServer.java:updateConnectorAddress(215)) - HTTP server of HDDSDATANODE is listening at http://0.0.0.0:35932
2019-10-04 13:52:13,286 [main] INFO  impl.MetricsSystemImpl (MetricsSystemImpl.java:init(158)) - HddsDatanode metrics system started (again)
2019-10-04 13:52:13,303 [org.apache.hadoop.util.JvmPauseMonitor$Monitor@4313691a] INFO  util.JvmPauseMonitor (JvmPauseMonitor.java:run(188)) - Starting JVM pause monitor
2019-10-04 13:52:13,304 [main] INFO  ozone.HddsDatanodeService (HddsDatanodeService.java:start(184)) - HddsDatanodeService host:pr-hdds-2204-d78b8-1674338442 ip:192.168.5.142
2019-10-04 13:52:13,304 [Datanode State Machine Thread - 0] INFO  datanode.InitDatanodeState (InitDatanodeState.java:persistContainerDatanodeDetails(140)) - DatanodeDetails is persisted to /workdir/hadoop-ozone/integration-test/target/test-dir/MiniOzoneClusterImpl-586bcb63-682e-4ce1-8a8d-05f628e90452/datanode-1/meta/datanode.id
2019-10-04 13:52:13,312 [main] INFO  volume.HddsVolume (HddsVolume.java:<init>(176)) - Creating Volume: /workdir/hadoop-ozone/integration-test/target/test-dir/MiniOzoneClusterImpl-586bcb63-682e-4ce1-8a8d-05f628e90452/datanode-2/data/containers/hdds of  storage type : DISK and capacity : 1482555576320
2019-10-04 13:52:13,312 [main] INFO  volume.VolumeSet (VolumeSet.java:initializeVolumeSet(170)) - Added Volume : /workdir/hadoop-ozone/integration-test/target/test-dir/MiniOzoneClusterImpl-586bcb63-682e-4ce1-8a8d-05f628e90452/datanode-2/data/containers/hdds to VolumeSet
2019-10-04 13:52:13,312 [main] INFO  volume.ThrottledAsyncChecker (ThrottledAsyncChecker.java:schedule(139)) - Scheduling a check for org.apache.hadoop.ozone.container.common.volume.HddsVolume@3caee3a8
2019-10-04 13:52:13,313 [main] INFO  volume.HddsVolumeChecker (HddsVolumeChecker.java:checkAllVolumes(202)) - Scheduled health check for volume org.apache.hadoop.ozone.container.common.volume.HddsVolume@3caee3a8
2019-10-04 13:52:13,326 [main] INFO  impl.RaftServerProxy (ConfUtils.java:logGet(43)) - raft.rpc.type = GRPC (default)
2019-10-04 13:52:13,326 [main] INFO  grpc.GrpcFactory (GrpcFactory.java:checkPooledByteBufAllocatorUseCacheForAllThreads(45)) - PERFORMANCE WARNING: useCacheForAllThreads is true that may cause Netty to create a lot garbage objects and, as a result, trigger GC.
	It is recommended to disable useCacheForAllThreads by setting -Dorg.apache.ratis.thirdparty.io.netty.allocator.useCacheForAllThreads=false in command line.
2019-10-04 13:52:13,326 [main] INFO  grpc.GrpcConfigKeys$Server (ConfUtils.java:logGet(43)) - raft.grpc.server.port = 0 (default)
2019-10-04 13:52:13,327 [main] INFO  server.GrpcService (ConfUtils.java:logGet(43)) - raft.grpc.message.size.max = 33570816 (custom)
2019-10-04 13:52:13,327 [main] INFO  server.RaftServerConfigKeys (ConfUtils.java:logGet(43)) - raft.server.log.appender.buffer.byte-limit = 33554432 (custom)
2019-10-04 13:52:13,327 [main] INFO  server.GrpcService (ConfUtils.java:logGet(43)) - raft.grpc.flow.control.window = 1MB (=1048576) (default)
2019-10-04 13:52:13,327 [main] INFO  server.RaftServerConfigKeys (ConfUtils.java:logGet(43)) - raft.server.rpc.request.timeout = 3000ms (default)
2019-10-04 13:52:13,328 [main] INFO  server.RaftServerConfigKeys (ConfUtils.java:logGet(43)) - raft.server.storage.dir = [/workdir/hadoop-ozone/integration-test/target/test-dir/MiniOzoneClusterImpl-586bcb63-682e-4ce1-8a8d-05f628e90452/datanode-2/data/ratis] (custom)
2019-10-04 13:52:13,329 [main] INFO  hdfs.DFSUtil (DFSUtil.java:httpServerTemplateForNNAndJN(1641)) - Starting Web-server for hddsDatanode at: http://0.0.0.0:0
2019-10-04 13:52:13,330 [main] INFO  server.AuthenticationFilter (AuthenticationFilter.java:constructSecretProvider(240)) - Unable to initialize FileSignerSecretProvider, falling back to use random secrets.
2019-10-04 13:52:13,330 [main] WARN  http.HttpRequestLog (HttpRequestLog.java:getRequestLog(97)) - Jetty request log can only be enabled using Log4j
2019-10-04 13:52:13,332 [main] INFO  http.HttpServer2 (HttpServer2.java:addGlobalFilter(975)) - Added global filter 'safety' (class=org.apache.hadoop.http.HttpServer2$QuotingInputFilter)
2019-10-04 13:52:13,332 [main] INFO  http.HttpServer2 (HttpServer2.java:addFilter(948)) - Added filter static_user_filter (class=org.apache.hadoop.http.lib.StaticUserWebFilter$StaticUserFilter) to context hddsDatanode
2019-10-04 13:52:13,332 [main] INFO  http.HttpServer2 (HttpServer2.java:addFilter(958)) - Added filter static_user_filter (class=org.apache.hadoop.http.lib.StaticUserWebFilter$StaticUserFilter) to context static
2019-10-04 13:52:13,332 [main] INFO  http.HttpServer2 (HttpServer2.java:addFilter(958)) - Added filter static_user_filter (class=org.apache.hadoop.http.lib.StaticUserWebFilter$StaticUserFilter) to context logs
2019-10-04 13:52:13,333 [main] INFO  http.HttpServer2 (HttpServer2.java:bindListener(1191)) - Jetty bound to port 33751
2019-10-04 13:52:13,333 [main] INFO  server.Server (Server.java:doStart(351)) - jetty-9.3.25.v20180904, build timestamp: 2018-09-04T21:11:46Z, git hash: 3ce520221d0240229c862b122d2b06c12a625732
2019-10-04 13:52:13,335 [main] INFO  handler.ContextHandler (ContextHandler.java:doStart(781)) - Started o.e.j.s.ServletContextHandler@64f4f12{/logs,file:///workdir/hadoop-ozone/integration-test/target/log,AVAILABLE}
2019-10-04 13:52:13,335 [main] INFO  handler.ContextHandler (ContextHandler.java:doStart(781)) - Started o.e.j.s.ServletContextHandler@7d0cd23c{/static,jar:file:/home/user/.m2/repository/org/apache/hadoop/hadoop-hdds-container-service/0.5.0-SNAPSHOT/hadoop-hdds-container-service-0.5.0-SNAPSHOT.jar!/webapps/static,AVAILABLE}
2019-10-04 13:52:13,364 [main] INFO  handler.ContextHandler (ContextHandler.java:doStart(781)) - Started o.e.j.w.WebAppContext@6075b369{/,file:///tmp/jetty-0.0.0.0-33751-hddsDatanode-_-any-2024372544808855631.dir/webapp/,AVAILABLE}{/hddsDatanode}
2019-10-04 13:52:13,364 [main] INFO  server.AbstractConnector (AbstractConnector.java:doStart(278)) - Started ServerConnector@231cdda8{HTTP/1.1,[http/1.1]}{0.0.0.0:33751}
2019-10-04 13:52:13,367 [main] INFO  server.Server (Server.java:doStart(419)) - Started @207123ms
2019-10-04 13:52:13,367 [main] WARN  impl.MetricsSystemImpl (MetricsSystemImpl.java:register(276)) - Sink prometheus already exists!
2019-10-04 13:52:13,368 [main] INFO  server.BaseHttpServer (BaseHttpServer.java:updateConnectorAddress(215)) - HTTP server of HDDSDATANODE is listening at http://0.0.0.0:33751
2019-10-04 13:52:13,368 [main] INFO  impl.MetricsSystemImpl (MetricsSystemImpl.java:init(158)) - HddsDatanode metrics system started (again)
2019-10-04 13:52:13,386 [org.apache.hadoop.util.JvmPauseMonitor$Monitor@a2eb703] INFO  util.JvmPauseMonitor (JvmPauseMonitor.java:run(188)) - Starting JVM pause monitor
2019-10-04 13:52:13,387 [Datanode State Machine Thread - 0] INFO  datanode.InitDatanodeState (InitDatanodeState.java:persistContainerDatanodeDetails(140)) - DatanodeDetails is persisted to /workdir/hadoop-ozone/integration-test/target/test-dir/MiniOzoneClusterImpl-586bcb63-682e-4ce1-8a8d-05f628e90452/datanode-2/meta/datanode.id
2019-10-04 13:52:13,387 [main] INFO  ozone.HddsDatanodeService (HddsDatanodeService.java:start(184)) - HddsDatanodeService host:pr-hdds-2204-d78b8-1674338442 ip:192.168.5.142
2019-10-04 13:52:13,395 [main] INFO  volume.HddsVolume (HddsVolume.java:<init>(176)) - Creating Volume: /workdir/hadoop-ozone/integration-test/target/test-dir/MiniOzoneClusterImpl-586bcb63-682e-4ce1-8a8d-05f628e90452/datanode-3/data/containers/hdds of  storage type : DISK and capacity : 1482555576320
2019-10-04 13:52:13,395 [main] INFO  volume.VolumeSet (VolumeSet.java:initializeVolumeSet(170)) - Added Volume : /workdir/hadoop-ozone/integration-test/target/test-dir/MiniOzoneClusterImpl-586bcb63-682e-4ce1-8a8d-05f628e90452/datanode-3/data/containers/hdds to VolumeSet
2019-10-04 13:52:13,396 [main] INFO  volume.ThrottledAsyncChecker (ThrottledAsyncChecker.java:schedule(139)) - Scheduling a check for org.apache.hadoop.ozone.container.common.volume.HddsVolume@2bec068b
2019-10-04 13:52:13,396 [main] INFO  volume.HddsVolumeChecker (HddsVolumeChecker.java:checkAllVolumes(202)) - Scheduled health check for volume org.apache.hadoop.ozone.container.common.volume.HddsVolume@2bec068b
2019-10-04 13:52:13,409 [main] INFO  impl.RaftServerProxy (ConfUtils.java:logGet(43)) - raft.rpc.type = GRPC (default)
2019-10-04 13:52:13,409 [main] INFO  grpc.GrpcFactory (GrpcFactory.java:checkPooledByteBufAllocatorUseCacheForAllThreads(45)) - PERFORMANCE WARNING: useCacheForAllThreads is true that may cause Netty to create a lot garbage objects and, as a result, trigger GC.
	It is recommended to disable useCacheForAllThreads by setting -Dorg.apache.ratis.thirdparty.io.netty.allocator.useCacheForAllThreads=false in command line.
2019-10-04 13:52:13,410 [main] INFO  grpc.GrpcConfigKeys$Server (ConfUtils.java:logGet(43)) - raft.grpc.server.port = 0 (default)
2019-10-04 13:52:13,410 [main] INFO  server.GrpcService (ConfUtils.java:logGet(43)) - raft.grpc.message.size.max = 33570816 (custom)
2019-10-04 13:52:13,410 [main] INFO  server.RaftServerConfigKeys (ConfUtils.java:logGet(43)) - raft.server.log.appender.buffer.byte-limit = 33554432 (custom)
2019-10-04 13:52:13,410 [main] INFO  server.GrpcService (ConfUtils.java:logGet(43)) - raft.grpc.flow.control.window = 1MB (=1048576) (default)
2019-10-04 13:52:13,410 [main] INFO  server.RaftServerConfigKeys (ConfUtils.java:logGet(43)) - raft.server.rpc.request.timeout = 3000ms (default)
2019-10-04 13:52:13,411 [main] INFO  server.RaftServerConfigKeys (ConfUtils.java:logGet(43)) - raft.server.storage.dir = [/workdir/hadoop-ozone/integration-test/target/test-dir/MiniOzoneClusterImpl-586bcb63-682e-4ce1-8a8d-05f628e90452/datanode-3/data/ratis] (custom)
2019-10-04 13:52:13,412 [main] INFO  hdfs.DFSUtil (DFSUtil.java:httpServerTemplateForNNAndJN(1641)) - Starting Web-server for hddsDatanode at: http://0.0.0.0:0
2019-10-04 13:52:13,413 [main] INFO  server.AuthenticationFilter (AuthenticationFilter.java:constructSecretProvider(240)) - Unable to initialize FileSignerSecretProvider, falling back to use random secrets.
2019-10-04 13:52:13,414 [main] WARN  http.HttpRequestLog (HttpRequestLog.java:getRequestLog(97)) - Jetty request log can only be enabled using Log4j
2019-10-04 13:52:13,415 [main] INFO  http.HttpServer2 (HttpServer2.java:addGlobalFilter(975)) - Added global filter 'safety' (class=org.apache.hadoop.http.HttpServer2$QuotingInputFilter)
2019-10-04 13:52:13,416 [main] INFO  http.HttpServer2 (HttpServer2.java:addFilter(948)) - Added filter static_user_filter (class=org.apache.hadoop.http.lib.StaticUserWebFilter$StaticUserFilter) to context hddsDatanode
2019-10-04 13:52:13,416 [main] INFO  http.HttpServer2 (HttpServer2.java:addFilter(958)) - Added filter static_user_filter (class=org.apache.hadoop.http.lib.StaticUserWebFilter$StaticUserFilter) to context static
2019-10-04 13:52:13,416 [main] INFO  http.HttpServer2 (HttpServer2.java:addFilter(958)) - Added filter static_user_filter (class=org.apache.hadoop.http.lib.StaticUserWebFilter$StaticUserFilter) to context logs
2019-10-04 13:52:13,417 [main] INFO  http.HttpServer2 (HttpServer2.java:bindListener(1191)) - Jetty bound to port 36795
2019-10-04 13:52:13,417 [main] INFO  server.Server (Server.java:doStart(351)) - jetty-9.3.25.v20180904, build timestamp: 2018-09-04T21:11:46Z, git hash: 3ce520221d0240229c862b122d2b06c12a625732
2019-10-04 13:52:13,419 [main] INFO  handler.ContextHandler (ContextHandler.java:doStart(781)) - Started o.e.j.s.ServletContextHandler@6f50d55c{/logs,file:///workdir/hadoop-ozone/integration-test/target/log,AVAILABLE}
2019-10-04 13:52:13,419 [main] INFO  handler.ContextHandler (ContextHandler.java:doStart(781)) - Started o.e.j.s.ServletContextHandler@5fb3111a{/static,jar:file:/home/user/.m2/repository/org/apache/hadoop/hadoop-hdds-container-service/0.5.0-SNAPSHOT/hadoop-hdds-container-service-0.5.0-SNAPSHOT.jar!/webapps/static,AVAILABLE}
2019-10-04 13:52:13,455 [main] INFO  handler.ContextHandler (ContextHandler.java:doStart(781)) - Started o.e.j.w.WebAppContext@31ab1e67{/,file:///tmp/jetty-0.0.0.0-36795-hddsDatanode-_-any-7511500092121206395.dir/webapp/,AVAILABLE}{/hddsDatanode}
2019-10-04 13:52:13,456 [main] INFO  server.AbstractConnector (AbstractConnector.java:doStart(278)) - Started ServerConnector@29bbc391{HTTP/1.1,[http/1.1]}{0.0.0.0:36795}
2019-10-04 13:52:13,458 [main] INFO  server.Server (Server.java:doStart(419)) - Started @207214ms
2019-10-04 13:52:13,458 [main] WARN  impl.MetricsSystemImpl (MetricsSystemImpl.java:register(276)) - Sink prometheus already exists!
2019-10-04 13:52:13,459 [main] INFO  server.BaseHttpServer (BaseHttpServer.java:updateConnectorAddress(215)) - HTTP server of HDDSDATANODE is listening at http://0.0.0.0:36795
2019-10-04 13:52:13,459 [main] INFO  impl.MetricsSystemImpl (MetricsSystemImpl.java:init(158)) - HddsDatanode metrics system started (again)
2019-10-04 13:52:13,480 [org.apache.hadoop.util.JvmPauseMonitor$Monitor@7a02e0a8] INFO  util.JvmPauseMonitor (JvmPauseMonitor.java:run(188)) - Starting JVM pause monitor
2019-10-04 13:52:13,480 [Datanode State Machine Thread - 0] INFO  datanode.InitDatanodeState (InitDatanodeState.java:persistContainerDatanodeDetails(140)) - DatanodeDetails is persisted to /workdir/hadoop-ozone/integration-test/target/test-dir/MiniOzoneClusterImpl-586bcb63-682e-4ce1-8a8d-05f628e90452/datanode-3/meta/datanode.id
2019-10-04 13:52:13,482 [main] INFO  ozone.HddsDatanodeService (HddsDatanodeService.java:start(184)) - HddsDatanodeService host:pr-hdds-2204-d78b8-1674338442 ip:192.168.5.142
2019-10-04 13:52:13,491 [main] INFO  volume.HddsVolume (HddsVolume.java:<init>(176)) - Creating Volume: /workdir/hadoop-ozone/integration-test/target/test-dir/MiniOzoneClusterImpl-586bcb63-682e-4ce1-8a8d-05f628e90452/datanode-4/data/containers/hdds of  storage type : DISK and capacity : 1482555576320
2019-10-04 13:52:13,491 [main] INFO  volume.VolumeSet (VolumeSet.java:initializeVolumeSet(170)) - Added Volume : /workdir/hadoop-ozone/integration-test/target/test-dir/MiniOzoneClusterImpl-586bcb63-682e-4ce1-8a8d-05f628e90452/datanode-4/data/containers/hdds to VolumeSet
2019-10-04 13:52:13,492 [main] INFO  volume.ThrottledAsyncChecker (ThrottledAsyncChecker.java:schedule(139)) - Scheduling a check for org.apache.hadoop.ozone.container.common.volume.HddsVolume@75e80a97
2019-10-04 13:52:13,492 [main] INFO  volume.HddsVolumeChecker (HddsVolumeChecker.java:checkAllVolumes(202)) - Scheduled health check for volume org.apache.hadoop.ozone.container.common.volume.HddsVolume@75e80a97
2019-10-04 13:52:13,508 [main] INFO  impl.RaftServerProxy (ConfUtils.java:logGet(43)) - raft.rpc.type = GRPC (default)
2019-10-04 13:52:13,508 [main] INFO  grpc.GrpcFactory (GrpcFactory.java:checkPooledByteBufAllocatorUseCacheForAllThreads(45)) - PERFORMANCE WARNING: useCacheForAllThreads is true that may cause Netty to create a lot garbage objects and, as a result, trigger GC.
	It is recommended to disable useCacheForAllThreads by setting -Dorg.apache.ratis.thirdparty.io.netty.allocator.useCacheForAllThreads=false in command line.
2019-10-04 13:52:13,509 [main] INFO  grpc.GrpcConfigKeys$Server (ConfUtils.java:logGet(43)) - raft.grpc.server.port = 0 (default)
2019-10-04 13:52:13,509 [main] INFO  server.GrpcService (ConfUtils.java:logGet(43)) - raft.grpc.message.size.max = 33570816 (custom)
2019-10-04 13:52:13,509 [main] INFO  server.RaftServerConfigKeys (ConfUtils.java:logGet(43)) - raft.server.log.appender.buffer.byte-limit = 33554432 (custom)
2019-10-04 13:52:13,509 [main] INFO  server.GrpcService (ConfUtils.java:logGet(43)) - raft.grpc.flow.control.window = 1MB (=1048576) (default)
2019-10-04 13:52:13,510 [main] INFO  server.RaftServerConfigKeys (ConfUtils.java:logGet(43)) - raft.server.rpc.request.timeout = 3000ms (default)
2019-10-04 13:52:13,510 [main] INFO  server.RaftServerConfigKeys (ConfUtils.java:logGet(43)) - raft.server.storage.dir = [/workdir/hadoop-ozone/integration-test/target/test-dir/MiniOzoneClusterImpl-586bcb63-682e-4ce1-8a8d-05f628e90452/datanode-4/data/ratis] (custom)
2019-10-04 13:52:13,511 [main] INFO  hdfs.DFSUtil (DFSUtil.java:httpServerTemplateForNNAndJN(1641)) - Starting Web-server for hddsDatanode at: http://0.0.0.0:0
2019-10-04 13:52:13,513 [main] INFO  server.AuthenticationFilter (AuthenticationFilter.java:constructSecretProvider(240)) - Unable to initialize FileSignerSecretProvider, falling back to use random secrets.
2019-10-04 13:52:13,513 [main] WARN  http.HttpRequestLog (HttpRequestLog.java:getRequestLog(97)) - Jetty request log can only be enabled using Log4j
2019-10-04 13:52:13,515 [main] INFO  http.HttpServer2 (HttpServer2.java:addGlobalFilter(975)) - Added global filter 'safety' (class=org.apache.hadoop.http.HttpServer2$QuotingInputFilter)
2019-10-04 13:52:13,515 [main] INFO  http.HttpServer2 (HttpServer2.java:addFilter(948)) - Added filter static_user_filter (class=org.apache.hadoop.http.lib.StaticUserWebFilter$StaticUserFilter) to context hddsDatanode
2019-10-04 13:52:13,515 [main] INFO  http.HttpServer2 (HttpServer2.java:addFilter(958)) - Added filter static_user_filter (class=org.apache.hadoop.http.lib.StaticUserWebFilter$StaticUserFilter) to context static
2019-10-04 13:52:13,516 [main] INFO  http.HttpServer2 (HttpServer2.java:addFilter(958)) - Added filter static_user_filter (class=org.apache.hadoop.http.lib.StaticUserWebFilter$StaticUserFilter) to context logs
2019-10-04 13:52:13,516 [main] INFO  http.HttpServer2 (HttpServer2.java:bindListener(1191)) - Jetty bound to port 40448
2019-10-04 13:52:13,516 [main] INFO  server.Server (Server.java:doStart(351)) - jetty-9.3.25.v20180904, build timestamp: 2018-09-04T21:11:46Z, git hash: 3ce520221d0240229c862b122d2b06c12a625732
2019-10-04 13:52:13,518 [main] INFO  handler.ContextHandler (ContextHandler.java:doStart(781)) - Started o.e.j.s.ServletContextHandler@546ed2a0{/logs,file:///workdir/hadoop-ozone/integration-test/target/log,AVAILABLE}
2019-10-04 13:52:13,519 [main] INFO  handler.ContextHandler (ContextHandler.java:doStart(781)) - Started o.e.j.s.ServletContextHandler@27ec8754{/static,jar:file:/home/user/.m2/repository/org/apache/hadoop/hadoop-hdds-container-service/0.5.0-SNAPSHOT/hadoop-hdds-container-service-0.5.0-SNAPSHOT.jar!/webapps/static,AVAILABLE}
2019-10-04 13:52:13,547 [main] INFO  handler.ContextHandler (ContextHandler.java:doStart(781)) - Started o.e.j.w.WebAppContext@3a0b6a{/,file:///tmp/jetty-0.0.0.0-40448-hddsDatanode-_-any-5233211361974135810.dir/webapp/,AVAILABLE}{/hddsDatanode}
2019-10-04 13:52:13,548 [main] INFO  server.AbstractConnector (AbstractConnector.java:doStart(278)) - Started ServerConnector@539c4830{HTTP/1.1,[http/1.1]}{0.0.0.0:40448}
2019-10-04 13:52:13,550 [main] INFO  server.Server (Server.java:doStart(419)) - Started @207306ms
2019-10-04 13:52:13,550 [main] WARN  impl.MetricsSystemImpl (MetricsSystemImpl.java:register(276)) - Sink prometheus already exists!
2019-10-04 13:52:13,551 [main] INFO  server.BaseHttpServer (BaseHttpServer.java:updateConnectorAddress(215)) - HTTP server of HDDSDATANODE is listening at http://0.0.0.0:40448
2019-10-04 13:52:13,552 [main] INFO  impl.MetricsSystemImpl (MetricsSystemImpl.java:init(158)) - HddsDatanode metrics system started (again)
2019-10-04 13:52:13,572 [org.apache.hadoop.util.JvmPauseMonitor$Monitor@314896eb] INFO  util.JvmPauseMonitor (JvmPauseMonitor.java:run(188)) - Starting JVM pause monitor
2019-10-04 13:52:13,574 [main] INFO  ozone.HddsDatanodeService (HddsDatanodeService.java:start(184)) - HddsDatanodeService host:pr-hdds-2204-d78b8-1674338442 ip:192.168.5.142
2019-10-04 13:52:13,574 [Datanode State Machine Thread - 0] INFO  datanode.InitDatanodeState (InitDatanodeState.java:persistContainerDatanodeDetails(140)) - DatanodeDetails is persisted to /workdir/hadoop-ozone/integration-test/target/test-dir/MiniOzoneClusterImpl-586bcb63-682e-4ce1-8a8d-05f628e90452/datanode-4/meta/datanode.id
2019-10-04 13:52:13,582 [main] INFO  volume.HddsVolume (HddsVolume.java:<init>(176)) - Creating Volume: /workdir/hadoop-ozone/integration-test/target/test-dir/MiniOzoneClusterImpl-586bcb63-682e-4ce1-8a8d-05f628e90452/datanode-5/data/containers/hdds of  storage type : DISK and capacity : 1482555576320
2019-10-04 13:52:13,583 [main] INFO  volume.VolumeSet (VolumeSet.java:initializeVolumeSet(170)) - Added Volume : /workdir/hadoop-ozone/integration-test/target/test-dir/MiniOzoneClusterImpl-586bcb63-682e-4ce1-8a8d-05f628e90452/datanode-5/data/containers/hdds to VolumeSet
2019-10-04 13:52:13,583 [main] INFO  volume.ThrottledAsyncChecker (ThrottledAsyncChecker.java:schedule(139)) - Scheduling a check for org.apache.hadoop.ozone.container.common.volume.HddsVolume@72a8361b
2019-10-04 13:52:13,583 [main] INFO  volume.HddsVolumeChecker (HddsVolumeChecker.java:checkAllVolumes(202)) - Scheduled health check for volume org.apache.hadoop.ozone.container.common.volume.HddsVolume@72a8361b
2019-10-04 13:52:13,598 [main] INFO  impl.RaftServerProxy (ConfUtils.java:logGet(43)) - raft.rpc.type = GRPC (default)
2019-10-04 13:52:13,599 [main] INFO  grpc.GrpcFactory (GrpcFactory.java:checkPooledByteBufAllocatorUseCacheForAllThreads(45)) - PERFORMANCE WARNING: useCacheForAllThreads is true that may cause Netty to create a lot garbage objects and, as a result, trigger GC.
	It is recommended to disable useCacheForAllThreads by setting -Dorg.apache.ratis.thirdparty.io.netty.allocator.useCacheForAllThreads=false in command line.
2019-10-04 13:52:13,599 [main] INFO  grpc.GrpcConfigKeys$Server (ConfUtils.java:logGet(43)) - raft.grpc.server.port = 0 (default)
2019-10-04 13:52:13,599 [main] INFO  server.GrpcService (ConfUtils.java:logGet(43)) - raft.grpc.message.size.max = 33570816 (custom)
2019-10-04 13:52:13,599 [main] INFO  server.RaftServerConfigKeys (ConfUtils.java:logGet(43)) - raft.server.log.appender.buffer.byte-limit = 33554432 (custom)
2019-10-04 13:52:13,599 [main] INFO  server.GrpcService (ConfUtils.java:logGet(43)) - raft.grpc.flow.control.window = 1MB (=1048576) (default)
2019-10-04 13:52:13,600 [main] INFO  server.RaftServerConfigKeys (ConfUtils.java:logGet(43)) - raft.server.rpc.request.timeout = 3000ms (default)
2019-10-04 13:52:13,600 [main] INFO  server.RaftServerConfigKeys (ConfUtils.java:logGet(43)) - raft.server.storage.dir = [/workdir/hadoop-ozone/integration-test/target/test-dir/MiniOzoneClusterImpl-586bcb63-682e-4ce1-8a8d-05f628e90452/datanode-5/data/ratis] (custom)
2019-10-04 13:52:13,601 [main] INFO  hdfs.DFSUtil (DFSUtil.java:httpServerTemplateForNNAndJN(1641)) - Starting Web-server for hddsDatanode at: http://0.0.0.0:0
2019-10-04 13:52:13,603 [main] INFO  server.AuthenticationFilter (AuthenticationFilter.java:constructSecretProvider(240)) - Unable to initialize FileSignerSecretProvider, falling back to use random secrets.
2019-10-04 13:52:13,603 [main] WARN  http.HttpRequestLog (HttpRequestLog.java:getRequestLog(97)) - Jetty request log can only be enabled using Log4j
2019-10-04 13:52:13,605 [main] INFO  http.HttpServer2 (HttpServer2.java:addGlobalFilter(975)) - Added global filter 'safety' (class=org.apache.hadoop.http.HttpServer2$QuotingInputFilter)
2019-10-04 13:52:13,605 [main] INFO  http.HttpServer2 (HttpServer2.java:addFilter(948)) - Added filter static_user_filter (class=org.apache.hadoop.http.lib.StaticUserWebFilter$StaticUserFilter) to context hddsDatanode
2019-10-04 13:52:13,605 [main] INFO  http.HttpServer2 (HttpServer2.java:addFilter(958)) - Added filter static_user_filter (class=org.apache.hadoop.http.lib.StaticUserWebFilter$StaticUserFilter) to context logs
2019-10-04 13:52:13,606 [main] INFO  http.HttpServer2 (HttpServer2.java:addFilter(958)) - Added filter static_user_filter (class=org.apache.hadoop.http.lib.StaticUserWebFilter$StaticUserFilter) to context static
2019-10-04 13:52:13,606 [main] INFO  http.HttpServer2 (HttpServer2.java:bindListener(1191)) - Jetty bound to port 33314
2019-10-04 13:52:13,607 [main] INFO  server.Server (Server.java:doStart(351)) - jetty-9.3.25.v20180904, build timestamp: 2018-09-04T21:11:46Z, git hash: 3ce520221d0240229c862b122d2b06c12a625732
2019-10-04 13:52:13,608 [main] INFO  handler.ContextHandler (ContextHandler.java:doStart(781)) - Started o.e.j.s.ServletContextHandler@234cd86c{/logs,file:///workdir/hadoop-ozone/integration-test/target/log,AVAILABLE}
2019-10-04 13:52:13,609 [main] INFO  handler.ContextHandler (ContextHandler.java:doStart(781)) - Started o.e.j.s.ServletContextHandler@39c87b42{/static,jar:file:/home/user/.m2/repository/org/apache/hadoop/hadoop-hdds-container-service/0.5.0-SNAPSHOT/hadoop-hdds-container-service-0.5.0-SNAPSHOT.jar!/webapps/static,AVAILABLE}
2019-10-04 13:52:13,643 [main] INFO  handler.ContextHandler (ContextHandler.java:doStart(781)) - Started o.e.j.w.WebAppContext@29c53c4f{/,file:///tmp/jetty-0.0.0.0-33314-hddsDatanode-_-any-8503949100605551137.dir/webapp/,AVAILABLE}{/hddsDatanode}
2019-10-04 13:52:13,643 [main] INFO  server.AbstractConnector (AbstractConnector.java:doStart(278)) - Started ServerConnector@3009eed7{HTTP/1.1,[http/1.1]}{0.0.0.0:33314}
2019-10-04 13:52:13,646 [main] INFO  server.Server (Server.java:doStart(419)) - Started @207402ms
2019-10-04 13:52:13,646 [main] WARN  impl.MetricsSystemImpl (MetricsSystemImpl.java:register(276)) - Sink prometheus already exists!
2019-10-04 13:52:13,647 [main] INFO  server.BaseHttpServer (BaseHttpServer.java:updateConnectorAddress(215)) - HTTP server of HDDSDATANODE is listening at http://0.0.0.0:33314
2019-10-04 13:52:13,647 [main] INFO  impl.MetricsSystemImpl (MetricsSystemImpl.java:init(158)) - HddsDatanode metrics system started (again)
2019-10-04 13:52:13,667 [org.apache.hadoop.util.JvmPauseMonitor$Monitor@6552a118] INFO  util.JvmPauseMonitor (JvmPauseMonitor.java:run(188)) - Starting JVM pause monitor
2019-10-04 13:52:13,668 [Datanode State Machine Thread - 0] INFO  datanode.InitDatanodeState (InitDatanodeState.java:persistContainerDatanodeDetails(140)) - DatanodeDetails is persisted to /workdir/hadoop-ozone/integration-test/target/test-dir/MiniOzoneClusterImpl-586bcb63-682e-4ce1-8a8d-05f628e90452/datanode-5/meta/datanode.id
2019-10-04 13:52:13,669 [main] INFO  ozone.HddsDatanodeService (HddsDatanodeService.java:start(184)) - HddsDatanodeService host:pr-hdds-2204-d78b8-1674338442 ip:192.168.5.142
2019-10-04 13:52:13,678 [main] INFO  volume.HddsVolume (HddsVolume.java:<init>(176)) - Creating Volume: /workdir/hadoop-ozone/integration-test/target/test-dir/MiniOzoneClusterImpl-586bcb63-682e-4ce1-8a8d-05f628e90452/datanode-6/data/containers/hdds of  storage type : DISK and capacity : 1482555576320
2019-10-04 13:52:13,678 [main] INFO  volume.VolumeSet (VolumeSet.java:initializeVolumeSet(170)) - Added Volume : /workdir/hadoop-ozone/integration-test/target/test-dir/MiniOzoneClusterImpl-586bcb63-682e-4ce1-8a8d-05f628e90452/datanode-6/data/containers/hdds to VolumeSet
2019-10-04 13:52:13,679 [main] INFO  volume.ThrottledAsyncChecker (ThrottledAsyncChecker.java:schedule(139)) - Scheduling a check for org.apache.hadoop.ozone.container.common.volume.HddsVolume@14d8e132
2019-10-04 13:52:13,679 [main] INFO  volume.HddsVolumeChecker (HddsVolumeChecker.java:checkAllVolumes(202)) - Scheduled health check for volume org.apache.hadoop.ozone.container.common.volume.HddsVolume@14d8e132
2019-10-04 13:52:13,692 [main] INFO  impl.RaftServerProxy (ConfUtils.java:logGet(43)) - raft.rpc.type = GRPC (default)
2019-10-04 13:52:13,692 [main] INFO  grpc.GrpcFactory (GrpcFactory.java:checkPooledByteBufAllocatorUseCacheForAllThreads(45)) - PERFORMANCE WARNING: useCacheForAllThreads is true that may cause Netty to create a lot garbage objects and, as a result, trigger GC.
	It is recommended to disable useCacheForAllThreads by setting -Dorg.apache.ratis.thirdparty.io.netty.allocator.useCacheForAllThreads=false in command line.
2019-10-04 13:52:13,692 [main] INFO  grpc.GrpcConfigKeys$Server (ConfUtils.java:logGet(43)) - raft.grpc.server.port = 0 (default)
2019-10-04 13:52:13,693 [main] INFO  server.GrpcService (ConfUtils.java:logGet(43)) - raft.grpc.message.size.max = 33570816 (custom)
2019-10-04 13:52:13,693 [main] INFO  server.RaftServerConfigKeys (ConfUtils.java:logGet(43)) - raft.server.log.appender.buffer.byte-limit = 33554432 (custom)
2019-10-04 13:52:13,693 [main] INFO  server.GrpcService (ConfUtils.java:logGet(43)) - raft.grpc.flow.control.window = 1MB (=1048576) (default)
2019-10-04 13:52:13,693 [main] INFO  server.RaftServerConfigKeys (ConfUtils.java:logGet(43)) - raft.server.rpc.request.timeout = 3000ms (default)
2019-10-04 13:52:13,693 [main] INFO  server.RaftServerConfigKeys (ConfUtils.java:logGet(43)) - raft.server.storage.dir = [/workdir/hadoop-ozone/integration-test/target/test-dir/MiniOzoneClusterImpl-586bcb63-682e-4ce1-8a8d-05f628e90452/datanode-6/data/ratis] (custom)
2019-10-04 13:52:13,694 [main] INFO  hdfs.DFSUtil (DFSUtil.java:httpServerTemplateForNNAndJN(1641)) - Starting Web-server for hddsDatanode at: http://0.0.0.0:0
2019-10-04 13:52:13,696 [main] INFO  server.AuthenticationFilter (AuthenticationFilter.java:constructSecretProvider(240)) - Unable to initialize FileSignerSecretProvider, falling back to use random secrets.
2019-10-04 13:52:13,696 [main] WARN  http.HttpRequestLog (HttpRequestLog.java:getRequestLog(97)) - Jetty request log can only be enabled using Log4j
2019-10-04 13:52:13,698 [main] INFO  http.HttpServer2 (HttpServer2.java:addGlobalFilter(975)) - Added global filter 'safety' (class=org.apache.hadoop.http.HttpServer2$QuotingInputFilter)
2019-10-04 13:52:13,698 [main] INFO  http.HttpServer2 (HttpServer2.java:addFilter(948)) - Added filter static_user_filter (class=org.apache.hadoop.http.lib.StaticUserWebFilter$StaticUserFilter) to context hddsDatanode
2019-10-04 13:52:13,699 [main] INFO  http.HttpServer2 (HttpServer2.java:addFilter(958)) - Added filter static_user_filter (class=org.apache.hadoop.http.lib.StaticUserWebFilter$StaticUserFilter) to context logs
2019-10-04 13:52:13,699 [main] INFO  http.HttpServer2 (HttpServer2.java:addFilter(958)) - Added filter static_user_filter (class=org.apache.hadoop.http.lib.StaticUserWebFilter$StaticUserFilter) to context static
2019-10-04 13:52:13,699 [main] INFO  http.HttpServer2 (HttpServer2.java:bindListener(1191)) - Jetty bound to port 40238
2019-10-04 13:52:13,700 [main] INFO  server.Server (Server.java:doStart(351)) - jetty-9.3.25.v20180904, build timestamp: 2018-09-04T21:11:46Z, git hash: 3ce520221d0240229c862b122d2b06c12a625732
2019-10-04 13:52:13,701 [main] INFO  handler.ContextHandler (ContextHandler.java:doStart(781)) - Started o.e.j.s.ServletContextHandler@cbf1997{/logs,file:///workdir/hadoop-ozone/integration-test/target/log,AVAILABLE}
2019-10-04 13:52:13,701 [main] INFO  handler.ContextHandler (ContextHandler.java:doStart(781)) - Started o.e.j.s.ServletContextHandler@5faeeb56{/static,jar:file:/home/user/.m2/repository/org/apache/hadoop/hadoop-hdds-container-service/0.5.0-SNAPSHOT/hadoop-hdds-container-service-0.5.0-SNAPSHOT.jar!/webapps/static,AVAILABLE}
2019-10-04 13:52:13,737 [main] INFO  handler.ContextHandler (ContextHandler.java:doStart(781)) - Started o.e.j.w.WebAppContext@50e5032c{/,file:///tmp/jetty-0.0.0.0-40238-hddsDatanode-_-any-423523062418371062.dir/webapp/,AVAILABLE}{/hddsDatanode}
2019-10-04 13:52:13,737 [main] INFO  server.AbstractConnector (AbstractConnector.java:doStart(278)) - Started ServerConnector@545d2560{HTTP/1.1,[http/1.1]}{0.0.0.0:40238}
2019-10-04 13:52:13,740 [main] INFO  server.Server (Server.java:doStart(419)) - Started @207496ms
2019-10-04 13:52:13,740 [main] WARN  impl.MetricsSystemImpl (MetricsSystemImpl.java:register(276)) - Sink prometheus already exists!
2019-10-04 13:52:13,741 [main] INFO  server.BaseHttpServer (BaseHttpServer.java:updateConnectorAddress(215)) - HTTP server of HDDSDATANODE is listening at http://0.0.0.0:40238
2019-10-04 13:52:13,741 [main] INFO  ozone.MiniOzoneClusterImpl (MiniOzoneClusterImpl.java:lambda$waitForClusterToBeReady$0(147)) - Waiting for cluster to be ready. Got 0 of 7 DN Heartbeats.
2019-10-04 13:52:13,742 [org.apache.hadoop.util.JvmPauseMonitor$Monitor@58a6705] INFO  util.JvmPauseMonitor (JvmPauseMonitor.java:run(188)) - Starting JVM pause monitor
2019-10-04 13:52:13,743 [Datanode State Machine Thread - 0] INFO  datanode.InitDatanodeState (InitDatanodeState.java:persistContainerDatanodeDetails(140)) - DatanodeDetails is persisted to /workdir/hadoop-ozone/integration-test/target/test-dir/MiniOzoneClusterImpl-586bcb63-682e-4ce1-8a8d-05f628e90452/datanode-6/meta/datanode.id
2019-10-04 13:52:14,741 [main] INFO  ozone.MiniOzoneClusterImpl (MiniOzoneClusterImpl.java:lambda$waitForClusterToBeReady$0(147)) - Waiting for cluster to be ready. Got 0 of 7 DN Heartbeats.
2019-10-04 13:52:15,200 [grpc-default-executor-2] WARN  server.GrpcLogAppender (LogUtils.java:warn(134)) - 39fd4120-165e-45ec-b9c4-971d1f74e9b4@group-76A833EA3DB0->80257ecc-928d-4209-b42a-e72edc2eb975-AppendLogResponseHandler: Failed appendEntries: org.apache.ratis.thirdparty.io.grpc.StatusRuntimeException: UNAVAILABLE: io exception
2019-10-04 13:52:15,200 [grpc-default-executor-0] WARN  server.GrpcLogAppender (LogUtils.java:warn(134)) - 39fd4120-165e-45ec-b9c4-971d1f74e9b4@group-76A833EA3DB0->ad718213-008c-41ec-8a72-c4d801cf9bd2-AppendLogResponseHandler: Failed appendEntries: org.apache.ratis.thirdparty.io.grpc.StatusRuntimeException: UNAVAILABLE: io exception
2019-10-04 13:52:15,200 [grpc-default-executor-2] INFO  impl.FollowerInfo (FollowerInfo.java:lambda$new$0(51)) - 39fd4120-165e-45ec-b9c4-971d1f74e9b4@group-76A833EA3DB0->80257ecc-928d-4209-b42a-e72edc2eb975: nextIndex: updateUnconditionally 0 -> 0
2019-10-04 13:52:15,200 [grpc-default-executor-0] INFO  impl.FollowerInfo (FollowerInfo.java:lambda$new$0(51)) - 39fd4120-165e-45ec-b9c4-971d1f74e9b4@group-76A833EA3DB0->ad718213-008c-41ec-8a72-c4d801cf9bd2: nextIndex: updateUnconditionally 0 -> 0
2019-10-04 13:52:15,294 [Datanode State Machine Thread - 0] INFO  ozoneimpl.OzoneContainer (OzoneContainer.java:start(217)) - Attempting to start container services.
2019-10-04 13:52:15,294 [Datanode State Machine Thread - 0] INFO  ozoneimpl.OzoneContainer (OzoneContainer.java:startContainerScrub(179)) - Background container scanner has been disabled.
2019-10-04 13:52:15,294 [Datanode State Machine Thread - 0] INFO  ratis.XceiverServerRatis (XceiverServerRatis.java:start(417)) - Starting XceiverServerRatis 775aa2b3-a62a-4d60-9d25-1be808d8ccd3 at port 0
2019-10-04 13:52:15,299 [Datanode State Machine Thread - 0] INFO  impl.RaftServerProxy (RaftServerProxy.java:lambda$start$3(299)) - 775aa2b3-a62a-4d60-9d25-1be808d8ccd3: start RPC server
2019-10-04 13:52:15,300 [Datanode State Machine Thread - 0] INFO  server.GrpcService (GrpcService.java:startImpl(158)) - 775aa2b3-a62a-4d60-9d25-1be808d8ccd3: GrpcService started, listening on 0.0.0.0/0.0.0.0:36438
2019-10-04 13:52:15,300 [Datanode State Machine Thread - 0] INFO  ratis.XceiverServerRatis (XceiverServerRatis.java:start(427)) - XceiverServerRatis 775aa2b3-a62a-4d60-9d25-1be808d8ccd3 is started using port 36438
2019-10-04 13:52:15,309 [Datanode State Machine Thread - 0] INFO  server.XceiverServerGrpc (XceiverServerGrpc.java:start(149)) - XceiverServerGrpc 775aa2b3-a62a-4d60-9d25-1be808d8ccd3 is started using port 38490
2019-10-04 13:52:15,347 [Datanode State Machine Thread - 0] INFO  ozoneimpl.OzoneContainer (OzoneContainer.java:start(217)) - Attempting to start container services.
2019-10-04 13:52:15,348 [Datanode State Machine Thread - 0] INFO  ozoneimpl.OzoneContainer (OzoneContainer.java:startContainerScrub(179)) - Background container scanner has been disabled.
2019-10-04 13:52:15,348 [Datanode State Machine Thread - 0] INFO  ratis.XceiverServerRatis (XceiverServerRatis.java:start(417)) - Starting XceiverServerRatis b19ba983-8fe9-4896-8031-8557018a0aaa at port 0
2019-10-04 13:52:15,352 [Datanode State Machine Thread - 0] INFO  impl.RaftServerProxy (RaftServerProxy.java:lambda$start$3(299)) - b19ba983-8fe9-4896-8031-8557018a0aaa: start RPC server
2019-10-04 13:52:15,352 [Datanode State Machine Thread - 0] INFO  server.GrpcService (GrpcService.java:startImpl(158)) - b19ba983-8fe9-4896-8031-8557018a0aaa: GrpcService started, listening on 0.0.0.0/0.0.0.0:37634
2019-10-04 13:52:15,352 [Datanode State Machine Thread - 0] INFO  ratis.XceiverServerRatis (XceiverServerRatis.java:start(427)) - XceiverServerRatis b19ba983-8fe9-4896-8031-8557018a0aaa is started using port 37634
2019-10-04 13:52:15,354 [Datanode State Machine Thread - 0] INFO  server.XceiverServerGrpc (XceiverServerGrpc.java:start(149)) - XceiverServerGrpc b19ba983-8fe9-4896-8031-8557018a0aaa is started using port 45757
2019-10-04 13:52:15,400 [Datanode State Machine Thread - 0] INFO  ozoneimpl.OzoneContainer (OzoneContainer.java:start(217)) - Attempting to start container services.
2019-10-04 13:52:15,400 [Datanode State Machine Thread - 0] INFO  ozoneimpl.OzoneContainer (OzoneContainer.java:startContainerScrub(179)) - Background container scanner has been disabled.
2019-10-04 13:52:15,400 [Datanode State Machine Thread - 0] INFO  ratis.XceiverServerRatis (XceiverServerRatis.java:start(417)) - Starting XceiverServerRatis 3b4eed83-d40e-4c0a-9938-cd816878dab5 at port 0
2019-10-04 13:52:15,405 [Datanode State Machine Thread - 0] INFO  impl.RaftServerProxy (RaftServerProxy.java:lambda$start$3(299)) - 3b4eed83-d40e-4c0a-9938-cd816878dab5: start RPC server
2019-10-04 13:52:15,406 [Datanode State Machine Thread - 0] INFO  server.GrpcService (GrpcService.java:startImpl(158)) - 3b4eed83-d40e-4c0a-9938-cd816878dab5: GrpcService started, listening on 0.0.0.0/0.0.0.0:34040
2019-10-04 13:52:15,406 [Datanode State Machine Thread - 0] INFO  ratis.XceiverServerRatis (XceiverServerRatis.java:start(427)) - XceiverServerRatis 3b4eed83-d40e-4c0a-9938-cd816878dab5 is started using port 34040
2019-10-04 13:52:15,406 [Datanode State Machine Thread - 0] INFO  server.XceiverServerGrpc (XceiverServerGrpc.java:start(149)) - XceiverServerGrpc 3b4eed83-d40e-4c0a-9938-cd816878dab5 is started using port 42917
2019-10-04 13:52:15,493 [Datanode State Machine Thread - 0] INFO  ozoneimpl.OzoneContainer (OzoneContainer.java:start(217)) - Attempting to start container services.
2019-10-04 13:52:15,493 [Datanode State Machine Thread - 0] INFO  ozoneimpl.OzoneContainer (OzoneContainer.java:startContainerScrub(179)) - Background container scanner has been disabled.
2019-10-04 13:52:15,494 [Datanode State Machine Thread - 0] INFO  ratis.XceiverServerRatis (XceiverServerRatis.java:start(417)) - Starting XceiverServerRatis 638d3168-c9f1-473b-8692-392ed7ec5b86 at port 0
2019-10-04 13:52:15,500 [Datanode State Machine Thread - 0] INFO  impl.RaftServerProxy (RaftServerProxy.java:lambda$start$3(299)) - 638d3168-c9f1-473b-8692-392ed7ec5b86: start RPC server
2019-10-04 13:52:15,504 [Datanode State Machine Thread - 0] INFO  server.GrpcService (GrpcService.java:startImpl(158)) - 638d3168-c9f1-473b-8692-392ed7ec5b86: GrpcService started, listening on 0.0.0.0/0.0.0.0:37512
2019-10-04 13:52:15,504 [Datanode State Machine Thread - 0] INFO  ratis.XceiverServerRatis (XceiverServerRatis.java:start(427)) - XceiverServerRatis 638d3168-c9f1-473b-8692-392ed7ec5b86 is started using port 37512
2019-10-04 13:52:15,504 [Datanode State Machine Thread - 0] INFO  server.XceiverServerGrpc (XceiverServerGrpc.java:start(149)) - XceiverServerGrpc 638d3168-c9f1-473b-8692-392ed7ec5b86 is started using port 39904
2019-10-04 13:52:15,587 [Datanode State Machine Thread - 0] INFO  ozoneimpl.OzoneContainer (OzoneContainer.java:start(217)) - Attempting to start container services.
2019-10-04 13:52:15,587 [Datanode State Machine Thread - 0] INFO  ozoneimpl.OzoneContainer (OzoneContainer.java:startContainerScrub(179)) - Background container scanner has been disabled.
2019-10-04 13:52:15,587 [Datanode State Machine Thread - 0] INFO  ratis.XceiverServerRatis (XceiverServerRatis.java:start(417)) - Starting XceiverServerRatis c42c8b8d-a309-412f-9236-63affaeeaa96 at port 0
2019-10-04 13:52:15,593 [Datanode State Machine Thread - 0] INFO  impl.RaftServerProxy (RaftServerProxy.java:lambda$start$3(299)) - c42c8b8d-a309-412f-9236-63affaeeaa96: start RPC server
2019-10-04 13:52:15,594 [Datanode State Machine Thread - 0] INFO  server.GrpcService (GrpcService.java:startImpl(158)) - c42c8b8d-a309-412f-9236-63affaeeaa96: GrpcService started, listening on 0.0.0.0/0.0.0.0:38025
2019-10-04 13:52:15,594 [Datanode State Machine Thread - 0] INFO  ratis.XceiverServerRatis (XceiverServerRatis.java:start(427)) - XceiverServerRatis c42c8b8d-a309-412f-9236-63affaeeaa96 is started using port 38025
2019-10-04 13:52:15,595 [Datanode State Machine Thread - 0] INFO  server.XceiverServerGrpc (XceiverServerGrpc.java:start(149)) - XceiverServerGrpc c42c8b8d-a309-412f-9236-63affaeeaa96 is started using port 39441
2019-10-04 13:52:15,680 [Datanode State Machine Thread - 0] INFO  ozoneimpl.OzoneContainer (OzoneContainer.java:start(217)) - Attempting to start container services.
2019-10-04 13:52:15,680 [Datanode State Machine Thread - 0] INFO  ozoneimpl.OzoneContainer (OzoneContainer.java:startContainerScrub(179)) - Background container scanner has been disabled.
2019-10-04 13:52:15,680 [Datanode State Machine Thread - 0] INFO  ratis.XceiverServerRatis (XceiverServerRatis.java:start(417)) - Starting XceiverServerRatis 15fc2cd3-593a-4821-99b2-21428cfd7c00 at port 0
2019-10-04 13:52:15,686 [Datanode State Machine Thread - 0] INFO  impl.RaftServerProxy (RaftServerProxy.java:lambda$start$3(299)) - 15fc2cd3-593a-4821-99b2-21428cfd7c00: start RPC server
2019-10-04 13:52:15,687 [Datanode State Machine Thread - 0] INFO  server.GrpcService (GrpcService.java:startImpl(158)) - 15fc2cd3-593a-4821-99b2-21428cfd7c00: GrpcService started, listening on 0.0.0.0/0.0.0.0:41938
2019-10-04 13:52:15,687 [Datanode State Machine Thread - 0] INFO  ratis.XceiverServerRatis (XceiverServerRatis.java:start(427)) - XceiverServerRatis 15fc2cd3-593a-4821-99b2-21428cfd7c00 is started using port 41938
2019-10-04 13:52:15,687 [Datanode State Machine Thread - 0] INFO  server.XceiverServerGrpc (XceiverServerGrpc.java:start(149)) - XceiverServerGrpc 15fc2cd3-593a-4821-99b2-21428cfd7c00 is started using port 33423
2019-10-04 13:52:15,742 [main] INFO  ozone.MiniOzoneClusterImpl (MiniOzoneClusterImpl.java:lambda$waitForClusterToBeReady$0(147)) - Waiting for cluster to be ready. Got 0 of 7 DN Heartbeats.
2019-10-04 13:52:15,754 [Datanode State Machine Thread - 0] INFO  ozoneimpl.OzoneContainer (OzoneContainer.java:start(217)) - Attempting to start container services.
2019-10-04 13:52:15,755 [Datanode State Machine Thread - 0] INFO  ozoneimpl.OzoneContainer (OzoneContainer.java:startContainerScrub(179)) - Background container scanner has been disabled.
2019-10-04 13:52:15,755 [Datanode State Machine Thread - 0] INFO  ratis.XceiverServerRatis (XceiverServerRatis.java:start(417)) - Starting XceiverServerRatis 7c7c4115-6e7c-42f9-b99b-5186134f98c7 at port 0
2019-10-04 13:52:15,761 [Datanode State Machine Thread - 0] INFO  impl.RaftServerProxy (RaftServerProxy.java:lambda$start$3(299)) - 7c7c4115-6e7c-42f9-b99b-5186134f98c7: start RPC server
2019-10-04 13:52:15,761 [Datanode State Machine Thread - 0] INFO  server.GrpcService (GrpcService.java:startImpl(158)) - 7c7c4115-6e7c-42f9-b99b-5186134f98c7: GrpcService started, listening on 0.0.0.0/0.0.0.0:34708
2019-10-04 13:52:15,761 [Datanode State Machine Thread - 0] INFO  ratis.XceiverServerRatis (XceiverServerRatis.java:start(427)) - XceiverServerRatis 7c7c4115-6e7c-42f9-b99b-5186134f98c7 is started using port 34708
2019-10-04 13:52:15,765 [Datanode State Machine Thread - 0] INFO  server.XceiverServerGrpc (XceiverServerGrpc.java:start(149)) - XceiverServerGrpc 7c7c4115-6e7c-42f9-b99b-5186134f98c7 is started using port 40349
2019-10-04 13:52:16,742 [main] INFO  ozone.MiniOzoneClusterImpl (MiniOzoneClusterImpl.java:lambda$waitForClusterToBeReady$0(147)) - Waiting for cluster to be ready. Got 0 of 7 DN Heartbeats.
2019-10-04 13:52:17,226 [IPC Server handler 15 on 37585] INFO  net.NetworkTopology (NetworkTopologyImpl.java:add(111)) - Added a new node: /default-rack/775aa2b3-a62a-4d60-9d25-1be808d8ccd3
2019-10-04 13:52:17,229 [IPC Server handler 15 on 37585] INFO  node.SCMNodeManager (SCMNodeManager.java:register(268)) - Registered Data node : 775aa2b3-a62a-4d60-9d25-1be808d8ccd3{ip: 192.168.5.142, host: pr-hdds-2204-d78b8-1674338442, networkLocation: /default-rack, certSerialId: null}
2019-10-04 13:52:17,230 [EventQueue-NodeRegistrationContainerReportForDataNodeSafeModeRule] INFO  safemode.SCMSafeModeManager (DataNodeSafeModeRule.java:process(71)) - SCM in safe mode. 1 DataNodes registered, 1 required.
2019-10-04 13:52:17,235 [EventQueue-NodeRegistrationContainerReportForContainerSafeModeRule] INFO  safemode.SCMSafeModeManager (SCMSafeModeManager.java:validateSafeModeExitRules(177)) - ScmSafeModeManager, all rules are successfully validated
2019-10-04 13:52:17,235 [EventQueue-NodeRegistrationContainerReportForContainerSafeModeRule] INFO  safemode.SCMSafeModeManager (SCMSafeModeManager.java:exitSafeMode(193)) - SCM exiting safe mode.
2019-10-04 13:52:17,246 [grpc-default-executor-2] INFO  impl.RaftServerProxy (RaftServerProxy.java:addNew(89)) - 775aa2b3-a62a-4d60-9d25-1be808d8ccd3: addNew group-989D02D44695:[775aa2b3-a62a-4d60-9d25-1be808d8ccd3:192.168.5.142:36438] returns group-989D02D44695:java.util.concurrent.CompletableFuture@59e1650f[Not completed]
2019-10-04 13:52:17,247 [pool-383-thread-1] INFO  impl.RaftServerImpl (RaftServerImpl.java:<init>(95)) - 775aa2b3-a62a-4d60-9d25-1be808d8ccd3: new RaftServerImpl for group-989D02D44695:[775aa2b3-a62a-4d60-9d25-1be808d8ccd3:192.168.5.142:36438] with ContainerStateMachine:uninitialized
2019-10-04 13:52:17,247 [pool-383-thread-1] INFO  server.RaftServerConfigKeys (ConfUtils.java:logGet(43)) - raft.server.rpc.timeout.min = 5s (custom)
2019-10-04 13:52:17,248 [pool-383-thread-1] INFO  server.RaftServerConfigKeys (ConfUtils.java:logGet(43)) - raft.server.rpc.timeout.max = 5200ms (custom)
2019-10-04 13:52:17,248 [pool-383-thread-1] INFO  server.RaftServerConfigKeys (ConfUtils.java:logGet(43)) - raft.server.rpcslowness.timeout = 120s (custom)
2019-10-04 13:52:17,248 [pool-383-thread-1] INFO  server.RaftServerConfigKeys (ConfUtils.java:logGet(43)) - raft.server.sleep.deviation.threshold = 300 (default)
2019-10-04 13:52:17,248 [pool-383-thread-1] INFO  server.RaftServerConfigKeys (ConfUtils.java:logGet(43)) - raft.server.log.appender.install.snapshot.enabled = false (custom)
2019-10-04 13:52:17,248 [pool-383-thread-1] INFO  impl.RaftServerImpl (ServerState.java:<init>(103)) - 775aa2b3-a62a-4d60-9d25-1be808d8ccd3@group-989D02D44695: ConfigurationManager, init=-1: [775aa2b3-a62a-4d60-9d25-1be808d8ccd3:192.168.5.142:36438], old=null, confs=<EMPTY_MAP>
2019-10-04 13:52:17,248 [pool-383-thread-1] INFO  server.RaftServerConfigKeys (ConfUtils.java:logGet(43)) - raft.server.storage.dir = [/workdir/hadoop-ozone/integration-test/target/test-dir/MiniOzoneClusterImpl-586bcb63-682e-4ce1-8a8d-05f628e90452/datanode-0/data/ratis] (custom)
2019-10-04 13:52:17,249 [pool-383-thread-1] INFO  server.RaftServerConfigKeys (ConfUtils.java:logGet(43)) - raft.server.log.corruption.policy = EXCEPTION (default)
2019-10-04 13:52:17,249 [pool-383-thread-1] INFO  storage.RaftStorageDirectory (RaftStorageDirectory.java:analyzeStorage(246)) - The storage directory /workdir/hadoop-ozone/integration-test/target/test-dir/MiniOzoneClusterImpl-586bcb63-682e-4ce1-8a8d-05f628e90452/datanode-0/data/ratis/938e4366-677e-4c87-ad81-989d02d44695 does not exist. Creating ...
2019-10-04 13:52:17,265 [pool-383-thread-1] INFO  storage.RaftStorageDirectory (RaftStorageDirectory.java:tryLock(328)) - Lock on /workdir/hadoop-ozone/integration-test/target/test-dir/MiniOzoneClusterImpl-586bcb63-682e-4ce1-8a8d-05f628e90452/datanode-0/data/ratis/938e4366-677e-4c87-ad81-989d02d44695/in_use.lock acquired by nodename 23947@pr-hdds-2204-d78b8-1674338442
2019-10-04 13:52:17,278 [pool-383-thread-1] INFO  storage.RaftStorage (RaftStorage.java:format(84)) - Storage directory /workdir/hadoop-ozone/integration-test/target/test-dir/MiniOzoneClusterImpl-586bcb63-682e-4ce1-8a8d-05f628e90452/datanode-0/data/ratis/938e4366-677e-4c87-ad81-989d02d44695 has been successfully formatted.
2019-10-04 13:52:17,278 [pool-383-thread-1] INFO  ratis.ContainerStateMachine (ContainerStateMachine.java:loadSnapshot(230)) - group-989D02D44695: The snapshot info is null. Setting the last applied indexto:(t:0, i:~)
2019-10-04 13:52:17,279 [pool-383-thread-1] INFO  server.RaftServerConfigKeys (ConfUtils.java:logGet(43)) - raft.server.notification.no-leader.timeout = 120s (custom)
2019-10-04 13:52:17,279 [pool-383-thread-1] INFO  server.RaftServerConfigKeys (ConfUtils.java:logGet(43)) - raft.server.log.use.memory = false (default)
2019-10-04 13:52:17,279 [pool-383-thread-1] INFO  server.RaftServerConfigKeys (ConfUtils.java:logGet(43)) - raft.server.log.purge.gap = 1000000 (custom)
2019-10-04 13:52:17,279 [pool-383-thread-1] INFO  server.RaftServerConfigKeys (ConfUtils.java:logGet(43)) - raft.server.log.appender.buffer.byte-limit = 33554432 (custom)
2019-10-04 13:52:17,279 [pool-383-thread-1] INFO  server.RaftServerConfigKeys (ConfUtils.java:logGet(43)) - raft.server.log.segment.size.max = 1048576 (custom)
2019-10-04 13:52:17,281 [pool-383-thread-1] INFO  server.RaftServerConfigKeys (ConfUtils.java:logGet(43)) - raft.server.log.segment.cache.num.max = 2 (custom)
2019-10-04 13:52:17,281 [pool-383-thread-1] INFO  segmented.SegmentedRaftLogWorker (SegmentedRaftLogWorker.java:<init>(173)) - new 775aa2b3-a62a-4d60-9d25-1be808d8ccd3@group-989D02D44695-SegmentedRaftLogWorker for RaftStorage:Storage Directory /workdir/hadoop-ozone/integration-test/target/test-dir/MiniOzoneClusterImpl-586bcb63-682e-4ce1-8a8d-05f628e90452/datanode-0/data/ratis/938e4366-677e-4c87-ad81-989d02d44695
2019-10-04 13:52:17,281 [pool-383-thread-1] INFO  server.RaftServerConfigKeys (ConfUtils.java:logGet(43)) - raft.server.log.queue.byte-limit = 2147483647 (custom)
2019-10-04 13:52:17,281 [pool-383-thread-1] INFO  server.RaftServerConfigKeys (ConfUtils.java:logGet(43)) - raft.server.log.queue.element-limit = 1024 (custom)
2019-10-04 13:52:17,281 [pool-383-thread-1] INFO  server.RaftServerConfigKeys (ConfUtils.java:logGet(43)) - raft.server.log.segment.size.max = 1048576 (custom)
2019-10-04 13:52:17,282 [pool-383-thread-1] INFO  server.RaftServerConfigKeys (ConfUtils.java:logGet(43)) - raft.server.log.preallocated.size = 16384 (custom)
2019-10-04 13:52:17,282 [pool-383-thread-1] INFO  server.RaftServerConfigKeys (ConfUtils.java:logGet(43)) - raft.server.log.write.buffer.size = 33554432 (custom)
2019-10-04 13:52:17,282 [pool-383-thread-1] INFO  server.RaftServerConfigKeys (ConfUtils.java:logGet(43)) - raft.server.log.force.sync.num = 128 (default)
2019-10-04 13:52:17,282 [pool-383-thread-1] INFO  server.RaftServerConfigKeys (ConfUtils.java:logGet(43)) - raft.server.log.statemachine.data.sync = true (default)
2019-10-04 13:52:17,282 [pool-383-thread-1] INFO  server.RaftServerConfigKeys (ConfUtils.java:logGet(43)) - raft.server.log.statemachine.data.sync.timeout = 10s (default)
2019-10-04 13:52:17,282 [pool-383-thread-1] INFO  server.RaftServerConfigKeys (ConfUtils.java:logGet(43)) - raft.server.log.statemachine.data.sync.timeout.retry = -1 (default)
2019-10-04 13:52:17,282 [pool-383-thread-1] INFO  server.RaftServerConfigKeys (ConfUtils.java:logGet(43)) - raft.server.log.statemachine.data.caching.enabled = true (custom)
2019-10-04 13:52:17,283 [pool-383-thread-1] INFO  segmented.SegmentedRaftLogWorker (SegmentedRaftLogWorker.java:lambda$new$0(128)) - 775aa2b3-a62a-4d60-9d25-1be808d8ccd3@group-989D02D44695-SegmentedRaftLogWorker: flushIndex: setUnconditionally 0 -> -1
2019-10-04 13:52:17,283 [pool-383-thread-1] INFO  server.RaftServerConfigKeys (ConfUtils.java:logGet(43)) - raft.server.snapshot.auto.trigger.enabled = true (custom)
2019-10-04 13:52:17,283 [pool-383-thread-1] INFO  server.RaftServerConfigKeys (ConfUtils.java:logGet(43)) - raft.server.snapshot.auto.trigger.threshold = 10000 (custom)
2019-10-04 13:52:17,283 [pool-383-thread-1] INFO  server.RaftServerConfigKeys (ConfUtils.java:logGet(43)) - raft.server.snapshot.retention.file.num = 5 (custom)
2019-10-04 13:52:17,284 [pool-383-thread-1] INFO  server.RaftServerConfigKeys (ConfUtils.java:logGet(43)) - raft.server.retrycache.expirytime = 600000ms (custom)
2019-10-04 13:52:17,285 [pool-383-thread-1] INFO  impl.RaftServerImpl (RaftServerImpl.java:start(181)) - 775aa2b3-a62a-4d60-9d25-1be808d8ccd3@group-989D02D44695: start as a follower, conf=-1: [775aa2b3-a62a-4d60-9d25-1be808d8ccd3:192.168.5.142:36438], old=null
2019-10-04 13:52:17,285 [pool-383-thread-1] INFO  impl.RaftServerImpl (RaftServerImpl.java:setRole(170)) - 775aa2b3-a62a-4d60-9d25-1be808d8ccd3@group-989D02D44695: changes role from      null to FOLLOWER at term 0 for startAsFollower
2019-10-04 13:52:17,285 [pool-383-thread-1] INFO  impl.RoleInfo (RoleInfo.java:updateAndGet(143)) - 775aa2b3-a62a-4d60-9d25-1be808d8ccd3: start FollowerState
2019-10-04 13:52:17,286 [pool-383-thread-1] INFO  util.JmxRegister (JmxRegister.java:tryRegister(44)) - Successfully registered JMX Bean with object name Ratis:service=RaftServer,group=group-989D02D44695,id=775aa2b3-a62a-4d60-9d25-1be808d8ccd3
2019-10-04 13:52:17,302 [RatisPipelineUtilsThread] INFO  pipeline.PipelineStateManager (PipelineStateManager.java:addPipeline(56)) - Created pipeline Pipeline[ Id: 938e4366-677e-4c87-ad81-989d02d44695, Nodes: 775aa2b3-a62a-4d60-9d25-1be808d8ccd3{ip: 192.168.5.142, host: pr-hdds-2204-d78b8-1674338442, networkLocation: /default-rack, certSerialId: null}, Type:RATIS, Factor:ONE, State:OPEN]
2019-10-04 13:52:17,310 [IPC Server handler 13 on 37585] INFO  net.NetworkTopology (NetworkTopologyImpl.java:add(111)) - Added a new node: /default-rack/b19ba983-8fe9-4896-8031-8557018a0aaa
2019-10-04 13:52:17,311 [IPC Server handler 13 on 37585] INFO  node.SCMNodeManager (SCMNodeManager.java:register(268)) - Registered Data node : b19ba983-8fe9-4896-8031-8557018a0aaa{ip: 192.168.5.142, host: pr-hdds-2204-d78b8-1674338442, networkLocation: /default-rack, certSerialId: null}
2019-10-04 13:52:17,318 [grpc-default-executor-2] INFO  impl.RaftServerProxy (RaftServerProxy.java:addNew(89)) - b19ba983-8fe9-4896-8031-8557018a0aaa: addNew group-42AA501C4429:[b19ba983-8fe9-4896-8031-8557018a0aaa:192.168.5.142:37634] returns group-42AA501C4429:java.util.concurrent.CompletableFuture@bf85272[Not completed]
2019-10-04 13:52:17,319 [pool-393-thread-1] INFO  impl.RaftServerImpl (RaftServerImpl.java:<init>(95)) - b19ba983-8fe9-4896-8031-8557018a0aaa: new RaftServerImpl for group-42AA501C4429:[b19ba983-8fe9-4896-8031-8557018a0aaa:192.168.5.142:37634] with ContainerStateMachine:uninitialized
2019-10-04 13:52:17,319 [pool-393-thread-1] INFO  server.RaftServerConfigKeys (ConfUtils.java:logGet(43)) - raft.server.rpc.timeout.min = 5s (custom)
2019-10-04 13:52:17,319 [pool-393-thread-1] INFO  server.RaftServerConfigKeys (ConfUtils.java:logGet(43)) - raft.server.rpc.timeout.max = 5200ms (custom)
2019-10-04 13:52:17,319 [pool-393-thread-1] INFO  server.RaftServerConfigKeys (ConfUtils.java:logGet(43)) - raft.server.rpcslowness.timeout = 120s (custom)
2019-10-04 13:52:17,319 [pool-393-thread-1] INFO  server.RaftServerConfigKeys (ConfUtils.java:logGet(43)) - raft.server.sleep.deviation.threshold = 300 (default)
2019-10-04 13:52:17,320 [pool-393-thread-1] INFO  server.RaftServerConfigKeys (ConfUtils.java:logGet(43)) - raft.server.log.appender.install.snapshot.enabled = false (custom)
2019-10-04 13:52:17,320 [pool-393-thread-1] INFO  impl.RaftServerImpl (ServerState.java:<init>(103)) - b19ba983-8fe9-4896-8031-8557018a0aaa@group-42AA501C4429: ConfigurationManager, init=-1: [b19ba983-8fe9-4896-8031-8557018a0aaa:192.168.5.142:37634], old=null, confs=<EMPTY_MAP>
2019-10-04 13:52:17,320 [pool-393-thread-1] INFO  server.RaftServerConfigKeys (ConfUtils.java:logGet(43)) - raft.server.storage.dir = [/workdir/hadoop-ozone/integration-test/target/test-dir/MiniOzoneClusterImpl-586bcb63-682e-4ce1-8a8d-05f628e90452/datanode-1/data/ratis] (custom)
2019-10-04 13:52:17,320 [pool-393-thread-1] INFO  server.RaftServerConfigKeys (ConfUtils.java:logGet(43)) - raft.server.log.corruption.policy = EXCEPTION (default)
2019-10-04 13:52:17,320 [pool-393-thread-1] INFO  storage.RaftStorageDirectory (RaftStorageDirectory.java:analyzeStorage(246)) - The storage directory /workdir/hadoop-ozone/integration-test/target/test-dir/MiniOzoneClusterImpl-586bcb63-682e-4ce1-8a8d-05f628e90452/datanode-1/data/ratis/bbfd83c5-d74c-4d33-a903-42aa501c4429 does not exist. Creating ...
2019-10-04 13:52:17,333 [pool-393-thread-1] INFO  storage.RaftStorageDirectory (RaftStorageDirectory.java:tryLock(328)) - Lock on /workdir/hadoop-ozone/integration-test/target/test-dir/MiniOzoneClusterImpl-586bcb63-682e-4ce1-8a8d-05f628e90452/datanode-1/data/ratis/bbfd83c5-d74c-4d33-a903-42aa501c4429/in_use.lock acquired by nodename 23947@pr-hdds-2204-d78b8-1674338442
2019-10-04 13:52:17,345 [pool-393-thread-1] INFO  storage.RaftStorage (RaftStorage.java:format(84)) - Storage directory /workdir/hadoop-ozone/integration-test/target/test-dir/MiniOzoneClusterImpl-586bcb63-682e-4ce1-8a8d-05f628e90452/datanode-1/data/ratis/bbfd83c5-d74c-4d33-a903-42aa501c4429 has been successfully formatted.
2019-10-04 13:52:17,346 [pool-393-thread-1] INFO  ratis.ContainerStateMachine (ContainerStateMachine.java:loadSnapshot(230)) - group-42AA501C4429: The snapshot info is null. Setting the last applied indexto:(t:0, i:~)
2019-10-04 13:52:17,346 [pool-393-thread-1] INFO  server.RaftServerConfigKeys (ConfUtils.java:logGet(43)) - raft.server.notification.no-leader.timeout = 120s (custom)
2019-10-04 13:52:17,346 [pool-393-thread-1] INFO  server.RaftServerConfigKeys (ConfUtils.java:logGet(43)) - raft.server.log.use.memory = false (default)
2019-10-04 13:52:17,346 [pool-393-thread-1] INFO  server.RaftServerConfigKeys (ConfUtils.java:logGet(43)) - raft.server.log.purge.gap = 1000000 (custom)
2019-10-04 13:52:17,346 [pool-393-thread-1] INFO  server.RaftServerConfigKeys (ConfUtils.java:logGet(43)) - raft.server.log.appender.buffer.byte-limit = 33554432 (custom)
2019-10-04 13:52:17,346 [pool-393-thread-1] INFO  server.RaftServerConfigKeys (ConfUtils.java:logGet(43)) - raft.server.log.segment.size.max = 1048576 (custom)
2019-10-04 13:52:17,347 [pool-393-thread-1] INFO  server.RaftServerConfigKeys (ConfUtils.java:logGet(43)) - raft.server.log.segment.cache.num.max = 2 (custom)
2019-10-04 13:52:17,347 [pool-393-thread-1] INFO  segmented.SegmentedRaftLogWorker (SegmentedRaftLogWorker.java:<init>(173)) - new b19ba983-8fe9-4896-8031-8557018a0aaa@group-42AA501C4429-SegmentedRaftLogWorker for RaftStorage:Storage Directory /workdir/hadoop-ozone/integration-test/target/test-dir/MiniOzoneClusterImpl-586bcb63-682e-4ce1-8a8d-05f628e90452/datanode-1/data/ratis/bbfd83c5-d74c-4d33-a903-42aa501c4429
2019-10-04 13:52:17,347 [pool-393-thread-1] INFO  server.RaftServerConfigKeys (ConfUtils.java:logGet(43)) - raft.server.log.queue.byte-limit = 2147483647 (custom)
2019-10-04 13:52:17,347 [pool-393-thread-1] INFO  server.RaftServerConfigKeys (ConfUtils.java:logGet(43)) - raft.server.log.queue.element-limit = 1024 (custom)
2019-10-04 13:52:17,348 [pool-393-thread-1] INFO  server.RaftServerConfigKeys (ConfUtils.java:logGet(43)) - raft.server.log.segment.size.max = 1048576 (custom)
2019-10-04 13:52:17,348 [pool-393-thread-1] INFO  server.RaftServerConfigKeys (ConfUtils.java:logGet(43)) - raft.server.log.preallocated.size = 16384 (custom)
2019-10-04 13:52:17,348 [pool-393-thread-1] INFO  server.RaftServerConfigKeys (ConfUtils.java:logGet(43)) - raft.server.log.write.buffer.size = 33554432 (custom)
2019-10-04 13:52:17,348 [pool-393-thread-1] INFO  server.RaftServerConfigKeys (ConfUtils.java:logGet(43)) - raft.server.log.force.sync.num = 128 (default)
2019-10-04 13:52:17,348 [pool-393-thread-1] INFO  server.RaftServerConfigKeys (ConfUtils.java:logGet(43)) - raft.server.log.statemachine.data.sync = true (default)
2019-10-04 13:52:17,348 [pool-393-thread-1] INFO  server.RaftServerConfigKeys (ConfUtils.java:logGet(43)) - raft.server.log.statemachine.data.sync.timeout = 10s (default)
2019-10-04 13:52:17,348 [pool-393-thread-1] INFO  server.RaftServerConfigKeys (ConfUtils.java:logGet(43)) - raft.server.log.statemachine.data.sync.timeout.retry = -1 (default)
2019-10-04 13:52:17,348 [pool-393-thread-1] INFO  server.RaftServerConfigKeys (ConfUtils.java:logGet(43)) - raft.server.log.statemachine.data.caching.enabled = true (custom)
2019-10-04 13:52:17,349 [pool-393-thread-1] INFO  segmented.SegmentedRaftLogWorker (SegmentedRaftLogWorker.java:lambda$new$0(128)) - b19ba983-8fe9-4896-8031-8557018a0aaa@group-42AA501C4429-SegmentedRaftLogWorker: flushIndex: setUnconditionally 0 -> -1
2019-10-04 13:52:17,349 [pool-393-thread-1] INFO  server.RaftServerConfigKeys (ConfUtils.java:logGet(43)) - raft.server.snapshot.auto.trigger.enabled = true (custom)
2019-10-04 13:52:17,349 [pool-393-thread-1] INFO  server.RaftServerConfigKeys (ConfUtils.java:logGet(43)) - raft.server.snapshot.auto.trigger.threshold = 10000 (custom)
2019-10-04 13:52:17,349 [pool-393-thread-1] INFO  server.RaftServerConfigKeys (ConfUtils.java:logGet(43)) - raft.server.snapshot.retention.file.num = 5 (custom)
2019-10-04 13:52:17,349 [pool-393-thread-1] INFO  server.RaftServerConfigKeys (ConfUtils.java:logGet(43)) - raft.server.retrycache.expirytime = 600000ms (custom)
2019-10-04 13:52:17,350 [pool-393-thread-1] INFO  impl.RaftServerImpl (RaftServerImpl.java:start(181)) - b19ba983-8fe9-4896-8031-8557018a0aaa@group-42AA501C4429: start as a follower, conf=-1: [b19ba983-8fe9-4896-8031-8557018a0aaa:192.168.5.142:37634], old=null
2019-10-04 13:52:17,350 [pool-393-thread-1] INFO  impl.RaftServerImpl (RaftServerImpl.java:setRole(170)) - b19ba983-8fe9-4896-8031-8557018a0aaa@group-42AA501C4429: changes role from      null to FOLLOWER at term 0 for startAsFollower
2019-10-04 13:52:17,350 [pool-393-thread-1] INFO  impl.RoleInfo (RoleInfo.java:updateAndGet(143)) - b19ba983-8fe9-4896-8031-8557018a0aaa: start FollowerState
2019-10-04 13:52:17,351 [pool-393-thread-1] INFO  util.JmxRegister (JmxRegister.java:tryRegister(44)) - Successfully registered JMX Bean with object name Ratis:service=RaftServer,group=group-42AA501C4429,id=b19ba983-8fe9-4896-8031-8557018a0aaa
2019-10-04 13:52:17,357 [RatisPipelineUtilsThread] INFO  pipeline.PipelineStateManager (PipelineStateManager.java:addPipeline(56)) - Created pipeline Pipeline[ Id: bbfd83c5-d74c-4d33-a903-42aa501c4429, Nodes: b19ba983-8fe9-4896-8031-8557018a0aaa{ip: 192.168.5.142, host: pr-hdds-2204-d78b8-1674338442, networkLocation: /default-rack, certSerialId: null}, Type:RATIS, Factor:ONE, State:OPEN]
2019-10-04 13:52:17,386 [IPC Server handler 1 on 37585] INFO  net.NetworkTopology (NetworkTopologyImpl.java:add(111)) - Added a new node: /default-rack/3b4eed83-d40e-4c0a-9938-cd816878dab5
2019-10-04 13:52:17,386 [IPC Server handler 1 on 37585] INFO  node.SCMNodeManager (SCMNodeManager.java:register(268)) - Registered Data node : 3b4eed83-d40e-4c0a-9938-cd816878dab5{ip: 192.168.5.142, host: pr-hdds-2204-d78b8-1674338442, networkLocation: /default-rack, certSerialId: null}
2019-10-04 13:52:17,395 [grpc-default-executor-2] INFO  impl.RaftServerProxy (RaftServerProxy.java:addNew(89)) - 3b4eed83-d40e-4c0a-9938-cd816878dab5: addNew group-083711BD58D6:[3b4eed83-d40e-4c0a-9938-cd816878dab5:192.168.5.142:34040] returns group-083711BD58D6:java.util.concurrent.CompletableFuture@47924b9a[Not completed]
2019-10-04 13:52:17,396 [pool-403-thread-1] INFO  impl.RaftServerImpl (RaftServerImpl.java:<init>(95)) - 3b4eed83-d40e-4c0a-9938-cd816878dab5: new RaftServerImpl for group-083711BD58D6:[3b4eed83-d40e-4c0a-9938-cd816878dab5:192.168.5.142:34040] with ContainerStateMachine:uninitialized
2019-10-04 13:52:17,397 [pool-403-thread-1] INFO  server.RaftServerConfigKeys (ConfUtils.java:logGet(43)) - raft.server.rpc.timeout.min = 5s (custom)
2019-10-04 13:52:17,397 [pool-403-thread-1] INFO  server.RaftServerConfigKeys (ConfUtils.java:logGet(43)) - raft.server.rpc.timeout.max = 5200ms (custom)
2019-10-04 13:52:17,397 [pool-403-thread-1] INFO  server.RaftServerConfigKeys (ConfUtils.java:logGet(43)) - raft.server.rpcslowness.timeout = 120s (custom)
2019-10-04 13:52:17,397 [pool-403-thread-1] INFO  server.RaftServerConfigKeys (ConfUtils.java:logGet(43)) - raft.server.sleep.deviation.threshold = 300 (default)
2019-10-04 13:52:17,397 [pool-403-thread-1] INFO  server.RaftServerConfigKeys (ConfUtils.java:logGet(43)) - raft.server.log.appender.install.snapshot.enabled = false (custom)
2019-10-04 13:52:17,397 [pool-403-thread-1] INFO  impl.RaftServerImpl (ServerState.java:<init>(103)) - 3b4eed83-d40e-4c0a-9938-cd816878dab5@group-083711BD58D6: ConfigurationManager, init=-1: [3b4eed83-d40e-4c0a-9938-cd816878dab5:192.168.5.142:34040], old=null, confs=<EMPTY_MAP>
2019-10-04 13:52:17,398 [pool-403-thread-1] INFO  server.RaftServerConfigKeys (ConfUtils.java:logGet(43)) - raft.server.storage.dir = [/workdir/hadoop-ozone/integration-test/target/test-dir/MiniOzoneClusterImpl-586bcb63-682e-4ce1-8a8d-05f628e90452/datanode-2/data/ratis] (custom)
2019-10-04 13:52:17,398 [pool-403-thread-1] INFO  server.RaftServerConfigKeys (ConfUtils.java:logGet(43)) - raft.server.log.corruption.policy = EXCEPTION (default)
2019-10-04 13:52:17,398 [pool-403-thread-1] INFO  storage.RaftStorageDirectory (RaftStorageDirectory.java:analyzeStorage(246)) - The storage directory /workdir/hadoop-ozone/integration-test/target/test-dir/MiniOzoneClusterImpl-586bcb63-682e-4ce1-8a8d-05f628e90452/datanode-2/data/ratis/44b38f90-3e83-49d8-ab1c-083711bd58d6 does not exist. Creating ...
2019-10-04 13:52:17,411 [pool-403-thread-1] INFO  storage.RaftStorageDirectory (RaftStorageDirectory.java:tryLock(328)) - Lock on /workdir/hadoop-ozone/integration-test/target/test-dir/MiniOzoneClusterImpl-586bcb63-682e-4ce1-8a8d-05f628e90452/datanode-2/data/ratis/44b38f90-3e83-49d8-ab1c-083711bd58d6/in_use.lock acquired by nodename 23947@pr-hdds-2204-d78b8-1674338442
2019-10-04 13:52:17,429 [pool-403-thread-1] INFO  storage.RaftStorage (RaftStorage.java:format(84)) - Storage directory /workdir/hadoop-ozone/integration-test/target/test-dir/MiniOzoneClusterImpl-586bcb63-682e-4ce1-8a8d-05f628e90452/datanode-2/data/ratis/44b38f90-3e83-49d8-ab1c-083711bd58d6 has been successfully formatted.
2019-10-04 13:52:17,429 [pool-403-thread-1] INFO  ratis.ContainerStateMachine (ContainerStateMachine.java:loadSnapshot(230)) - group-083711BD58D6: The snapshot info is null. Setting the last applied indexto:(t:0, i:~)
2019-10-04 13:52:17,430 [pool-403-thread-1] INFO  server.RaftServerConfigKeys (ConfUtils.java:logGet(43)) - raft.server.notification.no-leader.timeout = 120s (custom)
2019-10-04 13:52:17,430 [pool-403-thread-1] INFO  server.RaftServerConfigKeys (ConfUtils.java:logGet(43)) - raft.server.log.use.memory = false (default)
2019-10-04 13:52:17,430 [pool-403-thread-1] INFO  server.RaftServerConfigKeys (ConfUtils.java:logGet(43)) - raft.server.log.purge.gap = 1000000 (custom)
2019-10-04 13:52:17,430 [pool-403-thread-1] INFO  server.RaftServerConfigKeys (ConfUtils.java:logGet(43)) - raft.server.log.appender.buffer.byte-limit = 33554432 (custom)
2019-10-04 13:52:17,431 [pool-403-thread-1] INFO  server.RaftServerConfigKeys (ConfUtils.java:logGet(43)) - raft.server.log.segment.size.max = 1048576 (custom)
2019-10-04 13:52:17,433 [pool-403-thread-1] INFO  server.RaftServerConfigKeys (ConfUtils.java:logGet(43)) - raft.server.log.segment.cache.num.max = 2 (custom)
2019-10-04 13:52:17,433 [pool-403-thread-1] INFO  segmented.SegmentedRaftLogWorker (SegmentedRaftLogWorker.java:<init>(173)) - new 3b4eed83-d40e-4c0a-9938-cd816878dab5@group-083711BD58D6-SegmentedRaftLogWorker for RaftStorage:Storage Directory /workdir/hadoop-ozone/integration-test/target/test-dir/MiniOzoneClusterImpl-586bcb63-682e-4ce1-8a8d-05f628e90452/datanode-2/data/ratis/44b38f90-3e83-49d8-ab1c-083711bd58d6
2019-10-04 13:52:17,433 [pool-403-thread-1] INFO  server.RaftServerConfigKeys (ConfUtils.java:logGet(43)) - raft.server.log.queue.byte-limit = 2147483647 (custom)
2019-10-04 13:52:17,433 [pool-403-thread-1] INFO  server.RaftServerConfigKeys (ConfUtils.java:logGet(43)) - raft.server.log.queue.element-limit = 1024 (custom)
2019-10-04 13:52:17,433 [pool-403-thread-1] INFO  server.RaftServerConfigKeys (ConfUtils.java:logGet(43)) - raft.server.log.segment.size.max = 1048576 (custom)
2019-10-04 13:52:17,434 [pool-403-thread-1] INFO  server.RaftServerConfigKeys (ConfUtils.java:logGet(43)) - raft.server.log.preallocated.size = 16384 (custom)
2019-10-04 13:52:17,434 [pool-403-thread-1] INFO  server.RaftServerConfigKeys (ConfUtils.java:logGet(43)) - raft.server.log.write.buffer.size = 33554432 (custom)
2019-10-04 13:52:17,434 [pool-403-thread-1] INFO  server.RaftServerConfigKeys (ConfUtils.java:logGet(43)) - raft.server.log.force.sync.num = 128 (default)
2019-10-04 13:52:17,434 [pool-403-thread-1] INFO  server.RaftServerConfigKeys (ConfUtils.java:logGet(43)) - raft.server.log.statemachine.data.sync = true (default)
2019-10-04 13:52:17,434 [pool-403-thread-1] INFO  server.RaftServerConfigKeys (ConfUtils.java:logGet(43)) - raft.server.log.statemachine.data.sync.timeout = 10s (default)
2019-10-04 13:52:17,434 [pool-403-thread-1] INFO  server.RaftServerConfigKeys (ConfUtils.java:logGet(43)) - raft.server.log.statemachine.data.sync.timeout.retry = -1 (default)
2019-10-04 13:52:17,435 [pool-403-thread-1] INFO  server.RaftServerConfigKeys (ConfUtils.java:logGet(43)) - raft.server.log.statemachine.data.caching.enabled = true (custom)
2019-10-04 13:52:17,443 [pool-403-thread-1] INFO  segmented.SegmentedRaftLogWorker (SegmentedRaftLogWorker.java:lambda$new$0(128)) - 3b4eed83-d40e-4c0a-9938-cd816878dab5@group-083711BD58D6-SegmentedRaftLogWorker: flushIndex: setUnconditionally 0 -> -1
2019-10-04 13:52:17,443 [pool-403-thread-1] INFO  server.RaftServerConfigKeys (ConfUtils.java:logGet(43)) - raft.server.snapshot.auto.trigger.enabled = true (custom)
2019-10-04 13:52:17,443 [pool-403-thread-1] INFO  server.RaftServerConfigKeys (ConfUtils.java:logGet(43)) - raft.server.snapshot.auto.trigger.threshold = 10000 (custom)
2019-10-04 13:52:17,443 [pool-403-thread-1] INFO  server.RaftServerConfigKeys (ConfUtils.java:logGet(43)) - raft.server.snapshot.retention.file.num = 5 (custom)
2019-10-04 13:52:17,444 [pool-403-thread-1] INFO  server.RaftServerConfigKeys (ConfUtils.java:logGet(43)) - raft.server.retrycache.expirytime = 600000ms (custom)
2019-10-04 13:52:17,446 [pool-403-thread-1] INFO  impl.RaftServerImpl (RaftServerImpl.java:start(181)) - 3b4eed83-d40e-4c0a-9938-cd816878dab5@group-083711BD58D6: start as a follower, conf=-1: [3b4eed83-d40e-4c0a-9938-cd816878dab5:192.168.5.142:34040], old=null
2019-10-04 13:52:17,446 [pool-403-thread-1] INFO  impl.RaftServerImpl (RaftServerImpl.java:setRole(170)) - 3b4eed83-d40e-4c0a-9938-cd816878dab5@group-083711BD58D6: changes role from      null to FOLLOWER at term 0 for startAsFollower
2019-10-04 13:52:17,446 [pool-403-thread-1] INFO  impl.RoleInfo (RoleInfo.java:updateAndGet(143)) - 3b4eed83-d40e-4c0a-9938-cd816878dab5: start FollowerState
2019-10-04 13:52:17,447 [pool-403-thread-1] INFO  util.JmxRegister (JmxRegister.java:tryRegister(44)) - Successfully registered JMX Bean with object name Ratis:service=RaftServer,group=group-083711BD58D6,id=3b4eed83-d40e-4c0a-9938-cd816878dab5
2019-10-04 13:52:17,455 [RatisPipelineUtilsThread] INFO  pipeline.PipelineStateManager (PipelineStateManager.java:addPipeline(56)) - Created pipeline Pipeline[ Id: 44b38f90-3e83-49d8-ab1c-083711bd58d6, Nodes: 3b4eed83-d40e-4c0a-9938-cd816878dab5{ip: 192.168.5.142, host: pr-hdds-2204-d78b8-1674338442, networkLocation: /default-rack, certSerialId: null}, Type:RATIS, Factor:ONE, State:OPEN]
2019-10-04 13:52:17,467 [grpc-default-executor-1] INFO  impl.RaftServerProxy (RaftServerProxy.java:addNew(89)) - 775aa2b3-a62a-4d60-9d25-1be808d8ccd3: addNew group-7D32124D860D:[b19ba983-8fe9-4896-8031-8557018a0aaa:192.168.5.142:37634, 775aa2b3-a62a-4d60-9d25-1be808d8ccd3:192.168.5.142:36438, 3b4eed83-d40e-4c0a-9938-cd816878dab5:192.168.5.142:34040] returns group-7D32124D860D:java.util.concurrent.CompletableFuture@1bc2a57c[Not completed]
2019-10-04 13:52:17,467 [grpc-default-executor-1] INFO  impl.RaftServerProxy (RaftServerProxy.java:addNew(89)) - b19ba983-8fe9-4896-8031-8557018a0aaa: addNew group-7D32124D860D:[b19ba983-8fe9-4896-8031-8557018a0aaa:192.168.5.142:37634, 775aa2b3-a62a-4d60-9d25-1be808d8ccd3:192.168.5.142:36438, 3b4eed83-d40e-4c0a-9938-cd816878dab5:192.168.5.142:34040] returns group-7D32124D860D:java.util.concurrent.CompletableFuture@6554998c[Not completed]
2019-10-04 13:52:17,468 [grpc-default-executor-2] INFO  impl.RaftServerProxy (RaftServerProxy.java:addNew(89)) - 3b4eed83-d40e-4c0a-9938-cd816878dab5: addNew group-7D32124D860D:[b19ba983-8fe9-4896-8031-8557018a0aaa:192.168.5.142:37634, 775aa2b3-a62a-4d60-9d25-1be808d8ccd3:192.168.5.142:36438, 3b4eed83-d40e-4c0a-9938-cd816878dab5:192.168.5.142:34040] returns group-7D32124D860D:java.util.concurrent.CompletableFuture@4bae5f7e[Not completed]
2019-10-04 13:52:17,469 [pool-383-thread-1] INFO  impl.RaftServerImpl (RaftServerImpl.java:<init>(95)) - 775aa2b3-a62a-4d60-9d25-1be808d8ccd3: new RaftServerImpl for group-7D32124D860D:[b19ba983-8fe9-4896-8031-8557018a0aaa:192.168.5.142:37634, 775aa2b3-a62a-4d60-9d25-1be808d8ccd3:192.168.5.142:36438, 3b4eed83-d40e-4c0a-9938-cd816878dab5:192.168.5.142:34040] with ContainerStateMachine:uninitialized
2019-10-04 13:52:17,469 [pool-383-thread-1] INFO  server.RaftServerConfigKeys (ConfUtils.java:logGet(43)) - raft.server.rpc.timeout.min = 5s (custom)
2019-10-04 13:52:17,469 [pool-383-thread-1] INFO  server.RaftServerConfigKeys (ConfUtils.java:logGet(43)) - raft.server.rpc.timeout.max = 5200ms (custom)
2019-10-04 13:52:17,470 [pool-383-thread-1] INFO  server.RaftServerConfigKeys (ConfUtils.java:logGet(43)) - raft.server.rpcslowness.timeout = 120s (custom)
2019-10-04 13:52:17,470 [pool-383-thread-1] INFO  server.RaftServerConfigKeys (ConfUtils.java:logGet(43)) - raft.server.sleep.deviation.threshold = 300 (default)
2019-10-04 13:52:17,470 [pool-403-thread-1] INFO  impl.RaftServerImpl (RaftServerImpl.java:<init>(95)) - 3b4eed83-d40e-4c0a-9938-cd816878dab5: new RaftServerImpl for group-7D32124D860D:[b19ba983-8fe9-4896-8031-8557018a0aaa:192.168.5.142:37634, 775aa2b3-a62a-4d60-9d25-1be808d8ccd3:192.168.5.142:36438, 3b4eed83-d40e-4c0a-9938-cd816878dab5:192.168.5.142:34040] with ContainerStateMachine:uninitialized
2019-10-04 13:52:17,470 [pool-383-thread-1] INFO  server.RaftServerConfigKeys (ConfUtils.java:logGet(43)) - raft.server.log.appender.install.snapshot.enabled = false (custom)
2019-10-04 13:52:17,470 [pool-393-thread-1] INFO  impl.RaftServerImpl (RaftServerImpl.java:<init>(95)) - b19ba983-8fe9-4896-8031-8557018a0aaa: new RaftServerImpl for group-7D32124D860D:[b19ba983-8fe9-4896-8031-8557018a0aaa:192.168.5.142:37634, 775aa2b3-a62a-4d60-9d25-1be808d8ccd3:192.168.5.142:36438, 3b4eed83-d40e-4c0a-9938-cd816878dab5:192.168.5.142:34040] with ContainerStateMachine:uninitialized
2019-10-04 13:52:17,470 [pool-403-thread-1] INFO  server.RaftServerConfigKeys (ConfUtils.java:logGet(43)) - raft.server.rpc.timeout.min = 5s (custom)
2019-10-04 13:52:17,470 [pool-393-thread-1] INFO  server.RaftServerConfigKeys (ConfUtils.java:logGet(43)) - raft.server.rpc.timeout.min = 5s (custom)
2019-10-04 13:52:17,470 [pool-383-thread-1] INFO  impl.RaftServerImpl (ServerState.java:<init>(103)) - 775aa2b3-a62a-4d60-9d25-1be808d8ccd3@group-7D32124D860D: ConfigurationManager, init=-1: [b19ba983-8fe9-4896-8031-8557018a0aaa:192.168.5.142:37634, 775aa2b3-a62a-4d60-9d25-1be808d8ccd3:192.168.5.142:36438, 3b4eed83-d40e-4c0a-9938-cd816878dab5:192.168.5.142:34040], old=null, confs=<EMPTY_MAP>
2019-10-04 13:52:17,471 [pool-393-thread-1] INFO  server.RaftServerConfigKeys (ConfUtils.java:logGet(43)) - raft.server.rpc.timeout.max = 5200ms (custom)
2019-10-04 13:52:17,471 [pool-393-thread-1] INFO  server.RaftServerConfigKeys (ConfUtils.java:logGet(43)) - raft.server.rpcslowness.timeout = 120s (custom)
2019-10-04 13:52:17,471 [pool-403-thread-1] INFO  server.RaftServerConfigKeys (ConfUtils.java:logGet(43)) - raft.server.rpc.timeout.max = 5200ms (custom)
2019-10-04 13:52:17,471 [pool-393-thread-1] INFO  server.RaftServerConfigKeys (ConfUtils.java:logGet(43)) - raft.server.sleep.deviation.threshold = 300 (default)
2019-10-04 13:52:17,471 [pool-383-thread-1] INFO  server.RaftServerConfigKeys (ConfUtils.java:logGet(43)) - raft.server.storage.dir = [/workdir/hadoop-ozone/integration-test/target/test-dir/MiniOzoneClusterImpl-586bcb63-682e-4ce1-8a8d-05f628e90452/datanode-0/data/ratis] (custom)
2019-10-04 13:52:17,471 [pool-393-thread-1] INFO  server.RaftServerConfigKeys (ConfUtils.java:logGet(43)) - raft.server.log.appender.install.snapshot.enabled = false (custom)
2019-10-04 13:52:17,472 [pool-393-thread-1] INFO  impl.RaftServerImpl (ServerState.java:<init>(103)) - b19ba983-8fe9-4896-8031-8557018a0aaa@group-7D32124D860D: ConfigurationManager, init=-1: [b19ba983-8fe9-4896-8031-8557018a0aaa:192.168.5.142:37634, 775aa2b3-a62a-4d60-9d25-1be808d8ccd3:192.168.5.142:36438, 3b4eed83-d40e-4c0a-9938-cd816878dab5:192.168.5.142:34040], old=null, confs=<EMPTY_MAP>
2019-10-04 13:52:17,471 [pool-403-thread-1] INFO  server.RaftServerConfigKeys (ConfUtils.java:logGet(43)) - raft.server.rpcslowness.timeout = 120s (custom)
2019-10-04 13:52:17,472 [pool-383-thread-1] INFO  server.RaftServerConfigKeys (ConfUtils.java:logGet(43)) - raft.server.log.corruption.policy = EXCEPTION (default)
2019-10-04 13:52:17,472 [pool-393-thread-1] INFO  server.RaftServerConfigKeys (ConfUtils.java:logGet(43)) - raft.server.storage.dir = [/workdir/hadoop-ozone/integration-test/target/test-dir/MiniOzoneClusterImpl-586bcb63-682e-4ce1-8a8d-05f628e90452/datanode-1/data/ratis] (custom)
2019-10-04 13:52:17,472 [pool-403-thread-1] INFO  server.RaftServerConfigKeys (ConfUtils.java:logGet(43)) - raft.server.sleep.deviation.threshold = 300 (default)
2019-10-04 13:52:17,472 [pool-383-thread-1] INFO  storage.RaftStorageDirectory (RaftStorageDirectory.java:analyzeStorage(246)) - The storage directory /workdir/hadoop-ozone/integration-test/target/test-dir/MiniOzoneClusterImpl-586bcb63-682e-4ce1-8a8d-05f628e90452/datanode-0/data/ratis/f8d17c87-070e-402f-a8e7-7d32124d860d does not exist. Creating ...
2019-10-04 13:52:17,472 [pool-393-thread-1] INFO  server.RaftServerConfigKeys (ConfUtils.java:logGet(43)) - raft.server.log.corruption.policy = EXCEPTION (default)
2019-10-04 13:52:17,472 [pool-403-thread-1] INFO  server.RaftServerConfigKeys (ConfUtils.java:logGet(43)) - raft.server.log.appender.install.snapshot.enabled = false (custom)
2019-10-04 13:52:17,473 [pool-393-thread-1] INFO  storage.RaftStorageDirectory (RaftStorageDirectory.java:analyzeStorage(246)) - The storage directory /workdir/hadoop-ozone/integration-test/target/test-dir/MiniOzoneClusterImpl-586bcb63-682e-4ce1-8a8d-05f628e90452/datanode-1/data/ratis/f8d17c87-070e-402f-a8e7-7d32124d860d does not exist. Creating ...
2019-10-04 13:52:17,473 [pool-403-thread-1] INFO  impl.RaftServerImpl (ServerState.java:<init>(103)) - 3b4eed83-d40e-4c0a-9938-cd816878dab5@group-7D32124D860D: ConfigurationManager, init=-1: [b19ba983-8fe9-4896-8031-8557018a0aaa:192.168.5.142:37634, 775aa2b3-a62a-4d60-9d25-1be808d8ccd3:192.168.5.142:36438, 3b4eed83-d40e-4c0a-9938-cd816878dab5:192.168.5.142:34040], old=null, confs=<EMPTY_MAP>
2019-10-04 13:52:17,473 [pool-403-thread-1] INFO  server.RaftServerConfigKeys (ConfUtils.java:logGet(43)) - raft.server.storage.dir = [/workdir/hadoop-ozone/integration-test/target/test-dir/MiniOzoneClusterImpl-586bcb63-682e-4ce1-8a8d-05f628e90452/datanode-2/data/ratis] (custom)
2019-10-04 13:52:17,473 [pool-403-thread-1] INFO  server.RaftServerConfigKeys (ConfUtils.java:logGet(43)) - raft.server.log.corruption.policy = EXCEPTION (default)
2019-10-04 13:52:17,473 [pool-403-thread-1] INFO  storage.RaftStorageDirectory (RaftStorageDirectory.java:analyzeStorage(246)) - The storage directory /workdir/hadoop-ozone/integration-test/target/test-dir/MiniOzoneClusterImpl-586bcb63-682e-4ce1-8a8d-05f628e90452/datanode-2/data/ratis/f8d17c87-070e-402f-a8e7-7d32124d860d does not exist. Creating ...
2019-10-04 13:52:17,480 [IPC Server handler 19 on 37585] INFO  net.NetworkTopology (NetworkTopologyImpl.java:add(111)) - Added a new node: /default-rack/638d3168-c9f1-473b-8692-392ed7ec5b86
2019-10-04 13:52:17,481 [IPC Server handler 19 on 37585] INFO  node.SCMNodeManager (SCMNodeManager.java:register(268)) - Registered Data node : 638d3168-c9f1-473b-8692-392ed7ec5b86{ip: 192.168.5.142, host: pr-hdds-2204-d78b8-1674338442, networkLocation: /default-rack, certSerialId: null}
2019-10-04 13:52:17,484 [pool-383-thread-1] INFO  storage.RaftStorageDirectory (RaftStorageDirectory.java:tryLock(328)) - Lock on /workdir/hadoop-ozone/integration-test/target/test-dir/MiniOzoneClusterImpl-586bcb63-682e-4ce1-8a8d-05f628e90452/datanode-0/data/ratis/f8d17c87-070e-402f-a8e7-7d32124d860d/in_use.lock acquired by nodename 23947@pr-hdds-2204-d78b8-1674338442
2019-10-04 13:52:17,484 [pool-393-thread-1] INFO  storage.RaftStorageDirectory (RaftStorageDirectory.java:tryLock(328)) - Lock on /workdir/hadoop-ozone/integration-test/target/test-dir/MiniOzoneClusterImpl-586bcb63-682e-4ce1-8a8d-05f628e90452/datanode-1/data/ratis/f8d17c87-070e-402f-a8e7-7d32124d860d/in_use.lock acquired by nodename 23947@pr-hdds-2204-d78b8-1674338442
2019-10-04 13:52:17,484 [pool-403-thread-1] INFO  storage.RaftStorageDirectory (RaftStorageDirectory.java:tryLock(328)) - Lock on /workdir/hadoop-ozone/integration-test/target/test-dir/MiniOzoneClusterImpl-586bcb63-682e-4ce1-8a8d-05f628e90452/datanode-2/data/ratis/f8d17c87-070e-402f-a8e7-7d32124d860d/in_use.lock acquired by nodename 23947@pr-hdds-2204-d78b8-1674338442
2019-10-04 13:52:17,498 [pool-383-thread-1] INFO  storage.RaftStorage (RaftStorage.java:format(84)) - Storage directory /workdir/hadoop-ozone/integration-test/target/test-dir/MiniOzoneClusterImpl-586bcb63-682e-4ce1-8a8d-05f628e90452/datanode-0/data/ratis/f8d17c87-070e-402f-a8e7-7d32124d860d has been successfully formatted.
2019-10-04 13:52:17,498 [pool-403-thread-1] INFO  storage.RaftStorage (RaftStorage.java:format(84)) - Storage directory /workdir/hadoop-ozone/integration-test/target/test-dir/MiniOzoneClusterImpl-586bcb63-682e-4ce1-8a8d-05f628e90452/datanode-2/data/ratis/f8d17c87-070e-402f-a8e7-7d32124d860d has been successfully formatted.
2019-10-04 13:52:17,498 [pool-383-thread-1] INFO  ratis.ContainerStateMachine (ContainerStateMachine.java:loadSnapshot(230)) - group-7D32124D860D: The snapshot info is null. Setting the last applied indexto:(t:0, i:~)
2019-10-04 13:52:17,498 [pool-403-thread-1] INFO  ratis.ContainerStateMachine (ContainerStateMachine.java:loadSnapshot(230)) - group-7D32124D860D: The snapshot info is null. Setting the last applied indexto:(t:0, i:~)
2019-10-04 13:52:17,498 [pool-393-thread-1] INFO  storage.RaftStorage (RaftStorage.java:format(84)) - Storage directory /workdir/hadoop-ozone/integration-test/target/test-dir/MiniOzoneClusterImpl-586bcb63-682e-4ce1-8a8d-05f628e90452/datanode-1/data/ratis/f8d17c87-070e-402f-a8e7-7d32124d860d has been successfully formatted.
2019-10-04 13:52:17,498 [pool-403-thread-1] INFO  server.RaftServerConfigKeys (ConfUtils.java:logGet(43)) - raft.server.notification.no-leader.timeout = 120s (custom)
2019-10-04 13:52:17,498 [pool-383-thread-1] INFO  server.RaftServerConfigKeys (ConfUtils.java:logGet(43)) - raft.server.notification.no-leader.timeout = 120s (custom)
2019-10-04 13:52:17,499 [pool-403-thread-1] INFO  server.RaftServerConfigKeys (ConfUtils.java:logGet(43)) - raft.server.log.use.memory = false (default)
2019-10-04 13:52:17,499 [pool-393-thread-1] INFO  ratis.ContainerStateMachine (ContainerStateMachine.java:loadSnapshot(230)) - group-7D32124D860D: The snapshot info is null. Setting the last applied indexto:(t:0, i:~)
2019-10-04 13:52:17,499 [pool-403-thread-1] INFO  server.RaftServerConfigKeys (ConfUtils.java:logGet(43)) - raft.server.log.purge.gap = 1000000 (custom)
2019-10-04 13:52:17,499 [pool-383-thread-1] INFO  server.RaftServerConfigKeys (ConfUtils.java:logGet(43)) - raft.server.log.use.memory = false (default)
2019-10-04 13:52:17,499 [pool-403-thread-1] INFO  server.RaftServerConfigKeys (ConfUtils.java:logGet(43)) - raft.server.log.appender.buffer.byte-limit = 33554432 (custom)
2019-10-04 13:52:17,499 [pool-393-thread-1] INFO  server.RaftServerConfigKeys (ConfUtils.java:logGet(43)) - raft.server.notification.no-leader.timeout = 120s (custom)
2019-10-04 13:52:17,499 [pool-403-thread-1] INFO  server.RaftServerConfigKeys (ConfUtils.java:logGet(43)) - raft.server.log.segment.size.max = 1048576 (custom)
2019-10-04 13:52:17,499 [pool-383-thread-1] INFO  server.RaftServerConfigKeys (ConfUtils.java:logGet(43)) - raft.server.log.purge.gap = 1000000 (custom)
2019-10-04 13:52:17,499 [pool-403-thread-1] INFO  server.RaftServerConfigKeys (ConfUtils.java:logGet(43)) - raft.server.log.segment.cache.num.max = 2 (custom)
2019-10-04 13:52:17,499 [pool-393-thread-1] INFO  server.RaftServerConfigKeys (ConfUtils.java:logGet(43)) - raft.server.log.use.memory = false (default)
2019-10-04 13:52:17,499 [pool-403-thread-1] INFO  segmented.SegmentedRaftLogWorker (SegmentedRaftLogWorker.java:<init>(173)) - new 3b4eed83-d40e-4c0a-9938-cd816878dab5@group-7D32124D860D-SegmentedRaftLogWorker for RaftStorage:Storage Directory /workdir/hadoop-ozone/integration-test/target/test-dir/MiniOzoneClusterImpl-586bcb63-682e-4ce1-8a8d-05f628e90452/datanode-2/data/ratis/f8d17c87-070e-402f-a8e7-7d32124d860d
2019-10-04 13:52:17,499 [pool-383-thread-1] INFO  server.RaftServerConfigKeys (ConfUtils.java:logGet(43)) - raft.server.log.appender.buffer.byte-limit = 33554432 (custom)
2019-10-04 13:52:17,500 [pool-403-thread-1] INFO  server.RaftServerConfigKeys (ConfUtils.java:logGet(43)) - raft.server.log.queue.byte-limit = 2147483647 (custom)
2019-10-04 13:52:17,500 [pool-393-thread-1] INFO  server.RaftServerConfigKeys (ConfUtils.java:logGet(43)) - raft.server.log.purge.gap = 1000000 (custom)
2019-10-04 13:52:17,500 [pool-403-thread-1] INFO  server.RaftServerConfigKeys (ConfUtils.java:logGet(43)) - raft.server.log.queue.element-limit = 1024 (custom)
2019-10-04 13:52:17,500 [pool-383-thread-1] INFO  server.RaftServerConfigKeys (ConfUtils.java:logGet(43)) - raft.server.log.segment.size.max = 1048576 (custom)
2019-10-04 13:52:17,500 [pool-403-thread-1] INFO  server.RaftServerConfigKeys (ConfUtils.java:logGet(43)) - raft.server.log.segment.size.max = 1048576 (custom)
2019-10-04 13:52:17,500 [pool-393-thread-1] INFO  server.RaftServerConfigKeys (ConfUtils.java:logGet(43)) - raft.server.log.appender.buffer.byte-limit = 33554432 (custom)
2019-10-04 13:52:17,500 [pool-403-thread-1] INFO  server.RaftServerConfigKeys (ConfUtils.java:logGet(43)) - raft.server.log.preallocated.size = 16384 (custom)
2019-10-04 13:52:17,500 [pool-403-thread-1] INFO  server.RaftServerConfigKeys (ConfUtils.java:logGet(43)) - raft.server.log.write.buffer.size = 33554432 (custom)
2019-10-04 13:52:17,500 [pool-383-thread-1] INFO  server.RaftServerConfigKeys (ConfUtils.java:logGet(43)) - raft.server.log.segment.cache.num.max = 2 (custom)
2019-10-04 13:52:17,500 [pool-403-thread-1] INFO  server.RaftServerConfigKeys (ConfUtils.java:logGet(43)) - raft.server.log.force.sync.num = 128 (default)
2019-10-04 13:52:17,500 [pool-393-thread-1] INFO  server.RaftServerConfigKeys (ConfUtils.java:logGet(43)) - raft.server.log.segment.size.max = 1048576 (custom)
2019-10-04 13:52:17,501 [pool-403-thread-1] INFO  server.RaftServerConfigKeys (ConfUtils.java:logGet(43)) - raft.server.log.statemachine.data.sync = true (default)
2019-10-04 13:52:17,501 [pool-383-thread-1] INFO  segmented.SegmentedRaftLogWorker (SegmentedRaftLogWorker.java:<init>(173)) - new 775aa2b3-a62a-4d60-9d25-1be808d8ccd3@group-7D32124D860D-SegmentedRaftLogWorker for RaftStorage:Storage Directory /workdir/hadoop-ozone/integration-test/target/test-dir/MiniOzoneClusterImpl-586bcb63-682e-4ce1-8a8d-05f628e90452/datanode-0/data/ratis/f8d17c87-070e-402f-a8e7-7d32124d860d
2019-10-04 13:52:17,501 [pool-403-thread-1] INFO  server.RaftServerConfigKeys (ConfUtils.java:logGet(43)) - raft.server.log.statemachine.data.sync.timeout = 10s (default)
2019-10-04 13:52:17,501 [pool-393-thread-1] INFO  server.RaftServerConfigKeys (ConfUtils.java:logGet(43)) - raft.server.log.segment.cache.num.max = 2 (custom)
2019-10-04 13:52:17,501 [pool-403-thread-1] INFO  server.RaftServerConfigKeys (ConfUtils.java:logGet(43)) - raft.server.log.statemachine.data.sync.timeout.retry = -1 (default)
2019-10-04 13:52:17,501 [pool-383-thread-1] INFO  server.RaftServerConfigKeys (ConfUtils.java:logGet(43)) - raft.server.log.queue.byte-limit = 2147483647 (custom)
2019-10-04 13:52:17,501 [pool-403-thread-1] INFO  server.RaftServerConfigKeys (ConfUtils.java:logGet(43)) - raft.server.log.statemachine.data.caching.enabled = true (custom)
2019-10-04 13:52:17,501 [pool-393-thread-1] INFO  segmented.SegmentedRaftLogWorker (SegmentedRaftLogWorker.java:<init>(173)) - new b19ba983-8fe9-4896-8031-8557018a0aaa@group-7D32124D860D-SegmentedRaftLogWorker for RaftStorage:Storage Directory /workdir/hadoop-ozone/integration-test/target/test-dir/MiniOzoneClusterImpl-586bcb63-682e-4ce1-8a8d-05f628e90452/datanode-1/data/ratis/f8d17c87-070e-402f-a8e7-7d32124d860d
2019-10-04 13:52:17,501 [pool-383-thread-1] INFO  server.RaftServerConfigKeys (ConfUtils.java:logGet(43)) - raft.server.log.queue.element-limit = 1024 (custom)
2019-10-04 13:52:17,502 [pool-403-thread-1] INFO  segmented.SegmentedRaftLogWorker (SegmentedRaftLogWorker.java:lambda$new$0(128)) - 3b4eed83-d40e-4c0a-9938-cd816878dab5@group-7D32124D860D-SegmentedRaftLogWorker: flushIndex: setUnconditionally 0 -> -1
2019-10-04 13:52:17,501 [pool-393-thread-1] INFO  server.RaftServerConfigKeys (ConfUtils.java:logGet(43)) - raft.server.log.queue.byte-limit = 2147483647 (custom)
2019-10-04 13:52:17,502 [pool-383-thread-1] INFO  server.RaftServerConfigKeys (ConfUtils.java:logGet(43)) - raft.server.log.segment.size.max = 1048576 (custom)
2019-10-04 13:52:17,502 [pool-403-thread-1] INFO  server.RaftServerConfigKeys (ConfUtils.java:logGet(43)) - raft.server.snapshot.auto.trigger.enabled = true (custom)
2019-10-04 13:52:17,502 [pool-393-thread-1] INFO  server.RaftServerConfigKeys (ConfUtils.java:logGet(43)) - raft.server.log.queue.element-limit = 1024 (custom)
2019-10-04 13:52:17,502 [pool-403-thread-1] INFO  server.RaftServerConfigKeys (ConfUtils.java:logGet(43)) - raft.server.snapshot.auto.trigger.threshold = 10000 (custom)
2019-10-04 13:52:17,502 [pool-383-thread-1] INFO  server.RaftServerConfigKeys (ConfUtils.java:logGet(43)) - raft.server.log.preallocated.size = 16384 (custom)
2019-10-04 13:52:17,502 [pool-403-thread-1] INFO  server.RaftServerConfigKeys (ConfUtils.java:logGet(43)) - raft.server.snapshot.retention.file.num = 5 (custom)
2019-10-04 13:52:17,502 [pool-393-thread-1] INFO  server.RaftServerConfigKeys (ConfUtils.java:logGet(43)) - raft.server.log.segment.size.max = 1048576 (custom)
2019-10-04 13:52:17,502 [pool-403-thread-1] INFO  server.RaftServerConfigKeys (ConfUtils.java:logGet(43)) - raft.server.retrycache.expirytime = 600000ms (custom)
2019-10-04 13:52:17,502 [pool-383-thread-1] INFO  server.RaftServerConfigKeys (ConfUtils.java:logGet(43)) - raft.server.log.write.buffer.size = 33554432 (custom)
2019-10-04 13:52:17,502 [pool-393-thread-1] INFO  server.RaftServerConfigKeys (ConfUtils.java:logGet(43)) - raft.server.log.preallocated.size = 16384 (custom)
2019-10-04 13:52:17,503 [pool-383-thread-1] INFO  server.RaftServerConfigKeys (ConfUtils.java:logGet(43)) - raft.server.log.force.sync.num = 128 (default)
2019-10-04 13:52:17,503 [pool-393-thread-1] INFO  server.RaftServerConfigKeys (ConfUtils.java:logGet(43)) - raft.server.log.write.buffer.size = 33554432 (custom)
2019-10-04 13:52:17,503 [pool-383-thread-1] INFO  server.RaftServerConfigKeys (ConfUtils.java:logGet(43)) - raft.server.log.statemachine.data.sync = true (default)
2019-10-04 13:52:17,503 [pool-393-thread-1] INFO  server.RaftServerConfigKeys (ConfUtils.java:logGet(43)) - raft.server.log.force.sync.num = 128 (default)
2019-10-04 13:52:17,503 [pool-383-thread-1] INFO  server.RaftServerConfigKeys (ConfUtils.java:logGet(43)) - raft.server.log.statemachine.data.sync.timeout = 10s (default)
2019-10-04 13:52:17,503 [pool-393-thread-1] INFO  server.RaftServerConfigKeys (ConfUtils.java:logGet(43)) - raft.server.log.statemachine.data.sync = true (default)
2019-10-04 13:52:17,504 [pool-383-thread-1] INFO  server.RaftServerConfigKeys (ConfUtils.java:logGet(43)) - raft.server.log.statemachine.data.sync.timeout.retry = -1 (default)
2019-10-04 13:52:17,504 [pool-403-thread-1] INFO  impl.RaftServerImpl (RaftServerImpl.java:start(181)) - 3b4eed83-d40e-4c0a-9938-cd816878dab5@group-7D32124D860D: start as a follower, conf=-1: [b19ba983-8fe9-4896-8031-8557018a0aaa:192.168.5.142:37634, 775aa2b3-a62a-4d60-9d25-1be808d8ccd3:192.168.5.142:36438, 3b4eed83-d40e-4c0a-9938-cd816878dab5:192.168.5.142:34040], old=null
2019-10-04 13:52:17,504 [pool-393-thread-1] INFO  server.RaftServerConfigKeys (ConfUtils.java:logGet(43)) - raft.server.log.statemachine.data.sync.timeout = 10s (default)
2019-10-04 13:52:17,504 [pool-403-thread-1] INFO  impl.RaftServerImpl (RaftServerImpl.java:setRole(170)) - 3b4eed83-d40e-4c0a-9938-cd816878dab5@group-7D32124D860D: changes role from      null to FOLLOWER at term 0 for startAsFollower
2019-10-04 13:52:17,504 [pool-383-thread-1] INFO  server.RaftServerConfigKeys (ConfUtils.java:logGet(43)) - raft.server.log.statemachine.data.caching.enabled = true (custom)
2019-10-04 13:52:17,504 [pool-403-thread-1] INFO  impl.RoleInfo (RoleInfo.java:updateAndGet(143)) - 3b4eed83-d40e-4c0a-9938-cd816878dab5: start FollowerState
2019-10-04 13:52:17,504 [pool-393-thread-1] INFO  server.RaftServerConfigKeys (ConfUtils.java:logGet(43)) - raft.server.log.statemachine.data.sync.timeout.retry = -1 (default)
2019-10-04 13:52:17,504 [pool-383-thread-1] INFO  segmented.SegmentedRaftLogWorker (SegmentedRaftLogWorker.java:lambda$new$0(128)) - 775aa2b3-a62a-4d60-9d25-1be808d8ccd3@group-7D32124D860D-SegmentedRaftLogWorker: flushIndex: setUnconditionally 0 -> -1
2019-10-04 13:52:17,504 [pool-393-thread-1] INFO  server.RaftServerConfigKeys (ConfUtils.java:logGet(43)) - raft.server.log.statemachine.data.caching.enabled = true (custom)
2019-10-04 13:52:17,505 [pool-403-thread-1] INFO  util.JmxRegister (JmxRegister.java:tryRegister(44)) - Successfully registered JMX Bean with object name Ratis:service=RaftServer,group=group-7D32124D860D,id=3b4eed83-d40e-4c0a-9938-cd816878dab5
2019-10-04 13:52:17,505 [pool-393-thread-1] INFO  segmented.SegmentedRaftLogWorker (SegmentedRaftLogWorker.java:lambda$new$0(128)) - b19ba983-8fe9-4896-8031-8557018a0aaa@group-7D32124D860D-SegmentedRaftLogWorker: flushIndex: setUnconditionally 0 -> -1
2019-10-04 13:52:17,505 [pool-383-thread-1] INFO  server.RaftServerConfigKeys (ConfUtils.java:logGet(43)) - raft.server.snapshot.auto.trigger.enabled = true (custom)
2019-10-04 13:52:17,505 [pool-393-thread-1] INFO  server.RaftServerConfigKeys (ConfUtils.java:logGet(43)) - raft.server.snapshot.auto.trigger.enabled = true (custom)
2019-10-04 13:52:17,505 [pool-383-thread-1] INFO  server.RaftServerConfigKeys (ConfUtils.java:logGet(43)) - raft.server.snapshot.auto.trigger.threshold = 10000 (custom)
2019-10-04 13:52:17,505 [pool-393-thread-1] INFO  server.RaftServerConfigKeys (ConfUtils.java:logGet(43)) - raft.server.snapshot.auto.trigger.threshold = 10000 (custom)
2019-10-04 13:52:17,505 [pool-383-thread-1] INFO  server.RaftServerConfigKeys (ConfUtils.java:logGet(43)) - raft.server.snapshot.retention.file.num = 5 (custom)
2019-10-04 13:52:17,505 [pool-393-thread-1] INFO  server.RaftServerConfigKeys (ConfUtils.java:logGet(43)) - raft.server.snapshot.retention.file.num = 5 (custom)
2019-10-04 13:52:17,506 [pool-383-thread-1] INFO  server.RaftServerConfigKeys (ConfUtils.java:logGet(43)) - raft.server.retrycache.expirytime = 600000ms (custom)
2019-10-04 13:52:17,506 [pool-393-thread-1] INFO  server.RaftServerConfigKeys (ConfUtils.java:logGet(43)) - raft.server.retrycache.expirytime = 600000ms (custom)
2019-10-04 13:52:17,512 [pool-393-thread-1] INFO  impl.RaftServerImpl (RaftServerImpl.java:start(181)) - b19ba983-8fe9-4896-8031-8557018a0aaa@group-7D32124D860D: start as a follower, conf=-1: [b19ba983-8fe9-4896-8031-8557018a0aaa:192.168.5.142:37634, 775aa2b3-a62a-4d60-9d25-1be808d8ccd3:192.168.5.142:36438, 3b4eed83-d40e-4c0a-9938-cd816878dab5:192.168.5.142:34040], old=null
2019-10-04 13:52:17,512 [pool-393-thread-1] INFO  impl.RaftServerImpl (RaftServerImpl.java:setRole(170)) - b19ba983-8fe9-4896-8031-8557018a0aaa@group-7D32124D860D: changes role from      null to FOLLOWER at term 0 for startAsFollower
2019-10-04 13:52:17,512 [pool-383-thread-1] INFO  impl.RaftServerImpl (RaftServerImpl.java:start(181)) - 775aa2b3-a62a-4d60-9d25-1be808d8ccd3@group-7D32124D860D: start as a follower, conf=-1: [b19ba983-8fe9-4896-8031-8557018a0aaa:192.168.5.142:37634, 775aa2b3-a62a-4d60-9d25-1be808d8ccd3:192.168.5.142:36438, 3b4eed83-d40e-4c0a-9938-cd816878dab5:192.168.5.142:34040], old=null
2019-10-04 13:52:17,512 [pool-393-thread-1] INFO  impl.RoleInfo (RoleInfo.java:updateAndGet(143)) - b19ba983-8fe9-4896-8031-8557018a0aaa: start FollowerState
2019-10-04 13:52:17,513 [pool-383-thread-1] INFO  impl.RaftServerImpl (RaftServerImpl.java:setRole(170)) - 775aa2b3-a62a-4d60-9d25-1be808d8ccd3@group-7D32124D860D: changes role from      null to FOLLOWER at term 0 for startAsFollower
2019-10-04 13:52:17,513 [pool-393-thread-1] INFO  util.JmxRegister (JmxRegister.java:tryRegister(44)) - Successfully registered JMX Bean with object name Ratis:service=RaftServer,group=group-7D32124D860D,id=b19ba983-8fe9-4896-8031-8557018a0aaa
2019-10-04 13:52:17,513 [pool-383-thread-1] INFO  impl.RoleInfo (RoleInfo.java:updateAndGet(143)) - 775aa2b3-a62a-4d60-9d25-1be808d8ccd3: start FollowerState
2019-10-04 13:52:17,513 [pool-383-thread-1] INFO  util.JmxRegister (JmxRegister.java:tryRegister(44)) - Successfully registered JMX Bean with object name Ratis:service=RaftServer,group=group-7D32124D860D,id=775aa2b3-a62a-4d60-9d25-1be808d8ccd3
2019-10-04 13:52:17,522 [RatisPipelineUtilsThread] INFO  pipeline.PipelineStateManager (PipelineStateManager.java:addPipeline(56)) - Created pipeline Pipeline[ Id: f8d17c87-070e-402f-a8e7-7d32124d860d, Nodes: b19ba983-8fe9-4896-8031-8557018a0aaa{ip: 192.168.5.142, host: pr-hdds-2204-d78b8-1674338442, networkLocation: /default-rack, certSerialId: null}775aa2b3-a62a-4d60-9d25-1be808d8ccd3{ip: 192.168.5.142, host: pr-hdds-2204-d78b8-1674338442, networkLocation: /default-rack, certSerialId: null}3b4eed83-d40e-4c0a-9938-cd816878dab5{ip: 192.168.5.142, host: pr-hdds-2204-d78b8-1674338442, networkLocation: /default-rack, certSerialId: null}, Type:RATIS, Factor:THREE, State:OPEN]
2019-10-04 13:52:17,572 [IPC Server handler 18 on 37585] INFO  net.NetworkTopology (NetworkTopologyImpl.java:add(111)) - Added a new node: /default-rack/c42c8b8d-a309-412f-9236-63affaeeaa96
2019-10-04 13:52:17,572 [IPC Server handler 18 on 37585] INFO  node.SCMNodeManager (SCMNodeManager.java:register(268)) - Registered Data node : c42c8b8d-a309-412f-9236-63affaeeaa96{ip: 192.168.5.142, host: pr-hdds-2204-d78b8-1674338442, networkLocation: /default-rack, certSerialId: null}
2019-10-04 13:52:17,580 [grpc-default-executor-2] INFO  impl.RaftServerProxy (RaftServerProxy.java:addNew(89)) - c42c8b8d-a309-412f-9236-63affaeeaa96: addNew group-3209804FAB3A:[c42c8b8d-a309-412f-9236-63affaeeaa96:192.168.5.142:38025] returns group-3209804FAB3A:java.util.concurrent.CompletableFuture@29de3a62[Not completed]
2019-10-04 13:52:17,583 [pool-423-thread-1] INFO  impl.RaftServerImpl (RaftServerImpl.java:<init>(95)) - c42c8b8d-a309-412f-9236-63affaeeaa96: new RaftServerImpl for group-3209804FAB3A:[c42c8b8d-a309-412f-9236-63affaeeaa96:192.168.5.142:38025] with ContainerStateMachine:uninitialized
2019-10-04 13:52:17,583 [pool-423-thread-1] INFO  server.RaftServerConfigKeys (ConfUtils.java:logGet(43)) - raft.server.rpc.timeout.min = 5s (custom)
2019-10-04 13:52:17,583 [pool-423-thread-1] INFO  server.RaftServerConfigKeys (ConfUtils.java:logGet(43)) - raft.server.rpc.timeout.max = 5200ms (custom)
2019-10-04 13:52:17,583 [pool-423-thread-1] INFO  server.RaftServerConfigKeys (ConfUtils.java:logGet(43)) - raft.server.rpcslowness.timeout = 120s (custom)
2019-10-04 13:52:17,584 [pool-423-thread-1] INFO  server.RaftServerConfigKeys (ConfUtils.java:logGet(43)) - raft.server.sleep.deviation.threshold = 300 (default)
2019-10-04 13:52:17,584 [pool-423-thread-1] INFO  server.RaftServerConfigKeys (ConfUtils.java:logGet(43)) - raft.server.log.appender.install.snapshot.enabled = false (custom)
2019-10-04 13:52:17,584 [pool-423-thread-1] INFO  impl.RaftServerImpl (ServerState.java:<init>(103)) - c42c8b8d-a309-412f-9236-63affaeeaa96@group-3209804FAB3A: ConfigurationManager, init=-1: [c42c8b8d-a309-412f-9236-63affaeeaa96:192.168.5.142:38025], old=null, confs=<EMPTY_MAP>
2019-10-04 13:52:17,584 [pool-423-thread-1] INFO  server.RaftServerConfigKeys (ConfUtils.java:logGet(43)) - raft.server.storage.dir = [/workdir/hadoop-ozone/integration-test/target/test-dir/MiniOzoneClusterImpl-586bcb63-682e-4ce1-8a8d-05f628e90452/datanode-4/data/ratis] (custom)
2019-10-04 13:52:17,584 [pool-423-thread-1] INFO  server.RaftServerConfigKeys (ConfUtils.java:logGet(43)) - raft.server.log.corruption.policy = EXCEPTION (default)
2019-10-04 13:52:17,585 [pool-423-thread-1] INFO  storage.RaftStorageDirectory (RaftStorageDirectory.java:analyzeStorage(246)) - The storage directory /workdir/hadoop-ozone/integration-test/target/test-dir/MiniOzoneClusterImpl-586bcb63-682e-4ce1-8a8d-05f628e90452/datanode-4/data/ratis/88d305b6-1ce0-481f-8a5d-3209804fab3a does not exist. Creating ...
2019-10-04 13:52:17,597 [pool-423-thread-1] INFO  storage.RaftStorageDirectory (RaftStorageDirectory.java:tryLock(328)) - Lock on /workdir/hadoop-ozone/integration-test/target/test-dir/MiniOzoneClusterImpl-586bcb63-682e-4ce1-8a8d-05f628e90452/datanode-4/data/ratis/88d305b6-1ce0-481f-8a5d-3209804fab3a/in_use.lock acquired by nodename 23947@pr-hdds-2204-d78b8-1674338442
2019-10-04 13:52:17,610 [pool-423-thread-1] INFO  storage.RaftStorage (RaftStorage.java:format(84)) - Storage directory /workdir/hadoop-ozone/integration-test/target/test-dir/MiniOzoneClusterImpl-586bcb63-682e-4ce1-8a8d-05f628e90452/datanode-4/data/ratis/88d305b6-1ce0-481f-8a5d-3209804fab3a has been successfully formatted.
2019-10-04 13:52:17,611 [pool-423-thread-1] INFO  ratis.ContainerStateMachine (ContainerStateMachine.java:loadSnapshot(230)) - group-3209804FAB3A: The snapshot info is null. Setting the last applied indexto:(t:0, i:~)
2019-10-04 13:52:17,611 [pool-423-thread-1] INFO  server.RaftServerConfigKeys (ConfUtils.java:logGet(43)) - raft.server.notification.no-leader.timeout = 120s (custom)
2019-10-04 13:52:17,611 [pool-423-thread-1] INFO  server.RaftServerConfigKeys (ConfUtils.java:logGet(43)) - raft.server.log.use.memory = false (default)
2019-10-04 13:52:17,611 [pool-423-thread-1] INFO  server.RaftServerConfigKeys (ConfUtils.java:logGet(43)) - raft.server.log.purge.gap = 1000000 (custom)
2019-10-04 13:52:17,611 [pool-423-thread-1] INFO  server.RaftServerConfigKeys (ConfUtils.java:logGet(43)) - raft.server.log.appender.buffer.byte-limit = 33554432 (custom)
2019-10-04 13:52:17,611 [pool-423-thread-1] INFO  server.RaftServerConfigKeys (ConfUtils.java:logGet(43)) - raft.server.log.segment.size.max = 1048576 (custom)
2019-10-04 13:52:17,614 [pool-423-thread-1] INFO  server.RaftServerConfigKeys (ConfUtils.java:logGet(43)) - raft.server.log.segment.cache.num.max = 2 (custom)
2019-10-04 13:52:17,614 [pool-423-thread-1] INFO  segmented.SegmentedRaftLogWorker (SegmentedRaftLogWorker.java:<init>(173)) - new c42c8b8d-a309-412f-9236-63affaeeaa96@group-3209804FAB3A-SegmentedRaftLogWorker for RaftStorage:Storage Directory /workdir/hadoop-ozone/integration-test/target/test-dir/MiniOzoneClusterImpl-586bcb63-682e-4ce1-8a8d-05f628e90452/datanode-4/data/ratis/88d305b6-1ce0-481f-8a5d-3209804fab3a
2019-10-04 13:52:17,614 [pool-423-thread-1] INFO  server.RaftServerConfigKeys (ConfUtils.java:logGet(43)) - raft.server.log.queue.byte-limit = 2147483647 (custom)
2019-10-04 13:52:17,614 [pool-423-thread-1] INFO  server.RaftServerConfigKeys (ConfUtils.java:logGet(43)) - raft.server.log.queue.element-limit = 1024 (custom)
2019-10-04 13:52:17,614 [pool-423-thread-1] INFO  server.RaftServerConfigKeys (ConfUtils.java:logGet(43)) - raft.server.log.segment.size.max = 1048576 (custom)
2019-10-04 13:52:17,614 [pool-423-thread-1] INFO  server.RaftServerConfigKeys (ConfUtils.java:logGet(43)) - raft.server.log.preallocated.size = 16384 (custom)
2019-10-04 13:52:17,615 [pool-423-thread-1] INFO  server.RaftServerConfigKeys (ConfUtils.java:logGet(43)) - raft.server.log.write.buffer.size = 33554432 (custom)
2019-10-04 13:52:17,615 [pool-423-thread-1] INFO  server.RaftServerConfigKeys (ConfUtils.java:logGet(43)) - raft.server.log.force.sync.num = 128 (default)
2019-10-04 13:52:17,615 [pool-423-thread-1] INFO  server.RaftServerConfigKeys (ConfUtils.java:logGet(43)) - raft.server.log.statemachine.data.sync = true (default)
2019-10-04 13:52:17,615 [pool-423-thread-1] INFO  server.RaftServerConfigKeys (ConfUtils.java:logGet(43)) - raft.server.log.statemachine.data.sync.timeout = 10s (default)
2019-10-04 13:52:17,615 [pool-423-thread-1] INFO  server.RaftServerConfigKeys (ConfUtils.java:logGet(43)) - raft.server.log.statemachine.data.sync.timeout.retry = -1 (default)
2019-10-04 13:52:17,616 [pool-423-thread-1] INFO  server.RaftServerConfigKeys (ConfUtils.java:logGet(43)) - raft.server.log.statemachine.data.caching.enabled = true (custom)
2019-10-04 13:52:17,616 [pool-423-thread-1] INFO  segmented.SegmentedRaftLogWorker (SegmentedRaftLogWorker.java:lambda$new$0(128)) - c42c8b8d-a309-412f-9236-63affaeeaa96@group-3209804FAB3A-SegmentedRaftLogWorker: flushIndex: setUnconditionally 0 -> -1
2019-10-04 13:52:17,616 [pool-423-thread-1] INFO  server.RaftServerConfigKeys (ConfUtils.java:logGet(43)) - raft.server.snapshot.auto.trigger.enabled = true (custom)
2019-10-04 13:52:17,616 [pool-423-thread-1] INFO  server.RaftServerConfigKeys (ConfUtils.java:logGet(43)) - raft.server.snapshot.auto.trigger.threshold = 10000 (custom)
2019-10-04 13:52:17,617 [pool-423-thread-1] INFO  server.RaftServerConfigKeys (ConfUtils.java:logGet(43)) - raft.server.snapshot.retention.file.num = 5 (custom)
2019-10-04 13:52:17,617 [pool-423-thread-1] INFO  server.RaftServerConfigKeys (ConfUtils.java:logGet(43)) - raft.server.retrycache.expirytime = 600000ms (custom)
2019-10-04 13:52:17,619 [pool-423-thread-1] INFO  impl.RaftServerImpl (RaftServerImpl.java:start(181)) - c42c8b8d-a309-412f-9236-63affaeeaa96@group-3209804FAB3A: start as a follower, conf=-1: [c42c8b8d-a309-412f-9236-63affaeeaa96:192.168.5.142:38025], old=null
2019-10-04 13:52:17,619 [pool-423-thread-1] INFO  impl.RaftServerImpl (RaftServerImpl.java:setRole(170)) - c42c8b8d-a309-412f-9236-63affaeeaa96@group-3209804FAB3A: changes role from      null to FOLLOWER at term 0 for startAsFollower
2019-10-04 13:52:17,619 [pool-423-thread-1] INFO  impl.RoleInfo (RoleInfo.java:updateAndGet(143)) - c42c8b8d-a309-412f-9236-63affaeeaa96: start FollowerState
2019-10-04 13:52:17,620 [pool-423-thread-1] INFO  util.JmxRegister (JmxRegister.java:tryRegister(44)) - Successfully registered JMX Bean with object name Ratis:service=RaftServer,group=group-3209804FAB3A,id=c42c8b8d-a309-412f-9236-63affaeeaa96
2019-10-04 13:52:17,628 [RatisPipelineUtilsThread] INFO  pipeline.PipelineStateManager (PipelineStateManager.java:addPipeline(56)) - Created pipeline Pipeline[ Id: 88d305b6-1ce0-481f-8a5d-3209804fab3a, Nodes: c42c8b8d-a309-412f-9236-63affaeeaa96{ip: 192.168.5.142, host: pr-hdds-2204-d78b8-1674338442, networkLocation: /default-rack, certSerialId: null}, Type:RATIS, Factor:ONE, State:OPEN]
2019-10-04 13:52:17,635 [grpc-default-executor-1] INFO  impl.RaftServerProxy (RaftServerProxy.java:addNew(89)) - 638d3168-c9f1-473b-8692-392ed7ec5b86: addNew group-81FB8BBEFCA7:[638d3168-c9f1-473b-8692-392ed7ec5b86:192.168.5.142:37512] returns group-81FB8BBEFCA7:java.util.concurrent.CompletableFuture@69367c95[Not completed]
2019-10-04 13:52:17,637 [pool-413-thread-1] INFO  impl.RaftServerImpl (RaftServerImpl.java:<init>(95)) - 638d3168-c9f1-473b-8692-392ed7ec5b86: new RaftServerImpl for group-81FB8BBEFCA7:[638d3168-c9f1-473b-8692-392ed7ec5b86:192.168.5.142:37512] with ContainerStateMachine:uninitialized
2019-10-04 13:52:17,637 [pool-413-thread-1] INFO  server.RaftServerConfigKeys (ConfUtils.java:logGet(43)) - raft.server.rpc.timeout.min = 5s (custom)
2019-10-04 13:52:17,637 [pool-413-thread-1] INFO  server.RaftServerConfigKeys (ConfUtils.java:logGet(43)) - raft.server.rpc.timeout.max = 5200ms (custom)
2019-10-04 13:52:17,638 [pool-413-thread-1] INFO  server.RaftServerConfigKeys (ConfUtils.java:logGet(43)) - raft.server.rpcslowness.timeout = 120s (custom)
2019-10-04 13:52:17,638 [pool-413-thread-1] INFO  server.RaftServerConfigKeys (ConfUtils.java:logGet(43)) - raft.server.sleep.deviation.threshold = 300 (default)
2019-10-04 13:52:17,638 [pool-413-thread-1] INFO  server.RaftServerConfigKeys (ConfUtils.java:logGet(43)) - raft.server.log.appender.install.snapshot.enabled = false (custom)
2019-10-04 13:52:17,638 [pool-413-thread-1] INFO  impl.RaftServerImpl (ServerState.java:<init>(103)) - 638d3168-c9f1-473b-8692-392ed7ec5b86@group-81FB8BBEFCA7: ConfigurationManager, init=-1: [638d3168-c9f1-473b-8692-392ed7ec5b86:192.168.5.142:37512], old=null, confs=<EMPTY_MAP>
2019-10-04 13:52:17,638 [pool-413-thread-1] INFO  server.RaftServerConfigKeys (ConfUtils.java:logGet(43)) - raft.server.storage.dir = [/workdir/hadoop-ozone/integration-test/target/test-dir/MiniOzoneClusterImpl-586bcb63-682e-4ce1-8a8d-05f628e90452/datanode-3/data/ratis] (custom)
2019-10-04 13:52:17,638 [pool-413-thread-1] INFO  server.RaftServerConfigKeys (ConfUtils.java:logGet(43)) - raft.server.log.corruption.policy = EXCEPTION (default)
2019-10-04 13:52:17,639 [pool-413-thread-1] INFO  storage.RaftStorageDirectory (RaftStorageDirectory.java:analyzeStorage(246)) - The storage directory /workdir/hadoop-ozone/integration-test/target/test-dir/MiniOzoneClusterImpl-586bcb63-682e-4ce1-8a8d-05f628e90452/datanode-3/data/ratis/5713879d-b604-47b7-8f7e-81fb8bbefca7 does not exist. Creating ...
2019-10-04 13:52:17,651 [pool-413-thread-1] INFO  storage.RaftStorageDirectory (RaftStorageDirectory.java:tryLock(328)) - Lock on /workdir/hadoop-ozone/integration-test/target/test-dir/MiniOzoneClusterImpl-586bcb63-682e-4ce1-8a8d-05f628e90452/datanode-3/data/ratis/5713879d-b604-47b7-8f7e-81fb8bbefca7/in_use.lock acquired by nodename 23947@pr-hdds-2204-d78b8-1674338442
2019-10-04 13:52:17,664 [pool-413-thread-1] INFO  storage.RaftStorage (RaftStorage.java:format(84)) - Storage directory /workdir/hadoop-ozone/integration-test/target/test-dir/MiniOzoneClusterImpl-586bcb63-682e-4ce1-8a8d-05f628e90452/datanode-3/data/ratis/5713879d-b604-47b7-8f7e-81fb8bbefca7 has been successfully formatted.
2019-10-04 13:52:17,665 [pool-413-thread-1] INFO  ratis.ContainerStateMachine (ContainerStateMachine.java:loadSnapshot(230)) - group-81FB8BBEFCA7: The snapshot info is null. Setting the last applied indexto:(t:0, i:~)
2019-10-04 13:52:17,665 [pool-413-thread-1] INFO  server.RaftServerConfigKeys (ConfUtils.java:logGet(43)) - raft.server.notification.no-leader.timeout = 120s (custom)
2019-10-04 13:52:17,665 [pool-413-thread-1] INFO  server.RaftServerConfigKeys (ConfUtils.java:logGet(43)) - raft.server.log.use.memory = false (default)
2019-10-04 13:52:17,665 [pool-413-thread-1] INFO  server.RaftServerConfigKeys (ConfUtils.java:logGet(43)) - raft.server.log.purge.gap = 1000000 (custom)
2019-10-04 13:52:17,665 [pool-413-thread-1] INFO  server.RaftServerConfigKeys (ConfUtils.java:logGet(43)) - raft.server.log.appender.buffer.byte-limit = 33554432 (custom)
2019-10-04 13:52:17,665 [pool-413-thread-1] INFO  server.RaftServerConfigKeys (ConfUtils.java:logGet(43)) - raft.server.log.segment.size.max = 1048576 (custom)
2019-10-04 13:52:17,667 [IPC Server handler 16 on 37585] INFO  net.NetworkTopology (NetworkTopologyImpl.java:add(111)) - Added a new node: /default-rack/15fc2cd3-593a-4821-99b2-21428cfd7c00
2019-10-04 13:52:17,667 [IPC Server handler 16 on 37585] INFO  node.SCMNodeManager (SCMNodeManager.java:register(268)) - Registered Data node : 15fc2cd3-593a-4821-99b2-21428cfd7c00{ip: 192.168.5.142, host: pr-hdds-2204-d78b8-1674338442, networkLocation: /default-rack, certSerialId: null}
2019-10-04 13:52:17,668 [pool-413-thread-1] INFO  server.RaftServerConfigKeys (ConfUtils.java:logGet(43)) - raft.server.log.segment.cache.num.max = 2 (custom)
2019-10-04 13:52:17,668 [pool-413-thread-1] INFO  segmented.SegmentedRaftLogWorker (SegmentedRaftLogWorker.java:<init>(173)) - new 638d3168-c9f1-473b-8692-392ed7ec5b86@group-81FB8BBEFCA7-SegmentedRaftLogWorker for RaftStorage:Storage Directory /workdir/hadoop-ozone/integration-test/target/test-dir/MiniOzoneClusterImpl-586bcb63-682e-4ce1-8a8d-05f628e90452/datanode-3/data/ratis/5713879d-b604-47b7-8f7e-81fb8bbefca7
2019-10-04 13:52:17,668 [pool-413-thread-1] INFO  server.RaftServerConfigKeys (ConfUtils.java:logGet(43)) - raft.server.log.queue.byte-limit = 2147483647 (custom)
2019-10-04 13:52:17,668 [pool-413-thread-1] INFO  server.RaftServerConfigKeys (ConfUtils.java:logGet(43)) - raft.server.log.queue.element-limit = 1024 (custom)
2019-10-04 13:52:17,668 [pool-413-thread-1] INFO  server.RaftServerConfigKeys (ConfUtils.java:logGet(43)) - raft.server.log.segment.size.max = 1048576 (custom)
2019-10-04 13:52:17,668 [pool-413-thread-1] INFO  server.RaftServerConfigKeys (ConfUtils.java:logGet(43)) - raft.server.log.preallocated.size = 16384 (custom)
2019-10-04 13:52:17,669 [pool-413-thread-1] INFO  server.RaftServerConfigKeys (ConfUtils.java:logGet(43)) - raft.server.log.write.buffer.size = 33554432 (custom)
2019-10-04 13:52:17,669 [pool-413-thread-1] INFO  server.RaftServerConfigKeys (ConfUtils.java:logGet(43)) - raft.server.log.force.sync.num = 128 (default)
2019-10-04 13:52:17,669 [pool-413-thread-1] INFO  server.RaftServerConfigKeys (ConfUtils.java:logGet(43)) - raft.server.log.statemachine.data.sync = true (default)
2019-10-04 13:52:17,669 [pool-413-thread-1] INFO  server.RaftServerConfigKeys (ConfUtils.java:logGet(43)) - raft.server.log.statemachine.data.sync.timeout = 10s (default)
2019-10-04 13:52:17,669 [pool-413-thread-1] INFO  server.RaftServerConfigKeys (ConfUtils.java:logGet(43)) - raft.server.log.statemachine.data.sync.timeout.retry = -1 (default)
2019-10-04 13:52:17,670 [pool-413-thread-1] INFO  server.RaftServerConfigKeys (ConfUtils.java:logGet(43)) - raft.server.log.statemachine.data.caching.enabled = true (custom)
2019-10-04 13:52:17,670 [pool-413-thread-1] INFO  segmented.SegmentedRaftLogWorker (SegmentedRaftLogWorker.java:lambda$new$0(128)) - 638d3168-c9f1-473b-8692-392ed7ec5b86@group-81FB8BBEFCA7-SegmentedRaftLogWorker: flushIndex: setUnconditionally 0 -> -1
2019-10-04 13:52:17,670 [pool-413-thread-1] INFO  server.RaftServerConfigKeys (ConfUtils.java:logGet(43)) - raft.server.snapshot.auto.trigger.enabled = true (custom)
2019-10-04 13:52:17,670 [pool-413-thread-1] INFO  server.RaftServerConfigKeys (ConfUtils.java:logGet(43)) - raft.server.snapshot.auto.trigger.threshold = 10000 (custom)
2019-10-04 13:52:17,671 [pool-413-thread-1] INFO  server.RaftServerConfigKeys (ConfUtils.java:logGet(43)) - raft.server.snapshot.retention.file.num = 5 (custom)
2019-10-04 13:52:17,671 [pool-413-thread-1] INFO  server.RaftServerConfigKeys (ConfUtils.java:logGet(43)) - raft.server.retrycache.expirytime = 600000ms (custom)
2019-10-04 13:52:17,673 [pool-413-thread-1] INFO  impl.RaftServerImpl (RaftServerImpl.java:start(181)) - 638d3168-c9f1-473b-8692-392ed7ec5b86@group-81FB8BBEFCA7: start as a follower, conf=-1: [638d3168-c9f1-473b-8692-392ed7ec5b86:192.168.5.142:37512], old=null
2019-10-04 13:52:17,673 [pool-413-thread-1] INFO  impl.RaftServerImpl (RaftServerImpl.java:setRole(170)) - 638d3168-c9f1-473b-8692-392ed7ec5b86@group-81FB8BBEFCA7: changes role from      null to FOLLOWER at term 0 for startAsFollower
2019-10-04 13:52:17,673 [pool-413-thread-1] INFO  impl.RoleInfo (RoleInfo.java:updateAndGet(143)) - 638d3168-c9f1-473b-8692-392ed7ec5b86: start FollowerState
2019-10-04 13:52:17,674 [pool-413-thread-1] INFO  util.JmxRegister (JmxRegister.java:tryRegister(44)) - Successfully registered JMX Bean with object name Ratis:service=RaftServer,group=group-81FB8BBEFCA7,id=638d3168-c9f1-473b-8692-392ed7ec5b86
2019-10-04 13:52:17,683 [RatisPipelineUtilsThread] INFO  pipeline.PipelineStateManager (PipelineStateManager.java:addPipeline(56)) - Created pipeline Pipeline[ Id: 5713879d-b604-47b7-8f7e-81fb8bbefca7, Nodes: 638d3168-c9f1-473b-8692-392ed7ec5b86{ip: 192.168.5.142, host: pr-hdds-2204-d78b8-1674338442, networkLocation: /default-rack, certSerialId: null}, Type:RATIS, Factor:ONE, State:OPEN]
2019-10-04 13:52:17,692 [grpc-default-executor-1] INFO  impl.RaftServerProxy (RaftServerProxy.java:addNew(89)) - 15fc2cd3-593a-4821-99b2-21428cfd7c00: addNew group-8F515FFDE244:[15fc2cd3-593a-4821-99b2-21428cfd7c00:192.168.5.142:41938] returns group-8F515FFDE244:java.util.concurrent.CompletableFuture@125c1e42[Not completed]
2019-10-04 13:52:17,693 [pool-433-thread-1] INFO  impl.RaftServerImpl (RaftServerImpl.java:<init>(95)) - 15fc2cd3-593a-4821-99b2-21428cfd7c00: new RaftServerImpl for group-8F515FFDE244:[15fc2cd3-593a-4821-99b2-21428cfd7c00:192.168.5.142:41938] with ContainerStateMachine:uninitialized
2019-10-04 13:52:17,693 [pool-433-thread-1] INFO  server.RaftServerConfigKeys (ConfUtils.java:logGet(43)) - raft.server.rpc.timeout.min = 5s (custom)
2019-10-04 13:52:17,694 [pool-433-thread-1] INFO  server.RaftServerConfigKeys (ConfUtils.java:logGet(43)) - raft.server.rpc.timeout.max = 5200ms (custom)
2019-10-04 13:52:17,694 [pool-433-thread-1] INFO  server.RaftServerConfigKeys (ConfUtils.java:logGet(43)) - raft.server.rpcslowness.timeout = 120s (custom)
2019-10-04 13:52:17,694 [pool-433-thread-1] INFO  server.RaftServerConfigKeys (ConfUtils.java:logGet(43)) - raft.server.sleep.deviation.threshold = 300 (default)
2019-10-04 13:52:17,694 [pool-433-thread-1] INFO  server.RaftServerConfigKeys (ConfUtils.java:logGet(43)) - raft.server.log.appender.install.snapshot.enabled = false (custom)
2019-10-04 13:52:17,694 [pool-433-thread-1] INFO  impl.RaftServerImpl (ServerState.java:<init>(103)) - 15fc2cd3-593a-4821-99b2-21428cfd7c00@group-8F515FFDE244: ConfigurationManager, init=-1: [15fc2cd3-593a-4821-99b2-21428cfd7c00:192.168.5.142:41938], old=null, confs=<EMPTY_MAP>
2019-10-04 13:52:17,694 [pool-433-thread-1] INFO  server.RaftServerConfigKeys (ConfUtils.java:logGet(43)) - raft.server.storage.dir = [/workdir/hadoop-ozone/integration-test/target/test-dir/MiniOzoneClusterImpl-586bcb63-682e-4ce1-8a8d-05f628e90452/datanode-5/data/ratis] (custom)
2019-10-04 13:52:17,695 [pool-433-thread-1] INFO  server.RaftServerConfigKeys (ConfUtils.java:logGet(43)) - raft.server.log.corruption.policy = EXCEPTION (default)
2019-10-04 13:52:17,695 [pool-433-thread-1] INFO  storage.RaftStorageDirectory (RaftStorageDirectory.java:analyzeStorage(246)) - The storage directory /workdir/hadoop-ozone/integration-test/target/test-dir/MiniOzoneClusterImpl-586bcb63-682e-4ce1-8a8d-05f628e90452/datanode-5/data/ratis/081fdd2b-6fc6-4f3f-a185-8f515ffde244 does not exist. Creating ...
2019-10-04 13:52:17,698 [pool-433-thread-1] INFO  storage.RaftStorageDirectory (RaftStorageDirectory.java:tryLock(328)) - Lock on /workdir/hadoop-ozone/integration-test/target/test-dir/MiniOzoneClusterImpl-586bcb63-682e-4ce1-8a8d-05f628e90452/datanode-5/data/ratis/081fdd2b-6fc6-4f3f-a185-8f515ffde244/in_use.lock acquired by nodename 23947@pr-hdds-2204-d78b8-1674338442
2019-10-04 13:52:17,700 [grpc-default-executor-0] WARN  server.GrpcLogAppender (LogUtils.java:warn(134)) - 39fd4120-165e-45ec-b9c4-971d1f74e9b4@group-76A833EA3DB0->80257ecc-928d-4209-b42a-e72edc2eb975-AppendLogResponseHandler: Failed appendEntries: org.apache.ratis.thirdparty.io.grpc.StatusRuntimeException: UNAVAILABLE: io exception
2019-10-04 13:52:17,700 [grpc-default-executor-6] WARN  server.GrpcLogAppender (LogUtils.java:warn(134)) - 39fd4120-165e-45ec-b9c4-971d1f74e9b4@group-76A833EA3DB0->ad718213-008c-41ec-8a72-c4d801cf9bd2-AppendLogResponseHandler: Failed appendEntries: org.apache.ratis.thirdparty.io.grpc.StatusRuntimeException: UNAVAILABLE: io exception
2019-10-04 13:52:17,700 [grpc-default-executor-0] INFO  impl.FollowerInfo (FollowerInfo.java:lambda$new$0(51)) - 39fd4120-165e-45ec-b9c4-971d1f74e9b4@group-76A833EA3DB0->80257ecc-928d-4209-b42a-e72edc2eb975: nextIndex: updateUnconditionally 0 -> 0
2019-10-04 13:52:17,700 [grpc-default-executor-6] INFO  impl.FollowerInfo (FollowerInfo.java:lambda$new$0(51)) - 39fd4120-165e-45ec-b9c4-971d1f74e9b4@group-76A833EA3DB0->ad718213-008c-41ec-8a72-c4d801cf9bd2: nextIndex: updateUnconditionally 0 -> 0
2019-10-04 13:52:17,717 [pool-433-thread-1] INFO  storage.RaftStorage (RaftStorage.java:format(84)) - Storage directory /workdir/hadoop-ozone/integration-test/target/test-dir/MiniOzoneClusterImpl-586bcb63-682e-4ce1-8a8d-05f628e90452/datanode-5/data/ratis/081fdd2b-6fc6-4f3f-a185-8f515ffde244 has been successfully formatted.
2019-10-04 13:52:17,717 [pool-433-thread-1] INFO  ratis.ContainerStateMachine (ContainerStateMachine.java:loadSnapshot(230)) - group-8F515FFDE244: The snapshot info is null. Setting the last applied indexto:(t:0, i:~)
2019-10-04 13:52:17,717 [pool-433-thread-1] INFO  server.RaftServerConfigKeys (ConfUtils.java:logGet(43)) - raft.server.notification.no-leader.timeout = 120s (custom)
2019-10-04 13:52:17,718 [pool-433-thread-1] INFO  server.RaftServerConfigKeys (ConfUtils.java:logGet(43)) - raft.server.log.use.memory = false (default)
2019-10-04 13:52:17,718 [pool-433-thread-1] INFO  server.RaftServerConfigKeys (ConfUtils.java:logGet(43)) - raft.server.log.purge.gap = 1000000 (custom)
2019-10-04 13:52:17,718 [pool-433-thread-1] INFO  server.RaftServerConfigKeys (ConfUtils.java:logGet(43)) - raft.server.log.appender.buffer.byte-limit = 33554432 (custom)
2019-10-04 13:52:17,718 [pool-433-thread-1] INFO  server.RaftServerConfigKeys (ConfUtils.java:logGet(43)) - raft.server.log.segment.size.max = 1048576 (custom)
2019-10-04 13:52:17,720 [pool-433-thread-1] INFO  server.RaftServerConfigKeys (ConfUtils.java:logGet(43)) - raft.server.log.segment.cache.num.max = 2 (custom)
2019-10-04 13:52:17,720 [pool-433-thread-1] INFO  segmented.SegmentedRaftLogWorker (SegmentedRaftLogWorker.java:<init>(173)) - new 15fc2cd3-593a-4821-99b2-21428cfd7c00@group-8F515FFDE244-SegmentedRaftLogWorker for RaftStorage:Storage Directory /workdir/hadoop-ozone/integration-test/target/test-dir/MiniOzoneClusterImpl-586bcb63-682e-4ce1-8a8d-05f628e90452/datanode-5/data/ratis/081fdd2b-6fc6-4f3f-a185-8f515ffde244
2019-10-04 13:52:17,720 [pool-433-thread-1] INFO  server.RaftServerConfigKeys (ConfUtils.java:logGet(43)) - raft.server.log.queue.byte-limit = 2147483647 (custom)
2019-10-04 13:52:17,720 [pool-433-thread-1] INFO  server.RaftServerConfigKeys (ConfUtils.java:logGet(43)) - raft.server.log.queue.element-limit = 1024 (custom)
2019-10-04 13:52:17,720 [pool-433-thread-1] INFO  server.RaftServerConfigKeys (ConfUtils.java:logGet(43)) - raft.server.log.segment.size.max = 1048576 (custom)
2019-10-04 13:52:17,721 [pool-433-thread-1] INFO  server.RaftServerConfigKeys (ConfUtils.java:logGet(43)) - raft.server.log.preallocated.size = 16384 (custom)
2019-10-04 13:52:17,721 [pool-433-thread-1] INFO  server.RaftServerConfigKeys (ConfUtils.java:logGet(43)) - raft.server.log.write.buffer.size = 33554432 (custom)
2019-10-04 13:52:17,721 [pool-433-thread-1] INFO  server.RaftServerConfigKeys (ConfUtils.java:logGet(43)) - raft.server.log.force.sync.num = 128 (default)
2019-10-04 13:52:17,721 [pool-433-thread-1] INFO  server.RaftServerConfigKeys (ConfUtils.java:logGet(43)) - raft.server.log.statemachine.data.sync = true (default)
2019-10-04 13:52:17,721 [pool-433-thread-1] INFO  server.RaftServerConfigKeys (ConfUtils.java:logGet(43)) - raft.server.log.statemachine.data.sync.timeout = 10s (default)
2019-10-04 13:52:17,721 [pool-433-thread-1] INFO  server.RaftServerConfigKeys (ConfUtils.java:logGet(43)) - raft.server.log.statemachine.data.sync.timeout.retry = -1 (default)
2019-10-04 13:52:17,721 [pool-433-thread-1] INFO  server.RaftServerConfigKeys (ConfUtils.java:logGet(43)) - raft.server.log.statemachine.data.caching.enabled = true (custom)
2019-10-04 13:52:17,722 [pool-433-thread-1] INFO  segmented.SegmentedRaftLogWorker (SegmentedRaftLogWorker.java:lambda$new$0(128)) - 15fc2cd3-593a-4821-99b2-21428cfd7c00@group-8F515FFDE244-SegmentedRaftLogWorker: flushIndex: setUnconditionally 0 -> -1
2019-10-04 13:52:17,722 [pool-433-thread-1] INFO  server.RaftServerConfigKeys (ConfUtils.java:logGet(43)) - raft.server.snapshot.auto.trigger.enabled = true (custom)
2019-10-04 13:52:17,722 [pool-433-thread-1] INFO  server.RaftServerConfigKeys (ConfUtils.java:logGet(43)) - raft.server.snapshot.auto.trigger.threshold = 10000 (custom)
2019-10-04 13:52:17,722 [pool-433-thread-1] INFO  server.RaftServerConfigKeys (ConfUtils.java:logGet(43)) - raft.server.snapshot.retention.file.num = 5 (custom)
2019-10-04 13:52:17,722 [pool-433-thread-1] INFO  server.RaftServerConfigKeys (ConfUtils.java:logGet(43)) - raft.server.retrycache.expirytime = 600000ms (custom)
2019-10-04 13:52:17,724 [pool-433-thread-1] INFO  impl.RaftServerImpl (RaftServerImpl.java:start(181)) - 15fc2cd3-593a-4821-99b2-21428cfd7c00@group-8F515FFDE244: start as a follower, conf=-1: [15fc2cd3-593a-4821-99b2-21428cfd7c00:192.168.5.142:41938], old=null
2019-10-04 13:52:17,725 [pool-433-thread-1] INFO  impl.RaftServerImpl (RaftServerImpl.java:setRole(170)) - 15fc2cd3-593a-4821-99b2-21428cfd7c00@group-8F515FFDE244: changes role from      null to FOLLOWER at term 0 for startAsFollower
2019-10-04 13:52:17,725 [pool-433-thread-1] INFO  impl.RoleInfo (RoleInfo.java:updateAndGet(143)) - 15fc2cd3-593a-4821-99b2-21428cfd7c00: start FollowerState
2019-10-04 13:52:17,725 [pool-433-thread-1] INFO  util.JmxRegister (JmxRegister.java:tryRegister(44)) - Successfully registered JMX Bean with object name Ratis:service=RaftServer,group=group-8F515FFDE244,id=15fc2cd3-593a-4821-99b2-21428cfd7c00
2019-10-04 13:52:17,734 [RatisPipelineUtilsThread] INFO  pipeline.PipelineStateManager (PipelineStateManager.java:addPipeline(56)) - Created pipeline Pipeline[ Id: 081fdd2b-6fc6-4f3f-a185-8f515ffde244, Nodes: 15fc2cd3-593a-4821-99b2-21428cfd7c00{ip: 192.168.5.142, host: pr-hdds-2204-d78b8-1674338442, networkLocation: /default-rack, certSerialId: null}, Type:RATIS, Factor:ONE, State:OPEN]
2019-10-04 13:52:17,743 [main] INFO  ozone.MiniOzoneClusterImpl (MiniOzoneClusterImpl.java:lambda$waitForClusterToBeReady$0(147)) - Waiting for cluster to be ready. Got 6 of 7 DN Heartbeats.
2019-10-04 13:52:17,743 [IPC Server handler 15 on 37585] INFO  net.NetworkTopology (NetworkTopologyImpl.java:add(111)) - Added a new node: /default-rack/7c7c4115-6e7c-42f9-b99b-5186134f98c7
2019-10-04 13:52:17,747 [IPC Server handler 15 on 37585] INFO  node.SCMNodeManager (SCMNodeManager.java:register(268)) - Registered Data node : 7c7c4115-6e7c-42f9-b99b-5186134f98c7{ip: 192.168.5.142, host: pr-hdds-2204-d78b8-1674338442, networkLocation: /default-rack, certSerialId: null}
2019-10-04 13:52:17,752 [grpc-default-executor-1] INFO  impl.RaftServerProxy (RaftServerProxy.java:addNew(89)) - 15fc2cd3-593a-4821-99b2-21428cfd7c00: addNew group-BC61907F3973:[638d3168-c9f1-473b-8692-392ed7ec5b86:192.168.5.142:37512, c42c8b8d-a309-412f-9236-63affaeeaa96:192.168.5.142:38025, 15fc2cd3-593a-4821-99b2-21428cfd7c00:192.168.5.142:41938] returns group-BC61907F3973:java.util.concurrent.CompletableFuture@426b27f8[Not completed]
2019-10-04 13:52:17,752 [grpc-default-executor-1] INFO  impl.RaftServerProxy (RaftServerProxy.java:addNew(89)) - 638d3168-c9f1-473b-8692-392ed7ec5b86: addNew group-BC61907F3973:[638d3168-c9f1-473b-8692-392ed7ec5b86:192.168.5.142:37512, c42c8b8d-a309-412f-9236-63affaeeaa96:192.168.5.142:38025, 15fc2cd3-593a-4821-99b2-21428cfd7c00:192.168.5.142:41938] returns group-BC61907F3973:java.util.concurrent.CompletableFuture@30379ff9[Not completed]
2019-10-04 13:52:17,753 [grpc-default-executor-1] INFO  impl.RaftServerProxy (RaftServerProxy.java:addNew(89)) - c42c8b8d-a309-412f-9236-63affaeeaa96: addNew group-BC61907F3973:[638d3168-c9f1-473b-8692-392ed7ec5b86:192.168.5.142:37512, c42c8b8d-a309-412f-9236-63affaeeaa96:192.168.5.142:38025, 15fc2cd3-593a-4821-99b2-21428cfd7c00:192.168.5.142:41938] returns group-BC61907F3973:java.util.concurrent.CompletableFuture@58d9c5ed[Not completed]
2019-10-04 13:52:17,753 [pool-433-thread-1] INFO  impl.RaftServerImpl (RaftServerImpl.java:<init>(95)) - 15fc2cd3-593a-4821-99b2-21428cfd7c00: new RaftServerImpl for group-BC61907F3973:[638d3168-c9f1-473b-8692-392ed7ec5b86:192.168.5.142:37512, c42c8b8d-a309-412f-9236-63affaeeaa96:192.168.5.142:38025, 15fc2cd3-593a-4821-99b2-21428cfd7c00:192.168.5.142:41938] with ContainerStateMachine:uninitialized
2019-10-04 13:52:17,753 [pool-433-thread-1] INFO  server.RaftServerConfigKeys (ConfUtils.java:logGet(43)) - raft.server.rpc.timeout.min = 5s (custom)
2019-10-04 13:52:17,753 [pool-433-thread-1] INFO  server.RaftServerConfigKeys (ConfUtils.java:logGet(43)) - raft.server.rpc.timeout.max = 5200ms (custom)
2019-10-04 13:52:17,753 [pool-433-thread-1] INFO  server.RaftServerConfigKeys (ConfUtils.java:logGet(43)) - raft.server.rpcslowness.timeout = 120s (custom)
2019-10-04 13:52:17,754 [pool-413-thread-1] INFO  impl.RaftServerImpl (RaftServerImpl.java:<init>(95)) - 638d3168-c9f1-473b-8692-392ed7ec5b86: new RaftServerImpl for group-BC61907F3973:[638d3168-c9f1-473b-8692-392ed7ec5b86:192.168.5.142:37512, c42c8b8d-a309-412f-9236-63affaeeaa96:192.168.5.142:38025, 15fc2cd3-593a-4821-99b2-21428cfd7c00:192.168.5.142:41938] with ContainerStateMachine:uninitialized
2019-10-04 13:52:17,754 [pool-433-thread-1] INFO  server.RaftServerConfigKeys (ConfUtils.java:logGet(43)) - raft.server.sleep.deviation.threshold = 300 (default)
2019-10-04 13:52:17,754 [pool-413-thread-1] INFO  server.RaftServerConfigKeys (ConfUtils.java:logGet(43)) - raft.server.rpc.timeout.min = 5s (custom)
2019-10-04 13:52:17,754 [pool-433-thread-1] INFO  server.RaftServerConfigKeys (ConfUtils.java:logGet(43)) - raft.server.log.appender.install.snapshot.enabled = false (custom)
2019-10-04 13:52:17,754 [pool-413-thread-1] INFO  server.RaftServerConfigKeys (ConfUtils.java:logGet(43)) - raft.server.rpc.timeout.max = 5200ms (custom)
2019-10-04 13:52:17,754 [pool-433-thread-1] INFO  impl.RaftServerImpl (ServerState.java:<init>(103)) - 15fc2cd3-593a-4821-99b2-21428cfd7c00@group-BC61907F3973: ConfigurationManager, init=-1: [638d3168-c9f1-473b-8692-392ed7ec5b86:192.168.5.142:37512, c42c8b8d-a309-412f-9236-63affaeeaa96:192.168.5.142:38025, 15fc2cd3-593a-4821-99b2-21428cfd7c00:192.168.5.142:41938], old=null, confs=<EMPTY_MAP>
2019-10-04 13:52:17,754 [pool-423-thread-1] INFO  impl.RaftServerImpl (RaftServerImpl.java:<init>(95)) - c42c8b8d-a309-412f-9236-63affaeeaa96: new RaftServerImpl for group-BC61907F3973:[638d3168-c9f1-473b-8692-392ed7ec5b86:192.168.5.142:37512, c42c8b8d-a309-412f-9236-63affaeeaa96:192.168.5.142:38025, 15fc2cd3-593a-4821-99b2-21428cfd7c00:192.168.5.142:41938] with ContainerStateMachine:uninitialized
2019-10-04 13:52:17,754 [pool-413-thread-1] INFO  server.RaftServerConfigKeys (ConfUtils.java:logGet(43)) - raft.server.rpcslowness.timeout = 120s (custom)
2019-10-04 13:52:17,754 [pool-423-thread-1] INFO  server.RaftServerConfigKeys (ConfUtils.java:logGet(43)) - raft.server.rpc.timeout.min = 5s (custom)
2019-10-04 13:52:17,754 [pool-433-thread-1] INFO  server.RaftServerConfigKeys (ConfUtils.java:logGet(43)) - raft.server.storage.dir = [/workdir/hadoop-ozone/integration-test/target/test-dir/MiniOzoneClusterImpl-586bcb63-682e-4ce1-8a8d-05f628e90452/datanode-5/data/ratis] (custom)
2019-10-04 13:52:17,754 [pool-423-thread-1] INFO  server.RaftServerConfigKeys (ConfUtils.java:logGet(43)) - raft.server.rpc.timeout.max = 5200ms (custom)
2019-10-04 13:52:17,755 [pool-423-thread-1] INFO  server.RaftServerConfigKeys (ConfUtils.java:logGet(43)) - raft.server.rpcslowness.timeout = 120s (custom)
2019-10-04 13:52:17,754 [pool-413-thread-1] INFO  server.RaftServerConfigKeys (ConfUtils.java:logGet(43)) - raft.server.sleep.deviation.threshold = 300 (default)
2019-10-04 13:52:17,755 [pool-423-thread-1] INFO  server.RaftServerConfigKeys (ConfUtils.java:logGet(43)) - raft.server.sleep.deviation.threshold = 300 (default)
2019-10-04 13:52:17,755 [pool-433-thread-1] INFO  server.RaftServerConfigKeys (ConfUtils.java:logGet(43)) - raft.server.log.corruption.policy = EXCEPTION (default)
2019-10-04 13:52:17,755 [pool-423-thread-1] INFO  server.RaftServerConfigKeys (ConfUtils.java:logGet(43)) - raft.server.log.appender.install.snapshot.enabled = false (custom)
2019-10-04 13:52:17,755 [pool-413-thread-1] INFO  server.RaftServerConfigKeys (ConfUtils.java:logGet(43)) - raft.server.log.appender.install.snapshot.enabled = false (custom)
2019-10-04 13:52:17,755 [pool-433-thread-1] INFO  storage.RaftStorageDirectory (RaftStorageDirectory.java:analyzeStorage(246)) - The storage directory /workdir/hadoop-ozone/integration-test/target/test-dir/MiniOzoneClusterImpl-586bcb63-682e-4ce1-8a8d-05f628e90452/datanode-5/data/ratis/b7ceac7b-6da5-40f7-ba5c-bc61907f3973 does not exist. Creating ...
2019-10-04 13:52:17,755 [pool-423-thread-1] INFO  impl.RaftServerImpl (ServerState.java:<init>(103)) - c42c8b8d-a309-412f-9236-63affaeeaa96@group-BC61907F3973: ConfigurationManager, init=-1: [638d3168-c9f1-473b-8692-392ed7ec5b86:192.168.5.142:37512, c42c8b8d-a309-412f-9236-63affaeeaa96:192.168.5.142:38025, 15fc2cd3-593a-4821-99b2-21428cfd7c00:192.168.5.142:41938], old=null, confs=<EMPTY_MAP>
2019-10-04 13:52:17,755 [pool-413-thread-1] INFO  impl.RaftServerImpl (ServerState.java:<init>(103)) - 638d3168-c9f1-473b-8692-392ed7ec5b86@group-BC61907F3973: ConfigurationManager, init=-1: [638d3168-c9f1-473b-8692-392ed7ec5b86:192.168.5.142:37512, c42c8b8d-a309-412f-9236-63affaeeaa96:192.168.5.142:38025, 15fc2cd3-593a-4821-99b2-21428cfd7c00:192.168.5.142:41938], old=null, confs=<EMPTY_MAP>
2019-10-04 13:52:17,756 [pool-423-thread-1] INFO  server.RaftServerConfigKeys (ConfUtils.java:logGet(43)) - raft.server.storage.dir = [/workdir/hadoop-ozone/integration-test/target/test-dir/MiniOzoneClusterImpl-586bcb63-682e-4ce1-8a8d-05f628e90452/datanode-4/data/ratis] (custom)
2019-10-04 13:52:17,756 [pool-413-thread-1] INFO  server.RaftServerConfigKeys (ConfUtils.java:logGet(43)) - raft.server.storage.dir = [/workdir/hadoop-ozone/integration-test/target/test-dir/MiniOzoneClusterImpl-586bcb63-682e-4ce1-8a8d-05f628e90452/datanode-3/data/ratis] (custom)
2019-10-04 13:52:17,756 [pool-423-thread-1] INFO  server.RaftServerConfigKeys (ConfUtils.java:logGet(43)) - raft.server.log.corruption.policy = EXCEPTION (default)
2019-10-04 13:52:17,756 [pool-413-thread-1] INFO  server.RaftServerConfigKeys (ConfUtils.java:logGet(43)) - raft.server.log.corruption.policy = EXCEPTION (default)
2019-10-04 13:52:17,756 [pool-423-thread-1] INFO  storage.RaftStorageDirectory (RaftStorageDirectory.java:analyzeStorage(246)) - The storage directory /workdir/hadoop-ozone/integration-test/target/test-dir/MiniOzoneClusterImpl-586bcb63-682e-4ce1-8a8d-05f628e90452/datanode-4/data/ratis/b7ceac7b-6da5-40f7-ba5c-bc61907f3973 does not exist. Creating ...
2019-10-04 13:52:17,756 [pool-413-thread-1] INFO  storage.RaftStorageDirectory (RaftStorageDirectory.java:analyzeStorage(246)) - The storage directory /workdir/hadoop-ozone/integration-test/target/test-dir/MiniOzoneClusterImpl-586bcb63-682e-4ce1-8a8d-05f628e90452/datanode-3/data/ratis/b7ceac7b-6da5-40f7-ba5c-bc61907f3973 does not exist. Creating ...
2019-10-04 13:52:17,769 [pool-433-thread-1] INFO  storage.RaftStorageDirectory (RaftStorageDirectory.java:tryLock(328)) - Lock on /workdir/hadoop-ozone/integration-test/target/test-dir/MiniOzoneClusterImpl-586bcb63-682e-4ce1-8a8d-05f628e90452/datanode-5/data/ratis/b7ceac7b-6da5-40f7-ba5c-bc61907f3973/in_use.lock acquired by nodename 23947@pr-hdds-2204-d78b8-1674338442
2019-10-04 13:52:17,769 [pool-413-thread-1] INFO  storage.RaftStorageDirectory (RaftStorageDirectory.java:tryLock(328)) - Lock on /workdir/hadoop-ozone/integration-test/target/test-dir/MiniOzoneClusterImpl-586bcb63-682e-4ce1-8a8d-05f628e90452/datanode-3/data/ratis/b7ceac7b-6da5-40f7-ba5c-bc61907f3973/in_use.lock acquired by nodename 23947@pr-hdds-2204-d78b8-1674338442
2019-10-04 13:52:17,769 [pool-423-thread-1] INFO  storage.RaftStorageDirectory (RaftStorageDirectory.java:tryLock(328)) - Lock on /workdir/hadoop-ozone/integration-test/target/test-dir/MiniOzoneClusterImpl-586bcb63-682e-4ce1-8a8d-05f628e90452/datanode-4/data/ratis/b7ceac7b-6da5-40f7-ba5c-bc61907f3973/in_use.lock acquired by nodename 23947@pr-hdds-2204-d78b8-1674338442
2019-10-04 13:52:17,795 [pool-423-thread-1] INFO  storage.RaftStorage (RaftStorage.java:format(84)) - Storage directory /workdir/hadoop-ozone/integration-test/target/test-dir/MiniOzoneClusterImpl-586bcb63-682e-4ce1-8a8d-05f628e90452/datanode-4/data/ratis/b7ceac7b-6da5-40f7-ba5c-bc61907f3973 has been successfully formatted.
2019-10-04 13:52:17,795 [pool-413-thread-1] INFO  storage.RaftStorage (RaftStorage.java:format(84)) - Storage directory /workdir/hadoop-ozone/integration-test/target/test-dir/MiniOzoneClusterImpl-586bcb63-682e-4ce1-8a8d-05f628e90452/datanode-3/data/ratis/b7ceac7b-6da5-40f7-ba5c-bc61907f3973 has been successfully formatted.
2019-10-04 13:52:17,795 [pool-423-thread-1] INFO  ratis.ContainerStateMachine (ContainerStateMachine.java:loadSnapshot(230)) - group-BC61907F3973: The snapshot info is null. Setting the last applied indexto:(t:0, i:~)
2019-10-04 13:52:17,795 [pool-433-thread-1] INFO  storage.RaftStorage (RaftStorage.java:format(84)) - Storage directory /workdir/hadoop-ozone/integration-test/target/test-dir/MiniOzoneClusterImpl-586bcb63-682e-4ce1-8a8d-05f628e90452/datanode-5/data/ratis/b7ceac7b-6da5-40f7-ba5c-bc61907f3973 has been successfully formatted.
2019-10-04 13:52:17,795 [pool-413-thread-1] INFO  ratis.ContainerStateMachine (ContainerStateMachine.java:loadSnapshot(230)) - group-BC61907F3973: The snapshot info is null. Setting the last applied indexto:(t:0, i:~)
2019-10-04 13:52:17,795 [pool-433-thread-1] INFO  ratis.ContainerStateMachine (ContainerStateMachine.java:loadSnapshot(230)) - group-BC61907F3973: The snapshot info is null. Setting the last applied indexto:(t:0, i:~)
2019-10-04 13:52:17,795 [pool-423-thread-1] INFO  server.RaftServerConfigKeys (ConfUtils.java:logGet(43)) - raft.server.notification.no-leader.timeout = 120s (custom)
2019-10-04 13:52:17,795 [pool-433-thread-1] INFO  server.RaftServerConfigKeys (ConfUtils.java:logGet(43)) - raft.server.notification.no-leader.timeout = 120s (custom)
2019-10-04 13:52:17,795 [pool-413-thread-1] INFO  server.RaftServerConfigKeys (ConfUtils.java:logGet(43)) - raft.server.notification.no-leader.timeout = 120s (custom)
2019-10-04 13:52:17,796 [pool-433-thread-1] INFO  server.RaftServerConfigKeys (ConfUtils.java:logGet(43)) - raft.server.log.use.memory = false (default)
2019-10-04 13:52:17,796 [pool-423-thread-1] INFO  server.RaftServerConfigKeys (ConfUtils.java:logGet(43)) - raft.server.log.use.memory = false (default)
2019-10-04 13:52:17,796 [pool-433-thread-1] INFO  server.RaftServerConfigKeys (ConfUtils.java:logGet(43)) - raft.server.log.purge.gap = 1000000 (custom)
2019-10-04 13:52:17,796 [pool-413-thread-1] INFO  server.RaftServerConfigKeys (ConfUtils.java:logGet(43)) - raft.server.log.use.memory = false (default)
2019-10-04 13:52:17,796 [pool-433-thread-1] INFO  server.RaftServerConfigKeys (ConfUtils.java:logGet(43)) - raft.server.log.appender.buffer.byte-limit = 33554432 (custom)
2019-10-04 13:52:17,796 [pool-423-thread-1] INFO  server.RaftServerConfigKeys (ConfUtils.java:logGet(43)) - raft.server.log.purge.gap = 1000000 (custom)
2019-10-04 13:52:17,796 [pool-433-thread-1] INFO  server.RaftServerConfigKeys (ConfUtils.java:logGet(43)) - raft.server.log.segment.size.max = 1048576 (custom)
2019-10-04 13:52:17,796 [pool-413-thread-1] INFO  server.RaftServerConfigKeys (ConfUtils.java:logGet(43)) - raft.server.log.purge.gap = 1000000 (custom)
2019-10-04 13:52:17,797 [pool-433-thread-1] INFO  server.RaftServerConfigKeys (ConfUtils.java:logGet(43)) - raft.server.log.segment.cache.num.max = 2 (custom)
2019-10-04 13:52:17,797 [pool-423-thread-1] INFO  server.RaftServerConfigKeys (ConfUtils.java:logGet(43)) - raft.server.log.appender.buffer.byte-limit = 33554432 (custom)
2019-10-04 13:52:17,797 [pool-433-thread-1] INFO  segmented.SegmentedRaftLogWorker (SegmentedRaftLogWorker.java:<init>(173)) - new 15fc2cd3-593a-4821-99b2-21428cfd7c00@group-BC61907F3973-SegmentedRaftLogWorker for RaftStorage:Storage Directory /workdir/hadoop-ozone/integration-test/target/test-dir/MiniOzoneClusterImpl-586bcb63-682e-4ce1-8a8d-05f628e90452/datanode-5/data/ratis/b7ceac7b-6da5-40f7-ba5c-bc61907f3973
2019-10-04 13:52:17,797 [pool-413-thread-1] INFO  server.RaftServerConfigKeys (ConfUtils.java:logGet(43)) - raft.server.log.appender.buffer.byte-limit = 33554432 (custom)
2019-10-04 13:52:17,797 [pool-433-thread-1] INFO  server.RaftServerConfigKeys (ConfUtils.java:logGet(43)) - raft.server.log.queue.byte-limit = 2147483647 (custom)
2019-10-04 13:52:17,797 [pool-423-thread-1] INFO  server.RaftServerConfigKeys (ConfUtils.java:logGet(43)) - raft.server.log.segment.size.max = 1048576 (custom)
2019-10-04 13:52:17,797 [pool-433-thread-1] INFO  server.RaftServerConfigKeys (ConfUtils.java:logGet(43)) - raft.server.log.queue.element-limit = 1024 (custom)
2019-10-04 13:52:17,797 [pool-413-thread-1] INFO  server.RaftServerConfigKeys (ConfUtils.java:logGet(43)) - raft.server.log.segment.size.max = 1048576 (custom)
2019-10-04 13:52:17,798 [pool-433-thread-1] INFO  server.RaftServerConfigKeys (ConfUtils.java:logGet(43)) - raft.server.log.segment.size.max = 1048576 (custom)
2019-10-04 13:52:17,798 [pool-423-thread-1] INFO  server.RaftServerConfigKeys (ConfUtils.java:logGet(43)) - raft.server.log.segment.cache.num.max = 2 (custom)
2019-10-04 13:52:17,798 [pool-433-thread-1] INFO  server.RaftServerConfigKeys (ConfUtils.java:logGet(43)) - raft.server.log.preallocated.size = 16384 (custom)
2019-10-04 13:52:17,798 [pool-413-thread-1] INFO  server.RaftServerConfigKeys (ConfUtils.java:logGet(43)) - raft.server.log.segment.cache.num.max = 2 (custom)
2019-10-04 13:52:17,798 [pool-433-thread-1] INFO  server.RaftServerConfigKeys (ConfUtils.java:logGet(43)) - raft.server.log.write.buffer.size = 33554432 (custom)
2019-10-04 13:52:17,798 [pool-423-thread-1] INFO  segmented.SegmentedRaftLogWorker (SegmentedRaftLogWorker.java:<init>(173)) - new c42c8b8d-a309-412f-9236-63affaeeaa96@group-BC61907F3973-SegmentedRaftLogWorker for RaftStorage:Storage Directory /workdir/hadoop-ozone/integration-test/target/test-dir/MiniOzoneClusterImpl-586bcb63-682e-4ce1-8a8d-05f628e90452/datanode-4/data/ratis/b7ceac7b-6da5-40f7-ba5c-bc61907f3973
2019-10-04 13:52:17,798 [pool-433-thread-1] INFO  server.RaftServerConfigKeys (ConfUtils.java:logGet(43)) - raft.server.log.force.sync.num = 128 (default)
2019-10-04 13:52:17,798 [pool-413-thread-1] INFO  segmented.SegmentedRaftLogWorker (SegmentedRaftLogWorker.java:<init>(173)) - new 638d3168-c9f1-473b-8692-392ed7ec5b86@group-BC61907F3973-SegmentedRaftLogWorker for RaftStorage:Storage Directory /workdir/hadoop-ozone/integration-test/target/test-dir/MiniOzoneClusterImpl-586bcb63-682e-4ce1-8a8d-05f628e90452/datanode-3/data/ratis/b7ceac7b-6da5-40f7-ba5c-bc61907f3973
2019-10-04 13:52:17,799 [pool-433-thread-1] INFO  server.RaftServerConfigKeys (ConfUtils.java:logGet(43)) - raft.server.log.statemachine.data.sync = true (default)
2019-10-04 13:52:17,799 [pool-423-thread-1] INFO  server.RaftServerConfigKeys (ConfUtils.java:logGet(43)) - raft.server.log.queue.byte-limit = 2147483647 (custom)
2019-10-04 13:52:17,799 [pool-433-thread-1] INFO  server.RaftServerConfigKeys (ConfUtils.java:logGet(43)) - raft.server.log.statemachine.data.sync.timeout = 10s (default)
2019-10-04 13:52:17,799 [pool-413-thread-1] INFO  server.RaftServerConfigKeys (ConfUtils.java:logGet(43)) - raft.server.log.queue.byte-limit = 2147483647 (custom)
2019-10-04 13:52:17,799 [pool-433-thread-1] INFO  server.RaftServerConfigKeys (ConfUtils.java:logGet(43)) - raft.server.log.statemachine.data.sync.timeout.retry = -1 (default)
2019-10-04 13:52:17,799 [pool-423-thread-1] INFO  server.RaftServerConfigKeys (ConfUtils.java:logGet(43)) - raft.server.log.queue.element-limit = 1024 (custom)
2019-10-04 13:52:17,799 [pool-433-thread-1] INFO  server.RaftServerConfigKeys (ConfUtils.java:logGet(43)) - raft.server.log.statemachine.data.caching.enabled = true (custom)
2019-10-04 13:52:17,799 [pool-413-thread-1] INFO  server.RaftServerConfigKeys (ConfUtils.java:logGet(43)) - raft.server.log.queue.element-limit = 1024 (custom)
2019-10-04 13:52:17,799 [pool-423-thread-1] INFO  server.RaftServerConfigKeys (ConfUtils.java:logGet(43)) - raft.server.log.segment.size.max = 1048576 (custom)
2019-10-04 13:52:17,800 [pool-413-thread-1] INFO  server.RaftServerConfigKeys (ConfUtils.java:logGet(43)) - raft.server.log.segment.size.max = 1048576 (custom)
2019-10-04 13:52:17,800 [pool-433-thread-1] INFO  segmented.SegmentedRaftLogWorker (SegmentedRaftLogWorker.java:lambda$new$0(128)) - 15fc2cd3-593a-4821-99b2-21428cfd7c00@group-BC61907F3973-SegmentedRaftLogWorker: flushIndex: setUnconditionally 0 -> -1
2019-10-04 13:52:17,800 [pool-413-thread-1] INFO  server.RaftServerConfigKeys (ConfUtils.java:logGet(43)) - raft.server.log.preallocated.size = 16384 (custom)
2019-10-04 13:52:17,800 [pool-423-thread-1] INFO  server.RaftServerConfigKeys (ConfUtils.java:logGet(43)) - raft.server.log.preallocated.size = 16384 (custom)
2019-10-04 13:52:17,800 [pool-433-thread-1] INFO  server.RaftServerConfigKeys (ConfUtils.java:logGet(43)) - raft.server.snapshot.auto.trigger.enabled = true (custom)
2019-10-04 13:52:17,800 [pool-413-thread-1] INFO  server.RaftServerConfigKeys (ConfUtils.java:logGet(43)) - raft.server.log.write.buffer.size = 33554432 (custom)
2019-10-04 13:52:17,800 [pool-433-thread-1] INFO  server.RaftServerConfigKeys (ConfUtils.java:logGet(43)) - raft.server.snapshot.auto.trigger.threshold = 10000 (custom)
2019-10-04 13:52:17,800 [pool-423-thread-1] INFO  server.RaftServerConfigKeys (ConfUtils.java:logGet(43)) - raft.server.log.write.buffer.size = 33554432 (custom)
2019-10-04 13:52:17,801 [pool-433-thread-1] INFO  server.RaftServerConfigKeys (ConfUtils.java:logGet(43)) - raft.server.snapshot.retention.file.num = 5 (custom)
2019-10-04 13:52:17,801 [pool-413-thread-1] INFO  server.RaftServerConfigKeys (ConfUtils.java:logGet(43)) - raft.server.log.force.sync.num = 128 (default)
2019-10-04 13:52:17,801 [pool-433-thread-1] INFO  server.RaftServerConfigKeys (ConfUtils.java:logGet(43)) - raft.server.retrycache.expirytime = 600000ms (custom)
2019-10-04 13:52:17,801 [pool-423-thread-1] INFO  server.RaftServerConfigKeys (ConfUtils.java:logGet(43)) - raft.server.log.force.sync.num = 128 (default)
2019-10-04 13:52:17,801 [pool-413-thread-1] INFO  server.RaftServerConfigKeys (ConfUtils.java:logGet(43)) - raft.server.log.statemachine.data.sync = true (default)
2019-10-04 13:52:17,801 [pool-423-thread-1] INFO  server.RaftServerConfigKeys (ConfUtils.java:logGet(43)) - raft.server.log.statemachine.data.sync = true (default)
2019-10-04 13:52:17,801 [pool-413-thread-1] INFO  server.RaftServerConfigKeys (ConfUtils.java:logGet(43)) - raft.server.log.statemachine.data.sync.timeout = 10s (default)
2019-10-04 13:52:17,802 [pool-423-thread-1] INFO  server.RaftServerConfigKeys (ConfUtils.java:logGet(43)) - raft.server.log.statemachine.data.sync.timeout = 10s (default)
2019-10-04 13:52:17,802 [pool-413-thread-1] INFO  server.RaftServerConfigKeys (ConfUtils.java:logGet(43)) - raft.server.log.statemachine.data.sync.timeout.retry = -1 (default)
2019-10-04 13:52:17,802 [pool-423-thread-1] INFO  server.RaftServerConfigKeys (ConfUtils.java:logGet(43)) - raft.server.log.statemachine.data.sync.timeout.retry = -1 (default)
2019-10-04 13:52:17,802 [pool-413-thread-1] INFO  server.RaftServerConfigKeys (ConfUtils.java:logGet(43)) - raft.server.log.statemachine.data.caching.enabled = true (custom)
2019-10-04 13:52:17,802 [pool-423-thread-1] INFO  server.RaftServerConfigKeys (ConfUtils.java:logGet(43)) - raft.server.log.statemachine.data.caching.enabled = true (custom)
2019-10-04 13:52:17,802 [pool-413-thread-1] INFO  segmented.SegmentedRaftLogWorker (SegmentedRaftLogWorker.java:lambda$new$0(128)) - 638d3168-c9f1-473b-8692-392ed7ec5b86@group-BC61907F3973-SegmentedRaftLogWorker: flushIndex: setUnconditionally 0 -> -1
2019-10-04 13:52:17,802 [pool-423-thread-1] INFO  segmented.SegmentedRaftLogWorker (SegmentedRaftLogWorker.java:lambda$new$0(128)) - c42c8b8d-a309-412f-9236-63affaeeaa96@group-BC61907F3973-SegmentedRaftLogWorker: flushIndex: setUnconditionally 0 -> -1
2019-10-04 13:52:17,803 [pool-433-thread-1] INFO  impl.RaftServerImpl (RaftServerImpl.java:start(181)) - 15fc2cd3-593a-4821-99b2-21428cfd7c00@group-BC61907F3973: start as a follower, conf=-1: [638d3168-c9f1-473b-8692-392ed7ec5b86:192.168.5.142:37512, c42c8b8d-a309-412f-9236-63affaeeaa96:192.168.5.142:38025, 15fc2cd3-593a-4821-99b2-21428cfd7c00:192.168.5.142:41938], old=null
2019-10-04 13:52:17,803 [pool-423-thread-1] INFO  server.RaftServerConfigKeys (ConfUtils.java:logGet(43)) - raft.server.snapshot.auto.trigger.enabled = true (custom)
2019-10-04 13:52:17,803 [pool-413-thread-1] INFO  server.RaftServerConfigKeys (ConfUtils.java:logGet(43)) - raft.server.snapshot.auto.trigger.enabled = true (custom)
2019-10-04 13:52:17,803 [pool-423-thread-1] INFO  server.RaftServerConfigKeys (ConfUtils.java:logGet(43)) - raft.server.snapshot.auto.trigger.threshold = 10000 (custom)
2019-10-04 13:52:17,803 [pool-433-thread-1] INFO  impl.RaftServerImpl (RaftServerImpl.java:setRole(170)) - 15fc2cd3-593a-4821-99b2-21428cfd7c00@group-BC61907F3973: changes role from      null to FOLLOWER at term 0 for startAsFollower
2019-10-04 13:52:17,803 [pool-423-thread-1] INFO  server.RaftServerConfigKeys (ConfUtils.java:logGet(43)) - raft.server.snapshot.retention.file.num = 5 (custom)
2019-10-04 13:52:17,803 [pool-413-thread-1] INFO  server.RaftServerConfigKeys (ConfUtils.java:logGet(43)) - raft.server.snapshot.auto.trigger.threshold = 10000 (custom)
2019-10-04 13:52:17,803 [pool-423-thread-1] INFO  server.RaftServerConfigKeys (ConfUtils.java:logGet(43)) - raft.server.retrycache.expirytime = 600000ms (custom)
2019-10-04 13:52:17,803 [pool-433-thread-1] INFO  impl.RoleInfo (RoleInfo.java:updateAndGet(143)) - 15fc2cd3-593a-4821-99b2-21428cfd7c00: start FollowerState
2019-10-04 13:52:17,804 [pool-413-thread-1] INFO  server.RaftServerConfigKeys (ConfUtils.java:logGet(43)) - raft.server.snapshot.retention.file.num = 5 (custom)
2019-10-04 13:52:17,804 [pool-413-thread-1] INFO  server.RaftServerConfigKeys (ConfUtils.java:logGet(43)) - raft.server.retrycache.expirytime = 600000ms (custom)
2019-10-04 13:52:17,804 [pool-433-thread-1] INFO  util.JmxRegister (JmxRegister.java:tryRegister(44)) - Successfully registered JMX Bean with object name Ratis:service=RaftServer,group=group-BC61907F3973,id=15fc2cd3-593a-4821-99b2-21428cfd7c00
2019-10-04 13:52:17,806 [pool-423-thread-1] INFO  impl.RaftServerImpl (RaftServerImpl.java:start(181)) - c42c8b8d-a309-412f-9236-63affaeeaa96@group-BC61907F3973: start as a follower, conf=-1: [638d3168-c9f1-473b-8692-392ed7ec5b86:192.168.5.142:37512, c42c8b8d-a309-412f-9236-63affaeeaa96:192.168.5.142:38025, 15fc2cd3-593a-4821-99b2-21428cfd7c00:192.168.5.142:41938], old=null
2019-10-04 13:52:17,806 [pool-423-thread-1] INFO  impl.RaftServerImpl (RaftServerImpl.java:setRole(170)) - c42c8b8d-a309-412f-9236-63affaeeaa96@group-BC61907F3973: changes role from      null to FOLLOWER at term 0 for startAsFollower
2019-10-04 13:52:17,806 [pool-423-thread-1] INFO  impl.RoleInfo (RoleInfo.java:updateAndGet(143)) - c42c8b8d-a309-412f-9236-63affaeeaa96: start FollowerState
2019-10-04 13:52:17,806 [pool-423-thread-1] INFO  util.JmxRegister (JmxRegister.java:tryRegister(44)) - Successfully registered JMX Bean with object name Ratis:service=RaftServer,group=group-BC61907F3973,id=c42c8b8d-a309-412f-9236-63affaeeaa96
2019-10-04 13:52:17,807 [pool-413-thread-1] INFO  impl.RaftServerImpl (RaftServerImpl.java:start(181)) - 638d3168-c9f1-473b-8692-392ed7ec5b86@group-BC61907F3973: start as a follower, conf=-1: [638d3168-c9f1-473b-8692-392ed7ec5b86:192.168.5.142:37512, c42c8b8d-a309-412f-9236-63affaeeaa96:192.168.5.142:38025, 15fc2cd3-593a-4821-99b2-21428cfd7c00:192.168.5.142:41938], old=null
2019-10-04 13:52:17,808 [pool-413-thread-1] INFO  impl.RaftServerImpl (RaftServerImpl.java:setRole(170)) - 638d3168-c9f1-473b-8692-392ed7ec5b86@group-BC61907F3973: changes role from      null to FOLLOWER at term 0 for startAsFollower
2019-10-04 13:52:17,808 [pool-413-thread-1] INFO  impl.RoleInfo (RoleInfo.java:updateAndGet(143)) - 638d3168-c9f1-473b-8692-392ed7ec5b86: start FollowerState
2019-10-04 13:52:17,808 [pool-413-thread-1] INFO  util.JmxRegister (JmxRegister.java:tryRegister(44)) - Successfully registered JMX Bean with object name Ratis:service=RaftServer,group=group-BC61907F3973,id=638d3168-c9f1-473b-8692-392ed7ec5b86
2019-10-04 13:52:17,822 [RatisPipelineUtilsThread] INFO  pipeline.PipelineStateManager (PipelineStateManager.java:addPipeline(56)) - Created pipeline Pipeline[ Id: b7ceac7b-6da5-40f7-ba5c-bc61907f3973, Nodes: c42c8b8d-a309-412f-9236-63affaeeaa96{ip: 192.168.5.142, host: pr-hdds-2204-d78b8-1674338442, networkLocation: /default-rack, certSerialId: null}638d3168-c9f1-473b-8692-392ed7ec5b86{ip: 192.168.5.142, host: pr-hdds-2204-d78b8-1674338442, networkLocation: /default-rack, certSerialId: null}15fc2cd3-593a-4821-99b2-21428cfd7c00{ip: 192.168.5.142, host: pr-hdds-2204-d78b8-1674338442, networkLocation: /default-rack, certSerialId: null}, Type:RATIS, Factor:THREE, State:OPEN]
2019-10-04 13:52:18,743 [main] INFO  ozone.MiniOzoneClusterImpl (MiniOzoneClusterImpl.java:lambda$waitForClusterToBeReady$0(147)) - Cluster is ready. Got 7 of 7 DN Heartbeats.
2019-10-04 13:52:18,780 [main] INFO  rpc.RpcClient (RpcClient.java:createVolume(277)) - Creating Volume: watchforcommithandlingtest, with jenkins1000 as owner.
2019-10-04 13:52:18,783 [IPC Server handler 2 on 38421] INFO  volume.OMVolumeCreateRequest (OMVolumeCreateRequest.java:validateAndUpdateCache(193)) - created volume:watchforcommithandlingtest for user:jenkins1000
2019-10-04 13:52:18,799 [main] INFO  rpc.RpcClient (RpcClient.java:createBucket(416)) - Creating Bucket: watchforcommithandlingtest/watchforcommithandlingtest, with Versioning false and Storage Type set to DISK and Encryption set to false 
2019-10-04 13:52:18,804 [main] INFO  ozone.MiniOzoneClusterImpl (MiniOzoneClusterImpl.java:getStorageContainerLocationClient(234)) - Creating StorageContainerLocationProtocol RPC client with address /0.0.0.0:43208
2019-10-04 13:52:20,201 [grpc-default-executor-6] WARN  server.GrpcLogAppender (LogUtils.java:warn(134)) - 39fd4120-165e-45ec-b9c4-971d1f74e9b4@group-76A833EA3DB0->80257ecc-928d-4209-b42a-e72edc2eb975-AppendLogResponseHandler: Failed appendEntries: org.apache.ratis.thirdparty.io.grpc.StatusRuntimeException: UNAVAILABLE: io exception
2019-10-04 13:52:20,201 [grpc-default-executor-2] WARN  server.GrpcLogAppender (LogUtils.java:warn(134)) - 39fd4120-165e-45ec-b9c4-971d1f74e9b4@group-76A833EA3DB0->ad718213-008c-41ec-8a72-c4d801cf9bd2-AppendLogResponseHandler: Failed appendEntries: org.apache.ratis.thirdparty.io.grpc.StatusRuntimeException: UNAVAILABLE: io exception
2019-10-04 13:52:20,201 [grpc-default-executor-6] INFO  impl.FollowerInfo (FollowerInfo.java:lambda$new$0(51)) - 39fd4120-165e-45ec-b9c4-971d1f74e9b4@group-76A833EA3DB0->80257ecc-928d-4209-b42a-e72edc2eb975: nextIndex: updateUnconditionally 0 -> 0
2019-10-04 13:52:20,201 [grpc-default-executor-2] INFO  impl.FollowerInfo (FollowerInfo.java:lambda$new$0(51)) - 39fd4120-165e-45ec-b9c4-971d1f74e9b4@group-76A833EA3DB0->ad718213-008c-41ec-8a72-c4d801cf9bd2: nextIndex: updateUnconditionally 0 -> 0
2019-10-04 13:52:20,237 [Thread-2343] INFO  container.ReplicationManager (ReplicationManager.java:start(162)) - Starting Replication Monitor Thread.
2019-10-04 13:52:20,243 [ReplicationMonitor] INFO  container.ReplicationManager (ReplicationManager.java:run(225)) - Replication Monitor Thread took 0 milliseconds for processing 1 containers.
2019-10-04 13:52:21,858 [Thread-2394] INFO  client.GrpcClientProtocolService (GrpcClientProtocolService.java:lambda$processClientRequest$0(278)) - Failed RaftClientRequest:client-4092BF8C4641->39fd4120-165e-45ec-b9c4-971d1f74e9b4@group-76A833EA3DB0, cid=64, seq=0, Watch-ALL_COMMITTED(55), Message:<EMPTY>, reply=RaftClientReply:client-4092BF8C4641->39fd4120-165e-45ec-b9c4-971d1f74e9b4@group-76A833EA3DB0, cid=64, FAILED org.apache.ratis.protocol.NotReplicatedException: Request with call Id 64 and log index 55 is not yet replicated to ALL_COMMITTED, logIndex=55, commits[39fd4120-165e-45ec-b9c4-971d1f74e9b4:c2, 80257ecc-928d-4209-b42a-e72edc2eb975:c2, ad718213-008c-41ec-8a72-c4d801cf9bd2:c2]
2019-10-04 13:52:21,858 [Thread-2393] INFO  client.GrpcClientProtocolService (GrpcClientProtocolService.java:lambda$processClientRequest$0(278)) - Failed RaftClientRequest:client-4092BF8C4641->39fd4120-165e-45ec-b9c4-971d1f74e9b4@group-76A833EA3DB0, cid=65, seq=0, Watch-MAJORITY_COMMITTED(55), Message:<EMPTY>, reply=RaftClientReply:client-4092BF8C4641->39fd4120-165e-45ec-b9c4-971d1f74e9b4@group-76A833EA3DB0, cid=65, FAILED org.apache.ratis.protocol.NotReplicatedException: Request with call Id 65 and log index 55 is not yet replicated to MAJORITY_COMMITTED, logIndex=55, commits[39fd4120-165e-45ec-b9c4-971d1f74e9b4:c2, 80257ecc-928d-4209-b42a-e72edc2eb975:c2, ad718213-008c-41ec-8a72-c4d801cf9bd2:c2]
2019-10-04 13:52:22,357 [Thread-2348] INFO  impl.FollowerState (FollowerState.java:run(108)) - b19ba983-8fe9-4896-8031-8557018a0aaa@group-42AA501C4429-FollowerState: change to CANDIDATE, lastRpcTime:5006ms, electionTimeout:5006ms
2019-10-04 13:52:22,357 [Thread-2348] INFO  impl.RoleInfo (RoleInfo.java:shutdownFollowerState(121)) - b19ba983-8fe9-4896-8031-8557018a0aaa: shutdown FollowerState
2019-10-04 13:52:22,358 [Thread-2348] INFO  impl.RaftServerImpl (RaftServerImpl.java:setRole(170)) - b19ba983-8fe9-4896-8031-8557018a0aaa@group-42AA501C4429: changes role from  FOLLOWER to CANDIDATE at term 0 for changeToCandidate
2019-10-04 13:52:22,358 [Thread-2348] INFO  impl.RoleInfo (RoleInfo.java:updateAndGet(143)) - b19ba983-8fe9-4896-8031-8557018a0aaa: start LeaderElection
2019-10-04 13:52:22,384 [b19ba983-8fe9-4896-8031-8557018a0aaa@group-42AA501C4429-LeaderElection82] INFO  impl.LeaderElection (LeaderElection.java:askForVotes(178)) - b19ba983-8fe9-4896-8031-8557018a0aaa@group-42AA501C4429-LeaderElection82: begin an election at term 1 for -1: [b19ba983-8fe9-4896-8031-8557018a0aaa:192.168.5.142:37634], old=null
2019-10-04 13:52:22,384 [b19ba983-8fe9-4896-8031-8557018a0aaa@group-42AA501C4429-LeaderElection82] INFO  impl.RoleInfo (RoleInfo.java:shutdownLeaderElection(134)) - b19ba983-8fe9-4896-8031-8557018a0aaa: shutdown LeaderElection
2019-10-04 13:52:22,385 [b19ba983-8fe9-4896-8031-8557018a0aaa@group-42AA501C4429-LeaderElection82] INFO  impl.RaftServerImpl (RaftServerImpl.java:setRole(170)) - b19ba983-8fe9-4896-8031-8557018a0aaa@group-42AA501C4429: changes role from CANDIDATE to LEADER at term 1 for changeToLeader
2019-10-04 13:52:22,385 [b19ba983-8fe9-4896-8031-8557018a0aaa@group-42AA501C4429-LeaderElection82] INFO  impl.RaftServerImpl (ServerState.java:setLeader(255)) - b19ba983-8fe9-4896-8031-8557018a0aaa@group-42AA501C4429: change Leader from null to b19ba983-8fe9-4896-8031-8557018a0aaa at term 1 for becomeLeader, leader elected after 5039ms
2019-10-04 13:52:22,385 [b19ba983-8fe9-4896-8031-8557018a0aaa@group-42AA501C4429-LeaderElection82] INFO  server.RaftServerConfigKeys (ConfUtils.java:logGet(43)) - raft.server.staging.catchup.gap = 1000 (default)
2019-10-04 13:52:22,385 [b19ba983-8fe9-4896-8031-8557018a0aaa@group-42AA501C4429-LeaderElection82] INFO  server.RaftServerConfigKeys (ConfUtils.java:logGet(43)) - raft.server.rpc.sleep.time = 25ms (default)
2019-10-04 13:52:22,386 [b19ba983-8fe9-4896-8031-8557018a0aaa@group-42AA501C4429-LeaderElection82] INFO  server.RaftServerConfigKeys (ConfUtils.java:logGet(43)) - raft.server.write.element-limit = 4096 (default)
2019-10-04 13:52:22,386 [b19ba983-8fe9-4896-8031-8557018a0aaa@group-42AA501C4429-LeaderElection82] INFO  server.RaftServerConfigKeys (ConfUtils.java:logGet(43)) - raft.server.watch.timeout = 10s (default)
2019-10-04 13:52:22,386 [b19ba983-8fe9-4896-8031-8557018a0aaa@group-42AA501C4429-LeaderElection82] INFO  server.RaftServerConfigKeys (ConfUtils.java:logGet(43)) - raft.server.watch.timeout.denomination = 1s (default)
2019-10-04 13:52:22,386 [b19ba983-8fe9-4896-8031-8557018a0aaa@group-42AA501C4429-LeaderElection82] INFO  server.RaftServerConfigKeys (ConfUtils.java:logGet(43)) - raft.server.watch.element-limit = 65536 (default)
2019-10-04 13:52:22,389 [b19ba983-8fe9-4896-8031-8557018a0aaa@group-42AA501C4429-LeaderElection82] INFO  impl.RoleInfo (RoleInfo.java:updateAndGet(143)) - b19ba983-8fe9-4896-8031-8557018a0aaa: start LeaderState
2019-10-04 13:52:22,390 [b19ba983-8fe9-4896-8031-8557018a0aaa@group-42AA501C4429-LeaderElection82] INFO  segmented.SegmentedRaftLogWorker (SegmentedRaftLogWorker.java:startLogSegment(385)) - b19ba983-8fe9-4896-8031-8557018a0aaa@group-42AA501C4429-SegmentedRaftLogWorker: Starting segment from index:0
2019-10-04 13:52:22,390 [b19ba983-8fe9-4896-8031-8557018a0aaa@group-42AA501C4429-LeaderElection82] INFO  impl.RaftServerImpl (ServerState.java:setRaftConf(356)) - b19ba983-8fe9-4896-8031-8557018a0aaa@group-42AA501C4429: set configuration 0: [b19ba983-8fe9-4896-8031-8557018a0aaa:192.168.5.142:37634], old=null at 0
2019-10-04 13:52:22,439 [Thread-2345] INFO  impl.FollowerState (FollowerState.java:run(108)) - 775aa2b3-a62a-4d60-9d25-1be808d8ccd3@group-989D02D44695-FollowerState: change to CANDIDATE, lastRpcTime:5153ms, electionTimeout:5153ms
2019-10-04 13:52:22,439 [Thread-2345] INFO  impl.RoleInfo (RoleInfo.java:shutdownFollowerState(121)) - 775aa2b3-a62a-4d60-9d25-1be808d8ccd3: shutdown FollowerState
2019-10-04 13:52:22,439 [Thread-2345] INFO  impl.RaftServerImpl (RaftServerImpl.java:setRole(170)) - 775aa2b3-a62a-4d60-9d25-1be808d8ccd3@group-989D02D44695: changes role from  FOLLOWER to CANDIDATE at term 0 for changeToCandidate
2019-10-04 13:52:22,439 [Thread-2345] INFO  impl.RoleInfo (RoleInfo.java:updateAndGet(143)) - 775aa2b3-a62a-4d60-9d25-1be808d8ccd3: start LeaderElection
2019-10-04 13:52:22,448 [b19ba983-8fe9-4896-8031-8557018a0aaa@group-42AA501C4429-SegmentedRaftLogWorker] INFO  segmented.SegmentedRaftLogWorker (SegmentedRaftLogWorker.java:execute(574)) - b19ba983-8fe9-4896-8031-8557018a0aaa@group-42AA501C4429-SegmentedRaftLogWorker: created new log segment /workdir/hadoop-ozone/integration-test/target/test-dir/MiniOzoneClusterImpl-586bcb63-682e-4ce1-8a8d-05f628e90452/datanode-1/data/ratis/bbfd83c5-d74c-4d33-a903-42aa501c4429/current/log_inprogress_0
2019-10-04 13:52:22,462 [775aa2b3-a62a-4d60-9d25-1be808d8ccd3@group-989D02D44695-LeaderElection83] INFO  impl.LeaderElection (LeaderElection.java:askForVotes(178)) - 775aa2b3-a62a-4d60-9d25-1be808d8ccd3@group-989D02D44695-LeaderElection83: begin an election at term 1 for -1: [775aa2b3-a62a-4d60-9d25-1be808d8ccd3:192.168.5.142:36438], old=null
2019-10-04 13:52:22,462 [775aa2b3-a62a-4d60-9d25-1be808d8ccd3@group-989D02D44695-LeaderElection83] INFO  impl.RoleInfo (RoleInfo.java:shutdownLeaderElection(134)) - 775aa2b3-a62a-4d60-9d25-1be808d8ccd3: shutdown LeaderElection
2019-10-04 13:52:22,462 [775aa2b3-a62a-4d60-9d25-1be808d8ccd3@group-989D02D44695-LeaderElection83] INFO  impl.RaftServerImpl (RaftServerImpl.java:setRole(170)) - 775aa2b3-a62a-4d60-9d25-1be808d8ccd3@group-989D02D44695: changes role from CANDIDATE to LEADER at term 1 for changeToLeader
2019-10-04 13:52:22,462 [775aa2b3-a62a-4d60-9d25-1be808d8ccd3@group-989D02D44695-LeaderElection83] INFO  impl.RaftServerImpl (ServerState.java:setLeader(255)) - 775aa2b3-a62a-4d60-9d25-1be808d8ccd3@group-989D02D44695: change Leader from null to 775aa2b3-a62a-4d60-9d25-1be808d8ccd3 at term 1 for becomeLeader, leader elected after 5183ms
2019-10-04 13:52:22,462 [775aa2b3-a62a-4d60-9d25-1be808d8ccd3@group-989D02D44695-LeaderElection83] INFO  server.RaftServerConfigKeys (ConfUtils.java:logGet(43)) - raft.server.staging.catchup.gap = 1000 (default)
2019-10-04 13:52:22,462 [775aa2b3-a62a-4d60-9d25-1be808d8ccd3@group-989D02D44695-LeaderElection83] INFO  server.RaftServerConfigKeys (ConfUtils.java:logGet(43)) - raft.server.rpc.sleep.time = 25ms (default)
2019-10-04 13:52:22,463 [775aa2b3-a62a-4d60-9d25-1be808d8ccd3@group-989D02D44695-LeaderElection83] INFO  server.RaftServerConfigKeys (ConfUtils.java:logGet(43)) - raft.server.write.element-limit = 4096 (default)
2019-10-04 13:52:22,463 [775aa2b3-a62a-4d60-9d25-1be808d8ccd3@group-989D02D44695-LeaderElection83] INFO  server.RaftServerConfigKeys (ConfUtils.java:logGet(43)) - raft.server.watch.timeout = 10s (default)
2019-10-04 13:52:22,463 [775aa2b3-a62a-4d60-9d25-1be808d8ccd3@group-989D02D44695-LeaderElection83] INFO  server.RaftServerConfigKeys (ConfUtils.java:logGet(43)) - raft.server.watch.timeout.denomination = 1s (default)
2019-10-04 13:52:22,463 [775aa2b3-a62a-4d60-9d25-1be808d8ccd3@group-989D02D44695-LeaderElection83] INFO  server.RaftServerConfigKeys (ConfUtils.java:logGet(43)) - raft.server.watch.element-limit = 65536 (default)
2019-10-04 13:52:22,465 [775aa2b3-a62a-4d60-9d25-1be808d8ccd3@group-989D02D44695-LeaderElection83] INFO  impl.RoleInfo (RoleInfo.java:updateAndGet(143)) - 775aa2b3-a62a-4d60-9d25-1be808d8ccd3: start LeaderState
2019-10-04 13:52:22,465 [775aa2b3-a62a-4d60-9d25-1be808d8ccd3@group-989D02D44695-LeaderElection83] INFO  segmented.SegmentedRaftLogWorker (SegmentedRaftLogWorker.java:startLogSegment(385)) - 775aa2b3-a62a-4d60-9d25-1be808d8ccd3@group-989D02D44695-SegmentedRaftLogWorker: Starting segment from index:0
2019-10-04 13:52:22,466 [775aa2b3-a62a-4d60-9d25-1be808d8ccd3@group-989D02D44695-LeaderElection83] INFO  impl.RaftServerImpl (ServerState.java:setRaftConf(356)) - 775aa2b3-a62a-4d60-9d25-1be808d8ccd3@group-989D02D44695: set configuration 0: [775aa2b3-a62a-4d60-9d25-1be808d8ccd3:192.168.5.142:36438], old=null at 0
2019-10-04 13:52:22,507 [775aa2b3-a62a-4d60-9d25-1be808d8ccd3@group-989D02D44695-SegmentedRaftLogWorker] INFO  segmented.SegmentedRaftLogWorker (SegmentedRaftLogWorker.java:execute(574)) - 775aa2b3-a62a-4d60-9d25-1be808d8ccd3@group-989D02D44695-SegmentedRaftLogWorker: created new log segment /workdir/hadoop-ozone/integration-test/target/test-dir/MiniOzoneClusterImpl-586bcb63-682e-4ce1-8a8d-05f628e90452/datanode-0/data/ratis/938e4366-677e-4c87-ad81-989d02d44695/current/log_inprogress_0
2019-10-04 13:52:22,535 [Thread-2351] INFO  impl.FollowerState (FollowerState.java:run(108)) - 3b4eed83-d40e-4c0a-9938-cd816878dab5@group-083711BD58D6-FollowerState: change to CANDIDATE, lastRpcTime:5088ms, electionTimeout:5088ms
2019-10-04 13:52:22,535 [Thread-2351] INFO  impl.RoleInfo (RoleInfo.java:shutdownFollowerState(121)) - 3b4eed83-d40e-4c0a-9938-cd816878dab5: shutdown FollowerState
2019-10-04 13:52:22,535 [Thread-2351] INFO  impl.RaftServerImpl (RaftServerImpl.java:setRole(170)) - 3b4eed83-d40e-4c0a-9938-cd816878dab5@group-083711BD58D6: changes role from  FOLLOWER to CANDIDATE at term 0 for changeToCandidate
2019-10-04 13:52:22,535 [Thread-2351] INFO  impl.RoleInfo (RoleInfo.java:updateAndGet(143)) - 3b4eed83-d40e-4c0a-9938-cd816878dab5: start LeaderElection
2019-10-04 13:52:22,556 [3b4eed83-d40e-4c0a-9938-cd816878dab5@group-083711BD58D6-LeaderElection84] INFO  impl.LeaderElection (LeaderElection.java:askForVotes(178)) - 3b4eed83-d40e-4c0a-9938-cd816878dab5@group-083711BD58D6-LeaderElection84: begin an election at term 1 for -1: [3b4eed83-d40e-4c0a-9938-cd816878dab5:192.168.5.142:34040], old=null
2019-10-04 13:52:22,556 [3b4eed83-d40e-4c0a-9938-cd816878dab5@group-083711BD58D6-LeaderElection84] INFO  impl.RoleInfo (RoleInfo.java:shutdownLeaderElection(134)) - 3b4eed83-d40e-4c0a-9938-cd816878dab5: shutdown LeaderElection
2019-10-04 13:52:22,556 [3b4eed83-d40e-4c0a-9938-cd816878dab5@group-083711BD58D6-LeaderElection84] INFO  impl.RaftServerImpl (RaftServerImpl.java:setRole(170)) - 3b4eed83-d40e-4c0a-9938-cd816878dab5@group-083711BD58D6: changes role from CANDIDATE to LEADER at term 1 for changeToLeader
2019-10-04 13:52:22,556 [3b4eed83-d40e-4c0a-9938-cd816878dab5@group-083711BD58D6-LeaderElection84] INFO  impl.RaftServerImpl (ServerState.java:setLeader(255)) - 3b4eed83-d40e-4c0a-9938-cd816878dab5@group-083711BD58D6: change Leader from null to 3b4eed83-d40e-4c0a-9938-cd816878dab5 at term 1 for becomeLeader, leader elected after 5126ms
2019-10-04 13:52:22,557 [3b4eed83-d40e-4c0a-9938-cd816878dab5@group-083711BD58D6-LeaderElection84] INFO  server.RaftServerConfigKeys (ConfUtils.java:logGet(43)) - raft.server.staging.catchup.gap = 1000 (default)
2019-10-04 13:52:22,557 [3b4eed83-d40e-4c0a-9938-cd816878dab5@group-083711BD58D6-LeaderElection84] INFO  server.RaftServerConfigKeys (ConfUtils.java:logGet(43)) - raft.server.rpc.sleep.time = 25ms (default)
2019-10-04 13:52:22,557 [3b4eed83-d40e-4c0a-9938-cd816878dab5@group-083711BD58D6-LeaderElection84] INFO  server.RaftServerConfigKeys (ConfUtils.java:logGet(43)) - raft.server.write.element-limit = 4096 (default)
2019-10-04 13:52:22,557 [3b4eed83-d40e-4c0a-9938-cd816878dab5@group-083711BD58D6-LeaderElection84] INFO  server.RaftServerConfigKeys (ConfUtils.java:logGet(43)) - raft.server.watch.timeout = 10s (default)
2019-10-04 13:52:22,557 [3b4eed83-d40e-4c0a-9938-cd816878dab5@group-083711BD58D6-LeaderElection84] INFO  server.RaftServerConfigKeys (ConfUtils.java:logGet(43)) - raft.server.watch.timeout.denomination = 1s (default)
2019-10-04 13:52:22,557 [3b4eed83-d40e-4c0a-9938-cd816878dab5@group-083711BD58D6-LeaderElection84] INFO  server.RaftServerConfigKeys (ConfUtils.java:logGet(43)) - raft.server.watch.element-limit = 65536 (default)
2019-10-04 13:52:22,559 [3b4eed83-d40e-4c0a-9938-cd816878dab5@group-083711BD58D6-LeaderElection84] INFO  impl.RoleInfo (RoleInfo.java:updateAndGet(143)) - 3b4eed83-d40e-4c0a-9938-cd816878dab5: start LeaderState
2019-10-04 13:52:22,559 [3b4eed83-d40e-4c0a-9938-cd816878dab5@group-083711BD58D6-LeaderElection84] INFO  segmented.SegmentedRaftLogWorker (SegmentedRaftLogWorker.java:startLogSegment(385)) - 3b4eed83-d40e-4c0a-9938-cd816878dab5@group-083711BD58D6-SegmentedRaftLogWorker: Starting segment from index:0
2019-10-04 13:52:22,560 [3b4eed83-d40e-4c0a-9938-cd816878dab5@group-083711BD58D6-LeaderElection84] INFO  impl.RaftServerImpl (ServerState.java:setRaftConf(356)) - 3b4eed83-d40e-4c0a-9938-cd816878dab5@group-083711BD58D6: set configuration 0: [3b4eed83-d40e-4c0a-9938-cd816878dab5:192.168.5.142:34040], old=null at 0
2019-10-04 13:52:22,606 [3b4eed83-d40e-4c0a-9938-cd816878dab5@group-083711BD58D6-SegmentedRaftLogWorker] INFO  segmented.SegmentedRaftLogWorker (SegmentedRaftLogWorker.java:execute(574)) - 3b4eed83-d40e-4c0a-9938-cd816878dab5@group-083711BD58D6-SegmentedRaftLogWorker: created new log segment /workdir/hadoop-ozone/integration-test/target/test-dir/MiniOzoneClusterImpl-586bcb63-682e-4ce1-8a8d-05f628e90452/datanode-2/data/ratis/44b38f90-3e83-49d8-ab1c-083711bd58d6/current/log_inprogress_0
2019-10-04 13:52:22,609 [Thread-2354] INFO  impl.FollowerState (FollowerState.java:run(108)) - 3b4eed83-d40e-4c0a-9938-cd816878dab5@group-7D32124D860D-FollowerState: change to CANDIDATE, lastRpcTime:5104ms, electionTimeout:5104ms
2019-10-04 13:52:22,609 [Thread-2354] INFO  impl.RoleInfo (RoleInfo.java:shutdownFollowerState(121)) - 3b4eed83-d40e-4c0a-9938-cd816878dab5: shutdown FollowerState
2019-10-04 13:52:22,609 [Thread-2354] INFO  impl.RaftServerImpl (RaftServerImpl.java:setRole(170)) - 3b4eed83-d40e-4c0a-9938-cd816878dab5@group-7D32124D860D: changes role from  FOLLOWER to CANDIDATE at term 0 for changeToCandidate
2019-10-04 13:52:22,609 [Thread-2354] INFO  impl.RoleInfo (RoleInfo.java:updateAndGet(143)) - 3b4eed83-d40e-4c0a-9938-cd816878dab5: start LeaderElection
2019-10-04 13:52:22,619 [3b4eed83-d40e-4c0a-9938-cd816878dab5@group-7D32124D860D-LeaderElection85] INFO  impl.LeaderElection (LeaderElection.java:askForVotes(178)) - 3b4eed83-d40e-4c0a-9938-cd816878dab5@group-7D32124D860D-LeaderElection85: begin an election at term 1 for -1: [b19ba983-8fe9-4896-8031-8557018a0aaa:192.168.5.142:37634, 775aa2b3-a62a-4d60-9d25-1be808d8ccd3:192.168.5.142:36438, 3b4eed83-d40e-4c0a-9938-cd816878dab5:192.168.5.142:34040], old=null
2019-10-04 13:52:22,624 [grpc-default-executor-6] INFO  impl.RaftServerImpl (RaftServerImpl.java:setRole(170)) - b19ba983-8fe9-4896-8031-8557018a0aaa@group-7D32124D860D: changes role from  FOLLOWER to FOLLOWER at term 1 for recognizeCandidate:3b4eed83-d40e-4c0a-9938-cd816878dab5
2019-10-04 13:52:22,624 [grpc-default-executor-2] INFO  impl.RaftServerImpl (RaftServerImpl.java:setRole(170)) - 775aa2b3-a62a-4d60-9d25-1be808d8ccd3@group-7D32124D860D: changes role from  FOLLOWER to FOLLOWER at term 1 for recognizeCandidate:3b4eed83-d40e-4c0a-9938-cd816878dab5
2019-10-04 13:52:22,624 [grpc-default-executor-6] INFO  impl.RoleInfo (RoleInfo.java:shutdownFollowerState(121)) - b19ba983-8fe9-4896-8031-8557018a0aaa: shutdown FollowerState
2019-10-04 13:52:22,624 [grpc-default-executor-2] INFO  impl.RoleInfo (RoleInfo.java:shutdownFollowerState(121)) - 775aa2b3-a62a-4d60-9d25-1be808d8ccd3: shutdown FollowerState
2019-10-04 13:52:22,625 [grpc-default-executor-6] INFO  impl.RoleInfo (RoleInfo.java:updateAndGet(143)) - b19ba983-8fe9-4896-8031-8557018a0aaa: start FollowerState
2019-10-04 13:52:22,625 [Thread-2359] INFO  impl.FollowerState (FollowerState.java:run(117)) - 775aa2b3-a62a-4d60-9d25-1be808d8ccd3@group-7D32124D860D-FollowerState was interrupted: java.lang.InterruptedException: sleep interrupted
2019-10-04 13:52:22,625 [grpc-default-executor-2] INFO  impl.RoleInfo (RoleInfo.java:updateAndGet(143)) - 775aa2b3-a62a-4d60-9d25-1be808d8ccd3: start FollowerState
2019-10-04 13:52:22,625 [Thread-2358] INFO  impl.FollowerState (FollowerState.java:run(117)) - b19ba983-8fe9-4896-8031-8557018a0aaa@group-7D32124D860D-FollowerState was interrupted: java.lang.InterruptedException: sleep interrupted
2019-10-04 13:52:22,649 [3b4eed83-d40e-4c0a-9938-cd816878dab5@group-7D32124D860D-LeaderElection85] INFO  impl.LeaderElection (LeaderElection.java:logAndReturn(56)) - 3b4eed83-d40e-4c0a-9938-cd816878dab5@group-7D32124D860D-LeaderElection85: Election PASSED; received 1 response(s) [3b4eed83-d40e-4c0a-9938-cd816878dab5<-775aa2b3-a62a-4d60-9d25-1be808d8ccd3#0:OK-t1] and 0 exception(s); 3b4eed83-d40e-4c0a-9938-cd816878dab5@group-7D32124D860D:t1, leader=null, voted=3b4eed83-d40e-4c0a-9938-cd816878dab5, raftlog=3b4eed83-d40e-4c0a-9938-cd816878dab5@group-7D32124D860D-SegmentedRaftLog:OPENED:c-1,f-1,i0, conf=-1: [b19ba983-8fe9-4896-8031-8557018a0aaa:192.168.5.142:37634, 775aa2b3-a62a-4d60-9d25-1be808d8ccd3:192.168.5.142:36438, 3b4eed83-d40e-4c0a-9938-cd816878dab5:192.168.5.142:34040], old=null
2019-10-04 13:52:22,650 [3b4eed83-d40e-4c0a-9938-cd816878dab5@group-7D32124D860D-LeaderElection85] INFO  impl.RoleInfo (RoleInfo.java:shutdownLeaderElection(134)) - 3b4eed83-d40e-4c0a-9938-cd816878dab5: shutdown LeaderElection
2019-10-04 13:52:22,650 [3b4eed83-d40e-4c0a-9938-cd816878dab5@group-7D32124D860D-LeaderElection85] INFO  impl.RaftServerImpl (RaftServerImpl.java:setRole(170)) - 3b4eed83-d40e-4c0a-9938-cd816878dab5@group-7D32124D860D: changes role from CANDIDATE to LEADER at term 1 for changeToLeader
2019-10-04 13:52:22,650 [3b4eed83-d40e-4c0a-9938-cd816878dab5@group-7D32124D860D-LeaderElection85] INFO  impl.RaftServerImpl (ServerState.java:setLeader(255)) - 3b4eed83-d40e-4c0a-9938-cd816878dab5@group-7D32124D860D: change Leader from null to 3b4eed83-d40e-4c0a-9938-cd816878dab5 at term 1 for becomeLeader, leader elected after 5151ms
2019-10-04 13:52:22,650 [3b4eed83-d40e-4c0a-9938-cd816878dab5@group-7D32124D860D-LeaderElection85] INFO  server.RaftServerConfigKeys (ConfUtils.java:logGet(43)) - raft.server.staging.catchup.gap = 1000 (default)
2019-10-04 13:52:22,650 [3b4eed83-d40e-4c0a-9938-cd816878dab5@group-7D32124D860D-LeaderElection85] INFO  server.RaftServerConfigKeys (ConfUtils.java:logGet(43)) - raft.server.rpc.sleep.time = 25ms (default)
2019-10-04 13:52:22,650 [3b4eed83-d40e-4c0a-9938-cd816878dab5@group-7D32124D860D-LeaderElection85] INFO  server.RaftServerConfigKeys (ConfUtils.java:logGet(43)) - raft.server.write.element-limit = 4096 (default)
2019-10-04 13:52:22,651 [3b4eed83-d40e-4c0a-9938-cd816878dab5@group-7D32124D860D-LeaderElection85] INFO  server.RaftServerConfigKeys (ConfUtils.java:logGet(43)) - raft.server.watch.timeout = 10s (default)
2019-10-04 13:52:22,651 [3b4eed83-d40e-4c0a-9938-cd816878dab5@group-7D32124D860D-LeaderElection85] INFO  server.RaftServerConfigKeys (ConfUtils.java:logGet(43)) - raft.server.watch.timeout.denomination = 1s (default)
2019-10-04 13:52:22,651 [3b4eed83-d40e-4c0a-9938-cd816878dab5@group-7D32124D860D-LeaderElection85] INFO  server.RaftServerConfigKeys (ConfUtils.java:logGet(43)) - raft.server.watch.element-limit = 65536 (default)
2019-10-04 13:52:22,653 [3b4eed83-d40e-4c0a-9938-cd816878dab5@group-7D32124D860D-LeaderElection85] INFO  server.RaftServerConfigKeys (ConfUtils.java:logGet(43)) - raft.server.log.appender.snapshot.chunk.size.max = 16MB (=16777216) (default)
2019-10-04 13:52:22,653 [3b4eed83-d40e-4c0a-9938-cd816878dab5@group-7D32124D860D-LeaderElection85] INFO  server.RaftServerConfigKeys (ConfUtils.java:logGet(43)) - raft.server.log.appender.buffer.byte-limit = 33554432 (custom)
2019-10-04 13:52:22,654 [3b4eed83-d40e-4c0a-9938-cd816878dab5@group-7D32124D860D-LeaderElection85] INFO  server.RaftServerConfigKeys (ConfUtils.java:logGet(43)) - raft.server.log.appender.buffer.element-limit = 1 (custom)
2019-10-04 13:52:22,654 [3b4eed83-d40e-4c0a-9938-cd816878dab5@group-7D32124D860D-LeaderElection85] INFO  grpc.GrpcConfigKeys$Server (ConfUtils.java:logGet(43)) - raft.grpc.server.leader.outstanding.appends.max = 128 (default)
2019-10-04 13:52:22,654 [3b4eed83-d40e-4c0a-9938-cd816878dab5@group-7D32124D860D-LeaderElection85] INFO  server.RaftServerConfigKeys (ConfUtils.java:logGet(43)) - raft.server.rpc.request.timeout = 3000ms (default)
2019-10-04 13:52:22,654 [3b4eed83-d40e-4c0a-9938-cd816878dab5@group-7D32124D860D-LeaderElection85] INFO  server.RaftServerConfigKeys (ConfUtils.java:logGet(43)) - raft.server.log.appender.install.snapshot.enabled = false (custom)
2019-10-04 13:52:22,655 [3b4eed83-d40e-4c0a-9938-cd816878dab5@group-7D32124D860D-LeaderElection85] INFO  server.RaftServerConfigKeys (ConfUtils.java:logGet(43)) - raft.server.log.appender.snapshot.chunk.size.max = 16MB (=16777216) (default)
2019-10-04 13:52:22,655 [3b4eed83-d40e-4c0a-9938-cd816878dab5@group-7D32124D860D-LeaderElection85] INFO  server.RaftServerConfigKeys (ConfUtils.java:logGet(43)) - raft.server.log.appender.buffer.byte-limit = 33554432 (custom)
2019-10-04 13:52:22,655 [3b4eed83-d40e-4c0a-9938-cd816878dab5@group-7D32124D860D-LeaderElection85] INFO  server.RaftServerConfigKeys (ConfUtils.java:logGet(43)) - raft.server.log.appender.buffer.element-limit = 1 (custom)
2019-10-04 13:52:22,655 [3b4eed83-d40e-4c0a-9938-cd816878dab5@group-7D32124D860D-LeaderElection85] INFO  grpc.GrpcConfigKeys$Server (ConfUtils.java:logGet(43)) - raft.grpc.server.leader.outstanding.appends.max = 128 (default)
2019-10-04 13:52:22,656 [3b4eed83-d40e-4c0a-9938-cd816878dab5@group-7D32124D860D-LeaderElection85] INFO  server.RaftServerConfigKeys (ConfUtils.java:logGet(43)) - raft.server.rpc.request.timeout = 3000ms (default)
2019-10-04 13:52:22,656 [3b4eed83-d40e-4c0a-9938-cd816878dab5@group-7D32124D860D-LeaderElection85] INFO  server.RaftServerConfigKeys (ConfUtils.java:logGet(43)) - raft.server.log.appender.install.snapshot.enabled = false (custom)
2019-10-04 13:52:22,656 [3b4eed83-d40e-4c0a-9938-cd816878dab5@group-7D32124D860D-LeaderElection85] INFO  impl.RoleInfo (RoleInfo.java:updateAndGet(143)) - 3b4eed83-d40e-4c0a-9938-cd816878dab5: start LeaderState
2019-10-04 13:52:22,656 [3b4eed83-d40e-4c0a-9938-cd816878dab5@group-7D32124D860D-LeaderElection85] INFO  segmented.SegmentedRaftLogWorker (SegmentedRaftLogWorker.java:startLogSegment(385)) - 3b4eed83-d40e-4c0a-9938-cd816878dab5@group-7D32124D860D-SegmentedRaftLogWorker: Starting segment from index:0
2019-10-04 13:52:22,657 [3b4eed83-d40e-4c0a-9938-cd816878dab5@group-7D32124D860D-LeaderElection85] INFO  impl.RaftServerImpl (ServerState.java:setRaftConf(356)) - 3b4eed83-d40e-4c0a-9938-cd816878dab5@group-7D32124D860D: set configuration 0: [b19ba983-8fe9-4896-8031-8557018a0aaa:192.168.5.142:37634, 775aa2b3-a62a-4d60-9d25-1be808d8ccd3:192.168.5.142:36438, 3b4eed83-d40e-4c0a-9938-cd816878dab5:192.168.5.142:34040], old=null at 0
2019-10-04 13:52:22,687 [Thread-2366] INFO  impl.FollowerState (FollowerState.java:run(108)) - 638d3168-c9f1-473b-8692-392ed7ec5b86@group-81FB8BBEFCA7-FollowerState: change to CANDIDATE, lastRpcTime:5014ms, electionTimeout:5011ms
2019-10-04 13:52:22,687 [grpc-default-executor-2] INFO  impl.RaftServerImpl (ServerState.java:setLeader(255)) - b19ba983-8fe9-4896-8031-8557018a0aaa@group-7D32124D860D: change Leader from null to 3b4eed83-d40e-4c0a-9938-cd816878dab5 at term 1 for appendEntries, leader elected after 5188ms
2019-10-04 13:52:22,687 [Thread-2366] INFO  impl.RoleInfo (RoleInfo.java:shutdownFollowerState(121)) - 638d3168-c9f1-473b-8692-392ed7ec5b86: shutdown FollowerState
2019-10-04 13:52:22,688 [Thread-2366] INFO  impl.RaftServerImpl (RaftServerImpl.java:setRole(170)) - 638d3168-c9f1-473b-8692-392ed7ec5b86@group-81FB8BBEFCA7: changes role from  FOLLOWER to CANDIDATE at term 0 for changeToCandidate
2019-10-04 13:52:22,688 [Thread-2366] INFO  impl.RoleInfo (RoleInfo.java:updateAndGet(143)) - 638d3168-c9f1-473b-8692-392ed7ec5b86: start LeaderElection
2019-10-04 13:52:22,697 [grpc-default-executor-2] INFO  impl.RaftServerImpl (ServerState.java:setLeader(255)) - 775aa2b3-a62a-4d60-9d25-1be808d8ccd3@group-7D32124D860D: change Leader from null to 3b4eed83-d40e-4c0a-9938-cd816878dab5 at term 1 for appendEntries, leader elected after 5198ms
2019-10-04 13:52:22,702 [grpc-default-executor-2] WARN  server.GrpcLogAppender (LogUtils.java:warn(134)) - 39fd4120-165e-45ec-b9c4-971d1f74e9b4@group-76A833EA3DB0->80257ecc-928d-4209-b42a-e72edc2eb975-AppendLogResponseHandler: Failed appendEntries: org.apache.ratis.thirdparty.io.grpc.StatusRuntimeException: UNAVAILABLE: io exception
2019-10-04 13:52:22,702 [grpc-default-executor-1] WARN  server.GrpcLogAppender (LogUtils.java:warn(134)) - 39fd4120-165e-45ec-b9c4-971d1f74e9b4@group-76A833EA3DB0->ad718213-008c-41ec-8a72-c4d801cf9bd2-AppendLogResponseHandler: Failed appendEntries: org.apache.ratis.thirdparty.io.grpc.StatusRuntimeException: UNAVAILABLE: io exception
2019-10-04 13:52:22,702 [grpc-default-executor-2] INFO  impl.FollowerInfo (FollowerInfo.java:lambda$new$0(51)) - 39fd4120-165e-45ec-b9c4-971d1f74e9b4@group-76A833EA3DB0->80257ecc-928d-4209-b42a-e72edc2eb975: nextIndex: updateUnconditionally 0 -> 0
2019-10-04 13:52:22,702 [grpc-default-executor-6] INFO  impl.RaftServerImpl (ServerState.java:setRaftConf(356)) - b19ba983-8fe9-4896-8031-8557018a0aaa@group-7D32124D860D: set configuration 0: [b19ba983-8fe9-4896-8031-8557018a0aaa:192.168.5.142:37634, 775aa2b3-a62a-4d60-9d25-1be808d8ccd3:192.168.5.142:36438, 3b4eed83-d40e-4c0a-9938-cd816878dab5:192.168.5.142:34040], old=null at 0
2019-10-04 13:52:22,702 [grpc-default-executor-2] INFO  impl.RaftServerImpl (ServerState.java:setRaftConf(356)) - 775aa2b3-a62a-4d60-9d25-1be808d8ccd3@group-7D32124D860D: set configuration 0: [b19ba983-8fe9-4896-8031-8557018a0aaa:192.168.5.142:37634, 775aa2b3-a62a-4d60-9d25-1be808d8ccd3:192.168.5.142:36438, 3b4eed83-d40e-4c0a-9938-cd816878dab5:192.168.5.142:34040], old=null at 0
2019-10-04 13:52:22,702 [grpc-default-executor-1] INFO  impl.FollowerInfo (FollowerInfo.java:lambda$new$0(51)) - 39fd4120-165e-45ec-b9c4-971d1f74e9b4@group-76A833EA3DB0->ad718213-008c-41ec-8a72-c4d801cf9bd2: nextIndex: updateUnconditionally 0 -> 0
2019-10-04 13:52:22,703 [grpc-default-executor-2] INFO  segmented.SegmentedRaftLogWorker (SegmentedRaftLogWorker.java:startLogSegment(385)) - 775aa2b3-a62a-4d60-9d25-1be808d8ccd3@group-7D32124D860D-SegmentedRaftLogWorker: Starting segment from index:0
2019-10-04 13:52:22,702 [grpc-default-executor-6] INFO  segmented.SegmentedRaftLogWorker (SegmentedRaftLogWorker.java:startLogSegment(385)) - b19ba983-8fe9-4896-8031-8557018a0aaa@group-7D32124D860D-SegmentedRaftLogWorker: Starting segment from index:0
2019-10-04 13:52:22,712 [3b4eed83-d40e-4c0a-9938-cd816878dab5@group-7D32124D860D-SegmentedRaftLogWorker] INFO  segmented.SegmentedRaftLogWorker (SegmentedRaftLogWorker.java:execute(574)) - 3b4eed83-d40e-4c0a-9938-cd816878dab5@group-7D32124D860D-SegmentedRaftLogWorker: created new log segment /workdir/hadoop-ozone/integration-test/target/test-dir/MiniOzoneClusterImpl-586bcb63-682e-4ce1-8a8d-05f628e90452/datanode-2/data/ratis/f8d17c87-070e-402f-a8e7-7d32124d860d/current/log_inprogress_0
2019-10-04 13:52:22,712 [638d3168-c9f1-473b-8692-392ed7ec5b86@group-81FB8BBEFCA7-LeaderElection86] INFO  impl.LeaderElection (LeaderElection.java:askForVotes(178)) - 638d3168-c9f1-473b-8692-392ed7ec5b86@group-81FB8BBEFCA7-LeaderElection86: begin an election at term 1 for -1: [638d3168-c9f1-473b-8692-392ed7ec5b86:192.168.5.142:37512], old=null
2019-10-04 13:52:22,713 [638d3168-c9f1-473b-8692-392ed7ec5b86@group-81FB8BBEFCA7-LeaderElection86] INFO  impl.RoleInfo (RoleInfo.java:shutdownLeaderElection(134)) - 638d3168-c9f1-473b-8692-392ed7ec5b86: shutdown LeaderElection
2019-10-04 13:52:22,713 [638d3168-c9f1-473b-8692-392ed7ec5b86@group-81FB8BBEFCA7-LeaderElection86] INFO  impl.RaftServerImpl (RaftServerImpl.java:setRole(170)) - 638d3168-c9f1-473b-8692-392ed7ec5b86@group-81FB8BBEFCA7: changes role from CANDIDATE to LEADER at term 1 for changeToLeader
2019-10-04 13:52:22,713 [638d3168-c9f1-473b-8692-392ed7ec5b86@group-81FB8BBEFCA7-LeaderElection86] INFO  impl.RaftServerImpl (ServerState.java:setLeader(255)) - 638d3168-c9f1-473b-8692-392ed7ec5b86@group-81FB8BBEFCA7: change Leader from null to 638d3168-c9f1-473b-8692-392ed7ec5b86 at term 1 for becomeLeader, leader elected after 5047ms
2019-10-04 13:52:22,713 [638d3168-c9f1-473b-8692-392ed7ec5b86@group-81FB8BBEFCA7-LeaderElection86] INFO  server.RaftServerConfigKeys (ConfUtils.java:logGet(43)) - raft.server.staging.catchup.gap = 1000 (default)
2019-10-04 13:52:22,713 [638d3168-c9f1-473b-8692-392ed7ec5b86@group-81FB8BBEFCA7-LeaderElection86] INFO  server.RaftServerConfigKeys (ConfUtils.java:logGet(43)) - raft.server.rpc.sleep.time = 25ms (default)
2019-10-04 13:52:22,713 [638d3168-c9f1-473b-8692-392ed7ec5b86@group-81FB8BBEFCA7-LeaderElection86] INFO  server.RaftServerConfigKeys (ConfUtils.java:logGet(43)) - raft.server.write.element-limit = 4096 (default)
2019-10-04 13:52:22,713 [638d3168-c9f1-473b-8692-392ed7ec5b86@group-81FB8BBEFCA7-LeaderElection86] INFO  server.RaftServerConfigKeys (ConfUtils.java:logGet(43)) - raft.server.watch.timeout = 10s (default)
2019-10-04 13:52:22,714 [638d3168-c9f1-473b-8692-392ed7ec5b86@group-81FB8BBEFCA7-LeaderElection86] INFO  server.RaftServerConfigKeys (ConfUtils.java:logGet(43)) - raft.server.watch.timeout.denomination = 1s (default)
2019-10-04 13:52:22,714 [638d3168-c9f1-473b-8692-392ed7ec5b86@group-81FB8BBEFCA7-LeaderElection86] INFO  server.RaftServerConfigKeys (ConfUtils.java:logGet(43)) - raft.server.watch.element-limit = 65536 (default)
2019-10-04 13:52:22,716 [638d3168-c9f1-473b-8692-392ed7ec5b86@group-81FB8BBEFCA7-LeaderElection86] INFO  impl.RoleInfo (RoleInfo.java:updateAndGet(143)) - 638d3168-c9f1-473b-8692-392ed7ec5b86: start LeaderState
2019-10-04 13:52:22,717 [638d3168-c9f1-473b-8692-392ed7ec5b86@group-81FB8BBEFCA7-LeaderElection86] INFO  segmented.SegmentedRaftLogWorker (SegmentedRaftLogWorker.java:startLogSegment(385)) - 638d3168-c9f1-473b-8692-392ed7ec5b86@group-81FB8BBEFCA7-SegmentedRaftLogWorker: Starting segment from index:0
2019-10-04 13:52:22,717 [638d3168-c9f1-473b-8692-392ed7ec5b86@group-81FB8BBEFCA7-LeaderElection86] INFO  impl.RaftServerImpl (ServerState.java:setRaftConf(356)) - 638d3168-c9f1-473b-8692-392ed7ec5b86@group-81FB8BBEFCA7: set configuration 0: [638d3168-c9f1-473b-8692-392ed7ec5b86:192.168.5.142:37512], old=null at 0
2019-10-04 13:52:22,735 [Thread-2369] INFO  impl.FollowerState (FollowerState.java:run(108)) - 15fc2cd3-593a-4821-99b2-21428cfd7c00@group-8F515FFDE244-FollowerState: change to CANDIDATE, lastRpcTime:5010ms, electionTimeout:5010ms
2019-10-04 13:52:22,736 [Thread-2369] INFO  impl.RoleInfo (RoleInfo.java:shutdownFollowerState(121)) - 15fc2cd3-593a-4821-99b2-21428cfd7c00: shutdown FollowerState
2019-10-04 13:52:22,736 [Thread-2369] INFO  impl.RaftServerImpl (RaftServerImpl.java:setRole(170)) - 15fc2cd3-593a-4821-99b2-21428cfd7c00@group-8F515FFDE244: changes role from  FOLLOWER to CANDIDATE at term 0 for changeToCandidate
2019-10-04 13:52:22,736 [Thread-2369] INFO  impl.RoleInfo (RoleInfo.java:updateAndGet(143)) - 15fc2cd3-593a-4821-99b2-21428cfd7c00: start LeaderElection
2019-10-04 13:52:22,770 [775aa2b3-a62a-4d60-9d25-1be808d8ccd3@group-7D32124D860D-SegmentedRaftLogWorker] INFO  segmented.SegmentedRaftLogWorker (SegmentedRaftLogWorker.java:execute(574)) - 775aa2b3-a62a-4d60-9d25-1be808d8ccd3@group-7D32124D860D-SegmentedRaftLogWorker: created new log segment /workdir/hadoop-ozone/integration-test/target/test-dir/MiniOzoneClusterImpl-586bcb63-682e-4ce1-8a8d-05f628e90452/datanode-0/data/ratis/f8d17c87-070e-402f-a8e7-7d32124d860d/current/log_inprogress_0
2019-10-04 13:52:22,771 [15fc2cd3-593a-4821-99b2-21428cfd7c00@group-8F515FFDE244-LeaderElection87] INFO  impl.LeaderElection (LeaderElection.java:askForVotes(178)) - 15fc2cd3-593a-4821-99b2-21428cfd7c00@group-8F515FFDE244-LeaderElection87: begin an election at term 1 for -1: [15fc2cd3-593a-4821-99b2-21428cfd7c00:192.168.5.142:41938], old=null
2019-10-04 13:52:22,770 [638d3168-c9f1-473b-8692-392ed7ec5b86@group-81FB8BBEFCA7-SegmentedRaftLogWorker] INFO  segmented.SegmentedRaftLogWorker (SegmentedRaftLogWorker.java:execute(574)) - 638d3168-c9f1-473b-8692-392ed7ec5b86@group-81FB8BBEFCA7-SegmentedRaftLogWorker: created new log segment /workdir/hadoop-ozone/integration-test/target/test-dir/MiniOzoneClusterImpl-586bcb63-682e-4ce1-8a8d-05f628e90452/datanode-3/data/ratis/5713879d-b604-47b7-8f7e-81fb8bbefca7/current/log_inprogress_0
2019-10-04 13:52:22,770 [b19ba983-8fe9-4896-8031-8557018a0aaa@group-7D32124D860D-SegmentedRaftLogWorker] INFO  segmented.SegmentedRaftLogWorker (SegmentedRaftLogWorker.java:execute(574)) - b19ba983-8fe9-4896-8031-8557018a0aaa@group-7D32124D860D-SegmentedRaftLogWorker: created new log segment /workdir/hadoop-ozone/integration-test/target/test-dir/MiniOzoneClusterImpl-586bcb63-682e-4ce1-8a8d-05f628e90452/datanode-1/data/ratis/f8d17c87-070e-402f-a8e7-7d32124d860d/current/log_inprogress_0
2019-10-04 13:52:22,771 [15fc2cd3-593a-4821-99b2-21428cfd7c00@group-8F515FFDE244-LeaderElection87] INFO  impl.RoleInfo (RoleInfo.java:shutdownLeaderElection(134)) - 15fc2cd3-593a-4821-99b2-21428cfd7c00: shutdown LeaderElection
2019-10-04 13:52:22,771 [15fc2cd3-593a-4821-99b2-21428cfd7c00@group-8F515FFDE244-LeaderElection87] INFO  impl.RaftServerImpl (RaftServerImpl.java:setRole(170)) - 15fc2cd3-593a-4821-99b2-21428cfd7c00@group-8F515FFDE244: changes role from CANDIDATE to LEADER at term 1 for changeToLeader
2019-10-04 13:52:22,771 [15fc2cd3-593a-4821-99b2-21428cfd7c00@group-8F515FFDE244-LeaderElection87] INFO  impl.RaftServerImpl (ServerState.java:setLeader(255)) - 15fc2cd3-593a-4821-99b2-21428cfd7c00@group-8F515FFDE244: change Leader from null to 15fc2cd3-593a-4821-99b2-21428cfd7c00 at term 1 for becomeLeader, leader elected after 5053ms
2019-10-04 13:52:22,771 [15fc2cd3-593a-4821-99b2-21428cfd7c00@group-8F515FFDE244-LeaderElection87] INFO  server.RaftServerConfigKeys (ConfUtils.java:logGet(43)) - raft.server.staging.catchup.gap = 1000 (default)
2019-10-04 13:52:22,772 [15fc2cd3-593a-4821-99b2-21428cfd7c00@group-8F515FFDE244-LeaderElection87] INFO  server.RaftServerConfigKeys (ConfUtils.java:logGet(43)) - raft.server.rpc.sleep.time = 25ms (default)
2019-10-04 13:52:22,772 [15fc2cd3-593a-4821-99b2-21428cfd7c00@group-8F515FFDE244-LeaderElection87] INFO  server.RaftServerConfigKeys (ConfUtils.java:logGet(43)) - raft.server.write.element-limit = 4096 (default)
2019-10-04 13:52:22,772 [15fc2cd3-593a-4821-99b2-21428cfd7c00@group-8F515FFDE244-LeaderElection87] INFO  server.RaftServerConfigKeys (ConfUtils.java:logGet(43)) - raft.server.watch.timeout = 10s (default)
2019-10-04 13:52:22,772 [15fc2cd3-593a-4821-99b2-21428cfd7c00@group-8F515FFDE244-LeaderElection87] INFO  server.RaftServerConfigKeys (ConfUtils.java:logGet(43)) - raft.server.watch.timeout.denomination = 1s (default)
2019-10-04 13:52:22,772 [15fc2cd3-593a-4821-99b2-21428cfd7c00@group-8F515FFDE244-LeaderElection87] INFO  server.RaftServerConfigKeys (ConfUtils.java:logGet(43)) - raft.server.watch.element-limit = 65536 (default)
2019-10-04 13:52:22,774 [15fc2cd3-593a-4821-99b2-21428cfd7c00@group-8F515FFDE244-LeaderElection87] INFO  impl.RoleInfo (RoleInfo.java:updateAndGet(143)) - 15fc2cd3-593a-4821-99b2-21428cfd7c00: start LeaderState
2019-10-04 13:52:22,774 [15fc2cd3-593a-4821-99b2-21428cfd7c00@group-8F515FFDE244-LeaderElection87] INFO  segmented.SegmentedRaftLogWorker (SegmentedRaftLogWorker.java:startLogSegment(385)) - 15fc2cd3-593a-4821-99b2-21428cfd7c00@group-8F515FFDE244-SegmentedRaftLogWorker: Starting segment from index:0
2019-10-04 13:52:22,775 [15fc2cd3-593a-4821-99b2-21428cfd7c00@group-8F515FFDE244-LeaderElection87] INFO  impl.RaftServerImpl (ServerState.java:setRaftConf(356)) - 15fc2cd3-593a-4821-99b2-21428cfd7c00@group-8F515FFDE244: set configuration 0: [15fc2cd3-593a-4821-99b2-21428cfd7c00:192.168.5.142:41938], old=null at 0
2019-10-04 13:52:22,805 [Thread-2372] INFO  impl.FollowerState (FollowerState.java:run(108)) - 15fc2cd3-593a-4821-99b2-21428cfd7c00@group-BC61907F3973-FollowerState: change to CANDIDATE, lastRpcTime:5001ms, electionTimeout:5001ms
2019-10-04 13:52:22,805 [Thread-2372] INFO  impl.RoleInfo (RoleInfo.java:shutdownFollowerState(121)) - 15fc2cd3-593a-4821-99b2-21428cfd7c00: shutdown FollowerState
2019-10-04 13:52:22,805 [Thread-2372] INFO  impl.RaftServerImpl (RaftServerImpl.java:setRole(170)) - 15fc2cd3-593a-4821-99b2-21428cfd7c00@group-BC61907F3973: changes role from  FOLLOWER to CANDIDATE at term 0 for changeToCandidate
2019-10-04 13:52:22,806 [Thread-2372] INFO  impl.RoleInfo (RoleInfo.java:updateAndGet(143)) - 15fc2cd3-593a-4821-99b2-21428cfd7c00: start LeaderElection
2019-10-04 13:52:22,815 [Thread-2363] INFO  impl.FollowerState (FollowerState.java:run(108)) - c42c8b8d-a309-412f-9236-63affaeeaa96@group-3209804FAB3A-FollowerState: change to CANDIDATE, lastRpcTime:5195ms, electionTimeout:5194ms
2019-10-04 13:52:22,815 [15fc2cd3-593a-4821-99b2-21428cfd7c00@group-8F515FFDE244-SegmentedRaftLogWorker] INFO  segmented.SegmentedRaftLogWorker (SegmentedRaftLogWorker.java:execute(574)) - 15fc2cd3-593a-4821-99b2-21428cfd7c00@group-8F515FFDE244-SegmentedRaftLogWorker: created new log segment /workdir/hadoop-ozone/integration-test/target/test-dir/MiniOzoneClusterImpl-586bcb63-682e-4ce1-8a8d-05f628e90452/datanode-5/data/ratis/081fdd2b-6fc6-4f3f-a185-8f515ffde244/current/log_inprogress_0
2019-10-04 13:52:22,815 [Thread-2363] INFO  impl.RoleInfo (RoleInfo.java:shutdownFollowerState(121)) - c42c8b8d-a309-412f-9236-63affaeeaa96: shutdown FollowerState
2019-10-04 13:52:22,815 [Thread-2363] INFO  impl.RaftServerImpl (RaftServerImpl.java:setRole(170)) - c42c8b8d-a309-412f-9236-63affaeeaa96@group-3209804FAB3A: changes role from  FOLLOWER to CANDIDATE at term 0 for changeToCandidate
2019-10-04 13:52:22,815 [Thread-2363] INFO  impl.RoleInfo (RoleInfo.java:updateAndGet(143)) - c42c8b8d-a309-412f-9236-63affaeeaa96: start LeaderElection
2019-10-04 13:52:22,841 [15fc2cd3-593a-4821-99b2-21428cfd7c00@group-BC61907F3973-LeaderElection88] INFO  impl.LeaderElection (LeaderElection.java:askForVotes(178)) - 15fc2cd3-593a-4821-99b2-21428cfd7c00@group-BC61907F3973-LeaderElection88: begin an election at term 1 for -1: [638d3168-c9f1-473b-8692-392ed7ec5b86:192.168.5.142:37512, c42c8b8d-a309-412f-9236-63affaeeaa96:192.168.5.142:38025, 15fc2cd3-593a-4821-99b2-21428cfd7c00:192.168.5.142:41938], old=null
2019-10-04 13:52:22,841 [c42c8b8d-a309-412f-9236-63affaeeaa96@group-3209804FAB3A-LeaderElection89] INFO  impl.LeaderElection (LeaderElection.java:askForVotes(178)) - c42c8b8d-a309-412f-9236-63affaeeaa96@group-3209804FAB3A-LeaderElection89: begin an election at term 1 for -1: [c42c8b8d-a309-412f-9236-63affaeeaa96:192.168.5.142:38025], old=null
2019-10-04 13:52:22,842 [c42c8b8d-a309-412f-9236-63affaeeaa96@group-3209804FAB3A-LeaderElection89] INFO  impl.RoleInfo (RoleInfo.java:shutdownLeaderElection(134)) - c42c8b8d-a309-412f-9236-63affaeeaa96: shutdown LeaderElection
2019-10-04 13:52:22,842 [c42c8b8d-a309-412f-9236-63affaeeaa96@group-3209804FAB3A-LeaderElection89] INFO  impl.RaftServerImpl (RaftServerImpl.java:setRole(170)) - c42c8b8d-a309-412f-9236-63affaeeaa96@group-3209804FAB3A: changes role from CANDIDATE to LEADER at term 1 for changeToLeader
2019-10-04 13:52:22,842 [c42c8b8d-a309-412f-9236-63affaeeaa96@group-3209804FAB3A-LeaderElection89] INFO  impl.RaftServerImpl (ServerState.java:setLeader(255)) - c42c8b8d-a309-412f-9236-63affaeeaa96@group-3209804FAB3A: change Leader from null to c42c8b8d-a309-412f-9236-63affaeeaa96 at term 1 for becomeLeader, leader elected after 5231ms
2019-10-04 13:52:22,842 [c42c8b8d-a309-412f-9236-63affaeeaa96@group-3209804FAB3A-LeaderElection89] INFO  server.RaftServerConfigKeys (ConfUtils.java:logGet(43)) - raft.server.staging.catchup.gap = 1000 (default)
2019-10-04 13:52:22,842 [c42c8b8d-a309-412f-9236-63affaeeaa96@group-3209804FAB3A-LeaderElection89] INFO  server.RaftServerConfigKeys (ConfUtils.java:logGet(43)) - raft.server.rpc.sleep.time = 25ms (default)
2019-10-04 13:52:22,843 [c42c8b8d-a309-412f-9236-63affaeeaa96@group-3209804FAB3A-LeaderElection89] INFO  server.RaftServerConfigKeys (ConfUtils.java:logGet(43)) - raft.server.write.element-limit = 4096 (default)
2019-10-04 13:52:22,843 [c42c8b8d-a309-412f-9236-63affaeeaa96@group-3209804FAB3A-LeaderElection89] INFO  server.RaftServerConfigKeys (ConfUtils.java:logGet(43)) - raft.server.watch.timeout = 10s (default)
2019-10-04 13:52:22,843 [c42c8b8d-a309-412f-9236-63affaeeaa96@group-3209804FAB3A-LeaderElection89] INFO  server.RaftServerConfigKeys (ConfUtils.java:logGet(43)) - raft.server.watch.timeout.denomination = 1s (default)
2019-10-04 13:52:22,843 [c42c8b8d-a309-412f-9236-63affaeeaa96@group-3209804FAB3A-LeaderElection89] INFO  server.RaftServerConfigKeys (ConfUtils.java:logGet(43)) - raft.server.watch.element-limit = 65536 (default)
2019-10-04 13:52:22,847 [c42c8b8d-a309-412f-9236-63affaeeaa96@group-3209804FAB3A-LeaderElection89] INFO  impl.RoleInfo (RoleInfo.java:updateAndGet(143)) - c42c8b8d-a309-412f-9236-63affaeeaa96: start LeaderState
2019-10-04 13:52:22,848 [c42c8b8d-a309-412f-9236-63affaeeaa96@group-3209804FAB3A-LeaderElection89] INFO  segmented.SegmentedRaftLogWorker (SegmentedRaftLogWorker.java:startLogSegment(385)) - c42c8b8d-a309-412f-9236-63affaeeaa96@group-3209804FAB3A-SegmentedRaftLogWorker: Starting segment from index:0
2019-10-04 13:52:22,848 [c42c8b8d-a309-412f-9236-63affaeeaa96@group-3209804FAB3A-LeaderElection89] INFO  impl.RaftServerImpl (ServerState.java:setRaftConf(356)) - c42c8b8d-a309-412f-9236-63affaeeaa96@group-3209804FAB3A: set configuration 0: [c42c8b8d-a309-412f-9236-63affaeeaa96:192.168.5.142:38025], old=null at 0
2019-10-04 13:52:22,851 [grpc-default-executor-2] INFO  impl.RaftServerImpl (RaftServerImpl.java:setRole(170)) - 638d3168-c9f1-473b-8692-392ed7ec5b86@group-BC61907F3973: changes role from  FOLLOWER to FOLLOWER at term 1 for recognizeCandidate:15fc2cd3-593a-4821-99b2-21428cfd7c00
2019-10-04 13:52:22,851 [grpc-default-executor-2] INFO  impl.RoleInfo (RoleInfo.java:shutdownFollowerState(121)) - 638d3168-c9f1-473b-8692-392ed7ec5b86: shutdown FollowerState
2019-10-04 13:52:22,889 [grpc-default-executor-6] INFO  impl.RaftServerImpl (RaftServerImpl.java:setRole(170)) - c42c8b8d-a309-412f-9236-63affaeeaa96@group-BC61907F3973: changes role from  FOLLOWER to FOLLOWER at term 1 for recognizeCandidate:15fc2cd3-593a-4821-99b2-21428cfd7c00
2019-10-04 13:52:22,892 [grpc-default-executor-2] INFO  impl.RoleInfo (RoleInfo.java:updateAndGet(143)) - 638d3168-c9f1-473b-8692-392ed7ec5b86: start FollowerState
2019-10-04 13:52:22,892 [grpc-default-executor-6] INFO  impl.RoleInfo (RoleInfo.java:shutdownFollowerState(121)) - c42c8b8d-a309-412f-9236-63affaeeaa96: shutdown FollowerState
2019-10-04 13:52:22,892 [grpc-default-executor-6] INFO  impl.RoleInfo (RoleInfo.java:updateAndGet(143)) - c42c8b8d-a309-412f-9236-63affaeeaa96: start FollowerState
2019-10-04 13:52:22,892 [Thread-2375] INFO  impl.FollowerState (FollowerState.java:run(117)) - c42c8b8d-a309-412f-9236-63affaeeaa96@group-BC61907F3973-FollowerState was interrupted: java.lang.InterruptedException: sleep interrupted
2019-10-04 13:52:22,905 [c42c8b8d-a309-412f-9236-63affaeeaa96@group-3209804FAB3A-SegmentedRaftLogWorker] INFO  segmented.SegmentedRaftLogWorker (SegmentedRaftLogWorker.java:execute(574)) - c42c8b8d-a309-412f-9236-63affaeeaa96@group-3209804FAB3A-SegmentedRaftLogWorker: created new log segment /workdir/hadoop-ozone/integration-test/target/test-dir/MiniOzoneClusterImpl-586bcb63-682e-4ce1-8a8d-05f628e90452/datanode-4/data/ratis/88d305b6-1ce0-481f-8a5d-3209804fab3a/current/log_inprogress_0
2019-10-04 13:52:22,939 [15fc2cd3-593a-4821-99b2-21428cfd7c00@group-BC61907F3973-LeaderElection88] INFO  impl.LeaderElection (LeaderElection.java:logAndReturn(56)) - 15fc2cd3-593a-4821-99b2-21428cfd7c00@group-BC61907F3973-LeaderElection88: Election PASSED; received 1 response(s) [15fc2cd3-593a-4821-99b2-21428cfd7c00<-638d3168-c9f1-473b-8692-392ed7ec5b86#0:OK-t1] and 0 exception(s); 15fc2cd3-593a-4821-99b2-21428cfd7c00@group-BC61907F3973:t1, leader=null, voted=15fc2cd3-593a-4821-99b2-21428cfd7c00, raftlog=15fc2cd3-593a-4821-99b2-21428cfd7c00@group-BC61907F3973-SegmentedRaftLog:OPENED:c-1,f-1,i0, conf=-1: [638d3168-c9f1-473b-8692-392ed7ec5b86:192.168.5.142:37512, c42c8b8d-a309-412f-9236-63affaeeaa96:192.168.5.142:38025, 15fc2cd3-593a-4821-99b2-21428cfd7c00:192.168.5.142:41938], old=null
2019-10-04 13:52:22,939 [15fc2cd3-593a-4821-99b2-21428cfd7c00@group-BC61907F3973-LeaderElection88] INFO  impl.RoleInfo (RoleInfo.java:shutdownLeaderElection(134)) - 15fc2cd3-593a-4821-99b2-21428cfd7c00: shutdown LeaderElection
2019-10-04 13:52:22,939 [15fc2cd3-593a-4821-99b2-21428cfd7c00@group-BC61907F3973-LeaderElection88] INFO  impl.RaftServerImpl (RaftServerImpl.java:setRole(170)) - 15fc2cd3-593a-4821-99b2-21428cfd7c00@group-BC61907F3973: changes role from CANDIDATE to LEADER at term 1 for changeToLeader
2019-10-04 13:52:22,940 [15fc2cd3-593a-4821-99b2-21428cfd7c00@group-BC61907F3973-LeaderElection88] INFO  impl.RaftServerImpl (ServerState.java:setLeader(255)) - 15fc2cd3-593a-4821-99b2-21428cfd7c00@group-BC61907F3973: change Leader from null to 15fc2cd3-593a-4821-99b2-21428cfd7c00 at term 1 for becomeLeader, leader elected after 5144ms
2019-10-04 13:52:22,940 [15fc2cd3-593a-4821-99b2-21428cfd7c00@group-BC61907F3973-LeaderElection88] INFO  server.RaftServerConfigKeys (ConfUtils.java:logGet(43)) - raft.server.staging.catchup.gap = 1000 (default)
2019-10-04 13:52:22,940 [15fc2cd3-593a-4821-99b2-21428cfd7c00@group-BC61907F3973-LeaderElection88] INFO  server.RaftServerConfigKeys (ConfUtils.java:logGet(43)) - raft.server.rpc.sleep.time = 25ms (default)
2019-10-04 13:52:22,940 [15fc2cd3-593a-4821-99b2-21428cfd7c00@group-BC61907F3973-LeaderElection88] INFO  server.RaftServerConfigKeys (ConfUtils.java:logGet(43)) - raft.server.write.element-limit = 4096 (default)
2019-10-04 13:52:22,940 [15fc2cd3-593a-4821-99b2-21428cfd7c00@group-BC61907F3973-LeaderElection88] INFO  server.RaftServerConfigKeys (ConfUtils.java:logGet(43)) - raft.server.watch.timeout = 10s (default)
2019-10-04 13:52:22,940 [15fc2cd3-593a-4821-99b2-21428cfd7c00@group-BC61907F3973-LeaderElection88] INFO  server.RaftServerConfigKeys (ConfUtils.java:logGet(43)) - raft.server.watch.timeout.denomination = 1s (default)
2019-10-04 13:52:22,940 [15fc2cd3-593a-4821-99b2-21428cfd7c00@group-BC61907F3973-LeaderElection88] INFO  server.RaftServerConfigKeys (ConfUtils.java:logGet(43)) - raft.server.watch.element-limit = 65536 (default)
2019-10-04 13:52:22,942 [15fc2cd3-593a-4821-99b2-21428cfd7c00@group-BC61907F3973-LeaderElection88] INFO  server.RaftServerConfigKeys (ConfUtils.java:logGet(43)) - raft.server.log.appender.snapshot.chunk.size.max = 16MB (=16777216) (default)
2019-10-04 13:52:22,942 [15fc2cd3-593a-4821-99b2-21428cfd7c00@group-BC61907F3973-LeaderElection88] INFO  server.RaftServerConfigKeys (ConfUtils.java:logGet(43)) - raft.server.log.appender.buffer.byte-limit = 33554432 (custom)
2019-10-04 13:52:22,946 [15fc2cd3-593a-4821-99b2-21428cfd7c00@group-BC61907F3973-LeaderElection88] INFO  server.RaftServerConfigKeys (ConfUtils.java:logGet(43)) - raft.server.log.appender.buffer.element-limit = 1 (custom)
2019-10-04 13:52:22,947 [15fc2cd3-593a-4821-99b2-21428cfd7c00@group-BC61907F3973-LeaderElection88] INFO  grpc.GrpcConfigKeys$Server (ConfUtils.java:logGet(43)) - raft.grpc.server.leader.outstanding.appends.max = 128 (default)
2019-10-04 13:52:22,947 [15fc2cd3-593a-4821-99b2-21428cfd7c00@group-BC61907F3973-LeaderElection88] INFO  server.RaftServerConfigKeys (ConfUtils.java:logGet(43)) - raft.server.rpc.request.timeout = 3000ms (default)
2019-10-04 13:52:22,950 [15fc2cd3-593a-4821-99b2-21428cfd7c00@group-BC61907F3973-LeaderElection88] INFO  server.RaftServerConfigKeys (ConfUtils.java:logGet(43)) - raft.server.log.appender.install.snapshot.enabled = false (custom)
2019-10-04 13:52:22,950 [15fc2cd3-593a-4821-99b2-21428cfd7c00@group-BC61907F3973-LeaderElection88] INFO  server.RaftServerConfigKeys (ConfUtils.java:logGet(43)) - raft.server.log.appender.snapshot.chunk.size.max = 16MB (=16777216) (default)
2019-10-04 13:52:22,950 [15fc2cd3-593a-4821-99b2-21428cfd7c00@group-BC61907F3973-LeaderElection88] INFO  server.RaftServerConfigKeys (ConfUtils.java:logGet(43)) - raft.server.log.appender.buffer.byte-limit = 33554432 (custom)
2019-10-04 13:52:22,951 [15fc2cd3-593a-4821-99b2-21428cfd7c00@group-BC61907F3973-LeaderElection88] INFO  server.RaftServerConfigKeys (ConfUtils.java:logGet(43)) - raft.server.log.appender.buffer.element-limit = 1 (custom)
2019-10-04 13:52:22,951 [15fc2cd3-593a-4821-99b2-21428cfd7c00@group-BC61907F3973-LeaderElection88] INFO  grpc.GrpcConfigKeys$Server (ConfUtils.java:logGet(43)) - raft.grpc.server.leader.outstanding.appends.max = 128 (default)
2019-10-04 13:52:22,951 [15fc2cd3-593a-4821-99b2-21428cfd7c00@group-BC61907F3973-LeaderElection88] INFO  server.RaftServerConfigKeys (ConfUtils.java:logGet(43)) - raft.server.rpc.request.timeout = 3000ms (default)
2019-10-04 13:52:22,954 [15fc2cd3-593a-4821-99b2-21428cfd7c00@group-BC61907F3973-LeaderElection88] INFO  server.RaftServerConfigKeys (ConfUtils.java:logGet(43)) - raft.server.log.appender.install.snapshot.enabled = false (custom)
2019-10-04 13:52:22,960 [15fc2cd3-593a-4821-99b2-21428cfd7c00@group-BC61907F3973-LeaderElection88] INFO  impl.RoleInfo (RoleInfo.java:updateAndGet(143)) - 15fc2cd3-593a-4821-99b2-21428cfd7c00: start LeaderState
2019-10-04 13:52:22,960 [15fc2cd3-593a-4821-99b2-21428cfd7c00@group-BC61907F3973-LeaderElection88] INFO  segmented.SegmentedRaftLogWorker (SegmentedRaftLogWorker.java:startLogSegment(385)) - 15fc2cd3-593a-4821-99b2-21428cfd7c00@group-BC61907F3973-SegmentedRaftLogWorker: Starting segment from index:0
2019-10-04 13:52:22,961 [15fc2cd3-593a-4821-99b2-21428cfd7c00@group-BC61907F3973-LeaderElection88] INFO  impl.RaftServerImpl (ServerState.java:setRaftConf(356)) - 15fc2cd3-593a-4821-99b2-21428cfd7c00@group-BC61907F3973: set configuration 0: [638d3168-c9f1-473b-8692-392ed7ec5b86:192.168.5.142:37512, c42c8b8d-a309-412f-9236-63affaeeaa96:192.168.5.142:38025, 15fc2cd3-593a-4821-99b2-21428cfd7c00:192.168.5.142:41938], old=null at 0
2019-10-04 13:52:22,988 [grpc-default-executor-6] INFO  impl.RaftServerImpl (ServerState.java:setLeader(255)) - c42c8b8d-a309-412f-9236-63affaeeaa96@group-BC61907F3973: change Leader from null to 15fc2cd3-593a-4821-99b2-21428cfd7c00 at term 1 for appendEntries, leader elected after 5193ms
2019-10-04 13:52:22,988 [grpc-default-executor-2] INFO  impl.RaftServerImpl (ServerState.java:setLeader(255)) - 638d3168-c9f1-473b-8692-392ed7ec5b86@group-BC61907F3973: change Leader from null to 15fc2cd3-593a-4821-99b2-21428cfd7c00 at term 1 for appendEntries, leader elected after 5192ms
2019-10-04 13:52:22,993 [grpc-default-executor-1] INFO  impl.RaftServerImpl (ServerState.java:setRaftConf(356)) - c42c8b8d-a309-412f-9236-63affaeeaa96@group-BC61907F3973: set configuration 0: [638d3168-c9f1-473b-8692-392ed7ec5b86:192.168.5.142:37512, c42c8b8d-a309-412f-9236-63affaeeaa96:192.168.5.142:38025, 15fc2cd3-593a-4821-99b2-21428cfd7c00:192.168.5.142:41938], old=null at 0
2019-10-04 13:52:22,993 [grpc-default-executor-1] INFO  segmented.SegmentedRaftLogWorker (SegmentedRaftLogWorker.java:startLogSegment(385)) - c42c8b8d-a309-412f-9236-63affaeeaa96@group-BC61907F3973-SegmentedRaftLogWorker: Starting segment from index:0
2019-10-04 13:52:22,993 [grpc-default-executor-2] INFO  impl.RaftServerImpl (ServerState.java:setRaftConf(356)) - 638d3168-c9f1-473b-8692-392ed7ec5b86@group-BC61907F3973: set configuration 0: [638d3168-c9f1-473b-8692-392ed7ec5b86:192.168.5.142:37512, c42c8b8d-a309-412f-9236-63affaeeaa96:192.168.5.142:38025, 15fc2cd3-593a-4821-99b2-21428cfd7c00:192.168.5.142:41938], old=null at 0
2019-10-04 13:52:22,994 [grpc-default-executor-2] INFO  segmented.SegmentedRaftLogWorker (SegmentedRaftLogWorker.java:startLogSegment(385)) - 638d3168-c9f1-473b-8692-392ed7ec5b86@group-BC61907F3973-SegmentedRaftLogWorker: Starting segment from index:0
2019-10-04 13:52:23,000 [15fc2cd3-593a-4821-99b2-21428cfd7c00@group-BC61907F3973-SegmentedRaftLogWorker] INFO  segmented.SegmentedRaftLogWorker (SegmentedRaftLogWorker.java:execute(574)) - 15fc2cd3-593a-4821-99b2-21428cfd7c00@group-BC61907F3973-SegmentedRaftLogWorker: created new log segment /workdir/hadoop-ozone/integration-test/target/test-dir/MiniOzoneClusterImpl-586bcb63-682e-4ce1-8a8d-05f628e90452/datanode-5/data/ratis/b7ceac7b-6da5-40f7-ba5c-bc61907f3973/current/log_inprogress_0
2019-10-04 13:52:23,042 [c42c8b8d-a309-412f-9236-63affaeeaa96@group-BC61907F3973-SegmentedRaftLogWorker] INFO  segmented.SegmentedRaftLogWorker (SegmentedRaftLogWorker.java:execute(574)) - c42c8b8d-a309-412f-9236-63affaeeaa96@group-BC61907F3973-SegmentedRaftLogWorker: created new log segment /workdir/hadoop-ozone/integration-test/target/test-dir/MiniOzoneClusterImpl-586bcb63-682e-4ce1-8a8d-05f628e90452/datanode-4/data/ratis/b7ceac7b-6da5-40f7-ba5c-bc61907f3973/current/log_inprogress_0
2019-10-04 13:52:23,042 [638d3168-c9f1-473b-8692-392ed7ec5b86@group-BC61907F3973-SegmentedRaftLogWorker] INFO  segmented.SegmentedRaftLogWorker (SegmentedRaftLogWorker.java:execute(574)) - 638d3168-c9f1-473b-8692-392ed7ec5b86@group-BC61907F3973-SegmentedRaftLogWorker: created new log segment /workdir/hadoop-ozone/integration-test/target/test-dir/MiniOzoneClusterImpl-586bcb63-682e-4ce1-8a8d-05f628e90452/datanode-3/data/ratis/b7ceac7b-6da5-40f7-ba5c-bc61907f3973/current/log_inprogress_0
2019-10-04 13:52:25,202 [grpc-default-executor-2] WARN  server.GrpcLogAppender (LogUtils.java:warn(134)) - 39fd4120-165e-45ec-b9c4-971d1f74e9b4@group-76A833EA3DB0->80257ecc-928d-4209-b42a-e72edc2eb975-AppendLogResponseHandler: Failed appendEntries: org.apache.ratis.thirdparty.io.grpc.StatusRuntimeException: UNAVAILABLE: io exception
2019-10-04 13:52:25,202 [grpc-default-executor-0] WARN  server.GrpcLogAppender (LogUtils.java:warn(134)) - 39fd4120-165e-45ec-b9c4-971d1f74e9b4@group-76A833EA3DB0->ad718213-008c-41ec-8a72-c4d801cf9bd2-AppendLogResponseHandler: Failed appendEntries: org.apache.ratis.thirdparty.io.grpc.StatusRuntimeException: UNAVAILABLE: io exception
2019-10-04 13:52:25,203 [grpc-default-executor-2] INFO  impl.FollowerInfo (FollowerInfo.java:lambda$new$0(51)) - 39fd4120-165e-45ec-b9c4-971d1f74e9b4@group-76A833EA3DB0->80257ecc-928d-4209-b42a-e72edc2eb975: nextIndex: updateUnconditionally 0 -> 0
2019-10-04 13:52:25,203 [grpc-default-executor-0] INFO  impl.FollowerInfo (FollowerInfo.java:lambda$new$0(51)) - 39fd4120-165e-45ec-b9c4-971d1f74e9b4@group-76A833EA3DB0->ad718213-008c-41ec-8a72-c4d801cf9bd2: nextIndex: updateUnconditionally 0 -> 0
2019-10-04 13:52:27,109 [EventQueue-StaleNodeForStaleNodeHandler] INFO  node.StaleNodeHandler (StaleNodeHandler.java:onMessage(58)) - Datanode 80257ecc-928d-4209-b42a-e72edc2eb975{ip: 192.168.5.142, host: pr-hdds-2204-d78b8-1674338442, networkLocation: /default-rack, certSerialId: null} moved to stale state. Finalizing its pipelines [PipelineID=a43c4bca-e909-4fe5-9764-949e19706834, PipelineID=be719bb1-345b-4983-b6f0-76a833ea3db0]
2019-10-04 13:52:27,110 [EventQueue-StaleNodeForStaleNodeHandler] INFO  pipeline.SCMPipelineManager (SCMPipelineManager.java:finalizeAndDestroyPipeline(315)) - destroying pipeline:Pipeline[ Id: a43c4bca-e909-4fe5-9764-949e19706834, Nodes: 80257ecc-928d-4209-b42a-e72edc2eb975{ip: 192.168.5.142, host: pr-hdds-2204-d78b8-1674338442, networkLocation: /default-rack, certSerialId: null}, Type:RATIS, Factor:ONE, State:OPEN]
2019-10-04 13:52:27,110 [EventQueue-StaleNodeForStaleNodeHandler] INFO  pipeline.PipelineStateManager (PipelineStateManager.java:finalizePipeline(123)) - Pipeline Pipeline[ Id: a43c4bca-e909-4fe5-9764-949e19706834, Nodes: 80257ecc-928d-4209-b42a-e72edc2eb975{ip: 192.168.5.142, host: pr-hdds-2204-d78b8-1674338442, networkLocation: /default-rack, certSerialId: null}, Type:RATIS, Factor:ONE, State:CLOSED] moved to CLOSED state
2019-10-04 13:52:27,110 [EventQueue-StaleNodeForStaleNodeHandler] INFO  pipeline.SCMPipelineManager (SCMPipelineManager.java:finalizeAndDestroyPipeline(315)) - destroying pipeline:Pipeline[ Id: be719bb1-345b-4983-b6f0-76a833ea3db0, Nodes: 80257ecc-928d-4209-b42a-e72edc2eb975{ip: 192.168.5.142, host: pr-hdds-2204-d78b8-1674338442, networkLocation: /default-rack, certSerialId: null}ad718213-008c-41ec-8a72-c4d801cf9bd2{ip: 192.168.5.142, host: pr-hdds-2204-d78b8-1674338442, networkLocation: /default-rack, certSerialId: null}39fd4120-165e-45ec-b9c4-971d1f74e9b4{ip: 192.168.5.142, host: pr-hdds-2204-d78b8-1674338442, networkLocation: /default-rack, certSerialId: null}, Type:RATIS, Factor:THREE, State:OPEN]
2019-10-04 13:52:27,111 [EventQueue-StaleNodeForStaleNodeHandler] INFO  pipeline.PipelineStateManager (PipelineStateManager.java:finalizePipeline(123)) - Pipeline Pipeline[ Id: be719bb1-345b-4983-b6f0-76a833ea3db0, Nodes: 80257ecc-928d-4209-b42a-e72edc2eb975{ip: 192.168.5.142, host: pr-hdds-2204-d78b8-1674338442, networkLocation: /default-rack, certSerialId: null}ad718213-008c-41ec-8a72-c4d801cf9bd2{ip: 192.168.5.142, host: pr-hdds-2204-d78b8-1674338442, networkLocation: /default-rack, certSerialId: null}39fd4120-165e-45ec-b9c4-971d1f74e9b4{ip: 192.168.5.142, host: pr-hdds-2204-d78b8-1674338442, networkLocation: /default-rack, certSerialId: null}, Type:RATIS, Factor:THREE, State:CLOSED] moved to CLOSED state
2019-10-04 13:52:27,111 [EventQueue-CloseContainerForCloseContainerEventHandler] INFO  container.CloseContainerEventHandler (CloseContainerEventHandler.java:onMessage(61)) - Close container Event triggered for container : #1
2019-10-04 13:52:27,703 [grpc-default-executor-4] WARN  server.GrpcLogAppender (LogUtils.java:warn(134)) - 39fd4120-165e-45ec-b9c4-971d1f74e9b4@group-76A833EA3DB0->80257ecc-928d-4209-b42a-e72edc2eb975-AppendLogResponseHandler: Failed appendEntries: org.apache.ratis.thirdparty.io.grpc.StatusRuntimeException: UNAVAILABLE: io exception
2019-10-04 13:52:27,703 [grpc-default-executor-0] WARN  server.GrpcLogAppender (LogUtils.java:warn(134)) - 39fd4120-165e-45ec-b9c4-971d1f74e9b4@group-76A833EA3DB0->ad718213-008c-41ec-8a72-c4d801cf9bd2-AppendLogResponseHandler: Failed appendEntries: org.apache.ratis.thirdparty.io.grpc.StatusRuntimeException: UNAVAILABLE: io exception
2019-10-04 13:52:27,704 [grpc-default-executor-4] INFO  impl.FollowerInfo (FollowerInfo.java:lambda$new$0(51)) - 39fd4120-165e-45ec-b9c4-971d1f74e9b4@group-76A833EA3DB0->80257ecc-928d-4209-b42a-e72edc2eb975: nextIndex: updateUnconditionally 0 -> 0
2019-10-04 13:52:27,704 [grpc-default-executor-0] INFO  impl.FollowerInfo (FollowerInfo.java:lambda$new$0(51)) - 39fd4120-165e-45ec-b9c4-971d1f74e9b4@group-76A833EA3DB0->ad718213-008c-41ec-8a72-c4d801cf9bd2: nextIndex: updateUnconditionally 0 -> 0
2019-10-04 13:52:28,148 [Datanode State Machine Thread - 0] INFO  statemachine.DatanodeStateMachine (DatanodeStateMachine.java:lambda$startDaemon$0(350)) - Ozone container server started.
2019-10-04 13:52:28,148 [main] INFO  ozoneimpl.OzoneContainer (OzoneContainer.java:stop(231)) - Attempting to stop container services.
2019-10-04 13:52:28,149 [main] INFO  impl.RaftServerProxy (RaftServerProxy.java:lambda$close$4(314)) - b19ba983-8fe9-4896-8031-8557018a0aaa: close
2019-10-04 13:52:28,150 [main] INFO  impl.RaftServerImpl (RaftServerImpl.java:lambda$shutdown$3(247)) - b19ba983-8fe9-4896-8031-8557018a0aaa@group-7D32124D860D: shutdown
2019-10-04 13:52:28,150 [ForkJoinPool.commonPool-worker-1] INFO  impl.RaftServerImpl (RaftServerImpl.java:lambda$shutdown$3(247)) - b19ba983-8fe9-4896-8031-8557018a0aaa@group-42AA501C4429: shutdown
2019-10-04 13:52:28,151 [main] INFO  util.JmxRegister (JmxRegister.java:unregister(73)) - Successfully un-registered JMX Bean with object name Ratis:service=RaftServer,group=group-7D32124D860D,id=b19ba983-8fe9-4896-8031-8557018a0aaa
2019-10-04 13:52:28,151 [ForkJoinPool.commonPool-worker-1] INFO  util.JmxRegister (JmxRegister.java:unregister(73)) - Successfully un-registered JMX Bean with object name Ratis:service=RaftServer,group=group-42AA501C4429,id=b19ba983-8fe9-4896-8031-8557018a0aaa
2019-10-04 13:52:28,151 [main] INFO  impl.RoleInfo (RoleInfo.java:shutdownFollowerState(121)) - b19ba983-8fe9-4896-8031-8557018a0aaa: shutdown FollowerState
2019-10-04 13:52:28,151 [ForkJoinPool.commonPool-worker-1] INFO  impl.RoleInfo (RoleInfo.java:shutdownLeaderState(104)) - b19ba983-8fe9-4896-8031-8557018a0aaa: shutdown LeaderState
2019-10-04 13:52:28,152 [b19ba983-8fe9-4896-8031-8557018a0aaa@group-7D32124D860D-StateMachineUpdater] INFO  ratis.ContainerStateMachine (ContainerStateMachine.java:takeSnapshot(293)) - group-7D32124D860D: Taking a snapshot at:(t:1, i:1) file /workdir/hadoop-ozone/integration-test/target/test-dir/MiniOzoneClusterImpl-586bcb63-682e-4ce1-8a8d-05f628e90452/datanode-1/data/ratis/f8d17c87-070e-402f-a8e7-7d32124d860d/sm/snapshot.1_1
2019-10-04 13:52:28,152 [Thread-2408] INFO  impl.FollowerState (FollowerState.java:run(117)) - b19ba983-8fe9-4896-8031-8557018a0aaa@group-7D32124D860D-FollowerState was interrupted: java.lang.InterruptedException: sleep interrupted
2019-10-04 13:52:28,152 [main] INFO  impl.StateMachineUpdater (StateMachineUpdater.java:stopAndJoin(136)) - b19ba983-8fe9-4896-8031-8557018a0aaa@group-7D32124D860D-StateMachineUpdater: set stopIndex = 2
2019-10-04 13:52:28,152 [ForkJoinPool.commonPool-worker-1] INFO  impl.PendingRequests (PendingRequests.java:sendNotLeaderResponses(202)) - b19ba983-8fe9-4896-8031-8557018a0aaa@group-42AA501C4429-PendingRequests: sendNotLeaderResponses
2019-10-04 13:52:28,157 [ForkJoinPool.commonPool-worker-1] INFO  impl.StateMachineUpdater (StateMachineUpdater.java:stopAndJoin(136)) - b19ba983-8fe9-4896-8031-8557018a0aaa@group-42AA501C4429-StateMachineUpdater: set stopIndex = 0
2019-10-04 13:52:28,157 [ForkJoinPool.commonPool-worker-1] INFO  impl.RaftServerImpl (ServerState.java:close(387)) - b19ba983-8fe9-4896-8031-8557018a0aaa@group-42AA501C4429: closes. applyIndex: 0
2019-10-04 13:52:28,158 [b19ba983-8fe9-4896-8031-8557018a0aaa@group-42AA501C4429-SegmentedRaftLogWorker] INFO  segmented.SegmentedRaftLogWorker (SegmentedRaftLogWorker.java:run(316)) - b19ba983-8fe9-4896-8031-8557018a0aaa@group-42AA501C4429-SegmentedRaftLogWorker was interrupted, exiting. There are 0 tasks remaining in the queue.
2019-10-04 13:52:28,161 [ForkJoinPool.commonPool-worker-1] INFO  segmented.SegmentedRaftLogWorker (SegmentedRaftLogWorker.java:close(224)) - b19ba983-8fe9-4896-8031-8557018a0aaa@group-42AA501C4429-SegmentedRaftLogWorker close()
2019-10-04 13:52:28,182 [b19ba983-8fe9-4896-8031-8557018a0aaa@group-7D32124D860D-StateMachineUpdater] INFO  ratis.ContainerStateMachine (ContainerStateMachine.java:takeSnapshot(304)) - group-7D32124D860D: Finished taking a snapshot at:(t:1, i:1) file:/workdir/hadoop-ozone/integration-test/target/test-dir/MiniOzoneClusterImpl-586bcb63-682e-4ce1-8a8d-05f628e90452/datanode-1/data/ratis/f8d17c87-070e-402f-a8e7-7d32124d860d/sm/snapshot.1_1 time:31
2019-10-04 13:52:28,182 [b19ba983-8fe9-4896-8031-8557018a0aaa@group-7D32124D860D-StateMachineUpdater] INFO  impl.StateMachineUpdater (StateMachineUpdater.java:takeSnapshot(269)) - b19ba983-8fe9-4896-8031-8557018a0aaa@group-7D32124D860D-StateMachineUpdater: Took a snapshot at index 1
2019-10-04 13:52:28,182 [b19ba983-8fe9-4896-8031-8557018a0aaa@group-7D32124D860D-StateMachineUpdater] INFO  impl.StateMachineUpdater (StateMachineUpdater.java:lambda$new$0(84)) - b19ba983-8fe9-4896-8031-8557018a0aaa@group-7D32124D860D-StateMachineUpdater: snapshotIndex: updateIncreasingly -1 -> 1
2019-10-04 13:52:28,183 [b19ba983-8fe9-4896-8031-8557018a0aaa@group-7D32124D860D-StateMachineUpdater] INFO  ratis.ContainerStateMachine (ContainerStateMachine.java:takeSnapshot(293)) - group-7D32124D860D: Taking a snapshot at:(t:1, i:1) file /workdir/hadoop-ozone/integration-test/target/test-dir/MiniOzoneClusterImpl-586bcb63-682e-4ce1-8a8d-05f628e90452/datanode-1/data/ratis/f8d17c87-070e-402f-a8e7-7d32124d860d/sm/snapshot.1_1
2019-10-04 13:52:28,203 [b19ba983-8fe9-4896-8031-8557018a0aaa@group-7D32124D860D-StateMachineUpdater] INFO  ratis.ContainerStateMachine (ContainerStateMachine.java:takeSnapshot(304)) - group-7D32124D860D: Finished taking a snapshot at:(t:1, i:1) file:/workdir/hadoop-ozone/integration-test/target/test-dir/MiniOzoneClusterImpl-586bcb63-682e-4ce1-8a8d-05f628e90452/datanode-1/data/ratis/f8d17c87-070e-402f-a8e7-7d32124d860d/sm/snapshot.1_1 time:21
2019-10-04 13:52:28,203 [b19ba983-8fe9-4896-8031-8557018a0aaa@group-7D32124D860D-StateMachineUpdater] INFO  impl.StateMachineUpdater (StateMachineUpdater.java:takeSnapshot(269)) - b19ba983-8fe9-4896-8031-8557018a0aaa@group-7D32124D860D-StateMachineUpdater: Took a snapshot at index 1
2019-10-04 13:52:28,203 [b19ba983-8fe9-4896-8031-8557018a0aaa@group-7D32124D860D-StateMachineUpdater] INFO  impl.StateMachineUpdater (StateMachineUpdater.java:lambda$new$0(84)) - b19ba983-8fe9-4896-8031-8557018a0aaa@group-7D32124D860D-StateMachineUpdater: snapshotIndex: updateIncreasingly 1 -> 1
2019-10-04 13:52:28,204 [main] INFO  impl.RaftServerImpl (ServerState.java:close(387)) - b19ba983-8fe9-4896-8031-8557018a0aaa@group-7D32124D860D: closes. applyIndex: 2
2019-10-04 13:52:28,204 [b19ba983-8fe9-4896-8031-8557018a0aaa@group-7D32124D860D-SegmentedRaftLogWorker] INFO  segmented.SegmentedRaftLogWorker (SegmentedRaftLogWorker.java:run(316)) - b19ba983-8fe9-4896-8031-8557018a0aaa@group-7D32124D860D-SegmentedRaftLogWorker was interrupted, exiting. There are 0 tasks remaining in the queue.
2019-10-04 13:52:28,208 [main] INFO  segmented.SegmentedRaftLogWorker (SegmentedRaftLogWorker.java:close(224)) - b19ba983-8fe9-4896-8031-8557018a0aaa@group-7D32124D860D-SegmentedRaftLogWorker close()
2019-10-04 13:52:28,216 [main] INFO  server.GrpcService (GrpcService.java:closeImpl(164)) - b19ba983-8fe9-4896-8031-8557018a0aaa: shutdown server with port 37634 now
2019-10-04 13:52:28,217 [grpc-default-executor-0] WARN  server.GrpcServerProtocolService (LogUtils.java:warn(134)) - b19ba983-8fe9-4896-8031-8557018a0aaa: installSnapshot onError, lastRequest: 3b4eed83-d40e-4c0a-9938-cd816878dab5->b19ba983-8fe9-4896-8031-8557018a0aaa#5-t1, previous=(t:1, i:2), leaderCommit=2, initializing? false, entries: <empty>: org.apache.ratis.thirdparty.io.grpc.StatusRuntimeException: CANCELLED: cancelled before receiving half close
2019-10-04 13:52:28,217 [main] INFO  server.GrpcService (GrpcService.java:closeImpl(172)) - b19ba983-8fe9-4896-8031-8557018a0aaa: shutdown server with port 37634 successfully
2019-10-04 13:52:28,217 [grpc-default-executor-6] WARN  server.GrpcLogAppender (LogUtils.java:warn(134)) - 3b4eed83-d40e-4c0a-9938-cd816878dab5@group-7D32124D860D->b19ba983-8fe9-4896-8031-8557018a0aaa-AppendLogResponseHandler: Failed appendEntries: org.apache.ratis.thirdparty.io.grpc.StatusRuntimeException: CANCELLED: HTTP/2 error code: CANCEL
Received Rst Stream
2019-10-04 13:52:28,218 [grpc-default-executor-6] INFO  impl.FollowerInfo (FollowerInfo.java:lambda$new$0(51)) - 3b4eed83-d40e-4c0a-9938-cd816878dab5@group-7D32124D860D->b19ba983-8fe9-4896-8031-8557018a0aaa: nextIndex: updateUnconditionally 3 -> 2
2019-10-04 13:52:28,221 [refreshUsed-/workdir/hadoop-ozone/integration-test/target/test-dir/MiniOzoneClusterImpl-586bcb63-682e-4ce1-8a8d-05f628e90452/datanode-1/data/containers] WARN  fs.CachingGetSpaceUsed (CachingGetSpaceUsed.java:run(183)) - Thread Interrupted waiting to refresh disk information: sleep interrupted
2019-10-04 13:52:28,240 [main] INFO  utils.BackgroundService (BackgroundService.java:shutdown(148)) - Shutting down service BlockDeletingService
2019-10-04 13:52:28,250 [main] INFO  statemachine.DatanodeStateMachine (DatanodeStateMachine.java:stopDaemon(395)) - Ozone container server stopped.
2019-10-04 13:52:28,252 [main] INFO  handler.ContextHandler (ContextHandler.java:doStop(910)) - Stopped o.e.j.w.WebAppContext@8641b7d{/,null,UNAVAILABLE}{/hddsDatanode}
2019-10-04 13:52:28,252 [main] INFO  server.AbstractConnector (AbstractConnector.java:doStop(318)) - Stopped ServerConnector@37c7766e{HTTP/1.1,[http/1.1]}{0.0.0.0:0}
2019-10-04 13:52:28,253 [main] INFO  handler.ContextHandler (ContextHandler.java:doStop(910)) - Stopped o.e.j.s.ServletContextHandler@6222391a{/static,jar:file:/home/user/.m2/repository/org/apache/hadoop/hadoop-hdds-container-service/0.5.0-SNAPSHOT/hadoop-hdds-container-service-0.5.0-SNAPSHOT.jar!/webapps/static,UNAVAILABLE}
2019-10-04 13:52:28,253 [main] INFO  handler.ContextHandler (ContextHandler.java:doStop(910)) - Stopped o.e.j.s.ServletContextHandler@45037e16{/logs,file:///workdir/hadoop-ozone/integration-test/target/log,UNAVAILABLE}
2019-10-04 13:52:28,267 [grpc-default-executor-4] WARN  server.GrpcLogAppender (LogUtils.java:warn(134)) - 3b4eed83-d40e-4c0a-9938-cd816878dab5@group-7D32124D860D->b19ba983-8fe9-4896-8031-8557018a0aaa-AppendLogResponseHandler: Failed appendEntries: org.apache.ratis.thirdparty.io.grpc.StatusRuntimeException: UNAVAILABLE: io exception
2019-10-04 13:52:28,267 [grpc-default-executor-4] INFO  impl.FollowerInfo (FollowerInfo.java:lambda$new$0(51)) - 3b4eed83-d40e-4c0a-9938-cd816878dab5@group-7D32124D860D->b19ba983-8fe9-4896-8031-8557018a0aaa: nextIndex: updateUnconditionally 3 -> 2
2019-10-04 13:52:28,280 [grpc-default-executor-6] WARN  server.GrpcLogAppender (LogUtils.java:warn(134)) - 3b4eed83-d40e-4c0a-9938-cd816878dab5@group-7D32124D860D->b19ba983-8fe9-4896-8031-8557018a0aaa-AppendLogResponseHandler: Failed appendEntries: org.apache.ratis.thirdparty.io.grpc.StatusRuntimeException: UNAVAILABLE: io exception
2019-10-04 13:52:28,280 [grpc-default-executor-6] INFO  impl.FollowerInfo (FollowerInfo.java:lambda$new$0(51)) - 3b4eed83-d40e-4c0a-9938-cd816878dab5@group-7D32124D860D->b19ba983-8fe9-4896-8031-8557018a0aaa: nextIndex: updateUnconditionally 3 -> 2
2019-10-04 13:52:28,294 [grpc-default-executor-4] WARN  server.GrpcLogAppender (LogUtils.java:warn(134)) - 3b4eed83-d40e-4c0a-9938-cd816878dab5@group-7D32124D860D->b19ba983-8fe9-4896-8031-8557018a0aaa-AppendLogResponseHandler: Failed appendEntries: org.apache.ratis.thirdparty.io.grpc.StatusRuntimeException: UNAVAILABLE: io exception
2019-10-04 13:52:28,294 [grpc-default-executor-4] INFO  impl.FollowerInfo (FollowerInfo.java:lambda$new$0(51)) - 3b4eed83-d40e-4c0a-9938-cd816878dab5@group-7D32124D860D->b19ba983-8fe9-4896-8031-8557018a0aaa: nextIndex: updateUnconditionally 3 -> 2
2019-10-04 13:52:28,312 [EventQueue-IncrementalContainerReportForIncrementalContainerReportHandler] WARN  container.IncrementalContainerReportHandler (AbstractContainerReportHandler.java:updateContainerState(143)) - Container #1 is in OPEN state, but the datanode 3b4eed83-d40e-4c0a-9938-cd816878dab5{ip: 192.168.5.142, host: pr-hdds-2204-d78b8-1674338442, networkLocation: /default-rack, certSerialId: null} reports an CLOSING replica.
2019-10-04 13:52:28,338 [EventQueue-IncrementalContainerReportForIncrementalContainerReportHandler] WARN  container.IncrementalContainerReportHandler (AbstractContainerReportHandler.java:updateContainerState(143)) - Container #1 is in OPEN state, but the datanode 775aa2b3-a62a-4d60-9d25-1be808d8ccd3{ip: 192.168.5.142, host: pr-hdds-2204-d78b8-1674338442, networkLocation: /default-rack, certSerialId: null} reports an CLOSING replica.
2019-10-04 13:52:28,396 [RatisApplyTransactionExecutor 1] INFO  interfaces.Container (KeyValueContainer.java:flushAndSyncDB(386)) - Container 1 is synced with bcsId 0.
2019-10-04 13:52:28,473 [RatisApplyTransactionExecutor 1] INFO  interfaces.Container (KeyValueContainer.java:flushAndSyncDB(386)) - Container 1 is synced with bcsId 0.
2019-10-04 13:52:28,485 [RatisApplyTransactionExecutor 1] INFO  interfaces.Container (KeyValueContainer.java:flushAndSyncDB(386)) - Container 1 is synced with bcsId 0.
2019-10-04 13:52:28,485 [RatisApplyTransactionExecutor 1] INFO  interfaces.Container (KeyValueContainer.java:flushAndSyncDB(386)) - Container 1 is synced with bcsId 0.
2019-10-04 13:52:28,511 [RatisApplyTransactionExecutor 1] INFO  interfaces.Container (KeyValueContainer.java:close(335)) - Container 1 is closed with bcsId 0.
2019-10-04 13:52:28,511 [RatisApplyTransactionExecutor 1] INFO  interfaces.Container (KeyValueContainer.java:close(335)) - Container 1 is closed with bcsId 0.
2019-10-04 13:52:28,512 [EventQueue-IncrementalContainerReportForIncrementalContainerReportHandler] WARN  container.IncrementalContainerReportHandler (AbstractContainerReportHandler.java:updateContainerState(143)) - Container #1 is in OPEN state, but the datanode 3b4eed83-d40e-4c0a-9938-cd816878dab5{ip: 192.168.5.142, host: pr-hdds-2204-d78b8-1674338442, networkLocation: /default-rack, certSerialId: null} reports an CLOSED replica.
2019-10-04 13:52:28,517 [EventQueue-IncrementalContainerReportForIncrementalContainerReportHandler] WARN  container.IncrementalContainerReportHandler (AbstractContainerReportHandler.java:updateContainerState(143)) - Container #1 is in OPEN state, but the datanode 775aa2b3-a62a-4d60-9d25-1be808d8ccd3{ip: 192.168.5.142, host: pr-hdds-2204-d78b8-1674338442, networkLocation: /default-rack, certSerialId: null} reports an CLOSED replica.
2019-10-04 13:52:29,802 [grpc-default-executor-0] WARN  server.GrpcLogAppender (LogUtils.java:warn(134)) - 39fd4120-165e-45ec-b9c4-971d1f74e9b4@group-76A833EA3DB0->ad718213-008c-41ec-8a72-c4d801cf9bd2-AppendLogResponseHandler: Failed appendEntries: org.apache.ratis.thirdparty.io.grpc.StatusRuntimeException: UNAVAILABLE: io exception
2019-10-04 13:52:29,802 [grpc-default-executor-1] WARN  server.GrpcLogAppender (LogUtils.java:warn(134)) - 39fd4120-165e-45ec-b9c4-971d1f74e9b4@group-76A833EA3DB0->80257ecc-928d-4209-b42a-e72edc2eb975-AppendLogResponseHandler: Failed appendEntries: org.apache.ratis.thirdparty.io.grpc.StatusRuntimeException: UNAVAILABLE: io exception
2019-10-04 13:52:29,802 [grpc-default-executor-0] INFO  impl.FollowerInfo (FollowerInfo.java:lambda$new$0(51)) - 39fd4120-165e-45ec-b9c4-971d1f74e9b4@group-76A833EA3DB0->ad718213-008c-41ec-8a72-c4d801cf9bd2: nextIndex: updateUnconditionally 1 -> 0
2019-10-04 13:52:29,803 [grpc-default-executor-1] INFO  impl.FollowerInfo (FollowerInfo.java:lambda$new$0(51)) - 39fd4120-165e-45ec-b9c4-971d1f74e9b4@group-76A833EA3DB0->80257ecc-928d-4209-b42a-e72edc2eb975: nextIndex: updateUnconditionally 1 -> 0
2019-10-04 13:52:30,795 [grpc-default-executor-6] WARN  server.GrpcLogAppender (LogUtils.java:warn(134)) - 3b4eed83-d40e-4c0a-9938-cd816878dab5@group-7D32124D860D->b19ba983-8fe9-4896-8031-8557018a0aaa-AppendLogResponseHandler: Failed appendEntries: org.apache.ratis.thirdparty.io.grpc.StatusRuntimeException: UNAVAILABLE: io exception
2019-10-04 13:52:30,795 [grpc-default-executor-6] INFO  impl.FollowerInfo (FollowerInfo.java:lambda$new$0(51)) - 3b4eed83-d40e-4c0a-9938-cd816878dab5@group-7D32124D860D->b19ba983-8fe9-4896-8031-8557018a0aaa: nextIndex: updateUnconditionally 2 -> 1
2019-10-04 13:52:30,856 [Thread-2480] INFO  client.GrpcClientProtocolService (GrpcClientProtocolService.java:lambda$processClientRequest$0(278)) - Failed RaftClientRequest:client-4092BF8C4641->39fd4120-165e-45ec-b9c4-971d1f74e9b4@group-76A833EA3DB0, cid=65, seq=0, Watch-MAJORITY_COMMITTED(55), Message:<EMPTY>, reply=RaftClientReply:client-4092BF8C4641->39fd4120-165e-45ec-b9c4-971d1f74e9b4@group-76A833EA3DB0, cid=65, FAILED org.apache.ratis.protocol.NotReplicatedException: Request with call Id 65 and log index 55 is not yet replicated to MAJORITY_COMMITTED, logIndex=55, commits[39fd4120-165e-45ec-b9c4-971d1f74e9b4:c2, 80257ecc-928d-4209-b42a-e72edc2eb975:c2, ad718213-008c-41ec-8a72-c4d801cf9bd2:c2]
2019-10-04 13:52:30,856 [Thread-2481] INFO  client.GrpcClientProtocolService (GrpcClientProtocolService.java:lambda$processClientRequest$0(278)) - Failed RaftClientRequest:client-4092BF8C4641->39fd4120-165e-45ec-b9c4-971d1f74e9b4@group-76A833EA3DB0, cid=64, seq=0, Watch-ALL_COMMITTED(55), Message:<EMPTY>, reply=RaftClientReply:client-4092BF8C4641->39fd4120-165e-45ec-b9c4-971d1f74e9b4@group-76A833EA3DB0, cid=64, FAILED org.apache.ratis.protocol.NotReplicatedException: Request with call Id 64 and log index 55 is not yet replicated to ALL_COMMITTED, logIndex=55, commits[39fd4120-165e-45ec-b9c4-971d1f74e9b4:c2, 80257ecc-928d-4209-b42a-e72edc2eb975:c2, ad718213-008c-41ec-8a72-c4d801cf9bd2:c2]
2019-10-04 13:52:31,519 [main] WARN  scm.XceiverClientRatis (XceiverClientRatis.java:watchForCommit(292)) - 3 way commit failed on pipeline Pipeline[ Id: f8d17c87-070e-402f-a8e7-7d32124d860d, Nodes: b19ba983-8fe9-4896-8031-8557018a0aaa{ip: 192.168.5.142, host: pr-hdds-2204-d78b8-1674338442, networkLocation: /default-rack, certSerialId: null}775aa2b3-a62a-4d60-9d25-1be808d8ccd3{ip: 192.168.5.142, host: pr-hdds-2204-d78b8-1674338442, networkLocation: /default-rack, certSerialId: null}3b4eed83-d40e-4c0a-9938-cd816878dab5{ip: 192.168.5.142, host: pr-hdds-2204-d78b8-1674338442, networkLocation: /default-rack, certSerialId: null}, Type:RATIS, Factor:THREE, State:OPEN]
java.util.concurrent.TimeoutException
	at java.util.concurrent.CompletableFuture.timedGet(CompletableFuture.java:1771)
	at java.util.concurrent.CompletableFuture.get(CompletableFuture.java:1915)
	at org.apache.hadoop.hdds.scm.XceiverClientRatis.watchForCommit(XceiverClientRatis.java:289)
	at org.apache.hadoop.ozone.client.rpc.TestWatchForCommit.test2WayCommitForTimeoutException(TestWatchForCommit.java:391)
	at sun.reflect.NativeMethodAccessorImpl.invoke0(Native Method)
	at sun.reflect.NativeMethodAccessorImpl.invoke(NativeMethodAccessorImpl.java:62)
	at sun.reflect.DelegatingMethodAccessorImpl.invoke(DelegatingMethodAccessorImpl.java:43)
	at java.lang.reflect.Method.invoke(Method.java:498)
	at org.junit.runners.model.FrameworkMethod$1.runReflectiveCall(FrameworkMethod.java:47)
	at org.junit.internal.runners.model.ReflectiveCallable.run(ReflectiveCallable.java:12)
	at org.junit.runners.model.FrameworkMethod.invokeExplosively(FrameworkMethod.java:44)
	at org.junit.internal.runners.statements.InvokeMethod.evaluate(InvokeMethod.java:17)
	at org.junit.runners.ParentRunner.runLeaf(ParentRunner.java:271)
	at org.junit.runners.BlockJUnit4ClassRunner.runChild(BlockJUnit4ClassRunner.java:70)
	at org.junit.runners.BlockJUnit4ClassRunner.runChild(BlockJUnit4ClassRunner.java:50)
	at org.junit.runners.ParentRunner$3.run(ParentRunner.java:238)
	at org.junit.runners.ParentRunner$1.schedule(ParentRunner.java:63)
	at org.junit.runners.ParentRunner.runChildren(ParentRunner.java:236)
	at org.junit.runners.ParentRunner.access$000(ParentRunner.java:53)
	at org.junit.runners.ParentRunner$2.evaluate(ParentRunner.java:229)
	at org.junit.runners.ParentRunner.run(ParentRunner.java:309)
	at org.apache.maven.surefire.junit4.JUnit4Provider.execute(JUnit4Provider.java:365)
	at org.apache.maven.surefire.junit4.JUnit4Provider.executeWithRerun(JUnit4Provider.java:273)
	at org.apache.maven.surefire.junit4.JUnit4Provider.executeTestSet(JUnit4Provider.java:238)
	at org.apache.maven.surefire.junit4.JUnit4Provider.invoke(JUnit4Provider.java:159)
	at org.apache.maven.surefire.booter.ForkedBooter.invokeProviderInSameClassLoader(ForkedBooter.java:384)
	at org.apache.maven.surefire.booter.ForkedBooter.runSuitesInProcess(ForkedBooter.java:345)
	at org.apache.maven.surefire.booter.ForkedBooter.execute(ForkedBooter.java:126)
	at org.apache.maven.surefire.booter.ForkedBooter.main(ForkedBooter.java:418)
2019-10-04 13:52:31,538 [Thread-2484] INFO  client.GrpcClientProtocolService (GrpcClientProtocolService.java:lambda$processClientRequest$0(278)) - Failed RaftClientRequest:client-8AF3EECD2272->775aa2b3-a62a-4d60-9d25-1be808d8ccd3@group-7D32124D860D, cid=102, seq=0, Watch-MAJORITY_COMMITTED(3), Message:<EMPTY>, reply=RaftClientReply:client-8AF3EECD2272->775aa2b3-a62a-4d60-9d25-1be808d8ccd3@group-7D32124D860D, cid=102, FAILED org.apache.ratis.protocol.NotLeaderException: Server 775aa2b3-a62a-4d60-9d25-1be808d8ccd3@group-7D32124D860D is not the leader 3b4eed83-d40e-4c0a-9938-cd816878dab5:192.168.5.142:34040, logIndex=0, commits[775aa2b3-a62a-4d60-9d25-1be808d8ccd3:c4, b19ba983-8fe9-4896-8031-8557018a0aaa:c2, 3b4eed83-d40e-4c0a-9938-cd816878dab5:c4]
2019-10-04 13:52:32,303 [grpc-default-executor-6] WARN  server.GrpcLogAppender (LogUtils.java:warn(134)) - 39fd4120-165e-45ec-b9c4-971d1f74e9b4@group-76A833EA3DB0->80257ecc-928d-4209-b42a-e72edc2eb975-AppendLogResponseHandler: Failed appendEntries: org.apache.ratis.thirdparty.io.grpc.StatusRuntimeException: UNAVAILABLE: io exception
2019-10-04 13:52:32,303 [grpc-default-executor-2] WARN  server.GrpcLogAppender (LogUtils.java:warn(134)) - 39fd4120-165e-45ec-b9c4-971d1f74e9b4@group-76A833EA3DB0->ad718213-008c-41ec-8a72-c4d801cf9bd2-AppendLogResponseHandler: Failed appendEntries: org.apache.ratis.thirdparty.io.grpc.StatusRuntimeException: UNAVAILABLE: io exception
2019-10-04 13:52:32,304 [grpc-default-executor-6] INFO  impl.FollowerInfo (FollowerInfo.java:lambda$new$0(51)) - 39fd4120-165e-45ec-b9c4-971d1f74e9b4@group-76A833EA3DB0->80257ecc-928d-4209-b42a-e72edc2eb975: nextIndex: updateUnconditionally 0 -> 0
2019-10-04 13:52:32,304 [grpc-default-executor-2] INFO  impl.FollowerInfo (FollowerInfo.java:lambda$new$0(51)) - 39fd4120-165e-45ec-b9c4-971d1f74e9b4@group-76A833EA3DB0->ad718213-008c-41ec-8a72-c4d801cf9bd2: nextIndex: updateUnconditionally 0 -> 0
2019-10-04 13:52:32,825 [EventQueue-StaleNodeForStaleNodeHandler] INFO  node.StaleNodeHandler (StaleNodeHandler.java:onMessage(58)) - Datanode ad718213-008c-41ec-8a72-c4d801cf9bd2{ip: 192.168.5.142, host: pr-hdds-2204-d78b8-1674338442, networkLocation: /default-rack, certSerialId: null} moved to stale state. Finalizing its pipelines [PipelineID=be719bb1-345b-4983-b6f0-76a833ea3db0, PipelineID=b16c18e3-ef50-4291-a914-4315827237d1]
2019-10-04 13:52:32,825 [EventQueue-StaleNodeForStaleNodeHandler] INFO  pipeline.SCMPipelineManager (SCMPipelineManager.java:finalizeAndDestroyPipeline(315)) - destroying pipeline:Pipeline[ Id: be719bb1-345b-4983-b6f0-76a833ea3db0, Nodes: 80257ecc-928d-4209-b42a-e72edc2eb975{ip: 192.168.5.142, host: pr-hdds-2204-d78b8-1674338442, networkLocation: /default-rack, certSerialId: null}ad718213-008c-41ec-8a72-c4d801cf9bd2{ip: 192.168.5.142, host: pr-hdds-2204-d78b8-1674338442, networkLocation: /default-rack, certSerialId: null}39fd4120-165e-45ec-b9c4-971d1f74e9b4{ip: 192.168.5.142, host: pr-hdds-2204-d78b8-1674338442, networkLocation: /default-rack, certSerialId: null}, Type:RATIS, Factor:THREE, State:CLOSED]
2019-10-04 13:52:32,825 [EventQueue-StaleNodeForStaleNodeHandler] INFO  pipeline.SCMPipelineManager (SCMPipelineManager.java:finalizeAndDestroyPipeline(315)) - destroying pipeline:Pipeline[ Id: b16c18e3-ef50-4291-a914-4315827237d1, Nodes: ad718213-008c-41ec-8a72-c4d801cf9bd2{ip: 192.168.5.142, host: pr-hdds-2204-d78b8-1674338442, networkLocation: /default-rack, certSerialId: null}, Type:RATIS, Factor:ONE, State:OPEN]
2019-10-04 13:52:32,825 [EventQueue-StaleNodeForStaleNodeHandler] INFO  pipeline.PipelineStateManager (PipelineStateManager.java:finalizePipeline(123)) - Pipeline Pipeline[ Id: b16c18e3-ef50-4291-a914-4315827237d1, Nodes: ad718213-008c-41ec-8a72-c4d801cf9bd2{ip: 192.168.5.142, host: pr-hdds-2204-d78b8-1674338442, networkLocation: /default-rack, certSerialId: null}, Type:RATIS, Factor:ONE, State:CLOSED] moved to CLOSED state
2019-10-04 13:52:33,296 [grpc-default-executor-6] WARN  server.GrpcLogAppender (LogUtils.java:warn(134)) - 3b4eed83-d40e-4c0a-9938-cd816878dab5@group-7D32124D860D->b19ba983-8fe9-4896-8031-8557018a0aaa-AppendLogResponseHandler: Failed appendEntries: org.apache.ratis.thirdparty.io.grpc.StatusRuntimeException: UNAVAILABLE: io exception
2019-10-04 13:52:33,296 [grpc-default-executor-6] INFO  impl.FollowerInfo (FollowerInfo.java:lambda$new$0(51)) - 3b4eed83-d40e-4c0a-9938-cd816878dab5@group-7D32124D860D->b19ba983-8fe9-4896-8031-8557018a0aaa: nextIndex: updateUnconditionally 1 -> 0
]]></system-out>
    <system-err><![CDATA[Oct 04, 2019 1:52:28 PM org.apache.ratis.thirdparty.io.grpc.internal.SerializingExecutor run
SEVERE: Exception while executing runnable org.apache.ratis.thirdparty.io.grpc.internal.ServerImpl$JumpToApplicationThreadServerStreamListener$1Closed@1a594f91
org.apache.ratis.thirdparty.io.grpc.StatusRuntimeException: CANCELLED: call already cancelled
	at org.apache.ratis.thirdparty.io.grpc.Status.asRuntimeException(Status.java:517)
	at org.apache.ratis.thirdparty.io.grpc.stub.ServerCalls$ServerCallStreamObserverImpl.onCompleted(ServerCalls.java:356)
	at org.apache.ratis.grpc.server.GrpcServerProtocolService$ServerRequestStreamObserver.onError(GrpcServerProtocolService.java:121)
	at org.apache.ratis.thirdparty.io.grpc.stub.ServerCalls$StreamingServerCallHandler$StreamingServerCallListener.onCancel(ServerCalls.java:269)
	at org.apache.ratis.thirdparty.io.grpc.internal.ServerCallImpl$ServerStreamListenerImpl.closed(ServerCallImpl.java:293)
	at org.apache.ratis.thirdparty.io.grpc.internal.ServerImpl$JumpToApplicationThreadServerStreamListener$1Closed.runInContext(ServerImpl.java:741)
	at org.apache.ratis.thirdparty.io.grpc.internal.ContextRunnable.run(ContextRunnable.java:37)
	at org.apache.ratis.thirdparty.io.grpc.internal.SerializingExecutor.run(SerializingExecutor.java:123)
	at java.util.concurrent.ThreadPoolExecutor.runWorker(ThreadPoolExecutor.java:1149)
	at java.util.concurrent.ThreadPoolExecutor$Worker.run(ThreadPoolExecutor.java:624)
	at java.lang.Thread.run(Thread.java:748)

]]></system-err>
  </testcase>
</testsuite>