<?xml version="1.0" encoding="UTF-8"?>
<testsuite xmlns:xsi="http://www.w3.org/2001/XMLSchema-instance" xsi:noNamespaceSchemaLocation="https://maven.apache.org/surefire/maven-surefire-plugin/xsd/surefire-test-report.xsd" name="org.apache.hadoop.ozone.client.rpc.TestOzoneClientRetriesOnException" time="170.653" tests="2" errors="1" skipped="0" failures="0">
  <properties>
    <property name="awt.toolkit" value="sun.awt.X11.XToolkit"/>
    <property name="file.encoding.pkg" value="sun.io"/>
    <property name="java.specification.version" value="1.8"/>
    <property name="sun.cpu.isalist" value=""/>
    <property name="sun.jnu.encoding" value="UTF-8"/>
    <property name="java.class.path" value="/workdir/hadoop-ozone/integration-test/target/test-classes:/workdir/hadoop-ozone/integration-test/target/classes:/home/user/.m2/repository/org/apache/hadoop/hadoop-ozone-common/0.5.0-SNAPSHOT/hadoop-ozone-common-0.5.0-SNAPSHOT.jar:/home/user/.m2/repository/org/apache/commons/commons-compress/1.4.1/commons-compress-1.4.1.jar:/home/user/.m2/repository/org/tukaani/xz/1.0/xz-1.0.jar:/home/user/.m2/repository/org/apache/hadoop/hadoop-common/3.2.0/hadoop-common-3.2.0.jar:/home/user/.m2/repository/org/apache/hadoop/hadoop-hdfs/3.2.0/hadoop-hdfs-3.2.0.jar:/home/user/.m2/repository/org/apache/hadoop/hadoop-hdfs-client/3.2.0/hadoop-hdfs-client-3.2.0.jar:/home/user/.m2/repository/com/fasterxml/jackson/core/jackson-annotations/2.9.9/jackson-annotations-2.9.9.jar:/home/user/.m2/repository/org/apache/hadoop/hadoop-hdds-common/0.5.0-SNAPSHOT/hadoop-hdds-common-0.5.0-SNAPSHOT.jar:/home/user/.m2/repository/javax/annotation/javax.annotation-api/1.2/javax.annotation-api-1.2.jar:/home/user/.m2/repository/org/apache/ratis/ratis-server/0.5.0-201fc85-SNAPSHOT/ratis-server-0.5.0-201fc85-SNAPSHOT.jar:/home/user/.m2/repository/org/apache/ratis/ratis-thirdparty-misc/0.2.0/ratis-thirdparty-misc-0.2.0.jar:/home/user/.m2/repository/org/apache/ratis/ratis-proto/0.5.0-201fc85-SNAPSHOT/ratis-proto-0.5.0-201fc85-SNAPSHOT.jar:/home/user/.m2/repository/org/apache/ratis/ratis-common/0.5.0-201fc85-SNAPSHOT/ratis-common-0.5.0-201fc85-SNAPSHOT.jar:/home/user/.m2/repository/org/apache/ratis/ratis-client/0.5.0-201fc85-SNAPSHOT/ratis-client-0.5.0-201fc85-SNAPSHOT.jar:/home/user/.m2/repository/org/apache/ratis/ratis-metrics/0.5.0-201fc85-SNAPSHOT/ratis-metrics-0.5.0-201fc85-SNAPSHOT.jar:/home/user/.m2/repository/com/github/joshelser/dropwizard-metrics-hadoop-metrics2-reporter/0.1.2/dropwizard-metrics-hadoop-metrics2-reporter-0.1.2.jar:/home/user/.m2/repository/io/dropwizard/metrics/metrics-jvm/3.2.5/metrics-jvm-3.2.5.jar:/home/user/.m2/repository/io/dropwizard/metrics/metrics-ganglia/3.2.5/metrics-ganglia-3.2.5.jar:/home/user/.m2/repository/info/ganglia/gmetric4j/gmetric4j/1.0.7/gmetric4j-1.0.7.jar:/home/user/.m2/repository/org/apache/ratis/ratis-netty/0.5.0-201fc85-SNAPSHOT/ratis-netty-0.5.0-201fc85-SNAPSHOT.jar:/home/user/.m2/repository/org/apache/ratis/ratis-grpc/0.5.0-201fc85-SNAPSHOT/ratis-grpc-0.5.0-201fc85-SNAPSHOT.jar:/home/user/.m2/repository/org/rocksdb/rocksdbjni/6.0.1/rocksdbjni-6.0.1.jar:/home/user/.m2/repository/org/apache/logging/log4j/log4j-api/2.11.0/log4j-api-2.11.0.jar:/home/user/.m2/repository/org/apache/logging/log4j/log4j-core/2.11.0/log4j-core-2.11.0.jar:/home/user/.m2/repository/com/lmax/disruptor/3.4.2/disruptor-3.4.2.jar:/home/user/.m2/repository/org/apache/commons/commons-pool2/2.6.0/commons-pool2-2.6.0.jar:/home/user/.m2/repository/org/bouncycastle/bcpkix-jdk15on/1.60/bcpkix-jdk15on-1.60.jar:/home/user/.m2/repository/commons-validator/commons-validator/1.6/commons-validator-1.6.jar:/home/user/.m2/repository/commons-digester/commons-digester/1.8.1/commons-digester-1.8.1.jar:/home/user/.m2/repository/io/jaegertracing/jaeger-client/0.34.0/jaeger-client-0.34.0.jar:/home/user/.m2/repository/io/jaegertracing/jaeger-thrift/0.34.0/jaeger-thrift-0.34.0.jar:/home/user/.m2/repository/org/apache/thrift/libthrift/0.12.0/libthrift-0.12.0.jar:/home/user/.m2/repository/com/squareup/okhttp3/okhttp/3.9.0/okhttp-3.9.0.jar:/home/user/.m2/repository/com/squareup/okio/okio/1.13.0/okio-1.13.0.jar:/home/user/.m2/repository/io/jaegertracing/jaeger-core/0.34.0/jaeger-core-0.34.0.jar:/home/user/.m2/repository/io/jaegertracing/jaeger-tracerresolver/0.34.0/jaeger-tracerresolver-0.34.0.jar:/home/user/.m2/repository/io/opentracing/contrib/opentracing-tracerresolver/0.1.5/opentracing-tracerresolver-0.1.5.jar:/home/user/.m2/repository/io/opentracing/opentracing-util/0.31.0/opentracing-util-0.31.0.jar:/home/user/.m2/repository/io/opentracing/opentracing-api/0.31.0/opentracing-api-0.31.0.jar:/home/user/.m2/repository/io/opentracing/opentracing-noop/0.31.0/opentracing-noop-0.31.0.jar:/home/user/.m2/repository/org/apache/hadoop/hadoop-hdds-server-framework/0.5.0-SNAPSHOT/hadoop-hdds-server-framework-0.5.0-SNAPSHOT.jar:/home/user/.m2/repository/org/apache/hadoop/hadoop-hdds-container-service/0.5.0-SNAPSHOT/hadoop-hdds-container-service-0.5.0-SNAPSHOT.jar:/home/user/.m2/repository/org/apache/hadoop/hadoop-hdds-client/0.5.0-SNAPSHOT/hadoop-hdds-client-0.5.0-SNAPSHOT.jar:/home/user/.m2/repository/org/apache/hadoop/hadoop-hdds-tools/0.5.0-SNAPSHOT/hadoop-hdds-tools-0.5.0-SNAPSHOT.jar:/home/user/.m2/repository/org/apache/hadoop/hadoop-hdds-server-scm/0.5.0-SNAPSHOT/hadoop-hdds-server-scm-0.5.0-SNAPSHOT.jar:/home/user/.m2/repository/org/apache/hadoop/hadoop-hdds-docs/0.5.0-SNAPSHOT/hadoop-hdds-docs-0.5.0-SNAPSHOT.jar:/home/user/.m2/repository/io/dropwizard/metrics/metrics-core/3.2.4/metrics-core-3.2.4.jar:/home/user/.m2/repository/org/hamcrest/hamcrest-all/1.3/hamcrest-all-1.3.jar:/home/user/.m2/repository/org/bouncycastle/bcprov-jdk15on/1.60/bcprov-jdk15on-1.60.jar:/home/user/.m2/repository/info/picocli/picocli/3.9.6/picocli-3.9.6.jar:/home/user/.m2/repository/com/google/protobuf/protobuf-java/2.5.0/protobuf-java-2.5.0.jar:/home/user/.m2/repository/com/google/guava/guava/11.0.2/guava-11.0.2.jar:/home/user/.m2/repository/org/apache/hadoop/hadoop-ozone-ozone-manager/0.5.0-SNAPSHOT/hadoop-ozone-ozone-manager-0.5.0-SNAPSHOT.jar:/home/user/.m2/repository/org/apache/hadoop/hadoop-minikdc/3.2.0/hadoop-minikdc-3.2.0.jar:/home/user/.m2/repository/commons-io/commons-io/2.5/commons-io-2.5.jar:/home/user/.m2/repository/org/apache/kerby/kerb-simplekdc/1.0.1/kerb-simplekdc-1.0.1.jar:/home/user/.m2/repository/org/apache/kerby/kerb-client/1.0.1/kerb-client-1.0.1.jar:/home/user/.m2/repository/org/apache/kerby/kerby-config/1.0.1/kerby-config-1.0.1.jar:/home/user/.m2/repository/org/apache/kerby/kerb-core/1.0.1/kerb-core-1.0.1.jar:/home/user/.m2/repository/org/apache/kerby/kerby-pkix/1.0.1/kerby-pkix-1.0.1.jar:/home/user/.m2/repository/org/apache/kerby/kerby-asn1/1.0.1/kerby-asn1-1.0.1.jar:/home/user/.m2/repository/org/apache/kerby/kerby-util/1.0.1/kerby-util-1.0.1.jar:/home/user/.m2/repository/org/apache/kerby/kerb-common/1.0.1/kerb-common-1.0.1.jar:/home/user/.m2/repository/org/apache/kerby/kerb-crypto/1.0.1/kerb-crypto-1.0.1.jar:/home/user/.m2/repository/org/apache/kerby/kerb-util/1.0.1/kerb-util-1.0.1.jar:/home/user/.m2/repository/org/apache/kerby/token-provider/1.0.1/token-provider-1.0.1.jar:/home/user/.m2/repository/org/apache/kerby/kerb-admin/1.0.1/kerb-admin-1.0.1.jar:/home/user/.m2/repository/org/apache/kerby/kerb-server/1.0.1/kerb-server-1.0.1.jar:/home/user/.m2/repository/org/apache/kerby/kerb-identity/1.0.1/kerb-identity-1.0.1.jar:/home/user/.m2/repository/org/apache/kerby/kerby-xdr/1.0.1/kerby-xdr-1.0.1.jar:/home/user/.m2/repository/org/slf4j/slf4j-log4j12/1.7.25/slf4j-log4j12-1.7.25.jar:/home/user/.m2/repository/org/apache/hadoop/hadoop-ozone-s3gateway/0.5.0-SNAPSHOT/hadoop-ozone-s3gateway-0.5.0-SNAPSHOT.jar:/home/user/.m2/repository/org/jboss/weld/servlet/weld-servlet/2.4.7.Final/weld-servlet-2.4.7.Final.jar:/home/user/.m2/repository/org/glassfish/jersey/containers/jersey-container-servlet-core/2.27/jersey-container-servlet-core-2.27.jar:/home/user/.m2/repository/org/glassfish/hk2/external/javax.inject/2.5.0-b42/javax.inject-2.5.0-b42.jar:/home/user/.m2/repository/org/glassfish/jersey/core/jersey-common/2.27/jersey-common-2.27.jar:/home/user/.m2/repository/org/glassfish/hk2/osgi-resource-locator/1.0.1/osgi-resource-locator-1.0.1.jar:/home/user/.m2/repository/javax/ws/rs/javax.ws.rs-api/2.1/javax.ws.rs-api-2.1.jar:/home/user/.m2/repository/org/glassfish/jersey/ext/cdi/jersey-cdi1x/2.27/jersey-cdi1x-2.27.jar:/home/user/.m2/repository/org/glassfish/jersey/inject/jersey-hk2/2.27/jersey-hk2-2.27.jar:/home/user/.m2/repository/org/glassfish/hk2/hk2-locator/2.5.0-b42/hk2-locator-2.5.0-b42.jar:/home/user/.m2/repository/org/javassist/javassist/3.22.0-CR2/javassist-3.22.0-CR2.jar:/home/user/.m2/repository/org/glassfish/hk2/hk2-api/2.5.0/hk2-api-2.5.0.jar:/home/user/.m2/repository/org/glassfish/hk2/external/jakarta.inject/2.5.0/jakarta.inject-2.5.0.jar:/home/user/.m2/repository/org/glassfish/hk2/hk2-utils/2.5.0/hk2-utils-2.5.0.jar:/home/user/.m2/repository/jakarta/annotation/jakarta.annotation-api/1.3.4/jakarta.annotation-api-1.3.4.jar:/home/user/.m2/repository/org/glassfish/hk2/external/aopalliance-repackaged/2.5.0/aopalliance-repackaged-2.5.0.jar:/home/user/.m2/repository/com/fasterxml/jackson/dataformat/jackson-dataformat-xml/2.9.0/jackson-dataformat-xml-2.9.0.jar:/home/user/.m2/repository/com/fasterxml/jackson/core/jackson-core/2.9.9/jackson-core-2.9.9.jar:/home/user/.m2/repository/com/fasterxml/jackson/module/jackson-module-jaxb-annotations/2.9.9/jackson-module-jaxb-annotations-2.9.9.jar:/home/user/.m2/repository/javax/enterprise/cdi-api/1.2/cdi-api-1.2.jar:/home/user/.m2/repository/javax/el/javax.el-api/3.0.0/javax.el-api-3.0.0.jar:/home/user/.m2/repository/javax/interceptor/javax.interceptor-api/1.2/javax.interceptor-api-1.2.jar:/home/user/.m2/repository/javax/inject/javax.inject/1/javax.inject-1.jar:/home/user/.m2/repository/com/sun/xml/bind/jaxb-impl/2.3.0.1/jaxb-impl-2.3.0.1.jar:/home/user/.m2/repository/com/sun/xml/bind/jaxb-core/2.3.0.1/jaxb-core-2.3.0.1.jar:/home/user/.m2/repository/javax/xml/bind/jaxb-api/2.3.0/jaxb-api-2.3.0.jar:/home/user/.m2/repository/javax/activation/activation/1.1.1/activation-1.1.1.jar:/home/user/.m2/repository/org/apache/hadoop/hadoop-ozone-csi/0.5.0-SNAPSHOT/hadoop-ozone-csi-0.5.0-SNAPSHOT.jar:/home/user/.m2/repository/com/google/protobuf/protobuf-java-util/3.5.1/protobuf-java-util-3.5.1.jar:/home/user/.m2/repository/org/apache/hadoop/hadoop-hdds-config/0.5.0-SNAPSHOT/hadoop-hdds-config-0.5.0-SNAPSHOT.jar:/home/user/.m2/repository/io/grpc/grpc-netty/1.17.1/grpc-netty-1.17.1.jar:/home/user/.m2/repository/io/grpc/grpc-core/1.17.1/grpc-core-1.17.1.jar:/home/user/.m2/repository/io/grpc/grpc-context/1.17.1/grpc-context-1.17.1.jar:/home/user/.m2/repository/com/google/errorprone/error_prone_annotations/2.2.0/error_prone_annotations-2.2.0.jar:/home/user/.m2/repository/org/codehaus/mojo/animal-sniffer-annotations/1.17/animal-sniffer-annotations-1.17.jar:/home/user/.m2/repository/io/opencensus/opencensus-api/0.17.0/opencensus-api-0.17.0.jar:/home/user/.m2/repository/io/opencensus/opencensus-contrib-grpc-metrics/0.17.0/opencensus-contrib-grpc-metrics-0.17.0.jar:/home/user/.m2/repository/io/netty/netty-codec-http2/4.1.30.Final/netty-codec-http2-4.1.30.Final.jar:/home/user/.m2/repository/io/netty/netty-codec-http/4.1.30.Final/netty-codec-http-4.1.30.Final.jar:/home/user/.m2/repository/io/netty/netty-codec/4.1.30.Final/netty-codec-4.1.30.Final.jar:/home/user/.m2/repository/io/netty/netty-handler/4.1.30.Final/netty-handler-4.1.30.Final.jar:/home/user/.m2/repository/io/netty/netty-handler-proxy/4.1.30.Final/netty-handler-proxy-4.1.30.Final.jar:/home/user/.m2/repository/io/netty/netty-codec-socks/4.1.30.Final/netty-codec-socks-4.1.30.Final.jar:/home/user/.m2/repository/io/netty/netty-transport-native-epoll/4.1.30.Final/netty-transport-native-epoll-4.1.30.Final.jar:/home/user/.m2/repository/io/netty/netty-common/4.1.30.Final/netty-common-4.1.30.Final.jar:/home/user/.m2/repository/io/netty/netty-buffer/4.1.30.Final/netty-buffer-4.1.30.Final.jar:/home/user/.m2/repository/io/netty/netty-transport/4.1.30.Final/netty-transport-4.1.30.Final.jar:/home/user/.m2/repository/io/netty/netty-resolver/4.1.30.Final/netty-resolver-4.1.30.Final.jar:/home/user/.m2/repository/io/netty/netty-transport-native-unix-common/4.1.30.Final/netty-transport-native-unix-common-4.1.30.Final.jar:/home/user/.m2/repository/io/grpc/grpc-protobuf/1.17.1/grpc-protobuf-1.17.1.jar:/home/user/.m2/repository/com/google/api/grpc/proto-google-common-protos/1.0.0/proto-google-common-protos-1.0.0.jar:/home/user/.m2/repository/io/grpc/grpc-protobuf-lite/1.17.1/grpc-protobuf-lite-1.17.1.jar:/home/user/.m2/repository/io/grpc/grpc-stub/1.17.1/grpc-stub-1.17.1.jar:/home/user/.m2/repository/org/apache/hadoop/hadoop-ozone-recon/0.5.0-SNAPSHOT/hadoop-ozone-recon-0.5.0-SNAPSHOT.jar:/home/user/.m2/repository/org/apache/hadoop/hadoop-ozone-reconcodegen/0.5.0-SNAPSHOT/hadoop-ozone-reconcodegen-0.5.0-SNAPSHOT.jar:/home/user/.m2/repository/com/google/inject/extensions/guice-multibindings/4.0/guice-multibindings-4.0.jar:/home/user/.m2/repository/com/google/inject/guice/4.0/guice-4.0.jar:/home/user/.m2/repository/aopalliance/aopalliance/1.0/aopalliance-1.0.jar:/home/user/.m2/repository/com/google/inject/extensions/guice-servlet/4.0/guice-servlet-4.0.jar:/home/user/.m2/repository/org/glassfish/jersey/containers/jersey-container-servlet/2.27/jersey-container-servlet-2.27.jar:/home/user/.m2/repository/org/glassfish/hk2/guice-bridge/2.5.0/guice-bridge-2.5.0.jar:/home/user/.m2/repository/org/glassfish/jersey/core/jersey-server/2.27/jersey-server-2.27.jar:/home/user/.m2/repository/org/glassfish/jersey/core/jersey-client/2.27/jersey-client-2.27.jar:/home/user/.m2/repository/org/glassfish/jersey/media/jersey-media-jaxb/2.27/jersey-media-jaxb-2.27.jar:/home/user/.m2/repository/javax/validation/validation-api/1.1.0.Final/validation-api-1.1.0.Final.jar:/home/user/.m2/repository/org/glassfish/jersey/media/jersey-media-json-jackson/2.27/jersey-media-json-jackson-2.27.jar:/home/user/.m2/repository/org/glassfish/jersey/ext/jersey-entity-filtering/2.27/jersey-entity-filtering-2.27.jar:/home/user/.m2/repository/com/google/inject/extensions/guice-assistedinject/4.0/guice-assistedinject-4.0.jar:/home/user/.m2/repository/org/jooq/jooq/3.11.10/jooq-3.11.10.jar:/home/user/.m2/repository/org/jooq/jooq-meta/3.11.10/jooq-meta-3.11.10.jar:/home/user/.m2/repository/org/jooq/jooq-codegen/3.11.10/jooq-codegen-3.11.10.jar:/home/user/.m2/repository/com/jolbox/bonecp/0.8.0.RELEASE/bonecp-0.8.0.RELEASE.jar:/home/user/.m2/repository/org/xerial/sqlite-jdbc/3.25.2/sqlite-jdbc-3.25.2.jar:/home/user/.m2/repository/org/springframework/spring-jdbc/5.1.3.RELEASE/spring-jdbc-5.1.3.RELEASE.jar:/home/user/.m2/repository/org/springframework/spring-beans/5.1.3.RELEASE/spring-beans-5.1.3.RELEASE.jar:/home/user/.m2/repository/org/springframework/spring-core/5.1.3.RELEASE/spring-core-5.1.3.RELEASE.jar:/home/user/.m2/repository/org/springframework/spring-jcl/5.1.3.RELEASE/spring-jcl-5.1.3.RELEASE.jar:/home/user/.m2/repository/org/springframework/spring-tx/5.1.3.RELEASE/spring-tx-5.1.3.RELEASE.jar:/home/user/.m2/repository/org/apache/hadoop/hadoop-ozone-client/0.5.0-SNAPSHOT/hadoop-ozone-client-0.5.0-SNAPSHOT.jar:/home/user/.m2/repository/commons-lang/commons-lang/2.6/commons-lang-2.6.jar:/home/user/.m2/repository/org/apache/hadoop/hadoop-ozone-ozone-manager/0.5.0-SNAPSHOT/hadoop-ozone-ozone-manager-0.5.0-SNAPSHOT-tests.jar:/home/user/.m2/repository/junit/junit/4.11/junit-4.11.jar:/home/user/.m2/repository/org/hamcrest/hamcrest-core/1.3/hamcrest-core-1.3.jar:/home/user/.m2/repository/org/openjdk/jmh/jmh-core/1.19/jmh-core-1.19.jar:/home/user/.m2/repository/net/sf/jopt-simple/jopt-simple/4.6/jopt-simple-4.6.jar:/home/user/.m2/repository/org/apache/commons/commons-math3/3.1.1/commons-math3-3.1.1.jar:/home/user/.m2/repository/org/openjdk/jmh/jmh-generator-annprocess/1.19/jmh-generator-annprocess-1.19.jar:/home/user/.m2/repository/org/mockito/mockito-all/1.8.5/mockito-all-1.8.5.jar:/home/user/.m2/repository/org/apache/hadoop/hadoop-kms/3.2.0/hadoop-kms-3.2.0.jar:/home/user/.m2/repository/org/apache/hadoop/hadoop-auth/3.2.0/hadoop-auth-3.2.0.jar:/home/user/.m2/repository/com/nimbusds/nimbus-jose-jwt/4.41.1/nimbus-jose-jwt-4.41.1.jar:/home/user/.m2/repository/com/github/stephenc/jcip/jcip-annotations/1.0-1/jcip-annotations-1.0-1.jar:/home/user/.m2/repository/net/minidev/json-smart/2.3/json-smart-2.3.jar:/home/user/.m2/repository/net/minidev/accessors-smart/1.2/accessors-smart-1.2.jar:/home/user/.m2/repository/org/ow2/asm/asm/5.0.4/asm-5.0.4.jar:/home/user/.m2/repository/org/apache/curator/curator-framework/2.12.0/curator-framework-2.12.0.jar:/home/user/.m2/repository/com/sun/jersey/jersey-core/1.19/jersey-core-1.19.jar:/home/user/.m2/repository/javax/ws/rs/jsr311-api/1.1.1/jsr311-api-1.1.1.jar:/home/user/.m2/repository/com/sun/jersey/jersey-server/1.19/jersey-server-1.19.jar:/home/user/.m2/repository/javax/servlet/javax.servlet-api/3.1.0/javax.servlet-api-3.1.0.jar:/home/user/.m2/repository/org/eclipse/jetty/jetty-server/9.3.25.v20180904/jetty-server-9.3.25.v20180904.jar:/home/user/.m2/repository/org/eclipse/jetty/jetty-http/9.3.25.v20180904/jetty-http-9.3.25.v20180904.jar:/home/user/.m2/repository/org/eclipse/jetty/jetty-io/9.3.25.v20180904/jetty-io-9.3.25.v20180904.jar:/home/user/.m2/repository/org/eclipse/jetty/jetty-webapp/9.3.25.v20180904/jetty-webapp-9.3.25.v20180904.jar:/home/user/.m2/repository/org/eclipse/jetty/jetty-xml/9.3.25.v20180904/jetty-xml-9.3.25.v20180904.jar:/home/user/.m2/repository/log4j/log4j/1.2.17/log4j-1.2.17.jar:/home/user/.m2/repository/org/slf4j/slf4j-api/1.7.25/slf4j-api-1.7.25.jar:/home/user/.m2/repository/org/slf4j/jul-to-slf4j/1.7.25/jul-to-slf4j-1.7.25.jar:/home/user/.m2/repository/org/eclipse/jetty/jetty-util/9.3.25.v20180904/jetty-util-9.3.25.v20180904.jar:/home/user/.m2/repository/com/fasterxml/jackson/core/jackson-databind/2.9.9/jackson-databind-2.9.9.jar:/home/user/.m2/repository/org/apache/hadoop/hadoop-kms/3.2.0/hadoop-kms-3.2.0-tests.jar:/home/user/.m2/repository/org/apache/hadoop/hadoop-hdds-server-scm/0.5.0-SNAPSHOT/hadoop-hdds-server-scm-0.5.0-SNAPSHOT-tests.jar:/home/user/.m2/repository/org/apache/hadoop/hadoop-hdds-container-service/0.5.0-SNAPSHOT/hadoop-hdds-container-service-0.5.0-SNAPSHOT-tests.jar:/home/user/.m2/repository/org/yaml/snakeyaml/1.16/snakeyaml-1.16.jar:/home/user/.m2/repository/org/apache/hadoop/hadoop-common/3.2.0/hadoop-common-3.2.0-tests.jar:/home/user/.m2/repository/org/apache/hadoop/hadoop-annotations/3.2.0/hadoop-annotations-3.2.0.jar:/usr/lib/jvm/java-1.8-openjdk/jre/../lib/tools.jar:/home/user/.m2/repository/commons-cli/commons-cli/1.2/commons-cli-1.2.jar:/home/user/.m2/repository/org/apache/httpcomponents/httpclient/4.5.2/httpclient-4.5.2.jar:/home/user/.m2/repository/org/apache/httpcomponents/httpcore/4.4.4/httpcore-4.4.4.jar:/home/user/.m2/repository/commons-codec/commons-codec/1.11/commons-codec-1.11.jar:/home/user/.m2/repository/commons-net/commons-net/3.6/commons-net-3.6.jar:/home/user/.m2/repository/commons-collections/commons-collections/3.2.2/commons-collections-3.2.2.jar:/home/user/.m2/repository/org/eclipse/jetty/jetty-servlet/9.3.25.v20180904/jetty-servlet-9.3.25.v20180904.jar:/home/user/.m2/repository/org/eclipse/jetty/jetty-security/9.3.25.v20180904/jetty-security-9.3.25.v20180904.jar:/home/user/.m2/repository/javax/servlet/jsp/jsp-api/2.1/jsp-api-2.1.jar:/home/user/.m2/repository/com/sun/jersey/jersey-servlet/1.19/jersey-servlet-1.19.jar:/home/user/.m2/repository/com/sun/jersey/jersey-json/1.19/jersey-json-1.19.jar:/home/user/.m2/repository/org/codehaus/jettison/jettison/1.1/jettison-1.1.jar:/home/user/.m2/repository/org/codehaus/jackson/jackson-core-asl/1.9.13/jackson-core-asl-1.9.13.jar:/home/user/.m2/repository/org/codehaus/jackson/jackson-mapper-asl/1.9.13/jackson-mapper-asl-1.9.13.jar:/home/user/.m2/repository/org/codehaus/jackson/jackson-jaxrs/1.9.13/jackson-jaxrs-1.9.13.jar:/home/user/.m2/repository/org/codehaus/jackson/jackson-xc/1.9.13/jackson-xc-1.9.13.jar:/home/user/.m2/repository/commons-logging/commons-logging/1.1.3/commons-logging-1.1.3.jar:/home/user/.m2/repository/commons-beanutils/commons-beanutils/1.9.4/commons-beanutils-1.9.4.jar:/home/user/.m2/repository/org/apache/commons/commons-configuration2/2.1.1/commons-configuration2-2.1.1.jar:/home/user/.m2/repository/org/apache/commons/commons-lang3/3.7/commons-lang3-3.7.jar:/home/user/.m2/repository/org/apache/commons/commons-text/1.4/commons-text-1.4.jar:/home/user/.m2/repository/org/apache/avro/avro/1.7.7/avro-1.7.7.jar:/home/user/.m2/repository/com/thoughtworks/paranamer/paranamer/2.3/paranamer-2.3.jar:/home/user/.m2/repository/org/xerial/snappy/snappy-java/1.0.5/snappy-java-1.0.5.jar:/home/user/.m2/repository/com/google/re2j/re2j/1.1/re2j-1.1.jar:/home/user/.m2/repository/com/google/code/gson/gson/2.2.4/gson-2.2.4.jar:/home/user/.m2/repository/com/jcraft/jsch/0.1.54/jsch-0.1.54.jar:/home/user/.m2/repository/org/apache/curator/curator-client/2.12.0/curator-client-2.12.0.jar:/home/user/.m2/repository/org/apache/curator/curator-recipes/2.12.0/curator-recipes-2.12.0.jar:/home/user/.m2/repository/com/google/code/findbugs/jsr305/3.0.0/jsr305-3.0.0.jar:/home/user/.m2/repository/org/apache/htrace/htrace-core4/4.1.0-incubating/htrace-core4-4.1.0-incubating.jar:/home/user/.m2/repository/org/apache/zookeeper/zookeeper/3.4.13/zookeeper-3.4.13.jar:/home/user/.m2/repository/jline/jline/0.9.94/jline-0.9.94.jar:/home/user/.m2/repository/org/apache/yetus/audience-annotations/0.5.0/audience-annotations-0.5.0.jar:/home/user/.m2/repository/org/codehaus/woodstox/stax2-api/3.1.4/stax2-api-3.1.4.jar:/home/user/.m2/repository/com/fasterxml/woodstox/woodstox-core/5.0.3/woodstox-core-5.0.3.jar:/home/user/.m2/repository/dnsjava/dnsjava/2.1.7/dnsjava-2.1.7.jar:/home/user/.m2/repository/org/apache/hadoop/hadoop-hdfs/3.2.0/hadoop-hdfs-3.2.0-tests.jar:/home/user/.m2/repository/org/eclipse/jetty/jetty-util-ajax/9.3.25.v20180904/jetty-util-ajax-9.3.25.v20180904.jar:/home/user/.m2/repository/commons-daemon/commons-daemon/1.0.13/commons-daemon-1.0.13.jar:/home/user/.m2/repository/io/netty/netty/3.10.5.Final/netty-3.10.5.Final.jar:/home/user/.m2/repository/io/netty/netty-all/4.0.52.Final/netty-all-4.0.52.Final.jar:/home/user/.m2/repository/org/fusesource/leveldbjni/leveldbjni-all/1.8/leveldbjni-all-1.8.jar:"/>
    <property name="java.vm.vendor" value="IcedTea"/>
    <property name="sun.arch.data.model" value="64"/>
    <property name="test.build.dir" value="/workdir/hadoop-ozone/integration-test/target/test-dir"/>
    <property name="test.cache.data" value=""/>
    <property name="java.vendor.url" value="https://icedtea.classpath.org"/>
    <property name="user.timezone" value=""/>
    <property name="java.vm.specification.version" value="1.8"/>
    <property name="os.name" value="Linux"/>
    <property name="test.build.data" value="/workdir/hadoop-ozone/integration-test/target/test-dir"/>
    <property name="user.country" value="US"/>
    <property name="sun.java.launcher" value="SUN_STANDARD"/>
    <property name="sun.boot.library.path" value="/usr/lib/jvm/java-1.8-openjdk/jre/lib/amd64"/>
    <property name="sun.java.command" value="/workdir/hadoop-ozone/integration-test/target/surefire/surefirebooter680014625849016634.jar /workdir/hadoop-ozone/integration-test/target/surefire 2019-10-04T13-33-00_150-jvmRun1 surefire846745438254870817tmp surefire_251011423242060448119tmp"/>
    <property name="test" value="!TestMiniChaosOzoneCluster"/>
    <property name="surefire.test.class.path" value="/workdir/hadoop-ozone/integration-test/target/test-classes:/workdir/hadoop-ozone/integration-test/target/classes:/home/user/.m2/repository/org/apache/hadoop/hadoop-ozone-common/0.5.0-SNAPSHOT/hadoop-ozone-common-0.5.0-SNAPSHOT.jar:/home/user/.m2/repository/org/apache/commons/commons-compress/1.4.1/commons-compress-1.4.1.jar:/home/user/.m2/repository/org/tukaani/xz/1.0/xz-1.0.jar:/home/user/.m2/repository/org/apache/hadoop/hadoop-common/3.2.0/hadoop-common-3.2.0.jar:/home/user/.m2/repository/org/apache/hadoop/hadoop-hdfs/3.2.0/hadoop-hdfs-3.2.0.jar:/home/user/.m2/repository/org/apache/hadoop/hadoop-hdfs-client/3.2.0/hadoop-hdfs-client-3.2.0.jar:/home/user/.m2/repository/com/fasterxml/jackson/core/jackson-annotations/2.9.9/jackson-annotations-2.9.9.jar:/home/user/.m2/repository/org/apache/hadoop/hadoop-hdds-common/0.5.0-SNAPSHOT/hadoop-hdds-common-0.5.0-SNAPSHOT.jar:/home/user/.m2/repository/javax/annotation/javax.annotation-api/1.2/javax.annotation-api-1.2.jar:/home/user/.m2/repository/org/apache/ratis/ratis-server/0.5.0-201fc85-SNAPSHOT/ratis-server-0.5.0-201fc85-SNAPSHOT.jar:/home/user/.m2/repository/org/apache/ratis/ratis-thirdparty-misc/0.2.0/ratis-thirdparty-misc-0.2.0.jar:/home/user/.m2/repository/org/apache/ratis/ratis-proto/0.5.0-201fc85-SNAPSHOT/ratis-proto-0.5.0-201fc85-SNAPSHOT.jar:/home/user/.m2/repository/org/apache/ratis/ratis-common/0.5.0-201fc85-SNAPSHOT/ratis-common-0.5.0-201fc85-SNAPSHOT.jar:/home/user/.m2/repository/org/apache/ratis/ratis-client/0.5.0-201fc85-SNAPSHOT/ratis-client-0.5.0-201fc85-SNAPSHOT.jar:/home/user/.m2/repository/org/apache/ratis/ratis-metrics/0.5.0-201fc85-SNAPSHOT/ratis-metrics-0.5.0-201fc85-SNAPSHOT.jar:/home/user/.m2/repository/com/github/joshelser/dropwizard-metrics-hadoop-metrics2-reporter/0.1.2/dropwizard-metrics-hadoop-metrics2-reporter-0.1.2.jar:/home/user/.m2/repository/io/dropwizard/metrics/metrics-jvm/3.2.5/metrics-jvm-3.2.5.jar:/home/user/.m2/repository/io/dropwizard/metrics/metrics-ganglia/3.2.5/metrics-ganglia-3.2.5.jar:/home/user/.m2/repository/info/ganglia/gmetric4j/gmetric4j/1.0.7/gmetric4j-1.0.7.jar:/home/user/.m2/repository/org/apache/ratis/ratis-netty/0.5.0-201fc85-SNAPSHOT/ratis-netty-0.5.0-201fc85-SNAPSHOT.jar:/home/user/.m2/repository/org/apache/ratis/ratis-grpc/0.5.0-201fc85-SNAPSHOT/ratis-grpc-0.5.0-201fc85-SNAPSHOT.jar:/home/user/.m2/repository/org/rocksdb/rocksdbjni/6.0.1/rocksdbjni-6.0.1.jar:/home/user/.m2/repository/org/apache/logging/log4j/log4j-api/2.11.0/log4j-api-2.11.0.jar:/home/user/.m2/repository/org/apache/logging/log4j/log4j-core/2.11.0/log4j-core-2.11.0.jar:/home/user/.m2/repository/com/lmax/disruptor/3.4.2/disruptor-3.4.2.jar:/home/user/.m2/repository/org/apache/commons/commons-pool2/2.6.0/commons-pool2-2.6.0.jar:/home/user/.m2/repository/org/bouncycastle/bcpkix-jdk15on/1.60/bcpkix-jdk15on-1.60.jar:/home/user/.m2/repository/commons-validator/commons-validator/1.6/commons-validator-1.6.jar:/home/user/.m2/repository/commons-digester/commons-digester/1.8.1/commons-digester-1.8.1.jar:/home/user/.m2/repository/io/jaegertracing/jaeger-client/0.34.0/jaeger-client-0.34.0.jar:/home/user/.m2/repository/io/jaegertracing/jaeger-thrift/0.34.0/jaeger-thrift-0.34.0.jar:/home/user/.m2/repository/org/apache/thrift/libthrift/0.12.0/libthrift-0.12.0.jar:/home/user/.m2/repository/com/squareup/okhttp3/okhttp/3.9.0/okhttp-3.9.0.jar:/home/user/.m2/repository/com/squareup/okio/okio/1.13.0/okio-1.13.0.jar:/home/user/.m2/repository/io/jaegertracing/jaeger-core/0.34.0/jaeger-core-0.34.0.jar:/home/user/.m2/repository/io/jaegertracing/jaeger-tracerresolver/0.34.0/jaeger-tracerresolver-0.34.0.jar:/home/user/.m2/repository/io/opentracing/contrib/opentracing-tracerresolver/0.1.5/opentracing-tracerresolver-0.1.5.jar:/home/user/.m2/repository/io/opentracing/opentracing-util/0.31.0/opentracing-util-0.31.0.jar:/home/user/.m2/repository/io/opentracing/opentracing-api/0.31.0/opentracing-api-0.31.0.jar:/home/user/.m2/repository/io/opentracing/opentracing-noop/0.31.0/opentracing-noop-0.31.0.jar:/home/user/.m2/repository/org/apache/hadoop/hadoop-hdds-server-framework/0.5.0-SNAPSHOT/hadoop-hdds-server-framework-0.5.0-SNAPSHOT.jar:/home/user/.m2/repository/org/apache/hadoop/hadoop-hdds-container-service/0.5.0-SNAPSHOT/hadoop-hdds-container-service-0.5.0-SNAPSHOT.jar:/home/user/.m2/repository/org/apache/hadoop/hadoop-hdds-client/0.5.0-SNAPSHOT/hadoop-hdds-client-0.5.0-SNAPSHOT.jar:/home/user/.m2/repository/org/apache/hadoop/hadoop-hdds-tools/0.5.0-SNAPSHOT/hadoop-hdds-tools-0.5.0-SNAPSHOT.jar:/home/user/.m2/repository/org/apache/hadoop/hadoop-hdds-server-scm/0.5.0-SNAPSHOT/hadoop-hdds-server-scm-0.5.0-SNAPSHOT.jar:/home/user/.m2/repository/org/apache/hadoop/hadoop-hdds-docs/0.5.0-SNAPSHOT/hadoop-hdds-docs-0.5.0-SNAPSHOT.jar:/home/user/.m2/repository/io/dropwizard/metrics/metrics-core/3.2.4/metrics-core-3.2.4.jar:/home/user/.m2/repository/org/hamcrest/hamcrest-all/1.3/hamcrest-all-1.3.jar:/home/user/.m2/repository/org/bouncycastle/bcprov-jdk15on/1.60/bcprov-jdk15on-1.60.jar:/home/user/.m2/repository/info/picocli/picocli/3.9.6/picocli-3.9.6.jar:/home/user/.m2/repository/com/google/protobuf/protobuf-java/2.5.0/protobuf-java-2.5.0.jar:/home/user/.m2/repository/com/google/guava/guava/11.0.2/guava-11.0.2.jar:/home/user/.m2/repository/org/apache/hadoop/hadoop-ozone-ozone-manager/0.5.0-SNAPSHOT/hadoop-ozone-ozone-manager-0.5.0-SNAPSHOT.jar:/home/user/.m2/repository/org/apache/hadoop/hadoop-minikdc/3.2.0/hadoop-minikdc-3.2.0.jar:/home/user/.m2/repository/commons-io/commons-io/2.5/commons-io-2.5.jar:/home/user/.m2/repository/org/apache/kerby/kerb-simplekdc/1.0.1/kerb-simplekdc-1.0.1.jar:/home/user/.m2/repository/org/apache/kerby/kerb-client/1.0.1/kerb-client-1.0.1.jar:/home/user/.m2/repository/org/apache/kerby/kerby-config/1.0.1/kerby-config-1.0.1.jar:/home/user/.m2/repository/org/apache/kerby/kerb-core/1.0.1/kerb-core-1.0.1.jar:/home/user/.m2/repository/org/apache/kerby/kerby-pkix/1.0.1/kerby-pkix-1.0.1.jar:/home/user/.m2/repository/org/apache/kerby/kerby-asn1/1.0.1/kerby-asn1-1.0.1.jar:/home/user/.m2/repository/org/apache/kerby/kerby-util/1.0.1/kerby-util-1.0.1.jar:/home/user/.m2/repository/org/apache/kerby/kerb-common/1.0.1/kerb-common-1.0.1.jar:/home/user/.m2/repository/org/apache/kerby/kerb-crypto/1.0.1/kerb-crypto-1.0.1.jar:/home/user/.m2/repository/org/apache/kerby/kerb-util/1.0.1/kerb-util-1.0.1.jar:/home/user/.m2/repository/org/apache/kerby/token-provider/1.0.1/token-provider-1.0.1.jar:/home/user/.m2/repository/org/apache/kerby/kerb-admin/1.0.1/kerb-admin-1.0.1.jar:/home/user/.m2/repository/org/apache/kerby/kerb-server/1.0.1/kerb-server-1.0.1.jar:/home/user/.m2/repository/org/apache/kerby/kerb-identity/1.0.1/kerb-identity-1.0.1.jar:/home/user/.m2/repository/org/apache/kerby/kerby-xdr/1.0.1/kerby-xdr-1.0.1.jar:/home/user/.m2/repository/org/slf4j/slf4j-log4j12/1.7.25/slf4j-log4j12-1.7.25.jar:/home/user/.m2/repository/org/apache/hadoop/hadoop-ozone-s3gateway/0.5.0-SNAPSHOT/hadoop-ozone-s3gateway-0.5.0-SNAPSHOT.jar:/home/user/.m2/repository/org/jboss/weld/servlet/weld-servlet/2.4.7.Final/weld-servlet-2.4.7.Final.jar:/home/user/.m2/repository/org/glassfish/jersey/containers/jersey-container-servlet-core/2.27/jersey-container-servlet-core-2.27.jar:/home/user/.m2/repository/org/glassfish/hk2/external/javax.inject/2.5.0-b42/javax.inject-2.5.0-b42.jar:/home/user/.m2/repository/org/glassfish/jersey/core/jersey-common/2.27/jersey-common-2.27.jar:/home/user/.m2/repository/org/glassfish/hk2/osgi-resource-locator/1.0.1/osgi-resource-locator-1.0.1.jar:/home/user/.m2/repository/javax/ws/rs/javax.ws.rs-api/2.1/javax.ws.rs-api-2.1.jar:/home/user/.m2/repository/org/glassfish/jersey/ext/cdi/jersey-cdi1x/2.27/jersey-cdi1x-2.27.jar:/home/user/.m2/repository/org/glassfish/jersey/inject/jersey-hk2/2.27/jersey-hk2-2.27.jar:/home/user/.m2/repository/org/glassfish/hk2/hk2-locator/2.5.0-b42/hk2-locator-2.5.0-b42.jar:/home/user/.m2/repository/org/javassist/javassist/3.22.0-CR2/javassist-3.22.0-CR2.jar:/home/user/.m2/repository/org/glassfish/hk2/hk2-api/2.5.0/hk2-api-2.5.0.jar:/home/user/.m2/repository/org/glassfish/hk2/external/jakarta.inject/2.5.0/jakarta.inject-2.5.0.jar:/home/user/.m2/repository/org/glassfish/hk2/hk2-utils/2.5.0/hk2-utils-2.5.0.jar:/home/user/.m2/repository/jakarta/annotation/jakarta.annotation-api/1.3.4/jakarta.annotation-api-1.3.4.jar:/home/user/.m2/repository/org/glassfish/hk2/external/aopalliance-repackaged/2.5.0/aopalliance-repackaged-2.5.0.jar:/home/user/.m2/repository/com/fasterxml/jackson/dataformat/jackson-dataformat-xml/2.9.0/jackson-dataformat-xml-2.9.0.jar:/home/user/.m2/repository/com/fasterxml/jackson/core/jackson-core/2.9.9/jackson-core-2.9.9.jar:/home/user/.m2/repository/com/fasterxml/jackson/module/jackson-module-jaxb-annotations/2.9.9/jackson-module-jaxb-annotations-2.9.9.jar:/home/user/.m2/repository/javax/enterprise/cdi-api/1.2/cdi-api-1.2.jar:/home/user/.m2/repository/javax/el/javax.el-api/3.0.0/javax.el-api-3.0.0.jar:/home/user/.m2/repository/javax/interceptor/javax.interceptor-api/1.2/javax.interceptor-api-1.2.jar:/home/user/.m2/repository/javax/inject/javax.inject/1/javax.inject-1.jar:/home/user/.m2/repository/com/sun/xml/bind/jaxb-impl/2.3.0.1/jaxb-impl-2.3.0.1.jar:/home/user/.m2/repository/com/sun/xml/bind/jaxb-core/2.3.0.1/jaxb-core-2.3.0.1.jar:/home/user/.m2/repository/javax/xml/bind/jaxb-api/2.3.0/jaxb-api-2.3.0.jar:/home/user/.m2/repository/javax/activation/activation/1.1.1/activation-1.1.1.jar:/home/user/.m2/repository/org/apache/hadoop/hadoop-ozone-csi/0.5.0-SNAPSHOT/hadoop-ozone-csi-0.5.0-SNAPSHOT.jar:/home/user/.m2/repository/com/google/protobuf/protobuf-java-util/3.5.1/protobuf-java-util-3.5.1.jar:/home/user/.m2/repository/org/apache/hadoop/hadoop-hdds-config/0.5.0-SNAPSHOT/hadoop-hdds-config-0.5.0-SNAPSHOT.jar:/home/user/.m2/repository/io/grpc/grpc-netty/1.17.1/grpc-netty-1.17.1.jar:/home/user/.m2/repository/io/grpc/grpc-core/1.17.1/grpc-core-1.17.1.jar:/home/user/.m2/repository/io/grpc/grpc-context/1.17.1/grpc-context-1.17.1.jar:/home/user/.m2/repository/com/google/errorprone/error_prone_annotations/2.2.0/error_prone_annotations-2.2.0.jar:/home/user/.m2/repository/org/codehaus/mojo/animal-sniffer-annotations/1.17/animal-sniffer-annotations-1.17.jar:/home/user/.m2/repository/io/opencensus/opencensus-api/0.17.0/opencensus-api-0.17.0.jar:/home/user/.m2/repository/io/opencensus/opencensus-contrib-grpc-metrics/0.17.0/opencensus-contrib-grpc-metrics-0.17.0.jar:/home/user/.m2/repository/io/netty/netty-codec-http2/4.1.30.Final/netty-codec-http2-4.1.30.Final.jar:/home/user/.m2/repository/io/netty/netty-codec-http/4.1.30.Final/netty-codec-http-4.1.30.Final.jar:/home/user/.m2/repository/io/netty/netty-codec/4.1.30.Final/netty-codec-4.1.30.Final.jar:/home/user/.m2/repository/io/netty/netty-handler/4.1.30.Final/netty-handler-4.1.30.Final.jar:/home/user/.m2/repository/io/netty/netty-handler-proxy/4.1.30.Final/netty-handler-proxy-4.1.30.Final.jar:/home/user/.m2/repository/io/netty/netty-codec-socks/4.1.30.Final/netty-codec-socks-4.1.30.Final.jar:/home/user/.m2/repository/io/netty/netty-transport-native-epoll/4.1.30.Final/netty-transport-native-epoll-4.1.30.Final.jar:/home/user/.m2/repository/io/netty/netty-common/4.1.30.Final/netty-common-4.1.30.Final.jar:/home/user/.m2/repository/io/netty/netty-buffer/4.1.30.Final/netty-buffer-4.1.30.Final.jar:/home/user/.m2/repository/io/netty/netty-transport/4.1.30.Final/netty-transport-4.1.30.Final.jar:/home/user/.m2/repository/io/netty/netty-resolver/4.1.30.Final/netty-resolver-4.1.30.Final.jar:/home/user/.m2/repository/io/netty/netty-transport-native-unix-common/4.1.30.Final/netty-transport-native-unix-common-4.1.30.Final.jar:/home/user/.m2/repository/io/grpc/grpc-protobuf/1.17.1/grpc-protobuf-1.17.1.jar:/home/user/.m2/repository/com/google/api/grpc/proto-google-common-protos/1.0.0/proto-google-common-protos-1.0.0.jar:/home/user/.m2/repository/io/grpc/grpc-protobuf-lite/1.17.1/grpc-protobuf-lite-1.17.1.jar:/home/user/.m2/repository/io/grpc/grpc-stub/1.17.1/grpc-stub-1.17.1.jar:/home/user/.m2/repository/org/apache/hadoop/hadoop-ozone-recon/0.5.0-SNAPSHOT/hadoop-ozone-recon-0.5.0-SNAPSHOT.jar:/home/user/.m2/repository/org/apache/hadoop/hadoop-ozone-reconcodegen/0.5.0-SNAPSHOT/hadoop-ozone-reconcodegen-0.5.0-SNAPSHOT.jar:/home/user/.m2/repository/com/google/inject/extensions/guice-multibindings/4.0/guice-multibindings-4.0.jar:/home/user/.m2/repository/com/google/inject/guice/4.0/guice-4.0.jar:/home/user/.m2/repository/aopalliance/aopalliance/1.0/aopalliance-1.0.jar:/home/user/.m2/repository/com/google/inject/extensions/guice-servlet/4.0/guice-servlet-4.0.jar:/home/user/.m2/repository/org/glassfish/jersey/containers/jersey-container-servlet/2.27/jersey-container-servlet-2.27.jar:/home/user/.m2/repository/org/glassfish/hk2/guice-bridge/2.5.0/guice-bridge-2.5.0.jar:/home/user/.m2/repository/org/glassfish/jersey/core/jersey-server/2.27/jersey-server-2.27.jar:/home/user/.m2/repository/org/glassfish/jersey/core/jersey-client/2.27/jersey-client-2.27.jar:/home/user/.m2/repository/org/glassfish/jersey/media/jersey-media-jaxb/2.27/jersey-media-jaxb-2.27.jar:/home/user/.m2/repository/javax/validation/validation-api/1.1.0.Final/validation-api-1.1.0.Final.jar:/home/user/.m2/repository/org/glassfish/jersey/media/jersey-media-json-jackson/2.27/jersey-media-json-jackson-2.27.jar:/home/user/.m2/repository/org/glassfish/jersey/ext/jersey-entity-filtering/2.27/jersey-entity-filtering-2.27.jar:/home/user/.m2/repository/com/google/inject/extensions/guice-assistedinject/4.0/guice-assistedinject-4.0.jar:/home/user/.m2/repository/org/jooq/jooq/3.11.10/jooq-3.11.10.jar:/home/user/.m2/repository/org/jooq/jooq-meta/3.11.10/jooq-meta-3.11.10.jar:/home/user/.m2/repository/org/jooq/jooq-codegen/3.11.10/jooq-codegen-3.11.10.jar:/home/user/.m2/repository/com/jolbox/bonecp/0.8.0.RELEASE/bonecp-0.8.0.RELEASE.jar:/home/user/.m2/repository/org/xerial/sqlite-jdbc/3.25.2/sqlite-jdbc-3.25.2.jar:/home/user/.m2/repository/org/springframework/spring-jdbc/5.1.3.RELEASE/spring-jdbc-5.1.3.RELEASE.jar:/home/user/.m2/repository/org/springframework/spring-beans/5.1.3.RELEASE/spring-beans-5.1.3.RELEASE.jar:/home/user/.m2/repository/org/springframework/spring-core/5.1.3.RELEASE/spring-core-5.1.3.RELEASE.jar:/home/user/.m2/repository/org/springframework/spring-jcl/5.1.3.RELEASE/spring-jcl-5.1.3.RELEASE.jar:/home/user/.m2/repository/org/springframework/spring-tx/5.1.3.RELEASE/spring-tx-5.1.3.RELEASE.jar:/home/user/.m2/repository/org/apache/hadoop/hadoop-ozone-client/0.5.0-SNAPSHOT/hadoop-ozone-client-0.5.0-SNAPSHOT.jar:/home/user/.m2/repository/commons-lang/commons-lang/2.6/commons-lang-2.6.jar:/home/user/.m2/repository/org/apache/hadoop/hadoop-ozone-ozone-manager/0.5.0-SNAPSHOT/hadoop-ozone-ozone-manager-0.5.0-SNAPSHOT-tests.jar:/home/user/.m2/repository/junit/junit/4.11/junit-4.11.jar:/home/user/.m2/repository/org/hamcrest/hamcrest-core/1.3/hamcrest-core-1.3.jar:/home/user/.m2/repository/org/openjdk/jmh/jmh-core/1.19/jmh-core-1.19.jar:/home/user/.m2/repository/net/sf/jopt-simple/jopt-simple/4.6/jopt-simple-4.6.jar:/home/user/.m2/repository/org/apache/commons/commons-math3/3.1.1/commons-math3-3.1.1.jar:/home/user/.m2/repository/org/openjdk/jmh/jmh-generator-annprocess/1.19/jmh-generator-annprocess-1.19.jar:/home/user/.m2/repository/org/mockito/mockito-all/1.8.5/mockito-all-1.8.5.jar:/home/user/.m2/repository/org/apache/hadoop/hadoop-kms/3.2.0/hadoop-kms-3.2.0.jar:/home/user/.m2/repository/org/apache/hadoop/hadoop-auth/3.2.0/hadoop-auth-3.2.0.jar:/home/user/.m2/repository/com/nimbusds/nimbus-jose-jwt/4.41.1/nimbus-jose-jwt-4.41.1.jar:/home/user/.m2/repository/com/github/stephenc/jcip/jcip-annotations/1.0-1/jcip-annotations-1.0-1.jar:/home/user/.m2/repository/net/minidev/json-smart/2.3/json-smart-2.3.jar:/home/user/.m2/repository/net/minidev/accessors-smart/1.2/accessors-smart-1.2.jar:/home/user/.m2/repository/org/ow2/asm/asm/5.0.4/asm-5.0.4.jar:/home/user/.m2/repository/org/apache/curator/curator-framework/2.12.0/curator-framework-2.12.0.jar:/home/user/.m2/repository/com/sun/jersey/jersey-core/1.19/jersey-core-1.19.jar:/home/user/.m2/repository/javax/ws/rs/jsr311-api/1.1.1/jsr311-api-1.1.1.jar:/home/user/.m2/repository/com/sun/jersey/jersey-server/1.19/jersey-server-1.19.jar:/home/user/.m2/repository/javax/servlet/javax.servlet-api/3.1.0/javax.servlet-api-3.1.0.jar:/home/user/.m2/repository/org/eclipse/jetty/jetty-server/9.3.25.v20180904/jetty-server-9.3.25.v20180904.jar:/home/user/.m2/repository/org/eclipse/jetty/jetty-http/9.3.25.v20180904/jetty-http-9.3.25.v20180904.jar:/home/user/.m2/repository/org/eclipse/jetty/jetty-io/9.3.25.v20180904/jetty-io-9.3.25.v20180904.jar:/home/user/.m2/repository/org/eclipse/jetty/jetty-webapp/9.3.25.v20180904/jetty-webapp-9.3.25.v20180904.jar:/home/user/.m2/repository/org/eclipse/jetty/jetty-xml/9.3.25.v20180904/jetty-xml-9.3.25.v20180904.jar:/home/user/.m2/repository/log4j/log4j/1.2.17/log4j-1.2.17.jar:/home/user/.m2/repository/org/slf4j/slf4j-api/1.7.25/slf4j-api-1.7.25.jar:/home/user/.m2/repository/org/slf4j/jul-to-slf4j/1.7.25/jul-to-slf4j-1.7.25.jar:/home/user/.m2/repository/org/eclipse/jetty/jetty-util/9.3.25.v20180904/jetty-util-9.3.25.v20180904.jar:/home/user/.m2/repository/com/fasterxml/jackson/core/jackson-databind/2.9.9/jackson-databind-2.9.9.jar:/home/user/.m2/repository/org/apache/hadoop/hadoop-kms/3.2.0/hadoop-kms-3.2.0-tests.jar:/home/user/.m2/repository/org/apache/hadoop/hadoop-hdds-server-scm/0.5.0-SNAPSHOT/hadoop-hdds-server-scm-0.5.0-SNAPSHOT-tests.jar:/home/user/.m2/repository/org/apache/hadoop/hadoop-hdds-container-service/0.5.0-SNAPSHOT/hadoop-hdds-container-service-0.5.0-SNAPSHOT-tests.jar:/home/user/.m2/repository/org/yaml/snakeyaml/1.16/snakeyaml-1.16.jar:/home/user/.m2/repository/org/apache/hadoop/hadoop-common/3.2.0/hadoop-common-3.2.0-tests.jar:/home/user/.m2/repository/org/apache/hadoop/hadoop-annotations/3.2.0/hadoop-annotations-3.2.0.jar:/usr/lib/jvm/java-1.8-openjdk/jre/../lib/tools.jar:/home/user/.m2/repository/commons-cli/commons-cli/1.2/commons-cli-1.2.jar:/home/user/.m2/repository/org/apache/httpcomponents/httpclient/4.5.2/httpclient-4.5.2.jar:/home/user/.m2/repository/org/apache/httpcomponents/httpcore/4.4.4/httpcore-4.4.4.jar:/home/user/.m2/repository/commons-codec/commons-codec/1.11/commons-codec-1.11.jar:/home/user/.m2/repository/commons-net/commons-net/3.6/commons-net-3.6.jar:/home/user/.m2/repository/commons-collections/commons-collections/3.2.2/commons-collections-3.2.2.jar:/home/user/.m2/repository/org/eclipse/jetty/jetty-servlet/9.3.25.v20180904/jetty-servlet-9.3.25.v20180904.jar:/home/user/.m2/repository/org/eclipse/jetty/jetty-security/9.3.25.v20180904/jetty-security-9.3.25.v20180904.jar:/home/user/.m2/repository/javax/servlet/jsp/jsp-api/2.1/jsp-api-2.1.jar:/home/user/.m2/repository/com/sun/jersey/jersey-servlet/1.19/jersey-servlet-1.19.jar:/home/user/.m2/repository/com/sun/jersey/jersey-json/1.19/jersey-json-1.19.jar:/home/user/.m2/repository/org/codehaus/jettison/jettison/1.1/jettison-1.1.jar:/home/user/.m2/repository/org/codehaus/jackson/jackson-core-asl/1.9.13/jackson-core-asl-1.9.13.jar:/home/user/.m2/repository/org/codehaus/jackson/jackson-mapper-asl/1.9.13/jackson-mapper-asl-1.9.13.jar:/home/user/.m2/repository/org/codehaus/jackson/jackson-jaxrs/1.9.13/jackson-jaxrs-1.9.13.jar:/home/user/.m2/repository/org/codehaus/jackson/jackson-xc/1.9.13/jackson-xc-1.9.13.jar:/home/user/.m2/repository/commons-logging/commons-logging/1.1.3/commons-logging-1.1.3.jar:/home/user/.m2/repository/commons-beanutils/commons-beanutils/1.9.4/commons-beanutils-1.9.4.jar:/home/user/.m2/repository/org/apache/commons/commons-configuration2/2.1.1/commons-configuration2-2.1.1.jar:/home/user/.m2/repository/org/apache/commons/commons-lang3/3.7/commons-lang3-3.7.jar:/home/user/.m2/repository/org/apache/commons/commons-text/1.4/commons-text-1.4.jar:/home/user/.m2/repository/org/apache/avro/avro/1.7.7/avro-1.7.7.jar:/home/user/.m2/repository/com/thoughtworks/paranamer/paranamer/2.3/paranamer-2.3.jar:/home/user/.m2/repository/org/xerial/snappy/snappy-java/1.0.5/snappy-java-1.0.5.jar:/home/user/.m2/repository/com/google/re2j/re2j/1.1/re2j-1.1.jar:/home/user/.m2/repository/com/google/code/gson/gson/2.2.4/gson-2.2.4.jar:/home/user/.m2/repository/com/jcraft/jsch/0.1.54/jsch-0.1.54.jar:/home/user/.m2/repository/org/apache/curator/curator-client/2.12.0/curator-client-2.12.0.jar:/home/user/.m2/repository/org/apache/curator/curator-recipes/2.12.0/curator-recipes-2.12.0.jar:/home/user/.m2/repository/com/google/code/findbugs/jsr305/3.0.0/jsr305-3.0.0.jar:/home/user/.m2/repository/org/apache/htrace/htrace-core4/4.1.0-incubating/htrace-core4-4.1.0-incubating.jar:/home/user/.m2/repository/org/apache/zookeeper/zookeeper/3.4.13/zookeeper-3.4.13.jar:/home/user/.m2/repository/jline/jline/0.9.94/jline-0.9.94.jar:/home/user/.m2/repository/org/apache/yetus/audience-annotations/0.5.0/audience-annotations-0.5.0.jar:/home/user/.m2/repository/org/codehaus/woodstox/stax2-api/3.1.4/stax2-api-3.1.4.jar:/home/user/.m2/repository/com/fasterxml/woodstox/woodstox-core/5.0.3/woodstox-core-5.0.3.jar:/home/user/.m2/repository/dnsjava/dnsjava/2.1.7/dnsjava-2.1.7.jar:/home/user/.m2/repository/org/apache/hadoop/hadoop-hdfs/3.2.0/hadoop-hdfs-3.2.0-tests.jar:/home/user/.m2/repository/org/eclipse/jetty/jetty-util-ajax/9.3.25.v20180904/jetty-util-ajax-9.3.25.v20180904.jar:/home/user/.m2/repository/commons-daemon/commons-daemon/1.0.13/commons-daemon-1.0.13.jar:/home/user/.m2/repository/io/netty/netty/3.10.5.Final/netty-3.10.5.Final.jar:/home/user/.m2/repository/io/netty/netty-all/4.0.52.Final/netty-all-4.0.52.Final.jar:/home/user/.m2/repository/org/fusesource/leveldbjni/leveldbjni-all/1.8/leveldbjni-all-1.8.jar:"/>
    <property name="sun.cpu.endian" value="little"/>
    <property name="user.home" value="/home/user"/>
    <property name="user.language" value="en"/>
    <property name="java.specification.vendor" value="Oracle Corporation"/>
    <property name="java.home" value="/usr/lib/jvm/java-1.8-openjdk/jre"/>
    <property name="java.security.krb5.conf" value="/workdir/hadoop-ozone/integration-test/target/test-classes/krb5.conf"/>
    <property name="basedir" value="/workdir/hadoop-ozone/integration-test"/>
    <property name="file.separator" value="/"/>
    <property name="line.separator" value="&#10;"/>
    <property name="java.vm.specification.vendor" value="Oracle Corporation"/>
    <property name="java.specification.name" value="Java Platform API Specification"/>
    <property name="java.awt.graphicsenv" value="sun.awt.X11GraphicsEnvironment"/>
    <property name="surefire.real.class.path" value="/workdir/hadoop-ozone/integration-test/target/surefire/surefirebooter680014625849016634.jar"/>
    <property name="hadoop.log.dir" value="/workdir/hadoop-ozone/integration-test/target/log"/>
    <property name="sun.boot.class.path" value="/usr/lib/jvm/java-1.8-openjdk/jre/lib/resources.jar:/usr/lib/jvm/java-1.8-openjdk/jre/lib/rt.jar:/usr/lib/jvm/java-1.8-openjdk/jre/lib/sunrsasign.jar:/usr/lib/jvm/java-1.8-openjdk/jre/lib/jsse.jar:/usr/lib/jvm/java-1.8-openjdk/jre/lib/jce.jar:/usr/lib/jvm/java-1.8-openjdk/jre/lib/charsets.jar:/usr/lib/jvm/java-1.8-openjdk/jre/lib/jfr.jar:/usr/lib/jvm/java-1.8-openjdk/jre/classes"/>
    <property name="sun.management.compiler" value="HotSpot 64-Bit Tiered Compilers"/>
    <property name="java.runtime.version" value="1.8.0_212-b04"/>
    <property name="java.net.preferIPv4Stack" value="true"/>
    <property name="user.name" value="jenkins1000"/>
    <property name="path.separator" value=":"/>
    <property name="java.security.egd" value="file:///dev/urandom"/>
    <property name="os.version" value="3.10.0-957.12.2.el7.x86_64"/>
    <property name="java.endorsed.dirs" value="/usr/lib/jvm/java-1.8-openjdk/jre/lib/endorsed"/>
    <property name="java.runtime.name" value="OpenJDK Runtime Environment"/>
    <property name="file.encoding" value="UTF-8"/>
    <property name="java.vm.name" value="OpenJDK 64-Bit Server VM"/>
    <property name="test.build.webapps" value=""/>
    <property name="localRepository" value="/home/user/.m2/repository"/>
    <property name="java.vendor.url.bug" value="https://icedtea.classpath.org/bugzilla"/>
    <property name="java.io.tmpdir" value="/tmp"/>
    <property name="require.test.libhadoop" value=""/>
    <property name="java.version" value="1.8.0_212"/>
    <property name="user.dir" value="/workdir/hadoop-ozone/integration-test"/>
    <property name="os.arch" value="amd64"/>
    <property name="java.vm.specification.name" value="Java Virtual Machine Specification"/>
    <property name="test.build.classes" value="/workdir/hadoop-ozone/integration-test/target/test-classes"/>
    <property name="java.awt.printerjob" value="sun.print.PSPrinterJob"/>
    <property name="sun.os.patch.level" value="unknown"/>
    <property name="hadoop.tmp.dir" value="/workdir/hadoop-ozone/integration-test/target/tmp"/>
    <property name="java.library.path" value="/usr/lib/jvm/java-1.8-openjdk/jre/lib/amd64/server:/usr/lib/jvm/java-1.8-openjdk/jre/lib/amd64:/usr/lib/jvm/java-1.8-openjdk/jre/../lib/amd64:/workdir/hadoop-ozone/integration-test/target/native/target/usr/local/lib:/workdir/hadoop-ozone/integration-test/../../hadoop-common-project/hadoop-common/target/native/target/usr/local/lib:/usr/java/packages/lib/amd64:/usr/lib64:/lib64:/lib:/usr/lib"/>
    <property name="java.vm.info" value="mixed mode"/>
    <property name="java.vendor" value="IcedTea"/>
    <property name="java.vm.version" value="25.212-b04"/>
    <property name="java.ext.dirs" value="/usr/lib/jvm/java-1.8-openjdk/jre/lib/ext:/usr/java/packages/lib/ext"/>
    <property name="sun.io.unicode.encoding" value="UnicodeLittle"/>
    <property name="java.class.version" value="52.0"/>
  </properties>
  <testcase name="testGroupMismatchExceptionHandling" classname="org.apache.hadoop.ozone.client.rpc.TestOzoneClientRetriesOnException" time="45.732"/>
  <testcase name="testMaxRetriesByOzoneClient" classname="org.apache.hadoop.ozone.client.rpc.TestOzoneClientRetriesOnException" time="124.681">
    <error message="Failed to command cmdType: CreateContainer&#10;containerID: 1&#10;datanodeUuid: &quot;afdeb2fb-212d-4377-bced-2343a81b5b39&quot;&#10;createContainer {&#10;}&#10;" type="java.io.IOException">java.io.IOException: 
Failed to command cmdType: CreateContainer
containerID: 1
datanodeUuid: "afdeb2fb-212d-4377-bced-2343a81b5b39"
createContainer {
}

	at org.apache.hadoop.hdds.scm.XceiverClientSpi.sendCommand(XceiverClientSpi.java:113)
	at org.apache.hadoop.ozone.client.rpc.TestOzoneClientRetriesOnException.testMaxRetriesByOzoneClient(TestOzoneClientRetriesOnException.java:190)
	at sun.reflect.NativeMethodAccessorImpl.invoke0(Native Method)
	at sun.reflect.NativeMethodAccessorImpl.invoke(NativeMethodAccessorImpl.java:62)
	at sun.reflect.DelegatingMethodAccessorImpl.invoke(DelegatingMethodAccessorImpl.java:43)
	at java.lang.reflect.Method.invoke(Method.java:498)
	at org.junit.runners.model.FrameworkMethod$1.runReflectiveCall(FrameworkMethod.java:47)
	at org.junit.internal.runners.model.ReflectiveCallable.run(ReflectiveCallable.java:12)
	at org.junit.runners.model.FrameworkMethod.invokeExplosively(FrameworkMethod.java:44)
	at org.junit.internal.runners.statements.InvokeMethod.evaluate(InvokeMethod.java:17)
	at org.junit.internal.runners.statements.RunBefores.evaluate(RunBefores.java:26)
	at org.junit.internal.runners.statements.RunAfters.evaluate(RunAfters.java:27)
	at org.junit.runners.ParentRunner.runLeaf(ParentRunner.java:271)
	at org.junit.runners.BlockJUnit4ClassRunner.runChild(BlockJUnit4ClassRunner.java:70)
	at org.junit.runners.BlockJUnit4ClassRunner.runChild(BlockJUnit4ClassRunner.java:50)
	at org.junit.runners.ParentRunner$3.run(ParentRunner.java:238)
	at org.junit.runners.ParentRunner$1.schedule(ParentRunner.java:63)
	at org.junit.runners.ParentRunner.runChildren(ParentRunner.java:236)
	at org.junit.runners.ParentRunner.access$000(ParentRunner.java:53)
	at org.junit.runners.ParentRunner$2.evaluate(ParentRunner.java:229)
	at org.junit.runners.ParentRunner.run(ParentRunner.java:309)
	at org.apache.maven.surefire.junit4.JUnit4Provider.execute(JUnit4Provider.java:365)
	at org.apache.maven.surefire.junit4.JUnit4Provider.executeWithRerun(JUnit4Provider.java:273)
	at org.apache.maven.surefire.junit4.JUnit4Provider.executeTestSet(JUnit4Provider.java:238)
	at org.apache.maven.surefire.junit4.JUnit4Provider.invoke(JUnit4Provider.java:159)
	at org.apache.maven.surefire.booter.ForkedBooter.invokeProviderInSameClassLoader(ForkedBooter.java:384)
	at org.apache.maven.surefire.booter.ForkedBooter.runSuitesInProcess(ForkedBooter.java:345)
	at org.apache.maven.surefire.booter.ForkedBooter.execute(ForkedBooter.java:126)
	at org.apache.maven.surefire.booter.ForkedBooter.main(ForkedBooter.java:418)
Caused by: java.util.concurrent.ExecutionException: org.apache.ratis.protocol.RaftRetryFailureException: Failed RaftClientRequest:client-2B07C6C51B07->afdeb2fb-212d-4377-bced-2343a81b5b39@group-F9806A76D640, cid=45, seq=4*, RW, org.apache.hadoop.hdds.scm.XceiverClientRatis$$Lambda$372/2093613480@7fab4c08 for 180 attempts with RetryLimited(maxAttempts=180, sleepTime=1000ms)
	at java.util.concurrent.CompletableFuture.reportGet(CompletableFuture.java:357)
	at java.util.concurrent.CompletableFuture.get(CompletableFuture.java:1895)
	at org.apache.hadoop.hdds.scm.XceiverClientSpi.sendCommand(XceiverClientSpi.java:110)
	... 28 more
Caused by: org.apache.ratis.protocol.RaftRetryFailureException: Failed RaftClientRequest:client-2B07C6C51B07->afdeb2fb-212d-4377-bced-2343a81b5b39@group-F9806A76D640, cid=45, seq=4*, RW, org.apache.hadoop.hdds.scm.XceiverClientRatis$$Lambda$372/2093613480@7fab4c08 for 180 attempts with RetryLimited(maxAttempts=180, sleepTime=1000ms)
	at org.apache.ratis.client.impl.RaftClientImpl.noMoreRetries(RaftClientImpl.java:271)
	at org.apache.ratis.client.impl.OrderedAsync.handleAsyncRetryFailure(OrderedAsync.java:138)
	at org.apache.ratis.client.impl.OrderedAsync.lambda$sendRequest$10(OrderedAsync.java:230)
	at java.util.concurrent.CompletableFuture.uniExceptionally(CompletableFuture.java:870)
	at java.util.concurrent.CompletableFuture$UniExceptionally.tryFire(CompletableFuture.java:852)
	at java.util.concurrent.CompletableFuture.postComplete(CompletableFuture.java:474)
	at java.util.concurrent.CompletableFuture.completeExceptionally(CompletableFuture.java:1977)
	at org.apache.ratis.grpc.client.GrpcClientProtocolClient$AsyncStreamObservers.completeReplyExceptionally(GrpcClientProtocolClient.java:345)
	at org.apache.ratis.grpc.client.GrpcClientProtocolClient$AsyncStreamObservers.access$000(GrpcClientProtocolClient.java:261)
	at org.apache.ratis.grpc.client.GrpcClientProtocolClient$AsyncStreamObservers$1.onNext(GrpcClientProtocolClient.java:273)
	at org.apache.ratis.grpc.client.GrpcClientProtocolClient$AsyncStreamObservers$1.onNext(GrpcClientProtocolClient.java:264)
	at org.apache.ratis.thirdparty.io.grpc.stub.ClientCalls$StreamObserverToCallListenerAdapter.onMessage(ClientCalls.java:421)
	at org.apache.ratis.thirdparty.io.grpc.ForwardingClientCallListener.onMessage(ForwardingClientCallListener.java:33)
	at org.apache.ratis.thirdparty.io.grpc.ForwardingClientCallListener.onMessage(ForwardingClientCallListener.java:33)
	at org.apache.ratis.thirdparty.io.grpc.internal.ClientCallImpl$ClientStreamListenerImpl$1MessagesAvailable.runInContext(ClientCallImpl.java:519)
	at org.apache.ratis.thirdparty.io.grpc.internal.ContextRunnable.run(ContextRunnable.java:37)
	at org.apache.ratis.thirdparty.io.grpc.internal.SerializingExecutor.run(SerializingExecutor.java:123)
	at java.util.concurrent.ThreadPoolExecutor.runWorker(ThreadPoolExecutor.java:1149)
	at java.util.concurrent.ThreadPoolExecutor$Worker.run(ThreadPoolExecutor.java:624)
	at java.lang.Thread.run(Thread.java:748)
Caused by: org.apache.ratis.protocol.NotLeaderException: Server afdeb2fb-212d-4377-bced-2343a81b5b39@group-F9806A76D640 is not the leader 0003c591-35f2-4f93-8e50-f22d26a3926e:192.168.5.142:42307
	at org.apache.ratis.client.impl.ClientProtoUtils.toRaftClientReply(ClientProtoUtils.java:243)
	at org.apache.ratis.grpc.client.GrpcClientProtocolClient$AsyncStreamObservers$1.onNext(GrpcClientProtocolClient.java:269)
	... 10 more
</error>
    <system-out><![CDATA[2019-10-04 14:10:38,233 [main] WARN  server.ServerUtils (ServerUtils.java:getScmDbDir(145)) - ozone.scm.db.dirs is not configured. We recommend adding this setting. Falling back to ozone.metadata.dirs instead.
2019-10-04 14:10:38,248 [main] WARN  server.ServerUtils (ServerUtils.java:getScmDbDir(145)) - ozone.scm.db.dirs is not configured. We recommend adding this setting. Falling back to ozone.metadata.dirs instead.
2019-10-04 14:10:38,248 [main] WARN  server.ServerUtils (ServerUtils.java:getScmDbDir(145)) - ozone.scm.db.dirs is not configured. We recommend adding this setting. Falling back to ozone.metadata.dirs instead.
2019-10-04 14:10:38,249 [main] INFO  db.DBStoreBuilder (DBStoreBuilder.java:addTable(117)) - using custom profile for table: deletedBlocks
2019-10-04 14:10:38,249 [main] INFO  db.DBStoreBuilder (DBStoreBuilder.java:processTables(168)) - Using default column profile:DBProfile.DISK for Table:deletedBlocks
2019-10-04 14:10:38,250 [main] INFO  db.DBStoreBuilder (DBStoreBuilder.java:addTable(117)) - using custom profile for table: validCerts
2019-10-04 14:10:38,250 [main] INFO  db.DBStoreBuilder (DBStoreBuilder.java:processTables(168)) - Using default column profile:DBProfile.DISK for Table:validCerts
2019-10-04 14:10:38,250 [main] INFO  db.DBStoreBuilder (DBStoreBuilder.java:addTable(117)) - using custom profile for table: revokedCerts
2019-10-04 14:10:38,250 [main] INFO  db.DBStoreBuilder (DBStoreBuilder.java:processTables(168)) - Using default column profile:DBProfile.DISK for Table:revokedCerts
2019-10-04 14:10:38,251 [main] INFO  db.DBStoreBuilder (DBStoreBuilder.java:addTable(117)) - using custom profile for table: default
2019-10-04 14:10:38,251 [main] INFO  db.DBStoreBuilder (DBStoreBuilder.java:processTables(174)) - Using default column profile:DBProfile.DISK for Table:default
2019-10-04 14:10:38,251 [main] INFO  db.DBStoreBuilder (DBStoreBuilder.java:getDbProfile(205)) - Using default options. DBProfile.DISK
2019-10-04 14:10:38,481 [main] INFO  net.NodeSchemaLoader (NodeSchemaLoader.java:loadSchemaFromFile(125)) - Loading file from sun.misc.CompoundEnumeration@43d3aba5
2019-10-04 14:10:38,481 [main] INFO  net.NodeSchemaLoader (NodeSchemaLoader.java:loadSchema(171)) - Loading network topology layer schema file
2019-10-04 14:10:38,487 [main] WARN  server.ServerUtils (ServerUtils.java:sanitizeUserArgs(70)) - ozone.scm.stale.node.interval value = 300000 is larger than max = 100000 based on the key value of ozone.scm.heartbeat.thread.interval, reset to the max value 100000.
2019-10-04 14:10:38,487 [main] WARN  server.ServerUtils (ServerUtils.java:sanitizeUserArgs(70)) - ozone.scm.stale.node.interval value = 300000 is larger than max = 100000 based on the key value of ozone.scm.heartbeat.thread.interval, reset to the max value 100000.
2019-10-04 14:10:38,488 [main] INFO  node.SCMNodeManager (SCMNodeManager.java:<init>(116)) - Entering startup safe mode.
2019-10-04 14:10:38,489 [main] INFO  algorithms.ContainerPlacementPolicyFactory (ContainerPlacementPolicyFactory.java:getPolicy(57)) - Create container placement policy of type org.apache.hadoop.hdds.scm.container.placement.algorithms.SCMContainerPlacementRandom
2019-10-04 14:10:38,489 [main] WARN  server.ServerUtils (ServerUtils.java:getScmDbDir(145)) - ozone.scm.db.dirs is not configured. We recommend adding this setting. Falling back to ozone.metadata.dirs instead.
2019-10-04 14:10:38,565 [main] INFO  pipeline.SCMPipelineManager (SCMPipelineManager.java:initializePipelineState(132)) - No pipeline exists in current db
2019-10-04 14:10:38,565 [main] WARN  server.ServerUtils (ServerUtils.java:getScmDbDir(145)) - ozone.scm.db.dirs is not configured. We recommend adding this setting. Falling back to ozone.metadata.dirs instead.
2019-10-04 14:10:38,648 [main] WARN  events.EventQueue (EventQueue.java:fireEvent(183)) - No event handler registered for event TypedEvent{payloadType=SafeModeStatus, name='SafeModeStatus'}
2019-10-04 14:10:38,649 [main] INFO  ipc.CallQueueManager (CallQueueManager.java:<init>(84)) - Using callQueue: class java.util.concurrent.LinkedBlockingQueue, queueCapacity: 2000, scheduler: class org.apache.hadoop.ipc.DefaultRpcScheduler, ipcBackoff: false.
2019-10-04 14:10:38,650 [Socket Reader #1 for port 42200] INFO  ipc.Server (Server.java:run(1074)) - Starting Socket Reader #1 for port 42200
2019-10-04 14:10:38,652 [main] INFO  ipc.CallQueueManager (CallQueueManager.java:<init>(84)) - Using callQueue: class java.util.concurrent.LinkedBlockingQueue, queueCapacity: 2000, scheduler: class org.apache.hadoop.ipc.DefaultRpcScheduler, ipcBackoff: false.
2019-10-04 14:10:38,653 [Socket Reader #1 for port 33124] INFO  ipc.Server (Server.java:run(1074)) - Starting Socket Reader #1 for port 33124
2019-10-04 14:10:38,655 [main] INFO  ipc.CallQueueManager (CallQueueManager.java:<init>(84)) - Using callQueue: class java.util.concurrent.LinkedBlockingQueue, queueCapacity: 2000, scheduler: class org.apache.hadoop.ipc.DefaultRpcScheduler, ipcBackoff: false.
2019-10-04 14:10:38,656 [Socket Reader #1 for port 43330] INFO  ipc.Server (Server.java:run(1074)) - Starting Socket Reader #1 for port 43330
2019-10-04 14:10:38,660 [main] INFO  hdfs.DFSUtil (DFSUtil.java:httpServerTemplateForNNAndJN(1641)) - Starting Web-server for scm at: http://0.0.0.0:0
2019-10-04 14:10:38,663 [main] INFO  server.AuthenticationFilter (AuthenticationFilter.java:constructSecretProvider(240)) - Unable to initialize FileSignerSecretProvider, falling back to use random secrets.
2019-10-04 14:10:38,663 [main] WARN  http.HttpRequestLog (HttpRequestLog.java:getRequestLog(97)) - Jetty request log can only be enabled using Log4j
2019-10-04 14:10:38,666 [main] INFO  http.HttpServer2 (HttpServer2.java:addGlobalFilter(975)) - Added global filter 'safety' (class=org.apache.hadoop.http.HttpServer2$QuotingInputFilter)
2019-10-04 14:10:38,667 [main] INFO  http.HttpServer2 (HttpServer2.java:addFilter(948)) - Added filter static_user_filter (class=org.apache.hadoop.http.lib.StaticUserWebFilter$StaticUserFilter) to context scm
2019-10-04 14:10:38,667 [main] INFO  http.HttpServer2 (HttpServer2.java:addFilter(958)) - Added filter static_user_filter (class=org.apache.hadoop.http.lib.StaticUserWebFilter$StaticUserFilter) to context static
2019-10-04 14:10:38,667 [main] INFO  http.HttpServer2 (HttpServer2.java:addFilter(958)) - Added filter static_user_filter (class=org.apache.hadoop.http.lib.StaticUserWebFilter$StaticUserFilter) to context logs
2019-10-04 14:10:38,671 [main] INFO  server.StorageContainerManager (StorageContainerManager.java:start(770)) - StorageContainerLocationProtocol RPC server is listening at /0.0.0.0:43330
2019-10-04 14:10:38,674 [main] WARN  impl.MetricsConfig (MetricsConfig.java:loadFirst(134)) - Cannot locate configuration: tried hadoop-metrics2-storagecontainermanager.properties,hadoop-metrics2.properties
2019-10-04 14:10:38,675 [main] INFO  impl.MetricsSystemImpl (MetricsSystemImpl.java:startTimer(374)) - Scheduled Metric snapshot period at 10 second(s).
2019-10-04 14:10:38,675 [main] INFO  impl.MetricsSystemImpl (MetricsSystemImpl.java:start(191)) - StorageContainerManager metrics system started
2019-10-04 14:10:38,728 [main] WARN  impl.MetricsSystemImpl (MetricsSystemImpl.java:register(276)) - Sink prometheus already exists!
2019-10-04 14:10:38,734 [main] INFO  server.SCMClientProtocolServer (SCMClientProtocolServer.java:start(159)) - RPC server for Client  is listening at /0.0.0.0:43330
2019-10-04 14:10:38,734 [IPC Server Responder] INFO  ipc.Server (Server.java:run(1314)) - IPC Server Responder: starting
2019-10-04 14:10:38,734 [IPC Server listener on 43330] INFO  ipc.Server (Server.java:run(1153)) - IPC Server listener on 43330: starting
2019-10-04 14:10:38,739 [main] INFO  server.StorageContainerManager (StorageContainerManager.java:start(780)) - ScmBlockLocationProtocol RPC server is listening at /0.0.0.0:33124
2019-10-04 14:10:38,740 [main] INFO  server.SCMBlockProtocolServer (SCMBlockProtocolServer.java:start(146)) - RPC server for Block Protocol is listening at /0.0.0.0:33124
2019-10-04 14:10:38,740 [IPC Server Responder] INFO  ipc.Server (Server.java:run(1314)) - IPC Server Responder: starting
2019-10-04 14:10:38,740 [IPC Server listener on 33124] INFO  ipc.Server (Server.java:run(1153)) - IPC Server listener on 33124: starting
2019-10-04 14:10:38,745 [main] INFO  server.StorageContainerManager (StorageContainerManager.java:start(784)) - ScmDatanodeProtocl RPC server is listening at /0.0.0.0:42200
2019-10-04 14:10:38,745 [main] INFO  server.SCMDatanodeProtocolServer (SCMDatanodeProtocolServer.java:start(169)) - RPC server for DataNodes is listening at /0.0.0.0:42200
2019-10-04 14:10:38,746 [IPC Server Responder] INFO  ipc.Server (Server.java:run(1314)) - IPC Server Responder: starting
2019-10-04 14:10:38,746 [IPC Server listener on 42200] INFO  ipc.Server (Server.java:run(1153)) - IPC Server listener on 42200: starting
2019-10-04 14:10:38,750 [main] INFO  http.HttpServer2 (HttpServer2.java:bindListener(1191)) - Jetty bound to port 45463
2019-10-04 14:10:38,751 [main] INFO  server.Server (Server.java:doStart(351)) - jetty-9.3.25.v20180904, build timestamp: 2018-09-04T21:11:46Z, git hash: 3ce520221d0240229c862b122d2b06c12a625732
2019-10-04 14:10:38,752 [main] INFO  handler.ContextHandler (ContextHandler.java:doStart(781)) - Started o.e.j.s.ServletContextHandler@52a33c3f{/logs,file:///workdir/hadoop-ozone/integration-test/target/log,AVAILABLE}
2019-10-04 14:10:38,753 [main] INFO  handler.ContextHandler (ContextHandler.java:doStart(781)) - Started o.e.j.s.ServletContextHandler@19a20bb2{/static,file:///workdir/hadoop-ozone/integration-test/target/test-classes/webapps/static,AVAILABLE}
2019-10-04 14:10:38,758 [main] INFO  handler.ContextHandler (ContextHandler.java:doStart(781)) - Started o.e.j.w.WebAppContext@518ddd3b{/,file:///workdir/hadoop-ozone/integration-test/target/test-classes/webapps/scm/,AVAILABLE}{/scm}
2019-10-04 14:10:38,758 [main] INFO  server.AbstractConnector (AbstractConnector.java:doStart(278)) - Started ServerConnector@939ff41{HTTP/1.1,[http/1.1]}{0.0.0.0:45463}
2019-10-04 14:10:38,759 [main] INFO  server.Server (Server.java:doStart(419)) - Started @46877ms
2019-10-04 14:10:38,759 [main] WARN  impl.MetricsSystemImpl (MetricsSystemImpl.java:register(276)) - Sink prometheus already exists!
2019-10-04 14:10:38,760 [main] INFO  server.BaseHttpServer (BaseHttpServer.java:updateConnectorAddress(215)) - HTTP server of SCM is listening at http://0.0.0.0:45463
2019-10-04 14:10:38,762 [main] WARN  server.ServerUtils (ServerUtils.java:getDBPath(222)) - ozone.om.db.dirs is not configured. We recommend adding this setting. Falling back to ozone.metadata.dirs instead.
2019-10-04 14:10:38,762 [org.apache.hadoop.util.JvmPauseMonitor$Monitor@48a663e9] INFO  util.JvmPauseMonitor (JvmPauseMonitor.java:run(188)) - Starting JVM pause monitor
2019-10-04 14:10:38,775 [main] INFO  ha.OMHANodeDetails (OMHANodeDetails.java:loadOMHAConfig(190)) - Configuration either no ozone.om.address set. Falling back to the default OM address /127.0.0.1:0
2019-10-04 14:10:38,776 [main] INFO  ha.OMHANodeDetails (OMHANodeDetails.java:getOMNodeDetails(220)) - OM Service ID is not set. Setting it to the default ID: omServiceIdDefault
2019-10-04 14:10:38,776 [main] WARN  server.ServerUtils (ServerUtils.java:getDBPath(222)) - ozone.om.db.dirs is not configured. We recommend adding this setting. Falling back to ozone.metadata.dirs instead.
2019-10-04 14:10:38,776 [main] WARN  server.ServerUtils (ServerUtils.java:getDBPath(222)) - ozone.om.db.dirs is not configured. We recommend adding this setting. Falling back to ozone.metadata.dirs instead.
2019-10-04 14:10:38,785 [main] WARN  server.ServerUtils (ServerUtils.java:getDBPath(222)) - ozone.om.db.dirs is not configured. We recommend adding this setting. Falling back to ozone.metadata.dirs instead.
2019-10-04 14:10:38,786 [main] INFO  db.DBStoreBuilder (DBStoreBuilder.java:addTable(117)) - using custom profile for table: userTable
2019-10-04 14:10:38,786 [main] INFO  db.DBStoreBuilder (DBStoreBuilder.java:processTables(168)) - Using default column profile:DBProfile.DISK for Table:userTable
2019-10-04 14:10:38,786 [main] INFO  db.DBStoreBuilder (DBStoreBuilder.java:addTable(117)) - using custom profile for table: volumeTable
2019-10-04 14:10:38,787 [main] INFO  db.DBStoreBuilder (DBStoreBuilder.java:processTables(168)) - Using default column profile:DBProfile.DISK for Table:volumeTable
2019-10-04 14:10:38,787 [main] INFO  db.DBStoreBuilder (DBStoreBuilder.java:addTable(117)) - using custom profile for table: bucketTable
2019-10-04 14:10:38,787 [main] INFO  db.DBStoreBuilder (DBStoreBuilder.java:processTables(168)) - Using default column profile:DBProfile.DISK for Table:bucketTable
2019-10-04 14:10:38,788 [main] INFO  db.DBStoreBuilder (DBStoreBuilder.java:addTable(117)) - using custom profile for table: keyTable
2019-10-04 14:10:38,788 [main] INFO  db.DBStoreBuilder (DBStoreBuilder.java:processTables(168)) - Using default column profile:DBProfile.DISK for Table:keyTable
2019-10-04 14:10:38,788 [main] INFO  db.DBStoreBuilder (DBStoreBuilder.java:addTable(117)) - using custom profile for table: deletedTable
2019-10-04 14:10:38,788 [main] INFO  db.DBStoreBuilder (DBStoreBuilder.java:processTables(168)) - Using default column profile:DBProfile.DISK for Table:deletedTable
2019-10-04 14:10:38,789 [main] INFO  db.DBStoreBuilder (DBStoreBuilder.java:addTable(117)) - using custom profile for table: openKeyTable
2019-10-04 14:10:38,789 [main] INFO  db.DBStoreBuilder (DBStoreBuilder.java:processTables(168)) - Using default column profile:DBProfile.DISK for Table:openKeyTable
2019-10-04 14:10:38,790 [main] INFO  db.DBStoreBuilder (DBStoreBuilder.java:addTable(117)) - using custom profile for table: s3Table
2019-10-04 14:10:38,790 [main] INFO  db.DBStoreBuilder (DBStoreBuilder.java:processTables(168)) - Using default column profile:DBProfile.DISK for Table:s3Table
2019-10-04 14:10:38,790 [main] INFO  db.DBStoreBuilder (DBStoreBuilder.java:addTable(117)) - using custom profile for table: multipartInfoTable
2019-10-04 14:10:38,790 [main] INFO  db.DBStoreBuilder (DBStoreBuilder.java:processTables(168)) - Using default column profile:DBProfile.DISK for Table:multipartInfoTable
2019-10-04 14:10:38,791 [main] INFO  db.DBStoreBuilder (DBStoreBuilder.java:addTable(117)) - using custom profile for table: dTokenTable
2019-10-04 14:10:38,791 [main] INFO  db.DBStoreBuilder (DBStoreBuilder.java:processTables(168)) - Using default column profile:DBProfile.DISK for Table:dTokenTable
2019-10-04 14:10:38,792 [main] INFO  db.DBStoreBuilder (DBStoreBuilder.java:addTable(117)) - using custom profile for table: s3SecretTable
2019-10-04 14:10:38,792 [main] INFO  db.DBStoreBuilder (DBStoreBuilder.java:processTables(168)) - Using default column profile:DBProfile.DISK for Table:s3SecretTable
2019-10-04 14:10:38,792 [main] INFO  db.DBStoreBuilder (DBStoreBuilder.java:addTable(117)) - using custom profile for table: prefixTable
2019-10-04 14:10:38,792 [main] INFO  db.DBStoreBuilder (DBStoreBuilder.java:processTables(168)) - Using default column profile:DBProfile.DISK for Table:prefixTable
2019-10-04 14:10:38,793 [main] INFO  db.DBStoreBuilder (DBStoreBuilder.java:addTable(117)) - using custom profile for table: default
2019-10-04 14:10:38,793 [main] INFO  db.DBStoreBuilder (DBStoreBuilder.java:processTables(174)) - Using default column profile:DBProfile.DISK for Table:default
2019-10-04 14:10:38,793 [main] INFO  db.DBStoreBuilder (DBStoreBuilder.java:getDbProfile(205)) - Using default options. DBProfile.DISK
2019-10-04 14:10:39,412 [main] INFO  ipc.CallQueueManager (CallQueueManager.java:<init>(84)) - Using callQueue: class java.util.concurrent.LinkedBlockingQueue, queueCapacity: 2000, scheduler: class org.apache.hadoop.ipc.DefaultRpcScheduler, ipcBackoff: false.
2019-10-04 14:10:39,413 [Socket Reader #1 for port 42618] INFO  ipc.Server (Server.java:run(1074)) - Starting Socket Reader #1 for port 42618
2019-10-04 14:10:39,431 [main] INFO  om.OzoneManager (OzoneManager.java:start(1069)) - OzoneManager RPC server is listening at localhost/127.0.0.1:42618
2019-10-04 14:10:39,431 [main] INFO  impl.MetricsSystemImpl (MetricsSystemImpl.java:init(158)) - OzoneManager metrics system started (again)
2019-10-04 14:10:39,432 [IPC Server Responder] INFO  ipc.Server (Server.java:run(1314)) - IPC Server Responder: starting
2019-10-04 14:10:39,432 [IPC Server listener on 42618] INFO  ipc.Server (Server.java:run(1153)) - IPC Server listener on 42618: starting
2019-10-04 14:10:39,439 [main] INFO  hdfs.DFSUtil (DFSUtil.java:httpServerTemplateForNNAndJN(1641)) - Starting Web-server for ozoneManager at: http://0.0.0.0:0
2019-10-04 14:10:39,442 [main] INFO  server.AuthenticationFilter (AuthenticationFilter.java:constructSecretProvider(240)) - Unable to initialize FileSignerSecretProvider, falling back to use random secrets.
2019-10-04 14:10:39,442 [main] WARN  http.HttpRequestLog (HttpRequestLog.java:getRequestLog(97)) - Jetty request log can only be enabled using Log4j
2019-10-04 14:10:39,446 [main] INFO  http.HttpServer2 (HttpServer2.java:addGlobalFilter(975)) - Added global filter 'safety' (class=org.apache.hadoop.http.HttpServer2$QuotingInputFilter)
2019-10-04 14:10:39,447 [main] INFO  http.HttpServer2 (HttpServer2.java:addFilter(948)) - Added filter static_user_filter (class=org.apache.hadoop.http.lib.StaticUserWebFilter$StaticUserFilter) to context ozoneManager
2019-10-04 14:10:39,447 [main] INFO  http.HttpServer2 (HttpServer2.java:addFilter(958)) - Added filter static_user_filter (class=org.apache.hadoop.http.lib.StaticUserWebFilter$StaticUserFilter) to context logs
2019-10-04 14:10:39,448 [main] INFO  http.HttpServer2 (HttpServer2.java:addFilter(958)) - Added filter static_user_filter (class=org.apache.hadoop.http.lib.StaticUserWebFilter$StaticUserFilter) to context static
2019-10-04 14:10:39,449 [main] INFO  http.HttpServer2 (HttpServer2.java:bindListener(1191)) - Jetty bound to port 43688
2019-10-04 14:10:39,449 [main] INFO  server.Server (Server.java:doStart(351)) - jetty-9.3.25.v20180904, build timestamp: 2018-09-04T21:11:46Z, git hash: 3ce520221d0240229c862b122d2b06c12a625732
2019-10-04 14:10:39,451 [main] INFO  handler.ContextHandler (ContextHandler.java:doStart(781)) - Started o.e.j.s.ServletContextHandler@2e32fc22{/logs,file:///workdir/hadoop-ozone/integration-test/target/log,AVAILABLE}
2019-10-04 14:10:39,452 [main] INFO  handler.ContextHandler (ContextHandler.java:doStart(781)) - Started o.e.j.s.ServletContextHandler@72bdd7c7{/static,file:///workdir/hadoop-ozone/integration-test/target/test-classes/webapps/static,AVAILABLE}
2019-10-04 14:10:39,460 [main] INFO  handler.ContextHandler (ContextHandler.java:doStart(781)) - Started o.e.j.w.WebAppContext@68699afc{/,file:///workdir/hadoop-ozone/integration-test/target/test-classes/webapps/ozoneManager/,AVAILABLE}{/ozoneManager}
2019-10-04 14:10:39,462 [main] INFO  server.AbstractConnector (AbstractConnector.java:doStart(278)) - Started ServerConnector@273a5a8a{HTTP/1.1,[http/1.1]}{0.0.0.0:43688}
2019-10-04 14:10:39,462 [main] INFO  server.Server (Server.java:doStart(419)) - Started @47580ms
2019-10-04 14:10:39,462 [main] WARN  impl.MetricsSystemImpl (MetricsSystemImpl.java:register(276)) - Sink prometheus already exists!
2019-10-04 14:10:39,463 [main] INFO  server.BaseHttpServer (BaseHttpServer.java:updateConnectorAddress(215)) - HTTP server of OZONEMANAGER is listening at http://0.0.0.0:43688
2019-10-04 14:10:39,486 [main] INFO  impl.MetricsSystemImpl (MetricsSystemImpl.java:init(158)) - HddsDatanode metrics system started (again)
2019-10-04 14:10:39,489 [main] INFO  ozone.HddsDatanodeService (HddsDatanodeService.java:start(184)) - HddsDatanodeService host:pr-hdds-2204-d78b8-1674338442 ip:192.168.5.142
2019-10-04 14:10:39,496 [main] INFO  volume.HddsVolume (HddsVolume.java:<init>(176)) - Creating Volume: /workdir/hadoop-ozone/integration-test/target/test-dir/MiniOzoneClusterImpl-049a3f56-5af9-4c3e-af4b-63e3eda3ba33/datanode-0/data/containers/hdds of  storage type : DISK and capacity : 1482555576320
2019-10-04 14:10:39,496 [main] INFO  volume.VolumeSet (VolumeSet.java:initializeVolumeSet(170)) - Added Volume : /workdir/hadoop-ozone/integration-test/target/test-dir/MiniOzoneClusterImpl-049a3f56-5af9-4c3e-af4b-63e3eda3ba33/datanode-0/data/containers/hdds to VolumeSet
2019-10-04 14:10:39,496 [main] INFO  volume.ThrottledAsyncChecker (ThrottledAsyncChecker.java:schedule(139)) - Scheduling a check for org.apache.hadoop.ozone.container.common.volume.HddsVolume@6a9344f5
2019-10-04 14:10:39,498 [main] INFO  volume.HddsVolumeChecker (HddsVolumeChecker.java:checkAllVolumes(202)) - Scheduled health check for volume org.apache.hadoop.ozone.container.common.volume.HddsVolume@6a9344f5
2019-10-04 14:10:39,518 [main] INFO  impl.RaftServerProxy (ConfUtils.java:logGet(43)) - raft.rpc.type = GRPC (default)
2019-10-04 14:10:39,519 [main] INFO  grpc.GrpcFactory (GrpcFactory.java:checkPooledByteBufAllocatorUseCacheForAllThreads(45)) - PERFORMANCE WARNING: useCacheForAllThreads is true that may cause Netty to create a lot garbage objects and, as a result, trigger GC.
	It is recommended to disable useCacheForAllThreads by setting -Dorg.apache.ratis.thirdparty.io.netty.allocator.useCacheForAllThreads=false in command line.
2019-10-04 14:10:39,519 [main] INFO  grpc.GrpcConfigKeys$Server (ConfUtils.java:logGet(43)) - raft.grpc.server.port = 0 (default)
2019-10-04 14:10:39,519 [main] INFO  server.GrpcService (ConfUtils.java:logGet(43)) - raft.grpc.message.size.max = 33570816 (custom)
2019-10-04 14:10:39,520 [main] INFO  server.RaftServerConfigKeys (ConfUtils.java:logGet(43)) - raft.server.log.appender.buffer.byte-limit = 33554432 (custom)
2019-10-04 14:10:39,520 [main] INFO  server.GrpcService (ConfUtils.java:logGet(43)) - raft.grpc.flow.control.window = 1MB (=1048576) (default)
2019-10-04 14:10:39,520 [main] INFO  server.RaftServerConfigKeys (ConfUtils.java:logGet(43)) - raft.server.rpc.request.timeout = 3000ms (default)
2019-10-04 14:10:39,521 [main] INFO  server.RaftServerConfigKeys (ConfUtils.java:logGet(43)) - raft.server.storage.dir = [/workdir/hadoop-ozone/integration-test/target/test-dir/MiniOzoneClusterImpl-049a3f56-5af9-4c3e-af4b-63e3eda3ba33/datanode-0/data/ratis] (custom)
2019-10-04 14:10:39,523 [main] INFO  hdfs.DFSUtil (DFSUtil.java:httpServerTemplateForNNAndJN(1641)) - Starting Web-server for hddsDatanode at: http://0.0.0.0:0
2019-10-04 14:10:39,525 [main] INFO  server.AuthenticationFilter (AuthenticationFilter.java:constructSecretProvider(240)) - Unable to initialize FileSignerSecretProvider, falling back to use random secrets.
2019-10-04 14:10:39,525 [main] WARN  http.HttpRequestLog (HttpRequestLog.java:getRequestLog(97)) - Jetty request log can only be enabled using Log4j
2019-10-04 14:10:39,527 [main] INFO  http.HttpServer2 (HttpServer2.java:addGlobalFilter(975)) - Added global filter 'safety' (class=org.apache.hadoop.http.HttpServer2$QuotingInputFilter)
2019-10-04 14:10:39,528 [main] INFO  http.HttpServer2 (HttpServer2.java:addFilter(948)) - Added filter static_user_filter (class=org.apache.hadoop.http.lib.StaticUserWebFilter$StaticUserFilter) to context hddsDatanode
2019-10-04 14:10:39,528 [main] INFO  http.HttpServer2 (HttpServer2.java:addFilter(958)) - Added filter static_user_filter (class=org.apache.hadoop.http.lib.StaticUserWebFilter$StaticUserFilter) to context logs
2019-10-04 14:10:39,528 [main] INFO  http.HttpServer2 (HttpServer2.java:addFilter(958)) - Added filter static_user_filter (class=org.apache.hadoop.http.lib.StaticUserWebFilter$StaticUserFilter) to context static
2019-10-04 14:10:39,529 [main] INFO  http.HttpServer2 (HttpServer2.java:bindListener(1191)) - Jetty bound to port 44880
2019-10-04 14:10:39,529 [main] INFO  server.Server (Server.java:doStart(351)) - jetty-9.3.25.v20180904, build timestamp: 2018-09-04T21:11:46Z, git hash: 3ce520221d0240229c862b122d2b06c12a625732
2019-10-04 14:10:39,531 [main] INFO  handler.ContextHandler (ContextHandler.java:doStart(781)) - Started o.e.j.s.ServletContextHandler@3238e2aa{/logs,file:///workdir/hadoop-ozone/integration-test/target/log,AVAILABLE}
2019-10-04 14:10:39,532 [main] INFO  handler.ContextHandler (ContextHandler.java:doStart(781)) - Started o.e.j.s.ServletContextHandler@2577a95d{/static,jar:file:/home/user/.m2/repository/org/apache/hadoop/hadoop-hdds-container-service/0.5.0-SNAPSHOT/hadoop-hdds-container-service-0.5.0-SNAPSHOT.jar!/webapps/static,AVAILABLE}
2019-10-04 14:10:39,567 [main] INFO  handler.ContextHandler (ContextHandler.java:doStart(781)) - Started o.e.j.w.WebAppContext@49469ffa{/,file:///tmp/jetty-0.0.0.0-44880-hddsDatanode-_-any-2038781634433313449.dir/webapp/,AVAILABLE}{/hddsDatanode}
2019-10-04 14:10:39,567 [main] INFO  server.AbstractConnector (AbstractConnector.java:doStart(278)) - Started ServerConnector@4d9754a8{HTTP/1.1,[http/1.1]}{0.0.0.0:44880}
2019-10-04 14:10:39,568 [main] INFO  server.Server (Server.java:doStart(419)) - Started @47686ms
2019-10-04 14:10:39,568 [main] WARN  impl.MetricsSystemImpl (MetricsSystemImpl.java:register(276)) - Sink prometheus already exists!
2019-10-04 14:10:39,569 [main] INFO  server.BaseHttpServer (BaseHttpServer.java:updateConnectorAddress(215)) - HTTP server of HDDSDATANODE is listening at http://0.0.0.0:44880
2019-10-04 14:10:39,569 [main] INFO  impl.MetricsSystemImpl (MetricsSystemImpl.java:init(158)) - HddsDatanode metrics system started (again)
2019-10-04 14:10:39,573 [org.apache.hadoop.util.JvmPauseMonitor$Monitor@431b86d2] INFO  util.JvmPauseMonitor (JvmPauseMonitor.java:run(188)) - Starting JVM pause monitor
2019-10-04 14:10:39,574 [main] INFO  ozone.HddsDatanodeService (HddsDatanodeService.java:start(184)) - HddsDatanodeService host:pr-hdds-2204-d78b8-1674338442 ip:192.168.5.142
2019-10-04 14:10:39,575 [Datanode State Machine Thread - 0] INFO  datanode.InitDatanodeState (InitDatanodeState.java:persistContainerDatanodeDetails(140)) - DatanodeDetails is persisted to /workdir/hadoop-ozone/integration-test/target/test-dir/MiniOzoneClusterImpl-049a3f56-5af9-4c3e-af4b-63e3eda3ba33/datanode-0/meta/datanode.id
2019-10-04 14:10:39,579 [main] INFO  volume.HddsVolume (HddsVolume.java:<init>(176)) - Creating Volume: /workdir/hadoop-ozone/integration-test/target/test-dir/MiniOzoneClusterImpl-049a3f56-5af9-4c3e-af4b-63e3eda3ba33/datanode-1/data/containers/hdds of  storage type : DISK and capacity : 1482555576320
2019-10-04 14:10:39,580 [main] INFO  volume.VolumeSet (VolumeSet.java:initializeVolumeSet(170)) - Added Volume : /workdir/hadoop-ozone/integration-test/target/test-dir/MiniOzoneClusterImpl-049a3f56-5af9-4c3e-af4b-63e3eda3ba33/datanode-1/data/containers/hdds to VolumeSet
2019-10-04 14:10:39,580 [main] INFO  volume.ThrottledAsyncChecker (ThrottledAsyncChecker.java:schedule(139)) - Scheduling a check for org.apache.hadoop.ozone.container.common.volume.HddsVolume@798256c5
2019-10-04 14:10:39,580 [main] INFO  volume.HddsVolumeChecker (HddsVolumeChecker.java:checkAllVolumes(202)) - Scheduled health check for volume org.apache.hadoop.ozone.container.common.volume.HddsVolume@798256c5
2019-10-04 14:10:39,597 [main] INFO  impl.RaftServerProxy (ConfUtils.java:logGet(43)) - raft.rpc.type = GRPC (default)
2019-10-04 14:10:39,597 [main] INFO  grpc.GrpcFactory (GrpcFactory.java:checkPooledByteBufAllocatorUseCacheForAllThreads(45)) - PERFORMANCE WARNING: useCacheForAllThreads is true that may cause Netty to create a lot garbage objects and, as a result, trigger GC.
	It is recommended to disable useCacheForAllThreads by setting -Dorg.apache.ratis.thirdparty.io.netty.allocator.useCacheForAllThreads=false in command line.
2019-10-04 14:10:39,597 [main] INFO  grpc.GrpcConfigKeys$Server (ConfUtils.java:logGet(43)) - raft.grpc.server.port = 0 (default)
2019-10-04 14:10:39,597 [main] INFO  server.GrpcService (ConfUtils.java:logGet(43)) - raft.grpc.message.size.max = 33570816 (custom)
2019-10-04 14:10:39,598 [main] INFO  server.RaftServerConfigKeys (ConfUtils.java:logGet(43)) - raft.server.log.appender.buffer.byte-limit = 33554432 (custom)
2019-10-04 14:10:39,598 [main] INFO  server.GrpcService (ConfUtils.java:logGet(43)) - raft.grpc.flow.control.window = 1MB (=1048576) (default)
2019-10-04 14:10:39,598 [main] INFO  server.RaftServerConfigKeys (ConfUtils.java:logGet(43)) - raft.server.rpc.request.timeout = 3000ms (default)
2019-10-04 14:10:39,599 [main] INFO  server.RaftServerConfigKeys (ConfUtils.java:logGet(43)) - raft.server.storage.dir = [/workdir/hadoop-ozone/integration-test/target/test-dir/MiniOzoneClusterImpl-049a3f56-5af9-4c3e-af4b-63e3eda3ba33/datanode-1/data/ratis] (custom)
2019-10-04 14:10:39,600 [main] INFO  hdfs.DFSUtil (DFSUtil.java:httpServerTemplateForNNAndJN(1641)) - Starting Web-server for hddsDatanode at: http://0.0.0.0:0
2019-10-04 14:10:39,601 [main] INFO  server.AuthenticationFilter (AuthenticationFilter.java:constructSecretProvider(240)) - Unable to initialize FileSignerSecretProvider, falling back to use random secrets.
2019-10-04 14:10:39,602 [main] WARN  http.HttpRequestLog (HttpRequestLog.java:getRequestLog(97)) - Jetty request log can only be enabled using Log4j
2019-10-04 14:10:39,604 [main] INFO  http.HttpServer2 (HttpServer2.java:addGlobalFilter(975)) - Added global filter 'safety' (class=org.apache.hadoop.http.HttpServer2$QuotingInputFilter)
2019-10-04 14:10:39,604 [main] INFO  http.HttpServer2 (HttpServer2.java:addFilter(948)) - Added filter static_user_filter (class=org.apache.hadoop.http.lib.StaticUserWebFilter$StaticUserFilter) to context hddsDatanode
2019-10-04 14:10:39,605 [main] INFO  http.HttpServer2 (HttpServer2.java:addFilter(958)) - Added filter static_user_filter (class=org.apache.hadoop.http.lib.StaticUserWebFilter$StaticUserFilter) to context static
2019-10-04 14:10:39,605 [main] INFO  http.HttpServer2 (HttpServer2.java:addFilter(958)) - Added filter static_user_filter (class=org.apache.hadoop.http.lib.StaticUserWebFilter$StaticUserFilter) to context logs
2019-10-04 14:10:39,605 [main] INFO  http.HttpServer2 (HttpServer2.java:bindListener(1191)) - Jetty bound to port 41236
2019-10-04 14:10:39,606 [main] INFO  server.Server (Server.java:doStart(351)) - jetty-9.3.25.v20180904, build timestamp: 2018-09-04T21:11:46Z, git hash: 3ce520221d0240229c862b122d2b06c12a625732
2019-10-04 14:10:39,607 [main] INFO  handler.ContextHandler (ContextHandler.java:doStart(781)) - Started o.e.j.s.ServletContextHandler@2db33feb{/logs,file:///workdir/hadoop-ozone/integration-test/target/log,AVAILABLE}
2019-10-04 14:10:39,608 [main] INFO  handler.ContextHandler (ContextHandler.java:doStart(781)) - Started o.e.j.s.ServletContextHandler@58658f63{/static,jar:file:/home/user/.m2/repository/org/apache/hadoop/hadoop-hdds-container-service/0.5.0-SNAPSHOT/hadoop-hdds-container-service-0.5.0-SNAPSHOT.jar!/webapps/static,AVAILABLE}
2019-10-04 14:10:39,638 [main] INFO  handler.ContextHandler (ContextHandler.java:doStart(781)) - Started o.e.j.w.WebAppContext@493da830{/,file:///tmp/jetty-0.0.0.0-41236-hddsDatanode-_-any-7819498598614154702.dir/webapp/,AVAILABLE}{/hddsDatanode}
2019-10-04 14:10:39,638 [main] INFO  server.AbstractConnector (AbstractConnector.java:doStart(278)) - Started ServerConnector@1f939a0f{HTTP/1.1,[http/1.1]}{0.0.0.0:41236}
2019-10-04 14:10:39,639 [main] INFO  server.Server (Server.java:doStart(419)) - Started @47757ms
2019-10-04 14:10:39,639 [main] WARN  impl.MetricsSystemImpl (MetricsSystemImpl.java:register(276)) - Sink prometheus already exists!
2019-10-04 14:10:39,640 [main] INFO  server.BaseHttpServer (BaseHttpServer.java:updateConnectorAddress(215)) - HTTP server of HDDSDATANODE is listening at http://0.0.0.0:41236
2019-10-04 14:10:39,640 [main] INFO  impl.MetricsSystemImpl (MetricsSystemImpl.java:init(158)) - HddsDatanode metrics system started (again)
2019-10-04 14:10:39,644 [org.apache.hadoop.util.JvmPauseMonitor$Monitor@7ba55155] INFO  util.JvmPauseMonitor (JvmPauseMonitor.java:run(188)) - Starting JVM pause monitor
2019-10-04 14:10:39,645 [main] INFO  ozone.HddsDatanodeService (HddsDatanodeService.java:start(184)) - HddsDatanodeService host:pr-hdds-2204-d78b8-1674338442 ip:192.168.5.142
2019-10-04 14:10:39,647 [Datanode State Machine Thread - 0] INFO  datanode.InitDatanodeState (InitDatanodeState.java:persistContainerDatanodeDetails(140)) - DatanodeDetails is persisted to /workdir/hadoop-ozone/integration-test/target/test-dir/MiniOzoneClusterImpl-049a3f56-5af9-4c3e-af4b-63e3eda3ba33/datanode-1/meta/datanode.id
2019-10-04 14:10:39,651 [main] INFO  volume.HddsVolume (HddsVolume.java:<init>(176)) - Creating Volume: /workdir/hadoop-ozone/integration-test/target/test-dir/MiniOzoneClusterImpl-049a3f56-5af9-4c3e-af4b-63e3eda3ba33/datanode-2/data/containers/hdds of  storage type : DISK and capacity : 1482555576320
2019-10-04 14:10:39,652 [main] INFO  volume.VolumeSet (VolumeSet.java:initializeVolumeSet(170)) - Added Volume : /workdir/hadoop-ozone/integration-test/target/test-dir/MiniOzoneClusterImpl-049a3f56-5af9-4c3e-af4b-63e3eda3ba33/datanode-2/data/containers/hdds to VolumeSet
2019-10-04 14:10:39,652 [main] INFO  volume.ThrottledAsyncChecker (ThrottledAsyncChecker.java:schedule(139)) - Scheduling a check for org.apache.hadoop.ozone.container.common.volume.HddsVolume@558b4942
2019-10-04 14:10:39,652 [main] INFO  volume.HddsVolumeChecker (HddsVolumeChecker.java:checkAllVolumes(202)) - Scheduled health check for volume org.apache.hadoop.ozone.container.common.volume.HddsVolume@558b4942
2019-10-04 14:10:39,669 [main] INFO  impl.RaftServerProxy (ConfUtils.java:logGet(43)) - raft.rpc.type = GRPC (default)
2019-10-04 14:10:39,669 [main] INFO  grpc.GrpcFactory (GrpcFactory.java:checkPooledByteBufAllocatorUseCacheForAllThreads(45)) - PERFORMANCE WARNING: useCacheForAllThreads is true that may cause Netty to create a lot garbage objects and, as a result, trigger GC.
	It is recommended to disable useCacheForAllThreads by setting -Dorg.apache.ratis.thirdparty.io.netty.allocator.useCacheForAllThreads=false in command line.
2019-10-04 14:10:39,669 [main] INFO  grpc.GrpcConfigKeys$Server (ConfUtils.java:logGet(43)) - raft.grpc.server.port = 0 (default)
2019-10-04 14:10:39,669 [main] INFO  server.GrpcService (ConfUtils.java:logGet(43)) - raft.grpc.message.size.max = 33570816 (custom)
2019-10-04 14:10:39,670 [main] INFO  server.RaftServerConfigKeys (ConfUtils.java:logGet(43)) - raft.server.log.appender.buffer.byte-limit = 33554432 (custom)
2019-10-04 14:10:39,670 [main] INFO  server.GrpcService (ConfUtils.java:logGet(43)) - raft.grpc.flow.control.window = 1MB (=1048576) (default)
2019-10-04 14:10:39,670 [main] INFO  server.RaftServerConfigKeys (ConfUtils.java:logGet(43)) - raft.server.rpc.request.timeout = 3000ms (default)
2019-10-04 14:10:39,670 [main] INFO  server.RaftServerConfigKeys (ConfUtils.java:logGet(43)) - raft.server.storage.dir = [/workdir/hadoop-ozone/integration-test/target/test-dir/MiniOzoneClusterImpl-049a3f56-5af9-4c3e-af4b-63e3eda3ba33/datanode-2/data/ratis] (custom)
2019-10-04 14:10:39,672 [main] INFO  hdfs.DFSUtil (DFSUtil.java:httpServerTemplateForNNAndJN(1641)) - Starting Web-server for hddsDatanode at: http://0.0.0.0:0
2019-10-04 14:10:39,673 [main] INFO  server.AuthenticationFilter (AuthenticationFilter.java:constructSecretProvider(240)) - Unable to initialize FileSignerSecretProvider, falling back to use random secrets.
2019-10-04 14:10:39,673 [main] WARN  http.HttpRequestLog (HttpRequestLog.java:getRequestLog(97)) - Jetty request log can only be enabled using Log4j
2019-10-04 14:10:39,675 [main] INFO  http.HttpServer2 (HttpServer2.java:addGlobalFilter(975)) - Added global filter 'safety' (class=org.apache.hadoop.http.HttpServer2$QuotingInputFilter)
2019-10-04 14:10:39,677 [main] INFO  http.HttpServer2 (HttpServer2.java:addFilter(948)) - Added filter static_user_filter (class=org.apache.hadoop.http.lib.StaticUserWebFilter$StaticUserFilter) to context hddsDatanode
2019-10-04 14:10:39,677 [main] INFO  http.HttpServer2 (HttpServer2.java:addFilter(958)) - Added filter static_user_filter (class=org.apache.hadoop.http.lib.StaticUserWebFilter$StaticUserFilter) to context logs
2019-10-04 14:10:39,677 [main] INFO  http.HttpServer2 (HttpServer2.java:addFilter(958)) - Added filter static_user_filter (class=org.apache.hadoop.http.lib.StaticUserWebFilter$StaticUserFilter) to context static
2019-10-04 14:10:39,678 [main] INFO  http.HttpServer2 (HttpServer2.java:bindListener(1191)) - Jetty bound to port 44955
2019-10-04 14:10:39,678 [main] INFO  server.Server (Server.java:doStart(351)) - jetty-9.3.25.v20180904, build timestamp: 2018-09-04T21:11:46Z, git hash: 3ce520221d0240229c862b122d2b06c12a625732
2019-10-04 14:10:39,679 [main] INFO  handler.ContextHandler (ContextHandler.java:doStart(781)) - Started o.e.j.s.ServletContextHandler@1163a27{/logs,file:///workdir/hadoop-ozone/integration-test/target/log,AVAILABLE}
2019-10-04 14:10:39,680 [main] INFO  handler.ContextHandler (ContextHandler.java:doStart(781)) - Started o.e.j.s.ServletContextHandler@502a4156{/static,jar:file:/home/user/.m2/repository/org/apache/hadoop/hadoop-hdds-container-service/0.5.0-SNAPSHOT/hadoop-hdds-container-service-0.5.0-SNAPSHOT.jar!/webapps/static,AVAILABLE}
2019-10-04 14:10:39,709 [main] INFO  handler.ContextHandler (ContextHandler.java:doStart(781)) - Started o.e.j.w.WebAppContext@5f05c8d6{/,file:///tmp/jetty-0.0.0.0-44955-hddsDatanode-_-any-2393060607403385918.dir/webapp/,AVAILABLE}{/hddsDatanode}
2019-10-04 14:10:39,710 [main] INFO  server.AbstractConnector (AbstractConnector.java:doStart(278)) - Started ServerConnector@68e02f33{HTTP/1.1,[http/1.1]}{0.0.0.0:44955}
2019-10-04 14:10:39,711 [main] INFO  server.Server (Server.java:doStart(419)) - Started @47829ms
2019-10-04 14:10:39,711 [main] WARN  impl.MetricsSystemImpl (MetricsSystemImpl.java:register(276)) - Sink prometheus already exists!
2019-10-04 14:10:39,712 [main] INFO  server.BaseHttpServer (BaseHttpServer.java:updateConnectorAddress(215)) - HTTP server of HDDSDATANODE is listening at http://0.0.0.0:44955
2019-10-04 14:10:39,712 [main] INFO  impl.MetricsSystemImpl (MetricsSystemImpl.java:init(158)) - HddsDatanode metrics system started (again)
2019-10-04 14:10:39,716 [org.apache.hadoop.util.JvmPauseMonitor$Monitor@a781e0a] INFO  util.JvmPauseMonitor (JvmPauseMonitor.java:run(188)) - Starting JVM pause monitor
2019-10-04 14:10:39,716 [main] INFO  ozone.HddsDatanodeService (HddsDatanodeService.java:start(184)) - HddsDatanodeService host:pr-hdds-2204-d78b8-1674338442 ip:192.168.5.142
2019-10-04 14:10:39,719 [Datanode State Machine Thread - 0] INFO  datanode.InitDatanodeState (InitDatanodeState.java:persistContainerDatanodeDetails(140)) - DatanodeDetails is persisted to /workdir/hadoop-ozone/integration-test/target/test-dir/MiniOzoneClusterImpl-049a3f56-5af9-4c3e-af4b-63e3eda3ba33/datanode-2/meta/datanode.id
2019-10-04 14:10:39,723 [main] INFO  volume.HddsVolume (HddsVolume.java:<init>(176)) - Creating Volume: /workdir/hadoop-ozone/integration-test/target/test-dir/MiniOzoneClusterImpl-049a3f56-5af9-4c3e-af4b-63e3eda3ba33/datanode-3/data/containers/hdds of  storage type : DISK and capacity : 1482555576320
2019-10-04 14:10:39,723 [main] INFO  volume.VolumeSet (VolumeSet.java:initializeVolumeSet(170)) - Added Volume : /workdir/hadoop-ozone/integration-test/target/test-dir/MiniOzoneClusterImpl-049a3f56-5af9-4c3e-af4b-63e3eda3ba33/datanode-3/data/containers/hdds to VolumeSet
2019-10-04 14:10:39,724 [main] INFO  volume.ThrottledAsyncChecker (ThrottledAsyncChecker.java:schedule(139)) - Scheduling a check for org.apache.hadoop.ozone.container.common.volume.HddsVolume@4eaa375c
2019-10-04 14:10:39,724 [main] INFO  volume.HddsVolumeChecker (HddsVolumeChecker.java:checkAllVolumes(202)) - Scheduled health check for volume org.apache.hadoop.ozone.container.common.volume.HddsVolume@4eaa375c
2019-10-04 14:10:39,738 [main] INFO  impl.RaftServerProxy (ConfUtils.java:logGet(43)) - raft.rpc.type = GRPC (default)
2019-10-04 14:10:39,738 [main] INFO  grpc.GrpcFactory (GrpcFactory.java:checkPooledByteBufAllocatorUseCacheForAllThreads(45)) - PERFORMANCE WARNING: useCacheForAllThreads is true that may cause Netty to create a lot garbage objects and, as a result, trigger GC.
	It is recommended to disable useCacheForAllThreads by setting -Dorg.apache.ratis.thirdparty.io.netty.allocator.useCacheForAllThreads=false in command line.
2019-10-04 14:10:39,738 [main] INFO  grpc.GrpcConfigKeys$Server (ConfUtils.java:logGet(43)) - raft.grpc.server.port = 0 (default)
2019-10-04 14:10:39,738 [main] INFO  server.GrpcService (ConfUtils.java:logGet(43)) - raft.grpc.message.size.max = 33570816 (custom)
2019-10-04 14:10:39,738 [main] INFO  server.RaftServerConfigKeys (ConfUtils.java:logGet(43)) - raft.server.log.appender.buffer.byte-limit = 33554432 (custom)
2019-10-04 14:10:39,739 [main] INFO  server.GrpcService (ConfUtils.java:logGet(43)) - raft.grpc.flow.control.window = 1MB (=1048576) (default)
2019-10-04 14:10:39,739 [main] INFO  server.RaftServerConfigKeys (ConfUtils.java:logGet(43)) - raft.server.rpc.request.timeout = 3000ms (default)
2019-10-04 14:10:39,739 [main] INFO  server.RaftServerConfigKeys (ConfUtils.java:logGet(43)) - raft.server.storage.dir = [/workdir/hadoop-ozone/integration-test/target/test-dir/MiniOzoneClusterImpl-049a3f56-5af9-4c3e-af4b-63e3eda3ba33/datanode-3/data/ratis] (custom)
2019-10-04 14:10:39,740 [main] INFO  hdfs.DFSUtil (DFSUtil.java:httpServerTemplateForNNAndJN(1641)) - Starting Web-server for hddsDatanode at: http://0.0.0.0:0
2019-10-04 14:10:39,741 [main] INFO  server.AuthenticationFilter (AuthenticationFilter.java:constructSecretProvider(240)) - Unable to initialize FileSignerSecretProvider, falling back to use random secrets.
2019-10-04 14:10:39,742 [main] WARN  http.HttpRequestLog (HttpRequestLog.java:getRequestLog(97)) - Jetty request log can only be enabled using Log4j
2019-10-04 14:10:39,743 [main] INFO  http.HttpServer2 (HttpServer2.java:addGlobalFilter(975)) - Added global filter 'safety' (class=org.apache.hadoop.http.HttpServer2$QuotingInputFilter)
2019-10-04 14:10:39,744 [main] INFO  http.HttpServer2 (HttpServer2.java:addFilter(948)) - Added filter static_user_filter (class=org.apache.hadoop.http.lib.StaticUserWebFilter$StaticUserFilter) to context hddsDatanode
2019-10-04 14:10:39,744 [main] INFO  http.HttpServer2 (HttpServer2.java:addFilter(958)) - Added filter static_user_filter (class=org.apache.hadoop.http.lib.StaticUserWebFilter$StaticUserFilter) to context logs
2019-10-04 14:10:39,744 [main] INFO  http.HttpServer2 (HttpServer2.java:addFilter(958)) - Added filter static_user_filter (class=org.apache.hadoop.http.lib.StaticUserWebFilter$StaticUserFilter) to context static
2019-10-04 14:10:39,745 [main] INFO  http.HttpServer2 (HttpServer2.java:bindListener(1191)) - Jetty bound to port 42168
2019-10-04 14:10:39,745 [main] INFO  server.Server (Server.java:doStart(351)) - jetty-9.3.25.v20180904, build timestamp: 2018-09-04T21:11:46Z, git hash: 3ce520221d0240229c862b122d2b06c12a625732
2019-10-04 14:10:39,747 [main] INFO  handler.ContextHandler (ContextHandler.java:doStart(781)) - Started o.e.j.s.ServletContextHandler@999b951{/logs,file:///workdir/hadoop-ozone/integration-test/target/log,AVAILABLE}
2019-10-04 14:10:39,747 [main] INFO  handler.ContextHandler (ContextHandler.java:doStart(781)) - Started o.e.j.s.ServletContextHandler@1b410308{/static,jar:file:/home/user/.m2/repository/org/apache/hadoop/hadoop-hdds-container-service/0.5.0-SNAPSHOT/hadoop-hdds-container-service-0.5.0-SNAPSHOT.jar!/webapps/static,AVAILABLE}
2019-10-04 14:10:39,776 [main] INFO  handler.ContextHandler (ContextHandler.java:doStart(781)) - Started o.e.j.w.WebAppContext@5d94a2dc{/,file:///tmp/jetty-0.0.0.0-42168-hddsDatanode-_-any-2938192225843712245.dir/webapp/,AVAILABLE}{/hddsDatanode}
2019-10-04 14:10:39,777 [main] INFO  server.AbstractConnector (AbstractConnector.java:doStart(278)) - Started ServerConnector@cedee22{HTTP/1.1,[http/1.1]}{0.0.0.0:42168}
2019-10-04 14:10:39,778 [main] INFO  server.Server (Server.java:doStart(419)) - Started @47896ms
2019-10-04 14:10:39,779 [main] WARN  impl.MetricsSystemImpl (MetricsSystemImpl.java:register(276)) - Sink prometheus already exists!
2019-10-04 14:10:39,779 [main] INFO  server.BaseHttpServer (BaseHttpServer.java:updateConnectorAddress(215)) - HTTP server of HDDSDATANODE is listening at http://0.0.0.0:42168
2019-10-04 14:10:39,779 [main] INFO  impl.MetricsSystemImpl (MetricsSystemImpl.java:init(158)) - HddsDatanode metrics system started (again)
2019-10-04 14:10:39,783 [org.apache.hadoop.util.JvmPauseMonitor$Monitor@5144fc71] INFO  util.JvmPauseMonitor (JvmPauseMonitor.java:run(188)) - Starting JVM pause monitor
2019-10-04 14:10:39,784 [main] INFO  ozone.HddsDatanodeService (HddsDatanodeService.java:start(184)) - HddsDatanodeService host:pr-hdds-2204-d78b8-1674338442 ip:192.168.5.142
2019-10-04 14:10:39,785 [Datanode State Machine Thread - 0] INFO  datanode.InitDatanodeState (InitDatanodeState.java:persistContainerDatanodeDetails(140)) - DatanodeDetails is persisted to /workdir/hadoop-ozone/integration-test/target/test-dir/MiniOzoneClusterImpl-049a3f56-5af9-4c3e-af4b-63e3eda3ba33/datanode-3/meta/datanode.id
2019-10-04 14:10:39,790 [main] INFO  volume.HddsVolume (HddsVolume.java:<init>(176)) - Creating Volume: /workdir/hadoop-ozone/integration-test/target/test-dir/MiniOzoneClusterImpl-049a3f56-5af9-4c3e-af4b-63e3eda3ba33/datanode-4/data/containers/hdds of  storage type : DISK and capacity : 1482555576320
2019-10-04 14:10:39,790 [main] INFO  volume.VolumeSet (VolumeSet.java:initializeVolumeSet(170)) - Added Volume : /workdir/hadoop-ozone/integration-test/target/test-dir/MiniOzoneClusterImpl-049a3f56-5af9-4c3e-af4b-63e3eda3ba33/datanode-4/data/containers/hdds to VolumeSet
2019-10-04 14:10:39,791 [main] INFO  volume.ThrottledAsyncChecker (ThrottledAsyncChecker.java:schedule(139)) - Scheduling a check for org.apache.hadoop.ozone.container.common.volume.HddsVolume@3965bdf9
2019-10-04 14:10:39,791 [main] INFO  volume.HddsVolumeChecker (HddsVolumeChecker.java:checkAllVolumes(202)) - Scheduled health check for volume org.apache.hadoop.ozone.container.common.volume.HddsVolume@3965bdf9
2019-10-04 14:10:39,813 [main] INFO  impl.RaftServerProxy (ConfUtils.java:logGet(43)) - raft.rpc.type = GRPC (default)
2019-10-04 14:10:39,813 [main] INFO  grpc.GrpcFactory (GrpcFactory.java:checkPooledByteBufAllocatorUseCacheForAllThreads(45)) - PERFORMANCE WARNING: useCacheForAllThreads is true that may cause Netty to create a lot garbage objects and, as a result, trigger GC.
	It is recommended to disable useCacheForAllThreads by setting -Dorg.apache.ratis.thirdparty.io.netty.allocator.useCacheForAllThreads=false in command line.
2019-10-04 14:10:39,813 [main] INFO  grpc.GrpcConfigKeys$Server (ConfUtils.java:logGet(43)) - raft.grpc.server.port = 0 (default)
2019-10-04 14:10:39,813 [main] INFO  server.GrpcService (ConfUtils.java:logGet(43)) - raft.grpc.message.size.max = 33570816 (custom)
2019-10-04 14:10:39,814 [main] INFO  server.RaftServerConfigKeys (ConfUtils.java:logGet(43)) - raft.server.log.appender.buffer.byte-limit = 33554432 (custom)
2019-10-04 14:10:39,814 [main] INFO  server.GrpcService (ConfUtils.java:logGet(43)) - raft.grpc.flow.control.window = 1MB (=1048576) (default)
2019-10-04 14:10:39,814 [main] INFO  server.RaftServerConfigKeys (ConfUtils.java:logGet(43)) - raft.server.rpc.request.timeout = 3000ms (default)
2019-10-04 14:10:39,815 [main] INFO  server.RaftServerConfigKeys (ConfUtils.java:logGet(43)) - raft.server.storage.dir = [/workdir/hadoop-ozone/integration-test/target/test-dir/MiniOzoneClusterImpl-049a3f56-5af9-4c3e-af4b-63e3eda3ba33/datanode-4/data/ratis] (custom)
2019-10-04 14:10:39,816 [main] INFO  hdfs.DFSUtil (DFSUtil.java:httpServerTemplateForNNAndJN(1641)) - Starting Web-server for hddsDatanode at: http://0.0.0.0:0
2019-10-04 14:10:39,819 [main] INFO  server.AuthenticationFilter (AuthenticationFilter.java:constructSecretProvider(240)) - Unable to initialize FileSignerSecretProvider, falling back to use random secrets.
2019-10-04 14:10:39,820 [main] WARN  http.HttpRequestLog (HttpRequestLog.java:getRequestLog(97)) - Jetty request log can only be enabled using Log4j
2019-10-04 14:10:39,823 [main] INFO  http.HttpServer2 (HttpServer2.java:addGlobalFilter(975)) - Added global filter 'safety' (class=org.apache.hadoop.http.HttpServer2$QuotingInputFilter)
2019-10-04 14:10:39,824 [main] INFO  http.HttpServer2 (HttpServer2.java:addFilter(948)) - Added filter static_user_filter (class=org.apache.hadoop.http.lib.StaticUserWebFilter$StaticUserFilter) to context hddsDatanode
2019-10-04 14:10:39,825 [main] INFO  http.HttpServer2 (HttpServer2.java:addFilter(958)) - Added filter static_user_filter (class=org.apache.hadoop.http.lib.StaticUserWebFilter$StaticUserFilter) to context logs
2019-10-04 14:10:39,825 [main] INFO  http.HttpServer2 (HttpServer2.java:addFilter(958)) - Added filter static_user_filter (class=org.apache.hadoop.http.lib.StaticUserWebFilter$StaticUserFilter) to context static
2019-10-04 14:10:39,826 [main] INFO  http.HttpServer2 (HttpServer2.java:bindListener(1191)) - Jetty bound to port 43416
2019-10-04 14:10:39,826 [main] INFO  server.Server (Server.java:doStart(351)) - jetty-9.3.25.v20180904, build timestamp: 2018-09-04T21:11:46Z, git hash: 3ce520221d0240229c862b122d2b06c12a625732
2019-10-04 14:10:39,830 [main] INFO  handler.ContextHandler (ContextHandler.java:doStart(781)) - Started o.e.j.s.ServletContextHandler@101ca8da{/logs,file:///workdir/hadoop-ozone/integration-test/target/log,AVAILABLE}
2019-10-04 14:10:39,830 [main] INFO  handler.ContextHandler (ContextHandler.java:doStart(781)) - Started o.e.j.s.ServletContextHandler@405b6d75{/static,jar:file:/home/user/.m2/repository/org/apache/hadoop/hadoop-hdds-container-service/0.5.0-SNAPSHOT/hadoop-hdds-container-service-0.5.0-SNAPSHOT.jar!/webapps/static,AVAILABLE}
2019-10-04 14:10:39,882 [main] INFO  handler.ContextHandler (ContextHandler.java:doStart(781)) - Started o.e.j.w.WebAppContext@af7e376{/,file:///tmp/jetty-0.0.0.0-43416-hddsDatanode-_-any-483592332416206780.dir/webapp/,AVAILABLE}{/hddsDatanode}
2019-10-04 14:10:39,882 [main] INFO  server.AbstractConnector (AbstractConnector.java:doStart(278)) - Started ServerConnector@5dcd0cdf{HTTP/1.1,[http/1.1]}{0.0.0.0:43416}
2019-10-04 14:10:39,884 [main] INFO  server.Server (Server.java:doStart(419)) - Started @48002ms
2019-10-04 14:10:39,884 [main] WARN  impl.MetricsSystemImpl (MetricsSystemImpl.java:register(276)) - Sink prometheus already exists!
2019-10-04 14:10:39,885 [main] INFO  server.BaseHttpServer (BaseHttpServer.java:updateConnectorAddress(215)) - HTTP server of HDDSDATANODE is listening at http://0.0.0.0:43416
2019-10-04 14:10:39,885 [main] INFO  impl.MetricsSystemImpl (MetricsSystemImpl.java:init(158)) - HddsDatanode metrics system started (again)
2019-10-04 14:10:39,891 [org.apache.hadoop.util.JvmPauseMonitor$Monitor@66ddd02] INFO  util.JvmPauseMonitor (JvmPauseMonitor.java:run(188)) - Starting JVM pause monitor
2019-10-04 14:10:39,893 [main] INFO  ozone.HddsDatanodeService (HddsDatanodeService.java:start(184)) - HddsDatanodeService host:pr-hdds-2204-d78b8-1674338442 ip:192.168.5.142
2019-10-04 14:10:39,893 [Datanode State Machine Thread - 0] INFO  datanode.InitDatanodeState (InitDatanodeState.java:persistContainerDatanodeDetails(140)) - DatanodeDetails is persisted to /workdir/hadoop-ozone/integration-test/target/test-dir/MiniOzoneClusterImpl-049a3f56-5af9-4c3e-af4b-63e3eda3ba33/datanode-4/meta/datanode.id
2019-10-04 14:10:39,900 [main] INFO  volume.HddsVolume (HddsVolume.java:<init>(176)) - Creating Volume: /workdir/hadoop-ozone/integration-test/target/test-dir/MiniOzoneClusterImpl-049a3f56-5af9-4c3e-af4b-63e3eda3ba33/datanode-5/data/containers/hdds of  storage type : DISK and capacity : 1482555576320
2019-10-04 14:10:39,901 [main] INFO  volume.VolumeSet (VolumeSet.java:initializeVolumeSet(170)) - Added Volume : /workdir/hadoop-ozone/integration-test/target/test-dir/MiniOzoneClusterImpl-049a3f56-5af9-4c3e-af4b-63e3eda3ba33/datanode-5/data/containers/hdds to VolumeSet
2019-10-04 14:10:39,901 [main] INFO  volume.ThrottledAsyncChecker (ThrottledAsyncChecker.java:schedule(139)) - Scheduling a check for org.apache.hadoop.ozone.container.common.volume.HddsVolume@d919544
2019-10-04 14:10:39,902 [main] INFO  volume.HddsVolumeChecker (HddsVolumeChecker.java:checkAllVolumes(202)) - Scheduled health check for volume org.apache.hadoop.ozone.container.common.volume.HddsVolume@d919544
2019-10-04 14:10:39,930 [main] INFO  impl.RaftServerProxy (ConfUtils.java:logGet(43)) - raft.rpc.type = GRPC (default)
2019-10-04 14:10:39,930 [main] INFO  grpc.GrpcFactory (GrpcFactory.java:checkPooledByteBufAllocatorUseCacheForAllThreads(45)) - PERFORMANCE WARNING: useCacheForAllThreads is true that may cause Netty to create a lot garbage objects and, as a result, trigger GC.
	It is recommended to disable useCacheForAllThreads by setting -Dorg.apache.ratis.thirdparty.io.netty.allocator.useCacheForAllThreads=false in command line.
2019-10-04 14:10:39,931 [main] INFO  grpc.GrpcConfigKeys$Server (ConfUtils.java:logGet(43)) - raft.grpc.server.port = 0 (default)
2019-10-04 14:10:39,931 [main] INFO  server.GrpcService (ConfUtils.java:logGet(43)) - raft.grpc.message.size.max = 33570816 (custom)
2019-10-04 14:10:39,931 [main] INFO  server.RaftServerConfigKeys (ConfUtils.java:logGet(43)) - raft.server.log.appender.buffer.byte-limit = 33554432 (custom)
2019-10-04 14:10:39,931 [main] INFO  server.GrpcService (ConfUtils.java:logGet(43)) - raft.grpc.flow.control.window = 1MB (=1048576) (default)
2019-10-04 14:10:39,932 [main] INFO  server.RaftServerConfigKeys (ConfUtils.java:logGet(43)) - raft.server.rpc.request.timeout = 3000ms (default)
2019-10-04 14:10:39,932 [main] INFO  server.RaftServerConfigKeys (ConfUtils.java:logGet(43)) - raft.server.storage.dir = [/workdir/hadoop-ozone/integration-test/target/test-dir/MiniOzoneClusterImpl-049a3f56-5af9-4c3e-af4b-63e3eda3ba33/datanode-5/data/ratis] (custom)
2019-10-04 14:10:39,934 [main] INFO  hdfs.DFSUtil (DFSUtil.java:httpServerTemplateForNNAndJN(1641)) - Starting Web-server for hddsDatanode at: http://0.0.0.0:0
2019-10-04 14:10:39,936 [main] INFO  server.AuthenticationFilter (AuthenticationFilter.java:constructSecretProvider(240)) - Unable to initialize FileSignerSecretProvider, falling back to use random secrets.
2019-10-04 14:10:39,936 [main] WARN  http.HttpRequestLog (HttpRequestLog.java:getRequestLog(97)) - Jetty request log can only be enabled using Log4j
2019-10-04 14:10:39,938 [main] INFO  http.HttpServer2 (HttpServer2.java:addGlobalFilter(975)) - Added global filter 'safety' (class=org.apache.hadoop.http.HttpServer2$QuotingInputFilter)
2019-10-04 14:10:39,939 [main] INFO  http.HttpServer2 (HttpServer2.java:addFilter(948)) - Added filter static_user_filter (class=org.apache.hadoop.http.lib.StaticUserWebFilter$StaticUserFilter) to context hddsDatanode
2019-10-04 14:10:39,939 [main] INFO  http.HttpServer2 (HttpServer2.java:addFilter(958)) - Added filter static_user_filter (class=org.apache.hadoop.http.lib.StaticUserWebFilter$StaticUserFilter) to context static
2019-10-04 14:10:39,939 [main] INFO  http.HttpServer2 (HttpServer2.java:addFilter(958)) - Added filter static_user_filter (class=org.apache.hadoop.http.lib.StaticUserWebFilter$StaticUserFilter) to context logs
2019-10-04 14:10:39,940 [main] INFO  http.HttpServer2 (HttpServer2.java:bindListener(1191)) - Jetty bound to port 39456
2019-10-04 14:10:39,941 [main] INFO  server.Server (Server.java:doStart(351)) - jetty-9.3.25.v20180904, build timestamp: 2018-09-04T21:11:46Z, git hash: 3ce520221d0240229c862b122d2b06c12a625732
2019-10-04 14:10:39,943 [main] INFO  handler.ContextHandler (ContextHandler.java:doStart(781)) - Started o.e.j.s.ServletContextHandler@1da4b3f9{/logs,file:///workdir/hadoop-ozone/integration-test/target/log,AVAILABLE}
2019-10-04 14:10:39,944 [main] INFO  handler.ContextHandler (ContextHandler.java:doStart(781)) - Started o.e.j.s.ServletContextHandler@448b808a{/static,jar:file:/home/user/.m2/repository/org/apache/hadoop/hadoop-hdds-container-service/0.5.0-SNAPSHOT/hadoop-hdds-container-service-0.5.0-SNAPSHOT.jar!/webapps/static,AVAILABLE}
2019-10-04 14:10:39,986 [main] INFO  handler.ContextHandler (ContextHandler.java:doStart(781)) - Started o.e.j.w.WebAppContext@7ab1127c{/,file:///tmp/jetty-0.0.0.0-39456-hddsDatanode-_-any-6659360067697076468.dir/webapp/,AVAILABLE}{/hddsDatanode}
2019-10-04 14:10:39,987 [main] INFO  server.AbstractConnector (AbstractConnector.java:doStart(278)) - Started ServerConnector@6e60f18{HTTP/1.1,[http/1.1]}{0.0.0.0:39456}
2019-10-04 14:10:39,988 [main] INFO  server.Server (Server.java:doStart(419)) - Started @48106ms
2019-10-04 14:10:39,988 [main] WARN  impl.MetricsSystemImpl (MetricsSystemImpl.java:register(276)) - Sink prometheus already exists!
2019-10-04 14:10:39,989 [main] INFO  server.BaseHttpServer (BaseHttpServer.java:updateConnectorAddress(215)) - HTTP server of HDDSDATANODE is listening at http://0.0.0.0:39456
2019-10-04 14:10:39,989 [main] INFO  impl.MetricsSystemImpl (MetricsSystemImpl.java:init(158)) - HddsDatanode metrics system started (again)
2019-10-04 14:10:39,994 [org.apache.hadoop.util.JvmPauseMonitor$Monitor@5a6b24e] INFO  util.JvmPauseMonitor (JvmPauseMonitor.java:run(188)) - Starting JVM pause monitor
2019-10-04 14:10:39,995 [main] INFO  ozone.HddsDatanodeService (HddsDatanodeService.java:start(184)) - HddsDatanodeService host:pr-hdds-2204-d78b8-1674338442 ip:192.168.5.142
2019-10-04 14:10:39,996 [Datanode State Machine Thread - 0] INFO  datanode.InitDatanodeState (InitDatanodeState.java:persistContainerDatanodeDetails(140)) - DatanodeDetails is persisted to /workdir/hadoop-ozone/integration-test/target/test-dir/MiniOzoneClusterImpl-049a3f56-5af9-4c3e-af4b-63e3eda3ba33/datanode-5/meta/datanode.id
2019-10-04 14:10:40,001 [main] INFO  volume.HddsVolume (HddsVolume.java:<init>(176)) - Creating Volume: /workdir/hadoop-ozone/integration-test/target/test-dir/MiniOzoneClusterImpl-049a3f56-5af9-4c3e-af4b-63e3eda3ba33/datanode-6/data/containers/hdds of  storage type : DISK and capacity : 1482555576320
2019-10-04 14:10:40,001 [main] INFO  volume.VolumeSet (VolumeSet.java:initializeVolumeSet(170)) - Added Volume : /workdir/hadoop-ozone/integration-test/target/test-dir/MiniOzoneClusterImpl-049a3f56-5af9-4c3e-af4b-63e3eda3ba33/datanode-6/data/containers/hdds to VolumeSet
2019-10-04 14:10:40,002 [main] INFO  volume.ThrottledAsyncChecker (ThrottledAsyncChecker.java:schedule(139)) - Scheduling a check for org.apache.hadoop.ozone.container.common.volume.HddsVolume@a9c5b75
2019-10-04 14:10:40,002 [main] INFO  volume.HddsVolumeChecker (HddsVolumeChecker.java:checkAllVolumes(202)) - Scheduled health check for volume org.apache.hadoop.ozone.container.common.volume.HddsVolume@a9c5b75
2019-10-04 14:10:40,019 [main] INFO  impl.RaftServerProxy (ConfUtils.java:logGet(43)) - raft.rpc.type = GRPC (default)
2019-10-04 14:10:40,019 [main] INFO  grpc.GrpcFactory (GrpcFactory.java:checkPooledByteBufAllocatorUseCacheForAllThreads(45)) - PERFORMANCE WARNING: useCacheForAllThreads is true that may cause Netty to create a lot garbage objects and, as a result, trigger GC.
	It is recommended to disable useCacheForAllThreads by setting -Dorg.apache.ratis.thirdparty.io.netty.allocator.useCacheForAllThreads=false in command line.
2019-10-04 14:10:40,019 [main] INFO  grpc.GrpcConfigKeys$Server (ConfUtils.java:logGet(43)) - raft.grpc.server.port = 0 (default)
2019-10-04 14:10:40,019 [main] INFO  server.GrpcService (ConfUtils.java:logGet(43)) - raft.grpc.message.size.max = 33570816 (custom)
2019-10-04 14:10:40,020 [main] INFO  server.RaftServerConfigKeys (ConfUtils.java:logGet(43)) - raft.server.log.appender.buffer.byte-limit = 33554432 (custom)
2019-10-04 14:10:40,020 [main] INFO  server.GrpcService (ConfUtils.java:logGet(43)) - raft.grpc.flow.control.window = 1MB (=1048576) (default)
2019-10-04 14:10:40,020 [main] INFO  server.RaftServerConfigKeys (ConfUtils.java:logGet(43)) - raft.server.rpc.request.timeout = 3000ms (default)
2019-10-04 14:10:40,021 [main] INFO  server.RaftServerConfigKeys (ConfUtils.java:logGet(43)) - raft.server.storage.dir = [/workdir/hadoop-ozone/integration-test/target/test-dir/MiniOzoneClusterImpl-049a3f56-5af9-4c3e-af4b-63e3eda3ba33/datanode-6/data/ratis] (custom)
2019-10-04 14:10:40,022 [main] INFO  hdfs.DFSUtil (DFSUtil.java:httpServerTemplateForNNAndJN(1641)) - Starting Web-server for hddsDatanode at: http://0.0.0.0:0
2019-10-04 14:10:40,023 [main] INFO  server.AuthenticationFilter (AuthenticationFilter.java:constructSecretProvider(240)) - Unable to initialize FileSignerSecretProvider, falling back to use random secrets.
2019-10-04 14:10:40,024 [main] WARN  http.HttpRequestLog (HttpRequestLog.java:getRequestLog(97)) - Jetty request log can only be enabled using Log4j
2019-10-04 14:10:40,025 [main] INFO  http.HttpServer2 (HttpServer2.java:addGlobalFilter(975)) - Added global filter 'safety' (class=org.apache.hadoop.http.HttpServer2$QuotingInputFilter)
2019-10-04 14:10:40,026 [main] INFO  http.HttpServer2 (HttpServer2.java:addFilter(948)) - Added filter static_user_filter (class=org.apache.hadoop.http.lib.StaticUserWebFilter$StaticUserFilter) to context hddsDatanode
2019-10-04 14:10:40,026 [main] INFO  http.HttpServer2 (HttpServer2.java:addFilter(958)) - Added filter static_user_filter (class=org.apache.hadoop.http.lib.StaticUserWebFilter$StaticUserFilter) to context logs
2019-10-04 14:10:40,026 [main] INFO  http.HttpServer2 (HttpServer2.java:addFilter(958)) - Added filter static_user_filter (class=org.apache.hadoop.http.lib.StaticUserWebFilter$StaticUserFilter) to context static
2019-10-04 14:10:40,027 [main] INFO  http.HttpServer2 (HttpServer2.java:bindListener(1191)) - Jetty bound to port 35413
2019-10-04 14:10:40,027 [main] INFO  server.Server (Server.java:doStart(351)) - jetty-9.3.25.v20180904, build timestamp: 2018-09-04T21:11:46Z, git hash: 3ce520221d0240229c862b122d2b06c12a625732
2019-10-04 14:10:40,029 [main] INFO  handler.ContextHandler (ContextHandler.java:doStart(781)) - Started o.e.j.s.ServletContextHandler@69909c14{/logs,file:///workdir/hadoop-ozone/integration-test/target/log,AVAILABLE}
2019-10-04 14:10:40,029 [main] INFO  handler.ContextHandler (ContextHandler.java:doStart(781)) - Started o.e.j.s.ServletContextHandler@4e224df5{/static,jar:file:/home/user/.m2/repository/org/apache/hadoop/hadoop-hdds-container-service/0.5.0-SNAPSHOT/hadoop-hdds-container-service-0.5.0-SNAPSHOT.jar!/webapps/static,AVAILABLE}
2019-10-04 14:10:40,061 [main] INFO  handler.ContextHandler (ContextHandler.java:doStart(781)) - Started o.e.j.w.WebAppContext@3cd26422{/,file:///tmp/jetty-0.0.0.0-35413-hddsDatanode-_-any-7630058954648113316.dir/webapp/,AVAILABLE}{/hddsDatanode}
2019-10-04 14:10:40,062 [main] INFO  server.AbstractConnector (AbstractConnector.java:doStart(278)) - Started ServerConnector@2eda072{HTTP/1.1,[http/1.1]}{0.0.0.0:35413}
2019-10-04 14:10:40,063 [main] INFO  server.Server (Server.java:doStart(419)) - Started @48181ms
2019-10-04 14:10:40,063 [main] WARN  impl.MetricsSystemImpl (MetricsSystemImpl.java:register(276)) - Sink prometheus already exists!
2019-10-04 14:10:40,063 [main] INFO  server.BaseHttpServer (BaseHttpServer.java:updateConnectorAddress(215)) - HTTP server of HDDSDATANODE is listening at http://0.0.0.0:35413
2019-10-04 14:10:40,064 [main] INFO  ozone.MiniOzoneClusterImpl (MiniOzoneClusterImpl.java:lambda$waitForClusterToBeReady$0(147)) - Waiting for cluster to be ready. Got 0 of 7 DN Heartbeats.
2019-10-04 14:10:40,066 [org.apache.hadoop.util.JvmPauseMonitor$Monitor@54443b23] INFO  util.JvmPauseMonitor (JvmPauseMonitor.java:run(188)) - Starting JVM pause monitor
2019-10-04 14:10:40,067 [Datanode State Machine Thread - 0] INFO  datanode.InitDatanodeState (InitDatanodeState.java:persistContainerDatanodeDetails(140)) - DatanodeDetails is persisted to /workdir/hadoop-ozone/integration-test/target/test-dir/MiniOzoneClusterImpl-049a3f56-5af9-4c3e-af4b-63e3eda3ba33/datanode-6/meta/datanode.id
2019-10-04 14:10:41,065 [main] INFO  ozone.MiniOzoneClusterImpl (MiniOzoneClusterImpl.java:lambda$waitForClusterToBeReady$0(147)) - Waiting for cluster to be ready. Got 0 of 7 DN Heartbeats.
2019-10-04 14:10:41,600 [Datanode State Machine Thread - 0] INFO  ozoneimpl.OzoneContainer (OzoneContainer.java:start(217)) - Attempting to start container services.
2019-10-04 14:10:41,604 [Datanode State Machine Thread - 0] INFO  ozoneimpl.OzoneContainer (OzoneContainer.java:startContainerScrub(179)) - Background container scanner has been disabled.
2019-10-04 14:10:41,604 [Datanode State Machine Thread - 0] INFO  ratis.XceiverServerRatis (XceiverServerRatis.java:start(417)) - Starting XceiverServerRatis afdeb2fb-212d-4377-bced-2343a81b5b39 at port 0
2019-10-04 14:10:41,613 [Datanode State Machine Thread - 0] INFO  impl.RaftServerProxy (RaftServerProxy.java:lambda$start$3(299)) - afdeb2fb-212d-4377-bced-2343a81b5b39: start RPC server
2019-10-04 14:10:41,615 [Datanode State Machine Thread - 0] INFO  server.GrpcService (GrpcService.java:startImpl(158)) - afdeb2fb-212d-4377-bced-2343a81b5b39: GrpcService started, listening on 0.0.0.0/0.0.0.0:37288
2019-10-04 14:10:41,615 [Datanode State Machine Thread - 0] INFO  ratis.XceiverServerRatis (XceiverServerRatis.java:start(427)) - XceiverServerRatis afdeb2fb-212d-4377-bced-2343a81b5b39 is started using port 37288
2019-10-04 14:10:41,616 [Datanode State Machine Thread - 0] INFO  server.XceiverServerGrpc (XceiverServerGrpc.java:start(149)) - XceiverServerGrpc afdeb2fb-212d-4377-bced-2343a81b5b39 is started using port 34753
2019-10-04 14:10:41,660 [Datanode State Machine Thread - 0] INFO  ozoneimpl.OzoneContainer (OzoneContainer.java:start(217)) - Attempting to start container services.
2019-10-04 14:10:41,664 [Datanode State Machine Thread - 0] INFO  ozoneimpl.OzoneContainer (OzoneContainer.java:startContainerScrub(179)) - Background container scanner has been disabled.
2019-10-04 14:10:41,664 [Datanode State Machine Thread - 0] INFO  ratis.XceiverServerRatis (XceiverServerRatis.java:start(417)) - Starting XceiverServerRatis 4e5dbce8-c406-4dc6-923f-e4f7868c83aa at port 0
2019-10-04 14:10:41,672 [Datanode State Machine Thread - 0] INFO  impl.RaftServerProxy (RaftServerProxy.java:lambda$start$3(299)) - 4e5dbce8-c406-4dc6-923f-e4f7868c83aa: start RPC server
2019-10-04 14:10:41,673 [Datanode State Machine Thread - 0] INFO  server.GrpcService (GrpcService.java:startImpl(158)) - 4e5dbce8-c406-4dc6-923f-e4f7868c83aa: GrpcService started, listening on 0.0.0.0/0.0.0.0:45350
2019-10-04 14:10:41,674 [Datanode State Machine Thread - 0] INFO  ratis.XceiverServerRatis (XceiverServerRatis.java:start(427)) - XceiverServerRatis 4e5dbce8-c406-4dc6-923f-e4f7868c83aa is started using port 45350
2019-10-04 14:10:41,685 [Datanode State Machine Thread - 0] INFO  server.XceiverServerGrpc (XceiverServerGrpc.java:start(149)) - XceiverServerGrpc 4e5dbce8-c406-4dc6-923f-e4f7868c83aa is started using port 41778
2019-10-04 14:10:41,729 [Datanode State Machine Thread - 0] INFO  ozoneimpl.OzoneContainer (OzoneContainer.java:start(217)) - Attempting to start container services.
2019-10-04 14:10:41,735 [Datanode State Machine Thread - 0] INFO  ozoneimpl.OzoneContainer (OzoneContainer.java:startContainerScrub(179)) - Background container scanner has been disabled.
2019-10-04 14:10:41,735 [Datanode State Machine Thread - 0] INFO  ratis.XceiverServerRatis (XceiverServerRatis.java:start(417)) - Starting XceiverServerRatis 0003c591-35f2-4f93-8e50-f22d26a3926e at port 0
2019-10-04 14:10:41,743 [Datanode State Machine Thread - 0] INFO  impl.RaftServerProxy (RaftServerProxy.java:lambda$start$3(299)) - 0003c591-35f2-4f93-8e50-f22d26a3926e: start RPC server
2019-10-04 14:10:41,744 [Datanode State Machine Thread - 0] INFO  server.GrpcService (GrpcService.java:startImpl(158)) - 0003c591-35f2-4f93-8e50-f22d26a3926e: GrpcService started, listening on 0.0.0.0/0.0.0.0:42307
2019-10-04 14:10:41,744 [Datanode State Machine Thread - 0] INFO  ratis.XceiverServerRatis (XceiverServerRatis.java:start(427)) - XceiverServerRatis 0003c591-35f2-4f93-8e50-f22d26a3926e is started using port 42307
2019-10-04 14:10:41,754 [Datanode State Machine Thread - 0] INFO  server.XceiverServerGrpc (XceiverServerGrpc.java:start(149)) - XceiverServerGrpc 0003c591-35f2-4f93-8e50-f22d26a3926e is started using port 36861
2019-10-04 14:10:41,798 [Datanode State Machine Thread - 0] INFO  ozoneimpl.OzoneContainer (OzoneContainer.java:start(217)) - Attempting to start container services.
2019-10-04 14:10:41,799 [Datanode State Machine Thread - 0] INFO  ozoneimpl.OzoneContainer (OzoneContainer.java:startContainerScrub(179)) - Background container scanner has been disabled.
2019-10-04 14:10:41,799 [Datanode State Machine Thread - 0] INFO  ratis.XceiverServerRatis (XceiverServerRatis.java:start(417)) - Starting XceiverServerRatis c086fae5-c746-4c62-b030-dc5300e1b6cb at port 0
2019-10-04 14:10:41,807 [Datanode State Machine Thread - 0] INFO  impl.RaftServerProxy (RaftServerProxy.java:lambda$start$3(299)) - c086fae5-c746-4c62-b030-dc5300e1b6cb: start RPC server
2019-10-04 14:10:41,809 [Datanode State Machine Thread - 0] INFO  server.GrpcService (GrpcService.java:startImpl(158)) - c086fae5-c746-4c62-b030-dc5300e1b6cb: GrpcService started, listening on 0.0.0.0/0.0.0.0:40015
2019-10-04 14:10:41,809 [Datanode State Machine Thread - 0] INFO  ratis.XceiverServerRatis (XceiverServerRatis.java:start(427)) - XceiverServerRatis c086fae5-c746-4c62-b030-dc5300e1b6cb is started using port 40015
2019-10-04 14:10:41,809 [Datanode State Machine Thread - 0] INFO  server.XceiverServerGrpc (XceiverServerGrpc.java:start(149)) - XceiverServerGrpc c086fae5-c746-4c62-b030-dc5300e1b6cb is started using port 44920
2019-10-04 14:10:41,914 [Datanode State Machine Thread - 0] INFO  ozoneimpl.OzoneContainer (OzoneContainer.java:start(217)) - Attempting to start container services.
2019-10-04 14:10:41,914 [Datanode State Machine Thread - 0] INFO  ozoneimpl.OzoneContainer (OzoneContainer.java:startContainerScrub(179)) - Background container scanner has been disabled.
2019-10-04 14:10:41,914 [Datanode State Machine Thread - 0] INFO  ratis.XceiverServerRatis (XceiverServerRatis.java:start(417)) - Starting XceiverServerRatis 1008e79f-508c-492d-9d04-12ff6e91b544 at port 0
2019-10-04 14:10:41,923 [Datanode State Machine Thread - 0] INFO  impl.RaftServerProxy (RaftServerProxy.java:lambda$start$3(299)) - 1008e79f-508c-492d-9d04-12ff6e91b544: start RPC server
2019-10-04 14:10:41,924 [Datanode State Machine Thread - 0] INFO  server.GrpcService (GrpcService.java:startImpl(158)) - 1008e79f-508c-492d-9d04-12ff6e91b544: GrpcService started, listening on 0.0.0.0/0.0.0.0:35459
2019-10-04 14:10:41,924 [Datanode State Machine Thread - 0] INFO  ratis.XceiverServerRatis (XceiverServerRatis.java:start(427)) - XceiverServerRatis 1008e79f-508c-492d-9d04-12ff6e91b544 is started using port 35459
2019-10-04 14:10:41,925 [Datanode State Machine Thread - 0] INFO  server.XceiverServerGrpc (XceiverServerGrpc.java:start(149)) - XceiverServerGrpc 1008e79f-508c-492d-9d04-12ff6e91b544 is started using port 35635
2019-10-04 14:10:42,008 [Datanode State Machine Thread - 0] INFO  ozoneimpl.OzoneContainer (OzoneContainer.java:start(217)) - Attempting to start container services.
2019-10-04 14:10:42,009 [Datanode State Machine Thread - 0] INFO  ozoneimpl.OzoneContainer (OzoneContainer.java:startContainerScrub(179)) - Background container scanner has been disabled.
2019-10-04 14:10:42,009 [Datanode State Machine Thread - 0] INFO  ratis.XceiverServerRatis (XceiverServerRatis.java:start(417)) - Starting XceiverServerRatis c4ce4f89-6a2e-4714-b6f6-5862b6e58892 at port 0
2019-10-04 14:10:42,016 [Datanode State Machine Thread - 0] INFO  impl.RaftServerProxy (RaftServerProxy.java:lambda$start$3(299)) - c4ce4f89-6a2e-4714-b6f6-5862b6e58892: start RPC server
2019-10-04 14:10:42,017 [Datanode State Machine Thread - 0] INFO  server.GrpcService (GrpcService.java:startImpl(158)) - c4ce4f89-6a2e-4714-b6f6-5862b6e58892: GrpcService started, listening on 0.0.0.0/0.0.0.0:35265
2019-10-04 14:10:42,017 [Datanode State Machine Thread - 0] INFO  ratis.XceiverServerRatis (XceiverServerRatis.java:start(427)) - XceiverServerRatis c4ce4f89-6a2e-4714-b6f6-5862b6e58892 is started using port 35265
2019-10-04 14:10:42,017 [Datanode State Machine Thread - 0] INFO  server.XceiverServerGrpc (XceiverServerGrpc.java:start(149)) - XceiverServerGrpc c4ce4f89-6a2e-4714-b6f6-5862b6e58892 is started using port 34226
2019-10-04 14:10:42,066 [main] INFO  ozone.MiniOzoneClusterImpl (MiniOzoneClusterImpl.java:lambda$waitForClusterToBeReady$0(147)) - Waiting for cluster to be ready. Got 0 of 7 DN Heartbeats.
2019-10-04 14:10:42,081 [Datanode State Machine Thread - 0] INFO  ozoneimpl.OzoneContainer (OzoneContainer.java:start(217)) - Attempting to start container services.
2019-10-04 14:10:42,081 [Datanode State Machine Thread - 0] INFO  ozoneimpl.OzoneContainer (OzoneContainer.java:startContainerScrub(179)) - Background container scanner has been disabled.
2019-10-04 14:10:42,081 [Datanode State Machine Thread - 0] INFO  ratis.XceiverServerRatis (XceiverServerRatis.java:start(417)) - Starting XceiverServerRatis 73904e97-0e50-4891-911f-6658a7908ac5 at port 0
2019-10-04 14:10:42,088 [Datanode State Machine Thread - 0] INFO  impl.RaftServerProxy (RaftServerProxy.java:lambda$start$3(299)) - 73904e97-0e50-4891-911f-6658a7908ac5: start RPC server
2019-10-04 14:10:42,088 [Datanode State Machine Thread - 0] INFO  server.GrpcService (GrpcService.java:startImpl(158)) - 73904e97-0e50-4891-911f-6658a7908ac5: GrpcService started, listening on 0.0.0.0/0.0.0.0:39528
2019-10-04 14:10:42,088 [Datanode State Machine Thread - 0] INFO  ratis.XceiverServerRatis (XceiverServerRatis.java:start(427)) - XceiverServerRatis 73904e97-0e50-4891-911f-6658a7908ac5 is started using port 39528
2019-10-04 14:10:42,089 [Datanode State Machine Thread - 0] INFO  server.XceiverServerGrpc (XceiverServerGrpc.java:start(149)) - XceiverServerGrpc 73904e97-0e50-4891-911f-6658a7908ac5 is started using port 46498
2019-10-04 14:10:43,068 [main] INFO  ozone.MiniOzoneClusterImpl (MiniOzoneClusterImpl.java:lambda$waitForClusterToBeReady$0(147)) - Waiting for cluster to be ready. Got 0 of 7 DN Heartbeats.
2019-10-04 14:10:43,582 [IPC Server handler 9 on 42200] INFO  net.NetworkTopology (NetworkTopologyImpl.java:add(111)) - Added a new node: /default-rack/afdeb2fb-212d-4377-bced-2343a81b5b39
2019-10-04 14:10:43,584 [IPC Server handler 9 on 42200] INFO  node.SCMNodeManager (SCMNodeManager.java:register(268)) - Registered Data node : afdeb2fb-212d-4377-bced-2343a81b5b39{ip: 192.168.5.142, host: pr-hdds-2204-d78b8-1674338442, networkLocation: /default-rack, certSerialId: null}
2019-10-04 14:10:43,586 [EventQueue-NodeRegistrationContainerReportForDataNodeSafeModeRule] INFO  safemode.SCMSafeModeManager (DataNodeSafeModeRule.java:process(71)) - SCM in safe mode. 1 DataNodes registered, 1 required.
2019-10-04 14:10:43,588 [EventQueue-NodeRegistrationContainerReportForDataNodeSafeModeRule] INFO  safemode.SCMSafeModeManager (SCMSafeModeManager.java:validateSafeModeExitRules(177)) - ScmSafeModeManager, all rules are successfully validated
2019-10-04 14:10:43,588 [EventQueue-NodeRegistrationContainerReportForDataNodeSafeModeRule] INFO  safemode.SCMSafeModeManager (SCMSafeModeManager.java:exitSafeMode(193)) - SCM exiting safe mode.
2019-10-04 14:10:43,609 [grpc-default-executor-2] INFO  impl.RaftServerProxy (RaftServerProxy.java:addNew(89)) - afdeb2fb-212d-4377-bced-2343a81b5b39: addNew group-67854829B401:[afdeb2fb-212d-4377-bced-2343a81b5b39:192.168.5.142:37288] returns group-67854829B401:java.util.concurrent.CompletableFuture@8a40313[Not completed]
2019-10-04 14:10:43,614 [pool-119-thread-1] INFO  impl.RaftServerImpl (RaftServerImpl.java:<init>(95)) - afdeb2fb-212d-4377-bced-2343a81b5b39: new RaftServerImpl for group-67854829B401:[afdeb2fb-212d-4377-bced-2343a81b5b39:192.168.5.142:37288] with ContainerStateMachine:uninitialized
2019-10-04 14:10:43,614 [pool-119-thread-1] INFO  server.RaftServerConfigKeys (ConfUtils.java:logGet(43)) - raft.server.rpc.timeout.min = 5s (custom)
2019-10-04 14:10:43,615 [pool-119-thread-1] INFO  server.RaftServerConfigKeys (ConfUtils.java:logGet(43)) - raft.server.rpc.timeout.max = 5200ms (custom)
2019-10-04 14:10:43,615 [pool-119-thread-1] INFO  server.RaftServerConfigKeys (ConfUtils.java:logGet(43)) - raft.server.rpcslowness.timeout = 120s (custom)
2019-10-04 14:10:43,615 [pool-119-thread-1] INFO  server.RaftServerConfigKeys (ConfUtils.java:logGet(43)) - raft.server.sleep.deviation.threshold = 300 (default)
2019-10-04 14:10:43,615 [pool-119-thread-1] INFO  server.RaftServerConfigKeys (ConfUtils.java:logGet(43)) - raft.server.log.appender.install.snapshot.enabled = false (custom)
2019-10-04 14:10:43,616 [pool-119-thread-1] INFO  impl.RaftServerImpl (ServerState.java:<init>(103)) - afdeb2fb-212d-4377-bced-2343a81b5b39@group-67854829B401: ConfigurationManager, init=-1: [afdeb2fb-212d-4377-bced-2343a81b5b39:192.168.5.142:37288], old=null, confs=<EMPTY_MAP>
2019-10-04 14:10:43,616 [pool-119-thread-1] INFO  server.RaftServerConfigKeys (ConfUtils.java:logGet(43)) - raft.server.storage.dir = [/workdir/hadoop-ozone/integration-test/target/test-dir/MiniOzoneClusterImpl-049a3f56-5af9-4c3e-af4b-63e3eda3ba33/datanode-0/data/ratis] (custom)
2019-10-04 14:10:43,616 [pool-119-thread-1] INFO  server.RaftServerConfigKeys (ConfUtils.java:logGet(43)) - raft.server.log.corruption.policy = EXCEPTION (default)
2019-10-04 14:10:43,617 [pool-119-thread-1] INFO  storage.RaftStorageDirectory (RaftStorageDirectory.java:analyzeStorage(246)) - The storage directory /workdir/hadoop-ozone/integration-test/target/test-dir/MiniOzoneClusterImpl-049a3f56-5af9-4c3e-af4b-63e3eda3ba33/datanode-0/data/ratis/a3468b0a-d575-48dc-a08d-67854829b401 does not exist. Creating ...
2019-10-04 14:10:43,630 [pool-119-thread-1] INFO  storage.RaftStorageDirectory (RaftStorageDirectory.java:tryLock(328)) - Lock on /workdir/hadoop-ozone/integration-test/target/test-dir/MiniOzoneClusterImpl-049a3f56-5af9-4c3e-af4b-63e3eda3ba33/datanode-0/data/ratis/a3468b0a-d575-48dc-a08d-67854829b401/in_use.lock acquired by nodename 18160@pr-hdds-2204-d78b8-1674338442
2019-10-04 14:10:43,644 [pool-119-thread-1] INFO  storage.RaftStorage (RaftStorage.java:format(84)) - Storage directory /workdir/hadoop-ozone/integration-test/target/test-dir/MiniOzoneClusterImpl-049a3f56-5af9-4c3e-af4b-63e3eda3ba33/datanode-0/data/ratis/a3468b0a-d575-48dc-a08d-67854829b401 has been successfully formatted.
2019-10-04 14:10:43,644 [pool-119-thread-1] INFO  ratis.ContainerStateMachine (ContainerStateMachine.java:loadSnapshot(230)) - group-67854829B401: The snapshot info is null. Setting the last applied indexto:(t:0, i:~)
2019-10-04 14:10:43,644 [pool-119-thread-1] INFO  server.RaftServerConfigKeys (ConfUtils.java:logGet(43)) - raft.server.notification.no-leader.timeout = 120s (custom)
2019-10-04 14:10:43,645 [pool-119-thread-1] INFO  server.RaftServerConfigKeys (ConfUtils.java:logGet(43)) - raft.server.log.use.memory = false (default)
2019-10-04 14:10:43,645 [pool-119-thread-1] INFO  server.RaftServerConfigKeys (ConfUtils.java:logGet(43)) - raft.server.log.purge.gap = 1000000 (custom)
2019-10-04 14:10:43,645 [pool-119-thread-1] INFO  server.RaftServerConfigKeys (ConfUtils.java:logGet(43)) - raft.server.log.appender.buffer.byte-limit = 33554432 (custom)
2019-10-04 14:10:43,645 [pool-119-thread-1] INFO  server.RaftServerConfigKeys (ConfUtils.java:logGet(43)) - raft.server.log.segment.size.max = 1048576 (custom)
2019-10-04 14:10:43,646 [IPC Server handler 17 on 42200] INFO  net.NetworkTopology (NetworkTopologyImpl.java:add(111)) - Added a new node: /default-rack/4e5dbce8-c406-4dc6-923f-e4f7868c83aa
2019-10-04 14:10:43,647 [IPC Server handler 17 on 42200] INFO  node.SCMNodeManager (SCMNodeManager.java:register(268)) - Registered Data node : 4e5dbce8-c406-4dc6-923f-e4f7868c83aa{ip: 192.168.5.142, host: pr-hdds-2204-d78b8-1674338442, networkLocation: /default-rack, certSerialId: null}
2019-10-04 14:10:43,648 [pool-119-thread-1] INFO  server.RaftServerConfigKeys (ConfUtils.java:logGet(43)) - raft.server.log.segment.cache.num.max = 2 (custom)
2019-10-04 14:10:43,649 [pool-119-thread-1] INFO  segmented.SegmentedRaftLogWorker (SegmentedRaftLogWorker.java:<init>(173)) - new afdeb2fb-212d-4377-bced-2343a81b5b39@group-67854829B401-SegmentedRaftLogWorker for RaftStorage:Storage Directory /workdir/hadoop-ozone/integration-test/target/test-dir/MiniOzoneClusterImpl-049a3f56-5af9-4c3e-af4b-63e3eda3ba33/datanode-0/data/ratis/a3468b0a-d575-48dc-a08d-67854829b401
2019-10-04 14:10:43,649 [pool-119-thread-1] INFO  server.RaftServerConfigKeys (ConfUtils.java:logGet(43)) - raft.server.log.queue.byte-limit = 2147483647 (custom)
2019-10-04 14:10:43,649 [pool-119-thread-1] INFO  server.RaftServerConfigKeys (ConfUtils.java:logGet(43)) - raft.server.log.queue.element-limit = 1024 (custom)
2019-10-04 14:10:43,649 [pool-119-thread-1] INFO  server.RaftServerConfigKeys (ConfUtils.java:logGet(43)) - raft.server.log.segment.size.max = 1048576 (custom)
2019-10-04 14:10:43,649 [pool-119-thread-1] INFO  server.RaftServerConfigKeys (ConfUtils.java:logGet(43)) - raft.server.log.preallocated.size = 16384 (custom)
2019-10-04 14:10:43,649 [pool-119-thread-1] INFO  server.RaftServerConfigKeys (ConfUtils.java:logGet(43)) - raft.server.log.write.buffer.size = 33554432 (custom)
2019-10-04 14:10:43,650 [pool-119-thread-1] INFO  server.RaftServerConfigKeys (ConfUtils.java:logGet(43)) - raft.server.log.force.sync.num = 128 (default)
2019-10-04 14:10:43,650 [pool-119-thread-1] INFO  server.RaftServerConfigKeys (ConfUtils.java:logGet(43)) - raft.server.log.statemachine.data.sync = true (default)
2019-10-04 14:10:43,650 [pool-119-thread-1] INFO  server.RaftServerConfigKeys (ConfUtils.java:logGet(43)) - raft.server.log.statemachine.data.sync.timeout = 10s (default)
2019-10-04 14:10:43,650 [pool-119-thread-1] INFO  server.RaftServerConfigKeys (ConfUtils.java:logGet(43)) - raft.server.log.statemachine.data.sync.timeout.retry = -1 (default)
2019-10-04 14:10:43,651 [pool-119-thread-1] INFO  server.RaftServerConfigKeys (ConfUtils.java:logGet(43)) - raft.server.log.statemachine.data.caching.enabled = true (custom)
2019-10-04 14:10:43,651 [pool-119-thread-1] INFO  segmented.SegmentedRaftLogWorker (SegmentedRaftLogWorker.java:lambda$new$0(128)) - afdeb2fb-212d-4377-bced-2343a81b5b39@group-67854829B401-SegmentedRaftLogWorker: flushIndex: setUnconditionally 0 -> -1
2019-10-04 14:10:43,651 [pool-119-thread-1] INFO  server.RaftServerConfigKeys (ConfUtils.java:logGet(43)) - raft.server.snapshot.auto.trigger.enabled = true (custom)
2019-10-04 14:10:43,652 [pool-119-thread-1] INFO  server.RaftServerConfigKeys (ConfUtils.java:logGet(43)) - raft.server.snapshot.auto.trigger.threshold = 10000 (custom)
2019-10-04 14:10:43,652 [pool-119-thread-1] INFO  server.RaftServerConfigKeys (ConfUtils.java:logGet(43)) - raft.server.snapshot.retention.file.num = 5 (custom)
2019-10-04 14:10:43,652 [pool-119-thread-1] INFO  server.RaftServerConfigKeys (ConfUtils.java:logGet(43)) - raft.server.retrycache.expirytime = 600000ms (custom)
2019-10-04 14:10:43,654 [pool-119-thread-1] INFO  impl.RaftServerImpl (RaftServerImpl.java:start(181)) - afdeb2fb-212d-4377-bced-2343a81b5b39@group-67854829B401: start as a follower, conf=-1: [afdeb2fb-212d-4377-bced-2343a81b5b39:192.168.5.142:37288], old=null
2019-10-04 14:10:43,654 [pool-119-thread-1] INFO  impl.RaftServerImpl (RaftServerImpl.java:setRole(170)) - afdeb2fb-212d-4377-bced-2343a81b5b39@group-67854829B401: changes role from      null to FOLLOWER at term 0 for startAsFollower
2019-10-04 14:10:43,655 [pool-119-thread-1] INFO  impl.RoleInfo (RoleInfo.java:updateAndGet(143)) - afdeb2fb-212d-4377-bced-2343a81b5b39: start FollowerState
2019-10-04 14:10:43,655 [pool-119-thread-1] INFO  util.JmxRegister (JmxRegister.java:tryRegister(44)) - Successfully registered JMX Bean with object name Ratis:service=RaftServer,group=group-67854829B401,id=afdeb2fb-212d-4377-bced-2343a81b5b39
2019-10-04 14:10:43,674 [RatisPipelineUtilsThread] INFO  pipeline.PipelineStateManager (PipelineStateManager.java:addPipeline(56)) - Created pipeline Pipeline[ Id: a3468b0a-d575-48dc-a08d-67854829b401, Nodes: afdeb2fb-212d-4377-bced-2343a81b5b39{ip: 192.168.5.142, host: pr-hdds-2204-d78b8-1674338442, networkLocation: /default-rack, certSerialId: null}, Type:RATIS, Factor:ONE, State:OPEN]
2019-10-04 14:10:43,684 [grpc-default-executor-2] INFO  impl.RaftServerProxy (RaftServerProxy.java:addNew(89)) - 4e5dbce8-c406-4dc6-923f-e4f7868c83aa: addNew group-ED66A6EC2B1F:[4e5dbce8-c406-4dc6-923f-e4f7868c83aa:192.168.5.142:45350] returns group-ED66A6EC2B1F:java.util.concurrent.CompletableFuture@f89db93[Not completed]
2019-10-04 14:10:43,687 [pool-129-thread-1] INFO  impl.RaftServerImpl (RaftServerImpl.java:<init>(95)) - 4e5dbce8-c406-4dc6-923f-e4f7868c83aa: new RaftServerImpl for group-ED66A6EC2B1F:[4e5dbce8-c406-4dc6-923f-e4f7868c83aa:192.168.5.142:45350] with ContainerStateMachine:uninitialized
2019-10-04 14:10:43,687 [pool-129-thread-1] INFO  server.RaftServerConfigKeys (ConfUtils.java:logGet(43)) - raft.server.rpc.timeout.min = 5s (custom)
2019-10-04 14:10:43,687 [pool-129-thread-1] INFO  server.RaftServerConfigKeys (ConfUtils.java:logGet(43)) - raft.server.rpc.timeout.max = 5200ms (custom)
2019-10-04 14:10:43,687 [pool-129-thread-1] INFO  server.RaftServerConfigKeys (ConfUtils.java:logGet(43)) - raft.server.rpcslowness.timeout = 120s (custom)
2019-10-04 14:10:43,687 [pool-129-thread-1] INFO  server.RaftServerConfigKeys (ConfUtils.java:logGet(43)) - raft.server.sleep.deviation.threshold = 300 (default)
2019-10-04 14:10:43,687 [pool-129-thread-1] INFO  server.RaftServerConfigKeys (ConfUtils.java:logGet(43)) - raft.server.log.appender.install.snapshot.enabled = false (custom)
2019-10-04 14:10:43,688 [pool-129-thread-1] INFO  impl.RaftServerImpl (ServerState.java:<init>(103)) - 4e5dbce8-c406-4dc6-923f-e4f7868c83aa@group-ED66A6EC2B1F: ConfigurationManager, init=-1: [4e5dbce8-c406-4dc6-923f-e4f7868c83aa:192.168.5.142:45350], old=null, confs=<EMPTY_MAP>
2019-10-04 14:10:43,688 [pool-129-thread-1] INFO  server.RaftServerConfigKeys (ConfUtils.java:logGet(43)) - raft.server.storage.dir = [/workdir/hadoop-ozone/integration-test/target/test-dir/MiniOzoneClusterImpl-049a3f56-5af9-4c3e-af4b-63e3eda3ba33/datanode-1/data/ratis] (custom)
2019-10-04 14:10:43,688 [pool-129-thread-1] INFO  server.RaftServerConfigKeys (ConfUtils.java:logGet(43)) - raft.server.log.corruption.policy = EXCEPTION (default)
2019-10-04 14:10:43,688 [pool-129-thread-1] INFO  storage.RaftStorageDirectory (RaftStorageDirectory.java:analyzeStorage(246)) - The storage directory /workdir/hadoop-ozone/integration-test/target/test-dir/MiniOzoneClusterImpl-049a3f56-5af9-4c3e-af4b-63e3eda3ba33/datanode-1/data/ratis/c0070fee-1f1a-4db5-8958-ed66a6ec2b1f does not exist. Creating ...
2019-10-04 14:10:43,701 [pool-129-thread-1] INFO  storage.RaftStorageDirectory (RaftStorageDirectory.java:tryLock(328)) - Lock on /workdir/hadoop-ozone/integration-test/target/test-dir/MiniOzoneClusterImpl-049a3f56-5af9-4c3e-af4b-63e3eda3ba33/datanode-1/data/ratis/c0070fee-1f1a-4db5-8958-ed66a6ec2b1f/in_use.lock acquired by nodename 18160@pr-hdds-2204-d78b8-1674338442
2019-10-04 14:10:43,714 [pool-129-thread-1] INFO  storage.RaftStorage (RaftStorage.java:format(84)) - Storage directory /workdir/hadoop-ozone/integration-test/target/test-dir/MiniOzoneClusterImpl-049a3f56-5af9-4c3e-af4b-63e3eda3ba33/datanode-1/data/ratis/c0070fee-1f1a-4db5-8958-ed66a6ec2b1f has been successfully formatted.
2019-10-04 14:10:43,715 [pool-129-thread-1] INFO  ratis.ContainerStateMachine (ContainerStateMachine.java:loadSnapshot(230)) - group-ED66A6EC2B1F: The snapshot info is null. Setting the last applied indexto:(t:0, i:~)
2019-10-04 14:10:43,715 [pool-129-thread-1] INFO  server.RaftServerConfigKeys (ConfUtils.java:logGet(43)) - raft.server.notification.no-leader.timeout = 120s (custom)
2019-10-04 14:10:43,715 [pool-129-thread-1] INFO  server.RaftServerConfigKeys (ConfUtils.java:logGet(43)) - raft.server.log.use.memory = false (default)
2019-10-04 14:10:43,715 [pool-129-thread-1] INFO  server.RaftServerConfigKeys (ConfUtils.java:logGet(43)) - raft.server.log.purge.gap = 1000000 (custom)
2019-10-04 14:10:43,715 [pool-129-thread-1] INFO  server.RaftServerConfigKeys (ConfUtils.java:logGet(43)) - raft.server.log.appender.buffer.byte-limit = 33554432 (custom)
2019-10-04 14:10:43,715 [pool-129-thread-1] INFO  server.RaftServerConfigKeys (ConfUtils.java:logGet(43)) - raft.server.log.segment.size.max = 1048576 (custom)
2019-10-04 14:10:43,717 [IPC Server handler 15 on 42200] INFO  net.NetworkTopology (NetworkTopologyImpl.java:add(111)) - Added a new node: /default-rack/0003c591-35f2-4f93-8e50-f22d26a3926e
2019-10-04 14:10:43,718 [IPC Server handler 15 on 42200] INFO  node.SCMNodeManager (SCMNodeManager.java:register(268)) - Registered Data node : 0003c591-35f2-4f93-8e50-f22d26a3926e{ip: 192.168.5.142, host: pr-hdds-2204-d78b8-1674338442, networkLocation: /default-rack, certSerialId: null}
2019-10-04 14:10:43,718 [pool-129-thread-1] INFO  server.RaftServerConfigKeys (ConfUtils.java:logGet(43)) - raft.server.log.segment.cache.num.max = 2 (custom)
2019-10-04 14:10:43,718 [pool-129-thread-1] INFO  segmented.SegmentedRaftLogWorker (SegmentedRaftLogWorker.java:<init>(173)) - new 4e5dbce8-c406-4dc6-923f-e4f7868c83aa@group-ED66A6EC2B1F-SegmentedRaftLogWorker for RaftStorage:Storage Directory /workdir/hadoop-ozone/integration-test/target/test-dir/MiniOzoneClusterImpl-049a3f56-5af9-4c3e-af4b-63e3eda3ba33/datanode-1/data/ratis/c0070fee-1f1a-4db5-8958-ed66a6ec2b1f
2019-10-04 14:10:43,718 [pool-129-thread-1] INFO  server.RaftServerConfigKeys (ConfUtils.java:logGet(43)) - raft.server.log.queue.byte-limit = 2147483647 (custom)
2019-10-04 14:10:43,719 [pool-129-thread-1] INFO  server.RaftServerConfigKeys (ConfUtils.java:logGet(43)) - raft.server.log.queue.element-limit = 1024 (custom)
2019-10-04 14:10:43,719 [pool-129-thread-1] INFO  server.RaftServerConfigKeys (ConfUtils.java:logGet(43)) - raft.server.log.segment.size.max = 1048576 (custom)
2019-10-04 14:10:43,719 [pool-129-thread-1] INFO  server.RaftServerConfigKeys (ConfUtils.java:logGet(43)) - raft.server.log.preallocated.size = 16384 (custom)
2019-10-04 14:10:43,719 [pool-129-thread-1] INFO  server.RaftServerConfigKeys (ConfUtils.java:logGet(43)) - raft.server.log.write.buffer.size = 33554432 (custom)
2019-10-04 14:10:43,719 [pool-129-thread-1] INFO  server.RaftServerConfigKeys (ConfUtils.java:logGet(43)) - raft.server.log.force.sync.num = 128 (default)
2019-10-04 14:10:43,719 [pool-129-thread-1] INFO  server.RaftServerConfigKeys (ConfUtils.java:logGet(43)) - raft.server.log.statemachine.data.sync = true (default)
2019-10-04 14:10:43,719 [pool-129-thread-1] INFO  server.RaftServerConfigKeys (ConfUtils.java:logGet(43)) - raft.server.log.statemachine.data.sync.timeout = 10s (default)
2019-10-04 14:10:43,720 [pool-129-thread-1] INFO  server.RaftServerConfigKeys (ConfUtils.java:logGet(43)) - raft.server.log.statemachine.data.sync.timeout.retry = -1 (default)
2019-10-04 14:10:43,720 [pool-129-thread-1] INFO  server.RaftServerConfigKeys (ConfUtils.java:logGet(43)) - raft.server.log.statemachine.data.caching.enabled = true (custom)
2019-10-04 14:10:43,720 [pool-129-thread-1] INFO  segmented.SegmentedRaftLogWorker (SegmentedRaftLogWorker.java:lambda$new$0(128)) - 4e5dbce8-c406-4dc6-923f-e4f7868c83aa@group-ED66A6EC2B1F-SegmentedRaftLogWorker: flushIndex: setUnconditionally 0 -> -1
2019-10-04 14:10:43,721 [pool-129-thread-1] INFO  server.RaftServerConfigKeys (ConfUtils.java:logGet(43)) - raft.server.snapshot.auto.trigger.enabled = true (custom)
2019-10-04 14:10:43,721 [pool-129-thread-1] INFO  server.RaftServerConfigKeys (ConfUtils.java:logGet(43)) - raft.server.snapshot.auto.trigger.threshold = 10000 (custom)
2019-10-04 14:10:43,721 [pool-129-thread-1] INFO  server.RaftServerConfigKeys (ConfUtils.java:logGet(43)) - raft.server.snapshot.retention.file.num = 5 (custom)
2019-10-04 14:10:43,721 [pool-129-thread-1] INFO  server.RaftServerConfigKeys (ConfUtils.java:logGet(43)) - raft.server.retrycache.expirytime = 600000ms (custom)
2019-10-04 14:10:43,724 [pool-129-thread-1] INFO  impl.RaftServerImpl (RaftServerImpl.java:start(181)) - 4e5dbce8-c406-4dc6-923f-e4f7868c83aa@group-ED66A6EC2B1F: start as a follower, conf=-1: [4e5dbce8-c406-4dc6-923f-e4f7868c83aa:192.168.5.142:45350], old=null
2019-10-04 14:10:43,724 [pool-129-thread-1] INFO  impl.RaftServerImpl (RaftServerImpl.java:setRole(170)) - 4e5dbce8-c406-4dc6-923f-e4f7868c83aa@group-ED66A6EC2B1F: changes role from      null to FOLLOWER at term 0 for startAsFollower
2019-10-04 14:10:43,724 [pool-129-thread-1] INFO  impl.RoleInfo (RoleInfo.java:updateAndGet(143)) - 4e5dbce8-c406-4dc6-923f-e4f7868c83aa: start FollowerState
2019-10-04 14:10:43,724 [pool-129-thread-1] INFO  util.JmxRegister (JmxRegister.java:tryRegister(44)) - Successfully registered JMX Bean with object name Ratis:service=RaftServer,group=group-ED66A6EC2B1F,id=4e5dbce8-c406-4dc6-923f-e4f7868c83aa
2019-10-04 14:10:43,730 [RatisPipelineUtilsThread] INFO  pipeline.PipelineStateManager (PipelineStateManager.java:addPipeline(56)) - Created pipeline Pipeline[ Id: c0070fee-1f1a-4db5-8958-ed66a6ec2b1f, Nodes: 4e5dbce8-c406-4dc6-923f-e4f7868c83aa{ip: 192.168.5.142, host: pr-hdds-2204-d78b8-1674338442, networkLocation: /default-rack, certSerialId: null}, Type:RATIS, Factor:ONE, State:OPEN]
2019-10-04 14:10:43,740 [grpc-default-executor-2] INFO  impl.RaftServerProxy (RaftServerProxy.java:addNew(89)) - 0003c591-35f2-4f93-8e50-f22d26a3926e: addNew group-A5A81E6E3701:[0003c591-35f2-4f93-8e50-f22d26a3926e:192.168.5.142:42307] returns group-A5A81E6E3701:java.util.concurrent.CompletableFuture@7a57dcfc[Not completed]
2019-10-04 14:10:43,745 [pool-139-thread-1] INFO  impl.RaftServerImpl (RaftServerImpl.java:<init>(95)) - 0003c591-35f2-4f93-8e50-f22d26a3926e: new RaftServerImpl for group-A5A81E6E3701:[0003c591-35f2-4f93-8e50-f22d26a3926e:192.168.5.142:42307] with ContainerStateMachine:uninitialized
2019-10-04 14:10:43,745 [pool-139-thread-1] INFO  server.RaftServerConfigKeys (ConfUtils.java:logGet(43)) - raft.server.rpc.timeout.min = 5s (custom)
2019-10-04 14:10:43,745 [pool-139-thread-1] INFO  server.RaftServerConfigKeys (ConfUtils.java:logGet(43)) - raft.server.rpc.timeout.max = 5200ms (custom)
2019-10-04 14:10:43,745 [pool-139-thread-1] INFO  server.RaftServerConfigKeys (ConfUtils.java:logGet(43)) - raft.server.rpcslowness.timeout = 120s (custom)
2019-10-04 14:10:43,746 [pool-139-thread-1] INFO  server.RaftServerConfigKeys (ConfUtils.java:logGet(43)) - raft.server.sleep.deviation.threshold = 300 (default)
2019-10-04 14:10:43,746 [pool-139-thread-1] INFO  server.RaftServerConfigKeys (ConfUtils.java:logGet(43)) - raft.server.log.appender.install.snapshot.enabled = false (custom)
2019-10-04 14:10:43,746 [pool-139-thread-1] INFO  impl.RaftServerImpl (ServerState.java:<init>(103)) - 0003c591-35f2-4f93-8e50-f22d26a3926e@group-A5A81E6E3701: ConfigurationManager, init=-1: [0003c591-35f2-4f93-8e50-f22d26a3926e:192.168.5.142:42307], old=null, confs=<EMPTY_MAP>
2019-10-04 14:10:43,746 [pool-139-thread-1] INFO  server.RaftServerConfigKeys (ConfUtils.java:logGet(43)) - raft.server.storage.dir = [/workdir/hadoop-ozone/integration-test/target/test-dir/MiniOzoneClusterImpl-049a3f56-5af9-4c3e-af4b-63e3eda3ba33/datanode-2/data/ratis] (custom)
2019-10-04 14:10:43,746 [pool-139-thread-1] INFO  server.RaftServerConfigKeys (ConfUtils.java:logGet(43)) - raft.server.log.corruption.policy = EXCEPTION (default)
2019-10-04 14:10:43,747 [pool-139-thread-1] INFO  storage.RaftStorageDirectory (RaftStorageDirectory.java:analyzeStorage(246)) - The storage directory /workdir/hadoop-ozone/integration-test/target/test-dir/MiniOzoneClusterImpl-049a3f56-5af9-4c3e-af4b-63e3eda3ba33/datanode-2/data/ratis/f4076172-4a27-488a-af8b-a5a81e6e3701 does not exist. Creating ...
2019-10-04 14:10:43,759 [pool-139-thread-1] INFO  storage.RaftStorageDirectory (RaftStorageDirectory.java:tryLock(328)) - Lock on /workdir/hadoop-ozone/integration-test/target/test-dir/MiniOzoneClusterImpl-049a3f56-5af9-4c3e-af4b-63e3eda3ba33/datanode-2/data/ratis/f4076172-4a27-488a-af8b-a5a81e6e3701/in_use.lock acquired by nodename 18160@pr-hdds-2204-d78b8-1674338442
2019-10-04 14:10:43,772 [pool-139-thread-1] INFO  storage.RaftStorage (RaftStorage.java:format(84)) - Storage directory /workdir/hadoop-ozone/integration-test/target/test-dir/MiniOzoneClusterImpl-049a3f56-5af9-4c3e-af4b-63e3eda3ba33/datanode-2/data/ratis/f4076172-4a27-488a-af8b-a5a81e6e3701 has been successfully formatted.
2019-10-04 14:10:43,773 [pool-139-thread-1] INFO  ratis.ContainerStateMachine (ContainerStateMachine.java:loadSnapshot(230)) - group-A5A81E6E3701: The snapshot info is null. Setting the last applied indexto:(t:0, i:~)
2019-10-04 14:10:43,773 [pool-139-thread-1] INFO  server.RaftServerConfigKeys (ConfUtils.java:logGet(43)) - raft.server.notification.no-leader.timeout = 120s (custom)
2019-10-04 14:10:43,773 [pool-139-thread-1] INFO  server.RaftServerConfigKeys (ConfUtils.java:logGet(43)) - raft.server.log.use.memory = false (default)
2019-10-04 14:10:43,773 [pool-139-thread-1] INFO  server.RaftServerConfigKeys (ConfUtils.java:logGet(43)) - raft.server.log.purge.gap = 1000000 (custom)
2019-10-04 14:10:43,773 [pool-139-thread-1] INFO  server.RaftServerConfigKeys (ConfUtils.java:logGet(43)) - raft.server.log.appender.buffer.byte-limit = 33554432 (custom)
2019-10-04 14:10:43,773 [pool-139-thread-1] INFO  server.RaftServerConfigKeys (ConfUtils.java:logGet(43)) - raft.server.log.segment.size.max = 1048576 (custom)
2019-10-04 14:10:43,776 [pool-139-thread-1] INFO  server.RaftServerConfigKeys (ConfUtils.java:logGet(43)) - raft.server.log.segment.cache.num.max = 2 (custom)
2019-10-04 14:10:43,776 [pool-139-thread-1] INFO  segmented.SegmentedRaftLogWorker (SegmentedRaftLogWorker.java:<init>(173)) - new 0003c591-35f2-4f93-8e50-f22d26a3926e@group-A5A81E6E3701-SegmentedRaftLogWorker for RaftStorage:Storage Directory /workdir/hadoop-ozone/integration-test/target/test-dir/MiniOzoneClusterImpl-049a3f56-5af9-4c3e-af4b-63e3eda3ba33/datanode-2/data/ratis/f4076172-4a27-488a-af8b-a5a81e6e3701
2019-10-04 14:10:43,776 [pool-139-thread-1] INFO  server.RaftServerConfigKeys (ConfUtils.java:logGet(43)) - raft.server.log.queue.byte-limit = 2147483647 (custom)
2019-10-04 14:10:43,776 [pool-139-thread-1] INFO  server.RaftServerConfigKeys (ConfUtils.java:logGet(43)) - raft.server.log.queue.element-limit = 1024 (custom)
2019-10-04 14:10:43,776 [pool-139-thread-1] INFO  server.RaftServerConfigKeys (ConfUtils.java:logGet(43)) - raft.server.log.segment.size.max = 1048576 (custom)
2019-10-04 14:10:43,776 [pool-139-thread-1] INFO  server.RaftServerConfigKeys (ConfUtils.java:logGet(43)) - raft.server.log.preallocated.size = 16384 (custom)
2019-10-04 14:10:43,776 [pool-139-thread-1] INFO  server.RaftServerConfigKeys (ConfUtils.java:logGet(43)) - raft.server.log.write.buffer.size = 33554432 (custom)
2019-10-04 14:10:43,776 [pool-139-thread-1] INFO  server.RaftServerConfigKeys (ConfUtils.java:logGet(43)) - raft.server.log.force.sync.num = 128 (default)
2019-10-04 14:10:43,777 [pool-139-thread-1] INFO  server.RaftServerConfigKeys (ConfUtils.java:logGet(43)) - raft.server.log.statemachine.data.sync = true (default)
2019-10-04 14:10:43,777 [pool-139-thread-1] INFO  server.RaftServerConfigKeys (ConfUtils.java:logGet(43)) - raft.server.log.statemachine.data.sync.timeout = 10s (default)
2019-10-04 14:10:43,777 [pool-139-thread-1] INFO  server.RaftServerConfigKeys (ConfUtils.java:logGet(43)) - raft.server.log.statemachine.data.sync.timeout.retry = -1 (default)
2019-10-04 14:10:43,777 [pool-139-thread-1] INFO  server.RaftServerConfigKeys (ConfUtils.java:logGet(43)) - raft.server.log.statemachine.data.caching.enabled = true (custom)
2019-10-04 14:10:43,778 [pool-139-thread-1] INFO  segmented.SegmentedRaftLogWorker (SegmentedRaftLogWorker.java:lambda$new$0(128)) - 0003c591-35f2-4f93-8e50-f22d26a3926e@group-A5A81E6E3701-SegmentedRaftLogWorker: flushIndex: setUnconditionally 0 -> -1
2019-10-04 14:10:43,778 [pool-139-thread-1] INFO  server.RaftServerConfigKeys (ConfUtils.java:logGet(43)) - raft.server.snapshot.auto.trigger.enabled = true (custom)
2019-10-04 14:10:43,778 [pool-139-thread-1] INFO  server.RaftServerConfigKeys (ConfUtils.java:logGet(43)) - raft.server.snapshot.auto.trigger.threshold = 10000 (custom)
2019-10-04 14:10:43,778 [pool-139-thread-1] INFO  server.RaftServerConfigKeys (ConfUtils.java:logGet(43)) - raft.server.snapshot.retention.file.num = 5 (custom)
2019-10-04 14:10:43,779 [pool-139-thread-1] INFO  server.RaftServerConfigKeys (ConfUtils.java:logGet(43)) - raft.server.retrycache.expirytime = 600000ms (custom)
2019-10-04 14:10:43,781 [pool-139-thread-1] INFO  impl.RaftServerImpl (RaftServerImpl.java:start(181)) - 0003c591-35f2-4f93-8e50-f22d26a3926e@group-A5A81E6E3701: start as a follower, conf=-1: [0003c591-35f2-4f93-8e50-f22d26a3926e:192.168.5.142:42307], old=null
2019-10-04 14:10:43,781 [pool-139-thread-1] INFO  impl.RaftServerImpl (RaftServerImpl.java:setRole(170)) - 0003c591-35f2-4f93-8e50-f22d26a3926e@group-A5A81E6E3701: changes role from      null to FOLLOWER at term 0 for startAsFollower
2019-10-04 14:10:43,781 [pool-139-thread-1] INFO  impl.RoleInfo (RoleInfo.java:updateAndGet(143)) - 0003c591-35f2-4f93-8e50-f22d26a3926e: start FollowerState
2019-10-04 14:10:43,781 [pool-139-thread-1] INFO  util.JmxRegister (JmxRegister.java:tryRegister(44)) - Successfully registered JMX Bean with object name Ratis:service=RaftServer,group=group-A5A81E6E3701,id=0003c591-35f2-4f93-8e50-f22d26a3926e
2019-10-04 14:10:43,784 [IPC Server handler 0 on 42200] INFO  net.NetworkTopology (NetworkTopologyImpl.java:add(111)) - Added a new node: /default-rack/c086fae5-c746-4c62-b030-dc5300e1b6cb
2019-10-04 14:10:43,785 [IPC Server handler 0 on 42200] INFO  node.SCMNodeManager (SCMNodeManager.java:register(268)) - Registered Data node : c086fae5-c746-4c62-b030-dc5300e1b6cb{ip: 192.168.5.142, host: pr-hdds-2204-d78b8-1674338442, networkLocation: /default-rack, certSerialId: null}
2019-10-04 14:10:43,786 [RatisPipelineUtilsThread] INFO  pipeline.PipelineStateManager (PipelineStateManager.java:addPipeline(56)) - Created pipeline Pipeline[ Id: f4076172-4a27-488a-af8b-a5a81e6e3701, Nodes: 0003c591-35f2-4f93-8e50-f22d26a3926e{ip: 192.168.5.142, host: pr-hdds-2204-d78b8-1674338442, networkLocation: /default-rack, certSerialId: null}, Type:RATIS, Factor:ONE, State:OPEN]
2019-10-04 14:10:43,794 [grpc-default-executor-2] INFO  impl.RaftServerProxy (RaftServerProxy.java:addNew(89)) - c086fae5-c746-4c62-b030-dc5300e1b6cb: addNew group-02D89F39EE1D:[c086fae5-c746-4c62-b030-dc5300e1b6cb:192.168.5.142:40015] returns group-02D89F39EE1D:java.util.concurrent.CompletableFuture@3adb9245[Not completed]
2019-10-04 14:10:43,800 [pool-149-thread-1] INFO  impl.RaftServerImpl (RaftServerImpl.java:<init>(95)) - c086fae5-c746-4c62-b030-dc5300e1b6cb: new RaftServerImpl for group-02D89F39EE1D:[c086fae5-c746-4c62-b030-dc5300e1b6cb:192.168.5.142:40015] with ContainerStateMachine:uninitialized
2019-10-04 14:10:43,800 [pool-149-thread-1] INFO  server.RaftServerConfigKeys (ConfUtils.java:logGet(43)) - raft.server.rpc.timeout.min = 5s (custom)
2019-10-04 14:10:43,801 [pool-149-thread-1] INFO  server.RaftServerConfigKeys (ConfUtils.java:logGet(43)) - raft.server.rpc.timeout.max = 5200ms (custom)
2019-10-04 14:10:43,801 [pool-149-thread-1] INFO  server.RaftServerConfigKeys (ConfUtils.java:logGet(43)) - raft.server.rpcslowness.timeout = 120s (custom)
2019-10-04 14:10:43,801 [pool-149-thread-1] INFO  server.RaftServerConfigKeys (ConfUtils.java:logGet(43)) - raft.server.sleep.deviation.threshold = 300 (default)
2019-10-04 14:10:43,801 [pool-149-thread-1] INFO  server.RaftServerConfigKeys (ConfUtils.java:logGet(43)) - raft.server.log.appender.install.snapshot.enabled = false (custom)
2019-10-04 14:10:43,801 [pool-149-thread-1] INFO  impl.RaftServerImpl (ServerState.java:<init>(103)) - c086fae5-c746-4c62-b030-dc5300e1b6cb@group-02D89F39EE1D: ConfigurationManager, init=-1: [c086fae5-c746-4c62-b030-dc5300e1b6cb:192.168.5.142:40015], old=null, confs=<EMPTY_MAP>
2019-10-04 14:10:43,802 [pool-149-thread-1] INFO  server.RaftServerConfigKeys (ConfUtils.java:logGet(43)) - raft.server.storage.dir = [/workdir/hadoop-ozone/integration-test/target/test-dir/MiniOzoneClusterImpl-049a3f56-5af9-4c3e-af4b-63e3eda3ba33/datanode-3/data/ratis] (custom)
2019-10-04 14:10:43,802 [pool-149-thread-1] INFO  server.RaftServerConfigKeys (ConfUtils.java:logGet(43)) - raft.server.log.corruption.policy = EXCEPTION (default)
2019-10-04 14:10:43,802 [pool-149-thread-1] INFO  storage.RaftStorageDirectory (RaftStorageDirectory.java:analyzeStorage(246)) - The storage directory /workdir/hadoop-ozone/integration-test/target/test-dir/MiniOzoneClusterImpl-049a3f56-5af9-4c3e-af4b-63e3eda3ba33/datanode-3/data/ratis/4e552669-d29f-4930-95b3-02d89f39ee1d does not exist. Creating ...
2019-10-04 14:10:43,815 [pool-149-thread-1] INFO  storage.RaftStorageDirectory (RaftStorageDirectory.java:tryLock(328)) - Lock on /workdir/hadoop-ozone/integration-test/target/test-dir/MiniOzoneClusterImpl-049a3f56-5af9-4c3e-af4b-63e3eda3ba33/datanode-3/data/ratis/4e552669-d29f-4930-95b3-02d89f39ee1d/in_use.lock acquired by nodename 18160@pr-hdds-2204-d78b8-1674338442
2019-10-04 14:10:43,828 [pool-149-thread-1] INFO  storage.RaftStorage (RaftStorage.java:format(84)) - Storage directory /workdir/hadoop-ozone/integration-test/target/test-dir/MiniOzoneClusterImpl-049a3f56-5af9-4c3e-af4b-63e3eda3ba33/datanode-3/data/ratis/4e552669-d29f-4930-95b3-02d89f39ee1d has been successfully formatted.
2019-10-04 14:10:43,829 [pool-149-thread-1] INFO  ratis.ContainerStateMachine (ContainerStateMachine.java:loadSnapshot(230)) - group-02D89F39EE1D: The snapshot info is null. Setting the last applied indexto:(t:0, i:~)
2019-10-04 14:10:43,829 [pool-149-thread-1] INFO  server.RaftServerConfigKeys (ConfUtils.java:logGet(43)) - raft.server.notification.no-leader.timeout = 120s (custom)
2019-10-04 14:10:43,829 [pool-149-thread-1] INFO  server.RaftServerConfigKeys (ConfUtils.java:logGet(43)) - raft.server.log.use.memory = false (default)
2019-10-04 14:10:43,829 [pool-149-thread-1] INFO  server.RaftServerConfigKeys (ConfUtils.java:logGet(43)) - raft.server.log.purge.gap = 1000000 (custom)
2019-10-04 14:10:43,829 [pool-149-thread-1] INFO  server.RaftServerConfigKeys (ConfUtils.java:logGet(43)) - raft.server.log.appender.buffer.byte-limit = 33554432 (custom)
2019-10-04 14:10:43,830 [pool-149-thread-1] INFO  server.RaftServerConfigKeys (ConfUtils.java:logGet(43)) - raft.server.log.segment.size.max = 1048576 (custom)
2019-10-04 14:10:43,833 [pool-149-thread-1] INFO  server.RaftServerConfigKeys (ConfUtils.java:logGet(43)) - raft.server.log.segment.cache.num.max = 2 (custom)
2019-10-04 14:10:43,833 [pool-149-thread-1] INFO  segmented.SegmentedRaftLogWorker (SegmentedRaftLogWorker.java:<init>(173)) - new c086fae5-c746-4c62-b030-dc5300e1b6cb@group-02D89F39EE1D-SegmentedRaftLogWorker for RaftStorage:Storage Directory /workdir/hadoop-ozone/integration-test/target/test-dir/MiniOzoneClusterImpl-049a3f56-5af9-4c3e-af4b-63e3eda3ba33/datanode-3/data/ratis/4e552669-d29f-4930-95b3-02d89f39ee1d
2019-10-04 14:10:43,833 [pool-149-thread-1] INFO  server.RaftServerConfigKeys (ConfUtils.java:logGet(43)) - raft.server.log.queue.byte-limit = 2147483647 (custom)
2019-10-04 14:10:43,833 [pool-149-thread-1] INFO  server.RaftServerConfigKeys (ConfUtils.java:logGet(43)) - raft.server.log.queue.element-limit = 1024 (custom)
2019-10-04 14:10:43,834 [pool-149-thread-1] INFO  server.RaftServerConfigKeys (ConfUtils.java:logGet(43)) - raft.server.log.segment.size.max = 1048576 (custom)
2019-10-04 14:10:43,834 [pool-149-thread-1] INFO  server.RaftServerConfigKeys (ConfUtils.java:logGet(43)) - raft.server.log.preallocated.size = 16384 (custom)
2019-10-04 14:10:43,834 [pool-149-thread-1] INFO  server.RaftServerConfigKeys (ConfUtils.java:logGet(43)) - raft.server.log.write.buffer.size = 33554432 (custom)
2019-10-04 14:10:43,834 [pool-149-thread-1] INFO  server.RaftServerConfigKeys (ConfUtils.java:logGet(43)) - raft.server.log.force.sync.num = 128 (default)
2019-10-04 14:10:43,834 [pool-149-thread-1] INFO  server.RaftServerConfigKeys (ConfUtils.java:logGet(43)) - raft.server.log.statemachine.data.sync = true (default)
2019-10-04 14:10:43,835 [pool-149-thread-1] INFO  server.RaftServerConfigKeys (ConfUtils.java:logGet(43)) - raft.server.log.statemachine.data.sync.timeout = 10s (default)
2019-10-04 14:10:43,835 [pool-149-thread-1] INFO  server.RaftServerConfigKeys (ConfUtils.java:logGet(43)) - raft.server.log.statemachine.data.sync.timeout.retry = -1 (default)
2019-10-04 14:10:43,835 [pool-149-thread-1] INFO  server.RaftServerConfigKeys (ConfUtils.java:logGet(43)) - raft.server.log.statemachine.data.caching.enabled = true (custom)
2019-10-04 14:10:43,836 [pool-149-thread-1] INFO  segmented.SegmentedRaftLogWorker (SegmentedRaftLogWorker.java:lambda$new$0(128)) - c086fae5-c746-4c62-b030-dc5300e1b6cb@group-02D89F39EE1D-SegmentedRaftLogWorker: flushIndex: setUnconditionally 0 -> -1
2019-10-04 14:10:43,836 [pool-149-thread-1] INFO  server.RaftServerConfigKeys (ConfUtils.java:logGet(43)) - raft.server.snapshot.auto.trigger.enabled = true (custom)
2019-10-04 14:10:43,836 [pool-149-thread-1] INFO  server.RaftServerConfigKeys (ConfUtils.java:logGet(43)) - raft.server.snapshot.auto.trigger.threshold = 10000 (custom)
2019-10-04 14:10:43,837 [pool-149-thread-1] INFO  server.RaftServerConfigKeys (ConfUtils.java:logGet(43)) - raft.server.snapshot.retention.file.num = 5 (custom)
2019-10-04 14:10:43,837 [pool-149-thread-1] INFO  server.RaftServerConfigKeys (ConfUtils.java:logGet(43)) - raft.server.retrycache.expirytime = 600000ms (custom)
2019-10-04 14:10:43,840 [pool-149-thread-1] INFO  impl.RaftServerImpl (RaftServerImpl.java:start(181)) - c086fae5-c746-4c62-b030-dc5300e1b6cb@group-02D89F39EE1D: start as a follower, conf=-1: [c086fae5-c746-4c62-b030-dc5300e1b6cb:192.168.5.142:40015], old=null
2019-10-04 14:10:43,840 [pool-149-thread-1] INFO  impl.RaftServerImpl (RaftServerImpl.java:setRole(170)) - c086fae5-c746-4c62-b030-dc5300e1b6cb@group-02D89F39EE1D: changes role from      null to FOLLOWER at term 0 for startAsFollower
2019-10-04 14:10:43,840 [pool-149-thread-1] INFO  impl.RoleInfo (RoleInfo.java:updateAndGet(143)) - c086fae5-c746-4c62-b030-dc5300e1b6cb: start FollowerState
2019-10-04 14:10:43,856 [pool-149-thread-1] INFO  util.JmxRegister (JmxRegister.java:tryRegister(44)) - Successfully registered JMX Bean with object name Ratis:service=RaftServer,group=group-02D89F39EE1D,id=c086fae5-c746-4c62-b030-dc5300e1b6cb
2019-10-04 14:10:43,873 [RatisPipelineUtilsThread] INFO  pipeline.PipelineStateManager (PipelineStateManager.java:addPipeline(56)) - Created pipeline Pipeline[ Id: 4e552669-d29f-4930-95b3-02d89f39ee1d, Nodes: c086fae5-c746-4c62-b030-dc5300e1b6cb{ip: 192.168.5.142, host: pr-hdds-2204-d78b8-1674338442, networkLocation: /default-rack, certSerialId: null}, Type:RATIS, Factor:ONE, State:OPEN]
2019-10-04 14:10:43,892 [grpc-default-executor-0] INFO  impl.RaftServerProxy (RaftServerProxy.java:addNew(89)) - 0003c591-35f2-4f93-8e50-f22d26a3926e: addNew group-F9806A76D640:[0003c591-35f2-4f93-8e50-f22d26a3926e:192.168.5.142:42307, 4e5dbce8-c406-4dc6-923f-e4f7868c83aa:192.168.5.142:45350, afdeb2fb-212d-4377-bced-2343a81b5b39:192.168.5.142:37288] returns group-F9806A76D640:java.util.concurrent.CompletableFuture@7003cce1[Not completed]
2019-10-04 14:10:43,892 [grpc-default-executor-1] INFO  impl.RaftServerProxy (RaftServerProxy.java:addNew(89)) - afdeb2fb-212d-4377-bced-2343a81b5b39: addNew group-F9806A76D640:[0003c591-35f2-4f93-8e50-f22d26a3926e:192.168.5.142:42307, 4e5dbce8-c406-4dc6-923f-e4f7868c83aa:192.168.5.142:45350, afdeb2fb-212d-4377-bced-2343a81b5b39:192.168.5.142:37288] returns group-F9806A76D640:java.util.concurrent.CompletableFuture@25d6d4eb[Not completed]
2019-10-04 14:10:43,893 [grpc-default-executor-2] INFO  impl.RaftServerProxy (RaftServerProxy.java:addNew(89)) - 4e5dbce8-c406-4dc6-923f-e4f7868c83aa: addNew group-F9806A76D640:[0003c591-35f2-4f93-8e50-f22d26a3926e:192.168.5.142:42307, 4e5dbce8-c406-4dc6-923f-e4f7868c83aa:192.168.5.142:45350, afdeb2fb-212d-4377-bced-2343a81b5b39:192.168.5.142:37288] returns group-F9806A76D640:java.util.concurrent.CompletableFuture@5b621b98[Not completed]
2019-10-04 14:10:43,894 [pool-139-thread-1] INFO  impl.RaftServerImpl (RaftServerImpl.java:<init>(95)) - 0003c591-35f2-4f93-8e50-f22d26a3926e: new RaftServerImpl for group-F9806A76D640:[0003c591-35f2-4f93-8e50-f22d26a3926e:192.168.5.142:42307, 4e5dbce8-c406-4dc6-923f-e4f7868c83aa:192.168.5.142:45350, afdeb2fb-212d-4377-bced-2343a81b5b39:192.168.5.142:37288] with ContainerStateMachine:uninitialized
2019-10-04 14:10:43,894 [pool-139-thread-1] INFO  server.RaftServerConfigKeys (ConfUtils.java:logGet(43)) - raft.server.rpc.timeout.min = 5s (custom)
2019-10-04 14:10:43,894 [IPC Server handler 3 on 42200] INFO  net.NetworkTopology (NetworkTopologyImpl.java:add(111)) - Added a new node: /default-rack/1008e79f-508c-492d-9d04-12ff6e91b544
2019-10-04 14:10:43,894 [pool-139-thread-1] INFO  server.RaftServerConfigKeys (ConfUtils.java:logGet(43)) - raft.server.rpc.timeout.max = 5200ms (custom)
2019-10-04 14:10:43,895 [IPC Server handler 3 on 42200] INFO  node.SCMNodeManager (SCMNodeManager.java:register(268)) - Registered Data node : 1008e79f-508c-492d-9d04-12ff6e91b544{ip: 192.168.5.142, host: pr-hdds-2204-d78b8-1674338442, networkLocation: /default-rack, certSerialId: null}
2019-10-04 14:10:43,895 [pool-139-thread-1] INFO  server.RaftServerConfigKeys (ConfUtils.java:logGet(43)) - raft.server.rpcslowness.timeout = 120s (custom)
2019-10-04 14:10:43,895 [pool-139-thread-1] INFO  server.RaftServerConfigKeys (ConfUtils.java:logGet(43)) - raft.server.sleep.deviation.threshold = 300 (default)
2019-10-04 14:10:43,895 [pool-139-thread-1] INFO  server.RaftServerConfigKeys (ConfUtils.java:logGet(43)) - raft.server.log.appender.install.snapshot.enabled = false (custom)
2019-10-04 14:10:43,895 [pool-129-thread-1] INFO  impl.RaftServerImpl (RaftServerImpl.java:<init>(95)) - 4e5dbce8-c406-4dc6-923f-e4f7868c83aa: new RaftServerImpl for group-F9806A76D640:[0003c591-35f2-4f93-8e50-f22d26a3926e:192.168.5.142:42307, 4e5dbce8-c406-4dc6-923f-e4f7868c83aa:192.168.5.142:45350, afdeb2fb-212d-4377-bced-2343a81b5b39:192.168.5.142:37288] with ContainerStateMachine:uninitialized
2019-10-04 14:10:43,895 [pool-139-thread-1] INFO  impl.RaftServerImpl (ServerState.java:<init>(103)) - 0003c591-35f2-4f93-8e50-f22d26a3926e@group-F9806A76D640: ConfigurationManager, init=-1: [0003c591-35f2-4f93-8e50-f22d26a3926e:192.168.5.142:42307, 4e5dbce8-c406-4dc6-923f-e4f7868c83aa:192.168.5.142:45350, afdeb2fb-212d-4377-bced-2343a81b5b39:192.168.5.142:37288], old=null, confs=<EMPTY_MAP>
2019-10-04 14:10:43,895 [pool-129-thread-1] INFO  server.RaftServerConfigKeys (ConfUtils.java:logGet(43)) - raft.server.rpc.timeout.min = 5s (custom)
2019-10-04 14:10:43,896 [pool-139-thread-1] INFO  server.RaftServerConfigKeys (ConfUtils.java:logGet(43)) - raft.server.storage.dir = [/workdir/hadoop-ozone/integration-test/target/test-dir/MiniOzoneClusterImpl-049a3f56-5af9-4c3e-af4b-63e3eda3ba33/datanode-2/data/ratis] (custom)
2019-10-04 14:10:43,896 [pool-129-thread-1] INFO  server.RaftServerConfigKeys (ConfUtils.java:logGet(43)) - raft.server.rpc.timeout.max = 5200ms (custom)
2019-10-04 14:10:43,896 [pool-119-thread-1] INFO  impl.RaftServerImpl (RaftServerImpl.java:<init>(95)) - afdeb2fb-212d-4377-bced-2343a81b5b39: new RaftServerImpl for group-F9806A76D640:[0003c591-35f2-4f93-8e50-f22d26a3926e:192.168.5.142:42307, 4e5dbce8-c406-4dc6-923f-e4f7868c83aa:192.168.5.142:45350, afdeb2fb-212d-4377-bced-2343a81b5b39:192.168.5.142:37288] with ContainerStateMachine:uninitialized
2019-10-04 14:10:43,896 [pool-139-thread-1] INFO  server.RaftServerConfigKeys (ConfUtils.java:logGet(43)) - raft.server.log.corruption.policy = EXCEPTION (default)
2019-10-04 14:10:43,896 [pool-129-thread-1] INFO  server.RaftServerConfigKeys (ConfUtils.java:logGet(43)) - raft.server.rpcslowness.timeout = 120s (custom)
2019-10-04 14:10:43,896 [pool-139-thread-1] INFO  storage.RaftStorageDirectory (RaftStorageDirectory.java:analyzeStorage(246)) - The storage directory /workdir/hadoop-ozone/integration-test/target/test-dir/MiniOzoneClusterImpl-049a3f56-5af9-4c3e-af4b-63e3eda3ba33/datanode-2/data/ratis/6e34ad7a-993b-4d57-8e4b-f9806a76d640 does not exist. Creating ...
2019-10-04 14:10:43,896 [pool-119-thread-1] INFO  server.RaftServerConfigKeys (ConfUtils.java:logGet(43)) - raft.server.rpc.timeout.min = 5s (custom)
2019-10-04 14:10:43,896 [pool-129-thread-1] INFO  server.RaftServerConfigKeys (ConfUtils.java:logGet(43)) - raft.server.sleep.deviation.threshold = 300 (default)
2019-10-04 14:10:43,896 [pool-119-thread-1] INFO  server.RaftServerConfigKeys (ConfUtils.java:logGet(43)) - raft.server.rpc.timeout.max = 5200ms (custom)
2019-10-04 14:10:43,897 [pool-129-thread-1] INFO  server.RaftServerConfigKeys (ConfUtils.java:logGet(43)) - raft.server.log.appender.install.snapshot.enabled = false (custom)
2019-10-04 14:10:43,897 [pool-119-thread-1] INFO  server.RaftServerConfigKeys (ConfUtils.java:logGet(43)) - raft.server.rpcslowness.timeout = 120s (custom)
2019-10-04 14:10:43,897 [pool-129-thread-1] INFO  impl.RaftServerImpl (ServerState.java:<init>(103)) - 4e5dbce8-c406-4dc6-923f-e4f7868c83aa@group-F9806A76D640: ConfigurationManager, init=-1: [0003c591-35f2-4f93-8e50-f22d26a3926e:192.168.5.142:42307, 4e5dbce8-c406-4dc6-923f-e4f7868c83aa:192.168.5.142:45350, afdeb2fb-212d-4377-bced-2343a81b5b39:192.168.5.142:37288], old=null, confs=<EMPTY_MAP>
2019-10-04 14:10:43,897 [pool-119-thread-1] INFO  server.RaftServerConfigKeys (ConfUtils.java:logGet(43)) - raft.server.sleep.deviation.threshold = 300 (default)
2019-10-04 14:10:43,897 [pool-129-thread-1] INFO  server.RaftServerConfigKeys (ConfUtils.java:logGet(43)) - raft.server.storage.dir = [/workdir/hadoop-ozone/integration-test/target/test-dir/MiniOzoneClusterImpl-049a3f56-5af9-4c3e-af4b-63e3eda3ba33/datanode-1/data/ratis] (custom)
2019-10-04 14:10:43,897 [pool-119-thread-1] INFO  server.RaftServerConfigKeys (ConfUtils.java:logGet(43)) - raft.server.log.appender.install.snapshot.enabled = false (custom)
2019-10-04 14:10:43,897 [pool-119-thread-1] INFO  impl.RaftServerImpl (ServerState.java:<init>(103)) - afdeb2fb-212d-4377-bced-2343a81b5b39@group-F9806A76D640: ConfigurationManager, init=-1: [0003c591-35f2-4f93-8e50-f22d26a3926e:192.168.5.142:42307, 4e5dbce8-c406-4dc6-923f-e4f7868c83aa:192.168.5.142:45350, afdeb2fb-212d-4377-bced-2343a81b5b39:192.168.5.142:37288], old=null, confs=<EMPTY_MAP>
2019-10-04 14:10:43,898 [pool-129-thread-1] INFO  server.RaftServerConfigKeys (ConfUtils.java:logGet(43)) - raft.server.log.corruption.policy = EXCEPTION (default)
2019-10-04 14:10:43,898 [pool-119-thread-1] INFO  server.RaftServerConfigKeys (ConfUtils.java:logGet(43)) - raft.server.storage.dir = [/workdir/hadoop-ozone/integration-test/target/test-dir/MiniOzoneClusterImpl-049a3f56-5af9-4c3e-af4b-63e3eda3ba33/datanode-0/data/ratis] (custom)
2019-10-04 14:10:43,898 [pool-129-thread-1] INFO  storage.RaftStorageDirectory (RaftStorageDirectory.java:analyzeStorage(246)) - The storage directory /workdir/hadoop-ozone/integration-test/target/test-dir/MiniOzoneClusterImpl-049a3f56-5af9-4c3e-af4b-63e3eda3ba33/datanode-1/data/ratis/6e34ad7a-993b-4d57-8e4b-f9806a76d640 does not exist. Creating ...
2019-10-04 14:10:43,898 [pool-119-thread-1] INFO  server.RaftServerConfigKeys (ConfUtils.java:logGet(43)) - raft.server.log.corruption.policy = EXCEPTION (default)
2019-10-04 14:10:43,898 [pool-119-thread-1] INFO  storage.RaftStorageDirectory (RaftStorageDirectory.java:analyzeStorage(246)) - The storage directory /workdir/hadoop-ozone/integration-test/target/test-dir/MiniOzoneClusterImpl-049a3f56-5af9-4c3e-af4b-63e3eda3ba33/datanode-0/data/ratis/6e34ad7a-993b-4d57-8e4b-f9806a76d640 does not exist. Creating ...
2019-10-04 14:10:43,910 [pool-139-thread-1] INFO  storage.RaftStorageDirectory (RaftStorageDirectory.java:tryLock(328)) - Lock on /workdir/hadoop-ozone/integration-test/target/test-dir/MiniOzoneClusterImpl-049a3f56-5af9-4c3e-af4b-63e3eda3ba33/datanode-2/data/ratis/6e34ad7a-993b-4d57-8e4b-f9806a76d640/in_use.lock acquired by nodename 18160@pr-hdds-2204-d78b8-1674338442
2019-10-04 14:10:43,910 [pool-129-thread-1] INFO  storage.RaftStorageDirectory (RaftStorageDirectory.java:tryLock(328)) - Lock on /workdir/hadoop-ozone/integration-test/target/test-dir/MiniOzoneClusterImpl-049a3f56-5af9-4c3e-af4b-63e3eda3ba33/datanode-1/data/ratis/6e34ad7a-993b-4d57-8e4b-f9806a76d640/in_use.lock acquired by nodename 18160@pr-hdds-2204-d78b8-1674338442
2019-10-04 14:10:43,910 [pool-119-thread-1] INFO  storage.RaftStorageDirectory (RaftStorageDirectory.java:tryLock(328)) - Lock on /workdir/hadoop-ozone/integration-test/target/test-dir/MiniOzoneClusterImpl-049a3f56-5af9-4c3e-af4b-63e3eda3ba33/datanode-0/data/ratis/6e34ad7a-993b-4d57-8e4b-f9806a76d640/in_use.lock acquired by nodename 18160@pr-hdds-2204-d78b8-1674338442
2019-10-04 14:10:43,936 [pool-119-thread-1] INFO  storage.RaftStorage (RaftStorage.java:format(84)) - Storage directory /workdir/hadoop-ozone/integration-test/target/test-dir/MiniOzoneClusterImpl-049a3f56-5af9-4c3e-af4b-63e3eda3ba33/datanode-0/data/ratis/6e34ad7a-993b-4d57-8e4b-f9806a76d640 has been successfully formatted.
2019-10-04 14:10:43,936 [pool-129-thread-1] INFO  storage.RaftStorage (RaftStorage.java:format(84)) - Storage directory /workdir/hadoop-ozone/integration-test/target/test-dir/MiniOzoneClusterImpl-049a3f56-5af9-4c3e-af4b-63e3eda3ba33/datanode-1/data/ratis/6e34ad7a-993b-4d57-8e4b-f9806a76d640 has been successfully formatted.
2019-10-04 14:10:43,936 [pool-139-thread-1] INFO  storage.RaftStorage (RaftStorage.java:format(84)) - Storage directory /workdir/hadoop-ozone/integration-test/target/test-dir/MiniOzoneClusterImpl-049a3f56-5af9-4c3e-af4b-63e3eda3ba33/datanode-2/data/ratis/6e34ad7a-993b-4d57-8e4b-f9806a76d640 has been successfully formatted.
2019-10-04 14:10:43,936 [pool-129-thread-1] INFO  ratis.ContainerStateMachine (ContainerStateMachine.java:loadSnapshot(230)) - group-F9806A76D640: The snapshot info is null. Setting the last applied indexto:(t:0, i:~)
2019-10-04 14:10:43,936 [pool-119-thread-1] INFO  ratis.ContainerStateMachine (ContainerStateMachine.java:loadSnapshot(230)) - group-F9806A76D640: The snapshot info is null. Setting the last applied indexto:(t:0, i:~)
2019-10-04 14:10:43,936 [pool-129-thread-1] INFO  server.RaftServerConfigKeys (ConfUtils.java:logGet(43)) - raft.server.notification.no-leader.timeout = 120s (custom)
2019-10-04 14:10:43,936 [pool-139-thread-1] INFO  ratis.ContainerStateMachine (ContainerStateMachine.java:loadSnapshot(230)) - group-F9806A76D640: The snapshot info is null. Setting the last applied indexto:(t:0, i:~)
2019-10-04 14:10:43,937 [pool-129-thread-1] INFO  server.RaftServerConfigKeys (ConfUtils.java:logGet(43)) - raft.server.log.use.memory = false (default)
2019-10-04 14:10:43,937 [pool-119-thread-1] INFO  server.RaftServerConfigKeys (ConfUtils.java:logGet(43)) - raft.server.notification.no-leader.timeout = 120s (custom)
2019-10-04 14:10:43,937 [pool-129-thread-1] INFO  server.RaftServerConfigKeys (ConfUtils.java:logGet(43)) - raft.server.log.purge.gap = 1000000 (custom)
2019-10-04 14:10:43,937 [pool-139-thread-1] INFO  server.RaftServerConfigKeys (ConfUtils.java:logGet(43)) - raft.server.notification.no-leader.timeout = 120s (custom)
2019-10-04 14:10:43,937 [pool-129-thread-1] INFO  server.RaftServerConfigKeys (ConfUtils.java:logGet(43)) - raft.server.log.appender.buffer.byte-limit = 33554432 (custom)
2019-10-04 14:10:43,937 [pool-119-thread-1] INFO  server.RaftServerConfigKeys (ConfUtils.java:logGet(43)) - raft.server.log.use.memory = false (default)
2019-10-04 14:10:43,937 [pool-129-thread-1] INFO  server.RaftServerConfigKeys (ConfUtils.java:logGet(43)) - raft.server.log.segment.size.max = 1048576 (custom)
2019-10-04 14:10:43,937 [pool-139-thread-1] INFO  server.RaftServerConfigKeys (ConfUtils.java:logGet(43)) - raft.server.log.use.memory = false (default)
2019-10-04 14:10:43,938 [pool-129-thread-1] INFO  server.RaftServerConfigKeys (ConfUtils.java:logGet(43)) - raft.server.log.segment.cache.num.max = 2 (custom)
2019-10-04 14:10:43,938 [pool-119-thread-1] INFO  server.RaftServerConfigKeys (ConfUtils.java:logGet(43)) - raft.server.log.purge.gap = 1000000 (custom)
2019-10-04 14:10:43,938 [pool-129-thread-1] INFO  segmented.SegmentedRaftLogWorker (SegmentedRaftLogWorker.java:<init>(173)) - new 4e5dbce8-c406-4dc6-923f-e4f7868c83aa@group-F9806A76D640-SegmentedRaftLogWorker for RaftStorage:Storage Directory /workdir/hadoop-ozone/integration-test/target/test-dir/MiniOzoneClusterImpl-049a3f56-5af9-4c3e-af4b-63e3eda3ba33/datanode-1/data/ratis/6e34ad7a-993b-4d57-8e4b-f9806a76d640
2019-10-04 14:10:43,938 [pool-139-thread-1] INFO  server.RaftServerConfigKeys (ConfUtils.java:logGet(43)) - raft.server.log.purge.gap = 1000000 (custom)
2019-10-04 14:10:43,938 [pool-129-thread-1] INFO  server.RaftServerConfigKeys (ConfUtils.java:logGet(43)) - raft.server.log.queue.byte-limit = 2147483647 (custom)
2019-10-04 14:10:43,938 [pool-119-thread-1] INFO  server.RaftServerConfigKeys (ConfUtils.java:logGet(43)) - raft.server.log.appender.buffer.byte-limit = 33554432 (custom)
2019-10-04 14:10:43,938 [pool-129-thread-1] INFO  server.RaftServerConfigKeys (ConfUtils.java:logGet(43)) - raft.server.log.queue.element-limit = 1024 (custom)
2019-10-04 14:10:43,938 [pool-139-thread-1] INFO  server.RaftServerConfigKeys (ConfUtils.java:logGet(43)) - raft.server.log.appender.buffer.byte-limit = 33554432 (custom)
2019-10-04 14:10:43,939 [pool-129-thread-1] INFO  server.RaftServerConfigKeys (ConfUtils.java:logGet(43)) - raft.server.log.segment.size.max = 1048576 (custom)
2019-10-04 14:10:43,938 [pool-119-thread-1] INFO  server.RaftServerConfigKeys (ConfUtils.java:logGet(43)) - raft.server.log.segment.size.max = 1048576 (custom)
2019-10-04 14:10:43,939 [pool-129-thread-1] INFO  server.RaftServerConfigKeys (ConfUtils.java:logGet(43)) - raft.server.log.preallocated.size = 16384 (custom)
2019-10-04 14:10:43,939 [pool-139-thread-1] INFO  server.RaftServerConfigKeys (ConfUtils.java:logGet(43)) - raft.server.log.segment.size.max = 1048576 (custom)
2019-10-04 14:10:43,939 [pool-129-thread-1] INFO  server.RaftServerConfigKeys (ConfUtils.java:logGet(43)) - raft.server.log.write.buffer.size = 33554432 (custom)
2019-10-04 14:10:43,939 [pool-119-thread-1] INFO  server.RaftServerConfigKeys (ConfUtils.java:logGet(43)) - raft.server.log.segment.cache.num.max = 2 (custom)
2019-10-04 14:10:43,939 [pool-129-thread-1] INFO  server.RaftServerConfigKeys (ConfUtils.java:logGet(43)) - raft.server.log.force.sync.num = 128 (default)
2019-10-04 14:10:43,939 [pool-139-thread-1] INFO  server.RaftServerConfigKeys (ConfUtils.java:logGet(43)) - raft.server.log.segment.cache.num.max = 2 (custom)
2019-10-04 14:10:43,940 [pool-129-thread-1] INFO  server.RaftServerConfigKeys (ConfUtils.java:logGet(43)) - raft.server.log.statemachine.data.sync = true (default)
2019-10-04 14:10:43,939 [pool-119-thread-1] INFO  segmented.SegmentedRaftLogWorker (SegmentedRaftLogWorker.java:<init>(173)) - new afdeb2fb-212d-4377-bced-2343a81b5b39@group-F9806A76D640-SegmentedRaftLogWorker for RaftStorage:Storage Directory /workdir/hadoop-ozone/integration-test/target/test-dir/MiniOzoneClusterImpl-049a3f56-5af9-4c3e-af4b-63e3eda3ba33/datanode-0/data/ratis/6e34ad7a-993b-4d57-8e4b-f9806a76d640
2019-10-04 14:10:43,940 [pool-129-thread-1] INFO  server.RaftServerConfigKeys (ConfUtils.java:logGet(43)) - raft.server.log.statemachine.data.sync.timeout = 10s (default)
2019-10-04 14:10:43,940 [pool-139-thread-1] INFO  segmented.SegmentedRaftLogWorker (SegmentedRaftLogWorker.java:<init>(173)) - new 0003c591-35f2-4f93-8e50-f22d26a3926e@group-F9806A76D640-SegmentedRaftLogWorker for RaftStorage:Storage Directory /workdir/hadoop-ozone/integration-test/target/test-dir/MiniOzoneClusterImpl-049a3f56-5af9-4c3e-af4b-63e3eda3ba33/datanode-2/data/ratis/6e34ad7a-993b-4d57-8e4b-f9806a76d640
2019-10-04 14:10:43,940 [pool-129-thread-1] INFO  server.RaftServerConfigKeys (ConfUtils.java:logGet(43)) - raft.server.log.statemachine.data.sync.timeout.retry = -1 (default)
2019-10-04 14:10:43,940 [pool-119-thread-1] INFO  server.RaftServerConfigKeys (ConfUtils.java:logGet(43)) - raft.server.log.queue.byte-limit = 2147483647 (custom)
2019-10-04 14:10:43,940 [pool-129-thread-1] INFO  server.RaftServerConfigKeys (ConfUtils.java:logGet(43)) - raft.server.log.statemachine.data.caching.enabled = true (custom)
2019-10-04 14:10:43,940 [pool-139-thread-1] INFO  server.RaftServerConfigKeys (ConfUtils.java:logGet(43)) - raft.server.log.queue.byte-limit = 2147483647 (custom)
2019-10-04 14:10:43,941 [pool-119-thread-1] INFO  server.RaftServerConfigKeys (ConfUtils.java:logGet(43)) - raft.server.log.queue.element-limit = 1024 (custom)
2019-10-04 14:10:43,941 [pool-129-thread-1] INFO  segmented.SegmentedRaftLogWorker (SegmentedRaftLogWorker.java:lambda$new$0(128)) - 4e5dbce8-c406-4dc6-923f-e4f7868c83aa@group-F9806A76D640-SegmentedRaftLogWorker: flushIndex: setUnconditionally 0 -> -1
2019-10-04 14:10:43,941 [pool-139-thread-1] INFO  server.RaftServerConfigKeys (ConfUtils.java:logGet(43)) - raft.server.log.queue.element-limit = 1024 (custom)
2019-10-04 14:10:43,941 [pool-119-thread-1] INFO  server.RaftServerConfigKeys (ConfUtils.java:logGet(43)) - raft.server.log.segment.size.max = 1048576 (custom)
2019-10-04 14:10:43,941 [pool-129-thread-1] INFO  server.RaftServerConfigKeys (ConfUtils.java:logGet(43)) - raft.server.snapshot.auto.trigger.enabled = true (custom)
2019-10-04 14:10:43,941 [pool-139-thread-1] INFO  server.RaftServerConfigKeys (ConfUtils.java:logGet(43)) - raft.server.log.segment.size.max = 1048576 (custom)
2019-10-04 14:10:43,941 [pool-129-thread-1] INFO  server.RaftServerConfigKeys (ConfUtils.java:logGet(43)) - raft.server.snapshot.auto.trigger.threshold = 10000 (custom)
2019-10-04 14:10:43,941 [pool-119-thread-1] INFO  server.RaftServerConfigKeys (ConfUtils.java:logGet(43)) - raft.server.log.preallocated.size = 16384 (custom)
2019-10-04 14:10:43,942 [pool-129-thread-1] INFO  server.RaftServerConfigKeys (ConfUtils.java:logGet(43)) - raft.server.snapshot.retention.file.num = 5 (custom)
2019-10-04 14:10:43,942 [pool-139-thread-1] INFO  server.RaftServerConfigKeys (ConfUtils.java:logGet(43)) - raft.server.log.preallocated.size = 16384 (custom)
2019-10-04 14:10:43,942 [pool-129-thread-1] INFO  server.RaftServerConfigKeys (ConfUtils.java:logGet(43)) - raft.server.retrycache.expirytime = 600000ms (custom)
2019-10-04 14:10:43,942 [pool-119-thread-1] INFO  server.RaftServerConfigKeys (ConfUtils.java:logGet(43)) - raft.server.log.write.buffer.size = 33554432 (custom)
2019-10-04 14:10:43,942 [pool-139-thread-1] INFO  server.RaftServerConfigKeys (ConfUtils.java:logGet(43)) - raft.server.log.write.buffer.size = 33554432 (custom)
2019-10-04 14:10:43,942 [pool-119-thread-1] INFO  server.RaftServerConfigKeys (ConfUtils.java:logGet(43)) - raft.server.log.force.sync.num = 128 (default)
2019-10-04 14:10:43,942 [pool-139-thread-1] INFO  server.RaftServerConfigKeys (ConfUtils.java:logGet(43)) - raft.server.log.force.sync.num = 128 (default)
2019-10-04 14:10:43,943 [pool-119-thread-1] INFO  server.RaftServerConfigKeys (ConfUtils.java:logGet(43)) - raft.server.log.statemachine.data.sync = true (default)
2019-10-04 14:10:43,943 [pool-139-thread-1] INFO  server.RaftServerConfigKeys (ConfUtils.java:logGet(43)) - raft.server.log.statemachine.data.sync = true (default)
2019-10-04 14:10:43,943 [pool-119-thread-1] INFO  server.RaftServerConfigKeys (ConfUtils.java:logGet(43)) - raft.server.log.statemachine.data.sync.timeout = 10s (default)
2019-10-04 14:10:43,943 [pool-139-thread-1] INFO  server.RaftServerConfigKeys (ConfUtils.java:logGet(43)) - raft.server.log.statemachine.data.sync.timeout = 10s (default)
2019-10-04 14:10:43,943 [pool-119-thread-1] INFO  server.RaftServerConfigKeys (ConfUtils.java:logGet(43)) - raft.server.log.statemachine.data.sync.timeout.retry = -1 (default)
2019-10-04 14:10:43,943 [pool-139-thread-1] INFO  server.RaftServerConfigKeys (ConfUtils.java:logGet(43)) - raft.server.log.statemachine.data.sync.timeout.retry = -1 (default)
2019-10-04 14:10:43,943 [pool-119-thread-1] INFO  server.RaftServerConfigKeys (ConfUtils.java:logGet(43)) - raft.server.log.statemachine.data.caching.enabled = true (custom)
2019-10-04 14:10:43,944 [pool-139-thread-1] INFO  server.RaftServerConfigKeys (ConfUtils.java:logGet(43)) - raft.server.log.statemachine.data.caching.enabled = true (custom)
2019-10-04 14:10:43,944 [pool-119-thread-1] INFO  segmented.SegmentedRaftLogWorker (SegmentedRaftLogWorker.java:lambda$new$0(128)) - afdeb2fb-212d-4377-bced-2343a81b5b39@group-F9806A76D640-SegmentedRaftLogWorker: flushIndex: setUnconditionally 0 -> -1
2019-10-04 14:10:43,944 [pool-139-thread-1] INFO  segmented.SegmentedRaftLogWorker (SegmentedRaftLogWorker.java:lambda$new$0(128)) - 0003c591-35f2-4f93-8e50-f22d26a3926e@group-F9806A76D640-SegmentedRaftLogWorker: flushIndex: setUnconditionally 0 -> -1
2019-10-04 14:10:43,944 [pool-119-thread-1] INFO  server.RaftServerConfigKeys (ConfUtils.java:logGet(43)) - raft.server.snapshot.auto.trigger.enabled = true (custom)
2019-10-04 14:10:43,944 [pool-119-thread-1] INFO  server.RaftServerConfigKeys (ConfUtils.java:logGet(43)) - raft.server.snapshot.auto.trigger.threshold = 10000 (custom)
2019-10-04 14:10:43,944 [pool-139-thread-1] INFO  server.RaftServerConfigKeys (ConfUtils.java:logGet(43)) - raft.server.snapshot.auto.trigger.enabled = true (custom)
2019-10-04 14:10:43,944 [pool-119-thread-1] INFO  server.RaftServerConfigKeys (ConfUtils.java:logGet(43)) - raft.server.snapshot.retention.file.num = 5 (custom)
2019-10-04 14:10:43,944 [pool-139-thread-1] INFO  server.RaftServerConfigKeys (ConfUtils.java:logGet(43)) - raft.server.snapshot.auto.trigger.threshold = 10000 (custom)
2019-10-04 14:10:43,945 [pool-119-thread-1] INFO  server.RaftServerConfigKeys (ConfUtils.java:logGet(43)) - raft.server.retrycache.expirytime = 600000ms (custom)
2019-10-04 14:10:43,945 [pool-129-thread-1] INFO  impl.RaftServerImpl (RaftServerImpl.java:start(181)) - 4e5dbce8-c406-4dc6-923f-e4f7868c83aa@group-F9806A76D640: start as a follower, conf=-1: [0003c591-35f2-4f93-8e50-f22d26a3926e:192.168.5.142:42307, 4e5dbce8-c406-4dc6-923f-e4f7868c83aa:192.168.5.142:45350, afdeb2fb-212d-4377-bced-2343a81b5b39:192.168.5.142:37288], old=null
2019-10-04 14:10:43,945 [pool-139-thread-1] INFO  server.RaftServerConfigKeys (ConfUtils.java:logGet(43)) - raft.server.snapshot.retention.file.num = 5 (custom)
2019-10-04 14:10:43,945 [pool-129-thread-1] INFO  impl.RaftServerImpl (RaftServerImpl.java:setRole(170)) - 4e5dbce8-c406-4dc6-923f-e4f7868c83aa@group-F9806A76D640: changes role from      null to FOLLOWER at term 0 for startAsFollower
2019-10-04 14:10:43,945 [pool-139-thread-1] INFO  server.RaftServerConfigKeys (ConfUtils.java:logGet(43)) - raft.server.retrycache.expirytime = 600000ms (custom)
2019-10-04 14:10:43,945 [pool-129-thread-1] INFO  impl.RoleInfo (RoleInfo.java:updateAndGet(143)) - 4e5dbce8-c406-4dc6-923f-e4f7868c83aa: start FollowerState
2019-10-04 14:10:43,946 [pool-129-thread-1] INFO  util.JmxRegister (JmxRegister.java:tryRegister(44)) - Successfully registered JMX Bean with object name Ratis:service=RaftServer,group=group-F9806A76D640,id=4e5dbce8-c406-4dc6-923f-e4f7868c83aa
2019-10-04 14:10:43,948 [pool-119-thread-1] INFO  impl.RaftServerImpl (RaftServerImpl.java:start(181)) - afdeb2fb-212d-4377-bced-2343a81b5b39@group-F9806A76D640: start as a follower, conf=-1: [0003c591-35f2-4f93-8e50-f22d26a3926e:192.168.5.142:42307, 4e5dbce8-c406-4dc6-923f-e4f7868c83aa:192.168.5.142:45350, afdeb2fb-212d-4377-bced-2343a81b5b39:192.168.5.142:37288], old=null
2019-10-04 14:10:43,948 [pool-119-thread-1] INFO  impl.RaftServerImpl (RaftServerImpl.java:setRole(170)) - afdeb2fb-212d-4377-bced-2343a81b5b39@group-F9806A76D640: changes role from      null to FOLLOWER at term 0 for startAsFollower
2019-10-04 14:10:43,949 [pool-119-thread-1] INFO  impl.RoleInfo (RoleInfo.java:updateAndGet(143)) - afdeb2fb-212d-4377-bced-2343a81b5b39: start FollowerState
2019-10-04 14:10:43,949 [pool-119-thread-1] INFO  util.JmxRegister (JmxRegister.java:tryRegister(44)) - Successfully registered JMX Bean with object name Ratis:service=RaftServer,group=group-F9806A76D640,id=afdeb2fb-212d-4377-bced-2343a81b5b39
2019-10-04 14:10:43,949 [pool-139-thread-1] INFO  impl.RaftServerImpl (RaftServerImpl.java:start(181)) - 0003c591-35f2-4f93-8e50-f22d26a3926e@group-F9806A76D640: start as a follower, conf=-1: [0003c591-35f2-4f93-8e50-f22d26a3926e:192.168.5.142:42307, 4e5dbce8-c406-4dc6-923f-e4f7868c83aa:192.168.5.142:45350, afdeb2fb-212d-4377-bced-2343a81b5b39:192.168.5.142:37288], old=null
2019-10-04 14:10:43,949 [pool-139-thread-1] INFO  impl.RaftServerImpl (RaftServerImpl.java:setRole(170)) - 0003c591-35f2-4f93-8e50-f22d26a3926e@group-F9806A76D640: changes role from      null to FOLLOWER at term 0 for startAsFollower
2019-10-04 14:10:43,949 [pool-139-thread-1] INFO  impl.RoleInfo (RoleInfo.java:updateAndGet(143)) - 0003c591-35f2-4f93-8e50-f22d26a3926e: start FollowerState
2019-10-04 14:10:43,950 [pool-139-thread-1] INFO  util.JmxRegister (JmxRegister.java:tryRegister(44)) - Successfully registered JMX Bean with object name Ratis:service=RaftServer,group=group-F9806A76D640,id=0003c591-35f2-4f93-8e50-f22d26a3926e
2019-10-04 14:10:43,958 [RatisPipelineUtilsThread] INFO  pipeline.PipelineStateManager (PipelineStateManager.java:addPipeline(56)) - Created pipeline Pipeline[ Id: 6e34ad7a-993b-4d57-8e4b-f9806a76d640, Nodes: afdeb2fb-212d-4377-bced-2343a81b5b39{ip: 192.168.5.142, host: pr-hdds-2204-d78b8-1674338442, networkLocation: /default-rack, certSerialId: null}0003c591-35f2-4f93-8e50-f22d26a3926e{ip: 192.168.5.142, host: pr-hdds-2204-d78b8-1674338442, networkLocation: /default-rack, certSerialId: null}4e5dbce8-c406-4dc6-923f-e4f7868c83aa{ip: 192.168.5.142, host: pr-hdds-2204-d78b8-1674338442, networkLocation: /default-rack, certSerialId: null}, Type:RATIS, Factor:THREE, State:OPEN]
2019-10-04 14:10:43,971 [grpc-default-executor-2] INFO  impl.RaftServerProxy (RaftServerProxy.java:addNew(89)) - 1008e79f-508c-492d-9d04-12ff6e91b544: addNew group-CF9568AE36B1:[1008e79f-508c-492d-9d04-12ff6e91b544:192.168.5.142:35459] returns group-CF9568AE36B1:java.util.concurrent.CompletableFuture@4863175[Not completed]
2019-10-04 14:10:43,976 [pool-159-thread-1] INFO  impl.RaftServerImpl (RaftServerImpl.java:<init>(95)) - 1008e79f-508c-492d-9d04-12ff6e91b544: new RaftServerImpl for group-CF9568AE36B1:[1008e79f-508c-492d-9d04-12ff6e91b544:192.168.5.142:35459] with ContainerStateMachine:uninitialized
2019-10-04 14:10:43,978 [pool-159-thread-1] INFO  server.RaftServerConfigKeys (ConfUtils.java:logGet(43)) - raft.server.rpc.timeout.min = 5s (custom)
2019-10-04 14:10:43,978 [pool-159-thread-1] INFO  server.RaftServerConfigKeys (ConfUtils.java:logGet(43)) - raft.server.rpc.timeout.max = 5200ms (custom)
2019-10-04 14:10:43,979 [pool-159-thread-1] INFO  server.RaftServerConfigKeys (ConfUtils.java:logGet(43)) - raft.server.rpcslowness.timeout = 120s (custom)
2019-10-04 14:10:43,979 [pool-159-thread-1] INFO  server.RaftServerConfigKeys (ConfUtils.java:logGet(43)) - raft.server.sleep.deviation.threshold = 300 (default)
2019-10-04 14:10:43,979 [pool-159-thread-1] INFO  server.RaftServerConfigKeys (ConfUtils.java:logGet(43)) - raft.server.log.appender.install.snapshot.enabled = false (custom)
2019-10-04 14:10:43,979 [pool-159-thread-1] INFO  impl.RaftServerImpl (ServerState.java:<init>(103)) - 1008e79f-508c-492d-9d04-12ff6e91b544@group-CF9568AE36B1: ConfigurationManager, init=-1: [1008e79f-508c-492d-9d04-12ff6e91b544:192.168.5.142:35459], old=null, confs=<EMPTY_MAP>
2019-10-04 14:10:43,979 [pool-159-thread-1] INFO  server.RaftServerConfigKeys (ConfUtils.java:logGet(43)) - raft.server.storage.dir = [/workdir/hadoop-ozone/integration-test/target/test-dir/MiniOzoneClusterImpl-049a3f56-5af9-4c3e-af4b-63e3eda3ba33/datanode-4/data/ratis] (custom)
2019-10-04 14:10:43,979 [pool-159-thread-1] INFO  server.RaftServerConfigKeys (ConfUtils.java:logGet(43)) - raft.server.log.corruption.policy = EXCEPTION (default)
2019-10-04 14:10:43,980 [pool-159-thread-1] INFO  storage.RaftStorageDirectory (RaftStorageDirectory.java:analyzeStorage(246)) - The storage directory /workdir/hadoop-ozone/integration-test/target/test-dir/MiniOzoneClusterImpl-049a3f56-5af9-4c3e-af4b-63e3eda3ba33/datanode-4/data/ratis/5aced55f-5486-4521-bc5d-cf9568ae36b1 does not exist. Creating ...
2019-10-04 14:10:43,992 [pool-159-thread-1] INFO  storage.RaftStorageDirectory (RaftStorageDirectory.java:tryLock(328)) - Lock on /workdir/hadoop-ozone/integration-test/target/test-dir/MiniOzoneClusterImpl-049a3f56-5af9-4c3e-af4b-63e3eda3ba33/datanode-4/data/ratis/5aced55f-5486-4521-bc5d-cf9568ae36b1/in_use.lock acquired by nodename 18160@pr-hdds-2204-d78b8-1674338442
2019-10-04 14:10:43,996 [IPC Server handler 18 on 42200] INFO  net.NetworkTopology (NetworkTopologyImpl.java:add(111)) - Added a new node: /default-rack/c4ce4f89-6a2e-4714-b6f6-5862b6e58892
2019-10-04 14:10:43,996 [IPC Server handler 18 on 42200] INFO  node.SCMNodeManager (SCMNodeManager.java:register(268)) - Registered Data node : c4ce4f89-6a2e-4714-b6f6-5862b6e58892{ip: 192.168.5.142, host: pr-hdds-2204-d78b8-1674338442, networkLocation: /default-rack, certSerialId: null}
2019-10-04 14:10:44,005 [pool-159-thread-1] INFO  storage.RaftStorage (RaftStorage.java:format(84)) - Storage directory /workdir/hadoop-ozone/integration-test/target/test-dir/MiniOzoneClusterImpl-049a3f56-5af9-4c3e-af4b-63e3eda3ba33/datanode-4/data/ratis/5aced55f-5486-4521-bc5d-cf9568ae36b1 has been successfully formatted.
2019-10-04 14:10:44,005 [pool-159-thread-1] INFO  ratis.ContainerStateMachine (ContainerStateMachine.java:loadSnapshot(230)) - group-CF9568AE36B1: The snapshot info is null. Setting the last applied indexto:(t:0, i:~)
2019-10-04 14:10:44,006 [pool-159-thread-1] INFO  server.RaftServerConfigKeys (ConfUtils.java:logGet(43)) - raft.server.notification.no-leader.timeout = 120s (custom)
2019-10-04 14:10:44,006 [pool-159-thread-1] INFO  server.RaftServerConfigKeys (ConfUtils.java:logGet(43)) - raft.server.log.use.memory = false (default)
2019-10-04 14:10:44,006 [pool-159-thread-1] INFO  server.RaftServerConfigKeys (ConfUtils.java:logGet(43)) - raft.server.log.purge.gap = 1000000 (custom)
2019-10-04 14:10:44,006 [pool-159-thread-1] INFO  server.RaftServerConfigKeys (ConfUtils.java:logGet(43)) - raft.server.log.appender.buffer.byte-limit = 33554432 (custom)
2019-10-04 14:10:44,006 [pool-159-thread-1] INFO  server.RaftServerConfigKeys (ConfUtils.java:logGet(43)) - raft.server.log.segment.size.max = 1048576 (custom)
2019-10-04 14:10:44,008 [pool-159-thread-1] INFO  server.RaftServerConfigKeys (ConfUtils.java:logGet(43)) - raft.server.log.segment.cache.num.max = 2 (custom)
2019-10-04 14:10:44,009 [pool-159-thread-1] INFO  segmented.SegmentedRaftLogWorker (SegmentedRaftLogWorker.java:<init>(173)) - new 1008e79f-508c-492d-9d04-12ff6e91b544@group-CF9568AE36B1-SegmentedRaftLogWorker for RaftStorage:Storage Directory /workdir/hadoop-ozone/integration-test/target/test-dir/MiniOzoneClusterImpl-049a3f56-5af9-4c3e-af4b-63e3eda3ba33/datanode-4/data/ratis/5aced55f-5486-4521-bc5d-cf9568ae36b1
2019-10-04 14:10:44,009 [pool-159-thread-1] INFO  server.RaftServerConfigKeys (ConfUtils.java:logGet(43)) - raft.server.log.queue.byte-limit = 2147483647 (custom)
2019-10-04 14:10:44,009 [pool-159-thread-1] INFO  server.RaftServerConfigKeys (ConfUtils.java:logGet(43)) - raft.server.log.queue.element-limit = 1024 (custom)
2019-10-04 14:10:44,009 [pool-159-thread-1] INFO  server.RaftServerConfigKeys (ConfUtils.java:logGet(43)) - raft.server.log.segment.size.max = 1048576 (custom)
2019-10-04 14:10:44,009 [pool-159-thread-1] INFO  server.RaftServerConfigKeys (ConfUtils.java:logGet(43)) - raft.server.log.preallocated.size = 16384 (custom)
2019-10-04 14:10:44,009 [pool-159-thread-1] INFO  server.RaftServerConfigKeys (ConfUtils.java:logGet(43)) - raft.server.log.write.buffer.size = 33554432 (custom)
2019-10-04 14:10:44,009 [pool-159-thread-1] INFO  server.RaftServerConfigKeys (ConfUtils.java:logGet(43)) - raft.server.log.force.sync.num = 128 (default)
2019-10-04 14:10:44,009 [pool-159-thread-1] INFO  server.RaftServerConfigKeys (ConfUtils.java:logGet(43)) - raft.server.log.statemachine.data.sync = true (default)
2019-10-04 14:10:44,010 [pool-159-thread-1] INFO  server.RaftServerConfigKeys (ConfUtils.java:logGet(43)) - raft.server.log.statemachine.data.sync.timeout = 10s (default)
2019-10-04 14:10:44,010 [pool-159-thread-1] INFO  server.RaftServerConfigKeys (ConfUtils.java:logGet(43)) - raft.server.log.statemachine.data.sync.timeout.retry = -1 (default)
2019-10-04 14:10:44,010 [pool-159-thread-1] INFO  server.RaftServerConfigKeys (ConfUtils.java:logGet(43)) - raft.server.log.statemachine.data.caching.enabled = true (custom)
2019-10-04 14:10:44,010 [pool-159-thread-1] INFO  segmented.SegmentedRaftLogWorker (SegmentedRaftLogWorker.java:lambda$new$0(128)) - 1008e79f-508c-492d-9d04-12ff6e91b544@group-CF9568AE36B1-SegmentedRaftLogWorker: flushIndex: setUnconditionally 0 -> -1
2019-10-04 14:10:44,011 [pool-159-thread-1] INFO  server.RaftServerConfigKeys (ConfUtils.java:logGet(43)) - raft.server.snapshot.auto.trigger.enabled = true (custom)
2019-10-04 14:10:44,011 [pool-159-thread-1] INFO  server.RaftServerConfigKeys (ConfUtils.java:logGet(43)) - raft.server.snapshot.auto.trigger.threshold = 10000 (custom)
2019-10-04 14:10:44,011 [pool-159-thread-1] INFO  server.RaftServerConfigKeys (ConfUtils.java:logGet(43)) - raft.server.snapshot.retention.file.num = 5 (custom)
2019-10-04 14:10:44,011 [pool-159-thread-1] INFO  server.RaftServerConfigKeys (ConfUtils.java:logGet(43)) - raft.server.retrycache.expirytime = 600000ms (custom)
2019-10-04 14:10:44,013 [pool-159-thread-1] INFO  impl.RaftServerImpl (RaftServerImpl.java:start(181)) - 1008e79f-508c-492d-9d04-12ff6e91b544@group-CF9568AE36B1: start as a follower, conf=-1: [1008e79f-508c-492d-9d04-12ff6e91b544:192.168.5.142:35459], old=null
2019-10-04 14:10:44,013 [pool-159-thread-1] INFO  impl.RaftServerImpl (RaftServerImpl.java:setRole(170)) - 1008e79f-508c-492d-9d04-12ff6e91b544@group-CF9568AE36B1: changes role from      null to FOLLOWER at term 0 for startAsFollower
2019-10-04 14:10:44,014 [pool-159-thread-1] INFO  impl.RoleInfo (RoleInfo.java:updateAndGet(143)) - 1008e79f-508c-492d-9d04-12ff6e91b544: start FollowerState
2019-10-04 14:10:44,014 [pool-159-thread-1] INFO  util.JmxRegister (JmxRegister.java:tryRegister(44)) - Successfully registered JMX Bean with object name Ratis:service=RaftServer,group=group-CF9568AE36B1,id=1008e79f-508c-492d-9d04-12ff6e91b544
2019-10-04 14:10:44,020 [RatisPipelineUtilsThread] INFO  pipeline.PipelineStateManager (PipelineStateManager.java:addPipeline(56)) - Created pipeline Pipeline[ Id: 5aced55f-5486-4521-bc5d-cf9568ae36b1, Nodes: 1008e79f-508c-492d-9d04-12ff6e91b544{ip: 192.168.5.142, host: pr-hdds-2204-d78b8-1674338442, networkLocation: /default-rack, certSerialId: null}, Type:RATIS, Factor:ONE, State:OPEN]
2019-10-04 14:10:44,028 [grpc-default-executor-2] INFO  impl.RaftServerProxy (RaftServerProxy.java:addNew(89)) - c4ce4f89-6a2e-4714-b6f6-5862b6e58892: addNew group-38F2330D2324:[c4ce4f89-6a2e-4714-b6f6-5862b6e58892:192.168.5.142:35265] returns group-38F2330D2324:java.util.concurrent.CompletableFuture@563e4d42[Not completed]
2019-10-04 14:10:44,033 [pool-169-thread-1] INFO  impl.RaftServerImpl (RaftServerImpl.java:<init>(95)) - c4ce4f89-6a2e-4714-b6f6-5862b6e58892: new RaftServerImpl for group-38F2330D2324:[c4ce4f89-6a2e-4714-b6f6-5862b6e58892:192.168.5.142:35265] with ContainerStateMachine:uninitialized
2019-10-04 14:10:44,033 [pool-169-thread-1] INFO  server.RaftServerConfigKeys (ConfUtils.java:logGet(43)) - raft.server.rpc.timeout.min = 5s (custom)
2019-10-04 14:10:44,033 [pool-169-thread-1] INFO  server.RaftServerConfigKeys (ConfUtils.java:logGet(43)) - raft.server.rpc.timeout.max = 5200ms (custom)
2019-10-04 14:10:44,033 [pool-169-thread-1] INFO  server.RaftServerConfigKeys (ConfUtils.java:logGet(43)) - raft.server.rpcslowness.timeout = 120s (custom)
2019-10-04 14:10:44,033 [pool-169-thread-1] INFO  server.RaftServerConfigKeys (ConfUtils.java:logGet(43)) - raft.server.sleep.deviation.threshold = 300 (default)
2019-10-04 14:10:44,034 [pool-169-thread-1] INFO  server.RaftServerConfigKeys (ConfUtils.java:logGet(43)) - raft.server.log.appender.install.snapshot.enabled = false (custom)
2019-10-04 14:10:44,034 [pool-169-thread-1] INFO  impl.RaftServerImpl (ServerState.java:<init>(103)) - c4ce4f89-6a2e-4714-b6f6-5862b6e58892@group-38F2330D2324: ConfigurationManager, init=-1: [c4ce4f89-6a2e-4714-b6f6-5862b6e58892:192.168.5.142:35265], old=null, confs=<EMPTY_MAP>
2019-10-04 14:10:44,034 [pool-169-thread-1] INFO  server.RaftServerConfigKeys (ConfUtils.java:logGet(43)) - raft.server.storage.dir = [/workdir/hadoop-ozone/integration-test/target/test-dir/MiniOzoneClusterImpl-049a3f56-5af9-4c3e-af4b-63e3eda3ba33/datanode-5/data/ratis] (custom)
2019-10-04 14:10:44,034 [pool-169-thread-1] INFO  server.RaftServerConfigKeys (ConfUtils.java:logGet(43)) - raft.server.log.corruption.policy = EXCEPTION (default)
2019-10-04 14:10:44,034 [pool-169-thread-1] INFO  storage.RaftStorageDirectory (RaftStorageDirectory.java:analyzeStorage(246)) - The storage directory /workdir/hadoop-ozone/integration-test/target/test-dir/MiniOzoneClusterImpl-049a3f56-5af9-4c3e-af4b-63e3eda3ba33/datanode-5/data/ratis/e8d744d6-65e6-4fc8-9f37-38f2330d2324 does not exist. Creating ...
2019-10-04 14:10:44,047 [pool-169-thread-1] INFO  storage.RaftStorageDirectory (RaftStorageDirectory.java:tryLock(328)) - Lock on /workdir/hadoop-ozone/integration-test/target/test-dir/MiniOzoneClusterImpl-049a3f56-5af9-4c3e-af4b-63e3eda3ba33/datanode-5/data/ratis/e8d744d6-65e6-4fc8-9f37-38f2330d2324/in_use.lock acquired by nodename 18160@pr-hdds-2204-d78b8-1674338442
2019-10-04 14:10:44,059 [pool-169-thread-1] INFO  storage.RaftStorage (RaftStorage.java:format(84)) - Storage directory /workdir/hadoop-ozone/integration-test/target/test-dir/MiniOzoneClusterImpl-049a3f56-5af9-4c3e-af4b-63e3eda3ba33/datanode-5/data/ratis/e8d744d6-65e6-4fc8-9f37-38f2330d2324 has been successfully formatted.
2019-10-04 14:10:44,060 [pool-169-thread-1] INFO  ratis.ContainerStateMachine (ContainerStateMachine.java:loadSnapshot(230)) - group-38F2330D2324: The snapshot info is null. Setting the last applied indexto:(t:0, i:~)
2019-10-04 14:10:44,060 [pool-169-thread-1] INFO  server.RaftServerConfigKeys (ConfUtils.java:logGet(43)) - raft.server.notification.no-leader.timeout = 120s (custom)
2019-10-04 14:10:44,060 [pool-169-thread-1] INFO  server.RaftServerConfigKeys (ConfUtils.java:logGet(43)) - raft.server.log.use.memory = false (default)
2019-10-04 14:10:44,060 [pool-169-thread-1] INFO  server.RaftServerConfigKeys (ConfUtils.java:logGet(43)) - raft.server.log.purge.gap = 1000000 (custom)
2019-10-04 14:10:44,060 [pool-169-thread-1] INFO  server.RaftServerConfigKeys (ConfUtils.java:logGet(43)) - raft.server.log.appender.buffer.byte-limit = 33554432 (custom)
2019-10-04 14:10:44,060 [pool-169-thread-1] INFO  server.RaftServerConfigKeys (ConfUtils.java:logGet(43)) - raft.server.log.segment.size.max = 1048576 (custom)
2019-10-04 14:10:44,063 [pool-169-thread-1] INFO  server.RaftServerConfigKeys (ConfUtils.java:logGet(43)) - raft.server.log.segment.cache.num.max = 2 (custom)
2019-10-04 14:10:44,063 [pool-169-thread-1] INFO  segmented.SegmentedRaftLogWorker (SegmentedRaftLogWorker.java:<init>(173)) - new c4ce4f89-6a2e-4714-b6f6-5862b6e58892@group-38F2330D2324-SegmentedRaftLogWorker for RaftStorage:Storage Directory /workdir/hadoop-ozone/integration-test/target/test-dir/MiniOzoneClusterImpl-049a3f56-5af9-4c3e-af4b-63e3eda3ba33/datanode-5/data/ratis/e8d744d6-65e6-4fc8-9f37-38f2330d2324
2019-10-04 14:10:44,063 [pool-169-thread-1] INFO  server.RaftServerConfigKeys (ConfUtils.java:logGet(43)) - raft.server.log.queue.byte-limit = 2147483647 (custom)
2019-10-04 14:10:44,063 [pool-169-thread-1] INFO  server.RaftServerConfigKeys (ConfUtils.java:logGet(43)) - raft.server.log.queue.element-limit = 1024 (custom)
2019-10-04 14:10:44,063 [pool-169-thread-1] INFO  server.RaftServerConfigKeys (ConfUtils.java:logGet(43)) - raft.server.log.segment.size.max = 1048576 (custom)
2019-10-04 14:10:44,064 [pool-169-thread-1] INFO  server.RaftServerConfigKeys (ConfUtils.java:logGet(43)) - raft.server.log.preallocated.size = 16384 (custom)
2019-10-04 14:10:44,064 [pool-169-thread-1] INFO  server.RaftServerConfigKeys (ConfUtils.java:logGet(43)) - raft.server.log.write.buffer.size = 33554432 (custom)
2019-10-04 14:10:44,064 [pool-169-thread-1] INFO  server.RaftServerConfigKeys (ConfUtils.java:logGet(43)) - raft.server.log.force.sync.num = 128 (default)
2019-10-04 14:10:44,064 [pool-169-thread-1] INFO  server.RaftServerConfigKeys (ConfUtils.java:logGet(43)) - raft.server.log.statemachine.data.sync = true (default)
2019-10-04 14:10:44,064 [pool-169-thread-1] INFO  server.RaftServerConfigKeys (ConfUtils.java:logGet(43)) - raft.server.log.statemachine.data.sync.timeout = 10s (default)
2019-10-04 14:10:44,064 [pool-169-thread-1] INFO  server.RaftServerConfigKeys (ConfUtils.java:logGet(43)) - raft.server.log.statemachine.data.sync.timeout.retry = -1 (default)
2019-10-04 14:10:44,064 [pool-169-thread-1] INFO  server.RaftServerConfigKeys (ConfUtils.java:logGet(43)) - raft.server.log.statemachine.data.caching.enabled = true (custom)
2019-10-04 14:10:44,065 [pool-169-thread-1] INFO  segmented.SegmentedRaftLogWorker (SegmentedRaftLogWorker.java:lambda$new$0(128)) - c4ce4f89-6a2e-4714-b6f6-5862b6e58892@group-38F2330D2324-SegmentedRaftLogWorker: flushIndex: setUnconditionally 0 -> -1
2019-10-04 14:10:44,065 [pool-169-thread-1] INFO  server.RaftServerConfigKeys (ConfUtils.java:logGet(43)) - raft.server.snapshot.auto.trigger.enabled = true (custom)
2019-10-04 14:10:44,065 [pool-169-thread-1] INFO  server.RaftServerConfigKeys (ConfUtils.java:logGet(43)) - raft.server.snapshot.auto.trigger.threshold = 10000 (custom)
2019-10-04 14:10:44,065 [pool-169-thread-1] INFO  server.RaftServerConfigKeys (ConfUtils.java:logGet(43)) - raft.server.snapshot.retention.file.num = 5 (custom)
2019-10-04 14:10:44,065 [pool-169-thread-1] INFO  server.RaftServerConfigKeys (ConfUtils.java:logGet(43)) - raft.server.retrycache.expirytime = 600000ms (custom)
2019-10-04 14:10:44,067 [pool-169-thread-1] INFO  impl.RaftServerImpl (RaftServerImpl.java:start(181)) - c4ce4f89-6a2e-4714-b6f6-5862b6e58892@group-38F2330D2324: start as a follower, conf=-1: [c4ce4f89-6a2e-4714-b6f6-5862b6e58892:192.168.5.142:35265], old=null
2019-10-04 14:10:44,067 [pool-169-thread-1] INFO  impl.RaftServerImpl (RaftServerImpl.java:setRole(170)) - c4ce4f89-6a2e-4714-b6f6-5862b6e58892@group-38F2330D2324: changes role from      null to FOLLOWER at term 0 for startAsFollower
2019-10-04 14:10:44,067 [pool-169-thread-1] INFO  impl.RoleInfo (RoleInfo.java:updateAndGet(143)) - c4ce4f89-6a2e-4714-b6f6-5862b6e58892: start FollowerState
2019-10-04 14:10:44,067 [pool-169-thread-1] INFO  util.JmxRegister (JmxRegister.java:tryRegister(44)) - Successfully registered JMX Bean with object name Ratis:service=RaftServer,group=group-38F2330D2324,id=c4ce4f89-6a2e-4714-b6f6-5862b6e58892
2019-10-04 14:10:44,068 [IPC Server handler 9 on 42200] INFO  net.NetworkTopology (NetworkTopologyImpl.java:add(111)) - Added a new node: /default-rack/73904e97-0e50-4891-911f-6658a7908ac5
2019-10-04 14:10:44,068 [IPC Server handler 9 on 42200] INFO  node.SCMNodeManager (SCMNodeManager.java:register(268)) - Registered Data node : 73904e97-0e50-4891-911f-6658a7908ac5{ip: 192.168.5.142, host: pr-hdds-2204-d78b8-1674338442, networkLocation: /default-rack, certSerialId: null}
2019-10-04 14:10:44,069 [main] INFO  ozone.MiniOzoneClusterImpl (MiniOzoneClusterImpl.java:lambda$waitForClusterToBeReady$0(147)) - Cluster is ready. Got 7 of 7 DN Heartbeats.
2019-10-04 14:10:44,072 [RatisPipelineUtilsThread] INFO  pipeline.PipelineStateManager (PipelineStateManager.java:addPipeline(56)) - Created pipeline Pipeline[ Id: e8d744d6-65e6-4fc8-9f37-38f2330d2324, Nodes: c4ce4f89-6a2e-4714-b6f6-5862b6e58892{ip: 192.168.5.142, host: pr-hdds-2204-d78b8-1674338442, networkLocation: /default-rack, certSerialId: null}, Type:RATIS, Factor:ONE, State:OPEN]
2019-10-04 14:10:44,100 [grpc-default-executor-2] INFO  impl.RaftServerProxy (RaftServerProxy.java:addNew(89)) - 73904e97-0e50-4891-911f-6658a7908ac5: addNew group-63C636DAADB3:[73904e97-0e50-4891-911f-6658a7908ac5:192.168.5.142:39528] returns group-63C636DAADB3:java.util.concurrent.CompletableFuture@2ab0d43b[Not completed]
2019-10-04 14:10:44,105 [pool-179-thread-1] INFO  impl.RaftServerImpl (RaftServerImpl.java:<init>(95)) - 73904e97-0e50-4891-911f-6658a7908ac5: new RaftServerImpl for group-63C636DAADB3:[73904e97-0e50-4891-911f-6658a7908ac5:192.168.5.142:39528] with ContainerStateMachine:uninitialized
2019-10-04 14:10:44,105 [pool-179-thread-1] INFO  server.RaftServerConfigKeys (ConfUtils.java:logGet(43)) - raft.server.rpc.timeout.min = 5s (custom)
2019-10-04 14:10:44,106 [pool-179-thread-1] INFO  server.RaftServerConfigKeys (ConfUtils.java:logGet(43)) - raft.server.rpc.timeout.max = 5200ms (custom)
2019-10-04 14:10:44,106 [pool-179-thread-1] INFO  server.RaftServerConfigKeys (ConfUtils.java:logGet(43)) - raft.server.rpcslowness.timeout = 120s (custom)
2019-10-04 14:10:44,106 [pool-179-thread-1] INFO  server.RaftServerConfigKeys (ConfUtils.java:logGet(43)) - raft.server.sleep.deviation.threshold = 300 (default)
2019-10-04 14:10:44,106 [pool-179-thread-1] INFO  server.RaftServerConfigKeys (ConfUtils.java:logGet(43)) - raft.server.log.appender.install.snapshot.enabled = false (custom)
2019-10-04 14:10:44,106 [pool-179-thread-1] INFO  impl.RaftServerImpl (ServerState.java:<init>(103)) - 73904e97-0e50-4891-911f-6658a7908ac5@group-63C636DAADB3: ConfigurationManager, init=-1: [73904e97-0e50-4891-911f-6658a7908ac5:192.168.5.142:39528], old=null, confs=<EMPTY_MAP>
2019-10-04 14:10:44,106 [pool-179-thread-1] INFO  server.RaftServerConfigKeys (ConfUtils.java:logGet(43)) - raft.server.storage.dir = [/workdir/hadoop-ozone/integration-test/target/test-dir/MiniOzoneClusterImpl-049a3f56-5af9-4c3e-af4b-63e3eda3ba33/datanode-6/data/ratis] (custom)
2019-10-04 14:10:44,110 [pool-179-thread-1] INFO  server.RaftServerConfigKeys (ConfUtils.java:logGet(43)) - raft.server.log.corruption.policy = EXCEPTION (default)
2019-10-04 14:10:44,110 [pool-179-thread-1] INFO  storage.RaftStorageDirectory (RaftStorageDirectory.java:analyzeStorage(246)) - The storage directory /workdir/hadoop-ozone/integration-test/target/test-dir/MiniOzoneClusterImpl-049a3f56-5af9-4c3e-af4b-63e3eda3ba33/datanode-6/data/ratis/a1f85011-29db-43a3-a9b2-63c636daadb3 does not exist. Creating ...
2019-10-04 14:10:44,112 [main] INFO  rpc.RpcClient (RpcClient.java:createVolume(277)) - Creating Volume: testblockoutputstreamwithretries, with jenkins1000 as owner.
2019-10-04 14:10:44,115 [IPC Server handler 0 on 42618] INFO  volume.OMVolumeCreateRequest (OMVolumeCreateRequest.java:validateAndUpdateCache(193)) - created volume:testblockoutputstreamwithretries for user:jenkins1000
2019-10-04 14:10:44,124 [pool-179-thread-1] INFO  storage.RaftStorageDirectory (RaftStorageDirectory.java:tryLock(328)) - Lock on /workdir/hadoop-ozone/integration-test/target/test-dir/MiniOzoneClusterImpl-049a3f56-5af9-4c3e-af4b-63e3eda3ba33/datanode-6/data/ratis/a1f85011-29db-43a3-a9b2-63c636daadb3/in_use.lock acquired by nodename 18160@pr-hdds-2204-d78b8-1674338442
2019-10-04 14:10:44,126 [main] INFO  rpc.RpcClient (RpcClient.java:createBucket(416)) - Creating Bucket: testblockoutputstreamwithretries/testblockoutputstreamwithretries, with Versioning false and Storage Type set to DISK and Encryption set to false 
2019-10-04 14:10:44,138 [pool-179-thread-1] INFO  storage.RaftStorage (RaftStorage.java:format(84)) - Storage directory /workdir/hadoop-ozone/integration-test/target/test-dir/MiniOzoneClusterImpl-049a3f56-5af9-4c3e-af4b-63e3eda3ba33/datanode-6/data/ratis/a1f85011-29db-43a3-a9b2-63c636daadb3 has been successfully formatted.
2019-10-04 14:10:44,138 [pool-179-thread-1] INFO  ratis.ContainerStateMachine (ContainerStateMachine.java:loadSnapshot(230)) - group-63C636DAADB3: The snapshot info is null. Setting the last applied indexto:(t:0, i:~)
2019-10-04 14:10:44,139 [pool-179-thread-1] INFO  server.RaftServerConfigKeys (ConfUtils.java:logGet(43)) - raft.server.notification.no-leader.timeout = 120s (custom)
2019-10-04 14:10:44,139 [pool-179-thread-1] INFO  server.RaftServerConfigKeys (ConfUtils.java:logGet(43)) - raft.server.log.use.memory = false (default)
2019-10-04 14:10:44,139 [pool-179-thread-1] INFO  server.RaftServerConfigKeys (ConfUtils.java:logGet(43)) - raft.server.log.purge.gap = 1000000 (custom)
2019-10-04 14:10:44,139 [pool-179-thread-1] INFO  server.RaftServerConfigKeys (ConfUtils.java:logGet(43)) - raft.server.log.appender.buffer.byte-limit = 33554432 (custom)
2019-10-04 14:10:44,139 [pool-179-thread-1] INFO  server.RaftServerConfigKeys (ConfUtils.java:logGet(43)) - raft.server.log.segment.size.max = 1048576 (custom)
2019-10-04 14:10:44,141 [pool-179-thread-1] INFO  server.RaftServerConfigKeys (ConfUtils.java:logGet(43)) - raft.server.log.segment.cache.num.max = 2 (custom)
2019-10-04 14:10:44,141 [pool-179-thread-1] INFO  segmented.SegmentedRaftLogWorker (SegmentedRaftLogWorker.java:<init>(173)) - new 73904e97-0e50-4891-911f-6658a7908ac5@group-63C636DAADB3-SegmentedRaftLogWorker for RaftStorage:Storage Directory /workdir/hadoop-ozone/integration-test/target/test-dir/MiniOzoneClusterImpl-049a3f56-5af9-4c3e-af4b-63e3eda3ba33/datanode-6/data/ratis/a1f85011-29db-43a3-a9b2-63c636daadb3
2019-10-04 14:10:44,141 [pool-179-thread-1] INFO  server.RaftServerConfigKeys (ConfUtils.java:logGet(43)) - raft.server.log.queue.byte-limit = 2147483647 (custom)
2019-10-04 14:10:44,141 [pool-179-thread-1] INFO  server.RaftServerConfigKeys (ConfUtils.java:logGet(43)) - raft.server.log.queue.element-limit = 1024 (custom)
2019-10-04 14:10:44,141 [pool-179-thread-1] INFO  server.RaftServerConfigKeys (ConfUtils.java:logGet(43)) - raft.server.log.segment.size.max = 1048576 (custom)
2019-10-04 14:10:44,142 [pool-179-thread-1] INFO  server.RaftServerConfigKeys (ConfUtils.java:logGet(43)) - raft.server.log.preallocated.size = 16384 (custom)
2019-10-04 14:10:44,142 [pool-179-thread-1] INFO  server.RaftServerConfigKeys (ConfUtils.java:logGet(43)) - raft.server.log.write.buffer.size = 33554432 (custom)
2019-10-04 14:10:44,142 [pool-179-thread-1] INFO  server.RaftServerConfigKeys (ConfUtils.java:logGet(43)) - raft.server.log.force.sync.num = 128 (default)
2019-10-04 14:10:44,142 [pool-179-thread-1] INFO  server.RaftServerConfigKeys (ConfUtils.java:logGet(43)) - raft.server.log.statemachine.data.sync = true (default)
2019-10-04 14:10:44,142 [pool-179-thread-1] INFO  server.RaftServerConfigKeys (ConfUtils.java:logGet(43)) - raft.server.log.statemachine.data.sync.timeout = 10s (default)
2019-10-04 14:10:44,142 [pool-179-thread-1] INFO  server.RaftServerConfigKeys (ConfUtils.java:logGet(43)) - raft.server.log.statemachine.data.sync.timeout.retry = -1 (default)
2019-10-04 14:10:44,142 [pool-179-thread-1] INFO  server.RaftServerConfigKeys (ConfUtils.java:logGet(43)) - raft.server.log.statemachine.data.caching.enabled = true (custom)
2019-10-04 14:10:44,143 [pool-179-thread-1] INFO  segmented.SegmentedRaftLogWorker (SegmentedRaftLogWorker.java:lambda$new$0(128)) - 73904e97-0e50-4891-911f-6658a7908ac5@group-63C636DAADB3-SegmentedRaftLogWorker: flushIndex: setUnconditionally 0 -> -1
2019-10-04 14:10:44,143 [pool-179-thread-1] INFO  server.RaftServerConfigKeys (ConfUtils.java:logGet(43)) - raft.server.snapshot.auto.trigger.enabled = true (custom)
2019-10-04 14:10:44,143 [pool-179-thread-1] INFO  server.RaftServerConfigKeys (ConfUtils.java:logGet(43)) - raft.server.snapshot.auto.trigger.threshold = 10000 (custom)
2019-10-04 14:10:44,143 [pool-179-thread-1] INFO  server.RaftServerConfigKeys (ConfUtils.java:logGet(43)) - raft.server.snapshot.retention.file.num = 5 (custom)
2019-10-04 14:10:44,143 [pool-179-thread-1] INFO  server.RaftServerConfigKeys (ConfUtils.java:logGet(43)) - raft.server.retrycache.expirytime = 600000ms (custom)
2019-10-04 14:10:44,145 [pool-179-thread-1] INFO  impl.RaftServerImpl (RaftServerImpl.java:start(181)) - 73904e97-0e50-4891-911f-6658a7908ac5@group-63C636DAADB3: start as a follower, conf=-1: [73904e97-0e50-4891-911f-6658a7908ac5:192.168.5.142:39528], old=null
2019-10-04 14:10:44,145 [pool-179-thread-1] INFO  impl.RaftServerImpl (RaftServerImpl.java:setRole(170)) - 73904e97-0e50-4891-911f-6658a7908ac5@group-63C636DAADB3: changes role from      null to FOLLOWER at term 0 for startAsFollower
2019-10-04 14:10:44,145 [pool-179-thread-1] INFO  impl.RoleInfo (RoleInfo.java:updateAndGet(143)) - 73904e97-0e50-4891-911f-6658a7908ac5: start FollowerState
2019-10-04 14:10:44,145 [pool-179-thread-1] INFO  util.JmxRegister (JmxRegister.java:tryRegister(44)) - Successfully registered JMX Bean with object name Ratis:service=RaftServer,group=group-63C636DAADB3,id=73904e97-0e50-4891-911f-6658a7908ac5
2019-10-04 14:10:44,150 [RatisPipelineUtilsThread] INFO  pipeline.PipelineStateManager (PipelineStateManager.java:addPipeline(56)) - Created pipeline Pipeline[ Id: a1f85011-29db-43a3-a9b2-63c636daadb3, Nodes: 73904e97-0e50-4891-911f-6658a7908ac5{ip: 192.168.5.142, host: pr-hdds-2204-d78b8-1674338442, networkLocation: /default-rack, certSerialId: null}, Type:RATIS, Factor:ONE, State:OPEN]
2019-10-04 14:10:44,339 [grpc-default-executor-1] INFO  impl.RaftServerProxy (RaftServerProxy.java:addNew(89)) - c086fae5-c746-4c62-b030-dc5300e1b6cb: addNew group-80C458CA4EC6:[73904e97-0e50-4891-911f-6658a7908ac5:192.168.5.142:39528, c086fae5-c746-4c62-b030-dc5300e1b6cb:192.168.5.142:40015, 1008e79f-508c-492d-9d04-12ff6e91b544:192.168.5.142:35459] returns group-80C458CA4EC6:java.util.concurrent.CompletableFuture@601a99d3[Not completed]
2019-10-04 14:10:44,340 [grpc-default-executor-1] INFO  impl.RaftServerProxy (RaftServerProxy.java:addNew(89)) - 1008e79f-508c-492d-9d04-12ff6e91b544: addNew group-80C458CA4EC6:[73904e97-0e50-4891-911f-6658a7908ac5:192.168.5.142:39528, c086fae5-c746-4c62-b030-dc5300e1b6cb:192.168.5.142:40015, 1008e79f-508c-492d-9d04-12ff6e91b544:192.168.5.142:35459] returns group-80C458CA4EC6:java.util.concurrent.CompletableFuture@70fe97d[Not completed]
2019-10-04 14:10:44,344 [grpc-default-executor-1] INFO  impl.RaftServerProxy (RaftServerProxy.java:addNew(89)) - 73904e97-0e50-4891-911f-6658a7908ac5: addNew group-80C458CA4EC6:[73904e97-0e50-4891-911f-6658a7908ac5:192.168.5.142:39528, c086fae5-c746-4c62-b030-dc5300e1b6cb:192.168.5.142:40015, 1008e79f-508c-492d-9d04-12ff6e91b544:192.168.5.142:35459] returns group-80C458CA4EC6:java.util.concurrent.CompletableFuture@146d14fb[Not completed]
2019-10-04 14:10:44,399 [pool-149-thread-1] INFO  impl.RaftServerImpl (RaftServerImpl.java:<init>(95)) - c086fae5-c746-4c62-b030-dc5300e1b6cb: new RaftServerImpl for group-80C458CA4EC6:[73904e97-0e50-4891-911f-6658a7908ac5:192.168.5.142:39528, c086fae5-c746-4c62-b030-dc5300e1b6cb:192.168.5.142:40015, 1008e79f-508c-492d-9d04-12ff6e91b544:192.168.5.142:35459] with ContainerStateMachine:uninitialized
2019-10-04 14:10:44,428 [pool-149-thread-1] INFO  server.RaftServerConfigKeys (ConfUtils.java:logGet(43)) - raft.server.rpc.timeout.min = 5s (custom)
2019-10-04 14:10:44,430 [pool-149-thread-1] INFO  server.RaftServerConfigKeys (ConfUtils.java:logGet(43)) - raft.server.rpc.timeout.max = 5200ms (custom)
2019-10-04 14:10:44,430 [pool-149-thread-1] INFO  server.RaftServerConfigKeys (ConfUtils.java:logGet(43)) - raft.server.rpcslowness.timeout = 120s (custom)
2019-10-04 14:10:44,430 [pool-149-thread-1] INFO  server.RaftServerConfigKeys (ConfUtils.java:logGet(43)) - raft.server.sleep.deviation.threshold = 300 (default)
2019-10-04 14:10:44,430 [pool-149-thread-1] INFO  server.RaftServerConfigKeys (ConfUtils.java:logGet(43)) - raft.server.log.appender.install.snapshot.enabled = false (custom)
2019-10-04 14:10:44,430 [pool-149-thread-1] INFO  impl.RaftServerImpl (ServerState.java:<init>(103)) - c086fae5-c746-4c62-b030-dc5300e1b6cb@group-80C458CA4EC6: ConfigurationManager, init=-1: [73904e97-0e50-4891-911f-6658a7908ac5:192.168.5.142:39528, c086fae5-c746-4c62-b030-dc5300e1b6cb:192.168.5.142:40015, 1008e79f-508c-492d-9d04-12ff6e91b544:192.168.5.142:35459], old=null, confs=<EMPTY_MAP>
2019-10-04 14:10:44,431 [pool-149-thread-1] INFO  server.RaftServerConfigKeys (ConfUtils.java:logGet(43)) - raft.server.storage.dir = [/workdir/hadoop-ozone/integration-test/target/test-dir/MiniOzoneClusterImpl-049a3f56-5af9-4c3e-af4b-63e3eda3ba33/datanode-3/data/ratis] (custom)
2019-10-04 14:10:44,431 [pool-179-thread-1] INFO  impl.RaftServerImpl (RaftServerImpl.java:<init>(95)) - 73904e97-0e50-4891-911f-6658a7908ac5: new RaftServerImpl for group-80C458CA4EC6:[73904e97-0e50-4891-911f-6658a7908ac5:192.168.5.142:39528, c086fae5-c746-4c62-b030-dc5300e1b6cb:192.168.5.142:40015, 1008e79f-508c-492d-9d04-12ff6e91b544:192.168.5.142:35459] with ContainerStateMachine:uninitialized
2019-10-04 14:10:44,431 [pool-149-thread-1] INFO  server.RaftServerConfigKeys (ConfUtils.java:logGet(43)) - raft.server.log.corruption.policy = EXCEPTION (default)
2019-10-04 14:10:44,431 [pool-179-thread-1] INFO  server.RaftServerConfigKeys (ConfUtils.java:logGet(43)) - raft.server.rpc.timeout.min = 5s (custom)
2019-10-04 14:10:44,431 [pool-149-thread-1] INFO  storage.RaftStorageDirectory (RaftStorageDirectory.java:analyzeStorage(246)) - The storage directory /workdir/hadoop-ozone/integration-test/target/test-dir/MiniOzoneClusterImpl-049a3f56-5af9-4c3e-af4b-63e3eda3ba33/datanode-3/data/ratis/22ed341f-a532-4447-a437-80c458ca4ec6 does not exist. Creating ...
2019-10-04 14:10:44,431 [pool-179-thread-1] INFO  server.RaftServerConfigKeys (ConfUtils.java:logGet(43)) - raft.server.rpc.timeout.max = 5200ms (custom)
2019-10-04 14:10:44,431 [pool-179-thread-1] INFO  server.RaftServerConfigKeys (ConfUtils.java:logGet(43)) - raft.server.rpcslowness.timeout = 120s (custom)
2019-10-04 14:10:44,432 [pool-179-thread-1] INFO  server.RaftServerConfigKeys (ConfUtils.java:logGet(43)) - raft.server.sleep.deviation.threshold = 300 (default)
2019-10-04 14:10:44,432 [pool-179-thread-1] INFO  server.RaftServerConfigKeys (ConfUtils.java:logGet(43)) - raft.server.log.appender.install.snapshot.enabled = false (custom)
2019-10-04 14:10:44,432 [pool-159-thread-1] INFO  impl.RaftServerImpl (RaftServerImpl.java:<init>(95)) - 1008e79f-508c-492d-9d04-12ff6e91b544: new RaftServerImpl for group-80C458CA4EC6:[73904e97-0e50-4891-911f-6658a7908ac5:192.168.5.142:39528, c086fae5-c746-4c62-b030-dc5300e1b6cb:192.168.5.142:40015, 1008e79f-508c-492d-9d04-12ff6e91b544:192.168.5.142:35459] with ContainerStateMachine:uninitialized
2019-10-04 14:10:44,432 [pool-179-thread-1] INFO  impl.RaftServerImpl (ServerState.java:<init>(103)) - 73904e97-0e50-4891-911f-6658a7908ac5@group-80C458CA4EC6: ConfigurationManager, init=-1: [73904e97-0e50-4891-911f-6658a7908ac5:192.168.5.142:39528, c086fae5-c746-4c62-b030-dc5300e1b6cb:192.168.5.142:40015, 1008e79f-508c-492d-9d04-12ff6e91b544:192.168.5.142:35459], old=null, confs=<EMPTY_MAP>
2019-10-04 14:10:44,432 [pool-159-thread-1] INFO  server.RaftServerConfigKeys (ConfUtils.java:logGet(43)) - raft.server.rpc.timeout.min = 5s (custom)
2019-10-04 14:10:44,432 [pool-179-thread-1] INFO  server.RaftServerConfigKeys (ConfUtils.java:logGet(43)) - raft.server.storage.dir = [/workdir/hadoop-ozone/integration-test/target/test-dir/MiniOzoneClusterImpl-049a3f56-5af9-4c3e-af4b-63e3eda3ba33/datanode-6/data/ratis] (custom)
2019-10-04 14:10:44,432 [pool-159-thread-1] INFO  server.RaftServerConfigKeys (ConfUtils.java:logGet(43)) - raft.server.rpc.timeout.max = 5200ms (custom)
2019-10-04 14:10:44,433 [pool-159-thread-1] INFO  server.RaftServerConfigKeys (ConfUtils.java:logGet(43)) - raft.server.rpcslowness.timeout = 120s (custom)
2019-10-04 14:10:44,433 [pool-179-thread-1] INFO  server.RaftServerConfigKeys (ConfUtils.java:logGet(43)) - raft.server.log.corruption.policy = EXCEPTION (default)
2019-10-04 14:10:44,433 [pool-159-thread-1] INFO  server.RaftServerConfigKeys (ConfUtils.java:logGet(43)) - raft.server.sleep.deviation.threshold = 300 (default)
2019-10-04 14:10:44,433 [pool-179-thread-1] INFO  storage.RaftStorageDirectory (RaftStorageDirectory.java:analyzeStorage(246)) - The storage directory /workdir/hadoop-ozone/integration-test/target/test-dir/MiniOzoneClusterImpl-049a3f56-5af9-4c3e-af4b-63e3eda3ba33/datanode-6/data/ratis/22ed341f-a532-4447-a437-80c458ca4ec6 does not exist. Creating ...
2019-10-04 14:10:44,433 [pool-159-thread-1] INFO  server.RaftServerConfigKeys (ConfUtils.java:logGet(43)) - raft.server.log.appender.install.snapshot.enabled = false (custom)
2019-10-04 14:10:44,434 [pool-159-thread-1] INFO  impl.RaftServerImpl (ServerState.java:<init>(103)) - 1008e79f-508c-492d-9d04-12ff6e91b544@group-80C458CA4EC6: ConfigurationManager, init=-1: [73904e97-0e50-4891-911f-6658a7908ac5:192.168.5.142:39528, c086fae5-c746-4c62-b030-dc5300e1b6cb:192.168.5.142:40015, 1008e79f-508c-492d-9d04-12ff6e91b544:192.168.5.142:35459], old=null, confs=<EMPTY_MAP>
2019-10-04 14:10:44,434 [pool-159-thread-1] INFO  server.RaftServerConfigKeys (ConfUtils.java:logGet(43)) - raft.server.storage.dir = [/workdir/hadoop-ozone/integration-test/target/test-dir/MiniOzoneClusterImpl-049a3f56-5af9-4c3e-af4b-63e3eda3ba33/datanode-4/data/ratis] (custom)
2019-10-04 14:10:44,434 [pool-159-thread-1] INFO  server.RaftServerConfigKeys (ConfUtils.java:logGet(43)) - raft.server.log.corruption.policy = EXCEPTION (default)
2019-10-04 14:10:44,434 [pool-159-thread-1] INFO  storage.RaftStorageDirectory (RaftStorageDirectory.java:analyzeStorage(246)) - The storage directory /workdir/hadoop-ozone/integration-test/target/test-dir/MiniOzoneClusterImpl-049a3f56-5af9-4c3e-af4b-63e3eda3ba33/datanode-4/data/ratis/22ed341f-a532-4447-a437-80c458ca4ec6 does not exist. Creating ...
2019-10-04 14:10:44,445 [pool-149-thread-1] INFO  storage.RaftStorageDirectory (RaftStorageDirectory.java:tryLock(328)) - Lock on /workdir/hadoop-ozone/integration-test/target/test-dir/MiniOzoneClusterImpl-049a3f56-5af9-4c3e-af4b-63e3eda3ba33/datanode-3/data/ratis/22ed341f-a532-4447-a437-80c458ca4ec6/in_use.lock acquired by nodename 18160@pr-hdds-2204-d78b8-1674338442
2019-10-04 14:10:44,445 [pool-179-thread-1] INFO  storage.RaftStorageDirectory (RaftStorageDirectory.java:tryLock(328)) - Lock on /workdir/hadoop-ozone/integration-test/target/test-dir/MiniOzoneClusterImpl-049a3f56-5af9-4c3e-af4b-63e3eda3ba33/datanode-6/data/ratis/22ed341f-a532-4447-a437-80c458ca4ec6/in_use.lock acquired by nodename 18160@pr-hdds-2204-d78b8-1674338442
2019-10-04 14:10:44,445 [pool-159-thread-1] INFO  storage.RaftStorageDirectory (RaftStorageDirectory.java:tryLock(328)) - Lock on /workdir/hadoop-ozone/integration-test/target/test-dir/MiniOzoneClusterImpl-049a3f56-5af9-4c3e-af4b-63e3eda3ba33/datanode-4/data/ratis/22ed341f-a532-4447-a437-80c458ca4ec6/in_use.lock acquired by nodename 18160@pr-hdds-2204-d78b8-1674338442
2019-10-04 14:10:44,459 [pool-149-thread-1] INFO  storage.RaftStorage (RaftStorage.java:format(84)) - Storage directory /workdir/hadoop-ozone/integration-test/target/test-dir/MiniOzoneClusterImpl-049a3f56-5af9-4c3e-af4b-63e3eda3ba33/datanode-3/data/ratis/22ed341f-a532-4447-a437-80c458ca4ec6 has been successfully formatted.
2019-10-04 14:10:44,459 [pool-159-thread-1] INFO  storage.RaftStorage (RaftStorage.java:format(84)) - Storage directory /workdir/hadoop-ozone/integration-test/target/test-dir/MiniOzoneClusterImpl-049a3f56-5af9-4c3e-af4b-63e3eda3ba33/datanode-4/data/ratis/22ed341f-a532-4447-a437-80c458ca4ec6 has been successfully formatted.
2019-10-04 14:10:44,459 [pool-179-thread-1] INFO  storage.RaftStorage (RaftStorage.java:format(84)) - Storage directory /workdir/hadoop-ozone/integration-test/target/test-dir/MiniOzoneClusterImpl-049a3f56-5af9-4c3e-af4b-63e3eda3ba33/datanode-6/data/ratis/22ed341f-a532-4447-a437-80c458ca4ec6 has been successfully formatted.
2019-10-04 14:10:44,459 [pool-149-thread-1] INFO  ratis.ContainerStateMachine (ContainerStateMachine.java:loadSnapshot(230)) - group-80C458CA4EC6: The snapshot info is null. Setting the last applied indexto:(t:0, i:~)
2019-10-04 14:10:44,459 [pool-159-thread-1] INFO  ratis.ContainerStateMachine (ContainerStateMachine.java:loadSnapshot(230)) - group-80C458CA4EC6: The snapshot info is null. Setting the last applied indexto:(t:0, i:~)
2019-10-04 14:10:44,459 [pool-149-thread-1] INFO  server.RaftServerConfigKeys (ConfUtils.java:logGet(43)) - raft.server.notification.no-leader.timeout = 120s (custom)
2019-10-04 14:10:44,459 [pool-179-thread-1] INFO  ratis.ContainerStateMachine (ContainerStateMachine.java:loadSnapshot(230)) - group-80C458CA4EC6: The snapshot info is null. Setting the last applied indexto:(t:0, i:~)
2019-10-04 14:10:44,460 [pool-149-thread-1] INFO  server.RaftServerConfigKeys (ConfUtils.java:logGet(43)) - raft.server.log.use.memory = false (default)
2019-10-04 14:10:44,460 [pool-159-thread-1] INFO  server.RaftServerConfigKeys (ConfUtils.java:logGet(43)) - raft.server.notification.no-leader.timeout = 120s (custom)
2019-10-04 14:10:44,460 [pool-149-thread-1] INFO  server.RaftServerConfigKeys (ConfUtils.java:logGet(43)) - raft.server.log.purge.gap = 1000000 (custom)
2019-10-04 14:10:44,460 [pool-179-thread-1] INFO  server.RaftServerConfigKeys (ConfUtils.java:logGet(43)) - raft.server.notification.no-leader.timeout = 120s (custom)
2019-10-04 14:10:44,460 [pool-149-thread-1] INFO  server.RaftServerConfigKeys (ConfUtils.java:logGet(43)) - raft.server.log.appender.buffer.byte-limit = 33554432 (custom)
2019-10-04 14:10:44,460 [pool-159-thread-1] INFO  server.RaftServerConfigKeys (ConfUtils.java:logGet(43)) - raft.server.log.use.memory = false (default)
2019-10-04 14:10:44,461 [pool-149-thread-1] INFO  server.RaftServerConfigKeys (ConfUtils.java:logGet(43)) - raft.server.log.segment.size.max = 1048576 (custom)
2019-10-04 14:10:44,461 [pool-179-thread-1] INFO  server.RaftServerConfigKeys (ConfUtils.java:logGet(43)) - raft.server.log.use.memory = false (default)
2019-10-04 14:10:44,461 [pool-149-thread-1] INFO  server.RaftServerConfigKeys (ConfUtils.java:logGet(43)) - raft.server.log.segment.cache.num.max = 2 (custom)
2019-10-04 14:10:44,461 [pool-159-thread-1] INFO  server.RaftServerConfigKeys (ConfUtils.java:logGet(43)) - raft.server.log.purge.gap = 1000000 (custom)
2019-10-04 14:10:44,461 [pool-149-thread-1] INFO  segmented.SegmentedRaftLogWorker (SegmentedRaftLogWorker.java:<init>(173)) - new c086fae5-c746-4c62-b030-dc5300e1b6cb@group-80C458CA4EC6-SegmentedRaftLogWorker for RaftStorage:Storage Directory /workdir/hadoop-ozone/integration-test/target/test-dir/MiniOzoneClusterImpl-049a3f56-5af9-4c3e-af4b-63e3eda3ba33/datanode-3/data/ratis/22ed341f-a532-4447-a437-80c458ca4ec6
2019-10-04 14:10:44,461 [pool-179-thread-1] INFO  server.RaftServerConfigKeys (ConfUtils.java:logGet(43)) - raft.server.log.purge.gap = 1000000 (custom)
2019-10-04 14:10:44,462 [pool-149-thread-1] INFO  server.RaftServerConfigKeys (ConfUtils.java:logGet(43)) - raft.server.log.queue.byte-limit = 2147483647 (custom)
2019-10-04 14:10:44,461 [pool-159-thread-1] INFO  server.RaftServerConfigKeys (ConfUtils.java:logGet(43)) - raft.server.log.appender.buffer.byte-limit = 33554432 (custom)
2019-10-04 14:10:44,462 [pool-149-thread-1] INFO  server.RaftServerConfigKeys (ConfUtils.java:logGet(43)) - raft.server.log.queue.element-limit = 1024 (custom)
2019-10-04 14:10:44,462 [pool-179-thread-1] INFO  server.RaftServerConfigKeys (ConfUtils.java:logGet(43)) - raft.server.log.appender.buffer.byte-limit = 33554432 (custom)
2019-10-04 14:10:44,462 [pool-149-thread-1] INFO  server.RaftServerConfigKeys (ConfUtils.java:logGet(43)) - raft.server.log.segment.size.max = 1048576 (custom)
2019-10-04 14:10:44,462 [pool-149-thread-1] INFO  server.RaftServerConfigKeys (ConfUtils.java:logGet(43)) - raft.server.log.preallocated.size = 16384 (custom)
2019-10-04 14:10:44,462 [pool-159-thread-1] INFO  server.RaftServerConfigKeys (ConfUtils.java:logGet(43)) - raft.server.log.segment.size.max = 1048576 (custom)
2019-10-04 14:10:44,462 [pool-149-thread-1] INFO  server.RaftServerConfigKeys (ConfUtils.java:logGet(43)) - raft.server.log.write.buffer.size = 33554432 (custom)
2019-10-04 14:10:44,462 [pool-179-thread-1] INFO  server.RaftServerConfigKeys (ConfUtils.java:logGet(43)) - raft.server.log.segment.size.max = 1048576 (custom)
2019-10-04 14:10:44,463 [pool-149-thread-1] INFO  server.RaftServerConfigKeys (ConfUtils.java:logGet(43)) - raft.server.log.force.sync.num = 128 (default)
2019-10-04 14:10:44,463 [pool-149-thread-1] INFO  server.RaftServerConfigKeys (ConfUtils.java:logGet(43)) - raft.server.log.statemachine.data.sync = true (default)
2019-10-04 14:10:44,463 [pool-159-thread-1] INFO  server.RaftServerConfigKeys (ConfUtils.java:logGet(43)) - raft.server.log.segment.cache.num.max = 2 (custom)
2019-10-04 14:10:44,463 [pool-149-thread-1] INFO  server.RaftServerConfigKeys (ConfUtils.java:logGet(43)) - raft.server.log.statemachine.data.sync.timeout = 10s (default)
2019-10-04 14:10:44,463 [pool-179-thread-1] INFO  server.RaftServerConfigKeys (ConfUtils.java:logGet(43)) - raft.server.log.segment.cache.num.max = 2 (custom)
2019-10-04 14:10:44,463 [pool-149-thread-1] INFO  server.RaftServerConfigKeys (ConfUtils.java:logGet(43)) - raft.server.log.statemachine.data.sync.timeout.retry = -1 (default)
2019-10-04 14:10:44,463 [pool-159-thread-1] INFO  segmented.SegmentedRaftLogWorker (SegmentedRaftLogWorker.java:<init>(173)) - new 1008e79f-508c-492d-9d04-12ff6e91b544@group-80C458CA4EC6-SegmentedRaftLogWorker for RaftStorage:Storage Directory /workdir/hadoop-ozone/integration-test/target/test-dir/MiniOzoneClusterImpl-049a3f56-5af9-4c3e-af4b-63e3eda3ba33/datanode-4/data/ratis/22ed341f-a532-4447-a437-80c458ca4ec6
2019-10-04 14:10:44,464 [pool-149-thread-1] INFO  server.RaftServerConfigKeys (ConfUtils.java:logGet(43)) - raft.server.log.statemachine.data.caching.enabled = true (custom)
2019-10-04 14:10:44,464 [pool-179-thread-1] INFO  segmented.SegmentedRaftLogWorker (SegmentedRaftLogWorker.java:<init>(173)) - new 73904e97-0e50-4891-911f-6658a7908ac5@group-80C458CA4EC6-SegmentedRaftLogWorker for RaftStorage:Storage Directory /workdir/hadoop-ozone/integration-test/target/test-dir/MiniOzoneClusterImpl-049a3f56-5af9-4c3e-af4b-63e3eda3ba33/datanode-6/data/ratis/22ed341f-a532-4447-a437-80c458ca4ec6
2019-10-04 14:10:44,464 [pool-149-thread-1] INFO  segmented.SegmentedRaftLogWorker (SegmentedRaftLogWorker.java:lambda$new$0(128)) - c086fae5-c746-4c62-b030-dc5300e1b6cb@group-80C458CA4EC6-SegmentedRaftLogWorker: flushIndex: setUnconditionally 0 -> -1
2019-10-04 14:10:44,464 [pool-159-thread-1] INFO  server.RaftServerConfigKeys (ConfUtils.java:logGet(43)) - raft.server.log.queue.byte-limit = 2147483647 (custom)
2019-10-04 14:10:44,464 [pool-149-thread-1] INFO  server.RaftServerConfigKeys (ConfUtils.java:logGet(43)) - raft.server.snapshot.auto.trigger.enabled = true (custom)
2019-10-04 14:10:44,464 [pool-179-thread-1] INFO  server.RaftServerConfigKeys (ConfUtils.java:logGet(43)) - raft.server.log.queue.byte-limit = 2147483647 (custom)
2019-10-04 14:10:44,465 [pool-149-thread-1] INFO  server.RaftServerConfigKeys (ConfUtils.java:logGet(43)) - raft.server.snapshot.auto.trigger.threshold = 10000 (custom)
2019-10-04 14:10:44,464 [pool-159-thread-1] INFO  server.RaftServerConfigKeys (ConfUtils.java:logGet(43)) - raft.server.log.queue.element-limit = 1024 (custom)
2019-10-04 14:10:44,465 [pool-149-thread-1] INFO  server.RaftServerConfigKeys (ConfUtils.java:logGet(43)) - raft.server.snapshot.retention.file.num = 5 (custom)
2019-10-04 14:10:44,465 [pool-159-thread-1] INFO  server.RaftServerConfigKeys (ConfUtils.java:logGet(43)) - raft.server.log.segment.size.max = 1048576 (custom)
2019-10-04 14:10:44,465 [pool-179-thread-1] INFO  server.RaftServerConfigKeys (ConfUtils.java:logGet(43)) - raft.server.log.queue.element-limit = 1024 (custom)
2019-10-04 14:10:44,465 [pool-159-thread-1] INFO  server.RaftServerConfigKeys (ConfUtils.java:logGet(43)) - raft.server.log.preallocated.size = 16384 (custom)
2019-10-04 14:10:44,465 [pool-149-thread-1] INFO  server.RaftServerConfigKeys (ConfUtils.java:logGet(43)) - raft.server.retrycache.expirytime = 600000ms (custom)
2019-10-04 14:10:44,466 [pool-159-thread-1] INFO  server.RaftServerConfigKeys (ConfUtils.java:logGet(43)) - raft.server.log.write.buffer.size = 33554432 (custom)
2019-10-04 14:10:44,465 [pool-179-thread-1] INFO  server.RaftServerConfigKeys (ConfUtils.java:logGet(43)) - raft.server.log.segment.size.max = 1048576 (custom)
2019-10-04 14:10:44,466 [pool-159-thread-1] INFO  server.RaftServerConfigKeys (ConfUtils.java:logGet(43)) - raft.server.log.force.sync.num = 128 (default)
2019-10-04 14:10:44,466 [pool-179-thread-1] INFO  server.RaftServerConfigKeys (ConfUtils.java:logGet(43)) - raft.server.log.preallocated.size = 16384 (custom)
2019-10-04 14:10:44,466 [pool-159-thread-1] INFO  server.RaftServerConfigKeys (ConfUtils.java:logGet(43)) - raft.server.log.statemachine.data.sync = true (default)
2019-10-04 14:10:44,466 [pool-179-thread-1] INFO  server.RaftServerConfigKeys (ConfUtils.java:logGet(43)) - raft.server.log.write.buffer.size = 33554432 (custom)
2019-10-04 14:10:44,467 [pool-159-thread-1] INFO  server.RaftServerConfigKeys (ConfUtils.java:logGet(43)) - raft.server.log.statemachine.data.sync.timeout = 10s (default)
2019-10-04 14:10:44,467 [pool-179-thread-1] INFO  server.RaftServerConfigKeys (ConfUtils.java:logGet(43)) - raft.server.log.force.sync.num = 128 (default)
2019-10-04 14:10:44,467 [pool-159-thread-1] INFO  server.RaftServerConfigKeys (ConfUtils.java:logGet(43)) - raft.server.log.statemachine.data.sync.timeout.retry = -1 (default)
2019-10-04 14:10:44,467 [pool-179-thread-1] INFO  server.RaftServerConfigKeys (ConfUtils.java:logGet(43)) - raft.server.log.statemachine.data.sync = true (default)
2019-10-04 14:10:44,467 [pool-159-thread-1] INFO  server.RaftServerConfigKeys (ConfUtils.java:logGet(43)) - raft.server.log.statemachine.data.caching.enabled = true (custom)
2019-10-04 14:10:44,467 [pool-149-thread-1] INFO  impl.RaftServerImpl (RaftServerImpl.java:start(181)) - c086fae5-c746-4c62-b030-dc5300e1b6cb@group-80C458CA4EC6: start as a follower, conf=-1: [73904e97-0e50-4891-911f-6658a7908ac5:192.168.5.142:39528, c086fae5-c746-4c62-b030-dc5300e1b6cb:192.168.5.142:40015, 1008e79f-508c-492d-9d04-12ff6e91b544:192.168.5.142:35459], old=null
2019-10-04 14:10:44,467 [pool-179-thread-1] INFO  server.RaftServerConfigKeys (ConfUtils.java:logGet(43)) - raft.server.log.statemachine.data.sync.timeout = 10s (default)
2019-10-04 14:10:44,468 [pool-159-thread-1] INFO  segmented.SegmentedRaftLogWorker (SegmentedRaftLogWorker.java:lambda$new$0(128)) - 1008e79f-508c-492d-9d04-12ff6e91b544@group-80C458CA4EC6-SegmentedRaftLogWorker: flushIndex: setUnconditionally 0 -> -1
2019-10-04 14:10:44,468 [pool-149-thread-1] INFO  impl.RaftServerImpl (RaftServerImpl.java:setRole(170)) - c086fae5-c746-4c62-b030-dc5300e1b6cb@group-80C458CA4EC6: changes role from      null to FOLLOWER at term 0 for startAsFollower
2019-10-04 14:10:44,468 [pool-179-thread-1] INFO  server.RaftServerConfigKeys (ConfUtils.java:logGet(43)) - raft.server.log.statemachine.data.sync.timeout.retry = -1 (default)
2019-10-04 14:10:44,468 [pool-149-thread-1] INFO  impl.RoleInfo (RoleInfo.java:updateAndGet(143)) - c086fae5-c746-4c62-b030-dc5300e1b6cb: start FollowerState
2019-10-04 14:10:44,468 [pool-159-thread-1] INFO  server.RaftServerConfigKeys (ConfUtils.java:logGet(43)) - raft.server.snapshot.auto.trigger.enabled = true (custom)
2019-10-04 14:10:44,468 [pool-179-thread-1] INFO  server.RaftServerConfigKeys (ConfUtils.java:logGet(43)) - raft.server.log.statemachine.data.caching.enabled = true (custom)
2019-10-04 14:10:44,469 [pool-149-thread-1] INFO  util.JmxRegister (JmxRegister.java:tryRegister(44)) - Successfully registered JMX Bean with object name Ratis:service=RaftServer,group=group-80C458CA4EC6,id=c086fae5-c746-4c62-b030-dc5300e1b6cb
2019-10-04 14:10:44,469 [pool-159-thread-1] INFO  server.RaftServerConfigKeys (ConfUtils.java:logGet(43)) - raft.server.snapshot.auto.trigger.threshold = 10000 (custom)
2019-10-04 14:10:44,469 [pool-179-thread-1] INFO  segmented.SegmentedRaftLogWorker (SegmentedRaftLogWorker.java:lambda$new$0(128)) - 73904e97-0e50-4891-911f-6658a7908ac5@group-80C458CA4EC6-SegmentedRaftLogWorker: flushIndex: setUnconditionally 0 -> -1
2019-10-04 14:10:44,469 [pool-159-thread-1] INFO  server.RaftServerConfigKeys (ConfUtils.java:logGet(43)) - raft.server.snapshot.retention.file.num = 5 (custom)
2019-10-04 14:10:44,469 [pool-159-thread-1] INFO  server.RaftServerConfigKeys (ConfUtils.java:logGet(43)) - raft.server.retrycache.expirytime = 600000ms (custom)
2019-10-04 14:10:44,469 [pool-179-thread-1] INFO  server.RaftServerConfigKeys (ConfUtils.java:logGet(43)) - raft.server.snapshot.auto.trigger.enabled = true (custom)
2019-10-04 14:10:44,470 [pool-179-thread-1] INFO  server.RaftServerConfigKeys (ConfUtils.java:logGet(43)) - raft.server.snapshot.auto.trigger.threshold = 10000 (custom)
2019-10-04 14:10:44,470 [pool-179-thread-1] INFO  server.RaftServerConfigKeys (ConfUtils.java:logGet(43)) - raft.server.snapshot.retention.file.num = 5 (custom)
2019-10-04 14:10:44,470 [pool-179-thread-1] INFO  server.RaftServerConfigKeys (ConfUtils.java:logGet(43)) - raft.server.retrycache.expirytime = 600000ms (custom)
2019-10-04 14:10:44,473 [pool-159-thread-1] INFO  impl.RaftServerImpl (RaftServerImpl.java:start(181)) - 1008e79f-508c-492d-9d04-12ff6e91b544@group-80C458CA4EC6: start as a follower, conf=-1: [73904e97-0e50-4891-911f-6658a7908ac5:192.168.5.142:39528, c086fae5-c746-4c62-b030-dc5300e1b6cb:192.168.5.142:40015, 1008e79f-508c-492d-9d04-12ff6e91b544:192.168.5.142:35459], old=null
2019-10-04 14:10:44,474 [pool-159-thread-1] INFO  impl.RaftServerImpl (RaftServerImpl.java:setRole(170)) - 1008e79f-508c-492d-9d04-12ff6e91b544@group-80C458CA4EC6: changes role from      null to FOLLOWER at term 0 for startAsFollower
2019-10-04 14:10:44,474 [pool-179-thread-1] INFO  impl.RaftServerImpl (RaftServerImpl.java:start(181)) - 73904e97-0e50-4891-911f-6658a7908ac5@group-80C458CA4EC6: start as a follower, conf=-1: [73904e97-0e50-4891-911f-6658a7908ac5:192.168.5.142:39528, c086fae5-c746-4c62-b030-dc5300e1b6cb:192.168.5.142:40015, 1008e79f-508c-492d-9d04-12ff6e91b544:192.168.5.142:35459], old=null
2019-10-04 14:10:44,474 [pool-159-thread-1] INFO  impl.RoleInfo (RoleInfo.java:updateAndGet(143)) - 1008e79f-508c-492d-9d04-12ff6e91b544: start FollowerState
2019-10-04 14:10:44,474 [pool-179-thread-1] INFO  impl.RaftServerImpl (RaftServerImpl.java:setRole(170)) - 73904e97-0e50-4891-911f-6658a7908ac5@group-80C458CA4EC6: changes role from      null to FOLLOWER at term 0 for startAsFollower
2019-10-04 14:10:44,474 [pool-179-thread-1] INFO  impl.RoleInfo (RoleInfo.java:updateAndGet(143)) - 73904e97-0e50-4891-911f-6658a7908ac5: start FollowerState
2019-10-04 14:10:44,474 [pool-159-thread-1] INFO  util.JmxRegister (JmxRegister.java:tryRegister(44)) - Successfully registered JMX Bean with object name Ratis:service=RaftServer,group=group-80C458CA4EC6,id=1008e79f-508c-492d-9d04-12ff6e91b544
2019-10-04 14:10:44,475 [pool-179-thread-1] INFO  util.JmxRegister (JmxRegister.java:tryRegister(44)) - Successfully registered JMX Bean with object name Ratis:service=RaftServer,group=group-80C458CA4EC6,id=73904e97-0e50-4891-911f-6658a7908ac5
2019-10-04 14:10:44,482 [RatisPipelineUtilsThread] INFO  pipeline.PipelineStateManager (PipelineStateManager.java:addPipeline(56)) - Created pipeline Pipeline[ Id: 22ed341f-a532-4447-a437-80c458ca4ec6, Nodes: 73904e97-0e50-4891-911f-6658a7908ac5{ip: 192.168.5.142, host: pr-hdds-2204-d78b8-1674338442, networkLocation: /default-rack, certSerialId: null}1008e79f-508c-492d-9d04-12ff6e91b544{ip: 192.168.5.142, host: pr-hdds-2204-d78b8-1674338442, networkLocation: /default-rack, certSerialId: null}c086fae5-c746-4c62-b030-dc5300e1b6cb{ip: 192.168.5.142, host: pr-hdds-2204-d78b8-1674338442, networkLocation: /default-rack, certSerialId: null}, Type:RATIS, Factor:THREE, State:OPEN]
2019-10-04 14:10:46,592 [Thread-683] INFO  container.ReplicationManager (ReplicationManager.java:start(162)) - Starting Replication Monitor Thread.
2019-10-04 14:10:46,595 [ReplicationMonitor] INFO  container.ReplicationManager (ReplicationManager.java:run(225)) - Replication Monitor Thread took 0 milliseconds for processing 3 containers.
2019-10-04 14:10:48,751 [Thread-688] INFO  impl.FollowerState (FollowerState.java:run(108)) - 4e5dbce8-c406-4dc6-923f-e4f7868c83aa@group-ED66A6EC2B1F-FollowerState: change to CANDIDATE, lastRpcTime:5026ms, electionTimeout:5026ms
2019-10-04 14:10:48,751 [Thread-685] INFO  impl.FollowerState (FollowerState.java:run(108)) - afdeb2fb-212d-4377-bced-2343a81b5b39@group-67854829B401-FollowerState: change to CANDIDATE, lastRpcTime:5096ms, electionTimeout:5096ms
2019-10-04 14:10:48,751 [Thread-685] INFO  impl.RoleInfo (RoleInfo.java:shutdownFollowerState(121)) - afdeb2fb-212d-4377-bced-2343a81b5b39: shutdown FollowerState
2019-10-04 14:10:48,751 [Thread-688] INFO  impl.RoleInfo (RoleInfo.java:shutdownFollowerState(121)) - 4e5dbce8-c406-4dc6-923f-e4f7868c83aa: shutdown FollowerState
2019-10-04 14:10:48,752 [Thread-685] INFO  impl.RaftServerImpl (RaftServerImpl.java:setRole(170)) - afdeb2fb-212d-4377-bced-2343a81b5b39@group-67854829B401: changes role from  FOLLOWER to CANDIDATE at term 0 for changeToCandidate
2019-10-04 14:10:48,752 [Thread-688] INFO  impl.RaftServerImpl (RaftServerImpl.java:setRole(170)) - 4e5dbce8-c406-4dc6-923f-e4f7868c83aa@group-ED66A6EC2B1F: changes role from  FOLLOWER to CANDIDATE at term 0 for changeToCandidate
2019-10-04 14:10:48,752 [Thread-685] INFO  impl.RoleInfo (RoleInfo.java:updateAndGet(143)) - afdeb2fb-212d-4377-bced-2343a81b5b39: start LeaderElection
2019-10-04 14:10:48,752 [Thread-688] INFO  impl.RoleInfo (RoleInfo.java:updateAndGet(143)) - 4e5dbce8-c406-4dc6-923f-e4f7868c83aa: start LeaderElection
2019-10-04 14:10:48,793 [afdeb2fb-212d-4377-bced-2343a81b5b39@group-67854829B401-LeaderElection13] INFO  impl.LeaderElection (LeaderElection.java:askForVotes(178)) - afdeb2fb-212d-4377-bced-2343a81b5b39@group-67854829B401-LeaderElection13: begin an election at term 1 for -1: [afdeb2fb-212d-4377-bced-2343a81b5b39:192.168.5.142:37288], old=null
2019-10-04 14:10:48,793 [4e5dbce8-c406-4dc6-923f-e4f7868c83aa@group-ED66A6EC2B1F-LeaderElection14] INFO  impl.LeaderElection (LeaderElection.java:askForVotes(178)) - 4e5dbce8-c406-4dc6-923f-e4f7868c83aa@group-ED66A6EC2B1F-LeaderElection14: begin an election at term 1 for -1: [4e5dbce8-c406-4dc6-923f-e4f7868c83aa:192.168.5.142:45350], old=null
2019-10-04 14:10:48,793 [4e5dbce8-c406-4dc6-923f-e4f7868c83aa@group-ED66A6EC2B1F-LeaderElection14] INFO  impl.RoleInfo (RoleInfo.java:shutdownLeaderElection(134)) - 4e5dbce8-c406-4dc6-923f-e4f7868c83aa: shutdown LeaderElection
2019-10-04 14:10:48,793 [afdeb2fb-212d-4377-bced-2343a81b5b39@group-67854829B401-LeaderElection13] INFO  impl.RoleInfo (RoleInfo.java:shutdownLeaderElection(134)) - afdeb2fb-212d-4377-bced-2343a81b5b39: shutdown LeaderElection
2019-10-04 14:10:48,793 [4e5dbce8-c406-4dc6-923f-e4f7868c83aa@group-ED66A6EC2B1F-LeaderElection14] INFO  impl.RaftServerImpl (RaftServerImpl.java:setRole(170)) - 4e5dbce8-c406-4dc6-923f-e4f7868c83aa@group-ED66A6EC2B1F: changes role from CANDIDATE to LEADER at term 1 for changeToLeader
2019-10-04 14:10:48,793 [afdeb2fb-212d-4377-bced-2343a81b5b39@group-67854829B401-LeaderElection13] INFO  impl.RaftServerImpl (RaftServerImpl.java:setRole(170)) - afdeb2fb-212d-4377-bced-2343a81b5b39@group-67854829B401: changes role from CANDIDATE to LEADER at term 1 for changeToLeader
2019-10-04 14:10:48,794 [4e5dbce8-c406-4dc6-923f-e4f7868c83aa@group-ED66A6EC2B1F-LeaderElection14] INFO  impl.RaftServerImpl (ServerState.java:setLeader(255)) - 4e5dbce8-c406-4dc6-923f-e4f7868c83aa@group-ED66A6EC2B1F: change Leader from null to 4e5dbce8-c406-4dc6-923f-e4f7868c83aa at term 1 for becomeLeader, leader elected after 5078ms
2019-10-04 14:10:48,794 [afdeb2fb-212d-4377-bced-2343a81b5b39@group-67854829B401-LeaderElection13] INFO  impl.RaftServerImpl (ServerState.java:setLeader(255)) - afdeb2fb-212d-4377-bced-2343a81b5b39@group-67854829B401: change Leader from null to afdeb2fb-212d-4377-bced-2343a81b5b39 at term 1 for becomeLeader, leader elected after 5149ms
2019-10-04 14:10:48,796 [4e5dbce8-c406-4dc6-923f-e4f7868c83aa@group-ED66A6EC2B1F-LeaderElection14] INFO  server.RaftServerConfigKeys (ConfUtils.java:logGet(43)) - raft.server.staging.catchup.gap = 1000 (default)
2019-10-04 14:10:48,798 [afdeb2fb-212d-4377-bced-2343a81b5b39@group-67854829B401-LeaderElection13] INFO  server.RaftServerConfigKeys (ConfUtils.java:logGet(43)) - raft.server.staging.catchup.gap = 1000 (default)
2019-10-04 14:10:48,799 [4e5dbce8-c406-4dc6-923f-e4f7868c83aa@group-ED66A6EC2B1F-LeaderElection14] INFO  server.RaftServerConfigKeys (ConfUtils.java:logGet(43)) - raft.server.rpc.sleep.time = 25ms (default)
2019-10-04 14:10:48,799 [afdeb2fb-212d-4377-bced-2343a81b5b39@group-67854829B401-LeaderElection13] INFO  server.RaftServerConfigKeys (ConfUtils.java:logGet(43)) - raft.server.rpc.sleep.time = 25ms (default)
2019-10-04 14:10:48,799 [4e5dbce8-c406-4dc6-923f-e4f7868c83aa@group-ED66A6EC2B1F-LeaderElection14] INFO  server.RaftServerConfigKeys (ConfUtils.java:logGet(43)) - raft.server.write.element-limit = 4096 (default)
2019-10-04 14:10:48,799 [afdeb2fb-212d-4377-bced-2343a81b5b39@group-67854829B401-LeaderElection13] INFO  server.RaftServerConfigKeys (ConfUtils.java:logGet(43)) - raft.server.write.element-limit = 4096 (default)
2019-10-04 14:10:48,800 [4e5dbce8-c406-4dc6-923f-e4f7868c83aa@group-ED66A6EC2B1F-LeaderElection14] INFO  server.RaftServerConfigKeys (ConfUtils.java:logGet(43)) - raft.server.watch.timeout = 10s (default)
2019-10-04 14:10:48,800 [afdeb2fb-212d-4377-bced-2343a81b5b39@group-67854829B401-LeaderElection13] INFO  server.RaftServerConfigKeys (ConfUtils.java:logGet(43)) - raft.server.watch.timeout = 10s (default)
2019-10-04 14:10:48,800 [4e5dbce8-c406-4dc6-923f-e4f7868c83aa@group-ED66A6EC2B1F-LeaderElection14] INFO  server.RaftServerConfigKeys (ConfUtils.java:logGet(43)) - raft.server.watch.timeout.denomination = 1s (default)
2019-10-04 14:10:48,800 [afdeb2fb-212d-4377-bced-2343a81b5b39@group-67854829B401-LeaderElection13] INFO  server.RaftServerConfigKeys (ConfUtils.java:logGet(43)) - raft.server.watch.timeout.denomination = 1s (default)
2019-10-04 14:10:48,800 [4e5dbce8-c406-4dc6-923f-e4f7868c83aa@group-ED66A6EC2B1F-LeaderElection14] INFO  server.RaftServerConfigKeys (ConfUtils.java:logGet(43)) - raft.server.watch.element-limit = 65536 (default)
2019-10-04 14:10:48,800 [afdeb2fb-212d-4377-bced-2343a81b5b39@group-67854829B401-LeaderElection13] INFO  server.RaftServerConfigKeys (ConfUtils.java:logGet(43)) - raft.server.watch.element-limit = 65536 (default)
2019-10-04 14:10:48,805 [4e5dbce8-c406-4dc6-923f-e4f7868c83aa@group-ED66A6EC2B1F-LeaderElection14] INFO  impl.RoleInfo (RoleInfo.java:updateAndGet(143)) - 4e5dbce8-c406-4dc6-923f-e4f7868c83aa: start LeaderState
2019-10-04 14:10:48,805 [afdeb2fb-212d-4377-bced-2343a81b5b39@group-67854829B401-LeaderElection13] INFO  impl.RoleInfo (RoleInfo.java:updateAndGet(143)) - afdeb2fb-212d-4377-bced-2343a81b5b39: start LeaderState
2019-10-04 14:10:48,805 [4e5dbce8-c406-4dc6-923f-e4f7868c83aa@group-ED66A6EC2B1F-LeaderElection14] INFO  segmented.SegmentedRaftLogWorker (SegmentedRaftLogWorker.java:startLogSegment(385)) - 4e5dbce8-c406-4dc6-923f-e4f7868c83aa@group-ED66A6EC2B1F-SegmentedRaftLogWorker: Starting segment from index:0
2019-10-04 14:10:48,805 [afdeb2fb-212d-4377-bced-2343a81b5b39@group-67854829B401-LeaderElection13] INFO  segmented.SegmentedRaftLogWorker (SegmentedRaftLogWorker.java:startLogSegment(385)) - afdeb2fb-212d-4377-bced-2343a81b5b39@group-67854829B401-SegmentedRaftLogWorker: Starting segment from index:0
2019-10-04 14:10:48,806 [afdeb2fb-212d-4377-bced-2343a81b5b39@group-67854829B401-LeaderElection13] INFO  impl.RaftServerImpl (ServerState.java:setRaftConf(356)) - afdeb2fb-212d-4377-bced-2343a81b5b39@group-67854829B401: set configuration 0: [afdeb2fb-212d-4377-bced-2343a81b5b39:192.168.5.142:37288], old=null at 0
2019-10-04 14:10:48,806 [4e5dbce8-c406-4dc6-923f-e4f7868c83aa@group-ED66A6EC2B1F-LeaderElection14] INFO  impl.RaftServerImpl (ServerState.java:setRaftConf(356)) - 4e5dbce8-c406-4dc6-923f-e4f7868c83aa@group-ED66A6EC2B1F: set configuration 0: [4e5dbce8-c406-4dc6-923f-e4f7868c83aa:192.168.5.142:45350], old=null at 0
2019-10-04 14:10:48,854 [4e5dbce8-c406-4dc6-923f-e4f7868c83aa@group-ED66A6EC2B1F-SegmentedRaftLogWorker] INFO  segmented.SegmentedRaftLogWorker (SegmentedRaftLogWorker.java:execute(574)) - 4e5dbce8-c406-4dc6-923f-e4f7868c83aa@group-ED66A6EC2B1F-SegmentedRaftLogWorker: created new log segment /workdir/hadoop-ozone/integration-test/target/test-dir/MiniOzoneClusterImpl-049a3f56-5af9-4c3e-af4b-63e3eda3ba33/datanode-1/data/ratis/c0070fee-1f1a-4db5-8958-ed66a6ec2b1f/current/log_inprogress_0
2019-10-04 14:10:48,854 [afdeb2fb-212d-4377-bced-2343a81b5b39@group-67854829B401-SegmentedRaftLogWorker] INFO  segmented.SegmentedRaftLogWorker (SegmentedRaftLogWorker.java:execute(574)) - afdeb2fb-212d-4377-bced-2343a81b5b39@group-67854829B401-SegmentedRaftLogWorker: created new log segment /workdir/hadoop-ozone/integration-test/target/test-dir/MiniOzoneClusterImpl-049a3f56-5af9-4c3e-af4b-63e3eda3ba33/datanode-0/data/ratis/a3468b0a-d575-48dc-a08d-67854829b401/current/log_inprogress_0
2019-10-04 14:10:48,855 [Thread-691] INFO  impl.FollowerState (FollowerState.java:run(108)) - 0003c591-35f2-4f93-8e50-f22d26a3926e@group-A5A81E6E3701-FollowerState: change to CANDIDATE, lastRpcTime:5074ms, electionTimeout:5074ms
2019-10-04 14:10:48,856 [Thread-691] INFO  impl.RoleInfo (RoleInfo.java:shutdownFollowerState(121)) - 0003c591-35f2-4f93-8e50-f22d26a3926e: shutdown FollowerState
2019-10-04 14:10:48,856 [Thread-691] INFO  impl.RaftServerImpl (RaftServerImpl.java:setRole(170)) - 0003c591-35f2-4f93-8e50-f22d26a3926e@group-A5A81E6E3701: changes role from  FOLLOWER to CANDIDATE at term 0 for changeToCandidate
2019-10-04 14:10:48,856 [Thread-691] INFO  impl.RoleInfo (RoleInfo.java:updateAndGet(143)) - 0003c591-35f2-4f93-8e50-f22d26a3926e: start LeaderElection
2019-10-04 14:10:48,878 [0003c591-35f2-4f93-8e50-f22d26a3926e@group-A5A81E6E3701-LeaderElection15] INFO  impl.LeaderElection (LeaderElection.java:askForVotes(178)) - 0003c591-35f2-4f93-8e50-f22d26a3926e@group-A5A81E6E3701-LeaderElection15: begin an election at term 1 for -1: [0003c591-35f2-4f93-8e50-f22d26a3926e:192.168.5.142:42307], old=null
2019-10-04 14:10:48,879 [0003c591-35f2-4f93-8e50-f22d26a3926e@group-A5A81E6E3701-LeaderElection15] INFO  impl.RoleInfo (RoleInfo.java:shutdownLeaderElection(134)) - 0003c591-35f2-4f93-8e50-f22d26a3926e: shutdown LeaderElection
2019-10-04 14:10:48,879 [0003c591-35f2-4f93-8e50-f22d26a3926e@group-A5A81E6E3701-LeaderElection15] INFO  impl.RaftServerImpl (RaftServerImpl.java:setRole(170)) - 0003c591-35f2-4f93-8e50-f22d26a3926e@group-A5A81E6E3701: changes role from CANDIDATE to LEADER at term 1 for changeToLeader
2019-10-04 14:10:48,879 [0003c591-35f2-4f93-8e50-f22d26a3926e@group-A5A81E6E3701-LeaderElection15] INFO  impl.RaftServerImpl (ServerState.java:setLeader(255)) - 0003c591-35f2-4f93-8e50-f22d26a3926e@group-A5A81E6E3701: change Leader from null to 0003c591-35f2-4f93-8e50-f22d26a3926e at term 1 for becomeLeader, leader elected after 5106ms
2019-10-04 14:10:48,881 [0003c591-35f2-4f93-8e50-f22d26a3926e@group-A5A81E6E3701-LeaderElection15] INFO  server.RaftServerConfigKeys (ConfUtils.java:logGet(43)) - raft.server.staging.catchup.gap = 1000 (default)
2019-10-04 14:10:48,882 [0003c591-35f2-4f93-8e50-f22d26a3926e@group-A5A81E6E3701-LeaderElection15] INFO  server.RaftServerConfigKeys (ConfUtils.java:logGet(43)) - raft.server.rpc.sleep.time = 25ms (default)
2019-10-04 14:10:48,882 [0003c591-35f2-4f93-8e50-f22d26a3926e@group-A5A81E6E3701-LeaderElection15] INFO  server.RaftServerConfigKeys (ConfUtils.java:logGet(43)) - raft.server.write.element-limit = 4096 (default)
2019-10-04 14:10:48,882 [0003c591-35f2-4f93-8e50-f22d26a3926e@group-A5A81E6E3701-LeaderElection15] INFO  server.RaftServerConfigKeys (ConfUtils.java:logGet(43)) - raft.server.watch.timeout = 10s (default)
2019-10-04 14:10:48,882 [0003c591-35f2-4f93-8e50-f22d26a3926e@group-A5A81E6E3701-LeaderElection15] INFO  server.RaftServerConfigKeys (ConfUtils.java:logGet(43)) - raft.server.watch.timeout.denomination = 1s (default)
2019-10-04 14:10:48,882 [0003c591-35f2-4f93-8e50-f22d26a3926e@group-A5A81E6E3701-LeaderElection15] INFO  server.RaftServerConfigKeys (ConfUtils.java:logGet(43)) - raft.server.watch.element-limit = 65536 (default)
2019-10-04 14:10:48,885 [0003c591-35f2-4f93-8e50-f22d26a3926e@group-A5A81E6E3701-LeaderElection15] INFO  impl.RoleInfo (RoleInfo.java:updateAndGet(143)) - 0003c591-35f2-4f93-8e50-f22d26a3926e: start LeaderState
2019-10-04 14:10:48,885 [0003c591-35f2-4f93-8e50-f22d26a3926e@group-A5A81E6E3701-LeaderElection15] INFO  segmented.SegmentedRaftLogWorker (SegmentedRaftLogWorker.java:startLogSegment(385)) - 0003c591-35f2-4f93-8e50-f22d26a3926e@group-A5A81E6E3701-SegmentedRaftLogWorker: Starting segment from index:0
2019-10-04 14:10:48,886 [0003c591-35f2-4f93-8e50-f22d26a3926e@group-A5A81E6E3701-LeaderElection15] INFO  impl.RaftServerImpl (ServerState.java:setRaftConf(356)) - 0003c591-35f2-4f93-8e50-f22d26a3926e@group-A5A81E6E3701: set configuration 0: [0003c591-35f2-4f93-8e50-f22d26a3926e:192.168.5.142:42307], old=null at 0
2019-10-04 14:10:48,924 [0003c591-35f2-4f93-8e50-f22d26a3926e@group-A5A81E6E3701-SegmentedRaftLogWorker] INFO  segmented.SegmentedRaftLogWorker (SegmentedRaftLogWorker.java:execute(574)) - 0003c591-35f2-4f93-8e50-f22d26a3926e@group-A5A81E6E3701-SegmentedRaftLogWorker: created new log segment /workdir/hadoop-ozone/integration-test/target/test-dir/MiniOzoneClusterImpl-049a3f56-5af9-4c3e-af4b-63e3eda3ba33/datanode-2/data/ratis/f4076172-4a27-488a-af8b-a5a81e6e3701/current/log_inprogress_0
2019-10-04 14:10:48,959 [Thread-694] INFO  impl.FollowerState (FollowerState.java:run(108)) - c086fae5-c746-4c62-b030-dc5300e1b6cb@group-02D89F39EE1D-FollowerState: change to CANDIDATE, lastRpcTime:5118ms, electionTimeout:5118ms
2019-10-04 14:10:48,959 [Thread-694] INFO  impl.RoleInfo (RoleInfo.java:shutdownFollowerState(121)) - c086fae5-c746-4c62-b030-dc5300e1b6cb: shutdown FollowerState
2019-10-04 14:10:48,959 [Thread-694] INFO  impl.RaftServerImpl (RaftServerImpl.java:setRole(170)) - c086fae5-c746-4c62-b030-dc5300e1b6cb@group-02D89F39EE1D: changes role from  FOLLOWER to CANDIDATE at term 0 for changeToCandidate
2019-10-04 14:10:48,959 [Thread-694] INFO  impl.RoleInfo (RoleInfo.java:updateAndGet(143)) - c086fae5-c746-4c62-b030-dc5300e1b6cb: start LeaderElection
2019-10-04 14:10:48,982 [c086fae5-c746-4c62-b030-dc5300e1b6cb@group-02D89F39EE1D-LeaderElection16] INFO  impl.LeaderElection (LeaderElection.java:askForVotes(178)) - c086fae5-c746-4c62-b030-dc5300e1b6cb@group-02D89F39EE1D-LeaderElection16: begin an election at term 1 for -1: [c086fae5-c746-4c62-b030-dc5300e1b6cb:192.168.5.142:40015], old=null
2019-10-04 14:10:48,982 [c086fae5-c746-4c62-b030-dc5300e1b6cb@group-02D89F39EE1D-LeaderElection16] INFO  impl.RoleInfo (RoleInfo.java:shutdownLeaderElection(134)) - c086fae5-c746-4c62-b030-dc5300e1b6cb: shutdown LeaderElection
2019-10-04 14:10:48,982 [c086fae5-c746-4c62-b030-dc5300e1b6cb@group-02D89F39EE1D-LeaderElection16] INFO  impl.RaftServerImpl (RaftServerImpl.java:setRole(170)) - c086fae5-c746-4c62-b030-dc5300e1b6cb@group-02D89F39EE1D: changes role from CANDIDATE to LEADER at term 1 for changeToLeader
2019-10-04 14:10:48,982 [c086fae5-c746-4c62-b030-dc5300e1b6cb@group-02D89F39EE1D-LeaderElection16] INFO  impl.RaftServerImpl (ServerState.java:setLeader(255)) - c086fae5-c746-4c62-b030-dc5300e1b6cb@group-02D89F39EE1D: change Leader from null to c086fae5-c746-4c62-b030-dc5300e1b6cb at term 1 for becomeLeader, leader elected after 5153ms
2019-10-04 14:10:48,984 [c086fae5-c746-4c62-b030-dc5300e1b6cb@group-02D89F39EE1D-LeaderElection16] INFO  server.RaftServerConfigKeys (ConfUtils.java:logGet(43)) - raft.server.staging.catchup.gap = 1000 (default)
2019-10-04 14:10:48,984 [c086fae5-c746-4c62-b030-dc5300e1b6cb@group-02D89F39EE1D-LeaderElection16] INFO  server.RaftServerConfigKeys (ConfUtils.java:logGet(43)) - raft.server.rpc.sleep.time = 25ms (default)
2019-10-04 14:10:48,984 [c086fae5-c746-4c62-b030-dc5300e1b6cb@group-02D89F39EE1D-LeaderElection16] INFO  server.RaftServerConfigKeys (ConfUtils.java:logGet(43)) - raft.server.write.element-limit = 4096 (default)
2019-10-04 14:10:48,984 [c086fae5-c746-4c62-b030-dc5300e1b6cb@group-02D89F39EE1D-LeaderElection16] INFO  server.RaftServerConfigKeys (ConfUtils.java:logGet(43)) - raft.server.watch.timeout = 10s (default)
2019-10-04 14:10:48,985 [c086fae5-c746-4c62-b030-dc5300e1b6cb@group-02D89F39EE1D-LeaderElection16] INFO  server.RaftServerConfigKeys (ConfUtils.java:logGet(43)) - raft.server.watch.timeout.denomination = 1s (default)
2019-10-04 14:10:48,985 [c086fae5-c746-4c62-b030-dc5300e1b6cb@group-02D89F39EE1D-LeaderElection16] INFO  server.RaftServerConfigKeys (ConfUtils.java:logGet(43)) - raft.server.watch.element-limit = 65536 (default)
2019-10-04 14:10:48,986 [c086fae5-c746-4c62-b030-dc5300e1b6cb@group-02D89F39EE1D-LeaderElection16] INFO  impl.RoleInfo (RoleInfo.java:updateAndGet(143)) - c086fae5-c746-4c62-b030-dc5300e1b6cb: start LeaderState
2019-10-04 14:10:48,987 [c086fae5-c746-4c62-b030-dc5300e1b6cb@group-02D89F39EE1D-LeaderElection16] INFO  segmented.SegmentedRaftLogWorker (SegmentedRaftLogWorker.java:startLogSegment(385)) - c086fae5-c746-4c62-b030-dc5300e1b6cb@group-02D89F39EE1D-SegmentedRaftLogWorker: Starting segment from index:0
2019-10-04 14:10:48,987 [c086fae5-c746-4c62-b030-dc5300e1b6cb@group-02D89F39EE1D-LeaderElection16] INFO  impl.RaftServerImpl (ServerState.java:setRaftConf(356)) - c086fae5-c746-4c62-b030-dc5300e1b6cb@group-02D89F39EE1D: set configuration 0: [c086fae5-c746-4c62-b030-dc5300e1b6cb:192.168.5.142:40015], old=null at 0
2019-10-04 14:10:49,012 [Thread-701] INFO  impl.FollowerState (FollowerState.java:run(108)) - 0003c591-35f2-4f93-8e50-f22d26a3926e@group-F9806A76D640-FollowerState: change to CANDIDATE, lastRpcTime:5062ms, electionTimeout:5043ms
2019-10-04 14:10:49,014 [Thread-701] INFO  impl.RoleInfo (RoleInfo.java:shutdownFollowerState(121)) - 0003c591-35f2-4f93-8e50-f22d26a3926e: shutdown FollowerState
2019-10-04 14:10:49,014 [Thread-701] INFO  impl.RaftServerImpl (RaftServerImpl.java:setRole(170)) - 0003c591-35f2-4f93-8e50-f22d26a3926e@group-F9806A76D640: changes role from  FOLLOWER to CANDIDATE at term 0 for changeToCandidate
2019-10-04 14:10:49,014 [Thread-701] INFO  impl.RoleInfo (RoleInfo.java:updateAndGet(143)) - 0003c591-35f2-4f93-8e50-f22d26a3926e: start LeaderElection
2019-10-04 14:10:49,026 [c086fae5-c746-4c62-b030-dc5300e1b6cb@group-02D89F39EE1D-SegmentedRaftLogWorker] INFO  segmented.SegmentedRaftLogWorker (SegmentedRaftLogWorker.java:execute(574)) - c086fae5-c746-4c62-b030-dc5300e1b6cb@group-02D89F39EE1D-SegmentedRaftLogWorker: created new log segment /workdir/hadoop-ozone/integration-test/target/test-dir/MiniOzoneClusterImpl-049a3f56-5af9-4c3e-af4b-63e3eda3ba33/datanode-3/data/ratis/4e552669-d29f-4930-95b3-02d89f39ee1d/current/log_inprogress_0
2019-10-04 14:10:49,026 [0003c591-35f2-4f93-8e50-f22d26a3926e@group-F9806A76D640-LeaderElection17] INFO  impl.LeaderElection (LeaderElection.java:askForVotes(178)) - 0003c591-35f2-4f93-8e50-f22d26a3926e@group-F9806A76D640-LeaderElection17: begin an election at term 1 for -1: [0003c591-35f2-4f93-8e50-f22d26a3926e:192.168.5.142:42307, 4e5dbce8-c406-4dc6-923f-e4f7868c83aa:192.168.5.142:45350, afdeb2fb-212d-4377-bced-2343a81b5b39:192.168.5.142:37288], old=null
2019-10-04 14:10:49,032 [grpc-default-executor-0] INFO  impl.RaftServerImpl (RaftServerImpl.java:setRole(170)) - 4e5dbce8-c406-4dc6-923f-e4f7868c83aa@group-F9806A76D640: changes role from  FOLLOWER to FOLLOWER at term 1 for recognizeCandidate:0003c591-35f2-4f93-8e50-f22d26a3926e
2019-10-04 14:10:49,032 [grpc-default-executor-1] INFO  impl.RaftServerImpl (RaftServerImpl.java:setRole(170)) - afdeb2fb-212d-4377-bced-2343a81b5b39@group-F9806A76D640: changes role from  FOLLOWER to FOLLOWER at term 1 for recognizeCandidate:0003c591-35f2-4f93-8e50-f22d26a3926e
2019-10-04 14:10:49,032 [grpc-default-executor-0] INFO  impl.RoleInfo (RoleInfo.java:shutdownFollowerState(121)) - 4e5dbce8-c406-4dc6-923f-e4f7868c83aa: shutdown FollowerState
2019-10-04 14:10:49,033 [grpc-default-executor-1] INFO  impl.RoleInfo (RoleInfo.java:shutdownFollowerState(121)) - afdeb2fb-212d-4377-bced-2343a81b5b39: shutdown FollowerState
2019-10-04 14:10:49,033 [grpc-default-executor-0] INFO  impl.RoleInfo (RoleInfo.java:updateAndGet(143)) - 4e5dbce8-c406-4dc6-923f-e4f7868c83aa: start FollowerState
2019-10-04 14:10:49,033 [Thread-699] INFO  impl.FollowerState (FollowerState.java:run(117)) - 4e5dbce8-c406-4dc6-923f-e4f7868c83aa@group-F9806A76D640-FollowerState was interrupted: java.lang.InterruptedException: sleep interrupted
2019-10-04 14:10:49,033 [grpc-default-executor-1] INFO  impl.RoleInfo (RoleInfo.java:updateAndGet(143)) - afdeb2fb-212d-4377-bced-2343a81b5b39: start FollowerState
2019-10-04 14:10:49,033 [Thread-700] INFO  impl.FollowerState (FollowerState.java:run(117)) - afdeb2fb-212d-4377-bced-2343a81b5b39@group-F9806A76D640-FollowerState was interrupted: java.lang.InterruptedException: sleep interrupted
2019-10-04 14:10:49,053 [0003c591-35f2-4f93-8e50-f22d26a3926e@group-F9806A76D640-LeaderElection17] INFO  impl.LeaderElection (LeaderElection.java:logAndReturn(56)) - 0003c591-35f2-4f93-8e50-f22d26a3926e@group-F9806A76D640-LeaderElection17: Election PASSED; received 1 response(s) [0003c591-35f2-4f93-8e50-f22d26a3926e<-afdeb2fb-212d-4377-bced-2343a81b5b39#0:OK-t1] and 0 exception(s); 0003c591-35f2-4f93-8e50-f22d26a3926e@group-F9806A76D640:t1, leader=null, voted=0003c591-35f2-4f93-8e50-f22d26a3926e, raftlog=0003c591-35f2-4f93-8e50-f22d26a3926e@group-F9806A76D640-SegmentedRaftLog:OPENED:c-1,f-1,i0, conf=-1: [0003c591-35f2-4f93-8e50-f22d26a3926e:192.168.5.142:42307, 4e5dbce8-c406-4dc6-923f-e4f7868c83aa:192.168.5.142:45350, afdeb2fb-212d-4377-bced-2343a81b5b39:192.168.5.142:37288], old=null
2019-10-04 14:10:49,053 [0003c591-35f2-4f93-8e50-f22d26a3926e@group-F9806A76D640-LeaderElection17] INFO  impl.RoleInfo (RoleInfo.java:shutdownLeaderElection(134)) - 0003c591-35f2-4f93-8e50-f22d26a3926e: shutdown LeaderElection
2019-10-04 14:10:49,054 [0003c591-35f2-4f93-8e50-f22d26a3926e@group-F9806A76D640-LeaderElection17] INFO  impl.RaftServerImpl (RaftServerImpl.java:setRole(170)) - 0003c591-35f2-4f93-8e50-f22d26a3926e@group-F9806A76D640: changes role from CANDIDATE to LEADER at term 1 for changeToLeader
2019-10-04 14:10:49,054 [0003c591-35f2-4f93-8e50-f22d26a3926e@group-F9806A76D640-LeaderElection17] INFO  impl.RaftServerImpl (ServerState.java:setLeader(255)) - 0003c591-35f2-4f93-8e50-f22d26a3926e@group-F9806A76D640: change Leader from null to 0003c591-35f2-4f93-8e50-f22d26a3926e at term 1 for becomeLeader, leader elected after 5116ms
2019-10-04 14:10:49,054 [0003c591-35f2-4f93-8e50-f22d26a3926e@group-F9806A76D640-LeaderElection17] INFO  server.RaftServerConfigKeys (ConfUtils.java:logGet(43)) - raft.server.staging.catchup.gap = 1000 (default)
2019-10-04 14:10:49,054 [0003c591-35f2-4f93-8e50-f22d26a3926e@group-F9806A76D640-LeaderElection17] INFO  server.RaftServerConfigKeys (ConfUtils.java:logGet(43)) - raft.server.rpc.sleep.time = 25ms (default)
2019-10-04 14:10:49,054 [0003c591-35f2-4f93-8e50-f22d26a3926e@group-F9806A76D640-LeaderElection17] INFO  server.RaftServerConfigKeys (ConfUtils.java:logGet(43)) - raft.server.write.element-limit = 4096 (default)
2019-10-04 14:10:49,054 [0003c591-35f2-4f93-8e50-f22d26a3926e@group-F9806A76D640-LeaderElection17] INFO  server.RaftServerConfigKeys (ConfUtils.java:logGet(43)) - raft.server.watch.timeout = 10s (default)
2019-10-04 14:10:49,054 [0003c591-35f2-4f93-8e50-f22d26a3926e@group-F9806A76D640-LeaderElection17] INFO  server.RaftServerConfigKeys (ConfUtils.java:logGet(43)) - raft.server.watch.timeout.denomination = 1s (default)
2019-10-04 14:10:49,055 [0003c591-35f2-4f93-8e50-f22d26a3926e@group-F9806A76D640-LeaderElection17] INFO  server.RaftServerConfigKeys (ConfUtils.java:logGet(43)) - raft.server.watch.element-limit = 65536 (default)
2019-10-04 14:10:49,057 [0003c591-35f2-4f93-8e50-f22d26a3926e@group-F9806A76D640-LeaderElection17] INFO  server.RaftServerConfigKeys (ConfUtils.java:logGet(43)) - raft.server.log.appender.snapshot.chunk.size.max = 16MB (=16777216) (default)
2019-10-04 14:10:49,057 [0003c591-35f2-4f93-8e50-f22d26a3926e@group-F9806A76D640-LeaderElection17] INFO  server.RaftServerConfigKeys (ConfUtils.java:logGet(43)) - raft.server.log.appender.buffer.byte-limit = 33554432 (custom)
2019-10-04 14:10:49,057 [0003c591-35f2-4f93-8e50-f22d26a3926e@group-F9806A76D640-LeaderElection17] INFO  server.RaftServerConfigKeys (ConfUtils.java:logGet(43)) - raft.server.log.appender.buffer.element-limit = 1 (custom)
2019-10-04 14:10:49,057 [0003c591-35f2-4f93-8e50-f22d26a3926e@group-F9806A76D640-LeaderElection17] INFO  grpc.GrpcConfigKeys$Server (ConfUtils.java:logGet(43)) - raft.grpc.server.leader.outstanding.appends.max = 128 (default)
2019-10-04 14:10:49,058 [0003c591-35f2-4f93-8e50-f22d26a3926e@group-F9806A76D640-LeaderElection17] INFO  server.RaftServerConfigKeys (ConfUtils.java:logGet(43)) - raft.server.rpc.request.timeout = 3000ms (default)
2019-10-04 14:10:49,058 [0003c591-35f2-4f93-8e50-f22d26a3926e@group-F9806A76D640-LeaderElection17] INFO  server.RaftServerConfigKeys (ConfUtils.java:logGet(43)) - raft.server.log.appender.install.snapshot.enabled = false (custom)
2019-10-04 14:10:49,058 [0003c591-35f2-4f93-8e50-f22d26a3926e@group-F9806A76D640-LeaderElection17] INFO  server.RaftServerConfigKeys (ConfUtils.java:logGet(43)) - raft.server.log.appender.snapshot.chunk.size.max = 16MB (=16777216) (default)
2019-10-04 14:10:49,058 [0003c591-35f2-4f93-8e50-f22d26a3926e@group-F9806A76D640-LeaderElection17] INFO  server.RaftServerConfigKeys (ConfUtils.java:logGet(43)) - raft.server.log.appender.buffer.byte-limit = 33554432 (custom)
2019-10-04 14:10:49,058 [0003c591-35f2-4f93-8e50-f22d26a3926e@group-F9806A76D640-LeaderElection17] INFO  server.RaftServerConfigKeys (ConfUtils.java:logGet(43)) - raft.server.log.appender.buffer.element-limit = 1 (custom)
2019-10-04 14:10:49,059 [0003c591-35f2-4f93-8e50-f22d26a3926e@group-F9806A76D640-LeaderElection17] INFO  grpc.GrpcConfigKeys$Server (ConfUtils.java:logGet(43)) - raft.grpc.server.leader.outstanding.appends.max = 128 (default)
2019-10-04 14:10:49,059 [0003c591-35f2-4f93-8e50-f22d26a3926e@group-F9806A76D640-LeaderElection17] INFO  server.RaftServerConfigKeys (ConfUtils.java:logGet(43)) - raft.server.rpc.request.timeout = 3000ms (default)
2019-10-04 14:10:49,059 [0003c591-35f2-4f93-8e50-f22d26a3926e@group-F9806A76D640-LeaderElection17] INFO  server.RaftServerConfigKeys (ConfUtils.java:logGet(43)) - raft.server.log.appender.install.snapshot.enabled = false (custom)
2019-10-04 14:10:49,059 [0003c591-35f2-4f93-8e50-f22d26a3926e@group-F9806A76D640-LeaderElection17] INFO  impl.RoleInfo (RoleInfo.java:updateAndGet(143)) - 0003c591-35f2-4f93-8e50-f22d26a3926e: start LeaderState
2019-10-04 14:10:49,059 [0003c591-35f2-4f93-8e50-f22d26a3926e@group-F9806A76D640-LeaderElection17] INFO  segmented.SegmentedRaftLogWorker (SegmentedRaftLogWorker.java:startLogSegment(385)) - 0003c591-35f2-4f93-8e50-f22d26a3926e@group-F9806A76D640-SegmentedRaftLogWorker: Starting segment from index:0
2019-10-04 14:10:49,060 [0003c591-35f2-4f93-8e50-f22d26a3926e@group-F9806A76D640-LeaderElection17] INFO  impl.RaftServerImpl (ServerState.java:setRaftConf(356)) - 0003c591-35f2-4f93-8e50-f22d26a3926e@group-F9806A76D640: set configuration 0: [0003c591-35f2-4f93-8e50-f22d26a3926e:192.168.5.142:42307, 4e5dbce8-c406-4dc6-923f-e4f7868c83aa:192.168.5.142:45350, afdeb2fb-212d-4377-bced-2343a81b5b39:192.168.5.142:37288], old=null at 0
2019-10-04 14:10:49,086 [grpc-default-executor-0] INFO  impl.RaftServerImpl (ServerState.java:setLeader(255)) - afdeb2fb-212d-4377-bced-2343a81b5b39@group-F9806A76D640: change Leader from null to 0003c591-35f2-4f93-8e50-f22d26a3926e at term 1 for appendEntries, leader elected after 5149ms
2019-10-04 14:10:49,088 [grpc-default-executor-1] INFO  impl.RaftServerImpl (ServerState.java:setLeader(255)) - 4e5dbce8-c406-4dc6-923f-e4f7868c83aa@group-F9806A76D640: change Leader from null to 0003c591-35f2-4f93-8e50-f22d26a3926e at term 1 for appendEntries, leader elected after 5149ms
2019-10-04 14:10:49,088 [Thread-706] INFO  impl.FollowerState (FollowerState.java:run(108)) - 1008e79f-508c-492d-9d04-12ff6e91b544@group-CF9568AE36B1-FollowerState: change to CANDIDATE, lastRpcTime:5074ms, electionTimeout:5062ms
2019-10-04 14:10:49,088 [Thread-706] INFO  impl.RoleInfo (RoleInfo.java:shutdownFollowerState(121)) - 1008e79f-508c-492d-9d04-12ff6e91b544: shutdown FollowerState
2019-10-04 14:10:49,089 [Thread-706] INFO  impl.RaftServerImpl (RaftServerImpl.java:setRole(170)) - 1008e79f-508c-492d-9d04-12ff6e91b544@group-CF9568AE36B1: changes role from  FOLLOWER to CANDIDATE at term 0 for changeToCandidate
2019-10-04 14:10:49,089 [Thread-706] INFO  impl.RoleInfo (RoleInfo.java:updateAndGet(143)) - 1008e79f-508c-492d-9d04-12ff6e91b544: start LeaderElection
2019-10-04 14:10:49,095 [grpc-default-executor-0] INFO  impl.RaftServerImpl (ServerState.java:setRaftConf(356)) - afdeb2fb-212d-4377-bced-2343a81b5b39@group-F9806A76D640: set configuration 0: [0003c591-35f2-4f93-8e50-f22d26a3926e:192.168.5.142:42307, 4e5dbce8-c406-4dc6-923f-e4f7868c83aa:192.168.5.142:45350, afdeb2fb-212d-4377-bced-2343a81b5b39:192.168.5.142:37288], old=null at 0
2019-10-04 14:10:49,096 [grpc-default-executor-0] INFO  segmented.SegmentedRaftLogWorker (SegmentedRaftLogWorker.java:startLogSegment(385)) - afdeb2fb-212d-4377-bced-2343a81b5b39@group-F9806A76D640-SegmentedRaftLogWorker: Starting segment from index:0
2019-10-04 14:10:49,096 [grpc-default-executor-1] INFO  impl.RaftServerImpl (ServerState.java:setRaftConf(356)) - 4e5dbce8-c406-4dc6-923f-e4f7868c83aa@group-F9806A76D640: set configuration 0: [0003c591-35f2-4f93-8e50-f22d26a3926e:192.168.5.142:42307, 4e5dbce8-c406-4dc6-923f-e4f7868c83aa:192.168.5.142:45350, afdeb2fb-212d-4377-bced-2343a81b5b39:192.168.5.142:37288], old=null at 0
2019-10-04 14:10:49,096 [grpc-default-executor-1] INFO  segmented.SegmentedRaftLogWorker (SegmentedRaftLogWorker.java:startLogSegment(385)) - 4e5dbce8-c406-4dc6-923f-e4f7868c83aa@group-F9806A76D640-SegmentedRaftLogWorker: Starting segment from index:0
2019-10-04 14:10:49,113 [0003c591-35f2-4f93-8e50-f22d26a3926e@group-F9806A76D640-SegmentedRaftLogWorker] INFO  segmented.SegmentedRaftLogWorker (SegmentedRaftLogWorker.java:execute(574)) - 0003c591-35f2-4f93-8e50-f22d26a3926e@group-F9806A76D640-SegmentedRaftLogWorker: created new log segment /workdir/hadoop-ozone/integration-test/target/test-dir/MiniOzoneClusterImpl-049a3f56-5af9-4c3e-af4b-63e3eda3ba33/datanode-2/data/ratis/6e34ad7a-993b-4d57-8e4b-f9806a76d640/current/log_inprogress_0
2019-10-04 14:10:49,113 [1008e79f-508c-492d-9d04-12ff6e91b544@group-CF9568AE36B1-LeaderElection18] INFO  impl.LeaderElection (LeaderElection.java:askForVotes(178)) - 1008e79f-508c-492d-9d04-12ff6e91b544@group-CF9568AE36B1-LeaderElection18: begin an election at term 1 for -1: [1008e79f-508c-492d-9d04-12ff6e91b544:192.168.5.142:35459], old=null
2019-10-04 14:10:49,113 [1008e79f-508c-492d-9d04-12ff6e91b544@group-CF9568AE36B1-LeaderElection18] INFO  impl.RoleInfo (RoleInfo.java:shutdownLeaderElection(134)) - 1008e79f-508c-492d-9d04-12ff6e91b544: shutdown LeaderElection
2019-10-04 14:10:49,113 [1008e79f-508c-492d-9d04-12ff6e91b544@group-CF9568AE36B1-LeaderElection18] INFO  impl.RaftServerImpl (RaftServerImpl.java:setRole(170)) - 1008e79f-508c-492d-9d04-12ff6e91b544@group-CF9568AE36B1: changes role from CANDIDATE to LEADER at term 1 for changeToLeader
2019-10-04 14:10:49,114 [1008e79f-508c-492d-9d04-12ff6e91b544@group-CF9568AE36B1-LeaderElection18] INFO  impl.RaftServerImpl (ServerState.java:setLeader(255)) - 1008e79f-508c-492d-9d04-12ff6e91b544@group-CF9568AE36B1: change Leader from null to 1008e79f-508c-492d-9d04-12ff6e91b544 at term 1 for becomeLeader, leader elected after 5107ms
2019-10-04 14:10:49,132 [1008e79f-508c-492d-9d04-12ff6e91b544@group-CF9568AE36B1-LeaderElection18] INFO  server.RaftServerConfigKeys (ConfUtils.java:logGet(43)) - raft.server.staging.catchup.gap = 1000 (default)
2019-10-04 14:10:49,132 [1008e79f-508c-492d-9d04-12ff6e91b544@group-CF9568AE36B1-LeaderElection18] INFO  server.RaftServerConfigKeys (ConfUtils.java:logGet(43)) - raft.server.rpc.sleep.time = 25ms (default)
2019-10-04 14:10:49,132 [1008e79f-508c-492d-9d04-12ff6e91b544@group-CF9568AE36B1-LeaderElection18] INFO  server.RaftServerConfigKeys (ConfUtils.java:logGet(43)) - raft.server.write.element-limit = 4096 (default)
2019-10-04 14:10:49,133 [1008e79f-508c-492d-9d04-12ff6e91b544@group-CF9568AE36B1-LeaderElection18] INFO  server.RaftServerConfigKeys (ConfUtils.java:logGet(43)) - raft.server.watch.timeout = 10s (default)
2019-10-04 14:10:49,133 [1008e79f-508c-492d-9d04-12ff6e91b544@group-CF9568AE36B1-LeaderElection18] INFO  server.RaftServerConfigKeys (ConfUtils.java:logGet(43)) - raft.server.watch.timeout.denomination = 1s (default)
2019-10-04 14:10:49,133 [1008e79f-508c-492d-9d04-12ff6e91b544@group-CF9568AE36B1-LeaderElection18] INFO  server.RaftServerConfigKeys (ConfUtils.java:logGet(43)) - raft.server.watch.element-limit = 65536 (default)
2019-10-04 14:10:49,137 [1008e79f-508c-492d-9d04-12ff6e91b544@group-CF9568AE36B1-LeaderElection18] INFO  impl.RoleInfo (RoleInfo.java:updateAndGet(143)) - 1008e79f-508c-492d-9d04-12ff6e91b544: start LeaderState
2019-10-04 14:10:49,137 [1008e79f-508c-492d-9d04-12ff6e91b544@group-CF9568AE36B1-LeaderElection18] INFO  segmented.SegmentedRaftLogWorker (SegmentedRaftLogWorker.java:startLogSegment(385)) - 1008e79f-508c-492d-9d04-12ff6e91b544@group-CF9568AE36B1-SegmentedRaftLogWorker: Starting segment from index:0
2019-10-04 14:10:49,138 [1008e79f-508c-492d-9d04-12ff6e91b544@group-CF9568AE36B1-LeaderElection18] INFO  impl.RaftServerImpl (ServerState.java:setRaftConf(356)) - 1008e79f-508c-492d-9d04-12ff6e91b544@group-CF9568AE36B1: set configuration 0: [1008e79f-508c-492d-9d04-12ff6e91b544:192.168.5.142:35459], old=null at 0
2019-10-04 14:10:49,169 [afdeb2fb-212d-4377-bced-2343a81b5b39@group-F9806A76D640-SegmentedRaftLogWorker] INFO  segmented.SegmentedRaftLogWorker (SegmentedRaftLogWorker.java:execute(574)) - afdeb2fb-212d-4377-bced-2343a81b5b39@group-F9806A76D640-SegmentedRaftLogWorker: created new log segment /workdir/hadoop-ozone/integration-test/target/test-dir/MiniOzoneClusterImpl-049a3f56-5af9-4c3e-af4b-63e3eda3ba33/datanode-0/data/ratis/6e34ad7a-993b-4d57-8e4b-f9806a76d640/current/log_inprogress_0
2019-10-04 14:10:49,169 [4e5dbce8-c406-4dc6-923f-e4f7868c83aa@group-F9806A76D640-SegmentedRaftLogWorker] INFO  segmented.SegmentedRaftLogWorker (SegmentedRaftLogWorker.java:execute(574)) - 4e5dbce8-c406-4dc6-923f-e4f7868c83aa@group-F9806A76D640-SegmentedRaftLogWorker: created new log segment /workdir/hadoop-ozone/integration-test/target/test-dir/MiniOzoneClusterImpl-049a3f56-5af9-4c3e-af4b-63e3eda3ba33/datanode-1/data/ratis/6e34ad7a-993b-4d57-8e4b-f9806a76d640/current/log_inprogress_0
2019-10-04 14:10:49,169 [Thread-709] INFO  impl.FollowerState (FollowerState.java:run(108)) - c4ce4f89-6a2e-4714-b6f6-5862b6e58892@group-38F2330D2324-FollowerState: change to CANDIDATE, lastRpcTime:5102ms, electionTimeout:5072ms
2019-10-04 14:10:49,170 [Thread-709] INFO  impl.RoleInfo (RoleInfo.java:shutdownFollowerState(121)) - c4ce4f89-6a2e-4714-b6f6-5862b6e58892: shutdown FollowerState
2019-10-04 14:10:49,170 [Thread-709] INFO  impl.RaftServerImpl (RaftServerImpl.java:setRole(170)) - c4ce4f89-6a2e-4714-b6f6-5862b6e58892@group-38F2330D2324: changes role from  FOLLOWER to CANDIDATE at term 0 for changeToCandidate
2019-10-04 14:10:49,170 [Thread-709] INFO  impl.RoleInfo (RoleInfo.java:updateAndGet(143)) - c4ce4f89-6a2e-4714-b6f6-5862b6e58892: start LeaderElection
2019-10-04 14:10:49,181 [1008e79f-508c-492d-9d04-12ff6e91b544@group-CF9568AE36B1-SegmentedRaftLogWorker] INFO  segmented.SegmentedRaftLogWorker (SegmentedRaftLogWorker.java:execute(574)) - 1008e79f-508c-492d-9d04-12ff6e91b544@group-CF9568AE36B1-SegmentedRaftLogWorker: created new log segment /workdir/hadoop-ozone/integration-test/target/test-dir/MiniOzoneClusterImpl-049a3f56-5af9-4c3e-af4b-63e3eda3ba33/datanode-4/data/ratis/5aced55f-5486-4521-bc5d-cf9568ae36b1/current/log_inprogress_0
2019-10-04 14:10:49,181 [c4ce4f89-6a2e-4714-b6f6-5862b6e58892@group-38F2330D2324-LeaderElection19] INFO  impl.LeaderElection (LeaderElection.java:askForVotes(178)) - c4ce4f89-6a2e-4714-b6f6-5862b6e58892@group-38F2330D2324-LeaderElection19: begin an election at term 1 for -1: [c4ce4f89-6a2e-4714-b6f6-5862b6e58892:192.168.5.142:35265], old=null
2019-10-04 14:10:49,182 [c4ce4f89-6a2e-4714-b6f6-5862b6e58892@group-38F2330D2324-LeaderElection19] INFO  impl.RoleInfo (RoleInfo.java:shutdownLeaderElection(134)) - c4ce4f89-6a2e-4714-b6f6-5862b6e58892: shutdown LeaderElection
2019-10-04 14:10:49,182 [c4ce4f89-6a2e-4714-b6f6-5862b6e58892@group-38F2330D2324-LeaderElection19] INFO  impl.RaftServerImpl (RaftServerImpl.java:setRole(170)) - c4ce4f89-6a2e-4714-b6f6-5862b6e58892@group-38F2330D2324: changes role from CANDIDATE to LEADER at term 1 for changeToLeader
2019-10-04 14:10:49,182 [c4ce4f89-6a2e-4714-b6f6-5862b6e58892@group-38F2330D2324-LeaderElection19] INFO  impl.RaftServerImpl (ServerState.java:setLeader(255)) - c4ce4f89-6a2e-4714-b6f6-5862b6e58892@group-38F2330D2324: change Leader from null to c4ce4f89-6a2e-4714-b6f6-5862b6e58892 at term 1 for becomeLeader, leader elected after 5122ms
2019-10-04 14:10:49,184 [c4ce4f89-6a2e-4714-b6f6-5862b6e58892@group-38F2330D2324-LeaderElection19] INFO  server.RaftServerConfigKeys (ConfUtils.java:logGet(43)) - raft.server.staging.catchup.gap = 1000 (default)
2019-10-04 14:10:49,184 [c4ce4f89-6a2e-4714-b6f6-5862b6e58892@group-38F2330D2324-LeaderElection19] INFO  server.RaftServerConfigKeys (ConfUtils.java:logGet(43)) - raft.server.rpc.sleep.time = 25ms (default)
2019-10-04 14:10:49,184 [c4ce4f89-6a2e-4714-b6f6-5862b6e58892@group-38F2330D2324-LeaderElection19] INFO  server.RaftServerConfigKeys (ConfUtils.java:logGet(43)) - raft.server.write.element-limit = 4096 (default)
2019-10-04 14:10:49,185 [c4ce4f89-6a2e-4714-b6f6-5862b6e58892@group-38F2330D2324-LeaderElection19] INFO  server.RaftServerConfigKeys (ConfUtils.java:logGet(43)) - raft.server.watch.timeout = 10s (default)
2019-10-04 14:10:49,185 [c4ce4f89-6a2e-4714-b6f6-5862b6e58892@group-38F2330D2324-LeaderElection19] INFO  server.RaftServerConfigKeys (ConfUtils.java:logGet(43)) - raft.server.watch.timeout.denomination = 1s (default)
2019-10-04 14:10:49,185 [c4ce4f89-6a2e-4714-b6f6-5862b6e58892@group-38F2330D2324-LeaderElection19] INFO  server.RaftServerConfigKeys (ConfUtils.java:logGet(43)) - raft.server.watch.element-limit = 65536 (default)
2019-10-04 14:10:49,188 [c4ce4f89-6a2e-4714-b6f6-5862b6e58892@group-38F2330D2324-LeaderElection19] INFO  impl.RoleInfo (RoleInfo.java:updateAndGet(143)) - c4ce4f89-6a2e-4714-b6f6-5862b6e58892: start LeaderState
2019-10-04 14:10:49,189 [c4ce4f89-6a2e-4714-b6f6-5862b6e58892@group-38F2330D2324-LeaderElection19] INFO  segmented.SegmentedRaftLogWorker (SegmentedRaftLogWorker.java:startLogSegment(385)) - c4ce4f89-6a2e-4714-b6f6-5862b6e58892@group-38F2330D2324-SegmentedRaftLogWorker: Starting segment from index:0
2019-10-04 14:10:49,189 [c4ce4f89-6a2e-4714-b6f6-5862b6e58892@group-38F2330D2324-LeaderElection19] INFO  impl.RaftServerImpl (ServerState.java:setRaftConf(356)) - c4ce4f89-6a2e-4714-b6f6-5862b6e58892@group-38F2330D2324: set configuration 0: [c4ce4f89-6a2e-4714-b6f6-5862b6e58892:192.168.5.142:35265], old=null at 0
2019-10-04 14:10:49,217 [Thread-714] INFO  impl.FollowerState (FollowerState.java:run(108)) - 73904e97-0e50-4891-911f-6658a7908ac5@group-63C636DAADB3-FollowerState: change to CANDIDATE, lastRpcTime:5071ms, electionTimeout:5047ms
2019-10-04 14:10:49,217 [Thread-714] INFO  impl.RoleInfo (RoleInfo.java:shutdownFollowerState(121)) - 73904e97-0e50-4891-911f-6658a7908ac5: shutdown FollowerState
2019-10-04 14:10:49,218 [Thread-714] INFO  impl.RaftServerImpl (RaftServerImpl.java:setRole(170)) - 73904e97-0e50-4891-911f-6658a7908ac5@group-63C636DAADB3: changes role from  FOLLOWER to CANDIDATE at term 0 for changeToCandidate
2019-10-04 14:10:49,218 [Thread-714] INFO  impl.RoleInfo (RoleInfo.java:updateAndGet(143)) - 73904e97-0e50-4891-911f-6658a7908ac5: start LeaderElection
2019-10-04 14:10:49,242 [c4ce4f89-6a2e-4714-b6f6-5862b6e58892@group-38F2330D2324-SegmentedRaftLogWorker] INFO  segmented.SegmentedRaftLogWorker (SegmentedRaftLogWorker.java:execute(574)) - c4ce4f89-6a2e-4714-b6f6-5862b6e58892@group-38F2330D2324-SegmentedRaftLogWorker: created new log segment /workdir/hadoop-ozone/integration-test/target/test-dir/MiniOzoneClusterImpl-049a3f56-5af9-4c3e-af4b-63e3eda3ba33/datanode-5/data/ratis/e8d744d6-65e6-4fc8-9f37-38f2330d2324/current/log_inprogress_0
2019-10-04 14:10:49,242 [73904e97-0e50-4891-911f-6658a7908ac5@group-63C636DAADB3-LeaderElection20] INFO  impl.LeaderElection (LeaderElection.java:askForVotes(178)) - 73904e97-0e50-4891-911f-6658a7908ac5@group-63C636DAADB3-LeaderElection20: begin an election at term 1 for -1: [73904e97-0e50-4891-911f-6658a7908ac5:192.168.5.142:39528], old=null
2019-10-04 14:10:49,242 [73904e97-0e50-4891-911f-6658a7908ac5@group-63C636DAADB3-LeaderElection20] INFO  impl.RoleInfo (RoleInfo.java:shutdownLeaderElection(134)) - 73904e97-0e50-4891-911f-6658a7908ac5: shutdown LeaderElection
2019-10-04 14:10:49,242 [73904e97-0e50-4891-911f-6658a7908ac5@group-63C636DAADB3-LeaderElection20] INFO  impl.RaftServerImpl (RaftServerImpl.java:setRole(170)) - 73904e97-0e50-4891-911f-6658a7908ac5@group-63C636DAADB3: changes role from CANDIDATE to LEADER at term 1 for changeToLeader
2019-10-04 14:10:49,242 [73904e97-0e50-4891-911f-6658a7908ac5@group-63C636DAADB3-LeaderElection20] INFO  impl.RaftServerImpl (ServerState.java:setLeader(255)) - 73904e97-0e50-4891-911f-6658a7908ac5@group-63C636DAADB3: change Leader from null to 73904e97-0e50-4891-911f-6658a7908ac5 at term 1 for becomeLeader, leader elected after 5103ms
2019-10-04 14:10:49,250 [73904e97-0e50-4891-911f-6658a7908ac5@group-63C636DAADB3-LeaderElection20] INFO  server.RaftServerConfigKeys (ConfUtils.java:logGet(43)) - raft.server.staging.catchup.gap = 1000 (default)
2019-10-04 14:10:49,250 [73904e97-0e50-4891-911f-6658a7908ac5@group-63C636DAADB3-LeaderElection20] INFO  server.RaftServerConfigKeys (ConfUtils.java:logGet(43)) - raft.server.rpc.sleep.time = 25ms (default)
2019-10-04 14:10:49,251 [73904e97-0e50-4891-911f-6658a7908ac5@group-63C636DAADB3-LeaderElection20] INFO  server.RaftServerConfigKeys (ConfUtils.java:logGet(43)) - raft.server.write.element-limit = 4096 (default)
2019-10-04 14:10:49,251 [73904e97-0e50-4891-911f-6658a7908ac5@group-63C636DAADB3-LeaderElection20] INFO  server.RaftServerConfigKeys (ConfUtils.java:logGet(43)) - raft.server.watch.timeout = 10s (default)
2019-10-04 14:10:49,251 [73904e97-0e50-4891-911f-6658a7908ac5@group-63C636DAADB3-LeaderElection20] INFO  server.RaftServerConfigKeys (ConfUtils.java:logGet(43)) - raft.server.watch.timeout.denomination = 1s (default)
2019-10-04 14:10:49,251 [73904e97-0e50-4891-911f-6658a7908ac5@group-63C636DAADB3-LeaderElection20] INFO  server.RaftServerConfigKeys (ConfUtils.java:logGet(43)) - raft.server.watch.element-limit = 65536 (default)
2019-10-04 14:10:49,254 [73904e97-0e50-4891-911f-6658a7908ac5@group-63C636DAADB3-LeaderElection20] INFO  impl.RoleInfo (RoleInfo.java:updateAndGet(143)) - 73904e97-0e50-4891-911f-6658a7908ac5: start LeaderState
2019-10-04 14:10:49,254 [73904e97-0e50-4891-911f-6658a7908ac5@group-63C636DAADB3-LeaderElection20] INFO  segmented.SegmentedRaftLogWorker (SegmentedRaftLogWorker.java:startLogSegment(385)) - 73904e97-0e50-4891-911f-6658a7908ac5@group-63C636DAADB3-SegmentedRaftLogWorker: Starting segment from index:0
2019-10-04 14:10:49,255 [73904e97-0e50-4891-911f-6658a7908ac5@group-63C636DAADB3-LeaderElection20] INFO  impl.RaftServerImpl (ServerState.java:setRaftConf(356)) - 73904e97-0e50-4891-911f-6658a7908ac5@group-63C636DAADB3: set configuration 0: [73904e97-0e50-4891-911f-6658a7908ac5:192.168.5.142:39528], old=null at 0
2019-10-04 14:10:49,305 [73904e97-0e50-4891-911f-6658a7908ac5@group-63C636DAADB3-SegmentedRaftLogWorker] INFO  segmented.SegmentedRaftLogWorker (SegmentedRaftLogWorker.java:execute(574)) - 73904e97-0e50-4891-911f-6658a7908ac5@group-63C636DAADB3-SegmentedRaftLogWorker: created new log segment /workdir/hadoop-ozone/integration-test/target/test-dir/MiniOzoneClusterImpl-049a3f56-5af9-4c3e-af4b-63e3eda3ba33/datanode-6/data/ratis/a1f85011-29db-43a3-a9b2-63c636daadb3/current/log_inprogress_0
2019-10-04 14:10:49,509 [Thread-721] INFO  impl.FollowerState (FollowerState.java:run(108)) - 1008e79f-508c-492d-9d04-12ff6e91b544@group-80C458CA4EC6-FollowerState: change to CANDIDATE, lastRpcTime:5034ms, electionTimeout:5034ms
2019-10-04 14:10:49,509 [Thread-721] INFO  impl.RoleInfo (RoleInfo.java:shutdownFollowerState(121)) - 1008e79f-508c-492d-9d04-12ff6e91b544: shutdown FollowerState
2019-10-04 14:10:49,509 [Thread-721] INFO  impl.RaftServerImpl (RaftServerImpl.java:setRole(170)) - 1008e79f-508c-492d-9d04-12ff6e91b544@group-80C458CA4EC6: changes role from  FOLLOWER to CANDIDATE at term 0 for changeToCandidate
2019-10-04 14:10:49,509 [Thread-721] INFO  impl.RoleInfo (RoleInfo.java:updateAndGet(143)) - 1008e79f-508c-492d-9d04-12ff6e91b544: start LeaderElection
2019-10-04 14:10:49,522 [Thread-717] INFO  impl.FollowerState (FollowerState.java:run(108)) - c086fae5-c746-4c62-b030-dc5300e1b6cb@group-80C458CA4EC6-FollowerState: change to CANDIDATE, lastRpcTime:5053ms, electionTimeout:5053ms
2019-10-04 14:10:49,522 [Thread-717] INFO  impl.RoleInfo (RoleInfo.java:shutdownFollowerState(121)) - c086fae5-c746-4c62-b030-dc5300e1b6cb: shutdown FollowerState
2019-10-04 14:10:49,522 [Thread-717] INFO  impl.RaftServerImpl (RaftServerImpl.java:setRole(170)) - c086fae5-c746-4c62-b030-dc5300e1b6cb@group-80C458CA4EC6: changes role from  FOLLOWER to CANDIDATE at term 0 for changeToCandidate
2019-10-04 14:10:49,523 [Thread-717] INFO  impl.RoleInfo (RoleInfo.java:updateAndGet(143)) - c086fae5-c746-4c62-b030-dc5300e1b6cb: start LeaderElection
2019-10-04 14:10:49,531 [1008e79f-508c-492d-9d04-12ff6e91b544@group-80C458CA4EC6-LeaderElection21] INFO  impl.LeaderElection (LeaderElection.java:askForVotes(178)) - 1008e79f-508c-492d-9d04-12ff6e91b544@group-80C458CA4EC6-LeaderElection21: begin an election at term 1 for -1: [73904e97-0e50-4891-911f-6658a7908ac5:192.168.5.142:39528, c086fae5-c746-4c62-b030-dc5300e1b6cb:192.168.5.142:40015, 1008e79f-508c-492d-9d04-12ff6e91b544:192.168.5.142:35459], old=null
2019-10-04 14:10:49,537 [grpc-default-executor-1] INFO  impl.RaftServerImpl (RaftServerImpl.java:setRole(170)) - 73904e97-0e50-4891-911f-6658a7908ac5@group-80C458CA4EC6: changes role from  FOLLOWER to FOLLOWER at term 1 for recognizeCandidate:1008e79f-508c-492d-9d04-12ff6e91b544
2019-10-04 14:10:49,538 [grpc-default-executor-1] INFO  impl.RoleInfo (RoleInfo.java:shutdownFollowerState(121)) - 73904e97-0e50-4891-911f-6658a7908ac5: shutdown FollowerState
2019-10-04 14:10:49,538 [grpc-default-executor-1] INFO  impl.RoleInfo (RoleInfo.java:updateAndGet(143)) - 73904e97-0e50-4891-911f-6658a7908ac5: start FollowerState
2019-10-04 14:10:49,538 [Thread-722] INFO  impl.FollowerState (FollowerState.java:run(117)) - 73904e97-0e50-4891-911f-6658a7908ac5@group-80C458CA4EC6-FollowerState was interrupted: java.lang.InterruptedException: sleep interrupted
2019-10-04 14:10:49,557 [c086fae5-c746-4c62-b030-dc5300e1b6cb@group-80C458CA4EC6-LeaderElection22] INFO  impl.LeaderElection (LeaderElection.java:askForVotes(178)) - c086fae5-c746-4c62-b030-dc5300e1b6cb@group-80C458CA4EC6-LeaderElection22: begin an election at term 1 for -1: [73904e97-0e50-4891-911f-6658a7908ac5:192.168.5.142:39528, c086fae5-c746-4c62-b030-dc5300e1b6cb:192.168.5.142:40015, 1008e79f-508c-492d-9d04-12ff6e91b544:192.168.5.142:35459], old=null
2019-10-04 14:10:49,562 [1008e79f-508c-492d-9d04-12ff6e91b544@group-80C458CA4EC6-LeaderElection21] INFO  impl.LeaderElection (LeaderElection.java:logAndReturn(56)) - 1008e79f-508c-492d-9d04-12ff6e91b544@group-80C458CA4EC6-LeaderElection21: Election PASSED; received 2 response(s) [1008e79f-508c-492d-9d04-12ff6e91b544<-73904e97-0e50-4891-911f-6658a7908ac5#0:OK-t1, 1008e79f-508c-492d-9d04-12ff6e91b544<-c086fae5-c746-4c62-b030-dc5300e1b6cb#0:FAIL-t1] and 0 exception(s); 1008e79f-508c-492d-9d04-12ff6e91b544@group-80C458CA4EC6:t1, leader=null, voted=1008e79f-508c-492d-9d04-12ff6e91b544, raftlog=1008e79f-508c-492d-9d04-12ff6e91b544@group-80C458CA4EC6-SegmentedRaftLog:OPENED:c-1,f-1,i0, conf=-1: [73904e97-0e50-4891-911f-6658a7908ac5:192.168.5.142:39528, c086fae5-c746-4c62-b030-dc5300e1b6cb:192.168.5.142:40015, 1008e79f-508c-492d-9d04-12ff6e91b544:192.168.5.142:35459], old=null
2019-10-04 14:10:49,562 [1008e79f-508c-492d-9d04-12ff6e91b544@group-80C458CA4EC6-LeaderElection21] INFO  impl.RoleInfo (RoleInfo.java:shutdownLeaderElection(134)) - 1008e79f-508c-492d-9d04-12ff6e91b544: shutdown LeaderElection
2019-10-04 14:10:49,562 [1008e79f-508c-492d-9d04-12ff6e91b544@group-80C458CA4EC6-LeaderElection21] INFO  impl.RaftServerImpl (RaftServerImpl.java:setRole(170)) - 1008e79f-508c-492d-9d04-12ff6e91b544@group-80C458CA4EC6: changes role from CANDIDATE to LEADER at term 1 for changeToLeader
2019-10-04 14:10:49,562 [1008e79f-508c-492d-9d04-12ff6e91b544@group-80C458CA4EC6-LeaderElection21] INFO  impl.RaftServerImpl (ServerState.java:setLeader(255)) - 1008e79f-508c-492d-9d04-12ff6e91b544@group-80C458CA4EC6: change Leader from null to 1008e79f-508c-492d-9d04-12ff6e91b544 at term 1 for becomeLeader, leader elected after 5102ms
2019-10-04 14:10:49,563 [1008e79f-508c-492d-9d04-12ff6e91b544@group-80C458CA4EC6-LeaderElection21] INFO  server.RaftServerConfigKeys (ConfUtils.java:logGet(43)) - raft.server.staging.catchup.gap = 1000 (default)
2019-10-04 14:10:49,565 [1008e79f-508c-492d-9d04-12ff6e91b544@group-80C458CA4EC6-LeaderElection21] INFO  server.RaftServerConfigKeys (ConfUtils.java:logGet(43)) - raft.server.rpc.sleep.time = 25ms (default)
2019-10-04 14:10:49,565 [1008e79f-508c-492d-9d04-12ff6e91b544@group-80C458CA4EC6-LeaderElection21] INFO  server.RaftServerConfigKeys (ConfUtils.java:logGet(43)) - raft.server.write.element-limit = 4096 (default)
2019-10-04 14:10:49,566 [1008e79f-508c-492d-9d04-12ff6e91b544@group-80C458CA4EC6-LeaderElection21] INFO  server.RaftServerConfigKeys (ConfUtils.java:logGet(43)) - raft.server.watch.timeout = 10s (default)
2019-10-04 14:10:49,566 [1008e79f-508c-492d-9d04-12ff6e91b544@group-80C458CA4EC6-LeaderElection21] INFO  server.RaftServerConfigKeys (ConfUtils.java:logGet(43)) - raft.server.watch.timeout.denomination = 1s (default)
2019-10-04 14:10:49,566 [1008e79f-508c-492d-9d04-12ff6e91b544@group-80C458CA4EC6-LeaderElection21] INFO  server.RaftServerConfigKeys (ConfUtils.java:logGet(43)) - raft.server.watch.element-limit = 65536 (default)
2019-10-04 14:10:49,573 [1008e79f-508c-492d-9d04-12ff6e91b544@group-80C458CA4EC6-LeaderElection21] INFO  server.RaftServerConfigKeys (ConfUtils.java:logGet(43)) - raft.server.log.appender.snapshot.chunk.size.max = 16MB (=16777216) (default)
2019-10-04 14:10:49,574 [1008e79f-508c-492d-9d04-12ff6e91b544@group-80C458CA4EC6-LeaderElection21] INFO  server.RaftServerConfigKeys (ConfUtils.java:logGet(43)) - raft.server.log.appender.buffer.byte-limit = 33554432 (custom)
2019-10-04 14:10:49,574 [1008e79f-508c-492d-9d04-12ff6e91b544@group-80C458CA4EC6-LeaderElection21] INFO  server.RaftServerConfigKeys (ConfUtils.java:logGet(43)) - raft.server.log.appender.buffer.element-limit = 1 (custom)
2019-10-04 14:10:49,574 [1008e79f-508c-492d-9d04-12ff6e91b544@group-80C458CA4EC6-LeaderElection21] INFO  grpc.GrpcConfigKeys$Server (ConfUtils.java:logGet(43)) - raft.grpc.server.leader.outstanding.appends.max = 128 (default)
2019-10-04 14:10:49,575 [1008e79f-508c-492d-9d04-12ff6e91b544@group-80C458CA4EC6-LeaderElection21] INFO  server.RaftServerConfigKeys (ConfUtils.java:logGet(43)) - raft.server.rpc.request.timeout = 3000ms (default)
2019-10-04 14:10:49,575 [1008e79f-508c-492d-9d04-12ff6e91b544@group-80C458CA4EC6-LeaderElection21] INFO  server.RaftServerConfigKeys (ConfUtils.java:logGet(43)) - raft.server.log.appender.install.snapshot.enabled = false (custom)
2019-10-04 14:10:49,575 [1008e79f-508c-492d-9d04-12ff6e91b544@group-80C458CA4EC6-LeaderElection21] INFO  server.RaftServerConfigKeys (ConfUtils.java:logGet(43)) - raft.server.log.appender.snapshot.chunk.size.max = 16MB (=16777216) (default)
2019-10-04 14:10:49,575 [1008e79f-508c-492d-9d04-12ff6e91b544@group-80C458CA4EC6-LeaderElection21] INFO  server.RaftServerConfigKeys (ConfUtils.java:logGet(43)) - raft.server.log.appender.buffer.byte-limit = 33554432 (custom)
2019-10-04 14:10:49,576 [1008e79f-508c-492d-9d04-12ff6e91b544@group-80C458CA4EC6-LeaderElection21] INFO  server.RaftServerConfigKeys (ConfUtils.java:logGet(43)) - raft.server.log.appender.buffer.element-limit = 1 (custom)
2019-10-04 14:10:49,576 [1008e79f-508c-492d-9d04-12ff6e91b544@group-80C458CA4EC6-LeaderElection21] INFO  grpc.GrpcConfigKeys$Server (ConfUtils.java:logGet(43)) - raft.grpc.server.leader.outstanding.appends.max = 128 (default)
2019-10-04 14:10:49,576 [1008e79f-508c-492d-9d04-12ff6e91b544@group-80C458CA4EC6-LeaderElection21] INFO  server.RaftServerConfigKeys (ConfUtils.java:logGet(43)) - raft.server.rpc.request.timeout = 3000ms (default)
2019-10-04 14:10:49,576 [1008e79f-508c-492d-9d04-12ff6e91b544@group-80C458CA4EC6-LeaderElection21] INFO  server.RaftServerConfigKeys (ConfUtils.java:logGet(43)) - raft.server.log.appender.install.snapshot.enabled = false (custom)
2019-10-04 14:10:49,577 [1008e79f-508c-492d-9d04-12ff6e91b544@group-80C458CA4EC6-LeaderElection21] INFO  impl.RoleInfo (RoleInfo.java:updateAndGet(143)) - 1008e79f-508c-492d-9d04-12ff6e91b544: start LeaderState
2019-10-04 14:10:49,577 [1008e79f-508c-492d-9d04-12ff6e91b544@group-80C458CA4EC6-LeaderElection21] INFO  segmented.SegmentedRaftLogWorker (SegmentedRaftLogWorker.java:startLogSegment(385)) - 1008e79f-508c-492d-9d04-12ff6e91b544@group-80C458CA4EC6-SegmentedRaftLogWorker: Starting segment from index:0
2019-10-04 14:10:49,578 [1008e79f-508c-492d-9d04-12ff6e91b544@group-80C458CA4EC6-LeaderElection21] INFO  impl.RaftServerImpl (ServerState.java:setRaftConf(356)) - 1008e79f-508c-492d-9d04-12ff6e91b544@group-80C458CA4EC6: set configuration 0: [73904e97-0e50-4891-911f-6658a7908ac5:192.168.5.142:39528, c086fae5-c746-4c62-b030-dc5300e1b6cb:192.168.5.142:40015, 1008e79f-508c-492d-9d04-12ff6e91b544:192.168.5.142:35459], old=null at 0
2019-10-04 14:10:49,616 [grpc-default-executor-1] INFO  impl.RaftServerImpl (RaftServerImpl.java:requestVote(754)) - 1008e79f-508c-492d-9d04-12ff6e91b544@group-80C458CA4EC6-   LEADER: Withhold vote from candidate c086fae5-c746-4c62-b030-dc5300e1b6cb with term 1. State: leader=1008e79f-508c-492d-9d04-12ff6e91b544, term=1, lastRpcElapsed=null
2019-10-04 14:10:49,620 [grpc-default-executor-1] INFO  impl.RaftServerImpl (ServerState.java:setLeader(255)) - 73904e97-0e50-4891-911f-6658a7908ac5@group-80C458CA4EC6: change Leader from null to 1008e79f-508c-492d-9d04-12ff6e91b544 at term 1 for appendEntries, leader elected after 5159ms
2019-10-04 14:10:49,620 [c086fae5-c746-4c62-b030-dc5300e1b6cb@group-80C458CA4EC6-LeaderElection22] INFO  impl.LeaderElection (LeaderElection.java:logAndReturn(56)) - c086fae5-c746-4c62-b030-dc5300e1b6cb@group-80C458CA4EC6-LeaderElection22: Election REJECTED; received 2 response(s) [c086fae5-c746-4c62-b030-dc5300e1b6cb<-73904e97-0e50-4891-911f-6658a7908ac5#0:FAIL-t1, c086fae5-c746-4c62-b030-dc5300e1b6cb<-1008e79f-508c-492d-9d04-12ff6e91b544#0:FAIL-t1] and 0 exception(s); c086fae5-c746-4c62-b030-dc5300e1b6cb@group-80C458CA4EC6:t1, leader=null, voted=c086fae5-c746-4c62-b030-dc5300e1b6cb, raftlog=c086fae5-c746-4c62-b030-dc5300e1b6cb@group-80C458CA4EC6-SegmentedRaftLog:OPENED:c-1,f-1,i0, conf=-1: [73904e97-0e50-4891-911f-6658a7908ac5:192.168.5.142:39528, c086fae5-c746-4c62-b030-dc5300e1b6cb:192.168.5.142:40015, 1008e79f-508c-492d-9d04-12ff6e91b544:192.168.5.142:35459], old=null
2019-10-04 14:10:49,620 [grpc-default-executor-0] INFO  impl.RaftServerImpl (RaftServerImpl.java:setRole(170)) - c086fae5-c746-4c62-b030-dc5300e1b6cb@group-80C458CA4EC6: changes role from CANDIDATE to FOLLOWER at term 1 for appendEntries
2019-10-04 14:10:49,621 [grpc-default-executor-0] INFO  impl.RoleInfo (RoleInfo.java:shutdownLeaderElection(134)) - c086fae5-c746-4c62-b030-dc5300e1b6cb: shutdown LeaderElection
2019-10-04 14:10:49,621 [grpc-default-executor-0] INFO  impl.RoleInfo (RoleInfo.java:updateAndGet(143)) - c086fae5-c746-4c62-b030-dc5300e1b6cb: start FollowerState
2019-10-04 14:10:49,621 [grpc-default-executor-0] INFO  impl.RaftServerImpl (ServerState.java:setLeader(255)) - c086fae5-c746-4c62-b030-dc5300e1b6cb@group-80C458CA4EC6: change Leader from null to 1008e79f-508c-492d-9d04-12ff6e91b544 at term 1 for appendEntries, leader elected after 5161ms
2019-10-04 14:10:49,624 [grpc-default-executor-1] INFO  impl.RaftServerImpl (ServerState.java:setRaftConf(356)) - 73904e97-0e50-4891-911f-6658a7908ac5@group-80C458CA4EC6: set configuration 0: [73904e97-0e50-4891-911f-6658a7908ac5:192.168.5.142:39528, c086fae5-c746-4c62-b030-dc5300e1b6cb:192.168.5.142:40015, 1008e79f-508c-492d-9d04-12ff6e91b544:192.168.5.142:35459], old=null at 0
2019-10-04 14:10:49,635 [1008e79f-508c-492d-9d04-12ff6e91b544@group-80C458CA4EC6-SegmentedRaftLogWorker] INFO  segmented.SegmentedRaftLogWorker (SegmentedRaftLogWorker.java:execute(574)) - 1008e79f-508c-492d-9d04-12ff6e91b544@group-80C458CA4EC6-SegmentedRaftLogWorker: created new log segment /workdir/hadoop-ozone/integration-test/target/test-dir/MiniOzoneClusterImpl-049a3f56-5af9-4c3e-af4b-63e3eda3ba33/datanode-4/data/ratis/22ed341f-a532-4447-a437-80c458ca4ec6/current/log_inprogress_0
2019-10-04 14:10:49,638 [grpc-default-executor-1] INFO  segmented.SegmentedRaftLogWorker (SegmentedRaftLogWorker.java:startLogSegment(385)) - 73904e97-0e50-4891-911f-6658a7908ac5@group-80C458CA4EC6-SegmentedRaftLogWorker: Starting segment from index:0
2019-10-04 14:10:49,639 [grpc-default-executor-0] INFO  impl.RaftServerImpl (ServerState.java:setRaftConf(356)) - c086fae5-c746-4c62-b030-dc5300e1b6cb@group-80C458CA4EC6: set configuration 0: [73904e97-0e50-4891-911f-6658a7908ac5:192.168.5.142:39528, c086fae5-c746-4c62-b030-dc5300e1b6cb:192.168.5.142:40015, 1008e79f-508c-492d-9d04-12ff6e91b544:192.168.5.142:35459], old=null at 0
2019-10-04 14:10:49,639 [grpc-default-executor-0] INFO  segmented.SegmentedRaftLogWorker (SegmentedRaftLogWorker.java:startLogSegment(385)) - c086fae5-c746-4c62-b030-dc5300e1b6cb@group-80C458CA4EC6-SegmentedRaftLogWorker: Starting segment from index:0
2019-10-04 14:10:49,699 [73904e97-0e50-4891-911f-6658a7908ac5@group-80C458CA4EC6-SegmentedRaftLogWorker] INFO  segmented.SegmentedRaftLogWorker (SegmentedRaftLogWorker.java:execute(574)) - 73904e97-0e50-4891-911f-6658a7908ac5@group-80C458CA4EC6-SegmentedRaftLogWorker: created new log segment /workdir/hadoop-ozone/integration-test/target/test-dir/MiniOzoneClusterImpl-049a3f56-5af9-4c3e-af4b-63e3eda3ba33/datanode-6/data/ratis/22ed341f-a532-4447-a437-80c458ca4ec6/current/log_inprogress_0
2019-10-04 14:10:49,699 [c086fae5-c746-4c62-b030-dc5300e1b6cb@group-80C458CA4EC6-SegmentedRaftLogWorker] INFO  segmented.SegmentedRaftLogWorker (SegmentedRaftLogWorker.java:execute(574)) - c086fae5-c746-4c62-b030-dc5300e1b6cb@group-80C458CA4EC6-SegmentedRaftLogWorker: created new log segment /workdir/hadoop-ozone/integration-test/target/test-dir/MiniOzoneClusterImpl-049a3f56-5af9-4c3e-af4b-63e3eda3ba33/datanode-3/data/ratis/22ed341f-a532-4447-a437-80c458ca4ec6/current/log_inprogress_0
2019-10-04 14:10:50,281 [RatisApplyTransactionExecutor 1] ERROR ratis.ContainerStateMachine (ContainerStateMachine.java:lambda$applyTransaction$6(725)) - gid group-F9806A76D640 : ApplyTransaction failed. cmd CreateContainer logIndex 7 exception {}
java.lang.IllegalArgumentException
	at com.google.common.base.Preconditions.checkArgument(Preconditions.java:72)
	at org.apache.hadoop.ozone.container.keyvalue.KeyValueHandler.handleCreateContainer(KeyValueHandler.java:215)
	at org.apache.hadoop.ozone.container.keyvalue.KeyValueHandler.handle(KeyValueHandler.java:152)
	at org.apache.hadoop.ozone.container.common.impl.HddsDispatcher.dispatchRequest(HddsDispatcher.java:275)
	at org.apache.hadoop.ozone.container.common.impl.HddsDispatcher.dispatch(HddsDispatcher.java:150)
	at org.apache.hadoop.ozone.container.common.transport.server.ratis.ContainerStateMachine.dispatchCommand(ContainerStateMachine.java:405)
	at org.apache.hadoop.ozone.container.common.transport.server.ratis.ContainerStateMachine.runCommand(ContainerStateMachine.java:413)
	at org.apache.hadoop.ozone.container.common.transport.server.ratis.ContainerStateMachine.lambda$applyTransaction$6(ContainerStateMachine.java:723)
	at java.util.concurrent.CompletableFuture$AsyncSupply.run(CompletableFuture.java:1590)
	at java.util.concurrent.ThreadPoolExecutor.runWorker(ThreadPoolExecutor.java:1149)
	at java.util.concurrent.ThreadPoolExecutor$Worker.run(ThreadPoolExecutor.java:624)
	at java.lang.Thread.run(Thread.java:748)
2019-10-04 14:10:50,284 [RatisApplyTransactionExecutor 1] ERROR ratis.ContainerStateMachine (ContainerStateMachine.java:lambda$applyTransaction$6(725)) - gid group-F9806A76D640 : ApplyTransaction failed. cmd CreateContainer logIndex 7 exception {}
java.lang.IllegalArgumentException
	at com.google.common.base.Preconditions.checkArgument(Preconditions.java:72)
	at org.apache.hadoop.ozone.container.keyvalue.KeyValueHandler.handleCreateContainer(KeyValueHandler.java:215)
	at org.apache.hadoop.ozone.container.keyvalue.KeyValueHandler.handle(KeyValueHandler.java:152)
	at org.apache.hadoop.ozone.container.common.impl.HddsDispatcher.dispatchRequest(HddsDispatcher.java:275)
	at org.apache.hadoop.ozone.container.common.impl.HddsDispatcher.dispatch(HddsDispatcher.java:150)
	at org.apache.hadoop.ozone.container.common.transport.server.ratis.ContainerStateMachine.dispatchCommand(ContainerStateMachine.java:405)
	at org.apache.hadoop.ozone.container.common.transport.server.ratis.ContainerStateMachine.runCommand(ContainerStateMachine.java:413)
	at org.apache.hadoop.ozone.container.common.transport.server.ratis.ContainerStateMachine.lambda$applyTransaction$6(ContainerStateMachine.java:723)
	at java.util.concurrent.CompletableFuture$AsyncSupply.run(CompletableFuture.java:1590)
	at java.util.concurrent.ThreadPoolExecutor.runWorker(ThreadPoolExecutor.java:1149)
	at java.util.concurrent.ThreadPoolExecutor$Worker.run(ThreadPoolExecutor.java:624)
	at java.lang.Thread.run(Thread.java:748)
2019-10-04 14:10:50,284 [RatisApplyTransactionExecutor 1] ERROR ratis.ContainerStateMachine (ContainerStateMachine.java:lambda$applyTransaction$6(725)) - gid group-F9806A76D640 : ApplyTransaction failed. cmd CreateContainer logIndex 7 exception {}
java.lang.IllegalArgumentException
	at com.google.common.base.Preconditions.checkArgument(Preconditions.java:72)
	at org.apache.hadoop.ozone.container.keyvalue.KeyValueHandler.handleCreateContainer(KeyValueHandler.java:215)
	at org.apache.hadoop.ozone.container.keyvalue.KeyValueHandler.handle(KeyValueHandler.java:152)
	at org.apache.hadoop.ozone.container.common.impl.HddsDispatcher.dispatchRequest(HddsDispatcher.java:275)
	at org.apache.hadoop.ozone.container.common.impl.HddsDispatcher.dispatch(HddsDispatcher.java:150)
	at org.apache.hadoop.ozone.container.common.transport.server.ratis.ContainerStateMachine.dispatchCommand(ContainerStateMachine.java:405)
	at org.apache.hadoop.ozone.container.common.transport.server.ratis.ContainerStateMachine.runCommand(ContainerStateMachine.java:413)
	at org.apache.hadoop.ozone.container.common.transport.server.ratis.ContainerStateMachine.lambda$applyTransaction$6(ContainerStateMachine.java:723)
	at java.util.concurrent.CompletableFuture$AsyncSupply.run(CompletableFuture.java:1590)
	at java.util.concurrent.ThreadPoolExecutor.runWorker(ThreadPoolExecutor.java:1149)
	at java.util.concurrent.ThreadPoolExecutor$Worker.run(ThreadPoolExecutor.java:624)
	at java.lang.Thread.run(Thread.java:748)
2019-10-04 14:12:22,320 [main] INFO  ozone.MiniOzoneClusterImpl (MiniOzoneClusterImpl.java:shutdown(314)) - Shutting down the Mini Ozone Cluster
2019-10-04 14:12:22,322 [main] INFO  ozone.MiniOzoneClusterImpl (MiniOzoneClusterImpl.java:stop(330)) - Stopping the Mini Ozone Cluster
2019-10-04 14:12:22,322 [main] INFO  ozone.MiniOzoneClusterImpl (MiniOzoneClusterImpl.java:stopOM(400)) - Stopping the OzoneManager
2019-10-04 14:12:22,322 [main] INFO  ipc.Server (Server.java:stop(3082)) - Stopping server on 42618
2019-10-04 14:12:22,342 [IPC Server listener on 42618] INFO  ipc.Server (Server.java:run(1185)) - Stopping IPC Server listener on 42618
2019-10-04 14:12:22,353 [IPC Server Responder] INFO  ipc.Server (Server.java:run(1319)) - Stopping IPC Server Responder
2019-10-04 14:12:22,348 [main] INFO  ratis.OzoneManagerDoubleBuffer (OzoneManagerDoubleBuffer.java:stop(248)) - Stopping OMDoubleBuffer flush thread
2019-10-04 14:12:22,376 [OMDoubleBufferFlushThread] INFO  ratis.OzoneManagerDoubleBuffer (OzoneManagerDoubleBuffer.java:flushTransactions(191)) - OMDoubleBuffer flush thread OMDoubleBufferFlushThread is interrupted and will exit. OMDoubleBufferFlushThread
2019-10-04 14:12:22,377 [main] INFO  utils.BackgroundService (BackgroundService.java:shutdown(148)) - Shutting down service KeyDeletingService
2019-10-04 14:12:22,379 [main] INFO  handler.ContextHandler (ContextHandler.java:doStop(910)) - Stopped o.e.j.w.WebAppContext@68699afc{/,null,UNAVAILABLE}{/ozoneManager}
2019-10-04 14:12:22,380 [main] INFO  server.AbstractConnector (AbstractConnector.java:doStop(318)) - Stopped ServerConnector@273a5a8a{HTTP/1.1,[http/1.1]}{0.0.0.0:0}
2019-10-04 14:12:22,381 [main] INFO  handler.ContextHandler (ContextHandler.java:doStop(910)) - Stopped o.e.j.s.ServletContextHandler@72bdd7c7{/static,file:///workdir/hadoop-ozone/integration-test/target/test-classes/webapps/static,UNAVAILABLE}
2019-10-04 14:12:22,382 [main] INFO  handler.ContextHandler (ContextHandler.java:doStop(910)) - Stopped o.e.j.s.ServletContextHandler@2e32fc22{/logs,file:///workdir/hadoop-ozone/integration-test/target/log,UNAVAILABLE}
2019-10-04 14:12:22,386 [main] INFO  ozone.MiniOzoneClusterImpl (MiniOzoneClusterImpl.java:stopDatanodes(377)) - Stopping the HddsDatanodes
2019-10-04 14:12:22,921 [Datanode State Machine Thread - 0] INFO  statemachine.DatanodeStateMachine (DatanodeStateMachine.java:lambda$startDaemon$0(350)) - Ozone container server started.
2019-10-04 14:12:23,343 [Datanode State Machine Thread - 0] INFO  statemachine.DatanodeStateMachine (DatanodeStateMachine.java:lambda$startDaemon$0(350)) - Ozone container server started.
2019-10-04 14:12:27,388 [main] INFO  ozoneimpl.OzoneContainer (OzoneContainer.java:stop(231)) - Attempting to stop container services.
2019-10-04 14:12:27,388 [ForkJoinPool.commonPool-worker-1] INFO  ozoneimpl.OzoneContainer (OzoneContainer.java:stop(231)) - Attempting to stop container services.
2019-10-04 14:12:27,389 [main] INFO  impl.RaftServerProxy (RaftServerProxy.java:lambda$close$4(314)) - 1008e79f-508c-492d-9d04-12ff6e91b544: close
2019-10-04 14:12:27,389 [ForkJoinPool.commonPool-worker-1] INFO  impl.RaftServerProxy (RaftServerProxy.java:lambda$close$4(314)) - 4e5dbce8-c406-4dc6-923f-e4f7868c83aa: close
2019-10-04 14:12:27,389 [main] INFO  impl.RaftServerImpl (RaftServerImpl.java:lambda$shutdown$3(247)) - 1008e79f-508c-492d-9d04-12ff6e91b544@group-CF9568AE36B1: shutdown
2019-10-04 14:12:27,390 [ForkJoinPool.commonPool-worker-1] INFO  impl.RaftServerImpl (RaftServerImpl.java:lambda$shutdown$3(247)) - 4e5dbce8-c406-4dc6-923f-e4f7868c83aa@group-ED66A6EC2B1F: shutdown
2019-10-04 14:12:27,390 [main] INFO  util.JmxRegister (JmxRegister.java:unregister(73)) - Successfully un-registered JMX Bean with object name Ratis:service=RaftServer,group=group-CF9568AE36B1,id=1008e79f-508c-492d-9d04-12ff6e91b544
2019-10-04 14:12:27,390 [ForkJoinPool.commonPool-worker-1] INFO  util.JmxRegister (JmxRegister.java:unregister(73)) - Successfully un-registered JMX Bean with object name Ratis:service=RaftServer,group=group-ED66A6EC2B1F,id=4e5dbce8-c406-4dc6-923f-e4f7868c83aa
2019-10-04 14:12:27,391 [main] INFO  impl.RoleInfo (RoleInfo.java:shutdownLeaderState(104)) - 1008e79f-508c-492d-9d04-12ff6e91b544: shutdown LeaderState
2019-10-04 14:12:27,391 [ForkJoinPool.commonPool-worker-1] INFO  impl.RoleInfo (RoleInfo.java:shutdownLeaderState(104)) - 4e5dbce8-c406-4dc6-923f-e4f7868c83aa: shutdown LeaderState
2019-10-04 14:12:27,392 [main] INFO  impl.PendingRequests (PendingRequests.java:sendNotLeaderResponses(202)) - 1008e79f-508c-492d-9d04-12ff6e91b544@group-CF9568AE36B1-PendingRequests: sendNotLeaderResponses
2019-10-04 14:12:27,392 [ForkJoinPool.commonPool-worker-1] INFO  impl.PendingRequests (PendingRequests.java:sendNotLeaderResponses(202)) - 4e5dbce8-c406-4dc6-923f-e4f7868c83aa@group-ED66A6EC2B1F-PendingRequests: sendNotLeaderResponses
2019-10-04 14:12:27,393 [main] INFO  impl.StateMachineUpdater (StateMachineUpdater.java:stopAndJoin(136)) - 1008e79f-508c-492d-9d04-12ff6e91b544@group-CF9568AE36B1-StateMachineUpdater: set stopIndex = 0
2019-10-04 14:12:27,393 [ForkJoinPool.commonPool-worker-1] INFO  impl.StateMachineUpdater (StateMachineUpdater.java:stopAndJoin(136)) - 4e5dbce8-c406-4dc6-923f-e4f7868c83aa@group-ED66A6EC2B1F-StateMachineUpdater: set stopIndex = 0
2019-10-04 14:12:27,393 [main] INFO  impl.RaftServerImpl (ServerState.java:close(387)) - 1008e79f-508c-492d-9d04-12ff6e91b544@group-CF9568AE36B1: closes. applyIndex: 0
2019-10-04 14:12:27,394 [ForkJoinPool.commonPool-worker-1] INFO  impl.RaftServerImpl (ServerState.java:close(387)) - 4e5dbce8-c406-4dc6-923f-e4f7868c83aa@group-ED66A6EC2B1F: closes. applyIndex: 0
2019-10-04 14:12:27,394 [1008e79f-508c-492d-9d04-12ff6e91b544@group-CF9568AE36B1-SegmentedRaftLogWorker] INFO  segmented.SegmentedRaftLogWorker (SegmentedRaftLogWorker.java:run(316)) - 1008e79f-508c-492d-9d04-12ff6e91b544@group-CF9568AE36B1-SegmentedRaftLogWorker was interrupted, exiting. There are 0 tasks remaining in the queue.
2019-10-04 14:12:27,395 [4e5dbce8-c406-4dc6-923f-e4f7868c83aa@group-ED66A6EC2B1F-SegmentedRaftLogWorker] INFO  segmented.SegmentedRaftLogWorker (SegmentedRaftLogWorker.java:run(316)) - 4e5dbce8-c406-4dc6-923f-e4f7868c83aa@group-ED66A6EC2B1F-SegmentedRaftLogWorker was interrupted, exiting. There are 0 tasks remaining in the queue.
2019-10-04 14:12:27,404 [main] INFO  segmented.SegmentedRaftLogWorker (SegmentedRaftLogWorker.java:close(224)) - 1008e79f-508c-492d-9d04-12ff6e91b544@group-CF9568AE36B1-SegmentedRaftLogWorker close()
2019-10-04 14:12:27,404 [ForkJoinPool.commonPool-worker-1] INFO  segmented.SegmentedRaftLogWorker (SegmentedRaftLogWorker.java:close(224)) - 4e5dbce8-c406-4dc6-923f-e4f7868c83aa@group-ED66A6EC2B1F-SegmentedRaftLogWorker close()
2019-10-04 14:12:27,409 [main] INFO  impl.RaftServerImpl (RaftServerImpl.java:lambda$shutdown$3(247)) - 1008e79f-508c-492d-9d04-12ff6e91b544@group-80C458CA4EC6: shutdown
2019-10-04 14:12:27,414 [ForkJoinPool.commonPool-worker-1] INFO  impl.RaftServerImpl (RaftServerImpl.java:lambda$shutdown$3(247)) - 4e5dbce8-c406-4dc6-923f-e4f7868c83aa@group-F9806A76D640: shutdown
2019-10-04 14:12:27,415 [main] INFO  util.JmxRegister (JmxRegister.java:unregister(73)) - Successfully un-registered JMX Bean with object name Ratis:service=RaftServer,group=group-80C458CA4EC6,id=1008e79f-508c-492d-9d04-12ff6e91b544
2019-10-04 14:12:27,415 [ForkJoinPool.commonPool-worker-1] INFO  util.JmxRegister (JmxRegister.java:unregister(73)) - Successfully un-registered JMX Bean with object name Ratis:service=RaftServer,group=group-F9806A76D640,id=4e5dbce8-c406-4dc6-923f-e4f7868c83aa
2019-10-04 14:12:27,415 [main] INFO  impl.RoleInfo (RoleInfo.java:shutdownLeaderState(104)) - 1008e79f-508c-492d-9d04-12ff6e91b544: shutdown LeaderState
2019-10-04 14:12:27,416 [ForkJoinPool.commonPool-worker-1] INFO  impl.RoleInfo (RoleInfo.java:shutdownFollowerState(121)) - 4e5dbce8-c406-4dc6-923f-e4f7868c83aa: shutdown FollowerState
2019-10-04 14:12:27,421 [org.apache.ratis.server.impl.LogAppender$AppenderDaemon$$Lambda$532/1006061226@19129b06] WARN  server.GrpcLogAppender (GrpcLogAppender.java:mayWait(143)) - 1008e79f-508c-492d-9d04-12ff6e91b544@group-80C458CA4EC6->73904e97-0e50-4891-911f-6658a7908ac5-GrpcLogAppender: Wait interrupted by java.lang.InterruptedException
2019-10-04 14:12:27,421 [org.apache.ratis.server.impl.LogAppender$AppenderDaemon$$Lambda$532/1006061226@cc32941] WARN  server.GrpcLogAppender (GrpcLogAppender.java:mayWait(143)) - 1008e79f-508c-492d-9d04-12ff6e91b544@group-80C458CA4EC6->c086fae5-c746-4c62-b030-dc5300e1b6cb-GrpcLogAppender: Wait interrupted by java.lang.InterruptedException
2019-10-04 14:12:27,421 [main] INFO  impl.PendingRequests (PendingRequests.java:sendNotLeaderResponses(202)) - 1008e79f-508c-492d-9d04-12ff6e91b544@group-80C458CA4EC6-PendingRequests: sendNotLeaderResponses
2019-10-04 14:12:27,421 [grpc-default-executor-4] INFO  server.GrpcServerProtocolService (GrpcServerProtocolService.java:onCompleted(113)) - c086fae5-c746-4c62-b030-dc5300e1b6cb: Completed APPEND_ENTRIES, lastRequest: 1008e79f-508c-492d-9d04-12ff6e91b544->c086fae5-c746-4c62-b030-dc5300e1b6cb#40-t1, previous=(t:1, i:0), leaderCommit=0, initializing? false, entries: <empty>
2019-10-04 14:12:27,421 [grpc-default-executor-0] INFO  server.GrpcServerProtocolService (GrpcServerProtocolService.java:onCompleted(113)) - 73904e97-0e50-4891-911f-6658a7908ac5: Completed APPEND_ENTRIES, lastRequest: 1008e79f-508c-492d-9d04-12ff6e91b544->73904e97-0e50-4891-911f-6658a7908ac5#40-t1, previous=(t:1, i:0), leaderCommit=0, initializing? false, entries: <empty>
2019-10-04 14:12:27,421 [4e5dbce8-c406-4dc6-923f-e4f7868c83aa@group-F9806A76D640-StateMachineUpdater] INFO  ratis.ContainerStateMachine (ContainerStateMachine.java:takeSnapshot(293)) - group-F9806A76D640: Taking a snapshot at:(t:1, i:6) file /workdir/hadoop-ozone/integration-test/target/test-dir/MiniOzoneClusterImpl-049a3f56-5af9-4c3e-af4b-63e3eda3ba33/datanode-1/data/ratis/6e34ad7a-993b-4d57-8e4b-f9806a76d640/sm/snapshot.1_6
2019-10-04 14:12:27,422 [grpc-default-executor-0] INFO  server.GrpcLogAppender (GrpcLogAppender.java:onCompleted(293)) - 1008e79f-508c-492d-9d04-12ff6e91b544@group-80C458CA4EC6->73904e97-0e50-4891-911f-6658a7908ac5-AppendLogResponseHandler: follower responses appendEntries COMPLETED
2019-10-04 14:12:27,421 [Thread-748] INFO  impl.FollowerState (FollowerState.java:run(117)) - 4e5dbce8-c406-4dc6-923f-e4f7868c83aa@group-F9806A76D640-FollowerState was interrupted: java.lang.InterruptedException: sleep interrupted
2019-10-04 14:12:27,421 [ForkJoinPool.commonPool-worker-1] INFO  impl.StateMachineUpdater (StateMachineUpdater.java:stopAndJoin(136)) - 4e5dbce8-c406-4dc6-923f-e4f7868c83aa@group-F9806A76D640-StateMachineUpdater: set stopIndex = 8
2019-10-04 14:12:27,422 [grpc-default-executor-4] INFO  server.GrpcLogAppender (GrpcLogAppender.java:onCompleted(293)) - 1008e79f-508c-492d-9d04-12ff6e91b544@group-80C458CA4EC6->c086fae5-c746-4c62-b030-dc5300e1b6cb-AppendLogResponseHandler: follower responses appendEntries COMPLETED
2019-10-04 14:12:27,422 [main] INFO  impl.StateMachineUpdater (StateMachineUpdater.java:stopAndJoin(136)) - 1008e79f-508c-492d-9d04-12ff6e91b544@group-80C458CA4EC6-StateMachineUpdater: set stopIndex = 0
2019-10-04 14:12:27,426 [grpc-default-executor-4] INFO  impl.FollowerInfo (FollowerInfo.java:lambda$new$0(51)) - 1008e79f-508c-492d-9d04-12ff6e91b544@group-80C458CA4EC6->c086fae5-c746-4c62-b030-dc5300e1b6cb: nextIndex: updateUnconditionally 1 -> 0
2019-10-04 14:12:27,426 [grpc-default-executor-0] INFO  impl.FollowerInfo (FollowerInfo.java:lambda$new$0(51)) - 1008e79f-508c-492d-9d04-12ff6e91b544@group-80C458CA4EC6->73904e97-0e50-4891-911f-6658a7908ac5: nextIndex: updateUnconditionally 1 -> 0
2019-10-04 14:12:27,426 [main] INFO  impl.RaftServerImpl (ServerState.java:close(387)) - 1008e79f-508c-492d-9d04-12ff6e91b544@group-80C458CA4EC6: closes. applyIndex: 0
2019-10-04 14:12:27,427 [1008e79f-508c-492d-9d04-12ff6e91b544@group-80C458CA4EC6-SegmentedRaftLogWorker] INFO  segmented.SegmentedRaftLogWorker (SegmentedRaftLogWorker.java:run(316)) - 1008e79f-508c-492d-9d04-12ff6e91b544@group-80C458CA4EC6-SegmentedRaftLogWorker was interrupted, exiting. There are 0 tasks remaining in the queue.
2019-10-04 14:12:27,430 [main] INFO  segmented.SegmentedRaftLogWorker (SegmentedRaftLogWorker.java:close(224)) - 1008e79f-508c-492d-9d04-12ff6e91b544@group-80C458CA4EC6-SegmentedRaftLogWorker close()
2019-10-04 14:12:27,435 [main] INFO  server.GrpcService (GrpcService.java:closeImpl(164)) - 1008e79f-508c-492d-9d04-12ff6e91b544: shutdown server with port 35459 now
2019-10-04 14:12:27,436 [main] INFO  server.GrpcService (GrpcService.java:closeImpl(172)) - 1008e79f-508c-492d-9d04-12ff6e91b544: shutdown server with port 35459 successfully
2019-10-04 14:12:27,450 [refreshUsed-/workdir/hadoop-ozone/integration-test/target/test-dir/MiniOzoneClusterImpl-049a3f56-5af9-4c3e-af4b-63e3eda3ba33/datanode-4/data/containers] WARN  fs.CachingGetSpaceUsed (CachingGetSpaceUsed.java:run(183)) - Thread Interrupted waiting to refresh disk information: sleep interrupted
2019-10-04 14:12:27,451 [4e5dbce8-c406-4dc6-923f-e4f7868c83aa@group-F9806A76D640-StateMachineUpdater] INFO  ratis.ContainerStateMachine (ContainerStateMachine.java:takeSnapshot(304)) - group-F9806A76D640: Finished taking a snapshot at:(t:1, i:6) file:/workdir/hadoop-ozone/integration-test/target/test-dir/MiniOzoneClusterImpl-049a3f56-5af9-4c3e-af4b-63e3eda3ba33/datanode-1/data/ratis/6e34ad7a-993b-4d57-8e4b-f9806a76d640/sm/snapshot.1_6 time:29
2019-10-04 14:12:27,451 [4e5dbce8-c406-4dc6-923f-e4f7868c83aa@group-F9806A76D640-StateMachineUpdater] INFO  impl.StateMachineUpdater (StateMachineUpdater.java:takeSnapshot(269)) - 4e5dbce8-c406-4dc6-923f-e4f7868c83aa@group-F9806A76D640-StateMachineUpdater: Took a snapshot at index 6
2019-10-04 14:12:27,451 [4e5dbce8-c406-4dc6-923f-e4f7868c83aa@group-F9806A76D640-StateMachineUpdater] INFO  impl.StateMachineUpdater (StateMachineUpdater.java:lambda$new$0(84)) - 4e5dbce8-c406-4dc6-923f-e4f7868c83aa@group-F9806A76D640-StateMachineUpdater: snapshotIndex: updateIncreasingly -1 -> 6
2019-10-04 14:12:27,451 [4e5dbce8-c406-4dc6-923f-e4f7868c83aa@group-F9806A76D640-StateMachineUpdater] INFO  ratis.ContainerStateMachine (ContainerStateMachine.java:takeSnapshot(293)) - group-F9806A76D640: Taking a snapshot at:(t:1, i:6) file /workdir/hadoop-ozone/integration-test/target/test-dir/MiniOzoneClusterImpl-049a3f56-5af9-4c3e-af4b-63e3eda3ba33/datanode-1/data/ratis/6e34ad7a-993b-4d57-8e4b-f9806a76d640/sm/snapshot.1_6
2019-10-04 14:12:27,464 [4e5dbce8-c406-4dc6-923f-e4f7868c83aa@group-F9806A76D640-StateMachineUpdater] INFO  ratis.ContainerStateMachine (ContainerStateMachine.java:takeSnapshot(304)) - group-F9806A76D640: Finished taking a snapshot at:(t:1, i:6) file:/workdir/hadoop-ozone/integration-test/target/test-dir/MiniOzoneClusterImpl-049a3f56-5af9-4c3e-af4b-63e3eda3ba33/datanode-1/data/ratis/6e34ad7a-993b-4d57-8e4b-f9806a76d640/sm/snapshot.1_6 time:13
2019-10-04 14:12:27,464 [4e5dbce8-c406-4dc6-923f-e4f7868c83aa@group-F9806A76D640-StateMachineUpdater] INFO  impl.StateMachineUpdater (StateMachineUpdater.java:takeSnapshot(269)) - 4e5dbce8-c406-4dc6-923f-e4f7868c83aa@group-F9806A76D640-StateMachineUpdater: Took a snapshot at index 6
2019-10-04 14:12:27,465 [4e5dbce8-c406-4dc6-923f-e4f7868c83aa@group-F9806A76D640-StateMachineUpdater] INFO  impl.StateMachineUpdater (StateMachineUpdater.java:lambda$new$0(84)) - 4e5dbce8-c406-4dc6-923f-e4f7868c83aa@group-F9806A76D640-StateMachineUpdater: snapshotIndex: updateIncreasingly 6 -> 6
2019-10-04 14:12:27,465 [ForkJoinPool.commonPool-worker-1] INFO  impl.RaftServerImpl (ServerState.java:close(387)) - 4e5dbce8-c406-4dc6-923f-e4f7868c83aa@group-F9806A76D640: closes. applyIndex: 8
2019-10-04 14:12:27,465 [4e5dbce8-c406-4dc6-923f-e4f7868c83aa@group-F9806A76D640-SegmentedRaftLogWorker] INFO  segmented.SegmentedRaftLogWorker (SegmentedRaftLogWorker.java:run(316)) - 4e5dbce8-c406-4dc6-923f-e4f7868c83aa@group-F9806A76D640-SegmentedRaftLogWorker was interrupted, exiting. There are 0 tasks remaining in the queue.
2019-10-04 14:12:27,468 [ForkJoinPool.commonPool-worker-1] INFO  segmented.SegmentedRaftLogWorker (SegmentedRaftLogWorker.java:close(224)) - 4e5dbce8-c406-4dc6-923f-e4f7868c83aa@group-F9806A76D640-SegmentedRaftLogWorker close()
2019-10-04 14:12:27,489 [ForkJoinPool.commonPool-worker-1] INFO  server.GrpcService (GrpcService.java:closeImpl(164)) - 4e5dbce8-c406-4dc6-923f-e4f7868c83aa: shutdown server with port 45350 now
2019-10-04 14:12:27,492 [ForkJoinPool.commonPool-worker-1] INFO  server.GrpcService (GrpcService.java:closeImpl(172)) - 4e5dbce8-c406-4dc6-923f-e4f7868c83aa: shutdown server with port 45350 successfully
2019-10-04 14:12:27,492 [grpc-default-executor-4] WARN  server.GrpcServerProtocolService (LogUtils.java:warn(134)) - 4e5dbce8-c406-4dc6-923f-e4f7868c83aa: installSnapshot onError, lastRequest: 0003c591-35f2-4f93-8e50-f22d26a3926e->4e5dbce8-c406-4dc6-923f-e4f7868c83aa#47-t1, previous=(t:1, i:8), leaderCommit=8, initializing? false, entries: <empty>: org.apache.ratis.thirdparty.io.grpc.StatusRuntimeException: CANCELLED: cancelled before receiving half close
2019-10-04 14:12:27,493 [main] INFO  utils.BackgroundService (BackgroundService.java:shutdown(148)) - Shutting down service BlockDeletingService
2019-10-04 14:12:27,493 [grpc-default-executor-0] WARN  server.GrpcLogAppender (LogUtils.java:warn(134)) - 0003c591-35f2-4f93-8e50-f22d26a3926e@group-F9806A76D640->4e5dbce8-c406-4dc6-923f-e4f7868c83aa-AppendLogResponseHandler: Failed appendEntries: org.apache.ratis.thirdparty.io.grpc.StatusRuntimeException: CANCELLED: HTTP/2 error code: CANCEL
Received Rst Stream
2019-10-04 14:12:27,494 [refreshUsed-/workdir/hadoop-ozone/integration-test/target/test-dir/MiniOzoneClusterImpl-049a3f56-5af9-4c3e-af4b-63e3eda3ba33/datanode-1/data/containers] WARN  fs.CachingGetSpaceUsed (CachingGetSpaceUsed.java:run(183)) - Thread Interrupted waiting to refresh disk information: sleep interrupted
2019-10-04 14:12:27,494 [grpc-default-executor-0] INFO  impl.FollowerInfo (FollowerInfo.java:lambda$new$0(51)) - 0003c591-35f2-4f93-8e50-f22d26a3926e@group-F9806A76D640->4e5dbce8-c406-4dc6-923f-e4f7868c83aa: nextIndex: updateUnconditionally 9 -> 8
2019-10-04 14:12:27,503 [main] INFO  statemachine.DatanodeStateMachine (DatanodeStateMachine.java:stopDaemon(395)) - Ozone container server stopped.
2019-10-04 14:12:27,505 [main] INFO  handler.ContextHandler (ContextHandler.java:doStop(910)) - Stopped o.e.j.w.WebAppContext@af7e376{/,null,UNAVAILABLE}{/hddsDatanode}
2019-10-04 14:12:27,508 [main] INFO  server.AbstractConnector (AbstractConnector.java:doStop(318)) - Stopped ServerConnector@5dcd0cdf{HTTP/1.1,[http/1.1]}{0.0.0.0:0}
2019-10-04 14:12:27,508 [main] INFO  handler.ContextHandler (ContextHandler.java:doStop(910)) - Stopped o.e.j.s.ServletContextHandler@405b6d75{/static,jar:file:/home/user/.m2/repository/org/apache/hadoop/hadoop-hdds-container-service/0.5.0-SNAPSHOT/hadoop-hdds-container-service-0.5.0-SNAPSHOT.jar!/webapps/static,UNAVAILABLE}
2019-10-04 14:12:27,508 [main] INFO  handler.ContextHandler (ContextHandler.java:doStop(910)) - Stopped o.e.j.s.ServletContextHandler@101ca8da{/logs,file:///workdir/hadoop-ozone/integration-test/target/log,UNAVAILABLE}
2019-10-04 14:12:27,524 [ForkJoinPool.commonPool-worker-1] INFO  utils.BackgroundService (BackgroundService.java:shutdown(148)) - Shutting down service BlockDeletingService
2019-10-04 14:12:27,530 [ForkJoinPool.commonPool-worker-1] INFO  statemachine.DatanodeStateMachine (DatanodeStateMachine.java:stopDaemon(395)) - Ozone container server stopped.
2019-10-04 14:12:27,537 [ForkJoinPool.commonPool-worker-1] INFO  handler.ContextHandler (ContextHandler.java:doStop(910)) - Stopped o.e.j.w.WebAppContext@493da830{/,null,UNAVAILABLE}{/hddsDatanode}
2019-10-04 14:12:27,538 [ForkJoinPool.commonPool-worker-1] INFO  server.AbstractConnector (AbstractConnector.java:doStop(318)) - Stopped ServerConnector@1f939a0f{HTTP/1.1,[http/1.1]}{0.0.0.0:0}
2019-10-04 14:12:27,540 [ForkJoinPool.commonPool-worker-1] INFO  handler.ContextHandler (ContextHandler.java:doStop(910)) - Stopped o.e.j.s.ServletContextHandler@58658f63{/static,jar:file:/home/user/.m2/repository/org/apache/hadoop/hadoop-hdds-container-service/0.5.0-SNAPSHOT/hadoop-hdds-container-service-0.5.0-SNAPSHOT.jar!/webapps/static,UNAVAILABLE}
2019-10-04 14:12:27,543 [ForkJoinPool.commonPool-worker-1] INFO  handler.ContextHandler (ContextHandler.java:doStop(910)) - Stopped o.e.j.s.ServletContextHandler@2db33feb{/logs,file:///workdir/hadoop-ozone/integration-test/target/log,UNAVAILABLE}
2019-10-04 14:12:27,796 [Datanode State Machine Thread - 0] INFO  statemachine.DatanodeStateMachine (DatanodeStateMachine.java:lambda$startDaemon$0(350)) - Ozone container server started.
2019-10-04 14:12:27,915 [grpc-default-executor-0] WARN  server.GrpcLogAppender (LogUtils.java:warn(134)) - 0003c591-35f2-4f93-8e50-f22d26a3926e@group-F9806A76D640->4e5dbce8-c406-4dc6-923f-e4f7868c83aa-AppendLogResponseHandler: Failed appendEntries: org.apache.ratis.thirdparty.io.grpc.StatusRuntimeException: UNAVAILABLE: io exception
2019-10-04 14:12:27,916 [grpc-default-executor-0] INFO  impl.FollowerInfo (FollowerInfo.java:lambda$new$0(51)) - 0003c591-35f2-4f93-8e50-f22d26a3926e@group-F9806A76D640->4e5dbce8-c406-4dc6-923f-e4f7868c83aa: nextIndex: updateUnconditionally 8 -> 7
2019-10-04 14:12:28,341 [Datanode State Machine Thread - 0] INFO  statemachine.DatanodeStateMachine (DatanodeStateMachine.java:lambda$startDaemon$0(350)) - Ozone container server started.
2019-10-04 14:12:30,418 [grpc-default-executor-1] WARN  server.GrpcLogAppender (LogUtils.java:warn(134)) - 0003c591-35f2-4f93-8e50-f22d26a3926e@group-F9806A76D640->4e5dbce8-c406-4dc6-923f-e4f7868c83aa-AppendLogResponseHandler: Failed appendEntries: org.apache.ratis.thirdparty.io.grpc.StatusRuntimeException: UNAVAILABLE: io exception
2019-10-04 14:12:30,419 [grpc-default-executor-1] INFO  impl.FollowerInfo (FollowerInfo.java:lambda$new$0(51)) - 0003c591-35f2-4f93-8e50-f22d26a3926e@group-F9806A76D640->4e5dbce8-c406-4dc6-923f-e4f7868c83aa: nextIndex: updateUnconditionally 7 -> 6
2019-10-04 14:12:32,511 [main] INFO  ozoneimpl.OzoneContainer (OzoneContainer.java:stop(231)) - Attempting to stop container services.
2019-10-04 14:12:32,511 [main] INFO  impl.RaftServerProxy (RaftServerProxy.java:lambda$close$4(314)) - c086fae5-c746-4c62-b030-dc5300e1b6cb: close
2019-10-04 14:12:32,512 [main] INFO  impl.RaftServerImpl (RaftServerImpl.java:lambda$shutdown$3(247)) - c086fae5-c746-4c62-b030-dc5300e1b6cb@group-80C458CA4EC6: shutdown
2019-10-04 14:12:32,512 [main] INFO  util.JmxRegister (JmxRegister.java:unregister(73)) - Successfully un-registered JMX Bean with object name Ratis:service=RaftServer,group=group-80C458CA4EC6,id=c086fae5-c746-4c62-b030-dc5300e1b6cb
2019-10-04 14:12:32,513 [main] INFO  impl.RoleInfo (RoleInfo.java:shutdownFollowerState(121)) - c086fae5-c746-4c62-b030-dc5300e1b6cb: shutdown FollowerState
2019-10-04 14:12:32,513 [main] INFO  impl.StateMachineUpdater (StateMachineUpdater.java:stopAndJoin(136)) - c086fae5-c746-4c62-b030-dc5300e1b6cb@group-80C458CA4EC6-StateMachineUpdater: set stopIndex = 0
2019-10-04 14:12:32,513 [Thread-778] INFO  impl.FollowerState (FollowerState.java:run(117)) - c086fae5-c746-4c62-b030-dc5300e1b6cb@group-80C458CA4EC6-FollowerState was interrupted: java.lang.InterruptedException: sleep interrupted
2019-10-04 14:12:32,517 [main] INFO  impl.RaftServerImpl (ServerState.java:close(387)) - c086fae5-c746-4c62-b030-dc5300e1b6cb@group-80C458CA4EC6: closes. applyIndex: 0
2019-10-04 14:12:32,518 [c086fae5-c746-4c62-b030-dc5300e1b6cb@group-80C458CA4EC6-SegmentedRaftLogWorker] INFO  segmented.SegmentedRaftLogWorker (SegmentedRaftLogWorker.java:run(316)) - c086fae5-c746-4c62-b030-dc5300e1b6cb@group-80C458CA4EC6-SegmentedRaftLogWorker was interrupted, exiting. There are 0 tasks remaining in the queue.
2019-10-04 14:12:32,521 [main] INFO  segmented.SegmentedRaftLogWorker (SegmentedRaftLogWorker.java:close(224)) - c086fae5-c746-4c62-b030-dc5300e1b6cb@group-80C458CA4EC6-SegmentedRaftLogWorker close()
2019-10-04 14:12:32,523 [main] INFO  impl.RaftServerImpl (RaftServerImpl.java:lambda$shutdown$3(247)) - c086fae5-c746-4c62-b030-dc5300e1b6cb@group-02D89F39EE1D: shutdown
2019-10-04 14:12:32,524 [main] INFO  util.JmxRegister (JmxRegister.java:unregister(73)) - Successfully un-registered JMX Bean with object name Ratis:service=RaftServer,group=group-02D89F39EE1D,id=c086fae5-c746-4c62-b030-dc5300e1b6cb
2019-10-04 14:12:32,524 [main] INFO  impl.RoleInfo (RoleInfo.java:shutdownLeaderState(104)) - c086fae5-c746-4c62-b030-dc5300e1b6cb: shutdown LeaderState
2019-10-04 14:12:32,524 [main] INFO  impl.PendingRequests (PendingRequests.java:sendNotLeaderResponses(202)) - c086fae5-c746-4c62-b030-dc5300e1b6cb@group-02D89F39EE1D-PendingRequests: sendNotLeaderResponses
2019-10-04 14:12:32,525 [main] INFO  impl.StateMachineUpdater (StateMachineUpdater.java:stopAndJoin(136)) - c086fae5-c746-4c62-b030-dc5300e1b6cb@group-02D89F39EE1D-StateMachineUpdater: set stopIndex = 0
2019-10-04 14:12:32,526 [main] INFO  impl.RaftServerImpl (ServerState.java:close(387)) - c086fae5-c746-4c62-b030-dc5300e1b6cb@group-02D89F39EE1D: closes. applyIndex: 0
2019-10-04 14:12:32,526 [c086fae5-c746-4c62-b030-dc5300e1b6cb@group-02D89F39EE1D-SegmentedRaftLogWorker] INFO  segmented.SegmentedRaftLogWorker (SegmentedRaftLogWorker.java:run(316)) - c086fae5-c746-4c62-b030-dc5300e1b6cb@group-02D89F39EE1D-SegmentedRaftLogWorker was interrupted, exiting. There are 0 tasks remaining in the queue.
2019-10-04 14:12:32,533 [main] INFO  segmented.SegmentedRaftLogWorker (SegmentedRaftLogWorker.java:close(224)) - c086fae5-c746-4c62-b030-dc5300e1b6cb@group-02D89F39EE1D-SegmentedRaftLogWorker close()
2019-10-04 14:12:32,535 [main] INFO  server.GrpcService (GrpcService.java:closeImpl(164)) - c086fae5-c746-4c62-b030-dc5300e1b6cb: shutdown server with port 40015 now
2019-10-04 14:12:32,536 [main] INFO  server.GrpcService (GrpcService.java:closeImpl(172)) - c086fae5-c746-4c62-b030-dc5300e1b6cb: shutdown server with port 40015 successfully
2019-10-04 14:12:32,539 [refreshUsed-/workdir/hadoop-ozone/integration-test/target/test-dir/MiniOzoneClusterImpl-049a3f56-5af9-4c3e-af4b-63e3eda3ba33/datanode-3/data/containers] WARN  fs.CachingGetSpaceUsed (CachingGetSpaceUsed.java:run(183)) - Thread Interrupted waiting to refresh disk information: sleep interrupted
2019-10-04 14:12:32,544 [ForkJoinPool.commonPool-worker-1] INFO  ozoneimpl.OzoneContainer (OzoneContainer.java:stop(231)) - Attempting to stop container services.
2019-10-04 14:12:32,545 [ForkJoinPool.commonPool-worker-1] INFO  impl.RaftServerProxy (RaftServerProxy.java:lambda$close$4(314)) - 0003c591-35f2-4f93-8e50-f22d26a3926e: close
2019-10-04 14:12:32,545 [ForkJoinPool.commonPool-worker-1] INFO  impl.RaftServerImpl (RaftServerImpl.java:lambda$shutdown$3(247)) - 0003c591-35f2-4f93-8e50-f22d26a3926e@group-A5A81E6E3701: shutdown
2019-10-04 14:12:32,545 [ForkJoinPool.commonPool-worker-1] INFO  util.JmxRegister (JmxRegister.java:unregister(73)) - Successfully un-registered JMX Bean with object name Ratis:service=RaftServer,group=group-A5A81E6E3701,id=0003c591-35f2-4f93-8e50-f22d26a3926e
2019-10-04 14:12:32,545 [ForkJoinPool.commonPool-worker-1] INFO  impl.RoleInfo (RoleInfo.java:shutdownLeaderState(104)) - 0003c591-35f2-4f93-8e50-f22d26a3926e: shutdown LeaderState
2019-10-04 14:12:32,546 [ForkJoinPool.commonPool-worker-1] INFO  impl.PendingRequests (PendingRequests.java:sendNotLeaderResponses(202)) - 0003c591-35f2-4f93-8e50-f22d26a3926e@group-A5A81E6E3701-PendingRequests: sendNotLeaderResponses
2019-10-04 14:12:32,546 [ForkJoinPool.commonPool-worker-1] INFO  impl.StateMachineUpdater (StateMachineUpdater.java:stopAndJoin(136)) - 0003c591-35f2-4f93-8e50-f22d26a3926e@group-A5A81E6E3701-StateMachineUpdater: set stopIndex = 0
2019-10-04 14:12:32,546 [ForkJoinPool.commonPool-worker-1] INFO  impl.RaftServerImpl (ServerState.java:close(387)) - 0003c591-35f2-4f93-8e50-f22d26a3926e@group-A5A81E6E3701: closes. applyIndex: 0
2019-10-04 14:12:32,547 [0003c591-35f2-4f93-8e50-f22d26a3926e@group-A5A81E6E3701-SegmentedRaftLogWorker] INFO  segmented.SegmentedRaftLogWorker (SegmentedRaftLogWorker.java:run(316)) - 0003c591-35f2-4f93-8e50-f22d26a3926e@group-A5A81E6E3701-SegmentedRaftLogWorker was interrupted, exiting. There are 0 tasks remaining in the queue.
2019-10-04 14:12:32,549 [ForkJoinPool.commonPool-worker-1] INFO  segmented.SegmentedRaftLogWorker (SegmentedRaftLogWorker.java:close(224)) - 0003c591-35f2-4f93-8e50-f22d26a3926e@group-A5A81E6E3701-SegmentedRaftLogWorker close()
2019-10-04 14:12:32,551 [ForkJoinPool.commonPool-worker-1] INFO  impl.RaftServerImpl (RaftServerImpl.java:lambda$shutdown$3(247)) - 0003c591-35f2-4f93-8e50-f22d26a3926e@group-F9806A76D640: shutdown
2019-10-04 14:12:32,551 [ForkJoinPool.commonPool-worker-1] INFO  util.JmxRegister (JmxRegister.java:unregister(73)) - Successfully un-registered JMX Bean with object name Ratis:service=RaftServer,group=group-F9806A76D640,id=0003c591-35f2-4f93-8e50-f22d26a3926e
2019-10-04 14:12:32,551 [ForkJoinPool.commonPool-worker-1] INFO  impl.RoleInfo (RoleInfo.java:shutdownLeaderState(104)) - 0003c591-35f2-4f93-8e50-f22d26a3926e: shutdown LeaderState
2019-10-04 14:12:32,555 [ForkJoinPool.commonPool-worker-1] INFO  impl.PendingRequests (PendingRequests.java:sendNotLeaderResponses(202)) - 0003c591-35f2-4f93-8e50-f22d26a3926e@group-F9806A76D640-PendingRequests: sendNotLeaderResponses
2019-10-04 14:12:32,555 [org.apache.ratis.server.impl.LogAppender$AppenderDaemon$$Lambda$532/1006061226@1197a93] WARN  server.GrpcLogAppender (GrpcLogAppender.java:mayWait(143)) - 0003c591-35f2-4f93-8e50-f22d26a3926e@group-F9806A76D640->4e5dbce8-c406-4dc6-923f-e4f7868c83aa-GrpcLogAppender: Wait interrupted by java.lang.InterruptedException
2019-10-04 14:12:32,555 [org.apache.ratis.server.impl.LogAppender$AppenderDaemon$$Lambda$532/1006061226@53901613] WARN  server.GrpcLogAppender (GrpcLogAppender.java:mayWait(143)) - 0003c591-35f2-4f93-8e50-f22d26a3926e@group-F9806A76D640->afdeb2fb-212d-4377-bced-2343a81b5b39-GrpcLogAppender: Wait interrupted by java.lang.InterruptedException
2019-10-04 14:12:32,559 [ForkJoinPool.commonPool-worker-1] INFO  impl.StateMachineUpdater (StateMachineUpdater.java:stopAndJoin(136)) - 0003c591-35f2-4f93-8e50-f22d26a3926e@group-F9806A76D640-StateMachineUpdater: set stopIndex = 8
2019-10-04 14:12:32,559 [0003c591-35f2-4f93-8e50-f22d26a3926e@group-F9806A76D640-StateMachineUpdater] INFO  ratis.ContainerStateMachine (ContainerStateMachine.java:takeSnapshot(293)) - group-F9806A76D640: Taking a snapshot at:(t:1, i:6) file /workdir/hadoop-ozone/integration-test/target/test-dir/MiniOzoneClusterImpl-049a3f56-5af9-4c3e-af4b-63e3eda3ba33/datanode-2/data/ratis/6e34ad7a-993b-4d57-8e4b-f9806a76d640/sm/snapshot.1_6
2019-10-04 14:12:32,559 [grpc-default-executor-1] INFO  server.GrpcServerProtocolService (GrpcServerProtocolService.java:onCompleted(113)) - afdeb2fb-212d-4377-bced-2343a81b5b39: Completed APPEND_ENTRIES, lastRequest: 0003c591-35f2-4f93-8e50-f22d26a3926e->afdeb2fb-212d-4377-bced-2343a81b5b39#49-t1, previous=(t:1, i:8), leaderCommit=8, initializing? false, entries: <empty>
2019-10-04 14:12:32,560 [grpc-default-executor-1] INFO  server.GrpcLogAppender (GrpcLogAppender.java:onCompleted(293)) - 0003c591-35f2-4f93-8e50-f22d26a3926e@group-F9806A76D640->afdeb2fb-212d-4377-bced-2343a81b5b39-AppendLogResponseHandler: follower responses appendEntries COMPLETED
2019-10-04 14:12:32,560 [grpc-default-executor-1] INFO  impl.FollowerInfo (FollowerInfo.java:lambda$new$0(51)) - 0003c591-35f2-4f93-8e50-f22d26a3926e@group-F9806A76D640->afdeb2fb-212d-4377-bced-2343a81b5b39: nextIndex: updateUnconditionally 9 -> 8
2019-10-04 14:12:32,566 [0003c591-35f2-4f93-8e50-f22d26a3926e@group-F9806A76D640-StateMachineUpdater] INFO  ratis.ContainerStateMachine (ContainerStateMachine.java:takeSnapshot(304)) - group-F9806A76D640: Finished taking a snapshot at:(t:1, i:6) file:/workdir/hadoop-ozone/integration-test/target/test-dir/MiniOzoneClusterImpl-049a3f56-5af9-4c3e-af4b-63e3eda3ba33/datanode-2/data/ratis/6e34ad7a-993b-4d57-8e4b-f9806a76d640/sm/snapshot.1_6 time:7
2019-10-04 14:12:32,566 [0003c591-35f2-4f93-8e50-f22d26a3926e@group-F9806A76D640-StateMachineUpdater] INFO  impl.StateMachineUpdater (StateMachineUpdater.java:takeSnapshot(269)) - 0003c591-35f2-4f93-8e50-f22d26a3926e@group-F9806A76D640-StateMachineUpdater: Took a snapshot at index 6
2019-10-04 14:12:32,566 [0003c591-35f2-4f93-8e50-f22d26a3926e@group-F9806A76D640-StateMachineUpdater] INFO  impl.StateMachineUpdater (StateMachineUpdater.java:lambda$new$0(84)) - 0003c591-35f2-4f93-8e50-f22d26a3926e@group-F9806A76D640-StateMachineUpdater: snapshotIndex: updateIncreasingly -1 -> 6
2019-10-04 14:12:32,566 [0003c591-35f2-4f93-8e50-f22d26a3926e@group-F9806A76D640-StateMachineUpdater] INFO  ratis.ContainerStateMachine (ContainerStateMachine.java:takeSnapshot(293)) - group-F9806A76D640: Taking a snapshot at:(t:1, i:6) file /workdir/hadoop-ozone/integration-test/target/test-dir/MiniOzoneClusterImpl-049a3f56-5af9-4c3e-af4b-63e3eda3ba33/datanode-2/data/ratis/6e34ad7a-993b-4d57-8e4b-f9806a76d640/sm/snapshot.1_6
2019-10-04 14:12:32,569 [main] INFO  utils.BackgroundService (BackgroundService.java:shutdown(148)) - Shutting down service BlockDeletingService
2019-10-04 14:12:32,573 [0003c591-35f2-4f93-8e50-f22d26a3926e@group-F9806A76D640-StateMachineUpdater] INFO  ratis.ContainerStateMachine (ContainerStateMachine.java:takeSnapshot(304)) - group-F9806A76D640: Finished taking a snapshot at:(t:1, i:6) file:/workdir/hadoop-ozone/integration-test/target/test-dir/MiniOzoneClusterImpl-049a3f56-5af9-4c3e-af4b-63e3eda3ba33/datanode-2/data/ratis/6e34ad7a-993b-4d57-8e4b-f9806a76d640/sm/snapshot.1_6 time:7
2019-10-04 14:12:32,573 [0003c591-35f2-4f93-8e50-f22d26a3926e@group-F9806A76D640-StateMachineUpdater] INFO  impl.StateMachineUpdater (StateMachineUpdater.java:takeSnapshot(269)) - 0003c591-35f2-4f93-8e50-f22d26a3926e@group-F9806A76D640-StateMachineUpdater: Took a snapshot at index 6
2019-10-04 14:12:32,575 [main] INFO  statemachine.DatanodeStateMachine (DatanodeStateMachine.java:stopDaemon(395)) - Ozone container server stopped.
2019-10-04 14:12:32,575 [0003c591-35f2-4f93-8e50-f22d26a3926e@group-F9806A76D640-StateMachineUpdater] INFO  impl.StateMachineUpdater (StateMachineUpdater.java:lambda$new$0(84)) - 0003c591-35f2-4f93-8e50-f22d26a3926e@group-F9806A76D640-StateMachineUpdater: snapshotIndex: updateIncreasingly 6 -> 6
2019-10-04 14:12:32,576 [ForkJoinPool.commonPool-worker-1] INFO  impl.RaftServerImpl (ServerState.java:close(387)) - 0003c591-35f2-4f93-8e50-f22d26a3926e@group-F9806A76D640: closes. applyIndex: 8
2019-10-04 14:12:32,576 [0003c591-35f2-4f93-8e50-f22d26a3926e@group-F9806A76D640-SegmentedRaftLogWorker] INFO  segmented.SegmentedRaftLogWorker (SegmentedRaftLogWorker.java:run(316)) - 0003c591-35f2-4f93-8e50-f22d26a3926e@group-F9806A76D640-SegmentedRaftLogWorker was interrupted, exiting. There are 0 tasks remaining in the queue.
2019-10-04 14:12:32,576 [main] INFO  handler.ContextHandler (ContextHandler.java:doStop(910)) - Stopped o.e.j.w.WebAppContext@5d94a2dc{/,null,UNAVAILABLE}{/hddsDatanode}
2019-10-04 14:12:32,578 [ForkJoinPool.commonPool-worker-1] INFO  segmented.SegmentedRaftLogWorker (SegmentedRaftLogWorker.java:close(224)) - 0003c591-35f2-4f93-8e50-f22d26a3926e@group-F9806A76D640-SegmentedRaftLogWorker close()
2019-10-04 14:12:32,580 [ForkJoinPool.commonPool-worker-1] INFO  server.GrpcService (GrpcService.java:closeImpl(164)) - 0003c591-35f2-4f93-8e50-f22d26a3926e: shutdown server with port 42307 now
2019-10-04 14:12:32,580 [main] INFO  server.AbstractConnector (AbstractConnector.java:doStop(318)) - Stopped ServerConnector@cedee22{HTTP/1.1,[http/1.1]}{0.0.0.0:0}
2019-10-04 14:12:32,581 [ForkJoinPool.commonPool-worker-1] INFO  server.GrpcService (GrpcService.java:closeImpl(172)) - 0003c591-35f2-4f93-8e50-f22d26a3926e: shutdown server with port 42307 successfully
2019-10-04 14:12:32,581 [main] INFO  handler.ContextHandler (ContextHandler.java:doStop(910)) - Stopped o.e.j.s.ServletContextHandler@1b410308{/static,jar:file:/home/user/.m2/repository/org/apache/hadoop/hadoop-hdds-container-service/0.5.0-SNAPSHOT/hadoop-hdds-container-service-0.5.0-SNAPSHOT.jar!/webapps/static,UNAVAILABLE}
2019-10-04 14:12:32,582 [main] INFO  handler.ContextHandler (ContextHandler.java:doStop(910)) - Stopped o.e.j.s.ServletContextHandler@999b951{/logs,file:///workdir/hadoop-ozone/integration-test/target/log,UNAVAILABLE}
2019-10-04 14:12:32,588 [refreshUsed-/workdir/hadoop-ozone/integration-test/target/test-dir/MiniOzoneClusterImpl-049a3f56-5af9-4c3e-af4b-63e3eda3ba33/datanode-2/data/containers] WARN  fs.CachingGetSpaceUsed (CachingGetSpaceUsed.java:run(183)) - Thread Interrupted waiting to refresh disk information: sleep interrupted
2019-10-04 14:12:32,603 [ForkJoinPool.commonPool-worker-1] INFO  utils.BackgroundService (BackgroundService.java:shutdown(148)) - Shutting down service BlockDeletingService
2019-10-04 14:12:32,608 [ForkJoinPool.commonPool-worker-1] INFO  statemachine.DatanodeStateMachine (DatanodeStateMachine.java:stopDaemon(395)) - Ozone container server stopped.
2019-10-04 14:12:32,613 [ForkJoinPool.commonPool-worker-1] INFO  handler.ContextHandler (ContextHandler.java:doStop(910)) - Stopped o.e.j.w.WebAppContext@5f05c8d6{/,null,UNAVAILABLE}{/hddsDatanode}
2019-10-04 14:12:32,613 [ForkJoinPool.commonPool-worker-1] INFO  server.AbstractConnector (AbstractConnector.java:doStop(318)) - Stopped ServerConnector@68e02f33{HTTP/1.1,[http/1.1]}{0.0.0.0:0}
2019-10-04 14:12:32,615 [ForkJoinPool.commonPool-worker-1] INFO  handler.ContextHandler (ContextHandler.java:doStop(910)) - Stopped o.e.j.s.ServletContextHandler@502a4156{/static,jar:file:/home/user/.m2/repository/org/apache/hadoop/hadoop-hdds-container-service/0.5.0-SNAPSHOT/hadoop-hdds-container-service-0.5.0-SNAPSHOT.jar!/webapps/static,UNAVAILABLE}
2019-10-04 14:12:32,617 [ForkJoinPool.commonPool-worker-1] INFO  handler.ContextHandler (ContextHandler.java:doStop(910)) - Stopped o.e.j.s.ServletContextHandler@1163a27{/logs,file:///workdir/hadoop-ozone/integration-test/target/log,UNAVAILABLE}
2019-10-04 14:12:33,109 [Datanode State Machine Thread - 0] INFO  statemachine.DatanodeStateMachine (DatanodeStateMachine.java:lambda$startDaemon$0(350)) - Ozone container server started.
2019-10-04 14:12:33,345 [Datanode State Machine Thread - 0] INFO  statemachine.DatanodeStateMachine (DatanodeStateMachine.java:lambda$startDaemon$0(350)) - Ozone container server started.
2019-10-04 14:12:36,021 [Thread-749] INFO  impl.FollowerState (FollowerState.java:run(108)) - afdeb2fb-212d-4377-bced-2343a81b5b39@group-F9806A76D640-FollowerState: change to CANDIDATE, lastRpcTime:5604ms, electionTimeout:5093ms
2019-10-04 14:12:36,023 [Thread-749] INFO  impl.RoleInfo (RoleInfo.java:shutdownFollowerState(121)) - afdeb2fb-212d-4377-bced-2343a81b5b39: shutdown FollowerState
2019-10-04 14:12:36,023 [Thread-749] INFO  impl.RaftServerImpl (RaftServerImpl.java:setRole(170)) - afdeb2fb-212d-4377-bced-2343a81b5b39@group-F9806A76D640: changes role from  FOLLOWER to CANDIDATE at term 1 for changeToCandidate
2019-10-04 14:12:36,023 [Thread-749] INFO  impl.RoleInfo (RoleInfo.java:updateAndGet(143)) - afdeb2fb-212d-4377-bced-2343a81b5b39: start LeaderElection
2019-10-04 14:12:36,028 [afdeb2fb-212d-4377-bced-2343a81b5b39@group-F9806A76D640-LeaderElection23] INFO  impl.RaftServerImpl (ServerState.java:setLeader(255)) - afdeb2fb-212d-4377-bced-2343a81b5b39@group-F9806A76D640: change Leader from 0003c591-35f2-4f93-8e50-f22d26a3926e to null at term 1 for initElection
2019-10-04 14:12:36,045 [afdeb2fb-212d-4377-bced-2343a81b5b39@group-F9806A76D640-LeaderElection23] INFO  impl.LeaderElection (LeaderElection.java:askForVotes(178)) - afdeb2fb-212d-4377-bced-2343a81b5b39@group-F9806A76D640-LeaderElection23: begin an election at term 2 for 0: [0003c591-35f2-4f93-8e50-f22d26a3926e:192.168.5.142:42307, 4e5dbce8-c406-4dc6-923f-e4f7868c83aa:192.168.5.142:45350, afdeb2fb-212d-4377-bced-2343a81b5b39:192.168.5.142:37288], old=null
2019-10-04 14:12:36,052 [afdeb2fb-212d-4377-bced-2343a81b5b39@group-F9806A76D640-LeaderElection23] INFO  impl.LeaderElection (LogUtils.java:infoOrTrace(149)) - afdeb2fb-212d-4377-bced-2343a81b5b39@group-F9806A76D640-LeaderElection23 got exception when requesting votes: {}
java.util.concurrent.ExecutionException: org.apache.ratis.thirdparty.io.grpc.StatusRuntimeException: UNAVAILABLE: io exception
	at java.util.concurrent.FutureTask.report(FutureTask.java:122)
	at java.util.concurrent.FutureTask.get(FutureTask.java:192)
	at org.apache.ratis.server.impl.LeaderElection.waitForResults(LeaderElection.java:259)
	at org.apache.ratis.server.impl.LeaderElection.askForVotes(LeaderElection.java:197)
	at org.apache.ratis.server.impl.LeaderElection.run(LeaderElection.java:133)
	at java.lang.Thread.run(Thread.java:748)
Caused by: org.apache.ratis.thirdparty.io.grpc.StatusRuntimeException: UNAVAILABLE: io exception
	at org.apache.ratis.thirdparty.io.grpc.stub.ClientCalls.toStatusRuntimeException(ClientCalls.java:233)
	at org.apache.ratis.thirdparty.io.grpc.stub.ClientCalls.getUnchecked(ClientCalls.java:214)
	at org.apache.ratis.thirdparty.io.grpc.stub.ClientCalls.blockingUnaryCall(ClientCalls.java:139)
	at org.apache.ratis.proto.grpc.RaftServerProtocolServiceGrpc$RaftServerProtocolServiceBlockingStub.requestVote(RaftServerProtocolServiceGrpc.java:265)
	at org.apache.ratis.grpc.server.GrpcServerProtocolClient.requestVote(GrpcServerProtocolClient.java:99)
	at org.apache.ratis.grpc.server.GrpcService.requestVote(GrpcService.java:204)
	at org.apache.ratis.server.impl.LeaderElection.lambda$submitRequests$1(LeaderElection.java:234)
	at java.util.concurrent.FutureTask.run(FutureTask.java:266)
	at java.util.concurrent.Executors$RunnableAdapter.call(Executors.java:511)
	at java.util.concurrent.FutureTask.run(FutureTask.java:266)
	at java.util.concurrent.ThreadPoolExecutor.runWorker(ThreadPoolExecutor.java:1149)
	at java.util.concurrent.ThreadPoolExecutor$Worker.run(ThreadPoolExecutor.java:624)
	... 1 more
Caused by: org.apache.ratis.thirdparty.io.netty.channel.AbstractChannel$AnnotatedConnectException: Connection refused: /192.168.5.142:42307
	at sun.nio.ch.SocketChannelImpl.checkConnect(Native Method)
	at sun.nio.ch.SocketChannelImpl.finishConnect(SocketChannelImpl.java:717)
	at org.apache.ratis.thirdparty.io.netty.channel.socket.nio.NioSocketChannel.doFinishConnect(NioSocketChannel.java:327)
	at org.apache.ratis.thirdparty.io.netty.channel.nio.AbstractNioChannel$AbstractNioUnsafe.finishConnect(AbstractNioChannel.java:340)
	at org.apache.ratis.thirdparty.io.netty.channel.nio.NioEventLoop.processSelectedKey(NioEventLoop.java:632)
	at org.apache.ratis.thirdparty.io.netty.channel.nio.NioEventLoop.processSelectedKeysOptimized(NioEventLoop.java:579)
	at org.apache.ratis.thirdparty.io.netty.channel.nio.NioEventLoop.processSelectedKeys(NioEventLoop.java:496)
	at org.apache.ratis.thirdparty.io.netty.channel.nio.NioEventLoop.run(NioEventLoop.java:458)
	at org.apache.ratis.thirdparty.io.netty.util.concurrent.SingleThreadEventExecutor$5.run(SingleThreadEventExecutor.java:897)
	at org.apache.ratis.thirdparty.io.netty.util.concurrent.FastThreadLocalRunnable.run(FastThreadLocalRunnable.java:30)
	... 1 more
Caused by: java.net.ConnectException: Connection refused
	... 11 more
2019-10-04 14:12:36,055 [afdeb2fb-212d-4377-bced-2343a81b5b39@group-F9806A76D640-LeaderElection23] INFO  impl.LeaderElection (LogUtils.java:infoOrTrace(149)) - afdeb2fb-212d-4377-bced-2343a81b5b39@group-F9806A76D640-LeaderElection23 got exception when requesting votes: {}
java.util.concurrent.ExecutionException: org.apache.ratis.thirdparty.io.grpc.StatusRuntimeException: UNAVAILABLE: io exception
	at java.util.concurrent.FutureTask.report(FutureTask.java:122)
	at java.util.concurrent.FutureTask.get(FutureTask.java:192)
	at org.apache.ratis.server.impl.LeaderElection.waitForResults(LeaderElection.java:259)
	at org.apache.ratis.server.impl.LeaderElection.askForVotes(LeaderElection.java:197)
	at org.apache.ratis.server.impl.LeaderElection.run(LeaderElection.java:133)
	at java.lang.Thread.run(Thread.java:748)
Caused by: org.apache.ratis.thirdparty.io.grpc.StatusRuntimeException: UNAVAILABLE: io exception
	at org.apache.ratis.thirdparty.io.grpc.stub.ClientCalls.toStatusRuntimeException(ClientCalls.java:233)
	at org.apache.ratis.thirdparty.io.grpc.stub.ClientCalls.getUnchecked(ClientCalls.java:214)
	at org.apache.ratis.thirdparty.io.grpc.stub.ClientCalls.blockingUnaryCall(ClientCalls.java:139)
	at org.apache.ratis.proto.grpc.RaftServerProtocolServiceGrpc$RaftServerProtocolServiceBlockingStub.requestVote(RaftServerProtocolServiceGrpc.java:265)
	at org.apache.ratis.grpc.server.GrpcServerProtocolClient.requestVote(GrpcServerProtocolClient.java:99)
	at org.apache.ratis.grpc.server.GrpcService.requestVote(GrpcService.java:204)
	at org.apache.ratis.server.impl.LeaderElection.lambda$submitRequests$1(LeaderElection.java:234)
	at java.util.concurrent.FutureTask.run(FutureTask.java:266)
	at java.util.concurrent.Executors$RunnableAdapter.call(Executors.java:511)
	at java.util.concurrent.FutureTask.run(FutureTask.java:266)
	at java.util.concurrent.ThreadPoolExecutor.runWorker(ThreadPoolExecutor.java:1149)
	at java.util.concurrent.ThreadPoolExecutor$Worker.run(ThreadPoolExecutor.java:624)
	... 1 more
Caused by: org.apache.ratis.thirdparty.io.netty.channel.AbstractChannel$AnnotatedConnectException: Connection refused: /192.168.5.142:45350
	at sun.nio.ch.SocketChannelImpl.checkConnect(Native Method)
	at sun.nio.ch.SocketChannelImpl.finishConnect(SocketChannelImpl.java:717)
	at org.apache.ratis.thirdparty.io.netty.channel.socket.nio.NioSocketChannel.doFinishConnect(NioSocketChannel.java:327)
	at org.apache.ratis.thirdparty.io.netty.channel.nio.AbstractNioChannel$AbstractNioUnsafe.finishConnect(AbstractNioChannel.java:340)
	at org.apache.ratis.thirdparty.io.netty.channel.nio.NioEventLoop.processSelectedKey(NioEventLoop.java:632)
	at org.apache.ratis.thirdparty.io.netty.channel.nio.NioEventLoop.processSelectedKeysOptimized(NioEventLoop.java:579)
	at org.apache.ratis.thirdparty.io.netty.channel.nio.NioEventLoop.processSelectedKeys(NioEventLoop.java:496)
	at org.apache.ratis.thirdparty.io.netty.channel.nio.NioEventLoop.run(NioEventLoop.java:458)
	at org.apache.ratis.thirdparty.io.netty.util.concurrent.SingleThreadEventExecutor$5.run(SingleThreadEventExecutor.java:897)
	at org.apache.ratis.thirdparty.io.netty.util.concurrent.FastThreadLocalRunnable.run(FastThreadLocalRunnable.java:30)
	... 1 more
Caused by: java.net.ConnectException: Connection refused
	... 11 more
2019-10-04 14:12:36,057 [afdeb2fb-212d-4377-bced-2343a81b5b39@group-F9806A76D640-LeaderElection23] INFO  impl.LeaderElection (LeaderElection.java:logAndReturn(56)) - afdeb2fb-212d-4377-bced-2343a81b5b39@group-F9806A76D640-LeaderElection23: Election REJECTED; received 0 response(s) [] and 2 exception(s); afdeb2fb-212d-4377-bced-2343a81b5b39@group-F9806A76D640:t2, leader=null, voted=afdeb2fb-212d-4377-bced-2343a81b5b39, raftlog=afdeb2fb-212d-4377-bced-2343a81b5b39@group-F9806A76D640-SegmentedRaftLog:OPENED:c8,f8,i8, conf=0: [0003c591-35f2-4f93-8e50-f22d26a3926e:192.168.5.142:42307, 4e5dbce8-c406-4dc6-923f-e4f7868c83aa:192.168.5.142:45350, afdeb2fb-212d-4377-bced-2343a81b5b39:192.168.5.142:37288], old=null
2019-10-04 14:12:36,057 [afdeb2fb-212d-4377-bced-2343a81b5b39@group-F9806A76D640-LeaderElection23] INFO  impl.LeaderElection (LogUtils.java:infoOrTrace(149)) -   Exception 0: {}
java.util.concurrent.ExecutionException: org.apache.ratis.thirdparty.io.grpc.StatusRuntimeException: UNAVAILABLE: io exception
	at java.util.concurrent.FutureTask.report(FutureTask.java:122)
	at java.util.concurrent.FutureTask.get(FutureTask.java:192)
	at org.apache.ratis.server.impl.LeaderElection.waitForResults(LeaderElection.java:259)
	at org.apache.ratis.server.impl.LeaderElection.askForVotes(LeaderElection.java:197)
	at org.apache.ratis.server.impl.LeaderElection.run(LeaderElection.java:133)
	at java.lang.Thread.run(Thread.java:748)
Caused by: org.apache.ratis.thirdparty.io.grpc.StatusRuntimeException: UNAVAILABLE: io exception
	at org.apache.ratis.thirdparty.io.grpc.stub.ClientCalls.toStatusRuntimeException(ClientCalls.java:233)
	at org.apache.ratis.thirdparty.io.grpc.stub.ClientCalls.getUnchecked(ClientCalls.java:214)
	at org.apache.ratis.thirdparty.io.grpc.stub.ClientCalls.blockingUnaryCall(ClientCalls.java:139)
	at org.apache.ratis.proto.grpc.RaftServerProtocolServiceGrpc$RaftServerProtocolServiceBlockingStub.requestVote(RaftServerProtocolServiceGrpc.java:265)
	at org.apache.ratis.grpc.server.GrpcServerProtocolClient.requestVote(GrpcServerProtocolClient.java:99)
	at org.apache.ratis.grpc.server.GrpcService.requestVote(GrpcService.java:204)
	at org.apache.ratis.server.impl.LeaderElection.lambda$submitRequests$1(LeaderElection.java:234)
	at java.util.concurrent.FutureTask.run(FutureTask.java:266)
	at java.util.concurrent.Executors$RunnableAdapter.call(Executors.java:511)
	at java.util.concurrent.FutureTask.run(FutureTask.java:266)
	at java.util.concurrent.ThreadPoolExecutor.runWorker(ThreadPoolExecutor.java:1149)
	at java.util.concurrent.ThreadPoolExecutor$Worker.run(ThreadPoolExecutor.java:624)
	... 1 more
Caused by: org.apache.ratis.thirdparty.io.netty.channel.AbstractChannel$AnnotatedConnectException: Connection refused: /192.168.5.142:42307
	at sun.nio.ch.SocketChannelImpl.checkConnect(Native Method)
	at sun.nio.ch.SocketChannelImpl.finishConnect(SocketChannelImpl.java:717)
	at org.apache.ratis.thirdparty.io.netty.channel.socket.nio.NioSocketChannel.doFinishConnect(NioSocketChannel.java:327)
	at org.apache.ratis.thirdparty.io.netty.channel.nio.AbstractNioChannel$AbstractNioUnsafe.finishConnect(AbstractNioChannel.java:340)
	at org.apache.ratis.thirdparty.io.netty.channel.nio.NioEventLoop.processSelectedKey(NioEventLoop.java:632)
	at org.apache.ratis.thirdparty.io.netty.channel.nio.NioEventLoop.processSelectedKeysOptimized(NioEventLoop.java:579)
	at org.apache.ratis.thirdparty.io.netty.channel.nio.NioEventLoop.processSelectedKeys(NioEventLoop.java:496)
	at org.apache.ratis.thirdparty.io.netty.channel.nio.NioEventLoop.run(NioEventLoop.java:458)
	at org.apache.ratis.thirdparty.io.netty.util.concurrent.SingleThreadEventExecutor$5.run(SingleThreadEventExecutor.java:897)
	at org.apache.ratis.thirdparty.io.netty.util.concurrent.FastThreadLocalRunnable.run(FastThreadLocalRunnable.java:30)
	... 1 more
Caused by: java.net.ConnectException: Connection refused
	... 11 more
2019-10-04 14:12:36,057 [afdeb2fb-212d-4377-bced-2343a81b5b39@group-F9806A76D640-LeaderElection23] INFO  impl.LeaderElection (LogUtils.java:infoOrTrace(149)) -   Exception 1: {}
java.util.concurrent.ExecutionException: org.apache.ratis.thirdparty.io.grpc.StatusRuntimeException: UNAVAILABLE: io exception
	at java.util.concurrent.FutureTask.report(FutureTask.java:122)
	at java.util.concurrent.FutureTask.get(FutureTask.java:192)
	at org.apache.ratis.server.impl.LeaderElection.waitForResults(LeaderElection.java:259)
	at org.apache.ratis.server.impl.LeaderElection.askForVotes(LeaderElection.java:197)
	at org.apache.ratis.server.impl.LeaderElection.run(LeaderElection.java:133)
	at java.lang.Thread.run(Thread.java:748)
Caused by: org.apache.ratis.thirdparty.io.grpc.StatusRuntimeException: UNAVAILABLE: io exception
	at org.apache.ratis.thirdparty.io.grpc.stub.ClientCalls.toStatusRuntimeException(ClientCalls.java:233)
	at org.apache.ratis.thirdparty.io.grpc.stub.ClientCalls.getUnchecked(ClientCalls.java:214)
	at org.apache.ratis.thirdparty.io.grpc.stub.ClientCalls.blockingUnaryCall(ClientCalls.java:139)
	at org.apache.ratis.proto.grpc.RaftServerProtocolServiceGrpc$RaftServerProtocolServiceBlockingStub.requestVote(RaftServerProtocolServiceGrpc.java:265)
	at org.apache.ratis.grpc.server.GrpcServerProtocolClient.requestVote(GrpcServerProtocolClient.java:99)
	at org.apache.ratis.grpc.server.GrpcService.requestVote(GrpcService.java:204)
	at org.apache.ratis.server.impl.LeaderElection.lambda$submitRequests$1(LeaderElection.java:234)
	at java.util.concurrent.FutureTask.run(FutureTask.java:266)
	at java.util.concurrent.Executors$RunnableAdapter.call(Executors.java:511)
	at java.util.concurrent.FutureTask.run(FutureTask.java:266)
	at java.util.concurrent.ThreadPoolExecutor.runWorker(ThreadPoolExecutor.java:1149)
	at java.util.concurrent.ThreadPoolExecutor$Worker.run(ThreadPoolExecutor.java:624)
	... 1 more
Caused by: org.apache.ratis.thirdparty.io.netty.channel.AbstractChannel$AnnotatedConnectException: Connection refused: /192.168.5.142:45350
	at sun.nio.ch.SocketChannelImpl.checkConnect(Native Method)
	at sun.nio.ch.SocketChannelImpl.finishConnect(SocketChannelImpl.java:717)
	at org.apache.ratis.thirdparty.io.netty.channel.socket.nio.NioSocketChannel.doFinishConnect(NioSocketChannel.java:327)
	at org.apache.ratis.thirdparty.io.netty.channel.nio.AbstractNioChannel$AbstractNioUnsafe.finishConnect(AbstractNioChannel.java:340)
	at org.apache.ratis.thirdparty.io.netty.channel.nio.NioEventLoop.processSelectedKey(NioEventLoop.java:632)
	at org.apache.ratis.thirdparty.io.netty.channel.nio.NioEventLoop.processSelectedKeysOptimized(NioEventLoop.java:579)
	at org.apache.ratis.thirdparty.io.netty.channel.nio.NioEventLoop.processSelectedKeys(NioEventLoop.java:496)
	at org.apache.ratis.thirdparty.io.netty.channel.nio.NioEventLoop.run(NioEventLoop.java:458)
	at org.apache.ratis.thirdparty.io.netty.util.concurrent.SingleThreadEventExecutor$5.run(SingleThreadEventExecutor.java:897)
	at org.apache.ratis.thirdparty.io.netty.util.concurrent.FastThreadLocalRunnable.run(FastThreadLocalRunnable.java:30)
	... 1 more
Caused by: java.net.ConnectException: Connection refused
	... 11 more
2019-10-04 14:12:36,058 [afdeb2fb-212d-4377-bced-2343a81b5b39@group-F9806A76D640-LeaderElection23] INFO  impl.RaftServerImpl (RaftServerImpl.java:setRole(170)) - afdeb2fb-212d-4377-bced-2343a81b5b39@group-F9806A76D640: changes role from CANDIDATE to FOLLOWER at term 2 for DISCOVERED_A_NEW_TERM
2019-10-04 14:12:36,058 [afdeb2fb-212d-4377-bced-2343a81b5b39@group-F9806A76D640-LeaderElection23] INFO  impl.RoleInfo (RoleInfo.java:shutdownLeaderElection(134)) - afdeb2fb-212d-4377-bced-2343a81b5b39: shutdown LeaderElection
2019-10-04 14:12:36,059 [afdeb2fb-212d-4377-bced-2343a81b5b39@group-F9806A76D640-LeaderElection23] INFO  impl.RoleInfo (RoleInfo.java:updateAndGet(143)) - afdeb2fb-212d-4377-bced-2343a81b5b39: start FollowerState
2019-10-04 14:12:36,773 [Thread-769] INFO  impl.FollowerState (FollowerState.java:run(108)) - 73904e97-0e50-4891-911f-6658a7908ac5@group-80C458CA4EC6-FollowerState: change to CANDIDATE, lastRpcTime:9391ms, electionTimeout:5020ms
2019-10-04 14:12:36,780 [Thread-769] INFO  impl.RoleInfo (RoleInfo.java:shutdownFollowerState(121)) - 73904e97-0e50-4891-911f-6658a7908ac5: shutdown FollowerState
2019-10-04 14:12:36,781 [Thread-769] INFO  impl.RaftServerImpl (RaftServerImpl.java:setRole(170)) - 73904e97-0e50-4891-911f-6658a7908ac5@group-80C458CA4EC6: changes role from  FOLLOWER to CANDIDATE at term 1 for changeToCandidate
2019-10-04 14:12:36,781 [Thread-769] INFO  impl.RoleInfo (RoleInfo.java:updateAndGet(143)) - 73904e97-0e50-4891-911f-6658a7908ac5: start LeaderElection
2019-10-04 14:12:36,783 [73904e97-0e50-4891-911f-6658a7908ac5@group-80C458CA4EC6-LeaderElection24] INFO  impl.RaftServerImpl (ServerState.java:setLeader(255)) - 73904e97-0e50-4891-911f-6658a7908ac5@group-80C458CA4EC6: change Leader from 1008e79f-508c-492d-9d04-12ff6e91b544 to null at term 1 for initElection
2019-10-04 14:12:36,797 [73904e97-0e50-4891-911f-6658a7908ac5@group-80C458CA4EC6-LeaderElection24] INFO  impl.LeaderElection (LeaderElection.java:askForVotes(178)) - 73904e97-0e50-4891-911f-6658a7908ac5@group-80C458CA4EC6-LeaderElection24: begin an election at term 2 for 0: [73904e97-0e50-4891-911f-6658a7908ac5:192.168.5.142:39528, c086fae5-c746-4c62-b030-dc5300e1b6cb:192.168.5.142:40015, 1008e79f-508c-492d-9d04-12ff6e91b544:192.168.5.142:35459], old=null
2019-10-04 14:12:36,804 [73904e97-0e50-4891-911f-6658a7908ac5@group-80C458CA4EC6-LeaderElection24] INFO  impl.LeaderElection (LogUtils.java:infoOrTrace(149)) - 73904e97-0e50-4891-911f-6658a7908ac5@group-80C458CA4EC6-LeaderElection24 got exception when requesting votes: {}
java.util.concurrent.ExecutionException: org.apache.ratis.thirdparty.io.grpc.StatusRuntimeException: UNAVAILABLE: io exception
	at java.util.concurrent.FutureTask.report(FutureTask.java:122)
	at java.util.concurrent.FutureTask.get(FutureTask.java:192)
	at org.apache.ratis.server.impl.LeaderElection.waitForResults(LeaderElection.java:259)
	at org.apache.ratis.server.impl.LeaderElection.askForVotes(LeaderElection.java:197)
	at org.apache.ratis.server.impl.LeaderElection.run(LeaderElection.java:133)
	at java.lang.Thread.run(Thread.java:748)
Caused by: org.apache.ratis.thirdparty.io.grpc.StatusRuntimeException: UNAVAILABLE: io exception
	at org.apache.ratis.thirdparty.io.grpc.stub.ClientCalls.toStatusRuntimeException(ClientCalls.java:233)
	at org.apache.ratis.thirdparty.io.grpc.stub.ClientCalls.getUnchecked(ClientCalls.java:214)
	at org.apache.ratis.thirdparty.io.grpc.stub.ClientCalls.blockingUnaryCall(ClientCalls.java:139)
	at org.apache.ratis.proto.grpc.RaftServerProtocolServiceGrpc$RaftServerProtocolServiceBlockingStub.requestVote(RaftServerProtocolServiceGrpc.java:265)
	at org.apache.ratis.grpc.server.GrpcServerProtocolClient.requestVote(GrpcServerProtocolClient.java:99)
	at org.apache.ratis.grpc.server.GrpcService.requestVote(GrpcService.java:204)
	at org.apache.ratis.server.impl.LeaderElection.lambda$submitRequests$1(LeaderElection.java:234)
	at java.util.concurrent.FutureTask.run(FutureTask.java:266)
	at java.util.concurrent.Executors$RunnableAdapter.call(Executors.java:511)
	at java.util.concurrent.FutureTask.run(FutureTask.java:266)
	at java.util.concurrent.ThreadPoolExecutor.runWorker(ThreadPoolExecutor.java:1149)
	at java.util.concurrent.ThreadPoolExecutor$Worker.run(ThreadPoolExecutor.java:624)
	... 1 more
Caused by: org.apache.ratis.thirdparty.io.netty.channel.AbstractChannel$AnnotatedConnectException: Connection refused: /192.168.5.142:35459
	at sun.nio.ch.SocketChannelImpl.checkConnect(Native Method)
	at sun.nio.ch.SocketChannelImpl.finishConnect(SocketChannelImpl.java:717)
	at org.apache.ratis.thirdparty.io.netty.channel.socket.nio.NioSocketChannel.doFinishConnect(NioSocketChannel.java:327)
	at org.apache.ratis.thirdparty.io.netty.channel.nio.AbstractNioChannel$AbstractNioUnsafe.finishConnect(AbstractNioChannel.java:340)
	at org.apache.ratis.thirdparty.io.netty.channel.nio.NioEventLoop.processSelectedKey(NioEventLoop.java:632)
	at org.apache.ratis.thirdparty.io.netty.channel.nio.NioEventLoop.processSelectedKeysOptimized(NioEventLoop.java:579)
	at org.apache.ratis.thirdparty.io.netty.channel.nio.NioEventLoop.processSelectedKeys(NioEventLoop.java:496)
	at org.apache.ratis.thirdparty.io.netty.channel.nio.NioEventLoop.run(NioEventLoop.java:458)
	at org.apache.ratis.thirdparty.io.netty.util.concurrent.SingleThreadEventExecutor$5.run(SingleThreadEventExecutor.java:897)
	at org.apache.ratis.thirdparty.io.netty.util.concurrent.FastThreadLocalRunnable.run(FastThreadLocalRunnable.java:30)
	... 1 more
Caused by: java.net.ConnectException: Connection refused
	... 11 more
2019-10-04 14:12:36,808 [73904e97-0e50-4891-911f-6658a7908ac5@group-80C458CA4EC6-LeaderElection24] INFO  impl.LeaderElection (LogUtils.java:infoOrTrace(149)) - 73904e97-0e50-4891-911f-6658a7908ac5@group-80C458CA4EC6-LeaderElection24 got exception when requesting votes: {}
java.util.concurrent.ExecutionException: org.apache.ratis.thirdparty.io.grpc.StatusRuntimeException: UNAVAILABLE: io exception
	at java.util.concurrent.FutureTask.report(FutureTask.java:122)
	at java.util.concurrent.FutureTask.get(FutureTask.java:192)
	at org.apache.ratis.server.impl.LeaderElection.waitForResults(LeaderElection.java:259)
	at org.apache.ratis.server.impl.LeaderElection.askForVotes(LeaderElection.java:197)
	at org.apache.ratis.server.impl.LeaderElection.run(LeaderElection.java:133)
	at java.lang.Thread.run(Thread.java:748)
Caused by: org.apache.ratis.thirdparty.io.grpc.StatusRuntimeException: UNAVAILABLE: io exception
	at org.apache.ratis.thirdparty.io.grpc.stub.ClientCalls.toStatusRuntimeException(ClientCalls.java:233)
	at org.apache.ratis.thirdparty.io.grpc.stub.ClientCalls.getUnchecked(ClientCalls.java:214)
	at org.apache.ratis.thirdparty.io.grpc.stub.ClientCalls.blockingUnaryCall(ClientCalls.java:139)
	at org.apache.ratis.proto.grpc.RaftServerProtocolServiceGrpc$RaftServerProtocolServiceBlockingStub.requestVote(RaftServerProtocolServiceGrpc.java:265)
	at org.apache.ratis.grpc.server.GrpcServerProtocolClient.requestVote(GrpcServerProtocolClient.java:99)
	at org.apache.ratis.grpc.server.GrpcService.requestVote(GrpcService.java:204)
	at org.apache.ratis.server.impl.LeaderElection.lambda$submitRequests$1(LeaderElection.java:234)
	at java.util.concurrent.FutureTask.run(FutureTask.java:266)
	at java.util.concurrent.Executors$RunnableAdapter.call(Executors.java:511)
	at java.util.concurrent.FutureTask.run(FutureTask.java:266)
	at java.util.concurrent.ThreadPoolExecutor.runWorker(ThreadPoolExecutor.java:1149)
	at java.util.concurrent.ThreadPoolExecutor$Worker.run(ThreadPoolExecutor.java:624)
	... 1 more
Caused by: org.apache.ratis.thirdparty.io.netty.channel.AbstractChannel$AnnotatedConnectException: Connection refused: /192.168.5.142:40015
	at sun.nio.ch.SocketChannelImpl.checkConnect(Native Method)
	at sun.nio.ch.SocketChannelImpl.finishConnect(SocketChannelImpl.java:717)
	at org.apache.ratis.thirdparty.io.netty.channel.socket.nio.NioSocketChannel.doFinishConnect(NioSocketChannel.java:327)
	at org.apache.ratis.thirdparty.io.netty.channel.nio.AbstractNioChannel$AbstractNioUnsafe.finishConnect(AbstractNioChannel.java:340)
	at org.apache.ratis.thirdparty.io.netty.channel.nio.NioEventLoop.processSelectedKey(NioEventLoop.java:632)
	at org.apache.ratis.thirdparty.io.netty.channel.nio.NioEventLoop.processSelectedKeysOptimized(NioEventLoop.java:579)
	at org.apache.ratis.thirdparty.io.netty.channel.nio.NioEventLoop.processSelectedKeys(NioEventLoop.java:496)
	at org.apache.ratis.thirdparty.io.netty.channel.nio.NioEventLoop.run(NioEventLoop.java:458)
	at org.apache.ratis.thirdparty.io.netty.util.concurrent.SingleThreadEventExecutor$5.run(SingleThreadEventExecutor.java:897)
	at org.apache.ratis.thirdparty.io.netty.util.concurrent.FastThreadLocalRunnable.run(FastThreadLocalRunnable.java:30)
	... 1 more
Caused by: java.net.ConnectException: Connection refused
	... 11 more
2019-10-04 14:12:36,811 [73904e97-0e50-4891-911f-6658a7908ac5@group-80C458CA4EC6-LeaderElection24] INFO  impl.LeaderElection (LeaderElection.java:logAndReturn(56)) - 73904e97-0e50-4891-911f-6658a7908ac5@group-80C458CA4EC6-LeaderElection24: Election REJECTED; received 0 response(s) [] and 2 exception(s); 73904e97-0e50-4891-911f-6658a7908ac5@group-80C458CA4EC6:t2, leader=null, voted=73904e97-0e50-4891-911f-6658a7908ac5, raftlog=73904e97-0e50-4891-911f-6658a7908ac5@group-80C458CA4EC6-SegmentedRaftLog:OPENED:c0,f0,i0, conf=0: [73904e97-0e50-4891-911f-6658a7908ac5:192.168.5.142:39528, c086fae5-c746-4c62-b030-dc5300e1b6cb:192.168.5.142:40015, 1008e79f-508c-492d-9d04-12ff6e91b544:192.168.5.142:35459], old=null
2019-10-04 14:12:36,811 [73904e97-0e50-4891-911f-6658a7908ac5@group-80C458CA4EC6-LeaderElection24] INFO  impl.LeaderElection (LogUtils.java:infoOrTrace(149)) -   Exception 0: {}
java.util.concurrent.ExecutionException: org.apache.ratis.thirdparty.io.grpc.StatusRuntimeException: UNAVAILABLE: io exception
	at java.util.concurrent.FutureTask.report(FutureTask.java:122)
	at java.util.concurrent.FutureTask.get(FutureTask.java:192)
	at org.apache.ratis.server.impl.LeaderElection.waitForResults(LeaderElection.java:259)
	at org.apache.ratis.server.impl.LeaderElection.askForVotes(LeaderElection.java:197)
	at org.apache.ratis.server.impl.LeaderElection.run(LeaderElection.java:133)
	at java.lang.Thread.run(Thread.java:748)
Caused by: org.apache.ratis.thirdparty.io.grpc.StatusRuntimeException: UNAVAILABLE: io exception
	at org.apache.ratis.thirdparty.io.grpc.stub.ClientCalls.toStatusRuntimeException(ClientCalls.java:233)
	at org.apache.ratis.thirdparty.io.grpc.stub.ClientCalls.getUnchecked(ClientCalls.java:214)
	at org.apache.ratis.thirdparty.io.grpc.stub.ClientCalls.blockingUnaryCall(ClientCalls.java:139)
	at org.apache.ratis.proto.grpc.RaftServerProtocolServiceGrpc$RaftServerProtocolServiceBlockingStub.requestVote(RaftServerProtocolServiceGrpc.java:265)
	at org.apache.ratis.grpc.server.GrpcServerProtocolClient.requestVote(GrpcServerProtocolClient.java:99)
	at org.apache.ratis.grpc.server.GrpcService.requestVote(GrpcService.java:204)
	at org.apache.ratis.server.impl.LeaderElection.lambda$submitRequests$1(LeaderElection.java:234)
	at java.util.concurrent.FutureTask.run(FutureTask.java:266)
	at java.util.concurrent.Executors$RunnableAdapter.call(Executors.java:511)
	at java.util.concurrent.FutureTask.run(FutureTask.java:266)
	at java.util.concurrent.ThreadPoolExecutor.runWorker(ThreadPoolExecutor.java:1149)
	at java.util.concurrent.ThreadPoolExecutor$Worker.run(ThreadPoolExecutor.java:624)
	... 1 more
Caused by: org.apache.ratis.thirdparty.io.netty.channel.AbstractChannel$AnnotatedConnectException: Connection refused: /192.168.5.142:35459
	at sun.nio.ch.SocketChannelImpl.checkConnect(Native Method)
	at sun.nio.ch.SocketChannelImpl.finishConnect(SocketChannelImpl.java:717)
	at org.apache.ratis.thirdparty.io.netty.channel.socket.nio.NioSocketChannel.doFinishConnect(NioSocketChannel.java:327)
	at org.apache.ratis.thirdparty.io.netty.channel.nio.AbstractNioChannel$AbstractNioUnsafe.finishConnect(AbstractNioChannel.java:340)
	at org.apache.ratis.thirdparty.io.netty.channel.nio.NioEventLoop.processSelectedKey(NioEventLoop.java:632)
	at org.apache.ratis.thirdparty.io.netty.channel.nio.NioEventLoop.processSelectedKeysOptimized(NioEventLoop.java:579)
	at org.apache.ratis.thirdparty.io.netty.channel.nio.NioEventLoop.processSelectedKeys(NioEventLoop.java:496)
	at org.apache.ratis.thirdparty.io.netty.channel.nio.NioEventLoop.run(NioEventLoop.java:458)
	at org.apache.ratis.thirdparty.io.netty.util.concurrent.SingleThreadEventExecutor$5.run(SingleThreadEventExecutor.java:897)
	at org.apache.ratis.thirdparty.io.netty.util.concurrent.FastThreadLocalRunnable.run(FastThreadLocalRunnable.java:30)
	... 1 more
Caused by: java.net.ConnectException: Connection refused
	... 11 more
2019-10-04 14:12:36,811 [73904e97-0e50-4891-911f-6658a7908ac5@group-80C458CA4EC6-LeaderElection24] INFO  impl.LeaderElection (LogUtils.java:infoOrTrace(149)) -   Exception 1: {}
java.util.concurrent.ExecutionException: org.apache.ratis.thirdparty.io.grpc.StatusRuntimeException: UNAVAILABLE: io exception
	at java.util.concurrent.FutureTask.report(FutureTask.java:122)
	at java.util.concurrent.FutureTask.get(FutureTask.java:192)
	at org.apache.ratis.server.impl.LeaderElection.waitForResults(LeaderElection.java:259)
	at org.apache.ratis.server.impl.LeaderElection.askForVotes(LeaderElection.java:197)
	at org.apache.ratis.server.impl.LeaderElection.run(LeaderElection.java:133)
	at java.lang.Thread.run(Thread.java:748)
Caused by: org.apache.ratis.thirdparty.io.grpc.StatusRuntimeException: UNAVAILABLE: io exception
	at org.apache.ratis.thirdparty.io.grpc.stub.ClientCalls.toStatusRuntimeException(ClientCalls.java:233)
	at org.apache.ratis.thirdparty.io.grpc.stub.ClientCalls.getUnchecked(ClientCalls.java:214)
	at org.apache.ratis.thirdparty.io.grpc.stub.ClientCalls.blockingUnaryCall(ClientCalls.java:139)
	at org.apache.ratis.proto.grpc.RaftServerProtocolServiceGrpc$RaftServerProtocolServiceBlockingStub.requestVote(RaftServerProtocolServiceGrpc.java:265)
	at org.apache.ratis.grpc.server.GrpcServerProtocolClient.requestVote(GrpcServerProtocolClient.java:99)
	at org.apache.ratis.grpc.server.GrpcService.requestVote(GrpcService.java:204)
	at org.apache.ratis.server.impl.LeaderElection.lambda$submitRequests$1(LeaderElection.java:234)
	at java.util.concurrent.FutureTask.run(FutureTask.java:266)
	at java.util.concurrent.Executors$RunnableAdapter.call(Executors.java:511)
	at java.util.concurrent.FutureTask.run(FutureTask.java:266)
	at java.util.concurrent.ThreadPoolExecutor.runWorker(ThreadPoolExecutor.java:1149)
	at java.util.concurrent.ThreadPoolExecutor$Worker.run(ThreadPoolExecutor.java:624)
	... 1 more
Caused by: org.apache.ratis.thirdparty.io.netty.channel.AbstractChannel$AnnotatedConnectException: Connection refused: /192.168.5.142:40015
	at sun.nio.ch.SocketChannelImpl.checkConnect(Native Method)
	at sun.nio.ch.SocketChannelImpl.finishConnect(SocketChannelImpl.java:717)
	at org.apache.ratis.thirdparty.io.netty.channel.socket.nio.NioSocketChannel.doFinishConnect(NioSocketChannel.java:327)
	at org.apache.ratis.thirdparty.io.netty.channel.nio.AbstractNioChannel$AbstractNioUnsafe.finishConnect(AbstractNioChannel.java:340)
	at org.apache.ratis.thirdparty.io.netty.channel.nio.NioEventLoop.processSelectedKey(NioEventLoop.java:632)
	at org.apache.ratis.thirdparty.io.netty.channel.nio.NioEventLoop.processSelectedKeysOptimized(NioEventLoop.java:579)
	at org.apache.ratis.thirdparty.io.netty.channel.nio.NioEventLoop.processSelectedKeys(NioEventLoop.java:496)
	at org.apache.ratis.thirdparty.io.netty.channel.nio.NioEventLoop.run(NioEventLoop.java:458)
	at org.apache.ratis.thirdparty.io.netty.util.concurrent.SingleThreadEventExecutor$5.run(SingleThreadEventExecutor.java:897)
	at org.apache.ratis.thirdparty.io.netty.util.concurrent.FastThreadLocalRunnable.run(FastThreadLocalRunnable.java:30)
	... 1 more
Caused by: java.net.ConnectException: Connection refused
	... 11 more
2019-10-04 14:12:36,812 [73904e97-0e50-4891-911f-6658a7908ac5@group-80C458CA4EC6-LeaderElection24] INFO  impl.RaftServerImpl (RaftServerImpl.java:setRole(170)) - 73904e97-0e50-4891-911f-6658a7908ac5@group-80C458CA4EC6: changes role from CANDIDATE to FOLLOWER at term 2 for DISCOVERED_A_NEW_TERM
2019-10-04 14:12:36,812 [73904e97-0e50-4891-911f-6658a7908ac5@group-80C458CA4EC6-LeaderElection24] INFO  impl.RoleInfo (RoleInfo.java:shutdownLeaderElection(134)) - 73904e97-0e50-4891-911f-6658a7908ac5: shutdown LeaderElection
2019-10-04 14:12:36,812 [73904e97-0e50-4891-911f-6658a7908ac5@group-80C458CA4EC6-LeaderElection24] INFO  impl.RoleInfo (RoleInfo.java:updateAndGet(143)) - 73904e97-0e50-4891-911f-6658a7908ac5: start FollowerState
2019-10-04 14:12:37,586 [main] INFO  ozoneimpl.OzoneContainer (OzoneContainer.java:stop(231)) - Attempting to stop container services.
2019-10-04 14:12:37,592 [main] INFO  impl.RaftServerProxy (RaftServerProxy.java:lambda$close$4(314)) - 73904e97-0e50-4891-911f-6658a7908ac5: close
2019-10-04 14:12:37,592 [main] INFO  impl.RaftServerImpl (RaftServerImpl.java:lambda$shutdown$3(247)) - 73904e97-0e50-4891-911f-6658a7908ac5@group-80C458CA4EC6: shutdown
2019-10-04 14:12:37,593 [main] INFO  util.JmxRegister (JmxRegister.java:unregister(73)) - Successfully un-registered JMX Bean with object name Ratis:service=RaftServer,group=group-80C458CA4EC6,id=73904e97-0e50-4891-911f-6658a7908ac5
2019-10-04 14:12:37,594 [main] INFO  impl.RoleInfo (RoleInfo.java:shutdownFollowerState(121)) - 73904e97-0e50-4891-911f-6658a7908ac5: shutdown FollowerState
2019-10-04 14:12:37,594 [main] INFO  impl.StateMachineUpdater (StateMachineUpdater.java:stopAndJoin(136)) - 73904e97-0e50-4891-911f-6658a7908ac5@group-80C458CA4EC6-StateMachineUpdater: set stopIndex = 0
2019-10-04 14:12:37,595 [Thread-1344] INFO  impl.FollowerState (FollowerState.java:run(117)) - 73904e97-0e50-4891-911f-6658a7908ac5@group-80C458CA4EC6-FollowerState was interrupted: java.lang.InterruptedException: sleep interrupted
2019-10-04 14:12:37,598 [main] INFO  impl.RaftServerImpl (ServerState.java:close(387)) - 73904e97-0e50-4891-911f-6658a7908ac5@group-80C458CA4EC6: closes. applyIndex: 0
2019-10-04 14:12:37,598 [73904e97-0e50-4891-911f-6658a7908ac5@group-80C458CA4EC6-SegmentedRaftLogWorker] INFO  segmented.SegmentedRaftLogWorker (SegmentedRaftLogWorker.java:run(316)) - 73904e97-0e50-4891-911f-6658a7908ac5@group-80C458CA4EC6-SegmentedRaftLogWorker was interrupted, exiting. There are 0 tasks remaining in the queue.
2019-10-04 14:12:37,600 [main] INFO  segmented.SegmentedRaftLogWorker (SegmentedRaftLogWorker.java:close(224)) - 73904e97-0e50-4891-911f-6658a7908ac5@group-80C458CA4EC6-SegmentedRaftLogWorker close()
2019-10-04 14:12:37,603 [main] INFO  impl.RaftServerImpl (RaftServerImpl.java:lambda$shutdown$3(247)) - 73904e97-0e50-4891-911f-6658a7908ac5@group-63C636DAADB3: shutdown
2019-10-04 14:12:37,603 [main] INFO  util.JmxRegister (JmxRegister.java:unregister(73)) - Successfully un-registered JMX Bean with object name Ratis:service=RaftServer,group=group-63C636DAADB3,id=73904e97-0e50-4891-911f-6658a7908ac5
2019-10-04 14:12:37,603 [main] INFO  impl.RoleInfo (RoleInfo.java:shutdownLeaderState(104)) - 73904e97-0e50-4891-911f-6658a7908ac5: shutdown LeaderState
2019-10-04 14:12:37,604 [main] INFO  impl.PendingRequests (PendingRequests.java:sendNotLeaderResponses(202)) - 73904e97-0e50-4891-911f-6658a7908ac5@group-63C636DAADB3-PendingRequests: sendNotLeaderResponses
2019-10-04 14:12:37,605 [main] INFO  impl.StateMachineUpdater (StateMachineUpdater.java:stopAndJoin(136)) - 73904e97-0e50-4891-911f-6658a7908ac5@group-63C636DAADB3-StateMachineUpdater: set stopIndex = 0
2019-10-04 14:12:37,605 [main] INFO  impl.RaftServerImpl (ServerState.java:close(387)) - 73904e97-0e50-4891-911f-6658a7908ac5@group-63C636DAADB3: closes. applyIndex: 0
2019-10-04 14:12:37,606 [73904e97-0e50-4891-911f-6658a7908ac5@group-63C636DAADB3-SegmentedRaftLogWorker] INFO  segmented.SegmentedRaftLogWorker (SegmentedRaftLogWorker.java:run(316)) - 73904e97-0e50-4891-911f-6658a7908ac5@group-63C636DAADB3-SegmentedRaftLogWorker was interrupted, exiting. There are 0 tasks remaining in the queue.
2019-10-04 14:12:37,608 [main] INFO  segmented.SegmentedRaftLogWorker (SegmentedRaftLogWorker.java:close(224)) - 73904e97-0e50-4891-911f-6658a7908ac5@group-63C636DAADB3-SegmentedRaftLogWorker close()
2019-10-04 14:12:37,618 [main] INFO  server.GrpcService (GrpcService.java:closeImpl(164)) - 73904e97-0e50-4891-911f-6658a7908ac5: shutdown server with port 39528 now
2019-10-04 14:12:37,618 [ForkJoinPool.commonPool-worker-1] INFO  ozoneimpl.OzoneContainer (OzoneContainer.java:stop(231)) - Attempting to stop container services.
2019-10-04 14:12:37,619 [main] INFO  server.GrpcService (GrpcService.java:closeImpl(172)) - 73904e97-0e50-4891-911f-6658a7908ac5: shutdown server with port 39528 successfully
2019-10-04 14:12:37,619 [ForkJoinPool.commonPool-worker-1] INFO  impl.RaftServerProxy (RaftServerProxy.java:lambda$close$4(314)) - afdeb2fb-212d-4377-bced-2343a81b5b39: close
2019-10-04 14:12:37,620 [ForkJoinPool.commonPool-worker-1] INFO  impl.RaftServerImpl (RaftServerImpl.java:lambda$shutdown$3(247)) - afdeb2fb-212d-4377-bced-2343a81b5b39@group-67854829B401: shutdown
2019-10-04 14:12:37,620 [ForkJoinPool.commonPool-worker-1] INFO  util.JmxRegister (JmxRegister.java:unregister(73)) - Successfully un-registered JMX Bean with object name Ratis:service=RaftServer,group=group-67854829B401,id=afdeb2fb-212d-4377-bced-2343a81b5b39
2019-10-04 14:12:37,621 [ForkJoinPool.commonPool-worker-1] INFO  impl.RoleInfo (RoleInfo.java:shutdownLeaderState(104)) - afdeb2fb-212d-4377-bced-2343a81b5b39: shutdown LeaderState
2019-10-04 14:12:37,621 [ForkJoinPool.commonPool-worker-1] INFO  impl.PendingRequests (PendingRequests.java:sendNotLeaderResponses(202)) - afdeb2fb-212d-4377-bced-2343a81b5b39@group-67854829B401-PendingRequests: sendNotLeaderResponses
2019-10-04 14:12:37,622 [ForkJoinPool.commonPool-worker-1] INFO  impl.StateMachineUpdater (StateMachineUpdater.java:stopAndJoin(136)) - afdeb2fb-212d-4377-bced-2343a81b5b39@group-67854829B401-StateMachineUpdater: set stopIndex = 0
2019-10-04 14:12:37,622 [ForkJoinPool.commonPool-worker-1] INFO  impl.RaftServerImpl (ServerState.java:close(387)) - afdeb2fb-212d-4377-bced-2343a81b5b39@group-67854829B401: closes. applyIndex: 0
2019-10-04 14:12:37,623 [afdeb2fb-212d-4377-bced-2343a81b5b39@group-67854829B401-SegmentedRaftLogWorker] INFO  segmented.SegmentedRaftLogWorker (SegmentedRaftLogWorker.java:run(316)) - afdeb2fb-212d-4377-bced-2343a81b5b39@group-67854829B401-SegmentedRaftLogWorker was interrupted, exiting. There are 0 tasks remaining in the queue.
2019-10-04 14:12:37,623 [ForkJoinPool.commonPool-worker-1] INFO  segmented.SegmentedRaftLogWorker (SegmentedRaftLogWorker.java:close(224)) - afdeb2fb-212d-4377-bced-2343a81b5b39@group-67854829B401-SegmentedRaftLogWorker close()
2019-10-04 14:12:37,624 [ForkJoinPool.commonPool-worker-1] INFO  impl.RaftServerImpl (RaftServerImpl.java:lambda$shutdown$3(247)) - afdeb2fb-212d-4377-bced-2343a81b5b39@group-F9806A76D640: shutdown
2019-10-04 14:12:37,624 [ForkJoinPool.commonPool-worker-1] INFO  util.JmxRegister (JmxRegister.java:unregister(73)) - Successfully un-registered JMX Bean with object name Ratis:service=RaftServer,group=group-F9806A76D640,id=afdeb2fb-212d-4377-bced-2343a81b5b39
2019-10-04 14:12:37,625 [ForkJoinPool.commonPool-worker-1] INFO  impl.RoleInfo (RoleInfo.java:shutdownFollowerState(121)) - afdeb2fb-212d-4377-bced-2343a81b5b39: shutdown FollowerState
2019-10-04 14:12:37,625 [ForkJoinPool.commonPool-worker-1] INFO  impl.StateMachineUpdater (StateMachineUpdater.java:stopAndJoin(136)) - afdeb2fb-212d-4377-bced-2343a81b5b39@group-F9806A76D640-StateMachineUpdater: set stopIndex = 8
2019-10-04 14:12:37,626 [afdeb2fb-212d-4377-bced-2343a81b5b39@group-F9806A76D640-StateMachineUpdater] INFO  ratis.ContainerStateMachine (ContainerStateMachine.java:takeSnapshot(293)) - group-F9806A76D640: Taking a snapshot at:(t:1, i:6) file /workdir/hadoop-ozone/integration-test/target/test-dir/MiniOzoneClusterImpl-049a3f56-5af9-4c3e-af4b-63e3eda3ba33/datanode-0/data/ratis/6e34ad7a-993b-4d57-8e4b-f9806a76d640/sm/snapshot.1_6
2019-10-04 14:12:37,626 [Thread-1340] INFO  impl.FollowerState (FollowerState.java:run(117)) - afdeb2fb-212d-4377-bced-2343a81b5b39@group-F9806A76D640-FollowerState was interrupted: java.lang.InterruptedException: sleep interrupted
2019-10-04 14:12:37,628 [refreshUsed-/workdir/hadoop-ozone/integration-test/target/test-dir/MiniOzoneClusterImpl-049a3f56-5af9-4c3e-af4b-63e3eda3ba33/datanode-6/data/containers] WARN  fs.CachingGetSpaceUsed (CachingGetSpaceUsed.java:run(183)) - Thread Interrupted waiting to refresh disk information: sleep interrupted
2019-10-04 14:12:37,644 [main] INFO  utils.BackgroundService (BackgroundService.java:shutdown(148)) - Shutting down service BlockDeletingService
2019-10-04 14:12:37,648 [main] INFO  statemachine.DatanodeStateMachine (DatanodeStateMachine.java:stopDaemon(395)) - Ozone container server stopped.
2019-10-04 14:12:37,650 [main] INFO  handler.ContextHandler (ContextHandler.java:doStop(910)) - Stopped o.e.j.w.WebAppContext@3cd26422{/,null,UNAVAILABLE}{/hddsDatanode}
2019-10-04 14:12:37,651 [main] INFO  server.AbstractConnector (AbstractConnector.java:doStop(318)) - Stopped ServerConnector@2eda072{HTTP/1.1,[http/1.1]}{0.0.0.0:0}
2019-10-04 14:12:37,651 [main] INFO  handler.ContextHandler (ContextHandler.java:doStop(910)) - Stopped o.e.j.s.ServletContextHandler@4e224df5{/static,jar:file:/home/user/.m2/repository/org/apache/hadoop/hadoop-hdds-container-service/0.5.0-SNAPSHOT/hadoop-hdds-container-service-0.5.0-SNAPSHOT.jar!/webapps/static,UNAVAILABLE}
2019-10-04 14:12:37,652 [main] INFO  handler.ContextHandler (ContextHandler.java:doStop(910)) - Stopped o.e.j.s.ServletContextHandler@69909c14{/logs,file:///workdir/hadoop-ozone/integration-test/target/log,UNAVAILABLE}
2019-10-04 14:12:37,655 [afdeb2fb-212d-4377-bced-2343a81b5b39@group-F9806A76D640-StateMachineUpdater] INFO  ratis.ContainerStateMachine (ContainerStateMachine.java:takeSnapshot(304)) - group-F9806A76D640: Finished taking a snapshot at:(t:1, i:6) file:/workdir/hadoop-ozone/integration-test/target/test-dir/MiniOzoneClusterImpl-049a3f56-5af9-4c3e-af4b-63e3eda3ba33/datanode-0/data/ratis/6e34ad7a-993b-4d57-8e4b-f9806a76d640/sm/snapshot.1_6 time:30
2019-10-04 14:12:37,656 [afdeb2fb-212d-4377-bced-2343a81b5b39@group-F9806A76D640-StateMachineUpdater] INFO  impl.StateMachineUpdater (StateMachineUpdater.java:takeSnapshot(269)) - afdeb2fb-212d-4377-bced-2343a81b5b39@group-F9806A76D640-StateMachineUpdater: Took a snapshot at index 6
2019-10-04 14:12:37,656 [afdeb2fb-212d-4377-bced-2343a81b5b39@group-F9806A76D640-StateMachineUpdater] INFO  impl.StateMachineUpdater (StateMachineUpdater.java:lambda$new$0(84)) - afdeb2fb-212d-4377-bced-2343a81b5b39@group-F9806A76D640-StateMachineUpdater: snapshotIndex: updateIncreasingly -1 -> 6
2019-10-04 14:12:37,657 [afdeb2fb-212d-4377-bced-2343a81b5b39@group-F9806A76D640-StateMachineUpdater] INFO  ratis.ContainerStateMachine (ContainerStateMachine.java:takeSnapshot(293)) - group-F9806A76D640: Taking a snapshot at:(t:1, i:6) file /workdir/hadoop-ozone/integration-test/target/test-dir/MiniOzoneClusterImpl-049a3f56-5af9-4c3e-af4b-63e3eda3ba33/datanode-0/data/ratis/6e34ad7a-993b-4d57-8e4b-f9806a76d640/sm/snapshot.1_6
2019-10-04 14:12:37,669 [afdeb2fb-212d-4377-bced-2343a81b5b39@group-F9806A76D640-StateMachineUpdater] INFO  ratis.ContainerStateMachine (ContainerStateMachine.java:takeSnapshot(304)) - group-F9806A76D640: Finished taking a snapshot at:(t:1, i:6) file:/workdir/hadoop-ozone/integration-test/target/test-dir/MiniOzoneClusterImpl-049a3f56-5af9-4c3e-af4b-63e3eda3ba33/datanode-0/data/ratis/6e34ad7a-993b-4d57-8e4b-f9806a76d640/sm/snapshot.1_6 time:13
2019-10-04 14:12:37,669 [afdeb2fb-212d-4377-bced-2343a81b5b39@group-F9806A76D640-StateMachineUpdater] INFO  impl.StateMachineUpdater (StateMachineUpdater.java:takeSnapshot(269)) - afdeb2fb-212d-4377-bced-2343a81b5b39@group-F9806A76D640-StateMachineUpdater: Took a snapshot at index 6
2019-10-04 14:12:37,669 [afdeb2fb-212d-4377-bced-2343a81b5b39@group-F9806A76D640-StateMachineUpdater] INFO  impl.StateMachineUpdater (StateMachineUpdater.java:lambda$new$0(84)) - afdeb2fb-212d-4377-bced-2343a81b5b39@group-F9806A76D640-StateMachineUpdater: snapshotIndex: updateIncreasingly 6 -> 6
2019-10-04 14:12:37,670 [ForkJoinPool.commonPool-worker-1] INFO  impl.RaftServerImpl (ServerState.java:close(387)) - afdeb2fb-212d-4377-bced-2343a81b5b39@group-F9806A76D640: closes. applyIndex: 8
2019-10-04 14:12:37,670 [afdeb2fb-212d-4377-bced-2343a81b5b39@group-F9806A76D640-SegmentedRaftLogWorker] INFO  segmented.SegmentedRaftLogWorker (SegmentedRaftLogWorker.java:run(316)) - afdeb2fb-212d-4377-bced-2343a81b5b39@group-F9806A76D640-SegmentedRaftLogWorker was interrupted, exiting. There are 0 tasks remaining in the queue.
2019-10-04 14:12:37,671 [ForkJoinPool.commonPool-worker-1] INFO  segmented.SegmentedRaftLogWorker (SegmentedRaftLogWorker.java:close(224)) - afdeb2fb-212d-4377-bced-2343a81b5b39@group-F9806A76D640-SegmentedRaftLogWorker close()
2019-10-04 14:12:37,671 [ForkJoinPool.commonPool-worker-1] INFO  server.GrpcService (GrpcService.java:closeImpl(164)) - afdeb2fb-212d-4377-bced-2343a81b5b39: shutdown server with port 37288 now
2019-10-04 14:12:37,673 [ForkJoinPool.commonPool-worker-1] INFO  server.GrpcService (GrpcService.java:closeImpl(172)) - afdeb2fb-212d-4377-bced-2343a81b5b39: shutdown server with port 37288 successfully
2019-10-04 14:12:37,674 [grpc-default-executor-1] WARN  client.GrpcClientProtocolService (LogUtils.java:warn(134)) - 51-OrderedRequestStreamObserver51: onError: org.apache.ratis.thirdparty.io.grpc.StatusRuntimeException: CANCELLED: cancelled before receiving half close
2019-10-04 14:12:37,675 [refreshUsed-/workdir/hadoop-ozone/integration-test/target/test-dir/MiniOzoneClusterImpl-049a3f56-5af9-4c3e-af4b-63e3eda3ba33/datanode-0/data/containers] WARN  fs.CachingGetSpaceUsed (CachingGetSpaceUsed.java:run(183)) - Thread Interrupted waiting to refresh disk information: sleep interrupted
2019-10-04 14:12:37,693 [ForkJoinPool.commonPool-worker-1] INFO  utils.BackgroundService (BackgroundService.java:shutdown(148)) - Shutting down service BlockDeletingService
2019-10-04 14:12:37,696 [ForkJoinPool.commonPool-worker-1] INFO  statemachine.DatanodeStateMachine (DatanodeStateMachine.java:stopDaemon(395)) - Ozone container server stopped.
2019-10-04 14:12:37,700 [ForkJoinPool.commonPool-worker-1] INFO  handler.ContextHandler (ContextHandler.java:doStop(910)) - Stopped o.e.j.w.WebAppContext@49469ffa{/,null,UNAVAILABLE}{/hddsDatanode}
2019-10-04 14:12:37,701 [ForkJoinPool.commonPool-worker-1] INFO  server.AbstractConnector (AbstractConnector.java:doStop(318)) - Stopped ServerConnector@4d9754a8{HTTP/1.1,[http/1.1]}{0.0.0.0:0}
2019-10-04 14:12:37,704 [ForkJoinPool.commonPool-worker-1] INFO  handler.ContextHandler (ContextHandler.java:doStop(910)) - Stopped o.e.j.s.ServletContextHandler@2577a95d{/static,jar:file:/home/user/.m2/repository/org/apache/hadoop/hadoop-hdds-container-service/0.5.0-SNAPSHOT/hadoop-hdds-container-service-0.5.0-SNAPSHOT.jar!/webapps/static,UNAVAILABLE}
2019-10-04 14:12:37,704 [ForkJoinPool.commonPool-worker-1] INFO  handler.ContextHandler (ContextHandler.java:doStop(910)) - Stopped o.e.j.s.ServletContextHandler@3238e2aa{/logs,file:///workdir/hadoop-ozone/integration-test/target/log,UNAVAILABLE}
2019-10-04 14:12:38,029 [Datanode State Machine Thread - 0] INFO  statemachine.DatanodeStateMachine (DatanodeStateMachine.java:lambda$startDaemon$0(350)) - Ozone container server started.
2019-10-04 14:12:42,655 [main] INFO  ozoneimpl.OzoneContainer (OzoneContainer.java:stop(231)) - Attempting to stop container services.
2019-10-04 14:12:42,658 [main] INFO  impl.RaftServerProxy (RaftServerProxy.java:lambda$close$4(314)) - c4ce4f89-6a2e-4714-b6f6-5862b6e58892: close
2019-10-04 14:12:42,659 [main] INFO  impl.RaftServerImpl (RaftServerImpl.java:lambda$shutdown$3(247)) - c4ce4f89-6a2e-4714-b6f6-5862b6e58892@group-38F2330D2324: shutdown
2019-10-04 14:12:42,660 [main] INFO  util.JmxRegister (JmxRegister.java:unregister(73)) - Successfully un-registered JMX Bean with object name Ratis:service=RaftServer,group=group-38F2330D2324,id=c4ce4f89-6a2e-4714-b6f6-5862b6e58892
2019-10-04 14:12:42,660 [main] INFO  impl.RoleInfo (RoleInfo.java:shutdownLeaderState(104)) - c4ce4f89-6a2e-4714-b6f6-5862b6e58892: shutdown LeaderState
2019-10-04 14:12:42,661 [main] INFO  impl.PendingRequests (PendingRequests.java:sendNotLeaderResponses(202)) - c4ce4f89-6a2e-4714-b6f6-5862b6e58892@group-38F2330D2324-PendingRequests: sendNotLeaderResponses
2019-10-04 14:12:42,662 [main] INFO  impl.StateMachineUpdater (StateMachineUpdater.java:stopAndJoin(136)) - c4ce4f89-6a2e-4714-b6f6-5862b6e58892@group-38F2330D2324-StateMachineUpdater: set stopIndex = 0
2019-10-04 14:12:42,663 [main] INFO  impl.RaftServerImpl (ServerState.java:close(387)) - c4ce4f89-6a2e-4714-b6f6-5862b6e58892@group-38F2330D2324: closes. applyIndex: 0
2019-10-04 14:12:42,664 [c4ce4f89-6a2e-4714-b6f6-5862b6e58892@group-38F2330D2324-SegmentedRaftLogWorker] INFO  segmented.SegmentedRaftLogWorker (SegmentedRaftLogWorker.java:run(316)) - c4ce4f89-6a2e-4714-b6f6-5862b6e58892@group-38F2330D2324-SegmentedRaftLogWorker was interrupted, exiting. There are 0 tasks remaining in the queue.
2019-10-04 14:12:42,665 [main] INFO  segmented.SegmentedRaftLogWorker (SegmentedRaftLogWorker.java:close(224)) - c4ce4f89-6a2e-4714-b6f6-5862b6e58892@group-38F2330D2324-SegmentedRaftLogWorker close()
2019-10-04 14:12:42,666 [main] INFO  server.GrpcService (GrpcService.java:closeImpl(164)) - c4ce4f89-6a2e-4714-b6f6-5862b6e58892: shutdown server with port 35265 now
2019-10-04 14:12:42,670 [main] INFO  server.GrpcService (GrpcService.java:closeImpl(172)) - c4ce4f89-6a2e-4714-b6f6-5862b6e58892: shutdown server with port 35265 successfully
2019-10-04 14:12:42,684 [refreshUsed-/workdir/hadoop-ozone/integration-test/target/test-dir/MiniOzoneClusterImpl-049a3f56-5af9-4c3e-af4b-63e3eda3ba33/datanode-5/data/containers] WARN  fs.CachingGetSpaceUsed (CachingGetSpaceUsed.java:run(183)) - Thread Interrupted waiting to refresh disk information: sleep interrupted
2019-10-04 14:12:42,704 [main] INFO  utils.BackgroundService (BackgroundService.java:shutdown(148)) - Shutting down service BlockDeletingService
2019-10-04 14:12:42,708 [main] INFO  statemachine.DatanodeStateMachine (DatanodeStateMachine.java:stopDaemon(395)) - Ozone container server stopped.
2019-10-04 14:12:42,721 [main] INFO  handler.ContextHandler (ContextHandler.java:doStop(910)) - Stopped o.e.j.w.WebAppContext@7ab1127c{/,null,UNAVAILABLE}{/hddsDatanode}
2019-10-04 14:12:42,722 [main] INFO  server.AbstractConnector (AbstractConnector.java:doStop(318)) - Stopped ServerConnector@6e60f18{HTTP/1.1,[http/1.1]}{0.0.0.0:0}
2019-10-04 14:12:42,723 [main] INFO  handler.ContextHandler (ContextHandler.java:doStop(910)) - Stopped o.e.j.s.ServletContextHandler@448b808a{/static,jar:file:/home/user/.m2/repository/org/apache/hadoop/hadoop-hdds-container-service/0.5.0-SNAPSHOT/hadoop-hdds-container-service-0.5.0-SNAPSHOT.jar!/webapps/static,UNAVAILABLE}
2019-10-04 14:12:42,723 [main] INFO  handler.ContextHandler (ContextHandler.java:doStop(910)) - Stopped o.e.j.s.ServletContextHandler@1da4b3f9{/logs,file:///workdir/hadoop-ozone/integration-test/target/log,UNAVAILABLE}
2019-10-04 14:12:42,725 [main] INFO  ozone.MiniOzoneClusterImpl (MiniOzoneClusterImpl.java:stopSCM(392)) - Stopping the StorageContainerManager
2019-10-04 14:12:42,725 [main] INFO  server.StorageContainerManager (StorageContainerManager.java:stop(808)) - Stopping Replication Manager Service.
2019-10-04 14:12:42,725 [main] INFO  container.ReplicationManager (ReplicationManager.java:stop(203)) - Stopping Replication Monitor Thread.
2019-10-04 14:12:42,725 [main] INFO  server.StorageContainerManager (StorageContainerManager.java:stop(815)) - Stopping Lease Manager of the command watchers
2019-10-04 14:12:42,725 [main] INFO  server.StorageContainerManager (StorageContainerManager.java:stop(822)) - Stopping datanode service RPC server
2019-10-04 14:12:42,726 [main] INFO  server.SCMDatanodeProtocolServer (SCMDatanodeProtocolServer.java:stop(346)) - Stopping the RPC server for DataNodes
2019-10-04 14:12:42,726 [main] INFO  ipc.Server (Server.java:stop(3082)) - Stopping server on 42200
2019-10-04 14:12:42,729 [IPC Server listener on 42200] INFO  ipc.Server (Server.java:run(1185)) - Stopping IPC Server listener on 42200
2019-10-04 14:12:42,729 [IPC Server Responder] INFO  ipc.Server (Server.java:run(1319)) - Stopping IPC Server Responder
2019-10-04 14:12:42,811 [SCM Heartbeat Processing Thread - 0] WARN  node.NodeStateManager (NodeStateManager.java:scheduleNextHealthCheck(646)) - Current Thread is interrupted, shutting down HB processing thread for Node Manager.
2019-10-04 14:12:42,812 [main] INFO  server.StorageContainerManager (StorageContainerManager.java:stop(830)) - Stopping block service RPC server
2019-10-04 14:12:42,812 [main] INFO  server.SCMBlockProtocolServer (SCMBlockProtocolServer.java:stop(155)) - Stopping the RPC server for Block Protocol
2019-10-04 14:12:42,812 [main] INFO  ipc.Server (Server.java:stop(3082)) - Stopping server on 33124
2019-10-04 14:12:42,814 [IPC Server listener on 33124] INFO  ipc.Server (Server.java:run(1185)) - Stopping IPC Server listener on 33124
2019-10-04 14:12:42,814 [main] INFO  server.StorageContainerManager (StorageContainerManager.java:stop(837)) - Stopping the StorageContainerLocationProtocol RPC server
2019-10-04 14:12:42,815 [IPC Server Responder] INFO  ipc.Server (Server.java:run(1319)) - Stopping IPC Server Responder
2019-10-04 14:12:42,816 [main] INFO  server.SCMClientProtocolServer (SCMClientProtocolServer.java:stop(168)) - Stopping the RPC server for Client Protocol
2019-10-04 14:12:42,817 [main] INFO  ipc.Server (Server.java:stop(3082)) - Stopping server on 43330
2019-10-04 14:12:42,819 [IPC Server listener on 43330] INFO  ipc.Server (Server.java:run(1185)) - Stopping IPC Server listener on 43330
2019-10-04 14:12:42,819 [main] INFO  server.StorageContainerManager (StorageContainerManager.java:stop(844)) - Stopping Storage Container Manager HTTP server.
2019-10-04 14:12:42,819 [IPC Server Responder] INFO  ipc.Server (Server.java:run(1319)) - Stopping IPC Server Responder
2019-10-04 14:12:42,821 [main] INFO  handler.ContextHandler (ContextHandler.java:doStop(910)) - Stopped o.e.j.w.WebAppContext@518ddd3b{/,null,UNAVAILABLE}{/scm}
2019-10-04 14:12:42,821 [main] INFO  server.AbstractConnector (AbstractConnector.java:doStop(318)) - Stopped ServerConnector@939ff41{HTTP/1.1,[http/1.1]}{0.0.0.0:0}
2019-10-04 14:12:42,822 [main] INFO  handler.ContextHandler (ContextHandler.java:doStop(910)) - Stopped o.e.j.s.ServletContextHandler@19a20bb2{/static,file:///workdir/hadoop-ozone/integration-test/target/test-classes/webapps/static,UNAVAILABLE}
2019-10-04 14:12:42,822 [main] INFO  handler.ContextHandler (ContextHandler.java:doStop(910)) - Stopped o.e.j.s.ServletContextHandler@52a33c3f{/logs,file:///workdir/hadoop-ozone/integration-test/target/log,UNAVAILABLE}
2019-10-04 14:12:42,823 [main] INFO  server.StorageContainerManager (StorageContainerManager.java:stop(855)) - Stopping Block Manager Service.
2019-10-04 14:12:42,824 [main] INFO  utils.BackgroundService (BackgroundService.java:shutdown(148)) - Shutting down service SCMBlockDeletingService
2019-10-04 14:12:42,824 [main] INFO  utils.BackgroundService (BackgroundService.java:shutdown(148)) - Shutting down service SCMBlockDeletingService
2019-10-04 14:12:42,825 [main] INFO  server.StorageContainerManager (StorageContainerManager.java:stop(877)) - Stopping SCM Event Queue.
2019-10-04 14:12:42,830 [main] INFO  impl.MetricsSystemImpl (MetricsSystemImpl.java:stop(210)) - Stopping HddsDatanode metrics system...
2019-10-04 14:12:42,848 [main] INFO  impl.MetricsSystemImpl (MetricsSystemImpl.java:stop(216)) - HddsDatanode metrics system stopped.
]]></system-out>
    <system-err><![CDATA[Oct 04, 2019 2:12:27 PM org.apache.ratis.thirdparty.io.grpc.internal.SerializingExecutor run
SEVERE: Exception while executing runnable org.apache.ratis.thirdparty.io.grpc.internal.ServerImpl$JumpToApplicationThreadServerStreamListener$1Closed@661b1cc4
org.apache.ratis.thirdparty.io.grpc.StatusRuntimeException: CANCELLED: call already cancelled
	at org.apache.ratis.thirdparty.io.grpc.Status.asRuntimeException(Status.java:517)
	at org.apache.ratis.thirdparty.io.grpc.stub.ServerCalls$ServerCallStreamObserverImpl.onCompleted(ServerCalls.java:356)
	at org.apache.ratis.grpc.server.GrpcServerProtocolService$ServerRequestStreamObserver.onError(GrpcServerProtocolService.java:121)
	at org.apache.ratis.thirdparty.io.grpc.stub.ServerCalls$StreamingServerCallHandler$StreamingServerCallListener.onCancel(ServerCalls.java:269)
	at org.apache.ratis.thirdparty.io.grpc.internal.ServerCallImpl$ServerStreamListenerImpl.closed(ServerCallImpl.java:293)
	at org.apache.ratis.thirdparty.io.grpc.internal.ServerImpl$JumpToApplicationThreadServerStreamListener$1Closed.runInContext(ServerImpl.java:741)
	at org.apache.ratis.thirdparty.io.grpc.internal.ContextRunnable.run(ContextRunnable.java:37)
	at org.apache.ratis.thirdparty.io.grpc.internal.SerializingExecutor.run(SerializingExecutor.java:123)
	at java.util.concurrent.ThreadPoolExecutor.runWorker(ThreadPoolExecutor.java:1149)
	at java.util.concurrent.ThreadPoolExecutor$Worker.run(ThreadPoolExecutor.java:624)
	at java.lang.Thread.run(Thread.java:748)

]]></system-err>
  </testcase>
</testsuite>