<?xml version="1.0" encoding="UTF-8"?>
<testsuite xmlns:xsi="http://www.w3.org/2001/XMLSchema-instance" xsi:noNamespaceSchemaLocation="https://maven.apache.org/surefire/maven-surefire-plugin/xsd/surefire-test-report.xsd" name="org.apache.hadoop.ozone.client.rpc.TestBlockOutputStreamWithFailures" time="766.711" tests="8" errors="0" skipped="0" failures="1">
  <properties>
    <property name="awt.toolkit" value="sun.awt.X11.XToolkit"/>
    <property name="file.encoding.pkg" value="sun.io"/>
    <property name="java.specification.version" value="1.8"/>
    <property name="sun.cpu.isalist" value=""/>
    <property name="sun.jnu.encoding" value="UTF-8"/>
    <property name="java.class.path" value="/workdir/hadoop-ozone/integration-test/target/test-classes:/workdir/hadoop-ozone/integration-test/target/classes:/home/user/.m2/repository/org/apache/hadoop/hadoop-ozone-common/0.5.0-SNAPSHOT/hadoop-ozone-common-0.5.0-SNAPSHOT.jar:/home/user/.m2/repository/org/apache/commons/commons-compress/1.4.1/commons-compress-1.4.1.jar:/home/user/.m2/repository/org/tukaani/xz/1.0/xz-1.0.jar:/home/user/.m2/repository/org/apache/hadoop/hadoop-common/3.2.0/hadoop-common-3.2.0.jar:/home/user/.m2/repository/org/apache/hadoop/hadoop-hdfs/3.2.0/hadoop-hdfs-3.2.0.jar:/home/user/.m2/repository/org/apache/hadoop/hadoop-hdfs-client/3.2.0/hadoop-hdfs-client-3.2.0.jar:/home/user/.m2/repository/com/fasterxml/jackson/core/jackson-annotations/2.9.9/jackson-annotations-2.9.9.jar:/home/user/.m2/repository/org/apache/hadoop/hadoop-hdds-common/0.5.0-SNAPSHOT/hadoop-hdds-common-0.5.0-SNAPSHOT.jar:/home/user/.m2/repository/javax/annotation/javax.annotation-api/1.2/javax.annotation-api-1.2.jar:/home/user/.m2/repository/org/apache/ratis/ratis-server/0.5.0-201fc85-SNAPSHOT/ratis-server-0.5.0-201fc85-SNAPSHOT.jar:/home/user/.m2/repository/org/apache/ratis/ratis-thirdparty-misc/0.2.0/ratis-thirdparty-misc-0.2.0.jar:/home/user/.m2/repository/org/apache/ratis/ratis-proto/0.5.0-201fc85-SNAPSHOT/ratis-proto-0.5.0-201fc85-SNAPSHOT.jar:/home/user/.m2/repository/org/apache/ratis/ratis-common/0.5.0-201fc85-SNAPSHOT/ratis-common-0.5.0-201fc85-SNAPSHOT.jar:/home/user/.m2/repository/org/apache/ratis/ratis-client/0.5.0-201fc85-SNAPSHOT/ratis-client-0.5.0-201fc85-SNAPSHOT.jar:/home/user/.m2/repository/org/apache/ratis/ratis-metrics/0.5.0-201fc85-SNAPSHOT/ratis-metrics-0.5.0-201fc85-SNAPSHOT.jar:/home/user/.m2/repository/com/github/joshelser/dropwizard-metrics-hadoop-metrics2-reporter/0.1.2/dropwizard-metrics-hadoop-metrics2-reporter-0.1.2.jar:/home/user/.m2/repository/io/dropwizard/metrics/metrics-jvm/3.2.5/metrics-jvm-3.2.5.jar:/home/user/.m2/repository/io/dropwizard/metrics/metrics-ganglia/3.2.5/metrics-ganglia-3.2.5.jar:/home/user/.m2/repository/info/ganglia/gmetric4j/gmetric4j/1.0.7/gmetric4j-1.0.7.jar:/home/user/.m2/repository/org/apache/ratis/ratis-netty/0.5.0-201fc85-SNAPSHOT/ratis-netty-0.5.0-201fc85-SNAPSHOT.jar:/home/user/.m2/repository/org/apache/ratis/ratis-grpc/0.5.0-201fc85-SNAPSHOT/ratis-grpc-0.5.0-201fc85-SNAPSHOT.jar:/home/user/.m2/repository/org/rocksdb/rocksdbjni/6.0.1/rocksdbjni-6.0.1.jar:/home/user/.m2/repository/org/apache/logging/log4j/log4j-api/2.11.0/log4j-api-2.11.0.jar:/home/user/.m2/repository/org/apache/logging/log4j/log4j-core/2.11.0/log4j-core-2.11.0.jar:/home/user/.m2/repository/com/lmax/disruptor/3.4.2/disruptor-3.4.2.jar:/home/user/.m2/repository/org/apache/commons/commons-pool2/2.6.0/commons-pool2-2.6.0.jar:/home/user/.m2/repository/org/bouncycastle/bcpkix-jdk15on/1.60/bcpkix-jdk15on-1.60.jar:/home/user/.m2/repository/commons-validator/commons-validator/1.6/commons-validator-1.6.jar:/home/user/.m2/repository/commons-digester/commons-digester/1.8.1/commons-digester-1.8.1.jar:/home/user/.m2/repository/io/jaegertracing/jaeger-client/0.34.0/jaeger-client-0.34.0.jar:/home/user/.m2/repository/io/jaegertracing/jaeger-thrift/0.34.0/jaeger-thrift-0.34.0.jar:/home/user/.m2/repository/org/apache/thrift/libthrift/0.12.0/libthrift-0.12.0.jar:/home/user/.m2/repository/com/squareup/okhttp3/okhttp/3.9.0/okhttp-3.9.0.jar:/home/user/.m2/repository/com/squareup/okio/okio/1.13.0/okio-1.13.0.jar:/home/user/.m2/repository/io/jaegertracing/jaeger-core/0.34.0/jaeger-core-0.34.0.jar:/home/user/.m2/repository/io/jaegertracing/jaeger-tracerresolver/0.34.0/jaeger-tracerresolver-0.34.0.jar:/home/user/.m2/repository/io/opentracing/contrib/opentracing-tracerresolver/0.1.5/opentracing-tracerresolver-0.1.5.jar:/home/user/.m2/repository/io/opentracing/opentracing-util/0.31.0/opentracing-util-0.31.0.jar:/home/user/.m2/repository/io/opentracing/opentracing-api/0.31.0/opentracing-api-0.31.0.jar:/home/user/.m2/repository/io/opentracing/opentracing-noop/0.31.0/opentracing-noop-0.31.0.jar:/home/user/.m2/repository/org/apache/hadoop/hadoop-hdds-server-framework/0.5.0-SNAPSHOT/hadoop-hdds-server-framework-0.5.0-SNAPSHOT.jar:/home/user/.m2/repository/org/apache/hadoop/hadoop-hdds-container-service/0.5.0-SNAPSHOT/hadoop-hdds-container-service-0.5.0-SNAPSHOT.jar:/home/user/.m2/repository/org/apache/hadoop/hadoop-hdds-client/0.5.0-SNAPSHOT/hadoop-hdds-client-0.5.0-SNAPSHOT.jar:/home/user/.m2/repository/org/apache/hadoop/hadoop-hdds-tools/0.5.0-SNAPSHOT/hadoop-hdds-tools-0.5.0-SNAPSHOT.jar:/home/user/.m2/repository/org/apache/hadoop/hadoop-hdds-server-scm/0.5.0-SNAPSHOT/hadoop-hdds-server-scm-0.5.0-SNAPSHOT.jar:/home/user/.m2/repository/org/apache/hadoop/hadoop-hdds-docs/0.5.0-SNAPSHOT/hadoop-hdds-docs-0.5.0-SNAPSHOT.jar:/home/user/.m2/repository/io/dropwizard/metrics/metrics-core/3.2.4/metrics-core-3.2.4.jar:/home/user/.m2/repository/org/hamcrest/hamcrest-all/1.3/hamcrest-all-1.3.jar:/home/user/.m2/repository/org/bouncycastle/bcprov-jdk15on/1.60/bcprov-jdk15on-1.60.jar:/home/user/.m2/repository/info/picocli/picocli/3.9.6/picocli-3.9.6.jar:/home/user/.m2/repository/com/google/protobuf/protobuf-java/2.5.0/protobuf-java-2.5.0.jar:/home/user/.m2/repository/com/google/guava/guava/11.0.2/guava-11.0.2.jar:/home/user/.m2/repository/org/apache/hadoop/hadoop-ozone-ozone-manager/0.5.0-SNAPSHOT/hadoop-ozone-ozone-manager-0.5.0-SNAPSHOT.jar:/home/user/.m2/repository/org/apache/hadoop/hadoop-minikdc/3.2.0/hadoop-minikdc-3.2.0.jar:/home/user/.m2/repository/commons-io/commons-io/2.5/commons-io-2.5.jar:/home/user/.m2/repository/org/apache/kerby/kerb-simplekdc/1.0.1/kerb-simplekdc-1.0.1.jar:/home/user/.m2/repository/org/apache/kerby/kerb-client/1.0.1/kerb-client-1.0.1.jar:/home/user/.m2/repository/org/apache/kerby/kerby-config/1.0.1/kerby-config-1.0.1.jar:/home/user/.m2/repository/org/apache/kerby/kerb-core/1.0.1/kerb-core-1.0.1.jar:/home/user/.m2/repository/org/apache/kerby/kerby-pkix/1.0.1/kerby-pkix-1.0.1.jar:/home/user/.m2/repository/org/apache/kerby/kerby-asn1/1.0.1/kerby-asn1-1.0.1.jar:/home/user/.m2/repository/org/apache/kerby/kerby-util/1.0.1/kerby-util-1.0.1.jar:/home/user/.m2/repository/org/apache/kerby/kerb-common/1.0.1/kerb-common-1.0.1.jar:/home/user/.m2/repository/org/apache/kerby/kerb-crypto/1.0.1/kerb-crypto-1.0.1.jar:/home/user/.m2/repository/org/apache/kerby/kerb-util/1.0.1/kerb-util-1.0.1.jar:/home/user/.m2/repository/org/apache/kerby/token-provider/1.0.1/token-provider-1.0.1.jar:/home/user/.m2/repository/org/apache/kerby/kerb-admin/1.0.1/kerb-admin-1.0.1.jar:/home/user/.m2/repository/org/apache/kerby/kerb-server/1.0.1/kerb-server-1.0.1.jar:/home/user/.m2/repository/org/apache/kerby/kerb-identity/1.0.1/kerb-identity-1.0.1.jar:/home/user/.m2/repository/org/apache/kerby/kerby-xdr/1.0.1/kerby-xdr-1.0.1.jar:/home/user/.m2/repository/org/slf4j/slf4j-log4j12/1.7.25/slf4j-log4j12-1.7.25.jar:/home/user/.m2/repository/org/apache/hadoop/hadoop-ozone-s3gateway/0.5.0-SNAPSHOT/hadoop-ozone-s3gateway-0.5.0-SNAPSHOT.jar:/home/user/.m2/repository/org/jboss/weld/servlet/weld-servlet/2.4.7.Final/weld-servlet-2.4.7.Final.jar:/home/user/.m2/repository/org/glassfish/jersey/containers/jersey-container-servlet-core/2.27/jersey-container-servlet-core-2.27.jar:/home/user/.m2/repository/org/glassfish/hk2/external/javax.inject/2.5.0-b42/javax.inject-2.5.0-b42.jar:/home/user/.m2/repository/org/glassfish/jersey/core/jersey-common/2.27/jersey-common-2.27.jar:/home/user/.m2/repository/org/glassfish/hk2/osgi-resource-locator/1.0.1/osgi-resource-locator-1.0.1.jar:/home/user/.m2/repository/javax/ws/rs/javax.ws.rs-api/2.1/javax.ws.rs-api-2.1.jar:/home/user/.m2/repository/org/glassfish/jersey/ext/cdi/jersey-cdi1x/2.27/jersey-cdi1x-2.27.jar:/home/user/.m2/repository/org/glassfish/jersey/inject/jersey-hk2/2.27/jersey-hk2-2.27.jar:/home/user/.m2/repository/org/glassfish/hk2/hk2-locator/2.5.0-b42/hk2-locator-2.5.0-b42.jar:/home/user/.m2/repository/org/javassist/javassist/3.22.0-CR2/javassist-3.22.0-CR2.jar:/home/user/.m2/repository/org/glassfish/hk2/hk2-api/2.5.0/hk2-api-2.5.0.jar:/home/user/.m2/repository/org/glassfish/hk2/external/jakarta.inject/2.5.0/jakarta.inject-2.5.0.jar:/home/user/.m2/repository/org/glassfish/hk2/hk2-utils/2.5.0/hk2-utils-2.5.0.jar:/home/user/.m2/repository/jakarta/annotation/jakarta.annotation-api/1.3.4/jakarta.annotation-api-1.3.4.jar:/home/user/.m2/repository/org/glassfish/hk2/external/aopalliance-repackaged/2.5.0/aopalliance-repackaged-2.5.0.jar:/home/user/.m2/repository/com/fasterxml/jackson/dataformat/jackson-dataformat-xml/2.9.0/jackson-dataformat-xml-2.9.0.jar:/home/user/.m2/repository/com/fasterxml/jackson/core/jackson-core/2.9.9/jackson-core-2.9.9.jar:/home/user/.m2/repository/com/fasterxml/jackson/module/jackson-module-jaxb-annotations/2.9.9/jackson-module-jaxb-annotations-2.9.9.jar:/home/user/.m2/repository/javax/enterprise/cdi-api/1.2/cdi-api-1.2.jar:/home/user/.m2/repository/javax/el/javax.el-api/3.0.0/javax.el-api-3.0.0.jar:/home/user/.m2/repository/javax/interceptor/javax.interceptor-api/1.2/javax.interceptor-api-1.2.jar:/home/user/.m2/repository/javax/inject/javax.inject/1/javax.inject-1.jar:/home/user/.m2/repository/com/sun/xml/bind/jaxb-impl/2.3.0.1/jaxb-impl-2.3.0.1.jar:/home/user/.m2/repository/com/sun/xml/bind/jaxb-core/2.3.0.1/jaxb-core-2.3.0.1.jar:/home/user/.m2/repository/javax/xml/bind/jaxb-api/2.3.0/jaxb-api-2.3.0.jar:/home/user/.m2/repository/javax/activation/activation/1.1.1/activation-1.1.1.jar:/home/user/.m2/repository/org/apache/hadoop/hadoop-ozone-csi/0.5.0-SNAPSHOT/hadoop-ozone-csi-0.5.0-SNAPSHOT.jar:/home/user/.m2/repository/com/google/protobuf/protobuf-java-util/3.5.1/protobuf-java-util-3.5.1.jar:/home/user/.m2/repository/org/apache/hadoop/hadoop-hdds-config/0.5.0-SNAPSHOT/hadoop-hdds-config-0.5.0-SNAPSHOT.jar:/home/user/.m2/repository/io/grpc/grpc-netty/1.17.1/grpc-netty-1.17.1.jar:/home/user/.m2/repository/io/grpc/grpc-core/1.17.1/grpc-core-1.17.1.jar:/home/user/.m2/repository/io/grpc/grpc-context/1.17.1/grpc-context-1.17.1.jar:/home/user/.m2/repository/com/google/errorprone/error_prone_annotations/2.2.0/error_prone_annotations-2.2.0.jar:/home/user/.m2/repository/org/codehaus/mojo/animal-sniffer-annotations/1.17/animal-sniffer-annotations-1.17.jar:/home/user/.m2/repository/io/opencensus/opencensus-api/0.17.0/opencensus-api-0.17.0.jar:/home/user/.m2/repository/io/opencensus/opencensus-contrib-grpc-metrics/0.17.0/opencensus-contrib-grpc-metrics-0.17.0.jar:/home/user/.m2/repository/io/netty/netty-codec-http2/4.1.30.Final/netty-codec-http2-4.1.30.Final.jar:/home/user/.m2/repository/io/netty/netty-codec-http/4.1.30.Final/netty-codec-http-4.1.30.Final.jar:/home/user/.m2/repository/io/netty/netty-codec/4.1.30.Final/netty-codec-4.1.30.Final.jar:/home/user/.m2/repository/io/netty/netty-handler/4.1.30.Final/netty-handler-4.1.30.Final.jar:/home/user/.m2/repository/io/netty/netty-handler-proxy/4.1.30.Final/netty-handler-proxy-4.1.30.Final.jar:/home/user/.m2/repository/io/netty/netty-codec-socks/4.1.30.Final/netty-codec-socks-4.1.30.Final.jar:/home/user/.m2/repository/io/netty/netty-transport-native-epoll/4.1.30.Final/netty-transport-native-epoll-4.1.30.Final.jar:/home/user/.m2/repository/io/netty/netty-common/4.1.30.Final/netty-common-4.1.30.Final.jar:/home/user/.m2/repository/io/netty/netty-buffer/4.1.30.Final/netty-buffer-4.1.30.Final.jar:/home/user/.m2/repository/io/netty/netty-transport/4.1.30.Final/netty-transport-4.1.30.Final.jar:/home/user/.m2/repository/io/netty/netty-resolver/4.1.30.Final/netty-resolver-4.1.30.Final.jar:/home/user/.m2/repository/io/netty/netty-transport-native-unix-common/4.1.30.Final/netty-transport-native-unix-common-4.1.30.Final.jar:/home/user/.m2/repository/io/grpc/grpc-protobuf/1.17.1/grpc-protobuf-1.17.1.jar:/home/user/.m2/repository/com/google/api/grpc/proto-google-common-protos/1.0.0/proto-google-common-protos-1.0.0.jar:/home/user/.m2/repository/io/grpc/grpc-protobuf-lite/1.17.1/grpc-protobuf-lite-1.17.1.jar:/home/user/.m2/repository/io/grpc/grpc-stub/1.17.1/grpc-stub-1.17.1.jar:/home/user/.m2/repository/org/apache/hadoop/hadoop-ozone-recon/0.5.0-SNAPSHOT/hadoop-ozone-recon-0.5.0-SNAPSHOT.jar:/home/user/.m2/repository/org/apache/hadoop/hadoop-ozone-reconcodegen/0.5.0-SNAPSHOT/hadoop-ozone-reconcodegen-0.5.0-SNAPSHOT.jar:/home/user/.m2/repository/com/google/inject/extensions/guice-multibindings/4.0/guice-multibindings-4.0.jar:/home/user/.m2/repository/com/google/inject/guice/4.0/guice-4.0.jar:/home/user/.m2/repository/aopalliance/aopalliance/1.0/aopalliance-1.0.jar:/home/user/.m2/repository/com/google/inject/extensions/guice-servlet/4.0/guice-servlet-4.0.jar:/home/user/.m2/repository/org/glassfish/jersey/containers/jersey-container-servlet/2.27/jersey-container-servlet-2.27.jar:/home/user/.m2/repository/org/glassfish/hk2/guice-bridge/2.5.0/guice-bridge-2.5.0.jar:/home/user/.m2/repository/org/glassfish/jersey/core/jersey-server/2.27/jersey-server-2.27.jar:/home/user/.m2/repository/org/glassfish/jersey/core/jersey-client/2.27/jersey-client-2.27.jar:/home/user/.m2/repository/org/glassfish/jersey/media/jersey-media-jaxb/2.27/jersey-media-jaxb-2.27.jar:/home/user/.m2/repository/javax/validation/validation-api/1.1.0.Final/validation-api-1.1.0.Final.jar:/home/user/.m2/repository/org/glassfish/jersey/media/jersey-media-json-jackson/2.27/jersey-media-json-jackson-2.27.jar:/home/user/.m2/repository/org/glassfish/jersey/ext/jersey-entity-filtering/2.27/jersey-entity-filtering-2.27.jar:/home/user/.m2/repository/com/google/inject/extensions/guice-assistedinject/4.0/guice-assistedinject-4.0.jar:/home/user/.m2/repository/org/jooq/jooq/3.11.10/jooq-3.11.10.jar:/home/user/.m2/repository/org/jooq/jooq-meta/3.11.10/jooq-meta-3.11.10.jar:/home/user/.m2/repository/org/jooq/jooq-codegen/3.11.10/jooq-codegen-3.11.10.jar:/home/user/.m2/repository/com/jolbox/bonecp/0.8.0.RELEASE/bonecp-0.8.0.RELEASE.jar:/home/user/.m2/repository/org/xerial/sqlite-jdbc/3.25.2/sqlite-jdbc-3.25.2.jar:/home/user/.m2/repository/org/springframework/spring-jdbc/5.1.3.RELEASE/spring-jdbc-5.1.3.RELEASE.jar:/home/user/.m2/repository/org/springframework/spring-beans/5.1.3.RELEASE/spring-beans-5.1.3.RELEASE.jar:/home/user/.m2/repository/org/springframework/spring-core/5.1.3.RELEASE/spring-core-5.1.3.RELEASE.jar:/home/user/.m2/repository/org/springframework/spring-jcl/5.1.3.RELEASE/spring-jcl-5.1.3.RELEASE.jar:/home/user/.m2/repository/org/springframework/spring-tx/5.1.3.RELEASE/spring-tx-5.1.3.RELEASE.jar:/home/user/.m2/repository/org/apache/hadoop/hadoop-ozone-client/0.5.0-SNAPSHOT/hadoop-ozone-client-0.5.0-SNAPSHOT.jar:/home/user/.m2/repository/commons-lang/commons-lang/2.6/commons-lang-2.6.jar:/home/user/.m2/repository/org/apache/hadoop/hadoop-ozone-ozone-manager/0.5.0-SNAPSHOT/hadoop-ozone-ozone-manager-0.5.0-SNAPSHOT-tests.jar:/home/user/.m2/repository/junit/junit/4.11/junit-4.11.jar:/home/user/.m2/repository/org/hamcrest/hamcrest-core/1.3/hamcrest-core-1.3.jar:/home/user/.m2/repository/org/openjdk/jmh/jmh-core/1.19/jmh-core-1.19.jar:/home/user/.m2/repository/net/sf/jopt-simple/jopt-simple/4.6/jopt-simple-4.6.jar:/home/user/.m2/repository/org/apache/commons/commons-math3/3.1.1/commons-math3-3.1.1.jar:/home/user/.m2/repository/org/openjdk/jmh/jmh-generator-annprocess/1.19/jmh-generator-annprocess-1.19.jar:/home/user/.m2/repository/org/mockito/mockito-all/1.8.5/mockito-all-1.8.5.jar:/home/user/.m2/repository/org/apache/hadoop/hadoop-kms/3.2.0/hadoop-kms-3.2.0.jar:/home/user/.m2/repository/org/apache/hadoop/hadoop-auth/3.2.0/hadoop-auth-3.2.0.jar:/home/user/.m2/repository/com/nimbusds/nimbus-jose-jwt/4.41.1/nimbus-jose-jwt-4.41.1.jar:/home/user/.m2/repository/com/github/stephenc/jcip/jcip-annotations/1.0-1/jcip-annotations-1.0-1.jar:/home/user/.m2/repository/net/minidev/json-smart/2.3/json-smart-2.3.jar:/home/user/.m2/repository/net/minidev/accessors-smart/1.2/accessors-smart-1.2.jar:/home/user/.m2/repository/org/ow2/asm/asm/5.0.4/asm-5.0.4.jar:/home/user/.m2/repository/org/apache/curator/curator-framework/2.12.0/curator-framework-2.12.0.jar:/home/user/.m2/repository/com/sun/jersey/jersey-core/1.19/jersey-core-1.19.jar:/home/user/.m2/repository/javax/ws/rs/jsr311-api/1.1.1/jsr311-api-1.1.1.jar:/home/user/.m2/repository/com/sun/jersey/jersey-server/1.19/jersey-server-1.19.jar:/home/user/.m2/repository/javax/servlet/javax.servlet-api/3.1.0/javax.servlet-api-3.1.0.jar:/home/user/.m2/repository/org/eclipse/jetty/jetty-server/9.3.25.v20180904/jetty-server-9.3.25.v20180904.jar:/home/user/.m2/repository/org/eclipse/jetty/jetty-http/9.3.25.v20180904/jetty-http-9.3.25.v20180904.jar:/home/user/.m2/repository/org/eclipse/jetty/jetty-io/9.3.25.v20180904/jetty-io-9.3.25.v20180904.jar:/home/user/.m2/repository/org/eclipse/jetty/jetty-webapp/9.3.25.v20180904/jetty-webapp-9.3.25.v20180904.jar:/home/user/.m2/repository/org/eclipse/jetty/jetty-xml/9.3.25.v20180904/jetty-xml-9.3.25.v20180904.jar:/home/user/.m2/repository/log4j/log4j/1.2.17/log4j-1.2.17.jar:/home/user/.m2/repository/org/slf4j/slf4j-api/1.7.25/slf4j-api-1.7.25.jar:/home/user/.m2/repository/org/slf4j/jul-to-slf4j/1.7.25/jul-to-slf4j-1.7.25.jar:/home/user/.m2/repository/org/eclipse/jetty/jetty-util/9.3.25.v20180904/jetty-util-9.3.25.v20180904.jar:/home/user/.m2/repository/com/fasterxml/jackson/core/jackson-databind/2.9.9/jackson-databind-2.9.9.jar:/home/user/.m2/repository/org/apache/hadoop/hadoop-kms/3.2.0/hadoop-kms-3.2.0-tests.jar:/home/user/.m2/repository/org/apache/hadoop/hadoop-hdds-server-scm/0.5.0-SNAPSHOT/hadoop-hdds-server-scm-0.5.0-SNAPSHOT-tests.jar:/home/user/.m2/repository/org/apache/hadoop/hadoop-hdds-container-service/0.5.0-SNAPSHOT/hadoop-hdds-container-service-0.5.0-SNAPSHOT-tests.jar:/home/user/.m2/repository/org/yaml/snakeyaml/1.16/snakeyaml-1.16.jar:/home/user/.m2/repository/org/apache/hadoop/hadoop-common/3.2.0/hadoop-common-3.2.0-tests.jar:/home/user/.m2/repository/org/apache/hadoop/hadoop-annotations/3.2.0/hadoop-annotations-3.2.0.jar:/usr/lib/jvm/java-1.8-openjdk/jre/../lib/tools.jar:/home/user/.m2/repository/commons-cli/commons-cli/1.2/commons-cli-1.2.jar:/home/user/.m2/repository/org/apache/httpcomponents/httpclient/4.5.2/httpclient-4.5.2.jar:/home/user/.m2/repository/org/apache/httpcomponents/httpcore/4.4.4/httpcore-4.4.4.jar:/home/user/.m2/repository/commons-codec/commons-codec/1.11/commons-codec-1.11.jar:/home/user/.m2/repository/commons-net/commons-net/3.6/commons-net-3.6.jar:/home/user/.m2/repository/commons-collections/commons-collections/3.2.2/commons-collections-3.2.2.jar:/home/user/.m2/repository/org/eclipse/jetty/jetty-servlet/9.3.25.v20180904/jetty-servlet-9.3.25.v20180904.jar:/home/user/.m2/repository/org/eclipse/jetty/jetty-security/9.3.25.v20180904/jetty-security-9.3.25.v20180904.jar:/home/user/.m2/repository/javax/servlet/jsp/jsp-api/2.1/jsp-api-2.1.jar:/home/user/.m2/repository/com/sun/jersey/jersey-servlet/1.19/jersey-servlet-1.19.jar:/home/user/.m2/repository/com/sun/jersey/jersey-json/1.19/jersey-json-1.19.jar:/home/user/.m2/repository/org/codehaus/jettison/jettison/1.1/jettison-1.1.jar:/home/user/.m2/repository/org/codehaus/jackson/jackson-core-asl/1.9.13/jackson-core-asl-1.9.13.jar:/home/user/.m2/repository/org/codehaus/jackson/jackson-mapper-asl/1.9.13/jackson-mapper-asl-1.9.13.jar:/home/user/.m2/repository/org/codehaus/jackson/jackson-jaxrs/1.9.13/jackson-jaxrs-1.9.13.jar:/home/user/.m2/repository/org/codehaus/jackson/jackson-xc/1.9.13/jackson-xc-1.9.13.jar:/home/user/.m2/repository/commons-logging/commons-logging/1.1.3/commons-logging-1.1.3.jar:/home/user/.m2/repository/commons-beanutils/commons-beanutils/1.9.4/commons-beanutils-1.9.4.jar:/home/user/.m2/repository/org/apache/commons/commons-configuration2/2.1.1/commons-configuration2-2.1.1.jar:/home/user/.m2/repository/org/apache/commons/commons-lang3/3.7/commons-lang3-3.7.jar:/home/user/.m2/repository/org/apache/commons/commons-text/1.4/commons-text-1.4.jar:/home/user/.m2/repository/org/apache/avro/avro/1.7.7/avro-1.7.7.jar:/home/user/.m2/repository/com/thoughtworks/paranamer/paranamer/2.3/paranamer-2.3.jar:/home/user/.m2/repository/org/xerial/snappy/snappy-java/1.0.5/snappy-java-1.0.5.jar:/home/user/.m2/repository/com/google/re2j/re2j/1.1/re2j-1.1.jar:/home/user/.m2/repository/com/google/code/gson/gson/2.2.4/gson-2.2.4.jar:/home/user/.m2/repository/com/jcraft/jsch/0.1.54/jsch-0.1.54.jar:/home/user/.m2/repository/org/apache/curator/curator-client/2.12.0/curator-client-2.12.0.jar:/home/user/.m2/repository/org/apache/curator/curator-recipes/2.12.0/curator-recipes-2.12.0.jar:/home/user/.m2/repository/com/google/code/findbugs/jsr305/3.0.0/jsr305-3.0.0.jar:/home/user/.m2/repository/org/apache/htrace/htrace-core4/4.1.0-incubating/htrace-core4-4.1.0-incubating.jar:/home/user/.m2/repository/org/apache/zookeeper/zookeeper/3.4.13/zookeeper-3.4.13.jar:/home/user/.m2/repository/jline/jline/0.9.94/jline-0.9.94.jar:/home/user/.m2/repository/org/apache/yetus/audience-annotations/0.5.0/audience-annotations-0.5.0.jar:/home/user/.m2/repository/org/codehaus/woodstox/stax2-api/3.1.4/stax2-api-3.1.4.jar:/home/user/.m2/repository/com/fasterxml/woodstox/woodstox-core/5.0.3/woodstox-core-5.0.3.jar:/home/user/.m2/repository/dnsjava/dnsjava/2.1.7/dnsjava-2.1.7.jar:/home/user/.m2/repository/org/apache/hadoop/hadoop-hdfs/3.2.0/hadoop-hdfs-3.2.0-tests.jar:/home/user/.m2/repository/org/eclipse/jetty/jetty-util-ajax/9.3.25.v20180904/jetty-util-ajax-9.3.25.v20180904.jar:/home/user/.m2/repository/commons-daemon/commons-daemon/1.0.13/commons-daemon-1.0.13.jar:/home/user/.m2/repository/io/netty/netty/3.10.5.Final/netty-3.10.5.Final.jar:/home/user/.m2/repository/io/netty/netty-all/4.0.52.Final/netty-all-4.0.52.Final.jar:/home/user/.m2/repository/org/fusesource/leveldbjni/leveldbjni-all/1.8/leveldbjni-all-1.8.jar:"/>
    <property name="java.vm.vendor" value="IcedTea"/>
    <property name="sun.arch.data.model" value="64"/>
    <property name="test.build.dir" value="/workdir/hadoop-ozone/integration-test/target/test-dir"/>
    <property name="test.cache.data" value=""/>
    <property name="java.vendor.url" value="https://icedtea.classpath.org"/>
    <property name="user.timezone" value=""/>
    <property name="java.vm.specification.version" value="1.8"/>
    <property name="os.name" value="Linux"/>
    <property name="test.build.data" value="/workdir/hadoop-ozone/integration-test/target/test-dir"/>
    <property name="user.country" value="US"/>
    <property name="sun.java.launcher" value="SUN_STANDARD"/>
    <property name="sun.boot.library.path" value="/usr/lib/jvm/java-1.8-openjdk/jre/lib/amd64"/>
    <property name="sun.java.command" value="/workdir/hadoop-ozone/integration-test/target/surefire/surefirebooter5145432129991006621.jar /workdir/hadoop-ozone/integration-test/target/surefire 2019-10-04T13-33-00_150-jvmRun1 surefire4703489348227731733tmp surefire_224962711948292996828tmp"/>
    <property name="test" value="!TestMiniChaosOzoneCluster"/>
    <property name="surefire.test.class.path" value="/workdir/hadoop-ozone/integration-test/target/test-classes:/workdir/hadoop-ozone/integration-test/target/classes:/home/user/.m2/repository/org/apache/hadoop/hadoop-ozone-common/0.5.0-SNAPSHOT/hadoop-ozone-common-0.5.0-SNAPSHOT.jar:/home/user/.m2/repository/org/apache/commons/commons-compress/1.4.1/commons-compress-1.4.1.jar:/home/user/.m2/repository/org/tukaani/xz/1.0/xz-1.0.jar:/home/user/.m2/repository/org/apache/hadoop/hadoop-common/3.2.0/hadoop-common-3.2.0.jar:/home/user/.m2/repository/org/apache/hadoop/hadoop-hdfs/3.2.0/hadoop-hdfs-3.2.0.jar:/home/user/.m2/repository/org/apache/hadoop/hadoop-hdfs-client/3.2.0/hadoop-hdfs-client-3.2.0.jar:/home/user/.m2/repository/com/fasterxml/jackson/core/jackson-annotations/2.9.9/jackson-annotations-2.9.9.jar:/home/user/.m2/repository/org/apache/hadoop/hadoop-hdds-common/0.5.0-SNAPSHOT/hadoop-hdds-common-0.5.0-SNAPSHOT.jar:/home/user/.m2/repository/javax/annotation/javax.annotation-api/1.2/javax.annotation-api-1.2.jar:/home/user/.m2/repository/org/apache/ratis/ratis-server/0.5.0-201fc85-SNAPSHOT/ratis-server-0.5.0-201fc85-SNAPSHOT.jar:/home/user/.m2/repository/org/apache/ratis/ratis-thirdparty-misc/0.2.0/ratis-thirdparty-misc-0.2.0.jar:/home/user/.m2/repository/org/apache/ratis/ratis-proto/0.5.0-201fc85-SNAPSHOT/ratis-proto-0.5.0-201fc85-SNAPSHOT.jar:/home/user/.m2/repository/org/apache/ratis/ratis-common/0.5.0-201fc85-SNAPSHOT/ratis-common-0.5.0-201fc85-SNAPSHOT.jar:/home/user/.m2/repository/org/apache/ratis/ratis-client/0.5.0-201fc85-SNAPSHOT/ratis-client-0.5.0-201fc85-SNAPSHOT.jar:/home/user/.m2/repository/org/apache/ratis/ratis-metrics/0.5.0-201fc85-SNAPSHOT/ratis-metrics-0.5.0-201fc85-SNAPSHOT.jar:/home/user/.m2/repository/com/github/joshelser/dropwizard-metrics-hadoop-metrics2-reporter/0.1.2/dropwizard-metrics-hadoop-metrics2-reporter-0.1.2.jar:/home/user/.m2/repository/io/dropwizard/metrics/metrics-jvm/3.2.5/metrics-jvm-3.2.5.jar:/home/user/.m2/repository/io/dropwizard/metrics/metrics-ganglia/3.2.5/metrics-ganglia-3.2.5.jar:/home/user/.m2/repository/info/ganglia/gmetric4j/gmetric4j/1.0.7/gmetric4j-1.0.7.jar:/home/user/.m2/repository/org/apache/ratis/ratis-netty/0.5.0-201fc85-SNAPSHOT/ratis-netty-0.5.0-201fc85-SNAPSHOT.jar:/home/user/.m2/repository/org/apache/ratis/ratis-grpc/0.5.0-201fc85-SNAPSHOT/ratis-grpc-0.5.0-201fc85-SNAPSHOT.jar:/home/user/.m2/repository/org/rocksdb/rocksdbjni/6.0.1/rocksdbjni-6.0.1.jar:/home/user/.m2/repository/org/apache/logging/log4j/log4j-api/2.11.0/log4j-api-2.11.0.jar:/home/user/.m2/repository/org/apache/logging/log4j/log4j-core/2.11.0/log4j-core-2.11.0.jar:/home/user/.m2/repository/com/lmax/disruptor/3.4.2/disruptor-3.4.2.jar:/home/user/.m2/repository/org/apache/commons/commons-pool2/2.6.0/commons-pool2-2.6.0.jar:/home/user/.m2/repository/org/bouncycastle/bcpkix-jdk15on/1.60/bcpkix-jdk15on-1.60.jar:/home/user/.m2/repository/commons-validator/commons-validator/1.6/commons-validator-1.6.jar:/home/user/.m2/repository/commons-digester/commons-digester/1.8.1/commons-digester-1.8.1.jar:/home/user/.m2/repository/io/jaegertracing/jaeger-client/0.34.0/jaeger-client-0.34.0.jar:/home/user/.m2/repository/io/jaegertracing/jaeger-thrift/0.34.0/jaeger-thrift-0.34.0.jar:/home/user/.m2/repository/org/apache/thrift/libthrift/0.12.0/libthrift-0.12.0.jar:/home/user/.m2/repository/com/squareup/okhttp3/okhttp/3.9.0/okhttp-3.9.0.jar:/home/user/.m2/repository/com/squareup/okio/okio/1.13.0/okio-1.13.0.jar:/home/user/.m2/repository/io/jaegertracing/jaeger-core/0.34.0/jaeger-core-0.34.0.jar:/home/user/.m2/repository/io/jaegertracing/jaeger-tracerresolver/0.34.0/jaeger-tracerresolver-0.34.0.jar:/home/user/.m2/repository/io/opentracing/contrib/opentracing-tracerresolver/0.1.5/opentracing-tracerresolver-0.1.5.jar:/home/user/.m2/repository/io/opentracing/opentracing-util/0.31.0/opentracing-util-0.31.0.jar:/home/user/.m2/repository/io/opentracing/opentracing-api/0.31.0/opentracing-api-0.31.0.jar:/home/user/.m2/repository/io/opentracing/opentracing-noop/0.31.0/opentracing-noop-0.31.0.jar:/home/user/.m2/repository/org/apache/hadoop/hadoop-hdds-server-framework/0.5.0-SNAPSHOT/hadoop-hdds-server-framework-0.5.0-SNAPSHOT.jar:/home/user/.m2/repository/org/apache/hadoop/hadoop-hdds-container-service/0.5.0-SNAPSHOT/hadoop-hdds-container-service-0.5.0-SNAPSHOT.jar:/home/user/.m2/repository/org/apache/hadoop/hadoop-hdds-client/0.5.0-SNAPSHOT/hadoop-hdds-client-0.5.0-SNAPSHOT.jar:/home/user/.m2/repository/org/apache/hadoop/hadoop-hdds-tools/0.5.0-SNAPSHOT/hadoop-hdds-tools-0.5.0-SNAPSHOT.jar:/home/user/.m2/repository/org/apache/hadoop/hadoop-hdds-server-scm/0.5.0-SNAPSHOT/hadoop-hdds-server-scm-0.5.0-SNAPSHOT.jar:/home/user/.m2/repository/org/apache/hadoop/hadoop-hdds-docs/0.5.0-SNAPSHOT/hadoop-hdds-docs-0.5.0-SNAPSHOT.jar:/home/user/.m2/repository/io/dropwizard/metrics/metrics-core/3.2.4/metrics-core-3.2.4.jar:/home/user/.m2/repository/org/hamcrest/hamcrest-all/1.3/hamcrest-all-1.3.jar:/home/user/.m2/repository/org/bouncycastle/bcprov-jdk15on/1.60/bcprov-jdk15on-1.60.jar:/home/user/.m2/repository/info/picocli/picocli/3.9.6/picocli-3.9.6.jar:/home/user/.m2/repository/com/google/protobuf/protobuf-java/2.5.0/protobuf-java-2.5.0.jar:/home/user/.m2/repository/com/google/guava/guava/11.0.2/guava-11.0.2.jar:/home/user/.m2/repository/org/apache/hadoop/hadoop-ozone-ozone-manager/0.5.0-SNAPSHOT/hadoop-ozone-ozone-manager-0.5.0-SNAPSHOT.jar:/home/user/.m2/repository/org/apache/hadoop/hadoop-minikdc/3.2.0/hadoop-minikdc-3.2.0.jar:/home/user/.m2/repository/commons-io/commons-io/2.5/commons-io-2.5.jar:/home/user/.m2/repository/org/apache/kerby/kerb-simplekdc/1.0.1/kerb-simplekdc-1.0.1.jar:/home/user/.m2/repository/org/apache/kerby/kerb-client/1.0.1/kerb-client-1.0.1.jar:/home/user/.m2/repository/org/apache/kerby/kerby-config/1.0.1/kerby-config-1.0.1.jar:/home/user/.m2/repository/org/apache/kerby/kerb-core/1.0.1/kerb-core-1.0.1.jar:/home/user/.m2/repository/org/apache/kerby/kerby-pkix/1.0.1/kerby-pkix-1.0.1.jar:/home/user/.m2/repository/org/apache/kerby/kerby-asn1/1.0.1/kerby-asn1-1.0.1.jar:/home/user/.m2/repository/org/apache/kerby/kerby-util/1.0.1/kerby-util-1.0.1.jar:/home/user/.m2/repository/org/apache/kerby/kerb-common/1.0.1/kerb-common-1.0.1.jar:/home/user/.m2/repository/org/apache/kerby/kerb-crypto/1.0.1/kerb-crypto-1.0.1.jar:/home/user/.m2/repository/org/apache/kerby/kerb-util/1.0.1/kerb-util-1.0.1.jar:/home/user/.m2/repository/org/apache/kerby/token-provider/1.0.1/token-provider-1.0.1.jar:/home/user/.m2/repository/org/apache/kerby/kerb-admin/1.0.1/kerb-admin-1.0.1.jar:/home/user/.m2/repository/org/apache/kerby/kerb-server/1.0.1/kerb-server-1.0.1.jar:/home/user/.m2/repository/org/apache/kerby/kerb-identity/1.0.1/kerb-identity-1.0.1.jar:/home/user/.m2/repository/org/apache/kerby/kerby-xdr/1.0.1/kerby-xdr-1.0.1.jar:/home/user/.m2/repository/org/slf4j/slf4j-log4j12/1.7.25/slf4j-log4j12-1.7.25.jar:/home/user/.m2/repository/org/apache/hadoop/hadoop-ozone-s3gateway/0.5.0-SNAPSHOT/hadoop-ozone-s3gateway-0.5.0-SNAPSHOT.jar:/home/user/.m2/repository/org/jboss/weld/servlet/weld-servlet/2.4.7.Final/weld-servlet-2.4.7.Final.jar:/home/user/.m2/repository/org/glassfish/jersey/containers/jersey-container-servlet-core/2.27/jersey-container-servlet-core-2.27.jar:/home/user/.m2/repository/org/glassfish/hk2/external/javax.inject/2.5.0-b42/javax.inject-2.5.0-b42.jar:/home/user/.m2/repository/org/glassfish/jersey/core/jersey-common/2.27/jersey-common-2.27.jar:/home/user/.m2/repository/org/glassfish/hk2/osgi-resource-locator/1.0.1/osgi-resource-locator-1.0.1.jar:/home/user/.m2/repository/javax/ws/rs/javax.ws.rs-api/2.1/javax.ws.rs-api-2.1.jar:/home/user/.m2/repository/org/glassfish/jersey/ext/cdi/jersey-cdi1x/2.27/jersey-cdi1x-2.27.jar:/home/user/.m2/repository/org/glassfish/jersey/inject/jersey-hk2/2.27/jersey-hk2-2.27.jar:/home/user/.m2/repository/org/glassfish/hk2/hk2-locator/2.5.0-b42/hk2-locator-2.5.0-b42.jar:/home/user/.m2/repository/org/javassist/javassist/3.22.0-CR2/javassist-3.22.0-CR2.jar:/home/user/.m2/repository/org/glassfish/hk2/hk2-api/2.5.0/hk2-api-2.5.0.jar:/home/user/.m2/repository/org/glassfish/hk2/external/jakarta.inject/2.5.0/jakarta.inject-2.5.0.jar:/home/user/.m2/repository/org/glassfish/hk2/hk2-utils/2.5.0/hk2-utils-2.5.0.jar:/home/user/.m2/repository/jakarta/annotation/jakarta.annotation-api/1.3.4/jakarta.annotation-api-1.3.4.jar:/home/user/.m2/repository/org/glassfish/hk2/external/aopalliance-repackaged/2.5.0/aopalliance-repackaged-2.5.0.jar:/home/user/.m2/repository/com/fasterxml/jackson/dataformat/jackson-dataformat-xml/2.9.0/jackson-dataformat-xml-2.9.0.jar:/home/user/.m2/repository/com/fasterxml/jackson/core/jackson-core/2.9.9/jackson-core-2.9.9.jar:/home/user/.m2/repository/com/fasterxml/jackson/module/jackson-module-jaxb-annotations/2.9.9/jackson-module-jaxb-annotations-2.9.9.jar:/home/user/.m2/repository/javax/enterprise/cdi-api/1.2/cdi-api-1.2.jar:/home/user/.m2/repository/javax/el/javax.el-api/3.0.0/javax.el-api-3.0.0.jar:/home/user/.m2/repository/javax/interceptor/javax.interceptor-api/1.2/javax.interceptor-api-1.2.jar:/home/user/.m2/repository/javax/inject/javax.inject/1/javax.inject-1.jar:/home/user/.m2/repository/com/sun/xml/bind/jaxb-impl/2.3.0.1/jaxb-impl-2.3.0.1.jar:/home/user/.m2/repository/com/sun/xml/bind/jaxb-core/2.3.0.1/jaxb-core-2.3.0.1.jar:/home/user/.m2/repository/javax/xml/bind/jaxb-api/2.3.0/jaxb-api-2.3.0.jar:/home/user/.m2/repository/javax/activation/activation/1.1.1/activation-1.1.1.jar:/home/user/.m2/repository/org/apache/hadoop/hadoop-ozone-csi/0.5.0-SNAPSHOT/hadoop-ozone-csi-0.5.0-SNAPSHOT.jar:/home/user/.m2/repository/com/google/protobuf/protobuf-java-util/3.5.1/protobuf-java-util-3.5.1.jar:/home/user/.m2/repository/org/apache/hadoop/hadoop-hdds-config/0.5.0-SNAPSHOT/hadoop-hdds-config-0.5.0-SNAPSHOT.jar:/home/user/.m2/repository/io/grpc/grpc-netty/1.17.1/grpc-netty-1.17.1.jar:/home/user/.m2/repository/io/grpc/grpc-core/1.17.1/grpc-core-1.17.1.jar:/home/user/.m2/repository/io/grpc/grpc-context/1.17.1/grpc-context-1.17.1.jar:/home/user/.m2/repository/com/google/errorprone/error_prone_annotations/2.2.0/error_prone_annotations-2.2.0.jar:/home/user/.m2/repository/org/codehaus/mojo/animal-sniffer-annotations/1.17/animal-sniffer-annotations-1.17.jar:/home/user/.m2/repository/io/opencensus/opencensus-api/0.17.0/opencensus-api-0.17.0.jar:/home/user/.m2/repository/io/opencensus/opencensus-contrib-grpc-metrics/0.17.0/opencensus-contrib-grpc-metrics-0.17.0.jar:/home/user/.m2/repository/io/netty/netty-codec-http2/4.1.30.Final/netty-codec-http2-4.1.30.Final.jar:/home/user/.m2/repository/io/netty/netty-codec-http/4.1.30.Final/netty-codec-http-4.1.30.Final.jar:/home/user/.m2/repository/io/netty/netty-codec/4.1.30.Final/netty-codec-4.1.30.Final.jar:/home/user/.m2/repository/io/netty/netty-handler/4.1.30.Final/netty-handler-4.1.30.Final.jar:/home/user/.m2/repository/io/netty/netty-handler-proxy/4.1.30.Final/netty-handler-proxy-4.1.30.Final.jar:/home/user/.m2/repository/io/netty/netty-codec-socks/4.1.30.Final/netty-codec-socks-4.1.30.Final.jar:/home/user/.m2/repository/io/netty/netty-transport-native-epoll/4.1.30.Final/netty-transport-native-epoll-4.1.30.Final.jar:/home/user/.m2/repository/io/netty/netty-common/4.1.30.Final/netty-common-4.1.30.Final.jar:/home/user/.m2/repository/io/netty/netty-buffer/4.1.30.Final/netty-buffer-4.1.30.Final.jar:/home/user/.m2/repository/io/netty/netty-transport/4.1.30.Final/netty-transport-4.1.30.Final.jar:/home/user/.m2/repository/io/netty/netty-resolver/4.1.30.Final/netty-resolver-4.1.30.Final.jar:/home/user/.m2/repository/io/netty/netty-transport-native-unix-common/4.1.30.Final/netty-transport-native-unix-common-4.1.30.Final.jar:/home/user/.m2/repository/io/grpc/grpc-protobuf/1.17.1/grpc-protobuf-1.17.1.jar:/home/user/.m2/repository/com/google/api/grpc/proto-google-common-protos/1.0.0/proto-google-common-protos-1.0.0.jar:/home/user/.m2/repository/io/grpc/grpc-protobuf-lite/1.17.1/grpc-protobuf-lite-1.17.1.jar:/home/user/.m2/repository/io/grpc/grpc-stub/1.17.1/grpc-stub-1.17.1.jar:/home/user/.m2/repository/org/apache/hadoop/hadoop-ozone-recon/0.5.0-SNAPSHOT/hadoop-ozone-recon-0.5.0-SNAPSHOT.jar:/home/user/.m2/repository/org/apache/hadoop/hadoop-ozone-reconcodegen/0.5.0-SNAPSHOT/hadoop-ozone-reconcodegen-0.5.0-SNAPSHOT.jar:/home/user/.m2/repository/com/google/inject/extensions/guice-multibindings/4.0/guice-multibindings-4.0.jar:/home/user/.m2/repository/com/google/inject/guice/4.0/guice-4.0.jar:/home/user/.m2/repository/aopalliance/aopalliance/1.0/aopalliance-1.0.jar:/home/user/.m2/repository/com/google/inject/extensions/guice-servlet/4.0/guice-servlet-4.0.jar:/home/user/.m2/repository/org/glassfish/jersey/containers/jersey-container-servlet/2.27/jersey-container-servlet-2.27.jar:/home/user/.m2/repository/org/glassfish/hk2/guice-bridge/2.5.0/guice-bridge-2.5.0.jar:/home/user/.m2/repository/org/glassfish/jersey/core/jersey-server/2.27/jersey-server-2.27.jar:/home/user/.m2/repository/org/glassfish/jersey/core/jersey-client/2.27/jersey-client-2.27.jar:/home/user/.m2/repository/org/glassfish/jersey/media/jersey-media-jaxb/2.27/jersey-media-jaxb-2.27.jar:/home/user/.m2/repository/javax/validation/validation-api/1.1.0.Final/validation-api-1.1.0.Final.jar:/home/user/.m2/repository/org/glassfish/jersey/media/jersey-media-json-jackson/2.27/jersey-media-json-jackson-2.27.jar:/home/user/.m2/repository/org/glassfish/jersey/ext/jersey-entity-filtering/2.27/jersey-entity-filtering-2.27.jar:/home/user/.m2/repository/com/google/inject/extensions/guice-assistedinject/4.0/guice-assistedinject-4.0.jar:/home/user/.m2/repository/org/jooq/jooq/3.11.10/jooq-3.11.10.jar:/home/user/.m2/repository/org/jooq/jooq-meta/3.11.10/jooq-meta-3.11.10.jar:/home/user/.m2/repository/org/jooq/jooq-codegen/3.11.10/jooq-codegen-3.11.10.jar:/home/user/.m2/repository/com/jolbox/bonecp/0.8.0.RELEASE/bonecp-0.8.0.RELEASE.jar:/home/user/.m2/repository/org/xerial/sqlite-jdbc/3.25.2/sqlite-jdbc-3.25.2.jar:/home/user/.m2/repository/org/springframework/spring-jdbc/5.1.3.RELEASE/spring-jdbc-5.1.3.RELEASE.jar:/home/user/.m2/repository/org/springframework/spring-beans/5.1.3.RELEASE/spring-beans-5.1.3.RELEASE.jar:/home/user/.m2/repository/org/springframework/spring-core/5.1.3.RELEASE/spring-core-5.1.3.RELEASE.jar:/home/user/.m2/repository/org/springframework/spring-jcl/5.1.3.RELEASE/spring-jcl-5.1.3.RELEASE.jar:/home/user/.m2/repository/org/springframework/spring-tx/5.1.3.RELEASE/spring-tx-5.1.3.RELEASE.jar:/home/user/.m2/repository/org/apache/hadoop/hadoop-ozone-client/0.5.0-SNAPSHOT/hadoop-ozone-client-0.5.0-SNAPSHOT.jar:/home/user/.m2/repository/commons-lang/commons-lang/2.6/commons-lang-2.6.jar:/home/user/.m2/repository/org/apache/hadoop/hadoop-ozone-ozone-manager/0.5.0-SNAPSHOT/hadoop-ozone-ozone-manager-0.5.0-SNAPSHOT-tests.jar:/home/user/.m2/repository/junit/junit/4.11/junit-4.11.jar:/home/user/.m2/repository/org/hamcrest/hamcrest-core/1.3/hamcrest-core-1.3.jar:/home/user/.m2/repository/org/openjdk/jmh/jmh-core/1.19/jmh-core-1.19.jar:/home/user/.m2/repository/net/sf/jopt-simple/jopt-simple/4.6/jopt-simple-4.6.jar:/home/user/.m2/repository/org/apache/commons/commons-math3/3.1.1/commons-math3-3.1.1.jar:/home/user/.m2/repository/org/openjdk/jmh/jmh-generator-annprocess/1.19/jmh-generator-annprocess-1.19.jar:/home/user/.m2/repository/org/mockito/mockito-all/1.8.5/mockito-all-1.8.5.jar:/home/user/.m2/repository/org/apache/hadoop/hadoop-kms/3.2.0/hadoop-kms-3.2.0.jar:/home/user/.m2/repository/org/apache/hadoop/hadoop-auth/3.2.0/hadoop-auth-3.2.0.jar:/home/user/.m2/repository/com/nimbusds/nimbus-jose-jwt/4.41.1/nimbus-jose-jwt-4.41.1.jar:/home/user/.m2/repository/com/github/stephenc/jcip/jcip-annotations/1.0-1/jcip-annotations-1.0-1.jar:/home/user/.m2/repository/net/minidev/json-smart/2.3/json-smart-2.3.jar:/home/user/.m2/repository/net/minidev/accessors-smart/1.2/accessors-smart-1.2.jar:/home/user/.m2/repository/org/ow2/asm/asm/5.0.4/asm-5.0.4.jar:/home/user/.m2/repository/org/apache/curator/curator-framework/2.12.0/curator-framework-2.12.0.jar:/home/user/.m2/repository/com/sun/jersey/jersey-core/1.19/jersey-core-1.19.jar:/home/user/.m2/repository/javax/ws/rs/jsr311-api/1.1.1/jsr311-api-1.1.1.jar:/home/user/.m2/repository/com/sun/jersey/jersey-server/1.19/jersey-server-1.19.jar:/home/user/.m2/repository/javax/servlet/javax.servlet-api/3.1.0/javax.servlet-api-3.1.0.jar:/home/user/.m2/repository/org/eclipse/jetty/jetty-server/9.3.25.v20180904/jetty-server-9.3.25.v20180904.jar:/home/user/.m2/repository/org/eclipse/jetty/jetty-http/9.3.25.v20180904/jetty-http-9.3.25.v20180904.jar:/home/user/.m2/repository/org/eclipse/jetty/jetty-io/9.3.25.v20180904/jetty-io-9.3.25.v20180904.jar:/home/user/.m2/repository/org/eclipse/jetty/jetty-webapp/9.3.25.v20180904/jetty-webapp-9.3.25.v20180904.jar:/home/user/.m2/repository/org/eclipse/jetty/jetty-xml/9.3.25.v20180904/jetty-xml-9.3.25.v20180904.jar:/home/user/.m2/repository/log4j/log4j/1.2.17/log4j-1.2.17.jar:/home/user/.m2/repository/org/slf4j/slf4j-api/1.7.25/slf4j-api-1.7.25.jar:/home/user/.m2/repository/org/slf4j/jul-to-slf4j/1.7.25/jul-to-slf4j-1.7.25.jar:/home/user/.m2/repository/org/eclipse/jetty/jetty-util/9.3.25.v20180904/jetty-util-9.3.25.v20180904.jar:/home/user/.m2/repository/com/fasterxml/jackson/core/jackson-databind/2.9.9/jackson-databind-2.9.9.jar:/home/user/.m2/repository/org/apache/hadoop/hadoop-kms/3.2.0/hadoop-kms-3.2.0-tests.jar:/home/user/.m2/repository/org/apache/hadoop/hadoop-hdds-server-scm/0.5.0-SNAPSHOT/hadoop-hdds-server-scm-0.5.0-SNAPSHOT-tests.jar:/home/user/.m2/repository/org/apache/hadoop/hadoop-hdds-container-service/0.5.0-SNAPSHOT/hadoop-hdds-container-service-0.5.0-SNAPSHOT-tests.jar:/home/user/.m2/repository/org/yaml/snakeyaml/1.16/snakeyaml-1.16.jar:/home/user/.m2/repository/org/apache/hadoop/hadoop-common/3.2.0/hadoop-common-3.2.0-tests.jar:/home/user/.m2/repository/org/apache/hadoop/hadoop-annotations/3.2.0/hadoop-annotations-3.2.0.jar:/usr/lib/jvm/java-1.8-openjdk/jre/../lib/tools.jar:/home/user/.m2/repository/commons-cli/commons-cli/1.2/commons-cli-1.2.jar:/home/user/.m2/repository/org/apache/httpcomponents/httpclient/4.5.2/httpclient-4.5.2.jar:/home/user/.m2/repository/org/apache/httpcomponents/httpcore/4.4.4/httpcore-4.4.4.jar:/home/user/.m2/repository/commons-codec/commons-codec/1.11/commons-codec-1.11.jar:/home/user/.m2/repository/commons-net/commons-net/3.6/commons-net-3.6.jar:/home/user/.m2/repository/commons-collections/commons-collections/3.2.2/commons-collections-3.2.2.jar:/home/user/.m2/repository/org/eclipse/jetty/jetty-servlet/9.3.25.v20180904/jetty-servlet-9.3.25.v20180904.jar:/home/user/.m2/repository/org/eclipse/jetty/jetty-security/9.3.25.v20180904/jetty-security-9.3.25.v20180904.jar:/home/user/.m2/repository/javax/servlet/jsp/jsp-api/2.1/jsp-api-2.1.jar:/home/user/.m2/repository/com/sun/jersey/jersey-servlet/1.19/jersey-servlet-1.19.jar:/home/user/.m2/repository/com/sun/jersey/jersey-json/1.19/jersey-json-1.19.jar:/home/user/.m2/repository/org/codehaus/jettison/jettison/1.1/jettison-1.1.jar:/home/user/.m2/repository/org/codehaus/jackson/jackson-core-asl/1.9.13/jackson-core-asl-1.9.13.jar:/home/user/.m2/repository/org/codehaus/jackson/jackson-mapper-asl/1.9.13/jackson-mapper-asl-1.9.13.jar:/home/user/.m2/repository/org/codehaus/jackson/jackson-jaxrs/1.9.13/jackson-jaxrs-1.9.13.jar:/home/user/.m2/repository/org/codehaus/jackson/jackson-xc/1.9.13/jackson-xc-1.9.13.jar:/home/user/.m2/repository/commons-logging/commons-logging/1.1.3/commons-logging-1.1.3.jar:/home/user/.m2/repository/commons-beanutils/commons-beanutils/1.9.4/commons-beanutils-1.9.4.jar:/home/user/.m2/repository/org/apache/commons/commons-configuration2/2.1.1/commons-configuration2-2.1.1.jar:/home/user/.m2/repository/org/apache/commons/commons-lang3/3.7/commons-lang3-3.7.jar:/home/user/.m2/repository/org/apache/commons/commons-text/1.4/commons-text-1.4.jar:/home/user/.m2/repository/org/apache/avro/avro/1.7.7/avro-1.7.7.jar:/home/user/.m2/repository/com/thoughtworks/paranamer/paranamer/2.3/paranamer-2.3.jar:/home/user/.m2/repository/org/xerial/snappy/snappy-java/1.0.5/snappy-java-1.0.5.jar:/home/user/.m2/repository/com/google/re2j/re2j/1.1/re2j-1.1.jar:/home/user/.m2/repository/com/google/code/gson/gson/2.2.4/gson-2.2.4.jar:/home/user/.m2/repository/com/jcraft/jsch/0.1.54/jsch-0.1.54.jar:/home/user/.m2/repository/org/apache/curator/curator-client/2.12.0/curator-client-2.12.0.jar:/home/user/.m2/repository/org/apache/curator/curator-recipes/2.12.0/curator-recipes-2.12.0.jar:/home/user/.m2/repository/com/google/code/findbugs/jsr305/3.0.0/jsr305-3.0.0.jar:/home/user/.m2/repository/org/apache/htrace/htrace-core4/4.1.0-incubating/htrace-core4-4.1.0-incubating.jar:/home/user/.m2/repository/org/apache/zookeeper/zookeeper/3.4.13/zookeeper-3.4.13.jar:/home/user/.m2/repository/jline/jline/0.9.94/jline-0.9.94.jar:/home/user/.m2/repository/org/apache/yetus/audience-annotations/0.5.0/audience-annotations-0.5.0.jar:/home/user/.m2/repository/org/codehaus/woodstox/stax2-api/3.1.4/stax2-api-3.1.4.jar:/home/user/.m2/repository/com/fasterxml/woodstox/woodstox-core/5.0.3/woodstox-core-5.0.3.jar:/home/user/.m2/repository/dnsjava/dnsjava/2.1.7/dnsjava-2.1.7.jar:/home/user/.m2/repository/org/apache/hadoop/hadoop-hdfs/3.2.0/hadoop-hdfs-3.2.0-tests.jar:/home/user/.m2/repository/org/eclipse/jetty/jetty-util-ajax/9.3.25.v20180904/jetty-util-ajax-9.3.25.v20180904.jar:/home/user/.m2/repository/commons-daemon/commons-daemon/1.0.13/commons-daemon-1.0.13.jar:/home/user/.m2/repository/io/netty/netty/3.10.5.Final/netty-3.10.5.Final.jar:/home/user/.m2/repository/io/netty/netty-all/4.0.52.Final/netty-all-4.0.52.Final.jar:/home/user/.m2/repository/org/fusesource/leveldbjni/leveldbjni-all/1.8/leveldbjni-all-1.8.jar:"/>
    <property name="sun.cpu.endian" value="little"/>
    <property name="user.home" value="/home/user"/>
    <property name="user.language" value="en"/>
    <property name="java.specification.vendor" value="Oracle Corporation"/>
    <property name="java.home" value="/usr/lib/jvm/java-1.8-openjdk/jre"/>
    <property name="java.security.krb5.conf" value="/workdir/hadoop-ozone/integration-test/target/test-classes/krb5.conf"/>
    <property name="basedir" value="/workdir/hadoop-ozone/integration-test"/>
    <property name="file.separator" value="/"/>
    <property name="line.separator" value="&#10;"/>
    <property name="java.vm.specification.vendor" value="Oracle Corporation"/>
    <property name="java.specification.name" value="Java Platform API Specification"/>
    <property name="java.awt.graphicsenv" value="sun.awt.X11GraphicsEnvironment"/>
    <property name="surefire.real.class.path" value="/workdir/hadoop-ozone/integration-test/target/surefire/surefirebooter5145432129991006621.jar"/>
    <property name="hadoop.log.dir" value="/workdir/hadoop-ozone/integration-test/target/log"/>
    <property name="sun.boot.class.path" value="/usr/lib/jvm/java-1.8-openjdk/jre/lib/resources.jar:/usr/lib/jvm/java-1.8-openjdk/jre/lib/rt.jar:/usr/lib/jvm/java-1.8-openjdk/jre/lib/sunrsasign.jar:/usr/lib/jvm/java-1.8-openjdk/jre/lib/jsse.jar:/usr/lib/jvm/java-1.8-openjdk/jre/lib/jce.jar:/usr/lib/jvm/java-1.8-openjdk/jre/lib/charsets.jar:/usr/lib/jvm/java-1.8-openjdk/jre/lib/jfr.jar:/usr/lib/jvm/java-1.8-openjdk/jre/classes"/>
    <property name="sun.management.compiler" value="HotSpot 64-Bit Tiered Compilers"/>
    <property name="java.runtime.version" value="1.8.0_212-b04"/>
    <property name="java.net.preferIPv4Stack" value="true"/>
    <property name="user.name" value="jenkins1000"/>
    <property name="path.separator" value=":"/>
    <property name="java.security.egd" value="file:///dev/urandom"/>
    <property name="os.version" value="3.10.0-957.12.2.el7.x86_64"/>
    <property name="java.endorsed.dirs" value="/usr/lib/jvm/java-1.8-openjdk/jre/lib/endorsed"/>
    <property name="java.runtime.name" value="OpenJDK Runtime Environment"/>
    <property name="file.encoding" value="UTF-8"/>
    <property name="java.vm.name" value="OpenJDK 64-Bit Server VM"/>
    <property name="test.build.webapps" value=""/>
    <property name="localRepository" value="/home/user/.m2/repository"/>
    <property name="java.vendor.url.bug" value="https://icedtea.classpath.org/bugzilla"/>
    <property name="java.io.tmpdir" value="/tmp"/>
    <property name="require.test.libhadoop" value=""/>
    <property name="java.version" value="1.8.0_212"/>
    <property name="user.dir" value="/workdir/hadoop-ozone/integration-test"/>
    <property name="os.arch" value="amd64"/>
    <property name="java.vm.specification.name" value="Java Virtual Machine Specification"/>
    <property name="test.build.classes" value="/workdir/hadoop-ozone/integration-test/target/test-classes"/>
    <property name="java.awt.printerjob" value="sun.print.PSPrinterJob"/>
    <property name="sun.os.patch.level" value="unknown"/>
    <property name="hadoop.tmp.dir" value="/workdir/hadoop-ozone/integration-test/target/tmp"/>
    <property name="java.library.path" value="/usr/lib/jvm/java-1.8-openjdk/jre/lib/amd64/server:/usr/lib/jvm/java-1.8-openjdk/jre/lib/amd64:/usr/lib/jvm/java-1.8-openjdk/jre/../lib/amd64:/workdir/hadoop-ozone/integration-test/target/native/target/usr/local/lib:/workdir/hadoop-ozone/integration-test/../../hadoop-common-project/hadoop-common/target/native/target/usr/local/lib:/usr/java/packages/lib/amd64:/usr/lib64:/lib64:/lib:/usr/lib"/>
    <property name="java.vm.info" value="mixed mode"/>
    <property name="java.vendor" value="IcedTea"/>
    <property name="java.vm.version" value="25.212-b04"/>
    <property name="java.ext.dirs" value="/usr/lib/jvm/java-1.8-openjdk/jre/lib/ext:/usr/java/packages/lib/ext"/>
    <property name="sun.io.unicode.encoding" value="UnicodeLittle"/>
    <property name="java.class.version" value="52.0"/>
  </properties>
  <testcase name="test2DatanodesFailure" classname="org.apache.hadoop.ozone.client.rpc.TestBlockOutputStreamWithFailures" time="104.047"/>
  <testcase name="testDatanodeFailureWithPreAllocation" classname="org.apache.hadoop.ozone.client.rpc.TestBlockOutputStreamWithFailures" time="221.611"/>
  <testcase name="testDatanodeFailureWithSingleNodeRatis" classname="org.apache.hadoop.ozone.client.rpc.TestBlockOutputStreamWithFailures" time="223.955"/>
  <testcase name="testWatchForCommitWithSingleNodeRatis" classname="org.apache.hadoop.ozone.client.rpc.TestBlockOutputStreamWithFailures" time="34.719"/>
  <testcase name="testWatchForCommitDatanodeFailure" classname="org.apache.hadoop.ozone.client.rpc.TestBlockOutputStreamWithFailures" time="66.557">
    <failure message="expected:&lt;2&gt; but was:&lt;3&gt;" type="java.lang.AssertionError"><![CDATA[java.lang.AssertionError: expected:<2> but was:<3>
	at org.junit.Assert.fail(Assert.java:88)
	at org.junit.Assert.failNotEquals(Assert.java:743)
	at org.junit.Assert.assertEquals(Assert.java:118)
	at org.junit.Assert.assertEquals(Assert.java:555)
	at org.junit.Assert.assertEquals(Assert.java:542)
	at org.apache.hadoop.ozone.client.rpc.TestBlockOutputStreamWithFailures.testWatchForCommitDatanodeFailure(TestBlockOutputStreamWithFailures.java:366)
	at sun.reflect.NativeMethodAccessorImpl.invoke0(Native Method)
	at sun.reflect.NativeMethodAccessorImpl.invoke(NativeMethodAccessorImpl.java:62)
	at sun.reflect.DelegatingMethodAccessorImpl.invoke(DelegatingMethodAccessorImpl.java:43)
	at java.lang.reflect.Method.invoke(Method.java:498)
	at org.junit.runners.model.FrameworkMethod$1.runReflectiveCall(FrameworkMethod.java:47)
	at org.junit.internal.runners.model.ReflectiveCallable.run(ReflectiveCallable.java:12)
	at org.junit.runners.model.FrameworkMethod.invokeExplosively(FrameworkMethod.java:44)
	at org.junit.internal.runners.statements.InvokeMethod.evaluate(InvokeMethod.java:17)
	at org.junit.internal.runners.statements.RunBefores.evaluate(RunBefores.java:26)
	at org.junit.internal.runners.statements.RunAfters.evaluate(RunAfters.java:27)
	at org.junit.runners.ParentRunner.runLeaf(ParentRunner.java:271)
	at org.junit.runners.BlockJUnit4ClassRunner.runChild(BlockJUnit4ClassRunner.java:70)
	at org.junit.runners.BlockJUnit4ClassRunner.runChild(BlockJUnit4ClassRunner.java:50)
	at org.junit.runners.ParentRunner$3.run(ParentRunner.java:238)
	at org.junit.runners.ParentRunner$1.schedule(ParentRunner.java:63)
	at org.junit.runners.ParentRunner.runChildren(ParentRunner.java:236)
	at org.junit.runners.ParentRunner.access$000(ParentRunner.java:53)
	at org.junit.runners.ParentRunner$2.evaluate(ParentRunner.java:229)
	at org.junit.runners.ParentRunner.run(ParentRunner.java:309)
	at org.apache.maven.surefire.junit4.JUnit4Provider.execute(JUnit4Provider.java:365)
	at org.apache.maven.surefire.junit4.JUnit4Provider.executeWithRerun(JUnit4Provider.java:273)
	at org.apache.maven.surefire.junit4.JUnit4Provider.executeTestSet(JUnit4Provider.java:238)
	at org.apache.maven.surefire.junit4.JUnit4Provider.invoke(JUnit4Provider.java:159)
	at org.apache.maven.surefire.booter.ForkedBooter.invokeProviderInSameClassLoader(ForkedBooter.java:384)
	at org.apache.maven.surefire.booter.ForkedBooter.runSuitesInProcess(ForkedBooter.java:345)
	at org.apache.maven.surefire.booter.ForkedBooter.execute(ForkedBooter.java:126)
	at org.apache.maven.surefire.booter.ForkedBooter.main(ForkedBooter.java:418)
]]></failure>
    <system-out><![CDATA[2019-10-04 14:03:23,254 [main] WARN  server.ServerUtils (ServerUtils.java:getScmDbDir(145)) - ozone.scm.db.dirs is not configured. We recommend adding this setting. Falling back to ozone.metadata.dirs instead.
2019-10-04 14:03:23,482 [main] WARN  server.ServerUtils (ServerUtils.java:getScmDbDir(145)) - ozone.scm.db.dirs is not configured. We recommend adding this setting. Falling back to ozone.metadata.dirs instead.
2019-10-04 14:03:23,483 [main] WARN  server.ServerUtils (ServerUtils.java:getScmDbDir(145)) - ozone.scm.db.dirs is not configured. We recommend adding this setting. Falling back to ozone.metadata.dirs instead.
2019-10-04 14:03:23,483 [main] INFO  db.DBStoreBuilder (DBStoreBuilder.java:addTable(117)) - using custom profile for table: deletedBlocks
2019-10-04 14:03:23,483 [main] INFO  db.DBStoreBuilder (DBStoreBuilder.java:processTables(168)) - Using default column profile:DBProfile.DISK for Table:deletedBlocks
2019-10-04 14:03:23,484 [main] INFO  db.DBStoreBuilder (DBStoreBuilder.java:addTable(117)) - using custom profile for table: validCerts
2019-10-04 14:03:23,484 [main] INFO  db.DBStoreBuilder (DBStoreBuilder.java:processTables(168)) - Using default column profile:DBProfile.DISK for Table:validCerts
2019-10-04 14:03:23,484 [main] INFO  db.DBStoreBuilder (DBStoreBuilder.java:addTable(117)) - using custom profile for table: revokedCerts
2019-10-04 14:03:23,484 [main] INFO  db.DBStoreBuilder (DBStoreBuilder.java:processTables(168)) - Using default column profile:DBProfile.DISK for Table:revokedCerts
2019-10-04 14:03:23,485 [main] INFO  db.DBStoreBuilder (DBStoreBuilder.java:addTable(117)) - using custom profile for table: default
2019-10-04 14:03:23,485 [main] INFO  db.DBStoreBuilder (DBStoreBuilder.java:processTables(174)) - Using default column profile:DBProfile.DISK for Table:default
2019-10-04 14:03:23,485 [main] INFO  db.DBStoreBuilder (DBStoreBuilder.java:getDbProfile(205)) - Using default options. DBProfile.DISK
2019-10-04 14:03:23,666 [main] INFO  net.NodeSchemaLoader (NodeSchemaLoader.java:loadSchemaFromFile(125)) - Loading file from sun.misc.CompoundEnumeration@2dd178f3
2019-10-04 14:03:23,667 [main] INFO  net.NodeSchemaLoader (NodeSchemaLoader.java:loadSchema(171)) - Loading network topology layer schema file
2019-10-04 14:03:23,671 [main] INFO  node.SCMNodeManager (SCMNodeManager.java:<init>(116)) - Entering startup safe mode.
2019-10-04 14:03:23,671 [main] INFO  algorithms.ContainerPlacementPolicyFactory (ContainerPlacementPolicyFactory.java:getPolicy(57)) - Create container placement policy of type org.apache.hadoop.hdds.scm.container.placement.algorithms.SCMContainerPlacementRandom
2019-10-04 14:03:23,671 [main] WARN  server.ServerUtils (ServerUtils.java:getScmDbDir(145)) - ozone.scm.db.dirs is not configured. We recommend adding this setting. Falling back to ozone.metadata.dirs instead.
2019-10-04 14:03:23,732 [main] INFO  pipeline.SCMPipelineManager (SCMPipelineManager.java:initializePipelineState(132)) - No pipeline exists in current db
2019-10-04 14:03:23,732 [main] WARN  server.ServerUtils (ServerUtils.java:getScmDbDir(145)) - ozone.scm.db.dirs is not configured. We recommend adding this setting. Falling back to ozone.metadata.dirs instead.
2019-10-04 14:03:23,791 [main] WARN  events.EventQueue (EventQueue.java:fireEvent(183)) - No event handler registered for event TypedEvent{payloadType=SafeModeStatus, name='SafeModeStatus'}
2019-10-04 14:03:23,791 [main] INFO  ipc.CallQueueManager (CallQueueManager.java:<init>(84)) - Using callQueue: class java.util.concurrent.LinkedBlockingQueue, queueCapacity: 2000, scheduler: class org.apache.hadoop.ipc.DefaultRpcScheduler, ipcBackoff: false.
2019-10-04 14:03:23,792 [Socket Reader #1 for port 45825] INFO  ipc.Server (Server.java:run(1074)) - Starting Socket Reader #1 for port 45825
2019-10-04 14:03:23,794 [main] INFO  ipc.CallQueueManager (CallQueueManager.java:<init>(84)) - Using callQueue: class java.util.concurrent.LinkedBlockingQueue, queueCapacity: 2000, scheduler: class org.apache.hadoop.ipc.DefaultRpcScheduler, ipcBackoff: false.
2019-10-04 14:03:23,794 [Socket Reader #1 for port 36179] INFO  ipc.Server (Server.java:run(1074)) - Starting Socket Reader #1 for port 36179
2019-10-04 14:03:23,795 [main] INFO  ipc.CallQueueManager (CallQueueManager.java:<init>(84)) - Using callQueue: class java.util.concurrent.LinkedBlockingQueue, queueCapacity: 2000, scheduler: class org.apache.hadoop.ipc.DefaultRpcScheduler, ipcBackoff: false.
2019-10-04 14:03:23,796 [Socket Reader #1 for port 39314] INFO  ipc.Server (Server.java:run(1074)) - Starting Socket Reader #1 for port 39314
2019-10-04 14:03:23,799 [main] INFO  hdfs.DFSUtil (DFSUtil.java:httpServerTemplateForNNAndJN(1641)) - Starting Web-server for scm at: http://0.0.0.0:0
2019-10-04 14:03:23,800 [main] INFO  server.AuthenticationFilter (AuthenticationFilter.java:constructSecretProvider(240)) - Unable to initialize FileSignerSecretProvider, falling back to use random secrets.
2019-10-04 14:03:23,801 [main] WARN  http.HttpRequestLog (HttpRequestLog.java:getRequestLog(97)) - Jetty request log can only be enabled using Log4j
2019-10-04 14:03:23,802 [main] INFO  http.HttpServer2 (HttpServer2.java:addGlobalFilter(975)) - Added global filter 'safety' (class=org.apache.hadoop.http.HttpServer2$QuotingInputFilter)
2019-10-04 14:03:23,802 [main] INFO  http.HttpServer2 (HttpServer2.java:addFilter(948)) - Added filter static_user_filter (class=org.apache.hadoop.http.lib.StaticUserWebFilter$StaticUserFilter) to context scm
2019-10-04 14:03:23,803 [main] INFO  http.HttpServer2 (HttpServer2.java:addFilter(958)) - Added filter static_user_filter (class=org.apache.hadoop.http.lib.StaticUserWebFilter$StaticUserFilter) to context logs
2019-10-04 14:03:23,803 [main] INFO  http.HttpServer2 (HttpServer2.java:addFilter(958)) - Added filter static_user_filter (class=org.apache.hadoop.http.lib.StaticUserWebFilter$StaticUserFilter) to context static
2019-10-04 14:03:23,804 [main] INFO  server.StorageContainerManager (StorageContainerManager.java:start(770)) - StorageContainerLocationProtocol RPC server is listening at /0.0.0.0:39314
2019-10-04 14:03:23,806 [main] WARN  impl.MetricsConfig (MetricsConfig.java:loadFirst(134)) - Cannot locate configuration: tried hadoop-metrics2-storagecontainermanager.properties,hadoop-metrics2.properties
2019-10-04 14:03:23,806 [main] INFO  impl.MetricsSystemImpl (MetricsSystemImpl.java:startTimer(374)) - Scheduled Metric snapshot period at 10 second(s).
2019-10-04 14:03:23,807 [main] INFO  impl.MetricsSystemImpl (MetricsSystemImpl.java:start(191)) - StorageContainerManager metrics system started
2019-10-04 14:03:23,910 [main] WARN  impl.MetricsSystemImpl (MetricsSystemImpl.java:register(276)) - Sink prometheus already exists!
2019-10-04 14:03:23,962 [main] INFO  server.SCMClientProtocolServer (SCMClientProtocolServer.java:start(159)) - RPC server for Client  is listening at /0.0.0.0:39314
2019-10-04 14:03:23,963 [IPC Server Responder] INFO  ipc.Server (Server.java:run(1314)) - IPC Server Responder: starting
2019-10-04 14:03:23,963 [IPC Server listener on 39314] INFO  ipc.Server (Server.java:run(1153)) - IPC Server listener on 39314: starting
2019-10-04 14:03:23,966 [main] INFO  server.StorageContainerManager (StorageContainerManager.java:start(780)) - ScmBlockLocationProtocol RPC server is listening at /0.0.0.0:36179
2019-10-04 14:03:23,966 [main] INFO  server.SCMBlockProtocolServer (SCMBlockProtocolServer.java:start(146)) - RPC server for Block Protocol is listening at /0.0.0.0:36179
2019-10-04 14:03:23,967 [IPC Server Responder] INFO  ipc.Server (Server.java:run(1314)) - IPC Server Responder: starting
2019-10-04 14:03:23,967 [IPC Server listener on 36179] INFO  ipc.Server (Server.java:run(1153)) - IPC Server listener on 36179: starting
2019-10-04 14:03:23,972 [main] INFO  server.StorageContainerManager (StorageContainerManager.java:start(784)) - ScmDatanodeProtocl RPC server is listening at /0.0.0.0:45825
2019-10-04 14:03:23,972 [main] INFO  server.SCMDatanodeProtocolServer (SCMDatanodeProtocolServer.java:start(169)) - RPC server for DataNodes is listening at /0.0.0.0:45825
2019-10-04 14:03:23,973 [IPC Server Responder] INFO  ipc.Server (Server.java:run(1314)) - IPC Server Responder: starting
2019-10-04 14:03:23,973 [IPC Server listener on 45825] INFO  ipc.Server (Server.java:run(1153)) - IPC Server listener on 45825: starting
2019-10-04 14:03:23,977 [main] INFO  http.HttpServer2 (HttpServer2.java:bindListener(1191)) - Jetty bound to port 44087
2019-10-04 14:03:23,977 [main] INFO  server.Server (Server.java:doStart(351)) - jetty-9.3.25.v20180904, build timestamp: 2018-09-04T21:11:46Z, git hash: 3ce520221d0240229c862b122d2b06c12a625732
2019-10-04 14:03:23,979 [main] INFO  handler.ContextHandler (ContextHandler.java:doStart(781)) - Started o.e.j.s.ServletContextHandler@6b0f266e{/logs,file:///workdir/hadoop-ozone/integration-test/target/log,AVAILABLE}
2019-10-04 14:03:23,979 [main] INFO  handler.ContextHandler (ContextHandler.java:doStart(781)) - Started o.e.j.s.ServletContextHandler@53314f76{/static,file:///workdir/hadoop-ozone/integration-test/target/test-classes/webapps/static,AVAILABLE}
2019-10-04 14:03:23,982 [main] INFO  handler.ContextHandler (ContextHandler.java:doStart(781)) - Started o.e.j.w.WebAppContext@5b8853{/,file:///workdir/hadoop-ozone/integration-test/target/test-classes/webapps/scm/,AVAILABLE}{/scm}
2019-10-04 14:03:23,983 [main] INFO  server.AbstractConnector (AbstractConnector.java:doStart(278)) - Started ServerConnector@1b8aaeab{HTTP/1.1,[http/1.1]}{0.0.0.0:44087}
2019-10-04 14:03:23,983 [main] INFO  server.Server (Server.java:doStart(419)) - Started @585645ms
2019-10-04 14:03:23,984 [main] WARN  impl.MetricsSystemImpl (MetricsSystemImpl.java:register(276)) - Sink prometheus already exists!
2019-10-04 14:03:23,984 [main] INFO  server.BaseHttpServer (BaseHttpServer.java:updateConnectorAddress(215)) - HTTP server of SCM is listening at http://0.0.0.0:44087
2019-10-04 14:03:23,985 [main] WARN  server.ServerUtils (ServerUtils.java:getDBPath(222)) - ozone.om.db.dirs is not configured. We recommend adding this setting. Falling back to ozone.metadata.dirs instead.
2019-10-04 14:03:23,986 [org.apache.hadoop.util.JvmPauseMonitor$Monitor@6812c8cc] INFO  util.JvmPauseMonitor (JvmPauseMonitor.java:run(188)) - Starting JVM pause monitor
2019-10-04 14:03:23,999 [main] INFO  ha.OMHANodeDetails (OMHANodeDetails.java:loadOMHAConfig(190)) - Configuration either no ozone.om.address set. Falling back to the default OM address /127.0.0.1:0
2019-10-04 14:03:24,000 [main] INFO  ha.OMHANodeDetails (OMHANodeDetails.java:getOMNodeDetails(220)) - OM Service ID is not set. Setting it to the default ID: omServiceIdDefault
2019-10-04 14:03:24,000 [main] WARN  server.ServerUtils (ServerUtils.java:getDBPath(222)) - ozone.om.db.dirs is not configured. We recommend adding this setting. Falling back to ozone.metadata.dirs instead.
2019-10-04 14:03:24,000 [main] WARN  server.ServerUtils (ServerUtils.java:getDBPath(222)) - ozone.om.db.dirs is not configured. We recommend adding this setting. Falling back to ozone.metadata.dirs instead.
2019-10-04 14:03:24,005 [main] WARN  server.ServerUtils (ServerUtils.java:getDBPath(222)) - ozone.om.db.dirs is not configured. We recommend adding this setting. Falling back to ozone.metadata.dirs instead.
2019-10-04 14:03:24,005 [main] INFO  db.DBStoreBuilder (DBStoreBuilder.java:addTable(117)) - using custom profile for table: userTable
2019-10-04 14:03:24,005 [main] INFO  db.DBStoreBuilder (DBStoreBuilder.java:processTables(168)) - Using default column profile:DBProfile.DISK for Table:userTable
2019-10-04 14:03:24,005 [main] INFO  db.DBStoreBuilder (DBStoreBuilder.java:addTable(117)) - using custom profile for table: volumeTable
2019-10-04 14:03:24,006 [main] INFO  db.DBStoreBuilder (DBStoreBuilder.java:processTables(168)) - Using default column profile:DBProfile.DISK for Table:volumeTable
2019-10-04 14:03:24,006 [main] INFO  db.DBStoreBuilder (DBStoreBuilder.java:addTable(117)) - using custom profile for table: bucketTable
2019-10-04 14:03:24,006 [main] INFO  db.DBStoreBuilder (DBStoreBuilder.java:processTables(168)) - Using default column profile:DBProfile.DISK for Table:bucketTable
2019-10-04 14:03:24,006 [main] INFO  db.DBStoreBuilder (DBStoreBuilder.java:addTable(117)) - using custom profile for table: keyTable
2019-10-04 14:03:24,006 [main] INFO  db.DBStoreBuilder (DBStoreBuilder.java:processTables(168)) - Using default column profile:DBProfile.DISK for Table:keyTable
2019-10-04 14:03:24,006 [main] INFO  db.DBStoreBuilder (DBStoreBuilder.java:addTable(117)) - using custom profile for table: deletedTable
2019-10-04 14:03:24,006 [main] INFO  db.DBStoreBuilder (DBStoreBuilder.java:processTables(168)) - Using default column profile:DBProfile.DISK for Table:deletedTable
2019-10-04 14:03:24,007 [main] INFO  db.DBStoreBuilder (DBStoreBuilder.java:addTable(117)) - using custom profile for table: openKeyTable
2019-10-04 14:03:24,007 [main] INFO  db.DBStoreBuilder (DBStoreBuilder.java:processTables(168)) - Using default column profile:DBProfile.DISK for Table:openKeyTable
2019-10-04 14:03:24,007 [main] INFO  db.DBStoreBuilder (DBStoreBuilder.java:addTable(117)) - using custom profile for table: s3Table
2019-10-04 14:03:24,007 [main] INFO  db.DBStoreBuilder (DBStoreBuilder.java:processTables(168)) - Using default column profile:DBProfile.DISK for Table:s3Table
2019-10-04 14:03:24,007 [main] INFO  db.DBStoreBuilder (DBStoreBuilder.java:addTable(117)) - using custom profile for table: multipartInfoTable
2019-10-04 14:03:24,007 [main] INFO  db.DBStoreBuilder (DBStoreBuilder.java:processTables(168)) - Using default column profile:DBProfile.DISK for Table:multipartInfoTable
2019-10-04 14:03:24,008 [main] INFO  db.DBStoreBuilder (DBStoreBuilder.java:addTable(117)) - using custom profile for table: dTokenTable
2019-10-04 14:03:24,008 [main] INFO  db.DBStoreBuilder (DBStoreBuilder.java:processTables(168)) - Using default column profile:DBProfile.DISK for Table:dTokenTable
2019-10-04 14:03:24,008 [main] INFO  db.DBStoreBuilder (DBStoreBuilder.java:addTable(117)) - using custom profile for table: s3SecretTable
2019-10-04 14:03:24,008 [main] INFO  db.DBStoreBuilder (DBStoreBuilder.java:processTables(168)) - Using default column profile:DBProfile.DISK for Table:s3SecretTable
2019-10-04 14:03:24,008 [main] INFO  db.DBStoreBuilder (DBStoreBuilder.java:addTable(117)) - using custom profile for table: prefixTable
2019-10-04 14:03:24,008 [main] INFO  db.DBStoreBuilder (DBStoreBuilder.java:processTables(168)) - Using default column profile:DBProfile.DISK for Table:prefixTable
2019-10-04 14:03:24,009 [main] INFO  db.DBStoreBuilder (DBStoreBuilder.java:addTable(117)) - using custom profile for table: default
2019-10-04 14:03:24,009 [main] INFO  db.DBStoreBuilder (DBStoreBuilder.java:processTables(174)) - Using default column profile:DBProfile.DISK for Table:default
2019-10-04 14:03:24,009 [main] INFO  db.DBStoreBuilder (DBStoreBuilder.java:getDbProfile(205)) - Using default options. DBProfile.DISK
2019-10-04 14:03:24,536 [main] INFO  ipc.CallQueueManager (CallQueueManager.java:<init>(84)) - Using callQueue: class java.util.concurrent.LinkedBlockingQueue, queueCapacity: 2000, scheduler: class org.apache.hadoop.ipc.DefaultRpcScheduler, ipcBackoff: false.
2019-10-04 14:03:24,537 [Socket Reader #1 for port 43416] INFO  ipc.Server (Server.java:run(1074)) - Starting Socket Reader #1 for port 43416
2019-10-04 14:03:24,547 [main] INFO  om.OzoneManager (OzoneManager.java:start(1069)) - OzoneManager RPC server is listening at localhost/127.0.0.1:43416
2019-10-04 14:03:24,547 [main] INFO  impl.MetricsSystemImpl (MetricsSystemImpl.java:init(158)) - OzoneManager metrics system started (again)
2019-10-04 14:03:24,548 [IPC Server Responder] INFO  ipc.Server (Server.java:run(1314)) - IPC Server Responder: starting
2019-10-04 14:03:24,548 [IPC Server listener on 43416] INFO  ipc.Server (Server.java:run(1153)) - IPC Server listener on 43416: starting
2019-10-04 14:03:24,553 [main] INFO  hdfs.DFSUtil (DFSUtil.java:httpServerTemplateForNNAndJN(1641)) - Starting Web-server for ozoneManager at: http://0.0.0.0:0
2019-10-04 14:03:24,554 [main] INFO  server.AuthenticationFilter (AuthenticationFilter.java:constructSecretProvider(240)) - Unable to initialize FileSignerSecretProvider, falling back to use random secrets.
2019-10-04 14:03:24,554 [main] WARN  http.HttpRequestLog (HttpRequestLog.java:getRequestLog(97)) - Jetty request log can only be enabled using Log4j
2019-10-04 14:03:24,556 [main] INFO  http.HttpServer2 (HttpServer2.java:addGlobalFilter(975)) - Added global filter 'safety' (class=org.apache.hadoop.http.HttpServer2$QuotingInputFilter)
2019-10-04 14:03:24,556 [main] INFO  http.HttpServer2 (HttpServer2.java:addFilter(948)) - Added filter static_user_filter (class=org.apache.hadoop.http.lib.StaticUserWebFilter$StaticUserFilter) to context ozoneManager
2019-10-04 14:03:24,556 [main] INFO  http.HttpServer2 (HttpServer2.java:addFilter(958)) - Added filter static_user_filter (class=org.apache.hadoop.http.lib.StaticUserWebFilter$StaticUserFilter) to context logs
2019-10-04 14:03:24,556 [main] INFO  http.HttpServer2 (HttpServer2.java:addFilter(958)) - Added filter static_user_filter (class=org.apache.hadoop.http.lib.StaticUserWebFilter$StaticUserFilter) to context static
2019-10-04 14:03:24,557 [main] INFO  http.HttpServer2 (HttpServer2.java:bindListener(1191)) - Jetty bound to port 36460
2019-10-04 14:03:24,557 [main] INFO  server.Server (Server.java:doStart(351)) - jetty-9.3.25.v20180904, build timestamp: 2018-09-04T21:11:46Z, git hash: 3ce520221d0240229c862b122d2b06c12a625732
2019-10-04 14:03:24,558 [main] INFO  handler.ContextHandler (ContextHandler.java:doStart(781)) - Started o.e.j.s.ServletContextHandler@6842c101{/logs,file:///workdir/hadoop-ozone/integration-test/target/log,AVAILABLE}
2019-10-04 14:03:24,558 [main] INFO  handler.ContextHandler (ContextHandler.java:doStart(781)) - Started o.e.j.s.ServletContextHandler@2c48cede{/static,file:///workdir/hadoop-ozone/integration-test/target/test-classes/webapps/static,AVAILABLE}
2019-10-04 14:03:24,561 [main] INFO  handler.ContextHandler (ContextHandler.java:doStart(781)) - Started o.e.j.w.WebAppContext@3009eed7{/,file:///workdir/hadoop-ozone/integration-test/target/test-classes/webapps/ozoneManager/,AVAILABLE}{/ozoneManager}
2019-10-04 14:03:24,562 [main] INFO  server.AbstractConnector (AbstractConnector.java:doStart(278)) - Started ServerConnector@2ee4706d{HTTP/1.1,[http/1.1]}{0.0.0.0:36460}
2019-10-04 14:03:24,562 [main] INFO  server.Server (Server.java:doStart(419)) - Started @586224ms
2019-10-04 14:03:24,563 [main] WARN  impl.MetricsSystemImpl (MetricsSystemImpl.java:register(276)) - Sink prometheus already exists!
2019-10-04 14:03:24,563 [main] INFO  server.BaseHttpServer (BaseHttpServer.java:updateConnectorAddress(215)) - HTTP server of OZONEMANAGER is listening at http://0.0.0.0:36460
2019-10-04 14:03:24,581 [main] INFO  impl.MetricsSystemImpl (MetricsSystemImpl.java:init(158)) - HddsDatanode metrics system started (again)
2019-10-04 14:03:24,585 [main] INFO  ozone.HddsDatanodeService (HddsDatanodeService.java:start(184)) - HddsDatanodeService host:pr-hdds-2204-d78b8-1674338442 ip:192.168.5.142
2019-10-04 14:03:24,590 [main] INFO  volume.HddsVolume (HddsVolume.java:<init>(176)) - Creating Volume: /workdir/hadoop-ozone/integration-test/target/test-dir/MiniOzoneClusterImpl-a706a60c-ed98-4f98-a126-279d51990bf3/datanode-0/data/containers/hdds of  storage type : DISK and capacity : 1482555576320
2019-10-04 14:03:24,591 [main] INFO  volume.VolumeSet (VolumeSet.java:initializeVolumeSet(170)) - Added Volume : /workdir/hadoop-ozone/integration-test/target/test-dir/MiniOzoneClusterImpl-a706a60c-ed98-4f98-a126-279d51990bf3/datanode-0/data/containers/hdds to VolumeSet
2019-10-04 14:03:24,591 [main] INFO  volume.ThrottledAsyncChecker (ThrottledAsyncChecker.java:schedule(139)) - Scheduling a check for org.apache.hadoop.ozone.container.common.volume.HddsVolume@3ab595c8
2019-10-04 14:03:24,591 [main] INFO  volume.HddsVolumeChecker (HddsVolumeChecker.java:checkAllVolumes(202)) - Scheduled health check for volume org.apache.hadoop.ozone.container.common.volume.HddsVolume@3ab595c8
2019-10-04 14:03:24,604 [main] INFO  impl.RaftServerProxy (ConfUtils.java:logGet(43)) - raft.rpc.type = GRPC (default)
2019-10-04 14:03:24,605 [main] INFO  grpc.GrpcFactory (GrpcFactory.java:checkPooledByteBufAllocatorUseCacheForAllThreads(45)) - PERFORMANCE WARNING: useCacheForAllThreads is true that may cause Netty to create a lot garbage objects and, as a result, trigger GC.
	It is recommended to disable useCacheForAllThreads by setting -Dorg.apache.ratis.thirdparty.io.netty.allocator.useCacheForAllThreads=false in command line.
2019-10-04 14:03:24,605 [main] INFO  grpc.GrpcConfigKeys$Server (ConfUtils.java:logGet(43)) - raft.grpc.server.port = 0 (default)
2019-10-04 14:03:24,605 [main] INFO  server.GrpcService (ConfUtils.java:logGet(43)) - raft.grpc.message.size.max = 33570816 (custom)
2019-10-04 14:03:24,605 [main] INFO  server.RaftServerConfigKeys (ConfUtils.java:logGet(43)) - raft.server.log.appender.buffer.byte-limit = 33554432 (custom)
2019-10-04 14:03:24,605 [main] INFO  server.GrpcService (ConfUtils.java:logGet(43)) - raft.grpc.flow.control.window = 1MB (=1048576) (default)
2019-10-04 14:03:24,606 [main] INFO  server.RaftServerConfigKeys (ConfUtils.java:logGet(43)) - raft.server.rpc.request.timeout = 3000ms (default)
2019-10-04 14:03:24,606 [main] INFO  server.RaftServerConfigKeys (ConfUtils.java:logGet(43)) - raft.server.storage.dir = [/workdir/hadoop-ozone/integration-test/target/test-dir/MiniOzoneClusterImpl-a706a60c-ed98-4f98-a126-279d51990bf3/datanode-0/data/ratis] (custom)
2019-10-04 14:03:24,608 [main] INFO  hdfs.DFSUtil (DFSUtil.java:httpServerTemplateForNNAndJN(1641)) - Starting Web-server for hddsDatanode at: http://0.0.0.0:0
2019-10-04 14:03:24,609 [main] INFO  server.AuthenticationFilter (AuthenticationFilter.java:constructSecretProvider(240)) - Unable to initialize FileSignerSecretProvider, falling back to use random secrets.
2019-10-04 14:03:24,609 [main] WARN  http.HttpRequestLog (HttpRequestLog.java:getRequestLog(97)) - Jetty request log can only be enabled using Log4j
2019-10-04 14:03:24,611 [main] INFO  http.HttpServer2 (HttpServer2.java:addGlobalFilter(975)) - Added global filter 'safety' (class=org.apache.hadoop.http.HttpServer2$QuotingInputFilter)
2019-10-04 14:03:24,611 [main] INFO  http.HttpServer2 (HttpServer2.java:addFilter(948)) - Added filter static_user_filter (class=org.apache.hadoop.http.lib.StaticUserWebFilter$StaticUserFilter) to context hddsDatanode
2019-10-04 14:03:24,611 [main] INFO  http.HttpServer2 (HttpServer2.java:addFilter(958)) - Added filter static_user_filter (class=org.apache.hadoop.http.lib.StaticUserWebFilter$StaticUserFilter) to context logs
2019-10-04 14:03:24,611 [main] INFO  http.HttpServer2 (HttpServer2.java:addFilter(958)) - Added filter static_user_filter (class=org.apache.hadoop.http.lib.StaticUserWebFilter$StaticUserFilter) to context static
2019-10-04 14:03:24,612 [main] INFO  http.HttpServer2 (HttpServer2.java:bindListener(1191)) - Jetty bound to port 43801
2019-10-04 14:03:24,612 [main] INFO  server.Server (Server.java:doStart(351)) - jetty-9.3.25.v20180904, build timestamp: 2018-09-04T21:11:46Z, git hash: 3ce520221d0240229c862b122d2b06c12a625732
2019-10-04 14:03:24,613 [main] INFO  handler.ContextHandler (ContextHandler.java:doStart(781)) - Started o.e.j.s.ServletContextHandler@5ca4dce5{/logs,file:///workdir/hadoop-ozone/integration-test/target/log,AVAILABLE}
2019-10-04 14:03:24,614 [main] INFO  handler.ContextHandler (ContextHandler.java:doStart(781)) - Started o.e.j.s.ServletContextHandler@7d133fb7{/static,jar:file:/home/user/.m2/repository/org/apache/hadoop/hadoop-hdds-container-service/0.5.0-SNAPSHOT/hadoop-hdds-container-service-0.5.0-SNAPSHOT.jar!/webapps/static,AVAILABLE}
2019-10-04 14:03:24,648 [main] INFO  handler.ContextHandler (ContextHandler.java:doStart(781)) - Started o.e.j.w.WebAppContext@284990de{/,file:///tmp/jetty-0.0.0.0-43801-hddsDatanode-_-any-2041269028536270136.dir/webapp/,AVAILABLE}{/hddsDatanode}
2019-10-04 14:03:24,649 [main] INFO  server.AbstractConnector (AbstractConnector.java:doStart(278)) - Started ServerConnector@565d7d2f{HTTP/1.1,[http/1.1]}{0.0.0.0:43801}
2019-10-04 14:03:24,650 [main] INFO  server.Server (Server.java:doStart(419)) - Started @586312ms
2019-10-04 14:03:24,651 [main] WARN  impl.MetricsSystemImpl (MetricsSystemImpl.java:register(276)) - Sink prometheus already exists!
2019-10-04 14:03:24,651 [main] INFO  server.BaseHttpServer (BaseHttpServer.java:updateConnectorAddress(215)) - HTTP server of HDDSDATANODE is listening at http://0.0.0.0:43801
2019-10-04 14:03:24,652 [main] INFO  impl.MetricsSystemImpl (MetricsSystemImpl.java:init(158)) - HddsDatanode metrics system started (again)
2019-10-04 14:03:24,656 [org.apache.hadoop.util.JvmPauseMonitor$Monitor@6da6d02f] INFO  util.JvmPauseMonitor (JvmPauseMonitor.java:run(188)) - Starting JVM pause monitor
2019-10-04 14:03:24,656 [main] INFO  ozone.HddsDatanodeService (HddsDatanodeService.java:start(184)) - HddsDatanodeService host:pr-hdds-2204-d78b8-1674338442 ip:192.168.5.142
2019-10-04 14:03:24,657 [Datanode State Machine Thread - 0] INFO  datanode.InitDatanodeState (InitDatanodeState.java:persistContainerDatanodeDetails(140)) - DatanodeDetails is persisted to /workdir/hadoop-ozone/integration-test/target/test-dir/MiniOzoneClusterImpl-a706a60c-ed98-4f98-a126-279d51990bf3/datanode-0/meta/datanode.id
2019-10-04 14:03:24,661 [main] INFO  volume.HddsVolume (HddsVolume.java:<init>(176)) - Creating Volume: /workdir/hadoop-ozone/integration-test/target/test-dir/MiniOzoneClusterImpl-a706a60c-ed98-4f98-a126-279d51990bf3/datanode-1/data/containers/hdds of  storage type : DISK and capacity : 1482555576320
2019-10-04 14:03:24,662 [main] INFO  volume.VolumeSet (VolumeSet.java:initializeVolumeSet(170)) - Added Volume : /workdir/hadoop-ozone/integration-test/target/test-dir/MiniOzoneClusterImpl-a706a60c-ed98-4f98-a126-279d51990bf3/datanode-1/data/containers/hdds to VolumeSet
2019-10-04 14:03:24,662 [main] INFO  volume.ThrottledAsyncChecker (ThrottledAsyncChecker.java:schedule(139)) - Scheduling a check for org.apache.hadoop.ozone.container.common.volume.HddsVolume@561f9d92
2019-10-04 14:03:24,662 [main] INFO  volume.HddsVolumeChecker (HddsVolumeChecker.java:checkAllVolumes(202)) - Scheduled health check for volume org.apache.hadoop.ozone.container.common.volume.HddsVolume@561f9d92
2019-10-04 14:03:24,675 [main] INFO  impl.RaftServerProxy (ConfUtils.java:logGet(43)) - raft.rpc.type = GRPC (default)
2019-10-04 14:03:24,675 [main] INFO  grpc.GrpcFactory (GrpcFactory.java:checkPooledByteBufAllocatorUseCacheForAllThreads(45)) - PERFORMANCE WARNING: useCacheForAllThreads is true that may cause Netty to create a lot garbage objects and, as a result, trigger GC.
	It is recommended to disable useCacheForAllThreads by setting -Dorg.apache.ratis.thirdparty.io.netty.allocator.useCacheForAllThreads=false in command line.
2019-10-04 14:03:24,675 [main] INFO  grpc.GrpcConfigKeys$Server (ConfUtils.java:logGet(43)) - raft.grpc.server.port = 0 (default)
2019-10-04 14:03:24,676 [main] INFO  server.GrpcService (ConfUtils.java:logGet(43)) - raft.grpc.message.size.max = 33570816 (custom)
2019-10-04 14:03:24,676 [main] INFO  server.RaftServerConfigKeys (ConfUtils.java:logGet(43)) - raft.server.log.appender.buffer.byte-limit = 33554432 (custom)
2019-10-04 14:03:24,676 [main] INFO  server.GrpcService (ConfUtils.java:logGet(43)) - raft.grpc.flow.control.window = 1MB (=1048576) (default)
2019-10-04 14:03:24,676 [main] INFO  server.RaftServerConfigKeys (ConfUtils.java:logGet(43)) - raft.server.rpc.request.timeout = 3000ms (default)
2019-10-04 14:03:24,676 [main] INFO  server.RaftServerConfigKeys (ConfUtils.java:logGet(43)) - raft.server.storage.dir = [/workdir/hadoop-ozone/integration-test/target/test-dir/MiniOzoneClusterImpl-a706a60c-ed98-4f98-a126-279d51990bf3/datanode-1/data/ratis] (custom)
2019-10-04 14:03:24,678 [main] INFO  hdfs.DFSUtil (DFSUtil.java:httpServerTemplateForNNAndJN(1641)) - Starting Web-server for hddsDatanode at: http://0.0.0.0:0
2019-10-04 14:03:24,679 [main] INFO  server.AuthenticationFilter (AuthenticationFilter.java:constructSecretProvider(240)) - Unable to initialize FileSignerSecretProvider, falling back to use random secrets.
2019-10-04 14:03:24,679 [main] WARN  http.HttpRequestLog (HttpRequestLog.java:getRequestLog(97)) - Jetty request log can only be enabled using Log4j
2019-10-04 14:03:24,680 [main] INFO  http.HttpServer2 (HttpServer2.java:addGlobalFilter(975)) - Added global filter 'safety' (class=org.apache.hadoop.http.HttpServer2$QuotingInputFilter)
2019-10-04 14:03:24,681 [main] INFO  http.HttpServer2 (HttpServer2.java:addFilter(948)) - Added filter static_user_filter (class=org.apache.hadoop.http.lib.StaticUserWebFilter$StaticUserFilter) to context hddsDatanode
2019-10-04 14:03:24,681 [main] INFO  http.HttpServer2 (HttpServer2.java:addFilter(958)) - Added filter static_user_filter (class=org.apache.hadoop.http.lib.StaticUserWebFilter$StaticUserFilter) to context static
2019-10-04 14:03:24,681 [main] INFO  http.HttpServer2 (HttpServer2.java:addFilter(958)) - Added filter static_user_filter (class=org.apache.hadoop.http.lib.StaticUserWebFilter$StaticUserFilter) to context logs
2019-10-04 14:03:24,682 [main] INFO  http.HttpServer2 (HttpServer2.java:bindListener(1191)) - Jetty bound to port 39766
2019-10-04 14:03:24,682 [main] INFO  server.Server (Server.java:doStart(351)) - jetty-9.3.25.v20180904, build timestamp: 2018-09-04T21:11:46Z, git hash: 3ce520221d0240229c862b122d2b06c12a625732
2019-10-04 14:03:24,683 [main] INFO  handler.ContextHandler (ContextHandler.java:doStart(781)) - Started o.e.j.s.ServletContextHandler@7364f68{/logs,file:///workdir/hadoop-ozone/integration-test/target/log,AVAILABLE}
2019-10-04 14:03:24,683 [main] INFO  handler.ContextHandler (ContextHandler.java:doStart(781)) - Started o.e.j.s.ServletContextHandler@7ea42c82{/static,jar:file:/home/user/.m2/repository/org/apache/hadoop/hadoop-hdds-container-service/0.5.0-SNAPSHOT/hadoop-hdds-container-service-0.5.0-SNAPSHOT.jar!/webapps/static,AVAILABLE}
2019-10-04 14:03:24,709 [main] INFO  handler.ContextHandler (ContextHandler.java:doStart(781)) - Started o.e.j.w.WebAppContext@226d5af0{/,file:///tmp/jetty-0.0.0.0-39766-hddsDatanode-_-any-4248146315136138873.dir/webapp/,AVAILABLE}{/hddsDatanode}
2019-10-04 14:03:24,710 [main] INFO  server.AbstractConnector (AbstractConnector.java:doStart(278)) - Started ServerConnector@527937d0{HTTP/1.1,[http/1.1]}{0.0.0.0:39766}
2019-10-04 14:03:24,711 [main] INFO  server.Server (Server.java:doStart(419)) - Started @586373ms
2019-10-04 14:03:24,711 [main] WARN  impl.MetricsSystemImpl (MetricsSystemImpl.java:register(276)) - Sink prometheus already exists!
2019-10-04 14:03:24,712 [main] INFO  server.BaseHttpServer (BaseHttpServer.java:updateConnectorAddress(215)) - HTTP server of HDDSDATANODE is listening at http://0.0.0.0:39766
2019-10-04 14:03:24,712 [main] INFO  impl.MetricsSystemImpl (MetricsSystemImpl.java:init(158)) - HddsDatanode metrics system started (again)
2019-10-04 14:03:24,716 [org.apache.hadoop.util.JvmPauseMonitor$Monitor@3b2d54b0] INFO  util.JvmPauseMonitor (JvmPauseMonitor.java:run(188)) - Starting JVM pause monitor
2019-10-04 14:03:24,716 [main] INFO  ozone.HddsDatanodeService (HddsDatanodeService.java:start(184)) - HddsDatanodeService host:pr-hdds-2204-d78b8-1674338442 ip:192.168.5.142
2019-10-04 14:03:24,717 [Datanode State Machine Thread - 0] INFO  datanode.InitDatanodeState (InitDatanodeState.java:persistContainerDatanodeDetails(140)) - DatanodeDetails is persisted to /workdir/hadoop-ozone/integration-test/target/test-dir/MiniOzoneClusterImpl-a706a60c-ed98-4f98-a126-279d51990bf3/datanode-1/meta/datanode.id
2019-10-04 14:03:24,721 [main] INFO  volume.HddsVolume (HddsVolume.java:<init>(176)) - Creating Volume: /workdir/hadoop-ozone/integration-test/target/test-dir/MiniOzoneClusterImpl-a706a60c-ed98-4f98-a126-279d51990bf3/datanode-2/data/containers/hdds of  storage type : DISK and capacity : 1482555576320
2019-10-04 14:03:24,721 [main] INFO  volume.VolumeSet (VolumeSet.java:initializeVolumeSet(170)) - Added Volume : /workdir/hadoop-ozone/integration-test/target/test-dir/MiniOzoneClusterImpl-a706a60c-ed98-4f98-a126-279d51990bf3/datanode-2/data/containers/hdds to VolumeSet
2019-10-04 14:03:24,722 [main] INFO  volume.ThrottledAsyncChecker (ThrottledAsyncChecker.java:schedule(139)) - Scheduling a check for org.apache.hadoop.ozone.container.common.volume.HddsVolume@78116659
2019-10-04 14:03:24,722 [main] INFO  volume.HddsVolumeChecker (HddsVolumeChecker.java:checkAllVolumes(202)) - Scheduled health check for volume org.apache.hadoop.ozone.container.common.volume.HddsVolume@78116659
2019-10-04 14:03:24,734 [main] INFO  impl.RaftServerProxy (ConfUtils.java:logGet(43)) - raft.rpc.type = GRPC (default)
2019-10-04 14:03:24,734 [main] INFO  grpc.GrpcFactory (GrpcFactory.java:checkPooledByteBufAllocatorUseCacheForAllThreads(45)) - PERFORMANCE WARNING: useCacheForAllThreads is true that may cause Netty to create a lot garbage objects and, as a result, trigger GC.
	It is recommended to disable useCacheForAllThreads by setting -Dorg.apache.ratis.thirdparty.io.netty.allocator.useCacheForAllThreads=false in command line.
2019-10-04 14:03:24,735 [main] INFO  grpc.GrpcConfigKeys$Server (ConfUtils.java:logGet(43)) - raft.grpc.server.port = 0 (default)
2019-10-04 14:03:24,735 [main] INFO  server.GrpcService (ConfUtils.java:logGet(43)) - raft.grpc.message.size.max = 33570816 (custom)
2019-10-04 14:03:24,735 [main] INFO  server.RaftServerConfigKeys (ConfUtils.java:logGet(43)) - raft.server.log.appender.buffer.byte-limit = 33554432 (custom)
2019-10-04 14:03:24,735 [main] INFO  server.GrpcService (ConfUtils.java:logGet(43)) - raft.grpc.flow.control.window = 1MB (=1048576) (default)
2019-10-04 14:03:24,735 [main] INFO  server.RaftServerConfigKeys (ConfUtils.java:logGet(43)) - raft.server.rpc.request.timeout = 3000ms (default)
2019-10-04 14:03:24,736 [main] INFO  server.RaftServerConfigKeys (ConfUtils.java:logGet(43)) - raft.server.storage.dir = [/workdir/hadoop-ozone/integration-test/target/test-dir/MiniOzoneClusterImpl-a706a60c-ed98-4f98-a126-279d51990bf3/datanode-2/data/ratis] (custom)
2019-10-04 14:03:24,737 [main] INFO  hdfs.DFSUtil (DFSUtil.java:httpServerTemplateForNNAndJN(1641)) - Starting Web-server for hddsDatanode at: http://0.0.0.0:0
2019-10-04 14:03:24,738 [main] INFO  server.AuthenticationFilter (AuthenticationFilter.java:constructSecretProvider(240)) - Unable to initialize FileSignerSecretProvider, falling back to use random secrets.
2019-10-04 14:03:24,738 [main] WARN  http.HttpRequestLog (HttpRequestLog.java:getRequestLog(97)) - Jetty request log can only be enabled using Log4j
2019-10-04 14:03:24,739 [main] INFO  http.HttpServer2 (HttpServer2.java:addGlobalFilter(975)) - Added global filter 'safety' (class=org.apache.hadoop.http.HttpServer2$QuotingInputFilter)
2019-10-04 14:03:24,740 [main] INFO  http.HttpServer2 (HttpServer2.java:addFilter(948)) - Added filter static_user_filter (class=org.apache.hadoop.http.lib.StaticUserWebFilter$StaticUserFilter) to context hddsDatanode
2019-10-04 14:03:24,740 [main] INFO  http.HttpServer2 (HttpServer2.java:addFilter(958)) - Added filter static_user_filter (class=org.apache.hadoop.http.lib.StaticUserWebFilter$StaticUserFilter) to context logs
2019-10-04 14:03:24,740 [main] INFO  http.HttpServer2 (HttpServer2.java:addFilter(958)) - Added filter static_user_filter (class=org.apache.hadoop.http.lib.StaticUserWebFilter$StaticUserFilter) to context static
2019-10-04 14:03:24,740 [main] INFO  http.HttpServer2 (HttpServer2.java:bindListener(1191)) - Jetty bound to port 42264
2019-10-04 14:03:24,741 [main] INFO  server.Server (Server.java:doStart(351)) - jetty-9.3.25.v20180904, build timestamp: 2018-09-04T21:11:46Z, git hash: 3ce520221d0240229c862b122d2b06c12a625732
2019-10-04 14:03:24,742 [main] INFO  handler.ContextHandler (ContextHandler.java:doStart(781)) - Started o.e.j.s.ServletContextHandler@935493d{/logs,file:///workdir/hadoop-ozone/integration-test/target/log,AVAILABLE}
2019-10-04 14:03:24,742 [main] INFO  handler.ContextHandler (ContextHandler.java:doStart(781)) - Started o.e.j.s.ServletContextHandler@34c62fdf{/static,jar:file:/home/user/.m2/repository/org/apache/hadoop/hadoop-hdds-container-service/0.5.0-SNAPSHOT/hadoop-hdds-container-service-0.5.0-SNAPSHOT.jar!/webapps/static,AVAILABLE}
2019-10-04 14:03:24,768 [main] INFO  handler.ContextHandler (ContextHandler.java:doStart(781)) - Started o.e.j.w.WebAppContext@289f15e9{/,file:///tmp/jetty-0.0.0.0-42264-hddsDatanode-_-any-6040956763246006834.dir/webapp/,AVAILABLE}{/hddsDatanode}
2019-10-04 14:03:24,769 [main] INFO  server.AbstractConnector (AbstractConnector.java:doStart(278)) - Started ServerConnector@7f22687e{HTTP/1.1,[http/1.1]}{0.0.0.0:42264}
2019-10-04 14:03:24,770 [main] INFO  server.Server (Server.java:doStart(419)) - Started @586432ms
2019-10-04 14:03:24,770 [main] WARN  impl.MetricsSystemImpl (MetricsSystemImpl.java:register(276)) - Sink prometheus already exists!
2019-10-04 14:03:24,771 [main] INFO  server.BaseHttpServer (BaseHttpServer.java:updateConnectorAddress(215)) - HTTP server of HDDSDATANODE is listening at http://0.0.0.0:42264
2019-10-04 14:03:24,771 [main] INFO  impl.MetricsSystemImpl (MetricsSystemImpl.java:init(158)) - HddsDatanode metrics system started (again)
2019-10-04 14:03:24,775 [org.apache.hadoop.util.JvmPauseMonitor$Monitor@1cb97b6b] INFO  util.JvmPauseMonitor (JvmPauseMonitor.java:run(188)) - Starting JVM pause monitor
2019-10-04 14:03:24,776 [main] INFO  ozone.HddsDatanodeService (HddsDatanodeService.java:start(184)) - HddsDatanodeService host:pr-hdds-2204-d78b8-1674338442 ip:192.168.5.142
2019-10-04 14:03:24,776 [Datanode State Machine Thread - 0] INFO  datanode.InitDatanodeState (InitDatanodeState.java:persistContainerDatanodeDetails(140)) - DatanodeDetails is persisted to /workdir/hadoop-ozone/integration-test/target/test-dir/MiniOzoneClusterImpl-a706a60c-ed98-4f98-a126-279d51990bf3/datanode-2/meta/datanode.id
2019-10-04 14:03:24,780 [main] INFO  volume.HddsVolume (HddsVolume.java:<init>(176)) - Creating Volume: /workdir/hadoop-ozone/integration-test/target/test-dir/MiniOzoneClusterImpl-a706a60c-ed98-4f98-a126-279d51990bf3/datanode-3/data/containers/hdds of  storage type : DISK and capacity : 1482555576320
2019-10-04 14:03:24,781 [main] INFO  volume.VolumeSet (VolumeSet.java:initializeVolumeSet(170)) - Added Volume : /workdir/hadoop-ozone/integration-test/target/test-dir/MiniOzoneClusterImpl-a706a60c-ed98-4f98-a126-279d51990bf3/datanode-3/data/containers/hdds to VolumeSet
2019-10-04 14:03:24,781 [main] INFO  volume.ThrottledAsyncChecker (ThrottledAsyncChecker.java:schedule(139)) - Scheduling a check for org.apache.hadoop.ozone.container.common.volume.HddsVolume@18a98913
2019-10-04 14:03:24,781 [main] INFO  volume.HddsVolumeChecker (HddsVolumeChecker.java:checkAllVolumes(202)) - Scheduled health check for volume org.apache.hadoop.ozone.container.common.volume.HddsVolume@18a98913
2019-10-04 14:03:24,792 [main] INFO  impl.RaftServerProxy (ConfUtils.java:logGet(43)) - raft.rpc.type = GRPC (default)
2019-10-04 14:03:24,793 [main] INFO  grpc.GrpcFactory (GrpcFactory.java:checkPooledByteBufAllocatorUseCacheForAllThreads(45)) - PERFORMANCE WARNING: useCacheForAllThreads is true that may cause Netty to create a lot garbage objects and, as a result, trigger GC.
	It is recommended to disable useCacheForAllThreads by setting -Dorg.apache.ratis.thirdparty.io.netty.allocator.useCacheForAllThreads=false in command line.
2019-10-04 14:03:24,793 [main] INFO  grpc.GrpcConfigKeys$Server (ConfUtils.java:logGet(43)) - raft.grpc.server.port = 0 (default)
2019-10-04 14:03:24,793 [main] INFO  server.GrpcService (ConfUtils.java:logGet(43)) - raft.grpc.message.size.max = 33570816 (custom)
2019-10-04 14:03:24,794 [main] INFO  server.RaftServerConfigKeys (ConfUtils.java:logGet(43)) - raft.server.log.appender.buffer.byte-limit = 33554432 (custom)
2019-10-04 14:03:24,794 [main] INFO  server.GrpcService (ConfUtils.java:logGet(43)) - raft.grpc.flow.control.window = 1MB (=1048576) (default)
2019-10-04 14:03:24,794 [main] INFO  server.RaftServerConfigKeys (ConfUtils.java:logGet(43)) - raft.server.rpc.request.timeout = 3000ms (default)
2019-10-04 14:03:24,794 [main] INFO  server.RaftServerConfigKeys (ConfUtils.java:logGet(43)) - raft.server.storage.dir = [/workdir/hadoop-ozone/integration-test/target/test-dir/MiniOzoneClusterImpl-a706a60c-ed98-4f98-a126-279d51990bf3/datanode-3/data/ratis] (custom)
2019-10-04 14:03:24,796 [main] INFO  hdfs.DFSUtil (DFSUtil.java:httpServerTemplateForNNAndJN(1641)) - Starting Web-server for hddsDatanode at: http://0.0.0.0:0
2019-10-04 14:03:24,797 [main] INFO  server.AuthenticationFilter (AuthenticationFilter.java:constructSecretProvider(240)) - Unable to initialize FileSignerSecretProvider, falling back to use random secrets.
2019-10-04 14:03:24,797 [main] WARN  http.HttpRequestLog (HttpRequestLog.java:getRequestLog(97)) - Jetty request log can only be enabled using Log4j
2019-10-04 14:03:24,798 [main] INFO  http.HttpServer2 (HttpServer2.java:addGlobalFilter(975)) - Added global filter 'safety' (class=org.apache.hadoop.http.HttpServer2$QuotingInputFilter)
2019-10-04 14:03:24,799 [main] INFO  http.HttpServer2 (HttpServer2.java:addFilter(948)) - Added filter static_user_filter (class=org.apache.hadoop.http.lib.StaticUserWebFilter$StaticUserFilter) to context hddsDatanode
2019-10-04 14:03:24,799 [main] INFO  http.HttpServer2 (HttpServer2.java:addFilter(958)) - Added filter static_user_filter (class=org.apache.hadoop.http.lib.StaticUserWebFilter$StaticUserFilter) to context static
2019-10-04 14:03:24,799 [main] INFO  http.HttpServer2 (HttpServer2.java:addFilter(958)) - Added filter static_user_filter (class=org.apache.hadoop.http.lib.StaticUserWebFilter$StaticUserFilter) to context logs
2019-10-04 14:03:24,799 [main] INFO  http.HttpServer2 (HttpServer2.java:bindListener(1191)) - Jetty bound to port 42219
2019-10-04 14:03:24,800 [main] INFO  server.Server (Server.java:doStart(351)) - jetty-9.3.25.v20180904, build timestamp: 2018-09-04T21:11:46Z, git hash: 3ce520221d0240229c862b122d2b06c12a625732
2019-10-04 14:03:24,801 [main] INFO  handler.ContextHandler (ContextHandler.java:doStart(781)) - Started o.e.j.s.ServletContextHandler@7d50f2a8{/logs,file:///workdir/hadoop-ozone/integration-test/target/log,AVAILABLE}
2019-10-04 14:03:24,801 [main] INFO  handler.ContextHandler (ContextHandler.java:doStart(781)) - Started o.e.j.s.ServletContextHandler@37ca3ca8{/static,jar:file:/home/user/.m2/repository/org/apache/hadoop/hadoop-hdds-container-service/0.5.0-SNAPSHOT/hadoop-hdds-container-service-0.5.0-SNAPSHOT.jar!/webapps/static,AVAILABLE}
2019-10-04 14:03:24,828 [main] INFO  handler.ContextHandler (ContextHandler.java:doStart(781)) - Started o.e.j.w.WebAppContext@7761e342{/,file:///tmp/jetty-0.0.0.0-42219-hddsDatanode-_-any-7807078788968820475.dir/webapp/,AVAILABLE}{/hddsDatanode}
2019-10-04 14:03:24,828 [main] INFO  server.AbstractConnector (AbstractConnector.java:doStart(278)) - Started ServerConnector@51f68849{HTTP/1.1,[http/1.1]}{0.0.0.0:42219}
2019-10-04 14:03:24,829 [main] INFO  server.Server (Server.java:doStart(419)) - Started @586491ms
2019-10-04 14:03:24,830 [main] WARN  impl.MetricsSystemImpl (MetricsSystemImpl.java:register(276)) - Sink prometheus already exists!
2019-10-04 14:03:24,830 [main] INFO  server.BaseHttpServer (BaseHttpServer.java:updateConnectorAddress(215)) - HTTP server of HDDSDATANODE is listening at http://0.0.0.0:42219
2019-10-04 14:03:24,831 [main] INFO  impl.MetricsSystemImpl (MetricsSystemImpl.java:init(158)) - HddsDatanode metrics system started (again)
2019-10-04 14:03:24,835 [org.apache.hadoop.util.JvmPauseMonitor$Monitor@cefebd7] INFO  util.JvmPauseMonitor (JvmPauseMonitor.java:run(188)) - Starting JVM pause monitor
2019-10-04 14:03:24,836 [main] INFO  ozone.HddsDatanodeService (HddsDatanodeService.java:start(184)) - HddsDatanodeService host:pr-hdds-2204-d78b8-1674338442 ip:192.168.5.142
2019-10-04 14:03:24,836 [Datanode State Machine Thread - 0] INFO  datanode.InitDatanodeState (InitDatanodeState.java:persistContainerDatanodeDetails(140)) - DatanodeDetails is persisted to /workdir/hadoop-ozone/integration-test/target/test-dir/MiniOzoneClusterImpl-a706a60c-ed98-4f98-a126-279d51990bf3/datanode-3/meta/datanode.id
2019-10-04 14:03:24,841 [main] INFO  volume.HddsVolume (HddsVolume.java:<init>(176)) - Creating Volume: /workdir/hadoop-ozone/integration-test/target/test-dir/MiniOzoneClusterImpl-a706a60c-ed98-4f98-a126-279d51990bf3/datanode-4/data/containers/hdds of  storage type : DISK and capacity : 1482555576320
2019-10-04 14:03:24,841 [main] INFO  volume.VolumeSet (VolumeSet.java:initializeVolumeSet(170)) - Added Volume : /workdir/hadoop-ozone/integration-test/target/test-dir/MiniOzoneClusterImpl-a706a60c-ed98-4f98-a126-279d51990bf3/datanode-4/data/containers/hdds to VolumeSet
2019-10-04 14:03:24,841 [main] INFO  volume.ThrottledAsyncChecker (ThrottledAsyncChecker.java:schedule(139)) - Scheduling a check for org.apache.hadoop.ozone.container.common.volume.HddsVolume@4faf1f4
2019-10-04 14:03:24,842 [main] INFO  volume.HddsVolumeChecker (HddsVolumeChecker.java:checkAllVolumes(202)) - Scheduled health check for volume org.apache.hadoop.ozone.container.common.volume.HddsVolume@4faf1f4
2019-10-04 14:03:24,853 [main] INFO  impl.RaftServerProxy (ConfUtils.java:logGet(43)) - raft.rpc.type = GRPC (default)
2019-10-04 14:03:24,853 [main] INFO  grpc.GrpcFactory (GrpcFactory.java:checkPooledByteBufAllocatorUseCacheForAllThreads(45)) - PERFORMANCE WARNING: useCacheForAllThreads is true that may cause Netty to create a lot garbage objects and, as a result, trigger GC.
	It is recommended to disable useCacheForAllThreads by setting -Dorg.apache.ratis.thirdparty.io.netty.allocator.useCacheForAllThreads=false in command line.
2019-10-04 14:03:24,853 [main] INFO  grpc.GrpcConfigKeys$Server (ConfUtils.java:logGet(43)) - raft.grpc.server.port = 0 (default)
2019-10-04 14:03:24,854 [main] INFO  server.GrpcService (ConfUtils.java:logGet(43)) - raft.grpc.message.size.max = 33570816 (custom)
2019-10-04 14:03:24,854 [main] INFO  server.RaftServerConfigKeys (ConfUtils.java:logGet(43)) - raft.server.log.appender.buffer.byte-limit = 33554432 (custom)
2019-10-04 14:03:24,854 [main] INFO  server.GrpcService (ConfUtils.java:logGet(43)) - raft.grpc.flow.control.window = 1MB (=1048576) (default)
2019-10-04 14:03:24,854 [main] INFO  server.RaftServerConfigKeys (ConfUtils.java:logGet(43)) - raft.server.rpc.request.timeout = 3000ms (default)
2019-10-04 14:03:24,855 [main] INFO  server.RaftServerConfigKeys (ConfUtils.java:logGet(43)) - raft.server.storage.dir = [/workdir/hadoop-ozone/integration-test/target/test-dir/MiniOzoneClusterImpl-a706a60c-ed98-4f98-a126-279d51990bf3/datanode-4/data/ratis] (custom)
2019-10-04 14:03:24,856 [main] INFO  hdfs.DFSUtil (DFSUtil.java:httpServerTemplateForNNAndJN(1641)) - Starting Web-server for hddsDatanode at: http://0.0.0.0:0
2019-10-04 14:03:24,857 [main] INFO  server.AuthenticationFilter (AuthenticationFilter.java:constructSecretProvider(240)) - Unable to initialize FileSignerSecretProvider, falling back to use random secrets.
2019-10-04 14:03:24,857 [main] WARN  http.HttpRequestLog (HttpRequestLog.java:getRequestLog(97)) - Jetty request log can only be enabled using Log4j
2019-10-04 14:03:24,859 [main] INFO  http.HttpServer2 (HttpServer2.java:addGlobalFilter(975)) - Added global filter 'safety' (class=org.apache.hadoop.http.HttpServer2$QuotingInputFilter)
2019-10-04 14:03:24,860 [main] INFO  http.HttpServer2 (HttpServer2.java:addFilter(948)) - Added filter static_user_filter (class=org.apache.hadoop.http.lib.StaticUserWebFilter$StaticUserFilter) to context hddsDatanode
2019-10-04 14:03:24,860 [main] INFO  http.HttpServer2 (HttpServer2.java:addFilter(958)) - Added filter static_user_filter (class=org.apache.hadoop.http.lib.StaticUserWebFilter$StaticUserFilter) to context logs
2019-10-04 14:03:24,860 [main] INFO  http.HttpServer2 (HttpServer2.java:addFilter(958)) - Added filter static_user_filter (class=org.apache.hadoop.http.lib.StaticUserWebFilter$StaticUserFilter) to context static
2019-10-04 14:03:24,861 [main] INFO  http.HttpServer2 (HttpServer2.java:bindListener(1191)) - Jetty bound to port 37672
2019-10-04 14:03:24,861 [main] INFO  server.Server (Server.java:doStart(351)) - jetty-9.3.25.v20180904, build timestamp: 2018-09-04T21:11:46Z, git hash: 3ce520221d0240229c862b122d2b06c12a625732
2019-10-04 14:03:24,862 [main] INFO  handler.ContextHandler (ContextHandler.java:doStart(781)) - Started o.e.j.s.ServletContextHandler@11eec06b{/logs,file:///workdir/hadoop-ozone/integration-test/target/log,AVAILABLE}
2019-10-04 14:03:24,863 [main] INFO  handler.ContextHandler (ContextHandler.java:doStart(781)) - Started o.e.j.s.ServletContextHandler@25ce435{/static,jar:file:/home/user/.m2/repository/org/apache/hadoop/hadoop-hdds-container-service/0.5.0-SNAPSHOT/hadoop-hdds-container-service-0.5.0-SNAPSHOT.jar!/webapps/static,AVAILABLE}
2019-10-04 14:03:24,892 [main] INFO  handler.ContextHandler (ContextHandler.java:doStart(781)) - Started o.e.j.w.WebAppContext@4245bf68{/,file:///tmp/jetty-0.0.0.0-37672-hddsDatanode-_-any-7157018599322223894.dir/webapp/,AVAILABLE}{/hddsDatanode}
2019-10-04 14:03:24,892 [main] INFO  server.AbstractConnector (AbstractConnector.java:doStart(278)) - Started ServerConnector@45bbc52f{HTTP/1.1,[http/1.1]}{0.0.0.0:37672}
2019-10-04 14:03:24,893 [main] INFO  server.Server (Server.java:doStart(419)) - Started @586555ms
2019-10-04 14:03:24,894 [main] WARN  impl.MetricsSystemImpl (MetricsSystemImpl.java:register(276)) - Sink prometheus already exists!
2019-10-04 14:03:24,894 [main] INFO  server.BaseHttpServer (BaseHttpServer.java:updateConnectorAddress(215)) - HTTP server of HDDSDATANODE is listening at http://0.0.0.0:37672
2019-10-04 14:03:24,895 [main] INFO  impl.MetricsSystemImpl (MetricsSystemImpl.java:init(158)) - HddsDatanode metrics system started (again)
2019-10-04 14:03:24,899 [org.apache.hadoop.util.JvmPauseMonitor$Monitor@45da872] INFO  util.JvmPauseMonitor (JvmPauseMonitor.java:run(188)) - Starting JVM pause monitor
2019-10-04 14:03:24,900 [main] INFO  ozone.HddsDatanodeService (HddsDatanodeService.java:start(184)) - HddsDatanodeService host:pr-hdds-2204-d78b8-1674338442 ip:192.168.5.142
2019-10-04 14:03:24,900 [Datanode State Machine Thread - 0] INFO  datanode.InitDatanodeState (InitDatanodeState.java:persistContainerDatanodeDetails(140)) - DatanodeDetails is persisted to /workdir/hadoop-ozone/integration-test/target/test-dir/MiniOzoneClusterImpl-a706a60c-ed98-4f98-a126-279d51990bf3/datanode-4/meta/datanode.id
2019-10-04 14:03:24,906 [main] INFO  volume.HddsVolume (HddsVolume.java:<init>(176)) - Creating Volume: /workdir/hadoop-ozone/integration-test/target/test-dir/MiniOzoneClusterImpl-a706a60c-ed98-4f98-a126-279d51990bf3/datanode-5/data/containers/hdds of  storage type : DISK and capacity : 1482555576320
2019-10-04 14:03:24,906 [main] INFO  volume.VolumeSet (VolumeSet.java:initializeVolumeSet(170)) - Added Volume : /workdir/hadoop-ozone/integration-test/target/test-dir/MiniOzoneClusterImpl-a706a60c-ed98-4f98-a126-279d51990bf3/datanode-5/data/containers/hdds to VolumeSet
2019-10-04 14:03:24,906 [main] INFO  volume.ThrottledAsyncChecker (ThrottledAsyncChecker.java:schedule(139)) - Scheduling a check for org.apache.hadoop.ozone.container.common.volume.HddsVolume@615439f7
2019-10-04 14:03:24,907 [main] INFO  volume.HddsVolumeChecker (HddsVolumeChecker.java:checkAllVolumes(202)) - Scheduled health check for volume org.apache.hadoop.ozone.container.common.volume.HddsVolume@615439f7
2019-10-04 14:03:24,919 [main] INFO  impl.RaftServerProxy (ConfUtils.java:logGet(43)) - raft.rpc.type = GRPC (default)
2019-10-04 14:03:24,919 [main] INFO  grpc.GrpcFactory (GrpcFactory.java:checkPooledByteBufAllocatorUseCacheForAllThreads(45)) - PERFORMANCE WARNING: useCacheForAllThreads is true that may cause Netty to create a lot garbage objects and, as a result, trigger GC.
	It is recommended to disable useCacheForAllThreads by setting -Dorg.apache.ratis.thirdparty.io.netty.allocator.useCacheForAllThreads=false in command line.
2019-10-04 14:03:24,919 [main] INFO  grpc.GrpcConfigKeys$Server (ConfUtils.java:logGet(43)) - raft.grpc.server.port = 0 (default)
2019-10-04 14:03:24,919 [main] INFO  server.GrpcService (ConfUtils.java:logGet(43)) - raft.grpc.message.size.max = 33570816 (custom)
2019-10-04 14:03:24,920 [main] INFO  server.RaftServerConfigKeys (ConfUtils.java:logGet(43)) - raft.server.log.appender.buffer.byte-limit = 33554432 (custom)
2019-10-04 14:03:24,920 [main] INFO  server.GrpcService (ConfUtils.java:logGet(43)) - raft.grpc.flow.control.window = 1MB (=1048576) (default)
2019-10-04 14:03:24,920 [main] INFO  server.RaftServerConfigKeys (ConfUtils.java:logGet(43)) - raft.server.rpc.request.timeout = 3000ms (default)
2019-10-04 14:03:24,920 [main] INFO  server.RaftServerConfigKeys (ConfUtils.java:logGet(43)) - raft.server.storage.dir = [/workdir/hadoop-ozone/integration-test/target/test-dir/MiniOzoneClusterImpl-a706a60c-ed98-4f98-a126-279d51990bf3/datanode-5/data/ratis] (custom)
2019-10-04 14:03:24,921 [main] INFO  hdfs.DFSUtil (DFSUtil.java:httpServerTemplateForNNAndJN(1641)) - Starting Web-server for hddsDatanode at: http://0.0.0.0:0
2019-10-04 14:03:24,923 [main] INFO  server.AuthenticationFilter (AuthenticationFilter.java:constructSecretProvider(240)) - Unable to initialize FileSignerSecretProvider, falling back to use random secrets.
2019-10-04 14:03:24,923 [main] WARN  http.HttpRequestLog (HttpRequestLog.java:getRequestLog(97)) - Jetty request log can only be enabled using Log4j
2019-10-04 14:03:24,924 [main] INFO  http.HttpServer2 (HttpServer2.java:addGlobalFilter(975)) - Added global filter 'safety' (class=org.apache.hadoop.http.HttpServer2$QuotingInputFilter)
2019-10-04 14:03:24,924 [main] INFO  http.HttpServer2 (HttpServer2.java:addFilter(948)) - Added filter static_user_filter (class=org.apache.hadoop.http.lib.StaticUserWebFilter$StaticUserFilter) to context hddsDatanode
2019-10-04 14:03:24,925 [main] INFO  http.HttpServer2 (HttpServer2.java:addFilter(958)) - Added filter static_user_filter (class=org.apache.hadoop.http.lib.StaticUserWebFilter$StaticUserFilter) to context logs
2019-10-04 14:03:24,925 [main] INFO  http.HttpServer2 (HttpServer2.java:addFilter(958)) - Added filter static_user_filter (class=org.apache.hadoop.http.lib.StaticUserWebFilter$StaticUserFilter) to context static
2019-10-04 14:03:24,925 [main] INFO  http.HttpServer2 (HttpServer2.java:bindListener(1191)) - Jetty bound to port 46038
2019-10-04 14:03:24,926 [main] INFO  server.Server (Server.java:doStart(351)) - jetty-9.3.25.v20180904, build timestamp: 2018-09-04T21:11:46Z, git hash: 3ce520221d0240229c862b122d2b06c12a625732
2019-10-04 14:03:24,927 [main] INFO  handler.ContextHandler (ContextHandler.java:doStart(781)) - Started o.e.j.s.ServletContextHandler@3404e5c4{/logs,file:///workdir/hadoop-ozone/integration-test/target/log,AVAILABLE}
2019-10-04 14:03:24,928 [main] INFO  handler.ContextHandler (ContextHandler.java:doStart(781)) - Started o.e.j.s.ServletContextHandler@42d9e8d2{/static,jar:file:/home/user/.m2/repository/org/apache/hadoop/hadoop-hdds-container-service/0.5.0-SNAPSHOT/hadoop-hdds-container-service-0.5.0-SNAPSHOT.jar!/webapps/static,AVAILABLE}
2019-10-04 14:03:24,958 [main] INFO  handler.ContextHandler (ContextHandler.java:doStart(781)) - Started o.e.j.w.WebAppContext@5ba1b62e{/,file:///tmp/jetty-0.0.0.0-46038-hddsDatanode-_-any-1444891662353991980.dir/webapp/,AVAILABLE}{/hddsDatanode}
2019-10-04 14:03:24,959 [main] INFO  server.AbstractConnector (AbstractConnector.java:doStart(278)) - Started ServerConnector@65bd19bf{HTTP/1.1,[http/1.1]}{0.0.0.0:46038}
2019-10-04 14:03:24,960 [main] INFO  server.Server (Server.java:doStart(419)) - Started @586622ms
2019-10-04 14:03:24,961 [main] WARN  impl.MetricsSystemImpl (MetricsSystemImpl.java:register(276)) - Sink prometheus already exists!
2019-10-04 14:03:24,961 [main] INFO  server.BaseHttpServer (BaseHttpServer.java:updateConnectorAddress(215)) - HTTP server of HDDSDATANODE is listening at http://0.0.0.0:46038
2019-10-04 14:03:24,962 [main] INFO  impl.MetricsSystemImpl (MetricsSystemImpl.java:init(158)) - HddsDatanode metrics system started (again)
2019-10-04 14:03:24,966 [org.apache.hadoop.util.JvmPauseMonitor$Monitor@6544cf9b] INFO  util.JvmPauseMonitor (JvmPauseMonitor.java:run(188)) - Starting JVM pause monitor
2019-10-04 14:03:24,967 [main] INFO  ozone.HddsDatanodeService (HddsDatanodeService.java:start(184)) - HddsDatanodeService host:pr-hdds-2204-d78b8-1674338442 ip:192.168.5.142
2019-10-04 14:03:24,967 [Datanode State Machine Thread - 0] INFO  datanode.InitDatanodeState (InitDatanodeState.java:persistContainerDatanodeDetails(140)) - DatanodeDetails is persisted to /workdir/hadoop-ozone/integration-test/target/test-dir/MiniOzoneClusterImpl-a706a60c-ed98-4f98-a126-279d51990bf3/datanode-5/meta/datanode.id
2019-10-04 14:03:24,973 [main] INFO  volume.HddsVolume (HddsVolume.java:<init>(176)) - Creating Volume: /workdir/hadoop-ozone/integration-test/target/test-dir/MiniOzoneClusterImpl-a706a60c-ed98-4f98-a126-279d51990bf3/datanode-6/data/containers/hdds of  storage type : DISK and capacity : 1482555576320
2019-10-04 14:03:24,973 [main] INFO  volume.VolumeSet (VolumeSet.java:initializeVolumeSet(170)) - Added Volume : /workdir/hadoop-ozone/integration-test/target/test-dir/MiniOzoneClusterImpl-a706a60c-ed98-4f98-a126-279d51990bf3/datanode-6/data/containers/hdds to VolumeSet
2019-10-04 14:03:24,973 [main] INFO  volume.ThrottledAsyncChecker (ThrottledAsyncChecker.java:schedule(139)) - Scheduling a check for org.apache.hadoop.ozone.container.common.volume.HddsVolume@96abc76
2019-10-04 14:03:24,973 [main] INFO  volume.HddsVolumeChecker (HddsVolumeChecker.java:checkAllVolumes(202)) - Scheduled health check for volume org.apache.hadoop.ozone.container.common.volume.HddsVolume@96abc76
2019-10-04 14:03:24,986 [main] INFO  impl.RaftServerProxy (ConfUtils.java:logGet(43)) - raft.rpc.type = GRPC (default)
2019-10-04 14:03:24,986 [main] INFO  grpc.GrpcFactory (GrpcFactory.java:checkPooledByteBufAllocatorUseCacheForAllThreads(45)) - PERFORMANCE WARNING: useCacheForAllThreads is true that may cause Netty to create a lot garbage objects and, as a result, trigger GC.
	It is recommended to disable useCacheForAllThreads by setting -Dorg.apache.ratis.thirdparty.io.netty.allocator.useCacheForAllThreads=false in command line.
2019-10-04 14:03:24,986 [main] INFO  grpc.GrpcConfigKeys$Server (ConfUtils.java:logGet(43)) - raft.grpc.server.port = 0 (default)
2019-10-04 14:03:24,987 [main] INFO  server.GrpcService (ConfUtils.java:logGet(43)) - raft.grpc.message.size.max = 33570816 (custom)
2019-10-04 14:03:24,987 [main] INFO  server.RaftServerConfigKeys (ConfUtils.java:logGet(43)) - raft.server.log.appender.buffer.byte-limit = 33554432 (custom)
2019-10-04 14:03:24,987 [main] INFO  server.GrpcService (ConfUtils.java:logGet(43)) - raft.grpc.flow.control.window = 1MB (=1048576) (default)
2019-10-04 14:03:24,987 [main] INFO  server.RaftServerConfigKeys (ConfUtils.java:logGet(43)) - raft.server.rpc.request.timeout = 3000ms (default)
2019-10-04 14:03:24,987 [main] INFO  server.RaftServerConfigKeys (ConfUtils.java:logGet(43)) - raft.server.storage.dir = [/workdir/hadoop-ozone/integration-test/target/test-dir/MiniOzoneClusterImpl-a706a60c-ed98-4f98-a126-279d51990bf3/datanode-6/data/ratis] (custom)
2019-10-04 14:03:24,989 [main] INFO  hdfs.DFSUtil (DFSUtil.java:httpServerTemplateForNNAndJN(1641)) - Starting Web-server for hddsDatanode at: http://0.0.0.0:0
2019-10-04 14:03:24,990 [main] INFO  server.AuthenticationFilter (AuthenticationFilter.java:constructSecretProvider(240)) - Unable to initialize FileSignerSecretProvider, falling back to use random secrets.
2019-10-04 14:03:24,991 [main] WARN  http.HttpRequestLog (HttpRequestLog.java:getRequestLog(97)) - Jetty request log can only be enabled using Log4j
2019-10-04 14:03:24,992 [main] INFO  http.HttpServer2 (HttpServer2.java:addGlobalFilter(975)) - Added global filter 'safety' (class=org.apache.hadoop.http.HttpServer2$QuotingInputFilter)
2019-10-04 14:03:24,993 [main] INFO  http.HttpServer2 (HttpServer2.java:addFilter(948)) - Added filter static_user_filter (class=org.apache.hadoop.http.lib.StaticUserWebFilter$StaticUserFilter) to context hddsDatanode
2019-10-04 14:03:24,993 [main] INFO  http.HttpServer2 (HttpServer2.java:addFilter(958)) - Added filter static_user_filter (class=org.apache.hadoop.http.lib.StaticUserWebFilter$StaticUserFilter) to context static
2019-10-04 14:03:24,993 [main] INFO  http.HttpServer2 (HttpServer2.java:addFilter(958)) - Added filter static_user_filter (class=org.apache.hadoop.http.lib.StaticUserWebFilter$StaticUserFilter) to context logs
2019-10-04 14:03:24,994 [main] INFO  http.HttpServer2 (HttpServer2.java:bindListener(1191)) - Jetty bound to port 38335
2019-10-04 14:03:24,994 [main] INFO  server.Server (Server.java:doStart(351)) - jetty-9.3.25.v20180904, build timestamp: 2018-09-04T21:11:46Z, git hash: 3ce520221d0240229c862b122d2b06c12a625732
2019-10-04 14:03:24,995 [main] INFO  handler.ContextHandler (ContextHandler.java:doStart(781)) - Started o.e.j.s.ServletContextHandler@795b66d{/logs,file:///workdir/hadoop-ozone/integration-test/target/log,AVAILABLE}
2019-10-04 14:03:24,996 [main] INFO  handler.ContextHandler (ContextHandler.java:doStart(781)) - Started o.e.j.s.ServletContextHandler@1068176{/static,jar:file:/home/user/.m2/repository/org/apache/hadoop/hadoop-hdds-container-service/0.5.0-SNAPSHOT/hadoop-hdds-container-service-0.5.0-SNAPSHOT.jar!/webapps/static,AVAILABLE}
2019-10-04 14:03:25,022 [main] INFO  handler.ContextHandler (ContextHandler.java:doStart(781)) - Started o.e.j.w.WebAppContext@283ab206{/,file:///tmp/jetty-0.0.0.0-38335-hddsDatanode-_-any-2125123019436224555.dir/webapp/,AVAILABLE}{/hddsDatanode}
2019-10-04 14:03:25,023 [main] INFO  server.AbstractConnector (AbstractConnector.java:doStart(278)) - Started ServerConnector@35fa450f{HTTP/1.1,[http/1.1]}{0.0.0.0:38335}
2019-10-04 14:03:25,027 [main] INFO  server.Server (Server.java:doStart(419)) - Started @586689ms
2019-10-04 14:03:25,028 [main] WARN  impl.MetricsSystemImpl (MetricsSystemImpl.java:register(276)) - Sink prometheus already exists!
2019-10-04 14:03:25,028 [main] INFO  server.BaseHttpServer (BaseHttpServer.java:updateConnectorAddress(215)) - HTTP server of HDDSDATANODE is listening at http://0.0.0.0:38335
2019-10-04 14:03:25,028 [main] INFO  ozone.MiniOzoneClusterImpl (MiniOzoneClusterImpl.java:lambda$waitForClusterToBeReady$0(147)) - Waiting for cluster to be ready. Got 0 of 7 DN Heartbeats.
2019-10-04 14:03:25,029 [org.apache.hadoop.util.JvmPauseMonitor$Monitor@448cc77e] INFO  util.JvmPauseMonitor (JvmPauseMonitor.java:run(188)) - Starting JVM pause monitor
2019-10-04 14:03:25,030 [Datanode State Machine Thread - 0] INFO  datanode.InitDatanodeState (InitDatanodeState.java:persistContainerDatanodeDetails(140)) - DatanodeDetails is persisted to /workdir/hadoop-ozone/integration-test/target/test-dir/MiniOzoneClusterImpl-a706a60c-ed98-4f98-a126-279d51990bf3/datanode-6/meta/datanode.id
2019-10-04 14:03:26,029 [main] INFO  ozone.MiniOzoneClusterImpl (MiniOzoneClusterImpl.java:lambda$waitForClusterToBeReady$0(147)) - Waiting for cluster to be ready. Got 0 of 7 DN Heartbeats.
2019-10-04 14:03:26,674 [Datanode State Machine Thread - 0] INFO  ozoneimpl.OzoneContainer (OzoneContainer.java:start(217)) - Attempting to start container services.
2019-10-04 14:03:26,675 [Datanode State Machine Thread - 0] INFO  ozoneimpl.OzoneContainer (OzoneContainer.java:startContainerScrub(179)) - Background container scanner has been disabled.
2019-10-04 14:03:26,675 [Datanode State Machine Thread - 0] INFO  ratis.XceiverServerRatis (XceiverServerRatis.java:start(417)) - Starting XceiverServerRatis 228aa06e-06ce-4204-8855-80d551f2c161 at port 0
2019-10-04 14:03:26,680 [Datanode State Machine Thread - 0] INFO  impl.RaftServerProxy (RaftServerProxy.java:lambda$start$3(299)) - 228aa06e-06ce-4204-8855-80d551f2c161: start RPC server
2019-10-04 14:03:26,682 [Datanode State Machine Thread - 0] INFO  server.GrpcService (GrpcService.java:startImpl(158)) - 228aa06e-06ce-4204-8855-80d551f2c161: GrpcService started, listening on 0.0.0.0/0.0.0.0:40090
2019-10-04 14:03:26,682 [Datanode State Machine Thread - 0] INFO  ratis.XceiverServerRatis (XceiverServerRatis.java:start(427)) - XceiverServerRatis 228aa06e-06ce-4204-8855-80d551f2c161 is started using port 40090
2019-10-04 14:03:26,682 [Datanode State Machine Thread - 0] INFO  server.XceiverServerGrpc (XceiverServerGrpc.java:start(149)) - XceiverServerGrpc 228aa06e-06ce-4204-8855-80d551f2c161 is started using port 46614
2019-10-04 14:03:26,744 [Datanode State Machine Thread - 0] INFO  ozoneimpl.OzoneContainer (OzoneContainer.java:start(217)) - Attempting to start container services.
2019-10-04 14:03:26,744 [Datanode State Machine Thread - 0] INFO  ozoneimpl.OzoneContainer (OzoneContainer.java:startContainerScrub(179)) - Background container scanner has been disabled.
2019-10-04 14:03:26,744 [Datanode State Machine Thread - 0] INFO  ratis.XceiverServerRatis (XceiverServerRatis.java:start(417)) - Starting XceiverServerRatis 4b936257-ae70-49d0-a2b9-62c8e68e72da at port 0
2019-10-04 14:03:26,749 [Datanode State Machine Thread - 0] INFO  impl.RaftServerProxy (RaftServerProxy.java:lambda$start$3(299)) - 4b936257-ae70-49d0-a2b9-62c8e68e72da: start RPC server
2019-10-04 14:03:26,751 [Datanode State Machine Thread - 0] INFO  server.GrpcService (GrpcService.java:startImpl(158)) - 4b936257-ae70-49d0-a2b9-62c8e68e72da: GrpcService started, listening on 0.0.0.0/0.0.0.0:39633
2019-10-04 14:03:26,752 [Datanode State Machine Thread - 0] INFO  ratis.XceiverServerRatis (XceiverServerRatis.java:start(427)) - XceiverServerRatis 4b936257-ae70-49d0-a2b9-62c8e68e72da is started using port 39633
2019-10-04 14:03:26,752 [Datanode State Machine Thread - 0] INFO  server.XceiverServerGrpc (XceiverServerGrpc.java:start(149)) - XceiverServerGrpc 4b936257-ae70-49d0-a2b9-62c8e68e72da is started using port 36125
2019-10-04 14:03:26,802 [Datanode State Machine Thread - 0] INFO  ozoneimpl.OzoneContainer (OzoneContainer.java:start(217)) - Attempting to start container services.
2019-10-04 14:03:26,802 [Datanode State Machine Thread - 0] INFO  ozoneimpl.OzoneContainer (OzoneContainer.java:startContainerScrub(179)) - Background container scanner has been disabled.
2019-10-04 14:03:26,802 [Datanode State Machine Thread - 0] INFO  ratis.XceiverServerRatis (XceiverServerRatis.java:start(417)) - Starting XceiverServerRatis 19914a7d-dfbb-463a-b70b-49f5b7efbd3b at port 0
2019-10-04 14:03:26,807 [Datanode State Machine Thread - 0] INFO  impl.RaftServerProxy (RaftServerProxy.java:lambda$start$3(299)) - 19914a7d-dfbb-463a-b70b-49f5b7efbd3b: start RPC server
2019-10-04 14:03:26,809 [Datanode State Machine Thread - 0] INFO  server.GrpcService (GrpcService.java:startImpl(158)) - 19914a7d-dfbb-463a-b70b-49f5b7efbd3b: GrpcService started, listening on 0.0.0.0/0.0.0.0:40655
2019-10-04 14:03:26,809 [Datanode State Machine Thread - 0] INFO  ratis.XceiverServerRatis (XceiverServerRatis.java:start(427)) - XceiverServerRatis 19914a7d-dfbb-463a-b70b-49f5b7efbd3b is started using port 40655
2019-10-04 14:03:26,809 [Datanode State Machine Thread - 0] INFO  server.XceiverServerGrpc (XceiverServerGrpc.java:start(149)) - XceiverServerGrpc 19914a7d-dfbb-463a-b70b-49f5b7efbd3b is started using port 34549
2019-10-04 14:03:26,849 [Datanode State Machine Thread - 0] INFO  ozoneimpl.OzoneContainer (OzoneContainer.java:start(217)) - Attempting to start container services.
2019-10-04 14:03:26,849 [Datanode State Machine Thread - 0] INFO  ozoneimpl.OzoneContainer (OzoneContainer.java:startContainerScrub(179)) - Background container scanner has been disabled.
2019-10-04 14:03:26,849 [Datanode State Machine Thread - 0] INFO  ratis.XceiverServerRatis (XceiverServerRatis.java:start(417)) - Starting XceiverServerRatis 2eb9c693-8c7a-498f-9bb2-9f02bd340f6f at port 0
2019-10-04 14:03:26,854 [Datanode State Machine Thread - 0] INFO  impl.RaftServerProxy (RaftServerProxy.java:lambda$start$3(299)) - 2eb9c693-8c7a-498f-9bb2-9f02bd340f6f: start RPC server
2019-10-04 14:03:26,857 [Datanode State Machine Thread - 0] INFO  server.GrpcService (GrpcService.java:startImpl(158)) - 2eb9c693-8c7a-498f-9bb2-9f02bd340f6f: GrpcService started, listening on 0.0.0.0/0.0.0.0:38526
2019-10-04 14:03:26,857 [Datanode State Machine Thread - 0] INFO  ratis.XceiverServerRatis (XceiverServerRatis.java:start(427)) - XceiverServerRatis 2eb9c693-8c7a-498f-9bb2-9f02bd340f6f is started using port 38526
2019-10-04 14:03:26,857 [Datanode State Machine Thread - 0] INFO  server.XceiverServerGrpc (XceiverServerGrpc.java:start(149)) - XceiverServerGrpc 2eb9c693-8c7a-498f-9bb2-9f02bd340f6f is started using port 35936
2019-10-04 14:03:26,916 [Datanode State Machine Thread - 0] INFO  ozoneimpl.OzoneContainer (OzoneContainer.java:start(217)) - Attempting to start container services.
2019-10-04 14:03:26,916 [Datanode State Machine Thread - 0] INFO  ozoneimpl.OzoneContainer (OzoneContainer.java:startContainerScrub(179)) - Background container scanner has been disabled.
2019-10-04 14:03:26,916 [Datanode State Machine Thread - 0] INFO  ratis.XceiverServerRatis (XceiverServerRatis.java:start(417)) - Starting XceiverServerRatis 4f0d32d0-8b81-48af-bff0-df3de040520e at port 0
2019-10-04 14:03:26,921 [Datanode State Machine Thread - 0] INFO  impl.RaftServerProxy (RaftServerProxy.java:lambda$start$3(299)) - 4f0d32d0-8b81-48af-bff0-df3de040520e: start RPC server
2019-10-04 14:03:26,922 [Datanode State Machine Thread - 0] INFO  server.GrpcService (GrpcService.java:startImpl(158)) - 4f0d32d0-8b81-48af-bff0-df3de040520e: GrpcService started, listening on 0.0.0.0/0.0.0.0:37852
2019-10-04 14:03:26,922 [Datanode State Machine Thread - 0] INFO  ratis.XceiverServerRatis (XceiverServerRatis.java:start(427)) - XceiverServerRatis 4f0d32d0-8b81-48af-bff0-df3de040520e is started using port 37852
2019-10-04 14:03:26,922 [Datanode State Machine Thread - 0] INFO  server.XceiverServerGrpc (XceiverServerGrpc.java:start(149)) - XceiverServerGrpc 4f0d32d0-8b81-48af-bff0-df3de040520e is started using port 38571
2019-10-04 14:03:26,980 [Datanode State Machine Thread - 0] INFO  ozoneimpl.OzoneContainer (OzoneContainer.java:start(217)) - Attempting to start container services.
2019-10-04 14:03:26,981 [Datanode State Machine Thread - 0] INFO  ozoneimpl.OzoneContainer (OzoneContainer.java:startContainerScrub(179)) - Background container scanner has been disabled.
2019-10-04 14:03:26,981 [Datanode State Machine Thread - 0] INFO  ratis.XceiverServerRatis (XceiverServerRatis.java:start(417)) - Starting XceiverServerRatis b99f3cf6-ff49-4c43-86b7-bc61f9add107 at port 0
2019-10-04 14:03:26,986 [Datanode State Machine Thread - 0] INFO  impl.RaftServerProxy (RaftServerProxy.java:lambda$start$3(299)) - b99f3cf6-ff49-4c43-86b7-bc61f9add107: start RPC server
2019-10-04 14:03:26,987 [Datanode State Machine Thread - 0] INFO  server.GrpcService (GrpcService.java:startImpl(158)) - b99f3cf6-ff49-4c43-86b7-bc61f9add107: GrpcService started, listening on 0.0.0.0/0.0.0.0:45864
2019-10-04 14:03:26,987 [Datanode State Machine Thread - 0] INFO  ratis.XceiverServerRatis (XceiverServerRatis.java:start(427)) - XceiverServerRatis b99f3cf6-ff49-4c43-86b7-bc61f9add107 is started using port 45864
2019-10-04 14:03:26,987 [Datanode State Machine Thread - 0] INFO  server.XceiverServerGrpc (XceiverServerGrpc.java:start(149)) - XceiverServerGrpc b99f3cf6-ff49-4c43-86b7-bc61f9add107 is started using port 39965
2019-10-04 14:03:27,029 [main] INFO  ozone.MiniOzoneClusterImpl (MiniOzoneClusterImpl.java:lambda$waitForClusterToBeReady$0(147)) - Waiting for cluster to be ready. Got 0 of 7 DN Heartbeats.
2019-10-04 14:03:27,055 [Datanode State Machine Thread - 0] INFO  ozoneimpl.OzoneContainer (OzoneContainer.java:start(217)) - Attempting to start container services.
2019-10-04 14:03:27,056 [Datanode State Machine Thread - 0] INFO  ozoneimpl.OzoneContainer (OzoneContainer.java:startContainerScrub(179)) - Background container scanner has been disabled.
2019-10-04 14:03:27,056 [Datanode State Machine Thread - 0] INFO  ratis.XceiverServerRatis (XceiverServerRatis.java:start(417)) - Starting XceiverServerRatis c837fe61-e49e-43db-b855-d40a2ff7bb03 at port 0
2019-10-04 14:03:27,060 [Datanode State Machine Thread - 0] INFO  impl.RaftServerProxy (RaftServerProxy.java:lambda$start$3(299)) - c837fe61-e49e-43db-b855-d40a2ff7bb03: start RPC server
2019-10-04 14:03:27,061 [Datanode State Machine Thread - 0] INFO  server.GrpcService (GrpcService.java:startImpl(158)) - c837fe61-e49e-43db-b855-d40a2ff7bb03: GrpcService started, listening on 0.0.0.0/0.0.0.0:36480
2019-10-04 14:03:27,061 [Datanode State Machine Thread - 0] INFO  ratis.XceiverServerRatis (XceiverServerRatis.java:start(427)) - XceiverServerRatis c837fe61-e49e-43db-b855-d40a2ff7bb03 is started using port 36480
2019-10-04 14:03:27,061 [Datanode State Machine Thread - 0] INFO  server.XceiverServerGrpc (XceiverServerGrpc.java:start(149)) - XceiverServerGrpc c837fe61-e49e-43db-b855-d40a2ff7bb03 is started using port 33166
2019-10-04 14:03:28,030 [main] INFO  ozone.MiniOzoneClusterImpl (MiniOzoneClusterImpl.java:lambda$waitForClusterToBeReady$0(147)) - Waiting for cluster to be ready. Got 0 of 7 DN Heartbeats.
2019-10-04 14:03:28,662 [IPC Server handler 4 on 45825] INFO  net.NetworkTopology (NetworkTopologyImpl.java:add(111)) - Added a new node: /default-rack/228aa06e-06ce-4204-8855-80d551f2c161
2019-10-04 14:03:28,665 [IPC Server handler 4 on 45825] INFO  node.SCMNodeManager (SCMNodeManager.java:register(268)) - Registered Data node : 228aa06e-06ce-4204-8855-80d551f2c161{ip: 192.168.5.142, host: pr-hdds-2204-d78b8-1674338442, networkLocation: /default-rack, certSerialId: null}
2019-10-04 14:03:28,666 [EventQueue-NodeRegistrationContainerReportForDataNodeSafeModeRule] INFO  safemode.SCMSafeModeManager (DataNodeSafeModeRule.java:process(71)) - SCM in safe mode. 1 DataNodes registered, 1 required.
2019-10-04 14:03:28,668 [EventQueue-NodeRegistrationContainerReportForDataNodeSafeModeRule] INFO  safemode.SCMSafeModeManager (SCMSafeModeManager.java:validateSafeModeExitRules(177)) - ScmSafeModeManager, all rules are successfully validated
2019-10-04 14:03:28,668 [EventQueue-NodeRegistrationContainerReportForDataNodeSafeModeRule] INFO  safemode.SCMSafeModeManager (SCMSafeModeManager.java:exitSafeMode(193)) - SCM exiting safe mode.
2019-10-04 14:03:28,676 [grpc-default-executor-10] INFO  impl.RaftServerProxy (RaftServerProxy.java:addNew(89)) - 228aa06e-06ce-4204-8855-80d551f2c161: addNew group-3AD9A1440FE8:[228aa06e-06ce-4204-8855-80d551f2c161:192.168.5.142:40090] returns group-3AD9A1440FE8:java.util.concurrent.CompletableFuture@40dd369f[Not completed]
2019-10-04 14:03:28,679 [pool-409-thread-1] INFO  impl.RaftServerImpl (RaftServerImpl.java:<init>(95)) - 228aa06e-06ce-4204-8855-80d551f2c161: new RaftServerImpl for group-3AD9A1440FE8:[228aa06e-06ce-4204-8855-80d551f2c161:192.168.5.142:40090] with ContainerStateMachine:uninitialized
2019-10-04 14:03:28,679 [pool-409-thread-1] INFO  server.RaftServerConfigKeys (ConfUtils.java:logGet(43)) - raft.server.rpc.timeout.min = 5s (custom)
2019-10-04 14:03:28,679 [pool-409-thread-1] INFO  server.RaftServerConfigKeys (ConfUtils.java:logGet(43)) - raft.server.rpc.timeout.max = 5200ms (custom)
2019-10-04 14:03:28,679 [pool-409-thread-1] INFO  server.RaftServerConfigKeys (ConfUtils.java:logGet(43)) - raft.server.rpcslowness.timeout = 120s (custom)
2019-10-04 14:03:28,679 [pool-409-thread-1] INFO  server.RaftServerConfigKeys (ConfUtils.java:logGet(43)) - raft.server.sleep.deviation.threshold = 300 (default)
2019-10-04 14:03:28,679 [pool-409-thread-1] INFO  server.RaftServerConfigKeys (ConfUtils.java:logGet(43)) - raft.server.log.appender.install.snapshot.enabled = false (custom)
2019-10-04 14:03:28,679 [pool-409-thread-1] INFO  impl.RaftServerImpl (ServerState.java:<init>(103)) - 228aa06e-06ce-4204-8855-80d551f2c161@group-3AD9A1440FE8: ConfigurationManager, init=-1: [228aa06e-06ce-4204-8855-80d551f2c161:192.168.5.142:40090], old=null, confs=<EMPTY_MAP>
2019-10-04 14:03:28,679 [pool-409-thread-1] INFO  server.RaftServerConfigKeys (ConfUtils.java:logGet(43)) - raft.server.storage.dir = [/workdir/hadoop-ozone/integration-test/target/test-dir/MiniOzoneClusterImpl-a706a60c-ed98-4f98-a126-279d51990bf3/datanode-0/data/ratis] (custom)
2019-10-04 14:03:28,680 [pool-409-thread-1] INFO  server.RaftServerConfigKeys (ConfUtils.java:logGet(43)) - raft.server.log.corruption.policy = EXCEPTION (default)
2019-10-04 14:03:28,680 [pool-409-thread-1] INFO  storage.RaftStorageDirectory (RaftStorageDirectory.java:analyzeStorage(246)) - The storage directory /workdir/hadoop-ozone/integration-test/target/test-dir/MiniOzoneClusterImpl-a706a60c-ed98-4f98-a126-279d51990bf3/datanode-0/data/ratis/89725909-e3cf-45a7-ad3e-3ad9a1440fe8 does not exist. Creating ...
2019-10-04 14:03:28,717 [IPC Server handler 3 on 45825] INFO  net.NetworkTopology (NetworkTopologyImpl.java:add(111)) - Added a new node: /default-rack/4b936257-ae70-49d0-a2b9-62c8e68e72da
2019-10-04 14:03:28,718 [IPC Server handler 3 on 45825] INFO  node.SCMNodeManager (SCMNodeManager.java:register(268)) - Registered Data node : 4b936257-ae70-49d0-a2b9-62c8e68e72da{ip: 192.168.5.142, host: pr-hdds-2204-d78b8-1674338442, networkLocation: /default-rack, certSerialId: null}
2019-10-04 14:03:28,777 [IPC Server handler 2 on 45825] INFO  net.NetworkTopology (NetworkTopologyImpl.java:add(111)) - Added a new node: /default-rack/19914a7d-dfbb-463a-b70b-49f5b7efbd3b
2019-10-04 14:03:28,777 [IPC Server handler 2 on 45825] INFO  node.SCMNodeManager (SCMNodeManager.java:register(268)) - Registered Data node : 19914a7d-dfbb-463a-b70b-49f5b7efbd3b{ip: 192.168.5.142, host: pr-hdds-2204-d78b8-1674338442, networkLocation: /default-rack, certSerialId: null}
2019-10-04 14:03:28,835 [IPC Server handler 6 on 45825] INFO  net.NetworkTopology (NetworkTopologyImpl.java:add(111)) - Added a new node: /default-rack/2eb9c693-8c7a-498f-9bb2-9f02bd340f6f
2019-10-04 14:03:28,835 [IPC Server handler 6 on 45825] INFO  node.SCMNodeManager (SCMNodeManager.java:register(268)) - Registered Data node : 2eb9c693-8c7a-498f-9bb2-9f02bd340f6f{ip: 192.168.5.142, host: pr-hdds-2204-d78b8-1674338442, networkLocation: /default-rack, certSerialId: null}
2019-10-04 14:03:28,900 [IPC Server handler 1 on 45825] INFO  net.NetworkTopology (NetworkTopologyImpl.java:add(111)) - Added a new node: /default-rack/4f0d32d0-8b81-48af-bff0-df3de040520e
2019-10-04 14:03:28,900 [IPC Server handler 1 on 45825] INFO  node.SCMNodeManager (SCMNodeManager.java:register(268)) - Registered Data node : 4f0d32d0-8b81-48af-bff0-df3de040520e{ip: 192.168.5.142, host: pr-hdds-2204-d78b8-1674338442, networkLocation: /default-rack, certSerialId: null}
2019-10-04 14:03:28,968 [IPC Server handler 7 on 45825] INFO  net.NetworkTopology (NetworkTopologyImpl.java:add(111)) - Added a new node: /default-rack/b99f3cf6-ff49-4c43-86b7-bc61f9add107
2019-10-04 14:03:28,969 [IPC Server handler 7 on 45825] INFO  node.SCMNodeManager (SCMNodeManager.java:register(268)) - Registered Data node : b99f3cf6-ff49-4c43-86b7-bc61f9add107{ip: 192.168.5.142, host: pr-hdds-2204-d78b8-1674338442, networkLocation: /default-rack, certSerialId: null}
2019-10-04 14:03:29,030 [main] INFO  ozone.MiniOzoneClusterImpl (MiniOzoneClusterImpl.java:lambda$waitForClusterToBeReady$0(147)) - Waiting for cluster to be ready. Got 6 of 7 DN Heartbeats.
2019-10-04 14:03:29,030 [IPC Server handler 0 on 45825] INFO  net.NetworkTopology (NetworkTopologyImpl.java:add(111)) - Added a new node: /default-rack/c837fe61-e49e-43db-b855-d40a2ff7bb03
2019-10-04 14:03:29,031 [IPC Server handler 0 on 45825] INFO  node.SCMNodeManager (SCMNodeManager.java:register(268)) - Registered Data node : c837fe61-e49e-43db-b855-d40a2ff7bb03{ip: 192.168.5.142, host: pr-hdds-2204-d78b8-1674338442, networkLocation: /default-rack, certSerialId: null}
2019-10-04 14:03:30,031 [main] INFO  ozone.MiniOzoneClusterImpl (MiniOzoneClusterImpl.java:lambda$waitForClusterToBeReady$0(147)) - Cluster is ready. Got 7 of 7 DN Heartbeats.
2019-10-04 14:03:30,059 [main] INFO  rpc.RpcClient (RpcClient.java:createVolume(277)) - Creating Volume: testblockoutputstream, with jenkins1000 as owner.
2019-10-04 14:03:30,062 [IPC Server handler 1 on 43416] INFO  volume.OMVolumeCreateRequest (OMVolumeCreateRequest.java:validateAndUpdateCache(193)) - created volume:testblockoutputstream for user:jenkins1000
2019-10-04 14:03:30,087 [main] INFO  rpc.RpcClient (RpcClient.java:createBucket(416)) - Creating Bucket: testblockoutputstream/testblockoutputstream, with Versioning false and Storage Type set to DISK and Encryption set to false 
2019-10-04 14:03:30,624 [pool-409-thread-1] INFO  storage.RaftStorageDirectory (RaftStorageDirectory.java:tryLock(328)) - Lock on /workdir/hadoop-ozone/integration-test/target/test-dir/MiniOzoneClusterImpl-a706a60c-ed98-4f98-a126-279d51990bf3/datanode-0/data/ratis/89725909-e3cf-45a7-ad3e-3ad9a1440fe8/in_use.lock acquired by nodename 31746@pr-hdds-2204-d78b8-1674338442
2019-10-04 14:03:30,640 [pool-409-thread-1] INFO  storage.RaftStorage (RaftStorage.java:format(84)) - Storage directory /workdir/hadoop-ozone/integration-test/target/test-dir/MiniOzoneClusterImpl-a706a60c-ed98-4f98-a126-279d51990bf3/datanode-0/data/ratis/89725909-e3cf-45a7-ad3e-3ad9a1440fe8 has been successfully formatted.
2019-10-04 14:03:30,640 [pool-409-thread-1] INFO  ratis.ContainerStateMachine (ContainerStateMachine.java:loadSnapshot(230)) - group-3AD9A1440FE8: The snapshot info is null. Setting the last applied indexto:(t:0, i:~)
2019-10-04 14:03:30,640 [pool-409-thread-1] INFO  server.RaftServerConfigKeys (ConfUtils.java:logGet(43)) - raft.server.notification.no-leader.timeout = 120s (custom)
2019-10-04 14:03:30,641 [pool-409-thread-1] INFO  server.RaftServerConfigKeys (ConfUtils.java:logGet(43)) - raft.server.log.use.memory = false (default)
2019-10-04 14:03:30,641 [pool-409-thread-1] INFO  server.RaftServerConfigKeys (ConfUtils.java:logGet(43)) - raft.server.log.purge.gap = 1000000 (custom)
2019-10-04 14:03:30,641 [pool-409-thread-1] INFO  server.RaftServerConfigKeys (ConfUtils.java:logGet(43)) - raft.server.log.appender.buffer.byte-limit = 33554432 (custom)
2019-10-04 14:03:30,641 [pool-409-thread-1] INFO  server.RaftServerConfigKeys (ConfUtils.java:logGet(43)) - raft.server.log.segment.size.max = 1048576 (custom)
2019-10-04 14:03:30,644 [pool-409-thread-1] INFO  server.RaftServerConfigKeys (ConfUtils.java:logGet(43)) - raft.server.log.segment.cache.num.max = 2 (custom)
2019-10-04 14:03:30,644 [pool-409-thread-1] INFO  segmented.SegmentedRaftLogWorker (SegmentedRaftLogWorker.java:<init>(173)) - new 228aa06e-06ce-4204-8855-80d551f2c161@group-3AD9A1440FE8-SegmentedRaftLogWorker for RaftStorage:Storage Directory /workdir/hadoop-ozone/integration-test/target/test-dir/MiniOzoneClusterImpl-a706a60c-ed98-4f98-a126-279d51990bf3/datanode-0/data/ratis/89725909-e3cf-45a7-ad3e-3ad9a1440fe8
2019-10-04 14:03:30,644 [pool-409-thread-1] INFO  server.RaftServerConfigKeys (ConfUtils.java:logGet(43)) - raft.server.log.queue.byte-limit = 2147483647 (custom)
2019-10-04 14:03:30,644 [pool-409-thread-1] INFO  server.RaftServerConfigKeys (ConfUtils.java:logGet(43)) - raft.server.log.queue.element-limit = 1024 (custom)
2019-10-04 14:03:30,645 [pool-409-thread-1] INFO  server.RaftServerConfigKeys (ConfUtils.java:logGet(43)) - raft.server.log.segment.size.max = 1048576 (custom)
2019-10-04 14:03:30,645 [pool-409-thread-1] INFO  server.RaftServerConfigKeys (ConfUtils.java:logGet(43)) - raft.server.log.preallocated.size = 16384 (custom)
2019-10-04 14:03:30,645 [pool-409-thread-1] INFO  server.RaftServerConfigKeys (ConfUtils.java:logGet(43)) - raft.server.log.write.buffer.size = 33554432 (custom)
2019-10-04 14:03:30,645 [pool-409-thread-1] INFO  server.RaftServerConfigKeys (ConfUtils.java:logGet(43)) - raft.server.log.force.sync.num = 128 (default)
2019-10-04 14:03:30,645 [pool-409-thread-1] INFO  server.RaftServerConfigKeys (ConfUtils.java:logGet(43)) - raft.server.log.statemachine.data.sync = true (default)
2019-10-04 14:03:30,645 [pool-409-thread-1] INFO  server.RaftServerConfigKeys (ConfUtils.java:logGet(43)) - raft.server.log.statemachine.data.sync.timeout = 10s (default)
2019-10-04 14:03:30,645 [pool-409-thread-1] INFO  server.RaftServerConfigKeys (ConfUtils.java:logGet(43)) - raft.server.log.statemachine.data.sync.timeout.retry = -1 (default)
2019-10-04 14:03:30,646 [pool-409-thread-1] INFO  server.RaftServerConfigKeys (ConfUtils.java:logGet(43)) - raft.server.log.statemachine.data.caching.enabled = true (custom)
2019-10-04 14:03:30,646 [pool-409-thread-1] INFO  segmented.SegmentedRaftLogWorker (SegmentedRaftLogWorker.java:lambda$new$0(128)) - 228aa06e-06ce-4204-8855-80d551f2c161@group-3AD9A1440FE8-SegmentedRaftLogWorker: flushIndex: setUnconditionally 0 -> -1
2019-10-04 14:03:30,647 [pool-409-thread-1] INFO  server.RaftServerConfigKeys (ConfUtils.java:logGet(43)) - raft.server.snapshot.auto.trigger.enabled = true (custom)
2019-10-04 14:03:30,647 [pool-409-thread-1] INFO  server.RaftServerConfigKeys (ConfUtils.java:logGet(43)) - raft.server.snapshot.auto.trigger.threshold = 10000 (custom)
2019-10-04 14:03:30,647 [pool-409-thread-1] INFO  server.RaftServerConfigKeys (ConfUtils.java:logGet(43)) - raft.server.snapshot.retention.file.num = 5 (custom)
2019-10-04 14:03:30,647 [pool-409-thread-1] INFO  server.RaftServerConfigKeys (ConfUtils.java:logGet(43)) - raft.server.retrycache.expirytime = 600000ms (custom)
2019-10-04 14:03:30,649 [pool-409-thread-1] INFO  impl.RaftServerImpl (RaftServerImpl.java:start(181)) - 228aa06e-06ce-4204-8855-80d551f2c161@group-3AD9A1440FE8: start as a follower, conf=-1: [228aa06e-06ce-4204-8855-80d551f2c161:192.168.5.142:40090], old=null
2019-10-04 14:03:30,649 [pool-409-thread-1] INFO  impl.RaftServerImpl (RaftServerImpl.java:setRole(170)) - 228aa06e-06ce-4204-8855-80d551f2c161@group-3AD9A1440FE8: changes role from      null to FOLLOWER at term 0 for startAsFollower
2019-10-04 14:03:30,650 [pool-409-thread-1] INFO  impl.RoleInfo (RoleInfo.java:updateAndGet(143)) - 228aa06e-06ce-4204-8855-80d551f2c161: start FollowerState
2019-10-04 14:03:30,670 [pool-409-thread-1] INFO  util.JmxRegister (JmxRegister.java:tryRegister(44)) - Successfully registered JMX Bean with object name Ratis:service=RaftServer,group=group-3AD9A1440FE8,id=228aa06e-06ce-4204-8855-80d551f2c161
2019-10-04 14:03:30,702 [RatisPipelineUtilsThread] INFO  pipeline.PipelineStateManager (PipelineStateManager.java:addPipeline(56)) - Created pipeline Pipeline[ Id: 89725909-e3cf-45a7-ad3e-3ad9a1440fe8, Nodes: 228aa06e-06ce-4204-8855-80d551f2c161{ip: 192.168.5.142, host: pr-hdds-2204-d78b8-1674338442, networkLocation: /default-rack, certSerialId: null}, Type:RATIS, Factor:ONE, State:OPEN]
2019-10-04 14:03:30,713 [grpc-default-executor-10] INFO  impl.RaftServerProxy (RaftServerProxy.java:addNew(89)) - 4f0d32d0-8b81-48af-bff0-df3de040520e: addNew group-1212A9D7B753:[4f0d32d0-8b81-48af-bff0-df3de040520e:192.168.5.142:37852] returns group-1212A9D7B753:java.util.concurrent.CompletableFuture@7f5c9686[Not completed]
2019-10-04 14:03:30,714 [pool-449-thread-1] INFO  impl.RaftServerImpl (RaftServerImpl.java:<init>(95)) - 4f0d32d0-8b81-48af-bff0-df3de040520e: new RaftServerImpl for group-1212A9D7B753:[4f0d32d0-8b81-48af-bff0-df3de040520e:192.168.5.142:37852] with ContainerStateMachine:uninitialized
2019-10-04 14:03:30,714 [pool-449-thread-1] INFO  server.RaftServerConfigKeys (ConfUtils.java:logGet(43)) - raft.server.rpc.timeout.min = 5s (custom)
2019-10-04 14:03:30,714 [pool-449-thread-1] INFO  server.RaftServerConfigKeys (ConfUtils.java:logGet(43)) - raft.server.rpc.timeout.max = 5200ms (custom)
2019-10-04 14:03:30,714 [pool-449-thread-1] INFO  server.RaftServerConfigKeys (ConfUtils.java:logGet(43)) - raft.server.rpcslowness.timeout = 120s (custom)
2019-10-04 14:03:30,714 [pool-449-thread-1] INFO  server.RaftServerConfigKeys (ConfUtils.java:logGet(43)) - raft.server.sleep.deviation.threshold = 300 (default)
2019-10-04 14:03:30,715 [pool-449-thread-1] INFO  server.RaftServerConfigKeys (ConfUtils.java:logGet(43)) - raft.server.log.appender.install.snapshot.enabled = false (custom)
2019-10-04 14:03:30,715 [pool-449-thread-1] INFO  impl.RaftServerImpl (ServerState.java:<init>(103)) - 4f0d32d0-8b81-48af-bff0-df3de040520e@group-1212A9D7B753: ConfigurationManager, init=-1: [4f0d32d0-8b81-48af-bff0-df3de040520e:192.168.5.142:37852], old=null, confs=<EMPTY_MAP>
2019-10-04 14:03:30,715 [pool-449-thread-1] INFO  server.RaftServerConfigKeys (ConfUtils.java:logGet(43)) - raft.server.storage.dir = [/workdir/hadoop-ozone/integration-test/target/test-dir/MiniOzoneClusterImpl-a706a60c-ed98-4f98-a126-279d51990bf3/datanode-4/data/ratis] (custom)
2019-10-04 14:03:30,715 [pool-449-thread-1] INFO  server.RaftServerConfigKeys (ConfUtils.java:logGet(43)) - raft.server.log.corruption.policy = EXCEPTION (default)
2019-10-04 14:03:30,715 [pool-449-thread-1] INFO  storage.RaftStorageDirectory (RaftStorageDirectory.java:analyzeStorage(246)) - The storage directory /workdir/hadoop-ozone/integration-test/target/test-dir/MiniOzoneClusterImpl-a706a60c-ed98-4f98-a126-279d51990bf3/datanode-4/data/ratis/97311917-7833-4ac4-a99c-1212a9d7b753 does not exist. Creating ...
2019-10-04 14:03:30,738 [pool-449-thread-1] INFO  storage.RaftStorageDirectory (RaftStorageDirectory.java:tryLock(328)) - Lock on /workdir/hadoop-ozone/integration-test/target/test-dir/MiniOzoneClusterImpl-a706a60c-ed98-4f98-a126-279d51990bf3/datanode-4/data/ratis/97311917-7833-4ac4-a99c-1212a9d7b753/in_use.lock acquired by nodename 31746@pr-hdds-2204-d78b8-1674338442
2019-10-04 14:03:30,752 [pool-449-thread-1] INFO  storage.RaftStorage (RaftStorage.java:format(84)) - Storage directory /workdir/hadoop-ozone/integration-test/target/test-dir/MiniOzoneClusterImpl-a706a60c-ed98-4f98-a126-279d51990bf3/datanode-4/data/ratis/97311917-7833-4ac4-a99c-1212a9d7b753 has been successfully formatted.
2019-10-04 14:03:30,752 [pool-449-thread-1] INFO  ratis.ContainerStateMachine (ContainerStateMachine.java:loadSnapshot(230)) - group-1212A9D7B753: The snapshot info is null. Setting the last applied indexto:(t:0, i:~)
2019-10-04 14:03:30,752 [pool-449-thread-1] INFO  server.RaftServerConfigKeys (ConfUtils.java:logGet(43)) - raft.server.notification.no-leader.timeout = 120s (custom)
2019-10-04 14:03:30,752 [pool-449-thread-1] INFO  server.RaftServerConfigKeys (ConfUtils.java:logGet(43)) - raft.server.log.use.memory = false (default)
2019-10-04 14:03:30,752 [pool-449-thread-1] INFO  server.RaftServerConfigKeys (ConfUtils.java:logGet(43)) - raft.server.log.purge.gap = 1000000 (custom)
2019-10-04 14:03:30,752 [pool-449-thread-1] INFO  server.RaftServerConfigKeys (ConfUtils.java:logGet(43)) - raft.server.log.appender.buffer.byte-limit = 33554432 (custom)
2019-10-04 14:03:30,753 [pool-449-thread-1] INFO  server.RaftServerConfigKeys (ConfUtils.java:logGet(43)) - raft.server.log.segment.size.max = 1048576 (custom)
2019-10-04 14:03:30,754 [pool-449-thread-1] INFO  server.RaftServerConfigKeys (ConfUtils.java:logGet(43)) - raft.server.log.segment.cache.num.max = 2 (custom)
2019-10-04 14:03:30,754 [pool-449-thread-1] INFO  segmented.SegmentedRaftLogWorker (SegmentedRaftLogWorker.java:<init>(173)) - new 4f0d32d0-8b81-48af-bff0-df3de040520e@group-1212A9D7B753-SegmentedRaftLogWorker for RaftStorage:Storage Directory /workdir/hadoop-ozone/integration-test/target/test-dir/MiniOzoneClusterImpl-a706a60c-ed98-4f98-a126-279d51990bf3/datanode-4/data/ratis/97311917-7833-4ac4-a99c-1212a9d7b753
2019-10-04 14:03:30,754 [pool-449-thread-1] INFO  server.RaftServerConfigKeys (ConfUtils.java:logGet(43)) - raft.server.log.queue.byte-limit = 2147483647 (custom)
2019-10-04 14:03:30,755 [pool-449-thread-1] INFO  server.RaftServerConfigKeys (ConfUtils.java:logGet(43)) - raft.server.log.queue.element-limit = 1024 (custom)
2019-10-04 14:03:30,755 [pool-449-thread-1] INFO  server.RaftServerConfigKeys (ConfUtils.java:logGet(43)) - raft.server.log.segment.size.max = 1048576 (custom)
2019-10-04 14:03:30,755 [pool-449-thread-1] INFO  server.RaftServerConfigKeys (ConfUtils.java:logGet(43)) - raft.server.log.preallocated.size = 16384 (custom)
2019-10-04 14:03:30,755 [pool-449-thread-1] INFO  server.RaftServerConfigKeys (ConfUtils.java:logGet(43)) - raft.server.log.write.buffer.size = 33554432 (custom)
2019-10-04 14:03:30,755 [pool-449-thread-1] INFO  server.RaftServerConfigKeys (ConfUtils.java:logGet(43)) - raft.server.log.force.sync.num = 128 (default)
2019-10-04 14:03:30,755 [pool-449-thread-1] INFO  server.RaftServerConfigKeys (ConfUtils.java:logGet(43)) - raft.server.log.statemachine.data.sync = true (default)
2019-10-04 14:03:30,755 [pool-449-thread-1] INFO  server.RaftServerConfigKeys (ConfUtils.java:logGet(43)) - raft.server.log.statemachine.data.sync.timeout = 10s (default)
2019-10-04 14:03:30,755 [pool-449-thread-1] INFO  server.RaftServerConfigKeys (ConfUtils.java:logGet(43)) - raft.server.log.statemachine.data.sync.timeout.retry = -1 (default)
2019-10-04 14:03:30,756 [pool-449-thread-1] INFO  server.RaftServerConfigKeys (ConfUtils.java:logGet(43)) - raft.server.log.statemachine.data.caching.enabled = true (custom)
2019-10-04 14:03:30,756 [pool-449-thread-1] INFO  segmented.SegmentedRaftLogWorker (SegmentedRaftLogWorker.java:lambda$new$0(128)) - 4f0d32d0-8b81-48af-bff0-df3de040520e@group-1212A9D7B753-SegmentedRaftLogWorker: flushIndex: setUnconditionally 0 -> -1
2019-10-04 14:03:30,756 [pool-449-thread-1] INFO  server.RaftServerConfigKeys (ConfUtils.java:logGet(43)) - raft.server.snapshot.auto.trigger.enabled = true (custom)
2019-10-04 14:03:30,757 [pool-449-thread-1] INFO  server.RaftServerConfigKeys (ConfUtils.java:logGet(43)) - raft.server.snapshot.auto.trigger.threshold = 10000 (custom)
2019-10-04 14:03:30,757 [pool-449-thread-1] INFO  server.RaftServerConfigKeys (ConfUtils.java:logGet(43)) - raft.server.snapshot.retention.file.num = 5 (custom)
2019-10-04 14:03:30,757 [pool-449-thread-1] INFO  server.RaftServerConfigKeys (ConfUtils.java:logGet(43)) - raft.server.retrycache.expirytime = 600000ms (custom)
2019-10-04 14:03:30,758 [pool-449-thread-1] INFO  impl.RaftServerImpl (RaftServerImpl.java:start(181)) - 4f0d32d0-8b81-48af-bff0-df3de040520e@group-1212A9D7B753: start as a follower, conf=-1: [4f0d32d0-8b81-48af-bff0-df3de040520e:192.168.5.142:37852], old=null
2019-10-04 14:03:30,759 [pool-449-thread-1] INFO  impl.RaftServerImpl (RaftServerImpl.java:setRole(170)) - 4f0d32d0-8b81-48af-bff0-df3de040520e@group-1212A9D7B753: changes role from      null to FOLLOWER at term 0 for startAsFollower
2019-10-04 14:03:30,759 [pool-449-thread-1] INFO  impl.RoleInfo (RoleInfo.java:updateAndGet(143)) - 4f0d32d0-8b81-48af-bff0-df3de040520e: start FollowerState
2019-10-04 14:03:30,759 [pool-449-thread-1] INFO  util.JmxRegister (JmxRegister.java:tryRegister(44)) - Successfully registered JMX Bean with object name Ratis:service=RaftServer,group=group-1212A9D7B753,id=4f0d32d0-8b81-48af-bff0-df3de040520e
2019-10-04 14:03:30,762 [RatisPipelineUtilsThread] INFO  pipeline.PipelineStateManager (PipelineStateManager.java:addPipeline(56)) - Created pipeline Pipeline[ Id: 97311917-7833-4ac4-a99c-1212a9d7b753, Nodes: 4f0d32d0-8b81-48af-bff0-df3de040520e{ip: 192.168.5.142, host: pr-hdds-2204-d78b8-1674338442, networkLocation: /default-rack, certSerialId: null}, Type:RATIS, Factor:ONE, State:OPEN]
2019-10-04 14:03:30,769 [grpc-default-executor-10] INFO  impl.RaftServerProxy (RaftServerProxy.java:addNew(89)) - 4b936257-ae70-49d0-a2b9-62c8e68e72da: addNew group-CAAA789332FB:[4b936257-ae70-49d0-a2b9-62c8e68e72da:192.168.5.142:39633] returns group-CAAA789332FB:java.util.concurrent.CompletableFuture@3433b3e9[Not completed]
2019-10-04 14:03:30,770 [pool-419-thread-1] INFO  impl.RaftServerImpl (RaftServerImpl.java:<init>(95)) - 4b936257-ae70-49d0-a2b9-62c8e68e72da: new RaftServerImpl for group-CAAA789332FB:[4b936257-ae70-49d0-a2b9-62c8e68e72da:192.168.5.142:39633] with ContainerStateMachine:uninitialized
2019-10-04 14:03:30,770 [pool-419-thread-1] INFO  server.RaftServerConfigKeys (ConfUtils.java:logGet(43)) - raft.server.rpc.timeout.min = 5s (custom)
2019-10-04 14:03:30,770 [pool-419-thread-1] INFO  server.RaftServerConfigKeys (ConfUtils.java:logGet(43)) - raft.server.rpc.timeout.max = 5200ms (custom)
2019-10-04 14:03:30,770 [pool-419-thread-1] INFO  server.RaftServerConfigKeys (ConfUtils.java:logGet(43)) - raft.server.rpcslowness.timeout = 120s (custom)
2019-10-04 14:03:30,770 [pool-419-thread-1] INFO  server.RaftServerConfigKeys (ConfUtils.java:logGet(43)) - raft.server.sleep.deviation.threshold = 300 (default)
2019-10-04 14:03:30,770 [pool-419-thread-1] INFO  server.RaftServerConfigKeys (ConfUtils.java:logGet(43)) - raft.server.log.appender.install.snapshot.enabled = false (custom)
2019-10-04 14:03:30,770 [pool-419-thread-1] INFO  impl.RaftServerImpl (ServerState.java:<init>(103)) - 4b936257-ae70-49d0-a2b9-62c8e68e72da@group-CAAA789332FB: ConfigurationManager, init=-1: [4b936257-ae70-49d0-a2b9-62c8e68e72da:192.168.5.142:39633], old=null, confs=<EMPTY_MAP>
2019-10-04 14:03:30,771 [pool-419-thread-1] INFO  server.RaftServerConfigKeys (ConfUtils.java:logGet(43)) - raft.server.storage.dir = [/workdir/hadoop-ozone/integration-test/target/test-dir/MiniOzoneClusterImpl-a706a60c-ed98-4f98-a126-279d51990bf3/datanode-1/data/ratis] (custom)
2019-10-04 14:03:30,771 [pool-419-thread-1] INFO  server.RaftServerConfigKeys (ConfUtils.java:logGet(43)) - raft.server.log.corruption.policy = EXCEPTION (default)
2019-10-04 14:03:30,771 [pool-419-thread-1] INFO  storage.RaftStorageDirectory (RaftStorageDirectory.java:analyzeStorage(246)) - The storage directory /workdir/hadoop-ozone/integration-test/target/test-dir/MiniOzoneClusterImpl-a706a60c-ed98-4f98-a126-279d51990bf3/datanode-1/data/ratis/c7269173-8857-4b58-a904-caaa789332fb does not exist. Creating ...
2019-10-04 14:03:30,784 [pool-419-thread-1] INFO  storage.RaftStorageDirectory (RaftStorageDirectory.java:tryLock(328)) - Lock on /workdir/hadoop-ozone/integration-test/target/test-dir/MiniOzoneClusterImpl-a706a60c-ed98-4f98-a126-279d51990bf3/datanode-1/data/ratis/c7269173-8857-4b58-a904-caaa789332fb/in_use.lock acquired by nodename 31746@pr-hdds-2204-d78b8-1674338442
2019-10-04 14:03:30,798 [pool-419-thread-1] INFO  storage.RaftStorage (RaftStorage.java:format(84)) - Storage directory /workdir/hadoop-ozone/integration-test/target/test-dir/MiniOzoneClusterImpl-a706a60c-ed98-4f98-a126-279d51990bf3/datanode-1/data/ratis/c7269173-8857-4b58-a904-caaa789332fb has been successfully formatted.
2019-10-04 14:03:30,798 [pool-419-thread-1] INFO  ratis.ContainerStateMachine (ContainerStateMachine.java:loadSnapshot(230)) - group-CAAA789332FB: The snapshot info is null. Setting the last applied indexto:(t:0, i:~)
2019-10-04 14:03:30,798 [pool-419-thread-1] INFO  server.RaftServerConfigKeys (ConfUtils.java:logGet(43)) - raft.server.notification.no-leader.timeout = 120s (custom)
2019-10-04 14:03:30,798 [pool-419-thread-1] INFO  server.RaftServerConfigKeys (ConfUtils.java:logGet(43)) - raft.server.log.use.memory = false (default)
2019-10-04 14:03:30,799 [pool-419-thread-1] INFO  server.RaftServerConfigKeys (ConfUtils.java:logGet(43)) - raft.server.log.purge.gap = 1000000 (custom)
2019-10-04 14:03:30,799 [pool-419-thread-1] INFO  server.RaftServerConfigKeys (ConfUtils.java:logGet(43)) - raft.server.log.appender.buffer.byte-limit = 33554432 (custom)
2019-10-04 14:03:30,799 [pool-419-thread-1] INFO  server.RaftServerConfigKeys (ConfUtils.java:logGet(43)) - raft.server.log.segment.size.max = 1048576 (custom)
2019-10-04 14:03:30,800 [pool-419-thread-1] INFO  server.RaftServerConfigKeys (ConfUtils.java:logGet(43)) - raft.server.log.segment.cache.num.max = 2 (custom)
2019-10-04 14:03:30,800 [pool-419-thread-1] INFO  segmented.SegmentedRaftLogWorker (SegmentedRaftLogWorker.java:<init>(173)) - new 4b936257-ae70-49d0-a2b9-62c8e68e72da@group-CAAA789332FB-SegmentedRaftLogWorker for RaftStorage:Storage Directory /workdir/hadoop-ozone/integration-test/target/test-dir/MiniOzoneClusterImpl-a706a60c-ed98-4f98-a126-279d51990bf3/datanode-1/data/ratis/c7269173-8857-4b58-a904-caaa789332fb
2019-10-04 14:03:30,800 [pool-419-thread-1] INFO  server.RaftServerConfigKeys (ConfUtils.java:logGet(43)) - raft.server.log.queue.byte-limit = 2147483647 (custom)
2019-10-04 14:03:30,800 [pool-419-thread-1] INFO  server.RaftServerConfigKeys (ConfUtils.java:logGet(43)) - raft.server.log.queue.element-limit = 1024 (custom)
2019-10-04 14:03:30,800 [pool-419-thread-1] INFO  server.RaftServerConfigKeys (ConfUtils.java:logGet(43)) - raft.server.log.segment.size.max = 1048576 (custom)
2019-10-04 14:03:30,800 [pool-419-thread-1] INFO  server.RaftServerConfigKeys (ConfUtils.java:logGet(43)) - raft.server.log.preallocated.size = 16384 (custom)
2019-10-04 14:03:30,800 [pool-419-thread-1] INFO  server.RaftServerConfigKeys (ConfUtils.java:logGet(43)) - raft.server.log.write.buffer.size = 33554432 (custom)
2019-10-04 14:03:30,801 [pool-419-thread-1] INFO  server.RaftServerConfigKeys (ConfUtils.java:logGet(43)) - raft.server.log.force.sync.num = 128 (default)
2019-10-04 14:03:30,801 [pool-419-thread-1] INFO  server.RaftServerConfigKeys (ConfUtils.java:logGet(43)) - raft.server.log.statemachine.data.sync = true (default)
2019-10-04 14:03:30,801 [pool-419-thread-1] INFO  server.RaftServerConfigKeys (ConfUtils.java:logGet(43)) - raft.server.log.statemachine.data.sync.timeout = 10s (default)
2019-10-04 14:03:30,801 [pool-419-thread-1] INFO  server.RaftServerConfigKeys (ConfUtils.java:logGet(43)) - raft.server.log.statemachine.data.sync.timeout.retry = -1 (default)
2019-10-04 14:03:30,801 [pool-419-thread-1] INFO  server.RaftServerConfigKeys (ConfUtils.java:logGet(43)) - raft.server.log.statemachine.data.caching.enabled = true (custom)
2019-10-04 14:03:30,801 [pool-419-thread-1] INFO  segmented.SegmentedRaftLogWorker (SegmentedRaftLogWorker.java:lambda$new$0(128)) - 4b936257-ae70-49d0-a2b9-62c8e68e72da@group-CAAA789332FB-SegmentedRaftLogWorker: flushIndex: setUnconditionally 0 -> -1
2019-10-04 14:03:30,802 [pool-419-thread-1] INFO  server.RaftServerConfigKeys (ConfUtils.java:logGet(43)) - raft.server.snapshot.auto.trigger.enabled = true (custom)
2019-10-04 14:03:30,802 [pool-419-thread-1] INFO  server.RaftServerConfigKeys (ConfUtils.java:logGet(43)) - raft.server.snapshot.auto.trigger.threshold = 10000 (custom)
2019-10-04 14:03:30,802 [pool-419-thread-1] INFO  server.RaftServerConfigKeys (ConfUtils.java:logGet(43)) - raft.server.snapshot.retention.file.num = 5 (custom)
2019-10-04 14:03:30,802 [pool-419-thread-1] INFO  server.RaftServerConfigKeys (ConfUtils.java:logGet(43)) - raft.server.retrycache.expirytime = 600000ms (custom)
2019-10-04 14:03:30,804 [pool-419-thread-1] INFO  impl.RaftServerImpl (RaftServerImpl.java:start(181)) - 4b936257-ae70-49d0-a2b9-62c8e68e72da@group-CAAA789332FB: start as a follower, conf=-1: [4b936257-ae70-49d0-a2b9-62c8e68e72da:192.168.5.142:39633], old=null
2019-10-04 14:03:30,805 [pool-419-thread-1] INFO  impl.RaftServerImpl (RaftServerImpl.java:setRole(170)) - 4b936257-ae70-49d0-a2b9-62c8e68e72da@group-CAAA789332FB: changes role from      null to FOLLOWER at term 0 for startAsFollower
2019-10-04 14:03:30,805 [pool-419-thread-1] INFO  impl.RoleInfo (RoleInfo.java:updateAndGet(143)) - 4b936257-ae70-49d0-a2b9-62c8e68e72da: start FollowerState
2019-10-04 14:03:30,805 [pool-419-thread-1] INFO  util.JmxRegister (JmxRegister.java:tryRegister(44)) - Successfully registered JMX Bean with object name Ratis:service=RaftServer,group=group-CAAA789332FB,id=4b936257-ae70-49d0-a2b9-62c8e68e72da
2019-10-04 14:03:30,809 [RatisPipelineUtilsThread] INFO  pipeline.PipelineStateManager (PipelineStateManager.java:addPipeline(56)) - Created pipeline Pipeline[ Id: c7269173-8857-4b58-a904-caaa789332fb, Nodes: 4b936257-ae70-49d0-a2b9-62c8e68e72da{ip: 192.168.5.142, host: pr-hdds-2204-d78b8-1674338442, networkLocation: /default-rack, certSerialId: null}, Type:RATIS, Factor:ONE, State:OPEN]
2019-10-04 14:03:30,818 [grpc-default-executor-10] INFO  impl.RaftServerProxy (RaftServerProxy.java:addNew(89)) - 2eb9c693-8c7a-498f-9bb2-9f02bd340f6f: addNew group-E4A9E4ECDCF8:[2eb9c693-8c7a-498f-9bb2-9f02bd340f6f:192.168.5.142:38526] returns group-E4A9E4ECDCF8:java.util.concurrent.CompletableFuture@673e467c[Not completed]
2019-10-04 14:03:30,820 [pool-439-thread-1] INFO  impl.RaftServerImpl (RaftServerImpl.java:<init>(95)) - 2eb9c693-8c7a-498f-9bb2-9f02bd340f6f: new RaftServerImpl for group-E4A9E4ECDCF8:[2eb9c693-8c7a-498f-9bb2-9f02bd340f6f:192.168.5.142:38526] with ContainerStateMachine:uninitialized
2019-10-04 14:03:30,820 [pool-439-thread-1] INFO  server.RaftServerConfigKeys (ConfUtils.java:logGet(43)) - raft.server.rpc.timeout.min = 5s (custom)
2019-10-04 14:03:30,820 [pool-439-thread-1] INFO  server.RaftServerConfigKeys (ConfUtils.java:logGet(43)) - raft.server.rpc.timeout.max = 5200ms (custom)
2019-10-04 14:03:30,820 [pool-439-thread-1] INFO  server.RaftServerConfigKeys (ConfUtils.java:logGet(43)) - raft.server.rpcslowness.timeout = 120s (custom)
2019-10-04 14:03:30,820 [pool-439-thread-1] INFO  server.RaftServerConfigKeys (ConfUtils.java:logGet(43)) - raft.server.sleep.deviation.threshold = 300 (default)
2019-10-04 14:03:30,821 [pool-439-thread-1] INFO  server.RaftServerConfigKeys (ConfUtils.java:logGet(43)) - raft.server.log.appender.install.snapshot.enabled = false (custom)
2019-10-04 14:03:30,821 [pool-439-thread-1] INFO  impl.RaftServerImpl (ServerState.java:<init>(103)) - 2eb9c693-8c7a-498f-9bb2-9f02bd340f6f@group-E4A9E4ECDCF8: ConfigurationManager, init=-1: [2eb9c693-8c7a-498f-9bb2-9f02bd340f6f:192.168.5.142:38526], old=null, confs=<EMPTY_MAP>
2019-10-04 14:03:30,821 [pool-439-thread-1] INFO  server.RaftServerConfigKeys (ConfUtils.java:logGet(43)) - raft.server.storage.dir = [/workdir/hadoop-ozone/integration-test/target/test-dir/MiniOzoneClusterImpl-a706a60c-ed98-4f98-a126-279d51990bf3/datanode-3/data/ratis] (custom)
2019-10-04 14:03:30,821 [pool-439-thread-1] INFO  server.RaftServerConfigKeys (ConfUtils.java:logGet(43)) - raft.server.log.corruption.policy = EXCEPTION (default)
2019-10-04 14:03:30,821 [pool-439-thread-1] INFO  storage.RaftStorageDirectory (RaftStorageDirectory.java:analyzeStorage(246)) - The storage directory /workdir/hadoop-ozone/integration-test/target/test-dir/MiniOzoneClusterImpl-a706a60c-ed98-4f98-a126-279d51990bf3/datanode-3/data/ratis/e989402f-0905-46ad-a20f-e4a9e4ecdcf8 does not exist. Creating ...
2019-10-04 14:03:30,834 [pool-439-thread-1] INFO  storage.RaftStorageDirectory (RaftStorageDirectory.java:tryLock(328)) - Lock on /workdir/hadoop-ozone/integration-test/target/test-dir/MiniOzoneClusterImpl-a706a60c-ed98-4f98-a126-279d51990bf3/datanode-3/data/ratis/e989402f-0905-46ad-a20f-e4a9e4ecdcf8/in_use.lock acquired by nodename 31746@pr-hdds-2204-d78b8-1674338442
2019-10-04 14:03:30,847 [pool-439-thread-1] INFO  storage.RaftStorage (RaftStorage.java:format(84)) - Storage directory /workdir/hadoop-ozone/integration-test/target/test-dir/MiniOzoneClusterImpl-a706a60c-ed98-4f98-a126-279d51990bf3/datanode-3/data/ratis/e989402f-0905-46ad-a20f-e4a9e4ecdcf8 has been successfully formatted.
2019-10-04 14:03:30,848 [pool-439-thread-1] INFO  ratis.ContainerStateMachine (ContainerStateMachine.java:loadSnapshot(230)) - group-E4A9E4ECDCF8: The snapshot info is null. Setting the last applied indexto:(t:0, i:~)
2019-10-04 14:03:30,848 [pool-439-thread-1] INFO  server.RaftServerConfigKeys (ConfUtils.java:logGet(43)) - raft.server.notification.no-leader.timeout = 120s (custom)
2019-10-04 14:03:30,848 [pool-439-thread-1] INFO  server.RaftServerConfigKeys (ConfUtils.java:logGet(43)) - raft.server.log.use.memory = false (default)
2019-10-04 14:03:30,848 [pool-439-thread-1] INFO  server.RaftServerConfigKeys (ConfUtils.java:logGet(43)) - raft.server.log.purge.gap = 1000000 (custom)
2019-10-04 14:03:30,848 [pool-439-thread-1] INFO  server.RaftServerConfigKeys (ConfUtils.java:logGet(43)) - raft.server.log.appender.buffer.byte-limit = 33554432 (custom)
2019-10-04 14:03:30,848 [pool-439-thread-1] INFO  server.RaftServerConfigKeys (ConfUtils.java:logGet(43)) - raft.server.log.segment.size.max = 1048576 (custom)
2019-10-04 14:03:30,850 [pool-439-thread-1] INFO  server.RaftServerConfigKeys (ConfUtils.java:logGet(43)) - raft.server.log.segment.cache.num.max = 2 (custom)
2019-10-04 14:03:30,850 [pool-439-thread-1] INFO  segmented.SegmentedRaftLogWorker (SegmentedRaftLogWorker.java:<init>(173)) - new 2eb9c693-8c7a-498f-9bb2-9f02bd340f6f@group-E4A9E4ECDCF8-SegmentedRaftLogWorker for RaftStorage:Storage Directory /workdir/hadoop-ozone/integration-test/target/test-dir/MiniOzoneClusterImpl-a706a60c-ed98-4f98-a126-279d51990bf3/datanode-3/data/ratis/e989402f-0905-46ad-a20f-e4a9e4ecdcf8
2019-10-04 14:03:30,850 [pool-439-thread-1] INFO  server.RaftServerConfigKeys (ConfUtils.java:logGet(43)) - raft.server.log.queue.byte-limit = 2147483647 (custom)
2019-10-04 14:03:30,850 [pool-439-thread-1] INFO  server.RaftServerConfigKeys (ConfUtils.java:logGet(43)) - raft.server.log.queue.element-limit = 1024 (custom)
2019-10-04 14:03:30,850 [pool-439-thread-1] INFO  server.RaftServerConfigKeys (ConfUtils.java:logGet(43)) - raft.server.log.segment.size.max = 1048576 (custom)
2019-10-04 14:03:30,851 [pool-439-thread-1] INFO  server.RaftServerConfigKeys (ConfUtils.java:logGet(43)) - raft.server.log.preallocated.size = 16384 (custom)
2019-10-04 14:03:30,851 [pool-439-thread-1] INFO  server.RaftServerConfigKeys (ConfUtils.java:logGet(43)) - raft.server.log.write.buffer.size = 33554432 (custom)
2019-10-04 14:03:30,851 [pool-439-thread-1] INFO  server.RaftServerConfigKeys (ConfUtils.java:logGet(43)) - raft.server.log.force.sync.num = 128 (default)
2019-10-04 14:03:30,851 [pool-439-thread-1] INFO  server.RaftServerConfigKeys (ConfUtils.java:logGet(43)) - raft.server.log.statemachine.data.sync = true (default)
2019-10-04 14:03:30,851 [pool-439-thread-1] INFO  server.RaftServerConfigKeys (ConfUtils.java:logGet(43)) - raft.server.log.statemachine.data.sync.timeout = 10s (default)
2019-10-04 14:03:30,851 [pool-439-thread-1] INFO  server.RaftServerConfigKeys (ConfUtils.java:logGet(43)) - raft.server.log.statemachine.data.sync.timeout.retry = -1 (default)
2019-10-04 14:03:30,851 [pool-439-thread-1] INFO  server.RaftServerConfigKeys (ConfUtils.java:logGet(43)) - raft.server.log.statemachine.data.caching.enabled = true (custom)
2019-10-04 14:03:30,852 [pool-439-thread-1] INFO  segmented.SegmentedRaftLogWorker (SegmentedRaftLogWorker.java:lambda$new$0(128)) - 2eb9c693-8c7a-498f-9bb2-9f02bd340f6f@group-E4A9E4ECDCF8-SegmentedRaftLogWorker: flushIndex: setUnconditionally 0 -> -1
2019-10-04 14:03:30,852 [pool-439-thread-1] INFO  server.RaftServerConfigKeys (ConfUtils.java:logGet(43)) - raft.server.snapshot.auto.trigger.enabled = true (custom)
2019-10-04 14:03:30,852 [pool-439-thread-1] INFO  server.RaftServerConfigKeys (ConfUtils.java:logGet(43)) - raft.server.snapshot.auto.trigger.threshold = 10000 (custom)
2019-10-04 14:03:30,852 [pool-439-thread-1] INFO  server.RaftServerConfigKeys (ConfUtils.java:logGet(43)) - raft.server.snapshot.retention.file.num = 5 (custom)
2019-10-04 14:03:30,852 [pool-439-thread-1] INFO  server.RaftServerConfigKeys (ConfUtils.java:logGet(43)) - raft.server.retrycache.expirytime = 600000ms (custom)
2019-10-04 14:03:30,854 [pool-439-thread-1] INFO  impl.RaftServerImpl (RaftServerImpl.java:start(181)) - 2eb9c693-8c7a-498f-9bb2-9f02bd340f6f@group-E4A9E4ECDCF8: start as a follower, conf=-1: [2eb9c693-8c7a-498f-9bb2-9f02bd340f6f:192.168.5.142:38526], old=null
2019-10-04 14:03:30,854 [pool-439-thread-1] INFO  impl.RaftServerImpl (RaftServerImpl.java:setRole(170)) - 2eb9c693-8c7a-498f-9bb2-9f02bd340f6f@group-E4A9E4ECDCF8: changes role from      null to FOLLOWER at term 0 for startAsFollower
2019-10-04 14:03:30,854 [pool-439-thread-1] INFO  impl.RoleInfo (RoleInfo.java:updateAndGet(143)) - 2eb9c693-8c7a-498f-9bb2-9f02bd340f6f: start FollowerState
2019-10-04 14:03:30,854 [pool-439-thread-1] INFO  util.JmxRegister (JmxRegister.java:tryRegister(44)) - Successfully registered JMX Bean with object name Ratis:service=RaftServer,group=group-E4A9E4ECDCF8,id=2eb9c693-8c7a-498f-9bb2-9f02bd340f6f
2019-10-04 14:03:30,858 [RatisPipelineUtilsThread] INFO  pipeline.PipelineStateManager (PipelineStateManager.java:addPipeline(56)) - Created pipeline Pipeline[ Id: e989402f-0905-46ad-a20f-e4a9e4ecdcf8, Nodes: 2eb9c693-8c7a-498f-9bb2-9f02bd340f6f{ip: 192.168.5.142, host: pr-hdds-2204-d78b8-1674338442, networkLocation: /default-rack, certSerialId: null}, Type:RATIS, Factor:ONE, State:OPEN]
2019-10-04 14:03:30,865 [grpc-default-executor-10] INFO  impl.RaftServerProxy (RaftServerProxy.java:addNew(89)) - 19914a7d-dfbb-463a-b70b-49f5b7efbd3b: addNew group-7C67C20AEC21:[19914a7d-dfbb-463a-b70b-49f5b7efbd3b:192.168.5.142:40655] returns group-7C67C20AEC21:java.util.concurrent.CompletableFuture@283704f3[Not completed]
2019-10-04 14:03:30,867 [pool-429-thread-1] INFO  impl.RaftServerImpl (RaftServerImpl.java:<init>(95)) - 19914a7d-dfbb-463a-b70b-49f5b7efbd3b: new RaftServerImpl for group-7C67C20AEC21:[19914a7d-dfbb-463a-b70b-49f5b7efbd3b:192.168.5.142:40655] with ContainerStateMachine:uninitialized
2019-10-04 14:03:30,867 [pool-429-thread-1] INFO  server.RaftServerConfigKeys (ConfUtils.java:logGet(43)) - raft.server.rpc.timeout.min = 5s (custom)
2019-10-04 14:03:30,867 [pool-429-thread-1] INFO  server.RaftServerConfigKeys (ConfUtils.java:logGet(43)) - raft.server.rpc.timeout.max = 5200ms (custom)
2019-10-04 14:03:30,867 [pool-429-thread-1] INFO  server.RaftServerConfigKeys (ConfUtils.java:logGet(43)) - raft.server.rpcslowness.timeout = 120s (custom)
2019-10-04 14:03:30,867 [pool-429-thread-1] INFO  server.RaftServerConfigKeys (ConfUtils.java:logGet(43)) - raft.server.sleep.deviation.threshold = 300 (default)
2019-10-04 14:03:30,867 [pool-429-thread-1] INFO  server.RaftServerConfigKeys (ConfUtils.java:logGet(43)) - raft.server.log.appender.install.snapshot.enabled = false (custom)
2019-10-04 14:03:30,868 [pool-429-thread-1] INFO  impl.RaftServerImpl (ServerState.java:<init>(103)) - 19914a7d-dfbb-463a-b70b-49f5b7efbd3b@group-7C67C20AEC21: ConfigurationManager, init=-1: [19914a7d-dfbb-463a-b70b-49f5b7efbd3b:192.168.5.142:40655], old=null, confs=<EMPTY_MAP>
2019-10-04 14:03:30,868 [pool-429-thread-1] INFO  server.RaftServerConfigKeys (ConfUtils.java:logGet(43)) - raft.server.storage.dir = [/workdir/hadoop-ozone/integration-test/target/test-dir/MiniOzoneClusterImpl-a706a60c-ed98-4f98-a126-279d51990bf3/datanode-2/data/ratis] (custom)
2019-10-04 14:03:30,868 [pool-429-thread-1] INFO  server.RaftServerConfigKeys (ConfUtils.java:logGet(43)) - raft.server.log.corruption.policy = EXCEPTION (default)
2019-10-04 14:03:30,868 [pool-429-thread-1] INFO  storage.RaftStorageDirectory (RaftStorageDirectory.java:analyzeStorage(246)) - The storage directory /workdir/hadoop-ozone/integration-test/target/test-dir/MiniOzoneClusterImpl-a706a60c-ed98-4f98-a126-279d51990bf3/datanode-2/data/ratis/b18f5afe-aa6b-4c3d-8948-7c67c20aec21 does not exist. Creating ...
2019-10-04 14:03:30,881 [pool-429-thread-1] INFO  storage.RaftStorageDirectory (RaftStorageDirectory.java:tryLock(328)) - Lock on /workdir/hadoop-ozone/integration-test/target/test-dir/MiniOzoneClusterImpl-a706a60c-ed98-4f98-a126-279d51990bf3/datanode-2/data/ratis/b18f5afe-aa6b-4c3d-8948-7c67c20aec21/in_use.lock acquired by nodename 31746@pr-hdds-2204-d78b8-1674338442
2019-10-04 14:03:30,895 [pool-429-thread-1] INFO  storage.RaftStorage (RaftStorage.java:format(84)) - Storage directory /workdir/hadoop-ozone/integration-test/target/test-dir/MiniOzoneClusterImpl-a706a60c-ed98-4f98-a126-279d51990bf3/datanode-2/data/ratis/b18f5afe-aa6b-4c3d-8948-7c67c20aec21 has been successfully formatted.
2019-10-04 14:03:30,895 [pool-429-thread-1] INFO  ratis.ContainerStateMachine (ContainerStateMachine.java:loadSnapshot(230)) - group-7C67C20AEC21: The snapshot info is null. Setting the last applied indexto:(t:0, i:~)
2019-10-04 14:03:30,895 [pool-429-thread-1] INFO  server.RaftServerConfigKeys (ConfUtils.java:logGet(43)) - raft.server.notification.no-leader.timeout = 120s (custom)
2019-10-04 14:03:30,895 [pool-429-thread-1] INFO  server.RaftServerConfigKeys (ConfUtils.java:logGet(43)) - raft.server.log.use.memory = false (default)
2019-10-04 14:03:30,895 [pool-429-thread-1] INFO  server.RaftServerConfigKeys (ConfUtils.java:logGet(43)) - raft.server.log.purge.gap = 1000000 (custom)
2019-10-04 14:03:30,895 [pool-429-thread-1] INFO  server.RaftServerConfigKeys (ConfUtils.java:logGet(43)) - raft.server.log.appender.buffer.byte-limit = 33554432 (custom)
2019-10-04 14:03:30,896 [pool-429-thread-1] INFO  server.RaftServerConfigKeys (ConfUtils.java:logGet(43)) - raft.server.log.segment.size.max = 1048576 (custom)
2019-10-04 14:03:30,897 [pool-429-thread-1] INFO  server.RaftServerConfigKeys (ConfUtils.java:logGet(43)) - raft.server.log.segment.cache.num.max = 2 (custom)
2019-10-04 14:03:30,897 [pool-429-thread-1] INFO  segmented.SegmentedRaftLogWorker (SegmentedRaftLogWorker.java:<init>(173)) - new 19914a7d-dfbb-463a-b70b-49f5b7efbd3b@group-7C67C20AEC21-SegmentedRaftLogWorker for RaftStorage:Storage Directory /workdir/hadoop-ozone/integration-test/target/test-dir/MiniOzoneClusterImpl-a706a60c-ed98-4f98-a126-279d51990bf3/datanode-2/data/ratis/b18f5afe-aa6b-4c3d-8948-7c67c20aec21
2019-10-04 14:03:30,897 [pool-429-thread-1] INFO  server.RaftServerConfigKeys (ConfUtils.java:logGet(43)) - raft.server.log.queue.byte-limit = 2147483647 (custom)
2019-10-04 14:03:30,898 [pool-429-thread-1] INFO  server.RaftServerConfigKeys (ConfUtils.java:logGet(43)) - raft.server.log.queue.element-limit = 1024 (custom)
2019-10-04 14:03:30,898 [pool-429-thread-1] INFO  server.RaftServerConfigKeys (ConfUtils.java:logGet(43)) - raft.server.log.segment.size.max = 1048576 (custom)
2019-10-04 14:03:30,898 [pool-429-thread-1] INFO  server.RaftServerConfigKeys (ConfUtils.java:logGet(43)) - raft.server.log.preallocated.size = 16384 (custom)
2019-10-04 14:03:30,898 [pool-429-thread-1] INFO  server.RaftServerConfigKeys (ConfUtils.java:logGet(43)) - raft.server.log.write.buffer.size = 33554432 (custom)
2019-10-04 14:03:30,898 [pool-429-thread-1] INFO  server.RaftServerConfigKeys (ConfUtils.java:logGet(43)) - raft.server.log.force.sync.num = 128 (default)
2019-10-04 14:03:30,898 [pool-429-thread-1] INFO  server.RaftServerConfigKeys (ConfUtils.java:logGet(43)) - raft.server.log.statemachine.data.sync = true (default)
2019-10-04 14:03:30,898 [pool-429-thread-1] INFO  server.RaftServerConfigKeys (ConfUtils.java:logGet(43)) - raft.server.log.statemachine.data.sync.timeout = 10s (default)
2019-10-04 14:03:30,898 [pool-429-thread-1] INFO  server.RaftServerConfigKeys (ConfUtils.java:logGet(43)) - raft.server.log.statemachine.data.sync.timeout.retry = -1 (default)
2019-10-04 14:03:30,898 [pool-429-thread-1] INFO  server.RaftServerConfigKeys (ConfUtils.java:logGet(43)) - raft.server.log.statemachine.data.caching.enabled = true (custom)
2019-10-04 14:03:30,899 [pool-429-thread-1] INFO  segmented.SegmentedRaftLogWorker (SegmentedRaftLogWorker.java:lambda$new$0(128)) - 19914a7d-dfbb-463a-b70b-49f5b7efbd3b@group-7C67C20AEC21-SegmentedRaftLogWorker: flushIndex: setUnconditionally 0 -> -1
2019-10-04 14:03:30,899 [pool-429-thread-1] INFO  server.RaftServerConfigKeys (ConfUtils.java:logGet(43)) - raft.server.snapshot.auto.trigger.enabled = true (custom)
2019-10-04 14:03:30,899 [pool-429-thread-1] INFO  server.RaftServerConfigKeys (ConfUtils.java:logGet(43)) - raft.server.snapshot.auto.trigger.threshold = 10000 (custom)
2019-10-04 14:03:30,899 [pool-429-thread-1] INFO  server.RaftServerConfigKeys (ConfUtils.java:logGet(43)) - raft.server.snapshot.retention.file.num = 5 (custom)
2019-10-04 14:03:30,899 [pool-429-thread-1] INFO  server.RaftServerConfigKeys (ConfUtils.java:logGet(43)) - raft.server.retrycache.expirytime = 600000ms (custom)
2019-10-04 14:03:30,901 [pool-429-thread-1] INFO  impl.RaftServerImpl (RaftServerImpl.java:start(181)) - 19914a7d-dfbb-463a-b70b-49f5b7efbd3b@group-7C67C20AEC21: start as a follower, conf=-1: [19914a7d-dfbb-463a-b70b-49f5b7efbd3b:192.168.5.142:40655], old=null
2019-10-04 14:03:30,901 [pool-429-thread-1] INFO  impl.RaftServerImpl (RaftServerImpl.java:setRole(170)) - 19914a7d-dfbb-463a-b70b-49f5b7efbd3b@group-7C67C20AEC21: changes role from      null to FOLLOWER at term 0 for startAsFollower
2019-10-04 14:03:30,901 [pool-429-thread-1] INFO  impl.RoleInfo (RoleInfo.java:updateAndGet(143)) - 19914a7d-dfbb-463a-b70b-49f5b7efbd3b: start FollowerState
2019-10-04 14:03:30,901 [pool-429-thread-1] INFO  util.JmxRegister (JmxRegister.java:tryRegister(44)) - Successfully registered JMX Bean with object name Ratis:service=RaftServer,group=group-7C67C20AEC21,id=19914a7d-dfbb-463a-b70b-49f5b7efbd3b
2019-10-04 14:03:30,904 [RatisPipelineUtilsThread] INFO  pipeline.PipelineStateManager (PipelineStateManager.java:addPipeline(56)) - Created pipeline Pipeline[ Id: b18f5afe-aa6b-4c3d-8948-7c67c20aec21, Nodes: 19914a7d-dfbb-463a-b70b-49f5b7efbd3b{ip: 192.168.5.142, host: pr-hdds-2204-d78b8-1674338442, networkLocation: /default-rack, certSerialId: null}, Type:RATIS, Factor:ONE, State:OPEN]
2019-10-04 14:03:30,917 [grpc-default-executor-10] INFO  impl.RaftServerProxy (RaftServerProxy.java:addNew(89)) - c837fe61-e49e-43db-b855-d40a2ff7bb03: addNew group-1ED6AE7A3E49:[c837fe61-e49e-43db-b855-d40a2ff7bb03:192.168.5.142:36480] returns group-1ED6AE7A3E49:java.util.concurrent.CompletableFuture@5a542b4[Not completed]
2019-10-04 14:03:30,920 [pool-469-thread-1] INFO  impl.RaftServerImpl (RaftServerImpl.java:<init>(95)) - c837fe61-e49e-43db-b855-d40a2ff7bb03: new RaftServerImpl for group-1ED6AE7A3E49:[c837fe61-e49e-43db-b855-d40a2ff7bb03:192.168.5.142:36480] with ContainerStateMachine:uninitialized
2019-10-04 14:03:30,920 [pool-469-thread-1] INFO  server.RaftServerConfigKeys (ConfUtils.java:logGet(43)) - raft.server.rpc.timeout.min = 5s (custom)
2019-10-04 14:03:30,920 [pool-469-thread-1] INFO  server.RaftServerConfigKeys (ConfUtils.java:logGet(43)) - raft.server.rpc.timeout.max = 5200ms (custom)
2019-10-04 14:03:30,920 [pool-469-thread-1] INFO  server.RaftServerConfigKeys (ConfUtils.java:logGet(43)) - raft.server.rpcslowness.timeout = 120s (custom)
2019-10-04 14:03:30,920 [pool-469-thread-1] INFO  server.RaftServerConfigKeys (ConfUtils.java:logGet(43)) - raft.server.sleep.deviation.threshold = 300 (default)
2019-10-04 14:03:30,920 [pool-469-thread-1] INFO  server.RaftServerConfigKeys (ConfUtils.java:logGet(43)) - raft.server.log.appender.install.snapshot.enabled = false (custom)
2019-10-04 14:03:30,921 [pool-469-thread-1] INFO  impl.RaftServerImpl (ServerState.java:<init>(103)) - c837fe61-e49e-43db-b855-d40a2ff7bb03@group-1ED6AE7A3E49: ConfigurationManager, init=-1: [c837fe61-e49e-43db-b855-d40a2ff7bb03:192.168.5.142:36480], old=null, confs=<EMPTY_MAP>
2019-10-04 14:03:30,921 [pool-469-thread-1] INFO  server.RaftServerConfigKeys (ConfUtils.java:logGet(43)) - raft.server.storage.dir = [/workdir/hadoop-ozone/integration-test/target/test-dir/MiniOzoneClusterImpl-a706a60c-ed98-4f98-a126-279d51990bf3/datanode-6/data/ratis] (custom)
2019-10-04 14:03:30,921 [pool-469-thread-1] INFO  server.RaftServerConfigKeys (ConfUtils.java:logGet(43)) - raft.server.log.corruption.policy = EXCEPTION (default)
2019-10-04 14:03:30,921 [pool-469-thread-1] INFO  storage.RaftStorageDirectory (RaftStorageDirectory.java:analyzeStorage(246)) - The storage directory /workdir/hadoop-ozone/integration-test/target/test-dir/MiniOzoneClusterImpl-a706a60c-ed98-4f98-a126-279d51990bf3/datanode-6/data/ratis/9d41f01a-7542-446f-adec-1ed6ae7a3e49 does not exist. Creating ...
2019-10-04 14:03:30,928 [pool-469-thread-1] INFO  storage.RaftStorageDirectory (RaftStorageDirectory.java:tryLock(328)) - Lock on /workdir/hadoop-ozone/integration-test/target/test-dir/MiniOzoneClusterImpl-a706a60c-ed98-4f98-a126-279d51990bf3/datanode-6/data/ratis/9d41f01a-7542-446f-adec-1ed6ae7a3e49/in_use.lock acquired by nodename 31746@pr-hdds-2204-d78b8-1674338442
2019-10-04 14:03:30,941 [pool-469-thread-1] INFO  storage.RaftStorage (RaftStorage.java:format(84)) - Storage directory /workdir/hadoop-ozone/integration-test/target/test-dir/MiniOzoneClusterImpl-a706a60c-ed98-4f98-a126-279d51990bf3/datanode-6/data/ratis/9d41f01a-7542-446f-adec-1ed6ae7a3e49 has been successfully formatted.
2019-10-04 14:03:30,941 [pool-469-thread-1] INFO  ratis.ContainerStateMachine (ContainerStateMachine.java:loadSnapshot(230)) - group-1ED6AE7A3E49: The snapshot info is null. Setting the last applied indexto:(t:0, i:~)
2019-10-04 14:03:30,941 [pool-469-thread-1] INFO  server.RaftServerConfigKeys (ConfUtils.java:logGet(43)) - raft.server.notification.no-leader.timeout = 120s (custom)
2019-10-04 14:03:30,941 [pool-469-thread-1] INFO  server.RaftServerConfigKeys (ConfUtils.java:logGet(43)) - raft.server.log.use.memory = false (default)
2019-10-04 14:03:30,942 [pool-469-thread-1] INFO  server.RaftServerConfigKeys (ConfUtils.java:logGet(43)) - raft.server.log.purge.gap = 1000000 (custom)
2019-10-04 14:03:30,942 [pool-469-thread-1] INFO  server.RaftServerConfigKeys (ConfUtils.java:logGet(43)) - raft.server.log.appender.buffer.byte-limit = 33554432 (custom)
2019-10-04 14:03:30,942 [pool-469-thread-1] INFO  server.RaftServerConfigKeys (ConfUtils.java:logGet(43)) - raft.server.log.segment.size.max = 1048576 (custom)
2019-10-04 14:03:30,943 [pool-469-thread-1] INFO  server.RaftServerConfigKeys (ConfUtils.java:logGet(43)) - raft.server.log.segment.cache.num.max = 2 (custom)
2019-10-04 14:03:30,943 [pool-469-thread-1] INFO  segmented.SegmentedRaftLogWorker (SegmentedRaftLogWorker.java:<init>(173)) - new c837fe61-e49e-43db-b855-d40a2ff7bb03@group-1ED6AE7A3E49-SegmentedRaftLogWorker for RaftStorage:Storage Directory /workdir/hadoop-ozone/integration-test/target/test-dir/MiniOzoneClusterImpl-a706a60c-ed98-4f98-a126-279d51990bf3/datanode-6/data/ratis/9d41f01a-7542-446f-adec-1ed6ae7a3e49
2019-10-04 14:03:30,943 [pool-469-thread-1] INFO  server.RaftServerConfigKeys (ConfUtils.java:logGet(43)) - raft.server.log.queue.byte-limit = 2147483647 (custom)
2019-10-04 14:03:30,943 [pool-469-thread-1] INFO  server.RaftServerConfigKeys (ConfUtils.java:logGet(43)) - raft.server.log.queue.element-limit = 1024 (custom)
2019-10-04 14:03:30,943 [pool-469-thread-1] INFO  server.RaftServerConfigKeys (ConfUtils.java:logGet(43)) - raft.server.log.segment.size.max = 1048576 (custom)
2019-10-04 14:03:30,944 [pool-469-thread-1] INFO  server.RaftServerConfigKeys (ConfUtils.java:logGet(43)) - raft.server.log.preallocated.size = 16384 (custom)
2019-10-04 14:03:30,944 [pool-469-thread-1] INFO  server.RaftServerConfigKeys (ConfUtils.java:logGet(43)) - raft.server.log.write.buffer.size = 33554432 (custom)
2019-10-04 14:03:30,944 [pool-469-thread-1] INFO  server.RaftServerConfigKeys (ConfUtils.java:logGet(43)) - raft.server.log.force.sync.num = 128 (default)
2019-10-04 14:03:30,944 [pool-469-thread-1] INFO  server.RaftServerConfigKeys (ConfUtils.java:logGet(43)) - raft.server.log.statemachine.data.sync = true (default)
2019-10-04 14:03:30,944 [pool-469-thread-1] INFO  server.RaftServerConfigKeys (ConfUtils.java:logGet(43)) - raft.server.log.statemachine.data.sync.timeout = 10s (default)
2019-10-04 14:03:30,944 [pool-469-thread-1] INFO  server.RaftServerConfigKeys (ConfUtils.java:logGet(43)) - raft.server.log.statemachine.data.sync.timeout.retry = -1 (default)
2019-10-04 14:03:30,944 [pool-469-thread-1] INFO  server.RaftServerConfigKeys (ConfUtils.java:logGet(43)) - raft.server.log.statemachine.data.caching.enabled = true (custom)
2019-10-04 14:03:30,945 [pool-469-thread-1] INFO  segmented.SegmentedRaftLogWorker (SegmentedRaftLogWorker.java:lambda$new$0(128)) - c837fe61-e49e-43db-b855-d40a2ff7bb03@group-1ED6AE7A3E49-SegmentedRaftLogWorker: flushIndex: setUnconditionally 0 -> -1
2019-10-04 14:03:30,945 [pool-469-thread-1] INFO  server.RaftServerConfigKeys (ConfUtils.java:logGet(43)) - raft.server.snapshot.auto.trigger.enabled = true (custom)
2019-10-04 14:03:30,945 [pool-469-thread-1] INFO  server.RaftServerConfigKeys (ConfUtils.java:logGet(43)) - raft.server.snapshot.auto.trigger.threshold = 10000 (custom)
2019-10-04 14:03:30,945 [pool-469-thread-1] INFO  server.RaftServerConfigKeys (ConfUtils.java:logGet(43)) - raft.server.snapshot.retention.file.num = 5 (custom)
2019-10-04 14:03:30,945 [pool-469-thread-1] INFO  server.RaftServerConfigKeys (ConfUtils.java:logGet(43)) - raft.server.retrycache.expirytime = 600000ms (custom)
2019-10-04 14:03:30,947 [pool-469-thread-1] INFO  impl.RaftServerImpl (RaftServerImpl.java:start(181)) - c837fe61-e49e-43db-b855-d40a2ff7bb03@group-1ED6AE7A3E49: start as a follower, conf=-1: [c837fe61-e49e-43db-b855-d40a2ff7bb03:192.168.5.142:36480], old=null
2019-10-04 14:03:30,947 [pool-469-thread-1] INFO  impl.RaftServerImpl (RaftServerImpl.java:setRole(170)) - c837fe61-e49e-43db-b855-d40a2ff7bb03@group-1ED6AE7A3E49: changes role from      null to FOLLOWER at term 0 for startAsFollower
2019-10-04 14:03:30,947 [pool-469-thread-1] INFO  impl.RoleInfo (RoleInfo.java:updateAndGet(143)) - c837fe61-e49e-43db-b855-d40a2ff7bb03: start FollowerState
2019-10-04 14:03:30,947 [pool-469-thread-1] INFO  util.JmxRegister (JmxRegister.java:tryRegister(44)) - Successfully registered JMX Bean with object name Ratis:service=RaftServer,group=group-1ED6AE7A3E49,id=c837fe61-e49e-43db-b855-d40a2ff7bb03
2019-10-04 14:03:30,950 [RatisPipelineUtilsThread] INFO  pipeline.PipelineStateManager (PipelineStateManager.java:addPipeline(56)) - Created pipeline Pipeline[ Id: 9d41f01a-7542-446f-adec-1ed6ae7a3e49, Nodes: c837fe61-e49e-43db-b855-d40a2ff7bb03{ip: 192.168.5.142, host: pr-hdds-2204-d78b8-1674338442, networkLocation: /default-rack, certSerialId: null}, Type:RATIS, Factor:ONE, State:OPEN]
2019-10-04 14:03:30,956 [grpc-default-executor-10] INFO  impl.RaftServerProxy (RaftServerProxy.java:addNew(89)) - b99f3cf6-ff49-4c43-86b7-bc61f9add107: addNew group-5F185B9D425E:[b99f3cf6-ff49-4c43-86b7-bc61f9add107:192.168.5.142:45864] returns group-5F185B9D425E:java.util.concurrent.CompletableFuture@bd1f15c[Not completed]
2019-10-04 14:03:30,957 [pool-459-thread-1] INFO  impl.RaftServerImpl (RaftServerImpl.java:<init>(95)) - b99f3cf6-ff49-4c43-86b7-bc61f9add107: new RaftServerImpl for group-5F185B9D425E:[b99f3cf6-ff49-4c43-86b7-bc61f9add107:192.168.5.142:45864] with ContainerStateMachine:uninitialized
2019-10-04 14:03:30,957 [pool-459-thread-1] INFO  server.RaftServerConfigKeys (ConfUtils.java:logGet(43)) - raft.server.rpc.timeout.min = 5s (custom)
2019-10-04 14:03:30,957 [pool-459-thread-1] INFO  server.RaftServerConfigKeys (ConfUtils.java:logGet(43)) - raft.server.rpc.timeout.max = 5200ms (custom)
2019-10-04 14:03:30,957 [pool-459-thread-1] INFO  server.RaftServerConfigKeys (ConfUtils.java:logGet(43)) - raft.server.rpcslowness.timeout = 120s (custom)
2019-10-04 14:03:30,957 [pool-459-thread-1] INFO  server.RaftServerConfigKeys (ConfUtils.java:logGet(43)) - raft.server.sleep.deviation.threshold = 300 (default)
2019-10-04 14:03:30,957 [pool-459-thread-1] INFO  server.RaftServerConfigKeys (ConfUtils.java:logGet(43)) - raft.server.log.appender.install.snapshot.enabled = false (custom)
2019-10-04 14:03:30,957 [pool-459-thread-1] INFO  impl.RaftServerImpl (ServerState.java:<init>(103)) - b99f3cf6-ff49-4c43-86b7-bc61f9add107@group-5F185B9D425E: ConfigurationManager, init=-1: [b99f3cf6-ff49-4c43-86b7-bc61f9add107:192.168.5.142:45864], old=null, confs=<EMPTY_MAP>
2019-10-04 14:03:30,957 [pool-459-thread-1] INFO  server.RaftServerConfigKeys (ConfUtils.java:logGet(43)) - raft.server.storage.dir = [/workdir/hadoop-ozone/integration-test/target/test-dir/MiniOzoneClusterImpl-a706a60c-ed98-4f98-a126-279d51990bf3/datanode-5/data/ratis] (custom)
2019-10-04 14:03:30,958 [pool-459-thread-1] INFO  server.RaftServerConfigKeys (ConfUtils.java:logGet(43)) - raft.server.log.corruption.policy = EXCEPTION (default)
2019-10-04 14:03:30,958 [pool-459-thread-1] INFO  storage.RaftStorageDirectory (RaftStorageDirectory.java:analyzeStorage(246)) - The storage directory /workdir/hadoop-ozone/integration-test/target/test-dir/MiniOzoneClusterImpl-a706a60c-ed98-4f98-a126-279d51990bf3/datanode-5/data/ratis/77d2cfa0-cf32-410d-a099-5f185b9d425e does not exist. Creating ...
2019-10-04 14:03:30,970 [pool-459-thread-1] INFO  storage.RaftStorageDirectory (RaftStorageDirectory.java:tryLock(328)) - Lock on /workdir/hadoop-ozone/integration-test/target/test-dir/MiniOzoneClusterImpl-a706a60c-ed98-4f98-a126-279d51990bf3/datanode-5/data/ratis/77d2cfa0-cf32-410d-a099-5f185b9d425e/in_use.lock acquired by nodename 31746@pr-hdds-2204-d78b8-1674338442
2019-10-04 14:03:30,983 [pool-459-thread-1] INFO  storage.RaftStorage (RaftStorage.java:format(84)) - Storage directory /workdir/hadoop-ozone/integration-test/target/test-dir/MiniOzoneClusterImpl-a706a60c-ed98-4f98-a126-279d51990bf3/datanode-5/data/ratis/77d2cfa0-cf32-410d-a099-5f185b9d425e has been successfully formatted.
2019-10-04 14:03:30,983 [pool-459-thread-1] INFO  ratis.ContainerStateMachine (ContainerStateMachine.java:loadSnapshot(230)) - group-5F185B9D425E: The snapshot info is null. Setting the last applied indexto:(t:0, i:~)
2019-10-04 14:03:30,983 [pool-459-thread-1] INFO  server.RaftServerConfigKeys (ConfUtils.java:logGet(43)) - raft.server.notification.no-leader.timeout = 120s (custom)
2019-10-04 14:03:30,983 [pool-459-thread-1] INFO  server.RaftServerConfigKeys (ConfUtils.java:logGet(43)) - raft.server.log.use.memory = false (default)
2019-10-04 14:03:30,983 [pool-459-thread-1] INFO  server.RaftServerConfigKeys (ConfUtils.java:logGet(43)) - raft.server.log.purge.gap = 1000000 (custom)
2019-10-04 14:03:30,983 [pool-459-thread-1] INFO  server.RaftServerConfigKeys (ConfUtils.java:logGet(43)) - raft.server.log.appender.buffer.byte-limit = 33554432 (custom)
2019-10-04 14:03:30,983 [pool-459-thread-1] INFO  server.RaftServerConfigKeys (ConfUtils.java:logGet(43)) - raft.server.log.segment.size.max = 1048576 (custom)
2019-10-04 14:03:30,984 [pool-459-thread-1] INFO  server.RaftServerConfigKeys (ConfUtils.java:logGet(43)) - raft.server.log.segment.cache.num.max = 2 (custom)
2019-10-04 14:03:30,985 [pool-459-thread-1] INFO  segmented.SegmentedRaftLogWorker (SegmentedRaftLogWorker.java:<init>(173)) - new b99f3cf6-ff49-4c43-86b7-bc61f9add107@group-5F185B9D425E-SegmentedRaftLogWorker for RaftStorage:Storage Directory /workdir/hadoop-ozone/integration-test/target/test-dir/MiniOzoneClusterImpl-a706a60c-ed98-4f98-a126-279d51990bf3/datanode-5/data/ratis/77d2cfa0-cf32-410d-a099-5f185b9d425e
2019-10-04 14:03:30,985 [pool-459-thread-1] INFO  server.RaftServerConfigKeys (ConfUtils.java:logGet(43)) - raft.server.log.queue.byte-limit = 2147483647 (custom)
2019-10-04 14:03:30,985 [pool-459-thread-1] INFO  server.RaftServerConfigKeys (ConfUtils.java:logGet(43)) - raft.server.log.queue.element-limit = 1024 (custom)
2019-10-04 14:03:30,985 [pool-459-thread-1] INFO  server.RaftServerConfigKeys (ConfUtils.java:logGet(43)) - raft.server.log.segment.size.max = 1048576 (custom)
2019-10-04 14:03:30,985 [pool-459-thread-1] INFO  server.RaftServerConfigKeys (ConfUtils.java:logGet(43)) - raft.server.log.preallocated.size = 16384 (custom)
2019-10-04 14:03:30,985 [pool-459-thread-1] INFO  server.RaftServerConfigKeys (ConfUtils.java:logGet(43)) - raft.server.log.write.buffer.size = 33554432 (custom)
2019-10-04 14:03:30,985 [pool-459-thread-1] INFO  server.RaftServerConfigKeys (ConfUtils.java:logGet(43)) - raft.server.log.force.sync.num = 128 (default)
2019-10-04 14:03:30,985 [pool-459-thread-1] INFO  server.RaftServerConfigKeys (ConfUtils.java:logGet(43)) - raft.server.log.statemachine.data.sync = true (default)
2019-10-04 14:03:30,985 [pool-459-thread-1] INFO  server.RaftServerConfigKeys (ConfUtils.java:logGet(43)) - raft.server.log.statemachine.data.sync.timeout = 10s (default)
2019-10-04 14:03:30,985 [pool-459-thread-1] INFO  server.RaftServerConfigKeys (ConfUtils.java:logGet(43)) - raft.server.log.statemachine.data.sync.timeout.retry = -1 (default)
2019-10-04 14:03:30,986 [pool-459-thread-1] INFO  server.RaftServerConfigKeys (ConfUtils.java:logGet(43)) - raft.server.log.statemachine.data.caching.enabled = true (custom)
2019-10-04 14:03:30,986 [pool-459-thread-1] INFO  segmented.SegmentedRaftLogWorker (SegmentedRaftLogWorker.java:lambda$new$0(128)) - b99f3cf6-ff49-4c43-86b7-bc61f9add107@group-5F185B9D425E-SegmentedRaftLogWorker: flushIndex: setUnconditionally 0 -> -1
2019-10-04 14:03:30,986 [pool-459-thread-1] INFO  server.RaftServerConfigKeys (ConfUtils.java:logGet(43)) - raft.server.snapshot.auto.trigger.enabled = true (custom)
2019-10-04 14:03:30,986 [pool-459-thread-1] INFO  server.RaftServerConfigKeys (ConfUtils.java:logGet(43)) - raft.server.snapshot.auto.trigger.threshold = 10000 (custom)
2019-10-04 14:03:30,986 [pool-459-thread-1] INFO  server.RaftServerConfigKeys (ConfUtils.java:logGet(43)) - raft.server.snapshot.retention.file.num = 5 (custom)
2019-10-04 14:03:30,986 [pool-459-thread-1] INFO  server.RaftServerConfigKeys (ConfUtils.java:logGet(43)) - raft.server.retrycache.expirytime = 600000ms (custom)
2019-10-04 14:03:30,988 [pool-459-thread-1] INFO  impl.RaftServerImpl (RaftServerImpl.java:start(181)) - b99f3cf6-ff49-4c43-86b7-bc61f9add107@group-5F185B9D425E: start as a follower, conf=-1: [b99f3cf6-ff49-4c43-86b7-bc61f9add107:192.168.5.142:45864], old=null
2019-10-04 14:03:30,988 [pool-459-thread-1] INFO  impl.RaftServerImpl (RaftServerImpl.java:setRole(170)) - b99f3cf6-ff49-4c43-86b7-bc61f9add107@group-5F185B9D425E: changes role from      null to FOLLOWER at term 0 for startAsFollower
2019-10-04 14:03:30,988 [pool-459-thread-1] INFO  impl.RoleInfo (RoleInfo.java:updateAndGet(143)) - b99f3cf6-ff49-4c43-86b7-bc61f9add107: start FollowerState
2019-10-04 14:03:30,988 [pool-459-thread-1] INFO  util.JmxRegister (JmxRegister.java:tryRegister(44)) - Successfully registered JMX Bean with object name Ratis:service=RaftServer,group=group-5F185B9D425E,id=b99f3cf6-ff49-4c43-86b7-bc61f9add107
2019-10-04 14:03:30,991 [RatisPipelineUtilsThread] INFO  pipeline.PipelineStateManager (PipelineStateManager.java:addPipeline(56)) - Created pipeline Pipeline[ Id: 77d2cfa0-cf32-410d-a099-5f185b9d425e, Nodes: b99f3cf6-ff49-4c43-86b7-bc61f9add107{ip: 192.168.5.142, host: pr-hdds-2204-d78b8-1674338442, networkLocation: /default-rack, certSerialId: null}, Type:RATIS, Factor:ONE, State:OPEN]
2019-10-04 14:03:31,001 [grpc-default-executor-13] INFO  impl.RaftServerProxy (RaftServerProxy.java:addNew(89)) - 2eb9c693-8c7a-498f-9bb2-9f02bd340f6f: addNew group-6783F07A3B9C:[4f0d32d0-8b81-48af-bff0-df3de040520e:192.168.5.142:37852, 4b936257-ae70-49d0-a2b9-62c8e68e72da:192.168.5.142:39633, 2eb9c693-8c7a-498f-9bb2-9f02bd340f6f:192.168.5.142:38526] returns group-6783F07A3B9C:java.util.concurrent.CompletableFuture@7804ad2f[Not completed]
2019-10-04 14:03:31,002 [grpc-default-executor-10] INFO  impl.RaftServerProxy (RaftServerProxy.java:addNew(89)) - 4f0d32d0-8b81-48af-bff0-df3de040520e: addNew group-6783F07A3B9C:[4f0d32d0-8b81-48af-bff0-df3de040520e:192.168.5.142:37852, 4b936257-ae70-49d0-a2b9-62c8e68e72da:192.168.5.142:39633, 2eb9c693-8c7a-498f-9bb2-9f02bd340f6f:192.168.5.142:38526] returns group-6783F07A3B9C:java.util.concurrent.CompletableFuture@1fa34620[Not completed]
2019-10-04 14:03:31,002 [grpc-default-executor-1] INFO  impl.RaftServerProxy (RaftServerProxy.java:addNew(89)) - 4b936257-ae70-49d0-a2b9-62c8e68e72da: addNew group-6783F07A3B9C:[4f0d32d0-8b81-48af-bff0-df3de040520e:192.168.5.142:37852, 4b936257-ae70-49d0-a2b9-62c8e68e72da:192.168.5.142:39633, 2eb9c693-8c7a-498f-9bb2-9f02bd340f6f:192.168.5.142:38526] returns group-6783F07A3B9C:java.util.concurrent.CompletableFuture@4ccb24ab[Not completed]
2019-10-04 14:03:31,002 [pool-439-thread-1] INFO  impl.RaftServerImpl (RaftServerImpl.java:<init>(95)) - 2eb9c693-8c7a-498f-9bb2-9f02bd340f6f: new RaftServerImpl for group-6783F07A3B9C:[4f0d32d0-8b81-48af-bff0-df3de040520e:192.168.5.142:37852, 4b936257-ae70-49d0-a2b9-62c8e68e72da:192.168.5.142:39633, 2eb9c693-8c7a-498f-9bb2-9f02bd340f6f:192.168.5.142:38526] with ContainerStateMachine:uninitialized
2019-10-04 14:03:31,002 [pool-439-thread-1] INFO  server.RaftServerConfigKeys (ConfUtils.java:logGet(43)) - raft.server.rpc.timeout.min = 5s (custom)
2019-10-04 14:03:31,002 [pool-439-thread-1] INFO  server.RaftServerConfigKeys (ConfUtils.java:logGet(43)) - raft.server.rpc.timeout.max = 5200ms (custom)
2019-10-04 14:03:31,002 [pool-439-thread-1] INFO  server.RaftServerConfigKeys (ConfUtils.java:logGet(43)) - raft.server.rpcslowness.timeout = 120s (custom)
2019-10-04 14:03:31,003 [pool-439-thread-1] INFO  server.RaftServerConfigKeys (ConfUtils.java:logGet(43)) - raft.server.sleep.deviation.threshold = 300 (default)
2019-10-04 14:03:31,003 [pool-439-thread-1] INFO  server.RaftServerConfigKeys (ConfUtils.java:logGet(43)) - raft.server.log.appender.install.snapshot.enabled = false (custom)
2019-10-04 14:03:31,003 [pool-419-thread-1] INFO  impl.RaftServerImpl (RaftServerImpl.java:<init>(95)) - 4b936257-ae70-49d0-a2b9-62c8e68e72da: new RaftServerImpl for group-6783F07A3B9C:[4f0d32d0-8b81-48af-bff0-df3de040520e:192.168.5.142:37852, 4b936257-ae70-49d0-a2b9-62c8e68e72da:192.168.5.142:39633, 2eb9c693-8c7a-498f-9bb2-9f02bd340f6f:192.168.5.142:38526] with ContainerStateMachine:uninitialized
2019-10-04 14:03:31,003 [pool-439-thread-1] INFO  impl.RaftServerImpl (ServerState.java:<init>(103)) - 2eb9c693-8c7a-498f-9bb2-9f02bd340f6f@group-6783F07A3B9C: ConfigurationManager, init=-1: [4f0d32d0-8b81-48af-bff0-df3de040520e:192.168.5.142:37852, 4b936257-ae70-49d0-a2b9-62c8e68e72da:192.168.5.142:39633, 2eb9c693-8c7a-498f-9bb2-9f02bd340f6f:192.168.5.142:38526], old=null, confs=<EMPTY_MAP>
2019-10-04 14:03:31,003 [pool-419-thread-1] INFO  server.RaftServerConfigKeys (ConfUtils.java:logGet(43)) - raft.server.rpc.timeout.min = 5s (custom)
2019-10-04 14:03:31,003 [pool-449-thread-1] INFO  impl.RaftServerImpl (RaftServerImpl.java:<init>(95)) - 4f0d32d0-8b81-48af-bff0-df3de040520e: new RaftServerImpl for group-6783F07A3B9C:[4f0d32d0-8b81-48af-bff0-df3de040520e:192.168.5.142:37852, 4b936257-ae70-49d0-a2b9-62c8e68e72da:192.168.5.142:39633, 2eb9c693-8c7a-498f-9bb2-9f02bd340f6f:192.168.5.142:38526] with ContainerStateMachine:uninitialized
2019-10-04 14:03:31,003 [pool-439-thread-1] INFO  server.RaftServerConfigKeys (ConfUtils.java:logGet(43)) - raft.server.storage.dir = [/workdir/hadoop-ozone/integration-test/target/test-dir/MiniOzoneClusterImpl-a706a60c-ed98-4f98-a126-279d51990bf3/datanode-3/data/ratis] (custom)
2019-10-04 14:03:31,003 [pool-449-thread-1] INFO  server.RaftServerConfigKeys (ConfUtils.java:logGet(43)) - raft.server.rpc.timeout.min = 5s (custom)
2019-10-04 14:03:31,003 [pool-419-thread-1] INFO  server.RaftServerConfigKeys (ConfUtils.java:logGet(43)) - raft.server.rpc.timeout.max = 5200ms (custom)
2019-10-04 14:03:31,003 [pool-439-thread-1] INFO  server.RaftServerConfigKeys (ConfUtils.java:logGet(43)) - raft.server.log.corruption.policy = EXCEPTION (default)
2019-10-04 14:03:31,003 [pool-449-thread-1] INFO  server.RaftServerConfigKeys (ConfUtils.java:logGet(43)) - raft.server.rpc.timeout.max = 5200ms (custom)
2019-10-04 14:03:31,003 [pool-439-thread-1] INFO  storage.RaftStorageDirectory (RaftStorageDirectory.java:analyzeStorage(246)) - The storage directory /workdir/hadoop-ozone/integration-test/target/test-dir/MiniOzoneClusterImpl-a706a60c-ed98-4f98-a126-279d51990bf3/datanode-3/data/ratis/ce0e5f59-f76c-4046-97e7-6783f07a3b9c does not exist. Creating ...
2019-10-04 14:03:31,003 [pool-419-thread-1] INFO  server.RaftServerConfigKeys (ConfUtils.java:logGet(43)) - raft.server.rpcslowness.timeout = 120s (custom)
2019-10-04 14:03:31,003 [pool-449-thread-1] INFO  server.RaftServerConfigKeys (ConfUtils.java:logGet(43)) - raft.server.rpcslowness.timeout = 120s (custom)
2019-10-04 14:03:31,004 [pool-419-thread-1] INFO  server.RaftServerConfigKeys (ConfUtils.java:logGet(43)) - raft.server.sleep.deviation.threshold = 300 (default)
2019-10-04 14:03:31,004 [pool-449-thread-1] INFO  server.RaftServerConfigKeys (ConfUtils.java:logGet(43)) - raft.server.sleep.deviation.threshold = 300 (default)
2019-10-04 14:03:31,004 [pool-419-thread-1] INFO  server.RaftServerConfigKeys (ConfUtils.java:logGet(43)) - raft.server.log.appender.install.snapshot.enabled = false (custom)
2019-10-04 14:03:31,004 [pool-449-thread-1] INFO  server.RaftServerConfigKeys (ConfUtils.java:logGet(43)) - raft.server.log.appender.install.snapshot.enabled = false (custom)
2019-10-04 14:03:31,004 [pool-419-thread-1] INFO  impl.RaftServerImpl (ServerState.java:<init>(103)) - 4b936257-ae70-49d0-a2b9-62c8e68e72da@group-6783F07A3B9C: ConfigurationManager, init=-1: [4f0d32d0-8b81-48af-bff0-df3de040520e:192.168.5.142:37852, 4b936257-ae70-49d0-a2b9-62c8e68e72da:192.168.5.142:39633, 2eb9c693-8c7a-498f-9bb2-9f02bd340f6f:192.168.5.142:38526], old=null, confs=<EMPTY_MAP>
2019-10-04 14:03:31,004 [pool-449-thread-1] INFO  impl.RaftServerImpl (ServerState.java:<init>(103)) - 4f0d32d0-8b81-48af-bff0-df3de040520e@group-6783F07A3B9C: ConfigurationManager, init=-1: [4f0d32d0-8b81-48af-bff0-df3de040520e:192.168.5.142:37852, 4b936257-ae70-49d0-a2b9-62c8e68e72da:192.168.5.142:39633, 2eb9c693-8c7a-498f-9bb2-9f02bd340f6f:192.168.5.142:38526], old=null, confs=<EMPTY_MAP>
2019-10-04 14:03:31,004 [pool-419-thread-1] INFO  server.RaftServerConfigKeys (ConfUtils.java:logGet(43)) - raft.server.storage.dir = [/workdir/hadoop-ozone/integration-test/target/test-dir/MiniOzoneClusterImpl-a706a60c-ed98-4f98-a126-279d51990bf3/datanode-1/data/ratis] (custom)
2019-10-04 14:03:31,004 [pool-449-thread-1] INFO  server.RaftServerConfigKeys (ConfUtils.java:logGet(43)) - raft.server.storage.dir = [/workdir/hadoop-ozone/integration-test/target/test-dir/MiniOzoneClusterImpl-a706a60c-ed98-4f98-a126-279d51990bf3/datanode-4/data/ratis] (custom)
2019-10-04 14:03:31,004 [pool-419-thread-1] INFO  server.RaftServerConfigKeys (ConfUtils.java:logGet(43)) - raft.server.log.corruption.policy = EXCEPTION (default)
2019-10-04 14:03:31,004 [pool-449-thread-1] INFO  server.RaftServerConfigKeys (ConfUtils.java:logGet(43)) - raft.server.log.corruption.policy = EXCEPTION (default)
2019-10-04 14:03:31,005 [pool-419-thread-1] INFO  storage.RaftStorageDirectory (RaftStorageDirectory.java:analyzeStorage(246)) - The storage directory /workdir/hadoop-ozone/integration-test/target/test-dir/MiniOzoneClusterImpl-a706a60c-ed98-4f98-a126-279d51990bf3/datanode-1/data/ratis/ce0e5f59-f76c-4046-97e7-6783f07a3b9c does not exist. Creating ...
2019-10-04 14:03:31,005 [pool-449-thread-1] INFO  storage.RaftStorageDirectory (RaftStorageDirectory.java:analyzeStorage(246)) - The storage directory /workdir/hadoop-ozone/integration-test/target/test-dir/MiniOzoneClusterImpl-a706a60c-ed98-4f98-a126-279d51990bf3/datanode-4/data/ratis/ce0e5f59-f76c-4046-97e7-6783f07a3b9c does not exist. Creating ...
2019-10-04 14:03:31,029 [pool-419-thread-1] INFO  storage.RaftStorageDirectory (RaftStorageDirectory.java:tryLock(328)) - Lock on /workdir/hadoop-ozone/integration-test/target/test-dir/MiniOzoneClusterImpl-a706a60c-ed98-4f98-a126-279d51990bf3/datanode-1/data/ratis/ce0e5f59-f76c-4046-97e7-6783f07a3b9c/in_use.lock acquired by nodename 31746@pr-hdds-2204-d78b8-1674338442
2019-10-04 14:03:31,029 [pool-449-thread-1] INFO  storage.RaftStorageDirectory (RaftStorageDirectory.java:tryLock(328)) - Lock on /workdir/hadoop-ozone/integration-test/target/test-dir/MiniOzoneClusterImpl-a706a60c-ed98-4f98-a126-279d51990bf3/datanode-4/data/ratis/ce0e5f59-f76c-4046-97e7-6783f07a3b9c/in_use.lock acquired by nodename 31746@pr-hdds-2204-d78b8-1674338442
2019-10-04 14:03:31,029 [pool-439-thread-1] INFO  storage.RaftStorageDirectory (RaftStorageDirectory.java:tryLock(328)) - Lock on /workdir/hadoop-ozone/integration-test/target/test-dir/MiniOzoneClusterImpl-a706a60c-ed98-4f98-a126-279d51990bf3/datanode-3/data/ratis/ce0e5f59-f76c-4046-97e7-6783f07a3b9c/in_use.lock acquired by nodename 31746@pr-hdds-2204-d78b8-1674338442
2019-10-04 14:03:31,055 [pool-419-thread-1] INFO  storage.RaftStorage (RaftStorage.java:format(84)) - Storage directory /workdir/hadoop-ozone/integration-test/target/test-dir/MiniOzoneClusterImpl-a706a60c-ed98-4f98-a126-279d51990bf3/datanode-1/data/ratis/ce0e5f59-f76c-4046-97e7-6783f07a3b9c has been successfully formatted.
2019-10-04 14:03:31,055 [pool-439-thread-1] INFO  storage.RaftStorage (RaftStorage.java:format(84)) - Storage directory /workdir/hadoop-ozone/integration-test/target/test-dir/MiniOzoneClusterImpl-a706a60c-ed98-4f98-a126-279d51990bf3/datanode-3/data/ratis/ce0e5f59-f76c-4046-97e7-6783f07a3b9c has been successfully formatted.
2019-10-04 14:03:31,055 [pool-449-thread-1] INFO  storage.RaftStorage (RaftStorage.java:format(84)) - Storage directory /workdir/hadoop-ozone/integration-test/target/test-dir/MiniOzoneClusterImpl-a706a60c-ed98-4f98-a126-279d51990bf3/datanode-4/data/ratis/ce0e5f59-f76c-4046-97e7-6783f07a3b9c has been successfully formatted.
2019-10-04 14:03:31,055 [pool-439-thread-1] INFO  ratis.ContainerStateMachine (ContainerStateMachine.java:loadSnapshot(230)) - group-6783F07A3B9C: The snapshot info is null. Setting the last applied indexto:(t:0, i:~)
2019-10-04 14:03:31,055 [pool-419-thread-1] INFO  ratis.ContainerStateMachine (ContainerStateMachine.java:loadSnapshot(230)) - group-6783F07A3B9C: The snapshot info is null. Setting the last applied indexto:(t:0, i:~)
2019-10-04 14:03:31,056 [pool-439-thread-1] INFO  server.RaftServerConfigKeys (ConfUtils.java:logGet(43)) - raft.server.notification.no-leader.timeout = 120s (custom)
2019-10-04 14:03:31,055 [pool-449-thread-1] INFO  ratis.ContainerStateMachine (ContainerStateMachine.java:loadSnapshot(230)) - group-6783F07A3B9C: The snapshot info is null. Setting the last applied indexto:(t:0, i:~)
2019-10-04 14:03:31,056 [pool-439-thread-1] INFO  server.RaftServerConfigKeys (ConfUtils.java:logGet(43)) - raft.server.log.use.memory = false (default)
2019-10-04 14:03:31,056 [pool-419-thread-1] INFO  server.RaftServerConfigKeys (ConfUtils.java:logGet(43)) - raft.server.notification.no-leader.timeout = 120s (custom)
2019-10-04 14:03:31,056 [pool-439-thread-1] INFO  server.RaftServerConfigKeys (ConfUtils.java:logGet(43)) - raft.server.log.purge.gap = 1000000 (custom)
2019-10-04 14:03:31,056 [pool-449-thread-1] INFO  server.RaftServerConfigKeys (ConfUtils.java:logGet(43)) - raft.server.notification.no-leader.timeout = 120s (custom)
2019-10-04 14:03:31,056 [pool-439-thread-1] INFO  server.RaftServerConfigKeys (ConfUtils.java:logGet(43)) - raft.server.log.appender.buffer.byte-limit = 33554432 (custom)
2019-10-04 14:03:31,056 [pool-419-thread-1] INFO  server.RaftServerConfigKeys (ConfUtils.java:logGet(43)) - raft.server.log.use.memory = false (default)
2019-10-04 14:03:31,057 [pool-439-thread-1] INFO  server.RaftServerConfigKeys (ConfUtils.java:logGet(43)) - raft.server.log.segment.size.max = 1048576 (custom)
2019-10-04 14:03:31,056 [pool-449-thread-1] INFO  server.RaftServerConfigKeys (ConfUtils.java:logGet(43)) - raft.server.log.use.memory = false (default)
2019-10-04 14:03:31,057 [pool-419-thread-1] INFO  server.RaftServerConfigKeys (ConfUtils.java:logGet(43)) - raft.server.log.purge.gap = 1000000 (custom)
2019-10-04 14:03:31,057 [pool-439-thread-1] INFO  server.RaftServerConfigKeys (ConfUtils.java:logGet(43)) - raft.server.log.segment.cache.num.max = 2 (custom)
2019-10-04 14:03:31,057 [pool-449-thread-1] INFO  server.RaftServerConfigKeys (ConfUtils.java:logGet(43)) - raft.server.log.purge.gap = 1000000 (custom)
2019-10-04 14:03:31,057 [pool-439-thread-1] INFO  segmented.SegmentedRaftLogWorker (SegmentedRaftLogWorker.java:<init>(173)) - new 2eb9c693-8c7a-498f-9bb2-9f02bd340f6f@group-6783F07A3B9C-SegmentedRaftLogWorker for RaftStorage:Storage Directory /workdir/hadoop-ozone/integration-test/target/test-dir/MiniOzoneClusterImpl-a706a60c-ed98-4f98-a126-279d51990bf3/datanode-3/data/ratis/ce0e5f59-f76c-4046-97e7-6783f07a3b9c
2019-10-04 14:03:31,057 [pool-419-thread-1] INFO  server.RaftServerConfigKeys (ConfUtils.java:logGet(43)) - raft.server.log.appender.buffer.byte-limit = 33554432 (custom)
2019-10-04 14:03:31,057 [pool-439-thread-1] INFO  server.RaftServerConfigKeys (ConfUtils.java:logGet(43)) - raft.server.log.queue.byte-limit = 2147483647 (custom)
2019-10-04 14:03:31,057 [pool-449-thread-1] INFO  server.RaftServerConfigKeys (ConfUtils.java:logGet(43)) - raft.server.log.appender.buffer.byte-limit = 33554432 (custom)
2019-10-04 14:03:31,058 [pool-439-thread-1] INFO  server.RaftServerConfigKeys (ConfUtils.java:logGet(43)) - raft.server.log.queue.element-limit = 1024 (custom)
2019-10-04 14:03:31,058 [pool-419-thread-1] INFO  server.RaftServerConfigKeys (ConfUtils.java:logGet(43)) - raft.server.log.segment.size.max = 1048576 (custom)
2019-10-04 14:03:31,058 [pool-439-thread-1] INFO  server.RaftServerConfigKeys (ConfUtils.java:logGet(43)) - raft.server.log.segment.size.max = 1048576 (custom)
2019-10-04 14:03:31,058 [pool-449-thread-1] INFO  server.RaftServerConfigKeys (ConfUtils.java:logGet(43)) - raft.server.log.segment.size.max = 1048576 (custom)
2019-10-04 14:03:31,058 [pool-439-thread-1] INFO  server.RaftServerConfigKeys (ConfUtils.java:logGet(43)) - raft.server.log.preallocated.size = 16384 (custom)
2019-10-04 14:03:31,058 [pool-419-thread-1] INFO  server.RaftServerConfigKeys (ConfUtils.java:logGet(43)) - raft.server.log.segment.cache.num.max = 2 (custom)
2019-10-04 14:03:31,058 [pool-439-thread-1] INFO  server.RaftServerConfigKeys (ConfUtils.java:logGet(43)) - raft.server.log.write.buffer.size = 33554432 (custom)
2019-10-04 14:03:31,058 [pool-449-thread-1] INFO  server.RaftServerConfigKeys (ConfUtils.java:logGet(43)) - raft.server.log.segment.cache.num.max = 2 (custom)
2019-10-04 14:03:31,059 [pool-439-thread-1] INFO  server.RaftServerConfigKeys (ConfUtils.java:logGet(43)) - raft.server.log.force.sync.num = 128 (default)
2019-10-04 14:03:31,059 [pool-419-thread-1] INFO  segmented.SegmentedRaftLogWorker (SegmentedRaftLogWorker.java:<init>(173)) - new 4b936257-ae70-49d0-a2b9-62c8e68e72da@group-6783F07A3B9C-SegmentedRaftLogWorker for RaftStorage:Storage Directory /workdir/hadoop-ozone/integration-test/target/test-dir/MiniOzoneClusterImpl-a706a60c-ed98-4f98-a126-279d51990bf3/datanode-1/data/ratis/ce0e5f59-f76c-4046-97e7-6783f07a3b9c
2019-10-04 14:03:31,059 [pool-419-thread-1] INFO  server.RaftServerConfigKeys (ConfUtils.java:logGet(43)) - raft.server.log.queue.byte-limit = 2147483647 (custom)
2019-10-04 14:03:31,059 [pool-439-thread-1] INFO  server.RaftServerConfigKeys (ConfUtils.java:logGet(43)) - raft.server.log.statemachine.data.sync = true (default)
2019-10-04 14:03:31,059 [pool-449-thread-1] INFO  segmented.SegmentedRaftLogWorker (SegmentedRaftLogWorker.java:<init>(173)) - new 4f0d32d0-8b81-48af-bff0-df3de040520e@group-6783F07A3B9C-SegmentedRaftLogWorker for RaftStorage:Storage Directory /workdir/hadoop-ozone/integration-test/target/test-dir/MiniOzoneClusterImpl-a706a60c-ed98-4f98-a126-279d51990bf3/datanode-4/data/ratis/ce0e5f59-f76c-4046-97e7-6783f07a3b9c
2019-10-04 14:03:31,059 [pool-439-thread-1] INFO  server.RaftServerConfigKeys (ConfUtils.java:logGet(43)) - raft.server.log.statemachine.data.sync.timeout = 10s (default)
2019-10-04 14:03:31,059 [pool-419-thread-1] INFO  server.RaftServerConfigKeys (ConfUtils.java:logGet(43)) - raft.server.log.queue.element-limit = 1024 (custom)
2019-10-04 14:03:31,060 [pool-439-thread-1] INFO  server.RaftServerConfigKeys (ConfUtils.java:logGet(43)) - raft.server.log.statemachine.data.sync.timeout.retry = -1 (default)
2019-10-04 14:03:31,060 [pool-449-thread-1] INFO  server.RaftServerConfigKeys (ConfUtils.java:logGet(43)) - raft.server.log.queue.byte-limit = 2147483647 (custom)
2019-10-04 14:03:31,060 [pool-439-thread-1] INFO  server.RaftServerConfigKeys (ConfUtils.java:logGet(43)) - raft.server.log.statemachine.data.caching.enabled = true (custom)
2019-10-04 14:03:31,060 [pool-419-thread-1] INFO  server.RaftServerConfigKeys (ConfUtils.java:logGet(43)) - raft.server.log.segment.size.max = 1048576 (custom)
2019-10-04 14:03:31,060 [pool-419-thread-1] INFO  server.RaftServerConfigKeys (ConfUtils.java:logGet(43)) - raft.server.log.preallocated.size = 16384 (custom)
2019-10-04 14:03:31,060 [pool-449-thread-1] INFO  server.RaftServerConfigKeys (ConfUtils.java:logGet(43)) - raft.server.log.queue.element-limit = 1024 (custom)
2019-10-04 14:03:31,060 [pool-419-thread-1] INFO  server.RaftServerConfigKeys (ConfUtils.java:logGet(43)) - raft.server.log.write.buffer.size = 33554432 (custom)
2019-10-04 14:03:31,061 [pool-449-thread-1] INFO  server.RaftServerConfigKeys (ConfUtils.java:logGet(43)) - raft.server.log.segment.size.max = 1048576 (custom)
2019-10-04 14:03:31,061 [pool-419-thread-1] INFO  server.RaftServerConfigKeys (ConfUtils.java:logGet(43)) - raft.server.log.force.sync.num = 128 (default)
2019-10-04 14:03:31,061 [pool-439-thread-1] INFO  segmented.SegmentedRaftLogWorker (SegmentedRaftLogWorker.java:lambda$new$0(128)) - 2eb9c693-8c7a-498f-9bb2-9f02bd340f6f@group-6783F07A3B9C-SegmentedRaftLogWorker: flushIndex: setUnconditionally 0 -> -1
2019-10-04 14:03:31,061 [pool-449-thread-1] INFO  server.RaftServerConfigKeys (ConfUtils.java:logGet(43)) - raft.server.log.preallocated.size = 16384 (custom)
2019-10-04 14:03:31,061 [pool-419-thread-1] INFO  server.RaftServerConfigKeys (ConfUtils.java:logGet(43)) - raft.server.log.statemachine.data.sync = true (default)
2019-10-04 14:03:31,061 [pool-439-thread-1] INFO  server.RaftServerConfigKeys (ConfUtils.java:logGet(43)) - raft.server.snapshot.auto.trigger.enabled = true (custom)
2019-10-04 14:03:31,061 [pool-449-thread-1] INFO  server.RaftServerConfigKeys (ConfUtils.java:logGet(43)) - raft.server.log.write.buffer.size = 33554432 (custom)
2019-10-04 14:03:31,061 [pool-439-thread-1] INFO  server.RaftServerConfigKeys (ConfUtils.java:logGet(43)) - raft.server.snapshot.auto.trigger.threshold = 10000 (custom)
2019-10-04 14:03:31,061 [pool-419-thread-1] INFO  server.RaftServerConfigKeys (ConfUtils.java:logGet(43)) - raft.server.log.statemachine.data.sync.timeout = 10s (default)
2019-10-04 14:03:31,062 [pool-439-thread-1] INFO  server.RaftServerConfigKeys (ConfUtils.java:logGet(43)) - raft.server.snapshot.retention.file.num = 5 (custom)
2019-10-04 14:03:31,061 [pool-449-thread-1] INFO  server.RaftServerConfigKeys (ConfUtils.java:logGet(43)) - raft.server.log.force.sync.num = 128 (default)
2019-10-04 14:03:31,062 [pool-439-thread-1] INFO  server.RaftServerConfigKeys (ConfUtils.java:logGet(43)) - raft.server.retrycache.expirytime = 600000ms (custom)
2019-10-04 14:03:31,062 [pool-419-thread-1] INFO  server.RaftServerConfigKeys (ConfUtils.java:logGet(43)) - raft.server.log.statemachine.data.sync.timeout.retry = -1 (default)
2019-10-04 14:03:31,062 [pool-449-thread-1] INFO  server.RaftServerConfigKeys (ConfUtils.java:logGet(43)) - raft.server.log.statemachine.data.sync = true (default)
2019-10-04 14:03:31,062 [pool-419-thread-1] INFO  server.RaftServerConfigKeys (ConfUtils.java:logGet(43)) - raft.server.log.statemachine.data.caching.enabled = true (custom)
2019-10-04 14:03:31,062 [pool-449-thread-1] INFO  server.RaftServerConfigKeys (ConfUtils.java:logGet(43)) - raft.server.log.statemachine.data.sync.timeout = 10s (default)
2019-10-04 14:03:31,062 [pool-449-thread-1] INFO  server.RaftServerConfigKeys (ConfUtils.java:logGet(43)) - raft.server.log.statemachine.data.sync.timeout.retry = -1 (default)
2019-10-04 14:03:31,062 [pool-419-thread-1] INFO  segmented.SegmentedRaftLogWorker (SegmentedRaftLogWorker.java:lambda$new$0(128)) - 4b936257-ae70-49d0-a2b9-62c8e68e72da@group-6783F07A3B9C-SegmentedRaftLogWorker: flushIndex: setUnconditionally 0 -> -1
2019-10-04 14:03:31,063 [pool-449-thread-1] INFO  server.RaftServerConfigKeys (ConfUtils.java:logGet(43)) - raft.server.log.statemachine.data.caching.enabled = true (custom)
2019-10-04 14:03:31,063 [pool-419-thread-1] INFO  server.RaftServerConfigKeys (ConfUtils.java:logGet(43)) - raft.server.snapshot.auto.trigger.enabled = true (custom)
2019-10-04 14:03:31,063 [pool-449-thread-1] INFO  segmented.SegmentedRaftLogWorker (SegmentedRaftLogWorker.java:lambda$new$0(128)) - 4f0d32d0-8b81-48af-bff0-df3de040520e@group-6783F07A3B9C-SegmentedRaftLogWorker: flushIndex: setUnconditionally 0 -> -1
2019-10-04 14:03:31,063 [pool-419-thread-1] INFO  server.RaftServerConfigKeys (ConfUtils.java:logGet(43)) - raft.server.snapshot.auto.trigger.threshold = 10000 (custom)
2019-10-04 14:03:31,063 [pool-419-thread-1] INFO  server.RaftServerConfigKeys (ConfUtils.java:logGet(43)) - raft.server.snapshot.retention.file.num = 5 (custom)
2019-10-04 14:03:31,063 [pool-449-thread-1] INFO  server.RaftServerConfigKeys (ConfUtils.java:logGet(43)) - raft.server.snapshot.auto.trigger.enabled = true (custom)
2019-10-04 14:03:31,063 [pool-419-thread-1] INFO  server.RaftServerConfigKeys (ConfUtils.java:logGet(43)) - raft.server.retrycache.expirytime = 600000ms (custom)
2019-10-04 14:03:31,063 [pool-449-thread-1] INFO  server.RaftServerConfigKeys (ConfUtils.java:logGet(43)) - raft.server.snapshot.auto.trigger.threshold = 10000 (custom)
2019-10-04 14:03:31,064 [pool-439-thread-1] INFO  impl.RaftServerImpl (RaftServerImpl.java:start(181)) - 2eb9c693-8c7a-498f-9bb2-9f02bd340f6f@group-6783F07A3B9C: start as a follower, conf=-1: [4f0d32d0-8b81-48af-bff0-df3de040520e:192.168.5.142:37852, 4b936257-ae70-49d0-a2b9-62c8e68e72da:192.168.5.142:39633, 2eb9c693-8c7a-498f-9bb2-9f02bd340f6f:192.168.5.142:38526], old=null
2019-10-04 14:03:31,064 [pool-449-thread-1] INFO  server.RaftServerConfigKeys (ConfUtils.java:logGet(43)) - raft.server.snapshot.retention.file.num = 5 (custom)
2019-10-04 14:03:31,064 [pool-439-thread-1] INFO  impl.RaftServerImpl (RaftServerImpl.java:setRole(170)) - 2eb9c693-8c7a-498f-9bb2-9f02bd340f6f@group-6783F07A3B9C: changes role from      null to FOLLOWER at term 0 for startAsFollower
2019-10-04 14:03:31,064 [pool-449-thread-1] INFO  server.RaftServerConfigKeys (ConfUtils.java:logGet(43)) - raft.server.retrycache.expirytime = 600000ms (custom)
2019-10-04 14:03:31,064 [pool-439-thread-1] INFO  impl.RoleInfo (RoleInfo.java:updateAndGet(143)) - 2eb9c693-8c7a-498f-9bb2-9f02bd340f6f: start FollowerState
2019-10-04 14:03:31,064 [pool-439-thread-1] INFO  util.JmxRegister (JmxRegister.java:tryRegister(44)) - Successfully registered JMX Bean with object name Ratis:service=RaftServer,group=group-6783F07A3B9C,id=2eb9c693-8c7a-498f-9bb2-9f02bd340f6f
2019-10-04 14:03:31,066 [pool-419-thread-1] INFO  impl.RaftServerImpl (RaftServerImpl.java:start(181)) - 4b936257-ae70-49d0-a2b9-62c8e68e72da@group-6783F07A3B9C: start as a follower, conf=-1: [4f0d32d0-8b81-48af-bff0-df3de040520e:192.168.5.142:37852, 4b936257-ae70-49d0-a2b9-62c8e68e72da:192.168.5.142:39633, 2eb9c693-8c7a-498f-9bb2-9f02bd340f6f:192.168.5.142:38526], old=null
2019-10-04 14:03:31,066 [pool-419-thread-1] INFO  impl.RaftServerImpl (RaftServerImpl.java:setRole(170)) - 4b936257-ae70-49d0-a2b9-62c8e68e72da@group-6783F07A3B9C: changes role from      null to FOLLOWER at term 0 for startAsFollower
2019-10-04 14:03:31,066 [pool-419-thread-1] INFO  impl.RoleInfo (RoleInfo.java:updateAndGet(143)) - 4b936257-ae70-49d0-a2b9-62c8e68e72da: start FollowerState
2019-10-04 14:03:31,067 [pool-419-thread-1] INFO  util.JmxRegister (JmxRegister.java:tryRegister(44)) - Successfully registered JMX Bean with object name Ratis:service=RaftServer,group=group-6783F07A3B9C,id=4b936257-ae70-49d0-a2b9-62c8e68e72da
2019-10-04 14:03:31,067 [pool-449-thread-1] INFO  impl.RaftServerImpl (RaftServerImpl.java:start(181)) - 4f0d32d0-8b81-48af-bff0-df3de040520e@group-6783F07A3B9C: start as a follower, conf=-1: [4f0d32d0-8b81-48af-bff0-df3de040520e:192.168.5.142:37852, 4b936257-ae70-49d0-a2b9-62c8e68e72da:192.168.5.142:39633, 2eb9c693-8c7a-498f-9bb2-9f02bd340f6f:192.168.5.142:38526], old=null
2019-10-04 14:03:31,067 [pool-449-thread-1] INFO  impl.RaftServerImpl (RaftServerImpl.java:setRole(170)) - 4f0d32d0-8b81-48af-bff0-df3de040520e@group-6783F07A3B9C: changes role from      null to FOLLOWER at term 0 for startAsFollower
2019-10-04 14:03:31,067 [pool-449-thread-1] INFO  impl.RoleInfo (RoleInfo.java:updateAndGet(143)) - 4f0d32d0-8b81-48af-bff0-df3de040520e: start FollowerState
2019-10-04 14:03:31,068 [pool-449-thread-1] INFO  util.JmxRegister (JmxRegister.java:tryRegister(44)) - Successfully registered JMX Bean with object name Ratis:service=RaftServer,group=group-6783F07A3B9C,id=4f0d32d0-8b81-48af-bff0-df3de040520e
2019-10-04 14:03:31,072 [RatisPipelineUtilsThread] INFO  pipeline.PipelineStateManager (PipelineStateManager.java:addPipeline(56)) - Created pipeline Pipeline[ Id: ce0e5f59-f76c-4046-97e7-6783f07a3b9c, Nodes: 4f0d32d0-8b81-48af-bff0-df3de040520e{ip: 192.168.5.142, host: pr-hdds-2204-d78b8-1674338442, networkLocation: /default-rack, certSerialId: null}4b936257-ae70-49d0-a2b9-62c8e68e72da{ip: 192.168.5.142, host: pr-hdds-2204-d78b8-1674338442, networkLocation: /default-rack, certSerialId: null}2eb9c693-8c7a-498f-9bb2-9f02bd340f6f{ip: 192.168.5.142, host: pr-hdds-2204-d78b8-1674338442, networkLocation: /default-rack, certSerialId: null}, Type:RATIS, Factor:THREE, State:OPEN]
2019-10-04 14:03:31,083 [grpc-default-executor-1] INFO  impl.RaftServerProxy (RaftServerProxy.java:addNew(89)) - 19914a7d-dfbb-463a-b70b-49f5b7efbd3b: addNew group-19512547B1BE:[228aa06e-06ce-4204-8855-80d551f2c161:192.168.5.142:40090, 19914a7d-dfbb-463a-b70b-49f5b7efbd3b:192.168.5.142:40655, c837fe61-e49e-43db-b855-d40a2ff7bb03:192.168.5.142:36480] returns group-19512547B1BE:java.util.concurrent.CompletableFuture@3cf08402[Not completed]
2019-10-04 14:03:31,083 [grpc-default-executor-13] INFO  impl.RaftServerProxy (RaftServerProxy.java:addNew(89)) - 228aa06e-06ce-4204-8855-80d551f2c161: addNew group-19512547B1BE:[228aa06e-06ce-4204-8855-80d551f2c161:192.168.5.142:40090, 19914a7d-dfbb-463a-b70b-49f5b7efbd3b:192.168.5.142:40655, c837fe61-e49e-43db-b855-d40a2ff7bb03:192.168.5.142:36480] returns group-19512547B1BE:java.util.concurrent.CompletableFuture@a6f8b5f[Not completed]
2019-10-04 14:03:31,083 [grpc-default-executor-10] INFO  impl.RaftServerProxy (RaftServerProxy.java:addNew(89)) - c837fe61-e49e-43db-b855-d40a2ff7bb03: addNew group-19512547B1BE:[228aa06e-06ce-4204-8855-80d551f2c161:192.168.5.142:40090, 19914a7d-dfbb-463a-b70b-49f5b7efbd3b:192.168.5.142:40655, c837fe61-e49e-43db-b855-d40a2ff7bb03:192.168.5.142:36480] returns group-19512547B1BE:java.util.concurrent.CompletableFuture@15e85749[Not completed]
2019-10-04 14:03:31,086 [pool-409-thread-1] INFO  impl.RaftServerImpl (RaftServerImpl.java:<init>(95)) - 228aa06e-06ce-4204-8855-80d551f2c161: new RaftServerImpl for group-19512547B1BE:[228aa06e-06ce-4204-8855-80d551f2c161:192.168.5.142:40090, 19914a7d-dfbb-463a-b70b-49f5b7efbd3b:192.168.5.142:40655, c837fe61-e49e-43db-b855-d40a2ff7bb03:192.168.5.142:36480] with ContainerStateMachine:uninitialized
2019-10-04 14:03:31,086 [pool-409-thread-1] INFO  server.RaftServerConfigKeys (ConfUtils.java:logGet(43)) - raft.server.rpc.timeout.min = 5s (custom)
2019-10-04 14:03:31,087 [pool-409-thread-1] INFO  server.RaftServerConfigKeys (ConfUtils.java:logGet(43)) - raft.server.rpc.timeout.max = 5200ms (custom)
2019-10-04 14:03:31,087 [pool-409-thread-1] INFO  server.RaftServerConfigKeys (ConfUtils.java:logGet(43)) - raft.server.rpcslowness.timeout = 120s (custom)
2019-10-04 14:03:31,087 [pool-409-thread-1] INFO  server.RaftServerConfigKeys (ConfUtils.java:logGet(43)) - raft.server.sleep.deviation.threshold = 300 (default)
2019-10-04 14:03:31,087 [pool-409-thread-1] INFO  server.RaftServerConfigKeys (ConfUtils.java:logGet(43)) - raft.server.log.appender.install.snapshot.enabled = false (custom)
2019-10-04 14:03:31,087 [pool-469-thread-1] INFO  impl.RaftServerImpl (RaftServerImpl.java:<init>(95)) - c837fe61-e49e-43db-b855-d40a2ff7bb03: new RaftServerImpl for group-19512547B1BE:[228aa06e-06ce-4204-8855-80d551f2c161:192.168.5.142:40090, 19914a7d-dfbb-463a-b70b-49f5b7efbd3b:192.168.5.142:40655, c837fe61-e49e-43db-b855-d40a2ff7bb03:192.168.5.142:36480] with ContainerStateMachine:uninitialized
2019-10-04 14:03:31,087 [pool-409-thread-1] INFO  impl.RaftServerImpl (ServerState.java:<init>(103)) - 228aa06e-06ce-4204-8855-80d551f2c161@group-19512547B1BE: ConfigurationManager, init=-1: [228aa06e-06ce-4204-8855-80d551f2c161:192.168.5.142:40090, 19914a7d-dfbb-463a-b70b-49f5b7efbd3b:192.168.5.142:40655, c837fe61-e49e-43db-b855-d40a2ff7bb03:192.168.5.142:36480], old=null, confs=<EMPTY_MAP>
2019-10-04 14:03:31,087 [pool-469-thread-1] INFO  server.RaftServerConfigKeys (ConfUtils.java:logGet(43)) - raft.server.rpc.timeout.min = 5s (custom)
2019-10-04 14:03:31,087 [pool-429-thread-1] INFO  impl.RaftServerImpl (RaftServerImpl.java:<init>(95)) - 19914a7d-dfbb-463a-b70b-49f5b7efbd3b: new RaftServerImpl for group-19512547B1BE:[228aa06e-06ce-4204-8855-80d551f2c161:192.168.5.142:40090, 19914a7d-dfbb-463a-b70b-49f5b7efbd3b:192.168.5.142:40655, c837fe61-e49e-43db-b855-d40a2ff7bb03:192.168.5.142:36480] with ContainerStateMachine:uninitialized
2019-10-04 14:03:31,087 [pool-409-thread-1] INFO  server.RaftServerConfigKeys (ConfUtils.java:logGet(43)) - raft.server.storage.dir = [/workdir/hadoop-ozone/integration-test/target/test-dir/MiniOzoneClusterImpl-a706a60c-ed98-4f98-a126-279d51990bf3/datanode-0/data/ratis] (custom)
2019-10-04 14:03:31,088 [pool-429-thread-1] INFO  server.RaftServerConfigKeys (ConfUtils.java:logGet(43)) - raft.server.rpc.timeout.min = 5s (custom)
2019-10-04 14:03:31,088 [pool-469-thread-1] INFO  server.RaftServerConfigKeys (ConfUtils.java:logGet(43)) - raft.server.rpc.timeout.max = 5200ms (custom)
2019-10-04 14:03:31,088 [pool-409-thread-1] INFO  server.RaftServerConfigKeys (ConfUtils.java:logGet(43)) - raft.server.log.corruption.policy = EXCEPTION (default)
2019-10-04 14:03:31,088 [pool-429-thread-1] INFO  server.RaftServerConfigKeys (ConfUtils.java:logGet(43)) - raft.server.rpc.timeout.max = 5200ms (custom)
2019-10-04 14:03:31,088 [pool-409-thread-1] INFO  storage.RaftStorageDirectory (RaftStorageDirectory.java:analyzeStorage(246)) - The storage directory /workdir/hadoop-ozone/integration-test/target/test-dir/MiniOzoneClusterImpl-a706a60c-ed98-4f98-a126-279d51990bf3/datanode-0/data/ratis/8035938a-1a88-48e7-8378-19512547b1be does not exist. Creating ...
2019-10-04 14:03:31,088 [pool-469-thread-1] INFO  server.RaftServerConfigKeys (ConfUtils.java:logGet(43)) - raft.server.rpcslowness.timeout = 120s (custom)
2019-10-04 14:03:31,088 [pool-429-thread-1] INFO  server.RaftServerConfigKeys (ConfUtils.java:logGet(43)) - raft.server.rpcslowness.timeout = 120s (custom)
2019-10-04 14:03:31,089 [pool-469-thread-1] INFO  server.RaftServerConfigKeys (ConfUtils.java:logGet(43)) - raft.server.sleep.deviation.threshold = 300 (default)
2019-10-04 14:03:31,089 [pool-429-thread-1] INFO  server.RaftServerConfigKeys (ConfUtils.java:logGet(43)) - raft.server.sleep.deviation.threshold = 300 (default)
2019-10-04 14:03:31,089 [pool-469-thread-1] INFO  server.RaftServerConfigKeys (ConfUtils.java:logGet(43)) - raft.server.log.appender.install.snapshot.enabled = false (custom)
2019-10-04 14:03:31,089 [pool-429-thread-1] INFO  server.RaftServerConfigKeys (ConfUtils.java:logGet(43)) - raft.server.log.appender.install.snapshot.enabled = false (custom)
2019-10-04 14:03:31,089 [pool-469-thread-1] INFO  impl.RaftServerImpl (ServerState.java:<init>(103)) - c837fe61-e49e-43db-b855-d40a2ff7bb03@group-19512547B1BE: ConfigurationManager, init=-1: [228aa06e-06ce-4204-8855-80d551f2c161:192.168.5.142:40090, 19914a7d-dfbb-463a-b70b-49f5b7efbd3b:192.168.5.142:40655, c837fe61-e49e-43db-b855-d40a2ff7bb03:192.168.5.142:36480], old=null, confs=<EMPTY_MAP>
2019-10-04 14:03:31,089 [pool-429-thread-1] INFO  impl.RaftServerImpl (ServerState.java:<init>(103)) - 19914a7d-dfbb-463a-b70b-49f5b7efbd3b@group-19512547B1BE: ConfigurationManager, init=-1: [228aa06e-06ce-4204-8855-80d551f2c161:192.168.5.142:40090, 19914a7d-dfbb-463a-b70b-49f5b7efbd3b:192.168.5.142:40655, c837fe61-e49e-43db-b855-d40a2ff7bb03:192.168.5.142:36480], old=null, confs=<EMPTY_MAP>
2019-10-04 14:03:31,089 [pool-469-thread-1] INFO  server.RaftServerConfigKeys (ConfUtils.java:logGet(43)) - raft.server.storage.dir = [/workdir/hadoop-ozone/integration-test/target/test-dir/MiniOzoneClusterImpl-a706a60c-ed98-4f98-a126-279d51990bf3/datanode-6/data/ratis] (custom)
2019-10-04 14:03:31,089 [pool-429-thread-1] INFO  server.RaftServerConfigKeys (ConfUtils.java:logGet(43)) - raft.server.storage.dir = [/workdir/hadoop-ozone/integration-test/target/test-dir/MiniOzoneClusterImpl-a706a60c-ed98-4f98-a126-279d51990bf3/datanode-2/data/ratis] (custom)
2019-10-04 14:03:31,090 [pool-469-thread-1] INFO  server.RaftServerConfigKeys (ConfUtils.java:logGet(43)) - raft.server.log.corruption.policy = EXCEPTION (default)
2019-10-04 14:03:31,090 [pool-429-thread-1] INFO  server.RaftServerConfigKeys (ConfUtils.java:logGet(43)) - raft.server.log.corruption.policy = EXCEPTION (default)
2019-10-04 14:03:31,090 [pool-469-thread-1] INFO  storage.RaftStorageDirectory (RaftStorageDirectory.java:analyzeStorage(246)) - The storage directory /workdir/hadoop-ozone/integration-test/target/test-dir/MiniOzoneClusterImpl-a706a60c-ed98-4f98-a126-279d51990bf3/datanode-6/data/ratis/8035938a-1a88-48e7-8378-19512547b1be does not exist. Creating ...
2019-10-04 14:03:31,090 [pool-429-thread-1] INFO  storage.RaftStorageDirectory (RaftStorageDirectory.java:analyzeStorage(246)) - The storage directory /workdir/hadoop-ozone/integration-test/target/test-dir/MiniOzoneClusterImpl-a706a60c-ed98-4f98-a126-279d51990bf3/datanode-2/data/ratis/8035938a-1a88-48e7-8378-19512547b1be does not exist. Creating ...
2019-10-04 14:03:31,114 [pool-469-thread-1] INFO  storage.RaftStorageDirectory (RaftStorageDirectory.java:tryLock(328)) - Lock on /workdir/hadoop-ozone/integration-test/target/test-dir/MiniOzoneClusterImpl-a706a60c-ed98-4f98-a126-279d51990bf3/datanode-6/data/ratis/8035938a-1a88-48e7-8378-19512547b1be/in_use.lock acquired by nodename 31746@pr-hdds-2204-d78b8-1674338442
2019-10-04 14:03:31,114 [pool-429-thread-1] INFO  storage.RaftStorageDirectory (RaftStorageDirectory.java:tryLock(328)) - Lock on /workdir/hadoop-ozone/integration-test/target/test-dir/MiniOzoneClusterImpl-a706a60c-ed98-4f98-a126-279d51990bf3/datanode-2/data/ratis/8035938a-1a88-48e7-8378-19512547b1be/in_use.lock acquired by nodename 31746@pr-hdds-2204-d78b8-1674338442
2019-10-04 14:03:31,114 [pool-409-thread-1] INFO  storage.RaftStorageDirectory (RaftStorageDirectory.java:tryLock(328)) - Lock on /workdir/hadoop-ozone/integration-test/target/test-dir/MiniOzoneClusterImpl-a706a60c-ed98-4f98-a126-279d51990bf3/datanode-0/data/ratis/8035938a-1a88-48e7-8378-19512547b1be/in_use.lock acquired by nodename 31746@pr-hdds-2204-d78b8-1674338442
2019-10-04 14:03:31,122 [pool-429-thread-1] INFO  storage.RaftStorage (RaftStorage.java:format(84)) - Storage directory /workdir/hadoop-ozone/integration-test/target/test-dir/MiniOzoneClusterImpl-a706a60c-ed98-4f98-a126-279d51990bf3/datanode-2/data/ratis/8035938a-1a88-48e7-8378-19512547b1be has been successfully formatted.
2019-10-04 14:03:31,122 [pool-469-thread-1] INFO  storage.RaftStorage (RaftStorage.java:format(84)) - Storage directory /workdir/hadoop-ozone/integration-test/target/test-dir/MiniOzoneClusterImpl-a706a60c-ed98-4f98-a126-279d51990bf3/datanode-6/data/ratis/8035938a-1a88-48e7-8378-19512547b1be has been successfully formatted.
2019-10-04 14:03:31,122 [pool-409-thread-1] INFO  storage.RaftStorage (RaftStorage.java:format(84)) - Storage directory /workdir/hadoop-ozone/integration-test/target/test-dir/MiniOzoneClusterImpl-a706a60c-ed98-4f98-a126-279d51990bf3/datanode-0/data/ratis/8035938a-1a88-48e7-8378-19512547b1be has been successfully formatted.
2019-10-04 14:03:31,122 [pool-429-thread-1] INFO  ratis.ContainerStateMachine (ContainerStateMachine.java:loadSnapshot(230)) - group-19512547B1BE: The snapshot info is null. Setting the last applied indexto:(t:0, i:~)
2019-10-04 14:03:31,123 [pool-409-thread-1] INFO  ratis.ContainerStateMachine (ContainerStateMachine.java:loadSnapshot(230)) - group-19512547B1BE: The snapshot info is null. Setting the last applied indexto:(t:0, i:~)
2019-10-04 14:03:31,122 [pool-469-thread-1] INFO  ratis.ContainerStateMachine (ContainerStateMachine.java:loadSnapshot(230)) - group-19512547B1BE: The snapshot info is null. Setting the last applied indexto:(t:0, i:~)
2019-10-04 14:03:31,123 [pool-409-thread-1] INFO  server.RaftServerConfigKeys (ConfUtils.java:logGet(43)) - raft.server.notification.no-leader.timeout = 120s (custom)
2019-10-04 14:03:31,123 [pool-429-thread-1] INFO  server.RaftServerConfigKeys (ConfUtils.java:logGet(43)) - raft.server.notification.no-leader.timeout = 120s (custom)
2019-10-04 14:03:31,123 [pool-409-thread-1] INFO  server.RaftServerConfigKeys (ConfUtils.java:logGet(43)) - raft.server.log.use.memory = false (default)
2019-10-04 14:03:31,123 [pool-469-thread-1] INFO  server.RaftServerConfigKeys (ConfUtils.java:logGet(43)) - raft.server.notification.no-leader.timeout = 120s (custom)
2019-10-04 14:03:31,123 [pool-409-thread-1] INFO  server.RaftServerConfigKeys (ConfUtils.java:logGet(43)) - raft.server.log.purge.gap = 1000000 (custom)
2019-10-04 14:03:31,123 [pool-429-thread-1] INFO  server.RaftServerConfigKeys (ConfUtils.java:logGet(43)) - raft.server.log.use.memory = false (default)
2019-10-04 14:03:31,123 [pool-409-thread-1] INFO  server.RaftServerConfigKeys (ConfUtils.java:logGet(43)) - raft.server.log.appender.buffer.byte-limit = 33554432 (custom)
2019-10-04 14:03:31,123 [pool-469-thread-1] INFO  server.RaftServerConfigKeys (ConfUtils.java:logGet(43)) - raft.server.log.use.memory = false (default)
2019-10-04 14:03:31,123 [pool-409-thread-1] INFO  server.RaftServerConfigKeys (ConfUtils.java:logGet(43)) - raft.server.log.segment.size.max = 1048576 (custom)
2019-10-04 14:03:31,123 [pool-429-thread-1] INFO  server.RaftServerConfigKeys (ConfUtils.java:logGet(43)) - raft.server.log.purge.gap = 1000000 (custom)
2019-10-04 14:03:31,124 [pool-409-thread-1] INFO  server.RaftServerConfigKeys (ConfUtils.java:logGet(43)) - raft.server.log.segment.cache.num.max = 2 (custom)
2019-10-04 14:03:31,124 [pool-469-thread-1] INFO  server.RaftServerConfigKeys (ConfUtils.java:logGet(43)) - raft.server.log.purge.gap = 1000000 (custom)
2019-10-04 14:03:31,124 [pool-409-thread-1] INFO  segmented.SegmentedRaftLogWorker (SegmentedRaftLogWorker.java:<init>(173)) - new 228aa06e-06ce-4204-8855-80d551f2c161@group-19512547B1BE-SegmentedRaftLogWorker for RaftStorage:Storage Directory /workdir/hadoop-ozone/integration-test/target/test-dir/MiniOzoneClusterImpl-a706a60c-ed98-4f98-a126-279d51990bf3/datanode-0/data/ratis/8035938a-1a88-48e7-8378-19512547b1be
2019-10-04 14:03:31,124 [pool-429-thread-1] INFO  server.RaftServerConfigKeys (ConfUtils.java:logGet(43)) - raft.server.log.appender.buffer.byte-limit = 33554432 (custom)
2019-10-04 14:03:31,124 [pool-409-thread-1] INFO  server.RaftServerConfigKeys (ConfUtils.java:logGet(43)) - raft.server.log.queue.byte-limit = 2147483647 (custom)
2019-10-04 14:03:31,124 [pool-469-thread-1] INFO  server.RaftServerConfigKeys (ConfUtils.java:logGet(43)) - raft.server.log.appender.buffer.byte-limit = 33554432 (custom)
2019-10-04 14:03:31,124 [pool-409-thread-1] INFO  server.RaftServerConfigKeys (ConfUtils.java:logGet(43)) - raft.server.log.queue.element-limit = 1024 (custom)
2019-10-04 14:03:31,124 [pool-429-thread-1] INFO  server.RaftServerConfigKeys (ConfUtils.java:logGet(43)) - raft.server.log.segment.size.max = 1048576 (custom)
2019-10-04 14:03:31,124 [pool-409-thread-1] INFO  server.RaftServerConfigKeys (ConfUtils.java:logGet(43)) - raft.server.log.segment.size.max = 1048576 (custom)
2019-10-04 14:03:31,124 [pool-469-thread-1] INFO  server.RaftServerConfigKeys (ConfUtils.java:logGet(43)) - raft.server.log.segment.size.max = 1048576 (custom)
2019-10-04 14:03:31,125 [pool-409-thread-1] INFO  server.RaftServerConfigKeys (ConfUtils.java:logGet(43)) - raft.server.log.preallocated.size = 16384 (custom)
2019-10-04 14:03:31,124 [pool-429-thread-1] INFO  server.RaftServerConfigKeys (ConfUtils.java:logGet(43)) - raft.server.log.segment.cache.num.max = 2 (custom)
2019-10-04 14:03:31,125 [pool-409-thread-1] INFO  server.RaftServerConfigKeys (ConfUtils.java:logGet(43)) - raft.server.log.write.buffer.size = 33554432 (custom)
2019-10-04 14:03:31,125 [pool-469-thread-1] INFO  server.RaftServerConfigKeys (ConfUtils.java:logGet(43)) - raft.server.log.segment.cache.num.max = 2 (custom)
2019-10-04 14:03:31,125 [pool-409-thread-1] INFO  server.RaftServerConfigKeys (ConfUtils.java:logGet(43)) - raft.server.log.force.sync.num = 128 (default)
2019-10-04 14:03:31,125 [pool-429-thread-1] INFO  segmented.SegmentedRaftLogWorker (SegmentedRaftLogWorker.java:<init>(173)) - new 19914a7d-dfbb-463a-b70b-49f5b7efbd3b@group-19512547B1BE-SegmentedRaftLogWorker for RaftStorage:Storage Directory /workdir/hadoop-ozone/integration-test/target/test-dir/MiniOzoneClusterImpl-a706a60c-ed98-4f98-a126-279d51990bf3/datanode-2/data/ratis/8035938a-1a88-48e7-8378-19512547b1be
2019-10-04 14:03:31,125 [pool-409-thread-1] INFO  server.RaftServerConfigKeys (ConfUtils.java:logGet(43)) - raft.server.log.statemachine.data.sync = true (default)
2019-10-04 14:03:31,125 [pool-409-thread-1] INFO  server.RaftServerConfigKeys (ConfUtils.java:logGet(43)) - raft.server.log.statemachine.data.sync.timeout = 10s (default)
2019-10-04 14:03:31,125 [pool-469-thread-1] INFO  segmented.SegmentedRaftLogWorker (SegmentedRaftLogWorker.java:<init>(173)) - new c837fe61-e49e-43db-b855-d40a2ff7bb03@group-19512547B1BE-SegmentedRaftLogWorker for RaftStorage:Storage Directory /workdir/hadoop-ozone/integration-test/target/test-dir/MiniOzoneClusterImpl-a706a60c-ed98-4f98-a126-279d51990bf3/datanode-6/data/ratis/8035938a-1a88-48e7-8378-19512547b1be
2019-10-04 14:03:31,125 [pool-409-thread-1] INFO  server.RaftServerConfigKeys (ConfUtils.java:logGet(43)) - raft.server.log.statemachine.data.sync.timeout.retry = -1 (default)
2019-10-04 14:03:31,125 [pool-429-thread-1] INFO  server.RaftServerConfigKeys (ConfUtils.java:logGet(43)) - raft.server.log.queue.byte-limit = 2147483647 (custom)
2019-10-04 14:03:31,125 [pool-469-thread-1] INFO  server.RaftServerConfigKeys (ConfUtils.java:logGet(43)) - raft.server.log.queue.byte-limit = 2147483647 (custom)
2019-10-04 14:03:31,126 [pool-409-thread-1] INFO  server.RaftServerConfigKeys (ConfUtils.java:logGet(43)) - raft.server.log.statemachine.data.caching.enabled = true (custom)
2019-10-04 14:03:31,126 [pool-429-thread-1] INFO  server.RaftServerConfigKeys (ConfUtils.java:logGet(43)) - raft.server.log.queue.element-limit = 1024 (custom)
2019-10-04 14:03:31,126 [pool-469-thread-1] INFO  server.RaftServerConfigKeys (ConfUtils.java:logGet(43)) - raft.server.log.queue.element-limit = 1024 (custom)
2019-10-04 14:03:31,126 [pool-409-thread-1] INFO  segmented.SegmentedRaftLogWorker (SegmentedRaftLogWorker.java:lambda$new$0(128)) - 228aa06e-06ce-4204-8855-80d551f2c161@group-19512547B1BE-SegmentedRaftLogWorker: flushIndex: setUnconditionally 0 -> -1
2019-10-04 14:03:31,126 [pool-429-thread-1] INFO  server.RaftServerConfigKeys (ConfUtils.java:logGet(43)) - raft.server.log.segment.size.max = 1048576 (custom)
2019-10-04 14:03:31,126 [pool-469-thread-1] INFO  server.RaftServerConfigKeys (ConfUtils.java:logGet(43)) - raft.server.log.segment.size.max = 1048576 (custom)
2019-10-04 14:03:31,126 [pool-429-thread-1] INFO  server.RaftServerConfigKeys (ConfUtils.java:logGet(43)) - raft.server.log.preallocated.size = 16384 (custom)
2019-10-04 14:03:31,126 [pool-409-thread-1] INFO  server.RaftServerConfigKeys (ConfUtils.java:logGet(43)) - raft.server.snapshot.auto.trigger.enabled = true (custom)
2019-10-04 14:03:31,126 [pool-469-thread-1] INFO  server.RaftServerConfigKeys (ConfUtils.java:logGet(43)) - raft.server.log.preallocated.size = 16384 (custom)
2019-10-04 14:03:31,127 [pool-409-thread-1] INFO  server.RaftServerConfigKeys (ConfUtils.java:logGet(43)) - raft.server.snapshot.auto.trigger.threshold = 10000 (custom)
2019-10-04 14:03:31,126 [pool-429-thread-1] INFO  server.RaftServerConfigKeys (ConfUtils.java:logGet(43)) - raft.server.log.write.buffer.size = 33554432 (custom)
2019-10-04 14:03:31,127 [pool-409-thread-1] INFO  server.RaftServerConfigKeys (ConfUtils.java:logGet(43)) - raft.server.snapshot.retention.file.num = 5 (custom)
2019-10-04 14:03:31,127 [pool-469-thread-1] INFO  server.RaftServerConfigKeys (ConfUtils.java:logGet(43)) - raft.server.log.write.buffer.size = 33554432 (custom)
2019-10-04 14:03:31,127 [pool-409-thread-1] INFO  server.RaftServerConfigKeys (ConfUtils.java:logGet(43)) - raft.server.retrycache.expirytime = 600000ms (custom)
2019-10-04 14:03:31,127 [pool-429-thread-1] INFO  server.RaftServerConfigKeys (ConfUtils.java:logGet(43)) - raft.server.log.force.sync.num = 128 (default)
2019-10-04 14:03:31,127 [pool-469-thread-1] INFO  server.RaftServerConfigKeys (ConfUtils.java:logGet(43)) - raft.server.log.force.sync.num = 128 (default)
2019-10-04 14:03:31,127 [pool-429-thread-1] INFO  server.RaftServerConfigKeys (ConfUtils.java:logGet(43)) - raft.server.log.statemachine.data.sync = true (default)
2019-10-04 14:03:31,127 [pool-469-thread-1] INFO  server.RaftServerConfigKeys (ConfUtils.java:logGet(43)) - raft.server.log.statemachine.data.sync = true (default)
2019-10-04 14:03:31,127 [pool-429-thread-1] INFO  server.RaftServerConfigKeys (ConfUtils.java:logGet(43)) - raft.server.log.statemachine.data.sync.timeout = 10s (default)
2019-10-04 14:03:31,128 [pool-469-thread-1] INFO  server.RaftServerConfigKeys (ConfUtils.java:logGet(43)) - raft.server.log.statemachine.data.sync.timeout = 10s (default)
2019-10-04 14:03:31,128 [pool-429-thread-1] INFO  server.RaftServerConfigKeys (ConfUtils.java:logGet(43)) - raft.server.log.statemachine.data.sync.timeout.retry = -1 (default)
2019-10-04 14:03:31,128 [pool-469-thread-1] INFO  server.RaftServerConfigKeys (ConfUtils.java:logGet(43)) - raft.server.log.statemachine.data.sync.timeout.retry = -1 (default)
2019-10-04 14:03:31,128 [pool-429-thread-1] INFO  server.RaftServerConfigKeys (ConfUtils.java:logGet(43)) - raft.server.log.statemachine.data.caching.enabled = true (custom)
2019-10-04 14:03:31,128 [pool-469-thread-1] INFO  server.RaftServerConfigKeys (ConfUtils.java:logGet(43)) - raft.server.log.statemachine.data.caching.enabled = true (custom)
2019-10-04 14:03:31,128 [pool-429-thread-1] INFO  segmented.SegmentedRaftLogWorker (SegmentedRaftLogWorker.java:lambda$new$0(128)) - 19914a7d-dfbb-463a-b70b-49f5b7efbd3b@group-19512547B1BE-SegmentedRaftLogWorker: flushIndex: setUnconditionally 0 -> -1
2019-10-04 14:03:31,128 [pool-469-thread-1] INFO  segmented.SegmentedRaftLogWorker (SegmentedRaftLogWorker.java:lambda$new$0(128)) - c837fe61-e49e-43db-b855-d40a2ff7bb03@group-19512547B1BE-SegmentedRaftLogWorker: flushIndex: setUnconditionally 0 -> -1
2019-10-04 14:03:31,128 [pool-429-thread-1] INFO  server.RaftServerConfigKeys (ConfUtils.java:logGet(43)) - raft.server.snapshot.auto.trigger.enabled = true (custom)
2019-10-04 14:03:31,128 [pool-469-thread-1] INFO  server.RaftServerConfigKeys (ConfUtils.java:logGet(43)) - raft.server.snapshot.auto.trigger.enabled = true (custom)
2019-10-04 14:03:31,128 [pool-429-thread-1] INFO  server.RaftServerConfigKeys (ConfUtils.java:logGet(43)) - raft.server.snapshot.auto.trigger.threshold = 10000 (custom)
2019-10-04 14:03:31,129 [pool-469-thread-1] INFO  server.RaftServerConfigKeys (ConfUtils.java:logGet(43)) - raft.server.snapshot.auto.trigger.threshold = 10000 (custom)
2019-10-04 14:03:31,129 [pool-429-thread-1] INFO  server.RaftServerConfigKeys (ConfUtils.java:logGet(43)) - raft.server.snapshot.retention.file.num = 5 (custom)
2019-10-04 14:03:31,129 [pool-469-thread-1] INFO  server.RaftServerConfigKeys (ConfUtils.java:logGet(43)) - raft.server.snapshot.retention.file.num = 5 (custom)
2019-10-04 14:03:31,129 [pool-429-thread-1] INFO  server.RaftServerConfigKeys (ConfUtils.java:logGet(43)) - raft.server.retrycache.expirytime = 600000ms (custom)
2019-10-04 14:03:31,129 [pool-469-thread-1] INFO  server.RaftServerConfigKeys (ConfUtils.java:logGet(43)) - raft.server.retrycache.expirytime = 600000ms (custom)
2019-10-04 14:03:31,129 [pool-409-thread-1] INFO  impl.RaftServerImpl (RaftServerImpl.java:start(181)) - 228aa06e-06ce-4204-8855-80d551f2c161@group-19512547B1BE: start as a follower, conf=-1: [228aa06e-06ce-4204-8855-80d551f2c161:192.168.5.142:40090, 19914a7d-dfbb-463a-b70b-49f5b7efbd3b:192.168.5.142:40655, c837fe61-e49e-43db-b855-d40a2ff7bb03:192.168.5.142:36480], old=null
2019-10-04 14:03:31,129 [pool-409-thread-1] INFO  impl.RaftServerImpl (RaftServerImpl.java:setRole(170)) - 228aa06e-06ce-4204-8855-80d551f2c161@group-19512547B1BE: changes role from      null to FOLLOWER at term 0 for startAsFollower
2019-10-04 14:03:31,129 [pool-409-thread-1] INFO  impl.RoleInfo (RoleInfo.java:updateAndGet(143)) - 228aa06e-06ce-4204-8855-80d551f2c161: start FollowerState
2019-10-04 14:03:31,130 [pool-409-thread-1] INFO  util.JmxRegister (JmxRegister.java:tryRegister(44)) - Successfully registered JMX Bean with object name Ratis:service=RaftServer,group=group-19512547B1BE,id=228aa06e-06ce-4204-8855-80d551f2c161
2019-10-04 14:03:31,131 [pool-429-thread-1] INFO  impl.RaftServerImpl (RaftServerImpl.java:start(181)) - 19914a7d-dfbb-463a-b70b-49f5b7efbd3b@group-19512547B1BE: start as a follower, conf=-1: [228aa06e-06ce-4204-8855-80d551f2c161:192.168.5.142:40090, 19914a7d-dfbb-463a-b70b-49f5b7efbd3b:192.168.5.142:40655, c837fe61-e49e-43db-b855-d40a2ff7bb03:192.168.5.142:36480], old=null
2019-10-04 14:03:31,132 [pool-429-thread-1] INFO  impl.RaftServerImpl (RaftServerImpl.java:setRole(170)) - 19914a7d-dfbb-463a-b70b-49f5b7efbd3b@group-19512547B1BE: changes role from      null to FOLLOWER at term 0 for startAsFollower
2019-10-04 14:03:31,132 [pool-429-thread-1] INFO  impl.RoleInfo (RoleInfo.java:updateAndGet(143)) - 19914a7d-dfbb-463a-b70b-49f5b7efbd3b: start FollowerState
2019-10-04 14:03:31,132 [pool-429-thread-1] INFO  util.JmxRegister (JmxRegister.java:tryRegister(44)) - Successfully registered JMX Bean with object name Ratis:service=RaftServer,group=group-19512547B1BE,id=19914a7d-dfbb-463a-b70b-49f5b7efbd3b
2019-10-04 14:03:31,132 [pool-469-thread-1] INFO  impl.RaftServerImpl (RaftServerImpl.java:start(181)) - c837fe61-e49e-43db-b855-d40a2ff7bb03@group-19512547B1BE: start as a follower, conf=-1: [228aa06e-06ce-4204-8855-80d551f2c161:192.168.5.142:40090, 19914a7d-dfbb-463a-b70b-49f5b7efbd3b:192.168.5.142:40655, c837fe61-e49e-43db-b855-d40a2ff7bb03:192.168.5.142:36480], old=null
2019-10-04 14:03:31,132 [pool-469-thread-1] INFO  impl.RaftServerImpl (RaftServerImpl.java:setRole(170)) - c837fe61-e49e-43db-b855-d40a2ff7bb03@group-19512547B1BE: changes role from      null to FOLLOWER at term 0 for startAsFollower
2019-10-04 14:03:31,132 [pool-469-thread-1] INFO  impl.RoleInfo (RoleInfo.java:updateAndGet(143)) - c837fe61-e49e-43db-b855-d40a2ff7bb03: start FollowerState
2019-10-04 14:03:31,133 [pool-469-thread-1] INFO  util.JmxRegister (JmxRegister.java:tryRegister(44)) - Successfully registered JMX Bean with object name Ratis:service=RaftServer,group=group-19512547B1BE,id=c837fe61-e49e-43db-b855-d40a2ff7bb03
2019-10-04 14:03:31,136 [RatisPipelineUtilsThread] INFO  pipeline.PipelineStateManager (PipelineStateManager.java:addPipeline(56)) - Created pipeline Pipeline[ Id: 8035938a-1a88-48e7-8378-19512547b1be, Nodes: 19914a7d-dfbb-463a-b70b-49f5b7efbd3b{ip: 192.168.5.142, host: pr-hdds-2204-d78b8-1674338442, networkLocation: /default-rack, certSerialId: null}c837fe61-e49e-43db-b855-d40a2ff7bb03{ip: 192.168.5.142, host: pr-hdds-2204-d78b8-1674338442, networkLocation: /default-rack, certSerialId: null}228aa06e-06ce-4204-8855-80d551f2c161{ip: 192.168.5.142, host: pr-hdds-2204-d78b8-1674338442, networkLocation: /default-rack, certSerialId: null}, Type:RATIS, Factor:THREE, State:OPEN]
2019-10-04 14:03:31,669 [Thread-3062] INFO  container.ReplicationManager (ReplicationManager.java:start(162)) - Starting Replication Monitor Thread.
2019-10-04 14:03:31,673 [ReplicationMonitor] INFO  container.ReplicationManager (ReplicationManager.java:run(225)) - Replication Monitor Thread took 1 milliseconds for processing 1 containers.
2019-10-04 14:03:35,744 [Thread-3066] INFO  impl.FollowerState (FollowerState.java:run(108)) - 228aa06e-06ce-4204-8855-80d551f2c161@group-3AD9A1440FE8-FollowerState: change to CANDIDATE, lastRpcTime:5094ms, electionTimeout:5094ms
2019-10-04 14:03:35,744 [Thread-3066] INFO  impl.RoleInfo (RoleInfo.java:shutdownFollowerState(121)) - 228aa06e-06ce-4204-8855-80d551f2c161: shutdown FollowerState
2019-10-04 14:03:35,745 [Thread-3066] INFO  impl.RaftServerImpl (RaftServerImpl.java:setRole(170)) - 228aa06e-06ce-4204-8855-80d551f2c161@group-3AD9A1440FE8: changes role from  FOLLOWER to CANDIDATE at term 0 for changeToCandidate
2019-10-04 14:03:35,745 [Thread-3066] INFO  impl.RoleInfo (RoleInfo.java:updateAndGet(143)) - 228aa06e-06ce-4204-8855-80d551f2c161: start LeaderElection
2019-10-04 14:03:35,776 [228aa06e-06ce-4204-8855-80d551f2c161@group-3AD9A1440FE8-LeaderElection69] INFO  impl.LeaderElection (LeaderElection.java:askForVotes(178)) - 228aa06e-06ce-4204-8855-80d551f2c161@group-3AD9A1440FE8-LeaderElection69: begin an election at term 1 for -1: [228aa06e-06ce-4204-8855-80d551f2c161:192.168.5.142:40090], old=null
2019-10-04 14:03:35,776 [228aa06e-06ce-4204-8855-80d551f2c161@group-3AD9A1440FE8-LeaderElection69] INFO  impl.RoleInfo (RoleInfo.java:shutdownLeaderElection(134)) - 228aa06e-06ce-4204-8855-80d551f2c161: shutdown LeaderElection
2019-10-04 14:03:35,776 [228aa06e-06ce-4204-8855-80d551f2c161@group-3AD9A1440FE8-LeaderElection69] INFO  impl.RaftServerImpl (RaftServerImpl.java:setRole(170)) - 228aa06e-06ce-4204-8855-80d551f2c161@group-3AD9A1440FE8: changes role from CANDIDATE to LEADER at term 1 for changeToLeader
2019-10-04 14:03:35,777 [228aa06e-06ce-4204-8855-80d551f2c161@group-3AD9A1440FE8-LeaderElection69] INFO  impl.RaftServerImpl (ServerState.java:setLeader(255)) - 228aa06e-06ce-4204-8855-80d551f2c161@group-3AD9A1440FE8: change Leader from null to 228aa06e-06ce-4204-8855-80d551f2c161 at term 1 for becomeLeader, leader elected after 5136ms
2019-10-04 14:03:35,777 [228aa06e-06ce-4204-8855-80d551f2c161@group-3AD9A1440FE8-LeaderElection69] INFO  server.RaftServerConfigKeys (ConfUtils.java:logGet(43)) - raft.server.staging.catchup.gap = 1000 (default)
2019-10-04 14:03:35,777 [228aa06e-06ce-4204-8855-80d551f2c161@group-3AD9A1440FE8-LeaderElection69] INFO  server.RaftServerConfigKeys (ConfUtils.java:logGet(43)) - raft.server.rpc.sleep.time = 25ms (default)
2019-10-04 14:03:35,777 [228aa06e-06ce-4204-8855-80d551f2c161@group-3AD9A1440FE8-LeaderElection69] INFO  server.RaftServerConfigKeys (ConfUtils.java:logGet(43)) - raft.server.write.element-limit = 4096 (default)
2019-10-04 14:03:35,777 [228aa06e-06ce-4204-8855-80d551f2c161@group-3AD9A1440FE8-LeaderElection69] INFO  server.RaftServerConfigKeys (ConfUtils.java:logGet(43)) - raft.server.watch.timeout = 10s (default)
2019-10-04 14:03:35,777 [228aa06e-06ce-4204-8855-80d551f2c161@group-3AD9A1440FE8-LeaderElection69] INFO  server.RaftServerConfigKeys (ConfUtils.java:logGet(43)) - raft.server.watch.timeout.denomination = 1s (default)
2019-10-04 14:03:35,777 [228aa06e-06ce-4204-8855-80d551f2c161@group-3AD9A1440FE8-LeaderElection69] INFO  server.RaftServerConfigKeys (ConfUtils.java:logGet(43)) - raft.server.watch.element-limit = 65536 (default)
2019-10-04 14:03:35,779 [228aa06e-06ce-4204-8855-80d551f2c161@group-3AD9A1440FE8-LeaderElection69] INFO  impl.RoleInfo (RoleInfo.java:updateAndGet(143)) - 228aa06e-06ce-4204-8855-80d551f2c161: start LeaderState
2019-10-04 14:03:35,780 [228aa06e-06ce-4204-8855-80d551f2c161@group-3AD9A1440FE8-LeaderElection69] INFO  segmented.SegmentedRaftLogWorker (SegmentedRaftLogWorker.java:startLogSegment(385)) - 228aa06e-06ce-4204-8855-80d551f2c161@group-3AD9A1440FE8-SegmentedRaftLogWorker: Starting segment from index:0
2019-10-04 14:03:35,780 [228aa06e-06ce-4204-8855-80d551f2c161@group-3AD9A1440FE8-LeaderElection69] INFO  impl.RaftServerImpl (ServerState.java:setRaftConf(356)) - 228aa06e-06ce-4204-8855-80d551f2c161@group-3AD9A1440FE8: set configuration 0: [228aa06e-06ce-4204-8855-80d551f2c161:192.168.5.142:40090], old=null at 0
2019-10-04 14:03:35,832 [228aa06e-06ce-4204-8855-80d551f2c161@group-3AD9A1440FE8-SegmentedRaftLogWorker] INFO  segmented.SegmentedRaftLogWorker (SegmentedRaftLogWorker.java:execute(574)) - 228aa06e-06ce-4204-8855-80d551f2c161@group-3AD9A1440FE8-SegmentedRaftLogWorker: created new log segment /workdir/hadoop-ozone/integration-test/target/test-dir/MiniOzoneClusterImpl-a706a60c-ed98-4f98-a126-279d51990bf3/datanode-0/data/ratis/89725909-e3cf-45a7-ad3e-3ad9a1440fe8/current/log_inprogress_0
2019-10-04 14:03:35,840 [Thread-3069] INFO  impl.FollowerState (FollowerState.java:run(108)) - 4f0d32d0-8b81-48af-bff0-df3de040520e@group-1212A9D7B753-FollowerState: change to CANDIDATE, lastRpcTime:5081ms, electionTimeout:5081ms
2019-10-04 14:03:35,840 [Thread-3069] INFO  impl.RoleInfo (RoleInfo.java:shutdownFollowerState(121)) - 4f0d32d0-8b81-48af-bff0-df3de040520e: shutdown FollowerState
2019-10-04 14:03:35,840 [Thread-3069] INFO  impl.RaftServerImpl (RaftServerImpl.java:setRole(170)) - 4f0d32d0-8b81-48af-bff0-df3de040520e@group-1212A9D7B753: changes role from  FOLLOWER to CANDIDATE at term 0 for changeToCandidate
2019-10-04 14:03:35,840 [Thread-3069] INFO  impl.RoleInfo (RoleInfo.java:updateAndGet(143)) - 4f0d32d0-8b81-48af-bff0-df3de040520e: start LeaderElection
2019-10-04 14:03:35,858 [4f0d32d0-8b81-48af-bff0-df3de040520e@group-1212A9D7B753-LeaderElection70] INFO  impl.LeaderElection (LeaderElection.java:askForVotes(178)) - 4f0d32d0-8b81-48af-bff0-df3de040520e@group-1212A9D7B753-LeaderElection70: begin an election at term 1 for -1: [4f0d32d0-8b81-48af-bff0-df3de040520e:192.168.5.142:37852], old=null
2019-10-04 14:03:35,858 [4f0d32d0-8b81-48af-bff0-df3de040520e@group-1212A9D7B753-LeaderElection70] INFO  impl.RoleInfo (RoleInfo.java:shutdownLeaderElection(134)) - 4f0d32d0-8b81-48af-bff0-df3de040520e: shutdown LeaderElection
2019-10-04 14:03:35,858 [4f0d32d0-8b81-48af-bff0-df3de040520e@group-1212A9D7B753-LeaderElection70] INFO  impl.RaftServerImpl (RaftServerImpl.java:setRole(170)) - 4f0d32d0-8b81-48af-bff0-df3de040520e@group-1212A9D7B753: changes role from CANDIDATE to LEADER at term 1 for changeToLeader
2019-10-04 14:03:35,859 [4f0d32d0-8b81-48af-bff0-df3de040520e@group-1212A9D7B753-LeaderElection70] INFO  impl.RaftServerImpl (ServerState.java:setLeader(255)) - 4f0d32d0-8b81-48af-bff0-df3de040520e@group-1212A9D7B753: change Leader from null to 4f0d32d0-8b81-48af-bff0-df3de040520e at term 1 for becomeLeader, leader elected after 5106ms
2019-10-04 14:03:35,859 [4f0d32d0-8b81-48af-bff0-df3de040520e@group-1212A9D7B753-LeaderElection70] INFO  server.RaftServerConfigKeys (ConfUtils.java:logGet(43)) - raft.server.staging.catchup.gap = 1000 (default)
2019-10-04 14:03:35,859 [4f0d32d0-8b81-48af-bff0-df3de040520e@group-1212A9D7B753-LeaderElection70] INFO  server.RaftServerConfigKeys (ConfUtils.java:logGet(43)) - raft.server.rpc.sleep.time = 25ms (default)
2019-10-04 14:03:35,859 [4f0d32d0-8b81-48af-bff0-df3de040520e@group-1212A9D7B753-LeaderElection70] INFO  server.RaftServerConfigKeys (ConfUtils.java:logGet(43)) - raft.server.write.element-limit = 4096 (default)
2019-10-04 14:03:35,859 [4f0d32d0-8b81-48af-bff0-df3de040520e@group-1212A9D7B753-LeaderElection70] INFO  server.RaftServerConfigKeys (ConfUtils.java:logGet(43)) - raft.server.watch.timeout = 10s (default)
2019-10-04 14:03:35,859 [4f0d32d0-8b81-48af-bff0-df3de040520e@group-1212A9D7B753-LeaderElection70] INFO  server.RaftServerConfigKeys (ConfUtils.java:logGet(43)) - raft.server.watch.timeout.denomination = 1s (default)
2019-10-04 14:03:35,859 [4f0d32d0-8b81-48af-bff0-df3de040520e@group-1212A9D7B753-LeaderElection70] INFO  server.RaftServerConfigKeys (ConfUtils.java:logGet(43)) - raft.server.watch.element-limit = 65536 (default)
2019-10-04 14:03:35,861 [4f0d32d0-8b81-48af-bff0-df3de040520e@group-1212A9D7B753-LeaderElection70] INFO  impl.RoleInfo (RoleInfo.java:updateAndGet(143)) - 4f0d32d0-8b81-48af-bff0-df3de040520e: start LeaderState
2019-10-04 14:03:35,861 [4f0d32d0-8b81-48af-bff0-df3de040520e@group-1212A9D7B753-LeaderElection70] INFO  segmented.SegmentedRaftLogWorker (SegmentedRaftLogWorker.java:startLogSegment(385)) - 4f0d32d0-8b81-48af-bff0-df3de040520e@group-1212A9D7B753-SegmentedRaftLogWorker: Starting segment from index:0
2019-10-04 14:03:35,862 [4f0d32d0-8b81-48af-bff0-df3de040520e@group-1212A9D7B753-LeaderElection70] INFO  impl.RaftServerImpl (ServerState.java:setRaftConf(356)) - 4f0d32d0-8b81-48af-bff0-df3de040520e@group-1212A9D7B753: set configuration 0: [4f0d32d0-8b81-48af-bff0-df3de040520e:192.168.5.142:37852], old=null at 0
2019-10-04 14:03:35,893 [Thread-3075] INFO  impl.FollowerState (FollowerState.java:run(108)) - 2eb9c693-8c7a-498f-9bb2-9f02bd340f6f@group-E4A9E4ECDCF8-FollowerState: change to CANDIDATE, lastRpcTime:5038ms, electionTimeout:5038ms
2019-10-04 14:03:35,893 [Thread-3075] INFO  impl.RoleInfo (RoleInfo.java:shutdownFollowerState(121)) - 2eb9c693-8c7a-498f-9bb2-9f02bd340f6f: shutdown FollowerState
2019-10-04 14:03:35,893 [Thread-3075] INFO  impl.RaftServerImpl (RaftServerImpl.java:setRole(170)) - 2eb9c693-8c7a-498f-9bb2-9f02bd340f6f@group-E4A9E4ECDCF8: changes role from  FOLLOWER to CANDIDATE at term 0 for changeToCandidate
2019-10-04 14:03:35,893 [Thread-3075] INFO  impl.RoleInfo (RoleInfo.java:updateAndGet(143)) - 2eb9c693-8c7a-498f-9bb2-9f02bd340f6f: start LeaderElection
2019-10-04 14:03:35,908 [4f0d32d0-8b81-48af-bff0-df3de040520e@group-1212A9D7B753-SegmentedRaftLogWorker] INFO  segmented.SegmentedRaftLogWorker (SegmentedRaftLogWorker.java:execute(574)) - 4f0d32d0-8b81-48af-bff0-df3de040520e@group-1212A9D7B753-SegmentedRaftLogWorker: created new log segment /workdir/hadoop-ozone/integration-test/target/test-dir/MiniOzoneClusterImpl-a706a60c-ed98-4f98-a126-279d51990bf3/datanode-4/data/ratis/97311917-7833-4ac4-a99c-1212a9d7b753/current/log_inprogress_0
2019-10-04 14:03:35,921 [2eb9c693-8c7a-498f-9bb2-9f02bd340f6f@group-E4A9E4ECDCF8-LeaderElection71] INFO  impl.LeaderElection (LeaderElection.java:askForVotes(178)) - 2eb9c693-8c7a-498f-9bb2-9f02bd340f6f@group-E4A9E4ECDCF8-LeaderElection71: begin an election at term 1 for -1: [2eb9c693-8c7a-498f-9bb2-9f02bd340f6f:192.168.5.142:38526], old=null
2019-10-04 14:03:35,922 [2eb9c693-8c7a-498f-9bb2-9f02bd340f6f@group-E4A9E4ECDCF8-LeaderElection71] INFO  impl.RoleInfo (RoleInfo.java:shutdownLeaderElection(134)) - 2eb9c693-8c7a-498f-9bb2-9f02bd340f6f: shutdown LeaderElection
2019-10-04 14:03:35,922 [2eb9c693-8c7a-498f-9bb2-9f02bd340f6f@group-E4A9E4ECDCF8-LeaderElection71] INFO  impl.RaftServerImpl (RaftServerImpl.java:setRole(170)) - 2eb9c693-8c7a-498f-9bb2-9f02bd340f6f@group-E4A9E4ECDCF8: changes role from CANDIDATE to LEADER at term 1 for changeToLeader
2019-10-04 14:03:35,922 [2eb9c693-8c7a-498f-9bb2-9f02bd340f6f@group-E4A9E4ECDCF8-LeaderElection71] INFO  impl.RaftServerImpl (ServerState.java:setLeader(255)) - 2eb9c693-8c7a-498f-9bb2-9f02bd340f6f@group-E4A9E4ECDCF8: change Leader from null to 2eb9c693-8c7a-498f-9bb2-9f02bd340f6f at term 1 for becomeLeader, leader elected after 5074ms
2019-10-04 14:03:35,922 [2eb9c693-8c7a-498f-9bb2-9f02bd340f6f@group-E4A9E4ECDCF8-LeaderElection71] INFO  server.RaftServerConfigKeys (ConfUtils.java:logGet(43)) - raft.server.staging.catchup.gap = 1000 (default)
2019-10-04 14:03:35,922 [2eb9c693-8c7a-498f-9bb2-9f02bd340f6f@group-E4A9E4ECDCF8-LeaderElection71] INFO  server.RaftServerConfigKeys (ConfUtils.java:logGet(43)) - raft.server.rpc.sleep.time = 25ms (default)
2019-10-04 14:03:35,922 [2eb9c693-8c7a-498f-9bb2-9f02bd340f6f@group-E4A9E4ECDCF8-LeaderElection71] INFO  server.RaftServerConfigKeys (ConfUtils.java:logGet(43)) - raft.server.write.element-limit = 4096 (default)
2019-10-04 14:03:35,922 [2eb9c693-8c7a-498f-9bb2-9f02bd340f6f@group-E4A9E4ECDCF8-LeaderElection71] INFO  server.RaftServerConfigKeys (ConfUtils.java:logGet(43)) - raft.server.watch.timeout = 10s (default)
2019-10-04 14:03:35,922 [2eb9c693-8c7a-498f-9bb2-9f02bd340f6f@group-E4A9E4ECDCF8-LeaderElection71] INFO  server.RaftServerConfigKeys (ConfUtils.java:logGet(43)) - raft.server.watch.timeout.denomination = 1s (default)
2019-10-04 14:03:35,922 [2eb9c693-8c7a-498f-9bb2-9f02bd340f6f@group-E4A9E4ECDCF8-LeaderElection71] INFO  server.RaftServerConfigKeys (ConfUtils.java:logGet(43)) - raft.server.watch.element-limit = 65536 (default)
2019-10-04 14:03:35,924 [2eb9c693-8c7a-498f-9bb2-9f02bd340f6f@group-E4A9E4ECDCF8-LeaderElection71] INFO  impl.RoleInfo (RoleInfo.java:updateAndGet(143)) - 2eb9c693-8c7a-498f-9bb2-9f02bd340f6f: start LeaderState
2019-10-04 14:03:35,924 [2eb9c693-8c7a-498f-9bb2-9f02bd340f6f@group-E4A9E4ECDCF8-LeaderElection71] INFO  segmented.SegmentedRaftLogWorker (SegmentedRaftLogWorker.java:startLogSegment(385)) - 2eb9c693-8c7a-498f-9bb2-9f02bd340f6f@group-E4A9E4ECDCF8-SegmentedRaftLogWorker: Starting segment from index:0
2019-10-04 14:03:35,924 [2eb9c693-8c7a-498f-9bb2-9f02bd340f6f@group-E4A9E4ECDCF8-LeaderElection71] INFO  impl.RaftServerImpl (ServerState.java:setRaftConf(356)) - 2eb9c693-8c7a-498f-9bb2-9f02bd340f6f@group-E4A9E4ECDCF8: set configuration 0: [2eb9c693-8c7a-498f-9bb2-9f02bd340f6f:192.168.5.142:38526], old=null at 0
2019-10-04 14:03:35,952 [Thread-3072] INFO  impl.FollowerState (FollowerState.java:run(108)) - 4b936257-ae70-49d0-a2b9-62c8e68e72da@group-CAAA789332FB-FollowerState: change to CANDIDATE, lastRpcTime:5146ms, electionTimeout:5131ms
2019-10-04 14:03:35,952 [Thread-3072] INFO  impl.RoleInfo (RoleInfo.java:shutdownFollowerState(121)) - 4b936257-ae70-49d0-a2b9-62c8e68e72da: shutdown FollowerState
2019-10-04 14:03:35,952 [Thread-3072] INFO  impl.RaftServerImpl (RaftServerImpl.java:setRole(170)) - 4b936257-ae70-49d0-a2b9-62c8e68e72da@group-CAAA789332FB: changes role from  FOLLOWER to CANDIDATE at term 0 for changeToCandidate
2019-10-04 14:03:35,952 [Thread-3072] INFO  impl.RoleInfo (RoleInfo.java:updateAndGet(143)) - 4b936257-ae70-49d0-a2b9-62c8e68e72da: start LeaderElection
2019-10-04 14:03:35,967 [2eb9c693-8c7a-498f-9bb2-9f02bd340f6f@group-E4A9E4ECDCF8-SegmentedRaftLogWorker] INFO  segmented.SegmentedRaftLogWorker (SegmentedRaftLogWorker.java:execute(574)) - 2eb9c693-8c7a-498f-9bb2-9f02bd340f6f@group-E4A9E4ECDCF8-SegmentedRaftLogWorker: created new log segment /workdir/hadoop-ozone/integration-test/target/test-dir/MiniOzoneClusterImpl-a706a60c-ed98-4f98-a126-279d51990bf3/datanode-3/data/ratis/e989402f-0905-46ad-a20f-e4a9e4ecdcf8/current/log_inprogress_0
2019-10-04 14:03:35,967 [4b936257-ae70-49d0-a2b9-62c8e68e72da@group-CAAA789332FB-LeaderElection72] INFO  impl.LeaderElection (LeaderElection.java:askForVotes(178)) - 4b936257-ae70-49d0-a2b9-62c8e68e72da@group-CAAA789332FB-LeaderElection72: begin an election at term 1 for -1: [4b936257-ae70-49d0-a2b9-62c8e68e72da:192.168.5.142:39633], old=null
2019-10-04 14:03:35,967 [4b936257-ae70-49d0-a2b9-62c8e68e72da@group-CAAA789332FB-LeaderElection72] INFO  impl.RoleInfo (RoleInfo.java:shutdownLeaderElection(134)) - 4b936257-ae70-49d0-a2b9-62c8e68e72da: shutdown LeaderElection
2019-10-04 14:03:35,967 [4b936257-ae70-49d0-a2b9-62c8e68e72da@group-CAAA789332FB-LeaderElection72] INFO  impl.RaftServerImpl (RaftServerImpl.java:setRole(170)) - 4b936257-ae70-49d0-a2b9-62c8e68e72da@group-CAAA789332FB: changes role from CANDIDATE to LEADER at term 1 for changeToLeader
2019-10-04 14:03:35,968 [4b936257-ae70-49d0-a2b9-62c8e68e72da@group-CAAA789332FB-LeaderElection72] INFO  impl.RaftServerImpl (ServerState.java:setLeader(255)) - 4b936257-ae70-49d0-a2b9-62c8e68e72da@group-CAAA789332FB: change Leader from null to 4b936257-ae70-49d0-a2b9-62c8e68e72da at term 1 for becomeLeader, leader elected after 5169ms
2019-10-04 14:03:35,968 [4b936257-ae70-49d0-a2b9-62c8e68e72da@group-CAAA789332FB-LeaderElection72] INFO  server.RaftServerConfigKeys (ConfUtils.java:logGet(43)) - raft.server.staging.catchup.gap = 1000 (default)
2019-10-04 14:03:35,968 [4b936257-ae70-49d0-a2b9-62c8e68e72da@group-CAAA789332FB-LeaderElection72] INFO  server.RaftServerConfigKeys (ConfUtils.java:logGet(43)) - raft.server.rpc.sleep.time = 25ms (default)
2019-10-04 14:03:35,968 [4b936257-ae70-49d0-a2b9-62c8e68e72da@group-CAAA789332FB-LeaderElection72] INFO  server.RaftServerConfigKeys (ConfUtils.java:logGet(43)) - raft.server.write.element-limit = 4096 (default)
2019-10-04 14:03:35,968 [4b936257-ae70-49d0-a2b9-62c8e68e72da@group-CAAA789332FB-LeaderElection72] INFO  server.RaftServerConfigKeys (ConfUtils.java:logGet(43)) - raft.server.watch.timeout = 10s (default)
2019-10-04 14:03:35,968 [4b936257-ae70-49d0-a2b9-62c8e68e72da@group-CAAA789332FB-LeaderElection72] INFO  server.RaftServerConfigKeys (ConfUtils.java:logGet(43)) - raft.server.watch.timeout.denomination = 1s (default)
2019-10-04 14:03:35,968 [4b936257-ae70-49d0-a2b9-62c8e68e72da@group-CAAA789332FB-LeaderElection72] INFO  server.RaftServerConfigKeys (ConfUtils.java:logGet(43)) - raft.server.watch.element-limit = 65536 (default)
2019-10-04 14:03:35,970 [4b936257-ae70-49d0-a2b9-62c8e68e72da@group-CAAA789332FB-LeaderElection72] INFO  impl.RoleInfo (RoleInfo.java:updateAndGet(143)) - 4b936257-ae70-49d0-a2b9-62c8e68e72da: start LeaderState
2019-10-04 14:03:35,970 [4b936257-ae70-49d0-a2b9-62c8e68e72da@group-CAAA789332FB-LeaderElection72] INFO  segmented.SegmentedRaftLogWorker (SegmentedRaftLogWorker.java:startLogSegment(385)) - 4b936257-ae70-49d0-a2b9-62c8e68e72da@group-CAAA789332FB-SegmentedRaftLogWorker: Starting segment from index:0
2019-10-04 14:03:35,971 [4b936257-ae70-49d0-a2b9-62c8e68e72da@group-CAAA789332FB-LeaderElection72] INFO  impl.RaftServerImpl (ServerState.java:setRaftConf(356)) - 4b936257-ae70-49d0-a2b9-62c8e68e72da@group-CAAA789332FB: set configuration 0: [4b936257-ae70-49d0-a2b9-62c8e68e72da:192.168.5.142:39633], old=null at 0
2019-10-04 14:03:35,999 [Thread-3084] INFO  impl.FollowerState (FollowerState.java:run(108)) - b99f3cf6-ff49-4c43-86b7-bc61f9add107@group-5F185B9D425E-FollowerState: change to CANDIDATE, lastRpcTime:5011ms, electionTimeout:5004ms
2019-10-04 14:03:35,999 [Thread-3084] INFO  impl.RoleInfo (RoleInfo.java:shutdownFollowerState(121)) - b99f3cf6-ff49-4c43-86b7-bc61f9add107: shutdown FollowerState
2019-10-04 14:03:36,000 [Thread-3084] INFO  impl.RaftServerImpl (RaftServerImpl.java:setRole(170)) - b99f3cf6-ff49-4c43-86b7-bc61f9add107@group-5F185B9D425E: changes role from  FOLLOWER to CANDIDATE at term 0 for changeToCandidate
2019-10-04 14:03:36,000 [Thread-3084] INFO  impl.RoleInfo (RoleInfo.java:updateAndGet(143)) - b99f3cf6-ff49-4c43-86b7-bc61f9add107: start LeaderElection
2019-10-04 14:03:36,004 [4b936257-ae70-49d0-a2b9-62c8e68e72da@group-CAAA789332FB-SegmentedRaftLogWorker] INFO  segmented.SegmentedRaftLogWorker (SegmentedRaftLogWorker.java:execute(574)) - 4b936257-ae70-49d0-a2b9-62c8e68e72da@group-CAAA789332FB-SegmentedRaftLogWorker: created new log segment /workdir/hadoop-ozone/integration-test/target/test-dir/MiniOzoneClusterImpl-a706a60c-ed98-4f98-a126-279d51990bf3/datanode-1/data/ratis/c7269173-8857-4b58-a904-caaa789332fb/current/log_inprogress_0
2019-10-04 14:03:36,008 [b99f3cf6-ff49-4c43-86b7-bc61f9add107@group-5F185B9D425E-LeaderElection73] INFO  impl.LeaderElection (LeaderElection.java:askForVotes(178)) - b99f3cf6-ff49-4c43-86b7-bc61f9add107@group-5F185B9D425E-LeaderElection73: begin an election at term 1 for -1: [b99f3cf6-ff49-4c43-86b7-bc61f9add107:192.168.5.142:45864], old=null
2019-10-04 14:03:36,008 [b99f3cf6-ff49-4c43-86b7-bc61f9add107@group-5F185B9D425E-LeaderElection73] INFO  impl.RoleInfo (RoleInfo.java:shutdownLeaderElection(134)) - b99f3cf6-ff49-4c43-86b7-bc61f9add107: shutdown LeaderElection
2019-10-04 14:03:36,008 [b99f3cf6-ff49-4c43-86b7-bc61f9add107@group-5F185B9D425E-LeaderElection73] INFO  impl.RaftServerImpl (RaftServerImpl.java:setRole(170)) - b99f3cf6-ff49-4c43-86b7-bc61f9add107@group-5F185B9D425E: changes role from CANDIDATE to LEADER at term 1 for changeToLeader
2019-10-04 14:03:36,008 [b99f3cf6-ff49-4c43-86b7-bc61f9add107@group-5F185B9D425E-LeaderElection73] INFO  impl.RaftServerImpl (ServerState.java:setLeader(255)) - b99f3cf6-ff49-4c43-86b7-bc61f9add107@group-5F185B9D425E: change Leader from null to b99f3cf6-ff49-4c43-86b7-bc61f9add107 at term 1 for becomeLeader, leader elected after 5025ms
2019-10-04 14:03:36,009 [b99f3cf6-ff49-4c43-86b7-bc61f9add107@group-5F185B9D425E-LeaderElection73] INFO  server.RaftServerConfigKeys (ConfUtils.java:logGet(43)) - raft.server.staging.catchup.gap = 1000 (default)
2019-10-04 14:03:36,009 [b99f3cf6-ff49-4c43-86b7-bc61f9add107@group-5F185B9D425E-LeaderElection73] INFO  server.RaftServerConfigKeys (ConfUtils.java:logGet(43)) - raft.server.rpc.sleep.time = 25ms (default)
2019-10-04 14:03:36,009 [b99f3cf6-ff49-4c43-86b7-bc61f9add107@group-5F185B9D425E-LeaderElection73] INFO  server.RaftServerConfigKeys (ConfUtils.java:logGet(43)) - raft.server.write.element-limit = 4096 (default)
2019-10-04 14:03:36,009 [b99f3cf6-ff49-4c43-86b7-bc61f9add107@group-5F185B9D425E-LeaderElection73] INFO  server.RaftServerConfigKeys (ConfUtils.java:logGet(43)) - raft.server.watch.timeout = 10s (default)
2019-10-04 14:03:36,009 [b99f3cf6-ff49-4c43-86b7-bc61f9add107@group-5F185B9D425E-LeaderElection73] INFO  server.RaftServerConfigKeys (ConfUtils.java:logGet(43)) - raft.server.watch.timeout.denomination = 1s (default)
2019-10-04 14:03:36,009 [b99f3cf6-ff49-4c43-86b7-bc61f9add107@group-5F185B9D425E-LeaderElection73] INFO  server.RaftServerConfigKeys (ConfUtils.java:logGet(43)) - raft.server.watch.element-limit = 65536 (default)
2019-10-04 14:03:36,011 [b99f3cf6-ff49-4c43-86b7-bc61f9add107@group-5F185B9D425E-LeaderElection73] INFO  impl.RoleInfo (RoleInfo.java:updateAndGet(143)) - b99f3cf6-ff49-4c43-86b7-bc61f9add107: start LeaderState
2019-10-04 14:03:36,011 [b99f3cf6-ff49-4c43-86b7-bc61f9add107@group-5F185B9D425E-LeaderElection73] INFO  segmented.SegmentedRaftLogWorker (SegmentedRaftLogWorker.java:startLogSegment(385)) - b99f3cf6-ff49-4c43-86b7-bc61f9add107@group-5F185B9D425E-SegmentedRaftLogWorker: Starting segment from index:0
2019-10-04 14:03:36,011 [b99f3cf6-ff49-4c43-86b7-bc61f9add107@group-5F185B9D425E-LeaderElection73] INFO  impl.RaftServerImpl (ServerState.java:setRaftConf(356)) - b99f3cf6-ff49-4c43-86b7-bc61f9add107@group-5F185B9D425E: set configuration 0: [b99f3cf6-ff49-4c43-86b7-bc61f9add107:192.168.5.142:45864], old=null at 0
2019-10-04 14:03:36,075 [b99f3cf6-ff49-4c43-86b7-bc61f9add107@group-5F185B9D425E-SegmentedRaftLogWorker] INFO  segmented.SegmentedRaftLogWorker (SegmentedRaftLogWorker.java:execute(574)) - b99f3cf6-ff49-4c43-86b7-bc61f9add107@group-5F185B9D425E-SegmentedRaftLogWorker: created new log segment /workdir/hadoop-ozone/integration-test/target/test-dir/MiniOzoneClusterImpl-a706a60c-ed98-4f98-a126-279d51990bf3/datanode-5/data/ratis/77d2cfa0-cf32-410d-a099-5f185b9d425e/current/log_inprogress_0
2019-10-04 14:03:36,088 [Thread-3078] INFO  impl.FollowerState (FollowerState.java:run(108)) - 19914a7d-dfbb-463a-b70b-49f5b7efbd3b@group-7C67C20AEC21-FollowerState: change to CANDIDATE, lastRpcTime:5187ms, electionTimeout:5187ms
2019-10-04 14:03:36,088 [Thread-3078] INFO  impl.RoleInfo (RoleInfo.java:shutdownFollowerState(121)) - 19914a7d-dfbb-463a-b70b-49f5b7efbd3b: shutdown FollowerState
2019-10-04 14:03:36,089 [Thread-3078] INFO  impl.RaftServerImpl (RaftServerImpl.java:setRole(170)) - 19914a7d-dfbb-463a-b70b-49f5b7efbd3b@group-7C67C20AEC21: changes role from  FOLLOWER to CANDIDATE at term 0 for changeToCandidate
2019-10-04 14:03:36,089 [Thread-3078] INFO  impl.RoleInfo (RoleInfo.java:updateAndGet(143)) - 19914a7d-dfbb-463a-b70b-49f5b7efbd3b: start LeaderElection
2019-10-04 14:03:36,095 [Thread-3081] INFO  impl.FollowerState (FollowerState.java:run(108)) - c837fe61-e49e-43db-b855-d40a2ff7bb03@group-1ED6AE7A3E49-FollowerState: change to CANDIDATE, lastRpcTime:5148ms, electionTimeout:5148ms
2019-10-04 14:03:36,095 [Thread-3081] INFO  impl.RoleInfo (RoleInfo.java:shutdownFollowerState(121)) - c837fe61-e49e-43db-b855-d40a2ff7bb03: shutdown FollowerState
2019-10-04 14:03:36,095 [Thread-3081] INFO  impl.RaftServerImpl (RaftServerImpl.java:setRole(170)) - c837fe61-e49e-43db-b855-d40a2ff7bb03@group-1ED6AE7A3E49: changes role from  FOLLOWER to CANDIDATE at term 0 for changeToCandidate
2019-10-04 14:03:36,095 [Thread-3081] INFO  impl.RoleInfo (RoleInfo.java:updateAndGet(143)) - c837fe61-e49e-43db-b855-d40a2ff7bb03: start LeaderElection
2019-10-04 14:03:36,119 [19914a7d-dfbb-463a-b70b-49f5b7efbd3b@group-7C67C20AEC21-LeaderElection74] INFO  impl.LeaderElection (LeaderElection.java:askForVotes(178)) - 19914a7d-dfbb-463a-b70b-49f5b7efbd3b@group-7C67C20AEC21-LeaderElection74: begin an election at term 1 for -1: [19914a7d-dfbb-463a-b70b-49f5b7efbd3b:192.168.5.142:40655], old=null
2019-10-04 14:03:36,119 [c837fe61-e49e-43db-b855-d40a2ff7bb03@group-1ED6AE7A3E49-LeaderElection75] INFO  impl.LeaderElection (LeaderElection.java:askForVotes(178)) - c837fe61-e49e-43db-b855-d40a2ff7bb03@group-1ED6AE7A3E49-LeaderElection75: begin an election at term 1 for -1: [c837fe61-e49e-43db-b855-d40a2ff7bb03:192.168.5.142:36480], old=null
2019-10-04 14:03:36,119 [19914a7d-dfbb-463a-b70b-49f5b7efbd3b@group-7C67C20AEC21-LeaderElection74] INFO  impl.RoleInfo (RoleInfo.java:shutdownLeaderElection(134)) - 19914a7d-dfbb-463a-b70b-49f5b7efbd3b: shutdown LeaderElection
2019-10-04 14:03:36,119 [c837fe61-e49e-43db-b855-d40a2ff7bb03@group-1ED6AE7A3E49-LeaderElection75] INFO  impl.RoleInfo (RoleInfo.java:shutdownLeaderElection(134)) - c837fe61-e49e-43db-b855-d40a2ff7bb03: shutdown LeaderElection
2019-10-04 14:03:36,119 [19914a7d-dfbb-463a-b70b-49f5b7efbd3b@group-7C67C20AEC21-LeaderElection74] INFO  impl.RaftServerImpl (RaftServerImpl.java:setRole(170)) - 19914a7d-dfbb-463a-b70b-49f5b7efbd3b@group-7C67C20AEC21: changes role from CANDIDATE to LEADER at term 1 for changeToLeader
2019-10-04 14:03:36,119 [c837fe61-e49e-43db-b855-d40a2ff7bb03@group-1ED6AE7A3E49-LeaderElection75] INFO  impl.RaftServerImpl (RaftServerImpl.java:setRole(170)) - c837fe61-e49e-43db-b855-d40a2ff7bb03@group-1ED6AE7A3E49: changes role from CANDIDATE to LEADER at term 1 for changeToLeader
2019-10-04 14:03:36,119 [19914a7d-dfbb-463a-b70b-49f5b7efbd3b@group-7C67C20AEC21-LeaderElection74] INFO  impl.RaftServerImpl (ServerState.java:setLeader(255)) - 19914a7d-dfbb-463a-b70b-49f5b7efbd3b@group-7C67C20AEC21: change Leader from null to 19914a7d-dfbb-463a-b70b-49f5b7efbd3b at term 1 for becomeLeader, leader elected after 5224ms
2019-10-04 14:03:36,120 [c837fe61-e49e-43db-b855-d40a2ff7bb03@group-1ED6AE7A3E49-LeaderElection75] INFO  impl.RaftServerImpl (ServerState.java:setLeader(255)) - c837fe61-e49e-43db-b855-d40a2ff7bb03@group-1ED6AE7A3E49: change Leader from null to c837fe61-e49e-43db-b855-d40a2ff7bb03 at term 1 for becomeLeader, leader elected after 5178ms
2019-10-04 14:03:36,120 [19914a7d-dfbb-463a-b70b-49f5b7efbd3b@group-7C67C20AEC21-LeaderElection74] INFO  server.RaftServerConfigKeys (ConfUtils.java:logGet(43)) - raft.server.staging.catchup.gap = 1000 (default)
2019-10-04 14:03:36,120 [c837fe61-e49e-43db-b855-d40a2ff7bb03@group-1ED6AE7A3E49-LeaderElection75] INFO  server.RaftServerConfigKeys (ConfUtils.java:logGet(43)) - raft.server.staging.catchup.gap = 1000 (default)
2019-10-04 14:03:36,120 [19914a7d-dfbb-463a-b70b-49f5b7efbd3b@group-7C67C20AEC21-LeaderElection74] INFO  server.RaftServerConfigKeys (ConfUtils.java:logGet(43)) - raft.server.rpc.sleep.time = 25ms (default)
2019-10-04 14:03:36,120 [c837fe61-e49e-43db-b855-d40a2ff7bb03@group-1ED6AE7A3E49-LeaderElection75] INFO  server.RaftServerConfigKeys (ConfUtils.java:logGet(43)) - raft.server.rpc.sleep.time = 25ms (default)
2019-10-04 14:03:36,120 [c837fe61-e49e-43db-b855-d40a2ff7bb03@group-1ED6AE7A3E49-LeaderElection75] INFO  server.RaftServerConfigKeys (ConfUtils.java:logGet(43)) - raft.server.write.element-limit = 4096 (default)
2019-10-04 14:03:36,120 [19914a7d-dfbb-463a-b70b-49f5b7efbd3b@group-7C67C20AEC21-LeaderElection74] INFO  server.RaftServerConfigKeys (ConfUtils.java:logGet(43)) - raft.server.write.element-limit = 4096 (default)
2019-10-04 14:03:36,120 [c837fe61-e49e-43db-b855-d40a2ff7bb03@group-1ED6AE7A3E49-LeaderElection75] INFO  server.RaftServerConfigKeys (ConfUtils.java:logGet(43)) - raft.server.watch.timeout = 10s (default)
2019-10-04 14:03:36,120 [19914a7d-dfbb-463a-b70b-49f5b7efbd3b@group-7C67C20AEC21-LeaderElection74] INFO  server.RaftServerConfigKeys (ConfUtils.java:logGet(43)) - raft.server.watch.timeout = 10s (default)
2019-10-04 14:03:36,120 [c837fe61-e49e-43db-b855-d40a2ff7bb03@group-1ED6AE7A3E49-LeaderElection75] INFO  server.RaftServerConfigKeys (ConfUtils.java:logGet(43)) - raft.server.watch.timeout.denomination = 1s (default)
2019-10-04 14:03:36,121 [19914a7d-dfbb-463a-b70b-49f5b7efbd3b@group-7C67C20AEC21-LeaderElection74] INFO  server.RaftServerConfigKeys (ConfUtils.java:logGet(43)) - raft.server.watch.timeout.denomination = 1s (default)
2019-10-04 14:03:36,121 [c837fe61-e49e-43db-b855-d40a2ff7bb03@group-1ED6AE7A3E49-LeaderElection75] INFO  server.RaftServerConfigKeys (ConfUtils.java:logGet(43)) - raft.server.watch.element-limit = 65536 (default)
2019-10-04 14:03:36,121 [19914a7d-dfbb-463a-b70b-49f5b7efbd3b@group-7C67C20AEC21-LeaderElection74] INFO  server.RaftServerConfigKeys (ConfUtils.java:logGet(43)) - raft.server.watch.element-limit = 65536 (default)
2019-10-04 14:03:36,122 [c837fe61-e49e-43db-b855-d40a2ff7bb03@group-1ED6AE7A3E49-LeaderElection75] INFO  impl.RoleInfo (RoleInfo.java:updateAndGet(143)) - c837fe61-e49e-43db-b855-d40a2ff7bb03: start LeaderState
2019-10-04 14:03:36,123 [c837fe61-e49e-43db-b855-d40a2ff7bb03@group-1ED6AE7A3E49-LeaderElection75] INFO  segmented.SegmentedRaftLogWorker (SegmentedRaftLogWorker.java:startLogSegment(385)) - c837fe61-e49e-43db-b855-d40a2ff7bb03@group-1ED6AE7A3E49-SegmentedRaftLogWorker: Starting segment from index:0
2019-10-04 14:03:36,123 [19914a7d-dfbb-463a-b70b-49f5b7efbd3b@group-7C67C20AEC21-LeaderElection74] INFO  impl.RoleInfo (RoleInfo.java:updateAndGet(143)) - 19914a7d-dfbb-463a-b70b-49f5b7efbd3b: start LeaderState
2019-10-04 14:03:36,123 [c837fe61-e49e-43db-b855-d40a2ff7bb03@group-1ED6AE7A3E49-LeaderElection75] INFO  impl.RaftServerImpl (ServerState.java:setRaftConf(356)) - c837fe61-e49e-43db-b855-d40a2ff7bb03@group-1ED6AE7A3E49: set configuration 0: [c837fe61-e49e-43db-b855-d40a2ff7bb03:192.168.5.142:36480], old=null at 0
2019-10-04 14:03:36,123 [19914a7d-dfbb-463a-b70b-49f5b7efbd3b@group-7C67C20AEC21-LeaderElection74] INFO  segmented.SegmentedRaftLogWorker (SegmentedRaftLogWorker.java:startLogSegment(385)) - 19914a7d-dfbb-463a-b70b-49f5b7efbd3b@group-7C67C20AEC21-SegmentedRaftLogWorker: Starting segment from index:0
2019-10-04 14:03:36,151 [Thread-3099] INFO  impl.FollowerState (FollowerState.java:run(108)) - 19914a7d-dfbb-463a-b70b-49f5b7efbd3b@group-19512547B1BE-FollowerState: change to CANDIDATE, lastRpcTime:5019ms, electionTimeout:5005ms
2019-10-04 14:03:36,152 [Thread-3099] INFO  impl.RoleInfo (RoleInfo.java:shutdownFollowerState(121)) - 19914a7d-dfbb-463a-b70b-49f5b7efbd3b: shutdown FollowerState
2019-10-04 14:03:36,152 [Thread-3099] INFO  impl.RaftServerImpl (RaftServerImpl.java:setRole(170)) - 19914a7d-dfbb-463a-b70b-49f5b7efbd3b@group-19512547B1BE: changes role from  FOLLOWER to CANDIDATE at term 0 for changeToCandidate
2019-10-04 14:03:36,152 [Thread-3099] INFO  impl.RoleInfo (RoleInfo.java:updateAndGet(143)) - 19914a7d-dfbb-463a-b70b-49f5b7efbd3b: start LeaderElection
2019-10-04 14:03:36,152 [19914a7d-dfbb-463a-b70b-49f5b7efbd3b@group-7C67C20AEC21-LeaderElection74] INFO  impl.RaftServerImpl (ServerState.java:setRaftConf(356)) - 19914a7d-dfbb-463a-b70b-49f5b7efbd3b@group-7C67C20AEC21: set configuration 0: [19914a7d-dfbb-463a-b70b-49f5b7efbd3b:192.168.5.142:40655], old=null at 0
2019-10-04 14:03:36,183 [Thread-3091] INFO  impl.FollowerState (FollowerState.java:run(108)) - 4f0d32d0-8b81-48af-bff0-df3de040520e@group-6783F07A3B9C-FollowerState: change to CANDIDATE, lastRpcTime:5115ms, electionTimeout:5102ms
2019-10-04 14:03:36,183 [c837fe61-e49e-43db-b855-d40a2ff7bb03@group-1ED6AE7A3E49-SegmentedRaftLogWorker] INFO  segmented.SegmentedRaftLogWorker (SegmentedRaftLogWorker.java:execute(574)) - c837fe61-e49e-43db-b855-d40a2ff7bb03@group-1ED6AE7A3E49-SegmentedRaftLogWorker: created new log segment /workdir/hadoop-ozone/integration-test/target/test-dir/MiniOzoneClusterImpl-a706a60c-ed98-4f98-a126-279d51990bf3/datanode-6/data/ratis/9d41f01a-7542-446f-adec-1ed6ae7a3e49/current/log_inprogress_0
2019-10-04 14:03:36,186 [Thread-3091] INFO  impl.RoleInfo (RoleInfo.java:shutdownFollowerState(121)) - 4f0d32d0-8b81-48af-bff0-df3de040520e: shutdown FollowerState
2019-10-04 14:03:36,187 [Thread-3091] INFO  impl.RaftServerImpl (RaftServerImpl.java:setRole(170)) - 4f0d32d0-8b81-48af-bff0-df3de040520e@group-6783F07A3B9C: changes role from  FOLLOWER to CANDIDATE at term 0 for changeToCandidate
2019-10-04 14:03:36,187 [Thread-3091] INFO  impl.RoleInfo (RoleInfo.java:updateAndGet(143)) - 4f0d32d0-8b81-48af-bff0-df3de040520e: start LeaderElection
2019-10-04 14:03:36,195 [19914a7d-dfbb-463a-b70b-49f5b7efbd3b@group-7C67C20AEC21-SegmentedRaftLogWorker] INFO  segmented.SegmentedRaftLogWorker (SegmentedRaftLogWorker.java:execute(574)) - 19914a7d-dfbb-463a-b70b-49f5b7efbd3b@group-7C67C20AEC21-SegmentedRaftLogWorker: created new log segment /workdir/hadoop-ozone/integration-test/target/test-dir/MiniOzoneClusterImpl-a706a60c-ed98-4f98-a126-279d51990bf3/datanode-2/data/ratis/b18f5afe-aa6b-4c3d-8948-7c67c20aec21/current/log_inprogress_0
2019-10-04 14:03:36,195 [4f0d32d0-8b81-48af-bff0-df3de040520e@group-6783F07A3B9C-LeaderElection77] INFO  impl.LeaderElection (LeaderElection.java:askForVotes(178)) - 4f0d32d0-8b81-48af-bff0-df3de040520e@group-6783F07A3B9C-LeaderElection77: begin an election at term 1 for -1: [4f0d32d0-8b81-48af-bff0-df3de040520e:192.168.5.142:37852, 4b936257-ae70-49d0-a2b9-62c8e68e72da:192.168.5.142:39633, 2eb9c693-8c7a-498f-9bb2-9f02bd340f6f:192.168.5.142:38526], old=null
2019-10-04 14:03:36,195 [19914a7d-dfbb-463a-b70b-49f5b7efbd3b@group-19512547B1BE-LeaderElection76] INFO  impl.LeaderElection (LeaderElection.java:askForVotes(178)) - 19914a7d-dfbb-463a-b70b-49f5b7efbd3b@group-19512547B1BE-LeaderElection76: begin an election at term 1 for -1: [228aa06e-06ce-4204-8855-80d551f2c161:192.168.5.142:40090, 19914a7d-dfbb-463a-b70b-49f5b7efbd3b:192.168.5.142:40655, c837fe61-e49e-43db-b855-d40a2ff7bb03:192.168.5.142:36480], old=null
2019-10-04 14:03:36,203 [Thread-3089] INFO  impl.FollowerState (FollowerState.java:run(108)) - 2eb9c693-8c7a-498f-9bb2-9f02bd340f6f@group-6783F07A3B9C-FollowerState: change to CANDIDATE, lastRpcTime:5139ms, electionTimeout:5134ms
2019-10-04 14:03:36,204 [Thread-3089] INFO  impl.RoleInfo (RoleInfo.java:shutdownFollowerState(121)) - 2eb9c693-8c7a-498f-9bb2-9f02bd340f6f: shutdown FollowerState
2019-10-04 14:03:36,204 [Thread-3089] INFO  impl.RaftServerImpl (RaftServerImpl.java:setRole(170)) - 2eb9c693-8c7a-498f-9bb2-9f02bd340f6f@group-6783F07A3B9C: changes role from  FOLLOWER to CANDIDATE at term 0 for changeToCandidate
2019-10-04 14:03:36,204 [Thread-3089] INFO  impl.RoleInfo (RoleInfo.java:updateAndGet(143)) - 2eb9c693-8c7a-498f-9bb2-9f02bd340f6f: start LeaderElection
2019-10-04 14:03:36,210 [Thread-3098] INFO  impl.FollowerState (FollowerState.java:run(108)) - 228aa06e-06ce-4204-8855-80d551f2c161@group-19512547B1BE-FollowerState: change to CANDIDATE, lastRpcTime:5080ms, electionTimeout:5080ms
2019-10-04 14:03:36,210 [Thread-3098] INFO  impl.RoleInfo (RoleInfo.java:shutdownFollowerState(121)) - 228aa06e-06ce-4204-8855-80d551f2c161: shutdown FollowerState
2019-10-04 14:03:36,211 [Thread-3098] INFO  impl.RaftServerImpl (RaftServerImpl.java:setRole(170)) - 228aa06e-06ce-4204-8855-80d551f2c161@group-19512547B1BE: changes role from  FOLLOWER to CANDIDATE at term 0 for changeToCandidate
2019-10-04 14:03:36,211 [Thread-3098] INFO  impl.RoleInfo (RoleInfo.java:updateAndGet(143)) - 228aa06e-06ce-4204-8855-80d551f2c161: start LeaderElection
2019-10-04 14:03:36,214 [grpc-default-executor-13] INFO  impl.RaftServerImpl (RaftServerImpl.java:setRole(170)) - 4b936257-ae70-49d0-a2b9-62c8e68e72da@group-6783F07A3B9C: changes role from  FOLLOWER to FOLLOWER at term 1 for recognizeCandidate:4f0d32d0-8b81-48af-bff0-df3de040520e
2019-10-04 14:03:36,214 [grpc-default-executor-1] INFO  impl.RaftServerImpl (RaftServerImpl.java:setRole(170)) - 228aa06e-06ce-4204-8855-80d551f2c161@group-19512547B1BE: changes role from CANDIDATE to FOLLOWER at term 1 for recognizeCandidate:19914a7d-dfbb-463a-b70b-49f5b7efbd3b
2019-10-04 14:03:36,214 [grpc-default-executor-13] INFO  impl.RoleInfo (RoleInfo.java:shutdownFollowerState(121)) - 4b936257-ae70-49d0-a2b9-62c8e68e72da: shutdown FollowerState
2019-10-04 14:03:36,214 [grpc-default-executor-1] INFO  impl.RoleInfo (RoleInfo.java:shutdownLeaderElection(134)) - 228aa06e-06ce-4204-8855-80d551f2c161: shutdown LeaderElection
2019-10-04 14:03:36,214 [grpc-default-executor-13] INFO  impl.RoleInfo (RoleInfo.java:updateAndGet(143)) - 4b936257-ae70-49d0-a2b9-62c8e68e72da: start FollowerState
2019-10-04 14:03:36,215 [Thread-3090] INFO  impl.FollowerState (FollowerState.java:run(117)) - 4b936257-ae70-49d0-a2b9-62c8e68e72da@group-6783F07A3B9C-FollowerState was interrupted: java.lang.InterruptedException: sleep interrupted
2019-10-04 14:03:36,215 [grpc-default-executor-1] INFO  impl.RoleInfo (RoleInfo.java:updateAndGet(143)) - 228aa06e-06ce-4204-8855-80d551f2c161: start FollowerState
2019-10-04 14:03:36,217 [grpc-default-executor-14] INFO  impl.RaftServerImpl (RaftServerImpl.java:setRole(170)) - c837fe61-e49e-43db-b855-d40a2ff7bb03@group-19512547B1BE: changes role from  FOLLOWER to FOLLOWER at term 1 for recognizeCandidate:19914a7d-dfbb-463a-b70b-49f5b7efbd3b
2019-10-04 14:03:36,217 [grpc-default-executor-14] INFO  impl.RoleInfo (RoleInfo.java:shutdownFollowerState(121)) - c837fe61-e49e-43db-b855-d40a2ff7bb03: shutdown FollowerState
2019-10-04 14:03:36,217 [grpc-default-executor-14] INFO  impl.RoleInfo (RoleInfo.java:updateAndGet(143)) - c837fe61-e49e-43db-b855-d40a2ff7bb03: start FollowerState
2019-10-04 14:03:36,217 [Thread-3100] INFO  impl.FollowerState (FollowerState.java:run(117)) - c837fe61-e49e-43db-b855-d40a2ff7bb03@group-19512547B1BE-FollowerState was interrupted: java.lang.InterruptedException: sleep interrupted
2019-10-04 14:03:36,237 [2eb9c693-8c7a-498f-9bb2-9f02bd340f6f@group-6783F07A3B9C-LeaderElection78] INFO  impl.LeaderElection (LeaderElection.java:askForVotes(178)) - 2eb9c693-8c7a-498f-9bb2-9f02bd340f6f@group-6783F07A3B9C-LeaderElection78: begin an election at term 1 for -1: [4f0d32d0-8b81-48af-bff0-df3de040520e:192.168.5.142:37852, 4b936257-ae70-49d0-a2b9-62c8e68e72da:192.168.5.142:39633, 2eb9c693-8c7a-498f-9bb2-9f02bd340f6f:192.168.5.142:38526], old=null
2019-10-04 14:03:36,239 [4f0d32d0-8b81-48af-bff0-df3de040520e@group-6783F07A3B9C-LeaderElection77] INFO  impl.LeaderElection (LeaderElection.java:logAndReturn(56)) - 4f0d32d0-8b81-48af-bff0-df3de040520e@group-6783F07A3B9C-LeaderElection77: Election PASSED; received 1 response(s) [4f0d32d0-8b81-48af-bff0-df3de040520e<-4b936257-ae70-49d0-a2b9-62c8e68e72da#0:OK-t1] and 0 exception(s); 4f0d32d0-8b81-48af-bff0-df3de040520e@group-6783F07A3B9C:t1, leader=null, voted=4f0d32d0-8b81-48af-bff0-df3de040520e, raftlog=4f0d32d0-8b81-48af-bff0-df3de040520e@group-6783F07A3B9C-SegmentedRaftLog:OPENED:c-1,f-1,i0, conf=-1: [4f0d32d0-8b81-48af-bff0-df3de040520e:192.168.5.142:37852, 4b936257-ae70-49d0-a2b9-62c8e68e72da:192.168.5.142:39633, 2eb9c693-8c7a-498f-9bb2-9f02bd340f6f:192.168.5.142:38526], old=null
2019-10-04 14:03:36,239 [19914a7d-dfbb-463a-b70b-49f5b7efbd3b@group-19512547B1BE-LeaderElection76] INFO  impl.LeaderElection (LeaderElection.java:logAndReturn(56)) - 19914a7d-dfbb-463a-b70b-49f5b7efbd3b@group-19512547B1BE-LeaderElection76: Election PASSED; received 1 response(s) [19914a7d-dfbb-463a-b70b-49f5b7efbd3b<-c837fe61-e49e-43db-b855-d40a2ff7bb03#0:OK-t1] and 0 exception(s); 19914a7d-dfbb-463a-b70b-49f5b7efbd3b@group-19512547B1BE:t1, leader=null, voted=19914a7d-dfbb-463a-b70b-49f5b7efbd3b, raftlog=19914a7d-dfbb-463a-b70b-49f5b7efbd3b@group-19512547B1BE-SegmentedRaftLog:OPENED:c-1,f-1,i0, conf=-1: [228aa06e-06ce-4204-8855-80d551f2c161:192.168.5.142:40090, 19914a7d-dfbb-463a-b70b-49f5b7efbd3b:192.168.5.142:40655, c837fe61-e49e-43db-b855-d40a2ff7bb03:192.168.5.142:36480], old=null
2019-10-04 14:03:36,239 [4f0d32d0-8b81-48af-bff0-df3de040520e@group-6783F07A3B9C-LeaderElection77] INFO  impl.RoleInfo (RoleInfo.java:shutdownLeaderElection(134)) - 4f0d32d0-8b81-48af-bff0-df3de040520e: shutdown LeaderElection
2019-10-04 14:03:36,241 [4f0d32d0-8b81-48af-bff0-df3de040520e@group-6783F07A3B9C-LeaderElection77] INFO  impl.RaftServerImpl (RaftServerImpl.java:setRole(170)) - 4f0d32d0-8b81-48af-bff0-df3de040520e@group-6783F07A3B9C: changes role from CANDIDATE to LEADER at term 1 for changeToLeader
2019-10-04 14:03:36,241 [19914a7d-dfbb-463a-b70b-49f5b7efbd3b@group-19512547B1BE-LeaderElection76] INFO  impl.RoleInfo (RoleInfo.java:shutdownLeaderElection(134)) - 19914a7d-dfbb-463a-b70b-49f5b7efbd3b: shutdown LeaderElection
2019-10-04 14:03:36,241 [4f0d32d0-8b81-48af-bff0-df3de040520e@group-6783F07A3B9C-LeaderElection77] INFO  impl.RaftServerImpl (ServerState.java:setLeader(255)) - 4f0d32d0-8b81-48af-bff0-df3de040520e@group-6783F07A3B9C: change Leader from null to 4f0d32d0-8b81-48af-bff0-df3de040520e at term 1 for becomeLeader, leader elected after 5185ms
2019-10-04 14:03:36,243 [19914a7d-dfbb-463a-b70b-49f5b7efbd3b@group-19512547B1BE-LeaderElection76] INFO  impl.RaftServerImpl (RaftServerImpl.java:setRole(170)) - 19914a7d-dfbb-463a-b70b-49f5b7efbd3b@group-19512547B1BE: changes role from CANDIDATE to LEADER at term 1 for changeToLeader
2019-10-04 14:03:36,243 [228aa06e-06ce-4204-8855-80d551f2c161@group-19512547B1BE-LeaderElection79] INFO  impl.LeaderElection (LeaderElection.java:askForVotes(178)) - 228aa06e-06ce-4204-8855-80d551f2c161@group-19512547B1BE-LeaderElection79: begin an election at term 2 for -1: [228aa06e-06ce-4204-8855-80d551f2c161:192.168.5.142:40090, 19914a7d-dfbb-463a-b70b-49f5b7efbd3b:192.168.5.142:40655, c837fe61-e49e-43db-b855-d40a2ff7bb03:192.168.5.142:36480], old=null
2019-10-04 14:03:36,243 [19914a7d-dfbb-463a-b70b-49f5b7efbd3b@group-19512547B1BE-LeaderElection76] INFO  impl.RaftServerImpl (ServerState.java:setLeader(255)) - 19914a7d-dfbb-463a-b70b-49f5b7efbd3b@group-19512547B1BE: change Leader from null to 19914a7d-dfbb-463a-b70b-49f5b7efbd3b at term 1 for becomeLeader, leader elected after 5120ms
2019-10-04 14:03:36,243 [4f0d32d0-8b81-48af-bff0-df3de040520e@group-6783F07A3B9C-LeaderElection77] INFO  server.RaftServerConfigKeys (ConfUtils.java:logGet(43)) - raft.server.staging.catchup.gap = 1000 (default)
2019-10-04 14:03:36,243 [19914a7d-dfbb-463a-b70b-49f5b7efbd3b@group-19512547B1BE-LeaderElection76] INFO  server.RaftServerConfigKeys (ConfUtils.java:logGet(43)) - raft.server.staging.catchup.gap = 1000 (default)
2019-10-04 14:03:36,244 [4f0d32d0-8b81-48af-bff0-df3de040520e@group-6783F07A3B9C-LeaderElection77] INFO  server.RaftServerConfigKeys (ConfUtils.java:logGet(43)) - raft.server.rpc.sleep.time = 25ms (default)
2019-10-04 14:03:36,244 [19914a7d-dfbb-463a-b70b-49f5b7efbd3b@group-19512547B1BE-LeaderElection76] INFO  server.RaftServerConfigKeys (ConfUtils.java:logGet(43)) - raft.server.rpc.sleep.time = 25ms (default)
2019-10-04 14:03:36,244 [228aa06e-06ce-4204-8855-80d551f2c161@group-19512547B1BE-LeaderElection79] INFO  impl.LeaderElection (LeaderElection.java:logAndReturn(56)) - 228aa06e-06ce-4204-8855-80d551f2c161@group-19512547B1BE-LeaderElection79: Election REJECTED; received 0 response(s) [] and 0 exception(s); 228aa06e-06ce-4204-8855-80d551f2c161@group-19512547B1BE:t2, leader=null, voted=228aa06e-06ce-4204-8855-80d551f2c161, raftlog=228aa06e-06ce-4204-8855-80d551f2c161@group-19512547B1BE-SegmentedRaftLog:OPENED:c-1,f-1,i0, conf=-1: [228aa06e-06ce-4204-8855-80d551f2c161:192.168.5.142:40090, 19914a7d-dfbb-463a-b70b-49f5b7efbd3b:192.168.5.142:40655, c837fe61-e49e-43db-b855-d40a2ff7bb03:192.168.5.142:36480], old=null
2019-10-04 14:03:36,244 [19914a7d-dfbb-463a-b70b-49f5b7efbd3b@group-19512547B1BE-LeaderElection76] INFO  server.RaftServerConfigKeys (ConfUtils.java:logGet(43)) - raft.server.write.element-limit = 4096 (default)
2019-10-04 14:03:36,244 [4f0d32d0-8b81-48af-bff0-df3de040520e@group-6783F07A3B9C-LeaderElection77] INFO  server.RaftServerConfigKeys (ConfUtils.java:logGet(43)) - raft.server.write.element-limit = 4096 (default)
2019-10-04 14:03:36,244 [19914a7d-dfbb-463a-b70b-49f5b7efbd3b@group-19512547B1BE-LeaderElection76] INFO  server.RaftServerConfigKeys (ConfUtils.java:logGet(43)) - raft.server.watch.timeout = 10s (default)
2019-10-04 14:03:36,246 [4f0d32d0-8b81-48af-bff0-df3de040520e@group-6783F07A3B9C-LeaderElection77] INFO  server.RaftServerConfigKeys (ConfUtils.java:logGet(43)) - raft.server.watch.timeout = 10s (default)
2019-10-04 14:03:36,246 [19914a7d-dfbb-463a-b70b-49f5b7efbd3b@group-19512547B1BE-LeaderElection76] INFO  server.RaftServerConfigKeys (ConfUtils.java:logGet(43)) - raft.server.watch.timeout.denomination = 1s (default)
2019-10-04 14:03:36,246 [4f0d32d0-8b81-48af-bff0-df3de040520e@group-6783F07A3B9C-LeaderElection77] INFO  server.RaftServerConfigKeys (ConfUtils.java:logGet(43)) - raft.server.watch.timeout.denomination = 1s (default)
2019-10-04 14:03:36,246 [19914a7d-dfbb-463a-b70b-49f5b7efbd3b@group-19512547B1BE-LeaderElection76] INFO  server.RaftServerConfigKeys (ConfUtils.java:logGet(43)) - raft.server.watch.element-limit = 65536 (default)
2019-10-04 14:03:36,246 [4f0d32d0-8b81-48af-bff0-df3de040520e@group-6783F07A3B9C-LeaderElection77] INFO  server.RaftServerConfigKeys (ConfUtils.java:logGet(43)) - raft.server.watch.element-limit = 65536 (default)
2019-10-04 14:03:36,249 [grpc-default-executor-14] INFO  impl.RaftServerImpl (RaftServerImpl.java:setRole(170)) - c837fe61-e49e-43db-b855-d40a2ff7bb03@group-19512547B1BE: changes role from  FOLLOWER to FOLLOWER at term 2 for recognizeCandidate:228aa06e-06ce-4204-8855-80d551f2c161
2019-10-04 14:03:36,249 [grpc-default-executor-14] INFO  impl.RoleInfo (RoleInfo.java:shutdownFollowerState(121)) - c837fe61-e49e-43db-b855-d40a2ff7bb03: shutdown FollowerState
2019-10-04 14:03:36,249 [grpc-default-executor-14] INFO  impl.RoleInfo (RoleInfo.java:updateAndGet(143)) - c837fe61-e49e-43db-b855-d40a2ff7bb03: start FollowerState
2019-10-04 14:03:36,249 [Thread-3140] INFO  impl.FollowerState (FollowerState.java:run(117)) - c837fe61-e49e-43db-b855-d40a2ff7bb03@group-19512547B1BE-FollowerState was interrupted: java.lang.InterruptedException: sleep interrupted
2019-10-04 14:03:36,252 [19914a7d-dfbb-463a-b70b-49f5b7efbd3b@group-19512547B1BE-LeaderElection76] INFO  server.RaftServerConfigKeys (ConfUtils.java:logGet(43)) - raft.server.log.appender.snapshot.chunk.size.max = 16MB (=16777216) (default)
2019-10-04 14:03:36,252 [4f0d32d0-8b81-48af-bff0-df3de040520e@group-6783F07A3B9C-LeaderElection77] INFO  server.RaftServerConfigKeys (ConfUtils.java:logGet(43)) - raft.server.log.appender.snapshot.chunk.size.max = 16MB (=16777216) (default)
2019-10-04 14:03:36,252 [19914a7d-dfbb-463a-b70b-49f5b7efbd3b@group-19512547B1BE-LeaderElection76] INFO  server.RaftServerConfigKeys (ConfUtils.java:logGet(43)) - raft.server.log.appender.buffer.byte-limit = 33554432 (custom)
2019-10-04 14:03:36,252 [4f0d32d0-8b81-48af-bff0-df3de040520e@group-6783F07A3B9C-LeaderElection77] INFO  server.RaftServerConfigKeys (ConfUtils.java:logGet(43)) - raft.server.log.appender.buffer.byte-limit = 33554432 (custom)
2019-10-04 14:03:36,252 [19914a7d-dfbb-463a-b70b-49f5b7efbd3b@group-19512547B1BE-LeaderElection76] INFO  server.RaftServerConfigKeys (ConfUtils.java:logGet(43)) - raft.server.log.appender.buffer.element-limit = 1 (custom)
2019-10-04 14:03:36,252 [4f0d32d0-8b81-48af-bff0-df3de040520e@group-6783F07A3B9C-LeaderElection77] INFO  server.RaftServerConfigKeys (ConfUtils.java:logGet(43)) - raft.server.log.appender.buffer.element-limit = 1 (custom)
2019-10-04 14:03:36,252 [19914a7d-dfbb-463a-b70b-49f5b7efbd3b@group-19512547B1BE-LeaderElection76] INFO  grpc.GrpcConfigKeys$Server (ConfUtils.java:logGet(43)) - raft.grpc.server.leader.outstanding.appends.max = 128 (default)
2019-10-04 14:03:36,252 [4f0d32d0-8b81-48af-bff0-df3de040520e@group-6783F07A3B9C-LeaderElection77] INFO  grpc.GrpcConfigKeys$Server (ConfUtils.java:logGet(43)) - raft.grpc.server.leader.outstanding.appends.max = 128 (default)
2019-10-04 14:03:36,253 [19914a7d-dfbb-463a-b70b-49f5b7efbd3b@group-19512547B1BE-LeaderElection76] INFO  server.RaftServerConfigKeys (ConfUtils.java:logGet(43)) - raft.server.rpc.request.timeout = 3000ms (default)
2019-10-04 14:03:36,253 [4f0d32d0-8b81-48af-bff0-df3de040520e@group-6783F07A3B9C-LeaderElection77] INFO  server.RaftServerConfigKeys (ConfUtils.java:logGet(43)) - raft.server.rpc.request.timeout = 3000ms (default)
2019-10-04 14:03:36,253 [19914a7d-dfbb-463a-b70b-49f5b7efbd3b@group-19512547B1BE-LeaderElection76] INFO  server.RaftServerConfigKeys (ConfUtils.java:logGet(43)) - raft.server.log.appender.install.snapshot.enabled = false (custom)
2019-10-04 14:03:36,253 [4f0d32d0-8b81-48af-bff0-df3de040520e@group-6783F07A3B9C-LeaderElection77] INFO  server.RaftServerConfigKeys (ConfUtils.java:logGet(43)) - raft.server.log.appender.install.snapshot.enabled = false (custom)
2019-10-04 14:03:36,253 [19914a7d-dfbb-463a-b70b-49f5b7efbd3b@group-19512547B1BE-LeaderElection76] INFO  server.RaftServerConfigKeys (ConfUtils.java:logGet(43)) - raft.server.log.appender.snapshot.chunk.size.max = 16MB (=16777216) (default)
2019-10-04 14:03:36,253 [4f0d32d0-8b81-48af-bff0-df3de040520e@group-6783F07A3B9C-LeaderElection77] INFO  server.RaftServerConfigKeys (ConfUtils.java:logGet(43)) - raft.server.log.appender.snapshot.chunk.size.max = 16MB (=16777216) (default)
2019-10-04 14:03:36,253 [19914a7d-dfbb-463a-b70b-49f5b7efbd3b@group-19512547B1BE-LeaderElection76] INFO  server.RaftServerConfigKeys (ConfUtils.java:logGet(43)) - raft.server.log.appender.buffer.byte-limit = 33554432 (custom)
2019-10-04 14:03:36,253 [4f0d32d0-8b81-48af-bff0-df3de040520e@group-6783F07A3B9C-LeaderElection77] INFO  server.RaftServerConfigKeys (ConfUtils.java:logGet(43)) - raft.server.log.appender.buffer.byte-limit = 33554432 (custom)
2019-10-04 14:03:36,253 [19914a7d-dfbb-463a-b70b-49f5b7efbd3b@group-19512547B1BE-LeaderElection76] INFO  server.RaftServerConfigKeys (ConfUtils.java:logGet(43)) - raft.server.log.appender.buffer.element-limit = 1 (custom)
2019-10-04 14:03:36,254 [4f0d32d0-8b81-48af-bff0-df3de040520e@group-6783F07A3B9C-LeaderElection77] INFO  server.RaftServerConfigKeys (ConfUtils.java:logGet(43)) - raft.server.log.appender.buffer.element-limit = 1 (custom)
2019-10-04 14:03:36,254 [19914a7d-dfbb-463a-b70b-49f5b7efbd3b@group-19512547B1BE-LeaderElection76] INFO  grpc.GrpcConfigKeys$Server (ConfUtils.java:logGet(43)) - raft.grpc.server.leader.outstanding.appends.max = 128 (default)
2019-10-04 14:03:36,254 [4f0d32d0-8b81-48af-bff0-df3de040520e@group-6783F07A3B9C-LeaderElection77] INFO  grpc.GrpcConfigKeys$Server (ConfUtils.java:logGet(43)) - raft.grpc.server.leader.outstanding.appends.max = 128 (default)
2019-10-04 14:03:36,254 [19914a7d-dfbb-463a-b70b-49f5b7efbd3b@group-19512547B1BE-LeaderElection76] INFO  server.RaftServerConfigKeys (ConfUtils.java:logGet(43)) - raft.server.rpc.request.timeout = 3000ms (default)
2019-10-04 14:03:36,254 [4f0d32d0-8b81-48af-bff0-df3de040520e@group-6783F07A3B9C-LeaderElection77] INFO  server.RaftServerConfigKeys (ConfUtils.java:logGet(43)) - raft.server.rpc.request.timeout = 3000ms (default)
2019-10-04 14:03:36,254 [19914a7d-dfbb-463a-b70b-49f5b7efbd3b@group-19512547B1BE-LeaderElection76] INFO  server.RaftServerConfigKeys (ConfUtils.java:logGet(43)) - raft.server.log.appender.install.snapshot.enabled = false (custom)
2019-10-04 14:03:36,254 [4f0d32d0-8b81-48af-bff0-df3de040520e@group-6783F07A3B9C-LeaderElection77] INFO  server.RaftServerConfigKeys (ConfUtils.java:logGet(43)) - raft.server.log.appender.install.snapshot.enabled = false (custom)
2019-10-04 14:03:36,254 [19914a7d-dfbb-463a-b70b-49f5b7efbd3b@group-19512547B1BE-LeaderElection76] INFO  impl.RoleInfo (RoleInfo.java:updateAndGet(143)) - 19914a7d-dfbb-463a-b70b-49f5b7efbd3b: start LeaderState
2019-10-04 14:03:36,254 [4f0d32d0-8b81-48af-bff0-df3de040520e@group-6783F07A3B9C-LeaderElection77] INFO  impl.RoleInfo (RoleInfo.java:updateAndGet(143)) - 4f0d32d0-8b81-48af-bff0-df3de040520e: start LeaderState
2019-10-04 14:03:36,254 [19914a7d-dfbb-463a-b70b-49f5b7efbd3b@group-19512547B1BE-LeaderElection76] INFO  segmented.SegmentedRaftLogWorker (SegmentedRaftLogWorker.java:startLogSegment(385)) - 19914a7d-dfbb-463a-b70b-49f5b7efbd3b@group-19512547B1BE-SegmentedRaftLogWorker: Starting segment from index:0
2019-10-04 14:03:36,254 [4f0d32d0-8b81-48af-bff0-df3de040520e@group-6783F07A3B9C-LeaderElection77] INFO  segmented.SegmentedRaftLogWorker (SegmentedRaftLogWorker.java:startLogSegment(385)) - 4f0d32d0-8b81-48af-bff0-df3de040520e@group-6783F07A3B9C-SegmentedRaftLogWorker: Starting segment from index:0
2019-10-04 14:03:36,255 [19914a7d-dfbb-463a-b70b-49f5b7efbd3b@group-19512547B1BE-LeaderElection76] INFO  impl.RaftServerImpl (ServerState.java:setRaftConf(356)) - 19914a7d-dfbb-463a-b70b-49f5b7efbd3b@group-19512547B1BE: set configuration 0: [228aa06e-06ce-4204-8855-80d551f2c161:192.168.5.142:40090, 19914a7d-dfbb-463a-b70b-49f5b7efbd3b:192.168.5.142:40655, c837fe61-e49e-43db-b855-d40a2ff7bb03:192.168.5.142:36480], old=null at 0
2019-10-04 14:03:36,256 [4f0d32d0-8b81-48af-bff0-df3de040520e@group-6783F07A3B9C-LeaderElection77] INFO  impl.RaftServerImpl (ServerState.java:setRaftConf(356)) - 4f0d32d0-8b81-48af-bff0-df3de040520e@group-6783F07A3B9C: set configuration 0: [4f0d32d0-8b81-48af-bff0-df3de040520e:192.168.5.142:37852, 4b936257-ae70-49d0-a2b9-62c8e68e72da:192.168.5.142:39633, 2eb9c693-8c7a-498f-9bb2-9f02bd340f6f:192.168.5.142:38526], old=null at 0
2019-10-04 14:03:36,284 [grpc-default-executor-13] INFO  impl.RaftServerImpl (ServerState.java:setLeader(255)) - 19914a7d-dfbb-463a-b70b-49f5b7efbd3b@group-19512547B1BE: change Leader from 19914a7d-dfbb-463a-b70b-49f5b7efbd3b to null at term 2 for updateCurrentTerm
2019-10-04 14:03:36,285 [grpc-default-executor-13] INFO  impl.RaftServerImpl (RaftServerImpl.java:setRole(170)) - 19914a7d-dfbb-463a-b70b-49f5b7efbd3b@group-19512547B1BE: changes role from    LEADER to FOLLOWER at term 2 for recognizeCandidate:228aa06e-06ce-4204-8855-80d551f2c161
2019-10-04 14:03:36,285 [grpc-default-executor-10] INFO  impl.RaftServerImpl (RaftServerImpl.java:requestVote(754)) - 4f0d32d0-8b81-48af-bff0-df3de040520e@group-6783F07A3B9C-   LEADER: Withhold vote from candidate 2eb9c693-8c7a-498f-9bb2-9f02bd340f6f with term 1. State: leader=4f0d32d0-8b81-48af-bff0-df3de040520e, term=1, lastRpcElapsed=null
2019-10-04 14:03:36,285 [grpc-default-executor-13] INFO  impl.RoleInfo (RoleInfo.java:shutdownLeaderState(104)) - 19914a7d-dfbb-463a-b70b-49f5b7efbd3b: shutdown LeaderState
2019-10-04 14:03:36,289 [org.apache.ratis.server.impl.LogAppender$AppenderDaemon$$Lambda$521/932182640@1bde0e08] WARN  server.GrpcLogAppender (GrpcLogAppender.java:mayWait(143)) - 19914a7d-dfbb-463a-b70b-49f5b7efbd3b@group-19512547B1BE->c837fe61-e49e-43db-b855-d40a2ff7bb03-GrpcLogAppender: Wait interrupted by java.lang.InterruptedException
2019-10-04 14:03:36,289 [grpc-default-executor-13] INFO  impl.PendingRequests (PendingRequests.java:sendNotLeaderResponses(202)) - 19914a7d-dfbb-463a-b70b-49f5b7efbd3b@group-19512547B1BE-PendingRequests: sendNotLeaderResponses
2019-10-04 14:03:36,289 [grpc-default-executor-9] INFO  impl.RaftServerImpl (RaftServerImpl.java:setRole(170)) - 2eb9c693-8c7a-498f-9bb2-9f02bd340f6f@group-6783F07A3B9C: changes role from CANDIDATE to FOLLOWER at term 1 for appendEntries
2019-10-04 14:03:36,289 [grpc-default-executor-1] INFO  server.GrpcServerProtocolService (GrpcServerProtocolService.java:onCompleted(113)) - c837fe61-e49e-43db-b855-d40a2ff7bb03: Completed APPEND_ENTRIES, lastRequest: 19914a7d-dfbb-463a-b70b-49f5b7efbd3b->c837fe61-e49e-43db-b855-d40a2ff7bb03#0-t1, previous=(t:0, i:0), leaderCommit=-1, initializing? false, entries: <empty>
2019-10-04 14:03:36,290 [grpc-default-executor-13] INFO  impl.RoleInfo (RoleInfo.java:updateAndGet(143)) - 19914a7d-dfbb-463a-b70b-49f5b7efbd3b: start FollowerState
2019-10-04 14:03:36,289 [org.apache.ratis.server.impl.LogAppender$AppenderDaemon$$Lambda$521/932182640@1e907a43] WARN  server.GrpcLogAppender (GrpcLogAppender.java:mayWait(143)) - 19914a7d-dfbb-463a-b70b-49f5b7efbd3b@group-19512547B1BE->228aa06e-06ce-4204-8855-80d551f2c161-GrpcLogAppender: Wait interrupted by java.lang.InterruptedException
2019-10-04 14:03:36,290 [grpc-default-executor-1] INFO  impl.RaftServerImpl (ServerState.java:setLeader(255)) - 4b936257-ae70-49d0-a2b9-62c8e68e72da@group-6783F07A3B9C: change Leader from null to 4f0d32d0-8b81-48af-bff0-df3de040520e at term 1 for appendEntries, leader elected after 5234ms
2019-10-04 14:03:36,290 [grpc-default-executor-9] INFO  impl.RoleInfo (RoleInfo.java:shutdownLeaderElection(134)) - 2eb9c693-8c7a-498f-9bb2-9f02bd340f6f: shutdown LeaderElection
2019-10-04 14:03:36,290 [2eb9c693-8c7a-498f-9bb2-9f02bd340f6f@group-6783F07A3B9C-LeaderElection78] INFO  impl.LeaderElection (LeaderElection.java:logAndReturn(56)) - 2eb9c693-8c7a-498f-9bb2-9f02bd340f6f@group-6783F07A3B9C-LeaderElection78: Election REJECTED; received 2 response(s) [2eb9c693-8c7a-498f-9bb2-9f02bd340f6f<-4f0d32d0-8b81-48af-bff0-df3de040520e#0:FAIL-t1, 2eb9c693-8c7a-498f-9bb2-9f02bd340f6f<-4b936257-ae70-49d0-a2b9-62c8e68e72da#0:FAIL-t1] and 0 exception(s); 2eb9c693-8c7a-498f-9bb2-9f02bd340f6f@group-6783F07A3B9C:t1, leader=null, voted=2eb9c693-8c7a-498f-9bb2-9f02bd340f6f, raftlog=2eb9c693-8c7a-498f-9bb2-9f02bd340f6f@group-6783F07A3B9C-SegmentedRaftLog:OPENED:c-1,f-1,i0, conf=-1: [4f0d32d0-8b81-48af-bff0-df3de040520e:192.168.5.142:37852, 4b936257-ae70-49d0-a2b9-62c8e68e72da:192.168.5.142:39633, 2eb9c693-8c7a-498f-9bb2-9f02bd340f6f:192.168.5.142:38526], old=null
2019-10-04 14:03:36,290 [grpc-default-executor-10] INFO  server.GrpcServerProtocolService (GrpcServerProtocolService.java:onCompleted(113)) - 228aa06e-06ce-4204-8855-80d551f2c161: Completed APPEND_ENTRIES, lastRequest: 19914a7d-dfbb-463a-b70b-49f5b7efbd3b->228aa06e-06ce-4204-8855-80d551f2c161#0-t1, previous=(t:0, i:0), leaderCommit=-1, initializing? false, entries: <empty>
2019-10-04 14:03:36,291 [19914a7d-dfbb-463a-b70b-49f5b7efbd3b@group-19512547B1BE-SegmentedRaftLogWorker] INFO  segmented.SegmentedRaftLogWorker (SegmentedRaftLogWorker.java:execute(574)) - 19914a7d-dfbb-463a-b70b-49f5b7efbd3b@group-19512547B1BE-SegmentedRaftLogWorker: created new log segment /workdir/hadoop-ozone/integration-test/target/test-dir/MiniOzoneClusterImpl-a706a60c-ed98-4f98-a126-279d51990bf3/datanode-2/data/ratis/8035938a-1a88-48e7-8378-19512547b1be/current/log_inprogress_0
2019-10-04 14:03:36,290 [4f0d32d0-8b81-48af-bff0-df3de040520e@group-6783F07A3B9C-SegmentedRaftLogWorker] INFO  segmented.SegmentedRaftLogWorker (SegmentedRaftLogWorker.java:execute(574)) - 4f0d32d0-8b81-48af-bff0-df3de040520e@group-6783F07A3B9C-SegmentedRaftLogWorker: created new log segment /workdir/hadoop-ozone/integration-test/target/test-dir/MiniOzoneClusterImpl-a706a60c-ed98-4f98-a126-279d51990bf3/datanode-4/data/ratis/ce0e5f59-f76c-4046-97e7-6783f07a3b9c/current/log_inprogress_0
2019-10-04 14:03:36,290 [grpc-default-executor-9] INFO  impl.RoleInfo (RoleInfo.java:updateAndGet(143)) - 2eb9c693-8c7a-498f-9bb2-9f02bd340f6f: start FollowerState
2019-10-04 14:03:36,293 [grpc-default-executor-14] INFO  server.GrpcLogAppender (GrpcLogAppender.java:onCompleted(293)) - 19914a7d-dfbb-463a-b70b-49f5b7efbd3b@group-19512547B1BE->c837fe61-e49e-43db-b855-d40a2ff7bb03-AppendLogResponseHandler: follower responses appendEntries COMPLETED
2019-10-04 14:03:36,304 [grpc-default-executor-9] INFO  impl.RaftServerImpl (ServerState.java:setLeader(255)) - 2eb9c693-8c7a-498f-9bb2-9f02bd340f6f@group-6783F07A3B9C: change Leader from null to 4f0d32d0-8b81-48af-bff0-df3de040520e at term 1 for appendEntries, leader elected after 5248ms
2019-10-04 14:03:36,304 [grpc-default-executor-17] INFO  server.GrpcLogAppender (GrpcLogAppender.java:onCompleted(293)) - 19914a7d-dfbb-463a-b70b-49f5b7efbd3b@group-19512547B1BE->228aa06e-06ce-4204-8855-80d551f2c161-AppendLogResponseHandler: follower responses appendEntries COMPLETED
2019-10-04 14:03:36,305 [grpc-default-executor-14] INFO  impl.FollowerInfo (FollowerInfo.java:lambda$new$0(51)) - 19914a7d-dfbb-463a-b70b-49f5b7efbd3b@group-19512547B1BE->c837fe61-e49e-43db-b855-d40a2ff7bb03: nextIndex: updateUnconditionally 0 -> 0
2019-10-04 14:03:36,316 [grpc-default-executor-17] INFO  impl.FollowerInfo (FollowerInfo.java:lambda$new$0(51)) - 19914a7d-dfbb-463a-b70b-49f5b7efbd3b@group-19512547B1BE->228aa06e-06ce-4204-8855-80d551f2c161: nextIndex: updateUnconditionally 0 -> 0
2019-10-04 14:03:36,316 [grpc-default-executor-14] INFO  impl.RaftServerImpl (ServerState.java:setRaftConf(356)) - 4b936257-ae70-49d0-a2b9-62c8e68e72da@group-6783F07A3B9C: set configuration 0: [4f0d32d0-8b81-48af-bff0-df3de040520e:192.168.5.142:37852, 4b936257-ae70-49d0-a2b9-62c8e68e72da:192.168.5.142:39633, 2eb9c693-8c7a-498f-9bb2-9f02bd340f6f:192.168.5.142:38526], old=null at 0
2019-10-04 14:03:36,317 [grpc-default-executor-14] INFO  segmented.SegmentedRaftLogWorker (SegmentedRaftLogWorker.java:startLogSegment(385)) - 4b936257-ae70-49d0-a2b9-62c8e68e72da@group-6783F07A3B9C-SegmentedRaftLogWorker: Starting segment from index:0
2019-10-04 14:03:36,325 [grpc-default-executor-12] INFO  impl.RaftServerImpl (ServerState.java:setRaftConf(356)) - 2eb9c693-8c7a-498f-9bb2-9f02bd340f6f@group-6783F07A3B9C: set configuration 0: [4f0d32d0-8b81-48af-bff0-df3de040520e:192.168.5.142:37852, 4b936257-ae70-49d0-a2b9-62c8e68e72da:192.168.5.142:39633, 2eb9c693-8c7a-498f-9bb2-9f02bd340f6f:192.168.5.142:38526], old=null at 0
2019-10-04 14:03:36,325 [grpc-default-executor-12] INFO  segmented.SegmentedRaftLogWorker (SegmentedRaftLogWorker.java:startLogSegment(385)) - 2eb9c693-8c7a-498f-9bb2-9f02bd340f6f@group-6783F07A3B9C-SegmentedRaftLogWorker: Starting segment from index:0
2019-10-04 14:03:36,365 [4b936257-ae70-49d0-a2b9-62c8e68e72da@group-6783F07A3B9C-SegmentedRaftLogWorker] INFO  segmented.SegmentedRaftLogWorker (SegmentedRaftLogWorker.java:execute(574)) - 4b936257-ae70-49d0-a2b9-62c8e68e72da@group-6783F07A3B9C-SegmentedRaftLogWorker: created new log segment /workdir/hadoop-ozone/integration-test/target/test-dir/MiniOzoneClusterImpl-a706a60c-ed98-4f98-a126-279d51990bf3/datanode-1/data/ratis/ce0e5f59-f76c-4046-97e7-6783f07a3b9c/current/log_inprogress_0
2019-10-04 14:03:36,365 [2eb9c693-8c7a-498f-9bb2-9f02bd340f6f@group-6783F07A3B9C-SegmentedRaftLogWorker] INFO  segmented.SegmentedRaftLogWorker (SegmentedRaftLogWorker.java:execute(574)) - 2eb9c693-8c7a-498f-9bb2-9f02bd340f6f@group-6783F07A3B9C-SegmentedRaftLogWorker: created new log segment /workdir/hadoop-ozone/integration-test/target/test-dir/MiniOzoneClusterImpl-a706a60c-ed98-4f98-a126-279d51990bf3/datanode-3/data/ratis/ce0e5f59-f76c-4046-97e7-6783f07a3b9c/current/log_inprogress_0
2019-10-04 14:03:38,484 [Datanode State Machine Thread - 0] INFO  statemachine.DatanodeStateMachine (DatanodeStateMachine.java:lambda$startDaemon$0(350)) - Ozone container server started.
2019-10-04 14:03:41,229 [Thread-3139] INFO  impl.FollowerState (FollowerState.java:run(108)) - 228aa06e-06ce-4204-8855-80d551f2c161@group-19512547B1BE-FollowerState: change to CANDIDATE, lastRpcTime:5014ms, electionTimeout:5012ms
2019-10-04 14:03:41,229 [Thread-3139] INFO  impl.RoleInfo (RoleInfo.java:shutdownFollowerState(121)) - 228aa06e-06ce-4204-8855-80d551f2c161: shutdown FollowerState
2019-10-04 14:03:41,229 [Thread-3139] INFO  impl.RaftServerImpl (RaftServerImpl.java:setRole(170)) - 228aa06e-06ce-4204-8855-80d551f2c161@group-19512547B1BE: changes role from  FOLLOWER to CANDIDATE at term 2 for changeToCandidate
2019-10-04 14:03:41,230 [Thread-3139] INFO  impl.RoleInfo (RoleInfo.java:updateAndGet(143)) - 228aa06e-06ce-4204-8855-80d551f2c161: start LeaderElection
2019-10-04 14:03:41,249 [228aa06e-06ce-4204-8855-80d551f2c161@group-19512547B1BE-LeaderElection80] INFO  impl.LeaderElection (LeaderElection.java:askForVotes(178)) - 228aa06e-06ce-4204-8855-80d551f2c161@group-19512547B1BE-LeaderElection80: begin an election at term 3 for -1: [228aa06e-06ce-4204-8855-80d551f2c161:192.168.5.142:40090, 19914a7d-dfbb-463a-b70b-49f5b7efbd3b:192.168.5.142:40655, c837fe61-e49e-43db-b855-d40a2ff7bb03:192.168.5.142:36480], old=null
2019-10-04 14:03:41,253 [grpc-default-executor-14] INFO  impl.RaftServerImpl (RaftServerImpl.java:setRole(170)) - c837fe61-e49e-43db-b855-d40a2ff7bb03@group-19512547B1BE: changes role from  FOLLOWER to FOLLOWER at term 3 for recognizeCandidate:228aa06e-06ce-4204-8855-80d551f2c161
2019-10-04 14:03:41,253 [grpc-default-executor-12] INFO  impl.RaftServerImpl (RaftServerImpl.java:setRole(170)) - 19914a7d-dfbb-463a-b70b-49f5b7efbd3b@group-19512547B1BE: changes role from  FOLLOWER to FOLLOWER at term 3 for recognizeCandidate:228aa06e-06ce-4204-8855-80d551f2c161
2019-10-04 14:03:41,253 [grpc-default-executor-14] INFO  impl.RoleInfo (RoleInfo.java:shutdownFollowerState(121)) - c837fe61-e49e-43db-b855-d40a2ff7bb03: shutdown FollowerState
2019-10-04 14:03:41,253 [grpc-default-executor-12] INFO  impl.RoleInfo (RoleInfo.java:shutdownFollowerState(121)) - 19914a7d-dfbb-463a-b70b-49f5b7efbd3b: shutdown FollowerState
2019-10-04 14:03:41,253 [grpc-default-executor-14] INFO  impl.RoleInfo (RoleInfo.java:updateAndGet(143)) - c837fe61-e49e-43db-b855-d40a2ff7bb03: start FollowerState
2019-10-04 14:03:41,254 [Thread-3157] INFO  impl.FollowerState (FollowerState.java:run(117)) - 19914a7d-dfbb-463a-b70b-49f5b7efbd3b@group-19512547B1BE-FollowerState was interrupted: java.lang.InterruptedException: sleep interrupted
2019-10-04 14:03:41,254 [grpc-default-executor-12] INFO  impl.RoleInfo (RoleInfo.java:updateAndGet(143)) - 19914a7d-dfbb-463a-b70b-49f5b7efbd3b: start FollowerState
2019-10-04 14:03:41,254 [Thread-3147] INFO  impl.FollowerState (FollowerState.java:run(117)) - c837fe61-e49e-43db-b855-d40a2ff7bb03@group-19512547B1BE-FollowerState was interrupted: java.lang.InterruptedException: sleep interrupted
2019-10-04 14:03:41,273 [228aa06e-06ce-4204-8855-80d551f2c161@group-19512547B1BE-LeaderElection80] INFO  impl.LeaderElection (LeaderElection.java:logAndReturn(56)) - 228aa06e-06ce-4204-8855-80d551f2c161@group-19512547B1BE-LeaderElection80: Election PASSED; received 1 response(s) [228aa06e-06ce-4204-8855-80d551f2c161<-c837fe61-e49e-43db-b855-d40a2ff7bb03#0:OK-t3] and 0 exception(s); 228aa06e-06ce-4204-8855-80d551f2c161@group-19512547B1BE:t3, leader=null, voted=228aa06e-06ce-4204-8855-80d551f2c161, raftlog=228aa06e-06ce-4204-8855-80d551f2c161@group-19512547B1BE-SegmentedRaftLog:OPENED:c-1,f-1,i0, conf=-1: [228aa06e-06ce-4204-8855-80d551f2c161:192.168.5.142:40090, 19914a7d-dfbb-463a-b70b-49f5b7efbd3b:192.168.5.142:40655, c837fe61-e49e-43db-b855-d40a2ff7bb03:192.168.5.142:36480], old=null
2019-10-04 14:03:41,273 [228aa06e-06ce-4204-8855-80d551f2c161@group-19512547B1BE-LeaderElection80] INFO  impl.RoleInfo (RoleInfo.java:shutdownLeaderElection(134)) - 228aa06e-06ce-4204-8855-80d551f2c161: shutdown LeaderElection
2019-10-04 14:03:41,273 [228aa06e-06ce-4204-8855-80d551f2c161@group-19512547B1BE-LeaderElection80] INFO  impl.RaftServerImpl (RaftServerImpl.java:setRole(170)) - 228aa06e-06ce-4204-8855-80d551f2c161@group-19512547B1BE: changes role from CANDIDATE to LEADER at term 3 for changeToLeader
2019-10-04 14:03:41,273 [228aa06e-06ce-4204-8855-80d551f2c161@group-19512547B1BE-LeaderElection80] INFO  impl.RaftServerImpl (ServerState.java:setLeader(255)) - 228aa06e-06ce-4204-8855-80d551f2c161@group-19512547B1BE: change Leader from null to 228aa06e-06ce-4204-8855-80d551f2c161 at term 3 for becomeLeader, leader elected after 10150ms
2019-10-04 14:03:41,273 [228aa06e-06ce-4204-8855-80d551f2c161@group-19512547B1BE-LeaderElection80] INFO  server.RaftServerConfigKeys (ConfUtils.java:logGet(43)) - raft.server.staging.catchup.gap = 1000 (default)
2019-10-04 14:03:41,274 [228aa06e-06ce-4204-8855-80d551f2c161@group-19512547B1BE-LeaderElection80] INFO  server.RaftServerConfigKeys (ConfUtils.java:logGet(43)) - raft.server.rpc.sleep.time = 25ms (default)
2019-10-04 14:03:41,274 [228aa06e-06ce-4204-8855-80d551f2c161@group-19512547B1BE-LeaderElection80] INFO  server.RaftServerConfigKeys (ConfUtils.java:logGet(43)) - raft.server.write.element-limit = 4096 (default)
2019-10-04 14:03:41,274 [228aa06e-06ce-4204-8855-80d551f2c161@group-19512547B1BE-LeaderElection80] INFO  server.RaftServerConfigKeys (ConfUtils.java:logGet(43)) - raft.server.watch.timeout = 10s (default)
2019-10-04 14:03:41,274 [228aa06e-06ce-4204-8855-80d551f2c161@group-19512547B1BE-LeaderElection80] INFO  server.RaftServerConfigKeys (ConfUtils.java:logGet(43)) - raft.server.watch.timeout.denomination = 1s (default)
2019-10-04 14:03:41,274 [228aa06e-06ce-4204-8855-80d551f2c161@group-19512547B1BE-LeaderElection80] INFO  server.RaftServerConfigKeys (ConfUtils.java:logGet(43)) - raft.server.watch.element-limit = 65536 (default)
2019-10-04 14:03:41,276 [228aa06e-06ce-4204-8855-80d551f2c161@group-19512547B1BE-LeaderElection80] INFO  server.RaftServerConfigKeys (ConfUtils.java:logGet(43)) - raft.server.log.appender.snapshot.chunk.size.max = 16MB (=16777216) (default)
2019-10-04 14:03:41,277 [228aa06e-06ce-4204-8855-80d551f2c161@group-19512547B1BE-LeaderElection80] INFO  server.RaftServerConfigKeys (ConfUtils.java:logGet(43)) - raft.server.log.appender.buffer.byte-limit = 33554432 (custom)
2019-10-04 14:03:41,277 [228aa06e-06ce-4204-8855-80d551f2c161@group-19512547B1BE-LeaderElection80] INFO  server.RaftServerConfigKeys (ConfUtils.java:logGet(43)) - raft.server.log.appender.buffer.element-limit = 1 (custom)
2019-10-04 14:03:41,277 [228aa06e-06ce-4204-8855-80d551f2c161@group-19512547B1BE-LeaderElection80] INFO  grpc.GrpcConfigKeys$Server (ConfUtils.java:logGet(43)) - raft.grpc.server.leader.outstanding.appends.max = 128 (default)
2019-10-04 14:03:41,277 [228aa06e-06ce-4204-8855-80d551f2c161@group-19512547B1BE-LeaderElection80] INFO  server.RaftServerConfigKeys (ConfUtils.java:logGet(43)) - raft.server.rpc.request.timeout = 3000ms (default)
2019-10-04 14:03:41,277 [228aa06e-06ce-4204-8855-80d551f2c161@group-19512547B1BE-LeaderElection80] INFO  server.RaftServerConfigKeys (ConfUtils.java:logGet(43)) - raft.server.log.appender.install.snapshot.enabled = false (custom)
2019-10-04 14:03:41,277 [228aa06e-06ce-4204-8855-80d551f2c161@group-19512547B1BE-LeaderElection80] INFO  server.RaftServerConfigKeys (ConfUtils.java:logGet(43)) - raft.server.log.appender.snapshot.chunk.size.max = 16MB (=16777216) (default)
2019-10-04 14:03:41,277 [228aa06e-06ce-4204-8855-80d551f2c161@group-19512547B1BE-LeaderElection80] INFO  server.RaftServerConfigKeys (ConfUtils.java:logGet(43)) - raft.server.log.appender.buffer.byte-limit = 33554432 (custom)
2019-10-04 14:03:41,277 [228aa06e-06ce-4204-8855-80d551f2c161@group-19512547B1BE-LeaderElection80] INFO  server.RaftServerConfigKeys (ConfUtils.java:logGet(43)) - raft.server.log.appender.buffer.element-limit = 1 (custom)
2019-10-04 14:03:41,278 [228aa06e-06ce-4204-8855-80d551f2c161@group-19512547B1BE-LeaderElection80] INFO  grpc.GrpcConfigKeys$Server (ConfUtils.java:logGet(43)) - raft.grpc.server.leader.outstanding.appends.max = 128 (default)
2019-10-04 14:03:41,278 [228aa06e-06ce-4204-8855-80d551f2c161@group-19512547B1BE-LeaderElection80] INFO  server.RaftServerConfigKeys (ConfUtils.java:logGet(43)) - raft.server.rpc.request.timeout = 3000ms (default)
2019-10-04 14:03:41,278 [228aa06e-06ce-4204-8855-80d551f2c161@group-19512547B1BE-LeaderElection80] INFO  server.RaftServerConfigKeys (ConfUtils.java:logGet(43)) - raft.server.log.appender.install.snapshot.enabled = false (custom)
2019-10-04 14:03:41,278 [228aa06e-06ce-4204-8855-80d551f2c161@group-19512547B1BE-LeaderElection80] INFO  impl.RoleInfo (RoleInfo.java:updateAndGet(143)) - 228aa06e-06ce-4204-8855-80d551f2c161: start LeaderState
2019-10-04 14:03:41,278 [228aa06e-06ce-4204-8855-80d551f2c161@group-19512547B1BE-LeaderElection80] INFO  segmented.SegmentedRaftLogWorker (SegmentedRaftLogWorker.java:startLogSegment(385)) - 228aa06e-06ce-4204-8855-80d551f2c161@group-19512547B1BE-SegmentedRaftLogWorker: Starting segment from index:0
2019-10-04 14:03:41,279 [228aa06e-06ce-4204-8855-80d551f2c161@group-19512547B1BE-LeaderElection80] INFO  impl.RaftServerImpl (ServerState.java:setRaftConf(356)) - 228aa06e-06ce-4204-8855-80d551f2c161@group-19512547B1BE: set configuration 0: [228aa06e-06ce-4204-8855-80d551f2c161:192.168.5.142:40090, 19914a7d-dfbb-463a-b70b-49f5b7efbd3b:192.168.5.142:40655, c837fe61-e49e-43db-b855-d40a2ff7bb03:192.168.5.142:36480], old=null at 0
2019-10-04 14:03:41,280 [grpc-default-executor-14] INFO  impl.RaftServerImpl (ServerState.java:setLeader(255)) - 19914a7d-dfbb-463a-b70b-49f5b7efbd3b@group-19512547B1BE: change Leader from null to 228aa06e-06ce-4204-8855-80d551f2c161 at term 3 for appendEntries, leader elected after 4996ms
2019-10-04 14:03:41,312 [grpc-default-executor-12] INFO  impl.RaftServerImpl (ServerState.java:setLeader(255)) - c837fe61-e49e-43db-b855-d40a2ff7bb03@group-19512547B1BE: change Leader from null to 228aa06e-06ce-4204-8855-80d551f2c161 at term 3 for appendEntries, leader elected after 10157ms
2019-10-04 14:03:41,314 [grpc-default-executor-12] INFO  impl.RaftServerImpl (ServerState.java:setRaftConf(356)) - 19914a7d-dfbb-463a-b70b-49f5b7efbd3b@group-19512547B1BE: set configuration 0: [228aa06e-06ce-4204-8855-80d551f2c161:192.168.5.142:40090, 19914a7d-dfbb-463a-b70b-49f5b7efbd3b:192.168.5.142:40655, c837fe61-e49e-43db-b855-d40a2ff7bb03:192.168.5.142:36480], old=null at 0
2019-10-04 14:03:41,314 [grpc-default-executor-14] INFO  impl.RaftServerImpl (ServerState.java:setRaftConf(356)) - c837fe61-e49e-43db-b855-d40a2ff7bb03@group-19512547B1BE: set configuration 0: [228aa06e-06ce-4204-8855-80d551f2c161:192.168.5.142:40090, 19914a7d-dfbb-463a-b70b-49f5b7efbd3b:192.168.5.142:40655, c837fe61-e49e-43db-b855-d40a2ff7bb03:192.168.5.142:36480], old=null at 0
2019-10-04 14:03:41,314 [grpc-default-executor-12] INFO  segmented.SegmentedRaftLogWorker (SegmentedRaftLogWorker.java:truncate(401)) - 19914a7d-dfbb-463a-b70b-49f5b7efbd3b@group-19512547B1BE-SegmentedRaftLogWorker: Truncating segments toTruncate: null
  toDelete: [(0, 0) isOpen? true, length=0, newEndIndex=-1], start index 0
2019-10-04 14:03:41,314 [grpc-default-executor-14] INFO  segmented.SegmentedRaftLogWorker (SegmentedRaftLogWorker.java:startLogSegment(385)) - c837fe61-e49e-43db-b855-d40a2ff7bb03@group-19512547B1BE-SegmentedRaftLogWorker: Starting segment from index:0
2019-10-04 14:03:41,315 [grpc-default-executor-12] INFO  segmented.SegmentedRaftLogWorker (SegmentedRaftLogWorker.java:startLogSegment(385)) - 19914a7d-dfbb-463a-b70b-49f5b7efbd3b@group-19512547B1BE-SegmentedRaftLogWorker: Starting segment from index:0
2019-10-04 14:03:41,315 [19914a7d-dfbb-463a-b70b-49f5b7efbd3b@group-19512547B1BE-SegmentedRaftLogWorker] INFO  segmented.SegmentedRaftLogWorker (SegmentedRaftLogWorker.java:execute(638)) - 19914a7d-dfbb-463a-b70b-49f5b7efbd3b@group-19512547B1BE-SegmentedRaftLogWorker: Deleted log file /workdir/hadoop-ozone/integration-test/target/test-dir/MiniOzoneClusterImpl-a706a60c-ed98-4f98-a126-279d51990bf3/datanode-2/data/ratis/8035938a-1a88-48e7-8378-19512547b1be/current/log_inprogress_0
2019-10-04 14:03:41,315 [19914a7d-dfbb-463a-b70b-49f5b7efbd3b@group-19512547B1BE-SegmentedRaftLogWorker] INFO  segmented.SegmentedRaftLogWorker (SegmentedRaftLogWorker.java:lambda$new$0(128)) - 19914a7d-dfbb-463a-b70b-49f5b7efbd3b@group-19512547B1BE-SegmentedRaftLogWorker: flushIndex: setUnconditionally 0 -> -1
2019-10-04 14:03:41,324 [228aa06e-06ce-4204-8855-80d551f2c161@group-19512547B1BE-SegmentedRaftLogWorker] INFO  segmented.SegmentedRaftLogWorker (SegmentedRaftLogWorker.java:execute(574)) - 228aa06e-06ce-4204-8855-80d551f2c161@group-19512547B1BE-SegmentedRaftLogWorker: created new log segment /workdir/hadoop-ozone/integration-test/target/test-dir/MiniOzoneClusterImpl-a706a60c-ed98-4f98-a126-279d51990bf3/datanode-0/data/ratis/8035938a-1a88-48e7-8378-19512547b1be/current/log_inprogress_0
2019-10-04 14:03:41,356 [19914a7d-dfbb-463a-b70b-49f5b7efbd3b@group-19512547B1BE-SegmentedRaftLogWorker] INFO  segmented.SegmentedRaftLogWorker (SegmentedRaftLogWorker.java:execute(574)) - 19914a7d-dfbb-463a-b70b-49f5b7efbd3b@group-19512547B1BE-SegmentedRaftLogWorker: created new log segment /workdir/hadoop-ozone/integration-test/target/test-dir/MiniOzoneClusterImpl-a706a60c-ed98-4f98-a126-279d51990bf3/datanode-2/data/ratis/8035938a-1a88-48e7-8378-19512547b1be/current/log_inprogress_0
2019-10-04 14:03:41,371 [c837fe61-e49e-43db-b855-d40a2ff7bb03@group-19512547B1BE-SegmentedRaftLogWorker] INFO  segmented.SegmentedRaftLogWorker (SegmentedRaftLogWorker.java:execute(574)) - c837fe61-e49e-43db-b855-d40a2ff7bb03@group-19512547B1BE-SegmentedRaftLogWorker: created new log segment /workdir/hadoop-ozone/integration-test/target/test-dir/MiniOzoneClusterImpl-a706a60c-ed98-4f98-a126-279d51990bf3/datanode-6/data/ratis/8035938a-1a88-48e7-8378-19512547b1be/current/log_inprogress_0
2019-10-04 14:03:42,559 [EventQueue-StaleNodeForStaleNodeHandler] INFO  node.StaleNodeHandler (StaleNodeHandler.java:onMessage(58)) - Datanode 4f0d32d0-8b81-48af-bff0-df3de040520e{ip: 192.168.5.142, host: pr-hdds-2204-d78b8-1674338442, networkLocation: /default-rack, certSerialId: null} moved to stale state. Finalizing its pipelines [PipelineID=97311917-7833-4ac4-a99c-1212a9d7b753, PipelineID=ce0e5f59-f76c-4046-97e7-6783f07a3b9c]
2019-10-04 14:03:42,560 [EventQueue-StaleNodeForStaleNodeHandler] INFO  pipeline.SCMPipelineManager (SCMPipelineManager.java:finalizeAndDestroyPipeline(315)) - destroying pipeline:Pipeline[ Id: 97311917-7833-4ac4-a99c-1212a9d7b753, Nodes: 4f0d32d0-8b81-48af-bff0-df3de040520e{ip: 192.168.5.142, host: pr-hdds-2204-d78b8-1674338442, networkLocation: /default-rack, certSerialId: null}, Type:RATIS, Factor:ONE, State:OPEN]
2019-10-04 14:03:42,560 [EventQueue-StaleNodeForStaleNodeHandler] INFO  pipeline.PipelineStateManager (PipelineStateManager.java:finalizePipeline(123)) - Pipeline Pipeline[ Id: 97311917-7833-4ac4-a99c-1212a9d7b753, Nodes: 4f0d32d0-8b81-48af-bff0-df3de040520e{ip: 192.168.5.142, host: pr-hdds-2204-d78b8-1674338442, networkLocation: /default-rack, certSerialId: null}, Type:RATIS, Factor:ONE, State:CLOSED] moved to CLOSED state
2019-10-04 14:03:42,560 [EventQueue-StaleNodeForStaleNodeHandler] INFO  pipeline.SCMPipelineManager (SCMPipelineManager.java:finalizeAndDestroyPipeline(315)) - destroying pipeline:Pipeline[ Id: ce0e5f59-f76c-4046-97e7-6783f07a3b9c, Nodes: 4f0d32d0-8b81-48af-bff0-df3de040520e{ip: 192.168.5.142, host: pr-hdds-2204-d78b8-1674338442, networkLocation: /default-rack, certSerialId: null}4b936257-ae70-49d0-a2b9-62c8e68e72da{ip: 192.168.5.142, host: pr-hdds-2204-d78b8-1674338442, networkLocation: /default-rack, certSerialId: null}2eb9c693-8c7a-498f-9bb2-9f02bd340f6f{ip: 192.168.5.142, host: pr-hdds-2204-d78b8-1674338442, networkLocation: /default-rack, certSerialId: null}, Type:RATIS, Factor:THREE, State:OPEN]
2019-10-04 14:03:42,560 [EventQueue-StaleNodeForStaleNodeHandler] INFO  pipeline.PipelineStateManager (PipelineStateManager.java:finalizePipeline(123)) - Pipeline Pipeline[ Id: ce0e5f59-f76c-4046-97e7-6783f07a3b9c, Nodes: 4f0d32d0-8b81-48af-bff0-df3de040520e{ip: 192.168.5.142, host: pr-hdds-2204-d78b8-1674338442, networkLocation: /default-rack, certSerialId: null}4b936257-ae70-49d0-a2b9-62c8e68e72da{ip: 192.168.5.142, host: pr-hdds-2204-d78b8-1674338442, networkLocation: /default-rack, certSerialId: null}2eb9c693-8c7a-498f-9bb2-9f02bd340f6f{ip: 192.168.5.142, host: pr-hdds-2204-d78b8-1674338442, networkLocation: /default-rack, certSerialId: null}, Type:RATIS, Factor:THREE, State:CLOSED] moved to CLOSED state
2019-10-04 14:03:42,560 [EventQueue-CloseContainerForCloseContainerEventHandler] INFO  container.CloseContainerEventHandler (CloseContainerEventHandler.java:onMessage(61)) - Close container Event triggered for container : #1
2019-10-04 14:03:42,654 [main] INFO  ozoneimpl.OzoneContainer (OzoneContainer.java:stop(231)) - Attempting to stop container services.
2019-10-04 14:03:42,657 [main] INFO  impl.RaftServerProxy (RaftServerProxy.java:lambda$close$4(314)) - 4f0d32d0-8b81-48af-bff0-df3de040520e: close
2019-10-04 14:03:42,657 [main] INFO  impl.RaftServerImpl (RaftServerImpl.java:lambda$shutdown$3(247)) - 4f0d32d0-8b81-48af-bff0-df3de040520e@group-1212A9D7B753: shutdown
2019-10-04 14:03:42,657 [main] INFO  util.JmxRegister (JmxRegister.java:unregister(73)) - Successfully un-registered JMX Bean with object name Ratis:service=RaftServer,group=group-1212A9D7B753,id=4f0d32d0-8b81-48af-bff0-df3de040520e
2019-10-04 14:03:42,658 [main] INFO  impl.RoleInfo (RoleInfo.java:shutdownLeaderState(104)) - 4f0d32d0-8b81-48af-bff0-df3de040520e: shutdown LeaderState
2019-10-04 14:03:42,658 [main] INFO  impl.PendingRequests (PendingRequests.java:sendNotLeaderResponses(202)) - 4f0d32d0-8b81-48af-bff0-df3de040520e@group-1212A9D7B753-PendingRequests: sendNotLeaderResponses
2019-10-04 14:03:42,658 [main] INFO  impl.StateMachineUpdater (StateMachineUpdater.java:stopAndJoin(136)) - 4f0d32d0-8b81-48af-bff0-df3de040520e@group-1212A9D7B753-StateMachineUpdater: set stopIndex = 0
2019-10-04 14:03:42,659 [main] INFO  impl.RaftServerImpl (ServerState.java:close(387)) - 4f0d32d0-8b81-48af-bff0-df3de040520e@group-1212A9D7B753: closes. applyIndex: 0
2019-10-04 14:03:42,659 [4f0d32d0-8b81-48af-bff0-df3de040520e@group-1212A9D7B753-SegmentedRaftLogWorker] INFO  segmented.SegmentedRaftLogWorker (SegmentedRaftLogWorker.java:run(316)) - 4f0d32d0-8b81-48af-bff0-df3de040520e@group-1212A9D7B753-SegmentedRaftLogWorker was interrupted, exiting. There are 0 tasks remaining in the queue.
2019-10-04 14:03:42,661 [main] INFO  segmented.SegmentedRaftLogWorker (SegmentedRaftLogWorker.java:close(224)) - 4f0d32d0-8b81-48af-bff0-df3de040520e@group-1212A9D7B753-SegmentedRaftLogWorker close()
2019-10-04 14:03:42,664 [main] INFO  impl.RaftServerImpl (RaftServerImpl.java:lambda$shutdown$3(247)) - 4f0d32d0-8b81-48af-bff0-df3de040520e@group-6783F07A3B9C: shutdown
2019-10-04 14:03:42,664 [main] INFO  util.JmxRegister (JmxRegister.java:unregister(73)) - Successfully un-registered JMX Bean with object name Ratis:service=RaftServer,group=group-6783F07A3B9C,id=4f0d32d0-8b81-48af-bff0-df3de040520e
2019-10-04 14:03:42,664 [main] INFO  impl.RoleInfo (RoleInfo.java:shutdownLeaderState(104)) - 4f0d32d0-8b81-48af-bff0-df3de040520e: shutdown LeaderState
2019-10-04 14:03:42,667 [main] INFO  impl.PendingRequests (PendingRequests.java:sendNotLeaderResponses(202)) - 4f0d32d0-8b81-48af-bff0-df3de040520e@group-6783F07A3B9C-PendingRequests: sendNotLeaderResponses
2019-10-04 14:03:42,667 [org.apache.ratis.server.impl.LogAppender$AppenderDaemon$$Lambda$521/932182640@55127505] WARN  server.GrpcLogAppender (GrpcLogAppender.java:mayWait(143)) - 4f0d32d0-8b81-48af-bff0-df3de040520e@group-6783F07A3B9C->4b936257-ae70-49d0-a2b9-62c8e68e72da-GrpcLogAppender: Wait interrupted by java.lang.InterruptedException
2019-10-04 14:03:42,667 [org.apache.ratis.server.impl.LogAppender$AppenderDaemon$$Lambda$521/932182640@bb48dae] WARN  server.GrpcLogAppender (GrpcLogAppender.java:mayWait(143)) - 4f0d32d0-8b81-48af-bff0-df3de040520e@group-6783F07A3B9C->2eb9c693-8c7a-498f-9bb2-9f02bd340f6f-GrpcLogAppender: Wait interrupted by java.lang.InterruptedException
2019-10-04 14:03:42,670 [main] INFO  impl.StateMachineUpdater (StateMachineUpdater.java:stopAndJoin(136)) - 4f0d32d0-8b81-48af-bff0-df3de040520e@group-6783F07A3B9C-StateMachineUpdater: set stopIndex = 16
2019-10-04 14:03:42,671 [grpc-default-executor-14] INFO  server.GrpcServerProtocolService (GrpcServerProtocolService.java:onCompleted(113)) - 2eb9c693-8c7a-498f-9bb2-9f02bd340f6f: Completed APPEND_ENTRIES, lastRequest: 4f0d32d0-8b81-48af-bff0-df3de040520e->2eb9c693-8c7a-498f-9bb2-9f02bd340f6f#19-t1, previous=(t:1, i:16), leaderCommit=16, initializing? false, entries: <empty>
2019-10-04 14:03:42,671 [grpc-default-executor-12] INFO  server.GrpcServerProtocolService (GrpcServerProtocolService.java:onCompleted(113)) - 4b936257-ae70-49d0-a2b9-62c8e68e72da: Completed APPEND_ENTRIES, lastRequest: 4f0d32d0-8b81-48af-bff0-df3de040520e->4b936257-ae70-49d0-a2b9-62c8e68e72da#19-t1, previous=(t:1, i:16), leaderCommit=16, initializing? false, entries: <empty>
2019-10-04 14:03:42,671 [grpc-default-executor-14] INFO  server.GrpcLogAppender (GrpcLogAppender.java:onCompleted(293)) - 4f0d32d0-8b81-48af-bff0-df3de040520e@group-6783F07A3B9C->2eb9c693-8c7a-498f-9bb2-9f02bd340f6f-AppendLogResponseHandler: follower responses appendEntries COMPLETED
2019-10-04 14:03:42,671 [4f0d32d0-8b81-48af-bff0-df3de040520e@group-6783F07A3B9C-StateMachineUpdater] INFO  ratis.ContainerStateMachine (ContainerStateMachine.java:takeSnapshot(293)) - group-6783F07A3B9C: Taking a snapshot at:(t:1, i:16) file /workdir/hadoop-ozone/integration-test/target/test-dir/MiniOzoneClusterImpl-a706a60c-ed98-4f98-a126-279d51990bf3/datanode-4/data/ratis/ce0e5f59-f76c-4046-97e7-6783f07a3b9c/sm/snapshot.1_16
2019-10-04 14:03:42,671 [grpc-default-executor-12] INFO  server.GrpcLogAppender (GrpcLogAppender.java:onCompleted(293)) - 4f0d32d0-8b81-48af-bff0-df3de040520e@group-6783F07A3B9C->4b936257-ae70-49d0-a2b9-62c8e68e72da-AppendLogResponseHandler: follower responses appendEntries COMPLETED
2019-10-04 14:03:42,672 [grpc-default-executor-14] INFO  impl.FollowerInfo (FollowerInfo.java:lambda$new$0(51)) - 4f0d32d0-8b81-48af-bff0-df3de040520e@group-6783F07A3B9C->2eb9c693-8c7a-498f-9bb2-9f02bd340f6f: nextIndex: updateUnconditionally 17 -> 16
2019-10-04 14:03:42,672 [grpc-default-executor-12] INFO  impl.FollowerInfo (FollowerInfo.java:lambda$new$0(51)) - 4f0d32d0-8b81-48af-bff0-df3de040520e@group-6783F07A3B9C->4b936257-ae70-49d0-a2b9-62c8e68e72da: nextIndex: updateUnconditionally 17 -> 16
2019-10-04 14:03:42,687 [4f0d32d0-8b81-48af-bff0-df3de040520e@group-6783F07A3B9C-StateMachineUpdater] INFO  ratis.ContainerStateMachine (ContainerStateMachine.java:takeSnapshot(304)) - group-6783F07A3B9C: Finished taking a snapshot at:(t:1, i:16) file:/workdir/hadoop-ozone/integration-test/target/test-dir/MiniOzoneClusterImpl-a706a60c-ed98-4f98-a126-279d51990bf3/datanode-4/data/ratis/ce0e5f59-f76c-4046-97e7-6783f07a3b9c/sm/snapshot.1_16 time:16
2019-10-04 14:03:42,687 [4f0d32d0-8b81-48af-bff0-df3de040520e@group-6783F07A3B9C-StateMachineUpdater] INFO  impl.StateMachineUpdater (StateMachineUpdater.java:takeSnapshot(269)) - 4f0d32d0-8b81-48af-bff0-df3de040520e@group-6783F07A3B9C-StateMachineUpdater: Took a snapshot at index 16
2019-10-04 14:03:42,687 [4f0d32d0-8b81-48af-bff0-df3de040520e@group-6783F07A3B9C-StateMachineUpdater] INFO  impl.StateMachineUpdater (StateMachineUpdater.java:lambda$new$0(84)) - 4f0d32d0-8b81-48af-bff0-df3de040520e@group-6783F07A3B9C-StateMachineUpdater: snapshotIndex: updateIncreasingly -1 -> 16
2019-10-04 14:03:42,688 [main] INFO  impl.RaftServerImpl (ServerState.java:close(387)) - 4f0d32d0-8b81-48af-bff0-df3de040520e@group-6783F07A3B9C: closes. applyIndex: 16
2019-10-04 14:03:42,688 [4f0d32d0-8b81-48af-bff0-df3de040520e@group-6783F07A3B9C-SegmentedRaftLogWorker] INFO  segmented.SegmentedRaftLogWorker (SegmentedRaftLogWorker.java:run(316)) - 4f0d32d0-8b81-48af-bff0-df3de040520e@group-6783F07A3B9C-SegmentedRaftLogWorker was interrupted, exiting. There are 0 tasks remaining in the queue.
2019-10-04 14:03:42,690 [main] INFO  segmented.SegmentedRaftLogWorker (SegmentedRaftLogWorker.java:close(224)) - 4f0d32d0-8b81-48af-bff0-df3de040520e@group-6783F07A3B9C-SegmentedRaftLogWorker close()
2019-10-04 14:03:42,694 [main] INFO  server.GrpcService (GrpcService.java:closeImpl(164)) - 4f0d32d0-8b81-48af-bff0-df3de040520e: shutdown server with port 37852 now
2019-10-04 14:03:42,694 [main] INFO  server.GrpcService (GrpcService.java:closeImpl(172)) - 4f0d32d0-8b81-48af-bff0-df3de040520e: shutdown server with port 37852 successfully
2019-10-04 14:03:42,696 [refreshUsed-/workdir/hadoop-ozone/integration-test/target/test-dir/MiniOzoneClusterImpl-a706a60c-ed98-4f98-a126-279d51990bf3/datanode-4/data/containers] WARN  fs.CachingGetSpaceUsed (CachingGetSpaceUsed.java:run(183)) - Thread Interrupted waiting to refresh disk information: sleep interrupted
2019-10-04 14:03:42,711 [main] INFO  utils.BackgroundService (BackgroundService.java:shutdown(148)) - Shutting down service BlockDeletingService
2019-10-04 14:03:42,717 [main] INFO  statemachine.DatanodeStateMachine (DatanodeStateMachine.java:stopDaemon(395)) - Ozone container server stopped.
2019-10-04 14:03:42,718 [main] INFO  handler.ContextHandler (ContextHandler.java:doStop(910)) - Stopped o.e.j.w.WebAppContext@4245bf68{/,null,UNAVAILABLE}{/hddsDatanode}
2019-10-04 14:03:42,719 [main] INFO  server.AbstractConnector (AbstractConnector.java:doStop(318)) - Stopped ServerConnector@45bbc52f{HTTP/1.1,[http/1.1]}{0.0.0.0:0}
2019-10-04 14:03:42,719 [main] INFO  handler.ContextHandler (ContextHandler.java:doStop(910)) - Stopped o.e.j.s.ServletContextHandler@25ce435{/static,jar:file:/home/user/.m2/repository/org/apache/hadoop/hadoop-hdds-container-service/0.5.0-SNAPSHOT/hadoop-hdds-container-service-0.5.0-SNAPSHOT.jar!/webapps/static,UNAVAILABLE}
2019-10-04 14:03:42,719 [main] INFO  handler.ContextHandler (ContextHandler.java:doStop(910)) - Stopped o.e.j.s.ServletContextHandler@11eec06b{/logs,file:///workdir/hadoop-ozone/integration-test/target/log,UNAVAILABLE}
2019-10-04 14:03:51,434 [Thread-3159] INFO  impl.FollowerState (FollowerState.java:run(108)) - 2eb9c693-8c7a-498f-9bb2-9f02bd340f6f@group-6783F07A3B9C-FollowerState: change to CANDIDATE, lastRpcTime:8781ms, electionTimeout:5036ms
2019-10-04 14:03:51,434 [Thread-3159] INFO  impl.RoleInfo (RoleInfo.java:shutdownFollowerState(121)) - 2eb9c693-8c7a-498f-9bb2-9f02bd340f6f: shutdown FollowerState
2019-10-04 14:03:51,434 [Thread-3159] INFO  impl.RaftServerImpl (RaftServerImpl.java:setRole(170)) - 2eb9c693-8c7a-498f-9bb2-9f02bd340f6f@group-6783F07A3B9C: changes role from  FOLLOWER to CANDIDATE at term 1 for changeToCandidate
2019-10-04 14:03:51,434 [Thread-3159] INFO  impl.RoleInfo (RoleInfo.java:updateAndGet(143)) - 2eb9c693-8c7a-498f-9bb2-9f02bd340f6f: start LeaderElection
2019-10-04 14:03:51,438 [2eb9c693-8c7a-498f-9bb2-9f02bd340f6f@group-6783F07A3B9C-LeaderElection81] INFO  impl.RaftServerImpl (ServerState.java:setLeader(255)) - 2eb9c693-8c7a-498f-9bb2-9f02bd340f6f@group-6783F07A3B9C: change Leader from 4f0d32d0-8b81-48af-bff0-df3de040520e to null at term 1 for initElection
2019-10-04 14:03:51,473 [2eb9c693-8c7a-498f-9bb2-9f02bd340f6f@group-6783F07A3B9C-LeaderElection81] INFO  impl.LeaderElection (LeaderElection.java:askForVotes(178)) - 2eb9c693-8c7a-498f-9bb2-9f02bd340f6f@group-6783F07A3B9C-LeaderElection81: begin an election at term 2 for 0: [4f0d32d0-8b81-48af-bff0-df3de040520e:192.168.5.142:37852, 4b936257-ae70-49d0-a2b9-62c8e68e72da:192.168.5.142:39633, 2eb9c693-8c7a-498f-9bb2-9f02bd340f6f:192.168.5.142:38526], old=null
2019-10-04 14:03:51,475 [2eb9c693-8c7a-498f-9bb2-9f02bd340f6f@group-6783F07A3B9C-LeaderElection81] INFO  impl.LeaderElection (LogUtils.java:infoOrTrace(149)) - 2eb9c693-8c7a-498f-9bb2-9f02bd340f6f@group-6783F07A3B9C-LeaderElection81 got exception when requesting votes: {}
java.util.concurrent.ExecutionException: org.apache.ratis.thirdparty.io.grpc.StatusRuntimeException: UNAVAILABLE: io exception
	at java.util.concurrent.FutureTask.report(FutureTask.java:122)
	at java.util.concurrent.FutureTask.get(FutureTask.java:192)
	at org.apache.ratis.server.impl.LeaderElection.waitForResults(LeaderElection.java:259)
	at org.apache.ratis.server.impl.LeaderElection.askForVotes(LeaderElection.java:197)
	at org.apache.ratis.server.impl.LeaderElection.run(LeaderElection.java:133)
	at java.lang.Thread.run(Thread.java:748)
Caused by: org.apache.ratis.thirdparty.io.grpc.StatusRuntimeException: UNAVAILABLE: io exception
	at org.apache.ratis.thirdparty.io.grpc.stub.ClientCalls.toStatusRuntimeException(ClientCalls.java:233)
	at org.apache.ratis.thirdparty.io.grpc.stub.ClientCalls.getUnchecked(ClientCalls.java:214)
	at org.apache.ratis.thirdparty.io.grpc.stub.ClientCalls.blockingUnaryCall(ClientCalls.java:139)
	at org.apache.ratis.proto.grpc.RaftServerProtocolServiceGrpc$RaftServerProtocolServiceBlockingStub.requestVote(RaftServerProtocolServiceGrpc.java:265)
	at org.apache.ratis.grpc.server.GrpcServerProtocolClient.requestVote(GrpcServerProtocolClient.java:99)
	at org.apache.ratis.grpc.server.GrpcService.requestVote(GrpcService.java:204)
	at org.apache.ratis.server.impl.LeaderElection.lambda$submitRequests$1(LeaderElection.java:234)
	at java.util.concurrent.FutureTask.run(FutureTask.java:266)
	at java.util.concurrent.Executors$RunnableAdapter.call(Executors.java:511)
	at java.util.concurrent.FutureTask.run(FutureTask.java:266)
	at java.util.concurrent.ThreadPoolExecutor.runWorker(ThreadPoolExecutor.java:1149)
	at java.util.concurrent.ThreadPoolExecutor$Worker.run(ThreadPoolExecutor.java:624)
	... 1 more
Caused by: org.apache.ratis.thirdparty.io.netty.channel.AbstractChannel$AnnotatedConnectException: Connection refused: /192.168.5.142:37852
	at sun.nio.ch.SocketChannelImpl.checkConnect(Native Method)
	at sun.nio.ch.SocketChannelImpl.finishConnect(SocketChannelImpl.java:717)
	at org.apache.ratis.thirdparty.io.netty.channel.socket.nio.NioSocketChannel.doFinishConnect(NioSocketChannel.java:327)
	at org.apache.ratis.thirdparty.io.netty.channel.nio.AbstractNioChannel$AbstractNioUnsafe.finishConnect(AbstractNioChannel.java:340)
	at org.apache.ratis.thirdparty.io.netty.channel.nio.NioEventLoop.processSelectedKey(NioEventLoop.java:632)
	at org.apache.ratis.thirdparty.io.netty.channel.nio.NioEventLoop.processSelectedKeysOptimized(NioEventLoop.java:579)
	at org.apache.ratis.thirdparty.io.netty.channel.nio.NioEventLoop.processSelectedKeys(NioEventLoop.java:496)
	at org.apache.ratis.thirdparty.io.netty.channel.nio.NioEventLoop.run(NioEventLoop.java:458)
	at org.apache.ratis.thirdparty.io.netty.util.concurrent.SingleThreadEventExecutor$5.run(SingleThreadEventExecutor.java:897)
	at org.apache.ratis.thirdparty.io.netty.util.concurrent.FastThreadLocalRunnable.run(FastThreadLocalRunnable.java:30)
	... 1 more
Caused by: java.net.ConnectException: Connection refused
	... 11 more
2019-10-04 14:03:51,477 [grpc-default-executor-14] INFO  impl.RaftServerImpl (ServerState.java:setLeader(255)) - 4b936257-ae70-49d0-a2b9-62c8e68e72da@group-6783F07A3B9C: change Leader from 4f0d32d0-8b81-48af-bff0-df3de040520e to null at term 2 for updateCurrentTerm
2019-10-04 14:03:51,478 [grpc-default-executor-14] INFO  impl.RaftServerImpl (RaftServerImpl.java:setRole(170)) - 4b936257-ae70-49d0-a2b9-62c8e68e72da@group-6783F07A3B9C: changes role from  FOLLOWER to FOLLOWER at term 2 for recognizeCandidate:2eb9c693-8c7a-498f-9bb2-9f02bd340f6f
2019-10-04 14:03:51,478 [grpc-default-executor-14] INFO  impl.RoleInfo (RoleInfo.java:shutdownFollowerState(121)) - 4b936257-ae70-49d0-a2b9-62c8e68e72da: shutdown FollowerState
2019-10-04 14:03:51,478 [grpc-default-executor-14] INFO  impl.RoleInfo (RoleInfo.java:updateAndGet(143)) - 4b936257-ae70-49d0-a2b9-62c8e68e72da: start FollowerState
2019-10-04 14:03:51,478 [Thread-3138] INFO  impl.FollowerState (FollowerState.java:run(117)) - 4b936257-ae70-49d0-a2b9-62c8e68e72da@group-6783F07A3B9C-FollowerState was interrupted: java.lang.InterruptedException: sleep interrupted
2019-10-04 14:03:51,495 [2eb9c693-8c7a-498f-9bb2-9f02bd340f6f@group-6783F07A3B9C-LeaderElection81] INFO  impl.LeaderElection (LeaderElection.java:logAndReturn(56)) - 2eb9c693-8c7a-498f-9bb2-9f02bd340f6f@group-6783F07A3B9C-LeaderElection81: Election PASSED; received 1 response(s) [2eb9c693-8c7a-498f-9bb2-9f02bd340f6f<-4b936257-ae70-49d0-a2b9-62c8e68e72da#0:OK-t2] and 1 exception(s); 2eb9c693-8c7a-498f-9bb2-9f02bd340f6f@group-6783F07A3B9C:t2, leader=null, voted=2eb9c693-8c7a-498f-9bb2-9f02bd340f6f, raftlog=2eb9c693-8c7a-498f-9bb2-9f02bd340f6f@group-6783F07A3B9C-SegmentedRaftLog:OPENED:c16,f16,i16, conf=0: [4f0d32d0-8b81-48af-bff0-df3de040520e:192.168.5.142:37852, 4b936257-ae70-49d0-a2b9-62c8e68e72da:192.168.5.142:39633, 2eb9c693-8c7a-498f-9bb2-9f02bd340f6f:192.168.5.142:38526], old=null
2019-10-04 14:03:51,495 [2eb9c693-8c7a-498f-9bb2-9f02bd340f6f@group-6783F07A3B9C-LeaderElection81] INFO  impl.LeaderElection (LogUtils.java:infoOrTrace(149)) -   Exception 0: {}
java.util.concurrent.ExecutionException: org.apache.ratis.thirdparty.io.grpc.StatusRuntimeException: UNAVAILABLE: io exception
	at java.util.concurrent.FutureTask.report(FutureTask.java:122)
	at java.util.concurrent.FutureTask.get(FutureTask.java:192)
	at org.apache.ratis.server.impl.LeaderElection.waitForResults(LeaderElection.java:259)
	at org.apache.ratis.server.impl.LeaderElection.askForVotes(LeaderElection.java:197)
	at org.apache.ratis.server.impl.LeaderElection.run(LeaderElection.java:133)
	at java.lang.Thread.run(Thread.java:748)
Caused by: org.apache.ratis.thirdparty.io.grpc.StatusRuntimeException: UNAVAILABLE: io exception
	at org.apache.ratis.thirdparty.io.grpc.stub.ClientCalls.toStatusRuntimeException(ClientCalls.java:233)
	at org.apache.ratis.thirdparty.io.grpc.stub.ClientCalls.getUnchecked(ClientCalls.java:214)
	at org.apache.ratis.thirdparty.io.grpc.stub.ClientCalls.blockingUnaryCall(ClientCalls.java:139)
	at org.apache.ratis.proto.grpc.RaftServerProtocolServiceGrpc$RaftServerProtocolServiceBlockingStub.requestVote(RaftServerProtocolServiceGrpc.java:265)
	at org.apache.ratis.grpc.server.GrpcServerProtocolClient.requestVote(GrpcServerProtocolClient.java:99)
	at org.apache.ratis.grpc.server.GrpcService.requestVote(GrpcService.java:204)
	at org.apache.ratis.server.impl.LeaderElection.lambda$submitRequests$1(LeaderElection.java:234)
	at java.util.concurrent.FutureTask.run(FutureTask.java:266)
	at java.util.concurrent.Executors$RunnableAdapter.call(Executors.java:511)
	at java.util.concurrent.FutureTask.run(FutureTask.java:266)
	at java.util.concurrent.ThreadPoolExecutor.runWorker(ThreadPoolExecutor.java:1149)
	at java.util.concurrent.ThreadPoolExecutor$Worker.run(ThreadPoolExecutor.java:624)
	... 1 more
Caused by: org.apache.ratis.thirdparty.io.netty.channel.AbstractChannel$AnnotatedConnectException: Connection refused: /192.168.5.142:37852
	at sun.nio.ch.SocketChannelImpl.checkConnect(Native Method)
	at sun.nio.ch.SocketChannelImpl.finishConnect(SocketChannelImpl.java:717)
	at org.apache.ratis.thirdparty.io.netty.channel.socket.nio.NioSocketChannel.doFinishConnect(NioSocketChannel.java:327)
	at org.apache.ratis.thirdparty.io.netty.channel.nio.AbstractNioChannel$AbstractNioUnsafe.finishConnect(AbstractNioChannel.java:340)
	at org.apache.ratis.thirdparty.io.netty.channel.nio.NioEventLoop.processSelectedKey(NioEventLoop.java:632)
	at org.apache.ratis.thirdparty.io.netty.channel.nio.NioEventLoop.processSelectedKeysOptimized(NioEventLoop.java:579)
	at org.apache.ratis.thirdparty.io.netty.channel.nio.NioEventLoop.processSelectedKeys(NioEventLoop.java:496)
	at org.apache.ratis.thirdparty.io.netty.channel.nio.NioEventLoop.run(NioEventLoop.java:458)
	at org.apache.ratis.thirdparty.io.netty.util.concurrent.SingleThreadEventExecutor$5.run(SingleThreadEventExecutor.java:897)
	at org.apache.ratis.thirdparty.io.netty.util.concurrent.FastThreadLocalRunnable.run(FastThreadLocalRunnable.java:30)
	... 1 more
Caused by: java.net.ConnectException: Connection refused
	... 11 more
2019-10-04 14:03:51,495 [2eb9c693-8c7a-498f-9bb2-9f02bd340f6f@group-6783F07A3B9C-LeaderElection81] INFO  impl.RoleInfo (RoleInfo.java:shutdownLeaderElection(134)) - 2eb9c693-8c7a-498f-9bb2-9f02bd340f6f: shutdown LeaderElection
2019-10-04 14:03:51,496 [2eb9c693-8c7a-498f-9bb2-9f02bd340f6f@group-6783F07A3B9C-LeaderElection81] INFO  impl.RaftServerImpl (RaftServerImpl.java:setRole(170)) - 2eb9c693-8c7a-498f-9bb2-9f02bd340f6f@group-6783F07A3B9C: changes role from CANDIDATE to LEADER at term 2 for changeToLeader
2019-10-04 14:03:51,496 [2eb9c693-8c7a-498f-9bb2-9f02bd340f6f@group-6783F07A3B9C-LeaderElection81] INFO  impl.RaftServerImpl (ServerState.java:setLeader(255)) - 2eb9c693-8c7a-498f-9bb2-9f02bd340f6f@group-6783F07A3B9C: change Leader from null to 2eb9c693-8c7a-498f-9bb2-9f02bd340f6f at term 2 for becomeLeader, leader elected after 58ms
2019-10-04 14:03:51,496 [2eb9c693-8c7a-498f-9bb2-9f02bd340f6f@group-6783F07A3B9C-LeaderElection81] INFO  server.RaftServerConfigKeys (ConfUtils.java:logGet(43)) - raft.server.staging.catchup.gap = 1000 (default)
2019-10-04 14:03:51,496 [2eb9c693-8c7a-498f-9bb2-9f02bd340f6f@group-6783F07A3B9C-LeaderElection81] INFO  server.RaftServerConfigKeys (ConfUtils.java:logGet(43)) - raft.server.rpc.sleep.time = 25ms (default)
2019-10-04 14:03:51,496 [2eb9c693-8c7a-498f-9bb2-9f02bd340f6f@group-6783F07A3B9C-LeaderElection81] INFO  server.RaftServerConfigKeys (ConfUtils.java:logGet(43)) - raft.server.write.element-limit = 4096 (default)
2019-10-04 14:03:51,497 [2eb9c693-8c7a-498f-9bb2-9f02bd340f6f@group-6783F07A3B9C-LeaderElection81] INFO  server.RaftServerConfigKeys (ConfUtils.java:logGet(43)) - raft.server.watch.timeout = 10s (default)
2019-10-04 14:03:51,497 [2eb9c693-8c7a-498f-9bb2-9f02bd340f6f@group-6783F07A3B9C-LeaderElection81] INFO  server.RaftServerConfigKeys (ConfUtils.java:logGet(43)) - raft.server.watch.timeout.denomination = 1s (default)
2019-10-04 14:03:51,497 [2eb9c693-8c7a-498f-9bb2-9f02bd340f6f@group-6783F07A3B9C-LeaderElection81] INFO  server.RaftServerConfigKeys (ConfUtils.java:logGet(43)) - raft.server.watch.element-limit = 65536 (default)
2019-10-04 14:03:51,501 [2eb9c693-8c7a-498f-9bb2-9f02bd340f6f@group-6783F07A3B9C-LeaderElection81] INFO  server.RaftServerConfigKeys (ConfUtils.java:logGet(43)) - raft.server.log.appender.snapshot.chunk.size.max = 16MB (=16777216) (default)
2019-10-04 14:03:51,501 [2eb9c693-8c7a-498f-9bb2-9f02bd340f6f@group-6783F07A3B9C-LeaderElection81] INFO  server.RaftServerConfigKeys (ConfUtils.java:logGet(43)) - raft.server.log.appender.buffer.byte-limit = 33554432 (custom)
2019-10-04 14:03:51,501 [2eb9c693-8c7a-498f-9bb2-9f02bd340f6f@group-6783F07A3B9C-LeaderElection81] INFO  server.RaftServerConfigKeys (ConfUtils.java:logGet(43)) - raft.server.log.appender.buffer.element-limit = 1 (custom)
2019-10-04 14:03:51,502 [2eb9c693-8c7a-498f-9bb2-9f02bd340f6f@group-6783F07A3B9C-LeaderElection81] INFO  grpc.GrpcConfigKeys$Server (ConfUtils.java:logGet(43)) - raft.grpc.server.leader.outstanding.appends.max = 128 (default)
2019-10-04 14:03:51,502 [2eb9c693-8c7a-498f-9bb2-9f02bd340f6f@group-6783F07A3B9C-LeaderElection81] INFO  server.RaftServerConfigKeys (ConfUtils.java:logGet(43)) - raft.server.rpc.request.timeout = 3000ms (default)
2019-10-04 14:03:51,502 [2eb9c693-8c7a-498f-9bb2-9f02bd340f6f@group-6783F07A3B9C-LeaderElection81] INFO  server.RaftServerConfigKeys (ConfUtils.java:logGet(43)) - raft.server.log.appender.install.snapshot.enabled = false (custom)
2019-10-04 14:03:51,502 [2eb9c693-8c7a-498f-9bb2-9f02bd340f6f@group-6783F07A3B9C-LeaderElection81] INFO  server.RaftServerConfigKeys (ConfUtils.java:logGet(43)) - raft.server.log.appender.snapshot.chunk.size.max = 16MB (=16777216) (default)
2019-10-04 14:03:51,503 [2eb9c693-8c7a-498f-9bb2-9f02bd340f6f@group-6783F07A3B9C-LeaderElection81] INFO  server.RaftServerConfigKeys (ConfUtils.java:logGet(43)) - raft.server.log.appender.buffer.byte-limit = 33554432 (custom)
2019-10-04 14:03:51,503 [2eb9c693-8c7a-498f-9bb2-9f02bd340f6f@group-6783F07A3B9C-LeaderElection81] INFO  server.RaftServerConfigKeys (ConfUtils.java:logGet(43)) - raft.server.log.appender.buffer.element-limit = 1 (custom)
2019-10-04 14:03:51,503 [2eb9c693-8c7a-498f-9bb2-9f02bd340f6f@group-6783F07A3B9C-LeaderElection81] INFO  grpc.GrpcConfigKeys$Server (ConfUtils.java:logGet(43)) - raft.grpc.server.leader.outstanding.appends.max = 128 (default)
2019-10-04 14:03:51,503 [2eb9c693-8c7a-498f-9bb2-9f02bd340f6f@group-6783F07A3B9C-LeaderElection81] INFO  server.RaftServerConfigKeys (ConfUtils.java:logGet(43)) - raft.server.rpc.request.timeout = 3000ms (default)
2019-10-04 14:03:51,503 [2eb9c693-8c7a-498f-9bb2-9f02bd340f6f@group-6783F07A3B9C-LeaderElection81] INFO  server.RaftServerConfigKeys (ConfUtils.java:logGet(43)) - raft.server.log.appender.install.snapshot.enabled = false (custom)
2019-10-04 14:03:51,504 [2eb9c693-8c7a-498f-9bb2-9f02bd340f6f@group-6783F07A3B9C-LeaderElection81] INFO  impl.RoleInfo (RoleInfo.java:updateAndGet(143)) - 2eb9c693-8c7a-498f-9bb2-9f02bd340f6f: start LeaderState
2019-10-04 14:03:51,505 [2eb9c693-8c7a-498f-9bb2-9f02bd340f6f@group-6783F07A3B9C-LeaderElection81] INFO  segmented.SegmentedRaftLogWorker (SegmentedRaftLogWorker.java:rollLogSegment(390)) - 2eb9c693-8c7a-498f-9bb2-9f02bd340f6f@group-6783F07A3B9C-SegmentedRaftLogWorker: Rolling segment log-0_16 to index:16
2019-10-04 14:03:51,509 [2eb9c693-8c7a-498f-9bb2-9f02bd340f6f@group-6783F07A3B9C-SegmentedRaftLogWorker] INFO  segmented.SegmentedRaftLogWorker (SegmentedRaftLogWorker.java:execute(531)) - 2eb9c693-8c7a-498f-9bb2-9f02bd340f6f@group-6783F07A3B9C-SegmentedRaftLogWorker: Rolled log segment from /workdir/hadoop-ozone/integration-test/target/test-dir/MiniOzoneClusterImpl-a706a60c-ed98-4f98-a126-279d51990bf3/datanode-3/data/ratis/ce0e5f59-f76c-4046-97e7-6783f07a3b9c/current/log_inprogress_0 to /workdir/hadoop-ozone/integration-test/target/test-dir/MiniOzoneClusterImpl-a706a60c-ed98-4f98-a126-279d51990bf3/datanode-3/data/ratis/ce0e5f59-f76c-4046-97e7-6783f07a3b9c/current/log_0-16
2019-10-04 14:03:51,512 [2eb9c693-8c7a-498f-9bb2-9f02bd340f6f@group-6783F07A3B9C-LeaderElection81] INFO  impl.RaftServerImpl (ServerState.java:setRaftConf(356)) - 2eb9c693-8c7a-498f-9bb2-9f02bd340f6f@group-6783F07A3B9C: set configuration 17: [4f0d32d0-8b81-48af-bff0-df3de040520e:192.168.5.142:37852, 4b936257-ae70-49d0-a2b9-62c8e68e72da:192.168.5.142:39633, 2eb9c693-8c7a-498f-9bb2-9f02bd340f6f:192.168.5.142:38526], old=null at 17
2019-10-04 14:03:51,512 [grpc-default-executor-14] WARN  server.GrpcLogAppender (LogUtils.java:warn(134)) - 2eb9c693-8c7a-498f-9bb2-9f02bd340f6f@group-6783F07A3B9C->4f0d32d0-8b81-48af-bff0-df3de040520e-AppendLogResponseHandler: Failed appendEntries: org.apache.ratis.thirdparty.io.grpc.StatusRuntimeException: UNAVAILABLE: io exception
2019-10-04 14:03:51,544 [grpc-default-executor-14] INFO  impl.FollowerInfo (FollowerInfo.java:lambda$new$0(51)) - 2eb9c693-8c7a-498f-9bb2-9f02bd340f6f@group-6783F07A3B9C->4f0d32d0-8b81-48af-bff0-df3de040520e: nextIndex: updateUnconditionally 17 -> 1
2019-10-04 14:03:51,544 [grpc-default-executor-14] INFO  impl.RaftServerImpl (ServerState.java:setLeader(255)) - 4b936257-ae70-49d0-a2b9-62c8e68e72da@group-6783F07A3B9C: change Leader from null to 2eb9c693-8c7a-498f-9bb2-9f02bd340f6f at term 2 for appendEntries, leader elected after 67ms
2019-10-04 14:03:51,554 [2eb9c693-8c7a-498f-9bb2-9f02bd340f6f@group-6783F07A3B9C-SegmentedRaftLogWorker] INFO  segmented.SegmentedRaftLogWorker (SegmentedRaftLogWorker.java:execute(574)) - 2eb9c693-8c7a-498f-9bb2-9f02bd340f6f@group-6783F07A3B9C-SegmentedRaftLogWorker: created new log segment /workdir/hadoop-ozone/integration-test/target/test-dir/MiniOzoneClusterImpl-a706a60c-ed98-4f98-a126-279d51990bf3/datanode-3/data/ratis/ce0e5f59-f76c-4046-97e7-6783f07a3b9c/current/log_inprogress_17
2019-10-04 14:03:51,579 [grpc-default-executor-14] INFO  impl.RaftServerImpl (ServerState.java:setRaftConf(356)) - 4b936257-ae70-49d0-a2b9-62c8e68e72da@group-6783F07A3B9C: set configuration 17: [4f0d32d0-8b81-48af-bff0-df3de040520e:192.168.5.142:37852, 4b936257-ae70-49d0-a2b9-62c8e68e72da:192.168.5.142:39633, 2eb9c693-8c7a-498f-9bb2-9f02bd340f6f:192.168.5.142:38526], old=null at 17
2019-10-04 14:03:51,580 [grpc-default-executor-14] INFO  segmented.SegmentedRaftLogWorker (SegmentedRaftLogWorker.java:rollLogSegment(390)) - 4b936257-ae70-49d0-a2b9-62c8e68e72da@group-6783F07A3B9C-SegmentedRaftLogWorker: Rolling segment log-0_16 to index:16
2019-10-04 14:03:51,581 [4b936257-ae70-49d0-a2b9-62c8e68e72da@group-6783F07A3B9C-SegmentedRaftLogWorker] INFO  segmented.SegmentedRaftLogWorker (SegmentedRaftLogWorker.java:execute(531)) - 4b936257-ae70-49d0-a2b9-62c8e68e72da@group-6783F07A3B9C-SegmentedRaftLogWorker: Rolled log segment from /workdir/hadoop-ozone/integration-test/target/test-dir/MiniOzoneClusterImpl-a706a60c-ed98-4f98-a126-279d51990bf3/datanode-1/data/ratis/ce0e5f59-f76c-4046-97e7-6783f07a3b9c/current/log_inprogress_0 to /workdir/hadoop-ozone/integration-test/target/test-dir/MiniOzoneClusterImpl-a706a60c-ed98-4f98-a126-279d51990bf3/datanode-1/data/ratis/ce0e5f59-f76c-4046-97e7-6783f07a3b9c/current/log_0-16
2019-10-04 14:03:51,648 [4b936257-ae70-49d0-a2b9-62c8e68e72da@group-6783F07A3B9C-SegmentedRaftLogWorker] INFO  segmented.SegmentedRaftLogWorker (SegmentedRaftLogWorker.java:execute(574)) - 4b936257-ae70-49d0-a2b9-62c8e68e72da@group-6783F07A3B9C-SegmentedRaftLogWorker: created new log segment /workdir/hadoop-ozone/integration-test/target/test-dir/MiniOzoneClusterImpl-a706a60c-ed98-4f98-a126-279d51990bf3/datanode-1/data/ratis/ce0e5f59-f76c-4046-97e7-6783f07a3b9c/current/log_inprogress_17
2019-10-04 14:03:51,658 [grpc-default-executor-14] WARN  server.GrpcLogAppender (LogUtils.java:warn(134)) - 2eb9c693-8c7a-498f-9bb2-9f02bd340f6f@group-6783F07A3B9C->4f0d32d0-8b81-48af-bff0-df3de040520e-AppendLogResponseHandler: Failed appendEntries: org.apache.ratis.thirdparty.io.grpc.StatusRuntimeException: UNAVAILABLE: io exception
2019-10-04 14:03:51,661 [grpc-default-executor-14] INFO  impl.FollowerInfo (FollowerInfo.java:lambda$new$0(51)) - 2eb9c693-8c7a-498f-9bb2-9f02bd340f6f@group-6783F07A3B9C->4f0d32d0-8b81-48af-bff0-df3de040520e: nextIndex: updateUnconditionally 2 -> 1
2019-10-04 14:03:51,670 [grpc-default-executor-14] WARN  server.GrpcLogAppender (LogUtils.java:warn(134)) - 2eb9c693-8c7a-498f-9bb2-9f02bd340f6f@group-6783F07A3B9C->4f0d32d0-8b81-48af-bff0-df3de040520e-AppendLogResponseHandler: Failed appendEntries: org.apache.ratis.thirdparty.io.grpc.StatusRuntimeException: UNAVAILABLE: io exception
2019-10-04 14:03:51,670 [grpc-default-executor-14] INFO  impl.FollowerInfo (FollowerInfo.java:lambda$new$0(51)) - 2eb9c693-8c7a-498f-9bb2-9f02bd340f6f@group-6783F07A3B9C->4f0d32d0-8b81-48af-bff0-df3de040520e: nextIndex: updateUnconditionally 2 -> 1
14:03:51.845 [grpc-default-executor-14] ERROR DNAudit - user=null | ip=null | op=WRITE_CHUNK {blockData=conID: 1 locID: 102904483754934285 bcsId: 14} | ret=FAILURE
org.apache.hadoop.hdds.scm.container.common.helpers.ContainerNotOpenException: Container 1 in CLOSING state
	at org.apache.hadoop.ozone.container.common.impl.HddsDispatcher.validateContainerCommand(HddsDispatcher.java:434) ~[hadoop-hdds-container-service-0.5.0-SNAPSHOT.jar:?]
	at org.apache.hadoop.ozone.container.common.transport.server.ratis.ContainerStateMachine.startTransaction(ContainerStateMachine.java:319) ~[hadoop-hdds-container-service-0.5.0-SNAPSHOT.jar:?]
	at org.apache.ratis.server.impl.RaftServerImpl.submitClientRequestAsync(RaftServerImpl.java:569) ~[ratis-server-0.5.0-201fc85-SNAPSHOT.jar:0.5.0-201fc85-SNAPSHOT]
	at org.apache.ratis.server.impl.RaftServerProxy.lambda$submitClientRequestAsync$7(RaftServerProxy.java:333) ~[ratis-server-0.5.0-201fc85-SNAPSHOT.jar:0.5.0-201fc85-SNAPSHOT]
	at org.apache.ratis.server.impl.RaftServerProxy.lambda$null$5(RaftServerProxy.java:328) ~[ratis-server-0.5.0-201fc85-SNAPSHOT.jar:0.5.0-201fc85-SNAPSHOT]
	at org.apache.ratis.util.JavaUtils.callAsUnchecked(JavaUtils.java:109) ~[ratis-common-0.5.0-201fc85-SNAPSHOT.jar:0.5.0-201fc85-SNAPSHOT]
	at org.apache.ratis.server.impl.RaftServerProxy.lambda$submitRequest$6(RaftServerProxy.java:328) ~[ratis-server-0.5.0-201fc85-SNAPSHOT.jar:0.5.0-201fc85-SNAPSHOT]
	at java.util.concurrent.CompletableFuture.uniComposeStage(CompletableFuture.java:981) ~[?:1.8.0_212]
	at java.util.concurrent.CompletableFuture.thenCompose(CompletableFuture.java:2124) ~[?:1.8.0_212]
	at org.apache.ratis.server.impl.RaftServerProxy.submitRequest(RaftServerProxy.java:327) ~[ratis-server-0.5.0-201fc85-SNAPSHOT.jar:0.5.0-201fc85-SNAPSHOT]
	at org.apache.ratis.server.impl.RaftServerProxy.submitClientRequestAsync(RaftServerProxy.java:333) ~[ratis-server-0.5.0-201fc85-SNAPSHOT.jar:0.5.0-201fc85-SNAPSHOT]
	at org.apache.ratis.grpc.client.GrpcClientProtocolService$RequestStreamObserver.processClientRequest(GrpcClientProtocolService.java:220) ~[ratis-grpc-0.5.0-201fc85-SNAPSHOT.jar:0.5.0-201fc85-SNAPSHOT]
	at org.apache.ratis.grpc.client.GrpcClientProtocolService$OrderedRequestStreamObserver.processClientRequest(GrpcClientProtocolService.java:326) ~[ratis-grpc-0.5.0-201fc85-SNAPSHOT.jar:0.5.0-201fc85-SNAPSHOT]
	at org.apache.ratis.util.SlidingWindow$Server.processRequestsFromHead(SlidingWindow.java:429) [ratis-common-0.5.0-201fc85-SNAPSHOT.jar:0.5.0-201fc85-SNAPSHOT]
	at org.apache.ratis.util.SlidingWindow$Server.receivedRequest(SlidingWindow.java:421) [ratis-common-0.5.0-201fc85-SNAPSHOT.jar:0.5.0-201fc85-SNAPSHOT]
	at org.apache.ratis.grpc.client.GrpcClientProtocolService$OrderedRequestStreamObserver.processClientRequest(GrpcClientProtocolService.java:345) [ratis-grpc-0.5.0-201fc85-SNAPSHOT.jar:0.5.0-201fc85-SNAPSHOT]
	at org.apache.ratis.grpc.client.GrpcClientProtocolService$RequestStreamObserver.onNext(GrpcClientProtocolService.java:240) [ratis-grpc-0.5.0-201fc85-SNAPSHOT.jar:0.5.0-201fc85-SNAPSHOT]
	at org.apache.ratis.grpc.client.GrpcClientProtocolService$RequestStreamObserver.onNext(GrpcClientProtocolService.java:168) [ratis-grpc-0.5.0-201fc85-SNAPSHOT.jar:0.5.0-201fc85-SNAPSHOT]
	at org.apache.ratis.thirdparty.io.grpc.stub.ServerCalls$StreamingServerCallHandler$StreamingServerCallListener.onMessage(ServerCalls.java:248) [ratis-thirdparty-misc-0.2.0.jar:0.2.0]
	at org.apache.ratis.thirdparty.io.grpc.internal.ServerCallImpl$ServerStreamListenerImpl.messagesAvailable(ServerCallImpl.java:263) [ratis-thirdparty-misc-0.2.0.jar:0.2.0]
	at org.apache.ratis.thirdparty.io.grpc.internal.ServerImpl$JumpToApplicationThreadServerStreamListener$1MessagesAvailable.runInContext(ServerImpl.java:686) [ratis-thirdparty-misc-0.2.0.jar:0.2.0]
	at org.apache.ratis.thirdparty.io.grpc.internal.ContextRunnable.run(ContextRunnable.java:37) [ratis-thirdparty-misc-0.2.0.jar:0.2.0]
	at org.apache.ratis.thirdparty.io.grpc.internal.SerializingExecutor.run(SerializingExecutor.java:123) [ratis-thirdparty-misc-0.2.0.jar:0.2.0]
	at java.util.concurrent.ThreadPoolExecutor.runWorker(ThreadPoolExecutor.java:1149) [?:1.8.0_212]
	at java.util.concurrent.ThreadPoolExecutor$Worker.run(ThreadPoolExecutor.java:624) [?:1.8.0_212]
	at java.lang.Thread.run(Thread.java:748) [?:1.8.0_212]
14:03:51.857 [grpc-default-executor-9] ERROR DNAudit - user=null | ip=null | op=WRITE_CHUNK {blockData=conID: 1 locID: 102904483754934285 bcsId: 14} | ret=FAILURE
org.apache.hadoop.hdds.scm.container.common.helpers.ContainerNotOpenException: Container 1 in CLOSING state
	at org.apache.hadoop.ozone.container.common.impl.HddsDispatcher.validateContainerCommand(HddsDispatcher.java:434) ~[hadoop-hdds-container-service-0.5.0-SNAPSHOT.jar:?]
	at org.apache.hadoop.ozone.container.common.transport.server.ratis.ContainerStateMachine.startTransaction(ContainerStateMachine.java:319) ~[hadoop-hdds-container-service-0.5.0-SNAPSHOT.jar:?]
	at org.apache.ratis.server.impl.RaftServerImpl.submitClientRequestAsync(RaftServerImpl.java:569) ~[ratis-server-0.5.0-201fc85-SNAPSHOT.jar:0.5.0-201fc85-SNAPSHOT]
	at org.apache.ratis.server.impl.RaftServerProxy.lambda$submitClientRequestAsync$7(RaftServerProxy.java:333) ~[ratis-server-0.5.0-201fc85-SNAPSHOT.jar:0.5.0-201fc85-SNAPSHOT]
	at org.apache.ratis.server.impl.RaftServerProxy.lambda$null$5(RaftServerProxy.java:328) ~[ratis-server-0.5.0-201fc85-SNAPSHOT.jar:0.5.0-201fc85-SNAPSHOT]
	at org.apache.ratis.util.JavaUtils.callAsUnchecked(JavaUtils.java:109) ~[ratis-common-0.5.0-201fc85-SNAPSHOT.jar:0.5.0-201fc85-SNAPSHOT]
	at org.apache.ratis.server.impl.RaftServerProxy.lambda$submitRequest$6(RaftServerProxy.java:328) ~[ratis-server-0.5.0-201fc85-SNAPSHOT.jar:0.5.0-201fc85-SNAPSHOT]
	at java.util.concurrent.CompletableFuture.uniComposeStage(CompletableFuture.java:981) ~[?:1.8.0_212]
	at java.util.concurrent.CompletableFuture.thenCompose(CompletableFuture.java:2124) ~[?:1.8.0_212]
	at org.apache.ratis.server.impl.RaftServerProxy.submitRequest(RaftServerProxy.java:327) ~[ratis-server-0.5.0-201fc85-SNAPSHOT.jar:0.5.0-201fc85-SNAPSHOT]
	at org.apache.ratis.server.impl.RaftServerProxy.submitClientRequestAsync(RaftServerProxy.java:333) ~[ratis-server-0.5.0-201fc85-SNAPSHOT.jar:0.5.0-201fc85-SNAPSHOT]
	at org.apache.ratis.grpc.client.GrpcClientProtocolService$RequestStreamObserver.processClientRequest(GrpcClientProtocolService.java:220) ~[ratis-grpc-0.5.0-201fc85-SNAPSHOT.jar:0.5.0-201fc85-SNAPSHOT]
	at org.apache.ratis.grpc.client.GrpcClientProtocolService$OrderedRequestStreamObserver.processClientRequest(GrpcClientProtocolService.java:326) ~[ratis-grpc-0.5.0-201fc85-SNAPSHOT.jar:0.5.0-201fc85-SNAPSHOT]
	at org.apache.ratis.util.SlidingWindow$Server.processRequestsFromHead(SlidingWindow.java:429) [ratis-common-0.5.0-201fc85-SNAPSHOT.jar:0.5.0-201fc85-SNAPSHOT]
	at org.apache.ratis.util.SlidingWindow$Server.receivedRequest(SlidingWindow.java:421) [ratis-common-0.5.0-201fc85-SNAPSHOT.jar:0.5.0-201fc85-SNAPSHOT]
	at org.apache.ratis.grpc.client.GrpcClientProtocolService$OrderedRequestStreamObserver.processClientRequest(GrpcClientProtocolService.java:345) [ratis-grpc-0.5.0-201fc85-SNAPSHOT.jar:0.5.0-201fc85-SNAPSHOT]
	at org.apache.ratis.grpc.client.GrpcClientProtocolService$RequestStreamObserver.onNext(GrpcClientProtocolService.java:240) [ratis-grpc-0.5.0-201fc85-SNAPSHOT.jar:0.5.0-201fc85-SNAPSHOT]
	at org.apache.ratis.grpc.client.GrpcClientProtocolService$RequestStreamObserver.onNext(GrpcClientProtocolService.java:168) [ratis-grpc-0.5.0-201fc85-SNAPSHOT.jar:0.5.0-201fc85-SNAPSHOT]
	at org.apache.ratis.thirdparty.io.grpc.stub.ServerCalls$StreamingServerCallHandler$StreamingServerCallListener.onMessage(ServerCalls.java:248) [ratis-thirdparty-misc-0.2.0.jar:0.2.0]
	at org.apache.ratis.thirdparty.io.grpc.internal.ServerCallImpl$ServerStreamListenerImpl.messagesAvailable(ServerCallImpl.java:263) [ratis-thirdparty-misc-0.2.0.jar:0.2.0]
	at org.apache.ratis.thirdparty.io.grpc.internal.ServerImpl$JumpToApplicationThreadServerStreamListener$1MessagesAvailable.runInContext(ServerImpl.java:686) [ratis-thirdparty-misc-0.2.0.jar:0.2.0]
	at org.apache.ratis.thirdparty.io.grpc.internal.ContextRunnable.run(ContextRunnable.java:37) [ratis-thirdparty-misc-0.2.0.jar:0.2.0]
	at org.apache.ratis.thirdparty.io.grpc.internal.SerializingExecutor.run(SerializingExecutor.java:123) [ratis-thirdparty-misc-0.2.0.jar:0.2.0]
	at java.util.concurrent.ThreadPoolExecutor.runWorker(ThreadPoolExecutor.java:1149) [?:1.8.0_212]
	at java.util.concurrent.ThreadPoolExecutor$Worker.run(ThreadPoolExecutor.java:624) [?:1.8.0_212]
	at java.lang.Thread.run(Thread.java:748) [?:1.8.0_212]
14:03:51.869 [grpc-default-executor-9] ERROR DNAudit - user=null | ip=null | op=PUT_BLOCK {blockData=[blockId=conID: 1 locID: 102904483754934285 bcsId: 0,size=650]} | ret=FAILURE
org.apache.hadoop.hdds.scm.container.common.helpers.ContainerNotOpenException: Container 1 in CLOSING state
	at org.apache.hadoop.ozone.container.common.impl.HddsDispatcher.validateContainerCommand(HddsDispatcher.java:434) ~[hadoop-hdds-container-service-0.5.0-SNAPSHOT.jar:?]
	at org.apache.hadoop.ozone.container.common.transport.server.ratis.ContainerStateMachine.startTransaction(ContainerStateMachine.java:319) ~[hadoop-hdds-container-service-0.5.0-SNAPSHOT.jar:?]
	at org.apache.ratis.server.impl.RaftServerImpl.submitClientRequestAsync(RaftServerImpl.java:569) ~[ratis-server-0.5.0-201fc85-SNAPSHOT.jar:0.5.0-201fc85-SNAPSHOT]
	at org.apache.ratis.server.impl.RaftServerProxy.lambda$submitClientRequestAsync$7(RaftServerProxy.java:333) ~[ratis-server-0.5.0-201fc85-SNAPSHOT.jar:0.5.0-201fc85-SNAPSHOT]
	at org.apache.ratis.server.impl.RaftServerProxy.lambda$null$5(RaftServerProxy.java:328) ~[ratis-server-0.5.0-201fc85-SNAPSHOT.jar:0.5.0-201fc85-SNAPSHOT]
	at org.apache.ratis.util.JavaUtils.callAsUnchecked(JavaUtils.java:109) ~[ratis-common-0.5.0-201fc85-SNAPSHOT.jar:0.5.0-201fc85-SNAPSHOT]
	at org.apache.ratis.server.impl.RaftServerProxy.lambda$submitRequest$6(RaftServerProxy.java:328) ~[ratis-server-0.5.0-201fc85-SNAPSHOT.jar:0.5.0-201fc85-SNAPSHOT]
	at java.util.concurrent.CompletableFuture.uniComposeStage(CompletableFuture.java:981) ~[?:1.8.0_212]
	at java.util.concurrent.CompletableFuture.thenCompose(CompletableFuture.java:2124) ~[?:1.8.0_212]
	at org.apache.ratis.server.impl.RaftServerProxy.submitRequest(RaftServerProxy.java:327) ~[ratis-server-0.5.0-201fc85-SNAPSHOT.jar:0.5.0-201fc85-SNAPSHOT]
	at org.apache.ratis.server.impl.RaftServerProxy.submitClientRequestAsync(RaftServerProxy.java:333) ~[ratis-server-0.5.0-201fc85-SNAPSHOT.jar:0.5.0-201fc85-SNAPSHOT]
	at org.apache.ratis.grpc.client.GrpcClientProtocolService$RequestStreamObserver.processClientRequest(GrpcClientProtocolService.java:220) ~[ratis-grpc-0.5.0-201fc85-SNAPSHOT.jar:0.5.0-201fc85-SNAPSHOT]
	at org.apache.ratis.grpc.client.GrpcClientProtocolService$OrderedRequestStreamObserver.processClientRequest(GrpcClientProtocolService.java:326) ~[ratis-grpc-0.5.0-201fc85-SNAPSHOT.jar:0.5.0-201fc85-SNAPSHOT]
	at org.apache.ratis.util.SlidingWindow$Server.processRequestsFromHead(SlidingWindow.java:429) [ratis-common-0.5.0-201fc85-SNAPSHOT.jar:0.5.0-201fc85-SNAPSHOT]
	at org.apache.ratis.util.SlidingWindow$Server.receivedRequest(SlidingWindow.java:421) [ratis-common-0.5.0-201fc85-SNAPSHOT.jar:0.5.0-201fc85-SNAPSHOT]
	at org.apache.ratis.grpc.client.GrpcClientProtocolService$OrderedRequestStreamObserver.processClientRequest(GrpcClientProtocolService.java:345) [ratis-grpc-0.5.0-201fc85-SNAPSHOT.jar:0.5.0-201fc85-SNAPSHOT]
	at org.apache.ratis.grpc.client.GrpcClientProtocolService$RequestStreamObserver.onNext(GrpcClientProtocolService.java:240) [ratis-grpc-0.5.0-201fc85-SNAPSHOT.jar:0.5.0-201fc85-SNAPSHOT]
	at org.apache.ratis.grpc.client.GrpcClientProtocolService$RequestStreamObserver.onNext(GrpcClientProtocolService.java:168) [ratis-grpc-0.5.0-201fc85-SNAPSHOT.jar:0.5.0-201fc85-SNAPSHOT]
	at org.apache.ratis.thirdparty.io.grpc.stub.ServerCalls$StreamingServerCallHandler$StreamingServerCallListener.onMessage(ServerCalls.java:248) [ratis-thirdparty-misc-0.2.0.jar:0.2.0]
	at org.apache.ratis.thirdparty.io.grpc.internal.ServerCallImpl$ServerStreamListenerImpl.messagesAvailable(ServerCallImpl.java:263) [ratis-thirdparty-misc-0.2.0.jar:0.2.0]
	at org.apache.ratis.thirdparty.io.grpc.internal.ServerImpl$JumpToApplicationThreadServerStreamListener$1MessagesAvailable.runInContext(ServerImpl.java:686) [ratis-thirdparty-misc-0.2.0.jar:0.2.0]
	at org.apache.ratis.thirdparty.io.grpc.internal.ContextRunnable.run(ContextRunnable.java:37) [ratis-thirdparty-misc-0.2.0.jar:0.2.0]
	at org.apache.ratis.thirdparty.io.grpc.internal.SerializingExecutor.run(SerializingExecutor.java:123) [ratis-thirdparty-misc-0.2.0.jar:0.2.0]
	at java.util.concurrent.ThreadPoolExecutor.runWorker(ThreadPoolExecutor.java:1149) [?:1.8.0_212]
	at java.util.concurrent.ThreadPoolExecutor$Worker.run(ThreadPoolExecutor.java:624) [?:1.8.0_212]
	at java.lang.Thread.run(Thread.java:748) [?:1.8.0_212]
14:03:51.877 [grpc-default-executor-9] ERROR DNAudit - user=null | ip=null | op=WRITE_CHUNK {blockData=conID: 1 locID: 102904483754934285 bcsId: 14} | ret=FAILURE
org.apache.hadoop.hdds.scm.container.common.helpers.ContainerNotOpenException: Container 1 in CLOSING state
	at org.apache.hadoop.ozone.container.common.impl.HddsDispatcher.validateContainerCommand(HddsDispatcher.java:434) ~[hadoop-hdds-container-service-0.5.0-SNAPSHOT.jar:?]
	at org.apache.hadoop.ozone.container.common.transport.server.ratis.ContainerStateMachine.startTransaction(ContainerStateMachine.java:319) ~[hadoop-hdds-container-service-0.5.0-SNAPSHOT.jar:?]
	at org.apache.ratis.server.impl.RaftServerImpl.submitClientRequestAsync(RaftServerImpl.java:569) ~[ratis-server-0.5.0-201fc85-SNAPSHOT.jar:0.5.0-201fc85-SNAPSHOT]
	at org.apache.ratis.server.impl.RaftServerProxy.lambda$submitClientRequestAsync$7(RaftServerProxy.java:333) ~[ratis-server-0.5.0-201fc85-SNAPSHOT.jar:0.5.0-201fc85-SNAPSHOT]
	at org.apache.ratis.server.impl.RaftServerProxy.lambda$null$5(RaftServerProxy.java:328) ~[ratis-server-0.5.0-201fc85-SNAPSHOT.jar:0.5.0-201fc85-SNAPSHOT]
	at org.apache.ratis.util.JavaUtils.callAsUnchecked(JavaUtils.java:109) ~[ratis-common-0.5.0-201fc85-SNAPSHOT.jar:0.5.0-201fc85-SNAPSHOT]
	at org.apache.ratis.server.impl.RaftServerProxy.lambda$submitRequest$6(RaftServerProxy.java:328) ~[ratis-server-0.5.0-201fc85-SNAPSHOT.jar:0.5.0-201fc85-SNAPSHOT]
	at java.util.concurrent.CompletableFuture.uniComposeStage(CompletableFuture.java:981) ~[?:1.8.0_212]
	at java.util.concurrent.CompletableFuture.thenCompose(CompletableFuture.java:2124) ~[?:1.8.0_212]
	at org.apache.ratis.server.impl.RaftServerProxy.submitRequest(RaftServerProxy.java:327) ~[ratis-server-0.5.0-201fc85-SNAPSHOT.jar:0.5.0-201fc85-SNAPSHOT]
	at org.apache.ratis.server.impl.RaftServerProxy.submitClientRequestAsync(RaftServerProxy.java:333) ~[ratis-server-0.5.0-201fc85-SNAPSHOT.jar:0.5.0-201fc85-SNAPSHOT]
	at org.apache.ratis.grpc.client.GrpcClientProtocolService$RequestStreamObserver.processClientRequest(GrpcClientProtocolService.java:220) ~[ratis-grpc-0.5.0-201fc85-SNAPSHOT.jar:0.5.0-201fc85-SNAPSHOT]
	at org.apache.ratis.grpc.client.GrpcClientProtocolService$OrderedRequestStreamObserver.processClientRequest(GrpcClientProtocolService.java:326) ~[ratis-grpc-0.5.0-201fc85-SNAPSHOT.jar:0.5.0-201fc85-SNAPSHOT]
	at org.apache.ratis.util.SlidingWindow$Server.processRequestsFromHead(SlidingWindow.java:429) [ratis-common-0.5.0-201fc85-SNAPSHOT.jar:0.5.0-201fc85-SNAPSHOT]
	at org.apache.ratis.util.SlidingWindow$Server.receivedRequest(SlidingWindow.java:421) [ratis-common-0.5.0-201fc85-SNAPSHOT.jar:0.5.0-201fc85-SNAPSHOT]
	at org.apache.ratis.grpc.client.GrpcClientProtocolService$OrderedRequestStreamObserver.processClientRequest(GrpcClientProtocolService.java:345) [ratis-grpc-0.5.0-201fc85-SNAPSHOT.jar:0.5.0-201fc85-SNAPSHOT]
	at org.apache.ratis.grpc.client.GrpcClientProtocolService$RequestStreamObserver.onNext(GrpcClientProtocolService.java:240) [ratis-grpc-0.5.0-201fc85-SNAPSHOT.jar:0.5.0-201fc85-SNAPSHOT]
	at org.apache.ratis.grpc.client.GrpcClientProtocolService$RequestStreamObserver.onNext(GrpcClientProtocolService.java:168) [ratis-grpc-0.5.0-201fc85-SNAPSHOT.jar:0.5.0-201fc85-SNAPSHOT]
	at org.apache.ratis.thirdparty.io.grpc.stub.ServerCalls$StreamingServerCallHandler$StreamingServerCallListener.onMessage(ServerCalls.java:248) [ratis-thirdparty-misc-0.2.0.jar:0.2.0]
	at org.apache.ratis.thirdparty.io.grpc.internal.ServerCallImpl$ServerStreamListenerImpl.messagesAvailable(ServerCallImpl.java:263) [ratis-thirdparty-misc-0.2.0.jar:0.2.0]
	at org.apache.ratis.thirdparty.io.grpc.internal.ServerImpl$JumpToApplicationThreadServerStreamListener$1MessagesAvailable.runInContext(ServerImpl.java:686) [ratis-thirdparty-misc-0.2.0.jar:0.2.0]
	at org.apache.ratis.thirdparty.io.grpc.internal.ContextRunnable.run(ContextRunnable.java:37) [ratis-thirdparty-misc-0.2.0.jar:0.2.0]
	at org.apache.ratis.thirdparty.io.grpc.internal.SerializingExecutor.run(SerializingExecutor.java:123) [ratis-thirdparty-misc-0.2.0.jar:0.2.0]
	at java.util.concurrent.ThreadPoolExecutor.runWorker(ThreadPoolExecutor.java:1149) [?:1.8.0_212]
	at java.util.concurrent.ThreadPoolExecutor$Worker.run(ThreadPoolExecutor.java:624) [?:1.8.0_212]
	at java.lang.Thread.run(Thread.java:748) [?:1.8.0_212]
14:03:51.879 [grpc-default-executor-9] ERROR DNAudit - user=null | ip=null | op=WRITE_CHUNK {blockData=conID: 1 locID: 102904483754934285 bcsId: 14} | ret=FAILURE
org.apache.hadoop.hdds.scm.container.common.helpers.ContainerNotOpenException: Container 1 in CLOSING state
	at org.apache.hadoop.ozone.container.common.impl.HddsDispatcher.validateContainerCommand(HddsDispatcher.java:434) ~[hadoop-hdds-container-service-0.5.0-SNAPSHOT.jar:?]
	at org.apache.hadoop.ozone.container.common.transport.server.ratis.ContainerStateMachine.startTransaction(ContainerStateMachine.java:319) ~[hadoop-hdds-container-service-0.5.0-SNAPSHOT.jar:?]
	at org.apache.ratis.server.impl.RaftServerImpl.submitClientRequestAsync(RaftServerImpl.java:569) ~[ratis-server-0.5.0-201fc85-SNAPSHOT.jar:0.5.0-201fc85-SNAPSHOT]
	at org.apache.ratis.server.impl.RaftServerProxy.lambda$submitClientRequestAsync$7(RaftServerProxy.java:333) ~[ratis-server-0.5.0-201fc85-SNAPSHOT.jar:0.5.0-201fc85-SNAPSHOT]
	at org.apache.ratis.server.impl.RaftServerProxy.lambda$null$5(RaftServerProxy.java:328) ~[ratis-server-0.5.0-201fc85-SNAPSHOT.jar:0.5.0-201fc85-SNAPSHOT]
	at org.apache.ratis.util.JavaUtils.callAsUnchecked(JavaUtils.java:109) ~[ratis-common-0.5.0-201fc85-SNAPSHOT.jar:0.5.0-201fc85-SNAPSHOT]
	at org.apache.ratis.server.impl.RaftServerProxy.lambda$submitRequest$6(RaftServerProxy.java:328) ~[ratis-server-0.5.0-201fc85-SNAPSHOT.jar:0.5.0-201fc85-SNAPSHOT]
	at java.util.concurrent.CompletableFuture.uniComposeStage(CompletableFuture.java:981) ~[?:1.8.0_212]
	at java.util.concurrent.CompletableFuture.thenCompose(CompletableFuture.java:2124) ~[?:1.8.0_212]
	at org.apache.ratis.server.impl.RaftServerProxy.submitRequest(RaftServerProxy.java:327) ~[ratis-server-0.5.0-201fc85-SNAPSHOT.jar:0.5.0-201fc85-SNAPSHOT]
	at org.apache.ratis.server.impl.RaftServerProxy.submitClientRequestAsync(RaftServerProxy.java:333) ~[ratis-server-0.5.0-201fc85-SNAPSHOT.jar:0.5.0-201fc85-SNAPSHOT]
	at org.apache.ratis.grpc.client.GrpcClientProtocolService$RequestStreamObserver.processClientRequest(GrpcClientProtocolService.java:220) ~[ratis-grpc-0.5.0-201fc85-SNAPSHOT.jar:0.5.0-201fc85-SNAPSHOT]
	at org.apache.ratis.grpc.client.GrpcClientProtocolService$OrderedRequestStreamObserver.processClientRequest(GrpcClientProtocolService.java:326) ~[ratis-grpc-0.5.0-201fc85-SNAPSHOT.jar:0.5.0-201fc85-SNAPSHOT]
	at org.apache.ratis.util.SlidingWindow$Server.processRequestsFromHead(SlidingWindow.java:429) [ratis-common-0.5.0-201fc85-SNAPSHOT.jar:0.5.0-201fc85-SNAPSHOT]
	at org.apache.ratis.util.SlidingWindow$Server.receivedRequest(SlidingWindow.java:421) [ratis-common-0.5.0-201fc85-SNAPSHOT.jar:0.5.0-201fc85-SNAPSHOT]
	at org.apache.ratis.grpc.client.GrpcClientProtocolService$OrderedRequestStreamObserver.processClientRequest(GrpcClientProtocolService.java:345) [ratis-grpc-0.5.0-201fc85-SNAPSHOT.jar:0.5.0-201fc85-SNAPSHOT]
	at org.apache.ratis.grpc.client.GrpcClientProtocolService$RequestStreamObserver.onNext(GrpcClientProtocolService.java:240) [ratis-grpc-0.5.0-201fc85-SNAPSHOT.jar:0.5.0-201fc85-SNAPSHOT]
	at org.apache.ratis.grpc.client.GrpcClientProtocolService$RequestStreamObserver.onNext(GrpcClientProtocolService.java:168) [ratis-grpc-0.5.0-201fc85-SNAPSHOT.jar:0.5.0-201fc85-SNAPSHOT]
	at org.apache.ratis.thirdparty.io.grpc.stub.ServerCalls$StreamingServerCallHandler$StreamingServerCallListener.onMessage(ServerCalls.java:248) [ratis-thirdparty-misc-0.2.0.jar:0.2.0]
	at org.apache.ratis.thirdparty.io.grpc.internal.ServerCallImpl$ServerStreamListenerImpl.messagesAvailable(ServerCallImpl.java:263) [ratis-thirdparty-misc-0.2.0.jar:0.2.0]
	at org.apache.ratis.thirdparty.io.grpc.internal.ServerImpl$JumpToApplicationThreadServerStreamListener$1MessagesAvailable.runInContext(ServerImpl.java:686) [ratis-thirdparty-misc-0.2.0.jar:0.2.0]
	at org.apache.ratis.thirdparty.io.grpc.internal.ContextRunnable.run(ContextRunnable.java:37) [ratis-thirdparty-misc-0.2.0.jar:0.2.0]
	at org.apache.ratis.thirdparty.io.grpc.internal.SerializingExecutor.run(SerializingExecutor.java:123) [ratis-thirdparty-misc-0.2.0.jar:0.2.0]
	at java.util.concurrent.ThreadPoolExecutor.runWorker(ThreadPoolExecutor.java:1149) [?:1.8.0_212]
	at java.util.concurrent.ThreadPoolExecutor$Worker.run(ThreadPoolExecutor.java:624) [?:1.8.0_212]
	at java.lang.Thread.run(Thread.java:748) [?:1.8.0_212]
14:03:51.886 [grpc-default-executor-9] ERROR DNAudit - user=null | ip=null | op=PUT_BLOCK {blockData=[blockId=conID: 1 locID: 102904483754934285 bcsId: 0,size=800]} | ret=FAILURE
org.apache.hadoop.hdds.scm.container.common.helpers.ContainerNotOpenException: Container 1 in CLOSING state
	at org.apache.hadoop.ozone.container.common.impl.HddsDispatcher.validateContainerCommand(HddsDispatcher.java:434) ~[hadoop-hdds-container-service-0.5.0-SNAPSHOT.jar:?]
	at org.apache.hadoop.ozone.container.common.transport.server.ratis.ContainerStateMachine.startTransaction(ContainerStateMachine.java:319) ~[hadoop-hdds-container-service-0.5.0-SNAPSHOT.jar:?]
	at org.apache.ratis.server.impl.RaftServerImpl.submitClientRequestAsync(RaftServerImpl.java:569) ~[ratis-server-0.5.0-201fc85-SNAPSHOT.jar:0.5.0-201fc85-SNAPSHOT]
	at org.apache.ratis.server.impl.RaftServerProxy.lambda$submitClientRequestAsync$7(RaftServerProxy.java:333) ~[ratis-server-0.5.0-201fc85-SNAPSHOT.jar:0.5.0-201fc85-SNAPSHOT]
	at org.apache.ratis.server.impl.RaftServerProxy.lambda$null$5(RaftServerProxy.java:328) ~[ratis-server-0.5.0-201fc85-SNAPSHOT.jar:0.5.0-201fc85-SNAPSHOT]
	at org.apache.ratis.util.JavaUtils.callAsUnchecked(JavaUtils.java:109) ~[ratis-common-0.5.0-201fc85-SNAPSHOT.jar:0.5.0-201fc85-SNAPSHOT]
	at org.apache.ratis.server.impl.RaftServerProxy.lambda$submitRequest$6(RaftServerProxy.java:328) ~[ratis-server-0.5.0-201fc85-SNAPSHOT.jar:0.5.0-201fc85-SNAPSHOT]
	at java.util.concurrent.CompletableFuture.uniComposeStage(CompletableFuture.java:981) ~[?:1.8.0_212]
	at java.util.concurrent.CompletableFuture.thenCompose(CompletableFuture.java:2124) ~[?:1.8.0_212]
	at org.apache.ratis.server.impl.RaftServerProxy.submitRequest(RaftServerProxy.java:327) ~[ratis-server-0.5.0-201fc85-SNAPSHOT.jar:0.5.0-201fc85-SNAPSHOT]
	at org.apache.ratis.server.impl.RaftServerProxy.submitClientRequestAsync(RaftServerProxy.java:333) ~[ratis-server-0.5.0-201fc85-SNAPSHOT.jar:0.5.0-201fc85-SNAPSHOT]
	at org.apache.ratis.grpc.client.GrpcClientProtocolService$RequestStreamObserver.processClientRequest(GrpcClientProtocolService.java:220) ~[ratis-grpc-0.5.0-201fc85-SNAPSHOT.jar:0.5.0-201fc85-SNAPSHOT]
	at org.apache.ratis.grpc.client.GrpcClientProtocolService$OrderedRequestStreamObserver.processClientRequest(GrpcClientProtocolService.java:326) ~[ratis-grpc-0.5.0-201fc85-SNAPSHOT.jar:0.5.0-201fc85-SNAPSHOT]
	at org.apache.ratis.util.SlidingWindow$Server.processRequestsFromHead(SlidingWindow.java:429) [ratis-common-0.5.0-201fc85-SNAPSHOT.jar:0.5.0-201fc85-SNAPSHOT]
	at org.apache.ratis.util.SlidingWindow$Server.receivedRequest(SlidingWindow.java:421) [ratis-common-0.5.0-201fc85-SNAPSHOT.jar:0.5.0-201fc85-SNAPSHOT]
	at org.apache.ratis.grpc.client.GrpcClientProtocolService$OrderedRequestStreamObserver.processClientRequest(GrpcClientProtocolService.java:345) [ratis-grpc-0.5.0-201fc85-SNAPSHOT.jar:0.5.0-201fc85-SNAPSHOT]
	at org.apache.ratis.grpc.client.GrpcClientProtocolService$RequestStreamObserver.onNext(GrpcClientProtocolService.java:240) [ratis-grpc-0.5.0-201fc85-SNAPSHOT.jar:0.5.0-201fc85-SNAPSHOT]
	at org.apache.ratis.grpc.client.GrpcClientProtocolService$RequestStreamObserver.onNext(GrpcClientProtocolService.java:168) [ratis-grpc-0.5.0-201fc85-SNAPSHOT.jar:0.5.0-201fc85-SNAPSHOT]
	at org.apache.ratis.thirdparty.io.grpc.stub.ServerCalls$StreamingServerCallHandler$StreamingServerCallListener.onMessage(ServerCalls.java:248) [ratis-thirdparty-misc-0.2.0.jar:0.2.0]
	at org.apache.ratis.thirdparty.io.grpc.internal.ServerCallImpl$ServerStreamListenerImpl.messagesAvailable(ServerCallImpl.java:263) [ratis-thirdparty-misc-0.2.0.jar:0.2.0]
	at org.apache.ratis.thirdparty.io.grpc.internal.ServerImpl$JumpToApplicationThreadServerStreamListener$1MessagesAvailable.runInContext(ServerImpl.java:686) [ratis-thirdparty-misc-0.2.0.jar:0.2.0]
	at org.apache.ratis.thirdparty.io.grpc.internal.ContextRunnable.run(ContextRunnable.java:37) [ratis-thirdparty-misc-0.2.0.jar:0.2.0]
	at org.apache.ratis.thirdparty.io.grpc.internal.SerializingExecutor.run(SerializingExecutor.java:123) [ratis-thirdparty-misc-0.2.0.jar:0.2.0]
	at java.util.concurrent.ThreadPoolExecutor.runWorker(ThreadPoolExecutor.java:1149) [?:1.8.0_212]
	at java.util.concurrent.ThreadPoolExecutor$Worker.run(ThreadPoolExecutor.java:624) [?:1.8.0_212]
	at java.lang.Thread.run(Thread.java:748) [?:1.8.0_212]
2019-10-04 14:03:52,276 [main] INFO  ozone.MiniOzoneClusterImpl (MiniOzoneClusterImpl.java:shutdown(314)) - Shutting down the Mini Ozone Cluster
2019-10-04 14:03:52,277 [main] INFO  ozone.MiniOzoneClusterImpl (MiniOzoneClusterImpl.java:stop(330)) - Stopping the Mini Ozone Cluster
2019-10-04 14:03:52,277 [main] INFO  ozone.MiniOzoneClusterImpl (MiniOzoneClusterImpl.java:stopOM(400)) - Stopping the OzoneManager
2019-10-04 14:03:52,277 [main] INFO  ipc.Server (Server.java:stop(3082)) - Stopping server on 43416
2019-10-04 14:03:52,292 [IPC Server listener on 43416] INFO  ipc.Server (Server.java:run(1185)) - Stopping IPC Server listener on 43416
2019-10-04 14:03:52,292 [main] INFO  ratis.OzoneManagerDoubleBuffer (OzoneManagerDoubleBuffer.java:stop(248)) - Stopping OMDoubleBuffer flush thread
2019-10-04 14:03:52,292 [IPC Server Responder] INFO  ipc.Server (Server.java:run(1319)) - Stopping IPC Server Responder
2019-10-04 14:03:52,295 [OMDoubleBufferFlushThread] INFO  ratis.OzoneManagerDoubleBuffer (OzoneManagerDoubleBuffer.java:flushTransactions(191)) - OMDoubleBuffer flush thread OMDoubleBufferFlushThread is interrupted and will exit. OMDoubleBufferFlushThread
2019-10-04 14:03:52,295 [main] INFO  utils.BackgroundService (BackgroundService.java:shutdown(148)) - Shutting down service KeyDeletingService
2019-10-04 14:03:52,296 [main] INFO  handler.ContextHandler (ContextHandler.java:doStop(910)) - Stopped o.e.j.w.WebAppContext@3009eed7{/,null,UNAVAILABLE}{/ozoneManager}
2019-10-04 14:03:52,297 [main] INFO  server.AbstractConnector (AbstractConnector.java:doStop(318)) - Stopped ServerConnector@2ee4706d{HTTP/1.1,[http/1.1]}{0.0.0.0:0}
2019-10-04 14:03:52,297 [main] INFO  handler.ContextHandler (ContextHandler.java:doStop(910)) - Stopped o.e.j.s.ServletContextHandler@2c48cede{/static,file:///workdir/hadoop-ozone/integration-test/target/test-classes/webapps/static,UNAVAILABLE}
2019-10-04 14:03:52,298 [main] INFO  handler.ContextHandler (ContextHandler.java:doStop(910)) - Stopped o.e.j.s.ServletContextHandler@6842c101{/logs,file:///workdir/hadoop-ozone/integration-test/target/log,UNAVAILABLE}
2019-10-04 14:03:52,300 [main] INFO  ozone.MiniOzoneClusterImpl (MiniOzoneClusterImpl.java:stopDatanodes(377)) - Stopping the HddsDatanodes
2019-10-04 14:03:52,511 [Datanode State Machine Thread - 0] INFO  statemachine.DatanodeStateMachine (DatanodeStateMachine.java:lambda$startDaemon$0(350)) - Ozone container server started.
2019-10-04 14:03:52,615 [Datanode State Machine Thread - 0] INFO  statemachine.DatanodeStateMachine (DatanodeStateMachine.java:lambda$startDaemon$0(350)) - Ozone container server started.
2019-10-04 14:03:54,178 [grpc-default-executor-14] WARN  server.GrpcLogAppender (LogUtils.java:warn(134)) - 2eb9c693-8c7a-498f-9bb2-9f02bd340f6f@group-6783F07A3B9C->4f0d32d0-8b81-48af-bff0-df3de040520e-AppendLogResponseHandler: Failed appendEntries: org.apache.ratis.thirdparty.io.grpc.StatusRuntimeException: UNAVAILABLE: io exception
2019-10-04 14:03:54,178 [grpc-default-executor-14] INFO  impl.FollowerInfo (FollowerInfo.java:lambda$new$0(51)) - 2eb9c693-8c7a-498f-9bb2-9f02bd340f6f@group-6783F07A3B9C->4f0d32d0-8b81-48af-bff0-df3de040520e: nextIndex: updateUnconditionally 1 -> 0
2019-10-04 14:03:56,582 [EventQueue-StaleNodeForStaleNodeHandler] INFO  node.StaleNodeHandler (StaleNodeHandler.java:onMessage(58)) - Datanode 4b936257-ae70-49d0-a2b9-62c8e68e72da{ip: 192.168.5.142, host: pr-hdds-2204-d78b8-1674338442, networkLocation: /default-rack, certSerialId: null} moved to stale state. Finalizing its pipelines [PipelineID=c7269173-8857-4b58-a904-caaa789332fb, PipelineID=ce0e5f59-f76c-4046-97e7-6783f07a3b9c]
2019-10-04 14:03:56,582 [EventQueue-StaleNodeForStaleNodeHandler] INFO  pipeline.SCMPipelineManager (SCMPipelineManager.java:finalizeAndDestroyPipeline(315)) - destroying pipeline:Pipeline[ Id: c7269173-8857-4b58-a904-caaa789332fb, Nodes: 4b936257-ae70-49d0-a2b9-62c8e68e72da{ip: 192.168.5.142, host: pr-hdds-2204-d78b8-1674338442, networkLocation: /default-rack, certSerialId: null}, Type:RATIS, Factor:ONE, State:OPEN]
2019-10-04 14:03:56,583 [EventQueue-StaleNodeForStaleNodeHandler] INFO  pipeline.PipelineStateManager (PipelineStateManager.java:finalizePipeline(123)) - Pipeline Pipeline[ Id: c7269173-8857-4b58-a904-caaa789332fb, Nodes: 4b936257-ae70-49d0-a2b9-62c8e68e72da{ip: 192.168.5.142, host: pr-hdds-2204-d78b8-1674338442, networkLocation: /default-rack, certSerialId: null}, Type:RATIS, Factor:ONE, State:CLOSED] moved to CLOSED state
2019-10-04 14:03:56,583 [EventQueue-StaleNodeForStaleNodeHandler] INFO  pipeline.SCMPipelineManager (SCMPipelineManager.java:finalizeAndDestroyPipeline(315)) - destroying pipeline:Pipeline[ Id: ce0e5f59-f76c-4046-97e7-6783f07a3b9c, Nodes: 4f0d32d0-8b81-48af-bff0-df3de040520e{ip: 192.168.5.142, host: pr-hdds-2204-d78b8-1674338442, networkLocation: /default-rack, certSerialId: null}4b936257-ae70-49d0-a2b9-62c8e68e72da{ip: 192.168.5.142, host: pr-hdds-2204-d78b8-1674338442, networkLocation: /default-rack, certSerialId: null}2eb9c693-8c7a-498f-9bb2-9f02bd340f6f{ip: 192.168.5.142, host: pr-hdds-2204-d78b8-1674338442, networkLocation: /default-rack, certSerialId: null}, Type:RATIS, Factor:THREE, State:CLOSED]
2019-10-04 14:03:56,674 [grpc-default-executor-14] WARN  server.GrpcLogAppender (LogUtils.java:warn(134)) - 2eb9c693-8c7a-498f-9bb2-9f02bd340f6f@group-6783F07A3B9C->4f0d32d0-8b81-48af-bff0-df3de040520e-AppendLogResponseHandler: Failed appendEntries: org.apache.ratis.thirdparty.io.grpc.StatusRuntimeException: UNAVAILABLE: io exception
2019-10-04 14:03:56,674 [grpc-default-executor-14] INFO  impl.FollowerInfo (FollowerInfo.java:lambda$new$0(51)) - 2eb9c693-8c7a-498f-9bb2-9f02bd340f6f@group-6783F07A3B9C->4f0d32d0-8b81-48af-bff0-df3de040520e: nextIndex: updateUnconditionally 0 -> 0
2019-10-04 14:03:56,682 [EventQueue-StaleNodeForStaleNodeHandler] INFO  node.StaleNodeHandler (StaleNodeHandler.java:onMessage(58)) - Datanode 2eb9c693-8c7a-498f-9bb2-9f02bd340f6f{ip: 192.168.5.142, host: pr-hdds-2204-d78b8-1674338442, networkLocation: /default-rack, certSerialId: null} moved to stale state. Finalizing its pipelines [PipelineID=e989402f-0905-46ad-a20f-e4a9e4ecdcf8, PipelineID=ce0e5f59-f76c-4046-97e7-6783f07a3b9c]
2019-10-04 14:03:56,685 [EventQueue-StaleNodeForStaleNodeHandler] INFO  pipeline.SCMPipelineManager (SCMPipelineManager.java:finalizeAndDestroyPipeline(315)) - destroying pipeline:Pipeline[ Id: e989402f-0905-46ad-a20f-e4a9e4ecdcf8, Nodes: 2eb9c693-8c7a-498f-9bb2-9f02bd340f6f{ip: 192.168.5.142, host: pr-hdds-2204-d78b8-1674338442, networkLocation: /default-rack, certSerialId: null}, Type:RATIS, Factor:ONE, State:OPEN]
2019-10-04 14:03:56,686 [EventQueue-StaleNodeForStaleNodeHandler] INFO  pipeline.PipelineStateManager (PipelineStateManager.java:finalizePipeline(123)) - Pipeline Pipeline[ Id: e989402f-0905-46ad-a20f-e4a9e4ecdcf8, Nodes: 2eb9c693-8c7a-498f-9bb2-9f02bd340f6f{ip: 192.168.5.142, host: pr-hdds-2204-d78b8-1674338442, networkLocation: /default-rack, certSerialId: null}, Type:RATIS, Factor:ONE, State:CLOSED] moved to CLOSED state
2019-10-04 14:03:56,686 [EventQueue-StaleNodeForStaleNodeHandler] INFO  pipeline.SCMPipelineManager (SCMPipelineManager.java:finalizeAndDestroyPipeline(315)) - destroying pipeline:Pipeline[ Id: ce0e5f59-f76c-4046-97e7-6783f07a3b9c, Nodes: 4f0d32d0-8b81-48af-bff0-df3de040520e{ip: 192.168.5.142, host: pr-hdds-2204-d78b8-1674338442, networkLocation: /default-rack, certSerialId: null}4b936257-ae70-49d0-a2b9-62c8e68e72da{ip: 192.168.5.142, host: pr-hdds-2204-d78b8-1674338442, networkLocation: /default-rack, certSerialId: null}2eb9c693-8c7a-498f-9bb2-9f02bd340f6f{ip: 192.168.5.142, host: pr-hdds-2204-d78b8-1674338442, networkLocation: /default-rack, certSerialId: null}, Type:RATIS, Factor:THREE, State:CLOSED]
2019-10-04 14:03:57,301 [main] INFO  ozoneimpl.OzoneContainer (OzoneContainer.java:stop(231)) - Attempting to stop container services.
2019-10-04 14:03:57,302 [ForkJoinPool.commonPool-worker-0] INFO  ozoneimpl.OzoneContainer (OzoneContainer.java:stop(231)) - Attempting to stop container services.
2019-10-04 14:03:57,305 [main] INFO  impl.RaftServerProxy (RaftServerProxy.java:lambda$close$4(314)) - 2eb9c693-8c7a-498f-9bb2-9f02bd340f6f: close
2019-10-04 14:03:57,305 [ForkJoinPool.commonPool-worker-0] INFO  impl.RaftServerProxy (RaftServerProxy.java:lambda$close$4(314)) - 4b936257-ae70-49d0-a2b9-62c8e68e72da: close
2019-10-04 14:03:57,306 [main] INFO  impl.RaftServerImpl (RaftServerImpl.java:lambda$shutdown$3(247)) - 2eb9c693-8c7a-498f-9bb2-9f02bd340f6f@group-E4A9E4ECDCF8: shutdown
2019-10-04 14:03:57,306 [ForkJoinPool.commonPool-worker-0] INFO  impl.RaftServerImpl (RaftServerImpl.java:lambda$shutdown$3(247)) - 4b936257-ae70-49d0-a2b9-62c8e68e72da@group-CAAA789332FB: shutdown
2019-10-04 14:03:57,306 [main] INFO  util.JmxRegister (JmxRegister.java:unregister(73)) - Successfully un-registered JMX Bean with object name Ratis:service=RaftServer,group=group-E4A9E4ECDCF8,id=2eb9c693-8c7a-498f-9bb2-9f02bd340f6f
2019-10-04 14:03:57,307 [ForkJoinPool.commonPool-worker-0] INFO  util.JmxRegister (JmxRegister.java:unregister(73)) - Successfully un-registered JMX Bean with object name Ratis:service=RaftServer,group=group-CAAA789332FB,id=4b936257-ae70-49d0-a2b9-62c8e68e72da
2019-10-04 14:03:57,307 [main] INFO  impl.RoleInfo (RoleInfo.java:shutdownLeaderState(104)) - 2eb9c693-8c7a-498f-9bb2-9f02bd340f6f: shutdown LeaderState
2019-10-04 14:03:57,307 [ForkJoinPool.commonPool-worker-0] INFO  impl.RoleInfo (RoleInfo.java:shutdownLeaderState(104)) - 4b936257-ae70-49d0-a2b9-62c8e68e72da: shutdown LeaderState
2019-10-04 14:03:57,308 [main] INFO  impl.PendingRequests (PendingRequests.java:sendNotLeaderResponses(202)) - 2eb9c693-8c7a-498f-9bb2-9f02bd340f6f@group-E4A9E4ECDCF8-PendingRequests: sendNotLeaderResponses
2019-10-04 14:03:57,308 [ForkJoinPool.commonPool-worker-0] INFO  impl.PendingRequests (PendingRequests.java:sendNotLeaderResponses(202)) - 4b936257-ae70-49d0-a2b9-62c8e68e72da@group-CAAA789332FB-PendingRequests: sendNotLeaderResponses
2019-10-04 14:03:57,309 [main] INFO  impl.StateMachineUpdater (StateMachineUpdater.java:stopAndJoin(136)) - 2eb9c693-8c7a-498f-9bb2-9f02bd340f6f@group-E4A9E4ECDCF8-StateMachineUpdater: set stopIndex = 0
2019-10-04 14:03:57,309 [ForkJoinPool.commonPool-worker-0] INFO  impl.StateMachineUpdater (StateMachineUpdater.java:stopAndJoin(136)) - 4b936257-ae70-49d0-a2b9-62c8e68e72da@group-CAAA789332FB-StateMachineUpdater: set stopIndex = 0
2019-10-04 14:03:57,309 [main] INFO  impl.RaftServerImpl (ServerState.java:close(387)) - 2eb9c693-8c7a-498f-9bb2-9f02bd340f6f@group-E4A9E4ECDCF8: closes. applyIndex: 0
2019-10-04 14:03:57,309 [ForkJoinPool.commonPool-worker-0] INFO  impl.RaftServerImpl (ServerState.java:close(387)) - 4b936257-ae70-49d0-a2b9-62c8e68e72da@group-CAAA789332FB: closes. applyIndex: 0
2019-10-04 14:03:57,310 [2eb9c693-8c7a-498f-9bb2-9f02bd340f6f@group-E4A9E4ECDCF8-SegmentedRaftLogWorker] INFO  segmented.SegmentedRaftLogWorker (SegmentedRaftLogWorker.java:run(316)) - 2eb9c693-8c7a-498f-9bb2-9f02bd340f6f@group-E4A9E4ECDCF8-SegmentedRaftLogWorker was interrupted, exiting. There are 0 tasks remaining in the queue.
2019-10-04 14:03:57,310 [4b936257-ae70-49d0-a2b9-62c8e68e72da@group-CAAA789332FB-SegmentedRaftLogWorker] INFO  segmented.SegmentedRaftLogWorker (SegmentedRaftLogWorker.java:run(316)) - 4b936257-ae70-49d0-a2b9-62c8e68e72da@group-CAAA789332FB-SegmentedRaftLogWorker was interrupted, exiting. There are 0 tasks remaining in the queue.
2019-10-04 14:03:57,312 [main] INFO  segmented.SegmentedRaftLogWorker (SegmentedRaftLogWorker.java:close(224)) - 2eb9c693-8c7a-498f-9bb2-9f02bd340f6f@group-E4A9E4ECDCF8-SegmentedRaftLogWorker close()
2019-10-04 14:03:57,318 [main] INFO  impl.RaftServerImpl (RaftServerImpl.java:lambda$shutdown$3(247)) - 2eb9c693-8c7a-498f-9bb2-9f02bd340f6f@group-6783F07A3B9C: shutdown
2019-10-04 14:03:57,318 [main] INFO  util.JmxRegister (JmxRegister.java:unregister(73)) - Successfully un-registered JMX Bean with object name Ratis:service=RaftServer,group=group-6783F07A3B9C,id=2eb9c693-8c7a-498f-9bb2-9f02bd340f6f
2019-10-04 14:03:57,318 [main] INFO  impl.RoleInfo (RoleInfo.java:shutdownLeaderState(104)) - 2eb9c693-8c7a-498f-9bb2-9f02bd340f6f: shutdown LeaderState
2019-10-04 14:03:57,322 [org.apache.ratis.server.impl.LogAppender$AppenderDaemon$$Lambda$521/932182640@55e4770e] WARN  server.GrpcLogAppender (GrpcLogAppender.java:mayWait(143)) - 2eb9c693-8c7a-498f-9bb2-9f02bd340f6f@group-6783F07A3B9C->4b936257-ae70-49d0-a2b9-62c8e68e72da-GrpcLogAppender: Wait interrupted by java.lang.InterruptedException
2019-10-04 14:03:57,322 [main] INFO  impl.PendingRequests (PendingRequests.java:sendNotLeaderResponses(202)) - 2eb9c693-8c7a-498f-9bb2-9f02bd340f6f@group-6783F07A3B9C-PendingRequests: sendNotLeaderResponses
2019-10-04 14:03:57,322 [org.apache.ratis.server.impl.LogAppender$AppenderDaemon$$Lambda$521/932182640@637ef6d3] WARN  server.GrpcLogAppender (GrpcLogAppender.java:mayWait(143)) - 2eb9c693-8c7a-498f-9bb2-9f02bd340f6f@group-6783F07A3B9C->4f0d32d0-8b81-48af-bff0-df3de040520e-GrpcLogAppender: Wait interrupted by java.lang.InterruptedException
2019-10-04 14:03:57,324 [main] INFO  impl.StateMachineUpdater (StateMachineUpdater.java:stopAndJoin(136)) - 2eb9c693-8c7a-498f-9bb2-9f02bd340f6f@group-6783F07A3B9C-StateMachineUpdater: set stopIndex = 18
2019-10-04 14:03:57,325 [2eb9c693-8c7a-498f-9bb2-9f02bd340f6f@group-6783F07A3B9C-StateMachineUpdater] INFO  ratis.ContainerStateMachine (ContainerStateMachine.java:takeSnapshot(293)) - group-6783F07A3B9C: Taking a snapshot at:(t:1, i:14) file /workdir/hadoop-ozone/integration-test/target/test-dir/MiniOzoneClusterImpl-a706a60c-ed98-4f98-a126-279d51990bf3/datanode-3/data/ratis/ce0e5f59-f76c-4046-97e7-6783f07a3b9c/sm/snapshot.1_14
2019-10-04 14:03:57,325 [grpc-default-executor-14] INFO  server.GrpcServerProtocolService (GrpcServerProtocolService.java:onCompleted(113)) - 4b936257-ae70-49d0-a2b9-62c8e68e72da: Completed APPEND_ENTRIES, lastRequest: 2eb9c693-8c7a-498f-9bb2-9f02bd340f6f->4b936257-ae70-49d0-a2b9-62c8e68e72da#4-t2, previous=(t:2, i:18), leaderCommit=18, initializing? false, entries: <empty>
2019-10-04 14:03:57,325 [grpc-default-executor-9] INFO  server.GrpcLogAppender (GrpcLogAppender.java:onCompleted(293)) - 2eb9c693-8c7a-498f-9bb2-9f02bd340f6f@group-6783F07A3B9C->4b936257-ae70-49d0-a2b9-62c8e68e72da-AppendLogResponseHandler: follower responses appendEntries COMPLETED
2019-10-04 14:03:57,326 [grpc-default-executor-9] INFO  impl.FollowerInfo (FollowerInfo.java:lambda$new$0(51)) - 2eb9c693-8c7a-498f-9bb2-9f02bd340f6f@group-6783F07A3B9C->4b936257-ae70-49d0-a2b9-62c8e68e72da: nextIndex: updateUnconditionally 19 -> 18
2019-10-04 14:03:58,423 [ForkJoinPool.commonPool-worker-0] INFO  segmented.SegmentedRaftLogWorker (SegmentedRaftLogWorker.java:close(224)) - 4b936257-ae70-49d0-a2b9-62c8e68e72da@group-CAAA789332FB-SegmentedRaftLogWorker close()
2019-10-04 14:03:58,429 [ForkJoinPool.commonPool-worker-0] INFO  impl.RaftServerImpl (RaftServerImpl.java:lambda$shutdown$3(247)) - 4b936257-ae70-49d0-a2b9-62c8e68e72da@group-6783F07A3B9C: shutdown
2019-10-04 14:03:58,429 [ForkJoinPool.commonPool-worker-0] INFO  util.JmxRegister (JmxRegister.java:unregister(73)) - Successfully un-registered JMX Bean with object name Ratis:service=RaftServer,group=group-6783F07A3B9C,id=4b936257-ae70-49d0-a2b9-62c8e68e72da
2019-10-04 14:03:58,429 [ForkJoinPool.commonPool-worker-0] INFO  impl.RoleInfo (RoleInfo.java:shutdownFollowerState(121)) - 4b936257-ae70-49d0-a2b9-62c8e68e72da: shutdown FollowerState
2019-10-04 14:03:58,430 [ForkJoinPool.commonPool-worker-0] INFO  impl.StateMachineUpdater (StateMachineUpdater.java:stopAndJoin(136)) - 4b936257-ae70-49d0-a2b9-62c8e68e72da@group-6783F07A3B9C-StateMachineUpdater: set stopIndex = 18
2019-10-04 14:03:58,430 [4b936257-ae70-49d0-a2b9-62c8e68e72da@group-6783F07A3B9C-StateMachineUpdater] INFO  ratis.ContainerStateMachine (ContainerStateMachine.java:takeSnapshot(293)) - group-6783F07A3B9C: Taking a snapshot at:(t:1, i:14) file /workdir/hadoop-ozone/integration-test/target/test-dir/MiniOzoneClusterImpl-a706a60c-ed98-4f98-a126-279d51990bf3/datanode-1/data/ratis/ce0e5f59-f76c-4046-97e7-6783f07a3b9c/sm/snapshot.1_14
2019-10-04 14:03:58,430 [Thread-3265] INFO  impl.FollowerState (FollowerState.java:run(117)) - 4b936257-ae70-49d0-a2b9-62c8e68e72da@group-6783F07A3B9C-FollowerState was interrupted: java.lang.InterruptedException: sleep interrupted
2019-10-04 14:04:03,378 [4b936257-ae70-49d0-a2b9-62c8e68e72da@group-6783F07A3B9C-StateMachineUpdater] INFO  ratis.ContainerStateMachine (ContainerStateMachine.java:takeSnapshot(304)) - group-6783F07A3B9C: Finished taking a snapshot at:(t:1, i:14) file:/workdir/hadoop-ozone/integration-test/target/test-dir/MiniOzoneClusterImpl-a706a60c-ed98-4f98-a126-279d51990bf3/datanode-1/data/ratis/ce0e5f59-f76c-4046-97e7-6783f07a3b9c/sm/snapshot.1_14 time:4948
2019-10-04 14:04:03,378 [2eb9c693-8c7a-498f-9bb2-9f02bd340f6f@group-6783F07A3B9C-StateMachineUpdater] INFO  ratis.ContainerStateMachine (ContainerStateMachine.java:takeSnapshot(304)) - group-6783F07A3B9C: Finished taking a snapshot at:(t:1, i:14) file:/workdir/hadoop-ozone/integration-test/target/test-dir/MiniOzoneClusterImpl-a706a60c-ed98-4f98-a126-279d51990bf3/datanode-3/data/ratis/ce0e5f59-f76c-4046-97e7-6783f07a3b9c/sm/snapshot.1_14 time:6054
2019-10-04 14:04:03,380 [4b936257-ae70-49d0-a2b9-62c8e68e72da@group-6783F07A3B9C-StateMachineUpdater] INFO  impl.StateMachineUpdater (StateMachineUpdater.java:takeSnapshot(269)) - 4b936257-ae70-49d0-a2b9-62c8e68e72da@group-6783F07A3B9C-StateMachineUpdater: Took a snapshot at index 14
2019-10-04 14:04:03,380 [2eb9c693-8c7a-498f-9bb2-9f02bd340f6f@group-6783F07A3B9C-StateMachineUpdater] INFO  impl.StateMachineUpdater (StateMachineUpdater.java:takeSnapshot(269)) - 2eb9c693-8c7a-498f-9bb2-9f02bd340f6f@group-6783F07A3B9C-StateMachineUpdater: Took a snapshot at index 14
2019-10-04 14:04:03,380 [4b936257-ae70-49d0-a2b9-62c8e68e72da@group-6783F07A3B9C-StateMachineUpdater] INFO  impl.StateMachineUpdater (StateMachineUpdater.java:lambda$new$0(84)) - 4b936257-ae70-49d0-a2b9-62c8e68e72da@group-6783F07A3B9C-StateMachineUpdater: snapshotIndex: updateIncreasingly -1 -> 14
2019-10-04 14:04:03,380 [2eb9c693-8c7a-498f-9bb2-9f02bd340f6f@group-6783F07A3B9C-StateMachineUpdater] INFO  impl.StateMachineUpdater (StateMachineUpdater.java:lambda$new$0(84)) - 2eb9c693-8c7a-498f-9bb2-9f02bd340f6f@group-6783F07A3B9C-StateMachineUpdater: snapshotIndex: updateIncreasingly -1 -> 14
2019-10-04 14:04:03,380 [4b936257-ae70-49d0-a2b9-62c8e68e72da@group-6783F07A3B9C-StateMachineUpdater] INFO  ratis.ContainerStateMachine (ContainerStateMachine.java:takeSnapshot(293)) - group-6783F07A3B9C: Taking a snapshot at:(t:1, i:14) file /workdir/hadoop-ozone/integration-test/target/test-dir/MiniOzoneClusterImpl-a706a60c-ed98-4f98-a126-279d51990bf3/datanode-1/data/ratis/ce0e5f59-f76c-4046-97e7-6783f07a3b9c/sm/snapshot.1_14
2019-10-04 14:04:03,380 [2eb9c693-8c7a-498f-9bb2-9f02bd340f6f@group-6783F07A3B9C-StateMachineUpdater] INFO  ratis.ContainerStateMachine (ContainerStateMachine.java:takeSnapshot(293)) - group-6783F07A3B9C: Taking a snapshot at:(t:1, i:14) file /workdir/hadoop-ozone/integration-test/target/test-dir/MiniOzoneClusterImpl-a706a60c-ed98-4f98-a126-279d51990bf3/datanode-3/data/ratis/ce0e5f59-f76c-4046-97e7-6783f07a3b9c/sm/snapshot.1_14
2019-10-04 14:04:03,768 [4b936257-ae70-49d0-a2b9-62c8e68e72da@group-6783F07A3B9C-StateMachineUpdater] INFO  ratis.ContainerStateMachine (ContainerStateMachine.java:takeSnapshot(304)) - group-6783F07A3B9C: Finished taking a snapshot at:(t:1, i:14) file:/workdir/hadoop-ozone/integration-test/target/test-dir/MiniOzoneClusterImpl-a706a60c-ed98-4f98-a126-279d51990bf3/datanode-1/data/ratis/ce0e5f59-f76c-4046-97e7-6783f07a3b9c/sm/snapshot.1_14 time:388
2019-10-04 14:04:03,768 [2eb9c693-8c7a-498f-9bb2-9f02bd340f6f@group-6783F07A3B9C-StateMachineUpdater] INFO  ratis.ContainerStateMachine (ContainerStateMachine.java:takeSnapshot(304)) - group-6783F07A3B9C: Finished taking a snapshot at:(t:1, i:14) file:/workdir/hadoop-ozone/integration-test/target/test-dir/MiniOzoneClusterImpl-a706a60c-ed98-4f98-a126-279d51990bf3/datanode-3/data/ratis/ce0e5f59-f76c-4046-97e7-6783f07a3b9c/sm/snapshot.1_14 time:388
2019-10-04 14:04:03,769 [4b936257-ae70-49d0-a2b9-62c8e68e72da@group-6783F07A3B9C-StateMachineUpdater] INFO  impl.StateMachineUpdater (StateMachineUpdater.java:takeSnapshot(269)) - 4b936257-ae70-49d0-a2b9-62c8e68e72da@group-6783F07A3B9C-StateMachineUpdater: Took a snapshot at index 14
2019-10-04 14:04:03,769 [2eb9c693-8c7a-498f-9bb2-9f02bd340f6f@group-6783F07A3B9C-StateMachineUpdater] INFO  impl.StateMachineUpdater (StateMachineUpdater.java:takeSnapshot(269)) - 2eb9c693-8c7a-498f-9bb2-9f02bd340f6f@group-6783F07A3B9C-StateMachineUpdater: Took a snapshot at index 14
2019-10-04 14:04:03,769 [4b936257-ae70-49d0-a2b9-62c8e68e72da@group-6783F07A3B9C-StateMachineUpdater] INFO  impl.StateMachineUpdater (StateMachineUpdater.java:lambda$new$0(84)) - 4b936257-ae70-49d0-a2b9-62c8e68e72da@group-6783F07A3B9C-StateMachineUpdater: snapshotIndex: updateIncreasingly 14 -> 14
2019-10-04 14:04:03,769 [2eb9c693-8c7a-498f-9bb2-9f02bd340f6f@group-6783F07A3B9C-StateMachineUpdater] INFO  impl.StateMachineUpdater (StateMachineUpdater.java:lambda$new$0(84)) - 2eb9c693-8c7a-498f-9bb2-9f02bd340f6f@group-6783F07A3B9C-StateMachineUpdater: snapshotIndex: updateIncreasingly 14 -> 14
2019-10-04 14:04:03,770 [main] INFO  impl.RaftServerImpl (ServerState.java:close(387)) - 2eb9c693-8c7a-498f-9bb2-9f02bd340f6f@group-6783F07A3B9C: closes. applyIndex: 18
2019-10-04 14:04:03,770 [ForkJoinPool.commonPool-worker-0] INFO  impl.RaftServerImpl (ServerState.java:close(387)) - 4b936257-ae70-49d0-a2b9-62c8e68e72da@group-6783F07A3B9C: closes. applyIndex: 18
2019-10-04 14:04:03,771 [2eb9c693-8c7a-498f-9bb2-9f02bd340f6f@group-6783F07A3B9C-SegmentedRaftLogWorker] INFO  segmented.SegmentedRaftLogWorker (SegmentedRaftLogWorker.java:run(316)) - 2eb9c693-8c7a-498f-9bb2-9f02bd340f6f@group-6783F07A3B9C-SegmentedRaftLogWorker was interrupted, exiting. There are 0 tasks remaining in the queue.
2019-10-04 14:04:03,772 [4b936257-ae70-49d0-a2b9-62c8e68e72da@group-6783F07A3B9C-SegmentedRaftLogWorker] INFO  segmented.SegmentedRaftLogWorker (SegmentedRaftLogWorker.java:run(316)) - 4b936257-ae70-49d0-a2b9-62c8e68e72da@group-6783F07A3B9C-SegmentedRaftLogWorker was interrupted, exiting. There are 0 tasks remaining in the queue.
2019-10-04 14:04:03,776 [main] INFO  segmented.SegmentedRaftLogWorker (SegmentedRaftLogWorker.java:close(224)) - 2eb9c693-8c7a-498f-9bb2-9f02bd340f6f@group-6783F07A3B9C-SegmentedRaftLogWorker close()
2019-10-04 14:04:03,778 [ForkJoinPool.commonPool-worker-0] INFO  segmented.SegmentedRaftLogWorker (SegmentedRaftLogWorker.java:close(224)) - 4b936257-ae70-49d0-a2b9-62c8e68e72da@group-6783F07A3B9C-SegmentedRaftLogWorker close()
2019-10-04 14:04:03,781 [main] INFO  server.GrpcService (GrpcService.java:closeImpl(164)) - 2eb9c693-8c7a-498f-9bb2-9f02bd340f6f: shutdown server with port 38526 now
2019-10-04 14:04:03,784 [ForkJoinPool.commonPool-worker-0] INFO  server.GrpcService (GrpcService.java:closeImpl(164)) - 4b936257-ae70-49d0-a2b9-62c8e68e72da: shutdown server with port 39633 now
2019-10-04 14:04:03,784 [ForkJoinPool.commonPool-worker-0] INFO  server.GrpcService (GrpcService.java:closeImpl(172)) - 4b936257-ae70-49d0-a2b9-62c8e68e72da: shutdown server with port 39633 successfully
2019-10-04 14:04:03,786 [main] INFO  server.GrpcService (GrpcService.java:closeImpl(172)) - 2eb9c693-8c7a-498f-9bb2-9f02bd340f6f: shutdown server with port 38526 successfully
2019-10-04 14:04:03,794 [refreshUsed-/workdir/hadoop-ozone/integration-test/target/test-dir/MiniOzoneClusterImpl-a706a60c-ed98-4f98-a126-279d51990bf3/datanode-1/data/containers] WARN  fs.CachingGetSpaceUsed (CachingGetSpaceUsed.java:run(183)) - Thread Interrupted waiting to refresh disk information: sleep interrupted
2019-10-04 14:04:03,794 [refreshUsed-/workdir/hadoop-ozone/integration-test/target/test-dir/MiniOzoneClusterImpl-a706a60c-ed98-4f98-a126-279d51990bf3/datanode-3/data/containers] WARN  fs.CachingGetSpaceUsed (CachingGetSpaceUsed.java:run(183)) - Thread Interrupted waiting to refresh disk information: sleep interrupted
2019-10-04 14:04:03,807 [ForkJoinPool.commonPool-worker-0] INFO  utils.BackgroundService (BackgroundService.java:shutdown(148)) - Shutting down service BlockDeletingService
2019-10-04 14:04:03,811 [ForkJoinPool.commonPool-worker-0] INFO  statemachine.DatanodeStateMachine (DatanodeStateMachine.java:stopDaemon(395)) - Ozone container server stopped.
2019-10-04 14:04:03,816 [main] INFO  utils.BackgroundService (BackgroundService.java:shutdown(148)) - Shutting down service BlockDeletingService
2019-10-04 14:04:03,816 [ForkJoinPool.commonPool-worker-0] INFO  handler.ContextHandler (ContextHandler.java:doStop(910)) - Stopped o.e.j.w.WebAppContext@226d5af0{/,null,UNAVAILABLE}{/hddsDatanode}
2019-10-04 14:04:03,820 [main] INFO  statemachine.DatanodeStateMachine (DatanodeStateMachine.java:stopDaemon(395)) - Ozone container server stopped.
2019-10-04 14:04:03,820 [ForkJoinPool.commonPool-worker-0] INFO  server.AbstractConnector (AbstractConnector.java:doStop(318)) - Stopped ServerConnector@527937d0{HTTP/1.1,[http/1.1]}{0.0.0.0:0}
2019-10-04 14:04:03,822 [ForkJoinPool.commonPool-worker-0] INFO  handler.ContextHandler (ContextHandler.java:doStop(910)) - Stopped o.e.j.s.ServletContextHandler@7ea42c82{/static,jar:file:/home/user/.m2/repository/org/apache/hadoop/hadoop-hdds-container-service/0.5.0-SNAPSHOT/hadoop-hdds-container-service-0.5.0-SNAPSHOT.jar!/webapps/static,UNAVAILABLE}
2019-10-04 14:04:03,822 [main] INFO  handler.ContextHandler (ContextHandler.java:doStop(910)) - Stopped o.e.j.w.WebAppContext@7761e342{/,null,UNAVAILABLE}{/hddsDatanode}
2019-10-04 14:04:03,823 [ForkJoinPool.commonPool-worker-0] INFO  handler.ContextHandler (ContextHandler.java:doStop(910)) - Stopped o.e.j.s.ServletContextHandler@7364f68{/logs,file:///workdir/hadoop-ozone/integration-test/target/log,UNAVAILABLE}
2019-10-04 14:04:03,823 [main] INFO  server.AbstractConnector (AbstractConnector.java:doStop(318)) - Stopped ServerConnector@51f68849{HTTP/1.1,[http/1.1]}{0.0.0.0:0}
2019-10-04 14:04:03,824 [main] INFO  handler.ContextHandler (ContextHandler.java:doStop(910)) - Stopped o.e.j.s.ServletContextHandler@37ca3ca8{/static,jar:file:/home/user/.m2/repository/org/apache/hadoop/hadoop-hdds-container-service/0.5.0-SNAPSHOT/hadoop-hdds-container-service-0.5.0-SNAPSHOT.jar!/webapps/static,UNAVAILABLE}
2019-10-04 14:04:03,824 [main] INFO  handler.ContextHandler (ContextHandler.java:doStop(910)) - Stopped o.e.j.s.ServletContextHandler@7d50f2a8{/logs,file:///workdir/hadoop-ozone/integration-test/target/log,UNAVAILABLE}
2019-10-04 14:04:04,098 [Datanode State Machine Thread - 0] INFO  statemachine.DatanodeStateMachine (DatanodeStateMachine.java:lambda$startDaemon$0(350)) - Ozone container server started.
2019-10-04 14:04:04,098 [Datanode State Machine Thread - 0] INFO  statemachine.DatanodeStateMachine (DatanodeStateMachine.java:lambda$startDaemon$0(350)) - Ozone container server started.
2019-10-04 14:04:08,195 [EventQueue-StaleNodeForStaleNodeHandler] INFO  node.StaleNodeHandler (StaleNodeHandler.java:onMessage(58)) - Datanode 19914a7d-dfbb-463a-b70b-49f5b7efbd3b{ip: 192.168.5.142, host: pr-hdds-2204-d78b8-1674338442, networkLocation: /default-rack, certSerialId: null} moved to stale state. Finalizing its pipelines [PipelineID=8035938a-1a88-48e7-8378-19512547b1be, PipelineID=b18f5afe-aa6b-4c3d-8948-7c67c20aec21]
2019-10-04 14:04:08,195 [EventQueue-StaleNodeForStaleNodeHandler] INFO  pipeline.SCMPipelineManager (SCMPipelineManager.java:finalizeAndDestroyPipeline(315)) - destroying pipeline:Pipeline[ Id: 8035938a-1a88-48e7-8378-19512547b1be, Nodes: 19914a7d-dfbb-463a-b70b-49f5b7efbd3b{ip: 192.168.5.142, host: pr-hdds-2204-d78b8-1674338442, networkLocation: /default-rack, certSerialId: null}c837fe61-e49e-43db-b855-d40a2ff7bb03{ip: 192.168.5.142, host: pr-hdds-2204-d78b8-1674338442, networkLocation: /default-rack, certSerialId: null}228aa06e-06ce-4204-8855-80d551f2c161{ip: 192.168.5.142, host: pr-hdds-2204-d78b8-1674338442, networkLocation: /default-rack, certSerialId: null}, Type:RATIS, Factor:THREE, State:OPEN]
2019-10-04 14:04:08,196 [EventQueue-StaleNodeForStaleNodeHandler] INFO  pipeline.PipelineStateManager (PipelineStateManager.java:finalizePipeline(123)) - Pipeline Pipeline[ Id: 8035938a-1a88-48e7-8378-19512547b1be, Nodes: 19914a7d-dfbb-463a-b70b-49f5b7efbd3b{ip: 192.168.5.142, host: pr-hdds-2204-d78b8-1674338442, networkLocation: /default-rack, certSerialId: null}c837fe61-e49e-43db-b855-d40a2ff7bb03{ip: 192.168.5.142, host: pr-hdds-2204-d78b8-1674338442, networkLocation: /default-rack, certSerialId: null}228aa06e-06ce-4204-8855-80d551f2c161{ip: 192.168.5.142, host: pr-hdds-2204-d78b8-1674338442, networkLocation: /default-rack, certSerialId: null}, Type:RATIS, Factor:THREE, State:CLOSED] moved to CLOSED state
2019-10-04 14:04:08,196 [EventQueue-CloseContainerForCloseContainerEventHandler] INFO  container.CloseContainerEventHandler (CloseContainerEventHandler.java:onMessage(61)) - Close container Event triggered for container : #2
2019-10-04 14:04:08,196 [EventQueue-StaleNodeForStaleNodeHandler] INFO  pipeline.SCMPipelineManager (SCMPipelineManager.java:finalizeAndDestroyPipeline(315)) - destroying pipeline:Pipeline[ Id: b18f5afe-aa6b-4c3d-8948-7c67c20aec21, Nodes: 19914a7d-dfbb-463a-b70b-49f5b7efbd3b{ip: 192.168.5.142, host: pr-hdds-2204-d78b8-1674338442, networkLocation: /default-rack, certSerialId: null}, Type:RATIS, Factor:ONE, State:OPEN]
2019-10-04 14:04:08,202 [EventQueue-StaleNodeForStaleNodeHandler] INFO  pipeline.PipelineStateManager (PipelineStateManager.java:finalizePipeline(123)) - Pipeline Pipeline[ Id: b18f5afe-aa6b-4c3d-8948-7c67c20aec21, Nodes: 19914a7d-dfbb-463a-b70b-49f5b7efbd3b{ip: 192.168.5.142, host: pr-hdds-2204-d78b8-1674338442, networkLocation: /default-rack, certSerialId: null}, Type:RATIS, Factor:ONE, State:CLOSED] moved to CLOSED state
2019-10-04 14:04:08,202 [EventQueue-StaleNodeForStaleNodeHandler] INFO  node.StaleNodeHandler (StaleNodeHandler.java:onMessage(58)) - Datanode c837fe61-e49e-43db-b855-d40a2ff7bb03{ip: 192.168.5.142, host: pr-hdds-2204-d78b8-1674338442, networkLocation: /default-rack, certSerialId: null} moved to stale state. Finalizing its pipelines [PipelineID=8035938a-1a88-48e7-8378-19512547b1be, PipelineID=9d41f01a-7542-446f-adec-1ed6ae7a3e49]
2019-10-04 14:04:08,202 [EventQueue-StaleNodeForStaleNodeHandler] INFO  pipeline.SCMPipelineManager (SCMPipelineManager.java:finalizeAndDestroyPipeline(315)) - destroying pipeline:Pipeline[ Id: 8035938a-1a88-48e7-8378-19512547b1be, Nodes: 19914a7d-dfbb-463a-b70b-49f5b7efbd3b{ip: 192.168.5.142, host: pr-hdds-2204-d78b8-1674338442, networkLocation: /default-rack, certSerialId: null}c837fe61-e49e-43db-b855-d40a2ff7bb03{ip: 192.168.5.142, host: pr-hdds-2204-d78b8-1674338442, networkLocation: /default-rack, certSerialId: null}228aa06e-06ce-4204-8855-80d551f2c161{ip: 192.168.5.142, host: pr-hdds-2204-d78b8-1674338442, networkLocation: /default-rack, certSerialId: null}, Type:RATIS, Factor:THREE, State:CLOSED]
2019-10-04 14:04:08,203 [EventQueue-StaleNodeForStaleNodeHandler] INFO  pipeline.SCMPipelineManager (SCMPipelineManager.java:finalizeAndDestroyPipeline(315)) - destroying pipeline:Pipeline[ Id: 9d41f01a-7542-446f-adec-1ed6ae7a3e49, Nodes: c837fe61-e49e-43db-b855-d40a2ff7bb03{ip: 192.168.5.142, host: pr-hdds-2204-d78b8-1674338442, networkLocation: /default-rack, certSerialId: null}, Type:RATIS, Factor:ONE, State:OPEN]
2019-10-04 14:04:08,203 [EventQueue-StaleNodeForStaleNodeHandler] INFO  pipeline.PipelineStateManager (PipelineStateManager.java:finalizePipeline(123)) - Pipeline Pipeline[ Id: 9d41f01a-7542-446f-adec-1ed6ae7a3e49, Nodes: c837fe61-e49e-43db-b855-d40a2ff7bb03{ip: 192.168.5.142, host: pr-hdds-2204-d78b8-1674338442, networkLocation: /default-rack, certSerialId: null}, Type:RATIS, Factor:ONE, State:CLOSED] moved to CLOSED state
2019-10-04 14:04:08,825 [ForkJoinPool.commonPool-worker-0] INFO  ozoneimpl.OzoneContainer (OzoneContainer.java:stop(231)) - Attempting to stop container services.
2019-10-04 14:04:08,828 [main] INFO  ozoneimpl.OzoneContainer (OzoneContainer.java:stop(231)) - Attempting to stop container services.
2019-10-04 14:04:08,828 [ForkJoinPool.commonPool-worker-0] INFO  impl.RaftServerProxy (RaftServerProxy.java:lambda$close$4(314)) - 19914a7d-dfbb-463a-b70b-49f5b7efbd3b: close
2019-10-04 14:04:08,828 [main] INFO  impl.RaftServerProxy (RaftServerProxy.java:lambda$close$4(314)) - c837fe61-e49e-43db-b855-d40a2ff7bb03: close
2019-10-04 14:04:08,828 [ForkJoinPool.commonPool-worker-0] INFO  impl.RaftServerImpl (RaftServerImpl.java:lambda$shutdown$3(247)) - 19914a7d-dfbb-463a-b70b-49f5b7efbd3b@group-19512547B1BE: shutdown
2019-10-04 14:04:08,829 [main] INFO  impl.RaftServerImpl (RaftServerImpl.java:lambda$shutdown$3(247)) - c837fe61-e49e-43db-b855-d40a2ff7bb03@group-19512547B1BE: shutdown
2019-10-04 14:04:08,829 [ForkJoinPool.commonPool-worker-0] INFO  util.JmxRegister (JmxRegister.java:unregister(73)) - Successfully un-registered JMX Bean with object name Ratis:service=RaftServer,group=group-19512547B1BE,id=19914a7d-dfbb-463a-b70b-49f5b7efbd3b
2019-10-04 14:04:08,829 [main] INFO  util.JmxRegister (JmxRegister.java:unregister(73)) - Successfully un-registered JMX Bean with object name Ratis:service=RaftServer,group=group-19512547B1BE,id=c837fe61-e49e-43db-b855-d40a2ff7bb03
2019-10-04 14:04:08,829 [ForkJoinPool.commonPool-worker-0] INFO  impl.RoleInfo (RoleInfo.java:shutdownFollowerState(121)) - 19914a7d-dfbb-463a-b70b-49f5b7efbd3b: shutdown FollowerState
2019-10-04 14:04:08,830 [main] INFO  impl.RoleInfo (RoleInfo.java:shutdownFollowerState(121)) - c837fe61-e49e-43db-b855-d40a2ff7bb03: shutdown FollowerState
2019-10-04 14:04:08,830 [19914a7d-dfbb-463a-b70b-49f5b7efbd3b@group-19512547B1BE-StateMachineUpdater] INFO  ratis.ContainerStateMachine (ContainerStateMachine.java:takeSnapshot(293)) - group-19512547B1BE: Taking a snapshot at:(t:3, i:10) file /workdir/hadoop-ozone/integration-test/target/test-dir/MiniOzoneClusterImpl-a706a60c-ed98-4f98-a126-279d51990bf3/datanode-2/data/ratis/8035938a-1a88-48e7-8378-19512547b1be/sm/snapshot.3_10
2019-10-04 14:04:08,830 [Thread-3215] INFO  impl.FollowerState (FollowerState.java:run(117)) - 19914a7d-dfbb-463a-b70b-49f5b7efbd3b@group-19512547B1BE-FollowerState was interrupted: java.lang.InterruptedException: sleep interrupted
2019-10-04 14:04:08,830 [ForkJoinPool.commonPool-worker-0] INFO  impl.StateMachineUpdater (StateMachineUpdater.java:stopAndJoin(136)) - 19914a7d-dfbb-463a-b70b-49f5b7efbd3b@group-19512547B1BE-StateMachineUpdater: set stopIndex = 12
2019-10-04 14:04:08,830 [c837fe61-e49e-43db-b855-d40a2ff7bb03@group-19512547B1BE-StateMachineUpdater] INFO  ratis.ContainerStateMachine (ContainerStateMachine.java:takeSnapshot(293)) - group-19512547B1BE: Taking a snapshot at:(t:3, i:10) file /workdir/hadoop-ozone/integration-test/target/test-dir/MiniOzoneClusterImpl-a706a60c-ed98-4f98-a126-279d51990bf3/datanode-6/data/ratis/8035938a-1a88-48e7-8378-19512547b1be/sm/snapshot.3_10
2019-10-04 14:04:08,830 [Thread-3214] INFO  impl.FollowerState (FollowerState.java:run(117)) - c837fe61-e49e-43db-b855-d40a2ff7bb03@group-19512547B1BE-FollowerState was interrupted: java.lang.InterruptedException: sleep interrupted
2019-10-04 14:04:08,830 [main] INFO  impl.StateMachineUpdater (StateMachineUpdater.java:stopAndJoin(136)) - c837fe61-e49e-43db-b855-d40a2ff7bb03@group-19512547B1BE-StateMachineUpdater: set stopIndex = 12
2019-10-04 14:04:12,792 [java.util.concurrent.ThreadPoolExecutor$Worker@2795a30b[State = -1, empty queue]] WARN  server.GrpcLogAppender (GrpcLogAppender.java:timeoutAppendRequest(200)) - 228aa06e-06ce-4204-8855-80d551f2c161@group-19512547B1BE->19914a7d-dfbb-463a-b70b-49f5b7efbd3b-GrpcLogAppender: appendEntries Timeout, request=228aa06e-06ce-4204-8855-80d551f2c161->19914a7d-dfbb-463a-b70b-49f5b7efbd3b#24-t3, previous=(t:3, i:12), leaderCommit=12, initializing? false, entries: <empty>
2019-10-04 14:04:12,792 [java.util.concurrent.ThreadPoolExecutor$Worker@3bcbdebb[State = -1, empty queue]] WARN  server.GrpcLogAppender (GrpcLogAppender.java:timeoutAppendRequest(200)) - 228aa06e-06ce-4204-8855-80d551f2c161@group-19512547B1BE->c837fe61-e49e-43db-b855-d40a2ff7bb03-GrpcLogAppender: appendEntries Timeout, request=228aa06e-06ce-4204-8855-80d551f2c161->c837fe61-e49e-43db-b855-d40a2ff7bb03#24-t3, previous=(t:3, i:12), leaderCommit=12, initializing? false, entries: <empty>
2019-10-04 14:04:13,860 [19914a7d-dfbb-463a-b70b-49f5b7efbd3b@group-19512547B1BE-StateMachineUpdater] INFO  ratis.ContainerStateMachine (ContainerStateMachine.java:takeSnapshot(304)) - group-19512547B1BE: Finished taking a snapshot at:(t:3, i:10) file:/workdir/hadoop-ozone/integration-test/target/test-dir/MiniOzoneClusterImpl-a706a60c-ed98-4f98-a126-279d51990bf3/datanode-2/data/ratis/8035938a-1a88-48e7-8378-19512547b1be/sm/snapshot.3_10 time:5030
2019-10-04 14:04:13,860 [c837fe61-e49e-43db-b855-d40a2ff7bb03@group-19512547B1BE-StateMachineUpdater] INFO  ratis.ContainerStateMachine (ContainerStateMachine.java:takeSnapshot(304)) - group-19512547B1BE: Finished taking a snapshot at:(t:3, i:10) file:/workdir/hadoop-ozone/integration-test/target/test-dir/MiniOzoneClusterImpl-a706a60c-ed98-4f98-a126-279d51990bf3/datanode-6/data/ratis/8035938a-1a88-48e7-8378-19512547b1be/sm/snapshot.3_10 time:5030
2019-10-04 14:04:13,862 [19914a7d-dfbb-463a-b70b-49f5b7efbd3b@group-19512547B1BE-StateMachineUpdater] INFO  impl.StateMachineUpdater (StateMachineUpdater.java:takeSnapshot(269)) - 19914a7d-dfbb-463a-b70b-49f5b7efbd3b@group-19512547B1BE-StateMachineUpdater: Took a snapshot at index 10
2019-10-04 14:04:13,862 [c837fe61-e49e-43db-b855-d40a2ff7bb03@group-19512547B1BE-StateMachineUpdater] INFO  impl.StateMachineUpdater (StateMachineUpdater.java:takeSnapshot(269)) - c837fe61-e49e-43db-b855-d40a2ff7bb03@group-19512547B1BE-StateMachineUpdater: Took a snapshot at index 10
2019-10-04 14:04:13,862 [19914a7d-dfbb-463a-b70b-49f5b7efbd3b@group-19512547B1BE-StateMachineUpdater] INFO  impl.StateMachineUpdater (StateMachineUpdater.java:lambda$new$0(84)) - 19914a7d-dfbb-463a-b70b-49f5b7efbd3b@group-19512547B1BE-StateMachineUpdater: snapshotIndex: updateIncreasingly -1 -> 10
2019-10-04 14:04:13,862 [c837fe61-e49e-43db-b855-d40a2ff7bb03@group-19512547B1BE-StateMachineUpdater] INFO  impl.StateMachineUpdater (StateMachineUpdater.java:lambda$new$0(84)) - c837fe61-e49e-43db-b855-d40a2ff7bb03@group-19512547B1BE-StateMachineUpdater: snapshotIndex: updateIncreasingly -1 -> 10
2019-10-04 14:04:13,863 [c837fe61-e49e-43db-b855-d40a2ff7bb03@group-19512547B1BE-StateMachineUpdater] INFO  ratis.ContainerStateMachine (ContainerStateMachine.java:takeSnapshot(293)) - group-19512547B1BE: Taking a snapshot at:(t:3, i:10) file /workdir/hadoop-ozone/integration-test/target/test-dir/MiniOzoneClusterImpl-a706a60c-ed98-4f98-a126-279d51990bf3/datanode-6/data/ratis/8035938a-1a88-48e7-8378-19512547b1be/sm/snapshot.3_10
2019-10-04 14:04:13,863 [19914a7d-dfbb-463a-b70b-49f5b7efbd3b@group-19512547B1BE-StateMachineUpdater] INFO  ratis.ContainerStateMachine (ContainerStateMachine.java:takeSnapshot(293)) - group-19512547B1BE: Taking a snapshot at:(t:3, i:10) file /workdir/hadoop-ozone/integration-test/target/test-dir/MiniOzoneClusterImpl-a706a60c-ed98-4f98-a126-279d51990bf3/datanode-2/data/ratis/8035938a-1a88-48e7-8378-19512547b1be/sm/snapshot.3_10
2019-10-04 14:04:15,090 [19914a7d-dfbb-463a-b70b-49f5b7efbd3b@group-19512547B1BE-StateMachineUpdater] INFO  ratis.ContainerStateMachine (ContainerStateMachine.java:takeSnapshot(304)) - group-19512547B1BE: Finished taking a snapshot at:(t:3, i:10) file:/workdir/hadoop-ozone/integration-test/target/test-dir/MiniOzoneClusterImpl-a706a60c-ed98-4f98-a126-279d51990bf3/datanode-2/data/ratis/8035938a-1a88-48e7-8378-19512547b1be/sm/snapshot.3_10 time:1226
2019-10-04 14:04:15,090 [c837fe61-e49e-43db-b855-d40a2ff7bb03@group-19512547B1BE-StateMachineUpdater] INFO  ratis.ContainerStateMachine (ContainerStateMachine.java:takeSnapshot(304)) - group-19512547B1BE: Finished taking a snapshot at:(t:3, i:10) file:/workdir/hadoop-ozone/integration-test/target/test-dir/MiniOzoneClusterImpl-a706a60c-ed98-4f98-a126-279d51990bf3/datanode-6/data/ratis/8035938a-1a88-48e7-8378-19512547b1be/sm/snapshot.3_10 time:1226
2019-10-04 14:04:15,090 [19914a7d-dfbb-463a-b70b-49f5b7efbd3b@group-19512547B1BE-StateMachineUpdater] INFO  impl.StateMachineUpdater (StateMachineUpdater.java:takeSnapshot(269)) - 19914a7d-dfbb-463a-b70b-49f5b7efbd3b@group-19512547B1BE-StateMachineUpdater: Took a snapshot at index 10
2019-10-04 14:04:15,090 [19914a7d-dfbb-463a-b70b-49f5b7efbd3b@group-19512547B1BE-StateMachineUpdater] INFO  impl.StateMachineUpdater (StateMachineUpdater.java:lambda$new$0(84)) - 19914a7d-dfbb-463a-b70b-49f5b7efbd3b@group-19512547B1BE-StateMachineUpdater: snapshotIndex: updateIncreasingly 10 -> 10
2019-10-04 14:04:15,090 [c837fe61-e49e-43db-b855-d40a2ff7bb03@group-19512547B1BE-StateMachineUpdater] INFO  impl.StateMachineUpdater (StateMachineUpdater.java:takeSnapshot(269)) - c837fe61-e49e-43db-b855-d40a2ff7bb03@group-19512547B1BE-StateMachineUpdater: Took a snapshot at index 10
2019-10-04 14:04:15,091 [c837fe61-e49e-43db-b855-d40a2ff7bb03@group-19512547B1BE-StateMachineUpdater] INFO  impl.StateMachineUpdater (StateMachineUpdater.java:lambda$new$0(84)) - c837fe61-e49e-43db-b855-d40a2ff7bb03@group-19512547B1BE-StateMachineUpdater: snapshotIndex: updateIncreasingly 10 -> 10
2019-10-04 14:04:15,091 [main] INFO  impl.RaftServerImpl (ServerState.java:close(387)) - c837fe61-e49e-43db-b855-d40a2ff7bb03@group-19512547B1BE: closes. applyIndex: 12
2019-10-04 14:04:15,091 [ForkJoinPool.commonPool-worker-0] INFO  impl.RaftServerImpl (ServerState.java:close(387)) - 19914a7d-dfbb-463a-b70b-49f5b7efbd3b@group-19512547B1BE: closes. applyIndex: 12
2019-10-04 14:04:15,093 [c837fe61-e49e-43db-b855-d40a2ff7bb03@group-19512547B1BE-SegmentedRaftLogWorker] INFO  segmented.SegmentedRaftLogWorker (SegmentedRaftLogWorker.java:run(316)) - c837fe61-e49e-43db-b855-d40a2ff7bb03@group-19512547B1BE-SegmentedRaftLogWorker was interrupted, exiting. There are 0 tasks remaining in the queue.
2019-10-04 14:04:15,093 [19914a7d-dfbb-463a-b70b-49f5b7efbd3b@group-19512547B1BE-SegmentedRaftLogWorker] INFO  segmented.SegmentedRaftLogWorker (SegmentedRaftLogWorker.java:run(316)) - 19914a7d-dfbb-463a-b70b-49f5b7efbd3b@group-19512547B1BE-SegmentedRaftLogWorker was interrupted, exiting. There are 0 tasks remaining in the queue.
2019-10-04 14:04:15,101 [ForkJoinPool.commonPool-worker-0] INFO  segmented.SegmentedRaftLogWorker (SegmentedRaftLogWorker.java:close(224)) - 19914a7d-dfbb-463a-b70b-49f5b7efbd3b@group-19512547B1BE-SegmentedRaftLogWorker close()
2019-10-04 14:04:15,101 [main] INFO  segmented.SegmentedRaftLogWorker (SegmentedRaftLogWorker.java:close(224)) - c837fe61-e49e-43db-b855-d40a2ff7bb03@group-19512547B1BE-SegmentedRaftLogWorker close()
2019-10-04 14:04:15,106 [ForkJoinPool.commonPool-worker-0] INFO  impl.RaftServerImpl (RaftServerImpl.java:lambda$shutdown$3(247)) - 19914a7d-dfbb-463a-b70b-49f5b7efbd3b@group-7C67C20AEC21: shutdown
2019-10-04 14:04:15,110 [main] INFO  impl.RaftServerImpl (RaftServerImpl.java:lambda$shutdown$3(247)) - c837fe61-e49e-43db-b855-d40a2ff7bb03@group-1ED6AE7A3E49: shutdown
2019-10-04 14:04:15,110 [ForkJoinPool.commonPool-worker-0] INFO  util.JmxRegister (JmxRegister.java:unregister(73)) - Successfully un-registered JMX Bean with object name Ratis:service=RaftServer,group=group-7C67C20AEC21,id=19914a7d-dfbb-463a-b70b-49f5b7efbd3b
2019-10-04 14:04:15,111 [main] INFO  util.JmxRegister (JmxRegister.java:unregister(73)) - Successfully un-registered JMX Bean with object name Ratis:service=RaftServer,group=group-1ED6AE7A3E49,id=c837fe61-e49e-43db-b855-d40a2ff7bb03
2019-10-04 14:04:15,111 [ForkJoinPool.commonPool-worker-0] INFO  impl.RoleInfo (RoleInfo.java:shutdownLeaderState(104)) - 19914a7d-dfbb-463a-b70b-49f5b7efbd3b: shutdown LeaderState
2019-10-04 14:04:15,111 [main] INFO  impl.RoleInfo (RoleInfo.java:shutdownLeaderState(104)) - c837fe61-e49e-43db-b855-d40a2ff7bb03: shutdown LeaderState
2019-10-04 14:04:15,112 [ForkJoinPool.commonPool-worker-0] INFO  impl.PendingRequests (PendingRequests.java:sendNotLeaderResponses(202)) - 19914a7d-dfbb-463a-b70b-49f5b7efbd3b@group-7C67C20AEC21-PendingRequests: sendNotLeaderResponses
2019-10-04 14:04:15,112 [main] INFO  impl.PendingRequests (PendingRequests.java:sendNotLeaderResponses(202)) - c837fe61-e49e-43db-b855-d40a2ff7bb03@group-1ED6AE7A3E49-PendingRequests: sendNotLeaderResponses
2019-10-04 14:04:15,112 [ForkJoinPool.commonPool-worker-0] INFO  impl.StateMachineUpdater (StateMachineUpdater.java:stopAndJoin(136)) - 19914a7d-dfbb-463a-b70b-49f5b7efbd3b@group-7C67C20AEC21-StateMachineUpdater: set stopIndex = 0
2019-10-04 14:04:15,113 [main] INFO  impl.StateMachineUpdater (StateMachineUpdater.java:stopAndJoin(136)) - c837fe61-e49e-43db-b855-d40a2ff7bb03@group-1ED6AE7A3E49-StateMachineUpdater: set stopIndex = 0
2019-10-04 14:04:15,113 [ForkJoinPool.commonPool-worker-0] INFO  impl.RaftServerImpl (ServerState.java:close(387)) - 19914a7d-dfbb-463a-b70b-49f5b7efbd3b@group-7C67C20AEC21: closes. applyIndex: 0
2019-10-04 14:04:15,113 [main] INFO  impl.RaftServerImpl (ServerState.java:close(387)) - c837fe61-e49e-43db-b855-d40a2ff7bb03@group-1ED6AE7A3E49: closes. applyIndex: 0
2019-10-04 14:04:15,113 [19914a7d-dfbb-463a-b70b-49f5b7efbd3b@group-7C67C20AEC21-SegmentedRaftLogWorker] INFO  segmented.SegmentedRaftLogWorker (SegmentedRaftLogWorker.java:run(316)) - 19914a7d-dfbb-463a-b70b-49f5b7efbd3b@group-7C67C20AEC21-SegmentedRaftLogWorker was interrupted, exiting. There are 0 tasks remaining in the queue.
2019-10-04 14:04:15,114 [c837fe61-e49e-43db-b855-d40a2ff7bb03@group-1ED6AE7A3E49-SegmentedRaftLogWorker] INFO  segmented.SegmentedRaftLogWorker (SegmentedRaftLogWorker.java:run(316)) - c837fe61-e49e-43db-b855-d40a2ff7bb03@group-1ED6AE7A3E49-SegmentedRaftLogWorker was interrupted, exiting. There are 0 tasks remaining in the queue.
2019-10-04 14:04:15,116 [ForkJoinPool.commonPool-worker-0] INFO  segmented.SegmentedRaftLogWorker (SegmentedRaftLogWorker.java:close(224)) - 19914a7d-dfbb-463a-b70b-49f5b7efbd3b@group-7C67C20AEC21-SegmentedRaftLogWorker close()
2019-10-04 14:04:15,118 [main] INFO  segmented.SegmentedRaftLogWorker (SegmentedRaftLogWorker.java:close(224)) - c837fe61-e49e-43db-b855-d40a2ff7bb03@group-1ED6AE7A3E49-SegmentedRaftLogWorker close()
2019-10-04 14:04:15,121 [ForkJoinPool.commonPool-worker-0] INFO  server.GrpcService (GrpcService.java:closeImpl(164)) - 19914a7d-dfbb-463a-b70b-49f5b7efbd3b: shutdown server with port 40655 now
2019-10-04 14:04:15,125 [main] INFO  server.GrpcService (GrpcService.java:closeImpl(164)) - c837fe61-e49e-43db-b855-d40a2ff7bb03: shutdown server with port 36480 now
2019-10-04 14:04:15,126 [ForkJoinPool.commonPool-worker-0] INFO  server.GrpcService (GrpcService.java:closeImpl(172)) - 19914a7d-dfbb-463a-b70b-49f5b7efbd3b: shutdown server with port 40655 successfully
2019-10-04 14:04:15,126 [grpc-default-executor-12] WARN  server.GrpcServerProtocolService (LogUtils.java:warn(134)) - 19914a7d-dfbb-463a-b70b-49f5b7efbd3b: installSnapshot onError, lastRequest: 228aa06e-06ce-4204-8855-80d551f2c161->19914a7d-dfbb-463a-b70b-49f5b7efbd3b#27-t3, previous=(t:3, i:12), leaderCommit=12, initializing? false, entries: size=1, first=(t:3, i:13), STATEMACHINELOGENTRY, client-20E24628E976, cid=4: org.apache.ratis.thirdparty.io.grpc.StatusRuntimeException: CANCELLED: cancelled before receiving half close
2019-10-04 14:04:15,126 [grpc-default-executor-17] WARN  server.GrpcServerProtocolService (LogUtils.java:warn(134)) - c837fe61-e49e-43db-b855-d40a2ff7bb03: installSnapshot onError, lastRequest: 228aa06e-06ce-4204-8855-80d551f2c161->c837fe61-e49e-43db-b855-d40a2ff7bb03#27-t3, previous=(t:3, i:12), leaderCommit=12, initializing? false, entries: size=1, first=(t:3, i:13), STATEMACHINELOGENTRY, client-20E24628E976, cid=4: org.apache.ratis.thirdparty.io.grpc.StatusRuntimeException: CANCELLED: cancelled before receiving half close
2019-10-04 14:04:15,126 [main] INFO  server.GrpcService (GrpcService.java:closeImpl(172)) - c837fe61-e49e-43db-b855-d40a2ff7bb03: shutdown server with port 36480 successfully
2019-10-04 14:04:15,127 [grpc-default-executor-13] WARN  server.GrpcLogAppender (LogUtils.java:warn(134)) - 228aa06e-06ce-4204-8855-80d551f2c161@group-19512547B1BE->c837fe61-e49e-43db-b855-d40a2ff7bb03-AppendLogResponseHandler: Failed appendEntries: org.apache.ratis.thirdparty.io.grpc.StatusRuntimeException: CANCELLED: HTTP/2 error code: CANCEL
Received Rst Stream
2019-10-04 14:04:15,132 [grpc-default-executor-13] INFO  impl.FollowerInfo (FollowerInfo.java:lambda$new$0(51)) - 228aa06e-06ce-4204-8855-80d551f2c161@group-19512547B1BE->c837fe61-e49e-43db-b855-d40a2ff7bb03: nextIndex: updateUnconditionally 14 -> 13
2019-10-04 14:04:15,127 [grpc-default-executor-16] WARN  server.GrpcLogAppender (LogUtils.java:warn(134)) - 228aa06e-06ce-4204-8855-80d551f2c161@group-19512547B1BE->19914a7d-dfbb-463a-b70b-49f5b7efbd3b-AppendLogResponseHandler: Failed appendEntries: org.apache.ratis.thirdparty.io.grpc.StatusRuntimeException: CANCELLED: HTTP/2 error code: CANCEL
Received Rst Stream
2019-10-04 14:04:15,132 [refreshUsed-/workdir/hadoop-ozone/integration-test/target/test-dir/MiniOzoneClusterImpl-a706a60c-ed98-4f98-a126-279d51990bf3/datanode-2/data/containers] WARN  fs.CachingGetSpaceUsed (CachingGetSpaceUsed.java:run(183)) - Thread Interrupted waiting to refresh disk information: sleep interrupted
2019-10-04 14:04:15,133 [grpc-default-executor-16] INFO  impl.FollowerInfo (FollowerInfo.java:lambda$new$0(51)) - 228aa06e-06ce-4204-8855-80d551f2c161@group-19512547B1BE->19914a7d-dfbb-463a-b70b-49f5b7efbd3b: nextIndex: updateUnconditionally 14 -> 13
2019-10-04 14:04:15,136 [refreshUsed-/workdir/hadoop-ozone/integration-test/target/test-dir/MiniOzoneClusterImpl-a706a60c-ed98-4f98-a126-279d51990bf3/datanode-6/data/containers] WARN  fs.CachingGetSpaceUsed (CachingGetSpaceUsed.java:run(183)) - Thread Interrupted waiting to refresh disk information: sleep interrupted
2019-10-04 14:04:15,153 [main] INFO  utils.BackgroundService (BackgroundService.java:shutdown(148)) - Shutting down service BlockDeletingService
2019-10-04 14:04:15,159 [main] INFO  statemachine.DatanodeStateMachine (DatanodeStateMachine.java:stopDaemon(395)) - Ozone container server stopped.
2019-10-04 14:04:15,159 [ForkJoinPool.commonPool-worker-0] INFO  utils.BackgroundService (BackgroundService.java:shutdown(148)) - Shutting down service BlockDeletingService
2019-10-04 14:04:15,163 [ForkJoinPool.commonPool-worker-0] INFO  statemachine.DatanodeStateMachine (DatanodeStateMachine.java:stopDaemon(395)) - Ozone container server stopped.
2019-10-04 14:04:15,167 [main] INFO  handler.ContextHandler (ContextHandler.java:doStop(910)) - Stopped o.e.j.w.WebAppContext@283ab206{/,null,UNAVAILABLE}{/hddsDatanode}
2019-10-04 14:04:15,167 [ForkJoinPool.commonPool-worker-0] INFO  handler.ContextHandler (ContextHandler.java:doStop(910)) - Stopped o.e.j.w.WebAppContext@289f15e9{/,null,UNAVAILABLE}{/hddsDatanode}
2019-10-04 14:04:15,168 [ForkJoinPool.commonPool-worker-0] INFO  server.AbstractConnector (AbstractConnector.java:doStop(318)) - Stopped ServerConnector@7f22687e{HTTP/1.1,[http/1.1]}{0.0.0.0:0}
2019-10-04 14:04:15,170 [main] INFO  server.AbstractConnector (AbstractConnector.java:doStop(318)) - Stopped ServerConnector@35fa450f{HTTP/1.1,[http/1.1]}{0.0.0.0:0}
2019-10-04 14:04:15,171 [ForkJoinPool.commonPool-worker-0] INFO  handler.ContextHandler (ContextHandler.java:doStop(910)) - Stopped o.e.j.s.ServletContextHandler@34c62fdf{/static,jar:file:/home/user/.m2/repository/org/apache/hadoop/hadoop-hdds-container-service/0.5.0-SNAPSHOT/hadoop-hdds-container-service-0.5.0-SNAPSHOT.jar!/webapps/static,UNAVAILABLE}
2019-10-04 14:04:15,171 [main] INFO  handler.ContextHandler (ContextHandler.java:doStop(910)) - Stopped o.e.j.s.ServletContextHandler@1068176{/static,jar:file:/home/user/.m2/repository/org/apache/hadoop/hadoop-hdds-container-service/0.5.0-SNAPSHOT/hadoop-hdds-container-service-0.5.0-SNAPSHOT.jar!/webapps/static,UNAVAILABLE}
2019-10-04 14:04:15,172 [ForkJoinPool.commonPool-worker-0] INFO  handler.ContextHandler (ContextHandler.java:doStop(910)) - Stopped o.e.j.s.ServletContextHandler@935493d{/logs,file:///workdir/hadoop-ozone/integration-test/target/log,UNAVAILABLE}
2019-10-04 14:04:15,173 [main] INFO  handler.ContextHandler (ContextHandler.java:doStop(910)) - Stopped o.e.j.s.ServletContextHandler@795b66d{/logs,file:///workdir/hadoop-ozone/integration-test/target/log,UNAVAILABLE}
2019-10-04 14:04:15,970 [Datanode State Machine Thread - 0] INFO  statemachine.DatanodeStateMachine (DatanodeStateMachine.java:lambda$startDaemon$0(350)) - Ozone container server started.
2019-10-04 14:04:16,091 [Datanode State Machine Thread - 0] INFO  statemachine.DatanodeStateMachine (DatanodeStateMachine.java:lambda$startDaemon$0(350)) - Ozone container server started.
2019-10-04 14:04:17,614 [grpc-default-executor-17] WARN  server.GrpcLogAppender (LogUtils.java:warn(134)) - 228aa06e-06ce-4204-8855-80d551f2c161@group-19512547B1BE->c837fe61-e49e-43db-b855-d40a2ff7bb03-AppendLogResponseHandler: Failed appendEntries: org.apache.ratis.thirdparty.io.grpc.StatusRuntimeException: UNAVAILABLE: io exception
2019-10-04 14:04:17,614 [grpc-default-executor-13] WARN  server.GrpcLogAppender (LogUtils.java:warn(134)) - 228aa06e-06ce-4204-8855-80d551f2c161@group-19512547B1BE->19914a7d-dfbb-463a-b70b-49f5b7efbd3b-AppendLogResponseHandler: Failed appendEntries: org.apache.ratis.thirdparty.io.grpc.StatusRuntimeException: UNAVAILABLE: io exception
2019-10-04 14:04:17,614 [grpc-default-executor-17] INFO  impl.FollowerInfo (FollowerInfo.java:lambda$new$0(51)) - 228aa06e-06ce-4204-8855-80d551f2c161@group-19512547B1BE->c837fe61-e49e-43db-b855-d40a2ff7bb03: nextIndex: updateUnconditionally 13 -> 12
2019-10-04 14:04:17,614 [grpc-default-executor-13] INFO  impl.FollowerInfo (FollowerInfo.java:lambda$new$0(51)) - 228aa06e-06ce-4204-8855-80d551f2c161@group-19512547B1BE->19914a7d-dfbb-463a-b70b-49f5b7efbd3b: nextIndex: updateUnconditionally 13 -> 12
2019-10-04 14:04:20,012 [EventQueue-StaleNodeForStaleNodeHandler] INFO  node.StaleNodeHandler (StaleNodeHandler.java:onMessage(58)) - Datanode b99f3cf6-ff49-4c43-86b7-bc61f9add107{ip: 192.168.5.142, host: pr-hdds-2204-d78b8-1674338442, networkLocation: /default-rack, certSerialId: null} moved to stale state. Finalizing its pipelines [PipelineID=77d2cfa0-cf32-410d-a099-5f185b9d425e]
2019-10-04 14:04:20,012 [EventQueue-StaleNodeForStaleNodeHandler] INFO  pipeline.SCMPipelineManager (SCMPipelineManager.java:finalizeAndDestroyPipeline(315)) - destroying pipeline:Pipeline[ Id: 77d2cfa0-cf32-410d-a099-5f185b9d425e, Nodes: b99f3cf6-ff49-4c43-86b7-bc61f9add107{ip: 192.168.5.142, host: pr-hdds-2204-d78b8-1674338442, networkLocation: /default-rack, certSerialId: null}, Type:RATIS, Factor:ONE, State:OPEN]
2019-10-04 14:04:20,012 [EventQueue-StaleNodeForStaleNodeHandler] INFO  pipeline.PipelineStateManager (PipelineStateManager.java:finalizePipeline(123)) - Pipeline Pipeline[ Id: 77d2cfa0-cf32-410d-a099-5f185b9d425e, Nodes: b99f3cf6-ff49-4c43-86b7-bc61f9add107{ip: 192.168.5.142, host: pr-hdds-2204-d78b8-1674338442, networkLocation: /default-rack, certSerialId: null}, Type:RATIS, Factor:ONE, State:CLOSED] moved to CLOSED state
2019-10-04 14:04:20,112 [EventQueue-StaleNodeForStaleNodeHandler] INFO  node.StaleNodeHandler (StaleNodeHandler.java:onMessage(58)) - Datanode 228aa06e-06ce-4204-8855-80d551f2c161{ip: 192.168.5.142, host: pr-hdds-2204-d78b8-1674338442, networkLocation: /default-rack, certSerialId: null} moved to stale state. Finalizing its pipelines [PipelineID=8035938a-1a88-48e7-8378-19512547b1be, PipelineID=89725909-e3cf-45a7-ad3e-3ad9a1440fe8]
2019-10-04 14:04:20,112 [EventQueue-StaleNodeForStaleNodeHandler] INFO  pipeline.SCMPipelineManager (SCMPipelineManager.java:finalizeAndDestroyPipeline(315)) - destroying pipeline:Pipeline[ Id: 8035938a-1a88-48e7-8378-19512547b1be, Nodes: 19914a7d-dfbb-463a-b70b-49f5b7efbd3b{ip: 192.168.5.142, host: pr-hdds-2204-d78b8-1674338442, networkLocation: /default-rack, certSerialId: null}c837fe61-e49e-43db-b855-d40a2ff7bb03{ip: 192.168.5.142, host: pr-hdds-2204-d78b8-1674338442, networkLocation: /default-rack, certSerialId: null}228aa06e-06ce-4204-8855-80d551f2c161{ip: 192.168.5.142, host: pr-hdds-2204-d78b8-1674338442, networkLocation: /default-rack, certSerialId: null}, Type:RATIS, Factor:THREE, State:CLOSED]
2019-10-04 14:04:20,112 [EventQueue-StaleNodeForStaleNodeHandler] INFO  pipeline.SCMPipelineManager (SCMPipelineManager.java:finalizeAndDestroyPipeline(315)) - destroying pipeline:Pipeline[ Id: 89725909-e3cf-45a7-ad3e-3ad9a1440fe8, Nodes: 228aa06e-06ce-4204-8855-80d551f2c161{ip: 192.168.5.142, host: pr-hdds-2204-d78b8-1674338442, networkLocation: /default-rack, certSerialId: null}, Type:RATIS, Factor:ONE, State:OPEN]
2019-10-04 14:04:20,112 [EventQueue-StaleNodeForStaleNodeHandler] INFO  pipeline.PipelineStateManager (PipelineStateManager.java:finalizePipeline(123)) - Pipeline Pipeline[ Id: 89725909-e3cf-45a7-ad3e-3ad9a1440fe8, Nodes: 228aa06e-06ce-4204-8855-80d551f2c161{ip: 192.168.5.142, host: pr-hdds-2204-d78b8-1674338442, networkLocation: /default-rack, certSerialId: null}, Type:RATIS, Factor:ONE, State:CLOSED] moved to CLOSED state
2019-10-04 14:04:20,115 [grpc-default-executor-9] WARN  server.GrpcLogAppender (LogUtils.java:warn(134)) - 228aa06e-06ce-4204-8855-80d551f2c161@group-19512547B1BE->c837fe61-e49e-43db-b855-d40a2ff7bb03-AppendLogResponseHandler: Failed appendEntries: org.apache.ratis.thirdparty.io.grpc.StatusRuntimeException: UNAVAILABLE: io exception
2019-10-04 14:04:20,115 [grpc-default-executor-14] WARN  server.GrpcLogAppender (LogUtils.java:warn(134)) - 228aa06e-06ce-4204-8855-80d551f2c161@group-19512547B1BE->19914a7d-dfbb-463a-b70b-49f5b7efbd3b-AppendLogResponseHandler: Failed appendEntries: org.apache.ratis.thirdparty.io.grpc.StatusRuntimeException: UNAVAILABLE: io exception
2019-10-04 14:04:20,125 [grpc-default-executor-9] INFO  impl.FollowerInfo (FollowerInfo.java:lambda$new$0(51)) - 228aa06e-06ce-4204-8855-80d551f2c161@group-19512547B1BE->c837fe61-e49e-43db-b855-d40a2ff7bb03: nextIndex: updateUnconditionally 12 -> 11
2019-10-04 14:04:20,125 [grpc-default-executor-14] INFO  impl.FollowerInfo (FollowerInfo.java:lambda$new$0(51)) - 228aa06e-06ce-4204-8855-80d551f2c161@group-19512547B1BE->19914a7d-dfbb-463a-b70b-49f5b7efbd3b: nextIndex: updateUnconditionally 12 -> 11
2019-10-04 14:04:20,174 [Command processor thread] ERROR commandhandler.CloseContainerCommandHandler (CloseContainerCommandHandler.java:handle(125)) - Can't close container #2
java.io.IOException
	at org.apache.hadoop.ozone.container.common.transport.server.ratis.XceiverServerRatis.submitRequest(XceiverServerRatis.java:508)
	at org.apache.hadoop.ozone.container.common.statemachine.commandhandler.CloseContainerCommandHandler.handle(CloseContainerCommandHandler.java:102)
	at org.apache.hadoop.ozone.container.common.statemachine.commandhandler.CommandDispatcher.handle(CommandDispatcher.java:99)
	at org.apache.hadoop.ozone.container.common.statemachine.DatanodeStateMachine.lambda$initCommandHandlerThread$1(DatanodeStateMachine.java:432)
	at java.lang.Thread.run(Thread.java:748)
Caused by: java.lang.InterruptedException
	at java.util.concurrent.CompletableFuture.reportGet(CompletableFuture.java:347)
	at java.util.concurrent.CompletableFuture.get(CompletableFuture.java:1895)
	at org.apache.hadoop.ozone.container.common.transport.server.ratis.XceiverServerRatis.submitRequest(XceiverServerRatis.java:506)
	... 4 more
2019-10-04 14:04:20,175 [main] INFO  ozoneimpl.OzoneContainer (OzoneContainer.java:stop(231)) - Attempting to stop container services.
2019-10-04 14:04:20,174 [ForkJoinPool.commonPool-worker-0] INFO  ozoneimpl.OzoneContainer (OzoneContainer.java:stop(231)) - Attempting to stop container services.
2019-10-04 14:04:20,175 [main] INFO  impl.RaftServerProxy (RaftServerProxy.java:lambda$close$4(314)) - b99f3cf6-ff49-4c43-86b7-bc61f9add107: close
2019-10-04 14:04:20,176 [ForkJoinPool.commonPool-worker-0] INFO  impl.RaftServerProxy (RaftServerProxy.java:lambda$close$4(314)) - 228aa06e-06ce-4204-8855-80d551f2c161: close
2019-10-04 14:04:20,176 [main] INFO  impl.RaftServerImpl (RaftServerImpl.java:lambda$shutdown$3(247)) - b99f3cf6-ff49-4c43-86b7-bc61f9add107@group-5F185B9D425E: shutdown
2019-10-04 14:04:20,176 [ForkJoinPool.commonPool-worker-0] INFO  impl.RaftServerImpl (RaftServerImpl.java:lambda$shutdown$3(247)) - 228aa06e-06ce-4204-8855-80d551f2c161@group-19512547B1BE: shutdown
2019-10-04 14:04:20,176 [main] INFO  util.JmxRegister (JmxRegister.java:unregister(73)) - Successfully un-registered JMX Bean with object name Ratis:service=RaftServer,group=group-5F185B9D425E,id=b99f3cf6-ff49-4c43-86b7-bc61f9add107
2019-10-04 14:04:20,176 [ForkJoinPool.commonPool-worker-0] INFO  util.JmxRegister (JmxRegister.java:unregister(73)) - Successfully un-registered JMX Bean with object name Ratis:service=RaftServer,group=group-19512547B1BE,id=228aa06e-06ce-4204-8855-80d551f2c161
2019-10-04 14:04:20,177 [main] INFO  impl.RoleInfo (RoleInfo.java:shutdownLeaderState(104)) - b99f3cf6-ff49-4c43-86b7-bc61f9add107: shutdown LeaderState
2019-10-04 14:04:20,177 [ForkJoinPool.commonPool-worker-0] INFO  impl.RoleInfo (RoleInfo.java:shutdownLeaderState(104)) - 228aa06e-06ce-4204-8855-80d551f2c161: shutdown LeaderState
2019-10-04 14:04:20,177 [main] INFO  impl.PendingRequests (PendingRequests.java:sendNotLeaderResponses(202)) - b99f3cf6-ff49-4c43-86b7-bc61f9add107@group-5F185B9D425E-PendingRequests: sendNotLeaderResponses
2019-10-04 14:04:20,180 [org.apache.ratis.server.impl.LogAppender$AppenderDaemon$$Lambda$521/932182640@37c90d18] WARN  server.GrpcLogAppender (GrpcLogAppender.java:mayWait(143)) - 228aa06e-06ce-4204-8855-80d551f2c161@group-19512547B1BE->19914a7d-dfbb-463a-b70b-49f5b7efbd3b-GrpcLogAppender: Wait interrupted by java.lang.InterruptedException
2019-10-04 14:04:20,179 [ForkJoinPool.commonPool-worker-0] INFO  impl.PendingRequests (PendingRequests.java:sendNotLeaderResponses(202)) - 228aa06e-06ce-4204-8855-80d551f2c161@group-19512547B1BE-PendingRequests: sendNotLeaderResponses
2019-10-04 14:04:20,179 [org.apache.ratis.server.impl.LogAppender$AppenderDaemon$$Lambda$521/932182640@50af44fa] WARN  server.GrpcLogAppender (GrpcLogAppender.java:mayWait(143)) - 228aa06e-06ce-4204-8855-80d551f2c161@group-19512547B1BE->c837fe61-e49e-43db-b855-d40a2ff7bb03-GrpcLogAppender: Wait interrupted by java.lang.InterruptedException
2019-10-04 14:04:20,180 [main] INFO  impl.StateMachineUpdater (StateMachineUpdater.java:stopAndJoin(136)) - b99f3cf6-ff49-4c43-86b7-bc61f9add107@group-5F185B9D425E-StateMachineUpdater: set stopIndex = 0
2019-10-04 14:04:20,181 [main] INFO  impl.RaftServerImpl (ServerState.java:close(387)) - b99f3cf6-ff49-4c43-86b7-bc61f9add107@group-5F185B9D425E: closes. applyIndex: 0
2019-10-04 14:04:20,181 [ForkJoinPool.commonPool-worker-0] INFO  impl.StateMachineUpdater (StateMachineUpdater.java:stopAndJoin(136)) - 228aa06e-06ce-4204-8855-80d551f2c161@group-19512547B1BE-StateMachineUpdater: set stopIndex = 12
2019-10-04 14:04:20,181 [228aa06e-06ce-4204-8855-80d551f2c161@group-19512547B1BE-StateMachineUpdater] INFO  ratis.ContainerStateMachine (ContainerStateMachine.java:takeSnapshot(293)) - group-19512547B1BE: Taking a snapshot at:(t:3, i:10) file /workdir/hadoop-ozone/integration-test/target/test-dir/MiniOzoneClusterImpl-a706a60c-ed98-4f98-a126-279d51990bf3/datanode-0/data/ratis/8035938a-1a88-48e7-8378-19512547b1be/sm/snapshot.3_10
2019-10-04 14:04:20,181 [b99f3cf6-ff49-4c43-86b7-bc61f9add107@group-5F185B9D425E-SegmentedRaftLogWorker] INFO  segmented.SegmentedRaftLogWorker (SegmentedRaftLogWorker.java:run(316)) - b99f3cf6-ff49-4c43-86b7-bc61f9add107@group-5F185B9D425E-SegmentedRaftLogWorker was interrupted, exiting. There are 0 tasks remaining in the queue.
2019-10-04 14:04:21,909 [main] INFO  segmented.SegmentedRaftLogWorker (SegmentedRaftLogWorker.java:close(224)) - b99f3cf6-ff49-4c43-86b7-bc61f9add107@group-5F185B9D425E-SegmentedRaftLogWorker close()
2019-10-04 14:04:21,915 [main] INFO  server.GrpcService (GrpcService.java:closeImpl(164)) - b99f3cf6-ff49-4c43-86b7-bc61f9add107: shutdown server with port 45864 now
2019-10-04 14:04:21,915 [main] INFO  server.GrpcService (GrpcService.java:closeImpl(172)) - b99f3cf6-ff49-4c43-86b7-bc61f9add107: shutdown server with port 45864 successfully
2019-10-04 14:04:21,918 [refreshUsed-/workdir/hadoop-ozone/integration-test/target/test-dir/MiniOzoneClusterImpl-a706a60c-ed98-4f98-a126-279d51990bf3/datanode-5/data/containers] WARN  fs.CachingGetSpaceUsed (CachingGetSpaceUsed.java:run(183)) - Thread Interrupted waiting to refresh disk information: sleep interrupted
2019-10-04 14:04:21,936 [main] INFO  utils.BackgroundService (BackgroundService.java:shutdown(148)) - Shutting down service BlockDeletingService
2019-10-04 14:04:21,940 [main] INFO  statemachine.DatanodeStateMachine (DatanodeStateMachine.java:stopDaemon(395)) - Ozone container server stopped.
2019-10-04 14:04:21,941 [main] INFO  handler.ContextHandler (ContextHandler.java:doStop(910)) - Stopped o.e.j.w.WebAppContext@5ba1b62e{/,null,UNAVAILABLE}{/hddsDatanode}
2019-10-04 14:04:21,942 [main] INFO  server.AbstractConnector (AbstractConnector.java:doStop(318)) - Stopped ServerConnector@65bd19bf{HTTP/1.1,[http/1.1]}{0.0.0.0:0}
2019-10-04 14:04:21,942 [main] INFO  handler.ContextHandler (ContextHandler.java:doStop(910)) - Stopped o.e.j.s.ServletContextHandler@42d9e8d2{/static,jar:file:/home/user/.m2/repository/org/apache/hadoop/hadoop-hdds-container-service/0.5.0-SNAPSHOT/hadoop-hdds-container-service-0.5.0-SNAPSHOT.jar!/webapps/static,UNAVAILABLE}
2019-10-04 14:04:21,943 [main] INFO  handler.ContextHandler (ContextHandler.java:doStop(910)) - Stopped o.e.j.s.ServletContextHandler@3404e5c4{/logs,file:///workdir/hadoop-ozone/integration-test/target/log,UNAVAILABLE}
2019-10-04 14:04:28,884 [228aa06e-06ce-4204-8855-80d551f2c161@group-19512547B1BE-StateMachineUpdater] INFO  ratis.ContainerStateMachine (ContainerStateMachine.java:takeSnapshot(304)) - group-19512547B1BE: Finished taking a snapshot at:(t:3, i:10) file:/workdir/hadoop-ozone/integration-test/target/test-dir/MiniOzoneClusterImpl-a706a60c-ed98-4f98-a126-279d51990bf3/datanode-0/data/ratis/8035938a-1a88-48e7-8378-19512547b1be/sm/snapshot.3_10 time:8703
2019-10-04 14:04:28,904 [228aa06e-06ce-4204-8855-80d551f2c161@group-19512547B1BE-StateMachineUpdater] INFO  impl.StateMachineUpdater (StateMachineUpdater.java:takeSnapshot(269)) - 228aa06e-06ce-4204-8855-80d551f2c161@group-19512547B1BE-StateMachineUpdater: Took a snapshot at index 10
2019-10-04 14:04:28,904 [228aa06e-06ce-4204-8855-80d551f2c161@group-19512547B1BE-StateMachineUpdater] INFO  impl.StateMachineUpdater (StateMachineUpdater.java:lambda$new$0(84)) - 228aa06e-06ce-4204-8855-80d551f2c161@group-19512547B1BE-StateMachineUpdater: snapshotIndex: updateIncreasingly -1 -> 10
2019-10-04 14:04:28,905 [228aa06e-06ce-4204-8855-80d551f2c161@group-19512547B1BE-StateMachineUpdater] INFO  ratis.ContainerStateMachine (ContainerStateMachine.java:takeSnapshot(293)) - group-19512547B1BE: Taking a snapshot at:(t:3, i:10) file /workdir/hadoop-ozone/integration-test/target/test-dir/MiniOzoneClusterImpl-a706a60c-ed98-4f98-a126-279d51990bf3/datanode-0/data/ratis/8035938a-1a88-48e7-8378-19512547b1be/sm/snapshot.3_10
2019-10-04 14:04:29,557 [228aa06e-06ce-4204-8855-80d551f2c161@group-19512547B1BE-StateMachineUpdater] INFO  ratis.ContainerStateMachine (ContainerStateMachine.java:takeSnapshot(304)) - group-19512547B1BE: Finished taking a snapshot at:(t:3, i:10) file:/workdir/hadoop-ozone/integration-test/target/test-dir/MiniOzoneClusterImpl-a706a60c-ed98-4f98-a126-279d51990bf3/datanode-0/data/ratis/8035938a-1a88-48e7-8378-19512547b1be/sm/snapshot.3_10 time:652
2019-10-04 14:04:29,558 [228aa06e-06ce-4204-8855-80d551f2c161@group-19512547B1BE-StateMachineUpdater] INFO  impl.StateMachineUpdater (StateMachineUpdater.java:takeSnapshot(269)) - 228aa06e-06ce-4204-8855-80d551f2c161@group-19512547B1BE-StateMachineUpdater: Took a snapshot at index 10
2019-10-04 14:04:29,558 [228aa06e-06ce-4204-8855-80d551f2c161@group-19512547B1BE-StateMachineUpdater] INFO  impl.StateMachineUpdater (StateMachineUpdater.java:lambda$new$0(84)) - 228aa06e-06ce-4204-8855-80d551f2c161@group-19512547B1BE-StateMachineUpdater: snapshotIndex: updateIncreasingly 10 -> 10
2019-10-04 14:04:29,558 [ForkJoinPool.commonPool-worker-0] INFO  impl.RaftServerImpl (ServerState.java:close(387)) - 228aa06e-06ce-4204-8855-80d551f2c161@group-19512547B1BE: closes. applyIndex: 12
2019-10-04 14:04:29,560 [228aa06e-06ce-4204-8855-80d551f2c161@group-19512547B1BE-SegmentedRaftLogWorker] INFO  segmented.SegmentedRaftLogWorker (SegmentedRaftLogWorker.java:run(316)) - 228aa06e-06ce-4204-8855-80d551f2c161@group-19512547B1BE-SegmentedRaftLogWorker was interrupted, exiting. There are 0 tasks remaining in the queue.
2019-10-04 14:04:29,563 [ForkJoinPool.commonPool-worker-0] INFO  segmented.SegmentedRaftLogWorker (SegmentedRaftLogWorker.java:close(224)) - 228aa06e-06ce-4204-8855-80d551f2c161@group-19512547B1BE-SegmentedRaftLogWorker close()
2019-10-04 14:04:29,573 [ForkJoinPool.commonPool-worker-0] INFO  impl.RaftServerImpl (RaftServerImpl.java:lambda$shutdown$3(247)) - 228aa06e-06ce-4204-8855-80d551f2c161@group-3AD9A1440FE8: shutdown
2019-10-04 14:04:29,573 [ForkJoinPool.commonPool-worker-0] INFO  util.JmxRegister (JmxRegister.java:unregister(73)) - Successfully un-registered JMX Bean with object name Ratis:service=RaftServer,group=group-3AD9A1440FE8,id=228aa06e-06ce-4204-8855-80d551f2c161
2019-10-04 14:04:29,574 [ForkJoinPool.commonPool-worker-0] INFO  impl.RoleInfo (RoleInfo.java:shutdownLeaderState(104)) - 228aa06e-06ce-4204-8855-80d551f2c161: shutdown LeaderState
2019-10-04 14:04:29,574 [ForkJoinPool.commonPool-worker-0] INFO  impl.PendingRequests (PendingRequests.java:sendNotLeaderResponses(202)) - 228aa06e-06ce-4204-8855-80d551f2c161@group-3AD9A1440FE8-PendingRequests: sendNotLeaderResponses
2019-10-04 14:04:29,575 [ForkJoinPool.commonPool-worker-0] INFO  impl.StateMachineUpdater (StateMachineUpdater.java:stopAndJoin(136)) - 228aa06e-06ce-4204-8855-80d551f2c161@group-3AD9A1440FE8-StateMachineUpdater: set stopIndex = 0
2019-10-04 14:04:29,575 [ForkJoinPool.commonPool-worker-0] INFO  impl.RaftServerImpl (ServerState.java:close(387)) - 228aa06e-06ce-4204-8855-80d551f2c161@group-3AD9A1440FE8: closes. applyIndex: 0
2019-10-04 14:04:29,576 [228aa06e-06ce-4204-8855-80d551f2c161@group-3AD9A1440FE8-SegmentedRaftLogWorker] INFO  segmented.SegmentedRaftLogWorker (SegmentedRaftLogWorker.java:run(316)) - 228aa06e-06ce-4204-8855-80d551f2c161@group-3AD9A1440FE8-SegmentedRaftLogWorker was interrupted, exiting. There are 0 tasks remaining in the queue.
2019-10-04 14:04:29,576 [ForkJoinPool.commonPool-worker-0] INFO  segmented.SegmentedRaftLogWorker (SegmentedRaftLogWorker.java:close(224)) - 228aa06e-06ce-4204-8855-80d551f2c161@group-3AD9A1440FE8-SegmentedRaftLogWorker close()
2019-10-04 14:04:29,579 [ForkJoinPool.commonPool-worker-0] INFO  server.GrpcService (GrpcService.java:closeImpl(164)) - 228aa06e-06ce-4204-8855-80d551f2c161: shutdown server with port 40090 now
2019-10-04 14:04:29,581 [grpc-default-executor-9] WARN  client.GrpcClientProtocolService (LogUtils.java:warn(134)) - 1-UnorderedRequestStreamObserver1: onError: org.apache.ratis.thirdparty.io.grpc.StatusRuntimeException: CANCELLED: cancelled before receiving half close
2019-10-04 14:04:29,581 [ForkJoinPool.commonPool-worker-0] INFO  server.GrpcService (GrpcService.java:closeImpl(172)) - 228aa06e-06ce-4204-8855-80d551f2c161: shutdown server with port 40090 successfully
2019-10-04 14:04:29,586 [refreshUsed-/workdir/hadoop-ozone/integration-test/target/test-dir/MiniOzoneClusterImpl-a706a60c-ed98-4f98-a126-279d51990bf3/datanode-0/data/containers] WARN  fs.CachingGetSpaceUsed (CachingGetSpaceUsed.java:run(183)) - Thread Interrupted waiting to refresh disk information: sleep interrupted
2019-10-04 14:04:29,603 [ForkJoinPool.commonPool-worker-0] INFO  utils.BackgroundService (BackgroundService.java:shutdown(148)) - Shutting down service BlockDeletingService
2019-10-04 14:04:29,608 [ForkJoinPool.commonPool-worker-0] INFO  statemachine.DatanodeStateMachine (DatanodeStateMachine.java:stopDaemon(395)) - Ozone container server stopped.
2019-10-04 14:04:29,614 [ForkJoinPool.commonPool-worker-0] INFO  handler.ContextHandler (ContextHandler.java:doStop(910)) - Stopped o.e.j.w.WebAppContext@284990de{/,null,UNAVAILABLE}{/hddsDatanode}
2019-10-04 14:04:29,614 [ForkJoinPool.commonPool-worker-0] INFO  server.AbstractConnector (AbstractConnector.java:doStop(318)) - Stopped ServerConnector@565d7d2f{HTTP/1.1,[http/1.1]}{0.0.0.0:0}
2019-10-04 14:04:29,620 [ForkJoinPool.commonPool-worker-0] INFO  handler.ContextHandler (ContextHandler.java:doStop(910)) - Stopped o.e.j.s.ServletContextHandler@7d133fb7{/static,jar:file:/home/user/.m2/repository/org/apache/hadoop/hadoop-hdds-container-service/0.5.0-SNAPSHOT/hadoop-hdds-container-service-0.5.0-SNAPSHOT.jar!/webapps/static,UNAVAILABLE}
2019-10-04 14:04:29,620 [ForkJoinPool.commonPool-worker-0] INFO  handler.ContextHandler (ContextHandler.java:doStop(910)) - Stopped o.e.j.s.ServletContextHandler@5ca4dce5{/logs,file:///workdir/hadoop-ozone/integration-test/target/log,UNAVAILABLE}
2019-10-04 14:04:29,621 [main] INFO  ozone.MiniOzoneClusterImpl (MiniOzoneClusterImpl.java:stopSCM(392)) - Stopping the StorageContainerManager
2019-10-04 14:04:29,621 [main] INFO  server.StorageContainerManager (StorageContainerManager.java:stop(808)) - Stopping Replication Manager Service.
2019-10-04 14:04:29,621 [main] INFO  container.ReplicationManager (ReplicationManager.java:stop(203)) - Stopping Replication Monitor Thread.
2019-10-04 14:04:29,622 [main] INFO  server.StorageContainerManager (StorageContainerManager.java:stop(815)) - Stopping Lease Manager of the command watchers
2019-10-04 14:04:29,622 [main] INFO  server.StorageContainerManager (StorageContainerManager.java:stop(822)) - Stopping datanode service RPC server
2019-10-04 14:04:29,622 [main] INFO  server.SCMDatanodeProtocolServer (SCMDatanodeProtocolServer.java:stop(346)) - Stopping the RPC server for DataNodes
2019-10-04 14:04:29,622 [main] INFO  ipc.Server (Server.java:stop(3082)) - Stopping server on 45825
2019-10-04 14:04:29,624 [IPC Server listener on 45825] INFO  ipc.Server (Server.java:run(1185)) - Stopping IPC Server listener on 45825
2019-10-04 14:04:29,625 [IPC Server Responder] INFO  ipc.Server (Server.java:run(1319)) - Stopping IPC Server Responder
2019-10-04 14:04:29,724 [SCM Heartbeat Processing Thread - 0] WARN  node.NodeStateManager (NodeStateManager.java:scheduleNextHealthCheck(646)) - Current Thread is interrupted, shutting down HB processing thread for Node Manager.
2019-10-04 14:04:29,725 [main] INFO  server.StorageContainerManager (StorageContainerManager.java:stop(830)) - Stopping block service RPC server
2019-10-04 14:04:29,725 [main] INFO  server.SCMBlockProtocolServer (SCMBlockProtocolServer.java:stop(155)) - Stopping the RPC server for Block Protocol
2019-10-04 14:04:29,725 [main] INFO  ipc.Server (Server.java:stop(3082)) - Stopping server on 36179
2019-10-04 14:04:29,727 [IPC Server listener on 36179] INFO  ipc.Server (Server.java:run(1185)) - Stopping IPC Server listener on 36179
2019-10-04 14:04:29,728 [main] INFO  server.StorageContainerManager (StorageContainerManager.java:stop(837)) - Stopping the StorageContainerLocationProtocol RPC server
2019-10-04 14:04:29,728 [IPC Server Responder] INFO  ipc.Server (Server.java:run(1319)) - Stopping IPC Server Responder
2019-10-04 14:04:29,729 [main] INFO  server.SCMClientProtocolServer (SCMClientProtocolServer.java:stop(168)) - Stopping the RPC server for Client Protocol
2019-10-04 14:04:29,729 [main] INFO  ipc.Server (Server.java:stop(3082)) - Stopping server on 39314
2019-10-04 14:04:29,731 [IPC Server listener on 39314] INFO  ipc.Server (Server.java:run(1185)) - Stopping IPC Server listener on 39314
2019-10-04 14:04:29,731 [main] INFO  server.StorageContainerManager (StorageContainerManager.java:stop(844)) - Stopping Storage Container Manager HTTP server.
2019-10-04 14:04:29,731 [IPC Server Responder] INFO  ipc.Server (Server.java:run(1319)) - Stopping IPC Server Responder
2019-10-04 14:04:29,732 [main] INFO  handler.ContextHandler (ContextHandler.java:doStop(910)) - Stopped o.e.j.w.WebAppContext@5b8853{/,null,UNAVAILABLE}{/scm}
2019-10-04 14:04:29,733 [main] INFO  server.AbstractConnector (AbstractConnector.java:doStop(318)) - Stopped ServerConnector@1b8aaeab{HTTP/1.1,[http/1.1]}{0.0.0.0:0}
2019-10-04 14:04:29,733 [main] INFO  handler.ContextHandler (ContextHandler.java:doStop(910)) - Stopped o.e.j.s.ServletContextHandler@53314f76{/static,file:///workdir/hadoop-ozone/integration-test/target/test-classes/webapps/static,UNAVAILABLE}
2019-10-04 14:04:29,733 [main] INFO  handler.ContextHandler (ContextHandler.java:doStop(910)) - Stopped o.e.j.s.ServletContextHandler@6b0f266e{/logs,file:///workdir/hadoop-ozone/integration-test/target/log,UNAVAILABLE}
2019-10-04 14:04:29,734 [main] INFO  server.StorageContainerManager (StorageContainerManager.java:stop(855)) - Stopping Block Manager Service.
2019-10-04 14:04:29,734 [main] INFO  utils.BackgroundService (BackgroundService.java:shutdown(148)) - Shutting down service SCMBlockDeletingService
2019-10-04 14:04:29,734 [main] INFO  utils.BackgroundService (BackgroundService.java:shutdown(148)) - Shutting down service SCMBlockDeletingService
2019-10-04 14:04:29,735 [main] INFO  server.StorageContainerManager (StorageContainerManager.java:stop(877)) - Stopping SCM Event Queue.
2019-10-04 14:04:29,738 [main] INFO  impl.MetricsSystemImpl (MetricsSystemImpl.java:stop(210)) - Stopping HddsDatanode metrics system...
2019-10-04 14:04:29,766 [main] INFO  impl.MetricsSystemImpl (MetricsSystemImpl.java:stop(216)) - HddsDatanode metrics system stopped.
]]></system-out>
    <system-err><![CDATA[Oct 04, 2019 2:04:15 PM org.apache.ratis.thirdparty.io.grpc.internal.SerializingExecutor run
SEVERE: Exception while executing runnable org.apache.ratis.thirdparty.io.grpc.internal.ServerImpl$JumpToApplicationThreadServerStreamListener$1Closed@54c69c29
org.apache.ratis.thirdparty.io.grpc.StatusRuntimeException: CANCELLED: call already cancelled
	at org.apache.ratis.thirdparty.io.grpc.Status.asRuntimeException(Status.java:517)
	at org.apache.ratis.thirdparty.io.grpc.stub.ServerCalls$ServerCallStreamObserverImpl.onCompleted(ServerCalls.java:356)
	at org.apache.ratis.grpc.server.GrpcServerProtocolService$ServerRequestStreamObserver.onError(GrpcServerProtocolService.java:121)
	at org.apache.ratis.thirdparty.io.grpc.stub.ServerCalls$StreamingServerCallHandler$StreamingServerCallListener.onCancel(ServerCalls.java:269)
	at org.apache.ratis.thirdparty.io.grpc.internal.ServerCallImpl$ServerStreamListenerImpl.closed(ServerCallImpl.java:293)
	at org.apache.ratis.thirdparty.io.grpc.internal.ServerImpl$JumpToApplicationThreadServerStreamListener$1Closed.runInContext(ServerImpl.java:741)
	at org.apache.ratis.thirdparty.io.grpc.internal.ContextRunnable.run(ContextRunnable.java:37)
	at org.apache.ratis.thirdparty.io.grpc.internal.SerializingExecutor.run(SerializingExecutor.java:123)
	at java.util.concurrent.ThreadPoolExecutor.runWorker(ThreadPoolExecutor.java:1149)
	at java.util.concurrent.ThreadPoolExecutor$Worker.run(ThreadPoolExecutor.java:624)
	at java.lang.Thread.run(Thread.java:748)

Oct 04, 2019 2:04:15 PM org.apache.ratis.thirdparty.io.grpc.internal.SerializingExecutor run
SEVERE: Exception while executing runnable org.apache.ratis.thirdparty.io.grpc.internal.ServerImpl$JumpToApplicationThreadServerStreamListener$1Closed@78360e75
org.apache.ratis.thirdparty.io.grpc.StatusRuntimeException: CANCELLED: call already cancelled
	at org.apache.ratis.thirdparty.io.grpc.Status.asRuntimeException(Status.java:517)
	at org.apache.ratis.thirdparty.io.grpc.stub.ServerCalls$ServerCallStreamObserverImpl.onCompleted(ServerCalls.java:356)
	at org.apache.ratis.grpc.server.GrpcServerProtocolService$ServerRequestStreamObserver.onError(GrpcServerProtocolService.java:121)
	at org.apache.ratis.thirdparty.io.grpc.stub.ServerCalls$StreamingServerCallHandler$StreamingServerCallListener.onCancel(ServerCalls.java:269)
	at org.apache.ratis.thirdparty.io.grpc.internal.ServerCallImpl$ServerStreamListenerImpl.closed(ServerCallImpl.java:293)
	at org.apache.ratis.thirdparty.io.grpc.internal.ServerImpl$JumpToApplicationThreadServerStreamListener$1Closed.runInContext(ServerImpl.java:741)
	at org.apache.ratis.thirdparty.io.grpc.internal.ContextRunnable.run(ContextRunnable.java:37)
	at org.apache.ratis.thirdparty.io.grpc.internal.SerializingExecutor.run(SerializingExecutor.java:123)
	at java.util.concurrent.ThreadPoolExecutor.runWorker(ThreadPoolExecutor.java:1149)
	at java.util.concurrent.ThreadPoolExecutor$Worker.run(ThreadPoolExecutor.java:624)
	at java.lang.Thread.run(Thread.java:748)

]]></system-err>
  </testcase>
  <testcase name="testFailureWithPrimeSizedData" classname="org.apache.hadoop.ozone.client.rpc.TestBlockOutputStreamWithFailures" time="36.077"/>
  <testcase name="testWatchForCommitWithCloseContainerException" classname="org.apache.hadoop.ozone.client.rpc.TestBlockOutputStreamWithFailures" time="44.721"/>
  <testcase name="testExceptionDuringClose" classname="org.apache.hadoop.ozone.client.rpc.TestBlockOutputStreamWithFailures" time="34.797"/>
</testsuite>