<?xml version="1.0" encoding="UTF-8"?>
<testsuite xmlns:xsi="http://www.w3.org/2001/XMLSchema-instance" xsi:noNamespaceSchemaLocation="https://maven.apache.org/surefire/maven-surefire-plugin/xsd/surefire-test-report.xsd" name="org.apache.hadoop.ozone.client.rpc.TestDeleteWithSlowFollower" time="132.384" tests="1" errors="0" skipped="0" failures="1">
  <properties>
    <property name="awt.toolkit" value="sun.awt.X11.XToolkit"/>
    <property name="file.encoding.pkg" value="sun.io"/>
    <property name="java.specification.version" value="1.8"/>
    <property name="sun.cpu.isalist" value=""/>
    <property name="sun.jnu.encoding" value="ANSI_X3.4-1968"/>
    <property name="java.class.path" value="/workdir/hadoop-ozone/integration-test/target/test-classes:/workdir/hadoop-ozone/integration-test/target/classes:/home/user/.m2/repository/org/apache/hadoop/hadoop-ozone-common/0.5.0-SNAPSHOT/hadoop-ozone-common-0.5.0-SNAPSHOT.jar:/home/user/.m2/repository/org/apache/commons/commons-compress/1.4.1/commons-compress-1.4.1.jar:/home/user/.m2/repository/org/tukaani/xz/1.0/xz-1.0.jar:/home/user/.m2/repository/org/apache/hadoop/hadoop-common/3.2.0/hadoop-common-3.2.0.jar:/home/user/.m2/repository/org/apache/hadoop/hadoop-hdfs/3.2.0/hadoop-hdfs-3.2.0.jar:/home/user/.m2/repository/org/apache/hadoop/hadoop-hdfs-client/3.2.0/hadoop-hdfs-client-3.2.0.jar:/home/user/.m2/repository/com/fasterxml/jackson/core/jackson-annotations/2.9.9/jackson-annotations-2.9.9.jar:/home/user/.m2/repository/org/apache/hadoop/hadoop-hdds-common/0.5.0-SNAPSHOT/hadoop-hdds-common-0.5.0-SNAPSHOT.jar:/home/user/.m2/repository/javax/annotation/javax.annotation-api/1.2/javax.annotation-api-1.2.jar:/home/user/.m2/repository/org/apache/ratis/ratis-server/0.5.0-3f446aa-SNAPSHOT/ratis-server-0.5.0-3f446aa-SNAPSHOT.jar:/home/user/.m2/repository/org/apache/ratis/ratis-thirdparty-misc/0.2.0/ratis-thirdparty-misc-0.2.0.jar:/home/user/.m2/repository/org/apache/ratis/ratis-proto/0.5.0-3f446aa-SNAPSHOT/ratis-proto-0.5.0-3f446aa-SNAPSHOT.jar:/home/user/.m2/repository/org/apache/ratis/ratis-common/0.5.0-3f446aa-SNAPSHOT/ratis-common-0.5.0-3f446aa-SNAPSHOT.jar:/home/user/.m2/repository/org/apache/ratis/ratis-client/0.5.0-3f446aa-SNAPSHOT/ratis-client-0.5.0-3f446aa-SNAPSHOT.jar:/home/user/.m2/repository/org/apache/ratis/ratis-metrics/0.5.0-3f446aa-SNAPSHOT/ratis-metrics-0.5.0-3f446aa-SNAPSHOT.jar:/home/user/.m2/repository/com/github/joshelser/dropwizard-metrics-hadoop-metrics2-reporter/0.1.2/dropwizard-metrics-hadoop-metrics2-reporter-0.1.2.jar:/home/user/.m2/repository/io/dropwizard/metrics/metrics-jvm/3.2.5/metrics-jvm-3.2.5.jar:/home/user/.m2/repository/io/dropwizard/metrics/metrics-ganglia/3.2.5/metrics-ganglia-3.2.5.jar:/home/user/.m2/repository/info/ganglia/gmetric4j/gmetric4j/1.0.7/gmetric4j-1.0.7.jar:/home/user/.m2/repository/org/apache/ratis/ratis-netty/0.5.0-3f446aa-SNAPSHOT/ratis-netty-0.5.0-3f446aa-SNAPSHOT.jar:/home/user/.m2/repository/org/apache/ratis/ratis-grpc/0.5.0-3f446aa-SNAPSHOT/ratis-grpc-0.5.0-3f446aa-SNAPSHOT.jar:/home/user/.m2/repository/org/rocksdb/rocksdbjni/6.0.1/rocksdbjni-6.0.1.jar:/home/user/.m2/repository/org/apache/logging/log4j/log4j-api/2.11.0/log4j-api-2.11.0.jar:/home/user/.m2/repository/org/apache/logging/log4j/log4j-core/2.11.0/log4j-core-2.11.0.jar:/home/user/.m2/repository/com/lmax/disruptor/3.4.2/disruptor-3.4.2.jar:/home/user/.m2/repository/org/apache/commons/commons-pool2/2.6.0/commons-pool2-2.6.0.jar:/home/user/.m2/repository/org/bouncycastle/bcpkix-jdk15on/1.60/bcpkix-jdk15on-1.60.jar:/home/user/.m2/repository/commons-validator/commons-validator/1.6/commons-validator-1.6.jar:/home/user/.m2/repository/commons-digester/commons-digester/1.8.1/commons-digester-1.8.1.jar:/home/user/.m2/repository/io/jaegertracing/jaeger-client/0.34.0/jaeger-client-0.34.0.jar:/home/user/.m2/repository/io/jaegertracing/jaeger-thrift/0.34.0/jaeger-thrift-0.34.0.jar:/home/user/.m2/repository/org/apache/thrift/libthrift/0.12.0/libthrift-0.12.0.jar:/home/user/.m2/repository/com/squareup/okhttp3/okhttp/3.9.0/okhttp-3.9.0.jar:/home/user/.m2/repository/com/squareup/okio/okio/1.13.0/okio-1.13.0.jar:/home/user/.m2/repository/io/jaegertracing/jaeger-core/0.34.0/jaeger-core-0.34.0.jar:/home/user/.m2/repository/io/jaegertracing/jaeger-tracerresolver/0.34.0/jaeger-tracerresolver-0.34.0.jar:/home/user/.m2/repository/io/opentracing/contrib/opentracing-tracerresolver/0.1.5/opentracing-tracerresolver-0.1.5.jar:/home/user/.m2/repository/io/opentracing/opentracing-util/0.31.0/opentracing-util-0.31.0.jar:/home/user/.m2/repository/io/opentracing/opentracing-api/0.31.0/opentracing-api-0.31.0.jar:/home/user/.m2/repository/io/opentracing/opentracing-noop/0.31.0/opentracing-noop-0.31.0.jar:/home/user/.m2/repository/org/apache/hadoop/hadoop-hdds-server-framework/0.5.0-SNAPSHOT/hadoop-hdds-server-framework-0.5.0-SNAPSHOT.jar:/home/user/.m2/repository/org/apache/hadoop/hadoop-hdds-container-service/0.5.0-SNAPSHOT/hadoop-hdds-container-service-0.5.0-SNAPSHOT.jar:/home/user/.m2/repository/org/apache/hadoop/hadoop-hdds-client/0.5.0-SNAPSHOT/hadoop-hdds-client-0.5.0-SNAPSHOT.jar:/home/user/.m2/repository/org/apache/hadoop/hadoop-hdds-tools/0.5.0-SNAPSHOT/hadoop-hdds-tools-0.5.0-SNAPSHOT.jar:/home/user/.m2/repository/org/apache/hadoop/hadoop-hdds-server-scm/0.5.0-SNAPSHOT/hadoop-hdds-server-scm-0.5.0-SNAPSHOT.jar:/home/user/.m2/repository/org/apache/hadoop/hadoop-hdds-docs/0.5.0-SNAPSHOT/hadoop-hdds-docs-0.5.0-SNAPSHOT.jar:/home/user/.m2/repository/io/dropwizard/metrics/metrics-core/3.2.4/metrics-core-3.2.4.jar:/home/user/.m2/repository/org/hamcrest/hamcrest-all/1.3/hamcrest-all-1.3.jar:/home/user/.m2/repository/org/bouncycastle/bcprov-jdk15on/1.60/bcprov-jdk15on-1.60.jar:/home/user/.m2/repository/info/picocli/picocli/3.9.6/picocli-3.9.6.jar:/home/user/.m2/repository/com/google/protobuf/protobuf-java/2.5.0/protobuf-java-2.5.0.jar:/home/user/.m2/repository/com/google/guava/guava/11.0.2/guava-11.0.2.jar:/home/user/.m2/repository/org/apache/hadoop/hadoop-ozone-ozone-manager/0.5.0-SNAPSHOT/hadoop-ozone-ozone-manager-0.5.0-SNAPSHOT.jar:/home/user/.m2/repository/org/apache/hadoop/hadoop-minikdc/3.2.0/hadoop-minikdc-3.2.0.jar:/home/user/.m2/repository/commons-io/commons-io/2.5/commons-io-2.5.jar:/home/user/.m2/repository/org/apache/kerby/kerb-simplekdc/1.0.1/kerb-simplekdc-1.0.1.jar:/home/user/.m2/repository/org/apache/kerby/kerb-client/1.0.1/kerb-client-1.0.1.jar:/home/user/.m2/repository/org/apache/kerby/kerby-config/1.0.1/kerby-config-1.0.1.jar:/home/user/.m2/repository/org/apache/kerby/kerb-core/1.0.1/kerb-core-1.0.1.jar:/home/user/.m2/repository/org/apache/kerby/kerby-pkix/1.0.1/kerby-pkix-1.0.1.jar:/home/user/.m2/repository/org/apache/kerby/kerby-asn1/1.0.1/kerby-asn1-1.0.1.jar:/home/user/.m2/repository/org/apache/kerby/kerby-util/1.0.1/kerby-util-1.0.1.jar:/home/user/.m2/repository/org/apache/kerby/kerb-common/1.0.1/kerb-common-1.0.1.jar:/home/user/.m2/repository/org/apache/kerby/kerb-crypto/1.0.1/kerb-crypto-1.0.1.jar:/home/user/.m2/repository/org/apache/kerby/kerb-util/1.0.1/kerb-util-1.0.1.jar:/home/user/.m2/repository/org/apache/kerby/token-provider/1.0.1/token-provider-1.0.1.jar:/home/user/.m2/repository/org/apache/kerby/kerb-admin/1.0.1/kerb-admin-1.0.1.jar:/home/user/.m2/repository/org/apache/kerby/kerb-server/1.0.1/kerb-server-1.0.1.jar:/home/user/.m2/repository/org/apache/kerby/kerb-identity/1.0.1/kerb-identity-1.0.1.jar:/home/user/.m2/repository/org/apache/kerby/kerby-xdr/1.0.1/kerby-xdr-1.0.1.jar:/home/user/.m2/repository/org/slf4j/slf4j-log4j12/1.7.25/slf4j-log4j12-1.7.25.jar:/home/user/.m2/repository/org/apache/hadoop/hadoop-ozone-s3gateway/0.5.0-SNAPSHOT/hadoop-ozone-s3gateway-0.5.0-SNAPSHOT.jar:/home/user/.m2/repository/org/jboss/weld/servlet/weld-servlet/2.4.7.Final/weld-servlet-2.4.7.Final.jar:/home/user/.m2/repository/org/glassfish/jersey/containers/jersey-container-servlet-core/2.27/jersey-container-servlet-core-2.27.jar:/home/user/.m2/repository/org/glassfish/hk2/external/javax.inject/2.5.0-b42/javax.inject-2.5.0-b42.jar:/home/user/.m2/repository/org/glassfish/jersey/core/jersey-common/2.27/jersey-common-2.27.jar:/home/user/.m2/repository/org/glassfish/hk2/osgi-resource-locator/1.0.1/osgi-resource-locator-1.0.1.jar:/home/user/.m2/repository/javax/ws/rs/javax.ws.rs-api/2.1/javax.ws.rs-api-2.1.jar:/home/user/.m2/repository/org/glassfish/jersey/ext/cdi/jersey-cdi1x/2.27/jersey-cdi1x-2.27.jar:/home/user/.m2/repository/org/glassfish/jersey/inject/jersey-hk2/2.27/jersey-hk2-2.27.jar:/home/user/.m2/repository/org/glassfish/hk2/hk2-locator/2.5.0-b42/hk2-locator-2.5.0-b42.jar:/home/user/.m2/repository/org/javassist/javassist/3.22.0-CR2/javassist-3.22.0-CR2.jar:/home/user/.m2/repository/org/glassfish/hk2/hk2-api/2.5.0/hk2-api-2.5.0.jar:/home/user/.m2/repository/org/glassfish/hk2/external/jakarta.inject/2.5.0/jakarta.inject-2.5.0.jar:/home/user/.m2/repository/org/glassfish/hk2/hk2-utils/2.5.0/hk2-utils-2.5.0.jar:/home/user/.m2/repository/jakarta/annotation/jakarta.annotation-api/1.3.4/jakarta.annotation-api-1.3.4.jar:/home/user/.m2/repository/org/glassfish/hk2/external/aopalliance-repackaged/2.5.0/aopalliance-repackaged-2.5.0.jar:/home/user/.m2/repository/com/fasterxml/jackson/dataformat/jackson-dataformat-xml/2.9.0/jackson-dataformat-xml-2.9.0.jar:/home/user/.m2/repository/com/fasterxml/jackson/core/jackson-core/2.9.9/jackson-core-2.9.9.jar:/home/user/.m2/repository/com/fasterxml/jackson/module/jackson-module-jaxb-annotations/2.9.9/jackson-module-jaxb-annotations-2.9.9.jar:/home/user/.m2/repository/javax/enterprise/cdi-api/1.2/cdi-api-1.2.jar:/home/user/.m2/repository/javax/el/javax.el-api/3.0.0/javax.el-api-3.0.0.jar:/home/user/.m2/repository/javax/interceptor/javax.interceptor-api/1.2/javax.interceptor-api-1.2.jar:/home/user/.m2/repository/javax/inject/javax.inject/1/javax.inject-1.jar:/home/user/.m2/repository/com/sun/xml/bind/jaxb-impl/2.3.0.1/jaxb-impl-2.3.0.1.jar:/home/user/.m2/repository/com/sun/xml/bind/jaxb-core/2.3.0.1/jaxb-core-2.3.0.1.jar:/home/user/.m2/repository/javax/xml/bind/jaxb-api/2.3.0/jaxb-api-2.3.0.jar:/home/user/.m2/repository/javax/activation/activation/1.1.1/activation-1.1.1.jar:/home/user/.m2/repository/org/apache/hadoop/hadoop-ozone-csi/0.5.0-SNAPSHOT/hadoop-ozone-csi-0.5.0-SNAPSHOT.jar:/home/user/.m2/repository/com/google/protobuf/protobuf-java-util/3.5.1/protobuf-java-util-3.5.1.jar:/home/user/.m2/repository/org/apache/hadoop/hadoop-hdds-config/0.5.0-SNAPSHOT/hadoop-hdds-config-0.5.0-SNAPSHOT.jar:/home/user/.m2/repository/io/grpc/grpc-netty/1.17.1/grpc-netty-1.17.1.jar:/home/user/.m2/repository/io/grpc/grpc-core/1.17.1/grpc-core-1.17.1.jar:/home/user/.m2/repository/io/grpc/grpc-context/1.17.1/grpc-context-1.17.1.jar:/home/user/.m2/repository/com/google/errorprone/error_prone_annotations/2.2.0/error_prone_annotations-2.2.0.jar:/home/user/.m2/repository/org/codehaus/mojo/animal-sniffer-annotations/1.17/animal-sniffer-annotations-1.17.jar:/home/user/.m2/repository/io/opencensus/opencensus-api/0.17.0/opencensus-api-0.17.0.jar:/home/user/.m2/repository/io/opencensus/opencensus-contrib-grpc-metrics/0.17.0/opencensus-contrib-grpc-metrics-0.17.0.jar:/home/user/.m2/repository/io/netty/netty-codec-http2/4.1.30.Final/netty-codec-http2-4.1.30.Final.jar:/home/user/.m2/repository/io/netty/netty-codec-http/4.1.30.Final/netty-codec-http-4.1.30.Final.jar:/home/user/.m2/repository/io/netty/netty-codec/4.1.30.Final/netty-codec-4.1.30.Final.jar:/home/user/.m2/repository/io/netty/netty-handler/4.1.30.Final/netty-handler-4.1.30.Final.jar:/home/user/.m2/repository/io/netty/netty-handler-proxy/4.1.30.Final/netty-handler-proxy-4.1.30.Final.jar:/home/user/.m2/repository/io/netty/netty-codec-socks/4.1.30.Final/netty-codec-socks-4.1.30.Final.jar:/home/user/.m2/repository/io/netty/netty-transport-native-epoll/4.1.30.Final/netty-transport-native-epoll-4.1.30.Final.jar:/home/user/.m2/repository/io/netty/netty-common/4.1.30.Final/netty-common-4.1.30.Final.jar:/home/user/.m2/repository/io/netty/netty-buffer/4.1.30.Final/netty-buffer-4.1.30.Final.jar:/home/user/.m2/repository/io/netty/netty-transport/4.1.30.Final/netty-transport-4.1.30.Final.jar:/home/user/.m2/repository/io/netty/netty-resolver/4.1.30.Final/netty-resolver-4.1.30.Final.jar:/home/user/.m2/repository/io/netty/netty-transport-native-unix-common/4.1.30.Final/netty-transport-native-unix-common-4.1.30.Final.jar:/home/user/.m2/repository/io/grpc/grpc-protobuf/1.17.1/grpc-protobuf-1.17.1.jar:/home/user/.m2/repository/com/google/api/grpc/proto-google-common-protos/1.0.0/proto-google-common-protos-1.0.0.jar:/home/user/.m2/repository/io/grpc/grpc-protobuf-lite/1.17.1/grpc-protobuf-lite-1.17.1.jar:/home/user/.m2/repository/io/grpc/grpc-stub/1.17.1/grpc-stub-1.17.1.jar:/home/user/.m2/repository/org/apache/hadoop/hadoop-ozone-recon/0.5.0-SNAPSHOT/hadoop-ozone-recon-0.5.0-SNAPSHOT.jar:/home/user/.m2/repository/org/apache/hadoop/hadoop-ozone-reconcodegen/0.5.0-SNAPSHOT/hadoop-ozone-reconcodegen-0.5.0-SNAPSHOT.jar:/home/user/.m2/repository/com/google/inject/extensions/guice-multibindings/4.0/guice-multibindings-4.0.jar:/home/user/.m2/repository/com/google/inject/guice/4.0/guice-4.0.jar:/home/user/.m2/repository/aopalliance/aopalliance/1.0/aopalliance-1.0.jar:/home/user/.m2/repository/com/google/inject/extensions/guice-servlet/4.0/guice-servlet-4.0.jar:/home/user/.m2/repository/org/glassfish/jersey/containers/jersey-container-servlet/2.27/jersey-container-servlet-2.27.jar:/home/user/.m2/repository/org/glassfish/hk2/guice-bridge/2.5.0/guice-bridge-2.5.0.jar:/home/user/.m2/repository/org/glassfish/jersey/core/jersey-server/2.27/jersey-server-2.27.jar:/home/user/.m2/repository/org/glassfish/jersey/core/jersey-client/2.27/jersey-client-2.27.jar:/home/user/.m2/repository/org/glassfish/jersey/media/jersey-media-jaxb/2.27/jersey-media-jaxb-2.27.jar:/home/user/.m2/repository/javax/validation/validation-api/1.1.0.Final/validation-api-1.1.0.Final.jar:/home/user/.m2/repository/org/glassfish/jersey/media/jersey-media-json-jackson/2.27/jersey-media-json-jackson-2.27.jar:/home/user/.m2/repository/org/glassfish/jersey/ext/jersey-entity-filtering/2.27/jersey-entity-filtering-2.27.jar:/home/user/.m2/repository/com/google/inject/extensions/guice-assistedinject/4.0/guice-assistedinject-4.0.jar:/home/user/.m2/repository/org/jooq/jooq/3.11.10/jooq-3.11.10.jar:/home/user/.m2/repository/org/jooq/jooq-meta/3.11.10/jooq-meta-3.11.10.jar:/home/user/.m2/repository/org/jooq/jooq-codegen/3.11.10/jooq-codegen-3.11.10.jar:/home/user/.m2/repository/com/jolbox/bonecp/0.8.0.RELEASE/bonecp-0.8.0.RELEASE.jar:/home/user/.m2/repository/org/xerial/sqlite-jdbc/3.25.2/sqlite-jdbc-3.25.2.jar:/home/user/.m2/repository/org/springframework/spring-jdbc/5.1.3.RELEASE/spring-jdbc-5.1.3.RELEASE.jar:/home/user/.m2/repository/org/springframework/spring-beans/5.1.3.RELEASE/spring-beans-5.1.3.RELEASE.jar:/home/user/.m2/repository/org/springframework/spring-core/5.1.3.RELEASE/spring-core-5.1.3.RELEASE.jar:/home/user/.m2/repository/org/springframework/spring-jcl/5.1.3.RELEASE/spring-jcl-5.1.3.RELEASE.jar:/home/user/.m2/repository/org/springframework/spring-tx/5.1.3.RELEASE/spring-tx-5.1.3.RELEASE.jar:/home/user/.m2/repository/org/apache/hadoop/hadoop-ozone-client/0.5.0-SNAPSHOT/hadoop-ozone-client-0.5.0-SNAPSHOT.jar:/home/user/.m2/repository/commons-lang/commons-lang/2.6/commons-lang-2.6.jar:/home/user/.m2/repository/org/apache/hadoop/hadoop-ozone-ozone-manager/0.5.0-SNAPSHOT/hadoop-ozone-ozone-manager-0.5.0-SNAPSHOT-tests.jar:/home/user/.m2/repository/junit/junit/4.11/junit-4.11.jar:/home/user/.m2/repository/org/hamcrest/hamcrest-core/1.3/hamcrest-core-1.3.jar:/home/user/.m2/repository/org/openjdk/jmh/jmh-core/1.19/jmh-core-1.19.jar:/home/user/.m2/repository/net/sf/jopt-simple/jopt-simple/4.6/jopt-simple-4.6.jar:/home/user/.m2/repository/org/apache/commons/commons-math3/3.1.1/commons-math3-3.1.1.jar:/home/user/.m2/repository/org/openjdk/jmh/jmh-generator-annprocess/1.19/jmh-generator-annprocess-1.19.jar:/home/user/.m2/repository/org/mockito/mockito-all/1.8.5/mockito-all-1.8.5.jar:/home/user/.m2/repository/org/apache/hadoop/hadoop-kms/3.2.0/hadoop-kms-3.2.0.jar:/home/user/.m2/repository/org/apache/hadoop/hadoop-auth/3.2.0/hadoop-auth-3.2.0.jar:/home/user/.m2/repository/com/nimbusds/nimbus-jose-jwt/4.41.1/nimbus-jose-jwt-4.41.1.jar:/home/user/.m2/repository/com/github/stephenc/jcip/jcip-annotations/1.0-1/jcip-annotations-1.0-1.jar:/home/user/.m2/repository/net/minidev/json-smart/2.3/json-smart-2.3.jar:/home/user/.m2/repository/net/minidev/accessors-smart/1.2/accessors-smart-1.2.jar:/home/user/.m2/repository/org/ow2/asm/asm/5.0.4/asm-5.0.4.jar:/home/user/.m2/repository/org/apache/curator/curator-framework/2.12.0/curator-framework-2.12.0.jar:/home/user/.m2/repository/com/sun/jersey/jersey-core/1.19/jersey-core-1.19.jar:/home/user/.m2/repository/javax/ws/rs/jsr311-api/1.1.1/jsr311-api-1.1.1.jar:/home/user/.m2/repository/com/sun/jersey/jersey-server/1.19/jersey-server-1.19.jar:/home/user/.m2/repository/javax/servlet/javax.servlet-api/3.1.0/javax.servlet-api-3.1.0.jar:/home/user/.m2/repository/org/eclipse/jetty/jetty-server/9.3.25.v20180904/jetty-server-9.3.25.v20180904.jar:/home/user/.m2/repository/org/eclipse/jetty/jetty-http/9.3.25.v20180904/jetty-http-9.3.25.v20180904.jar:/home/user/.m2/repository/org/eclipse/jetty/jetty-io/9.3.25.v20180904/jetty-io-9.3.25.v20180904.jar:/home/user/.m2/repository/org/eclipse/jetty/jetty-webapp/9.3.25.v20180904/jetty-webapp-9.3.25.v20180904.jar:/home/user/.m2/repository/org/eclipse/jetty/jetty-xml/9.3.25.v20180904/jetty-xml-9.3.25.v20180904.jar:/home/user/.m2/repository/log4j/log4j/1.2.17/log4j-1.2.17.jar:/home/user/.m2/repository/org/slf4j/slf4j-api/1.7.25/slf4j-api-1.7.25.jar:/home/user/.m2/repository/org/slf4j/jul-to-slf4j/1.7.25/jul-to-slf4j-1.7.25.jar:/home/user/.m2/repository/org/eclipse/jetty/jetty-util/9.3.25.v20180904/jetty-util-9.3.25.v20180904.jar:/home/user/.m2/repository/com/fasterxml/jackson/core/jackson-databind/2.9.9/jackson-databind-2.9.9.jar:/home/user/.m2/repository/org/apache/hadoop/hadoop-kms/3.2.0/hadoop-kms-3.2.0-tests.jar:/home/user/.m2/repository/org/apache/hadoop/hadoop-hdds-server-scm/0.5.0-SNAPSHOT/hadoop-hdds-server-scm-0.5.0-SNAPSHOT-tests.jar:/home/user/.m2/repository/org/apache/hadoop/hadoop-hdds-container-service/0.5.0-SNAPSHOT/hadoop-hdds-container-service-0.5.0-SNAPSHOT-tests.jar:/home/user/.m2/repository/org/yaml/snakeyaml/1.16/snakeyaml-1.16.jar:/home/user/.m2/repository/org/apache/hadoop/hadoop-common/3.2.0/hadoop-common-3.2.0-tests.jar:/home/user/.m2/repository/org/apache/hadoop/hadoop-annotations/3.2.0/hadoop-annotations-3.2.0.jar:/usr/lib/jvm/java-1.8.0-openjdk-1.8.0.222.b10-1.el7_7.x86_64/jre/../lib/tools.jar:/home/user/.m2/repository/commons-cli/commons-cli/1.2/commons-cli-1.2.jar:/home/user/.m2/repository/org/apache/httpcomponents/httpclient/4.5.2/httpclient-4.5.2.jar:/home/user/.m2/repository/org/apache/httpcomponents/httpcore/4.4.4/httpcore-4.4.4.jar:/home/user/.m2/repository/commons-codec/commons-codec/1.11/commons-codec-1.11.jar:/home/user/.m2/repository/commons-net/commons-net/3.6/commons-net-3.6.jar:/home/user/.m2/repository/commons-collections/commons-collections/3.2.2/commons-collections-3.2.2.jar:/home/user/.m2/repository/org/eclipse/jetty/jetty-servlet/9.3.25.v20180904/jetty-servlet-9.3.25.v20180904.jar:/home/user/.m2/repository/org/eclipse/jetty/jetty-security/9.3.25.v20180904/jetty-security-9.3.25.v20180904.jar:/home/user/.m2/repository/javax/servlet/jsp/jsp-api/2.1/jsp-api-2.1.jar:/home/user/.m2/repository/com/sun/jersey/jersey-servlet/1.19/jersey-servlet-1.19.jar:/home/user/.m2/repository/com/sun/jersey/jersey-json/1.19/jersey-json-1.19.jar:/home/user/.m2/repository/org/codehaus/jettison/jettison/1.1/jettison-1.1.jar:/home/user/.m2/repository/org/codehaus/jackson/jackson-core-asl/1.9.13/jackson-core-asl-1.9.13.jar:/home/user/.m2/repository/org/codehaus/jackson/jackson-mapper-asl/1.9.13/jackson-mapper-asl-1.9.13.jar:/home/user/.m2/repository/org/codehaus/jackson/jackson-jaxrs/1.9.13/jackson-jaxrs-1.9.13.jar:/home/user/.m2/repository/org/codehaus/jackson/jackson-xc/1.9.13/jackson-xc-1.9.13.jar:/home/user/.m2/repository/commons-logging/commons-logging/1.1.3/commons-logging-1.1.3.jar:/home/user/.m2/repository/commons-beanutils/commons-beanutils/1.9.4/commons-beanutils-1.9.4.jar:/home/user/.m2/repository/org/apache/commons/commons-configuration2/2.1.1/commons-configuration2-2.1.1.jar:/home/user/.m2/repository/org/apache/commons/commons-lang3/3.7/commons-lang3-3.7.jar:/home/user/.m2/repository/org/apache/commons/commons-text/1.4/commons-text-1.4.jar:/home/user/.m2/repository/org/apache/avro/avro/1.7.7/avro-1.7.7.jar:/home/user/.m2/repository/com/thoughtworks/paranamer/paranamer/2.3/paranamer-2.3.jar:/home/user/.m2/repository/org/xerial/snappy/snappy-java/1.0.5/snappy-java-1.0.5.jar:/home/user/.m2/repository/com/google/re2j/re2j/1.1/re2j-1.1.jar:/home/user/.m2/repository/com/google/code/gson/gson/2.2.4/gson-2.2.4.jar:/home/user/.m2/repository/com/jcraft/jsch/0.1.54/jsch-0.1.54.jar:/home/user/.m2/repository/org/apache/curator/curator-client/2.12.0/curator-client-2.12.0.jar:/home/user/.m2/repository/org/apache/curator/curator-recipes/2.12.0/curator-recipes-2.12.0.jar:/home/user/.m2/repository/com/google/code/findbugs/jsr305/3.0.0/jsr305-3.0.0.jar:/home/user/.m2/repository/org/apache/htrace/htrace-core4/4.1.0-incubating/htrace-core4-4.1.0-incubating.jar:/home/user/.m2/repository/org/apache/zookeeper/zookeeper/3.4.13/zookeeper-3.4.13.jar:/home/user/.m2/repository/jline/jline/0.9.94/jline-0.9.94.jar:/home/user/.m2/repository/org/apache/yetus/audience-annotations/0.5.0/audience-annotations-0.5.0.jar:/home/user/.m2/repository/org/codehaus/woodstox/stax2-api/3.1.4/stax2-api-3.1.4.jar:/home/user/.m2/repository/com/fasterxml/woodstox/woodstox-core/5.0.3/woodstox-core-5.0.3.jar:/home/user/.m2/repository/dnsjava/dnsjava/2.1.7/dnsjava-2.1.7.jar:/home/user/.m2/repository/org/apache/hadoop/hadoop-hdfs/3.2.0/hadoop-hdfs-3.2.0-tests.jar:/home/user/.m2/repository/org/eclipse/jetty/jetty-util-ajax/9.3.25.v20180904/jetty-util-ajax-9.3.25.v20180904.jar:/home/user/.m2/repository/commons-daemon/commons-daemon/1.0.13/commons-daemon-1.0.13.jar:/home/user/.m2/repository/io/netty/netty/3.10.5.Final/netty-3.10.5.Final.jar:/home/user/.m2/repository/io/netty/netty-all/4.0.52.Final/netty-all-4.0.52.Final.jar:/home/user/.m2/repository/org/fusesource/leveldbjni/leveldbjni-all/1.8/leveldbjni-all-1.8.jar:"/>
    <property name="java.vm.vendor" value="Oracle Corporation"/>
    <property name="sun.arch.data.model" value="64"/>
    <property name="test.build.dir" value="/workdir/hadoop-ozone/integration-test/target/test-dir"/>
    <property name="test.cache.data" value=""/>
    <property name="java.vendor.url" value="http://java.oracle.com/"/>
    <property name="user.timezone" value=""/>
    <property name="java.vm.specification.version" value="1.8"/>
    <property name="os.name" value="Linux"/>
    <property name="test.build.data" value="/workdir/hadoop-ozone/integration-test/target/test-dir"/>
    <property name="user.country" value="US"/>
    <property name="sun.java.launcher" value="SUN_STANDARD"/>
    <property name="sun.boot.library.path" value="/usr/lib/jvm/java-1.8.0-openjdk-1.8.0.222.b10-1.el7_7.x86_64/jre/lib/amd64"/>
    <property name="sun.java.command" value="/workdir/hadoop-ozone/integration-test/target/surefire/surefirebooter5909132238544494835.jar /workdir/hadoop-ozone/integration-test/target/surefire 2019-10-16T18-16-34_760-jvmRun1 surefire2156974688497028787tmp surefire_30279761718629470568tmp"/>
    <property name="surefire.test.class.path" value="/workdir/hadoop-ozone/integration-test/target/test-classes:/workdir/hadoop-ozone/integration-test/target/classes:/home/user/.m2/repository/org/apache/hadoop/hadoop-ozone-common/0.5.0-SNAPSHOT/hadoop-ozone-common-0.5.0-SNAPSHOT.jar:/home/user/.m2/repository/org/apache/commons/commons-compress/1.4.1/commons-compress-1.4.1.jar:/home/user/.m2/repository/org/tukaani/xz/1.0/xz-1.0.jar:/home/user/.m2/repository/org/apache/hadoop/hadoop-common/3.2.0/hadoop-common-3.2.0.jar:/home/user/.m2/repository/org/apache/hadoop/hadoop-hdfs/3.2.0/hadoop-hdfs-3.2.0.jar:/home/user/.m2/repository/org/apache/hadoop/hadoop-hdfs-client/3.2.0/hadoop-hdfs-client-3.2.0.jar:/home/user/.m2/repository/com/fasterxml/jackson/core/jackson-annotations/2.9.9/jackson-annotations-2.9.9.jar:/home/user/.m2/repository/org/apache/hadoop/hadoop-hdds-common/0.5.0-SNAPSHOT/hadoop-hdds-common-0.5.0-SNAPSHOT.jar:/home/user/.m2/repository/javax/annotation/javax.annotation-api/1.2/javax.annotation-api-1.2.jar:/home/user/.m2/repository/org/apache/ratis/ratis-server/0.5.0-3f446aa-SNAPSHOT/ratis-server-0.5.0-3f446aa-SNAPSHOT.jar:/home/user/.m2/repository/org/apache/ratis/ratis-thirdparty-misc/0.2.0/ratis-thirdparty-misc-0.2.0.jar:/home/user/.m2/repository/org/apache/ratis/ratis-proto/0.5.0-3f446aa-SNAPSHOT/ratis-proto-0.5.0-3f446aa-SNAPSHOT.jar:/home/user/.m2/repository/org/apache/ratis/ratis-common/0.5.0-3f446aa-SNAPSHOT/ratis-common-0.5.0-3f446aa-SNAPSHOT.jar:/home/user/.m2/repository/org/apache/ratis/ratis-client/0.5.0-3f446aa-SNAPSHOT/ratis-client-0.5.0-3f446aa-SNAPSHOT.jar:/home/user/.m2/repository/org/apache/ratis/ratis-metrics/0.5.0-3f446aa-SNAPSHOT/ratis-metrics-0.5.0-3f446aa-SNAPSHOT.jar:/home/user/.m2/repository/com/github/joshelser/dropwizard-metrics-hadoop-metrics2-reporter/0.1.2/dropwizard-metrics-hadoop-metrics2-reporter-0.1.2.jar:/home/user/.m2/repository/io/dropwizard/metrics/metrics-jvm/3.2.5/metrics-jvm-3.2.5.jar:/home/user/.m2/repository/io/dropwizard/metrics/metrics-ganglia/3.2.5/metrics-ganglia-3.2.5.jar:/home/user/.m2/repository/info/ganglia/gmetric4j/gmetric4j/1.0.7/gmetric4j-1.0.7.jar:/home/user/.m2/repository/org/apache/ratis/ratis-netty/0.5.0-3f446aa-SNAPSHOT/ratis-netty-0.5.0-3f446aa-SNAPSHOT.jar:/home/user/.m2/repository/org/apache/ratis/ratis-grpc/0.5.0-3f446aa-SNAPSHOT/ratis-grpc-0.5.0-3f446aa-SNAPSHOT.jar:/home/user/.m2/repository/org/rocksdb/rocksdbjni/6.0.1/rocksdbjni-6.0.1.jar:/home/user/.m2/repository/org/apache/logging/log4j/log4j-api/2.11.0/log4j-api-2.11.0.jar:/home/user/.m2/repository/org/apache/logging/log4j/log4j-core/2.11.0/log4j-core-2.11.0.jar:/home/user/.m2/repository/com/lmax/disruptor/3.4.2/disruptor-3.4.2.jar:/home/user/.m2/repository/org/apache/commons/commons-pool2/2.6.0/commons-pool2-2.6.0.jar:/home/user/.m2/repository/org/bouncycastle/bcpkix-jdk15on/1.60/bcpkix-jdk15on-1.60.jar:/home/user/.m2/repository/commons-validator/commons-validator/1.6/commons-validator-1.6.jar:/home/user/.m2/repository/commons-digester/commons-digester/1.8.1/commons-digester-1.8.1.jar:/home/user/.m2/repository/io/jaegertracing/jaeger-client/0.34.0/jaeger-client-0.34.0.jar:/home/user/.m2/repository/io/jaegertracing/jaeger-thrift/0.34.0/jaeger-thrift-0.34.0.jar:/home/user/.m2/repository/org/apache/thrift/libthrift/0.12.0/libthrift-0.12.0.jar:/home/user/.m2/repository/com/squareup/okhttp3/okhttp/3.9.0/okhttp-3.9.0.jar:/home/user/.m2/repository/com/squareup/okio/okio/1.13.0/okio-1.13.0.jar:/home/user/.m2/repository/io/jaegertracing/jaeger-core/0.34.0/jaeger-core-0.34.0.jar:/home/user/.m2/repository/io/jaegertracing/jaeger-tracerresolver/0.34.0/jaeger-tracerresolver-0.34.0.jar:/home/user/.m2/repository/io/opentracing/contrib/opentracing-tracerresolver/0.1.5/opentracing-tracerresolver-0.1.5.jar:/home/user/.m2/repository/io/opentracing/opentracing-util/0.31.0/opentracing-util-0.31.0.jar:/home/user/.m2/repository/io/opentracing/opentracing-api/0.31.0/opentracing-api-0.31.0.jar:/home/user/.m2/repository/io/opentracing/opentracing-noop/0.31.0/opentracing-noop-0.31.0.jar:/home/user/.m2/repository/org/apache/hadoop/hadoop-hdds-server-framework/0.5.0-SNAPSHOT/hadoop-hdds-server-framework-0.5.0-SNAPSHOT.jar:/home/user/.m2/repository/org/apache/hadoop/hadoop-hdds-container-service/0.5.0-SNAPSHOT/hadoop-hdds-container-service-0.5.0-SNAPSHOT.jar:/home/user/.m2/repository/org/apache/hadoop/hadoop-hdds-client/0.5.0-SNAPSHOT/hadoop-hdds-client-0.5.0-SNAPSHOT.jar:/home/user/.m2/repository/org/apache/hadoop/hadoop-hdds-tools/0.5.0-SNAPSHOT/hadoop-hdds-tools-0.5.0-SNAPSHOT.jar:/home/user/.m2/repository/org/apache/hadoop/hadoop-hdds-server-scm/0.5.0-SNAPSHOT/hadoop-hdds-server-scm-0.5.0-SNAPSHOT.jar:/home/user/.m2/repository/org/apache/hadoop/hadoop-hdds-docs/0.5.0-SNAPSHOT/hadoop-hdds-docs-0.5.0-SNAPSHOT.jar:/home/user/.m2/repository/io/dropwizard/metrics/metrics-core/3.2.4/metrics-core-3.2.4.jar:/home/user/.m2/repository/org/hamcrest/hamcrest-all/1.3/hamcrest-all-1.3.jar:/home/user/.m2/repository/org/bouncycastle/bcprov-jdk15on/1.60/bcprov-jdk15on-1.60.jar:/home/user/.m2/repository/info/picocli/picocli/3.9.6/picocli-3.9.6.jar:/home/user/.m2/repository/com/google/protobuf/protobuf-java/2.5.0/protobuf-java-2.5.0.jar:/home/user/.m2/repository/com/google/guava/guava/11.0.2/guava-11.0.2.jar:/home/user/.m2/repository/org/apache/hadoop/hadoop-ozone-ozone-manager/0.5.0-SNAPSHOT/hadoop-ozone-ozone-manager-0.5.0-SNAPSHOT.jar:/home/user/.m2/repository/org/apache/hadoop/hadoop-minikdc/3.2.0/hadoop-minikdc-3.2.0.jar:/home/user/.m2/repository/commons-io/commons-io/2.5/commons-io-2.5.jar:/home/user/.m2/repository/org/apache/kerby/kerb-simplekdc/1.0.1/kerb-simplekdc-1.0.1.jar:/home/user/.m2/repository/org/apache/kerby/kerb-client/1.0.1/kerb-client-1.0.1.jar:/home/user/.m2/repository/org/apache/kerby/kerby-config/1.0.1/kerby-config-1.0.1.jar:/home/user/.m2/repository/org/apache/kerby/kerb-core/1.0.1/kerb-core-1.0.1.jar:/home/user/.m2/repository/org/apache/kerby/kerby-pkix/1.0.1/kerby-pkix-1.0.1.jar:/home/user/.m2/repository/org/apache/kerby/kerby-asn1/1.0.1/kerby-asn1-1.0.1.jar:/home/user/.m2/repository/org/apache/kerby/kerby-util/1.0.1/kerby-util-1.0.1.jar:/home/user/.m2/repository/org/apache/kerby/kerb-common/1.0.1/kerb-common-1.0.1.jar:/home/user/.m2/repository/org/apache/kerby/kerb-crypto/1.0.1/kerb-crypto-1.0.1.jar:/home/user/.m2/repository/org/apache/kerby/kerb-util/1.0.1/kerb-util-1.0.1.jar:/home/user/.m2/repository/org/apache/kerby/token-provider/1.0.1/token-provider-1.0.1.jar:/home/user/.m2/repository/org/apache/kerby/kerb-admin/1.0.1/kerb-admin-1.0.1.jar:/home/user/.m2/repository/org/apache/kerby/kerb-server/1.0.1/kerb-server-1.0.1.jar:/home/user/.m2/repository/org/apache/kerby/kerb-identity/1.0.1/kerb-identity-1.0.1.jar:/home/user/.m2/repository/org/apache/kerby/kerby-xdr/1.0.1/kerby-xdr-1.0.1.jar:/home/user/.m2/repository/org/slf4j/slf4j-log4j12/1.7.25/slf4j-log4j12-1.7.25.jar:/home/user/.m2/repository/org/apache/hadoop/hadoop-ozone-s3gateway/0.5.0-SNAPSHOT/hadoop-ozone-s3gateway-0.5.0-SNAPSHOT.jar:/home/user/.m2/repository/org/jboss/weld/servlet/weld-servlet/2.4.7.Final/weld-servlet-2.4.7.Final.jar:/home/user/.m2/repository/org/glassfish/jersey/containers/jersey-container-servlet-core/2.27/jersey-container-servlet-core-2.27.jar:/home/user/.m2/repository/org/glassfish/hk2/external/javax.inject/2.5.0-b42/javax.inject-2.5.0-b42.jar:/home/user/.m2/repository/org/glassfish/jersey/core/jersey-common/2.27/jersey-common-2.27.jar:/home/user/.m2/repository/org/glassfish/hk2/osgi-resource-locator/1.0.1/osgi-resource-locator-1.0.1.jar:/home/user/.m2/repository/javax/ws/rs/javax.ws.rs-api/2.1/javax.ws.rs-api-2.1.jar:/home/user/.m2/repository/org/glassfish/jersey/ext/cdi/jersey-cdi1x/2.27/jersey-cdi1x-2.27.jar:/home/user/.m2/repository/org/glassfish/jersey/inject/jersey-hk2/2.27/jersey-hk2-2.27.jar:/home/user/.m2/repository/org/glassfish/hk2/hk2-locator/2.5.0-b42/hk2-locator-2.5.0-b42.jar:/home/user/.m2/repository/org/javassist/javassist/3.22.0-CR2/javassist-3.22.0-CR2.jar:/home/user/.m2/repository/org/glassfish/hk2/hk2-api/2.5.0/hk2-api-2.5.0.jar:/home/user/.m2/repository/org/glassfish/hk2/external/jakarta.inject/2.5.0/jakarta.inject-2.5.0.jar:/home/user/.m2/repository/org/glassfish/hk2/hk2-utils/2.5.0/hk2-utils-2.5.0.jar:/home/user/.m2/repository/jakarta/annotation/jakarta.annotation-api/1.3.4/jakarta.annotation-api-1.3.4.jar:/home/user/.m2/repository/org/glassfish/hk2/external/aopalliance-repackaged/2.5.0/aopalliance-repackaged-2.5.0.jar:/home/user/.m2/repository/com/fasterxml/jackson/dataformat/jackson-dataformat-xml/2.9.0/jackson-dataformat-xml-2.9.0.jar:/home/user/.m2/repository/com/fasterxml/jackson/core/jackson-core/2.9.9/jackson-core-2.9.9.jar:/home/user/.m2/repository/com/fasterxml/jackson/module/jackson-module-jaxb-annotations/2.9.9/jackson-module-jaxb-annotations-2.9.9.jar:/home/user/.m2/repository/javax/enterprise/cdi-api/1.2/cdi-api-1.2.jar:/home/user/.m2/repository/javax/el/javax.el-api/3.0.0/javax.el-api-3.0.0.jar:/home/user/.m2/repository/javax/interceptor/javax.interceptor-api/1.2/javax.interceptor-api-1.2.jar:/home/user/.m2/repository/javax/inject/javax.inject/1/javax.inject-1.jar:/home/user/.m2/repository/com/sun/xml/bind/jaxb-impl/2.3.0.1/jaxb-impl-2.3.0.1.jar:/home/user/.m2/repository/com/sun/xml/bind/jaxb-core/2.3.0.1/jaxb-core-2.3.0.1.jar:/home/user/.m2/repository/javax/xml/bind/jaxb-api/2.3.0/jaxb-api-2.3.0.jar:/home/user/.m2/repository/javax/activation/activation/1.1.1/activation-1.1.1.jar:/home/user/.m2/repository/org/apache/hadoop/hadoop-ozone-csi/0.5.0-SNAPSHOT/hadoop-ozone-csi-0.5.0-SNAPSHOT.jar:/home/user/.m2/repository/com/google/protobuf/protobuf-java-util/3.5.1/protobuf-java-util-3.5.1.jar:/home/user/.m2/repository/org/apache/hadoop/hadoop-hdds-config/0.5.0-SNAPSHOT/hadoop-hdds-config-0.5.0-SNAPSHOT.jar:/home/user/.m2/repository/io/grpc/grpc-netty/1.17.1/grpc-netty-1.17.1.jar:/home/user/.m2/repository/io/grpc/grpc-core/1.17.1/grpc-core-1.17.1.jar:/home/user/.m2/repository/io/grpc/grpc-context/1.17.1/grpc-context-1.17.1.jar:/home/user/.m2/repository/com/google/errorprone/error_prone_annotations/2.2.0/error_prone_annotations-2.2.0.jar:/home/user/.m2/repository/org/codehaus/mojo/animal-sniffer-annotations/1.17/animal-sniffer-annotations-1.17.jar:/home/user/.m2/repository/io/opencensus/opencensus-api/0.17.0/opencensus-api-0.17.0.jar:/home/user/.m2/repository/io/opencensus/opencensus-contrib-grpc-metrics/0.17.0/opencensus-contrib-grpc-metrics-0.17.0.jar:/home/user/.m2/repository/io/netty/netty-codec-http2/4.1.30.Final/netty-codec-http2-4.1.30.Final.jar:/home/user/.m2/repository/io/netty/netty-codec-http/4.1.30.Final/netty-codec-http-4.1.30.Final.jar:/home/user/.m2/repository/io/netty/netty-codec/4.1.30.Final/netty-codec-4.1.30.Final.jar:/home/user/.m2/repository/io/netty/netty-handler/4.1.30.Final/netty-handler-4.1.30.Final.jar:/home/user/.m2/repository/io/netty/netty-handler-proxy/4.1.30.Final/netty-handler-proxy-4.1.30.Final.jar:/home/user/.m2/repository/io/netty/netty-codec-socks/4.1.30.Final/netty-codec-socks-4.1.30.Final.jar:/home/user/.m2/repository/io/netty/netty-transport-native-epoll/4.1.30.Final/netty-transport-native-epoll-4.1.30.Final.jar:/home/user/.m2/repository/io/netty/netty-common/4.1.30.Final/netty-common-4.1.30.Final.jar:/home/user/.m2/repository/io/netty/netty-buffer/4.1.30.Final/netty-buffer-4.1.30.Final.jar:/home/user/.m2/repository/io/netty/netty-transport/4.1.30.Final/netty-transport-4.1.30.Final.jar:/home/user/.m2/repository/io/netty/netty-resolver/4.1.30.Final/netty-resolver-4.1.30.Final.jar:/home/user/.m2/repository/io/netty/netty-transport-native-unix-common/4.1.30.Final/netty-transport-native-unix-common-4.1.30.Final.jar:/home/user/.m2/repository/io/grpc/grpc-protobuf/1.17.1/grpc-protobuf-1.17.1.jar:/home/user/.m2/repository/com/google/api/grpc/proto-google-common-protos/1.0.0/proto-google-common-protos-1.0.0.jar:/home/user/.m2/repository/io/grpc/grpc-protobuf-lite/1.17.1/grpc-protobuf-lite-1.17.1.jar:/home/user/.m2/repository/io/grpc/grpc-stub/1.17.1/grpc-stub-1.17.1.jar:/home/user/.m2/repository/org/apache/hadoop/hadoop-ozone-recon/0.5.0-SNAPSHOT/hadoop-ozone-recon-0.5.0-SNAPSHOT.jar:/home/user/.m2/repository/org/apache/hadoop/hadoop-ozone-reconcodegen/0.5.0-SNAPSHOT/hadoop-ozone-reconcodegen-0.5.0-SNAPSHOT.jar:/home/user/.m2/repository/com/google/inject/extensions/guice-multibindings/4.0/guice-multibindings-4.0.jar:/home/user/.m2/repository/com/google/inject/guice/4.0/guice-4.0.jar:/home/user/.m2/repository/aopalliance/aopalliance/1.0/aopalliance-1.0.jar:/home/user/.m2/repository/com/google/inject/extensions/guice-servlet/4.0/guice-servlet-4.0.jar:/home/user/.m2/repository/org/glassfish/jersey/containers/jersey-container-servlet/2.27/jersey-container-servlet-2.27.jar:/home/user/.m2/repository/org/glassfish/hk2/guice-bridge/2.5.0/guice-bridge-2.5.0.jar:/home/user/.m2/repository/org/glassfish/jersey/core/jersey-server/2.27/jersey-server-2.27.jar:/home/user/.m2/repository/org/glassfish/jersey/core/jersey-client/2.27/jersey-client-2.27.jar:/home/user/.m2/repository/org/glassfish/jersey/media/jersey-media-jaxb/2.27/jersey-media-jaxb-2.27.jar:/home/user/.m2/repository/javax/validation/validation-api/1.1.0.Final/validation-api-1.1.0.Final.jar:/home/user/.m2/repository/org/glassfish/jersey/media/jersey-media-json-jackson/2.27/jersey-media-json-jackson-2.27.jar:/home/user/.m2/repository/org/glassfish/jersey/ext/jersey-entity-filtering/2.27/jersey-entity-filtering-2.27.jar:/home/user/.m2/repository/com/google/inject/extensions/guice-assistedinject/4.0/guice-assistedinject-4.0.jar:/home/user/.m2/repository/org/jooq/jooq/3.11.10/jooq-3.11.10.jar:/home/user/.m2/repository/org/jooq/jooq-meta/3.11.10/jooq-meta-3.11.10.jar:/home/user/.m2/repository/org/jooq/jooq-codegen/3.11.10/jooq-codegen-3.11.10.jar:/home/user/.m2/repository/com/jolbox/bonecp/0.8.0.RELEASE/bonecp-0.8.0.RELEASE.jar:/home/user/.m2/repository/org/xerial/sqlite-jdbc/3.25.2/sqlite-jdbc-3.25.2.jar:/home/user/.m2/repository/org/springframework/spring-jdbc/5.1.3.RELEASE/spring-jdbc-5.1.3.RELEASE.jar:/home/user/.m2/repository/org/springframework/spring-beans/5.1.3.RELEASE/spring-beans-5.1.3.RELEASE.jar:/home/user/.m2/repository/org/springframework/spring-core/5.1.3.RELEASE/spring-core-5.1.3.RELEASE.jar:/home/user/.m2/repository/org/springframework/spring-jcl/5.1.3.RELEASE/spring-jcl-5.1.3.RELEASE.jar:/home/user/.m2/repository/org/springframework/spring-tx/5.1.3.RELEASE/spring-tx-5.1.3.RELEASE.jar:/home/user/.m2/repository/org/apache/hadoop/hadoop-ozone-client/0.5.0-SNAPSHOT/hadoop-ozone-client-0.5.0-SNAPSHOT.jar:/home/user/.m2/repository/commons-lang/commons-lang/2.6/commons-lang-2.6.jar:/home/user/.m2/repository/org/apache/hadoop/hadoop-ozone-ozone-manager/0.5.0-SNAPSHOT/hadoop-ozone-ozone-manager-0.5.0-SNAPSHOT-tests.jar:/home/user/.m2/repository/junit/junit/4.11/junit-4.11.jar:/home/user/.m2/repository/org/hamcrest/hamcrest-core/1.3/hamcrest-core-1.3.jar:/home/user/.m2/repository/org/openjdk/jmh/jmh-core/1.19/jmh-core-1.19.jar:/home/user/.m2/repository/net/sf/jopt-simple/jopt-simple/4.6/jopt-simple-4.6.jar:/home/user/.m2/repository/org/apache/commons/commons-math3/3.1.1/commons-math3-3.1.1.jar:/home/user/.m2/repository/org/openjdk/jmh/jmh-generator-annprocess/1.19/jmh-generator-annprocess-1.19.jar:/home/user/.m2/repository/org/mockito/mockito-all/1.8.5/mockito-all-1.8.5.jar:/home/user/.m2/repository/org/apache/hadoop/hadoop-kms/3.2.0/hadoop-kms-3.2.0.jar:/home/user/.m2/repository/org/apache/hadoop/hadoop-auth/3.2.0/hadoop-auth-3.2.0.jar:/home/user/.m2/repository/com/nimbusds/nimbus-jose-jwt/4.41.1/nimbus-jose-jwt-4.41.1.jar:/home/user/.m2/repository/com/github/stephenc/jcip/jcip-annotations/1.0-1/jcip-annotations-1.0-1.jar:/home/user/.m2/repository/net/minidev/json-smart/2.3/json-smart-2.3.jar:/home/user/.m2/repository/net/minidev/accessors-smart/1.2/accessors-smart-1.2.jar:/home/user/.m2/repository/org/ow2/asm/asm/5.0.4/asm-5.0.4.jar:/home/user/.m2/repository/org/apache/curator/curator-framework/2.12.0/curator-framework-2.12.0.jar:/home/user/.m2/repository/com/sun/jersey/jersey-core/1.19/jersey-core-1.19.jar:/home/user/.m2/repository/javax/ws/rs/jsr311-api/1.1.1/jsr311-api-1.1.1.jar:/home/user/.m2/repository/com/sun/jersey/jersey-server/1.19/jersey-server-1.19.jar:/home/user/.m2/repository/javax/servlet/javax.servlet-api/3.1.0/javax.servlet-api-3.1.0.jar:/home/user/.m2/repository/org/eclipse/jetty/jetty-server/9.3.25.v20180904/jetty-server-9.3.25.v20180904.jar:/home/user/.m2/repository/org/eclipse/jetty/jetty-http/9.3.25.v20180904/jetty-http-9.3.25.v20180904.jar:/home/user/.m2/repository/org/eclipse/jetty/jetty-io/9.3.25.v20180904/jetty-io-9.3.25.v20180904.jar:/home/user/.m2/repository/org/eclipse/jetty/jetty-webapp/9.3.25.v20180904/jetty-webapp-9.3.25.v20180904.jar:/home/user/.m2/repository/org/eclipse/jetty/jetty-xml/9.3.25.v20180904/jetty-xml-9.3.25.v20180904.jar:/home/user/.m2/repository/log4j/log4j/1.2.17/log4j-1.2.17.jar:/home/user/.m2/repository/org/slf4j/slf4j-api/1.7.25/slf4j-api-1.7.25.jar:/home/user/.m2/repository/org/slf4j/jul-to-slf4j/1.7.25/jul-to-slf4j-1.7.25.jar:/home/user/.m2/repository/org/eclipse/jetty/jetty-util/9.3.25.v20180904/jetty-util-9.3.25.v20180904.jar:/home/user/.m2/repository/com/fasterxml/jackson/core/jackson-databind/2.9.9/jackson-databind-2.9.9.jar:/home/user/.m2/repository/org/apache/hadoop/hadoop-kms/3.2.0/hadoop-kms-3.2.0-tests.jar:/home/user/.m2/repository/org/apache/hadoop/hadoop-hdds-server-scm/0.5.0-SNAPSHOT/hadoop-hdds-server-scm-0.5.0-SNAPSHOT-tests.jar:/home/user/.m2/repository/org/apache/hadoop/hadoop-hdds-container-service/0.5.0-SNAPSHOT/hadoop-hdds-container-service-0.5.0-SNAPSHOT-tests.jar:/home/user/.m2/repository/org/yaml/snakeyaml/1.16/snakeyaml-1.16.jar:/home/user/.m2/repository/org/apache/hadoop/hadoop-common/3.2.0/hadoop-common-3.2.0-tests.jar:/home/user/.m2/repository/org/apache/hadoop/hadoop-annotations/3.2.0/hadoop-annotations-3.2.0.jar:/usr/lib/jvm/java-1.8.0-openjdk-1.8.0.222.b10-1.el7_7.x86_64/jre/../lib/tools.jar:/home/user/.m2/repository/commons-cli/commons-cli/1.2/commons-cli-1.2.jar:/home/user/.m2/repository/org/apache/httpcomponents/httpclient/4.5.2/httpclient-4.5.2.jar:/home/user/.m2/repository/org/apache/httpcomponents/httpcore/4.4.4/httpcore-4.4.4.jar:/home/user/.m2/repository/commons-codec/commons-codec/1.11/commons-codec-1.11.jar:/home/user/.m2/repository/commons-net/commons-net/3.6/commons-net-3.6.jar:/home/user/.m2/repository/commons-collections/commons-collections/3.2.2/commons-collections-3.2.2.jar:/home/user/.m2/repository/org/eclipse/jetty/jetty-servlet/9.3.25.v20180904/jetty-servlet-9.3.25.v20180904.jar:/home/user/.m2/repository/org/eclipse/jetty/jetty-security/9.3.25.v20180904/jetty-security-9.3.25.v20180904.jar:/home/user/.m2/repository/javax/servlet/jsp/jsp-api/2.1/jsp-api-2.1.jar:/home/user/.m2/repository/com/sun/jersey/jersey-servlet/1.19/jersey-servlet-1.19.jar:/home/user/.m2/repository/com/sun/jersey/jersey-json/1.19/jersey-json-1.19.jar:/home/user/.m2/repository/org/codehaus/jettison/jettison/1.1/jettison-1.1.jar:/home/user/.m2/repository/org/codehaus/jackson/jackson-core-asl/1.9.13/jackson-core-asl-1.9.13.jar:/home/user/.m2/repository/org/codehaus/jackson/jackson-mapper-asl/1.9.13/jackson-mapper-asl-1.9.13.jar:/home/user/.m2/repository/org/codehaus/jackson/jackson-jaxrs/1.9.13/jackson-jaxrs-1.9.13.jar:/home/user/.m2/repository/org/codehaus/jackson/jackson-xc/1.9.13/jackson-xc-1.9.13.jar:/home/user/.m2/repository/commons-logging/commons-logging/1.1.3/commons-logging-1.1.3.jar:/home/user/.m2/repository/commons-beanutils/commons-beanutils/1.9.4/commons-beanutils-1.9.4.jar:/home/user/.m2/repository/org/apache/commons/commons-configuration2/2.1.1/commons-configuration2-2.1.1.jar:/home/user/.m2/repository/org/apache/commons/commons-lang3/3.7/commons-lang3-3.7.jar:/home/user/.m2/repository/org/apache/commons/commons-text/1.4/commons-text-1.4.jar:/home/user/.m2/repository/org/apache/avro/avro/1.7.7/avro-1.7.7.jar:/home/user/.m2/repository/com/thoughtworks/paranamer/paranamer/2.3/paranamer-2.3.jar:/home/user/.m2/repository/org/xerial/snappy/snappy-java/1.0.5/snappy-java-1.0.5.jar:/home/user/.m2/repository/com/google/re2j/re2j/1.1/re2j-1.1.jar:/home/user/.m2/repository/com/google/code/gson/gson/2.2.4/gson-2.2.4.jar:/home/user/.m2/repository/com/jcraft/jsch/0.1.54/jsch-0.1.54.jar:/home/user/.m2/repository/org/apache/curator/curator-client/2.12.0/curator-client-2.12.0.jar:/home/user/.m2/repository/org/apache/curator/curator-recipes/2.12.0/curator-recipes-2.12.0.jar:/home/user/.m2/repository/com/google/code/findbugs/jsr305/3.0.0/jsr305-3.0.0.jar:/home/user/.m2/repository/org/apache/htrace/htrace-core4/4.1.0-incubating/htrace-core4-4.1.0-incubating.jar:/home/user/.m2/repository/org/apache/zookeeper/zookeeper/3.4.13/zookeeper-3.4.13.jar:/home/user/.m2/repository/jline/jline/0.9.94/jline-0.9.94.jar:/home/user/.m2/repository/org/apache/yetus/audience-annotations/0.5.0/audience-annotations-0.5.0.jar:/home/user/.m2/repository/org/codehaus/woodstox/stax2-api/3.1.4/stax2-api-3.1.4.jar:/home/user/.m2/repository/com/fasterxml/woodstox/woodstox-core/5.0.3/woodstox-core-5.0.3.jar:/home/user/.m2/repository/dnsjava/dnsjava/2.1.7/dnsjava-2.1.7.jar:/home/user/.m2/repository/org/apache/hadoop/hadoop-hdfs/3.2.0/hadoop-hdfs-3.2.0-tests.jar:/home/user/.m2/repository/org/eclipse/jetty/jetty-util-ajax/9.3.25.v20180904/jetty-util-ajax-9.3.25.v20180904.jar:/home/user/.m2/repository/commons-daemon/commons-daemon/1.0.13/commons-daemon-1.0.13.jar:/home/user/.m2/repository/io/netty/netty/3.10.5.Final/netty-3.10.5.Final.jar:/home/user/.m2/repository/io/netty/netty-all/4.0.52.Final/netty-all-4.0.52.Final.jar:/home/user/.m2/repository/org/fusesource/leveldbjni/leveldbjni-all/1.8/leveldbjni-all-1.8.jar:"/>
    <property name="sun.cpu.endian" value="little"/>
    <property name="user.home" value="/home/user"/>
    <property name="user.language" value="en"/>
    <property name="java.specification.vendor" value="Oracle Corporation"/>
    <property name="java.home" value="/usr/lib/jvm/java-1.8.0-openjdk-1.8.0.222.b10-1.el7_7.x86_64/jre"/>
    <property name="surefire.excludesFile" value="/tools/ozone-bad-unit-tests"/>
    <property name="java.security.krb5.conf" value="/workdir/hadoop-ozone/integration-test/target/test-classes/krb5.conf"/>
    <property name="basedir" value="/workdir/hadoop-ozone/integration-test"/>
    <property name="file.separator" value="/"/>
    <property name="line.separator" value="&#10;"/>
    <property name="java.vm.specification.vendor" value="Oracle Corporation"/>
    <property name="java.specification.name" value="Java Platform API Specification"/>
    <property name="java.awt.graphicsenv" value="sun.awt.X11GraphicsEnvironment"/>
    <property name="surefire.real.class.path" value="/workdir/hadoop-ozone/integration-test/target/surefire/surefirebooter5909132238544494835.jar"/>
    <property name="hadoop.log.dir" value="/workdir/hadoop-ozone/integration-test/target/log"/>
    <property name="sun.boot.class.path" value="/usr/lib/jvm/java-1.8.0-openjdk-1.8.0.222.b10-1.el7_7.x86_64/jre/lib/resources.jar:/usr/lib/jvm/java-1.8.0-openjdk-1.8.0.222.b10-1.el7_7.x86_64/jre/lib/rt.jar:/usr/lib/jvm/java-1.8.0-openjdk-1.8.0.222.b10-1.el7_7.x86_64/jre/lib/sunrsasign.jar:/usr/lib/jvm/java-1.8.0-openjdk-1.8.0.222.b10-1.el7_7.x86_64/jre/lib/jsse.jar:/usr/lib/jvm/java-1.8.0-openjdk-1.8.0.222.b10-1.el7_7.x86_64/jre/lib/jce.jar:/usr/lib/jvm/java-1.8.0-openjdk-1.8.0.222.b10-1.el7_7.x86_64/jre/lib/charsets.jar:/usr/lib/jvm/java-1.8.0-openjdk-1.8.0.222.b10-1.el7_7.x86_64/jre/lib/jfr.jar:/usr/lib/jvm/java-1.8.0-openjdk-1.8.0.222.b10-1.el7_7.x86_64/jre/classes"/>
    <property name="sun.management.compiler" value="HotSpot 64-Bit Tiered Compilers"/>
    <property name="java.runtime.version" value="1.8.0_222-b10"/>
    <property name="java.net.preferIPv4Stack" value="true"/>
    <property name="user.name" value="jenkins1000"/>
    <property name="path.separator" value=":"/>
    <property name="java.security.egd" value="file:///dev/urandom"/>
    <property name="os.version" value="3.10.0-957.12.2.el7.x86_64"/>
    <property name="java.endorsed.dirs" value="/usr/lib/jvm/java-1.8.0-openjdk-1.8.0.222.b10-1.el7_7.x86_64/jre/lib/endorsed"/>
    <property name="java.runtime.name" value="OpenJDK Runtime Environment"/>
    <property name="file.encoding" value="ANSI_X3.4-1968"/>
    <property name="java.vm.name" value="OpenJDK 64-Bit Server VM"/>
    <property name="test.build.webapps" value=""/>
    <property name="localRepository" value="/home/user/.m2/repository"/>
    <property name="java.vendor.url.bug" value="http://bugreport.sun.com/bugreport/"/>
    <property name="java.io.tmpdir" value="/tmp"/>
    <property name="require.test.libhadoop" value=""/>
    <property name="java.version" value="1.8.0_222"/>
    <property name="user.dir" value="/workdir/hadoop-ozone/integration-test"/>
    <property name="os.arch" value="amd64"/>
    <property name="java.vm.specification.name" value="Java Virtual Machine Specification"/>
    <property name="test.build.classes" value="/workdir/hadoop-ozone/integration-test/target/test-classes"/>
    <property name="java.awt.printerjob" value="sun.print.PSPrinterJob"/>
    <property name="sun.os.patch.level" value="unknown"/>
    <property name="hadoop.tmp.dir" value="/workdir/hadoop-ozone/integration-test/target/tmp"/>
    <property name="java.library.path" value="/usr/lib:/workdir/hadoop-ozone/integration-test/target/native/target/usr/local/lib:/workdir/hadoop-ozone/integration-test/../../hadoop-common-project/hadoop-common/target/native/target/usr/local/lib:/usr/java/packages/lib/amd64:/usr/lib64:/lib64:/lib:/usr/lib"/>
    <property name="java.vm.info" value="mixed mode"/>
    <property name="java.vendor" value="Oracle Corporation"/>
    <property name="java.vm.version" value="25.222-b10"/>
    <property name="java.ext.dirs" value="/usr/lib/jvm/java-1.8.0-openjdk-1.8.0.222.b10-1.el7_7.x86_64/jre/lib/ext:/usr/java/packages/lib/ext"/>
    <property name="sun.io.unicode.encoding" value="UnicodeLittle"/>
    <property name="java.class.version" value="52.0"/>
  </properties>
  <testcase name="testDeleteKeyWithSlowFollower" classname="org.apache.hadoop.ozone.client.rpc.TestDeleteWithSlowFollower" time="113.179">
    <failure type="java.lang.AssertionError">java.lang.AssertionError
	at org.junit.Assert.fail(Assert.java:86)
	at org.junit.Assert.assertTrue(Assert.java:41)
	at org.junit.Assert.assertTrue(Assert.java:52)
	at org.apache.hadoop.ozone.client.rpc.TestDeleteWithSlowFollower.testDeleteKeyWithSlowFollower(TestDeleteWithSlowFollower.java:265)
	at sun.reflect.NativeMethodAccessorImpl.invoke0(Native Method)
	at sun.reflect.NativeMethodAccessorImpl.invoke(NativeMethodAccessorImpl.java:62)
	at sun.reflect.DelegatingMethodAccessorImpl.invoke(DelegatingMethodAccessorImpl.java:43)
	at java.lang.reflect.Method.invoke(Method.java:498)
	at org.junit.runners.model.FrameworkMethod$1.runReflectiveCall(FrameworkMethod.java:47)
	at org.junit.internal.runners.model.ReflectiveCallable.run(ReflectiveCallable.java:12)
	at org.junit.runners.model.FrameworkMethod.invokeExplosively(FrameworkMethod.java:44)
	at org.junit.internal.runners.statements.InvokeMethod.evaluate(InvokeMethod.java:17)
	at org.junit.runners.ParentRunner.runLeaf(ParentRunner.java:271)
	at org.junit.runners.BlockJUnit4ClassRunner.runChild(BlockJUnit4ClassRunner.java:70)
	at org.junit.runners.BlockJUnit4ClassRunner.runChild(BlockJUnit4ClassRunner.java:50)
	at org.junit.runners.ParentRunner$3.run(ParentRunner.java:238)
	at org.junit.runners.ParentRunner$1.schedule(ParentRunner.java:63)
	at org.junit.runners.ParentRunner.runChildren(ParentRunner.java:236)
	at org.junit.runners.ParentRunner.access$000(ParentRunner.java:53)
	at org.junit.runners.ParentRunner$2.evaluate(ParentRunner.java:229)
	at org.junit.internal.runners.statements.RunBefores.evaluate(RunBefores.java:26)
	at org.junit.internal.runners.statements.RunAfters.evaluate(RunAfters.java:27)
	at org.junit.runners.ParentRunner.run(ParentRunner.java:309)
	at org.apache.maven.surefire.junit4.JUnit4Provider.execute(JUnit4Provider.java:365)
	at org.apache.maven.surefire.junit4.JUnit4Provider.executeWithRerun(JUnit4Provider.java:273)
	at org.apache.maven.surefire.junit4.JUnit4Provider.executeTestSet(JUnit4Provider.java:238)
	at org.apache.maven.surefire.junit4.JUnit4Provider.invoke(JUnit4Provider.java:159)
	at org.apache.maven.surefire.booter.ForkedBooter.invokeProviderInSameClassLoader(ForkedBooter.java:384)
	at org.apache.maven.surefire.booter.ForkedBooter.runSuitesInProcess(ForkedBooter.java:345)
	at org.apache.maven.surefire.booter.ForkedBooter.execute(ForkedBooter.java:126)
	at org.apache.maven.surefire.booter.ForkedBooter.main(ForkedBooter.java:418)
</failure>
    <system-out><![CDATA[2019-10-16 18:47:11,981 [main] WARN  server.ServerUtils (ServerUtils.java:getScmDbDir(145)) - ozone.scm.db.dirs is not configured. We recommend adding this setting. Falling back to ozone.metadata.dirs instead.
2019-10-16 18:47:12,090 [main] WARN  server.ServerUtils (ServerUtils.java:getScmDbDir(145)) - ozone.scm.db.dirs is not configured. We recommend adding this setting. Falling back to ozone.metadata.dirs instead.
2019-10-16 18:47:12,093 [main] WARN  server.ServerUtils (ServerUtils.java:getScmDbDir(145)) - ozone.scm.db.dirs is not configured. We recommend adding this setting. Falling back to ozone.metadata.dirs instead.
2019-10-16 18:47:12,116 [main] INFO  util.log (Log.java:initialized(192)) - Logging initialized @748ms
2019-10-16 18:47:12,202 [main] INFO  db.DBStoreBuilder (DBStoreBuilder.java:addTable(117)) - using custom profile for table: deletedBlocks
2019-10-16 18:47:12,203 [main] INFO  db.DBStoreBuilder (DBStoreBuilder.java:processTables(168)) - Using default column profile:DBProfile.DISK for Table:deletedBlocks
2019-10-16 18:47:12,203 [main] INFO  db.DBStoreBuilder (DBStoreBuilder.java:addTable(117)) - using custom profile for table: validCerts
2019-10-16 18:47:12,203 [main] INFO  db.DBStoreBuilder (DBStoreBuilder.java:processTables(168)) - Using default column profile:DBProfile.DISK for Table:validCerts
2019-10-16 18:47:12,203 [main] INFO  db.DBStoreBuilder (DBStoreBuilder.java:addTable(117)) - using custom profile for table: revokedCerts
2019-10-16 18:47:12,204 [main] INFO  db.DBStoreBuilder (DBStoreBuilder.java:processTables(168)) - Using default column profile:DBProfile.DISK for Table:revokedCerts
2019-10-16 18:47:12,214 [main] INFO  db.DBStoreBuilder (DBStoreBuilder.java:addTable(117)) - using custom profile for table: default
2019-10-16 18:47:12,214 [main] INFO  db.DBStoreBuilder (DBStoreBuilder.java:processTables(174)) - Using default column profile:DBProfile.DISK for Table:default
2019-10-16 18:47:12,215 [main] INFO  db.DBStoreBuilder (DBStoreBuilder.java:getDbProfile(205)) - Using default options. DBProfile.DISK
2019-10-16 18:47:12,425 [main] INFO  net.NodeSchemaLoader (NodeSchemaLoader.java:loadSchemaFromFile(125)) - Loading file from sun.misc.CompoundEnumeration@74235045
2019-10-16 18:47:12,427 [main] INFO  net.NodeSchemaLoader (NodeSchemaLoader.java:loadSchema(171)) - Loading network topology layer schema file
2019-10-16 18:47:12,485 [main] WARN  server.ServerUtils (ServerUtils.java:sanitizeUserArgs(70)) - ozone.scm.stale.node.interval value = 1000000 is larger than max = 100000 based on the key value of ozone.scm.heartbeat.thread.interval, reset to the max value 100000.
2019-10-16 18:47:12,487 [main] WARN  server.ServerUtils (ServerUtils.java:sanitizeUserArgs(70)) - ozone.scm.stale.node.interval value = 1000000 is larger than max = 100000 based on the key value of ozone.scm.heartbeat.thread.interval, reset to the max value 100000.
2019-10-16 18:47:12,489 [main] INFO  node.SCMNodeManager (SCMNodeManager.java:<init>(116)) - Entering startup safe mode.
2019-10-16 18:47:12,556 [main] INFO  algorithms.ContainerPlacementPolicyFactory (ContainerPlacementPolicyFactory.java:getPolicy(57)) - Create container placement policy of type org.apache.hadoop.hdds.scm.container.placement.algorithms.SCMContainerPlacementRandom
2019-10-16 18:47:12,569 [main] WARN  server.ServerUtils (ServerUtils.java:getScmDbDir(145)) - ozone.scm.db.dirs is not configured. We recommend adding this setting. Falling back to ozone.metadata.dirs instead.
2019-10-16 18:47:12,676 [main] INFO  pipeline.SCMPipelineManager (SCMPipelineManager.java:initializePipelineState(132)) - No pipeline exists in current db
2019-10-16 18:47:12,679 [main] WARN  server.ServerUtils (ServerUtils.java:getScmDbDir(145)) - ozone.scm.db.dirs is not configured. We recommend adding this setting. Falling back to ozone.metadata.dirs instead.
2019-10-16 18:47:12,838 [main] WARN  events.EventQueue (EventQueue.java:fireEvent(183)) - No event handler registered for event TypedEvent{payloadType=SafeModeStatus, name='SafeModeStatus'}
2019-10-16 18:47:13,216 [main] INFO  ipc.CallQueueManager (CallQueueManager.java:<init>(84)) - Using callQueue: class java.util.concurrent.LinkedBlockingQueue, queueCapacity: 2000, scheduler: class org.apache.hadoop.ipc.DefaultRpcScheduler, ipcBackoff: false.
2019-10-16 18:47:13,332 [Socket Reader #1 for port 37072] INFO  ipc.Server (Server.java:run(1074)) - Starting Socket Reader #1 for port 37072
2019-10-16 18:47:13,356 [main] INFO  ipc.CallQueueManager (CallQueueManager.java:<init>(84)) - Using callQueue: class java.util.concurrent.LinkedBlockingQueue, queueCapacity: 2000, scheduler: class org.apache.hadoop.ipc.DefaultRpcScheduler, ipcBackoff: false.
2019-10-16 18:47:13,357 [Socket Reader #1 for port 36724] INFO  ipc.Server (Server.java:run(1074)) - Starting Socket Reader #1 for port 36724
2019-10-16 18:47:13,364 [main] INFO  ipc.CallQueueManager (CallQueueManager.java:<init>(84)) - Using callQueue: class java.util.concurrent.LinkedBlockingQueue, queueCapacity: 2000, scheduler: class org.apache.hadoop.ipc.DefaultRpcScheduler, ipcBackoff: false.
2019-10-16 18:47:13,365 [Socket Reader #1 for port 39868] INFO  ipc.Server (Server.java:run(1074)) - Starting Socket Reader #1 for port 39868
2019-10-16 18:47:13,386 [main] INFO  hdfs.DFSUtil (DFSUtil.java:httpServerTemplateForNNAndJN(1641)) - Starting Web-server for scm at: http://0.0.0.0:0
2019-10-16 18:47:13,520 [main] INFO  server.AuthenticationFilter (AuthenticationFilter.java:constructSecretProvider(240)) - Unable to initialize FileSignerSecretProvider, falling back to use random secrets.
2019-10-16 18:47:13,527 [main] WARN  http.HttpRequestLog (HttpRequestLog.java:getRequestLog(97)) - Jetty request log can only be enabled using Log4j
2019-10-16 18:47:13,534 [main] INFO  http.HttpServer2 (HttpServer2.java:addGlobalFilter(975)) - Added global filter 'safety' (class=org.apache.hadoop.http.HttpServer2$QuotingInputFilter)
2019-10-16 18:47:13,537 [main] INFO  http.HttpServer2 (HttpServer2.java:addFilter(948)) - Added filter static_user_filter (class=org.apache.hadoop.http.lib.StaticUserWebFilter$StaticUserFilter) to context scm
2019-10-16 18:47:13,537 [main] INFO  http.HttpServer2 (HttpServer2.java:addFilter(958)) - Added filter static_user_filter (class=org.apache.hadoop.http.lib.StaticUserWebFilter$StaticUserFilter) to context static
2019-10-16 18:47:13,537 [main] INFO  http.HttpServer2 (HttpServer2.java:addFilter(958)) - Added filter static_user_filter (class=org.apache.hadoop.http.lib.StaticUserWebFilter$StaticUserFilter) to context logs
2019-10-16 18:47:13,565 [main] INFO  server.StorageContainerManager (StorageContainerManager.java:start(772)) - StorageContainerLocationProtocol RPC server is listening at /0.0.0.0:39868
2019-10-16 18:47:13,618 [main] WARN  impl.MetricsConfig (MetricsConfig.java:loadFirst(134)) - Cannot locate configuration: tried hadoop-metrics2-storagecontainermanager.properties,hadoop-metrics2.properties
2019-10-16 18:47:13,629 [main] INFO  impl.MetricsSystemImpl (MetricsSystemImpl.java:startTimer(374)) - Scheduled Metric snapshot period at 10 second(s).
2019-10-16 18:47:13,629 [main] INFO  impl.MetricsSystemImpl (MetricsSystemImpl.java:start(191)) - StorageContainerManager metrics system started
2019-10-16 18:47:13,839 [main] INFO  server.SCMClientProtocolServer (SCMClientProtocolServer.java:start(159)) - RPC server for Client  is listening at /0.0.0.0:39868
2019-10-16 18:47:13,839 [IPC Server Responder] INFO  ipc.Server (Server.java:run(1314)) - IPC Server Responder: starting
2019-10-16 18:47:13,840 [IPC Server listener on 39868] INFO  ipc.Server (Server.java:run(1153)) - IPC Server listener on 39868: starting
2019-10-16 18:47:13,842 [main] INFO  server.StorageContainerManager (StorageContainerManager.java:start(782)) - ScmBlockLocationProtocol RPC server is listening at /0.0.0.0:36724
2019-10-16 18:47:13,843 [main] INFO  server.SCMBlockProtocolServer (SCMBlockProtocolServer.java:start(146)) - RPC server for Block Protocol is listening at /0.0.0.0:36724
2019-10-16 18:47:13,843 [IPC Server Responder] INFO  ipc.Server (Server.java:run(1314)) - IPC Server Responder: starting
2019-10-16 18:47:13,843 [IPC Server listener on 36724] INFO  ipc.Server (Server.java:run(1153)) - IPC Server listener on 36724: starting
2019-10-16 18:47:13,845 [main] INFO  server.StorageContainerManager (StorageContainerManager.java:start(786)) - ScmDatanodeProtocl RPC server is listening at /0.0.0.0:37072
2019-10-16 18:47:13,846 [main] INFO  server.SCMDatanodeProtocolServer (SCMDatanodeProtocolServer.java:start(169)) - RPC server for DataNodes is listening at /0.0.0.0:37072
2019-10-16 18:47:13,846 [IPC Server Responder] INFO  ipc.Server (Server.java:run(1314)) - IPC Server Responder: starting
2019-10-16 18:47:13,847 [IPC Server listener on 37072] INFO  ipc.Server (Server.java:run(1153)) - IPC Server listener on 37072: starting
2019-10-16 18:47:13,850 [main] INFO  http.HttpServer2 (HttpServer2.java:bindListener(1191)) - Jetty bound to port 39724
2019-10-16 18:47:13,851 [main] INFO  server.Server (Server.java:doStart(351)) - jetty-9.3.25.v20180904, build timestamp: 2018-09-04T21:11:46Z, git hash: 3ce520221d0240229c862b122d2b06c12a625732
2019-10-16 18:47:13,883 [main] INFO  handler.ContextHandler (ContextHandler.java:doStart(781)) - Started o.e.j.s.ServletContextHandler@65fe9e33{/logs,file:///workdir/hadoop-ozone/integration-test/target/log,AVAILABLE}
2019-10-16 18:47:13,884 [main] INFO  handler.ContextHandler (ContextHandler.java:doStart(781)) - Started o.e.j.s.ServletContextHandler@42f8285e{/static,file:///workdir/hadoop-ozone/integration-test/target/test-classes/webapps/static,AVAILABLE}
2019-10-16 18:47:13,912 [main] INFO  handler.ContextHandler (ContextHandler.java:doStart(781)) - Started o.e.j.w.WebAppContext@3d6300e8{/,file:///workdir/hadoop-ozone/integration-test/target/test-classes/webapps/scm/,AVAILABLE}{/scm}
2019-10-16 18:47:13,917 [main] INFO  server.AbstractConnector (AbstractConnector.java:doStart(278)) - Started ServerConnector@3af4e0bf{HTTP/1.1,[http/1.1]}{0.0.0.0:39724}
2019-10-16 18:47:13,917 [main] INFO  server.Server (Server.java:doStart(419)) - Started @2549ms
2019-10-16 18:47:13,919 [main] INFO  impl.MetricsSinkAdapter (MetricsSinkAdapter.java:start(204)) - Sink prometheus started
2019-10-16 18:47:13,919 [main] INFO  impl.MetricsSystemImpl (MetricsSystemImpl.java:registerSink(301)) - Registered sink prometheus
2019-10-16 18:47:13,920 [main] INFO  server.BaseHttpServer (BaseHttpServer.java:updateConnectorAddress(215)) - HTTP server of SCM is listening at http://0.0.0.0:39724
2019-10-16 18:47:13,925 [org.apache.hadoop.util.JvmPauseMonitor$Monitor@1a2e2935] INFO  util.JvmPauseMonitor (JvmPauseMonitor.java:run(188)) - Starting JVM pause monitor
2019-10-16 18:47:13,927 [main] WARN  server.ServerUtils (ServerUtils.java:getDBPath(222)) - ozone.om.db.dirs is not configured. We recommend adding this setting. Falling back to ozone.metadata.dirs instead.
2019-10-16 18:47:14,011 [main] INFO  ha.OMHANodeDetails (OMHANodeDetails.java:loadOMHAConfig(190)) - Configuration either no ozone.om.address set. Falling back to the default OM address /127.0.0.1:0
2019-10-16 18:47:14,011 [main] INFO  ha.OMHANodeDetails (OMHANodeDetails.java:getOMNodeDetails(220)) - OM Service ID is not set. Setting it to the default ID: omServiceIdDefault
2019-10-16 18:47:14,013 [main] WARN  server.ServerUtils (ServerUtils.java:getDBPath(222)) - ozone.om.db.dirs is not configured. We recommend adding this setting. Falling back to ozone.metadata.dirs instead.
2019-10-16 18:47:14,013 [main] WARN  server.ServerUtils (ServerUtils.java:getDBPath(222)) - ozone.om.db.dirs is not configured. We recommend adding this setting. Falling back to ozone.metadata.dirs instead.
2019-10-16 18:47:14,627 [main] WARN  server.ServerUtils (ServerUtils.java:getDBPath(222)) - ozone.om.db.dirs is not configured. We recommend adding this setting. Falling back to ozone.metadata.dirs instead.
2019-10-16 18:47:14,634 [main] INFO  db.DBStoreBuilder (DBStoreBuilder.java:addTable(117)) - using custom profile for table: userTable
2019-10-16 18:47:14,635 [main] INFO  db.DBStoreBuilder (DBStoreBuilder.java:processTables(168)) - Using default column profile:DBProfile.DISK for Table:userTable
2019-10-16 18:47:14,635 [main] INFO  db.DBStoreBuilder (DBStoreBuilder.java:addTable(117)) - using custom profile for table: volumeTable
2019-10-16 18:47:14,635 [main] INFO  db.DBStoreBuilder (DBStoreBuilder.java:processTables(168)) - Using default column profile:DBProfile.DISK for Table:volumeTable
2019-10-16 18:47:14,635 [main] INFO  db.DBStoreBuilder (DBStoreBuilder.java:addTable(117)) - using custom profile for table: bucketTable
2019-10-16 18:47:14,636 [main] INFO  db.DBStoreBuilder (DBStoreBuilder.java:processTables(168)) - Using default column profile:DBProfile.DISK for Table:bucketTable
2019-10-16 18:47:14,636 [main] INFO  db.DBStoreBuilder (DBStoreBuilder.java:addTable(117)) - using custom profile for table: keyTable
2019-10-16 18:47:14,636 [main] INFO  db.DBStoreBuilder (DBStoreBuilder.java:processTables(168)) - Using default column profile:DBProfile.DISK for Table:keyTable
2019-10-16 18:47:14,636 [main] INFO  db.DBStoreBuilder (DBStoreBuilder.java:addTable(117)) - using custom profile for table: deletedTable
2019-10-16 18:47:14,637 [main] INFO  db.DBStoreBuilder (DBStoreBuilder.java:processTables(168)) - Using default column profile:DBProfile.DISK for Table:deletedTable
2019-10-16 18:47:14,637 [main] INFO  db.DBStoreBuilder (DBStoreBuilder.java:addTable(117)) - using custom profile for table: openKeyTable
2019-10-16 18:47:14,637 [main] INFO  db.DBStoreBuilder (DBStoreBuilder.java:processTables(168)) - Using default column profile:DBProfile.DISK for Table:openKeyTable
2019-10-16 18:47:14,637 [main] INFO  db.DBStoreBuilder (DBStoreBuilder.java:addTable(117)) - using custom profile for table: s3Table
2019-10-16 18:47:14,637 [main] INFO  db.DBStoreBuilder (DBStoreBuilder.java:processTables(168)) - Using default column profile:DBProfile.DISK for Table:s3Table
2019-10-16 18:47:14,638 [main] INFO  db.DBStoreBuilder (DBStoreBuilder.java:addTable(117)) - using custom profile for table: multipartInfoTable
2019-10-16 18:47:14,638 [main] INFO  db.DBStoreBuilder (DBStoreBuilder.java:processTables(168)) - Using default column profile:DBProfile.DISK for Table:multipartInfoTable
2019-10-16 18:47:14,638 [main] INFO  db.DBStoreBuilder (DBStoreBuilder.java:addTable(117)) - using custom profile for table: dTokenTable
2019-10-16 18:47:14,638 [main] INFO  db.DBStoreBuilder (DBStoreBuilder.java:processTables(168)) - Using default column profile:DBProfile.DISK for Table:dTokenTable
2019-10-16 18:47:14,639 [main] INFO  db.DBStoreBuilder (DBStoreBuilder.java:addTable(117)) - using custom profile for table: s3SecretTable
2019-10-16 18:47:14,639 [main] INFO  db.DBStoreBuilder (DBStoreBuilder.java:processTables(168)) - Using default column profile:DBProfile.DISK for Table:s3SecretTable
2019-10-16 18:47:14,639 [main] INFO  db.DBStoreBuilder (DBStoreBuilder.java:addTable(117)) - using custom profile for table: prefixTable
2019-10-16 18:47:14,639 [main] INFO  db.DBStoreBuilder (DBStoreBuilder.java:processTables(168)) - Using default column profile:DBProfile.DISK for Table:prefixTable
2019-10-16 18:47:14,640 [main] INFO  db.DBStoreBuilder (DBStoreBuilder.java:addTable(117)) - using custom profile for table: default
2019-10-16 18:47:14,640 [main] INFO  db.DBStoreBuilder (DBStoreBuilder.java:processTables(174)) - Using default column profile:DBProfile.DISK for Table:default
2019-10-16 18:47:14,640 [main] INFO  db.DBStoreBuilder (DBStoreBuilder.java:getDbProfile(205)) - Using default options. DBProfile.DISK
2019-10-16 18:47:15,101 [main] INFO  ipc.CallQueueManager (CallQueueManager.java:<init>(84)) - Using callQueue: class java.util.concurrent.LinkedBlockingQueue, queueCapacity: 2000, scheduler: class org.apache.hadoop.ipc.DefaultRpcScheduler, ipcBackoff: false.
2019-10-16 18:47:15,102 [Socket Reader #1 for port 45481] INFO  ipc.Server (Server.java:run(1074)) - Starting Socket Reader #1 for port 45481
2019-10-16 18:47:15,125 [main] INFO  om.OzoneManager (OzoneManager.java:start(1071)) - OzoneManager RPC server is listening at localhost/127.0.0.1:45481
2019-10-16 18:47:15,126 [main] INFO  impl.MetricsSystemImpl (MetricsSystemImpl.java:init(158)) - OzoneManager metrics system started (again)
2019-10-16 18:47:15,133 [IPC Server Responder] INFO  ipc.Server (Server.java:run(1314)) - IPC Server Responder: starting
2019-10-16 18:47:15,133 [IPC Server listener on 45481] INFO  ipc.Server (Server.java:run(1153)) - IPC Server listener on 45481: starting
2019-10-16 18:47:15,137 [main] INFO  hdfs.DFSUtil (DFSUtil.java:httpServerTemplateForNNAndJN(1641)) - Starting Web-server for ozoneManager at: http://0.0.0.0:0
2019-10-16 18:47:15,138 [main] INFO  server.AuthenticationFilter (AuthenticationFilter.java:constructSecretProvider(240)) - Unable to initialize FileSignerSecretProvider, falling back to use random secrets.
2019-10-16 18:47:15,139 [main] WARN  http.HttpRequestLog (HttpRequestLog.java:getRequestLog(97)) - Jetty request log can only be enabled using Log4j
2019-10-16 18:47:15,141 [main] INFO  http.HttpServer2 (HttpServer2.java:addGlobalFilter(975)) - Added global filter 'safety' (class=org.apache.hadoop.http.HttpServer2$QuotingInputFilter)
2019-10-16 18:47:15,142 [main] INFO  http.HttpServer2 (HttpServer2.java:addFilter(948)) - Added filter static_user_filter (class=org.apache.hadoop.http.lib.StaticUserWebFilter$StaticUserFilter) to context ozoneManager
2019-10-16 18:47:15,142 [main] INFO  http.HttpServer2 (HttpServer2.java:addFilter(958)) - Added filter static_user_filter (class=org.apache.hadoop.http.lib.StaticUserWebFilter$StaticUserFilter) to context static
2019-10-16 18:47:15,142 [main] INFO  http.HttpServer2 (HttpServer2.java:addFilter(958)) - Added filter static_user_filter (class=org.apache.hadoop.http.lib.StaticUserWebFilter$StaticUserFilter) to context logs
2019-10-16 18:47:15,144 [main] INFO  http.HttpServer2 (HttpServer2.java:bindListener(1191)) - Jetty bound to port 44730
2019-10-16 18:47:15,144 [main] INFO  server.Server (Server.java:doStart(351)) - jetty-9.3.25.v20180904, build timestamp: 2018-09-04T21:11:46Z, git hash: 3ce520221d0240229c862b122d2b06c12a625732
2019-10-16 18:47:15,146 [main] INFO  handler.ContextHandler (ContextHandler.java:doStart(781)) - Started o.e.j.s.ServletContextHandler@368d5c00{/logs,file:///workdir/hadoop-ozone/integration-test/target/log,AVAILABLE}
2019-10-16 18:47:15,146 [main] INFO  handler.ContextHandler (ContextHandler.java:doStart(781)) - Started o.e.j.s.ServletContextHandler@aa10649{/static,file:///workdir/hadoop-ozone/integration-test/target/test-classes/webapps/static,AVAILABLE}
2019-10-16 18:47:15,150 [main] INFO  handler.ContextHandler (ContextHandler.java:doStart(781)) - Started o.e.j.w.WebAppContext@41aaedaa{/,file:///workdir/hadoop-ozone/integration-test/target/test-classes/webapps/ozoneManager/,AVAILABLE}{/ozoneManager}
2019-10-16 18:47:15,151 [main] INFO  server.AbstractConnector (AbstractConnector.java:doStart(278)) - Started ServerConnector@303a5119{HTTP/1.1,[http/1.1]}{0.0.0.0:44730}
2019-10-16 18:47:15,151 [main] INFO  server.Server (Server.java:doStart(419)) - Started @3783ms
2019-10-16 18:47:15,151 [main] WARN  impl.MetricsSystemImpl (MetricsSystemImpl.java:register(276)) - Sink prometheus already exists!
2019-10-16 18:47:15,152 [main] INFO  server.BaseHttpServer (BaseHttpServer.java:updateConnectorAddress(215)) - HTTP server of OZONEMANAGER is listening at http://0.0.0.0:44730
2019-10-16 18:47:15,382 [main] INFO  impl.MetricsSystemImpl (MetricsSystemImpl.java:init(158)) - HddsDatanode metrics system started (again)
2019-10-16 18:47:15,435 [main] INFO  ozone.HddsDatanodeService (HddsDatanodeService.java:start(184)) - HddsDatanodeService host:pr-hdds-2283-rsqnh-1472443098 ip:192.168.157.202
2019-10-16 18:47:15,465 [main] INFO  volume.HddsVolume (HddsVolume.java:<init>(176)) - Creating Volume: /workdir/hadoop-ozone/integration-test/target/test-dir/MiniOzoneClusterImpl-4345c778-bde4-42fc-980f-03f2a0663661/datanode-0/data/containers/hdds of  storage type : DISK and capacity : 1482555576320
2019-10-16 18:47:15,466 [main] INFO  volume.VolumeSet (VolumeSet.java:initializeVolumeSet(170)) - Added Volume : /workdir/hadoop-ozone/integration-test/target/test-dir/MiniOzoneClusterImpl-4345c778-bde4-42fc-980f-03f2a0663661/datanode-0/data/containers/hdds to VolumeSet
2019-10-16 18:47:15,469 [main] INFO  volume.ThrottledAsyncChecker (ThrottledAsyncChecker.java:schedule(141)) - Scheduling a check for /workdir/hadoop-ozone/integration-test/target/test-dir/MiniOzoneClusterImpl-4345c778-bde4-42fc-980f-03f2a0663661/datanode-0/data/containers/hdds
2019-10-16 18:47:15,485 [main] INFO  volume.HddsVolumeChecker (HddsVolumeChecker.java:checkAllVolumes(204)) - Scheduled health check for volume /workdir/hadoop-ozone/integration-test/target/test-dir/MiniOzoneClusterImpl-4345c778-bde4-42fc-980f-03f2a0663661/datanode-0/data/containers/hdds
2019-10-16 18:47:15,585 [main] INFO  impl.RaftServerProxy (ConfUtils.java:logGet(43)) - raft.rpc.type = GRPC (default)
2019-10-16 18:47:15,643 [main] INFO  grpc.GrpcFactory (GrpcFactory.java:checkPooledByteBufAllocatorUseCacheForAllThreads(45)) - PERFORMANCE WARNING: useCacheForAllThreads is true that may cause Netty to create a lot garbage objects and, as a result, trigger GC.
	It is recommended to disable useCacheForAllThreads by setting -Dorg.apache.ratis.thirdparty.io.netty.allocator.useCacheForAllThreads=false in command line.
2019-10-16 18:47:15,647 [main] INFO  grpc.GrpcConfigKeys$Server (ConfUtils.java:logGet(43)) - raft.grpc.server.port = 0 (default)
2019-10-16 18:47:15,648 [main] INFO  server.GrpcService (ConfUtils.java:logGet(43)) - raft.grpc.message.size.max = 33570816 (custom)
2019-10-16 18:47:15,650 [main] INFO  server.RaftServerConfigKeys (ConfUtils.java:logGet(43)) - raft.server.log.appender.buffer.byte-limit = 33554432 (custom)
2019-10-16 18:47:15,650 [main] INFO  server.GrpcService (ConfUtils.java:logGet(43)) - raft.grpc.flow.control.window = 1MB (=1048576) (default)
2019-10-16 18:47:15,651 [main] INFO  server.RaftServerConfigKeys (ConfUtils.java:logGet(43)) - raft.server.rpc.request.timeout = 3000ms (default)
2019-10-16 18:47:15,794 [main] INFO  server.RaftServerConfigKeys (ConfUtils.java:logGet(43)) - raft.server.storage.dir = [/workdir/hadoop-ozone/integration-test/target/test-dir/MiniOzoneClusterImpl-4345c778-bde4-42fc-980f-03f2a0663661/datanode-0/data/ratis] (custom)
2019-10-16 18:47:15,840 [main] INFO  hdfs.DFSUtil (DFSUtil.java:httpServerTemplateForNNAndJN(1641)) - Starting Web-server for hddsDatanode at: http://0.0.0.0:0
2019-10-16 18:47:15,841 [main] INFO  server.AuthenticationFilter (AuthenticationFilter.java:constructSecretProvider(240)) - Unable to initialize FileSignerSecretProvider, falling back to use random secrets.
2019-10-16 18:47:15,842 [main] WARN  http.HttpRequestLog (HttpRequestLog.java:getRequestLog(97)) - Jetty request log can only be enabled using Log4j
2019-10-16 18:47:15,844 [main] INFO  http.HttpServer2 (HttpServer2.java:addGlobalFilter(975)) - Added global filter 'safety' (class=org.apache.hadoop.http.HttpServer2$QuotingInputFilter)
2019-10-16 18:47:15,844 [main] INFO  http.HttpServer2 (HttpServer2.java:addFilter(948)) - Added filter static_user_filter (class=org.apache.hadoop.http.lib.StaticUserWebFilter$StaticUserFilter) to context hddsDatanode
2019-10-16 18:47:15,845 [main] INFO  http.HttpServer2 (HttpServer2.java:addFilter(958)) - Added filter static_user_filter (class=org.apache.hadoop.http.lib.StaticUserWebFilter$StaticUserFilter) to context static
2019-10-16 18:47:15,845 [main] INFO  http.HttpServer2 (HttpServer2.java:addFilter(958)) - Added filter static_user_filter (class=org.apache.hadoop.http.lib.StaticUserWebFilter$StaticUserFilter) to context logs
2019-10-16 18:47:15,846 [main] INFO  http.HttpServer2 (HttpServer2.java:bindListener(1191)) - Jetty bound to port 33018
2019-10-16 18:47:15,846 [main] INFO  server.Server (Server.java:doStart(351)) - jetty-9.3.25.v20180904, build timestamp: 2018-09-04T21:11:46Z, git hash: 3ce520221d0240229c862b122d2b06c12a625732
2019-10-16 18:47:15,848 [main] INFO  handler.ContextHandler (ContextHandler.java:doStart(781)) - Started o.e.j.s.ServletContextHandler@46185a1b{/logs,file:///workdir/hadoop-ozone/integration-test/target/log,AVAILABLE}
2019-10-16 18:47:15,849 [main] INFO  handler.ContextHandler (ContextHandler.java:doStart(781)) - Started o.e.j.s.ServletContextHandler@60cf62ad{/static,jar:file:/home/user/.m2/repository/org/apache/hadoop/hadoop-hdds-container-service/0.5.0-SNAPSHOT/hadoop-hdds-container-service-0.5.0-SNAPSHOT.jar!/webapps/static,AVAILABLE}
2019-10-16 18:47:15,882 [main] INFO  handler.ContextHandler (ContextHandler.java:doStart(781)) - Started o.e.j.w.WebAppContext@1aabf50d{/,file:///tmp/jetty-0.0.0.0-33018-hddsDatanode-_-any-597340645181555304.dir/webapp/,AVAILABLE}{/hddsDatanode}
2019-10-16 18:47:15,882 [main] INFO  server.AbstractConnector (AbstractConnector.java:doStart(278)) - Started ServerConnector@73c9e8e8{HTTP/1.1,[http/1.1]}{0.0.0.0:33018}
2019-10-16 18:47:15,883 [main] INFO  server.Server (Server.java:doStart(419)) - Started @4515ms
2019-10-16 18:47:15,884 [main] WARN  impl.MetricsSystemImpl (MetricsSystemImpl.java:register(276)) - Sink prometheus already exists!
2019-10-16 18:47:15,885 [main] INFO  server.BaseHttpServer (BaseHttpServer.java:updateConnectorAddress(215)) - HTTP server of HDDSDATANODE is listening at http://0.0.0.0:33018
2019-10-16 18:47:15,886 [main] INFO  impl.MetricsSystemImpl (MetricsSystemImpl.java:init(158)) - HddsDatanode metrics system started (again)
2019-10-16 18:47:15,888 [main] INFO  ozone.HddsDatanodeService (HddsDatanodeService.java:start(184)) - HddsDatanodeService host:pr-hdds-2283-rsqnh-1472443098 ip:192.168.157.202
2019-10-16 18:47:15,890 [org.apache.hadoop.util.JvmPauseMonitor$Monitor@323a4627] INFO  util.JvmPauseMonitor (JvmPauseMonitor.java:run(188)) - Starting JVM pause monitor
2019-10-16 18:47:15,894 [main] INFO  volume.HddsVolume (HddsVolume.java:<init>(176)) - Creating Volume: /workdir/hadoop-ozone/integration-test/target/test-dir/MiniOzoneClusterImpl-4345c778-bde4-42fc-980f-03f2a0663661/datanode-1/data/containers/hdds of  storage type : DISK and capacity : 1482555576320
2019-10-16 18:47:15,895 [main] INFO  volume.VolumeSet (VolumeSet.java:initializeVolumeSet(170)) - Added Volume : /workdir/hadoop-ozone/integration-test/target/test-dir/MiniOzoneClusterImpl-4345c778-bde4-42fc-980f-03f2a0663661/datanode-1/data/containers/hdds to VolumeSet
2019-10-16 18:47:15,895 [main] INFO  volume.ThrottledAsyncChecker (ThrottledAsyncChecker.java:schedule(141)) - Scheduling a check for /workdir/hadoop-ozone/integration-test/target/test-dir/MiniOzoneClusterImpl-4345c778-bde4-42fc-980f-03f2a0663661/datanode-1/data/containers/hdds
2019-10-16 18:47:15,895 [main] INFO  volume.HddsVolumeChecker (HddsVolumeChecker.java:checkAllVolumes(204)) - Scheduled health check for volume /workdir/hadoop-ozone/integration-test/target/test-dir/MiniOzoneClusterImpl-4345c778-bde4-42fc-980f-03f2a0663661/datanode-1/data/containers/hdds
2019-10-16 18:47:15,909 [main] INFO  impl.RaftServerProxy (ConfUtils.java:logGet(43)) - raft.rpc.type = GRPC (default)
2019-10-16 18:47:15,909 [main] INFO  grpc.GrpcFactory (GrpcFactory.java:checkPooledByteBufAllocatorUseCacheForAllThreads(45)) - PERFORMANCE WARNING: useCacheForAllThreads is true that may cause Netty to create a lot garbage objects and, as a result, trigger GC.
	It is recommended to disable useCacheForAllThreads by setting -Dorg.apache.ratis.thirdparty.io.netty.allocator.useCacheForAllThreads=false in command line.
2019-10-16 18:47:15,909 [main] INFO  grpc.GrpcConfigKeys$Server (ConfUtils.java:logGet(43)) - raft.grpc.server.port = 0 (default)
2019-10-16 18:47:15,909 [main] INFO  server.GrpcService (ConfUtils.java:logGet(43)) - raft.grpc.message.size.max = 33570816 (custom)
2019-10-16 18:47:15,909 [main] INFO  server.RaftServerConfigKeys (ConfUtils.java:logGet(43)) - raft.server.log.appender.buffer.byte-limit = 33554432 (custom)
2019-10-16 18:47:15,910 [main] INFO  server.GrpcService (ConfUtils.java:logGet(43)) - raft.grpc.flow.control.window = 1MB (=1048576) (default)
2019-10-16 18:47:15,910 [main] INFO  server.RaftServerConfigKeys (ConfUtils.java:logGet(43)) - raft.server.rpc.request.timeout = 3000ms (default)
2019-10-16 18:47:15,910 [main] INFO  server.RaftServerConfigKeys (ConfUtils.java:logGet(43)) - raft.server.storage.dir = [/workdir/hadoop-ozone/integration-test/target/test-dir/MiniOzoneClusterImpl-4345c778-bde4-42fc-980f-03f2a0663661/datanode-1/data/ratis] (custom)
2019-10-16 18:47:15,920 [main] INFO  hdfs.DFSUtil (DFSUtil.java:httpServerTemplateForNNAndJN(1641)) - Starting Web-server for hddsDatanode at: http://0.0.0.0:0
2019-10-16 18:47:15,922 [main] INFO  server.AuthenticationFilter (AuthenticationFilter.java:constructSecretProvider(240)) - Unable to initialize FileSignerSecretProvider, falling back to use random secrets.
2019-10-16 18:47:15,922 [main] WARN  http.HttpRequestLog (HttpRequestLog.java:getRequestLog(97)) - Jetty request log can only be enabled using Log4j
2019-10-16 18:47:15,926 [main] INFO  http.HttpServer2 (HttpServer2.java:addGlobalFilter(975)) - Added global filter 'safety' (class=org.apache.hadoop.http.HttpServer2$QuotingInputFilter)
2019-10-16 18:47:15,927 [main] INFO  http.HttpServer2 (HttpServer2.java:addFilter(948)) - Added filter static_user_filter (class=org.apache.hadoop.http.lib.StaticUserWebFilter$StaticUserFilter) to context hddsDatanode
2019-10-16 18:47:15,927 [main] INFO  http.HttpServer2 (HttpServer2.java:addFilter(958)) - Added filter static_user_filter (class=org.apache.hadoop.http.lib.StaticUserWebFilter$StaticUserFilter) to context logs
2019-10-16 18:47:15,928 [main] INFO  http.HttpServer2 (HttpServer2.java:addFilter(958)) - Added filter static_user_filter (class=org.apache.hadoop.http.lib.StaticUserWebFilter$StaticUserFilter) to context static
2019-10-16 18:47:15,929 [main] INFO  http.HttpServer2 (HttpServer2.java:bindListener(1191)) - Jetty bound to port 40522
2019-10-16 18:47:15,929 [main] INFO  server.Server (Server.java:doStart(351)) - jetty-9.3.25.v20180904, build timestamp: 2018-09-04T21:11:46Z, git hash: 3ce520221d0240229c862b122d2b06c12a625732
2019-10-16 18:47:15,932 [main] INFO  handler.ContextHandler (ContextHandler.java:doStart(781)) - Started o.e.j.s.ServletContextHandler@761e788f{/logs,file:///workdir/hadoop-ozone/integration-test/target/log,AVAILABLE}
2019-10-16 18:47:15,933 [main] INFO  handler.ContextHandler (ContextHandler.java:doStart(781)) - Started o.e.j.s.ServletContextHandler@1907874b{/static,jar:file:/home/user/.m2/repository/org/apache/hadoop/hadoop-hdds-container-service/0.5.0-SNAPSHOT/hadoop-hdds-container-service-0.5.0-SNAPSHOT.jar!/webapps/static,AVAILABLE}
2019-10-16 18:47:15,970 [main] INFO  handler.ContextHandler (ContextHandler.java:doStart(781)) - Started o.e.j.w.WebAppContext@22587507{/,file:///tmp/jetty-0.0.0.0-40522-hddsDatanode-_-any-9221431255197847984.dir/webapp/,AVAILABLE}{/hddsDatanode}
2019-10-16 18:47:15,971 [main] INFO  server.AbstractConnector (AbstractConnector.java:doStart(278)) - Started ServerConnector@5c77ba8f{HTTP/1.1,[http/1.1]}{0.0.0.0:40522}
2019-10-16 18:47:15,971 [main] INFO  server.Server (Server.java:doStart(419)) - Started @4604ms
2019-10-16 18:47:15,972 [main] WARN  impl.MetricsSystemImpl (MetricsSystemImpl.java:register(276)) - Sink prometheus already exists!
2019-10-16 18:47:15,973 [main] INFO  server.BaseHttpServer (BaseHttpServer.java:updateConnectorAddress(215)) - HTTP server of HDDSDATANODE is listening at http://0.0.0.0:40522
2019-10-16 18:47:15,973 [main] INFO  impl.MetricsSystemImpl (MetricsSystemImpl.java:init(158)) - HddsDatanode metrics system started (again)
2019-10-16 18:47:15,975 [org.apache.hadoop.util.JvmPauseMonitor$Monitor@4417fbe5] INFO  util.JvmPauseMonitor (JvmPauseMonitor.java:run(188)) - Starting JVM pause monitor
2019-10-16 18:47:15,975 [main] INFO  ozone.HddsDatanodeService (HddsDatanodeService.java:start(184)) - HddsDatanodeService host:pr-hdds-2283-rsqnh-1472443098 ip:192.168.157.202
2019-10-16 18:47:15,982 [main] INFO  volume.HddsVolume (HddsVolume.java:<init>(176)) - Creating Volume: /workdir/hadoop-ozone/integration-test/target/test-dir/MiniOzoneClusterImpl-4345c778-bde4-42fc-980f-03f2a0663661/datanode-2/data/containers/hdds of  storage type : DISK and capacity : 1482555576320
2019-10-16 18:47:15,982 [main] INFO  volume.VolumeSet (VolumeSet.java:initializeVolumeSet(170)) - Added Volume : /workdir/hadoop-ozone/integration-test/target/test-dir/MiniOzoneClusterImpl-4345c778-bde4-42fc-980f-03f2a0663661/datanode-2/data/containers/hdds to VolumeSet
2019-10-16 18:47:15,982 [main] INFO  volume.ThrottledAsyncChecker (ThrottledAsyncChecker.java:schedule(141)) - Scheduling a check for /workdir/hadoop-ozone/integration-test/target/test-dir/MiniOzoneClusterImpl-4345c778-bde4-42fc-980f-03f2a0663661/datanode-2/data/containers/hdds
2019-10-16 18:47:15,983 [main] INFO  volume.HddsVolumeChecker (HddsVolumeChecker.java:checkAllVolumes(204)) - Scheduled health check for volume /workdir/hadoop-ozone/integration-test/target/test-dir/MiniOzoneClusterImpl-4345c778-bde4-42fc-980f-03f2a0663661/datanode-2/data/containers/hdds
2019-10-16 18:47:15,997 [Datanode State Machine Thread - 0] INFO  datanode.InitDatanodeState (InitDatanodeState.java:persistContainerDatanodeDetails(140)) - DatanodeDetails is persisted to /workdir/hadoop-ozone/integration-test/target/test-dir/MiniOzoneClusterImpl-4345c778-bde4-42fc-980f-03f2a0663661/datanode-0/meta/datanode.id
2019-10-16 18:47:15,998 [main] INFO  impl.RaftServerProxy (ConfUtils.java:logGet(43)) - raft.rpc.type = GRPC (default)
2019-10-16 18:47:15,999 [main] INFO  grpc.GrpcFactory (GrpcFactory.java:checkPooledByteBufAllocatorUseCacheForAllThreads(45)) - PERFORMANCE WARNING: useCacheForAllThreads is true that may cause Netty to create a lot garbage objects and, as a result, trigger GC.
	It is recommended to disable useCacheForAllThreads by setting -Dorg.apache.ratis.thirdparty.io.netty.allocator.useCacheForAllThreads=false in command line.
2019-10-16 18:47:15,999 [main] INFO  grpc.GrpcConfigKeys$Server (ConfUtils.java:logGet(43)) - raft.grpc.server.port = 0 (default)
2019-10-16 18:47:15,999 [main] INFO  server.GrpcService (ConfUtils.java:logGet(43)) - raft.grpc.message.size.max = 33570816 (custom)
2019-10-16 18:47:15,999 [main] INFO  server.RaftServerConfigKeys (ConfUtils.java:logGet(43)) - raft.server.log.appender.buffer.byte-limit = 33554432 (custom)
2019-10-16 18:47:15,999 [main] INFO  server.GrpcService (ConfUtils.java:logGet(43)) - raft.grpc.flow.control.window = 1MB (=1048576) (default)
2019-10-16 18:47:16,000 [main] INFO  server.RaftServerConfigKeys (ConfUtils.java:logGet(43)) - raft.server.rpc.request.timeout = 3000ms (default)
2019-10-16 18:47:16,000 [main] INFO  server.RaftServerConfigKeys (ConfUtils.java:logGet(43)) - raft.server.storage.dir = [/workdir/hadoop-ozone/integration-test/target/test-dir/MiniOzoneClusterImpl-4345c778-bde4-42fc-980f-03f2a0663661/datanode-2/data/ratis] (custom)
2019-10-16 18:47:16,002 [main] INFO  hdfs.DFSUtil (DFSUtil.java:httpServerTemplateForNNAndJN(1641)) - Starting Web-server for hddsDatanode at: http://0.0.0.0:0
2019-10-16 18:47:16,003 [main] INFO  server.AuthenticationFilter (AuthenticationFilter.java:constructSecretProvider(240)) - Unable to initialize FileSignerSecretProvider, falling back to use random secrets.
2019-10-16 18:47:16,004 [main] WARN  http.HttpRequestLog (HttpRequestLog.java:getRequestLog(97)) - Jetty request log can only be enabled using Log4j
2019-10-16 18:47:16,005 [main] INFO  http.HttpServer2 (HttpServer2.java:addGlobalFilter(975)) - Added global filter 'safety' (class=org.apache.hadoop.http.HttpServer2$QuotingInputFilter)
2019-10-16 18:47:16,006 [main] INFO  http.HttpServer2 (HttpServer2.java:addFilter(948)) - Added filter static_user_filter (class=org.apache.hadoop.http.lib.StaticUserWebFilter$StaticUserFilter) to context hddsDatanode
2019-10-16 18:47:16,006 [main] INFO  http.HttpServer2 (HttpServer2.java:addFilter(958)) - Added filter static_user_filter (class=org.apache.hadoop.http.lib.StaticUserWebFilter$StaticUserFilter) to context static
2019-10-16 18:47:16,006 [main] INFO  http.HttpServer2 (HttpServer2.java:addFilter(958)) - Added filter static_user_filter (class=org.apache.hadoop.http.lib.StaticUserWebFilter$StaticUserFilter) to context logs
2019-10-16 18:47:16,007 [main] INFO  http.HttpServer2 (HttpServer2.java:bindListener(1191)) - Jetty bound to port 33381
2019-10-16 18:47:16,007 [main] INFO  server.Server (Server.java:doStart(351)) - jetty-9.3.25.v20180904, build timestamp: 2018-09-04T21:11:46Z, git hash: 3ce520221d0240229c862b122d2b06c12a625732
2019-10-16 18:47:16,009 [main] INFO  handler.ContextHandler (ContextHandler.java:doStart(781)) - Started o.e.j.s.ServletContextHandler@6920614{/logs,file:///workdir/hadoop-ozone/integration-test/target/log,AVAILABLE}
2019-10-16 18:47:16,010 [main] INFO  handler.ContextHandler (ContextHandler.java:doStart(781)) - Started o.e.j.s.ServletContextHandler@5fa23c{/static,jar:file:/home/user/.m2/repository/org/apache/hadoop/hadoop-hdds-container-service/0.5.0-SNAPSHOT/hadoop-hdds-container-service-0.5.0-SNAPSHOT.jar!/webapps/static,AVAILABLE}
2019-10-16 18:47:16,015 [Datanode State Machine Thread - 0] INFO  datanode.InitDatanodeState (InitDatanodeState.java:persistContainerDatanodeDetails(140)) - DatanodeDetails is persisted to /workdir/hadoop-ozone/integration-test/target/test-dir/MiniOzoneClusterImpl-4345c778-bde4-42fc-980f-03f2a0663661/datanode-1/meta/datanode.id
2019-10-16 18:47:16,038 [main] INFO  handler.ContextHandler (ContextHandler.java:doStart(781)) - Started o.e.j.w.WebAppContext@7a0e7ecd{/,file:///tmp/jetty-0.0.0.0-33381-hddsDatanode-_-any-5369141458267924811.dir/webapp/,AVAILABLE}{/hddsDatanode}
2019-10-16 18:47:16,039 [main] INFO  server.AbstractConnector (AbstractConnector.java:doStart(278)) - Started ServerConnector@54e3658c{HTTP/1.1,[http/1.1]}{0.0.0.0:33381}
2019-10-16 18:47:16,039 [main] INFO  server.Server (Server.java:doStart(419)) - Started @4671ms
2019-10-16 18:47:16,040 [main] WARN  impl.MetricsSystemImpl (MetricsSystemImpl.java:register(276)) - Sink prometheus already exists!
2019-10-16 18:47:16,040 [main] INFO  server.BaseHttpServer (BaseHttpServer.java:updateConnectorAddress(215)) - HTTP server of HDDSDATANODE is listening at http://0.0.0.0:33381
2019-10-16 18:47:16,041 [main] INFO  ozone.MiniOzoneClusterImpl (MiniOzoneClusterImpl.java:lambda$waitForClusterToBeReady$0(147)) - Waiting for cluster to be ready. Got 0 of 3 DN Heartbeats.
2019-10-16 18:47:16,042 [org.apache.hadoop.util.JvmPauseMonitor$Monitor@bc204a] INFO  util.JvmPauseMonitor (JvmPauseMonitor.java:run(188)) - Starting JVM pause monitor
2019-10-16 18:47:16,044 [Datanode State Machine Thread - 0] INFO  datanode.InitDatanodeState (InitDatanodeState.java:persistContainerDatanodeDetails(140)) - DatanodeDetails is persisted to /workdir/hadoop-ozone/integration-test/target/test-dir/MiniOzoneClusterImpl-4345c778-bde4-42fc-980f-03f2a0663661/datanode-2/meta/datanode.id
2019-10-16 18:47:17,042 [main] INFO  ozone.MiniOzoneClusterImpl (MiniOzoneClusterImpl.java:lambda$waitForClusterToBeReady$0(147)) - Waiting for cluster to be ready. Got 0 of 3 DN Heartbeats.
2019-10-16 18:47:17,955 [Datanode State Machine Thread - 0] INFO  ozoneimpl.OzoneContainer (OzoneContainer.java:start(213)) - Attempting to start container services.
2019-10-16 18:47:17,957 [Datanode State Machine Thread - 0] INFO  ozoneimpl.OzoneContainer (OzoneContainer.java:startContainerScrub(177)) - Background container scanner has been disabled.
2019-10-16 18:47:17,958 [Datanode State Machine Thread - 0] INFO  ratis.XceiverServerRatis (XceiverServerRatis.java:start(418)) - Starting XceiverServerRatis c0368dd1-c4a9-4bcb-a2d2-6d6b66c0e12a at port 0
2019-10-16 18:47:17,980 [Datanode State Machine Thread - 0] INFO  impl.RaftServerProxy (RaftServerProxy.java:lambda$start$3(299)) - c0368dd1-c4a9-4bcb-a2d2-6d6b66c0e12a: start RPC server
2019-10-16 18:47:17,980 [Datanode State Machine Thread - 0] INFO  ozoneimpl.OzoneContainer (OzoneContainer.java:start(213)) - Attempting to start container services.
2019-10-16 18:47:17,984 [Datanode State Machine Thread - 0] INFO  ozoneimpl.OzoneContainer (OzoneContainer.java:startContainerScrub(177)) - Background container scanner has been disabled.
2019-10-16 18:47:17,984 [Datanode State Machine Thread - 0] INFO  ratis.XceiverServerRatis (XceiverServerRatis.java:start(418)) - Starting XceiverServerRatis 0d5b4e59-aa2f-4fe6-b072-73846da82a05 at port 0
2019-10-16 18:47:17,992 [Datanode State Machine Thread - 0] INFO  impl.RaftServerProxy (RaftServerProxy.java:lambda$start$3(299)) - 0d5b4e59-aa2f-4fe6-b072-73846da82a05: start RPC server
2019-10-16 18:47:18,042 [main] INFO  ozone.MiniOzoneClusterImpl (MiniOzoneClusterImpl.java:lambda$waitForClusterToBeReady$0(147)) - Waiting for cluster to be ready. Got 0 of 3 DN Heartbeats.
2019-10-16 18:47:18,053 [Datanode State Machine Thread - 0] INFO  ozoneimpl.OzoneContainer (OzoneContainer.java:start(213)) - Attempting to start container services.
2019-10-16 18:47:18,055 [Datanode State Machine Thread - 0] INFO  ozoneimpl.OzoneContainer (OzoneContainer.java:startContainerScrub(177)) - Background container scanner has been disabled.
2019-10-16 18:47:18,055 [Datanode State Machine Thread - 0] INFO  ratis.XceiverServerRatis (XceiverServerRatis.java:start(418)) - Starting XceiverServerRatis 52bfa4dc-bcba-4693-b6e2-7f231a44b6db at port 0
2019-10-16 18:47:18,066 [Datanode State Machine Thread - 0] INFO  impl.RaftServerProxy (RaftServerProxy.java:lambda$start$3(299)) - 52bfa4dc-bcba-4693-b6e2-7f231a44b6db: start RPC server
2019-10-16 18:47:18,113 [Datanode State Machine Thread - 0] INFO  server.GrpcService (GrpcService.java:startImpl(158)) - 0d5b4e59-aa2f-4fe6-b072-73846da82a05: GrpcService started, listening on 0.0.0.0/0.0.0.0:39744
2019-10-16 18:47:18,113 [Datanode State Machine Thread - 0] INFO  server.GrpcService (GrpcService.java:startImpl(158)) - 52bfa4dc-bcba-4693-b6e2-7f231a44b6db: GrpcService started, listening on 0.0.0.0/0.0.0.0:43025
2019-10-16 18:47:18,113 [Datanode State Machine Thread - 0] INFO  server.GrpcService (GrpcService.java:startImpl(158)) - c0368dd1-c4a9-4bcb-a2d2-6d6b66c0e12a: GrpcService started, listening on 0.0.0.0/0.0.0.0:44847
2019-10-16 18:47:18,114 [Datanode State Machine Thread - 0] INFO  ratis.XceiverServerRatis (XceiverServerRatis.java:start(428)) - XceiverServerRatis 52bfa4dc-bcba-4693-b6e2-7f231a44b6db is started using port 43025
2019-10-16 18:47:18,114 [Datanode State Machine Thread - 0] INFO  ratis.XceiverServerRatis (XceiverServerRatis.java:start(428)) - XceiverServerRatis 0d5b4e59-aa2f-4fe6-b072-73846da82a05 is started using port 39744
2019-10-16 18:47:18,114 [Datanode State Machine Thread - 0] INFO  ratis.XceiverServerRatis (XceiverServerRatis.java:start(428)) - XceiverServerRatis c0368dd1-c4a9-4bcb-a2d2-6d6b66c0e12a is started using port 44847
2019-10-16 18:47:18,118 [Datanode State Machine Thread - 0] INFO  server.XceiverServerGrpc (XceiverServerGrpc.java:start(149)) - XceiverServerGrpc c0368dd1-c4a9-4bcb-a2d2-6d6b66c0e12a is started using port 44776
2019-10-16 18:47:18,119 [Datanode State Machine Thread - 0] INFO  server.XceiverServerGrpc (XceiverServerGrpc.java:start(149)) - XceiverServerGrpc 52bfa4dc-bcba-4693-b6e2-7f231a44b6db is started using port 37009
2019-10-16 18:47:18,118 [Datanode State Machine Thread - 0] INFO  server.XceiverServerGrpc (XceiverServerGrpc.java:start(149)) - XceiverServerGrpc 0d5b4e59-aa2f-4fe6-b072-73846da82a05 is started using port 42776
2019-10-16 18:47:19,043 [main] INFO  ozone.MiniOzoneClusterImpl (MiniOzoneClusterImpl.java:lambda$waitForClusterToBeReady$0(147)) - Waiting for cluster to be ready. Got 0 of 3 DN Heartbeats.
2019-10-16 18:47:19,914 [IPC Server handler 0 on 37072] INFO  net.NetworkTopology (NetworkTopologyImpl.java:add(111)) - Added a new node: /default-rack/c0368dd1-c4a9-4bcb-a2d2-6d6b66c0e12a
2019-10-16 18:47:19,914 [IPC Server handler 0 on 37072] INFO  node.SCMNodeManager (SCMNodeManager.java:register(268)) - Registered Data node : c0368dd1-c4a9-4bcb-a2d2-6d6b66c0e12a{ip: 192.168.157.202, host: pr-hdds-2283-rsqnh-1472443098, networkLocation: /default-rack, certSerialId: null}
2019-10-16 18:47:19,916 [EventQueue-NodeRegistrationContainerReportForDataNodeSafeModeRule] INFO  safemode.SCMSafeModeManager (DataNodeSafeModeRule.java:process(71)) - SCM in safe mode. 1 DataNodes registered, 1 required.
2019-10-16 18:47:19,916 [EventQueue-NodeRegistrationContainerReportForDataNodeSafeModeRule] INFO  safemode.SCMSafeModeManager (SCMSafeModeManager.java:validateSafeModeExitRules(177)) - ScmSafeModeManager, all rules are successfully validated
2019-10-16 18:47:19,917 [EventQueue-NodeRegistrationContainerReportForDataNodeSafeModeRule] INFO  safemode.SCMSafeModeManager (SCMSafeModeManager.java:exitSafeMode(193)) - SCM exiting safe mode.
2019-10-16 18:47:19,976 [IPC Server handler 1 on 37072] INFO  net.NetworkTopology (NetworkTopologyImpl.java:add(111)) - Added a new node: /default-rack/0d5b4e59-aa2f-4fe6-b072-73846da82a05
2019-10-16 18:47:19,976 [IPC Server handler 1 on 37072] INFO  node.SCMNodeManager (SCMNodeManager.java:register(268)) - Registered Data node : 0d5b4e59-aa2f-4fe6-b072-73846da82a05{ip: 192.168.157.202, host: pr-hdds-2283-rsqnh-1472443098, networkLocation: /default-rack, certSerialId: null}
2019-10-16 18:47:20,043 [IPC Server handler 2 on 37072] INFO  net.NetworkTopology (NetworkTopologyImpl.java:add(111)) - Added a new node: /default-rack/52bfa4dc-bcba-4693-b6e2-7f231a44b6db
2019-10-16 18:47:20,043 [main] INFO  ozone.MiniOzoneClusterImpl (MiniOzoneClusterImpl.java:lambda$waitForClusterToBeReady$0(147)) - Cluster is ready. Got 3 of 3 DN Heartbeats.
2019-10-16 18:47:20,043 [IPC Server handler 2 on 37072] INFO  node.SCMNodeManager (SCMNodeManager.java:register(268)) - Registered Data node : 52bfa4dc-bcba-4693-b6e2-7f231a44b6db{ip: 192.168.157.202, host: pr-hdds-2283-rsqnh-1472443098, networkLocation: /default-rack, certSerialId: null}
2019-10-16 18:47:20,271 [grpc-default-executor-0] INFO  impl.RaftServerProxy (RaftServerProxy.java:addNew(89)) - c0368dd1-c4a9-4bcb-a2d2-6d6b66c0e12a: addNew group-24C83DB14610:[c0368dd1-c4a9-4bcb-a2d2-6d6b66c0e12a:192.168.157.202:44847] returns group-24C83DB14610:java.util.concurrent.CompletableFuture@67bed78c[Not completed]
2019-10-16 18:47:20,282 [pool-27-thread-1] INFO  impl.RaftServerImpl (RaftServerImpl.java:<init>(104)) - c0368dd1-c4a9-4bcb-a2d2-6d6b66c0e12a: new RaftServerImpl for group-24C83DB14610:[c0368dd1-c4a9-4bcb-a2d2-6d6b66c0e12a:192.168.157.202:44847] with ContainerStateMachine:uninitialized
2019-10-16 18:47:20,283 [pool-27-thread-1] INFO  server.RaftServerConfigKeys (ConfUtils.java:logGet(43)) - raft.server.rpc.timeout.min = 5s (custom)
2019-10-16 18:47:20,284 [pool-27-thread-1] INFO  server.RaftServerConfigKeys (ConfUtils.java:logGet(43)) - raft.server.rpc.timeout.max = 5200ms (custom)
2019-10-16 18:47:20,284 [pool-27-thread-1] INFO  server.RaftServerConfigKeys (ConfUtils.java:logGet(43)) - raft.server.rpcslowness.timeout = 1000s (custom)
2019-10-16 18:47:20,285 [pool-27-thread-1] INFO  server.RaftServerConfigKeys (ConfUtils.java:logGet(43)) - raft.server.sleep.deviation.threshold = 300 (default)
2019-10-16 18:47:20,285 [pool-27-thread-1] INFO  server.RaftServerConfigKeys (ConfUtils.java:logGet(43)) - raft.server.log.appender.install.snapshot.enabled = false (custom)
2019-10-16 18:47:20,291 [pool-27-thread-1] INFO  impl.RaftServerImpl (ServerState.java:<init>(103)) - c0368dd1-c4a9-4bcb-a2d2-6d6b66c0e12a@group-24C83DB14610: ConfigurationManager, init=-1: [c0368dd1-c4a9-4bcb-a2d2-6d6b66c0e12a:192.168.157.202:44847], old=null, confs=<EMPTY_MAP>
2019-10-16 18:47:20,292 [pool-27-thread-1] INFO  server.RaftServerConfigKeys (ConfUtils.java:logGet(43)) - raft.server.storage.dir = [/workdir/hadoop-ozone/integration-test/target/test-dir/MiniOzoneClusterImpl-4345c778-bde4-42fc-980f-03f2a0663661/datanode-0/data/ratis] (custom)
2019-10-16 18:47:20,296 [pool-27-thread-1] INFO  server.RaftServerConfigKeys (ConfUtils.java:logGet(43)) - raft.server.log.corruption.policy = EXCEPTION (default)
2019-10-16 18:47:20,298 [pool-27-thread-1] INFO  storage.RaftStorageDirectory (RaftStorageDirectory.java:analyzeStorage(246)) - The storage directory /workdir/hadoop-ozone/integration-test/target/test-dir/MiniOzoneClusterImpl-4345c778-bde4-42fc-980f-03f2a0663661/datanode-0/data/ratis/82be793e-a687-4bbc-98ae-24c83db14610 does not exist. Creating ...
2019-10-16 18:47:20,310 [pool-27-thread-1] INFO  storage.RaftStorageDirectory (RaftStorageDirectory.java:tryLock(328)) - Lock on /workdir/hadoop-ozone/integration-test/target/test-dir/MiniOzoneClusterImpl-4345c778-bde4-42fc-980f-03f2a0663661/datanode-0/data/ratis/82be793e-a687-4bbc-98ae-24c83db14610/in_use.lock acquired by nodename 30109@pr-hdds-2283-rsqnh-1472443098
2019-10-16 18:47:20,320 [pool-27-thread-1] INFO  storage.RaftStorage (RaftStorage.java:format(84)) - Storage directory /workdir/hadoop-ozone/integration-test/target/test-dir/MiniOzoneClusterImpl-4345c778-bde4-42fc-980f-03f2a0663661/datanode-0/data/ratis/82be793e-a687-4bbc-98ae-24c83db14610 has been successfully formatted.
2019-10-16 18:47:20,342 [pool-27-thread-1] INFO  ratis.ContainerStateMachine (ContainerStateMachine.java:loadSnapshot(231)) - group-24C83DB14610: The snapshot info is null. Setting the last applied indexto:(t:0, i:~)
2019-10-16 18:47:20,342 [pool-27-thread-1] INFO  server.RaftServerConfigKeys (ConfUtils.java:logGet(43)) - raft.server.notification.no-leader.timeout = 1000s (custom)
2019-10-16 18:47:20,345 [pool-27-thread-1] INFO  server.RaftServerConfigKeys (ConfUtils.java:logGet(43)) - raft.server.log.use.memory = false (default)
2019-10-16 18:47:20,352 [pool-27-thread-1] INFO  server.RaftServerConfigKeys (ConfUtils.java:logGet(43)) - raft.server.log.purge.gap = 1000000 (custom)
2019-10-16 18:47:20,352 [pool-27-thread-1] INFO  server.RaftServerConfigKeys (ConfUtils.java:logGet(43)) - raft.server.log.appender.buffer.byte-limit = 33554432 (custom)
2019-10-16 18:47:20,355 [pool-27-thread-1] INFO  server.RaftServerConfigKeys (ConfUtils.java:logGet(43)) - raft.server.log.segment.size.max = 1048576 (custom)
2019-10-16 18:47:20,357 [pool-27-thread-1] INFO  impl.MetricsSystemImpl (MetricsSystemImpl.java:init(158)) - ratis metrics system started (again)
2019-10-16 18:47:20,361 [pool-27-thread-1] INFO  metrics.MetricRegistries (MetricRegistriesLoader.java:load(64)) - Loaded MetricRegistries class org.apache.ratis.metrics.impl.MetricRegistriesImpl
2019-10-16 18:47:20,405 [pool-27-thread-1] INFO  server.RaftServerConfigKeys (ConfUtils.java:logGet(43)) - raft.server.log.segment.cache.num.max = 2 (custom)
2019-10-16 18:47:20,411 [pool-27-thread-1] INFO  segmented.SegmentedRaftLogWorker (SegmentedRaftLogWorker.java:<init>(173)) - new c0368dd1-c4a9-4bcb-a2d2-6d6b66c0e12a@group-24C83DB14610-SegmentedRaftLogWorker for RaftStorage:Storage Directory /workdir/hadoop-ozone/integration-test/target/test-dir/MiniOzoneClusterImpl-4345c778-bde4-42fc-980f-03f2a0663661/datanode-0/data/ratis/82be793e-a687-4bbc-98ae-24c83db14610
2019-10-16 18:47:20,411 [pool-27-thread-1] INFO  server.RaftServerConfigKeys (ConfUtils.java:logGet(43)) - raft.server.log.queue.byte-limit = 2147483647 (custom)
2019-10-16 18:47:20,412 [pool-27-thread-1] INFO  server.RaftServerConfigKeys (ConfUtils.java:logGet(43)) - raft.server.log.queue.element-limit = 1024 (custom)
2019-10-16 18:47:20,413 [pool-27-thread-1] INFO  server.RaftServerConfigKeys (ConfUtils.java:logGet(43)) - raft.server.log.segment.size.max = 1048576 (custom)
2019-10-16 18:47:20,413 [pool-27-thread-1] INFO  server.RaftServerConfigKeys (ConfUtils.java:logGet(43)) - raft.server.log.preallocated.size = 16384 (custom)
2019-10-16 18:47:20,414 [pool-27-thread-1] INFO  server.RaftServerConfigKeys (ConfUtils.java:logGet(43)) - raft.server.log.write.buffer.size = 33554432 (custom)
2019-10-16 18:47:20,414 [pool-27-thread-1] INFO  server.RaftServerConfigKeys (ConfUtils.java:logGet(43)) - raft.server.log.force.sync.num = 128 (default)
2019-10-16 18:47:20,415 [pool-27-thread-1] INFO  server.RaftServerConfigKeys (ConfUtils.java:logGet(43)) - raft.server.log.statemachine.data.sync = true (default)
2019-10-16 18:47:20,416 [pool-27-thread-1] INFO  server.RaftServerConfigKeys (ConfUtils.java:logGet(43)) - raft.server.log.statemachine.data.sync.timeout = 10s (default)
2019-10-16 18:47:20,416 [pool-27-thread-1] INFO  server.RaftServerConfigKeys (ConfUtils.java:logGet(43)) - raft.server.log.statemachine.data.sync.timeout.retry = -1 (default)
2019-10-16 18:47:20,431 [pool-27-thread-1] INFO  server.RaftServerConfigKeys (ConfUtils.java:logGet(43)) - raft.server.log.statemachine.data.caching.enabled = true (custom)
2019-10-16 18:47:20,436 [pool-27-thread-1] INFO  segmented.SegmentedRaftLogWorker (SegmentedRaftLogWorker.java:lambda$new$0(128)) - c0368dd1-c4a9-4bcb-a2d2-6d6b66c0e12a@group-24C83DB14610-SegmentedRaftLogWorker: flushIndex: setUnconditionally 0 -> -1
2019-10-16 18:47:20,440 [pool-27-thread-1] INFO  server.RaftServerConfigKeys (ConfUtils.java:logGet(43)) - raft.server.snapshot.auto.trigger.enabled = true (custom)
2019-10-16 18:47:20,441 [pool-27-thread-1] INFO  server.RaftServerConfigKeys (ConfUtils.java:logGet(43)) - raft.server.snapshot.auto.trigger.threshold = 10000 (custom)
2019-10-16 18:47:20,441 [pool-27-thread-1] INFO  server.RaftServerConfigKeys (ConfUtils.java:logGet(43)) - raft.server.snapshot.retention.file.num = 5 (custom)
2019-10-16 18:47:20,442 [pool-27-thread-1] INFO  server.RaftServerConfigKeys (ConfUtils.java:logGet(43)) - raft.server.retrycache.expirytime = 600000ms (custom)
2019-10-16 18:47:20,465 [main] INFO  rpc.RpcClient (RpcClient.java:createVolume(272)) - Creating Volume: testcontainerstatemachinefailures, with jenkins1000 as owner.
2019-10-16 18:47:20,470 [pool-27-thread-1] INFO  impl.RaftServerImpl (RaftServerImpl.java:start(195)) - c0368dd1-c4a9-4bcb-a2d2-6d6b66c0e12a@group-24C83DB14610: start as a follower, conf=-1: [c0368dd1-c4a9-4bcb-a2d2-6d6b66c0e12a:192.168.157.202:44847], old=null
2019-10-16 18:47:20,471 [pool-27-thread-1] INFO  impl.RaftServerImpl (RaftServerImpl.java:setRole(184)) - c0368dd1-c4a9-4bcb-a2d2-6d6b66c0e12a@group-24C83DB14610: changes role from      null to FOLLOWER at term 0 for startAsFollower
2019-10-16 18:47:20,472 [pool-27-thread-1] INFO  impl.RoleInfo (RoleInfo.java:updateAndGet(143)) - c0368dd1-c4a9-4bcb-a2d2-6d6b66c0e12a: start FollowerState
2019-10-16 18:47:20,473 [pool-27-thread-1] INFO  util.JmxRegister (JmxRegister.java:tryRegister(44)) - Successfully registered JMX Bean with object name Ratis:service=RaftServer,group=group-24C83DB14610,id=c0368dd1-c4a9-4bcb-a2d2-6d6b66c0e12a
2019-10-16 18:47:20,517 [RatisPipelineUtilsThread] INFO  pipeline.PipelineStateManager (PipelineStateManager.java:addPipeline(56)) - Created pipeline Pipeline[ Id: 82be793e-a687-4bbc-98ae-24c83db14610, Nodes: c0368dd1-c4a9-4bcb-a2d2-6d6b66c0e12a{ip: 192.168.157.202, host: pr-hdds-2283-rsqnh-1472443098, networkLocation: /default-rack, certSerialId: null}, Type:RATIS, Factor:ONE, State:OPEN]
2019-10-16 18:47:20,529 [grpc-default-executor-0] INFO  impl.RaftServerProxy (RaftServerProxy.java:addNew(89)) - 0d5b4e59-aa2f-4fe6-b072-73846da82a05: addNew group-4E9C9B2AFBBA:[0d5b4e59-aa2f-4fe6-b072-73846da82a05:192.168.157.202:39744] returns group-4E9C9B2AFBBA:java.util.concurrent.CompletableFuture@66f85c6d[Not completed]
2019-10-16 18:47:20,544 [pool-37-thread-1] INFO  impl.RaftServerImpl (RaftServerImpl.java:<init>(104)) - 0d5b4e59-aa2f-4fe6-b072-73846da82a05: new RaftServerImpl for group-4E9C9B2AFBBA:[0d5b4e59-aa2f-4fe6-b072-73846da82a05:192.168.157.202:39744] with ContainerStateMachine:uninitialized
2019-10-16 18:47:20,545 [pool-37-thread-1] INFO  server.RaftServerConfigKeys (ConfUtils.java:logGet(43)) - raft.server.rpc.timeout.min = 5s (custom)
2019-10-16 18:47:20,545 [pool-37-thread-1] INFO  server.RaftServerConfigKeys (ConfUtils.java:logGet(43)) - raft.server.rpc.timeout.max = 5200ms (custom)
2019-10-16 18:47:20,545 [pool-37-thread-1] INFO  server.RaftServerConfigKeys (ConfUtils.java:logGet(43)) - raft.server.rpcslowness.timeout = 1000s (custom)
2019-10-16 18:47:20,545 [pool-37-thread-1] INFO  server.RaftServerConfigKeys (ConfUtils.java:logGet(43)) - raft.server.sleep.deviation.threshold = 300 (default)
2019-10-16 18:47:20,545 [pool-37-thread-1] INFO  server.RaftServerConfigKeys (ConfUtils.java:logGet(43)) - raft.server.log.appender.install.snapshot.enabled = false (custom)
2019-10-16 18:47:20,545 [pool-37-thread-1] INFO  impl.RaftServerImpl (ServerState.java:<init>(103)) - 0d5b4e59-aa2f-4fe6-b072-73846da82a05@group-4E9C9B2AFBBA: ConfigurationManager, init=-1: [0d5b4e59-aa2f-4fe6-b072-73846da82a05:192.168.157.202:39744], old=null, confs=<EMPTY_MAP>
2019-10-16 18:47:20,545 [pool-37-thread-1] INFO  server.RaftServerConfigKeys (ConfUtils.java:logGet(43)) - raft.server.storage.dir = [/workdir/hadoop-ozone/integration-test/target/test-dir/MiniOzoneClusterImpl-4345c778-bde4-42fc-980f-03f2a0663661/datanode-1/data/ratis] (custom)
2019-10-16 18:47:20,546 [pool-37-thread-1] INFO  server.RaftServerConfigKeys (ConfUtils.java:logGet(43)) - raft.server.log.corruption.policy = EXCEPTION (default)
2019-10-16 18:47:20,546 [pool-37-thread-1] INFO  storage.RaftStorageDirectory (RaftStorageDirectory.java:analyzeStorage(246)) - The storage directory /workdir/hadoop-ozone/integration-test/target/test-dir/MiniOzoneClusterImpl-4345c778-bde4-42fc-980f-03f2a0663661/datanode-1/data/ratis/7e820314-5c69-4a12-bfd1-4e9c9b2afbba does not exist. Creating ...
2019-10-16 18:47:20,557 [pool-37-thread-1] INFO  storage.RaftStorageDirectory (RaftStorageDirectory.java:tryLock(328)) - Lock on /workdir/hadoop-ozone/integration-test/target/test-dir/MiniOzoneClusterImpl-4345c778-bde4-42fc-980f-03f2a0663661/datanode-1/data/ratis/7e820314-5c69-4a12-bfd1-4e9c9b2afbba/in_use.lock acquired by nodename 30109@pr-hdds-2283-rsqnh-1472443098
2019-10-16 18:47:20,563 [IPC Server handler 0 on 45481] INFO  volume.OMVolumeCreateRequest (OMVolumeCreateRequest.java:validateAndUpdateCache(193)) - created volume:testcontainerstatemachinefailures for user:jenkins1000
2019-10-16 18:47:20,571 [pool-37-thread-1] INFO  storage.RaftStorage (RaftStorage.java:format(84)) - Storage directory /workdir/hadoop-ozone/integration-test/target/test-dir/MiniOzoneClusterImpl-4345c778-bde4-42fc-980f-03f2a0663661/datanode-1/data/ratis/7e820314-5c69-4a12-bfd1-4e9c9b2afbba has been successfully formatted.
2019-10-16 18:47:20,572 [pool-37-thread-1] INFO  ratis.ContainerStateMachine (ContainerStateMachine.java:loadSnapshot(231)) - group-4E9C9B2AFBBA: The snapshot info is null. Setting the last applied indexto:(t:0, i:~)
2019-10-16 18:47:20,572 [pool-37-thread-1] INFO  server.RaftServerConfigKeys (ConfUtils.java:logGet(43)) - raft.server.notification.no-leader.timeout = 1000s (custom)
2019-10-16 18:47:20,573 [pool-37-thread-1] INFO  server.RaftServerConfigKeys (ConfUtils.java:logGet(43)) - raft.server.log.use.memory = false (default)
2019-10-16 18:47:20,573 [pool-37-thread-1] INFO  server.RaftServerConfigKeys (ConfUtils.java:logGet(43)) - raft.server.log.purge.gap = 1000000 (custom)
2019-10-16 18:47:20,573 [pool-37-thread-1] INFO  server.RaftServerConfigKeys (ConfUtils.java:logGet(43)) - raft.server.log.appender.buffer.byte-limit = 33554432 (custom)
2019-10-16 18:47:20,573 [pool-37-thread-1] INFO  server.RaftServerConfigKeys (ConfUtils.java:logGet(43)) - raft.server.log.segment.size.max = 1048576 (custom)
2019-10-16 18:47:20,577 [pool-37-thread-1] INFO  server.RaftServerConfigKeys (ConfUtils.java:logGet(43)) - raft.server.log.segment.cache.num.max = 2 (custom)
2019-10-16 18:47:20,577 [pool-37-thread-1] INFO  segmented.SegmentedRaftLogWorker (SegmentedRaftLogWorker.java:<init>(173)) - new 0d5b4e59-aa2f-4fe6-b072-73846da82a05@group-4E9C9B2AFBBA-SegmentedRaftLogWorker for RaftStorage:Storage Directory /workdir/hadoop-ozone/integration-test/target/test-dir/MiniOzoneClusterImpl-4345c778-bde4-42fc-980f-03f2a0663661/datanode-1/data/ratis/7e820314-5c69-4a12-bfd1-4e9c9b2afbba
2019-10-16 18:47:20,578 [pool-37-thread-1] INFO  server.RaftServerConfigKeys (ConfUtils.java:logGet(43)) - raft.server.log.queue.byte-limit = 2147483647 (custom)
2019-10-16 18:47:20,578 [pool-37-thread-1] INFO  server.RaftServerConfigKeys (ConfUtils.java:logGet(43)) - raft.server.log.queue.element-limit = 1024 (custom)
2019-10-16 18:47:20,578 [pool-37-thread-1] INFO  server.RaftServerConfigKeys (ConfUtils.java:logGet(43)) - raft.server.log.segment.size.max = 1048576 (custom)
2019-10-16 18:47:20,578 [pool-37-thread-1] INFO  server.RaftServerConfigKeys (ConfUtils.java:logGet(43)) - raft.server.log.preallocated.size = 16384 (custom)
2019-10-16 18:47:20,578 [pool-37-thread-1] INFO  server.RaftServerConfigKeys (ConfUtils.java:logGet(43)) - raft.server.log.write.buffer.size = 33554432 (custom)
2019-10-16 18:47:20,578 [pool-37-thread-1] INFO  server.RaftServerConfigKeys (ConfUtils.java:logGet(43)) - raft.server.log.force.sync.num = 128 (default)
2019-10-16 18:47:20,579 [pool-37-thread-1] INFO  server.RaftServerConfigKeys (ConfUtils.java:logGet(43)) - raft.server.log.statemachine.data.sync = true (default)
2019-10-16 18:47:20,579 [pool-37-thread-1] INFO  server.RaftServerConfigKeys (ConfUtils.java:logGet(43)) - raft.server.log.statemachine.data.sync.timeout = 10s (default)
2019-10-16 18:47:20,579 [pool-37-thread-1] INFO  server.RaftServerConfigKeys (ConfUtils.java:logGet(43)) - raft.server.log.statemachine.data.sync.timeout.retry = -1 (default)
2019-10-16 18:47:20,579 [pool-37-thread-1] INFO  server.RaftServerConfigKeys (ConfUtils.java:logGet(43)) - raft.server.log.statemachine.data.caching.enabled = true (custom)
2019-10-16 18:47:20,580 [pool-37-thread-1] INFO  segmented.SegmentedRaftLogWorker (SegmentedRaftLogWorker.java:lambda$new$0(128)) - 0d5b4e59-aa2f-4fe6-b072-73846da82a05@group-4E9C9B2AFBBA-SegmentedRaftLogWorker: flushIndex: setUnconditionally 0 -> -1
2019-10-16 18:47:20,580 [pool-37-thread-1] INFO  server.RaftServerConfigKeys (ConfUtils.java:logGet(43)) - raft.server.snapshot.auto.trigger.enabled = true (custom)
2019-10-16 18:47:20,580 [pool-37-thread-1] INFO  server.RaftServerConfigKeys (ConfUtils.java:logGet(43)) - raft.server.snapshot.auto.trigger.threshold = 10000 (custom)
2019-10-16 18:47:20,580 [pool-37-thread-1] INFO  server.RaftServerConfigKeys (ConfUtils.java:logGet(43)) - raft.server.snapshot.retention.file.num = 5 (custom)
2019-10-16 18:47:20,580 [pool-37-thread-1] INFO  server.RaftServerConfigKeys (ConfUtils.java:logGet(43)) - raft.server.retrycache.expirytime = 600000ms (custom)
2019-10-16 18:47:20,581 [main] INFO  rpc.RpcClient (RpcClient.java:createBucket(411)) - Creating Bucket: testcontainerstatemachinefailures/testcontainerstatemachinefailures, with Versioning false and Storage Type set to DISK and Encryption set to false 
2019-10-16 18:47:20,585 [pool-37-thread-1] INFO  impl.RaftServerImpl (RaftServerImpl.java:start(195)) - 0d5b4e59-aa2f-4fe6-b072-73846da82a05@group-4E9C9B2AFBBA: start as a follower, conf=-1: [0d5b4e59-aa2f-4fe6-b072-73846da82a05:192.168.157.202:39744], old=null
2019-10-16 18:47:20,586 [pool-37-thread-1] INFO  impl.RaftServerImpl (RaftServerImpl.java:setRole(184)) - 0d5b4e59-aa2f-4fe6-b072-73846da82a05@group-4E9C9B2AFBBA: changes role from      null to FOLLOWER at term 0 for startAsFollower
2019-10-16 18:47:20,586 [pool-37-thread-1] INFO  impl.RoleInfo (RoleInfo.java:updateAndGet(143)) - 0d5b4e59-aa2f-4fe6-b072-73846da82a05: start FollowerState
2019-10-16 18:47:20,587 [pool-37-thread-1] INFO  util.JmxRegister (JmxRegister.java:tryRegister(44)) - Successfully registered JMX Bean with object name Ratis:service=RaftServer,group=group-4E9C9B2AFBBA,id=0d5b4e59-aa2f-4fe6-b072-73846da82a05
2019-10-16 18:47:20,599 [Thread-189] INFO  impl.FollowerState (FollowerState.java:run(108)) - c0368dd1-c4a9-4bcb-a2d2-6d6b66c0e12a@group-24C83DB14610-FollowerState: change to CANDIDATE, lastRpcTime:126ms, electionTimeout:126ms
2019-10-16 18:47:20,599 [Thread-192] INFO  impl.FollowerState (FollowerState.java:run(108)) - 0d5b4e59-aa2f-4fe6-b072-73846da82a05@group-4E9C9B2AFBBA-FollowerState: change to CANDIDATE, lastRpcTime:13ms, electionTimeout:12ms
2019-10-16 18:47:20,603 [RatisPipelineUtilsThread] INFO  pipeline.PipelineStateManager (PipelineStateManager.java:addPipeline(56)) - Created pipeline Pipeline[ Id: 7e820314-5c69-4a12-bfd1-4e9c9b2afbba, Nodes: 0d5b4e59-aa2f-4fe6-b072-73846da82a05{ip: 192.168.157.202, host: pr-hdds-2283-rsqnh-1472443098, networkLocation: /default-rack, certSerialId: null}, Type:RATIS, Factor:ONE, State:OPEN]
2019-10-16 18:47:20,603 [Thread-192] INFO  impl.RoleInfo (RoleInfo.java:shutdownFollowerState(121)) - 0d5b4e59-aa2f-4fe6-b072-73846da82a05: shutdown FollowerState
2019-10-16 18:47:20,603 [Thread-189] INFO  impl.RoleInfo (RoleInfo.java:shutdownFollowerState(121)) - c0368dd1-c4a9-4bcb-a2d2-6d6b66c0e12a: shutdown FollowerState
2019-10-16 18:47:20,603 [Thread-192] INFO  impl.RaftServerImpl (RaftServerImpl.java:setRole(184)) - 0d5b4e59-aa2f-4fe6-b072-73846da82a05@group-4E9C9B2AFBBA: changes role from  FOLLOWER to CANDIDATE at term 0 for changeToCandidate
2019-10-16 18:47:20,603 [Thread-189] INFO  impl.RaftServerImpl (RaftServerImpl.java:setRole(184)) - c0368dd1-c4a9-4bcb-a2d2-6d6b66c0e12a@group-24C83DB14610: changes role from  FOLLOWER to CANDIDATE at term 0 for changeToCandidate
2019-10-16 18:47:20,607 [Thread-192] INFO  impl.RoleInfo (RoleInfo.java:updateAndGet(143)) - 0d5b4e59-aa2f-4fe6-b072-73846da82a05: start LeaderElection
2019-10-16 18:47:20,607 [Thread-189] INFO  impl.RoleInfo (RoleInfo.java:updateAndGet(143)) - c0368dd1-c4a9-4bcb-a2d2-6d6b66c0e12a: start LeaderElection
2019-10-16 18:47:20,618 [c0368dd1-c4a9-4bcb-a2d2-6d6b66c0e12a@group-24C83DB14610-LeaderElection2] INFO  impl.LeaderElection (LeaderElection.java:askForVotes(178)) - c0368dd1-c4a9-4bcb-a2d2-6d6b66c0e12a@group-24C83DB14610-LeaderElection2: begin an election at term 1 for -1: [c0368dd1-c4a9-4bcb-a2d2-6d6b66c0e12a:192.168.157.202:44847], old=null
2019-10-16 18:47:20,619 [0d5b4e59-aa2f-4fe6-b072-73846da82a05@group-4E9C9B2AFBBA-LeaderElection1] INFO  impl.LeaderElection (LeaderElection.java:askForVotes(178)) - 0d5b4e59-aa2f-4fe6-b072-73846da82a05@group-4E9C9B2AFBBA-LeaderElection1: begin an election at term 1 for -1: [0d5b4e59-aa2f-4fe6-b072-73846da82a05:192.168.157.202:39744], old=null
2019-10-16 18:47:20,622 [grpc-default-executor-0] INFO  impl.RaftServerProxy (RaftServerProxy.java:addNew(89)) - 52bfa4dc-bcba-4693-b6e2-7f231a44b6db: addNew group-650B45B72909:[52bfa4dc-bcba-4693-b6e2-7f231a44b6db:192.168.157.202:43025] returns group-650B45B72909:java.util.concurrent.CompletableFuture@55d11c4a[Not completed]
2019-10-16 18:47:20,622 [c0368dd1-c4a9-4bcb-a2d2-6d6b66c0e12a@group-24C83DB14610-LeaderElection2] INFO  impl.RoleInfo (RoleInfo.java:shutdownLeaderElection(134)) - c0368dd1-c4a9-4bcb-a2d2-6d6b66c0e12a: shutdown LeaderElection
2019-10-16 18:47:20,622 [0d5b4e59-aa2f-4fe6-b072-73846da82a05@group-4E9C9B2AFBBA-LeaderElection1] INFO  impl.RoleInfo (RoleInfo.java:shutdownLeaderElection(134)) - 0d5b4e59-aa2f-4fe6-b072-73846da82a05: shutdown LeaderElection
2019-10-16 18:47:20,625 [c0368dd1-c4a9-4bcb-a2d2-6d6b66c0e12a@group-24C83DB14610-LeaderElection2] INFO  impl.RaftServerImpl (RaftServerImpl.java:setRole(184)) - c0368dd1-c4a9-4bcb-a2d2-6d6b66c0e12a@group-24C83DB14610: changes role from CANDIDATE to LEADER at term 1 for changeToLeader
2019-10-16 18:47:20,636 [0d5b4e59-aa2f-4fe6-b072-73846da82a05@group-4E9C9B2AFBBA-LeaderElection1] INFO  impl.RaftServerImpl (RaftServerImpl.java:setRole(184)) - 0d5b4e59-aa2f-4fe6-b072-73846da82a05@group-4E9C9B2AFBBA: changes role from CANDIDATE to LEADER at term 1 for changeToLeader
2019-10-16 18:47:20,636 [c0368dd1-c4a9-4bcb-a2d2-6d6b66c0e12a@group-24C83DB14610-LeaderElection2] INFO  impl.RaftServerImpl (ServerState.java:setLeader(256)) - c0368dd1-c4a9-4bcb-a2d2-6d6b66c0e12a@group-24C83DB14610: change Leader from null to c0368dd1-c4a9-4bcb-a2d2-6d6b66c0e12a at term 1 for becomeLeader, leader elected after 291ms
2019-10-16 18:47:20,636 [0d5b4e59-aa2f-4fe6-b072-73846da82a05@group-4E9C9B2AFBBA-LeaderElection1] INFO  impl.RaftServerImpl (ServerState.java:setLeader(256)) - 0d5b4e59-aa2f-4fe6-b072-73846da82a05@group-4E9C9B2AFBBA: change Leader from null to 0d5b4e59-aa2f-4fe6-b072-73846da82a05 at term 1 for becomeLeader, leader elected after 63ms
2019-10-16 18:47:20,636 [pool-47-thread-1] INFO  impl.RaftServerImpl (RaftServerImpl.java:<init>(104)) - 52bfa4dc-bcba-4693-b6e2-7f231a44b6db: new RaftServerImpl for group-650B45B72909:[52bfa4dc-bcba-4693-b6e2-7f231a44b6db:192.168.157.202:43025] with ContainerStateMachine:uninitialized
2019-10-16 18:47:20,638 [pool-47-thread-1] INFO  server.RaftServerConfigKeys (ConfUtils.java:logGet(43)) - raft.server.rpc.timeout.min = 5s (custom)
2019-10-16 18:47:20,638 [pool-47-thread-1] INFO  server.RaftServerConfigKeys (ConfUtils.java:logGet(43)) - raft.server.rpc.timeout.max = 5200ms (custom)
2019-10-16 18:47:20,638 [pool-47-thread-1] INFO  server.RaftServerConfigKeys (ConfUtils.java:logGet(43)) - raft.server.rpcslowness.timeout = 1000s (custom)
2019-10-16 18:47:20,638 [pool-47-thread-1] INFO  server.RaftServerConfigKeys (ConfUtils.java:logGet(43)) - raft.server.sleep.deviation.threshold = 300 (default)
2019-10-16 18:47:20,638 [pool-47-thread-1] INFO  server.RaftServerConfigKeys (ConfUtils.java:logGet(43)) - raft.server.log.appender.install.snapshot.enabled = false (custom)
2019-10-16 18:47:20,639 [pool-47-thread-1] INFO  impl.RaftServerImpl (ServerState.java:<init>(103)) - 52bfa4dc-bcba-4693-b6e2-7f231a44b6db@group-650B45B72909: ConfigurationManager, init=-1: [52bfa4dc-bcba-4693-b6e2-7f231a44b6db:192.168.157.202:43025], old=null, confs=<EMPTY_MAP>
2019-10-16 18:47:20,639 [pool-47-thread-1] INFO  server.RaftServerConfigKeys (ConfUtils.java:logGet(43)) - raft.server.storage.dir = [/workdir/hadoop-ozone/integration-test/target/test-dir/MiniOzoneClusterImpl-4345c778-bde4-42fc-980f-03f2a0663661/datanode-2/data/ratis] (custom)
2019-10-16 18:47:20,639 [pool-47-thread-1] INFO  server.RaftServerConfigKeys (ConfUtils.java:logGet(43)) - raft.server.log.corruption.policy = EXCEPTION (default)
2019-10-16 18:47:20,639 [pool-47-thread-1] INFO  storage.RaftStorageDirectory (RaftStorageDirectory.java:analyzeStorage(246)) - The storage directory /workdir/hadoop-ozone/integration-test/target/test-dir/MiniOzoneClusterImpl-4345c778-bde4-42fc-980f-03f2a0663661/datanode-2/data/ratis/2f628aaf-9e31-4db5-8196-650b45b72909 does not exist. Creating ...
2019-10-16 18:47:20,854 [0d5b4e59-aa2f-4fe6-b072-73846da82a05@group-4E9C9B2AFBBA-LeaderElection1] INFO  server.RaftServerConfigKeys (ConfUtils.java:logGet(43)) - raft.server.staging.catchup.gap = 1000 (default)
2019-10-16 18:47:20,855 [c0368dd1-c4a9-4bcb-a2d2-6d6b66c0e12a@group-24C83DB14610-LeaderElection2] INFO  server.RaftServerConfigKeys (ConfUtils.java:logGet(43)) - raft.server.staging.catchup.gap = 1000 (default)
2019-10-16 18:47:20,855 [0d5b4e59-aa2f-4fe6-b072-73846da82a05@group-4E9C9B2AFBBA-LeaderElection1] INFO  server.RaftServerConfigKeys (ConfUtils.java:logGet(43)) - raft.server.rpc.sleep.time = 25ms (default)
2019-10-16 18:47:20,855 [c0368dd1-c4a9-4bcb-a2d2-6d6b66c0e12a@group-24C83DB14610-LeaderElection2] INFO  server.RaftServerConfigKeys (ConfUtils.java:logGet(43)) - raft.server.rpc.sleep.time = 25ms (default)
2019-10-16 18:47:20,858 [pool-47-thread-1] INFO  storage.RaftStorageDirectory (RaftStorageDirectory.java:tryLock(328)) - Lock on /workdir/hadoop-ozone/integration-test/target/test-dir/MiniOzoneClusterImpl-4345c778-bde4-42fc-980f-03f2a0663661/datanode-2/data/ratis/2f628aaf-9e31-4db5-8196-650b45b72909/in_use.lock acquired by nodename 30109@pr-hdds-2283-rsqnh-1472443098
2019-10-16 18:47:20,861 [c0368dd1-c4a9-4bcb-a2d2-6d6b66c0e12a@group-24C83DB14610-LeaderElection2] INFO  server.RaftServerConfigKeys (ConfUtils.java:logGet(43)) - raft.server.write.element-limit = 4096 (default)
2019-10-16 18:47:20,861 [0d5b4e59-aa2f-4fe6-b072-73846da82a05@group-4E9C9B2AFBBA-LeaderElection1] INFO  server.RaftServerConfigKeys (ConfUtils.java:logGet(43)) - raft.server.write.element-limit = 4096 (default)
2019-10-16 18:47:20,874 [c0368dd1-c4a9-4bcb-a2d2-6d6b66c0e12a@group-24C83DB14610-LeaderElection2] INFO  server.RaftServerConfigKeys (ConfUtils.java:logGet(43)) - raft.server.watch.timeout = 10s (default)
2019-10-16 18:47:20,874 [0d5b4e59-aa2f-4fe6-b072-73846da82a05@group-4E9C9B2AFBBA-LeaderElection1] INFO  server.RaftServerConfigKeys (ConfUtils.java:logGet(43)) - raft.server.watch.timeout = 10s (default)
2019-10-16 18:47:20,874 [c0368dd1-c4a9-4bcb-a2d2-6d6b66c0e12a@group-24C83DB14610-LeaderElection2] INFO  server.RaftServerConfigKeys (ConfUtils.java:logGet(43)) - raft.server.watch.timeout.denomination = 1s (default)
2019-10-16 18:47:20,874 [0d5b4e59-aa2f-4fe6-b072-73846da82a05@group-4E9C9B2AFBBA-LeaderElection1] INFO  server.RaftServerConfigKeys (ConfUtils.java:logGet(43)) - raft.server.watch.timeout.denomination = 1s (default)
2019-10-16 18:47:20,875 [c0368dd1-c4a9-4bcb-a2d2-6d6b66c0e12a@group-24C83DB14610-LeaderElection2] INFO  server.RaftServerConfigKeys (ConfUtils.java:logGet(43)) - raft.server.watch.element-limit = 65536 (default)
2019-10-16 18:47:20,875 [0d5b4e59-aa2f-4fe6-b072-73846da82a05@group-4E9C9B2AFBBA-LeaderElection1] INFO  server.RaftServerConfigKeys (ConfUtils.java:logGet(43)) - raft.server.watch.element-limit = 65536 (default)
2019-10-16 18:47:20,894 [pool-47-thread-1] INFO  storage.RaftStorage (RaftStorage.java:format(84)) - Storage directory /workdir/hadoop-ozone/integration-test/target/test-dir/MiniOzoneClusterImpl-4345c778-bde4-42fc-980f-03f2a0663661/datanode-2/data/ratis/2f628aaf-9e31-4db5-8196-650b45b72909 has been successfully formatted.
2019-10-16 18:47:20,894 [pool-47-thread-1] INFO  ratis.ContainerStateMachine (ContainerStateMachine.java:loadSnapshot(231)) - group-650B45B72909: The snapshot info is null. Setting the last applied indexto:(t:0, i:~)
2019-10-16 18:47:20,895 [pool-47-thread-1] INFO  server.RaftServerConfigKeys (ConfUtils.java:logGet(43)) - raft.server.notification.no-leader.timeout = 1000s (custom)
2019-10-16 18:47:20,895 [pool-47-thread-1] INFO  server.RaftServerConfigKeys (ConfUtils.java:logGet(43)) - raft.server.log.use.memory = false (default)
2019-10-16 18:47:20,895 [pool-47-thread-1] INFO  server.RaftServerConfigKeys (ConfUtils.java:logGet(43)) - raft.server.log.purge.gap = 1000000 (custom)
2019-10-16 18:47:20,895 [pool-47-thread-1] INFO  server.RaftServerConfigKeys (ConfUtils.java:logGet(43)) - raft.server.log.appender.buffer.byte-limit = 33554432 (custom)
2019-10-16 18:47:20,895 [pool-47-thread-1] INFO  server.RaftServerConfigKeys (ConfUtils.java:logGet(43)) - raft.server.log.segment.size.max = 1048576 (custom)
2019-10-16 18:47:20,900 [pool-47-thread-1] INFO  server.RaftServerConfigKeys (ConfUtils.java:logGet(43)) - raft.server.log.segment.cache.num.max = 2 (custom)
2019-10-16 18:47:20,902 [pool-47-thread-1] INFO  segmented.SegmentedRaftLogWorker (SegmentedRaftLogWorker.java:<init>(173)) - new 52bfa4dc-bcba-4693-b6e2-7f231a44b6db@group-650B45B72909-SegmentedRaftLogWorker for RaftStorage:Storage Directory /workdir/hadoop-ozone/integration-test/target/test-dir/MiniOzoneClusterImpl-4345c778-bde4-42fc-980f-03f2a0663661/datanode-2/data/ratis/2f628aaf-9e31-4db5-8196-650b45b72909
2019-10-16 18:47:20,902 [pool-47-thread-1] INFO  server.RaftServerConfigKeys (ConfUtils.java:logGet(43)) - raft.server.log.queue.byte-limit = 2147483647 (custom)
2019-10-16 18:47:20,902 [pool-47-thread-1] INFO  server.RaftServerConfigKeys (ConfUtils.java:logGet(43)) - raft.server.log.queue.element-limit = 1024 (custom)
2019-10-16 18:47:20,902 [pool-47-thread-1] INFO  server.RaftServerConfigKeys (ConfUtils.java:logGet(43)) - raft.server.log.segment.size.max = 1048576 (custom)
2019-10-16 18:47:20,902 [pool-47-thread-1] INFO  server.RaftServerConfigKeys (ConfUtils.java:logGet(43)) - raft.server.log.preallocated.size = 16384 (custom)
2019-10-16 18:47:20,903 [pool-47-thread-1] INFO  server.RaftServerConfigKeys (ConfUtils.java:logGet(43)) - raft.server.log.write.buffer.size = 33554432 (custom)
2019-10-16 18:47:20,903 [pool-47-thread-1] INFO  server.RaftServerConfigKeys (ConfUtils.java:logGet(43)) - raft.server.log.force.sync.num = 128 (default)
2019-10-16 18:47:20,903 [pool-47-thread-1] INFO  server.RaftServerConfigKeys (ConfUtils.java:logGet(43)) - raft.server.log.statemachine.data.sync = true (default)
2019-10-16 18:47:20,903 [pool-47-thread-1] INFO  server.RaftServerConfigKeys (ConfUtils.java:logGet(43)) - raft.server.log.statemachine.data.sync.timeout = 10s (default)
2019-10-16 18:47:20,904 [pool-47-thread-1] INFO  server.RaftServerConfigKeys (ConfUtils.java:logGet(43)) - raft.server.log.statemachine.data.sync.timeout.retry = -1 (default)
2019-10-16 18:47:20,904 [c0368dd1-c4a9-4bcb-a2d2-6d6b66c0e12a@group-24C83DB14610-LeaderElection2] INFO  impl.RoleInfo (RoleInfo.java:updateAndGet(143)) - c0368dd1-c4a9-4bcb-a2d2-6d6b66c0e12a: start LeaderState
2019-10-16 18:47:20,904 [0d5b4e59-aa2f-4fe6-b072-73846da82a05@group-4E9C9B2AFBBA-LeaderElection1] INFO  impl.RoleInfo (RoleInfo.java:updateAndGet(143)) - 0d5b4e59-aa2f-4fe6-b072-73846da82a05: start LeaderState
2019-10-16 18:47:20,904 [pool-47-thread-1] INFO  server.RaftServerConfigKeys (ConfUtils.java:logGet(43)) - raft.server.log.statemachine.data.caching.enabled = true (custom)
2019-10-16 18:47:20,906 [pool-47-thread-1] INFO  segmented.SegmentedRaftLogWorker (SegmentedRaftLogWorker.java:lambda$new$0(128)) - 52bfa4dc-bcba-4693-b6e2-7f231a44b6db@group-650B45B72909-SegmentedRaftLogWorker: flushIndex: setUnconditionally 0 -> -1
2019-10-16 18:47:20,907 [pool-47-thread-1] INFO  server.RaftServerConfigKeys (ConfUtils.java:logGet(43)) - raft.server.snapshot.auto.trigger.enabled = true (custom)
2019-10-16 18:47:20,907 [pool-47-thread-1] INFO  server.RaftServerConfigKeys (ConfUtils.java:logGet(43)) - raft.server.snapshot.auto.trigger.threshold = 10000 (custom)
2019-10-16 18:47:20,907 [pool-47-thread-1] INFO  server.RaftServerConfigKeys (ConfUtils.java:logGet(43)) - raft.server.snapshot.retention.file.num = 5 (custom)
2019-10-16 18:47:20,907 [pool-47-thread-1] INFO  server.RaftServerConfigKeys (ConfUtils.java:logGet(43)) - raft.server.retrycache.expirytime = 600000ms (custom)
2019-10-16 18:47:20,914 [pool-47-thread-1] INFO  impl.RaftServerImpl (RaftServerImpl.java:start(195)) - 52bfa4dc-bcba-4693-b6e2-7f231a44b6db@group-650B45B72909: start as a follower, conf=-1: [52bfa4dc-bcba-4693-b6e2-7f231a44b6db:192.168.157.202:43025], old=null
2019-10-16 18:47:20,915 [pool-47-thread-1] INFO  impl.RaftServerImpl (RaftServerImpl.java:setRole(184)) - 52bfa4dc-bcba-4693-b6e2-7f231a44b6db@group-650B45B72909: changes role from      null to FOLLOWER at term 0 for startAsFollower
2019-10-16 18:47:20,915 [pool-47-thread-1] INFO  impl.RoleInfo (RoleInfo.java:updateAndGet(143)) - 52bfa4dc-bcba-4693-b6e2-7f231a44b6db: start FollowerState
2019-10-16 18:47:20,915 [pool-47-thread-1] INFO  util.JmxRegister (JmxRegister.java:tryRegister(44)) - Successfully registered JMX Bean with object name Ratis:service=RaftServer,group=group-650B45B72909,id=52bfa4dc-bcba-4693-b6e2-7f231a44b6db
2019-10-16 18:47:20,918 [c0368dd1-c4a9-4bcb-a2d2-6d6b66c0e12a@group-24C83DB14610-LeaderElection2] INFO  segmented.SegmentedRaftLogWorker (SegmentedRaftLogWorker.java:startLogSegment(385)) - c0368dd1-c4a9-4bcb-a2d2-6d6b66c0e12a@group-24C83DB14610-SegmentedRaftLogWorker: Starting segment from index:0
2019-10-16 18:47:20,918 [0d5b4e59-aa2f-4fe6-b072-73846da82a05@group-4E9C9B2AFBBA-LeaderElection1] INFO  segmented.SegmentedRaftLogWorker (SegmentedRaftLogWorker.java:startLogSegment(385)) - 0d5b4e59-aa2f-4fe6-b072-73846da82a05@group-4E9C9B2AFBBA-SegmentedRaftLogWorker: Starting segment from index:0
2019-10-16 18:47:20,928 [RatisPipelineUtilsThread] INFO  pipeline.PipelineStateManager (PipelineStateManager.java:addPipeline(56)) - Created pipeline Pipeline[ Id: 2f628aaf-9e31-4db5-8196-650b45b72909, Nodes: 52bfa4dc-bcba-4693-b6e2-7f231a44b6db{ip: 192.168.157.202, host: pr-hdds-2283-rsqnh-1472443098, networkLocation: /default-rack, certSerialId: null}, Type:RATIS, Factor:ONE, State:OPEN]
2019-10-16 18:47:20,931 [c0368dd1-c4a9-4bcb-a2d2-6d6b66c0e12a@group-24C83DB14610-LeaderElection2] INFO  impl.RaftServerImpl (ServerState.java:setRaftConf(357)) - c0368dd1-c4a9-4bcb-a2d2-6d6b66c0e12a@group-24C83DB14610: set configuration 0: [c0368dd1-c4a9-4bcb-a2d2-6d6b66c0e12a:192.168.157.202:44847], old=null at 0
2019-10-16 18:47:20,931 [0d5b4e59-aa2f-4fe6-b072-73846da82a05@group-4E9C9B2AFBBA-LeaderElection1] INFO  impl.RaftServerImpl (ServerState.java:setRaftConf(357)) - 0d5b4e59-aa2f-4fe6-b072-73846da82a05@group-4E9C9B2AFBBA: set configuration 0: [0d5b4e59-aa2f-4fe6-b072-73846da82a05:192.168.157.202:39744], old=null at 0
2019-10-16 18:47:20,955 [grpc-default-executor-1] INFO  impl.RaftServerProxy (RaftServerProxy.java:addNew(89)) - 52bfa4dc-bcba-4693-b6e2-7f231a44b6db: addNew group-753D53B6DDFB:[0d5b4e59-aa2f-4fe6-b072-73846da82a05:192.168.157.202:39744, 52bfa4dc-bcba-4693-b6e2-7f231a44b6db:192.168.157.202:43025, c0368dd1-c4a9-4bcb-a2d2-6d6b66c0e12a:192.168.157.202:44847] returns group-753D53B6DDFB:java.util.concurrent.CompletableFuture@18850a0b[Not completed]
2019-10-16 18:47:20,956 [grpc-default-executor-0] INFO  impl.RaftServerProxy (RaftServerProxy.java:addNew(89)) - c0368dd1-c4a9-4bcb-a2d2-6d6b66c0e12a: addNew group-753D53B6DDFB:[0d5b4e59-aa2f-4fe6-b072-73846da82a05:192.168.157.202:39744, 52bfa4dc-bcba-4693-b6e2-7f231a44b6db:192.168.157.202:43025, c0368dd1-c4a9-4bcb-a2d2-6d6b66c0e12a:192.168.157.202:44847] returns group-753D53B6DDFB:java.util.concurrent.CompletableFuture@5362bd62[Not completed]
2019-10-16 18:47:20,956 [grpc-default-executor-2] INFO  impl.RaftServerProxy (RaftServerProxy.java:addNew(89)) - 0d5b4e59-aa2f-4fe6-b072-73846da82a05: addNew group-753D53B6DDFB:[0d5b4e59-aa2f-4fe6-b072-73846da82a05:192.168.157.202:39744, 52bfa4dc-bcba-4693-b6e2-7f231a44b6db:192.168.157.202:43025, c0368dd1-c4a9-4bcb-a2d2-6d6b66c0e12a:192.168.157.202:44847] returns group-753D53B6DDFB:java.util.concurrent.CompletableFuture@591406c[Not completed]
2019-10-16 18:47:20,957 [pool-47-thread-1] INFO  impl.RaftServerImpl (RaftServerImpl.java:<init>(104)) - 52bfa4dc-bcba-4693-b6e2-7f231a44b6db: new RaftServerImpl for group-753D53B6DDFB:[0d5b4e59-aa2f-4fe6-b072-73846da82a05:192.168.157.202:39744, 52bfa4dc-bcba-4693-b6e2-7f231a44b6db:192.168.157.202:43025, c0368dd1-c4a9-4bcb-a2d2-6d6b66c0e12a:192.168.157.202:44847] with ContainerStateMachine:uninitialized
2019-10-16 18:47:20,957 [pool-47-thread-1] INFO  server.RaftServerConfigKeys (ConfUtils.java:logGet(43)) - raft.server.rpc.timeout.min = 5s (custom)
2019-10-16 18:47:20,957 [pool-47-thread-1] INFO  server.RaftServerConfigKeys (ConfUtils.java:logGet(43)) - raft.server.rpc.timeout.max = 5200ms (custom)
2019-10-16 18:47:20,958 [pool-47-thread-1] INFO  server.RaftServerConfigKeys (ConfUtils.java:logGet(43)) - raft.server.rpcslowness.timeout = 1000s (custom)
2019-10-16 18:47:20,958 [pool-47-thread-1] INFO  server.RaftServerConfigKeys (ConfUtils.java:logGet(43)) - raft.server.sleep.deviation.threshold = 300 (default)
2019-10-16 18:47:20,958 [pool-47-thread-1] INFO  server.RaftServerConfigKeys (ConfUtils.java:logGet(43)) - raft.server.log.appender.install.snapshot.enabled = false (custom)
2019-10-16 18:47:20,958 [pool-27-thread-1] INFO  impl.RaftServerImpl (RaftServerImpl.java:<init>(104)) - c0368dd1-c4a9-4bcb-a2d2-6d6b66c0e12a: new RaftServerImpl for group-753D53B6DDFB:[0d5b4e59-aa2f-4fe6-b072-73846da82a05:192.168.157.202:39744, 52bfa4dc-bcba-4693-b6e2-7f231a44b6db:192.168.157.202:43025, c0368dd1-c4a9-4bcb-a2d2-6d6b66c0e12a:192.168.157.202:44847] with ContainerStateMachine:uninitialized
2019-10-16 18:47:20,958 [pool-47-thread-1] INFO  impl.RaftServerImpl (ServerState.java:<init>(103)) - 52bfa4dc-bcba-4693-b6e2-7f231a44b6db@group-753D53B6DDFB: ConfigurationManager, init=-1: [0d5b4e59-aa2f-4fe6-b072-73846da82a05:192.168.157.202:39744, 52bfa4dc-bcba-4693-b6e2-7f231a44b6db:192.168.157.202:43025, c0368dd1-c4a9-4bcb-a2d2-6d6b66c0e12a:192.168.157.202:44847], old=null, confs=<EMPTY_MAP>
2019-10-16 18:47:20,958 [pool-27-thread-1] INFO  server.RaftServerConfigKeys (ConfUtils.java:logGet(43)) - raft.server.rpc.timeout.min = 5s (custom)
2019-10-16 18:47:20,958 [Thread-199] INFO  impl.FollowerState (FollowerState.java:run(108)) - 52bfa4dc-bcba-4693-b6e2-7f231a44b6db@group-650B45B72909-FollowerState: change to CANDIDATE, lastRpcTime:43ms, electionTimeout:43ms
2019-10-16 18:47:20,958 [pool-47-thread-1] INFO  server.RaftServerConfigKeys (ConfUtils.java:logGet(43)) - raft.server.storage.dir = [/workdir/hadoop-ozone/integration-test/target/test-dir/MiniOzoneClusterImpl-4345c778-bde4-42fc-980f-03f2a0663661/datanode-2/data/ratis] (custom)
2019-10-16 18:47:20,958 [pool-27-thread-1] INFO  server.RaftServerConfigKeys (ConfUtils.java:logGet(43)) - raft.server.rpc.timeout.max = 5200ms (custom)
2019-10-16 18:47:20,959 [Thread-199] INFO  impl.RoleInfo (RoleInfo.java:shutdownFollowerState(121)) - 52bfa4dc-bcba-4693-b6e2-7f231a44b6db: shutdown FollowerState
2019-10-16 18:47:20,959 [pool-37-thread-1] INFO  impl.RaftServerImpl (RaftServerImpl.java:<init>(104)) - 0d5b4e59-aa2f-4fe6-b072-73846da82a05: new RaftServerImpl for group-753D53B6DDFB:[0d5b4e59-aa2f-4fe6-b072-73846da82a05:192.168.157.202:39744, 52bfa4dc-bcba-4693-b6e2-7f231a44b6db:192.168.157.202:43025, c0368dd1-c4a9-4bcb-a2d2-6d6b66c0e12a:192.168.157.202:44847] with ContainerStateMachine:uninitialized
2019-10-16 18:47:20,959 [pool-27-thread-1] INFO  server.RaftServerConfigKeys (ConfUtils.java:logGet(43)) - raft.server.rpcslowness.timeout = 1000s (custom)
2019-10-16 18:47:20,959 [pool-47-thread-1] INFO  server.RaftServerConfigKeys (ConfUtils.java:logGet(43)) - raft.server.log.corruption.policy = EXCEPTION (default)
2019-10-16 18:47:20,959 [pool-37-thread-1] INFO  server.RaftServerConfigKeys (ConfUtils.java:logGet(43)) - raft.server.rpc.timeout.min = 5s (custom)
2019-10-16 18:47:20,959 [Thread-199] INFO  impl.RaftServerImpl (RaftServerImpl.java:setRole(184)) - 52bfa4dc-bcba-4693-b6e2-7f231a44b6db@group-650B45B72909: changes role from  FOLLOWER to CANDIDATE at term 0 for changeToCandidate
2019-10-16 18:47:20,959 [pool-37-thread-1] INFO  server.RaftServerConfigKeys (ConfUtils.java:logGet(43)) - raft.server.rpc.timeout.max = 5200ms (custom)
2019-10-16 18:47:20,959 [Thread-199] INFO  impl.RoleInfo (RoleInfo.java:updateAndGet(143)) - 52bfa4dc-bcba-4693-b6e2-7f231a44b6db: start LeaderElection
2019-10-16 18:47:20,959 [pool-47-thread-1] INFO  storage.RaftStorageDirectory (RaftStorageDirectory.java:analyzeStorage(246)) - The storage directory /workdir/hadoop-ozone/integration-test/target/test-dir/MiniOzoneClusterImpl-4345c778-bde4-42fc-980f-03f2a0663661/datanode-2/data/ratis/7043c0de-230d-480f-89cc-753d53b6ddfb does not exist. Creating ...
2019-10-16 18:47:20,959 [pool-27-thread-1] INFO  server.RaftServerConfigKeys (ConfUtils.java:logGet(43)) - raft.server.sleep.deviation.threshold = 300 (default)
2019-10-16 18:47:20,959 [pool-37-thread-1] INFO  server.RaftServerConfigKeys (ConfUtils.java:logGet(43)) - raft.server.rpcslowness.timeout = 1000s (custom)
2019-10-16 18:47:20,960 [pool-27-thread-1] INFO  server.RaftServerConfigKeys (ConfUtils.java:logGet(43)) - raft.server.log.appender.install.snapshot.enabled = false (custom)
2019-10-16 18:47:20,961 [pool-37-thread-1] INFO  server.RaftServerConfigKeys (ConfUtils.java:logGet(43)) - raft.server.sleep.deviation.threshold = 300 (default)
2019-10-16 18:47:20,961 [pool-27-thread-1] INFO  impl.RaftServerImpl (ServerState.java:<init>(103)) - c0368dd1-c4a9-4bcb-a2d2-6d6b66c0e12a@group-753D53B6DDFB: ConfigurationManager, init=-1: [0d5b4e59-aa2f-4fe6-b072-73846da82a05:192.168.157.202:39744, 52bfa4dc-bcba-4693-b6e2-7f231a44b6db:192.168.157.202:43025, c0368dd1-c4a9-4bcb-a2d2-6d6b66c0e12a:192.168.157.202:44847], old=null, confs=<EMPTY_MAP>
2019-10-16 18:47:20,961 [pool-37-thread-1] INFO  server.RaftServerConfigKeys (ConfUtils.java:logGet(43)) - raft.server.log.appender.install.snapshot.enabled = false (custom)
2019-10-16 18:47:20,961 [pool-37-thread-1] INFO  impl.RaftServerImpl (ServerState.java:<init>(103)) - 0d5b4e59-aa2f-4fe6-b072-73846da82a05@group-753D53B6DDFB: ConfigurationManager, init=-1: [0d5b4e59-aa2f-4fe6-b072-73846da82a05:192.168.157.202:39744, 52bfa4dc-bcba-4693-b6e2-7f231a44b6db:192.168.157.202:43025, c0368dd1-c4a9-4bcb-a2d2-6d6b66c0e12a:192.168.157.202:44847], old=null, confs=<EMPTY_MAP>
2019-10-16 18:47:20,961 [pool-27-thread-1] INFO  server.RaftServerConfigKeys (ConfUtils.java:logGet(43)) - raft.server.storage.dir = [/workdir/hadoop-ozone/integration-test/target/test-dir/MiniOzoneClusterImpl-4345c778-bde4-42fc-980f-03f2a0663661/datanode-0/data/ratis] (custom)
2019-10-16 18:47:20,962 [pool-37-thread-1] INFO  server.RaftServerConfigKeys (ConfUtils.java:logGet(43)) - raft.server.storage.dir = [/workdir/hadoop-ozone/integration-test/target/test-dir/MiniOzoneClusterImpl-4345c778-bde4-42fc-980f-03f2a0663661/datanode-1/data/ratis] (custom)
2019-10-16 18:47:20,962 [pool-37-thread-1] INFO  server.RaftServerConfigKeys (ConfUtils.java:logGet(43)) - raft.server.log.corruption.policy = EXCEPTION (default)
2019-10-16 18:47:20,962 [pool-27-thread-1] INFO  server.RaftServerConfigKeys (ConfUtils.java:logGet(43)) - raft.server.log.corruption.policy = EXCEPTION (default)
2019-10-16 18:47:20,962 [pool-37-thread-1] INFO  storage.RaftStorageDirectory (RaftStorageDirectory.java:analyzeStorage(246)) - The storage directory /workdir/hadoop-ozone/integration-test/target/test-dir/MiniOzoneClusterImpl-4345c778-bde4-42fc-980f-03f2a0663661/datanode-1/data/ratis/7043c0de-230d-480f-89cc-753d53b6ddfb does not exist. Creating ...
2019-10-16 18:47:20,962 [pool-27-thread-1] INFO  storage.RaftStorageDirectory (RaftStorageDirectory.java:analyzeStorage(246)) - The storage directory /workdir/hadoop-ozone/integration-test/target/test-dir/MiniOzoneClusterImpl-4345c778-bde4-42fc-980f-03f2a0663661/datanode-0/data/ratis/7043c0de-230d-480f-89cc-753d53b6ddfb does not exist. Creating ...
2019-10-16 18:47:20,990 [pool-47-thread-1] INFO  storage.RaftStorageDirectory (RaftStorageDirectory.java:tryLock(328)) - Lock on /workdir/hadoop-ozone/integration-test/target/test-dir/MiniOzoneClusterImpl-4345c778-bde4-42fc-980f-03f2a0663661/datanode-2/data/ratis/7043c0de-230d-480f-89cc-753d53b6ddfb/in_use.lock acquired by nodename 30109@pr-hdds-2283-rsqnh-1472443098
2019-10-16 18:47:20,990 [pool-37-thread-1] INFO  storage.RaftStorageDirectory (RaftStorageDirectory.java:tryLock(328)) - Lock on /workdir/hadoop-ozone/integration-test/target/test-dir/MiniOzoneClusterImpl-4345c778-bde4-42fc-980f-03f2a0663661/datanode-1/data/ratis/7043c0de-230d-480f-89cc-753d53b6ddfb/in_use.lock acquired by nodename 30109@pr-hdds-2283-rsqnh-1472443098
2019-10-16 18:47:20,990 [pool-27-thread-1] INFO  storage.RaftStorageDirectory (RaftStorageDirectory.java:tryLock(328)) - Lock on /workdir/hadoop-ozone/integration-test/target/test-dir/MiniOzoneClusterImpl-4345c778-bde4-42fc-980f-03f2a0663661/datanode-0/data/ratis/7043c0de-230d-480f-89cc-753d53b6ddfb/in_use.lock acquired by nodename 30109@pr-hdds-2283-rsqnh-1472443098
2019-10-16 18:47:20,990 [52bfa4dc-bcba-4693-b6e2-7f231a44b6db@group-650B45B72909-LeaderElection3] INFO  impl.LeaderElection (LeaderElection.java:askForVotes(178)) - 52bfa4dc-bcba-4693-b6e2-7f231a44b6db@group-650B45B72909-LeaderElection3: begin an election at term 1 for -1: [52bfa4dc-bcba-4693-b6e2-7f231a44b6db:192.168.157.202:43025], old=null
2019-10-16 18:47:20,991 [52bfa4dc-bcba-4693-b6e2-7f231a44b6db@group-650B45B72909-LeaderElection3] INFO  impl.RoleInfo (RoleInfo.java:shutdownLeaderElection(134)) - 52bfa4dc-bcba-4693-b6e2-7f231a44b6db: shutdown LeaderElection
2019-10-16 18:47:20,991 [52bfa4dc-bcba-4693-b6e2-7f231a44b6db@group-650B45B72909-LeaderElection3] INFO  impl.RaftServerImpl (RaftServerImpl.java:setRole(184)) - 52bfa4dc-bcba-4693-b6e2-7f231a44b6db@group-650B45B72909: changes role from CANDIDATE to LEADER at term 1 for changeToLeader
2019-10-16 18:47:20,991 [52bfa4dc-bcba-4693-b6e2-7f231a44b6db@group-650B45B72909-LeaderElection3] INFO  impl.RaftServerImpl (ServerState.java:setLeader(256)) - 52bfa4dc-bcba-4693-b6e2-7f231a44b6db@group-650B45B72909: change Leader from null to 52bfa4dc-bcba-4693-b6e2-7f231a44b6db at term 1 for becomeLeader, leader elected after 96ms
2019-10-16 18:47:20,991 [52bfa4dc-bcba-4693-b6e2-7f231a44b6db@group-650B45B72909-LeaderElection3] INFO  server.RaftServerConfigKeys (ConfUtils.java:logGet(43)) - raft.server.staging.catchup.gap = 1000 (default)
2019-10-16 18:47:20,991 [52bfa4dc-bcba-4693-b6e2-7f231a44b6db@group-650B45B72909-LeaderElection3] INFO  server.RaftServerConfigKeys (ConfUtils.java:logGet(43)) - raft.server.rpc.sleep.time = 25ms (default)
2019-10-16 18:47:20,991 [52bfa4dc-bcba-4693-b6e2-7f231a44b6db@group-650B45B72909-LeaderElection3] INFO  server.RaftServerConfigKeys (ConfUtils.java:logGet(43)) - raft.server.write.element-limit = 4096 (default)
2019-10-16 18:47:20,992 [52bfa4dc-bcba-4693-b6e2-7f231a44b6db@group-650B45B72909-LeaderElection3] INFO  server.RaftServerConfigKeys (ConfUtils.java:logGet(43)) - raft.server.watch.timeout = 10s (default)
2019-10-16 18:47:20,992 [52bfa4dc-bcba-4693-b6e2-7f231a44b6db@group-650B45B72909-LeaderElection3] INFO  server.RaftServerConfigKeys (ConfUtils.java:logGet(43)) - raft.server.watch.timeout.denomination = 1s (default)
2019-10-16 18:47:20,992 [52bfa4dc-bcba-4693-b6e2-7f231a44b6db@group-650B45B72909-LeaderElection3] INFO  server.RaftServerConfigKeys (ConfUtils.java:logGet(43)) - raft.server.watch.element-limit = 65536 (default)
2019-10-16 18:47:20,994 [52bfa4dc-bcba-4693-b6e2-7f231a44b6db@group-650B45B72909-LeaderElection3] INFO  impl.RoleInfo (RoleInfo.java:updateAndGet(143)) - 52bfa4dc-bcba-4693-b6e2-7f231a44b6db: start LeaderState
2019-10-16 18:47:20,994 [52bfa4dc-bcba-4693-b6e2-7f231a44b6db@group-650B45B72909-LeaderElection3] INFO  segmented.SegmentedRaftLogWorker (SegmentedRaftLogWorker.java:startLogSegment(385)) - 52bfa4dc-bcba-4693-b6e2-7f231a44b6db@group-650B45B72909-SegmentedRaftLogWorker: Starting segment from index:0
2019-10-16 18:47:20,994 [52bfa4dc-bcba-4693-b6e2-7f231a44b6db@group-650B45B72909-LeaderElection3] INFO  impl.RaftServerImpl (ServerState.java:setRaftConf(357)) - 52bfa4dc-bcba-4693-b6e2-7f231a44b6db@group-650B45B72909: set configuration 0: [52bfa4dc-bcba-4693-b6e2-7f231a44b6db:192.168.157.202:43025], old=null at 0
2019-10-16 18:47:20,997 [pool-27-thread-1] INFO  storage.RaftStorage (RaftStorage.java:format(84)) - Storage directory /workdir/hadoop-ozone/integration-test/target/test-dir/MiniOzoneClusterImpl-4345c778-bde4-42fc-980f-03f2a0663661/datanode-0/data/ratis/7043c0de-230d-480f-89cc-753d53b6ddfb has been successfully formatted.
2019-10-16 18:47:20,997 [pool-47-thread-1] INFO  storage.RaftStorage (RaftStorage.java:format(84)) - Storage directory /workdir/hadoop-ozone/integration-test/target/test-dir/MiniOzoneClusterImpl-4345c778-bde4-42fc-980f-03f2a0663661/datanode-2/data/ratis/7043c0de-230d-480f-89cc-753d53b6ddfb has been successfully formatted.
2019-10-16 18:47:20,997 [pool-37-thread-1] INFO  storage.RaftStorage (RaftStorage.java:format(84)) - Storage directory /workdir/hadoop-ozone/integration-test/target/test-dir/MiniOzoneClusterImpl-4345c778-bde4-42fc-980f-03f2a0663661/datanode-1/data/ratis/7043c0de-230d-480f-89cc-753d53b6ddfb has been successfully formatted.
2019-10-16 18:47:20,997 [pool-47-thread-1] INFO  ratis.ContainerStateMachine (ContainerStateMachine.java:loadSnapshot(231)) - group-753D53B6DDFB: The snapshot info is null. Setting the last applied indexto:(t:0, i:~)
2019-10-16 18:47:20,997 [pool-27-thread-1] INFO  ratis.ContainerStateMachine (ContainerStateMachine.java:loadSnapshot(231)) - group-753D53B6DDFB: The snapshot info is null. Setting the last applied indexto:(t:0, i:~)
2019-10-16 18:47:20,997 [pool-47-thread-1] INFO  server.RaftServerConfigKeys (ConfUtils.java:logGet(43)) - raft.server.notification.no-leader.timeout = 1000s (custom)
2019-10-16 18:47:20,997 [pool-37-thread-1] INFO  ratis.ContainerStateMachine (ContainerStateMachine.java:loadSnapshot(231)) - group-753D53B6DDFB: The snapshot info is null. Setting the last applied indexto:(t:0, i:~)
2019-10-16 18:47:20,997 [pool-47-thread-1] INFO  server.RaftServerConfigKeys (ConfUtils.java:logGet(43)) - raft.server.log.use.memory = false (default)
2019-10-16 18:47:20,997 [pool-27-thread-1] INFO  server.RaftServerConfigKeys (ConfUtils.java:logGet(43)) - raft.server.notification.no-leader.timeout = 1000s (custom)
2019-10-16 18:47:20,997 [pool-47-thread-1] INFO  server.RaftServerConfigKeys (ConfUtils.java:logGet(43)) - raft.server.log.purge.gap = 1000000 (custom)
2019-10-16 18:47:20,997 [pool-37-thread-1] INFO  server.RaftServerConfigKeys (ConfUtils.java:logGet(43)) - raft.server.notification.no-leader.timeout = 1000s (custom)
2019-10-16 18:47:20,998 [pool-47-thread-1] INFO  server.RaftServerConfigKeys (ConfUtils.java:logGet(43)) - raft.server.log.appender.buffer.byte-limit = 33554432 (custom)
2019-10-16 18:47:20,998 [pool-27-thread-1] INFO  server.RaftServerConfigKeys (ConfUtils.java:logGet(43)) - raft.server.log.use.memory = false (default)
2019-10-16 18:47:20,998 [pool-47-thread-1] INFO  server.RaftServerConfigKeys (ConfUtils.java:logGet(43)) - raft.server.log.segment.size.max = 1048576 (custom)
2019-10-16 18:47:20,998 [pool-37-thread-1] INFO  server.RaftServerConfigKeys (ConfUtils.java:logGet(43)) - raft.server.log.use.memory = false (default)
2019-10-16 18:47:20,998 [pool-47-thread-1] INFO  server.RaftServerConfigKeys (ConfUtils.java:logGet(43)) - raft.server.log.segment.cache.num.max = 2 (custom)
2019-10-16 18:47:20,998 [pool-27-thread-1] INFO  server.RaftServerConfigKeys (ConfUtils.java:logGet(43)) - raft.server.log.purge.gap = 1000000 (custom)
2019-10-16 18:47:20,998 [pool-47-thread-1] INFO  segmented.SegmentedRaftLogWorker (SegmentedRaftLogWorker.java:<init>(173)) - new 52bfa4dc-bcba-4693-b6e2-7f231a44b6db@group-753D53B6DDFB-SegmentedRaftLogWorker for RaftStorage:Storage Directory /workdir/hadoop-ozone/integration-test/target/test-dir/MiniOzoneClusterImpl-4345c778-bde4-42fc-980f-03f2a0663661/datanode-2/data/ratis/7043c0de-230d-480f-89cc-753d53b6ddfb
2019-10-16 18:47:20,998 [pool-37-thread-1] INFO  server.RaftServerConfigKeys (ConfUtils.java:logGet(43)) - raft.server.log.purge.gap = 1000000 (custom)
2019-10-16 18:47:20,998 [pool-47-thread-1] INFO  server.RaftServerConfigKeys (ConfUtils.java:logGet(43)) - raft.server.log.queue.byte-limit = 2147483647 (custom)
2019-10-16 18:47:20,998 [pool-27-thread-1] INFO  server.RaftServerConfigKeys (ConfUtils.java:logGet(43)) - raft.server.log.appender.buffer.byte-limit = 33554432 (custom)
2019-10-16 18:47:20,999 [pool-47-thread-1] INFO  server.RaftServerConfigKeys (ConfUtils.java:logGet(43)) - raft.server.log.queue.element-limit = 1024 (custom)
2019-10-16 18:47:20,999 [pool-37-thread-1] INFO  server.RaftServerConfigKeys (ConfUtils.java:logGet(43)) - raft.server.log.appender.buffer.byte-limit = 33554432 (custom)
2019-10-16 18:47:20,999 [pool-47-thread-1] INFO  server.RaftServerConfigKeys (ConfUtils.java:logGet(43)) - raft.server.log.segment.size.max = 1048576 (custom)
2019-10-16 18:47:20,999 [pool-27-thread-1] INFO  server.RaftServerConfigKeys (ConfUtils.java:logGet(43)) - raft.server.log.segment.size.max = 1048576 (custom)
2019-10-16 18:47:20,999 [pool-47-thread-1] INFO  server.RaftServerConfigKeys (ConfUtils.java:logGet(43)) - raft.server.log.preallocated.size = 16384 (custom)
2019-10-16 18:47:20,999 [pool-37-thread-1] INFO  server.RaftServerConfigKeys (ConfUtils.java:logGet(43)) - raft.server.log.segment.size.max = 1048576 (custom)
2019-10-16 18:47:20,999 [pool-47-thread-1] INFO  server.RaftServerConfigKeys (ConfUtils.java:logGet(43)) - raft.server.log.write.buffer.size = 33554432 (custom)
2019-10-16 18:47:20,999 [pool-37-thread-1] INFO  server.RaftServerConfigKeys (ConfUtils.java:logGet(43)) - raft.server.log.segment.cache.num.max = 2 (custom)
2019-10-16 18:47:20,999 [pool-27-thread-1] INFO  server.RaftServerConfigKeys (ConfUtils.java:logGet(43)) - raft.server.log.segment.cache.num.max = 2 (custom)
2019-10-16 18:47:21,000 [pool-37-thread-1] INFO  segmented.SegmentedRaftLogWorker (SegmentedRaftLogWorker.java:<init>(173)) - new 0d5b4e59-aa2f-4fe6-b072-73846da82a05@group-753D53B6DDFB-SegmentedRaftLogWorker for RaftStorage:Storage Directory /workdir/hadoop-ozone/integration-test/target/test-dir/MiniOzoneClusterImpl-4345c778-bde4-42fc-980f-03f2a0663661/datanode-1/data/ratis/7043c0de-230d-480f-89cc-753d53b6ddfb
2019-10-16 18:47:20,999 [pool-47-thread-1] INFO  server.RaftServerConfigKeys (ConfUtils.java:logGet(43)) - raft.server.log.force.sync.num = 128 (default)
2019-10-16 18:47:21,000 [pool-37-thread-1] INFO  server.RaftServerConfigKeys (ConfUtils.java:logGet(43)) - raft.server.log.queue.byte-limit = 2147483647 (custom)
2019-10-16 18:47:21,000 [pool-27-thread-1] INFO  segmented.SegmentedRaftLogWorker (SegmentedRaftLogWorker.java:<init>(173)) - new c0368dd1-c4a9-4bcb-a2d2-6d6b66c0e12a@group-753D53B6DDFB-SegmentedRaftLogWorker for RaftStorage:Storage Directory /workdir/hadoop-ozone/integration-test/target/test-dir/MiniOzoneClusterImpl-4345c778-bde4-42fc-980f-03f2a0663661/datanode-0/data/ratis/7043c0de-230d-480f-89cc-753d53b6ddfb
2019-10-16 18:47:21,000 [pool-37-thread-1] INFO  server.RaftServerConfigKeys (ConfUtils.java:logGet(43)) - raft.server.log.queue.element-limit = 1024 (custom)
2019-10-16 18:47:21,000 [pool-47-thread-1] INFO  server.RaftServerConfigKeys (ConfUtils.java:logGet(43)) - raft.server.log.statemachine.data.sync = true (default)
2019-10-16 18:47:21,000 [pool-37-thread-1] INFO  server.RaftServerConfigKeys (ConfUtils.java:logGet(43)) - raft.server.log.segment.size.max = 1048576 (custom)
2019-10-16 18:47:21,000 [pool-27-thread-1] INFO  server.RaftServerConfigKeys (ConfUtils.java:logGet(43)) - raft.server.log.queue.byte-limit = 2147483647 (custom)
2019-10-16 18:47:21,001 [pool-37-thread-1] INFO  server.RaftServerConfigKeys (ConfUtils.java:logGet(43)) - raft.server.log.preallocated.size = 16384 (custom)
2019-10-16 18:47:21,000 [pool-47-thread-1] INFO  server.RaftServerConfigKeys (ConfUtils.java:logGet(43)) - raft.server.log.statemachine.data.sync.timeout = 10s (default)
2019-10-16 18:47:21,001 [pool-37-thread-1] INFO  server.RaftServerConfigKeys (ConfUtils.java:logGet(43)) - raft.server.log.write.buffer.size = 33554432 (custom)
2019-10-16 18:47:21,001 [pool-27-thread-1] INFO  server.RaftServerConfigKeys (ConfUtils.java:logGet(43)) - raft.server.log.queue.element-limit = 1024 (custom)
2019-10-16 18:47:21,001 [pool-37-thread-1] INFO  server.RaftServerConfigKeys (ConfUtils.java:logGet(43)) - raft.server.log.force.sync.num = 128 (default)
2019-10-16 18:47:21,001 [pool-47-thread-1] INFO  server.RaftServerConfigKeys (ConfUtils.java:logGet(43)) - raft.server.log.statemachine.data.sync.timeout.retry = -1 (default)
2019-10-16 18:47:21,001 [pool-37-thread-1] INFO  server.RaftServerConfigKeys (ConfUtils.java:logGet(43)) - raft.server.log.statemachine.data.sync = true (default)
2019-10-16 18:47:21,001 [pool-27-thread-1] INFO  server.RaftServerConfigKeys (ConfUtils.java:logGet(43)) - raft.server.log.segment.size.max = 1048576 (custom)
2019-10-16 18:47:21,001 [pool-37-thread-1] INFO  server.RaftServerConfigKeys (ConfUtils.java:logGet(43)) - raft.server.log.statemachine.data.sync.timeout = 10s (default)
2019-10-16 18:47:21,001 [pool-47-thread-1] INFO  server.RaftServerConfigKeys (ConfUtils.java:logGet(43)) - raft.server.log.statemachine.data.caching.enabled = true (custom)
2019-10-16 18:47:21,002 [pool-37-thread-1] INFO  server.RaftServerConfigKeys (ConfUtils.java:logGet(43)) - raft.server.log.statemachine.data.sync.timeout.retry = -1 (default)
2019-10-16 18:47:21,001 [pool-27-thread-1] INFO  server.RaftServerConfigKeys (ConfUtils.java:logGet(43)) - raft.server.log.preallocated.size = 16384 (custom)
2019-10-16 18:47:21,002 [pool-47-thread-1] INFO  segmented.SegmentedRaftLogWorker (SegmentedRaftLogWorker.java:lambda$new$0(128)) - 52bfa4dc-bcba-4693-b6e2-7f231a44b6db@group-753D53B6DDFB-SegmentedRaftLogWorker: flushIndex: setUnconditionally 0 -> -1
2019-10-16 18:47:21,002 [pool-27-thread-1] INFO  server.RaftServerConfigKeys (ConfUtils.java:logGet(43)) - raft.server.log.write.buffer.size = 33554432 (custom)
2019-10-16 18:47:21,002 [pool-37-thread-1] INFO  server.RaftServerConfigKeys (ConfUtils.java:logGet(43)) - raft.server.log.statemachine.data.caching.enabled = true (custom)
2019-10-16 18:47:21,002 [pool-47-thread-1] INFO  server.RaftServerConfigKeys (ConfUtils.java:logGet(43)) - raft.server.snapshot.auto.trigger.enabled = true (custom)
2019-10-16 18:47:21,002 [pool-27-thread-1] INFO  server.RaftServerConfigKeys (ConfUtils.java:logGet(43)) - raft.server.log.force.sync.num = 128 (default)
2019-10-16 18:47:21,003 [pool-47-thread-1] INFO  server.RaftServerConfigKeys (ConfUtils.java:logGet(43)) - raft.server.snapshot.auto.trigger.threshold = 10000 (custom)
2019-10-16 18:47:21,003 [pool-37-thread-1] INFO  segmented.SegmentedRaftLogWorker (SegmentedRaftLogWorker.java:lambda$new$0(128)) - 0d5b4e59-aa2f-4fe6-b072-73846da82a05@group-753D53B6DDFB-SegmentedRaftLogWorker: flushIndex: setUnconditionally 0 -> -1
2019-10-16 18:47:21,003 [pool-27-thread-1] INFO  server.RaftServerConfigKeys (ConfUtils.java:logGet(43)) - raft.server.log.statemachine.data.sync = true (default)
2019-10-16 18:47:21,003 [pool-47-thread-1] INFO  server.RaftServerConfigKeys (ConfUtils.java:logGet(43)) - raft.server.snapshot.retention.file.num = 5 (custom)
2019-10-16 18:47:21,003 [pool-37-thread-1] INFO  server.RaftServerConfigKeys (ConfUtils.java:logGet(43)) - raft.server.snapshot.auto.trigger.enabled = true (custom)
2019-10-16 18:47:21,003 [pool-27-thread-1] INFO  server.RaftServerConfigKeys (ConfUtils.java:logGet(43)) - raft.server.log.statemachine.data.sync.timeout = 10s (default)
2019-10-16 18:47:21,003 [pool-37-thread-1] INFO  server.RaftServerConfigKeys (ConfUtils.java:logGet(43)) - raft.server.snapshot.auto.trigger.threshold = 10000 (custom)
2019-10-16 18:47:21,003 [pool-47-thread-1] INFO  server.RaftServerConfigKeys (ConfUtils.java:logGet(43)) - raft.server.retrycache.expirytime = 600000ms (custom)
2019-10-16 18:47:21,003 [pool-37-thread-1] INFO  server.RaftServerConfigKeys (ConfUtils.java:logGet(43)) - raft.server.snapshot.retention.file.num = 5 (custom)
2019-10-16 18:47:21,003 [pool-27-thread-1] INFO  server.RaftServerConfigKeys (ConfUtils.java:logGet(43)) - raft.server.log.statemachine.data.sync.timeout.retry = -1 (default)
2019-10-16 18:47:21,004 [pool-37-thread-1] INFO  server.RaftServerConfigKeys (ConfUtils.java:logGet(43)) - raft.server.retrycache.expirytime = 600000ms (custom)
2019-10-16 18:47:21,004 [pool-27-thread-1] INFO  server.RaftServerConfigKeys (ConfUtils.java:logGet(43)) - raft.server.log.statemachine.data.caching.enabled = true (custom)
2019-10-16 18:47:21,004 [pool-27-thread-1] INFO  segmented.SegmentedRaftLogWorker (SegmentedRaftLogWorker.java:lambda$new$0(128)) - c0368dd1-c4a9-4bcb-a2d2-6d6b66c0e12a@group-753D53B6DDFB-SegmentedRaftLogWorker: flushIndex: setUnconditionally 0 -> -1
2019-10-16 18:47:21,004 [pool-27-thread-1] INFO  server.RaftServerConfigKeys (ConfUtils.java:logGet(43)) - raft.server.snapshot.auto.trigger.enabled = true (custom)
2019-10-16 18:47:21,004 [pool-27-thread-1] INFO  server.RaftServerConfigKeys (ConfUtils.java:logGet(43)) - raft.server.snapshot.auto.trigger.threshold = 10000 (custom)
2019-10-16 18:47:21,005 [pool-27-thread-1] INFO  server.RaftServerConfigKeys (ConfUtils.java:logGet(43)) - raft.server.snapshot.retention.file.num = 5 (custom)
2019-10-16 18:47:21,005 [pool-27-thread-1] INFO  server.RaftServerConfigKeys (ConfUtils.java:logGet(43)) - raft.server.retrycache.expirytime = 600000ms (custom)
2019-10-16 18:47:21,005 [pool-47-thread-1] INFO  impl.RaftServerImpl (RaftServerImpl.java:start(195)) - 52bfa4dc-bcba-4693-b6e2-7f231a44b6db@group-753D53B6DDFB: start as a follower, conf=-1: [0d5b4e59-aa2f-4fe6-b072-73846da82a05:192.168.157.202:39744, 52bfa4dc-bcba-4693-b6e2-7f231a44b6db:192.168.157.202:43025, c0368dd1-c4a9-4bcb-a2d2-6d6b66c0e12a:192.168.157.202:44847], old=null
2019-10-16 18:47:21,005 [pool-47-thread-1] INFO  impl.RaftServerImpl (RaftServerImpl.java:setRole(184)) - 52bfa4dc-bcba-4693-b6e2-7f231a44b6db@group-753D53B6DDFB: changes role from      null to FOLLOWER at term 0 for startAsFollower
2019-10-16 18:47:21,006 [pool-47-thread-1] INFO  impl.RoleInfo (RoleInfo.java:updateAndGet(143)) - 52bfa4dc-bcba-4693-b6e2-7f231a44b6db: start FollowerState
2019-10-16 18:47:21,006 [pool-47-thread-1] INFO  util.JmxRegister (JmxRegister.java:tryRegister(44)) - Successfully registered JMX Bean with object name Ratis:service=RaftServer,group=group-753D53B6DDFB,id=52bfa4dc-bcba-4693-b6e2-7f231a44b6db
2019-10-16 18:47:21,008 [pool-37-thread-1] INFO  impl.RaftServerImpl (RaftServerImpl.java:start(195)) - 0d5b4e59-aa2f-4fe6-b072-73846da82a05@group-753D53B6DDFB: start as a follower, conf=-1: [0d5b4e59-aa2f-4fe6-b072-73846da82a05:192.168.157.202:39744, 52bfa4dc-bcba-4693-b6e2-7f231a44b6db:192.168.157.202:43025, c0368dd1-c4a9-4bcb-a2d2-6d6b66c0e12a:192.168.157.202:44847], old=null
2019-10-16 18:47:21,008 [pool-37-thread-1] INFO  impl.RaftServerImpl (RaftServerImpl.java:setRole(184)) - 0d5b4e59-aa2f-4fe6-b072-73846da82a05@group-753D53B6DDFB: changes role from      null to FOLLOWER at term 0 for startAsFollower
2019-10-16 18:47:21,008 [pool-27-thread-1] INFO  impl.RaftServerImpl (RaftServerImpl.java:start(195)) - c0368dd1-c4a9-4bcb-a2d2-6d6b66c0e12a@group-753D53B6DDFB: start as a follower, conf=-1: [0d5b4e59-aa2f-4fe6-b072-73846da82a05:192.168.157.202:39744, 52bfa4dc-bcba-4693-b6e2-7f231a44b6db:192.168.157.202:43025, c0368dd1-c4a9-4bcb-a2d2-6d6b66c0e12a:192.168.157.202:44847], old=null
2019-10-16 18:47:21,008 [pool-37-thread-1] INFO  impl.RoleInfo (RoleInfo.java:updateAndGet(143)) - 0d5b4e59-aa2f-4fe6-b072-73846da82a05: start FollowerState
2019-10-16 18:47:21,008 [pool-37-thread-1] INFO  util.JmxRegister (JmxRegister.java:tryRegister(44)) - Successfully registered JMX Bean with object name Ratis:service=RaftServer,group=group-753D53B6DDFB,id=0d5b4e59-aa2f-4fe6-b072-73846da82a05
2019-10-16 18:47:21,009 [Thread-206] INFO  impl.FollowerState (FollowerState.java:run(108)) - 52bfa4dc-bcba-4693-b6e2-7f231a44b6db@group-753D53B6DDFB-FollowerState: change to CANDIDATE, lastRpcTime:3ms, electionTimeout:3ms
2019-10-16 18:47:21,009 [Thread-206] INFO  impl.RoleInfo (RoleInfo.java:shutdownFollowerState(121)) - 52bfa4dc-bcba-4693-b6e2-7f231a44b6db: shutdown FollowerState
2019-10-16 18:47:21,009 [Thread-206] INFO  impl.RaftServerImpl (RaftServerImpl.java:setRole(184)) - 52bfa4dc-bcba-4693-b6e2-7f231a44b6db@group-753D53B6DDFB: changes role from  FOLLOWER to CANDIDATE at term 0 for changeToCandidate
2019-10-16 18:47:21,009 [Thread-206] INFO  impl.RoleInfo (RoleInfo.java:updateAndGet(143)) - 52bfa4dc-bcba-4693-b6e2-7f231a44b6db: start LeaderElection
2019-10-16 18:47:21,008 [pool-27-thread-1] INFO  impl.RaftServerImpl (RaftServerImpl.java:setRole(184)) - c0368dd1-c4a9-4bcb-a2d2-6d6b66c0e12a@group-753D53B6DDFB: changes role from      null to FOLLOWER at term 0 for startAsFollower
2019-10-16 18:47:21,010 [pool-27-thread-1] INFO  impl.RoleInfo (RoleInfo.java:updateAndGet(143)) - c0368dd1-c4a9-4bcb-a2d2-6d6b66c0e12a: start FollowerState
2019-10-16 18:47:21,011 [pool-27-thread-1] INFO  util.JmxRegister (JmxRegister.java:tryRegister(44)) - Successfully registered JMX Bean with object name Ratis:service=RaftServer,group=group-753D53B6DDFB,id=c0368dd1-c4a9-4bcb-a2d2-6d6b66c0e12a
2019-10-16 18:47:21,021 [52bfa4dc-bcba-4693-b6e2-7f231a44b6db@group-753D53B6DDFB-LeaderElection4] INFO  impl.LeaderElection (LeaderElection.java:askForVotes(178)) - 52bfa4dc-bcba-4693-b6e2-7f231a44b6db@group-753D53B6DDFB-LeaderElection4: begin an election at term 1 for -1: [0d5b4e59-aa2f-4fe6-b072-73846da82a05:192.168.157.202:39744, 52bfa4dc-bcba-4693-b6e2-7f231a44b6db:192.168.157.202:43025, c0368dd1-c4a9-4bcb-a2d2-6d6b66c0e12a:192.168.157.202:44847], old=null
2019-10-16 18:47:21,026 [RatisPipelineUtilsThread] INFO  pipeline.PipelineStateManager (PipelineStateManager.java:addPipeline(56)) - Created pipeline Pipeline[ Id: 7043c0de-230d-480f-89cc-753d53b6ddfb, Nodes: 0d5b4e59-aa2f-4fe6-b072-73846da82a05{ip: 192.168.157.202, host: pr-hdds-2283-rsqnh-1472443098, networkLocation: /default-rack, certSerialId: null}52bfa4dc-bcba-4693-b6e2-7f231a44b6db{ip: 192.168.157.202, host: pr-hdds-2283-rsqnh-1472443098, networkLocation: /default-rack, certSerialId: null}c0368dd1-c4a9-4bcb-a2d2-6d6b66c0e12a{ip: 192.168.157.202, host: pr-hdds-2283-rsqnh-1472443098, networkLocation: /default-rack, certSerialId: null}, Type:RATIS, Factor:THREE, State:OPEN]
2019-10-16 18:47:21,029 [IPC Server handler 0 on 36724] WARN  block.BlockManagerImpl (BlockManagerImpl.java:allocateBlock(200)) - Pipeline creation failed for type:RATIS factor:THREE. Retrying get pipelines call once.
org.apache.hadoop.hdds.scm.pipeline.InsufficientDatanodesException: Cannot create pipeline of factor 3 using 0 nodes.
	at org.apache.hadoop.hdds.scm.pipeline.RatisPipelineProvider.create(RatisPipelineProvider.java:153)
	at org.apache.hadoop.hdds.scm.pipeline.PipelineFactory.create(PipelineFactory.java:58)
	at org.apache.hadoop.hdds.scm.pipeline.SCMPipelineManager.createPipeline(SCMPipelineManager.java:155)
	at org.apache.hadoop.hdds.scm.block.BlockManagerImpl.allocateBlock(BlockManagerImpl.java:198)
	at org.apache.hadoop.hdds.scm.server.SCMBlockProtocolServer.allocateBlock(SCMBlockProtocolServer.java:182)
	at org.apache.hadoop.hdds.scm.protocol.ScmBlockLocationProtocolServerSideTranslatorPB.allocateScmBlock(ScmBlockLocationProtocolServerSideTranslatorPB.java:159)
	at org.apache.hadoop.hdds.scm.protocol.ScmBlockLocationProtocolServerSideTranslatorPB.processMessage(ScmBlockLocationProtocolServerSideTranslatorPB.java:117)
	at org.apache.hadoop.hdds.server.OzoneProtocolMessageDispatcher.processRequest(OzoneProtocolMessageDispatcher.java:72)
	at org.apache.hadoop.hdds.scm.protocol.ScmBlockLocationProtocolServerSideTranslatorPB.send(ScmBlockLocationProtocolServerSideTranslatorPB.java:98)
	at org.apache.hadoop.hdds.protocol.proto.ScmBlockLocationProtocolProtos$ScmBlockLocationProtocolService$2.callBlockingMethod(ScmBlockLocationProtocolProtos.java:13157)
	at org.apache.hadoop.ipc.ProtobufRpcEngine$Server$ProtoBufRpcInvoker.call(ProtobufRpcEngine.java:524)
	at org.apache.hadoop.ipc.RPC$Server.call(RPC.java:1025)
	at org.apache.hadoop.ipc.Server$RpcCall.run(Server.java:876)
	at org.apache.hadoop.ipc.Server$RpcCall.run(Server.java:822)
	at java.security.AccessController.doPrivileged(Native Method)
	at javax.security.auth.Subject.doAs(Subject.java:422)
	at org.apache.hadoop.security.UserGroupInformation.doAs(UserGroupInformation.java:1730)
	at org.apache.hadoop.ipc.Server$Handler.run(Server.java:2682)
2019-10-16 18:47:21,050 [grpc-default-executor-2] INFO  impl.RaftServerImpl (RaftServerImpl.java:setRole(184)) - c0368dd1-c4a9-4bcb-a2d2-6d6b66c0e12a@group-753D53B6DDFB: changes role from  FOLLOWER to FOLLOWER at term 1 for recognizeCandidate:52bfa4dc-bcba-4693-b6e2-7f231a44b6db
2019-10-16 18:47:21,050 [grpc-default-executor-0] INFO  impl.RaftServerImpl (RaftServerImpl.java:setRole(184)) - 0d5b4e59-aa2f-4fe6-b072-73846da82a05@group-753D53B6DDFB: changes role from  FOLLOWER to FOLLOWER at term 1 for recognizeCandidate:52bfa4dc-bcba-4693-b6e2-7f231a44b6db
2019-10-16 18:47:21,051 [grpc-default-executor-2] INFO  impl.RoleInfo (RoleInfo.java:shutdownFollowerState(121)) - c0368dd1-c4a9-4bcb-a2d2-6d6b66c0e12a: shutdown FollowerState
2019-10-16 18:47:21,051 [grpc-default-executor-0] INFO  impl.RoleInfo (RoleInfo.java:shutdownFollowerState(121)) - 0d5b4e59-aa2f-4fe6-b072-73846da82a05: shutdown FollowerState
2019-10-16 18:47:21,051 [grpc-default-executor-2] INFO  impl.RoleInfo (RoleInfo.java:updateAndGet(143)) - c0368dd1-c4a9-4bcb-a2d2-6d6b66c0e12a: start FollowerState
2019-10-16 18:47:21,051 [Thread-210] INFO  impl.FollowerState (FollowerState.java:run(117)) - c0368dd1-c4a9-4bcb-a2d2-6d6b66c0e12a@group-753D53B6DDFB-FollowerState was interrupted: java.lang.InterruptedException: sleep interrupted
2019-10-16 18:47:21,051 [grpc-default-executor-0] INFO  impl.RoleInfo (RoleInfo.java:updateAndGet(143)) - 0d5b4e59-aa2f-4fe6-b072-73846da82a05: start FollowerState
2019-10-16 18:47:21,051 [Thread-207] INFO  impl.FollowerState (FollowerState.java:run(117)) - 0d5b4e59-aa2f-4fe6-b072-73846da82a05@group-753D53B6DDFB-FollowerState was interrupted: java.lang.InterruptedException: sleep interrupted
2019-10-16 18:47:21,063 [52bfa4dc-bcba-4693-b6e2-7f231a44b6db@group-753D53B6DDFB-LeaderElection4] INFO  impl.LeaderElection (LeaderElection.java:logAndReturn(56)) - 52bfa4dc-bcba-4693-b6e2-7f231a44b6db@group-753D53B6DDFB-LeaderElection4: Election TIMEOUT; received 0 response(s) [] and 0 exception(s); 52bfa4dc-bcba-4693-b6e2-7f231a44b6db@group-753D53B6DDFB:t1, leader=null, voted=52bfa4dc-bcba-4693-b6e2-7f231a44b6db, raftlog=52bfa4dc-bcba-4693-b6e2-7f231a44b6db@group-753D53B6DDFB-SegmentedRaftLog:OPENED:c-1,f-1,i0, conf=-1: [0d5b4e59-aa2f-4fe6-b072-73846da82a05:192.168.157.202:39744, 52bfa4dc-bcba-4693-b6e2-7f231a44b6db:192.168.157.202:43025, c0368dd1-c4a9-4bcb-a2d2-6d6b66c0e12a:192.168.157.202:44847], old=null
2019-10-16 18:47:21,068 [52bfa4dc-bcba-4693-b6e2-7f231a44b6db@group-753D53B6DDFB-LeaderElection4] INFO  impl.LeaderElection (LeaderElection.java:askForVotes(178)) - 52bfa4dc-bcba-4693-b6e2-7f231a44b6db@group-753D53B6DDFB-LeaderElection4: begin an election at term 2 for -1: [0d5b4e59-aa2f-4fe6-b072-73846da82a05:192.168.157.202:39744, 52bfa4dc-bcba-4693-b6e2-7f231a44b6db:192.168.157.202:43025, c0368dd1-c4a9-4bcb-a2d2-6d6b66c0e12a:192.168.157.202:44847], old=null
2019-10-16 18:47:21,077 [grpc-default-executor-0] INFO  impl.RaftServerImpl (RaftServerImpl.java:setRole(184)) - 0d5b4e59-aa2f-4fe6-b072-73846da82a05@group-753D53B6DDFB: changes role from  FOLLOWER to FOLLOWER at term 2 for recognizeCandidate:52bfa4dc-bcba-4693-b6e2-7f231a44b6db
2019-10-16 18:47:21,078 [grpc-default-executor-2] INFO  impl.RaftServerImpl (RaftServerImpl.java:setRole(184)) - c0368dd1-c4a9-4bcb-a2d2-6d6b66c0e12a@group-753D53B6DDFB: changes role from  FOLLOWER to FOLLOWER at term 2 for recognizeCandidate:52bfa4dc-bcba-4693-b6e2-7f231a44b6db
2019-10-16 18:47:21,078 [grpc-default-executor-2] INFO  impl.RoleInfo (RoleInfo.java:shutdownFollowerState(121)) - c0368dd1-c4a9-4bcb-a2d2-6d6b66c0e12a: shutdown FollowerState
2019-10-16 18:47:21,078 [grpc-default-executor-0] INFO  impl.RoleInfo (RoleInfo.java:shutdownFollowerState(121)) - 0d5b4e59-aa2f-4fe6-b072-73846da82a05: shutdown FollowerState
2019-10-16 18:47:21,078 [grpc-default-executor-2] INFO  impl.RoleInfo (RoleInfo.java:updateAndGet(143)) - c0368dd1-c4a9-4bcb-a2d2-6d6b66c0e12a: start FollowerState
2019-10-16 18:47:21,078 [Thread-215] INFO  impl.FollowerState (FollowerState.java:run(117)) - c0368dd1-c4a9-4bcb-a2d2-6d6b66c0e12a@group-753D53B6DDFB-FollowerState was interrupted: java.lang.InterruptedException: sleep interrupted
2019-10-16 18:47:21,079 [grpc-default-executor-0] INFO  impl.RoleInfo (RoleInfo.java:updateAndGet(143)) - 0d5b4e59-aa2f-4fe6-b072-73846da82a05: start FollowerState
2019-10-16 18:47:21,079 [Thread-216] INFO  impl.FollowerState (FollowerState.java:run(117)) - 0d5b4e59-aa2f-4fe6-b072-73846da82a05@group-753D53B6DDFB-FollowerState was interrupted: java.lang.InterruptedException: sleep interrupted
2019-10-16 18:47:21,098 [52bfa4dc-bcba-4693-b6e2-7f231a44b6db@group-753D53B6DDFB-LeaderElection4] INFO  impl.LeaderElection (LeaderElection.java:logAndReturn(56)) - 52bfa4dc-bcba-4693-b6e2-7f231a44b6db@group-753D53B6DDFB-LeaderElection4: Election PASSED; received 1 response(s) [52bfa4dc-bcba-4693-b6e2-7f231a44b6db<-c0368dd1-c4a9-4bcb-a2d2-6d6b66c0e12a#0:OK-t2] and 0 exception(s); 52bfa4dc-bcba-4693-b6e2-7f231a44b6db@group-753D53B6DDFB:t2, leader=null, voted=52bfa4dc-bcba-4693-b6e2-7f231a44b6db, raftlog=52bfa4dc-bcba-4693-b6e2-7f231a44b6db@group-753D53B6DDFB-SegmentedRaftLog:OPENED:c-1,f-1,i0, conf=-1: [0d5b4e59-aa2f-4fe6-b072-73846da82a05:192.168.157.202:39744, 52bfa4dc-bcba-4693-b6e2-7f231a44b6db:192.168.157.202:43025, c0368dd1-c4a9-4bcb-a2d2-6d6b66c0e12a:192.168.157.202:44847], old=null
2019-10-16 18:47:21,098 [52bfa4dc-bcba-4693-b6e2-7f231a44b6db@group-753D53B6DDFB-LeaderElection4] INFO  impl.RoleInfo (RoleInfo.java:shutdownLeaderElection(134)) - 52bfa4dc-bcba-4693-b6e2-7f231a44b6db: shutdown LeaderElection
2019-10-16 18:47:21,100 [52bfa4dc-bcba-4693-b6e2-7f231a44b6db@group-753D53B6DDFB-LeaderElection4] INFO  impl.RaftServerImpl (RaftServerImpl.java:setRole(184)) - 52bfa4dc-bcba-4693-b6e2-7f231a44b6db@group-753D53B6DDFB: changes role from CANDIDATE to LEADER at term 2 for changeToLeader
2019-10-16 18:47:21,100 [52bfa4dc-bcba-4693-b6e2-7f231a44b6db@group-753D53B6DDFB-LeaderElection4] INFO  impl.RaftServerImpl (ServerState.java:setLeader(256)) - 52bfa4dc-bcba-4693-b6e2-7f231a44b6db@group-753D53B6DDFB: change Leader from null to 52bfa4dc-bcba-4693-b6e2-7f231a44b6db at term 2 for becomeLeader, leader elected after 102ms
2019-10-16 18:47:21,100 [52bfa4dc-bcba-4693-b6e2-7f231a44b6db@group-753D53B6DDFB-LeaderElection4] INFO  server.RaftServerConfigKeys (ConfUtils.java:logGet(43)) - raft.server.staging.catchup.gap = 1000 (default)
2019-10-16 18:47:21,100 [52bfa4dc-bcba-4693-b6e2-7f231a44b6db@group-753D53B6DDFB-LeaderElection4] INFO  server.RaftServerConfigKeys (ConfUtils.java:logGet(43)) - raft.server.rpc.sleep.time = 25ms (default)
2019-10-16 18:47:21,101 [52bfa4dc-bcba-4693-b6e2-7f231a44b6db@group-753D53B6DDFB-LeaderElection4] INFO  server.RaftServerConfigKeys (ConfUtils.java:logGet(43)) - raft.server.write.element-limit = 4096 (default)
2019-10-16 18:47:21,101 [52bfa4dc-bcba-4693-b6e2-7f231a44b6db@group-753D53B6DDFB-LeaderElection4] INFO  server.RaftServerConfigKeys (ConfUtils.java:logGet(43)) - raft.server.watch.timeout = 10s (default)
2019-10-16 18:47:21,101 [52bfa4dc-bcba-4693-b6e2-7f231a44b6db@group-753D53B6DDFB-LeaderElection4] INFO  server.RaftServerConfigKeys (ConfUtils.java:logGet(43)) - raft.server.watch.timeout.denomination = 1s (default)
2019-10-16 18:47:21,101 [52bfa4dc-bcba-4693-b6e2-7f231a44b6db@group-753D53B6DDFB-LeaderElection4] INFO  server.RaftServerConfigKeys (ConfUtils.java:logGet(43)) - raft.server.watch.element-limit = 65536 (default)
2019-10-16 18:47:21,107 [52bfa4dc-bcba-4693-b6e2-7f231a44b6db@group-753D53B6DDFB-LeaderElection4] INFO  server.RaftServerConfigKeys (ConfUtils.java:logGet(43)) - raft.server.log.appender.snapshot.chunk.size.max = 16MB (=16777216) (default)
2019-10-16 18:47:21,107 [52bfa4dc-bcba-4693-b6e2-7f231a44b6db@group-753D53B6DDFB-LeaderElection4] INFO  server.RaftServerConfigKeys (ConfUtils.java:logGet(43)) - raft.server.log.appender.buffer.byte-limit = 33554432 (custom)
2019-10-16 18:47:21,108 [52bfa4dc-bcba-4693-b6e2-7f231a44b6db@group-753D53B6DDFB-LeaderElection4] INFO  server.RaftServerConfigKeys (ConfUtils.java:logGet(43)) - raft.server.log.appender.buffer.element-limit = 1 (custom)
2019-10-16 18:47:21,111 [52bfa4dc-bcba-4693-b6e2-7f231a44b6db@group-753D53B6DDFB-LeaderElection4] INFO  grpc.GrpcConfigKeys$Server (ConfUtils.java:logGet(43)) - raft.grpc.server.leader.outstanding.appends.max = 128 (default)
2019-10-16 18:47:21,112 [52bfa4dc-bcba-4693-b6e2-7f231a44b6db@group-753D53B6DDFB-LeaderElection4] INFO  server.RaftServerConfigKeys (ConfUtils.java:logGet(43)) - raft.server.rpc.request.timeout = 3000ms (default)
2019-10-16 18:47:21,112 [52bfa4dc-bcba-4693-b6e2-7f231a44b6db@group-753D53B6DDFB-LeaderElection4] INFO  server.RaftServerConfigKeys (ConfUtils.java:logGet(43)) - raft.server.log.appender.install.snapshot.enabled = false (custom)
2019-10-16 18:47:21,116 [52bfa4dc-bcba-4693-b6e2-7f231a44b6db@group-753D53B6DDFB-LeaderElection4] INFO  server.RaftServerConfigKeys (ConfUtils.java:logGet(43)) - raft.server.log.appender.snapshot.chunk.size.max = 16MB (=16777216) (default)
2019-10-16 18:47:21,117 [52bfa4dc-bcba-4693-b6e2-7f231a44b6db@group-753D53B6DDFB-LeaderElection4] INFO  server.RaftServerConfigKeys (ConfUtils.java:logGet(43)) - raft.server.log.appender.buffer.byte-limit = 33554432 (custom)
2019-10-16 18:47:21,117 [52bfa4dc-bcba-4693-b6e2-7f231a44b6db@group-753D53B6DDFB-LeaderElection4] INFO  server.RaftServerConfigKeys (ConfUtils.java:logGet(43)) - raft.server.log.appender.buffer.element-limit = 1 (custom)
2019-10-16 18:47:21,117 [52bfa4dc-bcba-4693-b6e2-7f231a44b6db@group-753D53B6DDFB-LeaderElection4] INFO  grpc.GrpcConfigKeys$Server (ConfUtils.java:logGet(43)) - raft.grpc.server.leader.outstanding.appends.max = 128 (default)
2019-10-16 18:47:21,117 [52bfa4dc-bcba-4693-b6e2-7f231a44b6db@group-753D53B6DDFB-LeaderElection4] INFO  server.RaftServerConfigKeys (ConfUtils.java:logGet(43)) - raft.server.rpc.request.timeout = 3000ms (default)
2019-10-16 18:47:21,117 [52bfa4dc-bcba-4693-b6e2-7f231a44b6db@group-753D53B6DDFB-LeaderElection4] INFO  server.RaftServerConfigKeys (ConfUtils.java:logGet(43)) - raft.server.log.appender.install.snapshot.enabled = false (custom)
2019-10-16 18:47:21,122 [main] INFO  impl.MetricsSystemImpl (MetricsSystemImpl.java:init(158)) - XceiverClientMetrics metrics system started (again)
2019-10-16 18:47:21,123 [52bfa4dc-bcba-4693-b6e2-7f231a44b6db@group-753D53B6DDFB-LeaderElection4] INFO  impl.RoleInfo (RoleInfo.java:updateAndGet(143)) - 52bfa4dc-bcba-4693-b6e2-7f231a44b6db: start LeaderState
2019-10-16 18:47:21,124 [52bfa4dc-bcba-4693-b6e2-7f231a44b6db@group-753D53B6DDFB-LeaderElection4] INFO  segmented.SegmentedRaftLogWorker (SegmentedRaftLogWorker.java:startLogSegment(385)) - 52bfa4dc-bcba-4693-b6e2-7f231a44b6db@group-753D53B6DDFB-SegmentedRaftLogWorker: Starting segment from index:0
2019-10-16 18:47:21,125 [52bfa4dc-bcba-4693-b6e2-7f231a44b6db@group-753D53B6DDFB-LeaderElection4] INFO  impl.RaftServerImpl (ServerState.java:setRaftConf(357)) - 52bfa4dc-bcba-4693-b6e2-7f231a44b6db@group-753D53B6DDFB: set configuration 0: [0d5b4e59-aa2f-4fe6-b072-73846da82a05:192.168.157.202:39744, 52bfa4dc-bcba-4693-b6e2-7f231a44b6db:192.168.157.202:43025, c0368dd1-c4a9-4bcb-a2d2-6d6b66c0e12a:192.168.157.202:44847], old=null at 0
2019-10-16 18:47:21,172 [Thread-219] INFO  impl.FollowerState (FollowerState.java:run(108)) - c0368dd1-c4a9-4bcb-a2d2-6d6b66c0e12a@group-753D53B6DDFB-FollowerState: change to CANDIDATE, lastRpcTime:93ms, electionTimeout:64ms
2019-10-16 18:47:21,173 [Thread-219] INFO  impl.RoleInfo (RoleInfo.java:shutdownFollowerState(121)) - c0368dd1-c4a9-4bcb-a2d2-6d6b66c0e12a: shutdown FollowerState
2019-10-16 18:47:21,173 [Thread-219] INFO  impl.RaftServerImpl (RaftServerImpl.java:setRole(184)) - c0368dd1-c4a9-4bcb-a2d2-6d6b66c0e12a@group-753D53B6DDFB: changes role from  FOLLOWER to CANDIDATE at term 2 for changeToCandidate
2019-10-16 18:47:21,173 [Thread-219] INFO  impl.RoleInfo (RoleInfo.java:updateAndGet(143)) - c0368dd1-c4a9-4bcb-a2d2-6d6b66c0e12a: start LeaderElection
2019-10-16 18:47:21,174 [Thread-220] INFO  impl.FollowerState (FollowerState.java:run(108)) - 0d5b4e59-aa2f-4fe6-b072-73846da82a05@group-753D53B6DDFB-FollowerState: change to CANDIDATE, lastRpcTime:95ms, electionTimeout:94ms
2019-10-16 18:47:21,175 [Thread-220] INFO  impl.RoleInfo (RoleInfo.java:shutdownFollowerState(121)) - 0d5b4e59-aa2f-4fe6-b072-73846da82a05: shutdown FollowerState
2019-10-16 18:47:21,175 [Thread-220] INFO  impl.RaftServerImpl (RaftServerImpl.java:setRole(184)) - 0d5b4e59-aa2f-4fe6-b072-73846da82a05@group-753D53B6DDFB: changes role from  FOLLOWER to CANDIDATE at term 2 for changeToCandidate
2019-10-16 18:47:21,176 [Thread-220] INFO  impl.RoleInfo (RoleInfo.java:updateAndGet(143)) - 0d5b4e59-aa2f-4fe6-b072-73846da82a05: start LeaderElection
2019-10-16 18:47:21,177 [grpc-default-executor-0] INFO  impl.RaftServerImpl (RaftServerImpl.java:setRole(184)) - 0d5b4e59-aa2f-4fe6-b072-73846da82a05@group-753D53B6DDFB: changes role from CANDIDATE to FOLLOWER at term 2 for appendEntries
2019-10-16 18:47:21,177 [grpc-default-executor-0] INFO  impl.RoleInfo (RoleInfo.java:shutdownLeaderElection(134)) - 0d5b4e59-aa2f-4fe6-b072-73846da82a05: shutdown LeaderElection
2019-10-16 18:47:21,177 [grpc-default-executor-0] INFO  impl.RoleInfo (RoleInfo.java:updateAndGet(143)) - 0d5b4e59-aa2f-4fe6-b072-73846da82a05: start FollowerState
2019-10-16 18:47:21,177 [grpc-default-executor-0] INFO  impl.RaftServerImpl (ServerState.java:setLeader(256)) - 0d5b4e59-aa2f-4fe6-b072-73846da82a05@group-753D53B6DDFB: change Leader from null to 52bfa4dc-bcba-4693-b6e2-7f231a44b6db at term 2 for appendEntries, leader elected after 180ms
2019-10-16 18:47:21,178 [0d5b4e59-aa2f-4fe6-b072-73846da82a05@group-753D53B6DDFB-LeaderElection6] INFO  impl.RaftServerImpl (ServerState.java:setLeader(256)) - 0d5b4e59-aa2f-4fe6-b072-73846da82a05@group-753D53B6DDFB: change Leader from 52bfa4dc-bcba-4693-b6e2-7f231a44b6db to null at term 2 for initElection
2019-10-16 18:47:21,185 [52bfa4dc-bcba-4693-b6e2-7f231a44b6db@group-650B45B72909-SegmentedRaftLogWorker] INFO  segmented.SegmentedRaftLogWorker (SegmentedRaftLogWorker.java:execute(576)) - 52bfa4dc-bcba-4693-b6e2-7f231a44b6db@group-650B45B72909-SegmentedRaftLogWorker: created new log segment /workdir/hadoop-ozone/integration-test/target/test-dir/MiniOzoneClusterImpl-4345c778-bde4-42fc-980f-03f2a0663661/datanode-2/data/ratis/2f628aaf-9e31-4db5-8196-650b45b72909/current/log_inprogress_0
2019-10-16 18:47:21,185 [0d5b4e59-aa2f-4fe6-b072-73846da82a05@group-753D53B6DDFB-LeaderElection6] INFO  impl.LeaderElection (LeaderElection.java:askForVotes(178)) - 0d5b4e59-aa2f-4fe6-b072-73846da82a05@group-753D53B6DDFB-LeaderElection6: begin an election at term 3 for -1: [0d5b4e59-aa2f-4fe6-b072-73846da82a05:192.168.157.202:39744, 52bfa4dc-bcba-4693-b6e2-7f231a44b6db:192.168.157.202:43025, c0368dd1-c4a9-4bcb-a2d2-6d6b66c0e12a:192.168.157.202:44847], old=null
2019-10-16 18:47:21,185 [c0368dd1-c4a9-4bcb-a2d2-6d6b66c0e12a@group-753D53B6DDFB-LeaderElection5] INFO  impl.LeaderElection (LeaderElection.java:askForVotes(178)) - c0368dd1-c4a9-4bcb-a2d2-6d6b66c0e12a@group-753D53B6DDFB-LeaderElection5: begin an election at term 3 for -1: [0d5b4e59-aa2f-4fe6-b072-73846da82a05:192.168.157.202:39744, 52bfa4dc-bcba-4693-b6e2-7f231a44b6db:192.168.157.202:43025, c0368dd1-c4a9-4bcb-a2d2-6d6b66c0e12a:192.168.157.202:44847], old=null
2019-10-16 18:47:21,185 [0d5b4e59-aa2f-4fe6-b072-73846da82a05@group-4E9C9B2AFBBA-SegmentedRaftLogWorker] INFO  segmented.SegmentedRaftLogWorker (SegmentedRaftLogWorker.java:execute(576)) - 0d5b4e59-aa2f-4fe6-b072-73846da82a05@group-4E9C9B2AFBBA-SegmentedRaftLogWorker: created new log segment /workdir/hadoop-ozone/integration-test/target/test-dir/MiniOzoneClusterImpl-4345c778-bde4-42fc-980f-03f2a0663661/datanode-1/data/ratis/7e820314-5c69-4a12-bfd1-4e9c9b2afbba/current/log_inprogress_0
2019-10-16 18:47:21,185 [52bfa4dc-bcba-4693-b6e2-7f231a44b6db@group-753D53B6DDFB-SegmentedRaftLogWorker] INFO  segmented.SegmentedRaftLogWorker (SegmentedRaftLogWorker.java:execute(576)) - 52bfa4dc-bcba-4693-b6e2-7f231a44b6db@group-753D53B6DDFB-SegmentedRaftLogWorker: created new log segment /workdir/hadoop-ozone/integration-test/target/test-dir/MiniOzoneClusterImpl-4345c778-bde4-42fc-980f-03f2a0663661/datanode-2/data/ratis/7043c0de-230d-480f-89cc-753d53b6ddfb/current/log_inprogress_0
2019-10-16 18:47:21,185 [c0368dd1-c4a9-4bcb-a2d2-6d6b66c0e12a@group-24C83DB14610-SegmentedRaftLogWorker] INFO  segmented.SegmentedRaftLogWorker (SegmentedRaftLogWorker.java:execute(576)) - c0368dd1-c4a9-4bcb-a2d2-6d6b66c0e12a@group-24C83DB14610-SegmentedRaftLogWorker: created new log segment /workdir/hadoop-ozone/integration-test/target/test-dir/MiniOzoneClusterImpl-4345c778-bde4-42fc-980f-03f2a0663661/datanode-0/data/ratis/82be793e-a687-4bbc-98ae-24c83db14610/current/log_inprogress_0
2019-10-16 18:47:21,193 [0d5b4e59-aa2f-4fe6-b072-73846da82a05@group-753D53B6DDFB-LeaderElection6] INFO  impl.LeaderElection (LeaderElection.java:logAndReturn(56)) - 0d5b4e59-aa2f-4fe6-b072-73846da82a05@group-753D53B6DDFB-LeaderElection6: Election REJECTED; received 0 response(s) [] and 0 exception(s); 0d5b4e59-aa2f-4fe6-b072-73846da82a05@group-753D53B6DDFB:t3, leader=null, voted=0d5b4e59-aa2f-4fe6-b072-73846da82a05, raftlog=0d5b4e59-aa2f-4fe6-b072-73846da82a05@group-753D53B6DDFB-SegmentedRaftLog:OPENED:c-1,f-1,i0, conf=-1: [0d5b4e59-aa2f-4fe6-b072-73846da82a05:192.168.157.202:39744, 52bfa4dc-bcba-4693-b6e2-7f231a44b6db:192.168.157.202:43025, c0368dd1-c4a9-4bcb-a2d2-6d6b66c0e12a:192.168.157.202:44847], old=null
2019-10-16 18:47:21,207 [Thread-221] INFO  impl.RaftServerImpl (ServerState.java:setLeader(256)) - 52bfa4dc-bcba-4693-b6e2-7f231a44b6db@group-753D53B6DDFB: change Leader from 52bfa4dc-bcba-4693-b6e2-7f231a44b6db to null at term 3 for updateCurrentTerm
2019-10-16 18:47:21,207 [Thread-221] INFO  impl.RaftServerImpl (RaftServerImpl.java:setRole(184)) - 52bfa4dc-bcba-4693-b6e2-7f231a44b6db@group-753D53B6DDFB: changes role from    LEADER to FOLLOWER at term 3 for stepDown
2019-10-16 18:47:21,207 [Thread-221] INFO  impl.RoleInfo (RoleInfo.java:shutdownLeaderState(104)) - 52bfa4dc-bcba-4693-b6e2-7f231a44b6db: shutdown LeaderState
2019-10-16 18:47:21,210 [org.apache.ratis.server.impl.LogAppender$AppenderDaemon$$Lambda$465/1928410131@6f33e754] WARN  server.GrpcLogAppender (GrpcLogAppender.java:mayWait(149)) - 52bfa4dc-bcba-4693-b6e2-7f231a44b6db@group-753D53B6DDFB->0d5b4e59-aa2f-4fe6-b072-73846da82a05-GrpcLogAppender: Wait interrupted by java.lang.InterruptedException
2019-10-16 18:47:21,210 [org.apache.ratis.server.impl.LogAppender$AppenderDaemon$$Lambda$465/1928410131@32a9c8af] WARN  server.GrpcLogAppender (GrpcLogAppender.java:mayWait(149)) - 52bfa4dc-bcba-4693-b6e2-7f231a44b6db@group-753D53B6DDFB->c0368dd1-c4a9-4bcb-a2d2-6d6b66c0e12a-GrpcLogAppender: Wait interrupted by java.lang.InterruptedException
2019-10-16 18:47:21,213 [Thread-221] INFO  impl.PendingRequests (PendingRequests.java:sendNotLeaderResponses(202)) - 52bfa4dc-bcba-4693-b6e2-7f231a44b6db@group-753D53B6DDFB-PendingRequests: sendNotLeaderResponses
2019-10-16 18:47:21,216 [Thread-221] INFO  impl.RoleInfo (RoleInfo.java:updateAndGet(143)) - 52bfa4dc-bcba-4693-b6e2-7f231a44b6db: start FollowerState
2019-10-16 18:47:21,217 [grpc-default-executor-0] INFO  server.GrpcServerProtocolService (GrpcServerProtocolService.java:onCompleted(113)) - c0368dd1-c4a9-4bcb-a2d2-6d6b66c0e12a: Completed APPEND_ENTRIES, lastRequest: 52bfa4dc-bcba-4693-b6e2-7f231a44b6db->c0368dd1-c4a9-4bcb-a2d2-6d6b66c0e12a#0-t2, previous=(t:0, i:0), leaderCommit=-1, initializing? false, entries: <empty>
2019-10-16 18:47:21,217 [grpc-default-executor-1] INFO  server.GrpcServerProtocolService (GrpcServerProtocolService.java:onCompleted(113)) - 0d5b4e59-aa2f-4fe6-b072-73846da82a05: Completed APPEND_ENTRIES, lastRequest: 52bfa4dc-bcba-4693-b6e2-7f231a44b6db->0d5b4e59-aa2f-4fe6-b072-73846da82a05#0-t2, previous=(t:0, i:0), leaderCommit=-1, initializing? false, entries: <empty>
2019-10-16 18:47:21,221 [grpc-default-executor-0] INFO  server.GrpcLogAppender (GrpcLogAppender.java:onCompleted(308)) - 52bfa4dc-bcba-4693-b6e2-7f231a44b6db@group-753D53B6DDFB->c0368dd1-c4a9-4bcb-a2d2-6d6b66c0e12a-AppendLogResponseHandler: follower responses appendEntries COMPLETED
2019-10-16 18:47:21,221 [grpc-default-executor-1] INFO  server.GrpcLogAppender (GrpcLogAppender.java:onCompleted(308)) - 52bfa4dc-bcba-4693-b6e2-7f231a44b6db@group-753D53B6DDFB->0d5b4e59-aa2f-4fe6-b072-73846da82a05-AppendLogResponseHandler: follower responses appendEntries COMPLETED
2019-10-16 18:47:21,223 [grpc-default-executor-2] INFO  impl.RaftServerImpl (RaftServerImpl.java:setRole(184)) - 52bfa4dc-bcba-4693-b6e2-7f231a44b6db@group-753D53B6DDFB: changes role from  FOLLOWER to FOLLOWER at term 3 for recognizeCandidate:c0368dd1-c4a9-4bcb-a2d2-6d6b66c0e12a
2019-10-16 18:47:21,223 [grpc-default-executor-2] INFO  impl.RoleInfo (RoleInfo.java:shutdownFollowerState(121)) - 52bfa4dc-bcba-4693-b6e2-7f231a44b6db: shutdown FollowerState
2019-10-16 18:47:21,225 [Thread-237] INFO  impl.FollowerState (FollowerState.java:run(117)) - 52bfa4dc-bcba-4693-b6e2-7f231a44b6db@group-753D53B6DDFB-FollowerState was interrupted: java.lang.InterruptedException: sleep interrupted
2019-10-16 18:47:21,225 [grpc-default-executor-2] INFO  impl.RoleInfo (RoleInfo.java:updateAndGet(143)) - 52bfa4dc-bcba-4693-b6e2-7f231a44b6db: start FollowerState
2019-10-16 18:47:21,225 [grpc-default-executor-0] INFO  impl.FollowerInfo (FollowerInfo.java:lambda$new$0(51)) - 52bfa4dc-bcba-4693-b6e2-7f231a44b6db@group-753D53B6DDFB->c0368dd1-c4a9-4bcb-a2d2-6d6b66c0e12a: nextIndex: updateUnconditionally 1 -> 0
2019-10-16 18:47:21,225 [grpc-default-executor-1] INFO  impl.FollowerInfo (FollowerInfo.java:lambda$new$0(51)) - 52bfa4dc-bcba-4693-b6e2-7f231a44b6db@group-753D53B6DDFB->0d5b4e59-aa2f-4fe6-b072-73846da82a05: nextIndex: updateUnconditionally 1 -> 0
2019-10-16 18:47:21,226 [grpc-default-executor-4] INFO  impl.RaftServerImpl (RaftServerImpl.java:setRole(184)) - 52bfa4dc-bcba-4693-b6e2-7f231a44b6db@group-753D53B6DDFB: changes role from  FOLLOWER to FOLLOWER at term 3 for recognizeCandidate:0d5b4e59-aa2f-4fe6-b072-73846da82a05
2019-10-16 18:47:21,226 [grpc-default-executor-4] INFO  impl.RoleInfo (RoleInfo.java:shutdownFollowerState(121)) - 52bfa4dc-bcba-4693-b6e2-7f231a44b6db: shutdown FollowerState
2019-10-16 18:47:21,227 [Thread-238] INFO  impl.FollowerState (FollowerState.java:run(117)) - 52bfa4dc-bcba-4693-b6e2-7f231a44b6db@group-753D53B6DDFB-FollowerState was interrupted: java.lang.InterruptedException: sleep interrupted
2019-10-16 18:47:21,227 [grpc-default-executor-4] INFO  impl.RoleInfo (RoleInfo.java:updateAndGet(143)) - 52bfa4dc-bcba-4693-b6e2-7f231a44b6db: start FollowerState
2019-10-16 18:47:21,229 [c0368dd1-c4a9-4bcb-a2d2-6d6b66c0e12a@group-753D53B6DDFB-LeaderElection5] INFO  impl.LeaderElection (LeaderElection.java:logAndReturn(56)) - c0368dd1-c4a9-4bcb-a2d2-6d6b66c0e12a@group-753D53B6DDFB-LeaderElection5: Election REJECTED; received 2 response(s) [c0368dd1-c4a9-4bcb-a2d2-6d6b66c0e12a<-0d5b4e59-aa2f-4fe6-b072-73846da82a05#0:FAIL-t3, c0368dd1-c4a9-4bcb-a2d2-6d6b66c0e12a<-52bfa4dc-bcba-4693-b6e2-7f231a44b6db#0:FAIL-t3] and 0 exception(s); c0368dd1-c4a9-4bcb-a2d2-6d6b66c0e12a@group-753D53B6DDFB:t3, leader=null, voted=c0368dd1-c4a9-4bcb-a2d2-6d6b66c0e12a, raftlog=c0368dd1-c4a9-4bcb-a2d2-6d6b66c0e12a@group-753D53B6DDFB-SegmentedRaftLog:OPENED:c-1,f-1,i0, conf=-1: [0d5b4e59-aa2f-4fe6-b072-73846da82a05:192.168.157.202:39744, 52bfa4dc-bcba-4693-b6e2-7f231a44b6db:192.168.157.202:43025, c0368dd1-c4a9-4bcb-a2d2-6d6b66c0e12a:192.168.157.202:44847], old=null
2019-10-16 18:47:21,229 [c0368dd1-c4a9-4bcb-a2d2-6d6b66c0e12a@group-753D53B6DDFB-LeaderElection5] INFO  impl.RaftServerImpl (RaftServerImpl.java:setRole(184)) - c0368dd1-c4a9-4bcb-a2d2-6d6b66c0e12a@group-753D53B6DDFB: changes role from CANDIDATE to FOLLOWER at term 3 for DISCOVERED_A_NEW_TERM
2019-10-16 18:47:21,230 [c0368dd1-c4a9-4bcb-a2d2-6d6b66c0e12a@group-753D53B6DDFB-LeaderElection5] INFO  impl.RoleInfo (RoleInfo.java:shutdownLeaderElection(134)) - c0368dd1-c4a9-4bcb-a2d2-6d6b66c0e12a: shutdown LeaderElection
2019-10-16 18:47:21,231 [c0368dd1-c4a9-4bcb-a2d2-6d6b66c0e12a@group-753D53B6DDFB-LeaderElection5] INFO  impl.RoleInfo (RoleInfo.java:updateAndGet(143)) - c0368dd1-c4a9-4bcb-a2d2-6d6b66c0e12a: start FollowerState
2019-10-16 18:47:21,382 [Thread-240] INFO  impl.FollowerState (FollowerState.java:run(108)) - c0368dd1-c4a9-4bcb-a2d2-6d6b66c0e12a@group-753D53B6DDFB-FollowerState: change to CANDIDATE, lastRpcTime:151ms, electionTimeout:150ms
2019-10-16 18:47:21,383 [Thread-240] INFO  impl.RoleInfo (RoleInfo.java:shutdownFollowerState(121)) - c0368dd1-c4a9-4bcb-a2d2-6d6b66c0e12a: shutdown FollowerState
2019-10-16 18:47:21,383 [Thread-240] INFO  impl.RaftServerImpl (RaftServerImpl.java:setRole(184)) - c0368dd1-c4a9-4bcb-a2d2-6d6b66c0e12a@group-753D53B6DDFB: changes role from  FOLLOWER to CANDIDATE at term 3 for changeToCandidate
2019-10-16 18:47:21,384 [Thread-240] INFO  impl.RoleInfo (RoleInfo.java:updateAndGet(143)) - c0368dd1-c4a9-4bcb-a2d2-6d6b66c0e12a: start LeaderElection
2019-10-16 18:47:21,397 [c0368dd1-c4a9-4bcb-a2d2-6d6b66c0e12a@group-753D53B6DDFB-LeaderElection7] INFO  impl.LeaderElection (LeaderElection.java:askForVotes(178)) - c0368dd1-c4a9-4bcb-a2d2-6d6b66c0e12a@group-753D53B6DDFB-LeaderElection7: begin an election at term 4 for -1: [0d5b4e59-aa2f-4fe6-b072-73846da82a05:192.168.157.202:39744, 52bfa4dc-bcba-4693-b6e2-7f231a44b6db:192.168.157.202:43025, c0368dd1-c4a9-4bcb-a2d2-6d6b66c0e12a:192.168.157.202:44847], old=null
2019-10-16 18:47:21,401 [grpc-default-executor-2] INFO  impl.RaftServerImpl (RaftServerImpl.java:setRole(184)) - 0d5b4e59-aa2f-4fe6-b072-73846da82a05@group-753D53B6DDFB: changes role from  FOLLOWER to FOLLOWER at term 4 for recognizeCandidate:c0368dd1-c4a9-4bcb-a2d2-6d6b66c0e12a
2019-10-16 18:47:21,402 [grpc-default-executor-4] INFO  impl.RaftServerImpl (RaftServerImpl.java:setRole(184)) - 52bfa4dc-bcba-4693-b6e2-7f231a44b6db@group-753D53B6DDFB: changes role from  FOLLOWER to FOLLOWER at term 4 for recognizeCandidate:c0368dd1-c4a9-4bcb-a2d2-6d6b66c0e12a
2019-10-16 18:47:21,402 [grpc-default-executor-2] INFO  impl.RoleInfo (RoleInfo.java:shutdownFollowerState(121)) - 0d5b4e59-aa2f-4fe6-b072-73846da82a05: shutdown FollowerState
2019-10-16 18:47:21,402 [grpc-default-executor-4] INFO  impl.RoleInfo (RoleInfo.java:shutdownFollowerState(121)) - 52bfa4dc-bcba-4693-b6e2-7f231a44b6db: shutdown FollowerState
2019-10-16 18:47:21,402 [grpc-default-executor-2] INFO  impl.RoleInfo (RoleInfo.java:updateAndGet(143)) - 0d5b4e59-aa2f-4fe6-b072-73846da82a05: start FollowerState
2019-10-16 18:47:21,402 [Thread-231] INFO  impl.FollowerState (FollowerState.java:run(117)) - 0d5b4e59-aa2f-4fe6-b072-73846da82a05@group-753D53B6DDFB-FollowerState was interrupted: java.lang.InterruptedException: sleep interrupted
2019-10-16 18:47:21,402 [grpc-default-executor-4] INFO  impl.RoleInfo (RoleInfo.java:updateAndGet(143)) - 52bfa4dc-bcba-4693-b6e2-7f231a44b6db: start FollowerState
2019-10-16 18:47:21,402 [Thread-239] INFO  impl.FollowerState (FollowerState.java:run(117)) - 52bfa4dc-bcba-4693-b6e2-7f231a44b6db@group-753D53B6DDFB-FollowerState was interrupted: java.lang.InterruptedException: sleep interrupted
2019-10-16 18:47:21,413 [c0368dd1-c4a9-4bcb-a2d2-6d6b66c0e12a@group-753D53B6DDFB-LeaderElection7] INFO  impl.LeaderElection (LeaderElection.java:logAndReturn(56)) - c0368dd1-c4a9-4bcb-a2d2-6d6b66c0e12a@group-753D53B6DDFB-LeaderElection7: Election PASSED; received 1 response(s) [c0368dd1-c4a9-4bcb-a2d2-6d6b66c0e12a<-0d5b4e59-aa2f-4fe6-b072-73846da82a05#0:OK-t4] and 0 exception(s); c0368dd1-c4a9-4bcb-a2d2-6d6b66c0e12a@group-753D53B6DDFB:t4, leader=null, voted=c0368dd1-c4a9-4bcb-a2d2-6d6b66c0e12a, raftlog=c0368dd1-c4a9-4bcb-a2d2-6d6b66c0e12a@group-753D53B6DDFB-SegmentedRaftLog:OPENED:c-1,f-1,i0, conf=-1: [0d5b4e59-aa2f-4fe6-b072-73846da82a05:192.168.157.202:39744, 52bfa4dc-bcba-4693-b6e2-7f231a44b6db:192.168.157.202:43025, c0368dd1-c4a9-4bcb-a2d2-6d6b66c0e12a:192.168.157.202:44847], old=null
2019-10-16 18:47:21,416 [c0368dd1-c4a9-4bcb-a2d2-6d6b66c0e12a@group-753D53B6DDFB-LeaderElection7] INFO  impl.RoleInfo (RoleInfo.java:shutdownLeaderElection(134)) - c0368dd1-c4a9-4bcb-a2d2-6d6b66c0e12a: shutdown LeaderElection
2019-10-16 18:47:21,417 [c0368dd1-c4a9-4bcb-a2d2-6d6b66c0e12a@group-753D53B6DDFB-LeaderElection7] INFO  impl.RaftServerImpl (RaftServerImpl.java:setRole(184)) - c0368dd1-c4a9-4bcb-a2d2-6d6b66c0e12a@group-753D53B6DDFB: changes role from CANDIDATE to LEADER at term 4 for changeToLeader
2019-10-16 18:47:21,419 [c0368dd1-c4a9-4bcb-a2d2-6d6b66c0e12a@group-753D53B6DDFB-LeaderElection7] INFO  impl.RaftServerImpl (ServerState.java:setLeader(256)) - c0368dd1-c4a9-4bcb-a2d2-6d6b66c0e12a@group-753D53B6DDFB: change Leader from null to c0368dd1-c4a9-4bcb-a2d2-6d6b66c0e12a at term 4 for becomeLeader, leader elected after 420ms
2019-10-16 18:47:21,419 [c0368dd1-c4a9-4bcb-a2d2-6d6b66c0e12a@group-753D53B6DDFB-LeaderElection7] INFO  server.RaftServerConfigKeys (ConfUtils.java:logGet(43)) - raft.server.staging.catchup.gap = 1000 (default)
2019-10-16 18:47:21,419 [c0368dd1-c4a9-4bcb-a2d2-6d6b66c0e12a@group-753D53B6DDFB-LeaderElection7] INFO  server.RaftServerConfigKeys (ConfUtils.java:logGet(43)) - raft.server.rpc.sleep.time = 25ms (default)
2019-10-16 18:47:21,419 [c0368dd1-c4a9-4bcb-a2d2-6d6b66c0e12a@group-753D53B6DDFB-LeaderElection7] INFO  server.RaftServerConfigKeys (ConfUtils.java:logGet(43)) - raft.server.write.element-limit = 4096 (default)
2019-10-16 18:47:21,419 [c0368dd1-c4a9-4bcb-a2d2-6d6b66c0e12a@group-753D53B6DDFB-LeaderElection7] INFO  server.RaftServerConfigKeys (ConfUtils.java:logGet(43)) - raft.server.watch.timeout = 10s (default)
2019-10-16 18:47:21,419 [c0368dd1-c4a9-4bcb-a2d2-6d6b66c0e12a@group-753D53B6DDFB-LeaderElection7] INFO  server.RaftServerConfigKeys (ConfUtils.java:logGet(43)) - raft.server.watch.timeout.denomination = 1s (default)
2019-10-16 18:47:21,420 [c0368dd1-c4a9-4bcb-a2d2-6d6b66c0e12a@group-753D53B6DDFB-LeaderElection7] INFO  server.RaftServerConfigKeys (ConfUtils.java:logGet(43)) - raft.server.watch.element-limit = 65536 (default)
2019-10-16 18:47:21,422 [c0368dd1-c4a9-4bcb-a2d2-6d6b66c0e12a@group-753D53B6DDFB-LeaderElection7] INFO  server.RaftServerConfigKeys (ConfUtils.java:logGet(43)) - raft.server.log.appender.snapshot.chunk.size.max = 16MB (=16777216) (default)
2019-10-16 18:47:21,422 [c0368dd1-c4a9-4bcb-a2d2-6d6b66c0e12a@group-753D53B6DDFB-LeaderElection7] INFO  server.RaftServerConfigKeys (ConfUtils.java:logGet(43)) - raft.server.log.appender.buffer.byte-limit = 33554432 (custom)
2019-10-16 18:47:21,422 [c0368dd1-c4a9-4bcb-a2d2-6d6b66c0e12a@group-753D53B6DDFB-LeaderElection7] INFO  server.RaftServerConfigKeys (ConfUtils.java:logGet(43)) - raft.server.log.appender.buffer.element-limit = 1 (custom)
2019-10-16 18:47:21,422 [c0368dd1-c4a9-4bcb-a2d2-6d6b66c0e12a@group-753D53B6DDFB-LeaderElection7] INFO  grpc.GrpcConfigKeys$Server (ConfUtils.java:logGet(43)) - raft.grpc.server.leader.outstanding.appends.max = 128 (default)
2019-10-16 18:47:21,422 [c0368dd1-c4a9-4bcb-a2d2-6d6b66c0e12a@group-753D53B6DDFB-LeaderElection7] INFO  server.RaftServerConfigKeys (ConfUtils.java:logGet(43)) - raft.server.rpc.request.timeout = 3000ms (default)
2019-10-16 18:47:21,422 [c0368dd1-c4a9-4bcb-a2d2-6d6b66c0e12a@group-753D53B6DDFB-LeaderElection7] INFO  server.RaftServerConfigKeys (ConfUtils.java:logGet(43)) - raft.server.log.appender.install.snapshot.enabled = false (custom)
2019-10-16 18:47:21,424 [c0368dd1-c4a9-4bcb-a2d2-6d6b66c0e12a@group-753D53B6DDFB-LeaderElection7] INFO  server.RaftServerConfigKeys (ConfUtils.java:logGet(43)) - raft.server.log.appender.snapshot.chunk.size.max = 16MB (=16777216) (default)
2019-10-16 18:47:21,424 [c0368dd1-c4a9-4bcb-a2d2-6d6b66c0e12a@group-753D53B6DDFB-LeaderElection7] INFO  server.RaftServerConfigKeys (ConfUtils.java:logGet(43)) - raft.server.log.appender.buffer.byte-limit = 33554432 (custom)
2019-10-16 18:47:21,424 [c0368dd1-c4a9-4bcb-a2d2-6d6b66c0e12a@group-753D53B6DDFB-LeaderElection7] INFO  server.RaftServerConfigKeys (ConfUtils.java:logGet(43)) - raft.server.log.appender.buffer.element-limit = 1 (custom)
2019-10-16 18:47:21,425 [c0368dd1-c4a9-4bcb-a2d2-6d6b66c0e12a@group-753D53B6DDFB-LeaderElection7] INFO  grpc.GrpcConfigKeys$Server (ConfUtils.java:logGet(43)) - raft.grpc.server.leader.outstanding.appends.max = 128 (default)
2019-10-16 18:47:21,425 [c0368dd1-c4a9-4bcb-a2d2-6d6b66c0e12a@group-753D53B6DDFB-LeaderElection7] INFO  server.RaftServerConfigKeys (ConfUtils.java:logGet(43)) - raft.server.rpc.request.timeout = 3000ms (default)
2019-10-16 18:47:21,425 [c0368dd1-c4a9-4bcb-a2d2-6d6b66c0e12a@group-753D53B6DDFB-LeaderElection7] INFO  server.RaftServerConfigKeys (ConfUtils.java:logGet(43)) - raft.server.log.appender.install.snapshot.enabled = false (custom)
2019-10-16 18:47:21,427 [c0368dd1-c4a9-4bcb-a2d2-6d6b66c0e12a@group-753D53B6DDFB-LeaderElection7] INFO  impl.RoleInfo (RoleInfo.java:updateAndGet(143)) - c0368dd1-c4a9-4bcb-a2d2-6d6b66c0e12a: start LeaderState
2019-10-16 18:47:21,427 [c0368dd1-c4a9-4bcb-a2d2-6d6b66c0e12a@group-753D53B6DDFB-LeaderElection7] INFO  segmented.SegmentedRaftLogWorker (SegmentedRaftLogWorker.java:startLogSegment(385)) - c0368dd1-c4a9-4bcb-a2d2-6d6b66c0e12a@group-753D53B6DDFB-SegmentedRaftLogWorker: Starting segment from index:0
2019-10-16 18:47:21,428 [c0368dd1-c4a9-4bcb-a2d2-6d6b66c0e12a@group-753D53B6DDFB-LeaderElection7] INFO  impl.RaftServerImpl (ServerState.java:setRaftConf(357)) - c0368dd1-c4a9-4bcb-a2d2-6d6b66c0e12a@group-753D53B6DDFB: set configuration 0: [0d5b4e59-aa2f-4fe6-b072-73846da82a05:192.168.157.202:39744, 52bfa4dc-bcba-4693-b6e2-7f231a44b6db:192.168.157.202:43025, c0368dd1-c4a9-4bcb-a2d2-6d6b66c0e12a:192.168.157.202:44847], old=null at 0
2019-10-16 18:47:21,459 [grpc-default-executor-4] INFO  impl.RaftServerImpl (ServerState.java:setLeader(256)) - 0d5b4e59-aa2f-4fe6-b072-73846da82a05@group-753D53B6DDFB: change Leader from null to c0368dd1-c4a9-4bcb-a2d2-6d6b66c0e12a at term 4 for appendEntries, leader elected after 281ms
2019-10-16 18:47:21,460 [c0368dd1-c4a9-4bcb-a2d2-6d6b66c0e12a@group-753D53B6DDFB-SegmentedRaftLogWorker] INFO  segmented.SegmentedRaftLogWorker (SegmentedRaftLogWorker.java:execute(576)) - c0368dd1-c4a9-4bcb-a2d2-6d6b66c0e12a@group-753D53B6DDFB-SegmentedRaftLogWorker: created new log segment /workdir/hadoop-ozone/integration-test/target/test-dir/MiniOzoneClusterImpl-4345c778-bde4-42fc-980f-03f2a0663661/datanode-0/data/ratis/7043c0de-230d-480f-89cc-753d53b6ddfb/current/log_inprogress_0
2019-10-16 18:47:21,460 [grpc-default-executor-2] INFO  impl.RaftServerImpl (ServerState.java:setLeader(256)) - 52bfa4dc-bcba-4693-b6e2-7f231a44b6db@group-753D53B6DDFB: change Leader from null to c0368dd1-c4a9-4bcb-a2d2-6d6b66c0e12a at term 4 for appendEntries, leader elected after 253ms
2019-10-16 18:47:21,468 [grpc-default-executor-4] INFO  impl.RaftServerImpl (ServerState.java:setRaftConf(357)) - 52bfa4dc-bcba-4693-b6e2-7f231a44b6db@group-753D53B6DDFB: set configuration 0: [0d5b4e59-aa2f-4fe6-b072-73846da82a05:192.168.157.202:39744, 52bfa4dc-bcba-4693-b6e2-7f231a44b6db:192.168.157.202:43025, c0368dd1-c4a9-4bcb-a2d2-6d6b66c0e12a:192.168.157.202:44847], old=null at 0
2019-10-16 18:47:21,468 [grpc-default-executor-2] INFO  impl.RaftServerImpl (ServerState.java:setRaftConf(357)) - 0d5b4e59-aa2f-4fe6-b072-73846da82a05@group-753D53B6DDFB: set configuration 0: [0d5b4e59-aa2f-4fe6-b072-73846da82a05:192.168.157.202:39744, 52bfa4dc-bcba-4693-b6e2-7f231a44b6db:192.168.157.202:43025, c0368dd1-c4a9-4bcb-a2d2-6d6b66c0e12a:192.168.157.202:44847], old=null at 0
2019-10-16 18:47:21,468 [grpc-default-executor-2] INFO  segmented.SegmentedRaftLogWorker (SegmentedRaftLogWorker.java:startLogSegment(385)) - 0d5b4e59-aa2f-4fe6-b072-73846da82a05@group-753D53B6DDFB-SegmentedRaftLogWorker: Starting segment from index:0
2019-10-16 18:47:21,470 [grpc-default-executor-4] INFO  segmented.SegmentedRaftLogWorker (SegmentedRaftLogWorker.java:truncate(401)) - 52bfa4dc-bcba-4693-b6e2-7f231a44b6db@group-753D53B6DDFB-SegmentedRaftLogWorker: Truncating segments toTruncate: null
  toDelete: [(0, 0) isOpen? true, length=0, newEndIndex=-1], start index 0
2019-10-16 18:47:21,471 [grpc-default-executor-4] INFO  segmented.SegmentedRaftLogWorker (SegmentedRaftLogWorker.java:startLogSegment(385)) - 52bfa4dc-bcba-4693-b6e2-7f231a44b6db@group-753D53B6DDFB-SegmentedRaftLogWorker: Starting segment from index:0
2019-10-16 18:47:21,472 [52bfa4dc-bcba-4693-b6e2-7f231a44b6db@group-753D53B6DDFB-SegmentedRaftLogWorker] INFO  segmented.SegmentedRaftLogWorker (SegmentedRaftLogWorker.java:execute(640)) - 52bfa4dc-bcba-4693-b6e2-7f231a44b6db@group-753D53B6DDFB-SegmentedRaftLogWorker: Deleted log file /workdir/hadoop-ozone/integration-test/target/test-dir/MiniOzoneClusterImpl-4345c778-bde4-42fc-980f-03f2a0663661/datanode-2/data/ratis/7043c0de-230d-480f-89cc-753d53b6ddfb/current/log_inprogress_0
2019-10-16 18:47:21,473 [52bfa4dc-bcba-4693-b6e2-7f231a44b6db@group-753D53B6DDFB-SegmentedRaftLogWorker] INFO  segmented.SegmentedRaftLogWorker (SegmentedRaftLogWorker.java:lambda$new$0(128)) - 52bfa4dc-bcba-4693-b6e2-7f231a44b6db@group-753D53B6DDFB-SegmentedRaftLogWorker: flushIndex: setUnconditionally 0 -> -1
2019-10-16 18:47:21,516 [0d5b4e59-aa2f-4fe6-b072-73846da82a05@group-753D53B6DDFB-SegmentedRaftLogWorker] INFO  segmented.SegmentedRaftLogWorker (SegmentedRaftLogWorker.java:execute(576)) - 0d5b4e59-aa2f-4fe6-b072-73846da82a05@group-753D53B6DDFB-SegmentedRaftLogWorker: created new log segment /workdir/hadoop-ozone/integration-test/target/test-dir/MiniOzoneClusterImpl-4345c778-bde4-42fc-980f-03f2a0663661/datanode-1/data/ratis/7043c0de-230d-480f-89cc-753d53b6ddfb/current/log_inprogress_0
2019-10-16 18:47:21,516 [52bfa4dc-bcba-4693-b6e2-7f231a44b6db@group-753D53B6DDFB-SegmentedRaftLogWorker] INFO  segmented.SegmentedRaftLogWorker (SegmentedRaftLogWorker.java:execute(576)) - 52bfa4dc-bcba-4693-b6e2-7f231a44b6db@group-753D53B6DDFB-SegmentedRaftLogWorker: created new log segment /workdir/hadoop-ozone/integration-test/target/test-dir/MiniOzoneClusterImpl-4345c778-bde4-42fc-980f-03f2a0663661/datanode-2/data/ratis/7043c0de-230d-480f-89cc-753d53b6ddfb/current/log_inprogress_0
2019-10-16 18:47:22,655 [Datanode State Machine Thread - 0] INFO  statemachine.DatanodeStateMachine (DatanodeStateMachine.java:lambda$startDaemon$0(350)) - Ozone container server started.
2019-10-16 18:47:22,925 [Thread-181] INFO  container.ReplicationManager (ReplicationManager.java:start(162)) - Starting Replication Monitor Thread.
2019-10-16 18:47:22,928 [ReplicationMonitor] INFO  container.ReplicationManager (ReplicationManager.java:run(225)) - Replication Monitor Thread took 1 milliseconds for processing 1 containers.
2019-10-16 18:47:27,643 [main] INFO  ozoneimpl.OzoneContainer (OzoneContainer.java:stop(227)) - Attempting to stop container services.
2019-10-16 18:47:27,644 [main] INFO  impl.RaftServerProxy (RaftServerProxy.java:lambda$close$4(314)) - 52bfa4dc-bcba-4693-b6e2-7f231a44b6db: close
2019-10-16 18:47:27,646 [main] INFO  impl.RaftServerImpl (RaftServerImpl.java:lambda$shutdown$3(261)) - 52bfa4dc-bcba-4693-b6e2-7f231a44b6db@group-753D53B6DDFB: shutdown
2019-10-16 18:47:27,646 [ForkJoinPool.commonPool-worker-0] INFO  impl.RaftServerImpl (RaftServerImpl.java:lambda$shutdown$3(261)) - 52bfa4dc-bcba-4693-b6e2-7f231a44b6db@group-650B45B72909: shutdown
2019-10-16 18:47:27,646 [main] INFO  util.JmxRegister (JmxRegister.java:unregister(73)) - Successfully un-registered JMX Bean with object name Ratis:service=RaftServer,group=group-753D53B6DDFB,id=52bfa4dc-bcba-4693-b6e2-7f231a44b6db
2019-10-16 18:47:27,646 [ForkJoinPool.commonPool-worker-0] INFO  util.JmxRegister (JmxRegister.java:unregister(73)) - Successfully un-registered JMX Bean with object name Ratis:service=RaftServer,group=group-650B45B72909,id=52bfa4dc-bcba-4693-b6e2-7f231a44b6db
2019-10-16 18:47:27,647 [main] INFO  impl.RoleInfo (RoleInfo.java:shutdownFollowerState(121)) - 52bfa4dc-bcba-4693-b6e2-7f231a44b6db: shutdown FollowerState
2019-10-16 18:47:27,647 [ForkJoinPool.commonPool-worker-0] INFO  impl.RoleInfo (RoleInfo.java:shutdownLeaderState(104)) - 52bfa4dc-bcba-4693-b6e2-7f231a44b6db: shutdown LeaderState
2019-10-16 18:47:27,647 [Thread-248] INFO  impl.FollowerState (FollowerState.java:run(117)) - 52bfa4dc-bcba-4693-b6e2-7f231a44b6db@group-753D53B6DDFB-FollowerState was interrupted: java.lang.InterruptedException: sleep interrupted
2019-10-16 18:47:27,647 [main] INFO  impl.StateMachineUpdater (StateMachineUpdater.java:stopAndJoin(136)) - 52bfa4dc-bcba-4693-b6e2-7f231a44b6db@group-753D53B6DDFB-StateMachineUpdater: set stopIndex = 4
2019-10-16 18:47:27,650 [52bfa4dc-bcba-4693-b6e2-7f231a44b6db@group-753D53B6DDFB-StateMachineUpdater] INFO  ratis.ContainerStateMachine (ContainerStateMachine.java:takeSnapshot(294)) - group-753D53B6DDFB: Taking a snapshot at:(t:4, i:3) file /workdir/hadoop-ozone/integration-test/target/test-dir/MiniOzoneClusterImpl-4345c778-bde4-42fc-980f-03f2a0663661/datanode-2/data/ratis/7043c0de-230d-480f-89cc-753d53b6ddfb/sm/snapshot.4_3
2019-10-16 18:47:27,648 [ForkJoinPool.commonPool-worker-0] INFO  impl.PendingRequests (PendingRequests.java:sendNotLeaderResponses(202)) - 52bfa4dc-bcba-4693-b6e2-7f231a44b6db@group-650B45B72909-PendingRequests: sendNotLeaderResponses
2019-10-16 18:47:27,651 [ForkJoinPool.commonPool-worker-0] INFO  impl.StateMachineUpdater (StateMachineUpdater.java:stopAndJoin(136)) - 52bfa4dc-bcba-4693-b6e2-7f231a44b6db@group-650B45B72909-StateMachineUpdater: set stopIndex = 0
2019-10-16 18:47:27,652 [ForkJoinPool.commonPool-worker-0] INFO  impl.RaftServerImpl (ServerState.java:close(388)) - 52bfa4dc-bcba-4693-b6e2-7f231a44b6db@group-650B45B72909: closes. applyIndex: 0
2019-10-16 18:47:27,653 [52bfa4dc-bcba-4693-b6e2-7f231a44b6db@group-650B45B72909-SegmentedRaftLogWorker] INFO  segmented.SegmentedRaftLogWorker (SegmentedRaftLogWorker.java:run(316)) - 52bfa4dc-bcba-4693-b6e2-7f231a44b6db@group-650B45B72909-SegmentedRaftLogWorker was interrupted, exiting. There are 0 tasks remaining in the queue.
2019-10-16 18:47:27,654 [ForkJoinPool.commonPool-worker-0] INFO  segmented.SegmentedRaftLogWorker (SegmentedRaftLogWorker.java:close(224)) - 52bfa4dc-bcba-4693-b6e2-7f231a44b6db@group-650B45B72909-SegmentedRaftLogWorker close()
2019-10-16 18:47:27,745 [52bfa4dc-bcba-4693-b6e2-7f231a44b6db@group-753D53B6DDFB-StateMachineUpdater] INFO  ratis.ContainerStateMachine (ContainerStateMachine.java:takeSnapshot(305)) - group-753D53B6DDFB: Finished taking a snapshot at:(t:4, i:3) file:/workdir/hadoop-ozone/integration-test/target/test-dir/MiniOzoneClusterImpl-4345c778-bde4-42fc-980f-03f2a0663661/datanode-2/data/ratis/7043c0de-230d-480f-89cc-753d53b6ddfb/sm/snapshot.4_3 time:98
2019-10-16 18:47:27,747 [52bfa4dc-bcba-4693-b6e2-7f231a44b6db@group-753D53B6DDFB-StateMachineUpdater] INFO  impl.StateMachineUpdater (StateMachineUpdater.java:takeSnapshot(269)) - 52bfa4dc-bcba-4693-b6e2-7f231a44b6db@group-753D53B6DDFB-StateMachineUpdater: Took a snapshot at index 3
2019-10-16 18:47:27,747 [52bfa4dc-bcba-4693-b6e2-7f231a44b6db@group-753D53B6DDFB-StateMachineUpdater] INFO  impl.StateMachineUpdater (StateMachineUpdater.java:lambda$new$0(84)) - 52bfa4dc-bcba-4693-b6e2-7f231a44b6db@group-753D53B6DDFB-StateMachineUpdater: snapshotIndex: updateIncreasingly -1 -> 3
2019-10-16 18:47:27,750 [52bfa4dc-bcba-4693-b6e2-7f231a44b6db@group-753D53B6DDFB-StateMachineUpdater] INFO  ratis.ContainerStateMachine (ContainerStateMachine.java:takeSnapshot(294)) - group-753D53B6DDFB: Taking a snapshot at:(t:4, i:3) file /workdir/hadoop-ozone/integration-test/target/test-dir/MiniOzoneClusterImpl-4345c778-bde4-42fc-980f-03f2a0663661/datanode-2/data/ratis/7043c0de-230d-480f-89cc-753d53b6ddfb/sm/snapshot.4_3
2019-10-16 18:47:27,754 [52bfa4dc-bcba-4693-b6e2-7f231a44b6db@group-753D53B6DDFB-StateMachineUpdater] INFO  ratis.ContainerStateMachine (ContainerStateMachine.java:takeSnapshot(305)) - group-753D53B6DDFB: Finished taking a snapshot at:(t:4, i:3) file:/workdir/hadoop-ozone/integration-test/target/test-dir/MiniOzoneClusterImpl-4345c778-bde4-42fc-980f-03f2a0663661/datanode-2/data/ratis/7043c0de-230d-480f-89cc-753d53b6ddfb/sm/snapshot.4_3 time:5
2019-10-16 18:47:27,754 [52bfa4dc-bcba-4693-b6e2-7f231a44b6db@group-753D53B6DDFB-StateMachineUpdater] INFO  impl.StateMachineUpdater (StateMachineUpdater.java:takeSnapshot(269)) - 52bfa4dc-bcba-4693-b6e2-7f231a44b6db@group-753D53B6DDFB-StateMachineUpdater: Took a snapshot at index 3
2019-10-16 18:47:27,754 [52bfa4dc-bcba-4693-b6e2-7f231a44b6db@group-753D53B6DDFB-StateMachineUpdater] INFO  impl.StateMachineUpdater (StateMachineUpdater.java:lambda$new$0(84)) - 52bfa4dc-bcba-4693-b6e2-7f231a44b6db@group-753D53B6DDFB-StateMachineUpdater: snapshotIndex: updateIncreasingly 3 -> 3
2019-10-16 18:47:27,755 [main] INFO  impl.RaftServerImpl (ServerState.java:close(388)) - 52bfa4dc-bcba-4693-b6e2-7f231a44b6db@group-753D53B6DDFB: closes. applyIndex: 4
2019-10-16 18:47:27,755 [52bfa4dc-bcba-4693-b6e2-7f231a44b6db@group-753D53B6DDFB-SegmentedRaftLogWorker] INFO  segmented.SegmentedRaftLogWorker (SegmentedRaftLogWorker.java:run(316)) - 52bfa4dc-bcba-4693-b6e2-7f231a44b6db@group-753D53B6DDFB-SegmentedRaftLogWorker was interrupted, exiting. There are 0 tasks remaining in the queue.
2019-10-16 18:47:27,767 [main] INFO  segmented.SegmentedRaftLogWorker (SegmentedRaftLogWorker.java:close(224)) - 52bfa4dc-bcba-4693-b6e2-7f231a44b6db@group-753D53B6DDFB-SegmentedRaftLogWorker close()
2019-10-16 18:47:27,769 [main] INFO  server.GrpcService (GrpcService.java:closeImpl(164)) - 52bfa4dc-bcba-4693-b6e2-7f231a44b6db: shutdown server with port 43025 now
2019-10-16 18:47:27,773 [grpc-default-executor-1] WARN  server.GrpcServerProtocolService (LogUtils.java:warn(134)) - 52bfa4dc-bcba-4693-b6e2-7f231a44b6db: installSnapshot onError, lastRequest: c0368dd1-c4a9-4bcb-a2d2-6d6b66c0e12a->52bfa4dc-bcba-4693-b6e2-7f231a44b6db#7-t4, previous=(t:4, i:4), leaderCommit=4, initializing? false, entries: <empty>: org.apache.ratis.thirdparty.io.grpc.StatusRuntimeException: CANCELLED: cancelled before receiving half close
2019-10-16 18:47:27,774 [main] INFO  server.GrpcService (GrpcService.java:closeImpl(172)) - 52bfa4dc-bcba-4693-b6e2-7f231a44b6db: shutdown server with port 43025 successfully
2019-10-16 18:47:27,775 [grpc-default-executor-4] WARN  server.GrpcLogAppender (LogUtils.java:warn(134)) - c0368dd1-c4a9-4bcb-a2d2-6d6b66c0e12a@group-753D53B6DDFB->52bfa4dc-bcba-4693-b6e2-7f231a44b6db-AppendLogResponseHandler: Failed appendEntries: org.apache.ratis.thirdparty.io.grpc.StatusRuntimeException: CANCELLED: HTTP/2 error code: CANCEL
Received Rst Stream
2019-10-16 18:47:27,779 [refreshUsed-/workdir/hadoop-ozone/integration-test/target/test-dir/MiniOzoneClusterImpl-4345c778-bde4-42fc-980f-03f2a0663661/datanode-2/data/containers] WARN  fs.CachingGetSpaceUsed (CachingGetSpaceUsed.java:run(183)) - Thread Interrupted waiting to refresh disk information: sleep interrupted
2019-10-16 18:47:27,794 [main] INFO  utils.BackgroundService (BackgroundService.java:shutdown(151)) - Shutting down service BlockDeletingService
2019-10-16 18:47:27,800 [main] INFO  statemachine.DatanodeStateMachine (DatanodeStateMachine.java:stopDaemon(395)) - Ozone container server stopped.
2019-10-16 18:47:27,803 [main] INFO  handler.ContextHandler (ContextHandler.java:doStop(910)) - Stopped o.e.j.w.WebAppContext@7a0e7ecd{/,null,UNAVAILABLE}{/hddsDatanode}
2019-10-16 18:47:27,808 [main] INFO  server.AbstractConnector (AbstractConnector.java:doStop(318)) - Stopped ServerConnector@54e3658c{HTTP/1.1,[http/1.1]}{0.0.0.0:0}
2019-10-16 18:47:27,808 [main] INFO  handler.ContextHandler (ContextHandler.java:doStop(910)) - Stopped o.e.j.s.ServletContextHandler@5fa23c{/static,jar:file:/home/user/.m2/repository/org/apache/hadoop/hadoop-hdds-container-service/0.5.0-SNAPSHOT/hadoop-hdds-container-service-0.5.0-SNAPSHOT.jar!/webapps/static,UNAVAILABLE}
2019-10-16 18:47:27,808 [main] INFO  handler.ContextHandler (ContextHandler.java:doStop(910)) - Stopped o.e.j.s.ServletContextHandler@6920614{/logs,file:///workdir/hadoop-ozone/integration-test/target/log,UNAVAILABLE}
2019-10-16 18:47:30,815 [java.util.concurrent.ThreadPoolExecutor$Worker@48272572[State = -1, empty queue]] WARN  server.GrpcLogAppender (GrpcLogAppender.java:timeoutAppendRequest(209)) - c0368dd1-c4a9-4bcb-a2d2-6d6b66c0e12a@group-753D53B6DDFB->52bfa4dc-bcba-4693-b6e2-7f231a44b6db-GrpcLogAppender: appendEntries Timeout, request=c0368dd1-c4a9-4bcb-a2d2-6d6b66c0e12a->52bfa4dc-bcba-4693-b6e2-7f231a44b6db#8-t4, previous=(t:4, i:4), leaderCommit=4, initializing? false, entries: size=1, first=(t:4, i:5), STATEMACHINELOGENTRY, client-F1A042848956, cid=8
2019-10-16 18:47:30,818 [java.util.concurrent.ThreadPoolExecutor$Worker@48272572[State = -1, empty queue]] WARN  server.GrpcLogAppender (GrpcLogAppender.java:timeoutAppendRequest(209)) - c0368dd1-c4a9-4bcb-a2d2-6d6b66c0e12a@group-753D53B6DDFB->52bfa4dc-bcba-4693-b6e2-7f231a44b6db-GrpcLogAppender: appendEntries Timeout, request=c0368dd1-c4a9-4bcb-a2d2-6d6b66c0e12a->52bfa4dc-bcba-4693-b6e2-7f231a44b6db#9-t4, previous=(t:4, i:5), leaderCommit=4, initializing? false, entries: size=1, first=(t:4, i:6), STATEMACHINELOGENTRY, client-F1A042848956, cid=9
2019-10-16 18:47:30,827 [java.util.concurrent.ThreadPoolExecutor$Worker@48272572[State = -1, empty queue]] WARN  server.GrpcLogAppender (GrpcLogAppender.java:timeoutAppendRequest(209)) - c0368dd1-c4a9-4bcb-a2d2-6d6b66c0e12a@group-753D53B6DDFB->52bfa4dc-bcba-4693-b6e2-7f231a44b6db-GrpcLogAppender: appendEntries Timeout, request=c0368dd1-c4a9-4bcb-a2d2-6d6b66c0e12a->52bfa4dc-bcba-4693-b6e2-7f231a44b6db#10-t4, previous=(t:4, i:6), leaderCommit=6, initializing? false, entries: size=1, first=(t:4, i:7), METADATAENTRY(c5)
2019-10-16 18:47:30,827 [java.util.concurrent.ThreadPoolExecutor$Worker@48272572[State = -1, empty queue]] WARN  server.GrpcLogAppender (GrpcLogAppender.java:timeoutAppendRequest(209)) - c0368dd1-c4a9-4bcb-a2d2-6d6b66c0e12a@group-753D53B6DDFB->52bfa4dc-bcba-4693-b6e2-7f231a44b6db-GrpcLogAppender: appendEntries Timeout, request=c0368dd1-c4a9-4bcb-a2d2-6d6b66c0e12a->52bfa4dc-bcba-4693-b6e2-7f231a44b6db#11-t4, previous=(t:4, i:7), leaderCommit=6, initializing? false, entries: size=1, first=(t:4, i:8), METADATAENTRY(c6)
2019-10-16 18:47:33,330 [java.util.concurrent.ThreadPoolExecutor$Worker@48272572[State = -1, empty queue]] WARN  server.GrpcLogAppender (GrpcLogAppender.java:timeoutAppendRequest(209)) - c0368dd1-c4a9-4bcb-a2d2-6d6b66c0e12a@group-753D53B6DDFB->52bfa4dc-bcba-4693-b6e2-7f231a44b6db-GrpcLogAppender: appendEntries Timeout, request=c0368dd1-c4a9-4bcb-a2d2-6d6b66c0e12a->52bfa4dc-bcba-4693-b6e2-7f231a44b6db#12-t4, previous=(t:4, i:8), leaderCommit=8, initializing? false, entries: <empty>
2019-10-16 18:47:35,830 [java.util.concurrent.ThreadPoolExecutor$Worker@48272572[State = -1, empty queue]] WARN  server.GrpcLogAppender (GrpcLogAppender.java:timeoutAppendRequest(209)) - c0368dd1-c4a9-4bcb-a2d2-6d6b66c0e12a@group-753D53B6DDFB->52bfa4dc-bcba-4693-b6e2-7f231a44b6db-GrpcLogAppender: appendEntries Timeout, request=c0368dd1-c4a9-4bcb-a2d2-6d6b66c0e12a->52bfa4dc-bcba-4693-b6e2-7f231a44b6db#13-t4, previous=(t:4, i:8), leaderCommit=8, initializing? false, entries: <empty>
2019-10-16 18:47:36,853 [Thread-307] INFO  client.GrpcClientProtocolService (GrpcClientProtocolService.java:lambda$processClientRequest$0(278)) - Failed RaftClientRequest:client-F1A042848956->0d5b4e59-aa2f-4fe6-b072-73846da82a05@group-753D53B6DDFB, cid=10, seq=0, Watch-ALL_COMMITTED(6), Message:<EMPTY>, reply=RaftClientReply:client-F1A042848956->0d5b4e59-aa2f-4fe6-b072-73846da82a05@group-753D53B6DDFB, cid=10, FAILED org.apache.ratis.protocol.NotLeaderException: Server 0d5b4e59-aa2f-4fe6-b072-73846da82a05@group-753D53B6DDFB is not the leader c0368dd1-c4a9-4bcb-a2d2-6d6b66c0e12a:192.168.157.202:44847, logIndex=0, commits[0d5b4e59-aa2f-4fe6-b072-73846da82a05:c8, 52bfa4dc-bcba-4693-b6e2-7f231a44b6db:c4, c0368dd1-c4a9-4bcb-a2d2-6d6b66c0e12a:c8]
2019-10-16 18:47:38,331 [java.util.concurrent.ThreadPoolExecutor$Worker@48272572[State = -1, empty queue]] WARN  server.GrpcLogAppender (GrpcLogAppender.java:timeoutAppendRequest(209)) - c0368dd1-c4a9-4bcb-a2d2-6d6b66c0e12a@group-753D53B6DDFB->52bfa4dc-bcba-4693-b6e2-7f231a44b6db-GrpcLogAppender: appendEntries Timeout, request=c0368dd1-c4a9-4bcb-a2d2-6d6b66c0e12a->52bfa4dc-bcba-4693-b6e2-7f231a44b6db#14-t4, previous=(t:4, i:8), leaderCommit=8, initializing? false, entries: <empty>
2019-10-16 18:47:38,586 [Thread-311] INFO  client.GrpcClientProtocolService (GrpcClientProtocolService.java:lambda$processClientRequest$0(278)) - Failed RaftClientRequest:client-F1A042848956->c0368dd1-c4a9-4bcb-a2d2-6d6b66c0e12a@group-753D53B6DDFB, cid=10, seq=0, Watch-ALL_COMMITTED(6), Message:<EMPTY>, reply=RaftClientReply:client-F1A042848956->c0368dd1-c4a9-4bcb-a2d2-6d6b66c0e12a@group-753D53B6DDFB, cid=10, FAILED org.apache.ratis.protocol.NotReplicatedException: Request with call Id 10 and log index 6 is not yet replicated to ALL_COMMITTED, logIndex=6, commits[c0368dd1-c4a9-4bcb-a2d2-6d6b66c0e12a:c8, 0d5b4e59-aa2f-4fe6-b072-73846da82a05:c8, 52bfa4dc-bcba-4693-b6e2-7f231a44b6db:c4]
2019-10-16 18:47:40,832 [java.util.concurrent.ThreadPoolExecutor$Worker@48272572[State = -1, empty queue]] WARN  server.GrpcLogAppender (GrpcLogAppender.java:timeoutAppendRequest(209)) - c0368dd1-c4a9-4bcb-a2d2-6d6b66c0e12a@group-753D53B6DDFB->52bfa4dc-bcba-4693-b6e2-7f231a44b6db-GrpcLogAppender: appendEntries Timeout, request=c0368dd1-c4a9-4bcb-a2d2-6d6b66c0e12a->52bfa4dc-bcba-4693-b6e2-7f231a44b6db#15-t4, previous=(t:4, i:8), leaderCommit=8, initializing? false, entries: <empty>
2019-10-16 18:47:43,334 [java.util.concurrent.ThreadPoolExecutor$Worker@48272572[State = -1, empty queue]] WARN  server.GrpcLogAppender (GrpcLogAppender.java:timeoutAppendRequest(209)) - c0368dd1-c4a9-4bcb-a2d2-6d6b66c0e12a@group-753D53B6DDFB->52bfa4dc-bcba-4693-b6e2-7f231a44b6db-GrpcLogAppender: appendEntries Timeout, request=c0368dd1-c4a9-4bcb-a2d2-6d6b66c0e12a->52bfa4dc-bcba-4693-b6e2-7f231a44b6db#16-t4, previous=(t:4, i:8), leaderCommit=8, initializing? false, entries: <empty>
2019-10-16 18:47:45,835 [java.util.concurrent.ThreadPoolExecutor$Worker@48272572[State = -1, empty queue]] WARN  server.GrpcLogAppender (GrpcLogAppender.java:timeoutAppendRequest(209)) - c0368dd1-c4a9-4bcb-a2d2-6d6b66c0e12a@group-753D53B6DDFB->52bfa4dc-bcba-4693-b6e2-7f231a44b6db-GrpcLogAppender: appendEntries Timeout, request=c0368dd1-c4a9-4bcb-a2d2-6d6b66c0e12a->52bfa4dc-bcba-4693-b6e2-7f231a44b6db#17-t4, previous=(t:4, i:8), leaderCommit=8, initializing? false, entries: <empty>
2019-10-16 18:47:46,903 [Thread-319] INFO  client.GrpcClientProtocolService (GrpcClientProtocolService.java:lambda$processClientRequest$0(278)) - Failed RaftClientRequest:client-F1A042848956->0d5b4e59-aa2f-4fe6-b072-73846da82a05@group-753D53B6DDFB, cid=10, seq=0, Watch-ALL_COMMITTED(6), Message:<EMPTY>, reply=RaftClientReply:client-F1A042848956->0d5b4e59-aa2f-4fe6-b072-73846da82a05@group-753D53B6DDFB, cid=10, FAILED org.apache.ratis.protocol.NotLeaderException: Server 0d5b4e59-aa2f-4fe6-b072-73846da82a05@group-753D53B6DDFB is not the leader c0368dd1-c4a9-4bcb-a2d2-6d6b66c0e12a:192.168.157.202:44847, logIndex=0, commits[0d5b4e59-aa2f-4fe6-b072-73846da82a05:c8, 52bfa4dc-bcba-4693-b6e2-7f231a44b6db:c4, c0368dd1-c4a9-4bcb-a2d2-6d6b66c0e12a:c8]
2019-10-16 18:47:47,584 [Thread-322] INFO  client.GrpcClientProtocolService (GrpcClientProtocolService.java:lambda$processClientRequest$0(278)) - Failed RaftClientRequest:client-F1A042848956->c0368dd1-c4a9-4bcb-a2d2-6d6b66c0e12a@group-753D53B6DDFB, cid=10, seq=0, Watch-ALL_COMMITTED(6), Message:<EMPTY>, reply=RaftClientReply:client-F1A042848956->c0368dd1-c4a9-4bcb-a2d2-6d6b66c0e12a@group-753D53B6DDFB, cid=10, FAILED org.apache.ratis.protocol.NotReplicatedException: Request with call Id 10 and log index 6 is not yet replicated to ALL_COMMITTED, logIndex=6, commits[c0368dd1-c4a9-4bcb-a2d2-6d6b66c0e12a:c8, 0d5b4e59-aa2f-4fe6-b072-73846da82a05:c8, 52bfa4dc-bcba-4693-b6e2-7f231a44b6db:c4]
2019-10-16 18:47:48,336 [java.util.concurrent.ThreadPoolExecutor$Worker@48272572[State = -1, empty queue]] WARN  server.GrpcLogAppender (GrpcLogAppender.java:timeoutAppendRequest(209)) - c0368dd1-c4a9-4bcb-a2d2-6d6b66c0e12a@group-753D53B6DDFB->52bfa4dc-bcba-4693-b6e2-7f231a44b6db-GrpcLogAppender: appendEntries Timeout, request=c0368dd1-c4a9-4bcb-a2d2-6d6b66c0e12a->52bfa4dc-bcba-4693-b6e2-7f231a44b6db#18-t4, previous=(t:4, i:8), leaderCommit=8, initializing? false, entries: <empty>
2019-10-16 18:47:50,837 [java.util.concurrent.ThreadPoolExecutor$Worker@48272572[State = -1, empty queue]] WARN  server.GrpcLogAppender (GrpcLogAppender.java:timeoutAppendRequest(209)) - c0368dd1-c4a9-4bcb-a2d2-6d6b66c0e12a@group-753D53B6DDFB->52bfa4dc-bcba-4693-b6e2-7f231a44b6db-GrpcLogAppender: appendEntries Timeout, request=c0368dd1-c4a9-4bcb-a2d2-6d6b66c0e12a->52bfa4dc-bcba-4693-b6e2-7f231a44b6db#19-t4, previous=(t:4, i:8), leaderCommit=8, initializing? false, entries: <empty>
2019-10-16 18:47:53,339 [java.util.concurrent.ThreadPoolExecutor$Worker@48272572[State = -1, empty queue]] WARN  server.GrpcLogAppender (GrpcLogAppender.java:timeoutAppendRequest(209)) - c0368dd1-c4a9-4bcb-a2d2-6d6b66c0e12a@group-753D53B6DDFB->52bfa4dc-bcba-4693-b6e2-7f231a44b6db-GrpcLogAppender: appendEntries Timeout, request=c0368dd1-c4a9-4bcb-a2d2-6d6b66c0e12a->52bfa4dc-bcba-4693-b6e2-7f231a44b6db#20-t4, previous=(t:4, i:8), leaderCommit=8, initializing? false, entries: <empty>
2019-10-16 18:47:55,840 [java.util.concurrent.ThreadPoolExecutor$Worker@48272572[State = -1, empty queue]] WARN  server.GrpcLogAppender (GrpcLogAppender.java:timeoutAppendRequest(209)) - c0368dd1-c4a9-4bcb-a2d2-6d6b66c0e12a@group-753D53B6DDFB->52bfa4dc-bcba-4693-b6e2-7f231a44b6db-GrpcLogAppender: appendEntries Timeout, request=c0368dd1-c4a9-4bcb-a2d2-6d6b66c0e12a->52bfa4dc-bcba-4693-b6e2-7f231a44b6db#21-t4, previous=(t:4, i:8), leaderCommit=8, initializing? false, entries: <empty>
2019-10-16 18:47:55,935 [Thread-329] INFO  client.GrpcClientProtocolService (GrpcClientProtocolService.java:lambda$processClientRequest$0(278)) - Failed RaftClientRequest:client-F1A042848956->0d5b4e59-aa2f-4fe6-b072-73846da82a05@group-753D53B6DDFB, cid=10, seq=0, Watch-ALL_COMMITTED(6), Message:<EMPTY>, reply=RaftClientReply:client-F1A042848956->0d5b4e59-aa2f-4fe6-b072-73846da82a05@group-753D53B6DDFB, cid=10, FAILED org.apache.ratis.protocol.NotLeaderException: Server 0d5b4e59-aa2f-4fe6-b072-73846da82a05@group-753D53B6DDFB is not the leader c0368dd1-c4a9-4bcb-a2d2-6d6b66c0e12a:192.168.157.202:44847, logIndex=0, commits[0d5b4e59-aa2f-4fe6-b072-73846da82a05:c8, 52bfa4dc-bcba-4693-b6e2-7f231a44b6db:c4, c0368dd1-c4a9-4bcb-a2d2-6d6b66c0e12a:c8]
2019-10-16 18:47:57,584 [Thread-332] INFO  client.GrpcClientProtocolService (GrpcClientProtocolService.java:lambda$processClientRequest$0(278)) - Failed RaftClientRequest:client-F1A042848956->c0368dd1-c4a9-4bcb-a2d2-6d6b66c0e12a@group-753D53B6DDFB, cid=10, seq=0, Watch-ALL_COMMITTED(6), Message:<EMPTY>, reply=RaftClientReply:client-F1A042848956->c0368dd1-c4a9-4bcb-a2d2-6d6b66c0e12a@group-753D53B6DDFB, cid=10, FAILED org.apache.ratis.protocol.NotReplicatedException: Request with call Id 10 and log index 6 is not yet replicated to ALL_COMMITTED, logIndex=6, commits[c0368dd1-c4a9-4bcb-a2d2-6d6b66c0e12a:c8, 0d5b4e59-aa2f-4fe6-b072-73846da82a05:c8, 52bfa4dc-bcba-4693-b6e2-7f231a44b6db:c4]
2019-10-16 18:47:57,839 [main] WARN  scm.XceiverClientRatis (XceiverClientRatis.java:watchForCommit(277)) - 3 way commit failed on pipeline Pipeline[ Id: 7043c0de-230d-480f-89cc-753d53b6ddfb, Nodes: 0d5b4e59-aa2f-4fe6-b072-73846da82a05{ip: 192.168.157.202, host: pr-hdds-2283-rsqnh-1472443098, networkLocation: /default-rack, certSerialId: null}52bfa4dc-bcba-4693-b6e2-7f231a44b6db{ip: 192.168.157.202, host: pr-hdds-2283-rsqnh-1472443098, networkLocation: /default-rack, certSerialId: null}c0368dd1-c4a9-4bcb-a2d2-6d6b66c0e12a{ip: 192.168.157.202, host: pr-hdds-2283-rsqnh-1472443098, networkLocation: /default-rack, certSerialId: null}, Type:RATIS, Factor:THREE, State:OPEN]
java.util.concurrent.TimeoutException
	at java.util.concurrent.CompletableFuture.timedGet(CompletableFuture.java:1771)
	at java.util.concurrent.CompletableFuture.get(CompletableFuture.java:1915)
	at org.apache.hadoop.hdds.scm.XceiverClientRatis.watchForCommit(XceiverClientRatis.java:274)
	at org.apache.hadoop.hdds.scm.storage.CommitWatcher.watchForCommit(CommitWatcher.java:198)
	at org.apache.hadoop.hdds.scm.storage.CommitWatcher.watchOnLastIndex(CommitWatcher.java:161)
	at org.apache.hadoop.hdds.scm.storage.BlockOutputStream.watchForCommit(BlockOutputStream.java:346)
	at org.apache.hadoop.hdds.scm.storage.BlockOutputStream.handleFlush(BlockOutputStream.java:482)
	at org.apache.hadoop.hdds.scm.storage.BlockOutputStream.close(BlockOutputStream.java:496)
	at org.apache.hadoop.ozone.client.io.BlockOutputStreamEntry.close(BlockOutputStreamEntry.java:143)
	at org.apache.hadoop.ozone.client.io.KeyOutputStream.handleFlushOrClose(KeyOutputStream.java:435)
	at org.apache.hadoop.ozone.client.io.KeyOutputStream.close(KeyOutputStream.java:473)
	at org.apache.hadoop.ozone.client.io.OzoneOutputStream.close(OzoneOutputStream.java:60)
	at org.apache.hadoop.ozone.client.rpc.TestDeleteWithSlowFollower.testDeleteKeyWithSlowFollower(TestDeleteWithSlowFollower.java:193)
	at sun.reflect.NativeMethodAccessorImpl.invoke0(Native Method)
	at sun.reflect.NativeMethodAccessorImpl.invoke(NativeMethodAccessorImpl.java:62)
	at sun.reflect.DelegatingMethodAccessorImpl.invoke(DelegatingMethodAccessorImpl.java:43)
	at java.lang.reflect.Method.invoke(Method.java:498)
	at org.junit.runners.model.FrameworkMethod$1.runReflectiveCall(FrameworkMethod.java:47)
	at org.junit.internal.runners.model.ReflectiveCallable.run(ReflectiveCallable.java:12)
	at org.junit.runners.model.FrameworkMethod.invokeExplosively(FrameworkMethod.java:44)
	at org.junit.internal.runners.statements.InvokeMethod.evaluate(InvokeMethod.java:17)
	at org.junit.runners.ParentRunner.runLeaf(ParentRunner.java:271)
	at org.junit.runners.BlockJUnit4ClassRunner.runChild(BlockJUnit4ClassRunner.java:70)
	at org.junit.runners.BlockJUnit4ClassRunner.runChild(BlockJUnit4ClassRunner.java:50)
	at org.junit.runners.ParentRunner$3.run(ParentRunner.java:238)
	at org.junit.runners.ParentRunner$1.schedule(ParentRunner.java:63)
	at org.junit.runners.ParentRunner.runChildren(ParentRunner.java:236)
	at org.junit.runners.ParentRunner.access$000(ParentRunner.java:53)
	at org.junit.runners.ParentRunner$2.evaluate(ParentRunner.java:229)
	at org.junit.internal.runners.statements.RunBefores.evaluate(RunBefores.java:26)
	at org.junit.internal.runners.statements.RunAfters.evaluate(RunAfters.java:27)
	at org.junit.runners.ParentRunner.run(ParentRunner.java:309)
	at org.apache.maven.surefire.junit4.JUnit4Provider.execute(JUnit4Provider.java:365)
	at org.apache.maven.surefire.junit4.JUnit4Provider.executeWithRerun(JUnit4Provider.java:273)
	at org.apache.maven.surefire.junit4.JUnit4Provider.executeTestSet(JUnit4Provider.java:238)
	at org.apache.maven.surefire.junit4.JUnit4Provider.invoke(JUnit4Provider.java:159)
	at org.apache.maven.surefire.booter.ForkedBooter.invokeProviderInSameClassLoader(ForkedBooter.java:384)
	at org.apache.maven.surefire.booter.ForkedBooter.runSuitesInProcess(ForkedBooter.java:345)
	at org.apache.maven.surefire.booter.ForkedBooter.execute(ForkedBooter.java:126)
	at org.apache.maven.surefire.booter.ForkedBooter.main(ForkedBooter.java:418)
2019-10-16 18:47:57,856 [main] INFO  scm.XceiverClientRatis (XceiverClientRatis.java:lambda$watchForCommit$5(295)) - Could not commit index 6 on pipeline Pipeline[ Id: 7043c0de-230d-480f-89cc-753d53b6ddfb, Nodes: 0d5b4e59-aa2f-4fe6-b072-73846da82a05{ip: 192.168.157.202, host: pr-hdds-2283-rsqnh-1472443098, networkLocation: /default-rack, certSerialId: null}52bfa4dc-bcba-4693-b6e2-7f231a44b6db{ip: 192.168.157.202, host: pr-hdds-2283-rsqnh-1472443098, networkLocation: /default-rack, certSerialId: null}c0368dd1-c4a9-4bcb-a2d2-6d6b66c0e12a{ip: 192.168.157.202, host: pr-hdds-2283-rsqnh-1472443098, networkLocation: /default-rack, certSerialId: null}, Type:RATIS, Factor:THREE, State:OPEN] to all the nodes. Server 52bfa4dc-bcba-4693-b6e2-7f231a44b6db has failed. Committed by majority.
2019-10-16 18:47:57,857 [main] WARN  storage.BlockOutputStream (BlockOutputStream.java:watchForCommit(352)) - Failed to commit BlockId conID: 1 locID: 102973547548049408 bcsId: 6 on Pipeline[ Id: 7043c0de-230d-480f-89cc-753d53b6ddfb, Nodes: 0d5b4e59-aa2f-4fe6-b072-73846da82a05{ip: 192.168.157.202, host: pr-hdds-2283-rsqnh-1472443098, networkLocation: /default-rack, certSerialId: null}52bfa4dc-bcba-4693-b6e2-7f231a44b6db{ip: 192.168.157.202, host: pr-hdds-2283-rsqnh-1472443098, networkLocation: /default-rack, certSerialId: null}c0368dd1-c4a9-4bcb-a2d2-6d6b66c0e12a{ip: 192.168.157.202, host: pr-hdds-2283-rsqnh-1472443098, networkLocation: /default-rack, certSerialId: null}, Type:RATIS, Factor:THREE, State:OPEN]. Failed nodes: [52bfa4dc-bcba-4693-b6e2-7f231a44b6db{ip: null, host: null, networkLocation: /default-rack, certSerialId: null}]
2019-10-16 18:47:57,941 [EventQueue-IncrementalContainerReportForIncrementalContainerReportHandler] WARN  container.IncrementalContainerReportHandler (AbstractContainerReportHandler.java:updateContainerState(145)) - Container #1 is in OPEN state, but the datanode c0368dd1-c4a9-4bcb-a2d2-6d6b66c0e12a{ip: 192.168.157.202, host: pr-hdds-2283-rsqnh-1472443098, networkLocation: /default-rack, certSerialId: null} reports an CLOSING replica.
2019-10-16 18:47:57,942 [RatisApplyTransactionExecutor 1] INFO  interfaces.Container (KeyValueContainer.java:flushAndSyncDB(386)) - Container 1 is synced with bcsId 6.
2019-10-16 18:47:57,945 [RatisApplyTransactionExecutor 1] INFO  interfaces.Container (KeyValueContainer.java:flushAndSyncDB(386)) - Container 1 is synced with bcsId 6.
2019-10-16 18:47:57,971 [RatisApplyTransactionExecutor 1] INFO  interfaces.Container (KeyValueContainer.java:close(335)) - Container 1 is closed with bcsId 6.
2019-10-16 18:47:57,973 [RatisApplyTransactionExecutor 1] INFO  interfaces.Container (KeyValueContainer.java:flushAndSyncDB(386)) - Container 1 is synced with bcsId 6.
2019-10-16 18:47:57,974 [EventQueue-IncrementalContainerReportForIncrementalContainerReportHandler] WARN  container.IncrementalContainerReportHandler (AbstractContainerReportHandler.java:updateContainerState(145)) - Container #1 is in OPEN state, but the datanode 0d5b4e59-aa2f-4fe6-b072-73846da82a05{ip: 192.168.157.202, host: pr-hdds-2283-rsqnh-1472443098, networkLocation: /default-rack, certSerialId: null} reports an CLOSING replica.
2019-10-16 18:47:57,974 [RatisApplyTransactionExecutor 1] INFO  interfaces.Container (KeyValueContainer.java:flushAndSyncDB(386)) - Container 1 is synced with bcsId 6.
2019-10-16 18:47:57,975 [EventQueue-IncrementalContainerReportForIncrementalContainerReportHandler] WARN  container.IncrementalContainerReportHandler (AbstractContainerReportHandler.java:updateContainerState(145)) - Container #1 is in OPEN state, but the datanode c0368dd1-c4a9-4bcb-a2d2-6d6b66c0e12a{ip: 192.168.157.202, host: pr-hdds-2283-rsqnh-1472443098, networkLocation: /default-rack, certSerialId: null} reports an CLOSED replica.
2019-10-16 18:47:58,010 [RatisApplyTransactionExecutor 1] INFO  interfaces.Container (KeyValueContainer.java:close(335)) - Container 1 is closed with bcsId 6.
2019-10-16 18:47:58,011 [EventQueue-IncrementalContainerReportForIncrementalContainerReportHandler] WARN  container.IncrementalContainerReportHandler (AbstractContainerReportHandler.java:updateContainerState(145)) - Container #1 is in OPEN state, but the datanode 0d5b4e59-aa2f-4fe6-b072-73846da82a05{ip: 192.168.157.202, host: pr-hdds-2283-rsqnh-1472443098, networkLocation: /default-rack, certSerialId: null} reports an CLOSED replica.
2019-10-16 18:47:58,011 [EventQueue-ContainerReportForContainerReportHandler] WARN  container.ContainerReportHandler (AbstractContainerReportHandler.java:updateContainerState(145)) - Container #1 is in OPEN state, but the datanode 0d5b4e59-aa2f-4fe6-b072-73846da82a05{ip: 192.168.157.202, host: pr-hdds-2283-rsqnh-1472443098, networkLocation: /default-rack, certSerialId: null} reports an CLOSED replica.
2019-10-16 18:47:58,152 [BlockDeletingService#2] WARN  background.BlockDeletingService (BlockDeletingService.java:isDeletionAllowed(187)) - Close Container log Index 6 is not replicated across allthe servers in the pipeline 7043c0de-230d-480f-89cc-753d53b6ddfb as the min replicated index is 4. Deletion is not allowed in this container yet.
2019-10-16 18:47:58,153 [BlockDeletingService#2] WARN  background.BlockDeletingService (BlockDeletingService.java:isDeletionAllowed(187)) - Close Container log Index 6 is not replicated across allthe servers in the pipeline 7043c0de-230d-480f-89cc-753d53b6ddfb as the min replicated index is 4. Deletion is not allowed in this container yet.
2019-10-16 18:47:58,161 [IPC Server handler 17 on 36724] INFO  server.SCMBlockProtocolServer (SCMBlockProtocolServer.java:deleteKeyBlocks(212)) - SCM is informed by OM to delete 1 blocks
2019-10-16 18:47:58,161 [IPC Server handler 17 on 36724] INFO  block.BlockManagerImpl (BlockManagerImpl.java:deleteBlocks(285)) - Deleting blocks conID: 1 locID: 102973547548049408 bcsId: 0
2019-10-16 18:47:58,272 [EventQueue-ContainerReportForContainerReportHandler] WARN  container.ContainerReportHandler (AbstractContainerReportHandler.java:updateContainerState(145)) - Container #1 is in OPEN state, but the datanode c0368dd1-c4a9-4bcb-a2d2-6d6b66c0e12a{ip: 192.168.157.202, host: pr-hdds-2283-rsqnh-1472443098, networkLocation: /default-rack, certSerialId: null} reports an CLOSED replica.
2019-10-16 18:47:58,342 [java.util.concurrent.ThreadPoolExecutor$Worker@48272572[State = -1, empty queue]] WARN  server.GrpcLogAppender (GrpcLogAppender.java:timeoutAppendRequest(209)) - c0368dd1-c4a9-4bcb-a2d2-6d6b66c0e12a@group-753D53B6DDFB->52bfa4dc-bcba-4693-b6e2-7f231a44b6db-GrpcLogAppender: appendEntries Timeout, request=c0368dd1-c4a9-4bcb-a2d2-6d6b66c0e12a->52bfa4dc-bcba-4693-b6e2-7f231a44b6db#22-t4, previous=(t:4, i:8), leaderCommit=8, initializing? false, entries: <empty>
2019-10-16 18:47:58,411 [EventQueue-ContainerReportForContainerReportHandler] WARN  container.ContainerReportHandler (AbstractContainerReportHandler.java:updateContainerState(145)) - Container #1 is in OPEN state, but the datanode 0d5b4e59-aa2f-4fe6-b072-73846da82a05{ip: 192.168.157.202, host: pr-hdds-2283-rsqnh-1472443098, networkLocation: /default-rack, certSerialId: null} reports an CLOSED replica.
2019-10-16 18:47:58,572 [EventQueue-ContainerReportForContainerReportHandler] WARN  container.ContainerReportHandler (AbstractContainerReportHandler.java:updateContainerState(145)) - Container #1 is in OPEN state, but the datanode c0368dd1-c4a9-4bcb-a2d2-6d6b66c0e12a{ip: 192.168.157.202, host: pr-hdds-2283-rsqnh-1472443098, networkLocation: /default-rack, certSerialId: null} reports an CLOSED replica.
2019-10-16 18:47:58,711 [EventQueue-ContainerReportForContainerReportHandler] WARN  container.ContainerReportHandler (AbstractContainerReportHandler.java:updateContainerState(145)) - Container #1 is in OPEN state, but the datanode 0d5b4e59-aa2f-4fe6-b072-73846da82a05{ip: 192.168.157.202, host: pr-hdds-2283-rsqnh-1472443098, networkLocation: /default-rack, certSerialId: null} reports an CLOSED replica.
2019-10-16 18:47:58,872 [EventQueue-ContainerReportForContainerReportHandler] WARN  container.ContainerReportHandler (AbstractContainerReportHandler.java:updateContainerState(145)) - Container #1 is in OPEN state, but the datanode c0368dd1-c4a9-4bcb-a2d2-6d6b66c0e12a{ip: 192.168.157.202, host: pr-hdds-2283-rsqnh-1472443098, networkLocation: /default-rack, certSerialId: null} reports an CLOSED replica.
2019-10-16 18:47:59,013 [EventQueue-ContainerReportForContainerReportHandler] WARN  container.ContainerReportHandler (AbstractContainerReportHandler.java:updateContainerState(145)) - Container #1 is in OPEN state, but the datanode 0d5b4e59-aa2f-4fe6-b072-73846da82a05{ip: 192.168.157.202, host: pr-hdds-2283-rsqnh-1472443098, networkLocation: /default-rack, certSerialId: null} reports an CLOSED replica.
2019-10-16 18:47:59,073 [EventQueue-ContainerReportForContainerReportHandler] WARN  container.ContainerReportHandler (AbstractContainerReportHandler.java:updateContainerState(145)) - Container #1 is in OPEN state, but the datanode c0368dd1-c4a9-4bcb-a2d2-6d6b66c0e12a{ip: 192.168.157.202, host: pr-hdds-2283-rsqnh-1472443098, networkLocation: /default-rack, certSerialId: null} reports an CLOSED replica.
2019-10-16 18:47:59,153 [BlockDeletingService#2] WARN  background.BlockDeletingService (BlockDeletingService.java:isDeletionAllowed(187)) - Close Container log Index 6 is not replicated across allthe servers in the pipeline 7043c0de-230d-480f-89cc-753d53b6ddfb as the min replicated index is 4. Deletion is not allowed in this container yet.
2019-10-16 18:47:59,155 [BlockDeletingService#2] WARN  background.BlockDeletingService (BlockDeletingService.java:isDeletionAllowed(187)) - Close Container log Index 6 is not replicated across allthe servers in the pipeline 7043c0de-230d-480f-89cc-753d53b6ddfb as the min replicated index is 4. Deletion is not allowed in this container yet.
2019-10-16 18:47:59,313 [EventQueue-ContainerReportForContainerReportHandler] WARN  container.ContainerReportHandler (AbstractContainerReportHandler.java:updateContainerState(145)) - Container #1 is in OPEN state, but the datanode 0d5b4e59-aa2f-4fe6-b072-73846da82a05{ip: 192.168.157.202, host: pr-hdds-2283-rsqnh-1472443098, networkLocation: /default-rack, certSerialId: null} reports an CLOSED replica.
2019-10-16 18:47:59,473 [EventQueue-ContainerReportForContainerReportHandler] WARN  container.ContainerReportHandler (AbstractContainerReportHandler.java:updateContainerState(145)) - Container #1 is in OPEN state, but the datanode c0368dd1-c4a9-4bcb-a2d2-6d6b66c0e12a{ip: 192.168.157.202, host: pr-hdds-2283-rsqnh-1472443098, networkLocation: /default-rack, certSerialId: null} reports an CLOSED replica.
2019-10-16 18:47:59,613 [EventQueue-ContainerReportForContainerReportHandler] WARN  container.ContainerReportHandler (AbstractContainerReportHandler.java:updateContainerState(145)) - Container #1 is in OPEN state, but the datanode 0d5b4e59-aa2f-4fe6-b072-73846da82a05{ip: 192.168.157.202, host: pr-hdds-2283-rsqnh-1472443098, networkLocation: /default-rack, certSerialId: null} reports an CLOSED replica.
2019-10-16 18:47:59,873 [EventQueue-ContainerReportForContainerReportHandler] WARN  container.ContainerReportHandler (AbstractContainerReportHandler.java:updateContainerState(145)) - Container #1 is in OPEN state, but the datanode c0368dd1-c4a9-4bcb-a2d2-6d6b66c0e12a{ip: 192.168.157.202, host: pr-hdds-2283-rsqnh-1472443098, networkLocation: /default-rack, certSerialId: null} reports an CLOSED replica.
2019-10-16 18:48:00,013 [EventQueue-ContainerReportForContainerReportHandler] WARN  container.ContainerReportHandler (AbstractContainerReportHandler.java:updateContainerState(145)) - Container #1 is in OPEN state, but the datanode 0d5b4e59-aa2f-4fe6-b072-73846da82a05{ip: 192.168.157.202, host: pr-hdds-2283-rsqnh-1472443098, networkLocation: /default-rack, certSerialId: null} reports an CLOSED replica.
2019-10-16 18:48:00,154 [BlockDeletingService#2] WARN  background.BlockDeletingService (BlockDeletingService.java:isDeletionAllowed(187)) - Close Container log Index 6 is not replicated across allthe servers in the pipeline 7043c0de-230d-480f-89cc-753d53b6ddfb as the min replicated index is 4. Deletion is not allowed in this container yet.
2019-10-16 18:48:00,156 [BlockDeletingService#2] WARN  background.BlockDeletingService (BlockDeletingService.java:isDeletionAllowed(187)) - Close Container log Index 6 is not replicated across allthe servers in the pipeline 7043c0de-230d-480f-89cc-753d53b6ddfb as the min replicated index is 4. Deletion is not allowed in this container yet.
2019-10-16 18:48:00,174 [EventQueue-ContainerReportForContainerReportHandler] WARN  container.ContainerReportHandler (AbstractContainerReportHandler.java:updateContainerState(145)) - Container #1 is in OPEN state, but the datanode c0368dd1-c4a9-4bcb-a2d2-6d6b66c0e12a{ip: 192.168.157.202, host: pr-hdds-2283-rsqnh-1472443098, networkLocation: /default-rack, certSerialId: null} reports an CLOSED replica.
2019-10-16 18:48:00,314 [EventQueue-ContainerReportForContainerReportHandler] WARN  container.ContainerReportHandler (AbstractContainerReportHandler.java:updateContainerState(145)) - Container #1 is in OPEN state, but the datanode 0d5b4e59-aa2f-4fe6-b072-73846da82a05{ip: 192.168.157.202, host: pr-hdds-2283-rsqnh-1472443098, networkLocation: /default-rack, certSerialId: null} reports an CLOSED replica.
2019-10-16 18:48:00,475 [EventQueue-ContainerReportForContainerReportHandler] WARN  container.ContainerReportHandler (AbstractContainerReportHandler.java:updateContainerState(145)) - Container #1 is in OPEN state, but the datanode c0368dd1-c4a9-4bcb-a2d2-6d6b66c0e12a{ip: 192.168.157.202, host: pr-hdds-2283-rsqnh-1472443098, networkLocation: /default-rack, certSerialId: null} reports an CLOSED replica.
2019-10-16 18:48:00,514 [EventQueue-ContainerReportForContainerReportHandler] WARN  container.ContainerReportHandler (AbstractContainerReportHandler.java:updateContainerState(145)) - Container #1 is in OPEN state, but the datanode 0d5b4e59-aa2f-4fe6-b072-73846da82a05{ip: 192.168.157.202, host: pr-hdds-2283-rsqnh-1472443098, networkLocation: /default-rack, certSerialId: null} reports an CLOSED replica.
2019-10-16 18:48:00,777 [EventQueue-ContainerReportForContainerReportHandler] WARN  container.ContainerReportHandler (AbstractContainerReportHandler.java:updateContainerState(145)) - Container #1 is in OPEN state, but the datanode c0368dd1-c4a9-4bcb-a2d2-6d6b66c0e12a{ip: 192.168.157.202, host: pr-hdds-2283-rsqnh-1472443098, networkLocation: /default-rack, certSerialId: null} reports an CLOSED replica.
2019-10-16 18:48:00,845 [java.util.concurrent.ThreadPoolExecutor$Worker@48272572[State = -1, empty queue]] WARN  server.GrpcLogAppender (GrpcLogAppender.java:timeoutAppendRequest(209)) - c0368dd1-c4a9-4bcb-a2d2-6d6b66c0e12a@group-753D53B6DDFB->52bfa4dc-bcba-4693-b6e2-7f231a44b6db-GrpcLogAppender: appendEntries Timeout, request=c0368dd1-c4a9-4bcb-a2d2-6d6b66c0e12a->52bfa4dc-bcba-4693-b6e2-7f231a44b6db#23-t4, previous=(t:4, i:8), leaderCommit=8, initializing? false, entries: <empty>
2019-10-16 18:48:00,914 [EventQueue-ContainerReportForContainerReportHandler] WARN  container.ContainerReportHandler (AbstractContainerReportHandler.java:updateContainerState(145)) - Container #1 is in OPEN state, but the datanode 0d5b4e59-aa2f-4fe6-b072-73846da82a05{ip: 192.168.157.202, host: pr-hdds-2283-rsqnh-1472443098, networkLocation: /default-rack, certSerialId: null} reports an CLOSED replica.
2019-10-16 18:48:00,923 [java.util.concurrent.ThreadPoolExecutor$Worker@48272572[State = -1, empty queue]] WARN  server.GrpcLogAppender (GrpcLogAppender.java:timeoutAppendRequest(209)) - c0368dd1-c4a9-4bcb-a2d2-6d6b66c0e12a@group-753D53B6DDFB->52bfa4dc-bcba-4693-b6e2-7f231a44b6db-GrpcLogAppender: appendEntries Timeout, request=c0368dd1-c4a9-4bcb-a2d2-6d6b66c0e12a->52bfa4dc-bcba-4693-b6e2-7f231a44b6db#24-t4, previous=(t:4, i:8), leaderCommit=8, initializing? false, entries: size=1, first=(t:4, i:9), STATEMACHINELOGENTRY, client-21025C533BF7, cid=12
2019-10-16 18:48:00,927 [java.util.concurrent.ThreadPoolExecutor$Worker@48272572[State = -1, empty queue]] WARN  server.GrpcLogAppender (GrpcLogAppender.java:timeoutAppendRequest(209)) - c0368dd1-c4a9-4bcb-a2d2-6d6b66c0e12a@group-753D53B6DDFB->52bfa4dc-bcba-4693-b6e2-7f231a44b6db-GrpcLogAppender: appendEntries Timeout, request=c0368dd1-c4a9-4bcb-a2d2-6d6b66c0e12a->52bfa4dc-bcba-4693-b6e2-7f231a44b6db#25-t4, previous=(t:4, i:9), leaderCommit=9, initializing? false, entries: size=1, first=(t:4, i:10), METADATAENTRY(c9)
2019-10-16 18:48:01,076 [EventQueue-ContainerReportForContainerReportHandler] WARN  container.ContainerReportHandler (AbstractContainerReportHandler.java:updateContainerState(145)) - Container #1 is in OPEN state, but the datanode c0368dd1-c4a9-4bcb-a2d2-6d6b66c0e12a{ip: 192.168.157.202, host: pr-hdds-2283-rsqnh-1472443098, networkLocation: /default-rack, certSerialId: null} reports an CLOSED replica.
2019-10-16 18:48:01,157 [BlockDeletingService#2] WARN  background.BlockDeletingService (BlockDeletingService.java:isDeletionAllowed(187)) - Close Container log Index 6 is not replicated across allthe servers in the pipeline 7043c0de-230d-480f-89cc-753d53b6ddfb as the min replicated index is 4. Deletion is not allowed in this container yet.
2019-10-16 18:48:01,158 [BlockDeletingService#2] WARN  background.BlockDeletingService (BlockDeletingService.java:isDeletionAllowed(187)) - Close Container log Index 6 is not replicated across allthe servers in the pipeline 7043c0de-230d-480f-89cc-753d53b6ddfb as the min replicated index is 4. Deletion is not allowed in this container yet.
2019-10-16 18:48:01,281 [EventQueue-ContainerReportForContainerReportHandler] WARN  container.ContainerReportHandler (AbstractContainerReportHandler.java:updateContainerState(145)) - Container #1 is in OPEN state, but the datanode c0368dd1-c4a9-4bcb-a2d2-6d6b66c0e12a{ip: 192.168.157.202, host: pr-hdds-2283-rsqnh-1472443098, networkLocation: /default-rack, certSerialId: null} reports an CLOSED replica.
2019-10-16 18:48:01,317 [EventQueue-ContainerReportForContainerReportHandler] WARN  container.ContainerReportHandler (AbstractContainerReportHandler.java:updateContainerState(145)) - Container #1 is in OPEN state, but the datanode 0d5b4e59-aa2f-4fe6-b072-73846da82a05{ip: 192.168.157.202, host: pr-hdds-2283-rsqnh-1472443098, networkLocation: /default-rack, certSerialId: null} reports an CLOSED replica.
2019-10-16 18:48:01,617 [EventQueue-ContainerReportForContainerReportHandler] WARN  container.ContainerReportHandler (AbstractContainerReportHandler.java:updateContainerState(145)) - Container #1 is in OPEN state, but the datanode 0d5b4e59-aa2f-4fe6-b072-73846da82a05{ip: 192.168.157.202, host: pr-hdds-2283-rsqnh-1472443098, networkLocation: /default-rack, certSerialId: null} reports an CLOSED replica.
2019-10-16 18:48:01,681 [EventQueue-ContainerReportForContainerReportHandler] WARN  container.ContainerReportHandler (AbstractContainerReportHandler.java:updateContainerState(145)) - Container #1 is in OPEN state, but the datanode c0368dd1-c4a9-4bcb-a2d2-6d6b66c0e12a{ip: 192.168.157.202, host: pr-hdds-2283-rsqnh-1472443098, networkLocation: /default-rack, certSerialId: null} reports an CLOSED replica.
2019-10-16 18:48:01,882 [EventQueue-ContainerReportForContainerReportHandler] WARN  container.ContainerReportHandler (AbstractContainerReportHandler.java:updateContainerState(145)) - Container #1 is in OPEN state, but the datanode c0368dd1-c4a9-4bcb-a2d2-6d6b66c0e12a{ip: 192.168.157.202, host: pr-hdds-2283-rsqnh-1472443098, networkLocation: /default-rack, certSerialId: null} reports an CLOSED replica.
2019-10-16 18:48:01,917 [EventQueue-ContainerReportForContainerReportHandler] WARN  container.ContainerReportHandler (AbstractContainerReportHandler.java:updateContainerState(145)) - Container #1 is in OPEN state, but the datanode 0d5b4e59-aa2f-4fe6-b072-73846da82a05{ip: 192.168.157.202, host: pr-hdds-2283-rsqnh-1472443098, networkLocation: /default-rack, certSerialId: null} reports an CLOSED replica.
2019-10-16 18:48:02,162 [BlockDeletingService#2] WARN  background.BlockDeletingService (BlockDeletingService.java:isDeletionAllowed(187)) - Close Container log Index 6 is not replicated across allthe servers in the pipeline 7043c0de-230d-480f-89cc-753d53b6ddfb as the min replicated index is 4. Deletion is not allowed in this container yet.
2019-10-16 18:48:02,162 [BlockDeletingService#2] WARN  background.BlockDeletingService (BlockDeletingService.java:isDeletionAllowed(187)) - Close Container log Index 6 is not replicated across allthe servers in the pipeline 7043c0de-230d-480f-89cc-753d53b6ddfb as the min replicated index is 4. Deletion is not allowed in this container yet.
2019-10-16 18:48:02,182 [EventQueue-ContainerReportForContainerReportHandler] WARN  container.ContainerReportHandler (AbstractContainerReportHandler.java:updateContainerState(145)) - Container #1 is in OPEN state, but the datanode c0368dd1-c4a9-4bcb-a2d2-6d6b66c0e12a{ip: 192.168.157.202, host: pr-hdds-2283-rsqnh-1472443098, networkLocation: /default-rack, certSerialId: null} reports an CLOSED replica.
2019-10-16 18:48:02,217 [EventQueue-ContainerReportForContainerReportHandler] WARN  container.ContainerReportHandler (AbstractContainerReportHandler.java:updateContainerState(145)) - Container #1 is in OPEN state, but the datanode 0d5b4e59-aa2f-4fe6-b072-73846da82a05{ip: 192.168.157.202, host: pr-hdds-2283-rsqnh-1472443098, networkLocation: /default-rack, certSerialId: null} reports an CLOSED replica.
2019-10-16 18:48:02,517 [EventQueue-ContainerReportForContainerReportHandler] WARN  container.ContainerReportHandler (AbstractContainerReportHandler.java:updateContainerState(145)) - Container #1 is in OPEN state, but the datanode 0d5b4e59-aa2f-4fe6-b072-73846da82a05{ip: 192.168.157.202, host: pr-hdds-2283-rsqnh-1472443098, networkLocation: /default-rack, certSerialId: null} reports an CLOSED replica.
2019-10-16 18:48:02,582 [EventQueue-ContainerReportForContainerReportHandler] WARN  container.ContainerReportHandler (AbstractContainerReportHandler.java:updateContainerState(145)) - Container #1 is in OPEN state, but the datanode c0368dd1-c4a9-4bcb-a2d2-6d6b66c0e12a{ip: 192.168.157.202, host: pr-hdds-2283-rsqnh-1472443098, networkLocation: /default-rack, certSerialId: null} reports an CLOSED replica.
2019-10-16 18:48:02,818 [EventQueue-ContainerReportForContainerReportHandler] WARN  container.ContainerReportHandler (AbstractContainerReportHandler.java:updateContainerState(145)) - Container #1 is in OPEN state, but the datanode 0d5b4e59-aa2f-4fe6-b072-73846da82a05{ip: 192.168.157.202, host: pr-hdds-2283-rsqnh-1472443098, networkLocation: /default-rack, certSerialId: null} reports an CLOSED replica.
2019-10-16 18:48:02,883 [EventQueue-ContainerReportForContainerReportHandler] WARN  container.ContainerReportHandler (AbstractContainerReportHandler.java:updateContainerState(145)) - Container #1 is in OPEN state, but the datanode c0368dd1-c4a9-4bcb-a2d2-6d6b66c0e12a{ip: 192.168.157.202, host: pr-hdds-2283-rsqnh-1472443098, networkLocation: /default-rack, certSerialId: null} reports an CLOSED replica.
2019-10-16 18:48:03,119 [EventQueue-ContainerReportForContainerReportHandler] WARN  container.ContainerReportHandler (AbstractContainerReportHandler.java:updateContainerState(145)) - Container #1 is in OPEN state, but the datanode 0d5b4e59-aa2f-4fe6-b072-73846da82a05{ip: 192.168.157.202, host: pr-hdds-2283-rsqnh-1472443098, networkLocation: /default-rack, certSerialId: null} reports an CLOSED replica.
2019-10-16 18:48:03,164 [BlockDeletingService#2] WARN  background.BlockDeletingService (BlockDeletingService.java:isDeletionAllowed(187)) - Close Container log Index 6 is not replicated across allthe servers in the pipeline 7043c0de-230d-480f-89cc-753d53b6ddfb as the min replicated index is 4. Deletion is not allowed in this container yet.
2019-10-16 18:48:03,164 [BlockDeletingService#2] WARN  background.BlockDeletingService (BlockDeletingService.java:isDeletionAllowed(187)) - Close Container log Index 6 is not replicated across allthe servers in the pipeline 7043c0de-230d-480f-89cc-753d53b6ddfb as the min replicated index is 4. Deletion is not allowed in this container yet.
2019-10-16 18:48:03,185 [EventQueue-ContainerReportForContainerReportHandler] WARN  container.ContainerReportHandler (AbstractContainerReportHandler.java:updateContainerState(145)) - Container #1 is in OPEN state, but the datanode c0368dd1-c4a9-4bcb-a2d2-6d6b66c0e12a{ip: 192.168.157.202, host: pr-hdds-2283-rsqnh-1472443098, networkLocation: /default-rack, certSerialId: null} reports an CLOSED replica.
2019-10-16 18:48:03,429 [java.util.concurrent.ThreadPoolExecutor$Worker@48272572[State = -1, empty queue]] WARN  server.GrpcLogAppender (GrpcLogAppender.java:timeoutAppendRequest(209)) - c0368dd1-c4a9-4bcb-a2d2-6d6b66c0e12a@group-753D53B6DDFB->52bfa4dc-bcba-4693-b6e2-7f231a44b6db-GrpcLogAppender: appendEntries Timeout, request=c0368dd1-c4a9-4bcb-a2d2-6d6b66c0e12a->52bfa4dc-bcba-4693-b6e2-7f231a44b6db#26-t4, previous=(t:4, i:10), leaderCommit=10, initializing? false, entries: <empty>
2019-10-16 18:48:03,486 [EventQueue-ContainerReportForContainerReportHandler] WARN  container.ContainerReportHandler (AbstractContainerReportHandler.java:updateContainerState(145)) - Container #1 is in OPEN state, but the datanode c0368dd1-c4a9-4bcb-a2d2-6d6b66c0e12a{ip: 192.168.157.202, host: pr-hdds-2283-rsqnh-1472443098, networkLocation: /default-rack, certSerialId: null} reports an CLOSED replica.
2019-10-16 18:48:03,520 [EventQueue-ContainerReportForContainerReportHandler] WARN  container.ContainerReportHandler (AbstractContainerReportHandler.java:updateContainerState(145)) - Container #1 is in OPEN state, but the datanode 0d5b4e59-aa2f-4fe6-b072-73846da82a05{ip: 192.168.157.202, host: pr-hdds-2283-rsqnh-1472443098, networkLocation: /default-rack, certSerialId: null} reports an CLOSED replica.
2019-10-16 18:48:03,686 [EventQueue-ContainerReportForContainerReportHandler] WARN  container.ContainerReportHandler (AbstractContainerReportHandler.java:updateContainerState(145)) - Container #1 is in OPEN state, but the datanode c0368dd1-c4a9-4bcb-a2d2-6d6b66c0e12a{ip: 192.168.157.202, host: pr-hdds-2283-rsqnh-1472443098, networkLocation: /default-rack, certSerialId: null} reports an CLOSED replica.
2019-10-16 18:48:03,821 [EventQueue-ContainerReportForContainerReportHandler] WARN  container.ContainerReportHandler (AbstractContainerReportHandler.java:updateContainerState(145)) - Container #1 is in OPEN state, but the datanode 0d5b4e59-aa2f-4fe6-b072-73846da82a05{ip: 192.168.157.202, host: pr-hdds-2283-rsqnh-1472443098, networkLocation: /default-rack, certSerialId: null} reports an CLOSED replica.
2019-10-16 18:48:03,986 [EventQueue-ContainerReportForContainerReportHandler] WARN  container.ContainerReportHandler (AbstractContainerReportHandler.java:updateContainerState(145)) - Container #1 is in OPEN state, but the datanode c0368dd1-c4a9-4bcb-a2d2-6d6b66c0e12a{ip: 192.168.157.202, host: pr-hdds-2283-rsqnh-1472443098, networkLocation: /default-rack, certSerialId: null} reports an CLOSED replica.
2019-10-16 18:48:04,121 [EventQueue-ContainerReportForContainerReportHandler] WARN  container.ContainerReportHandler (AbstractContainerReportHandler.java:updateContainerState(145)) - Container #1 is in OPEN state, but the datanode 0d5b4e59-aa2f-4fe6-b072-73846da82a05{ip: 192.168.157.202, host: pr-hdds-2283-rsqnh-1472443098, networkLocation: /default-rack, certSerialId: null} reports an CLOSED replica.
2019-10-16 18:48:04,165 [BlockDeletingService#2] WARN  background.BlockDeletingService (BlockDeletingService.java:isDeletionAllowed(187)) - Close Container log Index 6 is not replicated across allthe servers in the pipeline 7043c0de-230d-480f-89cc-753d53b6ddfb as the min replicated index is 4. Deletion is not allowed in this container yet.
2019-10-16 18:48:04,165 [BlockDeletingService#2] WARN  background.BlockDeletingService (BlockDeletingService.java:isDeletionAllowed(187)) - Close Container log Index 6 is not replicated across allthe servers in the pipeline 7043c0de-230d-480f-89cc-753d53b6ddfb as the min replicated index is 4. Deletion is not allowed in this container yet.
2019-10-16 18:48:04,286 [EventQueue-ContainerReportForContainerReportHandler] WARN  container.ContainerReportHandler (AbstractContainerReportHandler.java:updateContainerState(145)) - Container #1 is in OPEN state, but the datanode c0368dd1-c4a9-4bcb-a2d2-6d6b66c0e12a{ip: 192.168.157.202, host: pr-hdds-2283-rsqnh-1472443098, networkLocation: /default-rack, certSerialId: null} reports an CLOSED replica.
2019-10-16 18:48:04,521 [EventQueue-ContainerReportForContainerReportHandler] WARN  container.ContainerReportHandler (AbstractContainerReportHandler.java:updateContainerState(145)) - Container #1 is in OPEN state, but the datanode 0d5b4e59-aa2f-4fe6-b072-73846da82a05{ip: 192.168.157.202, host: pr-hdds-2283-rsqnh-1472443098, networkLocation: /default-rack, certSerialId: null} reports an CLOSED replica.
2019-10-16 18:48:04,586 [EventQueue-ContainerReportForContainerReportHandler] WARN  container.ContainerReportHandler (AbstractContainerReportHandler.java:updateContainerState(145)) - Container #1 is in OPEN state, but the datanode c0368dd1-c4a9-4bcb-a2d2-6d6b66c0e12a{ip: 192.168.157.202, host: pr-hdds-2283-rsqnh-1472443098, networkLocation: /default-rack, certSerialId: null} reports an CLOSED replica.
2019-10-16 18:48:04,721 [EventQueue-ContainerReportForContainerReportHandler] WARN  container.ContainerReportHandler (AbstractContainerReportHandler.java:updateContainerState(145)) - Container #1 is in OPEN state, but the datanode 0d5b4e59-aa2f-4fe6-b072-73846da82a05{ip: 192.168.157.202, host: pr-hdds-2283-rsqnh-1472443098, networkLocation: /default-rack, certSerialId: null} reports an CLOSED replica.
2019-10-16 18:48:04,886 [EventQueue-ContainerReportForContainerReportHandler] WARN  container.ContainerReportHandler (AbstractContainerReportHandler.java:updateContainerState(145)) - Container #1 is in OPEN state, but the datanode c0368dd1-c4a9-4bcb-a2d2-6d6b66c0e12a{ip: 192.168.157.202, host: pr-hdds-2283-rsqnh-1472443098, networkLocation: /default-rack, certSerialId: null} reports an CLOSED replica.
2019-10-16 18:48:05,021 [EventQueue-ContainerReportForContainerReportHandler] WARN  container.ContainerReportHandler (AbstractContainerReportHandler.java:updateContainerState(145)) - Container #1 is in OPEN state, but the datanode 0d5b4e59-aa2f-4fe6-b072-73846da82a05{ip: 192.168.157.202, host: pr-hdds-2283-rsqnh-1472443098, networkLocation: /default-rack, certSerialId: null} reports an CLOSED replica.
2019-10-16 18:48:05,166 [BlockDeletingService#2] WARN  background.BlockDeletingService (BlockDeletingService.java:isDeletionAllowed(187)) - Close Container log Index 6 is not replicated across allthe servers in the pipeline 7043c0de-230d-480f-89cc-753d53b6ddfb as the min replicated index is 4. Deletion is not allowed in this container yet.
2019-10-16 18:48:05,167 [BlockDeletingService#2] WARN  background.BlockDeletingService (BlockDeletingService.java:isDeletionAllowed(187)) - Close Container log Index 6 is not replicated across allthe servers in the pipeline 7043c0de-230d-480f-89cc-753d53b6ddfb as the min replicated index is 4. Deletion is not allowed in this container yet.
2019-10-16 18:48:05,186 [EventQueue-ContainerReportForContainerReportHandler] WARN  container.ContainerReportHandler (AbstractContainerReportHandler.java:updateContainerState(145)) - Container #1 is in OPEN state, but the datanode c0368dd1-c4a9-4bcb-a2d2-6d6b66c0e12a{ip: 192.168.157.202, host: pr-hdds-2283-rsqnh-1472443098, networkLocation: /default-rack, certSerialId: null} reports an CLOSED replica.
2019-10-16 18:48:05,322 [EventQueue-ContainerReportForContainerReportHandler] WARN  container.ContainerReportHandler (AbstractContainerReportHandler.java:updateContainerState(145)) - Container #1 is in OPEN state, but the datanode 0d5b4e59-aa2f-4fe6-b072-73846da82a05{ip: 192.168.157.202, host: pr-hdds-2283-rsqnh-1472443098, networkLocation: /default-rack, certSerialId: null} reports an CLOSED replica.
2019-10-16 18:48:05,522 [EventQueue-ContainerReportForContainerReportHandler] WARN  container.ContainerReportHandler (AbstractContainerReportHandler.java:updateContainerState(145)) - Container #1 is in OPEN state, but the datanode 0d5b4e59-aa2f-4fe6-b072-73846da82a05{ip: 192.168.157.202, host: pr-hdds-2283-rsqnh-1472443098, networkLocation: /default-rack, certSerialId: null} reports an CLOSED replica.
2019-10-16 18:48:05,586 [EventQueue-ContainerReportForContainerReportHandler] WARN  container.ContainerReportHandler (AbstractContainerReportHandler.java:updateContainerState(145)) - Container #1 is in OPEN state, but the datanode c0368dd1-c4a9-4bcb-a2d2-6d6b66c0e12a{ip: 192.168.157.202, host: pr-hdds-2283-rsqnh-1472443098, networkLocation: /default-rack, certSerialId: null} reports an CLOSED replica.
2019-10-16 18:48:05,886 [EventQueue-ContainerReportForContainerReportHandler] WARN  container.ContainerReportHandler (AbstractContainerReportHandler.java:updateContainerState(145)) - Container #1 is in OPEN state, but the datanode c0368dd1-c4a9-4bcb-a2d2-6d6b66c0e12a{ip: 192.168.157.202, host: pr-hdds-2283-rsqnh-1472443098, networkLocation: /default-rack, certSerialId: null} reports an CLOSED replica.
2019-10-16 18:48:05,923 [EventQueue-ContainerReportForContainerReportHandler] WARN  container.ContainerReportHandler (AbstractContainerReportHandler.java:updateContainerState(145)) - Container #1 is in OPEN state, but the datanode 0d5b4e59-aa2f-4fe6-b072-73846da82a05{ip: 192.168.157.202, host: pr-hdds-2283-rsqnh-1472443098, networkLocation: /default-rack, certSerialId: null} reports an CLOSED replica.
2019-10-16 18:48:05,931 [java.util.concurrent.ThreadPoolExecutor$Worker@48272572[State = -1, empty queue]] WARN  server.GrpcLogAppender (GrpcLogAppender.java:timeoutAppendRequest(209)) - c0368dd1-c4a9-4bcb-a2d2-6d6b66c0e12a@group-753D53B6DDFB->52bfa4dc-bcba-4693-b6e2-7f231a44b6db-GrpcLogAppender: appendEntries Timeout, request=c0368dd1-c4a9-4bcb-a2d2-6d6b66c0e12a->52bfa4dc-bcba-4693-b6e2-7f231a44b6db#27-t4, previous=(t:4, i:10), leaderCommit=10, initializing? false, entries: <empty>
2019-10-16 18:48:06,123 [EventQueue-ContainerReportForContainerReportHandler] WARN  container.ContainerReportHandler (AbstractContainerReportHandler.java:updateContainerState(145)) - Container #1 is in OPEN state, but the datanode 0d5b4e59-aa2f-4fe6-b072-73846da82a05{ip: 192.168.157.202, host: pr-hdds-2283-rsqnh-1472443098, networkLocation: /default-rack, certSerialId: null} reports an CLOSED replica.
2019-10-16 18:48:06,167 [BlockDeletingService#2] WARN  background.BlockDeletingService (BlockDeletingService.java:isDeletionAllowed(187)) - Close Container log Index 6 is not replicated across allthe servers in the pipeline 7043c0de-230d-480f-89cc-753d53b6ddfb as the min replicated index is 4. Deletion is not allowed in this container yet.
2019-10-16 18:48:06,168 [BlockDeletingService#2] WARN  background.BlockDeletingService (BlockDeletingService.java:isDeletionAllowed(187)) - Close Container log Index 6 is not replicated across allthe servers in the pipeline 7043c0de-230d-480f-89cc-753d53b6ddfb as the min replicated index is 4. Deletion is not allowed in this container yet.
2019-10-16 18:48:06,186 [EventQueue-ContainerReportForContainerReportHandler] WARN  container.ContainerReportHandler (AbstractContainerReportHandler.java:updateContainerState(145)) - Container #1 is in OPEN state, but the datanode c0368dd1-c4a9-4bcb-a2d2-6d6b66c0e12a{ip: 192.168.157.202, host: pr-hdds-2283-rsqnh-1472443098, networkLocation: /default-rack, certSerialId: null} reports an CLOSED replica.
2019-10-16 18:48:06,424 [EventQueue-ContainerReportForContainerReportHandler] WARN  container.ContainerReportHandler (AbstractContainerReportHandler.java:updateContainerState(145)) - Container #1 is in OPEN state, but the datanode 0d5b4e59-aa2f-4fe6-b072-73846da82a05{ip: 192.168.157.202, host: pr-hdds-2283-rsqnh-1472443098, networkLocation: /default-rack, certSerialId: null} reports an CLOSED replica.
2019-10-16 18:48:06,487 [EventQueue-ContainerReportForContainerReportHandler] WARN  container.ContainerReportHandler (AbstractContainerReportHandler.java:updateContainerState(145)) - Container #1 is in OPEN state, but the datanode c0368dd1-c4a9-4bcb-a2d2-6d6b66c0e12a{ip: 192.168.157.202, host: pr-hdds-2283-rsqnh-1472443098, networkLocation: /default-rack, certSerialId: null} reports an CLOSED replica.
2019-10-16 18:48:06,584 [Thread-370] INFO  client.GrpcClientProtocolService (GrpcClientProtocolService.java:lambda$processClientRequest$0(278)) - Failed RaftClientRequest:client-F1A042848956->c0368dd1-c4a9-4bcb-a2d2-6d6b66c0e12a@group-753D53B6DDFB, cid=10, seq=0, Watch-ALL_COMMITTED(6), Message:<EMPTY>, reply=RaftClientReply:client-F1A042848956->c0368dd1-c4a9-4bcb-a2d2-6d6b66c0e12a@group-753D53B6DDFB, cid=10, FAILED org.apache.ratis.protocol.NotReplicatedException: Request with call Id 10 and log index 6 is not yet replicated to ALL_COMMITTED, logIndex=6, commits[c0368dd1-c4a9-4bcb-a2d2-6d6b66c0e12a:c10, 0d5b4e59-aa2f-4fe6-b072-73846da82a05:c10, 52bfa4dc-bcba-4693-b6e2-7f231a44b6db:c4]
2019-10-16 18:48:06,726 [EventQueue-ContainerReportForContainerReportHandler] WARN  container.ContainerReportHandler (AbstractContainerReportHandler.java:updateContainerState(145)) - Container #1 is in OPEN state, but the datanode 0d5b4e59-aa2f-4fe6-b072-73846da82a05{ip: 192.168.157.202, host: pr-hdds-2283-rsqnh-1472443098, networkLocation: /default-rack, certSerialId: null} reports an CLOSED replica.
2019-10-16 18:48:06,787 [EventQueue-ContainerReportForContainerReportHandler] WARN  container.ContainerReportHandler (AbstractContainerReportHandler.java:updateContainerState(145)) - Container #1 is in OPEN state, but the datanode c0368dd1-c4a9-4bcb-a2d2-6d6b66c0e12a{ip: 192.168.157.202, host: pr-hdds-2283-rsqnh-1472443098, networkLocation: /default-rack, certSerialId: null} reports an CLOSED replica.
2019-10-16 18:48:06,924 [EventQueue-ContainerReportForContainerReportHandler] WARN  container.ContainerReportHandler (AbstractContainerReportHandler.java:updateContainerState(145)) - Container #1 is in OPEN state, but the datanode 0d5b4e59-aa2f-4fe6-b072-73846da82a05{ip: 192.168.157.202, host: pr-hdds-2283-rsqnh-1472443098, networkLocation: /default-rack, certSerialId: null} reports an CLOSED replica.
2019-10-16 18:48:07,088 [EventQueue-ContainerReportForContainerReportHandler] WARN  container.ContainerReportHandler (AbstractContainerReportHandler.java:updateContainerState(145)) - Container #1 is in OPEN state, but the datanode c0368dd1-c4a9-4bcb-a2d2-6d6b66c0e12a{ip: 192.168.157.202, host: pr-hdds-2283-rsqnh-1472443098, networkLocation: /default-rack, certSerialId: null} reports an CLOSED replica.
2019-10-16 18:48:07,169 [BlockDeletingService#2] WARN  background.BlockDeletingService (BlockDeletingService.java:isDeletionAllowed(187)) - Close Container log Index 6 is not replicated across allthe servers in the pipeline 7043c0de-230d-480f-89cc-753d53b6ddfb as the min replicated index is 4. Deletion is not allowed in this container yet.
2019-10-16 18:48:07,170 [BlockDeletingService#2] WARN  background.BlockDeletingService (BlockDeletingService.java:isDeletionAllowed(187)) - Close Container log Index 6 is not replicated across allthe servers in the pipeline 7043c0de-230d-480f-89cc-753d53b6ddfb as the min replicated index is 4. Deletion is not allowed in this container yet.
2019-10-16 18:48:07,224 [EventQueue-ContainerReportForContainerReportHandler] WARN  container.ContainerReportHandler (AbstractContainerReportHandler.java:updateContainerState(145)) - Container #1 is in OPEN state, but the datanode 0d5b4e59-aa2f-4fe6-b072-73846da82a05{ip: 192.168.157.202, host: pr-hdds-2283-rsqnh-1472443098, networkLocation: /default-rack, certSerialId: null} reports an CLOSED replica.
2019-10-16 18:48:07,387 [EventQueue-ContainerReportForContainerReportHandler] WARN  container.ContainerReportHandler (AbstractContainerReportHandler.java:updateContainerState(145)) - Container #1 is in OPEN state, but the datanode c0368dd1-c4a9-4bcb-a2d2-6d6b66c0e12a{ip: 192.168.157.202, host: pr-hdds-2283-rsqnh-1472443098, networkLocation: /default-rack, certSerialId: null} reports an CLOSED replica.
2019-10-16 18:48:07,525 [EventQueue-ContainerReportForContainerReportHandler] WARN  container.ContainerReportHandler (AbstractContainerReportHandler.java:updateContainerState(145)) - Container #1 is in OPEN state, but the datanode 0d5b4e59-aa2f-4fe6-b072-73846da82a05{ip: 192.168.157.202, host: pr-hdds-2283-rsqnh-1472443098, networkLocation: /default-rack, certSerialId: null} reports an CLOSED replica.
2019-10-16 18:48:07,587 [EventQueue-ContainerReportForContainerReportHandler] WARN  container.ContainerReportHandler (AbstractContainerReportHandler.java:updateContainerState(145)) - Container #1 is in OPEN state, but the datanode c0368dd1-c4a9-4bcb-a2d2-6d6b66c0e12a{ip: 192.168.157.202, host: pr-hdds-2283-rsqnh-1472443098, networkLocation: /default-rack, certSerialId: null} reports an CLOSED replica.
2019-10-16 18:48:07,724 [EventQueue-ContainerReportForContainerReportHandler] WARN  container.ContainerReportHandler (AbstractContainerReportHandler.java:updateContainerState(145)) - Container #1 is in OPEN state, but the datanode 0d5b4e59-aa2f-4fe6-b072-73846da82a05{ip: 192.168.157.202, host: pr-hdds-2283-rsqnh-1472443098, networkLocation: /default-rack, certSerialId: null} reports an CLOSED replica.
2019-10-16 18:48:07,987 [EventQueue-ContainerReportForContainerReportHandler] WARN  container.ContainerReportHandler (AbstractContainerReportHandler.java:updateContainerState(145)) - Container #1 is in OPEN state, but the datanode c0368dd1-c4a9-4bcb-a2d2-6d6b66c0e12a{ip: 192.168.157.202, host: pr-hdds-2283-rsqnh-1472443098, networkLocation: /default-rack, certSerialId: null} reports an CLOSED replica.
2019-10-16 18:48:08,124 [EventQueue-ContainerReportForContainerReportHandler] WARN  container.ContainerReportHandler (AbstractContainerReportHandler.java:updateContainerState(145)) - Container #1 is in OPEN state, but the datanode 0d5b4e59-aa2f-4fe6-b072-73846da82a05{ip: 192.168.157.202, host: pr-hdds-2283-rsqnh-1472443098, networkLocation: /default-rack, certSerialId: null} reports an CLOSED replica.
2019-10-16 18:48:08,172 [BlockDeletingService#2] WARN  background.BlockDeletingService (BlockDeletingService.java:isDeletionAllowed(187)) - Close Container log Index 6 is not replicated across allthe servers in the pipeline 7043c0de-230d-480f-89cc-753d53b6ddfb as the min replicated index is 4. Deletion is not allowed in this container yet.
2019-10-16 18:48:08,172 [BlockDeletingService#2] WARN  background.BlockDeletingService (BlockDeletingService.java:isDeletionAllowed(187)) - Close Container log Index 6 is not replicated across allthe servers in the pipeline 7043c0de-230d-480f-89cc-753d53b6ddfb as the min replicated index is 4. Deletion is not allowed in this container yet.
2019-10-16 18:48:08,287 [EventQueue-ContainerReportForContainerReportHandler] WARN  container.ContainerReportHandler (AbstractContainerReportHandler.java:updateContainerState(145)) - Container #1 is in OPEN state, but the datanode c0368dd1-c4a9-4bcb-a2d2-6d6b66c0e12a{ip: 192.168.157.202, host: pr-hdds-2283-rsqnh-1472443098, networkLocation: /default-rack, certSerialId: null} reports an CLOSED replica.
2019-10-16 18:48:08,424 [EventQueue-ContainerReportForContainerReportHandler] WARN  container.ContainerReportHandler (AbstractContainerReportHandler.java:updateContainerState(145)) - Container #1 is in OPEN state, but the datanode 0d5b4e59-aa2f-4fe6-b072-73846da82a05{ip: 192.168.157.202, host: pr-hdds-2283-rsqnh-1472443098, networkLocation: /default-rack, certSerialId: null} reports an CLOSED replica.
2019-10-16 18:48:08,431 [java.util.concurrent.ThreadPoolExecutor$Worker@48272572[State = -1, empty queue]] WARN  server.GrpcLogAppender (GrpcLogAppender.java:timeoutAppendRequest(209)) - c0368dd1-c4a9-4bcb-a2d2-6d6b66c0e12a@group-753D53B6DDFB->52bfa4dc-bcba-4693-b6e2-7f231a44b6db-GrpcLogAppender: appendEntries Timeout, request=c0368dd1-c4a9-4bcb-a2d2-6d6b66c0e12a->52bfa4dc-bcba-4693-b6e2-7f231a44b6db#28-t4, previous=(t:4, i:10), leaderCommit=10, initializing? false, entries: <empty>
2019-10-16 18:48:08,588 [EventQueue-ContainerReportForContainerReportHandler] WARN  container.ContainerReportHandler (AbstractContainerReportHandler.java:updateContainerState(145)) - Container #1 is in OPEN state, but the datanode c0368dd1-c4a9-4bcb-a2d2-6d6b66c0e12a{ip: 192.168.157.202, host: pr-hdds-2283-rsqnh-1472443098, networkLocation: /default-rack, certSerialId: null} reports an CLOSED replica.
2019-10-16 18:48:08,824 [EventQueue-ContainerReportForContainerReportHandler] WARN  container.ContainerReportHandler (AbstractContainerReportHandler.java:updateContainerState(145)) - Container #1 is in OPEN state, but the datanode 0d5b4e59-aa2f-4fe6-b072-73846da82a05{ip: 192.168.157.202, host: pr-hdds-2283-rsqnh-1472443098, networkLocation: /default-rack, certSerialId: null} reports an CLOSED replica.
2019-10-16 18:48:08,888 [EventQueue-ContainerReportForContainerReportHandler] WARN  container.ContainerReportHandler (AbstractContainerReportHandler.java:updateContainerState(145)) - Container #1 is in OPEN state, but the datanode c0368dd1-c4a9-4bcb-a2d2-6d6b66c0e12a{ip: 192.168.157.202, host: pr-hdds-2283-rsqnh-1472443098, networkLocation: /default-rack, certSerialId: null} reports an CLOSED replica.
2019-10-16 18:48:09,125 [EventQueue-ContainerReportForContainerReportHandler] WARN  container.ContainerReportHandler (AbstractContainerReportHandler.java:updateContainerState(145)) - Container #1 is in OPEN state, but the datanode 0d5b4e59-aa2f-4fe6-b072-73846da82a05{ip: 192.168.157.202, host: pr-hdds-2283-rsqnh-1472443098, networkLocation: /default-rack, certSerialId: null} reports an CLOSED replica.
2019-10-16 18:48:09,173 [BlockDeletingService#2] WARN  background.BlockDeletingService (BlockDeletingService.java:isDeletionAllowed(187)) - Close Container log Index 6 is not replicated across allthe servers in the pipeline 7043c0de-230d-480f-89cc-753d53b6ddfb as the min replicated index is 4. Deletion is not allowed in this container yet.
2019-10-16 18:48:09,173 [BlockDeletingService#2] WARN  background.BlockDeletingService (BlockDeletingService.java:isDeletionAllowed(187)) - Close Container log Index 6 is not replicated across allthe servers in the pipeline 7043c0de-230d-480f-89cc-753d53b6ddfb as the min replicated index is 4. Deletion is not allowed in this container yet.
2019-10-16 18:48:09,289 [EventQueue-ContainerReportForContainerReportHandler] WARN  container.ContainerReportHandler (AbstractContainerReportHandler.java:updateContainerState(145)) - Container #1 is in OPEN state, but the datanode c0368dd1-c4a9-4bcb-a2d2-6d6b66c0e12a{ip: 192.168.157.202, host: pr-hdds-2283-rsqnh-1472443098, networkLocation: /default-rack, certSerialId: null} reports an CLOSED replica.
2019-10-16 18:48:09,425 [EventQueue-ContainerReportForContainerReportHandler] WARN  container.ContainerReportHandler (AbstractContainerReportHandler.java:updateContainerState(145)) - Container #1 is in OPEN state, but the datanode 0d5b4e59-aa2f-4fe6-b072-73846da82a05{ip: 192.168.157.202, host: pr-hdds-2283-rsqnh-1472443098, networkLocation: /default-rack, certSerialId: null} reports an CLOSED replica.
2019-10-16 18:48:09,589 [EventQueue-ContainerReportForContainerReportHandler] WARN  container.ContainerReportHandler (AbstractContainerReportHandler.java:updateContainerState(145)) - Container #1 is in OPEN state, but the datanode c0368dd1-c4a9-4bcb-a2d2-6d6b66c0e12a{ip: 192.168.157.202, host: pr-hdds-2283-rsqnh-1472443098, networkLocation: /default-rack, certSerialId: null} reports an CLOSED replica.
2019-10-16 18:48:09,725 [EventQueue-ContainerReportForContainerReportHandler] WARN  container.ContainerReportHandler (AbstractContainerReportHandler.java:updateContainerState(145)) - Container #1 is in OPEN state, but the datanode 0d5b4e59-aa2f-4fe6-b072-73846da82a05{ip: 192.168.157.202, host: pr-hdds-2283-rsqnh-1472443098, networkLocation: /default-rack, certSerialId: null} reports an CLOSED replica.
2019-10-16 18:48:09,789 [EventQueue-ContainerReportForContainerReportHandler] WARN  container.ContainerReportHandler (AbstractContainerReportHandler.java:updateContainerState(145)) - Container #1 is in OPEN state, but the datanode c0368dd1-c4a9-4bcb-a2d2-6d6b66c0e12a{ip: 192.168.157.202, host: pr-hdds-2283-rsqnh-1472443098, networkLocation: /default-rack, certSerialId: null} reports an CLOSED replica.
2019-10-16 18:48:10,126 [EventQueue-ContainerReportForContainerReportHandler] WARN  container.ContainerReportHandler (AbstractContainerReportHandler.java:updateContainerState(145)) - Container #1 is in OPEN state, but the datanode 0d5b4e59-aa2f-4fe6-b072-73846da82a05{ip: 192.168.157.202, host: pr-hdds-2283-rsqnh-1472443098, networkLocation: /default-rack, certSerialId: null} reports an CLOSED replica.
2019-10-16 18:48:10,174 [BlockDeletingService#2] WARN  background.BlockDeletingService (BlockDeletingService.java:isDeletionAllowed(187)) - Close Container log Index 6 is not replicated across allthe servers in the pipeline 7043c0de-230d-480f-89cc-753d53b6ddfb as the min replicated index is 4. Deletion is not allowed in this container yet.
2019-10-16 18:48:10,175 [BlockDeletingService#2] WARN  background.BlockDeletingService (BlockDeletingService.java:isDeletionAllowed(187)) - Close Container log Index 6 is not replicated across allthe servers in the pipeline 7043c0de-230d-480f-89cc-753d53b6ddfb as the min replicated index is 4. Deletion is not allowed in this container yet.
2019-10-16 18:48:10,189 [EventQueue-ContainerReportForContainerReportHandler] WARN  container.ContainerReportHandler (AbstractContainerReportHandler.java:updateContainerState(145)) - Container #1 is in OPEN state, but the datanode c0368dd1-c4a9-4bcb-a2d2-6d6b66c0e12a{ip: 192.168.157.202, host: pr-hdds-2283-rsqnh-1472443098, networkLocation: /default-rack, certSerialId: null} reports an CLOSED replica.
2019-10-16 18:48:10,326 [EventQueue-ContainerReportForContainerReportHandler] WARN  container.ContainerReportHandler (AbstractContainerReportHandler.java:updateContainerState(145)) - Container #1 is in OPEN state, but the datanode 0d5b4e59-aa2f-4fe6-b072-73846da82a05{ip: 192.168.157.202, host: pr-hdds-2283-rsqnh-1472443098, networkLocation: /default-rack, certSerialId: null} reports an CLOSED replica.
2019-10-16 18:48:10,389 [EventQueue-ContainerReportForContainerReportHandler] WARN  container.ContainerReportHandler (AbstractContainerReportHandler.java:updateContainerState(145)) - Container #1 is in OPEN state, but the datanode c0368dd1-c4a9-4bcb-a2d2-6d6b66c0e12a{ip: 192.168.157.202, host: pr-hdds-2283-rsqnh-1472443098, networkLocation: /default-rack, certSerialId: null} reports an CLOSED replica.
2019-10-16 18:48:10,626 [EventQueue-ContainerReportForContainerReportHandler] WARN  container.ContainerReportHandler (AbstractContainerReportHandler.java:updateContainerState(145)) - Container #1 is in OPEN state, but the datanode 0d5b4e59-aa2f-4fe6-b072-73846da82a05{ip: 192.168.157.202, host: pr-hdds-2283-rsqnh-1472443098, networkLocation: /default-rack, certSerialId: null} reports an CLOSED replica.
2019-10-16 18:48:10,789 [EventQueue-ContainerReportForContainerReportHandler] WARN  container.ContainerReportHandler (AbstractContainerReportHandler.java:updateContainerState(145)) - Container #1 is in OPEN state, but the datanode c0368dd1-c4a9-4bcb-a2d2-6d6b66c0e12a{ip: 192.168.157.202, host: pr-hdds-2283-rsqnh-1472443098, networkLocation: /default-rack, certSerialId: null} reports an CLOSED replica.
2019-10-16 18:48:10,932 [java.util.concurrent.ThreadPoolExecutor$Worker@48272572[State = -1, empty queue]] WARN  server.GrpcLogAppender (GrpcLogAppender.java:timeoutAppendRequest(209)) - c0368dd1-c4a9-4bcb-a2d2-6d6b66c0e12a@group-753D53B6DDFB->52bfa4dc-bcba-4693-b6e2-7f231a44b6db-GrpcLogAppender: appendEntries Timeout, request=c0368dd1-c4a9-4bcb-a2d2-6d6b66c0e12a->52bfa4dc-bcba-4693-b6e2-7f231a44b6db#29-t4, previous=(t:4, i:10), leaderCommit=10, initializing? false, entries: <empty>
2019-10-16 18:48:11,032 [EventQueue-ContainerReportForContainerReportHandler] WARN  container.ContainerReportHandler (AbstractContainerReportHandler.java:updateContainerState(145)) - Container #1 is in OPEN state, but the datanode 0d5b4e59-aa2f-4fe6-b072-73846da82a05{ip: 192.168.157.202, host: pr-hdds-2283-rsqnh-1472443098, networkLocation: /default-rack, certSerialId: null} reports an CLOSED replica.
2019-10-16 18:48:11,089 [EventQueue-ContainerReportForContainerReportHandler] WARN  container.ContainerReportHandler (AbstractContainerReportHandler.java:updateContainerState(145)) - Container #1 is in OPEN state, but the datanode c0368dd1-c4a9-4bcb-a2d2-6d6b66c0e12a{ip: 192.168.157.202, host: pr-hdds-2283-rsqnh-1472443098, networkLocation: /default-rack, certSerialId: null} reports an CLOSED replica.
2019-10-16 18:48:11,175 [BlockDeletingService#2] WARN  background.BlockDeletingService (BlockDeletingService.java:isDeletionAllowed(187)) - Close Container log Index 6 is not replicated across allthe servers in the pipeline 7043c0de-230d-480f-89cc-753d53b6ddfb as the min replicated index is 4. Deletion is not allowed in this container yet.
2019-10-16 18:48:11,176 [BlockDeletingService#2] WARN  background.BlockDeletingService (BlockDeletingService.java:isDeletionAllowed(187)) - Close Container log Index 6 is not replicated across allthe servers in the pipeline 7043c0de-230d-480f-89cc-753d53b6ddfb as the min replicated index is 4. Deletion is not allowed in this container yet.
2019-10-16 18:48:11,332 [EventQueue-ContainerReportForContainerReportHandler] WARN  container.ContainerReportHandler (AbstractContainerReportHandler.java:updateContainerState(145)) - Container #1 is in OPEN state, but the datanode 0d5b4e59-aa2f-4fe6-b072-73846da82a05{ip: 192.168.157.202, host: pr-hdds-2283-rsqnh-1472443098, networkLocation: /default-rack, certSerialId: null} reports an CLOSED replica.
2019-10-16 18:48:11,489 [EventQueue-ContainerReportForContainerReportHandler] WARN  container.ContainerReportHandler (AbstractContainerReportHandler.java:updateContainerState(145)) - Container #1 is in OPEN state, but the datanode c0368dd1-c4a9-4bcb-a2d2-6d6b66c0e12a{ip: 192.168.157.202, host: pr-hdds-2283-rsqnh-1472443098, networkLocation: /default-rack, certSerialId: null} reports an CLOSED replica.
2019-10-16 18:48:11,532 [EventQueue-ContainerReportForContainerReportHandler] WARN  container.ContainerReportHandler (AbstractContainerReportHandler.java:updateContainerState(145)) - Container #1 is in OPEN state, but the datanode 0d5b4e59-aa2f-4fe6-b072-73846da82a05{ip: 192.168.157.202, host: pr-hdds-2283-rsqnh-1472443098, networkLocation: /default-rack, certSerialId: null} reports an CLOSED replica.
2019-10-16 18:48:11,833 [EventQueue-ContainerReportForContainerReportHandler] WARN  container.ContainerReportHandler (AbstractContainerReportHandler.java:updateContainerState(145)) - Container #1 is in OPEN state, but the datanode 0d5b4e59-aa2f-4fe6-b072-73846da82a05{ip: 192.168.157.202, host: pr-hdds-2283-rsqnh-1472443098, networkLocation: /default-rack, certSerialId: null} reports an CLOSED replica.
2019-10-16 18:48:11,889 [EventQueue-ContainerReportForContainerReportHandler] WARN  container.ContainerReportHandler (AbstractContainerReportHandler.java:updateContainerState(145)) - Container #1 is in OPEN state, but the datanode c0368dd1-c4a9-4bcb-a2d2-6d6b66c0e12a{ip: 192.168.157.202, host: pr-hdds-2283-rsqnh-1472443098, networkLocation: /default-rack, certSerialId: null} reports an CLOSED replica.
2019-10-16 18:48:12,177 [BlockDeletingService#2] WARN  background.BlockDeletingService (BlockDeletingService.java:isDeletionAllowed(187)) - Close Container log Index 6 is not replicated across allthe servers in the pipeline 7043c0de-230d-480f-89cc-753d53b6ddfb as the min replicated index is 4. Deletion is not allowed in this container yet.
2019-10-16 18:48:12,177 [BlockDeletingService#2] WARN  background.BlockDeletingService (BlockDeletingService.java:isDeletionAllowed(187)) - Close Container log Index 6 is not replicated across allthe servers in the pipeline 7043c0de-230d-480f-89cc-753d53b6ddfb as the min replicated index is 4. Deletion is not allowed in this container yet.
2019-10-16 18:48:12,232 [EventQueue-ContainerReportForContainerReportHandler] WARN  container.ContainerReportHandler (AbstractContainerReportHandler.java:updateContainerState(145)) - Container #1 is in OPEN state, but the datanode 0d5b4e59-aa2f-4fe6-b072-73846da82a05{ip: 192.168.157.202, host: pr-hdds-2283-rsqnh-1472443098, networkLocation: /default-rack, certSerialId: null} reports an CLOSED replica.
2019-10-16 18:48:12,289 [EventQueue-ContainerReportForContainerReportHandler] WARN  container.ContainerReportHandler (AbstractContainerReportHandler.java:updateContainerState(145)) - Container #1 is in OPEN state, but the datanode c0368dd1-c4a9-4bcb-a2d2-6d6b66c0e12a{ip: 192.168.157.202, host: pr-hdds-2283-rsqnh-1472443098, networkLocation: /default-rack, certSerialId: null} reports an CLOSED replica.
2019-10-16 18:48:12,532 [EventQueue-ContainerReportForContainerReportHandler] WARN  container.ContainerReportHandler (AbstractContainerReportHandler.java:updateContainerState(145)) - Container #1 is in OPEN state, but the datanode 0d5b4e59-aa2f-4fe6-b072-73846da82a05{ip: 192.168.157.202, host: pr-hdds-2283-rsqnh-1472443098, networkLocation: /default-rack, certSerialId: null} reports an CLOSED replica.
2019-10-16 18:48:12,589 [EventQueue-ContainerReportForContainerReportHandler] WARN  container.ContainerReportHandler (AbstractContainerReportHandler.java:updateContainerState(145)) - Container #1 is in OPEN state, but the datanode c0368dd1-c4a9-4bcb-a2d2-6d6b66c0e12a{ip: 192.168.157.202, host: pr-hdds-2283-rsqnh-1472443098, networkLocation: /default-rack, certSerialId: null} reports an CLOSED replica.
2019-10-16 18:48:12,732 [EventQueue-ContainerReportForContainerReportHandler] WARN  container.ContainerReportHandler (AbstractContainerReportHandler.java:updateContainerState(145)) - Container #1 is in OPEN state, but the datanode 0d5b4e59-aa2f-4fe6-b072-73846da82a05{ip: 192.168.157.202, host: pr-hdds-2283-rsqnh-1472443098, networkLocation: /default-rack, certSerialId: null} reports an CLOSED replica.
2019-10-16 18:48:12,789 [EventQueue-ContainerReportForContainerReportHandler] WARN  container.ContainerReportHandler (AbstractContainerReportHandler.java:updateContainerState(145)) - Container #1 is in OPEN state, but the datanode c0368dd1-c4a9-4bcb-a2d2-6d6b66c0e12a{ip: 192.168.157.202, host: pr-hdds-2283-rsqnh-1472443098, networkLocation: /default-rack, certSerialId: null} reports an CLOSED replica.
2019-10-16 18:48:13,089 [EventQueue-ContainerReportForContainerReportHandler] WARN  container.ContainerReportHandler (AbstractContainerReportHandler.java:updateContainerState(145)) - Container #1 is in OPEN state, but the datanode c0368dd1-c4a9-4bcb-a2d2-6d6b66c0e12a{ip: 192.168.157.202, host: pr-hdds-2283-rsqnh-1472443098, networkLocation: /default-rack, certSerialId: null} reports an CLOSED replica.
2019-10-16 18:48:13,132 [EventQueue-ContainerReportForContainerReportHandler] WARN  container.ContainerReportHandler (AbstractContainerReportHandler.java:updateContainerState(145)) - Container #1 is in OPEN state, but the datanode 0d5b4e59-aa2f-4fe6-b072-73846da82a05{ip: 192.168.157.202, host: pr-hdds-2283-rsqnh-1472443098, networkLocation: /default-rack, certSerialId: null} reports an CLOSED replica.
2019-10-16 18:48:13,178 [BlockDeletingService#2] WARN  background.BlockDeletingService (BlockDeletingService.java:isDeletionAllowed(187)) - Close Container log Index 6 is not replicated across allthe servers in the pipeline 7043c0de-230d-480f-89cc-753d53b6ddfb as the min replicated index is 4. Deletion is not allowed in this container yet.
2019-10-16 18:48:13,179 [BlockDeletingService#2] WARN  background.BlockDeletingService (BlockDeletingService.java:isDeletionAllowed(187)) - Close Container log Index 6 is not replicated across allthe servers in the pipeline 7043c0de-230d-480f-89cc-753d53b6ddfb as the min replicated index is 4. Deletion is not allowed in this container yet.
2019-10-16 18:48:13,390 [EventQueue-ContainerReportForContainerReportHandler] WARN  container.ContainerReportHandler (AbstractContainerReportHandler.java:updateContainerState(145)) - Container #1 is in OPEN state, but the datanode c0368dd1-c4a9-4bcb-a2d2-6d6b66c0e12a{ip: 192.168.157.202, host: pr-hdds-2283-rsqnh-1472443098, networkLocation: /default-rack, certSerialId: null} reports an CLOSED replica.
2019-10-16 18:48:13,433 [java.util.concurrent.ThreadPoolExecutor$Worker@48272572[State = -1, empty queue]] WARN  server.GrpcLogAppender (GrpcLogAppender.java:timeoutAppendRequest(209)) - c0368dd1-c4a9-4bcb-a2d2-6d6b66c0e12a@group-753D53B6DDFB->52bfa4dc-bcba-4693-b6e2-7f231a44b6db-GrpcLogAppender: appendEntries Timeout, request=c0368dd1-c4a9-4bcb-a2d2-6d6b66c0e12a->52bfa4dc-bcba-4693-b6e2-7f231a44b6db#30-t4, previous=(t:4, i:10), leaderCommit=10, initializing? false, entries: <empty>
2019-10-16 18:48:13,532 [EventQueue-ContainerReportForContainerReportHandler] WARN  container.ContainerReportHandler (AbstractContainerReportHandler.java:updateContainerState(145)) - Container #1 is in OPEN state, but the datanode 0d5b4e59-aa2f-4fe6-b072-73846da82a05{ip: 192.168.157.202, host: pr-hdds-2283-rsqnh-1472443098, networkLocation: /default-rack, certSerialId: null} reports an CLOSED replica.
2019-10-16 18:48:13,590 [EventQueue-ContainerReportForContainerReportHandler] WARN  container.ContainerReportHandler (AbstractContainerReportHandler.java:updateContainerState(145)) - Container #1 is in OPEN state, but the datanode c0368dd1-c4a9-4bcb-a2d2-6d6b66c0e12a{ip: 192.168.157.202, host: pr-hdds-2283-rsqnh-1472443098, networkLocation: /default-rack, certSerialId: null} reports an CLOSED replica.
2019-10-16 18:48:13,732 [EventQueue-ContainerReportForContainerReportHandler] WARN  container.ContainerReportHandler (AbstractContainerReportHandler.java:updateContainerState(145)) - Container #1 is in OPEN state, but the datanode 0d5b4e59-aa2f-4fe6-b072-73846da82a05{ip: 192.168.157.202, host: pr-hdds-2283-rsqnh-1472443098, networkLocation: /default-rack, certSerialId: null} reports an CLOSED replica.
2019-10-16 18:48:13,990 [EventQueue-ContainerReportForContainerReportHandler] WARN  container.ContainerReportHandler (AbstractContainerReportHandler.java:updateContainerState(145)) - Container #1 is in OPEN state, but the datanode c0368dd1-c4a9-4bcb-a2d2-6d6b66c0e12a{ip: 192.168.157.202, host: pr-hdds-2283-rsqnh-1472443098, networkLocation: /default-rack, certSerialId: null} reports an CLOSED replica.
2019-10-16 18:48:14,032 [EventQueue-ContainerReportForContainerReportHandler] WARN  container.ContainerReportHandler (AbstractContainerReportHandler.java:updateContainerState(145)) - Container #1 is in OPEN state, but the datanode 0d5b4e59-aa2f-4fe6-b072-73846da82a05{ip: 192.168.157.202, host: pr-hdds-2283-rsqnh-1472443098, networkLocation: /default-rack, certSerialId: null} reports an CLOSED replica.
2019-10-16 18:48:14,181 [BlockDeletingService#2] WARN  background.BlockDeletingService (BlockDeletingService.java:isDeletionAllowed(187)) - Close Container log Index 6 is not replicated across allthe servers in the pipeline 7043c0de-230d-480f-89cc-753d53b6ddfb as the min replicated index is 4. Deletion is not allowed in this container yet.
2019-10-16 18:48:14,181 [BlockDeletingService#2] WARN  background.BlockDeletingService (BlockDeletingService.java:isDeletionAllowed(187)) - Close Container log Index 6 is not replicated across allthe servers in the pipeline 7043c0de-230d-480f-89cc-753d53b6ddfb as the min replicated index is 4. Deletion is not allowed in this container yet.
2019-10-16 18:48:14,332 [EventQueue-ContainerReportForContainerReportHandler] WARN  container.ContainerReportHandler (AbstractContainerReportHandler.java:updateContainerState(145)) - Container #1 is in OPEN state, but the datanode 0d5b4e59-aa2f-4fe6-b072-73846da82a05{ip: 192.168.157.202, host: pr-hdds-2283-rsqnh-1472443098, networkLocation: /default-rack, certSerialId: null} reports an CLOSED replica.
2019-10-16 18:48:14,392 [EventQueue-ContainerReportForContainerReportHandler] WARN  container.ContainerReportHandler (AbstractContainerReportHandler.java:updateContainerState(145)) - Container #1 is in OPEN state, but the datanode c0368dd1-c4a9-4bcb-a2d2-6d6b66c0e12a{ip: 192.168.157.202, host: pr-hdds-2283-rsqnh-1472443098, networkLocation: /default-rack, certSerialId: null} reports an CLOSED replica.
2019-10-16 18:48:14,593 [EventQueue-ContainerReportForContainerReportHandler] WARN  container.ContainerReportHandler (AbstractContainerReportHandler.java:updateContainerState(145)) - Container #1 is in OPEN state, but the datanode c0368dd1-c4a9-4bcb-a2d2-6d6b66c0e12a{ip: 192.168.157.202, host: pr-hdds-2283-rsqnh-1472443098, networkLocation: /default-rack, certSerialId: null} reports an CLOSED replica.
2019-10-16 18:48:14,732 [EventQueue-ContainerReportForContainerReportHandler] WARN  container.ContainerReportHandler (AbstractContainerReportHandler.java:updateContainerState(145)) - Container #1 is in OPEN state, but the datanode 0d5b4e59-aa2f-4fe6-b072-73846da82a05{ip: 192.168.157.202, host: pr-hdds-2283-rsqnh-1472443098, networkLocation: /default-rack, certSerialId: null} reports an CLOSED replica.
2019-10-16 18:48:14,893 [EventQueue-ContainerReportForContainerReportHandler] WARN  container.ContainerReportHandler (AbstractContainerReportHandler.java:updateContainerState(145)) - Container #1 is in OPEN state, but the datanode c0368dd1-c4a9-4bcb-a2d2-6d6b66c0e12a{ip: 192.168.157.202, host: pr-hdds-2283-rsqnh-1472443098, networkLocation: /default-rack, certSerialId: null} reports an CLOSED replica.
2019-10-16 18:48:14,979 [Thread-392] INFO  client.GrpcClientProtocolService (GrpcClientProtocolService.java:lambda$processClientRequest$0(278)) - Failed RaftClientRequest:client-F1A042848956->0d5b4e59-aa2f-4fe6-b072-73846da82a05@group-753D53B6DDFB, cid=10, seq=0, Watch-ALL_COMMITTED(6), Message:<EMPTY>, reply=RaftClientReply:client-F1A042848956->0d5b4e59-aa2f-4fe6-b072-73846da82a05@group-753D53B6DDFB, cid=10, FAILED org.apache.ratis.protocol.NotLeaderException: Server 0d5b4e59-aa2f-4fe6-b072-73846da82a05@group-753D53B6DDFB is not the leader c0368dd1-c4a9-4bcb-a2d2-6d6b66c0e12a:192.168.157.202:44847, logIndex=0, commits[0d5b4e59-aa2f-4fe6-b072-73846da82a05:c10, 52bfa4dc-bcba-4693-b6e2-7f231a44b6db:c4, c0368dd1-c4a9-4bcb-a2d2-6d6b66c0e12a:c10]
2019-10-16 18:48:15,133 [EventQueue-ContainerReportForContainerReportHandler] WARN  container.ContainerReportHandler (AbstractContainerReportHandler.java:updateContainerState(145)) - Container #1 is in OPEN state, but the datanode 0d5b4e59-aa2f-4fe6-b072-73846da82a05{ip: 192.168.157.202, host: pr-hdds-2283-rsqnh-1472443098, networkLocation: /default-rack, certSerialId: null} reports an CLOSED replica.
2019-10-16 18:48:15,182 [BlockDeletingService#2] WARN  background.BlockDeletingService (BlockDeletingService.java:isDeletionAllowed(187)) - Close Container log Index 6 is not replicated across allthe servers in the pipeline 7043c0de-230d-480f-89cc-753d53b6ddfb as the min replicated index is 4. Deletion is not allowed in this container yet.
2019-10-16 18:48:15,184 [BlockDeletingService#2] WARN  background.BlockDeletingService (BlockDeletingService.java:isDeletionAllowed(187)) - Close Container log Index 6 is not replicated across allthe servers in the pipeline 7043c0de-230d-480f-89cc-753d53b6ddfb as the min replicated index is 4. Deletion is not allowed in this container yet.
2019-10-16 18:48:15,293 [EventQueue-ContainerReportForContainerReportHandler] WARN  container.ContainerReportHandler (AbstractContainerReportHandler.java:updateContainerState(145)) - Container #1 is in OPEN state, but the datanode c0368dd1-c4a9-4bcb-a2d2-6d6b66c0e12a{ip: 192.168.157.202, host: pr-hdds-2283-rsqnh-1472443098, networkLocation: /default-rack, certSerialId: null} reports an CLOSED replica.
2019-10-16 18:48:15,434 [EventQueue-ContainerReportForContainerReportHandler] WARN  container.ContainerReportHandler (AbstractContainerReportHandler.java:updateContainerState(145)) - Container #1 is in OPEN state, but the datanode 0d5b4e59-aa2f-4fe6-b072-73846da82a05{ip: 192.168.157.202, host: pr-hdds-2283-rsqnh-1472443098, networkLocation: /default-rack, certSerialId: null} reports an CLOSED replica.
2019-10-16 18:48:15,634 [EventQueue-ContainerReportForContainerReportHandler] WARN  container.ContainerReportHandler (AbstractContainerReportHandler.java:updateContainerState(145)) - Container #1 is in OPEN state, but the datanode 0d5b4e59-aa2f-4fe6-b072-73846da82a05{ip: 192.168.157.202, host: pr-hdds-2283-rsqnh-1472443098, networkLocation: /default-rack, certSerialId: null} reports an CLOSED replica.
2019-10-16 18:48:15,694 [EventQueue-ContainerReportForContainerReportHandler] WARN  container.ContainerReportHandler (AbstractContainerReportHandler.java:updateContainerState(145)) - Container #1 is in OPEN state, but the datanode c0368dd1-c4a9-4bcb-a2d2-6d6b66c0e12a{ip: 192.168.157.202, host: pr-hdds-2283-rsqnh-1472443098, networkLocation: /default-rack, certSerialId: null} reports an CLOSED replica.
2019-10-16 18:48:15,837 [EventQueue-ContainerReportForContainerReportHandler] WARN  container.ContainerReportHandler (AbstractContainerReportHandler.java:updateContainerState(145)) - Container #1 is in OPEN state, but the datanode 0d5b4e59-aa2f-4fe6-b072-73846da82a05{ip: 192.168.157.202, host: pr-hdds-2283-rsqnh-1472443098, networkLocation: /default-rack, certSerialId: null} reports an CLOSED replica.
2019-10-16 18:48:15,896 [EventQueue-ContainerReportForContainerReportHandler] WARN  container.ContainerReportHandler (AbstractContainerReportHandler.java:updateContainerState(145)) - Container #1 is in OPEN state, but the datanode c0368dd1-c4a9-4bcb-a2d2-6d6b66c0e12a{ip: 192.168.157.202, host: pr-hdds-2283-rsqnh-1472443098, networkLocation: /default-rack, certSerialId: null} reports an CLOSED replica.
2019-10-16 18:48:15,933 [java.util.concurrent.ThreadPoolExecutor$Worker@48272572[State = -1, empty queue]] WARN  server.GrpcLogAppender (GrpcLogAppender.java:timeoutAppendRequest(209)) - c0368dd1-c4a9-4bcb-a2d2-6d6b66c0e12a@group-753D53B6DDFB->52bfa4dc-bcba-4693-b6e2-7f231a44b6db-GrpcLogAppender: appendEntries Timeout, request=c0368dd1-c4a9-4bcb-a2d2-6d6b66c0e12a->52bfa4dc-bcba-4693-b6e2-7f231a44b6db#31-t4, previous=(t:4, i:10), leaderCommit=10, initializing? false, entries: <empty>
2019-10-16 18:48:16,034 [EventQueue-ContainerReportForContainerReportHandler] WARN  container.ContainerReportHandler (AbstractContainerReportHandler.java:updateContainerState(145)) - Container #1 is in OPEN state, but the datanode 0d5b4e59-aa2f-4fe6-b072-73846da82a05{ip: 192.168.157.202, host: pr-hdds-2283-rsqnh-1472443098, networkLocation: /default-rack, certSerialId: null} reports an CLOSED replica.
2019-10-16 18:48:16,185 [BlockDeletingService#2] WARN  background.BlockDeletingService (BlockDeletingService.java:isDeletionAllowed(187)) - Close Container log Index 6 is not replicated across allthe servers in the pipeline 7043c0de-230d-480f-89cc-753d53b6ddfb as the min replicated index is 4. Deletion is not allowed in this container yet.
2019-10-16 18:48:16,185 [BlockDeletingService#2] WARN  background.BlockDeletingService (BlockDeletingService.java:isDeletionAllowed(187)) - Close Container log Index 6 is not replicated across allthe servers in the pipeline 7043c0de-230d-480f-89cc-753d53b6ddfb as the min replicated index is 4. Deletion is not allowed in this container yet.
2019-10-16 18:48:16,294 [EventQueue-ContainerReportForContainerReportHandler] WARN  container.ContainerReportHandler (AbstractContainerReportHandler.java:updateContainerState(145)) - Container #1 is in OPEN state, but the datanode c0368dd1-c4a9-4bcb-a2d2-6d6b66c0e12a{ip: 192.168.157.202, host: pr-hdds-2283-rsqnh-1472443098, networkLocation: /default-rack, certSerialId: null} reports an CLOSED replica.
2019-10-16 18:48:16,434 [EventQueue-ContainerReportForContainerReportHandler] WARN  container.ContainerReportHandler (AbstractContainerReportHandler.java:updateContainerState(145)) - Container #1 is in OPEN state, but the datanode 0d5b4e59-aa2f-4fe6-b072-73846da82a05{ip: 192.168.157.202, host: pr-hdds-2283-rsqnh-1472443098, networkLocation: /default-rack, certSerialId: null} reports an CLOSED replica.
2019-10-16 18:48:16,494 [EventQueue-ContainerReportForContainerReportHandler] WARN  container.ContainerReportHandler (AbstractContainerReportHandler.java:updateContainerState(145)) - Container #1 is in OPEN state, but the datanode c0368dd1-c4a9-4bcb-a2d2-6d6b66c0e12a{ip: 192.168.157.202, host: pr-hdds-2283-rsqnh-1472443098, networkLocation: /default-rack, certSerialId: null} reports an CLOSED replica.
2019-10-16 18:48:16,584 [Thread-401] INFO  client.GrpcClientProtocolService (GrpcClientProtocolService.java:lambda$processClientRequest$0(278)) - Failed RaftClientRequest:client-F1A042848956->c0368dd1-c4a9-4bcb-a2d2-6d6b66c0e12a@group-753D53B6DDFB, cid=10, seq=0, Watch-ALL_COMMITTED(6), Message:<EMPTY>, reply=RaftClientReply:client-F1A042848956->c0368dd1-c4a9-4bcb-a2d2-6d6b66c0e12a@group-753D53B6DDFB, cid=10, FAILED org.apache.ratis.protocol.NotReplicatedException: Request with call Id 10 and log index 6 is not yet replicated to ALL_COMMITTED, logIndex=6, commits[c0368dd1-c4a9-4bcb-a2d2-6d6b66c0e12a:c10, 0d5b4e59-aa2f-4fe6-b072-73846da82a05:c10, 52bfa4dc-bcba-4693-b6e2-7f231a44b6db:c4]
2019-10-16 18:48:16,694 [EventQueue-ContainerReportForContainerReportHandler] WARN  container.ContainerReportHandler (AbstractContainerReportHandler.java:updateContainerState(145)) - Container #1 is in OPEN state, but the datanode c0368dd1-c4a9-4bcb-a2d2-6d6b66c0e12a{ip: 192.168.157.202, host: pr-hdds-2283-rsqnh-1472443098, networkLocation: /default-rack, certSerialId: null} reports an CLOSED replica.
2019-10-16 18:48:16,834 [EventQueue-ContainerReportForContainerReportHandler] WARN  container.ContainerReportHandler (AbstractContainerReportHandler.java:updateContainerState(145)) - Container #1 is in OPEN state, but the datanode 0d5b4e59-aa2f-4fe6-b072-73846da82a05{ip: 192.168.157.202, host: pr-hdds-2283-rsqnh-1472443098, networkLocation: /default-rack, certSerialId: null} reports an CLOSED replica.
2019-10-16 18:48:17,034 [EventQueue-ContainerReportForContainerReportHandler] WARN  container.ContainerReportHandler (AbstractContainerReportHandler.java:updateContainerState(145)) - Container #1 is in OPEN state, but the datanode 0d5b4e59-aa2f-4fe6-b072-73846da82a05{ip: 192.168.157.202, host: pr-hdds-2283-rsqnh-1472443098, networkLocation: /default-rack, certSerialId: null} reports an CLOSED replica.
2019-10-16 18:48:17,095 [EventQueue-ContainerReportForContainerReportHandler] WARN  container.ContainerReportHandler (AbstractContainerReportHandler.java:updateContainerState(145)) - Container #1 is in OPEN state, but the datanode c0368dd1-c4a9-4bcb-a2d2-6d6b66c0e12a{ip: 192.168.157.202, host: pr-hdds-2283-rsqnh-1472443098, networkLocation: /default-rack, certSerialId: null} reports an CLOSED replica.
2019-10-16 18:48:17,187 [BlockDeletingService#2] WARN  background.BlockDeletingService (BlockDeletingService.java:isDeletionAllowed(187)) - Close Container log Index 6 is not replicated across allthe servers in the pipeline 7043c0de-230d-480f-89cc-753d53b6ddfb as the min replicated index is 4. Deletion is not allowed in this container yet.
2019-10-16 18:48:17,187 [BlockDeletingService#2] WARN  background.BlockDeletingService (BlockDeletingService.java:isDeletionAllowed(187)) - Close Container log Index 6 is not replicated across allthe servers in the pipeline 7043c0de-230d-480f-89cc-753d53b6ddfb as the min replicated index is 4. Deletion is not allowed in this container yet.
2019-10-16 18:48:17,394 [EventQueue-ContainerReportForContainerReportHandler] WARN  container.ContainerReportHandler (AbstractContainerReportHandler.java:updateContainerState(145)) - Container #1 is in OPEN state, but the datanode c0368dd1-c4a9-4bcb-a2d2-6d6b66c0e12a{ip: 192.168.157.202, host: pr-hdds-2283-rsqnh-1472443098, networkLocation: /default-rack, certSerialId: null} reports an CLOSED replica.
2019-10-16 18:48:17,434 [EventQueue-ContainerReportForContainerReportHandler] WARN  container.ContainerReportHandler (AbstractContainerReportHandler.java:updateContainerState(145)) - Container #1 is in OPEN state, but the datanode 0d5b4e59-aa2f-4fe6-b072-73846da82a05{ip: 192.168.157.202, host: pr-hdds-2283-rsqnh-1472443098, networkLocation: /default-rack, certSerialId: null} reports an CLOSED replica.
2019-10-16 18:48:17,594 [EventQueue-ContainerReportForContainerReportHandler] WARN  container.ContainerReportHandler (AbstractContainerReportHandler.java:updateContainerState(145)) - Container #1 is in OPEN state, but the datanode c0368dd1-c4a9-4bcb-a2d2-6d6b66c0e12a{ip: 192.168.157.202, host: pr-hdds-2283-rsqnh-1472443098, networkLocation: /default-rack, certSerialId: null} reports an CLOSED replica.
2019-10-16 18:48:17,734 [EventQueue-ContainerReportForContainerReportHandler] WARN  container.ContainerReportHandler (AbstractContainerReportHandler.java:updateContainerState(145)) - Container #1 is in OPEN state, but the datanode 0d5b4e59-aa2f-4fe6-b072-73846da82a05{ip: 192.168.157.202, host: pr-hdds-2283-rsqnh-1472443098, networkLocation: /default-rack, certSerialId: null} reports an CLOSED replica.
2019-10-16 18:48:17,895 [EventQueue-ContainerReportForContainerReportHandler] WARN  container.ContainerReportHandler (AbstractContainerReportHandler.java:updateContainerState(145)) - Container #1 is in OPEN state, but the datanode c0368dd1-c4a9-4bcb-a2d2-6d6b66c0e12a{ip: 192.168.157.202, host: pr-hdds-2283-rsqnh-1472443098, networkLocation: /default-rack, certSerialId: null} reports an CLOSED replica.
2019-10-16 18:48:18,035 [EventQueue-ContainerReportForContainerReportHandler] WARN  container.ContainerReportHandler (AbstractContainerReportHandler.java:updateContainerState(145)) - Container #1 is in OPEN state, but the datanode 0d5b4e59-aa2f-4fe6-b072-73846da82a05{ip: 192.168.157.202, host: pr-hdds-2283-rsqnh-1472443098, networkLocation: /default-rack, certSerialId: null} reports an CLOSED replica.
2019-10-16 18:48:18,190 [BlockDeletingService#2] WARN  background.BlockDeletingService (BlockDeletingService.java:isDeletionAllowed(187)) - Close Container log Index 6 is not replicated across allthe servers in the pipeline 7043c0de-230d-480f-89cc-753d53b6ddfb as the min replicated index is 4. Deletion is not allowed in this container yet.
2019-10-16 18:48:18,190 [BlockDeletingService#2] WARN  background.BlockDeletingService (BlockDeletingService.java:isDeletionAllowed(187)) - Close Container log Index 6 is not replicated across allthe servers in the pipeline 7043c0de-230d-480f-89cc-753d53b6ddfb as the min replicated index is 4. Deletion is not allowed in this container yet.
2019-10-16 18:48:18,295 [EventQueue-ContainerReportForContainerReportHandler] WARN  container.ContainerReportHandler (AbstractContainerReportHandler.java:updateContainerState(145)) - Container #1 is in OPEN state, but the datanode c0368dd1-c4a9-4bcb-a2d2-6d6b66c0e12a{ip: 192.168.157.202, host: pr-hdds-2283-rsqnh-1472443098, networkLocation: /default-rack, certSerialId: null} reports an CLOSED replica.
2019-10-16 18:48:18,335 [EventQueue-ContainerReportForContainerReportHandler] WARN  container.ContainerReportHandler (AbstractContainerReportHandler.java:updateContainerState(145)) - Container #1 is in OPEN state, but the datanode 0d5b4e59-aa2f-4fe6-b072-73846da82a05{ip: 192.168.157.202, host: pr-hdds-2283-rsqnh-1472443098, networkLocation: /default-rack, certSerialId: null} reports an CLOSED replica.
2019-10-16 18:48:18,434 [java.util.concurrent.ThreadPoolExecutor$Worker@48272572[State = -1, empty queue]] WARN  server.GrpcLogAppender (GrpcLogAppender.java:timeoutAppendRequest(209)) - c0368dd1-c4a9-4bcb-a2d2-6d6b66c0e12a@group-753D53B6DDFB->52bfa4dc-bcba-4693-b6e2-7f231a44b6db-GrpcLogAppender: appendEntries Timeout, request=c0368dd1-c4a9-4bcb-a2d2-6d6b66c0e12a->52bfa4dc-bcba-4693-b6e2-7f231a44b6db#32-t4, previous=(t:4, i:10), leaderCommit=10, initializing? false, entries: <empty>
2019-10-16 18:48:18,495 [EventQueue-ContainerReportForContainerReportHandler] WARN  container.ContainerReportHandler (AbstractContainerReportHandler.java:updateContainerState(145)) - Container #1 is in OPEN state, but the datanode c0368dd1-c4a9-4bcb-a2d2-6d6b66c0e12a{ip: 192.168.157.202, host: pr-hdds-2283-rsqnh-1472443098, networkLocation: /default-rack, certSerialId: null} reports an CLOSED replica.
2019-10-16 18:48:18,638 [EventQueue-ContainerReportForContainerReportHandler] WARN  container.ContainerReportHandler (AbstractContainerReportHandler.java:updateContainerState(145)) - Container #1 is in OPEN state, but the datanode 0d5b4e59-aa2f-4fe6-b072-73846da82a05{ip: 192.168.157.202, host: pr-hdds-2283-rsqnh-1472443098, networkLocation: /default-rack, certSerialId: null} reports an CLOSED replica.
2019-10-16 18:48:18,796 [EventQueue-ContainerReportForContainerReportHandler] WARN  container.ContainerReportHandler (AbstractContainerReportHandler.java:updateContainerState(145)) - Container #1 is in OPEN state, but the datanode c0368dd1-c4a9-4bcb-a2d2-6d6b66c0e12a{ip: 192.168.157.202, host: pr-hdds-2283-rsqnh-1472443098, networkLocation: /default-rack, certSerialId: null} reports an CLOSED replica.
2019-10-16 18:48:19,038 [EventQueue-ContainerReportForContainerReportHandler] WARN  container.ContainerReportHandler (AbstractContainerReportHandler.java:updateContainerState(145)) - Container #1 is in OPEN state, but the datanode 0d5b4e59-aa2f-4fe6-b072-73846da82a05{ip: 192.168.157.202, host: pr-hdds-2283-rsqnh-1472443098, networkLocation: /default-rack, certSerialId: null} reports an CLOSED replica.
2019-10-16 18:48:19,097 [EventQueue-ContainerReportForContainerReportHandler] WARN  container.ContainerReportHandler (AbstractContainerReportHandler.java:updateContainerState(145)) - Container #1 is in OPEN state, but the datanode c0368dd1-c4a9-4bcb-a2d2-6d6b66c0e12a{ip: 192.168.157.202, host: pr-hdds-2283-rsqnh-1472443098, networkLocation: /default-rack, certSerialId: null} reports an CLOSED replica.
2019-10-16 18:48:19,192 [BlockDeletingService#2] WARN  background.BlockDeletingService (BlockDeletingService.java:isDeletionAllowed(187)) - Close Container log Index 6 is not replicated across allthe servers in the pipeline 7043c0de-230d-480f-89cc-753d53b6ddfb as the min replicated index is 4. Deletion is not allowed in this container yet.
2019-10-16 18:48:19,192 [BlockDeletingService#2] WARN  background.BlockDeletingService (BlockDeletingService.java:isDeletionAllowed(187)) - Close Container log Index 6 is not replicated across allthe servers in the pipeline 7043c0de-230d-480f-89cc-753d53b6ddfb as the min replicated index is 4. Deletion is not allowed in this container yet.
2019-10-16 18:48:19,337 [EventQueue-ContainerReportForContainerReportHandler] WARN  container.ContainerReportHandler (AbstractContainerReportHandler.java:updateContainerState(145)) - Container #1 is in OPEN state, but the datanode 0d5b4e59-aa2f-4fe6-b072-73846da82a05{ip: 192.168.157.202, host: pr-hdds-2283-rsqnh-1472443098, networkLocation: /default-rack, certSerialId: null} reports an CLOSED replica.
2019-10-16 18:48:19,397 [EventQueue-ContainerReportForContainerReportHandler] WARN  container.ContainerReportHandler (AbstractContainerReportHandler.java:updateContainerState(145)) - Container #1 is in OPEN state, but the datanode c0368dd1-c4a9-4bcb-a2d2-6d6b66c0e12a{ip: 192.168.157.202, host: pr-hdds-2283-rsqnh-1472443098, networkLocation: /default-rack, certSerialId: null} reports an CLOSED replica.
2019-10-16 18:48:19,537 [EventQueue-ContainerReportForContainerReportHandler] WARN  container.ContainerReportHandler (AbstractContainerReportHandler.java:updateContainerState(145)) - Container #1 is in OPEN state, but the datanode 0d5b4e59-aa2f-4fe6-b072-73846da82a05{ip: 192.168.157.202, host: pr-hdds-2283-rsqnh-1472443098, networkLocation: /default-rack, certSerialId: null} reports an CLOSED replica.
2019-10-16 18:48:19,697 [EventQueue-ContainerReportForContainerReportHandler] WARN  container.ContainerReportHandler (AbstractContainerReportHandler.java:updateContainerState(145)) - Container #1 is in OPEN state, but the datanode c0368dd1-c4a9-4bcb-a2d2-6d6b66c0e12a{ip: 192.168.157.202, host: pr-hdds-2283-rsqnh-1472443098, networkLocation: /default-rack, certSerialId: null} reports an CLOSED replica.
2019-10-16 18:48:19,739 [EventQueue-ContainerReportForContainerReportHandler] WARN  container.ContainerReportHandler (AbstractContainerReportHandler.java:updateContainerState(145)) - Container #1 is in OPEN state, but the datanode 0d5b4e59-aa2f-4fe6-b072-73846da82a05{ip: 192.168.157.202, host: pr-hdds-2283-rsqnh-1472443098, networkLocation: /default-rack, certSerialId: null} reports an CLOSED replica.
2019-10-16 18:48:20,039 [EventQueue-ContainerReportForContainerReportHandler] WARN  container.ContainerReportHandler (AbstractContainerReportHandler.java:updateContainerState(145)) - Container #1 is in OPEN state, but the datanode 0d5b4e59-aa2f-4fe6-b072-73846da82a05{ip: 192.168.157.202, host: pr-hdds-2283-rsqnh-1472443098, networkLocation: /default-rack, certSerialId: null} reports an CLOSED replica.
2019-10-16 18:48:20,099 [EventQueue-ContainerReportForContainerReportHandler] WARN  container.ContainerReportHandler (AbstractContainerReportHandler.java:updateContainerState(145)) - Container #1 is in OPEN state, but the datanode c0368dd1-c4a9-4bcb-a2d2-6d6b66c0e12a{ip: 192.168.157.202, host: pr-hdds-2283-rsqnh-1472443098, networkLocation: /default-rack, certSerialId: null} reports an CLOSED replica.
2019-10-16 18:48:20,194 [BlockDeletingService#2] WARN  background.BlockDeletingService (BlockDeletingService.java:isDeletionAllowed(187)) - Close Container log Index 6 is not replicated across allthe servers in the pipeline 7043c0de-230d-480f-89cc-753d53b6ddfb as the min replicated index is 4. Deletion is not allowed in this container yet.
2019-10-16 18:48:20,194 [BlockDeletingService#2] WARN  background.BlockDeletingService (BlockDeletingService.java:isDeletionAllowed(187)) - Close Container log Index 6 is not replicated across allthe servers in the pipeline 7043c0de-230d-480f-89cc-753d53b6ddfb as the min replicated index is 4. Deletion is not allowed in this container yet.
2019-10-16 18:48:20,338 [EventQueue-ContainerReportForContainerReportHandler] WARN  container.ContainerReportHandler (AbstractContainerReportHandler.java:updateContainerState(145)) - Container #1 is in OPEN state, but the datanode 0d5b4e59-aa2f-4fe6-b072-73846da82a05{ip: 192.168.157.202, host: pr-hdds-2283-rsqnh-1472443098, networkLocation: /default-rack, certSerialId: null} reports an CLOSED replica.
2019-10-16 18:48:20,399 [EventQueue-ContainerReportForContainerReportHandler] WARN  container.ContainerReportHandler (AbstractContainerReportHandler.java:updateContainerState(145)) - Container #1 is in OPEN state, but the datanode c0368dd1-c4a9-4bcb-a2d2-6d6b66c0e12a{ip: 192.168.157.202, host: pr-hdds-2283-rsqnh-1472443098, networkLocation: /default-rack, certSerialId: null} reports an CLOSED replica.
2019-10-16 18:48:20,599 [EventQueue-ContainerReportForContainerReportHandler] WARN  container.ContainerReportHandler (AbstractContainerReportHandler.java:updateContainerState(145)) - Container #1 is in OPEN state, but the datanode c0368dd1-c4a9-4bcb-a2d2-6d6b66c0e12a{ip: 192.168.157.202, host: pr-hdds-2283-rsqnh-1472443098, networkLocation: /default-rack, certSerialId: null} reports an CLOSED replica.
2019-10-16 18:48:20,638 [EventQueue-ContainerReportForContainerReportHandler] WARN  container.ContainerReportHandler (AbstractContainerReportHandler.java:updateContainerState(145)) - Container #1 is in OPEN state, but the datanode 0d5b4e59-aa2f-4fe6-b072-73846da82a05{ip: 192.168.157.202, host: pr-hdds-2283-rsqnh-1472443098, networkLocation: /default-rack, certSerialId: null} reports an CLOSED replica.
2019-10-16 18:48:20,935 [java.util.concurrent.ThreadPoolExecutor$Worker@48272572[State = -1, empty queue]] WARN  server.GrpcLogAppender (GrpcLogAppender.java:timeoutAppendRequest(209)) - c0368dd1-c4a9-4bcb-a2d2-6d6b66c0e12a@group-753D53B6DDFB->52bfa4dc-bcba-4693-b6e2-7f231a44b6db-GrpcLogAppender: appendEntries Timeout, request=c0368dd1-c4a9-4bcb-a2d2-6d6b66c0e12a->52bfa4dc-bcba-4693-b6e2-7f231a44b6db#33-t4, previous=(t:4, i:10), leaderCommit=10, initializing? false, entries: <empty>
2019-10-16 18:48:20,938 [EventQueue-ContainerReportForContainerReportHandler] WARN  container.ContainerReportHandler (AbstractContainerReportHandler.java:updateContainerState(145)) - Container #1 is in OPEN state, but the datanode 0d5b4e59-aa2f-4fe6-b072-73846da82a05{ip: 192.168.157.202, host: pr-hdds-2283-rsqnh-1472443098, networkLocation: /default-rack, certSerialId: null} reports an CLOSED replica.
2019-10-16 18:48:21,000 [EventQueue-ContainerReportForContainerReportHandler] WARN  container.ContainerReportHandler (AbstractContainerReportHandler.java:updateContainerState(145)) - Container #1 is in OPEN state, but the datanode c0368dd1-c4a9-4bcb-a2d2-6d6b66c0e12a{ip: 192.168.157.202, host: pr-hdds-2283-rsqnh-1472443098, networkLocation: /default-rack, certSerialId: null} reports an CLOSED replica.
2019-10-16 18:48:21,196 [BlockDeletingService#2] WARN  background.BlockDeletingService (BlockDeletingService.java:isDeletionAllowed(187)) - Close Container log Index 6 is not replicated across allthe servers in the pipeline 7043c0de-230d-480f-89cc-753d53b6ddfb as the min replicated index is 4. Deletion is not allowed in this container yet.
2019-10-16 18:48:21,196 [BlockDeletingService#2] WARN  background.BlockDeletingService (BlockDeletingService.java:isDeletionAllowed(187)) - Close Container log Index 6 is not replicated across allthe servers in the pipeline 7043c0de-230d-480f-89cc-753d53b6ddfb as the min replicated index is 4. Deletion is not allowed in this container yet.
2019-10-16 18:48:21,201 [EventQueue-ContainerReportForContainerReportHandler] WARN  container.ContainerReportHandler (AbstractContainerReportHandler.java:updateContainerState(145)) - Container #1 is in OPEN state, but the datanode c0368dd1-c4a9-4bcb-a2d2-6d6b66c0e12a{ip: 192.168.157.202, host: pr-hdds-2283-rsqnh-1472443098, networkLocation: /default-rack, certSerialId: null} reports an CLOSED replica.
2019-10-16 18:48:21,238 [EventQueue-ContainerReportForContainerReportHandler] WARN  container.ContainerReportHandler (AbstractContainerReportHandler.java:updateContainerState(145)) - Container #1 is in OPEN state, but the datanode 0d5b4e59-aa2f-4fe6-b072-73846da82a05{ip: 192.168.157.202, host: pr-hdds-2283-rsqnh-1472443098, networkLocation: /default-rack, certSerialId: null} reports an CLOSED replica.
2019-10-16 18:48:21,439 [EventQueue-ContainerReportForContainerReportHandler] WARN  container.ContainerReportHandler (AbstractContainerReportHandler.java:updateContainerState(145)) - Container #1 is in OPEN state, but the datanode 0d5b4e59-aa2f-4fe6-b072-73846da82a05{ip: 192.168.157.202, host: pr-hdds-2283-rsqnh-1472443098, networkLocation: /default-rack, certSerialId: null} reports an CLOSED replica.
2019-10-16 18:48:21,502 [EventQueue-ContainerReportForContainerReportHandler] WARN  container.ContainerReportHandler (AbstractContainerReportHandler.java:updateContainerState(145)) - Container #1 is in OPEN state, but the datanode c0368dd1-c4a9-4bcb-a2d2-6d6b66c0e12a{ip: 192.168.157.202, host: pr-hdds-2283-rsqnh-1472443098, networkLocation: /default-rack, certSerialId: null} reports an CLOSED replica.
2019-10-16 18:48:21,702 [EventQueue-ContainerReportForContainerReportHandler] WARN  container.ContainerReportHandler (AbstractContainerReportHandler.java:updateContainerState(145)) - Container #1 is in OPEN state, but the datanode c0368dd1-c4a9-4bcb-a2d2-6d6b66c0e12a{ip: 192.168.157.202, host: pr-hdds-2283-rsqnh-1472443098, networkLocation: /default-rack, certSerialId: null} reports an CLOSED replica.
2019-10-16 18:48:21,738 [EventQueue-ContainerReportForContainerReportHandler] WARN  container.ContainerReportHandler (AbstractContainerReportHandler.java:updateContainerState(145)) - Container #1 is in OPEN state, but the datanode 0d5b4e59-aa2f-4fe6-b072-73846da82a05{ip: 192.168.157.202, host: pr-hdds-2283-rsqnh-1472443098, networkLocation: /default-rack, certSerialId: null} reports an CLOSED replica.
2019-10-16 18:48:21,938 [EventQueue-ContainerReportForContainerReportHandler] WARN  container.ContainerReportHandler (AbstractContainerReportHandler.java:updateContainerState(145)) - Container #1 is in OPEN state, but the datanode 0d5b4e59-aa2f-4fe6-b072-73846da82a05{ip: 192.168.157.202, host: pr-hdds-2283-rsqnh-1472443098, networkLocation: /default-rack, certSerialId: null} reports an CLOSED replica.
2019-10-16 18:48:22,004 [EventQueue-ContainerReportForContainerReportHandler] WARN  container.ContainerReportHandler (AbstractContainerReportHandler.java:updateContainerState(145)) - Container #1 is in OPEN state, but the datanode c0368dd1-c4a9-4bcb-a2d2-6d6b66c0e12a{ip: 192.168.157.202, host: pr-hdds-2283-rsqnh-1472443098, networkLocation: /default-rack, certSerialId: null} reports an CLOSED replica.
2019-10-16 18:48:22,197 [BlockDeletingService#2] WARN  background.BlockDeletingService (BlockDeletingService.java:isDeletionAllowed(187)) - Close Container log Index 6 is not replicated across allthe servers in the pipeline 7043c0de-230d-480f-89cc-753d53b6ddfb as the min replicated index is 4. Deletion is not allowed in this container yet.
2019-10-16 18:48:22,197 [BlockDeletingService#2] WARN  background.BlockDeletingService (BlockDeletingService.java:isDeletionAllowed(187)) - Close Container log Index 6 is not replicated across allthe servers in the pipeline 7043c0de-230d-480f-89cc-753d53b6ddfb as the min replicated index is 4. Deletion is not allowed in this container yet.
2019-10-16 18:48:22,204 [EventQueue-ContainerReportForContainerReportHandler] WARN  container.ContainerReportHandler (AbstractContainerReportHandler.java:updateContainerState(145)) - Container #1 is in OPEN state, but the datanode c0368dd1-c4a9-4bcb-a2d2-6d6b66c0e12a{ip: 192.168.157.202, host: pr-hdds-2283-rsqnh-1472443098, networkLocation: /default-rack, certSerialId: null} reports an CLOSED replica.
2019-10-16 18:48:22,238 [EventQueue-ContainerReportForContainerReportHandler] WARN  container.ContainerReportHandler (AbstractContainerReportHandler.java:updateContainerState(145)) - Container #1 is in OPEN state, but the datanode 0d5b4e59-aa2f-4fe6-b072-73846da82a05{ip: 192.168.157.202, host: pr-hdds-2283-rsqnh-1472443098, networkLocation: /default-rack, certSerialId: null} reports an CLOSED replica.
2019-10-16 18:48:22,439 [EventQueue-ContainerReportForContainerReportHandler] WARN  container.ContainerReportHandler (AbstractContainerReportHandler.java:updateContainerState(145)) - Container #1 is in OPEN state, but the datanode 0d5b4e59-aa2f-4fe6-b072-73846da82a05{ip: 192.168.157.202, host: pr-hdds-2283-rsqnh-1472443098, networkLocation: /default-rack, certSerialId: null} reports an CLOSED replica.
2019-10-16 18:48:22,606 [EventQueue-ContainerReportForContainerReportHandler] WARN  container.ContainerReportHandler (AbstractContainerReportHandler.java:updateContainerState(145)) - Container #1 is in OPEN state, but the datanode c0368dd1-c4a9-4bcb-a2d2-6d6b66c0e12a{ip: 192.168.157.202, host: pr-hdds-2283-rsqnh-1472443098, networkLocation: /default-rack, certSerialId: null} reports an CLOSED replica.
2019-10-16 18:48:22,641 [EventQueue-ContainerReportForContainerReportHandler] WARN  container.ContainerReportHandler (AbstractContainerReportHandler.java:updateContainerState(145)) - Container #1 is in OPEN state, but the datanode 0d5b4e59-aa2f-4fe6-b072-73846da82a05{ip: 192.168.157.202, host: pr-hdds-2283-rsqnh-1472443098, networkLocation: /default-rack, certSerialId: null} reports an CLOSED replica.
2019-10-16 18:48:22,907 [EventQueue-ContainerReportForContainerReportHandler] WARN  container.ContainerReportHandler (AbstractContainerReportHandler.java:updateContainerState(145)) - Container #1 is in OPEN state, but the datanode c0368dd1-c4a9-4bcb-a2d2-6d6b66c0e12a{ip: 192.168.157.202, host: pr-hdds-2283-rsqnh-1472443098, networkLocation: /default-rack, certSerialId: null} reports an CLOSED replica.
2019-10-16 18:48:22,943 [EventQueue-ContainerReportForContainerReportHandler] WARN  container.ContainerReportHandler (AbstractContainerReportHandler.java:updateContainerState(145)) - Container #1 is in OPEN state, but the datanode 0d5b4e59-aa2f-4fe6-b072-73846da82a05{ip: 192.168.157.202, host: pr-hdds-2283-rsqnh-1472443098, networkLocation: /default-rack, certSerialId: null} reports an CLOSED replica.
2019-10-16 18:48:23,199 [BlockDeletingService#2] WARN  background.BlockDeletingService (BlockDeletingService.java:isDeletionAllowed(187)) - Close Container log Index 6 is not replicated across allthe servers in the pipeline 7043c0de-230d-480f-89cc-753d53b6ddfb as the min replicated index is 4. Deletion is not allowed in this container yet.
2019-10-16 18:48:23,199 [BlockDeletingService#2] WARN  background.BlockDeletingService (BlockDeletingService.java:isDeletionAllowed(187)) - Close Container log Index 6 is not replicated across allthe servers in the pipeline 7043c0de-230d-480f-89cc-753d53b6ddfb as the min replicated index is 4. Deletion is not allowed in this container yet.
2019-10-16 18:48:23,207 [EventQueue-ContainerReportForContainerReportHandler] WARN  container.ContainerReportHandler (AbstractContainerReportHandler.java:updateContainerState(145)) - Container #1 is in OPEN state, but the datanode c0368dd1-c4a9-4bcb-a2d2-6d6b66c0e12a{ip: 192.168.157.202, host: pr-hdds-2283-rsqnh-1472443098, networkLocation: /default-rack, certSerialId: null} reports an CLOSED replica.
2019-10-16 18:48:23,244 [EventQueue-ContainerReportForContainerReportHandler] WARN  container.ContainerReportHandler (AbstractContainerReportHandler.java:updateContainerState(145)) - Container #1 is in OPEN state, but the datanode 0d5b4e59-aa2f-4fe6-b072-73846da82a05{ip: 192.168.157.202, host: pr-hdds-2283-rsqnh-1472443098, networkLocation: /default-rack, certSerialId: null} reports an CLOSED replica.
2019-10-16 18:48:23,436 [java.util.concurrent.ThreadPoolExecutor$Worker@48272572[State = -1, empty queue]] WARN  server.GrpcLogAppender (GrpcLogAppender.java:timeoutAppendRequest(209)) - c0368dd1-c4a9-4bcb-a2d2-6d6b66c0e12a@group-753D53B6DDFB->52bfa4dc-bcba-4693-b6e2-7f231a44b6db-GrpcLogAppender: appendEntries Timeout, request=c0368dd1-c4a9-4bcb-a2d2-6d6b66c0e12a->52bfa4dc-bcba-4693-b6e2-7f231a44b6db#34-t4, previous=(t:4, i:10), leaderCommit=10, initializing? false, entries: <empty>
2019-10-16 18:48:23,607 [EventQueue-ContainerReportForContainerReportHandler] WARN  container.ContainerReportHandler (AbstractContainerReportHandler.java:updateContainerState(145)) - Container #1 is in OPEN state, but the datanode c0368dd1-c4a9-4bcb-a2d2-6d6b66c0e12a{ip: 192.168.157.202, host: pr-hdds-2283-rsqnh-1472443098, networkLocation: /default-rack, certSerialId: null} reports an CLOSED replica.
2019-10-16 18:48:23,644 [EventQueue-ContainerReportForContainerReportHandler] WARN  container.ContainerReportHandler (AbstractContainerReportHandler.java:updateContainerState(145)) - Container #1 is in OPEN state, but the datanode 0d5b4e59-aa2f-4fe6-b072-73846da82a05{ip: 192.168.157.202, host: pr-hdds-2283-rsqnh-1472443098, networkLocation: /default-rack, certSerialId: null} reports an CLOSED replica.
2019-10-16 18:48:23,945 [EventQueue-ContainerReportForContainerReportHandler] WARN  container.ContainerReportHandler (AbstractContainerReportHandler.java:updateContainerState(145)) - Container #1 is in OPEN state, but the datanode 0d5b4e59-aa2f-4fe6-b072-73846da82a05{ip: 192.168.157.202, host: pr-hdds-2283-rsqnh-1472443098, networkLocation: /default-rack, certSerialId: null} reports an CLOSED replica.
2019-10-16 18:48:24,007 [EventQueue-ContainerReportForContainerReportHandler] WARN  container.ContainerReportHandler (AbstractContainerReportHandler.java:updateContainerState(145)) - Container #1 is in OPEN state, but the datanode c0368dd1-c4a9-4bcb-a2d2-6d6b66c0e12a{ip: 192.168.157.202, host: pr-hdds-2283-rsqnh-1472443098, networkLocation: /default-rack, certSerialId: null} reports an CLOSED replica.
2019-10-16 18:48:24,009 [Thread-421] INFO  client.GrpcClientProtocolService (GrpcClientProtocolService.java:lambda$processClientRequest$0(278)) - Failed RaftClientRequest:client-F1A042848956->0d5b4e59-aa2f-4fe6-b072-73846da82a05@group-753D53B6DDFB, cid=10, seq=0, Watch-ALL_COMMITTED(6), Message:<EMPTY>, reply=RaftClientReply:client-F1A042848956->0d5b4e59-aa2f-4fe6-b072-73846da82a05@group-753D53B6DDFB, cid=10, FAILED org.apache.ratis.protocol.NotLeaderException: Server 0d5b4e59-aa2f-4fe6-b072-73846da82a05@group-753D53B6DDFB is not the leader c0368dd1-c4a9-4bcb-a2d2-6d6b66c0e12a:192.168.157.202:44847, logIndex=0, commits[0d5b4e59-aa2f-4fe6-b072-73846da82a05:c10, 52bfa4dc-bcba-4693-b6e2-7f231a44b6db:c4, c0368dd1-c4a9-4bcb-a2d2-6d6b66c0e12a:c10]
2019-10-16 18:48:24,201 [BlockDeletingService#2] WARN  background.BlockDeletingService (BlockDeletingService.java:isDeletionAllowed(187)) - Close Container log Index 6 is not replicated across allthe servers in the pipeline 7043c0de-230d-480f-89cc-753d53b6ddfb as the min replicated index is 4. Deletion is not allowed in this container yet.
2019-10-16 18:48:24,201 [BlockDeletingService#2] WARN  background.BlockDeletingService (BlockDeletingService.java:isDeletionAllowed(187)) - Close Container log Index 6 is not replicated across allthe servers in the pipeline 7043c0de-230d-480f-89cc-753d53b6ddfb as the min replicated index is 4. Deletion is not allowed in this container yet.
2019-10-16 18:48:24,307 [EventQueue-ContainerReportForContainerReportHandler] WARN  container.ContainerReportHandler (AbstractContainerReportHandler.java:updateContainerState(145)) - Container #1 is in OPEN state, but the datanode c0368dd1-c4a9-4bcb-a2d2-6d6b66c0e12a{ip: 192.168.157.202, host: pr-hdds-2283-rsqnh-1472443098, networkLocation: /default-rack, certSerialId: null} reports an CLOSED replica.
2019-10-16 18:48:24,345 [EventQueue-ContainerReportForContainerReportHandler] WARN  container.ContainerReportHandler (AbstractContainerReportHandler.java:updateContainerState(145)) - Container #1 is in OPEN state, but the datanode 0d5b4e59-aa2f-4fe6-b072-73846da82a05{ip: 192.168.157.202, host: pr-hdds-2283-rsqnh-1472443098, networkLocation: /default-rack, certSerialId: null} reports an CLOSED replica.
2019-10-16 18:48:24,607 [EventQueue-ContainerReportForContainerReportHandler] WARN  container.ContainerReportHandler (AbstractContainerReportHandler.java:updateContainerState(145)) - Container #1 is in OPEN state, but the datanode c0368dd1-c4a9-4bcb-a2d2-6d6b66c0e12a{ip: 192.168.157.202, host: pr-hdds-2283-rsqnh-1472443098, networkLocation: /default-rack, certSerialId: null} reports an CLOSED replica.
2019-10-16 18:48:24,745 [EventQueue-ContainerReportForContainerReportHandler] WARN  container.ContainerReportHandler (AbstractContainerReportHandler.java:updateContainerState(145)) - Container #1 is in OPEN state, but the datanode 0d5b4e59-aa2f-4fe6-b072-73846da82a05{ip: 192.168.157.202, host: pr-hdds-2283-rsqnh-1472443098, networkLocation: /default-rack, certSerialId: null} reports an CLOSED replica.
2019-10-16 18:48:24,807 [EventQueue-ContainerReportForContainerReportHandler] WARN  container.ContainerReportHandler (AbstractContainerReportHandler.java:updateContainerState(145)) - Container #1 is in OPEN state, but the datanode c0368dd1-c4a9-4bcb-a2d2-6d6b66c0e12a{ip: 192.168.157.202, host: pr-hdds-2283-rsqnh-1472443098, networkLocation: /default-rack, certSerialId: null} reports an CLOSED replica.
2019-10-16 18:48:25,046 [EventQueue-ContainerReportForContainerReportHandler] WARN  container.ContainerReportHandler (AbstractContainerReportHandler.java:updateContainerState(145)) - Container #1 is in OPEN state, but the datanode 0d5b4e59-aa2f-4fe6-b072-73846da82a05{ip: 192.168.157.202, host: pr-hdds-2283-rsqnh-1472443098, networkLocation: /default-rack, certSerialId: null} reports an CLOSED replica.
2019-10-16 18:48:25,107 [EventQueue-ContainerReportForContainerReportHandler] WARN  container.ContainerReportHandler (AbstractContainerReportHandler.java:updateContainerState(145)) - Container #1 is in OPEN state, but the datanode c0368dd1-c4a9-4bcb-a2d2-6d6b66c0e12a{ip: 192.168.157.202, host: pr-hdds-2283-rsqnh-1472443098, networkLocation: /default-rack, certSerialId: null} reports an CLOSED replica.
2019-10-16 18:48:25,202 [BlockDeletingService#2] WARN  background.BlockDeletingService (BlockDeletingService.java:isDeletionAllowed(187)) - Close Container log Index 6 is not replicated across allthe servers in the pipeline 7043c0de-230d-480f-89cc-753d53b6ddfb as the min replicated index is 4. Deletion is not allowed in this container yet.
2019-10-16 18:48:25,206 [BlockDeletingService#2] WARN  background.BlockDeletingService (BlockDeletingService.java:isDeletionAllowed(187)) - Close Container log Index 6 is not replicated across allthe servers in the pipeline 7043c0de-230d-480f-89cc-753d53b6ddfb as the min replicated index is 4. Deletion is not allowed in this container yet.
2019-10-16 18:48:25,245 [EventQueue-ContainerReportForContainerReportHandler] WARN  container.ContainerReportHandler (AbstractContainerReportHandler.java:updateContainerState(145)) - Container #1 is in OPEN state, but the datanode 0d5b4e59-aa2f-4fe6-b072-73846da82a05{ip: 192.168.157.202, host: pr-hdds-2283-rsqnh-1472443098, networkLocation: /default-rack, certSerialId: null} reports an CLOSED replica.
2019-10-16 18:48:25,408 [EventQueue-ContainerReportForContainerReportHandler] WARN  container.ContainerReportHandler (AbstractContainerReportHandler.java:updateContainerState(145)) - Container #1 is in OPEN state, but the datanode c0368dd1-c4a9-4bcb-a2d2-6d6b66c0e12a{ip: 192.168.157.202, host: pr-hdds-2283-rsqnh-1472443098, networkLocation: /default-rack, certSerialId: null} reports an CLOSED replica.
2019-10-16 18:48:25,545 [EventQueue-ContainerReportForContainerReportHandler] WARN  container.ContainerReportHandler (AbstractContainerReportHandler.java:updateContainerState(145)) - Container #1 is in OPEN state, but the datanode 0d5b4e59-aa2f-4fe6-b072-73846da82a05{ip: 192.168.157.202, host: pr-hdds-2283-rsqnh-1472443098, networkLocation: /default-rack, certSerialId: null} reports an CLOSED replica.
2019-10-16 18:48:25,584 [Thread-429] INFO  client.GrpcClientProtocolService (GrpcClientProtocolService.java:lambda$processClientRequest$0(278)) - Failed RaftClientRequest:client-F1A042848956->c0368dd1-c4a9-4bcb-a2d2-6d6b66c0e12a@group-753D53B6DDFB, cid=10, seq=0, Watch-ALL_COMMITTED(6), Message:<EMPTY>, reply=RaftClientReply:client-F1A042848956->c0368dd1-c4a9-4bcb-a2d2-6d6b66c0e12a@group-753D53B6DDFB, cid=10, FAILED org.apache.ratis.protocol.NotReplicatedException: Request with call Id 10 and log index 6 is not yet replicated to ALL_COMMITTED, logIndex=6, commits[c0368dd1-c4a9-4bcb-a2d2-6d6b66c0e12a:c10, 0d5b4e59-aa2f-4fe6-b072-73846da82a05:c10, 52bfa4dc-bcba-4693-b6e2-7f231a44b6db:c4]
2019-10-16 18:48:25,708 [EventQueue-ContainerReportForContainerReportHandler] WARN  container.ContainerReportHandler (AbstractContainerReportHandler.java:updateContainerState(145)) - Container #1 is in OPEN state, but the datanode c0368dd1-c4a9-4bcb-a2d2-6d6b66c0e12a{ip: 192.168.157.202, host: pr-hdds-2283-rsqnh-1472443098, networkLocation: /default-rack, certSerialId: null} reports an CLOSED replica.
2019-10-16 18:48:25,845 [EventQueue-ContainerReportForContainerReportHandler] WARN  container.ContainerReportHandler (AbstractContainerReportHandler.java:updateContainerState(145)) - Container #1 is in OPEN state, but the datanode 0d5b4e59-aa2f-4fe6-b072-73846da82a05{ip: 192.168.157.202, host: pr-hdds-2283-rsqnh-1472443098, networkLocation: /default-rack, certSerialId: null} reports an CLOSED replica.
2019-10-16 18:48:25,937 [java.util.concurrent.ThreadPoolExecutor$Worker@48272572[State = -1, empty queue]] WARN  server.GrpcLogAppender (GrpcLogAppender.java:timeoutAppendRequest(209)) - c0368dd1-c4a9-4bcb-a2d2-6d6b66c0e12a@group-753D53B6DDFB->52bfa4dc-bcba-4693-b6e2-7f231a44b6db-GrpcLogAppender: appendEntries Timeout, request=c0368dd1-c4a9-4bcb-a2d2-6d6b66c0e12a->52bfa4dc-bcba-4693-b6e2-7f231a44b6db#35-t4, previous=(t:4, i:10), leaderCommit=10, initializing? false, entries: <empty>
2019-10-16 18:48:26,008 [EventQueue-ContainerReportForContainerReportHandler] WARN  container.ContainerReportHandler (AbstractContainerReportHandler.java:updateContainerState(145)) - Container #1 is in OPEN state, but the datanode c0368dd1-c4a9-4bcb-a2d2-6d6b66c0e12a{ip: 192.168.157.202, host: pr-hdds-2283-rsqnh-1472443098, networkLocation: /default-rack, certSerialId: null} reports an CLOSED replica.
2019-10-16 18:48:26,203 [BlockDeletingService#2] WARN  background.BlockDeletingService (BlockDeletingService.java:isDeletionAllowed(187)) - Close Container log Index 6 is not replicated across allthe servers in the pipeline 7043c0de-230d-480f-89cc-753d53b6ddfb as the min replicated index is 4. Deletion is not allowed in this container yet.
2019-10-16 18:48:26,207 [BlockDeletingService#2] WARN  background.BlockDeletingService (BlockDeletingService.java:isDeletionAllowed(187)) - Close Container log Index 6 is not replicated across allthe servers in the pipeline 7043c0de-230d-480f-89cc-753d53b6ddfb as the min replicated index is 4. Deletion is not allowed in this container yet.
2019-10-16 18:48:26,208 [EventQueue-ContainerReportForContainerReportHandler] WARN  container.ContainerReportHandler (AbstractContainerReportHandler.java:updateContainerState(145)) - Container #1 is in OPEN state, but the datanode c0368dd1-c4a9-4bcb-a2d2-6d6b66c0e12a{ip: 192.168.157.202, host: pr-hdds-2283-rsqnh-1472443098, networkLocation: /default-rack, certSerialId: null} reports an CLOSED replica.
2019-10-16 18:48:26,245 [EventQueue-ContainerReportForContainerReportHandler] WARN  container.ContainerReportHandler (AbstractContainerReportHandler.java:updateContainerState(145)) - Container #1 is in OPEN state, but the datanode 0d5b4e59-aa2f-4fe6-b072-73846da82a05{ip: 192.168.157.202, host: pr-hdds-2283-rsqnh-1472443098, networkLocation: /default-rack, certSerialId: null} reports an CLOSED replica.
2019-10-16 18:48:26,545 [EventQueue-ContainerReportForContainerReportHandler] WARN  container.ContainerReportHandler (AbstractContainerReportHandler.java:updateContainerState(145)) - Container #1 is in OPEN state, but the datanode 0d5b4e59-aa2f-4fe6-b072-73846da82a05{ip: 192.168.157.202, host: pr-hdds-2283-rsqnh-1472443098, networkLocation: /default-rack, certSerialId: null} reports an CLOSED replica.
2019-10-16 18:48:26,609 [EventQueue-ContainerReportForContainerReportHandler] WARN  container.ContainerReportHandler (AbstractContainerReportHandler.java:updateContainerState(145)) - Container #1 is in OPEN state, but the datanode c0368dd1-c4a9-4bcb-a2d2-6d6b66c0e12a{ip: 192.168.157.202, host: pr-hdds-2283-rsqnh-1472443098, networkLocation: /default-rack, certSerialId: null} reports an CLOSED replica.
2019-10-16 18:48:26,845 [EventQueue-ContainerReportForContainerReportHandler] WARN  container.ContainerReportHandler (AbstractContainerReportHandler.java:updateContainerState(145)) - Container #1 is in OPEN state, but the datanode 0d5b4e59-aa2f-4fe6-b072-73846da82a05{ip: 192.168.157.202, host: pr-hdds-2283-rsqnh-1472443098, networkLocation: /default-rack, certSerialId: null} reports an CLOSED replica.
2019-10-16 18:48:27,009 [EventQueue-ContainerReportForContainerReportHandler] WARN  container.ContainerReportHandler (AbstractContainerReportHandler.java:updateContainerState(145)) - Container #1 is in OPEN state, but the datanode c0368dd1-c4a9-4bcb-a2d2-6d6b66c0e12a{ip: 192.168.157.202, host: pr-hdds-2283-rsqnh-1472443098, networkLocation: /default-rack, certSerialId: null} reports an CLOSED replica.
2019-10-16 18:48:27,145 [EventQueue-ContainerReportForContainerReportHandler] WARN  container.ContainerReportHandler (AbstractContainerReportHandler.java:updateContainerState(145)) - Container #1 is in OPEN state, but the datanode 0d5b4e59-aa2f-4fe6-b072-73846da82a05{ip: 192.168.157.202, host: pr-hdds-2283-rsqnh-1472443098, networkLocation: /default-rack, certSerialId: null} reports an CLOSED replica.
2019-10-16 18:48:27,204 [BlockDeletingService#2] WARN  background.BlockDeletingService (BlockDeletingService.java:isDeletionAllowed(187)) - Close Container log Index 6 is not replicated across allthe servers in the pipeline 7043c0de-230d-480f-89cc-753d53b6ddfb as the min replicated index is 4. Deletion is not allowed in this container yet.
2019-10-16 18:48:27,208 [BlockDeletingService#2] WARN  background.BlockDeletingService (BlockDeletingService.java:isDeletionAllowed(187)) - Close Container log Index 6 is not replicated across allthe servers in the pipeline 7043c0de-230d-480f-89cc-753d53b6ddfb as the min replicated index is 4. Deletion is not allowed in this container yet.
2019-10-16 18:48:27,309 [EventQueue-ContainerReportForContainerReportHandler] WARN  container.ContainerReportHandler (AbstractContainerReportHandler.java:updateContainerState(145)) - Container #1 is in OPEN state, but the datanode c0368dd1-c4a9-4bcb-a2d2-6d6b66c0e12a{ip: 192.168.157.202, host: pr-hdds-2283-rsqnh-1472443098, networkLocation: /default-rack, certSerialId: null} reports an CLOSED replica.
2019-10-16 18:48:27,445 [EventQueue-ContainerReportForContainerReportHandler] WARN  container.ContainerReportHandler (AbstractContainerReportHandler.java:updateContainerState(145)) - Container #1 is in OPEN state, but the datanode 0d5b4e59-aa2f-4fe6-b072-73846da82a05{ip: 192.168.157.202, host: pr-hdds-2283-rsqnh-1472443098, networkLocation: /default-rack, certSerialId: null} reports an CLOSED replica.
2019-10-16 18:48:27,610 [EventQueue-ContainerReportForContainerReportHandler] WARN  container.ContainerReportHandler (AbstractContainerReportHandler.java:updateContainerState(145)) - Container #1 is in OPEN state, but the datanode c0368dd1-c4a9-4bcb-a2d2-6d6b66c0e12a{ip: 192.168.157.202, host: pr-hdds-2283-rsqnh-1472443098, networkLocation: /default-rack, certSerialId: null} reports an CLOSED replica.
2019-10-16 18:48:27,746 [EventQueue-ContainerReportForContainerReportHandler] WARN  container.ContainerReportHandler (AbstractContainerReportHandler.java:updateContainerState(145)) - Container #1 is in OPEN state, but the datanode 0d5b4e59-aa2f-4fe6-b072-73846da82a05{ip: 192.168.157.202, host: pr-hdds-2283-rsqnh-1472443098, networkLocation: /default-rack, certSerialId: null} reports an CLOSED replica.
2019-10-16 18:48:27,809 [EventQueue-ContainerReportForContainerReportHandler] WARN  container.ContainerReportHandler (AbstractContainerReportHandler.java:updateContainerState(145)) - Container #1 is in OPEN state, but the datanode c0368dd1-c4a9-4bcb-a2d2-6d6b66c0e12a{ip: 192.168.157.202, host: pr-hdds-2283-rsqnh-1472443098, networkLocation: /default-rack, certSerialId: null} reports an CLOSED replica.
2019-10-16 18:48:28,046 [EventQueue-ContainerReportForContainerReportHandler] WARN  container.ContainerReportHandler (AbstractContainerReportHandler.java:updateContainerState(145)) - Container #1 is in OPEN state, but the datanode 0d5b4e59-aa2f-4fe6-b072-73846da82a05{ip: 192.168.157.202, host: pr-hdds-2283-rsqnh-1472443098, networkLocation: /default-rack, certSerialId: null} reports an CLOSED replica.
2019-10-16 18:48:28,207 [BlockDeletingService#2] WARN  background.BlockDeletingService (BlockDeletingService.java:isDeletionAllowed(187)) - Close Container log Index 6 is not replicated across allthe servers in the pipeline 7043c0de-230d-480f-89cc-753d53b6ddfb as the min replicated index is 4. Deletion is not allowed in this container yet.
2019-10-16 18:48:28,209 [BlockDeletingService#2] WARN  background.BlockDeletingService (BlockDeletingService.java:isDeletionAllowed(187)) - Close Container log Index 6 is not replicated across allthe servers in the pipeline 7043c0de-230d-480f-89cc-753d53b6ddfb as the min replicated index is 4. Deletion is not allowed in this container yet.
2019-10-16 18:48:28,210 [EventQueue-ContainerReportForContainerReportHandler] WARN  container.ContainerReportHandler (AbstractContainerReportHandler.java:updateContainerState(145)) - Container #1 is in OPEN state, but the datanode c0368dd1-c4a9-4bcb-a2d2-6d6b66c0e12a{ip: 192.168.157.202, host: pr-hdds-2283-rsqnh-1472443098, networkLocation: /default-rack, certSerialId: null} reports an CLOSED replica.
2019-10-16 18:48:28,346 [EventQueue-ContainerReportForContainerReportHandler] WARN  container.ContainerReportHandler (AbstractContainerReportHandler.java:updateContainerState(145)) - Container #1 is in OPEN state, but the datanode 0d5b4e59-aa2f-4fe6-b072-73846da82a05{ip: 192.168.157.202, host: pr-hdds-2283-rsqnh-1472443098, networkLocation: /default-rack, certSerialId: null} reports an CLOSED replica.
2019-10-16 18:48:28,438 [java.util.concurrent.ThreadPoolExecutor$Worker@48272572[State = -1, empty queue]] WARN  server.GrpcLogAppender (GrpcLogAppender.java:timeoutAppendRequest(209)) - c0368dd1-c4a9-4bcb-a2d2-6d6b66c0e12a@group-753D53B6DDFB->52bfa4dc-bcba-4693-b6e2-7f231a44b6db-GrpcLogAppender: appendEntries Timeout, request=c0368dd1-c4a9-4bcb-a2d2-6d6b66c0e12a->52bfa4dc-bcba-4693-b6e2-7f231a44b6db#36-t4, previous=(t:4, i:10), leaderCommit=10, initializing? false, entries: <empty>
2019-10-16 18:48:28,510 [EventQueue-ContainerReportForContainerReportHandler] WARN  container.ContainerReportHandler (AbstractContainerReportHandler.java:updateContainerState(145)) - Container #1 is in OPEN state, but the datanode c0368dd1-c4a9-4bcb-a2d2-6d6b66c0e12a{ip: 192.168.157.202, host: pr-hdds-2283-rsqnh-1472443098, networkLocation: /default-rack, certSerialId: null} reports an CLOSED replica.
2019-10-16 18:48:28,747 [EventQueue-ContainerReportForContainerReportHandler] WARN  container.ContainerReportHandler (AbstractContainerReportHandler.java:updateContainerState(145)) - Container #1 is in OPEN state, but the datanode 0d5b4e59-aa2f-4fe6-b072-73846da82a05{ip: 192.168.157.202, host: pr-hdds-2283-rsqnh-1472443098, networkLocation: /default-rack, certSerialId: null} reports an CLOSED replica.
2019-10-16 18:48:28,910 [EventQueue-ContainerReportForContainerReportHandler] WARN  container.ContainerReportHandler (AbstractContainerReportHandler.java:updateContainerState(145)) - Container #1 is in OPEN state, but the datanode c0368dd1-c4a9-4bcb-a2d2-6d6b66c0e12a{ip: 192.168.157.202, host: pr-hdds-2283-rsqnh-1472443098, networkLocation: /default-rack, certSerialId: null} reports an CLOSED replica.
2019-10-16 18:48:28,947 [EventQueue-ContainerReportForContainerReportHandler] WARN  container.ContainerReportHandler (AbstractContainerReportHandler.java:updateContainerState(145)) - Container #1 is in OPEN state, but the datanode 0d5b4e59-aa2f-4fe6-b072-73846da82a05{ip: 192.168.157.202, host: pr-hdds-2283-rsqnh-1472443098, networkLocation: /default-rack, certSerialId: null} reports an CLOSED replica.
2019-10-16 18:48:29,208 [BlockDeletingService#2] WARN  background.BlockDeletingService (BlockDeletingService.java:isDeletionAllowed(187)) - Close Container log Index 6 is not replicated across allthe servers in the pipeline 7043c0de-230d-480f-89cc-753d53b6ddfb as the min replicated index is 4. Deletion is not allowed in this container yet.
2019-10-16 18:48:29,210 [BlockDeletingService#2] WARN  background.BlockDeletingService (BlockDeletingService.java:isDeletionAllowed(187)) - Close Container log Index 6 is not replicated across allthe servers in the pipeline 7043c0de-230d-480f-89cc-753d53b6ddfb as the min replicated index is 4. Deletion is not allowed in this container yet.
2019-10-16 18:48:29,310 [EventQueue-ContainerReportForContainerReportHandler] WARN  container.ContainerReportHandler (AbstractContainerReportHandler.java:updateContainerState(145)) - Container #1 is in OPEN state, but the datanode c0368dd1-c4a9-4bcb-a2d2-6d6b66c0e12a{ip: 192.168.157.202, host: pr-hdds-2283-rsqnh-1472443098, networkLocation: /default-rack, certSerialId: null} reports an CLOSED replica.
2019-10-16 18:48:29,347 [EventQueue-ContainerReportForContainerReportHandler] WARN  container.ContainerReportHandler (AbstractContainerReportHandler.java:updateContainerState(145)) - Container #1 is in OPEN state, but the datanode 0d5b4e59-aa2f-4fe6-b072-73846da82a05{ip: 192.168.157.202, host: pr-hdds-2283-rsqnh-1472443098, networkLocation: /default-rack, certSerialId: null} reports an CLOSED replica.
2019-10-16 18:48:29,547 [EventQueue-ContainerReportForContainerReportHandler] WARN  container.ContainerReportHandler (AbstractContainerReportHandler.java:updateContainerState(145)) - Container #1 is in OPEN state, but the datanode 0d5b4e59-aa2f-4fe6-b072-73846da82a05{ip: 192.168.157.202, host: pr-hdds-2283-rsqnh-1472443098, networkLocation: /default-rack, certSerialId: null} reports an CLOSED replica.
2019-10-16 18:48:29,610 [EventQueue-ContainerReportForContainerReportHandler] WARN  container.ContainerReportHandler (AbstractContainerReportHandler.java:updateContainerState(145)) - Container #1 is in OPEN state, but the datanode c0368dd1-c4a9-4bcb-a2d2-6d6b66c0e12a{ip: 192.168.157.202, host: pr-hdds-2283-rsqnh-1472443098, networkLocation: /default-rack, certSerialId: null} reports an CLOSED replica.
2019-10-16 18:48:29,811 [EventQueue-ContainerReportForContainerReportHandler] WARN  container.ContainerReportHandler (AbstractContainerReportHandler.java:updateContainerState(145)) - Container #1 is in OPEN state, but the datanode c0368dd1-c4a9-4bcb-a2d2-6d6b66c0e12a{ip: 192.168.157.202, host: pr-hdds-2283-rsqnh-1472443098, networkLocation: /default-rack, certSerialId: null} reports an CLOSED replica.
2019-10-16 18:48:29,847 [EventQueue-ContainerReportForContainerReportHandler] WARN  container.ContainerReportHandler (AbstractContainerReportHandler.java:updateContainerState(145)) - Container #1 is in OPEN state, but the datanode 0d5b4e59-aa2f-4fe6-b072-73846da82a05{ip: 192.168.157.202, host: pr-hdds-2283-rsqnh-1472443098, networkLocation: /default-rack, certSerialId: null} reports an CLOSED replica.
2019-10-16 18:48:30,010 [EventQueue-ContainerReportForContainerReportHandler] WARN  container.ContainerReportHandler (AbstractContainerReportHandler.java:updateContainerState(145)) - Container #1 is in OPEN state, but the datanode c0368dd1-c4a9-4bcb-a2d2-6d6b66c0e12a{ip: 192.168.157.202, host: pr-hdds-2283-rsqnh-1472443098, networkLocation: /default-rack, certSerialId: null} reports an CLOSED replica.
2019-10-16 18:48:30,147 [EventQueue-ContainerReportForContainerReportHandler] WARN  container.ContainerReportHandler (AbstractContainerReportHandler.java:updateContainerState(145)) - Container #1 is in OPEN state, but the datanode 0d5b4e59-aa2f-4fe6-b072-73846da82a05{ip: 192.168.157.202, host: pr-hdds-2283-rsqnh-1472443098, networkLocation: /default-rack, certSerialId: null} reports an CLOSED replica.
2019-10-16 18:48:30,210 [BlockDeletingService#2] WARN  background.BlockDeletingService (BlockDeletingService.java:isDeletionAllowed(187)) - Close Container log Index 6 is not replicated across allthe servers in the pipeline 7043c0de-230d-480f-89cc-753d53b6ddfb as the min replicated index is 4. Deletion is not allowed in this container yet.
2019-10-16 18:48:30,211 [BlockDeletingService#2] WARN  background.BlockDeletingService (BlockDeletingService.java:isDeletionAllowed(187)) - Close Container log Index 6 is not replicated across allthe servers in the pipeline 7043c0de-230d-480f-89cc-753d53b6ddfb as the min replicated index is 4. Deletion is not allowed in this container yet.
2019-10-16 18:48:30,412 [EventQueue-ContainerReportForContainerReportHandler] WARN  container.ContainerReportHandler (AbstractContainerReportHandler.java:updateContainerState(145)) - Container #1 is in OPEN state, but the datanode c0368dd1-c4a9-4bcb-a2d2-6d6b66c0e12a{ip: 192.168.157.202, host: pr-hdds-2283-rsqnh-1472443098, networkLocation: /default-rack, certSerialId: null} reports an CLOSED replica.
2019-10-16 18:48:30,447 [EventQueue-ContainerReportForContainerReportHandler] WARN  container.ContainerReportHandler (AbstractContainerReportHandler.java:updateContainerState(145)) - Container #1 is in OPEN state, but the datanode 0d5b4e59-aa2f-4fe6-b072-73846da82a05{ip: 192.168.157.202, host: pr-hdds-2283-rsqnh-1472443098, networkLocation: /default-rack, certSerialId: null} reports an CLOSED replica.
2019-10-16 18:48:30,612 [EventQueue-ContainerReportForContainerReportHandler] WARN  container.ContainerReportHandler (AbstractContainerReportHandler.java:updateContainerState(145)) - Container #1 is in OPEN state, but the datanode c0368dd1-c4a9-4bcb-a2d2-6d6b66c0e12a{ip: 192.168.157.202, host: pr-hdds-2283-rsqnh-1472443098, networkLocation: /default-rack, certSerialId: null} reports an CLOSED replica.
2019-10-16 18:48:30,748 [EventQueue-ContainerReportForContainerReportHandler] WARN  container.ContainerReportHandler (AbstractContainerReportHandler.java:updateContainerState(145)) - Container #1 is in OPEN state, but the datanode 0d5b4e59-aa2f-4fe6-b072-73846da82a05{ip: 192.168.157.202, host: pr-hdds-2283-rsqnh-1472443098, networkLocation: /default-rack, certSerialId: null} reports an CLOSED replica.
2019-10-16 18:48:30,912 [EventQueue-ContainerReportForContainerReportHandler] WARN  container.ContainerReportHandler (AbstractContainerReportHandler.java:updateContainerState(145)) - Container #1 is in OPEN state, but the datanode c0368dd1-c4a9-4bcb-a2d2-6d6b66c0e12a{ip: 192.168.157.202, host: pr-hdds-2283-rsqnh-1472443098, networkLocation: /default-rack, certSerialId: null} reports an CLOSED replica.
2019-10-16 18:48:30,939 [java.util.concurrent.ThreadPoolExecutor$Worker@48272572[State = -1, empty queue]] WARN  server.GrpcLogAppender (GrpcLogAppender.java:timeoutAppendRequest(209)) - c0368dd1-c4a9-4bcb-a2d2-6d6b66c0e12a@group-753D53B6DDFB->52bfa4dc-bcba-4693-b6e2-7f231a44b6db-GrpcLogAppender: appendEntries Timeout, request=c0368dd1-c4a9-4bcb-a2d2-6d6b66c0e12a->52bfa4dc-bcba-4693-b6e2-7f231a44b6db#37-t4, previous=(t:4, i:10), leaderCommit=10, initializing? false, entries: <empty>
2019-10-16 18:48:31,048 [EventQueue-ContainerReportForContainerReportHandler] WARN  container.ContainerReportHandler (AbstractContainerReportHandler.java:updateContainerState(145)) - Container #1 is in OPEN state, but the datanode 0d5b4e59-aa2f-4fe6-b072-73846da82a05{ip: 192.168.157.202, host: pr-hdds-2283-rsqnh-1472443098, networkLocation: /default-rack, certSerialId: null} reports an CLOSED replica.
2019-10-16 18:48:31,211 [BlockDeletingService#2] WARN  background.BlockDeletingService (BlockDeletingService.java:isDeletionAllowed(187)) - Close Container log Index 6 is not replicated across allthe servers in the pipeline 7043c0de-230d-480f-89cc-753d53b6ddfb as the min replicated index is 4. Deletion is not allowed in this container yet.
2019-10-16 18:48:31,212 [BlockDeletingService#2] WARN  background.BlockDeletingService (BlockDeletingService.java:isDeletionAllowed(187)) - Close Container log Index 6 is not replicated across allthe servers in the pipeline 7043c0de-230d-480f-89cc-753d53b6ddfb as the min replicated index is 4. Deletion is not allowed in this container yet.
2019-10-16 18:48:31,212 [EventQueue-ContainerReportForContainerReportHandler] WARN  container.ContainerReportHandler (AbstractContainerReportHandler.java:updateContainerState(145)) - Container #1 is in OPEN state, but the datanode c0368dd1-c4a9-4bcb-a2d2-6d6b66c0e12a{ip: 192.168.157.202, host: pr-hdds-2283-rsqnh-1472443098, networkLocation: /default-rack, certSerialId: null} reports an CLOSED replica.
2019-10-16 18:48:31,348 [EventQueue-ContainerReportForContainerReportHandler] WARN  container.ContainerReportHandler (AbstractContainerReportHandler.java:updateContainerState(145)) - Container #1 is in OPEN state, but the datanode 0d5b4e59-aa2f-4fe6-b072-73846da82a05{ip: 192.168.157.202, host: pr-hdds-2283-rsqnh-1472443098, networkLocation: /default-rack, certSerialId: null} reports an CLOSED replica.
2019-10-16 18:48:31,613 [EventQueue-ContainerReportForContainerReportHandler] WARN  container.ContainerReportHandler (AbstractContainerReportHandler.java:updateContainerState(145)) - Container #1 is in OPEN state, but the datanode c0368dd1-c4a9-4bcb-a2d2-6d6b66c0e12a{ip: 192.168.157.202, host: pr-hdds-2283-rsqnh-1472443098, networkLocation: /default-rack, certSerialId: null} reports an CLOSED replica.
2019-10-16 18:48:31,648 [EventQueue-ContainerReportForContainerReportHandler] WARN  container.ContainerReportHandler (AbstractContainerReportHandler.java:updateContainerState(145)) - Container #1 is in OPEN state, but the datanode 0d5b4e59-aa2f-4fe6-b072-73846da82a05{ip: 192.168.157.202, host: pr-hdds-2283-rsqnh-1472443098, networkLocation: /default-rack, certSerialId: null} reports an CLOSED replica.
2019-10-16 18:48:31,812 [EventQueue-ContainerReportForContainerReportHandler] WARN  container.ContainerReportHandler (AbstractContainerReportHandler.java:updateContainerState(145)) - Container #1 is in OPEN state, but the datanode c0368dd1-c4a9-4bcb-a2d2-6d6b66c0e12a{ip: 192.168.157.202, host: pr-hdds-2283-rsqnh-1472443098, networkLocation: /default-rack, certSerialId: null} reports an CLOSED replica.
2019-10-16 18:48:31,948 [EventQueue-ContainerReportForContainerReportHandler] WARN  container.ContainerReportHandler (AbstractContainerReportHandler.java:updateContainerState(145)) - Container #1 is in OPEN state, but the datanode 0d5b4e59-aa2f-4fe6-b072-73846da82a05{ip: 192.168.157.202, host: pr-hdds-2283-rsqnh-1472443098, networkLocation: /default-rack, certSerialId: null} reports an CLOSED replica.
2019-10-16 18:48:32,148 [EventQueue-ContainerReportForContainerReportHandler] WARN  container.ContainerReportHandler (AbstractContainerReportHandler.java:updateContainerState(145)) - Container #1 is in OPEN state, but the datanode 0d5b4e59-aa2f-4fe6-b072-73846da82a05{ip: 192.168.157.202, host: pr-hdds-2283-rsqnh-1472443098, networkLocation: /default-rack, certSerialId: null} reports an CLOSED replica.
2019-10-16 18:48:32,213 [EventQueue-ContainerReportForContainerReportHandler] WARN  container.ContainerReportHandler (AbstractContainerReportHandler.java:updateContainerState(145)) - Container #1 is in OPEN state, but the datanode c0368dd1-c4a9-4bcb-a2d2-6d6b66c0e12a{ip: 192.168.157.202, host: pr-hdds-2283-rsqnh-1472443098, networkLocation: /default-rack, certSerialId: null} reports an CLOSED replica.
2019-10-16 18:48:32,213 [BlockDeletingService#2] WARN  background.BlockDeletingService (BlockDeletingService.java:isDeletionAllowed(187)) - Close Container log Index 6 is not replicated across allthe servers in the pipeline 7043c0de-230d-480f-89cc-753d53b6ddfb as the min replicated index is 4. Deletion is not allowed in this container yet.
2019-10-16 18:48:32,213 [BlockDeletingService#2] WARN  background.BlockDeletingService (BlockDeletingService.java:isDeletionAllowed(187)) - Close Container log Index 6 is not replicated across allthe servers in the pipeline 7043c0de-230d-480f-89cc-753d53b6ddfb as the min replicated index is 4. Deletion is not allowed in this container yet.
2019-10-16 18:48:32,414 [EventQueue-ContainerReportForContainerReportHandler] WARN  container.ContainerReportHandler (AbstractContainerReportHandler.java:updateContainerState(145)) - Container #1 is in OPEN state, but the datanode c0368dd1-c4a9-4bcb-a2d2-6d6b66c0e12a{ip: 192.168.157.202, host: pr-hdds-2283-rsqnh-1472443098, networkLocation: /default-rack, certSerialId: null} reports an CLOSED replica.
2019-10-16 18:48:32,449 [EventQueue-ContainerReportForContainerReportHandler] WARN  container.ContainerReportHandler (AbstractContainerReportHandler.java:updateContainerState(145)) - Container #1 is in OPEN state, but the datanode 0d5b4e59-aa2f-4fe6-b072-73846da82a05{ip: 192.168.157.202, host: pr-hdds-2283-rsqnh-1472443098, networkLocation: /default-rack, certSerialId: null} reports an CLOSED replica.
2019-10-16 18:48:32,650 [EventQueue-ContainerReportForContainerReportHandler] WARN  container.ContainerReportHandler (AbstractContainerReportHandler.java:updateContainerState(145)) - Container #1 is in OPEN state, but the datanode 0d5b4e59-aa2f-4fe6-b072-73846da82a05{ip: 192.168.157.202, host: pr-hdds-2283-rsqnh-1472443098, networkLocation: /default-rack, certSerialId: null} reports an CLOSED replica.
2019-10-16 18:48:32,714 [EventQueue-ContainerReportForContainerReportHandler] WARN  container.ContainerReportHandler (AbstractContainerReportHandler.java:updateContainerState(145)) - Container #1 is in OPEN state, but the datanode c0368dd1-c4a9-4bcb-a2d2-6d6b66c0e12a{ip: 192.168.157.202, host: pr-hdds-2283-rsqnh-1472443098, networkLocation: /default-rack, certSerialId: null} reports an CLOSED replica.
2019-10-16 18:48:32,915 [EventQueue-ContainerReportForContainerReportHandler] WARN  container.ContainerReportHandler (AbstractContainerReportHandler.java:updateContainerState(145)) - Container #1 is in OPEN state, but the datanode c0368dd1-c4a9-4bcb-a2d2-6d6b66c0e12a{ip: 192.168.157.202, host: pr-hdds-2283-rsqnh-1472443098, networkLocation: /default-rack, certSerialId: null} reports an CLOSED replica.
2019-10-16 18:48:32,950 [EventQueue-ContainerReportForContainerReportHandler] WARN  container.ContainerReportHandler (AbstractContainerReportHandler.java:updateContainerState(145)) - Container #1 is in OPEN state, but the datanode 0d5b4e59-aa2f-4fe6-b072-73846da82a05{ip: 192.168.157.202, host: pr-hdds-2283-rsqnh-1472443098, networkLocation: /default-rack, certSerialId: null} reports an CLOSED replica.
2019-10-16 18:48:33,034 [Thread-449] INFO  client.GrpcClientProtocolService (GrpcClientProtocolService.java:lambda$processClientRequest$0(278)) - Failed RaftClientRequest:client-F1A042848956->0d5b4e59-aa2f-4fe6-b072-73846da82a05@group-753D53B6DDFB, cid=10, seq=0, Watch-ALL_COMMITTED(6), Message:<EMPTY>, reply=RaftClientReply:client-F1A042848956->0d5b4e59-aa2f-4fe6-b072-73846da82a05@group-753D53B6DDFB, cid=10, FAILED org.apache.ratis.protocol.NotLeaderException: Server 0d5b4e59-aa2f-4fe6-b072-73846da82a05@group-753D53B6DDFB is not the leader c0368dd1-c4a9-4bcb-a2d2-6d6b66c0e12a:192.168.157.202:44847, logIndex=0, commits[0d5b4e59-aa2f-4fe6-b072-73846da82a05:c10, 52bfa4dc-bcba-4693-b6e2-7f231a44b6db:c4, c0368dd1-c4a9-4bcb-a2d2-6d6b66c0e12a:c10]
2019-10-16 18:48:33,116 [EventQueue-ContainerReportForContainerReportHandler] WARN  container.ContainerReportHandler (AbstractContainerReportHandler.java:updateContainerState(145)) - Container #1 is in OPEN state, but the datanode c0368dd1-c4a9-4bcb-a2d2-6d6b66c0e12a{ip: 192.168.157.202, host: pr-hdds-2283-rsqnh-1472443098, networkLocation: /default-rack, certSerialId: null} reports an CLOSED replica.
2019-10-16 18:48:33,214 [BlockDeletingService#2] WARN  background.BlockDeletingService (BlockDeletingService.java:isDeletionAllowed(187)) - Close Container log Index 6 is not replicated across allthe servers in the pipeline 7043c0de-230d-480f-89cc-753d53b6ddfb as the min replicated index is 4. Deletion is not allowed in this container yet.
2019-10-16 18:48:33,214 [BlockDeletingService#2] WARN  background.BlockDeletingService (BlockDeletingService.java:isDeletionAllowed(187)) - Close Container log Index 6 is not replicated across allthe servers in the pipeline 7043c0de-230d-480f-89cc-753d53b6ddfb as the min replicated index is 4. Deletion is not allowed in this container yet.
2019-10-16 18:48:33,251 [EventQueue-ContainerReportForContainerReportHandler] WARN  container.ContainerReportHandler (AbstractContainerReportHandler.java:updateContainerState(145)) - Container #1 is in OPEN state, but the datanode 0d5b4e59-aa2f-4fe6-b072-73846da82a05{ip: 192.168.157.202, host: pr-hdds-2283-rsqnh-1472443098, networkLocation: /default-rack, certSerialId: null} reports an CLOSED replica.
2019-10-16 18:48:33,316 [EventQueue-ContainerReportForContainerReportHandler] WARN  container.ContainerReportHandler (AbstractContainerReportHandler.java:updateContainerState(145)) - Container #1 is in OPEN state, but the datanode c0368dd1-c4a9-4bcb-a2d2-6d6b66c0e12a{ip: 192.168.157.202, host: pr-hdds-2283-rsqnh-1472443098, networkLocation: /default-rack, certSerialId: null} reports an CLOSED replica.
2019-10-16 18:48:33,440 [java.util.concurrent.ThreadPoolExecutor$Worker@48272572[State = -1, empty queue]] WARN  server.GrpcLogAppender (GrpcLogAppender.java:timeoutAppendRequest(209)) - c0368dd1-c4a9-4bcb-a2d2-6d6b66c0e12a@group-753D53B6DDFB->52bfa4dc-bcba-4693-b6e2-7f231a44b6db-GrpcLogAppender: appendEntries Timeout, request=c0368dd1-c4a9-4bcb-a2d2-6d6b66c0e12a->52bfa4dc-bcba-4693-b6e2-7f231a44b6db#38-t4, previous=(t:4, i:10), leaderCommit=10, initializing? false, entries: <empty>
2019-10-16 18:48:33,452 [EventQueue-ContainerReportForContainerReportHandler] WARN  container.ContainerReportHandler (AbstractContainerReportHandler.java:updateContainerState(145)) - Container #1 is in OPEN state, but the datanode 0d5b4e59-aa2f-4fe6-b072-73846da82a05{ip: 192.168.157.202, host: pr-hdds-2283-rsqnh-1472443098, networkLocation: /default-rack, certSerialId: null} reports an CLOSED replica.
2019-10-16 18:48:33,617 [EventQueue-ContainerReportForContainerReportHandler] WARN  container.ContainerReportHandler (AbstractContainerReportHandler.java:updateContainerState(145)) - Container #1 is in OPEN state, but the datanode c0368dd1-c4a9-4bcb-a2d2-6d6b66c0e12a{ip: 192.168.157.202, host: pr-hdds-2283-rsqnh-1472443098, networkLocation: /default-rack, certSerialId: null} reports an CLOSED replica.
2019-10-16 18:48:33,852 [EventQueue-ContainerReportForContainerReportHandler] WARN  container.ContainerReportHandler (AbstractContainerReportHandler.java:updateContainerState(145)) - Container #1 is in OPEN state, but the datanode 0d5b4e59-aa2f-4fe6-b072-73846da82a05{ip: 192.168.157.202, host: pr-hdds-2283-rsqnh-1472443098, networkLocation: /default-rack, certSerialId: null} reports an CLOSED replica.
2019-10-16 18:48:33,918 [EventQueue-ContainerReportForContainerReportHandler] WARN  container.ContainerReportHandler (AbstractContainerReportHandler.java:updateContainerState(145)) - Container #1 is in OPEN state, but the datanode c0368dd1-c4a9-4bcb-a2d2-6d6b66c0e12a{ip: 192.168.157.202, host: pr-hdds-2283-rsqnh-1472443098, networkLocation: /default-rack, certSerialId: null} reports an CLOSED replica.
2019-10-16 18:48:34,053 [EventQueue-ContainerReportForContainerReportHandler] WARN  container.ContainerReportHandler (AbstractContainerReportHandler.java:updateContainerState(145)) - Container #1 is in OPEN state, but the datanode 0d5b4e59-aa2f-4fe6-b072-73846da82a05{ip: 192.168.157.202, host: pr-hdds-2283-rsqnh-1472443098, networkLocation: /default-rack, certSerialId: null} reports an CLOSED replica.
2019-10-16 18:48:34,218 [EventQueue-ContainerReportForContainerReportHandler] WARN  container.ContainerReportHandler (AbstractContainerReportHandler.java:updateContainerState(145)) - Container #1 is in OPEN state, but the datanode c0368dd1-c4a9-4bcb-a2d2-6d6b66c0e12a{ip: 192.168.157.202, host: pr-hdds-2283-rsqnh-1472443098, networkLocation: /default-rack, certSerialId: null} reports an CLOSED replica.
2019-10-16 18:48:34,219 [BlockDeletingService#2] WARN  background.BlockDeletingService (BlockDeletingService.java:isDeletionAllowed(187)) - Close Container log Index 6 is not replicated across allthe servers in the pipeline 7043c0de-230d-480f-89cc-753d53b6ddfb as the min replicated index is 4. Deletion is not allowed in this container yet.
2019-10-16 18:48:34,219 [BlockDeletingService#2] WARN  background.BlockDeletingService (BlockDeletingService.java:isDeletionAllowed(187)) - Close Container log Index 6 is not replicated across allthe servers in the pipeline 7043c0de-230d-480f-89cc-753d53b6ddfb as the min replicated index is 4. Deletion is not allowed in this container yet.
2019-10-16 18:48:34,354 [EventQueue-ContainerReportForContainerReportHandler] WARN  container.ContainerReportHandler (AbstractContainerReportHandler.java:updateContainerState(145)) - Container #1 is in OPEN state, but the datanode 0d5b4e59-aa2f-4fe6-b072-73846da82a05{ip: 192.168.157.202, host: pr-hdds-2283-rsqnh-1472443098, networkLocation: /default-rack, certSerialId: null} reports an CLOSED replica.
2019-10-16 18:48:34,554 [EventQueue-ContainerReportForContainerReportHandler] WARN  container.ContainerReportHandler (AbstractContainerReportHandler.java:updateContainerState(145)) - Container #1 is in OPEN state, but the datanode 0d5b4e59-aa2f-4fe6-b072-73846da82a05{ip: 192.168.157.202, host: pr-hdds-2283-rsqnh-1472443098, networkLocation: /default-rack, certSerialId: null} reports an CLOSED replica.
2019-10-16 18:48:34,584 [Thread-456] INFO  client.GrpcClientProtocolService (GrpcClientProtocolService.java:lambda$processClientRequest$0(278)) - Failed RaftClientRequest:client-F1A042848956->c0368dd1-c4a9-4bcb-a2d2-6d6b66c0e12a@group-753D53B6DDFB, cid=10, seq=0, Watch-ALL_COMMITTED(6), Message:<EMPTY>, reply=RaftClientReply:client-F1A042848956->c0368dd1-c4a9-4bcb-a2d2-6d6b66c0e12a@group-753D53B6DDFB, cid=10, FAILED org.apache.ratis.protocol.NotReplicatedException: Request with call Id 10 and log index 6 is not yet replicated to ALL_COMMITTED, logIndex=6, commits[c0368dd1-c4a9-4bcb-a2d2-6d6b66c0e12a:c10, 0d5b4e59-aa2f-4fe6-b072-73846da82a05:c10, 52bfa4dc-bcba-4693-b6e2-7f231a44b6db:c4]
2019-10-16 18:48:34,618 [EventQueue-ContainerReportForContainerReportHandler] WARN  container.ContainerReportHandler (AbstractContainerReportHandler.java:updateContainerState(145)) - Container #1 is in OPEN state, but the datanode c0368dd1-c4a9-4bcb-a2d2-6d6b66c0e12a{ip: 192.168.157.202, host: pr-hdds-2283-rsqnh-1472443098, networkLocation: /default-rack, certSerialId: null} reports an CLOSED replica.
2019-10-16 18:48:34,920 [EventQueue-ContainerReportForContainerReportHandler] WARN  container.ContainerReportHandler (AbstractContainerReportHandler.java:updateContainerState(145)) - Container #1 is in OPEN state, but the datanode c0368dd1-c4a9-4bcb-a2d2-6d6b66c0e12a{ip: 192.168.157.202, host: pr-hdds-2283-rsqnh-1472443098, networkLocation: /default-rack, certSerialId: null} reports an CLOSED replica.
2019-10-16 18:48:34,956 [EventQueue-ContainerReportForContainerReportHandler] WARN  container.ContainerReportHandler (AbstractContainerReportHandler.java:updateContainerState(145)) - Container #1 is in OPEN state, but the datanode 0d5b4e59-aa2f-4fe6-b072-73846da82a05{ip: 192.168.157.202, host: pr-hdds-2283-rsqnh-1472443098, networkLocation: /default-rack, certSerialId: null} reports an CLOSED replica.
2019-10-16 18:48:35,154 [EventQueue-ContainerReportForContainerReportHandler] WARN  container.ContainerReportHandler (AbstractContainerReportHandler.java:updateContainerState(145)) - Container #1 is in OPEN state, but the datanode 0d5b4e59-aa2f-4fe6-b072-73846da82a05{ip: 192.168.157.202, host: pr-hdds-2283-rsqnh-1472443098, networkLocation: /default-rack, certSerialId: null} reports an CLOSED replica.
2019-10-16 18:48:35,220 [EventQueue-ContainerReportForContainerReportHandler] WARN  container.ContainerReportHandler (AbstractContainerReportHandler.java:updateContainerState(145)) - Container #1 is in OPEN state, but the datanode c0368dd1-c4a9-4bcb-a2d2-6d6b66c0e12a{ip: 192.168.157.202, host: pr-hdds-2283-rsqnh-1472443098, networkLocation: /default-rack, certSerialId: null} reports an CLOSED replica.
2019-10-16 18:48:35,221 [BlockDeletingService#2] WARN  background.BlockDeletingService (BlockDeletingService.java:isDeletionAllowed(187)) - Close Container log Index 6 is not replicated across allthe servers in the pipeline 7043c0de-230d-480f-89cc-753d53b6ddfb as the min replicated index is 4. Deletion is not allowed in this container yet.
2019-10-16 18:48:35,221 [BlockDeletingService#2] WARN  background.BlockDeletingService (BlockDeletingService.java:isDeletionAllowed(187)) - Close Container log Index 6 is not replicated across allthe servers in the pipeline 7043c0de-230d-480f-89cc-753d53b6ddfb as the min replicated index is 4. Deletion is not allowed in this container yet.
2019-10-16 18:48:35,421 [EventQueue-ContainerReportForContainerReportHandler] WARN  container.ContainerReportHandler (AbstractContainerReportHandler.java:updateContainerState(145)) - Container #1 is in OPEN state, but the datanode c0368dd1-c4a9-4bcb-a2d2-6d6b66c0e12a{ip: 192.168.157.202, host: pr-hdds-2283-rsqnh-1472443098, networkLocation: /default-rack, certSerialId: null} reports an CLOSED replica.
2019-10-16 18:48:35,454 [EventQueue-ContainerReportForContainerReportHandler] WARN  container.ContainerReportHandler (AbstractContainerReportHandler.java:updateContainerState(145)) - Container #1 is in OPEN state, but the datanode 0d5b4e59-aa2f-4fe6-b072-73846da82a05{ip: 192.168.157.202, host: pr-hdds-2283-rsqnh-1472443098, networkLocation: /default-rack, certSerialId: null} reports an CLOSED replica.
2019-10-16 18:48:35,722 [EventQueue-ContainerReportForContainerReportHandler] WARN  container.ContainerReportHandler (AbstractContainerReportHandler.java:updateContainerState(145)) - Container #1 is in OPEN state, but the datanode c0368dd1-c4a9-4bcb-a2d2-6d6b66c0e12a{ip: 192.168.157.202, host: pr-hdds-2283-rsqnh-1472443098, networkLocation: /default-rack, certSerialId: null} reports an CLOSED replica.
2019-10-16 18:48:35,754 [EventQueue-ContainerReportForContainerReportHandler] WARN  container.ContainerReportHandler (AbstractContainerReportHandler.java:updateContainerState(145)) - Container #1 is in OPEN state, but the datanode 0d5b4e59-aa2f-4fe6-b072-73846da82a05{ip: 192.168.157.202, host: pr-hdds-2283-rsqnh-1472443098, networkLocation: /default-rack, certSerialId: null} reports an CLOSED replica.
2019-10-16 18:48:35,941 [java.util.concurrent.ThreadPoolExecutor$Worker@48272572[State = -1, empty queue]] WARN  server.GrpcLogAppender (GrpcLogAppender.java:timeoutAppendRequest(209)) - c0368dd1-c4a9-4bcb-a2d2-6d6b66c0e12a@group-753D53B6DDFB->52bfa4dc-bcba-4693-b6e2-7f231a44b6db-GrpcLogAppender: appendEntries Timeout, request=c0368dd1-c4a9-4bcb-a2d2-6d6b66c0e12a->52bfa4dc-bcba-4693-b6e2-7f231a44b6db#39-t4, previous=(t:4, i:10), leaderCommit=10, initializing? false, entries: <empty>
2019-10-16 18:48:35,954 [EventQueue-ContainerReportForContainerReportHandler] WARN  container.ContainerReportHandler (AbstractContainerReportHandler.java:updateContainerState(145)) - Container #1 is in OPEN state, but the datanode 0d5b4e59-aa2f-4fe6-b072-73846da82a05{ip: 192.168.157.202, host: pr-hdds-2283-rsqnh-1472443098, networkLocation: /default-rack, certSerialId: null} reports an CLOSED replica.
2019-10-16 18:48:36,022 [EventQueue-ContainerReportForContainerReportHandler] WARN  container.ContainerReportHandler (AbstractContainerReportHandler.java:updateContainerState(145)) - Container #1 is in OPEN state, but the datanode c0368dd1-c4a9-4bcb-a2d2-6d6b66c0e12a{ip: 192.168.157.202, host: pr-hdds-2283-rsqnh-1472443098, networkLocation: /default-rack, certSerialId: null} reports an CLOSED replica.
2019-10-16 18:48:36,222 [EventQueue-ContainerReportForContainerReportHandler] WARN  container.ContainerReportHandler (AbstractContainerReportHandler.java:updateContainerState(145)) - Container #1 is in OPEN state, but the datanode c0368dd1-c4a9-4bcb-a2d2-6d6b66c0e12a{ip: 192.168.157.202, host: pr-hdds-2283-rsqnh-1472443098, networkLocation: /default-rack, certSerialId: null} reports an CLOSED replica.
2019-10-16 18:48:36,224 [BlockDeletingService#2] WARN  background.BlockDeletingService (BlockDeletingService.java:isDeletionAllowed(187)) - Close Container log Index 6 is not replicated across allthe servers in the pipeline 7043c0de-230d-480f-89cc-753d53b6ddfb as the min replicated index is 4. Deletion is not allowed in this container yet.
2019-10-16 18:48:36,224 [BlockDeletingService#2] WARN  background.BlockDeletingService (BlockDeletingService.java:isDeletionAllowed(187)) - Close Container log Index 6 is not replicated across allthe servers in the pipeline 7043c0de-230d-480f-89cc-753d53b6ddfb as the min replicated index is 4. Deletion is not allowed in this container yet.
2019-10-16 18:48:36,256 [EventQueue-ContainerReportForContainerReportHandler] WARN  container.ContainerReportHandler (AbstractContainerReportHandler.java:updateContainerState(145)) - Container #1 is in OPEN state, but the datanode 0d5b4e59-aa2f-4fe6-b072-73846da82a05{ip: 192.168.157.202, host: pr-hdds-2283-rsqnh-1472443098, networkLocation: /default-rack, certSerialId: null} reports an CLOSED replica.
2019-10-16 18:48:36,456 [EventQueue-ContainerReportForContainerReportHandler] WARN  container.ContainerReportHandler (AbstractContainerReportHandler.java:updateContainerState(145)) - Container #1 is in OPEN state, but the datanode 0d5b4e59-aa2f-4fe6-b072-73846da82a05{ip: 192.168.157.202, host: pr-hdds-2283-rsqnh-1472443098, networkLocation: /default-rack, certSerialId: null} reports an CLOSED replica.
2019-10-16 18:48:36,622 [EventQueue-ContainerReportForContainerReportHandler] WARN  container.ContainerReportHandler (AbstractContainerReportHandler.java:updateContainerState(145)) - Container #1 is in OPEN state, but the datanode c0368dd1-c4a9-4bcb-a2d2-6d6b66c0e12a{ip: 192.168.157.202, host: pr-hdds-2283-rsqnh-1472443098, networkLocation: /default-rack, certSerialId: null} reports an CLOSED replica.
2019-10-16 18:48:36,756 [EventQueue-ContainerReportForContainerReportHandler] WARN  container.ContainerReportHandler (AbstractContainerReportHandler.java:updateContainerState(145)) - Container #1 is in OPEN state, but the datanode 0d5b4e59-aa2f-4fe6-b072-73846da82a05{ip: 192.168.157.202, host: pr-hdds-2283-rsqnh-1472443098, networkLocation: /default-rack, certSerialId: null} reports an CLOSED replica.
2019-10-16 18:48:36,922 [EventQueue-ContainerReportForContainerReportHandler] WARN  container.ContainerReportHandler (AbstractContainerReportHandler.java:updateContainerState(145)) - Container #1 is in OPEN state, but the datanode c0368dd1-c4a9-4bcb-a2d2-6d6b66c0e12a{ip: 192.168.157.202, host: pr-hdds-2283-rsqnh-1472443098, networkLocation: /default-rack, certSerialId: null} reports an CLOSED replica.
2019-10-16 18:48:37,156 [EventQueue-ContainerReportForContainerReportHandler] WARN  container.ContainerReportHandler (AbstractContainerReportHandler.java:updateContainerState(145)) - Container #1 is in OPEN state, but the datanode 0d5b4e59-aa2f-4fe6-b072-73846da82a05{ip: 192.168.157.202, host: pr-hdds-2283-rsqnh-1472443098, networkLocation: /default-rack, certSerialId: null} reports an CLOSED replica.
2019-10-16 18:48:37,222 [EventQueue-ContainerReportForContainerReportHandler] WARN  container.ContainerReportHandler (AbstractContainerReportHandler.java:updateContainerState(145)) - Container #1 is in OPEN state, but the datanode c0368dd1-c4a9-4bcb-a2d2-6d6b66c0e12a{ip: 192.168.157.202, host: pr-hdds-2283-rsqnh-1472443098, networkLocation: /default-rack, certSerialId: null} reports an CLOSED replica.
2019-10-16 18:48:37,226 [BlockDeletingService#2] WARN  background.BlockDeletingService (BlockDeletingService.java:isDeletionAllowed(187)) - Close Container log Index 6 is not replicated across allthe servers in the pipeline 7043c0de-230d-480f-89cc-753d53b6ddfb as the min replicated index is 4. Deletion is not allowed in this container yet.
2019-10-16 18:48:37,226 [BlockDeletingService#2] WARN  background.BlockDeletingService (BlockDeletingService.java:isDeletionAllowed(187)) - Close Container log Index 6 is not replicated across allthe servers in the pipeline 7043c0de-230d-480f-89cc-753d53b6ddfb as the min replicated index is 4. Deletion is not allowed in this container yet.
2019-10-16 18:48:37,456 [EventQueue-ContainerReportForContainerReportHandler] WARN  container.ContainerReportHandler (AbstractContainerReportHandler.java:updateContainerState(145)) - Container #1 is in OPEN state, but the datanode 0d5b4e59-aa2f-4fe6-b072-73846da82a05{ip: 192.168.157.202, host: pr-hdds-2283-rsqnh-1472443098, networkLocation: /default-rack, certSerialId: null} reports an CLOSED replica.
2019-10-16 18:48:37,524 [EventQueue-ContainerReportForContainerReportHandler] WARN  container.ContainerReportHandler (AbstractContainerReportHandler.java:updateContainerState(145)) - Container #1 is in OPEN state, but the datanode c0368dd1-c4a9-4bcb-a2d2-6d6b66c0e12a{ip: 192.168.157.202, host: pr-hdds-2283-rsqnh-1472443098, networkLocation: /default-rack, certSerialId: null} reports an CLOSED replica.
2019-10-16 18:48:37,657 [EventQueue-ContainerReportForContainerReportHandler] WARN  container.ContainerReportHandler (AbstractContainerReportHandler.java:updateContainerState(145)) - Container #1 is in OPEN state, but the datanode 0d5b4e59-aa2f-4fe6-b072-73846da82a05{ip: 192.168.157.202, host: pr-hdds-2283-rsqnh-1472443098, networkLocation: /default-rack, certSerialId: null} reports an CLOSED replica.
2019-10-16 18:48:37,725 [EventQueue-ContainerReportForContainerReportHandler] WARN  container.ContainerReportHandler (AbstractContainerReportHandler.java:updateContainerState(145)) - Container #1 is in OPEN state, but the datanode c0368dd1-c4a9-4bcb-a2d2-6d6b66c0e12a{ip: 192.168.157.202, host: pr-hdds-2283-rsqnh-1472443098, networkLocation: /default-rack, certSerialId: null} reports an CLOSED replica.
2019-10-16 18:48:37,925 [EventQueue-ContainerReportForContainerReportHandler] WARN  container.ContainerReportHandler (AbstractContainerReportHandler.java:updateContainerState(145)) - Container #1 is in OPEN state, but the datanode c0368dd1-c4a9-4bcb-a2d2-6d6b66c0e12a{ip: 192.168.157.202, host: pr-hdds-2283-rsqnh-1472443098, networkLocation: /default-rack, certSerialId: null} reports an CLOSED replica.
2019-10-16 18:48:38,057 [EventQueue-ContainerReportForContainerReportHandler] WARN  container.ContainerReportHandler (AbstractContainerReportHandler.java:updateContainerState(145)) - Container #1 is in OPEN state, but the datanode 0d5b4e59-aa2f-4fe6-b072-73846da82a05{ip: 192.168.157.202, host: pr-hdds-2283-rsqnh-1472443098, networkLocation: /default-rack, certSerialId: null} reports an CLOSED replica.
2019-10-16 18:48:38,228 [BlockDeletingService#2] WARN  background.BlockDeletingService (BlockDeletingService.java:isDeletionAllowed(187)) - Close Container log Index 6 is not replicated across allthe servers in the pipeline 7043c0de-230d-480f-89cc-753d53b6ddfb as the min replicated index is 4. Deletion is not allowed in this container yet.
2019-10-16 18:48:38,228 [BlockDeletingService#2] WARN  background.BlockDeletingService (BlockDeletingService.java:isDeletionAllowed(187)) - Close Container log Index 6 is not replicated across allthe servers in the pipeline 7043c0de-230d-480f-89cc-753d53b6ddfb as the min replicated index is 4. Deletion is not allowed in this container yet.
2019-10-16 18:48:38,325 [EventQueue-ContainerReportForContainerReportHandler] WARN  container.ContainerReportHandler (AbstractContainerReportHandler.java:updateContainerState(145)) - Container #1 is in OPEN state, but the datanode c0368dd1-c4a9-4bcb-a2d2-6d6b66c0e12a{ip: 192.168.157.202, host: pr-hdds-2283-rsqnh-1472443098, networkLocation: /default-rack, certSerialId: null} reports an CLOSED replica.
2019-10-16 18:48:38,358 [EventQueue-ContainerReportForContainerReportHandler] WARN  container.ContainerReportHandler (AbstractContainerReportHandler.java:updateContainerState(145)) - Container #1 is in OPEN state, but the datanode 0d5b4e59-aa2f-4fe6-b072-73846da82a05{ip: 192.168.157.202, host: pr-hdds-2283-rsqnh-1472443098, networkLocation: /default-rack, certSerialId: null} reports an CLOSED replica.
2019-10-16 18:48:38,442 [java.util.concurrent.ThreadPoolExecutor$Worker@48272572[State = -1, empty queue]] WARN  server.GrpcLogAppender (GrpcLogAppender.java:timeoutAppendRequest(209)) - c0368dd1-c4a9-4bcb-a2d2-6d6b66c0e12a@group-753D53B6DDFB->52bfa4dc-bcba-4693-b6e2-7f231a44b6db-GrpcLogAppender: appendEntries Timeout, request=c0368dd1-c4a9-4bcb-a2d2-6d6b66c0e12a->52bfa4dc-bcba-4693-b6e2-7f231a44b6db#40-t4, previous=(t:4, i:10), leaderCommit=10, initializing? false, entries: <empty>
2019-10-16 18:48:38,626 [EventQueue-ContainerReportForContainerReportHandler] WARN  container.ContainerReportHandler (AbstractContainerReportHandler.java:updateContainerState(145)) - Container #1 is in OPEN state, but the datanode c0368dd1-c4a9-4bcb-a2d2-6d6b66c0e12a{ip: 192.168.157.202, host: pr-hdds-2283-rsqnh-1472443098, networkLocation: /default-rack, certSerialId: null} reports an CLOSED replica.
2019-10-16 18:48:38,659 [EventQueue-ContainerReportForContainerReportHandler] WARN  container.ContainerReportHandler (AbstractContainerReportHandler.java:updateContainerState(145)) - Container #1 is in OPEN state, but the datanode 0d5b4e59-aa2f-4fe6-b072-73846da82a05{ip: 192.168.157.202, host: pr-hdds-2283-rsqnh-1472443098, networkLocation: /default-rack, certSerialId: null} reports an CLOSED replica.
2019-10-16 18:48:38,959 [EventQueue-ContainerReportForContainerReportHandler] WARN  container.ContainerReportHandler (AbstractContainerReportHandler.java:updateContainerState(145)) - Container #1 is in OPEN state, but the datanode 0d5b4e59-aa2f-4fe6-b072-73846da82a05{ip: 192.168.157.202, host: pr-hdds-2283-rsqnh-1472443098, networkLocation: /default-rack, certSerialId: null} reports an CLOSED replica.
2019-10-16 18:48:39,026 [EventQueue-ContainerReportForContainerReportHandler] WARN  container.ContainerReportHandler (AbstractContainerReportHandler.java:updateContainerState(145)) - Container #1 is in OPEN state, but the datanode c0368dd1-c4a9-4bcb-a2d2-6d6b66c0e12a{ip: 192.168.157.202, host: pr-hdds-2283-rsqnh-1472443098, networkLocation: /default-rack, certSerialId: null} reports an CLOSED replica.
2019-10-16 18:48:39,159 [EventQueue-ContainerReportForContainerReportHandler] WARN  container.ContainerReportHandler (AbstractContainerReportHandler.java:updateContainerState(145)) - Container #1 is in OPEN state, but the datanode 0d5b4e59-aa2f-4fe6-b072-73846da82a05{ip: 192.168.157.202, host: pr-hdds-2283-rsqnh-1472443098, networkLocation: /default-rack, certSerialId: null} reports an CLOSED replica.
2019-10-16 18:48:39,226 [EventQueue-ContainerReportForContainerReportHandler] WARN  container.ContainerReportHandler (AbstractContainerReportHandler.java:updateContainerState(145)) - Container #1 is in OPEN state, but the datanode c0368dd1-c4a9-4bcb-a2d2-6d6b66c0e12a{ip: 192.168.157.202, host: pr-hdds-2283-rsqnh-1472443098, networkLocation: /default-rack, certSerialId: null} reports an CLOSED replica.
2019-10-16 18:48:39,229 [BlockDeletingService#2] WARN  background.BlockDeletingService (BlockDeletingService.java:isDeletionAllowed(187)) - Close Container log Index 6 is not replicated across allthe servers in the pipeline 7043c0de-230d-480f-89cc-753d53b6ddfb as the min replicated index is 4. Deletion is not allowed in this container yet.
2019-10-16 18:48:39,229 [BlockDeletingService#2] WARN  background.BlockDeletingService (BlockDeletingService.java:isDeletionAllowed(187)) - Close Container log Index 6 is not replicated across allthe servers in the pipeline 7043c0de-230d-480f-89cc-753d53b6ddfb as the min replicated index is 4. Deletion is not allowed in this container yet.
2019-10-16 18:48:39,459 [EventQueue-ContainerReportForContainerReportHandler] WARN  container.ContainerReportHandler (AbstractContainerReportHandler.java:updateContainerState(145)) - Container #1 is in OPEN state, but the datanode 0d5b4e59-aa2f-4fe6-b072-73846da82a05{ip: 192.168.157.202, host: pr-hdds-2283-rsqnh-1472443098, networkLocation: /default-rack, certSerialId: null} reports an CLOSED replica.
2019-10-16 18:48:39,627 [EventQueue-ContainerReportForContainerReportHandler] WARN  container.ContainerReportHandler (AbstractContainerReportHandler.java:updateContainerState(145)) - Container #1 is in OPEN state, but the datanode c0368dd1-c4a9-4bcb-a2d2-6d6b66c0e12a{ip: 192.168.157.202, host: pr-hdds-2283-rsqnh-1472443098, networkLocation: /default-rack, certSerialId: null} reports an CLOSED replica.
2019-10-16 18:48:39,859 [EventQueue-ContainerReportForContainerReportHandler] WARN  container.ContainerReportHandler (AbstractContainerReportHandler.java:updateContainerState(145)) - Container #1 is in OPEN state, but the datanode 0d5b4e59-aa2f-4fe6-b072-73846da82a05{ip: 192.168.157.202, host: pr-hdds-2283-rsqnh-1472443098, networkLocation: /default-rack, certSerialId: null} reports an CLOSED replica.
2019-10-16 18:48:39,927 [EventQueue-ContainerReportForContainerReportHandler] WARN  container.ContainerReportHandler (AbstractContainerReportHandler.java:updateContainerState(145)) - Container #1 is in OPEN state, but the datanode c0368dd1-c4a9-4bcb-a2d2-6d6b66c0e12a{ip: 192.168.157.202, host: pr-hdds-2283-rsqnh-1472443098, networkLocation: /default-rack, certSerialId: null} reports an CLOSED replica.
2019-10-16 18:48:40,059 [EventQueue-ContainerReportForContainerReportHandler] WARN  container.ContainerReportHandler (AbstractContainerReportHandler.java:updateContainerState(145)) - Container #1 is in OPEN state, but the datanode 0d5b4e59-aa2f-4fe6-b072-73846da82a05{ip: 192.168.157.202, host: pr-hdds-2283-rsqnh-1472443098, networkLocation: /default-rack, certSerialId: null} reports an CLOSED replica.
2019-10-16 18:48:40,127 [EventQueue-ContainerReportForContainerReportHandler] WARN  container.ContainerReportHandler (AbstractContainerReportHandler.java:updateContainerState(145)) - Container #1 is in OPEN state, but the datanode c0368dd1-c4a9-4bcb-a2d2-6d6b66c0e12a{ip: 192.168.157.202, host: pr-hdds-2283-rsqnh-1472443098, networkLocation: /default-rack, certSerialId: null} reports an CLOSED replica.
2019-10-16 18:48:40,230 [BlockDeletingService#2] WARN  background.BlockDeletingService (BlockDeletingService.java:isDeletionAllowed(187)) - Close Container log Index 6 is not replicated across allthe servers in the pipeline 7043c0de-230d-480f-89cc-753d53b6ddfb as the min replicated index is 4. Deletion is not allowed in this container yet.
2019-10-16 18:48:40,230 [BlockDeletingService#2] WARN  background.BlockDeletingService (BlockDeletingService.java:isDeletionAllowed(187)) - Close Container log Index 6 is not replicated across allthe servers in the pipeline 7043c0de-230d-480f-89cc-753d53b6ddfb as the min replicated index is 4. Deletion is not allowed in this container yet.
2019-10-16 18:48:40,459 [EventQueue-ContainerReportForContainerReportHandler] WARN  container.ContainerReportHandler (AbstractContainerReportHandler.java:updateContainerState(145)) - Container #1 is in OPEN state, but the datanode 0d5b4e59-aa2f-4fe6-b072-73846da82a05{ip: 192.168.157.202, host: pr-hdds-2283-rsqnh-1472443098, networkLocation: /default-rack, certSerialId: null} reports an CLOSED replica.
2019-10-16 18:48:40,527 [EventQueue-ContainerReportForContainerReportHandler] WARN  container.ContainerReportHandler (AbstractContainerReportHandler.java:updateContainerState(145)) - Container #1 is in OPEN state, but the datanode c0368dd1-c4a9-4bcb-a2d2-6d6b66c0e12a{ip: 192.168.157.202, host: pr-hdds-2283-rsqnh-1472443098, networkLocation: /default-rack, certSerialId: null} reports an CLOSED replica.
2019-10-16 18:48:40,659 [EventQueue-ContainerReportForContainerReportHandler] WARN  container.ContainerReportHandler (AbstractContainerReportHandler.java:updateContainerState(145)) - Container #1 is in OPEN state, but the datanode 0d5b4e59-aa2f-4fe6-b072-73846da82a05{ip: 192.168.157.202, host: pr-hdds-2283-rsqnh-1472443098, networkLocation: /default-rack, certSerialId: null} reports an CLOSED replica.
2019-10-16 18:48:40,727 [EventQueue-ContainerReportForContainerReportHandler] WARN  container.ContainerReportHandler (AbstractContainerReportHandler.java:updateContainerState(145)) - Container #1 is in OPEN state, but the datanode c0368dd1-c4a9-4bcb-a2d2-6d6b66c0e12a{ip: 192.168.157.202, host: pr-hdds-2283-rsqnh-1472443098, networkLocation: /default-rack, certSerialId: null} reports an CLOSED replica.
2019-10-16 18:48:40,943 [java.util.concurrent.ThreadPoolExecutor$Worker@48272572[State = -1, empty queue]] WARN  server.GrpcLogAppender (GrpcLogAppender.java:timeoutAppendRequest(209)) - c0368dd1-c4a9-4bcb-a2d2-6d6b66c0e12a@group-753D53B6DDFB->52bfa4dc-bcba-4693-b6e2-7f231a44b6db-GrpcLogAppender: appendEntries Timeout, request=c0368dd1-c4a9-4bcb-a2d2-6d6b66c0e12a->52bfa4dc-bcba-4693-b6e2-7f231a44b6db#41-t4, previous=(t:4, i:10), leaderCommit=10, initializing? false, entries: <empty>
2019-10-16 18:48:40,960 [EventQueue-ContainerReportForContainerReportHandler] WARN  container.ContainerReportHandler (AbstractContainerReportHandler.java:updateContainerState(145)) - Container #1 is in OPEN state, but the datanode 0d5b4e59-aa2f-4fe6-b072-73846da82a05{ip: 192.168.157.202, host: pr-hdds-2283-rsqnh-1472443098, networkLocation: /default-rack, certSerialId: null} reports an CLOSED replica.
2019-10-16 18:48:41,026 [EventQueue-ContainerReportForContainerReportHandler] WARN  container.ContainerReportHandler (AbstractContainerReportHandler.java:updateContainerState(145)) - Container #1 is in OPEN state, but the datanode c0368dd1-c4a9-4bcb-a2d2-6d6b66c0e12a{ip: 192.168.157.202, host: pr-hdds-2283-rsqnh-1472443098, networkLocation: /default-rack, certSerialId: null} reports an CLOSED replica.
2019-10-16 18:48:41,231 [BlockDeletingService#2] WARN  background.BlockDeletingService (BlockDeletingService.java:isDeletionAllowed(187)) - Close Container log Index 6 is not replicated across allthe servers in the pipeline 7043c0de-230d-480f-89cc-753d53b6ddfb as the min replicated index is 4. Deletion is not allowed in this container yet.
2019-10-16 18:48:41,232 [BlockDeletingService#2] WARN  background.BlockDeletingService (BlockDeletingService.java:isDeletionAllowed(187)) - Close Container log Index 6 is not replicated across allthe servers in the pipeline 7043c0de-230d-480f-89cc-753d53b6ddfb as the min replicated index is 4. Deletion is not allowed in this container yet.
2019-10-16 18:48:41,260 [EventQueue-ContainerReportForContainerReportHandler] WARN  container.ContainerReportHandler (AbstractContainerReportHandler.java:updateContainerState(145)) - Container #1 is in OPEN state, but the datanode 0d5b4e59-aa2f-4fe6-b072-73846da82a05{ip: 192.168.157.202, host: pr-hdds-2283-rsqnh-1472443098, networkLocation: /default-rack, certSerialId: null} reports an CLOSED replica.
2019-10-16 18:48:41,328 [EventQueue-ContainerReportForContainerReportHandler] WARN  container.ContainerReportHandler (AbstractContainerReportHandler.java:updateContainerState(145)) - Container #1 is in OPEN state, but the datanode c0368dd1-c4a9-4bcb-a2d2-6d6b66c0e12a{ip: 192.168.157.202, host: pr-hdds-2283-rsqnh-1472443098, networkLocation: /default-rack, certSerialId: null} reports an CLOSED replica.
2019-10-16 18:48:41,661 [EventQueue-ContainerReportForContainerReportHandler] WARN  container.ContainerReportHandler (AbstractContainerReportHandler.java:updateContainerState(145)) - Container #1 is in OPEN state, but the datanode 0d5b4e59-aa2f-4fe6-b072-73846da82a05{ip: 192.168.157.202, host: pr-hdds-2283-rsqnh-1472443098, networkLocation: /default-rack, certSerialId: null} reports an CLOSED replica.
2019-10-16 18:48:41,730 [EventQueue-ContainerReportForContainerReportHandler] WARN  container.ContainerReportHandler (AbstractContainerReportHandler.java:updateContainerState(145)) - Container #1 is in OPEN state, but the datanode c0368dd1-c4a9-4bcb-a2d2-6d6b66c0e12a{ip: 192.168.157.202, host: pr-hdds-2283-rsqnh-1472443098, networkLocation: /default-rack, certSerialId: null} reports an CLOSED replica.
2019-10-16 18:48:42,061 [EventQueue-ContainerReportForContainerReportHandler] WARN  container.ContainerReportHandler (AbstractContainerReportHandler.java:updateContainerState(145)) - Container #1 is in OPEN state, but the datanode 0d5b4e59-aa2f-4fe6-b072-73846da82a05{ip: 192.168.157.202, host: pr-hdds-2283-rsqnh-1472443098, networkLocation: /default-rack, certSerialId: null} reports an CLOSED replica.
2019-10-16 18:48:42,071 [Thread-476] INFO  client.GrpcClientProtocolService (GrpcClientProtocolService.java:lambda$processClientRequest$0(278)) - Failed RaftClientRequest:client-F1A042848956->0d5b4e59-aa2f-4fe6-b072-73846da82a05@group-753D53B6DDFB, cid=10, seq=0, Watch-ALL_COMMITTED(6), Message:<EMPTY>, reply=RaftClientReply:client-F1A042848956->0d5b4e59-aa2f-4fe6-b072-73846da82a05@group-753D53B6DDFB, cid=10, FAILED org.apache.ratis.protocol.NotLeaderException: Server 0d5b4e59-aa2f-4fe6-b072-73846da82a05@group-753D53B6DDFB is not the leader c0368dd1-c4a9-4bcb-a2d2-6d6b66c0e12a:192.168.157.202:44847, logIndex=0, commits[0d5b4e59-aa2f-4fe6-b072-73846da82a05:c10, 52bfa4dc-bcba-4693-b6e2-7f231a44b6db:c4, c0368dd1-c4a9-4bcb-a2d2-6d6b66c0e12a:c10]
2019-10-16 18:48:42,130 [EventQueue-ContainerReportForContainerReportHandler] WARN  container.ContainerReportHandler (AbstractContainerReportHandler.java:updateContainerState(145)) - Container #1 is in OPEN state, but the datanode c0368dd1-c4a9-4bcb-a2d2-6d6b66c0e12a{ip: 192.168.157.202, host: pr-hdds-2283-rsqnh-1472443098, networkLocation: /default-rack, certSerialId: null} reports an CLOSED replica.
2019-10-16 18:48:42,233 [BlockDeletingService#2] WARN  background.BlockDeletingService (BlockDeletingService.java:isDeletionAllowed(187)) - Close Container log Index 6 is not replicated across allthe servers in the pipeline 7043c0de-230d-480f-89cc-753d53b6ddfb as the min replicated index is 4. Deletion is not allowed in this container yet.
2019-10-16 18:48:42,234 [BlockDeletingService#2] WARN  background.BlockDeletingService (BlockDeletingService.java:isDeletionAllowed(187)) - Close Container log Index 6 is not replicated across allthe servers in the pipeline 7043c0de-230d-480f-89cc-753d53b6ddfb as the min replicated index is 4. Deletion is not allowed in this container yet.
2019-10-16 18:48:42,430 [EventQueue-ContainerReportForContainerReportHandler] WARN  container.ContainerReportHandler (AbstractContainerReportHandler.java:updateContainerState(145)) - Container #1 is in OPEN state, but the datanode c0368dd1-c4a9-4bcb-a2d2-6d6b66c0e12a{ip: 192.168.157.202, host: pr-hdds-2283-rsqnh-1472443098, networkLocation: /default-rack, certSerialId: null} reports an CLOSED replica.
2019-10-16 18:48:42,461 [EventQueue-ContainerReportForContainerReportHandler] WARN  container.ContainerReportHandler (AbstractContainerReportHandler.java:updateContainerState(145)) - Container #1 is in OPEN state, but the datanode 0d5b4e59-aa2f-4fe6-b072-73846da82a05{ip: 192.168.157.202, host: pr-hdds-2283-rsqnh-1472443098, networkLocation: /default-rack, certSerialId: null} reports an CLOSED replica.
2019-10-16 18:48:42,661 [EventQueue-ContainerReportForContainerReportHandler] WARN  container.ContainerReportHandler (AbstractContainerReportHandler.java:updateContainerState(145)) - Container #1 is in OPEN state, but the datanode 0d5b4e59-aa2f-4fe6-b072-73846da82a05{ip: 192.168.157.202, host: pr-hdds-2283-rsqnh-1472443098, networkLocation: /default-rack, certSerialId: null} reports an CLOSED replica.
2019-10-16 18:48:42,731 [EventQueue-ContainerReportForContainerReportHandler] WARN  container.ContainerReportHandler (AbstractContainerReportHandler.java:updateContainerState(145)) - Container #1 is in OPEN state, but the datanode c0368dd1-c4a9-4bcb-a2d2-6d6b66c0e12a{ip: 192.168.157.202, host: pr-hdds-2283-rsqnh-1472443098, networkLocation: /default-rack, certSerialId: null} reports an CLOSED replica.
2019-10-16 18:48:42,962 [EventQueue-ContainerReportForContainerReportHandler] WARN  container.ContainerReportHandler (AbstractContainerReportHandler.java:updateContainerState(145)) - Container #1 is in OPEN state, but the datanode 0d5b4e59-aa2f-4fe6-b072-73846da82a05{ip: 192.168.157.202, host: pr-hdds-2283-rsqnh-1472443098, networkLocation: /default-rack, certSerialId: null} reports an CLOSED replica.
2019-10-16 18:48:43,132 [EventQueue-ContainerReportForContainerReportHandler] WARN  container.ContainerReportHandler (AbstractContainerReportHandler.java:updateContainerState(145)) - Container #1 is in OPEN state, but the datanode c0368dd1-c4a9-4bcb-a2d2-6d6b66c0e12a{ip: 192.168.157.202, host: pr-hdds-2283-rsqnh-1472443098, networkLocation: /default-rack, certSerialId: null} reports an CLOSED replica.
2019-10-16 18:48:43,235 [BlockDeletingService#2] WARN  background.BlockDeletingService (BlockDeletingService.java:isDeletionAllowed(187)) - Close Container log Index 6 is not replicated across allthe servers in the pipeline 7043c0de-230d-480f-89cc-753d53b6ddfb as the min replicated index is 4. Deletion is not allowed in this container yet.
2019-10-16 18:48:43,235 [BlockDeletingService#2] WARN  background.BlockDeletingService (BlockDeletingService.java:isDeletionAllowed(187)) - Close Container log Index 6 is not replicated across allthe servers in the pipeline 7043c0de-230d-480f-89cc-753d53b6ddfb as the min replicated index is 4. Deletion is not allowed in this container yet.
2019-10-16 18:48:43,262 [EventQueue-ContainerReportForContainerReportHandler] WARN  container.ContainerReportHandler (AbstractContainerReportHandler.java:updateContainerState(145)) - Container #1 is in OPEN state, but the datanode 0d5b4e59-aa2f-4fe6-b072-73846da82a05{ip: 192.168.157.202, host: pr-hdds-2283-rsqnh-1472443098, networkLocation: /default-rack, certSerialId: null} reports an CLOSED replica.
2019-10-16 18:48:43,432 [EventQueue-ContainerReportForContainerReportHandler] WARN  container.ContainerReportHandler (AbstractContainerReportHandler.java:updateContainerState(145)) - Container #1 is in OPEN state, but the datanode c0368dd1-c4a9-4bcb-a2d2-6d6b66c0e12a{ip: 192.168.157.202, host: pr-hdds-2283-rsqnh-1472443098, networkLocation: /default-rack, certSerialId: null} reports an CLOSED replica.
2019-10-16 18:48:43,444 [java.util.concurrent.ThreadPoolExecutor$Worker@48272572[State = -1, empty queue]] WARN  server.GrpcLogAppender (GrpcLogAppender.java:timeoutAppendRequest(209)) - c0368dd1-c4a9-4bcb-a2d2-6d6b66c0e12a@group-753D53B6DDFB->52bfa4dc-bcba-4693-b6e2-7f231a44b6db-GrpcLogAppender: appendEntries Timeout, request=c0368dd1-c4a9-4bcb-a2d2-6d6b66c0e12a->52bfa4dc-bcba-4693-b6e2-7f231a44b6db#42-t4, previous=(t:4, i:10), leaderCommit=10, initializing? false, entries: <empty>
2019-10-16 18:48:43,584 [Thread-484] INFO  client.GrpcClientProtocolService (GrpcClientProtocolService.java:lambda$processClientRequest$0(278)) - Failed RaftClientRequest:client-F1A042848956->c0368dd1-c4a9-4bcb-a2d2-6d6b66c0e12a@group-753D53B6DDFB, cid=10, seq=0, Watch-ALL_COMMITTED(6), Message:<EMPTY>, reply=RaftClientReply:client-F1A042848956->c0368dd1-c4a9-4bcb-a2d2-6d6b66c0e12a@group-753D53B6DDFB, cid=10, FAILED org.apache.ratis.protocol.NotReplicatedException: Request with call Id 10 and log index 6 is not yet replicated to ALL_COMMITTED, logIndex=6, commits[c0368dd1-c4a9-4bcb-a2d2-6d6b66c0e12a:c10, 0d5b4e59-aa2f-4fe6-b072-73846da82a05:c10, 52bfa4dc-bcba-4693-b6e2-7f231a44b6db:c4]
2019-10-16 18:48:43,664 [EventQueue-ContainerReportForContainerReportHandler] WARN  container.ContainerReportHandler (AbstractContainerReportHandler.java:updateContainerState(145)) - Container #1 is in OPEN state, but the datanode 0d5b4e59-aa2f-4fe6-b072-73846da82a05{ip: 192.168.157.202, host: pr-hdds-2283-rsqnh-1472443098, networkLocation: /default-rack, certSerialId: null} reports an CLOSED replica.
2019-10-16 18:48:43,733 [EventQueue-ContainerReportForContainerReportHandler] WARN  container.ContainerReportHandler (AbstractContainerReportHandler.java:updateContainerState(145)) - Container #1 is in OPEN state, but the datanode c0368dd1-c4a9-4bcb-a2d2-6d6b66c0e12a{ip: 192.168.157.202, host: pr-hdds-2283-rsqnh-1472443098, networkLocation: /default-rack, certSerialId: null} reports an CLOSED replica.
2019-10-16 18:48:43,936 [EventQueue-ContainerReportForContainerReportHandler] WARN  container.ContainerReportHandler (AbstractContainerReportHandler.java:updateContainerState(145)) - Container #1 is in OPEN state, but the datanode c0368dd1-c4a9-4bcb-a2d2-6d6b66c0e12a{ip: 192.168.157.202, host: pr-hdds-2283-rsqnh-1472443098, networkLocation: /default-rack, certSerialId: null} reports an CLOSED replica.
2019-10-16 18:48:44,064 [EventQueue-ContainerReportForContainerReportHandler] WARN  container.ContainerReportHandler (AbstractContainerReportHandler.java:updateContainerState(145)) - Container #1 is in OPEN state, but the datanode 0d5b4e59-aa2f-4fe6-b072-73846da82a05{ip: 192.168.157.202, host: pr-hdds-2283-rsqnh-1472443098, networkLocation: /default-rack, certSerialId: null} reports an CLOSED replica.
2019-10-16 18:48:44,237 [BlockDeletingService#2] WARN  background.BlockDeletingService (BlockDeletingService.java:isDeletionAllowed(187)) - Close Container log Index 6 is not replicated across allthe servers in the pipeline 7043c0de-230d-480f-89cc-753d53b6ddfb as the min replicated index is 4. Deletion is not allowed in this container yet.
2019-10-16 18:48:44,237 [BlockDeletingService#2] WARN  background.BlockDeletingService (BlockDeletingService.java:isDeletionAllowed(187)) - Close Container log Index 6 is not replicated across allthe servers in the pipeline 7043c0de-230d-480f-89cc-753d53b6ddfb as the min replicated index is 4. Deletion is not allowed in this container yet.
2019-10-16 18:48:44,334 [EventQueue-ContainerReportForContainerReportHandler] WARN  container.ContainerReportHandler (AbstractContainerReportHandler.java:updateContainerState(145)) - Container #1 is in OPEN state, but the datanode c0368dd1-c4a9-4bcb-a2d2-6d6b66c0e12a{ip: 192.168.157.202, host: pr-hdds-2283-rsqnh-1472443098, networkLocation: /default-rack, certSerialId: null} reports an CLOSED replica.
2019-10-16 18:48:44,364 [EventQueue-ContainerReportForContainerReportHandler] WARN  container.ContainerReportHandler (AbstractContainerReportHandler.java:updateContainerState(145)) - Container #1 is in OPEN state, but the datanode 0d5b4e59-aa2f-4fe6-b072-73846da82a05{ip: 192.168.157.202, host: pr-hdds-2283-rsqnh-1472443098, networkLocation: /default-rack, certSerialId: null} reports an CLOSED replica.
2019-10-16 18:48:44,534 [EventQueue-ContainerReportForContainerReportHandler] WARN  container.ContainerReportHandler (AbstractContainerReportHandler.java:updateContainerState(145)) - Container #1 is in OPEN state, but the datanode c0368dd1-c4a9-4bcb-a2d2-6d6b66c0e12a{ip: 192.168.157.202, host: pr-hdds-2283-rsqnh-1472443098, networkLocation: /default-rack, certSerialId: null} reports an CLOSED replica.
2019-10-16 18:48:44,564 [EventQueue-ContainerReportForContainerReportHandler] WARN  container.ContainerReportHandler (AbstractContainerReportHandler.java:updateContainerState(145)) - Container #1 is in OPEN state, but the datanode 0d5b4e59-aa2f-4fe6-b072-73846da82a05{ip: 192.168.157.202, host: pr-hdds-2283-rsqnh-1472443098, networkLocation: /default-rack, certSerialId: null} reports an CLOSED replica.
2019-10-16 18:48:44,734 [EventQueue-ContainerReportForContainerReportHandler] WARN  container.ContainerReportHandler (AbstractContainerReportHandler.java:updateContainerState(145)) - Container #1 is in OPEN state, but the datanode c0368dd1-c4a9-4bcb-a2d2-6d6b66c0e12a{ip: 192.168.157.202, host: pr-hdds-2283-rsqnh-1472443098, networkLocation: /default-rack, certSerialId: null} reports an CLOSED replica.
2019-10-16 18:48:44,765 [EventQueue-ContainerReportForContainerReportHandler] WARN  container.ContainerReportHandler (AbstractContainerReportHandler.java:updateContainerState(145)) - Container #1 is in OPEN state, but the datanode 0d5b4e59-aa2f-4fe6-b072-73846da82a05{ip: 192.168.157.202, host: pr-hdds-2283-rsqnh-1472443098, networkLocation: /default-rack, certSerialId: null} reports an CLOSED replica.
2019-10-16 18:48:45,034 [EventQueue-ContainerReportForContainerReportHandler] WARN  container.ContainerReportHandler (AbstractContainerReportHandler.java:updateContainerState(145)) - Container #1 is in OPEN state, but the datanode c0368dd1-c4a9-4bcb-a2d2-6d6b66c0e12a{ip: 192.168.157.202, host: pr-hdds-2283-rsqnh-1472443098, networkLocation: /default-rack, certSerialId: null} reports an CLOSED replica.
2019-10-16 18:48:45,165 [EventQueue-ContainerReportForContainerReportHandler] WARN  container.ContainerReportHandler (AbstractContainerReportHandler.java:updateContainerState(145)) - Container #1 is in OPEN state, but the datanode 0d5b4e59-aa2f-4fe6-b072-73846da82a05{ip: 192.168.157.202, host: pr-hdds-2283-rsqnh-1472443098, networkLocation: /default-rack, certSerialId: null} reports an CLOSED replica.
2019-10-16 18:48:45,234 [EventQueue-ContainerReportForContainerReportHandler] WARN  container.ContainerReportHandler (AbstractContainerReportHandler.java:updateContainerState(145)) - Container #1 is in OPEN state, but the datanode c0368dd1-c4a9-4bcb-a2d2-6d6b66c0e12a{ip: 192.168.157.202, host: pr-hdds-2283-rsqnh-1472443098, networkLocation: /default-rack, certSerialId: null} reports an CLOSED replica.
2019-10-16 18:48:45,241 [BlockDeletingService#2] WARN  background.BlockDeletingService (BlockDeletingService.java:isDeletionAllowed(187)) - Close Container log Index 6 is not replicated across allthe servers in the pipeline 7043c0de-230d-480f-89cc-753d53b6ddfb as the min replicated index is 4. Deletion is not allowed in this container yet.
2019-10-16 18:48:45,242 [BlockDeletingService#2] WARN  background.BlockDeletingService (BlockDeletingService.java:isDeletionAllowed(187)) - Close Container log Index 6 is not replicated across allthe servers in the pipeline 7043c0de-230d-480f-89cc-753d53b6ddfb as the min replicated index is 4. Deletion is not allowed in this container yet.
2019-10-16 18:48:45,365 [EventQueue-ContainerReportForContainerReportHandler] WARN  container.ContainerReportHandler (AbstractContainerReportHandler.java:updateContainerState(145)) - Container #1 is in OPEN state, but the datanode 0d5b4e59-aa2f-4fe6-b072-73846da82a05{ip: 192.168.157.202, host: pr-hdds-2283-rsqnh-1472443098, networkLocation: /default-rack, certSerialId: null} reports an CLOSED replica.
2019-10-16 18:48:45,534 [EventQueue-ContainerReportForContainerReportHandler] WARN  container.ContainerReportHandler (AbstractContainerReportHandler.java:updateContainerState(145)) - Container #1 is in OPEN state, but the datanode c0368dd1-c4a9-4bcb-a2d2-6d6b66c0e12a{ip: 192.168.157.202, host: pr-hdds-2283-rsqnh-1472443098, networkLocation: /default-rack, certSerialId: null} reports an CLOSED replica.
2019-10-16 18:48:45,665 [EventQueue-ContainerReportForContainerReportHandler] WARN  container.ContainerReportHandler (AbstractContainerReportHandler.java:updateContainerState(145)) - Container #1 is in OPEN state, but the datanode 0d5b4e59-aa2f-4fe6-b072-73846da82a05{ip: 192.168.157.202, host: pr-hdds-2283-rsqnh-1472443098, networkLocation: /default-rack, certSerialId: null} reports an CLOSED replica.
2019-10-16 18:48:45,933 [EventQueue-ContainerReportForContainerReportHandler] WARN  container.ContainerReportHandler (AbstractContainerReportHandler.java:updateContainerState(145)) - Container #1 is in OPEN state, but the datanode c0368dd1-c4a9-4bcb-a2d2-6d6b66c0e12a{ip: 192.168.157.202, host: pr-hdds-2283-rsqnh-1472443098, networkLocation: /default-rack, certSerialId: null} reports an CLOSED replica.
2019-10-16 18:48:45,944 [java.util.concurrent.ThreadPoolExecutor$Worker@48272572[State = -1, empty queue]] WARN  server.GrpcLogAppender (GrpcLogAppender.java:timeoutAppendRequest(209)) - c0368dd1-c4a9-4bcb-a2d2-6d6b66c0e12a@group-753D53B6DDFB->52bfa4dc-bcba-4693-b6e2-7f231a44b6db-GrpcLogAppender: appendEntries Timeout, request=c0368dd1-c4a9-4bcb-a2d2-6d6b66c0e12a->52bfa4dc-bcba-4693-b6e2-7f231a44b6db#43-t4, previous=(t:4, i:10), leaderCommit=10, initializing? false, entries: <empty>
2019-10-16 18:48:45,965 [EventQueue-ContainerReportForContainerReportHandler] WARN  container.ContainerReportHandler (AbstractContainerReportHandler.java:updateContainerState(145)) - Container #1 is in OPEN state, but the datanode 0d5b4e59-aa2f-4fe6-b072-73846da82a05{ip: 192.168.157.202, host: pr-hdds-2283-rsqnh-1472443098, networkLocation: /default-rack, certSerialId: null} reports an CLOSED replica.
2019-10-16 18:48:46,234 [EventQueue-ContainerReportForContainerReportHandler] WARN  container.ContainerReportHandler (AbstractContainerReportHandler.java:updateContainerState(145)) - Container #1 is in OPEN state, but the datanode c0368dd1-c4a9-4bcb-a2d2-6d6b66c0e12a{ip: 192.168.157.202, host: pr-hdds-2283-rsqnh-1472443098, networkLocation: /default-rack, certSerialId: null} reports an CLOSED replica.
2019-10-16 18:48:46,242 [BlockDeletingService#2] WARN  background.BlockDeletingService (BlockDeletingService.java:isDeletionAllowed(187)) - Close Container log Index 6 is not replicated across allthe servers in the pipeline 7043c0de-230d-480f-89cc-753d53b6ddfb as the min replicated index is 4. Deletion is not allowed in this container yet.
2019-10-16 18:48:46,243 [BlockDeletingService#2] WARN  background.BlockDeletingService (BlockDeletingService.java:isDeletionAllowed(187)) - Close Container log Index 6 is not replicated across allthe servers in the pipeline 7043c0de-230d-480f-89cc-753d53b6ddfb as the min replicated index is 4. Deletion is not allowed in this container yet.
2019-10-16 18:48:46,267 [EventQueue-ContainerReportForContainerReportHandler] WARN  container.ContainerReportHandler (AbstractContainerReportHandler.java:updateContainerState(145)) - Container #1 is in OPEN state, but the datanode 0d5b4e59-aa2f-4fe6-b072-73846da82a05{ip: 192.168.157.202, host: pr-hdds-2283-rsqnh-1472443098, networkLocation: /default-rack, certSerialId: null} reports an CLOSED replica.
2019-10-16 18:48:46,534 [EventQueue-ContainerReportForContainerReportHandler] WARN  container.ContainerReportHandler (AbstractContainerReportHandler.java:updateContainerState(145)) - Container #1 is in OPEN state, but the datanode c0368dd1-c4a9-4bcb-a2d2-6d6b66c0e12a{ip: 192.168.157.202, host: pr-hdds-2283-rsqnh-1472443098, networkLocation: /default-rack, certSerialId: null} reports an CLOSED replica.
2019-10-16 18:48:46,567 [EventQueue-ContainerReportForContainerReportHandler] WARN  container.ContainerReportHandler (AbstractContainerReportHandler.java:updateContainerState(145)) - Container #1 is in OPEN state, but the datanode 0d5b4e59-aa2f-4fe6-b072-73846da82a05{ip: 192.168.157.202, host: pr-hdds-2283-rsqnh-1472443098, networkLocation: /default-rack, certSerialId: null} reports an CLOSED replica.
2019-10-16 18:48:46,767 [EventQueue-ContainerReportForContainerReportHandler] WARN  container.ContainerReportHandler (AbstractContainerReportHandler.java:updateContainerState(145)) - Container #1 is in OPEN state, but the datanode 0d5b4e59-aa2f-4fe6-b072-73846da82a05{ip: 192.168.157.202, host: pr-hdds-2283-rsqnh-1472443098, networkLocation: /default-rack, certSerialId: null} reports an CLOSED replica.
2019-10-16 18:48:46,834 [EventQueue-ContainerReportForContainerReportHandler] WARN  container.ContainerReportHandler (AbstractContainerReportHandler.java:updateContainerState(145)) - Container #1 is in OPEN state, but the datanode c0368dd1-c4a9-4bcb-a2d2-6d6b66c0e12a{ip: 192.168.157.202, host: pr-hdds-2283-rsqnh-1472443098, networkLocation: /default-rack, certSerialId: null} reports an CLOSED replica.
2019-10-16 18:48:47,068 [EventQueue-ContainerReportForContainerReportHandler] WARN  container.ContainerReportHandler (AbstractContainerReportHandler.java:updateContainerState(145)) - Container #1 is in OPEN state, but the datanode 0d5b4e59-aa2f-4fe6-b072-73846da82a05{ip: 192.168.157.202, host: pr-hdds-2283-rsqnh-1472443098, networkLocation: /default-rack, certSerialId: null} reports an CLOSED replica.
2019-10-16 18:48:47,235 [EventQueue-ContainerReportForContainerReportHandler] WARN  container.ContainerReportHandler (AbstractContainerReportHandler.java:updateContainerState(145)) - Container #1 is in OPEN state, but the datanode c0368dd1-c4a9-4bcb-a2d2-6d6b66c0e12a{ip: 192.168.157.202, host: pr-hdds-2283-rsqnh-1472443098, networkLocation: /default-rack, certSerialId: null} reports an CLOSED replica.
2019-10-16 18:48:47,244 [BlockDeletingService#2] WARN  background.BlockDeletingService (BlockDeletingService.java:isDeletionAllowed(187)) - Close Container log Index 6 is not replicated across allthe servers in the pipeline 7043c0de-230d-480f-89cc-753d53b6ddfb as the min replicated index is 4. Deletion is not allowed in this container yet.
2019-10-16 18:48:47,244 [BlockDeletingService#2] WARN  background.BlockDeletingService (BlockDeletingService.java:isDeletionAllowed(187)) - Close Container log Index 6 is not replicated across allthe servers in the pipeline 7043c0de-230d-480f-89cc-753d53b6ddfb as the min replicated index is 4. Deletion is not allowed in this container yet.
2019-10-16 18:48:47,470 [EventQueue-ContainerReportForContainerReportHandler] WARN  container.ContainerReportHandler (AbstractContainerReportHandler.java:updateContainerState(145)) - Container #1 is in OPEN state, but the datanode 0d5b4e59-aa2f-4fe6-b072-73846da82a05{ip: 192.168.157.202, host: pr-hdds-2283-rsqnh-1472443098, networkLocation: /default-rack, certSerialId: null} reports an CLOSED replica.
2019-10-16 18:48:47,535 [EventQueue-ContainerReportForContainerReportHandler] WARN  container.ContainerReportHandler (AbstractContainerReportHandler.java:updateContainerState(145)) - Container #1 is in OPEN state, but the datanode c0368dd1-c4a9-4bcb-a2d2-6d6b66c0e12a{ip: 192.168.157.202, host: pr-hdds-2283-rsqnh-1472443098, networkLocation: /default-rack, certSerialId: null} reports an CLOSED replica.
2019-10-16 18:48:47,769 [EventQueue-ContainerReportForContainerReportHandler] WARN  container.ContainerReportHandler (AbstractContainerReportHandler.java:updateContainerState(145)) - Container #1 is in OPEN state, but the datanode 0d5b4e59-aa2f-4fe6-b072-73846da82a05{ip: 192.168.157.202, host: pr-hdds-2283-rsqnh-1472443098, networkLocation: /default-rack, certSerialId: null} reports an CLOSED replica.
2019-10-16 18:48:47,835 [EventQueue-ContainerReportForContainerReportHandler] WARN  container.ContainerReportHandler (AbstractContainerReportHandler.java:updateContainerState(145)) - Container #1 is in OPEN state, but the datanode c0368dd1-c4a9-4bcb-a2d2-6d6b66c0e12a{ip: 192.168.157.202, host: pr-hdds-2283-rsqnh-1472443098, networkLocation: /default-rack, certSerialId: null} reports an CLOSED replica.
2019-10-16 18:48:47,969 [EventQueue-ContainerReportForContainerReportHandler] WARN  container.ContainerReportHandler (AbstractContainerReportHandler.java:updateContainerState(145)) - Container #1 is in OPEN state, but the datanode 0d5b4e59-aa2f-4fe6-b072-73846da82a05{ip: 192.168.157.202, host: pr-hdds-2283-rsqnh-1472443098, networkLocation: /default-rack, certSerialId: null} reports an CLOSED replica.
2019-10-16 18:48:48,135 [EventQueue-ContainerReportForContainerReportHandler] WARN  container.ContainerReportHandler (AbstractContainerReportHandler.java:updateContainerState(145)) - Container #1 is in OPEN state, but the datanode c0368dd1-c4a9-4bcb-a2d2-6d6b66c0e12a{ip: 192.168.157.202, host: pr-hdds-2283-rsqnh-1472443098, networkLocation: /default-rack, certSerialId: null} reports an CLOSED replica.
2019-10-16 18:48:48,246 [BlockDeletingService#2] WARN  background.BlockDeletingService (BlockDeletingService.java:isDeletionAllowed(187)) - Close Container log Index 6 is not replicated across allthe servers in the pipeline 7043c0de-230d-480f-89cc-753d53b6ddfb as the min replicated index is 4. Deletion is not allowed in this container yet.
2019-10-16 18:48:48,246 [BlockDeletingService#2] WARN  background.BlockDeletingService (BlockDeletingService.java:isDeletionAllowed(187)) - Close Container log Index 6 is not replicated across allthe servers in the pipeline 7043c0de-230d-480f-89cc-753d53b6ddfb as the min replicated index is 4. Deletion is not allowed in this container yet.
2019-10-16 18:48:48,269 [EventQueue-ContainerReportForContainerReportHandler] WARN  container.ContainerReportHandler (AbstractContainerReportHandler.java:updateContainerState(145)) - Container #1 is in OPEN state, but the datanode 0d5b4e59-aa2f-4fe6-b072-73846da82a05{ip: 192.168.157.202, host: pr-hdds-2283-rsqnh-1472443098, networkLocation: /default-rack, certSerialId: null} reports an CLOSED replica.
2019-10-16 18:48:48,335 [EventQueue-ContainerReportForContainerReportHandler] WARN  container.ContainerReportHandler (AbstractContainerReportHandler.java:updateContainerState(145)) - Container #1 is in OPEN state, but the datanode c0368dd1-c4a9-4bcb-a2d2-6d6b66c0e12a{ip: 192.168.157.202, host: pr-hdds-2283-rsqnh-1472443098, networkLocation: /default-rack, certSerialId: null} reports an CLOSED replica.
2019-10-16 18:48:48,445 [java.util.concurrent.ThreadPoolExecutor$Worker@48272572[State = -1, empty queue]] WARN  server.GrpcLogAppender (GrpcLogAppender.java:timeoutAppendRequest(209)) - c0368dd1-c4a9-4bcb-a2d2-6d6b66c0e12a@group-753D53B6DDFB->52bfa4dc-bcba-4693-b6e2-7f231a44b6db-GrpcLogAppender: appendEntries Timeout, request=c0368dd1-c4a9-4bcb-a2d2-6d6b66c0e12a->52bfa4dc-bcba-4693-b6e2-7f231a44b6db#44-t4, previous=(t:4, i:10), leaderCommit=10, initializing? false, entries: <empty>
2019-10-16 18:48:48,569 [EventQueue-ContainerReportForContainerReportHandler] WARN  container.ContainerReportHandler (AbstractContainerReportHandler.java:updateContainerState(145)) - Container #1 is in OPEN state, but the datanode 0d5b4e59-aa2f-4fe6-b072-73846da82a05{ip: 192.168.157.202, host: pr-hdds-2283-rsqnh-1472443098, networkLocation: /default-rack, certSerialId: null} reports an CLOSED replica.
2019-10-16 18:48:48,735 [EventQueue-ContainerReportForContainerReportHandler] WARN  container.ContainerReportHandler (AbstractContainerReportHandler.java:updateContainerState(145)) - Container #1 is in OPEN state, but the datanode c0368dd1-c4a9-4bcb-a2d2-6d6b66c0e12a{ip: 192.168.157.202, host: pr-hdds-2283-rsqnh-1472443098, networkLocation: /default-rack, certSerialId: null} reports an CLOSED replica.
2019-10-16 18:48:48,869 [EventQueue-ContainerReportForContainerReportHandler] WARN  container.ContainerReportHandler (AbstractContainerReportHandler.java:updateContainerState(145)) - Container #1 is in OPEN state, but the datanode 0d5b4e59-aa2f-4fe6-b072-73846da82a05{ip: 192.168.157.202, host: pr-hdds-2283-rsqnh-1472443098, networkLocation: /default-rack, certSerialId: null} reports an CLOSED replica.
2019-10-16 18:48:49,041 [EventQueue-ContainerReportForContainerReportHandler] WARN  container.ContainerReportHandler (AbstractContainerReportHandler.java:updateContainerState(145)) - Container #1 is in OPEN state, but the datanode c0368dd1-c4a9-4bcb-a2d2-6d6b66c0e12a{ip: 192.168.157.202, host: pr-hdds-2283-rsqnh-1472443098, networkLocation: /default-rack, certSerialId: null} reports an CLOSED replica.
2019-10-16 18:48:49,169 [EventQueue-ContainerReportForContainerReportHandler] WARN  container.ContainerReportHandler (AbstractContainerReportHandler.java:updateContainerState(145)) - Container #1 is in OPEN state, but the datanode 0d5b4e59-aa2f-4fe6-b072-73846da82a05{ip: 192.168.157.202, host: pr-hdds-2283-rsqnh-1472443098, networkLocation: /default-rack, certSerialId: null} reports an CLOSED replica.
2019-10-16 18:48:49,248 [BlockDeletingService#2] WARN  background.BlockDeletingService (BlockDeletingService.java:isDeletionAllowed(187)) - Close Container log Index 6 is not replicated across allthe servers in the pipeline 7043c0de-230d-480f-89cc-753d53b6ddfb as the min replicated index is 4. Deletion is not allowed in this container yet.
2019-10-16 18:48:49,248 [BlockDeletingService#2] WARN  background.BlockDeletingService (BlockDeletingService.java:isDeletionAllowed(187)) - Close Container log Index 6 is not replicated across allthe servers in the pipeline 7043c0de-230d-480f-89cc-753d53b6ddfb as the min replicated index is 4. Deletion is not allowed in this container yet.
2019-10-16 18:48:49,435 [EventQueue-ContainerReportForContainerReportHandler] WARN  container.ContainerReportHandler (AbstractContainerReportHandler.java:updateContainerState(145)) - Container #1 is in OPEN state, but the datanode c0368dd1-c4a9-4bcb-a2d2-6d6b66c0e12a{ip: 192.168.157.202, host: pr-hdds-2283-rsqnh-1472443098, networkLocation: /default-rack, certSerialId: null} reports an CLOSED replica.
2019-10-16 18:48:49,569 [EventQueue-ContainerReportForContainerReportHandler] WARN  container.ContainerReportHandler (AbstractContainerReportHandler.java:updateContainerState(145)) - Container #1 is in OPEN state, but the datanode 0d5b4e59-aa2f-4fe6-b072-73846da82a05{ip: 192.168.157.202, host: pr-hdds-2283-rsqnh-1472443098, networkLocation: /default-rack, certSerialId: null} reports an CLOSED replica.
2019-10-16 18:48:49,835 [EventQueue-ContainerReportForContainerReportHandler] WARN  container.ContainerReportHandler (AbstractContainerReportHandler.java:updateContainerState(145)) - Container #1 is in OPEN state, but the datanode c0368dd1-c4a9-4bcb-a2d2-6d6b66c0e12a{ip: 192.168.157.202, host: pr-hdds-2283-rsqnh-1472443098, networkLocation: /default-rack, certSerialId: null} reports an CLOSED replica.
2019-10-16 18:48:49,869 [EventQueue-ContainerReportForContainerReportHandler] WARN  container.ContainerReportHandler (AbstractContainerReportHandler.java:updateContainerState(145)) - Container #1 is in OPEN state, but the datanode 0d5b4e59-aa2f-4fe6-b072-73846da82a05{ip: 192.168.157.202, host: pr-hdds-2283-rsqnh-1472443098, networkLocation: /default-rack, certSerialId: null} reports an CLOSED replica.
2019-10-16 18:48:50,135 [EventQueue-ContainerReportForContainerReportHandler] WARN  container.ContainerReportHandler (AbstractContainerReportHandler.java:updateContainerState(145)) - Container #1 is in OPEN state, but the datanode c0368dd1-c4a9-4bcb-a2d2-6d6b66c0e12a{ip: 192.168.157.202, host: pr-hdds-2283-rsqnh-1472443098, networkLocation: /default-rack, certSerialId: null} reports an CLOSED replica.
2019-10-16 18:48:50,169 [EventQueue-ContainerReportForContainerReportHandler] WARN  container.ContainerReportHandler (AbstractContainerReportHandler.java:updateContainerState(145)) - Container #1 is in OPEN state, but the datanode 0d5b4e59-aa2f-4fe6-b072-73846da82a05{ip: 192.168.157.202, host: pr-hdds-2283-rsqnh-1472443098, networkLocation: /default-rack, certSerialId: null} reports an CLOSED replica.
2019-10-16 18:48:50,249 [BlockDeletingService#2] WARN  background.BlockDeletingService (BlockDeletingService.java:isDeletionAllowed(187)) - Close Container log Index 6 is not replicated across allthe servers in the pipeline 7043c0de-230d-480f-89cc-753d53b6ddfb as the min replicated index is 4. Deletion is not allowed in this container yet.
2019-10-16 18:48:50,249 [BlockDeletingService#2] WARN  background.BlockDeletingService (BlockDeletingService.java:isDeletionAllowed(187)) - Close Container log Index 6 is not replicated across allthe servers in the pipeline 7043c0de-230d-480f-89cc-753d53b6ddfb as the min replicated index is 4. Deletion is not allowed in this container yet.
2019-10-16 18:48:50,435 [EventQueue-ContainerReportForContainerReportHandler] WARN  container.ContainerReportHandler (AbstractContainerReportHandler.java:updateContainerState(145)) - Container #1 is in OPEN state, but the datanode c0368dd1-c4a9-4bcb-a2d2-6d6b66c0e12a{ip: 192.168.157.202, host: pr-hdds-2283-rsqnh-1472443098, networkLocation: /default-rack, certSerialId: null} reports an CLOSED replica.
2019-10-16 18:48:50,471 [EventQueue-ContainerReportForContainerReportHandler] WARN  container.ContainerReportHandler (AbstractContainerReportHandler.java:updateContainerState(145)) - Container #1 is in OPEN state, but the datanode 0d5b4e59-aa2f-4fe6-b072-73846da82a05{ip: 192.168.157.202, host: pr-hdds-2283-rsqnh-1472443098, networkLocation: /default-rack, certSerialId: null} reports an CLOSED replica.
2019-10-16 18:48:50,736 [EventQueue-ContainerReportForContainerReportHandler] WARN  container.ContainerReportHandler (AbstractContainerReportHandler.java:updateContainerState(145)) - Container #1 is in OPEN state, but the datanode c0368dd1-c4a9-4bcb-a2d2-6d6b66c0e12a{ip: 192.168.157.202, host: pr-hdds-2283-rsqnh-1472443098, networkLocation: /default-rack, certSerialId: null} reports an CLOSED replica.
2019-10-16 18:48:50,871 [EventQueue-ContainerReportForContainerReportHandler] WARN  container.ContainerReportHandler (AbstractContainerReportHandler.java:updateContainerState(145)) - Container #1 is in OPEN state, but the datanode 0d5b4e59-aa2f-4fe6-b072-73846da82a05{ip: 192.168.157.202, host: pr-hdds-2283-rsqnh-1472443098, networkLocation: /default-rack, certSerialId: null} reports an CLOSED replica.
2019-10-16 18:48:50,947 [java.util.concurrent.ThreadPoolExecutor$Worker@48272572[State = -1, empty queue]] WARN  server.GrpcLogAppender (GrpcLogAppender.java:timeoutAppendRequest(209)) - c0368dd1-c4a9-4bcb-a2d2-6d6b66c0e12a@group-753D53B6DDFB->52bfa4dc-bcba-4693-b6e2-7f231a44b6db-GrpcLogAppender: appendEntries Timeout, request=c0368dd1-c4a9-4bcb-a2d2-6d6b66c0e12a->52bfa4dc-bcba-4693-b6e2-7f231a44b6db#45-t4, previous=(t:4, i:10), leaderCommit=10, initializing? false, entries: <empty>
2019-10-16 18:48:51,037 [EventQueue-ContainerReportForContainerReportHandler] WARN  container.ContainerReportHandler (AbstractContainerReportHandler.java:updateContainerState(145)) - Container #1 is in OPEN state, but the datanode c0368dd1-c4a9-4bcb-a2d2-6d6b66c0e12a{ip: 192.168.157.202, host: pr-hdds-2283-rsqnh-1472443098, networkLocation: /default-rack, certSerialId: null} reports an CLOSED replica.
2019-10-16 18:48:51,096 [Thread-504] INFO  client.GrpcClientProtocolService (GrpcClientProtocolService.java:lambda$processClientRequest$0(278)) - Failed RaftClientRequest:client-F1A042848956->0d5b4e59-aa2f-4fe6-b072-73846da82a05@group-753D53B6DDFB, cid=10, seq=0, Watch-ALL_COMMITTED(6), Message:<EMPTY>, reply=RaftClientReply:client-F1A042848956->0d5b4e59-aa2f-4fe6-b072-73846da82a05@group-753D53B6DDFB, cid=10, FAILED org.apache.ratis.protocol.NotLeaderException: Server 0d5b4e59-aa2f-4fe6-b072-73846da82a05@group-753D53B6DDFB is not the leader c0368dd1-c4a9-4bcb-a2d2-6d6b66c0e12a:192.168.157.202:44847, logIndex=0, commits[0d5b4e59-aa2f-4fe6-b072-73846da82a05:c10, 52bfa4dc-bcba-4693-b6e2-7f231a44b6db:c4, c0368dd1-c4a9-4bcb-a2d2-6d6b66c0e12a:c10]
2019-10-16 18:48:51,171 [EventQueue-ContainerReportForContainerReportHandler] WARN  container.ContainerReportHandler (AbstractContainerReportHandler.java:updateContainerState(145)) - Container #1 is in OPEN state, but the datanode 0d5b4e59-aa2f-4fe6-b072-73846da82a05{ip: 192.168.157.202, host: pr-hdds-2283-rsqnh-1472443098, networkLocation: /default-rack, certSerialId: null} reports an CLOSED replica.
2019-10-16 18:48:51,251 [BlockDeletingService#2] WARN  background.BlockDeletingService (BlockDeletingService.java:isDeletionAllowed(187)) - Close Container log Index 6 is not replicated across allthe servers in the pipeline 7043c0de-230d-480f-89cc-753d53b6ddfb as the min replicated index is 4. Deletion is not allowed in this container yet.
2019-10-16 18:48:51,251 [BlockDeletingService#2] WARN  background.BlockDeletingService (BlockDeletingService.java:isDeletionAllowed(187)) - Close Container log Index 6 is not replicated across allthe servers in the pipeline 7043c0de-230d-480f-89cc-753d53b6ddfb as the min replicated index is 4. Deletion is not allowed in this container yet.
2019-10-16 18:48:51,337 [EventQueue-ContainerReportForContainerReportHandler] WARN  container.ContainerReportHandler (AbstractContainerReportHandler.java:updateContainerState(145)) - Container #1 is in OPEN state, but the datanode c0368dd1-c4a9-4bcb-a2d2-6d6b66c0e12a{ip: 192.168.157.202, host: pr-hdds-2283-rsqnh-1472443098, networkLocation: /default-rack, certSerialId: null} reports an CLOSED replica.
2019-10-16 18:48:51,571 [EventQueue-ContainerReportForContainerReportHandler] WARN  container.ContainerReportHandler (AbstractContainerReportHandler.java:updateContainerState(145)) - Container #1 is in OPEN state, but the datanode 0d5b4e59-aa2f-4fe6-b072-73846da82a05{ip: 192.168.157.202, host: pr-hdds-2283-rsqnh-1472443098, networkLocation: /default-rack, certSerialId: null} reports an CLOSED replica.
2019-10-16 18:48:51,637 [EventQueue-ContainerReportForContainerReportHandler] WARN  container.ContainerReportHandler (AbstractContainerReportHandler.java:updateContainerState(145)) - Container #1 is in OPEN state, but the datanode c0368dd1-c4a9-4bcb-a2d2-6d6b66c0e12a{ip: 192.168.157.202, host: pr-hdds-2283-rsqnh-1472443098, networkLocation: /default-rack, certSerialId: null} reports an CLOSED replica.
2019-10-16 18:48:51,771 [EventQueue-ContainerReportForContainerReportHandler] WARN  container.ContainerReportHandler (AbstractContainerReportHandler.java:updateContainerState(145)) - Container #1 is in OPEN state, but the datanode 0d5b4e59-aa2f-4fe6-b072-73846da82a05{ip: 192.168.157.202, host: pr-hdds-2283-rsqnh-1472443098, networkLocation: /default-rack, certSerialId: null} reports an CLOSED replica.
2019-10-16 18:48:51,938 [EventQueue-ContainerReportForContainerReportHandler] WARN  container.ContainerReportHandler (AbstractContainerReportHandler.java:updateContainerState(145)) - Container #1 is in OPEN state, but the datanode c0368dd1-c4a9-4bcb-a2d2-6d6b66c0e12a{ip: 192.168.157.202, host: pr-hdds-2283-rsqnh-1472443098, networkLocation: /default-rack, certSerialId: null} reports an CLOSED replica.
2019-10-16 18:48:51,971 [EventQueue-ContainerReportForContainerReportHandler] WARN  container.ContainerReportHandler (AbstractContainerReportHandler.java:updateContainerState(145)) - Container #1 is in OPEN state, but the datanode 0d5b4e59-aa2f-4fe6-b072-73846da82a05{ip: 192.168.157.202, host: pr-hdds-2283-rsqnh-1472443098, networkLocation: /default-rack, certSerialId: null} reports an CLOSED replica.
2019-10-16 18:48:52,256 [BlockDeletingService#2] WARN  background.BlockDeletingService (BlockDeletingService.java:isDeletionAllowed(187)) - Close Container log Index 6 is not replicated across allthe servers in the pipeline 7043c0de-230d-480f-89cc-753d53b6ddfb as the min replicated index is 4. Deletion is not allowed in this container yet.
2019-10-16 18:48:52,256 [BlockDeletingService#2] WARN  background.BlockDeletingService (BlockDeletingService.java:isDeletionAllowed(187)) - Close Container log Index 6 is not replicated across allthe servers in the pipeline 7043c0de-230d-480f-89cc-753d53b6ddfb as the min replicated index is 4. Deletion is not allowed in this container yet.
2019-10-16 18:48:52,271 [EventQueue-ContainerReportForContainerReportHandler] WARN  container.ContainerReportHandler (AbstractContainerReportHandler.java:updateContainerState(145)) - Container #1 is in OPEN state, but the datanode 0d5b4e59-aa2f-4fe6-b072-73846da82a05{ip: 192.168.157.202, host: pr-hdds-2283-rsqnh-1472443098, networkLocation: /default-rack, certSerialId: null} reports an CLOSED replica.
2019-10-16 18:48:52,337 [EventQueue-ContainerReportForContainerReportHandler] WARN  container.ContainerReportHandler (AbstractContainerReportHandler.java:updateContainerState(145)) - Container #1 is in OPEN state, but the datanode c0368dd1-c4a9-4bcb-a2d2-6d6b66c0e12a{ip: 192.168.157.202, host: pr-hdds-2283-rsqnh-1472443098, networkLocation: /default-rack, certSerialId: null} reports an CLOSED replica.
2019-10-16 18:48:52,571 [EventQueue-ContainerReportForContainerReportHandler] WARN  container.ContainerReportHandler (AbstractContainerReportHandler.java:updateContainerState(145)) - Container #1 is in OPEN state, but the datanode 0d5b4e59-aa2f-4fe6-b072-73846da82a05{ip: 192.168.157.202, host: pr-hdds-2283-rsqnh-1472443098, networkLocation: /default-rack, certSerialId: null} reports an CLOSED replica.
2019-10-16 18:48:52,584 [Thread-511] INFO  client.GrpcClientProtocolService (GrpcClientProtocolService.java:lambda$processClientRequest$0(278)) - Failed RaftClientRequest:client-F1A042848956->c0368dd1-c4a9-4bcb-a2d2-6d6b66c0e12a@group-753D53B6DDFB, cid=10, seq=0, Watch-ALL_COMMITTED(6), Message:<EMPTY>, reply=RaftClientReply:client-F1A042848956->c0368dd1-c4a9-4bcb-a2d2-6d6b66c0e12a@group-753D53B6DDFB, cid=10, FAILED org.apache.ratis.protocol.NotReplicatedException: Request with call Id 10 and log index 6 is not yet replicated to ALL_COMMITTED, logIndex=6, commits[c0368dd1-c4a9-4bcb-a2d2-6d6b66c0e12a:c10, 0d5b4e59-aa2f-4fe6-b072-73846da82a05:c10, 52bfa4dc-bcba-4693-b6e2-7f231a44b6db:c4]
2019-10-16 18:48:52,637 [EventQueue-ContainerReportForContainerReportHandler] WARN  container.ContainerReportHandler (AbstractContainerReportHandler.java:updateContainerState(145)) - Container #1 is in OPEN state, but the datanode c0368dd1-c4a9-4bcb-a2d2-6d6b66c0e12a{ip: 192.168.157.202, host: pr-hdds-2283-rsqnh-1472443098, networkLocation: /default-rack, certSerialId: null} reports an CLOSED replica.
2019-10-16 18:48:52,972 [EventQueue-ContainerReportForContainerReportHandler] WARN  container.ContainerReportHandler (AbstractContainerReportHandler.java:updateContainerState(145)) - Container #1 is in OPEN state, but the datanode 0d5b4e59-aa2f-4fe6-b072-73846da82a05{ip: 192.168.157.202, host: pr-hdds-2283-rsqnh-1472443098, networkLocation: /default-rack, certSerialId: null} reports an CLOSED replica.
2019-10-16 18:48:53,038 [EventQueue-ContainerReportForContainerReportHandler] WARN  container.ContainerReportHandler (AbstractContainerReportHandler.java:updateContainerState(145)) - Container #1 is in OPEN state, but the datanode c0368dd1-c4a9-4bcb-a2d2-6d6b66c0e12a{ip: 192.168.157.202, host: pr-hdds-2283-rsqnh-1472443098, networkLocation: /default-rack, certSerialId: null} reports an CLOSED replica.
2019-10-16 18:48:53,258 [BlockDeletingService#2] WARN  background.BlockDeletingService (BlockDeletingService.java:isDeletionAllowed(187)) - Close Container log Index 6 is not replicated across allthe servers in the pipeline 7043c0de-230d-480f-89cc-753d53b6ddfb as the min replicated index is 4. Deletion is not allowed in this container yet.
2019-10-16 18:48:53,259 [BlockDeletingService#2] WARN  background.BlockDeletingService (BlockDeletingService.java:isDeletionAllowed(187)) - Close Container log Index 6 is not replicated across allthe servers in the pipeline 7043c0de-230d-480f-89cc-753d53b6ddfb as the min replicated index is 4. Deletion is not allowed in this container yet.
2019-10-16 18:48:53,272 [EventQueue-ContainerReportForContainerReportHandler] WARN  container.ContainerReportHandler (AbstractContainerReportHandler.java:updateContainerState(145)) - Container #1 is in OPEN state, but the datanode 0d5b4e59-aa2f-4fe6-b072-73846da82a05{ip: 192.168.157.202, host: pr-hdds-2283-rsqnh-1472443098, networkLocation: /default-rack, certSerialId: null} reports an CLOSED replica.
2019-10-16 18:48:53,439 [EventQueue-ContainerReportForContainerReportHandler] WARN  container.ContainerReportHandler (AbstractContainerReportHandler.java:updateContainerState(145)) - Container #1 is in OPEN state, but the datanode c0368dd1-c4a9-4bcb-a2d2-6d6b66c0e12a{ip: 192.168.157.202, host: pr-hdds-2283-rsqnh-1472443098, networkLocation: /default-rack, certSerialId: null} reports an CLOSED replica.
2019-10-16 18:48:53,448 [java.util.concurrent.ThreadPoolExecutor$Worker@48272572[State = -1, empty queue]] WARN  server.GrpcLogAppender (GrpcLogAppender.java:timeoutAppendRequest(209)) - c0368dd1-c4a9-4bcb-a2d2-6d6b66c0e12a@group-753D53B6DDFB->52bfa4dc-bcba-4693-b6e2-7f231a44b6db-GrpcLogAppender: appendEntries Timeout, request=c0368dd1-c4a9-4bcb-a2d2-6d6b66c0e12a->52bfa4dc-bcba-4693-b6e2-7f231a44b6db#46-t4, previous=(t:4, i:10), leaderCommit=10, initializing? false, entries: <empty>
2019-10-16 18:48:53,672 [EventQueue-ContainerReportForContainerReportHandler] WARN  container.ContainerReportHandler (AbstractContainerReportHandler.java:updateContainerState(145)) - Container #1 is in OPEN state, but the datanode 0d5b4e59-aa2f-4fe6-b072-73846da82a05{ip: 192.168.157.202, host: pr-hdds-2283-rsqnh-1472443098, networkLocation: /default-rack, certSerialId: null} reports an CLOSED replica.
2019-10-16 18:48:53,739 [EventQueue-ContainerReportForContainerReportHandler] WARN  container.ContainerReportHandler (AbstractContainerReportHandler.java:updateContainerState(145)) - Container #1 is in OPEN state, but the datanode c0368dd1-c4a9-4bcb-a2d2-6d6b66c0e12a{ip: 192.168.157.202, host: pr-hdds-2283-rsqnh-1472443098, networkLocation: /default-rack, certSerialId: null} reports an CLOSED replica.
2019-10-16 18:48:53,940 [EventQueue-ContainerReportForContainerReportHandler] WARN  container.ContainerReportHandler (AbstractContainerReportHandler.java:updateContainerState(145)) - Container #1 is in OPEN state, but the datanode c0368dd1-c4a9-4bcb-a2d2-6d6b66c0e12a{ip: 192.168.157.202, host: pr-hdds-2283-rsqnh-1472443098, networkLocation: /default-rack, certSerialId: null} reports an CLOSED replica.
2019-10-16 18:48:53,972 [EventQueue-ContainerReportForContainerReportHandler] WARN  container.ContainerReportHandler (AbstractContainerReportHandler.java:updateContainerState(145)) - Container #1 is in OPEN state, but the datanode 0d5b4e59-aa2f-4fe6-b072-73846da82a05{ip: 192.168.157.202, host: pr-hdds-2283-rsqnh-1472443098, networkLocation: /default-rack, certSerialId: null} reports an CLOSED replica.
2019-10-16 18:48:54,240 [EventQueue-ContainerReportForContainerReportHandler] WARN  container.ContainerReportHandler (AbstractContainerReportHandler.java:updateContainerState(145)) - Container #1 is in OPEN state, but the datanode c0368dd1-c4a9-4bcb-a2d2-6d6b66c0e12a{ip: 192.168.157.202, host: pr-hdds-2283-rsqnh-1472443098, networkLocation: /default-rack, certSerialId: null} reports an CLOSED replica.
2019-10-16 18:48:54,261 [BlockDeletingService#2] WARN  background.BlockDeletingService (BlockDeletingService.java:isDeletionAllowed(187)) - Close Container log Index 6 is not replicated across allthe servers in the pipeline 7043c0de-230d-480f-89cc-753d53b6ddfb as the min replicated index is 4. Deletion is not allowed in this container yet.
2019-10-16 18:48:54,261 [BlockDeletingService#2] WARN  background.BlockDeletingService (BlockDeletingService.java:isDeletionAllowed(187)) - Close Container log Index 6 is not replicated across allthe servers in the pipeline 7043c0de-230d-480f-89cc-753d53b6ddfb as the min replicated index is 4. Deletion is not allowed in this container yet.
2019-10-16 18:48:54,272 [EventQueue-ContainerReportForContainerReportHandler] WARN  container.ContainerReportHandler (AbstractContainerReportHandler.java:updateContainerState(145)) - Container #1 is in OPEN state, but the datanode 0d5b4e59-aa2f-4fe6-b072-73846da82a05{ip: 192.168.157.202, host: pr-hdds-2283-rsqnh-1472443098, networkLocation: /default-rack, certSerialId: null} reports an CLOSED replica.
2019-10-16 18:48:54,541 [EventQueue-ContainerReportForContainerReportHandler] WARN  container.ContainerReportHandler (AbstractContainerReportHandler.java:updateContainerState(145)) - Container #1 is in OPEN state, but the datanode c0368dd1-c4a9-4bcb-a2d2-6d6b66c0e12a{ip: 192.168.157.202, host: pr-hdds-2283-rsqnh-1472443098, networkLocation: /default-rack, certSerialId: null} reports an CLOSED replica.
2019-10-16 18:48:54,672 [EventQueue-ContainerReportForContainerReportHandler] WARN  container.ContainerReportHandler (AbstractContainerReportHandler.java:updateContainerState(145)) - Container #1 is in OPEN state, but the datanode 0d5b4e59-aa2f-4fe6-b072-73846da82a05{ip: 192.168.157.202, host: pr-hdds-2283-rsqnh-1472443098, networkLocation: /default-rack, certSerialId: null} reports an CLOSED replica.
2019-10-16 18:48:54,872 [EventQueue-ContainerReportForContainerReportHandler] WARN  container.ContainerReportHandler (AbstractContainerReportHandler.java:updateContainerState(145)) - Container #1 is in OPEN state, but the datanode 0d5b4e59-aa2f-4fe6-b072-73846da82a05{ip: 192.168.157.202, host: pr-hdds-2283-rsqnh-1472443098, networkLocation: /default-rack, certSerialId: null} reports an CLOSED replica.
2019-10-16 18:48:54,942 [EventQueue-ContainerReportForContainerReportHandler] WARN  container.ContainerReportHandler (AbstractContainerReportHandler.java:updateContainerState(145)) - Container #1 is in OPEN state, but the datanode c0368dd1-c4a9-4bcb-a2d2-6d6b66c0e12a{ip: 192.168.157.202, host: pr-hdds-2283-rsqnh-1472443098, networkLocation: /default-rack, certSerialId: null} reports an CLOSED replica.
2019-10-16 18:48:55,142 [EventQueue-ContainerReportForContainerReportHandler] WARN  container.ContainerReportHandler (AbstractContainerReportHandler.java:updateContainerState(145)) - Container #1 is in OPEN state, but the datanode c0368dd1-c4a9-4bcb-a2d2-6d6b66c0e12a{ip: 192.168.157.202, host: pr-hdds-2283-rsqnh-1472443098, networkLocation: /default-rack, certSerialId: null} reports an CLOSED replica.
2019-10-16 18:48:55,172 [EventQueue-ContainerReportForContainerReportHandler] WARN  container.ContainerReportHandler (AbstractContainerReportHandler.java:updateContainerState(145)) - Container #1 is in OPEN state, but the datanode 0d5b4e59-aa2f-4fe6-b072-73846da82a05{ip: 192.168.157.202, host: pr-hdds-2283-rsqnh-1472443098, networkLocation: /default-rack, certSerialId: null} reports an CLOSED replica.
2019-10-16 18:48:55,263 [BlockDeletingService#2] WARN  background.BlockDeletingService (BlockDeletingService.java:isDeletionAllowed(187)) - Close Container log Index 6 is not replicated across allthe servers in the pipeline 7043c0de-230d-480f-89cc-753d53b6ddfb as the min replicated index is 4. Deletion is not allowed in this container yet.
2019-10-16 18:48:55,263 [BlockDeletingService#2] WARN  background.BlockDeletingService (BlockDeletingService.java:isDeletionAllowed(187)) - Close Container log Index 6 is not replicated across allthe servers in the pipeline 7043c0de-230d-480f-89cc-753d53b6ddfb as the min replicated index is 4. Deletion is not allowed in this container yet.
2019-10-16 18:48:55,442 [EventQueue-ContainerReportForContainerReportHandler] WARN  container.ContainerReportHandler (AbstractContainerReportHandler.java:updateContainerState(145)) - Container #1 is in OPEN state, but the datanode c0368dd1-c4a9-4bcb-a2d2-6d6b66c0e12a{ip: 192.168.157.202, host: pr-hdds-2283-rsqnh-1472443098, networkLocation: /default-rack, certSerialId: null} reports an CLOSED replica.
2019-10-16 18:48:55,472 [EventQueue-ContainerReportForContainerReportHandler] WARN  container.ContainerReportHandler (AbstractContainerReportHandler.java:updateContainerState(145)) - Container #1 is in OPEN state, but the datanode 0d5b4e59-aa2f-4fe6-b072-73846da82a05{ip: 192.168.157.202, host: pr-hdds-2283-rsqnh-1472443098, networkLocation: /default-rack, certSerialId: null} reports an CLOSED replica.
2019-10-16 18:48:55,742 [EventQueue-ContainerReportForContainerReportHandler] WARN  container.ContainerReportHandler (AbstractContainerReportHandler.java:updateContainerState(145)) - Container #1 is in OPEN state, but the datanode c0368dd1-c4a9-4bcb-a2d2-6d6b66c0e12a{ip: 192.168.157.202, host: pr-hdds-2283-rsqnh-1472443098, networkLocation: /default-rack, certSerialId: null} reports an CLOSED replica.
2019-10-16 18:48:55,772 [EventQueue-ContainerReportForContainerReportHandler] WARN  container.ContainerReportHandler (AbstractContainerReportHandler.java:updateContainerState(145)) - Container #1 is in OPEN state, but the datanode 0d5b4e59-aa2f-4fe6-b072-73846da82a05{ip: 192.168.157.202, host: pr-hdds-2283-rsqnh-1472443098, networkLocation: /default-rack, certSerialId: null} reports an CLOSED replica.
2019-10-16 18:48:55,949 [java.util.concurrent.ThreadPoolExecutor$Worker@48272572[State = -1, empty queue]] WARN  server.GrpcLogAppender (GrpcLogAppender.java:timeoutAppendRequest(209)) - c0368dd1-c4a9-4bcb-a2d2-6d6b66c0e12a@group-753D53B6DDFB->52bfa4dc-bcba-4693-b6e2-7f231a44b6db-GrpcLogAppender: appendEntries Timeout, request=c0368dd1-c4a9-4bcb-a2d2-6d6b66c0e12a->52bfa4dc-bcba-4693-b6e2-7f231a44b6db#47-t4, previous=(t:4, i:10), leaderCommit=10, initializing? false, entries: <empty>
2019-10-16 18:48:55,973 [EventQueue-ContainerReportForContainerReportHandler] WARN  container.ContainerReportHandler (AbstractContainerReportHandler.java:updateContainerState(145)) - Container #1 is in OPEN state, but the datanode 0d5b4e59-aa2f-4fe6-b072-73846da82a05{ip: 192.168.157.202, host: pr-hdds-2283-rsqnh-1472443098, networkLocation: /default-rack, certSerialId: null} reports an CLOSED replica.
2019-10-16 18:48:56,042 [EventQueue-ContainerReportForContainerReportHandler] WARN  container.ContainerReportHandler (AbstractContainerReportHandler.java:updateContainerState(145)) - Container #1 is in OPEN state, but the datanode c0368dd1-c4a9-4bcb-a2d2-6d6b66c0e12a{ip: 192.168.157.202, host: pr-hdds-2283-rsqnh-1472443098, networkLocation: /default-rack, certSerialId: null} reports an CLOSED replica.
2019-10-16 18:48:56,173 [EventQueue-ContainerReportForContainerReportHandler] WARN  container.ContainerReportHandler (AbstractContainerReportHandler.java:updateContainerState(145)) - Container #1 is in OPEN state, but the datanode 0d5b4e59-aa2f-4fe6-b072-73846da82a05{ip: 192.168.157.202, host: pr-hdds-2283-rsqnh-1472443098, networkLocation: /default-rack, certSerialId: null} reports an CLOSED replica.
2019-10-16 18:48:56,265 [BlockDeletingService#2] WARN  background.BlockDeletingService (BlockDeletingService.java:isDeletionAllowed(187)) - Close Container log Index 6 is not replicated across allthe servers in the pipeline 7043c0de-230d-480f-89cc-753d53b6ddfb as the min replicated index is 4. Deletion is not allowed in this container yet.
2019-10-16 18:48:56,266 [BlockDeletingService#2] WARN  background.BlockDeletingService (BlockDeletingService.java:isDeletionAllowed(187)) - Close Container log Index 6 is not replicated across allthe servers in the pipeline 7043c0de-230d-480f-89cc-753d53b6ddfb as the min replicated index is 4. Deletion is not allowed in this container yet.
2019-10-16 18:48:56,343 [EventQueue-ContainerReportForContainerReportHandler] WARN  container.ContainerReportHandler (AbstractContainerReportHandler.java:updateContainerState(145)) - Container #1 is in OPEN state, but the datanode c0368dd1-c4a9-4bcb-a2d2-6d6b66c0e12a{ip: 192.168.157.202, host: pr-hdds-2283-rsqnh-1472443098, networkLocation: /default-rack, certSerialId: null} reports an CLOSED replica.
2019-10-16 18:48:56,473 [EventQueue-ContainerReportForContainerReportHandler] WARN  container.ContainerReportHandler (AbstractContainerReportHandler.java:updateContainerState(145)) - Container #1 is in OPEN state, but the datanode 0d5b4e59-aa2f-4fe6-b072-73846da82a05{ip: 192.168.157.202, host: pr-hdds-2283-rsqnh-1472443098, networkLocation: /default-rack, certSerialId: null} reports an CLOSED replica.
2019-10-16 18:48:56,542 [EventQueue-ContainerReportForContainerReportHandler] WARN  container.ContainerReportHandler (AbstractContainerReportHandler.java:updateContainerState(145)) - Container #1 is in OPEN state, but the datanode c0368dd1-c4a9-4bcb-a2d2-6d6b66c0e12a{ip: 192.168.157.202, host: pr-hdds-2283-rsqnh-1472443098, networkLocation: /default-rack, certSerialId: null} reports an CLOSED replica.
2019-10-16 18:48:56,673 [EventQueue-ContainerReportForContainerReportHandler] WARN  container.ContainerReportHandler (AbstractContainerReportHandler.java:updateContainerState(145)) - Container #1 is in OPEN state, but the datanode 0d5b4e59-aa2f-4fe6-b072-73846da82a05{ip: 192.168.157.202, host: pr-hdds-2283-rsqnh-1472443098, networkLocation: /default-rack, certSerialId: null} reports an CLOSED replica.
2019-10-16 18:48:56,842 [EventQueue-ContainerReportForContainerReportHandler] WARN  container.ContainerReportHandler (AbstractContainerReportHandler.java:updateContainerState(145)) - Container #1 is in OPEN state, but the datanode c0368dd1-c4a9-4bcb-a2d2-6d6b66c0e12a{ip: 192.168.157.202, host: pr-hdds-2283-rsqnh-1472443098, networkLocation: /default-rack, certSerialId: null} reports an CLOSED replica.
2019-10-16 18:48:57,043 [EventQueue-ContainerReportForContainerReportHandler] WARN  container.ContainerReportHandler (AbstractContainerReportHandler.java:updateContainerState(145)) - Container #1 is in OPEN state, but the datanode c0368dd1-c4a9-4bcb-a2d2-6d6b66c0e12a{ip: 192.168.157.202, host: pr-hdds-2283-rsqnh-1472443098, networkLocation: /default-rack, certSerialId: null} reports an CLOSED replica.
2019-10-16 18:48:57,074 [EventQueue-ContainerReportForContainerReportHandler] WARN  container.ContainerReportHandler (AbstractContainerReportHandler.java:updateContainerState(145)) - Container #1 is in OPEN state, but the datanode 0d5b4e59-aa2f-4fe6-b072-73846da82a05{ip: 192.168.157.202, host: pr-hdds-2283-rsqnh-1472443098, networkLocation: /default-rack, certSerialId: null} reports an CLOSED replica.
2019-10-16 18:48:57,268 [BlockDeletingService#2] WARN  background.BlockDeletingService (BlockDeletingService.java:isDeletionAllowed(187)) - Close Container log Index 6 is not replicated across allthe servers in the pipeline 7043c0de-230d-480f-89cc-753d53b6ddfb as the min replicated index is 4. Deletion is not allowed in this container yet.
2019-10-16 18:48:57,269 [BlockDeletingService#2] WARN  background.BlockDeletingService (BlockDeletingService.java:isDeletionAllowed(187)) - Close Container log Index 6 is not replicated across allthe servers in the pipeline 7043c0de-230d-480f-89cc-753d53b6ddfb as the min replicated index is 4. Deletion is not allowed in this container yet.
2019-10-16 18:48:57,344 [EventQueue-ContainerReportForContainerReportHandler] WARN  container.ContainerReportHandler (AbstractContainerReportHandler.java:updateContainerState(145)) - Container #1 is in OPEN state, but the datanode c0368dd1-c4a9-4bcb-a2d2-6d6b66c0e12a{ip: 192.168.157.202, host: pr-hdds-2283-rsqnh-1472443098, networkLocation: /default-rack, certSerialId: null} reports an CLOSED replica.
2019-10-16 18:48:57,475 [EventQueue-ContainerReportForContainerReportHandler] WARN  container.ContainerReportHandler (AbstractContainerReportHandler.java:updateContainerState(145)) - Container #1 is in OPEN state, but the datanode 0d5b4e59-aa2f-4fe6-b072-73846da82a05{ip: 192.168.157.202, host: pr-hdds-2283-rsqnh-1472443098, networkLocation: /default-rack, certSerialId: null} reports an CLOSED replica.
2019-10-16 18:48:57,645 [EventQueue-ContainerReportForContainerReportHandler] WARN  container.ContainerReportHandler (AbstractContainerReportHandler.java:updateContainerState(145)) - Container #1 is in OPEN state, but the datanode c0368dd1-c4a9-4bcb-a2d2-6d6b66c0e12a{ip: 192.168.157.202, host: pr-hdds-2283-rsqnh-1472443098, networkLocation: /default-rack, certSerialId: null} reports an CLOSED replica.
2019-10-16 18:48:57,675 [EventQueue-ContainerReportForContainerReportHandler] WARN  container.ContainerReportHandler (AbstractContainerReportHandler.java:updateContainerState(145)) - Container #1 is in OPEN state, but the datanode 0d5b4e59-aa2f-4fe6-b072-73846da82a05{ip: 192.168.157.202, host: pr-hdds-2283-rsqnh-1472443098, networkLocation: /default-rack, certSerialId: null} reports an CLOSED replica.
2019-10-16 18:48:57,875 [EventQueue-ContainerReportForContainerReportHandler] WARN  container.ContainerReportHandler (AbstractContainerReportHandler.java:updateContainerState(145)) - Container #1 is in OPEN state, but the datanode 0d5b4e59-aa2f-4fe6-b072-73846da82a05{ip: 192.168.157.202, host: pr-hdds-2283-rsqnh-1472443098, networkLocation: /default-rack, certSerialId: null} reports an CLOSED replica.
2019-10-16 18:48:57,946 [EventQueue-ContainerReportForContainerReportHandler] WARN  container.ContainerReportHandler (AbstractContainerReportHandler.java:updateContainerState(145)) - Container #1 is in OPEN state, but the datanode c0368dd1-c4a9-4bcb-a2d2-6d6b66c0e12a{ip: 192.168.157.202, host: pr-hdds-2283-rsqnh-1472443098, networkLocation: /default-rack, certSerialId: null} reports an CLOSED replica.
2019-10-16 18:48:58,175 [EventQueue-ContainerReportForContainerReportHandler] WARN  container.ContainerReportHandler (AbstractContainerReportHandler.java:updateContainerState(145)) - Container #1 is in OPEN state, but the datanode 0d5b4e59-aa2f-4fe6-b072-73846da82a05{ip: 192.168.157.202, host: pr-hdds-2283-rsqnh-1472443098, networkLocation: /default-rack, certSerialId: null} reports an CLOSED replica.
2019-10-16 18:48:58,269 [BlockDeletingService#2] WARN  background.BlockDeletingService (BlockDeletingService.java:isDeletionAllowed(187)) - Close Container log Index 6 is not replicated across allthe servers in the pipeline 7043c0de-230d-480f-89cc-753d53b6ddfb as the min replicated index is 4. Deletion is not allowed in this container yet.
2019-10-16 18:48:58,270 [BlockDeletingService#2] WARN  background.BlockDeletingService (BlockDeletingService.java:isDeletionAllowed(187)) - Close Container log Index 6 is not replicated across allthe servers in the pipeline 7043c0de-230d-480f-89cc-753d53b6ddfb as the min replicated index is 4. Deletion is not allowed in this container yet.
2019-10-16 18:48:58,347 [EventQueue-ContainerReportForContainerReportHandler] WARN  container.ContainerReportHandler (AbstractContainerReportHandler.java:updateContainerState(145)) - Container #1 is in OPEN state, but the datanode c0368dd1-c4a9-4bcb-a2d2-6d6b66c0e12a{ip: 192.168.157.202, host: pr-hdds-2283-rsqnh-1472443098, networkLocation: /default-rack, certSerialId: null} reports an CLOSED replica.
2019-10-16 18:48:58,450 [java.util.concurrent.ThreadPoolExecutor$Worker@48272572[State = -1, empty queue]] WARN  server.GrpcLogAppender (GrpcLogAppender.java:timeoutAppendRequest(209)) - c0368dd1-c4a9-4bcb-a2d2-6d6b66c0e12a@group-753D53B6DDFB->52bfa4dc-bcba-4693-b6e2-7f231a44b6db-GrpcLogAppender: appendEntries Timeout, request=c0368dd1-c4a9-4bcb-a2d2-6d6b66c0e12a->52bfa4dc-bcba-4693-b6e2-7f231a44b6db#48-t4, previous=(t:4, i:10), leaderCommit=10, initializing? false, entries: <empty>
2019-10-16 18:48:58,575 [EventQueue-ContainerReportForContainerReportHandler] WARN  container.ContainerReportHandler (AbstractContainerReportHandler.java:updateContainerState(145)) - Container #1 is in OPEN state, but the datanode 0d5b4e59-aa2f-4fe6-b072-73846da82a05{ip: 192.168.157.202, host: pr-hdds-2283-rsqnh-1472443098, networkLocation: /default-rack, certSerialId: null} reports an CLOSED replica.
2019-10-16 18:48:58,648 [EventQueue-ContainerReportForContainerReportHandler] WARN  container.ContainerReportHandler (AbstractContainerReportHandler.java:updateContainerState(145)) - Container #1 is in OPEN state, but the datanode c0368dd1-c4a9-4bcb-a2d2-6d6b66c0e12a{ip: 192.168.157.202, host: pr-hdds-2283-rsqnh-1472443098, networkLocation: /default-rack, certSerialId: null} reports an CLOSED replica.
2019-10-16 18:48:58,949 [EventQueue-ContainerReportForContainerReportHandler] WARN  container.ContainerReportHandler (AbstractContainerReportHandler.java:updateContainerState(145)) - Container #1 is in OPEN state, but the datanode c0368dd1-c4a9-4bcb-a2d2-6d6b66c0e12a{ip: 192.168.157.202, host: pr-hdds-2283-rsqnh-1472443098, networkLocation: /default-rack, certSerialId: null} reports an CLOSED replica.
2019-10-16 18:48:58,975 [EventQueue-ContainerReportForContainerReportHandler] WARN  container.ContainerReportHandler (AbstractContainerReportHandler.java:updateContainerState(145)) - Container #1 is in OPEN state, but the datanode 0d5b4e59-aa2f-4fe6-b072-73846da82a05{ip: 192.168.157.202, host: pr-hdds-2283-rsqnh-1472443098, networkLocation: /default-rack, certSerialId: null} reports an CLOSED replica.
2019-10-16 18:48:59,148 [EventQueue-ContainerReportForContainerReportHandler] WARN  container.ContainerReportHandler (AbstractContainerReportHandler.java:updateContainerState(145)) - Container #1 is in OPEN state, but the datanode c0368dd1-c4a9-4bcb-a2d2-6d6b66c0e12a{ip: 192.168.157.202, host: pr-hdds-2283-rsqnh-1472443098, networkLocation: /default-rack, certSerialId: null} reports an CLOSED replica.
2019-10-16 18:48:59,271 [BlockDeletingService#2] WARN  background.BlockDeletingService (BlockDeletingService.java:isDeletionAllowed(187)) - Close Container log Index 6 is not replicated across allthe servers in the pipeline 7043c0de-230d-480f-89cc-753d53b6ddfb as the min replicated index is 4. Deletion is not allowed in this container yet.
2019-10-16 18:48:59,272 [BlockDeletingService#2] WARN  background.BlockDeletingService (BlockDeletingService.java:isDeletionAllowed(187)) - Close Container log Index 6 is not replicated across allthe servers in the pipeline 7043c0de-230d-480f-89cc-753d53b6ddfb as the min replicated index is 4. Deletion is not allowed in this container yet.
2019-10-16 18:48:59,276 [EventQueue-ContainerReportForContainerReportHandler] WARN  container.ContainerReportHandler (AbstractContainerReportHandler.java:updateContainerState(145)) - Container #1 is in OPEN state, but the datanode 0d5b4e59-aa2f-4fe6-b072-73846da82a05{ip: 192.168.157.202, host: pr-hdds-2283-rsqnh-1472443098, networkLocation: /default-rack, certSerialId: null} reports an CLOSED replica.
2019-10-16 18:48:59,476 [EventQueue-ContainerReportForContainerReportHandler] WARN  container.ContainerReportHandler (AbstractContainerReportHandler.java:updateContainerState(145)) - Container #1 is in OPEN state, but the datanode 0d5b4e59-aa2f-4fe6-b072-73846da82a05{ip: 192.168.157.202, host: pr-hdds-2283-rsqnh-1472443098, networkLocation: /default-rack, certSerialId: null} reports an CLOSED replica.
2019-10-16 18:48:59,548 [EventQueue-ContainerReportForContainerReportHandler] WARN  container.ContainerReportHandler (AbstractContainerReportHandler.java:updateContainerState(145)) - Container #1 is in OPEN state, but the datanode c0368dd1-c4a9-4bcb-a2d2-6d6b66c0e12a{ip: 192.168.157.202, host: pr-hdds-2283-rsqnh-1472443098, networkLocation: /default-rack, certSerialId: null} reports an CLOSED replica.
2019-10-16 18:48:59,776 [EventQueue-ContainerReportForContainerReportHandler] WARN  container.ContainerReportHandler (AbstractContainerReportHandler.java:updateContainerState(145)) - Container #1 is in OPEN state, but the datanode 0d5b4e59-aa2f-4fe6-b072-73846da82a05{ip: 192.168.157.202, host: pr-hdds-2283-rsqnh-1472443098, networkLocation: /default-rack, certSerialId: null} reports an CLOSED replica.
2019-10-16 18:48:59,949 [EventQueue-ContainerReportForContainerReportHandler] WARN  container.ContainerReportHandler (AbstractContainerReportHandler.java:updateContainerState(145)) - Container #1 is in OPEN state, but the datanode c0368dd1-c4a9-4bcb-a2d2-6d6b66c0e12a{ip: 192.168.157.202, host: pr-hdds-2283-rsqnh-1472443098, networkLocation: /default-rack, certSerialId: null} reports an CLOSED replica.
2019-10-16 18:48:59,976 [EventQueue-ContainerReportForContainerReportHandler] WARN  container.ContainerReportHandler (AbstractContainerReportHandler.java:updateContainerState(145)) - Container #1 is in OPEN state, but the datanode 0d5b4e59-aa2f-4fe6-b072-73846da82a05{ip: 192.168.157.202, host: pr-hdds-2283-rsqnh-1472443098, networkLocation: /default-rack, certSerialId: null} reports an CLOSED replica.
2019-10-16 18:49:00,117 [Thread-531] INFO  client.GrpcClientProtocolService (GrpcClientProtocolService.java:lambda$processClientRequest$0(278)) - Failed RaftClientRequest:client-F1A042848956->0d5b4e59-aa2f-4fe6-b072-73846da82a05@group-753D53B6DDFB, cid=10, seq=0, Watch-ALL_COMMITTED(6), Message:<EMPTY>, reply=RaftClientReply:client-F1A042848956->0d5b4e59-aa2f-4fe6-b072-73846da82a05@group-753D53B6DDFB, cid=10, FAILED org.apache.ratis.protocol.NotLeaderException: Server 0d5b4e59-aa2f-4fe6-b072-73846da82a05@group-753D53B6DDFB is not the leader c0368dd1-c4a9-4bcb-a2d2-6d6b66c0e12a:192.168.157.202:44847, logIndex=0, commits[0d5b4e59-aa2f-4fe6-b072-73846da82a05:c10, 52bfa4dc-bcba-4693-b6e2-7f231a44b6db:c4, c0368dd1-c4a9-4bcb-a2d2-6d6b66c0e12a:c10]
2019-10-16 18:49:00,249 [EventQueue-ContainerReportForContainerReportHandler] WARN  container.ContainerReportHandler (AbstractContainerReportHandler.java:updateContainerState(145)) - Container #1 is in OPEN state, but the datanode c0368dd1-c4a9-4bcb-a2d2-6d6b66c0e12a{ip: 192.168.157.202, host: pr-hdds-2283-rsqnh-1472443098, networkLocation: /default-rack, certSerialId: null} reports an CLOSED replica.
2019-10-16 18:49:00,273 [BlockDeletingService#2] WARN  background.BlockDeletingService (BlockDeletingService.java:isDeletionAllowed(187)) - Close Container log Index 6 is not replicated across allthe servers in the pipeline 7043c0de-230d-480f-89cc-753d53b6ddfb as the min replicated index is 4. Deletion is not allowed in this container yet.
2019-10-16 18:49:00,274 [BlockDeletingService#2] WARN  background.BlockDeletingService (BlockDeletingService.java:isDeletionAllowed(187)) - Close Container log Index 6 is not replicated across allthe servers in the pipeline 7043c0de-230d-480f-89cc-753d53b6ddfb as the min replicated index is 4. Deletion is not allowed in this container yet.
2019-10-16 18:49:00,277 [EventQueue-ContainerReportForContainerReportHandler] WARN  container.ContainerReportHandler (AbstractContainerReportHandler.java:updateContainerState(145)) - Container #1 is in OPEN state, but the datanode 0d5b4e59-aa2f-4fe6-b072-73846da82a05{ip: 192.168.157.202, host: pr-hdds-2283-rsqnh-1472443098, networkLocation: /default-rack, certSerialId: null} reports an CLOSED replica.
2019-10-16 18:49:00,449 [EventQueue-ContainerReportForContainerReportHandler] WARN  container.ContainerReportHandler (AbstractContainerReportHandler.java:updateContainerState(145)) - Container #1 is in OPEN state, but the datanode c0368dd1-c4a9-4bcb-a2d2-6d6b66c0e12a{ip: 192.168.157.202, host: pr-hdds-2283-rsqnh-1472443098, networkLocation: /default-rack, certSerialId: null} reports an CLOSED replica.
2019-10-16 18:49:00,577 [EventQueue-ContainerReportForContainerReportHandler] WARN  container.ContainerReportHandler (AbstractContainerReportHandler.java:updateContainerState(145)) - Container #1 is in OPEN state, but the datanode 0d5b4e59-aa2f-4fe6-b072-73846da82a05{ip: 192.168.157.202, host: pr-hdds-2283-rsqnh-1472443098, networkLocation: /default-rack, certSerialId: null} reports an CLOSED replica.
2019-10-16 18:49:00,749 [EventQueue-ContainerReportForContainerReportHandler] WARN  container.ContainerReportHandler (AbstractContainerReportHandler.java:updateContainerState(145)) - Container #1 is in OPEN state, but the datanode c0368dd1-c4a9-4bcb-a2d2-6d6b66c0e12a{ip: 192.168.157.202, host: pr-hdds-2283-rsqnh-1472443098, networkLocation: /default-rack, certSerialId: null} reports an CLOSED replica.
2019-10-16 18:49:00,877 [EventQueue-ContainerReportForContainerReportHandler] WARN  container.ContainerReportHandler (AbstractContainerReportHandler.java:updateContainerState(145)) - Container #1 is in OPEN state, but the datanode 0d5b4e59-aa2f-4fe6-b072-73846da82a05{ip: 192.168.157.202, host: pr-hdds-2283-rsqnh-1472443098, networkLocation: /default-rack, certSerialId: null} reports an CLOSED replica.
2019-10-16 18:49:00,951 [java.util.concurrent.ThreadPoolExecutor$Worker@48272572[State = -1, empty queue]] WARN  server.GrpcLogAppender (GrpcLogAppender.java:timeoutAppendRequest(209)) - c0368dd1-c4a9-4bcb-a2d2-6d6b66c0e12a@group-753D53B6DDFB->52bfa4dc-bcba-4693-b6e2-7f231a44b6db-GrpcLogAppender: appendEntries Timeout, request=c0368dd1-c4a9-4bcb-a2d2-6d6b66c0e12a->52bfa4dc-bcba-4693-b6e2-7f231a44b6db#49-t4, previous=(t:4, i:10), leaderCommit=10, initializing? false, entries: <empty>
2019-10-16 18:49:01,051 [EventQueue-ContainerReportForContainerReportHandler] WARN  container.ContainerReportHandler (AbstractContainerReportHandler.java:updateContainerState(145)) - Container #1 is in OPEN state, but the datanode c0368dd1-c4a9-4bcb-a2d2-6d6b66c0e12a{ip: 192.168.157.202, host: pr-hdds-2283-rsqnh-1472443098, networkLocation: /default-rack, certSerialId: null} reports an CLOSED replica.
2019-10-16 18:49:01,177 [EventQueue-ContainerReportForContainerReportHandler] WARN  container.ContainerReportHandler (AbstractContainerReportHandler.java:updateContainerState(145)) - Container #1 is in OPEN state, but the datanode 0d5b4e59-aa2f-4fe6-b072-73846da82a05{ip: 192.168.157.202, host: pr-hdds-2283-rsqnh-1472443098, networkLocation: /default-rack, certSerialId: null} reports an CLOSED replica.
2019-10-16 18:49:01,275 [BlockDeletingService#2] WARN  background.BlockDeletingService (BlockDeletingService.java:isDeletionAllowed(187)) - Close Container log Index 6 is not replicated across allthe servers in the pipeline 7043c0de-230d-480f-89cc-753d53b6ddfb as the min replicated index is 4. Deletion is not allowed in this container yet.
2019-10-16 18:49:01,275 [BlockDeletingService#2] WARN  background.BlockDeletingService (BlockDeletingService.java:isDeletionAllowed(187)) - Close Container log Index 6 is not replicated across allthe servers in the pipeline 7043c0de-230d-480f-89cc-753d53b6ddfb as the min replicated index is 4. Deletion is not allowed in this container yet.
2019-10-16 18:49:01,452 [EventQueue-ContainerReportForContainerReportHandler] WARN  container.ContainerReportHandler (AbstractContainerReportHandler.java:updateContainerState(145)) - Container #1 is in OPEN state, but the datanode c0368dd1-c4a9-4bcb-a2d2-6d6b66c0e12a{ip: 192.168.157.202, host: pr-hdds-2283-rsqnh-1472443098, networkLocation: /default-rack, certSerialId: null} reports an CLOSED replica.
2019-10-16 18:49:01,478 [EventQueue-ContainerReportForContainerReportHandler] WARN  container.ContainerReportHandler (AbstractContainerReportHandler.java:updateContainerState(145)) - Container #1 is in OPEN state, but the datanode 0d5b4e59-aa2f-4fe6-b072-73846da82a05{ip: 192.168.157.202, host: pr-hdds-2283-rsqnh-1472443098, networkLocation: /default-rack, certSerialId: null} reports an CLOSED replica.
2019-10-16 18:49:01,584 [Thread-539] INFO  client.GrpcClientProtocolService (GrpcClientProtocolService.java:lambda$processClientRequest$0(278)) - Failed RaftClientRequest:client-F1A042848956->c0368dd1-c4a9-4bcb-a2d2-6d6b66c0e12a@group-753D53B6DDFB, cid=10, seq=0, Watch-ALL_COMMITTED(6), Message:<EMPTY>, reply=RaftClientReply:client-F1A042848956->c0368dd1-c4a9-4bcb-a2d2-6d6b66c0e12a@group-753D53B6DDFB, cid=10, FAILED org.apache.ratis.protocol.NotReplicatedException: Request with call Id 10 and log index 6 is not yet replicated to ALL_COMMITTED, logIndex=6, commits[c0368dd1-c4a9-4bcb-a2d2-6d6b66c0e12a:c10, 0d5b4e59-aa2f-4fe6-b072-73846da82a05:c10, 52bfa4dc-bcba-4693-b6e2-7f231a44b6db:c4]
2019-10-16 18:49:01,653 [EventQueue-ContainerReportForContainerReportHandler] WARN  container.ContainerReportHandler (AbstractContainerReportHandler.java:updateContainerState(145)) - Container #1 is in OPEN state, but the datanode c0368dd1-c4a9-4bcb-a2d2-6d6b66c0e12a{ip: 192.168.157.202, host: pr-hdds-2283-rsqnh-1472443098, networkLocation: /default-rack, certSerialId: null} reports an CLOSED replica.
2019-10-16 18:49:01,779 [EventQueue-ContainerReportForContainerReportHandler] WARN  container.ContainerReportHandler (AbstractContainerReportHandler.java:updateContainerState(145)) - Container #1 is in OPEN state, but the datanode 0d5b4e59-aa2f-4fe6-b072-73846da82a05{ip: 192.168.157.202, host: pr-hdds-2283-rsqnh-1472443098, networkLocation: /default-rack, certSerialId: null} reports an CLOSED replica.
2019-10-16 18:49:01,852 [EventQueue-ContainerReportForContainerReportHandler] WARN  container.ContainerReportHandler (AbstractContainerReportHandler.java:updateContainerState(145)) - Container #1 is in OPEN state, but the datanode c0368dd1-c4a9-4bcb-a2d2-6d6b66c0e12a{ip: 192.168.157.202, host: pr-hdds-2283-rsqnh-1472443098, networkLocation: /default-rack, certSerialId: null} reports an CLOSED replica.
2019-10-16 18:49:02,078 [EventQueue-ContainerReportForContainerReportHandler] WARN  container.ContainerReportHandler (AbstractContainerReportHandler.java:updateContainerState(145)) - Container #1 is in OPEN state, but the datanode 0d5b4e59-aa2f-4fe6-b072-73846da82a05{ip: 192.168.157.202, host: pr-hdds-2283-rsqnh-1472443098, networkLocation: /default-rack, certSerialId: null} reports an CLOSED replica.
2019-10-16 18:49:02,152 [EventQueue-ContainerReportForContainerReportHandler] WARN  container.ContainerReportHandler (AbstractContainerReportHandler.java:updateContainerState(145)) - Container #1 is in OPEN state, but the datanode c0368dd1-c4a9-4bcb-a2d2-6d6b66c0e12a{ip: 192.168.157.202, host: pr-hdds-2283-rsqnh-1472443098, networkLocation: /default-rack, certSerialId: null} reports an CLOSED replica.
2019-10-16 18:49:02,277 [BlockDeletingService#2] WARN  background.BlockDeletingService (BlockDeletingService.java:isDeletionAllowed(187)) - Close Container log Index 6 is not replicated across allthe servers in the pipeline 7043c0de-230d-480f-89cc-753d53b6ddfb as the min replicated index is 4. Deletion is not allowed in this container yet.
2019-10-16 18:49:02,278 [BlockDeletingService#2] WARN  background.BlockDeletingService (BlockDeletingService.java:isDeletionAllowed(187)) - Close Container log Index 6 is not replicated across allthe servers in the pipeline 7043c0de-230d-480f-89cc-753d53b6ddfb as the min replicated index is 4. Deletion is not allowed in this container yet.
2019-10-16 18:49:02,378 [EventQueue-ContainerReportForContainerReportHandler] WARN  container.ContainerReportHandler (AbstractContainerReportHandler.java:updateContainerState(145)) - Container #1 is in OPEN state, but the datanode 0d5b4e59-aa2f-4fe6-b072-73846da82a05{ip: 192.168.157.202, host: pr-hdds-2283-rsqnh-1472443098, networkLocation: /default-rack, certSerialId: null} reports an CLOSED replica.
2019-10-16 18:49:02,453 [EventQueue-ContainerReportForContainerReportHandler] WARN  container.ContainerReportHandler (AbstractContainerReportHandler.java:updateContainerState(145)) - Container #1 is in OPEN state, but the datanode c0368dd1-c4a9-4bcb-a2d2-6d6b66c0e12a{ip: 192.168.157.202, host: pr-hdds-2283-rsqnh-1472443098, networkLocation: /default-rack, certSerialId: null} reports an CLOSED replica.
2019-10-16 18:49:02,578 [EventQueue-ContainerReportForContainerReportHandler] WARN  container.ContainerReportHandler (AbstractContainerReportHandler.java:updateContainerState(145)) - Container #1 is in OPEN state, but the datanode 0d5b4e59-aa2f-4fe6-b072-73846da82a05{ip: 192.168.157.202, host: pr-hdds-2283-rsqnh-1472443098, networkLocation: /default-rack, certSerialId: null} reports an CLOSED replica.
2019-10-16 18:49:02,601 [EventQueue-StaleNodeForStaleNodeHandler] INFO  node.StaleNodeHandler (StaleNodeHandler.java:onMessage(58)) - Datanode 52bfa4dc-bcba-4693-b6e2-7f231a44b6db{ip: 192.168.157.202, host: pr-hdds-2283-rsqnh-1472443098, networkLocation: /default-rack, certSerialId: null} moved to stale state. Finalizing its pipelines [PipelineID=7043c0de-230d-480f-89cc-753d53b6ddfb, PipelineID=2f628aaf-9e31-4db5-8196-650b45b72909]
2019-10-16 18:49:02,601 [EventQueue-StaleNodeForStaleNodeHandler] INFO  pipeline.SCMPipelineManager (SCMPipelineManager.java:finalizeAndDestroyPipeline(315)) - destroying pipeline:Pipeline[ Id: 7043c0de-230d-480f-89cc-753d53b6ddfb, Nodes: 0d5b4e59-aa2f-4fe6-b072-73846da82a05{ip: 192.168.157.202, host: pr-hdds-2283-rsqnh-1472443098, networkLocation: /default-rack, certSerialId: null}52bfa4dc-bcba-4693-b6e2-7f231a44b6db{ip: 192.168.157.202, host: pr-hdds-2283-rsqnh-1472443098, networkLocation: /default-rack, certSerialId: null}c0368dd1-c4a9-4bcb-a2d2-6d6b66c0e12a{ip: 192.168.157.202, host: pr-hdds-2283-rsqnh-1472443098, networkLocation: /default-rack, certSerialId: null}, Type:RATIS, Factor:THREE, State:OPEN]
2019-10-16 18:49:02,602 [EventQueue-StaleNodeForStaleNodeHandler] INFO  pipeline.PipelineStateManager (PipelineStateManager.java:finalizePipeline(123)) - Pipeline Pipeline[ Id: 7043c0de-230d-480f-89cc-753d53b6ddfb, Nodes: 0d5b4e59-aa2f-4fe6-b072-73846da82a05{ip: 192.168.157.202, host: pr-hdds-2283-rsqnh-1472443098, networkLocation: /default-rack, certSerialId: null}52bfa4dc-bcba-4693-b6e2-7f231a44b6db{ip: 192.168.157.202, host: pr-hdds-2283-rsqnh-1472443098, networkLocation: /default-rack, certSerialId: null}c0368dd1-c4a9-4bcb-a2d2-6d6b66c0e12a{ip: 192.168.157.202, host: pr-hdds-2283-rsqnh-1472443098, networkLocation: /default-rack, certSerialId: null}, Type:RATIS, Factor:THREE, State:CLOSED] moved to CLOSED state
2019-10-16 18:49:02,603 [EventQueue-CloseContainerForCloseContainerEventHandler] INFO  container.CloseContainerEventHandler (CloseContainerEventHandler.java:onMessage(61)) - Close container Event triggered for container : #1
2019-10-16 18:49:02,605 [EventQueue-StaleNodeForStaleNodeHandler] INFO  pipeline.SCMPipelineManager (SCMPipelineManager.java:finalizeAndDestroyPipeline(315)) - destroying pipeline:Pipeline[ Id: 2f628aaf-9e31-4db5-8196-650b45b72909, Nodes: 52bfa4dc-bcba-4693-b6e2-7f231a44b6db{ip: 192.168.157.202, host: pr-hdds-2283-rsqnh-1472443098, networkLocation: /default-rack, certSerialId: null}, Type:RATIS, Factor:ONE, State:OPEN]
2019-10-16 18:49:02,606 [EventQueue-StaleNodeForStaleNodeHandler] INFO  pipeline.PipelineStateManager (PipelineStateManager.java:finalizePipeline(123)) - Pipeline Pipeline[ Id: 2f628aaf-9e31-4db5-8196-650b45b72909, Nodes: 52bfa4dc-bcba-4693-b6e2-7f231a44b6db{ip: 192.168.157.202, host: pr-hdds-2283-rsqnh-1472443098, networkLocation: /default-rack, certSerialId: null}, Type:RATIS, Factor:ONE, State:CLOSED] moved to CLOSED state
2019-10-16 18:49:02,753 [EventQueue-ContainerReportForContainerReportHandler] INFO  container.ContainerReportHandler (AbstractContainerReportHandler.java:updateContainerState(178)) - Moving container #1 to CLOSED state, datanode c0368dd1-c4a9-4bcb-a2d2-6d6b66c0e12a{ip: 192.168.157.202, host: pr-hdds-2283-rsqnh-1472443098, networkLocation: /default-rack, certSerialId: null} reported CLOSED replica.
2019-10-16 18:49:03,007 [SCMBlockDeletingService#1] INFO  block.SCMBlockDeletingService (SCMBlockDeletingService.java:call(184)) - Totally added 3 delete blocks command for 3 datanodes, task elapsed time: 5ms
2019-10-16 18:49:03,054 [EventQueue-PendingDeleteStatusForPendingDeleteHandler] INFO  block.SCMBlockDeletingService (SCMBlockDeletingService.java:handlePendingDeletes(115)) - Block deletion txnID mismatch in datanode c0368dd1-c4a9-4bcb-a2d2-6d6b66c0e12a for containerID 1. Datanode delete txnID: 0, SCM txnID: 1
2019-10-16 18:49:03,178 [EventQueue-PendingDeleteStatusForPendingDeleteHandler] INFO  block.SCMBlockDeletingService (SCMBlockDeletingService.java:handlePendingDeletes(115)) - Block deletion txnID mismatch in datanode 0d5b4e59-aa2f-4fe6-b072-73846da82a05 for containerID 1. Datanode delete txnID: 0, SCM txnID: 1
2019-10-16 18:49:03,254 [EventQueue-PendingDeleteStatusForPendingDeleteHandler] INFO  block.SCMBlockDeletingService (SCMBlockDeletingService.java:handlePendingDeletes(115)) - Block deletion txnID mismatch in datanode c0368dd1-c4a9-4bcb-a2d2-6d6b66c0e12a for containerID 1. Datanode delete txnID: 0, SCM txnID: 1
2019-10-16 18:49:03,255 [Command processor thread] INFO  commandhandler.DeleteBlocksCommandHandler (DeleteBlocksCommandHandler.java:handle(106)) - Start to delete container blocks, TXIDs=[1(0)], numOfContainers=1, numOfBlocks=1
2019-10-16 18:49:03,279 [BlockDeletingService#2] WARN  background.BlockDeletingService (BlockDeletingService.java:isDeletionAllowed(187)) - Close Container log Index 6 is not replicated across allthe servers in the pipeline 7043c0de-230d-480f-89cc-753d53b6ddfb as the min replicated index is 4. Deletion is not allowed in this container yet.
2019-10-16 18:49:03,279 [BlockDeletingService#2] WARN  background.BlockDeletingService (BlockDeletingService.java:isDeletionAllowed(187)) - Close Container log Index 6 is not replicated across allthe servers in the pipeline 7043c0de-230d-480f-89cc-753d53b6ddfb as the min replicated index is 4. Deletion is not allowed in this container yet.
2019-10-16 18:49:03,452 [java.util.concurrent.ThreadPoolExecutor$Worker@48272572[State = -1, empty queue]] WARN  server.GrpcLogAppender (GrpcLogAppender.java:timeoutAppendRequest(209)) - c0368dd1-c4a9-4bcb-a2d2-6d6b66c0e12a@group-753D53B6DDFB->52bfa4dc-bcba-4693-b6e2-7f231a44b6db-GrpcLogAppender: appendEntries Timeout, request=c0368dd1-c4a9-4bcb-a2d2-6d6b66c0e12a->52bfa4dc-bcba-4693-b6e2-7f231a44b6db#50-t4, previous=(t:4, i:10), leaderCommit=10, initializing? false, entries: <empty>
2019-10-16 18:49:03,511 [main] INFO  impl.MetricsSystemImpl (MetricsSystemImpl.java:init(158)) - HddsDatanode metrics system started (again)
2019-10-16 18:49:03,561 [main] INFO  ozone.HddsDatanodeService (HddsDatanodeService.java:start(184)) - HddsDatanodeService host:pr-hdds-2283-rsqnh-1472443098 ip:192.168.157.202
2019-10-16 18:49:03,565 [main] INFO  volume.VolumeUsage (VolumeUsage.java:loadScmUsed(144)) - Cached ScmUsed found for /workdir/hadoop-ozone/integration-test/target/test-dir/MiniOzoneClusterImpl-4345c778-bde4-42fc-980f-03f2a0663661/datanode-2/data/containers : 4096 
2019-10-16 18:49:03,566 [main] INFO  volume.HddsVolume (HddsVolume.java:<init>(176)) - Creating Volume: /workdir/hadoop-ozone/integration-test/target/test-dir/MiniOzoneClusterImpl-4345c778-bde4-42fc-980f-03f2a0663661/datanode-2/data/containers/hdds of  storage type : DISK and capacity : 1482555576320
2019-10-16 18:49:03,566 [main] INFO  volume.VolumeSet (VolumeSet.java:initializeVolumeSet(170)) - Added Volume : /workdir/hadoop-ozone/integration-test/target/test-dir/MiniOzoneClusterImpl-4345c778-bde4-42fc-980f-03f2a0663661/datanode-2/data/containers/hdds to VolumeSet
2019-10-16 18:49:03,566 [main] INFO  volume.ThrottledAsyncChecker (ThrottledAsyncChecker.java:schedule(141)) - Scheduling a check for /workdir/hadoop-ozone/integration-test/target/test-dir/MiniOzoneClusterImpl-4345c778-bde4-42fc-980f-03f2a0663661/datanode-2/data/containers/hdds
2019-10-16 18:49:03,567 [main] INFO  volume.HddsVolumeChecker (HddsVolumeChecker.java:checkAllVolumes(204)) - Scheduled health check for volume /workdir/hadoop-ozone/integration-test/target/test-dir/MiniOzoneClusterImpl-4345c778-bde4-42fc-980f-03f2a0663661/datanode-2/data/containers/hdds
2019-10-16 18:49:03,578 [EventQueue-PendingDeleteStatusForPendingDeleteHandler] INFO  block.SCMBlockDeletingService (SCMBlockDeletingService.java:handlePendingDeletes(115)) - Block deletion txnID mismatch in datanode 0d5b4e59-aa2f-4fe6-b072-73846da82a05 for containerID 1. Datanode delete txnID: 0, SCM txnID: 1
2019-10-16 18:49:03,615 [main] INFO  impl.RaftServerProxy (ConfUtils.java:logGet(43)) - raft.rpc.type = GRPC (default)
2019-10-16 18:49:03,615 [main] INFO  grpc.GrpcFactory (GrpcFactory.java:checkPooledByteBufAllocatorUseCacheForAllThreads(45)) - PERFORMANCE WARNING: useCacheForAllThreads is true that may cause Netty to create a lot garbage objects and, as a result, trigger GC.
	It is recommended to disable useCacheForAllThreads by setting -Dorg.apache.ratis.thirdparty.io.netty.allocator.useCacheForAllThreads=false in command line.
2019-10-16 18:49:03,616 [main] INFO  grpc.GrpcConfigKeys$Server (ConfUtils.java:logGet(43)) - raft.grpc.server.port = 43025 (custom)
2019-10-16 18:49:03,616 [main] INFO  server.GrpcService (ConfUtils.java:logGet(43)) - raft.grpc.message.size.max = 33570816 (custom)
2019-10-16 18:49:03,616 [main] INFO  server.RaftServerConfigKeys (ConfUtils.java:logGet(43)) - raft.server.log.appender.buffer.byte-limit = 33554432 (custom)
2019-10-16 18:49:03,616 [main] INFO  server.GrpcService (ConfUtils.java:logGet(43)) - raft.grpc.flow.control.window = 1MB (=1048576) (default)
2019-10-16 18:49:03,616 [main] INFO  server.RaftServerConfigKeys (ConfUtils.java:logGet(43)) - raft.server.rpc.request.timeout = 3000ms (default)
2019-10-16 18:49:03,617 [main] INFO  server.RaftServerConfigKeys (ConfUtils.java:logGet(43)) - raft.server.storage.dir = [/workdir/hadoop-ozone/integration-test/target/test-dir/MiniOzoneClusterImpl-4345c778-bde4-42fc-980f-03f2a0663661/datanode-2/data/ratis] (custom)
2019-10-16 18:49:03,617 [main] INFO  impl.RaftServerProxy (RaftServerProxy.java:lambda$null$0(191)) - 52bfa4dc-bcba-4693-b6e2-7f231a44b6db: found a subdirectory /workdir/hadoop-ozone/integration-test/target/test-dir/MiniOzoneClusterImpl-4345c778-bde4-42fc-980f-03f2a0663661/datanode-2/data/ratis/2f628aaf-9e31-4db5-8196-650b45b72909
2019-10-16 18:49:03,618 [main] INFO  impl.RaftServerProxy (RaftServerProxy.java:addNew(89)) - 52bfa4dc-bcba-4693-b6e2-7f231a44b6db: addNew group-650B45B72909:[] returns group-650B45B72909:java.util.concurrent.CompletableFuture@1d61a348[Not completed]
2019-10-16 18:49:03,619 [main] INFO  impl.RaftServerProxy (RaftServerProxy.java:lambda$null$0(191)) - 52bfa4dc-bcba-4693-b6e2-7f231a44b6db: found a subdirectory /workdir/hadoop-ozone/integration-test/target/test-dir/MiniOzoneClusterImpl-4345c778-bde4-42fc-980f-03f2a0663661/datanode-2/data/ratis/7043c0de-230d-480f-89cc-753d53b6ddfb
2019-10-16 18:49:03,619 [main] INFO  impl.RaftServerProxy (RaftServerProxy.java:addNew(89)) - 52bfa4dc-bcba-4693-b6e2-7f231a44b6db: addNew group-753D53B6DDFB:[] returns group-753D53B6DDFB:java.util.concurrent.CompletableFuture@78a515e4[Not completed]
2019-10-16 18:49:03,622 [main] INFO  hdfs.DFSUtil (DFSUtil.java:httpServerTemplateForNNAndJN(1641)) - Starting Web-server for hddsDatanode at: http://0.0.0.0:33381
2019-10-16 18:49:03,622 [pool-59-thread-1] INFO  impl.RaftServerImpl (RaftServerImpl.java:<init>(104)) - 52bfa4dc-bcba-4693-b6e2-7f231a44b6db: new RaftServerImpl for group-650B45B72909:[] with ContainerStateMachine:uninitialized
2019-10-16 18:49:03,623 [pool-59-thread-1] INFO  server.RaftServerConfigKeys (ConfUtils.java:logGet(43)) - raft.server.rpc.timeout.min = 5s (custom)
2019-10-16 18:49:03,623 [pool-59-thread-1] INFO  server.RaftServerConfigKeys (ConfUtils.java:logGet(43)) - raft.server.rpc.timeout.max = 5200ms (custom)
2019-10-16 18:49:03,623 [pool-59-thread-1] INFO  server.RaftServerConfigKeys (ConfUtils.java:logGet(43)) - raft.server.rpcslowness.timeout = 1000s (custom)
2019-10-16 18:49:03,623 [pool-59-thread-1] INFO  server.RaftServerConfigKeys (ConfUtils.java:logGet(43)) - raft.server.sleep.deviation.threshold = 300 (default)
2019-10-16 18:49:03,623 [pool-59-thread-1] INFO  server.RaftServerConfigKeys (ConfUtils.java:logGet(43)) - raft.server.log.appender.install.snapshot.enabled = false (custom)
2019-10-16 18:49:03,624 [pool-59-thread-1] INFO  impl.RaftServerImpl (ServerState.java:<init>(103)) - 52bfa4dc-bcba-4693-b6e2-7f231a44b6db@group-650B45B72909: ConfigurationManager, init=-1: [], old=null, confs=<EMPTY_MAP>
2019-10-16 18:49:03,624 [pool-59-thread-1] INFO  server.RaftServerConfigKeys (ConfUtils.java:logGet(43)) - raft.server.storage.dir = [/workdir/hadoop-ozone/integration-test/target/test-dir/MiniOzoneClusterImpl-4345c778-bde4-42fc-980f-03f2a0663661/datanode-2/data/ratis] (custom)
2019-10-16 18:49:03,625 [pool-59-thread-1] INFO  server.RaftServerConfigKeys (ConfUtils.java:logGet(43)) - raft.server.log.corruption.policy = EXCEPTION (default)
2019-10-16 18:49:03,625 [main] INFO  server.AuthenticationFilter (AuthenticationFilter.java:constructSecretProvider(240)) - Unable to initialize FileSignerSecretProvider, falling back to use random secrets.
2019-10-16 18:49:03,625 [main] WARN  http.HttpRequestLog (HttpRequestLog.java:getRequestLog(97)) - Jetty request log can only be enabled using Log4j
2019-10-16 18:49:03,627 [main] INFO  http.HttpServer2 (HttpServer2.java:addGlobalFilter(975)) - Added global filter 'safety' (class=org.apache.hadoop.http.HttpServer2$QuotingInputFilter)
2019-10-16 18:49:03,628 [main] INFO  http.HttpServer2 (HttpServer2.java:addFilter(948)) - Added filter static_user_filter (class=org.apache.hadoop.http.lib.StaticUserWebFilter$StaticUserFilter) to context hddsDatanode
2019-10-16 18:49:03,628 [main] INFO  http.HttpServer2 (HttpServer2.java:addFilter(958)) - Added filter static_user_filter (class=org.apache.hadoop.http.lib.StaticUserWebFilter$StaticUserFilter) to context logs
2019-10-16 18:49:03,628 [main] INFO  http.HttpServer2 (HttpServer2.java:addFilter(958)) - Added filter static_user_filter (class=org.apache.hadoop.http.lib.StaticUserWebFilter$StaticUserFilter) to context static
2019-10-16 18:49:03,629 [main] INFO  http.HttpServer2 (HttpServer2.java:bindListener(1191)) - Jetty bound to port 33381
2019-10-16 18:49:03,630 [main] INFO  server.Server (Server.java:doStart(351)) - jetty-9.3.25.v20180904, build timestamp: 2018-09-04T21:11:46Z, git hash: 3ce520221d0240229c862b122d2b06c12a625732
2019-10-16 18:49:03,632 [main] INFO  handler.ContextHandler (ContextHandler.java:doStart(781)) - Started o.e.j.s.ServletContextHandler@1e236278{/logs,file:///workdir/hadoop-ozone/integration-test/target/log,AVAILABLE}
2019-10-16 18:49:03,632 [main] INFO  handler.ContextHandler (ContextHandler.java:doStart(781)) - Started o.e.j.s.ServletContextHandler@1fc713c9{/static,jar:file:/home/user/.m2/repository/org/apache/hadoop/hadoop-hdds-container-service/0.5.0-SNAPSHOT/hadoop-hdds-container-service-0.5.0-SNAPSHOT.jar!/webapps/static,AVAILABLE}
2019-10-16 18:49:03,634 [pool-59-thread-1] INFO  storage.RaftStorageDirectory (RaftStorageDirectory.java:tryLock(328)) - Lock on /workdir/hadoop-ozone/integration-test/target/test-dir/MiniOzoneClusterImpl-4345c778-bde4-42fc-980f-03f2a0663661/datanode-2/data/ratis/2f628aaf-9e31-4db5-8196-650b45b72909/in_use.lock acquired by nodename 30109@pr-hdds-2283-rsqnh-1472443098
2019-10-16 18:49:03,635 [pool-59-thread-1] INFO  ratis.ContainerStateMachine (ContainerStateMachine.java:loadSnapshot(231)) - group-650B45B72909: The snapshot info is null. Setting the last applied indexto:(t:0, i:~)
2019-10-16 18:49:03,636 [pool-59-thread-1] INFO  server.RaftServerConfigKeys (ConfUtils.java:logGet(43)) - raft.server.notification.no-leader.timeout = 1000s (custom)
2019-10-16 18:49:03,636 [pool-59-thread-1] INFO  server.RaftServerConfigKeys (ConfUtils.java:logGet(43)) - raft.server.log.use.memory = false (default)
2019-10-16 18:49:03,636 [pool-59-thread-1] INFO  server.RaftServerConfigKeys (ConfUtils.java:logGet(43)) - raft.server.log.purge.gap = 1000000 (custom)
2019-10-16 18:49:03,636 [pool-59-thread-1] INFO  server.RaftServerConfigKeys (ConfUtils.java:logGet(43)) - raft.server.log.appender.buffer.byte-limit = 33554432 (custom)
2019-10-16 18:49:03,636 [pool-59-thread-1] INFO  server.RaftServerConfigKeys (ConfUtils.java:logGet(43)) - raft.server.log.segment.size.max = 1048576 (custom)
2019-10-16 18:49:03,637 [pool-59-thread-1] INFO  server.RaftServerConfigKeys (ConfUtils.java:logGet(43)) - raft.server.log.segment.cache.num.max = 2 (custom)
2019-10-16 18:49:03,637 [pool-59-thread-1] INFO  segmented.SegmentedRaftLogWorker (SegmentedRaftLogWorker.java:<init>(173)) - new 52bfa4dc-bcba-4693-b6e2-7f231a44b6db@group-650B45B72909-SegmentedRaftLogWorker for RaftStorage:Storage Directory /workdir/hadoop-ozone/integration-test/target/test-dir/MiniOzoneClusterImpl-4345c778-bde4-42fc-980f-03f2a0663661/datanode-2/data/ratis/2f628aaf-9e31-4db5-8196-650b45b72909
2019-10-16 18:49:03,637 [pool-59-thread-1] INFO  server.RaftServerConfigKeys (ConfUtils.java:logGet(43)) - raft.server.log.queue.byte-limit = 2147483647 (custom)
2019-10-16 18:49:03,637 [pool-59-thread-1] INFO  server.RaftServerConfigKeys (ConfUtils.java:logGet(43)) - raft.server.log.queue.element-limit = 1024 (custom)
2019-10-16 18:49:03,637 [pool-59-thread-1] INFO  server.RaftServerConfigKeys (ConfUtils.java:logGet(43)) - raft.server.log.segment.size.max = 1048576 (custom)
2019-10-16 18:49:03,638 [pool-59-thread-1] INFO  server.RaftServerConfigKeys (ConfUtils.java:logGet(43)) - raft.server.log.preallocated.size = 16384 (custom)
2019-10-16 18:49:03,638 [pool-59-thread-1] INFO  server.RaftServerConfigKeys (ConfUtils.java:logGet(43)) - raft.server.log.write.buffer.size = 33554432 (custom)
2019-10-16 18:49:03,638 [pool-59-thread-1] INFO  server.RaftServerConfigKeys (ConfUtils.java:logGet(43)) - raft.server.log.force.sync.num = 128 (default)
2019-10-16 18:49:03,638 [pool-59-thread-1] INFO  server.RaftServerConfigKeys (ConfUtils.java:logGet(43)) - raft.server.log.statemachine.data.sync = true (default)
2019-10-16 18:49:03,638 [pool-59-thread-1] INFO  server.RaftServerConfigKeys (ConfUtils.java:logGet(43)) - raft.server.log.statemachine.data.sync.timeout = 10s (default)
2019-10-16 18:49:03,638 [pool-59-thread-1] INFO  server.RaftServerConfigKeys (ConfUtils.java:logGet(43)) - raft.server.log.statemachine.data.sync.timeout.retry = -1 (default)
2019-10-16 18:49:03,639 [pool-59-thread-1] INFO  server.RaftServerConfigKeys (ConfUtils.java:logGet(43)) - raft.server.log.statemachine.data.caching.enabled = true (custom)
2019-10-16 18:49:03,648 [pool-59-thread-1] INFO  impl.RaftServerImpl (ServerState.java:setRaftConf(357)) - 52bfa4dc-bcba-4693-b6e2-7f231a44b6db@group-650B45B72909: set configuration 0: [52bfa4dc-bcba-4693-b6e2-7f231a44b6db:192.168.157.202:43025], old=null at 0
2019-10-16 18:49:03,648 [pool-59-thread-1] INFO  segmented.LogSegment (LogSegment.java:loadSegment(140)) - Successfully read 1 entries from segment file /workdir/hadoop-ozone/integration-test/target/test-dir/MiniOzoneClusterImpl-4345c778-bde4-42fc-980f-03f2a0663661/datanode-2/data/ratis/2f628aaf-9e31-4db5-8196-650b45b72909/current/log_inprogress_0
2019-10-16 18:49:03,649 [pool-59-thread-1] INFO  segmented.SegmentedRaftLogWorker (SegmentedRaftLogWorker.java:lambda$new$0(128)) - 52bfa4dc-bcba-4693-b6e2-7f231a44b6db@group-650B45B72909-SegmentedRaftLogWorker: flushIndex: setUnconditionally 0 -> 0
2019-10-16 18:49:03,689 [pool-59-thread-1] INFO  server.RaftServerConfigKeys (ConfUtils.java:logGet(43)) - raft.server.snapshot.auto.trigger.enabled = true (custom)
2019-10-16 18:49:03,689 [pool-59-thread-1] INFO  server.RaftServerConfigKeys (ConfUtils.java:logGet(43)) - raft.server.snapshot.auto.trigger.threshold = 10000 (custom)
2019-10-16 18:49:03,689 [pool-59-thread-1] INFO  server.RaftServerConfigKeys (ConfUtils.java:logGet(43)) - raft.server.snapshot.retention.file.num = 5 (custom)
2019-10-16 18:49:03,689 [pool-59-thread-1] INFO  server.RaftServerConfigKeys (ConfUtils.java:logGet(43)) - raft.server.retrycache.expirytime = 600000ms (custom)
2019-10-16 18:49:03,691 [pool-59-thread-1] INFO  impl.RaftServerImpl (RaftServerImpl.java:<init>(104)) - 52bfa4dc-bcba-4693-b6e2-7f231a44b6db: new RaftServerImpl for group-753D53B6DDFB:[] with ContainerStateMachine:uninitialized
2019-10-16 18:49:03,691 [pool-59-thread-1] INFO  server.RaftServerConfigKeys (ConfUtils.java:logGet(43)) - raft.server.rpc.timeout.min = 5s (custom)
2019-10-16 18:49:03,691 [pool-59-thread-1] INFO  server.RaftServerConfigKeys (ConfUtils.java:logGet(43)) - raft.server.rpc.timeout.max = 5200ms (custom)
2019-10-16 18:49:03,691 [pool-59-thread-1] INFO  server.RaftServerConfigKeys (ConfUtils.java:logGet(43)) - raft.server.rpcslowness.timeout = 1000s (custom)
2019-10-16 18:49:03,691 [pool-59-thread-1] INFO  server.RaftServerConfigKeys (ConfUtils.java:logGet(43)) - raft.server.sleep.deviation.threshold = 300 (default)
2019-10-16 18:49:03,692 [pool-59-thread-1] INFO  server.RaftServerConfigKeys (ConfUtils.java:logGet(43)) - raft.server.log.appender.install.snapshot.enabled = false (custom)
2019-10-16 18:49:03,692 [pool-59-thread-1] INFO  impl.RaftServerImpl (ServerState.java:<init>(103)) - 52bfa4dc-bcba-4693-b6e2-7f231a44b6db@group-753D53B6DDFB: ConfigurationManager, init=-1: [], old=null, confs=<EMPTY_MAP>
2019-10-16 18:49:03,692 [pool-59-thread-1] INFO  server.RaftServerConfigKeys (ConfUtils.java:logGet(43)) - raft.server.storage.dir = [/workdir/hadoop-ozone/integration-test/target/test-dir/MiniOzoneClusterImpl-4345c778-bde4-42fc-980f-03f2a0663661/datanode-2/data/ratis] (custom)
2019-10-16 18:49:03,692 [pool-59-thread-1] INFO  server.RaftServerConfigKeys (ConfUtils.java:logGet(43)) - raft.server.log.corruption.policy = EXCEPTION (default)
2019-10-16 18:49:03,754 [pool-59-thread-1] INFO  storage.RaftStorageDirectory (RaftStorageDirectory.java:tryLock(328)) - Lock on /workdir/hadoop-ozone/integration-test/target/test-dir/MiniOzoneClusterImpl-4345c778-bde4-42fc-980f-03f2a0663661/datanode-2/data/ratis/7043c0de-230d-480f-89cc-753d53b6ddfb/in_use.lock acquired by nodename 30109@pr-hdds-2283-rsqnh-1472443098
2019-10-16 18:49:03,769 [main] INFO  handler.ContextHandler (ContextHandler.java:doStart(781)) - Started o.e.j.w.WebAppContext@48df4071{/,file:///tmp/jetty-0.0.0.0-33381-hddsDatanode-_-any-541629291066824387.dir/webapp/,AVAILABLE}{/hddsDatanode}
2019-10-16 18:49:03,769 [main] INFO  server.AbstractConnector (AbstractConnector.java:doStart(278)) - Started ServerConnector@290e8cab{HTTP/1.1,[http/1.1]}{0.0.0.0:33381}
2019-10-16 18:49:03,773 [main] INFO  server.Server (Server.java:doStart(419)) - Started @112405ms
2019-10-16 18:49:03,773 [main] WARN  impl.MetricsSystemImpl (MetricsSystemImpl.java:register(276)) - Sink prometheus already exists!
2019-10-16 18:49:03,774 [pool-59-thread-1] INFO  ratis.ContainerStateMachine (ContainerStateMachine.java:loadSnapshot(240)) - group-753D53B6DDFB: Setting the last applied index to (t:4, i:3)
2019-10-16 18:49:03,775 [main] INFO  server.BaseHttpServer (BaseHttpServer.java:updateConnectorAddress(215)) - HTTP server of HDDSDATANODE is listening at http://0.0.0.0:33381
2019-10-16 18:49:03,776 [org.apache.hadoop.util.JvmPauseMonitor$Monitor@11d30fb5] INFO  util.JvmPauseMonitor (JvmPauseMonitor.java:run(188)) - Starting JVM pause monitor
2019-10-16 18:49:03,782 [pool-59-thread-1] INFO  impl.RaftServerImpl (ServerState.java:setRaftConf(357)) - 52bfa4dc-bcba-4693-b6e2-7f231a44b6db@group-753D53B6DDFB: set configuration 0: [0d5b4e59-aa2f-4fe6-b072-73846da82a05:192.168.157.202:39744, 52bfa4dc-bcba-4693-b6e2-7f231a44b6db:192.168.157.202:43025, c0368dd1-c4a9-4bcb-a2d2-6d6b66c0e12a:192.168.157.202:44847], old=null at 0
2019-10-16 18:49:03,782 [pool-59-thread-1] INFO  server.RaftServerConfigKeys (ConfUtils.java:logGet(43)) - raft.server.notification.no-leader.timeout = 1000s (custom)
2019-10-16 18:49:03,782 [pool-59-thread-1] INFO  server.RaftServerConfigKeys (ConfUtils.java:logGet(43)) - raft.server.log.use.memory = false (default)
2019-10-16 18:49:03,782 [pool-59-thread-1] INFO  server.RaftServerConfigKeys (ConfUtils.java:logGet(43)) - raft.server.log.purge.gap = 1000000 (custom)
2019-10-16 18:49:03,783 [pool-59-thread-1] INFO  server.RaftServerConfigKeys (ConfUtils.java:logGet(43)) - raft.server.log.appender.buffer.byte-limit = 33554432 (custom)
2019-10-16 18:49:03,783 [pool-59-thread-1] INFO  server.RaftServerConfigKeys (ConfUtils.java:logGet(43)) - raft.server.log.segment.size.max = 1048576 (custom)
2019-10-16 18:49:03,783 [pool-59-thread-1] INFO  server.RaftServerConfigKeys (ConfUtils.java:logGet(43)) - raft.server.log.segment.cache.num.max = 2 (custom)
2019-10-16 18:49:03,783 [pool-59-thread-1] INFO  segmented.SegmentedRaftLogWorker (SegmentedRaftLogWorker.java:<init>(173)) - new 52bfa4dc-bcba-4693-b6e2-7f231a44b6db@group-753D53B6DDFB-SegmentedRaftLogWorker for RaftStorage:Storage Directory /workdir/hadoop-ozone/integration-test/target/test-dir/MiniOzoneClusterImpl-4345c778-bde4-42fc-980f-03f2a0663661/datanode-2/data/ratis/7043c0de-230d-480f-89cc-753d53b6ddfb
2019-10-16 18:49:03,783 [pool-59-thread-1] INFO  server.RaftServerConfigKeys (ConfUtils.java:logGet(43)) - raft.server.log.queue.byte-limit = 2147483647 (custom)
2019-10-16 18:49:03,783 [pool-59-thread-1] INFO  server.RaftServerConfigKeys (ConfUtils.java:logGet(43)) - raft.server.log.queue.element-limit = 1024 (custom)
2019-10-16 18:49:03,783 [pool-59-thread-1] INFO  server.RaftServerConfigKeys (ConfUtils.java:logGet(43)) - raft.server.log.segment.size.max = 1048576 (custom)
2019-10-16 18:49:03,783 [pool-59-thread-1] INFO  server.RaftServerConfigKeys (ConfUtils.java:logGet(43)) - raft.server.log.preallocated.size = 16384 (custom)
2019-10-16 18:49:03,784 [pool-59-thread-1] INFO  server.RaftServerConfigKeys (ConfUtils.java:logGet(43)) - raft.server.log.write.buffer.size = 33554432 (custom)
2019-10-16 18:49:03,784 [pool-59-thread-1] INFO  server.RaftServerConfigKeys (ConfUtils.java:logGet(43)) - raft.server.log.force.sync.num = 128 (default)
2019-10-16 18:49:03,784 [pool-59-thread-1] INFO  server.RaftServerConfigKeys (ConfUtils.java:logGet(43)) - raft.server.log.statemachine.data.sync = true (default)
2019-10-16 18:49:03,784 [pool-59-thread-1] INFO  server.RaftServerConfigKeys (ConfUtils.java:logGet(43)) - raft.server.log.statemachine.data.sync.timeout = 10s (default)
2019-10-16 18:49:03,784 [pool-59-thread-1] INFO  server.RaftServerConfigKeys (ConfUtils.java:logGet(43)) - raft.server.log.statemachine.data.sync.timeout.retry = -1 (default)
2019-10-16 18:49:03,784 [pool-59-thread-1] INFO  server.RaftServerConfigKeys (ConfUtils.java:logGet(43)) - raft.server.log.statemachine.data.caching.enabled = true (custom)
2019-10-16 18:49:03,785 [pool-59-thread-1] INFO  impl.RaftServerImpl (ServerState.java:setRaftConf(357)) - 52bfa4dc-bcba-4693-b6e2-7f231a44b6db@group-753D53B6DDFB: set configuration 0: [0d5b4e59-aa2f-4fe6-b072-73846da82a05:192.168.157.202:39744, 52bfa4dc-bcba-4693-b6e2-7f231a44b6db:192.168.157.202:43025, c0368dd1-c4a9-4bcb-a2d2-6d6b66c0e12a:192.168.157.202:44847], old=null at 0
2019-10-16 18:49:03,786 [pool-59-thread-1] INFO  segmented.LogSegment (LogSegment.java:loadSegment(140)) - Successfully read 5 entries from segment file /workdir/hadoop-ozone/integration-test/target/test-dir/MiniOzoneClusterImpl-4345c778-bde4-42fc-980f-03f2a0663661/datanode-2/data/ratis/7043c0de-230d-480f-89cc-753d53b6ddfb/current/log_inprogress_0
2019-10-16 18:49:03,786 [pool-59-thread-1] INFO  segmented.SegmentedRaftLogWorker (SegmentedRaftLogWorker.java:lambda$new$0(128)) - 52bfa4dc-bcba-4693-b6e2-7f231a44b6db@group-753D53B6DDFB-SegmentedRaftLogWorker: flushIndex: setUnconditionally 0 -> 4
2019-10-16 18:49:03,819 [pool-59-thread-1] INFO  raftlog.RaftLog (RaftLog.java:lambda$new$0(61)) - 52bfa4dc-bcba-4693-b6e2-7f231a44b6db@group-753D53B6DDFB-SegmentedRaftLog: commitIndex: updateToMax old=3, new=3, updated? false
2019-10-16 18:49:03,820 [pool-59-thread-1] INFO  server.RaftServerConfigKeys (ConfUtils.java:logGet(43)) - raft.server.snapshot.auto.trigger.enabled = true (custom)
2019-10-16 18:49:03,820 [pool-59-thread-1] INFO  server.RaftServerConfigKeys (ConfUtils.java:logGet(43)) - raft.server.snapshot.auto.trigger.threshold = 10000 (custom)
2019-10-16 18:49:03,820 [pool-59-thread-1] INFO  server.RaftServerConfigKeys (ConfUtils.java:logGet(43)) - raft.server.snapshot.retention.file.num = 5 (custom)
2019-10-16 18:49:03,820 [pool-59-thread-1] INFO  server.RaftServerConfigKeys (ConfUtils.java:logGet(43)) - raft.server.retrycache.expirytime = 600000ms (custom)
2019-10-16 18:49:03,877 [Command processor thread] INFO  commandhandler.DeleteBlocksCommandHandler (DeleteBlocksCommandHandler.java:handle(106)) - Start to delete container blocks, TXIDs=[1(0)], numOfContainers=1, numOfBlocks=1
2019-10-16 18:49:03,879 [EventQueue-PendingDeleteStatusForPendingDeleteHandler] INFO  block.SCMBlockDeletingService (SCMBlockDeletingService.java:handlePendingDeletes(115)) - Block deletion txnID mismatch in datanode 0d5b4e59-aa2f-4fe6-b072-73846da82a05 for containerID 1. Datanode delete txnID: 0, SCM txnID: 1
2019-10-16 18:49:04,008 [SCMBlockDeletingService#1] INFO  block.SCMBlockDeletingService (SCMBlockDeletingService.java:call(184)) - Totally added 1 delete blocks command for 1 datanodes, task elapsed time: 1ms
2019-10-16 18:49:04,009 [pool-7-thread-1] INFO  commands.RetriableDatanodeEventWatcher (RetriableDatanodeEventWatcher.java:onTimeout(47)) - RetriableDatanodeCommand type=deleteBlocksCommand with id=1571251743007 timed out. Retrying.
2019-10-16 18:49:04,280 [BlockDeletingService#2] WARN  background.BlockDeletingService (BlockDeletingService.java:isDeletionAllowed(187)) - Close Container log Index 6 is not replicated across allthe servers in the pipeline 7043c0de-230d-480f-89cc-753d53b6ddfb as the min replicated index is 4. Deletion is not allowed in this container yet.
2019-10-16 18:49:04,281 [BlockDeletingService#2] WARN  background.BlockDeletingService (BlockDeletingService.java:isDeletionAllowed(187)) - Close Container log Index 6 is not replicated across allthe servers in the pipeline 7043c0de-230d-480f-89cc-753d53b6ddfb as the min replicated index is 4. Deletion is not allowed in this container yet.
2019-10-16 18:49:05,008 [pool-7-thread-1] INFO  commands.RetriableDatanodeEventWatcher (RetriableDatanodeEventWatcher.java:onTimeout(47)) - RetriableDatanodeCommand type=deleteBlocksCommand with id=1571251743007 timed out. Retrying.
2019-10-16 18:49:05,008 [pool-7-thread-2] INFO  commands.RetriableDatanodeEventWatcher (RetriableDatanodeEventWatcher.java:onTimeout(47)) - RetriableDatanodeCommand type=deleteBlocksCommand with id=1571251743009 timed out. Retrying.
2019-10-16 18:49:05,009 [SCMBlockDeletingService#1] INFO  block.SCMBlockDeletingService (SCMBlockDeletingService.java:call(184)) - Totally added 1 delete blocks command for 1 datanodes, task elapsed time: 1ms
2019-10-16 18:49:05,282 [BlockDeletingService#2] WARN  background.BlockDeletingService (BlockDeletingService.java:isDeletionAllowed(187)) - Close Container log Index 6 is not replicated across allthe servers in the pipeline 7043c0de-230d-480f-89cc-753d53b6ddfb as the min replicated index is 4. Deletion is not allowed in this container yet.
2019-10-16 18:49:05,282 [BlockDeletingService#2] WARN  background.BlockDeletingService (BlockDeletingService.java:isDeletionAllowed(187)) - Close Container log Index 6 is not replicated across allthe servers in the pipeline 7043c0de-230d-480f-89cc-753d53b6ddfb as the min replicated index is 4. Deletion is not allowed in this container yet.
2019-10-16 18:49:05,779 [Datanode State Machine Thread - 0] INFO  ozoneimpl.OzoneContainer (OzoneContainer.java:start(213)) - Attempting to start container services.
2019-10-16 18:49:05,779 [Datanode State Machine Thread - 0] INFO  ozoneimpl.OzoneContainer (OzoneContainer.java:startContainerScrub(177)) - Background container scanner has been disabled.
2019-10-16 18:49:05,779 [Datanode State Machine Thread - 0] INFO  ratis.XceiverServerRatis (XceiverServerRatis.java:start(418)) - Starting XceiverServerRatis 52bfa4dc-bcba-4693-b6e2-7f231a44b6db at port 43025
2019-10-16 18:49:05,790 [Datanode State Machine Thread - 0] INFO  impl.RaftServerImpl (RaftServerImpl.java:start(195)) - 52bfa4dc-bcba-4693-b6e2-7f231a44b6db@group-650B45B72909: start as a follower, conf=0: [52bfa4dc-bcba-4693-b6e2-7f231a44b6db:192.168.157.202:43025], old=null
2019-10-16 18:49:05,791 [ForkJoinPool.commonPool-worker-0] INFO  impl.RaftServerImpl (RaftServerImpl.java:start(195)) - 52bfa4dc-bcba-4693-b6e2-7f231a44b6db@group-753D53B6DDFB: start as a follower, conf=0: [0d5b4e59-aa2f-4fe6-b072-73846da82a05:192.168.157.202:39744, 52bfa4dc-bcba-4693-b6e2-7f231a44b6db:192.168.157.202:43025, c0368dd1-c4a9-4bcb-a2d2-6d6b66c0e12a:192.168.157.202:44847], old=null
2019-10-16 18:49:05,791 [Datanode State Machine Thread - 0] INFO  impl.RaftServerImpl (RaftServerImpl.java:setRole(184)) - 52bfa4dc-bcba-4693-b6e2-7f231a44b6db@group-650B45B72909: changes role from      null to FOLLOWER at term 1 for startAsFollower
2019-10-16 18:49:05,791 [ForkJoinPool.commonPool-worker-0] INFO  impl.RaftServerImpl (RaftServerImpl.java:setRole(184)) - 52bfa4dc-bcba-4693-b6e2-7f231a44b6db@group-753D53B6DDFB: changes role from      null to FOLLOWER at term 4 for startAsFollower
2019-10-16 18:49:05,792 [Datanode State Machine Thread - 0] INFO  impl.RoleInfo (RoleInfo.java:updateAndGet(143)) - 52bfa4dc-bcba-4693-b6e2-7f231a44b6db: start FollowerState
2019-10-16 18:49:05,792 [ForkJoinPool.commonPool-worker-0] INFO  impl.RoleInfo (RoleInfo.java:updateAndGet(143)) - 52bfa4dc-bcba-4693-b6e2-7f231a44b6db: start FollowerState
2019-10-16 18:49:05,792 [Datanode State Machine Thread - 0] INFO  util.JmxRegister (JmxRegister.java:tryRegister(44)) - Successfully registered JMX Bean with object name Ratis:service=RaftServer,group=group-650B45B72909,id=52bfa4dc-bcba-4693-b6e2-7f231a44b6db
2019-10-16 18:49:05,792 [ForkJoinPool.commonPool-worker-0] INFO  util.JmxRegister (JmxRegister.java:tryRegister(44)) - Successfully registered JMX Bean with object name Ratis:service=RaftServer,group=group-753D53B6DDFB,id=52bfa4dc-bcba-4693-b6e2-7f231a44b6db
2019-10-16 18:49:05,794 [Datanode State Machine Thread - 0] INFO  impl.RaftServerProxy (RaftServerProxy.java:lambda$start$3(299)) - 52bfa4dc-bcba-4693-b6e2-7f231a44b6db: start RPC server
2019-10-16 18:49:05,795 [Datanode State Machine Thread - 0] INFO  server.GrpcService (GrpcService.java:startImpl(158)) - 52bfa4dc-bcba-4693-b6e2-7f231a44b6db: GrpcService started, listening on 0.0.0.0/0.0.0.0:43025
2019-10-16 18:49:05,857 [Thread-574] INFO  impl.FollowerState (FollowerState.java:run(108)) - 52bfa4dc-bcba-4693-b6e2-7f231a44b6db@group-650B45B72909-FollowerState: change to CANDIDATE, lastRpcTime:65ms, electionTimeout:65ms
2019-10-16 18:49:05,857 [Thread-574] INFO  impl.RoleInfo (RoleInfo.java:shutdownFollowerState(121)) - 52bfa4dc-bcba-4693-b6e2-7f231a44b6db: shutdown FollowerState
2019-10-16 18:49:05,858 [Thread-574] INFO  impl.RaftServerImpl (RaftServerImpl.java:setRole(184)) - 52bfa4dc-bcba-4693-b6e2-7f231a44b6db@group-650B45B72909: changes role from  FOLLOWER to CANDIDATE at term 1 for changeToCandidate
2019-10-16 18:49:05,858 [Thread-574] INFO  impl.RoleInfo (RoleInfo.java:updateAndGet(143)) - 52bfa4dc-bcba-4693-b6e2-7f231a44b6db: start LeaderElection
2019-10-16 18:49:05,871 [52bfa4dc-bcba-4693-b6e2-7f231a44b6db@group-650B45B72909-LeaderElection8] INFO  impl.LeaderElection (LeaderElection.java:askForVotes(178)) - 52bfa4dc-bcba-4693-b6e2-7f231a44b6db@group-650B45B72909-LeaderElection8: begin an election at term 2 for 0: [52bfa4dc-bcba-4693-b6e2-7f231a44b6db:192.168.157.202:43025], old=null
2019-10-16 18:49:05,871 [52bfa4dc-bcba-4693-b6e2-7f231a44b6db@group-650B45B72909-LeaderElection8] INFO  impl.RoleInfo (RoleInfo.java:shutdownLeaderElection(134)) - 52bfa4dc-bcba-4693-b6e2-7f231a44b6db: shutdown LeaderElection
2019-10-16 18:49:05,872 [52bfa4dc-bcba-4693-b6e2-7f231a44b6db@group-650B45B72909-LeaderElection8] INFO  impl.RaftServerImpl (RaftServerImpl.java:setRole(184)) - 52bfa4dc-bcba-4693-b6e2-7f231a44b6db@group-650B45B72909: changes role from CANDIDATE to LEADER at term 2 for changeToLeader
2019-10-16 18:49:05,872 [52bfa4dc-bcba-4693-b6e2-7f231a44b6db@group-650B45B72909-LeaderElection8] INFO  impl.RaftServerImpl (ServerState.java:setLeader(256)) - 52bfa4dc-bcba-4693-b6e2-7f231a44b6db@group-650B45B72909: change Leader from null to 52bfa4dc-bcba-4693-b6e2-7f231a44b6db at term 2 for becomeLeader, leader elected after 2236ms
2019-10-16 18:49:05,872 [52bfa4dc-bcba-4693-b6e2-7f231a44b6db@group-650B45B72909-LeaderElection8] INFO  server.RaftServerConfigKeys (ConfUtils.java:logGet(43)) - raft.server.staging.catchup.gap = 1000 (default)
2019-10-16 18:49:05,872 [52bfa4dc-bcba-4693-b6e2-7f231a44b6db@group-650B45B72909-LeaderElection8] INFO  server.RaftServerConfigKeys (ConfUtils.java:logGet(43)) - raft.server.rpc.sleep.time = 25ms (default)
2019-10-16 18:49:05,872 [52bfa4dc-bcba-4693-b6e2-7f231a44b6db@group-650B45B72909-LeaderElection8] INFO  server.RaftServerConfigKeys (ConfUtils.java:logGet(43)) - raft.server.write.element-limit = 4096 (default)
2019-10-16 18:49:05,873 [52bfa4dc-bcba-4693-b6e2-7f231a44b6db@group-650B45B72909-LeaderElection8] INFO  server.RaftServerConfigKeys (ConfUtils.java:logGet(43)) - raft.server.watch.timeout = 10s (default)
2019-10-16 18:49:05,873 [52bfa4dc-bcba-4693-b6e2-7f231a44b6db@group-650B45B72909-LeaderElection8] INFO  server.RaftServerConfigKeys (ConfUtils.java:logGet(43)) - raft.server.watch.timeout.denomination = 1s (default)
2019-10-16 18:49:05,873 [52bfa4dc-bcba-4693-b6e2-7f231a44b6db@group-650B45B72909-LeaderElection8] INFO  server.RaftServerConfigKeys (ConfUtils.java:logGet(43)) - raft.server.watch.element-limit = 65536 (default)
2019-10-16 18:49:05,873 [52bfa4dc-bcba-4693-b6e2-7f231a44b6db@group-650B45B72909-LeaderElection8] INFO  impl.RoleInfo (RoleInfo.java:updateAndGet(143)) - 52bfa4dc-bcba-4693-b6e2-7f231a44b6db: start LeaderState
2019-10-16 18:49:05,874 [52bfa4dc-bcba-4693-b6e2-7f231a44b6db@group-650B45B72909-LeaderElection8] INFO  segmented.SegmentedRaftLogWorker (SegmentedRaftLogWorker.java:rollLogSegment(390)) - 52bfa4dc-bcba-4693-b6e2-7f231a44b6db@group-650B45B72909-SegmentedRaftLogWorker: Rolling segment log-0_0 to index:0
2019-10-16 18:49:05,877 [52bfa4dc-bcba-4693-b6e2-7f231a44b6db@group-650B45B72909-LeaderElection8] INFO  impl.RaftServerImpl (ServerState.java:setRaftConf(357)) - 52bfa4dc-bcba-4693-b6e2-7f231a44b6db@group-650B45B72909: set configuration 1: [52bfa4dc-bcba-4693-b6e2-7f231a44b6db:192.168.157.202:43025], old=null at 1
2019-10-16 18:49:05,879 [52bfa4dc-bcba-4693-b6e2-7f231a44b6db@group-650B45B72909-SegmentedRaftLogWorker] INFO  segmented.SegmentedRaftLogWorker (SegmentedRaftLogWorker.java:execute(533)) - 52bfa4dc-bcba-4693-b6e2-7f231a44b6db@group-650B45B72909-SegmentedRaftLogWorker: Rolled log segment from /workdir/hadoop-ozone/integration-test/target/test-dir/MiniOzoneClusterImpl-4345c778-bde4-42fc-980f-03f2a0663661/datanode-2/data/ratis/2f628aaf-9e31-4db5-8196-650b45b72909/current/log_inprogress_0 to /workdir/hadoop-ozone/integration-test/target/test-dir/MiniOzoneClusterImpl-4345c778-bde4-42fc-980f-03f2a0663661/datanode-2/data/ratis/2f628aaf-9e31-4db5-8196-650b45b72909/current/log_0-0
2019-10-16 18:49:05,927 [52bfa4dc-bcba-4693-b6e2-7f231a44b6db@group-650B45B72909-SegmentedRaftLogWorker] INFO  segmented.SegmentedRaftLogWorker (SegmentedRaftLogWorker.java:execute(576)) - 52bfa4dc-bcba-4693-b6e2-7f231a44b6db@group-650B45B72909-SegmentedRaftLogWorker: created new log segment /workdir/hadoop-ozone/integration-test/target/test-dir/MiniOzoneClusterImpl-4345c778-bde4-42fc-980f-03f2a0663661/datanode-2/data/ratis/2f628aaf-9e31-4db5-8196-650b45b72909/current/log_inprogress_1
2019-10-16 18:49:05,953 [java.util.concurrent.ThreadPoolExecutor$Worker@48272572[State = -1, empty queue]] WARN  server.GrpcLogAppender (GrpcLogAppender.java:timeoutAppendRequest(209)) - c0368dd1-c4a9-4bcb-a2d2-6d6b66c0e12a@group-753D53B6DDFB->52bfa4dc-bcba-4693-b6e2-7f231a44b6db-GrpcLogAppender: appendEntries Timeout, request=c0368dd1-c4a9-4bcb-a2d2-6d6b66c0e12a->52bfa4dc-bcba-4693-b6e2-7f231a44b6db#51-t4, previous=(t:4, i:10), leaderCommit=10, initializing? false, entries: <empty>
2019-10-16 18:49:05,959 [Thread-575] INFO  impl.FollowerState (FollowerState.java:run(108)) - 52bfa4dc-bcba-4693-b6e2-7f231a44b6db@group-753D53B6DDFB-FollowerState: change to CANDIDATE, lastRpcTime:167ms, electionTimeout:167ms
2019-10-16 18:49:05,960 [Thread-575] INFO  impl.RoleInfo (RoleInfo.java:shutdownFollowerState(121)) - 52bfa4dc-bcba-4693-b6e2-7f231a44b6db: shutdown FollowerState
2019-10-16 18:49:05,960 [Thread-575] INFO  impl.RaftServerImpl (RaftServerImpl.java:setRole(184)) - 52bfa4dc-bcba-4693-b6e2-7f231a44b6db@group-753D53B6DDFB: changes role from  FOLLOWER to CANDIDATE at term 4 for changeToCandidate
2019-10-16 18:49:05,960 [Thread-575] INFO  impl.RoleInfo (RoleInfo.java:updateAndGet(143)) - 52bfa4dc-bcba-4693-b6e2-7f231a44b6db: start LeaderElection
2019-10-16 18:49:05,995 [52bfa4dc-bcba-4693-b6e2-7f231a44b6db@group-753D53B6DDFB-LeaderElection9] INFO  impl.LeaderElection (LeaderElection.java:askForVotes(178)) - 52bfa4dc-bcba-4693-b6e2-7f231a44b6db@group-753D53B6DDFB-LeaderElection9: begin an election at term 5 for 0: [0d5b4e59-aa2f-4fe6-b072-73846da82a05:192.168.157.202:39744, 52bfa4dc-bcba-4693-b6e2-7f231a44b6db:192.168.157.202:43025, c0368dd1-c4a9-4bcb-a2d2-6d6b66c0e12a:192.168.157.202:44847], old=null
2019-10-16 18:49:06,006 [grpc-default-executor-1] INFO  impl.RaftServerImpl (ServerState.java:setLeader(256)) - c0368dd1-c4a9-4bcb-a2d2-6d6b66c0e12a@group-753D53B6DDFB: change Leader from c0368dd1-c4a9-4bcb-a2d2-6d6b66c0e12a to null at term 5 for updateCurrentTerm
2019-10-16 18:49:06,006 [grpc-default-executor-4] INFO  impl.RaftServerImpl (ServerState.java:setLeader(256)) - 0d5b4e59-aa2f-4fe6-b072-73846da82a05@group-753D53B6DDFB: change Leader from c0368dd1-c4a9-4bcb-a2d2-6d6b66c0e12a to null at term 5 for updateCurrentTerm
2019-10-16 18:49:06,006 [grpc-default-executor-1] INFO  impl.RaftServerImpl (RaftServerImpl.java:setRole(184)) - c0368dd1-c4a9-4bcb-a2d2-6d6b66c0e12a@group-753D53B6DDFB: changes role from    LEADER to FOLLOWER at term 5 for recognizeCandidate:52bfa4dc-bcba-4693-b6e2-7f231a44b6db
2019-10-16 18:49:06,007 [grpc-default-executor-4] INFO  impl.RaftServerImpl (RaftServerImpl.java:setRole(184)) - 0d5b4e59-aa2f-4fe6-b072-73846da82a05@group-753D53B6DDFB: changes role from  FOLLOWER to FOLLOWER at term 5 for recognizeCandidate:52bfa4dc-bcba-4693-b6e2-7f231a44b6db
2019-10-16 18:49:06,007 [grpc-default-executor-1] INFO  impl.RoleInfo (RoleInfo.java:shutdownLeaderState(104)) - c0368dd1-c4a9-4bcb-a2d2-6d6b66c0e12a: shutdown LeaderState
2019-10-16 18:49:06,007 [grpc-default-executor-4] INFO  impl.RoleInfo (RoleInfo.java:shutdownFollowerState(121)) - 0d5b4e59-aa2f-4fe6-b072-73846da82a05: shutdown FollowerState
2019-10-16 18:49:06,008 [org.apache.ratis.server.impl.LogAppender$AppenderDaemon$$Lambda$465/1928410131@4c09f369] WARN  server.GrpcLogAppender (GrpcLogAppender.java:mayWait(149)) - c0368dd1-c4a9-4bcb-a2d2-6d6b66c0e12a@group-753D53B6DDFB->52bfa4dc-bcba-4693-b6e2-7f231a44b6db-GrpcLogAppender: Wait interrupted by java.lang.InterruptedException
2019-10-16 18:49:06,008 [grpc-default-executor-1] INFO  impl.PendingRequests (PendingRequests.java:sendNotLeaderResponses(202)) - c0368dd1-c4a9-4bcb-a2d2-6d6b66c0e12a@group-753D53B6DDFB-PendingRequests: sendNotLeaderResponses
2019-10-16 18:49:06,008 [org.apache.ratis.server.impl.LogAppender$AppenderDaemon$$Lambda$465/1928410131@7d3ecf8e] WARN  server.GrpcLogAppender (GrpcLogAppender.java:mayWait(149)) - c0368dd1-c4a9-4bcb-a2d2-6d6b66c0e12a@group-753D53B6DDFB->0d5b4e59-aa2f-4fe6-b072-73846da82a05-GrpcLogAppender: Wait interrupted by java.lang.InterruptedException
2019-10-16 18:49:06,008 [Thread-247] INFO  impl.FollowerState (FollowerState.java:run(117)) - 0d5b4e59-aa2f-4fe6-b072-73846da82a05@group-753D53B6DDFB-FollowerState was interrupted: java.lang.InterruptedException: sleep interrupted
2019-10-16 18:49:06,008 [pool-7-thread-2] INFO  commands.RetriableDatanodeEventWatcher (RetriableDatanodeEventWatcher.java:onTimeout(47)) - RetriableDatanodeCommand type=deleteBlocksCommand with id=1571251743007 timed out. Retrying.
2019-10-16 18:49:06,010 [grpc-default-executor-4] INFO  impl.RoleInfo (RoleInfo.java:updateAndGet(143)) - 0d5b4e59-aa2f-4fe6-b072-73846da82a05: start FollowerState
2019-10-16 18:49:06,012 [pool-7-thread-3] INFO  commands.RetriableDatanodeEventWatcher (RetriableDatanodeEventWatcher.java:onTimeout(47)) - RetriableDatanodeCommand type=deleteBlocksCommand with id=1571251743009 timed out. Retrying.
2019-10-16 18:49:06,012 [Thread-584] INFO  client.GrpcClientProtocolService (GrpcClientProtocolService.java:lambda$processClientRequest$0(278)) - Failed RaftClientRequest:client-F1A042848956->c0368dd1-c4a9-4bcb-a2d2-6d6b66c0e12a@group-753D53B6DDFB, cid=10, seq=0, Watch-ALL_COMMITTED(6), Message:<EMPTY>, reply=RaftClientReply:client-F1A042848956->c0368dd1-c4a9-4bcb-a2d2-6d6b66c0e12a@group-753D53B6DDFB, cid=10, FAILED org.apache.ratis.protocol.NotLeaderException: Server c0368dd1-c4a9-4bcb-a2d2-6d6b66c0e12a@group-753D53B6DDFB is not the leader, logIndex=0, commits[c0368dd1-c4a9-4bcb-a2d2-6d6b66c0e12a:c10, 0d5b4e59-aa2f-4fe6-b072-73846da82a05:c10, 52bfa4dc-bcba-4693-b6e2-7f231a44b6db:c4]
2019-10-16 18:49:06,012 [grpc-default-executor-1] INFO  impl.RoleInfo (RoleInfo.java:updateAndGet(143)) - c0368dd1-c4a9-4bcb-a2d2-6d6b66c0e12a: start FollowerState
2019-10-16 18:49:06,012 [pool-7-thread-1] INFO  commands.RetriableDatanodeEventWatcher (RetriableDatanodeEventWatcher.java:onTimeout(47)) - RetriableDatanodeCommand type=deleteBlocksCommand with id=1571251743010 timed out. Retrying.
2019-10-16 18:49:06,013 [grpc-default-executor-5] INFO  server.GrpcServerProtocolService (GrpcServerProtocolService.java:onCompleted(113)) - 0d5b4e59-aa2f-4fe6-b072-73846da82a05: Completed APPEND_ENTRIES, lastRequest: c0368dd1-c4a9-4bcb-a2d2-6d6b66c0e12a->0d5b4e59-aa2f-4fe6-b072-73846da82a05#52-t4, previous=(t:4, i:10), leaderCommit=10, initializing? false, entries: <empty>
2019-10-16 18:49:06,015 [SCMBlockDeletingService#1] INFO  block.SCMBlockDeletingService (SCMBlockDeletingService.java:call(184)) - Totally added 1 delete blocks command for 1 datanodes, task elapsed time: 5ms
2019-10-16 18:49:06,017 [grpc-default-executor-6] INFO  server.GrpcLogAppender (GrpcLogAppender.java:onCompleted(308)) - c0368dd1-c4a9-4bcb-a2d2-6d6b66c0e12a@group-753D53B6DDFB->0d5b4e59-aa2f-4fe6-b072-73846da82a05-AppendLogResponseHandler: follower responses appendEntries COMPLETED
2019-10-16 18:49:06,018 [grpc-default-executor-6] INFO  impl.FollowerInfo (FollowerInfo.java:lambda$new$0(51)) - c0368dd1-c4a9-4bcb-a2d2-6d6b66c0e12a@group-753D53B6DDFB->0d5b4e59-aa2f-4fe6-b072-73846da82a05: nextIndex: updateUnconditionally 11 -> 10
2019-10-16 18:49:06,023 [52bfa4dc-bcba-4693-b6e2-7f231a44b6db@group-753D53B6DDFB-LeaderElection9] INFO  impl.LeaderElection (LeaderElection.java:logAndReturn(56)) - 52bfa4dc-bcba-4693-b6e2-7f231a44b6db@group-753D53B6DDFB-LeaderElection9: Election REJECTED; received 2 response(s) [52bfa4dc-bcba-4693-b6e2-7f231a44b6db<-0d5b4e59-aa2f-4fe6-b072-73846da82a05#0:FAIL-t5, 52bfa4dc-bcba-4693-b6e2-7f231a44b6db<-c0368dd1-c4a9-4bcb-a2d2-6d6b66c0e12a#0:FAIL-t5] and 0 exception(s); 52bfa4dc-bcba-4693-b6e2-7f231a44b6db@group-753D53B6DDFB:t5, leader=null, voted=52bfa4dc-bcba-4693-b6e2-7f231a44b6db, raftlog=52bfa4dc-bcba-4693-b6e2-7f231a44b6db@group-753D53B6DDFB-SegmentedRaftLog:OPENED:c3,f4,i4, conf=0: [0d5b4e59-aa2f-4fe6-b072-73846da82a05:192.168.157.202:39744, 52bfa4dc-bcba-4693-b6e2-7f231a44b6db:192.168.157.202:43025, c0368dd1-c4a9-4bcb-a2d2-6d6b66c0e12a:192.168.157.202:44847], old=null
2019-10-16 18:49:06,024 [52bfa4dc-bcba-4693-b6e2-7f231a44b6db@group-753D53B6DDFB-LeaderElection9] INFO  impl.RaftServerImpl (RaftServerImpl.java:setRole(184)) - 52bfa4dc-bcba-4693-b6e2-7f231a44b6db@group-753D53B6DDFB: changes role from CANDIDATE to FOLLOWER at term 5 for DISCOVERED_A_NEW_TERM
2019-10-16 18:49:06,024 [52bfa4dc-bcba-4693-b6e2-7f231a44b6db@group-753D53B6DDFB-LeaderElection9] INFO  impl.RoleInfo (RoleInfo.java:shutdownLeaderElection(134)) - 52bfa4dc-bcba-4693-b6e2-7f231a44b6db: shutdown LeaderElection
2019-10-16 18:49:06,024 [52bfa4dc-bcba-4693-b6e2-7f231a44b6db@group-753D53B6DDFB-LeaderElection9] INFO  impl.RoleInfo (RoleInfo.java:updateAndGet(143)) - 52bfa4dc-bcba-4693-b6e2-7f231a44b6db: start FollowerState
2019-10-16 18:49:06,102 [Thread-586] INFO  impl.FollowerState (FollowerState.java:run(108)) - 52bfa4dc-bcba-4693-b6e2-7f231a44b6db@group-753D53B6DDFB-FollowerState: change to CANDIDATE, lastRpcTime:77ms, electionTimeout:77ms
2019-10-16 18:49:06,104 [Thread-586] INFO  impl.RoleInfo (RoleInfo.java:shutdownFollowerState(121)) - 52bfa4dc-bcba-4693-b6e2-7f231a44b6db: shutdown FollowerState
2019-10-16 18:49:06,104 [Thread-586] INFO  impl.RaftServerImpl (RaftServerImpl.java:setRole(184)) - 52bfa4dc-bcba-4693-b6e2-7f231a44b6db@group-753D53B6DDFB: changes role from  FOLLOWER to CANDIDATE at term 5 for changeToCandidate
2019-10-16 18:49:06,104 [Thread-586] INFO  impl.RoleInfo (RoleInfo.java:updateAndGet(143)) - 52bfa4dc-bcba-4693-b6e2-7f231a44b6db: start LeaderElection
2019-10-16 18:49:06,138 [52bfa4dc-bcba-4693-b6e2-7f231a44b6db@group-753D53B6DDFB-LeaderElection10] INFO  impl.LeaderElection (LeaderElection.java:askForVotes(178)) - 52bfa4dc-bcba-4693-b6e2-7f231a44b6db@group-753D53B6DDFB-LeaderElection10: begin an election at term 6 for 0: [0d5b4e59-aa2f-4fe6-b072-73846da82a05:192.168.157.202:39744, 52bfa4dc-bcba-4693-b6e2-7f231a44b6db:192.168.157.202:43025, c0368dd1-c4a9-4bcb-a2d2-6d6b66c0e12a:192.168.157.202:44847], old=null
2019-10-16 18:49:06,144 [grpc-default-executor-4] INFO  impl.RaftServerImpl (RaftServerImpl.java:setRole(184)) - 0d5b4e59-aa2f-4fe6-b072-73846da82a05@group-753D53B6DDFB: changes role from  FOLLOWER to FOLLOWER at term 6 for recognizeCandidate:52bfa4dc-bcba-4693-b6e2-7f231a44b6db
2019-10-16 18:49:06,144 [grpc-default-executor-1] INFO  impl.RaftServerImpl (RaftServerImpl.java:setRole(184)) - c0368dd1-c4a9-4bcb-a2d2-6d6b66c0e12a@group-753D53B6DDFB: changes role from  FOLLOWER to FOLLOWER at term 6 for recognizeCandidate:52bfa4dc-bcba-4693-b6e2-7f231a44b6db
2019-10-16 18:49:06,144 [grpc-default-executor-4] INFO  impl.RoleInfo (RoleInfo.java:shutdownFollowerState(121)) - 0d5b4e59-aa2f-4fe6-b072-73846da82a05: shutdown FollowerState
2019-10-16 18:49:06,144 [grpc-default-executor-1] INFO  impl.RoleInfo (RoleInfo.java:shutdownFollowerState(121)) - c0368dd1-c4a9-4bcb-a2d2-6d6b66c0e12a: shutdown FollowerState
2019-10-16 18:49:06,144 [Thread-583] INFO  impl.FollowerState (FollowerState.java:run(117)) - 0d5b4e59-aa2f-4fe6-b072-73846da82a05@group-753D53B6DDFB-FollowerState was interrupted: java.lang.InterruptedException: sleep interrupted
2019-10-16 18:49:06,144 [grpc-default-executor-4] INFO  impl.RoleInfo (RoleInfo.java:updateAndGet(143)) - 0d5b4e59-aa2f-4fe6-b072-73846da82a05: start FollowerState
2019-10-16 18:49:06,144 [Thread-585] INFO  impl.FollowerState (FollowerState.java:run(117)) - c0368dd1-c4a9-4bcb-a2d2-6d6b66c0e12a@group-753D53B6DDFB-FollowerState was interrupted: java.lang.InterruptedException: sleep interrupted
2019-10-16 18:49:06,144 [grpc-default-executor-1] INFO  impl.RoleInfo (RoleInfo.java:updateAndGet(143)) - c0368dd1-c4a9-4bcb-a2d2-6d6b66c0e12a: start FollowerState
2019-10-16 18:49:06,283 [BlockDeletingService#2] WARN  background.BlockDeletingService (BlockDeletingService.java:isDeletionAllowed(187)) - Close Container log Index 6 is not replicated across allthe servers in the pipeline 7043c0de-230d-480f-89cc-753d53b6ddfb as the min replicated index is 4. Deletion is not allowed in this container yet.
2019-10-16 18:49:06,283 [BlockDeletingService#2] WARN  background.BlockDeletingService (BlockDeletingService.java:isDeletionAllowed(187)) - Close Container log Index 6 is not replicated across allthe servers in the pipeline 7043c0de-230d-480f-89cc-753d53b6ddfb as the min replicated index is 4. Deletion is not allowed in this container yet.
2019-10-16 18:49:06,313 [52bfa4dc-bcba-4693-b6e2-7f231a44b6db@group-753D53B6DDFB-LeaderElection10] INFO  impl.LeaderElection (LeaderElection.java:logAndReturn(56)) - 52bfa4dc-bcba-4693-b6e2-7f231a44b6db@group-753D53B6DDFB-LeaderElection10: Election TIMEOUT; received 0 response(s) [] and 0 exception(s); 52bfa4dc-bcba-4693-b6e2-7f231a44b6db@group-753D53B6DDFB:t6, leader=null, voted=52bfa4dc-bcba-4693-b6e2-7f231a44b6db, raftlog=52bfa4dc-bcba-4693-b6e2-7f231a44b6db@group-753D53B6DDFB-SegmentedRaftLog:OPENED:c3,f4,i4, conf=0: [0d5b4e59-aa2f-4fe6-b072-73846da82a05:192.168.157.202:39744, 52bfa4dc-bcba-4693-b6e2-7f231a44b6db:192.168.157.202:43025, c0368dd1-c4a9-4bcb-a2d2-6d6b66c0e12a:192.168.157.202:44847], old=null
2019-10-16 18:49:06,330 [52bfa4dc-bcba-4693-b6e2-7f231a44b6db@group-753D53B6DDFB-LeaderElection10] INFO  impl.LeaderElection (LeaderElection.java:askForVotes(178)) - 52bfa4dc-bcba-4693-b6e2-7f231a44b6db@group-753D53B6DDFB-LeaderElection10: begin an election at term 7 for 0: [0d5b4e59-aa2f-4fe6-b072-73846da82a05:192.168.157.202:39744, 52bfa4dc-bcba-4693-b6e2-7f231a44b6db:192.168.157.202:43025, c0368dd1-c4a9-4bcb-a2d2-6d6b66c0e12a:192.168.157.202:44847], old=null
2019-10-16 18:49:06,335 [grpc-default-executor-4] INFO  impl.RaftServerImpl (RaftServerImpl.java:setRole(184)) - c0368dd1-c4a9-4bcb-a2d2-6d6b66c0e12a@group-753D53B6DDFB: changes role from  FOLLOWER to FOLLOWER at term 7 for recognizeCandidate:52bfa4dc-bcba-4693-b6e2-7f231a44b6db
2019-10-16 18:49:06,336 [grpc-default-executor-4] INFO  impl.RoleInfo (RoleInfo.java:shutdownFollowerState(121)) - c0368dd1-c4a9-4bcb-a2d2-6d6b66c0e12a: shutdown FollowerState
2019-10-16 18:49:06,336 [grpc-default-executor-1] INFO  impl.RaftServerImpl (RaftServerImpl.java:setRole(184)) - 0d5b4e59-aa2f-4fe6-b072-73846da82a05@group-753D53B6DDFB: changes role from  FOLLOWER to FOLLOWER at term 7 for recognizeCandidate:52bfa4dc-bcba-4693-b6e2-7f231a44b6db
2019-10-16 18:49:06,337 [Thread-591] INFO  impl.FollowerState (FollowerState.java:run(117)) - c0368dd1-c4a9-4bcb-a2d2-6d6b66c0e12a@group-753D53B6DDFB-FollowerState was interrupted: java.lang.InterruptedException: sleep interrupted
2019-10-16 18:49:06,336 [grpc-default-executor-4] INFO  impl.RoleInfo (RoleInfo.java:updateAndGet(143)) - c0368dd1-c4a9-4bcb-a2d2-6d6b66c0e12a: start FollowerState
2019-10-16 18:49:06,337 [grpc-default-executor-1] INFO  impl.RoleInfo (RoleInfo.java:shutdownFollowerState(121)) - 0d5b4e59-aa2f-4fe6-b072-73846da82a05: shutdown FollowerState
2019-10-16 18:49:06,338 [grpc-default-executor-1] INFO  impl.RoleInfo (RoleInfo.java:updateAndGet(143)) - 0d5b4e59-aa2f-4fe6-b072-73846da82a05: start FollowerState
2019-10-16 18:49:06,338 [Thread-590] INFO  impl.FollowerState (FollowerState.java:run(117)) - 0d5b4e59-aa2f-4fe6-b072-73846da82a05@group-753D53B6DDFB-FollowerState was interrupted: java.lang.InterruptedException: sleep interrupted
2019-10-16 18:49:06,347 [52bfa4dc-bcba-4693-b6e2-7f231a44b6db@group-753D53B6DDFB-LeaderElection10] INFO  impl.LeaderElection (LeaderElection.java:logAndReturn(56)) - 52bfa4dc-bcba-4693-b6e2-7f231a44b6db@group-753D53B6DDFB-LeaderElection10: Election REJECTED; received 2 response(s) [52bfa4dc-bcba-4693-b6e2-7f231a44b6db<-0d5b4e59-aa2f-4fe6-b072-73846da82a05#0:FAIL-t7, 52bfa4dc-bcba-4693-b6e2-7f231a44b6db<-c0368dd1-c4a9-4bcb-a2d2-6d6b66c0e12a#0:FAIL-t7] and 0 exception(s); 52bfa4dc-bcba-4693-b6e2-7f231a44b6db@group-753D53B6DDFB:t7, leader=null, voted=52bfa4dc-bcba-4693-b6e2-7f231a44b6db, raftlog=52bfa4dc-bcba-4693-b6e2-7f231a44b6db@group-753D53B6DDFB-SegmentedRaftLog:OPENED:c3,f4,i4, conf=0: [0d5b4e59-aa2f-4fe6-b072-73846da82a05:192.168.157.202:39744, 52bfa4dc-bcba-4693-b6e2-7f231a44b6db:192.168.157.202:43025, c0368dd1-c4a9-4bcb-a2d2-6d6b66c0e12a:192.168.157.202:44847], old=null
2019-10-16 18:49:06,347 [52bfa4dc-bcba-4693-b6e2-7f231a44b6db@group-753D53B6DDFB-LeaderElection10] INFO  impl.RaftServerImpl (RaftServerImpl.java:setRole(184)) - 52bfa4dc-bcba-4693-b6e2-7f231a44b6db@group-753D53B6DDFB: changes role from CANDIDATE to FOLLOWER at term 7 for DISCOVERED_A_NEW_TERM
2019-10-16 18:49:06,348 [52bfa4dc-bcba-4693-b6e2-7f231a44b6db@group-753D53B6DDFB-LeaderElection10] INFO  impl.RoleInfo (RoleInfo.java:shutdownLeaderElection(134)) - 52bfa4dc-bcba-4693-b6e2-7f231a44b6db: shutdown LeaderElection
2019-10-16 18:49:06,348 [52bfa4dc-bcba-4693-b6e2-7f231a44b6db@group-753D53B6DDFB-LeaderElection10] INFO  impl.RoleInfo (RoleInfo.java:updateAndGet(143)) - 52bfa4dc-bcba-4693-b6e2-7f231a44b6db: start FollowerState
2019-10-16 18:49:06,377 [Thread-598] INFO  impl.FollowerState (FollowerState.java:run(108)) - 52bfa4dc-bcba-4693-b6e2-7f231a44b6db@group-753D53B6DDFB-FollowerState: change to CANDIDATE, lastRpcTime:29ms, electionTimeout:28ms
2019-10-16 18:49:06,378 [Thread-598] INFO  impl.RoleInfo (RoleInfo.java:shutdownFollowerState(121)) - 52bfa4dc-bcba-4693-b6e2-7f231a44b6db: shutdown FollowerState
2019-10-16 18:49:06,378 [Thread-598] INFO  impl.RaftServerImpl (RaftServerImpl.java:setRole(184)) - 52bfa4dc-bcba-4693-b6e2-7f231a44b6db@group-753D53B6DDFB: changes role from  FOLLOWER to CANDIDATE at term 7 for changeToCandidate
2019-10-16 18:49:06,379 [Thread-598] INFO  impl.RoleInfo (RoleInfo.java:updateAndGet(143)) - 52bfa4dc-bcba-4693-b6e2-7f231a44b6db: start LeaderElection
2019-10-16 18:49:06,386 [52bfa4dc-bcba-4693-b6e2-7f231a44b6db@group-753D53B6DDFB-LeaderElection11] INFO  impl.LeaderElection (LeaderElection.java:askForVotes(178)) - 52bfa4dc-bcba-4693-b6e2-7f231a44b6db@group-753D53B6DDFB-LeaderElection11: begin an election at term 8 for 0: [0d5b4e59-aa2f-4fe6-b072-73846da82a05:192.168.157.202:39744, 52bfa4dc-bcba-4693-b6e2-7f231a44b6db:192.168.157.202:43025, c0368dd1-c4a9-4bcb-a2d2-6d6b66c0e12a:192.168.157.202:44847], old=null
2019-10-16 18:49:06,390 [grpc-default-executor-4] INFO  impl.RaftServerImpl (RaftServerImpl.java:setRole(184)) - c0368dd1-c4a9-4bcb-a2d2-6d6b66c0e12a@group-753D53B6DDFB: changes role from  FOLLOWER to FOLLOWER at term 8 for recognizeCandidate:52bfa4dc-bcba-4693-b6e2-7f231a44b6db
2019-10-16 18:49:06,390 [grpc-default-executor-1] INFO  impl.RaftServerImpl (RaftServerImpl.java:setRole(184)) - 0d5b4e59-aa2f-4fe6-b072-73846da82a05@group-753D53B6DDFB: changes role from  FOLLOWER to FOLLOWER at term 8 for recognizeCandidate:52bfa4dc-bcba-4693-b6e2-7f231a44b6db
2019-10-16 18:49:06,390 [grpc-default-executor-4] INFO  impl.RoleInfo (RoleInfo.java:shutdownFollowerState(121)) - c0368dd1-c4a9-4bcb-a2d2-6d6b66c0e12a: shutdown FollowerState
2019-10-16 18:49:06,390 [grpc-default-executor-1] INFO  impl.RoleInfo (RoleInfo.java:shutdownFollowerState(121)) - 0d5b4e59-aa2f-4fe6-b072-73846da82a05: shutdown FollowerState
2019-10-16 18:49:06,391 [grpc-default-executor-4] INFO  impl.RoleInfo (RoleInfo.java:updateAndGet(143)) - c0368dd1-c4a9-4bcb-a2d2-6d6b66c0e12a: start FollowerState
2019-10-16 18:49:06,391 [Thread-596] INFO  impl.FollowerState (FollowerState.java:run(117)) - c0368dd1-c4a9-4bcb-a2d2-6d6b66c0e12a@group-753D53B6DDFB-FollowerState was interrupted: java.lang.InterruptedException: sleep interrupted
2019-10-16 18:49:06,391 [Thread-597] INFO  impl.FollowerState (FollowerState.java:run(117)) - 0d5b4e59-aa2f-4fe6-b072-73846da82a05@group-753D53B6DDFB-FollowerState was interrupted: java.lang.InterruptedException: sleep interrupted
2019-10-16 18:49:06,391 [grpc-default-executor-1] INFO  impl.RoleInfo (RoleInfo.java:updateAndGet(143)) - 0d5b4e59-aa2f-4fe6-b072-73846da82a05: start FollowerState
2019-10-16 18:49:06,399 [52bfa4dc-bcba-4693-b6e2-7f231a44b6db@group-753D53B6DDFB-LeaderElection11] INFO  impl.LeaderElection (LeaderElection.java:logAndReturn(56)) - 52bfa4dc-bcba-4693-b6e2-7f231a44b6db@group-753D53B6DDFB-LeaderElection11: Election REJECTED; received 2 response(s) [52bfa4dc-bcba-4693-b6e2-7f231a44b6db<-0d5b4e59-aa2f-4fe6-b072-73846da82a05#0:FAIL-t8, 52bfa4dc-bcba-4693-b6e2-7f231a44b6db<-c0368dd1-c4a9-4bcb-a2d2-6d6b66c0e12a#0:FAIL-t8] and 0 exception(s); 52bfa4dc-bcba-4693-b6e2-7f231a44b6db@group-753D53B6DDFB:t8, leader=null, voted=52bfa4dc-bcba-4693-b6e2-7f231a44b6db, raftlog=52bfa4dc-bcba-4693-b6e2-7f231a44b6db@group-753D53B6DDFB-SegmentedRaftLog:OPENED:c3,f4,i4, conf=0: [0d5b4e59-aa2f-4fe6-b072-73846da82a05:192.168.157.202:39744, 52bfa4dc-bcba-4693-b6e2-7f231a44b6db:192.168.157.202:43025, c0368dd1-c4a9-4bcb-a2d2-6d6b66c0e12a:192.168.157.202:44847], old=null
2019-10-16 18:49:06,399 [52bfa4dc-bcba-4693-b6e2-7f231a44b6db@group-753D53B6DDFB-LeaderElection11] INFO  impl.RaftServerImpl (RaftServerImpl.java:setRole(184)) - 52bfa4dc-bcba-4693-b6e2-7f231a44b6db@group-753D53B6DDFB: changes role from CANDIDATE to FOLLOWER at term 8 for DISCOVERED_A_NEW_TERM
2019-10-16 18:49:06,400 [52bfa4dc-bcba-4693-b6e2-7f231a44b6db@group-753D53B6DDFB-LeaderElection11] INFO  impl.RoleInfo (RoleInfo.java:shutdownLeaderElection(134)) - 52bfa4dc-bcba-4693-b6e2-7f231a44b6db: shutdown LeaderElection
2019-10-16 18:49:06,400 [52bfa4dc-bcba-4693-b6e2-7f231a44b6db@group-753D53B6DDFB-LeaderElection11] INFO  impl.RoleInfo (RoleInfo.java:updateAndGet(143)) - 52bfa4dc-bcba-4693-b6e2-7f231a44b6db: start FollowerState
2019-10-16 18:49:06,517 [Thread-604] INFO  impl.FollowerState (FollowerState.java:run(108)) - 52bfa4dc-bcba-4693-b6e2-7f231a44b6db@group-753D53B6DDFB-FollowerState: change to CANDIDATE, lastRpcTime:117ms, electionTimeout:116ms
2019-10-16 18:49:06,519 [Thread-604] INFO  impl.RoleInfo (RoleInfo.java:shutdownFollowerState(121)) - 52bfa4dc-bcba-4693-b6e2-7f231a44b6db: shutdown FollowerState
2019-10-16 18:49:06,519 [Thread-604] INFO  impl.RaftServerImpl (RaftServerImpl.java:setRole(184)) - 52bfa4dc-bcba-4693-b6e2-7f231a44b6db@group-753D53B6DDFB: changes role from  FOLLOWER to CANDIDATE at term 8 for changeToCandidate
2019-10-16 18:49:06,519 [Thread-604] INFO  impl.RoleInfo (RoleInfo.java:updateAndGet(143)) - 52bfa4dc-bcba-4693-b6e2-7f231a44b6db: start LeaderElection
2019-10-16 18:49:06,524 [52bfa4dc-bcba-4693-b6e2-7f231a44b6db@group-753D53B6DDFB-LeaderElection12] INFO  impl.LeaderElection (LeaderElection.java:askForVotes(178)) - 52bfa4dc-bcba-4693-b6e2-7f231a44b6db@group-753D53B6DDFB-LeaderElection12: begin an election at term 9 for 0: [0d5b4e59-aa2f-4fe6-b072-73846da82a05:192.168.157.202:39744, 52bfa4dc-bcba-4693-b6e2-7f231a44b6db:192.168.157.202:43025, c0368dd1-c4a9-4bcb-a2d2-6d6b66c0e12a:192.168.157.202:44847], old=null
2019-10-16 18:49:06,529 [grpc-default-executor-4] INFO  impl.RaftServerImpl (RaftServerImpl.java:setRole(184)) - 0d5b4e59-aa2f-4fe6-b072-73846da82a05@group-753D53B6DDFB: changes role from  FOLLOWER to FOLLOWER at term 9 for recognizeCandidate:52bfa4dc-bcba-4693-b6e2-7f231a44b6db
2019-10-16 18:49:06,529 [grpc-default-executor-1] INFO  impl.RaftServerImpl (RaftServerImpl.java:setRole(184)) - c0368dd1-c4a9-4bcb-a2d2-6d6b66c0e12a@group-753D53B6DDFB: changes role from  FOLLOWER to FOLLOWER at term 9 for recognizeCandidate:52bfa4dc-bcba-4693-b6e2-7f231a44b6db
2019-10-16 18:49:06,529 [grpc-default-executor-4] INFO  impl.RoleInfo (RoleInfo.java:shutdownFollowerState(121)) - 0d5b4e59-aa2f-4fe6-b072-73846da82a05: shutdown FollowerState
2019-10-16 18:49:06,529 [grpc-default-executor-1] INFO  impl.RoleInfo (RoleInfo.java:shutdownFollowerState(121)) - c0368dd1-c4a9-4bcb-a2d2-6d6b66c0e12a: shutdown FollowerState
2019-10-16 18:49:06,529 [Thread-603] INFO  impl.FollowerState (FollowerState.java:run(117)) - 0d5b4e59-aa2f-4fe6-b072-73846da82a05@group-753D53B6DDFB-FollowerState was interrupted: java.lang.InterruptedException: sleep interrupted
2019-10-16 18:49:06,529 [grpc-default-executor-4] INFO  impl.RoleInfo (RoleInfo.java:updateAndGet(143)) - 0d5b4e59-aa2f-4fe6-b072-73846da82a05: start FollowerState
2019-10-16 18:49:06,529 [Thread-602] INFO  impl.FollowerState (FollowerState.java:run(117)) - c0368dd1-c4a9-4bcb-a2d2-6d6b66c0e12a@group-753D53B6DDFB-FollowerState was interrupted: java.lang.InterruptedException: sleep interrupted
2019-10-16 18:49:06,529 [grpc-default-executor-1] INFO  impl.RoleInfo (RoleInfo.java:updateAndGet(143)) - c0368dd1-c4a9-4bcb-a2d2-6d6b66c0e12a: start FollowerState
2019-10-16 18:49:06,557 [52bfa4dc-bcba-4693-b6e2-7f231a44b6db@group-753D53B6DDFB-LeaderElection12] INFO  impl.LeaderElection (LeaderElection.java:logAndReturn(56)) - 52bfa4dc-bcba-4693-b6e2-7f231a44b6db@group-753D53B6DDFB-LeaderElection12: Election REJECTED; received 2 response(s) [52bfa4dc-bcba-4693-b6e2-7f231a44b6db<-0d5b4e59-aa2f-4fe6-b072-73846da82a05#0:FAIL-t9, 52bfa4dc-bcba-4693-b6e2-7f231a44b6db<-c0368dd1-c4a9-4bcb-a2d2-6d6b66c0e12a#0:FAIL-t9] and 0 exception(s); 52bfa4dc-bcba-4693-b6e2-7f231a44b6db@group-753D53B6DDFB:t9, leader=null, voted=52bfa4dc-bcba-4693-b6e2-7f231a44b6db, raftlog=52bfa4dc-bcba-4693-b6e2-7f231a44b6db@group-753D53B6DDFB-SegmentedRaftLog:OPENED:c3,f4,i4, conf=0: [0d5b4e59-aa2f-4fe6-b072-73846da82a05:192.168.157.202:39744, 52bfa4dc-bcba-4693-b6e2-7f231a44b6db:192.168.157.202:43025, c0368dd1-c4a9-4bcb-a2d2-6d6b66c0e12a:192.168.157.202:44847], old=null
2019-10-16 18:49:06,557 [52bfa4dc-bcba-4693-b6e2-7f231a44b6db@group-753D53B6DDFB-LeaderElection12] INFO  impl.RaftServerImpl (RaftServerImpl.java:setRole(184)) - 52bfa4dc-bcba-4693-b6e2-7f231a44b6db@group-753D53B6DDFB: changes role from CANDIDATE to FOLLOWER at term 9 for DISCOVERED_A_NEW_TERM
2019-10-16 18:49:06,558 [52bfa4dc-bcba-4693-b6e2-7f231a44b6db@group-753D53B6DDFB-LeaderElection12] INFO  impl.RoleInfo (RoleInfo.java:shutdownLeaderElection(134)) - 52bfa4dc-bcba-4693-b6e2-7f231a44b6db: shutdown LeaderElection
2019-10-16 18:49:06,558 [52bfa4dc-bcba-4693-b6e2-7f231a44b6db@group-753D53B6DDFB-LeaderElection12] INFO  impl.RoleInfo (RoleInfo.java:updateAndGet(143)) - 52bfa4dc-bcba-4693-b6e2-7f231a44b6db: start FollowerState
2019-10-16 18:49:06,709 [Thread-610] INFO  impl.FollowerState (FollowerState.java:run(108)) - 52bfa4dc-bcba-4693-b6e2-7f231a44b6db@group-753D53B6DDFB-FollowerState: change to CANDIDATE, lastRpcTime:151ms, electionTimeout:150ms
2019-10-16 18:49:06,711 [Thread-610] INFO  impl.RoleInfo (RoleInfo.java:shutdownFollowerState(121)) - 52bfa4dc-bcba-4693-b6e2-7f231a44b6db: shutdown FollowerState
2019-10-16 18:49:06,711 [Thread-610] INFO  impl.RaftServerImpl (RaftServerImpl.java:setRole(184)) - 52bfa4dc-bcba-4693-b6e2-7f231a44b6db@group-753D53B6DDFB: changes role from  FOLLOWER to CANDIDATE at term 9 for changeToCandidate
2019-10-16 18:49:06,711 [Thread-610] INFO  impl.RoleInfo (RoleInfo.java:updateAndGet(143)) - 52bfa4dc-bcba-4693-b6e2-7f231a44b6db: start LeaderElection
2019-10-16 18:49:06,735 [52bfa4dc-bcba-4693-b6e2-7f231a44b6db@group-753D53B6DDFB-LeaderElection13] INFO  impl.LeaderElection (LeaderElection.java:askForVotes(178)) - 52bfa4dc-bcba-4693-b6e2-7f231a44b6db@group-753D53B6DDFB-LeaderElection13: begin an election at term 10 for 0: [0d5b4e59-aa2f-4fe6-b072-73846da82a05:192.168.157.202:39744, 52bfa4dc-bcba-4693-b6e2-7f231a44b6db:192.168.157.202:43025, c0368dd1-c4a9-4bcb-a2d2-6d6b66c0e12a:192.168.157.202:44847], old=null
2019-10-16 18:49:06,739 [grpc-default-executor-4] INFO  impl.RaftServerImpl (RaftServerImpl.java:setRole(184)) - 0d5b4e59-aa2f-4fe6-b072-73846da82a05@group-753D53B6DDFB: changes role from  FOLLOWER to FOLLOWER at term 10 for recognizeCandidate:52bfa4dc-bcba-4693-b6e2-7f231a44b6db
2019-10-16 18:49:06,739 [grpc-default-executor-1] INFO  impl.RaftServerImpl (RaftServerImpl.java:setRole(184)) - c0368dd1-c4a9-4bcb-a2d2-6d6b66c0e12a@group-753D53B6DDFB: changes role from  FOLLOWER to FOLLOWER at term 10 for recognizeCandidate:52bfa4dc-bcba-4693-b6e2-7f231a44b6db
2019-10-16 18:49:06,739 [grpc-default-executor-4] INFO  impl.RoleInfo (RoleInfo.java:shutdownFollowerState(121)) - 0d5b4e59-aa2f-4fe6-b072-73846da82a05: shutdown FollowerState
2019-10-16 18:49:06,739 [grpc-default-executor-1] INFO  impl.RoleInfo (RoleInfo.java:shutdownFollowerState(121)) - c0368dd1-c4a9-4bcb-a2d2-6d6b66c0e12a: shutdown FollowerState
2019-10-16 18:49:06,739 [Thread-608] INFO  impl.FollowerState (FollowerState.java:run(117)) - 0d5b4e59-aa2f-4fe6-b072-73846da82a05@group-753D53B6DDFB-FollowerState was interrupted: java.lang.InterruptedException: sleep interrupted
2019-10-16 18:49:06,739 [grpc-default-executor-4] INFO  impl.RoleInfo (RoleInfo.java:updateAndGet(143)) - 0d5b4e59-aa2f-4fe6-b072-73846da82a05: start FollowerState
2019-10-16 18:49:06,739 [grpc-default-executor-1] INFO  impl.RoleInfo (RoleInfo.java:updateAndGet(143)) - c0368dd1-c4a9-4bcb-a2d2-6d6b66c0e12a: start FollowerState
2019-10-16 18:49:06,739 [Thread-609] INFO  impl.FollowerState (FollowerState.java:run(117)) - c0368dd1-c4a9-4bcb-a2d2-6d6b66c0e12a@group-753D53B6DDFB-FollowerState was interrupted: java.lang.InterruptedException: sleep interrupted
2019-10-16 18:49:06,749 [52bfa4dc-bcba-4693-b6e2-7f231a44b6db@group-753D53B6DDFB-LeaderElection13] INFO  impl.LeaderElection (LeaderElection.java:logAndReturn(56)) - 52bfa4dc-bcba-4693-b6e2-7f231a44b6db@group-753D53B6DDFB-LeaderElection13: Election REJECTED; received 2 response(s) [52bfa4dc-bcba-4693-b6e2-7f231a44b6db<-0d5b4e59-aa2f-4fe6-b072-73846da82a05#0:FAIL-t10, 52bfa4dc-bcba-4693-b6e2-7f231a44b6db<-c0368dd1-c4a9-4bcb-a2d2-6d6b66c0e12a#0:FAIL-t10] and 0 exception(s); 52bfa4dc-bcba-4693-b6e2-7f231a44b6db@group-753D53B6DDFB:t10, leader=null, voted=52bfa4dc-bcba-4693-b6e2-7f231a44b6db, raftlog=52bfa4dc-bcba-4693-b6e2-7f231a44b6db@group-753D53B6DDFB-SegmentedRaftLog:OPENED:c3,f4,i4, conf=0: [0d5b4e59-aa2f-4fe6-b072-73846da82a05:192.168.157.202:39744, 52bfa4dc-bcba-4693-b6e2-7f231a44b6db:192.168.157.202:43025, c0368dd1-c4a9-4bcb-a2d2-6d6b66c0e12a:192.168.157.202:44847], old=null
2019-10-16 18:49:06,749 [52bfa4dc-bcba-4693-b6e2-7f231a44b6db@group-753D53B6DDFB-LeaderElection13] INFO  impl.RaftServerImpl (RaftServerImpl.java:setRole(184)) - 52bfa4dc-bcba-4693-b6e2-7f231a44b6db@group-753D53B6DDFB: changes role from CANDIDATE to FOLLOWER at term 10 for DISCOVERED_A_NEW_TERM
2019-10-16 18:49:06,749 [52bfa4dc-bcba-4693-b6e2-7f231a44b6db@group-753D53B6DDFB-LeaderElection13] INFO  impl.RoleInfo (RoleInfo.java:shutdownLeaderElection(134)) - 52bfa4dc-bcba-4693-b6e2-7f231a44b6db: shutdown LeaderElection
2019-10-16 18:49:06,749 [52bfa4dc-bcba-4693-b6e2-7f231a44b6db@group-753D53B6DDFB-LeaderElection13] INFO  impl.RoleInfo (RoleInfo.java:updateAndGet(143)) - 52bfa4dc-bcba-4693-b6e2-7f231a44b6db: start FollowerState
2019-10-16 18:49:06,885 [Thread-616] INFO  impl.FollowerState (FollowerState.java:run(108)) - 52bfa4dc-bcba-4693-b6e2-7f231a44b6db@group-753D53B6DDFB-FollowerState: change to CANDIDATE, lastRpcTime:135ms, electionTimeout:132ms
2019-10-16 18:49:06,886 [Thread-616] INFO  impl.RoleInfo (RoleInfo.java:shutdownFollowerState(121)) - 52bfa4dc-bcba-4693-b6e2-7f231a44b6db: shutdown FollowerState
2019-10-16 18:49:06,886 [Thread-616] INFO  impl.RaftServerImpl (RaftServerImpl.java:setRole(184)) - 52bfa4dc-bcba-4693-b6e2-7f231a44b6db@group-753D53B6DDFB: changes role from  FOLLOWER to CANDIDATE at term 10 for changeToCandidate
2019-10-16 18:49:06,886 [Thread-616] INFO  impl.RoleInfo (RoleInfo.java:updateAndGet(143)) - 52bfa4dc-bcba-4693-b6e2-7f231a44b6db: start LeaderElection
2019-10-16 18:49:06,910 [52bfa4dc-bcba-4693-b6e2-7f231a44b6db@group-753D53B6DDFB-LeaderElection14] INFO  impl.LeaderElection (LeaderElection.java:askForVotes(178)) - 52bfa4dc-bcba-4693-b6e2-7f231a44b6db@group-753D53B6DDFB-LeaderElection14: begin an election at term 11 for 0: [0d5b4e59-aa2f-4fe6-b072-73846da82a05:192.168.157.202:39744, 52bfa4dc-bcba-4693-b6e2-7f231a44b6db:192.168.157.202:43025, c0368dd1-c4a9-4bcb-a2d2-6d6b66c0e12a:192.168.157.202:44847], old=null
2019-10-16 18:49:06,915 [grpc-default-executor-1] INFO  impl.RaftServerImpl (RaftServerImpl.java:setRole(184)) - 0d5b4e59-aa2f-4fe6-b072-73846da82a05@group-753D53B6DDFB: changes role from  FOLLOWER to FOLLOWER at term 11 for recognizeCandidate:52bfa4dc-bcba-4693-b6e2-7f231a44b6db
2019-10-16 18:49:06,915 [grpc-default-executor-1] INFO  impl.RoleInfo (RoleInfo.java:shutdownFollowerState(121)) - 0d5b4e59-aa2f-4fe6-b072-73846da82a05: shutdown FollowerState
2019-10-16 18:49:06,915 [grpc-default-executor-4] INFO  impl.RaftServerImpl (RaftServerImpl.java:setRole(184)) - c0368dd1-c4a9-4bcb-a2d2-6d6b66c0e12a@group-753D53B6DDFB: changes role from  FOLLOWER to FOLLOWER at term 11 for recognizeCandidate:52bfa4dc-bcba-4693-b6e2-7f231a44b6db
2019-10-16 18:49:06,915 [grpc-default-executor-1] INFO  impl.RoleInfo (RoleInfo.java:updateAndGet(143)) - 0d5b4e59-aa2f-4fe6-b072-73846da82a05: start FollowerState
2019-10-16 18:49:06,915 [Thread-614] INFO  impl.FollowerState (FollowerState.java:run(117)) - 0d5b4e59-aa2f-4fe6-b072-73846da82a05@group-753D53B6DDFB-FollowerState was interrupted: java.lang.InterruptedException: sleep interrupted
2019-10-16 18:49:06,915 [grpc-default-executor-4] INFO  impl.RoleInfo (RoleInfo.java:shutdownFollowerState(121)) - c0368dd1-c4a9-4bcb-a2d2-6d6b66c0e12a: shutdown FollowerState
2019-10-16 18:49:06,916 [grpc-default-executor-4] INFO  impl.RoleInfo (RoleInfo.java:updateAndGet(143)) - c0368dd1-c4a9-4bcb-a2d2-6d6b66c0e12a: start FollowerState
2019-10-16 18:49:06,916 [Thread-615] INFO  impl.FollowerState (FollowerState.java:run(117)) - c0368dd1-c4a9-4bcb-a2d2-6d6b66c0e12a@group-753D53B6DDFB-FollowerState was interrupted: java.lang.InterruptedException: sleep interrupted
2019-10-16 18:49:06,927 [52bfa4dc-bcba-4693-b6e2-7f231a44b6db@group-753D53B6DDFB-LeaderElection14] INFO  impl.LeaderElection (LeaderElection.java:logAndReturn(56)) - 52bfa4dc-bcba-4693-b6e2-7f231a44b6db@group-753D53B6DDFB-LeaderElection14: Election REJECTED; received 2 response(s) [52bfa4dc-bcba-4693-b6e2-7f231a44b6db<-0d5b4e59-aa2f-4fe6-b072-73846da82a05#0:FAIL-t11, 52bfa4dc-bcba-4693-b6e2-7f231a44b6db<-c0368dd1-c4a9-4bcb-a2d2-6d6b66c0e12a#0:FAIL-t11] and 0 exception(s); 52bfa4dc-bcba-4693-b6e2-7f231a44b6db@group-753D53B6DDFB:t11, leader=null, voted=52bfa4dc-bcba-4693-b6e2-7f231a44b6db, raftlog=52bfa4dc-bcba-4693-b6e2-7f231a44b6db@group-753D53B6DDFB-SegmentedRaftLog:OPENED:c3,f4,i4, conf=0: [0d5b4e59-aa2f-4fe6-b072-73846da82a05:192.168.157.202:39744, 52bfa4dc-bcba-4693-b6e2-7f231a44b6db:192.168.157.202:43025, c0368dd1-c4a9-4bcb-a2d2-6d6b66c0e12a:192.168.157.202:44847], old=null
2019-10-16 18:49:06,927 [52bfa4dc-bcba-4693-b6e2-7f231a44b6db@group-753D53B6DDFB-LeaderElection14] INFO  impl.RaftServerImpl (RaftServerImpl.java:setRole(184)) - 52bfa4dc-bcba-4693-b6e2-7f231a44b6db@group-753D53B6DDFB: changes role from CANDIDATE to FOLLOWER at term 11 for DISCOVERED_A_NEW_TERM
2019-10-16 18:49:06,927 [52bfa4dc-bcba-4693-b6e2-7f231a44b6db@group-753D53B6DDFB-LeaderElection14] INFO  impl.RoleInfo (RoleInfo.java:shutdownLeaderElection(134)) - 52bfa4dc-bcba-4693-b6e2-7f231a44b6db: shutdown LeaderElection
2019-10-16 18:49:06,927 [52bfa4dc-bcba-4693-b6e2-7f231a44b6db@group-753D53B6DDFB-LeaderElection14] INFO  impl.RoleInfo (RoleInfo.java:updateAndGet(143)) - 52bfa4dc-bcba-4693-b6e2-7f231a44b6db: start FollowerState
2019-10-16 18:49:07,014 [pool-7-thread-1] INFO  commands.RetriableDatanodeEventWatcher (RetriableDatanodeEventWatcher.java:onTimeout(47)) - RetriableDatanodeCommand type=deleteBlocksCommand with id=1571251743007 timed out. Retrying.
2019-10-16 18:49:07,018 [pool-7-thread-3] INFO  commands.RetriableDatanodeEventWatcher (RetriableDatanodeEventWatcher.java:onTimeout(47)) - RetriableDatanodeCommand type=deleteBlocksCommand with id=1571251743011 timed out. Retrying.
2019-10-16 18:49:07,018 [pool-7-thread-2] INFO  commands.RetriableDatanodeEventWatcher (RetriableDatanodeEventWatcher.java:onTimeout(47)) - RetriableDatanodeCommand type=deleteBlocksCommand with id=1571251743010 timed out. Retrying.
2019-10-16 18:49:07,018 [pool-7-thread-4] INFO  commands.RetriableDatanodeEventWatcher (RetriableDatanodeEventWatcher.java:onTimeout(47)) - RetriableDatanodeCommand type=deleteBlocksCommand with id=1571251743009 timed out. Retrying.
2019-10-16 18:49:07,019 [SCMBlockDeletingService#1] INFO  block.SCMBlockDeletingService (SCMBlockDeletingService.java:call(184)) - Totally added 1 delete blocks command for 1 datanodes, task elapsed time: 0ms
2019-10-16 18:49:07,025 [Thread-625] INFO  client.GrpcClientProtocolService (GrpcClientProtocolService.java:lambda$processClientRequest$0(278)) - Failed RaftClientRequest:client-F1A042848956->52bfa4dc-bcba-4693-b6e2-7f231a44b6db@group-753D53B6DDFB, cid=10, seq=0, Watch-ALL_COMMITTED(6), Message:<EMPTY>, reply=RaftClientReply:client-F1A042848956->52bfa4dc-bcba-4693-b6e2-7f231a44b6db@group-753D53B6DDFB, cid=10, FAILED org.apache.ratis.protocol.NotLeaderException: Server 52bfa4dc-bcba-4693-b6e2-7f231a44b6db@group-753D53B6DDFB is not the leader, logIndex=0, commits[52bfa4dc-bcba-4693-b6e2-7f231a44b6db:c3]
2019-10-16 18:49:07,042 [Thread-623] INFO  impl.FollowerState (FollowerState.java:run(108)) - 52bfa4dc-bcba-4693-b6e2-7f231a44b6db@group-753D53B6DDFB-FollowerState: change to CANDIDATE, lastRpcTime:114ms, electionTimeout:114ms
2019-10-16 18:49:07,042 [Thread-623] INFO  impl.RoleInfo (RoleInfo.java:shutdownFollowerState(121)) - 52bfa4dc-bcba-4693-b6e2-7f231a44b6db: shutdown FollowerState
2019-10-16 18:49:07,042 [Thread-623] INFO  impl.RaftServerImpl (RaftServerImpl.java:setRole(184)) - 52bfa4dc-bcba-4693-b6e2-7f231a44b6db@group-753D53B6DDFB: changes role from  FOLLOWER to CANDIDATE at term 11 for changeToCandidate
2019-10-16 18:49:07,042 [Thread-623] INFO  impl.RoleInfo (RoleInfo.java:updateAndGet(143)) - 52bfa4dc-bcba-4693-b6e2-7f231a44b6db: start LeaderElection
2019-10-16 18:49:07,050 [52bfa4dc-bcba-4693-b6e2-7f231a44b6db@group-753D53B6DDFB-LeaderElection15] INFO  impl.LeaderElection (LeaderElection.java:askForVotes(178)) - 52bfa4dc-bcba-4693-b6e2-7f231a44b6db@group-753D53B6DDFB-LeaderElection15: begin an election at term 12 for 0: [0d5b4e59-aa2f-4fe6-b072-73846da82a05:192.168.157.202:39744, 52bfa4dc-bcba-4693-b6e2-7f231a44b6db:192.168.157.202:43025, c0368dd1-c4a9-4bcb-a2d2-6d6b66c0e12a:192.168.157.202:44847], old=null
2019-10-16 18:49:07,058 [grpc-default-executor-1] INFO  impl.RaftServerImpl (RaftServerImpl.java:setRole(184)) - 0d5b4e59-aa2f-4fe6-b072-73846da82a05@group-753D53B6DDFB: changes role from  FOLLOWER to FOLLOWER at term 12 for recognizeCandidate:52bfa4dc-bcba-4693-b6e2-7f231a44b6db
2019-10-16 18:49:07,058 [grpc-default-executor-4] INFO  impl.RaftServerImpl (RaftServerImpl.java:setRole(184)) - c0368dd1-c4a9-4bcb-a2d2-6d6b66c0e12a@group-753D53B6DDFB: changes role from  FOLLOWER to FOLLOWER at term 12 for recognizeCandidate:52bfa4dc-bcba-4693-b6e2-7f231a44b6db
2019-10-16 18:49:07,058 [grpc-default-executor-1] INFO  impl.RoleInfo (RoleInfo.java:shutdownFollowerState(121)) - 0d5b4e59-aa2f-4fe6-b072-73846da82a05: shutdown FollowerState
2019-10-16 18:49:07,058 [grpc-default-executor-4] INFO  impl.RoleInfo (RoleInfo.java:shutdownFollowerState(121)) - c0368dd1-c4a9-4bcb-a2d2-6d6b66c0e12a: shutdown FollowerState
2019-10-16 18:49:07,059 [Thread-621] INFO  impl.FollowerState (FollowerState.java:run(117)) - 0d5b4e59-aa2f-4fe6-b072-73846da82a05@group-753D53B6DDFB-FollowerState was interrupted: java.lang.InterruptedException: sleep interrupted
2019-10-16 18:49:07,059 [Thread-622] INFO  impl.FollowerState (FollowerState.java:run(117)) - c0368dd1-c4a9-4bcb-a2d2-6d6b66c0e12a@group-753D53B6DDFB-FollowerState was interrupted: java.lang.InterruptedException: sleep interrupted
2019-10-16 18:49:07,059 [grpc-default-executor-1] INFO  impl.RoleInfo (RoleInfo.java:updateAndGet(143)) - 0d5b4e59-aa2f-4fe6-b072-73846da82a05: start FollowerState
2019-10-16 18:49:07,059 [grpc-default-executor-4] INFO  impl.RoleInfo (RoleInfo.java:updateAndGet(143)) - c0368dd1-c4a9-4bcb-a2d2-6d6b66c0e12a: start FollowerState
2019-10-16 18:49:07,094 [52bfa4dc-bcba-4693-b6e2-7f231a44b6db@group-753D53B6DDFB-LeaderElection15] INFO  impl.LeaderElection (LeaderElection.java:logAndReturn(56)) - 52bfa4dc-bcba-4693-b6e2-7f231a44b6db@group-753D53B6DDFB-LeaderElection15: Election REJECTED; received 2 response(s) [52bfa4dc-bcba-4693-b6e2-7f231a44b6db<-0d5b4e59-aa2f-4fe6-b072-73846da82a05#0:FAIL-t12, 52bfa4dc-bcba-4693-b6e2-7f231a44b6db<-c0368dd1-c4a9-4bcb-a2d2-6d6b66c0e12a#0:FAIL-t12] and 0 exception(s); 52bfa4dc-bcba-4693-b6e2-7f231a44b6db@group-753D53B6DDFB:t12, leader=null, voted=52bfa4dc-bcba-4693-b6e2-7f231a44b6db, raftlog=52bfa4dc-bcba-4693-b6e2-7f231a44b6db@group-753D53B6DDFB-SegmentedRaftLog:OPENED:c3,f4,i4, conf=0: [0d5b4e59-aa2f-4fe6-b072-73846da82a05:192.168.157.202:39744, 52bfa4dc-bcba-4693-b6e2-7f231a44b6db:192.168.157.202:43025, c0368dd1-c4a9-4bcb-a2d2-6d6b66c0e12a:192.168.157.202:44847], old=null
2019-10-16 18:49:07,094 [52bfa4dc-bcba-4693-b6e2-7f231a44b6db@group-753D53B6DDFB-LeaderElection15] INFO  impl.RaftServerImpl (RaftServerImpl.java:setRole(184)) - 52bfa4dc-bcba-4693-b6e2-7f231a44b6db@group-753D53B6DDFB: changes role from CANDIDATE to FOLLOWER at term 12 for DISCOVERED_A_NEW_TERM
2019-10-16 18:49:07,094 [52bfa4dc-bcba-4693-b6e2-7f231a44b6db@group-753D53B6DDFB-LeaderElection15] INFO  impl.RoleInfo (RoleInfo.java:shutdownLeaderElection(134)) - 52bfa4dc-bcba-4693-b6e2-7f231a44b6db: shutdown LeaderElection
2019-10-16 18:49:07,094 [52bfa4dc-bcba-4693-b6e2-7f231a44b6db@group-753D53B6DDFB-LeaderElection15] INFO  impl.RoleInfo (RoleInfo.java:updateAndGet(143)) - 52bfa4dc-bcba-4693-b6e2-7f231a44b6db: start FollowerState
2019-10-16 18:49:07,272 [Thread-632] INFO  impl.FollowerState (FollowerState.java:run(108)) - 52bfa4dc-bcba-4693-b6e2-7f231a44b6db@group-753D53B6DDFB-FollowerState: change to CANDIDATE, lastRpcTime:178ms, electionTimeout:178ms
2019-10-16 18:49:07,273 [Thread-632] INFO  impl.RoleInfo (RoleInfo.java:shutdownFollowerState(121)) - 52bfa4dc-bcba-4693-b6e2-7f231a44b6db: shutdown FollowerState
2019-10-16 18:49:07,274 [Thread-632] INFO  impl.RaftServerImpl (RaftServerImpl.java:setRole(184)) - 52bfa4dc-bcba-4693-b6e2-7f231a44b6db@group-753D53B6DDFB: changes role from  FOLLOWER to CANDIDATE at term 12 for changeToCandidate
2019-10-16 18:49:07,274 [Thread-632] INFO  impl.RoleInfo (RoleInfo.java:updateAndGet(143)) - 52bfa4dc-bcba-4693-b6e2-7f231a44b6db: start LeaderElection
2019-10-16 18:49:07,285 [BlockDeletingService#2] WARN  background.BlockDeletingService (BlockDeletingService.java:isDeletionAllowed(187)) - Close Container log Index 6 is not replicated across allthe servers in the pipeline 7043c0de-230d-480f-89cc-753d53b6ddfb as the min replicated index is 4. Deletion is not allowed in this container yet.
2019-10-16 18:49:07,285 [BlockDeletingService#2] WARN  background.BlockDeletingService (BlockDeletingService.java:isDeletionAllowed(187)) - Close Container log Index 6 is not replicated across allthe servers in the pipeline 7043c0de-230d-480f-89cc-753d53b6ddfb as the min replicated index is 4. Deletion is not allowed in this container yet.
2019-10-16 18:49:07,291 [52bfa4dc-bcba-4693-b6e2-7f231a44b6db@group-753D53B6DDFB-LeaderElection16] INFO  impl.LeaderElection (LeaderElection.java:askForVotes(178)) - 52bfa4dc-bcba-4693-b6e2-7f231a44b6db@group-753D53B6DDFB-LeaderElection16: begin an election at term 13 for 0: [0d5b4e59-aa2f-4fe6-b072-73846da82a05:192.168.157.202:39744, 52bfa4dc-bcba-4693-b6e2-7f231a44b6db:192.168.157.202:43025, c0368dd1-c4a9-4bcb-a2d2-6d6b66c0e12a:192.168.157.202:44847], old=null
2019-10-16 18:49:07,295 [grpc-default-executor-1] INFO  impl.RaftServerImpl (RaftServerImpl.java:setRole(184)) - c0368dd1-c4a9-4bcb-a2d2-6d6b66c0e12a@group-753D53B6DDFB: changes role from  FOLLOWER to FOLLOWER at term 13 for recognizeCandidate:52bfa4dc-bcba-4693-b6e2-7f231a44b6db
2019-10-16 18:49:07,295 [grpc-default-executor-4] INFO  impl.RaftServerImpl (RaftServerImpl.java:setRole(184)) - 0d5b4e59-aa2f-4fe6-b072-73846da82a05@group-753D53B6DDFB: changes role from  FOLLOWER to FOLLOWER at term 13 for recognizeCandidate:52bfa4dc-bcba-4693-b6e2-7f231a44b6db
2019-10-16 18:49:07,295 [grpc-default-executor-1] INFO  impl.RoleInfo (RoleInfo.java:shutdownFollowerState(121)) - c0368dd1-c4a9-4bcb-a2d2-6d6b66c0e12a: shutdown FollowerState
2019-10-16 18:49:07,295 [grpc-default-executor-4] INFO  impl.RoleInfo (RoleInfo.java:shutdownFollowerState(121)) - 0d5b4e59-aa2f-4fe6-b072-73846da82a05: shutdown FollowerState
2019-10-16 18:49:07,296 [Thread-631] INFO  impl.FollowerState (FollowerState.java:run(117)) - c0368dd1-c4a9-4bcb-a2d2-6d6b66c0e12a@group-753D53B6DDFB-FollowerState was interrupted: java.lang.InterruptedException: sleep interrupted
2019-10-16 18:49:07,296 [grpc-default-executor-1] INFO  impl.RoleInfo (RoleInfo.java:updateAndGet(143)) - c0368dd1-c4a9-4bcb-a2d2-6d6b66c0e12a: start FollowerState
2019-10-16 18:49:07,296 [Thread-630] INFO  impl.FollowerState (FollowerState.java:run(117)) - 0d5b4e59-aa2f-4fe6-b072-73846da82a05@group-753D53B6DDFB-FollowerState was interrupted: java.lang.InterruptedException: sleep interrupted
2019-10-16 18:49:07,296 [grpc-default-executor-4] INFO  impl.RoleInfo (RoleInfo.java:updateAndGet(143)) - 0d5b4e59-aa2f-4fe6-b072-73846da82a05: start FollowerState
2019-10-16 18:49:07,304 [52bfa4dc-bcba-4693-b6e2-7f231a44b6db@group-753D53B6DDFB-LeaderElection16] INFO  impl.LeaderElection (LeaderElection.java:logAndReturn(56)) - 52bfa4dc-bcba-4693-b6e2-7f231a44b6db@group-753D53B6DDFB-LeaderElection16: Election REJECTED; received 2 response(s) [52bfa4dc-bcba-4693-b6e2-7f231a44b6db<-0d5b4e59-aa2f-4fe6-b072-73846da82a05#0:FAIL-t13, 52bfa4dc-bcba-4693-b6e2-7f231a44b6db<-c0368dd1-c4a9-4bcb-a2d2-6d6b66c0e12a#0:FAIL-t13] and 0 exception(s); 52bfa4dc-bcba-4693-b6e2-7f231a44b6db@group-753D53B6DDFB:t13, leader=null, voted=52bfa4dc-bcba-4693-b6e2-7f231a44b6db, raftlog=52bfa4dc-bcba-4693-b6e2-7f231a44b6db@group-753D53B6DDFB-SegmentedRaftLog:OPENED:c3,f4,i4, conf=0: [0d5b4e59-aa2f-4fe6-b072-73846da82a05:192.168.157.202:39744, 52bfa4dc-bcba-4693-b6e2-7f231a44b6db:192.168.157.202:43025, c0368dd1-c4a9-4bcb-a2d2-6d6b66c0e12a:192.168.157.202:44847], old=null
2019-10-16 18:49:07,305 [52bfa4dc-bcba-4693-b6e2-7f231a44b6db@group-753D53B6DDFB-LeaderElection16] INFO  impl.RaftServerImpl (RaftServerImpl.java:setRole(184)) - 52bfa4dc-bcba-4693-b6e2-7f231a44b6db@group-753D53B6DDFB: changes role from CANDIDATE to FOLLOWER at term 13 for DISCOVERED_A_NEW_TERM
2019-10-16 18:49:07,305 [52bfa4dc-bcba-4693-b6e2-7f231a44b6db@group-753D53B6DDFB-LeaderElection16] INFO  impl.RoleInfo (RoleInfo.java:shutdownLeaderElection(134)) - 52bfa4dc-bcba-4693-b6e2-7f231a44b6db: shutdown LeaderElection
2019-10-16 18:49:07,305 [52bfa4dc-bcba-4693-b6e2-7f231a44b6db@group-753D53B6DDFB-LeaderElection16] INFO  impl.RoleInfo (RoleInfo.java:updateAndGet(143)) - 52bfa4dc-bcba-4693-b6e2-7f231a44b6db: start FollowerState
2019-10-16 18:49:07,415 [Thread-640] INFO  impl.FollowerState (FollowerState.java:run(108)) - 52bfa4dc-bcba-4693-b6e2-7f231a44b6db@group-753D53B6DDFB-FollowerState: change to CANDIDATE, lastRpcTime:110ms, electionTimeout:110ms
2019-10-16 18:49:07,416 [Thread-640] INFO  impl.RoleInfo (RoleInfo.java:shutdownFollowerState(121)) - 52bfa4dc-bcba-4693-b6e2-7f231a44b6db: shutdown FollowerState
2019-10-16 18:49:07,416 [Thread-640] INFO  impl.RaftServerImpl (RaftServerImpl.java:setRole(184)) - 52bfa4dc-bcba-4693-b6e2-7f231a44b6db@group-753D53B6DDFB: changes role from  FOLLOWER to CANDIDATE at term 13 for changeToCandidate
2019-10-16 18:49:07,417 [Thread-640] INFO  impl.RoleInfo (RoleInfo.java:updateAndGet(143)) - 52bfa4dc-bcba-4693-b6e2-7f231a44b6db: start LeaderElection
2019-10-16 18:49:07,431 [52bfa4dc-bcba-4693-b6e2-7f231a44b6db@group-753D53B6DDFB-LeaderElection17] INFO  impl.LeaderElection (LeaderElection.java:askForVotes(178)) - 52bfa4dc-bcba-4693-b6e2-7f231a44b6db@group-753D53B6DDFB-LeaderElection17: begin an election at term 14 for 0: [0d5b4e59-aa2f-4fe6-b072-73846da82a05:192.168.157.202:39744, 52bfa4dc-bcba-4693-b6e2-7f231a44b6db:192.168.157.202:43025, c0368dd1-c4a9-4bcb-a2d2-6d6b66c0e12a:192.168.157.202:44847], old=null
2019-10-16 18:49:07,434 [grpc-default-executor-1] INFO  impl.RaftServerImpl (RaftServerImpl.java:setRole(184)) - c0368dd1-c4a9-4bcb-a2d2-6d6b66c0e12a@group-753D53B6DDFB: changes role from  FOLLOWER to FOLLOWER at term 14 for recognizeCandidate:52bfa4dc-bcba-4693-b6e2-7f231a44b6db
2019-10-16 18:49:07,434 [grpc-default-executor-1] INFO  impl.RoleInfo (RoleInfo.java:shutdownFollowerState(121)) - c0368dd1-c4a9-4bcb-a2d2-6d6b66c0e12a: shutdown FollowerState
2019-10-16 18:49:07,435 [grpc-default-executor-1] INFO  impl.RoleInfo (RoleInfo.java:updateAndGet(143)) - c0368dd1-c4a9-4bcb-a2d2-6d6b66c0e12a: start FollowerState
2019-10-16 18:49:07,435 [Thread-638] INFO  impl.FollowerState (FollowerState.java:run(117)) - c0368dd1-c4a9-4bcb-a2d2-6d6b66c0e12a@group-753D53B6DDFB-FollowerState was interrupted: java.lang.InterruptedException: sleep interrupted
2019-10-16 18:49:07,435 [grpc-default-executor-4] INFO  impl.RaftServerImpl (RaftServerImpl.java:setRole(184)) - 0d5b4e59-aa2f-4fe6-b072-73846da82a05@group-753D53B6DDFB: changes role from  FOLLOWER to FOLLOWER at term 14 for recognizeCandidate:52bfa4dc-bcba-4693-b6e2-7f231a44b6db
2019-10-16 18:49:07,436 [grpc-default-executor-4] INFO  impl.RoleInfo (RoleInfo.java:shutdownFollowerState(121)) - 0d5b4e59-aa2f-4fe6-b072-73846da82a05: shutdown FollowerState
2019-10-16 18:49:07,436 [grpc-default-executor-4] INFO  impl.RoleInfo (RoleInfo.java:updateAndGet(143)) - 0d5b4e59-aa2f-4fe6-b072-73846da82a05: start FollowerState
2019-10-16 18:49:07,436 [Thread-639] INFO  impl.FollowerState (FollowerState.java:run(117)) - 0d5b4e59-aa2f-4fe6-b072-73846da82a05@group-753D53B6DDFB-FollowerState was interrupted: java.lang.InterruptedException: sleep interrupted
2019-10-16 18:49:07,456 [52bfa4dc-bcba-4693-b6e2-7f231a44b6db@group-753D53B6DDFB-LeaderElection17] INFO  impl.LeaderElection (LeaderElection.java:logAndReturn(56)) - 52bfa4dc-bcba-4693-b6e2-7f231a44b6db@group-753D53B6DDFB-LeaderElection17: Election REJECTED; received 2 response(s) [52bfa4dc-bcba-4693-b6e2-7f231a44b6db<-0d5b4e59-aa2f-4fe6-b072-73846da82a05#0:FAIL-t14, 52bfa4dc-bcba-4693-b6e2-7f231a44b6db<-c0368dd1-c4a9-4bcb-a2d2-6d6b66c0e12a#0:FAIL-t14] and 0 exception(s); 52bfa4dc-bcba-4693-b6e2-7f231a44b6db@group-753D53B6DDFB:t14, leader=null, voted=52bfa4dc-bcba-4693-b6e2-7f231a44b6db, raftlog=52bfa4dc-bcba-4693-b6e2-7f231a44b6db@group-753D53B6DDFB-SegmentedRaftLog:OPENED:c3,f4,i4, conf=0: [0d5b4e59-aa2f-4fe6-b072-73846da82a05:192.168.157.202:39744, 52bfa4dc-bcba-4693-b6e2-7f231a44b6db:192.168.157.202:43025, c0368dd1-c4a9-4bcb-a2d2-6d6b66c0e12a:192.168.157.202:44847], old=null
2019-10-16 18:49:07,457 [52bfa4dc-bcba-4693-b6e2-7f231a44b6db@group-753D53B6DDFB-LeaderElection17] INFO  impl.RaftServerImpl (RaftServerImpl.java:setRole(184)) - 52bfa4dc-bcba-4693-b6e2-7f231a44b6db@group-753D53B6DDFB: changes role from CANDIDATE to FOLLOWER at term 14 for DISCOVERED_A_NEW_TERM
2019-10-16 18:49:07,457 [52bfa4dc-bcba-4693-b6e2-7f231a44b6db@group-753D53B6DDFB-LeaderElection17] INFO  impl.RoleInfo (RoleInfo.java:shutdownLeaderElection(134)) - 52bfa4dc-bcba-4693-b6e2-7f231a44b6db: shutdown LeaderElection
2019-10-16 18:49:07,457 [52bfa4dc-bcba-4693-b6e2-7f231a44b6db@group-753D53B6DDFB-LeaderElection17] INFO  impl.RoleInfo (RoleInfo.java:updateAndGet(143)) - 52bfa4dc-bcba-4693-b6e2-7f231a44b6db: start FollowerState
2019-10-16 18:49:07,510 [Thread-646] INFO  impl.FollowerState (FollowerState.java:run(108)) - 52bfa4dc-bcba-4693-b6e2-7f231a44b6db@group-753D53B6DDFB-FollowerState: change to CANDIDATE, lastRpcTime:52ms, electionTimeout:52ms
2019-10-16 18:49:07,512 [Thread-646] INFO  impl.RoleInfo (RoleInfo.java:shutdownFollowerState(121)) - 52bfa4dc-bcba-4693-b6e2-7f231a44b6db: shutdown FollowerState
2019-10-16 18:49:07,512 [Thread-646] INFO  impl.RaftServerImpl (RaftServerImpl.java:setRole(184)) - 52bfa4dc-bcba-4693-b6e2-7f231a44b6db@group-753D53B6DDFB: changes role from  FOLLOWER to CANDIDATE at term 14 for changeToCandidate
2019-10-16 18:49:07,512 [Thread-646] INFO  impl.RoleInfo (RoleInfo.java:updateAndGet(143)) - 52bfa4dc-bcba-4693-b6e2-7f231a44b6db: start LeaderElection
2019-10-16 18:49:07,536 [52bfa4dc-bcba-4693-b6e2-7f231a44b6db@group-753D53B6DDFB-LeaderElection18] INFO  impl.LeaderElection (LeaderElection.java:askForVotes(178)) - 52bfa4dc-bcba-4693-b6e2-7f231a44b6db@group-753D53B6DDFB-LeaderElection18: begin an election at term 15 for 0: [0d5b4e59-aa2f-4fe6-b072-73846da82a05:192.168.157.202:39744, 52bfa4dc-bcba-4693-b6e2-7f231a44b6db:192.168.157.202:43025, c0368dd1-c4a9-4bcb-a2d2-6d6b66c0e12a:192.168.157.202:44847], old=null
2019-10-16 18:49:07,540 [grpc-default-executor-1] INFO  impl.RaftServerImpl (RaftServerImpl.java:setRole(184)) - c0368dd1-c4a9-4bcb-a2d2-6d6b66c0e12a@group-753D53B6DDFB: changes role from  FOLLOWER to FOLLOWER at term 15 for recognizeCandidate:52bfa4dc-bcba-4693-b6e2-7f231a44b6db
2019-10-16 18:49:07,540 [grpc-default-executor-4] INFO  impl.RaftServerImpl (RaftServerImpl.java:setRole(184)) - 0d5b4e59-aa2f-4fe6-b072-73846da82a05@group-753D53B6DDFB: changes role from  FOLLOWER to FOLLOWER at term 15 for recognizeCandidate:52bfa4dc-bcba-4693-b6e2-7f231a44b6db
2019-10-16 18:49:07,540 [grpc-default-executor-1] INFO  impl.RoleInfo (RoleInfo.java:shutdownFollowerState(121)) - c0368dd1-c4a9-4bcb-a2d2-6d6b66c0e12a: shutdown FollowerState
2019-10-16 18:49:07,540 [grpc-default-executor-4] INFO  impl.RoleInfo (RoleInfo.java:shutdownFollowerState(121)) - 0d5b4e59-aa2f-4fe6-b072-73846da82a05: shutdown FollowerState
2019-10-16 18:49:07,541 [grpc-default-executor-1] INFO  impl.RoleInfo (RoleInfo.java:updateAndGet(143)) - c0368dd1-c4a9-4bcb-a2d2-6d6b66c0e12a: start FollowerState
2019-10-16 18:49:07,541 [Thread-645] INFO  impl.FollowerState (FollowerState.java:run(117)) - 0d5b4e59-aa2f-4fe6-b072-73846da82a05@group-753D53B6DDFB-FollowerState was interrupted: java.lang.InterruptedException: sleep interrupted
2019-10-16 18:49:07,541 [Thread-644] INFO  impl.FollowerState (FollowerState.java:run(117)) - c0368dd1-c4a9-4bcb-a2d2-6d6b66c0e12a@group-753D53B6DDFB-FollowerState was interrupted: java.lang.InterruptedException: sleep interrupted
2019-10-16 18:49:07,541 [grpc-default-executor-4] INFO  impl.RoleInfo (RoleInfo.java:updateAndGet(143)) - 0d5b4e59-aa2f-4fe6-b072-73846da82a05: start FollowerState
2019-10-16 18:49:07,547 [52bfa4dc-bcba-4693-b6e2-7f231a44b6db@group-753D53B6DDFB-LeaderElection18] INFO  impl.LeaderElection (LeaderElection.java:logAndReturn(56)) - 52bfa4dc-bcba-4693-b6e2-7f231a44b6db@group-753D53B6DDFB-LeaderElection18: Election REJECTED; received 2 response(s) [52bfa4dc-bcba-4693-b6e2-7f231a44b6db<-0d5b4e59-aa2f-4fe6-b072-73846da82a05#0:FAIL-t15, 52bfa4dc-bcba-4693-b6e2-7f231a44b6db<-c0368dd1-c4a9-4bcb-a2d2-6d6b66c0e12a#0:FAIL-t15] and 0 exception(s); 52bfa4dc-bcba-4693-b6e2-7f231a44b6db@group-753D53B6DDFB:t15, leader=null, voted=52bfa4dc-bcba-4693-b6e2-7f231a44b6db, raftlog=52bfa4dc-bcba-4693-b6e2-7f231a44b6db@group-753D53B6DDFB-SegmentedRaftLog:OPENED:c3,f4,i4, conf=0: [0d5b4e59-aa2f-4fe6-b072-73846da82a05:192.168.157.202:39744, 52bfa4dc-bcba-4693-b6e2-7f231a44b6db:192.168.157.202:43025, c0368dd1-c4a9-4bcb-a2d2-6d6b66c0e12a:192.168.157.202:44847], old=null
2019-10-16 18:49:07,547 [52bfa4dc-bcba-4693-b6e2-7f231a44b6db@group-753D53B6DDFB-LeaderElection18] INFO  impl.RaftServerImpl (RaftServerImpl.java:setRole(184)) - 52bfa4dc-bcba-4693-b6e2-7f231a44b6db@group-753D53B6DDFB: changes role from CANDIDATE to FOLLOWER at term 15 for DISCOVERED_A_NEW_TERM
2019-10-16 18:49:07,547 [52bfa4dc-bcba-4693-b6e2-7f231a44b6db@group-753D53B6DDFB-LeaderElection18] INFO  impl.RoleInfo (RoleInfo.java:shutdownLeaderElection(134)) - 52bfa4dc-bcba-4693-b6e2-7f231a44b6db: shutdown LeaderElection
2019-10-16 18:49:07,547 [52bfa4dc-bcba-4693-b6e2-7f231a44b6db@group-753D53B6DDFB-LeaderElection18] INFO  impl.RoleInfo (RoleInfo.java:updateAndGet(143)) - 52bfa4dc-bcba-4693-b6e2-7f231a44b6db: start FollowerState
2019-10-16 18:49:07,707 [Thread-652] INFO  impl.FollowerState (FollowerState.java:run(108)) - 52bfa4dc-bcba-4693-b6e2-7f231a44b6db@group-753D53B6DDFB-FollowerState: change to CANDIDATE, lastRpcTime:159ms, electionTimeout:159ms
2019-10-16 18:49:07,712 [Thread-652] INFO  impl.RoleInfo (RoleInfo.java:shutdownFollowerState(121)) - 52bfa4dc-bcba-4693-b6e2-7f231a44b6db: shutdown FollowerState
2019-10-16 18:49:07,712 [Thread-652] INFO  impl.RaftServerImpl (RaftServerImpl.java:setRole(184)) - 52bfa4dc-bcba-4693-b6e2-7f231a44b6db@group-753D53B6DDFB: changes role from  FOLLOWER to CANDIDATE at term 15 for changeToCandidate
2019-10-16 18:49:07,712 [Thread-652] INFO  impl.RoleInfo (RoleInfo.java:updateAndGet(143)) - 52bfa4dc-bcba-4693-b6e2-7f231a44b6db: start LeaderElection
2019-10-16 18:49:07,721 [52bfa4dc-bcba-4693-b6e2-7f231a44b6db@group-753D53B6DDFB-LeaderElection19] INFO  impl.LeaderElection (LeaderElection.java:askForVotes(178)) - 52bfa4dc-bcba-4693-b6e2-7f231a44b6db@group-753D53B6DDFB-LeaderElection19: begin an election at term 16 for 0: [0d5b4e59-aa2f-4fe6-b072-73846da82a05:192.168.157.202:39744, 52bfa4dc-bcba-4693-b6e2-7f231a44b6db:192.168.157.202:43025, c0368dd1-c4a9-4bcb-a2d2-6d6b66c0e12a:192.168.157.202:44847], old=null
2019-10-16 18:49:07,724 [52bfa4dc-bcba-4693-b6e2-7f231a44b6db@group-753D53B6DDFB-LeaderElection19] INFO  impl.LeaderElection (LeaderElection.java:logAndReturn(56)) - 52bfa4dc-bcba-4693-b6e2-7f231a44b6db@group-753D53B6DDFB-LeaderElection19: Election TIMEOUT; received 0 response(s) [] and 0 exception(s); 52bfa4dc-bcba-4693-b6e2-7f231a44b6db@group-753D53B6DDFB:t16, leader=null, voted=52bfa4dc-bcba-4693-b6e2-7f231a44b6db, raftlog=52bfa4dc-bcba-4693-b6e2-7f231a44b6db@group-753D53B6DDFB-SegmentedRaftLog:OPENED:c3,f4,i4, conf=0: [0d5b4e59-aa2f-4fe6-b072-73846da82a05:192.168.157.202:39744, 52bfa4dc-bcba-4693-b6e2-7f231a44b6db:192.168.157.202:43025, c0368dd1-c4a9-4bcb-a2d2-6d6b66c0e12a:192.168.157.202:44847], old=null
2019-10-16 18:49:07,725 [grpc-default-executor-1] INFO  impl.RaftServerImpl (RaftServerImpl.java:setRole(184)) - c0368dd1-c4a9-4bcb-a2d2-6d6b66c0e12a@group-753D53B6DDFB: changes role from  FOLLOWER to FOLLOWER at term 16 for recognizeCandidate:52bfa4dc-bcba-4693-b6e2-7f231a44b6db
2019-10-16 18:49:07,725 [grpc-default-executor-4] INFO  impl.RaftServerImpl (RaftServerImpl.java:setRole(184)) - 0d5b4e59-aa2f-4fe6-b072-73846da82a05@group-753D53B6DDFB: changes role from  FOLLOWER to FOLLOWER at term 16 for recognizeCandidate:52bfa4dc-bcba-4693-b6e2-7f231a44b6db
2019-10-16 18:49:07,726 [grpc-default-executor-1] INFO  impl.RoleInfo (RoleInfo.java:shutdownFollowerState(121)) - c0368dd1-c4a9-4bcb-a2d2-6d6b66c0e12a: shutdown FollowerState
2019-10-16 18:49:07,727 [grpc-default-executor-4] INFO  impl.RoleInfo (RoleInfo.java:shutdownFollowerState(121)) - 0d5b4e59-aa2f-4fe6-b072-73846da82a05: shutdown FollowerState
2019-10-16 18:49:07,727 [Thread-650] INFO  impl.FollowerState (FollowerState.java:run(117)) - c0368dd1-c4a9-4bcb-a2d2-6d6b66c0e12a@group-753D53B6DDFB-FollowerState was interrupted: java.lang.InterruptedException: sleep interrupted
2019-10-16 18:49:07,727 [grpc-default-executor-1] INFO  impl.RoleInfo (RoleInfo.java:updateAndGet(143)) - c0368dd1-c4a9-4bcb-a2d2-6d6b66c0e12a: start FollowerState
2019-10-16 18:49:07,727 [Thread-651] INFO  impl.FollowerState (FollowerState.java:run(117)) - 0d5b4e59-aa2f-4fe6-b072-73846da82a05@group-753D53B6DDFB-FollowerState was interrupted: java.lang.InterruptedException: sleep interrupted
2019-10-16 18:49:07,727 [grpc-default-executor-4] INFO  impl.RoleInfo (RoleInfo.java:updateAndGet(143)) - 0d5b4e59-aa2f-4fe6-b072-73846da82a05: start FollowerState
2019-10-16 18:49:07,751 [52bfa4dc-bcba-4693-b6e2-7f231a44b6db@group-753D53B6DDFB-LeaderElection19] INFO  impl.LeaderElection (LeaderElection.java:askForVotes(178)) - 52bfa4dc-bcba-4693-b6e2-7f231a44b6db@group-753D53B6DDFB-LeaderElection19: begin an election at term 17 for 0: [0d5b4e59-aa2f-4fe6-b072-73846da82a05:192.168.157.202:39744, 52bfa4dc-bcba-4693-b6e2-7f231a44b6db:192.168.157.202:43025, c0368dd1-c4a9-4bcb-a2d2-6d6b66c0e12a:192.168.157.202:44847], old=null
2019-10-16 18:49:07,754 [grpc-default-executor-4] INFO  impl.RaftServerImpl (RaftServerImpl.java:setRole(184)) - c0368dd1-c4a9-4bcb-a2d2-6d6b66c0e12a@group-753D53B6DDFB: changes role from  FOLLOWER to FOLLOWER at term 17 for recognizeCandidate:52bfa4dc-bcba-4693-b6e2-7f231a44b6db
2019-10-16 18:49:07,755 [grpc-default-executor-1] INFO  impl.RaftServerImpl (RaftServerImpl.java:setRole(184)) - 0d5b4e59-aa2f-4fe6-b072-73846da82a05@group-753D53B6DDFB: changes role from  FOLLOWER to FOLLOWER at term 17 for recognizeCandidate:52bfa4dc-bcba-4693-b6e2-7f231a44b6db
2019-10-16 18:49:07,755 [grpc-default-executor-4] INFO  impl.RoleInfo (RoleInfo.java:shutdownFollowerState(121)) - c0368dd1-c4a9-4bcb-a2d2-6d6b66c0e12a: shutdown FollowerState
2019-10-16 18:49:07,755 [grpc-default-executor-1] INFO  impl.RoleInfo (RoleInfo.java:shutdownFollowerState(121)) - 0d5b4e59-aa2f-4fe6-b072-73846da82a05: shutdown FollowerState
2019-10-16 18:49:07,755 [grpc-default-executor-4] INFO  impl.RoleInfo (RoleInfo.java:updateAndGet(143)) - c0368dd1-c4a9-4bcb-a2d2-6d6b66c0e12a: start FollowerState
2019-10-16 18:49:07,755 [Thread-657] INFO  impl.FollowerState (FollowerState.java:run(117)) - 0d5b4e59-aa2f-4fe6-b072-73846da82a05@group-753D53B6DDFB-FollowerState was interrupted: java.lang.InterruptedException: sleep interrupted
2019-10-16 18:49:07,755 [grpc-default-executor-1] INFO  impl.RoleInfo (RoleInfo.java:updateAndGet(143)) - 0d5b4e59-aa2f-4fe6-b072-73846da82a05: start FollowerState
2019-10-16 18:49:07,755 [Thread-656] INFO  impl.FollowerState (FollowerState.java:run(117)) - c0368dd1-c4a9-4bcb-a2d2-6d6b66c0e12a@group-753D53B6DDFB-FollowerState was interrupted: java.lang.InterruptedException: sleep interrupted
2019-10-16 18:49:07,779 [EventQueue-PendingDeleteStatusForPendingDeleteHandler] INFO  block.SCMBlockDeletingService (SCMBlockDeletingService.java:handlePendingDeletes(115)) - Block deletion txnID mismatch in datanode 52bfa4dc-bcba-4693-b6e2-7f231a44b6db for containerID 1. Datanode delete txnID: 0, SCM txnID: 1
2019-10-16 18:49:07,781 [52bfa4dc-bcba-4693-b6e2-7f231a44b6db@group-753D53B6DDFB-LeaderElection19] INFO  impl.LeaderElection (LeaderElection.java:logAndReturn(56)) - 52bfa4dc-bcba-4693-b6e2-7f231a44b6db@group-753D53B6DDFB-LeaderElection19: Election TIMEOUT; received 0 response(s) [] and 0 exception(s); 52bfa4dc-bcba-4693-b6e2-7f231a44b6db@group-753D53B6DDFB:t17, leader=null, voted=52bfa4dc-bcba-4693-b6e2-7f231a44b6db, raftlog=52bfa4dc-bcba-4693-b6e2-7f231a44b6db@group-753D53B6DDFB-SegmentedRaftLog:OPENED:c3,f4,i4, conf=0: [0d5b4e59-aa2f-4fe6-b072-73846da82a05:192.168.157.202:39744, 52bfa4dc-bcba-4693-b6e2-7f231a44b6db:192.168.157.202:43025, c0368dd1-c4a9-4bcb-a2d2-6d6b66c0e12a:192.168.157.202:44847], old=null
2019-10-16 18:49:07,793 [52bfa4dc-bcba-4693-b6e2-7f231a44b6db@group-753D53B6DDFB-LeaderElection19] INFO  impl.LeaderElection (LeaderElection.java:askForVotes(178)) - 52bfa4dc-bcba-4693-b6e2-7f231a44b6db@group-753D53B6DDFB-LeaderElection19: begin an election at term 18 for 0: [0d5b4e59-aa2f-4fe6-b072-73846da82a05:192.168.157.202:39744, 52bfa4dc-bcba-4693-b6e2-7f231a44b6db:192.168.157.202:43025, c0368dd1-c4a9-4bcb-a2d2-6d6b66c0e12a:192.168.157.202:44847], old=null
2019-10-16 18:49:07,797 [grpc-default-executor-4] INFO  impl.RaftServerImpl (RaftServerImpl.java:setRole(184)) - 0d5b4e59-aa2f-4fe6-b072-73846da82a05@group-753D53B6DDFB: changes role from  FOLLOWER to FOLLOWER at term 18 for recognizeCandidate:52bfa4dc-bcba-4693-b6e2-7f231a44b6db
2019-10-16 18:49:07,799 [grpc-default-executor-4] INFO  impl.RoleInfo (RoleInfo.java:shutdownFollowerState(121)) - 0d5b4e59-aa2f-4fe6-b072-73846da82a05: shutdown FollowerState
2019-10-16 18:49:07,800 [grpc-default-executor-1] INFO  impl.RaftServerImpl (RaftServerImpl.java:setRole(184)) - c0368dd1-c4a9-4bcb-a2d2-6d6b66c0e12a@group-753D53B6DDFB: changes role from  FOLLOWER to FOLLOWER at term 18 for recognizeCandidate:52bfa4dc-bcba-4693-b6e2-7f231a44b6db
2019-10-16 18:49:07,800 [Thread-661] INFO  impl.FollowerState (FollowerState.java:run(117)) - 0d5b4e59-aa2f-4fe6-b072-73846da82a05@group-753D53B6DDFB-FollowerState was interrupted: java.lang.InterruptedException: sleep interrupted
2019-10-16 18:49:07,800 [grpc-default-executor-1] INFO  impl.RoleInfo (RoleInfo.java:shutdownFollowerState(121)) - c0368dd1-c4a9-4bcb-a2d2-6d6b66c0e12a: shutdown FollowerState
2019-10-16 18:49:07,800 [grpc-default-executor-4] INFO  impl.RoleInfo (RoleInfo.java:updateAndGet(143)) - 0d5b4e59-aa2f-4fe6-b072-73846da82a05: start FollowerState
2019-10-16 18:49:07,800 [Thread-660] INFO  impl.FollowerState (FollowerState.java:run(117)) - c0368dd1-c4a9-4bcb-a2d2-6d6b66c0e12a@group-753D53B6DDFB-FollowerState was interrupted: java.lang.InterruptedException: sleep interrupted
2019-10-16 18:49:07,800 [grpc-default-executor-1] INFO  impl.RoleInfo (RoleInfo.java:updateAndGet(143)) - c0368dd1-c4a9-4bcb-a2d2-6d6b66c0e12a: start FollowerState
2019-10-16 18:49:07,809 [52bfa4dc-bcba-4693-b6e2-7f231a44b6db@group-753D53B6DDFB-LeaderElection19] INFO  impl.LeaderElection (LeaderElection.java:logAndReturn(56)) - 52bfa4dc-bcba-4693-b6e2-7f231a44b6db@group-753D53B6DDFB-LeaderElection19: Election REJECTED; received 2 response(s) [52bfa4dc-bcba-4693-b6e2-7f231a44b6db<-0d5b4e59-aa2f-4fe6-b072-73846da82a05#0:FAIL-t18, 52bfa4dc-bcba-4693-b6e2-7f231a44b6db<-c0368dd1-c4a9-4bcb-a2d2-6d6b66c0e12a#0:FAIL-t18] and 0 exception(s); 52bfa4dc-bcba-4693-b6e2-7f231a44b6db@group-753D53B6DDFB:t18, leader=null, voted=52bfa4dc-bcba-4693-b6e2-7f231a44b6db, raftlog=52bfa4dc-bcba-4693-b6e2-7f231a44b6db@group-753D53B6DDFB-SegmentedRaftLog:OPENED:c3,f4,i4, conf=0: [0d5b4e59-aa2f-4fe6-b072-73846da82a05:192.168.157.202:39744, 52bfa4dc-bcba-4693-b6e2-7f231a44b6db:192.168.157.202:43025, c0368dd1-c4a9-4bcb-a2d2-6d6b66c0e12a:192.168.157.202:44847], old=null
2019-10-16 18:49:07,810 [52bfa4dc-bcba-4693-b6e2-7f231a44b6db@group-753D53B6DDFB-LeaderElection19] INFO  impl.RaftServerImpl (RaftServerImpl.java:setRole(184)) - 52bfa4dc-bcba-4693-b6e2-7f231a44b6db@group-753D53B6DDFB: changes role from CANDIDATE to FOLLOWER at term 18 for DISCOVERED_A_NEW_TERM
2019-10-16 18:49:07,810 [52bfa4dc-bcba-4693-b6e2-7f231a44b6db@group-753D53B6DDFB-LeaderElection19] INFO  impl.RoleInfo (RoleInfo.java:shutdownLeaderElection(134)) - 52bfa4dc-bcba-4693-b6e2-7f231a44b6db: shutdown LeaderElection
2019-10-16 18:49:07,810 [52bfa4dc-bcba-4693-b6e2-7f231a44b6db@group-753D53B6DDFB-LeaderElection19] INFO  impl.RoleInfo (RoleInfo.java:updateAndGet(143)) - 52bfa4dc-bcba-4693-b6e2-7f231a44b6db: start FollowerState
2019-10-16 18:49:07,909 [Thread-667] INFO  impl.FollowerState (FollowerState.java:run(108)) - 52bfa4dc-bcba-4693-b6e2-7f231a44b6db@group-753D53B6DDFB-FollowerState: change to CANDIDATE, lastRpcTime:99ms, electionTimeout:99ms
2019-10-16 18:49:07,910 [Thread-667] INFO  impl.RoleInfo (RoleInfo.java:shutdownFollowerState(121)) - 52bfa4dc-bcba-4693-b6e2-7f231a44b6db: shutdown FollowerState
2019-10-16 18:49:07,910 [Thread-667] INFO  impl.RaftServerImpl (RaftServerImpl.java:setRole(184)) - 52bfa4dc-bcba-4693-b6e2-7f231a44b6db@group-753D53B6DDFB: changes role from  FOLLOWER to CANDIDATE at term 18 for changeToCandidate
2019-10-16 18:49:07,910 [Thread-667] INFO  impl.RoleInfo (RoleInfo.java:updateAndGet(143)) - 52bfa4dc-bcba-4693-b6e2-7f231a44b6db: start LeaderElection
2019-10-16 18:49:07,933 [52bfa4dc-bcba-4693-b6e2-7f231a44b6db@group-753D53B6DDFB-LeaderElection20] INFO  impl.LeaderElection (LeaderElection.java:askForVotes(178)) - 52bfa4dc-bcba-4693-b6e2-7f231a44b6db@group-753D53B6DDFB-LeaderElection20: begin an election at term 19 for 0: [0d5b4e59-aa2f-4fe6-b072-73846da82a05:192.168.157.202:39744, 52bfa4dc-bcba-4693-b6e2-7f231a44b6db:192.168.157.202:43025, c0368dd1-c4a9-4bcb-a2d2-6d6b66c0e12a:192.168.157.202:44847], old=null
2019-10-16 18:49:07,937 [grpc-default-executor-4] INFO  impl.RaftServerImpl (RaftServerImpl.java:setRole(184)) - c0368dd1-c4a9-4bcb-a2d2-6d6b66c0e12a@group-753D53B6DDFB: changes role from  FOLLOWER to FOLLOWER at term 19 for recognizeCandidate:52bfa4dc-bcba-4693-b6e2-7f231a44b6db
2019-10-16 18:49:07,937 [grpc-default-executor-4] INFO  impl.RoleInfo (RoleInfo.java:shutdownFollowerState(121)) - c0368dd1-c4a9-4bcb-a2d2-6d6b66c0e12a: shutdown FollowerState
2019-10-16 18:49:07,938 [grpc-default-executor-4] INFO  impl.RoleInfo (RoleInfo.java:updateAndGet(143)) - c0368dd1-c4a9-4bcb-a2d2-6d6b66c0e12a: start FollowerState
2019-10-16 18:49:07,938 [Thread-666] INFO  impl.FollowerState (FollowerState.java:run(117)) - c0368dd1-c4a9-4bcb-a2d2-6d6b66c0e12a@group-753D53B6DDFB-FollowerState was interrupted: java.lang.InterruptedException: sleep interrupted
2019-10-16 18:49:07,939 [grpc-default-executor-1] INFO  impl.RaftServerImpl (RaftServerImpl.java:setRole(184)) - 0d5b4e59-aa2f-4fe6-b072-73846da82a05@group-753D53B6DDFB: changes role from  FOLLOWER to FOLLOWER at term 19 for recognizeCandidate:52bfa4dc-bcba-4693-b6e2-7f231a44b6db
2019-10-16 18:49:07,939 [grpc-default-executor-1] INFO  impl.RoleInfo (RoleInfo.java:shutdownFollowerState(121)) - 0d5b4e59-aa2f-4fe6-b072-73846da82a05: shutdown FollowerState
2019-10-16 18:49:07,939 [grpc-default-executor-1] INFO  impl.RoleInfo (RoleInfo.java:updateAndGet(143)) - 0d5b4e59-aa2f-4fe6-b072-73846da82a05: start FollowerState
2019-10-16 18:49:07,939 [Thread-665] INFO  impl.FollowerState (FollowerState.java:run(117)) - 0d5b4e59-aa2f-4fe6-b072-73846da82a05@group-753D53B6DDFB-FollowerState was interrupted: java.lang.InterruptedException: sleep interrupted
2019-10-16 18:49:07,951 [52bfa4dc-bcba-4693-b6e2-7f231a44b6db@group-753D53B6DDFB-LeaderElection20] INFO  impl.LeaderElection (LeaderElection.java:logAndReturn(56)) - 52bfa4dc-bcba-4693-b6e2-7f231a44b6db@group-753D53B6DDFB-LeaderElection20: Election REJECTED; received 2 response(s) [52bfa4dc-bcba-4693-b6e2-7f231a44b6db<-0d5b4e59-aa2f-4fe6-b072-73846da82a05#0:FAIL-t19, 52bfa4dc-bcba-4693-b6e2-7f231a44b6db<-c0368dd1-c4a9-4bcb-a2d2-6d6b66c0e12a#0:FAIL-t19] and 0 exception(s); 52bfa4dc-bcba-4693-b6e2-7f231a44b6db@group-753D53B6DDFB:t19, leader=null, voted=52bfa4dc-bcba-4693-b6e2-7f231a44b6db, raftlog=52bfa4dc-bcba-4693-b6e2-7f231a44b6db@group-753D53B6DDFB-SegmentedRaftLog:OPENED:c3,f4,i4, conf=0: [0d5b4e59-aa2f-4fe6-b072-73846da82a05:192.168.157.202:39744, 52bfa4dc-bcba-4693-b6e2-7f231a44b6db:192.168.157.202:43025, c0368dd1-c4a9-4bcb-a2d2-6d6b66c0e12a:192.168.157.202:44847], old=null
2019-10-16 18:49:07,951 [52bfa4dc-bcba-4693-b6e2-7f231a44b6db@group-753D53B6DDFB-LeaderElection20] INFO  impl.RaftServerImpl (RaftServerImpl.java:setRole(184)) - 52bfa4dc-bcba-4693-b6e2-7f231a44b6db@group-753D53B6DDFB: changes role from CANDIDATE to FOLLOWER at term 19 for DISCOVERED_A_NEW_TERM
2019-10-16 18:49:07,951 [52bfa4dc-bcba-4693-b6e2-7f231a44b6db@group-753D53B6DDFB-LeaderElection20] INFO  impl.RoleInfo (RoleInfo.java:shutdownLeaderElection(134)) - 52bfa4dc-bcba-4693-b6e2-7f231a44b6db: shutdown LeaderElection
2019-10-16 18:49:07,951 [52bfa4dc-bcba-4693-b6e2-7f231a44b6db@group-753D53B6DDFB-LeaderElection20] INFO  impl.RoleInfo (RoleInfo.java:updateAndGet(143)) - 52bfa4dc-bcba-4693-b6e2-7f231a44b6db: start FollowerState
2019-10-16 18:49:08,019 [pool-7-thread-2] INFO  commands.RetriableDatanodeEventWatcher (RetriableDatanodeEventWatcher.java:onTimeout(47)) - RetriableDatanodeCommand type=deleteBlocksCommand with id=1571251743011 timed out. Retrying.
2019-10-16 18:49:08,020 [pool-7-thread-5] INFO  commands.RetriableDatanodeEventWatcher (RetriableDatanodeEventWatcher.java:onTimeout(47)) - RetriableDatanodeCommand type=deleteBlocksCommand with id=1571251743012 timed out. Retrying.
2019-10-16 18:49:08,020 [pool-7-thread-1] INFO  commands.RetriableDatanodeEventWatcher (RetriableDatanodeEventWatcher.java:onTimeout(47)) - RetriableDatanodeCommand type=deleteBlocksCommand with id=1571251743009 timed out. Retrying.
2019-10-16 18:49:08,020 [SCMBlockDeletingService#1] INFO  block.SCMBlockDeletingService (SCMBlockDeletingService.java:call(184)) - Totally added 1 delete blocks command for 1 datanodes, task elapsed time: 2ms
2019-10-16 18:49:08,020 [pool-7-thread-3] INFO  commands.RetriableDatanodeEventWatcher (RetriableDatanodeEventWatcher.java:onTimeout(47)) - RetriableDatanodeCommand type=deleteBlocksCommand with id=1571251743010 timed out. Retrying.
2019-10-16 18:49:08,021 [pool-7-thread-4] INFO  commands.RetriableDatanodeEventWatcher (RetriableDatanodeEventWatcher.java:onTimeout(47)) - RetriableDatanodeCommand type=deleteBlocksCommand with id=1571251743007 timed out. Retrying.
2019-10-16 18:49:08,030 [Thread-673] INFO  impl.FollowerState (FollowerState.java:run(108)) - 52bfa4dc-bcba-4693-b6e2-7f231a44b6db@group-753D53B6DDFB-FollowerState: change to CANDIDATE, lastRpcTime:78ms, electionTimeout:78ms
2019-10-16 18:49:08,030 [Thread-673] INFO  impl.RoleInfo (RoleInfo.java:shutdownFollowerState(121)) - 52bfa4dc-bcba-4693-b6e2-7f231a44b6db: shutdown FollowerState
2019-10-16 18:49:08,030 [Thread-673] INFO  impl.RaftServerImpl (RaftServerImpl.java:setRole(184)) - 52bfa4dc-bcba-4693-b6e2-7f231a44b6db@group-753D53B6DDFB: changes role from  FOLLOWER to CANDIDATE at term 19 for changeToCandidate
2019-10-16 18:49:08,031 [Thread-673] INFO  impl.RoleInfo (RoleInfo.java:updateAndGet(143)) - 52bfa4dc-bcba-4693-b6e2-7f231a44b6db: start LeaderElection
2019-10-16 18:49:08,034 [52bfa4dc-bcba-4693-b6e2-7f231a44b6db@group-753D53B6DDFB-LeaderElection21] INFO  impl.LeaderElection (LeaderElection.java:askForVotes(178)) - 52bfa4dc-bcba-4693-b6e2-7f231a44b6db@group-753D53B6DDFB-LeaderElection21: begin an election at term 20 for 0: [0d5b4e59-aa2f-4fe6-b072-73846da82a05:192.168.157.202:39744, 52bfa4dc-bcba-4693-b6e2-7f231a44b6db:192.168.157.202:43025, c0368dd1-c4a9-4bcb-a2d2-6d6b66c0e12a:192.168.157.202:44847], old=null
2019-10-16 18:49:08,038 [grpc-default-executor-1] INFO  impl.RaftServerImpl (RaftServerImpl.java:setRole(184)) - 0d5b4e59-aa2f-4fe6-b072-73846da82a05@group-753D53B6DDFB: changes role from  FOLLOWER to FOLLOWER at term 20 for recognizeCandidate:52bfa4dc-bcba-4693-b6e2-7f231a44b6db
2019-10-16 18:49:08,039 [grpc-default-executor-1] INFO  impl.RoleInfo (RoleInfo.java:shutdownFollowerState(121)) - 0d5b4e59-aa2f-4fe6-b072-73846da82a05: shutdown FollowerState
2019-10-16 18:49:08,039 [grpc-default-executor-6] INFO  impl.RaftServerImpl (RaftServerImpl.java:setRole(184)) - c0368dd1-c4a9-4bcb-a2d2-6d6b66c0e12a@group-753D53B6DDFB: changes role from  FOLLOWER to FOLLOWER at term 20 for recognizeCandidate:52bfa4dc-bcba-4693-b6e2-7f231a44b6db
2019-10-16 18:49:08,039 [Thread-678] INFO  client.GrpcClientProtocolService (GrpcClientProtocolService.java:lambda$processClientRequest$0(278)) - Failed RaftClientRequest:client-F1A042848956->c0368dd1-c4a9-4bcb-a2d2-6d6b66c0e12a@group-753D53B6DDFB, cid=10, seq=0, Watch-ALL_COMMITTED(6), Message:<EMPTY>, reply=RaftClientReply:client-F1A042848956->c0368dd1-c4a9-4bcb-a2d2-6d6b66c0e12a@group-753D53B6DDFB, cid=10, FAILED org.apache.ratis.protocol.NotLeaderException: Server c0368dd1-c4a9-4bcb-a2d2-6d6b66c0e12a@group-753D53B6DDFB is not the leader, logIndex=0, commits[c0368dd1-c4a9-4bcb-a2d2-6d6b66c0e12a:c10, 0d5b4e59-aa2f-4fe6-b072-73846da82a05:c10, 52bfa4dc-bcba-4693-b6e2-7f231a44b6db:c4]
2019-10-16 18:49:08,039 [grpc-default-executor-1] INFO  impl.RoleInfo (RoleInfo.java:updateAndGet(143)) - 0d5b4e59-aa2f-4fe6-b072-73846da82a05: start FollowerState
2019-10-16 18:49:08,039 [Thread-672] INFO  impl.FollowerState (FollowerState.java:run(117)) - 0d5b4e59-aa2f-4fe6-b072-73846da82a05@group-753D53B6DDFB-FollowerState was interrupted: java.lang.InterruptedException: sleep interrupted
2019-10-16 18:49:08,039 [grpc-default-executor-6] INFO  impl.RoleInfo (RoleInfo.java:shutdownFollowerState(121)) - c0368dd1-c4a9-4bcb-a2d2-6d6b66c0e12a: shutdown FollowerState
2019-10-16 18:49:08,042 [grpc-default-executor-6] INFO  impl.RoleInfo (RoleInfo.java:updateAndGet(143)) - c0368dd1-c4a9-4bcb-a2d2-6d6b66c0e12a: start FollowerState
2019-10-16 18:49:08,042 [Thread-671] INFO  impl.FollowerState (FollowerState.java:run(117)) - c0368dd1-c4a9-4bcb-a2d2-6d6b66c0e12a@group-753D53B6DDFB-FollowerState was interrupted: java.lang.InterruptedException: sleep interrupted
2019-10-16 18:49:08,051 [52bfa4dc-bcba-4693-b6e2-7f231a44b6db@group-753D53B6DDFB-LeaderElection21] INFO  impl.LeaderElection (LeaderElection.java:logAndReturn(56)) - 52bfa4dc-bcba-4693-b6e2-7f231a44b6db@group-753D53B6DDFB-LeaderElection21: Election TIMEOUT; received 0 response(s) [] and 0 exception(s); 52bfa4dc-bcba-4693-b6e2-7f231a44b6db@group-753D53B6DDFB:t20, leader=null, voted=52bfa4dc-bcba-4693-b6e2-7f231a44b6db, raftlog=52bfa4dc-bcba-4693-b6e2-7f231a44b6db@group-753D53B6DDFB-SegmentedRaftLog:OPENED:c3,f4,i4, conf=0: [0d5b4e59-aa2f-4fe6-b072-73846da82a05:192.168.157.202:39744, 52bfa4dc-bcba-4693-b6e2-7f231a44b6db:192.168.157.202:43025, c0368dd1-c4a9-4bcb-a2d2-6d6b66c0e12a:192.168.157.202:44847], old=null
2019-10-16 18:49:08,057 [52bfa4dc-bcba-4693-b6e2-7f231a44b6db@group-753D53B6DDFB-LeaderElection21] INFO  impl.LeaderElection (LeaderElection.java:askForVotes(178)) - 52bfa4dc-bcba-4693-b6e2-7f231a44b6db@group-753D53B6DDFB-LeaderElection21: begin an election at term 21 for 0: [0d5b4e59-aa2f-4fe6-b072-73846da82a05:192.168.157.202:39744, 52bfa4dc-bcba-4693-b6e2-7f231a44b6db:192.168.157.202:43025, c0368dd1-c4a9-4bcb-a2d2-6d6b66c0e12a:192.168.157.202:44847], old=null
2019-10-16 18:49:08,060 [grpc-default-executor-6] INFO  impl.RaftServerImpl (RaftServerImpl.java:setRole(184)) - c0368dd1-c4a9-4bcb-a2d2-6d6b66c0e12a@group-753D53B6DDFB: changes role from  FOLLOWER to FOLLOWER at term 21 for recognizeCandidate:52bfa4dc-bcba-4693-b6e2-7f231a44b6db
2019-10-16 18:49:08,061 [grpc-default-executor-1] INFO  impl.RaftServerImpl (RaftServerImpl.java:setRole(184)) - 0d5b4e59-aa2f-4fe6-b072-73846da82a05@group-753D53B6DDFB: changes role from  FOLLOWER to FOLLOWER at term 21 for recognizeCandidate:52bfa4dc-bcba-4693-b6e2-7f231a44b6db
2019-10-16 18:49:08,061 [grpc-default-executor-6] INFO  impl.RoleInfo (RoleInfo.java:shutdownFollowerState(121)) - c0368dd1-c4a9-4bcb-a2d2-6d6b66c0e12a: shutdown FollowerState
2019-10-16 18:49:08,061 [grpc-default-executor-1] INFO  impl.RoleInfo (RoleInfo.java:shutdownFollowerState(121)) - 0d5b4e59-aa2f-4fe6-b072-73846da82a05: shutdown FollowerState
2019-10-16 18:49:08,061 [Thread-680] INFO  impl.FollowerState (FollowerState.java:run(117)) - c0368dd1-c4a9-4bcb-a2d2-6d6b66c0e12a@group-753D53B6DDFB-FollowerState was interrupted: java.lang.InterruptedException: sleep interrupted
2019-10-16 18:49:08,061 [grpc-default-executor-6] INFO  impl.RoleInfo (RoleInfo.java:updateAndGet(143)) - c0368dd1-c4a9-4bcb-a2d2-6d6b66c0e12a: start FollowerState
2019-10-16 18:49:08,062 [Thread-679] INFO  impl.FollowerState (FollowerState.java:run(117)) - 0d5b4e59-aa2f-4fe6-b072-73846da82a05@group-753D53B6DDFB-FollowerState was interrupted: java.lang.InterruptedException: sleep interrupted
2019-10-16 18:49:08,062 [grpc-default-executor-1] INFO  impl.RoleInfo (RoleInfo.java:updateAndGet(143)) - 0d5b4e59-aa2f-4fe6-b072-73846da82a05: start FollowerState
2019-10-16 18:49:08,086 [52bfa4dc-bcba-4693-b6e2-7f231a44b6db@group-753D53B6DDFB-LeaderElection21] INFO  impl.LeaderElection (LeaderElection.java:logAndReturn(56)) - 52bfa4dc-bcba-4693-b6e2-7f231a44b6db@group-753D53B6DDFB-LeaderElection21: Election REJECTED; received 2 response(s) [52bfa4dc-bcba-4693-b6e2-7f231a44b6db<-0d5b4e59-aa2f-4fe6-b072-73846da82a05#0:FAIL-t21, 52bfa4dc-bcba-4693-b6e2-7f231a44b6db<-c0368dd1-c4a9-4bcb-a2d2-6d6b66c0e12a#0:FAIL-t21] and 0 exception(s); 52bfa4dc-bcba-4693-b6e2-7f231a44b6db@group-753D53B6DDFB:t21, leader=null, voted=52bfa4dc-bcba-4693-b6e2-7f231a44b6db, raftlog=52bfa4dc-bcba-4693-b6e2-7f231a44b6db@group-753D53B6DDFB-SegmentedRaftLog:OPENED:c3,f4,i4, conf=0: [0d5b4e59-aa2f-4fe6-b072-73846da82a05:192.168.157.202:39744, 52bfa4dc-bcba-4693-b6e2-7f231a44b6db:192.168.157.202:43025, c0368dd1-c4a9-4bcb-a2d2-6d6b66c0e12a:192.168.157.202:44847], old=null
2019-10-16 18:49:08,086 [52bfa4dc-bcba-4693-b6e2-7f231a44b6db@group-753D53B6DDFB-LeaderElection21] INFO  impl.RaftServerImpl (RaftServerImpl.java:setRole(184)) - 52bfa4dc-bcba-4693-b6e2-7f231a44b6db@group-753D53B6DDFB: changes role from CANDIDATE to FOLLOWER at term 21 for DISCOVERED_A_NEW_TERM
2019-10-16 18:49:08,086 [52bfa4dc-bcba-4693-b6e2-7f231a44b6db@group-753D53B6DDFB-LeaderElection21] INFO  impl.RoleInfo (RoleInfo.java:shutdownLeaderElection(134)) - 52bfa4dc-bcba-4693-b6e2-7f231a44b6db: shutdown LeaderElection
2019-10-16 18:49:08,086 [52bfa4dc-bcba-4693-b6e2-7f231a44b6db@group-753D53B6DDFB-LeaderElection21] INFO  impl.RoleInfo (RoleInfo.java:updateAndGet(143)) - 52bfa4dc-bcba-4693-b6e2-7f231a44b6db: start FollowerState
2019-10-16 18:49:08,158 [Thread-686] INFO  impl.FollowerState (FollowerState.java:run(108)) - 52bfa4dc-bcba-4693-b6e2-7f231a44b6db@group-753D53B6DDFB-FollowerState: change to CANDIDATE, lastRpcTime:71ms, electionTimeout:71ms
2019-10-16 18:49:08,159 [Thread-686] INFO  impl.RoleInfo (RoleInfo.java:shutdownFollowerState(121)) - 52bfa4dc-bcba-4693-b6e2-7f231a44b6db: shutdown FollowerState
2019-10-16 18:49:08,159 [Thread-686] INFO  impl.RaftServerImpl (RaftServerImpl.java:setRole(184)) - 52bfa4dc-bcba-4693-b6e2-7f231a44b6db@group-753D53B6DDFB: changes role from  FOLLOWER to CANDIDATE at term 21 for changeToCandidate
2019-10-16 18:49:08,159 [Thread-686] INFO  impl.RoleInfo (RoleInfo.java:updateAndGet(143)) - 52bfa4dc-bcba-4693-b6e2-7f231a44b6db: start LeaderElection
2019-10-16 18:49:08,175 [52bfa4dc-bcba-4693-b6e2-7f231a44b6db@group-753D53B6DDFB-LeaderElection22] INFO  impl.LeaderElection (LeaderElection.java:askForVotes(178)) - 52bfa4dc-bcba-4693-b6e2-7f231a44b6db@group-753D53B6DDFB-LeaderElection22: begin an election at term 22 for 0: [0d5b4e59-aa2f-4fe6-b072-73846da82a05:192.168.157.202:39744, 52bfa4dc-bcba-4693-b6e2-7f231a44b6db:192.168.157.202:43025, c0368dd1-c4a9-4bcb-a2d2-6d6b66c0e12a:192.168.157.202:44847], old=null
2019-10-16 18:49:08,181 [grpc-default-executor-6] INFO  impl.RaftServerImpl (RaftServerImpl.java:setRole(184)) - c0368dd1-c4a9-4bcb-a2d2-6d6b66c0e12a@group-753D53B6DDFB: changes role from  FOLLOWER to FOLLOWER at term 22 for recognizeCandidate:52bfa4dc-bcba-4693-b6e2-7f231a44b6db
2019-10-16 18:49:08,181 [grpc-default-executor-6] INFO  impl.RoleInfo (RoleInfo.java:shutdownFollowerState(121)) - c0368dd1-c4a9-4bcb-a2d2-6d6b66c0e12a: shutdown FollowerState
2019-10-16 18:49:08,181 [grpc-default-executor-6] INFO  impl.RoleInfo (RoleInfo.java:updateAndGet(143)) - c0368dd1-c4a9-4bcb-a2d2-6d6b66c0e12a: start FollowerState
2019-10-16 18:49:08,181 [Thread-684] INFO  impl.FollowerState (FollowerState.java:run(117)) - c0368dd1-c4a9-4bcb-a2d2-6d6b66c0e12a@group-753D53B6DDFB-FollowerState was interrupted: java.lang.InterruptedException: sleep interrupted
2019-10-16 18:49:08,181 [grpc-default-executor-1] INFO  impl.RaftServerImpl (RaftServerImpl.java:setRole(184)) - 0d5b4e59-aa2f-4fe6-b072-73846da82a05@group-753D53B6DDFB: changes role from  FOLLOWER to FOLLOWER at term 22 for recognizeCandidate:52bfa4dc-bcba-4693-b6e2-7f231a44b6db
2019-10-16 18:49:08,182 [grpc-default-executor-1] INFO  impl.RoleInfo (RoleInfo.java:shutdownFollowerState(121)) - 0d5b4e59-aa2f-4fe6-b072-73846da82a05: shutdown FollowerState
2019-10-16 18:49:08,182 [Thread-685] INFO  impl.FollowerState (FollowerState.java:run(117)) - 0d5b4e59-aa2f-4fe6-b072-73846da82a05@group-753D53B6DDFB-FollowerState was interrupted: java.lang.InterruptedException: sleep interrupted
2019-10-16 18:49:08,182 [grpc-default-executor-1] INFO  impl.RoleInfo (RoleInfo.java:updateAndGet(143)) - 0d5b4e59-aa2f-4fe6-b072-73846da82a05: start FollowerState
2019-10-16 18:49:08,223 [52bfa4dc-bcba-4693-b6e2-7f231a44b6db@group-753D53B6DDFB-LeaderElection22] INFO  impl.LeaderElection (LeaderElection.java:logAndReturn(56)) - 52bfa4dc-bcba-4693-b6e2-7f231a44b6db@group-753D53B6DDFB-LeaderElection22: Election REJECTED; received 2 response(s) [52bfa4dc-bcba-4693-b6e2-7f231a44b6db<-0d5b4e59-aa2f-4fe6-b072-73846da82a05#0:FAIL-t22, 52bfa4dc-bcba-4693-b6e2-7f231a44b6db<-c0368dd1-c4a9-4bcb-a2d2-6d6b66c0e12a#0:FAIL-t22] and 0 exception(s); 52bfa4dc-bcba-4693-b6e2-7f231a44b6db@group-753D53B6DDFB:t22, leader=null, voted=52bfa4dc-bcba-4693-b6e2-7f231a44b6db, raftlog=52bfa4dc-bcba-4693-b6e2-7f231a44b6db@group-753D53B6DDFB-SegmentedRaftLog:OPENED:c3,f4,i4, conf=0: [0d5b4e59-aa2f-4fe6-b072-73846da82a05:192.168.157.202:39744, 52bfa4dc-bcba-4693-b6e2-7f231a44b6db:192.168.157.202:43025, c0368dd1-c4a9-4bcb-a2d2-6d6b66c0e12a:192.168.157.202:44847], old=null
2019-10-16 18:49:08,223 [52bfa4dc-bcba-4693-b6e2-7f231a44b6db@group-753D53B6DDFB-LeaderElection22] INFO  impl.RaftServerImpl (RaftServerImpl.java:setRole(184)) - 52bfa4dc-bcba-4693-b6e2-7f231a44b6db@group-753D53B6DDFB: changes role from CANDIDATE to FOLLOWER at term 22 for DISCOVERED_A_NEW_TERM
2019-10-16 18:49:08,224 [52bfa4dc-bcba-4693-b6e2-7f231a44b6db@group-753D53B6DDFB-LeaderElection22] INFO  impl.RoleInfo (RoleInfo.java:shutdownLeaderElection(134)) - 52bfa4dc-bcba-4693-b6e2-7f231a44b6db: shutdown LeaderElection
2019-10-16 18:49:08,224 [52bfa4dc-bcba-4693-b6e2-7f231a44b6db@group-753D53B6DDFB-LeaderElection22] INFO  impl.RoleInfo (RoleInfo.java:updateAndGet(143)) - 52bfa4dc-bcba-4693-b6e2-7f231a44b6db: start FollowerState
2019-10-16 18:49:08,257 [Thread-692] INFO  impl.FollowerState (FollowerState.java:run(108)) - 52bfa4dc-bcba-4693-b6e2-7f231a44b6db@group-753D53B6DDFB-FollowerState: change to CANDIDATE, lastRpcTime:33ms, electionTimeout:33ms
2019-10-16 18:49:08,259 [Thread-692] INFO  impl.RoleInfo (RoleInfo.java:shutdownFollowerState(121)) - 52bfa4dc-bcba-4693-b6e2-7f231a44b6db: shutdown FollowerState
2019-10-16 18:49:08,259 [Thread-692] INFO  impl.RaftServerImpl (RaftServerImpl.java:setRole(184)) - 52bfa4dc-bcba-4693-b6e2-7f231a44b6db@group-753D53B6DDFB: changes role from  FOLLOWER to CANDIDATE at term 22 for changeToCandidate
2019-10-16 18:49:08,259 [Thread-692] INFO  impl.RoleInfo (RoleInfo.java:updateAndGet(143)) - 52bfa4dc-bcba-4693-b6e2-7f231a44b6db: start LeaderElection
2019-10-16 18:49:08,285 [52bfa4dc-bcba-4693-b6e2-7f231a44b6db@group-753D53B6DDFB-LeaderElection23] INFO  impl.LeaderElection (LeaderElection.java:askForVotes(178)) - 52bfa4dc-bcba-4693-b6e2-7f231a44b6db@group-753D53B6DDFB-LeaderElection23: begin an election at term 23 for 0: [0d5b4e59-aa2f-4fe6-b072-73846da82a05:192.168.157.202:39744, 52bfa4dc-bcba-4693-b6e2-7f231a44b6db:192.168.157.202:43025, c0368dd1-c4a9-4bcb-a2d2-6d6b66c0e12a:192.168.157.202:44847], old=null
2019-10-16 18:49:08,286 [BlockDeletingService#2] WARN  background.BlockDeletingService (BlockDeletingService.java:isDeletionAllowed(187)) - Close Container log Index 6 is not replicated across allthe servers in the pipeline 7043c0de-230d-480f-89cc-753d53b6ddfb as the min replicated index is 4. Deletion is not allowed in this container yet.
2019-10-16 18:49:08,286 [BlockDeletingService#2] WARN  background.BlockDeletingService (BlockDeletingService.java:isDeletionAllowed(187)) - Close Container log Index 6 is not replicated across allthe servers in the pipeline 7043c0de-230d-480f-89cc-753d53b6ddfb as the min replicated index is 4. Deletion is not allowed in this container yet.
2019-10-16 18:49:08,288 [grpc-default-executor-1] INFO  impl.RaftServerImpl (RaftServerImpl.java:setRole(184)) - c0368dd1-c4a9-4bcb-a2d2-6d6b66c0e12a@group-753D53B6DDFB: changes role from  FOLLOWER to FOLLOWER at term 23 for recognizeCandidate:52bfa4dc-bcba-4693-b6e2-7f231a44b6db
2019-10-16 18:49:08,288 [grpc-default-executor-6] INFO  impl.RaftServerImpl (RaftServerImpl.java:setRole(184)) - 0d5b4e59-aa2f-4fe6-b072-73846da82a05@group-753D53B6DDFB: changes role from  FOLLOWER to FOLLOWER at term 23 for recognizeCandidate:52bfa4dc-bcba-4693-b6e2-7f231a44b6db
2019-10-16 18:49:08,288 [grpc-default-executor-1] INFO  impl.RoleInfo (RoleInfo.java:shutdownFollowerState(121)) - c0368dd1-c4a9-4bcb-a2d2-6d6b66c0e12a: shutdown FollowerState
2019-10-16 18:49:08,289 [grpc-default-executor-6] INFO  impl.RoleInfo (RoleInfo.java:shutdownFollowerState(121)) - 0d5b4e59-aa2f-4fe6-b072-73846da82a05: shutdown FollowerState
2019-10-16 18:49:08,289 [Thread-690] INFO  impl.FollowerState (FollowerState.java:run(117)) - c0368dd1-c4a9-4bcb-a2d2-6d6b66c0e12a@group-753D53B6DDFB-FollowerState was interrupted: java.lang.InterruptedException: sleep interrupted
2019-10-16 18:49:08,289 [grpc-default-executor-1] INFO  impl.RoleInfo (RoleInfo.java:updateAndGet(143)) - c0368dd1-c4a9-4bcb-a2d2-6d6b66c0e12a: start FollowerState
2019-10-16 18:49:08,289 [Thread-691] INFO  impl.FollowerState (FollowerState.java:run(117)) - 0d5b4e59-aa2f-4fe6-b072-73846da82a05@group-753D53B6DDFB-FollowerState was interrupted: java.lang.InterruptedException: sleep interrupted
2019-10-16 18:49:08,289 [grpc-default-executor-6] INFO  impl.RoleInfo (RoleInfo.java:updateAndGet(143)) - 0d5b4e59-aa2f-4fe6-b072-73846da82a05: start FollowerState
2019-10-16 18:49:08,304 [52bfa4dc-bcba-4693-b6e2-7f231a44b6db@group-753D53B6DDFB-LeaderElection23] INFO  impl.LeaderElection (LeaderElection.java:logAndReturn(56)) - 52bfa4dc-bcba-4693-b6e2-7f231a44b6db@group-753D53B6DDFB-LeaderElection23: Election REJECTED; received 2 response(s) [52bfa4dc-bcba-4693-b6e2-7f231a44b6db<-0d5b4e59-aa2f-4fe6-b072-73846da82a05#0:FAIL-t23, 52bfa4dc-bcba-4693-b6e2-7f231a44b6db<-c0368dd1-c4a9-4bcb-a2d2-6d6b66c0e12a#0:FAIL-t23] and 0 exception(s); 52bfa4dc-bcba-4693-b6e2-7f231a44b6db@group-753D53B6DDFB:t23, leader=null, voted=52bfa4dc-bcba-4693-b6e2-7f231a44b6db, raftlog=52bfa4dc-bcba-4693-b6e2-7f231a44b6db@group-753D53B6DDFB-SegmentedRaftLog:OPENED:c3,f4,i4, conf=0: [0d5b4e59-aa2f-4fe6-b072-73846da82a05:192.168.157.202:39744, 52bfa4dc-bcba-4693-b6e2-7f231a44b6db:192.168.157.202:43025, c0368dd1-c4a9-4bcb-a2d2-6d6b66c0e12a:192.168.157.202:44847], old=null
2019-10-16 18:49:08,304 [52bfa4dc-bcba-4693-b6e2-7f231a44b6db@group-753D53B6DDFB-LeaderElection23] INFO  impl.RaftServerImpl (RaftServerImpl.java:setRole(184)) - 52bfa4dc-bcba-4693-b6e2-7f231a44b6db@group-753D53B6DDFB: changes role from CANDIDATE to FOLLOWER at term 23 for DISCOVERED_A_NEW_TERM
2019-10-16 18:49:08,304 [52bfa4dc-bcba-4693-b6e2-7f231a44b6db@group-753D53B6DDFB-LeaderElection23] INFO  impl.RoleInfo (RoleInfo.java:shutdownLeaderElection(134)) - 52bfa4dc-bcba-4693-b6e2-7f231a44b6db: shutdown LeaderElection
2019-10-16 18:49:08,304 [52bfa4dc-bcba-4693-b6e2-7f231a44b6db@group-753D53B6DDFB-LeaderElection23] INFO  impl.RoleInfo (RoleInfo.java:updateAndGet(143)) - 52bfa4dc-bcba-4693-b6e2-7f231a44b6db: start FollowerState
2019-10-16 18:49:08,453 [java.util.concurrent.ThreadPoolExecutor$Worker@48272572[State = -1, empty queue]] WARN  server.GrpcLogAppender (GrpcLogAppender.java:timeoutAppendRequest(209)) - c0368dd1-c4a9-4bcb-a2d2-6d6b66c0e12a@group-753D53B6DDFB->52bfa4dc-bcba-4693-b6e2-7f231a44b6db-GrpcLogAppender: appendEntries Timeout, request=c0368dd1-c4a9-4bcb-a2d2-6d6b66c0e12a->52bfa4dc-bcba-4693-b6e2-7f231a44b6db#52-t4, previous=(t:4, i:10), leaderCommit=10, initializing? false, entries: <empty>
2019-10-16 18:49:08,497 [Thread-700] INFO  impl.FollowerState (FollowerState.java:run(108)) - 52bfa4dc-bcba-4693-b6e2-7f231a44b6db@group-753D53B6DDFB-FollowerState: change to CANDIDATE, lastRpcTime:192ms, electionTimeout:192ms
2019-10-16 18:49:08,497 [Thread-700] INFO  impl.RoleInfo (RoleInfo.java:shutdownFollowerState(121)) - 52bfa4dc-bcba-4693-b6e2-7f231a44b6db: shutdown FollowerState
2019-10-16 18:49:08,498 [Thread-700] INFO  impl.RaftServerImpl (RaftServerImpl.java:setRole(184)) - 52bfa4dc-bcba-4693-b6e2-7f231a44b6db@group-753D53B6DDFB: changes role from  FOLLOWER to CANDIDATE at term 23 for changeToCandidate
2019-10-16 18:49:08,498 [Thread-700] INFO  impl.RoleInfo (RoleInfo.java:updateAndGet(143)) - 52bfa4dc-bcba-4693-b6e2-7f231a44b6db: start LeaderElection
2019-10-16 18:49:08,508 [52bfa4dc-bcba-4693-b6e2-7f231a44b6db@group-753D53B6DDFB-LeaderElection24] INFO  impl.LeaderElection (LeaderElection.java:askForVotes(178)) - 52bfa4dc-bcba-4693-b6e2-7f231a44b6db@group-753D53B6DDFB-LeaderElection24: begin an election at term 24 for 0: [0d5b4e59-aa2f-4fe6-b072-73846da82a05:192.168.157.202:39744, 52bfa4dc-bcba-4693-b6e2-7f231a44b6db:192.168.157.202:43025, c0368dd1-c4a9-4bcb-a2d2-6d6b66c0e12a:192.168.157.202:44847], old=null
2019-10-16 18:49:08,512 [grpc-default-executor-6] INFO  impl.RaftServerImpl (RaftServerImpl.java:setRole(184)) - c0368dd1-c4a9-4bcb-a2d2-6d6b66c0e12a@group-753D53B6DDFB: changes role from  FOLLOWER to FOLLOWER at term 24 for recognizeCandidate:52bfa4dc-bcba-4693-b6e2-7f231a44b6db
2019-10-16 18:49:08,512 [grpc-default-executor-1] INFO  impl.RaftServerImpl (RaftServerImpl.java:setRole(184)) - 0d5b4e59-aa2f-4fe6-b072-73846da82a05@group-753D53B6DDFB: changes role from  FOLLOWER to FOLLOWER at term 24 for recognizeCandidate:52bfa4dc-bcba-4693-b6e2-7f231a44b6db
2019-10-16 18:49:08,512 [grpc-default-executor-6] INFO  impl.RoleInfo (RoleInfo.java:shutdownFollowerState(121)) - c0368dd1-c4a9-4bcb-a2d2-6d6b66c0e12a: shutdown FollowerState
2019-10-16 18:49:08,512 [grpc-default-executor-1] INFO  impl.RoleInfo (RoleInfo.java:shutdownFollowerState(121)) - 0d5b4e59-aa2f-4fe6-b072-73846da82a05: shutdown FollowerState
2019-10-16 18:49:08,513 [Thread-698] INFO  impl.FollowerState (FollowerState.java:run(117)) - c0368dd1-c4a9-4bcb-a2d2-6d6b66c0e12a@group-753D53B6DDFB-FollowerState was interrupted: java.lang.InterruptedException: sleep interrupted
2019-10-16 18:49:08,513 [Thread-699] INFO  impl.FollowerState (FollowerState.java:run(117)) - 0d5b4e59-aa2f-4fe6-b072-73846da82a05@group-753D53B6DDFB-FollowerState was interrupted: java.lang.InterruptedException: sleep interrupted
2019-10-16 18:49:08,512 [grpc-default-executor-6] INFO  impl.RoleInfo (RoleInfo.java:updateAndGet(143)) - c0368dd1-c4a9-4bcb-a2d2-6d6b66c0e12a: start FollowerState
2019-10-16 18:49:08,513 [grpc-default-executor-1] INFO  impl.RoleInfo (RoleInfo.java:updateAndGet(143)) - 0d5b4e59-aa2f-4fe6-b072-73846da82a05: start FollowerState
2019-10-16 18:49:08,527 [52bfa4dc-bcba-4693-b6e2-7f231a44b6db@group-753D53B6DDFB-LeaderElection24] INFO  impl.LeaderElection (LeaderElection.java:logAndReturn(56)) - 52bfa4dc-bcba-4693-b6e2-7f231a44b6db@group-753D53B6DDFB-LeaderElection24: Election REJECTED; received 2 response(s) [52bfa4dc-bcba-4693-b6e2-7f231a44b6db<-0d5b4e59-aa2f-4fe6-b072-73846da82a05#0:FAIL-t24, 52bfa4dc-bcba-4693-b6e2-7f231a44b6db<-c0368dd1-c4a9-4bcb-a2d2-6d6b66c0e12a#0:FAIL-t24] and 0 exception(s); 52bfa4dc-bcba-4693-b6e2-7f231a44b6db@group-753D53B6DDFB:t24, leader=null, voted=52bfa4dc-bcba-4693-b6e2-7f231a44b6db, raftlog=52bfa4dc-bcba-4693-b6e2-7f231a44b6db@group-753D53B6DDFB-SegmentedRaftLog:OPENED:c3,f4,i4, conf=0: [0d5b4e59-aa2f-4fe6-b072-73846da82a05:192.168.157.202:39744, 52bfa4dc-bcba-4693-b6e2-7f231a44b6db:192.168.157.202:43025, c0368dd1-c4a9-4bcb-a2d2-6d6b66c0e12a:192.168.157.202:44847], old=null
2019-10-16 18:49:08,528 [52bfa4dc-bcba-4693-b6e2-7f231a44b6db@group-753D53B6DDFB-LeaderElection24] INFO  impl.RaftServerImpl (RaftServerImpl.java:setRole(184)) - 52bfa4dc-bcba-4693-b6e2-7f231a44b6db@group-753D53B6DDFB: changes role from CANDIDATE to FOLLOWER at term 24 for DISCOVERED_A_NEW_TERM
2019-10-16 18:49:08,528 [52bfa4dc-bcba-4693-b6e2-7f231a44b6db@group-753D53B6DDFB-LeaderElection24] INFO  impl.RoleInfo (RoleInfo.java:shutdownLeaderElection(134)) - 52bfa4dc-bcba-4693-b6e2-7f231a44b6db: shutdown LeaderElection
2019-10-16 18:49:08,528 [52bfa4dc-bcba-4693-b6e2-7f231a44b6db@group-753D53B6DDFB-LeaderElection24] INFO  impl.RoleInfo (RoleInfo.java:updateAndGet(143)) - 52bfa4dc-bcba-4693-b6e2-7f231a44b6db: start FollowerState
2019-10-16 18:49:08,653 [Thread-706] INFO  impl.FollowerState (FollowerState.java:run(108)) - 52bfa4dc-bcba-4693-b6e2-7f231a44b6db@group-753D53B6DDFB-FollowerState: change to CANDIDATE, lastRpcTime:125ms, electionTimeout:125ms
2019-10-16 18:49:08,655 [Thread-706] INFO  impl.RoleInfo (RoleInfo.java:shutdownFollowerState(121)) - 52bfa4dc-bcba-4693-b6e2-7f231a44b6db: shutdown FollowerState
2019-10-16 18:49:08,655 [Thread-706] INFO  impl.RaftServerImpl (RaftServerImpl.java:setRole(184)) - 52bfa4dc-bcba-4693-b6e2-7f231a44b6db@group-753D53B6DDFB: changes role from  FOLLOWER to CANDIDATE at term 24 for changeToCandidate
2019-10-16 18:49:08,655 [Thread-706] INFO  impl.RoleInfo (RoleInfo.java:updateAndGet(143)) - 52bfa4dc-bcba-4693-b6e2-7f231a44b6db: start LeaderElection
2019-10-16 18:49:08,664 [52bfa4dc-bcba-4693-b6e2-7f231a44b6db@group-753D53B6DDFB-LeaderElection25] INFO  impl.LeaderElection (LeaderElection.java:askForVotes(178)) - 52bfa4dc-bcba-4693-b6e2-7f231a44b6db@group-753D53B6DDFB-LeaderElection25: begin an election at term 25 for 0: [0d5b4e59-aa2f-4fe6-b072-73846da82a05:192.168.157.202:39744, 52bfa4dc-bcba-4693-b6e2-7f231a44b6db:192.168.157.202:43025, c0368dd1-c4a9-4bcb-a2d2-6d6b66c0e12a:192.168.157.202:44847], old=null
2019-10-16 18:49:08,667 [grpc-default-executor-6] INFO  impl.RaftServerImpl (RaftServerImpl.java:setRole(184)) - 0d5b4e59-aa2f-4fe6-b072-73846da82a05@group-753D53B6DDFB: changes role from  FOLLOWER to FOLLOWER at term 25 for recognizeCandidate:52bfa4dc-bcba-4693-b6e2-7f231a44b6db
2019-10-16 18:49:08,667 [grpc-default-executor-6] INFO  impl.RoleInfo (RoleInfo.java:shutdownFollowerState(121)) - 0d5b4e59-aa2f-4fe6-b072-73846da82a05: shutdown FollowerState
2019-10-16 18:49:08,667 [grpc-default-executor-1] INFO  impl.RaftServerImpl (RaftServerImpl.java:setRole(184)) - c0368dd1-c4a9-4bcb-a2d2-6d6b66c0e12a@group-753D53B6DDFB: changes role from  FOLLOWER to FOLLOWER at term 25 for recognizeCandidate:52bfa4dc-bcba-4693-b6e2-7f231a44b6db
2019-10-16 18:49:08,667 [Thread-705] INFO  impl.FollowerState (FollowerState.java:run(117)) - 0d5b4e59-aa2f-4fe6-b072-73846da82a05@group-753D53B6DDFB-FollowerState was interrupted: java.lang.InterruptedException: sleep interrupted
2019-10-16 18:49:08,667 [grpc-default-executor-6] INFO  impl.RoleInfo (RoleInfo.java:updateAndGet(143)) - 0d5b4e59-aa2f-4fe6-b072-73846da82a05: start FollowerState
2019-10-16 18:49:08,667 [grpc-default-executor-1] INFO  impl.RoleInfo (RoleInfo.java:shutdownFollowerState(121)) - c0368dd1-c4a9-4bcb-a2d2-6d6b66c0e12a: shutdown FollowerState
2019-10-16 18:49:08,668 [grpc-default-executor-1] INFO  impl.RoleInfo (RoleInfo.java:updateAndGet(143)) - c0368dd1-c4a9-4bcb-a2d2-6d6b66c0e12a: start FollowerState
2019-10-16 18:49:08,668 [Thread-704] INFO  impl.FollowerState (FollowerState.java:run(117)) - c0368dd1-c4a9-4bcb-a2d2-6d6b66c0e12a@group-753D53B6DDFB-FollowerState was interrupted: java.lang.InterruptedException: sleep interrupted
2019-10-16 18:49:08,681 [52bfa4dc-bcba-4693-b6e2-7f231a44b6db@group-753D53B6DDFB-LeaderElection25] INFO  impl.LeaderElection (LeaderElection.java:logAndReturn(56)) - 52bfa4dc-bcba-4693-b6e2-7f231a44b6db@group-753D53B6DDFB-LeaderElection25: Election TIMEOUT; received 0 response(s) [] and 0 exception(s); 52bfa4dc-bcba-4693-b6e2-7f231a44b6db@group-753D53B6DDFB:t25, leader=null, voted=52bfa4dc-bcba-4693-b6e2-7f231a44b6db, raftlog=52bfa4dc-bcba-4693-b6e2-7f231a44b6db@group-753D53B6DDFB-SegmentedRaftLog:OPENED:c3,f4,i4, conf=0: [0d5b4e59-aa2f-4fe6-b072-73846da82a05:192.168.157.202:39744, 52bfa4dc-bcba-4693-b6e2-7f231a44b6db:192.168.157.202:43025, c0368dd1-c4a9-4bcb-a2d2-6d6b66c0e12a:192.168.157.202:44847], old=null
2019-10-16 18:49:08,695 [52bfa4dc-bcba-4693-b6e2-7f231a44b6db@group-753D53B6DDFB-LeaderElection25] INFO  impl.LeaderElection (LeaderElection.java:askForVotes(178)) - 52bfa4dc-bcba-4693-b6e2-7f231a44b6db@group-753D53B6DDFB-LeaderElection25: begin an election at term 26 for 0: [0d5b4e59-aa2f-4fe6-b072-73846da82a05:192.168.157.202:39744, 52bfa4dc-bcba-4693-b6e2-7f231a44b6db:192.168.157.202:43025, c0368dd1-c4a9-4bcb-a2d2-6d6b66c0e12a:192.168.157.202:44847], old=null
2019-10-16 18:49:08,697 [grpc-default-executor-6] INFO  impl.RaftServerImpl (RaftServerImpl.java:setRole(184)) - 0d5b4e59-aa2f-4fe6-b072-73846da82a05@group-753D53B6DDFB: changes role from  FOLLOWER to FOLLOWER at term 26 for recognizeCandidate:52bfa4dc-bcba-4693-b6e2-7f231a44b6db
2019-10-16 18:49:08,698 [grpc-default-executor-1] INFO  impl.RaftServerImpl (RaftServerImpl.java:setRole(184)) - c0368dd1-c4a9-4bcb-a2d2-6d6b66c0e12a@group-753D53B6DDFB: changes role from  FOLLOWER to FOLLOWER at term 26 for recognizeCandidate:52bfa4dc-bcba-4693-b6e2-7f231a44b6db
2019-10-16 18:49:08,699 [grpc-default-executor-6] INFO  impl.RoleInfo (RoleInfo.java:shutdownFollowerState(121)) - 0d5b4e59-aa2f-4fe6-b072-73846da82a05: shutdown FollowerState
2019-10-16 18:49:08,699 [grpc-default-executor-1] INFO  impl.RoleInfo (RoleInfo.java:shutdownFollowerState(121)) - c0368dd1-c4a9-4bcb-a2d2-6d6b66c0e12a: shutdown FollowerState
2019-10-16 18:49:08,699 [grpc-default-executor-6] INFO  impl.RoleInfo (RoleInfo.java:updateAndGet(143)) - 0d5b4e59-aa2f-4fe6-b072-73846da82a05: start FollowerState
2019-10-16 18:49:08,699 [Thread-710] INFO  impl.FollowerState (FollowerState.java:run(117)) - 0d5b4e59-aa2f-4fe6-b072-73846da82a05@group-753D53B6DDFB-FollowerState was interrupted: java.lang.InterruptedException: sleep interrupted
2019-10-16 18:49:08,699 [grpc-default-executor-1] INFO  impl.RoleInfo (RoleInfo.java:updateAndGet(143)) - c0368dd1-c4a9-4bcb-a2d2-6d6b66c0e12a: start FollowerState
2019-10-16 18:49:08,699 [Thread-711] INFO  impl.FollowerState (FollowerState.java:run(117)) - c0368dd1-c4a9-4bcb-a2d2-6d6b66c0e12a@group-753D53B6DDFB-FollowerState was interrupted: java.lang.InterruptedException: sleep interrupted
2019-10-16 18:49:08,714 [52bfa4dc-bcba-4693-b6e2-7f231a44b6db@group-753D53B6DDFB-LeaderElection25] INFO  impl.LeaderElection (LeaderElection.java:logAndReturn(56)) - 52bfa4dc-bcba-4693-b6e2-7f231a44b6db@group-753D53B6DDFB-LeaderElection25: Election REJECTED; received 2 response(s) [52bfa4dc-bcba-4693-b6e2-7f231a44b6db<-0d5b4e59-aa2f-4fe6-b072-73846da82a05#0:FAIL-t26, 52bfa4dc-bcba-4693-b6e2-7f231a44b6db<-c0368dd1-c4a9-4bcb-a2d2-6d6b66c0e12a#0:FAIL-t26] and 0 exception(s); 52bfa4dc-bcba-4693-b6e2-7f231a44b6db@group-753D53B6DDFB:t26, leader=null, voted=52bfa4dc-bcba-4693-b6e2-7f231a44b6db, raftlog=52bfa4dc-bcba-4693-b6e2-7f231a44b6db@group-753D53B6DDFB-SegmentedRaftLog:OPENED:c3,f4,i4, conf=0: [0d5b4e59-aa2f-4fe6-b072-73846da82a05:192.168.157.202:39744, 52bfa4dc-bcba-4693-b6e2-7f231a44b6db:192.168.157.202:43025, c0368dd1-c4a9-4bcb-a2d2-6d6b66c0e12a:192.168.157.202:44847], old=null
2019-10-16 18:49:08,714 [52bfa4dc-bcba-4693-b6e2-7f231a44b6db@group-753D53B6DDFB-LeaderElection25] INFO  impl.RaftServerImpl (RaftServerImpl.java:setRole(184)) - 52bfa4dc-bcba-4693-b6e2-7f231a44b6db@group-753D53B6DDFB: changes role from CANDIDATE to FOLLOWER at term 26 for DISCOVERED_A_NEW_TERM
2019-10-16 18:49:08,714 [52bfa4dc-bcba-4693-b6e2-7f231a44b6db@group-753D53B6DDFB-LeaderElection25] INFO  impl.RoleInfo (RoleInfo.java:shutdownLeaderElection(134)) - 52bfa4dc-bcba-4693-b6e2-7f231a44b6db: shutdown LeaderElection
2019-10-16 18:49:08,714 [52bfa4dc-bcba-4693-b6e2-7f231a44b6db@group-753D53B6DDFB-LeaderElection25] INFO  impl.RoleInfo (RoleInfo.java:updateAndGet(143)) - 52bfa4dc-bcba-4693-b6e2-7f231a44b6db: start FollowerState
2019-10-16 18:49:08,874 [Thread-716] INFO  impl.FollowerState (FollowerState.java:run(108)) - 52bfa4dc-bcba-4693-b6e2-7f231a44b6db@group-753D53B6DDFB-FollowerState: change to CANDIDATE, lastRpcTime:159ms, electionTimeout:159ms
2019-10-16 18:49:08,875 [Thread-716] INFO  impl.RoleInfo (RoleInfo.java:shutdownFollowerState(121)) - 52bfa4dc-bcba-4693-b6e2-7f231a44b6db: shutdown FollowerState
2019-10-16 18:49:08,875 [Thread-716] INFO  impl.RaftServerImpl (RaftServerImpl.java:setRole(184)) - 52bfa4dc-bcba-4693-b6e2-7f231a44b6db@group-753D53B6DDFB: changes role from  FOLLOWER to CANDIDATE at term 26 for changeToCandidate
2019-10-16 18:49:08,875 [Thread-716] INFO  impl.RoleInfo (RoleInfo.java:updateAndGet(143)) - 52bfa4dc-bcba-4693-b6e2-7f231a44b6db: start LeaderElection
2019-10-16 18:49:08,885 [52bfa4dc-bcba-4693-b6e2-7f231a44b6db@group-753D53B6DDFB-LeaderElection26] INFO  impl.LeaderElection (LeaderElection.java:askForVotes(178)) - 52bfa4dc-bcba-4693-b6e2-7f231a44b6db@group-753D53B6DDFB-LeaderElection26: begin an election at term 27 for 0: [0d5b4e59-aa2f-4fe6-b072-73846da82a05:192.168.157.202:39744, 52bfa4dc-bcba-4693-b6e2-7f231a44b6db:192.168.157.202:43025, c0368dd1-c4a9-4bcb-a2d2-6d6b66c0e12a:192.168.157.202:44847], old=null
2019-10-16 18:49:08,888 [grpc-default-executor-1] INFO  impl.RaftServerImpl (RaftServerImpl.java:setRole(184)) - c0368dd1-c4a9-4bcb-a2d2-6d6b66c0e12a@group-753D53B6DDFB: changes role from  FOLLOWER to FOLLOWER at term 27 for recognizeCandidate:52bfa4dc-bcba-4693-b6e2-7f231a44b6db
2019-10-16 18:49:08,888 [grpc-default-executor-6] INFO  impl.RaftServerImpl (RaftServerImpl.java:setRole(184)) - 0d5b4e59-aa2f-4fe6-b072-73846da82a05@group-753D53B6DDFB: changes role from  FOLLOWER to FOLLOWER at term 27 for recognizeCandidate:52bfa4dc-bcba-4693-b6e2-7f231a44b6db
2019-10-16 18:49:08,888 [grpc-default-executor-1] INFO  impl.RoleInfo (RoleInfo.java:shutdownFollowerState(121)) - c0368dd1-c4a9-4bcb-a2d2-6d6b66c0e12a: shutdown FollowerState
2019-10-16 18:49:08,888 [grpc-default-executor-6] INFO  impl.RoleInfo (RoleInfo.java:shutdownFollowerState(121)) - 0d5b4e59-aa2f-4fe6-b072-73846da82a05: shutdown FollowerState
2019-10-16 18:49:08,888 [Thread-715] INFO  impl.FollowerState (FollowerState.java:run(117)) - c0368dd1-c4a9-4bcb-a2d2-6d6b66c0e12a@group-753D53B6DDFB-FollowerState was interrupted: java.lang.InterruptedException: sleep interrupted
2019-10-16 18:49:08,888 [grpc-default-executor-1] INFO  impl.RoleInfo (RoleInfo.java:updateAndGet(143)) - c0368dd1-c4a9-4bcb-a2d2-6d6b66c0e12a: start FollowerState
2019-10-16 18:49:08,889 [Thread-714] INFO  impl.FollowerState (FollowerState.java:run(117)) - 0d5b4e59-aa2f-4fe6-b072-73846da82a05@group-753D53B6DDFB-FollowerState was interrupted: java.lang.InterruptedException: sleep interrupted
2019-10-16 18:49:08,889 [grpc-default-executor-6] INFO  impl.RoleInfo (RoleInfo.java:updateAndGet(143)) - 0d5b4e59-aa2f-4fe6-b072-73846da82a05: start FollowerState
2019-10-16 18:49:08,891 [52bfa4dc-bcba-4693-b6e2-7f231a44b6db@group-753D53B6DDFB-LeaderElection26] INFO  impl.LeaderElection (LeaderElection.java:logAndReturn(56)) - 52bfa4dc-bcba-4693-b6e2-7f231a44b6db@group-753D53B6DDFB-LeaderElection26: Election TIMEOUT; received 0 response(s) [] and 0 exception(s); 52bfa4dc-bcba-4693-b6e2-7f231a44b6db@group-753D53B6DDFB:t27, leader=null, voted=52bfa4dc-bcba-4693-b6e2-7f231a44b6db, raftlog=52bfa4dc-bcba-4693-b6e2-7f231a44b6db@group-753D53B6DDFB-SegmentedRaftLog:OPENED:c3,f4,i4, conf=0: [0d5b4e59-aa2f-4fe6-b072-73846da82a05:192.168.157.202:39744, 52bfa4dc-bcba-4693-b6e2-7f231a44b6db:192.168.157.202:43025, c0368dd1-c4a9-4bcb-a2d2-6d6b66c0e12a:192.168.157.202:44847], old=null
2019-10-16 18:49:08,902 [52bfa4dc-bcba-4693-b6e2-7f231a44b6db@group-753D53B6DDFB-LeaderElection26] INFO  impl.LeaderElection (LeaderElection.java:askForVotes(178)) - 52bfa4dc-bcba-4693-b6e2-7f231a44b6db@group-753D53B6DDFB-LeaderElection26: begin an election at term 28 for 0: [0d5b4e59-aa2f-4fe6-b072-73846da82a05:192.168.157.202:39744, 52bfa4dc-bcba-4693-b6e2-7f231a44b6db:192.168.157.202:43025, c0368dd1-c4a9-4bcb-a2d2-6d6b66c0e12a:192.168.157.202:44847], old=null
2019-10-16 18:49:08,904 [grpc-default-executor-1] INFO  impl.RaftServerImpl (RaftServerImpl.java:setRole(184)) - 0d5b4e59-aa2f-4fe6-b072-73846da82a05@group-753D53B6DDFB: changes role from  FOLLOWER to FOLLOWER at term 28 for recognizeCandidate:52bfa4dc-bcba-4693-b6e2-7f231a44b6db
2019-10-16 18:49:08,906 [grpc-default-executor-1] INFO  impl.RoleInfo (RoleInfo.java:shutdownFollowerState(121)) - 0d5b4e59-aa2f-4fe6-b072-73846da82a05: shutdown FollowerState
2019-10-16 18:49:08,906 [grpc-default-executor-1] INFO  impl.RoleInfo (RoleInfo.java:updateAndGet(143)) - 0d5b4e59-aa2f-4fe6-b072-73846da82a05: start FollowerState
2019-10-16 18:49:08,906 [grpc-default-executor-6] INFO  impl.RaftServerImpl (RaftServerImpl.java:setRole(184)) - c0368dd1-c4a9-4bcb-a2d2-6d6b66c0e12a@group-753D53B6DDFB: changes role from  FOLLOWER to FOLLOWER at term 28 for recognizeCandidate:52bfa4dc-bcba-4693-b6e2-7f231a44b6db
2019-10-16 18:49:08,906 [Thread-722] INFO  impl.FollowerState (FollowerState.java:run(117)) - 0d5b4e59-aa2f-4fe6-b072-73846da82a05@group-753D53B6DDFB-FollowerState was interrupted: java.lang.InterruptedException: sleep interrupted
2019-10-16 18:49:08,906 [grpc-default-executor-6] INFO  impl.RoleInfo (RoleInfo.java:shutdownFollowerState(121)) - c0368dd1-c4a9-4bcb-a2d2-6d6b66c0e12a: shutdown FollowerState
2019-10-16 18:49:08,906 [grpc-default-executor-6] INFO  impl.RoleInfo (RoleInfo.java:updateAndGet(143)) - c0368dd1-c4a9-4bcb-a2d2-6d6b66c0e12a: start FollowerState
2019-10-16 18:49:08,906 [Thread-721] INFO  impl.FollowerState (FollowerState.java:run(117)) - c0368dd1-c4a9-4bcb-a2d2-6d6b66c0e12a@group-753D53B6DDFB-FollowerState was interrupted: java.lang.InterruptedException: sleep interrupted
2019-10-16 18:49:08,920 [52bfa4dc-bcba-4693-b6e2-7f231a44b6db@group-753D53B6DDFB-LeaderElection26] INFO  impl.LeaderElection (LeaderElection.java:logAndReturn(56)) - 52bfa4dc-bcba-4693-b6e2-7f231a44b6db@group-753D53B6DDFB-LeaderElection26: Election REJECTED; received 2 response(s) [52bfa4dc-bcba-4693-b6e2-7f231a44b6db<-0d5b4e59-aa2f-4fe6-b072-73846da82a05#0:FAIL-t28, 52bfa4dc-bcba-4693-b6e2-7f231a44b6db<-c0368dd1-c4a9-4bcb-a2d2-6d6b66c0e12a#0:FAIL-t28] and 0 exception(s); 52bfa4dc-bcba-4693-b6e2-7f231a44b6db@group-753D53B6DDFB:t28, leader=null, voted=52bfa4dc-bcba-4693-b6e2-7f231a44b6db, raftlog=52bfa4dc-bcba-4693-b6e2-7f231a44b6db@group-753D53B6DDFB-SegmentedRaftLog:OPENED:c3,f4,i4, conf=0: [0d5b4e59-aa2f-4fe6-b072-73846da82a05:192.168.157.202:39744, 52bfa4dc-bcba-4693-b6e2-7f231a44b6db:192.168.157.202:43025, c0368dd1-c4a9-4bcb-a2d2-6d6b66c0e12a:192.168.157.202:44847], old=null
2019-10-16 18:49:08,921 [52bfa4dc-bcba-4693-b6e2-7f231a44b6db@group-753D53B6DDFB-LeaderElection26] INFO  impl.RaftServerImpl (RaftServerImpl.java:setRole(184)) - 52bfa4dc-bcba-4693-b6e2-7f231a44b6db@group-753D53B6DDFB: changes role from CANDIDATE to FOLLOWER at term 28 for DISCOVERED_A_NEW_TERM
2019-10-16 18:49:08,921 [52bfa4dc-bcba-4693-b6e2-7f231a44b6db@group-753D53B6DDFB-LeaderElection26] INFO  impl.RoleInfo (RoleInfo.java:shutdownLeaderElection(134)) - 52bfa4dc-bcba-4693-b6e2-7f231a44b6db: shutdown LeaderElection
2019-10-16 18:49:08,921 [52bfa4dc-bcba-4693-b6e2-7f231a44b6db@group-753D53B6DDFB-LeaderElection26] INFO  impl.RoleInfo (RoleInfo.java:updateAndGet(143)) - 52bfa4dc-bcba-4693-b6e2-7f231a44b6db: start FollowerState
2019-10-16 18:49:08,972 [Thread-727] INFO  impl.FollowerState (FollowerState.java:run(108)) - 52bfa4dc-bcba-4693-b6e2-7f231a44b6db@group-753D53B6DDFB-FollowerState: change to CANDIDATE, lastRpcTime:51ms, electionTimeout:51ms
2019-10-16 18:49:08,974 [Thread-727] INFO  impl.RoleInfo (RoleInfo.java:shutdownFollowerState(121)) - 52bfa4dc-bcba-4693-b6e2-7f231a44b6db: shutdown FollowerState
2019-10-16 18:49:08,974 [Thread-727] INFO  impl.RaftServerImpl (RaftServerImpl.java:setRole(184)) - 52bfa4dc-bcba-4693-b6e2-7f231a44b6db@group-753D53B6DDFB: changes role from  FOLLOWER to CANDIDATE at term 28 for changeToCandidate
2019-10-16 18:49:08,974 [Thread-727] INFO  impl.RoleInfo (RoleInfo.java:updateAndGet(143)) - 52bfa4dc-bcba-4693-b6e2-7f231a44b6db: start LeaderElection
2019-10-16 18:49:08,988 [52bfa4dc-bcba-4693-b6e2-7f231a44b6db@group-753D53B6DDFB-LeaderElection27] INFO  impl.LeaderElection (LeaderElection.java:askForVotes(178)) - 52bfa4dc-bcba-4693-b6e2-7f231a44b6db@group-753D53B6DDFB-LeaderElection27: begin an election at term 29 for 0: [0d5b4e59-aa2f-4fe6-b072-73846da82a05:192.168.157.202:39744, 52bfa4dc-bcba-4693-b6e2-7f231a44b6db:192.168.157.202:43025, c0368dd1-c4a9-4bcb-a2d2-6d6b66c0e12a:192.168.157.202:44847], old=null
2019-10-16 18:49:08,990 [grpc-default-executor-1] INFO  impl.RaftServerImpl (RaftServerImpl.java:setRole(184)) - c0368dd1-c4a9-4bcb-a2d2-6d6b66c0e12a@group-753D53B6DDFB: changes role from  FOLLOWER to FOLLOWER at term 29 for recognizeCandidate:52bfa4dc-bcba-4693-b6e2-7f231a44b6db
2019-10-16 18:49:08,990 [grpc-default-executor-6] INFO  impl.RaftServerImpl (RaftServerImpl.java:setRole(184)) - 0d5b4e59-aa2f-4fe6-b072-73846da82a05@group-753D53B6DDFB: changes role from  FOLLOWER to FOLLOWER at term 29 for recognizeCandidate:52bfa4dc-bcba-4693-b6e2-7f231a44b6db
2019-10-16 18:49:08,990 [grpc-default-executor-1] INFO  impl.RoleInfo (RoleInfo.java:shutdownFollowerState(121)) - c0368dd1-c4a9-4bcb-a2d2-6d6b66c0e12a: shutdown FollowerState
2019-10-16 18:49:08,991 [grpc-default-executor-6] INFO  impl.RoleInfo (RoleInfo.java:shutdownFollowerState(121)) - 0d5b4e59-aa2f-4fe6-b072-73846da82a05: shutdown FollowerState
2019-10-16 18:49:08,991 [Thread-726] INFO  impl.FollowerState (FollowerState.java:run(117)) - c0368dd1-c4a9-4bcb-a2d2-6d6b66c0e12a@group-753D53B6DDFB-FollowerState was interrupted: java.lang.InterruptedException: sleep interrupted
2019-10-16 18:49:08,991 [Thread-725] INFO  impl.FollowerState (FollowerState.java:run(117)) - 0d5b4e59-aa2f-4fe6-b072-73846da82a05@group-753D53B6DDFB-FollowerState was interrupted: java.lang.InterruptedException: sleep interrupted
2019-10-16 18:49:08,991 [grpc-default-executor-1] INFO  impl.RoleInfo (RoleInfo.java:updateAndGet(143)) - c0368dd1-c4a9-4bcb-a2d2-6d6b66c0e12a: start FollowerState
2019-10-16 18:49:08,991 [grpc-default-executor-6] INFO  impl.RoleInfo (RoleInfo.java:updateAndGet(143)) - 0d5b4e59-aa2f-4fe6-b072-73846da82a05: start FollowerState
2019-10-16 18:49:09,005 [52bfa4dc-bcba-4693-b6e2-7f231a44b6db@group-753D53B6DDFB-LeaderElection27] INFO  impl.LeaderElection (LeaderElection.java:logAndReturn(56)) - 52bfa4dc-bcba-4693-b6e2-7f231a44b6db@group-753D53B6DDFB-LeaderElection27: Election REJECTED; received 2 response(s) [52bfa4dc-bcba-4693-b6e2-7f231a44b6db<-0d5b4e59-aa2f-4fe6-b072-73846da82a05#0:FAIL-t29, 52bfa4dc-bcba-4693-b6e2-7f231a44b6db<-c0368dd1-c4a9-4bcb-a2d2-6d6b66c0e12a#0:FAIL-t29] and 0 exception(s); 52bfa4dc-bcba-4693-b6e2-7f231a44b6db@group-753D53B6DDFB:t29, leader=null, voted=52bfa4dc-bcba-4693-b6e2-7f231a44b6db, raftlog=52bfa4dc-bcba-4693-b6e2-7f231a44b6db@group-753D53B6DDFB-SegmentedRaftLog:OPENED:c3,f4,i4, conf=0: [0d5b4e59-aa2f-4fe6-b072-73846da82a05:192.168.157.202:39744, 52bfa4dc-bcba-4693-b6e2-7f231a44b6db:192.168.157.202:43025, c0368dd1-c4a9-4bcb-a2d2-6d6b66c0e12a:192.168.157.202:44847], old=null
2019-10-16 18:49:09,005 [52bfa4dc-bcba-4693-b6e2-7f231a44b6db@group-753D53B6DDFB-LeaderElection27] INFO  impl.RaftServerImpl (RaftServerImpl.java:setRole(184)) - 52bfa4dc-bcba-4693-b6e2-7f231a44b6db@group-753D53B6DDFB: changes role from CANDIDATE to FOLLOWER at term 29 for DISCOVERED_A_NEW_TERM
2019-10-16 18:49:09,006 [52bfa4dc-bcba-4693-b6e2-7f231a44b6db@group-753D53B6DDFB-LeaderElection27] INFO  impl.RoleInfo (RoleInfo.java:shutdownLeaderElection(134)) - 52bfa4dc-bcba-4693-b6e2-7f231a44b6db: shutdown LeaderElection
2019-10-16 18:49:09,006 [52bfa4dc-bcba-4693-b6e2-7f231a44b6db@group-753D53B6DDFB-LeaderElection27] INFO  impl.RoleInfo (RoleInfo.java:updateAndGet(143)) - 52bfa4dc-bcba-4693-b6e2-7f231a44b6db: start FollowerState
2019-10-16 18:49:09,020 [pool-7-thread-4] INFO  commands.RetriableDatanodeEventWatcher (RetriableDatanodeEventWatcher.java:onTimeout(47)) - RetriableDatanodeCommand type=deleteBlocksCommand with id=1571251743011 timed out. Retrying.
2019-10-16 18:49:09,022 [pool-7-thread-2] INFO  commands.RetriableDatanodeEventWatcher (RetriableDatanodeEventWatcher.java:onTimeout(47)) - RetriableDatanodeCommand type=deleteBlocksCommand with id=1571251743009 timed out. Retrying.
2019-10-16 18:49:09,022 [pool-7-thread-6] INFO  commands.RetriableDatanodeEventWatcher (RetriableDatanodeEventWatcher.java:onTimeout(47)) - RetriableDatanodeCommand type=deleteBlocksCommand with id=1571251743012 timed out. Retrying.
2019-10-16 18:49:09,022 [SCMBlockDeletingService#1] INFO  block.SCMBlockDeletingService (SCMBlockDeletingService.java:call(184)) - Totally added 1 delete blocks command for 1 datanodes, task elapsed time: 1ms
2019-10-16 18:49:09,022 [pool-7-thread-1] INFO  commands.RetriableDatanodeEventWatcher (RetriableDatanodeEventWatcher.java:onTimeout(47)) - RetriableDatanodeCommand type=deleteBlocksCommand with id=1571251743007 timed out. Retrying.
2019-10-16 18:49:09,022 [pool-7-thread-5] INFO  commands.RetriableDatanodeEventWatcher (RetriableDatanodeEventWatcher.java:onTimeout(47)) - RetriableDatanodeCommand type=deleteBlocksCommand with id=1571251743010 timed out. Retrying.
2019-10-16 18:49:09,022 [pool-7-thread-3] INFO  commands.RetriableDatanodeEventWatcher (RetriableDatanodeEventWatcher.java:onTimeout(47)) - RetriableDatanodeCommand type=deleteBlocksCommand with id=1571251743013 timed out. Retrying.
2019-10-16 18:49:09,053 [Thread-735] INFO  client.GrpcClientProtocolService (GrpcClientProtocolService.java:lambda$processClientRequest$0(278)) - Failed RaftClientRequest:client-F1A042848956->0d5b4e59-aa2f-4fe6-b072-73846da82a05@group-753D53B6DDFB, cid=10, seq=0, Watch-ALL_COMMITTED(6), Message:<EMPTY>, reply=RaftClientReply:client-F1A042848956->0d5b4e59-aa2f-4fe6-b072-73846da82a05@group-753D53B6DDFB, cid=10, FAILED org.apache.ratis.protocol.NotLeaderException: Server 0d5b4e59-aa2f-4fe6-b072-73846da82a05@group-753D53B6DDFB is not the leader, logIndex=0, commits[0d5b4e59-aa2f-4fe6-b072-73846da82a05:c10, 52bfa4dc-bcba-4693-b6e2-7f231a44b6db:c4, c0368dd1-c4a9-4bcb-a2d2-6d6b66c0e12a:c10]
2019-10-16 18:49:09,136 [Thread-733] INFO  impl.FollowerState (FollowerState.java:run(108)) - 52bfa4dc-bcba-4693-b6e2-7f231a44b6db@group-753D53B6DDFB-FollowerState: change to CANDIDATE, lastRpcTime:130ms, electionTimeout:130ms
2019-10-16 18:49:09,136 [Thread-733] INFO  impl.RoleInfo (RoleInfo.java:shutdownFollowerState(121)) - 52bfa4dc-bcba-4693-b6e2-7f231a44b6db: shutdown FollowerState
2019-10-16 18:49:09,137 [Thread-733] INFO  impl.RaftServerImpl (RaftServerImpl.java:setRole(184)) - 52bfa4dc-bcba-4693-b6e2-7f231a44b6db@group-753D53B6DDFB: changes role from  FOLLOWER to CANDIDATE at term 29 for changeToCandidate
2019-10-16 18:49:09,137 [Thread-733] INFO  impl.RoleInfo (RoleInfo.java:updateAndGet(143)) - 52bfa4dc-bcba-4693-b6e2-7f231a44b6db: start LeaderElection
2019-10-16 18:49:09,150 [52bfa4dc-bcba-4693-b6e2-7f231a44b6db@group-753D53B6DDFB-LeaderElection28] INFO  impl.LeaderElection (LeaderElection.java:askForVotes(178)) - 52bfa4dc-bcba-4693-b6e2-7f231a44b6db@group-753D53B6DDFB-LeaderElection28: begin an election at term 30 for 0: [0d5b4e59-aa2f-4fe6-b072-73846da82a05:192.168.157.202:39744, 52bfa4dc-bcba-4693-b6e2-7f231a44b6db:192.168.157.202:43025, c0368dd1-c4a9-4bcb-a2d2-6d6b66c0e12a:192.168.157.202:44847], old=null
2019-10-16 18:49:09,154 [grpc-default-executor-6] INFO  impl.RaftServerImpl (RaftServerImpl.java:setRole(184)) - 0d5b4e59-aa2f-4fe6-b072-73846da82a05@group-753D53B6DDFB: changes role from  FOLLOWER to FOLLOWER at term 30 for recognizeCandidate:52bfa4dc-bcba-4693-b6e2-7f231a44b6db
2019-10-16 18:49:09,155 [grpc-default-executor-6] INFO  impl.RoleInfo (RoleInfo.java:shutdownFollowerState(121)) - 0d5b4e59-aa2f-4fe6-b072-73846da82a05: shutdown FollowerState
2019-10-16 18:49:09,155 [grpc-default-executor-1] INFO  impl.RaftServerImpl (RaftServerImpl.java:setRole(184)) - c0368dd1-c4a9-4bcb-a2d2-6d6b66c0e12a@group-753D53B6DDFB: changes role from  FOLLOWER to FOLLOWER at term 30 for recognizeCandidate:52bfa4dc-bcba-4693-b6e2-7f231a44b6db
2019-10-16 18:49:09,155 [grpc-default-executor-6] INFO  impl.RoleInfo (RoleInfo.java:updateAndGet(143)) - 0d5b4e59-aa2f-4fe6-b072-73846da82a05: start FollowerState
2019-10-16 18:49:09,155 [Thread-732] INFO  impl.FollowerState (FollowerState.java:run(117)) - 0d5b4e59-aa2f-4fe6-b072-73846da82a05@group-753D53B6DDFB-FollowerState was interrupted: java.lang.InterruptedException: sleep interrupted
2019-10-16 18:49:09,155 [grpc-default-executor-1] INFO  impl.RoleInfo (RoleInfo.java:shutdownFollowerState(121)) - c0368dd1-c4a9-4bcb-a2d2-6d6b66c0e12a: shutdown FollowerState
2019-10-16 18:49:09,155 [grpc-default-executor-1] INFO  impl.RoleInfo (RoleInfo.java:updateAndGet(143)) - c0368dd1-c4a9-4bcb-a2d2-6d6b66c0e12a: start FollowerState
2019-10-16 18:49:09,155 [Thread-731] INFO  impl.FollowerState (FollowerState.java:run(117)) - c0368dd1-c4a9-4bcb-a2d2-6d6b66c0e12a@group-753D53B6DDFB-FollowerState was interrupted: java.lang.InterruptedException: sleep interrupted
2019-10-16 18:49:09,182 [52bfa4dc-bcba-4693-b6e2-7f231a44b6db@group-753D53B6DDFB-LeaderElection28] INFO  impl.LeaderElection (LeaderElection.java:logAndReturn(56)) - 52bfa4dc-bcba-4693-b6e2-7f231a44b6db@group-753D53B6DDFB-LeaderElection28: Election TIMEOUT; received 0 response(s) [] and 0 exception(s); 52bfa4dc-bcba-4693-b6e2-7f231a44b6db@group-753D53B6DDFB:t30, leader=null, voted=52bfa4dc-bcba-4693-b6e2-7f231a44b6db, raftlog=52bfa4dc-bcba-4693-b6e2-7f231a44b6db@group-753D53B6DDFB-SegmentedRaftLog:OPENED:c3,f4,i4, conf=0: [0d5b4e59-aa2f-4fe6-b072-73846da82a05:192.168.157.202:39744, 52bfa4dc-bcba-4693-b6e2-7f231a44b6db:192.168.157.202:43025, c0368dd1-c4a9-4bcb-a2d2-6d6b66c0e12a:192.168.157.202:44847], old=null
2019-10-16 18:49:09,194 [52bfa4dc-bcba-4693-b6e2-7f231a44b6db@group-753D53B6DDFB-LeaderElection28] INFO  impl.LeaderElection (LeaderElection.java:askForVotes(178)) - 52bfa4dc-bcba-4693-b6e2-7f231a44b6db@group-753D53B6DDFB-LeaderElection28: begin an election at term 31 for 0: [0d5b4e59-aa2f-4fe6-b072-73846da82a05:192.168.157.202:39744, 52bfa4dc-bcba-4693-b6e2-7f231a44b6db:192.168.157.202:43025, c0368dd1-c4a9-4bcb-a2d2-6d6b66c0e12a:192.168.157.202:44847], old=null
2019-10-16 18:49:09,196 [grpc-default-executor-6] INFO  impl.RaftServerImpl (RaftServerImpl.java:setRole(184)) - 0d5b4e59-aa2f-4fe6-b072-73846da82a05@group-753D53B6DDFB: changes role from  FOLLOWER to FOLLOWER at term 31 for recognizeCandidate:52bfa4dc-bcba-4693-b6e2-7f231a44b6db
2019-10-16 18:49:09,197 [grpc-default-executor-6] INFO  impl.RoleInfo (RoleInfo.java:shutdownFollowerState(121)) - 0d5b4e59-aa2f-4fe6-b072-73846da82a05: shutdown FollowerState
2019-10-16 18:49:09,197 [grpc-default-executor-1] INFO  impl.RaftServerImpl (RaftServerImpl.java:setRole(184)) - c0368dd1-c4a9-4bcb-a2d2-6d6b66c0e12a@group-753D53B6DDFB: changes role from  FOLLOWER to FOLLOWER at term 31 for recognizeCandidate:52bfa4dc-bcba-4693-b6e2-7f231a44b6db
2019-10-16 18:49:09,198 [Thread-740] INFO  impl.FollowerState (FollowerState.java:run(117)) - 0d5b4e59-aa2f-4fe6-b072-73846da82a05@group-753D53B6DDFB-FollowerState was interrupted: java.lang.InterruptedException: sleep interrupted
2019-10-16 18:49:09,197 [grpc-default-executor-6] INFO  impl.RoleInfo (RoleInfo.java:updateAndGet(143)) - 0d5b4e59-aa2f-4fe6-b072-73846da82a05: start FollowerState
2019-10-16 18:49:09,198 [grpc-default-executor-1] INFO  impl.RoleInfo (RoleInfo.java:shutdownFollowerState(121)) - c0368dd1-c4a9-4bcb-a2d2-6d6b66c0e12a: shutdown FollowerState
2019-10-16 18:49:09,198 [grpc-default-executor-1] INFO  impl.RoleInfo (RoleInfo.java:updateAndGet(143)) - c0368dd1-c4a9-4bcb-a2d2-6d6b66c0e12a: start FollowerState
2019-10-16 18:49:09,198 [Thread-741] INFO  impl.FollowerState (FollowerState.java:run(117)) - c0368dd1-c4a9-4bcb-a2d2-6d6b66c0e12a@group-753D53B6DDFB-FollowerState was interrupted: java.lang.InterruptedException: sleep interrupted
2019-10-16 18:49:09,212 [52bfa4dc-bcba-4693-b6e2-7f231a44b6db@group-753D53B6DDFB-LeaderElection28] INFO  impl.LeaderElection (LeaderElection.java:logAndReturn(56)) - 52bfa4dc-bcba-4693-b6e2-7f231a44b6db@group-753D53B6DDFB-LeaderElection28: Election REJECTED; received 2 response(s) [52bfa4dc-bcba-4693-b6e2-7f231a44b6db<-0d5b4e59-aa2f-4fe6-b072-73846da82a05#0:FAIL-t31, 52bfa4dc-bcba-4693-b6e2-7f231a44b6db<-c0368dd1-c4a9-4bcb-a2d2-6d6b66c0e12a#0:FAIL-t31] and 0 exception(s); 52bfa4dc-bcba-4693-b6e2-7f231a44b6db@group-753D53B6DDFB:t31, leader=null, voted=52bfa4dc-bcba-4693-b6e2-7f231a44b6db, raftlog=52bfa4dc-bcba-4693-b6e2-7f231a44b6db@group-753D53B6DDFB-SegmentedRaftLog:OPENED:c3,f4,i4, conf=0: [0d5b4e59-aa2f-4fe6-b072-73846da82a05:192.168.157.202:39744, 52bfa4dc-bcba-4693-b6e2-7f231a44b6db:192.168.157.202:43025, c0368dd1-c4a9-4bcb-a2d2-6d6b66c0e12a:192.168.157.202:44847], old=null
2019-10-16 18:49:09,212 [52bfa4dc-bcba-4693-b6e2-7f231a44b6db@group-753D53B6DDFB-LeaderElection28] INFO  impl.RaftServerImpl (RaftServerImpl.java:setRole(184)) - 52bfa4dc-bcba-4693-b6e2-7f231a44b6db@group-753D53B6DDFB: changes role from CANDIDATE to FOLLOWER at term 31 for DISCOVERED_A_NEW_TERM
2019-10-16 18:49:09,213 [52bfa4dc-bcba-4693-b6e2-7f231a44b6db@group-753D53B6DDFB-LeaderElection28] INFO  impl.RoleInfo (RoleInfo.java:shutdownLeaderElection(134)) - 52bfa4dc-bcba-4693-b6e2-7f231a44b6db: shutdown LeaderElection
2019-10-16 18:49:09,213 [52bfa4dc-bcba-4693-b6e2-7f231a44b6db@group-753D53B6DDFB-LeaderElection28] INFO  impl.RoleInfo (RoleInfo.java:updateAndGet(143)) - 52bfa4dc-bcba-4693-b6e2-7f231a44b6db: start FollowerState
2019-10-16 18:49:09,287 [BlockDeletingService#2] WARN  background.BlockDeletingService (BlockDeletingService.java:isDeletionAllowed(187)) - Close Container log Index 6 is not replicated across allthe servers in the pipeline 7043c0de-230d-480f-89cc-753d53b6ddfb as the min replicated index is 4. Deletion is not allowed in this container yet.
2019-10-16 18:49:09,289 [BlockDeletingService#2] WARN  background.BlockDeletingService (BlockDeletingService.java:isDeletionAllowed(187)) - Close Container log Index 6 is not replicated across allthe servers in the pipeline 7043c0de-230d-480f-89cc-753d53b6ddfb as the min replicated index is 4. Deletion is not allowed in this container yet.
2019-10-16 18:49:09,340 [Thread-746] INFO  impl.FollowerState (FollowerState.java:run(108)) - 52bfa4dc-bcba-4693-b6e2-7f231a44b6db@group-753D53B6DDFB-FollowerState: change to CANDIDATE, lastRpcTime:127ms, electionTimeout:127ms
2019-10-16 18:49:09,340 [Thread-746] INFO  impl.RoleInfo (RoleInfo.java:shutdownFollowerState(121)) - 52bfa4dc-bcba-4693-b6e2-7f231a44b6db: shutdown FollowerState
2019-10-16 18:49:09,341 [Thread-746] INFO  impl.RaftServerImpl (RaftServerImpl.java:setRole(184)) - 52bfa4dc-bcba-4693-b6e2-7f231a44b6db@group-753D53B6DDFB: changes role from  FOLLOWER to CANDIDATE at term 31 for changeToCandidate
2019-10-16 18:49:09,341 [Thread-746] INFO  impl.RoleInfo (RoleInfo.java:updateAndGet(143)) - 52bfa4dc-bcba-4693-b6e2-7f231a44b6db: start LeaderElection
2019-10-16 18:49:09,353 [52bfa4dc-bcba-4693-b6e2-7f231a44b6db@group-753D53B6DDFB-LeaderElection29] INFO  impl.LeaderElection (LeaderElection.java:askForVotes(178)) - 52bfa4dc-bcba-4693-b6e2-7f231a44b6db@group-753D53B6DDFB-LeaderElection29: begin an election at term 32 for 0: [0d5b4e59-aa2f-4fe6-b072-73846da82a05:192.168.157.202:39744, 52bfa4dc-bcba-4693-b6e2-7f231a44b6db:192.168.157.202:43025, c0368dd1-c4a9-4bcb-a2d2-6d6b66c0e12a:192.168.157.202:44847], old=null
2019-10-16 18:49:09,354 [52bfa4dc-bcba-4693-b6e2-7f231a44b6db@group-753D53B6DDFB-LeaderElection29] INFO  impl.LeaderElection (LeaderElection.java:logAndReturn(56)) - 52bfa4dc-bcba-4693-b6e2-7f231a44b6db@group-753D53B6DDFB-LeaderElection29: Election TIMEOUT; received 0 response(s) [] and 0 exception(s); 52bfa4dc-bcba-4693-b6e2-7f231a44b6db@group-753D53B6DDFB:t32, leader=null, voted=52bfa4dc-bcba-4693-b6e2-7f231a44b6db, raftlog=52bfa4dc-bcba-4693-b6e2-7f231a44b6db@group-753D53B6DDFB-SegmentedRaftLog:OPENED:c3,f4,i4, conf=0: [0d5b4e59-aa2f-4fe6-b072-73846da82a05:192.168.157.202:39744, 52bfa4dc-bcba-4693-b6e2-7f231a44b6db:192.168.157.202:43025, c0368dd1-c4a9-4bcb-a2d2-6d6b66c0e12a:192.168.157.202:44847], old=null
2019-10-16 18:49:09,356 [grpc-default-executor-1] INFO  impl.RaftServerImpl (RaftServerImpl.java:setRole(184)) - 0d5b4e59-aa2f-4fe6-b072-73846da82a05@group-753D53B6DDFB: changes role from  FOLLOWER to FOLLOWER at term 32 for recognizeCandidate:52bfa4dc-bcba-4693-b6e2-7f231a44b6db
2019-10-16 18:49:09,356 [grpc-default-executor-6] INFO  impl.RaftServerImpl (RaftServerImpl.java:setRole(184)) - c0368dd1-c4a9-4bcb-a2d2-6d6b66c0e12a@group-753D53B6DDFB: changes role from  FOLLOWER to FOLLOWER at term 32 for recognizeCandidate:52bfa4dc-bcba-4693-b6e2-7f231a44b6db
2019-10-16 18:49:09,356 [grpc-default-executor-1] INFO  impl.RoleInfo (RoleInfo.java:shutdownFollowerState(121)) - 0d5b4e59-aa2f-4fe6-b072-73846da82a05: shutdown FollowerState
2019-10-16 18:49:09,361 [grpc-default-executor-6] INFO  impl.RoleInfo (RoleInfo.java:shutdownFollowerState(121)) - c0368dd1-c4a9-4bcb-a2d2-6d6b66c0e12a: shutdown FollowerState
2019-10-16 18:49:09,361 [Thread-744] INFO  impl.FollowerState (FollowerState.java:run(117)) - 0d5b4e59-aa2f-4fe6-b072-73846da82a05@group-753D53B6DDFB-FollowerState was interrupted: java.lang.InterruptedException: sleep interrupted
2019-10-16 18:49:09,361 [Thread-745] INFO  impl.FollowerState (FollowerState.java:run(117)) - c0368dd1-c4a9-4bcb-a2d2-6d6b66c0e12a@group-753D53B6DDFB-FollowerState was interrupted: java.lang.InterruptedException: sleep interrupted
2019-10-16 18:49:09,361 [grpc-default-executor-1] INFO  impl.RoleInfo (RoleInfo.java:updateAndGet(143)) - 0d5b4e59-aa2f-4fe6-b072-73846da82a05: start FollowerState
2019-10-16 18:49:09,361 [grpc-default-executor-6] INFO  impl.RoleInfo (RoleInfo.java:updateAndGet(143)) - c0368dd1-c4a9-4bcb-a2d2-6d6b66c0e12a: start FollowerState
2019-10-16 18:49:09,372 [52bfa4dc-bcba-4693-b6e2-7f231a44b6db@group-753D53B6DDFB-LeaderElection29] INFO  impl.LeaderElection (LeaderElection.java:askForVotes(178)) - 52bfa4dc-bcba-4693-b6e2-7f231a44b6db@group-753D53B6DDFB-LeaderElection29: begin an election at term 33 for 0: [0d5b4e59-aa2f-4fe6-b072-73846da82a05:192.168.157.202:39744, 52bfa4dc-bcba-4693-b6e2-7f231a44b6db:192.168.157.202:43025, c0368dd1-c4a9-4bcb-a2d2-6d6b66c0e12a:192.168.157.202:44847], old=null
2019-10-16 18:49:09,373 [grpc-default-executor-6] INFO  impl.RaftServerImpl (RaftServerImpl.java:setRole(184)) - 0d5b4e59-aa2f-4fe6-b072-73846da82a05@group-753D53B6DDFB: changes role from  FOLLOWER to FOLLOWER at term 33 for recognizeCandidate:52bfa4dc-bcba-4693-b6e2-7f231a44b6db
2019-10-16 18:49:09,373 [grpc-default-executor-6] INFO  impl.RoleInfo (RoleInfo.java:shutdownFollowerState(121)) - 0d5b4e59-aa2f-4fe6-b072-73846da82a05: shutdown FollowerState
2019-10-16 18:49:09,374 [grpc-default-executor-6] INFO  impl.RoleInfo (RoleInfo.java:updateAndGet(143)) - 0d5b4e59-aa2f-4fe6-b072-73846da82a05: start FollowerState
2019-10-16 18:49:09,374 [Thread-752] INFO  impl.FollowerState (FollowerState.java:run(117)) - 0d5b4e59-aa2f-4fe6-b072-73846da82a05@group-753D53B6DDFB-FollowerState was interrupted: java.lang.InterruptedException: sleep interrupted
2019-10-16 18:49:09,374 [grpc-default-executor-1] INFO  impl.RaftServerImpl (RaftServerImpl.java:setRole(184)) - c0368dd1-c4a9-4bcb-a2d2-6d6b66c0e12a@group-753D53B6DDFB: changes role from  FOLLOWER to FOLLOWER at term 33 for recognizeCandidate:52bfa4dc-bcba-4693-b6e2-7f231a44b6db
2019-10-16 18:49:09,374 [grpc-default-executor-1] INFO  impl.RoleInfo (RoleInfo.java:shutdownFollowerState(121)) - c0368dd1-c4a9-4bcb-a2d2-6d6b66c0e12a: shutdown FollowerState
2019-10-16 18:49:09,374 [grpc-default-executor-1] INFO  impl.RoleInfo (RoleInfo.java:updateAndGet(143)) - c0368dd1-c4a9-4bcb-a2d2-6d6b66c0e12a: start FollowerState
2019-10-16 18:49:09,374 [Thread-753] INFO  impl.FollowerState (FollowerState.java:run(117)) - c0368dd1-c4a9-4bcb-a2d2-6d6b66c0e12a@group-753D53B6DDFB-FollowerState was interrupted: java.lang.InterruptedException: sleep interrupted
2019-10-16 18:49:09,381 [52bfa4dc-bcba-4693-b6e2-7f231a44b6db@group-753D53B6DDFB-LeaderElection29] INFO  impl.LeaderElection (LeaderElection.java:logAndReturn(56)) - 52bfa4dc-bcba-4693-b6e2-7f231a44b6db@group-753D53B6DDFB-LeaderElection29: Election REJECTED; received 2 response(s) [52bfa4dc-bcba-4693-b6e2-7f231a44b6db<-0d5b4e59-aa2f-4fe6-b072-73846da82a05#0:FAIL-t33, 52bfa4dc-bcba-4693-b6e2-7f231a44b6db<-c0368dd1-c4a9-4bcb-a2d2-6d6b66c0e12a#0:FAIL-t33] and 0 exception(s); 52bfa4dc-bcba-4693-b6e2-7f231a44b6db@group-753D53B6DDFB:t33, leader=null, voted=52bfa4dc-bcba-4693-b6e2-7f231a44b6db, raftlog=52bfa4dc-bcba-4693-b6e2-7f231a44b6db@group-753D53B6DDFB-SegmentedRaftLog:OPENED:c3,f4,i4, conf=0: [0d5b4e59-aa2f-4fe6-b072-73846da82a05:192.168.157.202:39744, 52bfa4dc-bcba-4693-b6e2-7f231a44b6db:192.168.157.202:43025, c0368dd1-c4a9-4bcb-a2d2-6d6b66c0e12a:192.168.157.202:44847], old=null
2019-10-16 18:49:09,382 [52bfa4dc-bcba-4693-b6e2-7f231a44b6db@group-753D53B6DDFB-LeaderElection29] INFO  impl.RaftServerImpl (RaftServerImpl.java:setRole(184)) - 52bfa4dc-bcba-4693-b6e2-7f231a44b6db@group-753D53B6DDFB: changes role from CANDIDATE to FOLLOWER at term 33 for DISCOVERED_A_NEW_TERM
2019-10-16 18:49:09,382 [52bfa4dc-bcba-4693-b6e2-7f231a44b6db@group-753D53B6DDFB-LeaderElection29] INFO  impl.RoleInfo (RoleInfo.java:shutdownLeaderElection(134)) - 52bfa4dc-bcba-4693-b6e2-7f231a44b6db: shutdown LeaderElection
2019-10-16 18:49:09,382 [52bfa4dc-bcba-4693-b6e2-7f231a44b6db@group-753D53B6DDFB-LeaderElection29] INFO  impl.RoleInfo (RoleInfo.java:updateAndGet(143)) - 52bfa4dc-bcba-4693-b6e2-7f231a44b6db: start FollowerState
2019-10-16 18:49:09,463 [Thread-758] INFO  impl.FollowerState (FollowerState.java:run(108)) - 52bfa4dc-bcba-4693-b6e2-7f231a44b6db@group-753D53B6DDFB-FollowerState: change to CANDIDATE, lastRpcTime:81ms, electionTimeout:81ms
2019-10-16 18:49:09,463 [Thread-758] INFO  impl.RoleInfo (RoleInfo.java:shutdownFollowerState(121)) - 52bfa4dc-bcba-4693-b6e2-7f231a44b6db: shutdown FollowerState
2019-10-16 18:49:09,464 [Thread-758] INFO  impl.RaftServerImpl (RaftServerImpl.java:setRole(184)) - 52bfa4dc-bcba-4693-b6e2-7f231a44b6db@group-753D53B6DDFB: changes role from  FOLLOWER to CANDIDATE at term 33 for changeToCandidate
2019-10-16 18:49:09,464 [Thread-758] INFO  impl.RoleInfo (RoleInfo.java:updateAndGet(143)) - 52bfa4dc-bcba-4693-b6e2-7f231a44b6db: start LeaderElection
2019-10-16 18:49:09,477 [52bfa4dc-bcba-4693-b6e2-7f231a44b6db@group-753D53B6DDFB-LeaderElection30] INFO  impl.LeaderElection (LeaderElection.java:askForVotes(178)) - 52bfa4dc-bcba-4693-b6e2-7f231a44b6db@group-753D53B6DDFB-LeaderElection30: begin an election at term 34 for 0: [0d5b4e59-aa2f-4fe6-b072-73846da82a05:192.168.157.202:39744, 52bfa4dc-bcba-4693-b6e2-7f231a44b6db:192.168.157.202:43025, c0368dd1-c4a9-4bcb-a2d2-6d6b66c0e12a:192.168.157.202:44847], old=null
2019-10-16 18:49:09,480 [grpc-default-executor-1] INFO  impl.RaftServerImpl (RaftServerImpl.java:setRole(184)) - 0d5b4e59-aa2f-4fe6-b072-73846da82a05@group-753D53B6DDFB: changes role from  FOLLOWER to FOLLOWER at term 34 for recognizeCandidate:52bfa4dc-bcba-4693-b6e2-7f231a44b6db
2019-10-16 18:49:09,480 [grpc-default-executor-6] INFO  impl.RaftServerImpl (RaftServerImpl.java:setRole(184)) - c0368dd1-c4a9-4bcb-a2d2-6d6b66c0e12a@group-753D53B6DDFB: changes role from  FOLLOWER to FOLLOWER at term 34 for recognizeCandidate:52bfa4dc-bcba-4693-b6e2-7f231a44b6db
2019-10-16 18:49:09,480 [grpc-default-executor-1] INFO  impl.RoleInfo (RoleInfo.java:shutdownFollowerState(121)) - 0d5b4e59-aa2f-4fe6-b072-73846da82a05: shutdown FollowerState
2019-10-16 18:49:09,480 [grpc-default-executor-6] INFO  impl.RoleInfo (RoleInfo.java:shutdownFollowerState(121)) - c0368dd1-c4a9-4bcb-a2d2-6d6b66c0e12a: shutdown FollowerState
2019-10-16 18:49:09,480 [Thread-756] INFO  impl.FollowerState (FollowerState.java:run(117)) - 0d5b4e59-aa2f-4fe6-b072-73846da82a05@group-753D53B6DDFB-FollowerState was interrupted: java.lang.InterruptedException: sleep interrupted
2019-10-16 18:49:09,480 [grpc-default-executor-1] INFO  impl.RoleInfo (RoleInfo.java:updateAndGet(143)) - 0d5b4e59-aa2f-4fe6-b072-73846da82a05: start FollowerState
2019-10-16 18:49:09,481 [Thread-757] INFO  impl.FollowerState (FollowerState.java:run(117)) - c0368dd1-c4a9-4bcb-a2d2-6d6b66c0e12a@group-753D53B6DDFB-FollowerState was interrupted: java.lang.InterruptedException: sleep interrupted
2019-10-16 18:49:09,480 [grpc-default-executor-6] INFO  impl.RoleInfo (RoleInfo.java:updateAndGet(143)) - c0368dd1-c4a9-4bcb-a2d2-6d6b66c0e12a: start FollowerState
2019-10-16 18:49:09,509 [52bfa4dc-bcba-4693-b6e2-7f231a44b6db@group-753D53B6DDFB-LeaderElection30] INFO  impl.LeaderElection (LeaderElection.java:logAndReturn(56)) - 52bfa4dc-bcba-4693-b6e2-7f231a44b6db@group-753D53B6DDFB-LeaderElection30: Election REJECTED; received 2 response(s) [52bfa4dc-bcba-4693-b6e2-7f231a44b6db<-0d5b4e59-aa2f-4fe6-b072-73846da82a05#0:FAIL-t34, 52bfa4dc-bcba-4693-b6e2-7f231a44b6db<-c0368dd1-c4a9-4bcb-a2d2-6d6b66c0e12a#0:FAIL-t34] and 0 exception(s); 52bfa4dc-bcba-4693-b6e2-7f231a44b6db@group-753D53B6DDFB:t34, leader=null, voted=52bfa4dc-bcba-4693-b6e2-7f231a44b6db, raftlog=52bfa4dc-bcba-4693-b6e2-7f231a44b6db@group-753D53B6DDFB-SegmentedRaftLog:OPENED:c3,f4,i4, conf=0: [0d5b4e59-aa2f-4fe6-b072-73846da82a05:192.168.157.202:39744, 52bfa4dc-bcba-4693-b6e2-7f231a44b6db:192.168.157.202:43025, c0368dd1-c4a9-4bcb-a2d2-6d6b66c0e12a:192.168.157.202:44847], old=null
2019-10-16 18:49:09,509 [52bfa4dc-bcba-4693-b6e2-7f231a44b6db@group-753D53B6DDFB-LeaderElection30] INFO  impl.RaftServerImpl (RaftServerImpl.java:setRole(184)) - 52bfa4dc-bcba-4693-b6e2-7f231a44b6db@group-753D53B6DDFB: changes role from CANDIDATE to FOLLOWER at term 34 for DISCOVERED_A_NEW_TERM
2019-10-16 18:49:09,509 [52bfa4dc-bcba-4693-b6e2-7f231a44b6db@group-753D53B6DDFB-LeaderElection30] INFO  impl.RoleInfo (RoleInfo.java:shutdownLeaderElection(134)) - 52bfa4dc-bcba-4693-b6e2-7f231a44b6db: shutdown LeaderElection
2019-10-16 18:49:09,509 [52bfa4dc-bcba-4693-b6e2-7f231a44b6db@group-753D53B6DDFB-LeaderElection30] INFO  impl.RoleInfo (RoleInfo.java:updateAndGet(143)) - 52bfa4dc-bcba-4693-b6e2-7f231a44b6db: start FollowerState
2019-10-16 18:49:09,609 [Thread-764] INFO  impl.FollowerState (FollowerState.java:run(108)) - 52bfa4dc-bcba-4693-b6e2-7f231a44b6db@group-753D53B6DDFB-FollowerState: change to CANDIDATE, lastRpcTime:99ms, electionTimeout:99ms
2019-10-16 18:49:09,609 [Thread-764] INFO  impl.RoleInfo (RoleInfo.java:shutdownFollowerState(121)) - 52bfa4dc-bcba-4693-b6e2-7f231a44b6db: shutdown FollowerState
2019-10-16 18:49:09,609 [Thread-764] INFO  impl.RaftServerImpl (RaftServerImpl.java:setRole(184)) - 52bfa4dc-bcba-4693-b6e2-7f231a44b6db@group-753D53B6DDFB: changes role from  FOLLOWER to CANDIDATE at term 34 for changeToCandidate
2019-10-16 18:49:09,609 [Thread-764] INFO  impl.RoleInfo (RoleInfo.java:updateAndGet(143)) - 52bfa4dc-bcba-4693-b6e2-7f231a44b6db: start LeaderElection
2019-10-16 18:49:09,641 [52bfa4dc-bcba-4693-b6e2-7f231a44b6db@group-753D53B6DDFB-LeaderElection31] INFO  impl.LeaderElection (LeaderElection.java:askForVotes(178)) - 52bfa4dc-bcba-4693-b6e2-7f231a44b6db@group-753D53B6DDFB-LeaderElection31: begin an election at term 35 for 0: [0d5b4e59-aa2f-4fe6-b072-73846da82a05:192.168.157.202:39744, 52bfa4dc-bcba-4693-b6e2-7f231a44b6db:192.168.157.202:43025, c0368dd1-c4a9-4bcb-a2d2-6d6b66c0e12a:192.168.157.202:44847], old=null
2019-10-16 18:49:09,644 [grpc-default-executor-1] INFO  impl.RaftServerImpl (RaftServerImpl.java:setRole(184)) - c0368dd1-c4a9-4bcb-a2d2-6d6b66c0e12a@group-753D53B6DDFB: changes role from  FOLLOWER to FOLLOWER at term 35 for recognizeCandidate:52bfa4dc-bcba-4693-b6e2-7f231a44b6db
2019-10-16 18:49:09,644 [grpc-default-executor-6] INFO  impl.RaftServerImpl (RaftServerImpl.java:setRole(184)) - 0d5b4e59-aa2f-4fe6-b072-73846da82a05@group-753D53B6DDFB: changes role from  FOLLOWER to FOLLOWER at term 35 for recognizeCandidate:52bfa4dc-bcba-4693-b6e2-7f231a44b6db
2019-10-16 18:49:09,644 [grpc-default-executor-1] INFO  impl.RoleInfo (RoleInfo.java:shutdownFollowerState(121)) - c0368dd1-c4a9-4bcb-a2d2-6d6b66c0e12a: shutdown FollowerState
2019-10-16 18:49:09,644 [grpc-default-executor-6] INFO  impl.RoleInfo (RoleInfo.java:shutdownFollowerState(121)) - 0d5b4e59-aa2f-4fe6-b072-73846da82a05: shutdown FollowerState
2019-10-16 18:49:09,645 [Thread-763] INFO  impl.FollowerState (FollowerState.java:run(117)) - c0368dd1-c4a9-4bcb-a2d2-6d6b66c0e12a@group-753D53B6DDFB-FollowerState was interrupted: java.lang.InterruptedException: sleep interrupted
2019-10-16 18:49:09,645 [grpc-default-executor-1] INFO  impl.RoleInfo (RoleInfo.java:updateAndGet(143)) - c0368dd1-c4a9-4bcb-a2d2-6d6b66c0e12a: start FollowerState
2019-10-16 18:49:09,645 [Thread-762] INFO  impl.FollowerState (FollowerState.java:run(117)) - 0d5b4e59-aa2f-4fe6-b072-73846da82a05@group-753D53B6DDFB-FollowerState was interrupted: java.lang.InterruptedException: sleep interrupted
2019-10-16 18:49:09,645 [grpc-default-executor-6] INFO  impl.RoleInfo (RoleInfo.java:updateAndGet(143)) - 0d5b4e59-aa2f-4fe6-b072-73846da82a05: start FollowerState
2019-10-16 18:49:09,657 [52bfa4dc-bcba-4693-b6e2-7f231a44b6db@group-753D53B6DDFB-LeaderElection31] INFO  impl.LeaderElection (LeaderElection.java:logAndReturn(56)) - 52bfa4dc-bcba-4693-b6e2-7f231a44b6db@group-753D53B6DDFB-LeaderElection31: Election TIMEOUT; received 0 response(s) [] and 0 exception(s); 52bfa4dc-bcba-4693-b6e2-7f231a44b6db@group-753D53B6DDFB:t35, leader=null, voted=52bfa4dc-bcba-4693-b6e2-7f231a44b6db, raftlog=52bfa4dc-bcba-4693-b6e2-7f231a44b6db@group-753D53B6DDFB-SegmentedRaftLog:OPENED:c3,f4,i4, conf=0: [0d5b4e59-aa2f-4fe6-b072-73846da82a05:192.168.157.202:39744, 52bfa4dc-bcba-4693-b6e2-7f231a44b6db:192.168.157.202:43025, c0368dd1-c4a9-4bcb-a2d2-6d6b66c0e12a:192.168.157.202:44847], old=null
2019-10-16 18:49:09,661 [52bfa4dc-bcba-4693-b6e2-7f231a44b6db@group-753D53B6DDFB-LeaderElection31] INFO  impl.LeaderElection (LeaderElection.java:askForVotes(178)) - 52bfa4dc-bcba-4693-b6e2-7f231a44b6db@group-753D53B6DDFB-LeaderElection31: begin an election at term 36 for 0: [0d5b4e59-aa2f-4fe6-b072-73846da82a05:192.168.157.202:39744, 52bfa4dc-bcba-4693-b6e2-7f231a44b6db:192.168.157.202:43025, c0368dd1-c4a9-4bcb-a2d2-6d6b66c0e12a:192.168.157.202:44847], old=null
2019-10-16 18:49:09,663 [grpc-default-executor-1] INFO  impl.RaftServerImpl (RaftServerImpl.java:setRole(184)) - 0d5b4e59-aa2f-4fe6-b072-73846da82a05@group-753D53B6DDFB: changes role from  FOLLOWER to FOLLOWER at term 36 for recognizeCandidate:52bfa4dc-bcba-4693-b6e2-7f231a44b6db
2019-10-16 18:49:09,663 [grpc-default-executor-6] INFO  impl.RaftServerImpl (RaftServerImpl.java:setRole(184)) - c0368dd1-c4a9-4bcb-a2d2-6d6b66c0e12a@group-753D53B6DDFB: changes role from  FOLLOWER to FOLLOWER at term 36 for recognizeCandidate:52bfa4dc-bcba-4693-b6e2-7f231a44b6db
2019-10-16 18:49:09,663 [grpc-default-executor-1] INFO  impl.RoleInfo (RoleInfo.java:shutdownFollowerState(121)) - 0d5b4e59-aa2f-4fe6-b072-73846da82a05: shutdown FollowerState
2019-10-16 18:49:09,663 [grpc-default-executor-6] INFO  impl.RoleInfo (RoleInfo.java:shutdownFollowerState(121)) - c0368dd1-c4a9-4bcb-a2d2-6d6b66c0e12a: shutdown FollowerState
2019-10-16 18:49:09,663 [Thread-769] INFO  impl.FollowerState (FollowerState.java:run(117)) - 0d5b4e59-aa2f-4fe6-b072-73846da82a05@group-753D53B6DDFB-FollowerState was interrupted: java.lang.InterruptedException: sleep interrupted
2019-10-16 18:49:09,663 [grpc-default-executor-1] INFO  impl.RoleInfo (RoleInfo.java:updateAndGet(143)) - 0d5b4e59-aa2f-4fe6-b072-73846da82a05: start FollowerState
2019-10-16 18:49:09,663 [Thread-768] INFO  impl.FollowerState (FollowerState.java:run(117)) - c0368dd1-c4a9-4bcb-a2d2-6d6b66c0e12a@group-753D53B6DDFB-FollowerState was interrupted: java.lang.InterruptedException: sleep interrupted
2019-10-16 18:49:09,663 [grpc-default-executor-6] INFO  impl.RoleInfo (RoleInfo.java:updateAndGet(143)) - c0368dd1-c4a9-4bcb-a2d2-6d6b66c0e12a: start FollowerState
2019-10-16 18:49:09,677 [52bfa4dc-bcba-4693-b6e2-7f231a44b6db@group-753D53B6DDFB-LeaderElection31] INFO  impl.LeaderElection (LeaderElection.java:logAndReturn(56)) - 52bfa4dc-bcba-4693-b6e2-7f231a44b6db@group-753D53B6DDFB-LeaderElection31: Election REJECTED; received 2 response(s) [52bfa4dc-bcba-4693-b6e2-7f231a44b6db<-0d5b4e59-aa2f-4fe6-b072-73846da82a05#0:FAIL-t36, 52bfa4dc-bcba-4693-b6e2-7f231a44b6db<-c0368dd1-c4a9-4bcb-a2d2-6d6b66c0e12a#0:FAIL-t36] and 0 exception(s); 52bfa4dc-bcba-4693-b6e2-7f231a44b6db@group-753D53B6DDFB:t36, leader=null, voted=52bfa4dc-bcba-4693-b6e2-7f231a44b6db, raftlog=52bfa4dc-bcba-4693-b6e2-7f231a44b6db@group-753D53B6DDFB-SegmentedRaftLog:OPENED:c3,f4,i4, conf=0: [0d5b4e59-aa2f-4fe6-b072-73846da82a05:192.168.157.202:39744, 52bfa4dc-bcba-4693-b6e2-7f231a44b6db:192.168.157.202:43025, c0368dd1-c4a9-4bcb-a2d2-6d6b66c0e12a:192.168.157.202:44847], old=null
2019-10-16 18:49:09,677 [52bfa4dc-bcba-4693-b6e2-7f231a44b6db@group-753D53B6DDFB-LeaderElection31] INFO  impl.RaftServerImpl (RaftServerImpl.java:setRole(184)) - 52bfa4dc-bcba-4693-b6e2-7f231a44b6db@group-753D53B6DDFB: changes role from CANDIDATE to FOLLOWER at term 36 for DISCOVERED_A_NEW_TERM
2019-10-16 18:49:09,677 [52bfa4dc-bcba-4693-b6e2-7f231a44b6db@group-753D53B6DDFB-LeaderElection31] INFO  impl.RoleInfo (RoleInfo.java:shutdownLeaderElection(134)) - 52bfa4dc-bcba-4693-b6e2-7f231a44b6db: shutdown LeaderElection
2019-10-16 18:49:09,678 [52bfa4dc-bcba-4693-b6e2-7f231a44b6db@group-753D53B6DDFB-LeaderElection31] INFO  impl.RoleInfo (RoleInfo.java:updateAndGet(143)) - 52bfa4dc-bcba-4693-b6e2-7f231a44b6db: start FollowerState
2019-10-16 18:49:09,778 [EventQueue-PendingDeleteStatusForPendingDeleteHandler] INFO  block.SCMBlockDeletingService (SCMBlockDeletingService.java:handlePendingDeletes(115)) - Block deletion txnID mismatch in datanode 52bfa4dc-bcba-4693-b6e2-7f231a44b6db for containerID 1. Datanode delete txnID: 0, SCM txnID: 1
2019-10-16 18:49:09,832 [Thread-774] INFO  impl.FollowerState (FollowerState.java:run(108)) - 52bfa4dc-bcba-4693-b6e2-7f231a44b6db@group-753D53B6DDFB-FollowerState: change to CANDIDATE, lastRpcTime:154ms, electionTimeout:154ms
2019-10-16 18:49:09,832 [Thread-774] INFO  impl.RoleInfo (RoleInfo.java:shutdownFollowerState(121)) - 52bfa4dc-bcba-4693-b6e2-7f231a44b6db: shutdown FollowerState
2019-10-16 18:49:09,832 [Thread-774] INFO  impl.RaftServerImpl (RaftServerImpl.java:setRole(184)) - 52bfa4dc-bcba-4693-b6e2-7f231a44b6db@group-753D53B6DDFB: changes role from  FOLLOWER to CANDIDATE at term 36 for changeToCandidate
2019-10-16 18:49:09,832 [Thread-774] INFO  impl.RoleInfo (RoleInfo.java:updateAndGet(143)) - 52bfa4dc-bcba-4693-b6e2-7f231a44b6db: start LeaderElection
2019-10-16 18:49:09,858 [52bfa4dc-bcba-4693-b6e2-7f231a44b6db@group-753D53B6DDFB-LeaderElection32] INFO  impl.LeaderElection (LeaderElection.java:askForVotes(178)) - 52bfa4dc-bcba-4693-b6e2-7f231a44b6db@group-753D53B6DDFB-LeaderElection32: begin an election at term 37 for 0: [0d5b4e59-aa2f-4fe6-b072-73846da82a05:192.168.157.202:39744, 52bfa4dc-bcba-4693-b6e2-7f231a44b6db:192.168.157.202:43025, c0368dd1-c4a9-4bcb-a2d2-6d6b66c0e12a:192.168.157.202:44847], old=null
2019-10-16 18:49:09,860 [grpc-default-executor-6] INFO  impl.RaftServerImpl (RaftServerImpl.java:setRole(184)) - 0d5b4e59-aa2f-4fe6-b072-73846da82a05@group-753D53B6DDFB: changes role from  FOLLOWER to FOLLOWER at term 37 for recognizeCandidate:52bfa4dc-bcba-4693-b6e2-7f231a44b6db
2019-10-16 18:49:09,860 [grpc-default-executor-1] INFO  impl.RaftServerImpl (RaftServerImpl.java:setRole(184)) - c0368dd1-c4a9-4bcb-a2d2-6d6b66c0e12a@group-753D53B6DDFB: changes role from  FOLLOWER to FOLLOWER at term 37 for recognizeCandidate:52bfa4dc-bcba-4693-b6e2-7f231a44b6db
2019-10-16 18:49:09,861 [grpc-default-executor-6] INFO  impl.RoleInfo (RoleInfo.java:shutdownFollowerState(121)) - 0d5b4e59-aa2f-4fe6-b072-73846da82a05: shutdown FollowerState
2019-10-16 18:49:09,861 [grpc-default-executor-1] INFO  impl.RoleInfo (RoleInfo.java:shutdownFollowerState(121)) - c0368dd1-c4a9-4bcb-a2d2-6d6b66c0e12a: shutdown FollowerState
2019-10-16 18:49:09,861 [Thread-772] INFO  impl.FollowerState (FollowerState.java:run(117)) - 0d5b4e59-aa2f-4fe6-b072-73846da82a05@group-753D53B6DDFB-FollowerState was interrupted: java.lang.InterruptedException: sleep interrupted
2019-10-16 18:49:09,861 [grpc-default-executor-6] INFO  impl.RoleInfo (RoleInfo.java:updateAndGet(143)) - 0d5b4e59-aa2f-4fe6-b072-73846da82a05: start FollowerState
2019-10-16 18:49:09,861 [Thread-773] INFO  impl.FollowerState (FollowerState.java:run(117)) - c0368dd1-c4a9-4bcb-a2d2-6d6b66c0e12a@group-753D53B6DDFB-FollowerState was interrupted: java.lang.InterruptedException: sleep interrupted
2019-10-16 18:49:09,861 [grpc-default-executor-1] INFO  impl.RoleInfo (RoleInfo.java:updateAndGet(143)) - c0368dd1-c4a9-4bcb-a2d2-6d6b66c0e12a: start FollowerState
2019-10-16 18:49:09,872 [grpc-default-executor-4] INFO  impl.RaftServerProxy (RaftServerProxy.java:addNew(89)) - 52bfa4dc-bcba-4693-b6e2-7f231a44b6db: addNew group-E8DDD303CD72:[52bfa4dc-bcba-4693-b6e2-7f231a44b6db:192.168.157.202:43025] returns group-E8DDD303CD72:java.util.concurrent.CompletableFuture@3227f400[Not completed]
2019-10-16 18:49:09,873 [pool-59-thread-1] INFO  impl.RaftServerImpl (RaftServerImpl.java:<init>(104)) - 52bfa4dc-bcba-4693-b6e2-7f231a44b6db: new RaftServerImpl for group-E8DDD303CD72:[52bfa4dc-bcba-4693-b6e2-7f231a44b6db:192.168.157.202:43025] with ContainerStateMachine:uninitialized
2019-10-16 18:49:09,874 [pool-59-thread-1] INFO  server.RaftServerConfigKeys (ConfUtils.java:logGet(43)) - raft.server.rpc.timeout.min = 5s (custom)
2019-10-16 18:49:09,874 [pool-59-thread-1] INFO  server.RaftServerConfigKeys (ConfUtils.java:logGet(43)) - raft.server.rpc.timeout.max = 5200ms (custom)
2019-10-16 18:49:09,874 [pool-59-thread-1] INFO  server.RaftServerConfigKeys (ConfUtils.java:logGet(43)) - raft.server.rpcslowness.timeout = 1000s (custom)
2019-10-16 18:49:09,874 [pool-59-thread-1] INFO  server.RaftServerConfigKeys (ConfUtils.java:logGet(43)) - raft.server.sleep.deviation.threshold = 300 (default)
2019-10-16 18:49:09,874 [pool-59-thread-1] INFO  server.RaftServerConfigKeys (ConfUtils.java:logGet(43)) - raft.server.log.appender.install.snapshot.enabled = false (custom)
2019-10-16 18:49:09,874 [pool-59-thread-1] INFO  impl.RaftServerImpl (ServerState.java:<init>(103)) - 52bfa4dc-bcba-4693-b6e2-7f231a44b6db@group-E8DDD303CD72: ConfigurationManager, init=-1: [52bfa4dc-bcba-4693-b6e2-7f231a44b6db:192.168.157.202:43025], old=null, confs=<EMPTY_MAP>
2019-10-16 18:49:09,874 [pool-59-thread-1] INFO  server.RaftServerConfigKeys (ConfUtils.java:logGet(43)) - raft.server.storage.dir = [/workdir/hadoop-ozone/integration-test/target/test-dir/MiniOzoneClusterImpl-4345c778-bde4-42fc-980f-03f2a0663661/datanode-2/data/ratis] (custom)
2019-10-16 18:49:09,874 [pool-59-thread-1] INFO  server.RaftServerConfigKeys (ConfUtils.java:logGet(43)) - raft.server.log.corruption.policy = EXCEPTION (default)
2019-10-16 18:49:09,875 [pool-59-thread-1] INFO  storage.RaftStorageDirectory (RaftStorageDirectory.java:analyzeStorage(246)) - The storage directory /workdir/hadoop-ozone/integration-test/target/test-dir/MiniOzoneClusterImpl-4345c778-bde4-42fc-980f-03f2a0663661/datanode-2/data/ratis/e54f8920-db68-445c-a350-e8ddd303cd72 does not exist. Creating ...
2019-10-16 18:49:09,879 [EventQueue-PendingDeleteStatusForPendingDeleteHandler] INFO  block.SCMBlockDeletingService (SCMBlockDeletingService.java:handlePendingDeletes(115)) - Block deletion txnID mismatch in datanode 52bfa4dc-bcba-4693-b6e2-7f231a44b6db for containerID 1. Datanode delete txnID: 0, SCM txnID: 1
2019-10-16 18:49:09,888 [pool-59-thread-1] INFO  storage.RaftStorageDirectory (RaftStorageDirectory.java:tryLock(328)) - Lock on /workdir/hadoop-ozone/integration-test/target/test-dir/MiniOzoneClusterImpl-4345c778-bde4-42fc-980f-03f2a0663661/datanode-2/data/ratis/e54f8920-db68-445c-a350-e8ddd303cd72/in_use.lock acquired by nodename 30109@pr-hdds-2283-rsqnh-1472443098
2019-10-16 18:49:09,888 [52bfa4dc-bcba-4693-b6e2-7f231a44b6db@group-753D53B6DDFB-LeaderElection32] INFO  impl.LeaderElection (LeaderElection.java:logAndReturn(56)) - 52bfa4dc-bcba-4693-b6e2-7f231a44b6db@group-753D53B6DDFB-LeaderElection32: Election REJECTED; received 2 response(s) [52bfa4dc-bcba-4693-b6e2-7f231a44b6db<-0d5b4e59-aa2f-4fe6-b072-73846da82a05#0:FAIL-t37, 52bfa4dc-bcba-4693-b6e2-7f231a44b6db<-c0368dd1-c4a9-4bcb-a2d2-6d6b66c0e12a#0:FAIL-t37] and 0 exception(s); 52bfa4dc-bcba-4693-b6e2-7f231a44b6db@group-753D53B6DDFB:t37, leader=null, voted=52bfa4dc-bcba-4693-b6e2-7f231a44b6db, raftlog=52bfa4dc-bcba-4693-b6e2-7f231a44b6db@group-753D53B6DDFB-SegmentedRaftLog:OPENED:c3,f4,i4, conf=0: [0d5b4e59-aa2f-4fe6-b072-73846da82a05:192.168.157.202:39744, 52bfa4dc-bcba-4693-b6e2-7f231a44b6db:192.168.157.202:43025, c0368dd1-c4a9-4bcb-a2d2-6d6b66c0e12a:192.168.157.202:44847], old=null
2019-10-16 18:49:09,889 [52bfa4dc-bcba-4693-b6e2-7f231a44b6db@group-753D53B6DDFB-LeaderElection32] INFO  impl.RaftServerImpl (RaftServerImpl.java:setRole(184)) - 52bfa4dc-bcba-4693-b6e2-7f231a44b6db@group-753D53B6DDFB: changes role from CANDIDATE to FOLLOWER at term 37 for DISCOVERED_A_NEW_TERM
2019-10-16 18:49:09,889 [52bfa4dc-bcba-4693-b6e2-7f231a44b6db@group-753D53B6DDFB-LeaderElection32] INFO  impl.RoleInfo (RoleInfo.java:shutdownLeaderElection(134)) - 52bfa4dc-bcba-4693-b6e2-7f231a44b6db: shutdown LeaderElection
2019-10-16 18:49:09,889 [52bfa4dc-bcba-4693-b6e2-7f231a44b6db@group-753D53B6DDFB-LeaderElection32] INFO  impl.RoleInfo (RoleInfo.java:updateAndGet(143)) - 52bfa4dc-bcba-4693-b6e2-7f231a44b6db: start FollowerState
2019-10-16 18:49:09,910 [pool-59-thread-1] INFO  storage.RaftStorage (RaftStorage.java:format(84)) - Storage directory /workdir/hadoop-ozone/integration-test/target/test-dir/MiniOzoneClusterImpl-4345c778-bde4-42fc-980f-03f2a0663661/datanode-2/data/ratis/e54f8920-db68-445c-a350-e8ddd303cd72 has been successfully formatted.
2019-10-16 18:49:09,910 [pool-59-thread-1] INFO  ratis.ContainerStateMachine (ContainerStateMachine.java:loadSnapshot(231)) - group-E8DDD303CD72: The snapshot info is null. Setting the last applied indexto:(t:0, i:~)
2019-10-16 18:49:09,910 [pool-59-thread-1] INFO  server.RaftServerConfigKeys (ConfUtils.java:logGet(43)) - raft.server.notification.no-leader.timeout = 1000s (custom)
2019-10-16 18:49:09,910 [pool-59-thread-1] INFO  server.RaftServerConfigKeys (ConfUtils.java:logGet(43)) - raft.server.log.use.memory = false (default)
2019-10-16 18:49:09,910 [pool-59-thread-1] INFO  server.RaftServerConfigKeys (ConfUtils.java:logGet(43)) - raft.server.log.purge.gap = 1000000 (custom)
2019-10-16 18:49:09,910 [pool-59-thread-1] INFO  server.RaftServerConfigKeys (ConfUtils.java:logGet(43)) - raft.server.log.appender.buffer.byte-limit = 33554432 (custom)
2019-10-16 18:49:09,911 [pool-59-thread-1] INFO  server.RaftServerConfigKeys (ConfUtils.java:logGet(43)) - raft.server.log.segment.size.max = 1048576 (custom)
2019-10-16 18:49:09,911 [pool-59-thread-1] INFO  server.RaftServerConfigKeys (ConfUtils.java:logGet(43)) - raft.server.log.segment.cache.num.max = 2 (custom)
2019-10-16 18:49:09,911 [pool-59-thread-1] INFO  segmented.SegmentedRaftLogWorker (SegmentedRaftLogWorker.java:<init>(173)) - new 52bfa4dc-bcba-4693-b6e2-7f231a44b6db@group-E8DDD303CD72-SegmentedRaftLogWorker for RaftStorage:Storage Directory /workdir/hadoop-ozone/integration-test/target/test-dir/MiniOzoneClusterImpl-4345c778-bde4-42fc-980f-03f2a0663661/datanode-2/data/ratis/e54f8920-db68-445c-a350-e8ddd303cd72
2019-10-16 18:49:09,911 [pool-59-thread-1] INFO  server.RaftServerConfigKeys (ConfUtils.java:logGet(43)) - raft.server.log.queue.byte-limit = 2147483647 (custom)
2019-10-16 18:49:09,911 [pool-59-thread-1] INFO  server.RaftServerConfigKeys (ConfUtils.java:logGet(43)) - raft.server.log.queue.element-limit = 1024 (custom)
2019-10-16 18:49:09,911 [pool-59-thread-1] INFO  server.RaftServerConfigKeys (ConfUtils.java:logGet(43)) - raft.server.log.segment.size.max = 1048576 (custom)
2019-10-16 18:49:09,911 [pool-59-thread-1] INFO  server.RaftServerConfigKeys (ConfUtils.java:logGet(43)) - raft.server.log.preallocated.size = 16384 (custom)
2019-10-16 18:49:09,911 [pool-59-thread-1] INFO  server.RaftServerConfigKeys (ConfUtils.java:logGet(43)) - raft.server.log.write.buffer.size = 33554432 (custom)
2019-10-16 18:49:09,911 [pool-59-thread-1] INFO  server.RaftServerConfigKeys (ConfUtils.java:logGet(43)) - raft.server.log.force.sync.num = 128 (default)
2019-10-16 18:49:09,911 [pool-59-thread-1] INFO  server.RaftServerConfigKeys (ConfUtils.java:logGet(43)) - raft.server.log.statemachine.data.sync = true (default)
2019-10-16 18:49:09,911 [pool-59-thread-1] INFO  server.RaftServerConfigKeys (ConfUtils.java:logGet(43)) - raft.server.log.statemachine.data.sync.timeout = 10s (default)
2019-10-16 18:49:09,911 [pool-59-thread-1] INFO  server.RaftServerConfigKeys (ConfUtils.java:logGet(43)) - raft.server.log.statemachine.data.sync.timeout.retry = -1 (default)
2019-10-16 18:49:09,911 [pool-59-thread-1] INFO  server.RaftServerConfigKeys (ConfUtils.java:logGet(43)) - raft.server.log.statemachine.data.caching.enabled = true (custom)
2019-10-16 18:49:09,912 [pool-59-thread-1] INFO  segmented.SegmentedRaftLogWorker (SegmentedRaftLogWorker.java:lambda$new$0(128)) - 52bfa4dc-bcba-4693-b6e2-7f231a44b6db@group-E8DDD303CD72-SegmentedRaftLogWorker: flushIndex: setUnconditionally 0 -> -1
2019-10-16 18:49:09,912 [pool-59-thread-1] INFO  server.RaftServerConfigKeys (ConfUtils.java:logGet(43)) - raft.server.snapshot.auto.trigger.enabled = true (custom)
2019-10-16 18:49:09,912 [pool-59-thread-1] INFO  server.RaftServerConfigKeys (ConfUtils.java:logGet(43)) - raft.server.snapshot.auto.trigger.threshold = 10000 (custom)
2019-10-16 18:49:09,912 [pool-59-thread-1] INFO  server.RaftServerConfigKeys (ConfUtils.java:logGet(43)) - raft.server.snapshot.retention.file.num = 5 (custom)
2019-10-16 18:49:09,912 [pool-59-thread-1] INFO  server.RaftServerConfigKeys (ConfUtils.java:logGet(43)) - raft.server.retrycache.expirytime = 600000ms (custom)
2019-10-16 18:49:09,914 [pool-59-thread-1] INFO  impl.RaftServerImpl (RaftServerImpl.java:start(195)) - 52bfa4dc-bcba-4693-b6e2-7f231a44b6db@group-E8DDD303CD72: start as a follower, conf=-1: [52bfa4dc-bcba-4693-b6e2-7f231a44b6db:192.168.157.202:43025], old=null
2019-10-16 18:49:09,914 [pool-59-thread-1] INFO  impl.RaftServerImpl (RaftServerImpl.java:setRole(184)) - 52bfa4dc-bcba-4693-b6e2-7f231a44b6db@group-E8DDD303CD72: changes role from      null to FOLLOWER at term 0 for startAsFollower
2019-10-16 18:49:09,914 [pool-59-thread-1] INFO  impl.RoleInfo (RoleInfo.java:updateAndGet(143)) - 52bfa4dc-bcba-4693-b6e2-7f231a44b6db: start FollowerState
2019-10-16 18:49:09,915 [pool-59-thread-1] INFO  util.JmxRegister (JmxRegister.java:tryRegister(44)) - Successfully registered JMX Bean with object name Ratis:service=RaftServer,group=group-E8DDD303CD72,id=52bfa4dc-bcba-4693-b6e2-7f231a44b6db
2019-10-16 18:49:09,920 [RatisPipelineUtilsThread] INFO  pipeline.PipelineStateManager (PipelineStateManager.java:addPipeline(56)) - Created pipeline Pipeline[ Id: e54f8920-db68-445c-a350-e8ddd303cd72, Nodes: 52bfa4dc-bcba-4693-b6e2-7f231a44b6db{ip: 192.168.157.202, host: pr-hdds-2283-rsqnh-1472443098, networkLocation: /default-rack, certSerialId: null}, Type:RATIS, Factor:ONE, State:OPEN]
2019-10-16 18:49:09,932 [grpc-default-executor-4] INFO  impl.RaftServerProxy (RaftServerProxy.java:addNew(89)) - 52bfa4dc-bcba-4693-b6e2-7f231a44b6db: addNew group-ADAA10453DD4:[0d5b4e59-aa2f-4fe6-b072-73846da82a05:192.168.157.202:39744, 52bfa4dc-bcba-4693-b6e2-7f231a44b6db:192.168.157.202:43025, c0368dd1-c4a9-4bcb-a2d2-6d6b66c0e12a:192.168.157.202:44847] returns group-ADAA10453DD4:java.util.concurrent.CompletableFuture@36db91e1[Not completed]
2019-10-16 18:49:09,932 [grpc-default-executor-6] INFO  impl.RaftServerProxy (RaftServerProxy.java:addNew(89)) - 0d5b4e59-aa2f-4fe6-b072-73846da82a05: addNew group-ADAA10453DD4:[0d5b4e59-aa2f-4fe6-b072-73846da82a05:192.168.157.202:39744, 52bfa4dc-bcba-4693-b6e2-7f231a44b6db:192.168.157.202:43025, c0368dd1-c4a9-4bcb-a2d2-6d6b66c0e12a:192.168.157.202:44847] returns group-ADAA10453DD4:java.util.concurrent.CompletableFuture@77b71ec5[Not completed]
2019-10-16 18:49:09,933 [grpc-default-executor-6] INFO  impl.RaftServerProxy (RaftServerProxy.java:addNew(89)) - c0368dd1-c4a9-4bcb-a2d2-6d6b66c0e12a: addNew group-ADAA10453DD4:[0d5b4e59-aa2f-4fe6-b072-73846da82a05:192.168.157.202:39744, 52bfa4dc-bcba-4693-b6e2-7f231a44b6db:192.168.157.202:43025, c0368dd1-c4a9-4bcb-a2d2-6d6b66c0e12a:192.168.157.202:44847] returns group-ADAA10453DD4:java.util.concurrent.CompletableFuture@32b59e57[Not completed]
2019-10-16 18:49:09,934 [pool-59-thread-1] INFO  impl.RaftServerImpl (RaftServerImpl.java:<init>(104)) - 52bfa4dc-bcba-4693-b6e2-7f231a44b6db: new RaftServerImpl for group-ADAA10453DD4:[0d5b4e59-aa2f-4fe6-b072-73846da82a05:192.168.157.202:39744, 52bfa4dc-bcba-4693-b6e2-7f231a44b6db:192.168.157.202:43025, c0368dd1-c4a9-4bcb-a2d2-6d6b66c0e12a:192.168.157.202:44847] with ContainerStateMachine:uninitialized
2019-10-16 18:49:09,934 [pool-59-thread-1] INFO  server.RaftServerConfigKeys (ConfUtils.java:logGet(43)) - raft.server.rpc.timeout.min = 5s (custom)
2019-10-16 18:49:09,934 [pool-59-thread-1] INFO  server.RaftServerConfigKeys (ConfUtils.java:logGet(43)) - raft.server.rpc.timeout.max = 5200ms (custom)
2019-10-16 18:49:09,934 [pool-59-thread-1] INFO  server.RaftServerConfigKeys (ConfUtils.java:logGet(43)) - raft.server.rpcslowness.timeout = 1000s (custom)
2019-10-16 18:49:09,934 [pool-59-thread-1] INFO  server.RaftServerConfigKeys (ConfUtils.java:logGet(43)) - raft.server.sleep.deviation.threshold = 300 (default)
2019-10-16 18:49:09,934 [pool-59-thread-1] INFO  server.RaftServerConfigKeys (ConfUtils.java:logGet(43)) - raft.server.log.appender.install.snapshot.enabled = false (custom)
2019-10-16 18:49:09,935 [pool-59-thread-1] INFO  impl.RaftServerImpl (ServerState.java:<init>(103)) - 52bfa4dc-bcba-4693-b6e2-7f231a44b6db@group-ADAA10453DD4: ConfigurationManager, init=-1: [0d5b4e59-aa2f-4fe6-b072-73846da82a05:192.168.157.202:39744, 52bfa4dc-bcba-4693-b6e2-7f231a44b6db:192.168.157.202:43025, c0368dd1-c4a9-4bcb-a2d2-6d6b66c0e12a:192.168.157.202:44847], old=null, confs=<EMPTY_MAP>
2019-10-16 18:49:09,935 [pool-59-thread-1] INFO  server.RaftServerConfigKeys (ConfUtils.java:logGet(43)) - raft.server.storage.dir = [/workdir/hadoop-ozone/integration-test/target/test-dir/MiniOzoneClusterImpl-4345c778-bde4-42fc-980f-03f2a0663661/datanode-2/data/ratis] (custom)
2019-10-16 18:49:09,935 [pool-27-thread-1] INFO  impl.RaftServerImpl (RaftServerImpl.java:<init>(104)) - c0368dd1-c4a9-4bcb-a2d2-6d6b66c0e12a: new RaftServerImpl for group-ADAA10453DD4:[0d5b4e59-aa2f-4fe6-b072-73846da82a05:192.168.157.202:39744, 52bfa4dc-bcba-4693-b6e2-7f231a44b6db:192.168.157.202:43025, c0368dd1-c4a9-4bcb-a2d2-6d6b66c0e12a:192.168.157.202:44847] with ContainerStateMachine:uninitialized
2019-10-16 18:49:09,935 [pool-27-thread-1] INFO  server.RaftServerConfigKeys (ConfUtils.java:logGet(43)) - raft.server.rpc.timeout.min = 5s (custom)
2019-10-16 18:49:09,935 [pool-59-thread-1] INFO  server.RaftServerConfigKeys (ConfUtils.java:logGet(43)) - raft.server.log.corruption.policy = EXCEPTION (default)
2019-10-16 18:49:09,935 [pool-27-thread-1] INFO  server.RaftServerConfigKeys (ConfUtils.java:logGet(43)) - raft.server.rpc.timeout.max = 5200ms (custom)
2019-10-16 18:49:09,935 [pool-59-thread-1] INFO  storage.RaftStorageDirectory (RaftStorageDirectory.java:analyzeStorage(246)) - The storage directory /workdir/hadoop-ozone/integration-test/target/test-dir/MiniOzoneClusterImpl-4345c778-bde4-42fc-980f-03f2a0663661/datanode-2/data/ratis/2ce424ce-9116-4ee6-b19e-adaa10453dd4 does not exist. Creating ...
2019-10-16 18:49:09,935 [pool-27-thread-1] INFO  server.RaftServerConfigKeys (ConfUtils.java:logGet(43)) - raft.server.rpcslowness.timeout = 1000s (custom)
2019-10-16 18:49:09,936 [pool-37-thread-1] INFO  impl.RaftServerImpl (RaftServerImpl.java:<init>(104)) - 0d5b4e59-aa2f-4fe6-b072-73846da82a05: new RaftServerImpl for group-ADAA10453DD4:[0d5b4e59-aa2f-4fe6-b072-73846da82a05:192.168.157.202:39744, 52bfa4dc-bcba-4693-b6e2-7f231a44b6db:192.168.157.202:43025, c0368dd1-c4a9-4bcb-a2d2-6d6b66c0e12a:192.168.157.202:44847] with ContainerStateMachine:uninitialized
2019-10-16 18:49:09,936 [pool-27-thread-1] INFO  server.RaftServerConfigKeys (ConfUtils.java:logGet(43)) - raft.server.sleep.deviation.threshold = 300 (default)
2019-10-16 18:49:09,936 [pool-37-thread-1] INFO  server.RaftServerConfigKeys (ConfUtils.java:logGet(43)) - raft.server.rpc.timeout.min = 5s (custom)
2019-10-16 18:49:09,936 [pool-27-thread-1] INFO  server.RaftServerConfigKeys (ConfUtils.java:logGet(43)) - raft.server.log.appender.install.snapshot.enabled = false (custom)
2019-10-16 18:49:09,936 [pool-37-thread-1] INFO  server.RaftServerConfigKeys (ConfUtils.java:logGet(43)) - raft.server.rpc.timeout.max = 5200ms (custom)
2019-10-16 18:49:09,936 [pool-27-thread-1] INFO  impl.RaftServerImpl (ServerState.java:<init>(103)) - c0368dd1-c4a9-4bcb-a2d2-6d6b66c0e12a@group-ADAA10453DD4: ConfigurationManager, init=-1: [0d5b4e59-aa2f-4fe6-b072-73846da82a05:192.168.157.202:39744, 52bfa4dc-bcba-4693-b6e2-7f231a44b6db:192.168.157.202:43025, c0368dd1-c4a9-4bcb-a2d2-6d6b66c0e12a:192.168.157.202:44847], old=null, confs=<EMPTY_MAP>
2019-10-16 18:49:09,936 [pool-37-thread-1] INFO  server.RaftServerConfigKeys (ConfUtils.java:logGet(43)) - raft.server.rpcslowness.timeout = 1000s (custom)
2019-10-16 18:49:09,936 [pool-27-thread-1] INFO  server.RaftServerConfigKeys (ConfUtils.java:logGet(43)) - raft.server.storage.dir = [/workdir/hadoop-ozone/integration-test/target/test-dir/MiniOzoneClusterImpl-4345c778-bde4-42fc-980f-03f2a0663661/datanode-0/data/ratis] (custom)
2019-10-16 18:49:09,936 [pool-37-thread-1] INFO  server.RaftServerConfigKeys (ConfUtils.java:logGet(43)) - raft.server.sleep.deviation.threshold = 300 (default)
2019-10-16 18:49:09,936 [pool-37-thread-1] INFO  server.RaftServerConfigKeys (ConfUtils.java:logGet(43)) - raft.server.log.appender.install.snapshot.enabled = false (custom)
2019-10-16 18:49:09,936 [pool-37-thread-1] INFO  impl.RaftServerImpl (ServerState.java:<init>(103)) - 0d5b4e59-aa2f-4fe6-b072-73846da82a05@group-ADAA10453DD4: ConfigurationManager, init=-1: [0d5b4e59-aa2f-4fe6-b072-73846da82a05:192.168.157.202:39744, 52bfa4dc-bcba-4693-b6e2-7f231a44b6db:192.168.157.202:43025, c0368dd1-c4a9-4bcb-a2d2-6d6b66c0e12a:192.168.157.202:44847], old=null, confs=<EMPTY_MAP>
2019-10-16 18:49:09,936 [pool-27-thread-1] INFO  server.RaftServerConfigKeys (ConfUtils.java:logGet(43)) - raft.server.log.corruption.policy = EXCEPTION (default)
2019-10-16 18:49:09,937 [pool-37-thread-1] INFO  server.RaftServerConfigKeys (ConfUtils.java:logGet(43)) - raft.server.storage.dir = [/workdir/hadoop-ozone/integration-test/target/test-dir/MiniOzoneClusterImpl-4345c778-bde4-42fc-980f-03f2a0663661/datanode-1/data/ratis] (custom)
2019-10-16 18:49:09,937 [pool-27-thread-1] INFO  storage.RaftStorageDirectory (RaftStorageDirectory.java:analyzeStorage(246)) - The storage directory /workdir/hadoop-ozone/integration-test/target/test-dir/MiniOzoneClusterImpl-4345c778-bde4-42fc-980f-03f2a0663661/datanode-0/data/ratis/2ce424ce-9116-4ee6-b19e-adaa10453dd4 does not exist. Creating ...
2019-10-16 18:49:09,937 [pool-37-thread-1] INFO  server.RaftServerConfigKeys (ConfUtils.java:logGet(43)) - raft.server.log.corruption.policy = EXCEPTION (default)
2019-10-16 18:49:09,937 [pool-37-thread-1] INFO  storage.RaftStorageDirectory (RaftStorageDirectory.java:analyzeStorage(246)) - The storage directory /workdir/hadoop-ozone/integration-test/target/test-dir/MiniOzoneClusterImpl-4345c778-bde4-42fc-980f-03f2a0663661/datanode-1/data/ratis/2ce424ce-9116-4ee6-b19e-adaa10453dd4 does not exist. Creating ...
2019-10-16 18:49:09,952 [pool-27-thread-1] INFO  storage.RaftStorageDirectory (RaftStorageDirectory.java:tryLock(328)) - Lock on /workdir/hadoop-ozone/integration-test/target/test-dir/MiniOzoneClusterImpl-4345c778-bde4-42fc-980f-03f2a0663661/datanode-0/data/ratis/2ce424ce-9116-4ee6-b19e-adaa10453dd4/in_use.lock acquired by nodename 30109@pr-hdds-2283-rsqnh-1472443098
2019-10-16 18:49:09,952 [pool-59-thread-1] INFO  storage.RaftStorageDirectory (RaftStorageDirectory.java:tryLock(328)) - Lock on /workdir/hadoop-ozone/integration-test/target/test-dir/MiniOzoneClusterImpl-4345c778-bde4-42fc-980f-03f2a0663661/datanode-2/data/ratis/2ce424ce-9116-4ee6-b19e-adaa10453dd4/in_use.lock acquired by nodename 30109@pr-hdds-2283-rsqnh-1472443098
2019-10-16 18:49:09,952 [pool-37-thread-1] INFO  storage.RaftStorageDirectory (RaftStorageDirectory.java:tryLock(328)) - Lock on /workdir/hadoop-ozone/integration-test/target/test-dir/MiniOzoneClusterImpl-4345c778-bde4-42fc-980f-03f2a0663661/datanode-1/data/ratis/2ce424ce-9116-4ee6-b19e-adaa10453dd4/in_use.lock acquired by nodename 30109@pr-hdds-2283-rsqnh-1472443098
2019-10-16 18:49:09,972 [pool-27-thread-1] INFO  storage.RaftStorage (RaftStorage.java:format(84)) - Storage directory /workdir/hadoop-ozone/integration-test/target/test-dir/MiniOzoneClusterImpl-4345c778-bde4-42fc-980f-03f2a0663661/datanode-0/data/ratis/2ce424ce-9116-4ee6-b19e-adaa10453dd4 has been successfully formatted.
2019-10-16 18:49:09,972 [pool-59-thread-1] INFO  storage.RaftStorage (RaftStorage.java:format(84)) - Storage directory /workdir/hadoop-ozone/integration-test/target/test-dir/MiniOzoneClusterImpl-4345c778-bde4-42fc-980f-03f2a0663661/datanode-2/data/ratis/2ce424ce-9116-4ee6-b19e-adaa10453dd4 has been successfully formatted.
2019-10-16 18:49:09,972 [pool-37-thread-1] INFO  storage.RaftStorage (RaftStorage.java:format(84)) - Storage directory /workdir/hadoop-ozone/integration-test/target/test-dir/MiniOzoneClusterImpl-4345c778-bde4-42fc-980f-03f2a0663661/datanode-1/data/ratis/2ce424ce-9116-4ee6-b19e-adaa10453dd4 has been successfully formatted.
2019-10-16 18:49:09,973 [pool-27-thread-1] INFO  ratis.ContainerStateMachine (ContainerStateMachine.java:loadSnapshot(231)) - group-ADAA10453DD4: The snapshot info is null. Setting the last applied indexto:(t:0, i:~)
2019-10-16 18:49:09,973 [pool-59-thread-1] INFO  ratis.ContainerStateMachine (ContainerStateMachine.java:loadSnapshot(231)) - group-ADAA10453DD4: The snapshot info is null. Setting the last applied indexto:(t:0, i:~)
2019-10-16 18:49:09,973 [pool-37-thread-1] INFO  ratis.ContainerStateMachine (ContainerStateMachine.java:loadSnapshot(231)) - group-ADAA10453DD4: The snapshot info is null. Setting the last applied indexto:(t:0, i:~)
2019-10-16 18:49:09,973 [pool-59-thread-1] INFO  server.RaftServerConfigKeys (ConfUtils.java:logGet(43)) - raft.server.notification.no-leader.timeout = 1000s (custom)
2019-10-16 18:49:09,973 [pool-27-thread-1] INFO  server.RaftServerConfigKeys (ConfUtils.java:logGet(43)) - raft.server.notification.no-leader.timeout = 1000s (custom)
2019-10-16 18:49:09,973 [pool-59-thread-1] INFO  server.RaftServerConfigKeys (ConfUtils.java:logGet(43)) - raft.server.log.use.memory = false (default)
2019-10-16 18:49:09,973 [pool-37-thread-1] INFO  server.RaftServerConfigKeys (ConfUtils.java:logGet(43)) - raft.server.notification.no-leader.timeout = 1000s (custom)
2019-10-16 18:49:09,973 [pool-59-thread-1] INFO  server.RaftServerConfigKeys (ConfUtils.java:logGet(43)) - raft.server.log.purge.gap = 1000000 (custom)
2019-10-16 18:49:09,973 [pool-27-thread-1] INFO  server.RaftServerConfigKeys (ConfUtils.java:logGet(43)) - raft.server.log.use.memory = false (default)
2019-10-16 18:49:09,974 [pool-59-thread-1] INFO  server.RaftServerConfigKeys (ConfUtils.java:logGet(43)) - raft.server.log.appender.buffer.byte-limit = 33554432 (custom)
2019-10-16 18:49:09,973 [pool-37-thread-1] INFO  server.RaftServerConfigKeys (ConfUtils.java:logGet(43)) - raft.server.log.use.memory = false (default)
2019-10-16 18:49:09,974 [pool-59-thread-1] INFO  server.RaftServerConfigKeys (ConfUtils.java:logGet(43)) - raft.server.log.segment.size.max = 1048576 (custom)
2019-10-16 18:49:09,974 [pool-27-thread-1] INFO  server.RaftServerConfigKeys (ConfUtils.java:logGet(43)) - raft.server.log.purge.gap = 1000000 (custom)
2019-10-16 18:49:09,974 [pool-59-thread-1] INFO  server.RaftServerConfigKeys (ConfUtils.java:logGet(43)) - raft.server.log.segment.cache.num.max = 2 (custom)
2019-10-16 18:49:09,974 [pool-37-thread-1] INFO  server.RaftServerConfigKeys (ConfUtils.java:logGet(43)) - raft.server.log.purge.gap = 1000000 (custom)
2019-10-16 18:49:09,974 [pool-59-thread-1] INFO  segmented.SegmentedRaftLogWorker (SegmentedRaftLogWorker.java:<init>(173)) - new 52bfa4dc-bcba-4693-b6e2-7f231a44b6db@group-ADAA10453DD4-SegmentedRaftLogWorker for RaftStorage:Storage Directory /workdir/hadoop-ozone/integration-test/target/test-dir/MiniOzoneClusterImpl-4345c778-bde4-42fc-980f-03f2a0663661/datanode-2/data/ratis/2ce424ce-9116-4ee6-b19e-adaa10453dd4
2019-10-16 18:49:09,974 [pool-27-thread-1] INFO  server.RaftServerConfigKeys (ConfUtils.java:logGet(43)) - raft.server.log.appender.buffer.byte-limit = 33554432 (custom)
2019-10-16 18:49:09,974 [pool-59-thread-1] INFO  server.RaftServerConfigKeys (ConfUtils.java:logGet(43)) - raft.server.log.queue.byte-limit = 2147483647 (custom)
2019-10-16 18:49:09,974 [pool-37-thread-1] INFO  server.RaftServerConfigKeys (ConfUtils.java:logGet(43)) - raft.server.log.appender.buffer.byte-limit = 33554432 (custom)
2019-10-16 18:49:09,975 [pool-59-thread-1] INFO  server.RaftServerConfigKeys (ConfUtils.java:logGet(43)) - raft.server.log.queue.element-limit = 1024 (custom)
2019-10-16 18:49:09,974 [pool-27-thread-1] INFO  server.RaftServerConfigKeys (ConfUtils.java:logGet(43)) - raft.server.log.segment.size.max = 1048576 (custom)
2019-10-16 18:49:09,975 [pool-59-thread-1] INFO  server.RaftServerConfigKeys (ConfUtils.java:logGet(43)) - raft.server.log.segment.size.max = 1048576 (custom)
2019-10-16 18:49:09,975 [pool-37-thread-1] INFO  server.RaftServerConfigKeys (ConfUtils.java:logGet(43)) - raft.server.log.segment.size.max = 1048576 (custom)
2019-10-16 18:49:09,975 [pool-59-thread-1] INFO  server.RaftServerConfigKeys (ConfUtils.java:logGet(43)) - raft.server.log.preallocated.size = 16384 (custom)
2019-10-16 18:49:09,975 [pool-27-thread-1] INFO  server.RaftServerConfigKeys (ConfUtils.java:logGet(43)) - raft.server.log.segment.cache.num.max = 2 (custom)
2019-10-16 18:49:09,975 [pool-59-thread-1] INFO  server.RaftServerConfigKeys (ConfUtils.java:logGet(43)) - raft.server.log.write.buffer.size = 33554432 (custom)
2019-10-16 18:49:09,975 [pool-37-thread-1] INFO  server.RaftServerConfigKeys (ConfUtils.java:logGet(43)) - raft.server.log.segment.cache.num.max = 2 (custom)
2019-10-16 18:49:09,975 [pool-59-thread-1] INFO  server.RaftServerConfigKeys (ConfUtils.java:logGet(43)) - raft.server.log.force.sync.num = 128 (default)
2019-10-16 18:49:09,975 [pool-27-thread-1] INFO  segmented.SegmentedRaftLogWorker (SegmentedRaftLogWorker.java:<init>(173)) - new c0368dd1-c4a9-4bcb-a2d2-6d6b66c0e12a@group-ADAA10453DD4-SegmentedRaftLogWorker for RaftStorage:Storage Directory /workdir/hadoop-ozone/integration-test/target/test-dir/MiniOzoneClusterImpl-4345c778-bde4-42fc-980f-03f2a0663661/datanode-0/data/ratis/2ce424ce-9116-4ee6-b19e-adaa10453dd4
2019-10-16 18:49:09,976 [pool-59-thread-1] INFO  server.RaftServerConfigKeys (ConfUtils.java:logGet(43)) - raft.server.log.statemachine.data.sync = true (default)
2019-10-16 18:49:09,975 [pool-37-thread-1] INFO  segmented.SegmentedRaftLogWorker (SegmentedRaftLogWorker.java:<init>(173)) - new 0d5b4e59-aa2f-4fe6-b072-73846da82a05@group-ADAA10453DD4-SegmentedRaftLogWorker for RaftStorage:Storage Directory /workdir/hadoop-ozone/integration-test/target/test-dir/MiniOzoneClusterImpl-4345c778-bde4-42fc-980f-03f2a0663661/datanode-1/data/ratis/2ce424ce-9116-4ee6-b19e-adaa10453dd4
2019-10-16 18:49:09,976 [pool-59-thread-1] INFO  server.RaftServerConfigKeys (ConfUtils.java:logGet(43)) - raft.server.log.statemachine.data.sync.timeout = 10s (default)
2019-10-16 18:49:09,976 [pool-27-thread-1] INFO  server.RaftServerConfigKeys (ConfUtils.java:logGet(43)) - raft.server.log.queue.byte-limit = 2147483647 (custom)
2019-10-16 18:49:09,976 [pool-59-thread-1] INFO  server.RaftServerConfigKeys (ConfUtils.java:logGet(43)) - raft.server.log.statemachine.data.sync.timeout.retry = -1 (default)
2019-10-16 18:49:09,976 [Thread-784] INFO  impl.FollowerState (FollowerState.java:run(108)) - 52bfa4dc-bcba-4693-b6e2-7f231a44b6db@group-E8DDD303CD72-FollowerState: change to CANDIDATE, lastRpcTime:61ms, electionTimeout:61ms
2019-10-16 18:49:09,976 [pool-37-thread-1] INFO  server.RaftServerConfigKeys (ConfUtils.java:logGet(43)) - raft.server.log.queue.byte-limit = 2147483647 (custom)
2019-10-16 18:49:09,976 [Thread-784] INFO  impl.RoleInfo (RoleInfo.java:shutdownFollowerState(121)) - 52bfa4dc-bcba-4693-b6e2-7f231a44b6db: shutdown FollowerState
2019-10-16 18:49:09,976 [pool-59-thread-1] INFO  server.RaftServerConfigKeys (ConfUtils.java:logGet(43)) - raft.server.log.statemachine.data.caching.enabled = true (custom)
2019-10-16 18:49:09,976 [pool-27-thread-1] INFO  server.RaftServerConfigKeys (ConfUtils.java:logGet(43)) - raft.server.log.queue.element-limit = 1024 (custom)
2019-10-16 18:49:09,977 [Thread-784] INFO  impl.RaftServerImpl (RaftServerImpl.java:setRole(184)) - 52bfa4dc-bcba-4693-b6e2-7f231a44b6db@group-E8DDD303CD72: changes role from  FOLLOWER to CANDIDATE at term 0 for changeToCandidate
2019-10-16 18:49:09,976 [pool-37-thread-1] INFO  server.RaftServerConfigKeys (ConfUtils.java:logGet(43)) - raft.server.log.queue.element-limit = 1024 (custom)
2019-10-16 18:49:09,977 [Thread-784] INFO  impl.RoleInfo (RoleInfo.java:updateAndGet(143)) - 52bfa4dc-bcba-4693-b6e2-7f231a44b6db: start LeaderElection
2019-10-16 18:49:09,977 [pool-59-thread-1] INFO  segmented.SegmentedRaftLogWorker (SegmentedRaftLogWorker.java:lambda$new$0(128)) - 52bfa4dc-bcba-4693-b6e2-7f231a44b6db@group-ADAA10453DD4-SegmentedRaftLogWorker: flushIndex: setUnconditionally 0 -> -1
2019-10-16 18:49:09,977 [pool-27-thread-1] INFO  server.RaftServerConfigKeys (ConfUtils.java:logGet(43)) - raft.server.log.segment.size.max = 1048576 (custom)
2019-10-16 18:49:09,977 [pool-37-thread-1] INFO  server.RaftServerConfigKeys (ConfUtils.java:logGet(43)) - raft.server.log.segment.size.max = 1048576 (custom)
2019-10-16 18:49:09,979 [pool-59-thread-1] INFO  server.RaftServerConfigKeys (ConfUtils.java:logGet(43)) - raft.server.snapshot.auto.trigger.enabled = true (custom)
2019-10-16 18:49:09,977 [pool-27-thread-1] INFO  server.RaftServerConfigKeys (ConfUtils.java:logGet(43)) - raft.server.log.preallocated.size = 16384 (custom)
2019-10-16 18:49:09,978 [Thread-782] INFO  impl.FollowerState (FollowerState.java:run(108)) - 52bfa4dc-bcba-4693-b6e2-7f231a44b6db@group-753D53B6DDFB-FollowerState: change to CANDIDATE, lastRpcTime:89ms, electionTimeout:89ms
2019-10-16 18:49:09,979 [pool-27-thread-1] INFO  server.RaftServerConfigKeys (ConfUtils.java:logGet(43)) - raft.server.log.write.buffer.size = 33554432 (custom)
2019-10-16 18:49:09,979 [pool-59-thread-1] INFO  server.RaftServerConfigKeys (ConfUtils.java:logGet(43)) - raft.server.snapshot.auto.trigger.threshold = 10000 (custom)
2019-10-16 18:49:09,979 [pool-37-thread-1] INFO  server.RaftServerConfigKeys (ConfUtils.java:logGet(43)) - raft.server.log.preallocated.size = 16384 (custom)
2019-10-16 18:49:09,979 [pool-59-thread-1] INFO  server.RaftServerConfigKeys (ConfUtils.java:logGet(43)) - raft.server.snapshot.retention.file.num = 5 (custom)
2019-10-16 18:49:09,979 [pool-27-thread-1] INFO  server.RaftServerConfigKeys (ConfUtils.java:logGet(43)) - raft.server.log.force.sync.num = 128 (default)
2019-10-16 18:49:09,979 [Thread-782] INFO  impl.RoleInfo (RoleInfo.java:shutdownFollowerState(121)) - 52bfa4dc-bcba-4693-b6e2-7f231a44b6db: shutdown FollowerState
2019-10-16 18:49:09,980 [pool-27-thread-1] INFO  server.RaftServerConfigKeys (ConfUtils.java:logGet(43)) - raft.server.log.statemachine.data.sync = true (default)
2019-10-16 18:49:09,980 [pool-59-thread-1] INFO  server.RaftServerConfigKeys (ConfUtils.java:logGet(43)) - raft.server.retrycache.expirytime = 600000ms (custom)
2019-10-16 18:49:09,979 [pool-37-thread-1] INFO  server.RaftServerConfigKeys (ConfUtils.java:logGet(43)) - raft.server.log.write.buffer.size = 33554432 (custom)
2019-10-16 18:49:09,980 [pool-27-thread-1] INFO  server.RaftServerConfigKeys (ConfUtils.java:logGet(43)) - raft.server.log.statemachine.data.sync.timeout = 10s (default)
2019-10-16 18:49:09,980 [pool-27-thread-1] INFO  server.RaftServerConfigKeys (ConfUtils.java:logGet(43)) - raft.server.log.statemachine.data.sync.timeout.retry = -1 (default)
2019-10-16 18:49:09,980 [Thread-782] INFO  impl.RaftServerImpl (RaftServerImpl.java:setRole(184)) - 52bfa4dc-bcba-4693-b6e2-7f231a44b6db@group-753D53B6DDFB: changes role from  FOLLOWER to CANDIDATE at term 37 for changeToCandidate
2019-10-16 18:49:09,980 [pool-37-thread-1] INFO  server.RaftServerConfigKeys (ConfUtils.java:logGet(43)) - raft.server.log.force.sync.num = 128 (default)
2019-10-16 18:49:09,980 [Thread-782] INFO  impl.RoleInfo (RoleInfo.java:updateAndGet(143)) - 52bfa4dc-bcba-4693-b6e2-7f231a44b6db: start LeaderElection
2019-10-16 18:49:09,980 [pool-27-thread-1] INFO  server.RaftServerConfigKeys (ConfUtils.java:logGet(43)) - raft.server.log.statemachine.data.caching.enabled = true (custom)
2019-10-16 18:49:09,981 [pool-37-thread-1] INFO  server.RaftServerConfigKeys (ConfUtils.java:logGet(43)) - raft.server.log.statemachine.data.sync = true (default)
2019-10-16 18:49:09,981 [pool-27-thread-1] INFO  segmented.SegmentedRaftLogWorker (SegmentedRaftLogWorker.java:lambda$new$0(128)) - c0368dd1-c4a9-4bcb-a2d2-6d6b66c0e12a@group-ADAA10453DD4-SegmentedRaftLogWorker: flushIndex: setUnconditionally 0 -> -1
2019-10-16 18:49:09,981 [pool-37-thread-1] INFO  server.RaftServerConfigKeys (ConfUtils.java:logGet(43)) - raft.server.log.statemachine.data.sync.timeout = 10s (default)
2019-10-16 18:49:09,981 [pool-27-thread-1] INFO  server.RaftServerConfigKeys (ConfUtils.java:logGet(43)) - raft.server.snapshot.auto.trigger.enabled = true (custom)
2019-10-16 18:49:09,981 [pool-37-thread-1] INFO  server.RaftServerConfigKeys (ConfUtils.java:logGet(43)) - raft.server.log.statemachine.data.sync.timeout.retry = -1 (default)
2019-10-16 18:49:09,981 [pool-27-thread-1] INFO  server.RaftServerConfigKeys (ConfUtils.java:logGet(43)) - raft.server.snapshot.auto.trigger.threshold = 10000 (custom)
2019-10-16 18:49:09,982 [pool-37-thread-1] INFO  server.RaftServerConfigKeys (ConfUtils.java:logGet(43)) - raft.server.log.statemachine.data.caching.enabled = true (custom)
2019-10-16 18:49:09,982 [pool-27-thread-1] INFO  server.RaftServerConfigKeys (ConfUtils.java:logGet(43)) - raft.server.snapshot.retention.file.num = 5 (custom)
2019-10-16 18:49:09,982 [pool-27-thread-1] INFO  server.RaftServerConfigKeys (ConfUtils.java:logGet(43)) - raft.server.retrycache.expirytime = 600000ms (custom)
2019-10-16 18:49:09,982 [pool-37-thread-1] INFO  segmented.SegmentedRaftLogWorker (SegmentedRaftLogWorker.java:lambda$new$0(128)) - 0d5b4e59-aa2f-4fe6-b072-73846da82a05@group-ADAA10453DD4-SegmentedRaftLogWorker: flushIndex: setUnconditionally 0 -> -1
2019-10-16 18:49:09,982 [pool-59-thread-1] INFO  impl.RaftServerImpl (RaftServerImpl.java:start(195)) - 52bfa4dc-bcba-4693-b6e2-7f231a44b6db@group-ADAA10453DD4: start as a follower, conf=-1: [0d5b4e59-aa2f-4fe6-b072-73846da82a05:192.168.157.202:39744, 52bfa4dc-bcba-4693-b6e2-7f231a44b6db:192.168.157.202:43025, c0368dd1-c4a9-4bcb-a2d2-6d6b66c0e12a:192.168.157.202:44847], old=null
2019-10-16 18:49:09,982 [pool-37-thread-1] INFO  server.RaftServerConfigKeys (ConfUtils.java:logGet(43)) - raft.server.snapshot.auto.trigger.enabled = true (custom)
2019-10-16 18:49:09,982 [pool-59-thread-1] INFO  impl.RaftServerImpl (RaftServerImpl.java:setRole(184)) - 52bfa4dc-bcba-4693-b6e2-7f231a44b6db@group-ADAA10453DD4: changes role from      null to FOLLOWER at term 0 for startAsFollower
2019-10-16 18:49:09,982 [pool-37-thread-1] INFO  server.RaftServerConfigKeys (ConfUtils.java:logGet(43)) - raft.server.snapshot.auto.trigger.threshold = 10000 (custom)
2019-10-16 18:49:09,982 [pool-59-thread-1] INFO  impl.RoleInfo (RoleInfo.java:updateAndGet(143)) - 52bfa4dc-bcba-4693-b6e2-7f231a44b6db: start FollowerState
2019-10-16 18:49:09,983 [pool-37-thread-1] INFO  server.RaftServerConfigKeys (ConfUtils.java:logGet(43)) - raft.server.snapshot.retention.file.num = 5 (custom)
2019-10-16 18:49:09,983 [pool-37-thread-1] INFO  server.RaftServerConfigKeys (ConfUtils.java:logGet(43)) - raft.server.retrycache.expirytime = 600000ms (custom)
2019-10-16 18:49:09,983 [pool-59-thread-1] INFO  util.JmxRegister (JmxRegister.java:tryRegister(44)) - Successfully registered JMX Bean with object name Ratis:service=RaftServer,group=group-ADAA10453DD4,id=52bfa4dc-bcba-4693-b6e2-7f231a44b6db
2019-10-16 18:49:09,985 [pool-27-thread-1] INFO  impl.RaftServerImpl (RaftServerImpl.java:start(195)) - c0368dd1-c4a9-4bcb-a2d2-6d6b66c0e12a@group-ADAA10453DD4: start as a follower, conf=-1: [0d5b4e59-aa2f-4fe6-b072-73846da82a05:192.168.157.202:39744, 52bfa4dc-bcba-4693-b6e2-7f231a44b6db:192.168.157.202:43025, c0368dd1-c4a9-4bcb-a2d2-6d6b66c0e12a:192.168.157.202:44847], old=null
2019-10-16 18:49:09,985 [pool-27-thread-1] INFO  impl.RaftServerImpl (RaftServerImpl.java:setRole(184)) - c0368dd1-c4a9-4bcb-a2d2-6d6b66c0e12a@group-ADAA10453DD4: changes role from      null to FOLLOWER at term 0 for startAsFollower
2019-10-16 18:49:09,985 [pool-27-thread-1] INFO  impl.RoleInfo (RoleInfo.java:updateAndGet(143)) - c0368dd1-c4a9-4bcb-a2d2-6d6b66c0e12a: start FollowerState
2019-10-16 18:49:09,985 [pool-27-thread-1] INFO  util.JmxRegister (JmxRegister.java:tryRegister(44)) - Successfully registered JMX Bean with object name Ratis:service=RaftServer,group=group-ADAA10453DD4,id=c0368dd1-c4a9-4bcb-a2d2-6d6b66c0e12a
2019-10-16 18:49:09,987 [pool-37-thread-1] INFO  impl.RaftServerImpl (RaftServerImpl.java:start(195)) - 0d5b4e59-aa2f-4fe6-b072-73846da82a05@group-ADAA10453DD4: start as a follower, conf=-1: [0d5b4e59-aa2f-4fe6-b072-73846da82a05:192.168.157.202:39744, 52bfa4dc-bcba-4693-b6e2-7f231a44b6db:192.168.157.202:43025, c0368dd1-c4a9-4bcb-a2d2-6d6b66c0e12a:192.168.157.202:44847], old=null
2019-10-16 18:49:09,987 [pool-37-thread-1] INFO  impl.RaftServerImpl (RaftServerImpl.java:setRole(184)) - 0d5b4e59-aa2f-4fe6-b072-73846da82a05@group-ADAA10453DD4: changes role from      null to FOLLOWER at term 0 for startAsFollower
2019-10-16 18:49:09,987 [pool-37-thread-1] INFO  impl.RoleInfo (RoleInfo.java:updateAndGet(143)) - 0d5b4e59-aa2f-4fe6-b072-73846da82a05: start FollowerState
2019-10-16 18:49:09,988 [pool-37-thread-1] INFO  util.JmxRegister (JmxRegister.java:tryRegister(44)) - Successfully registered JMX Bean with object name Ratis:service=RaftServer,group=group-ADAA10453DD4,id=0d5b4e59-aa2f-4fe6-b072-73846da82a05
2019-10-16 18:49:09,992 [52bfa4dc-bcba-4693-b6e2-7f231a44b6db@group-753D53B6DDFB-LeaderElection34] INFO  impl.LeaderElection (LeaderElection.java:askForVotes(178)) - 52bfa4dc-bcba-4693-b6e2-7f231a44b6db@group-753D53B6DDFB-LeaderElection34: begin an election at term 38 for 0: [0d5b4e59-aa2f-4fe6-b072-73846da82a05:192.168.157.202:39744, 52bfa4dc-bcba-4693-b6e2-7f231a44b6db:192.168.157.202:43025, c0368dd1-c4a9-4bcb-a2d2-6d6b66c0e12a:192.168.157.202:44847], old=null
2019-10-16 18:49:09,992 [52bfa4dc-bcba-4693-b6e2-7f231a44b6db@group-E8DDD303CD72-LeaderElection33] INFO  impl.LeaderElection (LeaderElection.java:askForVotes(178)) - 52bfa4dc-bcba-4693-b6e2-7f231a44b6db@group-E8DDD303CD72-LeaderElection33: begin an election at term 1 for -1: [52bfa4dc-bcba-4693-b6e2-7f231a44b6db:192.168.157.202:43025], old=null
2019-10-16 18:49:09,992 [52bfa4dc-bcba-4693-b6e2-7f231a44b6db@group-E8DDD303CD72-LeaderElection33] INFO  impl.RoleInfo (RoleInfo.java:shutdownLeaderElection(134)) - 52bfa4dc-bcba-4693-b6e2-7f231a44b6db: shutdown LeaderElection
2019-10-16 18:49:09,992 [52bfa4dc-bcba-4693-b6e2-7f231a44b6db@group-E8DDD303CD72-LeaderElection33] INFO  impl.RaftServerImpl (RaftServerImpl.java:setRole(184)) - 52bfa4dc-bcba-4693-b6e2-7f231a44b6db@group-E8DDD303CD72: changes role from CANDIDATE to LEADER at term 1 for changeToLeader
2019-10-16 18:49:09,992 [52bfa4dc-bcba-4693-b6e2-7f231a44b6db@group-E8DDD303CD72-LeaderElection33] INFO  impl.RaftServerImpl (ServerState.java:setLeader(256)) - 52bfa4dc-bcba-4693-b6e2-7f231a44b6db@group-E8DDD303CD72: change Leader from null to 52bfa4dc-bcba-4693-b6e2-7f231a44b6db at term 1 for becomeLeader, leader elected after 82ms
2019-10-16 18:49:09,993 [52bfa4dc-bcba-4693-b6e2-7f231a44b6db@group-E8DDD303CD72-LeaderElection33] INFO  server.RaftServerConfigKeys (ConfUtils.java:logGet(43)) - raft.server.staging.catchup.gap = 1000 (default)
2019-10-16 18:49:09,995 [52bfa4dc-bcba-4693-b6e2-7f231a44b6db@group-E8DDD303CD72-LeaderElection33] INFO  server.RaftServerConfigKeys (ConfUtils.java:logGet(43)) - raft.server.rpc.sleep.time = 25ms (default)
2019-10-16 18:49:09,995 [52bfa4dc-bcba-4693-b6e2-7f231a44b6db@group-E8DDD303CD72-LeaderElection33] INFO  server.RaftServerConfigKeys (ConfUtils.java:logGet(43)) - raft.server.write.element-limit = 4096 (default)
2019-10-16 18:49:09,996 [52bfa4dc-bcba-4693-b6e2-7f231a44b6db@group-E8DDD303CD72-LeaderElection33] INFO  server.RaftServerConfigKeys (ConfUtils.java:logGet(43)) - raft.server.watch.timeout = 10s (default)
2019-10-16 18:49:09,996 [52bfa4dc-bcba-4693-b6e2-7f231a44b6db@group-E8DDD303CD72-LeaderElection33] INFO  server.RaftServerConfigKeys (ConfUtils.java:logGet(43)) - raft.server.watch.timeout.denomination = 1s (default)
2019-10-16 18:49:09,996 [52bfa4dc-bcba-4693-b6e2-7f231a44b6db@group-E8DDD303CD72-LeaderElection33] INFO  server.RaftServerConfigKeys (ConfUtils.java:logGet(43)) - raft.server.watch.element-limit = 65536 (default)
2019-10-16 18:49:09,997 [grpc-default-executor-6] INFO  impl.RaftServerImpl (RaftServerImpl.java:setRole(184)) - 0d5b4e59-aa2f-4fe6-b072-73846da82a05@group-753D53B6DDFB: changes role from  FOLLOWER to FOLLOWER at term 38 for recognizeCandidate:52bfa4dc-bcba-4693-b6e2-7f231a44b6db
2019-10-16 18:49:09,997 [RatisPipelineUtilsThread] INFO  pipeline.PipelineStateManager (PipelineStateManager.java:addPipeline(56)) - Created pipeline Pipeline[ Id: 2ce424ce-9116-4ee6-b19e-adaa10453dd4, Nodes: 0d5b4e59-aa2f-4fe6-b072-73846da82a05{ip: 192.168.157.202, host: pr-hdds-2283-rsqnh-1472443098, networkLocation: /default-rack, certSerialId: null}52bfa4dc-bcba-4693-b6e2-7f231a44b6db{ip: 192.168.157.202, host: pr-hdds-2283-rsqnh-1472443098, networkLocation: /default-rack, certSerialId: null}c0368dd1-c4a9-4bcb-a2d2-6d6b66c0e12a{ip: 192.168.157.202, host: pr-hdds-2283-rsqnh-1472443098, networkLocation: /default-rack, certSerialId: null}, Type:RATIS, Factor:THREE, State:OPEN]
2019-10-16 18:49:09,997 [grpc-default-executor-4] INFO  impl.RaftServerImpl (RaftServerImpl.java:setRole(184)) - c0368dd1-c4a9-4bcb-a2d2-6d6b66c0e12a@group-753D53B6DDFB: changes role from  FOLLOWER to FOLLOWER at term 38 for recognizeCandidate:52bfa4dc-bcba-4693-b6e2-7f231a44b6db
2019-10-16 18:49:09,997 [grpc-default-executor-6] INFO  impl.RoleInfo (RoleInfo.java:shutdownFollowerState(121)) - 0d5b4e59-aa2f-4fe6-b072-73846da82a05: shutdown FollowerState
2019-10-16 18:49:09,998 [grpc-default-executor-4] INFO  impl.RoleInfo (RoleInfo.java:shutdownFollowerState(121)) - c0368dd1-c4a9-4bcb-a2d2-6d6b66c0e12a: shutdown FollowerState
2019-10-16 18:49:09,998 [Thread-779] INFO  impl.FollowerState (FollowerState.java:run(117)) - 0d5b4e59-aa2f-4fe6-b072-73846da82a05@group-753D53B6DDFB-FollowerState was interrupted: java.lang.InterruptedException: sleep interrupted
2019-10-16 18:49:09,998 [grpc-default-executor-4] INFO  impl.RoleInfo (RoleInfo.java:updateAndGet(143)) - c0368dd1-c4a9-4bcb-a2d2-6d6b66c0e12a: start FollowerState
2019-10-16 18:49:09,998 [grpc-default-executor-6] INFO  impl.RoleInfo (RoleInfo.java:updateAndGet(143)) - 0d5b4e59-aa2f-4fe6-b072-73846da82a05: start FollowerState
2019-10-16 18:49:09,998 [52bfa4dc-bcba-4693-b6e2-7f231a44b6db@group-E8DDD303CD72-LeaderElection33] INFO  impl.RoleInfo (RoleInfo.java:updateAndGet(143)) - 52bfa4dc-bcba-4693-b6e2-7f231a44b6db: start LeaderState
2019-10-16 18:49:09,998 [Thread-780] INFO  impl.FollowerState (FollowerState.java:run(117)) - c0368dd1-c4a9-4bcb-a2d2-6d6b66c0e12a@group-753D53B6DDFB-FollowerState was interrupted: java.lang.InterruptedException: sleep interrupted
2019-10-16 18:49:09,998 [52bfa4dc-bcba-4693-b6e2-7f231a44b6db@group-E8DDD303CD72-LeaderElection33] INFO  segmented.SegmentedRaftLogWorker (SegmentedRaftLogWorker.java:startLogSegment(385)) - 52bfa4dc-bcba-4693-b6e2-7f231a44b6db@group-E8DDD303CD72-SegmentedRaftLogWorker: Starting segment from index:0
2019-10-16 18:49:09,999 [52bfa4dc-bcba-4693-b6e2-7f231a44b6db@group-E8DDD303CD72-LeaderElection33] INFO  impl.RaftServerImpl (ServerState.java:setRaftConf(357)) - 52bfa4dc-bcba-4693-b6e2-7f231a44b6db@group-E8DDD303CD72: set configuration 0: [52bfa4dc-bcba-4693-b6e2-7f231a44b6db:192.168.157.202:43025], old=null at 0
2019-10-16 18:49:10,000 [52bfa4dc-bcba-4693-b6e2-7f231a44b6db@group-753D53B6DDFB-LeaderElection34] INFO  impl.LeaderElection (LeaderElection.java:logAndReturn(56)) - 52bfa4dc-bcba-4693-b6e2-7f231a44b6db@group-753D53B6DDFB-LeaderElection34: Election TIMEOUT; received 0 response(s) [] and 0 exception(s); 52bfa4dc-bcba-4693-b6e2-7f231a44b6db@group-753D53B6DDFB:t38, leader=null, voted=52bfa4dc-bcba-4693-b6e2-7f231a44b6db, raftlog=52bfa4dc-bcba-4693-b6e2-7f231a44b6db@group-753D53B6DDFB-SegmentedRaftLog:OPENED:c3,f4,i4, conf=0: [0d5b4e59-aa2f-4fe6-b072-73846da82a05:192.168.157.202:39744, 52bfa4dc-bcba-4693-b6e2-7f231a44b6db:192.168.157.202:43025, c0368dd1-c4a9-4bcb-a2d2-6d6b66c0e12a:192.168.157.202:44847], old=null
2019-10-16 18:49:10,009 [52bfa4dc-bcba-4693-b6e2-7f231a44b6db@group-753D53B6DDFB-LeaderElection34] INFO  impl.LeaderElection (LeaderElection.java:askForVotes(178)) - 52bfa4dc-bcba-4693-b6e2-7f231a44b6db@group-753D53B6DDFB-LeaderElection34: begin an election at term 39 for 0: [0d5b4e59-aa2f-4fe6-b072-73846da82a05:192.168.157.202:39744, 52bfa4dc-bcba-4693-b6e2-7f231a44b6db:192.168.157.202:43025, c0368dd1-c4a9-4bcb-a2d2-6d6b66c0e12a:192.168.157.202:44847], old=null
2019-10-16 18:49:10,010 [grpc-default-executor-4] INFO  impl.RaftServerImpl (RaftServerImpl.java:setRole(184)) - 0d5b4e59-aa2f-4fe6-b072-73846da82a05@group-753D53B6DDFB: changes role from  FOLLOWER to FOLLOWER at term 39 for recognizeCandidate:52bfa4dc-bcba-4693-b6e2-7f231a44b6db
2019-10-16 18:49:10,010 [grpc-default-executor-4] INFO  impl.RoleInfo (RoleInfo.java:shutdownFollowerState(121)) - 0d5b4e59-aa2f-4fe6-b072-73846da82a05: shutdown FollowerState
2019-10-16 18:49:10,010 [grpc-default-executor-4] INFO  impl.RoleInfo (RoleInfo.java:updateAndGet(143)) - 0d5b4e59-aa2f-4fe6-b072-73846da82a05: start FollowerState
2019-10-16 18:49:10,010 [grpc-default-executor-6] INFO  impl.RaftServerImpl (RaftServerImpl.java:setRole(184)) - c0368dd1-c4a9-4bcb-a2d2-6d6b66c0e12a@group-753D53B6DDFB: changes role from  FOLLOWER to FOLLOWER at term 39 for recognizeCandidate:52bfa4dc-bcba-4693-b6e2-7f231a44b6db
2019-10-16 18:49:10,010 [Thread-800] INFO  impl.FollowerState (FollowerState.java:run(117)) - 0d5b4e59-aa2f-4fe6-b072-73846da82a05@group-753D53B6DDFB-FollowerState was interrupted: java.lang.InterruptedException: sleep interrupted
2019-10-16 18:49:10,011 [grpc-default-executor-6] INFO  impl.RoleInfo (RoleInfo.java:shutdownFollowerState(121)) - c0368dd1-c4a9-4bcb-a2d2-6d6b66c0e12a: shutdown FollowerState
2019-10-16 18:49:10,011 [grpc-default-executor-6] INFO  impl.RoleInfo (RoleInfo.java:updateAndGet(143)) - c0368dd1-c4a9-4bcb-a2d2-6d6b66c0e12a: start FollowerState
2019-10-16 18:49:10,011 [Thread-801] INFO  impl.FollowerState (FollowerState.java:run(117)) - c0368dd1-c4a9-4bcb-a2d2-6d6b66c0e12a@group-753D53B6DDFB-FollowerState was interrupted: java.lang.InterruptedException: sleep interrupted
2019-10-16 18:49:10,023 [pool-7-thread-3] INFO  commands.RetriableDatanodeEventWatcher (RetriableDatanodeEventWatcher.java:onTimeout(47)) - RetriableDatanodeCommand type=deleteBlocksCommand with id=1571251743007 timed out. Retrying.
2019-10-16 18:49:10,023 [SCMBlockDeletingService#1] INFO  block.SCMBlockDeletingService (SCMBlockDeletingService.java:call(184)) - Totally added 1 delete blocks command for 1 datanodes, task elapsed time: 1ms
2019-10-16 18:49:10,023 [pool-7-thread-2] INFO  commands.RetriableDatanodeEventWatcher (RetriableDatanodeEventWatcher.java:onTimeout(47)) - RetriableDatanodeCommand type=deleteBlocksCommand with id=1571251743014 timed out. Retrying.
2019-10-16 18:49:10,023 [pool-7-thread-7] INFO  commands.RetriableDatanodeEventWatcher (RetriableDatanodeEventWatcher.java:onTimeout(47)) - RetriableDatanodeCommand type=deleteBlocksCommand with id=1571251743012 timed out. Retrying.
2019-10-16 18:49:10,023 [pool-7-thread-4] INFO  commands.RetriableDatanodeEventWatcher (RetriableDatanodeEventWatcher.java:onTimeout(47)) - RetriableDatanodeCommand type=deleteBlocksCommand with id=1571251743013 timed out. Retrying.
2019-10-16 18:49:10,024 [pool-7-thread-1] INFO  commands.RetriableDatanodeEventWatcher (RetriableDatanodeEventWatcher.java:onTimeout(47)) - RetriableDatanodeCommand type=deleteBlocksCommand with id=1571251743010 timed out. Retrying.
2019-10-16 18:49:10,024 [pool-7-thread-6] INFO  commands.RetriableDatanodeEventWatcher (RetriableDatanodeEventWatcher.java:onTimeout(47)) - RetriableDatanodeCommand type=deleteBlocksCommand with id=1571251743009 timed out. Retrying.
2019-10-16 18:49:10,024 [pool-7-thread-5] INFO  commands.RetriableDatanodeEventWatcher (RetriableDatanodeEventWatcher.java:onTimeout(47)) - RetriableDatanodeCommand type=deleteBlocksCommand with id=1571251743011 timed out. Retrying.
2019-10-16 18:49:10,032 [Thread-792] INFO  impl.FollowerState (FollowerState.java:run(108)) - c0368dd1-c4a9-4bcb-a2d2-6d6b66c0e12a@group-ADAA10453DD4-FollowerState: change to CANDIDATE, lastRpcTime:47ms, electionTimeout:47ms
2019-10-16 18:49:10,032 [Thread-792] INFO  impl.RoleInfo (RoleInfo.java:shutdownFollowerState(121)) - c0368dd1-c4a9-4bcb-a2d2-6d6b66c0e12a: shutdown FollowerState
2019-10-16 18:49:10,032 [Thread-792] INFO  impl.RaftServerImpl (RaftServerImpl.java:setRole(184)) - c0368dd1-c4a9-4bcb-a2d2-6d6b66c0e12a@group-ADAA10453DD4: changes role from  FOLLOWER to CANDIDATE at term 0 for changeToCandidate
2019-10-16 18:49:10,032 [Thread-792] INFO  impl.RoleInfo (RoleInfo.java:updateAndGet(143)) - c0368dd1-c4a9-4bcb-a2d2-6d6b66c0e12a: start LeaderElection
2019-10-16 18:49:10,046 [52bfa4dc-bcba-4693-b6e2-7f231a44b6db@group-E8DDD303CD72-SegmentedRaftLogWorker] INFO  segmented.SegmentedRaftLogWorker (SegmentedRaftLogWorker.java:execute(576)) - 52bfa4dc-bcba-4693-b6e2-7f231a44b6db@group-E8DDD303CD72-SegmentedRaftLogWorker: created new log segment /workdir/hadoop-ozone/integration-test/target/test-dir/MiniOzoneClusterImpl-4345c778-bde4-42fc-980f-03f2a0663661/datanode-2/data/ratis/e54f8920-db68-445c-a350-e8ddd303cd72/current/log_inprogress_0
2019-10-16 18:49:10,047 [c0368dd1-c4a9-4bcb-a2d2-6d6b66c0e12a@group-ADAA10453DD4-LeaderElection35] INFO  impl.LeaderElection (LeaderElection.java:askForVotes(178)) - c0368dd1-c4a9-4bcb-a2d2-6d6b66c0e12a@group-ADAA10453DD4-LeaderElection35: begin an election at term 1 for -1: [0d5b4e59-aa2f-4fe6-b072-73846da82a05:192.168.157.202:39744, 52bfa4dc-bcba-4693-b6e2-7f231a44b6db:192.168.157.202:43025, c0368dd1-c4a9-4bcb-a2d2-6d6b66c0e12a:192.168.157.202:44847], old=null
2019-10-16 18:49:10,048 [52bfa4dc-bcba-4693-b6e2-7f231a44b6db@group-753D53B6DDFB-LeaderElection34] INFO  impl.LeaderElection (LeaderElection.java:logAndReturn(56)) - 52bfa4dc-bcba-4693-b6e2-7f231a44b6db@group-753D53B6DDFB-LeaderElection34: Election REJECTED; received 2 response(s) [52bfa4dc-bcba-4693-b6e2-7f231a44b6db<-0d5b4e59-aa2f-4fe6-b072-73846da82a05#0:FAIL-t39, 52bfa4dc-bcba-4693-b6e2-7f231a44b6db<-c0368dd1-c4a9-4bcb-a2d2-6d6b66c0e12a#0:FAIL-t39] and 0 exception(s); 52bfa4dc-bcba-4693-b6e2-7f231a44b6db@group-753D53B6DDFB:t39, leader=null, voted=52bfa4dc-bcba-4693-b6e2-7f231a44b6db, raftlog=52bfa4dc-bcba-4693-b6e2-7f231a44b6db@group-753D53B6DDFB-SegmentedRaftLog:OPENED:c3,f4,i4, conf=0: [0d5b4e59-aa2f-4fe6-b072-73846da82a05:192.168.157.202:39744, 52bfa4dc-bcba-4693-b6e2-7f231a44b6db:192.168.157.202:43025, c0368dd1-c4a9-4bcb-a2d2-6d6b66c0e12a:192.168.157.202:44847], old=null
2019-10-16 18:49:10,048 [52bfa4dc-bcba-4693-b6e2-7f231a44b6db@group-753D53B6DDFB-LeaderElection34] INFO  impl.RaftServerImpl (RaftServerImpl.java:setRole(184)) - 52bfa4dc-bcba-4693-b6e2-7f231a44b6db@group-753D53B6DDFB: changes role from CANDIDATE to FOLLOWER at term 39 for DISCOVERED_A_NEW_TERM
2019-10-16 18:49:10,049 [52bfa4dc-bcba-4693-b6e2-7f231a44b6db@group-753D53B6DDFB-LeaderElection34] INFO  impl.RoleInfo (RoleInfo.java:shutdownLeaderElection(134)) - 52bfa4dc-bcba-4693-b6e2-7f231a44b6db: shutdown LeaderElection
2019-10-16 18:49:10,049 [52bfa4dc-bcba-4693-b6e2-7f231a44b6db@group-753D53B6DDFB-LeaderElection34] INFO  impl.RoleInfo (RoleInfo.java:updateAndGet(143)) - 52bfa4dc-bcba-4693-b6e2-7f231a44b6db: start FollowerState
2019-10-16 18:49:10,051 [grpc-default-executor-6] INFO  impl.RaftServerImpl (RaftServerImpl.java:setRole(184)) - 0d5b4e59-aa2f-4fe6-b072-73846da82a05@group-ADAA10453DD4: changes role from  FOLLOWER to FOLLOWER at term 1 for recognizeCandidate:c0368dd1-c4a9-4bcb-a2d2-6d6b66c0e12a
2019-10-16 18:49:10,051 [grpc-default-executor-4] INFO  impl.RaftServerImpl (RaftServerImpl.java:setRole(184)) - 52bfa4dc-bcba-4693-b6e2-7f231a44b6db@group-ADAA10453DD4: changes role from  FOLLOWER to FOLLOWER at term 1 for recognizeCandidate:c0368dd1-c4a9-4bcb-a2d2-6d6b66c0e12a
2019-10-16 18:49:10,051 [grpc-default-executor-6] INFO  impl.RoleInfo (RoleInfo.java:shutdownFollowerState(121)) - 0d5b4e59-aa2f-4fe6-b072-73846da82a05: shutdown FollowerState
2019-10-16 18:49:10,051 [grpc-default-executor-4] INFO  impl.RoleInfo (RoleInfo.java:shutdownFollowerState(121)) - 52bfa4dc-bcba-4693-b6e2-7f231a44b6db: shutdown FollowerState
2019-10-16 18:49:10,051 [Thread-794] INFO  impl.FollowerState (FollowerState.java:run(117)) - 0d5b4e59-aa2f-4fe6-b072-73846da82a05@group-ADAA10453DD4-FollowerState was interrupted: java.lang.InterruptedException: sleep interrupted
2019-10-16 18:49:10,052 [Thread-790] INFO  impl.FollowerState (FollowerState.java:run(117)) - 52bfa4dc-bcba-4693-b6e2-7f231a44b6db@group-ADAA10453DD4-FollowerState was interrupted: java.lang.InterruptedException: sleep interrupted
2019-10-16 18:49:10,051 [grpc-default-executor-6] INFO  impl.RoleInfo (RoleInfo.java:updateAndGet(143)) - 0d5b4e59-aa2f-4fe6-b072-73846da82a05: start FollowerState
2019-10-16 18:49:10,052 [grpc-default-executor-4] INFO  impl.RoleInfo (RoleInfo.java:updateAndGet(143)) - 52bfa4dc-bcba-4693-b6e2-7f231a44b6db: start FollowerState
2019-10-16 18:49:10,064 [Thread-813] INFO  client.GrpcClientProtocolService (GrpcClientProtocolService.java:lambda$processClientRequest$0(278)) - Failed RaftClientRequest:client-F1A042848956->c0368dd1-c4a9-4bcb-a2d2-6d6b66c0e12a@group-753D53B6DDFB, cid=10, seq=0, Watch-ALL_COMMITTED(6), Message:<EMPTY>, reply=RaftClientReply:client-F1A042848956->c0368dd1-c4a9-4bcb-a2d2-6d6b66c0e12a@group-753D53B6DDFB, cid=10, FAILED org.apache.ratis.protocol.NotLeaderException: Server c0368dd1-c4a9-4bcb-a2d2-6d6b66c0e12a@group-753D53B6DDFB is not the leader, logIndex=0, commits[c0368dd1-c4a9-4bcb-a2d2-6d6b66c0e12a:c10, 0d5b4e59-aa2f-4fe6-b072-73846da82a05:c10, 52bfa4dc-bcba-4693-b6e2-7f231a44b6db:c4]
2019-10-16 18:49:10,083 [c0368dd1-c4a9-4bcb-a2d2-6d6b66c0e12a@group-ADAA10453DD4-LeaderElection35] INFO  impl.LeaderElection (LeaderElection.java:logAndReturn(56)) - c0368dd1-c4a9-4bcb-a2d2-6d6b66c0e12a@group-ADAA10453DD4-LeaderElection35: Election PASSED; received 1 response(s) [c0368dd1-c4a9-4bcb-a2d2-6d6b66c0e12a<-52bfa4dc-bcba-4693-b6e2-7f231a44b6db#0:OK-t1] and 0 exception(s); c0368dd1-c4a9-4bcb-a2d2-6d6b66c0e12a@group-ADAA10453DD4:t1, leader=null, voted=c0368dd1-c4a9-4bcb-a2d2-6d6b66c0e12a, raftlog=c0368dd1-c4a9-4bcb-a2d2-6d6b66c0e12a@group-ADAA10453DD4-SegmentedRaftLog:OPENED:c-1,f-1,i0, conf=-1: [0d5b4e59-aa2f-4fe6-b072-73846da82a05:192.168.157.202:39744, 52bfa4dc-bcba-4693-b6e2-7f231a44b6db:192.168.157.202:43025, c0368dd1-c4a9-4bcb-a2d2-6d6b66c0e12a:192.168.157.202:44847], old=null
2019-10-16 18:49:10,083 [c0368dd1-c4a9-4bcb-a2d2-6d6b66c0e12a@group-ADAA10453DD4-LeaderElection35] INFO  impl.RoleInfo (RoleInfo.java:shutdownLeaderElection(134)) - c0368dd1-c4a9-4bcb-a2d2-6d6b66c0e12a: shutdown LeaderElection
2019-10-16 18:49:10,083 [c0368dd1-c4a9-4bcb-a2d2-6d6b66c0e12a@group-ADAA10453DD4-LeaderElection35] INFO  impl.RaftServerImpl (RaftServerImpl.java:setRole(184)) - c0368dd1-c4a9-4bcb-a2d2-6d6b66c0e12a@group-ADAA10453DD4: changes role from CANDIDATE to LEADER at term 1 for changeToLeader
2019-10-16 18:49:10,084 [c0368dd1-c4a9-4bcb-a2d2-6d6b66c0e12a@group-ADAA10453DD4-LeaderElection35] INFO  impl.RaftServerImpl (ServerState.java:setLeader(256)) - c0368dd1-c4a9-4bcb-a2d2-6d6b66c0e12a@group-ADAA10453DD4: change Leader from null to c0368dd1-c4a9-4bcb-a2d2-6d6b66c0e12a at term 1 for becomeLeader, leader elected after 110ms
2019-10-16 18:49:10,084 [c0368dd1-c4a9-4bcb-a2d2-6d6b66c0e12a@group-ADAA10453DD4-LeaderElection35] INFO  server.RaftServerConfigKeys (ConfUtils.java:logGet(43)) - raft.server.staging.catchup.gap = 1000 (default)
2019-10-16 18:49:10,084 [c0368dd1-c4a9-4bcb-a2d2-6d6b66c0e12a@group-ADAA10453DD4-LeaderElection35] INFO  server.RaftServerConfigKeys (ConfUtils.java:logGet(43)) - raft.server.rpc.sleep.time = 25ms (default)
2019-10-16 18:49:10,084 [c0368dd1-c4a9-4bcb-a2d2-6d6b66c0e12a@group-ADAA10453DD4-LeaderElection35] INFO  server.RaftServerConfigKeys (ConfUtils.java:logGet(43)) - raft.server.write.element-limit = 4096 (default)
2019-10-16 18:49:10,084 [c0368dd1-c4a9-4bcb-a2d2-6d6b66c0e12a@group-ADAA10453DD4-LeaderElection35] INFO  server.RaftServerConfigKeys (ConfUtils.java:logGet(43)) - raft.server.watch.timeout = 10s (default)
2019-10-16 18:49:10,084 [c0368dd1-c4a9-4bcb-a2d2-6d6b66c0e12a@group-ADAA10453DD4-LeaderElection35] INFO  server.RaftServerConfigKeys (ConfUtils.java:logGet(43)) - raft.server.watch.timeout.denomination = 1s (default)
2019-10-16 18:49:10,084 [c0368dd1-c4a9-4bcb-a2d2-6d6b66c0e12a@group-ADAA10453DD4-LeaderElection35] INFO  server.RaftServerConfigKeys (ConfUtils.java:logGet(43)) - raft.server.watch.element-limit = 65536 (default)
2019-10-16 18:49:10,086 [c0368dd1-c4a9-4bcb-a2d2-6d6b66c0e12a@group-ADAA10453DD4-LeaderElection35] INFO  server.RaftServerConfigKeys (ConfUtils.java:logGet(43)) - raft.server.log.appender.snapshot.chunk.size.max = 16MB (=16777216) (default)
2019-10-16 18:49:10,087 [c0368dd1-c4a9-4bcb-a2d2-6d6b66c0e12a@group-ADAA10453DD4-LeaderElection35] INFO  server.RaftServerConfigKeys (ConfUtils.java:logGet(43)) - raft.server.log.appender.buffer.byte-limit = 33554432 (custom)
2019-10-16 18:49:10,087 [c0368dd1-c4a9-4bcb-a2d2-6d6b66c0e12a@group-ADAA10453DD4-LeaderElection35] INFO  server.RaftServerConfigKeys (ConfUtils.java:logGet(43)) - raft.server.log.appender.buffer.element-limit = 1 (custom)
2019-10-16 18:49:10,087 [c0368dd1-c4a9-4bcb-a2d2-6d6b66c0e12a@group-ADAA10453DD4-LeaderElection35] INFO  grpc.GrpcConfigKeys$Server (ConfUtils.java:logGet(43)) - raft.grpc.server.leader.outstanding.appends.max = 128 (default)
2019-10-16 18:49:10,087 [c0368dd1-c4a9-4bcb-a2d2-6d6b66c0e12a@group-ADAA10453DD4-LeaderElection35] INFO  server.RaftServerConfigKeys (ConfUtils.java:logGet(43)) - raft.server.rpc.request.timeout = 3000ms (default)
2019-10-16 18:49:10,087 [c0368dd1-c4a9-4bcb-a2d2-6d6b66c0e12a@group-ADAA10453DD4-LeaderElection35] INFO  server.RaftServerConfigKeys (ConfUtils.java:logGet(43)) - raft.server.log.appender.install.snapshot.enabled = false (custom)
2019-10-16 18:49:10,089 [c0368dd1-c4a9-4bcb-a2d2-6d6b66c0e12a@group-ADAA10453DD4-LeaderElection35] INFO  server.RaftServerConfigKeys (ConfUtils.java:logGet(43)) - raft.server.log.appender.snapshot.chunk.size.max = 16MB (=16777216) (default)
2019-10-16 18:49:10,089 [c0368dd1-c4a9-4bcb-a2d2-6d6b66c0e12a@group-ADAA10453DD4-LeaderElection35] INFO  server.RaftServerConfigKeys (ConfUtils.java:logGet(43)) - raft.server.log.appender.buffer.byte-limit = 33554432 (custom)
2019-10-16 18:49:10,089 [c0368dd1-c4a9-4bcb-a2d2-6d6b66c0e12a@group-ADAA10453DD4-LeaderElection35] INFO  server.RaftServerConfigKeys (ConfUtils.java:logGet(43)) - raft.server.log.appender.buffer.element-limit = 1 (custom)
2019-10-16 18:49:10,089 [c0368dd1-c4a9-4bcb-a2d2-6d6b66c0e12a@group-ADAA10453DD4-LeaderElection35] INFO  grpc.GrpcConfigKeys$Server (ConfUtils.java:logGet(43)) - raft.grpc.server.leader.outstanding.appends.max = 128 (default)
2019-10-16 18:49:10,090 [c0368dd1-c4a9-4bcb-a2d2-6d6b66c0e12a@group-ADAA10453DD4-LeaderElection35] INFO  server.RaftServerConfigKeys (ConfUtils.java:logGet(43)) - raft.server.rpc.request.timeout = 3000ms (default)
2019-10-16 18:49:10,090 [c0368dd1-c4a9-4bcb-a2d2-6d6b66c0e12a@group-ADAA10453DD4-LeaderElection35] INFO  server.RaftServerConfigKeys (ConfUtils.java:logGet(43)) - raft.server.log.appender.install.snapshot.enabled = false (custom)
2019-10-16 18:49:10,092 [c0368dd1-c4a9-4bcb-a2d2-6d6b66c0e12a@group-ADAA10453DD4-LeaderElection35] INFO  impl.RoleInfo (RoleInfo.java:updateAndGet(143)) - c0368dd1-c4a9-4bcb-a2d2-6d6b66c0e12a: start LeaderState
2019-10-16 18:49:10,092 [c0368dd1-c4a9-4bcb-a2d2-6d6b66c0e12a@group-ADAA10453DD4-LeaderElection35] INFO  segmented.SegmentedRaftLogWorker (SegmentedRaftLogWorker.java:startLogSegment(385)) - c0368dd1-c4a9-4bcb-a2d2-6d6b66c0e12a@group-ADAA10453DD4-SegmentedRaftLogWorker: Starting segment from index:0
2019-10-16 18:49:10,092 [c0368dd1-c4a9-4bcb-a2d2-6d6b66c0e12a@group-ADAA10453DD4-LeaderElection35] INFO  impl.RaftServerImpl (ServerState.java:setRaftConf(357)) - c0368dd1-c4a9-4bcb-a2d2-6d6b66c0e12a@group-ADAA10453DD4: set configuration 0: [0d5b4e59-aa2f-4fe6-b072-73846da82a05:192.168.157.202:39744, 52bfa4dc-bcba-4693-b6e2-7f231a44b6db:192.168.157.202:43025, c0368dd1-c4a9-4bcb-a2d2-6d6b66c0e12a:192.168.157.202:44847], old=null at 0
2019-10-16 18:49:10,094 [grpc-default-executor-6] INFO  impl.RaftServerImpl (ServerState.java:setLeader(256)) - 52bfa4dc-bcba-4693-b6e2-7f231a44b6db@group-ADAA10453DD4: change Leader from null to c0368dd1-c4a9-4bcb-a2d2-6d6b66c0e12a at term 1 for appendEntries, leader elected after 121ms
2019-10-16 18:49:10,095 [grpc-default-executor-4] INFO  impl.RaftServerImpl (ServerState.java:setLeader(256)) - 0d5b4e59-aa2f-4fe6-b072-73846da82a05@group-ADAA10453DD4: change Leader from null to c0368dd1-c4a9-4bcb-a2d2-6d6b66c0e12a at term 1 for appendEntries, leader elected after 121ms
2019-10-16 18:49:10,097 [grpc-default-executor-4] INFO  impl.RaftServerImpl (ServerState.java:setRaftConf(357)) - 52bfa4dc-bcba-4693-b6e2-7f231a44b6db@group-ADAA10453DD4: set configuration 0: [0d5b4e59-aa2f-4fe6-b072-73846da82a05:192.168.157.202:39744, 52bfa4dc-bcba-4693-b6e2-7f231a44b6db:192.168.157.202:43025, c0368dd1-c4a9-4bcb-a2d2-6d6b66c0e12a:192.168.157.202:44847], old=null at 0
2019-10-16 18:49:10,097 [grpc-default-executor-6] INFO  impl.RaftServerImpl (ServerState.java:setRaftConf(357)) - 0d5b4e59-aa2f-4fe6-b072-73846da82a05@group-ADAA10453DD4: set configuration 0: [0d5b4e59-aa2f-4fe6-b072-73846da82a05:192.168.157.202:39744, 52bfa4dc-bcba-4693-b6e2-7f231a44b6db:192.168.157.202:43025, c0368dd1-c4a9-4bcb-a2d2-6d6b66c0e12a:192.168.157.202:44847], old=null at 0
2019-10-16 18:49:10,097 [grpc-default-executor-4] INFO  segmented.SegmentedRaftLogWorker (SegmentedRaftLogWorker.java:startLogSegment(385)) - 52bfa4dc-bcba-4693-b6e2-7f231a44b6db@group-ADAA10453DD4-SegmentedRaftLogWorker: Starting segment from index:0
2019-10-16 18:49:10,098 [grpc-default-executor-6] INFO  segmented.SegmentedRaftLogWorker (SegmentedRaftLogWorker.java:startLogSegment(385)) - 0d5b4e59-aa2f-4fe6-b072-73846da82a05@group-ADAA10453DD4-SegmentedRaftLogWorker: Starting segment from index:0
2019-10-16 18:49:10,137 [0d5b4e59-aa2f-4fe6-b072-73846da82a05@group-ADAA10453DD4-SegmentedRaftLogWorker] INFO  segmented.SegmentedRaftLogWorker (SegmentedRaftLogWorker.java:execute(576)) - 0d5b4e59-aa2f-4fe6-b072-73846da82a05@group-ADAA10453DD4-SegmentedRaftLogWorker: created new log segment /workdir/hadoop-ozone/integration-test/target/test-dir/MiniOzoneClusterImpl-4345c778-bde4-42fc-980f-03f2a0663661/datanode-1/data/ratis/2ce424ce-9116-4ee6-b19e-adaa10453dd4/current/log_inprogress_0
2019-10-16 18:49:10,137 [c0368dd1-c4a9-4bcb-a2d2-6d6b66c0e12a@group-ADAA10453DD4-SegmentedRaftLogWorker] INFO  segmented.SegmentedRaftLogWorker (SegmentedRaftLogWorker.java:execute(576)) - c0368dd1-c4a9-4bcb-a2d2-6d6b66c0e12a@group-ADAA10453DD4-SegmentedRaftLogWorker: created new log segment /workdir/hadoop-ozone/integration-test/target/test-dir/MiniOzoneClusterImpl-4345c778-bde4-42fc-980f-03f2a0663661/datanode-0/data/ratis/2ce424ce-9116-4ee6-b19e-adaa10453dd4/current/log_inprogress_0
2019-10-16 18:49:10,137 [52bfa4dc-bcba-4693-b6e2-7f231a44b6db@group-ADAA10453DD4-SegmentedRaftLogWorker] INFO  segmented.SegmentedRaftLogWorker (SegmentedRaftLogWorker.java:execute(576)) - 52bfa4dc-bcba-4693-b6e2-7f231a44b6db@group-ADAA10453DD4-SegmentedRaftLogWorker: created new log segment /workdir/hadoop-ozone/integration-test/target/test-dir/MiniOzoneClusterImpl-4345c778-bde4-42fc-980f-03f2a0663661/datanode-2/data/ratis/2ce424ce-9116-4ee6-b19e-adaa10453dd4/current/log_inprogress_0
2019-10-16 18:49:10,179 [EventQueue-PendingDeleteStatusForPendingDeleteHandler] INFO  block.SCMBlockDeletingService (SCMBlockDeletingService.java:handlePendingDeletes(115)) - Block deletion txnID mismatch in datanode 52bfa4dc-bcba-4693-b6e2-7f231a44b6db for containerID 1. Datanode delete txnID: 0, SCM txnID: 1
2019-10-16 18:49:10,181 [Thread-809] INFO  impl.FollowerState (FollowerState.java:run(108)) - 52bfa4dc-bcba-4693-b6e2-7f231a44b6db@group-753D53B6DDFB-FollowerState: change to CANDIDATE, lastRpcTime:132ms, electionTimeout:132ms
2019-10-16 18:49:10,181 [Thread-809] INFO  impl.RoleInfo (RoleInfo.java:shutdownFollowerState(121)) - 52bfa4dc-bcba-4693-b6e2-7f231a44b6db: shutdown FollowerState
2019-10-16 18:49:10,181 [Thread-809] INFO  impl.RaftServerImpl (RaftServerImpl.java:setRole(184)) - 52bfa4dc-bcba-4693-b6e2-7f231a44b6db@group-753D53B6DDFB: changes role from  FOLLOWER to CANDIDATE at term 39 for changeToCandidate
2019-10-16 18:49:10,181 [Thread-809] INFO  impl.RoleInfo (RoleInfo.java:updateAndGet(143)) - 52bfa4dc-bcba-4693-b6e2-7f231a44b6db: start LeaderElection
2019-10-16 18:49:10,187 [52bfa4dc-bcba-4693-b6e2-7f231a44b6db@group-753D53B6DDFB-LeaderElection36] INFO  impl.LeaderElection (LeaderElection.java:askForVotes(178)) - 52bfa4dc-bcba-4693-b6e2-7f231a44b6db@group-753D53B6DDFB-LeaderElection36: begin an election at term 40 for 0: [0d5b4e59-aa2f-4fe6-b072-73846da82a05:192.168.157.202:39744, 52bfa4dc-bcba-4693-b6e2-7f231a44b6db:192.168.157.202:43025, c0368dd1-c4a9-4bcb-a2d2-6d6b66c0e12a:192.168.157.202:44847], old=null
2019-10-16 18:49:10,190 [grpc-default-executor-4] INFO  impl.RaftServerImpl (RaftServerImpl.java:setRole(184)) - 0d5b4e59-aa2f-4fe6-b072-73846da82a05@group-753D53B6DDFB: changes role from  FOLLOWER to FOLLOWER at term 40 for recognizeCandidate:52bfa4dc-bcba-4693-b6e2-7f231a44b6db
2019-10-16 18:49:10,190 [grpc-default-executor-6] INFO  impl.RaftServerImpl (RaftServerImpl.java:setRole(184)) - c0368dd1-c4a9-4bcb-a2d2-6d6b66c0e12a@group-753D53B6DDFB: changes role from  FOLLOWER to FOLLOWER at term 40 for recognizeCandidate:52bfa4dc-bcba-4693-b6e2-7f231a44b6db
2019-10-16 18:49:10,190 [grpc-default-executor-4] INFO  impl.RoleInfo (RoleInfo.java:shutdownFollowerState(121)) - 0d5b4e59-aa2f-4fe6-b072-73846da82a05: shutdown FollowerState
2019-10-16 18:49:10,190 [grpc-default-executor-6] INFO  impl.RoleInfo (RoleInfo.java:shutdownFollowerState(121)) - c0368dd1-c4a9-4bcb-a2d2-6d6b66c0e12a: shutdown FollowerState
2019-10-16 18:49:10,190 [Thread-804] INFO  impl.FollowerState (FollowerState.java:run(117)) - 0d5b4e59-aa2f-4fe6-b072-73846da82a05@group-753D53B6DDFB-FollowerState was interrupted: java.lang.InterruptedException: sleep interrupted
2019-10-16 18:49:10,190 [grpc-default-executor-4] INFO  impl.RoleInfo (RoleInfo.java:updateAndGet(143)) - 0d5b4e59-aa2f-4fe6-b072-73846da82a05: start FollowerState
2019-10-16 18:49:10,190 [Thread-805] INFO  impl.FollowerState (FollowerState.java:run(117)) - c0368dd1-c4a9-4bcb-a2d2-6d6b66c0e12a@group-753D53B6DDFB-FollowerState was interrupted: java.lang.InterruptedException: sleep interrupted
2019-10-16 18:49:10,190 [grpc-default-executor-6] INFO  impl.RoleInfo (RoleInfo.java:updateAndGet(143)) - c0368dd1-c4a9-4bcb-a2d2-6d6b66c0e12a: start FollowerState
2019-10-16 18:49:10,198 [52bfa4dc-bcba-4693-b6e2-7f231a44b6db@group-753D53B6DDFB-LeaderElection36] INFO  impl.LeaderElection (LeaderElection.java:logAndReturn(56)) - 52bfa4dc-bcba-4693-b6e2-7f231a44b6db@group-753D53B6DDFB-LeaderElection36: Election REJECTED; received 2 response(s) [52bfa4dc-bcba-4693-b6e2-7f231a44b6db<-0d5b4e59-aa2f-4fe6-b072-73846da82a05#0:FAIL-t40, 52bfa4dc-bcba-4693-b6e2-7f231a44b6db<-c0368dd1-c4a9-4bcb-a2d2-6d6b66c0e12a#0:FAIL-t40] and 0 exception(s); 52bfa4dc-bcba-4693-b6e2-7f231a44b6db@group-753D53B6DDFB:t40, leader=null, voted=52bfa4dc-bcba-4693-b6e2-7f231a44b6db, raftlog=52bfa4dc-bcba-4693-b6e2-7f231a44b6db@group-753D53B6DDFB-SegmentedRaftLog:OPENED:c3,f4,i4, conf=0: [0d5b4e59-aa2f-4fe6-b072-73846da82a05:192.168.157.202:39744, 52bfa4dc-bcba-4693-b6e2-7f231a44b6db:192.168.157.202:43025, c0368dd1-c4a9-4bcb-a2d2-6d6b66c0e12a:192.168.157.202:44847], old=null
2019-10-16 18:49:10,198 [52bfa4dc-bcba-4693-b6e2-7f231a44b6db@group-753D53B6DDFB-LeaderElection36] INFO  impl.RaftServerImpl (RaftServerImpl.java:setRole(184)) - 52bfa4dc-bcba-4693-b6e2-7f231a44b6db@group-753D53B6DDFB: changes role from CANDIDATE to FOLLOWER at term 40 for DISCOVERED_A_NEW_TERM
2019-10-16 18:49:10,198 [52bfa4dc-bcba-4693-b6e2-7f231a44b6db@group-753D53B6DDFB-LeaderElection36] INFO  impl.RoleInfo (RoleInfo.java:shutdownLeaderElection(134)) - 52bfa4dc-bcba-4693-b6e2-7f231a44b6db: shutdown LeaderElection
2019-10-16 18:49:10,198 [52bfa4dc-bcba-4693-b6e2-7f231a44b6db@group-753D53B6DDFB-LeaderElection36] INFO  impl.RoleInfo (RoleInfo.java:updateAndGet(143)) - 52bfa4dc-bcba-4693-b6e2-7f231a44b6db: start FollowerState
2019-10-16 18:49:10,204 [Thread-829] INFO  impl.FollowerState (FollowerState.java:run(108)) - 52bfa4dc-bcba-4693-b6e2-7f231a44b6db@group-753D53B6DDFB-FollowerState: change to CANDIDATE, lastRpcTime:5ms, electionTimeout:5ms
2019-10-16 18:49:10,204 [Thread-829] INFO  impl.RoleInfo (RoleInfo.java:shutdownFollowerState(121)) - 52bfa4dc-bcba-4693-b6e2-7f231a44b6db: shutdown FollowerState
2019-10-16 18:49:10,204 [Thread-829] INFO  impl.RaftServerImpl (RaftServerImpl.java:setRole(184)) - 52bfa4dc-bcba-4693-b6e2-7f231a44b6db@group-753D53B6DDFB: changes role from  FOLLOWER to CANDIDATE at term 40 for changeToCandidate
2019-10-16 18:49:10,204 [Thread-829] INFO  impl.RoleInfo (RoleInfo.java:updateAndGet(143)) - 52bfa4dc-bcba-4693-b6e2-7f231a44b6db: start LeaderElection
2019-10-16 18:49:10,226 [52bfa4dc-bcba-4693-b6e2-7f231a44b6db@group-753D53B6DDFB-LeaderElection37] INFO  impl.LeaderElection (LeaderElection.java:askForVotes(178)) - 52bfa4dc-bcba-4693-b6e2-7f231a44b6db@group-753D53B6DDFB-LeaderElection37: begin an election at term 41 for 0: [0d5b4e59-aa2f-4fe6-b072-73846da82a05:192.168.157.202:39744, 52bfa4dc-bcba-4693-b6e2-7f231a44b6db:192.168.157.202:43025, c0368dd1-c4a9-4bcb-a2d2-6d6b66c0e12a:192.168.157.202:44847], old=null
2019-10-16 18:49:10,228 [grpc-default-executor-4] INFO  impl.RaftServerImpl (RaftServerImpl.java:setRole(184)) - 0d5b4e59-aa2f-4fe6-b072-73846da82a05@group-753D53B6DDFB: changes role from  FOLLOWER to FOLLOWER at term 41 for recognizeCandidate:52bfa4dc-bcba-4693-b6e2-7f231a44b6db
2019-10-16 18:49:10,229 [grpc-default-executor-4] INFO  impl.RoleInfo (RoleInfo.java:shutdownFollowerState(121)) - 0d5b4e59-aa2f-4fe6-b072-73846da82a05: shutdown FollowerState
2019-10-16 18:49:10,229 [grpc-default-executor-6] INFO  impl.RaftServerImpl (RaftServerImpl.java:setRole(184)) - c0368dd1-c4a9-4bcb-a2d2-6d6b66c0e12a@group-753D53B6DDFB: changes role from  FOLLOWER to FOLLOWER at term 41 for recognizeCandidate:52bfa4dc-bcba-4693-b6e2-7f231a44b6db
2019-10-16 18:49:10,229 [grpc-default-executor-4] INFO  impl.RoleInfo (RoleInfo.java:updateAndGet(143)) - 0d5b4e59-aa2f-4fe6-b072-73846da82a05: start FollowerState
2019-10-16 18:49:10,229 [Thread-827] INFO  impl.FollowerState (FollowerState.java:run(117)) - 0d5b4e59-aa2f-4fe6-b072-73846da82a05@group-753D53B6DDFB-FollowerState was interrupted: java.lang.InterruptedException: sleep interrupted
2019-10-16 18:49:10,229 [grpc-default-executor-6] INFO  impl.RoleInfo (RoleInfo.java:shutdownFollowerState(121)) - c0368dd1-c4a9-4bcb-a2d2-6d6b66c0e12a: shutdown FollowerState
2019-10-16 18:49:10,229 [Thread-828] INFO  impl.FollowerState (FollowerState.java:run(117)) - c0368dd1-c4a9-4bcb-a2d2-6d6b66c0e12a@group-753D53B6DDFB-FollowerState was interrupted: java.lang.InterruptedException: sleep interrupted
2019-10-16 18:49:10,229 [grpc-default-executor-6] INFO  impl.RoleInfo (RoleInfo.java:updateAndGet(143)) - c0368dd1-c4a9-4bcb-a2d2-6d6b66c0e12a: start FollowerState
2019-10-16 18:49:10,260 [52bfa4dc-bcba-4693-b6e2-7f231a44b6db@group-753D53B6DDFB-LeaderElection37] INFO  impl.LeaderElection (LeaderElection.java:logAndReturn(56)) - 52bfa4dc-bcba-4693-b6e2-7f231a44b6db@group-753D53B6DDFB-LeaderElection37: Election REJECTED; received 2 response(s) [52bfa4dc-bcba-4693-b6e2-7f231a44b6db<-0d5b4e59-aa2f-4fe6-b072-73846da82a05#0:FAIL-t41, 52bfa4dc-bcba-4693-b6e2-7f231a44b6db<-c0368dd1-c4a9-4bcb-a2d2-6d6b66c0e12a#0:FAIL-t41] and 0 exception(s); 52bfa4dc-bcba-4693-b6e2-7f231a44b6db@group-753D53B6DDFB:t41, leader=null, voted=52bfa4dc-bcba-4693-b6e2-7f231a44b6db, raftlog=52bfa4dc-bcba-4693-b6e2-7f231a44b6db@group-753D53B6DDFB-SegmentedRaftLog:OPENED:c3,f4,i4, conf=0: [0d5b4e59-aa2f-4fe6-b072-73846da82a05:192.168.157.202:39744, 52bfa4dc-bcba-4693-b6e2-7f231a44b6db:192.168.157.202:43025, c0368dd1-c4a9-4bcb-a2d2-6d6b66c0e12a:192.168.157.202:44847], old=null
2019-10-16 18:49:10,260 [52bfa4dc-bcba-4693-b6e2-7f231a44b6db@group-753D53B6DDFB-LeaderElection37] INFO  impl.RaftServerImpl (RaftServerImpl.java:setRole(184)) - 52bfa4dc-bcba-4693-b6e2-7f231a44b6db@group-753D53B6DDFB: changes role from CANDIDATE to FOLLOWER at term 41 for DISCOVERED_A_NEW_TERM
2019-10-16 18:49:10,260 [52bfa4dc-bcba-4693-b6e2-7f231a44b6db@group-753D53B6DDFB-LeaderElection37] INFO  impl.RoleInfo (RoleInfo.java:shutdownLeaderElection(134)) - 52bfa4dc-bcba-4693-b6e2-7f231a44b6db: shutdown LeaderElection
2019-10-16 18:49:10,260 [52bfa4dc-bcba-4693-b6e2-7f231a44b6db@group-753D53B6DDFB-LeaderElection37] INFO  impl.RoleInfo (RoleInfo.java:updateAndGet(143)) - 52bfa4dc-bcba-4693-b6e2-7f231a44b6db: start FollowerState
2019-10-16 18:49:10,290 [BlockDeletingService#2] WARN  background.BlockDeletingService (BlockDeletingService.java:isDeletionAllowed(187)) - Close Container log Index 6 is not replicated across allthe servers in the pipeline 7043c0de-230d-480f-89cc-753d53b6ddfb as the min replicated index is 4. Deletion is not allowed in this container yet.
2019-10-16 18:49:10,290 [BlockDeletingService#2] WARN  background.BlockDeletingService (BlockDeletingService.java:isDeletionAllowed(187)) - Close Container log Index 6 is not replicated across allthe servers in the pipeline 7043c0de-230d-480f-89cc-753d53b6ddfb as the min replicated index is 4. Deletion is not allowed in this container yet.
2019-10-16 18:49:10,307 [Thread-835] INFO  impl.FollowerState (FollowerState.java:run(108)) - 52bfa4dc-bcba-4693-b6e2-7f231a44b6db@group-753D53B6DDFB-FollowerState: change to CANDIDATE, lastRpcTime:46ms, electionTimeout:46ms
2019-10-16 18:49:10,307 [Thread-835] INFO  impl.RoleInfo (RoleInfo.java:shutdownFollowerState(121)) - 52bfa4dc-bcba-4693-b6e2-7f231a44b6db: shutdown FollowerState
2019-10-16 18:49:10,307 [Thread-835] INFO  impl.RaftServerImpl (RaftServerImpl.java:setRole(184)) - 52bfa4dc-bcba-4693-b6e2-7f231a44b6db@group-753D53B6DDFB: changes role from  FOLLOWER to CANDIDATE at term 41 for changeToCandidate
2019-10-16 18:49:10,307 [Thread-835] INFO  impl.RoleInfo (RoleInfo.java:updateAndGet(143)) - 52bfa4dc-bcba-4693-b6e2-7f231a44b6db: start LeaderElection
2019-10-16 18:49:10,334 [52bfa4dc-bcba-4693-b6e2-7f231a44b6db@group-753D53B6DDFB-LeaderElection38] INFO  impl.LeaderElection (LeaderElection.java:askForVotes(178)) - 52bfa4dc-bcba-4693-b6e2-7f231a44b6db@group-753D53B6DDFB-LeaderElection38: begin an election at term 42 for 0: [0d5b4e59-aa2f-4fe6-b072-73846da82a05:192.168.157.202:39744, 52bfa4dc-bcba-4693-b6e2-7f231a44b6db:192.168.157.202:43025, c0368dd1-c4a9-4bcb-a2d2-6d6b66c0e12a:192.168.157.202:44847], old=null
2019-10-16 18:49:10,337 [grpc-default-executor-4] INFO  impl.RaftServerImpl (RaftServerImpl.java:setRole(184)) - c0368dd1-c4a9-4bcb-a2d2-6d6b66c0e12a@group-753D53B6DDFB: changes role from  FOLLOWER to FOLLOWER at term 42 for recognizeCandidate:52bfa4dc-bcba-4693-b6e2-7f231a44b6db
2019-10-16 18:49:10,337 [grpc-default-executor-4] INFO  impl.RoleInfo (RoleInfo.java:shutdownFollowerState(121)) - c0368dd1-c4a9-4bcb-a2d2-6d6b66c0e12a: shutdown FollowerState
2019-10-16 18:49:10,337 [grpc-default-executor-6] INFO  impl.RaftServerImpl (RaftServerImpl.java:setRole(184)) - 0d5b4e59-aa2f-4fe6-b072-73846da82a05@group-753D53B6DDFB: changes role from  FOLLOWER to FOLLOWER at term 42 for recognizeCandidate:52bfa4dc-bcba-4693-b6e2-7f231a44b6db
2019-10-16 18:49:10,337 [Thread-834] INFO  impl.FollowerState (FollowerState.java:run(117)) - c0368dd1-c4a9-4bcb-a2d2-6d6b66c0e12a@group-753D53B6DDFB-FollowerState was interrupted: java.lang.InterruptedException: sleep interrupted
2019-10-16 18:49:10,337 [grpc-default-executor-4] INFO  impl.RoleInfo (RoleInfo.java:updateAndGet(143)) - c0368dd1-c4a9-4bcb-a2d2-6d6b66c0e12a: start FollowerState
2019-10-16 18:49:10,338 [grpc-default-executor-6] INFO  impl.RoleInfo (RoleInfo.java:shutdownFollowerState(121)) - 0d5b4e59-aa2f-4fe6-b072-73846da82a05: shutdown FollowerState
2019-10-16 18:49:10,338 [Thread-833] INFO  impl.FollowerState (FollowerState.java:run(117)) - 0d5b4e59-aa2f-4fe6-b072-73846da82a05@group-753D53B6DDFB-FollowerState was interrupted: java.lang.InterruptedException: sleep interrupted
2019-10-16 18:49:10,338 [grpc-default-executor-6] INFO  impl.RoleInfo (RoleInfo.java:updateAndGet(143)) - 0d5b4e59-aa2f-4fe6-b072-73846da82a05: start FollowerState
2019-10-16 18:49:10,354 [52bfa4dc-bcba-4693-b6e2-7f231a44b6db@group-753D53B6DDFB-LeaderElection38] INFO  impl.LeaderElection (LeaderElection.java:logAndReturn(56)) - 52bfa4dc-bcba-4693-b6e2-7f231a44b6db@group-753D53B6DDFB-LeaderElection38: Election REJECTED; received 2 response(s) [52bfa4dc-bcba-4693-b6e2-7f231a44b6db<-0d5b4e59-aa2f-4fe6-b072-73846da82a05#0:FAIL-t42, 52bfa4dc-bcba-4693-b6e2-7f231a44b6db<-c0368dd1-c4a9-4bcb-a2d2-6d6b66c0e12a#0:FAIL-t42] and 0 exception(s); 52bfa4dc-bcba-4693-b6e2-7f231a44b6db@group-753D53B6DDFB:t42, leader=null, voted=52bfa4dc-bcba-4693-b6e2-7f231a44b6db, raftlog=52bfa4dc-bcba-4693-b6e2-7f231a44b6db@group-753D53B6DDFB-SegmentedRaftLog:OPENED:c3,f4,i4, conf=0: [0d5b4e59-aa2f-4fe6-b072-73846da82a05:192.168.157.202:39744, 52bfa4dc-bcba-4693-b6e2-7f231a44b6db:192.168.157.202:43025, c0368dd1-c4a9-4bcb-a2d2-6d6b66c0e12a:192.168.157.202:44847], old=null
2019-10-16 18:49:10,355 [52bfa4dc-bcba-4693-b6e2-7f231a44b6db@group-753D53B6DDFB-LeaderElection38] INFO  impl.RaftServerImpl (RaftServerImpl.java:setRole(184)) - 52bfa4dc-bcba-4693-b6e2-7f231a44b6db@group-753D53B6DDFB: changes role from CANDIDATE to FOLLOWER at term 42 for DISCOVERED_A_NEW_TERM
2019-10-16 18:49:10,355 [52bfa4dc-bcba-4693-b6e2-7f231a44b6db@group-753D53B6DDFB-LeaderElection38] INFO  impl.RoleInfo (RoleInfo.java:shutdownLeaderElection(134)) - 52bfa4dc-bcba-4693-b6e2-7f231a44b6db: shutdown LeaderElection
2019-10-16 18:49:10,355 [52bfa4dc-bcba-4693-b6e2-7f231a44b6db@group-753D53B6DDFB-LeaderElection38] INFO  impl.RoleInfo (RoleInfo.java:updateAndGet(143)) - 52bfa4dc-bcba-4693-b6e2-7f231a44b6db: start FollowerState
2019-10-16 18:49:10,384 [Thread-843] INFO  impl.FollowerState (FollowerState.java:run(108)) - 52bfa4dc-bcba-4693-b6e2-7f231a44b6db@group-753D53B6DDFB-FollowerState: change to CANDIDATE, lastRpcTime:29ms, electionTimeout:29ms
2019-10-16 18:49:10,385 [Thread-843] INFO  impl.RoleInfo (RoleInfo.java:shutdownFollowerState(121)) - 52bfa4dc-bcba-4693-b6e2-7f231a44b6db: shutdown FollowerState
2019-10-16 18:49:10,385 [Thread-843] INFO  impl.RaftServerImpl (RaftServerImpl.java:setRole(184)) - 52bfa4dc-bcba-4693-b6e2-7f231a44b6db@group-753D53B6DDFB: changes role from  FOLLOWER to CANDIDATE at term 42 for changeToCandidate
2019-10-16 18:49:10,385 [Thread-843] INFO  impl.RoleInfo (RoleInfo.java:updateAndGet(143)) - 52bfa4dc-bcba-4693-b6e2-7f231a44b6db: start LeaderElection
2019-10-16 18:49:10,418 [52bfa4dc-bcba-4693-b6e2-7f231a44b6db@group-753D53B6DDFB-LeaderElection39] INFO  impl.LeaderElection (LeaderElection.java:askForVotes(178)) - 52bfa4dc-bcba-4693-b6e2-7f231a44b6db@group-753D53B6DDFB-LeaderElection39: begin an election at term 43 for 0: [0d5b4e59-aa2f-4fe6-b072-73846da82a05:192.168.157.202:39744, 52bfa4dc-bcba-4693-b6e2-7f231a44b6db:192.168.157.202:43025, c0368dd1-c4a9-4bcb-a2d2-6d6b66c0e12a:192.168.157.202:44847], old=null
2019-10-16 18:49:10,421 [grpc-default-executor-4] INFO  impl.RaftServerImpl (RaftServerImpl.java:setRole(184)) - 0d5b4e59-aa2f-4fe6-b072-73846da82a05@group-753D53B6DDFB: changes role from  FOLLOWER to FOLLOWER at term 43 for recognizeCandidate:52bfa4dc-bcba-4693-b6e2-7f231a44b6db
2019-10-16 18:49:10,421 [grpc-default-executor-4] INFO  impl.RoleInfo (RoleInfo.java:shutdownFollowerState(121)) - 0d5b4e59-aa2f-4fe6-b072-73846da82a05: shutdown FollowerState
2019-10-16 18:49:10,421 [grpc-default-executor-6] INFO  impl.RaftServerImpl (RaftServerImpl.java:setRole(184)) - c0368dd1-c4a9-4bcb-a2d2-6d6b66c0e12a@group-753D53B6DDFB: changes role from  FOLLOWER to FOLLOWER at term 43 for recognizeCandidate:52bfa4dc-bcba-4693-b6e2-7f231a44b6db
2019-10-16 18:49:10,421 [Thread-842] INFO  impl.FollowerState (FollowerState.java:run(117)) - 0d5b4e59-aa2f-4fe6-b072-73846da82a05@group-753D53B6DDFB-FollowerState was interrupted: java.lang.InterruptedException: sleep interrupted
2019-10-16 18:49:10,422 [grpc-default-executor-6] INFO  impl.RoleInfo (RoleInfo.java:shutdownFollowerState(121)) - c0368dd1-c4a9-4bcb-a2d2-6d6b66c0e12a: shutdown FollowerState
2019-10-16 18:49:10,421 [grpc-default-executor-4] INFO  impl.RoleInfo (RoleInfo.java:updateAndGet(143)) - 0d5b4e59-aa2f-4fe6-b072-73846da82a05: start FollowerState
2019-10-16 18:49:10,422 [Thread-841] INFO  impl.FollowerState (FollowerState.java:run(117)) - c0368dd1-c4a9-4bcb-a2d2-6d6b66c0e12a@group-753D53B6DDFB-FollowerState was interrupted: java.lang.InterruptedException: sleep interrupted
2019-10-16 18:49:10,422 [grpc-default-executor-6] INFO  impl.RoleInfo (RoleInfo.java:updateAndGet(143)) - c0368dd1-c4a9-4bcb-a2d2-6d6b66c0e12a: start FollowerState
2019-10-16 18:49:10,436 [52bfa4dc-bcba-4693-b6e2-7f231a44b6db@group-753D53B6DDFB-LeaderElection39] INFO  impl.LeaderElection (LeaderElection.java:logAndReturn(56)) - 52bfa4dc-bcba-4693-b6e2-7f231a44b6db@group-753D53B6DDFB-LeaderElection39: Election REJECTED; received 2 response(s) [52bfa4dc-bcba-4693-b6e2-7f231a44b6db<-0d5b4e59-aa2f-4fe6-b072-73846da82a05#0:FAIL-t43, 52bfa4dc-bcba-4693-b6e2-7f231a44b6db<-c0368dd1-c4a9-4bcb-a2d2-6d6b66c0e12a#0:FAIL-t43] and 0 exception(s); 52bfa4dc-bcba-4693-b6e2-7f231a44b6db@group-753D53B6DDFB:t43, leader=null, voted=52bfa4dc-bcba-4693-b6e2-7f231a44b6db, raftlog=52bfa4dc-bcba-4693-b6e2-7f231a44b6db@group-753D53B6DDFB-SegmentedRaftLog:OPENED:c3,f4,i4, conf=0: [0d5b4e59-aa2f-4fe6-b072-73846da82a05:192.168.157.202:39744, 52bfa4dc-bcba-4693-b6e2-7f231a44b6db:192.168.157.202:43025, c0368dd1-c4a9-4bcb-a2d2-6d6b66c0e12a:192.168.157.202:44847], old=null
2019-10-16 18:49:10,436 [52bfa4dc-bcba-4693-b6e2-7f231a44b6db@group-753D53B6DDFB-LeaderElection39] INFO  impl.RaftServerImpl (RaftServerImpl.java:setRole(184)) - 52bfa4dc-bcba-4693-b6e2-7f231a44b6db@group-753D53B6DDFB: changes role from CANDIDATE to FOLLOWER at term 43 for DISCOVERED_A_NEW_TERM
2019-10-16 18:49:10,436 [52bfa4dc-bcba-4693-b6e2-7f231a44b6db@group-753D53B6DDFB-LeaderElection39] INFO  impl.RoleInfo (RoleInfo.java:shutdownLeaderElection(134)) - 52bfa4dc-bcba-4693-b6e2-7f231a44b6db: shutdown LeaderElection
2019-10-16 18:49:10,437 [52bfa4dc-bcba-4693-b6e2-7f231a44b6db@group-753D53B6DDFB-LeaderElection39] INFO  impl.RoleInfo (RoleInfo.java:updateAndGet(143)) - 52bfa4dc-bcba-4693-b6e2-7f231a44b6db: start FollowerState
2019-10-16 18:49:10,439 [Thread-849] INFO  impl.FollowerState (FollowerState.java:run(108)) - 52bfa4dc-bcba-4693-b6e2-7f231a44b6db@group-753D53B6DDFB-FollowerState: change to CANDIDATE, lastRpcTime:2ms, electionTimeout:2ms
2019-10-16 18:49:10,439 [Thread-849] INFO  impl.RoleInfo (RoleInfo.java:shutdownFollowerState(121)) - 52bfa4dc-bcba-4693-b6e2-7f231a44b6db: shutdown FollowerState
2019-10-16 18:49:10,439 [Thread-849] INFO  impl.RaftServerImpl (RaftServerImpl.java:setRole(184)) - 52bfa4dc-bcba-4693-b6e2-7f231a44b6db@group-753D53B6DDFB: changes role from  FOLLOWER to CANDIDATE at term 43 for changeToCandidate
2019-10-16 18:49:10,439 [Thread-849] INFO  impl.RoleInfo (RoleInfo.java:updateAndGet(143)) - 52bfa4dc-bcba-4693-b6e2-7f231a44b6db: start LeaderElection
2019-10-16 18:49:10,448 [52bfa4dc-bcba-4693-b6e2-7f231a44b6db@group-753D53B6DDFB-LeaderElection40] INFO  impl.LeaderElection (LeaderElection.java:askForVotes(178)) - 52bfa4dc-bcba-4693-b6e2-7f231a44b6db@group-753D53B6DDFB-LeaderElection40: begin an election at term 44 for 0: [0d5b4e59-aa2f-4fe6-b072-73846da82a05:192.168.157.202:39744, 52bfa4dc-bcba-4693-b6e2-7f231a44b6db:192.168.157.202:43025, c0368dd1-c4a9-4bcb-a2d2-6d6b66c0e12a:192.168.157.202:44847], old=null
2019-10-16 18:49:10,450 [grpc-default-executor-6] INFO  impl.RaftServerImpl (RaftServerImpl.java:setRole(184)) - 0d5b4e59-aa2f-4fe6-b072-73846da82a05@group-753D53B6DDFB: changes role from  FOLLOWER to FOLLOWER at term 44 for recognizeCandidate:52bfa4dc-bcba-4693-b6e2-7f231a44b6db
2019-10-16 18:49:10,450 [grpc-default-executor-4] INFO  impl.RaftServerImpl (RaftServerImpl.java:setRole(184)) - c0368dd1-c4a9-4bcb-a2d2-6d6b66c0e12a@group-753D53B6DDFB: changes role from  FOLLOWER to FOLLOWER at term 44 for recognizeCandidate:52bfa4dc-bcba-4693-b6e2-7f231a44b6db
2019-10-16 18:49:10,451 [grpc-default-executor-6] INFO  impl.RoleInfo (RoleInfo.java:shutdownFollowerState(121)) - 0d5b4e59-aa2f-4fe6-b072-73846da82a05: shutdown FollowerState
2019-10-16 18:49:10,451 [grpc-default-executor-4] INFO  impl.RoleInfo (RoleInfo.java:shutdownFollowerState(121)) - c0368dd1-c4a9-4bcb-a2d2-6d6b66c0e12a: shutdown FollowerState
2019-10-16 18:49:10,451 [grpc-default-executor-6] INFO  impl.RoleInfo (RoleInfo.java:updateAndGet(143)) - 0d5b4e59-aa2f-4fe6-b072-73846da82a05: start FollowerState
2019-10-16 18:49:10,451 [Thread-847] INFO  impl.FollowerState (FollowerState.java:run(117)) - 0d5b4e59-aa2f-4fe6-b072-73846da82a05@group-753D53B6DDFB-FollowerState was interrupted: java.lang.InterruptedException: sleep interrupted
2019-10-16 18:49:10,451 [grpc-default-executor-4] INFO  impl.RoleInfo (RoleInfo.java:updateAndGet(143)) - c0368dd1-c4a9-4bcb-a2d2-6d6b66c0e12a: start FollowerState
2019-10-16 18:49:10,451 [Thread-848] INFO  impl.FollowerState (FollowerState.java:run(117)) - c0368dd1-c4a9-4bcb-a2d2-6d6b66c0e12a@group-753D53B6DDFB-FollowerState was interrupted: java.lang.InterruptedException: sleep interrupted
2019-10-16 18:49:10,461 [52bfa4dc-bcba-4693-b6e2-7f231a44b6db@group-753D53B6DDFB-LeaderElection40] INFO  impl.LeaderElection (LeaderElection.java:logAndReturn(56)) - 52bfa4dc-bcba-4693-b6e2-7f231a44b6db@group-753D53B6DDFB-LeaderElection40: Election TIMEOUT; received 0 response(s) [] and 0 exception(s); 52bfa4dc-bcba-4693-b6e2-7f231a44b6db@group-753D53B6DDFB:t44, leader=null, voted=52bfa4dc-bcba-4693-b6e2-7f231a44b6db, raftlog=52bfa4dc-bcba-4693-b6e2-7f231a44b6db@group-753D53B6DDFB-SegmentedRaftLog:OPENED:c3,f4,i4, conf=0: [0d5b4e59-aa2f-4fe6-b072-73846da82a05:192.168.157.202:39744, 52bfa4dc-bcba-4693-b6e2-7f231a44b6db:192.168.157.202:43025, c0368dd1-c4a9-4bcb-a2d2-6d6b66c0e12a:192.168.157.202:44847], old=null
2019-10-16 18:49:10,477 [52bfa4dc-bcba-4693-b6e2-7f231a44b6db@group-753D53B6DDFB-LeaderElection40] INFO  impl.LeaderElection (LeaderElection.java:askForVotes(178)) - 52bfa4dc-bcba-4693-b6e2-7f231a44b6db@group-753D53B6DDFB-LeaderElection40: begin an election at term 45 for 0: [0d5b4e59-aa2f-4fe6-b072-73846da82a05:192.168.157.202:39744, 52bfa4dc-bcba-4693-b6e2-7f231a44b6db:192.168.157.202:43025, c0368dd1-c4a9-4bcb-a2d2-6d6b66c0e12a:192.168.157.202:44847], old=null
2019-10-16 18:49:10,480 [grpc-default-executor-6] INFO  impl.RaftServerImpl (RaftServerImpl.java:setRole(184)) - 0d5b4e59-aa2f-4fe6-b072-73846da82a05@group-753D53B6DDFB: changes role from  FOLLOWER to FOLLOWER at term 45 for recognizeCandidate:52bfa4dc-bcba-4693-b6e2-7f231a44b6db
2019-10-16 18:49:10,480 [grpc-default-executor-6] INFO  impl.RoleInfo (RoleInfo.java:shutdownFollowerState(121)) - 0d5b4e59-aa2f-4fe6-b072-73846da82a05: shutdown FollowerState
2019-10-16 18:49:10,480 [grpc-default-executor-6] INFO  impl.RoleInfo (RoleInfo.java:updateAndGet(143)) - 0d5b4e59-aa2f-4fe6-b072-73846da82a05: start FollowerState
2019-10-16 18:49:10,480 [Thread-853] INFO  impl.FollowerState (FollowerState.java:run(117)) - 0d5b4e59-aa2f-4fe6-b072-73846da82a05@group-753D53B6DDFB-FollowerState was interrupted: java.lang.InterruptedException: sleep interrupted
2019-10-16 18:49:10,480 [grpc-default-executor-4] INFO  impl.RaftServerImpl (RaftServerImpl.java:setRole(184)) - c0368dd1-c4a9-4bcb-a2d2-6d6b66c0e12a@group-753D53B6DDFB: changes role from  FOLLOWER to FOLLOWER at term 45 for recognizeCandidate:52bfa4dc-bcba-4693-b6e2-7f231a44b6db
2019-10-16 18:49:10,480 [grpc-default-executor-4] INFO  impl.RoleInfo (RoleInfo.java:shutdownFollowerState(121)) - c0368dd1-c4a9-4bcb-a2d2-6d6b66c0e12a: shutdown FollowerState
2019-10-16 18:49:10,480 [grpc-default-executor-4] INFO  impl.RoleInfo (RoleInfo.java:updateAndGet(143)) - c0368dd1-c4a9-4bcb-a2d2-6d6b66c0e12a: start FollowerState
2019-10-16 18:49:10,480 [Thread-854] INFO  impl.FollowerState (FollowerState.java:run(117)) - c0368dd1-c4a9-4bcb-a2d2-6d6b66c0e12a@group-753D53B6DDFB-FollowerState was interrupted: java.lang.InterruptedException: sleep interrupted
2019-10-16 18:49:10,514 [52bfa4dc-bcba-4693-b6e2-7f231a44b6db@group-753D53B6DDFB-LeaderElection40] INFO  impl.LeaderElection (LeaderElection.java:logAndReturn(56)) - 52bfa4dc-bcba-4693-b6e2-7f231a44b6db@group-753D53B6DDFB-LeaderElection40: Election REJECTED; received 2 response(s) [52bfa4dc-bcba-4693-b6e2-7f231a44b6db<-0d5b4e59-aa2f-4fe6-b072-73846da82a05#0:FAIL-t45, 52bfa4dc-bcba-4693-b6e2-7f231a44b6db<-c0368dd1-c4a9-4bcb-a2d2-6d6b66c0e12a#0:FAIL-t45] and 0 exception(s); 52bfa4dc-bcba-4693-b6e2-7f231a44b6db@group-753D53B6DDFB:t45, leader=null, voted=52bfa4dc-bcba-4693-b6e2-7f231a44b6db, raftlog=52bfa4dc-bcba-4693-b6e2-7f231a44b6db@group-753D53B6DDFB-SegmentedRaftLog:OPENED:c3,f4,i4, conf=0: [0d5b4e59-aa2f-4fe6-b072-73846da82a05:192.168.157.202:39744, 52bfa4dc-bcba-4693-b6e2-7f231a44b6db:192.168.157.202:43025, c0368dd1-c4a9-4bcb-a2d2-6d6b66c0e12a:192.168.157.202:44847], old=null
2019-10-16 18:49:10,514 [52bfa4dc-bcba-4693-b6e2-7f231a44b6db@group-753D53B6DDFB-LeaderElection40] INFO  impl.RaftServerImpl (RaftServerImpl.java:setRole(184)) - 52bfa4dc-bcba-4693-b6e2-7f231a44b6db@group-753D53B6DDFB: changes role from CANDIDATE to FOLLOWER at term 45 for DISCOVERED_A_NEW_TERM
2019-10-16 18:49:10,514 [52bfa4dc-bcba-4693-b6e2-7f231a44b6db@group-753D53B6DDFB-LeaderElection40] INFO  impl.RoleInfo (RoleInfo.java:shutdownLeaderElection(134)) - 52bfa4dc-bcba-4693-b6e2-7f231a44b6db: shutdown LeaderElection
2019-10-16 18:49:10,514 [52bfa4dc-bcba-4693-b6e2-7f231a44b6db@group-753D53B6DDFB-LeaderElection40] INFO  impl.RoleInfo (RoleInfo.java:updateAndGet(143)) - 52bfa4dc-bcba-4693-b6e2-7f231a44b6db: start FollowerState
2019-10-16 18:49:10,579 [EventQueue-PendingDeleteStatusForPendingDeleteHandler] INFO  block.SCMBlockDeletingService (SCMBlockDeletingService.java:handlePendingDeletes(115)) - Block deletion txnID mismatch in datanode 52bfa4dc-bcba-4693-b6e2-7f231a44b6db for containerID 1. Datanode delete txnID: 0, SCM txnID: 1
2019-10-16 18:49:10,636 [Thread-859] INFO  impl.FollowerState (FollowerState.java:run(108)) - 52bfa4dc-bcba-4693-b6e2-7f231a44b6db@group-753D53B6DDFB-FollowerState: change to CANDIDATE, lastRpcTime:121ms, electionTimeout:121ms
2019-10-16 18:49:10,636 [Thread-859] INFO  impl.RoleInfo (RoleInfo.java:shutdownFollowerState(121)) - 52bfa4dc-bcba-4693-b6e2-7f231a44b6db: shutdown FollowerState
2019-10-16 18:49:10,636 [Thread-859] INFO  impl.RaftServerImpl (RaftServerImpl.java:setRole(184)) - 52bfa4dc-bcba-4693-b6e2-7f231a44b6db@group-753D53B6DDFB: changes role from  FOLLOWER to CANDIDATE at term 45 for changeToCandidate
2019-10-16 18:49:10,636 [Thread-859] INFO  impl.RoleInfo (RoleInfo.java:updateAndGet(143)) - 52bfa4dc-bcba-4693-b6e2-7f231a44b6db: start LeaderElection
2019-10-16 18:49:10,669 [52bfa4dc-bcba-4693-b6e2-7f231a44b6db@group-753D53B6DDFB-LeaderElection41] INFO  impl.LeaderElection (LeaderElection.java:askForVotes(178)) - 52bfa4dc-bcba-4693-b6e2-7f231a44b6db@group-753D53B6DDFB-LeaderElection41: begin an election at term 46 for 0: [0d5b4e59-aa2f-4fe6-b072-73846da82a05:192.168.157.202:39744, 52bfa4dc-bcba-4693-b6e2-7f231a44b6db:192.168.157.202:43025, c0368dd1-c4a9-4bcb-a2d2-6d6b66c0e12a:192.168.157.202:44847], old=null
2019-10-16 18:49:10,671 [grpc-default-executor-6] INFO  impl.RaftServerImpl (RaftServerImpl.java:setRole(184)) - 0d5b4e59-aa2f-4fe6-b072-73846da82a05@group-753D53B6DDFB: changes role from  FOLLOWER to FOLLOWER at term 46 for recognizeCandidate:52bfa4dc-bcba-4693-b6e2-7f231a44b6db
2019-10-16 18:49:10,672 [grpc-default-executor-6] INFO  impl.RoleInfo (RoleInfo.java:shutdownFollowerState(121)) - 0d5b4e59-aa2f-4fe6-b072-73846da82a05: shutdown FollowerState
2019-10-16 18:49:10,672 [Thread-857] INFO  impl.FollowerState (FollowerState.java:run(117)) - 0d5b4e59-aa2f-4fe6-b072-73846da82a05@group-753D53B6DDFB-FollowerState was interrupted: java.lang.InterruptedException: sleep interrupted
2019-10-16 18:49:10,672 [grpc-default-executor-6] INFO  impl.RoleInfo (RoleInfo.java:updateAndGet(143)) - 0d5b4e59-aa2f-4fe6-b072-73846da82a05: start FollowerState
2019-10-16 18:49:10,672 [grpc-default-executor-4] INFO  impl.RaftServerImpl (RaftServerImpl.java:setRole(184)) - c0368dd1-c4a9-4bcb-a2d2-6d6b66c0e12a@group-753D53B6DDFB: changes role from  FOLLOWER to FOLLOWER at term 46 for recognizeCandidate:52bfa4dc-bcba-4693-b6e2-7f231a44b6db
2019-10-16 18:49:10,672 [grpc-default-executor-4] INFO  impl.RoleInfo (RoleInfo.java:shutdownFollowerState(121)) - c0368dd1-c4a9-4bcb-a2d2-6d6b66c0e12a: shutdown FollowerState
2019-10-16 18:49:10,672 [grpc-default-executor-4] INFO  impl.RoleInfo (RoleInfo.java:updateAndGet(143)) - c0368dd1-c4a9-4bcb-a2d2-6d6b66c0e12a: start FollowerState
2019-10-16 18:49:10,672 [Thread-858] INFO  impl.FollowerState (FollowerState.java:run(117)) - c0368dd1-c4a9-4bcb-a2d2-6d6b66c0e12a@group-753D53B6DDFB-FollowerState was interrupted: java.lang.InterruptedException: sleep interrupted
2019-10-16 18:49:10,686 [52bfa4dc-bcba-4693-b6e2-7f231a44b6db@group-753D53B6DDFB-LeaderElection41] INFO  impl.LeaderElection (LeaderElection.java:logAndReturn(56)) - 52bfa4dc-bcba-4693-b6e2-7f231a44b6db@group-753D53B6DDFB-LeaderElection41: Election REJECTED; received 2 response(s) [52bfa4dc-bcba-4693-b6e2-7f231a44b6db<-0d5b4e59-aa2f-4fe6-b072-73846da82a05#0:FAIL-t46, 52bfa4dc-bcba-4693-b6e2-7f231a44b6db<-c0368dd1-c4a9-4bcb-a2d2-6d6b66c0e12a#0:FAIL-t46] and 0 exception(s); 52bfa4dc-bcba-4693-b6e2-7f231a44b6db@group-753D53B6DDFB:t46, leader=null, voted=52bfa4dc-bcba-4693-b6e2-7f231a44b6db, raftlog=52bfa4dc-bcba-4693-b6e2-7f231a44b6db@group-753D53B6DDFB-SegmentedRaftLog:OPENED:c3,f4,i4, conf=0: [0d5b4e59-aa2f-4fe6-b072-73846da82a05:192.168.157.202:39744, 52bfa4dc-bcba-4693-b6e2-7f231a44b6db:192.168.157.202:43025, c0368dd1-c4a9-4bcb-a2d2-6d6b66c0e12a:192.168.157.202:44847], old=null
2019-10-16 18:49:10,686 [52bfa4dc-bcba-4693-b6e2-7f231a44b6db@group-753D53B6DDFB-LeaderElection41] INFO  impl.RaftServerImpl (RaftServerImpl.java:setRole(184)) - 52bfa4dc-bcba-4693-b6e2-7f231a44b6db@group-753D53B6DDFB: changes role from CANDIDATE to FOLLOWER at term 46 for DISCOVERED_A_NEW_TERM
2019-10-16 18:49:10,686 [52bfa4dc-bcba-4693-b6e2-7f231a44b6db@group-753D53B6DDFB-LeaderElection41] INFO  impl.RoleInfo (RoleInfo.java:shutdownLeaderElection(134)) - 52bfa4dc-bcba-4693-b6e2-7f231a44b6db: shutdown LeaderElection
2019-10-16 18:49:10,687 [52bfa4dc-bcba-4693-b6e2-7f231a44b6db@group-753D53B6DDFB-LeaderElection41] INFO  impl.RoleInfo (RoleInfo.java:updateAndGet(143)) - 52bfa4dc-bcba-4693-b6e2-7f231a44b6db: start FollowerState
2019-10-16 18:49:10,743 [Thread-865] INFO  impl.FollowerState (FollowerState.java:run(108)) - 52bfa4dc-bcba-4693-b6e2-7f231a44b6db@group-753D53B6DDFB-FollowerState: change to CANDIDATE, lastRpcTime:56ms, electionTimeout:56ms
2019-10-16 18:49:10,743 [Thread-865] INFO  impl.RoleInfo (RoleInfo.java:shutdownFollowerState(121)) - 52bfa4dc-bcba-4693-b6e2-7f231a44b6db: shutdown FollowerState
2019-10-16 18:49:10,743 [Thread-865] INFO  impl.RaftServerImpl (RaftServerImpl.java:setRole(184)) - 52bfa4dc-bcba-4693-b6e2-7f231a44b6db@group-753D53B6DDFB: changes role from  FOLLOWER to CANDIDATE at term 46 for changeToCandidate
2019-10-16 18:49:10,743 [Thread-865] INFO  impl.RoleInfo (RoleInfo.java:updateAndGet(143)) - 52bfa4dc-bcba-4693-b6e2-7f231a44b6db: start LeaderElection
2019-10-16 18:49:10,758 [52bfa4dc-bcba-4693-b6e2-7f231a44b6db@group-753D53B6DDFB-LeaderElection42] INFO  impl.LeaderElection (LeaderElection.java:askForVotes(178)) - 52bfa4dc-bcba-4693-b6e2-7f231a44b6db@group-753D53B6DDFB-LeaderElection42: begin an election at term 47 for 0: [0d5b4e59-aa2f-4fe6-b072-73846da82a05:192.168.157.202:39744, 52bfa4dc-bcba-4693-b6e2-7f231a44b6db:192.168.157.202:43025, c0368dd1-c4a9-4bcb-a2d2-6d6b66c0e12a:192.168.157.202:44847], old=null
2019-10-16 18:49:10,761 [grpc-default-executor-4] INFO  impl.RaftServerImpl (RaftServerImpl.java:setRole(184)) - 0d5b4e59-aa2f-4fe6-b072-73846da82a05@group-753D53B6DDFB: changes role from  FOLLOWER to FOLLOWER at term 47 for recognizeCandidate:52bfa4dc-bcba-4693-b6e2-7f231a44b6db
2019-10-16 18:49:10,761 [grpc-default-executor-4] INFO  impl.RoleInfo (RoleInfo.java:shutdownFollowerState(121)) - 0d5b4e59-aa2f-4fe6-b072-73846da82a05: shutdown FollowerState
2019-10-16 18:49:10,761 [grpc-default-executor-6] INFO  impl.RaftServerImpl (RaftServerImpl.java:setRole(184)) - c0368dd1-c4a9-4bcb-a2d2-6d6b66c0e12a@group-753D53B6DDFB: changes role from  FOLLOWER to FOLLOWER at term 47 for recognizeCandidate:52bfa4dc-bcba-4693-b6e2-7f231a44b6db
2019-10-16 18:49:10,761 [Thread-863] INFO  impl.FollowerState (FollowerState.java:run(117)) - 0d5b4e59-aa2f-4fe6-b072-73846da82a05@group-753D53B6DDFB-FollowerState was interrupted: java.lang.InterruptedException: sleep interrupted
2019-10-16 18:49:10,761 [grpc-default-executor-4] INFO  impl.RoleInfo (RoleInfo.java:updateAndGet(143)) - 0d5b4e59-aa2f-4fe6-b072-73846da82a05: start FollowerState
2019-10-16 18:49:10,761 [grpc-default-executor-6] INFO  impl.RoleInfo (RoleInfo.java:shutdownFollowerState(121)) - c0368dd1-c4a9-4bcb-a2d2-6d6b66c0e12a: shutdown FollowerState
2019-10-16 18:49:10,762 [grpc-default-executor-6] INFO  impl.RoleInfo (RoleInfo.java:updateAndGet(143)) - c0368dd1-c4a9-4bcb-a2d2-6d6b66c0e12a: start FollowerState
2019-10-16 18:49:10,762 [Thread-864] INFO  impl.FollowerState (FollowerState.java:run(117)) - c0368dd1-c4a9-4bcb-a2d2-6d6b66c0e12a@group-753D53B6DDFB-FollowerState was interrupted: java.lang.InterruptedException: sleep interrupted
2019-10-16 18:49:10,783 [52bfa4dc-bcba-4693-b6e2-7f231a44b6db@group-753D53B6DDFB-LeaderElection42] INFO  impl.LeaderElection (LeaderElection.java:logAndReturn(56)) - 52bfa4dc-bcba-4693-b6e2-7f231a44b6db@group-753D53B6DDFB-LeaderElection42: Election REJECTED; received 2 response(s) [52bfa4dc-bcba-4693-b6e2-7f231a44b6db<-0d5b4e59-aa2f-4fe6-b072-73846da82a05#0:FAIL-t47, 52bfa4dc-bcba-4693-b6e2-7f231a44b6db<-c0368dd1-c4a9-4bcb-a2d2-6d6b66c0e12a#0:FAIL-t47] and 0 exception(s); 52bfa4dc-bcba-4693-b6e2-7f231a44b6db@group-753D53B6DDFB:t47, leader=null, voted=52bfa4dc-bcba-4693-b6e2-7f231a44b6db, raftlog=52bfa4dc-bcba-4693-b6e2-7f231a44b6db@group-753D53B6DDFB-SegmentedRaftLog:OPENED:c3,f4,i4, conf=0: [0d5b4e59-aa2f-4fe6-b072-73846da82a05:192.168.157.202:39744, 52bfa4dc-bcba-4693-b6e2-7f231a44b6db:192.168.157.202:43025, c0368dd1-c4a9-4bcb-a2d2-6d6b66c0e12a:192.168.157.202:44847], old=null
2019-10-16 18:49:10,783 [52bfa4dc-bcba-4693-b6e2-7f231a44b6db@group-753D53B6DDFB-LeaderElection42] INFO  impl.RaftServerImpl (RaftServerImpl.java:setRole(184)) - 52bfa4dc-bcba-4693-b6e2-7f231a44b6db@group-753D53B6DDFB: changes role from CANDIDATE to FOLLOWER at term 47 for DISCOVERED_A_NEW_TERM
2019-10-16 18:49:10,783 [52bfa4dc-bcba-4693-b6e2-7f231a44b6db@group-753D53B6DDFB-LeaderElection42] INFO  impl.RoleInfo (RoleInfo.java:shutdownLeaderElection(134)) - 52bfa4dc-bcba-4693-b6e2-7f231a44b6db: shutdown LeaderElection
2019-10-16 18:49:10,783 [52bfa4dc-bcba-4693-b6e2-7f231a44b6db@group-753D53B6DDFB-LeaderElection42] INFO  impl.RoleInfo (RoleInfo.java:updateAndGet(143)) - 52bfa4dc-bcba-4693-b6e2-7f231a44b6db: start FollowerState
2019-10-16 18:49:10,823 [Command processor thread] INFO  commandhandler.DeleteBlocksCommandHandler (DeleteBlocksCommandHandler.java:handle(106)) - Start to delete container blocks, TXIDs=[1(0)], numOfContainers=1, numOfBlocks=1
2019-10-16 18:49:10,823 [Command processor thread] INFO  commandhandler.DeleteBlocksCommandHandler (DeleteBlocksCommandHandler.java:handle(106)) - Start to delete container blocks, TXIDs=[1(2)], numOfContainers=1, numOfBlocks=1
2019-10-16 18:49:10,823 [Command processor thread] INFO  commandhandler.DeleteBlocksCommandHandler (DeleteBlocksCommandHandler.java:handle(106)) - Start to delete container blocks, TXIDs=[1(0)], numOfContainers=1, numOfBlocks=1
2019-10-16 18:49:10,824 [Command processor thread] INFO  commandhandler.DeleteBlocksCommandHandler (DeleteBlocksCommandHandler.java:handle(106)) - Start to delete container blocks, TXIDs=[1(0)], numOfContainers=1, numOfBlocks=1
2019-10-16 18:49:10,824 [Command processor thread] INFO  commandhandler.DeleteBlocksCommandHandler (DeleteBlocksCommandHandler.java:handle(106)) - Start to delete container blocks, TXIDs=[1(2)], numOfContainers=1, numOfBlocks=1
2019-10-16 18:49:10,824 [Command processor thread] INFO  commandhandler.DeleteBlocksCommandHandler (DeleteBlocksCommandHandler.java:handle(106)) - Start to delete container blocks, TXIDs=[1(2)], numOfContainers=1, numOfBlocks=1
2019-10-16 18:49:10,824 [Command processor thread] INFO  commandhandler.DeleteBlocksCommandHandler (DeleteBlocksCommandHandler.java:handle(106)) - Start to delete container blocks, TXIDs=[1(0)], numOfContainers=1, numOfBlocks=1
2019-10-16 18:49:10,824 [Command processor thread] INFO  commandhandler.DeleteBlocksCommandHandler (DeleteBlocksCommandHandler.java:handle(106)) - Start to delete container blocks, TXIDs=[1(2)], numOfContainers=1, numOfBlocks=1
2019-10-16 18:49:10,825 [Command processor thread] INFO  commandhandler.DeleteBlocksCommandHandler (DeleteBlocksCommandHandler.java:handle(106)) - Start to delete container blocks, TXIDs=[1(2)], numOfContainers=1, numOfBlocks=1
2019-10-16 18:49:10,825 [Command processor thread] INFO  commandhandler.DeleteBlocksCommandHandler (DeleteBlocksCommandHandler.java:handle(106)) - Start to delete container blocks, TXIDs=[1(2)], numOfContainers=1, numOfBlocks=1
2019-10-16 18:49:10,825 [Command processor thread] INFO  commandhandler.DeleteBlocksCommandHandler (DeleteBlocksCommandHandler.java:handle(106)) - Start to delete container blocks, TXIDs=[1(0)], numOfContainers=1, numOfBlocks=1
2019-10-16 18:49:10,825 [Command processor thread] INFO  commandhandler.DeleteBlocksCommandHandler (DeleteBlocksCommandHandler.java:handle(106)) - Start to delete container blocks, TXIDs=[1(2)], numOfContainers=1, numOfBlocks=1
2019-10-16 18:49:10,825 [Command processor thread] INFO  commandhandler.DeleteBlocksCommandHandler (DeleteBlocksCommandHandler.java:handle(106)) - Start to delete container blocks, TXIDs=[1(2)], numOfContainers=1, numOfBlocks=1
2019-10-16 18:49:10,826 [Command processor thread] INFO  commandhandler.DeleteBlocksCommandHandler (DeleteBlocksCommandHandler.java:handle(106)) - Start to delete container blocks, TXIDs=[1(2)], numOfContainers=1, numOfBlocks=1
2019-10-16 18:49:10,826 [Command processor thread] INFO  commandhandler.DeleteBlocksCommandHandler (DeleteBlocksCommandHandler.java:handle(106)) - Start to delete container blocks, TXIDs=[1(2)], numOfContainers=1, numOfBlocks=1
2019-10-16 18:49:10,826 [Command processor thread] INFO  commandhandler.DeleteBlocksCommandHandler (DeleteBlocksCommandHandler.java:handle(106)) - Start to delete container blocks, TXIDs=[1(2)], numOfContainers=1, numOfBlocks=1
2019-10-16 18:49:10,826 [Command processor thread] INFO  commandhandler.DeleteBlocksCommandHandler (DeleteBlocksCommandHandler.java:handle(106)) - Start to delete container blocks, TXIDs=[1(2)], numOfContainers=1, numOfBlocks=1
2019-10-16 18:49:10,826 [Command processor thread] INFO  commandhandler.DeleteBlocksCommandHandler (DeleteBlocksCommandHandler.java:handle(106)) - Start to delete container blocks, TXIDs=[1(2)], numOfContainers=1, numOfBlocks=1
2019-10-16 18:49:10,827 [Command processor thread] INFO  commandhandler.DeleteBlocksCommandHandler (DeleteBlocksCommandHandler.java:handle(106)) - Start to delete container blocks, TXIDs=[1(2)], numOfContainers=1, numOfBlocks=1
2019-10-16 18:49:10,827 [Command processor thread] INFO  commandhandler.DeleteBlocksCommandHandler (DeleteBlocksCommandHandler.java:handle(106)) - Start to delete container blocks, TXIDs=[1(2)], numOfContainers=1, numOfBlocks=1
2019-10-16 18:49:10,827 [Command processor thread] INFO  commandhandler.DeleteBlocksCommandHandler (DeleteBlocksCommandHandler.java:handle(106)) - Start to delete container blocks, TXIDs=[1(0)], numOfContainers=1, numOfBlocks=1
2019-10-16 18:49:10,827 [Command processor thread] INFO  commandhandler.DeleteBlocksCommandHandler (DeleteBlocksCommandHandler.java:handle(106)) - Start to delete container blocks, TXIDs=[1(2)], numOfContainers=1, numOfBlocks=1
2019-10-16 18:49:10,827 [Command processor thread] INFO  commandhandler.DeleteBlocksCommandHandler (DeleteBlocksCommandHandler.java:handle(106)) - Start to delete container blocks, TXIDs=[1(2)], numOfContainers=1, numOfBlocks=1
2019-10-16 18:49:10,827 [Command processor thread] INFO  commandhandler.DeleteBlocksCommandHandler (DeleteBlocksCommandHandler.java:handle(106)) - Start to delete container blocks, TXIDs=[1(2)], numOfContainers=1, numOfBlocks=1
2019-10-16 18:49:10,828 [Command processor thread] INFO  commandhandler.DeleteBlocksCommandHandler (DeleteBlocksCommandHandler.java:handle(106)) - Start to delete container blocks, TXIDs=[1(2)], numOfContainers=1, numOfBlocks=1
2019-10-16 18:49:10,828 [Command processor thread] INFO  commandhandler.DeleteBlocksCommandHandler (DeleteBlocksCommandHandler.java:handle(106)) - Start to delete container blocks, TXIDs=[1(0)], numOfContainers=1, numOfBlocks=1
2019-10-16 18:49:10,828 [Command processor thread] INFO  commandhandler.DeleteBlocksCommandHandler (DeleteBlocksCommandHandler.java:handle(106)) - Start to delete container blocks, TXIDs=[1(2)], numOfContainers=1, numOfBlocks=1
2019-10-16 18:49:10,828 [Command processor thread] INFO  commandhandler.DeleteBlocksCommandHandler (DeleteBlocksCommandHandler.java:handle(106)) - Start to delete container blocks, TXIDs=[1(2)], numOfContainers=1, numOfBlocks=1
2019-10-16 18:49:10,828 [Command processor thread] INFO  commandhandler.DeleteBlocksCommandHandler (DeleteBlocksCommandHandler.java:handle(106)) - Start to delete container blocks, TXIDs=[1(30)], numOfContainers=1, numOfBlocks=1
2019-10-16 18:49:10,829 [Command processor thread] INFO  commandhandler.DeleteBlocksCommandHandler (DeleteBlocksCommandHandler.java:handle(106)) - Start to delete container blocks, TXIDs=[1(0)], numOfContainers=1, numOfBlocks=1
2019-10-16 18:49:10,829 [Command processor thread] INFO  commandhandler.DeleteBlocksCommandHandler (DeleteBlocksCommandHandler.java:handle(106)) - Start to delete container blocks, TXIDs=[1(2)], numOfContainers=1, numOfBlocks=1
2019-10-16 18:49:10,829 [Command processor thread] INFO  commandhandler.DeleteBlocksCommandHandler (DeleteBlocksCommandHandler.java:handle(106)) - Start to delete container blocks, TXIDs=[1(2)], numOfContainers=1, numOfBlocks=1
2019-10-16 18:49:10,829 [Command processor thread] INFO  commandhandler.DeleteBlocksCommandHandler (DeleteBlocksCommandHandler.java:handle(106)) - Start to delete container blocks, TXIDs=[1(2)], numOfContainers=1, numOfBlocks=1
2019-10-16 18:49:10,829 [Command processor thread] INFO  commandhandler.DeleteBlocksCommandHandler (DeleteBlocksCommandHandler.java:handle(106)) - Start to delete container blocks, TXIDs=[1(2)], numOfContainers=1, numOfBlocks=1
2019-10-16 18:49:10,830 [Command processor thread] INFO  commandhandler.DeleteBlocksCommandHandler (DeleteBlocksCommandHandler.java:handle(106)) - Start to delete container blocks, TXIDs=[1(2)], numOfContainers=1, numOfBlocks=1
2019-10-16 18:49:10,830 [Command processor thread] INFO  commandhandler.DeleteBlocksCommandHandler (DeleteBlocksCommandHandler.java:handle(106)) - Start to delete container blocks, TXIDs=[1(2)], numOfContainers=1, numOfBlocks=1
2019-10-16 18:49:10,901 [Thread-871] INFO  impl.FollowerState (FollowerState.java:run(108)) - 52bfa4dc-bcba-4693-b6e2-7f231a44b6db@group-753D53B6DDFB-FollowerState: change to CANDIDATE, lastRpcTime:117ms, electionTimeout:117ms
2019-10-16 18:49:10,901 [Thread-871] INFO  impl.RoleInfo (RoleInfo.java:shutdownFollowerState(121)) - 52bfa4dc-bcba-4693-b6e2-7f231a44b6db: shutdown FollowerState
2019-10-16 18:49:10,901 [Thread-871] INFO  impl.RaftServerImpl (RaftServerImpl.java:setRole(184)) - 52bfa4dc-bcba-4693-b6e2-7f231a44b6db@group-753D53B6DDFB: changes role from  FOLLOWER to CANDIDATE at term 47 for changeToCandidate
2019-10-16 18:49:10,901 [Thread-871] INFO  impl.RoleInfo (RoleInfo.java:updateAndGet(143)) - 52bfa4dc-bcba-4693-b6e2-7f231a44b6db: start LeaderElection
2019-10-16 18:49:10,914 [52bfa4dc-bcba-4693-b6e2-7f231a44b6db@group-753D53B6DDFB-LeaderElection43] INFO  impl.LeaderElection (LeaderElection.java:askForVotes(178)) - 52bfa4dc-bcba-4693-b6e2-7f231a44b6db@group-753D53B6DDFB-LeaderElection43: begin an election at term 48 for 0: [0d5b4e59-aa2f-4fe6-b072-73846da82a05:192.168.157.202:39744, 52bfa4dc-bcba-4693-b6e2-7f231a44b6db:192.168.157.202:43025, c0368dd1-c4a9-4bcb-a2d2-6d6b66c0e12a:192.168.157.202:44847], old=null
2019-10-16 18:49:10,917 [grpc-default-executor-6] INFO  impl.RaftServerImpl (RaftServerImpl.java:setRole(184)) - c0368dd1-c4a9-4bcb-a2d2-6d6b66c0e12a@group-753D53B6DDFB: changes role from  FOLLOWER to FOLLOWER at term 48 for recognizeCandidate:52bfa4dc-bcba-4693-b6e2-7f231a44b6db
2019-10-16 18:49:10,917 [grpc-default-executor-6] INFO  impl.RoleInfo (RoleInfo.java:shutdownFollowerState(121)) - c0368dd1-c4a9-4bcb-a2d2-6d6b66c0e12a: shutdown FollowerState
2019-10-16 18:49:10,917 [grpc-default-executor-6] INFO  impl.RoleInfo (RoleInfo.java:updateAndGet(143)) - c0368dd1-c4a9-4bcb-a2d2-6d6b66c0e12a: start FollowerState
2019-10-16 18:49:10,917 [Thread-870] INFO  impl.FollowerState (FollowerState.java:run(117)) - c0368dd1-c4a9-4bcb-a2d2-6d6b66c0e12a@group-753D53B6DDFB-FollowerState was interrupted: java.lang.InterruptedException: sleep interrupted
2019-10-16 18:49:10,917 [grpc-default-executor-4] INFO  impl.RaftServerImpl (RaftServerImpl.java:setRole(184)) - 0d5b4e59-aa2f-4fe6-b072-73846da82a05@group-753D53B6DDFB: changes role from  FOLLOWER to FOLLOWER at term 48 for recognizeCandidate:52bfa4dc-bcba-4693-b6e2-7f231a44b6db
2019-10-16 18:49:10,917 [grpc-default-executor-4] INFO  impl.RoleInfo (RoleInfo.java:shutdownFollowerState(121)) - 0d5b4e59-aa2f-4fe6-b072-73846da82a05: shutdown FollowerState
2019-10-16 18:49:10,917 [grpc-default-executor-4] INFO  impl.RoleInfo (RoleInfo.java:updateAndGet(143)) - 0d5b4e59-aa2f-4fe6-b072-73846da82a05: start FollowerState
2019-10-16 18:49:10,917 [Thread-869] INFO  impl.FollowerState (FollowerState.java:run(117)) - 0d5b4e59-aa2f-4fe6-b072-73846da82a05@group-753D53B6DDFB-FollowerState was interrupted: java.lang.InterruptedException: sleep interrupted
2019-10-16 18:49:10,919 [52bfa4dc-bcba-4693-b6e2-7f231a44b6db@group-753D53B6DDFB-LeaderElection43] INFO  impl.LeaderElection (LeaderElection.java:logAndReturn(56)) - 52bfa4dc-bcba-4693-b6e2-7f231a44b6db@group-753D53B6DDFB-LeaderElection43: Election TIMEOUT; received 0 response(s) [] and 0 exception(s); 52bfa4dc-bcba-4693-b6e2-7f231a44b6db@group-753D53B6DDFB:t48, leader=null, voted=52bfa4dc-bcba-4693-b6e2-7f231a44b6db, raftlog=52bfa4dc-bcba-4693-b6e2-7f231a44b6db@group-753D53B6DDFB-SegmentedRaftLog:OPENED:c3,f4,i4, conf=0: [0d5b4e59-aa2f-4fe6-b072-73846da82a05:192.168.157.202:39744, 52bfa4dc-bcba-4693-b6e2-7f231a44b6db:192.168.157.202:43025, c0368dd1-c4a9-4bcb-a2d2-6d6b66c0e12a:192.168.157.202:44847], old=null
2019-10-16 18:49:10,926 [52bfa4dc-bcba-4693-b6e2-7f231a44b6db@group-753D53B6DDFB-LeaderElection43] INFO  impl.LeaderElection (LeaderElection.java:askForVotes(178)) - 52bfa4dc-bcba-4693-b6e2-7f231a44b6db@group-753D53B6DDFB-LeaderElection43: begin an election at term 49 for 0: [0d5b4e59-aa2f-4fe6-b072-73846da82a05:192.168.157.202:39744, 52bfa4dc-bcba-4693-b6e2-7f231a44b6db:192.168.157.202:43025, c0368dd1-c4a9-4bcb-a2d2-6d6b66c0e12a:192.168.157.202:44847], old=null
2019-10-16 18:49:10,929 [grpc-default-executor-6] INFO  impl.RaftServerImpl (RaftServerImpl.java:setRole(184)) - 0d5b4e59-aa2f-4fe6-b072-73846da82a05@group-753D53B6DDFB: changes role from  FOLLOWER to FOLLOWER at term 49 for recognizeCandidate:52bfa4dc-bcba-4693-b6e2-7f231a44b6db
2019-10-16 18:49:10,929 [grpc-default-executor-6] INFO  impl.RoleInfo (RoleInfo.java:shutdownFollowerState(121)) - 0d5b4e59-aa2f-4fe6-b072-73846da82a05: shutdown FollowerState
2019-10-16 18:49:10,929 [grpc-default-executor-4] INFO  impl.RaftServerImpl (RaftServerImpl.java:setRole(184)) - c0368dd1-c4a9-4bcb-a2d2-6d6b66c0e12a@group-753D53B6DDFB: changes role from  FOLLOWER to FOLLOWER at term 49 for recognizeCandidate:52bfa4dc-bcba-4693-b6e2-7f231a44b6db
2019-10-16 18:49:10,929 [grpc-default-executor-6] INFO  impl.RoleInfo (RoleInfo.java:updateAndGet(143)) - 0d5b4e59-aa2f-4fe6-b072-73846da82a05: start FollowerState
2019-10-16 18:49:10,929 [Thread-877] INFO  impl.FollowerState (FollowerState.java:run(117)) - 0d5b4e59-aa2f-4fe6-b072-73846da82a05@group-753D53B6DDFB-FollowerState was interrupted: java.lang.InterruptedException: sleep interrupted
2019-10-16 18:49:10,929 [grpc-default-executor-4] INFO  impl.RoleInfo (RoleInfo.java:shutdownFollowerState(121)) - c0368dd1-c4a9-4bcb-a2d2-6d6b66c0e12a: shutdown FollowerState
2019-10-16 18:49:10,930 [grpc-default-executor-4] INFO  impl.RoleInfo (RoleInfo.java:updateAndGet(143)) - c0368dd1-c4a9-4bcb-a2d2-6d6b66c0e12a: start FollowerState
2019-10-16 18:49:10,930 [Thread-876] INFO  impl.FollowerState (FollowerState.java:run(117)) - c0368dd1-c4a9-4bcb-a2d2-6d6b66c0e12a@group-753D53B6DDFB-FollowerState was interrupted: java.lang.InterruptedException: sleep interrupted
2019-10-16 18:49:10,970 [52bfa4dc-bcba-4693-b6e2-7f231a44b6db@group-753D53B6DDFB-LeaderElection43] INFO  impl.LeaderElection (LeaderElection.java:logAndReturn(56)) - 52bfa4dc-bcba-4693-b6e2-7f231a44b6db@group-753D53B6DDFB-LeaderElection43: Election REJECTED; received 2 response(s) [52bfa4dc-bcba-4693-b6e2-7f231a44b6db<-0d5b4e59-aa2f-4fe6-b072-73846da82a05#0:FAIL-t49, 52bfa4dc-bcba-4693-b6e2-7f231a44b6db<-c0368dd1-c4a9-4bcb-a2d2-6d6b66c0e12a#0:FAIL-t49] and 0 exception(s); 52bfa4dc-bcba-4693-b6e2-7f231a44b6db@group-753D53B6DDFB:t49, leader=null, voted=52bfa4dc-bcba-4693-b6e2-7f231a44b6db, raftlog=52bfa4dc-bcba-4693-b6e2-7f231a44b6db@group-753D53B6DDFB-SegmentedRaftLog:OPENED:c3,f4,i4, conf=0: [0d5b4e59-aa2f-4fe6-b072-73846da82a05:192.168.157.202:39744, 52bfa4dc-bcba-4693-b6e2-7f231a44b6db:192.168.157.202:43025, c0368dd1-c4a9-4bcb-a2d2-6d6b66c0e12a:192.168.157.202:44847], old=null
2019-10-16 18:49:10,971 [52bfa4dc-bcba-4693-b6e2-7f231a44b6db@group-753D53B6DDFB-LeaderElection43] INFO  impl.RaftServerImpl (RaftServerImpl.java:setRole(184)) - 52bfa4dc-bcba-4693-b6e2-7f231a44b6db@group-753D53B6DDFB: changes role from CANDIDATE to FOLLOWER at term 49 for DISCOVERED_A_NEW_TERM
2019-10-16 18:49:10,971 [52bfa4dc-bcba-4693-b6e2-7f231a44b6db@group-753D53B6DDFB-LeaderElection43] INFO  impl.RoleInfo (RoleInfo.java:shutdownLeaderElection(134)) - 52bfa4dc-bcba-4693-b6e2-7f231a44b6db: shutdown LeaderElection
2019-10-16 18:49:10,971 [52bfa4dc-bcba-4693-b6e2-7f231a44b6db@group-753D53B6DDFB-LeaderElection43] INFO  impl.RoleInfo (RoleInfo.java:updateAndGet(143)) - 52bfa4dc-bcba-4693-b6e2-7f231a44b6db: start FollowerState
2019-10-16 18:49:11,022 [pool-7-thread-5] INFO  commands.RetriableDatanodeEventWatcher (RetriableDatanodeEventWatcher.java:onTimeout(47)) - RetriableDatanodeCommand type=deleteBlocksCommand with id=1571251743015 timed out. Retrying.
2019-10-16 18:49:11,024 [pool-7-thread-5] INFO  commands.RetriableDatanodeEventWatcher (RetriableDatanodeEventWatcher.java:onTimeout(47)) - RetriableDatanodeCommand type=deleteBlocksCommand with id=1571251743007 timed out. Retrying.
2019-10-16 18:49:11,024 [SCMBlockDeletingService#1] INFO  block.SCMBlockDeletingService (SCMBlockDeletingService.java:call(184)) - Totally added 1 delete blocks command for 1 datanodes, task elapsed time: 0ms
2019-10-16 18:49:11,024 [pool-7-thread-5] INFO  commands.RetriableDatanodeEventWatcher (RetriableDatanodeEventWatcher.java:onTimeout(47)) - RetriableDatanodeCommand type=deleteBlocksCommand with id=1571251743011 timed out. Retrying.
2019-10-16 18:49:11,024 [pool-7-thread-2] INFO  commands.RetriableDatanodeEventWatcher (RetriableDatanodeEventWatcher.java:onTimeout(47)) - RetriableDatanodeCommand type=deleteBlocksCommand with id=1571251743012 timed out. Retrying.
2019-10-16 18:49:11,025 [pool-7-thread-7] INFO  commands.RetriableDatanodeEventWatcher (RetriableDatanodeEventWatcher.java:onTimeout(47)) - RetriableDatanodeCommand type=deleteBlocksCommand with id=1571251743013 timed out. Retrying.
2019-10-16 18:49:11,025 [pool-7-thread-4] INFO  commands.RetriableDatanodeEventWatcher (RetriableDatanodeEventWatcher.java:onTimeout(47)) - RetriableDatanodeCommand type=deleteBlocksCommand with id=1571251743014 timed out. Retrying.
2019-10-16 18:49:11,025 [pool-7-thread-1] INFO  commands.RetriableDatanodeEventWatcher (RetriableDatanodeEventWatcher.java:onTimeout(47)) - RetriableDatanodeCommand type=deleteBlocksCommand with id=1571251743009 timed out. Retrying.
2019-10-16 18:49:11,025 [pool-7-thread-6] INFO  commands.RetriableDatanodeEventWatcher (RetriableDatanodeEventWatcher.java:onTimeout(47)) - RetriableDatanodeCommand type=deleteBlocksCommand with id=1571251743010 timed out. Retrying.
2019-10-16 18:49:11,025 [EventQueue-DeleteBlockStatusForDeletedBlockLogImpl] WARN  block.DeletedBlockLogImpl (DeletedBlockLogImpl.java:commitTransactions(205)) - Transaction txId=1 commit by dnId=52bfa4dc-bcba-4693-b6e2-7f231a44b6db for containerID=#1 failed. Corresponding entry not found.
2019-10-16 18:49:11,025 [EventQueue-DeleteBlockStatusForDeletedBlockLogImpl] WARN  block.DeletedBlockLogImpl (DeletedBlockLogImpl.java:commitTransactions(205)) - Transaction txId=1 commit by dnId=52bfa4dc-bcba-4693-b6e2-7f231a44b6db for containerID=#1 failed. Corresponding entry not found.
2019-10-16 18:49:11,026 [EventQueue-DeleteBlockStatusForDeletedBlockLogImpl] WARN  block.DeletedBlockLogImpl (DeletedBlockLogImpl.java:commitTransactions(205)) - Transaction txId=1 commit by dnId=52bfa4dc-bcba-4693-b6e2-7f231a44b6db for containerID=#1 failed. Corresponding entry not found.
2019-10-16 18:49:11,026 [EventQueue-DeleteBlockStatusForDeletedBlockLogImpl] WARN  block.DeletedBlockLogImpl (DeletedBlockLogImpl.java:commitTransactions(205)) - Transaction txId=1 commit by dnId=52bfa4dc-bcba-4693-b6e2-7f231a44b6db for containerID=#1 failed. Corresponding entry not found.
2019-10-16 18:49:11,026 [EventQueue-DeleteBlockStatusForDeletedBlockLogImpl] WARN  block.DeletedBlockLogImpl (DeletedBlockLogImpl.java:commitTransactions(205)) - Transaction txId=1 commit by dnId=52bfa4dc-bcba-4693-b6e2-7f231a44b6db for containerID=#1 failed. Corresponding entry not found.
2019-10-16 18:49:11,026 [IPC Server handler 5 on 37072] WARN  block.DeletedBlockLogImpl (DeletedBlockLogImpl.java:incrementCount(141)) - Deleted TXID not found.
2019-10-16 18:49:11,026 [EventQueue-DeleteBlockStatusForDeletedBlockLogImpl] WARN  block.DeletedBlockLogImpl (DeletedBlockLogImpl.java:commitTransactions(205)) - Transaction txId=1 commit by dnId=52bfa4dc-bcba-4693-b6e2-7f231a44b6db for containerID=#1 failed. Corresponding entry not found.
2019-10-16 18:49:11,026 [EventQueue-DeleteBlockStatusForDeletedBlockLogImpl] WARN  block.DeletedBlockLogImpl (DeletedBlockLogImpl.java:commitTransactions(205)) - Transaction txId=1 commit by dnId=52bfa4dc-bcba-4693-b6e2-7f231a44b6db for containerID=#1 failed. Corresponding entry not found.
2019-10-16 18:49:11,075 [Thread-884] INFO  client.GrpcClientProtocolService (GrpcClientProtocolService.java:lambda$processClientRequest$0(278)) - Failed RaftClientRequest:client-F1A042848956->0d5b4e59-aa2f-4fe6-b072-73846da82a05@group-753D53B6DDFB, cid=10, seq=0, Watch-ALL_COMMITTED(6), Message:<EMPTY>, reply=RaftClientReply:client-F1A042848956->0d5b4e59-aa2f-4fe6-b072-73846da82a05@group-753D53B6DDFB, cid=10, FAILED org.apache.ratis.protocol.NotLeaderException: Server 0d5b4e59-aa2f-4fe6-b072-73846da82a05@group-753D53B6DDFB is not the leader, logIndex=0, commits[0d5b4e59-aa2f-4fe6-b072-73846da82a05:c10, 52bfa4dc-bcba-4693-b6e2-7f231a44b6db:c4, c0368dd1-c4a9-4bcb-a2d2-6d6b66c0e12a:c10]
2019-10-16 18:49:11,124 [IPC Server handler 1 on 37072] WARN  block.DeletedBlockLogImpl (DeletedBlockLogImpl.java:incrementCount(141)) - Deleted TXID not found.
2019-10-16 18:49:11,125 [IPC Server handler 1 on 37072] WARN  block.DeletedBlockLogImpl (DeletedBlockLogImpl.java:incrementCount(141)) - Deleted TXID not found.
2019-10-16 18:49:11,125 [IPC Server handler 1 on 37072] WARN  block.DeletedBlockLogImpl (DeletedBlockLogImpl.java:incrementCount(141)) - Deleted TXID not found.
2019-10-16 18:49:11,125 [IPC Server handler 1 on 37072] WARN  block.DeletedBlockLogImpl (DeletedBlockLogImpl.java:incrementCount(141)) - Deleted TXID not found.
2019-10-16 18:49:11,125 [IPC Server handler 1 on 37072] WARN  block.DeletedBlockLogImpl (DeletedBlockLogImpl.java:incrementCount(141)) - Deleted TXID not found.
2019-10-16 18:49:11,126 [IPC Server handler 1 on 37072] WARN  block.DeletedBlockLogImpl (DeletedBlockLogImpl.java:incrementCount(141)) - Deleted TXID not found.
2019-10-16 18:49:11,126 [IPC Server handler 1 on 37072] WARN  block.DeletedBlockLogImpl (DeletedBlockLogImpl.java:incrementCount(141)) - Deleted TXID not found.
2019-10-16 18:49:11,168 [Thread-882] INFO  impl.FollowerState (FollowerState.java:run(108)) - 52bfa4dc-bcba-4693-b6e2-7f231a44b6db@group-753D53B6DDFB-FollowerState: change to CANDIDATE, lastRpcTime:197ms, electionTimeout:197ms
2019-10-16 18:49:11,169 [Thread-882] INFO  impl.RoleInfo (RoleInfo.java:shutdownFollowerState(121)) - 52bfa4dc-bcba-4693-b6e2-7f231a44b6db: shutdown FollowerState
2019-10-16 18:49:11,169 [Thread-882] INFO  impl.RaftServerImpl (RaftServerImpl.java:setRole(184)) - 52bfa4dc-bcba-4693-b6e2-7f231a44b6db@group-753D53B6DDFB: changes role from  FOLLOWER to CANDIDATE at term 49 for changeToCandidate
2019-10-16 18:49:11,169 [Thread-882] INFO  impl.RoleInfo (RoleInfo.java:updateAndGet(143)) - 52bfa4dc-bcba-4693-b6e2-7f231a44b6db: start LeaderElection
2019-10-16 18:49:11,218 [52bfa4dc-bcba-4693-b6e2-7f231a44b6db@group-753D53B6DDFB-LeaderElection44] INFO  impl.LeaderElection (LeaderElection.java:askForVotes(178)) - 52bfa4dc-bcba-4693-b6e2-7f231a44b6db@group-753D53B6DDFB-LeaderElection44: begin an election at term 50 for 0: [0d5b4e59-aa2f-4fe6-b072-73846da82a05:192.168.157.202:39744, 52bfa4dc-bcba-4693-b6e2-7f231a44b6db:192.168.157.202:43025, c0368dd1-c4a9-4bcb-a2d2-6d6b66c0e12a:192.168.157.202:44847], old=null
2019-10-16 18:49:11,220 [grpc-default-executor-4] INFO  impl.RaftServerImpl (RaftServerImpl.java:setRole(184)) - 0d5b4e59-aa2f-4fe6-b072-73846da82a05@group-753D53B6DDFB: changes role from  FOLLOWER to FOLLOWER at term 50 for recognizeCandidate:52bfa4dc-bcba-4693-b6e2-7f231a44b6db
2019-10-16 18:49:11,221 [grpc-default-executor-4] INFO  impl.RoleInfo (RoleInfo.java:shutdownFollowerState(121)) - 0d5b4e59-aa2f-4fe6-b072-73846da82a05: shutdown FollowerState
2019-10-16 18:49:11,221 [grpc-default-executor-4] INFO  impl.RoleInfo (RoleInfo.java:updateAndGet(143)) - 0d5b4e59-aa2f-4fe6-b072-73846da82a05: start FollowerState
2019-10-16 18:49:11,221 [Thread-880] INFO  impl.FollowerState (FollowerState.java:run(117)) - 0d5b4e59-aa2f-4fe6-b072-73846da82a05@group-753D53B6DDFB-FollowerState was interrupted: java.lang.InterruptedException: sleep interrupted
2019-10-16 18:49:11,221 [grpc-default-executor-6] INFO  impl.RaftServerImpl (RaftServerImpl.java:setRole(184)) - c0368dd1-c4a9-4bcb-a2d2-6d6b66c0e12a@group-753D53B6DDFB: changes role from  FOLLOWER to FOLLOWER at term 50 for recognizeCandidate:52bfa4dc-bcba-4693-b6e2-7f231a44b6db
2019-10-16 18:49:11,221 [grpc-default-executor-6] INFO  impl.RoleInfo (RoleInfo.java:shutdownFollowerState(121)) - c0368dd1-c4a9-4bcb-a2d2-6d6b66c0e12a: shutdown FollowerState
2019-10-16 18:49:11,221 [Thread-881] INFO  impl.FollowerState (FollowerState.java:run(117)) - c0368dd1-c4a9-4bcb-a2d2-6d6b66c0e12a@group-753D53B6DDFB-FollowerState was interrupted: java.lang.InterruptedException: sleep interrupted
2019-10-16 18:49:11,221 [grpc-default-executor-6] INFO  impl.RoleInfo (RoleInfo.java:updateAndGet(143)) - c0368dd1-c4a9-4bcb-a2d2-6d6b66c0e12a: start FollowerState
2019-10-16 18:49:11,236 [52bfa4dc-bcba-4693-b6e2-7f231a44b6db@group-753D53B6DDFB-LeaderElection44] INFO  impl.LeaderElection (LeaderElection.java:logAndReturn(56)) - 52bfa4dc-bcba-4693-b6e2-7f231a44b6db@group-753D53B6DDFB-LeaderElection44: Election REJECTED; received 2 response(s) [52bfa4dc-bcba-4693-b6e2-7f231a44b6db<-0d5b4e59-aa2f-4fe6-b072-73846da82a05#0:FAIL-t50, 52bfa4dc-bcba-4693-b6e2-7f231a44b6db<-c0368dd1-c4a9-4bcb-a2d2-6d6b66c0e12a#0:FAIL-t50] and 0 exception(s); 52bfa4dc-bcba-4693-b6e2-7f231a44b6db@group-753D53B6DDFB:t50, leader=null, voted=52bfa4dc-bcba-4693-b6e2-7f231a44b6db, raftlog=52bfa4dc-bcba-4693-b6e2-7f231a44b6db@group-753D53B6DDFB-SegmentedRaftLog:OPENED:c3,f4,i4, conf=0: [0d5b4e59-aa2f-4fe6-b072-73846da82a05:192.168.157.202:39744, 52bfa4dc-bcba-4693-b6e2-7f231a44b6db:192.168.157.202:43025, c0368dd1-c4a9-4bcb-a2d2-6d6b66c0e12a:192.168.157.202:44847], old=null
2019-10-16 18:49:11,237 [52bfa4dc-bcba-4693-b6e2-7f231a44b6db@group-753D53B6DDFB-LeaderElection44] INFO  impl.RaftServerImpl (RaftServerImpl.java:setRole(184)) - 52bfa4dc-bcba-4693-b6e2-7f231a44b6db@group-753D53B6DDFB: changes role from CANDIDATE to FOLLOWER at term 50 for DISCOVERED_A_NEW_TERM
2019-10-16 18:49:11,237 [52bfa4dc-bcba-4693-b6e2-7f231a44b6db@group-753D53B6DDFB-LeaderElection44] INFO  impl.RoleInfo (RoleInfo.java:shutdownLeaderElection(134)) - 52bfa4dc-bcba-4693-b6e2-7f231a44b6db: shutdown LeaderElection
2019-10-16 18:49:11,237 [52bfa4dc-bcba-4693-b6e2-7f231a44b6db@group-753D53B6DDFB-LeaderElection44] INFO  impl.RoleInfo (RoleInfo.java:updateAndGet(143)) - 52bfa4dc-bcba-4693-b6e2-7f231a44b6db: start FollowerState
2019-10-16 18:49:11,291 [BlockDeletingService#2] WARN  background.BlockDeletingService (BlockDeletingService.java:isDeletionAllowed(187)) - Close Container log Index 6 is not replicated across allthe servers in the pipeline 7043c0de-230d-480f-89cc-753d53b6ddfb as the min replicated index is 4. Deletion is not allowed in this container yet.
2019-10-16 18:49:11,291 [BlockDeletingService#2] WARN  background.BlockDeletingService (BlockDeletingService.java:isDeletionAllowed(187)) - Close Container log Index 6 is not replicated across allthe servers in the pipeline 7043c0de-230d-480f-89cc-753d53b6ddfb as the min replicated index is 4. Deletion is not allowed in this container yet.
2019-10-16 18:49:11,296 [Thread-891] INFO  impl.FollowerState (FollowerState.java:run(108)) - 52bfa4dc-bcba-4693-b6e2-7f231a44b6db@group-753D53B6DDFB-FollowerState: change to CANDIDATE, lastRpcTime:59ms, electionTimeout:59ms
2019-10-16 18:49:11,296 [Thread-891] INFO  impl.RoleInfo (RoleInfo.java:shutdownFollowerState(121)) - 52bfa4dc-bcba-4693-b6e2-7f231a44b6db: shutdown FollowerState
2019-10-16 18:49:11,297 [Thread-891] INFO  impl.RaftServerImpl (RaftServerImpl.java:setRole(184)) - 52bfa4dc-bcba-4693-b6e2-7f231a44b6db@group-753D53B6DDFB: changes role from  FOLLOWER to CANDIDATE at term 50 for changeToCandidate
2019-10-16 18:49:11,297 [Thread-891] INFO  impl.RoleInfo (RoleInfo.java:updateAndGet(143)) - 52bfa4dc-bcba-4693-b6e2-7f231a44b6db: start LeaderElection
2019-10-16 18:49:11,419 [52bfa4dc-bcba-4693-b6e2-7f231a44b6db@group-753D53B6DDFB-LeaderElection45] INFO  impl.LeaderElection (LeaderElection.java:askForVotes(178)) - 52bfa4dc-bcba-4693-b6e2-7f231a44b6db@group-753D53B6DDFB-LeaderElection45: begin an election at term 51 for 0: [0d5b4e59-aa2f-4fe6-b072-73846da82a05:192.168.157.202:39744, 52bfa4dc-bcba-4693-b6e2-7f231a44b6db:192.168.157.202:43025, c0368dd1-c4a9-4bcb-a2d2-6d6b66c0e12a:192.168.157.202:44847], old=null
2019-10-16 18:49:11,421 [grpc-default-executor-6] INFO  impl.RaftServerImpl (RaftServerImpl.java:setRole(184)) - 0d5b4e59-aa2f-4fe6-b072-73846da82a05@group-753D53B6DDFB: changes role from  FOLLOWER to FOLLOWER at term 51 for recognizeCandidate:52bfa4dc-bcba-4693-b6e2-7f231a44b6db
2019-10-16 18:49:11,421 [grpc-default-executor-4] INFO  impl.RaftServerImpl (RaftServerImpl.java:setRole(184)) - c0368dd1-c4a9-4bcb-a2d2-6d6b66c0e12a@group-753D53B6DDFB: changes role from  FOLLOWER to FOLLOWER at term 51 for recognizeCandidate:52bfa4dc-bcba-4693-b6e2-7f231a44b6db
2019-10-16 18:49:11,422 [grpc-default-executor-4] INFO  impl.RoleInfo (RoleInfo.java:shutdownFollowerState(121)) - c0368dd1-c4a9-4bcb-a2d2-6d6b66c0e12a: shutdown FollowerState
2019-10-16 18:49:11,421 [grpc-default-executor-6] INFO  impl.RoleInfo (RoleInfo.java:shutdownFollowerState(121)) - 0d5b4e59-aa2f-4fe6-b072-73846da82a05: shutdown FollowerState
2019-10-16 18:49:11,422 [Thread-890] INFO  impl.FollowerState (FollowerState.java:run(117)) - c0368dd1-c4a9-4bcb-a2d2-6d6b66c0e12a@group-753D53B6DDFB-FollowerState was interrupted: java.lang.InterruptedException: sleep interrupted
2019-10-16 18:49:11,422 [grpc-default-executor-4] INFO  impl.RoleInfo (RoleInfo.java:updateAndGet(143)) - c0368dd1-c4a9-4bcb-a2d2-6d6b66c0e12a: start FollowerState
2019-10-16 18:49:11,422 [Thread-889] INFO  impl.FollowerState (FollowerState.java:run(117)) - 0d5b4e59-aa2f-4fe6-b072-73846da82a05@group-753D53B6DDFB-FollowerState was interrupted: java.lang.InterruptedException: sleep interrupted
2019-10-16 18:49:11,422 [grpc-default-executor-6] INFO  impl.RoleInfo (RoleInfo.java:updateAndGet(143)) - 0d5b4e59-aa2f-4fe6-b072-73846da82a05: start FollowerState
2019-10-16 18:49:11,434 [52bfa4dc-bcba-4693-b6e2-7f231a44b6db@group-753D53B6DDFB-LeaderElection45] INFO  impl.LeaderElection (LeaderElection.java:logAndReturn(56)) - 52bfa4dc-bcba-4693-b6e2-7f231a44b6db@group-753D53B6DDFB-LeaderElection45: Election REJECTED; received 2 response(s) [52bfa4dc-bcba-4693-b6e2-7f231a44b6db<-0d5b4e59-aa2f-4fe6-b072-73846da82a05#0:FAIL-t51, 52bfa4dc-bcba-4693-b6e2-7f231a44b6db<-c0368dd1-c4a9-4bcb-a2d2-6d6b66c0e12a#0:FAIL-t51] and 0 exception(s); 52bfa4dc-bcba-4693-b6e2-7f231a44b6db@group-753D53B6DDFB:t51, leader=null, voted=52bfa4dc-bcba-4693-b6e2-7f231a44b6db, raftlog=52bfa4dc-bcba-4693-b6e2-7f231a44b6db@group-753D53B6DDFB-SegmentedRaftLog:OPENED:c3,f4,i4, conf=0: [0d5b4e59-aa2f-4fe6-b072-73846da82a05:192.168.157.202:39744, 52bfa4dc-bcba-4693-b6e2-7f231a44b6db:192.168.157.202:43025, c0368dd1-c4a9-4bcb-a2d2-6d6b66c0e12a:192.168.157.202:44847], old=null
2019-10-16 18:49:11,434 [52bfa4dc-bcba-4693-b6e2-7f231a44b6db@group-753D53B6DDFB-LeaderElection45] INFO  impl.RaftServerImpl (RaftServerImpl.java:setRole(184)) - 52bfa4dc-bcba-4693-b6e2-7f231a44b6db@group-753D53B6DDFB: changes role from CANDIDATE to FOLLOWER at term 51 for DISCOVERED_A_NEW_TERM
2019-10-16 18:49:11,434 [52bfa4dc-bcba-4693-b6e2-7f231a44b6db@group-753D53B6DDFB-LeaderElection45] INFO  impl.RoleInfo (RoleInfo.java:shutdownLeaderElection(134)) - 52bfa4dc-bcba-4693-b6e2-7f231a44b6db: shutdown LeaderElection
2019-10-16 18:49:11,434 [52bfa4dc-bcba-4693-b6e2-7f231a44b6db@group-753D53B6DDFB-LeaderElection45] INFO  impl.RoleInfo (RoleInfo.java:updateAndGet(143)) - 52bfa4dc-bcba-4693-b6e2-7f231a44b6db: start FollowerState
2019-10-16 18:49:11,485 [Thread-899] INFO  impl.FollowerState (FollowerState.java:run(108)) - 52bfa4dc-bcba-4693-b6e2-7f231a44b6db@group-753D53B6DDFB-FollowerState: change to CANDIDATE, lastRpcTime:50ms, electionTimeout:50ms
2019-10-16 18:49:11,485 [Thread-899] INFO  impl.RoleInfo (RoleInfo.java:shutdownFollowerState(121)) - 52bfa4dc-bcba-4693-b6e2-7f231a44b6db: shutdown FollowerState
2019-10-16 18:49:11,485 [Thread-899] INFO  impl.RaftServerImpl (RaftServerImpl.java:setRole(184)) - 52bfa4dc-bcba-4693-b6e2-7f231a44b6db@group-753D53B6DDFB: changes role from  FOLLOWER to CANDIDATE at term 51 for changeToCandidate
2019-10-16 18:49:11,485 [Thread-899] INFO  impl.RoleInfo (RoleInfo.java:updateAndGet(143)) - 52bfa4dc-bcba-4693-b6e2-7f231a44b6db: start LeaderElection
2019-10-16 18:49:11,502 [52bfa4dc-bcba-4693-b6e2-7f231a44b6db@group-753D53B6DDFB-LeaderElection46] INFO  impl.LeaderElection (LeaderElection.java:askForVotes(178)) - 52bfa4dc-bcba-4693-b6e2-7f231a44b6db@group-753D53B6DDFB-LeaderElection46: begin an election at term 52 for 0: [0d5b4e59-aa2f-4fe6-b072-73846da82a05:192.168.157.202:39744, 52bfa4dc-bcba-4693-b6e2-7f231a44b6db:192.168.157.202:43025, c0368dd1-c4a9-4bcb-a2d2-6d6b66c0e12a:192.168.157.202:44847], old=null
2019-10-16 18:49:11,504 [grpc-default-executor-4] INFO  impl.RaftServerImpl (RaftServerImpl.java:setRole(184)) - c0368dd1-c4a9-4bcb-a2d2-6d6b66c0e12a@group-753D53B6DDFB: changes role from  FOLLOWER to FOLLOWER at term 52 for recognizeCandidate:52bfa4dc-bcba-4693-b6e2-7f231a44b6db
2019-10-16 18:49:11,504 [grpc-default-executor-6] INFO  impl.RaftServerImpl (RaftServerImpl.java:setRole(184)) - 0d5b4e59-aa2f-4fe6-b072-73846da82a05@group-753D53B6DDFB: changes role from  FOLLOWER to FOLLOWER at term 52 for recognizeCandidate:52bfa4dc-bcba-4693-b6e2-7f231a44b6db
2019-10-16 18:49:11,505 [grpc-default-executor-4] INFO  impl.RoleInfo (RoleInfo.java:shutdownFollowerState(121)) - c0368dd1-c4a9-4bcb-a2d2-6d6b66c0e12a: shutdown FollowerState
2019-10-16 18:49:11,505 [grpc-default-executor-6] INFO  impl.RoleInfo (RoleInfo.java:shutdownFollowerState(121)) - 0d5b4e59-aa2f-4fe6-b072-73846da82a05: shutdown FollowerState
2019-10-16 18:49:11,505 [Thread-897] INFO  impl.FollowerState (FollowerState.java:run(117)) - c0368dd1-c4a9-4bcb-a2d2-6d6b66c0e12a@group-753D53B6DDFB-FollowerState was interrupted: java.lang.InterruptedException: sleep interrupted
2019-10-16 18:49:11,505 [grpc-default-executor-4] INFO  impl.RoleInfo (RoleInfo.java:updateAndGet(143)) - c0368dd1-c4a9-4bcb-a2d2-6d6b66c0e12a: start FollowerState
2019-10-16 18:49:11,505 [Thread-898] INFO  impl.FollowerState (FollowerState.java:run(117)) - 0d5b4e59-aa2f-4fe6-b072-73846da82a05@group-753D53B6DDFB-FollowerState was interrupted: java.lang.InterruptedException: sleep interrupted
2019-10-16 18:49:11,505 [grpc-default-executor-6] INFO  impl.RoleInfo (RoleInfo.java:updateAndGet(143)) - 0d5b4e59-aa2f-4fe6-b072-73846da82a05: start FollowerState
2019-10-16 18:49:11,516 [52bfa4dc-bcba-4693-b6e2-7f231a44b6db@group-753D53B6DDFB-LeaderElection46] INFO  impl.LeaderElection (LeaderElection.java:logAndReturn(56)) - 52bfa4dc-bcba-4693-b6e2-7f231a44b6db@group-753D53B6DDFB-LeaderElection46: Election REJECTED; received 2 response(s) [52bfa4dc-bcba-4693-b6e2-7f231a44b6db<-0d5b4e59-aa2f-4fe6-b072-73846da82a05#0:FAIL-t52, 52bfa4dc-bcba-4693-b6e2-7f231a44b6db<-c0368dd1-c4a9-4bcb-a2d2-6d6b66c0e12a#0:FAIL-t52] and 0 exception(s); 52bfa4dc-bcba-4693-b6e2-7f231a44b6db@group-753D53B6DDFB:t52, leader=null, voted=52bfa4dc-bcba-4693-b6e2-7f231a44b6db, raftlog=52bfa4dc-bcba-4693-b6e2-7f231a44b6db@group-753D53B6DDFB-SegmentedRaftLog:OPENED:c3,f4,i4, conf=0: [0d5b4e59-aa2f-4fe6-b072-73846da82a05:192.168.157.202:39744, 52bfa4dc-bcba-4693-b6e2-7f231a44b6db:192.168.157.202:43025, c0368dd1-c4a9-4bcb-a2d2-6d6b66c0e12a:192.168.157.202:44847], old=null
2019-10-16 18:49:11,516 [52bfa4dc-bcba-4693-b6e2-7f231a44b6db@group-753D53B6DDFB-LeaderElection46] INFO  impl.RaftServerImpl (RaftServerImpl.java:setRole(184)) - 52bfa4dc-bcba-4693-b6e2-7f231a44b6db@group-753D53B6DDFB: changes role from CANDIDATE to FOLLOWER at term 52 for DISCOVERED_A_NEW_TERM
2019-10-16 18:49:11,516 [52bfa4dc-bcba-4693-b6e2-7f231a44b6db@group-753D53B6DDFB-LeaderElection46] INFO  impl.RoleInfo (RoleInfo.java:shutdownLeaderElection(134)) - 52bfa4dc-bcba-4693-b6e2-7f231a44b6db: shutdown LeaderElection
2019-10-16 18:49:11,516 [52bfa4dc-bcba-4693-b6e2-7f231a44b6db@group-753D53B6DDFB-LeaderElection46] INFO  impl.RoleInfo (RoleInfo.java:updateAndGet(143)) - 52bfa4dc-bcba-4693-b6e2-7f231a44b6db: start FollowerState
2019-10-16 18:49:11,585 [Thread-905] INFO  impl.FollowerState (FollowerState.java:run(108)) - 52bfa4dc-bcba-4693-b6e2-7f231a44b6db@group-753D53B6DDFB-FollowerState: change to CANDIDATE, lastRpcTime:69ms, electionTimeout:69ms
2019-10-16 18:49:11,586 [Thread-905] INFO  impl.RoleInfo (RoleInfo.java:shutdownFollowerState(121)) - 52bfa4dc-bcba-4693-b6e2-7f231a44b6db: shutdown FollowerState
2019-10-16 18:49:11,586 [Thread-905] INFO  impl.RaftServerImpl (RaftServerImpl.java:setRole(184)) - 52bfa4dc-bcba-4693-b6e2-7f231a44b6db@group-753D53B6DDFB: changes role from  FOLLOWER to CANDIDATE at term 52 for changeToCandidate
2019-10-16 18:49:11,586 [Thread-905] INFO  impl.RoleInfo (RoleInfo.java:updateAndGet(143)) - 52bfa4dc-bcba-4693-b6e2-7f231a44b6db: start LeaderElection
2019-10-16 18:49:11,606 [52bfa4dc-bcba-4693-b6e2-7f231a44b6db@group-753D53B6DDFB-LeaderElection47] INFO  impl.LeaderElection (LeaderElection.java:askForVotes(178)) - 52bfa4dc-bcba-4693-b6e2-7f231a44b6db@group-753D53B6DDFB-LeaderElection47: begin an election at term 53 for 0: [0d5b4e59-aa2f-4fe6-b072-73846da82a05:192.168.157.202:39744, 52bfa4dc-bcba-4693-b6e2-7f231a44b6db:192.168.157.202:43025, c0368dd1-c4a9-4bcb-a2d2-6d6b66c0e12a:192.168.157.202:44847], old=null
2019-10-16 18:49:11,609 [grpc-default-executor-4] INFO  impl.RaftServerImpl (RaftServerImpl.java:setRole(184)) - 0d5b4e59-aa2f-4fe6-b072-73846da82a05@group-753D53B6DDFB: changes role from  FOLLOWER to FOLLOWER at term 53 for recognizeCandidate:52bfa4dc-bcba-4693-b6e2-7f231a44b6db
2019-10-16 18:49:11,609 [grpc-default-executor-6] INFO  impl.RaftServerImpl (RaftServerImpl.java:setRole(184)) - c0368dd1-c4a9-4bcb-a2d2-6d6b66c0e12a@group-753D53B6DDFB: changes role from  FOLLOWER to FOLLOWER at term 53 for recognizeCandidate:52bfa4dc-bcba-4693-b6e2-7f231a44b6db
2019-10-16 18:49:11,609 [grpc-default-executor-4] INFO  impl.RoleInfo (RoleInfo.java:shutdownFollowerState(121)) - 0d5b4e59-aa2f-4fe6-b072-73846da82a05: shutdown FollowerState
2019-10-16 18:49:11,609 [grpc-default-executor-6] INFO  impl.RoleInfo (RoleInfo.java:shutdownFollowerState(121)) - c0368dd1-c4a9-4bcb-a2d2-6d6b66c0e12a: shutdown FollowerState
2019-10-16 18:49:11,609 [Thread-904] INFO  impl.FollowerState (FollowerState.java:run(117)) - 0d5b4e59-aa2f-4fe6-b072-73846da82a05@group-753D53B6DDFB-FollowerState was interrupted: java.lang.InterruptedException: sleep interrupted
2019-10-16 18:49:11,609 [grpc-default-executor-4] INFO  impl.RoleInfo (RoleInfo.java:updateAndGet(143)) - 0d5b4e59-aa2f-4fe6-b072-73846da82a05: start FollowerState
2019-10-16 18:49:11,610 [Thread-903] INFO  impl.FollowerState (FollowerState.java:run(117)) - c0368dd1-c4a9-4bcb-a2d2-6d6b66c0e12a@group-753D53B6DDFB-FollowerState was interrupted: java.lang.InterruptedException: sleep interrupted
2019-10-16 18:49:11,609 [grpc-default-executor-6] INFO  impl.RoleInfo (RoleInfo.java:updateAndGet(143)) - c0368dd1-c4a9-4bcb-a2d2-6d6b66c0e12a: start FollowerState
2019-10-16 18:49:11,628 [52bfa4dc-bcba-4693-b6e2-7f231a44b6db@group-753D53B6DDFB-LeaderElection47] INFO  impl.LeaderElection (LeaderElection.java:logAndReturn(56)) - 52bfa4dc-bcba-4693-b6e2-7f231a44b6db@group-753D53B6DDFB-LeaderElection47: Election REJECTED; received 2 response(s) [52bfa4dc-bcba-4693-b6e2-7f231a44b6db<-0d5b4e59-aa2f-4fe6-b072-73846da82a05#0:FAIL-t53, 52bfa4dc-bcba-4693-b6e2-7f231a44b6db<-c0368dd1-c4a9-4bcb-a2d2-6d6b66c0e12a#0:FAIL-t53] and 0 exception(s); 52bfa4dc-bcba-4693-b6e2-7f231a44b6db@group-753D53B6DDFB:t53, leader=null, voted=52bfa4dc-bcba-4693-b6e2-7f231a44b6db, raftlog=52bfa4dc-bcba-4693-b6e2-7f231a44b6db@group-753D53B6DDFB-SegmentedRaftLog:OPENED:c3,f4,i4, conf=0: [0d5b4e59-aa2f-4fe6-b072-73846da82a05:192.168.157.202:39744, 52bfa4dc-bcba-4693-b6e2-7f231a44b6db:192.168.157.202:43025, c0368dd1-c4a9-4bcb-a2d2-6d6b66c0e12a:192.168.157.202:44847], old=null
2019-10-16 18:49:11,628 [52bfa4dc-bcba-4693-b6e2-7f231a44b6db@group-753D53B6DDFB-LeaderElection47] INFO  impl.RaftServerImpl (RaftServerImpl.java:setRole(184)) - 52bfa4dc-bcba-4693-b6e2-7f231a44b6db@group-753D53B6DDFB: changes role from CANDIDATE to FOLLOWER at term 53 for DISCOVERED_A_NEW_TERM
2019-10-16 18:49:11,628 [52bfa4dc-bcba-4693-b6e2-7f231a44b6db@group-753D53B6DDFB-LeaderElection47] INFO  impl.RoleInfo (RoleInfo.java:shutdownLeaderElection(134)) - 52bfa4dc-bcba-4693-b6e2-7f231a44b6db: shutdown LeaderElection
2019-10-16 18:49:11,628 [52bfa4dc-bcba-4693-b6e2-7f231a44b6db@group-753D53B6DDFB-LeaderElection47] INFO  impl.RoleInfo (RoleInfo.java:updateAndGet(143)) - 52bfa4dc-bcba-4693-b6e2-7f231a44b6db: start FollowerState
2019-10-16 18:49:11,754 [Thread-911] INFO  impl.FollowerState (FollowerState.java:run(108)) - 52bfa4dc-bcba-4693-b6e2-7f231a44b6db@group-753D53B6DDFB-FollowerState: change to CANDIDATE, lastRpcTime:125ms, electionTimeout:125ms
2019-10-16 18:49:11,754 [Thread-911] INFO  impl.RoleInfo (RoleInfo.java:shutdownFollowerState(121)) - 52bfa4dc-bcba-4693-b6e2-7f231a44b6db: shutdown FollowerState
2019-10-16 18:49:11,754 [Thread-911] INFO  impl.RaftServerImpl (RaftServerImpl.java:setRole(184)) - 52bfa4dc-bcba-4693-b6e2-7f231a44b6db@group-753D53B6DDFB: changes role from  FOLLOWER to CANDIDATE at term 53 for changeToCandidate
2019-10-16 18:49:11,754 [Thread-911] INFO  impl.RoleInfo (RoleInfo.java:updateAndGet(143)) - 52bfa4dc-bcba-4693-b6e2-7f231a44b6db: start LeaderElection
2019-10-16 18:49:11,771 [52bfa4dc-bcba-4693-b6e2-7f231a44b6db@group-753D53B6DDFB-LeaderElection48] INFO  impl.LeaderElection (LeaderElection.java:askForVotes(178)) - 52bfa4dc-bcba-4693-b6e2-7f231a44b6db@group-753D53B6DDFB-LeaderElection48: begin an election at term 54 for 0: [0d5b4e59-aa2f-4fe6-b072-73846da82a05:192.168.157.202:39744, 52bfa4dc-bcba-4693-b6e2-7f231a44b6db:192.168.157.202:43025, c0368dd1-c4a9-4bcb-a2d2-6d6b66c0e12a:192.168.157.202:44847], old=null
2019-10-16 18:49:11,773 [grpc-default-executor-6] INFO  impl.RaftServerImpl (RaftServerImpl.java:setRole(184)) - 0d5b4e59-aa2f-4fe6-b072-73846da82a05@group-753D53B6DDFB: changes role from  FOLLOWER to FOLLOWER at term 54 for recognizeCandidate:52bfa4dc-bcba-4693-b6e2-7f231a44b6db
2019-10-16 18:49:11,773 [grpc-default-executor-4] INFO  impl.RaftServerImpl (RaftServerImpl.java:setRole(184)) - c0368dd1-c4a9-4bcb-a2d2-6d6b66c0e12a@group-753D53B6DDFB: changes role from  FOLLOWER to FOLLOWER at term 54 for recognizeCandidate:52bfa4dc-bcba-4693-b6e2-7f231a44b6db
2019-10-16 18:49:11,773 [grpc-default-executor-6] INFO  impl.RoleInfo (RoleInfo.java:shutdownFollowerState(121)) - 0d5b4e59-aa2f-4fe6-b072-73846da82a05: shutdown FollowerState
2019-10-16 18:49:11,773 [grpc-default-executor-4] INFO  impl.RoleInfo (RoleInfo.java:shutdownFollowerState(121)) - c0368dd1-c4a9-4bcb-a2d2-6d6b66c0e12a: shutdown FollowerState
2019-10-16 18:49:11,774 [Thread-909] INFO  impl.FollowerState (FollowerState.java:run(117)) - 0d5b4e59-aa2f-4fe6-b072-73846da82a05@group-753D53B6DDFB-FollowerState was interrupted: java.lang.InterruptedException: sleep interrupted
2019-10-16 18:49:11,774 [grpc-default-executor-6] INFO  impl.RoleInfo (RoleInfo.java:updateAndGet(143)) - 0d5b4e59-aa2f-4fe6-b072-73846da82a05: start FollowerState
2019-10-16 18:49:11,774 [Thread-910] INFO  impl.FollowerState (FollowerState.java:run(117)) - c0368dd1-c4a9-4bcb-a2d2-6d6b66c0e12a@group-753D53B6DDFB-FollowerState was interrupted: java.lang.InterruptedException: sleep interrupted
2019-10-16 18:49:11,774 [grpc-default-executor-4] INFO  impl.RoleInfo (RoleInfo.java:updateAndGet(143)) - c0368dd1-c4a9-4bcb-a2d2-6d6b66c0e12a: start FollowerState
2019-10-16 18:49:11,785 [52bfa4dc-bcba-4693-b6e2-7f231a44b6db@group-753D53B6DDFB-LeaderElection48] INFO  impl.LeaderElection (LeaderElection.java:logAndReturn(56)) - 52bfa4dc-bcba-4693-b6e2-7f231a44b6db@group-753D53B6DDFB-LeaderElection48: Election REJECTED; received 2 response(s) [52bfa4dc-bcba-4693-b6e2-7f231a44b6db<-0d5b4e59-aa2f-4fe6-b072-73846da82a05#0:FAIL-t54, 52bfa4dc-bcba-4693-b6e2-7f231a44b6db<-c0368dd1-c4a9-4bcb-a2d2-6d6b66c0e12a#0:FAIL-t54] and 0 exception(s); 52bfa4dc-bcba-4693-b6e2-7f231a44b6db@group-753D53B6DDFB:t54, leader=null, voted=52bfa4dc-bcba-4693-b6e2-7f231a44b6db, raftlog=52bfa4dc-bcba-4693-b6e2-7f231a44b6db@group-753D53B6DDFB-SegmentedRaftLog:OPENED:c3,f4,i4, conf=0: [0d5b4e59-aa2f-4fe6-b072-73846da82a05:192.168.157.202:39744, 52bfa4dc-bcba-4693-b6e2-7f231a44b6db:192.168.157.202:43025, c0368dd1-c4a9-4bcb-a2d2-6d6b66c0e12a:192.168.157.202:44847], old=null
2019-10-16 18:49:11,785 [52bfa4dc-bcba-4693-b6e2-7f231a44b6db@group-753D53B6DDFB-LeaderElection48] INFO  impl.RaftServerImpl (RaftServerImpl.java:setRole(184)) - 52bfa4dc-bcba-4693-b6e2-7f231a44b6db@group-753D53B6DDFB: changes role from CANDIDATE to FOLLOWER at term 54 for DISCOVERED_A_NEW_TERM
2019-10-16 18:49:11,785 [52bfa4dc-bcba-4693-b6e2-7f231a44b6db@group-753D53B6DDFB-LeaderElection48] INFO  impl.RoleInfo (RoleInfo.java:shutdownLeaderElection(134)) - 52bfa4dc-bcba-4693-b6e2-7f231a44b6db: shutdown LeaderElection
2019-10-16 18:49:11,785 [52bfa4dc-bcba-4693-b6e2-7f231a44b6db@group-753D53B6DDFB-LeaderElection48] INFO  impl.RoleInfo (RoleInfo.java:updateAndGet(143)) - 52bfa4dc-bcba-4693-b6e2-7f231a44b6db: start FollowerState
2019-10-16 18:49:11,812 [Thread-917] INFO  impl.FollowerState (FollowerState.java:run(108)) - 52bfa4dc-bcba-4693-b6e2-7f231a44b6db@group-753D53B6DDFB-FollowerState: change to CANDIDATE, lastRpcTime:26ms, electionTimeout:26ms
2019-10-16 18:49:11,812 [Thread-917] INFO  impl.RoleInfo (RoleInfo.java:shutdownFollowerState(121)) - 52bfa4dc-bcba-4693-b6e2-7f231a44b6db: shutdown FollowerState
2019-10-16 18:49:11,812 [Thread-917] INFO  impl.RaftServerImpl (RaftServerImpl.java:setRole(184)) - 52bfa4dc-bcba-4693-b6e2-7f231a44b6db@group-753D53B6DDFB: changes role from  FOLLOWER to CANDIDATE at term 54 for changeToCandidate
2019-10-16 18:49:11,812 [Thread-917] INFO  impl.RoleInfo (RoleInfo.java:updateAndGet(143)) - 52bfa4dc-bcba-4693-b6e2-7f231a44b6db: start LeaderElection
2019-10-16 18:49:11,827 [52bfa4dc-bcba-4693-b6e2-7f231a44b6db@group-753D53B6DDFB-LeaderElection49] INFO  impl.LeaderElection (LeaderElection.java:askForVotes(178)) - 52bfa4dc-bcba-4693-b6e2-7f231a44b6db@group-753D53B6DDFB-LeaderElection49: begin an election at term 55 for 0: [0d5b4e59-aa2f-4fe6-b072-73846da82a05:192.168.157.202:39744, 52bfa4dc-bcba-4693-b6e2-7f231a44b6db:192.168.157.202:43025, c0368dd1-c4a9-4bcb-a2d2-6d6b66c0e12a:192.168.157.202:44847], old=null
2019-10-16 18:49:11,828 [grpc-default-executor-4] INFO  impl.RaftServerImpl (RaftServerImpl.java:setRole(184)) - 0d5b4e59-aa2f-4fe6-b072-73846da82a05@group-753D53B6DDFB: changes role from  FOLLOWER to FOLLOWER at term 55 for recognizeCandidate:52bfa4dc-bcba-4693-b6e2-7f231a44b6db
2019-10-16 18:49:11,828 [grpc-default-executor-4] INFO  impl.RoleInfo (RoleInfo.java:shutdownFollowerState(121)) - 0d5b4e59-aa2f-4fe6-b072-73846da82a05: shutdown FollowerState
2019-10-16 18:49:11,828 [grpc-default-executor-6] INFO  impl.RaftServerImpl (RaftServerImpl.java:setRole(184)) - c0368dd1-c4a9-4bcb-a2d2-6d6b66c0e12a@group-753D53B6DDFB: changes role from  FOLLOWER to FOLLOWER at term 55 for recognizeCandidate:52bfa4dc-bcba-4693-b6e2-7f231a44b6db
2019-10-16 18:49:11,829 [Thread-915] INFO  impl.FollowerState (FollowerState.java:run(117)) - 0d5b4e59-aa2f-4fe6-b072-73846da82a05@group-753D53B6DDFB-FollowerState was interrupted: java.lang.InterruptedException: sleep interrupted
2019-10-16 18:49:11,829 [grpc-default-executor-4] INFO  impl.RoleInfo (RoleInfo.java:updateAndGet(143)) - 0d5b4e59-aa2f-4fe6-b072-73846da82a05: start FollowerState
2019-10-16 18:49:11,829 [grpc-default-executor-6] INFO  impl.RoleInfo (RoleInfo.java:shutdownFollowerState(121)) - c0368dd1-c4a9-4bcb-a2d2-6d6b66c0e12a: shutdown FollowerState
2019-10-16 18:49:11,829 [grpc-default-executor-6] INFO  impl.RoleInfo (RoleInfo.java:updateAndGet(143)) - c0368dd1-c4a9-4bcb-a2d2-6d6b66c0e12a: start FollowerState
2019-10-16 18:49:11,829 [Thread-916] INFO  impl.FollowerState (FollowerState.java:run(117)) - c0368dd1-c4a9-4bcb-a2d2-6d6b66c0e12a@group-753D53B6DDFB-FollowerState was interrupted: java.lang.InterruptedException: sleep interrupted
2019-10-16 18:49:11,858 [52bfa4dc-bcba-4693-b6e2-7f231a44b6db@group-753D53B6DDFB-LeaderElection49] INFO  impl.LeaderElection (LeaderElection.java:logAndReturn(56)) - 52bfa4dc-bcba-4693-b6e2-7f231a44b6db@group-753D53B6DDFB-LeaderElection49: Election REJECTED; received 2 response(s) [52bfa4dc-bcba-4693-b6e2-7f231a44b6db<-0d5b4e59-aa2f-4fe6-b072-73846da82a05#0:FAIL-t55, 52bfa4dc-bcba-4693-b6e2-7f231a44b6db<-c0368dd1-c4a9-4bcb-a2d2-6d6b66c0e12a#0:FAIL-t55] and 0 exception(s); 52bfa4dc-bcba-4693-b6e2-7f231a44b6db@group-753D53B6DDFB:t55, leader=null, voted=52bfa4dc-bcba-4693-b6e2-7f231a44b6db, raftlog=52bfa4dc-bcba-4693-b6e2-7f231a44b6db@group-753D53B6DDFB-SegmentedRaftLog:OPENED:c3,f4,i4, conf=0: [0d5b4e59-aa2f-4fe6-b072-73846da82a05:192.168.157.202:39744, 52bfa4dc-bcba-4693-b6e2-7f231a44b6db:192.168.157.202:43025, c0368dd1-c4a9-4bcb-a2d2-6d6b66c0e12a:192.168.157.202:44847], old=null
2019-10-16 18:49:11,858 [52bfa4dc-bcba-4693-b6e2-7f231a44b6db@group-753D53B6DDFB-LeaderElection49] INFO  impl.RaftServerImpl (RaftServerImpl.java:setRole(184)) - 52bfa4dc-bcba-4693-b6e2-7f231a44b6db@group-753D53B6DDFB: changes role from CANDIDATE to FOLLOWER at term 55 for DISCOVERED_A_NEW_TERM
2019-10-16 18:49:11,858 [52bfa4dc-bcba-4693-b6e2-7f231a44b6db@group-753D53B6DDFB-LeaderElection49] INFO  impl.RoleInfo (RoleInfo.java:shutdownLeaderElection(134)) - 52bfa4dc-bcba-4693-b6e2-7f231a44b6db: shutdown LeaderElection
2019-10-16 18:49:11,859 [52bfa4dc-bcba-4693-b6e2-7f231a44b6db@group-753D53B6DDFB-LeaderElection49] INFO  impl.RoleInfo (RoleInfo.java:updateAndGet(143)) - 52bfa4dc-bcba-4693-b6e2-7f231a44b6db: start FollowerState
2019-10-16 18:49:11,922 [Command processor thread] INFO  commandhandler.DeleteBlocksCommandHandler (DeleteBlocksCommandHandler.java:handle(106)) - Start to delete container blocks, TXIDs=[1(30)], numOfContainers=1, numOfBlocks=1
2019-10-16 18:49:11,923 [Command processor thread] INFO  commandhandler.DeleteBlocksCommandHandler (DeleteBlocksCommandHandler.java:handle(106)) - Start to delete container blocks, TXIDs=[1(38)], numOfContainers=1, numOfBlocks=1
2019-10-16 18:49:11,923 [Command processor thread] INFO  commandhandler.DeleteBlocksCommandHandler (DeleteBlocksCommandHandler.java:handle(106)) - Start to delete container blocks, TXIDs=[1(0)], numOfContainers=1, numOfBlocks=1
2019-10-16 18:49:11,923 [Command processor thread] INFO  commandhandler.DeleteBlocksCommandHandler (DeleteBlocksCommandHandler.java:handle(106)) - Start to delete container blocks, TXIDs=[1(2)], numOfContainers=1, numOfBlocks=1
2019-10-16 18:49:11,924 [Command processor thread] INFO  commandhandler.DeleteBlocksCommandHandler (DeleteBlocksCommandHandler.java:handle(106)) - Start to delete container blocks, TXIDs=[1(2)], numOfContainers=1, numOfBlocks=1
2019-10-16 18:49:11,924 [Command processor thread] INFO  commandhandler.DeleteBlocksCommandHandler (DeleteBlocksCommandHandler.java:handle(106)) - Start to delete container blocks, TXIDs=[1(2)], numOfContainers=1, numOfBlocks=1
2019-10-16 18:49:11,924 [Command processor thread] INFO  commandhandler.DeleteBlocksCommandHandler (DeleteBlocksCommandHandler.java:handle(106)) - Start to delete container blocks, TXIDs=[1(2)], numOfContainers=1, numOfBlocks=1
2019-10-16 18:49:11,924 [Command processor thread] INFO  commandhandler.DeleteBlocksCommandHandler (DeleteBlocksCommandHandler.java:handle(106)) - Start to delete container blocks, TXIDs=[1(2)], numOfContainers=1, numOfBlocks=1
2019-10-16 18:49:11,925 [Command processor thread] INFO  commandhandler.DeleteBlocksCommandHandler (DeleteBlocksCommandHandler.java:handle(106)) - Start to delete container blocks, TXIDs=[1(2)], numOfContainers=1, numOfBlocks=1
2019-10-16 18:49:11,993 [Thread-924] INFO  impl.FollowerState (FollowerState.java:run(108)) - 52bfa4dc-bcba-4693-b6e2-7f231a44b6db@group-753D53B6DDFB-FollowerState: change to CANDIDATE, lastRpcTime:134ms, electionTimeout:134ms
2019-10-16 18:49:11,993 [Thread-924] INFO  impl.RoleInfo (RoleInfo.java:shutdownFollowerState(121)) - 52bfa4dc-bcba-4693-b6e2-7f231a44b6db: shutdown FollowerState
2019-10-16 18:49:11,993 [Thread-924] INFO  impl.RaftServerImpl (RaftServerImpl.java:setRole(184)) - 52bfa4dc-bcba-4693-b6e2-7f231a44b6db@group-753D53B6DDFB: changes role from  FOLLOWER to CANDIDATE at term 55 for changeToCandidate
2019-10-16 18:49:11,993 [Thread-924] INFO  impl.RoleInfo (RoleInfo.java:updateAndGet(143)) - 52bfa4dc-bcba-4693-b6e2-7f231a44b6db: start LeaderElection
2019-10-16 18:49:12,016 [52bfa4dc-bcba-4693-b6e2-7f231a44b6db@group-753D53B6DDFB-LeaderElection50] INFO  impl.LeaderElection (LeaderElection.java:askForVotes(178)) - 52bfa4dc-bcba-4693-b6e2-7f231a44b6db@group-753D53B6DDFB-LeaderElection50: begin an election at term 56 for 0: [0d5b4e59-aa2f-4fe6-b072-73846da82a05:192.168.157.202:39744, 52bfa4dc-bcba-4693-b6e2-7f231a44b6db:192.168.157.202:43025, c0368dd1-c4a9-4bcb-a2d2-6d6b66c0e12a:192.168.157.202:44847], old=null
2019-10-16 18:49:12,018 [grpc-default-executor-6] INFO  impl.RaftServerImpl (RaftServerImpl.java:setRole(184)) - 0d5b4e59-aa2f-4fe6-b072-73846da82a05@group-753D53B6DDFB: changes role from  FOLLOWER to FOLLOWER at term 56 for recognizeCandidate:52bfa4dc-bcba-4693-b6e2-7f231a44b6db
2019-10-16 18:49:12,018 [grpc-default-executor-6] INFO  impl.RoleInfo (RoleInfo.java:shutdownFollowerState(121)) - 0d5b4e59-aa2f-4fe6-b072-73846da82a05: shutdown FollowerState
2019-10-16 18:49:12,019 [grpc-default-executor-6] INFO  impl.RoleInfo (RoleInfo.java:updateAndGet(143)) - 0d5b4e59-aa2f-4fe6-b072-73846da82a05: start FollowerState
2019-10-16 18:49:12,019 [grpc-default-executor-4] INFO  impl.RaftServerImpl (RaftServerImpl.java:setRole(184)) - c0368dd1-c4a9-4bcb-a2d2-6d6b66c0e12a@group-753D53B6DDFB: changes role from  FOLLOWER to FOLLOWER at term 56 for recognizeCandidate:52bfa4dc-bcba-4693-b6e2-7f231a44b6db
2019-10-16 18:49:12,019 [Thread-922] INFO  impl.FollowerState (FollowerState.java:run(117)) - 0d5b4e59-aa2f-4fe6-b072-73846da82a05@group-753D53B6DDFB-FollowerState was interrupted: java.lang.InterruptedException: sleep interrupted
2019-10-16 18:49:12,019 [grpc-default-executor-4] INFO  impl.RoleInfo (RoleInfo.java:shutdownFollowerState(121)) - c0368dd1-c4a9-4bcb-a2d2-6d6b66c0e12a: shutdown FollowerState
2019-10-16 18:49:12,019 [grpc-default-executor-4] INFO  impl.RoleInfo (RoleInfo.java:updateAndGet(143)) - c0368dd1-c4a9-4bcb-a2d2-6d6b66c0e12a: start FollowerState
2019-10-16 18:49:12,019 [Thread-923] INFO  impl.FollowerState (FollowerState.java:run(117)) - c0368dd1-c4a9-4bcb-a2d2-6d6b66c0e12a@group-753D53B6DDFB-FollowerState was interrupted: java.lang.InterruptedException: sleep interrupted
2019-10-16 18:49:12,023 [pool-7-thread-6] INFO  commands.RetriableDatanodeEventWatcher (RetriableDatanodeEventWatcher.java:onTimeout(47)) - RetriableDatanodeCommand type=deleteBlocksCommand with id=1571251743016 timed out. Retrying.
2019-10-16 18:49:12,025 [IPC Server handler 15 on 37072] WARN  block.DeletedBlockLogImpl (DeletedBlockLogImpl.java:incrementCount(141)) - Deleted TXID not found.
2019-10-16 18:49:12,026 [EventQueue-DeleteBlockStatusForEventWatcher$$Lambda$29/1337192014] WARN  events.EventWatcher (EventWatcher.java:lambda$start$0(110)) - Completion event without active lease. Id=1571251743007
2019-10-16 18:49:12,026 [EventQueue-DeleteBlockStatusForDeletedBlockLogImpl] WARN  block.DeletedBlockLogImpl (DeletedBlockLogImpl.java:commitTransactions(205)) - Transaction txId=1 commit by dnId=52bfa4dc-bcba-4693-b6e2-7f231a44b6db for containerID=#1 failed. Corresponding entry not found.
2019-10-16 18:49:12,026 [EventQueue-DeleteBlockStatusForEventWatcher$$Lambda$29/1337192014] WARN  events.EventWatcher (EventWatcher.java:lambda$start$0(110)) - Completion event without active lease. Id=1571251743011
2019-10-16 18:49:12,026 [EventQueue-DeleteBlockStatusForDeletedBlockLogImpl] WARN  block.DeletedBlockLogImpl (DeletedBlockLogImpl.java:commitTransactions(205)) - Transaction txId=1 commit by dnId=52bfa4dc-bcba-4693-b6e2-7f231a44b6db for containerID=#1 failed. Corresponding entry not found.
2019-10-16 18:49:12,026 [EventQueue-DeleteBlockStatusForEventWatcher$$Lambda$29/1337192014] WARN  events.EventWatcher (EventWatcher.java:lambda$start$0(110)) - Completion event without active lease. Id=1571251743010
2019-10-16 18:49:12,026 [EventQueue-DeleteBlockStatusForDeletedBlockLogImpl] WARN  block.DeletedBlockLogImpl (DeletedBlockLogImpl.java:commitTransactions(205)) - Transaction txId=1 commit by dnId=52bfa4dc-bcba-4693-b6e2-7f231a44b6db for containerID=#1 failed. Corresponding entry not found.
2019-10-16 18:49:12,026 [EventQueue-DeleteBlockStatusForEventWatcher$$Lambda$29/1337192014] WARN  events.EventWatcher (EventWatcher.java:lambda$start$0(110)) - Completion event without active lease. Id=1571251743009
2019-10-16 18:49:12,026 [EventQueue-DeleteBlockStatusForDeletedBlockLogImpl] WARN  block.DeletedBlockLogImpl (DeletedBlockLogImpl.java:commitTransactions(205)) - Transaction txId=1 commit by dnId=52bfa4dc-bcba-4693-b6e2-7f231a44b6db for containerID=#1 failed. Corresponding entry not found.
2019-10-16 18:49:12,026 [EventQueue-DeleteBlockStatusForEventWatcher$$Lambda$29/1337192014] WARN  events.EventWatcher (EventWatcher.java:lambda$start$0(110)) - Completion event without active lease. Id=1571251743015
2019-10-16 18:49:12,026 [EventQueue-DeleteBlockStatusForDeletedBlockLogImpl] WARN  block.DeletedBlockLogImpl (DeletedBlockLogImpl.java:commitTransactions(205)) - Transaction txId=1 commit by dnId=52bfa4dc-bcba-4693-b6e2-7f231a44b6db for containerID=#1 failed. Corresponding entry not found.
2019-10-16 18:49:12,026 [EventQueue-DeleteBlockStatusForEventWatcher$$Lambda$29/1337192014] WARN  events.EventWatcher (EventWatcher.java:lambda$start$0(110)) - Completion event without active lease. Id=1571251743014
2019-10-16 18:49:12,027 [EventQueue-DeleteBlockStatusForDeletedBlockLogImpl] WARN  block.DeletedBlockLogImpl (DeletedBlockLogImpl.java:commitTransactions(205)) - Transaction txId=1 commit by dnId=52bfa4dc-bcba-4693-b6e2-7f231a44b6db for containerID=#1 failed. Corresponding entry not found.
2019-10-16 18:49:12,027 [EventQueue-DeleteBlockStatusForEventWatcher$$Lambda$29/1337192014] WARN  events.EventWatcher (EventWatcher.java:lambda$start$0(110)) - Completion event without active lease. Id=1571251743013
2019-10-16 18:49:12,027 [EventQueue-DeleteBlockStatusForDeletedBlockLogImpl] WARN  block.DeletedBlockLogImpl (DeletedBlockLogImpl.java:commitTransactions(205)) - Transaction txId=1 commit by dnId=52bfa4dc-bcba-4693-b6e2-7f231a44b6db for containerID=#1 failed. Corresponding entry not found.
2019-10-16 18:49:12,027 [EventQueue-DeleteBlockStatusForEventWatcher$$Lambda$29/1337192014] WARN  events.EventWatcher (EventWatcher.java:lambda$start$0(110)) - Completion event without active lease. Id=1571251743012
2019-10-16 18:49:12,027 [EventQueue-DeleteBlockStatusForDeletedBlockLogImpl] WARN  block.DeletedBlockLogImpl (DeletedBlockLogImpl.java:commitTransactions(205)) - Transaction txId=1 commit by dnId=52bfa4dc-bcba-4693-b6e2-7f231a44b6db for containerID=#1 failed. Corresponding entry not found.
2019-10-16 18:49:12,027 [EventQueue-DeleteBlockStatusForDeletedBlockLogImpl] WARN  block.DeletedBlockLogImpl (DeletedBlockLogImpl.java:commitTransactions(205)) - Transaction txId=1 commit by dnId=52bfa4dc-bcba-4693-b6e2-7f231a44b6db for containerID=#1 failed. Corresponding entry not found.
2019-10-16 18:49:12,046 [52bfa4dc-bcba-4693-b6e2-7f231a44b6db@group-753D53B6DDFB-LeaderElection50] INFO  impl.LeaderElection (LeaderElection.java:logAndReturn(56)) - 52bfa4dc-bcba-4693-b6e2-7f231a44b6db@group-753D53B6DDFB-LeaderElection50: Election REJECTED; received 2 response(s) [52bfa4dc-bcba-4693-b6e2-7f231a44b6db<-0d5b4e59-aa2f-4fe6-b072-73846da82a05#0:FAIL-t56, 52bfa4dc-bcba-4693-b6e2-7f231a44b6db<-c0368dd1-c4a9-4bcb-a2d2-6d6b66c0e12a#0:FAIL-t56] and 0 exception(s); 52bfa4dc-bcba-4693-b6e2-7f231a44b6db@group-753D53B6DDFB:t56, leader=null, voted=52bfa4dc-bcba-4693-b6e2-7f231a44b6db, raftlog=52bfa4dc-bcba-4693-b6e2-7f231a44b6db@group-753D53B6DDFB-SegmentedRaftLog:OPENED:c3,f4,i4, conf=0: [0d5b4e59-aa2f-4fe6-b072-73846da82a05:192.168.157.202:39744, 52bfa4dc-bcba-4693-b6e2-7f231a44b6db:192.168.157.202:43025, c0368dd1-c4a9-4bcb-a2d2-6d6b66c0e12a:192.168.157.202:44847], old=null
2019-10-16 18:49:12,046 [52bfa4dc-bcba-4693-b6e2-7f231a44b6db@group-753D53B6DDFB-LeaderElection50] INFO  impl.RaftServerImpl (RaftServerImpl.java:setRole(184)) - 52bfa4dc-bcba-4693-b6e2-7f231a44b6db@group-753D53B6DDFB: changes role from CANDIDATE to FOLLOWER at term 56 for DISCOVERED_A_NEW_TERM
2019-10-16 18:49:12,046 [52bfa4dc-bcba-4693-b6e2-7f231a44b6db@group-753D53B6DDFB-LeaderElection50] INFO  impl.RoleInfo (RoleInfo.java:shutdownLeaderElection(134)) - 52bfa4dc-bcba-4693-b6e2-7f231a44b6db: shutdown LeaderElection
2019-10-16 18:49:12,046 [52bfa4dc-bcba-4693-b6e2-7f231a44b6db@group-753D53B6DDFB-LeaderElection50] INFO  impl.RoleInfo (RoleInfo.java:updateAndGet(143)) - 52bfa4dc-bcba-4693-b6e2-7f231a44b6db: start FollowerState
2019-10-16 18:49:12,068 [Thread-930] INFO  impl.FollowerState (FollowerState.java:run(108)) - 52bfa4dc-bcba-4693-b6e2-7f231a44b6db@group-753D53B6DDFB-FollowerState: change to CANDIDATE, lastRpcTime:21ms, electionTimeout:21ms
2019-10-16 18:49:12,068 [Thread-930] INFO  impl.RoleInfo (RoleInfo.java:shutdownFollowerState(121)) - 52bfa4dc-bcba-4693-b6e2-7f231a44b6db: shutdown FollowerState
2019-10-16 18:49:12,068 [Thread-930] INFO  impl.RaftServerImpl (RaftServerImpl.java:setRole(184)) - 52bfa4dc-bcba-4693-b6e2-7f231a44b6db@group-753D53B6DDFB: changes role from  FOLLOWER to CANDIDATE at term 56 for changeToCandidate
2019-10-16 18:49:12,068 [Thread-930] INFO  impl.RoleInfo (RoleInfo.java:updateAndGet(143)) - 52bfa4dc-bcba-4693-b6e2-7f231a44b6db: start LeaderElection
2019-10-16 18:49:12,073 [52bfa4dc-bcba-4693-b6e2-7f231a44b6db@group-753D53B6DDFB-LeaderElection51] INFO  impl.LeaderElection (LeaderElection.java:askForVotes(178)) - 52bfa4dc-bcba-4693-b6e2-7f231a44b6db@group-753D53B6DDFB-LeaderElection51: begin an election at term 57 for 0: [0d5b4e59-aa2f-4fe6-b072-73846da82a05:192.168.157.202:39744, 52bfa4dc-bcba-4693-b6e2-7f231a44b6db:192.168.157.202:43025, c0368dd1-c4a9-4bcb-a2d2-6d6b66c0e12a:192.168.157.202:44847], old=null
2019-10-16 18:49:12,075 [grpc-default-executor-4] INFO  impl.RaftServerImpl (RaftServerImpl.java:setRole(184)) - 0d5b4e59-aa2f-4fe6-b072-73846da82a05@group-753D53B6DDFB: changes role from  FOLLOWER to FOLLOWER at term 57 for recognizeCandidate:52bfa4dc-bcba-4693-b6e2-7f231a44b6db
2019-10-16 18:49:12,075 [grpc-default-executor-4] INFO  impl.RoleInfo (RoleInfo.java:shutdownFollowerState(121)) - 0d5b4e59-aa2f-4fe6-b072-73846da82a05: shutdown FollowerState
2019-10-16 18:49:12,075 [grpc-default-executor-4] INFO  impl.RoleInfo (RoleInfo.java:updateAndGet(143)) - 0d5b4e59-aa2f-4fe6-b072-73846da82a05: start FollowerState
2019-10-16 18:49:12,075 [Thread-928] INFO  impl.FollowerState (FollowerState.java:run(117)) - 0d5b4e59-aa2f-4fe6-b072-73846da82a05@group-753D53B6DDFB-FollowerState was interrupted: java.lang.InterruptedException: sleep interrupted
2019-10-16 18:49:12,076 [grpc-default-executor-6] INFO  impl.RaftServerImpl (RaftServerImpl.java:setRole(184)) - c0368dd1-c4a9-4bcb-a2d2-6d6b66c0e12a@group-753D53B6DDFB: changes role from  FOLLOWER to FOLLOWER at term 57 for recognizeCandidate:52bfa4dc-bcba-4693-b6e2-7f231a44b6db
2019-10-16 18:49:12,076 [grpc-default-executor-6] INFO  impl.RoleInfo (RoleInfo.java:shutdownFollowerState(121)) - c0368dd1-c4a9-4bcb-a2d2-6d6b66c0e12a: shutdown FollowerState
2019-10-16 18:49:12,076 [grpc-default-executor-6] INFO  impl.RoleInfo (RoleInfo.java:updateAndGet(143)) - c0368dd1-c4a9-4bcb-a2d2-6d6b66c0e12a: start FollowerState
2019-10-16 18:49:12,076 [Thread-929] INFO  impl.FollowerState (FollowerState.java:run(117)) - c0368dd1-c4a9-4bcb-a2d2-6d6b66c0e12a@group-753D53B6DDFB-FollowerState was interrupted: java.lang.InterruptedException: sleep interrupted
2019-10-16 18:49:12,086 [Thread-937] INFO  client.GrpcClientProtocolService (GrpcClientProtocolService.java:lambda$processClientRequest$0(278)) - Failed RaftClientRequest:client-F1A042848956->c0368dd1-c4a9-4bcb-a2d2-6d6b66c0e12a@group-753D53B6DDFB, cid=10, seq=0, Watch-ALL_COMMITTED(6), Message:<EMPTY>, reply=RaftClientReply:client-F1A042848956->c0368dd1-c4a9-4bcb-a2d2-6d6b66c0e12a@group-753D53B6DDFB, cid=10, FAILED org.apache.ratis.protocol.NotLeaderException: Server c0368dd1-c4a9-4bcb-a2d2-6d6b66c0e12a@group-753D53B6DDFB is not the leader, logIndex=0, commits[c0368dd1-c4a9-4bcb-a2d2-6d6b66c0e12a:c10, 0d5b4e59-aa2f-4fe6-b072-73846da82a05:c10, 52bfa4dc-bcba-4693-b6e2-7f231a44b6db:c4]
2019-10-16 18:49:12,097 [52bfa4dc-bcba-4693-b6e2-7f231a44b6db@group-753D53B6DDFB-LeaderElection51] INFO  impl.LeaderElection (LeaderElection.java:logAndReturn(56)) - 52bfa4dc-bcba-4693-b6e2-7f231a44b6db@group-753D53B6DDFB-LeaderElection51: Election REJECTED; received 2 response(s) [52bfa4dc-bcba-4693-b6e2-7f231a44b6db<-0d5b4e59-aa2f-4fe6-b072-73846da82a05#0:FAIL-t57, 52bfa4dc-bcba-4693-b6e2-7f231a44b6db<-c0368dd1-c4a9-4bcb-a2d2-6d6b66c0e12a#0:FAIL-t57] and 0 exception(s); 52bfa4dc-bcba-4693-b6e2-7f231a44b6db@group-753D53B6DDFB:t57, leader=null, voted=52bfa4dc-bcba-4693-b6e2-7f231a44b6db, raftlog=52bfa4dc-bcba-4693-b6e2-7f231a44b6db@group-753D53B6DDFB-SegmentedRaftLog:OPENED:c3,f4,i4, conf=0: [0d5b4e59-aa2f-4fe6-b072-73846da82a05:192.168.157.202:39744, 52bfa4dc-bcba-4693-b6e2-7f231a44b6db:192.168.157.202:43025, c0368dd1-c4a9-4bcb-a2d2-6d6b66c0e12a:192.168.157.202:44847], old=null
2019-10-16 18:49:12,097 [52bfa4dc-bcba-4693-b6e2-7f231a44b6db@group-753D53B6DDFB-LeaderElection51] INFO  impl.RaftServerImpl (RaftServerImpl.java:setRole(184)) - 52bfa4dc-bcba-4693-b6e2-7f231a44b6db@group-753D53B6DDFB: changes role from CANDIDATE to FOLLOWER at term 57 for DISCOVERED_A_NEW_TERM
2019-10-16 18:49:12,097 [52bfa4dc-bcba-4693-b6e2-7f231a44b6db@group-753D53B6DDFB-LeaderElection51] INFO  impl.RoleInfo (RoleInfo.java:shutdownLeaderElection(134)) - 52bfa4dc-bcba-4693-b6e2-7f231a44b6db: shutdown LeaderElection
2019-10-16 18:49:12,097 [52bfa4dc-bcba-4693-b6e2-7f231a44b6db@group-753D53B6DDFB-LeaderElection51] INFO  impl.RoleInfo (RoleInfo.java:updateAndGet(143)) - 52bfa4dc-bcba-4693-b6e2-7f231a44b6db: start FollowerState
2019-10-16 18:49:12,114 [Thread-939] INFO  impl.FollowerState (FollowerState.java:run(108)) - 52bfa4dc-bcba-4693-b6e2-7f231a44b6db@group-753D53B6DDFB-FollowerState: change to CANDIDATE, lastRpcTime:17ms, electionTimeout:17ms
2019-10-16 18:49:12,115 [Thread-939] INFO  impl.RoleInfo (RoleInfo.java:shutdownFollowerState(121)) - 52bfa4dc-bcba-4693-b6e2-7f231a44b6db: shutdown FollowerState
2019-10-16 18:49:12,115 [Thread-939] INFO  impl.RaftServerImpl (RaftServerImpl.java:setRole(184)) - 52bfa4dc-bcba-4693-b6e2-7f231a44b6db@group-753D53B6DDFB: changes role from  FOLLOWER to CANDIDATE at term 57 for changeToCandidate
2019-10-16 18:49:12,115 [Thread-939] INFO  impl.RoleInfo (RoleInfo.java:updateAndGet(143)) - 52bfa4dc-bcba-4693-b6e2-7f231a44b6db: start LeaderElection
2019-10-16 18:49:12,133 [52bfa4dc-bcba-4693-b6e2-7f231a44b6db@group-753D53B6DDFB-LeaderElection52] INFO  impl.LeaderElection (LeaderElection.java:askForVotes(178)) - 52bfa4dc-bcba-4693-b6e2-7f231a44b6db@group-753D53B6DDFB-LeaderElection52: begin an election at term 58 for 0: [0d5b4e59-aa2f-4fe6-b072-73846da82a05:192.168.157.202:39744, 52bfa4dc-bcba-4693-b6e2-7f231a44b6db:192.168.157.202:43025, c0368dd1-c4a9-4bcb-a2d2-6d6b66c0e12a:192.168.157.202:44847], old=null
2019-10-16 18:49:12,136 [grpc-default-executor-6] INFO  impl.RaftServerImpl (RaftServerImpl.java:setRole(184)) - 0d5b4e59-aa2f-4fe6-b072-73846da82a05@group-753D53B6DDFB: changes role from  FOLLOWER to FOLLOWER at term 58 for recognizeCandidate:52bfa4dc-bcba-4693-b6e2-7f231a44b6db
2019-10-16 18:49:12,136 [grpc-default-executor-6] INFO  impl.RoleInfo (RoleInfo.java:shutdownFollowerState(121)) - 0d5b4e59-aa2f-4fe6-b072-73846da82a05: shutdown FollowerState
2019-10-16 18:49:12,136 [grpc-default-executor-4] INFO  impl.RaftServerImpl (RaftServerImpl.java:setRole(184)) - c0368dd1-c4a9-4bcb-a2d2-6d6b66c0e12a@group-753D53B6DDFB: changes role from  FOLLOWER to FOLLOWER at term 58 for recognizeCandidate:52bfa4dc-bcba-4693-b6e2-7f231a44b6db
2019-10-16 18:49:12,136 [Thread-934] INFO  impl.FollowerState (FollowerState.java:run(117)) - 0d5b4e59-aa2f-4fe6-b072-73846da82a05@group-753D53B6DDFB-FollowerState was interrupted: java.lang.InterruptedException: sleep interrupted
2019-10-16 18:49:12,136 [grpc-default-executor-4] INFO  impl.RoleInfo (RoleInfo.java:shutdownFollowerState(121)) - c0368dd1-c4a9-4bcb-a2d2-6d6b66c0e12a: shutdown FollowerState
2019-10-16 18:49:12,136 [grpc-default-executor-6] INFO  impl.RoleInfo (RoleInfo.java:updateAndGet(143)) - 0d5b4e59-aa2f-4fe6-b072-73846da82a05: start FollowerState
2019-10-16 18:49:12,136 [Thread-935] INFO  impl.FollowerState (FollowerState.java:run(117)) - c0368dd1-c4a9-4bcb-a2d2-6d6b66c0e12a@group-753D53B6DDFB-FollowerState was interrupted: java.lang.InterruptedException: sleep interrupted
2019-10-16 18:49:12,136 [grpc-default-executor-4] INFO  impl.RoleInfo (RoleInfo.java:updateAndGet(143)) - c0368dd1-c4a9-4bcb-a2d2-6d6b66c0e12a: start FollowerState
2019-10-16 18:49:12,185 [52bfa4dc-bcba-4693-b6e2-7f231a44b6db@group-753D53B6DDFB-LeaderElection52] INFO  impl.LeaderElection (LeaderElection.java:logAndReturn(56)) - 52bfa4dc-bcba-4693-b6e2-7f231a44b6db@group-753D53B6DDFB-LeaderElection52: Election REJECTED; received 2 response(s) [52bfa4dc-bcba-4693-b6e2-7f231a44b6db<-0d5b4e59-aa2f-4fe6-b072-73846da82a05#0:FAIL-t58, 52bfa4dc-bcba-4693-b6e2-7f231a44b6db<-c0368dd1-c4a9-4bcb-a2d2-6d6b66c0e12a#0:FAIL-t58] and 0 exception(s); 52bfa4dc-bcba-4693-b6e2-7f231a44b6db@group-753D53B6DDFB:t58, leader=null, voted=52bfa4dc-bcba-4693-b6e2-7f231a44b6db, raftlog=52bfa4dc-bcba-4693-b6e2-7f231a44b6db@group-753D53B6DDFB-SegmentedRaftLog:OPENED:c3,f4,i4, conf=0: [0d5b4e59-aa2f-4fe6-b072-73846da82a05:192.168.157.202:39744, 52bfa4dc-bcba-4693-b6e2-7f231a44b6db:192.168.157.202:43025, c0368dd1-c4a9-4bcb-a2d2-6d6b66c0e12a:192.168.157.202:44847], old=null
2019-10-16 18:49:12,185 [52bfa4dc-bcba-4693-b6e2-7f231a44b6db@group-753D53B6DDFB-LeaderElection52] INFO  impl.RaftServerImpl (RaftServerImpl.java:setRole(184)) - 52bfa4dc-bcba-4693-b6e2-7f231a44b6db@group-753D53B6DDFB: changes role from CANDIDATE to FOLLOWER at term 58 for DISCOVERED_A_NEW_TERM
2019-10-16 18:49:12,185 [52bfa4dc-bcba-4693-b6e2-7f231a44b6db@group-753D53B6DDFB-LeaderElection52] INFO  impl.RoleInfo (RoleInfo.java:shutdownLeaderElection(134)) - 52bfa4dc-bcba-4693-b6e2-7f231a44b6db: shutdown LeaderElection
2019-10-16 18:49:12,185 [52bfa4dc-bcba-4693-b6e2-7f231a44b6db@group-753D53B6DDFB-LeaderElection52] INFO  impl.RoleInfo (RoleInfo.java:updateAndGet(143)) - 52bfa4dc-bcba-4693-b6e2-7f231a44b6db: start FollowerState
2019-10-16 18:49:12,216 [Thread-945] INFO  impl.FollowerState (FollowerState.java:run(108)) - 52bfa4dc-bcba-4693-b6e2-7f231a44b6db@group-753D53B6DDFB-FollowerState: change to CANDIDATE, lastRpcTime:30ms, electionTimeout:30ms
2019-10-16 18:49:12,216 [Thread-945] INFO  impl.RoleInfo (RoleInfo.java:shutdownFollowerState(121)) - 52bfa4dc-bcba-4693-b6e2-7f231a44b6db: shutdown FollowerState
2019-10-16 18:49:12,216 [Thread-945] INFO  impl.RaftServerImpl (RaftServerImpl.java:setRole(184)) - 52bfa4dc-bcba-4693-b6e2-7f231a44b6db@group-753D53B6DDFB: changes role from  FOLLOWER to CANDIDATE at term 58 for changeToCandidate
2019-10-16 18:49:12,216 [Thread-945] INFO  impl.RoleInfo (RoleInfo.java:updateAndGet(143)) - 52bfa4dc-bcba-4693-b6e2-7f231a44b6db: start LeaderElection
2019-10-16 18:49:12,221 [52bfa4dc-bcba-4693-b6e2-7f231a44b6db@group-753D53B6DDFB-LeaderElection53] INFO  impl.LeaderElection (LeaderElection.java:askForVotes(178)) - 52bfa4dc-bcba-4693-b6e2-7f231a44b6db@group-753D53B6DDFB-LeaderElection53: begin an election at term 59 for 0: [0d5b4e59-aa2f-4fe6-b072-73846da82a05:192.168.157.202:39744, 52bfa4dc-bcba-4693-b6e2-7f231a44b6db:192.168.157.202:43025, c0368dd1-c4a9-4bcb-a2d2-6d6b66c0e12a:192.168.157.202:44847], old=null
2019-10-16 18:49:12,223 [grpc-default-executor-4] INFO  impl.RaftServerImpl (RaftServerImpl.java:setRole(184)) - c0368dd1-c4a9-4bcb-a2d2-6d6b66c0e12a@group-753D53B6DDFB: changes role from  FOLLOWER to FOLLOWER at term 59 for recognizeCandidate:52bfa4dc-bcba-4693-b6e2-7f231a44b6db
2019-10-16 18:49:12,223 [grpc-default-executor-6] INFO  impl.RaftServerImpl (RaftServerImpl.java:setRole(184)) - 0d5b4e59-aa2f-4fe6-b072-73846da82a05@group-753D53B6DDFB: changes role from  FOLLOWER to FOLLOWER at term 59 for recognizeCandidate:52bfa4dc-bcba-4693-b6e2-7f231a44b6db
2019-10-16 18:49:12,223 [grpc-default-executor-4] INFO  impl.RoleInfo (RoleInfo.java:shutdownFollowerState(121)) - c0368dd1-c4a9-4bcb-a2d2-6d6b66c0e12a: shutdown FollowerState
2019-10-16 18:49:12,223 [grpc-default-executor-6] INFO  impl.RoleInfo (RoleInfo.java:shutdownFollowerState(121)) - 0d5b4e59-aa2f-4fe6-b072-73846da82a05: shutdown FollowerState
2019-10-16 18:49:12,224 [Thread-944] INFO  impl.FollowerState (FollowerState.java:run(117)) - c0368dd1-c4a9-4bcb-a2d2-6d6b66c0e12a@group-753D53B6DDFB-FollowerState was interrupted: java.lang.InterruptedException: sleep interrupted
2019-10-16 18:49:12,223 [grpc-default-executor-4] INFO  impl.RoleInfo (RoleInfo.java:updateAndGet(143)) - c0368dd1-c4a9-4bcb-a2d2-6d6b66c0e12a: start FollowerState
2019-10-16 18:49:12,224 [Thread-943] INFO  impl.FollowerState (FollowerState.java:run(117)) - 0d5b4e59-aa2f-4fe6-b072-73846da82a05@group-753D53B6DDFB-FollowerState was interrupted: java.lang.InterruptedException: sleep interrupted
2019-10-16 18:49:12,224 [grpc-default-executor-6] INFO  impl.RoleInfo (RoleInfo.java:updateAndGet(143)) - 0d5b4e59-aa2f-4fe6-b072-73846da82a05: start FollowerState
2019-10-16 18:49:12,239 [52bfa4dc-bcba-4693-b6e2-7f231a44b6db@group-753D53B6DDFB-LeaderElection53] INFO  impl.LeaderElection (LeaderElection.java:logAndReturn(56)) - 52bfa4dc-bcba-4693-b6e2-7f231a44b6db@group-753D53B6DDFB-LeaderElection53: Election REJECTED; received 2 response(s) [52bfa4dc-bcba-4693-b6e2-7f231a44b6db<-0d5b4e59-aa2f-4fe6-b072-73846da82a05#0:FAIL-t59, 52bfa4dc-bcba-4693-b6e2-7f231a44b6db<-c0368dd1-c4a9-4bcb-a2d2-6d6b66c0e12a#0:FAIL-t59] and 0 exception(s); 52bfa4dc-bcba-4693-b6e2-7f231a44b6db@group-753D53B6DDFB:t59, leader=null, voted=52bfa4dc-bcba-4693-b6e2-7f231a44b6db, raftlog=52bfa4dc-bcba-4693-b6e2-7f231a44b6db@group-753D53B6DDFB-SegmentedRaftLog:OPENED:c3,f4,i4, conf=0: [0d5b4e59-aa2f-4fe6-b072-73846da82a05:192.168.157.202:39744, 52bfa4dc-bcba-4693-b6e2-7f231a44b6db:192.168.157.202:43025, c0368dd1-c4a9-4bcb-a2d2-6d6b66c0e12a:192.168.157.202:44847], old=null
2019-10-16 18:49:12,239 [52bfa4dc-bcba-4693-b6e2-7f231a44b6db@group-753D53B6DDFB-LeaderElection53] INFO  impl.RaftServerImpl (RaftServerImpl.java:setRole(184)) - 52bfa4dc-bcba-4693-b6e2-7f231a44b6db@group-753D53B6DDFB: changes role from CANDIDATE to FOLLOWER at term 59 for DISCOVERED_A_NEW_TERM
2019-10-16 18:49:12,240 [52bfa4dc-bcba-4693-b6e2-7f231a44b6db@group-753D53B6DDFB-LeaderElection53] INFO  impl.RoleInfo (RoleInfo.java:shutdownLeaderElection(134)) - 52bfa4dc-bcba-4693-b6e2-7f231a44b6db: shutdown LeaderElection
2019-10-16 18:49:12,240 [52bfa4dc-bcba-4693-b6e2-7f231a44b6db@group-753D53B6DDFB-LeaderElection53] INFO  impl.RoleInfo (RoleInfo.java:updateAndGet(143)) - 52bfa4dc-bcba-4693-b6e2-7f231a44b6db: start FollowerState
2019-10-16 18:49:12,292 [BlockDeletingService#2] WARN  background.BlockDeletingService (BlockDeletingService.java:isDeletionAllowed(187)) - Close Container log Index 6 is not replicated across allthe servers in the pipeline 7043c0de-230d-480f-89cc-753d53b6ddfb as the min replicated index is 4. Deletion is not allowed in this container yet.
2019-10-16 18:49:12,292 [BlockDeletingService#2] WARN  background.BlockDeletingService (BlockDeletingService.java:isDeletionAllowed(187)) - Close Container log Index 6 is not replicated across allthe servers in the pipeline 7043c0de-230d-480f-89cc-753d53b6ddfb as the min replicated index is 4. Deletion is not allowed in this container yet.
2019-10-16 18:49:12,436 [Thread-951] INFO  impl.FollowerState (FollowerState.java:run(108)) - 52bfa4dc-bcba-4693-b6e2-7f231a44b6db@group-753D53B6DDFB-FollowerState: change to CANDIDATE, lastRpcTime:196ms, electionTimeout:196ms
2019-10-16 18:49:12,436 [Thread-951] INFO  impl.RoleInfo (RoleInfo.java:shutdownFollowerState(121)) - 52bfa4dc-bcba-4693-b6e2-7f231a44b6db: shutdown FollowerState
2019-10-16 18:49:12,436 [Thread-951] INFO  impl.RaftServerImpl (RaftServerImpl.java:setRole(184)) - 52bfa4dc-bcba-4693-b6e2-7f231a44b6db@group-753D53B6DDFB: changes role from  FOLLOWER to CANDIDATE at term 59 for changeToCandidate
2019-10-16 18:49:12,436 [Thread-951] INFO  impl.RoleInfo (RoleInfo.java:updateAndGet(143)) - 52bfa4dc-bcba-4693-b6e2-7f231a44b6db: start LeaderElection
2019-10-16 18:49:12,450 [52bfa4dc-bcba-4693-b6e2-7f231a44b6db@group-753D53B6DDFB-LeaderElection54] INFO  impl.LeaderElection (LeaderElection.java:askForVotes(178)) - 52bfa4dc-bcba-4693-b6e2-7f231a44b6db@group-753D53B6DDFB-LeaderElection54: begin an election at term 60 for 0: [0d5b4e59-aa2f-4fe6-b072-73846da82a05:192.168.157.202:39744, 52bfa4dc-bcba-4693-b6e2-7f231a44b6db:192.168.157.202:43025, c0368dd1-c4a9-4bcb-a2d2-6d6b66c0e12a:192.168.157.202:44847], old=null
2019-10-16 18:49:12,453 [grpc-default-executor-4] INFO  impl.RaftServerImpl (RaftServerImpl.java:setRole(184)) - c0368dd1-c4a9-4bcb-a2d2-6d6b66c0e12a@group-753D53B6DDFB: changes role from  FOLLOWER to FOLLOWER at term 60 for recognizeCandidate:52bfa4dc-bcba-4693-b6e2-7f231a44b6db
2019-10-16 18:49:12,454 [grpc-default-executor-4] INFO  impl.RoleInfo (RoleInfo.java:shutdownFollowerState(121)) - c0368dd1-c4a9-4bcb-a2d2-6d6b66c0e12a: shutdown FollowerState
2019-10-16 18:49:12,454 [grpc-default-executor-6] INFO  impl.RaftServerImpl (RaftServerImpl.java:setRole(184)) - 0d5b4e59-aa2f-4fe6-b072-73846da82a05@group-753D53B6DDFB: changes role from  FOLLOWER to FOLLOWER at term 60 for recognizeCandidate:52bfa4dc-bcba-4693-b6e2-7f231a44b6db
2019-10-16 18:49:12,454 [Thread-949] INFO  impl.FollowerState (FollowerState.java:run(117)) - c0368dd1-c4a9-4bcb-a2d2-6d6b66c0e12a@group-753D53B6DDFB-FollowerState was interrupted: java.lang.InterruptedException: sleep interrupted
2019-10-16 18:49:12,454 [grpc-default-executor-4] INFO  impl.RoleInfo (RoleInfo.java:updateAndGet(143)) - c0368dd1-c4a9-4bcb-a2d2-6d6b66c0e12a: start FollowerState
2019-10-16 18:49:12,454 [grpc-default-executor-6] INFO  impl.RoleInfo (RoleInfo.java:shutdownFollowerState(121)) - 0d5b4e59-aa2f-4fe6-b072-73846da82a05: shutdown FollowerState
2019-10-16 18:49:12,455 [grpc-default-executor-6] INFO  impl.RoleInfo (RoleInfo.java:updateAndGet(143)) - 0d5b4e59-aa2f-4fe6-b072-73846da82a05: start FollowerState
2019-10-16 18:49:12,455 [Thread-950] INFO  impl.FollowerState (FollowerState.java:run(117)) - 0d5b4e59-aa2f-4fe6-b072-73846da82a05@group-753D53B6DDFB-FollowerState was interrupted: java.lang.InterruptedException: sleep interrupted
2019-10-16 18:49:12,480 [52bfa4dc-bcba-4693-b6e2-7f231a44b6db@group-753D53B6DDFB-LeaderElection54] INFO  impl.LeaderElection (LeaderElection.java:logAndReturn(56)) - 52bfa4dc-bcba-4693-b6e2-7f231a44b6db@group-753D53B6DDFB-LeaderElection54: Election REJECTED; received 2 response(s) [52bfa4dc-bcba-4693-b6e2-7f231a44b6db<-0d5b4e59-aa2f-4fe6-b072-73846da82a05#0:FAIL-t60, 52bfa4dc-bcba-4693-b6e2-7f231a44b6db<-c0368dd1-c4a9-4bcb-a2d2-6d6b66c0e12a#0:FAIL-t60] and 0 exception(s); 52bfa4dc-bcba-4693-b6e2-7f231a44b6db@group-753D53B6DDFB:t60, leader=null, voted=52bfa4dc-bcba-4693-b6e2-7f231a44b6db, raftlog=52bfa4dc-bcba-4693-b6e2-7f231a44b6db@group-753D53B6DDFB-SegmentedRaftLog:OPENED:c3,f4,i4, conf=0: [0d5b4e59-aa2f-4fe6-b072-73846da82a05:192.168.157.202:39744, 52bfa4dc-bcba-4693-b6e2-7f231a44b6db:192.168.157.202:43025, c0368dd1-c4a9-4bcb-a2d2-6d6b66c0e12a:192.168.157.202:44847], old=null
2019-10-16 18:49:12,480 [52bfa4dc-bcba-4693-b6e2-7f231a44b6db@group-753D53B6DDFB-LeaderElection54] INFO  impl.RaftServerImpl (RaftServerImpl.java:setRole(184)) - 52bfa4dc-bcba-4693-b6e2-7f231a44b6db@group-753D53B6DDFB: changes role from CANDIDATE to FOLLOWER at term 60 for DISCOVERED_A_NEW_TERM
2019-10-16 18:49:12,481 [52bfa4dc-bcba-4693-b6e2-7f231a44b6db@group-753D53B6DDFB-LeaderElection54] INFO  impl.RoleInfo (RoleInfo.java:shutdownLeaderElection(134)) - 52bfa4dc-bcba-4693-b6e2-7f231a44b6db: shutdown LeaderElection
2019-10-16 18:49:12,481 [52bfa4dc-bcba-4693-b6e2-7f231a44b6db@group-753D53B6DDFB-LeaderElection54] INFO  impl.RoleInfo (RoleInfo.java:updateAndGet(143)) - 52bfa4dc-bcba-4693-b6e2-7f231a44b6db: start FollowerState
2019-10-16 18:49:12,646 [Thread-959] INFO  impl.FollowerState (FollowerState.java:run(108)) - 52bfa4dc-bcba-4693-b6e2-7f231a44b6db@group-753D53B6DDFB-FollowerState: change to CANDIDATE, lastRpcTime:165ms, electionTimeout:165ms
2019-10-16 18:49:12,646 [Thread-959] INFO  impl.RoleInfo (RoleInfo.java:shutdownFollowerState(121)) - 52bfa4dc-bcba-4693-b6e2-7f231a44b6db: shutdown FollowerState
2019-10-16 18:49:12,647 [Thread-959] INFO  impl.RaftServerImpl (RaftServerImpl.java:setRole(184)) - 52bfa4dc-bcba-4693-b6e2-7f231a44b6db@group-753D53B6DDFB: changes role from  FOLLOWER to CANDIDATE at term 60 for changeToCandidate
2019-10-16 18:49:12,647 [Thread-959] INFO  impl.RoleInfo (RoleInfo.java:updateAndGet(143)) - 52bfa4dc-bcba-4693-b6e2-7f231a44b6db: start LeaderElection
2019-10-16 18:49:12,661 [52bfa4dc-bcba-4693-b6e2-7f231a44b6db@group-753D53B6DDFB-LeaderElection55] INFO  impl.LeaderElection (LeaderElection.java:askForVotes(178)) - 52bfa4dc-bcba-4693-b6e2-7f231a44b6db@group-753D53B6DDFB-LeaderElection55: begin an election at term 61 for 0: [0d5b4e59-aa2f-4fe6-b072-73846da82a05:192.168.157.202:39744, 52bfa4dc-bcba-4693-b6e2-7f231a44b6db:192.168.157.202:43025, c0368dd1-c4a9-4bcb-a2d2-6d6b66c0e12a:192.168.157.202:44847], old=null
2019-10-16 18:49:12,664 [grpc-default-executor-4] INFO  impl.RaftServerImpl (RaftServerImpl.java:setRole(184)) - 0d5b4e59-aa2f-4fe6-b072-73846da82a05@group-753D53B6DDFB: changes role from  FOLLOWER to FOLLOWER at term 61 for recognizeCandidate:52bfa4dc-bcba-4693-b6e2-7f231a44b6db
2019-10-16 18:49:12,665 [grpc-default-executor-4] INFO  impl.RoleInfo (RoleInfo.java:shutdownFollowerState(121)) - 0d5b4e59-aa2f-4fe6-b072-73846da82a05: shutdown FollowerState
2019-10-16 18:49:12,665 [grpc-default-executor-6] INFO  impl.RaftServerImpl (RaftServerImpl.java:setRole(184)) - c0368dd1-c4a9-4bcb-a2d2-6d6b66c0e12a@group-753D53B6DDFB: changes role from  FOLLOWER to FOLLOWER at term 61 for recognizeCandidate:52bfa4dc-bcba-4693-b6e2-7f231a44b6db
2019-10-16 18:49:12,665 [Thread-958] INFO  impl.FollowerState (FollowerState.java:run(117)) - 0d5b4e59-aa2f-4fe6-b072-73846da82a05@group-753D53B6DDFB-FollowerState was interrupted: java.lang.InterruptedException: sleep interrupted
2019-10-16 18:49:12,665 [grpc-default-executor-4] INFO  impl.RoleInfo (RoleInfo.java:updateAndGet(143)) - 0d5b4e59-aa2f-4fe6-b072-73846da82a05: start FollowerState
2019-10-16 18:49:12,665 [grpc-default-executor-6] INFO  impl.RoleInfo (RoleInfo.java:shutdownFollowerState(121)) - c0368dd1-c4a9-4bcb-a2d2-6d6b66c0e12a: shutdown FollowerState
2019-10-16 18:49:12,666 [grpc-default-executor-6] INFO  impl.RoleInfo (RoleInfo.java:updateAndGet(143)) - c0368dd1-c4a9-4bcb-a2d2-6d6b66c0e12a: start FollowerState
2019-10-16 18:49:12,666 [Thread-957] INFO  impl.FollowerState (FollowerState.java:run(117)) - c0368dd1-c4a9-4bcb-a2d2-6d6b66c0e12a@group-753D53B6DDFB-FollowerState was interrupted: java.lang.InterruptedException: sleep interrupted
2019-10-16 18:49:12,669 [52bfa4dc-bcba-4693-b6e2-7f231a44b6db@group-753D53B6DDFB-LeaderElection55] INFO  impl.LeaderElection (LeaderElection.java:logAndReturn(56)) - 52bfa4dc-bcba-4693-b6e2-7f231a44b6db@group-753D53B6DDFB-LeaderElection55: Election TIMEOUT; received 0 response(s) [] and 0 exception(s); 52bfa4dc-bcba-4693-b6e2-7f231a44b6db@group-753D53B6DDFB:t61, leader=null, voted=52bfa4dc-bcba-4693-b6e2-7f231a44b6db, raftlog=52bfa4dc-bcba-4693-b6e2-7f231a44b6db@group-753D53B6DDFB-SegmentedRaftLog:OPENED:c3,f4,i4, conf=0: [0d5b4e59-aa2f-4fe6-b072-73846da82a05:192.168.157.202:39744, 52bfa4dc-bcba-4693-b6e2-7f231a44b6db:192.168.157.202:43025, c0368dd1-c4a9-4bcb-a2d2-6d6b66c0e12a:192.168.157.202:44847], old=null
2019-10-16 18:49:12,677 [52bfa4dc-bcba-4693-b6e2-7f231a44b6db@group-753D53B6DDFB-LeaderElection55] INFO  impl.LeaderElection (LeaderElection.java:askForVotes(178)) - 52bfa4dc-bcba-4693-b6e2-7f231a44b6db@group-753D53B6DDFB-LeaderElection55: begin an election at term 62 for 0: [0d5b4e59-aa2f-4fe6-b072-73846da82a05:192.168.157.202:39744, 52bfa4dc-bcba-4693-b6e2-7f231a44b6db:192.168.157.202:43025, c0368dd1-c4a9-4bcb-a2d2-6d6b66c0e12a:192.168.157.202:44847], old=null
2019-10-16 18:49:12,679 [grpc-default-executor-6] INFO  impl.RaftServerImpl (RaftServerImpl.java:setRole(184)) - 0d5b4e59-aa2f-4fe6-b072-73846da82a05@group-753D53B6DDFB: changes role from  FOLLOWER to FOLLOWER at term 62 for recognizeCandidate:52bfa4dc-bcba-4693-b6e2-7f231a44b6db
2019-10-16 18:49:12,680 [grpc-default-executor-6] INFO  impl.RoleInfo (RoleInfo.java:shutdownFollowerState(121)) - 0d5b4e59-aa2f-4fe6-b072-73846da82a05: shutdown FollowerState
2019-10-16 18:49:12,680 [grpc-default-executor-4] INFO  impl.RaftServerImpl (RaftServerImpl.java:setRole(184)) - c0368dd1-c4a9-4bcb-a2d2-6d6b66c0e12a@group-753D53B6DDFB: changes role from  FOLLOWER to FOLLOWER at term 62 for recognizeCandidate:52bfa4dc-bcba-4693-b6e2-7f231a44b6db
2019-10-16 18:49:12,680 [Thread-965] INFO  impl.FollowerState (FollowerState.java:run(117)) - 0d5b4e59-aa2f-4fe6-b072-73846da82a05@group-753D53B6DDFB-FollowerState was interrupted: java.lang.InterruptedException: sleep interrupted
2019-10-16 18:49:12,680 [grpc-default-executor-6] INFO  impl.RoleInfo (RoleInfo.java:updateAndGet(143)) - 0d5b4e59-aa2f-4fe6-b072-73846da82a05: start FollowerState
2019-10-16 18:49:12,680 [grpc-default-executor-4] INFO  impl.RoleInfo (RoleInfo.java:shutdownFollowerState(121)) - c0368dd1-c4a9-4bcb-a2d2-6d6b66c0e12a: shutdown FollowerState
2019-10-16 18:49:12,681 [grpc-default-executor-4] INFO  impl.RoleInfo (RoleInfo.java:updateAndGet(143)) - c0368dd1-c4a9-4bcb-a2d2-6d6b66c0e12a: start FollowerState
2019-10-16 18:49:12,681 [Thread-966] INFO  impl.FollowerState (FollowerState.java:run(117)) - c0368dd1-c4a9-4bcb-a2d2-6d6b66c0e12a@group-753D53B6DDFB-FollowerState was interrupted: java.lang.InterruptedException: sleep interrupted
2019-10-16 18:49:12,715 [52bfa4dc-bcba-4693-b6e2-7f231a44b6db@group-753D53B6DDFB-LeaderElection55] INFO  impl.LeaderElection (LeaderElection.java:logAndReturn(56)) - 52bfa4dc-bcba-4693-b6e2-7f231a44b6db@group-753D53B6DDFB-LeaderElection55: Election REJECTED; received 2 response(s) [52bfa4dc-bcba-4693-b6e2-7f231a44b6db<-0d5b4e59-aa2f-4fe6-b072-73846da82a05#0:FAIL-t62, 52bfa4dc-bcba-4693-b6e2-7f231a44b6db<-c0368dd1-c4a9-4bcb-a2d2-6d6b66c0e12a#0:FAIL-t62] and 0 exception(s); 52bfa4dc-bcba-4693-b6e2-7f231a44b6db@group-753D53B6DDFB:t62, leader=null, voted=52bfa4dc-bcba-4693-b6e2-7f231a44b6db, raftlog=52bfa4dc-bcba-4693-b6e2-7f231a44b6db@group-753D53B6DDFB-SegmentedRaftLog:OPENED:c3,f4,i4, conf=0: [0d5b4e59-aa2f-4fe6-b072-73846da82a05:192.168.157.202:39744, 52bfa4dc-bcba-4693-b6e2-7f231a44b6db:192.168.157.202:43025, c0368dd1-c4a9-4bcb-a2d2-6d6b66c0e12a:192.168.157.202:44847], old=null
2019-10-16 18:49:12,715 [52bfa4dc-bcba-4693-b6e2-7f231a44b6db@group-753D53B6DDFB-LeaderElection55] INFO  impl.RaftServerImpl (RaftServerImpl.java:setRole(184)) - 52bfa4dc-bcba-4693-b6e2-7f231a44b6db@group-753D53B6DDFB: changes role from CANDIDATE to FOLLOWER at term 62 for DISCOVERED_A_NEW_TERM
2019-10-16 18:49:12,715 [52bfa4dc-bcba-4693-b6e2-7f231a44b6db@group-753D53B6DDFB-LeaderElection55] INFO  impl.RoleInfo (RoleInfo.java:shutdownLeaderElection(134)) - 52bfa4dc-bcba-4693-b6e2-7f231a44b6db: shutdown LeaderElection
2019-10-16 18:49:12,716 [52bfa4dc-bcba-4693-b6e2-7f231a44b6db@group-753D53B6DDFB-LeaderElection55] INFO  impl.RoleInfo (RoleInfo.java:updateAndGet(143)) - 52bfa4dc-bcba-4693-b6e2-7f231a44b6db: start FollowerState
2019-10-16 18:49:12,816 [Thread-971] INFO  impl.FollowerState (FollowerState.java:run(108)) - 52bfa4dc-bcba-4693-b6e2-7f231a44b6db@group-753D53B6DDFB-FollowerState: change to CANDIDATE, lastRpcTime:100ms, electionTimeout:100ms
2019-10-16 18:49:12,816 [Thread-971] INFO  impl.RoleInfo (RoleInfo.java:shutdownFollowerState(121)) - 52bfa4dc-bcba-4693-b6e2-7f231a44b6db: shutdown FollowerState
2019-10-16 18:49:12,816 [Thread-971] INFO  impl.RaftServerImpl (RaftServerImpl.java:setRole(184)) - 52bfa4dc-bcba-4693-b6e2-7f231a44b6db@group-753D53B6DDFB: changes role from  FOLLOWER to CANDIDATE at term 62 for changeToCandidate
2019-10-16 18:49:12,817 [Thread-971] INFO  impl.RoleInfo (RoleInfo.java:updateAndGet(143)) - 52bfa4dc-bcba-4693-b6e2-7f231a44b6db: start LeaderElection
2019-10-16 18:49:12,828 [52bfa4dc-bcba-4693-b6e2-7f231a44b6db@group-753D53B6DDFB-LeaderElection56] INFO  impl.LeaderElection (LeaderElection.java:askForVotes(178)) - 52bfa4dc-bcba-4693-b6e2-7f231a44b6db@group-753D53B6DDFB-LeaderElection56: begin an election at term 63 for 0: [0d5b4e59-aa2f-4fe6-b072-73846da82a05:192.168.157.202:39744, 52bfa4dc-bcba-4693-b6e2-7f231a44b6db:192.168.157.202:43025, c0368dd1-c4a9-4bcb-a2d2-6d6b66c0e12a:192.168.157.202:44847], old=null
2019-10-16 18:49:12,830 [grpc-default-executor-4] INFO  impl.RaftServerImpl (RaftServerImpl.java:setRole(184)) - 0d5b4e59-aa2f-4fe6-b072-73846da82a05@group-753D53B6DDFB: changes role from  FOLLOWER to FOLLOWER at term 63 for recognizeCandidate:52bfa4dc-bcba-4693-b6e2-7f231a44b6db
2019-10-16 18:49:12,830 [grpc-default-executor-4] INFO  impl.RoleInfo (RoleInfo.java:shutdownFollowerState(121)) - 0d5b4e59-aa2f-4fe6-b072-73846da82a05: shutdown FollowerState
2019-10-16 18:49:12,831 [grpc-default-executor-4] INFO  impl.RoleInfo (RoleInfo.java:updateAndGet(143)) - 0d5b4e59-aa2f-4fe6-b072-73846da82a05: start FollowerState
2019-10-16 18:49:12,831 [Thread-969] INFO  impl.FollowerState (FollowerState.java:run(117)) - 0d5b4e59-aa2f-4fe6-b072-73846da82a05@group-753D53B6DDFB-FollowerState was interrupted: java.lang.InterruptedException: sleep interrupted
2019-10-16 18:49:12,831 [grpc-default-executor-6] INFO  impl.RaftServerImpl (RaftServerImpl.java:setRole(184)) - c0368dd1-c4a9-4bcb-a2d2-6d6b66c0e12a@group-753D53B6DDFB: changes role from  FOLLOWER to FOLLOWER at term 63 for recognizeCandidate:52bfa4dc-bcba-4693-b6e2-7f231a44b6db
2019-10-16 18:49:12,831 [grpc-default-executor-6] INFO  impl.RoleInfo (RoleInfo.java:shutdownFollowerState(121)) - c0368dd1-c4a9-4bcb-a2d2-6d6b66c0e12a: shutdown FollowerState
2019-10-16 18:49:12,831 [grpc-default-executor-6] INFO  impl.RoleInfo (RoleInfo.java:updateAndGet(143)) - c0368dd1-c4a9-4bcb-a2d2-6d6b66c0e12a: start FollowerState
2019-10-16 18:49:12,831 [Thread-970] INFO  impl.FollowerState (FollowerState.java:run(117)) - c0368dd1-c4a9-4bcb-a2d2-6d6b66c0e12a@group-753D53B6DDFB-FollowerState was interrupted: java.lang.InterruptedException: sleep interrupted
2019-10-16 18:49:12,837 [52bfa4dc-bcba-4693-b6e2-7f231a44b6db@group-753D53B6DDFB-LeaderElection56] INFO  impl.LeaderElection (LeaderElection.java:logAndReturn(56)) - 52bfa4dc-bcba-4693-b6e2-7f231a44b6db@group-753D53B6DDFB-LeaderElection56: Election REJECTED; received 2 response(s) [52bfa4dc-bcba-4693-b6e2-7f231a44b6db<-0d5b4e59-aa2f-4fe6-b072-73846da82a05#0:FAIL-t63, 52bfa4dc-bcba-4693-b6e2-7f231a44b6db<-c0368dd1-c4a9-4bcb-a2d2-6d6b66c0e12a#0:FAIL-t63] and 0 exception(s); 52bfa4dc-bcba-4693-b6e2-7f231a44b6db@group-753D53B6DDFB:t63, leader=null, voted=52bfa4dc-bcba-4693-b6e2-7f231a44b6db, raftlog=52bfa4dc-bcba-4693-b6e2-7f231a44b6db@group-753D53B6DDFB-SegmentedRaftLog:OPENED:c3,f4,i4, conf=0: [0d5b4e59-aa2f-4fe6-b072-73846da82a05:192.168.157.202:39744, 52bfa4dc-bcba-4693-b6e2-7f231a44b6db:192.168.157.202:43025, c0368dd1-c4a9-4bcb-a2d2-6d6b66c0e12a:192.168.157.202:44847], old=null
2019-10-16 18:49:12,837 [52bfa4dc-bcba-4693-b6e2-7f231a44b6db@group-753D53B6DDFB-LeaderElection56] INFO  impl.RaftServerImpl (RaftServerImpl.java:setRole(184)) - 52bfa4dc-bcba-4693-b6e2-7f231a44b6db@group-753D53B6DDFB: changes role from CANDIDATE to FOLLOWER at term 63 for DISCOVERED_A_NEW_TERM
2019-10-16 18:49:12,837 [52bfa4dc-bcba-4693-b6e2-7f231a44b6db@group-753D53B6DDFB-LeaderElection56] INFO  impl.RoleInfo (RoleInfo.java:shutdownLeaderElection(134)) - 52bfa4dc-bcba-4693-b6e2-7f231a44b6db: shutdown LeaderElection
2019-10-16 18:49:12,837 [52bfa4dc-bcba-4693-b6e2-7f231a44b6db@group-753D53B6DDFB-LeaderElection56] INFO  impl.RoleInfo (RoleInfo.java:updateAndGet(143)) - 52bfa4dc-bcba-4693-b6e2-7f231a44b6db: start FollowerState
2019-10-16 18:49:12,840 [Thread-978] INFO  impl.FollowerState (FollowerState.java:run(108)) - 52bfa4dc-bcba-4693-b6e2-7f231a44b6db@group-753D53B6DDFB-FollowerState: change to CANDIDATE, lastRpcTime:2ms, electionTimeout:2ms
2019-10-16 18:49:12,840 [Thread-978] INFO  impl.RoleInfo (RoleInfo.java:shutdownFollowerState(121)) - 52bfa4dc-bcba-4693-b6e2-7f231a44b6db: shutdown FollowerState
2019-10-16 18:49:12,840 [Thread-978] INFO  impl.RaftServerImpl (RaftServerImpl.java:setRole(184)) - 52bfa4dc-bcba-4693-b6e2-7f231a44b6db@group-753D53B6DDFB: changes role from  FOLLOWER to CANDIDATE at term 63 for changeToCandidate
2019-10-16 18:49:12,840 [Thread-978] INFO  impl.RoleInfo (RoleInfo.java:updateAndGet(143)) - 52bfa4dc-bcba-4693-b6e2-7f231a44b6db: start LeaderElection
2019-10-16 18:49:12,878 [52bfa4dc-bcba-4693-b6e2-7f231a44b6db@group-753D53B6DDFB-LeaderElection57] INFO  impl.LeaderElection (LeaderElection.java:askForVotes(178)) - 52bfa4dc-bcba-4693-b6e2-7f231a44b6db@group-753D53B6DDFB-LeaderElection57: begin an election at term 64 for 0: [0d5b4e59-aa2f-4fe6-b072-73846da82a05:192.168.157.202:39744, 52bfa4dc-bcba-4693-b6e2-7f231a44b6db:192.168.157.202:43025, c0368dd1-c4a9-4bcb-a2d2-6d6b66c0e12a:192.168.157.202:44847], old=null
2019-10-16 18:49:12,880 [grpc-default-executor-6] INFO  impl.RaftServerImpl (RaftServerImpl.java:setRole(184)) - 0d5b4e59-aa2f-4fe6-b072-73846da82a05@group-753D53B6DDFB: changes role from  FOLLOWER to FOLLOWER at term 64 for recognizeCandidate:52bfa4dc-bcba-4693-b6e2-7f231a44b6db
2019-10-16 18:49:12,881 [grpc-default-executor-6] INFO  impl.RoleInfo (RoleInfo.java:shutdownFollowerState(121)) - 0d5b4e59-aa2f-4fe6-b072-73846da82a05: shutdown FollowerState
2019-10-16 18:49:12,881 [grpc-default-executor-6] INFO  impl.RoleInfo (RoleInfo.java:updateAndGet(143)) - 0d5b4e59-aa2f-4fe6-b072-73846da82a05: start FollowerState
2019-10-16 18:49:12,881 [Thread-976] INFO  impl.FollowerState (FollowerState.java:run(117)) - 0d5b4e59-aa2f-4fe6-b072-73846da82a05@group-753D53B6DDFB-FollowerState was interrupted: java.lang.InterruptedException: sleep interrupted
2019-10-16 18:49:12,881 [grpc-default-executor-4] INFO  impl.RaftServerImpl (RaftServerImpl.java:setRole(184)) - c0368dd1-c4a9-4bcb-a2d2-6d6b66c0e12a@group-753D53B6DDFB: changes role from  FOLLOWER to FOLLOWER at term 64 for recognizeCandidate:52bfa4dc-bcba-4693-b6e2-7f231a44b6db
2019-10-16 18:49:12,881 [grpc-default-executor-4] INFO  impl.RoleInfo (RoleInfo.java:shutdownFollowerState(121)) - c0368dd1-c4a9-4bcb-a2d2-6d6b66c0e12a: shutdown FollowerState
2019-10-16 18:49:12,881 [grpc-default-executor-4] INFO  impl.RoleInfo (RoleInfo.java:updateAndGet(143)) - c0368dd1-c4a9-4bcb-a2d2-6d6b66c0e12a: start FollowerState
2019-10-16 18:49:12,881 [Thread-977] INFO  impl.FollowerState (FollowerState.java:run(117)) - c0368dd1-c4a9-4bcb-a2d2-6d6b66c0e12a@group-753D53B6DDFB-FollowerState was interrupted: java.lang.InterruptedException: sleep interrupted
2019-10-16 18:49:12,894 [52bfa4dc-bcba-4693-b6e2-7f231a44b6db@group-753D53B6DDFB-LeaderElection57] INFO  impl.LeaderElection (LeaderElection.java:logAndReturn(56)) - 52bfa4dc-bcba-4693-b6e2-7f231a44b6db@group-753D53B6DDFB-LeaderElection57: Election REJECTED; received 2 response(s) [52bfa4dc-bcba-4693-b6e2-7f231a44b6db<-0d5b4e59-aa2f-4fe6-b072-73846da82a05#0:FAIL-t64, 52bfa4dc-bcba-4693-b6e2-7f231a44b6db<-c0368dd1-c4a9-4bcb-a2d2-6d6b66c0e12a#0:FAIL-t64] and 0 exception(s); 52bfa4dc-bcba-4693-b6e2-7f231a44b6db@group-753D53B6DDFB:t64, leader=null, voted=52bfa4dc-bcba-4693-b6e2-7f231a44b6db, raftlog=52bfa4dc-bcba-4693-b6e2-7f231a44b6db@group-753D53B6DDFB-SegmentedRaftLog:OPENED:c3,f4,i4, conf=0: [0d5b4e59-aa2f-4fe6-b072-73846da82a05:192.168.157.202:39744, 52bfa4dc-bcba-4693-b6e2-7f231a44b6db:192.168.157.202:43025, c0368dd1-c4a9-4bcb-a2d2-6d6b66c0e12a:192.168.157.202:44847], old=null
2019-10-16 18:49:12,895 [52bfa4dc-bcba-4693-b6e2-7f231a44b6db@group-753D53B6DDFB-LeaderElection57] INFO  impl.RaftServerImpl (RaftServerImpl.java:setRole(184)) - 52bfa4dc-bcba-4693-b6e2-7f231a44b6db@group-753D53B6DDFB: changes role from CANDIDATE to FOLLOWER at term 64 for DISCOVERED_A_NEW_TERM
2019-10-16 18:49:12,895 [52bfa4dc-bcba-4693-b6e2-7f231a44b6db@group-753D53B6DDFB-LeaderElection57] INFO  impl.RoleInfo (RoleInfo.java:shutdownLeaderElection(134)) - 52bfa4dc-bcba-4693-b6e2-7f231a44b6db: shutdown LeaderElection
2019-10-16 18:49:12,895 [52bfa4dc-bcba-4693-b6e2-7f231a44b6db@group-753D53B6DDFB-LeaderElection57] INFO  impl.RoleInfo (RoleInfo.java:updateAndGet(143)) - 52bfa4dc-bcba-4693-b6e2-7f231a44b6db: start FollowerState
2019-10-16 18:49:12,943 [Thread-984] INFO  impl.FollowerState (FollowerState.java:run(108)) - 52bfa4dc-bcba-4693-b6e2-7f231a44b6db@group-753D53B6DDFB-FollowerState: change to CANDIDATE, lastRpcTime:48ms, electionTimeout:48ms
2019-10-16 18:49:12,944 [Thread-984] INFO  impl.RoleInfo (RoleInfo.java:shutdownFollowerState(121)) - 52bfa4dc-bcba-4693-b6e2-7f231a44b6db: shutdown FollowerState
2019-10-16 18:49:12,944 [Thread-984] INFO  impl.RaftServerImpl (RaftServerImpl.java:setRole(184)) - 52bfa4dc-bcba-4693-b6e2-7f231a44b6db@group-753D53B6DDFB: changes role from  FOLLOWER to CANDIDATE at term 64 for changeToCandidate
2019-10-16 18:49:12,944 [Thread-984] INFO  impl.RoleInfo (RoleInfo.java:updateAndGet(143)) - 52bfa4dc-bcba-4693-b6e2-7f231a44b6db: start LeaderElection
2019-10-16 18:49:12,966 [52bfa4dc-bcba-4693-b6e2-7f231a44b6db@group-753D53B6DDFB-LeaderElection58] INFO  impl.LeaderElection (LeaderElection.java:askForVotes(178)) - 52bfa4dc-bcba-4693-b6e2-7f231a44b6db@group-753D53B6DDFB-LeaderElection58: begin an election at term 65 for 0: [0d5b4e59-aa2f-4fe6-b072-73846da82a05:192.168.157.202:39744, 52bfa4dc-bcba-4693-b6e2-7f231a44b6db:192.168.157.202:43025, c0368dd1-c4a9-4bcb-a2d2-6d6b66c0e12a:192.168.157.202:44847], old=null
2019-10-16 18:49:12,969 [grpc-default-executor-6] INFO  impl.RaftServerImpl (RaftServerImpl.java:setRole(184)) - 0d5b4e59-aa2f-4fe6-b072-73846da82a05@group-753D53B6DDFB: changes role from  FOLLOWER to FOLLOWER at term 65 for recognizeCandidate:52bfa4dc-bcba-4693-b6e2-7f231a44b6db
2019-10-16 18:49:12,969 [grpc-default-executor-6] INFO  impl.RoleInfo (RoleInfo.java:shutdownFollowerState(121)) - 0d5b4e59-aa2f-4fe6-b072-73846da82a05: shutdown FollowerState
2019-10-16 18:49:12,969 [grpc-default-executor-4] INFO  impl.RaftServerImpl (RaftServerImpl.java:setRole(184)) - c0368dd1-c4a9-4bcb-a2d2-6d6b66c0e12a@group-753D53B6DDFB: changes role from  FOLLOWER to FOLLOWER at term 65 for recognizeCandidate:52bfa4dc-bcba-4693-b6e2-7f231a44b6db
2019-10-16 18:49:12,969 [Thread-982] INFO  impl.FollowerState (FollowerState.java:run(117)) - 0d5b4e59-aa2f-4fe6-b072-73846da82a05@group-753D53B6DDFB-FollowerState was interrupted: java.lang.InterruptedException: sleep interrupted
2019-10-16 18:49:12,969 [grpc-default-executor-6] INFO  impl.RoleInfo (RoleInfo.java:updateAndGet(143)) - 0d5b4e59-aa2f-4fe6-b072-73846da82a05: start FollowerState
2019-10-16 18:49:12,969 [grpc-default-executor-4] INFO  impl.RoleInfo (RoleInfo.java:shutdownFollowerState(121)) - c0368dd1-c4a9-4bcb-a2d2-6d6b66c0e12a: shutdown FollowerState
2019-10-16 18:49:12,970 [grpc-default-executor-4] INFO  impl.RoleInfo (RoleInfo.java:updateAndGet(143)) - c0368dd1-c4a9-4bcb-a2d2-6d6b66c0e12a: start FollowerState
2019-10-16 18:49:12,970 [Thread-983] INFO  impl.FollowerState (FollowerState.java:run(117)) - c0368dd1-c4a9-4bcb-a2d2-6d6b66c0e12a@group-753D53B6DDFB-FollowerState was interrupted: java.lang.InterruptedException: sleep interrupted
2019-10-16 18:49:12,989 [52bfa4dc-bcba-4693-b6e2-7f231a44b6db@group-753D53B6DDFB-LeaderElection58] INFO  impl.LeaderElection (LeaderElection.java:logAndReturn(56)) - 52bfa4dc-bcba-4693-b6e2-7f231a44b6db@group-753D53B6DDFB-LeaderElection58: Election REJECTED; received 2 response(s) [52bfa4dc-bcba-4693-b6e2-7f231a44b6db<-0d5b4e59-aa2f-4fe6-b072-73846da82a05#0:FAIL-t65, 52bfa4dc-bcba-4693-b6e2-7f231a44b6db<-c0368dd1-c4a9-4bcb-a2d2-6d6b66c0e12a#0:FAIL-t65] and 0 exception(s); 52bfa4dc-bcba-4693-b6e2-7f231a44b6db@group-753D53B6DDFB:t65, leader=null, voted=52bfa4dc-bcba-4693-b6e2-7f231a44b6db, raftlog=52bfa4dc-bcba-4693-b6e2-7f231a44b6db@group-753D53B6DDFB-SegmentedRaftLog:OPENED:c3,f4,i4, conf=0: [0d5b4e59-aa2f-4fe6-b072-73846da82a05:192.168.157.202:39744, 52bfa4dc-bcba-4693-b6e2-7f231a44b6db:192.168.157.202:43025, c0368dd1-c4a9-4bcb-a2d2-6d6b66c0e12a:192.168.157.202:44847], old=null
2019-10-16 18:49:12,990 [52bfa4dc-bcba-4693-b6e2-7f231a44b6db@group-753D53B6DDFB-LeaderElection58] INFO  impl.RaftServerImpl (RaftServerImpl.java:setRole(184)) - 52bfa4dc-bcba-4693-b6e2-7f231a44b6db@group-753D53B6DDFB: changes role from CANDIDATE to FOLLOWER at term 65 for DISCOVERED_A_NEW_TERM
2019-10-16 18:49:12,990 [52bfa4dc-bcba-4693-b6e2-7f231a44b6db@group-753D53B6DDFB-LeaderElection58] INFO  impl.RoleInfo (RoleInfo.java:shutdownLeaderElection(134)) - 52bfa4dc-bcba-4693-b6e2-7f231a44b6db: shutdown LeaderElection
2019-10-16 18:49:12,990 [52bfa4dc-bcba-4693-b6e2-7f231a44b6db@group-753D53B6DDFB-LeaderElection58] INFO  impl.RoleInfo (RoleInfo.java:updateAndGet(143)) - 52bfa4dc-bcba-4693-b6e2-7f231a44b6db: start FollowerState
2019-10-16 18:49:13,025 [Command processor thread] INFO  commandhandler.DeleteBlocksCommandHandler (DeleteBlocksCommandHandler.java:handle(106)) - Start to delete container blocks, TXIDs=[1(38)], numOfContainers=1, numOfBlocks=1
2019-10-16 18:49:13,100 [Thread-992] INFO  client.GrpcClientProtocolService (GrpcClientProtocolService.java:lambda$processClientRequest$0(278)) - Failed RaftClientRequest:client-F1A042848956->0d5b4e59-aa2f-4fe6-b072-73846da82a05@group-753D53B6DDFB, cid=10, seq=0, Watch-ALL_COMMITTED(6), Message:<EMPTY>, reply=RaftClientReply:client-F1A042848956->0d5b4e59-aa2f-4fe6-b072-73846da82a05@group-753D53B6DDFB, cid=10, FAILED org.apache.ratis.protocol.NotLeaderException: Server 0d5b4e59-aa2f-4fe6-b072-73846da82a05@group-753D53B6DDFB is not the leader, logIndex=0, commits[0d5b4e59-aa2f-4fe6-b072-73846da82a05:c10, 52bfa4dc-bcba-4693-b6e2-7f231a44b6db:c4, c0368dd1-c4a9-4bcb-a2d2-6d6b66c0e12a:c10]
2019-10-16 18:49:13,116 [Thread-990] INFO  impl.FollowerState (FollowerState.java:run(108)) - 52bfa4dc-bcba-4693-b6e2-7f231a44b6db@group-753D53B6DDFB-FollowerState: change to CANDIDATE, lastRpcTime:126ms, electionTimeout:126ms
2019-10-16 18:49:13,116 [Thread-990] INFO  impl.RoleInfo (RoleInfo.java:shutdownFollowerState(121)) - 52bfa4dc-bcba-4693-b6e2-7f231a44b6db: shutdown FollowerState
2019-10-16 18:49:13,117 [Thread-990] INFO  impl.RaftServerImpl (RaftServerImpl.java:setRole(184)) - 52bfa4dc-bcba-4693-b6e2-7f231a44b6db@group-753D53B6DDFB: changes role from  FOLLOWER to CANDIDATE at term 65 for changeToCandidate
2019-10-16 18:49:13,117 [Thread-990] INFO  impl.RoleInfo (RoleInfo.java:updateAndGet(143)) - 52bfa4dc-bcba-4693-b6e2-7f231a44b6db: start LeaderElection
2019-10-16 18:49:13,131 [52bfa4dc-bcba-4693-b6e2-7f231a44b6db@group-753D53B6DDFB-LeaderElection59] INFO  impl.LeaderElection (LeaderElection.java:askForVotes(178)) - 52bfa4dc-bcba-4693-b6e2-7f231a44b6db@group-753D53B6DDFB-LeaderElection59: begin an election at term 66 for 0: [0d5b4e59-aa2f-4fe6-b072-73846da82a05:192.168.157.202:39744, 52bfa4dc-bcba-4693-b6e2-7f231a44b6db:192.168.157.202:43025, c0368dd1-c4a9-4bcb-a2d2-6d6b66c0e12a:192.168.157.202:44847], old=null
2019-10-16 18:49:13,132 [grpc-default-executor-4] INFO  impl.RaftServerImpl (RaftServerImpl.java:setRole(184)) - 0d5b4e59-aa2f-4fe6-b072-73846da82a05@group-753D53B6DDFB: changes role from  FOLLOWER to FOLLOWER at term 66 for recognizeCandidate:52bfa4dc-bcba-4693-b6e2-7f231a44b6db
2019-10-16 18:49:13,132 [grpc-default-executor-4] INFO  impl.RoleInfo (RoleInfo.java:shutdownFollowerState(121)) - 0d5b4e59-aa2f-4fe6-b072-73846da82a05: shutdown FollowerState
2019-10-16 18:49:13,133 [grpc-default-executor-6] INFO  impl.RaftServerImpl (RaftServerImpl.java:setRole(184)) - c0368dd1-c4a9-4bcb-a2d2-6d6b66c0e12a@group-753D53B6DDFB: changes role from  FOLLOWER to FOLLOWER at term 66 for recognizeCandidate:52bfa4dc-bcba-4693-b6e2-7f231a44b6db
2019-10-16 18:49:13,133 [Thread-988] INFO  impl.FollowerState (FollowerState.java:run(117)) - 0d5b4e59-aa2f-4fe6-b072-73846da82a05@group-753D53B6DDFB-FollowerState was interrupted: java.lang.InterruptedException: sleep interrupted
2019-10-16 18:49:13,133 [grpc-default-executor-4] INFO  impl.RoleInfo (RoleInfo.java:updateAndGet(143)) - 0d5b4e59-aa2f-4fe6-b072-73846da82a05: start FollowerState
2019-10-16 18:49:13,133 [grpc-default-executor-6] INFO  impl.RoleInfo (RoleInfo.java:shutdownFollowerState(121)) - c0368dd1-c4a9-4bcb-a2d2-6d6b66c0e12a: shutdown FollowerState
2019-10-16 18:49:13,133 [grpc-default-executor-6] INFO  impl.RoleInfo (RoleInfo.java:updateAndGet(143)) - c0368dd1-c4a9-4bcb-a2d2-6d6b66c0e12a: start FollowerState
2019-10-16 18:49:13,133 [Thread-989] INFO  impl.FollowerState (FollowerState.java:run(117)) - c0368dd1-c4a9-4bcb-a2d2-6d6b66c0e12a@group-753D53B6DDFB-FollowerState was interrupted: java.lang.InterruptedException: sleep interrupted
2019-10-16 18:49:13,167 [52bfa4dc-bcba-4693-b6e2-7f231a44b6db@group-753D53B6DDFB-LeaderElection59] INFO  impl.LeaderElection (LeaderElection.java:logAndReturn(56)) - 52bfa4dc-bcba-4693-b6e2-7f231a44b6db@group-753D53B6DDFB-LeaderElection59: Election REJECTED; received 2 response(s) [52bfa4dc-bcba-4693-b6e2-7f231a44b6db<-0d5b4e59-aa2f-4fe6-b072-73846da82a05#0:FAIL-t66, 52bfa4dc-bcba-4693-b6e2-7f231a44b6db<-c0368dd1-c4a9-4bcb-a2d2-6d6b66c0e12a#0:FAIL-t66] and 0 exception(s); 52bfa4dc-bcba-4693-b6e2-7f231a44b6db@group-753D53B6DDFB:t66, leader=null, voted=52bfa4dc-bcba-4693-b6e2-7f231a44b6db, raftlog=52bfa4dc-bcba-4693-b6e2-7f231a44b6db@group-753D53B6DDFB-SegmentedRaftLog:OPENED:c3,f4,i4, conf=0: [0d5b4e59-aa2f-4fe6-b072-73846da82a05:192.168.157.202:39744, 52bfa4dc-bcba-4693-b6e2-7f231a44b6db:192.168.157.202:43025, c0368dd1-c4a9-4bcb-a2d2-6d6b66c0e12a:192.168.157.202:44847], old=null
2019-10-16 18:49:13,167 [52bfa4dc-bcba-4693-b6e2-7f231a44b6db@group-753D53B6DDFB-LeaderElection59] INFO  impl.RaftServerImpl (RaftServerImpl.java:setRole(184)) - 52bfa4dc-bcba-4693-b6e2-7f231a44b6db@group-753D53B6DDFB: changes role from CANDIDATE to FOLLOWER at term 66 for DISCOVERED_A_NEW_TERM
2019-10-16 18:49:13,167 [52bfa4dc-bcba-4693-b6e2-7f231a44b6db@group-753D53B6DDFB-LeaderElection59] INFO  impl.RoleInfo (RoleInfo.java:shutdownLeaderElection(134)) - 52bfa4dc-bcba-4693-b6e2-7f231a44b6db: shutdown LeaderElection
2019-10-16 18:49:13,167 [52bfa4dc-bcba-4693-b6e2-7f231a44b6db@group-753D53B6DDFB-LeaderElection59] INFO  impl.RoleInfo (RoleInfo.java:updateAndGet(143)) - 52bfa4dc-bcba-4693-b6e2-7f231a44b6db: start FollowerState
2019-10-16 18:49:13,225 [EventQueue-DeleteBlockStatusForEventWatcher$$Lambda$29/1337192014] WARN  events.EventWatcher (EventWatcher.java:lambda$start$0(110)) - Completion event without active lease. Id=1571251743016
2019-10-16 18:49:13,225 [EventQueue-DeleteBlockStatusForDeletedBlockLogImpl] WARN  block.DeletedBlockLogImpl (DeletedBlockLogImpl.java:commitTransactions(205)) - Transaction txId=1 commit by dnId=52bfa4dc-bcba-4693-b6e2-7f231a44b6db for containerID=#1 failed. Corresponding entry not found.
2019-10-16 18:49:13,260 [Thread-999] INFO  impl.FollowerState (FollowerState.java:run(108)) - 52bfa4dc-bcba-4693-b6e2-7f231a44b6db@group-753D53B6DDFB-FollowerState: change to CANDIDATE, lastRpcTime:93ms, electionTimeout:93ms
2019-10-16 18:49:13,260 [Thread-999] INFO  impl.RoleInfo (RoleInfo.java:shutdownFollowerState(121)) - 52bfa4dc-bcba-4693-b6e2-7f231a44b6db: shutdown FollowerState
2019-10-16 18:49:13,261 [Thread-999] INFO  impl.RaftServerImpl (RaftServerImpl.java:setRole(184)) - 52bfa4dc-bcba-4693-b6e2-7f231a44b6db@group-753D53B6DDFB: changes role from  FOLLOWER to CANDIDATE at term 66 for changeToCandidate
2019-10-16 18:49:13,261 [Thread-999] INFO  impl.RoleInfo (RoleInfo.java:updateAndGet(143)) - 52bfa4dc-bcba-4693-b6e2-7f231a44b6db: start LeaderElection
2019-10-16 18:49:13,272 [52bfa4dc-bcba-4693-b6e2-7f231a44b6db@group-753D53B6DDFB-LeaderElection60] INFO  impl.LeaderElection (LeaderElection.java:askForVotes(178)) - 52bfa4dc-bcba-4693-b6e2-7f231a44b6db@group-753D53B6DDFB-LeaderElection60: begin an election at term 67 for 0: [0d5b4e59-aa2f-4fe6-b072-73846da82a05:192.168.157.202:39744, 52bfa4dc-bcba-4693-b6e2-7f231a44b6db:192.168.157.202:43025, c0368dd1-c4a9-4bcb-a2d2-6d6b66c0e12a:192.168.157.202:44847], old=null
2019-10-16 18:49:13,275 [grpc-default-executor-6] INFO  impl.RaftServerImpl (RaftServerImpl.java:setRole(184)) - 0d5b4e59-aa2f-4fe6-b072-73846da82a05@group-753D53B6DDFB: changes role from  FOLLOWER to FOLLOWER at term 67 for recognizeCandidate:52bfa4dc-bcba-4693-b6e2-7f231a44b6db
2019-10-16 18:49:13,275 [grpc-default-executor-6] INFO  impl.RoleInfo (RoleInfo.java:shutdownFollowerState(121)) - 0d5b4e59-aa2f-4fe6-b072-73846da82a05: shutdown FollowerState
2019-10-16 18:49:13,275 [grpc-default-executor-6] INFO  impl.RoleInfo (RoleInfo.java:updateAndGet(143)) - 0d5b4e59-aa2f-4fe6-b072-73846da82a05: start FollowerState
2019-10-16 18:49:13,275 [Thread-997] INFO  impl.FollowerState (FollowerState.java:run(117)) - 0d5b4e59-aa2f-4fe6-b072-73846da82a05@group-753D53B6DDFB-FollowerState was interrupted: java.lang.InterruptedException: sleep interrupted
2019-10-16 18:49:13,275 [grpc-default-executor-4] INFO  impl.RaftServerImpl (RaftServerImpl.java:setRole(184)) - c0368dd1-c4a9-4bcb-a2d2-6d6b66c0e12a@group-753D53B6DDFB: changes role from  FOLLOWER to FOLLOWER at term 67 for recognizeCandidate:52bfa4dc-bcba-4693-b6e2-7f231a44b6db
2019-10-16 18:49:13,275 [grpc-default-executor-4] INFO  impl.RoleInfo (RoleInfo.java:shutdownFollowerState(121)) - c0368dd1-c4a9-4bcb-a2d2-6d6b66c0e12a: shutdown FollowerState
2019-10-16 18:49:13,276 [grpc-default-executor-4] INFO  impl.RoleInfo (RoleInfo.java:updateAndGet(143)) - c0368dd1-c4a9-4bcb-a2d2-6d6b66c0e12a: start FollowerState
2019-10-16 18:49:13,276 [Thread-998] INFO  impl.FollowerState (FollowerState.java:run(117)) - c0368dd1-c4a9-4bcb-a2d2-6d6b66c0e12a@group-753D53B6DDFB-FollowerState was interrupted: java.lang.InterruptedException: sleep interrupted
2019-10-16 18:49:13,288 [52bfa4dc-bcba-4693-b6e2-7f231a44b6db@group-753D53B6DDFB-LeaderElection60] INFO  impl.LeaderElection (LeaderElection.java:logAndReturn(56)) - 52bfa4dc-bcba-4693-b6e2-7f231a44b6db@group-753D53B6DDFB-LeaderElection60: Election REJECTED; received 2 response(s) [52bfa4dc-bcba-4693-b6e2-7f231a44b6db<-0d5b4e59-aa2f-4fe6-b072-73846da82a05#0:FAIL-t67, 52bfa4dc-bcba-4693-b6e2-7f231a44b6db<-c0368dd1-c4a9-4bcb-a2d2-6d6b66c0e12a#0:FAIL-t67] and 0 exception(s); 52bfa4dc-bcba-4693-b6e2-7f231a44b6db@group-753D53B6DDFB:t67, leader=null, voted=52bfa4dc-bcba-4693-b6e2-7f231a44b6db, raftlog=52bfa4dc-bcba-4693-b6e2-7f231a44b6db@group-753D53B6DDFB-SegmentedRaftLog:OPENED:c3,f4,i4, conf=0: [0d5b4e59-aa2f-4fe6-b072-73846da82a05:192.168.157.202:39744, 52bfa4dc-bcba-4693-b6e2-7f231a44b6db:192.168.157.202:43025, c0368dd1-c4a9-4bcb-a2d2-6d6b66c0e12a:192.168.157.202:44847], old=null
2019-10-16 18:49:13,288 [52bfa4dc-bcba-4693-b6e2-7f231a44b6db@group-753D53B6DDFB-LeaderElection60] INFO  impl.RaftServerImpl (RaftServerImpl.java:setRole(184)) - 52bfa4dc-bcba-4693-b6e2-7f231a44b6db@group-753D53B6DDFB: changes role from CANDIDATE to FOLLOWER at term 67 for DISCOVERED_A_NEW_TERM
2019-10-16 18:49:13,288 [52bfa4dc-bcba-4693-b6e2-7f231a44b6db@group-753D53B6DDFB-LeaderElection60] INFO  impl.RoleInfo (RoleInfo.java:shutdownLeaderElection(134)) - 52bfa4dc-bcba-4693-b6e2-7f231a44b6db: shutdown LeaderElection
2019-10-16 18:49:13,288 [52bfa4dc-bcba-4693-b6e2-7f231a44b6db@group-753D53B6DDFB-LeaderElection60] INFO  impl.RoleInfo (RoleInfo.java:updateAndGet(143)) - 52bfa4dc-bcba-4693-b6e2-7f231a44b6db: start FollowerState
2019-10-16 18:49:13,293 [BlockDeletingService#2] WARN  background.BlockDeletingService (BlockDeletingService.java:isDeletionAllowed(187)) - Close Container log Index 6 is not replicated across allthe servers in the pipeline 7043c0de-230d-480f-89cc-753d53b6ddfb as the min replicated index is 4. Deletion is not allowed in this container yet.
2019-10-16 18:49:13,293 [BlockDeletingService#2] WARN  background.BlockDeletingService (BlockDeletingService.java:isDeletionAllowed(187)) - Close Container log Index 6 is not replicated across allthe servers in the pipeline 7043c0de-230d-480f-89cc-753d53b6ddfb as the min replicated index is 4. Deletion is not allowed in this container yet.
2019-10-16 18:49:13,369 [Thread-1005] INFO  impl.FollowerState (FollowerState.java:run(108)) - 52bfa4dc-bcba-4693-b6e2-7f231a44b6db@group-753D53B6DDFB-FollowerState: change to CANDIDATE, lastRpcTime:81ms, electionTimeout:81ms
2019-10-16 18:49:13,370 [Thread-1005] INFO  impl.RoleInfo (RoleInfo.java:shutdownFollowerState(121)) - 52bfa4dc-bcba-4693-b6e2-7f231a44b6db: shutdown FollowerState
2019-10-16 18:49:13,370 [Thread-1005] INFO  impl.RaftServerImpl (RaftServerImpl.java:setRole(184)) - 52bfa4dc-bcba-4693-b6e2-7f231a44b6db@group-753D53B6DDFB: changes role from  FOLLOWER to CANDIDATE at term 67 for changeToCandidate
2019-10-16 18:49:13,370 [Thread-1005] INFO  impl.RoleInfo (RoleInfo.java:updateAndGet(143)) - 52bfa4dc-bcba-4693-b6e2-7f231a44b6db: start LeaderElection
2019-10-16 18:49:13,382 [52bfa4dc-bcba-4693-b6e2-7f231a44b6db@group-753D53B6DDFB-LeaderElection61] INFO  impl.LeaderElection (LeaderElection.java:askForVotes(178)) - 52bfa4dc-bcba-4693-b6e2-7f231a44b6db@group-753D53B6DDFB-LeaderElection61: begin an election at term 68 for 0: [0d5b4e59-aa2f-4fe6-b072-73846da82a05:192.168.157.202:39744, 52bfa4dc-bcba-4693-b6e2-7f231a44b6db:192.168.157.202:43025, c0368dd1-c4a9-4bcb-a2d2-6d6b66c0e12a:192.168.157.202:44847], old=null
2019-10-16 18:49:13,385 [grpc-default-executor-4] INFO  impl.RaftServerImpl (RaftServerImpl.java:setRole(184)) - 0d5b4e59-aa2f-4fe6-b072-73846da82a05@group-753D53B6DDFB: changes role from  FOLLOWER to FOLLOWER at term 68 for recognizeCandidate:52bfa4dc-bcba-4693-b6e2-7f231a44b6db
2019-10-16 18:49:13,385 [grpc-default-executor-4] INFO  impl.RoleInfo (RoleInfo.java:shutdownFollowerState(121)) - 0d5b4e59-aa2f-4fe6-b072-73846da82a05: shutdown FollowerState
2019-10-16 18:49:13,386 [grpc-default-executor-6] INFO  impl.RaftServerImpl (RaftServerImpl.java:setRole(184)) - c0368dd1-c4a9-4bcb-a2d2-6d6b66c0e12a@group-753D53B6DDFB: changes role from  FOLLOWER to FOLLOWER at term 68 for recognizeCandidate:52bfa4dc-bcba-4693-b6e2-7f231a44b6db
2019-10-16 18:49:13,386 [grpc-default-executor-6] INFO  impl.RoleInfo (RoleInfo.java:shutdownFollowerState(121)) - c0368dd1-c4a9-4bcb-a2d2-6d6b66c0e12a: shutdown FollowerState
2019-10-16 18:49:13,386 [grpc-default-executor-4] INFO  impl.RoleInfo (RoleInfo.java:updateAndGet(143)) - 0d5b4e59-aa2f-4fe6-b072-73846da82a05: start FollowerState
2019-10-16 18:49:13,386 [Thread-1003] INFO  impl.FollowerState (FollowerState.java:run(117)) - 0d5b4e59-aa2f-4fe6-b072-73846da82a05@group-753D53B6DDFB-FollowerState was interrupted: java.lang.InterruptedException: sleep interrupted
2019-10-16 18:49:13,386 [Thread-1004] INFO  impl.FollowerState (FollowerState.java:run(117)) - c0368dd1-c4a9-4bcb-a2d2-6d6b66c0e12a@group-753D53B6DDFB-FollowerState was interrupted: java.lang.InterruptedException: sleep interrupted
2019-10-16 18:49:13,386 [grpc-default-executor-6] INFO  impl.RoleInfo (RoleInfo.java:updateAndGet(143)) - c0368dd1-c4a9-4bcb-a2d2-6d6b66c0e12a: start FollowerState
2019-10-16 18:49:13,399 [52bfa4dc-bcba-4693-b6e2-7f231a44b6db@group-753D53B6DDFB-LeaderElection61] INFO  impl.LeaderElection (LeaderElection.java:logAndReturn(56)) - 52bfa4dc-bcba-4693-b6e2-7f231a44b6db@group-753D53B6DDFB-LeaderElection61: Election REJECTED; received 2 response(s) [52bfa4dc-bcba-4693-b6e2-7f231a44b6db<-0d5b4e59-aa2f-4fe6-b072-73846da82a05#0:FAIL-t68, 52bfa4dc-bcba-4693-b6e2-7f231a44b6db<-c0368dd1-c4a9-4bcb-a2d2-6d6b66c0e12a#0:FAIL-t68] and 0 exception(s); 52bfa4dc-bcba-4693-b6e2-7f231a44b6db@group-753D53B6DDFB:t68, leader=null, voted=52bfa4dc-bcba-4693-b6e2-7f231a44b6db, raftlog=52bfa4dc-bcba-4693-b6e2-7f231a44b6db@group-753D53B6DDFB-SegmentedRaftLog:OPENED:c3,f4,i4, conf=0: [0d5b4e59-aa2f-4fe6-b072-73846da82a05:192.168.157.202:39744, 52bfa4dc-bcba-4693-b6e2-7f231a44b6db:192.168.157.202:43025, c0368dd1-c4a9-4bcb-a2d2-6d6b66c0e12a:192.168.157.202:44847], old=null
2019-10-16 18:49:13,399 [52bfa4dc-bcba-4693-b6e2-7f231a44b6db@group-753D53B6DDFB-LeaderElection61] INFO  impl.RaftServerImpl (RaftServerImpl.java:setRole(184)) - 52bfa4dc-bcba-4693-b6e2-7f231a44b6db@group-753D53B6DDFB: changes role from CANDIDATE to FOLLOWER at term 68 for DISCOVERED_A_NEW_TERM
2019-10-16 18:49:13,399 [52bfa4dc-bcba-4693-b6e2-7f231a44b6db@group-753D53B6DDFB-LeaderElection61] INFO  impl.RoleInfo (RoleInfo.java:shutdownLeaderElection(134)) - 52bfa4dc-bcba-4693-b6e2-7f231a44b6db: shutdown LeaderElection
2019-10-16 18:49:13,399 [52bfa4dc-bcba-4693-b6e2-7f231a44b6db@group-753D53B6DDFB-LeaderElection61] INFO  impl.RoleInfo (RoleInfo.java:updateAndGet(143)) - 52bfa4dc-bcba-4693-b6e2-7f231a44b6db: start FollowerState
2019-10-16 18:49:13,524 [Thread-1013] INFO  impl.FollowerState (FollowerState.java:run(108)) - 52bfa4dc-bcba-4693-b6e2-7f231a44b6db@group-753D53B6DDFB-FollowerState: change to CANDIDATE, lastRpcTime:124ms, electionTimeout:124ms
2019-10-16 18:49:13,524 [Thread-1013] INFO  impl.RoleInfo (RoleInfo.java:shutdownFollowerState(121)) - 52bfa4dc-bcba-4693-b6e2-7f231a44b6db: shutdown FollowerState
2019-10-16 18:49:13,524 [Thread-1013] INFO  impl.RaftServerImpl (RaftServerImpl.java:setRole(184)) - 52bfa4dc-bcba-4693-b6e2-7f231a44b6db@group-753D53B6DDFB: changes role from  FOLLOWER to CANDIDATE at term 68 for changeToCandidate
2019-10-16 18:49:13,525 [Thread-1013] INFO  impl.RoleInfo (RoleInfo.java:updateAndGet(143)) - 52bfa4dc-bcba-4693-b6e2-7f231a44b6db: start LeaderElection
2019-10-16 18:49:13,559 [52bfa4dc-bcba-4693-b6e2-7f231a44b6db@group-753D53B6DDFB-LeaderElection62] INFO  impl.LeaderElection (LeaderElection.java:askForVotes(178)) - 52bfa4dc-bcba-4693-b6e2-7f231a44b6db@group-753D53B6DDFB-LeaderElection62: begin an election at term 69 for 0: [0d5b4e59-aa2f-4fe6-b072-73846da82a05:192.168.157.202:39744, 52bfa4dc-bcba-4693-b6e2-7f231a44b6db:192.168.157.202:43025, c0368dd1-c4a9-4bcb-a2d2-6d6b66c0e12a:192.168.157.202:44847], old=null
2019-10-16 18:49:13,561 [grpc-default-executor-6] INFO  impl.RaftServerImpl (RaftServerImpl.java:setRole(184)) - c0368dd1-c4a9-4bcb-a2d2-6d6b66c0e12a@group-753D53B6DDFB: changes role from  FOLLOWER to FOLLOWER at term 69 for recognizeCandidate:52bfa4dc-bcba-4693-b6e2-7f231a44b6db
2019-10-16 18:49:13,562 [grpc-default-executor-6] INFO  impl.RoleInfo (RoleInfo.java:shutdownFollowerState(121)) - c0368dd1-c4a9-4bcb-a2d2-6d6b66c0e12a: shutdown FollowerState
2019-10-16 18:49:13,562 [grpc-default-executor-6] INFO  impl.RoleInfo (RoleInfo.java:updateAndGet(143)) - c0368dd1-c4a9-4bcb-a2d2-6d6b66c0e12a: start FollowerState
2019-10-16 18:49:13,562 [grpc-default-executor-4] INFO  impl.RaftServerImpl (RaftServerImpl.java:setRole(184)) - 0d5b4e59-aa2f-4fe6-b072-73846da82a05@group-753D53B6DDFB: changes role from  FOLLOWER to FOLLOWER at term 69 for recognizeCandidate:52bfa4dc-bcba-4693-b6e2-7f231a44b6db
2019-10-16 18:49:13,562 [Thread-1012] INFO  impl.FollowerState (FollowerState.java:run(117)) - c0368dd1-c4a9-4bcb-a2d2-6d6b66c0e12a@group-753D53B6DDFB-FollowerState was interrupted: java.lang.InterruptedException: sleep interrupted
2019-10-16 18:49:13,562 [grpc-default-executor-4] INFO  impl.RoleInfo (RoleInfo.java:shutdownFollowerState(121)) - 0d5b4e59-aa2f-4fe6-b072-73846da82a05: shutdown FollowerState
2019-10-16 18:49:13,563 [grpc-default-executor-4] INFO  impl.RoleInfo (RoleInfo.java:updateAndGet(143)) - 0d5b4e59-aa2f-4fe6-b072-73846da82a05: start FollowerState
2019-10-16 18:49:13,563 [Thread-1011] INFO  impl.FollowerState (FollowerState.java:run(117)) - 0d5b4e59-aa2f-4fe6-b072-73846da82a05@group-753D53B6DDFB-FollowerState was interrupted: java.lang.InterruptedException: sleep interrupted
2019-10-16 18:49:13,572 [52bfa4dc-bcba-4693-b6e2-7f231a44b6db@group-753D53B6DDFB-LeaderElection62] INFO  impl.LeaderElection (LeaderElection.java:logAndReturn(56)) - 52bfa4dc-bcba-4693-b6e2-7f231a44b6db@group-753D53B6DDFB-LeaderElection62: Election TIMEOUT; received 0 response(s) [] and 0 exception(s); 52bfa4dc-bcba-4693-b6e2-7f231a44b6db@group-753D53B6DDFB:t69, leader=null, voted=52bfa4dc-bcba-4693-b6e2-7f231a44b6db, raftlog=52bfa4dc-bcba-4693-b6e2-7f231a44b6db@group-753D53B6DDFB-SegmentedRaftLog:OPENED:c3,f4,i4, conf=0: [0d5b4e59-aa2f-4fe6-b072-73846da82a05:192.168.157.202:39744, 52bfa4dc-bcba-4693-b6e2-7f231a44b6db:192.168.157.202:43025, c0368dd1-c4a9-4bcb-a2d2-6d6b66c0e12a:192.168.157.202:44847], old=null
2019-10-16 18:49:13,576 [52bfa4dc-bcba-4693-b6e2-7f231a44b6db@group-753D53B6DDFB-LeaderElection62] INFO  impl.LeaderElection (LeaderElection.java:askForVotes(178)) - 52bfa4dc-bcba-4693-b6e2-7f231a44b6db@group-753D53B6DDFB-LeaderElection62: begin an election at term 70 for 0: [0d5b4e59-aa2f-4fe6-b072-73846da82a05:192.168.157.202:39744, 52bfa4dc-bcba-4693-b6e2-7f231a44b6db:192.168.157.202:43025, c0368dd1-c4a9-4bcb-a2d2-6d6b66c0e12a:192.168.157.202:44847], old=null
2019-10-16 18:49:13,578 [grpc-default-executor-6] INFO  impl.RaftServerImpl (RaftServerImpl.java:setRole(184)) - 0d5b4e59-aa2f-4fe6-b072-73846da82a05@group-753D53B6DDFB: changes role from  FOLLOWER to FOLLOWER at term 70 for recognizeCandidate:52bfa4dc-bcba-4693-b6e2-7f231a44b6db
2019-10-16 18:49:13,578 [grpc-default-executor-6] INFO  impl.RoleInfo (RoleInfo.java:shutdownFollowerState(121)) - 0d5b4e59-aa2f-4fe6-b072-73846da82a05: shutdown FollowerState
2019-10-16 18:49:13,578 [grpc-default-executor-6] INFO  impl.RoleInfo (RoleInfo.java:updateAndGet(143)) - 0d5b4e59-aa2f-4fe6-b072-73846da82a05: start FollowerState
2019-10-16 18:49:13,578 [Thread-1018] INFO  impl.FollowerState (FollowerState.java:run(117)) - 0d5b4e59-aa2f-4fe6-b072-73846da82a05@group-753D53B6DDFB-FollowerState was interrupted: java.lang.InterruptedException: sleep interrupted
2019-10-16 18:49:13,579 [grpc-default-executor-4] INFO  impl.RaftServerImpl (RaftServerImpl.java:setRole(184)) - c0368dd1-c4a9-4bcb-a2d2-6d6b66c0e12a@group-753D53B6DDFB: changes role from  FOLLOWER to FOLLOWER at term 70 for recognizeCandidate:52bfa4dc-bcba-4693-b6e2-7f231a44b6db
2019-10-16 18:49:13,579 [grpc-default-executor-4] INFO  impl.RoleInfo (RoleInfo.java:shutdownFollowerState(121)) - c0368dd1-c4a9-4bcb-a2d2-6d6b66c0e12a: shutdown FollowerState
2019-10-16 18:49:13,579 [grpc-default-executor-4] INFO  impl.RoleInfo (RoleInfo.java:updateAndGet(143)) - c0368dd1-c4a9-4bcb-a2d2-6d6b66c0e12a: start FollowerState
2019-10-16 18:49:13,579 [Thread-1017] INFO  impl.FollowerState (FollowerState.java:run(117)) - c0368dd1-c4a9-4bcb-a2d2-6d6b66c0e12a@group-753D53B6DDFB-FollowerState was interrupted: java.lang.InterruptedException: sleep interrupted
2019-10-16 18:49:13,596 [52bfa4dc-bcba-4693-b6e2-7f231a44b6db@group-753D53B6DDFB-LeaderElection62] INFO  impl.LeaderElection (LeaderElection.java:logAndReturn(56)) - 52bfa4dc-bcba-4693-b6e2-7f231a44b6db@group-753D53B6DDFB-LeaderElection62: Election REJECTED; received 2 response(s) [52bfa4dc-bcba-4693-b6e2-7f231a44b6db<-0d5b4e59-aa2f-4fe6-b072-73846da82a05#0:FAIL-t70, 52bfa4dc-bcba-4693-b6e2-7f231a44b6db<-c0368dd1-c4a9-4bcb-a2d2-6d6b66c0e12a#0:FAIL-t70] and 0 exception(s); 52bfa4dc-bcba-4693-b6e2-7f231a44b6db@group-753D53B6DDFB:t70, leader=null, voted=52bfa4dc-bcba-4693-b6e2-7f231a44b6db, raftlog=52bfa4dc-bcba-4693-b6e2-7f231a44b6db@group-753D53B6DDFB-SegmentedRaftLog:OPENED:c3,f4,i4, conf=0: [0d5b4e59-aa2f-4fe6-b072-73846da82a05:192.168.157.202:39744, 52bfa4dc-bcba-4693-b6e2-7f231a44b6db:192.168.157.202:43025, c0368dd1-c4a9-4bcb-a2d2-6d6b66c0e12a:192.168.157.202:44847], old=null
2019-10-16 18:49:13,596 [52bfa4dc-bcba-4693-b6e2-7f231a44b6db@group-753D53B6DDFB-LeaderElection62] INFO  impl.RaftServerImpl (RaftServerImpl.java:setRole(184)) - 52bfa4dc-bcba-4693-b6e2-7f231a44b6db@group-753D53B6DDFB: changes role from CANDIDATE to FOLLOWER at term 70 for DISCOVERED_A_NEW_TERM
2019-10-16 18:49:13,596 [52bfa4dc-bcba-4693-b6e2-7f231a44b6db@group-753D53B6DDFB-LeaderElection62] INFO  impl.RoleInfo (RoleInfo.java:shutdownLeaderElection(134)) - 52bfa4dc-bcba-4693-b6e2-7f231a44b6db: shutdown LeaderElection
2019-10-16 18:49:13,596 [52bfa4dc-bcba-4693-b6e2-7f231a44b6db@group-753D53B6DDFB-LeaderElection62] INFO  impl.RoleInfo (RoleInfo.java:updateAndGet(143)) - 52bfa4dc-bcba-4693-b6e2-7f231a44b6db: start FollowerState
2019-10-16 18:49:13,728 [Thread-1023] INFO  impl.FollowerState (FollowerState.java:run(108)) - 52bfa4dc-bcba-4693-b6e2-7f231a44b6db@group-753D53B6DDFB-FollowerState: change to CANDIDATE, lastRpcTime:131ms, electionTimeout:131ms
2019-10-16 18:49:13,728 [Thread-1023] INFO  impl.RoleInfo (RoleInfo.java:shutdownFollowerState(121)) - 52bfa4dc-bcba-4693-b6e2-7f231a44b6db: shutdown FollowerState
2019-10-16 18:49:13,728 [Thread-1023] INFO  impl.RaftServerImpl (RaftServerImpl.java:setRole(184)) - 52bfa4dc-bcba-4693-b6e2-7f231a44b6db@group-753D53B6DDFB: changes role from  FOLLOWER to CANDIDATE at term 70 for changeToCandidate
2019-10-16 18:49:13,728 [Thread-1023] INFO  impl.RoleInfo (RoleInfo.java:updateAndGet(143)) - 52bfa4dc-bcba-4693-b6e2-7f231a44b6db: start LeaderElection
2019-10-16 18:49:13,737 [52bfa4dc-bcba-4693-b6e2-7f231a44b6db@group-753D53B6DDFB-LeaderElection63] INFO  impl.LeaderElection (LeaderElection.java:askForVotes(178)) - 52bfa4dc-bcba-4693-b6e2-7f231a44b6db@group-753D53B6DDFB-LeaderElection63: begin an election at term 71 for 0: [0d5b4e59-aa2f-4fe6-b072-73846da82a05:192.168.157.202:39744, 52bfa4dc-bcba-4693-b6e2-7f231a44b6db:192.168.157.202:43025, c0368dd1-c4a9-4bcb-a2d2-6d6b66c0e12a:192.168.157.202:44847], old=null
2019-10-16 18:49:13,740 [grpc-default-executor-4] INFO  impl.RaftServerImpl (RaftServerImpl.java:setRole(184)) - c0368dd1-c4a9-4bcb-a2d2-6d6b66c0e12a@group-753D53B6DDFB: changes role from  FOLLOWER to FOLLOWER at term 71 for recognizeCandidate:52bfa4dc-bcba-4693-b6e2-7f231a44b6db
2019-10-16 18:49:13,740 [grpc-default-executor-6] INFO  impl.RaftServerImpl (RaftServerImpl.java:setRole(184)) - 0d5b4e59-aa2f-4fe6-b072-73846da82a05@group-753D53B6DDFB: changes role from  FOLLOWER to FOLLOWER at term 71 for recognizeCandidate:52bfa4dc-bcba-4693-b6e2-7f231a44b6db
2019-10-16 18:49:13,740 [grpc-default-executor-4] INFO  impl.RoleInfo (RoleInfo.java:shutdownFollowerState(121)) - c0368dd1-c4a9-4bcb-a2d2-6d6b66c0e12a: shutdown FollowerState
2019-10-16 18:49:13,741 [grpc-default-executor-6] INFO  impl.RoleInfo (RoleInfo.java:shutdownFollowerState(121)) - 0d5b4e59-aa2f-4fe6-b072-73846da82a05: shutdown FollowerState
2019-10-16 18:49:13,741 [Thread-1022] INFO  impl.FollowerState (FollowerState.java:run(117)) - c0368dd1-c4a9-4bcb-a2d2-6d6b66c0e12a@group-753D53B6DDFB-FollowerState was interrupted: java.lang.InterruptedException: sleep interrupted
2019-10-16 18:49:13,741 [grpc-default-executor-4] INFO  impl.RoleInfo (RoleInfo.java:updateAndGet(143)) - c0368dd1-c4a9-4bcb-a2d2-6d6b66c0e12a: start FollowerState
2019-10-16 18:49:13,741 [Thread-1021] INFO  impl.FollowerState (FollowerState.java:run(117)) - 0d5b4e59-aa2f-4fe6-b072-73846da82a05@group-753D53B6DDFB-FollowerState was interrupted: java.lang.InterruptedException: sleep interrupted
2019-10-16 18:49:13,741 [grpc-default-executor-6] INFO  impl.RoleInfo (RoleInfo.java:updateAndGet(143)) - 0d5b4e59-aa2f-4fe6-b072-73846da82a05: start FollowerState
2019-10-16 18:49:13,772 [52bfa4dc-bcba-4693-b6e2-7f231a44b6db@group-753D53B6DDFB-LeaderElection63] INFO  impl.LeaderElection (LeaderElection.java:logAndReturn(56)) - 52bfa4dc-bcba-4693-b6e2-7f231a44b6db@group-753D53B6DDFB-LeaderElection63: Election TIMEOUT; received 0 response(s) [] and 0 exception(s); 52bfa4dc-bcba-4693-b6e2-7f231a44b6db@group-753D53B6DDFB:t71, leader=null, voted=52bfa4dc-bcba-4693-b6e2-7f231a44b6db, raftlog=52bfa4dc-bcba-4693-b6e2-7f231a44b6db@group-753D53B6DDFB-SegmentedRaftLog:OPENED:c3,f4,i4, conf=0: [0d5b4e59-aa2f-4fe6-b072-73846da82a05:192.168.157.202:39744, 52bfa4dc-bcba-4693-b6e2-7f231a44b6db:192.168.157.202:43025, c0368dd1-c4a9-4bcb-a2d2-6d6b66c0e12a:192.168.157.202:44847], old=null
]]></system-out>
    <system-err><![CDATA[ERROR StatusLogger No Log4j 2 configuration file found. Using default configuration (logging only errors to the console), or user programmatically provided configurations. Set system property 'log4j2.debug' to show Log4j 2 internal initialization logging. See https://logging.apache.org/log4j/2.x/manual/configuration.html for instructions on how to configure Log4j 2
Oct 16, 2019 6:47:27 PM org.apache.ratis.thirdparty.io.grpc.internal.SerializingExecutor run
SEVERE: Exception while executing runnable org.apache.ratis.thirdparty.io.grpc.internal.ServerImpl$JumpToApplicationThreadServerStreamListener$1Closed@1167e2d5
org.apache.ratis.thirdparty.io.grpc.StatusRuntimeException: CANCELLED: call already cancelled
	at org.apache.ratis.thirdparty.io.grpc.Status.asRuntimeException(Status.java:517)
	at org.apache.ratis.thirdparty.io.grpc.stub.ServerCalls$ServerCallStreamObserverImpl.onCompleted(ServerCalls.java:356)
	at org.apache.ratis.grpc.server.GrpcServerProtocolService$ServerRequestStreamObserver.onError(GrpcServerProtocolService.java:121)
	at org.apache.ratis.thirdparty.io.grpc.stub.ServerCalls$StreamingServerCallHandler$StreamingServerCallListener.onCancel(ServerCalls.java:269)
	at org.apache.ratis.thirdparty.io.grpc.internal.ServerCallImpl$ServerStreamListenerImpl.closed(ServerCallImpl.java:293)
	at org.apache.ratis.thirdparty.io.grpc.internal.ServerImpl$JumpToApplicationThreadServerStreamListener$1Closed.runInContext(ServerImpl.java:741)
	at org.apache.ratis.thirdparty.io.grpc.internal.ContextRunnable.run(ContextRunnable.java:37)
	at org.apache.ratis.thirdparty.io.grpc.internal.SerializingExecutor.run(SerializingExecutor.java:123)
	at java.util.concurrent.ThreadPoolExecutor.runWorker(ThreadPoolExecutor.java:1149)
	at java.util.concurrent.ThreadPoolExecutor$Worker.run(ThreadPoolExecutor.java:624)
	at java.lang.Thread.run(Thread.java:748)

Oct 16, 2019 6:47:27 PM org.apache.ratis.thirdparty.io.grpc.internal.SerializingExecutor run
SEVERE: Exception while executing runnable org.apache.ratis.thirdparty.io.grpc.internal.ClientCallImpl$ClientStreamListenerImpl$1StreamClosed@724497b0
java.lang.NullPointerException
	at org.apache.ratis.grpc.server.GrpcLogAppender$AppendLogResponseHandler.onError(GrpcLogAppender.java:303)
	at org.apache.ratis.thirdparty.io.grpc.stub.ClientCalls$StreamObserverToCallListenerAdapter.onClose(ClientCalls.java:434)
	at org.apache.ratis.thirdparty.io.grpc.PartialForwardingClientCallListener.onClose(PartialForwardingClientCallListener.java:39)
	at org.apache.ratis.thirdparty.io.grpc.ForwardingClientCallListener.onClose(ForwardingClientCallListener.java:23)
	at org.apache.ratis.thirdparty.io.grpc.ForwardingClientCallListener$SimpleForwardingClientCallListener.onClose(ForwardingClientCallListener.java:40)
	at org.apache.ratis.thirdparty.io.grpc.internal.CensusStatsModule$StatsClientInterceptor$1$1.onClose(CensusStatsModule.java:678)
	at org.apache.ratis.thirdparty.io.grpc.PartialForwardingClientCallListener.onClose(PartialForwardingClientCallListener.java:39)
	at org.apache.ratis.thirdparty.io.grpc.ForwardingClientCallListener.onClose(ForwardingClientCallListener.java:23)
	at org.apache.ratis.thirdparty.io.grpc.ForwardingClientCallListener$SimpleForwardingClientCallListener.onClose(ForwardingClientCallListener.java:40)
	at org.apache.ratis.thirdparty.io.grpc.internal.CensusTracingModule$TracingClientInterceptor$1$1.onClose(CensusTracingModule.java:397)
	at org.apache.ratis.thirdparty.io.grpc.internal.ClientCallImpl.closeObserver(ClientCallImpl.java:459)
	at org.apache.ratis.thirdparty.io.grpc.internal.ClientCallImpl.access$300(ClientCallImpl.java:63)
	at org.apache.ratis.thirdparty.io.grpc.internal.ClientCallImpl$ClientStreamListenerImpl.close(ClientCallImpl.java:546)
	at org.apache.ratis.thirdparty.io.grpc.internal.ClientCallImpl$ClientStreamListenerImpl.access$600(ClientCallImpl.java:467)
	at org.apache.ratis.thirdparty.io.grpc.internal.ClientCallImpl$ClientStreamListenerImpl$1StreamClosed.runInContext(ClientCallImpl.java:584)
	at org.apache.ratis.thirdparty.io.grpc.internal.ContextRunnable.run(ContextRunnable.java:37)
	at org.apache.ratis.thirdparty.io.grpc.internal.SerializingExecutor.run(SerializingExecutor.java:123)
	at java.util.concurrent.ThreadPoolExecutor.runWorker(ThreadPoolExecutor.java:1149)
	at java.util.concurrent.ThreadPoolExecutor$Worker.run(ThreadPoolExecutor.java:624)
	at java.lang.Thread.run(Thread.java:748)

]]></system-err>
  </testcase>
</testsuite>