<?xml version="1.0" encoding="UTF-8"?>
<testsuite xmlns:xsi="http://www.w3.org/2001/XMLSchema-instance" xsi:noNamespaceSchemaLocation="https://maven.apache.org/surefire/maven-surefire-plugin/xsd/surefire-test-report.xsd" name="org.apache.hadoop.ozone.client.rpc.TestWatchForCommit" time="246.071" tests="5" errors="1" skipped="0" failures="0">
  <properties>
    <property name="awt.toolkit" value="sun.awt.X11.XToolkit"/>
    <property name="file.encoding.pkg" value="sun.io"/>
    <property name="java.specification.version" value="1.8"/>
    <property name="sun.cpu.isalist" value=""/>
    <property name="sun.jnu.encoding" value="UTF-8"/>
    <property name="java.class.path" value="/workdir/hadoop-ozone/integration-test/target/test-classes:/workdir/hadoop-ozone/integration-test/target/classes:/home/user/.m2/repository/org/apache/hadoop/hadoop-ozone-common/0.5.0-SNAPSHOT/hadoop-ozone-common-0.5.0-SNAPSHOT.jar:/home/user/.m2/repository/org/apache/commons/commons-compress/1.4.1/commons-compress-1.4.1.jar:/home/user/.m2/repository/org/tukaani/xz/1.0/xz-1.0.jar:/home/user/.m2/repository/org/apache/hadoop/hadoop-common/3.2.0/hadoop-common-3.2.0.jar:/home/user/.m2/repository/org/apache/hadoop/hadoop-hdfs/3.2.0/hadoop-hdfs-3.2.0.jar:/home/user/.m2/repository/org/apache/hadoop/hadoop-hdfs-client/3.2.0/hadoop-hdfs-client-3.2.0.jar:/home/user/.m2/repository/com/fasterxml/jackson/core/jackson-annotations/2.9.9/jackson-annotations-2.9.9.jar:/home/user/.m2/repository/org/apache/hadoop/hadoop-hdds-common/0.5.0-SNAPSHOT/hadoop-hdds-common-0.5.0-SNAPSHOT.jar:/home/user/.m2/repository/javax/annotation/javax.annotation-api/1.2/javax.annotation-api-1.2.jar:/home/user/.m2/repository/org/apache/ratis/ratis-server/0.5.0-201fc85-SNAPSHOT/ratis-server-0.5.0-201fc85-SNAPSHOT.jar:/home/user/.m2/repository/org/apache/ratis/ratis-thirdparty-misc/0.2.0/ratis-thirdparty-misc-0.2.0.jar:/home/user/.m2/repository/org/apache/ratis/ratis-proto/0.5.0-201fc85-SNAPSHOT/ratis-proto-0.5.0-201fc85-SNAPSHOT.jar:/home/user/.m2/repository/org/apache/ratis/ratis-common/0.5.0-201fc85-SNAPSHOT/ratis-common-0.5.0-201fc85-SNAPSHOT.jar:/home/user/.m2/repository/org/apache/ratis/ratis-client/0.5.0-201fc85-SNAPSHOT/ratis-client-0.5.0-201fc85-SNAPSHOT.jar:/home/user/.m2/repository/org/apache/ratis/ratis-metrics/0.5.0-201fc85-SNAPSHOT/ratis-metrics-0.5.0-201fc85-SNAPSHOT.jar:/home/user/.m2/repository/com/github/joshelser/dropwizard-metrics-hadoop-metrics2-reporter/0.1.2/dropwizard-metrics-hadoop-metrics2-reporter-0.1.2.jar:/home/user/.m2/repository/io/dropwizard/metrics/metrics-jvm/3.2.5/metrics-jvm-3.2.5.jar:/home/user/.m2/repository/io/dropwizard/metrics/metrics-ganglia/3.2.5/metrics-ganglia-3.2.5.jar:/home/user/.m2/repository/info/ganglia/gmetric4j/gmetric4j/1.0.7/gmetric4j-1.0.7.jar:/home/user/.m2/repository/org/apache/ratis/ratis-netty/0.5.0-201fc85-SNAPSHOT/ratis-netty-0.5.0-201fc85-SNAPSHOT.jar:/home/user/.m2/repository/org/apache/ratis/ratis-grpc/0.5.0-201fc85-SNAPSHOT/ratis-grpc-0.5.0-201fc85-SNAPSHOT.jar:/home/user/.m2/repository/org/rocksdb/rocksdbjni/6.0.1/rocksdbjni-6.0.1.jar:/home/user/.m2/repository/org/apache/logging/log4j/log4j-api/2.11.0/log4j-api-2.11.0.jar:/home/user/.m2/repository/org/apache/logging/log4j/log4j-core/2.11.0/log4j-core-2.11.0.jar:/home/user/.m2/repository/com/lmax/disruptor/3.4.2/disruptor-3.4.2.jar:/home/user/.m2/repository/org/apache/commons/commons-pool2/2.6.0/commons-pool2-2.6.0.jar:/home/user/.m2/repository/org/bouncycastle/bcpkix-jdk15on/1.60/bcpkix-jdk15on-1.60.jar:/home/user/.m2/repository/commons-validator/commons-validator/1.6/commons-validator-1.6.jar:/home/user/.m2/repository/commons-digester/commons-digester/1.8.1/commons-digester-1.8.1.jar:/home/user/.m2/repository/io/jaegertracing/jaeger-client/0.34.0/jaeger-client-0.34.0.jar:/home/user/.m2/repository/io/jaegertracing/jaeger-thrift/0.34.0/jaeger-thrift-0.34.0.jar:/home/user/.m2/repository/org/apache/thrift/libthrift/0.12.0/libthrift-0.12.0.jar:/home/user/.m2/repository/com/squareup/okhttp3/okhttp/3.9.0/okhttp-3.9.0.jar:/home/user/.m2/repository/com/squareup/okio/okio/1.13.0/okio-1.13.0.jar:/home/user/.m2/repository/io/jaegertracing/jaeger-core/0.34.0/jaeger-core-0.34.0.jar:/home/user/.m2/repository/io/jaegertracing/jaeger-tracerresolver/0.34.0/jaeger-tracerresolver-0.34.0.jar:/home/user/.m2/repository/io/opentracing/contrib/opentracing-tracerresolver/0.1.5/opentracing-tracerresolver-0.1.5.jar:/home/user/.m2/repository/io/opentracing/opentracing-util/0.31.0/opentracing-util-0.31.0.jar:/home/user/.m2/repository/io/opentracing/opentracing-api/0.31.0/opentracing-api-0.31.0.jar:/home/user/.m2/repository/io/opentracing/opentracing-noop/0.31.0/opentracing-noop-0.31.0.jar:/home/user/.m2/repository/org/apache/hadoop/hadoop-hdds-server-framework/0.5.0-SNAPSHOT/hadoop-hdds-server-framework-0.5.0-SNAPSHOT.jar:/home/user/.m2/repository/org/apache/hadoop/hadoop-hdds-container-service/0.5.0-SNAPSHOT/hadoop-hdds-container-service-0.5.0-SNAPSHOT.jar:/home/user/.m2/repository/org/apache/hadoop/hadoop-hdds-client/0.5.0-SNAPSHOT/hadoop-hdds-client-0.5.0-SNAPSHOT.jar:/home/user/.m2/repository/org/apache/hadoop/hadoop-hdds-tools/0.5.0-SNAPSHOT/hadoop-hdds-tools-0.5.0-SNAPSHOT.jar:/home/user/.m2/repository/org/apache/hadoop/hadoop-hdds-server-scm/0.5.0-SNAPSHOT/hadoop-hdds-server-scm-0.5.0-SNAPSHOT.jar:/home/user/.m2/repository/org/apache/hadoop/hadoop-hdds-docs/0.5.0-SNAPSHOT/hadoop-hdds-docs-0.5.0-SNAPSHOT.jar:/home/user/.m2/repository/io/dropwizard/metrics/metrics-core/3.2.4/metrics-core-3.2.4.jar:/home/user/.m2/repository/org/hamcrest/hamcrest-all/1.3/hamcrest-all-1.3.jar:/home/user/.m2/repository/org/bouncycastle/bcprov-jdk15on/1.60/bcprov-jdk15on-1.60.jar:/home/user/.m2/repository/info/picocli/picocli/3.9.6/picocli-3.9.6.jar:/home/user/.m2/repository/com/google/protobuf/protobuf-java/2.5.0/protobuf-java-2.5.0.jar:/home/user/.m2/repository/com/google/guava/guava/11.0.2/guava-11.0.2.jar:/home/user/.m2/repository/org/apache/hadoop/hadoop-ozone-ozone-manager/0.5.0-SNAPSHOT/hadoop-ozone-ozone-manager-0.5.0-SNAPSHOT.jar:/home/user/.m2/repository/org/apache/hadoop/hadoop-minikdc/3.2.0/hadoop-minikdc-3.2.0.jar:/home/user/.m2/repository/commons-io/commons-io/2.5/commons-io-2.5.jar:/home/user/.m2/repository/org/apache/kerby/kerb-simplekdc/1.0.1/kerb-simplekdc-1.0.1.jar:/home/user/.m2/repository/org/apache/kerby/kerb-client/1.0.1/kerb-client-1.0.1.jar:/home/user/.m2/repository/org/apache/kerby/kerby-config/1.0.1/kerby-config-1.0.1.jar:/home/user/.m2/repository/org/apache/kerby/kerb-core/1.0.1/kerb-core-1.0.1.jar:/home/user/.m2/repository/org/apache/kerby/kerby-pkix/1.0.1/kerby-pkix-1.0.1.jar:/home/user/.m2/repository/org/apache/kerby/kerby-asn1/1.0.1/kerby-asn1-1.0.1.jar:/home/user/.m2/repository/org/apache/kerby/kerby-util/1.0.1/kerby-util-1.0.1.jar:/home/user/.m2/repository/org/apache/kerby/kerb-common/1.0.1/kerb-common-1.0.1.jar:/home/user/.m2/repository/org/apache/kerby/kerb-crypto/1.0.1/kerb-crypto-1.0.1.jar:/home/user/.m2/repository/org/apache/kerby/kerb-util/1.0.1/kerb-util-1.0.1.jar:/home/user/.m2/repository/org/apache/kerby/token-provider/1.0.1/token-provider-1.0.1.jar:/home/user/.m2/repository/org/apache/kerby/kerb-admin/1.0.1/kerb-admin-1.0.1.jar:/home/user/.m2/repository/org/apache/kerby/kerb-server/1.0.1/kerb-server-1.0.1.jar:/home/user/.m2/repository/org/apache/kerby/kerb-identity/1.0.1/kerb-identity-1.0.1.jar:/home/user/.m2/repository/org/apache/kerby/kerby-xdr/1.0.1/kerby-xdr-1.0.1.jar:/home/user/.m2/repository/org/slf4j/slf4j-log4j12/1.7.25/slf4j-log4j12-1.7.25.jar:/home/user/.m2/repository/org/apache/hadoop/hadoop-ozone-s3gateway/0.5.0-SNAPSHOT/hadoop-ozone-s3gateway-0.5.0-SNAPSHOT.jar:/home/user/.m2/repository/org/jboss/weld/servlet/weld-servlet/2.4.7.Final/weld-servlet-2.4.7.Final.jar:/home/user/.m2/repository/org/glassfish/jersey/containers/jersey-container-servlet-core/2.27/jersey-container-servlet-core-2.27.jar:/home/user/.m2/repository/org/glassfish/hk2/external/javax.inject/2.5.0-b42/javax.inject-2.5.0-b42.jar:/home/user/.m2/repository/org/glassfish/jersey/core/jersey-common/2.27/jersey-common-2.27.jar:/home/user/.m2/repository/org/glassfish/hk2/osgi-resource-locator/1.0.1/osgi-resource-locator-1.0.1.jar:/home/user/.m2/repository/javax/ws/rs/javax.ws.rs-api/2.1/javax.ws.rs-api-2.1.jar:/home/user/.m2/repository/org/glassfish/jersey/ext/cdi/jersey-cdi1x/2.27/jersey-cdi1x-2.27.jar:/home/user/.m2/repository/org/glassfish/jersey/inject/jersey-hk2/2.27/jersey-hk2-2.27.jar:/home/user/.m2/repository/org/glassfish/hk2/hk2-locator/2.5.0-b42/hk2-locator-2.5.0-b42.jar:/home/user/.m2/repository/org/javassist/javassist/3.22.0-CR2/javassist-3.22.0-CR2.jar:/home/user/.m2/repository/org/glassfish/hk2/hk2-api/2.5.0/hk2-api-2.5.0.jar:/home/user/.m2/repository/org/glassfish/hk2/external/jakarta.inject/2.5.0/jakarta.inject-2.5.0.jar:/home/user/.m2/repository/org/glassfish/hk2/hk2-utils/2.5.0/hk2-utils-2.5.0.jar:/home/user/.m2/repository/jakarta/annotation/jakarta.annotation-api/1.3.4/jakarta.annotation-api-1.3.4.jar:/home/user/.m2/repository/org/glassfish/hk2/external/aopalliance-repackaged/2.5.0/aopalliance-repackaged-2.5.0.jar:/home/user/.m2/repository/com/fasterxml/jackson/dataformat/jackson-dataformat-xml/2.9.0/jackson-dataformat-xml-2.9.0.jar:/home/user/.m2/repository/com/fasterxml/jackson/core/jackson-core/2.9.9/jackson-core-2.9.9.jar:/home/user/.m2/repository/com/fasterxml/jackson/module/jackson-module-jaxb-annotations/2.9.9/jackson-module-jaxb-annotations-2.9.9.jar:/home/user/.m2/repository/javax/enterprise/cdi-api/1.2/cdi-api-1.2.jar:/home/user/.m2/repository/javax/el/javax.el-api/3.0.0/javax.el-api-3.0.0.jar:/home/user/.m2/repository/javax/interceptor/javax.interceptor-api/1.2/javax.interceptor-api-1.2.jar:/home/user/.m2/repository/javax/inject/javax.inject/1/javax.inject-1.jar:/home/user/.m2/repository/com/sun/xml/bind/jaxb-impl/2.3.0.1/jaxb-impl-2.3.0.1.jar:/home/user/.m2/repository/com/sun/xml/bind/jaxb-core/2.3.0.1/jaxb-core-2.3.0.1.jar:/home/user/.m2/repository/javax/xml/bind/jaxb-api/2.3.0/jaxb-api-2.3.0.jar:/home/user/.m2/repository/javax/activation/activation/1.1.1/activation-1.1.1.jar:/home/user/.m2/repository/org/apache/hadoop/hadoop-ozone-csi/0.5.0-SNAPSHOT/hadoop-ozone-csi-0.5.0-SNAPSHOT.jar:/home/user/.m2/repository/com/google/protobuf/protobuf-java-util/3.5.1/protobuf-java-util-3.5.1.jar:/home/user/.m2/repository/org/apache/hadoop/hadoop-hdds-config/0.5.0-SNAPSHOT/hadoop-hdds-config-0.5.0-SNAPSHOT.jar:/home/user/.m2/repository/io/grpc/grpc-netty/1.17.1/grpc-netty-1.17.1.jar:/home/user/.m2/repository/io/grpc/grpc-core/1.17.1/grpc-core-1.17.1.jar:/home/user/.m2/repository/io/grpc/grpc-context/1.17.1/grpc-context-1.17.1.jar:/home/user/.m2/repository/com/google/errorprone/error_prone_annotations/2.2.0/error_prone_annotations-2.2.0.jar:/home/user/.m2/repository/org/codehaus/mojo/animal-sniffer-annotations/1.17/animal-sniffer-annotations-1.17.jar:/home/user/.m2/repository/io/opencensus/opencensus-api/0.17.0/opencensus-api-0.17.0.jar:/home/user/.m2/repository/io/opencensus/opencensus-contrib-grpc-metrics/0.17.0/opencensus-contrib-grpc-metrics-0.17.0.jar:/home/user/.m2/repository/io/netty/netty-codec-http2/4.1.30.Final/netty-codec-http2-4.1.30.Final.jar:/home/user/.m2/repository/io/netty/netty-codec-http/4.1.30.Final/netty-codec-http-4.1.30.Final.jar:/home/user/.m2/repository/io/netty/netty-codec/4.1.30.Final/netty-codec-4.1.30.Final.jar:/home/user/.m2/repository/io/netty/netty-handler/4.1.30.Final/netty-handler-4.1.30.Final.jar:/home/user/.m2/repository/io/netty/netty-handler-proxy/4.1.30.Final/netty-handler-proxy-4.1.30.Final.jar:/home/user/.m2/repository/io/netty/netty-codec-socks/4.1.30.Final/netty-codec-socks-4.1.30.Final.jar:/home/user/.m2/repository/io/netty/netty-transport-native-epoll/4.1.30.Final/netty-transport-native-epoll-4.1.30.Final.jar:/home/user/.m2/repository/io/netty/netty-common/4.1.30.Final/netty-common-4.1.30.Final.jar:/home/user/.m2/repository/io/netty/netty-buffer/4.1.30.Final/netty-buffer-4.1.30.Final.jar:/home/user/.m2/repository/io/netty/netty-transport/4.1.30.Final/netty-transport-4.1.30.Final.jar:/home/user/.m2/repository/io/netty/netty-resolver/4.1.30.Final/netty-resolver-4.1.30.Final.jar:/home/user/.m2/repository/io/netty/netty-transport-native-unix-common/4.1.30.Final/netty-transport-native-unix-common-4.1.30.Final.jar:/home/user/.m2/repository/io/grpc/grpc-protobuf/1.17.1/grpc-protobuf-1.17.1.jar:/home/user/.m2/repository/com/google/api/grpc/proto-google-common-protos/1.0.0/proto-google-common-protos-1.0.0.jar:/home/user/.m2/repository/io/grpc/grpc-protobuf-lite/1.17.1/grpc-protobuf-lite-1.17.1.jar:/home/user/.m2/repository/io/grpc/grpc-stub/1.17.1/grpc-stub-1.17.1.jar:/home/user/.m2/repository/org/apache/hadoop/hadoop-ozone-recon/0.5.0-SNAPSHOT/hadoop-ozone-recon-0.5.0-SNAPSHOT.jar:/home/user/.m2/repository/org/apache/hadoop/hadoop-ozone-reconcodegen/0.5.0-SNAPSHOT/hadoop-ozone-reconcodegen-0.5.0-SNAPSHOT.jar:/home/user/.m2/repository/com/google/inject/extensions/guice-multibindings/4.0/guice-multibindings-4.0.jar:/home/user/.m2/repository/com/google/inject/guice/4.0/guice-4.0.jar:/home/user/.m2/repository/aopalliance/aopalliance/1.0/aopalliance-1.0.jar:/home/user/.m2/repository/com/google/inject/extensions/guice-servlet/4.0/guice-servlet-4.0.jar:/home/user/.m2/repository/org/glassfish/jersey/containers/jersey-container-servlet/2.27/jersey-container-servlet-2.27.jar:/home/user/.m2/repository/org/glassfish/hk2/guice-bridge/2.5.0/guice-bridge-2.5.0.jar:/home/user/.m2/repository/org/glassfish/jersey/core/jersey-server/2.27/jersey-server-2.27.jar:/home/user/.m2/repository/org/glassfish/jersey/core/jersey-client/2.27/jersey-client-2.27.jar:/home/user/.m2/repository/org/glassfish/jersey/media/jersey-media-jaxb/2.27/jersey-media-jaxb-2.27.jar:/home/user/.m2/repository/javax/validation/validation-api/1.1.0.Final/validation-api-1.1.0.Final.jar:/home/user/.m2/repository/org/glassfish/jersey/media/jersey-media-json-jackson/2.27/jersey-media-json-jackson-2.27.jar:/home/user/.m2/repository/org/glassfish/jersey/ext/jersey-entity-filtering/2.27/jersey-entity-filtering-2.27.jar:/home/user/.m2/repository/com/google/inject/extensions/guice-assistedinject/4.0/guice-assistedinject-4.0.jar:/home/user/.m2/repository/org/jooq/jooq/3.11.10/jooq-3.11.10.jar:/home/user/.m2/repository/org/jooq/jooq-meta/3.11.10/jooq-meta-3.11.10.jar:/home/user/.m2/repository/org/jooq/jooq-codegen/3.11.10/jooq-codegen-3.11.10.jar:/home/user/.m2/repository/com/jolbox/bonecp/0.8.0.RELEASE/bonecp-0.8.0.RELEASE.jar:/home/user/.m2/repository/org/xerial/sqlite-jdbc/3.25.2/sqlite-jdbc-3.25.2.jar:/home/user/.m2/repository/org/springframework/spring-jdbc/5.1.3.RELEASE/spring-jdbc-5.1.3.RELEASE.jar:/home/user/.m2/repository/org/springframework/spring-beans/5.1.3.RELEASE/spring-beans-5.1.3.RELEASE.jar:/home/user/.m2/repository/org/springframework/spring-core/5.1.3.RELEASE/spring-core-5.1.3.RELEASE.jar:/home/user/.m2/repository/org/springframework/spring-jcl/5.1.3.RELEASE/spring-jcl-5.1.3.RELEASE.jar:/home/user/.m2/repository/org/springframework/spring-tx/5.1.3.RELEASE/spring-tx-5.1.3.RELEASE.jar:/home/user/.m2/repository/org/apache/hadoop/hadoop-ozone-client/0.5.0-SNAPSHOT/hadoop-ozone-client-0.5.0-SNAPSHOT.jar:/home/user/.m2/repository/commons-lang/commons-lang/2.6/commons-lang-2.6.jar:/home/user/.m2/repository/org/apache/hadoop/hadoop-ozone-ozone-manager/0.5.0-SNAPSHOT/hadoop-ozone-ozone-manager-0.5.0-SNAPSHOT-tests.jar:/home/user/.m2/repository/junit/junit/4.11/junit-4.11.jar:/home/user/.m2/repository/org/hamcrest/hamcrest-core/1.3/hamcrest-core-1.3.jar:/home/user/.m2/repository/org/openjdk/jmh/jmh-core/1.19/jmh-core-1.19.jar:/home/user/.m2/repository/net/sf/jopt-simple/jopt-simple/4.6/jopt-simple-4.6.jar:/home/user/.m2/repository/org/apache/commons/commons-math3/3.1.1/commons-math3-3.1.1.jar:/home/user/.m2/repository/org/openjdk/jmh/jmh-generator-annprocess/1.19/jmh-generator-annprocess-1.19.jar:/home/user/.m2/repository/org/mockito/mockito-all/1.8.5/mockito-all-1.8.5.jar:/home/user/.m2/repository/org/apache/hadoop/hadoop-kms/3.2.0/hadoop-kms-3.2.0.jar:/home/user/.m2/repository/org/apache/hadoop/hadoop-auth/3.2.0/hadoop-auth-3.2.0.jar:/home/user/.m2/repository/com/nimbusds/nimbus-jose-jwt/4.41.1/nimbus-jose-jwt-4.41.1.jar:/home/user/.m2/repository/com/github/stephenc/jcip/jcip-annotations/1.0-1/jcip-annotations-1.0-1.jar:/home/user/.m2/repository/net/minidev/json-smart/2.3/json-smart-2.3.jar:/home/user/.m2/repository/net/minidev/accessors-smart/1.2/accessors-smart-1.2.jar:/home/user/.m2/repository/org/ow2/asm/asm/5.0.4/asm-5.0.4.jar:/home/user/.m2/repository/org/apache/curator/curator-framework/2.12.0/curator-framework-2.12.0.jar:/home/user/.m2/repository/com/sun/jersey/jersey-core/1.19/jersey-core-1.19.jar:/home/user/.m2/repository/javax/ws/rs/jsr311-api/1.1.1/jsr311-api-1.1.1.jar:/home/user/.m2/repository/com/sun/jersey/jersey-server/1.19/jersey-server-1.19.jar:/home/user/.m2/repository/javax/servlet/javax.servlet-api/3.1.0/javax.servlet-api-3.1.0.jar:/home/user/.m2/repository/org/eclipse/jetty/jetty-server/9.3.25.v20180904/jetty-server-9.3.25.v20180904.jar:/home/user/.m2/repository/org/eclipse/jetty/jetty-http/9.3.25.v20180904/jetty-http-9.3.25.v20180904.jar:/home/user/.m2/repository/org/eclipse/jetty/jetty-io/9.3.25.v20180904/jetty-io-9.3.25.v20180904.jar:/home/user/.m2/repository/org/eclipse/jetty/jetty-webapp/9.3.25.v20180904/jetty-webapp-9.3.25.v20180904.jar:/home/user/.m2/repository/org/eclipse/jetty/jetty-xml/9.3.25.v20180904/jetty-xml-9.3.25.v20180904.jar:/home/user/.m2/repository/log4j/log4j/1.2.17/log4j-1.2.17.jar:/home/user/.m2/repository/org/slf4j/slf4j-api/1.7.25/slf4j-api-1.7.25.jar:/home/user/.m2/repository/org/slf4j/jul-to-slf4j/1.7.25/jul-to-slf4j-1.7.25.jar:/home/user/.m2/repository/org/eclipse/jetty/jetty-util/9.3.25.v20180904/jetty-util-9.3.25.v20180904.jar:/home/user/.m2/repository/com/fasterxml/jackson/core/jackson-databind/2.9.9/jackson-databind-2.9.9.jar:/home/user/.m2/repository/org/apache/hadoop/hadoop-kms/3.2.0/hadoop-kms-3.2.0-tests.jar:/home/user/.m2/repository/org/apache/hadoop/hadoop-hdds-server-scm/0.5.0-SNAPSHOT/hadoop-hdds-server-scm-0.5.0-SNAPSHOT-tests.jar:/home/user/.m2/repository/org/apache/hadoop/hadoop-hdds-container-service/0.5.0-SNAPSHOT/hadoop-hdds-container-service-0.5.0-SNAPSHOT-tests.jar:/home/user/.m2/repository/org/yaml/snakeyaml/1.16/snakeyaml-1.16.jar:/home/user/.m2/repository/org/apache/hadoop/hadoop-common/3.2.0/hadoop-common-3.2.0-tests.jar:/home/user/.m2/repository/org/apache/hadoop/hadoop-annotations/3.2.0/hadoop-annotations-3.2.0.jar:/usr/lib/jvm/java-1.8-openjdk/jre/../lib/tools.jar:/home/user/.m2/repository/commons-cli/commons-cli/1.2/commons-cli-1.2.jar:/home/user/.m2/repository/org/apache/httpcomponents/httpclient/4.5.2/httpclient-4.5.2.jar:/home/user/.m2/repository/org/apache/httpcomponents/httpcore/4.4.4/httpcore-4.4.4.jar:/home/user/.m2/repository/commons-codec/commons-codec/1.11/commons-codec-1.11.jar:/home/user/.m2/repository/commons-net/commons-net/3.6/commons-net-3.6.jar:/home/user/.m2/repository/commons-collections/commons-collections/3.2.2/commons-collections-3.2.2.jar:/home/user/.m2/repository/org/eclipse/jetty/jetty-servlet/9.3.25.v20180904/jetty-servlet-9.3.25.v20180904.jar:/home/user/.m2/repository/org/eclipse/jetty/jetty-security/9.3.25.v20180904/jetty-security-9.3.25.v20180904.jar:/home/user/.m2/repository/javax/servlet/jsp/jsp-api/2.1/jsp-api-2.1.jar:/home/user/.m2/repository/com/sun/jersey/jersey-servlet/1.19/jersey-servlet-1.19.jar:/home/user/.m2/repository/com/sun/jersey/jersey-json/1.19/jersey-json-1.19.jar:/home/user/.m2/repository/org/codehaus/jettison/jettison/1.1/jettison-1.1.jar:/home/user/.m2/repository/org/codehaus/jackson/jackson-core-asl/1.9.13/jackson-core-asl-1.9.13.jar:/home/user/.m2/repository/org/codehaus/jackson/jackson-mapper-asl/1.9.13/jackson-mapper-asl-1.9.13.jar:/home/user/.m2/repository/org/codehaus/jackson/jackson-jaxrs/1.9.13/jackson-jaxrs-1.9.13.jar:/home/user/.m2/repository/org/codehaus/jackson/jackson-xc/1.9.13/jackson-xc-1.9.13.jar:/home/user/.m2/repository/commons-logging/commons-logging/1.1.3/commons-logging-1.1.3.jar:/home/user/.m2/repository/commons-beanutils/commons-beanutils/1.9.4/commons-beanutils-1.9.4.jar:/home/user/.m2/repository/org/apache/commons/commons-configuration2/2.1.1/commons-configuration2-2.1.1.jar:/home/user/.m2/repository/org/apache/commons/commons-lang3/3.7/commons-lang3-3.7.jar:/home/user/.m2/repository/org/apache/commons/commons-text/1.4/commons-text-1.4.jar:/home/user/.m2/repository/org/apache/avro/avro/1.7.7/avro-1.7.7.jar:/home/user/.m2/repository/com/thoughtworks/paranamer/paranamer/2.3/paranamer-2.3.jar:/home/user/.m2/repository/org/xerial/snappy/snappy-java/1.0.5/snappy-java-1.0.5.jar:/home/user/.m2/repository/com/google/re2j/re2j/1.1/re2j-1.1.jar:/home/user/.m2/repository/com/google/code/gson/gson/2.2.4/gson-2.2.4.jar:/home/user/.m2/repository/com/jcraft/jsch/0.1.54/jsch-0.1.54.jar:/home/user/.m2/repository/org/apache/curator/curator-client/2.12.0/curator-client-2.12.0.jar:/home/user/.m2/repository/org/apache/curator/curator-recipes/2.12.0/curator-recipes-2.12.0.jar:/home/user/.m2/repository/com/google/code/findbugs/jsr305/3.0.0/jsr305-3.0.0.jar:/home/user/.m2/repository/org/apache/htrace/htrace-core4/4.1.0-incubating/htrace-core4-4.1.0-incubating.jar:/home/user/.m2/repository/org/apache/zookeeper/zookeeper/3.4.13/zookeeper-3.4.13.jar:/home/user/.m2/repository/jline/jline/0.9.94/jline-0.9.94.jar:/home/user/.m2/repository/org/apache/yetus/audience-annotations/0.5.0/audience-annotations-0.5.0.jar:/home/user/.m2/repository/org/codehaus/woodstox/stax2-api/3.1.4/stax2-api-3.1.4.jar:/home/user/.m2/repository/com/fasterxml/woodstox/woodstox-core/5.0.3/woodstox-core-5.0.3.jar:/home/user/.m2/repository/dnsjava/dnsjava/2.1.7/dnsjava-2.1.7.jar:/home/user/.m2/repository/org/apache/hadoop/hadoop-hdfs/3.2.0/hadoop-hdfs-3.2.0-tests.jar:/home/user/.m2/repository/org/eclipse/jetty/jetty-util-ajax/9.3.25.v20180904/jetty-util-ajax-9.3.25.v20180904.jar:/home/user/.m2/repository/commons-daemon/commons-daemon/1.0.13/commons-daemon-1.0.13.jar:/home/user/.m2/repository/io/netty/netty/3.10.5.Final/netty-3.10.5.Final.jar:/home/user/.m2/repository/io/netty/netty-all/4.0.52.Final/netty-all-4.0.52.Final.jar:/home/user/.m2/repository/org/fusesource/leveldbjni/leveldbjni-all/1.8/leveldbjni-all-1.8.jar:"/>
    <property name="java.vm.vendor" value="IcedTea"/>
    <property name="sun.arch.data.model" value="64"/>
    <property name="test.build.dir" value="/workdir/hadoop-ozone/integration-test/target/test-dir"/>
    <property name="test.cache.data" value=""/>
    <property name="java.vendor.url" value="https://icedtea.classpath.org"/>
    <property name="user.timezone" value=""/>
    <property name="java.vm.specification.version" value="1.8"/>
    <property name="os.name" value="Linux"/>
    <property name="test.build.data" value="/workdir/hadoop-ozone/integration-test/target/test-dir"/>
    <property name="user.country" value="US"/>
    <property name="sun.java.launcher" value="SUN_STANDARD"/>
    <property name="sun.boot.library.path" value="/usr/lib/jvm/java-1.8-openjdk/jre/lib/amd64"/>
    <property name="sun.java.command" value="/workdir/hadoop-ozone/integration-test/target/surefire/surefirebooter826844307619920015.jar /workdir/hadoop-ozone/integration-test/target/surefire 2019-10-04T22-52-43_575-jvmRun1 surefire7609693546219545284tmp surefire_764251146331831107730tmp"/>
    <property name="test" value="!TestMiniChaosOzoneCluster"/>
    <property name="surefire.test.class.path" value="/workdir/hadoop-ozone/integration-test/target/test-classes:/workdir/hadoop-ozone/integration-test/target/classes:/home/user/.m2/repository/org/apache/hadoop/hadoop-ozone-common/0.5.0-SNAPSHOT/hadoop-ozone-common-0.5.0-SNAPSHOT.jar:/home/user/.m2/repository/org/apache/commons/commons-compress/1.4.1/commons-compress-1.4.1.jar:/home/user/.m2/repository/org/tukaani/xz/1.0/xz-1.0.jar:/home/user/.m2/repository/org/apache/hadoop/hadoop-common/3.2.0/hadoop-common-3.2.0.jar:/home/user/.m2/repository/org/apache/hadoop/hadoop-hdfs/3.2.0/hadoop-hdfs-3.2.0.jar:/home/user/.m2/repository/org/apache/hadoop/hadoop-hdfs-client/3.2.0/hadoop-hdfs-client-3.2.0.jar:/home/user/.m2/repository/com/fasterxml/jackson/core/jackson-annotations/2.9.9/jackson-annotations-2.9.9.jar:/home/user/.m2/repository/org/apache/hadoop/hadoop-hdds-common/0.5.0-SNAPSHOT/hadoop-hdds-common-0.5.0-SNAPSHOT.jar:/home/user/.m2/repository/javax/annotation/javax.annotation-api/1.2/javax.annotation-api-1.2.jar:/home/user/.m2/repository/org/apache/ratis/ratis-server/0.5.0-201fc85-SNAPSHOT/ratis-server-0.5.0-201fc85-SNAPSHOT.jar:/home/user/.m2/repository/org/apache/ratis/ratis-thirdparty-misc/0.2.0/ratis-thirdparty-misc-0.2.0.jar:/home/user/.m2/repository/org/apache/ratis/ratis-proto/0.5.0-201fc85-SNAPSHOT/ratis-proto-0.5.0-201fc85-SNAPSHOT.jar:/home/user/.m2/repository/org/apache/ratis/ratis-common/0.5.0-201fc85-SNAPSHOT/ratis-common-0.5.0-201fc85-SNAPSHOT.jar:/home/user/.m2/repository/org/apache/ratis/ratis-client/0.5.0-201fc85-SNAPSHOT/ratis-client-0.5.0-201fc85-SNAPSHOT.jar:/home/user/.m2/repository/org/apache/ratis/ratis-metrics/0.5.0-201fc85-SNAPSHOT/ratis-metrics-0.5.0-201fc85-SNAPSHOT.jar:/home/user/.m2/repository/com/github/joshelser/dropwizard-metrics-hadoop-metrics2-reporter/0.1.2/dropwizard-metrics-hadoop-metrics2-reporter-0.1.2.jar:/home/user/.m2/repository/io/dropwizard/metrics/metrics-jvm/3.2.5/metrics-jvm-3.2.5.jar:/home/user/.m2/repository/io/dropwizard/metrics/metrics-ganglia/3.2.5/metrics-ganglia-3.2.5.jar:/home/user/.m2/repository/info/ganglia/gmetric4j/gmetric4j/1.0.7/gmetric4j-1.0.7.jar:/home/user/.m2/repository/org/apache/ratis/ratis-netty/0.5.0-201fc85-SNAPSHOT/ratis-netty-0.5.0-201fc85-SNAPSHOT.jar:/home/user/.m2/repository/org/apache/ratis/ratis-grpc/0.5.0-201fc85-SNAPSHOT/ratis-grpc-0.5.0-201fc85-SNAPSHOT.jar:/home/user/.m2/repository/org/rocksdb/rocksdbjni/6.0.1/rocksdbjni-6.0.1.jar:/home/user/.m2/repository/org/apache/logging/log4j/log4j-api/2.11.0/log4j-api-2.11.0.jar:/home/user/.m2/repository/org/apache/logging/log4j/log4j-core/2.11.0/log4j-core-2.11.0.jar:/home/user/.m2/repository/com/lmax/disruptor/3.4.2/disruptor-3.4.2.jar:/home/user/.m2/repository/org/apache/commons/commons-pool2/2.6.0/commons-pool2-2.6.0.jar:/home/user/.m2/repository/org/bouncycastle/bcpkix-jdk15on/1.60/bcpkix-jdk15on-1.60.jar:/home/user/.m2/repository/commons-validator/commons-validator/1.6/commons-validator-1.6.jar:/home/user/.m2/repository/commons-digester/commons-digester/1.8.1/commons-digester-1.8.1.jar:/home/user/.m2/repository/io/jaegertracing/jaeger-client/0.34.0/jaeger-client-0.34.0.jar:/home/user/.m2/repository/io/jaegertracing/jaeger-thrift/0.34.0/jaeger-thrift-0.34.0.jar:/home/user/.m2/repository/org/apache/thrift/libthrift/0.12.0/libthrift-0.12.0.jar:/home/user/.m2/repository/com/squareup/okhttp3/okhttp/3.9.0/okhttp-3.9.0.jar:/home/user/.m2/repository/com/squareup/okio/okio/1.13.0/okio-1.13.0.jar:/home/user/.m2/repository/io/jaegertracing/jaeger-core/0.34.0/jaeger-core-0.34.0.jar:/home/user/.m2/repository/io/jaegertracing/jaeger-tracerresolver/0.34.0/jaeger-tracerresolver-0.34.0.jar:/home/user/.m2/repository/io/opentracing/contrib/opentracing-tracerresolver/0.1.5/opentracing-tracerresolver-0.1.5.jar:/home/user/.m2/repository/io/opentracing/opentracing-util/0.31.0/opentracing-util-0.31.0.jar:/home/user/.m2/repository/io/opentracing/opentracing-api/0.31.0/opentracing-api-0.31.0.jar:/home/user/.m2/repository/io/opentracing/opentracing-noop/0.31.0/opentracing-noop-0.31.0.jar:/home/user/.m2/repository/org/apache/hadoop/hadoop-hdds-server-framework/0.5.0-SNAPSHOT/hadoop-hdds-server-framework-0.5.0-SNAPSHOT.jar:/home/user/.m2/repository/org/apache/hadoop/hadoop-hdds-container-service/0.5.0-SNAPSHOT/hadoop-hdds-container-service-0.5.0-SNAPSHOT.jar:/home/user/.m2/repository/org/apache/hadoop/hadoop-hdds-client/0.5.0-SNAPSHOT/hadoop-hdds-client-0.5.0-SNAPSHOT.jar:/home/user/.m2/repository/org/apache/hadoop/hadoop-hdds-tools/0.5.0-SNAPSHOT/hadoop-hdds-tools-0.5.0-SNAPSHOT.jar:/home/user/.m2/repository/org/apache/hadoop/hadoop-hdds-server-scm/0.5.0-SNAPSHOT/hadoop-hdds-server-scm-0.5.0-SNAPSHOT.jar:/home/user/.m2/repository/org/apache/hadoop/hadoop-hdds-docs/0.5.0-SNAPSHOT/hadoop-hdds-docs-0.5.0-SNAPSHOT.jar:/home/user/.m2/repository/io/dropwizard/metrics/metrics-core/3.2.4/metrics-core-3.2.4.jar:/home/user/.m2/repository/org/hamcrest/hamcrest-all/1.3/hamcrest-all-1.3.jar:/home/user/.m2/repository/org/bouncycastle/bcprov-jdk15on/1.60/bcprov-jdk15on-1.60.jar:/home/user/.m2/repository/info/picocli/picocli/3.9.6/picocli-3.9.6.jar:/home/user/.m2/repository/com/google/protobuf/protobuf-java/2.5.0/protobuf-java-2.5.0.jar:/home/user/.m2/repository/com/google/guava/guava/11.0.2/guava-11.0.2.jar:/home/user/.m2/repository/org/apache/hadoop/hadoop-ozone-ozone-manager/0.5.0-SNAPSHOT/hadoop-ozone-ozone-manager-0.5.0-SNAPSHOT.jar:/home/user/.m2/repository/org/apache/hadoop/hadoop-minikdc/3.2.0/hadoop-minikdc-3.2.0.jar:/home/user/.m2/repository/commons-io/commons-io/2.5/commons-io-2.5.jar:/home/user/.m2/repository/org/apache/kerby/kerb-simplekdc/1.0.1/kerb-simplekdc-1.0.1.jar:/home/user/.m2/repository/org/apache/kerby/kerb-client/1.0.1/kerb-client-1.0.1.jar:/home/user/.m2/repository/org/apache/kerby/kerby-config/1.0.1/kerby-config-1.0.1.jar:/home/user/.m2/repository/org/apache/kerby/kerb-core/1.0.1/kerb-core-1.0.1.jar:/home/user/.m2/repository/org/apache/kerby/kerby-pkix/1.0.1/kerby-pkix-1.0.1.jar:/home/user/.m2/repository/org/apache/kerby/kerby-asn1/1.0.1/kerby-asn1-1.0.1.jar:/home/user/.m2/repository/org/apache/kerby/kerby-util/1.0.1/kerby-util-1.0.1.jar:/home/user/.m2/repository/org/apache/kerby/kerb-common/1.0.1/kerb-common-1.0.1.jar:/home/user/.m2/repository/org/apache/kerby/kerb-crypto/1.0.1/kerb-crypto-1.0.1.jar:/home/user/.m2/repository/org/apache/kerby/kerb-util/1.0.1/kerb-util-1.0.1.jar:/home/user/.m2/repository/org/apache/kerby/token-provider/1.0.1/token-provider-1.0.1.jar:/home/user/.m2/repository/org/apache/kerby/kerb-admin/1.0.1/kerb-admin-1.0.1.jar:/home/user/.m2/repository/org/apache/kerby/kerb-server/1.0.1/kerb-server-1.0.1.jar:/home/user/.m2/repository/org/apache/kerby/kerb-identity/1.0.1/kerb-identity-1.0.1.jar:/home/user/.m2/repository/org/apache/kerby/kerby-xdr/1.0.1/kerby-xdr-1.0.1.jar:/home/user/.m2/repository/org/slf4j/slf4j-log4j12/1.7.25/slf4j-log4j12-1.7.25.jar:/home/user/.m2/repository/org/apache/hadoop/hadoop-ozone-s3gateway/0.5.0-SNAPSHOT/hadoop-ozone-s3gateway-0.5.0-SNAPSHOT.jar:/home/user/.m2/repository/org/jboss/weld/servlet/weld-servlet/2.4.7.Final/weld-servlet-2.4.7.Final.jar:/home/user/.m2/repository/org/glassfish/jersey/containers/jersey-container-servlet-core/2.27/jersey-container-servlet-core-2.27.jar:/home/user/.m2/repository/org/glassfish/hk2/external/javax.inject/2.5.0-b42/javax.inject-2.5.0-b42.jar:/home/user/.m2/repository/org/glassfish/jersey/core/jersey-common/2.27/jersey-common-2.27.jar:/home/user/.m2/repository/org/glassfish/hk2/osgi-resource-locator/1.0.1/osgi-resource-locator-1.0.1.jar:/home/user/.m2/repository/javax/ws/rs/javax.ws.rs-api/2.1/javax.ws.rs-api-2.1.jar:/home/user/.m2/repository/org/glassfish/jersey/ext/cdi/jersey-cdi1x/2.27/jersey-cdi1x-2.27.jar:/home/user/.m2/repository/org/glassfish/jersey/inject/jersey-hk2/2.27/jersey-hk2-2.27.jar:/home/user/.m2/repository/org/glassfish/hk2/hk2-locator/2.5.0-b42/hk2-locator-2.5.0-b42.jar:/home/user/.m2/repository/org/javassist/javassist/3.22.0-CR2/javassist-3.22.0-CR2.jar:/home/user/.m2/repository/org/glassfish/hk2/hk2-api/2.5.0/hk2-api-2.5.0.jar:/home/user/.m2/repository/org/glassfish/hk2/external/jakarta.inject/2.5.0/jakarta.inject-2.5.0.jar:/home/user/.m2/repository/org/glassfish/hk2/hk2-utils/2.5.0/hk2-utils-2.5.0.jar:/home/user/.m2/repository/jakarta/annotation/jakarta.annotation-api/1.3.4/jakarta.annotation-api-1.3.4.jar:/home/user/.m2/repository/org/glassfish/hk2/external/aopalliance-repackaged/2.5.0/aopalliance-repackaged-2.5.0.jar:/home/user/.m2/repository/com/fasterxml/jackson/dataformat/jackson-dataformat-xml/2.9.0/jackson-dataformat-xml-2.9.0.jar:/home/user/.m2/repository/com/fasterxml/jackson/core/jackson-core/2.9.9/jackson-core-2.9.9.jar:/home/user/.m2/repository/com/fasterxml/jackson/module/jackson-module-jaxb-annotations/2.9.9/jackson-module-jaxb-annotations-2.9.9.jar:/home/user/.m2/repository/javax/enterprise/cdi-api/1.2/cdi-api-1.2.jar:/home/user/.m2/repository/javax/el/javax.el-api/3.0.0/javax.el-api-3.0.0.jar:/home/user/.m2/repository/javax/interceptor/javax.interceptor-api/1.2/javax.interceptor-api-1.2.jar:/home/user/.m2/repository/javax/inject/javax.inject/1/javax.inject-1.jar:/home/user/.m2/repository/com/sun/xml/bind/jaxb-impl/2.3.0.1/jaxb-impl-2.3.0.1.jar:/home/user/.m2/repository/com/sun/xml/bind/jaxb-core/2.3.0.1/jaxb-core-2.3.0.1.jar:/home/user/.m2/repository/javax/xml/bind/jaxb-api/2.3.0/jaxb-api-2.3.0.jar:/home/user/.m2/repository/javax/activation/activation/1.1.1/activation-1.1.1.jar:/home/user/.m2/repository/org/apache/hadoop/hadoop-ozone-csi/0.5.0-SNAPSHOT/hadoop-ozone-csi-0.5.0-SNAPSHOT.jar:/home/user/.m2/repository/com/google/protobuf/protobuf-java-util/3.5.1/protobuf-java-util-3.5.1.jar:/home/user/.m2/repository/org/apache/hadoop/hadoop-hdds-config/0.5.0-SNAPSHOT/hadoop-hdds-config-0.5.0-SNAPSHOT.jar:/home/user/.m2/repository/io/grpc/grpc-netty/1.17.1/grpc-netty-1.17.1.jar:/home/user/.m2/repository/io/grpc/grpc-core/1.17.1/grpc-core-1.17.1.jar:/home/user/.m2/repository/io/grpc/grpc-context/1.17.1/grpc-context-1.17.1.jar:/home/user/.m2/repository/com/google/errorprone/error_prone_annotations/2.2.0/error_prone_annotations-2.2.0.jar:/home/user/.m2/repository/org/codehaus/mojo/animal-sniffer-annotations/1.17/animal-sniffer-annotations-1.17.jar:/home/user/.m2/repository/io/opencensus/opencensus-api/0.17.0/opencensus-api-0.17.0.jar:/home/user/.m2/repository/io/opencensus/opencensus-contrib-grpc-metrics/0.17.0/opencensus-contrib-grpc-metrics-0.17.0.jar:/home/user/.m2/repository/io/netty/netty-codec-http2/4.1.30.Final/netty-codec-http2-4.1.30.Final.jar:/home/user/.m2/repository/io/netty/netty-codec-http/4.1.30.Final/netty-codec-http-4.1.30.Final.jar:/home/user/.m2/repository/io/netty/netty-codec/4.1.30.Final/netty-codec-4.1.30.Final.jar:/home/user/.m2/repository/io/netty/netty-handler/4.1.30.Final/netty-handler-4.1.30.Final.jar:/home/user/.m2/repository/io/netty/netty-handler-proxy/4.1.30.Final/netty-handler-proxy-4.1.30.Final.jar:/home/user/.m2/repository/io/netty/netty-codec-socks/4.1.30.Final/netty-codec-socks-4.1.30.Final.jar:/home/user/.m2/repository/io/netty/netty-transport-native-epoll/4.1.30.Final/netty-transport-native-epoll-4.1.30.Final.jar:/home/user/.m2/repository/io/netty/netty-common/4.1.30.Final/netty-common-4.1.30.Final.jar:/home/user/.m2/repository/io/netty/netty-buffer/4.1.30.Final/netty-buffer-4.1.30.Final.jar:/home/user/.m2/repository/io/netty/netty-transport/4.1.30.Final/netty-transport-4.1.30.Final.jar:/home/user/.m2/repository/io/netty/netty-resolver/4.1.30.Final/netty-resolver-4.1.30.Final.jar:/home/user/.m2/repository/io/netty/netty-transport-native-unix-common/4.1.30.Final/netty-transport-native-unix-common-4.1.30.Final.jar:/home/user/.m2/repository/io/grpc/grpc-protobuf/1.17.1/grpc-protobuf-1.17.1.jar:/home/user/.m2/repository/com/google/api/grpc/proto-google-common-protos/1.0.0/proto-google-common-protos-1.0.0.jar:/home/user/.m2/repository/io/grpc/grpc-protobuf-lite/1.17.1/grpc-protobuf-lite-1.17.1.jar:/home/user/.m2/repository/io/grpc/grpc-stub/1.17.1/grpc-stub-1.17.1.jar:/home/user/.m2/repository/org/apache/hadoop/hadoop-ozone-recon/0.5.0-SNAPSHOT/hadoop-ozone-recon-0.5.0-SNAPSHOT.jar:/home/user/.m2/repository/org/apache/hadoop/hadoop-ozone-reconcodegen/0.5.0-SNAPSHOT/hadoop-ozone-reconcodegen-0.5.0-SNAPSHOT.jar:/home/user/.m2/repository/com/google/inject/extensions/guice-multibindings/4.0/guice-multibindings-4.0.jar:/home/user/.m2/repository/com/google/inject/guice/4.0/guice-4.0.jar:/home/user/.m2/repository/aopalliance/aopalliance/1.0/aopalliance-1.0.jar:/home/user/.m2/repository/com/google/inject/extensions/guice-servlet/4.0/guice-servlet-4.0.jar:/home/user/.m2/repository/org/glassfish/jersey/containers/jersey-container-servlet/2.27/jersey-container-servlet-2.27.jar:/home/user/.m2/repository/org/glassfish/hk2/guice-bridge/2.5.0/guice-bridge-2.5.0.jar:/home/user/.m2/repository/org/glassfish/jersey/core/jersey-server/2.27/jersey-server-2.27.jar:/home/user/.m2/repository/org/glassfish/jersey/core/jersey-client/2.27/jersey-client-2.27.jar:/home/user/.m2/repository/org/glassfish/jersey/media/jersey-media-jaxb/2.27/jersey-media-jaxb-2.27.jar:/home/user/.m2/repository/javax/validation/validation-api/1.1.0.Final/validation-api-1.1.0.Final.jar:/home/user/.m2/repository/org/glassfish/jersey/media/jersey-media-json-jackson/2.27/jersey-media-json-jackson-2.27.jar:/home/user/.m2/repository/org/glassfish/jersey/ext/jersey-entity-filtering/2.27/jersey-entity-filtering-2.27.jar:/home/user/.m2/repository/com/google/inject/extensions/guice-assistedinject/4.0/guice-assistedinject-4.0.jar:/home/user/.m2/repository/org/jooq/jooq/3.11.10/jooq-3.11.10.jar:/home/user/.m2/repository/org/jooq/jooq-meta/3.11.10/jooq-meta-3.11.10.jar:/home/user/.m2/repository/org/jooq/jooq-codegen/3.11.10/jooq-codegen-3.11.10.jar:/home/user/.m2/repository/com/jolbox/bonecp/0.8.0.RELEASE/bonecp-0.8.0.RELEASE.jar:/home/user/.m2/repository/org/xerial/sqlite-jdbc/3.25.2/sqlite-jdbc-3.25.2.jar:/home/user/.m2/repository/org/springframework/spring-jdbc/5.1.3.RELEASE/spring-jdbc-5.1.3.RELEASE.jar:/home/user/.m2/repository/org/springframework/spring-beans/5.1.3.RELEASE/spring-beans-5.1.3.RELEASE.jar:/home/user/.m2/repository/org/springframework/spring-core/5.1.3.RELEASE/spring-core-5.1.3.RELEASE.jar:/home/user/.m2/repository/org/springframework/spring-jcl/5.1.3.RELEASE/spring-jcl-5.1.3.RELEASE.jar:/home/user/.m2/repository/org/springframework/spring-tx/5.1.3.RELEASE/spring-tx-5.1.3.RELEASE.jar:/home/user/.m2/repository/org/apache/hadoop/hadoop-ozone-client/0.5.0-SNAPSHOT/hadoop-ozone-client-0.5.0-SNAPSHOT.jar:/home/user/.m2/repository/commons-lang/commons-lang/2.6/commons-lang-2.6.jar:/home/user/.m2/repository/org/apache/hadoop/hadoop-ozone-ozone-manager/0.5.0-SNAPSHOT/hadoop-ozone-ozone-manager-0.5.0-SNAPSHOT-tests.jar:/home/user/.m2/repository/junit/junit/4.11/junit-4.11.jar:/home/user/.m2/repository/org/hamcrest/hamcrest-core/1.3/hamcrest-core-1.3.jar:/home/user/.m2/repository/org/openjdk/jmh/jmh-core/1.19/jmh-core-1.19.jar:/home/user/.m2/repository/net/sf/jopt-simple/jopt-simple/4.6/jopt-simple-4.6.jar:/home/user/.m2/repository/org/apache/commons/commons-math3/3.1.1/commons-math3-3.1.1.jar:/home/user/.m2/repository/org/openjdk/jmh/jmh-generator-annprocess/1.19/jmh-generator-annprocess-1.19.jar:/home/user/.m2/repository/org/mockito/mockito-all/1.8.5/mockito-all-1.8.5.jar:/home/user/.m2/repository/org/apache/hadoop/hadoop-kms/3.2.0/hadoop-kms-3.2.0.jar:/home/user/.m2/repository/org/apache/hadoop/hadoop-auth/3.2.0/hadoop-auth-3.2.0.jar:/home/user/.m2/repository/com/nimbusds/nimbus-jose-jwt/4.41.1/nimbus-jose-jwt-4.41.1.jar:/home/user/.m2/repository/com/github/stephenc/jcip/jcip-annotations/1.0-1/jcip-annotations-1.0-1.jar:/home/user/.m2/repository/net/minidev/json-smart/2.3/json-smart-2.3.jar:/home/user/.m2/repository/net/minidev/accessors-smart/1.2/accessors-smart-1.2.jar:/home/user/.m2/repository/org/ow2/asm/asm/5.0.4/asm-5.0.4.jar:/home/user/.m2/repository/org/apache/curator/curator-framework/2.12.0/curator-framework-2.12.0.jar:/home/user/.m2/repository/com/sun/jersey/jersey-core/1.19/jersey-core-1.19.jar:/home/user/.m2/repository/javax/ws/rs/jsr311-api/1.1.1/jsr311-api-1.1.1.jar:/home/user/.m2/repository/com/sun/jersey/jersey-server/1.19/jersey-server-1.19.jar:/home/user/.m2/repository/javax/servlet/javax.servlet-api/3.1.0/javax.servlet-api-3.1.0.jar:/home/user/.m2/repository/org/eclipse/jetty/jetty-server/9.3.25.v20180904/jetty-server-9.3.25.v20180904.jar:/home/user/.m2/repository/org/eclipse/jetty/jetty-http/9.3.25.v20180904/jetty-http-9.3.25.v20180904.jar:/home/user/.m2/repository/org/eclipse/jetty/jetty-io/9.3.25.v20180904/jetty-io-9.3.25.v20180904.jar:/home/user/.m2/repository/org/eclipse/jetty/jetty-webapp/9.3.25.v20180904/jetty-webapp-9.3.25.v20180904.jar:/home/user/.m2/repository/org/eclipse/jetty/jetty-xml/9.3.25.v20180904/jetty-xml-9.3.25.v20180904.jar:/home/user/.m2/repository/log4j/log4j/1.2.17/log4j-1.2.17.jar:/home/user/.m2/repository/org/slf4j/slf4j-api/1.7.25/slf4j-api-1.7.25.jar:/home/user/.m2/repository/org/slf4j/jul-to-slf4j/1.7.25/jul-to-slf4j-1.7.25.jar:/home/user/.m2/repository/org/eclipse/jetty/jetty-util/9.3.25.v20180904/jetty-util-9.3.25.v20180904.jar:/home/user/.m2/repository/com/fasterxml/jackson/core/jackson-databind/2.9.9/jackson-databind-2.9.9.jar:/home/user/.m2/repository/org/apache/hadoop/hadoop-kms/3.2.0/hadoop-kms-3.2.0-tests.jar:/home/user/.m2/repository/org/apache/hadoop/hadoop-hdds-server-scm/0.5.0-SNAPSHOT/hadoop-hdds-server-scm-0.5.0-SNAPSHOT-tests.jar:/home/user/.m2/repository/org/apache/hadoop/hadoop-hdds-container-service/0.5.0-SNAPSHOT/hadoop-hdds-container-service-0.5.0-SNAPSHOT-tests.jar:/home/user/.m2/repository/org/yaml/snakeyaml/1.16/snakeyaml-1.16.jar:/home/user/.m2/repository/org/apache/hadoop/hadoop-common/3.2.0/hadoop-common-3.2.0-tests.jar:/home/user/.m2/repository/org/apache/hadoop/hadoop-annotations/3.2.0/hadoop-annotations-3.2.0.jar:/usr/lib/jvm/java-1.8-openjdk/jre/../lib/tools.jar:/home/user/.m2/repository/commons-cli/commons-cli/1.2/commons-cli-1.2.jar:/home/user/.m2/repository/org/apache/httpcomponents/httpclient/4.5.2/httpclient-4.5.2.jar:/home/user/.m2/repository/org/apache/httpcomponents/httpcore/4.4.4/httpcore-4.4.4.jar:/home/user/.m2/repository/commons-codec/commons-codec/1.11/commons-codec-1.11.jar:/home/user/.m2/repository/commons-net/commons-net/3.6/commons-net-3.6.jar:/home/user/.m2/repository/commons-collections/commons-collections/3.2.2/commons-collections-3.2.2.jar:/home/user/.m2/repository/org/eclipse/jetty/jetty-servlet/9.3.25.v20180904/jetty-servlet-9.3.25.v20180904.jar:/home/user/.m2/repository/org/eclipse/jetty/jetty-security/9.3.25.v20180904/jetty-security-9.3.25.v20180904.jar:/home/user/.m2/repository/javax/servlet/jsp/jsp-api/2.1/jsp-api-2.1.jar:/home/user/.m2/repository/com/sun/jersey/jersey-servlet/1.19/jersey-servlet-1.19.jar:/home/user/.m2/repository/com/sun/jersey/jersey-json/1.19/jersey-json-1.19.jar:/home/user/.m2/repository/org/codehaus/jettison/jettison/1.1/jettison-1.1.jar:/home/user/.m2/repository/org/codehaus/jackson/jackson-core-asl/1.9.13/jackson-core-asl-1.9.13.jar:/home/user/.m2/repository/org/codehaus/jackson/jackson-mapper-asl/1.9.13/jackson-mapper-asl-1.9.13.jar:/home/user/.m2/repository/org/codehaus/jackson/jackson-jaxrs/1.9.13/jackson-jaxrs-1.9.13.jar:/home/user/.m2/repository/org/codehaus/jackson/jackson-xc/1.9.13/jackson-xc-1.9.13.jar:/home/user/.m2/repository/commons-logging/commons-logging/1.1.3/commons-logging-1.1.3.jar:/home/user/.m2/repository/commons-beanutils/commons-beanutils/1.9.4/commons-beanutils-1.9.4.jar:/home/user/.m2/repository/org/apache/commons/commons-configuration2/2.1.1/commons-configuration2-2.1.1.jar:/home/user/.m2/repository/org/apache/commons/commons-lang3/3.7/commons-lang3-3.7.jar:/home/user/.m2/repository/org/apache/commons/commons-text/1.4/commons-text-1.4.jar:/home/user/.m2/repository/org/apache/avro/avro/1.7.7/avro-1.7.7.jar:/home/user/.m2/repository/com/thoughtworks/paranamer/paranamer/2.3/paranamer-2.3.jar:/home/user/.m2/repository/org/xerial/snappy/snappy-java/1.0.5/snappy-java-1.0.5.jar:/home/user/.m2/repository/com/google/re2j/re2j/1.1/re2j-1.1.jar:/home/user/.m2/repository/com/google/code/gson/gson/2.2.4/gson-2.2.4.jar:/home/user/.m2/repository/com/jcraft/jsch/0.1.54/jsch-0.1.54.jar:/home/user/.m2/repository/org/apache/curator/curator-client/2.12.0/curator-client-2.12.0.jar:/home/user/.m2/repository/org/apache/curator/curator-recipes/2.12.0/curator-recipes-2.12.0.jar:/home/user/.m2/repository/com/google/code/findbugs/jsr305/3.0.0/jsr305-3.0.0.jar:/home/user/.m2/repository/org/apache/htrace/htrace-core4/4.1.0-incubating/htrace-core4-4.1.0-incubating.jar:/home/user/.m2/repository/org/apache/zookeeper/zookeeper/3.4.13/zookeeper-3.4.13.jar:/home/user/.m2/repository/jline/jline/0.9.94/jline-0.9.94.jar:/home/user/.m2/repository/org/apache/yetus/audience-annotations/0.5.0/audience-annotations-0.5.0.jar:/home/user/.m2/repository/org/codehaus/woodstox/stax2-api/3.1.4/stax2-api-3.1.4.jar:/home/user/.m2/repository/com/fasterxml/woodstox/woodstox-core/5.0.3/woodstox-core-5.0.3.jar:/home/user/.m2/repository/dnsjava/dnsjava/2.1.7/dnsjava-2.1.7.jar:/home/user/.m2/repository/org/apache/hadoop/hadoop-hdfs/3.2.0/hadoop-hdfs-3.2.0-tests.jar:/home/user/.m2/repository/org/eclipse/jetty/jetty-util-ajax/9.3.25.v20180904/jetty-util-ajax-9.3.25.v20180904.jar:/home/user/.m2/repository/commons-daemon/commons-daemon/1.0.13/commons-daemon-1.0.13.jar:/home/user/.m2/repository/io/netty/netty/3.10.5.Final/netty-3.10.5.Final.jar:/home/user/.m2/repository/io/netty/netty-all/4.0.52.Final/netty-all-4.0.52.Final.jar:/home/user/.m2/repository/org/fusesource/leveldbjni/leveldbjni-all/1.8/leveldbjni-all-1.8.jar:"/>
    <property name="sun.cpu.endian" value="little"/>
    <property name="user.home" value="/home/user"/>
    <property name="user.language" value="en"/>
    <property name="java.specification.vendor" value="Oracle Corporation"/>
    <property name="java.home" value="/usr/lib/jvm/java-1.8-openjdk/jre"/>
    <property name="java.security.krb5.conf" value="/workdir/hadoop-ozone/integration-test/target/test-classes/krb5.conf"/>
    <property name="basedir" value="/workdir/hadoop-ozone/integration-test"/>
    <property name="file.separator" value="/"/>
    <property name="line.separator" value="&#10;"/>
    <property name="java.vm.specification.vendor" value="Oracle Corporation"/>
    <property name="java.specification.name" value="Java Platform API Specification"/>
    <property name="java.awt.graphicsenv" value="sun.awt.X11GraphicsEnvironment"/>
    <property name="surefire.real.class.path" value="/workdir/hadoop-ozone/integration-test/target/surefire/surefirebooter826844307619920015.jar"/>
    <property name="hadoop.log.dir" value="/workdir/hadoop-ozone/integration-test/target/log"/>
    <property name="sun.boot.class.path" value="/usr/lib/jvm/java-1.8-openjdk/jre/lib/resources.jar:/usr/lib/jvm/java-1.8-openjdk/jre/lib/rt.jar:/usr/lib/jvm/java-1.8-openjdk/jre/lib/sunrsasign.jar:/usr/lib/jvm/java-1.8-openjdk/jre/lib/jsse.jar:/usr/lib/jvm/java-1.8-openjdk/jre/lib/jce.jar:/usr/lib/jvm/java-1.8-openjdk/jre/lib/charsets.jar:/usr/lib/jvm/java-1.8-openjdk/jre/lib/jfr.jar:/usr/lib/jvm/java-1.8-openjdk/jre/classes"/>
    <property name="sun.management.compiler" value="HotSpot 64-Bit Tiered Compilers"/>
    <property name="java.runtime.version" value="1.8.0_212-b04"/>
    <property name="java.net.preferIPv4Stack" value="true"/>
    <property name="user.name" value="jenkins1000"/>
    <property name="path.separator" value=":"/>
    <property name="java.security.egd" value="file:///dev/urandom"/>
    <property name="os.version" value="3.10.0-957.12.2.el7.x86_64"/>
    <property name="java.endorsed.dirs" value="/usr/lib/jvm/java-1.8-openjdk/jre/lib/endorsed"/>
    <property name="java.runtime.name" value="OpenJDK Runtime Environment"/>
    <property name="file.encoding" value="UTF-8"/>
    <property name="java.vm.name" value="OpenJDK 64-Bit Server VM"/>
    <property name="test.build.webapps" value=""/>
    <property name="localRepository" value="/home/user/.m2/repository"/>
    <property name="java.vendor.url.bug" value="https://icedtea.classpath.org/bugzilla"/>
    <property name="java.io.tmpdir" value="/tmp"/>
    <property name="require.test.libhadoop" value=""/>
    <property name="java.version" value="1.8.0_212"/>
    <property name="user.dir" value="/workdir/hadoop-ozone/integration-test"/>
    <property name="os.arch" value="amd64"/>
    <property name="java.vm.specification.name" value="Java Virtual Machine Specification"/>
    <property name="test.build.classes" value="/workdir/hadoop-ozone/integration-test/target/test-classes"/>
    <property name="java.awt.printerjob" value="sun.print.PSPrinterJob"/>
    <property name="sun.os.patch.level" value="unknown"/>
    <property name="hadoop.tmp.dir" value="/workdir/hadoop-ozone/integration-test/target/tmp"/>
    <property name="java.library.path" value="/usr/lib/jvm/java-1.8-openjdk/jre/lib/amd64/server:/usr/lib/jvm/java-1.8-openjdk/jre/lib/amd64:/usr/lib/jvm/java-1.8-openjdk/jre/../lib/amd64:/workdir/hadoop-ozone/integration-test/target/native/target/usr/local/lib:/workdir/hadoop-ozone/integration-test/../../hadoop-common-project/hadoop-common/target/native/target/usr/local/lib:/usr/java/packages/lib/amd64:/usr/lib64:/lib64:/lib:/usr/lib"/>
    <property name="java.vm.info" value="mixed mode"/>
    <property name="java.vendor" value="IcedTea"/>
    <property name="java.vm.version" value="25.212-b04"/>
    <property name="java.ext.dirs" value="/usr/lib/jvm/java-1.8-openjdk/jre/lib/ext:/usr/java/packages/lib/ext"/>
    <property name="sun.io.unicode.encoding" value="UnicodeLittle"/>
    <property name="java.class.version" value="52.0"/>
  </properties>
  <testcase name="testWatchForCommitWithKeyWrite" classname="org.apache.hadoop.ozone.client.rpc.TestWatchForCommit" time="78.075"/>
  <testcase name="testWatchForCommitWithSmallerTimeoutValue" classname="org.apache.hadoop.ozone.client.rpc.TestWatchForCommit" time="42.554"/>
  <testcase name="testWatchForCommitForRetryfailure" classname="org.apache.hadoop.ozone.client.rpc.TestWatchForCommit" time="71.073"/>
  <testcase name="testWatchForCommitForGroupMismatchException" classname="org.apache.hadoop.ozone.client.rpc.TestWatchForCommit" time="32.165"/>
  <testcase name="test2WayCommitForTimeoutException" classname="org.apache.hadoop.ozone.client.rpc.TestWatchForCommit" time="22.116">
    <error type="java.util.concurrent.TimeoutException">java.util.concurrent.TimeoutException
	at java.util.concurrent.CompletableFuture.timedGet(CompletableFuture.java:1771)
	at java.util.concurrent.CompletableFuture.get(CompletableFuture.java:1915)
	at org.apache.hadoop.hdds.scm.XceiverClientRatis.watchForCommit(XceiverClientRatis.java:298)
	at org.apache.hadoop.ozone.client.rpc.TestWatchForCommit.test2WayCommitForTimeoutException(TestWatchForCommit.java:391)
	at sun.reflect.NativeMethodAccessorImpl.invoke0(Native Method)
	at sun.reflect.NativeMethodAccessorImpl.invoke(NativeMethodAccessorImpl.java:62)
	at sun.reflect.DelegatingMethodAccessorImpl.invoke(DelegatingMethodAccessorImpl.java:43)
	at java.lang.reflect.Method.invoke(Method.java:498)
	at org.junit.runners.model.FrameworkMethod$1.runReflectiveCall(FrameworkMethod.java:47)
	at org.junit.internal.runners.model.ReflectiveCallable.run(ReflectiveCallable.java:12)
	at org.junit.runners.model.FrameworkMethod.invokeExplosively(FrameworkMethod.java:44)
	at org.junit.internal.runners.statements.InvokeMethod.evaluate(InvokeMethod.java:17)
	at org.junit.runners.ParentRunner.runLeaf(ParentRunner.java:271)
	at org.junit.runners.BlockJUnit4ClassRunner.runChild(BlockJUnit4ClassRunner.java:70)
	at org.junit.runners.BlockJUnit4ClassRunner.runChild(BlockJUnit4ClassRunner.java:50)
	at org.junit.runners.ParentRunner$3.run(ParentRunner.java:238)
	at org.junit.runners.ParentRunner$1.schedule(ParentRunner.java:63)
	at org.junit.runners.ParentRunner.runChildren(ParentRunner.java:236)
	at org.junit.runners.ParentRunner.access$000(ParentRunner.java:53)
	at org.junit.runners.ParentRunner$2.evaluate(ParentRunner.java:229)
	at org.junit.runners.ParentRunner.run(ParentRunner.java:309)
	at org.apache.maven.surefire.junit4.JUnit4Provider.execute(JUnit4Provider.java:365)
	at org.apache.maven.surefire.junit4.JUnit4Provider.executeWithRerun(JUnit4Provider.java:273)
	at org.apache.maven.surefire.junit4.JUnit4Provider.executeTestSet(JUnit4Provider.java:238)
	at org.apache.maven.surefire.junit4.JUnit4Provider.invoke(JUnit4Provider.java:159)
	at org.apache.maven.surefire.booter.ForkedBooter.invokeProviderInSameClassLoader(ForkedBooter.java:384)
	at org.apache.maven.surefire.booter.ForkedBooter.runSuitesInProcess(ForkedBooter.java:345)
	at org.apache.maven.surefire.booter.ForkedBooter.execute(ForkedBooter.java:126)
	at org.apache.maven.surefire.booter.ForkedBooter.main(ForkedBooter.java:418)
</error>
    <system-out><![CDATA[2019-10-05 00:07:45,789 [main] WARN  server.ServerUtils (ServerUtils.java:getScmDbDir(145)) - ozone.scm.db.dirs is not configured. We recommend adding this setting. Falling back to ozone.metadata.dirs instead.
2019-10-05 00:07:45,805 [main] WARN  server.ServerUtils (ServerUtils.java:getScmDbDir(145)) - ozone.scm.db.dirs is not configured. We recommend adding this setting. Falling back to ozone.metadata.dirs instead.
2019-10-05 00:07:45,805 [main] WARN  server.ServerUtils (ServerUtils.java:getScmDbDir(145)) - ozone.scm.db.dirs is not configured. We recommend adding this setting. Falling back to ozone.metadata.dirs instead.
2019-10-05 00:07:45,806 [main] INFO  db.DBStoreBuilder (DBStoreBuilder.java:addTable(117)) - using custom profile for table: deletedBlocks
2019-10-05 00:07:45,806 [main] INFO  db.DBStoreBuilder (DBStoreBuilder.java:processTables(168)) - Using default column profile:DBProfile.DISK for Table:deletedBlocks
2019-10-05 00:07:45,806 [main] INFO  db.DBStoreBuilder (DBStoreBuilder.java:addTable(117)) - using custom profile for table: validCerts
2019-10-05 00:07:45,806 [main] INFO  db.DBStoreBuilder (DBStoreBuilder.java:processTables(168)) - Using default column profile:DBProfile.DISK for Table:validCerts
2019-10-05 00:07:45,806 [main] INFO  db.DBStoreBuilder (DBStoreBuilder.java:addTable(117)) - using custom profile for table: revokedCerts
2019-10-05 00:07:45,806 [main] INFO  db.DBStoreBuilder (DBStoreBuilder.java:processTables(168)) - Using default column profile:DBProfile.DISK for Table:revokedCerts
2019-10-05 00:07:45,806 [main] INFO  db.DBStoreBuilder (DBStoreBuilder.java:addTable(117)) - using custom profile for table: default
2019-10-05 00:07:45,807 [main] INFO  db.DBStoreBuilder (DBStoreBuilder.java:processTables(174)) - Using default column profile:DBProfile.DISK for Table:default
2019-10-05 00:07:45,807 [main] INFO  db.DBStoreBuilder (DBStoreBuilder.java:getDbProfile(205)) - Using default options. DBProfile.DISK
2019-10-05 00:07:45,958 [main] INFO  net.NodeSchemaLoader (NodeSchemaLoader.java:loadSchemaFromFile(125)) - Loading file from sun.misc.CompoundEnumeration@40d848f9
2019-10-05 00:07:45,958 [main] INFO  net.NodeSchemaLoader (NodeSchemaLoader.java:loadSchema(171)) - Loading network topology layer schema file
2019-10-05 00:07:45,963 [main] WARN  server.ServerUtils (ServerUtils.java:sanitizeUserArgs(70)) - ozone.scm.stale.node.interval value = 300000 is larger than max = 100000 based on the key value of ozone.scm.heartbeat.thread.interval, reset to the max value 100000.
2019-10-05 00:07:45,963 [main] WARN  server.ServerUtils (ServerUtils.java:sanitizeUserArgs(70)) - ozone.scm.stale.node.interval value = 300000 is larger than max = 100000 based on the key value of ozone.scm.heartbeat.thread.interval, reset to the max value 100000.
2019-10-05 00:07:45,963 [main] INFO  node.SCMNodeManager (SCMNodeManager.java:<init>(116)) - Entering startup safe mode.
2019-10-05 00:07:45,964 [main] INFO  algorithms.ContainerPlacementPolicyFactory (ContainerPlacementPolicyFactory.java:getPolicy(57)) - Create container placement policy of type org.apache.hadoop.hdds.scm.container.placement.algorithms.SCMContainerPlacementRandom
2019-10-05 00:07:45,964 [main] WARN  server.ServerUtils (ServerUtils.java:getScmDbDir(145)) - ozone.scm.db.dirs is not configured. We recommend adding this setting. Falling back to ozone.metadata.dirs instead.
2019-10-05 00:07:46,012 [main] INFO  pipeline.SCMPipelineManager (SCMPipelineManager.java:initializePipelineState(132)) - No pipeline exists in current db
2019-10-05 00:07:46,012 [main] WARN  server.ServerUtils (ServerUtils.java:getScmDbDir(145)) - ozone.scm.db.dirs is not configured. We recommend adding this setting. Falling back to ozone.metadata.dirs instead.
2019-10-05 00:07:46,063 [main] WARN  events.EventQueue (EventQueue.java:fireEvent(183)) - No event handler registered for event TypedEvent{payloadType=SafeModeStatus, name='SafeModeStatus'}
2019-10-05 00:07:46,064 [main] INFO  ipc.CallQueueManager (CallQueueManager.java:<init>(84)) - Using callQueue: class java.util.concurrent.LinkedBlockingQueue, queueCapacity: 2000, scheduler: class org.apache.hadoop.ipc.DefaultRpcScheduler, ipcBackoff: false.
2019-10-05 00:07:46,064 [Socket Reader #1 for port 38187] INFO  ipc.Server (Server.java:run(1074)) - Starting Socket Reader #1 for port 38187
2019-10-05 00:07:46,067 [main] INFO  ipc.CallQueueManager (CallQueueManager.java:<init>(84)) - Using callQueue: class java.util.concurrent.LinkedBlockingQueue, queueCapacity: 2000, scheduler: class org.apache.hadoop.ipc.DefaultRpcScheduler, ipcBackoff: false.
2019-10-05 00:07:46,067 [Socket Reader #1 for port 44685] INFO  ipc.Server (Server.java:run(1074)) - Starting Socket Reader #1 for port 44685
2019-10-05 00:07:46,069 [main] INFO  ipc.CallQueueManager (CallQueueManager.java:<init>(84)) - Using callQueue: class java.util.concurrent.LinkedBlockingQueue, queueCapacity: 2000, scheduler: class org.apache.hadoop.ipc.DefaultRpcScheduler, ipcBackoff: false.
2019-10-05 00:07:46,069 [Socket Reader #1 for port 37246] INFO  ipc.Server (Server.java:run(1074)) - Starting Socket Reader #1 for port 37246
2019-10-05 00:07:46,072 [main] INFO  hdfs.DFSUtil (DFSUtil.java:httpServerTemplateForNNAndJN(1641)) - Starting Web-server for scm at: http://0.0.0.0:0
2019-10-05 00:07:46,074 [main] INFO  server.AuthenticationFilter (AuthenticationFilter.java:constructSecretProvider(240)) - Unable to initialize FileSignerSecretProvider, falling back to use random secrets.
2019-10-05 00:07:46,075 [main] WARN  http.HttpRequestLog (HttpRequestLog.java:getRequestLog(97)) - Jetty request log can only be enabled using Log4j
2019-10-05 00:07:46,077 [main] INFO  http.HttpServer2 (HttpServer2.java:addGlobalFilter(975)) - Added global filter 'safety' (class=org.apache.hadoop.http.HttpServer2$QuotingInputFilter)
2019-10-05 00:07:46,078 [main] INFO  http.HttpServer2 (HttpServer2.java:addFilter(948)) - Added filter static_user_filter (class=org.apache.hadoop.http.lib.StaticUserWebFilter$StaticUserFilter) to context scm
2019-10-05 00:07:46,078 [main] INFO  http.HttpServer2 (HttpServer2.java:addFilter(958)) - Added filter static_user_filter (class=org.apache.hadoop.http.lib.StaticUserWebFilter$StaticUserFilter) to context static
2019-10-05 00:07:46,078 [main] INFO  http.HttpServer2 (HttpServer2.java:addFilter(958)) - Added filter static_user_filter (class=org.apache.hadoop.http.lib.StaticUserWebFilter$StaticUserFilter) to context logs
2019-10-05 00:07:46,080 [main] INFO  server.StorageContainerManager (StorageContainerManager.java:start(770)) - StorageContainerLocationProtocol RPC server is listening at /0.0.0.0:37246
2019-10-05 00:07:46,083 [main] WARN  impl.MetricsConfig (MetricsConfig.java:loadFirst(134)) - Cannot locate configuration: tried hadoop-metrics2-storagecontainermanager.properties,hadoop-metrics2.properties
2019-10-05 00:07:46,084 [main] INFO  impl.MetricsSystemImpl (MetricsSystemImpl.java:startTimer(374)) - Scheduled Metric snapshot period at 10 second(s).
2019-10-05 00:07:46,085 [main] INFO  impl.MetricsSystemImpl (MetricsSystemImpl.java:start(191)) - StorageContainerManager metrics system started
2019-10-05 00:07:46,158 [main] WARN  impl.MetricsSystemImpl (MetricsSystemImpl.java:register(276)) - Sink prometheus already exists!
2019-10-05 00:07:46,239 [main] INFO  server.SCMClientProtocolServer (SCMClientProtocolServer.java:start(159)) - RPC server for Client  is listening at /0.0.0.0:37246
2019-10-05 00:07:46,239 [IPC Server Responder] INFO  ipc.Server (Server.java:run(1314)) - IPC Server Responder: starting
2019-10-05 00:07:46,239 [IPC Server listener on 37246] INFO  ipc.Server (Server.java:run(1153)) - IPC Server listener on 37246: starting
2019-10-05 00:07:46,244 [main] INFO  server.StorageContainerManager (StorageContainerManager.java:start(780)) - ScmBlockLocationProtocol RPC server is listening at /0.0.0.0:44685
2019-10-05 00:07:46,244 [main] INFO  server.SCMBlockProtocolServer (SCMBlockProtocolServer.java:start(146)) - RPC server for Block Protocol is listening at /0.0.0.0:44685
2019-10-05 00:07:46,244 [IPC Server Responder] INFO  ipc.Server (Server.java:run(1314)) - IPC Server Responder: starting
2019-10-05 00:07:46,244 [IPC Server listener on 44685] INFO  ipc.Server (Server.java:run(1153)) - IPC Server listener on 44685: starting
2019-10-05 00:07:46,251 [main] INFO  server.StorageContainerManager (StorageContainerManager.java:start(784)) - ScmDatanodeProtocl RPC server is listening at /0.0.0.0:38187
2019-10-05 00:07:46,251 [main] INFO  server.SCMDatanodeProtocolServer (SCMDatanodeProtocolServer.java:start(169)) - RPC server for DataNodes is listening at /0.0.0.0:38187
2019-10-05 00:07:46,252 [IPC Server Responder] INFO  ipc.Server (Server.java:run(1314)) - IPC Server Responder: starting
2019-10-05 00:07:46,252 [IPC Server listener on 38187] INFO  ipc.Server (Server.java:run(1153)) - IPC Server listener on 38187: starting
2019-10-05 00:07:46,255 [main] INFO  http.HttpServer2 (HttpServer2.java:bindListener(1191)) - Jetty bound to port 32783
2019-10-05 00:07:46,255 [main] INFO  server.Server (Server.java:doStart(351)) - jetty-9.3.25.v20180904, build timestamp: 2018-09-04T21:11:46Z, git hash: 3ce520221d0240229c862b122d2b06c12a625732
2019-10-05 00:07:46,256 [main] INFO  handler.ContextHandler (ContextHandler.java:doStart(781)) - Started o.e.j.s.ServletContextHandler@53a50b0a{/logs,file:///workdir/hadoop-ozone/integration-test/target/log,AVAILABLE}
2019-10-05 00:07:46,257 [main] INFO  handler.ContextHandler (ContextHandler.java:doStart(781)) - Started o.e.j.s.ServletContextHandler@395f52ed{/static,file:///workdir/hadoop-ozone/integration-test/target/test-classes/webapps/static,AVAILABLE}
2019-10-05 00:07:46,260 [main] INFO  handler.ContextHandler (ContextHandler.java:doStart(781)) - Started o.e.j.w.WebAppContext@320be73{/,file:///workdir/hadoop-ozone/integration-test/target/test-classes/webapps/scm/,AVAILABLE}{/scm}
2019-10-05 00:07:46,261 [main] INFO  server.AbstractConnector (AbstractConnector.java:doStart(278)) - Started ServerConnector@435e416c{HTTP/1.1,[http/1.1]}{0.0.0.0:32783}
2019-10-05 00:07:46,262 [main] INFO  server.Server (Server.java:doStart(419)) - Started @224828ms
2019-10-05 00:07:46,262 [main] WARN  impl.MetricsSystemImpl (MetricsSystemImpl.java:register(276)) - Sink prometheus already exists!
2019-10-05 00:07:46,263 [main] INFO  server.BaseHttpServer (BaseHttpServer.java:updateConnectorAddress(215)) - HTTP server of SCM is listening at http://0.0.0.0:32783
2019-10-05 00:07:46,263 [main] WARN  server.ServerUtils (ServerUtils.java:getDBPath(222)) - ozone.om.db.dirs is not configured. We recommend adding this setting. Falling back to ozone.metadata.dirs instead.
2019-10-05 00:07:46,264 [org.apache.hadoop.util.JvmPauseMonitor$Monitor@4aed311e] INFO  util.JvmPauseMonitor (JvmPauseMonitor.java:run(188)) - Starting JVM pause monitor
2019-10-05 00:07:46,278 [main] INFO  ha.OMHANodeDetails (OMHANodeDetails.java:loadOMHAConfig(190)) - Configuration either no ozone.om.address set. Falling back to the default OM address /127.0.0.1:0
2019-10-05 00:07:46,278 [main] INFO  ha.OMHANodeDetails (OMHANodeDetails.java:getOMNodeDetails(220)) - OM Service ID is not set. Setting it to the default ID: omServiceIdDefault
2019-10-05 00:07:46,278 [main] WARN  server.ServerUtils (ServerUtils.java:getDBPath(222)) - ozone.om.db.dirs is not configured. We recommend adding this setting. Falling back to ozone.metadata.dirs instead.
2019-10-05 00:07:46,279 [main] WARN  server.ServerUtils (ServerUtils.java:getDBPath(222)) - ozone.om.db.dirs is not configured. We recommend adding this setting. Falling back to ozone.metadata.dirs instead.
2019-10-05 00:07:46,286 [main] WARN  server.ServerUtils (ServerUtils.java:getDBPath(222)) - ozone.om.db.dirs is not configured. We recommend adding this setting. Falling back to ozone.metadata.dirs instead.
2019-10-05 00:07:46,286 [main] INFO  db.DBStoreBuilder (DBStoreBuilder.java:addTable(117)) - using custom profile for table: userTable
2019-10-05 00:07:46,286 [main] INFO  db.DBStoreBuilder (DBStoreBuilder.java:processTables(168)) - Using default column profile:DBProfile.DISK for Table:userTable
2019-10-05 00:07:46,286 [main] INFO  db.DBStoreBuilder (DBStoreBuilder.java:addTable(117)) - using custom profile for table: volumeTable
2019-10-05 00:07:46,286 [main] INFO  db.DBStoreBuilder (DBStoreBuilder.java:processTables(168)) - Using default column profile:DBProfile.DISK for Table:volumeTable
2019-10-05 00:07:46,287 [main] INFO  db.DBStoreBuilder (DBStoreBuilder.java:addTable(117)) - using custom profile for table: bucketTable
2019-10-05 00:07:46,287 [main] INFO  db.DBStoreBuilder (DBStoreBuilder.java:processTables(168)) - Using default column profile:DBProfile.DISK for Table:bucketTable
2019-10-05 00:07:46,287 [main] INFO  db.DBStoreBuilder (DBStoreBuilder.java:addTable(117)) - using custom profile for table: keyTable
2019-10-05 00:07:46,287 [main] INFO  db.DBStoreBuilder (DBStoreBuilder.java:processTables(168)) - Using default column profile:DBProfile.DISK for Table:keyTable
2019-10-05 00:07:46,287 [main] INFO  db.DBStoreBuilder (DBStoreBuilder.java:addTable(117)) - using custom profile for table: deletedTable
2019-10-05 00:07:46,287 [main] INFO  db.DBStoreBuilder (DBStoreBuilder.java:processTables(168)) - Using default column profile:DBProfile.DISK for Table:deletedTable
2019-10-05 00:07:46,288 [main] INFO  db.DBStoreBuilder (DBStoreBuilder.java:addTable(117)) - using custom profile for table: openKeyTable
2019-10-05 00:07:46,288 [main] INFO  db.DBStoreBuilder (DBStoreBuilder.java:processTables(168)) - Using default column profile:DBProfile.DISK for Table:openKeyTable
2019-10-05 00:07:46,288 [main] INFO  db.DBStoreBuilder (DBStoreBuilder.java:addTable(117)) - using custom profile for table: s3Table
2019-10-05 00:07:46,288 [main] INFO  db.DBStoreBuilder (DBStoreBuilder.java:processTables(168)) - Using default column profile:DBProfile.DISK for Table:s3Table
2019-10-05 00:07:46,288 [main] INFO  db.DBStoreBuilder (DBStoreBuilder.java:addTable(117)) - using custom profile for table: multipartInfoTable
2019-10-05 00:07:46,288 [main] INFO  db.DBStoreBuilder (DBStoreBuilder.java:processTables(168)) - Using default column profile:DBProfile.DISK for Table:multipartInfoTable
2019-10-05 00:07:46,289 [main] INFO  db.DBStoreBuilder (DBStoreBuilder.java:addTable(117)) - using custom profile for table: dTokenTable
2019-10-05 00:07:46,289 [main] INFO  db.DBStoreBuilder (DBStoreBuilder.java:processTables(168)) - Using default column profile:DBProfile.DISK for Table:dTokenTable
2019-10-05 00:07:46,289 [main] INFO  db.DBStoreBuilder (DBStoreBuilder.java:addTable(117)) - using custom profile for table: s3SecretTable
2019-10-05 00:07:46,289 [main] INFO  db.DBStoreBuilder (DBStoreBuilder.java:processTables(168)) - Using default column profile:DBProfile.DISK for Table:s3SecretTable
2019-10-05 00:07:46,289 [main] INFO  db.DBStoreBuilder (DBStoreBuilder.java:addTable(117)) - using custom profile for table: prefixTable
2019-10-05 00:07:46,289 [main] INFO  db.DBStoreBuilder (DBStoreBuilder.java:processTables(168)) - Using default column profile:DBProfile.DISK for Table:prefixTable
2019-10-05 00:07:46,290 [main] INFO  db.DBStoreBuilder (DBStoreBuilder.java:addTable(117)) - using custom profile for table: default
2019-10-05 00:07:46,290 [main] INFO  db.DBStoreBuilder (DBStoreBuilder.java:processTables(174)) - Using default column profile:DBProfile.DISK for Table:default
2019-10-05 00:07:46,290 [main] INFO  db.DBStoreBuilder (DBStoreBuilder.java:getDbProfile(205)) - Using default options. DBProfile.DISK
2019-10-05 00:07:46,676 [main] INFO  ipc.CallQueueManager (CallQueueManager.java:<init>(84)) - Using callQueue: class java.util.concurrent.LinkedBlockingQueue, queueCapacity: 2000, scheduler: class org.apache.hadoop.ipc.DefaultRpcScheduler, ipcBackoff: false.
2019-10-05 00:07:46,677 [Socket Reader #1 for port 46053] INFO  ipc.Server (Server.java:run(1074)) - Starting Socket Reader #1 for port 46053
2019-10-05 00:07:46,690 [main] INFO  om.OzoneManager (OzoneManager.java:start(1069)) - OzoneManager RPC server is listening at localhost/127.0.0.1:46053
2019-10-05 00:07:46,690 [main] INFO  impl.MetricsSystemImpl (MetricsSystemImpl.java:init(158)) - OzoneManager metrics system started (again)
2019-10-05 00:07:46,693 [IPC Server Responder] INFO  ipc.Server (Server.java:run(1314)) - IPC Server Responder: starting
2019-10-05 00:07:46,693 [IPC Server listener on 46053] INFO  ipc.Server (Server.java:run(1153)) - IPC Server listener on 46053: starting
2019-10-05 00:07:46,699 [main] INFO  hdfs.DFSUtil (DFSUtil.java:httpServerTemplateForNNAndJN(1641)) - Starting Web-server for ozoneManager at: http://0.0.0.0:0
2019-10-05 00:07:46,701 [main] INFO  server.AuthenticationFilter (AuthenticationFilter.java:constructSecretProvider(240)) - Unable to initialize FileSignerSecretProvider, falling back to use random secrets.
2019-10-05 00:07:46,701 [main] WARN  http.HttpRequestLog (HttpRequestLog.java:getRequestLog(97)) - Jetty request log can only be enabled using Log4j
2019-10-05 00:07:46,704 [main] INFO  http.HttpServer2 (HttpServer2.java:addGlobalFilter(975)) - Added global filter 'safety' (class=org.apache.hadoop.http.HttpServer2$QuotingInputFilter)
2019-10-05 00:07:46,704 [main] INFO  http.HttpServer2 (HttpServer2.java:addFilter(948)) - Added filter static_user_filter (class=org.apache.hadoop.http.lib.StaticUserWebFilter$StaticUserFilter) to context ozoneManager
2019-10-05 00:07:46,705 [main] INFO  http.HttpServer2 (HttpServer2.java:addFilter(958)) - Added filter static_user_filter (class=org.apache.hadoop.http.lib.StaticUserWebFilter$StaticUserFilter) to context logs
2019-10-05 00:07:46,705 [main] INFO  http.HttpServer2 (HttpServer2.java:addFilter(958)) - Added filter static_user_filter (class=org.apache.hadoop.http.lib.StaticUserWebFilter$StaticUserFilter) to context static
2019-10-05 00:07:46,706 [main] INFO  http.HttpServer2 (HttpServer2.java:bindListener(1191)) - Jetty bound to port 37978
2019-10-05 00:07:46,706 [main] INFO  server.Server (Server.java:doStart(351)) - jetty-9.3.25.v20180904, build timestamp: 2018-09-04T21:11:46Z, git hash: 3ce520221d0240229c862b122d2b06c12a625732
2019-10-05 00:07:46,708 [main] INFO  handler.ContextHandler (ContextHandler.java:doStart(781)) - Started o.e.j.s.ServletContextHandler@2c6c302f{/logs,file:///workdir/hadoop-ozone/integration-test/target/log,AVAILABLE}
2019-10-05 00:07:46,708 [main] INFO  handler.ContextHandler (ContextHandler.java:doStart(781)) - Started o.e.j.s.ServletContextHandler@39023dbf{/static,file:///workdir/hadoop-ozone/integration-test/target/test-classes/webapps/static,AVAILABLE}
2019-10-05 00:07:46,712 [main] INFO  handler.ContextHandler (ContextHandler.java:doStart(781)) - Started o.e.j.w.WebAppContext@2871ac91{/,file:///workdir/hadoop-ozone/integration-test/target/test-classes/webapps/ozoneManager/,AVAILABLE}{/ozoneManager}
2019-10-05 00:07:46,713 [main] INFO  server.AbstractConnector (AbstractConnector.java:doStart(278)) - Started ServerConnector@3c54ddec{HTTP/1.1,[http/1.1]}{0.0.0.0:37978}
2019-10-05 00:07:46,714 [main] INFO  server.Server (Server.java:doStart(419)) - Started @225280ms
2019-10-05 00:07:46,714 [main] WARN  impl.MetricsSystemImpl (MetricsSystemImpl.java:register(276)) - Sink prometheus already exists!
2019-10-05 00:07:46,715 [main] INFO  server.BaseHttpServer (BaseHttpServer.java:updateConnectorAddress(215)) - HTTP server of OZONEMANAGER is listening at http://0.0.0.0:37978
2019-10-05 00:07:46,735 [main] INFO  impl.MetricsSystemImpl (MetricsSystemImpl.java:init(158)) - HddsDatanode metrics system started (again)
2019-10-05 00:07:46,739 [main] INFO  ozone.HddsDatanodeService (HddsDatanodeService.java:start(184)) - HddsDatanodeService host:pr-hdds-2257-n2d29-2200651950 ip:192.168.151.67
2019-10-05 00:07:46,745 [main] INFO  volume.HddsVolume (HddsVolume.java:<init>(176)) - Creating Volume: /workdir/hadoop-ozone/integration-test/target/test-dir/MiniOzoneClusterImpl-d03a52b4-984d-439e-b51d-d3ef1d535ed0/datanode-0/data/containers/hdds of  storage type : DISK and capacity : 1482555576320
2019-10-05 00:07:46,745 [main] INFO  volume.VolumeSet (VolumeSet.java:initializeVolumeSet(170)) - Added Volume : /workdir/hadoop-ozone/integration-test/target/test-dir/MiniOzoneClusterImpl-d03a52b4-984d-439e-b51d-d3ef1d535ed0/datanode-0/data/containers/hdds to VolumeSet
2019-10-05 00:07:46,745 [main] INFO  volume.ThrottledAsyncChecker (ThrottledAsyncChecker.java:schedule(139)) - Scheduling a check for org.apache.hadoop.ozone.container.common.volume.HddsVolume@752b69e3
2019-10-05 00:07:46,747 [main] INFO  volume.HddsVolumeChecker (HddsVolumeChecker.java:checkAllVolumes(202)) - Scheduled health check for volume org.apache.hadoop.ozone.container.common.volume.HddsVolume@752b69e3
2019-10-05 00:07:46,761 [main] INFO  impl.RaftServerProxy (ConfUtils.java:logGet(43)) - raft.rpc.type = GRPC (default)
2019-10-05 00:07:46,761 [main] INFO  grpc.GrpcFactory (GrpcFactory.java:checkPooledByteBufAllocatorUseCacheForAllThreads(45)) - PERFORMANCE WARNING: useCacheForAllThreads is true that may cause Netty to create a lot garbage objects and, as a result, trigger GC.
	It is recommended to disable useCacheForAllThreads by setting -Dorg.apache.ratis.thirdparty.io.netty.allocator.useCacheForAllThreads=false in command line.
2019-10-05 00:07:46,761 [main] INFO  grpc.GrpcConfigKeys$Server (ConfUtils.java:logGet(43)) - raft.grpc.server.port = 0 (default)
2019-10-05 00:07:46,762 [main] INFO  server.GrpcService (ConfUtils.java:logGet(43)) - raft.grpc.message.size.max = 33570816 (custom)
2019-10-05 00:07:46,762 [main] INFO  server.RaftServerConfigKeys (ConfUtils.java:logGet(43)) - raft.server.log.appender.buffer.byte-limit = 33554432 (custom)
2019-10-05 00:07:46,762 [main] INFO  server.GrpcService (ConfUtils.java:logGet(43)) - raft.grpc.flow.control.window = 1MB (=1048576) (default)
2019-10-05 00:07:46,762 [main] INFO  server.RaftServerConfigKeys (ConfUtils.java:logGet(43)) - raft.server.rpc.request.timeout = 3000ms (default)
2019-10-05 00:07:46,763 [main] INFO  server.RaftServerConfigKeys (ConfUtils.java:logGet(43)) - raft.server.storage.dir = [/workdir/hadoop-ozone/integration-test/target/test-dir/MiniOzoneClusterImpl-d03a52b4-984d-439e-b51d-d3ef1d535ed0/datanode-0/data/ratis] (custom)
2019-10-05 00:07:46,765 [main] INFO  hdfs.DFSUtil (DFSUtil.java:httpServerTemplateForNNAndJN(1641)) - Starting Web-server for hddsDatanode at: http://0.0.0.0:0
2019-10-05 00:07:46,767 [main] INFO  server.AuthenticationFilter (AuthenticationFilter.java:constructSecretProvider(240)) - Unable to initialize FileSignerSecretProvider, falling back to use random secrets.
2019-10-05 00:07:46,767 [main] WARN  http.HttpRequestLog (HttpRequestLog.java:getRequestLog(97)) - Jetty request log can only be enabled using Log4j
2019-10-05 00:07:46,769 [main] INFO  http.HttpServer2 (HttpServer2.java:addGlobalFilter(975)) - Added global filter 'safety' (class=org.apache.hadoop.http.HttpServer2$QuotingInputFilter)
2019-10-05 00:07:46,770 [main] INFO  http.HttpServer2 (HttpServer2.java:addFilter(948)) - Added filter static_user_filter (class=org.apache.hadoop.http.lib.StaticUserWebFilter$StaticUserFilter) to context hddsDatanode
2019-10-05 00:07:46,770 [main] INFO  http.HttpServer2 (HttpServer2.java:addFilter(958)) - Added filter static_user_filter (class=org.apache.hadoop.http.lib.StaticUserWebFilter$StaticUserFilter) to context logs
2019-10-05 00:07:46,770 [main] INFO  http.HttpServer2 (HttpServer2.java:addFilter(958)) - Added filter static_user_filter (class=org.apache.hadoop.http.lib.StaticUserWebFilter$StaticUserFilter) to context static
2019-10-05 00:07:46,771 [main] INFO  http.HttpServer2 (HttpServer2.java:bindListener(1191)) - Jetty bound to port 42886
2019-10-05 00:07:46,771 [main] INFO  server.Server (Server.java:doStart(351)) - jetty-9.3.25.v20180904, build timestamp: 2018-09-04T21:11:46Z, git hash: 3ce520221d0240229c862b122d2b06c12a625732
2019-10-05 00:07:46,773 [main] INFO  handler.ContextHandler (ContextHandler.java:doStart(781)) - Started o.e.j.s.ServletContextHandler@637c840d{/logs,file:///workdir/hadoop-ozone/integration-test/target/log,AVAILABLE}
2019-10-05 00:07:46,773 [main] INFO  handler.ContextHandler (ContextHandler.java:doStart(781)) - Started o.e.j.s.ServletContextHandler@463afa6e{/static,jar:file:/home/user/.m2/repository/org/apache/hadoop/hadoop-hdds-container-service/0.5.0-SNAPSHOT/hadoop-hdds-container-service-0.5.0-SNAPSHOT.jar!/webapps/static,AVAILABLE}
2019-10-05 00:07:46,810 [main] INFO  handler.ContextHandler (ContextHandler.java:doStart(781)) - Started o.e.j.w.WebAppContext@6c951ada{/,file:///tmp/jetty-0.0.0.0-42886-hddsDatanode-_-any-5733389374978602464.dir/webapp/,AVAILABLE}{/hddsDatanode}
2019-10-05 00:07:46,810 [main] INFO  server.AbstractConnector (AbstractConnector.java:doStart(278)) - Started ServerConnector@67b61834{HTTP/1.1,[http/1.1]}{0.0.0.0:42886}
2019-10-05 00:07:46,812 [main] INFO  server.Server (Server.java:doStart(419)) - Started @225379ms
2019-10-05 00:07:46,812 [main] WARN  impl.MetricsSystemImpl (MetricsSystemImpl.java:register(276)) - Sink prometheus already exists!
2019-10-05 00:07:46,813 [main] INFO  server.BaseHttpServer (BaseHttpServer.java:updateConnectorAddress(215)) - HTTP server of HDDSDATANODE is listening at http://0.0.0.0:42886
2019-10-05 00:07:46,813 [main] INFO  impl.MetricsSystemImpl (MetricsSystemImpl.java:init(158)) - HddsDatanode metrics system started (again)
2019-10-05 00:07:46,818 [org.apache.hadoop.util.JvmPauseMonitor$Monitor@79b43179] INFO  util.JvmPauseMonitor (JvmPauseMonitor.java:run(188)) - Starting JVM pause monitor
2019-10-05 00:07:46,818 [main] INFO  ozone.HddsDatanodeService (HddsDatanodeService.java:start(184)) - HddsDatanodeService host:pr-hdds-2257-n2d29-2200651950 ip:192.168.151.67
2019-10-05 00:07:46,819 [Datanode State Machine Thread - 0] INFO  datanode.InitDatanodeState (InitDatanodeState.java:persistContainerDatanodeDetails(140)) - DatanodeDetails is persisted to /workdir/hadoop-ozone/integration-test/target/test-dir/MiniOzoneClusterImpl-d03a52b4-984d-439e-b51d-d3ef1d535ed0/datanode-0/meta/datanode.id
2019-10-05 00:07:46,824 [main] INFO  volume.HddsVolume (HddsVolume.java:<init>(176)) - Creating Volume: /workdir/hadoop-ozone/integration-test/target/test-dir/MiniOzoneClusterImpl-d03a52b4-984d-439e-b51d-d3ef1d535ed0/datanode-1/data/containers/hdds of  storage type : DISK and capacity : 1482555576320
2019-10-05 00:07:46,824 [main] INFO  volume.VolumeSet (VolumeSet.java:initializeVolumeSet(170)) - Added Volume : /workdir/hadoop-ozone/integration-test/target/test-dir/MiniOzoneClusterImpl-d03a52b4-984d-439e-b51d-d3ef1d535ed0/datanode-1/data/containers/hdds to VolumeSet
2019-10-05 00:07:46,824 [main] INFO  volume.ThrottledAsyncChecker (ThrottledAsyncChecker.java:schedule(139)) - Scheduling a check for org.apache.hadoop.ozone.container.common.volume.HddsVolume@367d34c0
2019-10-05 00:07:46,825 [main] INFO  volume.HddsVolumeChecker (HddsVolumeChecker.java:checkAllVolumes(202)) - Scheduled health check for volume org.apache.hadoop.ozone.container.common.volume.HddsVolume@367d34c0
2019-10-05 00:07:46,839 [main] INFO  impl.RaftServerProxy (ConfUtils.java:logGet(43)) - raft.rpc.type = GRPC (default)
2019-10-05 00:07:46,839 [main] INFO  grpc.GrpcFactory (GrpcFactory.java:checkPooledByteBufAllocatorUseCacheForAllThreads(45)) - PERFORMANCE WARNING: useCacheForAllThreads is true that may cause Netty to create a lot garbage objects and, as a result, trigger GC.
	It is recommended to disable useCacheForAllThreads by setting -Dorg.apache.ratis.thirdparty.io.netty.allocator.useCacheForAllThreads=false in command line.
2019-10-05 00:07:46,839 [main] INFO  grpc.GrpcConfigKeys$Server (ConfUtils.java:logGet(43)) - raft.grpc.server.port = 0 (default)
2019-10-05 00:07:46,840 [main] INFO  server.GrpcService (ConfUtils.java:logGet(43)) - raft.grpc.message.size.max = 33570816 (custom)
2019-10-05 00:07:46,840 [main] INFO  server.RaftServerConfigKeys (ConfUtils.java:logGet(43)) - raft.server.log.appender.buffer.byte-limit = 33554432 (custom)
2019-10-05 00:07:46,840 [main] INFO  server.GrpcService (ConfUtils.java:logGet(43)) - raft.grpc.flow.control.window = 1MB (=1048576) (default)
2019-10-05 00:07:46,840 [main] INFO  server.RaftServerConfigKeys (ConfUtils.java:logGet(43)) - raft.server.rpc.request.timeout = 3000ms (default)
2019-10-05 00:07:46,840 [main] INFO  server.RaftServerConfigKeys (ConfUtils.java:logGet(43)) - raft.server.storage.dir = [/workdir/hadoop-ozone/integration-test/target/test-dir/MiniOzoneClusterImpl-d03a52b4-984d-439e-b51d-d3ef1d535ed0/datanode-1/data/ratis] (custom)
2019-10-05 00:07:46,842 [main] INFO  hdfs.DFSUtil (DFSUtil.java:httpServerTemplateForNNAndJN(1641)) - Starting Web-server for hddsDatanode at: http://0.0.0.0:0
2019-10-05 00:07:46,843 [main] INFO  server.AuthenticationFilter (AuthenticationFilter.java:constructSecretProvider(240)) - Unable to initialize FileSignerSecretProvider, falling back to use random secrets.
2019-10-05 00:07:46,843 [main] WARN  http.HttpRequestLog (HttpRequestLog.java:getRequestLog(97)) - Jetty request log can only be enabled using Log4j
2019-10-05 00:07:46,845 [main] INFO  http.HttpServer2 (HttpServer2.java:addGlobalFilter(975)) - Added global filter 'safety' (class=org.apache.hadoop.http.HttpServer2$QuotingInputFilter)
2019-10-05 00:07:46,845 [main] INFO  http.HttpServer2 (HttpServer2.java:addFilter(948)) - Added filter static_user_filter (class=org.apache.hadoop.http.lib.StaticUserWebFilter$StaticUserFilter) to context hddsDatanode
2019-10-05 00:07:46,845 [main] INFO  http.HttpServer2 (HttpServer2.java:addFilter(958)) - Added filter static_user_filter (class=org.apache.hadoop.http.lib.StaticUserWebFilter$StaticUserFilter) to context static
2019-10-05 00:07:46,845 [main] INFO  http.HttpServer2 (HttpServer2.java:addFilter(958)) - Added filter static_user_filter (class=org.apache.hadoop.http.lib.StaticUserWebFilter$StaticUserFilter) to context logs
2019-10-05 00:07:46,846 [main] INFO  http.HttpServer2 (HttpServer2.java:bindListener(1191)) - Jetty bound to port 38538
2019-10-05 00:07:46,846 [main] INFO  server.Server (Server.java:doStart(351)) - jetty-9.3.25.v20180904, build timestamp: 2018-09-04T21:11:46Z, git hash: 3ce520221d0240229c862b122d2b06c12a625732
2019-10-05 00:07:46,847 [main] INFO  handler.ContextHandler (ContextHandler.java:doStart(781)) - Started o.e.j.s.ServletContextHandler@3815146b{/logs,file:///workdir/hadoop-ozone/integration-test/target/log,AVAILABLE}
2019-10-05 00:07:46,848 [main] INFO  handler.ContextHandler (ContextHandler.java:doStart(781)) - Started o.e.j.s.ServletContextHandler@27a9f025{/static,jar:file:/home/user/.m2/repository/org/apache/hadoop/hadoop-hdds-container-service/0.5.0-SNAPSHOT/hadoop-hdds-container-service-0.5.0-SNAPSHOT.jar!/webapps/static,AVAILABLE}
2019-10-05 00:07:46,886 [main] INFO  handler.ContextHandler (ContextHandler.java:doStart(781)) - Started o.e.j.w.WebAppContext@252ec02e{/,file:///tmp/jetty-0.0.0.0-38538-hddsDatanode-_-any-1928787288686118831.dir/webapp/,AVAILABLE}{/hddsDatanode}
2019-10-05 00:07:46,887 [main] INFO  server.AbstractConnector (AbstractConnector.java:doStart(278)) - Started ServerConnector@11e9ac24{HTTP/1.1,[http/1.1]}{0.0.0.0:38538}
2019-10-05 00:07:46,888 [main] INFO  server.Server (Server.java:doStart(419)) - Started @225455ms
2019-10-05 00:07:46,888 [main] WARN  impl.MetricsSystemImpl (MetricsSystemImpl.java:register(276)) - Sink prometheus already exists!
2019-10-05 00:07:46,889 [main] INFO  server.BaseHttpServer (BaseHttpServer.java:updateConnectorAddress(215)) - HTTP server of HDDSDATANODE is listening at http://0.0.0.0:38538
2019-10-05 00:07:46,890 [main] INFO  impl.MetricsSystemImpl (MetricsSystemImpl.java:init(158)) - HddsDatanode metrics system started (again)
2019-10-05 00:07:46,895 [org.apache.hadoop.util.JvmPauseMonitor$Monitor@19a09428] INFO  util.JvmPauseMonitor (JvmPauseMonitor.java:run(188)) - Starting JVM pause monitor
2019-10-05 00:07:46,896 [main] INFO  ozone.HddsDatanodeService (HddsDatanodeService.java:start(184)) - HddsDatanodeService host:pr-hdds-2257-n2d29-2200651950 ip:192.168.151.67
2019-10-05 00:07:46,896 [Datanode State Machine Thread - 0] INFO  datanode.InitDatanodeState (InitDatanodeState.java:persistContainerDatanodeDetails(140)) - DatanodeDetails is persisted to /workdir/hadoop-ozone/integration-test/target/test-dir/MiniOzoneClusterImpl-d03a52b4-984d-439e-b51d-d3ef1d535ed0/datanode-1/meta/datanode.id
2019-10-05 00:07:46,904 [main] INFO  volume.HddsVolume (HddsVolume.java:<init>(176)) - Creating Volume: /workdir/hadoop-ozone/integration-test/target/test-dir/MiniOzoneClusterImpl-d03a52b4-984d-439e-b51d-d3ef1d535ed0/datanode-2/data/containers/hdds of  storage type : DISK and capacity : 1482555576320
2019-10-05 00:07:46,904 [main] INFO  volume.VolumeSet (VolumeSet.java:initializeVolumeSet(170)) - Added Volume : /workdir/hadoop-ozone/integration-test/target/test-dir/MiniOzoneClusterImpl-d03a52b4-984d-439e-b51d-d3ef1d535ed0/datanode-2/data/containers/hdds to VolumeSet
2019-10-05 00:07:46,904 [main] INFO  volume.ThrottledAsyncChecker (ThrottledAsyncChecker.java:schedule(139)) - Scheduling a check for org.apache.hadoop.ozone.container.common.volume.HddsVolume@2bd8f7db
2019-10-05 00:07:46,905 [main] INFO  volume.HddsVolumeChecker (HddsVolumeChecker.java:checkAllVolumes(202)) - Scheduled health check for volume org.apache.hadoop.ozone.container.common.volume.HddsVolume@2bd8f7db
2019-10-05 00:07:46,923 [main] INFO  impl.RaftServerProxy (ConfUtils.java:logGet(43)) - raft.rpc.type = GRPC (default)
2019-10-05 00:07:46,923 [main] INFO  grpc.GrpcFactory (GrpcFactory.java:checkPooledByteBufAllocatorUseCacheForAllThreads(45)) - PERFORMANCE WARNING: useCacheForAllThreads is true that may cause Netty to create a lot garbage objects and, as a result, trigger GC.
	It is recommended to disable useCacheForAllThreads by setting -Dorg.apache.ratis.thirdparty.io.netty.allocator.useCacheForAllThreads=false in command line.
2019-10-05 00:07:46,924 [main] INFO  grpc.GrpcConfigKeys$Server (ConfUtils.java:logGet(43)) - raft.grpc.server.port = 0 (default)
2019-10-05 00:07:46,924 [main] INFO  server.GrpcService (ConfUtils.java:logGet(43)) - raft.grpc.message.size.max = 33570816 (custom)
2019-10-05 00:07:46,924 [main] INFO  server.RaftServerConfigKeys (ConfUtils.java:logGet(43)) - raft.server.log.appender.buffer.byte-limit = 33554432 (custom)
2019-10-05 00:07:46,924 [main] INFO  server.GrpcService (ConfUtils.java:logGet(43)) - raft.grpc.flow.control.window = 1MB (=1048576) (default)
2019-10-05 00:07:46,925 [main] INFO  server.RaftServerConfigKeys (ConfUtils.java:logGet(43)) - raft.server.rpc.request.timeout = 3000ms (default)
2019-10-05 00:07:46,925 [main] INFO  server.RaftServerConfigKeys (ConfUtils.java:logGet(43)) - raft.server.storage.dir = [/workdir/hadoop-ozone/integration-test/target/test-dir/MiniOzoneClusterImpl-d03a52b4-984d-439e-b51d-d3ef1d535ed0/datanode-2/data/ratis] (custom)
2019-10-05 00:07:46,927 [main] INFO  hdfs.DFSUtil (DFSUtil.java:httpServerTemplateForNNAndJN(1641)) - Starting Web-server for hddsDatanode at: http://0.0.0.0:0
2019-10-05 00:07:46,928 [main] INFO  server.AuthenticationFilter (AuthenticationFilter.java:constructSecretProvider(240)) - Unable to initialize FileSignerSecretProvider, falling back to use random secrets.
2019-10-05 00:07:46,928 [main] WARN  http.HttpRequestLog (HttpRequestLog.java:getRequestLog(97)) - Jetty request log can only be enabled using Log4j
2019-10-05 00:07:46,930 [main] INFO  http.HttpServer2 (HttpServer2.java:addGlobalFilter(975)) - Added global filter 'safety' (class=org.apache.hadoop.http.HttpServer2$QuotingInputFilter)
2019-10-05 00:07:46,930 [main] INFO  http.HttpServer2 (HttpServer2.java:addFilter(948)) - Added filter static_user_filter (class=org.apache.hadoop.http.lib.StaticUserWebFilter$StaticUserFilter) to context hddsDatanode
2019-10-05 00:07:46,930 [main] INFO  http.HttpServer2 (HttpServer2.java:addFilter(958)) - Added filter static_user_filter (class=org.apache.hadoop.http.lib.StaticUserWebFilter$StaticUserFilter) to context logs
2019-10-05 00:07:46,930 [main] INFO  http.HttpServer2 (HttpServer2.java:addFilter(958)) - Added filter static_user_filter (class=org.apache.hadoop.http.lib.StaticUserWebFilter$StaticUserFilter) to context static
2019-10-05 00:07:46,931 [main] INFO  http.HttpServer2 (HttpServer2.java:bindListener(1191)) - Jetty bound to port 39909
2019-10-05 00:07:46,931 [main] INFO  server.Server (Server.java:doStart(351)) - jetty-9.3.25.v20180904, build timestamp: 2018-09-04T21:11:46Z, git hash: 3ce520221d0240229c862b122d2b06c12a625732
2019-10-05 00:07:46,933 [main] INFO  handler.ContextHandler (ContextHandler.java:doStart(781)) - Started o.e.j.s.ServletContextHandler@10b8b900{/logs,file:///workdir/hadoop-ozone/integration-test/target/log,AVAILABLE}
2019-10-05 00:07:46,933 [main] INFO  handler.ContextHandler (ContextHandler.java:doStart(781)) - Started o.e.j.s.ServletContextHandler@2801827a{/static,jar:file:/home/user/.m2/repository/org/apache/hadoop/hadoop-hdds-container-service/0.5.0-SNAPSHOT/hadoop-hdds-container-service-0.5.0-SNAPSHOT.jar!/webapps/static,AVAILABLE}
2019-10-05 00:07:46,961 [main] INFO  handler.ContextHandler (ContextHandler.java:doStart(781)) - Started o.e.j.w.WebAppContext@7ac48e10{/,file:///tmp/jetty-0.0.0.0-39909-hddsDatanode-_-any-3120737120731032080.dir/webapp/,AVAILABLE}{/hddsDatanode}
2019-10-05 00:07:46,962 [main] INFO  server.AbstractConnector (AbstractConnector.java:doStart(278)) - Started ServerConnector@52354202{HTTP/1.1,[http/1.1]}{0.0.0.0:39909}
2019-10-05 00:07:46,964 [main] INFO  server.Server (Server.java:doStart(419)) - Started @225530ms
2019-10-05 00:07:46,964 [main] WARN  impl.MetricsSystemImpl (MetricsSystemImpl.java:register(276)) - Sink prometheus already exists!
2019-10-05 00:07:46,964 [main] INFO  server.BaseHttpServer (BaseHttpServer.java:updateConnectorAddress(215)) - HTTP server of HDDSDATANODE is listening at http://0.0.0.0:39909
2019-10-05 00:07:46,965 [main] INFO  impl.MetricsSystemImpl (MetricsSystemImpl.java:init(158)) - HddsDatanode metrics system started (again)
2019-10-05 00:07:46,969 [org.apache.hadoop.util.JvmPauseMonitor$Monitor@58119e70] INFO  util.JvmPauseMonitor (JvmPauseMonitor.java:run(188)) - Starting JVM pause monitor
2019-10-05 00:07:46,969 [main] INFO  ozone.HddsDatanodeService (HddsDatanodeService.java:start(184)) - HddsDatanodeService host:pr-hdds-2257-n2d29-2200651950 ip:192.168.151.67
2019-10-05 00:07:46,970 [Datanode State Machine Thread - 0] INFO  datanode.InitDatanodeState (InitDatanodeState.java:persistContainerDatanodeDetails(140)) - DatanodeDetails is persisted to /workdir/hadoop-ozone/integration-test/target/test-dir/MiniOzoneClusterImpl-d03a52b4-984d-439e-b51d-d3ef1d535ed0/datanode-2/meta/datanode.id
2019-10-05 00:07:46,976 [main] INFO  volume.HddsVolume (HddsVolume.java:<init>(176)) - Creating Volume: /workdir/hadoop-ozone/integration-test/target/test-dir/MiniOzoneClusterImpl-d03a52b4-984d-439e-b51d-d3ef1d535ed0/datanode-3/data/containers/hdds of  storage type : DISK and capacity : 1482555576320
2019-10-05 00:07:46,976 [main] INFO  volume.VolumeSet (VolumeSet.java:initializeVolumeSet(170)) - Added Volume : /workdir/hadoop-ozone/integration-test/target/test-dir/MiniOzoneClusterImpl-d03a52b4-984d-439e-b51d-d3ef1d535ed0/datanode-3/data/containers/hdds to VolumeSet
2019-10-05 00:07:46,976 [main] INFO  volume.ThrottledAsyncChecker (ThrottledAsyncChecker.java:schedule(139)) - Scheduling a check for org.apache.hadoop.ozone.container.common.volume.HddsVolume@79df80a4
2019-10-05 00:07:46,977 [main] INFO  volume.HddsVolumeChecker (HddsVolumeChecker.java:checkAllVolumes(202)) - Scheduled health check for volume org.apache.hadoop.ozone.container.common.volume.HddsVolume@79df80a4
2019-10-05 00:07:46,992 [main] INFO  impl.RaftServerProxy (ConfUtils.java:logGet(43)) - raft.rpc.type = GRPC (default)
2019-10-05 00:07:46,992 [main] INFO  grpc.GrpcFactory (GrpcFactory.java:checkPooledByteBufAllocatorUseCacheForAllThreads(45)) - PERFORMANCE WARNING: useCacheForAllThreads is true that may cause Netty to create a lot garbage objects and, as a result, trigger GC.
	It is recommended to disable useCacheForAllThreads by setting -Dorg.apache.ratis.thirdparty.io.netty.allocator.useCacheForAllThreads=false in command line.
2019-10-05 00:07:46,992 [main] INFO  grpc.GrpcConfigKeys$Server (ConfUtils.java:logGet(43)) - raft.grpc.server.port = 0 (default)
2019-10-05 00:07:46,993 [main] INFO  server.GrpcService (ConfUtils.java:logGet(43)) - raft.grpc.message.size.max = 33570816 (custom)
2019-10-05 00:07:46,993 [main] INFO  server.RaftServerConfigKeys (ConfUtils.java:logGet(43)) - raft.server.log.appender.buffer.byte-limit = 33554432 (custom)
2019-10-05 00:07:46,993 [main] INFO  server.GrpcService (ConfUtils.java:logGet(43)) - raft.grpc.flow.control.window = 1MB (=1048576) (default)
2019-10-05 00:07:46,993 [main] INFO  server.RaftServerConfigKeys (ConfUtils.java:logGet(43)) - raft.server.rpc.request.timeout = 3000ms (default)
2019-10-05 00:07:46,993 [main] INFO  server.RaftServerConfigKeys (ConfUtils.java:logGet(43)) - raft.server.storage.dir = [/workdir/hadoop-ozone/integration-test/target/test-dir/MiniOzoneClusterImpl-d03a52b4-984d-439e-b51d-d3ef1d535ed0/datanode-3/data/ratis] (custom)
2019-10-05 00:07:46,995 [main] INFO  hdfs.DFSUtil (DFSUtil.java:httpServerTemplateForNNAndJN(1641)) - Starting Web-server for hddsDatanode at: http://0.0.0.0:0
2019-10-05 00:07:46,996 [main] INFO  server.AuthenticationFilter (AuthenticationFilter.java:constructSecretProvider(240)) - Unable to initialize FileSignerSecretProvider, falling back to use random secrets.
2019-10-05 00:07:46,996 [main] WARN  http.HttpRequestLog (HttpRequestLog.java:getRequestLog(97)) - Jetty request log can only be enabled using Log4j
2019-10-05 00:07:46,998 [main] INFO  http.HttpServer2 (HttpServer2.java:addGlobalFilter(975)) - Added global filter 'safety' (class=org.apache.hadoop.http.HttpServer2$QuotingInputFilter)
2019-10-05 00:07:46,998 [main] INFO  http.HttpServer2 (HttpServer2.java:addFilter(948)) - Added filter static_user_filter (class=org.apache.hadoop.http.lib.StaticUserWebFilter$StaticUserFilter) to context hddsDatanode
2019-10-05 00:07:46,998 [main] INFO  http.HttpServer2 (HttpServer2.java:addFilter(958)) - Added filter static_user_filter (class=org.apache.hadoop.http.lib.StaticUserWebFilter$StaticUserFilter) to context static
2019-10-05 00:07:46,998 [main] INFO  http.HttpServer2 (HttpServer2.java:addFilter(958)) - Added filter static_user_filter (class=org.apache.hadoop.http.lib.StaticUserWebFilter$StaticUserFilter) to context logs
2019-10-05 00:07:46,999 [main] INFO  http.HttpServer2 (HttpServer2.java:bindListener(1191)) - Jetty bound to port 38260
2019-10-05 00:07:46,999 [main] INFO  server.Server (Server.java:doStart(351)) - jetty-9.3.25.v20180904, build timestamp: 2018-09-04T21:11:46Z, git hash: 3ce520221d0240229c862b122d2b06c12a625732
2019-10-05 00:07:47,001 [main] INFO  handler.ContextHandler (ContextHandler.java:doStart(781)) - Started o.e.j.s.ServletContextHandler@3a4a5f3c{/logs,file:///workdir/hadoop-ozone/integration-test/target/log,AVAILABLE}
2019-10-05 00:07:47,001 [main] INFO  handler.ContextHandler (ContextHandler.java:doStart(781)) - Started o.e.j.s.ServletContextHandler@586cc15d{/static,jar:file:/home/user/.m2/repository/org/apache/hadoop/hadoop-hdds-container-service/0.5.0-SNAPSHOT/hadoop-hdds-container-service-0.5.0-SNAPSHOT.jar!/webapps/static,AVAILABLE}
2019-10-05 00:07:47,030 [main] INFO  handler.ContextHandler (ContextHandler.java:doStart(781)) - Started o.e.j.w.WebAppContext@6750e381{/,file:///tmp/jetty-0.0.0.0-38260-hddsDatanode-_-any-6275688006571660986.dir/webapp/,AVAILABLE}{/hddsDatanode}
2019-10-05 00:07:47,030 [main] INFO  server.AbstractConnector (AbstractConnector.java:doStart(278)) - Started ServerConnector@5d850a25{HTTP/1.1,[http/1.1]}{0.0.0.0:38260}
2019-10-05 00:07:47,032 [main] INFO  server.Server (Server.java:doStart(419)) - Started @225599ms
2019-10-05 00:07:47,033 [main] WARN  impl.MetricsSystemImpl (MetricsSystemImpl.java:register(276)) - Sink prometheus already exists!
2019-10-05 00:07:47,033 [main] INFO  server.BaseHttpServer (BaseHttpServer.java:updateConnectorAddress(215)) - HTTP server of HDDSDATANODE is listening at http://0.0.0.0:38260
2019-10-05 00:07:47,034 [main] INFO  impl.MetricsSystemImpl (MetricsSystemImpl.java:init(158)) - HddsDatanode metrics system started (again)
2019-10-05 00:07:47,038 [org.apache.hadoop.util.JvmPauseMonitor$Monitor@359c1584] INFO  util.JvmPauseMonitor (JvmPauseMonitor.java:run(188)) - Starting JVM pause monitor
2019-10-05 00:07:47,039 [main] INFO  ozone.HddsDatanodeService (HddsDatanodeService.java:start(184)) - HddsDatanodeService host:pr-hdds-2257-n2d29-2200651950 ip:192.168.151.67
2019-10-05 00:07:47,039 [Datanode State Machine Thread - 0] INFO  datanode.InitDatanodeState (InitDatanodeState.java:persistContainerDatanodeDetails(140)) - DatanodeDetails is persisted to /workdir/hadoop-ozone/integration-test/target/test-dir/MiniOzoneClusterImpl-d03a52b4-984d-439e-b51d-d3ef1d535ed0/datanode-3/meta/datanode.id
2019-10-05 00:07:47,046 [main] INFO  volume.HddsVolume (HddsVolume.java:<init>(176)) - Creating Volume: /workdir/hadoop-ozone/integration-test/target/test-dir/MiniOzoneClusterImpl-d03a52b4-984d-439e-b51d-d3ef1d535ed0/datanode-4/data/containers/hdds of  storage type : DISK and capacity : 1482555576320
2019-10-05 00:07:47,046 [main] INFO  volume.VolumeSet (VolumeSet.java:initializeVolumeSet(170)) - Added Volume : /workdir/hadoop-ozone/integration-test/target/test-dir/MiniOzoneClusterImpl-d03a52b4-984d-439e-b51d-d3ef1d535ed0/datanode-4/data/containers/hdds to VolumeSet
2019-10-05 00:07:47,046 [main] INFO  volume.ThrottledAsyncChecker (ThrottledAsyncChecker.java:schedule(139)) - Scheduling a check for org.apache.hadoop.ozone.container.common.volume.HddsVolume@46a8c2b4
2019-10-05 00:07:47,046 [main] INFO  volume.HddsVolumeChecker (HddsVolumeChecker.java:checkAllVolumes(202)) - Scheduled health check for volume org.apache.hadoop.ozone.container.common.volume.HddsVolume@46a8c2b4
2019-10-05 00:07:47,060 [main] INFO  impl.RaftServerProxy (ConfUtils.java:logGet(43)) - raft.rpc.type = GRPC (default)
2019-10-05 00:07:47,060 [main] INFO  grpc.GrpcFactory (GrpcFactory.java:checkPooledByteBufAllocatorUseCacheForAllThreads(45)) - PERFORMANCE WARNING: useCacheForAllThreads is true that may cause Netty to create a lot garbage objects and, as a result, trigger GC.
	It is recommended to disable useCacheForAllThreads by setting -Dorg.apache.ratis.thirdparty.io.netty.allocator.useCacheForAllThreads=false in command line.
2019-10-05 00:07:47,061 [main] INFO  grpc.GrpcConfigKeys$Server (ConfUtils.java:logGet(43)) - raft.grpc.server.port = 0 (default)
2019-10-05 00:07:47,061 [main] INFO  server.GrpcService (ConfUtils.java:logGet(43)) - raft.grpc.message.size.max = 33570816 (custom)
2019-10-05 00:07:47,061 [main] INFO  server.RaftServerConfigKeys (ConfUtils.java:logGet(43)) - raft.server.log.appender.buffer.byte-limit = 33554432 (custom)
2019-10-05 00:07:47,061 [main] INFO  server.GrpcService (ConfUtils.java:logGet(43)) - raft.grpc.flow.control.window = 1MB (=1048576) (default)
2019-10-05 00:07:47,061 [main] INFO  server.RaftServerConfigKeys (ConfUtils.java:logGet(43)) - raft.server.rpc.request.timeout = 3000ms (default)
2019-10-05 00:07:47,062 [main] INFO  server.RaftServerConfigKeys (ConfUtils.java:logGet(43)) - raft.server.storage.dir = [/workdir/hadoop-ozone/integration-test/target/test-dir/MiniOzoneClusterImpl-d03a52b4-984d-439e-b51d-d3ef1d535ed0/datanode-4/data/ratis] (custom)
2019-10-05 00:07:47,063 [main] INFO  hdfs.DFSUtil (DFSUtil.java:httpServerTemplateForNNAndJN(1641)) - Starting Web-server for hddsDatanode at: http://0.0.0.0:0
2019-10-05 00:07:47,064 [main] INFO  server.AuthenticationFilter (AuthenticationFilter.java:constructSecretProvider(240)) - Unable to initialize FileSignerSecretProvider, falling back to use random secrets.
2019-10-05 00:07:47,065 [main] WARN  http.HttpRequestLog (HttpRequestLog.java:getRequestLog(97)) - Jetty request log can only be enabled using Log4j
2019-10-05 00:07:47,066 [main] INFO  http.HttpServer2 (HttpServer2.java:addGlobalFilter(975)) - Added global filter 'safety' (class=org.apache.hadoop.http.HttpServer2$QuotingInputFilter)
2019-10-05 00:07:47,067 [main] INFO  http.HttpServer2 (HttpServer2.java:addFilter(948)) - Added filter static_user_filter (class=org.apache.hadoop.http.lib.StaticUserWebFilter$StaticUserFilter) to context hddsDatanode
2019-10-05 00:07:47,067 [main] INFO  http.HttpServer2 (HttpServer2.java:addFilter(958)) - Added filter static_user_filter (class=org.apache.hadoop.http.lib.StaticUserWebFilter$StaticUserFilter) to context static
2019-10-05 00:07:47,067 [main] INFO  http.HttpServer2 (HttpServer2.java:addFilter(958)) - Added filter static_user_filter (class=org.apache.hadoop.http.lib.StaticUserWebFilter$StaticUserFilter) to context logs
2019-10-05 00:07:47,068 [main] INFO  http.HttpServer2 (HttpServer2.java:bindListener(1191)) - Jetty bound to port 34206
2019-10-05 00:07:47,068 [main] INFO  server.Server (Server.java:doStart(351)) - jetty-9.3.25.v20180904, build timestamp: 2018-09-04T21:11:46Z, git hash: 3ce520221d0240229c862b122d2b06c12a625732
2019-10-05 00:07:47,069 [main] INFO  handler.ContextHandler (ContextHandler.java:doStart(781)) - Started o.e.j.s.ServletContextHandler@2726a511{/logs,file:///workdir/hadoop-ozone/integration-test/target/log,AVAILABLE}
2019-10-05 00:07:47,070 [main] INFO  handler.ContextHandler (ContextHandler.java:doStart(781)) - Started o.e.j.s.ServletContextHandler@686cf8ad{/static,jar:file:/home/user/.m2/repository/org/apache/hadoop/hadoop-hdds-container-service/0.5.0-SNAPSHOT/hadoop-hdds-container-service-0.5.0-SNAPSHOT.jar!/webapps/static,AVAILABLE}
2019-10-05 00:07:47,098 [main] INFO  handler.ContextHandler (ContextHandler.java:doStart(781)) - Started o.e.j.w.WebAppContext@756808cc{/,file:///tmp/jetty-0.0.0.0-34206-hddsDatanode-_-any-4369788019740664895.dir/webapp/,AVAILABLE}{/hddsDatanode}
2019-10-05 00:07:47,099 [main] INFO  server.AbstractConnector (AbstractConnector.java:doStart(278)) - Started ServerConnector@52f8a6f4{HTTP/1.1,[http/1.1]}{0.0.0.0:34206}
2019-10-05 00:07:47,101 [main] INFO  server.Server (Server.java:doStart(419)) - Started @225667ms
2019-10-05 00:07:47,101 [main] WARN  impl.MetricsSystemImpl (MetricsSystemImpl.java:register(276)) - Sink prometheus already exists!
2019-10-05 00:07:47,102 [main] INFO  server.BaseHttpServer (BaseHttpServer.java:updateConnectorAddress(215)) - HTTP server of HDDSDATANODE is listening at http://0.0.0.0:34206
2019-10-05 00:07:47,102 [main] INFO  impl.MetricsSystemImpl (MetricsSystemImpl.java:init(158)) - HddsDatanode metrics system started (again)
2019-10-05 00:07:47,107 [org.apache.hadoop.util.JvmPauseMonitor$Monitor@75de2a73] INFO  util.JvmPauseMonitor (JvmPauseMonitor.java:run(188)) - Starting JVM pause monitor
2019-10-05 00:07:47,107 [main] INFO  ozone.HddsDatanodeService (HddsDatanodeService.java:start(184)) - HddsDatanodeService host:pr-hdds-2257-n2d29-2200651950 ip:192.168.151.67
2019-10-05 00:07:47,108 [Datanode State Machine Thread - 0] INFO  datanode.InitDatanodeState (InitDatanodeState.java:persistContainerDatanodeDetails(140)) - DatanodeDetails is persisted to /workdir/hadoop-ozone/integration-test/target/test-dir/MiniOzoneClusterImpl-d03a52b4-984d-439e-b51d-d3ef1d535ed0/datanode-4/meta/datanode.id
2019-10-05 00:07:47,114 [main] INFO  volume.HddsVolume (HddsVolume.java:<init>(176)) - Creating Volume: /workdir/hadoop-ozone/integration-test/target/test-dir/MiniOzoneClusterImpl-d03a52b4-984d-439e-b51d-d3ef1d535ed0/datanode-5/data/containers/hdds of  storage type : DISK and capacity : 1482555576320
2019-10-05 00:07:47,114 [main] INFO  volume.VolumeSet (VolumeSet.java:initializeVolumeSet(170)) - Added Volume : /workdir/hadoop-ozone/integration-test/target/test-dir/MiniOzoneClusterImpl-d03a52b4-984d-439e-b51d-d3ef1d535ed0/datanode-5/data/containers/hdds to VolumeSet
2019-10-05 00:07:47,114 [main] INFO  volume.ThrottledAsyncChecker (ThrottledAsyncChecker.java:schedule(139)) - Scheduling a check for org.apache.hadoop.ozone.container.common.volume.HddsVolume@34edd065
2019-10-05 00:07:47,115 [main] INFO  volume.HddsVolumeChecker (HddsVolumeChecker.java:checkAllVolumes(202)) - Scheduled health check for volume org.apache.hadoop.ozone.container.common.volume.HddsVolume@34edd065
2019-10-05 00:07:47,127 [main] INFO  impl.RaftServerProxy (ConfUtils.java:logGet(43)) - raft.rpc.type = GRPC (default)
2019-10-05 00:07:47,127 [main] INFO  grpc.GrpcFactory (GrpcFactory.java:checkPooledByteBufAllocatorUseCacheForAllThreads(45)) - PERFORMANCE WARNING: useCacheForAllThreads is true that may cause Netty to create a lot garbage objects and, as a result, trigger GC.
	It is recommended to disable useCacheForAllThreads by setting -Dorg.apache.ratis.thirdparty.io.netty.allocator.useCacheForAllThreads=false in command line.
2019-10-05 00:07:47,127 [main] INFO  grpc.GrpcConfigKeys$Server (ConfUtils.java:logGet(43)) - raft.grpc.server.port = 0 (default)
2019-10-05 00:07:47,128 [main] INFO  server.GrpcService (ConfUtils.java:logGet(43)) - raft.grpc.message.size.max = 33570816 (custom)
2019-10-05 00:07:47,128 [main] INFO  server.RaftServerConfigKeys (ConfUtils.java:logGet(43)) - raft.server.log.appender.buffer.byte-limit = 33554432 (custom)
2019-10-05 00:07:47,128 [main] INFO  server.GrpcService (ConfUtils.java:logGet(43)) - raft.grpc.flow.control.window = 1MB (=1048576) (default)
2019-10-05 00:07:47,128 [main] INFO  server.RaftServerConfigKeys (ConfUtils.java:logGet(43)) - raft.server.rpc.request.timeout = 3000ms (default)
2019-10-05 00:07:47,129 [main] INFO  server.RaftServerConfigKeys (ConfUtils.java:logGet(43)) - raft.server.storage.dir = [/workdir/hadoop-ozone/integration-test/target/test-dir/MiniOzoneClusterImpl-d03a52b4-984d-439e-b51d-d3ef1d535ed0/datanode-5/data/ratis] (custom)
2019-10-05 00:07:47,130 [main] INFO  hdfs.DFSUtil (DFSUtil.java:httpServerTemplateForNNAndJN(1641)) - Starting Web-server for hddsDatanode at: http://0.0.0.0:0
2019-10-05 00:07:47,131 [main] INFO  server.AuthenticationFilter (AuthenticationFilter.java:constructSecretProvider(240)) - Unable to initialize FileSignerSecretProvider, falling back to use random secrets.
2019-10-05 00:07:47,131 [main] WARN  http.HttpRequestLog (HttpRequestLog.java:getRequestLog(97)) - Jetty request log can only be enabled using Log4j
2019-10-05 00:07:47,132 [main] INFO  http.HttpServer2 (HttpServer2.java:addGlobalFilter(975)) - Added global filter 'safety' (class=org.apache.hadoop.http.HttpServer2$QuotingInputFilter)
2019-10-05 00:07:47,133 [main] INFO  http.HttpServer2 (HttpServer2.java:addFilter(948)) - Added filter static_user_filter (class=org.apache.hadoop.http.lib.StaticUserWebFilter$StaticUserFilter) to context hddsDatanode
2019-10-05 00:07:47,133 [main] INFO  http.HttpServer2 (HttpServer2.java:addFilter(958)) - Added filter static_user_filter (class=org.apache.hadoop.http.lib.StaticUserWebFilter$StaticUserFilter) to context logs
2019-10-05 00:07:47,133 [main] INFO  http.HttpServer2 (HttpServer2.java:addFilter(958)) - Added filter static_user_filter (class=org.apache.hadoop.http.lib.StaticUserWebFilter$StaticUserFilter) to context static
2019-10-05 00:07:47,133 [main] INFO  http.HttpServer2 (HttpServer2.java:bindListener(1191)) - Jetty bound to port 33521
2019-10-05 00:07:47,134 [main] INFO  server.Server (Server.java:doStart(351)) - jetty-9.3.25.v20180904, build timestamp: 2018-09-04T21:11:46Z, git hash: 3ce520221d0240229c862b122d2b06c12a625732
2019-10-05 00:07:47,135 [main] INFO  handler.ContextHandler (ContextHandler.java:doStart(781)) - Started o.e.j.s.ServletContextHandler@29bbc63c{/logs,file:///workdir/hadoop-ozone/integration-test/target/log,AVAILABLE}
2019-10-05 00:07:47,135 [main] INFO  handler.ContextHandler (ContextHandler.java:doStart(781)) - Started o.e.j.s.ServletContextHandler@2cccf134{/static,jar:file:/home/user/.m2/repository/org/apache/hadoop/hadoop-hdds-container-service/0.5.0-SNAPSHOT/hadoop-hdds-container-service-0.5.0-SNAPSHOT.jar!/webapps/static,AVAILABLE}
2019-10-05 00:07:47,163 [main] INFO  handler.ContextHandler (ContextHandler.java:doStart(781)) - Started o.e.j.w.WebAppContext@231df705{/,file:///tmp/jetty-0.0.0.0-33521-hddsDatanode-_-any-2585910566721625476.dir/webapp/,AVAILABLE}{/hddsDatanode}
2019-10-05 00:07:47,164 [main] INFO  server.AbstractConnector (AbstractConnector.java:doStart(278)) - Started ServerConnector@2d130ac4{HTTP/1.1,[http/1.1]}{0.0.0.0:33521}
2019-10-05 00:07:47,166 [main] INFO  server.Server (Server.java:doStart(419)) - Started @225732ms
2019-10-05 00:07:47,166 [main] WARN  impl.MetricsSystemImpl (MetricsSystemImpl.java:register(276)) - Sink prometheus already exists!
2019-10-05 00:07:47,166 [main] INFO  server.BaseHttpServer (BaseHttpServer.java:updateConnectorAddress(215)) - HTTP server of HDDSDATANODE is listening at http://0.0.0.0:33521
2019-10-05 00:07:47,167 [main] INFO  impl.MetricsSystemImpl (MetricsSystemImpl.java:init(158)) - HddsDatanode metrics system started (again)
2019-10-05 00:07:47,171 [org.apache.hadoop.util.JvmPauseMonitor$Monitor@b14e82f] INFO  util.JvmPauseMonitor (JvmPauseMonitor.java:run(188)) - Starting JVM pause monitor
2019-10-05 00:07:47,172 [main] INFO  ozone.HddsDatanodeService (HddsDatanodeService.java:start(184)) - HddsDatanodeService host:pr-hdds-2257-n2d29-2200651950 ip:192.168.151.67
2019-10-05 00:07:47,173 [Datanode State Machine Thread - 0] INFO  datanode.InitDatanodeState (InitDatanodeState.java:persistContainerDatanodeDetails(140)) - DatanodeDetails is persisted to /workdir/hadoop-ozone/integration-test/target/test-dir/MiniOzoneClusterImpl-d03a52b4-984d-439e-b51d-d3ef1d535ed0/datanode-5/meta/datanode.id
2019-10-05 00:07:47,178 [main] INFO  volume.HddsVolume (HddsVolume.java:<init>(176)) - Creating Volume: /workdir/hadoop-ozone/integration-test/target/test-dir/MiniOzoneClusterImpl-d03a52b4-984d-439e-b51d-d3ef1d535ed0/datanode-6/data/containers/hdds of  storage type : DISK and capacity : 1482555576320
2019-10-05 00:07:47,178 [main] INFO  volume.VolumeSet (VolumeSet.java:initializeVolumeSet(170)) - Added Volume : /workdir/hadoop-ozone/integration-test/target/test-dir/MiniOzoneClusterImpl-d03a52b4-984d-439e-b51d-d3ef1d535ed0/datanode-6/data/containers/hdds to VolumeSet
2019-10-05 00:07:47,178 [main] INFO  volume.ThrottledAsyncChecker (ThrottledAsyncChecker.java:schedule(139)) - Scheduling a check for org.apache.hadoop.ozone.container.common.volume.HddsVolume@48e41b5d
2019-10-05 00:07:47,179 [main] INFO  volume.HddsVolumeChecker (HddsVolumeChecker.java:checkAllVolumes(202)) - Scheduled health check for volume org.apache.hadoop.ozone.container.common.volume.HddsVolume@48e41b5d
2019-10-05 00:07:47,192 [main] INFO  impl.RaftServerProxy (ConfUtils.java:logGet(43)) - raft.rpc.type = GRPC (default)
2019-10-05 00:07:47,192 [main] INFO  grpc.GrpcFactory (GrpcFactory.java:checkPooledByteBufAllocatorUseCacheForAllThreads(45)) - PERFORMANCE WARNING: useCacheForAllThreads is true that may cause Netty to create a lot garbage objects and, as a result, trigger GC.
	It is recommended to disable useCacheForAllThreads by setting -Dorg.apache.ratis.thirdparty.io.netty.allocator.useCacheForAllThreads=false in command line.
2019-10-05 00:07:47,192 [main] INFO  grpc.GrpcConfigKeys$Server (ConfUtils.java:logGet(43)) - raft.grpc.server.port = 0 (default)
2019-10-05 00:07:47,192 [main] INFO  server.GrpcService (ConfUtils.java:logGet(43)) - raft.grpc.message.size.max = 33570816 (custom)
2019-10-05 00:07:47,192 [main] INFO  server.RaftServerConfigKeys (ConfUtils.java:logGet(43)) - raft.server.log.appender.buffer.byte-limit = 33554432 (custom)
2019-10-05 00:07:47,192 [main] INFO  server.GrpcService (ConfUtils.java:logGet(43)) - raft.grpc.flow.control.window = 1MB (=1048576) (default)
2019-10-05 00:07:47,193 [main] INFO  server.RaftServerConfigKeys (ConfUtils.java:logGet(43)) - raft.server.rpc.request.timeout = 3000ms (default)
2019-10-05 00:07:47,193 [main] INFO  server.RaftServerConfigKeys (ConfUtils.java:logGet(43)) - raft.server.storage.dir = [/workdir/hadoop-ozone/integration-test/target/test-dir/MiniOzoneClusterImpl-d03a52b4-984d-439e-b51d-d3ef1d535ed0/datanode-6/data/ratis] (custom)
2019-10-05 00:07:47,194 [main] INFO  hdfs.DFSUtil (DFSUtil.java:httpServerTemplateForNNAndJN(1641)) - Starting Web-server for hddsDatanode at: http://0.0.0.0:0
2019-10-05 00:07:47,195 [main] INFO  server.AuthenticationFilter (AuthenticationFilter.java:constructSecretProvider(240)) - Unable to initialize FileSignerSecretProvider, falling back to use random secrets.
2019-10-05 00:07:47,195 [main] WARN  http.HttpRequestLog (HttpRequestLog.java:getRequestLog(97)) - Jetty request log can only be enabled using Log4j
2019-10-05 00:07:47,197 [main] INFO  http.HttpServer2 (HttpServer2.java:addGlobalFilter(975)) - Added global filter 'safety' (class=org.apache.hadoop.http.HttpServer2$QuotingInputFilter)
2019-10-05 00:07:47,197 [main] INFO  http.HttpServer2 (HttpServer2.java:addFilter(948)) - Added filter static_user_filter (class=org.apache.hadoop.http.lib.StaticUserWebFilter$StaticUserFilter) to context hddsDatanode
2019-10-05 00:07:47,197 [main] INFO  http.HttpServer2 (HttpServer2.java:addFilter(958)) - Added filter static_user_filter (class=org.apache.hadoop.http.lib.StaticUserWebFilter$StaticUserFilter) to context logs
2019-10-05 00:07:47,197 [main] INFO  http.HttpServer2 (HttpServer2.java:addFilter(958)) - Added filter static_user_filter (class=org.apache.hadoop.http.lib.StaticUserWebFilter$StaticUserFilter) to context static
2019-10-05 00:07:47,198 [main] INFO  http.HttpServer2 (HttpServer2.java:bindListener(1191)) - Jetty bound to port 46318
2019-10-05 00:07:47,198 [main] INFO  server.Server (Server.java:doStart(351)) - jetty-9.3.25.v20180904, build timestamp: 2018-09-04T21:11:46Z, git hash: 3ce520221d0240229c862b122d2b06c12a625732
2019-10-05 00:07:47,199 [main] INFO  handler.ContextHandler (ContextHandler.java:doStart(781)) - Started o.e.j.s.ServletContextHandler@129c4d19{/logs,file:///workdir/hadoop-ozone/integration-test/target/log,AVAILABLE}
2019-10-05 00:07:47,200 [main] INFO  handler.ContextHandler (ContextHandler.java:doStart(781)) - Started o.e.j.s.ServletContextHandler@13278a41{/static,jar:file:/home/user/.m2/repository/org/apache/hadoop/hadoop-hdds-container-service/0.5.0-SNAPSHOT/hadoop-hdds-container-service-0.5.0-SNAPSHOT.jar!/webapps/static,AVAILABLE}
2019-10-05 00:07:47,247 [main] INFO  handler.ContextHandler (ContextHandler.java:doStart(781)) - Started o.e.j.w.WebAppContext@325162e9{/,file:///tmp/jetty-0.0.0.0-46318-hddsDatanode-_-any-3254904606220965295.dir/webapp/,AVAILABLE}{/hddsDatanode}
2019-10-05 00:07:47,247 [main] INFO  server.AbstractConnector (AbstractConnector.java:doStart(278)) - Started ServerConnector@1ee40b5c{HTTP/1.1,[http/1.1]}{0.0.0.0:46318}
2019-10-05 00:07:47,249 [main] INFO  server.Server (Server.java:doStart(419)) - Started @225816ms
2019-10-05 00:07:47,249 [main] WARN  impl.MetricsSystemImpl (MetricsSystemImpl.java:register(276)) - Sink prometheus already exists!
2019-10-05 00:07:47,250 [main] INFO  server.BaseHttpServer (BaseHttpServer.java:updateConnectorAddress(215)) - HTTP server of HDDSDATANODE is listening at http://0.0.0.0:46318
2019-10-05 00:07:47,251 [main] INFO  ozone.MiniOzoneClusterImpl (MiniOzoneClusterImpl.java:lambda$waitForClusterToBeReady$0(147)) - Waiting for cluster to be ready. Got 0 of 7 DN Heartbeats.
2019-10-05 00:07:47,252 [org.apache.hadoop.util.JvmPauseMonitor$Monitor@6efe929d] INFO  util.JvmPauseMonitor (JvmPauseMonitor.java:run(188)) - Starting JVM pause monitor
2019-10-05 00:07:47,253 [Datanode State Machine Thread - 0] INFO  datanode.InitDatanodeState (InitDatanodeState.java:persistContainerDatanodeDetails(140)) - DatanodeDetails is persisted to /workdir/hadoop-ozone/integration-test/target/test-dir/MiniOzoneClusterImpl-d03a52b4-984d-439e-b51d-d3ef1d535ed0/datanode-6/meta/datanode.id
2019-10-05 00:07:48,251 [main] INFO  ozone.MiniOzoneClusterImpl (MiniOzoneClusterImpl.java:lambda$waitForClusterToBeReady$0(147)) - Waiting for cluster to be ready. Got 0 of 7 DN Heartbeats.
2019-10-05 00:07:48,859 [Datanode State Machine Thread - 0] INFO  ozoneimpl.OzoneContainer (OzoneContainer.java:start(217)) - Attempting to start container services.
2019-10-05 00:07:48,860 [Datanode State Machine Thread - 0] INFO  ozoneimpl.OzoneContainer (OzoneContainer.java:startContainerScrub(179)) - Background container scanner has been disabled.
2019-10-05 00:07:48,860 [Datanode State Machine Thread - 0] INFO  ratis.XceiverServerRatis (XceiverServerRatis.java:start(417)) - Starting XceiverServerRatis ea6be2e5-3afe-4fcc-aaa0-c17f08d99e72 at port 0
2019-10-05 00:07:48,866 [Datanode State Machine Thread - 0] INFO  impl.RaftServerProxy (RaftServerProxy.java:lambda$start$3(299)) - ea6be2e5-3afe-4fcc-aaa0-c17f08d99e72: start RPC server
2019-10-05 00:07:48,868 [Datanode State Machine Thread - 0] INFO  server.GrpcService (GrpcService.java:startImpl(158)) - ea6be2e5-3afe-4fcc-aaa0-c17f08d99e72: GrpcService started, listening on 0.0.0.0/0.0.0.0:33791
2019-10-05 00:07:48,868 [Datanode State Machine Thread - 0] INFO  ratis.XceiverServerRatis (XceiverServerRatis.java:start(427)) - XceiverServerRatis ea6be2e5-3afe-4fcc-aaa0-c17f08d99e72 is started using port 33791
2019-10-05 00:07:48,875 [Datanode State Machine Thread - 0] INFO  server.XceiverServerGrpc (XceiverServerGrpc.java:start(149)) - XceiverServerGrpc ea6be2e5-3afe-4fcc-aaa0-c17f08d99e72 is started using port 35804
2019-10-05 00:07:48,912 [Datanode State Machine Thread - 0] INFO  ozoneimpl.OzoneContainer (OzoneContainer.java:start(217)) - Attempting to start container services.
2019-10-05 00:07:48,912 [Datanode State Machine Thread - 0] INFO  ozoneimpl.OzoneContainer (OzoneContainer.java:startContainerScrub(179)) - Background container scanner has been disabled.
2019-10-05 00:07:48,912 [Datanode State Machine Thread - 0] INFO  ratis.XceiverServerRatis (XceiverServerRatis.java:start(417)) - Starting XceiverServerRatis 02cbb888-e9d5-4390-8af9-27c0850be5cb at port 0
2019-10-05 00:07:48,917 [Datanode State Machine Thread - 0] INFO  impl.RaftServerProxy (RaftServerProxy.java:lambda$start$3(299)) - 02cbb888-e9d5-4390-8af9-27c0850be5cb: start RPC server
2019-10-05 00:07:48,919 [Datanode State Machine Thread - 0] INFO  server.GrpcService (GrpcService.java:startImpl(158)) - 02cbb888-e9d5-4390-8af9-27c0850be5cb: GrpcService started, listening on 0.0.0.0/0.0.0.0:41384
2019-10-05 00:07:48,920 [Datanode State Machine Thread - 0] INFO  ratis.XceiverServerRatis (XceiverServerRatis.java:start(427)) - XceiverServerRatis 02cbb888-e9d5-4390-8af9-27c0850be5cb is started using port 41384
2019-10-05 00:07:48,920 [Datanode State Machine Thread - 0] INFO  server.XceiverServerGrpc (XceiverServerGrpc.java:start(149)) - XceiverServerGrpc 02cbb888-e9d5-4390-8af9-27c0850be5cb is started using port 35977
2019-10-05 00:07:48,984 [Datanode State Machine Thread - 0] INFO  ozoneimpl.OzoneContainer (OzoneContainer.java:start(217)) - Attempting to start container services.
2019-10-05 00:07:48,984 [Datanode State Machine Thread - 0] INFO  ozoneimpl.OzoneContainer (OzoneContainer.java:startContainerScrub(179)) - Background container scanner has been disabled.
2019-10-05 00:07:48,985 [Datanode State Machine Thread - 0] INFO  ratis.XceiverServerRatis (XceiverServerRatis.java:start(417)) - Starting XceiverServerRatis 28b3b2a3-7615-47b5-bcde-5c35fd1f036e at port 0
2019-10-05 00:07:48,990 [Datanode State Machine Thread - 0] INFO  impl.RaftServerProxy (RaftServerProxy.java:lambda$start$3(299)) - 28b3b2a3-7615-47b5-bcde-5c35fd1f036e: start RPC server
2019-10-05 00:07:48,993 [Datanode State Machine Thread - 0] INFO  server.GrpcService (GrpcService.java:startImpl(158)) - 28b3b2a3-7615-47b5-bcde-5c35fd1f036e: GrpcService started, listening on 0.0.0.0/0.0.0.0:38601
2019-10-05 00:07:48,993 [Datanode State Machine Thread - 0] INFO  ratis.XceiverServerRatis (XceiverServerRatis.java:start(427)) - XceiverServerRatis 28b3b2a3-7615-47b5-bcde-5c35fd1f036e is started using port 38601
2019-10-05 00:07:48,994 [Datanode State Machine Thread - 0] INFO  server.XceiverServerGrpc (XceiverServerGrpc.java:start(149)) - XceiverServerGrpc 28b3b2a3-7615-47b5-bcde-5c35fd1f036e is started using port 33225
2019-10-05 00:07:49,053 [Datanode State Machine Thread - 0] INFO  ozoneimpl.OzoneContainer (OzoneContainer.java:start(217)) - Attempting to start container services.
2019-10-05 00:07:49,053 [Datanode State Machine Thread - 0] INFO  ozoneimpl.OzoneContainer (OzoneContainer.java:startContainerScrub(179)) - Background container scanner has been disabled.
2019-10-05 00:07:49,053 [Datanode State Machine Thread - 0] INFO  ratis.XceiverServerRatis (XceiverServerRatis.java:start(417)) - Starting XceiverServerRatis b0473cc4-d771-4568-bfd9-0483b58a1571 at port 0
2019-10-05 00:07:49,059 [Datanode State Machine Thread - 0] INFO  impl.RaftServerProxy (RaftServerProxy.java:lambda$start$3(299)) - b0473cc4-d771-4568-bfd9-0483b58a1571: start RPC server
2019-10-05 00:07:49,062 [Datanode State Machine Thread - 0] INFO  server.GrpcService (GrpcService.java:startImpl(158)) - b0473cc4-d771-4568-bfd9-0483b58a1571: GrpcService started, listening on 0.0.0.0/0.0.0.0:33678
2019-10-05 00:07:49,062 [Datanode State Machine Thread - 0] INFO  ratis.XceiverServerRatis (XceiverServerRatis.java:start(427)) - XceiverServerRatis b0473cc4-d771-4568-bfd9-0483b58a1571 is started using port 33678
2019-10-05 00:07:49,065 [Datanode State Machine Thread - 0] INFO  server.XceiverServerGrpc (XceiverServerGrpc.java:start(149)) - XceiverServerGrpc b0473cc4-d771-4568-bfd9-0483b58a1571 is started using port 42499
2019-10-05 00:07:49,123 [Datanode State Machine Thread - 0] INFO  ozoneimpl.OzoneContainer (OzoneContainer.java:start(217)) - Attempting to start container services.
2019-10-05 00:07:49,123 [Datanode State Machine Thread - 0] INFO  ozoneimpl.OzoneContainer (OzoneContainer.java:startContainerScrub(179)) - Background container scanner has been disabled.
2019-10-05 00:07:49,123 [Datanode State Machine Thread - 0] INFO  ratis.XceiverServerRatis (XceiverServerRatis.java:start(417)) - Starting XceiverServerRatis 945d3718-c87e-443d-9b3e-97045e4a165a at port 0
2019-10-05 00:07:49,130 [Datanode State Machine Thread - 0] INFO  impl.RaftServerProxy (RaftServerProxy.java:lambda$start$3(299)) - 945d3718-c87e-443d-9b3e-97045e4a165a: start RPC server
2019-10-05 00:07:49,131 [Datanode State Machine Thread - 0] INFO  server.GrpcService (GrpcService.java:startImpl(158)) - 945d3718-c87e-443d-9b3e-97045e4a165a: GrpcService started, listening on 0.0.0.0/0.0.0.0:43548
2019-10-05 00:07:49,131 [Datanode State Machine Thread - 0] INFO  ratis.XceiverServerRatis (XceiverServerRatis.java:start(427)) - XceiverServerRatis 945d3718-c87e-443d-9b3e-97045e4a165a is started using port 43548
2019-10-05 00:07:49,131 [Datanode State Machine Thread - 0] INFO  server.XceiverServerGrpc (XceiverServerGrpc.java:start(149)) - XceiverServerGrpc 945d3718-c87e-443d-9b3e-97045e4a165a is started using port 33756
2019-10-05 00:07:49,186 [Datanode State Machine Thread - 0] INFO  ozoneimpl.OzoneContainer (OzoneContainer.java:start(217)) - Attempting to start container services.
2019-10-05 00:07:49,186 [Datanode State Machine Thread - 0] INFO  ozoneimpl.OzoneContainer (OzoneContainer.java:startContainerScrub(179)) - Background container scanner has been disabled.
2019-10-05 00:07:49,186 [Datanode State Machine Thread - 0] INFO  ratis.XceiverServerRatis (XceiverServerRatis.java:start(417)) - Starting XceiverServerRatis 10d62654-88ed-40b9-8f86-c8f1bea16ab4 at port 0
2019-10-05 00:07:49,191 [Datanode State Machine Thread - 0] INFO  impl.RaftServerProxy (RaftServerProxy.java:lambda$start$3(299)) - 10d62654-88ed-40b9-8f86-c8f1bea16ab4: start RPC server
2019-10-05 00:07:49,194 [Datanode State Machine Thread - 0] INFO  server.GrpcService (GrpcService.java:startImpl(158)) - 10d62654-88ed-40b9-8f86-c8f1bea16ab4: GrpcService started, listening on 0.0.0.0/0.0.0.0:40914
2019-10-05 00:07:49,194 [Datanode State Machine Thread - 0] INFO  ratis.XceiverServerRatis (XceiverServerRatis.java:start(427)) - XceiverServerRatis 10d62654-88ed-40b9-8f86-c8f1bea16ab4 is started using port 40914
2019-10-05 00:07:49,196 [Datanode State Machine Thread - 0] INFO  server.XceiverServerGrpc (XceiverServerGrpc.java:start(149)) - XceiverServerGrpc 10d62654-88ed-40b9-8f86-c8f1bea16ab4 is started using port 34155
2019-10-05 00:07:49,251 [main] INFO  ozone.MiniOzoneClusterImpl (MiniOzoneClusterImpl.java:lambda$waitForClusterToBeReady$0(147)) - Waiting for cluster to be ready. Got 0 of 7 DN Heartbeats.
2019-10-05 00:07:49,265 [Datanode State Machine Thread - 0] INFO  ozoneimpl.OzoneContainer (OzoneContainer.java:start(217)) - Attempting to start container services.
2019-10-05 00:07:49,265 [Datanode State Machine Thread - 0] INFO  ozoneimpl.OzoneContainer (OzoneContainer.java:startContainerScrub(179)) - Background container scanner has been disabled.
2019-10-05 00:07:49,265 [Datanode State Machine Thread - 0] INFO  ratis.XceiverServerRatis (XceiverServerRatis.java:start(417)) - Starting XceiverServerRatis 654e5534-a07a-41bd-b563-56ff57221b3f at port 0
2019-10-05 00:07:49,272 [Datanode State Machine Thread - 0] INFO  impl.RaftServerProxy (RaftServerProxy.java:lambda$start$3(299)) - 654e5534-a07a-41bd-b563-56ff57221b3f: start RPC server
2019-10-05 00:07:49,272 [Datanode State Machine Thread - 0] INFO  server.GrpcService (GrpcService.java:startImpl(158)) - 654e5534-a07a-41bd-b563-56ff57221b3f: GrpcService started, listening on 0.0.0.0/0.0.0.0:40808
2019-10-05 00:07:49,272 [Datanode State Machine Thread - 0] INFO  ratis.XceiverServerRatis (XceiverServerRatis.java:start(427)) - XceiverServerRatis 654e5534-a07a-41bd-b563-56ff57221b3f is started using port 40808
2019-10-05 00:07:49,275 [Datanode State Machine Thread - 0] INFO  server.XceiverServerGrpc (XceiverServerGrpc.java:start(149)) - XceiverServerGrpc 654e5534-a07a-41bd-b563-56ff57221b3f is started using port 42959
2019-10-05 00:07:50,252 [main] INFO  ozone.MiniOzoneClusterImpl (MiniOzoneClusterImpl.java:lambda$waitForClusterToBeReady$0(147)) - Waiting for cluster to be ready. Got 0 of 7 DN Heartbeats.
2019-10-05 00:07:50,824 [IPC Server handler 0 on 38187] INFO  net.NetworkTopology (NetworkTopologyImpl.java:add(111)) - Added a new node: /default-rack/ea6be2e5-3afe-4fcc-aaa0-c17f08d99e72
2019-10-05 00:07:50,827 [IPC Server handler 0 on 38187] INFO  node.SCMNodeManager (SCMNodeManager.java:register(268)) - Registered Data node : ea6be2e5-3afe-4fcc-aaa0-c17f08d99e72{ip: 192.168.151.67, host: pr-hdds-2257-n2d29-2200651950, networkLocation: /default-rack, certSerialId: null}
2019-10-05 00:07:50,828 [EventQueue-NodeRegistrationContainerReportForDataNodeSafeModeRule] INFO  safemode.SCMSafeModeManager (DataNodeSafeModeRule.java:process(71)) - SCM in safe mode. 1 DataNodes registered, 1 required.
2019-10-05 00:07:50,830 [EventQueue-NodeRegistrationContainerReportForDataNodeSafeModeRule] INFO  safemode.SCMSafeModeManager (SCMSafeModeManager.java:validateSafeModeExitRules(177)) - ScmSafeModeManager, all rules are successfully validated
2019-10-05 00:07:50,830 [EventQueue-NodeRegistrationContainerReportForDataNodeSafeModeRule] INFO  safemode.SCMSafeModeManager (SCMSafeModeManager.java:exitSafeMode(193)) - SCM exiting safe mode.
2019-10-05 00:07:50,841 [grpc-default-executor-5] INFO  impl.RaftServerProxy (RaftServerProxy.java:addNew(89)) - ea6be2e5-3afe-4fcc-aaa0-c17f08d99e72: addNew group-55403BE5EEC4:[ea6be2e5-3afe-4fcc-aaa0-c17f08d99e72:192.168.151.67:33791] returns group-55403BE5EEC4:java.util.concurrent.CompletableFuture@42a001d6[Not completed]
2019-10-05 00:07:50,843 [pool-383-thread-1] INFO  impl.RaftServerImpl (RaftServerImpl.java:<init>(95)) - ea6be2e5-3afe-4fcc-aaa0-c17f08d99e72: new RaftServerImpl for group-55403BE5EEC4:[ea6be2e5-3afe-4fcc-aaa0-c17f08d99e72:192.168.151.67:33791] with ContainerStateMachine:uninitialized
2019-10-05 00:07:50,843 [pool-383-thread-1] INFO  server.RaftServerConfigKeys (ConfUtils.java:logGet(43)) - raft.server.rpc.timeout.min = 5s (custom)
2019-10-05 00:07:50,844 [pool-383-thread-1] INFO  server.RaftServerConfigKeys (ConfUtils.java:logGet(43)) - raft.server.rpc.timeout.max = 5200ms (custom)
2019-10-05 00:07:50,844 [pool-383-thread-1] INFO  server.RaftServerConfigKeys (ConfUtils.java:logGet(43)) - raft.server.rpcslowness.timeout = 120s (custom)
2019-10-05 00:07:50,844 [pool-383-thread-1] INFO  server.RaftServerConfigKeys (ConfUtils.java:logGet(43)) - raft.server.sleep.deviation.threshold = 300 (default)
2019-10-05 00:07:50,844 [pool-383-thread-1] INFO  server.RaftServerConfigKeys (ConfUtils.java:logGet(43)) - raft.server.log.appender.install.snapshot.enabled = false (custom)
2019-10-05 00:07:50,844 [pool-383-thread-1] INFO  impl.RaftServerImpl (ServerState.java:<init>(103)) - ea6be2e5-3afe-4fcc-aaa0-c17f08d99e72@group-55403BE5EEC4: ConfigurationManager, init=-1: [ea6be2e5-3afe-4fcc-aaa0-c17f08d99e72:192.168.151.67:33791], old=null, confs=<EMPTY_MAP>
2019-10-05 00:07:50,844 [pool-383-thread-1] INFO  server.RaftServerConfigKeys (ConfUtils.java:logGet(43)) - raft.server.storage.dir = [/workdir/hadoop-ozone/integration-test/target/test-dir/MiniOzoneClusterImpl-d03a52b4-984d-439e-b51d-d3ef1d535ed0/datanode-0/data/ratis] (custom)
2019-10-05 00:07:50,845 [pool-383-thread-1] INFO  server.RaftServerConfigKeys (ConfUtils.java:logGet(43)) - raft.server.log.corruption.policy = EXCEPTION (default)
2019-10-05 00:07:50,845 [pool-383-thread-1] INFO  storage.RaftStorageDirectory (RaftStorageDirectory.java:analyzeStorage(246)) - The storage directory /workdir/hadoop-ozone/integration-test/target/test-dir/MiniOzoneClusterImpl-d03a52b4-984d-439e-b51d-d3ef1d535ed0/datanode-0/data/ratis/2d1ebe2e-bd54-4f3a-8c25-55403be5eec4 does not exist. Creating ...
2019-10-05 00:07:50,859 [pool-383-thread-1] INFO  storage.RaftStorageDirectory (RaftStorageDirectory.java:tryLock(328)) - Lock on /workdir/hadoop-ozone/integration-test/target/test-dir/MiniOzoneClusterImpl-d03a52b4-984d-439e-b51d-d3ef1d535ed0/datanode-0/data/ratis/2d1ebe2e-bd54-4f3a-8c25-55403be5eec4/in_use.lock acquired by nodename 19704@pr-hdds-2257-n2d29-2200651950
2019-10-05 00:07:50,872 [pool-383-thread-1] INFO  storage.RaftStorage (RaftStorage.java:format(84)) - Storage directory /workdir/hadoop-ozone/integration-test/target/test-dir/MiniOzoneClusterImpl-d03a52b4-984d-439e-b51d-d3ef1d535ed0/datanode-0/data/ratis/2d1ebe2e-bd54-4f3a-8c25-55403be5eec4 has been successfully formatted.
2019-10-05 00:07:50,872 [pool-383-thread-1] INFO  ratis.ContainerStateMachine (ContainerStateMachine.java:loadSnapshot(230)) - group-55403BE5EEC4: The snapshot info is null. Setting the last applied indexto:(t:0, i:~)
2019-10-05 00:07:50,873 [pool-383-thread-1] INFO  server.RaftServerConfigKeys (ConfUtils.java:logGet(43)) - raft.server.notification.no-leader.timeout = 120s (custom)
2019-10-05 00:07:50,873 [pool-383-thread-1] INFO  server.RaftServerConfigKeys (ConfUtils.java:logGet(43)) - raft.server.log.use.memory = false (default)
2019-10-05 00:07:50,873 [pool-383-thread-1] INFO  server.RaftServerConfigKeys (ConfUtils.java:logGet(43)) - raft.server.log.purge.gap = 1000000 (custom)
2019-10-05 00:07:50,873 [pool-383-thread-1] INFO  server.RaftServerConfigKeys (ConfUtils.java:logGet(43)) - raft.server.log.appender.buffer.byte-limit = 33554432 (custom)
2019-10-05 00:07:50,873 [pool-383-thread-1] INFO  server.RaftServerConfigKeys (ConfUtils.java:logGet(43)) - raft.server.log.segment.size.max = 1048576 (custom)
2019-10-05 00:07:50,875 [pool-383-thread-1] INFO  server.RaftServerConfigKeys (ConfUtils.java:logGet(43)) - raft.server.log.segment.cache.num.max = 2 (custom)
2019-10-05 00:07:50,875 [pool-383-thread-1] INFO  segmented.SegmentedRaftLogWorker (SegmentedRaftLogWorker.java:<init>(173)) - new ea6be2e5-3afe-4fcc-aaa0-c17f08d99e72@group-55403BE5EEC4-SegmentedRaftLogWorker for RaftStorage:Storage Directory /workdir/hadoop-ozone/integration-test/target/test-dir/MiniOzoneClusterImpl-d03a52b4-984d-439e-b51d-d3ef1d535ed0/datanode-0/data/ratis/2d1ebe2e-bd54-4f3a-8c25-55403be5eec4
2019-10-05 00:07:50,875 [pool-383-thread-1] INFO  server.RaftServerConfigKeys (ConfUtils.java:logGet(43)) - raft.server.log.queue.byte-limit = 2147483647 (custom)
2019-10-05 00:07:50,876 [pool-383-thread-1] INFO  server.RaftServerConfigKeys (ConfUtils.java:logGet(43)) - raft.server.log.queue.element-limit = 1024 (custom)
2019-10-05 00:07:50,876 [pool-383-thread-1] INFO  server.RaftServerConfigKeys (ConfUtils.java:logGet(43)) - raft.server.log.segment.size.max = 1048576 (custom)
2019-10-05 00:07:50,876 [pool-383-thread-1] INFO  server.RaftServerConfigKeys (ConfUtils.java:logGet(43)) - raft.server.log.preallocated.size = 16384 (custom)
2019-10-05 00:07:50,876 [pool-383-thread-1] INFO  server.RaftServerConfigKeys (ConfUtils.java:logGet(43)) - raft.server.log.write.buffer.size = 33554432 (custom)
2019-10-05 00:07:50,876 [pool-383-thread-1] INFO  server.RaftServerConfigKeys (ConfUtils.java:logGet(43)) - raft.server.log.force.sync.num = 128 (default)
2019-10-05 00:07:50,876 [pool-383-thread-1] INFO  server.RaftServerConfigKeys (ConfUtils.java:logGet(43)) - raft.server.log.statemachine.data.sync = true (default)
2019-10-05 00:07:50,876 [pool-383-thread-1] INFO  server.RaftServerConfigKeys (ConfUtils.java:logGet(43)) - raft.server.log.statemachine.data.sync.timeout = 10s (default)
2019-10-05 00:07:50,876 [pool-383-thread-1] INFO  server.RaftServerConfigKeys (ConfUtils.java:logGet(43)) - raft.server.log.statemachine.data.sync.timeout.retry = -1 (default)
2019-10-05 00:07:50,877 [pool-383-thread-1] INFO  server.RaftServerConfigKeys (ConfUtils.java:logGet(43)) - raft.server.log.statemachine.data.caching.enabled = true (custom)
2019-10-05 00:07:50,877 [pool-383-thread-1] INFO  segmented.SegmentedRaftLogWorker (SegmentedRaftLogWorker.java:lambda$new$0(128)) - ea6be2e5-3afe-4fcc-aaa0-c17f08d99e72@group-55403BE5EEC4-SegmentedRaftLogWorker: flushIndex: setUnconditionally 0 -> -1
2019-10-05 00:07:50,877 [pool-383-thread-1] INFO  server.RaftServerConfigKeys (ConfUtils.java:logGet(43)) - raft.server.snapshot.auto.trigger.enabled = true (custom)
2019-10-05 00:07:50,877 [pool-383-thread-1] INFO  server.RaftServerConfigKeys (ConfUtils.java:logGet(43)) - raft.server.snapshot.auto.trigger.threshold = 10000 (custom)
2019-10-05 00:07:50,878 [pool-383-thread-1] INFO  server.RaftServerConfigKeys (ConfUtils.java:logGet(43)) - raft.server.snapshot.retention.file.num = 5 (custom)
2019-10-05 00:07:50,878 [pool-383-thread-1] INFO  server.RaftServerConfigKeys (ConfUtils.java:logGet(43)) - raft.server.retrycache.expirytime = 600000ms (custom)
2019-10-05 00:07:50,879 [pool-383-thread-1] INFO  impl.RaftServerImpl (RaftServerImpl.java:start(181)) - ea6be2e5-3afe-4fcc-aaa0-c17f08d99e72@group-55403BE5EEC4: start as a follower, conf=-1: [ea6be2e5-3afe-4fcc-aaa0-c17f08d99e72:192.168.151.67:33791], old=null
2019-10-05 00:07:50,879 [pool-383-thread-1] INFO  impl.RaftServerImpl (RaftServerImpl.java:setRole(170)) - ea6be2e5-3afe-4fcc-aaa0-c17f08d99e72@group-55403BE5EEC4: changes role from      null to FOLLOWER at term 0 for startAsFollower
2019-10-05 00:07:50,879 [pool-383-thread-1] INFO  impl.RoleInfo (RoleInfo.java:updateAndGet(143)) - ea6be2e5-3afe-4fcc-aaa0-c17f08d99e72: start FollowerState
2019-10-05 00:07:50,880 [pool-383-thread-1] INFO  util.JmxRegister (JmxRegister.java:tryRegister(44)) - Successfully registered JMX Bean with object name Ratis:service=RaftServer,group=group-55403BE5EEC4,id=ea6be2e5-3afe-4fcc-aaa0-c17f08d99e72
2019-10-05 00:07:50,888 [RatisPipelineUtilsThread] INFO  pipeline.PipelineStateManager (PipelineStateManager.java:addPipeline(56)) - Created pipeline Pipeline[ Id: 2d1ebe2e-bd54-4f3a-8c25-55403be5eec4, Nodes: ea6be2e5-3afe-4fcc-aaa0-c17f08d99e72{ip: 192.168.151.67, host: pr-hdds-2257-n2d29-2200651950, networkLocation: /default-rack, certSerialId: null}, Type:RATIS, Factor:ONE, State:OPEN]
2019-10-05 00:07:50,896 [IPC Server handler 2 on 38187] INFO  net.NetworkTopology (NetworkTopologyImpl.java:add(111)) - Added a new node: /default-rack/02cbb888-e9d5-4390-8af9-27c0850be5cb
2019-10-05 00:07:50,896 [IPC Server handler 2 on 38187] INFO  node.SCMNodeManager (SCMNodeManager.java:register(268)) - Registered Data node : 02cbb888-e9d5-4390-8af9-27c0850be5cb{ip: 192.168.151.67, host: pr-hdds-2257-n2d29-2200651950, networkLocation: /default-rack, certSerialId: null}
2019-10-05 00:07:50,902 [grpc-default-executor-5] INFO  impl.RaftServerProxy (RaftServerProxy.java:addNew(89)) - 02cbb888-e9d5-4390-8af9-27c0850be5cb: addNew group-F35DDEFE5680:[02cbb888-e9d5-4390-8af9-27c0850be5cb:192.168.151.67:41384] returns group-F35DDEFE5680:java.util.concurrent.CompletableFuture@3b14357[Not completed]
2019-10-05 00:07:50,904 [pool-393-thread-1] INFO  impl.RaftServerImpl (RaftServerImpl.java:<init>(95)) - 02cbb888-e9d5-4390-8af9-27c0850be5cb: new RaftServerImpl for group-F35DDEFE5680:[02cbb888-e9d5-4390-8af9-27c0850be5cb:192.168.151.67:41384] with ContainerStateMachine:uninitialized
2019-10-05 00:07:50,904 [pool-393-thread-1] INFO  server.RaftServerConfigKeys (ConfUtils.java:logGet(43)) - raft.server.rpc.timeout.min = 5s (custom)
2019-10-05 00:07:50,904 [pool-393-thread-1] INFO  server.RaftServerConfigKeys (ConfUtils.java:logGet(43)) - raft.server.rpc.timeout.max = 5200ms (custom)
2019-10-05 00:07:50,905 [pool-393-thread-1] INFO  server.RaftServerConfigKeys (ConfUtils.java:logGet(43)) - raft.server.rpcslowness.timeout = 120s (custom)
2019-10-05 00:07:50,905 [pool-393-thread-1] INFO  server.RaftServerConfigKeys (ConfUtils.java:logGet(43)) - raft.server.sleep.deviation.threshold = 300 (default)
2019-10-05 00:07:50,905 [pool-393-thread-1] INFO  server.RaftServerConfigKeys (ConfUtils.java:logGet(43)) - raft.server.log.appender.install.snapshot.enabled = false (custom)
2019-10-05 00:07:50,905 [pool-393-thread-1] INFO  impl.RaftServerImpl (ServerState.java:<init>(103)) - 02cbb888-e9d5-4390-8af9-27c0850be5cb@group-F35DDEFE5680: ConfigurationManager, init=-1: [02cbb888-e9d5-4390-8af9-27c0850be5cb:192.168.151.67:41384], old=null, confs=<EMPTY_MAP>
2019-10-05 00:07:50,905 [pool-393-thread-1] INFO  server.RaftServerConfigKeys (ConfUtils.java:logGet(43)) - raft.server.storage.dir = [/workdir/hadoop-ozone/integration-test/target/test-dir/MiniOzoneClusterImpl-d03a52b4-984d-439e-b51d-d3ef1d535ed0/datanode-1/data/ratis] (custom)
2019-10-05 00:07:50,905 [pool-393-thread-1] INFO  server.RaftServerConfigKeys (ConfUtils.java:logGet(43)) - raft.server.log.corruption.policy = EXCEPTION (default)
2019-10-05 00:07:50,906 [pool-393-thread-1] INFO  storage.RaftStorageDirectory (RaftStorageDirectory.java:analyzeStorage(246)) - The storage directory /workdir/hadoop-ozone/integration-test/target/test-dir/MiniOzoneClusterImpl-d03a52b4-984d-439e-b51d-d3ef1d535ed0/datanode-1/data/ratis/cc043942-e688-4529-b332-f35ddefe5680 does not exist. Creating ...
2019-10-05 00:07:50,918 [pool-393-thread-1] INFO  storage.RaftStorageDirectory (RaftStorageDirectory.java:tryLock(328)) - Lock on /workdir/hadoop-ozone/integration-test/target/test-dir/MiniOzoneClusterImpl-d03a52b4-984d-439e-b51d-d3ef1d535ed0/datanode-1/data/ratis/cc043942-e688-4529-b332-f35ddefe5680/in_use.lock acquired by nodename 19704@pr-hdds-2257-n2d29-2200651950
2019-10-05 00:07:50,931 [pool-393-thread-1] INFO  storage.RaftStorage (RaftStorage.java:format(84)) - Storage directory /workdir/hadoop-ozone/integration-test/target/test-dir/MiniOzoneClusterImpl-d03a52b4-984d-439e-b51d-d3ef1d535ed0/datanode-1/data/ratis/cc043942-e688-4529-b332-f35ddefe5680 has been successfully formatted.
2019-10-05 00:07:50,932 [pool-393-thread-1] INFO  ratis.ContainerStateMachine (ContainerStateMachine.java:loadSnapshot(230)) - group-F35DDEFE5680: The snapshot info is null. Setting the last applied indexto:(t:0, i:~)
2019-10-05 00:07:50,932 [pool-393-thread-1] INFO  server.RaftServerConfigKeys (ConfUtils.java:logGet(43)) - raft.server.notification.no-leader.timeout = 120s (custom)
2019-10-05 00:07:50,932 [pool-393-thread-1] INFO  server.RaftServerConfigKeys (ConfUtils.java:logGet(43)) - raft.server.log.use.memory = false (default)
2019-10-05 00:07:50,932 [pool-393-thread-1] INFO  server.RaftServerConfigKeys (ConfUtils.java:logGet(43)) - raft.server.log.purge.gap = 1000000 (custom)
2019-10-05 00:07:50,932 [pool-393-thread-1] INFO  server.RaftServerConfigKeys (ConfUtils.java:logGet(43)) - raft.server.log.appender.buffer.byte-limit = 33554432 (custom)
2019-10-05 00:07:50,932 [pool-393-thread-1] INFO  server.RaftServerConfigKeys (ConfUtils.java:logGet(43)) - raft.server.log.segment.size.max = 1048576 (custom)
2019-10-05 00:07:50,934 [pool-393-thread-1] INFO  server.RaftServerConfigKeys (ConfUtils.java:logGet(43)) - raft.server.log.segment.cache.num.max = 2 (custom)
2019-10-05 00:07:50,934 [pool-393-thread-1] INFO  segmented.SegmentedRaftLogWorker (SegmentedRaftLogWorker.java:<init>(173)) - new 02cbb888-e9d5-4390-8af9-27c0850be5cb@group-F35DDEFE5680-SegmentedRaftLogWorker for RaftStorage:Storage Directory /workdir/hadoop-ozone/integration-test/target/test-dir/MiniOzoneClusterImpl-d03a52b4-984d-439e-b51d-d3ef1d535ed0/datanode-1/data/ratis/cc043942-e688-4529-b332-f35ddefe5680
2019-10-05 00:07:50,934 [pool-393-thread-1] INFO  server.RaftServerConfigKeys (ConfUtils.java:logGet(43)) - raft.server.log.queue.byte-limit = 2147483647 (custom)
2019-10-05 00:07:50,934 [pool-393-thread-1] INFO  server.RaftServerConfigKeys (ConfUtils.java:logGet(43)) - raft.server.log.queue.element-limit = 1024 (custom)
2019-10-05 00:07:50,935 [pool-393-thread-1] INFO  server.RaftServerConfigKeys (ConfUtils.java:logGet(43)) - raft.server.log.segment.size.max = 1048576 (custom)
2019-10-05 00:07:50,935 [pool-393-thread-1] INFO  server.RaftServerConfigKeys (ConfUtils.java:logGet(43)) - raft.server.log.preallocated.size = 16384 (custom)
2019-10-05 00:07:50,935 [pool-393-thread-1] INFO  server.RaftServerConfigKeys (ConfUtils.java:logGet(43)) - raft.server.log.write.buffer.size = 33554432 (custom)
2019-10-05 00:07:50,935 [pool-393-thread-1] INFO  server.RaftServerConfigKeys (ConfUtils.java:logGet(43)) - raft.server.log.force.sync.num = 128 (default)
2019-10-05 00:07:50,935 [pool-393-thread-1] INFO  server.RaftServerConfigKeys (ConfUtils.java:logGet(43)) - raft.server.log.statemachine.data.sync = true (default)
2019-10-05 00:07:50,935 [pool-393-thread-1] INFO  server.RaftServerConfigKeys (ConfUtils.java:logGet(43)) - raft.server.log.statemachine.data.sync.timeout = 10s (default)
2019-10-05 00:07:50,935 [pool-393-thread-1] INFO  server.RaftServerConfigKeys (ConfUtils.java:logGet(43)) - raft.server.log.statemachine.data.sync.timeout.retry = -1 (default)
2019-10-05 00:07:50,936 [pool-393-thread-1] INFO  server.RaftServerConfigKeys (ConfUtils.java:logGet(43)) - raft.server.log.statemachine.data.caching.enabled = true (custom)
2019-10-05 00:07:50,937 [pool-393-thread-1] INFO  segmented.SegmentedRaftLogWorker (SegmentedRaftLogWorker.java:lambda$new$0(128)) - 02cbb888-e9d5-4390-8af9-27c0850be5cb@group-F35DDEFE5680-SegmentedRaftLogWorker: flushIndex: setUnconditionally 0 -> -1
2019-10-05 00:07:50,937 [pool-393-thread-1] INFO  server.RaftServerConfigKeys (ConfUtils.java:logGet(43)) - raft.server.snapshot.auto.trigger.enabled = true (custom)
2019-10-05 00:07:50,937 [pool-393-thread-1] INFO  server.RaftServerConfigKeys (ConfUtils.java:logGet(43)) - raft.server.snapshot.auto.trigger.threshold = 10000 (custom)
2019-10-05 00:07:50,937 [pool-393-thread-1] INFO  server.RaftServerConfigKeys (ConfUtils.java:logGet(43)) - raft.server.snapshot.retention.file.num = 5 (custom)
2019-10-05 00:07:50,937 [pool-393-thread-1] INFO  server.RaftServerConfigKeys (ConfUtils.java:logGet(43)) - raft.server.retrycache.expirytime = 600000ms (custom)
2019-10-05 00:07:50,939 [pool-393-thread-1] INFO  impl.RaftServerImpl (RaftServerImpl.java:start(181)) - 02cbb888-e9d5-4390-8af9-27c0850be5cb@group-F35DDEFE5680: start as a follower, conf=-1: [02cbb888-e9d5-4390-8af9-27c0850be5cb:192.168.151.67:41384], old=null
2019-10-05 00:07:50,939 [pool-393-thread-1] INFO  impl.RaftServerImpl (RaftServerImpl.java:setRole(170)) - 02cbb888-e9d5-4390-8af9-27c0850be5cb@group-F35DDEFE5680: changes role from      null to FOLLOWER at term 0 for startAsFollower
2019-10-05 00:07:50,939 [pool-393-thread-1] INFO  impl.RoleInfo (RoleInfo.java:updateAndGet(143)) - 02cbb888-e9d5-4390-8af9-27c0850be5cb: start FollowerState
2019-10-05 00:07:50,939 [pool-393-thread-1] INFO  util.JmxRegister (JmxRegister.java:tryRegister(44)) - Successfully registered JMX Bean with object name Ratis:service=RaftServer,group=group-F35DDEFE5680,id=02cbb888-e9d5-4390-8af9-27c0850be5cb
2019-10-05 00:07:50,946 [RatisPipelineUtilsThread] INFO  pipeline.PipelineStateManager (PipelineStateManager.java:addPipeline(56)) - Created pipeline Pipeline[ Id: cc043942-e688-4529-b332-f35ddefe5680, Nodes: 02cbb888-e9d5-4390-8af9-27c0850be5cb{ip: 192.168.151.67, host: pr-hdds-2257-n2d29-2200651950, networkLocation: /default-rack, certSerialId: null}, Type:RATIS, Factor:ONE, State:OPEN]
2019-10-05 00:07:50,970 [IPC Server handler 3 on 38187] INFO  net.NetworkTopology (NetworkTopologyImpl.java:add(111)) - Added a new node: /default-rack/28b3b2a3-7615-47b5-bcde-5c35fd1f036e
2019-10-05 00:07:50,970 [IPC Server handler 3 on 38187] INFO  node.SCMNodeManager (SCMNodeManager.java:register(268)) - Registered Data node : 28b3b2a3-7615-47b5-bcde-5c35fd1f036e{ip: 192.168.151.67, host: pr-hdds-2257-n2d29-2200651950, networkLocation: /default-rack, certSerialId: null}
2019-10-05 00:07:50,975 [grpc-default-executor-5] INFO  impl.RaftServerProxy (RaftServerProxy.java:addNew(89)) - 28b3b2a3-7615-47b5-bcde-5c35fd1f036e: addNew group-0C1A16DFE179:[28b3b2a3-7615-47b5-bcde-5c35fd1f036e:192.168.151.67:38601] returns group-0C1A16DFE179:java.util.concurrent.CompletableFuture@475edbcd[Not completed]
2019-10-05 00:07:50,977 [pool-403-thread-1] INFO  impl.RaftServerImpl (RaftServerImpl.java:<init>(95)) - 28b3b2a3-7615-47b5-bcde-5c35fd1f036e: new RaftServerImpl for group-0C1A16DFE179:[28b3b2a3-7615-47b5-bcde-5c35fd1f036e:192.168.151.67:38601] with ContainerStateMachine:uninitialized
2019-10-05 00:07:50,977 [pool-403-thread-1] INFO  server.RaftServerConfigKeys (ConfUtils.java:logGet(43)) - raft.server.rpc.timeout.min = 5s (custom)
2019-10-05 00:07:50,977 [pool-403-thread-1] INFO  server.RaftServerConfigKeys (ConfUtils.java:logGet(43)) - raft.server.rpc.timeout.max = 5200ms (custom)
2019-10-05 00:07:50,977 [pool-403-thread-1] INFO  server.RaftServerConfigKeys (ConfUtils.java:logGet(43)) - raft.server.rpcslowness.timeout = 120s (custom)
2019-10-05 00:07:50,977 [pool-403-thread-1] INFO  server.RaftServerConfigKeys (ConfUtils.java:logGet(43)) - raft.server.sleep.deviation.threshold = 300 (default)
2019-10-05 00:07:50,977 [pool-403-thread-1] INFO  server.RaftServerConfigKeys (ConfUtils.java:logGet(43)) - raft.server.log.appender.install.snapshot.enabled = false (custom)
2019-10-05 00:07:50,977 [pool-403-thread-1] INFO  impl.RaftServerImpl (ServerState.java:<init>(103)) - 28b3b2a3-7615-47b5-bcde-5c35fd1f036e@group-0C1A16DFE179: ConfigurationManager, init=-1: [28b3b2a3-7615-47b5-bcde-5c35fd1f036e:192.168.151.67:38601], old=null, confs=<EMPTY_MAP>
2019-10-05 00:07:50,977 [pool-403-thread-1] INFO  server.RaftServerConfigKeys (ConfUtils.java:logGet(43)) - raft.server.storage.dir = [/workdir/hadoop-ozone/integration-test/target/test-dir/MiniOzoneClusterImpl-d03a52b4-984d-439e-b51d-d3ef1d535ed0/datanode-2/data/ratis] (custom)
2019-10-05 00:07:50,978 [pool-403-thread-1] INFO  server.RaftServerConfigKeys (ConfUtils.java:logGet(43)) - raft.server.log.corruption.policy = EXCEPTION (default)
2019-10-05 00:07:50,978 [pool-403-thread-1] INFO  storage.RaftStorageDirectory (RaftStorageDirectory.java:analyzeStorage(246)) - The storage directory /workdir/hadoop-ozone/integration-test/target/test-dir/MiniOzoneClusterImpl-d03a52b4-984d-439e-b51d-d3ef1d535ed0/datanode-2/data/ratis/519cd605-f38d-4e48-99b3-0c1a16dfe179 does not exist. Creating ...
2019-10-05 00:07:50,991 [pool-403-thread-1] INFO  storage.RaftStorageDirectory (RaftStorageDirectory.java:tryLock(328)) - Lock on /workdir/hadoop-ozone/integration-test/target/test-dir/MiniOzoneClusterImpl-d03a52b4-984d-439e-b51d-d3ef1d535ed0/datanode-2/data/ratis/519cd605-f38d-4e48-99b3-0c1a16dfe179/in_use.lock acquired by nodename 19704@pr-hdds-2257-n2d29-2200651950
2019-10-05 00:07:51,004 [pool-403-thread-1] INFO  storage.RaftStorage (RaftStorage.java:format(84)) - Storage directory /workdir/hadoop-ozone/integration-test/target/test-dir/MiniOzoneClusterImpl-d03a52b4-984d-439e-b51d-d3ef1d535ed0/datanode-2/data/ratis/519cd605-f38d-4e48-99b3-0c1a16dfe179 has been successfully formatted.
2019-10-05 00:07:51,004 [pool-403-thread-1] INFO  ratis.ContainerStateMachine (ContainerStateMachine.java:loadSnapshot(230)) - group-0C1A16DFE179: The snapshot info is null. Setting the last applied indexto:(t:0, i:~)
2019-10-05 00:07:51,004 [pool-403-thread-1] INFO  server.RaftServerConfigKeys (ConfUtils.java:logGet(43)) - raft.server.notification.no-leader.timeout = 120s (custom)
2019-10-05 00:07:51,004 [pool-403-thread-1] INFO  server.RaftServerConfigKeys (ConfUtils.java:logGet(43)) - raft.server.log.use.memory = false (default)
2019-10-05 00:07:51,005 [pool-403-thread-1] INFO  server.RaftServerConfigKeys (ConfUtils.java:logGet(43)) - raft.server.log.purge.gap = 1000000 (custom)
2019-10-05 00:07:51,005 [pool-403-thread-1] INFO  server.RaftServerConfigKeys (ConfUtils.java:logGet(43)) - raft.server.log.appender.buffer.byte-limit = 33554432 (custom)
2019-10-05 00:07:51,005 [pool-403-thread-1] INFO  server.RaftServerConfigKeys (ConfUtils.java:logGet(43)) - raft.server.log.segment.size.max = 1048576 (custom)
2019-10-05 00:07:51,006 [pool-403-thread-1] INFO  server.RaftServerConfigKeys (ConfUtils.java:logGet(43)) - raft.server.log.segment.cache.num.max = 2 (custom)
2019-10-05 00:07:51,007 [pool-403-thread-1] INFO  segmented.SegmentedRaftLogWorker (SegmentedRaftLogWorker.java:<init>(173)) - new 28b3b2a3-7615-47b5-bcde-5c35fd1f036e@group-0C1A16DFE179-SegmentedRaftLogWorker for RaftStorage:Storage Directory /workdir/hadoop-ozone/integration-test/target/test-dir/MiniOzoneClusterImpl-d03a52b4-984d-439e-b51d-d3ef1d535ed0/datanode-2/data/ratis/519cd605-f38d-4e48-99b3-0c1a16dfe179
2019-10-05 00:07:51,007 [pool-403-thread-1] INFO  server.RaftServerConfigKeys (ConfUtils.java:logGet(43)) - raft.server.log.queue.byte-limit = 2147483647 (custom)
2019-10-05 00:07:51,007 [pool-403-thread-1] INFO  server.RaftServerConfigKeys (ConfUtils.java:logGet(43)) - raft.server.log.queue.element-limit = 1024 (custom)
2019-10-05 00:07:51,007 [pool-403-thread-1] INFO  server.RaftServerConfigKeys (ConfUtils.java:logGet(43)) - raft.server.log.segment.size.max = 1048576 (custom)
2019-10-05 00:07:51,007 [pool-403-thread-1] INFO  server.RaftServerConfigKeys (ConfUtils.java:logGet(43)) - raft.server.log.preallocated.size = 16384 (custom)
2019-10-05 00:07:51,007 [pool-403-thread-1] INFO  server.RaftServerConfigKeys (ConfUtils.java:logGet(43)) - raft.server.log.write.buffer.size = 33554432 (custom)
2019-10-05 00:07:51,007 [pool-403-thread-1] INFO  server.RaftServerConfigKeys (ConfUtils.java:logGet(43)) - raft.server.log.force.sync.num = 128 (default)
2019-10-05 00:07:51,007 [pool-403-thread-1] INFO  server.RaftServerConfigKeys (ConfUtils.java:logGet(43)) - raft.server.log.statemachine.data.sync = true (default)
2019-10-05 00:07:51,008 [pool-403-thread-1] INFO  server.RaftServerConfigKeys (ConfUtils.java:logGet(43)) - raft.server.log.statemachine.data.sync.timeout = 10s (default)
2019-10-05 00:07:51,008 [pool-403-thread-1] INFO  server.RaftServerConfigKeys (ConfUtils.java:logGet(43)) - raft.server.log.statemachine.data.sync.timeout.retry = -1 (default)
2019-10-05 00:07:51,008 [pool-403-thread-1] INFO  server.RaftServerConfigKeys (ConfUtils.java:logGet(43)) - raft.server.log.statemachine.data.caching.enabled = true (custom)
2019-10-05 00:07:51,008 [pool-403-thread-1] INFO  segmented.SegmentedRaftLogWorker (SegmentedRaftLogWorker.java:lambda$new$0(128)) - 28b3b2a3-7615-47b5-bcde-5c35fd1f036e@group-0C1A16DFE179-SegmentedRaftLogWorker: flushIndex: setUnconditionally 0 -> -1
2019-10-05 00:07:51,009 [pool-403-thread-1] INFO  server.RaftServerConfigKeys (ConfUtils.java:logGet(43)) - raft.server.snapshot.auto.trigger.enabled = true (custom)
2019-10-05 00:07:51,009 [pool-403-thread-1] INFO  server.RaftServerConfigKeys (ConfUtils.java:logGet(43)) - raft.server.snapshot.auto.trigger.threshold = 10000 (custom)
2019-10-05 00:07:51,009 [pool-403-thread-1] INFO  server.RaftServerConfigKeys (ConfUtils.java:logGet(43)) - raft.server.snapshot.retention.file.num = 5 (custom)
2019-10-05 00:07:51,009 [pool-403-thread-1] INFO  server.RaftServerConfigKeys (ConfUtils.java:logGet(43)) - raft.server.retrycache.expirytime = 600000ms (custom)
2019-10-05 00:07:51,010 [pool-403-thread-1] INFO  impl.RaftServerImpl (RaftServerImpl.java:start(181)) - 28b3b2a3-7615-47b5-bcde-5c35fd1f036e@group-0C1A16DFE179: start as a follower, conf=-1: [28b3b2a3-7615-47b5-bcde-5c35fd1f036e:192.168.151.67:38601], old=null
2019-10-05 00:07:51,010 [pool-403-thread-1] INFO  impl.RaftServerImpl (RaftServerImpl.java:setRole(170)) - 28b3b2a3-7615-47b5-bcde-5c35fd1f036e@group-0C1A16DFE179: changes role from      null to FOLLOWER at term 0 for startAsFollower
2019-10-05 00:07:51,011 [pool-403-thread-1] INFO  impl.RoleInfo (RoleInfo.java:updateAndGet(143)) - 28b3b2a3-7615-47b5-bcde-5c35fd1f036e: start FollowerState
2019-10-05 00:07:51,011 [pool-403-thread-1] INFO  util.JmxRegister (JmxRegister.java:tryRegister(44)) - Successfully registered JMX Bean with object name Ratis:service=RaftServer,group=group-0C1A16DFE179,id=28b3b2a3-7615-47b5-bcde-5c35fd1f036e
2019-10-05 00:07:51,017 [RatisPipelineUtilsThread] INFO  pipeline.PipelineStateManager (PipelineStateManager.java:addPipeline(56)) - Created pipeline Pipeline[ Id: 519cd605-f38d-4e48-99b3-0c1a16dfe179, Nodes: 28b3b2a3-7615-47b5-bcde-5c35fd1f036e{ip: 192.168.151.67, host: pr-hdds-2257-n2d29-2200651950, networkLocation: /default-rack, certSerialId: null}, Type:RATIS, Factor:ONE, State:OPEN]
2019-10-05 00:07:51,032 [grpc-default-executor-1] INFO  impl.RaftServerProxy (RaftServerProxy.java:addNew(89)) - 02cbb888-e9d5-4390-8af9-27c0850be5cb: addNew group-E59DAFF0544E:[28b3b2a3-7615-47b5-bcde-5c35fd1f036e:192.168.151.67:38601, 02cbb888-e9d5-4390-8af9-27c0850be5cb:192.168.151.67:41384, ea6be2e5-3afe-4fcc-aaa0-c17f08d99e72:192.168.151.67:33791] returns group-E59DAFF0544E:java.util.concurrent.CompletableFuture@317c77dc[Not completed]
2019-10-05 00:07:51,032 [grpc-default-executor-5] INFO  impl.RaftServerProxy (RaftServerProxy.java:addNew(89)) - ea6be2e5-3afe-4fcc-aaa0-c17f08d99e72: addNew group-E59DAFF0544E:[28b3b2a3-7615-47b5-bcde-5c35fd1f036e:192.168.151.67:38601, 02cbb888-e9d5-4390-8af9-27c0850be5cb:192.168.151.67:41384, ea6be2e5-3afe-4fcc-aaa0-c17f08d99e72:192.168.151.67:33791] returns group-E59DAFF0544E:java.util.concurrent.CompletableFuture@6568c96f[Not completed]
2019-10-05 00:07:51,032 [grpc-default-executor-0] INFO  impl.RaftServerProxy (RaftServerProxy.java:addNew(89)) - 28b3b2a3-7615-47b5-bcde-5c35fd1f036e: addNew group-E59DAFF0544E:[28b3b2a3-7615-47b5-bcde-5c35fd1f036e:192.168.151.67:38601, 02cbb888-e9d5-4390-8af9-27c0850be5cb:192.168.151.67:41384, ea6be2e5-3afe-4fcc-aaa0-c17f08d99e72:192.168.151.67:33791] returns group-E59DAFF0544E:java.util.concurrent.CompletableFuture@32e1bfba[Not completed]
2019-10-05 00:07:51,034 [pool-393-thread-1] INFO  impl.RaftServerImpl (RaftServerImpl.java:<init>(95)) - 02cbb888-e9d5-4390-8af9-27c0850be5cb: new RaftServerImpl for group-E59DAFF0544E:[28b3b2a3-7615-47b5-bcde-5c35fd1f036e:192.168.151.67:38601, 02cbb888-e9d5-4390-8af9-27c0850be5cb:192.168.151.67:41384, ea6be2e5-3afe-4fcc-aaa0-c17f08d99e72:192.168.151.67:33791] with ContainerStateMachine:uninitialized
2019-10-05 00:07:51,034 [pool-393-thread-1] INFO  server.RaftServerConfigKeys (ConfUtils.java:logGet(43)) - raft.server.rpc.timeout.min = 5s (custom)
2019-10-05 00:07:51,034 [pool-393-thread-1] INFO  server.RaftServerConfigKeys (ConfUtils.java:logGet(43)) - raft.server.rpc.timeout.max = 5200ms (custom)
2019-10-05 00:07:51,034 [pool-393-thread-1] INFO  server.RaftServerConfigKeys (ConfUtils.java:logGet(43)) - raft.server.rpcslowness.timeout = 120s (custom)
2019-10-05 00:07:51,034 [pool-393-thread-1] INFO  server.RaftServerConfigKeys (ConfUtils.java:logGet(43)) - raft.server.sleep.deviation.threshold = 300 (default)
2019-10-05 00:07:51,034 [pool-393-thread-1] INFO  server.RaftServerConfigKeys (ConfUtils.java:logGet(43)) - raft.server.log.appender.install.snapshot.enabled = false (custom)
2019-10-05 00:07:51,034 [pool-393-thread-1] INFO  impl.RaftServerImpl (ServerState.java:<init>(103)) - 02cbb888-e9d5-4390-8af9-27c0850be5cb@group-E59DAFF0544E: ConfigurationManager, init=-1: [28b3b2a3-7615-47b5-bcde-5c35fd1f036e:192.168.151.67:38601, 02cbb888-e9d5-4390-8af9-27c0850be5cb:192.168.151.67:41384, ea6be2e5-3afe-4fcc-aaa0-c17f08d99e72:192.168.151.67:33791], old=null, confs=<EMPTY_MAP>
2019-10-05 00:07:51,035 [pool-393-thread-1] INFO  server.RaftServerConfigKeys (ConfUtils.java:logGet(43)) - raft.server.storage.dir = [/workdir/hadoop-ozone/integration-test/target/test-dir/MiniOzoneClusterImpl-d03a52b4-984d-439e-b51d-d3ef1d535ed0/datanode-1/data/ratis] (custom)
2019-10-05 00:07:51,035 [pool-393-thread-1] INFO  server.RaftServerConfigKeys (ConfUtils.java:logGet(43)) - raft.server.log.corruption.policy = EXCEPTION (default)
2019-10-05 00:07:51,035 [pool-393-thread-1] INFO  storage.RaftStorageDirectory (RaftStorageDirectory.java:analyzeStorage(246)) - The storage directory /workdir/hadoop-ozone/integration-test/target/test-dir/MiniOzoneClusterImpl-d03a52b4-984d-439e-b51d-d3ef1d535ed0/datanode-1/data/ratis/d1c97a3f-f3e2-41ed-94f8-e59daff0544e does not exist. Creating ...
2019-10-05 00:07:51,036 [pool-403-thread-1] INFO  impl.RaftServerImpl (RaftServerImpl.java:<init>(95)) - 28b3b2a3-7615-47b5-bcde-5c35fd1f036e: new RaftServerImpl for group-E59DAFF0544E:[28b3b2a3-7615-47b5-bcde-5c35fd1f036e:192.168.151.67:38601, 02cbb888-e9d5-4390-8af9-27c0850be5cb:192.168.151.67:41384, ea6be2e5-3afe-4fcc-aaa0-c17f08d99e72:192.168.151.67:33791] with ContainerStateMachine:uninitialized
2019-10-05 00:07:51,036 [pool-403-thread-1] INFO  server.RaftServerConfigKeys (ConfUtils.java:logGet(43)) - raft.server.rpc.timeout.min = 5s (custom)
2019-10-05 00:07:51,037 [pool-383-thread-1] INFO  impl.RaftServerImpl (RaftServerImpl.java:<init>(95)) - ea6be2e5-3afe-4fcc-aaa0-c17f08d99e72: new RaftServerImpl for group-E59DAFF0544E:[28b3b2a3-7615-47b5-bcde-5c35fd1f036e:192.168.151.67:38601, 02cbb888-e9d5-4390-8af9-27c0850be5cb:192.168.151.67:41384, ea6be2e5-3afe-4fcc-aaa0-c17f08d99e72:192.168.151.67:33791] with ContainerStateMachine:uninitialized
2019-10-05 00:07:51,037 [pool-403-thread-1] INFO  server.RaftServerConfigKeys (ConfUtils.java:logGet(43)) - raft.server.rpc.timeout.max = 5200ms (custom)
2019-10-05 00:07:51,037 [pool-383-thread-1] INFO  server.RaftServerConfigKeys (ConfUtils.java:logGet(43)) - raft.server.rpc.timeout.min = 5s (custom)
2019-10-05 00:07:51,037 [pool-403-thread-1] INFO  server.RaftServerConfigKeys (ConfUtils.java:logGet(43)) - raft.server.rpcslowness.timeout = 120s (custom)
2019-10-05 00:07:51,037 [pool-383-thread-1] INFO  server.RaftServerConfigKeys (ConfUtils.java:logGet(43)) - raft.server.rpc.timeout.max = 5200ms (custom)
2019-10-05 00:07:51,037 [pool-403-thread-1] INFO  server.RaftServerConfigKeys (ConfUtils.java:logGet(43)) - raft.server.sleep.deviation.threshold = 300 (default)
2019-10-05 00:07:51,037 [pool-383-thread-1] INFO  server.RaftServerConfigKeys (ConfUtils.java:logGet(43)) - raft.server.rpcslowness.timeout = 120s (custom)
2019-10-05 00:07:51,037 [pool-403-thread-1] INFO  server.RaftServerConfigKeys (ConfUtils.java:logGet(43)) - raft.server.log.appender.install.snapshot.enabled = false (custom)
2019-10-05 00:07:51,037 [pool-383-thread-1] INFO  server.RaftServerConfigKeys (ConfUtils.java:logGet(43)) - raft.server.sleep.deviation.threshold = 300 (default)
2019-10-05 00:07:51,038 [pool-403-thread-1] INFO  impl.RaftServerImpl (ServerState.java:<init>(103)) - 28b3b2a3-7615-47b5-bcde-5c35fd1f036e@group-E59DAFF0544E: ConfigurationManager, init=-1: [28b3b2a3-7615-47b5-bcde-5c35fd1f036e:192.168.151.67:38601, 02cbb888-e9d5-4390-8af9-27c0850be5cb:192.168.151.67:41384, ea6be2e5-3afe-4fcc-aaa0-c17f08d99e72:192.168.151.67:33791], old=null, confs=<EMPTY_MAP>
2019-10-05 00:07:51,038 [pool-383-thread-1] INFO  server.RaftServerConfigKeys (ConfUtils.java:logGet(43)) - raft.server.log.appender.install.snapshot.enabled = false (custom)
2019-10-05 00:07:51,038 [pool-383-thread-1] INFO  impl.RaftServerImpl (ServerState.java:<init>(103)) - ea6be2e5-3afe-4fcc-aaa0-c17f08d99e72@group-E59DAFF0544E: ConfigurationManager, init=-1: [28b3b2a3-7615-47b5-bcde-5c35fd1f036e:192.168.151.67:38601, 02cbb888-e9d5-4390-8af9-27c0850be5cb:192.168.151.67:41384, ea6be2e5-3afe-4fcc-aaa0-c17f08d99e72:192.168.151.67:33791], old=null, confs=<EMPTY_MAP>
2019-10-05 00:07:51,038 [pool-403-thread-1] INFO  server.RaftServerConfigKeys (ConfUtils.java:logGet(43)) - raft.server.storage.dir = [/workdir/hadoop-ozone/integration-test/target/test-dir/MiniOzoneClusterImpl-d03a52b4-984d-439e-b51d-d3ef1d535ed0/datanode-2/data/ratis] (custom)
2019-10-05 00:07:51,038 [pool-383-thread-1] INFO  server.RaftServerConfigKeys (ConfUtils.java:logGet(43)) - raft.server.storage.dir = [/workdir/hadoop-ozone/integration-test/target/test-dir/MiniOzoneClusterImpl-d03a52b4-984d-439e-b51d-d3ef1d535ed0/datanode-0/data/ratis] (custom)
2019-10-05 00:07:51,038 [pool-403-thread-1] INFO  server.RaftServerConfigKeys (ConfUtils.java:logGet(43)) - raft.server.log.corruption.policy = EXCEPTION (default)
2019-10-05 00:07:51,038 [pool-383-thread-1] INFO  server.RaftServerConfigKeys (ConfUtils.java:logGet(43)) - raft.server.log.corruption.policy = EXCEPTION (default)
2019-10-05 00:07:51,039 [pool-403-thread-1] INFO  storage.RaftStorageDirectory (RaftStorageDirectory.java:analyzeStorage(246)) - The storage directory /workdir/hadoop-ozone/integration-test/target/test-dir/MiniOzoneClusterImpl-d03a52b4-984d-439e-b51d-d3ef1d535ed0/datanode-2/data/ratis/d1c97a3f-f3e2-41ed-94f8-e59daff0544e does not exist. Creating ...
2019-10-05 00:07:51,039 [pool-383-thread-1] INFO  storage.RaftStorageDirectory (RaftStorageDirectory.java:analyzeStorage(246)) - The storage directory /workdir/hadoop-ozone/integration-test/target/test-dir/MiniOzoneClusterImpl-d03a52b4-984d-439e-b51d-d3ef1d535ed0/datanode-0/data/ratis/d1c97a3f-f3e2-41ed-94f8-e59daff0544e does not exist. Creating ...
2019-10-05 00:07:51,040 [IPC Server handler 5 on 38187] INFO  net.NetworkTopology (NetworkTopologyImpl.java:add(111)) - Added a new node: /default-rack/b0473cc4-d771-4568-bfd9-0483b58a1571
2019-10-05 00:07:51,040 [IPC Server handler 5 on 38187] INFO  node.SCMNodeManager (SCMNodeManager.java:register(268)) - Registered Data node : b0473cc4-d771-4568-bfd9-0483b58a1571{ip: 192.168.151.67, host: pr-hdds-2257-n2d29-2200651950, networkLocation: /default-rack, certSerialId: null}
2019-10-05 00:07:51,049 [pool-383-thread-1] INFO  storage.RaftStorageDirectory (RaftStorageDirectory.java:tryLock(328)) - Lock on /workdir/hadoop-ozone/integration-test/target/test-dir/MiniOzoneClusterImpl-d03a52b4-984d-439e-b51d-d3ef1d535ed0/datanode-0/data/ratis/d1c97a3f-f3e2-41ed-94f8-e59daff0544e/in_use.lock acquired by nodename 19704@pr-hdds-2257-n2d29-2200651950
2019-10-05 00:07:51,049 [pool-393-thread-1] INFO  storage.RaftStorageDirectory (RaftStorageDirectory.java:tryLock(328)) - Lock on /workdir/hadoop-ozone/integration-test/target/test-dir/MiniOzoneClusterImpl-d03a52b4-984d-439e-b51d-d3ef1d535ed0/datanode-1/data/ratis/d1c97a3f-f3e2-41ed-94f8-e59daff0544e/in_use.lock acquired by nodename 19704@pr-hdds-2257-n2d29-2200651950
2019-10-05 00:07:51,049 [pool-403-thread-1] INFO  storage.RaftStorageDirectory (RaftStorageDirectory.java:tryLock(328)) - Lock on /workdir/hadoop-ozone/integration-test/target/test-dir/MiniOzoneClusterImpl-d03a52b4-984d-439e-b51d-d3ef1d535ed0/datanode-2/data/ratis/d1c97a3f-f3e2-41ed-94f8-e59daff0544e/in_use.lock acquired by nodename 19704@pr-hdds-2257-n2d29-2200651950
2019-10-05 00:07:51,063 [pool-393-thread-1] INFO  storage.RaftStorage (RaftStorage.java:format(84)) - Storage directory /workdir/hadoop-ozone/integration-test/target/test-dir/MiniOzoneClusterImpl-d03a52b4-984d-439e-b51d-d3ef1d535ed0/datanode-1/data/ratis/d1c97a3f-f3e2-41ed-94f8-e59daff0544e has been successfully formatted.
2019-10-05 00:07:51,063 [pool-393-thread-1] INFO  ratis.ContainerStateMachine (ContainerStateMachine.java:loadSnapshot(230)) - group-E59DAFF0544E: The snapshot info is null. Setting the last applied indexto:(t:0, i:~)
2019-10-05 00:07:51,063 [pool-393-thread-1] INFO  server.RaftServerConfigKeys (ConfUtils.java:logGet(43)) - raft.server.notification.no-leader.timeout = 120s (custom)
2019-10-05 00:07:51,063 [pool-393-thread-1] INFO  server.RaftServerConfigKeys (ConfUtils.java:logGet(43)) - raft.server.log.use.memory = false (default)
2019-10-05 00:07:51,063 [pool-393-thread-1] INFO  server.RaftServerConfigKeys (ConfUtils.java:logGet(43)) - raft.server.log.purge.gap = 1000000 (custom)
2019-10-05 00:07:51,064 [pool-393-thread-1] INFO  server.RaftServerConfigKeys (ConfUtils.java:logGet(43)) - raft.server.log.appender.buffer.byte-limit = 33554432 (custom)
2019-10-05 00:07:51,063 [pool-403-thread-1] INFO  storage.RaftStorage (RaftStorage.java:format(84)) - Storage directory /workdir/hadoop-ozone/integration-test/target/test-dir/MiniOzoneClusterImpl-d03a52b4-984d-439e-b51d-d3ef1d535ed0/datanode-2/data/ratis/d1c97a3f-f3e2-41ed-94f8-e59daff0544e has been successfully formatted.
2019-10-05 00:07:51,063 [pool-383-thread-1] INFO  storage.RaftStorage (RaftStorage.java:format(84)) - Storage directory /workdir/hadoop-ozone/integration-test/target/test-dir/MiniOzoneClusterImpl-d03a52b4-984d-439e-b51d-d3ef1d535ed0/datanode-0/data/ratis/d1c97a3f-f3e2-41ed-94f8-e59daff0544e has been successfully formatted.
2019-10-05 00:07:51,064 [pool-393-thread-1] INFO  server.RaftServerConfigKeys (ConfUtils.java:logGet(43)) - raft.server.log.segment.size.max = 1048576 (custom)
2019-10-05 00:07:51,064 [pool-383-thread-1] INFO  ratis.ContainerStateMachine (ContainerStateMachine.java:loadSnapshot(230)) - group-E59DAFF0544E: The snapshot info is null. Setting the last applied indexto:(t:0, i:~)
2019-10-05 00:07:51,064 [pool-393-thread-1] INFO  server.RaftServerConfigKeys (ConfUtils.java:logGet(43)) - raft.server.log.segment.cache.num.max = 2 (custom)
2019-10-05 00:07:51,064 [pool-403-thread-1] INFO  ratis.ContainerStateMachine (ContainerStateMachine.java:loadSnapshot(230)) - group-E59DAFF0544E: The snapshot info is null. Setting the last applied indexto:(t:0, i:~)
2019-10-05 00:07:51,064 [pool-393-thread-1] INFO  segmented.SegmentedRaftLogWorker (SegmentedRaftLogWorker.java:<init>(173)) - new 02cbb888-e9d5-4390-8af9-27c0850be5cb@group-E59DAFF0544E-SegmentedRaftLogWorker for RaftStorage:Storage Directory /workdir/hadoop-ozone/integration-test/target/test-dir/MiniOzoneClusterImpl-d03a52b4-984d-439e-b51d-d3ef1d535ed0/datanode-1/data/ratis/d1c97a3f-f3e2-41ed-94f8-e59daff0544e
2019-10-05 00:07:51,064 [pool-383-thread-1] INFO  server.RaftServerConfigKeys (ConfUtils.java:logGet(43)) - raft.server.notification.no-leader.timeout = 120s (custom)
2019-10-05 00:07:51,065 [pool-393-thread-1] INFO  server.RaftServerConfigKeys (ConfUtils.java:logGet(43)) - raft.server.log.queue.byte-limit = 2147483647 (custom)
2019-10-05 00:07:51,064 [pool-403-thread-1] INFO  server.RaftServerConfigKeys (ConfUtils.java:logGet(43)) - raft.server.notification.no-leader.timeout = 120s (custom)
2019-10-05 00:07:51,065 [pool-393-thread-1] INFO  server.RaftServerConfigKeys (ConfUtils.java:logGet(43)) - raft.server.log.queue.element-limit = 1024 (custom)
2019-10-05 00:07:51,065 [pool-383-thread-1] INFO  server.RaftServerConfigKeys (ConfUtils.java:logGet(43)) - raft.server.log.use.memory = false (default)
2019-10-05 00:07:51,065 [pool-393-thread-1] INFO  server.RaftServerConfigKeys (ConfUtils.java:logGet(43)) - raft.server.log.segment.size.max = 1048576 (custom)
2019-10-05 00:07:51,065 [pool-403-thread-1] INFO  server.RaftServerConfigKeys (ConfUtils.java:logGet(43)) - raft.server.log.use.memory = false (default)
2019-10-05 00:07:51,065 [pool-393-thread-1] INFO  server.RaftServerConfigKeys (ConfUtils.java:logGet(43)) - raft.server.log.preallocated.size = 16384 (custom)
2019-10-05 00:07:51,065 [pool-383-thread-1] INFO  server.RaftServerConfigKeys (ConfUtils.java:logGet(43)) - raft.server.log.purge.gap = 1000000 (custom)
2019-10-05 00:07:51,065 [pool-393-thread-1] INFO  server.RaftServerConfigKeys (ConfUtils.java:logGet(43)) - raft.server.log.write.buffer.size = 33554432 (custom)
2019-10-05 00:07:51,065 [pool-403-thread-1] INFO  server.RaftServerConfigKeys (ConfUtils.java:logGet(43)) - raft.server.log.purge.gap = 1000000 (custom)
2019-10-05 00:07:51,066 [pool-393-thread-1] INFO  server.RaftServerConfigKeys (ConfUtils.java:logGet(43)) - raft.server.log.force.sync.num = 128 (default)
2019-10-05 00:07:51,066 [pool-383-thread-1] INFO  server.RaftServerConfigKeys (ConfUtils.java:logGet(43)) - raft.server.log.appender.buffer.byte-limit = 33554432 (custom)
2019-10-05 00:07:51,066 [pool-393-thread-1] INFO  server.RaftServerConfigKeys (ConfUtils.java:logGet(43)) - raft.server.log.statemachine.data.sync = true (default)
2019-10-05 00:07:51,066 [pool-403-thread-1] INFO  server.RaftServerConfigKeys (ConfUtils.java:logGet(43)) - raft.server.log.appender.buffer.byte-limit = 33554432 (custom)
2019-10-05 00:07:51,066 [pool-393-thread-1] INFO  server.RaftServerConfigKeys (ConfUtils.java:logGet(43)) - raft.server.log.statemachine.data.sync.timeout = 10s (default)
2019-10-05 00:07:51,066 [pool-383-thread-1] INFO  server.RaftServerConfigKeys (ConfUtils.java:logGet(43)) - raft.server.log.segment.size.max = 1048576 (custom)
2019-10-05 00:07:51,066 [pool-393-thread-1] INFO  server.RaftServerConfigKeys (ConfUtils.java:logGet(43)) - raft.server.log.statemachine.data.sync.timeout.retry = -1 (default)
2019-10-05 00:07:51,066 [pool-403-thread-1] INFO  server.RaftServerConfigKeys (ConfUtils.java:logGet(43)) - raft.server.log.segment.size.max = 1048576 (custom)
2019-10-05 00:07:51,067 [pool-383-thread-1] INFO  server.RaftServerConfigKeys (ConfUtils.java:logGet(43)) - raft.server.log.segment.cache.num.max = 2 (custom)
2019-10-05 00:07:51,067 [pool-403-thread-1] INFO  server.RaftServerConfigKeys (ConfUtils.java:logGet(43)) - raft.server.log.segment.cache.num.max = 2 (custom)
2019-10-05 00:07:51,067 [pool-393-thread-1] INFO  server.RaftServerConfigKeys (ConfUtils.java:logGet(43)) - raft.server.log.statemachine.data.caching.enabled = true (custom)
2019-10-05 00:07:51,067 [pool-403-thread-1] INFO  segmented.SegmentedRaftLogWorker (SegmentedRaftLogWorker.java:<init>(173)) - new 28b3b2a3-7615-47b5-bcde-5c35fd1f036e@group-E59DAFF0544E-SegmentedRaftLogWorker for RaftStorage:Storage Directory /workdir/hadoop-ozone/integration-test/target/test-dir/MiniOzoneClusterImpl-d03a52b4-984d-439e-b51d-d3ef1d535ed0/datanode-2/data/ratis/d1c97a3f-f3e2-41ed-94f8-e59daff0544e
2019-10-05 00:07:51,067 [pool-383-thread-1] INFO  segmented.SegmentedRaftLogWorker (SegmentedRaftLogWorker.java:<init>(173)) - new ea6be2e5-3afe-4fcc-aaa0-c17f08d99e72@group-E59DAFF0544E-SegmentedRaftLogWorker for RaftStorage:Storage Directory /workdir/hadoop-ozone/integration-test/target/test-dir/MiniOzoneClusterImpl-d03a52b4-984d-439e-b51d-d3ef1d535ed0/datanode-0/data/ratis/d1c97a3f-f3e2-41ed-94f8-e59daff0544e
2019-10-05 00:07:51,067 [pool-403-thread-1] INFO  server.RaftServerConfigKeys (ConfUtils.java:logGet(43)) - raft.server.log.queue.byte-limit = 2147483647 (custom)
2019-10-05 00:07:51,067 [pool-393-thread-1] INFO  segmented.SegmentedRaftLogWorker (SegmentedRaftLogWorker.java:lambda$new$0(128)) - 02cbb888-e9d5-4390-8af9-27c0850be5cb@group-E59DAFF0544E-SegmentedRaftLogWorker: flushIndex: setUnconditionally 0 -> -1
2019-10-05 00:07:51,067 [pool-383-thread-1] INFO  server.RaftServerConfigKeys (ConfUtils.java:logGet(43)) - raft.server.log.queue.byte-limit = 2147483647 (custom)
2019-10-05 00:07:51,067 [pool-403-thread-1] INFO  server.RaftServerConfigKeys (ConfUtils.java:logGet(43)) - raft.server.log.queue.element-limit = 1024 (custom)
2019-10-05 00:07:51,068 [pool-393-thread-1] INFO  server.RaftServerConfigKeys (ConfUtils.java:logGet(43)) - raft.server.snapshot.auto.trigger.enabled = true (custom)
2019-10-05 00:07:51,068 [pool-383-thread-1] INFO  server.RaftServerConfigKeys (ConfUtils.java:logGet(43)) - raft.server.log.queue.element-limit = 1024 (custom)
2019-10-05 00:07:51,068 [pool-393-thread-1] INFO  server.RaftServerConfigKeys (ConfUtils.java:logGet(43)) - raft.server.snapshot.auto.trigger.threshold = 10000 (custom)
2019-10-05 00:07:51,068 [pool-403-thread-1] INFO  server.RaftServerConfigKeys (ConfUtils.java:logGet(43)) - raft.server.log.segment.size.max = 1048576 (custom)
2019-10-05 00:07:51,068 [pool-393-thread-1] INFO  server.RaftServerConfigKeys (ConfUtils.java:logGet(43)) - raft.server.snapshot.retention.file.num = 5 (custom)
2019-10-05 00:07:51,068 [pool-383-thread-1] INFO  server.RaftServerConfigKeys (ConfUtils.java:logGet(43)) - raft.server.log.segment.size.max = 1048576 (custom)
2019-10-05 00:07:51,068 [pool-393-thread-1] INFO  server.RaftServerConfigKeys (ConfUtils.java:logGet(43)) - raft.server.retrycache.expirytime = 600000ms (custom)
2019-10-05 00:07:51,068 [pool-403-thread-1] INFO  server.RaftServerConfigKeys (ConfUtils.java:logGet(43)) - raft.server.log.preallocated.size = 16384 (custom)
2019-10-05 00:07:51,068 [pool-383-thread-1] INFO  server.RaftServerConfigKeys (ConfUtils.java:logGet(43)) - raft.server.log.preallocated.size = 16384 (custom)
2019-10-05 00:07:51,069 [pool-403-thread-1] INFO  server.RaftServerConfigKeys (ConfUtils.java:logGet(43)) - raft.server.log.write.buffer.size = 33554432 (custom)
2019-10-05 00:07:51,069 [pool-383-thread-1] INFO  server.RaftServerConfigKeys (ConfUtils.java:logGet(43)) - raft.server.log.write.buffer.size = 33554432 (custom)
2019-10-05 00:07:51,069 [pool-403-thread-1] INFO  server.RaftServerConfigKeys (ConfUtils.java:logGet(43)) - raft.server.log.force.sync.num = 128 (default)
2019-10-05 00:07:51,069 [pool-383-thread-1] INFO  server.RaftServerConfigKeys (ConfUtils.java:logGet(43)) - raft.server.log.force.sync.num = 128 (default)
2019-10-05 00:07:51,069 [pool-403-thread-1] INFO  server.RaftServerConfigKeys (ConfUtils.java:logGet(43)) - raft.server.log.statemachine.data.sync = true (default)
2019-10-05 00:07:51,069 [pool-383-thread-1] INFO  server.RaftServerConfigKeys (ConfUtils.java:logGet(43)) - raft.server.log.statemachine.data.sync = true (default)
2019-10-05 00:07:51,069 [pool-403-thread-1] INFO  server.RaftServerConfigKeys (ConfUtils.java:logGet(43)) - raft.server.log.statemachine.data.sync.timeout = 10s (default)
2019-10-05 00:07:51,069 [pool-383-thread-1] INFO  server.RaftServerConfigKeys (ConfUtils.java:logGet(43)) - raft.server.log.statemachine.data.sync.timeout = 10s (default)
2019-10-05 00:07:51,069 [pool-403-thread-1] INFO  server.RaftServerConfigKeys (ConfUtils.java:logGet(43)) - raft.server.log.statemachine.data.sync.timeout.retry = -1 (default)
2019-10-05 00:07:51,069 [pool-383-thread-1] INFO  server.RaftServerConfigKeys (ConfUtils.java:logGet(43)) - raft.server.log.statemachine.data.sync.timeout.retry = -1 (default)
2019-10-05 00:07:51,070 [pool-403-thread-1] INFO  server.RaftServerConfigKeys (ConfUtils.java:logGet(43)) - raft.server.log.statemachine.data.caching.enabled = true (custom)
2019-10-05 00:07:51,070 [pool-383-thread-1] INFO  server.RaftServerConfigKeys (ConfUtils.java:logGet(43)) - raft.server.log.statemachine.data.caching.enabled = true (custom)
2019-10-05 00:07:51,070 [pool-403-thread-1] INFO  segmented.SegmentedRaftLogWorker (SegmentedRaftLogWorker.java:lambda$new$0(128)) - 28b3b2a3-7615-47b5-bcde-5c35fd1f036e@group-E59DAFF0544E-SegmentedRaftLogWorker: flushIndex: setUnconditionally 0 -> -1
2019-10-05 00:07:51,070 [pool-383-thread-1] INFO  segmented.SegmentedRaftLogWorker (SegmentedRaftLogWorker.java:lambda$new$0(128)) - ea6be2e5-3afe-4fcc-aaa0-c17f08d99e72@group-E59DAFF0544E-SegmentedRaftLogWorker: flushIndex: setUnconditionally 0 -> -1
2019-10-05 00:07:51,070 [pool-403-thread-1] INFO  server.RaftServerConfigKeys (ConfUtils.java:logGet(43)) - raft.server.snapshot.auto.trigger.enabled = true (custom)
2019-10-05 00:07:51,070 [pool-403-thread-1] INFO  server.RaftServerConfigKeys (ConfUtils.java:logGet(43)) - raft.server.snapshot.auto.trigger.threshold = 10000 (custom)
2019-10-05 00:07:51,070 [pool-383-thread-1] INFO  server.RaftServerConfigKeys (ConfUtils.java:logGet(43)) - raft.server.snapshot.auto.trigger.enabled = true (custom)
2019-10-05 00:07:51,070 [pool-393-thread-1] INFO  impl.RaftServerImpl (RaftServerImpl.java:start(181)) - 02cbb888-e9d5-4390-8af9-27c0850be5cb@group-E59DAFF0544E: start as a follower, conf=-1: [28b3b2a3-7615-47b5-bcde-5c35fd1f036e:192.168.151.67:38601, 02cbb888-e9d5-4390-8af9-27c0850be5cb:192.168.151.67:41384, ea6be2e5-3afe-4fcc-aaa0-c17f08d99e72:192.168.151.67:33791], old=null
2019-10-05 00:07:51,070 [pool-403-thread-1] INFO  server.RaftServerConfigKeys (ConfUtils.java:logGet(43)) - raft.server.snapshot.retention.file.num = 5 (custom)
2019-10-05 00:07:51,071 [pool-393-thread-1] INFO  impl.RaftServerImpl (RaftServerImpl.java:setRole(170)) - 02cbb888-e9d5-4390-8af9-27c0850be5cb@group-E59DAFF0544E: changes role from      null to FOLLOWER at term 0 for startAsFollower
2019-10-05 00:07:51,071 [pool-383-thread-1] INFO  server.RaftServerConfigKeys (ConfUtils.java:logGet(43)) - raft.server.snapshot.auto.trigger.threshold = 10000 (custom)
2019-10-05 00:07:51,071 [pool-393-thread-1] INFO  impl.RoleInfo (RoleInfo.java:updateAndGet(143)) - 02cbb888-e9d5-4390-8af9-27c0850be5cb: start FollowerState
2019-10-05 00:07:51,071 [pool-403-thread-1] INFO  server.RaftServerConfigKeys (ConfUtils.java:logGet(43)) - raft.server.retrycache.expirytime = 600000ms (custom)
2019-10-05 00:07:51,071 [pool-383-thread-1] INFO  server.RaftServerConfigKeys (ConfUtils.java:logGet(43)) - raft.server.snapshot.retention.file.num = 5 (custom)
2019-10-05 00:07:51,071 [pool-383-thread-1] INFO  server.RaftServerConfigKeys (ConfUtils.java:logGet(43)) - raft.server.retrycache.expirytime = 600000ms (custom)
2019-10-05 00:07:51,071 [pool-393-thread-1] INFO  util.JmxRegister (JmxRegister.java:tryRegister(44)) - Successfully registered JMX Bean with object name Ratis:service=RaftServer,group=group-E59DAFF0544E,id=02cbb888-e9d5-4390-8af9-27c0850be5cb
2019-10-05 00:07:51,073 [pool-403-thread-1] INFO  impl.RaftServerImpl (RaftServerImpl.java:start(181)) - 28b3b2a3-7615-47b5-bcde-5c35fd1f036e@group-E59DAFF0544E: start as a follower, conf=-1: [28b3b2a3-7615-47b5-bcde-5c35fd1f036e:192.168.151.67:38601, 02cbb888-e9d5-4390-8af9-27c0850be5cb:192.168.151.67:41384, ea6be2e5-3afe-4fcc-aaa0-c17f08d99e72:192.168.151.67:33791], old=null
2019-10-05 00:07:51,073 [pool-403-thread-1] INFO  impl.RaftServerImpl (RaftServerImpl.java:setRole(170)) - 28b3b2a3-7615-47b5-bcde-5c35fd1f036e@group-E59DAFF0544E: changes role from      null to FOLLOWER at term 0 for startAsFollower
2019-10-05 00:07:51,074 [pool-403-thread-1] INFO  impl.RoleInfo (RoleInfo.java:updateAndGet(143)) - 28b3b2a3-7615-47b5-bcde-5c35fd1f036e: start FollowerState
2019-10-05 00:07:51,074 [pool-403-thread-1] INFO  util.JmxRegister (JmxRegister.java:tryRegister(44)) - Successfully registered JMX Bean with object name Ratis:service=RaftServer,group=group-E59DAFF0544E,id=28b3b2a3-7615-47b5-bcde-5c35fd1f036e
2019-10-05 00:07:51,074 [pool-383-thread-1] INFO  impl.RaftServerImpl (RaftServerImpl.java:start(181)) - ea6be2e5-3afe-4fcc-aaa0-c17f08d99e72@group-E59DAFF0544E: start as a follower, conf=-1: [28b3b2a3-7615-47b5-bcde-5c35fd1f036e:192.168.151.67:38601, 02cbb888-e9d5-4390-8af9-27c0850be5cb:192.168.151.67:41384, ea6be2e5-3afe-4fcc-aaa0-c17f08d99e72:192.168.151.67:33791], old=null
2019-10-05 00:07:51,074 [pool-383-thread-1] INFO  impl.RaftServerImpl (RaftServerImpl.java:setRole(170)) - ea6be2e5-3afe-4fcc-aaa0-c17f08d99e72@group-E59DAFF0544E: changes role from      null to FOLLOWER at term 0 for startAsFollower
2019-10-05 00:07:51,074 [pool-383-thread-1] INFO  impl.RoleInfo (RoleInfo.java:updateAndGet(143)) - ea6be2e5-3afe-4fcc-aaa0-c17f08d99e72: start FollowerState
2019-10-05 00:07:51,075 [pool-383-thread-1] INFO  util.JmxRegister (JmxRegister.java:tryRegister(44)) - Successfully registered JMX Bean with object name Ratis:service=RaftServer,group=group-E59DAFF0544E,id=ea6be2e5-3afe-4fcc-aaa0-c17f08d99e72
2019-10-05 00:07:51,085 [RatisPipelineUtilsThread] INFO  pipeline.PipelineStateManager (PipelineStateManager.java:addPipeline(56)) - Created pipeline Pipeline[ Id: d1c97a3f-f3e2-41ed-94f8-e59daff0544e, Nodes: ea6be2e5-3afe-4fcc-aaa0-c17f08d99e72{ip: 192.168.151.67, host: pr-hdds-2257-n2d29-2200651950, networkLocation: /default-rack, certSerialId: null}28b3b2a3-7615-47b5-bcde-5c35fd1f036e{ip: 192.168.151.67, host: pr-hdds-2257-n2d29-2200651950, networkLocation: /default-rack, certSerialId: null}02cbb888-e9d5-4390-8af9-27c0850be5cb{ip: 192.168.151.67, host: pr-hdds-2257-n2d29-2200651950, networkLocation: /default-rack, certSerialId: null}, Type:RATIS, Factor:THREE, State:OPEN]
2019-10-05 00:07:51,111 [IPC Server handler 6 on 38187] INFO  net.NetworkTopology (NetworkTopologyImpl.java:add(111)) - Added a new node: /default-rack/945d3718-c87e-443d-9b3e-97045e4a165a
2019-10-05 00:07:51,111 [IPC Server handler 6 on 38187] INFO  node.SCMNodeManager (SCMNodeManager.java:register(268)) - Registered Data node : 945d3718-c87e-443d-9b3e-97045e4a165a{ip: 192.168.151.67, host: pr-hdds-2257-n2d29-2200651950, networkLocation: /default-rack, certSerialId: null}
2019-10-05 00:07:51,121 [grpc-default-executor-0] INFO  impl.RaftServerProxy (RaftServerProxy.java:addNew(89)) - b0473cc4-d771-4568-bfd9-0483b58a1571: addNew group-1818D1FE0A44:[b0473cc4-d771-4568-bfd9-0483b58a1571:192.168.151.67:33678] returns group-1818D1FE0A44:java.util.concurrent.CompletableFuture@f151fb8[Not completed]
2019-10-05 00:07:51,123 [pool-413-thread-1] INFO  impl.RaftServerImpl (RaftServerImpl.java:<init>(95)) - b0473cc4-d771-4568-bfd9-0483b58a1571: new RaftServerImpl for group-1818D1FE0A44:[b0473cc4-d771-4568-bfd9-0483b58a1571:192.168.151.67:33678] with ContainerStateMachine:uninitialized
2019-10-05 00:07:51,124 [pool-413-thread-1] INFO  server.RaftServerConfigKeys (ConfUtils.java:logGet(43)) - raft.server.rpc.timeout.min = 5s (custom)
2019-10-05 00:07:51,124 [pool-413-thread-1] INFO  server.RaftServerConfigKeys (ConfUtils.java:logGet(43)) - raft.server.rpc.timeout.max = 5200ms (custom)
2019-10-05 00:07:51,124 [pool-413-thread-1] INFO  server.RaftServerConfigKeys (ConfUtils.java:logGet(43)) - raft.server.rpcslowness.timeout = 120s (custom)
2019-10-05 00:07:51,124 [pool-413-thread-1] INFO  server.RaftServerConfigKeys (ConfUtils.java:logGet(43)) - raft.server.sleep.deviation.threshold = 300 (default)
2019-10-05 00:07:51,124 [pool-413-thread-1] INFO  server.RaftServerConfigKeys (ConfUtils.java:logGet(43)) - raft.server.log.appender.install.snapshot.enabled = false (custom)
2019-10-05 00:07:51,124 [pool-413-thread-1] INFO  impl.RaftServerImpl (ServerState.java:<init>(103)) - b0473cc4-d771-4568-bfd9-0483b58a1571@group-1818D1FE0A44: ConfigurationManager, init=-1: [b0473cc4-d771-4568-bfd9-0483b58a1571:192.168.151.67:33678], old=null, confs=<EMPTY_MAP>
2019-10-05 00:07:51,124 [pool-413-thread-1] INFO  server.RaftServerConfigKeys (ConfUtils.java:logGet(43)) - raft.server.storage.dir = [/workdir/hadoop-ozone/integration-test/target/test-dir/MiniOzoneClusterImpl-d03a52b4-984d-439e-b51d-d3ef1d535ed0/datanode-3/data/ratis] (custom)
2019-10-05 00:07:51,124 [pool-413-thread-1] INFO  server.RaftServerConfigKeys (ConfUtils.java:logGet(43)) - raft.server.log.corruption.policy = EXCEPTION (default)
2019-10-05 00:07:51,124 [pool-413-thread-1] INFO  storage.RaftStorageDirectory (RaftStorageDirectory.java:analyzeStorage(246)) - The storage directory /workdir/hadoop-ozone/integration-test/target/test-dir/MiniOzoneClusterImpl-d03a52b4-984d-439e-b51d-d3ef1d535ed0/datanode-3/data/ratis/e2c4472c-9f9c-44cf-97db-1818d1fe0a44 does not exist. Creating ...
2019-10-05 00:07:51,137 [pool-413-thread-1] INFO  storage.RaftStorageDirectory (RaftStorageDirectory.java:tryLock(328)) - Lock on /workdir/hadoop-ozone/integration-test/target/test-dir/MiniOzoneClusterImpl-d03a52b4-984d-439e-b51d-d3ef1d535ed0/datanode-3/data/ratis/e2c4472c-9f9c-44cf-97db-1818d1fe0a44/in_use.lock acquired by nodename 19704@pr-hdds-2257-n2d29-2200651950
2019-10-05 00:07:51,150 [pool-413-thread-1] INFO  storage.RaftStorage (RaftStorage.java:format(84)) - Storage directory /workdir/hadoop-ozone/integration-test/target/test-dir/MiniOzoneClusterImpl-d03a52b4-984d-439e-b51d-d3ef1d535ed0/datanode-3/data/ratis/e2c4472c-9f9c-44cf-97db-1818d1fe0a44 has been successfully formatted.
2019-10-05 00:07:51,150 [pool-413-thread-1] INFO  ratis.ContainerStateMachine (ContainerStateMachine.java:loadSnapshot(230)) - group-1818D1FE0A44: The snapshot info is null. Setting the last applied indexto:(t:0, i:~)
2019-10-05 00:07:51,151 [pool-413-thread-1] INFO  server.RaftServerConfigKeys (ConfUtils.java:logGet(43)) - raft.server.notification.no-leader.timeout = 120s (custom)
2019-10-05 00:07:51,151 [pool-413-thread-1] INFO  server.RaftServerConfigKeys (ConfUtils.java:logGet(43)) - raft.server.log.use.memory = false (default)
2019-10-05 00:07:51,151 [pool-413-thread-1] INFO  server.RaftServerConfigKeys (ConfUtils.java:logGet(43)) - raft.server.log.purge.gap = 1000000 (custom)
2019-10-05 00:07:51,151 [pool-413-thread-1] INFO  server.RaftServerConfigKeys (ConfUtils.java:logGet(43)) - raft.server.log.appender.buffer.byte-limit = 33554432 (custom)
2019-10-05 00:07:51,151 [pool-413-thread-1] INFO  server.RaftServerConfigKeys (ConfUtils.java:logGet(43)) - raft.server.log.segment.size.max = 1048576 (custom)
2019-10-05 00:07:51,152 [pool-413-thread-1] INFO  server.RaftServerConfigKeys (ConfUtils.java:logGet(43)) - raft.server.log.segment.cache.num.max = 2 (custom)
2019-10-05 00:07:51,152 [pool-413-thread-1] INFO  segmented.SegmentedRaftLogWorker (SegmentedRaftLogWorker.java:<init>(173)) - new b0473cc4-d771-4568-bfd9-0483b58a1571@group-1818D1FE0A44-SegmentedRaftLogWorker for RaftStorage:Storage Directory /workdir/hadoop-ozone/integration-test/target/test-dir/MiniOzoneClusterImpl-d03a52b4-984d-439e-b51d-d3ef1d535ed0/datanode-3/data/ratis/e2c4472c-9f9c-44cf-97db-1818d1fe0a44
2019-10-05 00:07:51,152 [pool-413-thread-1] INFO  server.RaftServerConfigKeys (ConfUtils.java:logGet(43)) - raft.server.log.queue.byte-limit = 2147483647 (custom)
2019-10-05 00:07:51,152 [pool-413-thread-1] INFO  server.RaftServerConfigKeys (ConfUtils.java:logGet(43)) - raft.server.log.queue.element-limit = 1024 (custom)
2019-10-05 00:07:51,152 [pool-413-thread-1] INFO  server.RaftServerConfigKeys (ConfUtils.java:logGet(43)) - raft.server.log.segment.size.max = 1048576 (custom)
2019-10-05 00:07:51,152 [pool-413-thread-1] INFO  server.RaftServerConfigKeys (ConfUtils.java:logGet(43)) - raft.server.log.preallocated.size = 16384 (custom)
2019-10-05 00:07:51,152 [pool-413-thread-1] INFO  server.RaftServerConfigKeys (ConfUtils.java:logGet(43)) - raft.server.log.write.buffer.size = 33554432 (custom)
2019-10-05 00:07:51,153 [pool-413-thread-1] INFO  server.RaftServerConfigKeys (ConfUtils.java:logGet(43)) - raft.server.log.force.sync.num = 128 (default)
2019-10-05 00:07:51,153 [pool-413-thread-1] INFO  server.RaftServerConfigKeys (ConfUtils.java:logGet(43)) - raft.server.log.statemachine.data.sync = true (default)
2019-10-05 00:07:51,153 [pool-413-thread-1] INFO  server.RaftServerConfigKeys (ConfUtils.java:logGet(43)) - raft.server.log.statemachine.data.sync.timeout = 10s (default)
2019-10-05 00:07:51,153 [pool-413-thread-1] INFO  server.RaftServerConfigKeys (ConfUtils.java:logGet(43)) - raft.server.log.statemachine.data.sync.timeout.retry = -1 (default)
2019-10-05 00:07:51,153 [pool-413-thread-1] INFO  server.RaftServerConfigKeys (ConfUtils.java:logGet(43)) - raft.server.log.statemachine.data.caching.enabled = true (custom)
2019-10-05 00:07:51,153 [pool-413-thread-1] INFO  segmented.SegmentedRaftLogWorker (SegmentedRaftLogWorker.java:lambda$new$0(128)) - b0473cc4-d771-4568-bfd9-0483b58a1571@group-1818D1FE0A44-SegmentedRaftLogWorker: flushIndex: setUnconditionally 0 -> -1
2019-10-05 00:07:51,153 [pool-413-thread-1] INFO  server.RaftServerConfigKeys (ConfUtils.java:logGet(43)) - raft.server.snapshot.auto.trigger.enabled = true (custom)
2019-10-05 00:07:51,154 [pool-413-thread-1] INFO  server.RaftServerConfigKeys (ConfUtils.java:logGet(43)) - raft.server.snapshot.auto.trigger.threshold = 10000 (custom)
2019-10-05 00:07:51,154 [pool-413-thread-1] INFO  server.RaftServerConfigKeys (ConfUtils.java:logGet(43)) - raft.server.snapshot.retention.file.num = 5 (custom)
2019-10-05 00:07:51,154 [pool-413-thread-1] INFO  server.RaftServerConfigKeys (ConfUtils.java:logGet(43)) - raft.server.retrycache.expirytime = 600000ms (custom)
2019-10-05 00:07:51,155 [pool-413-thread-1] INFO  impl.RaftServerImpl (RaftServerImpl.java:start(181)) - b0473cc4-d771-4568-bfd9-0483b58a1571@group-1818D1FE0A44: start as a follower, conf=-1: [b0473cc4-d771-4568-bfd9-0483b58a1571:192.168.151.67:33678], old=null
2019-10-05 00:07:51,155 [pool-413-thread-1] INFO  impl.RaftServerImpl (RaftServerImpl.java:setRole(170)) - b0473cc4-d771-4568-bfd9-0483b58a1571@group-1818D1FE0A44: changes role from      null to FOLLOWER at term 0 for startAsFollower
2019-10-05 00:07:51,155 [pool-413-thread-1] INFO  impl.RoleInfo (RoleInfo.java:updateAndGet(143)) - b0473cc4-d771-4568-bfd9-0483b58a1571: start FollowerState
2019-10-05 00:07:51,155 [pool-413-thread-1] INFO  util.JmxRegister (JmxRegister.java:tryRegister(44)) - Successfully registered JMX Bean with object name Ratis:service=RaftServer,group=group-1818D1FE0A44,id=b0473cc4-d771-4568-bfd9-0483b58a1571
2019-10-05 00:07:51,162 [RatisPipelineUtilsThread] INFO  pipeline.PipelineStateManager (PipelineStateManager.java:addPipeline(56)) - Created pipeline Pipeline[ Id: e2c4472c-9f9c-44cf-97db-1818d1fe0a44, Nodes: b0473cc4-d771-4568-bfd9-0483b58a1571{ip: 192.168.151.67, host: pr-hdds-2257-n2d29-2200651950, networkLocation: /default-rack, certSerialId: null}, Type:RATIS, Factor:ONE, State:OPEN]
2019-10-05 00:07:51,170 [grpc-default-executor-0] INFO  impl.RaftServerProxy (RaftServerProxy.java:addNew(89)) - 945d3718-c87e-443d-9b3e-97045e4a165a: addNew group-211D6EF39D41:[945d3718-c87e-443d-9b3e-97045e4a165a:192.168.151.67:43548] returns group-211D6EF39D41:java.util.concurrent.CompletableFuture@5c4b433c[Not completed]
2019-10-05 00:07:51,171 [pool-423-thread-1] INFO  impl.RaftServerImpl (RaftServerImpl.java:<init>(95)) - 945d3718-c87e-443d-9b3e-97045e4a165a: new RaftServerImpl for group-211D6EF39D41:[945d3718-c87e-443d-9b3e-97045e4a165a:192.168.151.67:43548] with ContainerStateMachine:uninitialized
2019-10-05 00:07:51,171 [pool-423-thread-1] INFO  server.RaftServerConfigKeys (ConfUtils.java:logGet(43)) - raft.server.rpc.timeout.min = 5s (custom)
2019-10-05 00:07:51,171 [pool-423-thread-1] INFO  server.RaftServerConfigKeys (ConfUtils.java:logGet(43)) - raft.server.rpc.timeout.max = 5200ms (custom)
2019-10-05 00:07:51,171 [pool-423-thread-1] INFO  server.RaftServerConfigKeys (ConfUtils.java:logGet(43)) - raft.server.rpcslowness.timeout = 120s (custom)
2019-10-05 00:07:51,171 [pool-423-thread-1] INFO  server.RaftServerConfigKeys (ConfUtils.java:logGet(43)) - raft.server.sleep.deviation.threshold = 300 (default)
2019-10-05 00:07:51,171 [pool-423-thread-1] INFO  server.RaftServerConfigKeys (ConfUtils.java:logGet(43)) - raft.server.log.appender.install.snapshot.enabled = false (custom)
2019-10-05 00:07:51,171 [pool-423-thread-1] INFO  impl.RaftServerImpl (ServerState.java:<init>(103)) - 945d3718-c87e-443d-9b3e-97045e4a165a@group-211D6EF39D41: ConfigurationManager, init=-1: [945d3718-c87e-443d-9b3e-97045e4a165a:192.168.151.67:43548], old=null, confs=<EMPTY_MAP>
2019-10-05 00:07:51,172 [pool-423-thread-1] INFO  server.RaftServerConfigKeys (ConfUtils.java:logGet(43)) - raft.server.storage.dir = [/workdir/hadoop-ozone/integration-test/target/test-dir/MiniOzoneClusterImpl-d03a52b4-984d-439e-b51d-d3ef1d535ed0/datanode-4/data/ratis] (custom)
2019-10-05 00:07:51,172 [pool-423-thread-1] INFO  server.RaftServerConfigKeys (ConfUtils.java:logGet(43)) - raft.server.log.corruption.policy = EXCEPTION (default)
2019-10-05 00:07:51,172 [pool-423-thread-1] INFO  storage.RaftStorageDirectory (RaftStorageDirectory.java:analyzeStorage(246)) - The storage directory /workdir/hadoop-ozone/integration-test/target/test-dir/MiniOzoneClusterImpl-d03a52b4-984d-439e-b51d-d3ef1d535ed0/datanode-4/data/ratis/e14552a0-88c9-4b4d-b86b-211d6ef39d41 does not exist. Creating ...
2019-10-05 00:07:51,172 [IPC Server handler 1 on 38187] INFO  net.NetworkTopology (NetworkTopologyImpl.java:add(111)) - Added a new node: /default-rack/10d62654-88ed-40b9-8f86-c8f1bea16ab4
2019-10-05 00:07:51,173 [IPC Server handler 1 on 38187] INFO  node.SCMNodeManager (SCMNodeManager.java:register(268)) - Registered Data node : 10d62654-88ed-40b9-8f86-c8f1bea16ab4{ip: 192.168.151.67, host: pr-hdds-2257-n2d29-2200651950, networkLocation: /default-rack, certSerialId: null}
2019-10-05 00:07:51,186 [pool-423-thread-1] INFO  storage.RaftStorageDirectory (RaftStorageDirectory.java:tryLock(328)) - Lock on /workdir/hadoop-ozone/integration-test/target/test-dir/MiniOzoneClusterImpl-d03a52b4-984d-439e-b51d-d3ef1d535ed0/datanode-4/data/ratis/e14552a0-88c9-4b4d-b86b-211d6ef39d41/in_use.lock acquired by nodename 19704@pr-hdds-2257-n2d29-2200651950
2019-10-05 00:07:51,199 [pool-423-thread-1] INFO  storage.RaftStorage (RaftStorage.java:format(84)) - Storage directory /workdir/hadoop-ozone/integration-test/target/test-dir/MiniOzoneClusterImpl-d03a52b4-984d-439e-b51d-d3ef1d535ed0/datanode-4/data/ratis/e14552a0-88c9-4b4d-b86b-211d6ef39d41 has been successfully formatted.
2019-10-05 00:07:51,199 [pool-423-thread-1] INFO  ratis.ContainerStateMachine (ContainerStateMachine.java:loadSnapshot(230)) - group-211D6EF39D41: The snapshot info is null. Setting the last applied indexto:(t:0, i:~)
2019-10-05 00:07:51,199 [pool-423-thread-1] INFO  server.RaftServerConfigKeys (ConfUtils.java:logGet(43)) - raft.server.notification.no-leader.timeout = 120s (custom)
2019-10-05 00:07:51,200 [pool-423-thread-1] INFO  server.RaftServerConfigKeys (ConfUtils.java:logGet(43)) - raft.server.log.use.memory = false (default)
2019-10-05 00:07:51,200 [pool-423-thread-1] INFO  server.RaftServerConfigKeys (ConfUtils.java:logGet(43)) - raft.server.log.purge.gap = 1000000 (custom)
2019-10-05 00:07:51,200 [pool-423-thread-1] INFO  server.RaftServerConfigKeys (ConfUtils.java:logGet(43)) - raft.server.log.appender.buffer.byte-limit = 33554432 (custom)
2019-10-05 00:07:51,200 [pool-423-thread-1] INFO  server.RaftServerConfigKeys (ConfUtils.java:logGet(43)) - raft.server.log.segment.size.max = 1048576 (custom)
2019-10-05 00:07:51,202 [pool-423-thread-1] INFO  server.RaftServerConfigKeys (ConfUtils.java:logGet(43)) - raft.server.log.segment.cache.num.max = 2 (custom)
2019-10-05 00:07:51,202 [pool-423-thread-1] INFO  segmented.SegmentedRaftLogWorker (SegmentedRaftLogWorker.java:<init>(173)) - new 945d3718-c87e-443d-9b3e-97045e4a165a@group-211D6EF39D41-SegmentedRaftLogWorker for RaftStorage:Storage Directory /workdir/hadoop-ozone/integration-test/target/test-dir/MiniOzoneClusterImpl-d03a52b4-984d-439e-b51d-d3ef1d535ed0/datanode-4/data/ratis/e14552a0-88c9-4b4d-b86b-211d6ef39d41
2019-10-05 00:07:51,202 [pool-423-thread-1] INFO  server.RaftServerConfigKeys (ConfUtils.java:logGet(43)) - raft.server.log.queue.byte-limit = 2147483647 (custom)
2019-10-05 00:07:51,202 [pool-423-thread-1] INFO  server.RaftServerConfigKeys (ConfUtils.java:logGet(43)) - raft.server.log.queue.element-limit = 1024 (custom)
2019-10-05 00:07:51,202 [pool-423-thread-1] INFO  server.RaftServerConfigKeys (ConfUtils.java:logGet(43)) - raft.server.log.segment.size.max = 1048576 (custom)
2019-10-05 00:07:51,202 [pool-423-thread-1] INFO  server.RaftServerConfigKeys (ConfUtils.java:logGet(43)) - raft.server.log.preallocated.size = 16384 (custom)
2019-10-05 00:07:51,203 [pool-423-thread-1] INFO  server.RaftServerConfigKeys (ConfUtils.java:logGet(43)) - raft.server.log.write.buffer.size = 33554432 (custom)
2019-10-05 00:07:51,203 [pool-423-thread-1] INFO  server.RaftServerConfigKeys (ConfUtils.java:logGet(43)) - raft.server.log.force.sync.num = 128 (default)
2019-10-05 00:07:51,203 [pool-423-thread-1] INFO  server.RaftServerConfigKeys (ConfUtils.java:logGet(43)) - raft.server.log.statemachine.data.sync = true (default)
2019-10-05 00:07:51,203 [pool-423-thread-1] INFO  server.RaftServerConfigKeys (ConfUtils.java:logGet(43)) - raft.server.log.statemachine.data.sync.timeout = 10s (default)
2019-10-05 00:07:51,203 [pool-423-thread-1] INFO  server.RaftServerConfigKeys (ConfUtils.java:logGet(43)) - raft.server.log.statemachine.data.sync.timeout.retry = -1 (default)
2019-10-05 00:07:51,204 [pool-423-thread-1] INFO  server.RaftServerConfigKeys (ConfUtils.java:logGet(43)) - raft.server.log.statemachine.data.caching.enabled = true (custom)
2019-10-05 00:07:51,204 [pool-423-thread-1] INFO  segmented.SegmentedRaftLogWorker (SegmentedRaftLogWorker.java:lambda$new$0(128)) - 945d3718-c87e-443d-9b3e-97045e4a165a@group-211D6EF39D41-SegmentedRaftLogWorker: flushIndex: setUnconditionally 0 -> -1
2019-10-05 00:07:51,204 [pool-423-thread-1] INFO  server.RaftServerConfigKeys (ConfUtils.java:logGet(43)) - raft.server.snapshot.auto.trigger.enabled = true (custom)
2019-10-05 00:07:51,204 [pool-423-thread-1] INFO  server.RaftServerConfigKeys (ConfUtils.java:logGet(43)) - raft.server.snapshot.auto.trigger.threshold = 10000 (custom)
2019-10-05 00:07:51,204 [pool-423-thread-1] INFO  server.RaftServerConfigKeys (ConfUtils.java:logGet(43)) - raft.server.snapshot.retention.file.num = 5 (custom)
2019-10-05 00:07:51,205 [pool-423-thread-1] INFO  server.RaftServerConfigKeys (ConfUtils.java:logGet(43)) - raft.server.retrycache.expirytime = 600000ms (custom)
2019-10-05 00:07:51,206 [pool-423-thread-1] INFO  impl.RaftServerImpl (RaftServerImpl.java:start(181)) - 945d3718-c87e-443d-9b3e-97045e4a165a@group-211D6EF39D41: start as a follower, conf=-1: [945d3718-c87e-443d-9b3e-97045e4a165a:192.168.151.67:43548], old=null
2019-10-05 00:07:51,206 [pool-423-thread-1] INFO  impl.RaftServerImpl (RaftServerImpl.java:setRole(170)) - 945d3718-c87e-443d-9b3e-97045e4a165a@group-211D6EF39D41: changes role from      null to FOLLOWER at term 0 for startAsFollower
2019-10-05 00:07:51,206 [pool-423-thread-1] INFO  impl.RoleInfo (RoleInfo.java:updateAndGet(143)) - 945d3718-c87e-443d-9b3e-97045e4a165a: start FollowerState
2019-10-05 00:07:51,207 [pool-423-thread-1] INFO  util.JmxRegister (JmxRegister.java:tryRegister(44)) - Successfully registered JMX Bean with object name Ratis:service=RaftServer,group=group-211D6EF39D41,id=945d3718-c87e-443d-9b3e-97045e4a165a
2019-10-05 00:07:51,213 [RatisPipelineUtilsThread] INFO  pipeline.PipelineStateManager (PipelineStateManager.java:addPipeline(56)) - Created pipeline Pipeline[ Id: e14552a0-88c9-4b4d-b86b-211d6ef39d41, Nodes: 945d3718-c87e-443d-9b3e-97045e4a165a{ip: 192.168.151.67, host: pr-hdds-2257-n2d29-2200651950, networkLocation: /default-rack, certSerialId: null}, Type:RATIS, Factor:ONE, State:OPEN]
2019-10-05 00:07:51,219 [grpc-default-executor-0] INFO  impl.RaftServerProxy (RaftServerProxy.java:addNew(89)) - 10d62654-88ed-40b9-8f86-c8f1bea16ab4: addNew group-E299B8F4E7F5:[10d62654-88ed-40b9-8f86-c8f1bea16ab4:192.168.151.67:40914] returns group-E299B8F4E7F5:java.util.concurrent.CompletableFuture@1f96bb7f[Not completed]
2019-10-05 00:07:51,220 [pool-433-thread-1] INFO  impl.RaftServerImpl (RaftServerImpl.java:<init>(95)) - 10d62654-88ed-40b9-8f86-c8f1bea16ab4: new RaftServerImpl for group-E299B8F4E7F5:[10d62654-88ed-40b9-8f86-c8f1bea16ab4:192.168.151.67:40914] with ContainerStateMachine:uninitialized
2019-10-05 00:07:51,221 [pool-433-thread-1] INFO  server.RaftServerConfigKeys (ConfUtils.java:logGet(43)) - raft.server.rpc.timeout.min = 5s (custom)
2019-10-05 00:07:51,221 [pool-433-thread-1] INFO  server.RaftServerConfigKeys (ConfUtils.java:logGet(43)) - raft.server.rpc.timeout.max = 5200ms (custom)
2019-10-05 00:07:51,221 [pool-433-thread-1] INFO  server.RaftServerConfigKeys (ConfUtils.java:logGet(43)) - raft.server.rpcslowness.timeout = 120s (custom)
2019-10-05 00:07:51,221 [pool-433-thread-1] INFO  server.RaftServerConfigKeys (ConfUtils.java:logGet(43)) - raft.server.sleep.deviation.threshold = 300 (default)
2019-10-05 00:07:51,221 [pool-433-thread-1] INFO  server.RaftServerConfigKeys (ConfUtils.java:logGet(43)) - raft.server.log.appender.install.snapshot.enabled = false (custom)
2019-10-05 00:07:51,221 [pool-433-thread-1] INFO  impl.RaftServerImpl (ServerState.java:<init>(103)) - 10d62654-88ed-40b9-8f86-c8f1bea16ab4@group-E299B8F4E7F5: ConfigurationManager, init=-1: [10d62654-88ed-40b9-8f86-c8f1bea16ab4:192.168.151.67:40914], old=null, confs=<EMPTY_MAP>
2019-10-05 00:07:51,221 [pool-433-thread-1] INFO  server.RaftServerConfigKeys (ConfUtils.java:logGet(43)) - raft.server.storage.dir = [/workdir/hadoop-ozone/integration-test/target/test-dir/MiniOzoneClusterImpl-d03a52b4-984d-439e-b51d-d3ef1d535ed0/datanode-5/data/ratis] (custom)
2019-10-05 00:07:51,221 [pool-433-thread-1] INFO  server.RaftServerConfigKeys (ConfUtils.java:logGet(43)) - raft.server.log.corruption.policy = EXCEPTION (default)
2019-10-05 00:07:51,222 [pool-433-thread-1] INFO  storage.RaftStorageDirectory (RaftStorageDirectory.java:analyzeStorage(246)) - The storage directory /workdir/hadoop-ozone/integration-test/target/test-dir/MiniOzoneClusterImpl-d03a52b4-984d-439e-b51d-d3ef1d535ed0/datanode-5/data/ratis/86c78eac-06e9-41df-b085-e299b8f4e7f5 does not exist. Creating ...
2019-10-05 00:07:51,234 [pool-433-thread-1] INFO  storage.RaftStorageDirectory (RaftStorageDirectory.java:tryLock(328)) - Lock on /workdir/hadoop-ozone/integration-test/target/test-dir/MiniOzoneClusterImpl-d03a52b4-984d-439e-b51d-d3ef1d535ed0/datanode-5/data/ratis/86c78eac-06e9-41df-b085-e299b8f4e7f5/in_use.lock acquired by nodename 19704@pr-hdds-2257-n2d29-2200651950
2019-10-05 00:07:51,246 [pool-433-thread-1] INFO  storage.RaftStorage (RaftStorage.java:format(84)) - Storage directory /workdir/hadoop-ozone/integration-test/target/test-dir/MiniOzoneClusterImpl-d03a52b4-984d-439e-b51d-d3ef1d535ed0/datanode-5/data/ratis/86c78eac-06e9-41df-b085-e299b8f4e7f5 has been successfully formatted.
2019-10-05 00:07:51,246 [pool-433-thread-1] INFO  ratis.ContainerStateMachine (ContainerStateMachine.java:loadSnapshot(230)) - group-E299B8F4E7F5: The snapshot info is null. Setting the last applied indexto:(t:0, i:~)
2019-10-05 00:07:51,246 [pool-433-thread-1] INFO  server.RaftServerConfigKeys (ConfUtils.java:logGet(43)) - raft.server.notification.no-leader.timeout = 120s (custom)
2019-10-05 00:07:51,246 [pool-433-thread-1] INFO  server.RaftServerConfigKeys (ConfUtils.java:logGet(43)) - raft.server.log.use.memory = false (default)
2019-10-05 00:07:51,247 [pool-433-thread-1] INFO  server.RaftServerConfigKeys (ConfUtils.java:logGet(43)) - raft.server.log.purge.gap = 1000000 (custom)
2019-10-05 00:07:51,247 [pool-433-thread-1] INFO  server.RaftServerConfigKeys (ConfUtils.java:logGet(43)) - raft.server.log.appender.buffer.byte-limit = 33554432 (custom)
2019-10-05 00:07:51,247 [pool-433-thread-1] INFO  server.RaftServerConfigKeys (ConfUtils.java:logGet(43)) - raft.server.log.segment.size.max = 1048576 (custom)
2019-10-05 00:07:51,248 [pool-433-thread-1] INFO  server.RaftServerConfigKeys (ConfUtils.java:logGet(43)) - raft.server.log.segment.cache.num.max = 2 (custom)
2019-10-05 00:07:51,248 [pool-433-thread-1] INFO  segmented.SegmentedRaftLogWorker (SegmentedRaftLogWorker.java:<init>(173)) - new 10d62654-88ed-40b9-8f86-c8f1bea16ab4@group-E299B8F4E7F5-SegmentedRaftLogWorker for RaftStorage:Storage Directory /workdir/hadoop-ozone/integration-test/target/test-dir/MiniOzoneClusterImpl-d03a52b4-984d-439e-b51d-d3ef1d535ed0/datanode-5/data/ratis/86c78eac-06e9-41df-b085-e299b8f4e7f5
2019-10-05 00:07:51,249 [pool-433-thread-1] INFO  server.RaftServerConfigKeys (ConfUtils.java:logGet(43)) - raft.server.log.queue.byte-limit = 2147483647 (custom)
2019-10-05 00:07:51,249 [pool-433-thread-1] INFO  server.RaftServerConfigKeys (ConfUtils.java:logGet(43)) - raft.server.log.queue.element-limit = 1024 (custom)
2019-10-05 00:07:51,249 [pool-433-thread-1] INFO  server.RaftServerConfigKeys (ConfUtils.java:logGet(43)) - raft.server.log.segment.size.max = 1048576 (custom)
2019-10-05 00:07:51,249 [pool-433-thread-1] INFO  server.RaftServerConfigKeys (ConfUtils.java:logGet(43)) - raft.server.log.preallocated.size = 16384 (custom)
2019-10-05 00:07:51,249 [pool-433-thread-1] INFO  server.RaftServerConfigKeys (ConfUtils.java:logGet(43)) - raft.server.log.write.buffer.size = 33554432 (custom)
2019-10-05 00:07:51,249 [pool-433-thread-1] INFO  server.RaftServerConfigKeys (ConfUtils.java:logGet(43)) - raft.server.log.force.sync.num = 128 (default)
2019-10-05 00:07:51,249 [pool-433-thread-1] INFO  server.RaftServerConfigKeys (ConfUtils.java:logGet(43)) - raft.server.log.statemachine.data.sync = true (default)
2019-10-05 00:07:51,249 [pool-433-thread-1] INFO  server.RaftServerConfigKeys (ConfUtils.java:logGet(43)) - raft.server.log.statemachine.data.sync.timeout = 10s (default)
2019-10-05 00:07:51,249 [pool-433-thread-1] INFO  server.RaftServerConfigKeys (ConfUtils.java:logGet(43)) - raft.server.log.statemachine.data.sync.timeout.retry = -1 (default)
2019-10-05 00:07:51,250 [pool-433-thread-1] INFO  server.RaftServerConfigKeys (ConfUtils.java:logGet(43)) - raft.server.log.statemachine.data.caching.enabled = true (custom)
2019-10-05 00:07:51,250 [pool-433-thread-1] INFO  segmented.SegmentedRaftLogWorker (SegmentedRaftLogWorker.java:lambda$new$0(128)) - 10d62654-88ed-40b9-8f86-c8f1bea16ab4@group-E299B8F4E7F5-SegmentedRaftLogWorker: flushIndex: setUnconditionally 0 -> -1
2019-10-05 00:07:51,250 [pool-433-thread-1] INFO  server.RaftServerConfigKeys (ConfUtils.java:logGet(43)) - raft.server.snapshot.auto.trigger.enabled = true (custom)
2019-10-05 00:07:51,250 [pool-433-thread-1] INFO  server.RaftServerConfigKeys (ConfUtils.java:logGet(43)) - raft.server.snapshot.auto.trigger.threshold = 10000 (custom)
2019-10-05 00:07:51,250 [pool-433-thread-1] INFO  server.RaftServerConfigKeys (ConfUtils.java:logGet(43)) - raft.server.snapshot.retention.file.num = 5 (custom)
2019-10-05 00:07:51,250 [pool-433-thread-1] INFO  server.RaftServerConfigKeys (ConfUtils.java:logGet(43)) - raft.server.retrycache.expirytime = 600000ms (custom)
2019-10-05 00:07:51,252 [pool-433-thread-1] INFO  impl.RaftServerImpl (RaftServerImpl.java:start(181)) - 10d62654-88ed-40b9-8f86-c8f1bea16ab4@group-E299B8F4E7F5: start as a follower, conf=-1: [10d62654-88ed-40b9-8f86-c8f1bea16ab4:192.168.151.67:40914], old=null
2019-10-05 00:07:51,252 [pool-433-thread-1] INFO  impl.RaftServerImpl (RaftServerImpl.java:setRole(170)) - 10d62654-88ed-40b9-8f86-c8f1bea16ab4@group-E299B8F4E7F5: changes role from      null to FOLLOWER at term 0 for startAsFollower
2019-10-05 00:07:51,252 [pool-433-thread-1] INFO  impl.RoleInfo (RoleInfo.java:updateAndGet(143)) - 10d62654-88ed-40b9-8f86-c8f1bea16ab4: start FollowerState
2019-10-05 00:07:51,252 [pool-433-thread-1] INFO  util.JmxRegister (JmxRegister.java:tryRegister(44)) - Successfully registered JMX Bean with object name Ratis:service=RaftServer,group=group-E299B8F4E7F5,id=10d62654-88ed-40b9-8f86-c8f1bea16ab4
2019-10-05 00:07:51,252 [main] INFO  ozone.MiniOzoneClusterImpl (MiniOzoneClusterImpl.java:lambda$waitForClusterToBeReady$0(147)) - Waiting for cluster to be ready. Got 6 of 7 DN Heartbeats.
2019-10-05 00:07:51,253 [IPC Server handler 7 on 38187] INFO  net.NetworkTopology (NetworkTopologyImpl.java:add(111)) - Added a new node: /default-rack/654e5534-a07a-41bd-b563-56ff57221b3f
2019-10-05 00:07:51,253 [IPC Server handler 7 on 38187] INFO  node.SCMNodeManager (SCMNodeManager.java:register(268)) - Registered Data node : 654e5534-a07a-41bd-b563-56ff57221b3f{ip: 192.168.151.67, host: pr-hdds-2257-n2d29-2200651950, networkLocation: /default-rack, certSerialId: null}
2019-10-05 00:07:51,258 [RatisPipelineUtilsThread] INFO  pipeline.PipelineStateManager (PipelineStateManager.java:addPipeline(56)) - Created pipeline Pipeline[ Id: 86c78eac-06e9-41df-b085-e299b8f4e7f5, Nodes: 10d62654-88ed-40b9-8f86-c8f1bea16ab4{ip: 192.168.151.67, host: pr-hdds-2257-n2d29-2200651950, networkLocation: /default-rack, certSerialId: null}, Type:RATIS, Factor:ONE, State:OPEN]
2019-10-05 00:07:51,266 [grpc-default-executor-0] INFO  impl.RaftServerProxy (RaftServerProxy.java:addNew(89)) - 654e5534-a07a-41bd-b563-56ff57221b3f: addNew group-051AF1F15EF6:[654e5534-a07a-41bd-b563-56ff57221b3f:192.168.151.67:40808] returns group-051AF1F15EF6:java.util.concurrent.CompletableFuture@50d58c6c[Not completed]
2019-10-05 00:07:51,267 [pool-443-thread-1] INFO  impl.RaftServerImpl (RaftServerImpl.java:<init>(95)) - 654e5534-a07a-41bd-b563-56ff57221b3f: new RaftServerImpl for group-051AF1F15EF6:[654e5534-a07a-41bd-b563-56ff57221b3f:192.168.151.67:40808] with ContainerStateMachine:uninitialized
2019-10-05 00:07:51,267 [pool-443-thread-1] INFO  server.RaftServerConfigKeys (ConfUtils.java:logGet(43)) - raft.server.rpc.timeout.min = 5s (custom)
2019-10-05 00:07:51,268 [pool-443-thread-1] INFO  server.RaftServerConfigKeys (ConfUtils.java:logGet(43)) - raft.server.rpc.timeout.max = 5200ms (custom)
2019-10-05 00:07:51,268 [pool-443-thread-1] INFO  server.RaftServerConfigKeys (ConfUtils.java:logGet(43)) - raft.server.rpcslowness.timeout = 120s (custom)
2019-10-05 00:07:51,268 [pool-443-thread-1] INFO  server.RaftServerConfigKeys (ConfUtils.java:logGet(43)) - raft.server.sleep.deviation.threshold = 300 (default)
2019-10-05 00:07:51,268 [pool-443-thread-1] INFO  server.RaftServerConfigKeys (ConfUtils.java:logGet(43)) - raft.server.log.appender.install.snapshot.enabled = false (custom)
2019-10-05 00:07:51,268 [pool-443-thread-1] INFO  impl.RaftServerImpl (ServerState.java:<init>(103)) - 654e5534-a07a-41bd-b563-56ff57221b3f@group-051AF1F15EF6: ConfigurationManager, init=-1: [654e5534-a07a-41bd-b563-56ff57221b3f:192.168.151.67:40808], old=null, confs=<EMPTY_MAP>
2019-10-05 00:07:51,268 [pool-443-thread-1] INFO  server.RaftServerConfigKeys (ConfUtils.java:logGet(43)) - raft.server.storage.dir = [/workdir/hadoop-ozone/integration-test/target/test-dir/MiniOzoneClusterImpl-d03a52b4-984d-439e-b51d-d3ef1d535ed0/datanode-6/data/ratis] (custom)
2019-10-05 00:07:51,269 [pool-443-thread-1] INFO  server.RaftServerConfigKeys (ConfUtils.java:logGet(43)) - raft.server.log.corruption.policy = EXCEPTION (default)
2019-10-05 00:07:51,269 [pool-443-thread-1] INFO  storage.RaftStorageDirectory (RaftStorageDirectory.java:analyzeStorage(246)) - The storage directory /workdir/hadoop-ozone/integration-test/target/test-dir/MiniOzoneClusterImpl-d03a52b4-984d-439e-b51d-d3ef1d535ed0/datanode-6/data/ratis/8491de6d-3324-4177-983b-051af1f15ef6 does not exist. Creating ...
2019-10-05 00:07:51,294 [pool-443-thread-1] INFO  storage.RaftStorageDirectory (RaftStorageDirectory.java:tryLock(328)) - Lock on /workdir/hadoop-ozone/integration-test/target/test-dir/MiniOzoneClusterImpl-d03a52b4-984d-439e-b51d-d3ef1d535ed0/datanode-6/data/ratis/8491de6d-3324-4177-983b-051af1f15ef6/in_use.lock acquired by nodename 19704@pr-hdds-2257-n2d29-2200651950
2019-10-05 00:07:51,308 [pool-443-thread-1] INFO  storage.RaftStorage (RaftStorage.java:format(84)) - Storage directory /workdir/hadoop-ozone/integration-test/target/test-dir/MiniOzoneClusterImpl-d03a52b4-984d-439e-b51d-d3ef1d535ed0/datanode-6/data/ratis/8491de6d-3324-4177-983b-051af1f15ef6 has been successfully formatted.
2019-10-05 00:07:51,309 [pool-443-thread-1] INFO  ratis.ContainerStateMachine (ContainerStateMachine.java:loadSnapshot(230)) - group-051AF1F15EF6: The snapshot info is null. Setting the last applied indexto:(t:0, i:~)
2019-10-05 00:07:51,309 [pool-443-thread-1] INFO  server.RaftServerConfigKeys (ConfUtils.java:logGet(43)) - raft.server.notification.no-leader.timeout = 120s (custom)
2019-10-05 00:07:51,309 [pool-443-thread-1] INFO  server.RaftServerConfigKeys (ConfUtils.java:logGet(43)) - raft.server.log.use.memory = false (default)
2019-10-05 00:07:51,309 [pool-443-thread-1] INFO  server.RaftServerConfigKeys (ConfUtils.java:logGet(43)) - raft.server.log.purge.gap = 1000000 (custom)
2019-10-05 00:07:51,309 [pool-443-thread-1] INFO  server.RaftServerConfigKeys (ConfUtils.java:logGet(43)) - raft.server.log.appender.buffer.byte-limit = 33554432 (custom)
2019-10-05 00:07:51,310 [pool-443-thread-1] INFO  server.RaftServerConfigKeys (ConfUtils.java:logGet(43)) - raft.server.log.segment.size.max = 1048576 (custom)
2019-10-05 00:07:51,312 [pool-443-thread-1] INFO  server.RaftServerConfigKeys (ConfUtils.java:logGet(43)) - raft.server.log.segment.cache.num.max = 2 (custom)
2019-10-05 00:07:51,312 [pool-443-thread-1] INFO  segmented.SegmentedRaftLogWorker (SegmentedRaftLogWorker.java:<init>(173)) - new 654e5534-a07a-41bd-b563-56ff57221b3f@group-051AF1F15EF6-SegmentedRaftLogWorker for RaftStorage:Storage Directory /workdir/hadoop-ozone/integration-test/target/test-dir/MiniOzoneClusterImpl-d03a52b4-984d-439e-b51d-d3ef1d535ed0/datanode-6/data/ratis/8491de6d-3324-4177-983b-051af1f15ef6
2019-10-05 00:07:51,312 [pool-443-thread-1] INFO  server.RaftServerConfigKeys (ConfUtils.java:logGet(43)) - raft.server.log.queue.byte-limit = 2147483647 (custom)
2019-10-05 00:07:51,312 [pool-443-thread-1] INFO  server.RaftServerConfigKeys (ConfUtils.java:logGet(43)) - raft.server.log.queue.element-limit = 1024 (custom)
2019-10-05 00:07:51,313 [pool-443-thread-1] INFO  server.RaftServerConfigKeys (ConfUtils.java:logGet(43)) - raft.server.log.segment.size.max = 1048576 (custom)
2019-10-05 00:07:51,313 [pool-443-thread-1] INFO  server.RaftServerConfigKeys (ConfUtils.java:logGet(43)) - raft.server.log.preallocated.size = 16384 (custom)
2019-10-05 00:07:51,313 [pool-443-thread-1] INFO  server.RaftServerConfigKeys (ConfUtils.java:logGet(43)) - raft.server.log.write.buffer.size = 33554432 (custom)
2019-10-05 00:07:51,313 [pool-443-thread-1] INFO  server.RaftServerConfigKeys (ConfUtils.java:logGet(43)) - raft.server.log.force.sync.num = 128 (default)
2019-10-05 00:07:51,313 [pool-443-thread-1] INFO  server.RaftServerConfigKeys (ConfUtils.java:logGet(43)) - raft.server.log.statemachine.data.sync = true (default)
2019-10-05 00:07:51,313 [pool-443-thread-1] INFO  server.RaftServerConfigKeys (ConfUtils.java:logGet(43)) - raft.server.log.statemachine.data.sync.timeout = 10s (default)
2019-10-05 00:07:51,313 [pool-443-thread-1] INFO  server.RaftServerConfigKeys (ConfUtils.java:logGet(43)) - raft.server.log.statemachine.data.sync.timeout.retry = -1 (default)
2019-10-05 00:07:51,314 [pool-443-thread-1] INFO  server.RaftServerConfigKeys (ConfUtils.java:logGet(43)) - raft.server.log.statemachine.data.caching.enabled = true (custom)
2019-10-05 00:07:51,314 [pool-443-thread-1] INFO  segmented.SegmentedRaftLogWorker (SegmentedRaftLogWorker.java:lambda$new$0(128)) - 654e5534-a07a-41bd-b563-56ff57221b3f@group-051AF1F15EF6-SegmentedRaftLogWorker: flushIndex: setUnconditionally 0 -> -1
2019-10-05 00:07:51,315 [pool-443-thread-1] INFO  server.RaftServerConfigKeys (ConfUtils.java:logGet(43)) - raft.server.snapshot.auto.trigger.enabled = true (custom)
2019-10-05 00:07:51,315 [pool-443-thread-1] INFO  server.RaftServerConfigKeys (ConfUtils.java:logGet(43)) - raft.server.snapshot.auto.trigger.threshold = 10000 (custom)
2019-10-05 00:07:51,315 [pool-443-thread-1] INFO  server.RaftServerConfigKeys (ConfUtils.java:logGet(43)) - raft.server.snapshot.retention.file.num = 5 (custom)
2019-10-05 00:07:51,315 [pool-443-thread-1] INFO  server.RaftServerConfigKeys (ConfUtils.java:logGet(43)) - raft.server.retrycache.expirytime = 600000ms (custom)
2019-10-05 00:07:51,317 [pool-443-thread-1] INFO  impl.RaftServerImpl (RaftServerImpl.java:start(181)) - 654e5534-a07a-41bd-b563-56ff57221b3f@group-051AF1F15EF6: start as a follower, conf=-1: [654e5534-a07a-41bd-b563-56ff57221b3f:192.168.151.67:40808], old=null
2019-10-05 00:07:51,317 [pool-443-thread-1] INFO  impl.RaftServerImpl (RaftServerImpl.java:setRole(170)) - 654e5534-a07a-41bd-b563-56ff57221b3f@group-051AF1F15EF6: changes role from      null to FOLLOWER at term 0 for startAsFollower
2019-10-05 00:07:51,317 [pool-443-thread-1] INFO  impl.RoleInfo (RoleInfo.java:updateAndGet(143)) - 654e5534-a07a-41bd-b563-56ff57221b3f: start FollowerState
2019-10-05 00:07:51,318 [pool-443-thread-1] INFO  util.JmxRegister (JmxRegister.java:tryRegister(44)) - Successfully registered JMX Bean with object name Ratis:service=RaftServer,group=group-051AF1F15EF6,id=654e5534-a07a-41bd-b563-56ff57221b3f
2019-10-05 00:07:51,324 [RatisPipelineUtilsThread] INFO  pipeline.PipelineStateManager (PipelineStateManager.java:addPipeline(56)) - Created pipeline Pipeline[ Id: 8491de6d-3324-4177-983b-051af1f15ef6, Nodes: 654e5534-a07a-41bd-b563-56ff57221b3f{ip: 192.168.151.67, host: pr-hdds-2257-n2d29-2200651950, networkLocation: /default-rack, certSerialId: null}, Type:RATIS, Factor:ONE, State:OPEN]
2019-10-05 00:07:51,334 [grpc-default-executor-0] INFO  impl.RaftServerProxy (RaftServerProxy.java:addNew(89)) - 10d62654-88ed-40b9-8f86-c8f1bea16ab4: addNew group-9A6FDD97BA4C:[b0473cc4-d771-4568-bfd9-0483b58a1571:192.168.151.67:33678, 945d3718-c87e-443d-9b3e-97045e4a165a:192.168.151.67:43548, 10d62654-88ed-40b9-8f86-c8f1bea16ab4:192.168.151.67:40914] returns group-9A6FDD97BA4C:java.util.concurrent.CompletableFuture@71b3c4c7[Not completed]
2019-10-05 00:07:51,334 [grpc-default-executor-1] INFO  impl.RaftServerProxy (RaftServerProxy.java:addNew(89)) - b0473cc4-d771-4568-bfd9-0483b58a1571: addNew group-9A6FDD97BA4C:[b0473cc4-d771-4568-bfd9-0483b58a1571:192.168.151.67:33678, 945d3718-c87e-443d-9b3e-97045e4a165a:192.168.151.67:43548, 10d62654-88ed-40b9-8f86-c8f1bea16ab4:192.168.151.67:40914] returns group-9A6FDD97BA4C:java.util.concurrent.CompletableFuture@79833b66[Not completed]
2019-10-05 00:07:51,334 [grpc-default-executor-5] INFO  impl.RaftServerProxy (RaftServerProxy.java:addNew(89)) - 945d3718-c87e-443d-9b3e-97045e4a165a: addNew group-9A6FDD97BA4C:[b0473cc4-d771-4568-bfd9-0483b58a1571:192.168.151.67:33678, 945d3718-c87e-443d-9b3e-97045e4a165a:192.168.151.67:43548, 10d62654-88ed-40b9-8f86-c8f1bea16ab4:192.168.151.67:40914] returns group-9A6FDD97BA4C:java.util.concurrent.CompletableFuture@7641440d[Not completed]
2019-10-05 00:07:51,335 [pool-423-thread-1] INFO  impl.RaftServerImpl (RaftServerImpl.java:<init>(95)) - 945d3718-c87e-443d-9b3e-97045e4a165a: new RaftServerImpl for group-9A6FDD97BA4C:[b0473cc4-d771-4568-bfd9-0483b58a1571:192.168.151.67:33678, 945d3718-c87e-443d-9b3e-97045e4a165a:192.168.151.67:43548, 10d62654-88ed-40b9-8f86-c8f1bea16ab4:192.168.151.67:40914] with ContainerStateMachine:uninitialized
2019-10-05 00:07:51,335 [pool-423-thread-1] INFO  server.RaftServerConfigKeys (ConfUtils.java:logGet(43)) - raft.server.rpc.timeout.min = 5s (custom)
2019-10-05 00:07:51,335 [pool-423-thread-1] INFO  server.RaftServerConfigKeys (ConfUtils.java:logGet(43)) - raft.server.rpc.timeout.max = 5200ms (custom)
2019-10-05 00:07:51,335 [pool-423-thread-1] INFO  server.RaftServerConfigKeys (ConfUtils.java:logGet(43)) - raft.server.rpcslowness.timeout = 120s (custom)
2019-10-05 00:07:51,336 [pool-423-thread-1] INFO  server.RaftServerConfigKeys (ConfUtils.java:logGet(43)) - raft.server.sleep.deviation.threshold = 300 (default)
2019-10-05 00:07:51,336 [pool-423-thread-1] INFO  server.RaftServerConfigKeys (ConfUtils.java:logGet(43)) - raft.server.log.appender.install.snapshot.enabled = false (custom)
2019-10-05 00:07:51,336 [pool-423-thread-1] INFO  impl.RaftServerImpl (ServerState.java:<init>(103)) - 945d3718-c87e-443d-9b3e-97045e4a165a@group-9A6FDD97BA4C: ConfigurationManager, init=-1: [b0473cc4-d771-4568-bfd9-0483b58a1571:192.168.151.67:33678, 945d3718-c87e-443d-9b3e-97045e4a165a:192.168.151.67:43548, 10d62654-88ed-40b9-8f86-c8f1bea16ab4:192.168.151.67:40914], old=null, confs=<EMPTY_MAP>
2019-10-05 00:07:51,336 [pool-413-thread-1] INFO  impl.RaftServerImpl (RaftServerImpl.java:<init>(95)) - b0473cc4-d771-4568-bfd9-0483b58a1571: new RaftServerImpl for group-9A6FDD97BA4C:[b0473cc4-d771-4568-bfd9-0483b58a1571:192.168.151.67:33678, 945d3718-c87e-443d-9b3e-97045e4a165a:192.168.151.67:43548, 10d62654-88ed-40b9-8f86-c8f1bea16ab4:192.168.151.67:40914] with ContainerStateMachine:uninitialized
2019-10-05 00:07:51,336 [pool-423-thread-1] INFO  server.RaftServerConfigKeys (ConfUtils.java:logGet(43)) - raft.server.storage.dir = [/workdir/hadoop-ozone/integration-test/target/test-dir/MiniOzoneClusterImpl-d03a52b4-984d-439e-b51d-d3ef1d535ed0/datanode-4/data/ratis] (custom)
2019-10-05 00:07:51,336 [pool-413-thread-1] INFO  server.RaftServerConfigKeys (ConfUtils.java:logGet(43)) - raft.server.rpc.timeout.min = 5s (custom)
2019-10-05 00:07:51,336 [pool-423-thread-1] INFO  server.RaftServerConfigKeys (ConfUtils.java:logGet(43)) - raft.server.log.corruption.policy = EXCEPTION (default)
2019-10-05 00:07:51,336 [pool-433-thread-1] INFO  impl.RaftServerImpl (RaftServerImpl.java:<init>(95)) - 10d62654-88ed-40b9-8f86-c8f1bea16ab4: new RaftServerImpl for group-9A6FDD97BA4C:[b0473cc4-d771-4568-bfd9-0483b58a1571:192.168.151.67:33678, 945d3718-c87e-443d-9b3e-97045e4a165a:192.168.151.67:43548, 10d62654-88ed-40b9-8f86-c8f1bea16ab4:192.168.151.67:40914] with ContainerStateMachine:uninitialized
2019-10-05 00:07:51,336 [pool-413-thread-1] INFO  server.RaftServerConfigKeys (ConfUtils.java:logGet(43)) - raft.server.rpc.timeout.max = 5200ms (custom)
2019-10-05 00:07:51,337 [pool-433-thread-1] INFO  server.RaftServerConfigKeys (ConfUtils.java:logGet(43)) - raft.server.rpc.timeout.min = 5s (custom)
2019-10-05 00:07:51,336 [pool-423-thread-1] INFO  storage.RaftStorageDirectory (RaftStorageDirectory.java:analyzeStorage(246)) - The storage directory /workdir/hadoop-ozone/integration-test/target/test-dir/MiniOzoneClusterImpl-d03a52b4-984d-439e-b51d-d3ef1d535ed0/datanode-4/data/ratis/9488aa69-624d-4314-ae23-9a6fdd97ba4c does not exist. Creating ...
2019-10-05 00:07:51,337 [pool-433-thread-1] INFO  server.RaftServerConfigKeys (ConfUtils.java:logGet(43)) - raft.server.rpc.timeout.max = 5200ms (custom)
2019-10-05 00:07:51,337 [pool-413-thread-1] INFO  server.RaftServerConfigKeys (ConfUtils.java:logGet(43)) - raft.server.rpcslowness.timeout = 120s (custom)
2019-10-05 00:07:51,337 [pool-433-thread-1] INFO  server.RaftServerConfigKeys (ConfUtils.java:logGet(43)) - raft.server.rpcslowness.timeout = 120s (custom)
2019-10-05 00:07:51,337 [pool-413-thread-1] INFO  server.RaftServerConfigKeys (ConfUtils.java:logGet(43)) - raft.server.sleep.deviation.threshold = 300 (default)
2019-10-05 00:07:51,337 [pool-433-thread-1] INFO  server.RaftServerConfigKeys (ConfUtils.java:logGet(43)) - raft.server.sleep.deviation.threshold = 300 (default)
2019-10-05 00:07:51,337 [pool-413-thread-1] INFO  server.RaftServerConfigKeys (ConfUtils.java:logGet(43)) - raft.server.log.appender.install.snapshot.enabled = false (custom)
2019-10-05 00:07:51,337 [pool-433-thread-1] INFO  server.RaftServerConfigKeys (ConfUtils.java:logGet(43)) - raft.server.log.appender.install.snapshot.enabled = false (custom)
2019-10-05 00:07:51,338 [pool-413-thread-1] INFO  impl.RaftServerImpl (ServerState.java:<init>(103)) - b0473cc4-d771-4568-bfd9-0483b58a1571@group-9A6FDD97BA4C: ConfigurationManager, init=-1: [b0473cc4-d771-4568-bfd9-0483b58a1571:192.168.151.67:33678, 945d3718-c87e-443d-9b3e-97045e4a165a:192.168.151.67:43548, 10d62654-88ed-40b9-8f86-c8f1bea16ab4:192.168.151.67:40914], old=null, confs=<EMPTY_MAP>
2019-10-05 00:07:51,338 [pool-433-thread-1] INFO  impl.RaftServerImpl (ServerState.java:<init>(103)) - 10d62654-88ed-40b9-8f86-c8f1bea16ab4@group-9A6FDD97BA4C: ConfigurationManager, init=-1: [b0473cc4-d771-4568-bfd9-0483b58a1571:192.168.151.67:33678, 945d3718-c87e-443d-9b3e-97045e4a165a:192.168.151.67:43548, 10d62654-88ed-40b9-8f86-c8f1bea16ab4:192.168.151.67:40914], old=null, confs=<EMPTY_MAP>
2019-10-05 00:07:51,338 [pool-413-thread-1] INFO  server.RaftServerConfigKeys (ConfUtils.java:logGet(43)) - raft.server.storage.dir = [/workdir/hadoop-ozone/integration-test/target/test-dir/MiniOzoneClusterImpl-d03a52b4-984d-439e-b51d-d3ef1d535ed0/datanode-3/data/ratis] (custom)
2019-10-05 00:07:51,338 [pool-433-thread-1] INFO  server.RaftServerConfigKeys (ConfUtils.java:logGet(43)) - raft.server.storage.dir = [/workdir/hadoop-ozone/integration-test/target/test-dir/MiniOzoneClusterImpl-d03a52b4-984d-439e-b51d-d3ef1d535ed0/datanode-5/data/ratis] (custom)
2019-10-05 00:07:51,338 [pool-413-thread-1] INFO  server.RaftServerConfigKeys (ConfUtils.java:logGet(43)) - raft.server.log.corruption.policy = EXCEPTION (default)
2019-10-05 00:07:51,338 [pool-433-thread-1] INFO  server.RaftServerConfigKeys (ConfUtils.java:logGet(43)) - raft.server.log.corruption.policy = EXCEPTION (default)
2019-10-05 00:07:51,338 [pool-413-thread-1] INFO  storage.RaftStorageDirectory (RaftStorageDirectory.java:analyzeStorage(246)) - The storage directory /workdir/hadoop-ozone/integration-test/target/test-dir/MiniOzoneClusterImpl-d03a52b4-984d-439e-b51d-d3ef1d535ed0/datanode-3/data/ratis/9488aa69-624d-4314-ae23-9a6fdd97ba4c does not exist. Creating ...
2019-10-05 00:07:51,338 [pool-433-thread-1] INFO  storage.RaftStorageDirectory (RaftStorageDirectory.java:analyzeStorage(246)) - The storage directory /workdir/hadoop-ozone/integration-test/target/test-dir/MiniOzoneClusterImpl-d03a52b4-984d-439e-b51d-d3ef1d535ed0/datanode-5/data/ratis/9488aa69-624d-4314-ae23-9a6fdd97ba4c does not exist. Creating ...
2019-10-05 00:07:51,351 [pool-413-thread-1] INFO  storage.RaftStorageDirectory (RaftStorageDirectory.java:tryLock(328)) - Lock on /workdir/hadoop-ozone/integration-test/target/test-dir/MiniOzoneClusterImpl-d03a52b4-984d-439e-b51d-d3ef1d535ed0/datanode-3/data/ratis/9488aa69-624d-4314-ae23-9a6fdd97ba4c/in_use.lock acquired by nodename 19704@pr-hdds-2257-n2d29-2200651950
2019-10-05 00:07:51,351 [pool-423-thread-1] INFO  storage.RaftStorageDirectory (RaftStorageDirectory.java:tryLock(328)) - Lock on /workdir/hadoop-ozone/integration-test/target/test-dir/MiniOzoneClusterImpl-d03a52b4-984d-439e-b51d-d3ef1d535ed0/datanode-4/data/ratis/9488aa69-624d-4314-ae23-9a6fdd97ba4c/in_use.lock acquired by nodename 19704@pr-hdds-2257-n2d29-2200651950
2019-10-05 00:07:51,351 [pool-433-thread-1] INFO  storage.RaftStorageDirectory (RaftStorageDirectory.java:tryLock(328)) - Lock on /workdir/hadoop-ozone/integration-test/target/test-dir/MiniOzoneClusterImpl-d03a52b4-984d-439e-b51d-d3ef1d535ed0/datanode-5/data/ratis/9488aa69-624d-4314-ae23-9a6fdd97ba4c/in_use.lock acquired by nodename 19704@pr-hdds-2257-n2d29-2200651950
2019-10-05 00:07:51,365 [pool-433-thread-1] INFO  storage.RaftStorage (RaftStorage.java:format(84)) - Storage directory /workdir/hadoop-ozone/integration-test/target/test-dir/MiniOzoneClusterImpl-d03a52b4-984d-439e-b51d-d3ef1d535ed0/datanode-5/data/ratis/9488aa69-624d-4314-ae23-9a6fdd97ba4c has been successfully formatted.
2019-10-05 00:07:51,365 [pool-423-thread-1] INFO  storage.RaftStorage (RaftStorage.java:format(84)) - Storage directory /workdir/hadoop-ozone/integration-test/target/test-dir/MiniOzoneClusterImpl-d03a52b4-984d-439e-b51d-d3ef1d535ed0/datanode-4/data/ratis/9488aa69-624d-4314-ae23-9a6fdd97ba4c has been successfully formatted.
2019-10-05 00:07:51,365 [pool-413-thread-1] INFO  storage.RaftStorage (RaftStorage.java:format(84)) - Storage directory /workdir/hadoop-ozone/integration-test/target/test-dir/MiniOzoneClusterImpl-d03a52b4-984d-439e-b51d-d3ef1d535ed0/datanode-3/data/ratis/9488aa69-624d-4314-ae23-9a6fdd97ba4c has been successfully formatted.
2019-10-05 00:07:51,365 [pool-433-thread-1] INFO  ratis.ContainerStateMachine (ContainerStateMachine.java:loadSnapshot(230)) - group-9A6FDD97BA4C: The snapshot info is null. Setting the last applied indexto:(t:0, i:~)
2019-10-05 00:07:51,365 [pool-413-thread-1] INFO  ratis.ContainerStateMachine (ContainerStateMachine.java:loadSnapshot(230)) - group-9A6FDD97BA4C: The snapshot info is null. Setting the last applied indexto:(t:0, i:~)
2019-10-05 00:07:51,365 [pool-433-thread-1] INFO  server.RaftServerConfigKeys (ConfUtils.java:logGet(43)) - raft.server.notification.no-leader.timeout = 120s (custom)
2019-10-05 00:07:51,365 [pool-423-thread-1] INFO  ratis.ContainerStateMachine (ContainerStateMachine.java:loadSnapshot(230)) - group-9A6FDD97BA4C: The snapshot info is null. Setting the last applied indexto:(t:0, i:~)
2019-10-05 00:07:51,365 [pool-433-thread-1] INFO  server.RaftServerConfigKeys (ConfUtils.java:logGet(43)) - raft.server.log.use.memory = false (default)
2019-10-05 00:07:51,365 [pool-413-thread-1] INFO  server.RaftServerConfigKeys (ConfUtils.java:logGet(43)) - raft.server.notification.no-leader.timeout = 120s (custom)
2019-10-05 00:07:51,366 [pool-433-thread-1] INFO  server.RaftServerConfigKeys (ConfUtils.java:logGet(43)) - raft.server.log.purge.gap = 1000000 (custom)
2019-10-05 00:07:51,366 [pool-423-thread-1] INFO  server.RaftServerConfigKeys (ConfUtils.java:logGet(43)) - raft.server.notification.no-leader.timeout = 120s (custom)
2019-10-05 00:07:51,366 [pool-433-thread-1] INFO  server.RaftServerConfigKeys (ConfUtils.java:logGet(43)) - raft.server.log.appender.buffer.byte-limit = 33554432 (custom)
2019-10-05 00:07:51,366 [pool-413-thread-1] INFO  server.RaftServerConfigKeys (ConfUtils.java:logGet(43)) - raft.server.log.use.memory = false (default)
2019-10-05 00:07:51,366 [pool-433-thread-1] INFO  server.RaftServerConfigKeys (ConfUtils.java:logGet(43)) - raft.server.log.segment.size.max = 1048576 (custom)
2019-10-05 00:07:51,366 [pool-423-thread-1] INFO  server.RaftServerConfigKeys (ConfUtils.java:logGet(43)) - raft.server.log.use.memory = false (default)
2019-10-05 00:07:51,367 [pool-433-thread-1] INFO  server.RaftServerConfigKeys (ConfUtils.java:logGet(43)) - raft.server.log.segment.cache.num.max = 2 (custom)
2019-10-05 00:07:51,366 [pool-413-thread-1] INFO  server.RaftServerConfigKeys (ConfUtils.java:logGet(43)) - raft.server.log.purge.gap = 1000000 (custom)
2019-10-05 00:07:51,367 [pool-433-thread-1] INFO  segmented.SegmentedRaftLogWorker (SegmentedRaftLogWorker.java:<init>(173)) - new 10d62654-88ed-40b9-8f86-c8f1bea16ab4@group-9A6FDD97BA4C-SegmentedRaftLogWorker for RaftStorage:Storage Directory /workdir/hadoop-ozone/integration-test/target/test-dir/MiniOzoneClusterImpl-d03a52b4-984d-439e-b51d-d3ef1d535ed0/datanode-5/data/ratis/9488aa69-624d-4314-ae23-9a6fdd97ba4c
2019-10-05 00:07:51,367 [pool-423-thread-1] INFO  server.RaftServerConfigKeys (ConfUtils.java:logGet(43)) - raft.server.log.purge.gap = 1000000 (custom)
2019-10-05 00:07:51,367 [pool-433-thread-1] INFO  server.RaftServerConfigKeys (ConfUtils.java:logGet(43)) - raft.server.log.queue.byte-limit = 2147483647 (custom)
2019-10-05 00:07:51,367 [pool-413-thread-1] INFO  server.RaftServerConfigKeys (ConfUtils.java:logGet(43)) - raft.server.log.appender.buffer.byte-limit = 33554432 (custom)
2019-10-05 00:07:51,367 [pool-433-thread-1] INFO  server.RaftServerConfigKeys (ConfUtils.java:logGet(43)) - raft.server.log.queue.element-limit = 1024 (custom)
2019-10-05 00:07:51,367 [pool-423-thread-1] INFO  server.RaftServerConfigKeys (ConfUtils.java:logGet(43)) - raft.server.log.appender.buffer.byte-limit = 33554432 (custom)
2019-10-05 00:07:51,367 [pool-433-thread-1] INFO  server.RaftServerConfigKeys (ConfUtils.java:logGet(43)) - raft.server.log.segment.size.max = 1048576 (custom)
2019-10-05 00:07:51,367 [pool-413-thread-1] INFO  server.RaftServerConfigKeys (ConfUtils.java:logGet(43)) - raft.server.log.segment.size.max = 1048576 (custom)
2019-10-05 00:07:51,368 [pool-433-thread-1] INFO  server.RaftServerConfigKeys (ConfUtils.java:logGet(43)) - raft.server.log.preallocated.size = 16384 (custom)
2019-10-05 00:07:51,368 [pool-433-thread-1] INFO  server.RaftServerConfigKeys (ConfUtils.java:logGet(43)) - raft.server.log.write.buffer.size = 33554432 (custom)
2019-10-05 00:07:51,368 [pool-423-thread-1] INFO  server.RaftServerConfigKeys (ConfUtils.java:logGet(43)) - raft.server.log.segment.size.max = 1048576 (custom)
2019-10-05 00:07:51,368 [pool-433-thread-1] INFO  server.RaftServerConfigKeys (ConfUtils.java:logGet(43)) - raft.server.log.force.sync.num = 128 (default)
2019-10-05 00:07:51,368 [pool-413-thread-1] INFO  server.RaftServerConfigKeys (ConfUtils.java:logGet(43)) - raft.server.log.segment.cache.num.max = 2 (custom)
2019-10-05 00:07:51,368 [pool-433-thread-1] INFO  server.RaftServerConfigKeys (ConfUtils.java:logGet(43)) - raft.server.log.statemachine.data.sync = true (default)
2019-10-05 00:07:51,368 [pool-423-thread-1] INFO  server.RaftServerConfigKeys (ConfUtils.java:logGet(43)) - raft.server.log.segment.cache.num.max = 2 (custom)
2019-10-05 00:07:51,368 [pool-433-thread-1] INFO  server.RaftServerConfigKeys (ConfUtils.java:logGet(43)) - raft.server.log.statemachine.data.sync.timeout = 10s (default)
2019-10-05 00:07:51,368 [pool-413-thread-1] INFO  segmented.SegmentedRaftLogWorker (SegmentedRaftLogWorker.java:<init>(173)) - new b0473cc4-d771-4568-bfd9-0483b58a1571@group-9A6FDD97BA4C-SegmentedRaftLogWorker for RaftStorage:Storage Directory /workdir/hadoop-ozone/integration-test/target/test-dir/MiniOzoneClusterImpl-d03a52b4-984d-439e-b51d-d3ef1d535ed0/datanode-3/data/ratis/9488aa69-624d-4314-ae23-9a6fdd97ba4c
2019-10-05 00:07:51,369 [pool-433-thread-1] INFO  server.RaftServerConfigKeys (ConfUtils.java:logGet(43)) - raft.server.log.statemachine.data.sync.timeout.retry = -1 (default)
2019-10-05 00:07:51,369 [pool-423-thread-1] INFO  segmented.SegmentedRaftLogWorker (SegmentedRaftLogWorker.java:<init>(173)) - new 945d3718-c87e-443d-9b3e-97045e4a165a@group-9A6FDD97BA4C-SegmentedRaftLogWorker for RaftStorage:Storage Directory /workdir/hadoop-ozone/integration-test/target/test-dir/MiniOzoneClusterImpl-d03a52b4-984d-439e-b51d-d3ef1d535ed0/datanode-4/data/ratis/9488aa69-624d-4314-ae23-9a6fdd97ba4c
2019-10-05 00:07:51,369 [pool-433-thread-1] INFO  server.RaftServerConfigKeys (ConfUtils.java:logGet(43)) - raft.server.log.statemachine.data.caching.enabled = true (custom)
2019-10-05 00:07:51,369 [pool-413-thread-1] INFO  server.RaftServerConfigKeys (ConfUtils.java:logGet(43)) - raft.server.log.queue.byte-limit = 2147483647 (custom)
2019-10-05 00:07:51,369 [pool-423-thread-1] INFO  server.RaftServerConfigKeys (ConfUtils.java:logGet(43)) - raft.server.log.queue.byte-limit = 2147483647 (custom)
2019-10-05 00:07:51,369 [pool-433-thread-1] INFO  segmented.SegmentedRaftLogWorker (SegmentedRaftLogWorker.java:lambda$new$0(128)) - 10d62654-88ed-40b9-8f86-c8f1bea16ab4@group-9A6FDD97BA4C-SegmentedRaftLogWorker: flushIndex: setUnconditionally 0 -> -1
2019-10-05 00:07:51,369 [pool-413-thread-1] INFO  server.RaftServerConfigKeys (ConfUtils.java:logGet(43)) - raft.server.log.queue.element-limit = 1024 (custom)
2019-10-05 00:07:51,369 [pool-423-thread-1] INFO  server.RaftServerConfigKeys (ConfUtils.java:logGet(43)) - raft.server.log.queue.element-limit = 1024 (custom)
2019-10-05 00:07:51,370 [pool-433-thread-1] INFO  server.RaftServerConfigKeys (ConfUtils.java:logGet(43)) - raft.server.snapshot.auto.trigger.enabled = true (custom)
2019-10-05 00:07:51,370 [pool-413-thread-1] INFO  server.RaftServerConfigKeys (ConfUtils.java:logGet(43)) - raft.server.log.segment.size.max = 1048576 (custom)
2019-10-05 00:07:51,370 [pool-433-thread-1] INFO  server.RaftServerConfigKeys (ConfUtils.java:logGet(43)) - raft.server.snapshot.auto.trigger.threshold = 10000 (custom)
2019-10-05 00:07:51,370 [pool-423-thread-1] INFO  server.RaftServerConfigKeys (ConfUtils.java:logGet(43)) - raft.server.log.segment.size.max = 1048576 (custom)
2019-10-05 00:07:51,370 [pool-433-thread-1] INFO  server.RaftServerConfigKeys (ConfUtils.java:logGet(43)) - raft.server.snapshot.retention.file.num = 5 (custom)
2019-10-05 00:07:51,370 [pool-413-thread-1] INFO  server.RaftServerConfigKeys (ConfUtils.java:logGet(43)) - raft.server.log.preallocated.size = 16384 (custom)
2019-10-05 00:07:51,371 [pool-433-thread-1] INFO  server.RaftServerConfigKeys (ConfUtils.java:logGet(43)) - raft.server.retrycache.expirytime = 600000ms (custom)
2019-10-05 00:07:51,370 [pool-423-thread-1] INFO  server.RaftServerConfigKeys (ConfUtils.java:logGet(43)) - raft.server.log.preallocated.size = 16384 (custom)
2019-10-05 00:07:51,371 [pool-413-thread-1] INFO  server.RaftServerConfigKeys (ConfUtils.java:logGet(43)) - raft.server.log.write.buffer.size = 33554432 (custom)
2019-10-05 00:07:51,371 [pool-423-thread-1] INFO  server.RaftServerConfigKeys (ConfUtils.java:logGet(43)) - raft.server.log.write.buffer.size = 33554432 (custom)
2019-10-05 00:07:51,371 [pool-413-thread-1] INFO  server.RaftServerConfigKeys (ConfUtils.java:logGet(43)) - raft.server.log.force.sync.num = 128 (default)
2019-10-05 00:07:51,371 [pool-423-thread-1] INFO  server.RaftServerConfigKeys (ConfUtils.java:logGet(43)) - raft.server.log.force.sync.num = 128 (default)
2019-10-05 00:07:51,371 [pool-413-thread-1] INFO  server.RaftServerConfigKeys (ConfUtils.java:logGet(43)) - raft.server.log.statemachine.data.sync = true (default)
2019-10-05 00:07:51,371 [pool-423-thread-1] INFO  server.RaftServerConfigKeys (ConfUtils.java:logGet(43)) - raft.server.log.statemachine.data.sync = true (default)
2019-10-05 00:07:51,372 [pool-413-thread-1] INFO  server.RaftServerConfigKeys (ConfUtils.java:logGet(43)) - raft.server.log.statemachine.data.sync.timeout = 10s (default)
2019-10-05 00:07:51,372 [pool-423-thread-1] INFO  server.RaftServerConfigKeys (ConfUtils.java:logGet(43)) - raft.server.log.statemachine.data.sync.timeout = 10s (default)
2019-10-05 00:07:51,372 [pool-413-thread-1] INFO  server.RaftServerConfigKeys (ConfUtils.java:logGet(43)) - raft.server.log.statemachine.data.sync.timeout.retry = -1 (default)
2019-10-05 00:07:51,372 [pool-423-thread-1] INFO  server.RaftServerConfigKeys (ConfUtils.java:logGet(43)) - raft.server.log.statemachine.data.sync.timeout.retry = -1 (default)
2019-10-05 00:07:51,372 [pool-433-thread-1] INFO  impl.RaftServerImpl (RaftServerImpl.java:start(181)) - 10d62654-88ed-40b9-8f86-c8f1bea16ab4@group-9A6FDD97BA4C: start as a follower, conf=-1: [b0473cc4-d771-4568-bfd9-0483b58a1571:192.168.151.67:33678, 945d3718-c87e-443d-9b3e-97045e4a165a:192.168.151.67:43548, 10d62654-88ed-40b9-8f86-c8f1bea16ab4:192.168.151.67:40914], old=null
2019-10-05 00:07:51,372 [pool-413-thread-1] INFO  server.RaftServerConfigKeys (ConfUtils.java:logGet(43)) - raft.server.log.statemachine.data.caching.enabled = true (custom)
2019-10-05 00:07:51,372 [pool-433-thread-1] INFO  impl.RaftServerImpl (RaftServerImpl.java:setRole(170)) - 10d62654-88ed-40b9-8f86-c8f1bea16ab4@group-9A6FDD97BA4C: changes role from      null to FOLLOWER at term 0 for startAsFollower
2019-10-05 00:07:51,372 [pool-423-thread-1] INFO  server.RaftServerConfigKeys (ConfUtils.java:logGet(43)) - raft.server.log.statemachine.data.caching.enabled = true (custom)
2019-10-05 00:07:51,372 [pool-413-thread-1] INFO  segmented.SegmentedRaftLogWorker (SegmentedRaftLogWorker.java:lambda$new$0(128)) - b0473cc4-d771-4568-bfd9-0483b58a1571@group-9A6FDD97BA4C-SegmentedRaftLogWorker: flushIndex: setUnconditionally 0 -> -1
2019-10-05 00:07:51,372 [pool-433-thread-1] INFO  impl.RoleInfo (RoleInfo.java:updateAndGet(143)) - 10d62654-88ed-40b9-8f86-c8f1bea16ab4: start FollowerState
2019-10-05 00:07:51,373 [pool-423-thread-1] INFO  segmented.SegmentedRaftLogWorker (SegmentedRaftLogWorker.java:lambda$new$0(128)) - 945d3718-c87e-443d-9b3e-97045e4a165a@group-9A6FDD97BA4C-SegmentedRaftLogWorker: flushIndex: setUnconditionally 0 -> -1
2019-10-05 00:07:51,373 [pool-413-thread-1] INFO  server.RaftServerConfigKeys (ConfUtils.java:logGet(43)) - raft.server.snapshot.auto.trigger.enabled = true (custom)
2019-10-05 00:07:51,373 [pool-413-thread-1] INFO  server.RaftServerConfigKeys (ConfUtils.java:logGet(43)) - raft.server.snapshot.auto.trigger.threshold = 10000 (custom)
2019-10-05 00:07:51,373 [pool-433-thread-1] INFO  util.JmxRegister (JmxRegister.java:tryRegister(44)) - Successfully registered JMX Bean with object name Ratis:service=RaftServer,group=group-9A6FDD97BA4C,id=10d62654-88ed-40b9-8f86-c8f1bea16ab4
2019-10-05 00:07:51,373 [pool-413-thread-1] INFO  server.RaftServerConfigKeys (ConfUtils.java:logGet(43)) - raft.server.snapshot.retention.file.num = 5 (custom)
2019-10-05 00:07:51,373 [pool-423-thread-1] INFO  server.RaftServerConfigKeys (ConfUtils.java:logGet(43)) - raft.server.snapshot.auto.trigger.enabled = true (custom)
2019-10-05 00:07:51,373 [pool-413-thread-1] INFO  server.RaftServerConfigKeys (ConfUtils.java:logGet(43)) - raft.server.retrycache.expirytime = 600000ms (custom)
2019-10-05 00:07:51,374 [pool-423-thread-1] INFO  server.RaftServerConfigKeys (ConfUtils.java:logGet(43)) - raft.server.snapshot.auto.trigger.threshold = 10000 (custom)
2019-10-05 00:07:51,374 [pool-423-thread-1] INFO  server.RaftServerConfigKeys (ConfUtils.java:logGet(43)) - raft.server.snapshot.retention.file.num = 5 (custom)
2019-10-05 00:07:51,374 [pool-423-thread-1] INFO  server.RaftServerConfigKeys (ConfUtils.java:logGet(43)) - raft.server.retrycache.expirytime = 600000ms (custom)
2019-10-05 00:07:51,376 [pool-413-thread-1] INFO  impl.RaftServerImpl (RaftServerImpl.java:start(181)) - b0473cc4-d771-4568-bfd9-0483b58a1571@group-9A6FDD97BA4C: start as a follower, conf=-1: [b0473cc4-d771-4568-bfd9-0483b58a1571:192.168.151.67:33678, 945d3718-c87e-443d-9b3e-97045e4a165a:192.168.151.67:43548, 10d62654-88ed-40b9-8f86-c8f1bea16ab4:192.168.151.67:40914], old=null
2019-10-05 00:07:51,379 [pool-413-thread-1] INFO  impl.RaftServerImpl (RaftServerImpl.java:setRole(170)) - b0473cc4-d771-4568-bfd9-0483b58a1571@group-9A6FDD97BA4C: changes role from      null to FOLLOWER at term 0 for startAsFollower
2019-10-05 00:07:51,379 [pool-413-thread-1] INFO  impl.RoleInfo (RoleInfo.java:updateAndGet(143)) - b0473cc4-d771-4568-bfd9-0483b58a1571: start FollowerState
2019-10-05 00:07:51,380 [pool-423-thread-1] INFO  impl.RaftServerImpl (RaftServerImpl.java:start(181)) - 945d3718-c87e-443d-9b3e-97045e4a165a@group-9A6FDD97BA4C: start as a follower, conf=-1: [b0473cc4-d771-4568-bfd9-0483b58a1571:192.168.151.67:33678, 945d3718-c87e-443d-9b3e-97045e4a165a:192.168.151.67:43548, 10d62654-88ed-40b9-8f86-c8f1bea16ab4:192.168.151.67:40914], old=null
2019-10-05 00:07:51,380 [pool-413-thread-1] INFO  util.JmxRegister (JmxRegister.java:tryRegister(44)) - Successfully registered JMX Bean with object name Ratis:service=RaftServer,group=group-9A6FDD97BA4C,id=b0473cc4-d771-4568-bfd9-0483b58a1571
2019-10-05 00:07:51,380 [pool-423-thread-1] INFO  impl.RaftServerImpl (RaftServerImpl.java:setRole(170)) - 945d3718-c87e-443d-9b3e-97045e4a165a@group-9A6FDD97BA4C: changes role from      null to FOLLOWER at term 0 for startAsFollower
2019-10-05 00:07:51,380 [pool-423-thread-1] INFO  impl.RoleInfo (RoleInfo.java:updateAndGet(143)) - 945d3718-c87e-443d-9b3e-97045e4a165a: start FollowerState
2019-10-05 00:07:51,380 [pool-423-thread-1] INFO  util.JmxRegister (JmxRegister.java:tryRegister(44)) - Successfully registered JMX Bean with object name Ratis:service=RaftServer,group=group-9A6FDD97BA4C,id=945d3718-c87e-443d-9b3e-97045e4a165a
2019-10-05 00:07:51,389 [RatisPipelineUtilsThread] INFO  pipeline.PipelineStateManager (PipelineStateManager.java:addPipeline(56)) - Created pipeline Pipeline[ Id: 9488aa69-624d-4314-ae23-9a6fdd97ba4c, Nodes: 10d62654-88ed-40b9-8f86-c8f1bea16ab4{ip: 192.168.151.67, host: pr-hdds-2257-n2d29-2200651950, networkLocation: /default-rack, certSerialId: null}b0473cc4-d771-4568-bfd9-0483b58a1571{ip: 192.168.151.67, host: pr-hdds-2257-n2d29-2200651950, networkLocation: /default-rack, certSerialId: null}945d3718-c87e-443d-9b3e-97045e4a165a{ip: 192.168.151.67, host: pr-hdds-2257-n2d29-2200651950, networkLocation: /default-rack, certSerialId: null}, Type:RATIS, Factor:THREE, State:OPEN]
2019-10-05 00:07:52,253 [main] INFO  ozone.MiniOzoneClusterImpl (MiniOzoneClusterImpl.java:lambda$waitForClusterToBeReady$0(147)) - Cluster is ready. Got 7 of 7 DN Heartbeats.
2019-10-05 00:07:52,307 [main] INFO  rpc.RpcClient (RpcClient.java:createVolume(277)) - Creating Volume: watchforcommithandlingtest, with jenkins1000 as owner.
2019-10-05 00:07:52,311 [IPC Server handler 0 on 46053] INFO  volume.OMVolumeCreateRequest (OMVolumeCreateRequest.java:validateAndUpdateCache(193)) - created volume:watchforcommithandlingtest for user:jenkins1000
2019-10-05 00:07:52,327 [main] INFO  rpc.RpcClient (RpcClient.java:createBucket(416)) - Creating Bucket: watchforcommithandlingtest/watchforcommithandlingtest, with Versioning false and Storage Type set to DISK and Encryption set to false 
2019-10-05 00:07:52,332 [main] INFO  ozone.MiniOzoneClusterImpl (MiniOzoneClusterImpl.java:getStorageContainerLocationClient(234)) - Creating StorageContainerLocationProtocol RPC client with address /0.0.0.0:37246
2019-10-05 00:07:53,832 [Thread-2318] INFO  container.ReplicationManager (ReplicationManager.java:start(162)) - Starting Replication Monitor Thread.
2019-10-05 00:07:53,837 [ReplicationMonitor] INFO  container.ReplicationManager (ReplicationManager.java:run(225)) - Replication Monitor Thread took 1 milliseconds for processing 1 containers.
2019-10-05 00:07:55,973 [Thread-2320] INFO  impl.FollowerState (FollowerState.java:run(108)) - ea6be2e5-3afe-4fcc-aaa0-c17f08d99e72@group-55403BE5EEC4-FollowerState: change to CANDIDATE, lastRpcTime:5093ms, electionTimeout:5093ms
2019-10-05 00:07:55,974 [Thread-2320] INFO  impl.RoleInfo (RoleInfo.java:shutdownFollowerState(121)) - ea6be2e5-3afe-4fcc-aaa0-c17f08d99e72: shutdown FollowerState
2019-10-05 00:07:55,974 [Thread-2320] INFO  impl.RaftServerImpl (RaftServerImpl.java:setRole(170)) - ea6be2e5-3afe-4fcc-aaa0-c17f08d99e72@group-55403BE5EEC4: changes role from  FOLLOWER to CANDIDATE at term 0 for changeToCandidate
2019-10-05 00:07:55,975 [Thread-2320] INFO  impl.RoleInfo (RoleInfo.java:updateAndGet(143)) - ea6be2e5-3afe-4fcc-aaa0-c17f08d99e72: start LeaderElection
2019-10-05 00:07:55,997 [ea6be2e5-3afe-4fcc-aaa0-c17f08d99e72@group-55403BE5EEC4-LeaderElection58] INFO  impl.LeaderElection (LeaderElection.java:askForVotes(178)) - ea6be2e5-3afe-4fcc-aaa0-c17f08d99e72@group-55403BE5EEC4-LeaderElection58: begin an election at term 1 for -1: [ea6be2e5-3afe-4fcc-aaa0-c17f08d99e72:192.168.151.67:33791], old=null
2019-10-05 00:07:55,997 [ea6be2e5-3afe-4fcc-aaa0-c17f08d99e72@group-55403BE5EEC4-LeaderElection58] INFO  impl.RoleInfo (RoleInfo.java:shutdownLeaderElection(134)) - ea6be2e5-3afe-4fcc-aaa0-c17f08d99e72: shutdown LeaderElection
2019-10-05 00:07:55,997 [ea6be2e5-3afe-4fcc-aaa0-c17f08d99e72@group-55403BE5EEC4-LeaderElection58] INFO  impl.RaftServerImpl (RaftServerImpl.java:setRole(170)) - ea6be2e5-3afe-4fcc-aaa0-c17f08d99e72@group-55403BE5EEC4: changes role from CANDIDATE to LEADER at term 1 for changeToLeader
2019-10-05 00:07:55,997 [ea6be2e5-3afe-4fcc-aaa0-c17f08d99e72@group-55403BE5EEC4-LeaderElection58] INFO  impl.RaftServerImpl (ServerState.java:setLeader(255)) - ea6be2e5-3afe-4fcc-aaa0-c17f08d99e72@group-55403BE5EEC4: change Leader from null to ea6be2e5-3afe-4fcc-aaa0-c17f08d99e72 at term 1 for becomeLeader, leader elected after 5124ms
2019-10-05 00:07:55,997 [ea6be2e5-3afe-4fcc-aaa0-c17f08d99e72@group-55403BE5EEC4-LeaderElection58] INFO  server.RaftServerConfigKeys (ConfUtils.java:logGet(43)) - raft.server.staging.catchup.gap = 1000 (default)
2019-10-05 00:07:55,998 [ea6be2e5-3afe-4fcc-aaa0-c17f08d99e72@group-55403BE5EEC4-LeaderElection58] INFO  server.RaftServerConfigKeys (ConfUtils.java:logGet(43)) - raft.server.rpc.sleep.time = 25ms (default)
2019-10-05 00:07:55,998 [ea6be2e5-3afe-4fcc-aaa0-c17f08d99e72@group-55403BE5EEC4-LeaderElection58] INFO  server.RaftServerConfigKeys (ConfUtils.java:logGet(43)) - raft.server.write.element-limit = 4096 (default)
2019-10-05 00:07:55,998 [ea6be2e5-3afe-4fcc-aaa0-c17f08d99e72@group-55403BE5EEC4-LeaderElection58] INFO  server.RaftServerConfigKeys (ConfUtils.java:logGet(43)) - raft.server.watch.timeout = 10s (default)
2019-10-05 00:07:55,998 [ea6be2e5-3afe-4fcc-aaa0-c17f08d99e72@group-55403BE5EEC4-LeaderElection58] INFO  server.RaftServerConfigKeys (ConfUtils.java:logGet(43)) - raft.server.watch.timeout.denomination = 1s (default)
2019-10-05 00:07:55,998 [ea6be2e5-3afe-4fcc-aaa0-c17f08d99e72@group-55403BE5EEC4-LeaderElection58] INFO  server.RaftServerConfigKeys (ConfUtils.java:logGet(43)) - raft.server.watch.element-limit = 65536 (default)
2019-10-05 00:07:56,002 [ea6be2e5-3afe-4fcc-aaa0-c17f08d99e72@group-55403BE5EEC4-LeaderElection58] INFO  impl.RoleInfo (RoleInfo.java:updateAndGet(143)) - ea6be2e5-3afe-4fcc-aaa0-c17f08d99e72: start LeaderState
2019-10-05 00:07:56,002 [ea6be2e5-3afe-4fcc-aaa0-c17f08d99e72@group-55403BE5EEC4-LeaderElection58] INFO  segmented.SegmentedRaftLogWorker (SegmentedRaftLogWorker.java:startLogSegment(385)) - ea6be2e5-3afe-4fcc-aaa0-c17f08d99e72@group-55403BE5EEC4-SegmentedRaftLogWorker: Starting segment from index:0
2019-10-05 00:07:56,003 [ea6be2e5-3afe-4fcc-aaa0-c17f08d99e72@group-55403BE5EEC4-LeaderElection58] INFO  impl.RaftServerImpl (ServerState.java:setRaftConf(356)) - ea6be2e5-3afe-4fcc-aaa0-c17f08d99e72@group-55403BE5EEC4: set configuration 0: [ea6be2e5-3afe-4fcc-aaa0-c17f08d99e72:192.168.151.67:33791], old=null at 0
2019-10-05 00:07:56,017 [Thread-2323] INFO  impl.FollowerState (FollowerState.java:run(108)) - 02cbb888-e9d5-4390-8af9-27c0850be5cb@group-F35DDEFE5680-FollowerState: change to CANDIDATE, lastRpcTime:5078ms, electionTimeout:5078ms
2019-10-05 00:07:56,018 [Thread-2323] INFO  impl.RoleInfo (RoleInfo.java:shutdownFollowerState(121)) - 02cbb888-e9d5-4390-8af9-27c0850be5cb: shutdown FollowerState
2019-10-05 00:07:56,018 [Thread-2323] INFO  impl.RaftServerImpl (RaftServerImpl.java:setRole(170)) - 02cbb888-e9d5-4390-8af9-27c0850be5cb@group-F35DDEFE5680: changes role from  FOLLOWER to CANDIDATE at term 0 for changeToCandidate
2019-10-05 00:07:56,018 [Thread-2323] INFO  impl.RoleInfo (RoleInfo.java:updateAndGet(143)) - 02cbb888-e9d5-4390-8af9-27c0850be5cb: start LeaderElection
2019-10-05 00:07:56,018 [Thread-2326] INFO  impl.FollowerState (FollowerState.java:run(108)) - 28b3b2a3-7615-47b5-bcde-5c35fd1f036e@group-0C1A16DFE179-FollowerState: change to CANDIDATE, lastRpcTime:5007ms, electionTimeout:5007ms
2019-10-05 00:07:56,027 [Thread-2326] INFO  impl.RoleInfo (RoleInfo.java:shutdownFollowerState(121)) - 28b3b2a3-7615-47b5-bcde-5c35fd1f036e: shutdown FollowerState
2019-10-05 00:07:56,027 [Thread-2326] INFO  impl.RaftServerImpl (RaftServerImpl.java:setRole(170)) - 28b3b2a3-7615-47b5-bcde-5c35fd1f036e@group-0C1A16DFE179: changes role from  FOLLOWER to CANDIDATE at term 0 for changeToCandidate
2019-10-05 00:07:56,031 [Thread-2326] INFO  impl.RoleInfo (RoleInfo.java:updateAndGet(143)) - 28b3b2a3-7615-47b5-bcde-5c35fd1f036e: start LeaderElection
2019-10-05 00:07:56,041 [ea6be2e5-3afe-4fcc-aaa0-c17f08d99e72@group-55403BE5EEC4-SegmentedRaftLogWorker] INFO  segmented.SegmentedRaftLogWorker (SegmentedRaftLogWorker.java:execute(574)) - ea6be2e5-3afe-4fcc-aaa0-c17f08d99e72@group-55403BE5EEC4-SegmentedRaftLogWorker: created new log segment /workdir/hadoop-ozone/integration-test/target/test-dir/MiniOzoneClusterImpl-d03a52b4-984d-439e-b51d-d3ef1d535ed0/datanode-0/data/ratis/2d1ebe2e-bd54-4f3a-8c25-55403be5eec4/current/log_inprogress_0
2019-10-05 00:07:56,041 [28b3b2a3-7615-47b5-bcde-5c35fd1f036e@group-0C1A16DFE179-LeaderElection60] INFO  impl.LeaderElection (LeaderElection.java:askForVotes(178)) - 28b3b2a3-7615-47b5-bcde-5c35fd1f036e@group-0C1A16DFE179-LeaderElection60: begin an election at term 1 for -1: [28b3b2a3-7615-47b5-bcde-5c35fd1f036e:192.168.151.67:38601], old=null
2019-10-05 00:07:56,041 [02cbb888-e9d5-4390-8af9-27c0850be5cb@group-F35DDEFE5680-LeaderElection59] INFO  impl.LeaderElection (LeaderElection.java:askForVotes(178)) - 02cbb888-e9d5-4390-8af9-27c0850be5cb@group-F35DDEFE5680-LeaderElection59: begin an election at term 1 for -1: [02cbb888-e9d5-4390-8af9-27c0850be5cb:192.168.151.67:41384], old=null
2019-10-05 00:07:56,041 [28b3b2a3-7615-47b5-bcde-5c35fd1f036e@group-0C1A16DFE179-LeaderElection60] INFO  impl.RoleInfo (RoleInfo.java:shutdownLeaderElection(134)) - 28b3b2a3-7615-47b5-bcde-5c35fd1f036e: shutdown LeaderElection
2019-10-05 00:07:56,041 [02cbb888-e9d5-4390-8af9-27c0850be5cb@group-F35DDEFE5680-LeaderElection59] INFO  impl.RoleInfo (RoleInfo.java:shutdownLeaderElection(134)) - 02cbb888-e9d5-4390-8af9-27c0850be5cb: shutdown LeaderElection
2019-10-05 00:07:56,041 [28b3b2a3-7615-47b5-bcde-5c35fd1f036e@group-0C1A16DFE179-LeaderElection60] INFO  impl.RaftServerImpl (RaftServerImpl.java:setRole(170)) - 28b3b2a3-7615-47b5-bcde-5c35fd1f036e@group-0C1A16DFE179: changes role from CANDIDATE to LEADER at term 1 for changeToLeader
2019-10-05 00:07:56,041 [02cbb888-e9d5-4390-8af9-27c0850be5cb@group-F35DDEFE5680-LeaderElection59] INFO  impl.RaftServerImpl (RaftServerImpl.java:setRole(170)) - 02cbb888-e9d5-4390-8af9-27c0850be5cb@group-F35DDEFE5680: changes role from CANDIDATE to LEADER at term 1 for changeToLeader
2019-10-05 00:07:56,041 [28b3b2a3-7615-47b5-bcde-5c35fd1f036e@group-0C1A16DFE179-LeaderElection60] INFO  impl.RaftServerImpl (ServerState.java:setLeader(255)) - 28b3b2a3-7615-47b5-bcde-5c35fd1f036e@group-0C1A16DFE179: change Leader from null to 28b3b2a3-7615-47b5-bcde-5c35fd1f036e at term 1 for becomeLeader, leader elected after 5036ms
2019-10-05 00:07:56,041 [02cbb888-e9d5-4390-8af9-27c0850be5cb@group-F35DDEFE5680-LeaderElection59] INFO  impl.RaftServerImpl (ServerState.java:setLeader(255)) - 02cbb888-e9d5-4390-8af9-27c0850be5cb@group-F35DDEFE5680: change Leader from null to 02cbb888-e9d5-4390-8af9-27c0850be5cb at term 1 for becomeLeader, leader elected after 5109ms
2019-10-05 00:07:56,041 [28b3b2a3-7615-47b5-bcde-5c35fd1f036e@group-0C1A16DFE179-LeaderElection60] INFO  server.RaftServerConfigKeys (ConfUtils.java:logGet(43)) - raft.server.staging.catchup.gap = 1000 (default)
2019-10-05 00:07:56,042 [02cbb888-e9d5-4390-8af9-27c0850be5cb@group-F35DDEFE5680-LeaderElection59] INFO  server.RaftServerConfigKeys (ConfUtils.java:logGet(43)) - raft.server.staging.catchup.gap = 1000 (default)
2019-10-05 00:07:56,042 [28b3b2a3-7615-47b5-bcde-5c35fd1f036e@group-0C1A16DFE179-LeaderElection60] INFO  server.RaftServerConfigKeys (ConfUtils.java:logGet(43)) - raft.server.rpc.sleep.time = 25ms (default)
2019-10-05 00:07:56,042 [02cbb888-e9d5-4390-8af9-27c0850be5cb@group-F35DDEFE5680-LeaderElection59] INFO  server.RaftServerConfigKeys (ConfUtils.java:logGet(43)) - raft.server.rpc.sleep.time = 25ms (default)
2019-10-05 00:07:56,042 [28b3b2a3-7615-47b5-bcde-5c35fd1f036e@group-0C1A16DFE179-LeaderElection60] INFO  server.RaftServerConfigKeys (ConfUtils.java:logGet(43)) - raft.server.write.element-limit = 4096 (default)
2019-10-05 00:07:56,042 [02cbb888-e9d5-4390-8af9-27c0850be5cb@group-F35DDEFE5680-LeaderElection59] INFO  server.RaftServerConfigKeys (ConfUtils.java:logGet(43)) - raft.server.write.element-limit = 4096 (default)
2019-10-05 00:07:56,042 [28b3b2a3-7615-47b5-bcde-5c35fd1f036e@group-0C1A16DFE179-LeaderElection60] INFO  server.RaftServerConfigKeys (ConfUtils.java:logGet(43)) - raft.server.watch.timeout = 10s (default)
2019-10-05 00:07:56,042 [02cbb888-e9d5-4390-8af9-27c0850be5cb@group-F35DDEFE5680-LeaderElection59] INFO  server.RaftServerConfigKeys (ConfUtils.java:logGet(43)) - raft.server.watch.timeout = 10s (default)
2019-10-05 00:07:56,042 [28b3b2a3-7615-47b5-bcde-5c35fd1f036e@group-0C1A16DFE179-LeaderElection60] INFO  server.RaftServerConfigKeys (ConfUtils.java:logGet(43)) - raft.server.watch.timeout.denomination = 1s (default)
2019-10-05 00:07:56,042 [02cbb888-e9d5-4390-8af9-27c0850be5cb@group-F35DDEFE5680-LeaderElection59] INFO  server.RaftServerConfigKeys (ConfUtils.java:logGet(43)) - raft.server.watch.timeout.denomination = 1s (default)
2019-10-05 00:07:56,043 [28b3b2a3-7615-47b5-bcde-5c35fd1f036e@group-0C1A16DFE179-LeaderElection60] INFO  server.RaftServerConfigKeys (ConfUtils.java:logGet(43)) - raft.server.watch.element-limit = 65536 (default)
2019-10-05 00:07:56,043 [02cbb888-e9d5-4390-8af9-27c0850be5cb@group-F35DDEFE5680-LeaderElection59] INFO  server.RaftServerConfigKeys (ConfUtils.java:logGet(43)) - raft.server.watch.element-limit = 65536 (default)
2019-10-05 00:07:56,045 [28b3b2a3-7615-47b5-bcde-5c35fd1f036e@group-0C1A16DFE179-LeaderElection60] INFO  impl.RoleInfo (RoleInfo.java:updateAndGet(143)) - 28b3b2a3-7615-47b5-bcde-5c35fd1f036e: start LeaderState
2019-10-05 00:07:56,045 [28b3b2a3-7615-47b5-bcde-5c35fd1f036e@group-0C1A16DFE179-LeaderElection60] INFO  segmented.SegmentedRaftLogWorker (SegmentedRaftLogWorker.java:startLogSegment(385)) - 28b3b2a3-7615-47b5-bcde-5c35fd1f036e@group-0C1A16DFE179-SegmentedRaftLogWorker: Starting segment from index:0
2019-10-05 00:07:56,045 [28b3b2a3-7615-47b5-bcde-5c35fd1f036e@group-0C1A16DFE179-LeaderElection60] INFO  impl.RaftServerImpl (ServerState.java:setRaftConf(356)) - 28b3b2a3-7615-47b5-bcde-5c35fd1f036e@group-0C1A16DFE179: set configuration 0: [28b3b2a3-7615-47b5-bcde-5c35fd1f036e:192.168.151.67:38601], old=null at 0
2019-10-05 00:07:56,046 [02cbb888-e9d5-4390-8af9-27c0850be5cb@group-F35DDEFE5680-LeaderElection59] INFO  impl.RoleInfo (RoleInfo.java:updateAndGet(143)) - 02cbb888-e9d5-4390-8af9-27c0850be5cb: start LeaderState
2019-10-05 00:07:56,046 [02cbb888-e9d5-4390-8af9-27c0850be5cb@group-F35DDEFE5680-LeaderElection59] INFO  segmented.SegmentedRaftLogWorker (SegmentedRaftLogWorker.java:startLogSegment(385)) - 02cbb888-e9d5-4390-8af9-27c0850be5cb@group-F35DDEFE5680-SegmentedRaftLogWorker: Starting segment from index:0
2019-10-05 00:07:56,046 [02cbb888-e9d5-4390-8af9-27c0850be5cb@group-F35DDEFE5680-LeaderElection59] INFO  impl.RaftServerImpl (ServerState.java:setRaftConf(356)) - 02cbb888-e9d5-4390-8af9-27c0850be5cb@group-F35DDEFE5680: set configuration 0: [02cbb888-e9d5-4390-8af9-27c0850be5cb:192.168.151.67:41384], old=null at 0
2019-10-05 00:07:56,073 [28b3b2a3-7615-47b5-bcde-5c35fd1f036e@group-0C1A16DFE179-SegmentedRaftLogWorker] INFO  segmented.SegmentedRaftLogWorker (SegmentedRaftLogWorker.java:execute(574)) - 28b3b2a3-7615-47b5-bcde-5c35fd1f036e@group-0C1A16DFE179-SegmentedRaftLogWorker: created new log segment /workdir/hadoop-ozone/integration-test/target/test-dir/MiniOzoneClusterImpl-d03a52b4-984d-439e-b51d-d3ef1d535ed0/datanode-2/data/ratis/519cd605-f38d-4e48-99b3-0c1a16dfe179/current/log_inprogress_0
2019-10-05 00:07:56,073 [02cbb888-e9d5-4390-8af9-27c0850be5cb@group-F35DDEFE5680-SegmentedRaftLogWorker] INFO  segmented.SegmentedRaftLogWorker (SegmentedRaftLogWorker.java:execute(574)) - 02cbb888-e9d5-4390-8af9-27c0850be5cb@group-F35DDEFE5680-SegmentedRaftLogWorker: created new log segment /workdir/hadoop-ozone/integration-test/target/test-dir/MiniOzoneClusterImpl-d03a52b4-984d-439e-b51d-d3ef1d535ed0/datanode-1/data/ratis/cc043942-e688-4529-b332-f35ddefe5680/current/log_inprogress_0
2019-10-05 00:07:56,154 [Thread-2330] INFO  impl.FollowerState (FollowerState.java:run(108)) - 02cbb888-e9d5-4390-8af9-27c0850be5cb@group-E59DAFF0544E-FollowerState: change to CANDIDATE, lastRpcTime:5082ms, electionTimeout:5082ms
2019-10-05 00:07:56,154 [Thread-2330] INFO  impl.RoleInfo (RoleInfo.java:shutdownFollowerState(121)) - 02cbb888-e9d5-4390-8af9-27c0850be5cb: shutdown FollowerState
2019-10-05 00:07:56,154 [Thread-2330] INFO  impl.RaftServerImpl (RaftServerImpl.java:setRole(170)) - 02cbb888-e9d5-4390-8af9-27c0850be5cb@group-E59DAFF0544E: changes role from  FOLLOWER to CANDIDATE at term 0 for changeToCandidate
2019-10-05 00:07:56,154 [Thread-2330] INFO  impl.RoleInfo (RoleInfo.java:updateAndGet(143)) - 02cbb888-e9d5-4390-8af9-27c0850be5cb: start LeaderElection
2019-10-05 00:07:56,159 [Thread-2338] INFO  impl.FollowerState (FollowerState.java:run(108)) - b0473cc4-d771-4568-bfd9-0483b58a1571@group-1818D1FE0A44-FollowerState: change to CANDIDATE, lastRpcTime:5003ms, electionTimeout:5000ms
2019-10-05 00:07:56,162 [Thread-2338] INFO  impl.RoleInfo (RoleInfo.java:shutdownFollowerState(121)) - b0473cc4-d771-4568-bfd9-0483b58a1571: shutdown FollowerState
2019-10-05 00:07:56,162 [Thread-2338] INFO  impl.RaftServerImpl (RaftServerImpl.java:setRole(170)) - b0473cc4-d771-4568-bfd9-0483b58a1571@group-1818D1FE0A44: changes role from  FOLLOWER to CANDIDATE at term 0 for changeToCandidate
2019-10-05 00:07:56,162 [Thread-2338] INFO  impl.RoleInfo (RoleInfo.java:updateAndGet(143)) - b0473cc4-d771-4568-bfd9-0483b58a1571: start LeaderElection
2019-10-05 00:07:56,171 [02cbb888-e9d5-4390-8af9-27c0850be5cb@group-E59DAFF0544E-LeaderElection61] INFO  impl.LeaderElection (LeaderElection.java:askForVotes(178)) - 02cbb888-e9d5-4390-8af9-27c0850be5cb@group-E59DAFF0544E-LeaderElection61: begin an election at term 1 for -1: [28b3b2a3-7615-47b5-bcde-5c35fd1f036e:192.168.151.67:38601, 02cbb888-e9d5-4390-8af9-27c0850be5cb:192.168.151.67:41384, ea6be2e5-3afe-4fcc-aaa0-c17f08d99e72:192.168.151.67:33791], old=null
2019-10-05 00:07:56,175 [grpc-default-executor-1] INFO  impl.RaftServerImpl (RaftServerImpl.java:setRole(170)) - ea6be2e5-3afe-4fcc-aaa0-c17f08d99e72@group-E59DAFF0544E: changes role from  FOLLOWER to FOLLOWER at term 1 for recognizeCandidate:02cbb888-e9d5-4390-8af9-27c0850be5cb
2019-10-05 00:07:56,175 [grpc-default-executor-5] INFO  impl.RaftServerImpl (RaftServerImpl.java:setRole(170)) - 28b3b2a3-7615-47b5-bcde-5c35fd1f036e@group-E59DAFF0544E: changes role from  FOLLOWER to FOLLOWER at term 1 for recognizeCandidate:02cbb888-e9d5-4390-8af9-27c0850be5cb
2019-10-05 00:07:56,175 [grpc-default-executor-1] INFO  impl.RoleInfo (RoleInfo.java:shutdownFollowerState(121)) - ea6be2e5-3afe-4fcc-aaa0-c17f08d99e72: shutdown FollowerState
2019-10-05 00:07:56,176 [grpc-default-executor-5] INFO  impl.RoleInfo (RoleInfo.java:shutdownFollowerState(121)) - 28b3b2a3-7615-47b5-bcde-5c35fd1f036e: shutdown FollowerState
2019-10-05 00:07:56,176 [Thread-2333] INFO  impl.FollowerState (FollowerState.java:run(117)) - ea6be2e5-3afe-4fcc-aaa0-c17f08d99e72@group-E59DAFF0544E-FollowerState was interrupted: java.lang.InterruptedException: sleep interrupted
2019-10-05 00:07:56,176 [grpc-default-executor-5] INFO  impl.RoleInfo (RoleInfo.java:updateAndGet(143)) - 28b3b2a3-7615-47b5-bcde-5c35fd1f036e: start FollowerState
2019-10-05 00:07:56,176 [grpc-default-executor-1] INFO  impl.RoleInfo (RoleInfo.java:updateAndGet(143)) - ea6be2e5-3afe-4fcc-aaa0-c17f08d99e72: start FollowerState
2019-10-05 00:07:56,180 [Thread-2332] INFO  impl.FollowerState (FollowerState.java:run(117)) - 28b3b2a3-7615-47b5-bcde-5c35fd1f036e@group-E59DAFF0544E-FollowerState was interrupted: java.lang.InterruptedException: sleep interrupted
2019-10-05 00:07:56,184 [b0473cc4-d771-4568-bfd9-0483b58a1571@group-1818D1FE0A44-LeaderElection62] INFO  impl.LeaderElection (LeaderElection.java:askForVotes(178)) - b0473cc4-d771-4568-bfd9-0483b58a1571@group-1818D1FE0A44-LeaderElection62: begin an election at term 1 for -1: [b0473cc4-d771-4568-bfd9-0483b58a1571:192.168.151.67:33678], old=null
2019-10-05 00:07:56,184 [b0473cc4-d771-4568-bfd9-0483b58a1571@group-1818D1FE0A44-LeaderElection62] INFO  impl.RoleInfo (RoleInfo.java:shutdownLeaderElection(134)) - b0473cc4-d771-4568-bfd9-0483b58a1571: shutdown LeaderElection
2019-10-05 00:07:56,184 [b0473cc4-d771-4568-bfd9-0483b58a1571@group-1818D1FE0A44-LeaderElection62] INFO  impl.RaftServerImpl (RaftServerImpl.java:setRole(170)) - b0473cc4-d771-4568-bfd9-0483b58a1571@group-1818D1FE0A44: changes role from CANDIDATE to LEADER at term 1 for changeToLeader
2019-10-05 00:07:56,184 [b0473cc4-d771-4568-bfd9-0483b58a1571@group-1818D1FE0A44-LeaderElection62] INFO  impl.RaftServerImpl (ServerState.java:setLeader(255)) - b0473cc4-d771-4568-bfd9-0483b58a1571@group-1818D1FE0A44: change Leader from null to b0473cc4-d771-4568-bfd9-0483b58a1571 at term 1 for becomeLeader, leader elected after 5033ms
2019-10-05 00:07:56,185 [b0473cc4-d771-4568-bfd9-0483b58a1571@group-1818D1FE0A44-LeaderElection62] INFO  server.RaftServerConfigKeys (ConfUtils.java:logGet(43)) - raft.server.staging.catchup.gap = 1000 (default)
2019-10-05 00:07:56,185 [b0473cc4-d771-4568-bfd9-0483b58a1571@group-1818D1FE0A44-LeaderElection62] INFO  server.RaftServerConfigKeys (ConfUtils.java:logGet(43)) - raft.server.rpc.sleep.time = 25ms (default)
2019-10-05 00:07:56,185 [b0473cc4-d771-4568-bfd9-0483b58a1571@group-1818D1FE0A44-LeaderElection62] INFO  server.RaftServerConfigKeys (ConfUtils.java:logGet(43)) - raft.server.write.element-limit = 4096 (default)
2019-10-05 00:07:56,185 [b0473cc4-d771-4568-bfd9-0483b58a1571@group-1818D1FE0A44-LeaderElection62] INFO  server.RaftServerConfigKeys (ConfUtils.java:logGet(43)) - raft.server.watch.timeout = 10s (default)
2019-10-05 00:07:56,185 [b0473cc4-d771-4568-bfd9-0483b58a1571@group-1818D1FE0A44-LeaderElection62] INFO  server.RaftServerConfigKeys (ConfUtils.java:logGet(43)) - raft.server.watch.timeout.denomination = 1s (default)
2019-10-05 00:07:56,186 [b0473cc4-d771-4568-bfd9-0483b58a1571@group-1818D1FE0A44-LeaderElection62] INFO  server.RaftServerConfigKeys (ConfUtils.java:logGet(43)) - raft.server.watch.element-limit = 65536 (default)
2019-10-05 00:07:56,189 [02cbb888-e9d5-4390-8af9-27c0850be5cb@group-E59DAFF0544E-LeaderElection61] INFO  impl.LeaderElection (LeaderElection.java:logAndReturn(56)) - 02cbb888-e9d5-4390-8af9-27c0850be5cb@group-E59DAFF0544E-LeaderElection61: Election PASSED; received 1 response(s) [02cbb888-e9d5-4390-8af9-27c0850be5cb<-ea6be2e5-3afe-4fcc-aaa0-c17f08d99e72#0:OK-t1] and 0 exception(s); 02cbb888-e9d5-4390-8af9-27c0850be5cb@group-E59DAFF0544E:t1, leader=null, voted=02cbb888-e9d5-4390-8af9-27c0850be5cb, raftlog=02cbb888-e9d5-4390-8af9-27c0850be5cb@group-E59DAFF0544E-SegmentedRaftLog:OPENED:c-1,f-1,i0, conf=-1: [28b3b2a3-7615-47b5-bcde-5c35fd1f036e:192.168.151.67:38601, 02cbb888-e9d5-4390-8af9-27c0850be5cb:192.168.151.67:41384, ea6be2e5-3afe-4fcc-aaa0-c17f08d99e72:192.168.151.67:33791], old=null
2019-10-05 00:07:56,189 [02cbb888-e9d5-4390-8af9-27c0850be5cb@group-E59DAFF0544E-LeaderElection61] INFO  impl.RoleInfo (RoleInfo.java:shutdownLeaderElection(134)) - 02cbb888-e9d5-4390-8af9-27c0850be5cb: shutdown LeaderElection
2019-10-05 00:07:56,189 [02cbb888-e9d5-4390-8af9-27c0850be5cb@group-E59DAFF0544E-LeaderElection61] INFO  impl.RaftServerImpl (RaftServerImpl.java:setRole(170)) - 02cbb888-e9d5-4390-8af9-27c0850be5cb@group-E59DAFF0544E: changes role from CANDIDATE to LEADER at term 1 for changeToLeader
2019-10-05 00:07:56,189 [02cbb888-e9d5-4390-8af9-27c0850be5cb@group-E59DAFF0544E-LeaderElection61] INFO  impl.RaftServerImpl (ServerState.java:setLeader(255)) - 02cbb888-e9d5-4390-8af9-27c0850be5cb@group-E59DAFF0544E: change Leader from null to 02cbb888-e9d5-4390-8af9-27c0850be5cb at term 1 for becomeLeader, leader elected after 5126ms
2019-10-05 00:07:56,190 [02cbb888-e9d5-4390-8af9-27c0850be5cb@group-E59DAFF0544E-LeaderElection61] INFO  server.RaftServerConfigKeys (ConfUtils.java:logGet(43)) - raft.server.staging.catchup.gap = 1000 (default)
2019-10-05 00:07:56,190 [02cbb888-e9d5-4390-8af9-27c0850be5cb@group-E59DAFF0544E-LeaderElection61] INFO  server.RaftServerConfigKeys (ConfUtils.java:logGet(43)) - raft.server.rpc.sleep.time = 25ms (default)
2019-10-05 00:07:56,190 [02cbb888-e9d5-4390-8af9-27c0850be5cb@group-E59DAFF0544E-LeaderElection61] INFO  server.RaftServerConfigKeys (ConfUtils.java:logGet(43)) - raft.server.write.element-limit = 4096 (default)
2019-10-05 00:07:56,190 [02cbb888-e9d5-4390-8af9-27c0850be5cb@group-E59DAFF0544E-LeaderElection61] INFO  server.RaftServerConfigKeys (ConfUtils.java:logGet(43)) - raft.server.watch.timeout = 10s (default)
2019-10-05 00:07:56,190 [02cbb888-e9d5-4390-8af9-27c0850be5cb@group-E59DAFF0544E-LeaderElection61] INFO  server.RaftServerConfigKeys (ConfUtils.java:logGet(43)) - raft.server.watch.timeout.denomination = 1s (default)
2019-10-05 00:07:56,190 [b0473cc4-d771-4568-bfd9-0483b58a1571@group-1818D1FE0A44-LeaderElection62] INFO  impl.RoleInfo (RoleInfo.java:updateAndGet(143)) - b0473cc4-d771-4568-bfd9-0483b58a1571: start LeaderState
2019-10-05 00:07:56,190 [02cbb888-e9d5-4390-8af9-27c0850be5cb@group-E59DAFF0544E-LeaderElection61] INFO  server.RaftServerConfigKeys (ConfUtils.java:logGet(43)) - raft.server.watch.element-limit = 65536 (default)
2019-10-05 00:07:56,192 [b0473cc4-d771-4568-bfd9-0483b58a1571@group-1818D1FE0A44-LeaderElection62] INFO  segmented.SegmentedRaftLogWorker (SegmentedRaftLogWorker.java:startLogSegment(385)) - b0473cc4-d771-4568-bfd9-0483b58a1571@group-1818D1FE0A44-SegmentedRaftLogWorker: Starting segment from index:0
2019-10-05 00:07:56,193 [b0473cc4-d771-4568-bfd9-0483b58a1571@group-1818D1FE0A44-LeaderElection62] INFO  impl.RaftServerImpl (ServerState.java:setRaftConf(356)) - b0473cc4-d771-4568-bfd9-0483b58a1571@group-1818D1FE0A44: set configuration 0: [b0473cc4-d771-4568-bfd9-0483b58a1571:192.168.151.67:33678], old=null at 0
2019-10-05 00:07:56,194 [02cbb888-e9d5-4390-8af9-27c0850be5cb@group-E59DAFF0544E-LeaderElection61] INFO  server.RaftServerConfigKeys (ConfUtils.java:logGet(43)) - raft.server.log.appender.snapshot.chunk.size.max = 16MB (=16777216) (default)
2019-10-05 00:07:56,194 [02cbb888-e9d5-4390-8af9-27c0850be5cb@group-E59DAFF0544E-LeaderElection61] INFO  server.RaftServerConfigKeys (ConfUtils.java:logGet(43)) - raft.server.log.appender.buffer.byte-limit = 33554432 (custom)
2019-10-05 00:07:56,194 [02cbb888-e9d5-4390-8af9-27c0850be5cb@group-E59DAFF0544E-LeaderElection61] INFO  server.RaftServerConfigKeys (ConfUtils.java:logGet(43)) - raft.server.log.appender.buffer.element-limit = 1 (custom)
2019-10-05 00:07:56,194 [02cbb888-e9d5-4390-8af9-27c0850be5cb@group-E59DAFF0544E-LeaderElection61] INFO  grpc.GrpcConfigKeys$Server (ConfUtils.java:logGet(43)) - raft.grpc.server.leader.outstanding.appends.max = 128 (default)
2019-10-05 00:07:56,194 [02cbb888-e9d5-4390-8af9-27c0850be5cb@group-E59DAFF0544E-LeaderElection61] INFO  server.RaftServerConfigKeys (ConfUtils.java:logGet(43)) - raft.server.rpc.request.timeout = 3000ms (default)
2019-10-05 00:07:56,194 [02cbb888-e9d5-4390-8af9-27c0850be5cb@group-E59DAFF0544E-LeaderElection61] INFO  server.RaftServerConfigKeys (ConfUtils.java:logGet(43)) - raft.server.log.appender.install.snapshot.enabled = false (custom)
2019-10-05 00:07:56,195 [02cbb888-e9d5-4390-8af9-27c0850be5cb@group-E59DAFF0544E-LeaderElection61] INFO  server.RaftServerConfigKeys (ConfUtils.java:logGet(43)) - raft.server.log.appender.snapshot.chunk.size.max = 16MB (=16777216) (default)
2019-10-05 00:07:56,195 [02cbb888-e9d5-4390-8af9-27c0850be5cb@group-E59DAFF0544E-LeaderElection61] INFO  server.RaftServerConfigKeys (ConfUtils.java:logGet(43)) - raft.server.log.appender.buffer.byte-limit = 33554432 (custom)
2019-10-05 00:07:56,195 [02cbb888-e9d5-4390-8af9-27c0850be5cb@group-E59DAFF0544E-LeaderElection61] INFO  server.RaftServerConfigKeys (ConfUtils.java:logGet(43)) - raft.server.log.appender.buffer.element-limit = 1 (custom)
2019-10-05 00:07:56,195 [02cbb888-e9d5-4390-8af9-27c0850be5cb@group-E59DAFF0544E-LeaderElection61] INFO  grpc.GrpcConfigKeys$Server (ConfUtils.java:logGet(43)) - raft.grpc.server.leader.outstanding.appends.max = 128 (default)
2019-10-05 00:07:56,195 [02cbb888-e9d5-4390-8af9-27c0850be5cb@group-E59DAFF0544E-LeaderElection61] INFO  server.RaftServerConfigKeys (ConfUtils.java:logGet(43)) - raft.server.rpc.request.timeout = 3000ms (default)
2019-10-05 00:07:56,195 [02cbb888-e9d5-4390-8af9-27c0850be5cb@group-E59DAFF0544E-LeaderElection61] INFO  server.RaftServerConfigKeys (ConfUtils.java:logGet(43)) - raft.server.log.appender.install.snapshot.enabled = false (custom)
2019-10-05 00:07:56,195 [02cbb888-e9d5-4390-8af9-27c0850be5cb@group-E59DAFF0544E-LeaderElection61] INFO  impl.RoleInfo (RoleInfo.java:updateAndGet(143)) - 02cbb888-e9d5-4390-8af9-27c0850be5cb: start LeaderState
2019-10-05 00:07:56,195 [02cbb888-e9d5-4390-8af9-27c0850be5cb@group-E59DAFF0544E-LeaderElection61] INFO  segmented.SegmentedRaftLogWorker (SegmentedRaftLogWorker.java:startLogSegment(385)) - 02cbb888-e9d5-4390-8af9-27c0850be5cb@group-E59DAFF0544E-SegmentedRaftLogWorker: Starting segment from index:0
2019-10-05 00:07:56,196 [02cbb888-e9d5-4390-8af9-27c0850be5cb@group-E59DAFF0544E-LeaderElection61] INFO  impl.RaftServerImpl (ServerState.java:setRaftConf(356)) - 02cbb888-e9d5-4390-8af9-27c0850be5cb@group-E59DAFF0544E: set configuration 0: [28b3b2a3-7615-47b5-bcde-5c35fd1f036e:192.168.151.67:38601, 02cbb888-e9d5-4390-8af9-27c0850be5cb:192.168.151.67:41384, ea6be2e5-3afe-4fcc-aaa0-c17f08d99e72:192.168.151.67:33791], old=null at 0
2019-10-05 00:07:56,197 [grpc-default-executor-5] INFO  impl.RaftServerImpl (ServerState.java:setLeader(255)) - 28b3b2a3-7615-47b5-bcde-5c35fd1f036e@group-E59DAFF0544E: change Leader from null to 02cbb888-e9d5-4390-8af9-27c0850be5cb at term 1 for appendEntries, leader elected after 5132ms
2019-10-05 00:07:56,198 [grpc-default-executor-1] INFO  impl.RaftServerImpl (ServerState.java:setLeader(255)) - ea6be2e5-3afe-4fcc-aaa0-c17f08d99e72@group-E59DAFF0544E: change Leader from null to 02cbb888-e9d5-4390-8af9-27c0850be5cb at term 1 for appendEntries, leader elected after 5133ms
2019-10-05 00:07:56,230 [grpc-default-executor-5] INFO  impl.RaftServerImpl (ServerState.java:setRaftConf(356)) - ea6be2e5-3afe-4fcc-aaa0-c17f08d99e72@group-E59DAFF0544E: set configuration 0: [28b3b2a3-7615-47b5-bcde-5c35fd1f036e:192.168.151.67:38601, 02cbb888-e9d5-4390-8af9-27c0850be5cb:192.168.151.67:41384, ea6be2e5-3afe-4fcc-aaa0-c17f08d99e72:192.168.151.67:33791], old=null at 0
2019-10-05 00:07:56,230 [grpc-default-executor-1] INFO  impl.RaftServerImpl (ServerState.java:setRaftConf(356)) - 28b3b2a3-7615-47b5-bcde-5c35fd1f036e@group-E59DAFF0544E: set configuration 0: [28b3b2a3-7615-47b5-bcde-5c35fd1f036e:192.168.151.67:38601, 02cbb888-e9d5-4390-8af9-27c0850be5cb:192.168.151.67:41384, ea6be2e5-3afe-4fcc-aaa0-c17f08d99e72:192.168.151.67:33791], old=null at 0
2019-10-05 00:07:56,230 [grpc-default-executor-5] INFO  segmented.SegmentedRaftLogWorker (SegmentedRaftLogWorker.java:startLogSegment(385)) - ea6be2e5-3afe-4fcc-aaa0-c17f08d99e72@group-E59DAFF0544E-SegmentedRaftLogWorker: Starting segment from index:0
2019-10-05 00:07:56,231 [b0473cc4-d771-4568-bfd9-0483b58a1571@group-1818D1FE0A44-SegmentedRaftLogWorker] INFO  segmented.SegmentedRaftLogWorker (SegmentedRaftLogWorker.java:execute(574)) - b0473cc4-d771-4568-bfd9-0483b58a1571@group-1818D1FE0A44-SegmentedRaftLogWorker: created new log segment /workdir/hadoop-ozone/integration-test/target/test-dir/MiniOzoneClusterImpl-d03a52b4-984d-439e-b51d-d3ef1d535ed0/datanode-3/data/ratis/e2c4472c-9f9c-44cf-97db-1818d1fe0a44/current/log_inprogress_0
2019-10-05 00:07:56,231 [02cbb888-e9d5-4390-8af9-27c0850be5cb@group-E59DAFF0544E-SegmentedRaftLogWorker] INFO  segmented.SegmentedRaftLogWorker (SegmentedRaftLogWorker.java:execute(574)) - 02cbb888-e9d5-4390-8af9-27c0850be5cb@group-E59DAFF0544E-SegmentedRaftLogWorker: created new log segment /workdir/hadoop-ozone/integration-test/target/test-dir/MiniOzoneClusterImpl-d03a52b4-984d-439e-b51d-d3ef1d535ed0/datanode-1/data/ratis/d1c97a3f-f3e2-41ed-94f8-e59daff0544e/current/log_inprogress_0
2019-10-05 00:07:56,231 [grpc-default-executor-1] INFO  segmented.SegmentedRaftLogWorker (SegmentedRaftLogWorker.java:startLogSegment(385)) - 28b3b2a3-7615-47b5-bcde-5c35fd1f036e@group-E59DAFF0544E-SegmentedRaftLogWorker: Starting segment from index:0
2019-10-05 00:07:56,249 [Thread-2341] INFO  impl.FollowerState (FollowerState.java:run(108)) - 945d3718-c87e-443d-9b3e-97045e4a165a@group-211D6EF39D41-FollowerState: change to CANDIDATE, lastRpcTime:5042ms, electionTimeout:5042ms
2019-10-05 00:07:56,249 [Thread-2341] INFO  impl.RoleInfo (RoleInfo.java:shutdownFollowerState(121)) - 945d3718-c87e-443d-9b3e-97045e4a165a: shutdown FollowerState
2019-10-05 00:07:56,249 [Thread-2341] INFO  impl.RaftServerImpl (RaftServerImpl.java:setRole(170)) - 945d3718-c87e-443d-9b3e-97045e4a165a@group-211D6EF39D41: changes role from  FOLLOWER to CANDIDATE at term 0 for changeToCandidate
2019-10-05 00:07:56,250 [Thread-2341] INFO  impl.RoleInfo (RoleInfo.java:updateAndGet(143)) - 945d3718-c87e-443d-9b3e-97045e4a165a: start LeaderElection
2019-10-05 00:07:56,274 [28b3b2a3-7615-47b5-bcde-5c35fd1f036e@group-E59DAFF0544E-SegmentedRaftLogWorker] INFO  segmented.SegmentedRaftLogWorker (SegmentedRaftLogWorker.java:execute(574)) - 28b3b2a3-7615-47b5-bcde-5c35fd1f036e@group-E59DAFF0544E-SegmentedRaftLogWorker: created new log segment /workdir/hadoop-ozone/integration-test/target/test-dir/MiniOzoneClusterImpl-d03a52b4-984d-439e-b51d-d3ef1d535ed0/datanode-2/data/ratis/d1c97a3f-f3e2-41ed-94f8-e59daff0544e/current/log_inprogress_0
2019-10-05 00:07:56,274 [945d3718-c87e-443d-9b3e-97045e4a165a@group-211D6EF39D41-LeaderElection63] INFO  impl.LeaderElection (LeaderElection.java:askForVotes(178)) - 945d3718-c87e-443d-9b3e-97045e4a165a@group-211D6EF39D41-LeaderElection63: begin an election at term 1 for -1: [945d3718-c87e-443d-9b3e-97045e4a165a:192.168.151.67:43548], old=null
2019-10-05 00:07:56,274 [ea6be2e5-3afe-4fcc-aaa0-c17f08d99e72@group-E59DAFF0544E-SegmentedRaftLogWorker] INFO  segmented.SegmentedRaftLogWorker (SegmentedRaftLogWorker.java:execute(574)) - ea6be2e5-3afe-4fcc-aaa0-c17f08d99e72@group-E59DAFF0544E-SegmentedRaftLogWorker: created new log segment /workdir/hadoop-ozone/integration-test/target/test-dir/MiniOzoneClusterImpl-d03a52b4-984d-439e-b51d-d3ef1d535ed0/datanode-0/data/ratis/d1c97a3f-f3e2-41ed-94f8-e59daff0544e/current/log_inprogress_0
2019-10-05 00:07:56,274 [945d3718-c87e-443d-9b3e-97045e4a165a@group-211D6EF39D41-LeaderElection63] INFO  impl.RoleInfo (RoleInfo.java:shutdownLeaderElection(134)) - 945d3718-c87e-443d-9b3e-97045e4a165a: shutdown LeaderElection
2019-10-05 00:07:56,274 [945d3718-c87e-443d-9b3e-97045e4a165a@group-211D6EF39D41-LeaderElection63] INFO  impl.RaftServerImpl (RaftServerImpl.java:setRole(170)) - 945d3718-c87e-443d-9b3e-97045e4a165a@group-211D6EF39D41: changes role from CANDIDATE to LEADER at term 1 for changeToLeader
2019-10-05 00:07:56,274 [945d3718-c87e-443d-9b3e-97045e4a165a@group-211D6EF39D41-LeaderElection63] INFO  impl.RaftServerImpl (ServerState.java:setLeader(255)) - 945d3718-c87e-443d-9b3e-97045e4a165a@group-211D6EF39D41: change Leader from null to 945d3718-c87e-443d-9b3e-97045e4a165a at term 1 for becomeLeader, leader elected after 5074ms
2019-10-05 00:07:56,274 [945d3718-c87e-443d-9b3e-97045e4a165a@group-211D6EF39D41-LeaderElection63] INFO  server.RaftServerConfigKeys (ConfUtils.java:logGet(43)) - raft.server.staging.catchup.gap = 1000 (default)
2019-10-05 00:07:56,274 [945d3718-c87e-443d-9b3e-97045e4a165a@group-211D6EF39D41-LeaderElection63] INFO  server.RaftServerConfigKeys (ConfUtils.java:logGet(43)) - raft.server.rpc.sleep.time = 25ms (default)
2019-10-05 00:07:56,275 [945d3718-c87e-443d-9b3e-97045e4a165a@group-211D6EF39D41-LeaderElection63] INFO  server.RaftServerConfigKeys (ConfUtils.java:logGet(43)) - raft.server.write.element-limit = 4096 (default)
2019-10-05 00:07:56,275 [945d3718-c87e-443d-9b3e-97045e4a165a@group-211D6EF39D41-LeaderElection63] INFO  server.RaftServerConfigKeys (ConfUtils.java:logGet(43)) - raft.server.watch.timeout = 10s (default)
2019-10-05 00:07:56,275 [945d3718-c87e-443d-9b3e-97045e4a165a@group-211D6EF39D41-LeaderElection63] INFO  server.RaftServerConfigKeys (ConfUtils.java:logGet(43)) - raft.server.watch.timeout.denomination = 1s (default)
2019-10-05 00:07:56,275 [945d3718-c87e-443d-9b3e-97045e4a165a@group-211D6EF39D41-LeaderElection63] INFO  server.RaftServerConfigKeys (ConfUtils.java:logGet(43)) - raft.server.watch.element-limit = 65536 (default)
2019-10-05 00:07:56,277 [945d3718-c87e-443d-9b3e-97045e4a165a@group-211D6EF39D41-LeaderElection63] INFO  impl.RoleInfo (RoleInfo.java:updateAndGet(143)) - 945d3718-c87e-443d-9b3e-97045e4a165a: start LeaderState
2019-10-05 00:07:56,277 [945d3718-c87e-443d-9b3e-97045e4a165a@group-211D6EF39D41-LeaderElection63] INFO  segmented.SegmentedRaftLogWorker (SegmentedRaftLogWorker.java:startLogSegment(385)) - 945d3718-c87e-443d-9b3e-97045e4a165a@group-211D6EF39D41-SegmentedRaftLogWorker: Starting segment from index:0
2019-10-05 00:07:56,278 [945d3718-c87e-443d-9b3e-97045e4a165a@group-211D6EF39D41-LeaderElection63] INFO  impl.RaftServerImpl (ServerState.java:setRaftConf(356)) - 945d3718-c87e-443d-9b3e-97045e4a165a@group-211D6EF39D41: set configuration 0: [945d3718-c87e-443d-9b3e-97045e4a165a:192.168.151.67:43548], old=null at 0
2019-10-05 00:07:56,297 [Thread-2344] INFO  impl.FollowerState (FollowerState.java:run(108)) - 10d62654-88ed-40b9-8f86-c8f1bea16ab4@group-E299B8F4E7F5-FollowerState: change to CANDIDATE, lastRpcTime:5044ms, electionTimeout:5044ms
2019-10-05 00:07:56,297 [Thread-2344] INFO  impl.RoleInfo (RoleInfo.java:shutdownFollowerState(121)) - 10d62654-88ed-40b9-8f86-c8f1bea16ab4: shutdown FollowerState
2019-10-05 00:07:56,297 [Thread-2344] INFO  impl.RaftServerImpl (RaftServerImpl.java:setRole(170)) - 10d62654-88ed-40b9-8f86-c8f1bea16ab4@group-E299B8F4E7F5: changes role from  FOLLOWER to CANDIDATE at term 0 for changeToCandidate
2019-10-05 00:07:56,297 [Thread-2344] INFO  impl.RoleInfo (RoleInfo.java:updateAndGet(143)) - 10d62654-88ed-40b9-8f86-c8f1bea16ab4: start LeaderElection
2019-10-05 00:07:56,313 [945d3718-c87e-443d-9b3e-97045e4a165a@group-211D6EF39D41-SegmentedRaftLogWorker] INFO  segmented.SegmentedRaftLogWorker (SegmentedRaftLogWorker.java:execute(574)) - 945d3718-c87e-443d-9b3e-97045e4a165a@group-211D6EF39D41-SegmentedRaftLogWorker: created new log segment /workdir/hadoop-ozone/integration-test/target/test-dir/MiniOzoneClusterImpl-d03a52b4-984d-439e-b51d-d3ef1d535ed0/datanode-4/data/ratis/e14552a0-88c9-4b4d-b86b-211d6ef39d41/current/log_inprogress_0
2019-10-05 00:07:56,316 [10d62654-88ed-40b9-8f86-c8f1bea16ab4@group-E299B8F4E7F5-LeaderElection64] INFO  impl.LeaderElection (LeaderElection.java:askForVotes(178)) - 10d62654-88ed-40b9-8f86-c8f1bea16ab4@group-E299B8F4E7F5-LeaderElection64: begin an election at term 1 for -1: [10d62654-88ed-40b9-8f86-c8f1bea16ab4:192.168.151.67:40914], old=null
2019-10-05 00:07:56,316 [10d62654-88ed-40b9-8f86-c8f1bea16ab4@group-E299B8F4E7F5-LeaderElection64] INFO  impl.RoleInfo (RoleInfo.java:shutdownLeaderElection(134)) - 10d62654-88ed-40b9-8f86-c8f1bea16ab4: shutdown LeaderElection
2019-10-05 00:07:56,317 [10d62654-88ed-40b9-8f86-c8f1bea16ab4@group-E299B8F4E7F5-LeaderElection64] INFO  impl.RaftServerImpl (RaftServerImpl.java:setRole(170)) - 10d62654-88ed-40b9-8f86-c8f1bea16ab4@group-E299B8F4E7F5: changes role from CANDIDATE to LEADER at term 1 for changeToLeader
2019-10-05 00:07:56,317 [10d62654-88ed-40b9-8f86-c8f1bea16ab4@group-E299B8F4E7F5-LeaderElection64] INFO  impl.RaftServerImpl (ServerState.java:setLeader(255)) - 10d62654-88ed-40b9-8f86-c8f1bea16ab4@group-E299B8F4E7F5: change Leader from null to 10d62654-88ed-40b9-8f86-c8f1bea16ab4 at term 1 for becomeLeader, leader elected after 5070ms
2019-10-05 00:07:56,317 [10d62654-88ed-40b9-8f86-c8f1bea16ab4@group-E299B8F4E7F5-LeaderElection64] INFO  server.RaftServerConfigKeys (ConfUtils.java:logGet(43)) - raft.server.staging.catchup.gap = 1000 (default)
2019-10-05 00:07:56,317 [10d62654-88ed-40b9-8f86-c8f1bea16ab4@group-E299B8F4E7F5-LeaderElection64] INFO  server.RaftServerConfigKeys (ConfUtils.java:logGet(43)) - raft.server.rpc.sleep.time = 25ms (default)
2019-10-05 00:07:56,317 [10d62654-88ed-40b9-8f86-c8f1bea16ab4@group-E299B8F4E7F5-LeaderElection64] INFO  server.RaftServerConfigKeys (ConfUtils.java:logGet(43)) - raft.server.write.element-limit = 4096 (default)
2019-10-05 00:07:56,317 [10d62654-88ed-40b9-8f86-c8f1bea16ab4@group-E299B8F4E7F5-LeaderElection64] INFO  server.RaftServerConfigKeys (ConfUtils.java:logGet(43)) - raft.server.watch.timeout = 10s (default)
2019-10-05 00:07:56,318 [10d62654-88ed-40b9-8f86-c8f1bea16ab4@group-E299B8F4E7F5-LeaderElection64] INFO  server.RaftServerConfigKeys (ConfUtils.java:logGet(43)) - raft.server.watch.timeout.denomination = 1s (default)
2019-10-05 00:07:56,318 [10d62654-88ed-40b9-8f86-c8f1bea16ab4@group-E299B8F4E7F5-LeaderElection64] INFO  server.RaftServerConfigKeys (ConfUtils.java:logGet(43)) - raft.server.watch.element-limit = 65536 (default)
2019-10-05 00:07:56,319 [10d62654-88ed-40b9-8f86-c8f1bea16ab4@group-E299B8F4E7F5-LeaderElection64] INFO  impl.RoleInfo (RoleInfo.java:updateAndGet(143)) - 10d62654-88ed-40b9-8f86-c8f1bea16ab4: start LeaderState
2019-10-05 00:07:56,319 [10d62654-88ed-40b9-8f86-c8f1bea16ab4@group-E299B8F4E7F5-LeaderElection64] INFO  segmented.SegmentedRaftLogWorker (SegmentedRaftLogWorker.java:startLogSegment(385)) - 10d62654-88ed-40b9-8f86-c8f1bea16ab4@group-E299B8F4E7F5-SegmentedRaftLogWorker: Starting segment from index:0
2019-10-05 00:07:56,320 [10d62654-88ed-40b9-8f86-c8f1bea16ab4@group-E299B8F4E7F5-LeaderElection64] INFO  impl.RaftServerImpl (ServerState.java:setRaftConf(356)) - 10d62654-88ed-40b9-8f86-c8f1bea16ab4@group-E299B8F4E7F5: set configuration 0: [10d62654-88ed-40b9-8f86-c8f1bea16ab4:192.168.151.67:40914], old=null at 0
2019-10-05 00:07:56,320 [Thread-2347] INFO  impl.FollowerState (FollowerState.java:run(108)) - 654e5534-a07a-41bd-b563-56ff57221b3f@group-051AF1F15EF6-FollowerState: change to CANDIDATE, lastRpcTime:5002ms, electionTimeout:5002ms
2019-10-05 00:07:56,320 [Thread-2347] INFO  impl.RoleInfo (RoleInfo.java:shutdownFollowerState(121)) - 654e5534-a07a-41bd-b563-56ff57221b3f: shutdown FollowerState
2019-10-05 00:07:56,320 [Thread-2347] INFO  impl.RaftServerImpl (RaftServerImpl.java:setRole(170)) - 654e5534-a07a-41bd-b563-56ff57221b3f@group-051AF1F15EF6: changes role from  FOLLOWER to CANDIDATE at term 0 for changeToCandidate
2019-10-05 00:07:56,320 [Thread-2347] INFO  impl.RoleInfo (RoleInfo.java:updateAndGet(143)) - 654e5534-a07a-41bd-b563-56ff57221b3f: start LeaderElection
2019-10-05 00:07:56,368 [10d62654-88ed-40b9-8f86-c8f1bea16ab4@group-E299B8F4E7F5-SegmentedRaftLogWorker] INFO  segmented.SegmentedRaftLogWorker (SegmentedRaftLogWorker.java:execute(574)) - 10d62654-88ed-40b9-8f86-c8f1bea16ab4@group-E299B8F4E7F5-SegmentedRaftLogWorker: created new log segment /workdir/hadoop-ozone/integration-test/target/test-dir/MiniOzoneClusterImpl-d03a52b4-984d-439e-b51d-d3ef1d535ed0/datanode-5/data/ratis/86c78eac-06e9-41df-b085-e299b8f4e7f5/current/log_inprogress_0
2019-10-05 00:07:56,368 [654e5534-a07a-41bd-b563-56ff57221b3f@group-051AF1F15EF6-LeaderElection65] INFO  impl.LeaderElection (LeaderElection.java:askForVotes(178)) - 654e5534-a07a-41bd-b563-56ff57221b3f@group-051AF1F15EF6-LeaderElection65: begin an election at term 1 for -1: [654e5534-a07a-41bd-b563-56ff57221b3f:192.168.151.67:40808], old=null
2019-10-05 00:07:56,368 [654e5534-a07a-41bd-b563-56ff57221b3f@group-051AF1F15EF6-LeaderElection65] INFO  impl.RoleInfo (RoleInfo.java:shutdownLeaderElection(134)) - 654e5534-a07a-41bd-b563-56ff57221b3f: shutdown LeaderElection
2019-10-05 00:07:56,368 [654e5534-a07a-41bd-b563-56ff57221b3f@group-051AF1F15EF6-LeaderElection65] INFO  impl.RaftServerImpl (RaftServerImpl.java:setRole(170)) - 654e5534-a07a-41bd-b563-56ff57221b3f@group-051AF1F15EF6: changes role from CANDIDATE to LEADER at term 1 for changeToLeader
2019-10-05 00:07:56,368 [654e5534-a07a-41bd-b563-56ff57221b3f@group-051AF1F15EF6-LeaderElection65] INFO  impl.RaftServerImpl (ServerState.java:setLeader(255)) - 654e5534-a07a-41bd-b563-56ff57221b3f@group-051AF1F15EF6: change Leader from null to 654e5534-a07a-41bd-b563-56ff57221b3f at term 1 for becomeLeader, leader elected after 5059ms
2019-10-05 00:07:56,368 [654e5534-a07a-41bd-b563-56ff57221b3f@group-051AF1F15EF6-LeaderElection65] INFO  server.RaftServerConfigKeys (ConfUtils.java:logGet(43)) - raft.server.staging.catchup.gap = 1000 (default)
2019-10-05 00:07:56,369 [654e5534-a07a-41bd-b563-56ff57221b3f@group-051AF1F15EF6-LeaderElection65] INFO  server.RaftServerConfigKeys (ConfUtils.java:logGet(43)) - raft.server.rpc.sleep.time = 25ms (default)
2019-10-05 00:07:56,369 [654e5534-a07a-41bd-b563-56ff57221b3f@group-051AF1F15EF6-LeaderElection65] INFO  server.RaftServerConfigKeys (ConfUtils.java:logGet(43)) - raft.server.write.element-limit = 4096 (default)
2019-10-05 00:07:56,369 [654e5534-a07a-41bd-b563-56ff57221b3f@group-051AF1F15EF6-LeaderElection65] INFO  server.RaftServerConfigKeys (ConfUtils.java:logGet(43)) - raft.server.watch.timeout = 10s (default)
2019-10-05 00:07:56,369 [654e5534-a07a-41bd-b563-56ff57221b3f@group-051AF1F15EF6-LeaderElection65] INFO  server.RaftServerConfigKeys (ConfUtils.java:logGet(43)) - raft.server.watch.timeout.denomination = 1s (default)
2019-10-05 00:07:56,369 [654e5534-a07a-41bd-b563-56ff57221b3f@group-051AF1F15EF6-LeaderElection65] INFO  server.RaftServerConfigKeys (ConfUtils.java:logGet(43)) - raft.server.watch.element-limit = 65536 (default)
2019-10-05 00:07:56,371 [654e5534-a07a-41bd-b563-56ff57221b3f@group-051AF1F15EF6-LeaderElection65] INFO  impl.RoleInfo (RoleInfo.java:updateAndGet(143)) - 654e5534-a07a-41bd-b563-56ff57221b3f: start LeaderState
2019-10-05 00:07:56,372 [654e5534-a07a-41bd-b563-56ff57221b3f@group-051AF1F15EF6-LeaderElection65] INFO  segmented.SegmentedRaftLogWorker (SegmentedRaftLogWorker.java:startLogSegment(385)) - 654e5534-a07a-41bd-b563-56ff57221b3f@group-051AF1F15EF6-SegmentedRaftLogWorker: Starting segment from index:0
2019-10-05 00:07:56,372 [654e5534-a07a-41bd-b563-56ff57221b3f@group-051AF1F15EF6-LeaderElection65] INFO  impl.RaftServerImpl (ServerState.java:setRaftConf(356)) - 654e5534-a07a-41bd-b563-56ff57221b3f@group-051AF1F15EF6: set configuration 0: [654e5534-a07a-41bd-b563-56ff57221b3f:192.168.151.67:40808], old=null at 0
2019-10-05 00:07:56,399 [654e5534-a07a-41bd-b563-56ff57221b3f@group-051AF1F15EF6-SegmentedRaftLogWorker] INFO  segmented.SegmentedRaftLogWorker (SegmentedRaftLogWorker.java:execute(574)) - 654e5534-a07a-41bd-b563-56ff57221b3f@group-051AF1F15EF6-SegmentedRaftLogWorker: created new log segment /workdir/hadoop-ozone/integration-test/target/test-dir/MiniOzoneClusterImpl-d03a52b4-984d-439e-b51d-d3ef1d535ed0/datanode-6/data/ratis/8491de6d-3324-4177-983b-051af1f15ef6/current/log_inprogress_0
2019-10-05 00:07:56,459 [Thread-2354] INFO  impl.FollowerState (FollowerState.java:run(108)) - b0473cc4-d771-4568-bfd9-0483b58a1571@group-9A6FDD97BA4C-FollowerState: change to CANDIDATE, lastRpcTime:5079ms, electionTimeout:5072ms
2019-10-05 00:07:56,459 [Thread-2354] INFO  impl.RoleInfo (RoleInfo.java:shutdownFollowerState(121)) - b0473cc4-d771-4568-bfd9-0483b58a1571: shutdown FollowerState
2019-10-05 00:07:56,459 [Thread-2354] INFO  impl.RaftServerImpl (RaftServerImpl.java:setRole(170)) - b0473cc4-d771-4568-bfd9-0483b58a1571@group-9A6FDD97BA4C: changes role from  FOLLOWER to CANDIDATE at term 0 for changeToCandidate
2019-10-05 00:07:56,459 [Thread-2354] INFO  impl.RoleInfo (RoleInfo.java:updateAndGet(143)) - b0473cc4-d771-4568-bfd9-0483b58a1571: start LeaderElection
2019-10-05 00:07:56,484 [b0473cc4-d771-4568-bfd9-0483b58a1571@group-9A6FDD97BA4C-LeaderElection66] INFO  impl.LeaderElection (LeaderElection.java:askForVotes(178)) - b0473cc4-d771-4568-bfd9-0483b58a1571@group-9A6FDD97BA4C-LeaderElection66: begin an election at term 1 for -1: [b0473cc4-d771-4568-bfd9-0483b58a1571:192.168.151.67:33678, 945d3718-c87e-443d-9b3e-97045e4a165a:192.168.151.67:43548, 10d62654-88ed-40b9-8f86-c8f1bea16ab4:192.168.151.67:40914], old=null
2019-10-05 00:07:56,493 [grpc-default-executor-5] INFO  impl.RaftServerImpl (RaftServerImpl.java:setRole(170)) - 10d62654-88ed-40b9-8f86-c8f1bea16ab4@group-9A6FDD97BA4C: changes role from  FOLLOWER to FOLLOWER at term 1 for recognizeCandidate:b0473cc4-d771-4568-bfd9-0483b58a1571
2019-10-05 00:07:56,493 [grpc-default-executor-5] INFO  impl.RoleInfo (RoleInfo.java:shutdownFollowerState(121)) - 10d62654-88ed-40b9-8f86-c8f1bea16ab4: shutdown FollowerState
2019-10-05 00:07:56,493 [grpc-default-executor-5] INFO  impl.RoleInfo (RoleInfo.java:updateAndGet(143)) - 10d62654-88ed-40b9-8f86-c8f1bea16ab4: start FollowerState
2019-10-05 00:07:56,493 [Thread-2350] INFO  impl.FollowerState (FollowerState.java:run(117)) - 10d62654-88ed-40b9-8f86-c8f1bea16ab4@group-9A6FDD97BA4C-FollowerState was interrupted: java.lang.InterruptedException: sleep interrupted
2019-10-05 00:07:56,497 [grpc-default-executor-1] INFO  impl.RaftServerImpl (RaftServerImpl.java:setRole(170)) - 945d3718-c87e-443d-9b3e-97045e4a165a@group-9A6FDD97BA4C: changes role from  FOLLOWER to FOLLOWER at term 1 for recognizeCandidate:b0473cc4-d771-4568-bfd9-0483b58a1571
2019-10-05 00:07:56,499 [grpc-default-executor-1] INFO  impl.RoleInfo (RoleInfo.java:shutdownFollowerState(121)) - 945d3718-c87e-443d-9b3e-97045e4a165a: shutdown FollowerState
2019-10-05 00:07:56,499 [grpc-default-executor-1] INFO  impl.RoleInfo (RoleInfo.java:updateAndGet(143)) - 945d3718-c87e-443d-9b3e-97045e4a165a: start FollowerState
2019-10-05 00:07:56,508 [b0473cc4-d771-4568-bfd9-0483b58a1571@group-9A6FDD97BA4C-LeaderElection66] INFO  impl.LeaderElection (LeaderElection.java:logAndReturn(56)) - b0473cc4-d771-4568-bfd9-0483b58a1571@group-9A6FDD97BA4C-LeaderElection66: Election PASSED; received 1 response(s) [b0473cc4-d771-4568-bfd9-0483b58a1571<-945d3718-c87e-443d-9b3e-97045e4a165a#0:OK-t1] and 0 exception(s); b0473cc4-d771-4568-bfd9-0483b58a1571@group-9A6FDD97BA4C:t1, leader=null, voted=b0473cc4-d771-4568-bfd9-0483b58a1571, raftlog=b0473cc4-d771-4568-bfd9-0483b58a1571@group-9A6FDD97BA4C-SegmentedRaftLog:OPENED:c-1,f-1,i0, conf=-1: [b0473cc4-d771-4568-bfd9-0483b58a1571:192.168.151.67:33678, 945d3718-c87e-443d-9b3e-97045e4a165a:192.168.151.67:43548, 10d62654-88ed-40b9-8f86-c8f1bea16ab4:192.168.151.67:40914], old=null
2019-10-05 00:07:56,508 [b0473cc4-d771-4568-bfd9-0483b58a1571@group-9A6FDD97BA4C-LeaderElection66] INFO  impl.RoleInfo (RoleInfo.java:shutdownLeaderElection(134)) - b0473cc4-d771-4568-bfd9-0483b58a1571: shutdown LeaderElection
2019-10-05 00:07:56,508 [b0473cc4-d771-4568-bfd9-0483b58a1571@group-9A6FDD97BA4C-LeaderElection66] INFO  impl.RaftServerImpl (RaftServerImpl.java:setRole(170)) - b0473cc4-d771-4568-bfd9-0483b58a1571@group-9A6FDD97BA4C: changes role from CANDIDATE to LEADER at term 1 for changeToLeader
2019-10-05 00:07:56,509 [b0473cc4-d771-4568-bfd9-0483b58a1571@group-9A6FDD97BA4C-LeaderElection66] INFO  impl.RaftServerImpl (ServerState.java:setLeader(255)) - b0473cc4-d771-4568-bfd9-0483b58a1571@group-9A6FDD97BA4C: change Leader from null to b0473cc4-d771-4568-bfd9-0483b58a1571 at term 1 for becomeLeader, leader elected after 5143ms
2019-10-05 00:07:56,509 [b0473cc4-d771-4568-bfd9-0483b58a1571@group-9A6FDD97BA4C-LeaderElection66] INFO  server.RaftServerConfigKeys (ConfUtils.java:logGet(43)) - raft.server.staging.catchup.gap = 1000 (default)
2019-10-05 00:07:56,509 [b0473cc4-d771-4568-bfd9-0483b58a1571@group-9A6FDD97BA4C-LeaderElection66] INFO  server.RaftServerConfigKeys (ConfUtils.java:logGet(43)) - raft.server.rpc.sleep.time = 25ms (default)
2019-10-05 00:07:56,509 [b0473cc4-d771-4568-bfd9-0483b58a1571@group-9A6FDD97BA4C-LeaderElection66] INFO  server.RaftServerConfigKeys (ConfUtils.java:logGet(43)) - raft.server.write.element-limit = 4096 (default)
2019-10-05 00:07:56,509 [b0473cc4-d771-4568-bfd9-0483b58a1571@group-9A6FDD97BA4C-LeaderElection66] INFO  server.RaftServerConfigKeys (ConfUtils.java:logGet(43)) - raft.server.watch.timeout = 10s (default)
2019-10-05 00:07:56,509 [b0473cc4-d771-4568-bfd9-0483b58a1571@group-9A6FDD97BA4C-LeaderElection66] INFO  server.RaftServerConfigKeys (ConfUtils.java:logGet(43)) - raft.server.watch.timeout.denomination = 1s (default)
2019-10-05 00:07:56,509 [b0473cc4-d771-4568-bfd9-0483b58a1571@group-9A6FDD97BA4C-LeaderElection66] INFO  server.RaftServerConfigKeys (ConfUtils.java:logGet(43)) - raft.server.watch.element-limit = 65536 (default)
2019-10-05 00:07:56,511 [b0473cc4-d771-4568-bfd9-0483b58a1571@group-9A6FDD97BA4C-LeaderElection66] INFO  server.RaftServerConfigKeys (ConfUtils.java:logGet(43)) - raft.server.log.appender.snapshot.chunk.size.max = 16MB (=16777216) (default)
2019-10-05 00:07:56,511 [b0473cc4-d771-4568-bfd9-0483b58a1571@group-9A6FDD97BA4C-LeaderElection66] INFO  server.RaftServerConfigKeys (ConfUtils.java:logGet(43)) - raft.server.log.appender.buffer.byte-limit = 33554432 (custom)
2019-10-05 00:07:56,512 [b0473cc4-d771-4568-bfd9-0483b58a1571@group-9A6FDD97BA4C-LeaderElection66] INFO  server.RaftServerConfigKeys (ConfUtils.java:logGet(43)) - raft.server.log.appender.buffer.element-limit = 1 (custom)
2019-10-05 00:07:56,512 [b0473cc4-d771-4568-bfd9-0483b58a1571@group-9A6FDD97BA4C-LeaderElection66] INFO  grpc.GrpcConfigKeys$Server (ConfUtils.java:logGet(43)) - raft.grpc.server.leader.outstanding.appends.max = 128 (default)
2019-10-05 00:07:56,512 [b0473cc4-d771-4568-bfd9-0483b58a1571@group-9A6FDD97BA4C-LeaderElection66] INFO  server.RaftServerConfigKeys (ConfUtils.java:logGet(43)) - raft.server.rpc.request.timeout = 3000ms (default)
2019-10-05 00:07:56,512 [b0473cc4-d771-4568-bfd9-0483b58a1571@group-9A6FDD97BA4C-LeaderElection66] INFO  server.RaftServerConfigKeys (ConfUtils.java:logGet(43)) - raft.server.log.appender.install.snapshot.enabled = false (custom)
2019-10-05 00:07:56,513 [b0473cc4-d771-4568-bfd9-0483b58a1571@group-9A6FDD97BA4C-LeaderElection66] INFO  server.RaftServerConfigKeys (ConfUtils.java:logGet(43)) - raft.server.log.appender.snapshot.chunk.size.max = 16MB (=16777216) (default)
2019-10-05 00:07:56,513 [b0473cc4-d771-4568-bfd9-0483b58a1571@group-9A6FDD97BA4C-LeaderElection66] INFO  server.RaftServerConfigKeys (ConfUtils.java:logGet(43)) - raft.server.log.appender.buffer.byte-limit = 33554432 (custom)
2019-10-05 00:07:56,513 [b0473cc4-d771-4568-bfd9-0483b58a1571@group-9A6FDD97BA4C-LeaderElection66] INFO  server.RaftServerConfigKeys (ConfUtils.java:logGet(43)) - raft.server.log.appender.buffer.element-limit = 1 (custom)
2019-10-05 00:07:56,513 [b0473cc4-d771-4568-bfd9-0483b58a1571@group-9A6FDD97BA4C-LeaderElection66] INFO  grpc.GrpcConfigKeys$Server (ConfUtils.java:logGet(43)) - raft.grpc.server.leader.outstanding.appends.max = 128 (default)
2019-10-05 00:07:56,514 [b0473cc4-d771-4568-bfd9-0483b58a1571@group-9A6FDD97BA4C-LeaderElection66] INFO  server.RaftServerConfigKeys (ConfUtils.java:logGet(43)) - raft.server.rpc.request.timeout = 3000ms (default)
2019-10-05 00:07:56,514 [b0473cc4-d771-4568-bfd9-0483b58a1571@group-9A6FDD97BA4C-LeaderElection66] INFO  server.RaftServerConfigKeys (ConfUtils.java:logGet(43)) - raft.server.log.appender.install.snapshot.enabled = false (custom)
2019-10-05 00:07:56,514 [b0473cc4-d771-4568-bfd9-0483b58a1571@group-9A6FDD97BA4C-LeaderElection66] INFO  impl.RoleInfo (RoleInfo.java:updateAndGet(143)) - b0473cc4-d771-4568-bfd9-0483b58a1571: start LeaderState
2019-10-05 00:07:56,514 [b0473cc4-d771-4568-bfd9-0483b58a1571@group-9A6FDD97BA4C-LeaderElection66] INFO  segmented.SegmentedRaftLogWorker (SegmentedRaftLogWorker.java:startLogSegment(385)) - b0473cc4-d771-4568-bfd9-0483b58a1571@group-9A6FDD97BA4C-SegmentedRaftLogWorker: Starting segment from index:0
2019-10-05 00:07:56,515 [b0473cc4-d771-4568-bfd9-0483b58a1571@group-9A6FDD97BA4C-LeaderElection66] INFO  impl.RaftServerImpl (ServerState.java:setRaftConf(356)) - b0473cc4-d771-4568-bfd9-0483b58a1571@group-9A6FDD97BA4C: set configuration 0: [b0473cc4-d771-4568-bfd9-0483b58a1571:192.168.151.67:33678, 945d3718-c87e-443d-9b3e-97045e4a165a:192.168.151.67:43548, 10d62654-88ed-40b9-8f86-c8f1bea16ab4:192.168.151.67:40914], old=null at 0
2019-10-05 00:07:56,545 [grpc-default-executor-1] INFO  impl.RaftServerImpl (ServerState.java:setLeader(255)) - 10d62654-88ed-40b9-8f86-c8f1bea16ab4@group-9A6FDD97BA4C: change Leader from null to b0473cc4-d771-4568-bfd9-0483b58a1571 at term 1 for appendEntries, leader elected after 5179ms
2019-10-05 00:07:56,547 [grpc-default-executor-5] INFO  impl.RaftServerImpl (ServerState.java:setLeader(255)) - 945d3718-c87e-443d-9b3e-97045e4a165a@group-9A6FDD97BA4C: change Leader from null to b0473cc4-d771-4568-bfd9-0483b58a1571 at term 1 for appendEntries, leader elected after 5181ms
2019-10-05 00:07:56,548 [grpc-default-executor-1] INFO  impl.RaftServerImpl (ServerState.java:setRaftConf(356)) - 10d62654-88ed-40b9-8f86-c8f1bea16ab4@group-9A6FDD97BA4C: set configuration 0: [b0473cc4-d771-4568-bfd9-0483b58a1571:192.168.151.67:33678, 945d3718-c87e-443d-9b3e-97045e4a165a:192.168.151.67:43548, 10d62654-88ed-40b9-8f86-c8f1bea16ab4:192.168.151.67:40914], old=null at 0
2019-10-05 00:07:56,548 [grpc-default-executor-5] INFO  impl.RaftServerImpl (ServerState.java:setRaftConf(356)) - 945d3718-c87e-443d-9b3e-97045e4a165a@group-9A6FDD97BA4C: set configuration 0: [b0473cc4-d771-4568-bfd9-0483b58a1571:192.168.151.67:33678, 945d3718-c87e-443d-9b3e-97045e4a165a:192.168.151.67:43548, 10d62654-88ed-40b9-8f86-c8f1bea16ab4:192.168.151.67:40914], old=null at 0
2019-10-05 00:07:56,548 [grpc-default-executor-1] INFO  segmented.SegmentedRaftLogWorker (SegmentedRaftLogWorker.java:startLogSegment(385)) - 10d62654-88ed-40b9-8f86-c8f1bea16ab4@group-9A6FDD97BA4C-SegmentedRaftLogWorker: Starting segment from index:0
2019-10-05 00:07:56,549 [grpc-default-executor-5] INFO  segmented.SegmentedRaftLogWorker (SegmentedRaftLogWorker.java:startLogSegment(385)) - 945d3718-c87e-443d-9b3e-97045e4a165a@group-9A6FDD97BA4C-SegmentedRaftLogWorker: Starting segment from index:0
2019-10-05 00:07:56,555 [b0473cc4-d771-4568-bfd9-0483b58a1571@group-9A6FDD97BA4C-SegmentedRaftLogWorker] INFO  segmented.SegmentedRaftLogWorker (SegmentedRaftLogWorker.java:execute(574)) - b0473cc4-d771-4568-bfd9-0483b58a1571@group-9A6FDD97BA4C-SegmentedRaftLogWorker: created new log segment /workdir/hadoop-ozone/integration-test/target/test-dir/MiniOzoneClusterImpl-d03a52b4-984d-439e-b51d-d3ef1d535ed0/datanode-3/data/ratis/9488aa69-624d-4314-ae23-9a6fdd97ba4c/current/log_inprogress_0
2019-10-05 00:07:56,590 [10d62654-88ed-40b9-8f86-c8f1bea16ab4@group-9A6FDD97BA4C-SegmentedRaftLogWorker] INFO  segmented.SegmentedRaftLogWorker (SegmentedRaftLogWorker.java:execute(574)) - 10d62654-88ed-40b9-8f86-c8f1bea16ab4@group-9A6FDD97BA4C-SegmentedRaftLogWorker: created new log segment /workdir/hadoop-ozone/integration-test/target/test-dir/MiniOzoneClusterImpl-d03a52b4-984d-439e-b51d-d3ef1d535ed0/datanode-5/data/ratis/9488aa69-624d-4314-ae23-9a6fdd97ba4c/current/log_inprogress_0
2019-10-05 00:07:56,590 [945d3718-c87e-443d-9b3e-97045e4a165a@group-9A6FDD97BA4C-SegmentedRaftLogWorker] INFO  segmented.SegmentedRaftLogWorker (SegmentedRaftLogWorker.java:execute(574)) - 945d3718-c87e-443d-9b3e-97045e4a165a@group-9A6FDD97BA4C-SegmentedRaftLogWorker: created new log segment /workdir/hadoop-ozone/integration-test/target/test-dir/MiniOzoneClusterImpl-d03a52b4-984d-439e-b51d-d3ef1d535ed0/datanode-4/data/ratis/9488aa69-624d-4314-ae23-9a6fdd97ba4c/current/log_inprogress_0
2019-10-05 00:07:57,595 [Datanode State Machine Thread - 0] INFO  statemachine.DatanodeStateMachine (DatanodeStateMachine.java:lambda$startDaemon$0(350)) - Ozone container server started.
2019-10-05 00:08:01,613 [main] INFO  ozoneimpl.OzoneContainer (OzoneContainer.java:stop(231)) - Attempting to stop container services.
2019-10-05 00:08:01,614 [main] INFO  impl.RaftServerProxy (RaftServerProxy.java:lambda$close$4(314)) - ea6be2e5-3afe-4fcc-aaa0-c17f08d99e72: close
2019-10-05 00:08:01,615 [main] INFO  impl.RaftServerImpl (RaftServerImpl.java:lambda$shutdown$3(247)) - ea6be2e5-3afe-4fcc-aaa0-c17f08d99e72@group-E59DAFF0544E: shutdown
2019-10-05 00:08:01,616 [ForkJoinPool.commonPool-worker-1] INFO  impl.RaftServerImpl (RaftServerImpl.java:lambda$shutdown$3(247)) - ea6be2e5-3afe-4fcc-aaa0-c17f08d99e72@group-55403BE5EEC4: shutdown
2019-10-05 00:08:01,616 [main] INFO  util.JmxRegister (JmxRegister.java:unregister(73)) - Successfully un-registered JMX Bean with object name Ratis:service=RaftServer,group=group-E59DAFF0544E,id=ea6be2e5-3afe-4fcc-aaa0-c17f08d99e72
2019-10-05 00:08:01,616 [ForkJoinPool.commonPool-worker-1] INFO  util.JmxRegister (JmxRegister.java:unregister(73)) - Successfully un-registered JMX Bean with object name Ratis:service=RaftServer,group=group-55403BE5EEC4,id=ea6be2e5-3afe-4fcc-aaa0-c17f08d99e72
2019-10-05 00:08:01,616 [main] INFO  impl.RoleInfo (RoleInfo.java:shutdownFollowerState(121)) - ea6be2e5-3afe-4fcc-aaa0-c17f08d99e72: shutdown FollowerState
2019-10-05 00:08:01,617 [main] INFO  impl.StateMachineUpdater (StateMachineUpdater.java:stopAndJoin(136)) - ea6be2e5-3afe-4fcc-aaa0-c17f08d99e72@group-E59DAFF0544E-StateMachineUpdater: set stopIndex = 2
2019-10-05 00:08:01,617 [ForkJoinPool.commonPool-worker-1] INFO  impl.RoleInfo (RoleInfo.java:shutdownLeaderState(104)) - ea6be2e5-3afe-4fcc-aaa0-c17f08d99e72: shutdown LeaderState
2019-10-05 00:08:01,617 [ea6be2e5-3afe-4fcc-aaa0-c17f08d99e72@group-E59DAFF0544E-StateMachineUpdater] INFO  ratis.ContainerStateMachine (ContainerStateMachine.java:takeSnapshot(293)) - group-E59DAFF0544E: Taking a snapshot at:(t:1, i:1) file /workdir/hadoop-ozone/integration-test/target/test-dir/MiniOzoneClusterImpl-d03a52b4-984d-439e-b51d-d3ef1d535ed0/datanode-0/data/ratis/d1c97a3f-f3e2-41ed-94f8-e59daff0544e/sm/snapshot.1_1
2019-10-05 00:08:01,617 [Thread-2380] INFO  impl.FollowerState (FollowerState.java:run(117)) - ea6be2e5-3afe-4fcc-aaa0-c17f08d99e72@group-E59DAFF0544E-FollowerState was interrupted: java.lang.InterruptedException: sleep interrupted
2019-10-05 00:08:01,618 [ForkJoinPool.commonPool-worker-1] INFO  impl.PendingRequests (PendingRequests.java:sendNotLeaderResponses(202)) - ea6be2e5-3afe-4fcc-aaa0-c17f08d99e72@group-55403BE5EEC4-PendingRequests: sendNotLeaderResponses
2019-10-05 00:08:01,623 [ForkJoinPool.commonPool-worker-1] INFO  impl.StateMachineUpdater (StateMachineUpdater.java:stopAndJoin(136)) - ea6be2e5-3afe-4fcc-aaa0-c17f08d99e72@group-55403BE5EEC4-StateMachineUpdater: set stopIndex = 0
2019-10-05 00:08:01,623 [ForkJoinPool.commonPool-worker-1] INFO  impl.RaftServerImpl (ServerState.java:close(387)) - ea6be2e5-3afe-4fcc-aaa0-c17f08d99e72@group-55403BE5EEC4: closes. applyIndex: 0
2019-10-05 00:08:01,624 [ea6be2e5-3afe-4fcc-aaa0-c17f08d99e72@group-55403BE5EEC4-SegmentedRaftLogWorker] INFO  segmented.SegmentedRaftLogWorker (SegmentedRaftLogWorker.java:run(316)) - ea6be2e5-3afe-4fcc-aaa0-c17f08d99e72@group-55403BE5EEC4-SegmentedRaftLogWorker was interrupted, exiting. There are 0 tasks remaining in the queue.
2019-10-05 00:08:01,627 [ForkJoinPool.commonPool-worker-1] INFO  segmented.SegmentedRaftLogWorker (SegmentedRaftLogWorker.java:close(224)) - ea6be2e5-3afe-4fcc-aaa0-c17f08d99e72@group-55403BE5EEC4-SegmentedRaftLogWorker close()
2019-10-05 00:08:01,636 [ea6be2e5-3afe-4fcc-aaa0-c17f08d99e72@group-E59DAFF0544E-StateMachineUpdater] INFO  ratis.ContainerStateMachine (ContainerStateMachine.java:takeSnapshot(304)) - group-E59DAFF0544E: Finished taking a snapshot at:(t:1, i:1) file:/workdir/hadoop-ozone/integration-test/target/test-dir/MiniOzoneClusterImpl-d03a52b4-984d-439e-b51d-d3ef1d535ed0/datanode-0/data/ratis/d1c97a3f-f3e2-41ed-94f8-e59daff0544e/sm/snapshot.1_1 time:19
2019-10-05 00:08:01,636 [ea6be2e5-3afe-4fcc-aaa0-c17f08d99e72@group-E59DAFF0544E-StateMachineUpdater] INFO  impl.StateMachineUpdater (StateMachineUpdater.java:takeSnapshot(269)) - ea6be2e5-3afe-4fcc-aaa0-c17f08d99e72@group-E59DAFF0544E-StateMachineUpdater: Took a snapshot at index 1
2019-10-05 00:08:01,637 [ea6be2e5-3afe-4fcc-aaa0-c17f08d99e72@group-E59DAFF0544E-StateMachineUpdater] INFO  impl.StateMachineUpdater (StateMachineUpdater.java:lambda$new$0(84)) - ea6be2e5-3afe-4fcc-aaa0-c17f08d99e72@group-E59DAFF0544E-StateMachineUpdater: snapshotIndex: updateIncreasingly -1 -> 1
2019-10-05 00:08:01,637 [ea6be2e5-3afe-4fcc-aaa0-c17f08d99e72@group-E59DAFF0544E-StateMachineUpdater] INFO  ratis.ContainerStateMachine (ContainerStateMachine.java:takeSnapshot(293)) - group-E59DAFF0544E: Taking a snapshot at:(t:1, i:1) file /workdir/hadoop-ozone/integration-test/target/test-dir/MiniOzoneClusterImpl-d03a52b4-984d-439e-b51d-d3ef1d535ed0/datanode-0/data/ratis/d1c97a3f-f3e2-41ed-94f8-e59daff0544e/sm/snapshot.1_1
2019-10-05 00:08:01,650 [ea6be2e5-3afe-4fcc-aaa0-c17f08d99e72@group-E59DAFF0544E-StateMachineUpdater] INFO  ratis.ContainerStateMachine (ContainerStateMachine.java:takeSnapshot(304)) - group-E59DAFF0544E: Finished taking a snapshot at:(t:1, i:1) file:/workdir/hadoop-ozone/integration-test/target/test-dir/MiniOzoneClusterImpl-d03a52b4-984d-439e-b51d-d3ef1d535ed0/datanode-0/data/ratis/d1c97a3f-f3e2-41ed-94f8-e59daff0544e/sm/snapshot.1_1 time:12
2019-10-05 00:08:01,650 [ea6be2e5-3afe-4fcc-aaa0-c17f08d99e72@group-E59DAFF0544E-StateMachineUpdater] INFO  impl.StateMachineUpdater (StateMachineUpdater.java:takeSnapshot(269)) - ea6be2e5-3afe-4fcc-aaa0-c17f08d99e72@group-E59DAFF0544E-StateMachineUpdater: Took a snapshot at index 1
2019-10-05 00:08:01,650 [ea6be2e5-3afe-4fcc-aaa0-c17f08d99e72@group-E59DAFF0544E-StateMachineUpdater] INFO  impl.StateMachineUpdater (StateMachineUpdater.java:lambda$new$0(84)) - ea6be2e5-3afe-4fcc-aaa0-c17f08d99e72@group-E59DAFF0544E-StateMachineUpdater: snapshotIndex: updateIncreasingly 1 -> 1
2019-10-05 00:08:01,650 [main] INFO  impl.RaftServerImpl (ServerState.java:close(387)) - ea6be2e5-3afe-4fcc-aaa0-c17f08d99e72@group-E59DAFF0544E: closes. applyIndex: 2
2019-10-05 00:08:01,651 [ea6be2e5-3afe-4fcc-aaa0-c17f08d99e72@group-E59DAFF0544E-SegmentedRaftLogWorker] INFO  segmented.SegmentedRaftLogWorker (SegmentedRaftLogWorker.java:run(316)) - ea6be2e5-3afe-4fcc-aaa0-c17f08d99e72@group-E59DAFF0544E-SegmentedRaftLogWorker was interrupted, exiting. There are 0 tasks remaining in the queue.
2019-10-05 00:08:01,655 [main] INFO  segmented.SegmentedRaftLogWorker (SegmentedRaftLogWorker.java:close(224)) - ea6be2e5-3afe-4fcc-aaa0-c17f08d99e72@group-E59DAFF0544E-SegmentedRaftLogWorker close()
2019-10-05 00:08:01,662 [main] INFO  server.GrpcService (GrpcService.java:closeImpl(164)) - ea6be2e5-3afe-4fcc-aaa0-c17f08d99e72: shutdown server with port 33791 now
2019-10-05 00:08:01,663 [grpc-default-executor-1] WARN  server.GrpcServerProtocolService (LogUtils.java:warn(134)) - ea6be2e5-3afe-4fcc-aaa0-c17f08d99e72: installSnapshot onError, lastRequest: 02cbb888-e9d5-4390-8af9-27c0850be5cb->ea6be2e5-3afe-4fcc-aaa0-c17f08d99e72#5-t1, previous=(t:1, i:2), leaderCommit=2, initializing? false, entries: <empty>: org.apache.ratis.thirdparty.io.grpc.StatusRuntimeException: CANCELLED: cancelled before receiving half close
2019-10-05 00:08:01,663 [main] INFO  server.GrpcService (GrpcService.java:closeImpl(172)) - ea6be2e5-3afe-4fcc-aaa0-c17f08d99e72: shutdown server with port 33791 successfully
2019-10-05 00:08:01,663 [grpc-default-executor-5] WARN  server.GrpcLogAppender (LogUtils.java:warn(134)) - 02cbb888-e9d5-4390-8af9-27c0850be5cb@group-E59DAFF0544E->ea6be2e5-3afe-4fcc-aaa0-c17f08d99e72-AppendLogResponseHandler: Failed appendEntries: org.apache.ratis.thirdparty.io.grpc.StatusRuntimeException: CANCELLED: HTTP/2 error code: CANCEL
Received Rst Stream
2019-10-05 00:08:01,665 [grpc-default-executor-5] INFO  impl.FollowerInfo (FollowerInfo.java:lambda$new$0(51)) - 02cbb888-e9d5-4390-8af9-27c0850be5cb@group-E59DAFF0544E->ea6be2e5-3afe-4fcc-aaa0-c17f08d99e72: nextIndex: updateUnconditionally 3 -> 2
2019-10-05 00:08:01,666 [refreshUsed-/workdir/hadoop-ozone/integration-test/target/test-dir/MiniOzoneClusterImpl-d03a52b4-984d-439e-b51d-d3ef1d535ed0/datanode-0/data/containers] WARN  fs.CachingGetSpaceUsed (CachingGetSpaceUsed.java:run(183)) - Thread Interrupted waiting to refresh disk information: sleep interrupted
2019-10-05 00:08:01,690 [main] INFO  utils.BackgroundService (BackgroundService.java:shutdown(148)) - Shutting down service BlockDeletingService
2019-10-05 00:08:01,697 [main] INFO  statemachine.DatanodeStateMachine (DatanodeStateMachine.java:stopDaemon(395)) - Ozone container server stopped.
2019-10-05 00:08:01,700 [main] INFO  handler.ContextHandler (ContextHandler.java:doStop(910)) - Stopped o.e.j.w.WebAppContext@6c951ada{/,null,UNAVAILABLE}{/hddsDatanode}
2019-10-05 00:08:01,701 [main] INFO  server.AbstractConnector (AbstractConnector.java:doStop(318)) - Stopped ServerConnector@67b61834{HTTP/1.1,[http/1.1]}{0.0.0.0:0}
2019-10-05 00:08:01,701 [main] INFO  handler.ContextHandler (ContextHandler.java:doStop(910)) - Stopped o.e.j.s.ServletContextHandler@463afa6e{/static,jar:file:/home/user/.m2/repository/org/apache/hadoop/hadoop-hdds-container-service/0.5.0-SNAPSHOT/hadoop-hdds-container-service-0.5.0-SNAPSHOT.jar!/webapps/static,UNAVAILABLE}
2019-10-05 00:08:01,702 [main] INFO  handler.ContextHandler (ContextHandler.java:doStop(910)) - Stopped o.e.j.s.ServletContextHandler@637c840d{/logs,file:///workdir/hadoop-ozone/integration-test/target/log,UNAVAILABLE}
2019-10-05 00:08:01,714 [grpc-default-executor-0] WARN  server.GrpcLogAppender (LogUtils.java:warn(134)) - 02cbb888-e9d5-4390-8af9-27c0850be5cb@group-E59DAFF0544E->ea6be2e5-3afe-4fcc-aaa0-c17f08d99e72-AppendLogResponseHandler: Failed appendEntries: org.apache.ratis.thirdparty.io.grpc.StatusRuntimeException: UNAVAILABLE: io exception
2019-10-05 00:08:01,715 [grpc-default-executor-0] INFO  impl.FollowerInfo (FollowerInfo.java:lambda$new$0(51)) - 02cbb888-e9d5-4390-8af9-27c0850be5cb@group-E59DAFF0544E->ea6be2e5-3afe-4fcc-aaa0-c17f08d99e72: nextIndex: updateUnconditionally 3 -> 2
2019-10-05 00:08:01,727 [grpc-default-executor-5] WARN  server.GrpcLogAppender (LogUtils.java:warn(134)) - 02cbb888-e9d5-4390-8af9-27c0850be5cb@group-E59DAFF0544E->ea6be2e5-3afe-4fcc-aaa0-c17f08d99e72-AppendLogResponseHandler: Failed appendEntries: org.apache.ratis.thirdparty.io.grpc.StatusRuntimeException: UNAVAILABLE: io exception
2019-10-05 00:08:01,727 [grpc-default-executor-5] INFO  impl.FollowerInfo (FollowerInfo.java:lambda$new$0(51)) - 02cbb888-e9d5-4390-8af9-27c0850be5cb@group-E59DAFF0544E->ea6be2e5-3afe-4fcc-aaa0-c17f08d99e72: nextIndex: updateUnconditionally 3 -> 2
2019-10-05 00:08:01,742 [EventQueue-IncrementalContainerReportForIncrementalContainerReportHandler] WARN  container.IncrementalContainerReportHandler (AbstractContainerReportHandler.java:updateContainerState(143)) - Container #1 is in OPEN state, but the datanode 02cbb888-e9d5-4390-8af9-27c0850be5cb{ip: 192.168.151.67, host: pr-hdds-2257-n2d29-2200651950, networkLocation: /default-rack, certSerialId: null} reports an CLOSING replica.
2019-10-05 00:08:01,743 [grpc-default-executor-0] WARN  server.GrpcLogAppender (LogUtils.java:warn(134)) - 02cbb888-e9d5-4390-8af9-27c0850be5cb@group-E59DAFF0544E->ea6be2e5-3afe-4fcc-aaa0-c17f08d99e72-AppendLogResponseHandler: Failed appendEntries: org.apache.ratis.thirdparty.io.grpc.StatusRuntimeException: UNAVAILABLE: io exception
2019-10-05 00:08:01,743 [grpc-default-executor-0] INFO  impl.FollowerInfo (FollowerInfo.java:lambda$new$0(51)) - 02cbb888-e9d5-4390-8af9-27c0850be5cb@group-E59DAFF0544E->ea6be2e5-3afe-4fcc-aaa0-c17f08d99e72: nextIndex: updateUnconditionally 3 -> 2
2019-10-05 00:08:01,756 [EventQueue-IncrementalContainerReportForIncrementalContainerReportHandler] WARN  container.IncrementalContainerReportHandler (AbstractContainerReportHandler.java:updateContainerState(143)) - Container #1 is in OPEN state, but the datanode 28b3b2a3-7615-47b5-bcde-5c35fd1f036e{ip: 192.168.151.67, host: pr-hdds-2257-n2d29-2200651950, networkLocation: /default-rack, certSerialId: null} reports an CLOSING replica.
2019-10-05 00:08:01,798 [RatisApplyTransactionExecutor 1] INFO  interfaces.Container (KeyValueContainer.java:flushAndSyncDB(386)) - Container 1 is synced with bcsId 0.
2019-10-05 00:08:01,832 [RatisApplyTransactionExecutor 1] INFO  interfaces.Container (KeyValueContainer.java:flushAndSyncDB(386)) - Container 1 is synced with bcsId 0.
2019-10-05 00:08:01,835 [RatisApplyTransactionExecutor 1] INFO  interfaces.Container (KeyValueContainer.java:flushAndSyncDB(386)) - Container 1 is synced with bcsId 0.
2019-10-05 00:08:01,835 [RatisApplyTransactionExecutor 1] INFO  interfaces.Container (KeyValueContainer.java:flushAndSyncDB(386)) - Container 1 is synced with bcsId 0.
2019-10-05 00:08:01,837 [RatisApplyTransactionExecutor 1] INFO  interfaces.Container (KeyValueContainer.java:close(335)) - Container 1 is closed with bcsId 0.
2019-10-05 00:08:01,842 [RatisApplyTransactionExecutor 1] INFO  interfaces.Container (KeyValueContainer.java:close(335)) - Container 1 is closed with bcsId 0.
2019-10-05 00:08:01,847 [EventQueue-IncrementalContainerReportForIncrementalContainerReportHandler] WARN  container.IncrementalContainerReportHandler (AbstractContainerReportHandler.java:updateContainerState(143)) - Container #1 is in OPEN state, but the datanode 02cbb888-e9d5-4390-8af9-27c0850be5cb{ip: 192.168.151.67, host: pr-hdds-2257-n2d29-2200651950, networkLocation: /default-rack, certSerialId: null} reports an CLOSED replica.
2019-10-05 00:08:01,847 [EventQueue-IncrementalContainerReportForIncrementalContainerReportHandler] WARN  container.IncrementalContainerReportHandler (AbstractContainerReportHandler.java:updateContainerState(143)) - Container #1 is in OPEN state, but the datanode 28b3b2a3-7615-47b5-bcde-5c35fd1f036e{ip: 192.168.151.67, host: pr-hdds-2257-n2d29-2200651950, networkLocation: /default-rack, certSerialId: null} reports an CLOSED replica.
2019-10-05 00:08:04,243 [grpc-default-executor-5] WARN  server.GrpcLogAppender (LogUtils.java:warn(134)) - 02cbb888-e9d5-4390-8af9-27c0850be5cb@group-E59DAFF0544E->ea6be2e5-3afe-4fcc-aaa0-c17f08d99e72-AppendLogResponseHandler: Failed appendEntries: org.apache.ratis.thirdparty.io.grpc.StatusRuntimeException: UNAVAILABLE: io exception
2019-10-05 00:08:04,244 [grpc-default-executor-5] INFO  impl.FollowerInfo (FollowerInfo.java:lambda$new$0(51)) - 02cbb888-e9d5-4390-8af9-27c0850be5cb@group-E59DAFF0544E->ea6be2e5-3afe-4fcc-aaa0-c17f08d99e72: nextIndex: updateUnconditionally 2 -> 1
2019-10-05 00:08:04,849 [main] WARN  scm.XceiverClientRatis (XceiverClientRatis.java:watchForCommit(292)) - 3 way commit failed on pipeline Pipeline[ Id: d1c97a3f-f3e2-41ed-94f8-e59daff0544e, Nodes: ea6be2e5-3afe-4fcc-aaa0-c17f08d99e72{ip: 192.168.151.67, host: pr-hdds-2257-n2d29-2200651950, networkLocation: /default-rack, certSerialId: null}28b3b2a3-7615-47b5-bcde-5c35fd1f036e{ip: 192.168.151.67, host: pr-hdds-2257-n2d29-2200651950, networkLocation: /default-rack, certSerialId: null}02cbb888-e9d5-4390-8af9-27c0850be5cb{ip: 192.168.151.67, host: pr-hdds-2257-n2d29-2200651950, networkLocation: /default-rack, certSerialId: null}, Type:RATIS, Factor:THREE, State:OPEN]
java.util.concurrent.TimeoutException
	at java.util.concurrent.CompletableFuture.timedGet(CompletableFuture.java:1771)
	at java.util.concurrent.CompletableFuture.get(CompletableFuture.java:1915)
	at org.apache.hadoop.hdds.scm.XceiverClientRatis.watchForCommit(XceiverClientRatis.java:289)
	at org.apache.hadoop.ozone.client.rpc.TestWatchForCommit.test2WayCommitForTimeoutException(TestWatchForCommit.java:391)
	at sun.reflect.NativeMethodAccessorImpl.invoke0(Native Method)
	at sun.reflect.NativeMethodAccessorImpl.invoke(NativeMethodAccessorImpl.java:62)
	at sun.reflect.DelegatingMethodAccessorImpl.invoke(DelegatingMethodAccessorImpl.java:43)
	at java.lang.reflect.Method.invoke(Method.java:498)
	at org.junit.runners.model.FrameworkMethod$1.runReflectiveCall(FrameworkMethod.java:47)
	at org.junit.internal.runners.model.ReflectiveCallable.run(ReflectiveCallable.java:12)
	at org.junit.runners.model.FrameworkMethod.invokeExplosively(FrameworkMethod.java:44)
	at org.junit.internal.runners.statements.InvokeMethod.evaluate(InvokeMethod.java:17)
	at org.junit.runners.ParentRunner.runLeaf(ParentRunner.java:271)
	at org.junit.runners.BlockJUnit4ClassRunner.runChild(BlockJUnit4ClassRunner.java:70)
	at org.junit.runners.BlockJUnit4ClassRunner.runChild(BlockJUnit4ClassRunner.java:50)
	at org.junit.runners.ParentRunner$3.run(ParentRunner.java:238)
	at org.junit.runners.ParentRunner$1.schedule(ParentRunner.java:63)
	at org.junit.runners.ParentRunner.runChildren(ParentRunner.java:236)
	at org.junit.runners.ParentRunner.access$000(ParentRunner.java:53)
	at org.junit.runners.ParentRunner$2.evaluate(ParentRunner.java:229)
	at org.junit.runners.ParentRunner.run(ParentRunner.java:309)
	at org.apache.maven.surefire.junit4.JUnit4Provider.execute(JUnit4Provider.java:365)
	at org.apache.maven.surefire.junit4.JUnit4Provider.executeWithRerun(JUnit4Provider.java:273)
	at org.apache.maven.surefire.junit4.JUnit4Provider.executeTestSet(JUnit4Provider.java:238)
	at org.apache.maven.surefire.junit4.JUnit4Provider.invoke(JUnit4Provider.java:159)
	at org.apache.maven.surefire.booter.ForkedBooter.invokeProviderInSameClassLoader(ForkedBooter.java:384)
	at org.apache.maven.surefire.booter.ForkedBooter.runSuitesInProcess(ForkedBooter.java:345)
	at org.apache.maven.surefire.booter.ForkedBooter.execute(ForkedBooter.java:126)
	at org.apache.maven.surefire.booter.ForkedBooter.main(ForkedBooter.java:418)
2019-10-05 00:08:06,745 [grpc-default-executor-0] WARN  server.GrpcLogAppender (LogUtils.java:warn(134)) - 02cbb888-e9d5-4390-8af9-27c0850be5cb@group-E59DAFF0544E->ea6be2e5-3afe-4fcc-aaa0-c17f08d99e72-AppendLogResponseHandler: Failed appendEntries: org.apache.ratis.thirdparty.io.grpc.StatusRuntimeException: UNAVAILABLE: io exception
2019-10-05 00:08:06,750 [grpc-default-executor-0] INFO  impl.FollowerInfo (FollowerInfo.java:lambda$new$0(51)) - 02cbb888-e9d5-4390-8af9-27c0850be5cb@group-E59DAFF0544E->ea6be2e5-3afe-4fcc-aaa0-c17f08d99e72: nextIndex: updateUnconditionally 1 -> 0
]]></system-out>
    <system-err><![CDATA[Oct 05, 2019 12:08:01 AM org.apache.ratis.thirdparty.io.grpc.internal.SerializingExecutor run
SEVERE: Exception while executing runnable org.apache.ratis.thirdparty.io.grpc.internal.ServerImpl$JumpToApplicationThreadServerStreamListener$1Closed@5003bb6e
org.apache.ratis.thirdparty.io.grpc.StatusRuntimeException: CANCELLED: call already cancelled
	at org.apache.ratis.thirdparty.io.grpc.Status.asRuntimeException(Status.java:517)
	at org.apache.ratis.thirdparty.io.grpc.stub.ServerCalls$ServerCallStreamObserverImpl.onCompleted(ServerCalls.java:356)
	at org.apache.ratis.grpc.server.GrpcServerProtocolService$ServerRequestStreamObserver.onError(GrpcServerProtocolService.java:121)
	at org.apache.ratis.thirdparty.io.grpc.stub.ServerCalls$StreamingServerCallHandler$StreamingServerCallListener.onCancel(ServerCalls.java:269)
	at org.apache.ratis.thirdparty.io.grpc.internal.ServerCallImpl$ServerStreamListenerImpl.closed(ServerCallImpl.java:293)
	at org.apache.ratis.thirdparty.io.grpc.internal.ServerImpl$JumpToApplicationThreadServerStreamListener$1Closed.runInContext(ServerImpl.java:741)
	at org.apache.ratis.thirdparty.io.grpc.internal.ContextRunnable.run(ContextRunnable.java:37)
	at org.apache.ratis.thirdparty.io.grpc.internal.SerializingExecutor.run(SerializingExecutor.java:123)
	at java.util.concurrent.ThreadPoolExecutor.runWorker(ThreadPoolExecutor.java:1149)
	at java.util.concurrent.ThreadPoolExecutor$Worker.run(ThreadPoolExecutor.java:624)
	at java.lang.Thread.run(Thread.java:748)

]]></system-err>
  </testcase>
</testsuite>