<?xml version="1.0" encoding="UTF-8"?>
<testsuite xmlns:xsi="http://www.w3.org/2001/XMLSchema-instance" xsi:noNamespaceSchemaLocation="https://maven.apache.org/surefire/maven-surefire-plugin/xsd/surefire-test-report.xsd" name="org.apache.hadoop.fs.ozone.TestOzoneFileInterfaces" time="265.868" tests="12" errors="1" skipped="0" failures="0">
  <properties>
    <property name="awt.toolkit" value="sun.awt.X11.XToolkit"/>
    <property name="file.encoding.pkg" value="sun.io"/>
    <property name="java.specification.version" value="1.8"/>
    <property name="sun.cpu.isalist" value=""/>
    <property name="sun.jnu.encoding" value="ANSI_X3.4-1968"/>
    <property name="java.class.path" value="/workdir/hadoop-ozone/ozonefs/target/test-classes:/workdir/hadoop-ozone/ozonefs/target/classes:/home/user/.m2/repository/org/apache/hadoop/hadoop-common/3.2.0/hadoop-common-3.2.0.jar:/home/user/.m2/repository/org/apache/hadoop/hadoop-annotations/3.2.0/hadoop-annotations-3.2.0.jar:/usr/lib/jvm/java-1.8.0-openjdk-1.8.0.222.b10-1.el7_7.x86_64/jre/../lib/tools.jar:/home/user/.m2/repository/com/google/guava/guava/11.0.2/guava-11.0.2.jar:/home/user/.m2/repository/commons-cli/commons-cli/1.2/commons-cli-1.2.jar:/home/user/.m2/repository/org/apache/commons/commons-math3/3.1.1/commons-math3-3.1.1.jar:/home/user/.m2/repository/commons-codec/commons-codec/1.11/commons-codec-1.11.jar:/home/user/.m2/repository/commons-io/commons-io/2.5/commons-io-2.5.jar:/home/user/.m2/repository/commons-net/commons-net/3.6/commons-net-3.6.jar:/home/user/.m2/repository/commons-collections/commons-collections/3.2.2/commons-collections-3.2.2.jar:/home/user/.m2/repository/javax/servlet/javax.servlet-api/3.1.0/javax.servlet-api-3.1.0.jar:/home/user/.m2/repository/org/eclipse/jetty/jetty-server/9.3.25.v20180904/jetty-server-9.3.25.v20180904.jar:/home/user/.m2/repository/org/eclipse/jetty/jetty-http/9.3.25.v20180904/jetty-http-9.3.25.v20180904.jar:/home/user/.m2/repository/org/eclipse/jetty/jetty-io/9.3.25.v20180904/jetty-io-9.3.25.v20180904.jar:/home/user/.m2/repository/org/eclipse/jetty/jetty-util/9.3.25.v20180904/jetty-util-9.3.25.v20180904.jar:/home/user/.m2/repository/org/eclipse/jetty/jetty-servlet/9.3.25.v20180904/jetty-servlet-9.3.25.v20180904.jar:/home/user/.m2/repository/org/eclipse/jetty/jetty-security/9.3.25.v20180904/jetty-security-9.3.25.v20180904.jar:/home/user/.m2/repository/org/eclipse/jetty/jetty-webapp/9.3.25.v20180904/jetty-webapp-9.3.25.v20180904.jar:/home/user/.m2/repository/org/eclipse/jetty/jetty-xml/9.3.25.v20180904/jetty-xml-9.3.25.v20180904.jar:/home/user/.m2/repository/javax/servlet/jsp/jsp-api/2.1/jsp-api-2.1.jar:/home/user/.m2/repository/com/sun/jersey/jersey-core/1.19/jersey-core-1.19.jar:/home/user/.m2/repository/javax/ws/rs/jsr311-api/1.1.1/jsr311-api-1.1.1.jar:/home/user/.m2/repository/com/sun/jersey/jersey-servlet/1.19/jersey-servlet-1.19.jar:/home/user/.m2/repository/com/sun/jersey/jersey-json/1.19/jersey-json-1.19.jar:/home/user/.m2/repository/org/codehaus/jettison/jettison/1.1/jettison-1.1.jar:/home/user/.m2/repository/com/sun/xml/bind/jaxb-impl/2.3.0.1/jaxb-impl-2.3.0.1.jar:/home/user/.m2/repository/org/codehaus/jackson/jackson-core-asl/1.9.13/jackson-core-asl-1.9.13.jar:/home/user/.m2/repository/org/codehaus/jackson/jackson-mapper-asl/1.9.13/jackson-mapper-asl-1.9.13.jar:/home/user/.m2/repository/org/codehaus/jackson/jackson-jaxrs/1.9.13/jackson-jaxrs-1.9.13.jar:/home/user/.m2/repository/org/codehaus/jackson/jackson-xc/1.9.13/jackson-xc-1.9.13.jar:/home/user/.m2/repository/com/sun/jersey/jersey-server/1.19/jersey-server-1.19.jar:/home/user/.m2/repository/commons-logging/commons-logging/1.1.3/commons-logging-1.1.3.jar:/home/user/.m2/repository/log4j/log4j/1.2.17/log4j-1.2.17.jar:/home/user/.m2/repository/commons-beanutils/commons-beanutils/1.9.4/commons-beanutils-1.9.4.jar:/home/user/.m2/repository/org/apache/commons/commons-configuration2/2.1.1/commons-configuration2-2.1.1.jar:/home/user/.m2/repository/org/apache/commons/commons-lang3/3.7/commons-lang3-3.7.jar:/home/user/.m2/repository/org/apache/commons/commons-text/1.4/commons-text-1.4.jar:/home/user/.m2/repository/org/slf4j/slf4j-api/1.7.25/slf4j-api-1.7.25.jar:/home/user/.m2/repository/org/slf4j/slf4j-log4j12/1.7.25/slf4j-log4j12-1.7.25.jar:/home/user/.m2/repository/org/apache/avro/avro/1.7.7/avro-1.7.7.jar:/home/user/.m2/repository/com/thoughtworks/paranamer/paranamer/2.3/paranamer-2.3.jar:/home/user/.m2/repository/org/xerial/snappy/snappy-java/1.0.5/snappy-java-1.0.5.jar:/home/user/.m2/repository/com/google/re2j/re2j/1.1/re2j-1.1.jar:/home/user/.m2/repository/com/google/protobuf/protobuf-java/2.5.0/protobuf-java-2.5.0.jar:/home/user/.m2/repository/com/google/code/gson/gson/2.2.4/gson-2.2.4.jar:/home/user/.m2/repository/org/apache/hadoop/hadoop-auth/3.2.0/hadoop-auth-3.2.0.jar:/home/user/.m2/repository/com/nimbusds/nimbus-jose-jwt/4.41.1/nimbus-jose-jwt-4.41.1.jar:/home/user/.m2/repository/com/github/stephenc/jcip/jcip-annotations/1.0-1/jcip-annotations-1.0-1.jar:/home/user/.m2/repository/net/minidev/json-smart/2.3/json-smart-2.3.jar:/home/user/.m2/repository/net/minidev/accessors-smart/1.2/accessors-smart-1.2.jar:/home/user/.m2/repository/org/apache/curator/curator-framework/2.12.0/curator-framework-2.12.0.jar:/home/user/.m2/repository/com/jcraft/jsch/0.1.54/jsch-0.1.54.jar:/home/user/.m2/repository/org/apache/curator/curator-client/2.12.0/curator-client-2.12.0.jar:/home/user/.m2/repository/org/apache/curator/curator-recipes/2.12.0/curator-recipes-2.12.0.jar:/home/user/.m2/repository/com/google/code/findbugs/jsr305/3.0.0/jsr305-3.0.0.jar:/home/user/.m2/repository/org/apache/htrace/htrace-core4/4.1.0-incubating/htrace-core4-4.1.0-incubating.jar:/home/user/.m2/repository/org/apache/zookeeper/zookeeper/3.4.13/zookeeper-3.4.13.jar:/home/user/.m2/repository/jline/jline/0.9.94/jline-0.9.94.jar:/home/user/.m2/repository/org/apache/yetus/audience-annotations/0.5.0/audience-annotations-0.5.0.jar:/home/user/.m2/repository/org/apache/commons/commons-compress/1.4.1/commons-compress-1.4.1.jar:/home/user/.m2/repository/org/tukaani/xz/1.0/xz-1.0.jar:/home/user/.m2/repository/org/apache/kerby/kerb-simplekdc/1.0.1/kerb-simplekdc-1.0.1.jar:/home/user/.m2/repository/org/apache/kerby/kerb-client/1.0.1/kerb-client-1.0.1.jar:/home/user/.m2/repository/org/apache/kerby/kerby-config/1.0.1/kerby-config-1.0.1.jar:/home/user/.m2/repository/org/apache/kerby/kerb-core/1.0.1/kerb-core-1.0.1.jar:/home/user/.m2/repository/org/apache/kerby/kerby-pkix/1.0.1/kerby-pkix-1.0.1.jar:/home/user/.m2/repository/org/apache/kerby/kerby-asn1/1.0.1/kerby-asn1-1.0.1.jar:/home/user/.m2/repository/org/apache/kerby/kerby-util/1.0.1/kerby-util-1.0.1.jar:/home/user/.m2/repository/org/apache/kerby/kerb-common/1.0.1/kerb-common-1.0.1.jar:/home/user/.m2/repository/org/apache/kerby/kerb-crypto/1.0.1/kerb-crypto-1.0.1.jar:/home/user/.m2/repository/org/apache/kerby/kerb-util/1.0.1/kerb-util-1.0.1.jar:/home/user/.m2/repository/org/apache/kerby/token-provider/1.0.1/token-provider-1.0.1.jar:/home/user/.m2/repository/org/apache/kerby/kerb-admin/1.0.1/kerb-admin-1.0.1.jar:/home/user/.m2/repository/org/apache/kerby/kerb-server/1.0.1/kerb-server-1.0.1.jar:/home/user/.m2/repository/org/apache/kerby/kerb-identity/1.0.1/kerb-identity-1.0.1.jar:/home/user/.m2/repository/org/apache/kerby/kerby-xdr/1.0.1/kerby-xdr-1.0.1.jar:/home/user/.m2/repository/com/fasterxml/jackson/core/jackson-databind/2.9.9/jackson-databind-2.9.9.jar:/home/user/.m2/repository/com/fasterxml/jackson/core/jackson-annotations/2.9.9/jackson-annotations-2.9.9.jar:/home/user/.m2/repository/com/fasterxml/jackson/core/jackson-core/2.9.9/jackson-core-2.9.9.jar:/home/user/.m2/repository/org/codehaus/woodstox/stax2-api/3.1.4/stax2-api-3.1.4.jar:/home/user/.m2/repository/com/fasterxml/woodstox/woodstox-core/5.0.3/woodstox-core-5.0.3.jar:/home/user/.m2/repository/dnsjava/dnsjava/2.1.7/dnsjava-2.1.7.jar:/home/user/.m2/repository/org/apache/hadoop/hadoop-hdfs/3.2.0/hadoop-hdfs-3.2.0.jar:/home/user/.m2/repository/org/eclipse/jetty/jetty-util-ajax/9.3.25.v20180904/jetty-util-ajax-9.3.25.v20180904.jar:/home/user/.m2/repository/commons-daemon/commons-daemon/1.0.13/commons-daemon-1.0.13.jar:/home/user/.m2/repository/io/netty/netty/3.10.5.Final/netty-3.10.5.Final.jar:/home/user/.m2/repository/io/netty/netty-all/4.0.52.Final/netty-all-4.0.52.Final.jar:/home/user/.m2/repository/org/fusesource/leveldbjni/leveldbjni-all/1.8/leveldbjni-all-1.8.jar:/home/user/.m2/repository/org/apache/hadoop/hadoop-hdds-common/0.5.0-SNAPSHOT/hadoop-hdds-common-0.5.0-SNAPSHOT.jar:/home/user/.m2/repository/org/apache/hadoop/hadoop-hdds-config/0.5.0-SNAPSHOT/hadoop-hdds-config-0.5.0-SNAPSHOT.jar:/home/user/.m2/repository/javax/annotation/javax.annotation-api/1.2/javax.annotation-api-1.2.jar:/home/user/.m2/repository/org/apache/ratis/ratis-server/0.5.0-3f446aa-SNAPSHOT/ratis-server-0.5.0-3f446aa-SNAPSHOT.jar:/home/user/.m2/repository/org/apache/ratis/ratis-thirdparty-misc/0.2.0/ratis-thirdparty-misc-0.2.0.jar:/home/user/.m2/repository/org/apache/ratis/ratis-proto/0.5.0-3f446aa-SNAPSHOT/ratis-proto-0.5.0-3f446aa-SNAPSHOT.jar:/home/user/.m2/repository/org/apache/ratis/ratis-common/0.5.0-3f446aa-SNAPSHOT/ratis-common-0.5.0-3f446aa-SNAPSHOT.jar:/home/user/.m2/repository/org/apache/ratis/ratis-client/0.5.0-3f446aa-SNAPSHOT/ratis-client-0.5.0-3f446aa-SNAPSHOT.jar:/home/user/.m2/repository/org/apache/ratis/ratis-metrics/0.5.0-3f446aa-SNAPSHOT/ratis-metrics-0.5.0-3f446aa-SNAPSHOT.jar:/home/user/.m2/repository/com/github/joshelser/dropwizard-metrics-hadoop-metrics2-reporter/0.1.2/dropwizard-metrics-hadoop-metrics2-reporter-0.1.2.jar:/home/user/.m2/repository/io/dropwizard/metrics/metrics-jvm/3.2.5/metrics-jvm-3.2.5.jar:/home/user/.m2/repository/io/dropwizard/metrics/metrics-ganglia/3.2.5/metrics-ganglia-3.2.5.jar:/home/user/.m2/repository/info/ganglia/gmetric4j/gmetric4j/1.0.7/gmetric4j-1.0.7.jar:/home/user/.m2/repository/org/apache/ratis/ratis-netty/0.5.0-3f446aa-SNAPSHOT/ratis-netty-0.5.0-3f446aa-SNAPSHOT.jar:/home/user/.m2/repository/org/apache/ratis/ratis-grpc/0.5.0-3f446aa-SNAPSHOT/ratis-grpc-0.5.0-3f446aa-SNAPSHOT.jar:/home/user/.m2/repository/org/rocksdb/rocksdbjni/6.0.1/rocksdbjni-6.0.1.jar:/home/user/.m2/repository/org/apache/logging/log4j/log4j-api/2.11.0/log4j-api-2.11.0.jar:/home/user/.m2/repository/org/apache/logging/log4j/log4j-core/2.11.0/log4j-core-2.11.0.jar:/home/user/.m2/repository/com/lmax/disruptor/3.4.2/disruptor-3.4.2.jar:/home/user/.m2/repository/org/apache/commons/commons-pool2/2.6.0/commons-pool2-2.6.0.jar:/home/user/.m2/repository/org/bouncycastle/bcpkix-jdk15on/1.60/bcpkix-jdk15on-1.60.jar:/home/user/.m2/repository/commons-validator/commons-validator/1.6/commons-validator-1.6.jar:/home/user/.m2/repository/commons-digester/commons-digester/1.8.1/commons-digester-1.8.1.jar:/home/user/.m2/repository/io/jaegertracing/jaeger-client/0.34.0/jaeger-client-0.34.0.jar:/home/user/.m2/repository/io/jaegertracing/jaeger-thrift/0.34.0/jaeger-thrift-0.34.0.jar:/home/user/.m2/repository/org/apache/thrift/libthrift/0.12.0/libthrift-0.12.0.jar:/home/user/.m2/repository/com/squareup/okhttp3/okhttp/3.9.0/okhttp-3.9.0.jar:/home/user/.m2/repository/com/squareup/okio/okio/1.13.0/okio-1.13.0.jar:/home/user/.m2/repository/io/jaegertracing/jaeger-core/0.34.0/jaeger-core-0.34.0.jar:/home/user/.m2/repository/io/jaegertracing/jaeger-tracerresolver/0.34.0/jaeger-tracerresolver-0.34.0.jar:/home/user/.m2/repository/io/opentracing/contrib/opentracing-tracerresolver/0.1.5/opentracing-tracerresolver-0.1.5.jar:/home/user/.m2/repository/io/opentracing/opentracing-util/0.31.0/opentracing-util-0.31.0.jar:/home/user/.m2/repository/io/opentracing/opentracing-api/0.31.0/opentracing-api-0.31.0.jar:/home/user/.m2/repository/io/opentracing/opentracing-noop/0.31.0/opentracing-noop-0.31.0.jar:/home/user/.m2/repository/org/yaml/snakeyaml/1.16/snakeyaml-1.16.jar:/home/user/.m2/repository/org/apache/hadoop/hadoop-hdfs-client/3.2.0/hadoop-hdfs-client-3.2.0.jar:/home/user/.m2/repository/info/picocli/picocli/3.9.6/picocli-3.9.6.jar:/home/user/.m2/repository/org/apache/hadoop/hadoop-hdds-server-scm/0.5.0-SNAPSHOT/hadoop-hdds-server-scm-0.5.0-SNAPSHOT.jar:/home/user/.m2/repository/org/apache/hadoop/hadoop-hdds-docs/0.5.0-SNAPSHOT/hadoop-hdds-docs-0.5.0-SNAPSHOT.jar:/home/user/.m2/repository/io/dropwizard/metrics/metrics-core/3.2.4/metrics-core-3.2.4.jar:/home/user/.m2/repository/org/hamcrest/hamcrest-all/1.3/hamcrest-all-1.3.jar:/home/user/.m2/repository/org/bouncycastle/bcprov-jdk15on/1.60/bcprov-jdk15on-1.60.jar:/home/user/.m2/repository/org/apache/hadoop/hadoop-hdds-server-framework/0.5.0-SNAPSHOT/hadoop-hdds-server-framework-0.5.0-SNAPSHOT.jar:/home/user/.m2/repository/org/apache/hadoop/hadoop-ozone-ozone-manager/0.5.0-SNAPSHOT/hadoop-ozone-ozone-manager-0.5.0-SNAPSHOT.jar:/home/user/.m2/repository/org/apache/hadoop/hadoop-hdds-container-service/0.5.0-SNAPSHOT/hadoop-hdds-container-service-0.5.0-SNAPSHOT.jar:/home/user/.m2/repository/org/apache/hadoop/hadoop-hdds-client/0.5.0-SNAPSHOT/hadoop-hdds-client-0.5.0-SNAPSHOT.jar:/home/user/.m2/repository/org/apache/hadoop/hadoop-ozone-common/0.5.0-SNAPSHOT/hadoop-ozone-common-0.5.0-SNAPSHOT.jar:/home/user/.m2/repository/org/apache/hadoop/hadoop-hdds-tools/0.5.0-SNAPSHOT/hadoop-hdds-tools-0.5.0-SNAPSHOT.jar:/home/user/.m2/repository/org/xerial/sqlite-jdbc/3.25.2/sqlite-jdbc-3.25.2.jar:/home/user/.m2/repository/org/apache/httpcomponents/httpclient/4.5.2/httpclient-4.5.2.jar:/home/user/.m2/repository/org/apache/httpcomponents/httpcore/4.4.4/httpcore-4.4.4.jar:/home/user/.m2/repository/com/github/spotbugs/spotbugs/3.1.12/spotbugs-3.1.12.jar:/home/user/.m2/repository/org/ow2/asm/asm/5.0.4/asm-5.0.4.jar:/home/user/.m2/repository/org/ow2/asm/asm-analysis/7.0/asm-analysis-7.0.jar:/home/user/.m2/repository/org/ow2/asm/asm-commons/7.0/asm-commons-7.0.jar:/home/user/.m2/repository/org/ow2/asm/asm-tree/7.0/asm-tree-7.0.jar:/home/user/.m2/repository/org/ow2/asm/asm-util/7.0/asm-util-7.0.jar:/home/user/.m2/repository/org/apache/bcel/bcel/6.3/bcel-6.3.jar:/home/user/.m2/repository/net/jcip/jcip-annotations/1.0/jcip-annotations-1.0.jar:/home/user/.m2/repository/org/dom4j/dom4j/2.1.1/dom4j-2.1.1.jar:/home/user/.m2/repository/jaxen/jaxen/1.1.6/jaxen-1.1.6.jar:/home/user/.m2/repository/commons-lang/commons-lang/2.6/commons-lang-2.6.jar:/home/user/.m2/repository/com/github/spotbugs/spotbugs-annotations/3.1.12/spotbugs-annotations-3.1.12.jar:/home/user/.m2/repository/org/apache/hadoop/hadoop-common/3.2.0/hadoop-common-3.2.0-tests.jar:/home/user/.m2/repository/org/apache/hadoop/hadoop-ozone-client/0.5.0-SNAPSHOT/hadoop-ozone-client-0.5.0-SNAPSHOT.jar:/home/user/.m2/repository/org/apache/hadoop/hadoop-hdfs/3.2.0/hadoop-hdfs-3.2.0-tests.jar:/workdir/hadoop-ozone/integration-test/target/test-classes:/home/user/.m2/repository/org/apache/hadoop/hadoop-ozone-s3gateway/0.5.0-SNAPSHOT/hadoop-ozone-s3gateway-0.5.0-SNAPSHOT.jar:/home/user/.m2/repository/org/jboss/weld/servlet/weld-servlet/2.4.7.Final/weld-servlet-2.4.7.Final.jar:/home/user/.m2/repository/org/glassfish/jersey/containers/jersey-container-servlet-core/2.27/jersey-container-servlet-core-2.27.jar:/home/user/.m2/repository/org/glassfish/hk2/external/javax.inject/2.5.0-b42/javax.inject-2.5.0-b42.jar:/home/user/.m2/repository/org/glassfish/jersey/core/jersey-common/2.27/jersey-common-2.27.jar:/home/user/.m2/repository/org/glassfish/hk2/osgi-resource-locator/1.0.1/osgi-resource-locator-1.0.1.jar:/home/user/.m2/repository/javax/ws/rs/javax.ws.rs-api/2.1/javax.ws.rs-api-2.1.jar:/home/user/.m2/repository/org/glassfish/jersey/ext/cdi/jersey-cdi1x/2.27/jersey-cdi1x-2.27.jar:/home/user/.m2/repository/org/glassfish/jersey/inject/jersey-hk2/2.27/jersey-hk2-2.27.jar:/home/user/.m2/repository/org/glassfish/hk2/hk2-locator/2.5.0-b42/hk2-locator-2.5.0-b42.jar:/home/user/.m2/repository/org/javassist/javassist/3.22.0-CR2/javassist-3.22.0-CR2.jar:/home/user/.m2/repository/org/glassfish/hk2/hk2-api/2.5.0/hk2-api-2.5.0.jar:/home/user/.m2/repository/org/glassfish/hk2/external/jakarta.inject/2.5.0/jakarta.inject-2.5.0.jar:/home/user/.m2/repository/org/glassfish/hk2/hk2-utils/2.5.0/hk2-utils-2.5.0.jar:/home/user/.m2/repository/jakarta/annotation/jakarta.annotation-api/1.3.4/jakarta.annotation-api-1.3.4.jar:/home/user/.m2/repository/org/glassfish/hk2/external/aopalliance-repackaged/2.5.0/aopalliance-repackaged-2.5.0.jar:/home/user/.m2/repository/com/fasterxml/jackson/dataformat/jackson-dataformat-xml/2.9.0/jackson-dataformat-xml-2.9.0.jar:/home/user/.m2/repository/com/fasterxml/jackson/module/jackson-module-jaxb-annotations/2.9.9/jackson-module-jaxb-annotations-2.9.9.jar:/home/user/.m2/repository/javax/enterprise/cdi-api/1.2/cdi-api-1.2.jar:/home/user/.m2/repository/javax/el/javax.el-api/3.0.0/javax.el-api-3.0.0.jar:/home/user/.m2/repository/javax/interceptor/javax.interceptor-api/1.2/javax.interceptor-api-1.2.jar:/home/user/.m2/repository/javax/inject/javax.inject/1/javax.inject-1.jar:/home/user/.m2/repository/com/sun/xml/bind/jaxb-core/2.3.0.1/jaxb-core-2.3.0.1.jar:/home/user/.m2/repository/javax/xml/bind/jaxb-api/2.3.0/jaxb-api-2.3.0.jar:/home/user/.m2/repository/javax/activation/activation/1.1.1/activation-1.1.1.jar:/home/user/.m2/repository/org/apache/hadoop/hadoop-ozone-csi/0.5.0-SNAPSHOT/hadoop-ozone-csi-0.5.0-SNAPSHOT.jar:/home/user/.m2/repository/com/google/protobuf/protobuf-java-util/3.5.1/protobuf-java-util-3.5.1.jar:/home/user/.m2/repository/io/grpc/grpc-netty/1.17.1/grpc-netty-1.17.1.jar:/home/user/.m2/repository/io/grpc/grpc-core/1.17.1/grpc-core-1.17.1.jar:/home/user/.m2/repository/io/grpc/grpc-context/1.17.1/grpc-context-1.17.1.jar:/home/user/.m2/repository/com/google/errorprone/error_prone_annotations/2.2.0/error_prone_annotations-2.2.0.jar:/home/user/.m2/repository/org/codehaus/mojo/animal-sniffer-annotations/1.17/animal-sniffer-annotations-1.17.jar:/home/user/.m2/repository/io/opencensus/opencensus-api/0.17.0/opencensus-api-0.17.0.jar:/home/user/.m2/repository/io/opencensus/opencensus-contrib-grpc-metrics/0.17.0/opencensus-contrib-grpc-metrics-0.17.0.jar:/home/user/.m2/repository/io/netty/netty-codec-http2/4.1.30.Final/netty-codec-http2-4.1.30.Final.jar:/home/user/.m2/repository/io/netty/netty-codec-http/4.1.30.Final/netty-codec-http-4.1.30.Final.jar:/home/user/.m2/repository/io/netty/netty-codec/4.1.30.Final/netty-codec-4.1.30.Final.jar:/home/user/.m2/repository/io/netty/netty-handler/4.1.30.Final/netty-handler-4.1.30.Final.jar:/home/user/.m2/repository/io/netty/netty-handler-proxy/4.1.30.Final/netty-handler-proxy-4.1.30.Final.jar:/home/user/.m2/repository/io/netty/netty-codec-socks/4.1.30.Final/netty-codec-socks-4.1.30.Final.jar:/home/user/.m2/repository/io/netty/netty-transport-native-epoll/4.1.30.Final/netty-transport-native-epoll-4.1.30.Final.jar:/home/user/.m2/repository/io/netty/netty-common/4.1.30.Final/netty-common-4.1.30.Final.jar:/home/user/.m2/repository/io/netty/netty-buffer/4.1.30.Final/netty-buffer-4.1.30.Final.jar:/home/user/.m2/repository/io/netty/netty-transport/4.1.30.Final/netty-transport-4.1.30.Final.jar:/home/user/.m2/repository/io/netty/netty-resolver/4.1.30.Final/netty-resolver-4.1.30.Final.jar:/home/user/.m2/repository/io/netty/netty-transport-native-unix-common/4.1.30.Final/netty-transport-native-unix-common-4.1.30.Final.jar:/home/user/.m2/repository/io/grpc/grpc-protobuf/1.17.1/grpc-protobuf-1.17.1.jar:/home/user/.m2/repository/com/google/api/grpc/proto-google-common-protos/1.0.0/proto-google-common-protos-1.0.0.jar:/home/user/.m2/repository/io/grpc/grpc-protobuf-lite/1.17.1/grpc-protobuf-lite-1.17.1.jar:/home/user/.m2/repository/io/grpc/grpc-stub/1.17.1/grpc-stub-1.17.1.jar:/home/user/.m2/repository/org/apache/hadoop/hadoop-ozone-recon/0.5.0-SNAPSHOT/hadoop-ozone-recon-0.5.0-SNAPSHOT.jar:/home/user/.m2/repository/org/apache/hadoop/hadoop-ozone-reconcodegen/0.5.0-SNAPSHOT/hadoop-ozone-reconcodegen-0.5.0-SNAPSHOT.jar:/home/user/.m2/repository/com/google/inject/extensions/guice-multibindings/4.0/guice-multibindings-4.0.jar:/home/user/.m2/repository/com/google/inject/guice/4.0/guice-4.0.jar:/home/user/.m2/repository/aopalliance/aopalliance/1.0/aopalliance-1.0.jar:/home/user/.m2/repository/org/glassfish/jersey/containers/jersey-container-servlet/2.27/jersey-container-servlet-2.27.jar:/home/user/.m2/repository/org/glassfish/hk2/guice-bridge/2.5.0/guice-bridge-2.5.0.jar:/home/user/.m2/repository/org/glassfish/jersey/core/jersey-server/2.27/jersey-server-2.27.jar:/home/user/.m2/repository/org/glassfish/jersey/core/jersey-client/2.27/jersey-client-2.27.jar:/home/user/.m2/repository/org/glassfish/jersey/media/jersey-media-jaxb/2.27/jersey-media-jaxb-2.27.jar:/home/user/.m2/repository/javax/validation/validation-api/1.1.0.Final/validation-api-1.1.0.Final.jar:/home/user/.m2/repository/org/glassfish/jersey/media/jersey-media-json-jackson/2.27/jersey-media-json-jackson-2.27.jar:/home/user/.m2/repository/org/glassfish/jersey/ext/jersey-entity-filtering/2.27/jersey-entity-filtering-2.27.jar:/home/user/.m2/repository/com/google/inject/extensions/guice-assistedinject/4.0/guice-assistedinject-4.0.jar:/home/user/.m2/repository/org/jooq/jooq/3.11.10/jooq-3.11.10.jar:/home/user/.m2/repository/org/jooq/jooq-meta/3.11.10/jooq-meta-3.11.10.jar:/home/user/.m2/repository/org/jooq/jooq-codegen/3.11.10/jooq-codegen-3.11.10.jar:/home/user/.m2/repository/com/jolbox/bonecp/0.8.0.RELEASE/bonecp-0.8.0.RELEASE.jar:/home/user/.m2/repository/org/springframework/spring-jdbc/5.1.3.RELEASE/spring-jdbc-5.1.3.RELEASE.jar:/home/user/.m2/repository/org/springframework/spring-beans/5.1.3.RELEASE/spring-beans-5.1.3.RELEASE.jar:/home/user/.m2/repository/org/springframework/spring-core/5.1.3.RELEASE/spring-core-5.1.3.RELEASE.jar:/home/user/.m2/repository/org/springframework/spring-jcl/5.1.3.RELEASE/spring-jcl-5.1.3.RELEASE.jar:/home/user/.m2/repository/org/springframework/spring-tx/5.1.3.RELEASE/spring-tx-5.1.3.RELEASE.jar:/home/user/.m2/repository/org/mockito/mockito-all/1.10.19/mockito-all-1.10.19.jar:/home/user/.m2/repository/junit/junit/4.11/junit-4.11.jar:/home/user/.m2/repository/org/hamcrest/hamcrest-core/1.3/hamcrest-core-1.3.jar:/home/user/.m2/repository/org/apache/hadoop/hadoop-distcp/3.2.0/hadoop-distcp-3.2.0.jar:/home/user/.m2/repository/org/apache/hadoop/hadoop-distcp/3.2.0/hadoop-distcp-3.2.0-tests.jar:/home/user/.m2/repository/org/apache/hadoop/hadoop-mapreduce-client-jobclient/3.2.0/hadoop-mapreduce-client-jobclient-3.2.0.jar:/home/user/.m2/repository/org/apache/hadoop/hadoop-mapreduce-client-common/3.2.0/hadoop-mapreduce-client-common-3.2.0.jar:/home/user/.m2/repository/org/apache/hadoop/hadoop-yarn-common/3.2.0/hadoop-yarn-common-3.2.0.jar:/home/user/.m2/repository/org/apache/hadoop/hadoop-yarn-api/3.2.0/hadoop-yarn-api-3.2.0.jar:/home/user/.m2/repository/com/sun/jersey/jersey-client/1.19/jersey-client-1.19.jar:/home/user/.m2/repository/com/sun/jersey/contribs/jersey-guice/1.19/jersey-guice-1.19.jar:/home/user/.m2/repository/com/fasterxml/jackson/jaxrs/jackson-jaxrs-json-provider/2.9.9/jackson-jaxrs-json-provider-2.9.9.jar:/home/user/.m2/repository/com/fasterxml/jackson/jaxrs/jackson-jaxrs-base/2.9.9/jackson-jaxrs-base-2.9.9.jar:/home/user/.m2/repository/org/apache/hadoop/hadoop-yarn-client/3.2.0/hadoop-yarn-client-3.2.0.jar:/home/user/.m2/repository/org/apache/hadoop/hadoop-mapreduce-client-core/3.2.0/hadoop-mapreduce-client-core-3.2.0.jar:/home/user/.m2/repository/com/google/inject/extensions/guice-servlet/4.0/guice-servlet-4.0.jar:/home/user/.m2/repository/org/powermock/powermock-module-junit4/1.6.5/powermock-module-junit4-1.6.5.jar:/home/user/.m2/repository/org/powermock/powermock-module-junit4-common/1.6.5/powermock-module-junit4-common-1.6.5.jar:/home/user/.m2/repository/org/powermock/powermock-core/1.6.5/powermock-core-1.6.5.jar:/home/user/.m2/repository/org/powermock/powermock-reflect/1.6.5/powermock-reflect-1.6.5.jar:/home/user/.m2/repository/org/powermock/powermock-api-mockito/1.6.5/powermock-api-mockito-1.6.5.jar:/home/user/.m2/repository/org/mockito/mockito-core/1.10.19/mockito-core-1.10.19.jar:/home/user/.m2/repository/org/objenesis/objenesis/1.0/objenesis-1.0.jar:/home/user/.m2/repository/org/powermock/powermock-api-mockito-common/1.6.5/powermock-api-mockito-common-1.6.5.jar:/home/user/.m2/repository/org/powermock/powermock-api-support/1.6.5/powermock-api-support-1.6.5.jar:"/>
    <property name="java.vm.vendor" value="Oracle Corporation"/>
    <property name="sun.arch.data.model" value="64"/>
    <property name="test.build.dir" value="/workdir/hadoop-ozone/ozonefs/target/test-dir"/>
    <property name="test.cache.data" value=""/>
    <property name="java.vendor.url" value="http://java.oracle.com/"/>
    <property name="user.timezone" value=""/>
    <property name="java.vm.specification.version" value="1.8"/>
    <property name="os.name" value="Linux"/>
    <property name="test.build.data" value="/workdir/hadoop-ozone/ozonefs/target/test-dir"/>
    <property name="user.country" value="US"/>
    <property name="sun.java.launcher" value="SUN_STANDARD"/>
    <property name="sun.boot.library.path" value="/usr/lib/jvm/java-1.8.0-openjdk-1.8.0.222.b10-1.el7_7.x86_64/jre/lib/amd64"/>
    <property name="sun.java.command" value="/workdir/hadoop-ozone/ozonefs/target/surefire/surefirebooter1965717051829269210.jar /workdir/hadoop-ozone/ozonefs/target/surefire 2019-10-17T00-48-39_694-jvmRun1 surefire266521977566051681tmp surefire_987525098582268521014tmp"/>
    <property name="surefire.test.class.path" value="/workdir/hadoop-ozone/ozonefs/target/test-classes:/workdir/hadoop-ozone/ozonefs/target/classes:/home/user/.m2/repository/org/apache/hadoop/hadoop-common/3.2.0/hadoop-common-3.2.0.jar:/home/user/.m2/repository/org/apache/hadoop/hadoop-annotations/3.2.0/hadoop-annotations-3.2.0.jar:/usr/lib/jvm/java-1.8.0-openjdk-1.8.0.222.b10-1.el7_7.x86_64/jre/../lib/tools.jar:/home/user/.m2/repository/com/google/guava/guava/11.0.2/guava-11.0.2.jar:/home/user/.m2/repository/commons-cli/commons-cli/1.2/commons-cli-1.2.jar:/home/user/.m2/repository/org/apache/commons/commons-math3/3.1.1/commons-math3-3.1.1.jar:/home/user/.m2/repository/commons-codec/commons-codec/1.11/commons-codec-1.11.jar:/home/user/.m2/repository/commons-io/commons-io/2.5/commons-io-2.5.jar:/home/user/.m2/repository/commons-net/commons-net/3.6/commons-net-3.6.jar:/home/user/.m2/repository/commons-collections/commons-collections/3.2.2/commons-collections-3.2.2.jar:/home/user/.m2/repository/javax/servlet/javax.servlet-api/3.1.0/javax.servlet-api-3.1.0.jar:/home/user/.m2/repository/org/eclipse/jetty/jetty-server/9.3.25.v20180904/jetty-server-9.3.25.v20180904.jar:/home/user/.m2/repository/org/eclipse/jetty/jetty-http/9.3.25.v20180904/jetty-http-9.3.25.v20180904.jar:/home/user/.m2/repository/org/eclipse/jetty/jetty-io/9.3.25.v20180904/jetty-io-9.3.25.v20180904.jar:/home/user/.m2/repository/org/eclipse/jetty/jetty-util/9.3.25.v20180904/jetty-util-9.3.25.v20180904.jar:/home/user/.m2/repository/org/eclipse/jetty/jetty-servlet/9.3.25.v20180904/jetty-servlet-9.3.25.v20180904.jar:/home/user/.m2/repository/org/eclipse/jetty/jetty-security/9.3.25.v20180904/jetty-security-9.3.25.v20180904.jar:/home/user/.m2/repository/org/eclipse/jetty/jetty-webapp/9.3.25.v20180904/jetty-webapp-9.3.25.v20180904.jar:/home/user/.m2/repository/org/eclipse/jetty/jetty-xml/9.3.25.v20180904/jetty-xml-9.3.25.v20180904.jar:/home/user/.m2/repository/javax/servlet/jsp/jsp-api/2.1/jsp-api-2.1.jar:/home/user/.m2/repository/com/sun/jersey/jersey-core/1.19/jersey-core-1.19.jar:/home/user/.m2/repository/javax/ws/rs/jsr311-api/1.1.1/jsr311-api-1.1.1.jar:/home/user/.m2/repository/com/sun/jersey/jersey-servlet/1.19/jersey-servlet-1.19.jar:/home/user/.m2/repository/com/sun/jersey/jersey-json/1.19/jersey-json-1.19.jar:/home/user/.m2/repository/org/codehaus/jettison/jettison/1.1/jettison-1.1.jar:/home/user/.m2/repository/com/sun/xml/bind/jaxb-impl/2.3.0.1/jaxb-impl-2.3.0.1.jar:/home/user/.m2/repository/org/codehaus/jackson/jackson-core-asl/1.9.13/jackson-core-asl-1.9.13.jar:/home/user/.m2/repository/org/codehaus/jackson/jackson-mapper-asl/1.9.13/jackson-mapper-asl-1.9.13.jar:/home/user/.m2/repository/org/codehaus/jackson/jackson-jaxrs/1.9.13/jackson-jaxrs-1.9.13.jar:/home/user/.m2/repository/org/codehaus/jackson/jackson-xc/1.9.13/jackson-xc-1.9.13.jar:/home/user/.m2/repository/com/sun/jersey/jersey-server/1.19/jersey-server-1.19.jar:/home/user/.m2/repository/commons-logging/commons-logging/1.1.3/commons-logging-1.1.3.jar:/home/user/.m2/repository/log4j/log4j/1.2.17/log4j-1.2.17.jar:/home/user/.m2/repository/commons-beanutils/commons-beanutils/1.9.4/commons-beanutils-1.9.4.jar:/home/user/.m2/repository/org/apache/commons/commons-configuration2/2.1.1/commons-configuration2-2.1.1.jar:/home/user/.m2/repository/org/apache/commons/commons-lang3/3.7/commons-lang3-3.7.jar:/home/user/.m2/repository/org/apache/commons/commons-text/1.4/commons-text-1.4.jar:/home/user/.m2/repository/org/slf4j/slf4j-api/1.7.25/slf4j-api-1.7.25.jar:/home/user/.m2/repository/org/slf4j/slf4j-log4j12/1.7.25/slf4j-log4j12-1.7.25.jar:/home/user/.m2/repository/org/apache/avro/avro/1.7.7/avro-1.7.7.jar:/home/user/.m2/repository/com/thoughtworks/paranamer/paranamer/2.3/paranamer-2.3.jar:/home/user/.m2/repository/org/xerial/snappy/snappy-java/1.0.5/snappy-java-1.0.5.jar:/home/user/.m2/repository/com/google/re2j/re2j/1.1/re2j-1.1.jar:/home/user/.m2/repository/com/google/protobuf/protobuf-java/2.5.0/protobuf-java-2.5.0.jar:/home/user/.m2/repository/com/google/code/gson/gson/2.2.4/gson-2.2.4.jar:/home/user/.m2/repository/org/apache/hadoop/hadoop-auth/3.2.0/hadoop-auth-3.2.0.jar:/home/user/.m2/repository/com/nimbusds/nimbus-jose-jwt/4.41.1/nimbus-jose-jwt-4.41.1.jar:/home/user/.m2/repository/com/github/stephenc/jcip/jcip-annotations/1.0-1/jcip-annotations-1.0-1.jar:/home/user/.m2/repository/net/minidev/json-smart/2.3/json-smart-2.3.jar:/home/user/.m2/repository/net/minidev/accessors-smart/1.2/accessors-smart-1.2.jar:/home/user/.m2/repository/org/apache/curator/curator-framework/2.12.0/curator-framework-2.12.0.jar:/home/user/.m2/repository/com/jcraft/jsch/0.1.54/jsch-0.1.54.jar:/home/user/.m2/repository/org/apache/curator/curator-client/2.12.0/curator-client-2.12.0.jar:/home/user/.m2/repository/org/apache/curator/curator-recipes/2.12.0/curator-recipes-2.12.0.jar:/home/user/.m2/repository/com/google/code/findbugs/jsr305/3.0.0/jsr305-3.0.0.jar:/home/user/.m2/repository/org/apache/htrace/htrace-core4/4.1.0-incubating/htrace-core4-4.1.0-incubating.jar:/home/user/.m2/repository/org/apache/zookeeper/zookeeper/3.4.13/zookeeper-3.4.13.jar:/home/user/.m2/repository/jline/jline/0.9.94/jline-0.9.94.jar:/home/user/.m2/repository/org/apache/yetus/audience-annotations/0.5.0/audience-annotations-0.5.0.jar:/home/user/.m2/repository/org/apache/commons/commons-compress/1.4.1/commons-compress-1.4.1.jar:/home/user/.m2/repository/org/tukaani/xz/1.0/xz-1.0.jar:/home/user/.m2/repository/org/apache/kerby/kerb-simplekdc/1.0.1/kerb-simplekdc-1.0.1.jar:/home/user/.m2/repository/org/apache/kerby/kerb-client/1.0.1/kerb-client-1.0.1.jar:/home/user/.m2/repository/org/apache/kerby/kerby-config/1.0.1/kerby-config-1.0.1.jar:/home/user/.m2/repository/org/apache/kerby/kerb-core/1.0.1/kerb-core-1.0.1.jar:/home/user/.m2/repository/org/apache/kerby/kerby-pkix/1.0.1/kerby-pkix-1.0.1.jar:/home/user/.m2/repository/org/apache/kerby/kerby-asn1/1.0.1/kerby-asn1-1.0.1.jar:/home/user/.m2/repository/org/apache/kerby/kerby-util/1.0.1/kerby-util-1.0.1.jar:/home/user/.m2/repository/org/apache/kerby/kerb-common/1.0.1/kerb-common-1.0.1.jar:/home/user/.m2/repository/org/apache/kerby/kerb-crypto/1.0.1/kerb-crypto-1.0.1.jar:/home/user/.m2/repository/org/apache/kerby/kerb-util/1.0.1/kerb-util-1.0.1.jar:/home/user/.m2/repository/org/apache/kerby/token-provider/1.0.1/token-provider-1.0.1.jar:/home/user/.m2/repository/org/apache/kerby/kerb-admin/1.0.1/kerb-admin-1.0.1.jar:/home/user/.m2/repository/org/apache/kerby/kerb-server/1.0.1/kerb-server-1.0.1.jar:/home/user/.m2/repository/org/apache/kerby/kerb-identity/1.0.1/kerb-identity-1.0.1.jar:/home/user/.m2/repository/org/apache/kerby/kerby-xdr/1.0.1/kerby-xdr-1.0.1.jar:/home/user/.m2/repository/com/fasterxml/jackson/core/jackson-databind/2.9.9/jackson-databind-2.9.9.jar:/home/user/.m2/repository/com/fasterxml/jackson/core/jackson-annotations/2.9.9/jackson-annotations-2.9.9.jar:/home/user/.m2/repository/com/fasterxml/jackson/core/jackson-core/2.9.9/jackson-core-2.9.9.jar:/home/user/.m2/repository/org/codehaus/woodstox/stax2-api/3.1.4/stax2-api-3.1.4.jar:/home/user/.m2/repository/com/fasterxml/woodstox/woodstox-core/5.0.3/woodstox-core-5.0.3.jar:/home/user/.m2/repository/dnsjava/dnsjava/2.1.7/dnsjava-2.1.7.jar:/home/user/.m2/repository/org/apache/hadoop/hadoop-hdfs/3.2.0/hadoop-hdfs-3.2.0.jar:/home/user/.m2/repository/org/eclipse/jetty/jetty-util-ajax/9.3.25.v20180904/jetty-util-ajax-9.3.25.v20180904.jar:/home/user/.m2/repository/commons-daemon/commons-daemon/1.0.13/commons-daemon-1.0.13.jar:/home/user/.m2/repository/io/netty/netty/3.10.5.Final/netty-3.10.5.Final.jar:/home/user/.m2/repository/io/netty/netty-all/4.0.52.Final/netty-all-4.0.52.Final.jar:/home/user/.m2/repository/org/fusesource/leveldbjni/leveldbjni-all/1.8/leveldbjni-all-1.8.jar:/home/user/.m2/repository/org/apache/hadoop/hadoop-hdds-common/0.5.0-SNAPSHOT/hadoop-hdds-common-0.5.0-SNAPSHOT.jar:/home/user/.m2/repository/org/apache/hadoop/hadoop-hdds-config/0.5.0-SNAPSHOT/hadoop-hdds-config-0.5.0-SNAPSHOT.jar:/home/user/.m2/repository/javax/annotation/javax.annotation-api/1.2/javax.annotation-api-1.2.jar:/home/user/.m2/repository/org/apache/ratis/ratis-server/0.5.0-3f446aa-SNAPSHOT/ratis-server-0.5.0-3f446aa-SNAPSHOT.jar:/home/user/.m2/repository/org/apache/ratis/ratis-thirdparty-misc/0.2.0/ratis-thirdparty-misc-0.2.0.jar:/home/user/.m2/repository/org/apache/ratis/ratis-proto/0.5.0-3f446aa-SNAPSHOT/ratis-proto-0.5.0-3f446aa-SNAPSHOT.jar:/home/user/.m2/repository/org/apache/ratis/ratis-common/0.5.0-3f446aa-SNAPSHOT/ratis-common-0.5.0-3f446aa-SNAPSHOT.jar:/home/user/.m2/repository/org/apache/ratis/ratis-client/0.5.0-3f446aa-SNAPSHOT/ratis-client-0.5.0-3f446aa-SNAPSHOT.jar:/home/user/.m2/repository/org/apache/ratis/ratis-metrics/0.5.0-3f446aa-SNAPSHOT/ratis-metrics-0.5.0-3f446aa-SNAPSHOT.jar:/home/user/.m2/repository/com/github/joshelser/dropwizard-metrics-hadoop-metrics2-reporter/0.1.2/dropwizard-metrics-hadoop-metrics2-reporter-0.1.2.jar:/home/user/.m2/repository/io/dropwizard/metrics/metrics-jvm/3.2.5/metrics-jvm-3.2.5.jar:/home/user/.m2/repository/io/dropwizard/metrics/metrics-ganglia/3.2.5/metrics-ganglia-3.2.5.jar:/home/user/.m2/repository/info/ganglia/gmetric4j/gmetric4j/1.0.7/gmetric4j-1.0.7.jar:/home/user/.m2/repository/org/apache/ratis/ratis-netty/0.5.0-3f446aa-SNAPSHOT/ratis-netty-0.5.0-3f446aa-SNAPSHOT.jar:/home/user/.m2/repository/org/apache/ratis/ratis-grpc/0.5.0-3f446aa-SNAPSHOT/ratis-grpc-0.5.0-3f446aa-SNAPSHOT.jar:/home/user/.m2/repository/org/rocksdb/rocksdbjni/6.0.1/rocksdbjni-6.0.1.jar:/home/user/.m2/repository/org/apache/logging/log4j/log4j-api/2.11.0/log4j-api-2.11.0.jar:/home/user/.m2/repository/org/apache/logging/log4j/log4j-core/2.11.0/log4j-core-2.11.0.jar:/home/user/.m2/repository/com/lmax/disruptor/3.4.2/disruptor-3.4.2.jar:/home/user/.m2/repository/org/apache/commons/commons-pool2/2.6.0/commons-pool2-2.6.0.jar:/home/user/.m2/repository/org/bouncycastle/bcpkix-jdk15on/1.60/bcpkix-jdk15on-1.60.jar:/home/user/.m2/repository/commons-validator/commons-validator/1.6/commons-validator-1.6.jar:/home/user/.m2/repository/commons-digester/commons-digester/1.8.1/commons-digester-1.8.1.jar:/home/user/.m2/repository/io/jaegertracing/jaeger-client/0.34.0/jaeger-client-0.34.0.jar:/home/user/.m2/repository/io/jaegertracing/jaeger-thrift/0.34.0/jaeger-thrift-0.34.0.jar:/home/user/.m2/repository/org/apache/thrift/libthrift/0.12.0/libthrift-0.12.0.jar:/home/user/.m2/repository/com/squareup/okhttp3/okhttp/3.9.0/okhttp-3.9.0.jar:/home/user/.m2/repository/com/squareup/okio/okio/1.13.0/okio-1.13.0.jar:/home/user/.m2/repository/io/jaegertracing/jaeger-core/0.34.0/jaeger-core-0.34.0.jar:/home/user/.m2/repository/io/jaegertracing/jaeger-tracerresolver/0.34.0/jaeger-tracerresolver-0.34.0.jar:/home/user/.m2/repository/io/opentracing/contrib/opentracing-tracerresolver/0.1.5/opentracing-tracerresolver-0.1.5.jar:/home/user/.m2/repository/io/opentracing/opentracing-util/0.31.0/opentracing-util-0.31.0.jar:/home/user/.m2/repository/io/opentracing/opentracing-api/0.31.0/opentracing-api-0.31.0.jar:/home/user/.m2/repository/io/opentracing/opentracing-noop/0.31.0/opentracing-noop-0.31.0.jar:/home/user/.m2/repository/org/yaml/snakeyaml/1.16/snakeyaml-1.16.jar:/home/user/.m2/repository/org/apache/hadoop/hadoop-hdfs-client/3.2.0/hadoop-hdfs-client-3.2.0.jar:/home/user/.m2/repository/info/picocli/picocli/3.9.6/picocli-3.9.6.jar:/home/user/.m2/repository/org/apache/hadoop/hadoop-hdds-server-scm/0.5.0-SNAPSHOT/hadoop-hdds-server-scm-0.5.0-SNAPSHOT.jar:/home/user/.m2/repository/org/apache/hadoop/hadoop-hdds-docs/0.5.0-SNAPSHOT/hadoop-hdds-docs-0.5.0-SNAPSHOT.jar:/home/user/.m2/repository/io/dropwizard/metrics/metrics-core/3.2.4/metrics-core-3.2.4.jar:/home/user/.m2/repository/org/hamcrest/hamcrest-all/1.3/hamcrest-all-1.3.jar:/home/user/.m2/repository/org/bouncycastle/bcprov-jdk15on/1.60/bcprov-jdk15on-1.60.jar:/home/user/.m2/repository/org/apache/hadoop/hadoop-hdds-server-framework/0.5.0-SNAPSHOT/hadoop-hdds-server-framework-0.5.0-SNAPSHOT.jar:/home/user/.m2/repository/org/apache/hadoop/hadoop-ozone-ozone-manager/0.5.0-SNAPSHOT/hadoop-ozone-ozone-manager-0.5.0-SNAPSHOT.jar:/home/user/.m2/repository/org/apache/hadoop/hadoop-hdds-container-service/0.5.0-SNAPSHOT/hadoop-hdds-container-service-0.5.0-SNAPSHOT.jar:/home/user/.m2/repository/org/apache/hadoop/hadoop-hdds-client/0.5.0-SNAPSHOT/hadoop-hdds-client-0.5.0-SNAPSHOT.jar:/home/user/.m2/repository/org/apache/hadoop/hadoop-ozone-common/0.5.0-SNAPSHOT/hadoop-ozone-common-0.5.0-SNAPSHOT.jar:/home/user/.m2/repository/org/apache/hadoop/hadoop-hdds-tools/0.5.0-SNAPSHOT/hadoop-hdds-tools-0.5.0-SNAPSHOT.jar:/home/user/.m2/repository/org/xerial/sqlite-jdbc/3.25.2/sqlite-jdbc-3.25.2.jar:/home/user/.m2/repository/org/apache/httpcomponents/httpclient/4.5.2/httpclient-4.5.2.jar:/home/user/.m2/repository/org/apache/httpcomponents/httpcore/4.4.4/httpcore-4.4.4.jar:/home/user/.m2/repository/com/github/spotbugs/spotbugs/3.1.12/spotbugs-3.1.12.jar:/home/user/.m2/repository/org/ow2/asm/asm/5.0.4/asm-5.0.4.jar:/home/user/.m2/repository/org/ow2/asm/asm-analysis/7.0/asm-analysis-7.0.jar:/home/user/.m2/repository/org/ow2/asm/asm-commons/7.0/asm-commons-7.0.jar:/home/user/.m2/repository/org/ow2/asm/asm-tree/7.0/asm-tree-7.0.jar:/home/user/.m2/repository/org/ow2/asm/asm-util/7.0/asm-util-7.0.jar:/home/user/.m2/repository/org/apache/bcel/bcel/6.3/bcel-6.3.jar:/home/user/.m2/repository/net/jcip/jcip-annotations/1.0/jcip-annotations-1.0.jar:/home/user/.m2/repository/org/dom4j/dom4j/2.1.1/dom4j-2.1.1.jar:/home/user/.m2/repository/jaxen/jaxen/1.1.6/jaxen-1.1.6.jar:/home/user/.m2/repository/commons-lang/commons-lang/2.6/commons-lang-2.6.jar:/home/user/.m2/repository/com/github/spotbugs/spotbugs-annotations/3.1.12/spotbugs-annotations-3.1.12.jar:/home/user/.m2/repository/org/apache/hadoop/hadoop-common/3.2.0/hadoop-common-3.2.0-tests.jar:/home/user/.m2/repository/org/apache/hadoop/hadoop-ozone-client/0.5.0-SNAPSHOT/hadoop-ozone-client-0.5.0-SNAPSHOT.jar:/home/user/.m2/repository/org/apache/hadoop/hadoop-hdfs/3.2.0/hadoop-hdfs-3.2.0-tests.jar:/workdir/hadoop-ozone/integration-test/target/test-classes:/home/user/.m2/repository/org/apache/hadoop/hadoop-ozone-s3gateway/0.5.0-SNAPSHOT/hadoop-ozone-s3gateway-0.5.0-SNAPSHOT.jar:/home/user/.m2/repository/org/jboss/weld/servlet/weld-servlet/2.4.7.Final/weld-servlet-2.4.7.Final.jar:/home/user/.m2/repository/org/glassfish/jersey/containers/jersey-container-servlet-core/2.27/jersey-container-servlet-core-2.27.jar:/home/user/.m2/repository/org/glassfish/hk2/external/javax.inject/2.5.0-b42/javax.inject-2.5.0-b42.jar:/home/user/.m2/repository/org/glassfish/jersey/core/jersey-common/2.27/jersey-common-2.27.jar:/home/user/.m2/repository/org/glassfish/hk2/osgi-resource-locator/1.0.1/osgi-resource-locator-1.0.1.jar:/home/user/.m2/repository/javax/ws/rs/javax.ws.rs-api/2.1/javax.ws.rs-api-2.1.jar:/home/user/.m2/repository/org/glassfish/jersey/ext/cdi/jersey-cdi1x/2.27/jersey-cdi1x-2.27.jar:/home/user/.m2/repository/org/glassfish/jersey/inject/jersey-hk2/2.27/jersey-hk2-2.27.jar:/home/user/.m2/repository/org/glassfish/hk2/hk2-locator/2.5.0-b42/hk2-locator-2.5.0-b42.jar:/home/user/.m2/repository/org/javassist/javassist/3.22.0-CR2/javassist-3.22.0-CR2.jar:/home/user/.m2/repository/org/glassfish/hk2/hk2-api/2.5.0/hk2-api-2.5.0.jar:/home/user/.m2/repository/org/glassfish/hk2/external/jakarta.inject/2.5.0/jakarta.inject-2.5.0.jar:/home/user/.m2/repository/org/glassfish/hk2/hk2-utils/2.5.0/hk2-utils-2.5.0.jar:/home/user/.m2/repository/jakarta/annotation/jakarta.annotation-api/1.3.4/jakarta.annotation-api-1.3.4.jar:/home/user/.m2/repository/org/glassfish/hk2/external/aopalliance-repackaged/2.5.0/aopalliance-repackaged-2.5.0.jar:/home/user/.m2/repository/com/fasterxml/jackson/dataformat/jackson-dataformat-xml/2.9.0/jackson-dataformat-xml-2.9.0.jar:/home/user/.m2/repository/com/fasterxml/jackson/module/jackson-module-jaxb-annotations/2.9.9/jackson-module-jaxb-annotations-2.9.9.jar:/home/user/.m2/repository/javax/enterprise/cdi-api/1.2/cdi-api-1.2.jar:/home/user/.m2/repository/javax/el/javax.el-api/3.0.0/javax.el-api-3.0.0.jar:/home/user/.m2/repository/javax/interceptor/javax.interceptor-api/1.2/javax.interceptor-api-1.2.jar:/home/user/.m2/repository/javax/inject/javax.inject/1/javax.inject-1.jar:/home/user/.m2/repository/com/sun/xml/bind/jaxb-core/2.3.0.1/jaxb-core-2.3.0.1.jar:/home/user/.m2/repository/javax/xml/bind/jaxb-api/2.3.0/jaxb-api-2.3.0.jar:/home/user/.m2/repository/javax/activation/activation/1.1.1/activation-1.1.1.jar:/home/user/.m2/repository/org/apache/hadoop/hadoop-ozone-csi/0.5.0-SNAPSHOT/hadoop-ozone-csi-0.5.0-SNAPSHOT.jar:/home/user/.m2/repository/com/google/protobuf/protobuf-java-util/3.5.1/protobuf-java-util-3.5.1.jar:/home/user/.m2/repository/io/grpc/grpc-netty/1.17.1/grpc-netty-1.17.1.jar:/home/user/.m2/repository/io/grpc/grpc-core/1.17.1/grpc-core-1.17.1.jar:/home/user/.m2/repository/io/grpc/grpc-context/1.17.1/grpc-context-1.17.1.jar:/home/user/.m2/repository/com/google/errorprone/error_prone_annotations/2.2.0/error_prone_annotations-2.2.0.jar:/home/user/.m2/repository/org/codehaus/mojo/animal-sniffer-annotations/1.17/animal-sniffer-annotations-1.17.jar:/home/user/.m2/repository/io/opencensus/opencensus-api/0.17.0/opencensus-api-0.17.0.jar:/home/user/.m2/repository/io/opencensus/opencensus-contrib-grpc-metrics/0.17.0/opencensus-contrib-grpc-metrics-0.17.0.jar:/home/user/.m2/repository/io/netty/netty-codec-http2/4.1.30.Final/netty-codec-http2-4.1.30.Final.jar:/home/user/.m2/repository/io/netty/netty-codec-http/4.1.30.Final/netty-codec-http-4.1.30.Final.jar:/home/user/.m2/repository/io/netty/netty-codec/4.1.30.Final/netty-codec-4.1.30.Final.jar:/home/user/.m2/repository/io/netty/netty-handler/4.1.30.Final/netty-handler-4.1.30.Final.jar:/home/user/.m2/repository/io/netty/netty-handler-proxy/4.1.30.Final/netty-handler-proxy-4.1.30.Final.jar:/home/user/.m2/repository/io/netty/netty-codec-socks/4.1.30.Final/netty-codec-socks-4.1.30.Final.jar:/home/user/.m2/repository/io/netty/netty-transport-native-epoll/4.1.30.Final/netty-transport-native-epoll-4.1.30.Final.jar:/home/user/.m2/repository/io/netty/netty-common/4.1.30.Final/netty-common-4.1.30.Final.jar:/home/user/.m2/repository/io/netty/netty-buffer/4.1.30.Final/netty-buffer-4.1.30.Final.jar:/home/user/.m2/repository/io/netty/netty-transport/4.1.30.Final/netty-transport-4.1.30.Final.jar:/home/user/.m2/repository/io/netty/netty-resolver/4.1.30.Final/netty-resolver-4.1.30.Final.jar:/home/user/.m2/repository/io/netty/netty-transport-native-unix-common/4.1.30.Final/netty-transport-native-unix-common-4.1.30.Final.jar:/home/user/.m2/repository/io/grpc/grpc-protobuf/1.17.1/grpc-protobuf-1.17.1.jar:/home/user/.m2/repository/com/google/api/grpc/proto-google-common-protos/1.0.0/proto-google-common-protos-1.0.0.jar:/home/user/.m2/repository/io/grpc/grpc-protobuf-lite/1.17.1/grpc-protobuf-lite-1.17.1.jar:/home/user/.m2/repository/io/grpc/grpc-stub/1.17.1/grpc-stub-1.17.1.jar:/home/user/.m2/repository/org/apache/hadoop/hadoop-ozone-recon/0.5.0-SNAPSHOT/hadoop-ozone-recon-0.5.0-SNAPSHOT.jar:/home/user/.m2/repository/org/apache/hadoop/hadoop-ozone-reconcodegen/0.5.0-SNAPSHOT/hadoop-ozone-reconcodegen-0.5.0-SNAPSHOT.jar:/home/user/.m2/repository/com/google/inject/extensions/guice-multibindings/4.0/guice-multibindings-4.0.jar:/home/user/.m2/repository/com/google/inject/guice/4.0/guice-4.0.jar:/home/user/.m2/repository/aopalliance/aopalliance/1.0/aopalliance-1.0.jar:/home/user/.m2/repository/org/glassfish/jersey/containers/jersey-container-servlet/2.27/jersey-container-servlet-2.27.jar:/home/user/.m2/repository/org/glassfish/hk2/guice-bridge/2.5.0/guice-bridge-2.5.0.jar:/home/user/.m2/repository/org/glassfish/jersey/core/jersey-server/2.27/jersey-server-2.27.jar:/home/user/.m2/repository/org/glassfish/jersey/core/jersey-client/2.27/jersey-client-2.27.jar:/home/user/.m2/repository/org/glassfish/jersey/media/jersey-media-jaxb/2.27/jersey-media-jaxb-2.27.jar:/home/user/.m2/repository/javax/validation/validation-api/1.1.0.Final/validation-api-1.1.0.Final.jar:/home/user/.m2/repository/org/glassfish/jersey/media/jersey-media-json-jackson/2.27/jersey-media-json-jackson-2.27.jar:/home/user/.m2/repository/org/glassfish/jersey/ext/jersey-entity-filtering/2.27/jersey-entity-filtering-2.27.jar:/home/user/.m2/repository/com/google/inject/extensions/guice-assistedinject/4.0/guice-assistedinject-4.0.jar:/home/user/.m2/repository/org/jooq/jooq/3.11.10/jooq-3.11.10.jar:/home/user/.m2/repository/org/jooq/jooq-meta/3.11.10/jooq-meta-3.11.10.jar:/home/user/.m2/repository/org/jooq/jooq-codegen/3.11.10/jooq-codegen-3.11.10.jar:/home/user/.m2/repository/com/jolbox/bonecp/0.8.0.RELEASE/bonecp-0.8.0.RELEASE.jar:/home/user/.m2/repository/org/springframework/spring-jdbc/5.1.3.RELEASE/spring-jdbc-5.1.3.RELEASE.jar:/home/user/.m2/repository/org/springframework/spring-beans/5.1.3.RELEASE/spring-beans-5.1.3.RELEASE.jar:/home/user/.m2/repository/org/springframework/spring-core/5.1.3.RELEASE/spring-core-5.1.3.RELEASE.jar:/home/user/.m2/repository/org/springframework/spring-jcl/5.1.3.RELEASE/spring-jcl-5.1.3.RELEASE.jar:/home/user/.m2/repository/org/springframework/spring-tx/5.1.3.RELEASE/spring-tx-5.1.3.RELEASE.jar:/home/user/.m2/repository/org/mockito/mockito-all/1.10.19/mockito-all-1.10.19.jar:/home/user/.m2/repository/junit/junit/4.11/junit-4.11.jar:/home/user/.m2/repository/org/hamcrest/hamcrest-core/1.3/hamcrest-core-1.3.jar:/home/user/.m2/repository/org/apache/hadoop/hadoop-distcp/3.2.0/hadoop-distcp-3.2.0.jar:/home/user/.m2/repository/org/apache/hadoop/hadoop-distcp/3.2.0/hadoop-distcp-3.2.0-tests.jar:/home/user/.m2/repository/org/apache/hadoop/hadoop-mapreduce-client-jobclient/3.2.0/hadoop-mapreduce-client-jobclient-3.2.0.jar:/home/user/.m2/repository/org/apache/hadoop/hadoop-mapreduce-client-common/3.2.0/hadoop-mapreduce-client-common-3.2.0.jar:/home/user/.m2/repository/org/apache/hadoop/hadoop-yarn-common/3.2.0/hadoop-yarn-common-3.2.0.jar:/home/user/.m2/repository/org/apache/hadoop/hadoop-yarn-api/3.2.0/hadoop-yarn-api-3.2.0.jar:/home/user/.m2/repository/com/sun/jersey/jersey-client/1.19/jersey-client-1.19.jar:/home/user/.m2/repository/com/sun/jersey/contribs/jersey-guice/1.19/jersey-guice-1.19.jar:/home/user/.m2/repository/com/fasterxml/jackson/jaxrs/jackson-jaxrs-json-provider/2.9.9/jackson-jaxrs-json-provider-2.9.9.jar:/home/user/.m2/repository/com/fasterxml/jackson/jaxrs/jackson-jaxrs-base/2.9.9/jackson-jaxrs-base-2.9.9.jar:/home/user/.m2/repository/org/apache/hadoop/hadoop-yarn-client/3.2.0/hadoop-yarn-client-3.2.0.jar:/home/user/.m2/repository/org/apache/hadoop/hadoop-mapreduce-client-core/3.2.0/hadoop-mapreduce-client-core-3.2.0.jar:/home/user/.m2/repository/com/google/inject/extensions/guice-servlet/4.0/guice-servlet-4.0.jar:/home/user/.m2/repository/org/powermock/powermock-module-junit4/1.6.5/powermock-module-junit4-1.6.5.jar:/home/user/.m2/repository/org/powermock/powermock-module-junit4-common/1.6.5/powermock-module-junit4-common-1.6.5.jar:/home/user/.m2/repository/org/powermock/powermock-core/1.6.5/powermock-core-1.6.5.jar:/home/user/.m2/repository/org/powermock/powermock-reflect/1.6.5/powermock-reflect-1.6.5.jar:/home/user/.m2/repository/org/powermock/powermock-api-mockito/1.6.5/powermock-api-mockito-1.6.5.jar:/home/user/.m2/repository/org/mockito/mockito-core/1.10.19/mockito-core-1.10.19.jar:/home/user/.m2/repository/org/objenesis/objenesis/1.0/objenesis-1.0.jar:/home/user/.m2/repository/org/powermock/powermock-api-mockito-common/1.6.5/powermock-api-mockito-common-1.6.5.jar:/home/user/.m2/repository/org/powermock/powermock-api-support/1.6.5/powermock-api-support-1.6.5.jar:"/>
    <property name="sun.cpu.endian" value="little"/>
    <property name="user.home" value="/home/user"/>
    <property name="user.language" value="en"/>
    <property name="java.specification.vendor" value="Oracle Corporation"/>
    <property name="java.home" value="/usr/lib/jvm/java-1.8.0-openjdk-1.8.0.222.b10-1.el7_7.x86_64/jre"/>
    <property name="surefire.excludesFile" value="/tools/ozone-bad-unit-tests"/>
    <property name="java.security.krb5.conf" value="/workdir/hadoop-ozone/ozonefs/target/test-classes/krb5.conf"/>
    <property name="basedir" value="/workdir/hadoop-ozone/ozonefs"/>
    <property name="file.separator" value="/"/>
    <property name="line.separator" value="&#10;"/>
    <property name="java.vm.specification.vendor" value="Oracle Corporation"/>
    <property name="java.specification.name" value="Java Platform API Specification"/>
    <property name="java.awt.graphicsenv" value="sun.awt.X11GraphicsEnvironment"/>
    <property name="surefire.real.class.path" value="/workdir/hadoop-ozone/ozonefs/target/surefire/surefirebooter1965717051829269210.jar"/>
    <property name="hadoop.log.dir" value="/workdir/hadoop-ozone/ozonefs/target/log"/>
    <property name="sun.boot.class.path" value="/usr/lib/jvm/java-1.8.0-openjdk-1.8.0.222.b10-1.el7_7.x86_64/jre/lib/resources.jar:/usr/lib/jvm/java-1.8.0-openjdk-1.8.0.222.b10-1.el7_7.x86_64/jre/lib/rt.jar:/usr/lib/jvm/java-1.8.0-openjdk-1.8.0.222.b10-1.el7_7.x86_64/jre/lib/sunrsasign.jar:/usr/lib/jvm/java-1.8.0-openjdk-1.8.0.222.b10-1.el7_7.x86_64/jre/lib/jsse.jar:/usr/lib/jvm/java-1.8.0-openjdk-1.8.0.222.b10-1.el7_7.x86_64/jre/lib/jce.jar:/usr/lib/jvm/java-1.8.0-openjdk-1.8.0.222.b10-1.el7_7.x86_64/jre/lib/charsets.jar:/usr/lib/jvm/java-1.8.0-openjdk-1.8.0.222.b10-1.el7_7.x86_64/jre/lib/jfr.jar:/usr/lib/jvm/java-1.8.0-openjdk-1.8.0.222.b10-1.el7_7.x86_64/jre/classes"/>
    <property name="sun.management.compiler" value="HotSpot 64-Bit Tiered Compilers"/>
    <property name="java.runtime.version" value="1.8.0_222-b10"/>
    <property name="java.net.preferIPv4Stack" value="true"/>
    <property name="user.name" value="jenkins1000"/>
    <property name="path.separator" value=":"/>
    <property name="java.security.egd" value="file:///dev/urandom"/>
    <property name="os.version" value="3.10.0-957.12.2.el7.x86_64"/>
    <property name="java.endorsed.dirs" value="/usr/lib/jvm/java-1.8.0-openjdk-1.8.0.222.b10-1.el7_7.x86_64/jre/lib/endorsed"/>
    <property name="java.runtime.name" value="OpenJDK Runtime Environment"/>
    <property name="file.encoding" value="ANSI_X3.4-1968"/>
    <property name="java.vm.name" value="OpenJDK 64-Bit Server VM"/>
    <property name="test.build.webapps" value=""/>
    <property name="localRepository" value="/home/user/.m2/repository"/>
    <property name="java.vendor.url.bug" value="http://bugreport.sun.com/bugreport/"/>
    <property name="java.io.tmpdir" value="/tmp"/>
    <property name="require.test.libhadoop" value=""/>
    <property name="java.version" value="1.8.0_222"/>
    <property name="user.dir" value="/workdir/hadoop-ozone/ozonefs"/>
    <property name="os.arch" value="amd64"/>
    <property name="java.vm.specification.name" value="Java Virtual Machine Specification"/>
    <property name="test.build.classes" value="/workdir/hadoop-ozone/ozonefs/target/test-classes"/>
    <property name="java.awt.printerjob" value="sun.print.PSPrinterJob"/>
    <property name="sun.os.patch.level" value="unknown"/>
    <property name="hadoop.tmp.dir" value="/workdir/hadoop-ozone/ozonefs/target/tmp"/>
    <property name="java.library.path" value="/usr/lib:/workdir/hadoop-ozone/ozonefs/target/native/target/usr/local/lib:/workdir/hadoop-ozone/ozonefs/../../hadoop-common-project/hadoop-common/target/native/target/usr/local/lib:/usr/java/packages/lib/amd64:/usr/lib64:/lib64:/lib:/usr/lib"/>
    <property name="java.vm.info" value="mixed mode"/>
    <property name="java.vendor" value="Oracle Corporation"/>
    <property name="java.vm.version" value="25.222-b10"/>
    <property name="java.ext.dirs" value="/usr/lib/jvm/java-1.8.0-openjdk-1.8.0.222.b10-1.el7_7.x86_64/jre/lib/ext:/usr/java/packages/lib/ext"/>
    <property name="sun.io.unicode.encoding" value="UnicodeLittle"/>
    <property name="java.class.version" value="52.0"/>
  </properties>
  <testcase name="testOzoneManagerFileSystemInterface[0]" classname="org.apache.hadoop.fs.ozone.TestOzoneFileInterfaces" time="22.729"/>
  <testcase name="testListStatus[0]" classname="org.apache.hadoop.fs.ozone.TestOzoneFileInterfaces" time="18.896"/>
  <testcase name="testDirectory[0]" classname="org.apache.hadoop.fs.ozone.TestOzoneFileInterfaces" time="16.786"/>
  <testcase name="testPathToKey[0]" classname="org.apache.hadoop.fs.ozone.TestOzoneFileInterfaces" time="16.665"/>
  <testcase name="testFileSystemInit[0]" classname="org.apache.hadoop.fs.ozone.TestOzoneFileInterfaces" time="71.653">
    <error message="Timed out waiting for condition. Thread diagnostics:&#10;Timestamp: 2019-10-17 02:15:26,191&#10;&#10;&quot;pool-246-thread-54&quot;  prio=5 tid=2691 in Object.wait()&#10;java.lang.Thread.State: WAITING (on object monitor)&#10;        at sun.misc.Unsafe.park(Native Method)&#10;        at java.util.concurrent.locks.LockSupport.park(LockSupport.java:175)&#10;        at java.util.concurrent.locks.AbstractQueuedSynchronizer$ConditionObject.await(AbstractQueuedSynchronizer.java:2039)&#10;        at java.util.concurrent.ArrayBlockingQueue.take(ArrayBlockingQueue.java:403)&#10;        at java.util.concurrent.ThreadPoolExecutor.getTask(ThreadPoolExecutor.java:1074)&#10;        at java.util.concurrent.ThreadPoolExecutor.runWorker(ThreadPoolExecutor.java:1134)&#10;        at java.util.concurrent.ThreadPoolExecutor$Worker.run(ThreadPoolExecutor.java:624)&#10;        at java.lang.Thread.run(Thread.java:748)&#10;&quot;pool-226-thread-49&quot;  prio=5 tid=2561 in Object.wait()&#10;java.lang.Thread.State: WAITING (on object monitor)&#10;        at sun.misc.Unsafe.park(Native Method)&#10;        at java.util.concurrent.locks.LockSupport.park(LockSupport.java:175)&#10;        at java.util.concurrent.locks.AbstractQueuedSynchronizer$ConditionObject.await(AbstractQueuedSynchronizer.java:2039)&#10;        at java.util.concurrent.ArrayBlockingQueue.take(ArrayBlockingQueue.java:403)&#10;        at java.util.concurrent.ThreadPoolExecutor.getTask(ThreadPoolExecutor.java:1074)&#10;        at java.util.concurrent.ThreadPoolExecutor.runWorker(ThreadPoolExecutor.java:1134)&#10;        at java.util.concurrent.ThreadPoolExecutor$Worker.run(ThreadPoolExecutor.java:624)&#10;        at java.lang.Thread.run(Thread.java:748)&#10;&quot;pool-246-thread-46&quot;  prio=5 tid=2683 in Object.wait()&#10;java.lang.Thread.State: WAITING (on object monitor)&#10;        at sun.misc.Unsafe.park(Native Method)&#10;        at java.util.concurrent.locks.LockSupport.park(LockSupport.java:175)&#10;        at java.util.concurrent.locks.AbstractQueuedSynchronizer$ConditionObject.await(AbstractQueuedSynchronizer.java:2039)&#10;        at java.util.concurrent.ArrayBlockingQueue.take(ArrayBlockingQueue.java:403)&#10;        at java.util.concurrent.ThreadPoolExecutor.getTask(ThreadPoolExecutor.java:1074)&#10;        at java.util.concurrent.ThreadPoolExecutor.runWorker(ThreadPoolExecutor.java:1134)&#10;        at java.util.concurrent.ThreadPoolExecutor$Worker.run(ThreadPoolExecutor.java:624)&#10;        at java.lang.Thread.run(Thread.java:748)&#10;&quot;pool-236-thread-18&quot;  prio=5 tid=2593 in Object.wait()&#10;java.lang.Thread.State: WAITING (on object monitor)&#10;        at sun.misc.Unsafe.park(Native Method)&#10;        at java.util.concurrent.locks.LockSupport.park(LockSupport.java:175)&#10;        at java.util.concurrent.locks.AbstractQueuedSynchronizer$ConditionObject.await(AbstractQueuedSynchronizer.java:2039)&#10;        at java.util.concurrent.ArrayBlockingQueue.take(ArrayBlockingQueue.java:403)&#10;        at java.util.concurrent.ThreadPoolExecutor.getTask(ThreadPoolExecutor.java:1074)&#10;        at java.util.concurrent.ThreadPoolExecutor.runWorker(ThreadPoolExecutor.java:1134)&#10;        at java.util.concurrent.ThreadPoolExecutor$Worker.run(ThreadPoolExecutor.java:624)&#10;        at java.lang.Thread.run(Thread.java:748)&#10;&quot;org.eclipse.jetty.server.session.HashSessionManager@7f97bc14Timer&quot; daemon prio=5 tid=2384 timed_waiting&#10;java.lang.Thread.State: TIMED_WAITING&#10;        at sun.misc.Unsafe.park(Native Method)&#10;        at java.util.concurrent.locks.LockSupport.parkNanos(LockSupport.java:215)&#10;        at java.util.concurrent.locks.AbstractQueuedSynchronizer$ConditionObject.awaitNanos(AbstractQueuedSynchronizer.java:2078)&#10;        at java.util.concurrent.ScheduledThreadPoolExecutor$DelayedWorkQueue.take(ScheduledThreadPoolExecutor.java:1093)&#10;        at java.util.concurrent.ScheduledThreadPoolExecutor$DelayedWorkQueue.take(ScheduledThreadPoolExecutor.java:809)&#10;        at java.util.concurrent.ThreadPoolExecutor.getTask(ThreadPoolExecutor.java:1074)&#10;        at java.util.concurrent.ThreadPoolExecutor.runWorker(ThreadPoolExecutor.java:1134)&#10;        at java.util.concurrent.ThreadPoolExecutor$Worker.run(ThreadPoolExecutor.java:624)&#10;        at java.lang.Thread.run(Thread.java:748)&#10;&quot;pool-246-thread-50&quot;  prio=5 tid=2687 in Object.wait()&#10;java.lang.Thread.State: WAITING (on object monitor)&#10;        at sun.misc.Unsafe.park(Native Method)&#10;        at java.util.concurrent.locks.LockSupport.park(LockSupport.java:175)&#10;        at java.util.concurrent.locks.AbstractQueuedSynchronizer$ConditionObject.await(AbstractQueuedSynchronizer.java:2039)&#10;        at java.util.concurrent.ArrayBlockingQueue.take(ArrayBlockingQueue.java:403)&#10;        at java.util.concurrent.ThreadPoolExecutor.getTask(ThreadPoolExecutor.java:1074)&#10;        at java.util.concurrent.ThreadPoolExecutor.runWorker(ThreadPoolExecutor.java:1134)&#10;        at java.util.concurrent.ThreadPoolExecutor$Worker.run(ThreadPoolExecutor.java:624)&#10;        at java.lang.Thread.run(Thread.java:748)&#10;&quot;PartialTableCache Cleanup Thread - 0&quot; daemon prio=5 tid=1774 in Object.wait()&#10;java.lang.Thread.State: WAITING (on object monitor)&#10;        at sun.misc.Unsafe.park(Native Method)&#10;        at java.util.concurrent.locks.LockSupport.park(LockSupport.java:175)&#10;        at java.util.concurrent.locks.AbstractQueuedSynchronizer$ConditionObject.await(AbstractQueuedSynchronizer.java:2039)&#10;        at java.util.concurrent.LinkedBlockingQueue.take(LinkedBlockingQueue.java:442)&#10;        at java.util.concurrent.ThreadPoolExecutor.getTask(ThreadPoolExecutor.java:1074)&#10;        at java.util.concurrent.ThreadPoolExecutor.runWorker(ThreadPoolExecutor.java:1134)&#10;        at java.util.concurrent.ThreadPoolExecutor$Worker.run(ThreadPoolExecutor.java:624)&#10;        at java.lang.Thread.run(Thread.java:748)&#10;&quot;grpc-default-worker-ELG-11-3&quot; daemon prio=5 tid=2712 runnable&#10;java.lang.Thread.State: RUNNABLE&#10;        at sun.nio.ch.EPollArrayWrapper.epollWait(Native Method)&#10;        at sun.nio.ch.EPollArrayWrapper.poll(EPollArrayWrapper.java:269)&#10;        at sun.nio.ch.EPollSelectorImpl.doSelect(EPollSelectorImpl.java:93)&#10;        at sun.nio.ch.SelectorImpl.lockAndDoSelect(SelectorImpl.java:86)&#10;        at sun.nio.ch.SelectorImpl.select(SelectorImpl.java:97)&#10;        at org.apache.ratis.thirdparty.io.netty.channel.nio.SelectedSelectionKeySetSelector.select(SelectedSelectionKeySetSelector.java:62)&#10;        at org.apache.ratis.thirdparty.io.netty.channel.nio.NioEventLoop.select(NioEventLoop.java:753)&#10;        at org.apache.ratis.thirdparty.io.netty.channel.nio.NioEventLoop.run(NioEventLoop.java:408)&#10;        at org.apache.ratis.thirdparty.io.netty.util.concurrent.SingleThreadEventExecutor$5.run(SingleThreadEventExecutor.java:897)&#10;        at org.apache.ratis.thirdparty.io.netty.util.concurrent.FastThreadLocalRunnable.run(FastThreadLocalRunnable.java:30)&#10;        at java.lang.Thread.run(Thread.java:748)&#10;&quot;3aea292b-16fb-4e9b-be90-828afa8e8047@group-896385CD49EE-SegmentedRaftLogWorker&quot;  prio=5 tid=2925 timed_waiting&#10;java.lang.Thread.State: TIMED_WAITING&#10;        at sun.misc.Unsafe.park(Native Method)&#10;        at java.util.concurrent.locks.LockSupport.parkNanos(LockSupport.java:215)&#10;        at java.util.concurrent.locks.AbstractQueuedSynchronizer$ConditionObject.awaitNanos(AbstractQueuedSynchronizer.java:2078)&#10;        at org.apache.ratis.util.DataBlockingQueue.poll(DataBlockingQueue.java:137)&#10;        at org.apache.ratis.server.raftlog.segmented.SegmentedRaftLogWorker.run(SegmentedRaftLogWorker.java:282)&#10;        at java.lang.Thread.run(Thread.java:748)&#10;&quot;qtp2322399-2378&quot; daemon prio=5 tid=2378 timed_waiting&#10;java.lang.Thread.State: TIMED_WAITING&#10;        at sun.misc.Unsafe.park(Native Method)&#10;        at java.util.concurrent.locks.LockSupport.parkNanos(LockSupport.java:215)&#10;        at java.util.concurrent.locks.AbstractQueuedSynchronizer$ConditionObject.awaitNanos(AbstractQueuedSynchronizer.java:2078)&#10;        at org.eclipse.jetty.util.BlockingArrayQueue.poll(BlockingArrayQueue.java:392)&#10;        at org.eclipse.jetty.util.thread.QueuedThreadPool.idleJobPoll(QueuedThreadPool.java:563)&#10;        at org.eclipse.jetty.util.thread.QueuedThreadPool.access$800(QueuedThreadPool.java:48)&#10;        at org.eclipse.jetty.util.thread.QueuedThreadPool$2.run(QueuedThreadPool.java:626)&#10;        at java.lang.Thread.run(Thread.java:748)&#10;&quot;metrics-hadoop-metrics2-reporter-5-thread-1&quot; daemon prio=5 tid=448 timed_waiting&#10;java.lang.Thread.State: TIMED_WAITING&#10;        at sun.misc.Unsafe.park(Native Method)&#10;        at java.util.concurrent.locks.LockSupport.parkNanos(LockSupport.java:215)&#10;        at java.util.concurrent.locks.AbstractQueuedSynchronizer$ConditionObject.awaitNanos(AbstractQueuedSynchronizer.java:2078)&#10;        at java.util.concurrent.ScheduledThreadPoolExecutor$DelayedWorkQueue.take(ScheduledThreadPoolExecutor.java:1093)&#10;        at java.util.concurrent.ScheduledThreadPoolExecutor$DelayedWorkQueue.take(ScheduledThreadPoolExecutor.java:809)&#10;        at java.util.concurrent.ThreadPoolExecutor.getTask(ThreadPoolExecutor.java:1074)&#10;        at java.util.concurrent.ThreadPoolExecutor.runWorker(ThreadPoolExecutor.java:1134)&#10;        at java.util.concurrent.ThreadPoolExecutor$Worker.run(ThreadPoolExecutor.java:624)&#10;        at java.lang.Thread.run(Thread.java:748)&#10;&quot;IPC Server handler 7 on 35795&quot; daemon prio=5 tid=2342 timed_waiting&#10;java.lang.Thread.State: TIMED_WAITING&#10;        at sun.misc.Unsafe.park(Native Method)&#10;        at java.util.concurrent.locks.LockSupport.parkNanos(LockSupport.java:215)&#10;        at java.util.concurrent.locks.AbstractQueuedSynchronizer$ConditionObject.awaitNanos(AbstractQueuedSynchronizer.java:2078)&#10;        at java.util.concurrent.LinkedBlockingQueue.poll(LinkedBlockingQueue.java:467)&#10;        at org.apache.hadoop.ipc.CallQueueManager.take(CallQueueManager.java:288)&#10;        at org.apache.hadoop.ipc.Server$Handler.run(Server.java:2668)&#10;&quot;pool-246-thread-3&quot;  prio=5 tid=2640 in Object.wait()&#10;java.lang.Thread.State: WAITING (on object monitor)&#10;        at sun.misc.Unsafe.park(Native Method)&#10;        at java.util.concurrent.locks.LockSupport.park(LockSupport.java:175)&#10;        at java.util.concurrent.locks.AbstractQueuedSynchronizer$ConditionObject.await(AbstractQueuedSynchronizer.java:2039)&#10;        at java.util.concurrent.ArrayBlockingQueue.take(ArrayBlockingQueue.java:403)&#10;        at java.util.concurrent.ThreadPoolExecutor.getTask(ThreadPoolExecutor.java:1074)&#10;        at java.util.concurrent.ThreadPoolExecutor.runWorker(ThreadPoolExecutor.java:1134)&#10;        at java.util.concurrent.ThreadPoolExecutor$Worker.run(ThreadPoolExecutor.java:624)&#10;        at java.lang.Thread.run(Thread.java:748)&#10;&quot;IPC Server handler 17 on 45250&quot; daemon prio=5 tid=2416 timed_waiting&#10;java.lang.Thread.State: TIMED_WAITING&#10;        at sun.misc.Unsafe.park(Native Method)&#10;        at java.util.concurrent.locks.LockSupport.parkNanos(LockSupport.java:215)&#10;        at java.util.concurrent.locks.AbstractQueuedSynchronizer$ConditionObject.awaitNanos(AbstractQueuedSynchronizer.java:2078)&#10;        at java.util.concurrent.LinkedBlockingQueue.poll(LinkedBlockingQueue.java:467)&#10;        at org.apache.hadoop.ipc.CallQueueManager.take(CallQueueManager.java:288)&#10;        at org.apache.hadoop.ipc.Server$Handler.run(Server.java:2668)&#10;&quot;Datanode ReportManager Thread - 0&quot; daemon prio=5 tid=2451 in Object.wait()&#10;java.lang.Thread.State: WAITING (on object monitor)&#10;        at sun.misc.Unsafe.park(Native Method)&#10;        at java.util.concurrent.locks.LockSupport.park(LockSupport.java:175)&#10;        at java.util.concurrent.locks.AbstractQueuedSynchronizer$ConditionObject.await(AbstractQueuedSynchronizer.java:2039)&#10;        at java.util.concurrent.ScheduledThreadPoolExecutor$DelayedWorkQueue.take(ScheduledThreadPoolExecutor.java:1088)&#10;        at java.util.concurrent.ScheduledThreadPoolExecutor$DelayedWorkQueue.take(ScheduledThreadPoolExecutor.java:809)&#10;        at java.util.concurrent.ThreadPoolExecutor.getTask(ThreadPoolExecutor.java:1074)&#10;        at java.util.concurrent.ThreadPoolExecutor.runWorker(ThreadPoolExecutor.java:1134)&#10;        at java.util.concurrent.ThreadPoolExecutor$Worker.run(ThreadPoolExecutor.java:624)&#10;        at java.lang.Thread.run(Thread.java:748)&#10;&quot;IPC Server handler 8 on 38076&quot; daemon prio=5 tid=2363 timed_waiting&#10;java.lang.Thread.State: TIMED_WAITING&#10;        at sun.misc.Unsafe.park(Native Method)&#10;        at java.util.concurrent.locks.LockSupport.parkNanos(LockSupport.java:215)&#10;        at java.util.concurrent.locks.AbstractQueuedSynchronizer$ConditionObject.awaitNanos(AbstractQueuedSynchronizer.java:2078)&#10;        at java.util.concurrent.LinkedBlockingQueue.poll(LinkedBlockingQueue.java:467)&#10;        at org.apache.hadoop.ipc.CallQueueManager.take(CallQueueManager.java:288)&#10;        at org.apache.hadoop.ipc.Server$Handler.run(Server.java:2668)&#10;&quot;pool-226-thread-59&quot;  prio=5 tid=2571 in Object.wait()&#10;java.lang.Thread.State: WAITING (on object monitor)&#10;        at sun.misc.Unsafe.park(Native Method)&#10;        at java.util.concurrent.locks.LockSupport.park(LockSupport.java:175)&#10;        at java.util.concurrent.locks.AbstractQueuedSynchronizer$ConditionObject.await(AbstractQueuedSynchronizer.java:2039)&#10;        at java.util.concurrent.ArrayBlockingQueue.take(ArrayBlockingQueue.java:403)&#10;        at java.util.concurrent.ThreadPoolExecutor.getTask(ThreadPoolExecutor.java:1074)&#10;        at java.util.concurrent.ThreadPoolExecutor.runWorker(ThreadPoolExecutor.java:1134)&#10;        at java.util.concurrent.ThreadPoolExecutor$Worker.run(ThreadPoolExecutor.java:624)&#10;        at java.lang.Thread.run(Thread.java:748)&#10;&quot;pool-226-thread-7&quot;  prio=5 tid=2519 in Object.wait()&#10;java.lang.Thread.State: WAITING (on object monitor)&#10;        at sun.misc.Unsafe.park(Native Method)&#10;        at java.util.concurrent.locks.LockSupport.park(LockSupport.java:175)&#10;        at java.util.concurrent.locks.AbstractQueuedSynchronizer$ConditionObject.await(AbstractQueuedSynchronizer.java:2039)&#10;        at java.util.concurrent.ArrayBlockingQueue.take(ArrayBlockingQueue.java:403)&#10;        at java.util.concurrent.ThreadPoolExecutor.getTask(ThreadPoolExecutor.java:1074)&#10;        at java.util.concurrent.ThreadPoolExecutor.runWorker(ThreadPoolExecutor.java:1134)&#10;        at java.util.concurrent.ThreadPoolExecutor$Worker.run(ThreadPoolExecutor.java:624)&#10;        at java.lang.Thread.run(Thread.java:748)&#10;&quot;metrics-hadoop-metrics2-reporter-134-thread-1&quot; daemon prio=5 tid=2781 timed_waiting&#10;java.lang.Thread.State: TIMED_WAITING&#10;        at sun.misc.Unsafe.park(Native Method)&#10;        at java.util.concurrent.locks.LockSupport.parkNanos(LockSupport.java:215)&#10;        at java.util.concurrent.locks.AbstractQueuedSynchronizer$ConditionObject.awaitNanos(AbstractQueuedSynchronizer.java:2078)&#10;        at java.util.concurrent.ScheduledThreadPoolExecutor$DelayedWorkQueue.take(ScheduledThreadPoolExecutor.java:1093)&#10;        at java.util.concurrent.ScheduledThreadPoolExecutor$DelayedWorkQueue.take(ScheduledThreadPoolExecutor.java:809)&#10;        at java.util.concurrent.ThreadPoolExecutor.getTask(ThreadPoolExecutor.java:1074)&#10;        at java.util.concurrent.ThreadPoolExecutor.runWorker(ThreadPoolExecutor.java:1134)&#10;        at java.util.concurrent.ThreadPoolExecutor$Worker.run(ThreadPoolExecutor.java:624)&#10;        at java.lang.Thread.run(Thread.java:748)&#10;&quot;IPC Server handler 16 on 45250&quot; daemon prio=5 tid=2415 timed_waiting&#10;java.lang.Thread.State: TIMED_WAITING&#10;        at sun.misc.Unsafe.park(Native Method)&#10;        at java.util.concurrent.locks.LockSupport.parkNanos(LockSupport.java:215)&#10;        at java.util.concurrent.locks.AbstractQueuedSynchronizer$ConditionObject.awaitNanos(AbstractQueuedSynchronizer.java:2078)&#10;        at java.util.concurrent.LinkedBlockingQueue.poll(LinkedBlockingQueue.java:467)&#10;        at org.apache.hadoop.ipc.CallQueueManager.take(CallQueueManager.java:288)&#10;        at org.apache.hadoop.ipc.Server$Handler.run(Server.java:2668)&#10;&quot;IPC Server handler 4 on 35795&quot; daemon prio=5 tid=2339 timed_waiting&#10;java.lang.Thread.State: TIMED_WAITING&#10;        at sun.misc.Unsafe.park(Native Method)&#10;        at java.util.concurrent.locks.LockSupport.parkNanos(LockSupport.java:215)&#10;        at java.util.concurrent.locks.AbstractQueuedSynchronizer$ConditionObject.awaitNanos(AbstractQueuedSynchronizer.java:2078)&#10;        at java.util.concurrent.LinkedBlockingQueue.poll(LinkedBlockingQueue.java:467)&#10;        at org.apache.hadoop.ipc.CallQueueManager.take(CallQueueManager.java:288)&#10;        at org.apache.hadoop.ipc.Server$Handler.run(Server.java:2668)&#10;&quot;Thread-1287&quot; daemon prio=5 tid=2771 timed_waiting&#10;java.lang.Thread.State: TIMED_WAITING&#10;        at sun.misc.Unsafe.park(Native Method)&#10;        at java.util.concurrent.locks.LockSupport.parkNanos(LockSupport.java:215)&#10;        at java.util.concurrent.locks.AbstractQueuedSynchronizer$ConditionObject.awaitNanos(AbstractQueuedSynchronizer.java:2078)&#10;        at java.util.concurrent.ArrayBlockingQueue.poll(ArrayBlockingQueue.java:418)&#10;        at org.apache.ratis.server.impl.LeaderState$EventQueue.poll(LeaderState.java:115)&#10;        at org.apache.ratis.server.impl.LeaderState$EventProcessor.run(LeaderState.java:467)&#10;&quot;pool-226-thread-13&quot;  prio=5 tid=2525 in Object.wait()&#10;java.lang.Thread.State: WAITING (on object monitor)&#10;        at sun.misc.Unsafe.park(Native Method)&#10;        at java.util.concurrent.locks.LockSupport.park(LockSupport.java:175)&#10;        at java.util.concurrent.locks.AbstractQueuedSynchronizer$ConditionObject.await(AbstractQueuedSynchronizer.java:2039)&#10;        at java.util.concurrent.ArrayBlockingQueue.take(ArrayBlockingQueue.java:403)&#10;        at java.util.concurrent.ThreadPoolExecutor.getTask(ThreadPoolExecutor.java:1074)&#10;        at java.util.concurrent.ThreadPoolExecutor.runWorker(ThreadPoolExecutor.java:1134)&#10;        at java.util.concurrent.ThreadPoolExecutor$Worker.run(ThreadPoolExecutor.java:624)&#10;        at java.lang.Thread.run(Thread.java:748)&#10;&quot;pool-226-thread-10&quot;  prio=5 tid=2522 in Object.wait()&#10;java.lang.Thread.State: WAITING (on object monitor)&#10;        at sun.misc.Unsafe.park(Native Method)&#10;        at java.util.concurrent.locks.LockSupport.park(LockSupport.java:175)&#10;        at java.util.concurrent.locks.AbstractQueuedSynchronizer$ConditionObject.await(AbstractQueuedSynchronizer.java:2039)&#10;        at java.util.concurrent.ArrayBlockingQueue.take(ArrayBlockingQueue.java:403)&#10;        at java.util.concurrent.ThreadPoolExecutor.getTask(ThreadPoolExecutor.java:1074)&#10;        at java.util.concurrent.ThreadPoolExecutor.runWorker(ThreadPoolExecutor.java:1134)&#10;        at java.util.concurrent.ThreadPoolExecutor$Worker.run(ThreadPoolExecutor.java:624)&#10;        at java.lang.Thread.run(Thread.java:748)&#10;&quot;pool-236-thread-26&quot;  prio=5 tid=2601 in Object.wait()&#10;java.lang.Thread.State: WAITING (on object monitor)&#10;        at sun.misc.Unsafe.park(Native Method)&#10;        at java.util.concurrent.locks.LockSupport.park(LockSupport.java:175)&#10;        at java.util.concurrent.locks.AbstractQueuedSynchronizer$ConditionObject.await(AbstractQueuedSynchronizer.java:2039)&#10;        at java.util.concurrent.ArrayBlockingQueue.take(ArrayBlockingQueue.java:403)&#10;        at java.util.concurrent.ThreadPoolExecutor.getTask(ThreadPoolExecutor.java:1074)&#10;        at java.util.concurrent.ThreadPoolExecutor.runWorker(ThreadPoolExecutor.java:1134)&#10;        at java.util.concurrent.ThreadPoolExecutor$Worker.run(ThreadPoolExecutor.java:624)&#10;        at java.lang.Thread.run(Thread.java:748)&#10;&quot;Datanode ReportManager Thread - 2&quot; daemon prio=5 tid=2480 timed_waiting&#10;java.lang.Thread.State: TIMED_WAITING&#10;        at sun.misc.Unsafe.park(Native Method)&#10;        at java.util.concurrent.locks.LockSupport.parkNanos(LockSupport.java:215)&#10;        at java.util.concurrent.locks.AbstractQueuedSynchronizer$ConditionObject.awaitNanos(AbstractQueuedSynchronizer.java:2078)&#10;        at java.util.concurrent.ScheduledThreadPoolExecutor$DelayedWorkQueue.take(ScheduledThreadPoolExecutor.java:1093)&#10;        at java.util.concurrent.ScheduledThreadPoolExecutor$DelayedWorkQueue.take(ScheduledThreadPoolExecutor.java:809)&#10;        at java.util.concurrent.ThreadPoolExecutor.getTask(ThreadPoolExecutor.java:1074)&#10;        at java.util.concurrent.ThreadPoolExecutor.runWorker(ThreadPoolExecutor.java:1134)&#10;        at java.util.concurrent.ThreadPoolExecutor$Worker.run(ThreadPoolExecutor.java:624)&#10;        at java.lang.Thread.run(Thread.java:748)&#10;&quot;metrics-hadoop-metrics2-reporter-44-thread-1&quot; daemon prio=5 tid=1031 timed_waiting&#10;java.lang.Thread.State: TIMED_WAITING&#10;        at sun.misc.Unsafe.park(Native Method)&#10;        at java.util.concurrent.locks.LockSupport.parkNanos(LockSupport.java:215)&#10;        at java.util.concurrent.locks.AbstractQueuedSynchronizer$ConditionObject.awaitNanos(AbstractQueuedSynchronizer.java:2078)&#10;        at java.util.concurrent.ScheduledThreadPoolExecutor$DelayedWorkQueue.take(ScheduledThreadPoolExecutor.java:1093)&#10;        at java.util.concurrent.ScheduledThreadPoolExecutor$DelayedWorkQueue.take(ScheduledThreadPoolExecutor.java:809)&#10;        at java.util.concurrent.ThreadPoolExecutor.getTask(ThreadPoolExecutor.java:1074)&#10;        at java.util.concurrent.ThreadPoolExecutor.runWorker(ThreadPoolExecutor.java:1134)&#10;        at java.util.concurrent.ThreadPoolExecutor$Worker.run(ThreadPoolExecutor.java:624)&#10;        at java.lang.Thread.run(Thread.java:748)&#10;&quot;metrics-hadoop-metrics2-reporter-70-thread-1&quot; daemon prio=5 tid=1687 timed_waiting&#10;java.lang.Thread.State: TIMED_WAITING&#10;        at sun.misc.Unsafe.park(Native Method)&#10;        at java.util.concurrent.locks.LockSupport.parkNanos(LockSupport.java:215)&#10;        at java.util.concurrent.locks.AbstractQueuedSynchronizer$ConditionObject.awaitNanos(AbstractQueuedSynchronizer.java:2078)&#10;        at java.util.concurrent.ScheduledThreadPoolExecutor$DelayedWorkQueue.take(ScheduledThreadPoolExecutor.java:1093)&#10;        at java.util.concurrent.ScheduledThreadPoolExecutor$DelayedWorkQueue.take(ScheduledThreadPoolExecutor.java:809)&#10;        at java.util.concurrent.ThreadPoolExecutor.getTask(ThreadPoolExecutor.java:1074)&#10;        at java.util.concurrent.ThreadPoolExecutor.runWorker(ThreadPoolExecutor.java:1134)&#10;        at java.util.concurrent.ThreadPoolExecutor$Worker.run(ThreadPoolExecutor.java:624)&#10;        at java.lang.Thread.run(Thread.java:748)&#10;&quot;Datanode ReportManager Thread - 3&quot; daemon prio=5 tid=1458 timed_waiting&#10;java.lang.Thread.State: TIMED_WAITING&#10;        at sun.misc.Unsafe.park(Native Method)&#10;        at java.util.concurrent.locks.LockSupport.parkNanos(LockSupport.java:215)&#10;        at java.util.concurrent.locks.AbstractQueuedSynchronizer$ConditionObject.awaitNanos(AbstractQueuedSynchronizer.java:2078)&#10;        at java.util.concurrent.ScheduledThreadPoolExecutor$DelayedWorkQueue.take(ScheduledThreadPoolExecutor.java:1093)&#10;        at java.util.concurrent.ScheduledThreadPoolExecutor$DelayedWorkQueue.take(ScheduledThreadPoolExecutor.java:809)&#10;        at java.util.concurrent.ThreadPoolExecutor.getTask(ThreadPoolExecutor.java:1074)&#10;        at java.util.concurrent.ThreadPoolExecutor.runWorker(ThreadPoolExecutor.java:1134)&#10;        at java.util.concurrent.ThreadPoolExecutor$Worker.run(ThreadPoolExecutor.java:624)&#10;        at java.lang.Thread.run(Thread.java:748)&#10;&quot;pool-236-thread-10&quot;  prio=5 tid=2585 in Object.wait()&#10;java.lang.Thread.State: WAITING (on object monitor)&#10;        at sun.misc.Unsafe.park(Native Method)&#10;        at java.util.concurrent.locks.LockSupport.park(LockSupport.java:175)&#10;        at java.util.concurrent.locks.AbstractQueuedSynchronizer$ConditionObject.await(AbstractQueuedSynchronizer.java:2039)&#10;        at java.util.concurrent.ArrayBlockingQueue.take(ArrayBlockingQueue.java:403)&#10;        at java.util.concurrent.ThreadPoolExecutor.getTask(ThreadPoolExecutor.java:1074)&#10;        at java.util.concurrent.ThreadPoolExecutor.runWorker(ThreadPoolExecutor.java:1134)&#10;        at java.util.concurrent.ThreadPoolExecutor$Worker.run(ThreadPoolExecutor.java:624)&#10;        at java.lang.Thread.run(Thread.java:748)&#10;&quot;metrics-hadoop-metrics2-reporter-102-thread-1&quot; daemon prio=5 tid=2238 timed_waiting&#10;java.lang.Thread.State: TIMED_WAITING&#10;        at sun.misc.Unsafe.park(Native Method)&#10;        at java.util.concurrent.locks.LockSupport.parkNanos(LockSupport.java:215)&#10;        at java.util.concurrent.locks.AbstractQueuedSynchronizer$ConditionObject.awaitNanos(AbstractQueuedSynchronizer.java:2078)&#10;        at java.util.concurrent.ScheduledThreadPoolExecutor$DelayedWorkQueue.take(ScheduledThreadPoolExecutor.java:1093)&#10;        at java.util.concurrent.ScheduledThreadPoolExecutor$DelayedWorkQueue.take(ScheduledThreadPoolExecutor.java:809)&#10;        at java.util.concurrent.ThreadPoolExecutor.getTask(ThreadPoolExecutor.java:1074)&#10;        at java.util.concurrent.ThreadPoolExecutor.runWorker(ThreadPoolExecutor.java:1134)&#10;        at java.util.concurrent.ThreadPoolExecutor$Worker.run(ThreadPoolExecutor.java:624)&#10;        at java.lang.Thread.run(Thread.java:748)&#10;&quot;IPC Server handler 2 on 45250&quot; daemon prio=5 tid=2401 timed_waiting&#10;java.lang.Thread.State: TIMED_WAITING&#10;        at sun.misc.Unsafe.park(Native Method)&#10;        at java.util.concurrent.locks.LockSupport.parkNanos(LockSupport.java:215)&#10;        at java.util.concurrent.locks.AbstractQueuedSynchronizer$ConditionObject.awaitNanos(AbstractQueuedSynchronizer.java:2078)&#10;        at java.util.concurrent.LinkedBlockingQueue.poll(LinkedBlockingQueue.java:467)&#10;        at org.apache.hadoop.ipc.CallQueueManager.take(CallQueueManager.java:288)&#10;        at org.apache.hadoop.ipc.Server$Handler.run(Server.java:2668)&#10;&quot;pool-226-thread-57&quot;  prio=5 tid=2569 in Object.wait()&#10;java.lang.Thread.State: WAITING (on object monitor)&#10;        at sun.misc.Unsafe.park(Native Method)&#10;        at java.util.concurrent.locks.LockSupport.park(LockSupport.java:175)&#10;        at java.util.concurrent.locks.AbstractQueuedSynchronizer$ConditionObject.await(AbstractQueuedSynchronizer.java:2039)&#10;        at java.util.concurrent.ArrayBlockingQueue.take(ArrayBlockingQueue.java:403)&#10;        at java.util.concurrent.ThreadPoolExecutor.getTask(ThreadPoolExecutor.java:1074)&#10;        at java.util.concurrent.ThreadPoolExecutor.runWorker(ThreadPoolExecutor.java:1134)&#10;        at java.util.concurrent.ThreadPoolExecutor$Worker.run(ThreadPoolExecutor.java:624)&#10;        at java.lang.Thread.run(Thread.java:748)&#10;&quot;IPC Server listener on 35795&quot; daemon prio=5 tid=2304 runnable&#10;java.lang.Thread.State: RUNNABLE&#10;        at sun.nio.ch.EPollArrayWrapper.epollWait(Native Method)&#10;        at sun.nio.ch.EPollArrayWrapper.poll(EPollArrayWrapper.java:269)&#10;        at sun.nio.ch.EPollSelectorImpl.doSelect(EPollSelectorImpl.java:93)&#10;        at sun.nio.ch.SelectorImpl.lockAndDoSelect(SelectorImpl.java:86)&#10;        at sun.nio.ch.SelectorImpl.select(SelectorImpl.java:97)&#10;        at sun.nio.ch.SelectorImpl.select(SelectorImpl.java:101)&#10;        at org.apache.hadoop.ipc.Server$Listener.run(Server.java:1159)&#10;&quot;PartialTableCache Cleanup Thread - 0&quot; daemon prio=5 tid=1232 in Object.wait()&#10;java.lang.Thread.State: WAITING (on object monitor)&#10;        at sun.misc.Unsafe.park(Native Method)&#10;        at java.util.concurrent.locks.LockSupport.park(LockSupport.java:175)&#10;        at java.util.concurrent.locks.AbstractQueuedSynchronizer$ConditionObject.await(AbstractQueuedSynchronizer.java:2039)&#10;        at java.util.concurrent.LinkedBlockingQueue.take(LinkedBlockingQueue.java:442)&#10;        at java.util.concurrent.ThreadPoolExecutor.getTask(ThreadPoolExecutor.java:1074)&#10;        at java.util.concurrent.ThreadPoolExecutor.runWorker(ThreadPoolExecutor.java:1134)&#10;        at java.util.concurrent.ThreadPoolExecutor$Worker.run(ThreadPoolExecutor.java:624)&#10;        at java.lang.Thread.run(Thread.java:748)&#10;&quot;qtp2000429588-2467-acceptor-0@59fa85b2-ServerConnector@cbd40c1{HTTP/1.1,[http/1.1]}{0.0.0.0:35085}&quot; daemon prio=3 tid=2467 runnable&#10;java.lang.Thread.State: RUNNABLE&#10;        at sun.nio.ch.ServerSocketChannelImpl.accept0(Native Method)&#10;        at sun.nio.ch.ServerSocketChannelImpl.accept(ServerSocketChannelImpl.java:422)&#10;        at sun.nio.ch.ServerSocketChannelImpl.accept(ServerSocketChannelImpl.java:250)&#10;        at org.eclipse.jetty.server.ServerConnector.accept(ServerConnector.java:397)&#10;        at org.eclipse.jetty.server.AbstractConnector$Acceptor.run(AbstractConnector.java:601)&#10;        at org.eclipse.jetty.util.thread.QueuedThreadPool.runJob(QueuedThreadPool.java:671)&#10;        at org.eclipse.jetty.util.thread.QueuedThreadPool$2.run(QueuedThreadPool.java:589)&#10;        at java.lang.Thread.run(Thread.java:748)&#10;&quot;metrics-hadoop-metrics2-reporter-3-thread-1&quot; daemon prio=5 tid=440 timed_waiting&#10;java.lang.Thread.State: TIMED_WAITING&#10;        at sun.misc.Unsafe.park(Native Method)&#10;        at java.util.concurrent.locks.LockSupport.parkNanos(LockSupport.java:215)&#10;        at java.util.concurrent.locks.AbstractQueuedSynchronizer$ConditionObject.awaitNanos(AbstractQueuedSynchronizer.java:2078)&#10;        at java.util.concurrent.ScheduledThreadPoolExecutor$DelayedWorkQueue.take(ScheduledThreadPoolExecutor.java:1093)&#10;        at java.util.concurrent.ScheduledThreadPoolExecutor$DelayedWorkQueue.take(ScheduledThreadPoolExecutor.java:809)&#10;        at java.util.concurrent.ThreadPoolExecutor.getTask(ThreadPoolExecutor.java:1074)&#10;        at java.util.concurrent.ThreadPoolExecutor.runWorker(ThreadPoolExecutor.java:1134)&#10;        at java.util.concurrent.ThreadPoolExecutor$Worker.run(ThreadPoolExecutor.java:624)&#10;        at java.lang.Thread.run(Thread.java:748)&#10;&quot;Datanode State Machine Thread - 0&quot; daemon prio=5 tid=2504 timed_waiting&#10;java.lang.Thread.State: TIMED_WAITING&#10;        at java.lang.Thread.sleep(Native Method)&#10;        at org.apache.hadoop.ozone.container.common.statemachine.DatanodeStateMachine.start(DatanodeStateMachine.java:191)&#10;        at org.apache.hadoop.ozone.container.common.statemachine.DatanodeStateMachine.lambda$startDaemon$0(DatanodeStateMachine.java:349)&#10;        at org.apache.hadoop.ozone.container.common.statemachine.DatanodeStateMachine$$Lambda$140/1407713529.run(Unknown Source)&#10;        at java.lang.Thread.run(Thread.java:748)&#10;&quot;Periodic HDDS volume checker&quot;  prio=5 tid=2459 timed_waiting&#10;java.lang.Thread.State: TIMED_WAITING&#10;        at sun.misc.Unsafe.park(Native Method)&#10;        at java.util.concurrent.locks.LockSupport.parkNanos(LockSupport.java:215)&#10;        at java.util.concurrent.locks.AbstractQueuedSynchronizer$ConditionObject.awaitNanos(AbstractQueuedSynchronizer.java:2078)&#10;        at java.util.concurrent.ScheduledThreadPoolExecutor$DelayedWorkQueue.take(ScheduledThreadPoolExecutor.java:1093)&#10;        at java.util.concurrent.ScheduledThreadPoolExecutor$DelayedWorkQueue.take(ScheduledThreadPoolExecutor.java:809)&#10;        at java.util.concurrent.ThreadPoolExecutor.getTask(ThreadPoolExecutor.java:1074)&#10;        at java.util.concurrent.ThreadPoolExecutor.runWorker(ThreadPoolExecutor.java:1134)&#10;        at java.util.concurrent.ThreadPoolExecutor$Worker.run(ThreadPoolExecutor.java:624)&#10;        at java.lang.Thread.run(Thread.java:748)&#10;&quot;metrics-hadoop-metrics2-reporter-136-thread-1&quot; daemon prio=5 tid=2928 timed_waiting&#10;java.lang.Thread.State: TIMED_WAITING&#10;        at sun.misc.Unsafe.park(Native Method)&#10;        at java.util.concurrent.locks.LockSupport.parkNanos(LockSupport.java:215)&#10;        at java.util.concurrent.locks.AbstractQueuedSynchronizer$ConditionObject.awaitNanos(AbstractQueuedSynchronizer.java:2078)&#10;        at java.util.concurrent.ScheduledThreadPoolExecutor$DelayedWorkQueue.take(ScheduledThreadPoolExecutor.java:1093)&#10;        at java.util.concurrent.ScheduledThreadPoolExecutor$DelayedWorkQueue.take(ScheduledThreadPoolExecutor.java:809)&#10;        at java.util.concurrent.ThreadPoolExecutor.getTask(ThreadPoolExecutor.java:1074)&#10;        at java.util.concurrent.ThreadPoolExecutor.runWorker(ThreadPoolExecutor.java:1134)&#10;        at java.util.concurrent.ThreadPoolExecutor$Worker.run(ThreadPoolExecutor.java:624)&#10;        at java.lang.Thread.run(Thread.java:748)&#10;&quot;pool-246-thread-4&quot;  prio=5 tid=2641 in Object.wait()&#10;java.lang.Thread.State: WAITING (on object monitor)&#10;        at sun.misc.Unsafe.park(Native Method)&#10;        at java.util.concurrent.locks.LockSupport.park(LockSupport.java:175)&#10;        at java.util.concurrent.locks.AbstractQueuedSynchronizer$ConditionObject.await(AbstractQueuedSynchronizer.java:2039)&#10;        at java.util.concurrent.ArrayBlockingQueue.take(ArrayBlockingQueue.java:403)&#10;        at java.util.concurrent.ThreadPoolExecutor.getTask(ThreadPoolExecutor.java:1074)&#10;        at java.util.concurrent.ThreadPoolExecutor.runWorker(ThreadPoolExecutor.java:1134)&#10;        at java.util.concurrent.ThreadPoolExecutor$Worker.run(ThreadPoolExecutor.java:624)&#10;        at java.lang.Thread.run(Thread.java:748)&#10;&quot;pool-226-thread-37&quot;  prio=5 tid=2549 in Object.wait()&#10;java.lang.Thread.State: WAITING (on object monitor)&#10;        at sun.misc.Unsafe.park(Native Method)&#10;        at java.util.concurrent.locks.LockSupport.park(LockSupport.java:175)&#10;        at java.util.concurrent.locks.AbstractQueuedSynchronizer$ConditionObject.await(AbstractQueuedSynchronizer.java:2039)&#10;        at java.util.concurrent.ArrayBlockingQueue.take(ArrayBlockingQueue.java:403)&#10;        at java.util.concurrent.ThreadPoolExecutor.getTask(ThreadPoolExecutor.java:1074)&#10;        at java.util.concurrent.ThreadPoolExecutor.runWorker(ThreadPoolExecutor.java:1134)&#10;        at java.util.concurrent.ThreadPoolExecutor$Worker.run(ThreadPoolExecutor.java:624)&#10;        at java.lang.Thread.run(Thread.java:748)&#10;&quot;pool-246-thread-10&quot;  prio=5 tid=2647 in Object.wait()&#10;java.lang.Thread.State: WAITING (on object monitor)&#10;        at sun.misc.Unsafe.park(Native Method)&#10;        at java.util.concurrent.locks.LockSupport.park(LockSupport.java:175)&#10;        at java.util.concurrent.locks.AbstractQueuedSynchronizer$ConditionObject.await(AbstractQueuedSynchronizer.java:2039)&#10;        at java.util.concurrent.ArrayBlockingQueue.take(ArrayBlockingQueue.java:403)&#10;        at java.util.concurrent.ThreadPoolExecutor.getTask(ThreadPoolExecutor.java:1074)&#10;        at java.util.concurrent.ThreadPoolExecutor.runWorker(ThreadPoolExecutor.java:1134)&#10;        at java.util.concurrent.ThreadPoolExecutor$Worker.run(ThreadPoolExecutor.java:624)&#10;        at java.lang.Thread.run(Thread.java:748)&#10;&quot;IPC Server listener on 45250&quot; daemon prio=5 tid=2391 runnable&#10;java.lang.Thread.State: RUNNABLE&#10;        at sun.nio.ch.EPollArrayWrapper.epollWait(Native Method)&#10;        at sun.nio.ch.EPollArrayWrapper.poll(EPollArrayWrapper.java:269)&#10;        at sun.nio.ch.EPollSelectorImpl.doSelect(EPollSelectorImpl.java:93)&#10;        at sun.nio.ch.SelectorImpl.lockAndDoSelect(SelectorImpl.java:86)&#10;        at sun.nio.ch.SelectorImpl.select(SelectorImpl.java:97)&#10;        at sun.nio.ch.SelectorImpl.select(SelectorImpl.java:101)&#10;        at org.apache.hadoop.ipc.Server$Listener.run(Server.java:1159)&#10;&quot;metrics-hadoop-metrics2-reporter-115-thread-1&quot; daemon prio=5 tid=2721 timed_waiting&#10;java.lang.Thread.State: TIMED_WAITING&#10;        at sun.misc.Unsafe.park(Native Method)&#10;        at java.util.concurrent.locks.LockSupport.parkNanos(LockSupport.java:215)&#10;        at java.util.concurrent.locks.AbstractQueuedSynchronizer$ConditionObject.awaitNanos(AbstractQueuedSynchronizer.java:2078)&#10;        at java.util.concurrent.ScheduledThreadPoolExecutor$DelayedWorkQueue.take(ScheduledThreadPoolExecutor.java:1093)&#10;        at java.util.concurrent.ScheduledThreadPoolExecutor$DelayedWorkQueue.take(ScheduledThreadPoolExecutor.java:809)&#10;        at java.util.concurrent.ThreadPoolExecutor.getTask(ThreadPoolExecutor.java:1074)&#10;        at java.util.concurrent.ThreadPoolExecutor.runWorker(ThreadPoolExecutor.java:1134)&#10;        at java.util.concurrent.ThreadPoolExecutor$Worker.run(ThreadPoolExecutor.java:624)&#10;        at java.lang.Thread.run(Thread.java:748)&#10;&quot;Command processor thread&quot; daemon prio=5 tid=2482 timed_waiting&#10;java.lang.Thread.State: TIMED_WAITING&#10;        at java.lang.Thread.sleep(Native Method)&#10;        at org.apache.hadoop.ozone.container.common.statemachine.DatanodeStateMachine.lambda$initCommandHandlerThread$1(DatanodeStateMachine.java:439)&#10;        at org.apache.hadoop.ozone.container.common.statemachine.DatanodeStateMachine$$Lambda$141/1871802100.run(Unknown Source)&#10;        at java.lang.Thread.run(Thread.java:748)&#10;&quot;pool-236-thread-45&quot;  prio=5 tid=2620 in Object.wait()&#10;java.lang.Thread.State: WAITING (on object monitor)&#10;        at sun.misc.Unsafe.park(Native Method)&#10;        at java.util.concurrent.locks.LockSupport.park(LockSupport.java:175)&#10;        at java.util.concurrent.locks.AbstractQueuedSynchronizer$ConditionObject.await(AbstractQueuedSynchronizer.java:2039)&#10;        at java.util.concurrent.ArrayBlockingQueue.take(ArrayBlockingQueue.java:403)&#10;        at java.util.concurrent.ThreadPoolExecutor.getTask(ThreadPoolExecutor.java:1074)&#10;        at java.util.concurrent.ThreadPoolExecutor.runWorker(ThreadPoolExecutor.java:1134)&#10;        at java.util.concurrent.ThreadPoolExecutor$Worker.run(ThreadPoolExecutor.java:624)&#10;        at java.lang.Thread.run(Thread.java:748)&#10;&quot;metrics-hadoop-metrics2-reporter-120-thread-1&quot; daemon prio=5 tid=2734 timed_waiting&#10;java.lang.Thread.State: TIMED_WAITING&#10;        at sun.misc.Unsafe.park(Native Method)&#10;        at java.util.concurrent.locks.LockSupport.parkNanos(LockSupport.java:215)&#10;        at java.util.concurrent.locks.AbstractQueuedSynchronizer$ConditionObject.awaitNanos(AbstractQueuedSynchronizer.java:2078)&#10;        at java.util.concurrent.ScheduledThreadPoolExecutor$DelayedWorkQueue.take(ScheduledThreadPoolExecutor.java:1093)&#10;        at java.util.concurrent.ScheduledThreadPoolExecutor$DelayedWorkQueue.take(ScheduledThreadPoolExecutor.java:809)&#10;        at java.util.concurrent.ThreadPoolExecutor.getTask(ThreadPoolExecutor.java:1074)&#10;        at java.util.concurrent.ThreadPoolExecutor.runWorker(ThreadPoolExecutor.java:1134)&#10;        at java.util.concurrent.ThreadPoolExecutor$Worker.run(ThreadPoolExecutor.java:624)&#10;        at java.lang.Thread.run(Thread.java:748)&#10;&quot;org.apache.hadoop.fs.FileSystem$Statistics$StatisticsDataReferenceCleaner&quot; daemon prio=5 tid=559 in Object.wait()&#10;java.lang.Thread.State: WAITING (on object monitor)&#10;        at java.lang.Object.wait(Native Method)&#10;        at java.lang.ref.ReferenceQueue.remove(ReferenceQueue.java:144)&#10;        at java.lang.ref.ReferenceQueue.remove(ReferenceQueue.java:165)&#10;        at org.apache.hadoop.fs.FileSystem$Statistics$StatisticsDataReferenceCleaner.run(FileSystem.java:3762)&#10;        at java.lang.Thread.run(Thread.java:748)&#10;&quot;IPC Server Responder&quot; daemon prio=5 tid=2311 runnable&#10;java.lang.Thread.State: RUNNABLE&#10;        at sun.nio.ch.EPollArrayWrapper.epollWait(Native Method)&#10;        at sun.nio.ch.EPollArrayWrapper.poll(EPollArrayWrapper.java:269)&#10;        at sun.nio.ch.EPollSelectorImpl.doSelect(EPollSelectorImpl.java:93)&#10;        at sun.nio.ch.SelectorImpl.lockAndDoSelect(SelectorImpl.java:86)&#10;        at sun.nio.ch.SelectorImpl.select(SelectorImpl.java:97)&#10;        at org.apache.hadoop.ipc.Server$Responder.doRunLoop(Server.java:1334)&#10;        at org.apache.hadoop.ipc.Server$Responder.run(Server.java:1317)&#10;&quot;PartialTableCache Cleanup Thread - 0&quot; daemon prio=5 tid=1239 in Object.wait()&#10;java.lang.Thread.State: WAITING (on object monitor)&#10;        at sun.misc.Unsafe.park(Native Method)&#10;        at java.util.concurrent.locks.LockSupport.park(LockSupport.java:175)&#10;        at java.util.concurrent.locks.AbstractQueuedSynchronizer$ConditionObject.await(AbstractQueuedSynchronizer.java:2039)&#10;        at java.util.concurrent.LinkedBlockingQueue.take(LinkedBlockingQueue.java:442)&#10;        at java.util.concurrent.ThreadPoolExecutor.getTask(ThreadPoolExecutor.java:1074)&#10;        at java.util.concurrent.ThreadPoolExecutor.runWorker(ThreadPoolExecutor.java:1134)&#10;        at java.util.concurrent.ThreadPoolExecutor$Worker.run(ThreadPoolExecutor.java:624)&#10;        at java.lang.Thread.run(Thread.java:748)&#10;&quot;qtp2322399-2382&quot; daemon prio=5 tid=2382 timed_waiting&#10;java.lang.Thread.State: TIMED_WAITING&#10;        at sun.misc.Unsafe.park(Native Method)&#10;        at java.util.concurrent.locks.LockSupport.parkNanos(LockSupport.java:215)&#10;        at java.util.concurrent.locks.AbstractQueuedSynchronizer$ConditionObject.awaitNanos(AbstractQueuedSynchronizer.java:2078)&#10;        at org.eclipse.jetty.util.BlockingArrayQueue.poll(BlockingArrayQueue.java:392)&#10;        at org.eclipse.jetty.util.thread.QueuedThreadPool.idleJobPoll(QueuedThreadPool.java:563)&#10;        at org.eclipse.jetty.util.thread.QueuedThreadPool.access$800(QueuedThreadPool.java:48)&#10;        at org.eclipse.jetty.util.thread.QueuedThreadPool$2.run(QueuedThreadPool.java:626)&#10;        at java.lang.Thread.run(Thread.java:748)&#10;&quot;metrics-hadoop-metrics2-reporter-73-thread-1&quot; daemon prio=5 tid=1693 timed_waiting&#10;java.lang.Thread.State: TIMED_WAITING&#10;        at sun.misc.Unsafe.park(Native Method)&#10;        at java.util.concurrent.locks.LockSupport.parkNanos(LockSupport.java:215)&#10;        at java.util.concurrent.locks.AbstractQueuedSynchronizer$ConditionObject.awaitNanos(AbstractQueuedSynchronizer.java:2078)&#10;        at java.util.concurrent.ScheduledThreadPoolExecutor$DelayedWorkQueue.take(ScheduledThreadPoolExecutor.java:1093)&#10;        at java.util.concurrent.ScheduledThreadPoolExecutor$DelayedWorkQueue.take(ScheduledThreadPoolExecutor.java:809)&#10;        at java.util.concurrent.ThreadPoolExecutor.getTask(ThreadPoolExecutor.java:1074)&#10;        at java.util.concurrent.ThreadPoolExecutor.runWorker(ThreadPoolExecutor.java:1134)&#10;        at java.util.concurrent.ThreadPoolExecutor$Worker.run(ThreadPoolExecutor.java:624)&#10;        at java.lang.Thread.run(Thread.java:748)&#10;&quot;IPC Server handler 4 on 40756&quot; daemon prio=5 tid=2319 timed_waiting&#10;java.lang.Thread.State: TIMED_WAITING&#10;        at sun.misc.Unsafe.park(Native Method)&#10;        at java.util.concurrent.locks.LockSupport.parkNanos(LockSupport.java:215)&#10;        at java.util.concurrent.locks.AbstractQueuedSynchronizer$ConditionObject.awaitNanos(AbstractQueuedSynchronizer.java:2078)&#10;        at java.util.concurrent.LinkedBlockingQueue.poll(LinkedBlockingQueue.java:467)&#10;        at org.apache.hadoop.ipc.CallQueueManager.take(CallQueueManager.java:288)&#10;        at org.apache.hadoop.ipc.Server$Handler.run(Server.java:2668)&#10;&quot;Datanode ReportManager Thread - 2&quot; daemon prio=5 tid=1990 in Object.wait()&#10;java.lang.Thread.State: WAITING (on object monitor)&#10;        at sun.misc.Unsafe.park(Native Method)&#10;        at java.util.concurrent.locks.LockSupport.park(LockSupport.java:175)&#10;        at java.util.concurrent.locks.AbstractQueuedSynchronizer$ConditionObject.await(AbstractQueuedSynchronizer.java:2039)&#10;        at java.util.concurrent.ScheduledThreadPoolExecutor$DelayedWorkQueue.take(ScheduledThreadPoolExecutor.java:1088)&#10;        at java.util.concurrent.ScheduledThreadPoolExecutor$DelayedWorkQueue.take(ScheduledThreadPoolExecutor.java:809)&#10;        at java.util.concurrent.ThreadPoolExecutor.getTask(ThreadPoolExecutor.java:1074)&#10;        at java.util.concurrent.ThreadPoolExecutor.runWorker(ThreadPoolExecutor.java:1134)&#10;        at java.util.concurrent.ThreadPoolExecutor$Worker.run(ThreadPoolExecutor.java:624)&#10;        at java.lang.Thread.run(Thread.java:748)&#10;&quot;pool-226-thread-18&quot;  prio=5 tid=2530 in Object.wait()&#10;java.lang.Thread.State: WAITING (on object monitor)&#10;        at sun.misc.Unsafe.park(Native Method)&#10;        at java.util.concurrent.locks.LockSupport.park(LockSupport.java:175)&#10;        at java.util.concurrent.locks.AbstractQueuedSynchronizer$ConditionObject.await(AbstractQueuedSynchronizer.java:2039)&#10;        at java.util.concurrent.ArrayBlockingQueue.take(ArrayBlockingQueue.java:403)&#10;        at java.util.concurrent.ThreadPoolExecutor.getTask(ThreadPoolExecutor.java:1074)&#10;        at java.util.concurrent.ThreadPoolExecutor.runWorker(ThreadPoolExecutor.java:1134)&#10;        at java.util.concurrent.ThreadPoolExecutor$Worker.run(ThreadPoolExecutor.java:624)&#10;        at java.lang.Thread.run(Thread.java:748)&#10;&quot;metrics-hadoop-metrics2-reporter-81-thread-1&quot; daemon prio=5 tid=1721 timed_waiting&#10;java.lang.Thread.State: TIMED_WAITING&#10;        at sun.misc.Unsafe.park(Native Method)&#10;        at java.util.concurrent.locks.LockSupport.parkNanos(LockSupport.java:215)&#10;        at java.util.concurrent.locks.AbstractQueuedSynchronizer$ConditionObject.awaitNanos(AbstractQueuedSynchronizer.java:2078)&#10;        at java.util.concurrent.ScheduledThreadPoolExecutor$DelayedWorkQueue.take(ScheduledThreadPoolExecutor.java:1093)&#10;        at java.util.concurrent.ScheduledThreadPoolExecutor$DelayedWorkQueue.take(ScheduledThreadPoolExecutor.java:809)&#10;        at java.util.concurrent.ThreadPoolExecutor.getTask(ThreadPoolExecutor.java:1074)&#10;        at java.util.concurrent.ThreadPoolExecutor.runWorker(ThreadPoolExecutor.java:1134)&#10;        at java.util.concurrent.ThreadPoolExecutor$Worker.run(ThreadPoolExecutor.java:624)&#10;        at java.lang.Thread.run(Thread.java:748)&#10;&quot;metrics-hadoop-metrics2-reporter-61-thread-1&quot; daemon prio=5 tid=1665 timed_waiting&#10;java.lang.Thread.State: TIMED_WAITING&#10;        at sun.misc.Unsafe.park(Native Method)&#10;        at java.util.concurrent.locks.LockSupport.parkNanos(LockSupport.java:215)&#10;        at java.util.concurrent.locks.AbstractQueuedSynchronizer$ConditionObject.awaitNanos(AbstractQueuedSynchronizer.java:2078)&#10;        at java.util.concurrent.ScheduledThreadPoolExecutor$DelayedWorkQueue.take(ScheduledThreadPoolExecutor.java:1093)&#10;        at java.util.concurrent.ScheduledThreadPoolExecutor$DelayedWorkQueue.take(ScheduledThreadPoolExecutor.java:809)&#10;        at java.util.concurrent.ThreadPoolExecutor.getTask(ThreadPoolExecutor.java:1074)&#10;        at java.util.concurrent.ThreadPoolExecutor.runWorker(ThreadPoolExecutor.java:1134)&#10;        at java.util.concurrent.ThreadPoolExecutor$Worker.run(ThreadPoolExecutor.java:624)&#10;        at java.lang.Thread.run(Thread.java:748)&#10;&quot;pool-236-thread-58&quot;  prio=5 tid=2633 in Object.wait()&#10;java.lang.Thread.State: WAITING (on object monitor)&#10;        at sun.misc.Unsafe.park(Native Method)&#10;        at java.util.concurrent.locks.LockSupport.park(LockSupport.java:175)&#10;        at java.util.concurrent.locks.AbstractQueuedSynchronizer$ConditionObject.await(AbstractQueuedSynchronizer.java:2039)&#10;        at java.util.concurrent.ArrayBlockingQueue.take(ArrayBlockingQueue.java:403)&#10;        at java.util.concurrent.ThreadPoolExecutor.getTask(ThreadPoolExecutor.java:1074)&#10;        at java.util.concurrent.ThreadPoolExecutor.runWorker(ThreadPoolExecutor.java:1134)&#10;        at java.util.concurrent.ThreadPoolExecutor$Worker.run(ThreadPoolExecutor.java:624)&#10;        at java.lang.Thread.run(Thread.java:748)&#10;&quot;IPC Server handler 12 on 38076&quot; daemon prio=5 tid=2367 timed_waiting&#10;java.lang.Thread.State: TIMED_WAITING&#10;        at sun.misc.Unsafe.park(Native Method)&#10;        at java.util.concurrent.locks.LockSupport.parkNanos(LockSupport.java:215)&#10;        at java.util.concurrent.locks.AbstractQueuedSynchronizer$ConditionObject.awaitNanos(AbstractQueuedSynchronizer.java:2078)&#10;        at java.util.concurrent.LinkedBlockingQueue.poll(LinkedBlockingQueue.java:467)&#10;        at org.apache.hadoop.ipc.CallQueueManager.take(CallQueueManager.java:288)&#10;        at org.apache.hadoop.ipc.Server$Handler.run(Server.java:2668)&#10;&quot;pool-226-thread-54&quot;  prio=5 tid=2566 in Object.wait()&#10;java.lang.Thread.State: WAITING (on object monitor)&#10;        at sun.misc.Unsafe.park(Native Method)&#10;        at java.util.concurrent.locks.LockSupport.park(LockSupport.java:175)&#10;        at java.util.concurrent.locks.AbstractQueuedSynchronizer$ConditionObject.await(AbstractQueuedSynchronizer.java:2039)&#10;        at java.util.concurrent.ArrayBlockingQueue.take(ArrayBlockingQueue.java:403)&#10;        at java.util.concurrent.ThreadPoolExecutor.getTask(ThreadPoolExecutor.java:1074)&#10;        at java.util.concurrent.ThreadPoolExecutor.runWorker(ThreadPoolExecutor.java:1134)&#10;        at java.util.concurrent.ThreadPoolExecutor$Worker.run(ThreadPoolExecutor.java:624)&#10;        at java.lang.Thread.run(Thread.java:748)&#10;&quot;pool-246-thread-26&quot;  prio=5 tid=2663 in Object.wait()&#10;java.lang.Thread.State: WAITING (on object monitor)&#10;        at sun.misc.Unsafe.park(Native Method)&#10;        at java.util.concurrent.locks.LockSupport.park(LockSupport.java:175)&#10;        at java.util.concurrent.locks.AbstractQueuedSynchronizer$ConditionObject.await(AbstractQueuedSynchronizer.java:2039)&#10;        at java.util.concurrent.ArrayBlockingQueue.take(ArrayBlockingQueue.java:403)&#10;        at java.util.concurrent.ThreadPoolExecutor.getTask(ThreadPoolExecutor.java:1074)&#10;        at java.util.concurrent.ThreadPoolExecutor.runWorker(ThreadPoolExecutor.java:1134)&#10;        at java.util.concurrent.ThreadPoolExecutor$Worker.run(ThreadPoolExecutor.java:624)&#10;        at java.lang.Thread.run(Thread.java:748)&#10;&quot;metrics-hadoop-metrics2-reporter-58-thread-1&quot; daemon prio=5 tid=1218 timed_waiting&#10;java.lang.Thread.State: TIMED_WAITING&#10;        at sun.misc.Unsafe.park(Native Method)&#10;        at java.util.concurrent.locks.LockSupport.parkNanos(LockSupport.java:215)&#10;        at java.util.concurrent.locks.AbstractQueuedSynchronizer$ConditionObject.awaitNanos(AbstractQueuedSynchronizer.java:2078)&#10;        at java.util.concurrent.ScheduledThreadPoolExecutor$DelayedWorkQueue.take(ScheduledThreadPoolExecutor.java:1093)&#10;        at java.util.concurrent.ScheduledThreadPoolExecutor$DelayedWorkQueue.take(ScheduledThreadPoolExecutor.java:809)&#10;        at java.util.concurrent.ThreadPoolExecutor.getTask(ThreadPoolExecutor.java:1074)&#10;        at java.util.concurrent.ThreadPoolExecutor.runWorker(ThreadPoolExecutor.java:1134)&#10;        at java.util.concurrent.ThreadPoolExecutor$Worker.run(ThreadPoolExecutor.java:624)&#10;        at java.lang.Thread.run(Thread.java:748)&#10;&quot;Reference Handler&quot; daemon prio=10 tid=2 in Object.wait()&#10;java.lang.Thread.State: WAITING (on object monitor)&#10;        at java.lang.Object.wait(Native Method)&#10;        at java.lang.Object.wait(Object.java:502)&#10;        at java.lang.ref.Reference.tryHandlePending(Reference.java:191)&#10;        at java.lang.ref.Reference$ReferenceHandler.run(Reference.java:153)&#10;&quot;pool-236-thread-30&quot;  prio=5 tid=2605 in Object.wait()&#10;java.lang.Thread.State: WAITING (on object monitor)&#10;        at sun.misc.Unsafe.park(Native Method)&#10;        at java.util.concurrent.locks.LockSupport.park(LockSupport.java:175)&#10;        at java.util.concurrent.locks.AbstractQueuedSynchronizer$ConditionObject.await(AbstractQueuedSynchronizer.java:2039)&#10;        at java.util.concurrent.ArrayBlockingQueue.take(ArrayBlockingQueue.java:403)&#10;        at java.util.concurrent.ThreadPoolExecutor.getTask(ThreadPoolExecutor.java:1074)&#10;        at java.util.concurrent.ThreadPoolExecutor.runWorker(ThreadPoolExecutor.java:1134)&#10;        at java.util.concurrent.ThreadPoolExecutor$Worker.run(ThreadPoolExecutor.java:624)&#10;        at java.lang.Thread.run(Thread.java:748)&#10;&quot;pool-236-thread-47&quot;  prio=5 tid=2622 in Object.wait()&#10;java.lang.Thread.State: WAITING (on object monitor)&#10;        at sun.misc.Unsafe.park(Native Method)&#10;        at java.util.concurrent.locks.LockSupport.park(LockSupport.java:175)&#10;        at java.util.concurrent.locks.AbstractQueuedSynchronizer$ConditionObject.await(AbstractQueuedSynchronizer.java:2039)&#10;        at java.util.concurrent.ArrayBlockingQueue.take(ArrayBlockingQueue.java:403)&#10;        at java.util.concurrent.ThreadPoolExecutor.getTask(ThreadPoolExecutor.java:1074)&#10;        at java.util.concurrent.ThreadPoolExecutor.runWorker(ThreadPoolExecutor.java:1134)&#10;        at java.util.concurrent.ThreadPoolExecutor$Worker.run(ThreadPoolExecutor.java:624)&#10;        at java.lang.Thread.run(Thread.java:748)&#10;&quot;metrics-hadoop-metrics2-reporter-128-thread-1&quot; daemon prio=5 tid=2762 timed_waiting&#10;java.lang.Thread.State: TIMED_WAITING&#10;        at sun.misc.Unsafe.park(Native Method)&#10;        at java.util.concurrent.locks.LockSupport.parkNanos(LockSupport.java:215)&#10;        at java.util.concurrent.locks.AbstractQueuedSynchronizer$ConditionObject.awaitNanos(AbstractQueuedSynchronizer.java:2078)&#10;        at java.util.concurrent.ScheduledThreadPoolExecutor$DelayedWorkQueue.take(ScheduledThreadPoolExecutor.java:1093)&#10;        at java.util.concurrent.ScheduledThreadPoolExecutor$DelayedWorkQueue.take(ScheduledThreadPoolExecutor.java:809)&#10;        at java.util.concurrent.ThreadPoolExecutor.getTask(ThreadPoolExecutor.java:1074)&#10;        at java.util.concurrent.ThreadPoolExecutor.runWorker(ThreadPoolExecutor.java:1134)&#10;        at java.util.concurrent.ThreadPoolExecutor$Worker.run(ThreadPoolExecutor.java:624)&#10;        at java.lang.Thread.run(Thread.java:748)&#10;&quot;pool-226-thread-8&quot;  prio=5 tid=2520 in Object.wait()&#10;java.lang.Thread.State: WAITING (on object monitor)&#10;        at sun.misc.Unsafe.park(Native Method)&#10;        at java.util.concurrent.locks.LockSupport.park(LockSupport.java:175)&#10;        at java.util.concurrent.locks.AbstractQueuedSynchronizer$ConditionObject.await(AbstractQueuedSynchronizer.java:2039)&#10;        at java.util.concurrent.ArrayBlockingQueue.take(ArrayBlockingQueue.java:403)&#10;        at java.util.concurrent.ThreadPoolExecutor.getTask(ThreadPoolExecutor.java:1074)&#10;        at java.util.concurrent.ThreadPoolExecutor.runWorker(ThreadPoolExecutor.java:1134)&#10;        at java.util.concurrent.ThreadPoolExecutor$Worker.run(ThreadPoolExecutor.java:624)&#10;        at java.lang.Thread.run(Thread.java:748)&#10;&quot;KeyDeletingService#0&quot; daemon prio=5 tid=2397 timed_waiting&#10;java.lang.Thread.State: TIMED_WAITING&#10;        at sun.misc.Unsafe.park(Native Method)&#10;        at java.util.concurrent.locks.LockSupport.parkNanos(LockSupport.java:215)&#10;        at java.util.concurrent.locks.AbstractQueuedSynchronizer$ConditionObject.awaitNanos(AbstractQueuedSynchronizer.java:2078)&#10;        at java.util.concurrent.ScheduledThreadPoolExecutor$DelayedWorkQueue.take(ScheduledThreadPoolExecutor.java:1093)&#10;        at java.util.concurrent.ScheduledThreadPoolExecutor$DelayedWorkQueue.take(ScheduledThreadPoolExecutor.java:809)&#10;        at java.util.concurrent.ThreadPoolExecutor.getTask(ThreadPoolExecutor.java:1074)&#10;        at java.util.concurrent.ThreadPoolExecutor.runWorker(ThreadPoolExecutor.java:1134)&#10;        at java.util.concurrent.ThreadPoolExecutor$Worker.run(ThreadPoolExecutor.java:624)&#10;        at java.lang.Thread.run(Thread.java:748)&#10;&quot;Datanode ReportManager Thread - 2&quot; daemon prio=5 tid=1963 in Object.wait()&#10;java.lang.Thread.State: WAITING (on object monitor)&#10;        at sun.misc.Unsafe.park(Native Method)&#10;        at java.util.concurrent.locks.LockSupport.park(LockSupport.java:175)&#10;        at java.util.concurrent.locks.AbstractQueuedSynchronizer$ConditionObject.await(AbstractQueuedSynchronizer.java:2039)&#10;        at java.util.concurrent.ScheduledThreadPoolExecutor$DelayedWorkQueue.take(ScheduledThreadPoolExecutor.java:1088)&#10;        at java.util.concurrent.ScheduledThreadPoolExecutor$DelayedWorkQueue.take(ScheduledThreadPoolExecutor.java:809)&#10;        at java.util.concurrent.ThreadPoolExecutor.getTask(ThreadPoolExecutor.java:1074)&#10;        at java.util.concurrent.ThreadPoolExecutor.runWorker(ThreadPoolExecutor.java:1134)&#10;        at java.util.concurrent.ThreadPoolExecutor$Worker.run(ThreadPoolExecutor.java:624)&#10;        at java.lang.Thread.run(Thread.java:748)&#10;&quot;BlockDeletingService#1&quot; daemon prio=5 tid=2637 in Object.wait()&#10;java.lang.Thread.State: WAITING (on object monitor)&#10;        at sun.misc.Unsafe.park(Native Method)&#10;        at java.util.concurrent.locks.LockSupport.park(LockSupport.java:175)&#10;        at java.util.concurrent.locks.AbstractQueuedSynchronizer$ConditionObject.await(AbstractQueuedSynchronizer.java:2039)&#10;        at java.util.concurrent.ScheduledThreadPoolExecutor$DelayedWorkQueue.take(ScheduledThreadPoolExecutor.java:1088)&#10;        at java.util.concurrent.ScheduledThreadPoolExecutor$DelayedWorkQueue.take(ScheduledThreadPoolExecutor.java:809)&#10;        at java.util.concurrent.ThreadPoolExecutor.getTask(ThreadPoolExecutor.java:1074)&#10;        at java.util.concurrent.ThreadPoolExecutor.runWorker(ThreadPoolExecutor.java:1134)&#10;        at java.util.concurrent.ThreadPoolExecutor$Worker.run(ThreadPoolExecutor.java:624)&#10;        at java.lang.Thread.run(Thread.java:748)&#10;&quot;pool-226-thread-51&quot;  prio=5 tid=2563 in Object.wait()&#10;java.lang.Thread.State: WAITING (on object monitor)&#10;        at sun.misc.Unsafe.park(Native Method)&#10;        at java.util.concurrent.locks.LockSupport.park(LockSupport.java:175)&#10;        at java.util.concurrent.locks.AbstractQueuedSynchronizer$ConditionObject.await(AbstractQueuedSynchronizer.java:2039)&#10;        at java.util.concurrent.ArrayBlockingQueue.take(ArrayBlockingQueue.java:403)&#10;        at java.util.concurrent.ThreadPoolExecutor.getTask(ThreadPoolExecutor.java:1074)&#10;        at java.util.concurrent.ThreadPoolExecutor.runWorker(ThreadPoolExecutor.java:1134)&#10;        at java.util.concurrent.ThreadPoolExecutor$Worker.run(ThreadPoolExecutor.java:624)&#10;        at java.lang.Thread.run(Thread.java:748)&#10;&quot;pool-226-thread-43&quot;  prio=5 tid=2555 in Object.wait()&#10;java.lang.Thread.State: WAITING (on object monitor)&#10;        at sun.misc.Unsafe.park(Native Method)&#10;        at java.util.concurrent.locks.LockSupport.park(LockSupport.java:175)&#10;        at java.util.concurrent.locks.AbstractQueuedSynchronizer$ConditionObject.await(AbstractQueuedSynchronizer.java:2039)&#10;        at java.util.concurrent.ArrayBlockingQueue.take(ArrayBlockingQueue.java:403)&#10;        at java.util.concurrent.ThreadPoolExecutor.getTask(ThreadPoolExecutor.java:1074)&#10;        at java.util.concurrent.ThreadPoolExecutor.runWorker(ThreadPoolExecutor.java:1134)&#10;        at java.util.concurrent.ThreadPoolExecutor$Worker.run(ThreadPoolExecutor.java:624)&#10;        at java.lang.Thread.run(Thread.java:748)&#10;&quot;IPC Server handler 11 on 40756&quot; daemon prio=5 tid=2326 timed_waiting&#10;java.lang.Thread.State: TIMED_WAITING&#10;        at sun.misc.Unsafe.park(Native Method)&#10;        at java.util.concurrent.locks.LockSupport.parkNanos(LockSupport.java:215)&#10;        at java.util.concurrent.locks.AbstractQueuedSynchronizer$ConditionObject.awaitNanos(AbstractQueuedSynchronizer.java:2078)&#10;        at java.util.concurrent.LinkedBlockingQueue.poll(LinkedBlockingQueue.java:467)&#10;        at org.apache.hadoop.ipc.CallQueueManager.take(CallQueueManager.java:288)&#10;        at org.apache.hadoop.ipc.Server$Handler.run(Server.java:2668)&#10;&quot;IPC Server handler 0 on 40756&quot; daemon prio=5 tid=2315 timed_waiting&#10;java.lang.Thread.State: TIMED_WAITING&#10;        at sun.misc.Unsafe.park(Native Method)&#10;        at java.util.concurrent.locks.LockSupport.parkNanos(LockSupport.java:215)&#10;        at java.util.concurrent.locks.AbstractQueuedSynchronizer$ConditionObject.awaitNanos(AbstractQueuedSynchronizer.java:2078)&#10;        at java.util.concurrent.LinkedBlockingQueue.poll(LinkedBlockingQueue.java:467)&#10;        at org.apache.hadoop.ipc.CallQueueManager.take(CallQueueManager.java:288)&#10;        at org.apache.hadoop.ipc.Server$Handler.run(Server.java:2668)&#10;&quot;pool-236-thread-31&quot;  prio=5 tid=2606 in Object.wait()&#10;java.lang.Thread.State: WAITING (on object monitor)&#10;        at sun.misc.Unsafe.park(Native Method)&#10;        at java.util.concurrent.locks.LockSupport.park(LockSupport.java:175)&#10;        at java.util.concurrent.locks.AbstractQueuedSynchronizer$ConditionObject.await(AbstractQueuedSynchronizer.java:2039)&#10;        at java.util.concurrent.ArrayBlockingQueue.take(ArrayBlockingQueue.java:403)&#10;        at java.util.concurrent.ThreadPoolExecutor.getTask(ThreadPoolExecutor.java:1074)&#10;        at java.util.concurrent.ThreadPoolExecutor.runWorker(ThreadPoolExecutor.java:1134)&#10;        at java.util.concurrent.ThreadPoolExecutor$Worker.run(ThreadPoolExecutor.java:624)&#10;        at java.lang.Thread.run(Thread.java:748)&#10;&quot;IPC Server handler 9 on 38076&quot; daemon prio=5 tid=2364 timed_waiting&#10;java.lang.Thread.State: TIMED_WAITING&#10;        at sun.misc.Unsafe.park(Native Method)&#10;        at java.util.concurrent.locks.LockSupport.parkNanos(LockSupport.java:215)&#10;        at java.util.concurrent.locks.AbstractQueuedSynchronizer$ConditionObject.awaitNanos(AbstractQueuedSynchronizer.java:2078)&#10;        at java.util.concurrent.LinkedBlockingQueue.poll(LinkedBlockingQueue.java:467)&#10;        at org.apache.hadoop.ipc.CallQueueManager.take(CallQueueManager.java:288)&#10;        at org.apache.hadoop.ipc.Server$Handler.run(Server.java:2668)&#10;&quot;Datanode ReportManager Thread - 1&quot; daemon prio=5 tid=1429 timed_waiting&#10;java.lang.Thread.State: TIMED_WAITING&#10;        at sun.misc.Unsafe.park(Native Method)&#10;        at java.util.concurrent.locks.LockSupport.parkNanos(LockSupport.java:215)&#10;        at java.util.concurrent.locks.AbstractQueuedSynchronizer$ConditionObject.awaitNanos(AbstractQueuedSynchronizer.java:2078)&#10;        at java.util.concurrent.ScheduledThreadPoolExecutor$DelayedWorkQueue.take(ScheduledThreadPoolExecutor.java:1093)&#10;        at java.util.concurrent.ScheduledThreadPoolExecutor$DelayedWorkQueue.take(ScheduledThreadPoolExecutor.java:809)&#10;        at java.util.concurrent.ThreadPoolExecutor.getTask(ThreadPoolExecutor.java:1074)&#10;        at java.util.concurrent.ThreadPoolExecutor.runWorker(ThreadPoolExecutor.java:1134)&#10;        at java.util.concurrent.ThreadPoolExecutor$Worker.run(ThreadPoolExecutor.java:624)&#10;        at java.lang.Thread.run(Thread.java:748)&#10;&quot;metrics-hadoop-metrics2-reporter-74-thread-1&quot; daemon prio=5 tid=1703 timed_waiting&#10;java.lang.Thread.State: TIMED_WAITING&#10;        at sun.misc.Unsafe.park(Native Method)&#10;        at java.util.concurrent.locks.LockSupport.parkNanos(LockSupport.java:215)&#10;        at java.util.concurrent.locks.AbstractQueuedSynchronizer$ConditionObject.awaitNanos(AbstractQueuedSynchronizer.java:2078)&#10;        at java.util.concurrent.ScheduledThreadPoolExecutor$DelayedWorkQueue.take(ScheduledThreadPoolExecutor.java:1093)&#10;        at java.util.concurrent.ScheduledThreadPoolExecutor$DelayedWorkQueue.take(ScheduledThreadPoolExecutor.java:809)&#10;        at java.util.concurrent.ThreadPoolExecutor.getTask(ThreadPoolExecutor.java:1074)&#10;        at java.util.concurrent.ThreadPoolExecutor.runWorker(ThreadPoolExecutor.java:1134)&#10;        at java.util.concurrent.ThreadPoolExecutor$Worker.run(ThreadPoolExecutor.java:624)&#10;        at java.lang.Thread.run(Thread.java:748)&#10;&quot;metrics-hadoop-metrics2-reporter-1-thread-1&quot; daemon prio=5 tid=436 timed_waiting&#10;java.lang.Thread.State: TIMED_WAITING&#10;        at sun.misc.Unsafe.park(Native Method)&#10;        at java.util.concurrent.locks.LockSupport.parkNanos(LockSupport.java:215)&#10;        at java.util.concurrent.locks.AbstractQueuedSynchronizer$ConditionObject.awaitNanos(AbstractQueuedSynchronizer.java:2078)&#10;        at java.util.concurrent.ScheduledThreadPoolExecutor$DelayedWorkQueue.take(ScheduledThreadPoolExecutor.java:1093)&#10;        at java.util.concurrent.ScheduledThreadPoolExecutor$DelayedWorkQueue.take(ScheduledThreadPoolExecutor.java:809)&#10;        at java.util.concurrent.ThreadPoolExecutor.getTask(ThreadPoolExecutor.java:1074)&#10;        at java.util.concurrent.ThreadPoolExecutor.runWorker(ThreadPoolExecutor.java:1134)&#10;        at java.util.concurrent.ThreadPoolExecutor$Worker.run(ThreadPoolExecutor.java:624)&#10;        at java.lang.Thread.run(Thread.java:748)&#10;&quot;metrics-hadoop-metrics2-reporter-65-thread-1&quot; daemon prio=5 tid=1675 timed_waiting&#10;java.lang.Thread.State: TIMED_WAITING&#10;        at sun.misc.Unsafe.park(Native Method)&#10;        at java.util.concurrent.locks.LockSupport.parkNanos(LockSupport.java:215)&#10;        at java.util.concurrent.locks.AbstractQueuedSynchronizer$ConditionObject.awaitNanos(AbstractQueuedSynchronizer.java:2078)&#10;        at java.util.concurrent.ScheduledThreadPoolExecutor$DelayedWorkQueue.take(ScheduledThreadPoolExecutor.java:1093)&#10;        at java.util.concurrent.ScheduledThreadPoolExecutor$DelayedWorkQueue.take(ScheduledThreadPoolExecutor.java:809)&#10;        at java.util.concurrent.ThreadPoolExecutor.getTask(ThreadPoolExecutor.java:1074)&#10;        at java.util.concurrent.ThreadPoolExecutor.runWorker(ThreadPoolExecutor.java:1134)&#10;        at java.util.concurrent.ThreadPoolExecutor$Worker.run(ThreadPoolExecutor.java:624)&#10;        at java.lang.Thread.run(Thread.java:748)&#10;&quot;Datanode ReportManager Thread - 2&quot; daemon prio=5 tid=2453 in Object.wait()&#10;java.lang.Thread.State: WAITING (on object monitor)&#10;        at sun.misc.Unsafe.park(Native Method)&#10;        at java.util.concurrent.locks.LockSupport.park(LockSupport.java:175)&#10;        at java.util.concurrent.locks.AbstractQueuedSynchronizer$ConditionObject.await(AbstractQueuedSynchronizer.java:2039)&#10;        at java.util.concurrent.ScheduledThreadPoolExecutor$DelayedWorkQueue.take(ScheduledThreadPoolExecutor.java:1088)&#10;        at java.util.concurrent.ScheduledThreadPoolExecutor$DelayedWorkQueue.take(ScheduledThreadPoolExecutor.java:809)&#10;        at java.util.concurrent.ThreadPoolExecutor.getTask(ThreadPoolExecutor.java:1074)&#10;        at java.util.concurrent.ThreadPoolExecutor.runWorker(ThreadPoolExecutor.java:1134)&#10;        at java.util.concurrent.ThreadPoolExecutor$Worker.run(ThreadPoolExecutor.java:624)&#10;        at java.lang.Thread.run(Thread.java:748)&#10;&quot;pool-226-thread-14&quot;  prio=5 tid=2526 in Object.wait()&#10;java.lang.Thread.State: WAITING (on object monitor)&#10;        at sun.misc.Unsafe.park(Native Method)&#10;        at java.util.concurrent.locks.LockSupport.park(LockSupport.java:175)&#10;        at java.util.concurrent.locks.AbstractQueuedSynchronizer$ConditionObject.await(AbstractQueuedSynchronizer.java:2039)&#10;        at java.util.concurrent.ArrayBlockingQueue.take(ArrayBlockingQueue.java:403)&#10;        at java.util.concurrent.ThreadPoolExecutor.getTask(ThreadPoolExecutor.java:1074)&#10;        at java.util.concurrent.ThreadPoolExecutor.runWorker(ThreadPoolExecutor.java:1134)&#10;        at java.util.concurrent.ThreadPoolExecutor$Worker.run(ThreadPoolExecutor.java:624)&#10;        at java.lang.Thread.run(Thread.java:748)&#10;&quot;b32d7882-88db-4fe6-9cca-6a25122d474d@group-26D4B34233DA-SegmentedRaftLogWorker&quot;  prio=5 tid=2726 timed_waiting&#10;java.lang.Thread.State: TIMED_WAITING&#10;        at sun.misc.Unsafe.park(Native Method)&#10;        at java.util.concurrent.locks.LockSupport.parkNanos(LockSupport.java:215)&#10;        at java.util.concurrent.locks.AbstractQueuedSynchronizer$ConditionObject.awaitNanos(AbstractQueuedSynchronizer.java:2078)&#10;        at org.apache.ratis.util.DataBlockingQueue.poll(DataBlockingQueue.java:137)&#10;        at org.apache.ratis.server.raftlog.segmented.SegmentedRaftLogWorker.run(SegmentedRaftLogWorker.java:282)&#10;        at java.lang.Thread.run(Thread.java:748)&#10;&quot;qtp2000429588-2470&quot; daemon prio=5 tid=2470 timed_waiting&#10;java.lang.Thread.State: TIMED_WAITING&#10;        at sun.misc.Unsafe.park(Native Method)&#10;        at java.util.concurrent.locks.LockSupport.parkNanos(LockSupport.java:215)&#10;        at java.util.concurrent.locks.AbstractQueuedSynchronizer$ConditionObject.awaitNanos(AbstractQueuedSynchronizer.java:2078)&#10;        at org.eclipse.jetty.util.BlockingArrayQueue.poll(BlockingArrayQueue.java:392)&#10;        at org.eclipse.jetty.util.thread.QueuedThreadPool.idleJobPoll(QueuedThreadPool.java:563)&#10;        at org.eclipse.jetty.util.thread.QueuedThreadPool.access$800(QueuedThreadPool.java:48)&#10;        at org.eclipse.jetty.util.thread.QueuedThreadPool$2.run(QueuedThreadPool.java:626)&#10;        at java.lang.Thread.run(Thread.java:748)&#10;&quot;IPC Server handler 5 on 38076&quot; daemon prio=5 tid=2360 timed_waiting&#10;java.lang.Thread.State: TIMED_WAITING&#10;        at sun.misc.Unsafe.park(Native Method)&#10;        at java.util.concurrent.locks.LockSupport.parkNanos(LockSupport.java:215)&#10;        at java.util.concurrent.locks.AbstractQueuedSynchronizer$ConditionObject.awaitNanos(AbstractQueuedSynchronizer.java:2078)&#10;        at java.util.concurrent.LinkedBlockingQueue.poll(LinkedBlockingQueue.java:467)&#10;        at org.apache.hadoop.ipc.CallQueueManager.take(CallQueueManager.java:288)&#10;        at org.apache.hadoop.ipc.Server$Handler.run(Server.java:2668)&#10;&quot;metrics-hadoop-metrics2-reporter-64-thread-1&quot; daemon prio=5 tid=1671 timed_waiting&#10;java.lang.Thread.State: TIMED_WAITING&#10;        at sun.misc.Unsafe.park(Native Method)&#10;        at java.util.concurrent.locks.LockSupport.parkNanos(LockSupport.java:215)&#10;        at java.util.concurrent.locks.AbstractQueuedSynchronizer$ConditionObject.awaitNanos(AbstractQueuedSynchronizer.java:2078)&#10;        at java.util.concurrent.ScheduledThreadPoolExecutor$DelayedWorkQueue.take(ScheduledThreadPoolExecutor.java:1093)&#10;        at java.util.concurrent.ScheduledThreadPoolExecutor$DelayedWorkQueue.take(ScheduledThreadPoolExecutor.java:809)&#10;        at java.util.concurrent.ThreadPoolExecutor.getTask(ThreadPoolExecutor.java:1074)&#10;        at java.util.concurrent.ThreadPoolExecutor.runWorker(ThreadPoolExecutor.java:1134)&#10;        at java.util.concurrent.ThreadPoolExecutor$Worker.run(ThreadPoolExecutor.java:624)&#10;        at java.lang.Thread.run(Thread.java:748)&#10;&quot;pool-237-thread-1&quot;  prio=5 tid=2724 in Object.wait()&#10;java.lang.Thread.State: WAITING (on object monitor)&#10;        at sun.misc.Unsafe.park(Native Method)&#10;        at java.util.concurrent.locks.LockSupport.park(LockSupport.java:175)&#10;        at java.util.concurrent.locks.AbstractQueuedSynchronizer$ConditionObject.await(AbstractQueuedSynchronizer.java:2039)&#10;        at java.util.concurrent.LinkedBlockingQueue.take(LinkedBlockingQueue.java:442)&#10;        at java.util.concurrent.ThreadPoolExecutor.getTask(ThreadPoolExecutor.java:1074)&#10;        at java.util.concurrent.ThreadPoolExecutor.runWorker(ThreadPoolExecutor.java:1134)&#10;        at java.util.concurrent.ThreadPoolExecutor$Worker.run(ThreadPoolExecutor.java:624)&#10;        at java.lang.Thread.run(Thread.java:748)&#10;&quot;pool-226-thread-1&quot;  prio=5 tid=2513 in Object.wait()&#10;java.lang.Thread.State: WAITING (on object monitor)&#10;        at sun.misc.Unsafe.park(Native Method)&#10;        at java.util.concurrent.locks.LockSupport.park(LockSupport.java:175)&#10;        at java.util.concurrent.locks.AbstractQueuedSynchronizer$ConditionObject.await(AbstractQueuedSynchronizer.java:2039)&#10;        at java.util.concurrent.ArrayBlockingQueue.take(ArrayBlockingQueue.java:403)&#10;        at java.util.concurrent.ThreadPoolExecutor.getTask(ThreadPoolExecutor.java:1074)&#10;        at java.util.concurrent.ThreadPoolExecutor.runWorker(ThreadPoolExecutor.java:1134)&#10;        at java.util.concurrent.ThreadPoolExecutor$Worker.run(ThreadPoolExecutor.java:624)&#10;        at java.lang.Thread.run(Thread.java:748)&#10;&quot;IPC Server handler 0 on 45250&quot; daemon prio=5 tid=2399 timed_waiting&#10;java.lang.Thread.State: TIMED_WAITING&#10;        at sun.misc.Unsafe.park(Native Method)&#10;        at java.util.concurrent.locks.LockSupport.parkNanos(LockSupport.java:215)&#10;        at java.util.concurrent.locks.AbstractQueuedSynchronizer$ConditionObject.awaitNanos(AbstractQueuedSynchronizer.java:2078)&#10;        at java.util.concurrent.LinkedBlockingQueue.poll(LinkedBlockingQueue.java:467)&#10;        at org.apache.hadoop.ipc.CallQueueManager.take(CallQueueManager.java:288)&#10;        at org.apache.hadoop.ipc.Server$Handler.run(Server.java:2668)&#10;&quot;Datanode State Machine Thread - 0&quot; daemon prio=5 tid=2511 timed_waiting&#10;java.lang.Thread.State: TIMED_WAITING&#10;        at sun.misc.Unsafe.park(Native Method)&#10;        at java.util.concurrent.locks.LockSupport.parkNanos(LockSupport.java:215)&#10;        at java.util.concurrent.SynchronousQueue$TransferStack.awaitFulfill(SynchronousQueue.java:460)&#10;        at java.util.concurrent.SynchronousQueue$TransferStack.transfer(SynchronousQueue.java:362)&#10;        at java.util.concurrent.SynchronousQueue.poll(SynchronousQueue.java:941)&#10;        at java.util.concurrent.ThreadPoolExecutor.getTask(ThreadPoolExecutor.java:1073)&#10;        at java.util.concurrent.ThreadPoolExecutor.runWorker(ThreadPoolExecutor.java:1134)&#10;        at java.util.concurrent.ThreadPoolExecutor$Worker.run(ThreadPoolExecutor.java:624)&#10;        at java.lang.Thread.run(Thread.java:748)&#10;&quot;IPC Server handler 18 on 45250&quot; daemon prio=5 tid=2417 timed_waiting&#10;java.lang.Thread.State: TIMED_WAITING&#10;        at sun.misc.Unsafe.park(Native Method)&#10;        at java.util.concurrent.locks.LockSupport.parkNanos(LockSupport.java:215)&#10;        at java.util.concurrent.locks.AbstractQueuedSynchronizer$ConditionObject.awaitNanos(AbstractQueuedSynchronizer.java:2078)&#10;        at java.util.concurrent.LinkedBlockingQueue.poll(LinkedBlockingQueue.java:467)&#10;        at org.apache.hadoop.ipc.CallQueueManager.take(CallQueueManager.java:288)&#10;        at org.apache.hadoop.ipc.Server$Handler.run(Server.java:2668)&#10;&quot;org.eclipse.jetty.server.session.HashSessionManager@4f1fb828Timer&quot; daemon prio=5 tid=2430 timed_waiting&#10;java.lang.Thread.State: TIMED_WAITING&#10;        at sun.misc.Unsafe.park(Native Method)&#10;        at java.util.concurrent.locks.LockSupport.parkNanos(LockSupport.java:215)&#10;        at java.util.concurrent.locks.AbstractQueuedSynchronizer$ConditionObject.awaitNanos(AbstractQueuedSynchronizer.java:2078)&#10;        at java.util.concurrent.ScheduledThreadPoolExecutor$DelayedWorkQueue.take(ScheduledThreadPoolExecutor.java:1093)&#10;        at java.util.concurrent.ScheduledThreadPoolExecutor$DelayedWorkQueue.take(ScheduledThreadPoolExecutor.java:809)&#10;        at java.util.concurrent.ThreadPoolExecutor.getTask(ThreadPoolExecutor.java:1074)&#10;        at java.util.concurrent.ThreadPoolExecutor.runWorker(ThreadPoolExecutor.java:1134)&#10;        at java.util.concurrent.ThreadPoolExecutor$Worker.run(ThreadPoolExecutor.java:624)&#10;        at java.lang.Thread.run(Thread.java:748)&#10;&quot;pool-226-thread-23&quot;  prio=5 tid=2535 in Object.wait()&#10;java.lang.Thread.State: WAITING (on object monitor)&#10;        at sun.misc.Unsafe.park(Native Method)&#10;        at java.util.concurrent.locks.LockSupport.park(LockSupport.java:175)&#10;        at java.util.concurrent.locks.AbstractQueuedSynchronizer$ConditionObject.await(AbstractQueuedSynchronizer.java:2039)&#10;        at java.util.concurrent.ArrayBlockingQueue.take(ArrayBlockingQueue.java:403)&#10;        at java.util.concurrent.ThreadPoolExecutor.getTask(ThreadPoolExecutor.java:1074)&#10;        at java.util.concurrent.ThreadPoolExecutor.runWorker(ThreadPoolExecutor.java:1134)&#10;        at java.util.concurrent.ThreadPoolExecutor$Worker.run(ThreadPoolExecutor.java:624)&#10;        at java.lang.Thread.run(Thread.java:748)&#10;&quot;metrics-hadoop-metrics2-reporter-72-thread-1&quot; daemon prio=5 tid=1691 timed_waiting&#10;java.lang.Thread.State: TIMED_WAITING&#10;        at sun.misc.Unsafe.park(Native Method)&#10;        at java.util.concurrent.locks.LockSupport.parkNanos(LockSupport.java:215)&#10;        at java.util.concurrent.locks.AbstractQueuedSynchronizer$ConditionObject.awaitNanos(AbstractQueuedSynchronizer.java:2078)&#10;        at java.util.concurrent.ScheduledThreadPoolExecutor$DelayedWorkQueue.take(ScheduledThreadPoolExecutor.java:1093)&#10;        at java.util.concurrent.ScheduledThreadPoolExecutor$DelayedWorkQueue.take(ScheduledThreadPoolExecutor.java:809)&#10;        at java.util.concurrent.ThreadPoolExecutor.getTask(ThreadPoolExecutor.java:1074)&#10;        at java.util.concurrent.ThreadPoolExecutor.runWorker(ThreadPoolExecutor.java:1134)&#10;        at java.util.concurrent.ThreadPoolExecutor$Worker.run(ThreadPoolExecutor.java:624)&#10;        at java.lang.Thread.run(Thread.java:748)&#10;&quot;IPC Parameter Sending Thread #0&quot; daemon prio=5 tid=105 timed_waiting&#10;java.lang.Thread.State: TIMED_WAITING&#10;        at sun.misc.Unsafe.park(Native Method)&#10;        at java.util.concurrent.locks.LockSupport.parkNanos(LockSupport.java:215)&#10;        at java.util.concurrent.SynchronousQueue$TransferStack.awaitFulfill(SynchronousQueue.java:460)&#10;        at java.util.concurrent.SynchronousQueue$TransferStack.transfer(SynchronousQueue.java:362)&#10;        at java.util.concurrent.SynchronousQueue.poll(SynchronousQueue.java:941)&#10;        at java.util.concurrent.ThreadPoolExecutor.getTask(ThreadPoolExecutor.java:1073)&#10;        at java.util.concurrent.ThreadPoolExecutor.runWorker(ThreadPoolExecutor.java:1134)&#10;        at java.util.concurrent.ThreadPoolExecutor$Worker.run(ThreadPoolExecutor.java:624)&#10;        at java.lang.Thread.run(Thread.java:748)&#10;&quot;pool-236-thread-12&quot;  prio=5 tid=2587 in Object.wait()&#10;java.lang.Thread.State: WAITING (on object monitor)&#10;        at sun.misc.Unsafe.park(Native Method)&#10;        at java.util.concurrent.locks.LockSupport.park(LockSupport.java:175)&#10;        at java.util.concurrent.locks.AbstractQueuedSynchronizer$ConditionObject.await(AbstractQueuedSynchronizer.java:2039)&#10;        at java.util.concurrent.ArrayBlockingQueue.take(ArrayBlockingQueue.java:403)&#10;        at java.util.concurrent.ThreadPoolExecutor.getTask(ThreadPoolExecutor.java:1074)&#10;        at java.util.concurrent.ThreadPoolExecutor.runWorker(ThreadPoolExecutor.java:1134)&#10;        at java.util.concurrent.ThreadPoolExecutor$Worker.run(ThreadPoolExecutor.java:624)&#10;        at java.lang.Thread.run(Thread.java:748)&#10;&quot;metrics-hadoop-metrics2-reporter-87-thread-1&quot; daemon prio=5 tid=1757 timed_waiting&#10;java.lang.Thread.State: TIMED_WAITING&#10;        at sun.misc.Unsafe.park(Native Method)&#10;        at java.util.concurrent.locks.LockSupport.parkNanos(LockSupport.java:215)&#10;        at java.util.concurrent.locks.AbstractQueuedSynchronizer$ConditionObject.awaitNanos(AbstractQueuedSynchronizer.java:2078)&#10;        at java.util.concurrent.ScheduledThreadPoolExecutor$DelayedWorkQueue.take(ScheduledThreadPoolExecutor.java:1093)&#10;        at java.util.concurrent.ScheduledThreadPoolExecutor$DelayedWorkQueue.take(ScheduledThreadPoolExecutor.java:809)&#10;        at java.util.concurrent.ThreadPoolExecutor.getTask(ThreadPoolExecutor.java:1074)&#10;        at java.util.concurrent.ThreadPoolExecutor.runWorker(ThreadPoolExecutor.java:1134)&#10;        at java.util.concurrent.ThreadPoolExecutor$Worker.run(ThreadPoolExecutor.java:624)&#10;        at java.lang.Thread.run(Thread.java:748)&#10;&quot;pool-226-thread-53&quot;  prio=5 tid=2565 in Object.wait()&#10;java.lang.Thread.State: WAITING (on object monitor)&#10;        at sun.misc.Unsafe.park(Native Method)&#10;        at java.util.concurrent.locks.LockSupport.park(LockSupport.java:175)&#10;        at java.util.concurrent.locks.AbstractQueuedSynchronizer$ConditionObject.await(AbstractQueuedSynchronizer.java:2039)&#10;        at java.util.concurrent.ArrayBlockingQueue.take(ArrayBlockingQueue.java:403)&#10;        at java.util.concurrent.ThreadPoolExecutor.getTask(ThreadPoolExecutor.java:1074)&#10;        at java.util.concurrent.ThreadPoolExecutor.runWorker(ThreadPoolExecutor.java:1134)&#10;        at java.util.concurrent.ThreadPoolExecutor$Worker.run(ThreadPoolExecutor.java:624)&#10;        at java.lang.Thread.run(Thread.java:748)&#10;&quot;refreshUsed-/workdir/hadoop-ozone/ozonefs/target/test-dir/MiniOzoneClusterImpl-a3991107-2db4-4ed9-b586-01161be3d184/datanode-0/data/containers&quot; daemon prio=5 tid=2434 timed_waiting&#10;java.lang.Thread.State: TIMED_WAITING&#10;        at java.lang.Thread.sleep(Native Method)&#10;        at org.apache.hadoop.fs.CachingGetSpaceUsed$RefreshThread.run(CachingGetSpaceUsed.java:179)&#10;        at java.lang.Thread.run(Thread.java:748)&#10;&quot;Timer-5&quot;  prio=5 tid=2396 timed_waiting&#10;java.lang.Thread.State: TIMED_WAITING&#10;        at java.lang.Object.wait(Native Method)&#10;        at java.util.TimerThread.mainLoop(Timer.java:552)&#10;        at java.util.TimerThread.run(Timer.java:505)&#10;&quot;3aea292b-16fb-4e9b-be90-828afa8e8047@group-896385CD49EE-StateMachineUpdater&quot; daemon prio=5 tid=2926 in Object.wait()&#10;java.lang.Thread.State: WAITING (on object monitor)&#10;        at java.lang.Object.wait(Native Method)&#10;        at java.lang.Object.wait(Object.java:502)&#10;        at org.apache.ratis.server.impl.StateMachineUpdater.waitForCommit(StateMachineUpdater.java:194)&#10;        at org.apache.ratis.server.impl.StateMachineUpdater.run(StateMachineUpdater.java:159)&#10;        at java.lang.Thread.run(Thread.java:748)&#10;&quot;pool-226-thread-41&quot;  prio=5 tid=2553 in Object.wait()&#10;java.lang.Thread.State: WAITING (on object monitor)&#10;        at sun.misc.Unsafe.park(Native Method)&#10;        at java.util.concurrent.locks.LockSupport.park(LockSupport.java:175)&#10;        at java.util.concurrent.locks.AbstractQueuedSynchronizer$ConditionObject.await(AbstractQueuedSynchronizer.java:2039)&#10;        at java.util.concurrent.ArrayBlockingQueue.take(ArrayBlockingQueue.java:403)&#10;        at java.util.concurrent.ThreadPoolExecutor.getTask(ThreadPoolExecutor.java:1074)&#10;        at java.util.concurrent.ThreadPoolExecutor.runWorker(ThreadPoolExecutor.java:1134)&#10;        at java.util.concurrent.ThreadPoolExecutor$Worker.run(ThreadPoolExecutor.java:624)&#10;        at java.lang.Thread.run(Thread.java:748)&#10;&quot;Datanode ReportManager Thread - 3&quot; daemon prio=5 tid=1431 in Object.wait()&#10;java.lang.Thread.State: WAITING (on object monitor)&#10;        at sun.misc.Unsafe.park(Native Method)&#10;        at java.util.concurrent.locks.LockSupport.park(LockSupport.java:175)&#10;        at java.util.concurrent.locks.AbstractQueuedSynchronizer$ConditionObject.await(AbstractQueuedSynchronizer.java:2039)&#10;        at java.util.concurrent.ScheduledThreadPoolExecutor$DelayedWorkQueue.take(ScheduledThreadPoolExecutor.java:1088)&#10;        at java.util.concurrent.ScheduledThreadPoolExecutor$DelayedWorkQueue.take(ScheduledThreadPoolExecutor.java:809)&#10;        at java.util.concurrent.ThreadPoolExecutor.getTask(ThreadPoolExecutor.java:1074)&#10;        at java.util.concurrent.ThreadPoolExecutor.runWorker(ThreadPoolExecutor.java:1134)&#10;        at java.util.concurrent.ThreadPoolExecutor$Worker.run(ThreadPoolExecutor.java:624)&#10;        at java.lang.Thread.run(Thread.java:748)&#10;&quot;IPC Server handler 16 on 35795&quot; daemon prio=5 tid=2351 timed_waiting&#10;java.lang.Thread.State: TIMED_WAITING&#10;        at sun.misc.Unsafe.park(Native Method)&#10;        at java.util.concurrent.locks.LockSupport.parkNanos(LockSupport.java:215)&#10;        at java.util.concurrent.locks.AbstractQueuedSynchronizer$ConditionObject.awaitNanos(AbstractQueuedSynchronizer.java:2078)&#10;        at java.util.concurrent.LinkedBlockingQueue.poll(LinkedBlockingQueue.java:467)&#10;        at org.apache.hadoop.ipc.CallQueueManager.take(CallQueueManager.java:288)&#10;        at org.apache.hadoop.ipc.Server$Handler.run(Server.java:2668)&#10;&quot;pool-236-thread-1&quot;  prio=5 tid=2576 in Object.wait()&#10;java.lang.Thread.State: WAITING (on object monitor)&#10;        at sun.misc.Unsafe.park(Native Method)&#10;        at java.util.concurrent.locks.LockSupport.park(LockSupport.java:175)&#10;        at java.util.concurrent.locks.AbstractQueuedSynchronizer$ConditionObject.await(AbstractQueuedSynchronizer.java:2039)&#10;        at java.util.concurrent.ArrayBlockingQueue.take(ArrayBlockingQueue.java:403)&#10;        at java.util.concurrent.ThreadPoolExecutor.getTask(ThreadPoolExecutor.java:1074)&#10;        at java.util.concurrent.ThreadPoolExecutor.runWorker(ThreadPoolExecutor.java:1134)&#10;        at java.util.concurrent.ThreadPoolExecutor$Worker.run(ThreadPoolExecutor.java:624)&#10;        at java.lang.Thread.run(Thread.java:748)&#10;&quot;IPC Server handler 13 on 40756&quot; daemon prio=5 tid=2328 timed_waiting&#10;java.lang.Thread.State: TIMED_WAITING&#10;        at sun.misc.Unsafe.park(Native Method)&#10;        at java.util.concurrent.locks.LockSupport.parkNanos(LockSupport.java:215)&#10;        at java.util.concurrent.locks.AbstractQueuedSynchronizer$ConditionObject.awaitNanos(AbstractQueuedSynchronizer.java:2078)&#10;        at java.util.concurrent.LinkedBlockingQueue.poll(LinkedBlockingQueue.java:467)&#10;        at org.apache.hadoop.ipc.CallQueueManager.take(CallQueueManager.java:288)&#10;        at org.apache.hadoop.ipc.Server$Handler.run(Server.java:2668)&#10;&quot;qtp2322399-2379&quot; daemon prio=5 tid=2379 timed_waiting&#10;java.lang.Thread.State: TIMED_WAITING&#10;        at sun.misc.Unsafe.park(Native Method)&#10;        at java.util.concurrent.locks.LockSupport.parkNanos(LockSupport.java:215)&#10;        at java.util.concurrent.locks.AbstractQueuedSynchronizer$ConditionObject.awaitNanos(AbstractQueuedSynchronizer.java:2078)&#10;        at org.eclipse.jetty.util.BlockingArrayQueue.poll(BlockingArrayQueue.java:392)&#10;        at org.eclipse.jetty.util.thread.QueuedThreadPool.idleJobPoll(QueuedThreadPool.java:563)&#10;        at org.eclipse.jetty.util.thread.QueuedThreadPool.access$800(QueuedThreadPool.java:48)&#10;        at org.eclipse.jetty.util.thread.QueuedThreadPool$2.run(QueuedThreadPool.java:626)&#10;        at java.lang.Thread.run(Thread.java:748)&#10;&quot;IPC Server handler 8 on 45250&quot; daemon prio=5 tid=2407 timed_waiting&#10;java.lang.Thread.State: TIMED_WAITING&#10;        at sun.misc.Unsafe.park(Native Method)&#10;        at java.util.concurrent.locks.LockSupport.parkNanos(LockSupport.java:215)&#10;        at java.util.concurrent.locks.AbstractQueuedSynchronizer$ConditionObject.awaitNanos(AbstractQueuedSynchronizer.java:2078)&#10;        at java.util.concurrent.LinkedBlockingQueue.poll(LinkedBlockingQueue.java:467)&#10;        at org.apache.hadoop.ipc.CallQueueManager.take(CallQueueManager.java:288)&#10;        at org.apache.hadoop.ipc.Server$Handler.run(Server.java:2668)&#10;&quot;pool-236-thread-56&quot;  prio=5 tid=2631 in Object.wait()&#10;java.lang.Thread.State: WAITING (on object monitor)&#10;        at sun.misc.Unsafe.park(Native Method)&#10;        at java.util.concurrent.locks.LockSupport.park(LockSupport.java:175)&#10;        at java.util.concurrent.locks.AbstractQueuedSynchronizer$ConditionObject.await(AbstractQueuedSynchronizer.java:2039)&#10;        at java.util.concurrent.ArrayBlockingQueue.take(ArrayBlockingQueue.java:403)&#10;        at java.util.concurrent.ThreadPoolExecutor.getTask(ThreadPoolExecutor.java:1074)&#10;        at java.util.concurrent.ThreadPoolExecutor.runWorker(ThreadPoolExecutor.java:1134)&#10;        at java.util.concurrent.ThreadPoolExecutor$Worker.run(ThreadPoolExecutor.java:624)&#10;        at java.lang.Thread.run(Thread.java:748)&#10;&quot;metrics-hadoop-metrics2-reporter-67-thread-1&quot; daemon prio=5 tid=1679 timed_waiting&#10;java.lang.Thread.State: TIMED_WAITING&#10;        at sun.misc.Unsafe.park(Native Method)&#10;        at java.util.concurrent.locks.LockSupport.parkNanos(LockSupport.java:215)&#10;        at java.util.concurrent.locks.AbstractQueuedSynchronizer$ConditionObject.awaitNanos(AbstractQueuedSynchronizer.java:2078)&#10;        at java.util.concurrent.ScheduledThreadPoolExecutor$DelayedWorkQueue.take(ScheduledThreadPoolExecutor.java:1093)&#10;        at java.util.concurrent.ScheduledThreadPoolExecutor$DelayedWorkQueue.take(ScheduledThreadPoolExecutor.java:809)&#10;        at java.util.concurrent.ThreadPoolExecutor.getTask(ThreadPoolExecutor.java:1074)&#10;        at java.util.concurrent.ThreadPoolExecutor.runWorker(ThreadPoolExecutor.java:1134)&#10;        at java.util.concurrent.ThreadPoolExecutor$Worker.run(ThreadPoolExecutor.java:624)&#10;        at java.lang.Thread.run(Thread.java:748)&#10;&quot;metrics-hadoop-metrics2-reporter-86-thread-1&quot; daemon prio=5 tid=1755 timed_waiting&#10;java.lang.Thread.State: TIMED_WAITING&#10;        at sun.misc.Unsafe.park(Native Method)&#10;        at java.util.concurrent.locks.LockSupport.parkNanos(LockSupport.java:215)&#10;        at java.util.concurrent.locks.AbstractQueuedSynchronizer$ConditionObject.awaitNanos(AbstractQueuedSynchronizer.java:2078)&#10;        at java.util.concurrent.ScheduledThreadPoolExecutor$DelayedWorkQueue.take(ScheduledThreadPoolExecutor.java:1093)&#10;        at java.util.concurrent.ScheduledThreadPoolExecutor$DelayedWorkQueue.take(ScheduledThreadPoolExecutor.java:809)&#10;        at java.util.concurrent.ThreadPoolExecutor.getTask(ThreadPoolExecutor.java:1074)&#10;        at java.util.concurrent.ThreadPoolExecutor.runWorker(ThreadPoolExecutor.java:1134)&#10;        at java.util.concurrent.ThreadPoolExecutor$Worker.run(ThreadPoolExecutor.java:624)&#10;        at java.lang.Thread.run(Thread.java:748)&#10;&quot;metrics-hadoop-metrics2-reporter-55-thread-1&quot; daemon prio=5 tid=1204 timed_waiting&#10;java.lang.Thread.State: TIMED_WAITING&#10;        at sun.misc.Unsafe.park(Native Method)&#10;        at java.util.concurrent.locks.LockSupport.parkNanos(LockSupport.java:215)&#10;        at java.util.concurrent.locks.AbstractQueuedSynchronizer$ConditionObject.awaitNanos(AbstractQueuedSynchronizer.java:2078)&#10;        at java.util.concurrent.ScheduledThreadPoolExecutor$DelayedWorkQueue.take(ScheduledThreadPoolExecutor.java:1093)&#10;        at java.util.concurrent.ScheduledThreadPoolExecutor$DelayedWorkQueue.take(ScheduledThreadPoolExecutor.java:809)&#10;        at java.util.concurrent.ThreadPoolExecutor.getTask(ThreadPoolExecutor.java:1074)&#10;        at java.util.concurrent.ThreadPoolExecutor.runWorker(ThreadPoolExecutor.java:1134)&#10;        at java.util.concurrent.ThreadPoolExecutor$Worker.run(ThreadPoolExecutor.java:624)&#10;        at java.lang.Thread.run(Thread.java:748)&#10;&quot;pool-246-thread-36&quot;  prio=5 tid=2673 in Object.wait()&#10;java.lang.Thread.State: WAITING (on object monitor)&#10;        at sun.misc.Unsafe.park(Native Method)&#10;        at java.util.concurrent.locks.LockSupport.park(LockSupport.java:175)&#10;        at java.util.concurrent.locks.AbstractQueuedSynchronizer$ConditionObject.await(AbstractQueuedSynchronizer.java:2039)&#10;        at java.util.concurrent.ArrayBlockingQueue.take(ArrayBlockingQueue.java:403)&#10;        at java.util.concurrent.ThreadPoolExecutor.getTask(ThreadPoolExecutor.java:1074)&#10;        at java.util.concurrent.ThreadPoolExecutor.runWorker(ThreadPoolExecutor.java:1134)&#10;        at java.util.concurrent.ThreadPoolExecutor$Worker.run(ThreadPoolExecutor.java:624)&#10;        at java.lang.Thread.run(Thread.java:748)&#10;&quot;qtp1181041291-2440-acceptor-0@b08c0ef-ServerConnector@528c8c1{HTTP/1.1,[http/1.1]}{0.0.0.0:36422}&quot; daemon prio=3 tid=2440 runnable&#10;java.lang.Thread.State: RUNNABLE&#10;        at sun.nio.ch.ServerSocketChannelImpl.accept0(Native Method)&#10;        at sun.nio.ch.ServerSocketChannelImpl.accept(ServerSocketChannelImpl.java:422)&#10;        at sun.nio.ch.ServerSocketChannelImpl.accept(ServerSocketChannelImpl.java:250)&#10;        at org.eclipse.jetty.server.ServerConnector.accept(ServerConnector.java:397)&#10;        at org.eclipse.jetty.server.AbstractConnector$Acceptor.run(AbstractConnector.java:601)&#10;        at org.eclipse.jetty.util.thread.QueuedThreadPool.runJob(QueuedThreadPool.java:671)&#10;        at org.eclipse.jetty.util.thread.QueuedThreadPool$2.run(QueuedThreadPool.java:589)&#10;        at java.lang.Thread.run(Thread.java:748)&#10;&quot;pool-226-thread-55&quot;  prio=5 tid=2567 in Object.wait()&#10;java.lang.Thread.State: WAITING (on object monitor)&#10;        at sun.misc.Unsafe.park(Native Method)&#10;        at java.util.concurrent.locks.LockSupport.park(LockSupport.java:175)&#10;        at java.util.concurrent.locks.AbstractQueuedSynchronizer$ConditionObject.await(AbstractQueuedSynchronizer.java:2039)&#10;        at java.util.concurrent.ArrayBlockingQueue.take(ArrayBlockingQueue.java:403)&#10;        at java.util.concurrent.ThreadPoolExecutor.getTask(ThreadPoolExecutor.java:1074)&#10;        at java.util.concurrent.ThreadPoolExecutor.runWorker(ThreadPoolExecutor.java:1134)&#10;        at java.util.concurrent.ThreadPoolExecutor$Worker.run(ThreadPoolExecutor.java:624)&#10;        at java.lang.Thread.run(Thread.java:748)&#10;&quot;metrics-hadoop-metrics2-reporter-99-thread-1&quot; daemon prio=5 tid=2224 timed_waiting&#10;java.lang.Thread.State: TIMED_WAITING&#10;        at sun.misc.Unsafe.park(Native Method)&#10;        at java.util.concurrent.locks.LockSupport.parkNanos(LockSupport.java:215)&#10;        at java.util.concurrent.locks.AbstractQueuedSynchronizer$ConditionObject.awaitNanos(AbstractQueuedSynchronizer.java:2078)&#10;        at java.util.concurrent.ScheduledThreadPoolExecutor$DelayedWorkQueue.take(ScheduledThreadPoolExecutor.java:1093)&#10;        at java.util.concurrent.ScheduledThreadPoolExecutor$DelayedWorkQueue.take(ScheduledThreadPoolExecutor.java:809)&#10;        at java.util.concurrent.ThreadPoolExecutor.getTask(ThreadPoolExecutor.java:1074)&#10;        at java.util.concurrent.ThreadPoolExecutor.runWorker(ThreadPoolExecutor.java:1134)&#10;        at java.util.concurrent.ThreadPoolExecutor$Worker.run(ThreadPoolExecutor.java:624)&#10;        at java.lang.Thread.run(Thread.java:748)&#10;&quot;pool-226-thread-33&quot;  prio=5 tid=2545 in Object.wait()&#10;java.lang.Thread.State: WAITING (on object monitor)&#10;        at sun.misc.Unsafe.park(Native Method)&#10;        at java.util.concurrent.locks.LockSupport.park(LockSupport.java:175)&#10;        at java.util.concurrent.locks.AbstractQueuedSynchronizer$ConditionObject.await(AbstractQueuedSynchronizer.java:2039)&#10;        at java.util.concurrent.ArrayBlockingQueue.take(ArrayBlockingQueue.java:403)&#10;        at java.util.concurrent.ThreadPoolExecutor.getTask(ThreadPoolExecutor.java:1074)&#10;        at java.util.concurrent.ThreadPoolExecutor.runWorker(ThreadPoolExecutor.java:1134)&#10;        at java.util.concurrent.ThreadPoolExecutor$Worker.run(ThreadPoolExecutor.java:624)&#10;        at java.lang.Thread.run(Thread.java:748)&#10;&quot;RatisPipelineUtilsThread&quot;  prio=5 tid=2701 timed_waiting&#10;java.lang.Thread.State: TIMED_WAITING&#10;        at sun.misc.Unsafe.park(Native Method)&#10;        at java.util.concurrent.locks.LockSupport.parkNanos(LockSupport.java:215)&#10;        at java.util.concurrent.locks.AbstractQueuedSynchronizer$ConditionObject.awaitNanos(AbstractQueuedSynchronizer.java:2078)&#10;        at java.util.concurrent.ScheduledThreadPoolExecutor$DelayedWorkQueue.take(ScheduledThreadPoolExecutor.java:1093)&#10;        at java.util.concurrent.ScheduledThreadPoolExecutor$DelayedWorkQueue.take(ScheduledThreadPoolExecutor.java:809)&#10;        at java.util.concurrent.ThreadPoolExecutor.getTask(ThreadPoolExecutor.java:1074)&#10;        at java.util.concurrent.ThreadPoolExecutor.runWorker(ThreadPoolExecutor.java:1134)&#10;        at java.util.concurrent.ThreadPoolExecutor$Worker.run(ThreadPoolExecutor.java:624)&#10;        at java.lang.Thread.run(Thread.java:748)&#10;&quot;pool-236-thread-41&quot;  prio=5 tid=2616 in Object.wait()&#10;java.lang.Thread.State: WAITING (on object monitor)&#10;        at sun.misc.Unsafe.park(Native Method)&#10;        at java.util.concurrent.locks.LockSupport.park(LockSupport.java:175)&#10;        at java.util.concurrent.locks.AbstractQueuedSynchronizer$ConditionObject.await(AbstractQueuedSynchronizer.java:2039)&#10;        at java.util.concurrent.ArrayBlockingQueue.take(ArrayBlockingQueue.java:403)&#10;        at java.util.concurrent.ThreadPoolExecutor.getTask(ThreadPoolExecutor.java:1074)&#10;        at java.util.concurrent.ThreadPoolExecutor.runWorker(ThreadPoolExecutor.java:1134)&#10;        at java.util.concurrent.ThreadPoolExecutor$Worker.run(ThreadPoolExecutor.java:624)&#10;        at java.lang.Thread.run(Thread.java:748)&#10;&quot;qtp2000429588-2473&quot; daemon prio=5 tid=2473 timed_waiting&#10;java.lang.Thread.State: TIMED_WAITING&#10;        at sun.misc.Unsafe.park(Native Method)&#10;        at java.util.concurrent.locks.LockSupport.parkNanos(LockSupport.java:215)&#10;        at java.util.concurrent.locks.AbstractQueuedSynchronizer$ConditionObject.awaitNanos(AbstractQueuedSynchronizer.java:2078)&#10;        at org.eclipse.jetty.util.BlockingArrayQueue.poll(BlockingArrayQueue.java:392)&#10;        at org.eclipse.jetty.util.thread.QueuedThreadPool.idleJobPoll(QueuedThreadPool.java:563)&#10;        at org.eclipse.jetty.util.thread.QueuedThreadPool.access$800(QueuedThreadPool.java:48)&#10;        at org.eclipse.jetty.util.thread.QueuedThreadPool$2.run(QueuedThreadPool.java:626)&#10;        at java.lang.Thread.run(Thread.java:748)&#10;&quot;IPC Server handler 2 on 38076&quot; daemon prio=5 tid=2357 timed_waiting&#10;java.lang.Thread.State: TIMED_WAITING&#10;        at sun.misc.Unsafe.park(Native Method)&#10;        at java.util.concurrent.locks.LockSupport.parkNanos(LockSupport.java:215)&#10;        at java.util.concurrent.locks.AbstractQueuedSynchronizer$ConditionObject.awaitNanos(AbstractQueuedSynchronizer.java:2078)&#10;        at java.util.concurrent.LinkedBlockingQueue.poll(LinkedBlockingQueue.java:467)&#10;        at org.apache.hadoop.ipc.CallQueueManager.take(CallQueueManager.java:288)&#10;        at org.apache.hadoop.ipc.Server$Handler.run(Server.java:2668)&#10;&quot;pool-226-thread-19&quot;  prio=5 tid=2531 in Object.wait()&#10;java.lang.Thread.State: WAITING (on object monitor)&#10;        at sun.misc.Unsafe.park(Native Method)&#10;        at java.util.concurrent.locks.LockSupport.park(LockSupport.java:175)&#10;        at java.util.concurrent.locks.AbstractQueuedSynchronizer$ConditionObject.await(AbstractQueuedSynchronizer.java:2039)&#10;        at java.util.concurrent.ArrayBlockingQueue.take(ArrayBlockingQueue.java:403)&#10;        at java.util.concurrent.ThreadPoolExecutor.getTask(ThreadPoolExecutor.java:1074)&#10;        at java.util.concurrent.ThreadPoolExecutor.runWorker(ThreadPoolExecutor.java:1134)&#10;        at java.util.concurrent.ThreadPoolExecutor$Worker.run(ThreadPoolExecutor.java:624)&#10;        at java.lang.Thread.run(Thread.java:748)&#10;&quot;pool-236-thread-24&quot;  prio=5 tid=2599 in Object.wait()&#10;java.lang.Thread.State: WAITING (on object monitor)&#10;        at sun.misc.Unsafe.park(Native Method)&#10;        at java.util.concurrent.locks.LockSupport.park(LockSupport.java:175)&#10;        at java.util.concurrent.locks.AbstractQueuedSynchronizer$ConditionObject.await(AbstractQueuedSynchronizer.java:2039)&#10;        at java.util.concurrent.ArrayBlockingQueue.take(ArrayBlockingQueue.java:403)&#10;        at java.util.concurrent.ThreadPoolExecutor.getTask(ThreadPoolExecutor.java:1074)&#10;        at java.util.concurrent.ThreadPoolExecutor.runWorker(ThreadPoolExecutor.java:1134)&#10;        at java.util.concurrent.ThreadPoolExecutor$Worker.run(ThreadPoolExecutor.java:624)&#10;        at java.lang.Thread.run(Thread.java:748)&#10;&quot;org.eclipse.jetty.server.session.HashSessionManager@40717edTimer&quot; daemon prio=5 tid=2448 timed_waiting&#10;java.lang.Thread.State: TIMED_WAITING&#10;        at sun.misc.Unsafe.park(Native Method)&#10;        at java.util.concurrent.locks.LockSupport.parkNanos(LockSupport.java:215)&#10;        at java.util.concurrent.locks.AbstractQueuedSynchronizer$ConditionObject.awaitNanos(AbstractQueuedSynchronizer.java:2078)&#10;        at java.util.concurrent.ScheduledThreadPoolExecutor$DelayedWorkQueue.take(ScheduledThreadPoolExecutor.java:1093)&#10;        at java.util.concurrent.ScheduledThreadPoolExecutor$DelayedWorkQueue.take(ScheduledThreadPoolExecutor.java:809)&#10;        at java.util.concurrent.ThreadPoolExecutor.getTask(ThreadPoolExecutor.java:1074)&#10;        at java.util.concurrent.ThreadPoolExecutor.runWorker(ThreadPoolExecutor.java:1134)&#10;        at java.util.concurrent.ThreadPoolExecutor$Worker.run(ThreadPoolExecutor.java:624)&#10;        at java.lang.Thread.run(Thread.java:748)&#10;&quot;metrics-hadoop-metrics2-reporter-4-thread-1&quot; daemon prio=5 tid=442 timed_waiting&#10;java.lang.Thread.State: TIMED_WAITING&#10;        at sun.misc.Unsafe.park(Native Method)&#10;        at java.util.concurrent.locks.LockSupport.parkNanos(LockSupport.java:215)&#10;        at java.util.concurrent.locks.AbstractQueuedSynchronizer$ConditionObject.awaitNanos(AbstractQueuedSynchronizer.java:2078)&#10;        at java.util.concurrent.ScheduledThreadPoolExecutor$DelayedWorkQueue.take(ScheduledThreadPoolExecutor.java:1093)&#10;        at java.util.concurrent.ScheduledThreadPoolExecutor$DelayedWorkQueue.take(ScheduledThreadPoolExecutor.java:809)&#10;        at java.util.concurrent.ThreadPoolExecutor.getTask(ThreadPoolExecutor.java:1074)&#10;        at java.util.concurrent.ThreadPoolExecutor.runWorker(ThreadPoolExecutor.java:1134)&#10;        at java.util.concurrent.ThreadPoolExecutor$Worker.run(ThreadPoolExecutor.java:624)&#10;        at java.lang.Thread.run(Thread.java:748)&#10;&quot;metrics-hadoop-metrics2-reporter-6-thread-1&quot; daemon prio=5 tid=449 timed_waiting&#10;java.lang.Thread.State: TIMED_WAITING&#10;        at sun.misc.Unsafe.park(Native Method)&#10;        at java.util.concurrent.locks.LockSupport.parkNanos(LockSupport.java:215)&#10;        at java.util.concurrent.locks.AbstractQueuedSynchronizer$ConditionObject.awaitNanos(AbstractQueuedSynchronizer.java:2078)&#10;        at java.util.concurrent.ScheduledThreadPoolExecutor$DelayedWorkQueue.take(ScheduledThreadPoolExecutor.java:1093)&#10;        at java.util.concurrent.ScheduledThreadPoolExecutor$DelayedWorkQueue.take(ScheduledThreadPoolExecutor.java:809)&#10;        at java.util.concurrent.ThreadPoolExecutor.getTask(ThreadPoolExecutor.java:1074)&#10;        at java.util.concurrent.ThreadPoolExecutor.runWorker(ThreadPoolExecutor.java:1134)&#10;        at java.util.concurrent.ThreadPoolExecutor$Worker.run(ThreadPoolExecutor.java:624)&#10;        at java.lang.Thread.run(Thread.java:748)&#10;&quot;qtp1847256931-2498&quot; daemon prio=5 tid=2498 timed_waiting&#10;java.lang.Thread.State: TIMED_WAITING&#10;        at sun.misc.Unsafe.park(Native Method)&#10;        at java.util.concurrent.locks.LockSupport.parkNanos(LockSupport.java:215)&#10;        at java.util.concurrent.locks.AbstractQueuedSynchronizer$ConditionObject.awaitNanos(AbstractQueuedSynchronizer.java:2078)&#10;        at org.eclipse.jetty.util.BlockingArrayQueue.poll(BlockingArrayQueue.java:392)&#10;        at org.eclipse.jetty.util.thread.QueuedThreadPool.idleJobPoll(QueuedThreadPool.java:563)&#10;        at org.eclipse.jetty.util.thread.QueuedThreadPool.access$800(QueuedThreadPool.java:48)&#10;        at org.eclipse.jetty.util.thread.QueuedThreadPool$2.run(QueuedThreadPool.java:626)&#10;        at java.lang.Thread.run(Thread.java:748)&#10;&quot;IPC Server handler 1 on 35795&quot; daemon prio=5 tid=2336 timed_waiting&#10;java.lang.Thread.State: TIMED_WAITING&#10;        at sun.misc.Unsafe.park(Native Method)&#10;        at java.util.concurrent.locks.LockSupport.parkNanos(LockSupport.java:215)&#10;        at java.util.concurrent.locks.AbstractQueuedSynchronizer$ConditionObject.awaitNanos(AbstractQueuedSynchronizer.java:2078)&#10;        at java.util.concurrent.LinkedBlockingQueue.poll(LinkedBlockingQueue.java:467)&#10;        at org.apache.hadoop.ipc.CallQueueManager.take(CallQueueManager.java:288)&#10;        at org.apache.hadoop.ipc.Server$Handler.run(Server.java:2668)&#10;&quot;metrics-hadoop-metrics2-reporter-90-thread-1&quot; daemon prio=5 tid=2202 timed_waiting&#10;java.lang.Thread.State: TIMED_WAITING&#10;        at sun.misc.Unsafe.park(Native Method)&#10;        at java.util.concurrent.locks.LockSupport.parkNanos(LockSupport.java:215)&#10;        at java.util.concurrent.locks.AbstractQueuedSynchronizer$ConditionObject.awaitNanos(AbstractQueuedSynchronizer.java:2078)&#10;        at java.util.concurrent.ScheduledThreadPoolExecutor$DelayedWorkQueue.take(ScheduledThreadPoolExecutor.java:1093)&#10;        at java.util.concurrent.ScheduledThreadPoolExecutor$DelayedWorkQueue.take(ScheduledThreadPoolExecutor.java:809)&#10;        at java.util.concurrent.ThreadPoolExecutor.getTask(ThreadPoolExecutor.java:1074)&#10;        at java.util.concurrent.ThreadPoolExecutor.runWorker(ThreadPoolExecutor.java:1134)&#10;        at java.util.concurrent.ThreadPoolExecutor$Worker.run(ThreadPoolExecutor.java:624)&#10;        at java.lang.Thread.run(Thread.java:748)&#10;&quot;pool-246-thread-35&quot;  prio=5 tid=2672 in Object.wait()&#10;java.lang.Thread.State: WAITING (on object monitor)&#10;        at sun.misc.Unsafe.park(Native Method)&#10;        at java.util.concurrent.locks.LockSupport.park(LockSupport.java:175)&#10;        at java.util.concurrent.locks.AbstractQueuedSynchronizer$ConditionObject.await(AbstractQueuedSynchronizer.java:2039)&#10;        at java.util.concurrent.ArrayBlockingQueue.take(ArrayBlockingQueue.java:403)&#10;        at java.util.concurrent.ThreadPoolExecutor.getTask(ThreadPoolExecutor.java:1074)&#10;        at java.util.concurrent.ThreadPoolExecutor.runWorker(ThreadPoolExecutor.java:1134)&#10;        at java.util.concurrent.ThreadPoolExecutor$Worker.run(ThreadPoolExecutor.java:624)&#10;        at java.lang.Thread.run(Thread.java:748)&#10;&quot;PartialTableCache Cleanup Thread - 0&quot; daemon prio=5 tid=1237 in Object.wait()&#10;java.lang.Thread.State: WAITING (on object monitor)&#10;        at sun.misc.Unsafe.park(Native Method)&#10;        at java.util.concurrent.locks.LockSupport.park(LockSupport.java:175)&#10;        at java.util.concurrent.locks.AbstractQueuedSynchronizer$ConditionObject.await(AbstractQueuedSynchronizer.java:2039)&#10;        at java.util.concurrent.LinkedBlockingQueue.take(LinkedBlockingQueue.java:442)&#10;        at java.util.concurrent.ThreadPoolExecutor.getTask(ThreadPoolExecutor.java:1074)&#10;        at java.util.concurrent.ThreadPoolExecutor.runWorker(ThreadPoolExecutor.java:1134)&#10;        at java.util.concurrent.ThreadPoolExecutor$Worker.run(ThreadPoolExecutor.java:624)&#10;        at java.lang.Thread.run(Thread.java:748)&#10;&quot;a6b2ebfb-69a0-457c-b6cd-a50cc148b564@group-916737655080-SegmentedRaftLogWorker&quot;  prio=5 tid=2716 timed_waiting&#10;java.lang.Thread.State: TIMED_WAITING&#10;        at sun.misc.Unsafe.park(Native Method)&#10;        at java.util.concurrent.locks.LockSupport.parkNanos(LockSupport.java:215)&#10;        at java.util.concurrent.locks.AbstractQueuedSynchronizer$ConditionObject.awaitNanos(AbstractQueuedSynchronizer.java:2078)&#10;        at org.apache.ratis.util.DataBlockingQueue.poll(DataBlockingQueue.java:137)&#10;        at org.apache.ratis.server.raftlog.segmented.SegmentedRaftLogWorker.run(SegmentedRaftLogWorker.java:282)&#10;        at java.lang.Thread.run(Thread.java:748)&#10;&quot;IPC Server handler 1 on 40756&quot; daemon prio=5 tid=2316 timed_waiting&#10;java.lang.Thread.State: TIMED_WAITING&#10;        at sun.misc.Unsafe.park(Native Method)&#10;        at java.util.concurrent.locks.LockSupport.parkNanos(LockSupport.java:215)&#10;        at java.util.concurrent.locks.AbstractQueuedSynchronizer$ConditionObject.awaitNanos(AbstractQueuedSynchronizer.java:2078)&#10;        at java.util.concurrent.LinkedBlockingQueue.poll(LinkedBlockingQueue.java:467)&#10;        at org.apache.hadoop.ipc.CallQueueManager.take(CallQueueManager.java:288)&#10;        at org.apache.hadoop.ipc.Server$Handler.run(Server.java:2668)&#10;&quot;metrics-hadoop-metrics2-reporter-19-thread-1&quot; daemon prio=5 tid=486 timed_waiting&#10;java.lang.Thread.State: TIMED_WAITING&#10;        at sun.misc.Unsafe.park(Native Method)&#10;        at java.util.concurrent.locks.LockSupport.parkNanos(LockSupport.java:215)&#10;        at java.util.concurrent.locks.AbstractQueuedSynchronizer$ConditionObject.awaitNanos(AbstractQueuedSynchronizer.java:2078)&#10;        at java.util.concurrent.ScheduledThreadPoolExecutor$DelayedWorkQueue.take(ScheduledThreadPoolExecutor.java:1093)&#10;        at java.util.concurrent.ScheduledThreadPoolExecutor$DelayedWorkQueue.take(ScheduledThreadPoolExecutor.java:809)&#10;        at java.util.concurrent.ThreadPoolExecutor.getTask(ThreadPoolExecutor.java:1074)&#10;        at java.util.concurrent.ThreadPoolExecutor.runWorker(ThreadPoolExecutor.java:1134)&#10;        at java.util.concurrent.ThreadPoolExecutor$Worker.run(ThreadPoolExecutor.java:624)&#10;        at java.lang.Thread.run(Thread.java:748)&#10;&quot;pool-246-thread-27&quot;  prio=5 tid=2664 in Object.wait()&#10;java.lang.Thread.State: WAITING (on object monitor)&#10;        at sun.misc.Unsafe.park(Native Method)&#10;        at java.util.concurrent.locks.LockSupport.park(LockSupport.java:175)&#10;        at java.util.concurrent.locks.AbstractQueuedSynchronizer$ConditionObject.await(AbstractQueuedSynchronizer.java:2039)&#10;        at java.util.concurrent.ArrayBlockingQueue.take(ArrayBlockingQueue.java:403)&#10;        at java.util.concurrent.ThreadPoolExecutor.getTask(ThreadPoolExecutor.java:1074)&#10;        at java.util.concurrent.ThreadPoolExecutor.runWorker(ThreadPoolExecutor.java:1134)&#10;        at java.util.concurrent.ThreadPoolExecutor$Worker.run(ThreadPoolExecutor.java:624)&#10;        at java.lang.Thread.run(Thread.java:748)&#10;&quot;metrics-hadoop-metrics2-reporter-91-thread-1&quot; daemon prio=5 tid=2204 timed_waiting&#10;java.lang.Thread.State: TIMED_WAITING&#10;        at sun.misc.Unsafe.park(Native Method)&#10;        at java.util.concurrent.locks.LockSupport.parkNanos(LockSupport.java:215)&#10;        at java.util.concurrent.locks.AbstractQueuedSynchronizer$ConditionObject.awaitNanos(AbstractQueuedSynchronizer.java:2078)&#10;        at java.util.concurrent.ScheduledThreadPoolExecutor$DelayedWorkQueue.take(ScheduledThreadPoolExecutor.java:1093)&#10;        at java.util.concurrent.ScheduledThreadPoolExecutor$DelayedWorkQueue.take(ScheduledThreadPoolExecutor.java:809)&#10;        at java.util.concurrent.ThreadPoolExecutor.getTask(ThreadPoolExecutor.java:1074)&#10;        at java.util.concurrent.ThreadPoolExecutor.runWorker(ThreadPoolExecutor.java:1134)&#10;        at java.util.concurrent.ThreadPoolExecutor$Worker.run(ThreadPoolExecutor.java:624)&#10;        at java.lang.Thread.run(Thread.java:748)&#10;&quot;metrics-hadoop-metrics2-reporter-13-thread-1&quot; daemon prio=5 tid=464 timed_waiting&#10;java.lang.Thread.State: TIMED_WAITING&#10;        at sun.misc.Unsafe.park(Native Method)&#10;        at java.util.concurrent.locks.LockSupport.parkNanos(LockSupport.java:215)&#10;        at java.util.concurrent.locks.AbstractQueuedSynchronizer$ConditionObject.awaitNanos(AbstractQueuedSynchronizer.java:2078)&#10;        at java.util.concurrent.ScheduledThreadPoolExecutor$DelayedWorkQueue.take(ScheduledThreadPoolExecutor.java:1093)&#10;        at java.util.concurrent.ScheduledThreadPoolExecutor$DelayedWorkQueue.take(ScheduledThreadPoolExecutor.java:809)&#10;        at java.util.concurrent.ThreadPoolExecutor.getTask(ThreadPoolExecutor.java:1074)&#10;        at java.util.concurrent.ThreadPoolExecutor.runWorker(ThreadPoolExecutor.java:1134)&#10;        at java.util.concurrent.ThreadPoolExecutor$Worker.run(ThreadPoolExecutor.java:624)&#10;        at java.lang.Thread.run(Thread.java:748)&#10;&quot;org.eclipse.jetty.server.session.HashSessionManager@613f7eb7Timer&quot; daemon prio=5 tid=2449 timed_waiting&#10;java.lang.Thread.State: TIMED_WAITING&#10;        at sun.misc.Unsafe.park(Native Method)&#10;        at java.util.concurrent.locks.LockSupport.parkNanos(LockSupport.java:215)&#10;        at java.util.concurrent.locks.AbstractQueuedSynchronizer$ConditionObject.awaitNanos(AbstractQueuedSynchronizer.java:2078)&#10;        at java.util.concurrent.ScheduledThreadPoolExecutor$DelayedWorkQueue.take(ScheduledThreadPoolExecutor.java:1093)&#10;        at java.util.concurrent.ScheduledThreadPoolExecutor$DelayedWorkQueue.take(ScheduledThreadPoolExecutor.java:809)&#10;        at java.util.concurrent.ThreadPoolExecutor.getTask(ThreadPoolExecutor.java:1074)&#10;        at java.util.concurrent.ThreadPoolExecutor.runWorker(ThreadPoolExecutor.java:1134)&#10;        at java.util.concurrent.ThreadPoolExecutor$Worker.run(ThreadPoolExecutor.java:624)&#10;        at java.lang.Thread.run(Thread.java:748)&#10;&quot;IPC Server handler 6 on 45250&quot; daemon prio=5 tid=2405 timed_waiting&#10;java.lang.Thread.State: TIMED_WAITING&#10;        at sun.misc.Unsafe.park(Native Method)&#10;        at java.util.concurrent.locks.LockSupport.parkNanos(LockSupport.java:215)&#10;        at java.util.concurrent.locks.AbstractQueuedSynchronizer$ConditionObject.awaitNanos(AbstractQueuedSynchronizer.java:2078)&#10;        at java.util.concurrent.LinkedBlockingQueue.poll(LinkedBlockingQueue.java:467)&#10;        at org.apache.hadoop.ipc.CallQueueManager.take(CallQueueManager.java:288)&#10;        at org.apache.hadoop.ipc.Server$Handler.run(Server.java:2668)&#10;&quot;pool-246-thread-40&quot;  prio=5 tid=2677 in Object.wait()&#10;java.lang.Thread.State: WAITING (on object monitor)&#10;        at sun.misc.Unsafe.park(Native Method)&#10;        at java.util.concurrent.locks.LockSupport.park(LockSupport.java:175)&#10;        at java.util.concurrent.locks.AbstractQueuedSynchronizer$ConditionObject.await(AbstractQueuedSynchronizer.java:2039)&#10;        at java.util.concurrent.ArrayBlockingQueue.take(ArrayBlockingQueue.java:403)&#10;        at java.util.concurrent.ThreadPoolExecutor.getTask(ThreadPoolExecutor.java:1074)&#10;        at java.util.concurrent.ThreadPoolExecutor.runWorker(ThreadPoolExecutor.java:1134)&#10;        at java.util.concurrent.ThreadPoolExecutor$Worker.run(ThreadPoolExecutor.java:624)&#10;        at java.lang.Thread.run(Thread.java:748)&#10;&quot;IPC Server handler 15 on 40756&quot; daemon prio=5 tid=2330 timed_waiting&#10;java.lang.Thread.State: TIMED_WAITING&#10;        at sun.misc.Unsafe.park(Native Method)&#10;        at java.util.concurrent.locks.LockSupport.parkNanos(LockSupport.java:215)&#10;        at java.util.concurrent.locks.AbstractQueuedSynchronizer$ConditionObject.awaitNanos(AbstractQueuedSynchronizer.java:2078)&#10;        at java.util.concurrent.LinkedBlockingQueue.poll(LinkedBlockingQueue.java:467)&#10;        at org.apache.hadoop.ipc.CallQueueManager.take(CallQueueManager.java:288)&#10;        at org.apache.hadoop.ipc.Server$Handler.run(Server.java:2668)&#10;&quot;jaeger.RemoteReporter-QueueProcessor&quot; daemon prio=5 tid=147 in Object.wait()&#10;java.lang.Thread.State: WAITING (on object monitor)&#10;        at sun.misc.Unsafe.park(Native Method)&#10;        at java.util.concurrent.locks.LockSupport.park(LockSupport.java:175)&#10;        at java.util.concurrent.locks.AbstractQueuedSynchronizer$ConditionObject.await(AbstractQueuedSynchronizer.java:2039)&#10;        at java.util.concurrent.ArrayBlockingQueue.take(ArrayBlockingQueue.java:403)&#10;        at io.jaegertracing.internal.reporters.RemoteReporter$QueueProcessor.run(RemoteReporter.java:173)&#10;        at java.lang.Thread.run(Thread.java:748)&#10;&quot;Datanode ReportManager Thread - 0&quot; daemon prio=5 tid=2478 in Object.wait()&#10;java.lang.Thread.State: WAITING (on object monitor)&#10;        at sun.misc.Unsafe.park(Native Method)&#10;        at java.util.concurrent.locks.LockSupport.park(LockSupport.java:175)&#10;        at java.util.concurrent.locks.AbstractQueuedSynchronizer$ConditionObject.await(AbstractQueuedSynchronizer.java:2039)&#10;        at java.util.concurrent.ScheduledThreadPoolExecutor$DelayedWorkQueue.take(ScheduledThreadPoolExecutor.java:1088)&#10;        at java.util.concurrent.ScheduledThreadPoolExecutor$DelayedWorkQueue.take(ScheduledThreadPoolExecutor.java:809)&#10;        at java.util.concurrent.ThreadPoolExecutor.getTask(ThreadPoolExecutor.java:1074)&#10;        at java.util.concurrent.ThreadPoolExecutor.runWorker(ThreadPoolExecutor.java:1134)&#10;        at java.util.concurrent.ThreadPoolExecutor$Worker.run(ThreadPoolExecutor.java:624)&#10;        at java.lang.Thread.run(Thread.java:748)&#10;&quot;metrics-hadoop-metrics2-reporter-93-thread-1&quot; daemon prio=5 tid=2211 timed_waiting&#10;java.lang.Thread.State: TIMED_WAITING&#10;        at sun.misc.Unsafe.park(Native Method)&#10;        at java.util.concurrent.locks.LockSupport.parkNanos(LockSupport.java:215)&#10;        at java.util.concurrent.locks.AbstractQueuedSynchronizer$ConditionObject.awaitNanos(AbstractQueuedSynchronizer.java:2078)&#10;        at java.util.concurrent.ScheduledThreadPoolExecutor$DelayedWorkQueue.take(ScheduledThreadPoolExecutor.java:1093)&#10;        at java.util.concurrent.ScheduledThreadPoolExecutor$DelayedWorkQueue.take(ScheduledThreadPoolExecutor.java:809)&#10;        at java.util.concurrent.ThreadPoolExecutor.getTask(ThreadPoolExecutor.java:1074)&#10;        at java.util.concurrent.ThreadPoolExecutor.runWorker(ThreadPoolExecutor.java:1134)&#10;        at java.util.concurrent.ThreadPoolExecutor$Worker.run(ThreadPoolExecutor.java:624)&#10;        at java.lang.Thread.run(Thread.java:748)&#10;&quot;IPC Server handler 17 on 35795&quot; daemon prio=5 tid=2352 timed_waiting&#10;java.lang.Thread.State: TIMED_WAITING&#10;        at sun.misc.Unsafe.park(Native Method)&#10;        at java.util.concurrent.locks.LockSupport.parkNanos(LockSupport.java:215)&#10;        at java.util.concurrent.locks.AbstractQueuedSynchronizer$ConditionObject.awaitNanos(AbstractQueuedSynchronizer.java:2078)&#10;        at java.util.concurrent.LinkedBlockingQueue.poll(LinkedBlockingQueue.java:467)&#10;        at org.apache.hadoop.ipc.CallQueueManager.take(CallQueueManager.java:288)&#10;        at org.apache.hadoop.ipc.Server$Handler.run(Server.java:2668)&#10;&quot;metrics-hadoop-metrics2-reporter-7-thread-1&quot; daemon prio=5 tid=452 timed_waiting&#10;java.lang.Thread.State: TIMED_WAITING&#10;        at sun.misc.Unsafe.park(Native Method)&#10;        at java.util.concurrent.locks.LockSupport.parkNanos(LockSupport.java:215)&#10;        at java.util.concurrent.locks.AbstractQueuedSynchronizer$ConditionObject.awaitNanos(AbstractQueuedSynchronizer.java:2078)&#10;        at java.util.concurrent.ScheduledThreadPoolExecutor$DelayedWorkQueue.take(ScheduledThreadPoolExecutor.java:1093)&#10;        at java.util.concurrent.ScheduledThreadPoolExecutor$DelayedWorkQueue.take(ScheduledThreadPoolExecutor.java:809)&#10;        at java.util.concurrent.ThreadPoolExecutor.getTask(ThreadPoolExecutor.java:1074)&#10;        at java.util.concurrent.ThreadPoolExecutor.runWorker(ThreadPoolExecutor.java:1134)&#10;        at java.util.concurrent.ThreadPoolExecutor$Worker.run(ThreadPoolExecutor.java:624)&#10;        at java.lang.Thread.run(Thread.java:748)&#10;&quot;PartialTableCache Cleanup Thread - 0&quot; daemon prio=5 tid=1770 in Object.wait()&#10;java.lang.Thread.State: WAITING (on object monitor)&#10;        at sun.misc.Unsafe.park(Native Method)&#10;        at java.util.concurrent.locks.LockSupport.park(LockSupport.java:175)&#10;        at java.util.concurrent.locks.AbstractQueuedSynchronizer$ConditionObject.await(AbstractQueuedSynchronizer.java:2039)&#10;        at java.util.concurrent.LinkedBlockingQueue.take(LinkedBlockingQueue.java:442)&#10;        at java.util.concurrent.ThreadPoolExecutor.getTask(ThreadPoolExecutor.java:1074)&#10;        at java.util.concurrent.ThreadPoolExecutor.runWorker(ThreadPoolExecutor.java:1134)&#10;        at java.util.concurrent.ThreadPoolExecutor$Worker.run(ThreadPoolExecutor.java:624)&#10;        at java.lang.Thread.run(Thread.java:748)&#10;&quot;metrics-hadoop-metrics2-reporter-34-thread-1&quot; daemon prio=5 tid=998 timed_waiting&#10;java.lang.Thread.State: TIMED_WAITING&#10;        at sun.misc.Unsafe.park(Native Method)&#10;        at java.util.concurrent.locks.LockSupport.parkNanos(LockSupport.java:215)&#10;        at java.util.concurrent.locks.AbstractQueuedSynchronizer$ConditionObject.awaitNanos(AbstractQueuedSynchronizer.java:2078)&#10;        at java.util.concurrent.ScheduledThreadPoolExecutor$DelayedWorkQueue.take(ScheduledThreadPoolExecutor.java:1093)&#10;        at java.util.concurrent.ScheduledThreadPoolExecutor$DelayedWorkQueue.take(ScheduledThreadPoolExecutor.java:809)&#10;        at java.util.concurrent.ThreadPoolExecutor.getTask(ThreadPoolExecutor.java:1074)&#10;        at java.util.concurrent.ThreadPoolExecutor.runWorker(ThreadPoolExecutor.java:1134)&#10;        at java.util.concurrent.ThreadPoolExecutor$Worker.run(ThreadPoolExecutor.java:624)&#10;        at java.lang.Thread.run(Thread.java:748)&#10;&quot;metrics-hadoop-metrics2-reporter-16-thread-1&quot; daemon prio=5 tid=479 timed_waiting&#10;java.lang.Thread.State: TIMED_WAITING&#10;        at sun.misc.Unsafe.park(Native Method)&#10;        at java.util.concurrent.locks.LockSupport.parkNanos(LockSupport.java:215)&#10;        at java.util.concurrent.locks.AbstractQueuedSynchronizer$ConditionObject.awaitNanos(AbstractQueuedSynchronizer.java:2078)&#10;        at java.util.concurrent.ScheduledThreadPoolExecutor$DelayedWorkQueue.take(ScheduledThreadPoolExecutor.java:1093)&#10;        at java.util.concurrent.ScheduledThreadPoolExecutor$DelayedWorkQueue.take(ScheduledThreadPoolExecutor.java:809)&#10;        at java.util.concurrent.ThreadPoolExecutor.getTask(ThreadPoolExecutor.java:1074)&#10;        at java.util.concurrent.ThreadPoolExecutor.runWorker(ThreadPoolExecutor.java:1134)&#10;        at java.util.concurrent.ThreadPoolExecutor$Worker.run(ThreadPoolExecutor.java:624)&#10;        at java.lang.Thread.run(Thread.java:748)&#10;&quot;pool-246-thread-42&quot;  prio=5 tid=2679 in Object.wait()&#10;java.lang.Thread.State: WAITING (on object monitor)&#10;        at sun.misc.Unsafe.park(Native Method)&#10;        at java.util.concurrent.locks.LockSupport.park(LockSupport.java:175)&#10;        at java.util.concurrent.locks.AbstractQueuedSynchronizer$ConditionObject.await(AbstractQueuedSynchronizer.java:2039)&#10;        at java.util.concurrent.ArrayBlockingQueue.take(ArrayBlockingQueue.java:403)&#10;        at java.util.concurrent.ThreadPoolExecutor.getTask(ThreadPoolExecutor.java:1074)&#10;        at java.util.concurrent.ThreadPoolExecutor.runWorker(ThreadPoolExecutor.java:1134)&#10;        at java.util.concurrent.ThreadPoolExecutor$Worker.run(ThreadPoolExecutor.java:624)&#10;        at java.lang.Thread.run(Thread.java:748)&#10;&quot;metrics-hadoop-metrics2-reporter-12-thread-1&quot; daemon prio=5 tid=462 timed_waiting&#10;java.lang.Thread.State: TIMED_WAITING&#10;        at sun.misc.Unsafe.park(Native Method)&#10;        at java.util.concurrent.locks.LockSupport.parkNanos(LockSupport.java:215)&#10;        at java.util.concurrent.locks.AbstractQueuedSynchronizer$ConditionObject.awaitNanos(AbstractQueuedSynchronizer.java:2078)&#10;        at java.util.concurrent.ScheduledThreadPoolExecutor$DelayedWorkQueue.take(ScheduledThreadPoolExecutor.java:1093)&#10;        at java.util.concurrent.ScheduledThreadPoolExecutor$DelayedWorkQueue.take(ScheduledThreadPoolExecutor.java:809)&#10;        at java.util.concurrent.ThreadPoolExecutor.getTask(ThreadPoolExecutor.java:1074)&#10;        at java.util.concurrent.ThreadPoolExecutor.runWorker(ThreadPoolExecutor.java:1134)&#10;        at java.util.concurrent.ThreadPoolExecutor$Worker.run(ThreadPoolExecutor.java:624)&#10;        at java.lang.Thread.run(Thread.java:748)&#10;&quot;IPC Server handler 16 on 40756&quot; daemon prio=5 tid=2331 timed_waiting&#10;java.lang.Thread.State: TIMED_WAITING&#10;        at sun.misc.Unsafe.park(Native Method)&#10;        at java.util.concurrent.locks.LockSupport.parkNanos(LockSupport.java:215)&#10;        at java.util.concurrent.locks.AbstractQueuedSynchronizer$ConditionObject.awaitNanos(AbstractQueuedSynchronizer.java:2078)&#10;        at java.util.concurrent.LinkedBlockingQueue.poll(LinkedBlockingQueue.java:467)&#10;        at org.apache.hadoop.ipc.CallQueueManager.take(CallQueueManager.java:288)&#10;        at org.apache.hadoop.ipc.Server$Handler.run(Server.java:2668)&#10;&quot;metrics-hadoop-metrics2-reporter-45-thread-1&quot; daemon prio=5 tid=1032 timed_waiting&#10;java.lang.Thread.State: TIMED_WAITING&#10;        at sun.misc.Unsafe.park(Native Method)&#10;        at java.util.concurrent.locks.LockSupport.parkNanos(LockSupport.java:215)&#10;        at java.util.concurrent.locks.AbstractQueuedSynchronizer$ConditionObject.awaitNanos(AbstractQueuedSynchronizer.java:2078)&#10;        at java.util.concurrent.ScheduledThreadPoolExecutor$DelayedWorkQueue.take(ScheduledThreadPoolExecutor.java:1093)&#10;        at java.util.concurrent.ScheduledThreadPoolExecutor$DelayedWorkQueue.take(ScheduledThreadPoolExecutor.java:809)&#10;        at java.util.concurrent.ThreadPoolExecutor.getTask(ThreadPoolExecutor.java:1074)&#10;        at java.util.concurrent.ThreadPoolExecutor.runWorker(ThreadPoolExecutor.java:1134)&#10;        at java.util.concurrent.ThreadPoolExecutor$Worker.run(ThreadPoolExecutor.java:624)&#10;        at java.lang.Thread.run(Thread.java:748)&#10;&quot;metrics-hadoop-metrics2-reporter-101-thread-1&quot; daemon prio=5 tid=2234 timed_waiting&#10;java.lang.Thread.State: TIMED_WAITING&#10;        at sun.misc.Unsafe.park(Native Method)&#10;        at java.util.concurrent.locks.LockSupport.parkNanos(LockSupport.java:215)&#10;        at java.util.concurrent.locks.AbstractQueuedSynchronizer$ConditionObject.awaitNanos(AbstractQueuedSynchronizer.java:2078)&#10;        at java.util.concurrent.ScheduledThreadPoolExecutor$DelayedWorkQueue.take(ScheduledThreadPoolExecutor.java:1093)&#10;        at java.util.concurrent.ScheduledThreadPoolExecutor$DelayedWorkQueue.take(ScheduledThreadPoolExecutor.java:809)&#10;        at java.util.concurrent.ThreadPoolExecutor.getTask(ThreadPoolExecutor.java:1074)&#10;        at java.util.concurrent.ThreadPoolExecutor.runWorker(ThreadPoolExecutor.java:1134)&#10;        at java.util.concurrent.ThreadPoolExecutor$Worker.run(ThreadPoolExecutor.java:624)&#10;        at java.lang.Thread.run(Thread.java:748)&#10;&quot;IPC Server handler 11 on 45250&quot; daemon prio=5 tid=2410 timed_waiting&#10;java.lang.Thread.State: TIMED_WAITING&#10;        at sun.misc.Unsafe.park(Native Method)&#10;        at java.util.concurrent.locks.LockSupport.parkNanos(LockSupport.java:215)&#10;        at java.util.concurrent.locks.AbstractQueuedSynchronizer$ConditionObject.awaitNanos(AbstractQueuedSynchronizer.java:2078)&#10;        at java.util.concurrent.LinkedBlockingQueue.poll(LinkedBlockingQueue.java:467)&#10;        at org.apache.hadoop.ipc.CallQueueManager.take(CallQueueManager.java:288)&#10;        at org.apache.hadoop.ipc.Server$Handler.run(Server.java:2668)&#10;&quot;pool-226-thread-11&quot;  prio=5 tid=2523 in Object.wait()&#10;java.lang.Thread.State: WAITING (on object monitor)&#10;        at sun.misc.Unsafe.park(Native Method)&#10;        at java.util.concurrent.locks.LockSupport.park(LockSupport.java:175)&#10;        at java.util.concurrent.locks.AbstractQueuedSynchronizer$ConditionObject.await(AbstractQueuedSynchronizer.java:2039)&#10;        at java.util.concurrent.ArrayBlockingQueue.take(ArrayBlockingQueue.java:403)&#10;        at java.util.concurrent.ThreadPoolExecutor.getTask(ThreadPoolExecutor.java:1074)&#10;        at java.util.concurrent.ThreadPoolExecutor.runWorker(ThreadPoolExecutor.java:1134)&#10;        at java.util.concurrent.ThreadPoolExecutor$Worker.run(ThreadPoolExecutor.java:624)&#10;        at java.lang.Thread.run(Thread.java:748)&#10;&quot;org.apache.hadoop.util.JvmPauseMonitor$Monitor@39ecda01&quot; daemon prio=5 tid=2483 timed_waiting&#10;java.lang.Thread.State: TIMED_WAITING&#10;        at java.lang.Thread.sleep(Native Method)&#10;        at org.apache.hadoop.util.JvmPauseMonitor$Monitor.run(JvmPauseMonitor.java:192)&#10;        at java.lang.Thread.run(Thread.java:748)&#10;&quot;IPC Server handler 1 on 38076&quot; daemon prio=5 tid=2356 timed_waiting&#10;java.lang.Thread.State: TIMED_WAITING&#10;        at sun.misc.Unsafe.park(Native Method)&#10;        at java.util.concurrent.locks.LockSupport.parkNanos(LockSupport.java:215)&#10;        at java.util.concurrent.locks.AbstractQueuedSynchronizer$ConditionObject.awaitNanos(AbstractQueuedSynchronizer.java:2078)&#10;        at java.util.concurrent.LinkedBlockingQueue.poll(LinkedBlockingQueue.java:467)&#10;        at org.apache.hadoop.ipc.CallQueueManager.take(CallQueueManager.java:288)&#10;        at org.apache.hadoop.ipc.Server$Handler.run(Server.java:2668)&#10;&quot;metrics-hadoop-metrics2-reporter-24-thread-1&quot; daemon prio=5 tid=504 timed_waiting&#10;java.lang.Thread.State: TIMED_WAITING&#10;        at sun.misc.Unsafe.park(Native Method)&#10;        at java.util.concurrent.locks.LockSupport.parkNanos(LockSupport.java:215)&#10;        at java.util.concurrent.locks.AbstractQueuedSynchronizer$ConditionObject.awaitNanos(AbstractQueuedSynchronizer.java:2078)&#10;        at java.util.concurrent.ScheduledThreadPoolExecutor$DelayedWorkQueue.take(ScheduledThreadPoolExecutor.java:1093)&#10;        at java.util.concurrent.ScheduledThreadPoolExecutor$DelayedWorkQueue.take(ScheduledThreadPoolExecutor.java:809)&#10;        at java.util.concurrent.ThreadPoolExecutor.getTask(ThreadPoolExecutor.java:1074)&#10;        at java.util.concurrent.ThreadPoolExecutor.runWorker(ThreadPoolExecutor.java:1134)&#10;        at java.util.concurrent.ThreadPoolExecutor$Worker.run(ThreadPoolExecutor.java:624)&#10;        at java.lang.Thread.run(Thread.java:748)&#10;&quot;pool-221-thread-1&quot;  prio=5 tid=2419 timed_waiting&#10;java.lang.Thread.State: TIMED_WAITING&#10;        at sun.misc.Unsafe.park(Native Method)&#10;        at java.util.concurrent.locks.LockSupport.parkNanos(LockSupport.java:215)&#10;        at java.util.concurrent.locks.AbstractQueuedSynchronizer$ConditionObject.awaitNanos(AbstractQueuedSynchronizer.java:2078)&#10;        at java.util.concurrent.ScheduledThreadPoolExecutor$DelayedWorkQueue.take(ScheduledThreadPoolExecutor.java:1093)&#10;        at java.util.concurrent.ScheduledThreadPoolExecutor$DelayedWorkQueue.take(ScheduledThreadPoolExecutor.java:809)&#10;        at java.util.concurrent.ThreadPoolExecutor.getTask(ThreadPoolExecutor.java:1074)&#10;        at java.util.concurrent.ThreadPoolExecutor.runWorker(ThreadPoolExecutor.java:1134)&#10;        at java.util.concurrent.ThreadPoolExecutor$Worker.run(ThreadPoolExecutor.java:624)&#10;        at java.lang.Thread.run(Thread.java:748)&#10;&quot;EventQueue-ContainerReportForContainerReportHandler&quot; daemon prio=5 tid=2702 in Object.wait()&#10;java.lang.Thread.State: WAITING (on object monitor)&#10;        at sun.misc.Unsafe.park(Native Method)&#10;        at java.util.concurrent.locks.LockSupport.park(LockSupport.java:175)&#10;        at java.util.concurrent.locks.AbstractQueuedSynchronizer$ConditionObject.await(AbstractQueuedSynchronizer.java:2039)&#10;        at java.util.concurrent.LinkedBlockingQueue.take(LinkedBlockingQueue.java:442)&#10;        at java.util.concurrent.ThreadPoolExecutor.getTask(ThreadPoolExecutor.java:1074)&#10;        at java.util.concurrent.ThreadPoolExecutor.runWorker(ThreadPoolExecutor.java:1134)&#10;        at java.util.concurrent.ThreadPoolExecutor$Worker.run(ThreadPoolExecutor.java:624)&#10;        at java.lang.Thread.run(Thread.java:748)&#10;&quot;metrics-hadoop-metrics2-reporter-59-thread-1&quot; daemon prio=5 tid=1220 timed_waiting&#10;java.lang.Thread.State: TIMED_WAITING&#10;        at sun.misc.Unsafe.park(Native Method)&#10;        at java.util.concurrent.locks.LockSupport.parkNanos(LockSupport.java:215)&#10;        at java.util.concurrent.locks.AbstractQueuedSynchronizer$ConditionObject.awaitNanos(AbstractQueuedSynchronizer.java:2078)&#10;        at java.util.concurrent.ScheduledThreadPoolExecutor$DelayedWorkQueue.take(ScheduledThreadPoolExecutor.java:1093)&#10;        at java.util.concurrent.ScheduledThreadPoolExecutor$DelayedWorkQueue.take(ScheduledThreadPoolExecutor.java:809)&#10;        at java.util.concurrent.ThreadPoolExecutor.getTask(ThreadPoolExecutor.java:1074)&#10;        at java.util.concurrent.ThreadPoolExecutor.runWorker(ThreadPoolExecutor.java:1134)&#10;        at java.util.concurrent.ThreadPoolExecutor$Worker.run(ThreadPoolExecutor.java:624)&#10;        at java.lang.Thread.run(Thread.java:748)&#10;&quot;pool-246-thread-28&quot;  prio=5 tid=2665 in Object.wait()&#10;java.lang.Thread.State: WAITING (on object monitor)&#10;        at sun.misc.Unsafe.park(Native Method)&#10;        at java.util.concurrent.locks.LockSupport.park(LockSupport.java:175)&#10;        at java.util.concurrent.locks.AbstractQueuedSynchronizer$ConditionObject.await(AbstractQueuedSynchronizer.java:2039)&#10;        at java.util.concurrent.ArrayBlockingQueue.take(ArrayBlockingQueue.java:403)&#10;        at java.util.concurrent.ThreadPoolExecutor.getTask(ThreadPoolExecutor.java:1074)&#10;        at java.util.concurrent.ThreadPoolExecutor.runWorker(ThreadPoolExecutor.java:1134)&#10;        at java.util.concurrent.ThreadPoolExecutor$Worker.run(ThreadPoolExecutor.java:624)&#10;        at java.lang.Thread.run(Thread.java:748)&#10;&quot;org.eclipse.jetty.server.session.HashSessionManager@35cec305Timer&quot; daemon prio=5 tid=2476 timed_waiting&#10;java.lang.Thread.State: TIMED_WAITING&#10;        at sun.misc.Unsafe.park(Native Method)&#10;        at java.util.concurrent.locks.LockSupport.parkNanos(LockSupport.java:215)&#10;        at java.util.concurrent.locks.AbstractQueuedSynchronizer$ConditionObject.awaitNanos(AbstractQueuedSynchronizer.java:2078)&#10;        at java.util.concurrent.ScheduledThreadPoolExecutor$DelayedWorkQueue.take(ScheduledThreadPoolExecutor.java:1093)&#10;        at java.util.concurrent.ScheduledThreadPoolExecutor$DelayedWorkQueue.take(ScheduledThreadPoolExecutor.java:809)&#10;        at java.util.concurrent.ThreadPoolExecutor.getTask(ThreadPoolExecutor.java:1074)&#10;        at java.util.concurrent.ThreadPoolExecutor.runWorker(ThreadPoolExecutor.java:1134)&#10;        at java.util.concurrent.ThreadPoolExecutor$Worker.run(ThreadPoolExecutor.java:624)&#10;        at java.lang.Thread.run(Thread.java:748)&#10;&quot;metrics-hadoop-metrics2-reporter-27-thread-1&quot; daemon prio=5 tid=539 timed_waiting&#10;java.lang.Thread.State: TIMED_WAITING&#10;        at sun.misc.Unsafe.park(Native Method)&#10;        at java.util.concurrent.locks.LockSupport.parkNanos(LockSupport.java:215)&#10;        at java.util.concurrent.locks.AbstractQueuedSynchronizer$ConditionObject.awaitNanos(AbstractQueuedSynchronizer.java:2078)&#10;        at java.util.concurrent.ScheduledThreadPoolExecutor$DelayedWorkQueue.take(ScheduledThreadPoolExecutor.java:1093)&#10;        at java.util.concurrent.ScheduledThreadPoolExecutor$DelayedWorkQueue.take(ScheduledThreadPoolExecutor.java:809)&#10;        at java.util.concurrent.ThreadPoolExecutor.getTask(ThreadPoolExecutor.java:1074)&#10;        at java.util.concurrent.ThreadPoolExecutor.runWorker(ThreadPoolExecutor.java:1134)&#10;        at java.util.concurrent.ThreadPoolExecutor$Worker.run(ThreadPoolExecutor.java:624)&#10;        at java.lang.Thread.run(Thread.java:748)&#10;&quot;qtp2322399-2381&quot; daemon prio=5 tid=2381 timed_waiting&#10;java.lang.Thread.State: TIMED_WAITING&#10;        at sun.misc.Unsafe.park(Native Method)&#10;        at java.util.concurrent.locks.LockSupport.parkNanos(LockSupport.java:215)&#10;        at java.util.concurrent.locks.AbstractQueuedSynchronizer$ConditionObject.awaitNanos(AbstractQueuedSynchronizer.java:2078)&#10;        at org.eclipse.jetty.util.BlockingArrayQueue.poll(BlockingArrayQueue.java:392)&#10;        at org.eclipse.jetty.util.thread.QueuedThreadPool.idleJobPoll(QueuedThreadPool.java:563)&#10;        at org.eclipse.jetty.util.thread.QueuedThreadPool.access$800(QueuedThreadPool.java:48)&#10;        at org.eclipse.jetty.util.thread.QueuedThreadPool$2.run(QueuedThreadPool.java:626)&#10;        at java.lang.Thread.run(Thread.java:748)&#10;&quot;pool-226-thread-25&quot;  prio=5 tid=2537 in Object.wait()&#10;java.lang.Thread.State: WAITING (on object monitor)&#10;        at sun.misc.Unsafe.park(Native Method)&#10;        at java.util.concurrent.locks.LockSupport.park(LockSupport.java:175)&#10;        at java.util.concurrent.locks.AbstractQueuedSynchronizer$ConditionObject.await(AbstractQueuedSynchronizer.java:2039)&#10;        at java.util.concurrent.ArrayBlockingQueue.take(ArrayBlockingQueue.java:403)&#10;        at java.util.concurrent.ThreadPoolExecutor.getTask(ThreadPoolExecutor.java:1074)&#10;        at java.util.concurrent.ThreadPoolExecutor.runWorker(ThreadPoolExecutor.java:1134)&#10;        at java.util.concurrent.ThreadPoolExecutor$Worker.run(ThreadPoolExecutor.java:624)&#10;        at java.lang.Thread.run(Thread.java:748)&#10;&quot;Datanode ReportManager Thread - 0&quot; daemon prio=5 tid=1455 in Object.wait()&#10;java.lang.Thread.State: WAITING (on object monitor)&#10;        at sun.misc.Unsafe.park(Native Method)&#10;        at java.util.concurrent.locks.LockSupport.park(LockSupport.java:175)&#10;        at java.util.concurrent.locks.AbstractQueuedSynchronizer$ConditionObject.await(AbstractQueuedSynchronizer.java:2039)&#10;        at java.util.concurrent.ScheduledThreadPoolExecutor$DelayedWorkQueue.take(ScheduledThreadPoolExecutor.java:1088)&#10;        at java.util.concurrent.ScheduledThreadPoolExecutor$DelayedWorkQueue.take(ScheduledThreadPoolExecutor.java:809)&#10;        at java.util.concurrent.ThreadPoolExecutor.getTask(ThreadPoolExecutor.java:1074)&#10;        at java.util.concurrent.ThreadPoolExecutor.runWorker(ThreadPoolExecutor.java:1134)&#10;        at java.util.concurrent.ThreadPoolExecutor$Worker.run(ThreadPoolExecutor.java:624)&#10;        at java.lang.Thread.run(Thread.java:748)&#10;&quot;pool-226-thread-47&quot;  prio=5 tid=2559 in Object.wait()&#10;java.lang.Thread.State: WAITING (on object monitor)&#10;        at sun.misc.Unsafe.park(Native Method)&#10;        at java.util.concurrent.locks.LockSupport.park(LockSupport.java:175)&#10;        at java.util.concurrent.locks.AbstractQueuedSynchronizer$ConditionObject.await(AbstractQueuedSynchronizer.java:2039)&#10;        at java.util.concurrent.ArrayBlockingQueue.take(ArrayBlockingQueue.java:403)&#10;        at java.util.concurrent.ThreadPoolExecutor.getTask(ThreadPoolExecutor.java:1074)&#10;        at java.util.concurrent.ThreadPoolExecutor.runWorker(ThreadPoolExecutor.java:1134)&#10;        at java.util.concurrent.ThreadPoolExecutor$Worker.run(ThreadPoolExecutor.java:624)&#10;        at java.lang.Thread.run(Thread.java:748)&#10;&quot;IPC Server handler 3 on 38076&quot; daemon prio=5 tid=2358 timed_waiting&#10;java.lang.Thread.State: TIMED_WAITING&#10;        at sun.misc.Unsafe.park(Native Method)&#10;        at java.util.concurrent.locks.LockSupport.parkNanos(LockSupport.java:215)&#10;        at java.util.concurrent.locks.AbstractQueuedSynchronizer$ConditionObject.awaitNanos(AbstractQueuedSynchronizer.java:2078)&#10;        at java.util.concurrent.LinkedBlockingQueue.poll(LinkedBlockingQueue.java:467)&#10;        at org.apache.hadoop.ipc.CallQueueManager.take(CallQueueManager.java:288)&#10;        at org.apache.hadoop.ipc.Server$Handler.run(Server.java:2668)&#10;&quot;pool-246-thread-49&quot;  prio=5 tid=2686 in Object.wait()&#10;java.lang.Thread.State: WAITING (on object monitor)&#10;        at sun.misc.Unsafe.park(Native Method)&#10;        at java.util.concurrent.locks.LockSupport.park(LockSupport.java:175)&#10;        at java.util.concurrent.locks.AbstractQueuedSynchronizer$ConditionObject.await(AbstractQueuedSynchronizer.java:2039)&#10;        at java.util.concurrent.ArrayBlockingQueue.take(ArrayBlockingQueue.java:403)&#10;        at java.util.concurrent.ThreadPoolExecutor.getTask(ThreadPoolExecutor.java:1074)&#10;        at java.util.concurrent.ThreadPoolExecutor.runWorker(ThreadPoolExecutor.java:1134)&#10;        at java.util.concurrent.ThreadPoolExecutor$Worker.run(ThreadPoolExecutor.java:624)&#10;        at java.lang.Thread.run(Thread.java:748)&#10;&quot;pool-236-thread-54&quot;  prio=5 tid=2629 in Object.wait()&#10;java.lang.Thread.State: WAITING (on object monitor)&#10;        at sun.misc.Unsafe.park(Native Method)&#10;        at java.util.concurrent.locks.LockSupport.park(LockSupport.java:175)&#10;        at java.util.concurrent.locks.AbstractQueuedSynchronizer$ConditionObject.await(AbstractQueuedSynchronizer.java:2039)&#10;        at java.util.concurrent.ArrayBlockingQueue.take(ArrayBlockingQueue.java:403)&#10;        at java.util.concurrent.ThreadPoolExecutor.getTask(ThreadPoolExecutor.java:1074)&#10;        at java.util.concurrent.ThreadPoolExecutor.runWorker(ThreadPoolExecutor.java:1134)&#10;        at java.util.concurrent.ThreadPoolExecutor$Worker.run(ThreadPoolExecutor.java:624)&#10;        at java.lang.Thread.run(Thread.java:748)&#10;&quot;metrics-hadoop-metrics2-reporter-110-thread-1&quot; daemon prio=5 tid=2268 timed_waiting&#10;java.lang.Thread.State: TIMED_WAITING&#10;        at sun.misc.Unsafe.park(Native Method)&#10;        at java.util.concurrent.locks.LockSupport.parkNanos(LockSupport.java:215)&#10;        at java.util.concurrent.locks.AbstractQueuedSynchronizer$ConditionObject.awaitNanos(AbstractQueuedSynchronizer.java:2078)&#10;        at java.util.concurrent.ScheduledThreadPoolExecutor$DelayedWorkQueue.take(ScheduledThreadPoolExecutor.java:1093)&#10;        at java.util.concurrent.ScheduledThreadPoolExecutor$DelayedWorkQueue.take(ScheduledThreadPoolExecutor.java:809)&#10;        at java.util.concurrent.ThreadPoolExecutor.getTask(ThreadPoolExecutor.java:1074)&#10;        at java.util.concurrent.ThreadPoolExecutor.runWorker(ThreadPoolExecutor.java:1134)&#10;        at java.util.concurrent.ThreadPoolExecutor$Worker.run(ThreadPoolExecutor.java:624)&#10;        at java.lang.Thread.run(Thread.java:748)&#10;&quot;IPC Server handler 8 on 40756&quot; daemon prio=5 tid=2323 timed_waiting&#10;java.lang.Thread.State: TIMED_WAITING&#10;        at sun.misc.Unsafe.park(Native Method)&#10;        at java.util.concurrent.locks.LockSupport.parkNanos(LockSupport.java:215)&#10;        at java.util.concurrent.locks.AbstractQueuedSynchronizer$ConditionObject.awaitNanos(AbstractQueuedSynchronizer.java:2078)&#10;        at java.util.concurrent.LinkedBlockingQueue.poll(LinkedBlockingQueue.java:467)&#10;        at org.apache.hadoop.ipc.CallQueueManager.take(CallQueueManager.java:288)&#10;        at org.apache.hadoop.ipc.Server$Handler.run(Server.java:2668)&#10;&quot;IPC Server handler 18 on 35795&quot; daemon prio=5 tid=2353 timed_waiting&#10;java.lang.Thread.State: TIMED_WAITING&#10;        at sun.misc.Unsafe.park(Native Method)&#10;        at java.util.concurrent.locks.LockSupport.parkNanos(LockSupport.java:215)&#10;        at java.util.concurrent.locks.AbstractQueuedSynchronizer$ConditionObject.awaitNanos(AbstractQueuedSynchronizer.java:2078)&#10;        at java.util.concurrent.LinkedBlockingQueue.poll(LinkedBlockingQueue.java:467)&#10;        at org.apache.hadoop.ipc.CallQueueManager.take(CallQueueManager.java:288)&#10;        at org.apache.hadoop.ipc.Server$Handler.run(Server.java:2668)&#10;&quot;metrics-hadoop-metrics2-reporter-141-thread-1&quot; daemon prio=5 tid=2940 timed_waiting&#10;java.lang.Thread.State: TIMED_WAITING&#10;        at sun.misc.Unsafe.park(Native Method)&#10;        at java.util.concurrent.locks.LockSupport.parkNanos(LockSupport.java:215)&#10;        at java.util.concurrent.locks.AbstractQueuedSynchronizer$ConditionObject.awaitNanos(AbstractQueuedSynchronizer.java:2078)&#10;        at java.util.concurrent.ScheduledThreadPoolExecutor$DelayedWorkQueue.take(ScheduledThreadPoolExecutor.java:1093)&#10;        at java.util.concurrent.ScheduledThreadPoolExecutor$DelayedWorkQueue.take(ScheduledThreadPoolExecutor.java:809)&#10;        at java.util.concurrent.ThreadPoolExecutor.getTask(ThreadPoolExecutor.java:1074)&#10;        at java.util.concurrent.ThreadPoolExecutor.runWorker(ThreadPoolExecutor.java:1134)&#10;        at java.util.concurrent.ThreadPoolExecutor$Worker.run(ThreadPoolExecutor.java:624)&#10;        at java.lang.Thread.run(Thread.java:748)&#10;&quot;Socket Reader #1 for port 35795&quot;  prio=5 tid=2305 runnable&#10;java.lang.Thread.State: RUNNABLE&#10;        at sun.nio.ch.EPollArrayWrapper.epollWait(Native Method)&#10;        at sun.nio.ch.EPollArrayWrapper.poll(EPollArrayWrapper.java:269)&#10;        at sun.nio.ch.EPollSelectorImpl.doSelect(EPollSelectorImpl.java:93)&#10;        at sun.nio.ch.SelectorImpl.lockAndDoSelect(SelectorImpl.java:86)&#10;        at sun.nio.ch.SelectorImpl.select(SelectorImpl.java:97)&#10;        at sun.nio.ch.SelectorImpl.select(SelectorImpl.java:101)&#10;        at org.apache.hadoop.ipc.Server$Listener$Reader.doRunLoop(Server.java:1097)&#10;        at org.apache.hadoop.ipc.Server$Listener$Reader.run(Server.java:1076)&#10;&quot;metrics-hadoop-metrics2-reporter-31-thread-1&quot; daemon prio=5 tid=989 timed_waiting&#10;java.lang.Thread.State: TIMED_WAITING&#10;        at sun.misc.Unsafe.park(Native Method)&#10;        at java.util.concurrent.locks.LockSupport.parkNanos(LockSupport.java:215)&#10;        at java.util.concurrent.locks.AbstractQueuedSynchronizer$ConditionObject.awaitNanos(AbstractQueuedSynchronizer.java:2078)&#10;        at java.util.concurrent.ScheduledThreadPoolExecutor$DelayedWorkQueue.take(ScheduledThreadPoolExecutor.java:1093)&#10;        at java.util.concurrent.ScheduledThreadPoolExecutor$DelayedWorkQueue.take(ScheduledThreadPoolExecutor.java:809)&#10;        at java.util.concurrent.ThreadPoolExecutor.getTask(ThreadPoolExecutor.java:1074)&#10;        at java.util.concurrent.ThreadPoolExecutor.runWorker(ThreadPoolExecutor.java:1134)&#10;        at java.util.concurrent.ThreadPoolExecutor$Worker.run(ThreadPoolExecutor.java:624)&#10;        at java.lang.Thread.run(Thread.java:748)&#10;&quot;Timer for &apos;StorageContainerManager&apos; metrics system&quot; daemon prio=5 tid=2313 timed_waiting&#10;java.lang.Thread.State: TIMED_WAITING&#10;        at java.lang.Object.wait(Native Method)&#10;        at java.util.TimerThread.mainLoop(Timer.java:552)&#10;        at java.util.TimerThread.run(Timer.java:505)&#10;&quot;metrics-hadoop-metrics2-reporter-125-thread-1&quot; daemon prio=5 tid=2747 timed_waiting&#10;java.lang.Thread.State: TIMED_WAITING&#10;        at sun.misc.Unsafe.park(Native Method)&#10;        at java.util.concurrent.locks.LockSupport.parkNanos(LockSupport.java:215)&#10;        at java.util.concurrent.locks.AbstractQueuedSynchronizer$ConditionObject.awaitNanos(AbstractQueuedSynchronizer.java:2078)&#10;        at java.util.concurrent.ScheduledThreadPoolExecutor$DelayedWorkQueue.take(ScheduledThreadPoolExecutor.java:1093)&#10;        at java.util.concurrent.ScheduledThreadPoolExecutor$DelayedWorkQueue.take(ScheduledThreadPoolExecutor.java:809)&#10;        at java.util.concurrent.ThreadPoolExecutor.getTask(ThreadPoolExecutor.java:1074)&#10;        at java.util.concurrent.ThreadPoolExecutor.runWorker(ThreadPoolExecutor.java:1134)&#10;        at java.util.concurrent.ThreadPoolExecutor$Worker.run(ThreadPoolExecutor.java:624)&#10;        at java.lang.Thread.run(Thread.java:748)&#10;&quot;IPC Server handler 17 on 38076&quot; daemon prio=5 tid=2372 timed_waiting&#10;java.lang.Thread.State: TIMED_WAITING&#10;        at sun.misc.Unsafe.park(Native Method)&#10;        at java.util.concurrent.locks.LockSupport.parkNanos(LockSupport.java:215)&#10;        at java.util.concurrent.locks.AbstractQueuedSynchronizer$ConditionObject.awaitNanos(AbstractQueuedSynchronizer.java:2078)&#10;        at java.util.concurrent.LinkedBlockingQueue.poll(LinkedBlockingQueue.java:467)&#10;        at org.apache.hadoop.ipc.CallQueueManager.take(CallQueueManager.java:288)&#10;        at org.apache.hadoop.ipc.Server$Handler.run(Server.java:2668)&#10;&quot;PartialTableCache Cleanup Thread - 0&quot; daemon prio=5 tid=2286 in Object.wait()&#10;java.lang.Thread.State: WAITING (on object monitor)&#10;        at sun.misc.Unsafe.park(Native Method)&#10;        at java.util.concurrent.locks.LockSupport.park(LockSupport.java:175)&#10;        at java.util.concurrent.locks.AbstractQueuedSynchronizer$ConditionObject.await(AbstractQueuedSynchronizer.java:2039)&#10;        at java.util.concurrent.LinkedBlockingQueue.take(LinkedBlockingQueue.java:442)&#10;        at java.util.concurrent.ThreadPoolExecutor.getTask(ThreadPoolExecutor.java:1074)&#10;        at java.util.concurrent.ThreadPoolExecutor.runWorker(ThreadPoolExecutor.java:1134)&#10;        at java.util.concurrent.ThreadPoolExecutor$Worker.run(ThreadPoolExecutor.java:624)&#10;        at java.lang.Thread.run(Thread.java:748)&#10;&quot;IPC Server handler 7 on 38076&quot; daemon prio=5 tid=2362 timed_waiting&#10;java.lang.Thread.State: TIMED_WAITING&#10;        at sun.misc.Unsafe.park(Native Method)&#10;        at java.util.concurrent.locks.LockSupport.parkNanos(LockSupport.java:215)&#10;        at java.util.concurrent.locks.AbstractQueuedSynchronizer$ConditionObject.awaitNanos(AbstractQueuedSynchronizer.java:2078)&#10;        at java.util.concurrent.LinkedBlockingQueue.poll(LinkedBlockingQueue.java:467)&#10;        at org.apache.hadoop.ipc.CallQueueManager.take(CallQueueManager.java:288)&#10;        at org.apache.hadoop.ipc.Server$Handler.run(Server.java:2668)&#10;&quot;metrics-hadoop-metrics2-reporter-79-thread-1&quot; daemon prio=5 tid=1715 timed_waiting&#10;java.lang.Thread.State: TIMED_WAITING&#10;        at sun.misc.Unsafe.park(Native Method)&#10;        at java.util.concurrent.locks.LockSupport.parkNanos(LockSupport.java:215)&#10;        at java.util.concurrent.locks.AbstractQueuedSynchronizer$ConditionObject.awaitNanos(AbstractQueuedSynchronizer.java:2078)&#10;        at java.util.concurrent.ScheduledThreadPoolExecutor$DelayedWorkQueue.take(ScheduledThreadPoolExecutor.java:1093)&#10;        at java.util.concurrent.ScheduledThreadPoolExecutor$DelayedWorkQueue.take(ScheduledThreadPoolExecutor.java:809)&#10;        at java.util.concurrent.ThreadPoolExecutor.getTask(ThreadPoolExecutor.java:1074)&#10;        at java.util.concurrent.ThreadPoolExecutor.runWorker(ThreadPoolExecutor.java:1134)&#10;        at java.util.concurrent.ThreadPoolExecutor$Worker.run(ThreadPoolExecutor.java:624)&#10;        at java.lang.Thread.run(Thread.java:748)&#10;&quot;pool-246-thread-19&quot;  prio=5 tid=2656 in Object.wait()&#10;java.lang.Thread.State: WAITING (on object monitor)&#10;        at sun.misc.Unsafe.park(Native Method)&#10;        at java.util.concurrent.locks.LockSupport.park(LockSupport.java:175)&#10;        at java.util.concurrent.locks.AbstractQueuedSynchronizer$ConditionObject.await(AbstractQueuedSynchronizer.java:2039)&#10;        at java.util.concurrent.ArrayBlockingQueue.take(ArrayBlockingQueue.java:403)&#10;        at java.util.concurrent.ThreadPoolExecutor.getTask(ThreadPoolExecutor.java:1074)&#10;        at java.util.concurrent.ThreadPoolExecutor.runWorker(ThreadPoolExecutor.java:1134)&#10;        at java.util.concurrent.ThreadPoolExecutor$Worker.run(ThreadPoolExecutor.java:624)&#10;        at java.lang.Thread.run(Thread.java:748)&#10;&quot;pool-246-thread-39&quot;  prio=5 tid=2676 in Object.wait()&#10;java.lang.Thread.State: WAITING (on object monitor)&#10;        at sun.misc.Unsafe.park(Native Method)&#10;        at java.util.concurrent.locks.LockSupport.park(LockSupport.java:175)&#10;        at java.util.concurrent.locks.AbstractQueuedSynchronizer$ConditionObject.await(AbstractQueuedSynchronizer.java:2039)&#10;        at java.util.concurrent.ArrayBlockingQueue.take(ArrayBlockingQueue.java:403)&#10;        at java.util.concurrent.ThreadPoolExecutor.getTask(ThreadPoolExecutor.java:1074)&#10;        at java.util.concurrent.ThreadPoolExecutor.runWorker(ThreadPoolExecutor.java:1134)&#10;        at java.util.concurrent.ThreadPoolExecutor$Worker.run(ThreadPoolExecutor.java:624)&#10;        at java.lang.Thread.run(Thread.java:748)&#10;&quot;pool-226-thread-21&quot;  prio=5 tid=2533 in Object.wait()&#10;java.lang.Thread.State: WAITING (on object monitor)&#10;        at sun.misc.Unsafe.park(Native Method)&#10;        at java.util.concurrent.locks.LockSupport.park(LockSupport.java:175)&#10;        at java.util.concurrent.locks.AbstractQueuedSynchronizer$ConditionObject.await(AbstractQueuedSynchronizer.java:2039)&#10;        at java.util.concurrent.ArrayBlockingQueue.take(ArrayBlockingQueue.java:403)&#10;        at java.util.concurrent.ThreadPoolExecutor.getTask(ThreadPoolExecutor.java:1074)&#10;        at java.util.concurrent.ThreadPoolExecutor.runWorker(ThreadPoolExecutor.java:1134)&#10;        at java.util.concurrent.ThreadPoolExecutor$Worker.run(ThreadPoolExecutor.java:624)&#10;        at java.lang.Thread.run(Thread.java:748)&#10;&quot;qtp945327594-2421-acceptor-0@54fb26ac-ServerConnector@45592af7{HTTP/1.1,[http/1.1]}{0.0.0.0:36726}&quot; daemon prio=3 tid=2421 runnable&#10;java.lang.Thread.State: RUNNABLE&#10;        at sun.nio.ch.ServerSocketChannelImpl.accept0(Native Method)&#10;        at sun.nio.ch.ServerSocketChannelImpl.accept(ServerSocketChannelImpl.java:422)&#10;        at sun.nio.ch.ServerSocketChannelImpl.accept(ServerSocketChannelImpl.java:250)&#10;        at org.eclipse.jetty.server.ServerConnector.accept(ServerConnector.java:397)&#10;        at org.eclipse.jetty.server.AbstractConnector$Acceptor.run(AbstractConnector.java:601)&#10;        at org.eclipse.jetty.util.thread.QueuedThreadPool.runJob(QueuedThreadPool.java:671)&#10;        at org.eclipse.jetty.util.thread.QueuedThreadPool$2.run(QueuedThreadPool.java:589)&#10;        at java.lang.Thread.run(Thread.java:748)&#10;&quot;pool-236-thread-52&quot;  prio=5 tid=2627 in Object.wait()&#10;java.lang.Thread.State: WAITING (on object monitor)&#10;        at sun.misc.Unsafe.park(Native Method)&#10;        at java.util.concurrent.locks.LockSupport.park(LockSupport.java:175)&#10;        at java.util.concurrent.locks.AbstractQueuedSynchronizer$ConditionObject.await(AbstractQueuedSynchronizer.java:2039)&#10;        at java.util.concurrent.ArrayBlockingQueue.take(ArrayBlockingQueue.java:403)&#10;        at java.util.concurrent.ThreadPoolExecutor.getTask(ThreadPoolExecutor.java:1074)&#10;        at java.util.concurrent.ThreadPoolExecutor.runWorker(ThreadPoolExecutor.java:1134)&#10;        at java.util.concurrent.ThreadPoolExecutor$Worker.run(ThreadPoolExecutor.java:624)&#10;        at java.lang.Thread.run(Thread.java:748)&#10;&quot;metrics-hadoop-metrics2-reporter-46-thread-1&quot; daemon prio=5 tid=1033 timed_waiting&#10;java.lang.Thread.State: TIMED_WAITING&#10;        at sun.misc.Unsafe.park(Native Method)&#10;        at java.util.concurrent.locks.LockSupport.parkNanos(LockSupport.java:215)&#10;        at java.util.concurrent.locks.AbstractQueuedSynchronizer$ConditionObject.awaitNanos(AbstractQueuedSynchronizer.java:2078)&#10;        at java.util.concurrent.ScheduledThreadPoolExecutor$DelayedWorkQueue.take(ScheduledThreadPoolExecutor.java:1093)&#10;        at java.util.concurrent.ScheduledThreadPoolExecutor$DelayedWorkQueue.take(ScheduledThreadPoolExecutor.java:809)&#10;        at java.util.concurrent.ThreadPoolExecutor.getTask(ThreadPoolExecutor.java:1074)&#10;        at java.util.concurrent.ThreadPoolExecutor.runWorker(ThreadPoolExecutor.java:1134)&#10;        at java.util.concurrent.ThreadPoolExecutor$Worker.run(ThreadPoolExecutor.java:624)&#10;        at java.lang.Thread.run(Thread.java:748)&#10;&quot;metrics-hadoop-metrics2-reporter-126-thread-1&quot; daemon prio=5 tid=2755 timed_waiting&#10;java.lang.Thread.State: TIMED_WAITING&#10;        at sun.misc.Unsafe.park(Native Method)&#10;        at java.util.concurrent.locks.LockSupport.parkNanos(LockSupport.java:215)&#10;        at java.util.concurrent.locks.AbstractQueuedSynchronizer$ConditionObject.awaitNanos(AbstractQueuedSynchronizer.java:2078)&#10;        at java.util.concurrent.ScheduledThreadPoolExecutor$DelayedWorkQueue.take(ScheduledThreadPoolExecutor.java:1093)&#10;        at java.util.concurrent.ScheduledThreadPoolExecutor$DelayedWorkQueue.take(ScheduledThreadPoolExecutor.java:809)&#10;        at java.util.concurrent.ThreadPoolExecutor.getTask(ThreadPoolExecutor.java:1074)&#10;        at java.util.concurrent.ThreadPoolExecutor.runWorker(ThreadPoolExecutor.java:1134)&#10;        at java.util.concurrent.ThreadPoolExecutor$Worker.run(ThreadPoolExecutor.java:624)&#10;        at java.lang.Thread.run(Thread.java:748)&#10;&quot;metrics-hadoop-metrics2-reporter-92-thread-1&quot; daemon prio=5 tid=2210 timed_waiting&#10;java.lang.Thread.State: TIMED_WAITING&#10;        at sun.misc.Unsafe.park(Native Method)&#10;        at java.util.concurrent.locks.LockSupport.parkNanos(LockSupport.java:215)&#10;        at java.util.concurrent.locks.AbstractQueuedSynchronizer$ConditionObject.awaitNanos(AbstractQueuedSynchronizer.java:2078)&#10;        at java.util.concurrent.ScheduledThreadPoolExecutor$DelayedWorkQueue.take(ScheduledThreadPoolExecutor.java:1093)&#10;        at java.util.concurrent.ScheduledThreadPoolExecutor$DelayedWorkQueue.take(ScheduledThreadPoolExecutor.java:809)&#10;        at java.util.concurrent.ThreadPoolExecutor.getTask(ThreadPoolExecutor.java:1074)&#10;        at java.util.concurrent.ThreadPoolExecutor.runWorker(ThreadPoolExecutor.java:1134)&#10;        at java.util.concurrent.ThreadPoolExecutor$Worker.run(ThreadPoolExecutor.java:624)&#10;        at java.lang.Thread.run(Thread.java:748)&#10;&quot;IPC Server handler 13 on 45250&quot; daemon prio=5 tid=2412 timed_waiting&#10;java.lang.Thread.State: TIMED_WAITING&#10;        at sun.misc.Unsafe.park(Native Method)&#10;        at java.util.concurrent.locks.LockSupport.parkNanos(LockSupport.java:215)&#10;        at java.util.concurrent.locks.AbstractQueuedSynchronizer$ConditionObject.awaitNanos(AbstractQueuedSynchronizer.java:2078)&#10;        at java.util.concurrent.LinkedBlockingQueue.poll(LinkedBlockingQueue.java:467)&#10;        at org.apache.hadoop.ipc.CallQueueManager.take(CallQueueManager.java:288)&#10;        at org.apache.hadoop.ipc.Server$Handler.run(Server.java:2668)&#10;&quot;IPC Server handler 9 on 45250&quot; daemon prio=5 tid=2408 timed_waiting&#10;java.lang.Thread.State: TIMED_WAITING&#10;        at sun.misc.Unsafe.park(Native Method)&#10;        at java.util.concurrent.locks.LockSupport.parkNanos(LockSupport.java:215)&#10;        at java.util.concurrent.locks.AbstractQueuedSynchronizer$ConditionObject.awaitNanos(AbstractQueuedSynchronizer.java:2078)&#10;        at java.util.concurrent.LinkedBlockingQueue.poll(LinkedBlockingQueue.java:467)&#10;        at org.apache.hadoop.ipc.CallQueueManager.take(CallQueueManager.java:288)&#10;        at org.apache.hadoop.ipc.Server$Handler.run(Server.java:2668)&#10;&quot;pool-236-thread-17&quot;  prio=5 tid=2592 in Object.wait()&#10;java.lang.Thread.State: WAITING (on object monitor)&#10;        at sun.misc.Unsafe.park(Native Method)&#10;        at java.util.concurrent.locks.LockSupport.park(LockSupport.java:175)&#10;        at java.util.concurrent.locks.AbstractQueuedSynchronizer$ConditionObject.await(AbstractQueuedSynchronizer.java:2039)&#10;        at java.util.concurrent.ArrayBlockingQueue.take(ArrayBlockingQueue.java:403)&#10;        at java.util.concurrent.ThreadPoolExecutor.getTask(ThreadPoolExecutor.java:1074)&#10;        at java.util.concurrent.ThreadPoolExecutor.runWorker(ThreadPoolExecutor.java:1134)&#10;        at java.util.concurrent.ThreadPoolExecutor$Worker.run(ThreadPoolExecutor.java:624)&#10;        at java.lang.Thread.run(Thread.java:748)&#10;&quot;pool-236-thread-40&quot;  prio=5 tid=2615 in Object.wait()&#10;java.lang.Thread.State: WAITING (on object monitor)&#10;        at sun.misc.Unsafe.park(Native Method)&#10;        at java.util.concurrent.locks.LockSupport.park(LockSupport.java:175)&#10;        at java.util.concurrent.locks.AbstractQueuedSynchronizer$ConditionObject.await(AbstractQueuedSynchronizer.java:2039)&#10;        at java.util.concurrent.ArrayBlockingQueue.take(ArrayBlockingQueue.java:403)&#10;        at java.util.concurrent.ThreadPoolExecutor.getTask(ThreadPoolExecutor.java:1074)&#10;        at java.util.concurrent.ThreadPoolExecutor.runWorker(ThreadPoolExecutor.java:1134)&#10;        at java.util.concurrent.ThreadPoolExecutor$Worker.run(ThreadPoolExecutor.java:624)&#10;        at java.lang.Thread.run(Thread.java:748)&#10;&quot;pool-236-thread-6&quot;  prio=5 tid=2581 in Object.wait()&#10;java.lang.Thread.State: WAITING (on object monitor)&#10;        at sun.misc.Unsafe.park(Native Method)&#10;        at java.util.concurrent.locks.LockSupport.park(LockSupport.java:175)&#10;        at java.util.concurrent.locks.AbstractQueuedSynchronizer$ConditionObject.await(AbstractQueuedSynchronizer.java:2039)&#10;        at java.util.concurrent.ArrayBlockingQueue.take(ArrayBlockingQueue.java:403)&#10;        at java.util.concurrent.ThreadPoolExecutor.getTask(ThreadPoolExecutor.java:1074)&#10;        at java.util.concurrent.ThreadPoolExecutor.runWorker(ThreadPoolExecutor.java:1134)&#10;        at java.util.concurrent.ThreadPoolExecutor$Worker.run(ThreadPoolExecutor.java:624)&#10;        at java.lang.Thread.run(Thread.java:748)&#10;&quot;IPC Server handler 12 on 35795&quot; daemon prio=5 tid=2347 timed_waiting&#10;java.lang.Thread.State: TIMED_WAITING&#10;        at sun.misc.Unsafe.park(Native Method)&#10;        at java.util.concurrent.locks.LockSupport.parkNanos(LockSupport.java:215)&#10;        at java.util.concurrent.locks.AbstractQueuedSynchronizer$ConditionObject.awaitNanos(AbstractQueuedSynchronizer.java:2078)&#10;        at java.util.concurrent.LinkedBlockingQueue.poll(LinkedBlockingQueue.java:467)&#10;        at org.apache.hadoop.ipc.CallQueueManager.take(CallQueueManager.java:288)&#10;        at org.apache.hadoop.ipc.Server$Handler.run(Server.java:2668)&#10;&quot;main&quot;  prio=5 tid=1 runnable&#10;java.lang.Thread.State: RUNNABLE&#10;        at java.lang.Thread.dumpThreads(Native Method)&#10;        at java.lang.Thread.getAllStackTraces(Thread.java:1610)&#10;        at org.apache.hadoop.test.TimedOutTestsListener.buildThreadDump(TimedOutTestsListener.java:87)&#10;        at org.apache.hadoop.test.TimedOutTestsListener.buildThreadDiagnosticString(TimedOutTestsListener.java:73)&#10;        at org.apache.hadoop.test.GenericTestUtils.waitFor(GenericTestUtils.java:389)&#10;        at org.apache.hadoop.ozone.MiniOzoneClusterImpl.waitForClusterToBeReady(MiniOzoneClusterImpl.java:149)&#10;        at org.apache.hadoop.fs.ozone.TestOzoneFileInterfaces.init(TestOzoneFileInterfaces.java:121)&#10;        at sun.reflect.NativeMethodAccessorImpl.invoke0(Native Method)&#10;        at sun.reflect.NativeMethodAccessorImpl.invoke(NativeMethodAccessorImpl.java:62)&#10;        at sun.reflect.DelegatingMethodAccessorImpl.invoke(DelegatingMethodAccessorImpl.java:43)&#10;        at java.lang.reflect.Method.invoke(Method.java:498)&#10;        at org.junit.runners.model.FrameworkMethod$1.runReflectiveCall(FrameworkMethod.java:47)&#10;        at org.junit.internal.runners.model.ReflectiveCallable.run(ReflectiveCallable.java:12)&#10;        at org.junit.runners.model.FrameworkMethod.invokeExplosively(FrameworkMethod.java:44)&#10;        at org.junit.internal.runners.statements.RunBefores.evaluate(RunBefores.java:24)&#10;        at org.junit.internal.runners.statements.RunAfters.evaluate(RunAfters.java:27)&#10;        at org.junit.runners.ParentRunner.runLeaf(ParentRunner.java:271)&#10;        at org.junit.runners.BlockJUnit4ClassRunner.runChild(BlockJUnit4ClassRunner.java:70)&#10;        at org.junit.runners.BlockJUnit4ClassRunner.runChild(BlockJUnit4ClassRunner.java:50)&#10;        at org.junit.runners.ParentRunner$3.run(ParentRunner.java:238)&#10;        at org.junit.runners.ParentRunner$1.schedule(ParentRunner.java:63)&#10;        at org.junit.runners.ParentRunner.runChildren(ParentRunner.java:236)&#10;        at org.junit.runners.ParentRunner.access$000(ParentRunner.java:53)&#10;        at org.junit.runners.ParentRunner$2.evaluate(ParentRunner.java:229)&#10;        at org.junit.runners.ParentRunner.run(ParentRunner.java:309)&#10;        at org.junit.runners.Suite.runChild(Suite.java:127)&#10;        at org.junit.runners.Suite.runChild(Suite.java:26)&#10;        at org.junit.runners.ParentRunner$3.run(ParentRunner.java:238)&#10;        at org.junit.runners.ParentRunner$1.schedule(ParentRunner.java:63)&#10;        at org.junit.runners.ParentRunner.runChildren(ParentRunner.java:236)&#10;        at org.junit.runners.ParentRunner.access$000(ParentRunner.java:53)&#10;        at org.junit.runners.ParentRunner$2.evaluate(ParentRunner.java:229)&#10;        at org.junit.runners.ParentRunner.run(ParentRunner.java:309)&#10;        at org.apache.maven.surefire.junit4.JUnit4Provider.execute(JUnit4Provider.java:365)&#10;        at org.apache.maven.surefire.junit4.JUnit4Provider.executeWithRerun(JUnit4Provider.java:273)&#10;        at org.apache.maven.surefire.junit4.JUnit4Provider.executeTestSet(JUnit4Provider.java:238)&#10;        at org.apache.maven.surefire.junit4.JUnit4Provider.invoke(JUnit4Provider.java:159)&#10;        at org.apache.maven.surefire.booter.ForkedBooter.invokeProviderInSameClassLoader(ForkedBooter.java:384)&#10;        at org.apache.maven.surefire.booter.ForkedBooter.runSuitesInProcess(ForkedBooter.java:345)&#10;        at org.apache.maven.surefire.booter.ForkedBooter.execute(ForkedBooter.java:126)&#10;        at org.apache.maven.surefire.booter.ForkedBooter.main(ForkedBooter.java:418)&#10;&quot;PartialTableCache Cleanup Thread - 0&quot; daemon prio=5 tid=1773 in Object.wait()&#10;java.lang.Thread.State: WAITING (on object monitor)&#10;        at sun.misc.Unsafe.park(Native Method)&#10;        at java.util.concurrent.locks.LockSupport.park(LockSupport.java:175)&#10;        at java.util.concurrent.locks.AbstractQueuedSynchronizer$ConditionObject.await(AbstractQueuedSynchronizer.java:2039)&#10;        at java.util.concurrent.LinkedBlockingQueue.take(LinkedBlockingQueue.java:442)&#10;        at java.util.concurrent.ThreadPoolExecutor.getTask(ThreadPoolExecutor.java:1074)&#10;        at java.util.concurrent.ThreadPoolExecutor.runWorker(ThreadPoolExecutor.java:1134)&#10;        at java.util.concurrent.ThreadPoolExecutor$Worker.run(ThreadPoolExecutor.java:624)&#10;        at java.lang.Thread.run(Thread.java:748)&#10;&quot;IPC Server handler 10 on 40756&quot; daemon prio=5 tid=2325 timed_waiting&#10;java.lang.Thread.State: TIMED_WAITING&#10;        at sun.misc.Unsafe.park(Native Method)&#10;        at java.util.concurrent.locks.LockSupport.parkNanos(LockSupport.java:215)&#10;        at java.util.concurrent.locks.AbstractQueuedSynchronizer$ConditionObject.awaitNanos(AbstractQueuedSynchronizer.java:2078)&#10;        at java.util.concurrent.LinkedBlockingQueue.poll(LinkedBlockingQueue.java:467)&#10;        at org.apache.hadoop.ipc.CallQueueManager.take(CallQueueManager.java:288)&#10;        at org.apache.hadoop.ipc.Server$Handler.run(Server.java:2668)&#10;&quot;metrics-hadoop-metrics2-reporter-88-thread-1&quot; daemon prio=5 tid=2198 timed_waiting&#10;java.lang.Thread.State: TIMED_WAITING&#10;        at sun.misc.Unsafe.park(Native Method)&#10;        at java.util.concurrent.locks.LockSupport.parkNanos(LockSupport.java:215)&#10;        at java.util.concurrent.locks.AbstractQueuedSynchronizer$ConditionObject.awaitNanos(AbstractQueuedSynchronizer.java:2078)&#10;        at java.util.concurrent.ScheduledThreadPoolExecutor$DelayedWorkQueue.take(ScheduledThreadPoolExecutor.java:1093)&#10;        at java.util.concurrent.ScheduledThreadPoolExecutor$DelayedWorkQueue.take(ScheduledThreadPoolExecutor.java:809)&#10;        at java.util.concurrent.ThreadPoolExecutor.getTask(ThreadPoolExecutor.java:1074)&#10;        at java.util.concurrent.ThreadPoolExecutor.runWorker(ThreadPoolExecutor.java:1134)&#10;        at java.util.concurrent.ThreadPoolExecutor$Worker.run(ThreadPoolExecutor.java:624)&#10;        at java.lang.Thread.run(Thread.java:748)&#10;&quot;metrics-hadoop-metrics2-reporter-77-thread-1&quot; daemon prio=5 tid=1712 timed_waiting&#10;java.lang.Thread.State: TIMED_WAITING&#10;        at sun.misc.Unsafe.park(Native Method)&#10;        at java.util.concurrent.locks.LockSupport.parkNanos(LockSupport.java:215)&#10;        at java.util.concurrent.locks.AbstractQueuedSynchronizer$ConditionObject.awaitNanos(AbstractQueuedSynchronizer.java:2078)&#10;        at java.util.concurrent.ScheduledThreadPoolExecutor$DelayedWorkQueue.take(ScheduledThreadPoolExecutor.java:1093)&#10;        at java.util.concurrent.ScheduledThreadPoolExecutor$DelayedWorkQueue.take(ScheduledThreadPoolExecutor.java:809)&#10;        at java.util.concurrent.ThreadPoolExecutor.getTask(ThreadPoolExecutor.java:1074)&#10;        at java.util.concurrent.ThreadPoolExecutor.runWorker(ThreadPoolExecutor.java:1134)&#10;        at java.util.concurrent.ThreadPoolExecutor$Worker.run(ThreadPoolExecutor.java:624)&#10;        at java.lang.Thread.run(Thread.java:748)&#10;&quot;a6b2ebfb-69a0-457c-b6cd-a50cc148b564@group-896385CD49EE-StateMachineUpdater&quot; daemon prio=5 tid=2930 in Object.wait()&#10;java.lang.Thread.State: WAITING (on object monitor)&#10;        at java.lang.Object.wait(Native Method)&#10;        at java.lang.Object.wait(Object.java:502)&#10;        at org.apache.ratis.server.impl.StateMachineUpdater.waitForCommit(StateMachineUpdater.java:194)&#10;        at org.apache.ratis.server.impl.StateMachineUpdater.run(StateMachineUpdater.java:159)&#10;        at java.lang.Thread.run(Thread.java:748)&#10;&quot;PartialTableCache Cleanup Thread - 0&quot; daemon prio=5 tid=1767 in Object.wait()&#10;java.lang.Thread.State: WAITING (on object monitor)&#10;        at sun.misc.Unsafe.park(Native Method)&#10;        at java.util.concurrent.locks.LockSupport.park(LockSupport.java:175)&#10;        at java.util.concurrent.locks.AbstractQueuedSynchronizer$ConditionObject.await(AbstractQueuedSynchronizer.java:2039)&#10;        at java.util.concurrent.LinkedBlockingQueue.take(LinkedBlockingQueue.java:442)&#10;        at java.util.concurrent.ThreadPoolExecutor.getTask(ThreadPoolExecutor.java:1074)&#10;        at java.util.concurrent.ThreadPoolExecutor.runWorker(ThreadPoolExecutor.java:1134)&#10;        at java.util.concurrent.ThreadPoolExecutor$Worker.run(ThreadPoolExecutor.java:624)&#10;        at java.lang.Thread.run(Thread.java:748)&#10;&quot;pool-226-thread-34&quot;  prio=5 tid=2546 in Object.wait()&#10;java.lang.Thread.State: WAITING (on object monitor)&#10;        at sun.misc.Unsafe.park(Native Method)&#10;        at java.util.concurrent.locks.LockSupport.park(LockSupport.java:175)&#10;        at java.util.concurrent.locks.AbstractQueuedSynchronizer$ConditionObject.await(AbstractQueuedSynchronizer.java:2039)&#10;        at java.util.concurrent.ArrayBlockingQueue.take(ArrayBlockingQueue.java:403)&#10;        at java.util.concurrent.ThreadPoolExecutor.getTask(ThreadPoolExecutor.java:1074)&#10;        at java.util.concurrent.ThreadPoolExecutor.runWorker(ThreadPoolExecutor.java:1134)&#10;        at java.util.concurrent.ThreadPoolExecutor$Worker.run(ThreadPoolExecutor.java:624)&#10;        at java.lang.Thread.run(Thread.java:748)&#10;&quot;metrics-hadoop-metrics2-reporter-111-thread-1&quot; daemon prio=5 tid=2270 timed_waiting&#10;java.lang.Thread.State: TIMED_WAITING&#10;        at sun.misc.Unsafe.park(Native Method)&#10;        at java.util.concurrent.locks.LockSupport.parkNanos(LockSupport.java:215)&#10;        at java.util.concurrent.locks.AbstractQueuedSynchronizer$ConditionObject.awaitNanos(AbstractQueuedSynchronizer.java:2078)&#10;        at java.util.concurrent.ScheduledThreadPoolExecutor$DelayedWorkQueue.take(ScheduledThreadPoolExecutor.java:1093)&#10;        at java.util.concurrent.ScheduledThreadPoolExecutor$DelayedWorkQueue.take(ScheduledThreadPoolExecutor.java:809)&#10;        at java.util.concurrent.ThreadPoolExecutor.getTask(ThreadPoolExecutor.java:1074)&#10;        at java.util.concurrent.ThreadPoolExecutor.runWorker(ThreadPoolExecutor.java:1134)&#10;        at java.util.concurrent.ThreadPoolExecutor$Worker.run(ThreadPoolExecutor.java:624)&#10;        at java.lang.Thread.run(Thread.java:748)&#10;&quot;PartialTableCache Cleanup Thread - 0&quot; daemon prio=5 tid=2285 in Object.wait()&#10;java.lang.Thread.State: WAITING (on object monitor)&#10;        at sun.misc.Unsafe.park(Native Method)&#10;        at java.util.concurrent.locks.LockSupport.park(LockSupport.java:175)&#10;        at java.util.concurrent.locks.AbstractQueuedSynchronizer$ConditionObject.await(AbstractQueuedSynchronizer.java:2039)&#10;        at java.util.concurrent.LinkedBlockingQueue.take(LinkedBlockingQueue.java:442)&#10;        at java.util.concurrent.ThreadPoolExecutor.getTask(ThreadPoolExecutor.java:1074)&#10;        at java.util.concurrent.ThreadPoolExecutor.runWorker(ThreadPoolExecutor.java:1134)&#10;        at java.util.concurrent.ThreadPoolExecutor$Worker.run(ThreadPoolExecutor.java:624)&#10;        at java.lang.Thread.run(Thread.java:748)&#10;&quot;pool-236-thread-44&quot;  prio=5 tid=2619 in Object.wait()&#10;java.lang.Thread.State: WAITING (on object monitor)&#10;        at sun.misc.Unsafe.park(Native Method)&#10;        at java.util.concurrent.locks.LockSupport.park(LockSupport.java:175)&#10;        at java.util.concurrent.locks.AbstractQueuedSynchronizer$ConditionObject.await(AbstractQueuedSynchronizer.java:2039)&#10;        at java.util.concurrent.ArrayBlockingQueue.take(ArrayBlockingQueue.java:403)&#10;        at java.util.concurrent.ThreadPoolExecutor.getTask(ThreadPoolExecutor.java:1074)&#10;        at java.util.concurrent.ThreadPoolExecutor.runWorker(ThreadPoolExecutor.java:1134)&#10;        at java.util.concurrent.ThreadPoolExecutor$Worker.run(ThreadPoolExecutor.java:624)&#10;        at java.lang.Thread.run(Thread.java:748)&#10;&quot;IPC Server handler 13 on 35795&quot; daemon prio=5 tid=2348 timed_waiting&#10;java.lang.Thread.State: TIMED_WAITING&#10;        at sun.misc.Unsafe.park(Native Method)&#10;        at java.util.concurrent.locks.LockSupport.parkNanos(LockSupport.java:215)&#10;        at java.util.concurrent.locks.AbstractQueuedSynchronizer$ConditionObject.awaitNanos(AbstractQueuedSynchronizer.java:2078)&#10;        at java.util.concurrent.LinkedBlockingQueue.poll(LinkedBlockingQueue.java:467)&#10;        at org.apache.hadoop.ipc.CallQueueManager.take(CallQueueManager.java:288)&#10;        at org.apache.hadoop.ipc.Server$Handler.run(Server.java:2668)&#10;&quot;IPC Server handler 19 on 40756&quot; daemon prio=5 tid=2334 timed_waiting&#10;java.lang.Thread.State: TIMED_WAITING&#10;        at sun.misc.Unsafe.park(Native Method)&#10;        at java.util.concurrent.locks.LockSupport.parkNanos(LockSupport.java:215)&#10;        at java.util.concurrent.locks.AbstractQueuedSynchronizer$ConditionObject.awaitNanos(AbstractQueuedSynchronizer.java:2078)&#10;        at java.util.concurrent.LinkedBlockingQueue.poll(LinkedBlockingQueue.java:467)&#10;        at org.apache.hadoop.ipc.CallQueueManager.take(CallQueueManager.java:288)&#10;        at org.apache.hadoop.ipc.Server$Handler.run(Server.java:2668)&#10;&quot;metrics-hadoop-metrics2-reporter-75-thread-1&quot; daemon prio=5 tid=1704 timed_waiting&#10;java.lang.Thread.State: TIMED_WAITING&#10;        at sun.misc.Unsafe.park(Native Method)&#10;        at java.util.concurrent.locks.LockSupport.parkNanos(LockSupport.java:215)&#10;        at java.util.concurrent.locks.AbstractQueuedSynchronizer$ConditionObject.awaitNanos(AbstractQueuedSynchronizer.java:2078)&#10;        at java.util.concurrent.ScheduledThreadPoolExecutor$DelayedWorkQueue.take(ScheduledThreadPoolExecutor.java:1093)&#10;        at java.util.concurrent.ScheduledThreadPoolExecutor$DelayedWorkQueue.take(ScheduledThreadPoolExecutor.java:809)&#10;        at java.util.concurrent.ThreadPoolExecutor.getTask(ThreadPoolExecutor.java:1074)&#10;        at java.util.concurrent.ThreadPoolExecutor.runWorker(ThreadPoolExecutor.java:1134)&#10;        at java.util.concurrent.ThreadPoolExecutor$Worker.run(ThreadPoolExecutor.java:624)&#10;        at java.lang.Thread.run(Thread.java:748)&#10;&quot;grpc-default-boss-ELG-10-1&quot; daemon prio=5 tid=2573 runnable&#10;java.lang.Thread.State: RUNNABLE&#10;        at sun.nio.ch.EPollArrayWrapper.epollWait(Native Method)&#10;        at sun.nio.ch.EPollArrayWrapper.poll(EPollArrayWrapper.java:269)&#10;        at sun.nio.ch.EPollSelectorImpl.doSelect(EPollSelectorImpl.java:93)&#10;        at sun.nio.ch.SelectorImpl.lockAndDoSelect(SelectorImpl.java:86)&#10;        at sun.nio.ch.SelectorImpl.select(SelectorImpl.java:97)&#10;        at org.apache.ratis.thirdparty.io.netty.channel.nio.SelectedSelectionKeySetSelector.select(SelectedSelectionKeySetSelector.java:62)&#10;        at org.apache.ratis.thirdparty.io.netty.channel.nio.NioEventLoop.select(NioEventLoop.java:753)&#10;        at org.apache.ratis.thirdparty.io.netty.channel.nio.NioEventLoop.run(NioEventLoop.java:408)&#10;        at org.apache.ratis.thirdparty.io.netty.util.concurrent.SingleThreadEventExecutor$5.run(SingleThreadEventExecutor.java:897)&#10;        at org.apache.ratis.thirdparty.io.netty.util.concurrent.FastThreadLocalRunnable.run(FastThreadLocalRunnable.java:30)&#10;        at java.lang.Thread.run(Thread.java:748)&#10;&quot;IPC Server listener on 38076&quot; daemon prio=5 tid=2300 runnable&#10;java.lang.Thread.State: RUNNABLE&#10;        at sun.nio.ch.EPollArrayWrapper.epollWait(Native Method)&#10;        at sun.nio.ch.EPollArrayWrapper.poll(EPollArrayWrapper.java:269)&#10;        at sun.nio.ch.EPollSelectorImpl.doSelect(EPollSelectorImpl.java:93)&#10;        at sun.nio.ch.SelectorImpl.lockAndDoSelect(SelectorImpl.java:86)&#10;        at sun.nio.ch.SelectorImpl.select(SelectorImpl.java:97)&#10;        at sun.nio.ch.SelectorImpl.select(SelectorImpl.java:101)&#10;        at org.apache.hadoop.ipc.Server$Listener.run(Server.java:1159)&#10;&quot;Datanode ReportManager Thread - 1&quot; daemon prio=5 tid=2506 in Object.wait()&#10;java.lang.Thread.State: WAITING (on object monitor)&#10;        at sun.misc.Unsafe.park(Native Method)&#10;        at java.util.concurrent.locks.LockSupport.park(LockSupport.java:175)&#10;        at java.util.concurrent.locks.AbstractQueuedSynchronizer$ConditionObject.await(AbstractQueuedSynchronizer.java:2039)&#10;        at java.util.concurrent.ScheduledThreadPoolExecutor$DelayedWorkQueue.take(ScheduledThreadPoolExecutor.java:1088)&#10;        at java.util.concurrent.ScheduledThreadPoolExecutor$DelayedWorkQueue.take(ScheduledThreadPoolExecutor.java:809)&#10;        at java.util.concurrent.ThreadPoolExecutor.getTask(ThreadPoolExecutor.java:1074)&#10;        at java.util.concurrent.ThreadPoolExecutor.runWorker(ThreadPoolExecutor.java:1134)&#10;        at java.util.concurrent.ThreadPoolExecutor$Worker.run(ThreadPoolExecutor.java:624)&#10;        at java.lang.Thread.run(Thread.java:748)&#10;&quot;metrics-hadoop-metrics2-reporter-119-thread-1&quot; daemon prio=5 tid=2731 timed_waiting&#10;java.lang.Thread.State: TIMED_WAITING&#10;        at sun.misc.Unsafe.park(Native Method)&#10;        at java.util.concurrent.locks.LockSupport.parkNanos(LockSupport.java:215)&#10;        at java.util.concurrent.locks.AbstractQueuedSynchronizer$ConditionObject.awaitNanos(AbstractQueuedSynchronizer.java:2078)&#10;        at java.util.concurrent.ScheduledThreadPoolExecutor$DelayedWorkQueue.take(ScheduledThreadPoolExecutor.java:1093)&#10;        at java.util.concurrent.ScheduledThreadPoolExecutor$DelayedWorkQueue.take(ScheduledThreadPoolExecutor.java:809)&#10;        at java.util.concurrent.ThreadPoolExecutor.getTask(ThreadPoolExecutor.java:1074)&#10;        at java.util.concurrent.ThreadPoolExecutor.runWorker(ThreadPoolExecutor.java:1134)&#10;        at java.util.concurrent.ThreadPoolExecutor$Worker.run(ThreadPoolExecutor.java:624)&#10;        at java.lang.Thread.run(Thread.java:748)&#10;&quot;pool-246-thread-33&quot;  prio=5 tid=2670 in Object.wait()&#10;java.lang.Thread.State: WAITING (on object monitor)&#10;        at sun.misc.Unsafe.park(Native Method)&#10;        at java.util.concurrent.locks.LockSupport.park(LockSupport.java:175)&#10;        at java.util.concurrent.locks.AbstractQueuedSynchronizer$ConditionObject.await(AbstractQueuedSynchronizer.java:2039)&#10;        at java.util.concurrent.ArrayBlockingQueue.take(ArrayBlockingQueue.java:403)&#10;        at java.util.concurrent.ThreadPoolExecutor.getTask(ThreadPoolExecutor.java:1074)&#10;        at java.util.concurrent.ThreadPoolExecutor.runWorker(ThreadPoolExecutor.java:1134)&#10;        at java.util.concurrent.ThreadPoolExecutor$Worker.run(ThreadPoolExecutor.java:624)&#10;        at java.lang.Thread.run(Thread.java:748)&#10;&quot;Datanode State Machine Thread - 0&quot; daemon prio=5 tid=2477 timed_waiting&#10;java.lang.Thread.State: TIMED_WAITING&#10;        at java.lang.Thread.sleep(Native Method)&#10;        at org.apache.hadoop.ozone.container.common.statemachine.DatanodeStateMachine.start(DatanodeStateMachine.java:191)&#10;        at org.apache.hadoop.ozone.container.common.statemachine.DatanodeStateMachine.lambda$startDaemon$0(DatanodeStateMachine.java:349)&#10;        at org.apache.hadoop.ozone.container.common.statemachine.DatanodeStateMachine$$Lambda$140/1407713529.run(Unknown Source)&#10;        at java.lang.Thread.run(Thread.java:748)&#10;&quot;pool-236-thread-60&quot;  prio=5 tid=2635 in Object.wait()&#10;java.lang.Thread.State: WAITING (on object monitor)&#10;        at sun.misc.Unsafe.park(Native Method)&#10;        at java.util.concurrent.locks.LockSupport.park(LockSupport.java:175)&#10;        at java.util.concurrent.locks.AbstractQueuedSynchronizer$ConditionObject.await(AbstractQueuedSynchronizer.java:2039)&#10;        at java.util.concurrent.ArrayBlockingQueue.take(ArrayBlockingQueue.java:403)&#10;        at java.util.concurrent.ThreadPoolExecutor.getTask(ThreadPoolExecutor.java:1074)&#10;        at java.util.concurrent.ThreadPoolExecutor.runWorker(ThreadPoolExecutor.java:1134)&#10;        at java.util.concurrent.ThreadPoolExecutor$Worker.run(ThreadPoolExecutor.java:624)&#10;        at java.lang.Thread.run(Thread.java:748)&#10;&quot;pool-246-thread-15&quot;  prio=5 tid=2652 in Object.wait()&#10;java.lang.Thread.State: WAITING (on object monitor)&#10;        at sun.misc.Unsafe.park(Native Method)&#10;        at java.util.concurrent.locks.LockSupport.park(LockSupport.java:175)&#10;        at java.util.concurrent.locks.AbstractQueuedSynchronizer$ConditionObject.await(AbstractQueuedSynchronizer.java:2039)&#10;        at java.util.concurrent.ArrayBlockingQueue.take(ArrayBlockingQueue.java:403)&#10;        at java.util.concurrent.ThreadPoolExecutor.getTask(ThreadPoolExecutor.java:1074)&#10;        at java.util.concurrent.ThreadPoolExecutor.runWorker(ThreadPoolExecutor.java:1134)&#10;        at java.util.concurrent.ThreadPoolExecutor$Worker.run(ThreadPoolExecutor.java:624)&#10;        at java.lang.Thread.run(Thread.java:748)&#10;&quot;pool-227-thread-1&quot;  prio=5 tid=2714 in Object.wait()&#10;java.lang.Thread.State: WAITING (on object monitor)&#10;        at sun.misc.Unsafe.park(Native Method)&#10;        at java.util.concurrent.locks.LockSupport.park(LockSupport.java:175)&#10;        at java.util.concurrent.locks.AbstractQueuedSynchronizer$ConditionObject.await(AbstractQueuedSynchronizer.java:2039)&#10;        at java.util.concurrent.LinkedBlockingQueue.take(LinkedBlockingQueue.java:442)&#10;        at java.util.concurrent.ThreadPoolExecutor.getTask(ThreadPoolExecutor.java:1074)&#10;        at java.util.concurrent.ThreadPoolExecutor.runWorker(ThreadPoolExecutor.java:1134)&#10;        at java.util.concurrent.ThreadPoolExecutor$Worker.run(ThreadPoolExecutor.java:624)&#10;        at java.lang.Thread.run(Thread.java:748)&#10;&quot;pool-226-thread-20&quot;  prio=5 tid=2532 in Object.wait()&#10;java.lang.Thread.State: WAITING (on object monitor)&#10;        at sun.misc.Unsafe.park(Native Method)&#10;        at java.util.concurrent.locks.LockSupport.park(LockSupport.java:175)&#10;        at java.util.concurrent.locks.AbstractQueuedSynchronizer$ConditionObject.await(AbstractQueuedSynchronizer.java:2039)&#10;        at java.util.concurrent.ArrayBlockingQueue.take(ArrayBlockingQueue.java:403)&#10;        at java.util.concurrent.ThreadPoolExecutor.getTask(ThreadPoolExecutor.java:1074)&#10;        at java.util.concurrent.ThreadPoolExecutor.runWorker(ThreadPoolExecutor.java:1134)&#10;        at java.util.concurrent.ThreadPoolExecutor$Worker.run(ThreadPoolExecutor.java:624)&#10;        at java.lang.Thread.run(Thread.java:748)&#10;&quot;pool-208-thread-1&quot;  prio=5 tid=2312 timed_waiting&#10;java.lang.Thread.State: TIMED_WAITING&#10;        at sun.misc.Unsafe.park(Native Method)&#10;        at java.util.concurrent.locks.LockSupport.parkNanos(LockSupport.java:215)&#10;        at java.util.concurrent.locks.AbstractQueuedSynchronizer$ConditionObject.awaitNanos(AbstractQueuedSynchronizer.java:2078)&#10;        at java.util.concurrent.ScheduledThreadPoolExecutor$DelayedWorkQueue.take(ScheduledThreadPoolExecutor.java:1093)&#10;        at java.util.concurrent.ScheduledThreadPoolExecutor$DelayedWorkQueue.take(ScheduledThreadPoolExecutor.java:809)&#10;        at java.util.concurrent.ThreadPoolExecutor.getTask(ThreadPoolExecutor.java:1074)&#10;        at java.util.concurrent.ThreadPoolExecutor.runWorker(ThreadPoolExecutor.java:1134)&#10;        at java.util.concurrent.ThreadPoolExecutor$Worker.run(ThreadPoolExecutor.java:624)&#10;        at java.lang.Thread.run(Thread.java:748)&#10;&quot;Socket Reader #1 for port 38076&quot;  prio=5 tid=2301 runnable&#10;java.lang.Thread.State: RUNNABLE&#10;        at sun.nio.ch.EPollArrayWrapper.epollWait(Native Method)&#10;        at sun.nio.ch.EPollArrayWrapper.poll(EPollArrayWrapper.java:269)&#10;        at sun.nio.ch.EPollSelectorImpl.doSelect(EPollSelectorImpl.java:93)&#10;        at sun.nio.ch.SelectorImpl.lockAndDoSelect(SelectorImpl.java:86)&#10;        at sun.nio.ch.SelectorImpl.select(SelectorImpl.java:97)&#10;        at sun.nio.ch.SelectorImpl.select(SelectorImpl.java:101)&#10;        at org.apache.hadoop.ipc.Server$Listener$Reader.doRunLoop(Server.java:1097)&#10;        at org.apache.hadoop.ipc.Server$Listener$Reader.run(Server.java:1076)&#10;&quot;pool-246-thread-44&quot;  prio=5 tid=2681 in Object.wait()&#10;java.lang.Thread.State: WAITING (on object monitor)&#10;        at sun.misc.Unsafe.park(Native Method)&#10;        at java.util.concurrent.locks.LockSupport.park(LockSupport.java:175)&#10;        at java.util.concurrent.locks.AbstractQueuedSynchronizer$ConditionObject.await(AbstractQueuedSynchronizer.java:2039)&#10;        at java.util.concurrent.ArrayBlockingQueue.take(ArrayBlockingQueue.java:403)&#10;        at java.util.concurrent.ThreadPoolExecutor.getTask(ThreadPoolExecutor.java:1074)&#10;        at java.util.concurrent.ThreadPoolExecutor.runWorker(ThreadPoolExecutor.java:1134)&#10;        at java.util.concurrent.ThreadPoolExecutor$Worker.run(ThreadPoolExecutor.java:624)&#10;        at java.lang.Thread.run(Thread.java:748)&#10;&quot;PartialTableCache Cleanup Thread - 0&quot; daemon prio=5 tid=551 in Object.wait()&#10;java.lang.Thread.State: WAITING (on object monitor)&#10;        at sun.misc.Unsafe.park(Native Method)&#10;        at java.util.concurrent.locks.LockSupport.park(LockSupport.java:175)&#10;        at java.util.concurrent.locks.AbstractQueuedSynchronizer$ConditionObject.await(AbstractQueuedSynchronizer.java:2039)&#10;        at java.util.concurrent.LinkedBlockingQueue.take(LinkedBlockingQueue.java:442)&#10;        at java.util.concurrent.ThreadPoolExecutor.getTask(ThreadPoolExecutor.java:1074)&#10;        at java.util.concurrent.ThreadPoolExecutor.runWorker(ThreadPoolExecutor.java:1134)&#10;        at java.util.concurrent.ThreadPoolExecutor$Worker.run(ThreadPoolExecutor.java:624)&#10;        at java.lang.Thread.run(Thread.java:748)&#10;&quot;pool-226-thread-50&quot;  prio=5 tid=2562 in Object.wait()&#10;java.lang.Thread.State: WAITING (on object monitor)&#10;        at sun.misc.Unsafe.park(Native Method)&#10;        at java.util.concurrent.locks.LockSupport.park(LockSupport.java:175)&#10;        at java.util.concurrent.locks.AbstractQueuedSynchronizer$ConditionObject.await(AbstractQueuedSynchronizer.java:2039)&#10;        at java.util.concurrent.ArrayBlockingQueue.take(ArrayBlockingQueue.java:403)&#10;        at java.util.concurrent.ThreadPoolExecutor.getTask(ThreadPoolExecutor.java:1074)&#10;        at java.util.concurrent.ThreadPoolExecutor.runWorker(ThreadPoolExecutor.java:1134)&#10;        at java.util.concurrent.ThreadPoolExecutor$Worker.run(ThreadPoolExecutor.java:624)&#10;        at java.lang.Thread.run(Thread.java:748)&#10;&quot;pool-226-thread-52&quot;  prio=5 tid=2564 in Object.wait()&#10;java.lang.Thread.State: WAITING (on object monitor)&#10;        at sun.misc.Unsafe.park(Native Method)&#10;        at java.util.concurrent.locks.LockSupport.park(LockSupport.java:175)&#10;        at java.util.concurrent.locks.AbstractQueuedSynchronizer$ConditionObject.await(AbstractQueuedSynchronizer.java:2039)&#10;        at java.util.concurrent.ArrayBlockingQueue.take(ArrayBlockingQueue.java:403)&#10;        at java.util.concurrent.ThreadPoolExecutor.getTask(ThreadPoolExecutor.java:1074)&#10;        at java.util.concurrent.ThreadPoolExecutor.runWorker(ThreadPoolExecutor.java:1134)&#10;        at java.util.concurrent.ThreadPoolExecutor$Worker.run(ThreadPoolExecutor.java:624)&#10;        at java.lang.Thread.run(Thread.java:748)&#10;&quot;Datanode ReportManager Thread - 2&quot; daemon prio=5 tid=2507 timed_waiting&#10;java.lang.Thread.State: TIMED_WAITING&#10;        at sun.misc.Unsafe.park(Native Method)&#10;        at java.util.concurrent.locks.LockSupport.parkNanos(LockSupport.java:215)&#10;        at java.util.concurrent.locks.AbstractQueuedSynchronizer$ConditionObject.awaitNanos(AbstractQueuedSynchronizer.java:2078)&#10;        at java.util.concurrent.ScheduledThreadPoolExecutor$DelayedWorkQueue.take(ScheduledThreadPoolExecutor.java:1093)&#10;        at java.util.concurrent.ScheduledThreadPoolExecutor$DelayedWorkQueue.take(ScheduledThreadPoolExecutor.java:809)&#10;        at java.util.concurrent.ThreadPoolExecutor.getTask(ThreadPoolExecutor.java:1074)&#10;        at java.util.concurrent.ThreadPoolExecutor.runWorker(ThreadPoolExecutor.java:1134)&#10;        at java.util.concurrent.ThreadPoolExecutor$Worker.run(ThreadPoolExecutor.java:624)&#10;        at java.lang.Thread.run(Thread.java:748)&#10;&quot;PartialTableCache Cleanup Thread - 0&quot; daemon prio=5 tid=2283 in Object.wait()&#10;java.lang.Thread.State: WAITING (on object monitor)&#10;        at sun.misc.Unsafe.park(Native Method)&#10;        at java.util.concurrent.locks.LockSupport.park(LockSupport.java:175)&#10;        at java.util.concurrent.locks.AbstractQueuedSynchronizer$ConditionObject.await(AbstractQueuedSynchronizer.java:2039)&#10;        at java.util.concurrent.LinkedBlockingQueue.take(LinkedBlockingQueue.java:442)&#10;        at java.util.concurrent.ThreadPoolExecutor.getTask(ThreadPoolExecutor.java:1074)&#10;        at java.util.concurrent.ThreadPoolExecutor.runWorker(ThreadPoolExecutor.java:1134)&#10;        at java.util.concurrent.ThreadPoolExecutor$Worker.run(ThreadPoolExecutor.java:624)&#10;        at java.lang.Thread.run(Thread.java:748)&#10;&quot;metrics-hadoop-metrics2-reporter-71-thread-1&quot; daemon prio=5 tid=1690 timed_waiting&#10;java.lang.Thread.State: TIMED_WAITING&#10;        at sun.misc.Unsafe.park(Native Method)&#10;        at java.util.concurrent.locks.LockSupport.parkNanos(LockSupport.java:215)&#10;        at java.util.concurrent.locks.AbstractQueuedSynchronizer$ConditionObject.awaitNanos(AbstractQueuedSynchronizer.java:2078)&#10;        at java.util.concurrent.ScheduledThreadPoolExecutor$DelayedWorkQueue.take(ScheduledThreadPoolExecutor.java:1093)&#10;        at java.util.concurrent.ScheduledThreadPoolExecutor$DelayedWorkQueue.take(ScheduledThreadPoolExecutor.java:809)&#10;        at java.util.concurrent.ThreadPoolExecutor.getTask(ThreadPoolExecutor.java:1074)&#10;        at java.util.concurrent.ThreadPoolExecutor.runWorker(ThreadPoolExecutor.java:1134)&#10;        at java.util.concurrent.ThreadPoolExecutor$Worker.run(ThreadPoolExecutor.java:624)&#10;        at java.lang.Thread.run(Thread.java:748)&#10;&quot;a6b2ebfb-69a0-457c-b6cd-a50cc148b564@group-896385CD49EE-SegmentedRaftLogWorker&quot;  prio=5 tid=2927 timed_waiting&#10;java.lang.Thread.State: TIMED_WAITING&#10;        at sun.misc.Unsafe.park(Native Method)&#10;        at java.util.concurrent.locks.LockSupport.parkNanos(LockSupport.java:215)&#10;        at java.util.concurrent.locks.AbstractQueuedSynchronizer$ConditionObject.awaitNanos(AbstractQueuedSynchronizer.java:2078)&#10;        at org.apache.ratis.util.DataBlockingQueue.poll(DataBlockingQueue.java:137)&#10;        at org.apache.ratis.server.raftlog.segmented.SegmentedRaftLogWorker.run(SegmentedRaftLogWorker.java:282)&#10;        at java.lang.Thread.run(Thread.java:748)&#10;&quot;pool-246-thread-34&quot;  prio=5 tid=2671 in Object.wait()&#10;java.lang.Thread.State: WAITING (on object monitor)&#10;        at sun.misc.Unsafe.park(Native Method)&#10;        at java.util.concurrent.locks.LockSupport.park(LockSupport.java:175)&#10;        at java.util.concurrent.locks.AbstractQueuedSynchronizer$ConditionObject.await(AbstractQueuedSynchronizer.java:2039)&#10;        at java.util.concurrent.ArrayBlockingQueue.take(ArrayBlockingQueue.java:403)&#10;        at java.util.concurrent.ThreadPoolExecutor.getTask(ThreadPoolExecutor.java:1074)&#10;        at java.util.concurrent.ThreadPoolExecutor.runWorker(ThreadPoolExecutor.java:1134)&#10;        at java.util.concurrent.ThreadPoolExecutor$Worker.run(ThreadPoolExecutor.java:624)&#10;        at java.lang.Thread.run(Thread.java:748)&#10;&quot;pool-236-thread-28&quot;  prio=5 tid=2603 in Object.wait()&#10;java.lang.Thread.State: WAITING (on object monitor)&#10;        at sun.misc.Unsafe.park(Native Method)&#10;        at java.util.concurrent.locks.LockSupport.park(LockSupport.java:175)&#10;        at java.util.concurrent.locks.AbstractQueuedSynchronizer$ConditionObject.await(AbstractQueuedSynchronizer.java:2039)&#10;        at java.util.concurrent.ArrayBlockingQueue.take(ArrayBlockingQueue.java:403)&#10;        at java.util.concurrent.ThreadPoolExecutor.getTask(ThreadPoolExecutor.java:1074)&#10;        at java.util.concurrent.ThreadPoolExecutor.runWorker(ThreadPoolExecutor.java:1134)&#10;        at java.util.concurrent.ThreadPoolExecutor$Worker.run(ThreadPoolExecutor.java:624)&#10;        at java.lang.Thread.run(Thread.java:748)&#10;&quot;IPC Server handler 14 on 35795&quot; daemon prio=5 tid=2349 timed_waiting&#10;java.lang.Thread.State: TIMED_WAITING&#10;        at sun.misc.Unsafe.park(Native Method)&#10;        at java.util.concurrent.locks.LockSupport.parkNanos(LockSupport.java:215)&#10;        at java.util.concurrent.locks.AbstractQueuedSynchronizer$ConditionObject.awaitNanos(AbstractQueuedSynchronizer.java:2078)&#10;        at java.util.concurrent.LinkedBlockingQueue.poll(LinkedBlockingQueue.java:467)&#10;        at org.apache.hadoop.ipc.CallQueueManager.take(CallQueueManager.java:288)&#10;        at org.apache.hadoop.ipc.Server$Handler.run(Server.java:2668)&#10;&quot;java.util.concurrent.ThreadPoolExecutor$Worker@7c133b76[State = -1, empty queue]&quot; daemon prio=5 tid=2955 timed_waiting&#10;java.lang.Thread.State: TIMED_WAITING&#10;        at sun.misc.Unsafe.park(Native Method)&#10;        at java.util.concurrent.locks.LockSupport.parkNanos(LockSupport.java:215)&#10;        at java.util.concurrent.locks.AbstractQueuedSynchronizer$ConditionObject.awaitNanos(AbstractQueuedSynchronizer.java:2078)&#10;        at java.util.concurrent.ScheduledThreadPoolExecutor$DelayedWorkQueue.take(ScheduledThreadPoolExecutor.java:1093)&#10;        at java.util.concurrent.ScheduledThreadPoolExecutor$DelayedWorkQueue.take(ScheduledThreadPoolExecutor.java:809)&#10;        at java.util.concurrent.ThreadPoolExecutor.getTask(ThreadPoolExecutor.java:1074)&#10;        at java.util.concurrent.ThreadPoolExecutor.runWorker(ThreadPoolExecutor.java:1134)&#10;        at java.util.concurrent.ThreadPoolExecutor$Worker.run(ThreadPoolExecutor.java:624)&#10;        at java.lang.Thread.run(Thread.java:748)&#10;&quot;IPC Server idle connection scanner for port 45250&quot; daemon prio=5 tid=2393 timed_waiting&#10;java.lang.Thread.State: TIMED_WAITING&#10;        at java.lang.Object.wait(Native Method)&#10;        at java.util.TimerThread.mainLoop(Timer.java:552)&#10;        at java.util.TimerThread.run(Timer.java:505)&#10;&quot;metrics-hadoop-metrics2-reporter-112-thread-1&quot; daemon prio=5 tid=2715 timed_waiting&#10;java.lang.Thread.State: TIMED_WAITING&#10;        at sun.misc.Unsafe.park(Native Method)&#10;        at java.util.concurrent.locks.LockSupport.parkNanos(LockSupport.java:215)&#10;        at java.util.concurrent.locks.AbstractQueuedSynchronizer$ConditionObject.awaitNanos(AbstractQueuedSynchronizer.java:2078)&#10;        at java.util.concurrent.ScheduledThreadPoolExecutor$DelayedWorkQueue.take(ScheduledThreadPoolExecutor.java:1093)&#10;        at java.util.concurrent.ScheduledThreadPoolExecutor$DelayedWorkQueue.take(ScheduledThreadPoolExecutor.java:809)&#10;        at java.util.concurrent.ThreadPoolExecutor.getTask(ThreadPoolExecutor.java:1074)&#10;        at java.util.concurrent.ThreadPoolExecutor.runWorker(ThreadPoolExecutor.java:1134)&#10;        at java.util.concurrent.ThreadPoolExecutor$Worker.run(ThreadPoolExecutor.java:624)&#10;        at java.lang.Thread.run(Thread.java:748)&#10;&quot;IPC Server handler 0 on 35795&quot; daemon prio=5 tid=2335 timed_waiting&#10;java.lang.Thread.State: TIMED_WAITING&#10;        at sun.misc.Unsafe.park(Native Method)&#10;        at java.util.concurrent.locks.LockSupport.parkNanos(LockSupport.java:215)&#10;        at java.util.concurrent.locks.AbstractQueuedSynchronizer$ConditionObject.awaitNanos(AbstractQueuedSynchronizer.java:2078)&#10;        at java.util.concurrent.LinkedBlockingQueue.poll(LinkedBlockingQueue.java:467)&#10;        at org.apache.hadoop.ipc.CallQueueManager.take(CallQueueManager.java:288)&#10;        at org.apache.hadoop.ipc.Server$Handler.run(Server.java:2668)&#10;&quot;metrics-hadoop-metrics2-reporter-130-thread-1&quot; daemon prio=5 tid=2765 timed_waiting&#10;java.lang.Thread.State: TIMED_WAITING&#10;        at sun.misc.Unsafe.park(Native Method)&#10;        at java.util.concurrent.locks.LockSupport.parkNanos(LockSupport.java:215)&#10;        at java.util.concurrent.locks.AbstractQueuedSynchronizer$ConditionObject.awaitNanos(AbstractQueuedSynchronizer.java:2078)&#10;        at java.util.concurrent.ScheduledThreadPoolExecutor$DelayedWorkQueue.take(ScheduledThreadPoolExecutor.java:1093)&#10;        at java.util.concurrent.ScheduledThreadPoolExecutor$DelayedWorkQueue.take(ScheduledThreadPoolExecutor.java:809)&#10;        at java.util.concurrent.ThreadPoolExecutor.getTask(ThreadPoolExecutor.java:1074)&#10;        at java.util.concurrent.ThreadPoolExecutor.runWorker(ThreadPoolExecutor.java:1134)&#10;        at java.util.concurrent.ThreadPoolExecutor$Worker.run(ThreadPoolExecutor.java:624)&#10;        at java.lang.Thread.run(Thread.java:748)&#10;&quot;IPC Server handler 10 on 45250&quot; daemon prio=5 tid=2409 timed_waiting&#10;java.lang.Thread.State: TIMED_WAITING&#10;        at sun.misc.Unsafe.park(Native Method)&#10;        at java.util.concurrent.locks.LockSupport.parkNanos(LockSupport.java:215)&#10;        at java.util.concurrent.locks.AbstractQueuedSynchronizer$ConditionObject.awaitNanos(AbstractQueuedSynchronizer.java:2078)&#10;        at java.util.concurrent.LinkedBlockingQueue.poll(LinkedBlockingQueue.java:467)&#10;        at org.apache.hadoop.ipc.CallQueueManager.take(CallQueueManager.java:288)&#10;        at org.apache.hadoop.ipc.Server$Handler.run(Server.java:2668)&#10;&quot;pool-226-thread-29&quot;  prio=5 tid=2541 in Object.wait()&#10;java.lang.Thread.State: WAITING (on object monitor)&#10;        at sun.misc.Unsafe.park(Native Method)&#10;        at java.util.concurrent.locks.LockSupport.park(LockSupport.java:175)&#10;        at java.util.concurrent.locks.AbstractQueuedSynchronizer$ConditionObject.await(AbstractQueuedSynchronizer.java:2039)&#10;        at java.util.concurrent.ArrayBlockingQueue.take(ArrayBlockingQueue.java:403)&#10;        at java.util.concurrent.ThreadPoolExecutor.getTask(ThreadPoolExecutor.java:1074)&#10;        at java.util.concurrent.ThreadPoolExecutor.runWorker(ThreadPoolExecutor.java:1134)&#10;        at java.util.concurrent.ThreadPoolExecutor$Worker.run(ThreadPoolExecutor.java:624)&#10;        at java.lang.Thread.run(Thread.java:748)&#10;&quot;pool-246-thread-48&quot;  prio=5 tid=2685 in Object.wait()&#10;java.lang.Thread.State: WAITING (on object monitor)&#10;        at sun.misc.Unsafe.park(Native Method)&#10;        at java.util.concurrent.locks.LockSupport.park(LockSupport.java:175)&#10;        at java.util.concurrent.locks.AbstractQueuedSynchronizer$ConditionObject.await(AbstractQueuedSynchronizer.java:2039)&#10;        at java.util.concurrent.ArrayBlockingQueue.take(ArrayBlockingQueue.java:403)&#10;        at java.util.concurrent.ThreadPoolExecutor.getTask(ThreadPoolExecutor.java:1074)&#10;        at java.util.concurrent.ThreadPoolExecutor.runWorker(ThreadPoolExecutor.java:1134)&#10;        at java.util.concurrent.ThreadPoolExecutor$Worker.run(ThreadPoolExecutor.java:624)&#10;        at java.lang.Thread.run(Thread.java:748)&#10;&quot;BlockDeletingService#1&quot; daemon prio=5 tid=2575 in Object.wait()&#10;java.lang.Thread.State: WAITING (on object monitor)&#10;        at sun.misc.Unsafe.park(Native Method)&#10;        at java.util.concurrent.locks.LockSupport.park(LockSupport.java:175)&#10;        at java.util.concurrent.locks.AbstractQueuedSynchronizer$ConditionObject.await(AbstractQueuedSynchronizer.java:2039)&#10;        at java.util.concurrent.ScheduledThreadPoolExecutor$DelayedWorkQueue.take(ScheduledThreadPoolExecutor.java:1088)&#10;        at java.util.concurrent.ScheduledThreadPoolExecutor$DelayedWorkQueue.take(ScheduledThreadPoolExecutor.java:809)&#10;        at java.util.concurrent.ThreadPoolExecutor.getTask(ThreadPoolExecutor.java:1074)&#10;        at java.util.concurrent.ThreadPoolExecutor.runWorker(ThreadPoolExecutor.java:1134)&#10;        at java.util.concurrent.ThreadPoolExecutor$Worker.run(ThreadPoolExecutor.java:624)&#10;        at java.lang.Thread.run(Thread.java:748)&#10;&quot;pool-226-thread-16&quot;  prio=5 tid=2528 in Object.wait()&#10;java.lang.Thread.State: WAITING (on object monitor)&#10;        at sun.misc.Unsafe.park(Native Method)&#10;        at java.util.concurrent.locks.LockSupport.park(LockSupport.java:175)&#10;        at java.util.concurrent.locks.AbstractQueuedSynchronizer$ConditionObject.await(AbstractQueuedSynchronizer.java:2039)&#10;        at java.util.concurrent.ArrayBlockingQueue.take(ArrayBlockingQueue.java:403)&#10;        at java.util.concurrent.ThreadPoolExecutor.getTask(ThreadPoolExecutor.java:1074)&#10;        at java.util.concurrent.ThreadPoolExecutor.runWorker(ThreadPoolExecutor.java:1134)&#10;        at java.util.concurrent.ThreadPoolExecutor$Worker.run(ThreadPoolExecutor.java:624)&#10;        at java.lang.Thread.run(Thread.java:748)&#10;&quot;pool-226-thread-45&quot;  prio=5 tid=2557 in Object.wait()&#10;java.lang.Thread.State: WAITING (on object monitor)&#10;        at sun.misc.Unsafe.park(Native Method)&#10;        at java.util.concurrent.locks.LockSupport.park(LockSupport.java:175)&#10;        at java.util.concurrent.locks.AbstractQueuedSynchronizer$ConditionObject.await(AbstractQueuedSynchronizer.java:2039)&#10;        at java.util.concurrent.ArrayBlockingQueue.take(ArrayBlockingQueue.java:403)&#10;        at java.util.concurrent.ThreadPoolExecutor.getTask(ThreadPoolExecutor.java:1074)&#10;        at java.util.concurrent.ThreadPoolExecutor.runWorker(ThreadPoolExecutor.java:1134)&#10;        at java.util.concurrent.ThreadPoolExecutor$Worker.run(ThreadPoolExecutor.java:624)&#10;        at java.lang.Thread.run(Thread.java:748)&#10;&quot;IPC Server handler 1 on 45250&quot; daemon prio=5 tid=2400 timed_waiting&#10;java.lang.Thread.State: TIMED_WAITING&#10;        at sun.misc.Unsafe.park(Native Method)&#10;        at java.util.concurrent.locks.LockSupport.parkNanos(LockSupport.java:215)&#10;        at java.util.concurrent.locks.AbstractQueuedSynchronizer$ConditionObject.awaitNanos(AbstractQueuedSynchronizer.java:2078)&#10;        at java.util.concurrent.LinkedBlockingQueue.poll(LinkedBlockingQueue.java:467)&#10;        at org.apache.hadoop.ipc.CallQueueManager.take(CallQueueManager.java:288)&#10;        at org.apache.hadoop.ipc.Server$Handler.run(Server.java:2668)&#10;&quot;metrics-hadoop-metrics2-reporter-21-thread-1&quot; daemon prio=5 tid=493 timed_waiting&#10;java.lang.Thread.State: TIMED_WAITING&#10;        at sun.misc.Unsafe.park(Native Method)&#10;        at java.util.concurrent.locks.LockSupport.parkNanos(LockSupport.java:215)&#10;        at java.util.concurrent.locks.AbstractQueuedSynchronizer$ConditionObject.awaitNanos(AbstractQueuedSynchronizer.java:2078)&#10;        at java.util.concurrent.ScheduledThreadPoolExecutor$DelayedWorkQueue.take(ScheduledThreadPoolExecutor.java:1093)&#10;        at java.util.concurrent.ScheduledThreadPoolExecutor$DelayedWorkQueue.take(ScheduledThreadPoolExecutor.java:809)&#10;        at java.util.concurrent.ThreadPoolExecutor.getTask(ThreadPoolExecutor.java:1074)&#10;        at java.util.concurrent.ThreadPoolExecutor.runWorker(ThreadPoolExecutor.java:1134)&#10;        at java.util.concurrent.ThreadPoolExecutor$Worker.run(ThreadPoolExecutor.java:624)&#10;        at java.lang.Thread.run(Thread.java:748)&#10;&quot;Datanode ReportManager Thread - 0&quot; daemon prio=5 tid=2505 in Object.wait()&#10;java.lang.Thread.State: WAITING (on object monitor)&#10;        at sun.misc.Unsafe.park(Native Method)&#10;        at java.util.concurrent.locks.LockSupport.park(LockSupport.java:175)&#10;        at java.util.concurrent.locks.AbstractQueuedSynchronizer$ConditionObject.await(AbstractQueuedSynchronizer.java:2039)&#10;        at java.util.concurrent.ScheduledThreadPoolExecutor$DelayedWorkQueue.take(ScheduledThreadPoolExecutor.java:1088)&#10;        at java.util.concurrent.ScheduledThreadPoolExecutor$DelayedWorkQueue.take(ScheduledThreadPoolExecutor.java:809)&#10;        at java.util.concurrent.ThreadPoolExecutor.getTask(ThreadPoolExecutor.java:1074)&#10;        at java.util.concurrent.ThreadPoolExecutor.runWorker(ThreadPoolExecutor.java:1134)&#10;        at java.util.concurrent.ThreadPoolExecutor$Worker.run(ThreadPoolExecutor.java:624)&#10;        at java.lang.Thread.run(Thread.java:748)&#10;&quot;EventQueue-NewNodeForNewNodeHandler&quot; daemon prio=5 tid=2700 in Object.wait()&#10;java.lang.Thread.State: WAITING (on object monitor)&#10;        at sun.misc.Unsafe.park(Native Method)&#10;        at java.util.concurrent.locks.LockSupport.park(LockSupport.java:175)&#10;        at java.util.concurrent.locks.AbstractQueuedSynchronizer$ConditionObject.await(AbstractQueuedSynchronizer.java:2039)&#10;        at java.util.concurrent.LinkedBlockingQueue.take(LinkedBlockingQueue.java:442)&#10;        at java.util.concurrent.ThreadPoolExecutor.getTask(ThreadPoolExecutor.java:1074)&#10;        at java.util.concurrent.ThreadPoolExecutor.runWorker(ThreadPoolExecutor.java:1134)&#10;        at java.util.concurrent.ThreadPoolExecutor$Worker.run(ThreadPoolExecutor.java:624)&#10;        at java.lang.Thread.run(Thread.java:748)&#10;&quot;pool-246-thread-30&quot;  prio=5 tid=2667 in Object.wait()&#10;java.lang.Thread.State: WAITING (on object monitor)&#10;        at sun.misc.Unsafe.park(Native Method)&#10;        at java.util.concurrent.locks.LockSupport.park(LockSupport.java:175)&#10;        at java.util.concurrent.locks.AbstractQueuedSynchronizer$ConditionObject.await(AbstractQueuedSynchronizer.java:2039)&#10;        at java.util.concurrent.ArrayBlockingQueue.take(ArrayBlockingQueue.java:403)&#10;        at java.util.concurrent.ThreadPoolExecutor.getTask(ThreadPoolExecutor.java:1074)&#10;        at java.util.concurrent.ThreadPoolExecutor.runWorker(ThreadPoolExecutor.java:1134)&#10;        at java.util.concurrent.ThreadPoolExecutor$Worker.run(ThreadPoolExecutor.java:624)&#10;        at java.lang.Thread.run(Thread.java:748)&#10;&quot;metrics-hadoop-metrics2-reporter-82-thread-1&quot; daemon prio=5 tid=1730 timed_waiting&#10;java.lang.Thread.State: TIMED_WAITING&#10;        at sun.misc.Unsafe.park(Native Method)&#10;        at java.util.concurrent.locks.LockSupport.parkNanos(LockSupport.java:215)&#10;        at java.util.concurrent.locks.AbstractQueuedSynchronizer$ConditionObject.awaitNanos(AbstractQueuedSynchronizer.java:2078)&#10;        at java.util.concurrent.ScheduledThreadPoolExecutor$DelayedWorkQueue.take(ScheduledThreadPoolExecutor.java:1093)&#10;        at java.util.concurrent.ScheduledThreadPoolExecutor$DelayedWorkQueue.take(ScheduledThreadPoolExecutor.java:809)&#10;        at java.util.concurrent.ThreadPoolExecutor.getTask(ThreadPoolExecutor.java:1074)&#10;        at java.util.concurrent.ThreadPoolExecutor.runWorker(ThreadPoolExecutor.java:1134)&#10;        at java.util.concurrent.ThreadPoolExecutor$Worker.run(ThreadPoolExecutor.java:624)&#10;        at java.lang.Thread.run(Thread.java:748)&#10;&quot;IPC Server handler 7 on 40756&quot; daemon prio=5 tid=2322 timed_waiting&#10;java.lang.Thread.State: TIMED_WAITING&#10;        at sun.misc.Unsafe.park(Native Method)&#10;        at java.util.concurrent.locks.LockSupport.parkNanos(LockSupport.java:215)&#10;        at java.util.concurrent.locks.AbstractQueuedSynchronizer$ConditionObject.awaitNanos(AbstractQueuedSynchronizer.java:2078)&#10;        at java.util.concurrent.LinkedBlockingQueue.poll(LinkedBlockingQueue.java:467)&#10;        at org.apache.hadoop.ipc.CallQueueManager.take(CallQueueManager.java:288)&#10;        at org.apache.hadoop.ipc.Server$Handler.run(Server.java:2668)&#10;&quot;pool-236-thread-7&quot;  prio=5 tid=2582 in Object.wait()&#10;java.lang.Thread.State: WAITING (on object monitor)&#10;        at sun.misc.Unsafe.park(Native Method)&#10;        at java.util.concurrent.locks.LockSupport.park(LockSupport.java:175)&#10;        at java.util.concurrent.locks.AbstractQueuedSynchronizer$ConditionObject.await(AbstractQueuedSynchronizer.java:2039)&#10;        at java.util.concurrent.ArrayBlockingQueue.take(ArrayBlockingQueue.java:403)&#10;        at java.util.concurrent.ThreadPoolExecutor.getTask(ThreadPoolExecutor.java:1074)&#10;        at java.util.concurrent.ThreadPoolExecutor.runWorker(ThreadPoolExecutor.java:1134)&#10;        at java.util.concurrent.ThreadPoolExecutor$Worker.run(ThreadPoolExecutor.java:624)&#10;        at java.lang.Thread.run(Thread.java:748)&#10;&quot;metrics-hadoop-metrics2-reporter-105-thread-1&quot; daemon prio=5 tid=2245 timed_waiting&#10;java.lang.Thread.State: TIMED_WAITING&#10;        at sun.misc.Unsafe.park(Native Method)&#10;        at java.util.concurrent.locks.LockSupport.parkNanos(LockSupport.java:215)&#10;        at java.util.concurrent.locks.AbstractQueuedSynchronizer$ConditionObject.awaitNanos(AbstractQueuedSynchronizer.java:2078)&#10;        at java.util.concurrent.ScheduledThreadPoolExecutor$DelayedWorkQueue.take(ScheduledThreadPoolExecutor.java:1093)&#10;        at java.util.concurrent.ScheduledThreadPoolExecutor$DelayedWorkQueue.take(ScheduledThreadPoolExecutor.java:809)&#10;        at java.util.concurrent.ThreadPoolExecutor.getTask(ThreadPoolExecutor.java:1074)&#10;        at java.util.concurrent.ThreadPoolExecutor.runWorker(ThreadPoolExecutor.java:1134)&#10;        at java.util.concurrent.ThreadPoolExecutor$Worker.run(ThreadPoolExecutor.java:624)&#10;        at java.lang.Thread.run(Thread.java:748)&#10;&quot;pool-236-thread-9&quot;  prio=5 tid=2584 in Object.wait()&#10;java.lang.Thread.State: WAITING (on object monitor)&#10;        at sun.misc.Unsafe.park(Native Method)&#10;        at java.util.concurrent.locks.LockSupport.park(LockSupport.java:175)&#10;        at java.util.concurrent.locks.AbstractQueuedSynchronizer$ConditionObject.await(AbstractQueuedSynchronizer.java:2039)&#10;        at java.util.concurrent.ArrayBlockingQueue.take(ArrayBlockingQueue.java:403)&#10;        at java.util.concurrent.ThreadPoolExecutor.getTask(ThreadPoolExecutor.java:1074)&#10;        at java.util.concurrent.ThreadPoolExecutor.runWorker(ThreadPoolExecutor.java:1134)&#10;        at java.util.concurrent.ThreadPoolExecutor$Worker.run(ThreadPoolExecutor.java:624)&#10;        at java.lang.Thread.run(Thread.java:748)&#10;&quot;pool-236-thread-38&quot;  prio=5 tid=2613 in Object.wait()&#10;java.lang.Thread.State: WAITING (on object monitor)&#10;        at sun.misc.Unsafe.park(Native Method)&#10;        at java.util.concurrent.locks.LockSupport.park(LockSupport.java:175)&#10;        at java.util.concurrent.locks.AbstractQueuedSynchronizer$ConditionObject.await(AbstractQueuedSynchronizer.java:2039)&#10;        at java.util.concurrent.ArrayBlockingQueue.take(ArrayBlockingQueue.java:403)&#10;        at java.util.concurrent.ThreadPoolExecutor.getTask(ThreadPoolExecutor.java:1074)&#10;        at java.util.concurrent.ThreadPoolExecutor.runWorker(ThreadPoolExecutor.java:1134)&#10;        at java.util.concurrent.ThreadPoolExecutor$Worker.run(ThreadPoolExecutor.java:624)&#10;        at java.lang.Thread.run(Thread.java:748)&#10;&quot;pool-246-thread-59&quot;  prio=5 tid=2696 in Object.wait()&#10;java.lang.Thread.State: WAITING (on object monitor)&#10;        at sun.misc.Unsafe.park(Native Method)&#10;        at java.util.concurrent.locks.LockSupport.park(LockSupport.java:175)&#10;        at java.util.concurrent.locks.AbstractQueuedSynchronizer$ConditionObject.await(AbstractQueuedSynchronizer.java:2039)&#10;        at java.util.concurrent.ArrayBlockingQueue.take(ArrayBlockingQueue.java:403)&#10;        at java.util.concurrent.ThreadPoolExecutor.getTask(ThreadPoolExecutor.java:1074)&#10;        at java.util.concurrent.ThreadPoolExecutor.runWorker(ThreadPoolExecutor.java:1134)&#10;        at java.util.concurrent.ThreadPoolExecutor$Worker.run(ThreadPoolExecutor.java:624)&#10;        at java.lang.Thread.run(Thread.java:748)&#10;&quot;IPC Server Responder&quot; daemon prio=5 tid=2303 runnable&#10;java.lang.Thread.State: RUNNABLE&#10;        at sun.nio.ch.EPollArrayWrapper.epollWait(Native Method)&#10;        at sun.nio.ch.EPollArrayWrapper.poll(EPollArrayWrapper.java:269)&#10;        at sun.nio.ch.EPollSelectorImpl.doSelect(EPollSelectorImpl.java:93)&#10;        at sun.nio.ch.SelectorImpl.lockAndDoSelect(SelectorImpl.java:86)&#10;        at sun.nio.ch.SelectorImpl.select(SelectorImpl.java:97)&#10;        at org.apache.hadoop.ipc.Server$Responder.doRunLoop(Server.java:1334)&#10;        at org.apache.hadoop.ipc.Server$Responder.run(Server.java:1317)&#10;&quot;refreshUsed-/workdir/hadoop-ozone/ozonefs/target/test-dir/MiniOzoneClusterImpl-a3991107-2db4-4ed9-b586-01161be3d184/datanode-2/data/containers&quot; daemon prio=5 tid=2488 timed_waiting&#10;java.lang.Thread.State: TIMED_WAITING&#10;        at java.lang.Thread.sleep(Native Method)&#10;        at org.apache.hadoop.fs.CachingGetSpaceUsed$RefreshThread.run(CachingGetSpaceUsed.java:179)&#10;        at java.lang.Thread.run(Thread.java:748)&#10;&quot;qtp2000429588-2469&quot; daemon prio=5 tid=2469 timed_waiting&#10;java.lang.Thread.State: TIMED_WAITING&#10;        at sun.misc.Unsafe.park(Native Method)&#10;        at java.util.concurrent.locks.LockSupport.parkNanos(LockSupport.java:215)&#10;        at java.util.concurrent.locks.AbstractQueuedSynchronizer$ConditionObject.awaitNanos(AbstractQueuedSynchronizer.java:2078)&#10;        at org.eclipse.jetty.util.BlockingArrayQueue.poll(BlockingArrayQueue.java:392)&#10;        at org.eclipse.jetty.util.thread.QueuedThreadPool.idleJobPoll(QueuedThreadPool.java:563)&#10;        at org.eclipse.jetty.util.thread.QueuedThreadPool.access$800(QueuedThreadPool.java:48)&#10;        at org.eclipse.jetty.util.thread.QueuedThreadPool$2.run(QueuedThreadPool.java:626)&#10;        at java.lang.Thread.run(Thread.java:748)&#10;&quot;org.apache.hadoop.util.JvmPauseMonitor$Monitor@5f3a9c80&quot; daemon prio=5 tid=2456 timed_waiting&#10;java.lang.Thread.State: TIMED_WAITING&#10;        at java.lang.Thread.sleep(Native Method)&#10;        at org.apache.hadoop.util.JvmPauseMonitor$Monitor.run(JvmPauseMonitor.java:192)&#10;        at java.lang.Thread.run(Thread.java:748)&#10;&quot;b32d7882-88db-4fe6-9cca-6a25122d474d@group-896385CD49EE-StateMachineUpdater&quot; daemon prio=5 tid=2931 in Object.wait()&#10;java.lang.Thread.State: WAITING (on object monitor)&#10;        at java.lang.Object.wait(Native Method)&#10;        at java.lang.Object.wait(Object.java:502)&#10;        at org.apache.ratis.server.impl.StateMachineUpdater.waitForCommit(StateMachineUpdater.java:194)&#10;        at org.apache.ratis.server.impl.StateMachineUpdater.run(StateMachineUpdater.java:159)&#10;        at java.lang.Thread.run(Thread.java:748)&#10;&quot;KeyDeletingService#1&quot; daemon prio=5 tid=2398 in Object.wait()&#10;java.lang.Thread.State: WAITING (on object monitor)&#10;        at sun.misc.Unsafe.park(Native Method)&#10;        at java.util.concurrent.locks.LockSupport.park(LockSupport.java:175)&#10;        at java.util.concurrent.locks.AbstractQueuedSynchronizer$ConditionObject.await(AbstractQueuedSynchronizer.java:2039)&#10;        at java.util.concurrent.ScheduledThreadPoolExecutor$DelayedWorkQueue.take(ScheduledThreadPoolExecutor.java:1088)&#10;        at java.util.concurrent.ScheduledThreadPoolExecutor$DelayedWorkQueue.take(ScheduledThreadPoolExecutor.java:809)&#10;        at java.util.concurrent.ThreadPoolExecutor.getTask(ThreadPoolExecutor.java:1074)&#10;        at java.util.concurrent.ThreadPoolExecutor.runWorker(ThreadPoolExecutor.java:1134)&#10;        at java.util.concurrent.ThreadPoolExecutor$Worker.run(ThreadPoolExecutor.java:624)&#10;        at java.lang.Thread.run(Thread.java:748)&#10;&quot;Periodic HDDS volume checker&quot;  prio=5 tid=2432 timed_waiting&#10;java.lang.Thread.State: TIMED_WAITING&#10;        at sun.misc.Unsafe.park(Native Method)&#10;        at java.util.concurrent.locks.LockSupport.parkNanos(LockSupport.java:215)&#10;        at java.util.concurrent.locks.AbstractQueuedSynchronizer$ConditionObject.awaitNanos(AbstractQueuedSynchronizer.java:2078)&#10;        at java.util.concurrent.ScheduledThreadPoolExecutor$DelayedWorkQueue.take(ScheduledThreadPoolExecutor.java:1093)&#10;        at java.util.concurrent.ScheduledThreadPoolExecutor$DelayedWorkQueue.take(ScheduledThreadPoolExecutor.java:809)&#10;        at java.util.concurrent.ThreadPoolExecutor.getTask(ThreadPoolExecutor.java:1074)&#10;        at java.util.concurrent.ThreadPoolExecutor.runWorker(ThreadPoolExecutor.java:1134)&#10;        at java.util.concurrent.ThreadPoolExecutor$Worker.run(ThreadPoolExecutor.java:624)&#10;        at java.lang.Thread.run(Thread.java:748)&#10;&quot;IPC Server handler 8 on 35795&quot; daemon prio=5 tid=2343 timed_waiting&#10;java.lang.Thread.State: TIMED_WAITING&#10;        at sun.misc.Unsafe.park(Native Method)&#10;        at java.util.concurrent.locks.LockSupport.parkNanos(LockSupport.java:215)&#10;        at java.util.concurrent.locks.AbstractQueuedSynchronizer$ConditionObject.awaitNanos(AbstractQueuedSynchronizer.java:2078)&#10;        at java.util.concurrent.LinkedBlockingQueue.poll(LinkedBlockingQueue.java:467)&#10;        at org.apache.hadoop.ipc.CallQueueManager.take(CallQueueManager.java:288)&#10;        at org.apache.hadoop.ipc.Server$Handler.run(Server.java:2668)&#10;&quot;IPC Server handler 5 on 35795&quot; daemon prio=5 tid=2340 timed_waiting&#10;java.lang.Thread.State: TIMED_WAITING&#10;        at sun.misc.Unsafe.park(Native Method)&#10;        at java.util.concurrent.locks.LockSupport.parkNanos(LockSupport.java:215)&#10;        at java.util.concurrent.locks.AbstractQueuedSynchronizer$ConditionObject.awaitNanos(AbstractQueuedSynchronizer.java:2078)&#10;        at java.util.concurrent.LinkedBlockingQueue.poll(LinkedBlockingQueue.java:467)&#10;        at org.apache.hadoop.ipc.CallQueueManager.take(CallQueueManager.java:288)&#10;        at org.apache.hadoop.ipc.Server$Handler.run(Server.java:2668)&#10;&quot;qtp1181041291-2444&quot; daemon prio=5 tid=2444 timed_waiting&#10;java.lang.Thread.State: TIMED_WAITING&#10;        at sun.misc.Unsafe.park(Native Method)&#10;        at java.util.concurrent.locks.LockSupport.parkNanos(LockSupport.java:215)&#10;        at java.util.concurrent.locks.AbstractQueuedSynchronizer$ConditionObject.awaitNanos(AbstractQueuedSynchronizer.java:2078)&#10;        at org.eclipse.jetty.util.BlockingArrayQueue.poll(BlockingArrayQueue.java:392)&#10;        at org.eclipse.jetty.util.thread.QueuedThreadPool.idleJobPoll(QueuedThreadPool.java:563)&#10;        at org.eclipse.jetty.util.thread.QueuedThreadPool.access$800(QueuedThreadPool.java:48)&#10;        at org.eclipse.jetty.util.thread.QueuedThreadPool$2.run(QueuedThreadPool.java:626)&#10;        at java.lang.Thread.run(Thread.java:748)&#10;&quot;IPC Server handler 6 on 35795&quot; daemon prio=5 tid=2341 timed_waiting&#10;java.lang.Thread.State: TIMED_WAITING&#10;        at sun.misc.Unsafe.park(Native Method)&#10;        at java.util.concurrent.locks.LockSupport.parkNanos(LockSupport.java:215)&#10;        at java.util.concurrent.locks.AbstractQueuedSynchronizer$ConditionObject.awaitNanos(AbstractQueuedSynchronizer.java:2078)&#10;        at java.util.concurrent.LinkedBlockingQueue.poll(LinkedBlockingQueue.java:467)&#10;        at org.apache.hadoop.ipc.CallQueueManager.take(CallQueueManager.java:288)&#10;        at org.apache.hadoop.ipc.Server$Handler.run(Server.java:2668)&#10;&quot;org.eclipse.jetty.server.session.HashSessionManager@6d293993Timer&quot; daemon prio=5 tid=2502 timed_waiting&#10;java.lang.Thread.State: TIMED_WAITING&#10;        at sun.misc.Unsafe.park(Native Method)&#10;        at java.util.concurrent.locks.LockSupport.parkNanos(LockSupport.java:215)&#10;        at java.util.concurrent.locks.AbstractQueuedSynchronizer$ConditionObject.awaitNanos(AbstractQueuedSynchronizer.java:2078)&#10;        at java.util.concurrent.ScheduledThreadPoolExecutor$DelayedWorkQueue.take(ScheduledThreadPoolExecutor.java:1093)&#10;        at java.util.concurrent.ScheduledThreadPoolExecutor$DelayedWorkQueue.take(ScheduledThreadPoolExecutor.java:809)&#10;        at java.util.concurrent.ThreadPoolExecutor.getTask(ThreadPoolExecutor.java:1074)&#10;        at java.util.concurrent.ThreadPoolExecutor.runWorker(ThreadPoolExecutor.java:1134)&#10;        at java.util.concurrent.ThreadPoolExecutor$Worker.run(ThreadPoolExecutor.java:624)&#10;        at java.lang.Thread.run(Thread.java:748)&#10;&quot;pool-246-thread-22&quot;  prio=5 tid=2659 in Object.wait()&#10;java.lang.Thread.State: WAITING (on object monitor)&#10;        at sun.misc.Unsafe.park(Native Method)&#10;        at java.util.concurrent.locks.LockSupport.park(LockSupport.java:175)&#10;        at java.util.concurrent.locks.AbstractQueuedSynchronizer$ConditionObject.await(AbstractQueuedSynchronizer.java:2039)&#10;        at java.util.concurrent.ArrayBlockingQueue.take(ArrayBlockingQueue.java:403)&#10;        at java.util.concurrent.ThreadPoolExecutor.getTask(ThreadPoolExecutor.java:1074)&#10;        at java.util.concurrent.ThreadPoolExecutor.runWorker(ThreadPoolExecutor.java:1134)&#10;        at java.util.concurrent.ThreadPoolExecutor$Worker.run(ThreadPoolExecutor.java:624)&#10;        at java.lang.Thread.run(Thread.java:748)&#10;&quot;pool-226-thread-32&quot;  prio=5 tid=2544 in Object.wait()&#10;java.lang.Thread.State: WAITING (on object monitor)&#10;        at sun.misc.Unsafe.park(Native Method)&#10;        at java.util.concurrent.locks.LockSupport.park(LockSupport.java:175)&#10;        at java.util.concurrent.locks.AbstractQueuedSynchronizer$ConditionObject.await(AbstractQueuedSynchronizer.java:2039)&#10;        at java.util.concurrent.ArrayBlockingQueue.take(ArrayBlockingQueue.java:403)&#10;        at java.util.concurrent.ThreadPoolExecutor.getTask(ThreadPoolExecutor.java:1074)&#10;        at java.util.concurrent.ThreadPoolExecutor.runWorker(ThreadPoolExecutor.java:1134)&#10;        at java.util.concurrent.ThreadPoolExecutor$Worker.run(ThreadPoolExecutor.java:624)&#10;        at java.lang.Thread.run(Thread.java:748)&#10;&quot;IPC Server handler 19 on 38076&quot; daemon prio=5 tid=2374 timed_waiting&#10;java.lang.Thread.State: TIMED_WAITING&#10;        at sun.misc.Unsafe.park(Native Method)&#10;        at java.util.concurrent.locks.LockSupport.parkNanos(LockSupport.java:215)&#10;        at java.util.concurrent.locks.AbstractQueuedSynchronizer$ConditionObject.awaitNanos(AbstractQueuedSynchronizer.java:2078)&#10;        at java.util.concurrent.LinkedBlockingQueue.poll(LinkedBlockingQueue.java:467)&#10;        at org.apache.hadoop.ipc.CallQueueManager.take(CallQueueManager.java:288)&#10;        at org.apache.hadoop.ipc.Server$Handler.run(Server.java:2668)&#10;&quot;pool-226-thread-2&quot;  prio=5 tid=2514 in Object.wait()&#10;java.lang.Thread.State: WAITING (on object monitor)&#10;        at sun.misc.Unsafe.park(Native Method)&#10;        at java.util.concurrent.locks.LockSupport.park(LockSupport.java:175)&#10;        at java.util.concurrent.locks.AbstractQueuedSynchronizer$ConditionObject.await(AbstractQueuedSynchronizer.java:2039)&#10;        at java.util.concurrent.ArrayBlockingQueue.take(ArrayBlockingQueue.java:403)&#10;        at java.util.concurrent.ThreadPoolExecutor.getTask(ThreadPoolExecutor.java:1074)&#10;        at java.util.concurrent.ThreadPoolExecutor.runWorker(ThreadPoolExecutor.java:1134)&#10;        at java.util.concurrent.ThreadPoolExecutor$Worker.run(ThreadPoolExecutor.java:624)&#10;        at java.lang.Thread.run(Thread.java:748)&#10;&quot;metrics-hadoop-metrics2-reporter-30-thread-1&quot; daemon prio=5 tid=987 timed_waiting&#10;java.lang.Thread.State: TIMED_WAITING&#10;        at sun.misc.Unsafe.park(Native Method)&#10;        at java.util.concurrent.locks.LockSupport.parkNanos(LockSupport.java:215)&#10;        at java.util.concurrent.locks.AbstractQueuedSynchronizer$ConditionObject.awaitNanos(AbstractQueuedSynchronizer.java:2078)&#10;        at java.util.concurrent.ScheduledThreadPoolExecutor$DelayedWorkQueue.take(ScheduledThreadPoolExecutor.java:1093)&#10;        at java.util.concurrent.ScheduledThreadPoolExecutor$DelayedWorkQueue.take(ScheduledThreadPoolExecutor.java:809)&#10;        at java.util.concurrent.ThreadPoolExecutor.getTask(ThreadPoolExecutor.java:1074)&#10;        at java.util.concurrent.ThreadPoolExecutor.runWorker(ThreadPoolExecutor.java:1134)&#10;        at java.util.concurrent.ThreadPoolExecutor$Worker.run(ThreadPoolExecutor.java:624)&#10;        at java.lang.Thread.run(Thread.java:748)&#10;&quot;metrics-hadoop-metrics2-reporter-28-thread-1&quot; daemon prio=5 tid=983 timed_waiting&#10;java.lang.Thread.State: TIMED_WAITING&#10;        at sun.misc.Unsafe.park(Native Method)&#10;        at java.util.concurrent.locks.LockSupport.parkNanos(LockSupport.java:215)&#10;        at java.util.concurrent.locks.AbstractQueuedSynchronizer$ConditionObject.awaitNanos(AbstractQueuedSynchronizer.java:2078)&#10;        at java.util.concurrent.ScheduledThreadPoolExecutor$DelayedWorkQueue.take(ScheduledThreadPoolExecutor.java:1093)&#10;        at java.util.concurrent.ScheduledThreadPoolExecutor$DelayedWorkQueue.take(ScheduledThreadPoolExecutor.java:809)&#10;        at java.util.concurrent.ThreadPoolExecutor.getTask(ThreadPoolExecutor.java:1074)&#10;        at java.util.concurrent.ThreadPoolExecutor.runWorker(ThreadPoolExecutor.java:1134)&#10;        at java.util.concurrent.ThreadPoolExecutor$Worker.run(ThreadPoolExecutor.java:624)&#10;        at java.lang.Thread.run(Thread.java:748)&#10;&quot;pool-246-thread-21&quot;  prio=5 tid=2658 in Object.wait()&#10;java.lang.Thread.State: WAITING (on object monitor)&#10;        at sun.misc.Unsafe.park(Native Method)&#10;        at java.util.concurrent.locks.LockSupport.park(LockSupport.java:175)&#10;        at java.util.concurrent.locks.AbstractQueuedSynchronizer$ConditionObject.await(AbstractQueuedSynchronizer.java:2039)&#10;        at java.util.concurrent.ArrayBlockingQueue.take(ArrayBlockingQueue.java:403)&#10;        at java.util.concurrent.ThreadPoolExecutor.getTask(ThreadPoolExecutor.java:1074)&#10;        at java.util.concurrent.ThreadPoolExecutor.runWorker(ThreadPoolExecutor.java:1134)&#10;        at java.util.concurrent.ThreadPoolExecutor$Worker.run(ThreadPoolExecutor.java:624)&#10;        at java.lang.Thread.run(Thread.java:748)&#10;&quot;a6b2ebfb-69a0-457c-b6cd-a50cc148b564@group-916737655080-StateMachineUpdater&quot; daemon prio=5 tid=2717 in Object.wait()&#10;java.lang.Thread.State: WAITING (on object monitor)&#10;        at java.lang.Object.wait(Native Method)&#10;        at java.lang.Object.wait(Object.java:502)&#10;        at org.apache.ratis.server.impl.StateMachineUpdater.waitForCommit(StateMachineUpdater.java:194)&#10;        at org.apache.ratis.server.impl.StateMachineUpdater.run(StateMachineUpdater.java:159)&#10;        at java.lang.Thread.run(Thread.java:748)&#10;&quot;metrics-hadoop-metrics2-reporter-8-thread-1&quot; daemon prio=5 tid=453 timed_waiting&#10;java.lang.Thread.State: TIMED_WAITING&#10;        at sun.misc.Unsafe.park(Native Method)&#10;        at java.util.concurrent.locks.LockSupport.parkNanos(LockSupport.java:215)&#10;        at java.util.concurrent.locks.AbstractQueuedSynchronizer$ConditionObject.awaitNanos(AbstractQueuedSynchronizer.java:2078)&#10;        at java.util.concurrent.ScheduledThreadPoolExecutor$DelayedWorkQueue.take(ScheduledThreadPoolExecutor.java:1093)&#10;        at java.util.concurrent.ScheduledThreadPoolExecutor$DelayedWorkQueue.take(ScheduledThreadPoolExecutor.java:809)&#10;        at java.util.concurrent.ThreadPoolExecutor.getTask(ThreadPoolExecutor.java:1074)&#10;        at java.util.concurrent.ThreadPoolExecutor.runWorker(ThreadPoolExecutor.java:1134)&#10;        at java.util.concurrent.ThreadPoolExecutor$Worker.run(ThreadPoolExecutor.java:624)&#10;        at java.lang.Thread.run(Thread.java:748)&#10;&quot;metrics-hadoop-metrics2-reporter-14-thread-1&quot; daemon prio=5 tid=472 timed_waiting&#10;java.lang.Thread.State: TIMED_WAITING&#10;        at sun.misc.Unsafe.park(Native Method)&#10;        at java.util.concurrent.locks.LockSupport.parkNanos(LockSupport.java:215)&#10;        at java.util.concurrent.locks.AbstractQueuedSynchronizer$ConditionObject.awaitNanos(AbstractQueuedSynchronizer.java:2078)&#10;        at java.util.concurrent.ScheduledThreadPoolExecutor$DelayedWorkQueue.take(ScheduledThreadPoolExecutor.java:1093)&#10;        at java.util.concurrent.ScheduledThreadPoolExecutor$DelayedWorkQueue.take(ScheduledThreadPoolExecutor.java:809)&#10;        at java.util.concurrent.ThreadPoolExecutor.getTask(ThreadPoolExecutor.java:1074)&#10;        at java.util.concurrent.ThreadPoolExecutor.runWorker(ThreadPoolExecutor.java:1134)&#10;        at java.util.concurrent.ThreadPoolExecutor$Worker.run(ThreadPoolExecutor.java:624)&#10;        at java.lang.Thread.run(Thread.java:748)&#10;&quot;pool-246-thread-8&quot;  prio=5 tid=2645 in Object.wait()&#10;java.lang.Thread.State: WAITING (on object monitor)&#10;        at sun.misc.Unsafe.park(Native Method)&#10;        at java.util.concurrent.locks.LockSupport.park(LockSupport.java:175)&#10;        at java.util.concurrent.locks.AbstractQueuedSynchronizer$ConditionObject.await(AbstractQueuedSynchronizer.java:2039)&#10;        at java.util.concurrent.ArrayBlockingQueue.take(ArrayBlockingQueue.java:403)&#10;        at java.util.concurrent.ThreadPoolExecutor.getTask(ThreadPoolExecutor.java:1074)&#10;        at java.util.concurrent.ThreadPoolExecutor.runWorker(ThreadPoolExecutor.java:1134)&#10;        at java.util.concurrent.ThreadPoolExecutor$Worker.run(ThreadPoolExecutor.java:624)&#10;        at java.lang.Thread.run(Thread.java:748)&#10;&quot;pool-250-thread-1&quot;  prio=5 tid=2492 timed_waiting&#10;java.lang.Thread.State: TIMED_WAITING&#10;        at sun.misc.Unsafe.park(Native Method)&#10;        at java.util.concurrent.locks.LockSupport.parkNanos(LockSupport.java:215)&#10;        at java.util.concurrent.locks.AbstractQueuedSynchronizer$ConditionObject.awaitNanos(AbstractQueuedSynchronizer.java:2078)&#10;        at java.util.concurrent.ScheduledThreadPoolExecutor$DelayedWorkQueue.take(ScheduledThreadPoolExecutor.java:1093)&#10;        at java.util.concurrent.ScheduledThreadPoolExecutor$DelayedWorkQueue.take(ScheduledThreadPoolExecutor.java:809)&#10;        at java.util.concurrent.ThreadPoolExecutor.getTask(ThreadPoolExecutor.java:1074)&#10;        at java.util.concurrent.ThreadPoolExecutor.runWorker(ThreadPoolExecutor.java:1134)&#10;        at java.util.concurrent.ThreadPoolExecutor$Worker.run(ThreadPoolExecutor.java:624)&#10;        at java.lang.Thread.run(Thread.java:748)&#10;&quot;qtp945327594-2423&quot; daemon prio=5 tid=2423 timed_waiting&#10;java.lang.Thread.State: TIMED_WAITING&#10;        at sun.misc.Unsafe.park(Native Method)&#10;        at java.util.concurrent.locks.LockSupport.parkNanos(LockSupport.java:215)&#10;        at java.util.concurrent.locks.AbstractQueuedSynchronizer$ConditionObject.awaitNanos(AbstractQueuedSynchronizer.java:2078)&#10;        at org.eclipse.jetty.util.BlockingArrayQueue.poll(BlockingArrayQueue.java:392)&#10;        at org.eclipse.jetty.util.thread.QueuedThreadPool.idleJobPoll(QueuedThreadPool.java:563)&#10;        at org.eclipse.jetty.util.thread.QueuedThreadPool.access$800(QueuedThreadPool.java:48)&#10;        at org.eclipse.jetty.util.thread.QueuedThreadPool$2.run(QueuedThreadPool.java:626)&#10;        at java.lang.Thread.run(Thread.java:748)&#10;&quot;metrics-hadoop-metrics2-reporter-114-thread-1&quot; daemon prio=5 tid=2719 timed_waiting&#10;java.lang.Thread.State: TIMED_WAITING&#10;        at sun.misc.Unsafe.park(Native Method)&#10;        at java.util.concurrent.locks.LockSupport.parkNanos(LockSupport.java:215)&#10;        at java.util.concurrent.locks.AbstractQueuedSynchronizer$ConditionObject.awaitNanos(AbstractQueuedSynchronizer.java:2078)&#10;        at java.util.concurrent.ScheduledThreadPoolExecutor$DelayedWorkQueue.take(ScheduledThreadPoolExecutor.java:1093)&#10;        at java.util.concurrent.ScheduledThreadPoolExecutor$DelayedWorkQueue.take(ScheduledThreadPoolExecutor.java:809)&#10;        at java.util.concurrent.ThreadPoolExecutor.getTask(ThreadPoolExecutor.java:1074)&#10;        at java.util.concurrent.ThreadPoolExecutor.runWorker(ThreadPoolExecutor.java:1134)&#10;        at java.util.concurrent.ThreadPoolExecutor$Worker.run(ThreadPoolExecutor.java:624)&#10;        at java.lang.Thread.run(Thread.java:748)&#10;&quot;metrics-hadoop-metrics2-reporter-107-thread-1&quot; daemon prio=5 tid=2252 timed_waiting&#10;java.lang.Thread.State: TIMED_WAITING&#10;        at sun.misc.Unsafe.park(Native Method)&#10;        at java.util.concurrent.locks.LockSupport.parkNanos(LockSupport.java:215)&#10;        at java.util.concurrent.locks.AbstractQueuedSynchronizer$ConditionObject.awaitNanos(AbstractQueuedSynchronizer.java:2078)&#10;        at java.util.concurrent.ScheduledThreadPoolExecutor$DelayedWorkQueue.take(ScheduledThreadPoolExecutor.java:1093)&#10;        at java.util.concurrent.ScheduledThreadPoolExecutor$DelayedWorkQueue.take(ScheduledThreadPoolExecutor.java:809)&#10;        at java.util.concurrent.ThreadPoolExecutor.getTask(ThreadPoolExecutor.java:1074)&#10;        at java.util.concurrent.ThreadPoolExecutor.runWorker(ThreadPoolExecutor.java:1134)&#10;        at java.util.concurrent.ThreadPoolExecutor$Worker.run(ThreadPoolExecutor.java:624)&#10;        at java.lang.Thread.run(Thread.java:748)&#10;&quot;pool-246-thread-13&quot;  prio=5 tid=2650 in Object.wait()&#10;java.lang.Thread.State: WAITING (on object monitor)&#10;        at sun.misc.Unsafe.park(Native Method)&#10;        at java.util.concurrent.locks.LockSupport.park(LockSupport.java:175)&#10;        at java.util.concurrent.locks.AbstractQueuedSynchronizer$ConditionObject.await(AbstractQueuedSynchronizer.java:2039)&#10;        at java.util.concurrent.ArrayBlockingQueue.take(ArrayBlockingQueue.java:403)&#10;        at java.util.concurrent.ThreadPoolExecutor.getTask(ThreadPoolExecutor.java:1074)&#10;        at java.util.concurrent.ThreadPoolExecutor.runWorker(ThreadPoolExecutor.java:1134)&#10;        at java.util.concurrent.ThreadPoolExecutor$Worker.run(ThreadPoolExecutor.java:624)&#10;        at java.lang.Thread.run(Thread.java:748)&#10;&quot;metrics-hadoop-metrics2-reporter-17-thread-1&quot; daemon prio=5 tid=481 timed_waiting&#10;java.lang.Thread.State: TIMED_WAITING&#10;        at sun.misc.Unsafe.park(Native Method)&#10;        at java.util.concurrent.locks.LockSupport.parkNanos(LockSupport.java:215)&#10;        at java.util.concurrent.locks.AbstractQueuedSynchronizer$ConditionObject.awaitNanos(AbstractQueuedSynchronizer.java:2078)&#10;        at java.util.concurrent.ScheduledThreadPoolExecutor$DelayedWorkQueue.take(ScheduledThreadPoolExecutor.java:1093)&#10;        at java.util.concurrent.ScheduledThreadPoolExecutor$DelayedWorkQueue.take(ScheduledThreadPoolExecutor.java:809)&#10;        at java.util.concurrent.ThreadPoolExecutor.getTask(ThreadPoolExecutor.java:1074)&#10;        at java.util.concurrent.ThreadPoolExecutor.runWorker(ThreadPoolExecutor.java:1134)&#10;        at java.util.concurrent.ThreadPoolExecutor$Worker.run(ThreadPoolExecutor.java:624)&#10;        at java.lang.Thread.run(Thread.java:748)&#10;&quot;Thread-3962&quot; daemon prio=5 tid=5466 timed_waiting&#10;java.lang.Thread.State: TIMED_WAITING&#10;        at java.lang.Thread.sleep(Native Method)&#10;        at org.apache.ratis.util.JavaUtils.sleep(JavaUtils.java:247)&#10;        at org.apache.ratis.server.impl.FollowerState.run(FollowerState.java:97)&#10;&quot;metrics-hadoop-metrics2-reporter-78-thread-1&quot; daemon prio=5 tid=1713 timed_waiting&#10;java.lang.Thread.State: TIMED_WAITING&#10;        at sun.misc.Unsafe.park(Native Method)&#10;        at java.util.concurrent.locks.LockSupport.parkNanos(LockSupport.java:215)&#10;        at java.util.concurrent.locks.AbstractQueuedSynchronizer$ConditionObject.awaitNanos(AbstractQueuedSynchronizer.java:2078)&#10;        at java.util.concurrent.ScheduledThreadPoolExecutor$DelayedWorkQueue.take(ScheduledThreadPoolExecutor.java:1093)&#10;        at java.util.concurrent.ScheduledThreadPoolExecutor$DelayedWorkQueue.take(ScheduledThreadPoolExecutor.java:809)&#10;        at java.util.concurrent.ThreadPoolExecutor.getTask(ThreadPoolExecutor.java:1074)&#10;        at java.util.concurrent.ThreadPoolExecutor.runWorker(ThreadPoolExecutor.java:1134)&#10;        at java.util.concurrent.ThreadPoolExecutor$Worker.run(ThreadPoolExecutor.java:624)&#10;        at java.lang.Thread.run(Thread.java:748)&#10;&quot;org.eclipse.jetty.server.session.HashSessionManager@1c297897Timer&quot; daemon prio=5 tid=2475 timed_waiting&#10;java.lang.Thread.State: TIMED_WAITING&#10;        at sun.misc.Unsafe.park(Native Method)&#10;        at java.util.concurrent.locks.LockSupport.parkNanos(LockSupport.java:215)&#10;        at java.util.concurrent.locks.AbstractQueuedSynchronizer$ConditionObject.awaitNanos(AbstractQueuedSynchronizer.java:2078)&#10;        at java.util.concurrent.ScheduledThreadPoolExecutor$DelayedWorkQueue.take(ScheduledThreadPoolExecutor.java:1093)&#10;        at java.util.concurrent.ScheduledThreadPoolExecutor$DelayedWorkQueue.take(ScheduledThreadPoolExecutor.java:809)&#10;        at java.util.concurrent.ThreadPoolExecutor.getTask(ThreadPoolExecutor.java:1074)&#10;        at java.util.concurrent.ThreadPoolExecutor.runWorker(ThreadPoolExecutor.java:1134)&#10;        at java.util.concurrent.ThreadPoolExecutor$Worker.run(ThreadPoolExecutor.java:624)&#10;        at java.lang.Thread.run(Thread.java:748)&#10;&quot;EventQueue-SafemodestatusForSafeModeHandler&quot; daemon prio=5 tid=2707 in Object.wait()&#10;java.lang.Thread.State: WAITING (on object monitor)&#10;        at sun.misc.Unsafe.park(Native Method)&#10;        at java.util.concurrent.locks.LockSupport.park(LockSupport.java:175)&#10;        at java.util.concurrent.locks.AbstractQueuedSynchronizer$ConditionObject.await(AbstractQueuedSynchronizer.java:2039)&#10;        at java.util.concurrent.LinkedBlockingQueue.take(LinkedBlockingQueue.java:442)&#10;        at java.util.concurrent.ThreadPoolExecutor.getTask(ThreadPoolExecutor.java:1074)&#10;        at java.util.concurrent.ThreadPoolExecutor.runWorker(ThreadPoolExecutor.java:1134)&#10;        at java.util.concurrent.ThreadPoolExecutor$Worker.run(ThreadPoolExecutor.java:624)&#10;        at java.lang.Thread.run(Thread.java:748)&#10;&quot;IPC Server handler 16 on 38076&quot; daemon prio=5 tid=2371 timed_waiting&#10;java.lang.Thread.State: TIMED_WAITING&#10;        at sun.misc.Unsafe.park(Native Method)&#10;        at java.util.concurrent.locks.LockSupport.parkNanos(LockSupport.java:215)&#10;        at java.util.concurrent.locks.AbstractQueuedSynchronizer$ConditionObject.awaitNanos(AbstractQueuedSynchronizer.java:2078)&#10;        at java.util.concurrent.LinkedBlockingQueue.poll(LinkedBlockingQueue.java:467)&#10;        at org.apache.hadoop.ipc.CallQueueManager.take(CallQueueManager.java:288)&#10;        at org.apache.hadoop.ipc.Server$Handler.run(Server.java:2668)&#10;&quot;IPC Server handler 5 on 40756&quot; daemon prio=5 tid=2320 timed_waiting&#10;java.lang.Thread.State: TIMED_WAITING&#10;        at sun.misc.Unsafe.park(Native Method)&#10;        at java.util.concurrent.locks.LockSupport.parkNanos(LockSupport.java:215)&#10;        at java.util.concurrent.locks.AbstractQueuedSynchronizer$ConditionObject.awaitNanos(AbstractQueuedSynchronizer.java:2078)&#10;        at java.util.concurrent.LinkedBlockingQueue.poll(LinkedBlockingQueue.java:467)&#10;        at org.apache.hadoop.ipc.CallQueueManager.take(CallQueueManager.java:288)&#10;        at org.apache.hadoop.ipc.Server$Handler.run(Server.java:2668)&#10;&quot;pool-226-thread-38&quot;  prio=5 tid=2550 in Object.wait()&#10;java.lang.Thread.State: WAITING (on object monitor)&#10;        at sun.misc.Unsafe.park(Native Method)&#10;        at java.util.concurrent.locks.LockSupport.park(LockSupport.java:175)&#10;        at java.util.concurrent.locks.AbstractQueuedSynchronizer$ConditionObject.await(AbstractQueuedSynchronizer.java:2039)&#10;        at java.util.concurrent.ArrayBlockingQueue.take(ArrayBlockingQueue.java:403)&#10;        at java.util.concurrent.ThreadPoolExecutor.getTask(ThreadPoolExecutor.java:1074)&#10;        at java.util.concurrent.ThreadPoolExecutor.runWorker(ThreadPoolExecutor.java:1134)&#10;        at java.util.concurrent.ThreadPoolExecutor$Worker.run(ThreadPoolExecutor.java:624)&#10;        at java.lang.Thread.run(Thread.java:748)&#10;&quot;qtp1181041291-2443&quot; daemon prio=5 tid=2443 timed_waiting&#10;java.lang.Thread.State: TIMED_WAITING&#10;        at sun.misc.Unsafe.park(Native Method)&#10;        at java.util.concurrent.locks.LockSupport.parkNanos(LockSupport.java:215)&#10;        at java.util.concurrent.locks.AbstractQueuedSynchronizer$ConditionObject.awaitNanos(AbstractQueuedSynchronizer.java:2078)&#10;        at org.eclipse.jetty.util.BlockingArrayQueue.poll(BlockingArrayQueue.java:392)&#10;        at org.eclipse.jetty.util.thread.QueuedThreadPool.idleJobPoll(QueuedThreadPool.java:563)&#10;        at org.eclipse.jetty.util.thread.QueuedThreadPool.access$800(QueuedThreadPool.java:48)&#10;        at org.eclipse.jetty.util.thread.QueuedThreadPool$2.run(QueuedThreadPool.java:626)&#10;        at java.lang.Thread.run(Thread.java:748)&#10;&quot;pool-246-thread-41&quot;  prio=5 tid=2678 in Object.wait()&#10;java.lang.Thread.State: WAITING (on object monitor)&#10;        at sun.misc.Unsafe.park(Native Method)&#10;        at java.util.concurrent.locks.LockSupport.park(LockSupport.java:175)&#10;        at java.util.concurrent.locks.AbstractQueuedSynchronizer$ConditionObject.await(AbstractQueuedSynchronizer.java:2039)&#10;        at java.util.concurrent.ArrayBlockingQueue.take(ArrayBlockingQueue.java:403)&#10;        at java.util.concurrent.ThreadPoolExecutor.getTask(ThreadPoolExecutor.java:1074)&#10;        at java.util.concurrent.ThreadPoolExecutor.runWorker(ThreadPoolExecutor.java:1134)&#10;        at java.util.concurrent.ThreadPoolExecutor$Worker.run(ThreadPoolExecutor.java:624)&#10;        at java.lang.Thread.run(Thread.java:748)&#10;&quot;qtp2322399-2377&quot; daemon prio=5 tid=2377 timed_waiting&#10;java.lang.Thread.State: TIMED_WAITING&#10;        at sun.misc.Unsafe.park(Native Method)&#10;        at java.util.concurrent.locks.LockSupport.parkNanos(LockSupport.java:215)&#10;        at java.util.concurrent.locks.AbstractQueuedSynchronizer$ConditionObject.awaitNanos(AbstractQueuedSynchronizer.java:2078)&#10;        at org.eclipse.jetty.util.BlockingArrayQueue.poll(BlockingArrayQueue.java:392)&#10;        at org.eclipse.jetty.util.thread.QueuedThreadPool.idleJobPoll(QueuedThreadPool.java:563)&#10;        at org.eclipse.jetty.util.thread.QueuedThreadPool.access$800(QueuedThreadPool.java:48)&#10;        at org.eclipse.jetty.util.thread.QueuedThreadPool$2.run(QueuedThreadPool.java:626)&#10;        at java.lang.Thread.run(Thread.java:748)&#10;&quot;pool-246-thread-9&quot;  prio=5 tid=2646 in Object.wait()&#10;java.lang.Thread.State: WAITING (on object monitor)&#10;        at sun.misc.Unsafe.park(Native Method)&#10;        at java.util.concurrent.locks.LockSupport.park(LockSupport.java:175)&#10;        at java.util.concurrent.locks.AbstractQueuedSynchronizer$ConditionObject.await(AbstractQueuedSynchronizer.java:2039)&#10;        at java.util.concurrent.ArrayBlockingQueue.take(ArrayBlockingQueue.java:403)&#10;        at java.util.concurrent.ThreadPoolExecutor.getTask(ThreadPoolExecutor.java:1074)&#10;        at java.util.concurrent.ThreadPoolExecutor.runWorker(ThreadPoolExecutor.java:1134)&#10;        at java.util.concurrent.ThreadPoolExecutor$Worker.run(ThreadPoolExecutor.java:624)&#10;        at java.lang.Thread.run(Thread.java:748)&#10;&quot;grpc-default-executor-0&quot; daemon prio=5 tid=2710 timed_waiting&#10;java.lang.Thread.State: TIMED_WAITING&#10;        at sun.misc.Unsafe.park(Native Method)&#10;        at java.util.concurrent.locks.LockSupport.parkNanos(LockSupport.java:215)&#10;        at java.util.concurrent.SynchronousQueue$TransferStack.awaitFulfill(SynchronousQueue.java:460)&#10;        at java.util.concurrent.SynchronousQueue$TransferStack.transfer(SynchronousQueue.java:362)&#10;        at java.util.concurrent.SynchronousQueue.poll(SynchronousQueue.java:941)&#10;        at java.util.concurrent.ThreadPoolExecutor.getTask(ThreadPoolExecutor.java:1073)&#10;        at java.util.concurrent.ThreadPoolExecutor.runWorker(ThreadPoolExecutor.java:1134)&#10;        at java.util.concurrent.ThreadPoolExecutor$Worker.run(ThreadPoolExecutor.java:624)&#10;        at java.lang.Thread.run(Thread.java:748)&#10;&quot;metrics-hadoop-metrics2-reporter-118-thread-1&quot; daemon prio=5 tid=2729 timed_waiting&#10;java.lang.Thread.State: TIMED_WAITING&#10;        at sun.misc.Unsafe.park(Native Method)&#10;        at java.util.concurrent.locks.LockSupport.parkNanos(LockSupport.java:215)&#10;        at java.util.concurrent.locks.AbstractQueuedSynchronizer$ConditionObject.awaitNanos(AbstractQueuedSynchronizer.java:2078)&#10;        at java.util.concurrent.ScheduledThreadPoolExecutor$DelayedWorkQueue.take(ScheduledThreadPoolExecutor.java:1093)&#10;        at java.util.concurrent.ScheduledThreadPoolExecutor$DelayedWorkQueue.take(ScheduledThreadPoolExecutor.java:809)&#10;        at java.util.concurrent.ThreadPoolExecutor.getTask(ThreadPoolExecutor.java:1074)&#10;        at java.util.concurrent.ThreadPoolExecutor.runWorker(ThreadPoolExecutor.java:1134)&#10;        at java.util.concurrent.ThreadPoolExecutor$Worker.run(ThreadPoolExecutor.java:624)&#10;        at java.lang.Thread.run(Thread.java:748)&#10;&quot;metrics-hadoop-metrics2-reporter-89-thread-1&quot; daemon prio=5 tid=2201 timed_waiting&#10;java.lang.Thread.State: TIMED_WAITING&#10;        at sun.misc.Unsafe.park(Native Method)&#10;        at java.util.concurrent.locks.LockSupport.parkNanos(LockSupport.java:215)&#10;        at java.util.concurrent.locks.AbstractQueuedSynchronizer$ConditionObject.awaitNanos(AbstractQueuedSynchronizer.java:2078)&#10;        at java.util.concurrent.ScheduledThreadPoolExecutor$DelayedWorkQueue.take(ScheduledThreadPoolExecutor.java:1093)&#10;        at java.util.concurrent.ScheduledThreadPoolExecutor$DelayedWorkQueue.take(ScheduledThreadPoolExecutor.java:809)&#10;        at java.util.concurrent.ThreadPoolExecutor.getTask(ThreadPoolExecutor.java:1074)&#10;        at java.util.concurrent.ThreadPoolExecutor.runWorker(ThreadPoolExecutor.java:1134)&#10;        at java.util.concurrent.ThreadPoolExecutor$Worker.run(ThreadPoolExecutor.java:624)&#10;        at java.lang.Thread.run(Thread.java:748)&#10;&quot;PartialTableCache Cleanup Thread - 0&quot; daemon prio=5 tid=1235 in Object.wait()&#10;java.lang.Thread.State: WAITING (on object monitor)&#10;        at sun.misc.Unsafe.park(Native Method)&#10;        at java.util.concurrent.locks.LockSupport.park(LockSupport.java:175)&#10;        at java.util.concurrent.locks.AbstractQueuedSynchronizer$ConditionObject.await(AbstractQueuedSynchronizer.java:2039)&#10;        at java.util.concurrent.LinkedBlockingQueue.take(LinkedBlockingQueue.java:442)&#10;        at java.util.concurrent.ThreadPoolExecutor.getTask(ThreadPoolExecutor.java:1074)&#10;        at java.util.concurrent.ThreadPoolExecutor.runWorker(ThreadPoolExecutor.java:1134)&#10;        at java.util.concurrent.ThreadPoolExecutor$Worker.run(ThreadPoolExecutor.java:624)&#10;        at java.lang.Thread.run(Thread.java:748)&#10;&quot;metrics-hadoop-metrics2-reporter-124-thread-1&quot; daemon prio=5 tid=2746 timed_waiting&#10;java.lang.Thread.State: TIMED_WAITING&#10;        at sun.misc.Unsafe.park(Native Method)&#10;        at java.util.concurrent.locks.LockSupport.parkNanos(LockSupport.java:215)&#10;        at java.util.concurrent.locks.AbstractQueuedSynchronizer$ConditionObject.awaitNanos(AbstractQueuedSynchronizer.java:2078)&#10;        at java.util.concurrent.ScheduledThreadPoolExecutor$DelayedWorkQueue.take(ScheduledThreadPoolExecutor.java:1093)&#10;        at java.util.concurrent.ScheduledThreadPoolExecutor$DelayedWorkQueue.take(ScheduledThreadPoolExecutor.java:809)&#10;        at java.util.concurrent.ThreadPoolExecutor.getTask(ThreadPoolExecutor.java:1074)&#10;        at java.util.concurrent.ThreadPoolExecutor.runWorker(ThreadPoolExecutor.java:1134)&#10;        at java.util.concurrent.ThreadPoolExecutor$Worker.run(ThreadPoolExecutor.java:624)&#10;        at java.lang.Thread.run(Thread.java:748)&#10;&quot;PartialTableCache Cleanup Thread - 0&quot; daemon prio=5 tid=1234 in Object.wait()&#10;java.lang.Thread.State: WAITING (on object monitor)&#10;        at sun.misc.Unsafe.park(Native Method)&#10;        at java.util.concurrent.locks.LockSupport.park(LockSupport.java:175)&#10;        at java.util.concurrent.locks.AbstractQueuedSynchronizer$ConditionObject.await(AbstractQueuedSynchronizer.java:2039)&#10;        at java.util.concurrent.LinkedBlockingQueue.take(LinkedBlockingQueue.java:442)&#10;        at java.util.concurrent.ThreadPoolExecutor.getTask(ThreadPoolExecutor.java:1074)&#10;        at java.util.concurrent.ThreadPoolExecutor.runWorker(ThreadPoolExecutor.java:1134)&#10;        at java.util.concurrent.ThreadPoolExecutor$Worker.run(ThreadPoolExecutor.java:624)&#10;        at java.lang.Thread.run(Thread.java:748)&#10;&quot;metrics-hadoop-metrics2-reporter-35-thread-1&quot; daemon prio=5 tid=1000 timed_waiting&#10;java.lang.Thread.State: TIMED_WAITING&#10;        at sun.misc.Unsafe.park(Native Method)&#10;        at java.util.concurrent.locks.LockSupport.parkNanos(LockSupport.java:215)&#10;        at java.util.concurrent.locks.AbstractQueuedSynchronizer$ConditionObject.awaitNanos(AbstractQueuedSynchronizer.java:2078)&#10;        at java.util.concurrent.ScheduledThreadPoolExecutor$DelayedWorkQueue.take(ScheduledThreadPoolExecutor.java:1093)&#10;        at java.util.concurrent.ScheduledThreadPoolExecutor$DelayedWorkQueue.take(ScheduledThreadPoolExecutor.java:809)&#10;        at java.util.concurrent.ThreadPoolExecutor.getTask(ThreadPoolExecutor.java:1074)&#10;        at java.util.concurrent.ThreadPoolExecutor.runWorker(ThreadPoolExecutor.java:1134)&#10;        at java.util.concurrent.ThreadPoolExecutor$Worker.run(ThreadPoolExecutor.java:624)&#10;        at java.lang.Thread.run(Thread.java:748)&#10;&quot;pool-236-thread-55&quot;  prio=5 tid=2630 in Object.wait()&#10;java.lang.Thread.State: WAITING (on object monitor)&#10;        at sun.misc.Unsafe.park(Native Method)&#10;        at java.util.concurrent.locks.LockSupport.park(LockSupport.java:175)&#10;        at java.util.concurrent.locks.AbstractQueuedSynchronizer$ConditionObject.await(AbstractQueuedSynchronizer.java:2039)&#10;        at java.util.concurrent.ArrayBlockingQueue.take(ArrayBlockingQueue.java:403)&#10;        at java.util.concurrent.ThreadPoolExecutor.getTask(ThreadPoolExecutor.java:1074)&#10;        at java.util.concurrent.ThreadPoolExecutor.runWorker(ThreadPoolExecutor.java:1134)&#10;        at java.util.concurrent.ThreadPoolExecutor$Worker.run(ThreadPoolExecutor.java:624)&#10;        at java.lang.Thread.run(Thread.java:748)&#10;&quot;pool-236-thread-21&quot;  prio=5 tid=2596 in Object.wait()&#10;java.lang.Thread.State: WAITING (on object monitor)&#10;        at sun.misc.Unsafe.park(Native Method)&#10;        at java.util.concurrent.locks.LockSupport.park(LockSupport.java:175)&#10;        at java.util.concurrent.locks.AbstractQueuedSynchronizer$ConditionObject.await(AbstractQueuedSynchronizer.java:2039)&#10;        at java.util.concurrent.ArrayBlockingQueue.take(ArrayBlockingQueue.java:403)&#10;        at java.util.concurrent.ThreadPoolExecutor.getTask(ThreadPoolExecutor.java:1074)&#10;        at java.util.concurrent.ThreadPoolExecutor.runWorker(ThreadPoolExecutor.java:1134)&#10;        at java.util.concurrent.ThreadPoolExecutor$Worker.run(ThreadPoolExecutor.java:624)&#10;        at java.lang.Thread.run(Thread.java:748)&#10;&quot;metrics-hadoop-metrics2-reporter-26-thread-1&quot; daemon prio=5 tid=537 timed_waiting&#10;java.lang.Thread.State: TIMED_WAITING&#10;        at sun.misc.Unsafe.park(Native Method)&#10;        at java.util.concurrent.locks.LockSupport.parkNanos(LockSupport.java:215)&#10;        at java.util.concurrent.locks.AbstractQueuedSynchronizer$ConditionObject.awaitNanos(AbstractQueuedSynchronizer.java:2078)&#10;        at java.util.concurrent.ScheduledThreadPoolExecutor$DelayedWorkQueue.take(ScheduledThreadPoolExecutor.java:1093)&#10;        at java.util.concurrent.ScheduledThreadPoolExecutor$DelayedWorkQueue.take(ScheduledThreadPoolExecutor.java:809)&#10;        at java.util.concurrent.ThreadPoolExecutor.getTask(ThreadPoolExecutor.java:1074)&#10;        at java.util.concurrent.ThreadPoolExecutor.runWorker(ThreadPoolExecutor.java:1134)&#10;        at java.util.concurrent.ThreadPoolExecutor$Worker.run(ThreadPoolExecutor.java:624)&#10;        at java.lang.Thread.run(Thread.java:748)&#10;&quot;pool-236-thread-51&quot;  prio=5 tid=2626 in Object.wait()&#10;java.lang.Thread.State: WAITING (on object monitor)&#10;        at sun.misc.Unsafe.park(Native Method)&#10;        at java.util.concurrent.locks.LockSupport.park(LockSupport.java:175)&#10;        at java.util.concurrent.locks.AbstractQueuedSynchronizer$ConditionObject.await(AbstractQueuedSynchronizer.java:2039)&#10;        at java.util.concurrent.ArrayBlockingQueue.take(ArrayBlockingQueue.java:403)&#10;        at java.util.concurrent.ThreadPoolExecutor.getTask(ThreadPoolExecutor.java:1074)&#10;        at java.util.concurrent.ThreadPoolExecutor.runWorker(ThreadPoolExecutor.java:1134)&#10;        at java.util.concurrent.ThreadPoolExecutor$Worker.run(ThreadPoolExecutor.java:624)&#10;        at java.lang.Thread.run(Thread.java:748)&#10;&quot;metrics-hadoop-metrics2-reporter-33-thread-1&quot; daemon prio=5 tid=997 timed_waiting&#10;java.lang.Thread.State: TIMED_WAITING&#10;        at sun.misc.Unsafe.park(Native Method)&#10;        at java.util.concurrent.locks.LockSupport.parkNanos(LockSupport.java:215)&#10;        at java.util.concurrent.locks.AbstractQueuedSynchronizer$ConditionObject.awaitNanos(AbstractQueuedSynchronizer.java:2078)&#10;        at java.util.concurrent.ScheduledThreadPoolExecutor$DelayedWorkQueue.take(ScheduledThreadPoolExecutor.java:1093)&#10;        at java.util.concurrent.ScheduledThreadPoolExecutor$DelayedWorkQueue.take(ScheduledThreadPoolExecutor.java:809)&#10;        at java.util.concurrent.ThreadPoolExecutor.getTask(ThreadPoolExecutor.java:1074)&#10;        at java.util.concurrent.ThreadPoolExecutor.runWorker(ThreadPoolExecutor.java:1134)&#10;        at java.util.concurrent.ThreadPoolExecutor$Worker.run(ThreadPoolExecutor.java:624)&#10;        at java.lang.Thread.run(Thread.java:748)&#10;&quot;metrics-hadoop-metrics2-reporter-32-thread-1&quot; daemon prio=5 tid=994 timed_waiting&#10;java.lang.Thread.State: TIMED_WAITING&#10;        at sun.misc.Unsafe.park(Native Method)&#10;        at java.util.concurrent.locks.LockSupport.parkNanos(LockSupport.java:215)&#10;        at java.util.concurrent.locks.AbstractQueuedSynchronizer$ConditionObject.awaitNanos(AbstractQueuedSynchronizer.java:2078)&#10;        at java.util.concurrent.ScheduledThreadPoolExecutor$DelayedWorkQueue.take(ScheduledThreadPoolExecutor.java:1093)&#10;        at java.util.concurrent.ScheduledThreadPoolExecutor$DelayedWorkQueue.take(ScheduledThreadPoolExecutor.java:809)&#10;        at java.util.concurrent.ThreadPoolExecutor.getTask(ThreadPoolExecutor.java:1074)&#10;        at java.util.concurrent.ThreadPoolExecutor.runWorker(ThreadPoolExecutor.java:1134)&#10;        at java.util.concurrent.ThreadPoolExecutor$Worker.run(ThreadPoolExecutor.java:624)&#10;        at java.lang.Thread.run(Thread.java:748)&#10;&quot;qtp1181041291-2446&quot; daemon prio=5 tid=2446 timed_waiting&#10;java.lang.Thread.State: TIMED_WAITING&#10;        at sun.misc.Unsafe.park(Native Method)&#10;        at java.util.concurrent.locks.LockSupport.parkNanos(LockSupport.java:215)&#10;        at java.util.concurrent.locks.AbstractQueuedSynchronizer$ConditionObject.awaitNanos(AbstractQueuedSynchronizer.java:2078)&#10;        at org.eclipse.jetty.util.BlockingArrayQueue.poll(BlockingArrayQueue.java:392)&#10;        at org.eclipse.jetty.util.thread.QueuedThreadPool.idleJobPoll(QueuedThreadPool.java:563)&#10;        at org.eclipse.jetty.util.thread.QueuedThreadPool.access$800(QueuedThreadPool.java:48)&#10;        at org.eclipse.jetty.util.thread.QueuedThreadPool$2.run(QueuedThreadPool.java:626)&#10;        at java.lang.Thread.run(Thread.java:748)&#10;&quot;IPC Server handler 18 on 38076&quot; daemon prio=5 tid=2373 timed_waiting&#10;java.lang.Thread.State: TIMED_WAITING&#10;        at sun.misc.Unsafe.park(Native Method)&#10;        at java.util.concurrent.locks.LockSupport.parkNanos(LockSupport.java:215)&#10;        at java.util.concurrent.locks.AbstractQueuedSynchronizer$ConditionObject.awaitNanos(AbstractQueuedSynchronizer.java:2078)&#10;        at java.util.concurrent.LinkedBlockingQueue.poll(LinkedBlockingQueue.java:467)&#10;        at org.apache.hadoop.ipc.CallQueueManager.take(CallQueueManager.java:288)&#10;        at org.apache.hadoop.ipc.Server$Handler.run(Server.java:2668)&#10;&quot;pool-246-thread-43&quot;  prio=5 tid=2680 in Object.wait()&#10;java.lang.Thread.State: WAITING (on object monitor)&#10;        at sun.misc.Unsafe.park(Native Method)&#10;        at java.util.concurrent.locks.LockSupport.park(LockSupport.java:175)&#10;        at java.util.concurrent.locks.AbstractQueuedSynchronizer$ConditionObject.await(AbstractQueuedSynchronizer.java:2039)&#10;        at java.util.concurrent.ArrayBlockingQueue.take(ArrayBlockingQueue.java:403)&#10;        at java.util.concurrent.ThreadPoolExecutor.getTask(ThreadPoolExecutor.java:1074)&#10;        at java.util.concurrent.ThreadPoolExecutor.runWorker(ThreadPoolExecutor.java:1134)&#10;        at java.util.concurrent.ThreadPoolExecutor$Worker.run(ThreadPoolExecutor.java:624)&#10;        at java.lang.Thread.run(Thread.java:748)&#10;&quot;pool-246-thread-17&quot;  prio=5 tid=2654 in Object.wait()&#10;java.lang.Thread.State: WAITING (on object monitor)&#10;        at sun.misc.Unsafe.park(Native Method)&#10;        at java.util.concurrent.locks.LockSupport.park(LockSupport.java:175)&#10;        at java.util.concurrent.locks.AbstractQueuedSynchronizer$ConditionObject.await(AbstractQueuedSynchronizer.java:2039)&#10;        at java.util.concurrent.ArrayBlockingQueue.take(ArrayBlockingQueue.java:403)&#10;        at java.util.concurrent.ThreadPoolExecutor.getTask(ThreadPoolExecutor.java:1074)&#10;        at java.util.concurrent.ThreadPoolExecutor.runWorker(ThreadPoolExecutor.java:1134)&#10;        at java.util.concurrent.ThreadPoolExecutor$Worker.run(ThreadPoolExecutor.java:624)&#10;        at java.lang.Thread.run(Thread.java:748)&#10;&quot;qtp1181041291-2439&quot; daemon prio=5 tid=2439 runnable&#10;java.lang.Thread.State: RUNNABLE&#10;        at sun.nio.ch.EPollArrayWrapper.epollWait(Native Method)&#10;        at sun.nio.ch.EPollArrayWrapper.poll(EPollArrayWrapper.java:269)&#10;        at sun.nio.ch.EPollSelectorImpl.doSelect(EPollSelectorImpl.java:93)&#10;        at sun.nio.ch.SelectorImpl.lockAndDoSelect(SelectorImpl.java:86)&#10;        at sun.nio.ch.SelectorImpl.select(SelectorImpl.java:97)&#10;        at sun.nio.ch.SelectorImpl.select(SelectorImpl.java:101)&#10;        at org.eclipse.jetty.io.ManagedSelector$SelectorProducer.select(ManagedSelector.java:243)&#10;        at org.eclipse.jetty.io.ManagedSelector$SelectorProducer.produce(ManagedSelector.java:191)&#10;        at org.eclipse.jetty.util.thread.strategy.ExecuteProduceConsume.executeProduceConsume(ExecuteProduceConsume.java:249)&#10;        at org.eclipse.jetty.util.thread.strategy.ExecuteProduceConsume.produceConsume(ExecuteProduceConsume.java:148)&#10;        at org.eclipse.jetty.util.thread.strategy.ExecuteProduceConsume.execute(ExecuteProduceConsume.java:100)&#10;        at org.eclipse.jetty.io.ManagedSelector.run(ManagedSelector.java:147)&#10;        at org.eclipse.jetty.util.thread.QueuedThreadPool.runJob(QueuedThreadPool.java:671)&#10;        at org.eclipse.jetty.util.thread.QueuedThreadPool$2.run(QueuedThreadPool.java:589)&#10;        at java.lang.Thread.run(Thread.java:748)&#10;&quot;pool-246-thread-32&quot;  prio=5 tid=2669 in Object.wait()&#10;java.lang.Thread.State: WAITING (on object monitor)&#10;        at sun.misc.Unsafe.park(Native Method)&#10;        at java.util.concurrent.locks.LockSupport.park(LockSupport.java:175)&#10;        at java.util.concurrent.locks.AbstractQueuedSynchronizer$ConditionObject.await(AbstractQueuedSynchronizer.java:2039)&#10;        at java.util.concurrent.ArrayBlockingQueue.take(ArrayBlockingQueue.java:403)&#10;        at java.util.concurrent.ThreadPoolExecutor.getTask(ThreadPoolExecutor.java:1074)&#10;        at java.util.concurrent.ThreadPoolExecutor.runWorker(ThreadPoolExecutor.java:1134)&#10;        at java.util.concurrent.ThreadPoolExecutor$Worker.run(ThreadPoolExecutor.java:624)&#10;        at java.lang.Thread.run(Thread.java:748)&#10;&quot;qtp1847256931-2499&quot; daemon prio=5 tid=2499 timed_waiting&#10;java.lang.Thread.State: TIMED_WAITING&#10;        at sun.misc.Unsafe.park(Native Method)&#10;        at java.util.concurrent.locks.LockSupport.parkNanos(LockSupport.java:215)&#10;        at java.util.concurrent.locks.AbstractQueuedSynchronizer$ConditionObject.awaitNanos(AbstractQueuedSynchronizer.java:2078)&#10;        at org.eclipse.jetty.util.BlockingArrayQueue.poll(BlockingArrayQueue.java:392)&#10;        at org.eclipse.jetty.util.thread.QueuedThreadPool.idleJobPoll(QueuedThreadPool.java:563)&#10;        at org.eclipse.jetty.util.thread.QueuedThreadPool.access$800(QueuedThreadPool.java:48)&#10;        at org.eclipse.jetty.util.thread.QueuedThreadPool$2.run(QueuedThreadPool.java:626)&#10;        at java.lang.Thread.run(Thread.java:748)&#10;&quot;metrics-hadoop-metrics2-reporter-96-thread-1&quot; daemon prio=5 tid=2217 timed_waiting&#10;java.lang.Thread.State: TIMED_WAITING&#10;        at sun.misc.Unsafe.park(Native Method)&#10;        at java.util.concurrent.locks.LockSupport.parkNanos(LockSupport.java:215)&#10;        at java.util.concurrent.locks.AbstractQueuedSynchronizer$ConditionObject.awaitNanos(AbstractQueuedSynchronizer.java:2078)&#10;        at java.util.concurrent.ScheduledThreadPoolExecutor$DelayedWorkQueue.take(ScheduledThreadPoolExecutor.java:1093)&#10;        at java.util.concurrent.ScheduledThreadPoolExecutor$DelayedWorkQueue.take(ScheduledThreadPoolExecutor.java:809)&#10;        at java.util.concurrent.ThreadPoolExecutor.getTask(ThreadPoolExecutor.java:1074)&#10;        at java.util.concurrent.ThreadPoolExecutor.runWorker(ThreadPoolExecutor.java:1134)&#10;        at java.util.concurrent.ThreadPoolExecutor$Worker.run(ThreadPoolExecutor.java:624)&#10;        at java.lang.Thread.run(Thread.java:748)&#10;&quot;Command processor thread&quot; daemon prio=5 tid=2509 timed_waiting&#10;java.lang.Thread.State: TIMED_WAITING&#10;        at java.lang.Thread.sleep(Native Method)&#10;        at org.apache.hadoop.ozone.container.common.statemachine.DatanodeStateMachine.lambda$initCommandHandlerThread$1(DatanodeStateMachine.java:439)&#10;        at org.apache.hadoop.ozone.container.common.statemachine.DatanodeStateMachine$$Lambda$141/1871802100.run(Unknown Source)&#10;        at java.lang.Thread.run(Thread.java:748)&#10;&quot;PartialTableCache Cleanup Thread - 0&quot; daemon prio=5 tid=1233 in Object.wait()&#10;java.lang.Thread.State: WAITING (on object monitor)&#10;        at sun.misc.Unsafe.park(Native Method)&#10;        at java.util.concurrent.locks.LockSupport.park(LockSupport.java:175)&#10;        at java.util.concurrent.locks.AbstractQueuedSynchronizer$ConditionObject.await(AbstractQueuedSynchronizer.java:2039)&#10;        at java.util.concurrent.LinkedBlockingQueue.take(LinkedBlockingQueue.java:442)&#10;        at java.util.concurrent.ThreadPoolExecutor.getTask(ThreadPoolExecutor.java:1074)&#10;        at java.util.concurrent.ThreadPoolExecutor.runWorker(ThreadPoolExecutor.java:1134)&#10;        at java.util.concurrent.ThreadPoolExecutor$Worker.run(ThreadPoolExecutor.java:624)&#10;        at java.lang.Thread.run(Thread.java:748)&#10;&quot;BlockDeletingService#0&quot; daemon prio=5 tid=2574 timed_waiting&#10;java.lang.Thread.State: TIMED_WAITING&#10;        at sun.misc.Unsafe.park(Native Method)&#10;        at java.util.concurrent.locks.LockSupport.parkNanos(LockSupport.java:215)&#10;        at java.util.concurrent.locks.AbstractQueuedSynchronizer$ConditionObject.awaitNanos(AbstractQueuedSynchronizer.java:2078)&#10;        at java.util.concurrent.ScheduledThreadPoolExecutor$DelayedWorkQueue.take(ScheduledThreadPoolExecutor.java:1093)&#10;        at java.util.concurrent.ScheduledThreadPoolExecutor$DelayedWorkQueue.take(ScheduledThreadPoolExecutor.java:809)&#10;        at java.util.concurrent.ThreadPoolExecutor.getTask(ThreadPoolExecutor.java:1074)&#10;        at java.util.concurrent.ThreadPoolExecutor.runWorker(ThreadPoolExecutor.java:1134)&#10;        at java.util.concurrent.ThreadPoolExecutor$Worker.run(ThreadPoolExecutor.java:624)&#10;        at java.lang.Thread.run(Thread.java:748)&#10;&quot;Datanode ReportManager Thread - 2&quot; daemon prio=5 tid=1457 in Object.wait()&#10;java.lang.Thread.State: WAITING (on object monitor)&#10;        at sun.misc.Unsafe.park(Native Method)&#10;        at java.util.concurrent.locks.LockSupport.park(LockSupport.java:175)&#10;        at java.util.concurrent.locks.AbstractQueuedSynchronizer$ConditionObject.await(AbstractQueuedSynchronizer.java:2039)&#10;        at java.util.concurrent.ScheduledThreadPoolExecutor$DelayedWorkQueue.take(ScheduledThreadPoolExecutor.java:1088)&#10;        at java.util.concurrent.ScheduledThreadPoolExecutor$DelayedWorkQueue.take(ScheduledThreadPoolExecutor.java:809)&#10;        at java.util.concurrent.ThreadPoolExecutor.getTask(ThreadPoolExecutor.java:1074)&#10;        at java.util.concurrent.ThreadPoolExecutor.runWorker(ThreadPoolExecutor.java:1134)&#10;        at java.util.concurrent.ThreadPoolExecutor$Worker.run(ThreadPoolExecutor.java:624)&#10;        at java.lang.Thread.run(Thread.java:748)&#10;&quot;pool-226-thread-58&quot;  prio=5 tid=2570 in Object.wait()&#10;java.lang.Thread.State: WAITING (on object monitor)&#10;        at sun.misc.Unsafe.park(Native Method)&#10;        at java.util.concurrent.locks.LockSupport.park(LockSupport.java:175)&#10;        at java.util.concurrent.locks.AbstractQueuedSynchronizer$ConditionObject.await(AbstractQueuedSynchronizer.java:2039)&#10;        at java.util.concurrent.ArrayBlockingQueue.take(ArrayBlockingQueue.java:403)&#10;        at java.util.concurrent.ThreadPoolExecutor.getTask(ThreadPoolExecutor.java:1074)&#10;        at java.util.concurrent.ThreadPoolExecutor.runWorker(ThreadPoolExecutor.java:1134)&#10;        at java.util.concurrent.ThreadPoolExecutor$Worker.run(ThreadPoolExecutor.java:624)&#10;        at java.lang.Thread.run(Thread.java:748)&#10;&quot;3aea292b-16fb-4e9b-be90-828afa8e8047@group-475F4F9EA4AD-SegmentedRaftLogWorker&quot;  prio=5 tid=2736 timed_waiting&#10;java.lang.Thread.State: TIMED_WAITING&#10;        at sun.misc.Unsafe.park(Native Method)&#10;        at java.util.concurrent.locks.LockSupport.parkNanos(LockSupport.java:215)&#10;        at java.util.concurrent.locks.AbstractQueuedSynchronizer$ConditionObject.awaitNanos(AbstractQueuedSynchronizer.java:2078)&#10;        at org.apache.ratis.util.DataBlockingQueue.poll(DataBlockingQueue.java:137)&#10;        at org.apache.ratis.server.raftlog.segmented.SegmentedRaftLogWorker.run(SegmentedRaftLogWorker.java:282)&#10;        at java.lang.Thread.run(Thread.java:748)&#10;&quot;metrics-hadoop-metrics2-reporter-104-thread-1&quot; daemon prio=5 tid=2244 timed_waiting&#10;java.lang.Thread.State: TIMED_WAITING&#10;        at sun.misc.Unsafe.park(Native Method)&#10;        at java.util.concurrent.locks.LockSupport.parkNanos(LockSupport.java:215)&#10;        at java.util.concurrent.locks.AbstractQueuedSynchronizer$ConditionObject.awaitNanos(AbstractQueuedSynchronizer.java:2078)&#10;        at java.util.concurrent.ScheduledThreadPoolExecutor$DelayedWorkQueue.take(ScheduledThreadPoolExecutor.java:1093)&#10;        at java.util.concurrent.ScheduledThreadPoolExecutor$DelayedWorkQueue.take(ScheduledThreadPoolExecutor.java:809)&#10;        at java.util.concurrent.ThreadPoolExecutor.getTask(ThreadPoolExecutor.java:1074)&#10;        at java.util.concurrent.ThreadPoolExecutor.runWorker(ThreadPoolExecutor.java:1134)&#10;        at java.util.concurrent.ThreadPoolExecutor$Worker.run(ThreadPoolExecutor.java:624)&#10;        at java.lang.Thread.run(Thread.java:748)&#10;&quot;pool-236-thread-46&quot;  prio=5 tid=2621 in Object.wait()&#10;java.lang.Thread.State: WAITING (on object monitor)&#10;        at sun.misc.Unsafe.park(Native Method)&#10;        at java.util.concurrent.locks.LockSupport.park(LockSupport.java:175)&#10;        at java.util.concurrent.locks.AbstractQueuedSynchronizer$ConditionObject.await(AbstractQueuedSynchronizer.java:2039)&#10;        at java.util.concurrent.ArrayBlockingQueue.take(ArrayBlockingQueue.java:403)&#10;        at java.util.concurrent.ThreadPoolExecutor.getTask(ThreadPoolExecutor.java:1074)&#10;        at java.util.concurrent.ThreadPoolExecutor.runWorker(ThreadPoolExecutor.java:1134)&#10;        at java.util.concurrent.ThreadPoolExecutor$Worker.run(ThreadPoolExecutor.java:624)&#10;        at java.lang.Thread.run(Thread.java:748)&#10;&quot;IPC Server handler 18 on 40756&quot; daemon prio=5 tid=2333 timed_waiting&#10;java.lang.Thread.State: TIMED_WAITING&#10;        at sun.misc.Unsafe.park(Native Method)&#10;        at java.util.concurrent.locks.LockSupport.parkNanos(LockSupport.java:215)&#10;        at java.util.concurrent.locks.AbstractQueuedSynchronizer$ConditionObject.awaitNanos(AbstractQueuedSynchronizer.java:2078)&#10;        at java.util.concurrent.LinkedBlockingQueue.poll(LinkedBlockingQueue.java:467)&#10;        at org.apache.hadoop.ipc.CallQueueManager.take(CallQueueManager.java:288)&#10;        at org.apache.hadoop.ipc.Server$Handler.run(Server.java:2668)&#10;&quot;metrics-hadoop-metrics2-reporter-62-thread-1&quot; daemon prio=5 tid=1668 timed_waiting&#10;java.lang.Thread.State: TIMED_WAITING&#10;        at sun.misc.Unsafe.park(Native Method)&#10;        at java.util.concurrent.locks.LockSupport.parkNanos(LockSupport.java:215)&#10;        at java.util.concurrent.locks.AbstractQueuedSynchronizer$ConditionObject.awaitNanos(AbstractQueuedSynchronizer.java:2078)&#10;        at java.util.concurrent.ScheduledThreadPoolExecutor$DelayedWorkQueue.take(ScheduledThreadPoolExecutor.java:1093)&#10;        at java.util.concurrent.ScheduledThreadPoolExecutor$DelayedWorkQueue.take(ScheduledThreadPoolExecutor.java:809)&#10;        at java.util.concurrent.ThreadPoolExecutor.getTask(ThreadPoolExecutor.java:1074)&#10;        at java.util.concurrent.ThreadPoolExecutor.runWorker(ThreadPoolExecutor.java:1134)&#10;        at java.util.concurrent.ThreadPoolExecutor$Worker.run(ThreadPoolExecutor.java:624)&#10;        at java.lang.Thread.run(Thread.java:748)&#10;&quot;pool-246-thread-23&quot;  prio=5 tid=2660 in Object.wait()&#10;java.lang.Thread.State: WAITING (on object monitor)&#10;        at sun.misc.Unsafe.park(Native Method)&#10;        at java.util.concurrent.locks.LockSupport.park(LockSupport.java:175)&#10;        at java.util.concurrent.locks.AbstractQueuedSynchronizer$ConditionObject.await(AbstractQueuedSynchronizer.java:2039)&#10;        at java.util.concurrent.ArrayBlockingQueue.take(ArrayBlockingQueue.java:403)&#10;        at java.util.concurrent.ThreadPoolExecutor.getTask(ThreadPoolExecutor.java:1074)&#10;        at java.util.concurrent.ThreadPoolExecutor.runWorker(ThreadPoolExecutor.java:1134)&#10;        at java.util.concurrent.ThreadPoolExecutor$Worker.run(ThreadPoolExecutor.java:624)&#10;        at java.lang.Thread.run(Thread.java:748)&#10;&quot;metrics-hadoop-metrics2-reporter-109-thread-1&quot; daemon prio=5 tid=2266 timed_waiting&#10;java.lang.Thread.State: TIMED_WAITING&#10;        at sun.misc.Unsafe.park(Native Method)&#10;        at java.util.concurrent.locks.LockSupport.parkNanos(LockSupport.java:215)&#10;        at java.util.concurrent.locks.AbstractQueuedSynchronizer$ConditionObject.awaitNanos(AbstractQueuedSynchronizer.java:2078)&#10;        at java.util.concurrent.ScheduledThreadPoolExecutor$DelayedWorkQueue.take(ScheduledThreadPoolExecutor.java:1093)&#10;        at java.util.concurrent.ScheduledThreadPoolExecutor$DelayedWorkQueue.take(ScheduledThreadPoolExecutor.java:809)&#10;        at java.util.concurrent.ThreadPoolExecutor.getTask(ThreadPoolExecutor.java:1074)&#10;        at java.util.concurrent.ThreadPoolExecutor.runWorker(ThreadPoolExecutor.java:1134)&#10;        at java.util.concurrent.ThreadPoolExecutor$Worker.run(ThreadPoolExecutor.java:624)&#10;        at java.lang.Thread.run(Thread.java:748)&#10;&quot;pool-236-thread-39&quot;  prio=5 tid=2614 in Object.wait()&#10;java.lang.Thread.State: WAITING (on object monitor)&#10;        at sun.misc.Unsafe.park(Native Method)&#10;        at java.util.concurrent.locks.LockSupport.park(LockSupport.java:175)&#10;        at java.util.concurrent.locks.AbstractQueuedSynchronizer$ConditionObject.await(AbstractQueuedSynchronizer.java:2039)&#10;        at java.util.concurrent.ArrayBlockingQueue.take(ArrayBlockingQueue.java:403)&#10;        at java.util.concurrent.ThreadPoolExecutor.getTask(ThreadPoolExecutor.java:1074)&#10;        at java.util.concurrent.ThreadPoolExecutor.runWorker(ThreadPoolExecutor.java:1134)&#10;        at java.util.concurrent.ThreadPoolExecutor$Worker.run(ThreadPoolExecutor.java:624)&#10;        at java.lang.Thread.run(Thread.java:748)&#10;&quot;org.eclipse.jetty.server.session.HashSessionManager@63f40ca0Timer&quot; daemon prio=5 tid=2429 timed_waiting&#10;java.lang.Thread.State: TIMED_WAITING&#10;        at sun.misc.Unsafe.park(Native Method)&#10;        at java.util.concurrent.locks.LockSupport.parkNanos(LockSupport.java:215)&#10;        at java.util.concurrent.locks.AbstractQueuedSynchronizer$ConditionObject.awaitNanos(AbstractQueuedSynchronizer.java:2078)&#10;        at java.util.concurrent.ScheduledThreadPoolExecutor$DelayedWorkQueue.take(ScheduledThreadPoolExecutor.java:1093)&#10;        at java.util.concurrent.ScheduledThreadPoolExecutor$DelayedWorkQueue.take(ScheduledThreadPoolExecutor.java:809)&#10;        at java.util.concurrent.ThreadPoolExecutor.getTask(ThreadPoolExecutor.java:1074)&#10;        at java.util.concurrent.ThreadPoolExecutor.runWorker(ThreadPoolExecutor.java:1134)&#10;        at java.util.concurrent.ThreadPoolExecutor$Worker.run(ThreadPoolExecutor.java:624)&#10;        at java.lang.Thread.run(Thread.java:748)&#10;&quot;metrics-hadoop-metrics2-reporter-29-thread-1&quot; daemon prio=5 tid=986 timed_waiting&#10;java.lang.Thread.State: TIMED_WAITING&#10;        at sun.misc.Unsafe.park(Native Method)&#10;        at java.util.concurrent.locks.LockSupport.parkNanos(LockSupport.java:215)&#10;        at java.util.concurrent.locks.AbstractQueuedSynchronizer$ConditionObject.awaitNanos(AbstractQueuedSynchronizer.java:2078)&#10;        at java.util.concurrent.ScheduledThreadPoolExecutor$DelayedWorkQueue.take(ScheduledThreadPoolExecutor.java:1093)&#10;        at java.util.concurrent.ScheduledThreadPoolExecutor$DelayedWorkQueue.take(ScheduledThreadPoolExecutor.java:809)&#10;        at java.util.concurrent.ThreadPoolExecutor.getTask(ThreadPoolExecutor.java:1074)&#10;        at java.util.concurrent.ThreadPoolExecutor.runWorker(ThreadPoolExecutor.java:1134)&#10;        at java.util.concurrent.ThreadPoolExecutor$Worker.run(ThreadPoolExecutor.java:624)&#10;        at java.lang.Thread.run(Thread.java:748)&#10;&quot;metrics-hadoop-metrics2-reporter-10-thread-1&quot; daemon prio=5 tid=458 timed_waiting&#10;java.lang.Thread.State: TIMED_WAITING&#10;        at sun.misc.Unsafe.park(Native Method)&#10;        at java.util.concurrent.locks.LockSupport.parkNanos(LockSupport.java:215)&#10;        at java.util.concurrent.locks.AbstractQueuedSynchronizer$ConditionObject.awaitNanos(AbstractQueuedSynchronizer.java:2078)&#10;        at java.util.concurrent.ScheduledThreadPoolExecutor$DelayedWorkQueue.take(ScheduledThreadPoolExecutor.java:1093)&#10;        at java.util.concurrent.ScheduledThreadPoolExecutor$DelayedWorkQueue.take(ScheduledThreadPoolExecutor.java:809)&#10;        at java.util.concurrent.ThreadPoolExecutor.getTask(ThreadPoolExecutor.java:1074)&#10;        at java.util.concurrent.ThreadPoolExecutor.runWorker(ThreadPoolExecutor.java:1134)&#10;        at java.util.concurrent.ThreadPoolExecutor$Worker.run(ThreadPoolExecutor.java:624)&#10;        at java.lang.Thread.run(Thread.java:748)&#10;&quot;org.eclipse.jetty.server.session.HashSessionManager@552fee7aTimer&quot; daemon prio=5 tid=2501 timed_waiting&#10;java.lang.Thread.State: TIMED_WAITING&#10;        at sun.misc.Unsafe.park(Native Method)&#10;        at java.util.concurrent.locks.LockSupport.parkNanos(LockSupport.java:215)&#10;        at java.util.concurrent.locks.AbstractQueuedSynchronizer$ConditionObject.awaitNanos(AbstractQueuedSynchronizer.java:2078)&#10;        at java.util.concurrent.ScheduledThreadPoolExecutor$DelayedWorkQueue.take(ScheduledThreadPoolExecutor.java:1093)&#10;        at java.util.concurrent.ScheduledThreadPoolExecutor$DelayedWorkQueue.take(ScheduledThreadPoolExecutor.java:809)&#10;        at java.util.concurrent.ThreadPoolExecutor.getTask(ThreadPoolExecutor.java:1074)&#10;        at java.util.concurrent.ThreadPoolExecutor.runWorker(ThreadPoolExecutor.java:1134)&#10;        at java.util.concurrent.ThreadPoolExecutor$Worker.run(ThreadPoolExecutor.java:624)&#10;        at java.lang.Thread.run(Thread.java:748)&#10;&quot;pool-236-thread-3&quot;  prio=5 tid=2578 in Object.wait()&#10;java.lang.Thread.State: WAITING (on object monitor)&#10;        at sun.misc.Unsafe.park(Native Method)&#10;        at java.util.concurrent.locks.LockSupport.park(LockSupport.java:175)&#10;        at java.util.concurrent.locks.AbstractQueuedSynchronizer$ConditionObject.await(AbstractQueuedSynchronizer.java:2039)&#10;        at java.util.concurrent.ArrayBlockingQueue.take(ArrayBlockingQueue.java:403)&#10;        at java.util.concurrent.ThreadPoolExecutor.getTask(ThreadPoolExecutor.java:1074)&#10;        at java.util.concurrent.ThreadPoolExecutor.runWorker(ThreadPoolExecutor.java:1134)&#10;        at java.util.concurrent.ThreadPoolExecutor$Worker.run(ThreadPoolExecutor.java:624)&#10;        at java.lang.Thread.run(Thread.java:748)&#10;&quot;org.eclipse.jetty.server.session.HashSessionManager@66e827a8Timer&quot; daemon prio=5 tid=2503 timed_waiting&#10;java.lang.Thread.State: TIMED_WAITING&#10;        at sun.misc.Unsafe.park(Native Method)&#10;        at java.util.concurrent.locks.LockSupport.parkNanos(LockSupport.java:215)&#10;        at java.util.concurrent.locks.AbstractQueuedSynchronizer$ConditionObject.awaitNanos(AbstractQueuedSynchronizer.java:2078)&#10;        at java.util.concurrent.ScheduledThreadPoolExecutor$DelayedWorkQueue.take(ScheduledThreadPoolExecutor.java:1093)&#10;        at java.util.concurrent.ScheduledThreadPoolExecutor$DelayedWorkQueue.take(ScheduledThreadPoolExecutor.java:809)&#10;        at java.util.concurrent.ThreadPoolExecutor.getTask(ThreadPoolExecutor.java:1074)&#10;        at java.util.concurrent.ThreadPoolExecutor.runWorker(ThreadPoolExecutor.java:1134)&#10;        at java.util.concurrent.ThreadPoolExecutor$Worker.run(ThreadPoolExecutor.java:624)&#10;        at java.lang.Thread.run(Thread.java:748)&#10;&quot;Socket Reader #1 for port 40756&quot;  prio=5 tid=2309 runnable&#10;java.lang.Thread.State: RUNNABLE&#10;        at sun.nio.ch.EPollArrayWrapper.epollWait(Native Method)&#10;        at sun.nio.ch.EPollArrayWrapper.poll(EPollArrayWrapper.java:269)&#10;        at sun.nio.ch.EPollSelectorImpl.doSelect(EPollSelectorImpl.java:93)&#10;        at sun.nio.ch.SelectorImpl.lockAndDoSelect(SelectorImpl.java:86)&#10;        at sun.nio.ch.SelectorImpl.select(SelectorImpl.java:97)&#10;        at sun.nio.ch.SelectorImpl.select(SelectorImpl.java:101)&#10;        at org.apache.hadoop.ipc.Server$Listener$Reader.doRunLoop(Server.java:1097)&#10;        at org.apache.hadoop.ipc.Server$Listener$Reader.run(Server.java:1076)&#10;&quot;pool-246-thread-57&quot;  prio=5 tid=2694 in Object.wait()&#10;java.lang.Thread.State: WAITING (on object monitor)&#10;        at sun.misc.Unsafe.park(Native Method)&#10;        at java.util.concurrent.locks.LockSupport.park(LockSupport.java:175)&#10;        at java.util.concurrent.locks.AbstractQueuedSynchronizer$ConditionObject.await(AbstractQueuedSynchronizer.java:2039)&#10;        at java.util.concurrent.ArrayBlockingQueue.take(ArrayBlockingQueue.java:403)&#10;        at java.util.concurrent.ThreadPoolExecutor.getTask(ThreadPoolExecutor.java:1074)&#10;        at java.util.concurrent.ThreadPoolExecutor.runWorker(ThreadPoolExecutor.java:1134)&#10;        at java.util.concurrent.ThreadPoolExecutor$Worker.run(ThreadPoolExecutor.java:624)&#10;        at java.lang.Thread.run(Thread.java:748)&#10;&quot;pool-226-thread-56&quot;  prio=5 tid=2568 in Object.wait()&#10;java.lang.Thread.State: WAITING (on object monitor)&#10;        at sun.misc.Unsafe.park(Native Method)&#10;        at java.util.concurrent.locks.LockSupport.park(LockSupport.java:175)&#10;        at java.util.concurrent.locks.AbstractQueuedSynchronizer$ConditionObject.await(AbstractQueuedSynchronizer.java:2039)&#10;        at java.util.concurrent.ArrayBlockingQueue.take(ArrayBlockingQueue.java:403)&#10;        at java.util.concurrent.ThreadPoolExecutor.getTask(ThreadPoolExecutor.java:1074)&#10;        at java.util.concurrent.ThreadPoolExecutor.runWorker(ThreadPoolExecutor.java:1134)&#10;        at java.util.concurrent.ThreadPoolExecutor$Worker.run(ThreadPoolExecutor.java:624)&#10;        at java.lang.Thread.run(Thread.java:748)&#10;&quot;Thread-1276&quot; daemon prio=5 tid=2745 timed_waiting&#10;java.lang.Thread.State: TIMED_WAITING&#10;        at sun.misc.Unsafe.park(Native Method)&#10;        at java.util.concurrent.locks.LockSupport.parkNanos(LockSupport.java:215)&#10;        at java.util.concurrent.locks.AbstractQueuedSynchronizer$ConditionObject.awaitNanos(AbstractQueuedSynchronizer.java:2078)&#10;        at java.util.concurrent.ArrayBlockingQueue.poll(ArrayBlockingQueue.java:418)&#10;        at org.apache.ratis.server.impl.LeaderState$EventQueue.poll(LeaderState.java:115)&#10;        at org.apache.ratis.server.impl.LeaderState$EventProcessor.run(LeaderState.java:467)&#10;&quot;grpc-default-worker-ELG-11-2&quot; daemon prio=5 tid=2711 runnable&#10;java.lang.Thread.State: RUNNABLE&#10;        at sun.nio.ch.EPollArrayWrapper.epollWait(Native Method)&#10;        at sun.nio.ch.EPollArrayWrapper.poll(EPollArrayWrapper.java:269)&#10;        at sun.nio.ch.EPollSelectorImpl.doSelect(EPollSelectorImpl.java:93)&#10;        at sun.nio.ch.SelectorImpl.lockAndDoSelect(SelectorImpl.java:86)&#10;        at sun.nio.ch.SelectorImpl.select(SelectorImpl.java:97)&#10;        at org.apache.ratis.thirdparty.io.netty.channel.nio.SelectedSelectionKeySetSelector.select(SelectedSelectionKeySetSelector.java:62)&#10;        at org.apache.ratis.thirdparty.io.netty.channel.nio.NioEventLoop.select(NioEventLoop.java:753)&#10;        at org.apache.ratis.thirdparty.io.netty.channel.nio.NioEventLoop.run(NioEventLoop.java:408)&#10;        at org.apache.ratis.thirdparty.io.netty.util.concurrent.SingleThreadEventExecutor$5.run(SingleThreadEventExecutor.java:897)&#10;        at org.apache.ratis.thirdparty.io.netty.util.concurrent.FastThreadLocalRunnable.run(FastThreadLocalRunnable.java:30)&#10;        at java.lang.Thread.run(Thread.java:748)&#10;&quot;pool-236-thread-34&quot;  prio=5 tid=2609 in Object.wait()&#10;java.lang.Thread.State: WAITING (on object monitor)&#10;        at sun.misc.Unsafe.park(Native Method)&#10;        at java.util.concurrent.locks.LockSupport.park(LockSupport.java:175)&#10;        at java.util.concurrent.locks.AbstractQueuedSynchronizer$ConditionObject.await(AbstractQueuedSynchronizer.java:2039)&#10;        at java.util.concurrent.ArrayBlockingQueue.take(ArrayBlockingQueue.java:403)&#10;        at java.util.concurrent.ThreadPoolExecutor.getTask(ThreadPoolExecutor.java:1074)&#10;        at java.util.concurrent.ThreadPoolExecutor.runWorker(ThreadPoolExecutor.java:1134)&#10;        at java.util.concurrent.ThreadPoolExecutor$Worker.run(ThreadPoolExecutor.java:624)&#10;        at java.lang.Thread.run(Thread.java:748)&#10;&quot;Datanode ReportManager Thread - 3&quot; daemon prio=5 tid=1404 in Object.wait()&#10;java.lang.Thread.State: WAITING (on object monitor)&#10;        at sun.misc.Unsafe.park(Native Method)&#10;        at java.util.concurrent.locks.LockSupport.park(LockSupport.java:175)&#10;        at java.util.concurrent.locks.AbstractQueuedSynchronizer$ConditionObject.await(AbstractQueuedSynchronizer.java:2039)&#10;        at java.util.concurrent.ScheduledThreadPoolExecutor$DelayedWorkQueue.take(ScheduledThreadPoolExecutor.java:1088)&#10;        at java.util.concurrent.ScheduledThreadPoolExecutor$DelayedWorkQueue.take(ScheduledThreadPoolExecutor.java:809)&#10;        at java.util.concurrent.ThreadPoolExecutor.getTask(ThreadPoolExecutor.java:1074)&#10;        at java.util.concurrent.ThreadPoolExecutor.runWorker(ThreadPoolExecutor.java:1134)&#10;        at java.util.concurrent.ThreadPoolExecutor$Worker.run(ThreadPoolExecutor.java:624)&#10;        at java.lang.Thread.run(Thread.java:748)&#10;&quot;metrics-hadoop-metrics2-reporter-47-thread-1&quot; daemon prio=5 tid=1037 timed_waiting&#10;java.lang.Thread.State: TIMED_WAITING&#10;        at sun.misc.Unsafe.park(Native Method)&#10;        at java.util.concurrent.locks.LockSupport.parkNanos(LockSupport.java:215)&#10;        at java.util.concurrent.locks.AbstractQueuedSynchronizer$ConditionObject.awaitNanos(AbstractQueuedSynchronizer.java:2078)&#10;        at java.util.concurrent.ScheduledThreadPoolExecutor$DelayedWorkQueue.take(ScheduledThreadPoolExecutor.java:1093)&#10;        at java.util.concurrent.ScheduledThreadPoolExecutor$DelayedWorkQueue.take(ScheduledThreadPoolExecutor.java:809)&#10;        at java.util.concurrent.ThreadPoolExecutor.getTask(ThreadPoolExecutor.java:1074)&#10;        at java.util.concurrent.ThreadPoolExecutor.runWorker(ThreadPoolExecutor.java:1134)&#10;        at java.util.concurrent.ThreadPoolExecutor$Worker.run(ThreadPoolExecutor.java:624)&#10;        at java.lang.Thread.run(Thread.java:748)&#10;&quot;pool-246-thread-58&quot;  prio=5 tid=2695 in Object.wait()&#10;java.lang.Thread.State: WAITING (on object monitor)&#10;        at sun.misc.Unsafe.park(Native Method)&#10;        at java.util.concurrent.locks.LockSupport.park(LockSupport.java:175)&#10;        at java.util.concurrent.locks.AbstractQueuedSynchronizer$ConditionObject.await(AbstractQueuedSynchronizer.java:2039)&#10;        at java.util.concurrent.ArrayBlockingQueue.take(ArrayBlockingQueue.java:403)&#10;        at java.util.concurrent.ThreadPoolExecutor.getTask(ThreadPoolExecutor.java:1074)&#10;        at java.util.concurrent.ThreadPoolExecutor.runWorker(ThreadPoolExecutor.java:1134)&#10;        at java.util.concurrent.ThreadPoolExecutor$Worker.run(ThreadPoolExecutor.java:624)&#10;        at java.lang.Thread.run(Thread.java:748)&#10;&quot;qtp1847256931-2496&quot; daemon prio=5 tid=2496 timed_waiting&#10;java.lang.Thread.State: TIMED_WAITING&#10;        at sun.misc.Unsafe.park(Native Method)&#10;        at java.util.concurrent.locks.LockSupport.parkNanos(LockSupport.java:215)&#10;        at java.util.concurrent.locks.AbstractQueuedSynchronizer$ConditionObject.awaitNanos(AbstractQueuedSynchronizer.java:2078)&#10;        at org.eclipse.jetty.util.BlockingArrayQueue.poll(BlockingArrayQueue.java:392)&#10;        at org.eclipse.jetty.util.thread.QueuedThreadPool.idleJobPoll(QueuedThreadPool.java:563)&#10;        at org.eclipse.jetty.util.thread.QueuedThreadPool.access$800(QueuedThreadPool.java:48)&#10;        at org.eclipse.jetty.util.thread.QueuedThreadPool$2.run(QueuedThreadPool.java:626)&#10;        at java.lang.Thread.run(Thread.java:748)&#10;&quot;metrics-hadoop-metrics2-reporter-116-thread-1&quot; daemon prio=5 tid=2725 timed_waiting&#10;java.lang.Thread.State: TIMED_WAITING&#10;        at sun.misc.Unsafe.park(Native Method)&#10;        at java.util.concurrent.locks.LockSupport.parkNanos(LockSupport.java:215)&#10;        at java.util.concurrent.locks.AbstractQueuedSynchronizer$ConditionObject.awaitNanos(AbstractQueuedSynchronizer.java:2078)&#10;        at java.util.concurrent.ScheduledThreadPoolExecutor$DelayedWorkQueue.take(ScheduledThreadPoolExecutor.java:1093)&#10;        at java.util.concurrent.ScheduledThreadPoolExecutor$DelayedWorkQueue.take(ScheduledThreadPoolExecutor.java:809)&#10;        at java.util.concurrent.ThreadPoolExecutor.getTask(ThreadPoolExecutor.java:1074)&#10;        at java.util.concurrent.ThreadPoolExecutor.runWorker(ThreadPoolExecutor.java:1134)&#10;        at java.util.concurrent.ThreadPoolExecutor$Worker.run(ThreadPoolExecutor.java:624)&#10;        at java.lang.Thread.run(Thread.java:748)&#10;&quot;pool-226-thread-30&quot;  prio=5 tid=2542 in Object.wait()&#10;java.lang.Thread.State: WAITING (on object monitor)&#10;        at sun.misc.Unsafe.park(Native Method)&#10;        at java.util.concurrent.locks.LockSupport.park(LockSupport.java:175)&#10;        at java.util.concurrent.locks.AbstractQueuedSynchronizer$ConditionObject.await(AbstractQueuedSynchronizer.java:2039)&#10;        at java.util.concurrent.ArrayBlockingQueue.take(ArrayBlockingQueue.java:403)&#10;        at java.util.concurrent.ThreadPoolExecutor.getTask(ThreadPoolExecutor.java:1074)&#10;        at java.util.concurrent.ThreadPoolExecutor.runWorker(ThreadPoolExecutor.java:1134)&#10;        at java.util.concurrent.ThreadPoolExecutor$Worker.run(ThreadPoolExecutor.java:624)&#10;        at java.lang.Thread.run(Thread.java:748)&#10;&quot;IPC Server handler 7 on 45250&quot; daemon prio=5 tid=2406 timed_waiting&#10;java.lang.Thread.State: TIMED_WAITING&#10;        at sun.misc.Unsafe.park(Native Method)&#10;        at java.util.concurrent.locks.LockSupport.parkNanos(LockSupport.java:215)&#10;        at java.util.concurrent.locks.AbstractQueuedSynchronizer$ConditionObject.awaitNanos(AbstractQueuedSynchronizer.java:2078)&#10;        at java.util.concurrent.LinkedBlockingQueue.poll(LinkedBlockingQueue.java:467)&#10;        at org.apache.hadoop.ipc.CallQueueManager.take(CallQueueManager.java:288)&#10;        at org.apache.hadoop.ipc.Server$Handler.run(Server.java:2668)&#10;&quot;PartialTableCache Cleanup Thread - 0&quot; daemon prio=5 tid=557 in Object.wait()&#10;java.lang.Thread.State: WAITING (on object monitor)&#10;        at sun.misc.Unsafe.park(Native Method)&#10;        at java.util.concurrent.locks.LockSupport.park(LockSupport.java:175)&#10;        at java.util.concurrent.locks.AbstractQueuedSynchronizer$ConditionObject.await(AbstractQueuedSynchronizer.java:2039)&#10;        at java.util.concurrent.LinkedBlockingQueue.take(LinkedBlockingQueue.java:442)&#10;        at java.util.concurrent.ThreadPoolExecutor.getTask(ThreadPoolExecutor.java:1074)&#10;        at java.util.concurrent.ThreadPoolExecutor.runWorker(ThreadPoolExecutor.java:1134)&#10;        at java.util.concurrent.ThreadPoolExecutor$Worker.run(ThreadPoolExecutor.java:624)&#10;        at java.lang.Thread.run(Thread.java:748)&#10;&quot;pool-246-thread-1&quot;  prio=5 tid=2638 in Object.wait()&#10;java.lang.Thread.State: WAITING (on object monitor)&#10;        at sun.misc.Unsafe.park(Native Method)&#10;        at java.util.concurrent.locks.LockSupport.park(LockSupport.java:175)&#10;        at java.util.concurrent.locks.AbstractQueuedSynchronizer$ConditionObject.await(AbstractQueuedSynchronizer.java:2039)&#10;        at java.util.concurrent.ArrayBlockingQueue.take(ArrayBlockingQueue.java:403)&#10;        at java.util.concurrent.ThreadPoolExecutor.getTask(ThreadPoolExecutor.java:1074)&#10;        at java.util.concurrent.ThreadPoolExecutor.runWorker(ThreadPoolExecutor.java:1134)&#10;        at java.util.concurrent.ThreadPoolExecutor$Worker.run(ThreadPoolExecutor.java:624)&#10;        at java.lang.Thread.run(Thread.java:748)&#10;&quot;pool-226-thread-39&quot;  prio=5 tid=2551 in Object.wait()&#10;java.lang.Thread.State: WAITING (on object monitor)&#10;        at sun.misc.Unsafe.park(Native Method)&#10;        at java.util.concurrent.locks.LockSupport.park(LockSupport.java:175)&#10;        at java.util.concurrent.locks.AbstractQueuedSynchronizer$ConditionObject.await(AbstractQueuedSynchronizer.java:2039)&#10;        at java.util.concurrent.ArrayBlockingQueue.take(ArrayBlockingQueue.java:403)&#10;        at java.util.concurrent.ThreadPoolExecutor.getTask(ThreadPoolExecutor.java:1074)&#10;        at java.util.concurrent.ThreadPoolExecutor.runWorker(ThreadPoolExecutor.java:1134)&#10;        at java.util.concurrent.ThreadPoolExecutor$Worker.run(ThreadPoolExecutor.java:624)&#10;        at java.lang.Thread.run(Thread.java:748)&#10;&quot;BlockDeletingService#0&quot; daemon prio=5 tid=2636 timed_waiting&#10;java.lang.Thread.State: TIMED_WAITING&#10;        at sun.misc.Unsafe.park(Native Method)&#10;        at java.util.concurrent.locks.LockSupport.parkNanos(LockSupport.java:215)&#10;        at java.util.concurrent.locks.AbstractQueuedSynchronizer$ConditionObject.awaitNanos(AbstractQueuedSynchronizer.java:2078)&#10;        at java.util.concurrent.ScheduledThreadPoolExecutor$DelayedWorkQueue.take(ScheduledThreadPoolExecutor.java:1093)&#10;        at java.util.concurrent.ScheduledThreadPoolExecutor$DelayedWorkQueue.take(ScheduledThreadPoolExecutor.java:809)&#10;        at java.util.concurrent.ThreadPoolExecutor.getTask(ThreadPoolExecutor.java:1074)&#10;        at java.util.concurrent.ThreadPoolExecutor.runWorker(ThreadPoolExecutor.java:1134)&#10;        at java.util.concurrent.ThreadPoolExecutor$Worker.run(ThreadPoolExecutor.java:624)&#10;        at java.lang.Thread.run(Thread.java:748)&#10;&quot;pool-236-thread-8&quot;  prio=5 tid=2583 in Object.wait()&#10;java.lang.Thread.State: WAITING (on object monitor)&#10;        at sun.misc.Unsafe.park(Native Method)&#10;        at java.util.concurrent.locks.LockSupport.park(LockSupport.java:175)&#10;        at java.util.concurrent.locks.AbstractQueuedSynchronizer$ConditionObject.await(AbstractQueuedSynchronizer.java:2039)&#10;        at java.util.concurrent.ArrayBlockingQueue.take(ArrayBlockingQueue.java:403)&#10;        at java.util.concurrent.ThreadPoolExecutor.getTask(ThreadPoolExecutor.java:1074)&#10;        at java.util.concurrent.ThreadPoolExecutor.runWorker(ThreadPoolExecutor.java:1134)&#10;        at java.util.concurrent.ThreadPoolExecutor$Worker.run(ThreadPoolExecutor.java:624)&#10;        at java.lang.Thread.run(Thread.java:748)&#10;&quot;Datanode ReportManager Thread - 0&quot; daemon prio=5 tid=1428 in Object.wait()&#10;java.lang.Thread.State: WAITING (on object monitor)&#10;        at sun.misc.Unsafe.park(Native Method)&#10;        at java.util.concurrent.locks.LockSupport.park(LockSupport.java:175)&#10;        at java.util.concurrent.locks.AbstractQueuedSynchronizer$ConditionObject.await(AbstractQueuedSynchronizer.java:2039)&#10;        at java.util.concurrent.ScheduledThreadPoolExecutor$DelayedWorkQueue.take(ScheduledThreadPoolExecutor.java:1088)&#10;        at java.util.concurrent.ScheduledThreadPoolExecutor$DelayedWorkQueue.take(ScheduledThreadPoolExecutor.java:809)&#10;        at java.util.concurrent.ThreadPoolExecutor.getTask(ThreadPoolExecutor.java:1074)&#10;        at java.util.concurrent.ThreadPoolExecutor.runWorker(ThreadPoolExecutor.java:1134)&#10;        at java.util.concurrent.ThreadPoolExecutor$Worker.run(ThreadPoolExecutor.java:624)&#10;        at java.lang.Thread.run(Thread.java:748)&#10;&quot;pool-226-thread-12&quot;  prio=5 tid=2524 in Object.wait()&#10;java.lang.Thread.State: WAITING (on object monitor)&#10;        at sun.misc.Unsafe.park(Native Method)&#10;        at java.util.concurrent.locks.LockSupport.park(LockSupport.java:175)&#10;        at java.util.concurrent.locks.AbstractQueuedSynchronizer$ConditionObject.await(AbstractQueuedSynchronizer.java:2039)&#10;        at java.util.concurrent.ArrayBlockingQueue.take(ArrayBlockingQueue.java:403)&#10;        at java.util.concurrent.ThreadPoolExecutor.getTask(ThreadPoolExecutor.java:1074)&#10;        at java.util.concurrent.ThreadPoolExecutor.runWorker(ThreadPoolExecutor.java:1134)&#10;        at java.util.concurrent.ThreadPoolExecutor$Worker.run(ThreadPoolExecutor.java:624)&#10;        at java.lang.Thread.run(Thread.java:748)&#10;&quot;pool-226-thread-27&quot;  prio=5 tid=2539 in Object.wait()&#10;java.lang.Thread.State: WAITING (on object monitor)&#10;        at sun.misc.Unsafe.park(Native Method)&#10;        at java.util.concurrent.locks.LockSupport.park(LockSupport.java:175)&#10;        at java.util.concurrent.locks.AbstractQueuedSynchronizer$ConditionObject.await(AbstractQueuedSynchronizer.java:2039)&#10;        at java.util.concurrent.ArrayBlockingQueue.take(ArrayBlockingQueue.java:403)&#10;        at java.util.concurrent.ThreadPoolExecutor.getTask(ThreadPoolExecutor.java:1074)&#10;        at java.util.concurrent.ThreadPoolExecutor.runWorker(ThreadPoolExecutor.java:1134)&#10;        at java.util.concurrent.ThreadPoolExecutor$Worker.run(ThreadPoolExecutor.java:624)&#10;        at java.lang.Thread.run(Thread.java:748)&#10;&quot;IPC Server handler 6 on 40756&quot; daemon prio=5 tid=2321 timed_waiting&#10;java.lang.Thread.State: TIMED_WAITING&#10;        at sun.misc.Unsafe.park(Native Method)&#10;        at java.util.concurrent.locks.LockSupport.parkNanos(LockSupport.java:215)&#10;        at java.util.concurrent.locks.AbstractQueuedSynchronizer$ConditionObject.awaitNanos(AbstractQueuedSynchronizer.java:2078)&#10;        at java.util.concurrent.LinkedBlockingQueue.poll(LinkedBlockingQueue.java:467)&#10;        at org.apache.hadoop.ipc.CallQueueManager.take(CallQueueManager.java:288)&#10;        at org.apache.hadoop.ipc.Server$Handler.run(Server.java:2668)&#10;&quot;metrics-hadoop-metrics2-reporter-68-thread-1&quot; daemon prio=5 tid=1681 timed_waiting&#10;java.lang.Thread.State: TIMED_WAITING&#10;        at sun.misc.Unsafe.park(Native Method)&#10;        at java.util.concurrent.locks.LockSupport.parkNanos(LockSupport.java:215)&#10;        at java.util.concurrent.locks.AbstractQueuedSynchronizer$ConditionObject.awaitNanos(AbstractQueuedSynchronizer.java:2078)&#10;        at java.util.concurrent.ScheduledThreadPoolExecutor$DelayedWorkQueue.take(ScheduledThreadPoolExecutor.java:1093)&#10;        at java.util.concurrent.ScheduledThreadPoolExecutor$DelayedWorkQueue.take(ScheduledThreadPoolExecutor.java:809)&#10;        at java.util.concurrent.ThreadPoolExecutor.getTask(ThreadPoolExecutor.java:1074)&#10;        at java.util.concurrent.ThreadPoolExecutor.runWorker(ThreadPoolExecutor.java:1134)&#10;        at java.util.concurrent.ThreadPoolExecutor$Worker.run(ThreadPoolExecutor.java:624)&#10;        at java.lang.Thread.run(Thread.java:748)&#10;&quot;IPC Server handler 14 on 38076&quot; daemon prio=5 tid=2369 timed_waiting&#10;java.lang.Thread.State: TIMED_WAITING&#10;        at sun.misc.Unsafe.park(Native Method)&#10;        at java.util.concurrent.locks.LockSupport.parkNanos(LockSupport.java:215)&#10;        at java.util.concurrent.locks.AbstractQueuedSynchronizer$ConditionObject.awaitNanos(AbstractQueuedSynchronizer.java:2078)&#10;        at java.util.concurrent.LinkedBlockingQueue.poll(LinkedBlockingQueue.java:467)&#10;        at org.apache.hadoop.ipc.CallQueueManager.take(CallQueueManager.java:288)&#10;        at org.apache.hadoop.ipc.Server$Handler.run(Server.java:2668)&#10;&quot;metrics-hadoop-metrics2-reporter-135-thread-1&quot; daemon prio=5 tid=2783 timed_waiting&#10;java.lang.Thread.State: TIMED_WAITING&#10;        at sun.misc.Unsafe.park(Native Method)&#10;        at java.util.concurrent.locks.LockSupport.parkNanos(LockSupport.java:215)&#10;        at java.util.concurrent.locks.AbstractQueuedSynchronizer$ConditionObject.awaitNanos(AbstractQueuedSynchronizer.java:2078)&#10;        at java.util.concurrent.ScheduledThreadPoolExecutor$DelayedWorkQueue.take(ScheduledThreadPoolExecutor.java:1093)&#10;        at java.util.concurrent.ScheduledThreadPoolExecutor$DelayedWorkQueue.take(ScheduledThreadPoolExecutor.java:809)&#10;        at java.util.concurrent.ThreadPoolExecutor.getTask(ThreadPoolExecutor.java:1074)&#10;        at java.util.concurrent.ThreadPoolExecutor.runWorker(ThreadPoolExecutor.java:1134)&#10;        at java.util.concurrent.ThreadPoolExecutor$Worker.run(ThreadPoolExecutor.java:624)&#10;        at java.lang.Thread.run(Thread.java:748)&#10;&quot;EventQueue-PipelineReportForPipelineReportHandler&quot; daemon prio=5 tid=2705 in Object.wait()&#10;java.lang.Thread.State: WAITING (on object monitor)&#10;        at sun.misc.Unsafe.park(Native Method)&#10;        at java.util.concurrent.locks.LockSupport.park(LockSupport.java:175)&#10;        at java.util.concurrent.locks.AbstractQueuedSynchronizer$ConditionObject.await(AbstractQueuedSynchronizer.java:2039)&#10;        at java.util.concurrent.LinkedBlockingQueue.take(LinkedBlockingQueue.java:442)&#10;        at java.util.concurrent.ThreadPoolExecutor.getTask(ThreadPoolExecutor.java:1074)&#10;        at java.util.concurrent.ThreadPoolExecutor.runWorker(ThreadPoolExecutor.java:1134)&#10;        at java.util.concurrent.ThreadPoolExecutor$Worker.run(ThreadPoolExecutor.java:624)&#10;        at java.lang.Thread.run(Thread.java:748)&#10;&quot;pool-246-thread-24&quot;  prio=5 tid=2661 in Object.wait()&#10;java.lang.Thread.State: WAITING (on object monitor)&#10;        at sun.misc.Unsafe.park(Native Method)&#10;        at java.util.concurrent.locks.LockSupport.park(LockSupport.java:175)&#10;        at java.util.concurrent.locks.AbstractQueuedSynchronizer$ConditionObject.await(AbstractQueuedSynchronizer.java:2039)&#10;        at java.util.concurrent.ArrayBlockingQueue.take(ArrayBlockingQueue.java:403)&#10;        at java.util.concurrent.ThreadPoolExecutor.getTask(ThreadPoolExecutor.java:1074)&#10;        at java.util.concurrent.ThreadPoolExecutor.runWorker(ThreadPoolExecutor.java:1134)&#10;        at java.util.concurrent.ThreadPoolExecutor$Worker.run(ThreadPoolExecutor.java:624)&#10;        at java.lang.Thread.run(Thread.java:748)&#10;&quot;IPC Server handler 2 on 40756&quot; daemon prio=5 tid=2317 timed_waiting&#10;java.lang.Thread.State: TIMED_WAITING&#10;        at sun.misc.Unsafe.park(Native Method)&#10;        at java.util.concurrent.locks.LockSupport.parkNanos(LockSupport.java:215)&#10;        at java.util.concurrent.locks.AbstractQueuedSynchronizer$ConditionObject.awaitNanos(AbstractQueuedSynchronizer.java:2078)&#10;        at java.util.concurrent.LinkedBlockingQueue.poll(LinkedBlockingQueue.java:467)&#10;        at org.apache.hadoop.ipc.CallQueueManager.take(CallQueueManager.java:288)&#10;        at org.apache.hadoop.ipc.Server$Handler.run(Server.java:2668)&#10;&quot;Datanode ReportManager Thread - 0&quot; daemon prio=5 tid=1401 timed_waiting&#10;java.lang.Thread.State: TIMED_WAITING&#10;        at sun.misc.Unsafe.park(Native Method)&#10;        at java.util.concurrent.locks.LockSupport.parkNanos(LockSupport.java:215)&#10;        at java.util.concurrent.locks.AbstractQueuedSynchronizer$ConditionObject.awaitNanos(AbstractQueuedSynchronizer.java:2078)&#10;        at java.util.concurrent.ScheduledThreadPoolExecutor$DelayedWorkQueue.take(ScheduledThreadPoolExecutor.java:1093)&#10;        at java.util.concurrent.ScheduledThreadPoolExecutor$DelayedWorkQueue.take(ScheduledThreadPoolExecutor.java:809)&#10;        at java.util.concurrent.ThreadPoolExecutor.getTask(ThreadPoolExecutor.java:1074)&#10;        at java.util.concurrent.ThreadPoolExecutor.runWorker(ThreadPoolExecutor.java:1134)&#10;        at java.util.concurrent.ThreadPoolExecutor$Worker.run(ThreadPoolExecutor.java:624)&#10;        at java.lang.Thread.run(Thread.java:748)&#10;&quot;pool-226-thread-22&quot;  prio=5 tid=2534 in Object.wait()&#10;java.lang.Thread.State: WAITING (on object monitor)&#10;        at sun.misc.Unsafe.park(Native Method)&#10;        at java.util.concurrent.locks.LockSupport.park(LockSupport.java:175)&#10;        at java.util.concurrent.locks.AbstractQueuedSynchronizer$ConditionObject.await(AbstractQueuedSynchronizer.java:2039)&#10;        at java.util.concurrent.ArrayBlockingQueue.take(ArrayBlockingQueue.java:403)&#10;        at java.util.concurrent.ThreadPoolExecutor.getTask(ThreadPoolExecutor.java:1074)&#10;        at java.util.concurrent.ThreadPoolExecutor.runWorker(ThreadPoolExecutor.java:1134)&#10;        at java.util.concurrent.ThreadPoolExecutor$Worker.run(ThreadPoolExecutor.java:624)&#10;        at java.lang.Thread.run(Thread.java:748)&#10;&quot;metrics-hadoop-metrics2-reporter-113-thread-1&quot; daemon prio=5 tid=2718 timed_waiting&#10;java.lang.Thread.State: TIMED_WAITING&#10;        at sun.misc.Unsafe.park(Native Method)&#10;        at java.util.concurrent.locks.LockSupport.parkNanos(LockSupport.java:215)&#10;        at java.util.concurrent.locks.AbstractQueuedSynchronizer$ConditionObject.awaitNanos(AbstractQueuedSynchronizer.java:2078)&#10;        at java.util.concurrent.ScheduledThreadPoolExecutor$DelayedWorkQueue.take(ScheduledThreadPoolExecutor.java:1093)&#10;        at java.util.concurrent.ScheduledThreadPoolExecutor$DelayedWorkQueue.take(ScheduledThreadPoolExecutor.java:809)&#10;        at java.util.concurrent.ThreadPoolExecutor.getTask(ThreadPoolExecutor.java:1074)&#10;        at java.util.concurrent.ThreadPoolExecutor.runWorker(ThreadPoolExecutor.java:1134)&#10;        at java.util.concurrent.ThreadPoolExecutor$Worker.run(ThreadPoolExecutor.java:624)&#10;        at java.lang.Thread.run(Thread.java:748)&#10;&quot;pool-224-thread-1&quot; daemon prio=5 tid=2436 timed_waiting&#10;java.lang.Thread.State: TIMED_WAITING&#10;        at sun.misc.Unsafe.park(Native Method)&#10;        at java.util.concurrent.locks.LockSupport.parkNanos(LockSupport.java:215)&#10;        at java.util.concurrent.locks.AbstractQueuedSynchronizer$ConditionObject.awaitNanos(AbstractQueuedSynchronizer.java:2078)&#10;        at java.util.concurrent.ScheduledThreadPoolExecutor$DelayedWorkQueue.take(ScheduledThreadPoolExecutor.java:1093)&#10;        at java.util.concurrent.ScheduledThreadPoolExecutor$DelayedWorkQueue.take(ScheduledThreadPoolExecutor.java:809)&#10;        at java.util.concurrent.ThreadPoolExecutor.getTask(ThreadPoolExecutor.java:1074)&#10;        at java.util.concurrent.ThreadPoolExecutor.runWorker(ThreadPoolExecutor.java:1134)&#10;        at java.util.concurrent.ThreadPoolExecutor$Worker.run(ThreadPoolExecutor.java:624)&#10;        at java.lang.Thread.run(Thread.java:748)&#10;&quot;metrics-hadoop-metrics2-reporter-97-thread-1&quot; daemon prio=5 tid=2220 timed_waiting&#10;java.lang.Thread.State: TIMED_WAITING&#10;        at sun.misc.Unsafe.park(Native Method)&#10;        at java.util.concurrent.locks.LockSupport.parkNanos(LockSupport.java:215)&#10;        at java.util.concurrent.locks.AbstractQueuedSynchronizer$ConditionObject.awaitNanos(AbstractQueuedSynchronizer.java:2078)&#10;        at java.util.concurrent.ScheduledThreadPoolExecutor$DelayedWorkQueue.take(ScheduledThreadPoolExecutor.java:1093)&#10;        at java.util.concurrent.ScheduledThreadPoolExecutor$DelayedWorkQueue.take(ScheduledThreadPoolExecutor.java:809)&#10;        at java.util.concurrent.ThreadPoolExecutor.getTask(ThreadPoolExecutor.java:1074)&#10;        at java.util.concurrent.ThreadPoolExecutor.runWorker(ThreadPoolExecutor.java:1134)&#10;        at java.util.concurrent.ThreadPoolExecutor$Worker.run(ThreadPoolExecutor.java:624)&#10;        at java.lang.Thread.run(Thread.java:748)&#10;&quot;qtp945327594-2424&quot; daemon prio=5 tid=2424 timed_waiting&#10;java.lang.Thread.State: TIMED_WAITING&#10;        at sun.misc.Unsafe.park(Native Method)&#10;        at java.util.concurrent.locks.LockSupport.parkNanos(LockSupport.java:215)&#10;        at java.util.concurrent.locks.AbstractQueuedSynchronizer$ConditionObject.awaitNanos(AbstractQueuedSynchronizer.java:2078)&#10;        at org.eclipse.jetty.util.BlockingArrayQueue.poll(BlockingArrayQueue.java:392)&#10;        at org.eclipse.jetty.util.thread.QueuedThreadPool.idleJobPoll(QueuedThreadPool.java:563)&#10;        at org.eclipse.jetty.util.thread.QueuedThreadPool.access$800(QueuedThreadPool.java:48)&#10;        at org.eclipse.jetty.util.thread.QueuedThreadPool$2.run(QueuedThreadPool.java:626)&#10;        at java.lang.Thread.run(Thread.java:748)&#10;&quot;qtp945327594-2420&quot; daemon prio=5 tid=2420 runnable&#10;java.lang.Thread.State: RUNNABLE&#10;        at sun.nio.ch.EPollArrayWrapper.epollWait(Native Method)&#10;        at sun.nio.ch.EPollArrayWrapper.poll(EPollArrayWrapper.java:269)&#10;        at sun.nio.ch.EPollSelectorImpl.doSelect(EPollSelectorImpl.java:93)&#10;        at sun.nio.ch.SelectorImpl.lockAndDoSelect(SelectorImpl.java:86)&#10;        at sun.nio.ch.SelectorImpl.select(SelectorImpl.java:97)&#10;        at sun.nio.ch.SelectorImpl.select(SelectorImpl.java:101)&#10;        at org.eclipse.jetty.io.ManagedSelector$SelectorProducer.select(ManagedSelector.java:243)&#10;        at org.eclipse.jetty.io.ManagedSelector$SelectorProducer.produce(ManagedSelector.java:191)&#10;        at org.eclipse.jetty.util.thread.strategy.ExecuteProduceConsume.executeProduceConsume(ExecuteProduceConsume.java:249)&#10;        at org.eclipse.jetty.util.thread.strategy.ExecuteProduceConsume.produceConsume(ExecuteProduceConsume.java:148)&#10;        at org.eclipse.jetty.util.thread.strategy.ExecuteProduceConsume.execute(ExecuteProduceConsume.java:100)&#10;        at org.eclipse.jetty.io.ManagedSelector.run(ManagedSelector.java:147)&#10;        at org.eclipse.jetty.util.thread.QueuedThreadPool.runJob(QueuedThreadPool.java:671)&#10;        at org.eclipse.jetty.util.thread.QueuedThreadPool$2.run(QueuedThreadPool.java:589)&#10;        at java.lang.Thread.run(Thread.java:748)&#10;&quot;surefire-forkedjvm-ping-30s&quot; daemon prio=5 tid=9 timed_waiting&#10;java.lang.Thread.State: TIMED_WAITING&#10;        at sun.misc.Unsafe.park(Native Method)&#10;        at java.util.concurrent.locks.LockSupport.parkNanos(LockSupport.java:215)&#10;        at java.util.concurrent.locks.AbstractQueuedSynchronizer$ConditionObject.awaitNanos(AbstractQueuedSynchronizer.java:2078)&#10;        at java.util.concurrent.ScheduledThreadPoolExecutor$DelayedWorkQueue.take(ScheduledThreadPoolExecutor.java:1093)&#10;        at java.util.concurrent.ScheduledThreadPoolExecutor$DelayedWorkQueue.take(ScheduledThreadPoolExecutor.java:809)&#10;        at java.util.concurrent.ThreadPoolExecutor.getTask(ThreadPoolExecutor.java:1074)&#10;        at java.util.concurrent.ThreadPoolExecutor.runWorker(ThreadPoolExecutor.java:1134)&#10;        at java.util.concurrent.ThreadPoolExecutor$Worker.run(ThreadPoolExecutor.java:624)&#10;        at java.lang.Thread.run(Thread.java:748)&#10;&quot;org.apache.hadoop.util.JvmPauseMonitor$Monitor@79ba0a6f&quot; daemon prio=5 tid=2387 timed_waiting&#10;java.lang.Thread.State: TIMED_WAITING&#10;        at java.lang.Thread.sleep(Native Method)&#10;        at org.apache.hadoop.util.JvmPauseMonitor$Monitor.run(JvmPauseMonitor.java:192)&#10;        at java.lang.Thread.run(Thread.java:748)&#10;&quot;Command processor thread&quot; daemon prio=5 tid=2455 timed_waiting&#10;java.lang.Thread.State: TIMED_WAITING&#10;        at java.lang.Thread.sleep(Native Method)&#10;        at org.apache.hadoop.ozone.container.common.statemachine.DatanodeStateMachine.lambda$initCommandHandlerThread$1(DatanodeStateMachine.java:439)&#10;        at org.apache.hadoop.ozone.container.common.statemachine.DatanodeStateMachine$$Lambda$141/1871802100.run(Unknown Source)&#10;        at java.lang.Thread.run(Thread.java:748)&#10;&quot;metrics-hadoop-metrics2-reporter-42-thread-1&quot; daemon prio=5 tid=1023 timed_waiting&#10;java.lang.Thread.State: TIMED_WAITING&#10;        at sun.misc.Unsafe.park(Native Method)&#10;        at java.util.concurrent.locks.LockSupport.parkNanos(LockSupport.java:215)&#10;        at java.util.concurrent.locks.AbstractQueuedSynchronizer$ConditionObject.awaitNanos(AbstractQueuedSynchronizer.java:2078)&#10;        at java.util.concurrent.ScheduledThreadPoolExecutor$DelayedWorkQueue.take(ScheduledThreadPoolExecutor.java:1093)&#10;        at java.util.concurrent.ScheduledThreadPoolExecutor$DelayedWorkQueue.take(ScheduledThreadPoolExecutor.java:809)&#10;        at java.util.concurrent.ThreadPoolExecutor.getTask(ThreadPoolExecutor.java:1074)&#10;        at java.util.concurrent.ThreadPoolExecutor.runWorker(ThreadPoolExecutor.java:1134)&#10;        at java.util.concurrent.ThreadPoolExecutor$Worker.run(ThreadPoolExecutor.java:624)&#10;        at java.lang.Thread.run(Thread.java:748)&#10;&quot;metrics-hadoop-metrics2-reporter-139-thread-1&quot; daemon prio=5 tid=2935 timed_waiting&#10;java.lang.Thread.State: TIMED_WAITING&#10;        at sun.misc.Unsafe.park(Native Method)&#10;        at java.util.concurrent.locks.LockSupport.parkNanos(LockSupport.java:215)&#10;        at java.util.concurrent.locks.AbstractQueuedSynchronizer$ConditionObject.awaitNanos(AbstractQueuedSynchronizer.java:2078)&#10;        at java.util.concurrent.ScheduledThreadPoolExecutor$DelayedWorkQueue.take(ScheduledThreadPoolExecutor.java:1093)&#10;        at java.util.concurrent.ScheduledThreadPoolExecutor$DelayedWorkQueue.take(ScheduledThreadPoolExecutor.java:809)&#10;        at java.util.concurrent.ThreadPoolExecutor.getTask(ThreadPoolExecutor.java:1074)&#10;        at java.util.concurrent.ThreadPoolExecutor.runWorker(ThreadPoolExecutor.java:1134)&#10;        at java.util.concurrent.ThreadPoolExecutor$Worker.run(ThreadPoolExecutor.java:624)&#10;        at java.lang.Thread.run(Thread.java:748)&#10;&quot;pool-226-thread-17&quot;  prio=5 tid=2529 in Object.wait()&#10;java.lang.Thread.State: WAITING (on object monitor)&#10;        at sun.misc.Unsafe.park(Native Method)&#10;        at java.util.concurrent.locks.LockSupport.park(LockSupport.java:175)&#10;        at java.util.concurrent.locks.AbstractQueuedSynchronizer$ConditionObject.await(AbstractQueuedSynchronizer.java:2039)&#10;        at java.util.concurrent.ArrayBlockingQueue.take(ArrayBlockingQueue.java:403)&#10;        at java.util.concurrent.ThreadPoolExecutor.getTask(ThreadPoolExecutor.java:1074)&#10;        at java.util.concurrent.ThreadPoolExecutor.runWorker(ThreadPoolExecutor.java:1134)&#10;        at java.util.concurrent.ThreadPoolExecutor$Worker.run(ThreadPoolExecutor.java:624)&#10;        at java.lang.Thread.run(Thread.java:748)&#10;&quot;Datanode ReportManager Thread - 3&quot; daemon prio=5 tid=2481 in Object.wait()&#10;java.lang.Thread.State: WAITING (on object monitor)&#10;        at sun.misc.Unsafe.park(Native Method)&#10;        at java.util.concurrent.locks.LockSupport.park(LockSupport.java:175)&#10;        at java.util.concurrent.locks.AbstractQueuedSynchronizer$ConditionObject.await(AbstractQueuedSynchronizer.java:2039)&#10;        at java.util.concurrent.ScheduledThreadPoolExecutor$DelayedWorkQueue.take(ScheduledThreadPoolExecutor.java:1088)&#10;        at java.util.concurrent.ScheduledThreadPoolExecutor$DelayedWorkQueue.take(ScheduledThreadPoolExecutor.java:809)&#10;        at java.util.concurrent.ThreadPoolExecutor.getTask(ThreadPoolExecutor.java:1074)&#10;        at java.util.concurrent.ThreadPoolExecutor.runWorker(ThreadPoolExecutor.java:1134)&#10;        at java.util.concurrent.ThreadPoolExecutor$Worker.run(ThreadPoolExecutor.java:624)&#10;        at java.lang.Thread.run(Thread.java:748)&#10;&quot;metrics-hadoop-metrics2-reporter-9-thread-1&quot; daemon prio=5 tid=455 timed_waiting&#10;java.lang.Thread.State: TIMED_WAITING&#10;        at sun.misc.Unsafe.park(Native Method)&#10;        at java.util.concurrent.locks.LockSupport.parkNanos(LockSupport.java:215)&#10;        at java.util.concurrent.locks.AbstractQueuedSynchronizer$ConditionObject.awaitNanos(AbstractQueuedSynchronizer.java:2078)&#10;        at java.util.concurrent.ScheduledThreadPoolExecutor$DelayedWorkQueue.take(ScheduledThreadPoolExecutor.java:1093)&#10;        at java.util.concurrent.ScheduledThreadPoolExecutor$DelayedWorkQueue.take(ScheduledThreadPoolExecutor.java:809)&#10;        at java.util.concurrent.ThreadPoolExecutor.getTask(ThreadPoolExecutor.java:1074)&#10;        at java.util.concurrent.ThreadPoolExecutor.runWorker(ThreadPoolExecutor.java:1134)&#10;        at java.util.concurrent.ThreadPoolExecutor$Worker.run(ThreadPoolExecutor.java:624)&#10;        at java.lang.Thread.run(Thread.java:748)&#10;&quot;pool-236-thread-16&quot;  prio=5 tid=2591 in Object.wait()&#10;java.lang.Thread.State: WAITING (on object monitor)&#10;        at sun.misc.Unsafe.park(Native Method)&#10;        at java.util.concurrent.locks.LockSupport.park(LockSupport.java:175)&#10;        at java.util.concurrent.locks.AbstractQueuedSynchronizer$ConditionObject.await(AbstractQueuedSynchronizer.java:2039)&#10;        at java.util.concurrent.ArrayBlockingQueue.take(ArrayBlockingQueue.java:403)&#10;        at java.util.concurrent.ThreadPoolExecutor.getTask(ThreadPoolExecutor.java:1074)&#10;        at java.util.concurrent.ThreadPoolExecutor.runWorker(ThreadPoolExecutor.java:1134)&#10;        at java.util.concurrent.ThreadPoolExecutor$Worker.run(ThreadPoolExecutor.java:624)&#10;        at java.lang.Thread.run(Thread.java:748)&#10;&quot;pool-226-thread-4&quot;  prio=5 tid=2516 in Object.wait()&#10;java.lang.Thread.State: WAITING (on object monitor)&#10;        at sun.misc.Unsafe.park(Native Method)&#10;        at java.util.concurrent.locks.LockSupport.park(LockSupport.java:175)&#10;        at java.util.concurrent.locks.AbstractQueuedSynchronizer$ConditionObject.await(AbstractQueuedSynchronizer.java:2039)&#10;        at java.util.concurrent.ArrayBlockingQueue.take(ArrayBlockingQueue.java:403)&#10;        at java.util.concurrent.ThreadPoolExecutor.getTask(ThreadPoolExecutor.java:1074)&#10;        at java.util.concurrent.ThreadPoolExecutor.runWorker(ThreadPoolExecutor.java:1134)&#10;        at java.util.concurrent.ThreadPoolExecutor$Worker.run(ThreadPoolExecutor.java:624)&#10;        at java.lang.Thread.run(Thread.java:748)&#10;&quot;qtp945327594-2425&quot; daemon prio=5 tid=2425 timed_waiting&#10;java.lang.Thread.State: TIMED_WAITING&#10;        at sun.misc.Unsafe.park(Native Method)&#10;        at java.util.concurrent.locks.LockSupport.parkNanos(LockSupport.java:215)&#10;        at java.util.concurrent.locks.AbstractQueuedSynchronizer$ConditionObject.awaitNanos(AbstractQueuedSynchronizer.java:2078)&#10;        at org.eclipse.jetty.util.BlockingArrayQueue.poll(BlockingArrayQueue.java:392)&#10;        at org.eclipse.jetty.util.thread.QueuedThreadPool.idleJobPoll(QueuedThreadPool.java:563)&#10;        at org.eclipse.jetty.util.thread.QueuedThreadPool.access$800(QueuedThreadPool.java:48)&#10;        at org.eclipse.jetty.util.thread.QueuedThreadPool$2.run(QueuedThreadPool.java:626)&#10;        at java.lang.Thread.run(Thread.java:748)&#10;&quot;pool-226-thread-15&quot;  prio=5 tid=2527 in Object.wait()&#10;java.lang.Thread.State: WAITING (on object monitor)&#10;        at sun.misc.Unsafe.park(Native Method)&#10;        at java.util.concurrent.locks.LockSupport.park(LockSupport.java:175)&#10;        at java.util.concurrent.locks.AbstractQueuedSynchronizer$ConditionObject.await(AbstractQueuedSynchronizer.java:2039)&#10;        at java.util.concurrent.ArrayBlockingQueue.take(ArrayBlockingQueue.java:403)&#10;        at java.util.concurrent.ThreadPoolExecutor.getTask(ThreadPoolExecutor.java:1074)&#10;        at java.util.concurrent.ThreadPoolExecutor.runWorker(ThreadPoolExecutor.java:1134)&#10;        at java.util.concurrent.ThreadPoolExecutor$Worker.run(ThreadPoolExecutor.java:624)&#10;        at java.lang.Thread.run(Thread.java:748)&#10;&quot;metrics-hadoop-metrics2-reporter-94-thread-1&quot; daemon prio=5 tid=2214 timed_waiting&#10;java.lang.Thread.State: TIMED_WAITING&#10;        at sun.misc.Unsafe.park(Native Method)&#10;        at java.util.concurrent.locks.LockSupport.parkNanos(LockSupport.java:215)&#10;        at java.util.concurrent.locks.AbstractQueuedSynchronizer$ConditionObject.awaitNanos(AbstractQueuedSynchronizer.java:2078)&#10;        at java.util.concurrent.ScheduledThreadPoolExecutor$DelayedWorkQueue.take(ScheduledThreadPoolExecutor.java:1093)&#10;        at java.util.concurrent.ScheduledThreadPoolExecutor$DelayedWorkQueue.take(ScheduledThreadPoolExecutor.java:809)&#10;        at java.util.concurrent.ThreadPoolExecutor.getTask(ThreadPoolExecutor.java:1074)&#10;        at java.util.concurrent.ThreadPoolExecutor.runWorker(ThreadPoolExecutor.java:1134)&#10;        at java.util.concurrent.ThreadPoolExecutor$Worker.run(ThreadPoolExecutor.java:624)&#10;        at java.lang.Thread.run(Thread.java:748)&#10;&quot;pool-236-thread-2&quot;  prio=5 tid=2577 in Object.wait()&#10;java.lang.Thread.State: WAITING (on object monitor)&#10;        at sun.misc.Unsafe.park(Native Method)&#10;        at java.util.concurrent.locks.LockSupport.park(LockSupport.java:175)&#10;        at java.util.concurrent.locks.AbstractQueuedSynchronizer$ConditionObject.await(AbstractQueuedSynchronizer.java:2039)&#10;        at java.util.concurrent.ArrayBlockingQueue.take(ArrayBlockingQueue.java:403)&#10;        at java.util.concurrent.ThreadPoolExecutor.getTask(ThreadPoolExecutor.java:1074)&#10;        at java.util.concurrent.ThreadPoolExecutor.runWorker(ThreadPoolExecutor.java:1134)&#10;        at java.util.concurrent.ThreadPoolExecutor$Worker.run(ThreadPoolExecutor.java:624)&#10;        at java.lang.Thread.run(Thread.java:748)&#10;&quot;pool-246-thread-45&quot;  prio=5 tid=2682 in Object.wait()&#10;java.lang.Thread.State: WAITING (on object monitor)&#10;        at sun.misc.Unsafe.park(Native Method)&#10;        at java.util.concurrent.locks.LockSupport.park(LockSupport.java:175)&#10;        at java.util.concurrent.locks.AbstractQueuedSynchronizer$ConditionObject.await(AbstractQueuedSynchronizer.java:2039)&#10;        at java.util.concurrent.ArrayBlockingQueue.take(ArrayBlockingQueue.java:403)&#10;        at java.util.concurrent.ThreadPoolExecutor.getTask(ThreadPoolExecutor.java:1074)&#10;        at java.util.concurrent.ThreadPoolExecutor.runWorker(ThreadPoolExecutor.java:1134)&#10;        at java.util.concurrent.ThreadPoolExecutor$Worker.run(ThreadPoolExecutor.java:624)&#10;        at java.lang.Thread.run(Thread.java:748)&#10;&quot;pool-236-thread-33&quot;  prio=5 tid=2608 in Object.wait()&#10;java.lang.Thread.State: WAITING (on object monitor)&#10;        at sun.misc.Unsafe.park(Native Method)&#10;        at java.util.concurrent.locks.LockSupport.park(LockSupport.java:175)&#10;        at java.util.concurrent.locks.AbstractQueuedSynchronizer$ConditionObject.await(AbstractQueuedSynchronizer.java:2039)&#10;        at java.util.concurrent.ArrayBlockingQueue.take(ArrayBlockingQueue.java:403)&#10;        at java.util.concurrent.ThreadPoolExecutor.getTask(ThreadPoolExecutor.java:1074)&#10;        at java.util.concurrent.ThreadPoolExecutor.runWorker(ThreadPoolExecutor.java:1134)&#10;        at java.util.concurrent.ThreadPoolExecutor$Worker.run(ThreadPoolExecutor.java:624)&#10;        at java.lang.Thread.run(Thread.java:748)&#10;&quot;qtp2322399-2376-acceptor-0@65bec164-ServerConnector@4b325930{HTTP/1.1,[http/1.1]}{0.0.0.0:45406}&quot; daemon prio=3 tid=2376 runnable&#10;java.lang.Thread.State: RUNNABLE&#10;        at sun.nio.ch.ServerSocketChannelImpl.accept0(Native Method)&#10;        at sun.nio.ch.ServerSocketChannelImpl.accept(ServerSocketChannelImpl.java:422)&#10;        at sun.nio.ch.ServerSocketChannelImpl.accept(ServerSocketChannelImpl.java:250)&#10;        at org.eclipse.jetty.server.ServerConnector.accept(ServerConnector.java:397)&#10;        at org.eclipse.jetty.server.AbstractConnector$Acceptor.run(AbstractConnector.java:601)&#10;        at org.eclipse.jetty.util.thread.QueuedThreadPool.runJob(QueuedThreadPool.java:671)&#10;        at org.eclipse.jetty.util.thread.QueuedThreadPool$2.run(QueuedThreadPool.java:589)&#10;        at java.lang.Thread.run(Thread.java:748)&#10;&quot;metrics-hadoop-metrics2-reporter-95-thread-1&quot; daemon prio=5 tid=2215 timed_waiting&#10;java.lang.Thread.State: TIMED_WAITING&#10;        at sun.misc.Unsafe.park(Native Method)&#10;        at java.util.concurrent.locks.LockSupport.parkNanos(LockSupport.java:215)&#10;        at java.util.concurrent.locks.AbstractQueuedSynchronizer$ConditionObject.awaitNanos(AbstractQueuedSynchronizer.java:2078)&#10;        at java.util.concurrent.ScheduledThreadPoolExecutor$DelayedWorkQueue.take(ScheduledThreadPoolExecutor.java:1093)&#10;        at java.util.concurrent.ScheduledThreadPoolExecutor$DelayedWorkQueue.take(ScheduledThreadPoolExecutor.java:809)&#10;        at java.util.concurrent.ThreadPoolExecutor.getTask(ThreadPoolExecutor.java:1074)&#10;        at java.util.concurrent.ThreadPoolExecutor.runWorker(ThreadPoolExecutor.java:1134)&#10;        at java.util.concurrent.ThreadPoolExecutor$Worker.run(ThreadPoolExecutor.java:624)&#10;        at java.lang.Thread.run(Thread.java:748)&#10;&quot;PartialTableCache Cleanup Thread - 0&quot; daemon prio=5 tid=2282 in Object.wait()&#10;java.lang.Thread.State: WAITING (on object monitor)&#10;        at sun.misc.Unsafe.park(Native Method)&#10;        at java.util.concurrent.locks.LockSupport.park(LockSupport.java:175)&#10;        at java.util.concurrent.locks.AbstractQueuedSynchronizer$ConditionObject.await(AbstractQueuedSynchronizer.java:2039)&#10;        at java.util.concurrent.LinkedBlockingQueue.take(LinkedBlockingQueue.java:442)&#10;        at java.util.concurrent.ThreadPoolExecutor.getTask(ThreadPoolExecutor.java:1074)&#10;        at java.util.concurrent.ThreadPoolExecutor.runWorker(ThreadPoolExecutor.java:1134)&#10;        at java.util.concurrent.ThreadPoolExecutor$Worker.run(ThreadPoolExecutor.java:624)&#10;        at java.lang.Thread.run(Thread.java:748)&#10;&quot;PartialTableCache Cleanup Thread - 0&quot; daemon prio=5 tid=2281 in Object.wait()&#10;java.lang.Thread.State: WAITING (on object monitor)&#10;        at sun.misc.Unsafe.park(Native Method)&#10;        at java.util.concurrent.locks.LockSupport.park(LockSupport.java:175)&#10;        at java.util.concurrent.locks.AbstractQueuedSynchronizer$ConditionObject.await(AbstractQueuedSynchronizer.java:2039)&#10;        at java.util.concurrent.LinkedBlockingQueue.take(LinkedBlockingQueue.java:442)&#10;        at java.util.concurrent.ThreadPoolExecutor.getTask(ThreadPoolExecutor.java:1074)&#10;        at java.util.concurrent.ThreadPoolExecutor.runWorker(ThreadPoolExecutor.java:1134)&#10;        at java.util.concurrent.ThreadPoolExecutor$Worker.run(ThreadPoolExecutor.java:624)&#10;        at java.lang.Thread.run(Thread.java:748)&#10;&quot;PartialTableCache Cleanup Thread - 0&quot; daemon prio=5 tid=1772 in Object.wait()&#10;java.lang.Thread.State: WAITING (on object monitor)&#10;        at sun.misc.Unsafe.park(Native Method)&#10;        at java.util.concurrent.locks.LockSupport.park(LockSupport.java:175)&#10;        at java.util.concurrent.locks.AbstractQueuedSynchronizer$ConditionObject.await(AbstractQueuedSynchronizer.java:2039)&#10;        at java.util.concurrent.LinkedBlockingQueue.take(LinkedBlockingQueue.java:442)&#10;        at java.util.concurrent.ThreadPoolExecutor.getTask(ThreadPoolExecutor.java:1074)&#10;        at java.util.concurrent.ThreadPoolExecutor.runWorker(ThreadPoolExecutor.java:1134)&#10;        at java.util.concurrent.ThreadPoolExecutor$Worker.run(ThreadPoolExecutor.java:624)&#10;        at java.lang.Thread.run(Thread.java:748)&#10;&quot;pool-226-thread-48&quot;  prio=5 tid=2560 in Object.wait()&#10;java.lang.Thread.State: WAITING (on object monitor)&#10;        at sun.misc.Unsafe.park(Native Method)&#10;        at java.util.concurrent.locks.LockSupport.park(LockSupport.java:175)&#10;        at java.util.concurrent.locks.AbstractQueuedSynchronizer$ConditionObject.await(AbstractQueuedSynchronizer.java:2039)&#10;        at java.util.concurrent.ArrayBlockingQueue.take(ArrayBlockingQueue.java:403)&#10;        at java.util.concurrent.ThreadPoolExecutor.getTask(ThreadPoolExecutor.java:1074)&#10;        at java.util.concurrent.ThreadPoolExecutor.runWorker(ThreadPoolExecutor.java:1134)&#10;        at java.util.concurrent.ThreadPoolExecutor$Worker.run(ThreadPoolExecutor.java:624)&#10;        at java.lang.Thread.run(Thread.java:748)&#10;&quot;pool-236-thread-50&quot;  prio=5 tid=2625 in Object.wait()&#10;java.lang.Thread.State: WAITING (on object monitor)&#10;        at sun.misc.Unsafe.park(Native Method)&#10;        at java.util.concurrent.locks.LockSupport.park(LockSupport.java:175)&#10;        at java.util.concurrent.locks.AbstractQueuedSynchronizer$ConditionObject.await(AbstractQueuedSynchronizer.java:2039)&#10;        at java.util.concurrent.ArrayBlockingQueue.take(ArrayBlockingQueue.java:403)&#10;        at java.util.concurrent.ThreadPoolExecutor.getTask(ThreadPoolExecutor.java:1074)&#10;        at java.util.concurrent.ThreadPoolExecutor.runWorker(ThreadPoolExecutor.java:1134)&#10;        at java.util.concurrent.ThreadPoolExecutor$Worker.run(ThreadPoolExecutor.java:624)&#10;        at java.lang.Thread.run(Thread.java:748)&#10;&quot;metrics-hadoop-metrics2-reporter-140-thread-1&quot; daemon prio=5 tid=2938 timed_waiting&#10;java.lang.Thread.State: TIMED_WAITING&#10;        at sun.misc.Unsafe.park(Native Method)&#10;        at java.util.concurrent.locks.LockSupport.parkNanos(LockSupport.java:215)&#10;        at java.util.concurrent.locks.AbstractQueuedSynchronizer$ConditionObject.awaitNanos(AbstractQueuedSynchronizer.java:2078)&#10;        at java.util.concurrent.ScheduledThreadPoolExecutor$DelayedWorkQueue.take(ScheduledThreadPoolExecutor.java:1093)&#10;        at java.util.concurrent.ScheduledThreadPoolExecutor$DelayedWorkQueue.take(ScheduledThreadPoolExecutor.java:809)&#10;        at java.util.concurrent.ThreadPoolExecutor.getTask(ThreadPoolExecutor.java:1074)&#10;        at java.util.concurrent.ThreadPoolExecutor.runWorker(ThreadPoolExecutor.java:1134)&#10;        at java.util.concurrent.ThreadPoolExecutor$Worker.run(ThreadPoolExecutor.java:624)&#10;        at java.lang.Thread.run(Thread.java:748)&#10;&quot;Datanode ReportManager Thread - 1&quot; daemon prio=5 tid=2452 timed_waiting&#10;java.lang.Thread.State: TIMED_WAITING&#10;        at sun.misc.Unsafe.park(Native Method)&#10;        at java.util.concurrent.locks.LockSupport.parkNanos(LockSupport.java:215)&#10;        at java.util.concurrent.locks.AbstractQueuedSynchronizer$ConditionObject.awaitNanos(AbstractQueuedSynchronizer.java:2078)&#10;        at java.util.concurrent.ScheduledThreadPoolExecutor$DelayedWorkQueue.take(ScheduledThreadPoolExecutor.java:1093)&#10;        at java.util.concurrent.ScheduledThreadPoolExecutor$DelayedWorkQueue.take(ScheduledThreadPoolExecutor.java:809)&#10;        at java.util.concurrent.ThreadPoolExecutor.getTask(ThreadPoolExecutor.java:1074)&#10;        at java.util.concurrent.ThreadPoolExecutor.runWorker(ThreadPoolExecutor.java:1134)&#10;        at java.util.concurrent.ThreadPoolExecutor$Worker.run(ThreadPoolExecutor.java:624)&#10;        at java.lang.Thread.run(Thread.java:748)&#10;&quot;metrics-hadoop-metrics2-reporter-37-thread-1&quot; daemon prio=5 tid=1007 timed_waiting&#10;java.lang.Thread.State: TIMED_WAITING&#10;        at sun.misc.Unsafe.park(Native Method)&#10;        at java.util.concurrent.locks.LockSupport.parkNanos(LockSupport.java:215)&#10;        at java.util.concurrent.locks.AbstractQueuedSynchronizer$ConditionObject.awaitNanos(AbstractQueuedSynchronizer.java:2078)&#10;        at java.util.concurrent.ScheduledThreadPoolExecutor$DelayedWorkQueue.take(ScheduledThreadPoolExecutor.java:1093)&#10;        at java.util.concurrent.ScheduledThreadPoolExecutor$DelayedWorkQueue.take(ScheduledThreadPoolExecutor.java:809)&#10;        at java.util.concurrent.ThreadPoolExecutor.getTask(ThreadPoolExecutor.java:1074)&#10;        at java.util.concurrent.ThreadPoolExecutor.runWorker(ThreadPoolExecutor.java:1134)&#10;        at java.util.concurrent.ThreadPoolExecutor$Worker.run(ThreadPoolExecutor.java:624)&#10;        at java.lang.Thread.run(Thread.java:748)&#10;&quot;metrics-hadoop-metrics2-reporter-43-thread-1&quot; daemon prio=5 tid=1027 timed_waiting&#10;java.lang.Thread.State: TIMED_WAITING&#10;        at sun.misc.Unsafe.park(Native Method)&#10;        at java.util.concurrent.locks.LockSupport.parkNanos(LockSupport.java:215)&#10;        at java.util.concurrent.locks.AbstractQueuedSynchronizer$ConditionObject.awaitNanos(AbstractQueuedSynchronizer.java:2078)&#10;        at java.util.concurrent.ScheduledThreadPoolExecutor$DelayedWorkQueue.take(ScheduledThreadPoolExecutor.java:1093)&#10;        at java.util.concurrent.ScheduledThreadPoolExecutor$DelayedWorkQueue.take(ScheduledThreadPoolExecutor.java:809)&#10;        at java.util.concurrent.ThreadPoolExecutor.getTask(ThreadPoolExecutor.java:1074)&#10;        at java.util.concurrent.ThreadPoolExecutor.runWorker(ThreadPoolExecutor.java:1134)&#10;        at java.util.concurrent.ThreadPoolExecutor$Worker.run(ThreadPoolExecutor.java:624)&#10;        at java.lang.Thread.run(Thread.java:748)&#10;&quot;pool-226-thread-31&quot;  prio=5 tid=2543 in Object.wait()&#10;java.lang.Thread.State: WAITING (on object monitor)&#10;        at sun.misc.Unsafe.park(Native Method)&#10;        at java.util.concurrent.locks.LockSupport.park(LockSupport.java:175)&#10;        at java.util.concurrent.locks.AbstractQueuedSynchronizer$ConditionObject.await(AbstractQueuedSynchronizer.java:2039)&#10;        at java.util.concurrent.ArrayBlockingQueue.take(ArrayBlockingQueue.java:403)&#10;        at java.util.concurrent.ThreadPoolExecutor.getTask(ThreadPoolExecutor.java:1074)&#10;        at java.util.concurrent.ThreadPoolExecutor.runWorker(ThreadPoolExecutor.java:1134)&#10;        at java.util.concurrent.ThreadPoolExecutor$Worker.run(ThreadPoolExecutor.java:624)&#10;        at java.lang.Thread.run(Thread.java:748)&#10;&quot;SCMBlockDeletingService#1&quot; daemon prio=5 tid=2388 in Object.wait()&#10;java.lang.Thread.State: WAITING (on object monitor)&#10;        at sun.misc.Unsafe.park(Native Method)&#10;        at java.util.concurrent.locks.LockSupport.park(LockSupport.java:175)&#10;        at java.util.concurrent.locks.AbstractQueuedSynchronizer$ConditionObject.await(AbstractQueuedSynchronizer.java:2039)&#10;        at java.util.concurrent.ScheduledThreadPoolExecutor$DelayedWorkQueue.take(ScheduledThreadPoolExecutor.java:1088)&#10;        at java.util.concurrent.ScheduledThreadPoolExecutor$DelayedWorkQueue.take(ScheduledThreadPoolExecutor.java:809)&#10;        at java.util.concurrent.ThreadPoolExecutor.getTask(ThreadPoolExecutor.java:1074)&#10;        at java.util.concurrent.ThreadPoolExecutor.runWorker(ThreadPoolExecutor.java:1134)&#10;        at java.util.concurrent.ThreadPoolExecutor$Worker.run(ThreadPoolExecutor.java:624)&#10;        at java.lang.Thread.run(Thread.java:748)&#10;&quot;Datanode ReportManager Thread - 3&quot; daemon prio=5 tid=722 in Object.wait()&#10;java.lang.Thread.State: WAITING (on object monitor)&#10;        at sun.misc.Unsafe.park(Native Method)&#10;        at java.util.concurrent.locks.LockSupport.park(LockSupport.java:175)&#10;        at java.util.concurrent.locks.AbstractQueuedSynchronizer$ConditionObject.await(AbstractQueuedSynchronizer.java:2039)&#10;        at java.util.concurrent.ScheduledThreadPoolExecutor$DelayedWorkQueue.take(ScheduledThreadPoolExecutor.java:1088)&#10;        at java.util.concurrent.ScheduledThreadPoolExecutor$DelayedWorkQueue.take(ScheduledThreadPoolExecutor.java:809)&#10;        at java.util.concurrent.ThreadPoolExecutor.getTask(ThreadPoolExecutor.java:1074)&#10;        at java.util.concurrent.ThreadPoolExecutor.runWorker(ThreadPoolExecutor.java:1134)&#10;        at java.util.concurrent.ThreadPoolExecutor$Worker.run(ThreadPoolExecutor.java:624)&#10;        at java.lang.Thread.run(Thread.java:748)&#10;&quot;metrics-hadoop-metrics2-reporter-18-thread-1&quot; daemon prio=5 tid=484 timed_waiting&#10;java.lang.Thread.State: TIMED_WAITING&#10;        at sun.misc.Unsafe.park(Native Method)&#10;        at java.util.concurrent.locks.LockSupport.parkNanos(LockSupport.java:215)&#10;        at java.util.concurrent.locks.AbstractQueuedSynchronizer$ConditionObject.awaitNanos(AbstractQueuedSynchronizer.java:2078)&#10;        at java.util.concurrent.ScheduledThreadPoolExecutor$DelayedWorkQueue.take(ScheduledThreadPoolExecutor.java:1093)&#10;        at java.util.concurrent.ScheduledThreadPoolExecutor$DelayedWorkQueue.take(ScheduledThreadPoolExecutor.java:809)&#10;        at java.util.concurrent.ThreadPoolExecutor.getTask(ThreadPoolExecutor.java:1074)&#10;        at java.util.concurrent.ThreadPoolExecutor.runWorker(ThreadPoolExecutor.java:1134)&#10;        at java.util.concurrent.ThreadPoolExecutor$Worker.run(ThreadPoolExecutor.java:624)&#10;        at java.lang.Thread.run(Thread.java:748)&#10;&quot;IPC Server handler 14 on 40756&quot; daemon prio=5 tid=2329 timed_waiting&#10;java.lang.Thread.State: TIMED_WAITING&#10;        at sun.misc.Unsafe.park(Native Method)&#10;        at java.util.concurrent.locks.LockSupport.parkNanos(LockSupport.java:215)&#10;        at java.util.concurrent.locks.AbstractQueuedSynchronizer$ConditionObject.awaitNanos(AbstractQueuedSynchronizer.java:2078)&#10;        at java.util.concurrent.LinkedBlockingQueue.poll(LinkedBlockingQueue.java:467)&#10;        at org.apache.hadoop.ipc.CallQueueManager.take(CallQueueManager.java:288)&#10;        at org.apache.hadoop.ipc.Server$Handler.run(Server.java:2668)&#10;&quot;Datanode ReportManager Thread - 1&quot; daemon prio=5 tid=1456 in Object.wait()&#10;java.lang.Thread.State: WAITING (on object monitor)&#10;        at sun.misc.Unsafe.park(Native Method)&#10;        at java.util.concurrent.locks.LockSupport.park(LockSupport.java:175)&#10;        at java.util.concurrent.locks.AbstractQueuedSynchronizer$ConditionObject.await(AbstractQueuedSynchronizer.java:2039)&#10;        at java.util.concurrent.ScheduledThreadPoolExecutor$DelayedWorkQueue.take(ScheduledThreadPoolExecutor.java:1088)&#10;        at java.util.concurrent.ScheduledThreadPoolExecutor$DelayedWorkQueue.take(ScheduledThreadPoolExecutor.java:809)&#10;        at java.util.concurrent.ThreadPoolExecutor.getTask(ThreadPoolExecutor.java:1074)&#10;        at java.util.concurrent.ThreadPoolExecutor.runWorker(ThreadPoolExecutor.java:1134)&#10;        at java.util.concurrent.ThreadPoolExecutor$Worker.run(ThreadPoolExecutor.java:624)&#10;        at java.lang.Thread.run(Thread.java:748)&#10;&quot;metrics-hadoop-metrics2-reporter-132-thread-1&quot; daemon prio=5 tid=2772 timed_waiting&#10;java.lang.Thread.State: TIMED_WAITING&#10;        at sun.misc.Unsafe.park(Native Method)&#10;        at java.util.concurrent.locks.LockSupport.parkNanos(LockSupport.java:215)&#10;        at java.util.concurrent.locks.AbstractQueuedSynchronizer$ConditionObject.awaitNanos(AbstractQueuedSynchronizer.java:2078)&#10;        at java.util.concurrent.ScheduledThreadPoolExecutor$DelayedWorkQueue.take(ScheduledThreadPoolExecutor.java:1093)&#10;        at java.util.concurrent.ScheduledThreadPoolExecutor$DelayedWorkQueue.take(ScheduledThreadPoolExecutor.java:809)&#10;        at java.util.concurrent.ThreadPoolExecutor.getTask(ThreadPoolExecutor.java:1074)&#10;        at java.util.concurrent.ThreadPoolExecutor.runWorker(ThreadPoolExecutor.java:1134)&#10;        at java.util.concurrent.ThreadPoolExecutor$Worker.run(ThreadPoolExecutor.java:624)&#10;        at java.lang.Thread.run(Thread.java:748)&#10;&quot;pool-236-thread-35&quot;  prio=5 tid=2610 in Object.wait()&#10;java.lang.Thread.State: WAITING (on object monitor)&#10;        at sun.misc.Unsafe.park(Native Method)&#10;        at java.util.concurrent.locks.LockSupport.park(LockSupport.java:175)&#10;        at java.util.concurrent.locks.AbstractQueuedSynchronizer$ConditionObject.await(AbstractQueuedSynchronizer.java:2039)&#10;        at java.util.concurrent.ArrayBlockingQueue.take(ArrayBlockingQueue.java:403)&#10;        at java.util.concurrent.ThreadPoolExecutor.getTask(ThreadPoolExecutor.java:1074)&#10;        at java.util.concurrent.ThreadPoolExecutor.runWorker(ThreadPoolExecutor.java:1134)&#10;        at java.util.concurrent.ThreadPoolExecutor$Worker.run(ThreadPoolExecutor.java:624)&#10;        at java.lang.Thread.run(Thread.java:748)&#10;&quot;pool-236-thread-13&quot;  prio=5 tid=2588 in Object.wait()&#10;java.lang.Thread.State: WAITING (on object monitor)&#10;        at sun.misc.Unsafe.park(Native Method)&#10;        at java.util.concurrent.locks.LockSupport.park(LockSupport.java:175)&#10;        at java.util.concurrent.locks.AbstractQueuedSynchronizer$ConditionObject.await(AbstractQueuedSynchronizer.java:2039)&#10;        at java.util.concurrent.ArrayBlockingQueue.take(ArrayBlockingQueue.java:403)&#10;        at java.util.concurrent.ThreadPoolExecutor.getTask(ThreadPoolExecutor.java:1074)&#10;        at java.util.concurrent.ThreadPoolExecutor.runWorker(ThreadPoolExecutor.java:1134)&#10;        at java.util.concurrent.ThreadPoolExecutor$Worker.run(ThreadPoolExecutor.java:624)&#10;        at java.lang.Thread.run(Thread.java:748)&#10;&quot;PartialTableCache Cleanup Thread - 0&quot; daemon prio=5 tid=555 in Object.wait()&#10;java.lang.Thread.State: WAITING (on object monitor)&#10;        at sun.misc.Unsafe.park(Native Method)&#10;        at java.util.concurrent.locks.LockSupport.park(LockSupport.java:175)&#10;        at java.util.concurrent.locks.AbstractQueuedSynchronizer$ConditionObject.await(AbstractQueuedSynchronizer.java:2039)&#10;        at java.util.concurrent.LinkedBlockingQueue.take(LinkedBlockingQueue.java:442)&#10;        at java.util.concurrent.ThreadPoolExecutor.getTask(ThreadPoolExecutor.java:1074)&#10;        at java.util.concurrent.ThreadPoolExecutor.runWorker(ThreadPoolExecutor.java:1134)&#10;        at java.util.concurrent.ThreadPoolExecutor$Worker.run(ThreadPoolExecutor.java:624)&#10;        at java.lang.Thread.run(Thread.java:748)&#10;&quot;metrics-hadoop-metrics2-reporter-142-thread-1&quot; daemon prio=5 tid=2949 timed_waiting&#10;java.lang.Thread.State: TIMED_WAITING&#10;        at sun.misc.Unsafe.park(Native Method)&#10;        at java.util.concurrent.locks.LockSupport.parkNanos(LockSupport.java:215)&#10;        at java.util.concurrent.locks.AbstractQueuedSynchronizer$ConditionObject.awaitNanos(AbstractQueuedSynchronizer.java:2078)&#10;        at java.util.concurrent.ScheduledThreadPoolExecutor$DelayedWorkQueue.take(ScheduledThreadPoolExecutor.java:1093)&#10;        at java.util.concurrent.ScheduledThreadPoolExecutor$DelayedWorkQueue.take(ScheduledThreadPoolExecutor.java:809)&#10;        at java.util.concurrent.ThreadPoolExecutor.getTask(ThreadPoolExecutor.java:1074)&#10;        at java.util.concurrent.ThreadPoolExecutor.runWorker(ThreadPoolExecutor.java:1134)&#10;        at java.util.concurrent.ThreadPoolExecutor$Worker.run(ThreadPoolExecutor.java:624)&#10;        at java.lang.Thread.run(Thread.java:748)&#10;&quot;Datanode ReportManager Thread - 2&quot; daemon prio=5 tid=1430 in Object.wait()&#10;java.lang.Thread.State: WAITING (on object monitor)&#10;        at sun.misc.Unsafe.park(Native Method)&#10;        at java.util.concurrent.locks.LockSupport.park(LockSupport.java:175)&#10;        at java.util.concurrent.locks.AbstractQueuedSynchronizer$ConditionObject.await(AbstractQueuedSynchronizer.java:2039)&#10;        at java.util.concurrent.ScheduledThreadPoolExecutor$DelayedWorkQueue.take(ScheduledThreadPoolExecutor.java:1088)&#10;        at java.util.concurrent.ScheduledThreadPoolExecutor$DelayedWorkQueue.take(ScheduledThreadPoolExecutor.java:809)&#10;        at java.util.concurrent.ThreadPoolExecutor.getTask(ThreadPoolExecutor.java:1074)&#10;        at java.util.concurrent.ThreadPoolExecutor.runWorker(ThreadPoolExecutor.java:1134)&#10;        at java.util.concurrent.ThreadPoolExecutor$Worker.run(ThreadPoolExecutor.java:624)&#10;        at java.lang.Thread.run(Thread.java:748)&#10;&quot;org.eclipse.jetty.server.session.HashSessionManager@383cb5ceTimer&quot; daemon prio=5 tid=2383 timed_waiting&#10;java.lang.Thread.State: TIMED_WAITING&#10;        at sun.misc.Unsafe.park(Native Method)&#10;        at java.util.concurrent.locks.LockSupport.parkNanos(LockSupport.java:215)&#10;        at java.util.concurrent.locks.AbstractQueuedSynchronizer$ConditionObject.awaitNanos(AbstractQueuedSynchronizer.java:2078)&#10;        at java.util.concurrent.ScheduledThreadPoolExecutor$DelayedWorkQueue.take(ScheduledThreadPoolExecutor.java:1093)&#10;        at java.util.concurrent.ScheduledThreadPoolExecutor$DelayedWorkQueue.take(ScheduledThreadPoolExecutor.java:809)&#10;        at java.util.concurrent.ThreadPoolExecutor.getTask(ThreadPoolExecutor.java:1074)&#10;        at java.util.concurrent.ThreadPoolExecutor.runWorker(ThreadPoolExecutor.java:1134)&#10;        at java.util.concurrent.ThreadPoolExecutor$Worker.run(ThreadPoolExecutor.java:624)&#10;        at java.lang.Thread.run(Thread.java:748)&#10;&quot;PartialTableCache Cleanup Thread - 0&quot; daemon prio=5 tid=1238 in Object.wait()&#10;java.lang.Thread.State: WAITING (on object monitor)&#10;        at sun.misc.Unsafe.park(Native Method)&#10;        at java.util.concurrent.locks.LockSupport.park(LockSupport.java:175)&#10;        at java.util.concurrent.locks.AbstractQueuedSynchronizer$ConditionObject.await(AbstractQueuedSynchronizer.java:2039)&#10;        at java.util.concurrent.LinkedBlockingQueue.take(LinkedBlockingQueue.java:442)&#10;        at java.util.concurrent.ThreadPoolExecutor.getTask(ThreadPoolExecutor.java:1074)&#10;        at java.util.concurrent.ThreadPoolExecutor.runWorker(ThreadPoolExecutor.java:1134)&#10;        at java.util.concurrent.ThreadPoolExecutor$Worker.run(ThreadPoolExecutor.java:624)&#10;        at java.lang.Thread.run(Thread.java:748)&#10;&quot;java.util.concurrent.ThreadPoolExecutor$Worker@1ee5660a[State = -1, empty queue]&quot; daemon prio=5 tid=2956 timed_waiting&#10;java.lang.Thread.State: TIMED_WAITING&#10;        at sun.misc.Unsafe.park(Native Method)&#10;        at java.util.concurrent.locks.LockSupport.parkNanos(LockSupport.java:215)&#10;        at java.util.concurrent.locks.AbstractQueuedSynchronizer$ConditionObject.awaitNanos(AbstractQueuedSynchronizer.java:2078)&#10;        at java.util.concurrent.ScheduledThreadPoolExecutor$DelayedWorkQueue.take(ScheduledThreadPoolExecutor.java:1093)&#10;        at java.util.concurrent.ScheduledThreadPoolExecutor$DelayedWorkQueue.take(ScheduledThreadPoolExecutor.java:809)&#10;        at java.util.concurrent.ThreadPoolExecutor.getTask(ThreadPoolExecutor.java:1074)&#10;        at java.util.concurrent.ThreadPoolExecutor.runWorker(ThreadPoolExecutor.java:1134)&#10;        at java.util.concurrent.ThreadPoolExecutor$Worker.run(ThreadPoolExecutor.java:624)&#10;        at java.lang.Thread.run(Thread.java:748)&#10;&quot;pool-246-thread-60&quot;  prio=5 tid=2697 in Object.wait()&#10;java.lang.Thread.State: WAITING (on object monitor)&#10;        at sun.misc.Unsafe.park(Native Method)&#10;        at java.util.concurrent.locks.LockSupport.park(LockSupport.java:175)&#10;        at java.util.concurrent.locks.AbstractQueuedSynchronizer$ConditionObject.await(AbstractQueuedSynchronizer.java:2039)&#10;        at java.util.concurrent.ArrayBlockingQueue.take(ArrayBlockingQueue.java:403)&#10;        at java.util.concurrent.ThreadPoolExecutor.getTask(ThreadPoolExecutor.java:1074)&#10;        at java.util.concurrent.ThreadPoolExecutor.runWorker(ThreadPoolExecutor.java:1134)&#10;        at java.util.concurrent.ThreadPoolExecutor$Worker.run(ThreadPoolExecutor.java:624)&#10;        at java.lang.Thread.run(Thread.java:748)&#10;&quot;qtp2322399-2375&quot; daemon prio=5 tid=2375 runnable&#10;java.lang.Thread.State: RUNNABLE&#10;        at sun.nio.ch.EPollArrayWrapper.epollWait(Native Method)&#10;        at sun.nio.ch.EPollArrayWrapper.poll(EPollArrayWrapper.java:269)&#10;        at sun.nio.ch.EPollSelectorImpl.doSelect(EPollSelectorImpl.java:93)&#10;        at sun.nio.ch.SelectorImpl.lockAndDoSelect(SelectorImpl.java:86)&#10;        at sun.nio.ch.SelectorImpl.select(SelectorImpl.java:97)&#10;        at sun.nio.ch.SelectorImpl.select(SelectorImpl.java:101)&#10;        at org.eclipse.jetty.io.ManagedSelector$SelectorProducer.select(ManagedSelector.java:243)&#10;        at org.eclipse.jetty.io.ManagedSelector$SelectorProducer.produce(ManagedSelector.java:191)&#10;        at org.eclipse.jetty.util.thread.strategy.ExecuteProduceConsume.executeProduceConsume(ExecuteProduceConsume.java:249)&#10;        at org.eclipse.jetty.util.thread.strategy.ExecuteProduceConsume.produceConsume(ExecuteProduceConsume.java:148)&#10;        at org.eclipse.jetty.util.thread.strategy.ExecuteProduceConsume.execute(ExecuteProduceConsume.java:100)&#10;        at org.eclipse.jetty.io.ManagedSelector.run(ManagedSelector.java:147)&#10;        at org.eclipse.jetty.util.thread.QueuedThreadPool.runJob(QueuedThreadPool.java:671)&#10;        at org.eclipse.jetty.util.thread.QueuedThreadPool$2.run(QueuedThreadPool.java:589)&#10;        at java.lang.Thread.run(Thread.java:748)&#10;&quot;IPC Server handler 11 on 35795&quot; daemon prio=5 tid=2346 timed_waiting&#10;java.lang.Thread.State: TIMED_WAITING&#10;        at sun.misc.Unsafe.park(Native Method)&#10;        at java.util.concurrent.locks.LockSupport.parkNanos(LockSupport.java:215)&#10;        at java.util.concurrent.locks.AbstractQueuedSynchronizer$ConditionObject.awaitNanos(AbstractQueuedSynchronizer.java:2078)&#10;        at java.util.concurrent.LinkedBlockingQueue.poll(LinkedBlockingQueue.java:467)&#10;        at org.apache.hadoop.ipc.CallQueueManager.take(CallQueueManager.java:288)&#10;        at org.apache.hadoop.ipc.Server$Handler.run(Server.java:2668)&#10;&quot;qtp2000429588-2468&quot; daemon prio=5 tid=2468 timed_waiting&#10;java.lang.Thread.State: TIMED_WAITING&#10;        at sun.misc.Unsafe.park(Native Method)&#10;        at java.util.concurrent.locks.LockSupport.parkNanos(LockSupport.java:215)&#10;        at java.util.concurrent.locks.AbstractQueuedSynchronizer$ConditionObject.awaitNanos(AbstractQueuedSynchronizer.java:2078)&#10;        at org.eclipse.jetty.util.BlockingArrayQueue.poll(BlockingArrayQueue.java:392)&#10;        at org.eclipse.jetty.util.thread.QueuedThreadPool.idleJobPoll(QueuedThreadPool.java:563)&#10;        at org.eclipse.jetty.util.thread.QueuedThreadPool.access$800(QueuedThreadPool.java:48)&#10;        at org.eclipse.jetty.util.thread.QueuedThreadPool$2.run(QueuedThreadPool.java:626)&#10;        at java.lang.Thread.run(Thread.java:748)&#10;&quot;IPC Server handler 14 on 45250&quot; daemon prio=5 tid=2413 timed_waiting&#10;java.lang.Thread.State: TIMED_WAITING&#10;        at sun.misc.Unsafe.park(Native Method)&#10;        at java.util.concurrent.locks.LockSupport.parkNanos(LockSupport.java:215)&#10;        at java.util.concurrent.locks.AbstractQueuedSynchronizer$ConditionObject.awaitNanos(AbstractQueuedSynchronizer.java:2078)&#10;        at java.util.concurrent.LinkedBlockingQueue.poll(LinkedBlockingQueue.java:467)&#10;        at org.apache.hadoop.ipc.CallQueueManager.take(CallQueueManager.java:288)&#10;        at org.apache.hadoop.ipc.Server$Handler.run(Server.java:2668)&#10;&quot;java.util.concurrent.ThreadPoolExecutor$Worker@6ea73b48[State = -1, empty queue]&quot; daemon prio=5 tid=2785 timed_waiting&#10;java.lang.Thread.State: TIMED_WAITING&#10;        at sun.misc.Unsafe.park(Native Method)&#10;        at java.util.concurrent.locks.LockSupport.parkNanos(LockSupport.java:215)&#10;        at java.util.concurrent.locks.AbstractQueuedSynchronizer$ConditionObject.awaitNanos(AbstractQueuedSynchronizer.java:2078)&#10;        at java.util.concurrent.ScheduledThreadPoolExecutor$DelayedWorkQueue.take(ScheduledThreadPoolExecutor.java:1093)&#10;        at java.util.concurrent.ScheduledThreadPoolExecutor$DelayedWorkQueue.take(ScheduledThreadPoolExecutor.java:809)&#10;        at java.util.concurrent.ThreadPoolExecutor.getTask(ThreadPoolExecutor.java:1074)&#10;        at java.util.concurrent.ThreadPoolExecutor.runWorker(ThreadPoolExecutor.java:1134)&#10;        at java.util.concurrent.ThreadPoolExecutor$Worker.run(ThreadPoolExecutor.java:624)&#10;        at java.lang.Thread.run(Thread.java:748)&#10;&quot;Datanode ReportManager Thread - 2&quot; daemon prio=5 tid=1403 in Object.wait()&#10;java.lang.Thread.State: WAITING (on object monitor)&#10;        at sun.misc.Unsafe.park(Native Method)&#10;        at java.util.concurrent.locks.LockSupport.park(LockSupport.java:175)&#10;        at java.util.concurrent.locks.AbstractQueuedSynchronizer$ConditionObject.await(AbstractQueuedSynchronizer.java:2039)&#10;        at java.util.concurrent.ScheduledThreadPoolExecutor$DelayedWorkQueue.take(ScheduledThreadPoolExecutor.java:1088)&#10;        at java.util.concurrent.ScheduledThreadPoolExecutor$DelayedWorkQueue.take(ScheduledThreadPoolExecutor.java:809)&#10;        at java.util.concurrent.ThreadPoolExecutor.getTask(ThreadPoolExecutor.java:1074)&#10;        at java.util.concurrent.ThreadPoolExecutor.runWorker(ThreadPoolExecutor.java:1134)&#10;        at java.util.concurrent.ThreadPoolExecutor$Worker.run(ThreadPoolExecutor.java:624)&#10;        at java.lang.Thread.run(Thread.java:748)&#10;&quot;qtp1847256931-2500&quot; daemon prio=5 tid=2500 timed_waiting&#10;java.lang.Thread.State: TIMED_WAITING&#10;        at sun.misc.Unsafe.park(Native Method)&#10;        at java.util.concurrent.locks.LockSupport.parkNanos(LockSupport.java:215)&#10;        at java.util.concurrent.locks.AbstractQueuedSynchronizer$ConditionObject.awaitNanos(AbstractQueuedSynchronizer.java:2078)&#10;        at org.eclipse.jetty.util.BlockingArrayQueue.poll(BlockingArrayQueue.java:392)&#10;        at org.eclipse.jetty.util.thread.QueuedThreadPool.idleJobPoll(QueuedThreadPool.java:563)&#10;        at org.eclipse.jetty.util.thread.QueuedThreadPool.access$800(QueuedThreadPool.java:48)&#10;        at org.eclipse.jetty.util.thread.QueuedThreadPool$2.run(QueuedThreadPool.java:626)&#10;        at java.lang.Thread.run(Thread.java:748)&#10;&quot;IPC Server handler 10 on 38076&quot; daemon prio=5 tid=2365 timed_waiting&#10;java.lang.Thread.State: TIMED_WAITING&#10;        at sun.misc.Unsafe.park(Native Method)&#10;        at java.util.concurrent.locks.LockSupport.parkNanos(LockSupport.java:215)&#10;        at java.util.concurrent.locks.AbstractQueuedSynchronizer$ConditionObject.awaitNanos(AbstractQueuedSynchronizer.java:2078)&#10;        at java.util.concurrent.LinkedBlockingQueue.poll(LinkedBlockingQueue.java:467)&#10;        at org.apache.hadoop.ipc.CallQueueManager.take(CallQueueManager.java:288)&#10;        at org.apache.hadoop.ipc.Server$Handler.run(Server.java:2668)&#10;&quot;Datanode ReportManager Thread - 2&quot; daemon prio=5 tid=721 in Object.wait()&#10;java.lang.Thread.State: WAITING (on object monitor)&#10;        at sun.misc.Unsafe.park(Native Method)&#10;        at java.util.concurrent.locks.LockSupport.park(LockSupport.java:175)&#10;        at java.util.concurrent.locks.AbstractQueuedSynchronizer$ConditionObject.await(AbstractQueuedSynchronizer.java:2039)&#10;        at java.util.concurrent.ScheduledThreadPoolExecutor$DelayedWorkQueue.take(ScheduledThreadPoolExecutor.java:1088)&#10;        at java.util.concurrent.ScheduledThreadPoolExecutor$DelayedWorkQueue.take(ScheduledThreadPoolExecutor.java:809)&#10;        at java.util.concurrent.ThreadPoolExecutor.getTask(ThreadPoolExecutor.java:1074)&#10;        at java.util.concurrent.ThreadPoolExecutor.runWorker(ThreadPoolExecutor.java:1134)&#10;        at java.util.concurrent.ThreadPoolExecutor$Worker.run(ThreadPoolExecutor.java:624)&#10;        at java.lang.Thread.run(Thread.java:748)&#10;&quot;IPC Server Responder&quot; daemon prio=5 tid=2394 runnable&#10;java.lang.Thread.State: RUNNABLE&#10;        at sun.nio.ch.EPollArrayWrapper.epollWait(Native Method)&#10;        at sun.nio.ch.EPollArrayWrapper.poll(EPollArrayWrapper.java:269)&#10;        at sun.nio.ch.EPollSelectorImpl.doSelect(EPollSelectorImpl.java:93)&#10;        at sun.nio.ch.SelectorImpl.lockAndDoSelect(SelectorImpl.java:86)&#10;        at sun.nio.ch.SelectorImpl.select(SelectorImpl.java:97)&#10;        at org.apache.hadoop.ipc.Server$Responder.doRunLoop(Server.java:1334)&#10;        at org.apache.hadoop.ipc.Server$Responder.run(Server.java:1317)&#10;&quot;pool-246-thread-52&quot;  prio=5 tid=2689 in Object.wait()&#10;java.lang.Thread.State: WAITING (on object monitor)&#10;        at sun.misc.Unsafe.park(Native Method)&#10;        at java.util.concurrent.locks.LockSupport.park(LockSupport.java:175)&#10;        at java.util.concurrent.locks.AbstractQueuedSynchronizer$ConditionObject.await(AbstractQueuedSynchronizer.java:2039)&#10;        at java.util.concurrent.ArrayBlockingQueue.take(ArrayBlockingQueue.java:403)&#10;        at java.util.concurrent.ThreadPoolExecutor.getTask(ThreadPoolExecutor.java:1074)&#10;        at java.util.concurrent.ThreadPoolExecutor.runWorker(ThreadPoolExecutor.java:1134)&#10;        at java.util.concurrent.ThreadPoolExecutor$Worker.run(ThreadPoolExecutor.java:624)&#10;        at java.lang.Thread.run(Thread.java:748)&#10;&quot;pool-236-thread-53&quot;  prio=5 tid=2628 in Object.wait()&#10;java.lang.Thread.State: WAITING (on object monitor)&#10;        at sun.misc.Unsafe.park(Native Method)&#10;        at java.util.concurrent.locks.LockSupport.park(LockSupport.java:175)&#10;        at java.util.concurrent.locks.AbstractQueuedSynchronizer$ConditionObject.await(AbstractQueuedSynchronizer.java:2039)&#10;        at java.util.concurrent.ArrayBlockingQueue.take(ArrayBlockingQueue.java:403)&#10;        at java.util.concurrent.ThreadPoolExecutor.getTask(ThreadPoolExecutor.java:1074)&#10;        at java.util.concurrent.ThreadPoolExecutor.runWorker(ThreadPoolExecutor.java:1134)&#10;        at java.util.concurrent.ThreadPoolExecutor$Worker.run(ThreadPoolExecutor.java:624)&#10;        at java.lang.Thread.run(Thread.java:748)&#10;&quot;CommandWatcher-LeaseManager#LeaseMonitor&quot; daemon prio=5 tid=2314 timed_waiting&#10;java.lang.Thread.State: TIMED_WAITING&#10;        at java.lang.Thread.sleep(Native Method)&#10;        at org.apache.hadoop.ozone.lease.LeaseManager$LeaseMonitor.run(LeaseManager.java:234)&#10;        at java.lang.Thread.run(Thread.java:748)&#10;&quot;pool-236-thread-14&quot;  prio=5 tid=2589 in Object.wait()&#10;java.lang.Thread.State: WAITING (on object monitor)&#10;        at sun.misc.Unsafe.park(Native Method)&#10;        at java.util.concurrent.locks.LockSupport.park(LockSupport.java:175)&#10;        at java.util.concurrent.locks.AbstractQueuedSynchronizer$ConditionObject.await(AbstractQueuedSynchronizer.java:2039)&#10;        at java.util.concurrent.ArrayBlockingQueue.take(ArrayBlockingQueue.java:403)&#10;        at java.util.concurrent.ThreadPoolExecutor.getTask(ThreadPoolExecutor.java:1074)&#10;        at java.util.concurrent.ThreadPoolExecutor.runWorker(ThreadPoolExecutor.java:1134)&#10;        at java.util.concurrent.ThreadPoolExecutor$Worker.run(ThreadPoolExecutor.java:624)&#10;        at java.lang.Thread.run(Thread.java:748)&#10;&quot;pool-236-thread-48&quot;  prio=5 tid=2623 in Object.wait()&#10;java.lang.Thread.State: WAITING (on object monitor)&#10;        at sun.misc.Unsafe.park(Native Method)&#10;        at java.util.concurrent.locks.LockSupport.park(LockSupport.java:175)&#10;        at java.util.concurrent.locks.AbstractQueuedSynchronizer$ConditionObject.await(AbstractQueuedSynchronizer.java:2039)&#10;        at java.util.concurrent.ArrayBlockingQueue.take(ArrayBlockingQueue.java:403)&#10;        at java.util.concurrent.ThreadPoolExecutor.getTask(ThreadPoolExecutor.java:1074)&#10;        at java.util.concurrent.ThreadPoolExecutor.runWorker(ThreadPoolExecutor.java:1134)&#10;        at java.util.concurrent.ThreadPoolExecutor$Worker.run(ThreadPoolExecutor.java:624)&#10;        at java.lang.Thread.run(Thread.java:748)&#10;&quot;EventQueue-NodeRegistrationContainerReportForContainerSafeModeRule&quot; daemon prio=5 tid=2703 in Object.wait()&#10;java.lang.Thread.State: WAITING (on object monitor)&#10;        at sun.misc.Unsafe.park(Native Method)&#10;        at java.util.concurrent.locks.LockSupport.park(LockSupport.java:175)&#10;        at java.util.concurrent.locks.AbstractQueuedSynchronizer$ConditionObject.await(AbstractQueuedSynchronizer.java:2039)&#10;        at java.util.concurrent.LinkedBlockingQueue.take(LinkedBlockingQueue.java:442)&#10;        at java.util.concurrent.ThreadPoolExecutor.getTask(ThreadPoolExecutor.java:1074)&#10;        at java.util.concurrent.ThreadPoolExecutor.runWorker(ThreadPoolExecutor.java:1134)&#10;        at java.util.concurrent.ThreadPoolExecutor$Worker.run(ThreadPoolExecutor.java:624)&#10;        at java.lang.Thread.run(Thread.java:748)&#10;&quot;pool-226-thread-36&quot;  prio=5 tid=2548 in Object.wait()&#10;java.lang.Thread.State: WAITING (on object monitor)&#10;        at sun.misc.Unsafe.park(Native Method)&#10;        at java.util.concurrent.locks.LockSupport.park(LockSupport.java:175)&#10;        at java.util.concurrent.locks.AbstractQueuedSynchronizer$ConditionObject.await(AbstractQueuedSynchronizer.java:2039)&#10;        at java.util.concurrent.ArrayBlockingQueue.take(ArrayBlockingQueue.java:403)&#10;        at java.util.concurrent.ThreadPoolExecutor.getTask(ThreadPoolExecutor.java:1074)&#10;        at java.util.concurrent.ThreadPoolExecutor.runWorker(ThreadPoolExecutor.java:1134)&#10;        at java.util.concurrent.ThreadPoolExecutor$Worker.run(ThreadPoolExecutor.java:624)&#10;        at java.lang.Thread.run(Thread.java:748)&#10;&quot;Datanode ReportManager Thread - 0&quot; daemon prio=5 tid=719 in Object.wait()&#10;java.lang.Thread.State: WAITING (on object monitor)&#10;        at sun.misc.Unsafe.park(Native Method)&#10;        at java.util.concurrent.locks.LockSupport.park(LockSupport.java:175)&#10;        at java.util.concurrent.locks.AbstractQueuedSynchronizer$ConditionObject.await(AbstractQueuedSynchronizer.java:2039)&#10;        at java.util.concurrent.ScheduledThreadPoolExecutor$DelayedWorkQueue.take(ScheduledThreadPoolExecutor.java:1088)&#10;        at java.util.concurrent.ScheduledThreadPoolExecutor$DelayedWorkQueue.take(ScheduledThreadPoolExecutor.java:809)&#10;        at java.util.concurrent.ThreadPoolExecutor.getTask(ThreadPoolExecutor.java:1074)&#10;        at java.util.concurrent.ThreadPoolExecutor.runWorker(ThreadPoolExecutor.java:1134)&#10;        at java.util.concurrent.ThreadPoolExecutor$Worker.run(ThreadPoolExecutor.java:624)&#10;        at java.lang.Thread.run(Thread.java:748)&#10;&quot;metrics-hadoop-metrics2-reporter-144-thread-1&quot; daemon prio=5 tid=2953 timed_waiting&#10;java.lang.Thread.State: TIMED_WAITING&#10;        at sun.misc.Unsafe.park(Native Method)&#10;        at java.util.concurrent.locks.LockSupport.parkNanos(LockSupport.java:215)&#10;        at java.util.concurrent.locks.AbstractQueuedSynchronizer$ConditionObject.awaitNanos(AbstractQueuedSynchronizer.java:2078)&#10;        at java.util.concurrent.ScheduledThreadPoolExecutor$DelayedWorkQueue.take(ScheduledThreadPoolExecutor.java:1093)&#10;        at java.util.concurrent.ScheduledThreadPoolExecutor$DelayedWorkQueue.take(ScheduledThreadPoolExecutor.java:809)&#10;        at java.util.concurrent.ThreadPoolExecutor.getTask(ThreadPoolExecutor.java:1074)&#10;        at java.util.concurrent.ThreadPoolExecutor.runWorker(ThreadPoolExecutor.java:1134)&#10;        at java.util.concurrent.ThreadPoolExecutor$Worker.run(ThreadPoolExecutor.java:624)&#10;        at java.lang.Thread.run(Thread.java:748)&#10;&quot;metrics-hadoop-metrics2-reporter-117-thread-1&quot; daemon prio=5 tid=2728 timed_waiting&#10;java.lang.Thread.State: TIMED_WAITING&#10;        at sun.misc.Unsafe.park(Native Method)&#10;        at java.util.concurrent.locks.LockSupport.parkNanos(LockSupport.java:215)&#10;        at java.util.concurrent.locks.AbstractQueuedSynchronizer$ConditionObject.awaitNanos(AbstractQueuedSynchronizer.java:2078)&#10;        at java.util.concurrent.ScheduledThreadPoolExecutor$DelayedWorkQueue.take(ScheduledThreadPoolExecutor.java:1093)&#10;        at java.util.concurrent.ScheduledThreadPoolExecutor$DelayedWorkQueue.take(ScheduledThreadPoolExecutor.java:809)&#10;        at java.util.concurrent.ThreadPoolExecutor.getTask(ThreadPoolExecutor.java:1074)&#10;        at java.util.concurrent.ThreadPoolExecutor.runWorker(ThreadPoolExecutor.java:1134)&#10;        at java.util.concurrent.ThreadPoolExecutor$Worker.run(ThreadPoolExecutor.java:624)&#10;        at java.lang.Thread.run(Thread.java:748)&#10;&quot;metrics-hadoop-metrics2-reporter-23-thread-1&quot; daemon prio=5 tid=502 timed_waiting&#10;java.lang.Thread.State: TIMED_WAITING&#10;        at sun.misc.Unsafe.park(Native Method)&#10;        at java.util.concurrent.locks.LockSupport.parkNanos(LockSupport.java:215)&#10;        at java.util.concurrent.locks.AbstractQueuedSynchronizer$ConditionObject.awaitNanos(AbstractQueuedSynchronizer.java:2078)&#10;        at java.util.concurrent.ScheduledThreadPoolExecutor$DelayedWorkQueue.take(ScheduledThreadPoolExecutor.java:1093)&#10;        at java.util.concurrent.ScheduledThreadPoolExecutor$DelayedWorkQueue.take(ScheduledThreadPoolExecutor.java:809)&#10;        at java.util.concurrent.ThreadPoolExecutor.getTask(ThreadPoolExecutor.java:1074)&#10;        at java.util.concurrent.ThreadPoolExecutor.runWorker(ThreadPoolExecutor.java:1134)&#10;        at java.util.concurrent.ThreadPoolExecutor$Worker.run(ThreadPoolExecutor.java:624)&#10;        at java.lang.Thread.run(Thread.java:748)&#10;&quot;metrics-hadoop-metrics2-reporter-38-thread-1&quot; daemon prio=5 tid=1008 timed_waiting&#10;java.lang.Thread.State: TIMED_WAITING&#10;        at sun.misc.Unsafe.park(Native Method)&#10;        at java.util.concurrent.locks.LockSupport.parkNanos(LockSupport.java:215)&#10;        at java.util.concurrent.locks.AbstractQueuedSynchronizer$ConditionObject.awaitNanos(AbstractQueuedSynchronizer.java:2078)&#10;        at java.util.concurrent.ScheduledThreadPoolExecutor$DelayedWorkQueue.take(ScheduledThreadPoolExecutor.java:1093)&#10;        at java.util.concurrent.ScheduledThreadPoolExecutor$DelayedWorkQueue.take(ScheduledThreadPoolExecutor.java:809)&#10;        at java.util.concurrent.ThreadPoolExecutor.getTask(ThreadPoolExecutor.java:1074)&#10;        at java.util.concurrent.ThreadPoolExecutor.runWorker(ThreadPoolExecutor.java:1134)&#10;        at java.util.concurrent.ThreadPoolExecutor$Worker.run(ThreadPoolExecutor.java:624)&#10;        at java.lang.Thread.run(Thread.java:748)&#10;&quot;Datanode ReportManager Thread - 2&quot; daemon prio=5 tid=1936 timed_waiting&#10;java.lang.Thread.State: TIMED_WAITING&#10;        at sun.misc.Unsafe.park(Native Method)&#10;        at java.util.concurrent.locks.LockSupport.parkNanos(LockSupport.java:215)&#10;        at java.util.concurrent.locks.AbstractQueuedSynchronizer$ConditionObject.awaitNanos(AbstractQueuedSynchronizer.java:2078)&#10;        at java.util.concurrent.ScheduledThreadPoolExecutor$DelayedWorkQueue.take(ScheduledThreadPoolExecutor.java:1093)&#10;        at java.util.concurrent.ScheduledThreadPoolExecutor$DelayedWorkQueue.take(ScheduledThreadPoolExecutor.java:809)&#10;        at java.util.concurrent.ThreadPoolExecutor.getTask(ThreadPoolExecutor.java:1074)&#10;        at java.util.concurrent.ThreadPoolExecutor.runWorker(ThreadPoolExecutor.java:1134)&#10;        at java.util.concurrent.ThreadPoolExecutor$Worker.run(ThreadPoolExecutor.java:624)&#10;        at java.lang.Thread.run(Thread.java:748)&#10;&quot;IPC Server handler 0 on 38076&quot; daemon prio=5 tid=2355 timed_waiting&#10;java.lang.Thread.State: TIMED_WAITING&#10;        at sun.misc.Unsafe.park(Native Method)&#10;        at java.util.concurrent.locks.LockSupport.parkNanos(LockSupport.java:215)&#10;        at java.util.concurrent.locks.AbstractQueuedSynchronizer$ConditionObject.awaitNanos(AbstractQueuedSynchronizer.java:2078)&#10;        at java.util.concurrent.LinkedBlockingQueue.poll(LinkedBlockingQueue.java:467)&#10;        at org.apache.hadoop.ipc.CallQueueManager.take(CallQueueManager.java:288)&#10;        at org.apache.hadoop.ipc.Server$Handler.run(Server.java:2668)&#10;&quot;pool-246-thread-55&quot;  prio=5 tid=2692 in Object.wait()&#10;java.lang.Thread.State: WAITING (on object monitor)&#10;        at sun.misc.Unsafe.park(Native Method)&#10;        at java.util.concurrent.locks.LockSupport.park(LockSupport.java:175)&#10;        at java.util.concurrent.locks.AbstractQueuedSynchronizer$ConditionObject.await(AbstractQueuedSynchronizer.java:2039)&#10;        at java.util.concurrent.ArrayBlockingQueue.take(ArrayBlockingQueue.java:403)&#10;        at java.util.concurrent.ThreadPoolExecutor.getTask(ThreadPoolExecutor.java:1074)&#10;        at java.util.concurrent.ThreadPoolExecutor.runWorker(ThreadPoolExecutor.java:1134)&#10;        at java.util.concurrent.ThreadPoolExecutor$Worker.run(ThreadPoolExecutor.java:624)&#10;        at java.lang.Thread.run(Thread.java:748)&#10;&quot;grpc-default-executor-4&quot; daemon prio=5 tid=4817 timed_waiting&#10;java.lang.Thread.State: TIMED_WAITING&#10;        at sun.misc.Unsafe.park(Native Method)&#10;        at java.util.concurrent.locks.LockSupport.parkNanos(LockSupport.java:215)&#10;        at java.util.concurrent.SynchronousQueue$TransferStack.awaitFulfill(SynchronousQueue.java:460)&#10;        at java.util.concurrent.SynchronousQueue$TransferStack.transfer(SynchronousQueue.java:362)&#10;        at java.util.concurrent.SynchronousQueue.poll(SynchronousQueue.java:941)&#10;        at java.util.concurrent.ThreadPoolExecutor.getTask(ThreadPoolExecutor.java:1073)&#10;        at java.util.concurrent.ThreadPoolExecutor.runWorker(ThreadPoolExecutor.java:1134)&#10;        at java.util.concurrent.ThreadPoolExecutor$Worker.run(ThreadPoolExecutor.java:624)&#10;        at java.lang.Thread.run(Thread.java:748)&#10;&quot;Datanode ReportManager Thread - 1&quot; daemon prio=5 tid=1402 in Object.wait()&#10;java.lang.Thread.State: WAITING (on object monitor)&#10;        at sun.misc.Unsafe.park(Native Method)&#10;        at java.util.concurrent.locks.LockSupport.park(LockSupport.java:175)&#10;        at java.util.concurrent.locks.AbstractQueuedSynchronizer$ConditionObject.await(AbstractQueuedSynchronizer.java:2039)&#10;        at java.util.concurrent.ScheduledThreadPoolExecutor$DelayedWorkQueue.take(ScheduledThreadPoolExecutor.java:1088)&#10;        at java.util.concurrent.ScheduledThreadPoolExecutor$DelayedWorkQueue.take(ScheduledThreadPoolExecutor.java:809)&#10;        at java.util.concurrent.ThreadPoolExecutor.getTask(ThreadPoolExecutor.java:1074)&#10;        at java.util.concurrent.ThreadPoolExecutor.runWorker(ThreadPoolExecutor.java:1134)&#10;        at java.util.concurrent.ThreadPoolExecutor$Worker.run(ThreadPoolExecutor.java:624)&#10;        at java.lang.Thread.run(Thread.java:748)&#10;&quot;PartialTableCache Cleanup Thread - 0&quot; daemon prio=5 tid=552 in Object.wait()&#10;java.lang.Thread.State: WAITING (on object monitor)&#10;        at sun.misc.Unsafe.park(Native Method)&#10;        at java.util.concurrent.locks.LockSupport.park(LockSupport.java:175)&#10;        at java.util.concurrent.locks.AbstractQueuedSynchronizer$ConditionObject.await(AbstractQueuedSynchronizer.java:2039)&#10;        at java.util.concurrent.LinkedBlockingQueue.take(LinkedBlockingQueue.java:442)&#10;        at java.util.concurrent.ThreadPoolExecutor.getTask(ThreadPoolExecutor.java:1074)&#10;        at java.util.concurrent.ThreadPoolExecutor.runWorker(ThreadPoolExecutor.java:1134)&#10;        at java.util.concurrent.ThreadPoolExecutor$Worker.run(ThreadPoolExecutor.java:624)&#10;        at java.lang.Thread.run(Thread.java:748)&#10;&quot;pool-247-thread-1&quot;  prio=5 tid=2733 in Object.wait()&#10;java.lang.Thread.State: WAITING (on object monitor)&#10;        at sun.misc.Unsafe.park(Native Method)&#10;        at java.util.concurrent.locks.LockSupport.park(LockSupport.java:175)&#10;        at java.util.concurrent.locks.AbstractQueuedSynchronizer$ConditionObject.await(AbstractQueuedSynchronizer.java:2039)&#10;        at java.util.concurrent.LinkedBlockingQueue.take(LinkedBlockingQueue.java:442)&#10;        at java.util.concurrent.ThreadPoolExecutor.getTask(ThreadPoolExecutor.java:1074)&#10;        at java.util.concurrent.ThreadPoolExecutor.runWorker(ThreadPoolExecutor.java:1134)&#10;        at java.util.concurrent.ThreadPoolExecutor$Worker.run(ThreadPoolExecutor.java:624)&#10;        at java.lang.Thread.run(Thread.java:748)&#10;&quot;metrics-hadoop-metrics2-reporter-52-thread-1&quot; daemon prio=5 tid=1196 timed_waiting&#10;java.lang.Thread.State: TIMED_WAITING&#10;        at sun.misc.Unsafe.park(Native Method)&#10;        at java.util.concurrent.locks.LockSupport.parkNanos(LockSupport.java:215)&#10;        at java.util.concurrent.locks.AbstractQueuedSynchronizer$ConditionObject.awaitNanos(AbstractQueuedSynchronizer.java:2078)&#10;        at java.util.concurrent.ScheduledThreadPoolExecutor$DelayedWorkQueue.take(ScheduledThreadPoolExecutor.java:1093)&#10;        at java.util.concurrent.ScheduledThreadPoolExecutor$DelayedWorkQueue.take(ScheduledThreadPoolExecutor.java:809)&#10;        at java.util.concurrent.ThreadPoolExecutor.getTask(ThreadPoolExecutor.java:1074)&#10;        at java.util.concurrent.ThreadPoolExecutor.runWorker(ThreadPoolExecutor.java:1134)&#10;        at java.util.concurrent.ThreadPoolExecutor$Worker.run(ThreadPoolExecutor.java:624)&#10;        at java.lang.Thread.run(Thread.java:748)&#10;&quot;PartialTableCache Cleanup Thread - 0&quot; daemon prio=5 tid=1771 in Object.wait()&#10;java.lang.Thread.State: WAITING (on object monitor)&#10;        at sun.misc.Unsafe.park(Native Method)&#10;        at java.util.concurrent.locks.LockSupport.park(LockSupport.java:175)&#10;        at java.util.concurrent.locks.AbstractQueuedSynchronizer$ConditionObject.await(AbstractQueuedSynchronizer.java:2039)&#10;        at java.util.concurrent.LinkedBlockingQueue.take(LinkedBlockingQueue.java:442)&#10;        at java.util.concurrent.ThreadPoolExecutor.getTask(ThreadPoolExecutor.java:1074)&#10;        at java.util.concurrent.ThreadPoolExecutor.runWorker(ThreadPoolExecutor.java:1134)&#10;        at java.util.concurrent.ThreadPoolExecutor$Worker.run(ThreadPoolExecutor.java:624)&#10;        at java.lang.Thread.run(Thread.java:748)&#10;&quot;metrics-hadoop-metrics2-reporter-15-thread-1&quot; daemon prio=5 tid=478 timed_waiting&#10;java.lang.Thread.State: TIMED_WAITING&#10;        at sun.misc.Unsafe.park(Native Method)&#10;        at java.util.concurrent.locks.LockSupport.parkNanos(LockSupport.java:215)&#10;        at java.util.concurrent.locks.AbstractQueuedSynchronizer$ConditionObject.awaitNanos(AbstractQueuedSynchronizer.java:2078)&#10;        at java.util.concurrent.ScheduledThreadPoolExecutor$DelayedWorkQueue.take(ScheduledThreadPoolExecutor.java:1093)&#10;        at java.util.concurrent.ScheduledThreadPoolExecutor$DelayedWorkQueue.take(ScheduledThreadPoolExecutor.java:809)&#10;        at java.util.concurrent.ThreadPoolExecutor.getTask(ThreadPoolExecutor.java:1074)&#10;        at java.util.concurrent.ThreadPoolExecutor.runWorker(ThreadPoolExecutor.java:1134)&#10;        at java.util.concurrent.ThreadPoolExecutor$Worker.run(ThreadPoolExecutor.java:624)&#10;        at java.lang.Thread.run(Thread.java:748)&#10;&quot;BlockDeletingService#1&quot; daemon prio=5 tid=2699 in Object.wait()&#10;java.lang.Thread.State: WAITING (on object monitor)&#10;        at sun.misc.Unsafe.park(Native Method)&#10;        at java.util.concurrent.locks.LockSupport.park(LockSupport.java:175)&#10;        at java.util.concurrent.locks.AbstractQueuedSynchronizer$ConditionObject.await(AbstractQueuedSynchronizer.java:2039)&#10;        at java.util.concurrent.ScheduledThreadPoolExecutor$DelayedWorkQueue.take(ScheduledThreadPoolExecutor.java:1088)&#10;        at java.util.concurrent.ScheduledThreadPoolExecutor$DelayedWorkQueue.take(ScheduledThreadPoolExecutor.java:809)&#10;        at java.util.concurrent.ThreadPoolExecutor.getTask(ThreadPoolExecutor.java:1074)&#10;        at java.util.concurrent.ThreadPoolExecutor.runWorker(ThreadPoolExecutor.java:1134)&#10;        at java.util.concurrent.ThreadPoolExecutor$Worker.run(ThreadPoolExecutor.java:624)&#10;        at java.lang.Thread.run(Thread.java:748)&#10;&quot;IPC Client (823758059) connection to /0.0.0.0:38076 from jenkins1000&quot; daemon prio=5 tid=2512 timed_waiting&#10;java.lang.Thread.State: TIMED_WAITING&#10;        at java.lang.Object.wait(Native Method)&#10;        at org.apache.hadoop.ipc.Client$Connection.waitForWork(Client.java:1024)&#10;        at org.apache.hadoop.ipc.Client$Connection.run(Client.java:1068)&#10;&quot;pool-246-thread-11&quot;  prio=5 tid=2648 in Object.wait()&#10;java.lang.Thread.State: WAITING (on object monitor)&#10;        at sun.misc.Unsafe.park(Native Method)&#10;        at java.util.concurrent.locks.LockSupport.park(LockSupport.java:175)&#10;        at java.util.concurrent.locks.AbstractQueuedSynchronizer$ConditionObject.await(AbstractQueuedSynchronizer.java:2039)&#10;        at java.util.concurrent.ArrayBlockingQueue.take(ArrayBlockingQueue.java:403)&#10;        at java.util.concurrent.ThreadPoolExecutor.getTask(ThreadPoolExecutor.java:1074)&#10;        at java.util.concurrent.ThreadPoolExecutor.runWorker(ThreadPoolExecutor.java:1134)&#10;        at java.util.concurrent.ThreadPoolExecutor$Worker.run(ThreadPoolExecutor.java:624)&#10;        at java.lang.Thread.run(Thread.java:748)&#10;&quot;metrics-hadoop-metrics2-reporter-56-thread-1&quot; daemon prio=5 tid=1206 timed_waiting&#10;java.lang.Thread.State: TIMED_WAITING&#10;        at sun.misc.Unsafe.park(Native Method)&#10;        at java.util.concurrent.locks.LockSupport.parkNanos(LockSupport.java:215)&#10;        at java.util.concurrent.locks.AbstractQueuedSynchronizer$ConditionObject.awaitNanos(AbstractQueuedSynchronizer.java:2078)&#10;        at java.util.concurrent.ScheduledThreadPoolExecutor$DelayedWorkQueue.take(ScheduledThreadPoolExecutor.java:1093)&#10;        at java.util.concurrent.ScheduledThreadPoolExecutor$DelayedWorkQueue.take(ScheduledThreadPoolExecutor.java:809)&#10;        at java.util.concurrent.ThreadPoolExecutor.getTask(ThreadPoolExecutor.java:1074)&#10;        at java.util.concurrent.ThreadPoolExecutor.runWorker(ThreadPoolExecutor.java:1134)&#10;        at java.util.concurrent.ThreadPoolExecutor$Worker.run(ThreadPoolExecutor.java:624)&#10;        at java.lang.Thread.run(Thread.java:748)&#10;&quot;IPC Server handler 4 on 38076&quot; daemon prio=5 tid=2359 timed_waiting&#10;java.lang.Thread.State: TIMED_WAITING&#10;        at sun.misc.Unsafe.park(Native Method)&#10;        at java.util.concurrent.locks.LockSupport.parkNanos(LockSupport.java:215)&#10;        at java.util.concurrent.locks.AbstractQueuedSynchronizer$ConditionObject.awaitNanos(AbstractQueuedSynchronizer.java:2078)&#10;        at java.util.concurrent.LinkedBlockingQueue.poll(LinkedBlockingQueue.java:467)&#10;        at org.apache.hadoop.ipc.CallQueueManager.take(CallQueueManager.java:288)&#10;        at org.apache.hadoop.ipc.Server$Handler.run(Server.java:2668)&#10;&quot;pool-246-thread-56&quot;  prio=5 tid=2693 in Object.wait()&#10;java.lang.Thread.State: WAITING (on object monitor)&#10;        at sun.misc.Unsafe.park(Native Method)&#10;        at java.util.concurrent.locks.LockSupport.park(LockSupport.java:175)&#10;        at java.util.concurrent.locks.AbstractQueuedSynchronizer$ConditionObject.await(AbstractQueuedSynchronizer.java:2039)&#10;        at java.util.concurrent.ArrayBlockingQueue.take(ArrayBlockingQueue.java:403)&#10;        at java.util.concurrent.ThreadPoolExecutor.getTask(ThreadPoolExecutor.java:1074)&#10;        at java.util.concurrent.ThreadPoolExecutor.runWorker(ThreadPoolExecutor.java:1134)&#10;        at java.util.concurrent.ThreadPoolExecutor$Worker.run(ThreadPoolExecutor.java:624)&#10;        at java.lang.Thread.run(Thread.java:748)&#10;&quot;pool-236-thread-5&quot;  prio=5 tid=2580 in Object.wait()&#10;java.lang.Thread.State: WAITING (on object monitor)&#10;        at sun.misc.Unsafe.park(Native Method)&#10;        at java.util.concurrent.locks.LockSupport.park(LockSupport.java:175)&#10;        at java.util.concurrent.locks.AbstractQueuedSynchronizer$ConditionObject.await(AbstractQueuedSynchronizer.java:2039)&#10;        at java.util.concurrent.ArrayBlockingQueue.take(ArrayBlockingQueue.java:403)&#10;        at java.util.concurrent.ThreadPoolExecutor.getTask(ThreadPoolExecutor.java:1074)&#10;        at java.util.concurrent.ThreadPoolExecutor.runWorker(ThreadPoolExecutor.java:1134)&#10;        at java.util.concurrent.ThreadPoolExecutor$Worker.run(ThreadPoolExecutor.java:624)&#10;        at java.lang.Thread.run(Thread.java:748)&#10;&quot;pool-236-thread-4&quot;  prio=5 tid=2579 in Object.wait()&#10;java.lang.Thread.State: WAITING (on object monitor)&#10;        at sun.misc.Unsafe.park(Native Method)&#10;        at java.util.concurrent.locks.LockSupport.park(LockSupport.java:175)&#10;        at java.util.concurrent.locks.AbstractQueuedSynchronizer$ConditionObject.await(AbstractQueuedSynchronizer.java:2039)&#10;        at java.util.concurrent.ArrayBlockingQueue.take(ArrayBlockingQueue.java:403)&#10;        at java.util.concurrent.ThreadPoolExecutor.getTask(ThreadPoolExecutor.java:1074)&#10;        at java.util.concurrent.ThreadPoolExecutor.runWorker(ThreadPoolExecutor.java:1134)&#10;        at java.util.concurrent.ThreadPoolExecutor$Worker.run(ThreadPoolExecutor.java:624)&#10;        at java.lang.Thread.run(Thread.java:748)&#10;&quot;PartialTableCache Cleanup Thread - 0&quot; daemon prio=5 tid=2287 in Object.wait()&#10;java.lang.Thread.State: WAITING (on object monitor)&#10;        at sun.misc.Unsafe.park(Native Method)&#10;        at java.util.concurrent.locks.LockSupport.park(LockSupport.java:175)&#10;        at java.util.concurrent.locks.AbstractQueuedSynchronizer$ConditionObject.await(AbstractQueuedSynchronizer.java:2039)&#10;        at java.util.concurrent.LinkedBlockingQueue.take(LinkedBlockingQueue.java:442)&#10;        at java.util.concurrent.ThreadPoolExecutor.getTask(ThreadPoolExecutor.java:1074)&#10;        at java.util.concurrent.ThreadPoolExecutor.runWorker(ThreadPoolExecutor.java:1134)&#10;        at java.util.concurrent.ThreadPoolExecutor$Worker.run(ThreadPoolExecutor.java:624)&#10;        at java.lang.Thread.run(Thread.java:748)&#10;&quot;metrics-hadoop-metrics2-reporter-76-thread-1&quot; daemon prio=5 tid=1708 timed_waiting&#10;java.lang.Thread.State: TIMED_WAITING&#10;        at sun.misc.Unsafe.park(Native Method)&#10;        at java.util.concurrent.locks.LockSupport.parkNanos(LockSupport.java:215)&#10;        at java.util.concurrent.locks.AbstractQueuedSynchronizer$ConditionObject.awaitNanos(AbstractQueuedSynchronizer.java:2078)&#10;        at java.util.concurrent.ScheduledThreadPoolExecutor$DelayedWorkQueue.take(ScheduledThreadPoolExecutor.java:1093)&#10;        at java.util.concurrent.ScheduledThreadPoolExecutor$DelayedWorkQueue.take(ScheduledThreadPoolExecutor.java:809)&#10;        at java.util.concurrent.ThreadPoolExecutor.getTask(ThreadPoolExecutor.java:1074)&#10;        at java.util.concurrent.ThreadPoolExecutor.runWorker(ThreadPoolExecutor.java:1134)&#10;        at java.util.concurrent.ThreadPoolExecutor$Worker.run(ThreadPoolExecutor.java:624)&#10;        at java.lang.Thread.run(Thread.java:748)&#10;&quot;jaeger.RemoteReporter-FlushTimer&quot; daemon prio=5 tid=148 timed_waiting&#10;java.lang.Thread.State: TIMED_WAITING&#10;        at java.lang.Object.wait(Native Method)&#10;        at java.util.TimerThread.mainLoop(Timer.java:552)&#10;        at java.util.TimerThread.run(Timer.java:505)&#10;&quot;IPC Server handler 13 on 38076&quot; daemon prio=5 tid=2368 timed_waiting&#10;java.lang.Thread.State: TIMED_WAITING&#10;        at sun.misc.Unsafe.park(Native Method)&#10;        at java.util.concurrent.locks.LockSupport.parkNanos(LockSupport.java:215)&#10;        at java.util.concurrent.locks.AbstractQueuedSynchronizer$ConditionObject.awaitNanos(AbstractQueuedSynchronizer.java:2078)&#10;        at java.util.concurrent.LinkedBlockingQueue.poll(LinkedBlockingQueue.java:467)&#10;        at org.apache.hadoop.ipc.CallQueueManager.take(CallQueueManager.java:288)&#10;        at org.apache.hadoop.ipc.Server$Handler.run(Server.java:2668)&#10;&quot;metrics-hadoop-metrics2-reporter-121-thread-1&quot; daemon prio=5 tid=2739 timed_waiting&#10;java.lang.Thread.State: TIMED_WAITING&#10;        at sun.misc.Unsafe.park(Native Method)&#10;        at java.util.concurrent.locks.LockSupport.parkNanos(LockSupport.java:215)&#10;        at java.util.concurrent.locks.AbstractQueuedSynchronizer$ConditionObject.awaitNanos(AbstractQueuedSynchronizer.java:2078)&#10;        at java.util.concurrent.ScheduledThreadPoolExecutor$DelayedWorkQueue.take(ScheduledThreadPoolExecutor.java:1093)&#10;        at java.util.concurrent.ScheduledThreadPoolExecutor$DelayedWorkQueue.take(ScheduledThreadPoolExecutor.java:809)&#10;        at java.util.concurrent.ThreadPoolExecutor.getTask(ThreadPoolExecutor.java:1074)&#10;        at java.util.concurrent.ThreadPoolExecutor.runWorker(ThreadPoolExecutor.java:1134)&#10;        at java.util.concurrent.ThreadPoolExecutor$Worker.run(ThreadPoolExecutor.java:624)&#10;        at java.lang.Thread.run(Thread.java:748)&#10;&quot;pool-236-thread-25&quot;  prio=5 tid=2600 in Object.wait()&#10;java.lang.Thread.State: WAITING (on object monitor)&#10;        at sun.misc.Unsafe.park(Native Method)&#10;        at java.util.concurrent.locks.LockSupport.park(LockSupport.java:175)&#10;        at java.util.concurrent.locks.AbstractQueuedSynchronizer$ConditionObject.await(AbstractQueuedSynchronizer.java:2039)&#10;        at java.util.concurrent.ArrayBlockingQueue.take(ArrayBlockingQueue.java:403)&#10;        at java.util.concurrent.ThreadPoolExecutor.getTask(ThreadPoolExecutor.java:1074)&#10;        at java.util.concurrent.ThreadPoolExecutor.runWorker(ThreadPoolExecutor.java:1134)&#10;        at java.util.concurrent.ThreadPoolExecutor$Worker.run(ThreadPoolExecutor.java:624)&#10;        at java.lang.Thread.run(Thread.java:748)&#10;&quot;PartialTableCache Cleanup Thread - 0&quot; daemon prio=5 tid=1236 in Object.wait()&#10;java.lang.Thread.State: WAITING (on object monitor)&#10;        at sun.misc.Unsafe.park(Native Method)&#10;        at java.util.concurrent.locks.LockSupport.park(LockSupport.java:175)&#10;        at java.util.concurrent.locks.AbstractQueuedSynchronizer$ConditionObject.await(AbstractQueuedSynchronizer.java:2039)&#10;        at java.util.concurrent.LinkedBlockingQueue.take(LinkedBlockingQueue.java:442)&#10;        at java.util.concurrent.ThreadPoolExecutor.getTask(ThreadPoolExecutor.java:1074)&#10;        at java.util.concurrent.ThreadPoolExecutor.runWorker(ThreadPoolExecutor.java:1134)&#10;        at java.util.concurrent.ThreadPoolExecutor$Worker.run(ThreadPoolExecutor.java:624)&#10;        at java.lang.Thread.run(Thread.java:748)&#10;&quot;metrics-hadoop-metrics2-reporter-69-thread-1&quot; daemon prio=5 tid=1685 timed_waiting&#10;java.lang.Thread.State: TIMED_WAITING&#10;        at sun.misc.Unsafe.park(Native Method)&#10;        at java.util.concurrent.locks.LockSupport.parkNanos(LockSupport.java:215)&#10;        at java.util.concurrent.locks.AbstractQueuedSynchronizer$ConditionObject.awaitNanos(AbstractQueuedSynchronizer.java:2078)&#10;        at java.util.concurrent.ScheduledThreadPoolExecutor$DelayedWorkQueue.take(ScheduledThreadPoolExecutor.java:1093)&#10;        at java.util.concurrent.ScheduledThreadPoolExecutor$DelayedWorkQueue.take(ScheduledThreadPoolExecutor.java:809)&#10;        at java.util.concurrent.ThreadPoolExecutor.getTask(ThreadPoolExecutor.java:1074)&#10;        at java.util.concurrent.ThreadPoolExecutor.runWorker(ThreadPoolExecutor.java:1134)&#10;        at java.util.concurrent.ThreadPoolExecutor$Worker.run(ThreadPoolExecutor.java:624)&#10;        at java.lang.Thread.run(Thread.java:748)&#10;&quot;Datanode ReportManager Thread - 0&quot; daemon prio=5 tid=1988 timed_waiting&#10;java.lang.Thread.State: TIMED_WAITING&#10;        at sun.misc.Unsafe.park(Native Method)&#10;        at java.util.concurrent.locks.LockSupport.parkNanos(LockSupport.java:215)&#10;        at java.util.concurrent.locks.AbstractQueuedSynchronizer$ConditionObject.awaitNanos(AbstractQueuedSynchronizer.java:2078)&#10;        at java.util.concurrent.ScheduledThreadPoolExecutor$DelayedWorkQueue.take(ScheduledThreadPoolExecutor.java:1093)&#10;        at java.util.concurrent.ScheduledThreadPoolExecutor$DelayedWorkQueue.take(ScheduledThreadPoolExecutor.java:809)&#10;        at java.util.concurrent.ThreadPoolExecutor.getTask(ThreadPoolExecutor.java:1074)&#10;        at java.util.concurrent.ThreadPoolExecutor.runWorker(ThreadPoolExecutor.java:1134)&#10;        at java.util.concurrent.ThreadPoolExecutor$Worker.run(ThreadPoolExecutor.java:624)&#10;        at java.lang.Thread.run(Thread.java:748)&#10;&quot;IPC Server idle connection scanner for port 40756&quot; daemon prio=5 tid=2310 timed_waiting&#10;java.lang.Thread.State: TIMED_WAITING&#10;        at java.lang.Object.wait(Native Method)&#10;        at java.util.TimerThread.mainLoop(Timer.java:552)&#10;        at java.util.TimerThread.run(Timer.java:505)&#10;&quot;Datanode ReportManager Thread - 3&quot; daemon prio=5 tid=1964 timed_waiting&#10;java.lang.Thread.State: TIMED_WAITING&#10;        at sun.misc.Unsafe.park(Native Method)&#10;        at java.util.concurrent.locks.LockSupport.parkNanos(LockSupport.java:215)&#10;        at java.util.concurrent.locks.AbstractQueuedSynchronizer$ConditionObject.awaitNanos(AbstractQueuedSynchronizer.java:2078)&#10;        at java.util.concurrent.ScheduledThreadPoolExecutor$DelayedWorkQueue.take(ScheduledThreadPoolExecutor.java:1093)&#10;        at java.util.concurrent.ScheduledThreadPoolExecutor$DelayedWorkQueue.take(ScheduledThreadPoolExecutor.java:809)&#10;        at java.util.concurrent.ThreadPoolExecutor.getTask(ThreadPoolExecutor.java:1074)&#10;        at java.util.concurrent.ThreadPoolExecutor.runWorker(ThreadPoolExecutor.java:1134)&#10;        at java.util.concurrent.ThreadPoolExecutor$Worker.run(ThreadPoolExecutor.java:624)&#10;        at java.lang.Thread.run(Thread.java:748)&#10;&quot;qtp945327594-2422&quot; daemon prio=5 tid=2422 timed_waiting&#10;java.lang.Thread.State: TIMED_WAITING&#10;        at sun.misc.Unsafe.park(Native Method)&#10;        at java.util.concurrent.locks.LockSupport.parkNanos(LockSupport.java:215)&#10;        at java.util.concurrent.locks.AbstractQueuedSynchronizer$ConditionObject.awaitNanos(AbstractQueuedSynchronizer.java:2078)&#10;        at org.eclipse.jetty.util.BlockingArrayQueue.poll(BlockingArrayQueue.java:392)&#10;        at org.eclipse.jetty.util.thread.QueuedThreadPool.idleJobPoll(QueuedThreadPool.java:563)&#10;        at org.eclipse.jetty.util.thread.QueuedThreadPool.access$800(QueuedThreadPool.java:48)&#10;        at org.eclipse.jetty.util.thread.QueuedThreadPool$2.run(QueuedThreadPool.java:626)&#10;        at java.lang.Thread.run(Thread.java:748)&#10;&quot;b32d7882-88db-4fe6-9cca-6a25122d474d@group-896385CD49EE-SegmentedRaftLogWorker&quot;  prio=5 tid=2929 timed_waiting&#10;java.lang.Thread.State: TIMED_WAITING&#10;        at sun.misc.Unsafe.park(Native Method)&#10;        at java.util.concurrent.locks.LockSupport.parkNanos(LockSupport.java:215)&#10;        at java.util.concurrent.locks.AbstractQueuedSynchronizer$ConditionObject.awaitNanos(AbstractQueuedSynchronizer.java:2078)&#10;        at org.apache.ratis.util.DataBlockingQueue.poll(DataBlockingQueue.java:137)&#10;        at org.apache.ratis.server.raftlog.segmented.SegmentedRaftLogWorker.run(SegmentedRaftLogWorker.java:282)&#10;        at java.lang.Thread.run(Thread.java:748)&#10;&quot;pool-226-thread-35&quot;  prio=5 tid=2547 in Object.wait()&#10;java.lang.Thread.State: WAITING (on object monitor)&#10;        at sun.misc.Unsafe.park(Native Method)&#10;        at java.util.concurrent.locks.LockSupport.park(LockSupport.java:175)&#10;        at java.util.concurrent.locks.AbstractQueuedSynchronizer$ConditionObject.await(AbstractQueuedSynchronizer.java:2039)&#10;        at java.util.concurrent.ArrayBlockingQueue.take(ArrayBlockingQueue.java:403)&#10;        at java.util.concurrent.ThreadPoolExecutor.getTask(ThreadPoolExecutor.java:1074)&#10;        at java.util.concurrent.ThreadPoolExecutor.runWorker(ThreadPoolExecutor.java:1134)&#10;        at java.util.concurrent.ThreadPoolExecutor$Worker.run(ThreadPoolExecutor.java:624)&#10;        at java.lang.Thread.run(Thread.java:748)&#10;&quot;IPC Server handler 6 on 38076&quot; daemon prio=5 tid=2361 timed_waiting&#10;java.lang.Thread.State: TIMED_WAITING&#10;        at sun.misc.Unsafe.park(Native Method)&#10;        at java.util.concurrent.locks.LockSupport.parkNanos(LockSupport.java:215)&#10;        at java.util.concurrent.locks.AbstractQueuedSynchronizer$ConditionObject.awaitNanos(AbstractQueuedSynchronizer.java:2078)&#10;        at java.util.concurrent.LinkedBlockingQueue.poll(LinkedBlockingQueue.java:467)&#10;        at org.apache.hadoop.ipc.CallQueueManager.take(CallQueueManager.java:288)&#10;        at org.apache.hadoop.ipc.Server$Handler.run(Server.java:2668)&#10;&quot;IPC Server handler 17 on 40756&quot; daemon prio=5 tid=2332 timed_waiting&#10;java.lang.Thread.State: TIMED_WAITING&#10;        at sun.misc.Unsafe.park(Native Method)&#10;        at java.util.concurrent.locks.LockSupport.parkNanos(LockSupport.java:215)&#10;        at java.util.concurrent.locks.AbstractQueuedSynchronizer$ConditionObject.awaitNanos(AbstractQueuedSynchronizer.java:2078)&#10;        at java.util.concurrent.LinkedBlockingQueue.poll(LinkedBlockingQueue.java:467)&#10;        at org.apache.hadoop.ipc.CallQueueManager.take(CallQueueManager.java:288)&#10;        at org.apache.hadoop.ipc.Server$Handler.run(Server.java:2668)&#10;&quot;Thread-3964&quot; daemon prio=5 tid=5468 terminated&#10;java.lang.Thread.State: TERMINATED&#10;        at java.lang.Thread.sleep(Native Method)&#10;        at org.apache.ratis.util.JavaUtils.sleep(JavaUtils.java:247)&#10;        at org.apache.ratis.server.impl.FollowerState.run(FollowerState.java:97)&#10;&quot;java.util.concurrent.ThreadPoolExecutor$Worker@56bb6e43[State = -1, empty queue]&quot; daemon prio=5 tid=2786 timed_waiting&#10;java.lang.Thread.State: TIMED_WAITING&#10;        at sun.misc.Unsafe.park(Native Method)&#10;        at java.util.concurrent.locks.LockSupport.parkNanos(LockSupport.java:215)&#10;        at java.util.concurrent.locks.AbstractQueuedSynchronizer$ConditionObject.awaitNanos(AbstractQueuedSynchronizer.java:2078)&#10;        at java.util.concurrent.ScheduledThreadPoolExecutor$DelayedWorkQueue.take(ScheduledThreadPoolExecutor.java:1093)&#10;        at java.util.concurrent.ScheduledThreadPoolExecutor$DelayedWorkQueue.take(ScheduledThreadPoolExecutor.java:809)&#10;        at java.util.concurrent.ThreadPoolExecutor.getTask(ThreadPoolExecutor.java:1074)&#10;        at java.util.concurrent.ThreadPoolExecutor.runWorker(ThreadPoolExecutor.java:1134)&#10;        at java.util.concurrent.ThreadPoolExecutor$Worker.run(ThreadPoolExecutor.java:624)&#10;        at java.lang.Thread.run(Thread.java:748)&#10;&quot;IPC Server handler 19 on 35795&quot; daemon prio=5 tid=2354 timed_waiting&#10;java.lang.Thread.State: TIMED_WAITING&#10;        at sun.misc.Unsafe.park(Native Method)&#10;        at java.util.concurrent.locks.LockSupport.parkNanos(LockSupport.java:215)&#10;        at java.util.concurrent.locks.AbstractQueuedSynchronizer$ConditionObject.awaitNanos(AbstractQueuedSynchronizer.java:2078)&#10;        at java.util.concurrent.LinkedBlockingQueue.poll(LinkedBlockingQueue.java:467)&#10;        at org.apache.hadoop.ipc.CallQueueManager.take(CallQueueManager.java:288)&#10;        at org.apache.hadoop.ipc.Server$Handler.run(Server.java:2668)&#10;&quot;Timer-1&quot; daemon prio=5 tid=149 timed_waiting&#10;java.lang.Thread.State: TIMED_WAITING&#10;        at java.lang.Object.wait(Native Method)&#10;        at java.util.TimerThread.mainLoop(Timer.java:552)&#10;        at java.util.TimerThread.run(Timer.java:505)&#10;&quot;pool-226-thread-6&quot;  prio=5 tid=2518 in Object.wait()&#10;java.lang.Thread.State: WAITING (on object monitor)&#10;        at sun.misc.Unsafe.park(Native Method)&#10;        at java.util.concurrent.locks.LockSupport.park(LockSupport.java:175)&#10;        at java.util.concurrent.locks.AbstractQueuedSynchronizer$ConditionObject.await(AbstractQueuedSynchronizer.java:2039)&#10;        at java.util.concurrent.ArrayBlockingQueue.take(ArrayBlockingQueue.java:403)&#10;        at java.util.concurrent.ThreadPoolExecutor.getTask(ThreadPoolExecutor.java:1074)&#10;        at java.util.concurrent.ThreadPoolExecutor.runWorker(ThreadPoolExecutor.java:1134)&#10;        at java.util.concurrent.ThreadPoolExecutor$Worker.run(ThreadPoolExecutor.java:624)&#10;        at java.lang.Thread.run(Thread.java:748)&#10;&quot;metrics-hadoop-metrics2-reporter-85-thread-1&quot; daemon prio=5 tid=1753 timed_waiting&#10;java.lang.Thread.State: TIMED_WAITING&#10;        at sun.misc.Unsafe.park(Native Method)&#10;        at java.util.concurrent.locks.LockSupport.parkNanos(LockSupport.java:215)&#10;        at java.util.concurrent.locks.AbstractQueuedSynchronizer$ConditionObject.awaitNanos(AbstractQueuedSynchronizer.java:2078)&#10;        at java.util.concurrent.ScheduledThreadPoolExecutor$DelayedWorkQueue.take(ScheduledThreadPoolExecutor.java:1093)&#10;        at java.util.concurrent.ScheduledThreadPoolExecutor$DelayedWorkQueue.take(ScheduledThreadPoolExecutor.java:809)&#10;        at java.util.concurrent.ThreadPoolExecutor.getTask(ThreadPoolExecutor.java:1074)&#10;        at java.util.concurrent.ThreadPoolExecutor.runWorker(ThreadPoolExecutor.java:1134)&#10;        at java.util.concurrent.ThreadPoolExecutor$Worker.run(ThreadPoolExecutor.java:624)&#10;        at java.lang.Thread.run(Thread.java:748)&#10;&quot;IPC Server handler 3 on 40756&quot; daemon prio=5 tid=2318 timed_waiting&#10;java.lang.Thread.State: TIMED_WAITING&#10;        at sun.misc.Unsafe.park(Native Method)&#10;        at java.util.concurrent.locks.LockSupport.parkNanos(LockSupport.java:215)&#10;        at java.util.concurrent.locks.AbstractQueuedSynchronizer$ConditionObject.awaitNanos(AbstractQueuedSynchronizer.java:2078)&#10;        at java.util.concurrent.LinkedBlockingQueue.poll(LinkedBlockingQueue.java:467)&#10;        at org.apache.hadoop.ipc.CallQueueManager.take(CallQueueManager.java:288)&#10;        at org.apache.hadoop.ipc.Server$Handler.run(Server.java:2668)&#10;&quot;pool-226-thread-9&quot;  prio=5 tid=2521 in Object.wait()&#10;java.lang.Thread.State: WAITING (on object monitor)&#10;        at sun.misc.Unsafe.park(Native Method)&#10;        at java.util.concurrent.locks.LockSupport.park(LockSupport.java:175)&#10;        at java.util.concurrent.locks.AbstractQueuedSynchronizer$ConditionObject.await(AbstractQueuedSynchronizer.java:2039)&#10;        at java.util.concurrent.ArrayBlockingQueue.take(ArrayBlockingQueue.java:403)&#10;        at java.util.concurrent.ThreadPoolExecutor.getTask(ThreadPoolExecutor.java:1074)&#10;        at java.util.concurrent.ThreadPoolExecutor.runWorker(ThreadPoolExecutor.java:1134)&#10;        at java.util.concurrent.ThreadPoolExecutor$Worker.run(ThreadPoolExecutor.java:624)&#10;        at java.lang.Thread.run(Thread.java:748)&#10;&quot;OMDoubleBufferFlushThread&quot; daemon prio=5 tid=2390 timed_waiting&#10;java.lang.Thread.State: TIMED_WAITING&#10;        at java.lang.Object.wait(Native Method)&#10;        at org.apache.hadoop.ozone.om.ratis.OzoneManagerDoubleBuffer.canFlush(OzoneManagerDoubleBuffer.java:322)&#10;        at org.apache.hadoop.ozone.om.ratis.OzoneManagerDoubleBuffer.flushTransactions(OzoneManagerDoubleBuffer.java:130)&#10;        at org.apache.hadoop.ozone.om.ratis.OzoneManagerDoubleBuffer$$Lambda$49/128077491.run(Unknown Source)&#10;        at java.lang.Thread.run(Thread.java:748)&#10;&quot;pool-226-thread-40&quot;  prio=5 tid=2552 in Object.wait()&#10;java.lang.Thread.State: WAITING (on object monitor)&#10;        at sun.misc.Unsafe.park(Native Method)&#10;        at java.util.concurrent.locks.LockSupport.park(LockSupport.java:175)&#10;        at java.util.concurrent.locks.AbstractQueuedSynchronizer$ConditionObject.await(AbstractQueuedSynchronizer.java:2039)&#10;        at java.util.concurrent.ArrayBlockingQueue.take(ArrayBlockingQueue.java:403)&#10;        at java.util.concurrent.ThreadPoolExecutor.getTask(ThreadPoolExecutor.java:1074)&#10;        at java.util.concurrent.ThreadPoolExecutor.runWorker(ThreadPoolExecutor.java:1134)&#10;        at java.util.concurrent.ThreadPoolExecutor$Worker.run(ThreadPoolExecutor.java:624)&#10;        at java.lang.Thread.run(Thread.java:748)&#10;&quot;pool-246-thread-37&quot;  prio=5 tid=2674 in Object.wait()&#10;java.lang.Thread.State: WAITING (on object monitor)&#10;        at sun.misc.Unsafe.park(Native Method)&#10;        at java.util.concurrent.locks.LockSupport.park(LockSupport.java:175)&#10;        at java.util.concurrent.locks.AbstractQueuedSynchronizer$ConditionObject.await(AbstractQueuedSynchronizer.java:2039)&#10;        at java.util.concurrent.ArrayBlockingQueue.take(ArrayBlockingQueue.java:403)&#10;        at java.util.concurrent.ThreadPoolExecutor.getTask(ThreadPoolExecutor.java:1074)&#10;        at java.util.concurrent.ThreadPoolExecutor.runWorker(ThreadPoolExecutor.java:1134)&#10;        at java.util.concurrent.ThreadPoolExecutor$Worker.run(ThreadPoolExecutor.java:624)&#10;        at java.lang.Thread.run(Thread.java:748)&#10;&quot;qtp945327594-2426&quot; daemon prio=5 tid=2426 timed_waiting&#10;java.lang.Thread.State: TIMED_WAITING&#10;        at sun.misc.Unsafe.park(Native Method)&#10;        at java.util.concurrent.locks.LockSupport.parkNanos(LockSupport.java:215)&#10;        at java.util.concurrent.locks.AbstractQueuedSynchronizer$ConditionObject.awaitNanos(AbstractQueuedSynchronizer.java:2078)&#10;        at org.eclipse.jetty.util.BlockingArrayQueue.poll(BlockingArrayQueue.java:392)&#10;        at org.eclipse.jetty.util.thread.QueuedThreadPool.idleJobPoll(QueuedThreadPool.java:563)&#10;        at org.eclipse.jetty.util.thread.QueuedThreadPool.access$800(QueuedThreadPool.java:48)&#10;        at org.eclipse.jetty.util.thread.QueuedThreadPool$2.run(QueuedThreadPool.java:626)&#10;        at java.lang.Thread.run(Thread.java:748)&#10;&quot;IPC Server handler 10 on 35795&quot; daemon prio=5 tid=2345 timed_waiting&#10;java.lang.Thread.State: TIMED_WAITING&#10;        at sun.misc.Unsafe.park(Native Method)&#10;        at java.util.concurrent.locks.LockSupport.parkNanos(LockSupport.java:215)&#10;        at java.util.concurrent.locks.AbstractQueuedSynchronizer$ConditionObject.awaitNanos(AbstractQueuedSynchronizer.java:2078)&#10;        at java.util.concurrent.LinkedBlockingQueue.poll(LinkedBlockingQueue.java:467)&#10;        at org.apache.hadoop.ipc.CallQueueManager.take(CallQueueManager.java:288)&#10;        at org.apache.hadoop.ipc.Server$Handler.run(Server.java:2668)&#10;&quot;qtp1847256931-2495&quot; daemon prio=5 tid=2495 timed_waiting&#10;java.lang.Thread.State: TIMED_WAITING&#10;        at sun.misc.Unsafe.park(Native Method)&#10;        at java.util.concurrent.locks.LockSupport.parkNanos(LockSupport.java:215)&#10;        at java.util.concurrent.locks.AbstractQueuedSynchronizer$ConditionObject.awaitNanos(AbstractQueuedSynchronizer.java:2078)&#10;        at org.eclipse.jetty.util.BlockingArrayQueue.poll(BlockingArrayQueue.java:392)&#10;        at org.eclipse.jetty.util.thread.QueuedThreadPool.idleJobPoll(QueuedThreadPool.java:563)&#10;        at org.eclipse.jetty.util.thread.QueuedThreadPool.access$800(QueuedThreadPool.java:48)&#10;        at org.eclipse.jetty.util.thread.QueuedThreadPool$2.run(QueuedThreadPool.java:626)&#10;        at java.lang.Thread.run(Thread.java:748)&#10;&quot;IPC Server listener on 40756&quot; daemon prio=5 tid=2308 runnable&#10;java.lang.Thread.State: RUNNABLE&#10;        at sun.nio.ch.EPollArrayWrapper.epollWait(Native Method)&#10;        at sun.nio.ch.EPollArrayWrapper.poll(EPollArrayWrapper.java:269)&#10;        at sun.nio.ch.EPollSelectorImpl.doSelect(EPollSelectorImpl.java:93)&#10;        at sun.nio.ch.SelectorImpl.lockAndDoSelect(SelectorImpl.java:86)&#10;        at sun.nio.ch.SelectorImpl.select(SelectorImpl.java:97)&#10;        at sun.nio.ch.SelectorImpl.select(SelectorImpl.java:101)&#10;        at org.apache.hadoop.ipc.Server$Listener.run(Server.java:1159)&#10;&quot;org.eclipse.jetty.server.session.HashSessionManager@3b9ac754Timer&quot; daemon prio=5 tid=2385 timed_waiting&#10;java.lang.Thread.State: TIMED_WAITING&#10;        at sun.misc.Unsafe.park(Native Method)&#10;        at java.util.concurrent.locks.LockSupport.parkNanos(LockSupport.java:215)&#10;        at java.util.concurrent.locks.AbstractQueuedSynchronizer$ConditionObject.awaitNanos(AbstractQueuedSynchronizer.java:2078)&#10;        at java.util.concurrent.ScheduledThreadPoolExecutor$DelayedWorkQueue.take(ScheduledThreadPoolExecutor.java:1093)&#10;        at java.util.concurrent.ScheduledThreadPoolExecutor$DelayedWorkQueue.take(ScheduledThreadPoolExecutor.java:809)&#10;        at java.util.concurrent.ThreadPoolExecutor.getTask(ThreadPoolExecutor.java:1074)&#10;        at java.util.concurrent.ThreadPoolExecutor.runWorker(ThreadPoolExecutor.java:1134)&#10;        at java.util.concurrent.ThreadPoolExecutor$Worker.run(ThreadPoolExecutor.java:624)&#10;        at java.lang.Thread.run(Thread.java:748)&#10;&quot;Datanode ReportManager Thread - 3&quot; daemon prio=5 tid=1991 in Object.wait()&#10;java.lang.Thread.State: WAITING (on object monitor)&#10;        at sun.misc.Unsafe.park(Native Method)&#10;        at java.util.concurrent.locks.LockSupport.park(LockSupport.java:175)&#10;        at java.util.concurrent.locks.AbstractQueuedSynchronizer$ConditionObject.await(AbstractQueuedSynchronizer.java:2039)&#10;        at java.util.concurrent.ScheduledThreadPoolExecutor$DelayedWorkQueue.take(ScheduledThreadPoolExecutor.java:1088)&#10;        at java.util.concurrent.ScheduledThreadPoolExecutor$DelayedWorkQueue.take(ScheduledThreadPoolExecutor.java:809)&#10;        at java.util.concurrent.ThreadPoolExecutor.getTask(ThreadPoolExecutor.java:1074)&#10;        at java.util.concurrent.ThreadPoolExecutor.runWorker(ThreadPoolExecutor.java:1134)&#10;        at java.util.concurrent.ThreadPoolExecutor$Worker.run(ThreadPoolExecutor.java:624)&#10;        at java.lang.Thread.run(Thread.java:748)&#10;&quot;metrics-hadoop-metrics2-reporter-25-thread-1&quot; daemon prio=5 tid=535 timed_waiting&#10;java.lang.Thread.State: TIMED_WAITING&#10;        at sun.misc.Unsafe.park(Native Method)&#10;        at java.util.concurrent.locks.LockSupport.parkNanos(LockSupport.java:215)&#10;        at java.util.concurrent.locks.AbstractQueuedSynchronizer$ConditionObject.awaitNanos(AbstractQueuedSynchronizer.java:2078)&#10;        at java.util.concurrent.ScheduledThreadPoolExecutor$DelayedWorkQueue.take(ScheduledThreadPoolExecutor.java:1093)&#10;        at java.util.concurrent.ScheduledThreadPoolExecutor$DelayedWorkQueue.take(ScheduledThreadPoolExecutor.java:809)&#10;        at java.util.concurrent.ThreadPoolExecutor.getTask(ThreadPoolExecutor.java:1074)&#10;        at java.util.concurrent.ThreadPoolExecutor.runWorker(ThreadPoolExecutor.java:1134)&#10;        at java.util.concurrent.ThreadPoolExecutor$Worker.run(ThreadPoolExecutor.java:624)&#10;        at java.lang.Thread.run(Thread.java:748)&#10;&quot;metrics-hadoop-metrics2-reporter-127-thread-1&quot; daemon prio=5 tid=2758 timed_waiting&#10;java.lang.Thread.State: TIMED_WAITING&#10;        at sun.misc.Unsafe.park(Native Method)&#10;        at java.util.concurrent.locks.LockSupport.parkNanos(LockSupport.java:215)&#10;        at java.util.concurrent.locks.AbstractQueuedSynchronizer$ConditionObject.awaitNanos(AbstractQueuedSynchronizer.java:2078)&#10;        at java.util.concurrent.ScheduledThreadPoolExecutor$DelayedWorkQueue.take(ScheduledThreadPoolExecutor.java:1093)&#10;        at java.util.concurrent.ScheduledThreadPoolExecutor$DelayedWorkQueue.take(ScheduledThreadPoolExecutor.java:809)&#10;        at java.util.concurrent.ThreadPoolExecutor.getTask(ThreadPoolExecutor.java:1074)&#10;        at java.util.concurrent.ThreadPoolExecutor.runWorker(ThreadPoolExecutor.java:1134)&#10;        at java.util.concurrent.ThreadPoolExecutor$Worker.run(ThreadPoolExecutor.java:624)&#10;        at java.lang.Thread.run(Thread.java:748)&#10;&quot;metrics-hadoop-metrics2-reporter-84-thread-1&quot; daemon prio=5 tid=1734 timed_waiting&#10;java.lang.Thread.State: TIMED_WAITING&#10;        at sun.misc.Unsafe.park(Native Method)&#10;        at java.util.concurrent.locks.LockSupport.parkNanos(LockSupport.java:215)&#10;        at java.util.concurrent.locks.AbstractQueuedSynchronizer$ConditionObject.awaitNanos(AbstractQueuedSynchronizer.java:2078)&#10;        at java.util.concurrent.ScheduledThreadPoolExecutor$DelayedWorkQueue.take(ScheduledThreadPoolExecutor.java:1093)&#10;        at java.util.concurrent.ScheduledThreadPoolExecutor$DelayedWorkQueue.take(ScheduledThreadPoolExecutor.java:809)&#10;        at java.util.concurrent.ThreadPoolExecutor.getTask(ThreadPoolExecutor.java:1074)&#10;        at java.util.concurrent.ThreadPoolExecutor.runWorker(ThreadPoolExecutor.java:1134)&#10;        at java.util.concurrent.ThreadPoolExecutor$Worker.run(ThreadPoolExecutor.java:624)&#10;        at java.lang.Thread.run(Thread.java:748)&#10;&quot;grpc-default-worker-ELG-11-1&quot; daemon prio=5 tid=2709 runnable&#10;java.lang.Thread.State: RUNNABLE&#10;        at sun.nio.ch.EPollArrayWrapper.epollWait(Native Method)&#10;        at sun.nio.ch.EPollArrayWrapper.poll(EPollArrayWrapper.java:269)&#10;        at sun.nio.ch.EPollSelectorImpl.doSelect(EPollSelectorImpl.java:93)&#10;        at sun.nio.ch.SelectorImpl.lockAndDoSelect(SelectorImpl.java:86)&#10;        at sun.nio.ch.SelectorImpl.select(SelectorImpl.java:97)&#10;        at org.apache.ratis.thirdparty.io.netty.channel.nio.SelectedSelectionKeySetSelector.select(SelectedSelectionKeySetSelector.java:62)&#10;        at org.apache.ratis.thirdparty.io.netty.channel.nio.NioEventLoop.select(NioEventLoop.java:753)&#10;        at org.apache.ratis.thirdparty.io.netty.channel.nio.NioEventLoop.run(NioEventLoop.java:408)&#10;        at org.apache.ratis.thirdparty.io.netty.util.concurrent.SingleThreadEventExecutor$5.run(SingleThreadEventExecutor.java:897)&#10;        at org.apache.ratis.thirdparty.io.netty.util.concurrent.FastThreadLocalRunnable.run(FastThreadLocalRunnable.java:30)&#10;        at java.lang.Thread.run(Thread.java:748)&#10;&quot;BlockDeletingService#0&quot; daemon prio=5 tid=2698 timed_waiting&#10;java.lang.Thread.State: TIMED_WAITING&#10;        at sun.misc.Unsafe.park(Native Method)&#10;        at java.util.concurrent.locks.LockSupport.parkNanos(LockSupport.java:215)&#10;        at java.util.concurrent.locks.AbstractQueuedSynchronizer$ConditionObject.awaitNanos(AbstractQueuedSynchronizer.java:2078)&#10;        at java.util.concurrent.ScheduledThreadPoolExecutor$DelayedWorkQueue.take(ScheduledThreadPoolExecutor.java:1093)&#10;        at java.util.concurrent.ScheduledThreadPoolExecutor$DelayedWorkQueue.take(ScheduledThreadPoolExecutor.java:809)&#10;        at java.util.concurrent.ThreadPoolExecutor.getTask(ThreadPoolExecutor.java:1074)&#10;        at java.util.concurrent.ThreadPoolExecutor.runWorker(ThreadPoolExecutor.java:1134)&#10;        at java.util.concurrent.ThreadPoolExecutor$Worker.run(ThreadPoolExecutor.java:624)&#10;        at java.lang.Thread.run(Thread.java:748)&#10;&quot;pool-236-thread-29&quot;  prio=5 tid=2604 in Object.wait()&#10;java.lang.Thread.State: WAITING (on object monitor)&#10;        at sun.misc.Unsafe.park(Native Method)&#10;        at java.util.concurrent.locks.LockSupport.park(LockSupport.java:175)&#10;        at java.util.concurrent.locks.AbstractQueuedSynchronizer$ConditionObject.await(AbstractQueuedSynchronizer.java:2039)&#10;        at java.util.concurrent.ArrayBlockingQueue.take(ArrayBlockingQueue.java:403)&#10;        at java.util.concurrent.ThreadPoolExecutor.getTask(ThreadPoolExecutor.java:1074)&#10;        at java.util.concurrent.ThreadPoolExecutor.runWorker(ThreadPoolExecutor.java:1134)&#10;        at java.util.concurrent.ThreadPoolExecutor$Worker.run(ThreadPoolExecutor.java:624)&#10;        at java.lang.Thread.run(Thread.java:748)&#10;&quot;org.eclipse.jetty.server.session.HashSessionManager@487cd177Timer&quot; daemon prio=5 tid=2428 timed_waiting&#10;java.lang.Thread.State: TIMED_WAITING&#10;        at sun.misc.Unsafe.park(Native Method)&#10;        at java.util.concurrent.locks.LockSupport.parkNanos(LockSupport.java:215)&#10;        at java.util.concurrent.locks.AbstractQueuedSynchronizer$ConditionObject.awaitNanos(AbstractQueuedSynchronizer.java:2078)&#10;        at java.util.concurrent.ScheduledThreadPoolExecutor$DelayedWorkQueue.take(ScheduledThreadPoolExecutor.java:1093)&#10;        at java.util.concurrent.ScheduledThreadPoolExecutor$DelayedWorkQueue.take(ScheduledThreadPoolExecutor.java:809)&#10;        at java.util.concurrent.ThreadPoolExecutor.getTask(ThreadPoolExecutor.java:1074)&#10;        at java.util.concurrent.ThreadPoolExecutor.runWorker(ThreadPoolExecutor.java:1134)&#10;        at java.util.concurrent.ThreadPoolExecutor$Worker.run(ThreadPoolExecutor.java:624)&#10;        at java.lang.Thread.run(Thread.java:748)&#10;&quot;IPC Server handler 11 on 38076&quot; daemon prio=5 tid=2366 timed_waiting&#10;java.lang.Thread.State: TIMED_WAITING&#10;        at sun.misc.Unsafe.park(Native Method)&#10;        at java.util.concurrent.locks.LockSupport.parkNanos(LockSupport.java:215)&#10;        at java.util.concurrent.locks.AbstractQueuedSynchronizer$ConditionObject.awaitNanos(AbstractQueuedSynchronizer.java:2078)&#10;        at java.util.concurrent.LinkedBlockingQueue.poll(LinkedBlockingQueue.java:467)&#10;        at org.apache.hadoop.ipc.CallQueueManager.take(CallQueueManager.java:288)&#10;        at org.apache.hadoop.ipc.Server$Handler.run(Server.java:2668)&#10;&quot;Finalizer&quot; daemon prio=8 tid=3 in Object.wait()&#10;java.lang.Thread.State: WAITING (on object monitor)&#10;        at java.lang.Object.wait(Native Method)&#10;        at java.lang.ref.ReferenceQueue.remove(ReferenceQueue.java:144)&#10;        at java.lang.ref.ReferenceQueue.remove(ReferenceQueue.java:165)&#10;        at java.lang.ref.Finalizer$FinalizerThread.run(Finalizer.java:216)&#10;&quot;Datanode ReportManager Thread - 1&quot; daemon prio=5 tid=1935 in Object.wait()&#10;java.lang.Thread.State: WAITING (on object monitor)&#10;        at sun.misc.Unsafe.park(Native Method)&#10;        at java.util.concurrent.locks.LockSupport.park(LockSupport.java:175)&#10;        at java.util.concurrent.locks.AbstractQueuedSynchronizer$ConditionObject.await(AbstractQueuedSynchronizer.java:2039)&#10;        at java.util.concurrent.ScheduledThreadPoolExecutor$DelayedWorkQueue.take(ScheduledThreadPoolExecutor.java:1088)&#10;        at java.util.concurrent.ScheduledThreadPoolExecutor$DelayedWorkQueue.take(ScheduledThreadPoolExecutor.java:809)&#10;        at java.util.concurrent.ThreadPoolExecutor.getTask(ThreadPoolExecutor.java:1074)&#10;        at java.util.concurrent.ThreadPoolExecutor.runWorker(ThreadPoolExecutor.java:1134)&#10;        at java.util.concurrent.ThreadPoolExecutor$Worker.run(ThreadPoolExecutor.java:624)&#10;        at java.lang.Thread.run(Thread.java:748)&#10;&quot;IPC Server handler 5 on 45250&quot; daemon prio=5 tid=2404 timed_waiting&#10;java.lang.Thread.State: TIMED_WAITING&#10;        at sun.misc.Unsafe.park(Native Method)&#10;        at java.util.concurrent.locks.LockSupport.parkNanos(LockSupport.java:215)&#10;        at java.util.concurrent.locks.AbstractQueuedSynchronizer$ConditionObject.awaitNanos(AbstractQueuedSynchronizer.java:2078)&#10;        at java.util.concurrent.LinkedBlockingQueue.poll(LinkedBlockingQueue.java:467)&#10;        at org.apache.hadoop.ipc.CallQueueManager.take(CallQueueManager.java:288)&#10;        at org.apache.hadoop.ipc.Server$Handler.run(Server.java:2668)&#10;&quot;pool-236-thread-37&quot;  prio=5 tid=2612 in Object.wait()&#10;java.lang.Thread.State: WAITING (on object monitor)&#10;        at sun.misc.Unsafe.park(Native Method)&#10;        at java.util.concurrent.locks.LockSupport.park(LockSupport.java:175)&#10;        at java.util.concurrent.locks.AbstractQueuedSynchronizer$ConditionObject.await(AbstractQueuedSynchronizer.java:2039)&#10;        at java.util.concurrent.ArrayBlockingQueue.take(ArrayBlockingQueue.java:403)&#10;        at java.util.concurrent.ThreadPoolExecutor.getTask(ThreadPoolExecutor.java:1074)&#10;        at java.util.concurrent.ThreadPoolExecutor.runWorker(ThreadPoolExecutor.java:1134)&#10;        at java.util.concurrent.ThreadPoolExecutor$Worker.run(ThreadPoolExecutor.java:624)&#10;        at java.lang.Thread.run(Thread.java:748)&#10;&quot;PartialTableCache Cleanup Thread - 0&quot; daemon prio=5 tid=554 in Object.wait()&#10;java.lang.Thread.State: WAITING (on object monitor)&#10;        at sun.misc.Unsafe.park(Native Method)&#10;        at java.util.concurrent.locks.LockSupport.park(LockSupport.java:175)&#10;        at java.util.concurrent.locks.AbstractQueuedSynchronizer$ConditionObject.await(AbstractQueuedSynchronizer.java:2039)&#10;        at java.util.concurrent.LinkedBlockingQueue.take(LinkedBlockingQueue.java:442)&#10;        at java.util.concurrent.ThreadPoolExecutor.getTask(ThreadPoolExecutor.java:1074)&#10;        at java.util.concurrent.ThreadPoolExecutor.runWorker(ThreadPoolExecutor.java:1134)&#10;        at java.util.concurrent.ThreadPoolExecutor$Worker.run(ThreadPoolExecutor.java:624)&#10;        at java.lang.Thread.run(Thread.java:748)&#10;&quot;refreshUsed-/workdir/hadoop-ozone/ozonefs/target/test-dir/MiniOzoneClusterImpl-a3991107-2db4-4ed9-b586-01161be3d184/datanode-1/data/containers&quot; daemon prio=5 tid=2461 timed_waiting&#10;java.lang.Thread.State: TIMED_WAITING&#10;        at java.lang.Thread.sleep(Native Method)&#10;        at org.apache.hadoop.fs.CachingGetSpaceUsed$RefreshThread.run(CachingGetSpaceUsed.java:179)&#10;        at java.lang.Thread.run(Thread.java:748)&#10;&quot;PartialTableCache Cleanup Thread - 0&quot; daemon prio=5 tid=1768 in Object.wait()&#10;java.lang.Thread.State: WAITING (on object monitor)&#10;        at sun.misc.Unsafe.park(Native Method)&#10;        at java.util.concurrent.locks.LockSupport.park(LockSupport.java:175)&#10;        at java.util.concurrent.locks.AbstractQueuedSynchronizer$ConditionObject.await(AbstractQueuedSynchronizer.java:2039)&#10;        at java.util.concurrent.LinkedBlockingQueue.take(LinkedBlockingQueue.java:442)&#10;        at java.util.concurrent.ThreadPoolExecutor.getTask(ThreadPoolExecutor.java:1074)&#10;        at java.util.concurrent.ThreadPoolExecutor.runWorker(ThreadPoolExecutor.java:1134)&#10;        at java.util.concurrent.ThreadPoolExecutor$Worker.run(ThreadPoolExecutor.java:624)&#10;        at java.lang.Thread.run(Thread.java:748)&#10;&quot;pool-246-thread-29&quot;  prio=5 tid=2666 in Object.wait()&#10;java.lang.Thread.State: WAITING (on object monitor)&#10;        at sun.misc.Unsafe.park(Native Method)&#10;        at java.util.concurrent.locks.LockSupport.park(LockSupport.java:175)&#10;        at java.util.concurrent.locks.AbstractQueuedSynchronizer$ConditionObject.await(AbstractQueuedSynchronizer.java:2039)&#10;        at java.util.concurrent.ArrayBlockingQueue.take(ArrayBlockingQueue.java:403)&#10;        at java.util.concurrent.ThreadPoolExecutor.getTask(ThreadPoolExecutor.java:1074)&#10;        at java.util.concurrent.ThreadPoolExecutor.runWorker(ThreadPoolExecutor.java:1134)&#10;        at java.util.concurrent.ThreadPoolExecutor$Worker.run(ThreadPoolExecutor.java:624)&#10;        at java.lang.Thread.run(Thread.java:748)&#10;&quot;metrics-hadoop-metrics2-reporter-60-thread-1&quot; daemon prio=5 tid=1222 timed_waiting&#10;java.lang.Thread.State: TIMED_WAITING&#10;        at sun.misc.Unsafe.park(Native Method)&#10;        at java.util.concurrent.locks.LockSupport.parkNanos(LockSupport.java:215)&#10;        at java.util.concurrent.locks.AbstractQueuedSynchronizer$ConditionObject.awaitNanos(AbstractQueuedSynchronizer.java:2078)&#10;        at java.util.concurrent.ScheduledThreadPoolExecutor$DelayedWorkQueue.take(ScheduledThreadPoolExecutor.java:1093)&#10;        at java.util.concurrent.ScheduledThreadPoolExecutor$DelayedWorkQueue.take(ScheduledThreadPoolExecutor.java:809)&#10;        at java.util.concurrent.ThreadPoolExecutor.getTask(ThreadPoolExecutor.java:1074)&#10;        at java.util.concurrent.ThreadPoolExecutor.runWorker(ThreadPoolExecutor.java:1134)&#10;        at java.util.concurrent.ThreadPoolExecutor$Worker.run(ThreadPoolExecutor.java:624)&#10;        at java.lang.Thread.run(Thread.java:748)&#10;&quot;pool-236-thread-49&quot;  prio=5 tid=2624 in Object.wait()&#10;java.lang.Thread.State: WAITING (on object monitor)&#10;        at sun.misc.Unsafe.park(Native Method)&#10;        at java.util.concurrent.locks.LockSupport.park(LockSupport.java:175)&#10;        at java.util.concurrent.locks.AbstractQueuedSynchronizer$ConditionObject.await(AbstractQueuedSynchronizer.java:2039)&#10;        at java.util.concurrent.ArrayBlockingQueue.take(ArrayBlockingQueue.java:403)&#10;        at java.util.concurrent.ThreadPoolExecutor.getTask(ThreadPoolExecutor.java:1074)&#10;        at java.util.concurrent.ThreadPoolExecutor.runWorker(ThreadPoolExecutor.java:1134)&#10;        at java.util.concurrent.ThreadPoolExecutor$Worker.run(ThreadPoolExecutor.java:624)&#10;        at java.lang.Thread.run(Thread.java:748)&#10;&quot;org.eclipse.jetty.server.session.HashSessionManager@ab4aa5eTimer&quot; daemon prio=5 tid=2474 timed_waiting&#10;java.lang.Thread.State: TIMED_WAITING&#10;        at sun.misc.Unsafe.park(Native Method)&#10;        at java.util.concurrent.locks.LockSupport.parkNanos(LockSupport.java:215)&#10;        at java.util.concurrent.locks.AbstractQueuedSynchronizer$ConditionObject.awaitNanos(AbstractQueuedSynchronizer.java:2078)&#10;        at java.util.concurrent.ScheduledThreadPoolExecutor$DelayedWorkQueue.take(ScheduledThreadPoolExecutor.java:1093)&#10;        at java.util.concurrent.ScheduledThreadPoolExecutor$DelayedWorkQueue.take(ScheduledThreadPoolExecutor.java:809)&#10;        at java.util.concurrent.ThreadPoolExecutor.getTask(ThreadPoolExecutor.java:1074)&#10;        at java.util.concurrent.ThreadPoolExecutor.runWorker(ThreadPoolExecutor.java:1134)&#10;        at java.util.concurrent.ThreadPoolExecutor$Worker.run(ThreadPoolExecutor.java:624)&#10;        at java.lang.Thread.run(Thread.java:748)&#10;&quot;IPC Server idle connection scanner for port 35795&quot; daemon prio=5 tid=2306 timed_waiting&#10;java.lang.Thread.State: TIMED_WAITING&#10;        at java.lang.Object.wait(Native Method)&#10;        at java.util.TimerThread.mainLoop(Timer.java:552)&#10;        at java.util.TimerThread.run(Timer.java:505)&#10;&quot;Periodic HDDS volume checker&quot;  prio=5 tid=2486 timed_waiting&#10;java.lang.Thread.State: TIMED_WAITING&#10;        at sun.misc.Unsafe.park(Native Method)&#10;        at java.util.concurrent.locks.LockSupport.parkNanos(LockSupport.java:215)&#10;        at java.util.concurrent.locks.AbstractQueuedSynchronizer$ConditionObject.awaitNanos(AbstractQueuedSynchronizer.java:2078)&#10;        at java.util.concurrent.ScheduledThreadPoolExecutor$DelayedWorkQueue.take(ScheduledThreadPoolExecutor.java:1093)&#10;        at java.util.concurrent.ScheduledThreadPoolExecutor$DelayedWorkQueue.take(ScheduledThreadPoolExecutor.java:809)&#10;        at java.util.concurrent.ThreadPoolExecutor.getTask(ThreadPoolExecutor.java:1074)&#10;        at java.util.concurrent.ThreadPoolExecutor.runWorker(ThreadPoolExecutor.java:1134)&#10;        at java.util.concurrent.ThreadPoolExecutor$Worker.run(ThreadPoolExecutor.java:624)&#10;        at java.lang.Thread.run(Thread.java:748)&#10;&quot;PartialTableCache Cleanup Thread - 0&quot; daemon prio=5 tid=553 in Object.wait()&#10;java.lang.Thread.State: WAITING (on object monitor)&#10;        at sun.misc.Unsafe.park(Native Method)&#10;        at java.util.concurrent.locks.LockSupport.park(LockSupport.java:175)&#10;        at java.util.concurrent.locks.AbstractQueuedSynchronizer$ConditionObject.await(AbstractQueuedSynchronizer.java:2039)&#10;        at java.util.concurrent.LinkedBlockingQueue.take(LinkedBlockingQueue.java:442)&#10;        at java.util.concurrent.ThreadPoolExecutor.getTask(ThreadPoolExecutor.java:1074)&#10;        at java.util.concurrent.ThreadPoolExecutor.runWorker(ThreadPoolExecutor.java:1134)&#10;        at java.util.concurrent.ThreadPoolExecutor$Worker.run(ThreadPoolExecutor.java:624)&#10;        at java.lang.Thread.run(Thread.java:748)&#10;&quot;metrics-hadoop-metrics2-reporter-11-thread-1&quot; daemon prio=5 tid=461 timed_waiting&#10;java.lang.Thread.State: TIMED_WAITING&#10;        at sun.misc.Unsafe.park(Native Method)&#10;        at java.util.concurrent.locks.LockSupport.parkNanos(LockSupport.java:215)&#10;        at java.util.concurrent.locks.AbstractQueuedSynchronizer$ConditionObject.awaitNanos(AbstractQueuedSynchronizer.java:2078)&#10;        at java.util.concurrent.ScheduledThreadPoolExecutor$DelayedWorkQueue.take(ScheduledThreadPoolExecutor.java:1093)&#10;        at java.util.concurrent.ScheduledThreadPoolExecutor$DelayedWorkQueue.take(ScheduledThreadPoolExecutor.java:809)&#10;        at java.util.concurrent.ThreadPoolExecutor.getTask(ThreadPoolExecutor.java:1074)&#10;        at java.util.concurrent.ThreadPoolExecutor.runWorker(ThreadPoolExecutor.java:1134)&#10;        at java.util.concurrent.ThreadPoolExecutor$Worker.run(ThreadPoolExecutor.java:624)&#10;        at java.lang.Thread.run(Thread.java:748)&#10;&quot;3aea292b-16fb-4e9b-be90-828afa8e8047@group-475F4F9EA4AD-StateMachineUpdater&quot; daemon prio=5 tid=2738 in Object.wait()&#10;java.lang.Thread.State: WAITING (on object monitor)&#10;        at java.lang.Object.wait(Native Method)&#10;        at java.lang.Object.wait(Object.java:502)&#10;        at org.apache.ratis.server.impl.StateMachineUpdater.waitForCommit(StateMachineUpdater.java:194)&#10;        at org.apache.ratis.server.impl.StateMachineUpdater.run(StateMachineUpdater.java:159)&#10;        at java.lang.Thread.run(Thread.java:748)&#10;&quot;pool-226-thread-24&quot;  prio=5 tid=2536 in Object.wait()&#10;java.lang.Thread.State: WAITING (on object monitor)&#10;        at sun.misc.Unsafe.park(Native Method)&#10;        at java.util.concurrent.locks.LockSupport.park(LockSupport.java:175)&#10;        at java.util.concurrent.locks.AbstractQueuedSynchronizer$ConditionObject.await(AbstractQueuedSynchronizer.java:2039)&#10;        at java.util.concurrent.ArrayBlockingQueue.take(ArrayBlockingQueue.java:403)&#10;        at java.util.concurrent.ThreadPoolExecutor.getTask(ThreadPoolExecutor.java:1074)&#10;        at java.util.concurrent.ThreadPoolExecutor.runWorker(ThreadPoolExecutor.java:1134)&#10;        at java.util.concurrent.ThreadPoolExecutor$Worker.run(ThreadPoolExecutor.java:624)&#10;        at java.lang.Thread.run(Thread.java:748)&#10;&quot;EventQueue-NodeRegistrationContainerReportForDataNodeSafeModeRule&quot; daemon prio=5 tid=2704 in Object.wait()&#10;java.lang.Thread.State: WAITING (on object monitor)&#10;        at sun.misc.Unsafe.park(Native Method)&#10;        at java.util.concurrent.locks.LockSupport.park(LockSupport.java:175)&#10;        at java.util.concurrent.locks.AbstractQueuedSynchronizer$ConditionObject.await(AbstractQueuedSynchronizer.java:2039)&#10;        at java.util.concurrent.LinkedBlockingQueue.take(LinkedBlockingQueue.java:442)&#10;        at java.util.concurrent.ThreadPoolExecutor.getTask(ThreadPoolExecutor.java:1074)&#10;        at java.util.concurrent.ThreadPoolExecutor.runWorker(ThreadPoolExecutor.java:1134)&#10;        at java.util.concurrent.ThreadPoolExecutor$Worker.run(ThreadPoolExecutor.java:624)&#10;        at java.lang.Thread.run(Thread.java:748)&#10;&quot;pool-236-thread-57&quot;  prio=5 tid=2632 in Object.wait()&#10;java.lang.Thread.State: WAITING (on object monitor)&#10;        at sun.misc.Unsafe.park(Native Method)&#10;        at java.util.concurrent.locks.LockSupport.park(LockSupport.java:175)&#10;        at java.util.concurrent.locks.AbstractQueuedSynchronizer$ConditionObject.await(AbstractQueuedSynchronizer.java:2039)&#10;        at java.util.concurrent.ArrayBlockingQueue.take(ArrayBlockingQueue.java:403)&#10;        at java.util.concurrent.ThreadPoolExecutor.getTask(ThreadPoolExecutor.java:1074)&#10;        at java.util.concurrent.ThreadPoolExecutor.runWorker(ThreadPoolExecutor.java:1134)&#10;        at java.util.concurrent.ThreadPoolExecutor$Worker.run(ThreadPoolExecutor.java:624)&#10;        at java.lang.Thread.run(Thread.java:748)&#10;&quot;pool-246-thread-2&quot;  prio=5 tid=2639 in Object.wait()&#10;java.lang.Thread.State: WAITING (on object monitor)&#10;        at sun.misc.Unsafe.park(Native Method)&#10;        at java.util.concurrent.locks.LockSupport.park(LockSupport.java:175)&#10;        at java.util.concurrent.locks.AbstractQueuedSynchronizer$ConditionObject.await(AbstractQueuedSynchronizer.java:2039)&#10;        at java.util.concurrent.ArrayBlockingQueue.take(ArrayBlockingQueue.java:403)&#10;        at java.util.concurrent.ThreadPoolExecutor.getTask(ThreadPoolExecutor.java:1074)&#10;        at java.util.concurrent.ThreadPoolExecutor.runWorker(ThreadPoolExecutor.java:1134)&#10;        at java.util.concurrent.ThreadPoolExecutor$Worker.run(ThreadPoolExecutor.java:624)&#10;        at java.lang.Thread.run(Thread.java:748)&#10;&quot;pool-246-thread-7&quot;  prio=5 tid=2644 in Object.wait()&#10;java.lang.Thread.State: WAITING (on object monitor)&#10;        at sun.misc.Unsafe.park(Native Method)&#10;        at java.util.concurrent.locks.LockSupport.park(LockSupport.java:175)&#10;        at java.util.concurrent.locks.AbstractQueuedSynchronizer$ConditionObject.await(AbstractQueuedSynchronizer.java:2039)&#10;        at java.util.concurrent.ArrayBlockingQueue.take(ArrayBlockingQueue.java:403)&#10;        at java.util.concurrent.ThreadPoolExecutor.getTask(ThreadPoolExecutor.java:1074)&#10;        at java.util.concurrent.ThreadPoolExecutor.runWorker(ThreadPoolExecutor.java:1134)&#10;        at java.util.concurrent.ThreadPoolExecutor$Worker.run(ThreadPoolExecutor.java:624)&#10;        at java.lang.Thread.run(Thread.java:748)&#10;&quot;pool-240-thread-1&quot;  prio=5 tid=2465 timed_waiting&#10;java.lang.Thread.State: TIMED_WAITING&#10;        at sun.misc.Unsafe.park(Native Method)&#10;        at java.util.concurrent.locks.LockSupport.parkNanos(LockSupport.java:215)&#10;        at java.util.concurrent.locks.AbstractQueuedSynchronizer$ConditionObject.awaitNanos(AbstractQueuedSynchronizer.java:2078)&#10;        at java.util.concurrent.ScheduledThreadPoolExecutor$DelayedWorkQueue.take(ScheduledThreadPoolExecutor.java:1093)&#10;        at java.util.concurrent.ScheduledThreadPoolExecutor$DelayedWorkQueue.take(ScheduledThreadPoolExecutor.java:809)&#10;        at java.util.concurrent.ThreadPoolExecutor.getTask(ThreadPoolExecutor.java:1074)&#10;        at java.util.concurrent.ThreadPoolExecutor.runWorker(ThreadPoolExecutor.java:1134)&#10;        at java.util.concurrent.ThreadPoolExecutor$Worker.run(ThreadPoolExecutor.java:624)&#10;        at java.lang.Thread.run(Thread.java:748)&#10;&quot;metrics-hadoop-metrics2-reporter-36-thread-1&quot; daemon prio=5 tid=1003 timed_waiting&#10;java.lang.Thread.State: TIMED_WAITING&#10;        at sun.misc.Unsafe.park(Native Method)&#10;        at java.util.concurrent.locks.LockSupport.parkNanos(LockSupport.java:215)&#10;        at java.util.concurrent.locks.AbstractQueuedSynchronizer$ConditionObject.awaitNanos(AbstractQueuedSynchronizer.java:2078)&#10;        at java.util.concurrent.ScheduledThreadPoolExecutor$DelayedWorkQueue.take(ScheduledThreadPoolExecutor.java:1093)&#10;        at java.util.concurrent.ScheduledThreadPoolExecutor$DelayedWorkQueue.take(ScheduledThreadPoolExecutor.java:809)&#10;        at java.util.concurrent.ThreadPoolExecutor.getTask(ThreadPoolExecutor.java:1074)&#10;        at java.util.concurrent.ThreadPoolExecutor.runWorker(ThreadPoolExecutor.java:1134)&#10;        at java.util.concurrent.ThreadPoolExecutor$Worker.run(ThreadPoolExecutor.java:624)&#10;        at java.lang.Thread.run(Thread.java:748)&#10;&quot;surefire-forkedjvm-command-thread&quot; daemon prio=5 tid=8 runnable&#10;java.lang.Thread.State: RUNNABLE&#10;        at java.io.FileInputStream.readBytes(Native Method)&#10;        at java.io.FileInputStream.read(FileInputStream.java:255)&#10;        at java.io.BufferedInputStream.fill(BufferedInputStream.java:246)&#10;        at java.io.BufferedInputStream.read(BufferedInputStream.java:265)&#10;        at java.io.DataInputStream.readInt(DataInputStream.java:387)&#10;        at org.apache.maven.surefire.booter.MasterProcessCommand.decode(MasterProcessCommand.java:115)&#10;        at org.apache.maven.surefire.booter.CommandReader$CommandRunnable.run(CommandReader.java:390)&#10;        at java.lang.Thread.run(Thread.java:748)&#10;&quot;EventQueue-NodeReportForNodeReportHandler&quot; daemon prio=5 tid=5469 in Object.wait()&#10;java.lang.Thread.State: WAITING (on object monitor)&#10;        at sun.misc.Unsafe.park(Native Method)&#10;        at java.util.concurrent.locks.LockSupport.park(LockSupport.java:175)&#10;        at java.util.concurrent.locks.AbstractQueuedSynchronizer$ConditionObject.await(AbstractQueuedSynchronizer.java:2039)&#10;        at java.util.concurrent.LinkedBlockingQueue.take(LinkedBlockingQueue.java:442)&#10;        at java.util.concurrent.ThreadPoolExecutor.getTask(ThreadPoolExecutor.java:1074)&#10;        at java.util.concurrent.ThreadPoolExecutor.runWorker(ThreadPoolExecutor.java:1134)&#10;        at java.util.concurrent.ThreadPoolExecutor$Worker.run(ThreadPoolExecutor.java:624)&#10;        at java.lang.Thread.run(Thread.java:748)&#10;&quot;pool-246-thread-31&quot;  prio=5 tid=2668 in Object.wait()&#10;java.lang.Thread.State: WAITING (on object monitor)&#10;        at sun.misc.Unsafe.park(Native Method)&#10;        at java.util.concurrent.locks.LockSupport.park(LockSupport.java:175)&#10;        at java.util.concurrent.locks.AbstractQueuedSynchronizer$ConditionObject.await(AbstractQueuedSynchronizer.java:2039)&#10;        at java.util.concurrent.ArrayBlockingQueue.take(ArrayBlockingQueue.java:403)&#10;        at java.util.concurrent.ThreadPoolExecutor.getTask(ThreadPoolExecutor.java:1074)&#10;        at java.util.concurrent.ThreadPoolExecutor.runWorker(ThreadPoolExecutor.java:1134)&#10;        at java.util.concurrent.ThreadPoolExecutor$Worker.run(ThreadPoolExecutor.java:624)&#10;        at java.lang.Thread.run(Thread.java:748)&#10;&quot;Socket Reader #1 for port 45250&quot;  prio=5 tid=2392 runnable&#10;java.lang.Thread.State: RUNNABLE&#10;        at sun.nio.ch.EPollArrayWrapper.epollWait(Native Method)&#10;        at sun.nio.ch.EPollArrayWrapper.poll(EPollArrayWrapper.java:269)&#10;        at sun.nio.ch.EPollSelectorImpl.doSelect(EPollSelectorImpl.java:93)&#10;        at sun.nio.ch.SelectorImpl.lockAndDoSelect(SelectorImpl.java:86)&#10;        at sun.nio.ch.SelectorImpl.select(SelectorImpl.java:97)&#10;        at sun.nio.ch.SelectorImpl.select(SelectorImpl.java:101)&#10;        at org.apache.hadoop.ipc.Server$Listener$Reader.doRunLoop(Server.java:1097)&#10;        at org.apache.hadoop.ipc.Server$Listener$Reader.run(Server.java:1076)&#10;&quot;metrics-hadoop-metrics2-reporter-48-thread-1&quot; daemon prio=5 tid=1038 timed_waiting&#10;java.lang.Thread.State: TIMED_WAITING&#10;        at sun.misc.Unsafe.park(Native Method)&#10;        at java.util.concurrent.locks.LockSupport.parkNanos(LockSupport.java:215)&#10;        at java.util.concurrent.locks.AbstractQueuedSynchronizer$ConditionObject.awaitNanos(AbstractQueuedSynchronizer.java:2078)&#10;        at java.util.concurrent.ScheduledThreadPoolExecutor$DelayedWorkQueue.take(ScheduledThreadPoolExecutor.java:1093)&#10;        at java.util.concurrent.ScheduledThreadPoolExecutor$DelayedWorkQueue.take(ScheduledThreadPoolExecutor.java:809)&#10;        at java.util.concurrent.ThreadPoolExecutor.getTask(ThreadPoolExecutor.java:1074)&#10;        at java.util.concurrent.ThreadPoolExecutor.runWorker(ThreadPoolExecutor.java:1134)&#10;        at java.util.concurrent.ThreadPoolExecutor$Worker.run(ThreadPoolExecutor.java:624)&#10;        at java.lang.Thread.run(Thread.java:748)&#10;&quot;pool-246-thread-20&quot;  prio=5 tid=2657 in Object.wait()&#10;java.lang.Thread.State: WAITING (on object monitor)&#10;        at sun.misc.Unsafe.park(Native Method)&#10;        at java.util.concurrent.locks.LockSupport.park(LockSupport.java:175)&#10;        at java.util.concurrent.locks.AbstractQueuedSynchronizer$ConditionObject.await(AbstractQueuedSynchronizer.java:2039)&#10;        at java.util.concurrent.ArrayBlockingQueue.take(ArrayBlockingQueue.java:403)&#10;        at java.util.concurrent.ThreadPoolExecutor.getTask(ThreadPoolExecutor.java:1074)&#10;        at java.util.concurrent.ThreadPoolExecutor.runWorker(ThreadPoolExecutor.java:1134)&#10;        at java.util.concurrent.ThreadPoolExecutor$Worker.run(ThreadPoolExecutor.java:624)&#10;        at java.lang.Thread.run(Thread.java:748)&#10;&quot;pool-236-thread-15&quot;  prio=5 tid=2590 in Object.wait()&#10;java.lang.Thread.State: WAITING (on object monitor)&#10;        at sun.misc.Unsafe.park(Native Method)&#10;        at java.util.concurrent.locks.LockSupport.park(LockSupport.java:175)&#10;        at java.util.concurrent.locks.AbstractQueuedSynchronizer$ConditionObject.await(AbstractQueuedSynchronizer.java:2039)&#10;        at java.util.concurrent.ArrayBlockingQueue.take(ArrayBlockingQueue.java:403)&#10;        at java.util.concurrent.ThreadPoolExecutor.getTask(ThreadPoolExecutor.java:1074)&#10;        at java.util.concurrent.ThreadPoolExecutor.runWorker(ThreadPoolExecutor.java:1134)&#10;        at java.util.concurrent.ThreadPoolExecutor$Worker.run(ThreadPoolExecutor.java:624)&#10;        at java.lang.Thread.run(Thread.java:748)&#10;&quot;qtp1181041291-2445&quot; daemon prio=5 tid=2445 timed_waiting&#10;java.lang.Thread.State: TIMED_WAITING&#10;        at sun.misc.Unsafe.park(Native Method)&#10;        at java.util.concurrent.locks.LockSupport.parkNanos(LockSupport.java:215)&#10;        at java.util.concurrent.locks.AbstractQueuedSynchronizer$ConditionObject.awaitNanos(AbstractQueuedSynchronizer.java:2078)&#10;        at org.eclipse.jetty.util.BlockingArrayQueue.poll(BlockingArrayQueue.java:392)&#10;        at org.eclipse.jetty.util.thread.QueuedThreadPool.idleJobPoll(QueuedThreadPool.java:563)&#10;        at org.eclipse.jetty.util.thread.QueuedThreadPool.access$800(QueuedThreadPool.java:48)&#10;        at org.eclipse.jetty.util.thread.QueuedThreadPool$2.run(QueuedThreadPool.java:626)&#10;        at java.lang.Thread.run(Thread.java:748)&#10;&quot;Datanode ReportManager Thread - 1&quot; daemon prio=5 tid=1989 in Object.wait()&#10;java.lang.Thread.State: WAITING (on object monitor)&#10;        at sun.misc.Unsafe.park(Native Method)&#10;        at java.util.concurrent.locks.LockSupport.park(LockSupport.java:175)&#10;        at java.util.concurrent.locks.AbstractQueuedSynchronizer$ConditionObject.await(AbstractQueuedSynchronizer.java:2039)&#10;        at java.util.concurrent.ScheduledThreadPoolExecutor$DelayedWorkQueue.take(ScheduledThreadPoolExecutor.java:1088)&#10;        at java.util.concurrent.ScheduledThreadPoolExecutor$DelayedWorkQueue.take(ScheduledThreadPoolExecutor.java:809)&#10;        at java.util.concurrent.ThreadPoolExecutor.getTask(ThreadPoolExecutor.java:1074)&#10;        at java.util.concurrent.ThreadPoolExecutor.runWorker(ThreadPoolExecutor.java:1134)&#10;        at java.util.concurrent.ThreadPoolExecutor$Worker.run(ThreadPoolExecutor.java:624)&#10;        at java.lang.Thread.run(Thread.java:748)&#10;&quot;metrics-hadoop-metrics2-reporter-138-thread-1&quot; daemon prio=5 tid=2934 timed_waiting&#10;java.lang.Thread.State: TIMED_WAITING&#10;        at sun.misc.Unsafe.park(Native Method)&#10;        at java.util.concurrent.locks.LockSupport.parkNanos(LockSupport.java:215)&#10;        at java.util.concurrent.locks.AbstractQueuedSynchronizer$ConditionObject.awaitNanos(AbstractQueuedSynchronizer.java:2078)&#10;        at java.util.concurrent.ScheduledThreadPoolExecutor$DelayedWorkQueue.take(ScheduledThreadPoolExecutor.java:1093)&#10;        at java.util.concurrent.ScheduledThreadPoolExecutor$DelayedWorkQueue.take(ScheduledThreadPoolExecutor.java:809)&#10;        at java.util.concurrent.ThreadPoolExecutor.getTask(ThreadPoolExecutor.java:1074)&#10;        at java.util.concurrent.ThreadPoolExecutor.runWorker(ThreadPoolExecutor.java:1134)&#10;        at java.util.concurrent.ThreadPoolExecutor$Worker.run(ThreadPoolExecutor.java:624)&#10;        at java.lang.Thread.run(Thread.java:748)&#10;&quot;qtp1847256931-2497&quot; daemon prio=5 tid=2497 timed_waiting&#10;java.lang.Thread.State: TIMED_WAITING&#10;        at sun.misc.Unsafe.park(Native Method)&#10;        at java.util.concurrent.locks.LockSupport.parkNanos(LockSupport.java:215)&#10;        at java.util.concurrent.locks.AbstractQueuedSynchronizer$ConditionObject.awaitNanos(AbstractQueuedSynchronizer.java:2078)&#10;        at org.eclipse.jetty.util.BlockingArrayQueue.poll(BlockingArrayQueue.java:392)&#10;        at org.eclipse.jetty.util.thread.QueuedThreadPool.idleJobPoll(QueuedThreadPool.java:563)&#10;        at org.eclipse.jetty.util.thread.QueuedThreadPool.access$800(QueuedThreadPool.java:48)&#10;        at org.eclipse.jetty.util.thread.QueuedThreadPool$2.run(QueuedThreadPool.java:626)&#10;        at java.lang.Thread.run(Thread.java:748)&#10;&quot;IPC Server handler 15 on 38076&quot; daemon prio=5 tid=2370 timed_waiting&#10;java.lang.Thread.State: TIMED_WAITING&#10;        at sun.misc.Unsafe.park(Native Method)&#10;        at java.util.concurrent.locks.LockSupport.parkNanos(LockSupport.java:215)&#10;        at java.util.concurrent.locks.AbstractQueuedSynchronizer$ConditionObject.awaitNanos(AbstractQueuedSynchronizer.java:2078)&#10;        at java.util.concurrent.LinkedBlockingQueue.poll(LinkedBlockingQueue.java:467)&#10;        at org.apache.hadoop.ipc.CallQueueManager.take(CallQueueManager.java:288)&#10;        at org.apache.hadoop.ipc.Server$Handler.run(Server.java:2668)&#10;&quot;pool-236-thread-19&quot;  prio=5 tid=2594 in Object.wait()&#10;java.lang.Thread.State: WAITING (on object monitor)&#10;        at sun.misc.Unsafe.park(Native Method)&#10;        at java.util.concurrent.locks.LockSupport.park(LockSupport.java:175)&#10;        at java.util.concurrent.locks.AbstractQueuedSynchronizer$ConditionObject.await(AbstractQueuedSynchronizer.java:2039)&#10;        at java.util.concurrent.ArrayBlockingQueue.take(ArrayBlockingQueue.java:403)&#10;        at java.util.concurrent.ThreadPoolExecutor.getTask(ThreadPoolExecutor.java:1074)&#10;        at java.util.concurrent.ThreadPoolExecutor.runWorker(ThreadPoolExecutor.java:1134)&#10;        at java.util.concurrent.ThreadPoolExecutor$Worker.run(ThreadPoolExecutor.java:624)&#10;        at java.lang.Thread.run(Thread.java:748)&#10;&quot;metrics-hadoop-metrics2-reporter-133-thread-1&quot; daemon prio=5 tid=2779 timed_waiting&#10;java.lang.Thread.State: TIMED_WAITING&#10;        at sun.misc.Unsafe.park(Native Method)&#10;        at java.util.concurrent.locks.LockSupport.parkNanos(LockSupport.java:215)&#10;        at java.util.concurrent.locks.AbstractQueuedSynchronizer$ConditionObject.awaitNanos(AbstractQueuedSynchronizer.java:2078)&#10;        at java.util.concurrent.ScheduledThreadPoolExecutor$DelayedWorkQueue.take(ScheduledThreadPoolExecutor.java:1093)&#10;        at java.util.concurrent.ScheduledThreadPoolExecutor$DelayedWorkQueue.take(ScheduledThreadPoolExecutor.java:809)&#10;        at java.util.concurrent.ThreadPoolExecutor.getTask(ThreadPoolExecutor.java:1074)&#10;        at java.util.concurrent.ThreadPoolExecutor.runWorker(ThreadPoolExecutor.java:1134)&#10;        at java.util.concurrent.ThreadPoolExecutor$Worker.run(ThreadPoolExecutor.java:624)&#10;        at java.lang.Thread.run(Thread.java:748)&#10;&quot;IPC Server handler 15 on 35795&quot; daemon prio=5 tid=2350 timed_waiting&#10;java.lang.Thread.State: TIMED_WAITING&#10;        at sun.misc.Unsafe.park(Native Method)&#10;        at java.util.concurrent.locks.LockSupport.parkNanos(LockSupport.java:215)&#10;        at java.util.concurrent.locks.AbstractQueuedSynchronizer$ConditionObject.awaitNanos(AbstractQueuedSynchronizer.java:2078)&#10;        at java.util.concurrent.LinkedBlockingQueue.poll(LinkedBlockingQueue.java:467)&#10;        at org.apache.hadoop.ipc.CallQueueManager.take(CallQueueManager.java:288)&#10;        at org.apache.hadoop.ipc.Server$Handler.run(Server.java:2668)&#10;&quot;grpc-default-executor-2&quot; daemon prio=5 tid=2751 timed_waiting&#10;java.lang.Thread.State: TIMED_WAITING&#10;        at sun.misc.Unsafe.park(Native Method)&#10;        at java.util.concurrent.locks.LockSupport.parkNanos(LockSupport.java:215)&#10;        at java.util.concurrent.SynchronousQueue$TransferStack.awaitFulfill(SynchronousQueue.java:460)&#10;        at java.util.concurrent.SynchronousQueue$TransferStack.transfer(SynchronousQueue.java:362)&#10;        at java.util.concurrent.SynchronousQueue.poll(SynchronousQueue.java:941)&#10;        at java.util.concurrent.ThreadPoolExecutor.getTask(ThreadPoolExecutor.java:1073)&#10;        at java.util.concurrent.ThreadPoolExecutor.runWorker(ThreadPoolExecutor.java:1134)&#10;        at java.util.concurrent.ThreadPoolExecutor$Worker.run(ThreadPoolExecutor.java:624)&#10;        at java.lang.Thread.run(Thread.java:748)&#10;&quot;pool-244-thread-1&quot; daemon prio=5 tid=2490 timed_waiting&#10;java.lang.Thread.State: TIMED_WAITING&#10;        at sun.misc.Unsafe.park(Native Method)&#10;        at java.util.concurrent.locks.LockSupport.parkNanos(LockSupport.java:215)&#10;        at java.util.concurrent.locks.AbstractQueuedSynchronizer$ConditionObject.awaitNanos(AbstractQueuedSynchronizer.java:2078)&#10;        at java.util.concurrent.ScheduledThreadPoolExecutor$DelayedWorkQueue.take(ScheduledThreadPoolExecutor.java:1093)&#10;        at java.util.concurrent.ScheduledThreadPoolExecutor$DelayedWorkQueue.take(ScheduledThreadPoolExecutor.java:809)&#10;        at java.util.concurrent.ThreadPoolExecutor.getTask(ThreadPoolExecutor.java:1074)&#10;        at java.util.concurrent.ThreadPoolExecutor.runWorker(ThreadPoolExecutor.java:1134)&#10;        at java.util.concurrent.ThreadPoolExecutor$Worker.run(ThreadPoolExecutor.java:624)&#10;        at java.lang.Thread.run(Thread.java:748)&#10;&quot;org.eclipse.jetty.server.session.HashSessionManager@724bf25fTimer&quot; daemon prio=5 tid=2447 timed_waiting&#10;java.lang.Thread.State: TIMED_WAITING&#10;        at sun.misc.Unsafe.park(Native Method)&#10;        at java.util.concurrent.locks.LockSupport.parkNanos(LockSupport.java:215)&#10;        at java.util.concurrent.locks.AbstractQueuedSynchronizer$ConditionObject.awaitNanos(AbstractQueuedSynchronizer.java:2078)&#10;        at java.util.concurrent.ScheduledThreadPoolExecutor$DelayedWorkQueue.take(ScheduledThreadPoolExecutor.java:1093)&#10;        at java.util.concurrent.ScheduledThreadPoolExecutor$DelayedWorkQueue.take(ScheduledThreadPoolExecutor.java:809)&#10;        at java.util.concurrent.ThreadPoolExecutor.getTask(ThreadPoolExecutor.java:1074)&#10;        at java.util.concurrent.ThreadPoolExecutor.runWorker(ThreadPoolExecutor.java:1134)&#10;        at java.util.concurrent.ThreadPoolExecutor$Worker.run(ThreadPoolExecutor.java:624)&#10;        at java.lang.Thread.run(Thread.java:748)&#10;&quot;metrics-hadoop-metrics2-reporter-20-thread-1&quot; daemon prio=5 tid=487 timed_waiting&#10;java.lang.Thread.State: TIMED_WAITING&#10;        at sun.misc.Unsafe.park(Native Method)&#10;        at java.util.concurrent.locks.LockSupport.parkNanos(LockSupport.java:215)&#10;        at java.util.concurrent.locks.AbstractQueuedSynchronizer$ConditionObject.awaitNanos(AbstractQueuedSynchronizer.java:2078)&#10;        at java.util.concurrent.ScheduledThreadPoolExecutor$DelayedWorkQueue.take(ScheduledThreadPoolExecutor.java:1093)&#10;        at java.util.concurrent.ScheduledThreadPoolExecutor$DelayedWorkQueue.take(ScheduledThreadPoolExecutor.java:809)&#10;        at java.util.concurrent.ThreadPoolExecutor.getTask(ThreadPoolExecutor.java:1074)&#10;        at java.util.concurrent.ThreadPoolExecutor.runWorker(ThreadPoolExecutor.java:1134)&#10;        at java.util.concurrent.ThreadPoolExecutor$Worker.run(ThreadPoolExecutor.java:624)&#10;        at java.lang.Thread.run(Thread.java:748)&#10;&quot;metrics-hadoop-metrics2-reporter-143-thread-1&quot; daemon prio=5 tid=2951 timed_waiting&#10;java.lang.Thread.State: TIMED_WAITING&#10;        at sun.misc.Unsafe.park(Native Method)&#10;        at java.util.concurrent.locks.LockSupport.parkNanos(LockSupport.java:215)&#10;        at java.util.concurrent.locks.AbstractQueuedSynchronizer$ConditionObject.awaitNanos(AbstractQueuedSynchronizer.java:2078)&#10;        at java.util.concurrent.ScheduledThreadPoolExecutor$DelayedWorkQueue.take(ScheduledThreadPoolExecutor.java:1093)&#10;        at java.util.concurrent.ScheduledThreadPoolExecutor$DelayedWorkQueue.take(ScheduledThreadPoolExecutor.java:809)&#10;        at java.util.concurrent.ThreadPoolExecutor.getTask(ThreadPoolExecutor.java:1074)&#10;        at java.util.concurrent.ThreadPoolExecutor.runWorker(ThreadPoolExecutor.java:1134)&#10;        at java.util.concurrent.ThreadPoolExecutor$Worker.run(ThreadPoolExecutor.java:624)&#10;        at java.lang.Thread.run(Thread.java:748)&#10;&quot;pool-236-thread-42&quot;  prio=5 tid=2617 in Object.wait()&#10;java.lang.Thread.State: WAITING (on object monitor)&#10;        at sun.misc.Unsafe.park(Native Method)&#10;        at java.util.concurrent.locks.LockSupport.park(LockSupport.java:175)&#10;        at java.util.concurrent.locks.AbstractQueuedSynchronizer$ConditionObject.await(AbstractQueuedSynchronizer.java:2039)&#10;        at java.util.concurrent.ArrayBlockingQueue.take(ArrayBlockingQueue.java:403)&#10;        at java.util.concurrent.ThreadPoolExecutor.getTask(ThreadPoolExecutor.java:1074)&#10;        at java.util.concurrent.ThreadPoolExecutor.runWorker(ThreadPoolExecutor.java:1134)&#10;        at java.util.concurrent.ThreadPoolExecutor$Worker.run(ThreadPoolExecutor.java:624)&#10;        at java.lang.Thread.run(Thread.java:748)&#10;&quot;qtp1181041291-2442&quot; daemon prio=5 tid=2442 timed_waiting&#10;java.lang.Thread.State: TIMED_WAITING&#10;        at sun.misc.Unsafe.park(Native Method)&#10;        at java.util.concurrent.locks.LockSupport.parkNanos(LockSupport.java:215)&#10;        at java.util.concurrent.locks.AbstractQueuedSynchronizer$ConditionObject.awaitNanos(AbstractQueuedSynchronizer.java:2078)&#10;        at org.eclipse.jetty.util.BlockingArrayQueue.poll(BlockingArrayQueue.java:392)&#10;        at org.eclipse.jetty.util.thread.QueuedThreadPool.idleJobPoll(QueuedThreadPool.java:563)&#10;        at org.eclipse.jetty.util.thread.QueuedThreadPool.access$800(QueuedThreadPool.java:48)&#10;        at org.eclipse.jetty.util.thread.QueuedThreadPool$2.run(QueuedThreadPool.java:626)&#10;        at java.lang.Thread.run(Thread.java:748)&#10;&quot;pool-226-thread-60&quot;  prio=5 tid=2572 in Object.wait()&#10;java.lang.Thread.State: WAITING (on object monitor)&#10;        at sun.misc.Unsafe.park(Native Method)&#10;        at java.util.concurrent.locks.LockSupport.park(LockSupport.java:175)&#10;        at java.util.concurrent.locks.AbstractQueuedSynchronizer$ConditionObject.await(AbstractQueuedSynchronizer.java:2039)&#10;        at java.util.concurrent.ArrayBlockingQueue.take(ArrayBlockingQueue.java:403)&#10;        at java.util.concurrent.ThreadPoolExecutor.getTask(ThreadPoolExecutor.java:1074)&#10;        at java.util.concurrent.ThreadPoolExecutor.runWorker(ThreadPoolExecutor.java:1134)&#10;        at java.util.concurrent.ThreadPoolExecutor$Worker.run(ThreadPoolExecutor.java:624)&#10;        at java.lang.Thread.run(Thread.java:748)&#10;&quot;Datanode ReportManager Thread - 3&quot; daemon prio=5 tid=2508 in Object.wait()&#10;java.lang.Thread.State: WAITING (on object monitor)&#10;        at sun.misc.Unsafe.park(Native Method)&#10;        at java.util.concurrent.locks.LockSupport.park(LockSupport.java:175)&#10;        at java.util.concurrent.locks.AbstractQueuedSynchronizer$ConditionObject.await(AbstractQueuedSynchronizer.java:2039)&#10;        at java.util.concurrent.ScheduledThreadPoolExecutor$DelayedWorkQueue.take(ScheduledThreadPoolExecutor.java:1088)&#10;        at java.util.concurrent.ScheduledThreadPoolExecutor$DelayedWorkQueue.take(ScheduledThreadPoolExecutor.java:809)&#10;        at java.util.concurrent.ThreadPoolExecutor.getTask(ThreadPoolExecutor.java:1074)&#10;        at java.util.concurrent.ThreadPoolExecutor.runWorker(ThreadPoolExecutor.java:1134)&#10;        at java.util.concurrent.ThreadPoolExecutor$Worker.run(ThreadPoolExecutor.java:624)&#10;        at java.lang.Thread.run(Thread.java:748)&#10;&quot;qtp2322399-2380&quot; daemon prio=5 tid=2380 timed_waiting&#10;java.lang.Thread.State: TIMED_WAITING&#10;        at sun.misc.Unsafe.park(Native Method)&#10;        at java.util.concurrent.locks.LockSupport.parkNanos(LockSupport.java:215)&#10;        at java.util.concurrent.locks.AbstractQueuedSynchronizer$ConditionObject.awaitNanos(AbstractQueuedSynchronizer.java:2078)&#10;        at org.eclipse.jetty.util.BlockingArrayQueue.poll(BlockingArrayQueue.java:392)&#10;        at org.eclipse.jetty.util.thread.QueuedThreadPool.idleJobPoll(QueuedThreadPool.java:563)&#10;        at org.eclipse.jetty.util.thread.QueuedThreadPool.access$800(QueuedThreadPool.java:48)&#10;        at org.eclipse.jetty.util.thread.QueuedThreadPool$2.run(QueuedThreadPool.java:626)&#10;        at java.lang.Thread.run(Thread.java:748)&#10;&quot;pool-246-thread-38&quot;  prio=5 tid=2675 in Object.wait()&#10;java.lang.Thread.State: WAITING (on object monitor)&#10;        at sun.misc.Unsafe.park(Native Method)&#10;        at java.util.concurrent.locks.LockSupport.park(LockSupport.java:175)&#10;        at java.util.concurrent.locks.AbstractQueuedSynchronizer$ConditionObject.await(AbstractQueuedSynchronizer.java:2039)&#10;        at java.util.concurrent.ArrayBlockingQueue.take(ArrayBlockingQueue.java:403)&#10;        at java.util.concurrent.ThreadPoolExecutor.getTask(ThreadPoolExecutor.java:1074)&#10;        at java.util.concurrent.ThreadPoolExecutor.runWorker(ThreadPoolExecutor.java:1134)&#10;        at java.util.concurrent.ThreadPoolExecutor$Worker.run(ThreadPoolExecutor.java:624)&#10;        at java.lang.Thread.run(Thread.java:748)&#10;&quot;pool-236-thread-43&quot;  prio=5 tid=2618 in Object.wait()&#10;java.lang.Thread.State: WAITING (on object monitor)&#10;        at sun.misc.Unsafe.park(Native Method)&#10;        at java.util.concurrent.locks.LockSupport.park(LockSupport.java:175)&#10;        at java.util.concurrent.locks.AbstractQueuedSynchronizer$ConditionObject.await(AbstractQueuedSynchronizer.java:2039)&#10;        at java.util.concurrent.ArrayBlockingQueue.take(ArrayBlockingQueue.java:403)&#10;        at java.util.concurrent.ThreadPoolExecutor.getTask(ThreadPoolExecutor.java:1074)&#10;        at java.util.concurrent.ThreadPoolExecutor.runWorker(ThreadPoolExecutor.java:1134)&#10;        at java.util.concurrent.ThreadPoolExecutor$Worker.run(ThreadPoolExecutor.java:624)&#10;        at java.lang.Thread.run(Thread.java:748)&#10;&quot;qtp1847256931-2494-acceptor-0@53397ada-ServerConnector@632b305d{HTTP/1.1,[http/1.1]}{0.0.0.0:34036}&quot; daemon prio=3 tid=2494 runnable&#10;java.lang.Thread.State: RUNNABLE&#10;        at sun.nio.ch.ServerSocketChannelImpl.accept0(Native Method)&#10;        at sun.nio.ch.ServerSocketChannelImpl.accept(ServerSocketChannelImpl.java:422)&#10;        at sun.nio.ch.ServerSocketChannelImpl.accept(ServerSocketChannelImpl.java:250)&#10;        at org.eclipse.jetty.server.ServerConnector.accept(ServerConnector.java:397)&#10;        at org.eclipse.jetty.server.AbstractConnector$Acceptor.run(AbstractConnector.java:601)&#10;        at org.eclipse.jetty.util.thread.QueuedThreadPool.runJob(QueuedThreadPool.java:671)&#10;        at org.eclipse.jetty.util.thread.QueuedThreadPool$2.run(QueuedThreadPool.java:589)&#10;        at java.lang.Thread.run(Thread.java:748)&#10;&quot;grpc-default-worker-ELG-11-4&quot; daemon prio=5 tid=2713 runnable&#10;java.lang.Thread.State: RUNNABLE&#10;        at sun.nio.ch.EPollArrayWrapper.epollWait(Native Method)&#10;        at sun.nio.ch.EPollArrayWrapper.poll(EPollArrayWrapper.java:269)&#10;        at sun.nio.ch.EPollSelectorImpl.doSelect(EPollSelectorImpl.java:93)&#10;        at sun.nio.ch.SelectorImpl.lockAndDoSelect(SelectorImpl.java:86)&#10;        at sun.nio.ch.SelectorImpl.select(SelectorImpl.java:97)&#10;        at org.apache.ratis.thirdparty.io.netty.channel.nio.SelectedSelectionKeySetSelector.select(SelectedSelectionKeySetSelector.java:62)&#10;        at org.apache.ratis.thirdparty.io.netty.channel.nio.NioEventLoop.select(NioEventLoop.java:753)&#10;        at org.apache.ratis.thirdparty.io.netty.channel.nio.NioEventLoop.run(NioEventLoop.java:408)&#10;        at org.apache.ratis.thirdparty.io.netty.util.concurrent.SingleThreadEventExecutor$5.run(SingleThreadEventExecutor.java:897)&#10;        at org.apache.ratis.thirdparty.io.netty.util.concurrent.FastThreadLocalRunnable.run(FastThreadLocalRunnable.java:30)&#10;        at java.lang.Thread.run(Thread.java:748)&#10;&quot;metrics-hadoop-metrics2-reporter-83-thread-1&quot; daemon prio=5 tid=1732 timed_waiting&#10;java.lang.Thread.State: TIMED_WAITING&#10;        at sun.misc.Unsafe.park(Native Method)&#10;        at java.util.concurrent.locks.LockSupport.parkNanos(LockSupport.java:215)&#10;        at java.util.concurrent.locks.AbstractQueuedSynchronizer$ConditionObject.awaitNanos(AbstractQueuedSynchronizer.java:2078)&#10;        at java.util.concurrent.ScheduledThreadPoolExecutor$DelayedWorkQueue.take(ScheduledThreadPoolExecutor.java:1093)&#10;        at java.util.concurrent.ScheduledThreadPoolExecutor$DelayedWorkQueue.take(ScheduledThreadPoolExecutor.java:809)&#10;        at java.util.concurrent.ThreadPoolExecutor.getTask(ThreadPoolExecutor.java:1074)&#10;        at java.util.concurrent.ThreadPoolExecutor.runWorker(ThreadPoolExecutor.java:1134)&#10;        at java.util.concurrent.ThreadPoolExecutor$Worker.run(ThreadPoolExecutor.java:624)&#10;        at java.lang.Thread.run(Thread.java:748)&#10;&quot;pool-236-thread-11&quot;  prio=5 tid=2586 in Object.wait()&#10;java.lang.Thread.State: WAITING (on object monitor)&#10;        at sun.misc.Unsafe.park(Native Method)&#10;        at java.util.concurrent.locks.LockSupport.park(LockSupport.java:175)&#10;        at java.util.concurrent.locks.AbstractQueuedSynchronizer$ConditionObject.await(AbstractQueuedSynchronizer.java:2039)&#10;        at java.util.concurrent.ArrayBlockingQueue.take(ArrayBlockingQueue.java:403)&#10;        at java.util.concurrent.ThreadPoolExecutor.getTask(ThreadPoolExecutor.java:1074)&#10;        at java.util.concurrent.ThreadPoolExecutor.runWorker(ThreadPoolExecutor.java:1134)&#10;        at java.util.concurrent.ThreadPoolExecutor$Worker.run(ThreadPoolExecutor.java:624)&#10;        at java.lang.Thread.run(Thread.java:748)&#10;&quot;metrics-hadoop-metrics2-reporter-2-thread-1&quot; daemon prio=5 tid=439 timed_waiting&#10;java.lang.Thread.State: TIMED_WAITING&#10;        at sun.misc.Unsafe.park(Native Method)&#10;        at java.util.concurrent.locks.LockSupport.parkNanos(LockSupport.java:215)&#10;        at java.util.concurrent.locks.AbstractQueuedSynchronizer$ConditionObject.awaitNanos(AbstractQueuedSynchronizer.java:2078)&#10;        at java.util.concurrent.ScheduledThreadPoolExecutor$DelayedWorkQueue.take(ScheduledThreadPoolExecutor.java:1093)&#10;        at java.util.concurrent.ScheduledThreadPoolExecutor$DelayedWorkQueue.take(ScheduledThreadPoolExecutor.java:809)&#10;        at java.util.concurrent.ThreadPoolExecutor.getTask(ThreadPoolExecutor.java:1074)&#10;        at java.util.concurrent.ThreadPoolExecutor.runWorker(ThreadPoolExecutor.java:1134)&#10;        at java.util.concurrent.ThreadPoolExecutor$Worker.run(ThreadPoolExecutor.java:624)&#10;        at java.lang.Thread.run(Thread.java:748)&#10;&quot;IPC Server handler 12 on 40756&quot; daemon prio=5 tid=2327 timed_waiting&#10;java.lang.Thread.State: TIMED_WAITING&#10;        at sun.misc.Unsafe.park(Native Method)&#10;        at java.util.concurrent.locks.LockSupport.parkNanos(LockSupport.java:215)&#10;        at java.util.concurrent.locks.AbstractQueuedSynchronizer$ConditionObject.awaitNanos(AbstractQueuedSynchronizer.java:2078)&#10;        at java.util.concurrent.LinkedBlockingQueue.poll(LinkedBlockingQueue.java:467)&#10;        at org.apache.hadoop.ipc.CallQueueManager.take(CallQueueManager.java:288)&#10;        at org.apache.hadoop.ipc.Server$Handler.run(Server.java:2668)&#10;&quot;pool-236-thread-22&quot;  prio=5 tid=2597 in Object.wait()&#10;java.lang.Thread.State: WAITING (on object monitor)&#10;        at sun.misc.Unsafe.park(Native Method)&#10;        at java.util.concurrent.locks.LockSupport.park(LockSupport.java:175)&#10;        at java.util.concurrent.locks.AbstractQueuedSynchronizer$ConditionObject.await(AbstractQueuedSynchronizer.java:2039)&#10;        at java.util.concurrent.ArrayBlockingQueue.take(ArrayBlockingQueue.java:403)&#10;        at java.util.concurrent.ThreadPoolExecutor.getTask(ThreadPoolExecutor.java:1074)&#10;        at java.util.concurrent.ThreadPoolExecutor.runWorker(ThreadPoolExecutor.java:1134)&#10;        at java.util.concurrent.ThreadPoolExecutor$Worker.run(ThreadPoolExecutor.java:624)&#10;        at java.lang.Thread.run(Thread.java:748)&#10;&quot;Signal Dispatcher&quot; daemon prio=9 tid=4 runnable&#10;java.lang.Thread.State: RUNNABLE&#10;&quot;pool-236-thread-36&quot;  prio=5 tid=2611 in Object.wait()&#10;java.lang.Thread.State: WAITING (on object monitor)&#10;        at sun.misc.Unsafe.park(Native Method)&#10;        at java.util.concurrent.locks.LockSupport.park(LockSupport.java:175)&#10;        at java.util.concurrent.locks.AbstractQueuedSynchronizer$ConditionObject.await(AbstractQueuedSynchronizer.java:2039)&#10;        at java.util.concurrent.ArrayBlockingQueue.take(ArrayBlockingQueue.java:403)&#10;        at java.util.concurrent.ThreadPoolExecutor.getTask(ThreadPoolExecutor.java:1074)&#10;        at java.util.concurrent.ThreadPoolExecutor.runWorker(ThreadPoolExecutor.java:1134)&#10;        at java.util.concurrent.ThreadPoolExecutor$Worker.run(ThreadPoolExecutor.java:624)&#10;        at java.lang.Thread.run(Thread.java:748)&#10;&quot;metrics-hadoop-metrics2-reporter-66-thread-1&quot; daemon prio=5 tid=1678 timed_waiting&#10;java.lang.Thread.State: TIMED_WAITING&#10;        at sun.misc.Unsafe.park(Native Method)&#10;        at java.util.concurrent.locks.LockSupport.parkNanos(LockSupport.java:215)&#10;        at java.util.concurrent.locks.AbstractQueuedSynchronizer$ConditionObject.awaitNanos(AbstractQueuedSynchronizer.java:2078)&#10;        at java.util.concurrent.ScheduledThreadPoolExecutor$DelayedWorkQueue.take(ScheduledThreadPoolExecutor.java:1093)&#10;        at java.util.concurrent.ScheduledThreadPoolExecutor$DelayedWorkQueue.take(ScheduledThreadPoolExecutor.java:809)&#10;        at java.util.concurrent.ThreadPoolExecutor.getTask(ThreadPoolExecutor.java:1074)&#10;        at java.util.concurrent.ThreadPoolExecutor.runWorker(ThreadPoolExecutor.java:1134)&#10;        at java.util.concurrent.ThreadPoolExecutor$Worker.run(ThreadPoolExecutor.java:624)&#10;        at java.lang.Thread.run(Thread.java:748)&#10;&quot;pool-234-thread-1&quot; daemon prio=5 tid=2463 timed_waiting&#10;java.lang.Thread.State: TIMED_WAITING&#10;        at sun.misc.Unsafe.park(Native Method)&#10;        at java.util.concurrent.locks.LockSupport.parkNanos(LockSupport.java:215)&#10;        at java.util.concurrent.locks.AbstractQueuedSynchronizer$ConditionObject.awaitNanos(AbstractQueuedSynchronizer.java:2078)&#10;        at java.util.concurrent.ScheduledThreadPoolExecutor$DelayedWorkQueue.take(ScheduledThreadPoolExecutor.java:1093)&#10;        at java.util.concurrent.ScheduledThreadPoolExecutor$DelayedWorkQueue.take(ScheduledThreadPoolExecutor.java:809)&#10;        at java.util.concurrent.ThreadPoolExecutor.getTask(ThreadPoolExecutor.java:1074)&#10;        at java.util.concurrent.ThreadPoolExecutor.runWorker(ThreadPoolExecutor.java:1134)&#10;        at java.util.concurrent.ThreadPoolExecutor$Worker.run(ThreadPoolExecutor.java:624)&#10;        at java.lang.Thread.run(Thread.java:748)&#10;&quot;qtp1847256931-2493&quot; daemon prio=5 tid=2493 runnable&#10;java.lang.Thread.State: RUNNABLE&#10;        at sun.nio.ch.EPollArrayWrapper.epollWait(Native Method)&#10;        at sun.nio.ch.EPollArrayWrapper.poll(EPollArrayWrapper.java:269)&#10;        at sun.nio.ch.EPollSelectorImpl.doSelect(EPollSelectorImpl.java:93)&#10;        at sun.nio.ch.SelectorImpl.lockAndDoSelect(SelectorImpl.java:86)&#10;        at sun.nio.ch.SelectorImpl.select(SelectorImpl.java:97)&#10;        at sun.nio.ch.SelectorImpl.select(SelectorImpl.java:101)&#10;        at org.eclipse.jetty.io.ManagedSelector$SelectorProducer.select(ManagedSelector.java:243)&#10;        at org.eclipse.jetty.io.ManagedSelector$SelectorProducer.produce(ManagedSelector.java:191)&#10;        at org.eclipse.jetty.util.thread.strategy.ExecuteProduceConsume.executeProduceConsume(ExecuteProduceConsume.java:249)&#10;        at org.eclipse.jetty.util.thread.strategy.ExecuteProduceConsume.produceConsume(ExecuteProduceConsume.java:148)&#10;        at org.eclipse.jetty.util.thread.strategy.ExecuteProduceConsume.execute(ExecuteProduceConsume.java:100)&#10;        at org.eclipse.jetty.io.ManagedSelector.run(ManagedSelector.java:147)&#10;        at org.eclipse.jetty.util.thread.QueuedThreadPool.runJob(QueuedThreadPool.java:671)&#10;        at org.eclipse.jetty.util.thread.QueuedThreadPool$2.run(QueuedThreadPool.java:589)&#10;        at java.lang.Thread.run(Thread.java:748)&#10;&quot;Datanode ReportManager Thread - 0&quot; daemon prio=5 tid=1934 in Object.wait()&#10;java.lang.Thread.State: WAITING (on object monitor)&#10;        at sun.misc.Unsafe.park(Native Method)&#10;        at java.util.concurrent.locks.LockSupport.park(LockSupport.java:175)&#10;        at java.util.concurrent.locks.AbstractQueuedSynchronizer$ConditionObject.await(AbstractQueuedSynchronizer.java:2039)&#10;        at java.util.concurrent.ScheduledThreadPoolExecutor$DelayedWorkQueue.take(ScheduledThreadPoolExecutor.java:1088)&#10;        at java.util.concurrent.ScheduledThreadPoolExecutor$DelayedWorkQueue.take(ScheduledThreadPoolExecutor.java:809)&#10;        at java.util.concurrent.ThreadPoolExecutor.getTask(ThreadPoolExecutor.java:1074)&#10;        at java.util.concurrent.ThreadPoolExecutor.runWorker(ThreadPoolExecutor.java:1134)&#10;        at java.util.concurrent.ThreadPoolExecutor$Worker.run(ThreadPoolExecutor.java:624)&#10;        at java.lang.Thread.run(Thread.java:748)&#10;&quot;PartialTableCache Cleanup Thread - 0&quot; daemon prio=5 tid=2284 in Object.wait()&#10;java.lang.Thread.State: WAITING (on object monitor)&#10;        at sun.misc.Unsafe.park(Native Method)&#10;        at java.util.concurrent.locks.LockSupport.park(LockSupport.java:175)&#10;        at java.util.concurrent.locks.AbstractQueuedSynchronizer$ConditionObject.await(AbstractQueuedSynchronizer.java:2039)&#10;        at java.util.concurrent.LinkedBlockingQueue.take(LinkedBlockingQueue.java:442)&#10;        at java.util.concurrent.ThreadPoolExecutor.getTask(ThreadPoolExecutor.java:1074)&#10;        at java.util.concurrent.ThreadPoolExecutor.runWorker(ThreadPoolExecutor.java:1134)&#10;        at java.util.concurrent.ThreadPoolExecutor$Worker.run(ThreadPoolExecutor.java:624)&#10;        at java.lang.Thread.run(Thread.java:748)&#10;&quot;IPC Server idle connection scanner for port 38076&quot; daemon prio=5 tid=2302 timed_waiting&#10;java.lang.Thread.State: TIMED_WAITING&#10;        at java.lang.Object.wait(Native Method)&#10;        at java.util.TimerThread.mainLoop(Timer.java:552)&#10;        at java.util.TimerThread.run(Timer.java:505)&#10;&quot;metrics-hadoop-metrics2-reporter-39-thread-1&quot; daemon prio=5 tid=1010 timed_waiting&#10;java.lang.Thread.State: TIMED_WAITING&#10;        at sun.misc.Unsafe.park(Native Method)&#10;        at java.util.concurrent.locks.LockSupport.parkNanos(LockSupport.java:215)&#10;        at java.util.concurrent.locks.AbstractQueuedSynchronizer$ConditionObject.awaitNanos(AbstractQueuedSynchronizer.java:2078)&#10;        at java.util.concurrent.ScheduledThreadPoolExecutor$DelayedWorkQueue.take(ScheduledThreadPoolExecutor.java:1093)&#10;        at java.util.concurrent.ScheduledThreadPoolExecutor$DelayedWorkQueue.take(ScheduledThreadPoolExecutor.java:809)&#10;        at java.util.concurrent.ThreadPoolExecutor.getTask(ThreadPoolExecutor.java:1074)&#10;        at java.util.concurrent.ThreadPoolExecutor.runWorker(ThreadPoolExecutor.java:1134)&#10;        at java.util.concurrent.ThreadPoolExecutor$Worker.run(ThreadPoolExecutor.java:624)&#10;        at java.lang.Thread.run(Thread.java:748)&#10;&quot;metrics-hadoop-metrics2-reporter-106-thread-1&quot; daemon prio=5 tid=2248 timed_waiting&#10;java.lang.Thread.State: TIMED_WAITING&#10;        at sun.misc.Unsafe.park(Native Method)&#10;        at java.util.concurrent.locks.LockSupport.parkNanos(LockSupport.java:215)&#10;        at java.util.concurrent.locks.AbstractQueuedSynchronizer$ConditionObject.awaitNanos(AbstractQueuedSynchronizer.java:2078)&#10;        at java.util.concurrent.ScheduledThreadPoolExecutor$DelayedWorkQueue.take(ScheduledThreadPoolExecutor.java:1093)&#10;        at java.util.concurrent.ScheduledThreadPoolExecutor$DelayedWorkQueue.take(ScheduledThreadPoolExecutor.java:809)&#10;        at java.util.concurrent.ThreadPoolExecutor.getTask(ThreadPoolExecutor.java:1074)&#10;        at java.util.concurrent.ThreadPoolExecutor.runWorker(ThreadPoolExecutor.java:1134)&#10;        at java.util.concurrent.ThreadPoolExecutor$Worker.run(ThreadPoolExecutor.java:624)&#10;        at java.lang.Thread.run(Thread.java:748)&#10;&quot;IPC Server handler 12 on 45250&quot; daemon prio=5 tid=2411 timed_waiting&#10;java.lang.Thread.State: TIMED_WAITING&#10;        at sun.misc.Unsafe.park(Native Method)&#10;        at java.util.concurrent.locks.LockSupport.parkNanos(LockSupport.java:215)&#10;        at java.util.concurrent.locks.AbstractQueuedSynchronizer$ConditionObject.awaitNanos(AbstractQueuedSynchronizer.java:2078)&#10;        at java.util.concurrent.LinkedBlockingQueue.poll(LinkedBlockingQueue.java:467)&#10;        at org.apache.hadoop.ipc.CallQueueManager.take(CallQueueManager.java:288)&#10;        at org.apache.hadoop.ipc.Server$Handler.run(Server.java:2668)&#10;&quot;pool-236-thread-20&quot;  prio=5 tid=2595 in Object.wait()&#10;java.lang.Thread.State: WAITING (on object monitor)&#10;        at sun.misc.Unsafe.park(Native Method)&#10;        at java.util.concurrent.locks.LockSupport.park(LockSupport.java:175)&#10;        at java.util.concurrent.locks.AbstractQueuedSynchronizer$ConditionObject.await(AbstractQueuedSynchronizer.java:2039)&#10;        at java.util.concurrent.ArrayBlockingQueue.take(ArrayBlockingQueue.java:403)&#10;        at java.util.concurrent.ThreadPoolExecutor.getTask(ThreadPoolExecutor.java:1074)&#10;        at java.util.concurrent.ThreadPoolExecutor.runWorker(ThreadPoolExecutor.java:1134)&#10;        at java.util.concurrent.ThreadPoolExecutor$Worker.run(ThreadPoolExecutor.java:624)&#10;        at java.lang.Thread.run(Thread.java:748)&#10;&quot;Thread-3963&quot; daemon prio=5 tid=5467 timed_waiting&#10;java.lang.Thread.State: TIMED_WAITING&#10;        at java.lang.Thread.sleep(Native Method)&#10;        at org.apache.ratis.util.JavaUtils.sleep(JavaUtils.java:247)&#10;        at org.apache.ratis.server.impl.FollowerState.run(FollowerState.java:97)&#10;&quot;b32d7882-88db-4fe6-9cca-6a25122d474d@group-26D4B34233DA-StateMachineUpdater&quot; daemon prio=5 tid=2727 in Object.wait()&#10;java.lang.Thread.State: WAITING (on object monitor)&#10;        at java.lang.Object.wait(Native Method)&#10;        at java.lang.Object.wait(Object.java:502)&#10;        at org.apache.ratis.server.impl.StateMachineUpdater.waitForCommit(StateMachineUpdater.java:194)&#10;        at org.apache.ratis.server.impl.StateMachineUpdater.run(StateMachineUpdater.java:159)&#10;        at java.lang.Thread.run(Thread.java:748)&#10;&quot;metrics-hadoop-metrics2-reporter-123-thread-1&quot; daemon prio=5 tid=2742 timed_waiting&#10;java.lang.Thread.State: TIMED_WAITING&#10;        at sun.misc.Unsafe.park(Native Method)&#10;        at java.util.concurrent.locks.LockSupport.parkNanos(LockSupport.java:215)&#10;        at java.util.concurrent.locks.AbstractQueuedSynchronizer$ConditionObject.awaitNanos(AbstractQueuedSynchronizer.java:2078)&#10;        at java.util.concurrent.ScheduledThreadPoolExecutor$DelayedWorkQueue.take(ScheduledThreadPoolExecutor.java:1093)&#10;        at java.util.concurrent.ScheduledThreadPoolExecutor$DelayedWorkQueue.take(ScheduledThreadPoolExecutor.java:809)&#10;        at java.util.concurrent.ThreadPoolExecutor.getTask(ThreadPoolExecutor.java:1074)&#10;        at java.util.concurrent.ThreadPoolExecutor.runWorker(ThreadPoolExecutor.java:1134)&#10;        at java.util.concurrent.ThreadPoolExecutor$Worker.run(ThreadPoolExecutor.java:624)&#10;        at java.lang.Thread.run(Thread.java:748)&#10;&quot;metrics-hadoop-metrics2-reporter-98-thread-1&quot; daemon prio=5 tid=2223 timed_waiting&#10;java.lang.Thread.State: TIMED_WAITING&#10;        at sun.misc.Unsafe.park(Native Method)&#10;        at java.util.concurrent.locks.LockSupport.parkNanos(LockSupport.java:215)&#10;        at java.util.concurrent.locks.AbstractQueuedSynchronizer$ConditionObject.awaitNanos(AbstractQueuedSynchronizer.java:2078)&#10;        at java.util.concurrent.ScheduledThreadPoolExecutor$DelayedWorkQueue.take(ScheduledThreadPoolExecutor.java:1093)&#10;        at java.util.concurrent.ScheduledThreadPoolExecutor$DelayedWorkQueue.take(ScheduledThreadPoolExecutor.java:809)&#10;        at java.util.concurrent.ThreadPoolExecutor.getTask(ThreadPoolExecutor.java:1074)&#10;        at java.util.concurrent.ThreadPoolExecutor.runWorker(ThreadPoolExecutor.java:1134)&#10;        at java.util.concurrent.ThreadPoolExecutor$Worker.run(ThreadPoolExecutor.java:624)&#10;        at java.lang.Thread.run(Thread.java:748)&#10;&quot;pool-246-thread-6&quot;  prio=5 tid=2643 in Object.wait()&#10;java.lang.Thread.State: WAITING (on object monitor)&#10;        at sun.misc.Unsafe.park(Native Method)&#10;        at java.util.concurrent.locks.LockSupport.park(LockSupport.java:175)&#10;        at java.util.concurrent.locks.AbstractQueuedSynchronizer$ConditionObject.await(AbstractQueuedSynchronizer.java:2039)&#10;        at java.util.concurrent.ArrayBlockingQueue.take(ArrayBlockingQueue.java:403)&#10;        at java.util.concurrent.ThreadPoolExecutor.getTask(ThreadPoolExecutor.java:1074)&#10;        at java.util.concurrent.ThreadPoolExecutor.runWorker(ThreadPoolExecutor.java:1134)&#10;        at java.util.concurrent.ThreadPoolExecutor$Worker.run(ThreadPoolExecutor.java:624)&#10;        at java.lang.Thread.run(Thread.java:748)&#10;&quot;metrics-hadoop-metrics2-reporter-54-thread-1&quot; daemon prio=5 tid=1203 timed_waiting&#10;java.lang.Thread.State: TIMED_WAITING&#10;        at sun.misc.Unsafe.park(Native Method)&#10;        at java.util.concurrent.locks.LockSupport.parkNanos(LockSupport.java:215)&#10;        at java.util.concurrent.locks.AbstractQueuedSynchronizer$ConditionObject.awaitNanos(AbstractQueuedSynchronizer.java:2078)&#10;        at java.util.concurrent.ScheduledThreadPoolExecutor$DelayedWorkQueue.take(ScheduledThreadPoolExecutor.java:1093)&#10;        at java.util.concurrent.ScheduledThreadPoolExecutor$DelayedWorkQueue.take(ScheduledThreadPoolExecutor.java:809)&#10;        at java.util.concurrent.ThreadPoolExecutor.getTask(ThreadPoolExecutor.java:1074)&#10;        at java.util.concurrent.ThreadPoolExecutor.runWorker(ThreadPoolExecutor.java:1134)&#10;        at java.util.concurrent.ThreadPoolExecutor$Worker.run(ThreadPoolExecutor.java:624)&#10;        at java.lang.Thread.run(Thread.java:748)&#10;&quot;pool-246-thread-12&quot;  prio=5 tid=2649 in Object.wait()&#10;java.lang.Thread.State: WAITING (on object monitor)&#10;        at sun.misc.Unsafe.park(Native Method)&#10;        at java.util.concurrent.locks.LockSupport.park(LockSupport.java:175)&#10;        at java.util.concurrent.locks.AbstractQueuedSynchronizer$ConditionObject.await(AbstractQueuedSynchronizer.java:2039)&#10;        at java.util.concurrent.ArrayBlockingQueue.take(ArrayBlockingQueue.java:403)&#10;        at java.util.concurrent.ThreadPoolExecutor.getTask(ThreadPoolExecutor.java:1074)&#10;        at java.util.concurrent.ThreadPoolExecutor.runWorker(ThreadPoolExecutor.java:1134)&#10;        at java.util.concurrent.ThreadPoolExecutor$Worker.run(ThreadPoolExecutor.java:624)&#10;        at java.lang.Thread.run(Thread.java:748)&#10;&quot;ReplicationMonitor&quot; daemon prio=5 tid=2918 timed_waiting&#10;java.lang.Thread.State: TIMED_WAITING&#10;        at java.lang.Object.wait(Native Method)&#10;        at org.apache.hadoop.hdds.scm.container.ReplicationManager.run(ReplicationManager.java:229)&#10;        at org.apache.hadoop.hdds.scm.container.ReplicationManager$$Lambda$514/584648269.run(Unknown Source)&#10;        at java.lang.Thread.run(Thread.java:748)&#10;&quot;pool-246-thread-16&quot;  prio=5 tid=2653 in Object.wait()&#10;java.lang.Thread.State: WAITING (on object monitor)&#10;        at sun.misc.Unsafe.park(Native Method)&#10;        at java.util.concurrent.locks.LockSupport.park(LockSupport.java:175)&#10;        at java.util.concurrent.locks.AbstractQueuedSynchronizer$ConditionObject.await(AbstractQueuedSynchronizer.java:2039)&#10;        at java.util.concurrent.ArrayBlockingQueue.take(ArrayBlockingQueue.java:403)&#10;        at java.util.concurrent.ThreadPoolExecutor.getTask(ThreadPoolExecutor.java:1074)&#10;        at java.util.concurrent.ThreadPoolExecutor.runWorker(ThreadPoolExecutor.java:1134)&#10;        at java.util.concurrent.ThreadPoolExecutor$Worker.run(ThreadPoolExecutor.java:624)&#10;        at java.lang.Thread.run(Thread.java:748)&#10;&quot;metrics-hadoop-metrics2-reporter-108-thread-1&quot; daemon prio=5 tid=2255 timed_waiting&#10;java.lang.Thread.State: TIMED_WAITING&#10;        at sun.misc.Unsafe.park(Native Method)&#10;        at java.util.concurrent.locks.LockSupport.parkNanos(LockSupport.java:215)&#10;        at java.util.concurrent.locks.AbstractQueuedSynchronizer$ConditionObject.awaitNanos(AbstractQueuedSynchronizer.java:2078)&#10;        at java.util.concurrent.ScheduledThreadPoolExecutor$DelayedWorkQueue.take(ScheduledThreadPoolExecutor.java:1093)&#10;        at java.util.concurrent.ScheduledThreadPoolExecutor$DelayedWorkQueue.take(ScheduledThreadPoolExecutor.java:809)&#10;        at java.util.concurrent.ThreadPoolExecutor.getTask(ThreadPoolExecutor.java:1074)&#10;        at java.util.concurrent.ThreadPoolExecutor.runWorker(ThreadPoolExecutor.java:1134)&#10;        at java.util.concurrent.ThreadPoolExecutor$Worker.run(ThreadPoolExecutor.java:624)&#10;        at java.lang.Thread.run(Thread.java:748)&#10;&quot;metrics-hadoop-metrics2-reporter-100-thread-1&quot; daemon prio=5 tid=2226 timed_waiting&#10;java.lang.Thread.State: TIMED_WAITING&#10;        at sun.misc.Unsafe.park(Native Method)&#10;        at java.util.concurrent.locks.LockSupport.parkNanos(LockSupport.java:215)&#10;        at java.util.concurrent.locks.AbstractQueuedSynchronizer$ConditionObject.awaitNanos(AbstractQueuedSynchronizer.java:2078)&#10;        at java.util.concurrent.ScheduledThreadPoolExecutor$DelayedWorkQueue.take(ScheduledThreadPoolExecutor.java:1093)&#10;        at java.util.concurrent.ScheduledThreadPoolExecutor$DelayedWorkQueue.take(ScheduledThreadPoolExecutor.java:809)&#10;        at java.util.concurrent.ThreadPoolExecutor.getTask(ThreadPoolExecutor.java:1074)&#10;        at java.util.concurrent.ThreadPoolExecutor.runWorker(ThreadPoolExecutor.java:1134)&#10;        at java.util.concurrent.ThreadPoolExecutor$Worker.run(ThreadPoolExecutor.java:624)&#10;        at java.lang.Thread.run(Thread.java:748)&#10;&quot;Datanode ReportManager Thread - 3&quot; daemon prio=5 tid=2454 in Object.wait()&#10;java.lang.Thread.State: WAITING (on object monitor)&#10;        at sun.misc.Unsafe.park(Native Method)&#10;        at java.util.concurrent.locks.LockSupport.park(LockSupport.java:175)&#10;        at java.util.concurrent.locks.AbstractQueuedSynchronizer$ConditionObject.await(AbstractQueuedSynchronizer.java:2039)&#10;        at java.util.concurrent.ScheduledThreadPoolExecutor$DelayedWorkQueue.take(ScheduledThreadPoolExecutor.java:1088)&#10;        at java.util.concurrent.ScheduledThreadPoolExecutor$DelayedWorkQueue.take(ScheduledThreadPoolExecutor.java:809)&#10;        at java.util.concurrent.ThreadPoolExecutor.getTask(ThreadPoolExecutor.java:1074)&#10;        at java.util.concurrent.ThreadPoolExecutor.runWorker(ThreadPoolExecutor.java:1134)&#10;        at java.util.concurrent.ThreadPoolExecutor$Worker.run(ThreadPoolExecutor.java:624)&#10;        at java.lang.Thread.run(Thread.java:748)&#10;&quot;pool-246-thread-51&quot;  prio=5 tid=2688 in Object.wait()&#10;java.lang.Thread.State: WAITING (on object monitor)&#10;        at sun.misc.Unsafe.park(Native Method)&#10;        at java.util.concurrent.locks.LockSupport.park(LockSupport.java:175)&#10;        at java.util.concurrent.locks.AbstractQueuedSynchronizer$ConditionObject.await(AbstractQueuedSynchronizer.java:2039)&#10;        at java.util.concurrent.ArrayBlockingQueue.take(ArrayBlockingQueue.java:403)&#10;        at java.util.concurrent.ThreadPoolExecutor.getTask(ThreadPoolExecutor.java:1074)&#10;        at java.util.concurrent.ThreadPoolExecutor.runWorker(ThreadPoolExecutor.java:1134)&#10;        at java.util.concurrent.ThreadPoolExecutor$Worker.run(ThreadPoolExecutor.java:624)&#10;        at java.lang.Thread.run(Thread.java:748)&#10;&quot;pool-246-thread-5&quot;  prio=5 tid=2642 in Object.wait()&#10;java.lang.Thread.State: WAITING (on object monitor)&#10;        at sun.misc.Unsafe.park(Native Method)&#10;        at java.util.concurrent.locks.LockSupport.park(LockSupport.java:175)&#10;        at java.util.concurrent.locks.AbstractQueuedSynchronizer$ConditionObject.await(AbstractQueuedSynchronizer.java:2039)&#10;        at java.util.concurrent.ArrayBlockingQueue.take(ArrayBlockingQueue.java:403)&#10;        at java.util.concurrent.ThreadPoolExecutor.getTask(ThreadPoolExecutor.java:1074)&#10;        at java.util.concurrent.ThreadPoolExecutor.runWorker(ThreadPoolExecutor.java:1134)&#10;        at java.util.concurrent.ThreadPoolExecutor$Worker.run(ThreadPoolExecutor.java:624)&#10;        at java.lang.Thread.run(Thread.java:748)&#10;&quot;Thread-1275&quot; daemon prio=5 tid=2744 timed_waiting&#10;java.lang.Thread.State: TIMED_WAITING&#10;        at sun.misc.Unsafe.park(Native Method)&#10;        at java.util.concurrent.locks.LockSupport.parkNanos(LockSupport.java:215)&#10;        at java.util.concurrent.locks.AbstractQueuedSynchronizer$ConditionObject.awaitNanos(AbstractQueuedSynchronizer.java:2078)&#10;        at java.util.concurrent.ArrayBlockingQueue.poll(ArrayBlockingQueue.java:418)&#10;        at org.apache.ratis.server.impl.LeaderState$EventQueue.poll(LeaderState.java:115)&#10;        at org.apache.ratis.server.impl.LeaderState$EventProcessor.run(LeaderState.java:467)&#10;&quot;pool-226-thread-26&quot;  prio=5 tid=2538 in Object.wait()&#10;java.lang.Thread.State: WAITING (on object monitor)&#10;        at sun.misc.Unsafe.park(Native Method)&#10;        at java.util.concurrent.locks.LockSupport.park(LockSupport.java:175)&#10;        at java.util.concurrent.locks.AbstractQueuedSynchronizer$ConditionObject.await(AbstractQueuedSynchronizer.java:2039)&#10;        at java.util.concurrent.ArrayBlockingQueue.take(ArrayBlockingQueue.java:403)&#10;        at java.util.concurrent.ThreadPoolExecutor.getTask(ThreadPoolExecutor.java:1074)&#10;        at java.util.concurrent.ThreadPoolExecutor.runWorker(ThreadPoolExecutor.java:1134)&#10;        at java.util.concurrent.ThreadPoolExecutor$Worker.run(ThreadPoolExecutor.java:624)&#10;        at java.lang.Thread.run(Thread.java:748)&#10;&quot;Datanode ReportManager Thread - 0&quot; daemon prio=5 tid=1961 in Object.wait()&#10;java.lang.Thread.State: WAITING (on object monitor)&#10;        at sun.misc.Unsafe.park(Native Method)&#10;        at java.util.concurrent.locks.LockSupport.park(LockSupport.java:175)&#10;        at java.util.concurrent.locks.AbstractQueuedSynchronizer$ConditionObject.await(AbstractQueuedSynchronizer.java:2039)&#10;        at java.util.concurrent.ScheduledThreadPoolExecutor$DelayedWorkQueue.take(ScheduledThreadPoolExecutor.java:1088)&#10;        at java.util.concurrent.ScheduledThreadPoolExecutor$DelayedWorkQueue.take(ScheduledThreadPoolExecutor.java:809)&#10;        at java.util.concurrent.ThreadPoolExecutor.getTask(ThreadPoolExecutor.java:1074)&#10;        at java.util.concurrent.ThreadPoolExecutor.runWorker(ThreadPoolExecutor.java:1134)&#10;        at java.util.concurrent.ThreadPoolExecutor$Worker.run(ThreadPoolExecutor.java:624)&#10;        at java.lang.Thread.run(Thread.java:748)&#10;&quot;process reaper&quot; daemon prio=10 tid=153 timed_waiting&#10;java.lang.Thread.State: TIMED_WAITING&#10;        at sun.misc.Unsafe.park(Native Method)&#10;        at java.util.concurrent.locks.LockSupport.parkNanos(LockSupport.java:215)&#10;        at java.util.concurrent.SynchronousQueue$TransferStack.awaitFulfill(SynchronousQueue.java:460)&#10;        at java.util.concurrent.SynchronousQueue$TransferStack.transfer(SynchronousQueue.java:362)&#10;        at java.util.concurrent.SynchronousQueue.poll(SynchronousQueue.java:941)&#10;        at java.util.concurrent.ThreadPoolExecutor.getTask(ThreadPoolExecutor.java:1073)&#10;        at java.util.concurrent.ThreadPoolExecutor.runWorker(ThreadPoolExecutor.java:1134)&#10;        at java.util.concurrent.ThreadPoolExecutor$Worker.run(ThreadPoolExecutor.java:624)&#10;        at java.lang.Thread.run(Thread.java:748)&#10;&quot;qtp1181041291-2441&quot; daemon prio=5 tid=2441 timed_waiting&#10;java.lang.Thread.State: TIMED_WAITING&#10;        at sun.misc.Unsafe.park(Native Method)&#10;        at java.util.concurrent.locks.LockSupport.parkNanos(LockSupport.java:215)&#10;        at java.util.concurrent.locks.AbstractQueuedSynchronizer$ConditionObject.awaitNanos(AbstractQueuedSynchronizer.java:2078)&#10;        at org.eclipse.jetty.util.BlockingArrayQueue.poll(BlockingArrayQueue.java:392)&#10;        at org.eclipse.jetty.util.thread.QueuedThreadPool.idleJobPoll(QueuedThreadPool.java:563)&#10;        at org.eclipse.jetty.util.thread.QueuedThreadPool.access$800(QueuedThreadPool.java:48)&#10;        at org.eclipse.jetty.util.thread.QueuedThreadPool$2.run(QueuedThreadPool.java:626)&#10;        at java.lang.Thread.run(Thread.java:748)&#10;&quot;SCMBlockDeletingService#0&quot; daemon prio=5 tid=2386 timed_waiting&#10;java.lang.Thread.State: TIMED_WAITING&#10;        at sun.misc.Unsafe.park(Native Method)&#10;        at java.util.concurrent.locks.LockSupport.parkNanos(LockSupport.java:215)&#10;        at java.util.concurrent.locks.AbstractQueuedSynchronizer$ConditionObject.awaitNanos(AbstractQueuedSynchronizer.java:2078)&#10;        at java.util.concurrent.ScheduledThreadPoolExecutor$DelayedWorkQueue.take(ScheduledThreadPoolExecutor.java:1093)&#10;        at java.util.concurrent.ScheduledThreadPoolExecutor$DelayedWorkQueue.take(ScheduledThreadPoolExecutor.java:809)&#10;        at java.util.concurrent.ThreadPoolExecutor.getTask(ThreadPoolExecutor.java:1074)&#10;        at java.util.concurrent.ThreadPoolExecutor.runWorker(ThreadPoolExecutor.java:1134)&#10;        at java.util.concurrent.ThreadPoolExecutor$Worker.run(ThreadPoolExecutor.java:624)&#10;        at java.lang.Thread.run(Thread.java:748)&#10;&quot;pool-230-thread-1&quot;  prio=5 tid=2438 timed_waiting&#10;java.lang.Thread.State: TIMED_WAITING&#10;        at sun.misc.Unsafe.park(Native Method)&#10;        at java.util.concurrent.locks.LockSupport.parkNanos(LockSupport.java:215)&#10;        at java.util.concurrent.locks.AbstractQueuedSynchronizer$ConditionObject.awaitNanos(AbstractQueuedSynchronizer.java:2078)&#10;        at java.util.concurrent.ScheduledThreadPoolExecutor$DelayedWorkQueue.take(ScheduledThreadPoolExecutor.java:1093)&#10;        at java.util.concurrent.ScheduledThreadPoolExecutor$DelayedWorkQueue.take(ScheduledThreadPoolExecutor.java:809)&#10;        at java.util.concurrent.ThreadPoolExecutor.getTask(ThreadPoolExecutor.java:1074)&#10;        at java.util.concurrent.ThreadPoolExecutor.runWorker(ThreadPoolExecutor.java:1134)&#10;        at java.util.concurrent.ThreadPoolExecutor$Worker.run(ThreadPoolExecutor.java:624)&#10;        at java.lang.Thread.run(Thread.java:748)&#10;&quot;metrics-hadoop-metrics2-reporter-137-thread-1&quot; daemon prio=5 tid=2933 timed_waiting&#10;java.lang.Thread.State: TIMED_WAITING&#10;        at sun.misc.Unsafe.park(Native Method)&#10;        at java.util.concurrent.locks.LockSupport.parkNanos(LockSupport.java:215)&#10;        at java.util.concurrent.locks.AbstractQueuedSynchronizer$ConditionObject.awaitNanos(AbstractQueuedSynchronizer.java:2078)&#10;        at java.util.concurrent.ScheduledThreadPoolExecutor$DelayedWorkQueue.take(ScheduledThreadPoolExecutor.java:1093)&#10;        at java.util.concurrent.ScheduledThreadPoolExecutor$DelayedWorkQueue.take(ScheduledThreadPoolExecutor.java:809)&#10;        at java.util.concurrent.ThreadPoolExecutor.getTask(ThreadPoolExecutor.java:1074)&#10;        at java.util.concurrent.ThreadPoolExecutor.runWorker(ThreadPoolExecutor.java:1134)&#10;        at java.util.concurrent.ThreadPoolExecutor$Worker.run(ThreadPoolExecutor.java:624)&#10;        at java.lang.Thread.run(Thread.java:748)&#10;&quot;pool-246-thread-53&quot;  prio=5 tid=2690 in Object.wait()&#10;java.lang.Thread.State: WAITING (on object monitor)&#10;        at sun.misc.Unsafe.park(Native Method)&#10;        at java.util.concurrent.locks.LockSupport.park(LockSupport.java:175)&#10;        at java.util.concurrent.locks.AbstractQueuedSynchronizer$ConditionObject.await(AbstractQueuedSynchronizer.java:2039)&#10;        at java.util.concurrent.ArrayBlockingQueue.take(ArrayBlockingQueue.java:403)&#10;        at java.util.concurrent.ThreadPoolExecutor.getTask(ThreadPoolExecutor.java:1074)&#10;        at java.util.concurrent.ThreadPoolExecutor.runWorker(ThreadPoolExecutor.java:1134)&#10;        at java.util.concurrent.ThreadPoolExecutor$Worker.run(ThreadPoolExecutor.java:624)&#10;        at java.lang.Thread.run(Thread.java:748)&#10;&quot;pool-226-thread-5&quot;  prio=5 tid=2517 in Object.wait()&#10;java.lang.Thread.State: WAITING (on object monitor)&#10;        at sun.misc.Unsafe.park(Native Method)&#10;        at java.util.concurrent.locks.LockSupport.park(LockSupport.java:175)&#10;        at java.util.concurrent.locks.AbstractQueuedSynchronizer$ConditionObject.await(AbstractQueuedSynchronizer.java:2039)&#10;        at java.util.concurrent.ArrayBlockingQueue.take(ArrayBlockingQueue.java:403)&#10;        at java.util.concurrent.ThreadPoolExecutor.getTask(ThreadPoolExecutor.java:1074)&#10;        at java.util.concurrent.ThreadPoolExecutor.runWorker(ThreadPoolExecutor.java:1134)&#10;        at java.util.concurrent.ThreadPoolExecutor$Worker.run(ThreadPoolExecutor.java:624)&#10;        at java.lang.Thread.run(Thread.java:748)&#10;&quot;pool-246-thread-47&quot;  prio=5 tid=2684 in Object.wait()&#10;java.lang.Thread.State: WAITING (on object monitor)&#10;        at sun.misc.Unsafe.park(Native Method)&#10;        at java.util.concurrent.locks.LockSupport.park(LockSupport.java:175)&#10;        at java.util.concurrent.locks.AbstractQueuedSynchronizer$ConditionObject.await(AbstractQueuedSynchronizer.java:2039)&#10;        at java.util.concurrent.ArrayBlockingQueue.take(ArrayBlockingQueue.java:403)&#10;        at java.util.concurrent.ThreadPoolExecutor.getTask(ThreadPoolExecutor.java:1074)&#10;        at java.util.concurrent.ThreadPoolExecutor.runWorker(ThreadPoolExecutor.java:1134)&#10;        at java.util.concurrent.ThreadPoolExecutor$Worker.run(ThreadPoolExecutor.java:624)&#10;        at java.lang.Thread.run(Thread.java:748)&#10;&quot;pool-246-thread-14&quot;  prio=5 tid=2651 in Object.wait()&#10;java.lang.Thread.State: WAITING (on object monitor)&#10;        at sun.misc.Unsafe.park(Native Method)&#10;        at java.util.concurrent.locks.LockSupport.park(LockSupport.java:175)&#10;        at java.util.concurrent.locks.AbstractQueuedSynchronizer$ConditionObject.await(AbstractQueuedSynchronizer.java:2039)&#10;        at java.util.concurrent.ArrayBlockingQueue.take(ArrayBlockingQueue.java:403)&#10;        at java.util.concurrent.ThreadPoolExecutor.getTask(ThreadPoolExecutor.java:1074)&#10;        at java.util.concurrent.ThreadPoolExecutor.runWorker(ThreadPoolExecutor.java:1134)&#10;        at java.util.concurrent.ThreadPoolExecutor$Worker.run(ThreadPoolExecutor.java:624)&#10;        at java.lang.Thread.run(Thread.java:748)&#10;&quot;pool-226-thread-46&quot;  prio=5 tid=2558 in Object.wait()&#10;java.lang.Thread.State: WAITING (on object monitor)&#10;        at sun.misc.Unsafe.park(Native Method)&#10;        at java.util.concurrent.locks.LockSupport.park(LockSupport.java:175)&#10;        at java.util.concurrent.locks.AbstractQueuedSynchronizer$ConditionObject.await(AbstractQueuedSynchronizer.java:2039)&#10;        at java.util.concurrent.ArrayBlockingQueue.take(ArrayBlockingQueue.java:403)&#10;        at java.util.concurrent.ThreadPoolExecutor.getTask(ThreadPoolExecutor.java:1074)&#10;        at java.util.concurrent.ThreadPoolExecutor.runWorker(ThreadPoolExecutor.java:1134)&#10;        at java.util.concurrent.ThreadPoolExecutor$Worker.run(ThreadPoolExecutor.java:624)&#10;        at java.lang.Thread.run(Thread.java:748)&#10;&quot;metrics-hadoop-metrics2-reporter-57-thread-1&quot; daemon prio=5 tid=1209 timed_waiting&#10;java.lang.Thread.State: TIMED_WAITING&#10;        at sun.misc.Unsafe.park(Native Method)&#10;        at java.util.concurrent.locks.LockSupport.parkNanos(LockSupport.java:215)&#10;        at java.util.concurrent.locks.AbstractQueuedSynchronizer$ConditionObject.awaitNanos(AbstractQueuedSynchronizer.java:2078)&#10;        at java.util.concurrent.ScheduledThreadPoolExecutor$DelayedWorkQueue.take(ScheduledThreadPoolExecutor.java:1093)&#10;        at java.util.concurrent.ScheduledThreadPoolExecutor$DelayedWorkQueue.take(ScheduledThreadPoolExecutor.java:809)&#10;        at java.util.concurrent.ThreadPoolExecutor.getTask(ThreadPoolExecutor.java:1074)&#10;        at java.util.concurrent.ThreadPoolExecutor.runWorker(ThreadPoolExecutor.java:1134)&#10;        at java.util.concurrent.ThreadPoolExecutor$Worker.run(ThreadPoolExecutor.java:624)&#10;        at java.lang.Thread.run(Thread.java:748)&#10;&quot;metrics-hadoop-metrics2-reporter-51-thread-1&quot; daemon prio=5 tid=1059 timed_waiting&#10;java.lang.Thread.State: TIMED_WAITING&#10;        at sun.misc.Unsafe.park(Native Method)&#10;        at java.util.concurrent.locks.LockSupport.parkNanos(LockSupport.java:215)&#10;        at java.util.concurrent.locks.AbstractQueuedSynchronizer$ConditionObject.awaitNanos(AbstractQueuedSynchronizer.java:2078)&#10;        at java.util.concurrent.ScheduledThreadPoolExecutor$DelayedWorkQueue.take(ScheduledThreadPoolExecutor.java:1093)&#10;        at java.util.concurrent.ScheduledThreadPoolExecutor$DelayedWorkQueue.take(ScheduledThreadPoolExecutor.java:809)&#10;        at java.util.concurrent.ThreadPoolExecutor.getTask(ThreadPoolExecutor.java:1074)&#10;        at java.util.concurrent.ThreadPoolExecutor.runWorker(ThreadPoolExecutor.java:1134)&#10;        at java.util.concurrent.ThreadPoolExecutor$Worker.run(ThreadPoolExecutor.java:624)&#10;        at java.lang.Thread.run(Thread.java:748)&#10;&quot;pool-226-thread-44&quot;  prio=5 tid=2556 in Object.wait()&#10;java.lang.Thread.State: WAITING (on object monitor)&#10;        at sun.misc.Unsafe.park(Native Method)&#10;        at java.util.concurrent.locks.LockSupport.park(LockSupport.java:175)&#10;        at java.util.concurrent.locks.AbstractQueuedSynchronizer$ConditionObject.await(AbstractQueuedSynchronizer.java:2039)&#10;        at java.util.concurrent.ArrayBlockingQueue.take(ArrayBlockingQueue.java:403)&#10;        at java.util.concurrent.ThreadPoolExecutor.getTask(ThreadPoolExecutor.java:1074)&#10;        at java.util.concurrent.ThreadPoolExecutor.runWorker(ThreadPoolExecutor.java:1134)&#10;        at java.util.concurrent.ThreadPoolExecutor$Worker.run(ThreadPoolExecutor.java:624)&#10;        at java.lang.Thread.run(Thread.java:748)&#10;&quot;PartialTableCache Cleanup Thread - 0&quot; daemon prio=5 tid=550 in Object.wait()&#10;java.lang.Thread.State: WAITING (on object monitor)&#10;        at sun.misc.Unsafe.park(Native Method)&#10;        at java.util.concurrent.locks.LockSupport.park(LockSupport.java:175)&#10;        at java.util.concurrent.locks.AbstractQueuedSynchronizer$ConditionObject.await(AbstractQueuedSynchronizer.java:2039)&#10;        at java.util.concurrent.LinkedBlockingQueue.take(LinkedBlockingQueue.java:442)&#10;        at java.util.concurrent.ThreadPoolExecutor.getTask(ThreadPoolExecutor.java:1074)&#10;        at java.util.concurrent.ThreadPoolExecutor.runWorker(ThreadPoolExecutor.java:1134)&#10;        at java.util.concurrent.ThreadPoolExecutor$Worker.run(ThreadPoolExecutor.java:624)&#10;        at java.lang.Thread.run(Thread.java:748)&#10;&quot;qtp945327594-2427&quot; daemon prio=5 tid=2427 timed_waiting&#10;java.lang.Thread.State: TIMED_WAITING&#10;        at sun.misc.Unsafe.park(Native Method)&#10;        at java.util.concurrent.locks.LockSupport.parkNanos(LockSupport.java:215)&#10;        at java.util.concurrent.locks.AbstractQueuedSynchronizer$ConditionObject.awaitNanos(AbstractQueuedSynchronizer.java:2078)&#10;        at org.eclipse.jetty.util.BlockingArrayQueue.poll(BlockingArrayQueue.java:392)&#10;        at org.eclipse.jetty.util.thread.QueuedThreadPool.idleJobPoll(QueuedThreadPool.java:563)&#10;        at org.eclipse.jetty.util.thread.QueuedThreadPool.access$800(QueuedThreadPool.java:48)&#10;        at org.eclipse.jetty.util.thread.QueuedThreadPool$2.run(QueuedThreadPool.java:626)&#10;        at java.lang.Thread.run(Thread.java:748)&#10;&quot;Datanode State Machine Thread - 0&quot; daemon prio=5 tid=2457 timed_waiting&#10;java.lang.Thread.State: TIMED_WAITING&#10;        at sun.misc.Unsafe.park(Native Method)&#10;        at java.util.concurrent.locks.LockSupport.parkNanos(LockSupport.java:215)&#10;        at java.util.concurrent.SynchronousQueue$TransferStack.awaitFulfill(SynchronousQueue.java:460)&#10;        at java.util.concurrent.SynchronousQueue$TransferStack.transfer(SynchronousQueue.java:362)&#10;        at java.util.concurrent.SynchronousQueue.poll(SynchronousQueue.java:941)&#10;        at java.util.concurrent.ThreadPoolExecutor.getTask(ThreadPoolExecutor.java:1073)&#10;        at java.util.concurrent.ThreadPoolExecutor.runWorker(ThreadPoolExecutor.java:1134)&#10;        at java.util.concurrent.ThreadPoolExecutor$Worker.run(ThreadPoolExecutor.java:624)&#10;        at java.lang.Thread.run(Thread.java:748)&#10;&quot;metrics-hadoop-metrics2-reporter-40-thread-1&quot; daemon prio=5 tid=1015 timed_waiting&#10;java.lang.Thread.State: TIMED_WAITING&#10;        at sun.misc.Unsafe.park(Native Method)&#10;        at java.util.concurrent.locks.LockSupport.parkNanos(LockSupport.java:215)&#10;        at java.util.concurrent.locks.AbstractQueuedSynchronizer$ConditionObject.awaitNanos(AbstractQueuedSynchronizer.java:2078)&#10;        at java.util.concurrent.ScheduledThreadPoolExecutor$DelayedWorkQueue.take(ScheduledThreadPoolExecutor.java:1093)&#10;        at java.util.concurrent.ScheduledThreadPoolExecutor$DelayedWorkQueue.take(ScheduledThreadPoolExecutor.java:809)&#10;        at java.util.concurrent.ThreadPoolExecutor.getTask(ThreadPoolExecutor.java:1074)&#10;        at java.util.concurrent.ThreadPoolExecutor.runWorker(ThreadPoolExecutor.java:1134)&#10;        at java.util.concurrent.ThreadPoolExecutor$Worker.run(ThreadPoolExecutor.java:624)&#10;        at java.lang.Thread.run(Thread.java:748)&#10;&quot;Datanode ReportManager Thread - 1&quot; daemon prio=5 tid=2479 in Object.wait()&#10;java.lang.Thread.State: WAITING (on object monitor)&#10;        at sun.misc.Unsafe.park(Native Method)&#10;        at java.util.concurrent.locks.LockSupport.park(LockSupport.java:175)&#10;        at java.util.concurrent.locks.AbstractQueuedSynchronizer$ConditionObject.await(AbstractQueuedSynchronizer.java:2039)&#10;        at java.util.concurrent.ScheduledThreadPoolExecutor$DelayedWorkQueue.take(ScheduledThreadPoolExecutor.java:1088)&#10;        at java.util.concurrent.ScheduledThreadPoolExecutor$DelayedWorkQueue.take(ScheduledThreadPoolExecutor.java:809)&#10;        at java.util.concurrent.ThreadPoolExecutor.getTask(ThreadPoolExecutor.java:1074)&#10;        at java.util.concurrent.ThreadPoolExecutor.runWorker(ThreadPoolExecutor.java:1134)&#10;        at java.util.concurrent.ThreadPoolExecutor$Worker.run(ThreadPoolExecutor.java:624)&#10;        at java.lang.Thread.run(Thread.java:748)&#10;&quot;pool-246-thread-18&quot;  prio=5 tid=2655 in Object.wait()&#10;java.lang.Thread.State: WAITING (on object monitor)&#10;        at sun.misc.Unsafe.park(Native Method)&#10;        at java.util.concurrent.locks.LockSupport.park(LockSupport.java:175)&#10;        at java.util.concurrent.locks.AbstractQueuedSynchronizer$ConditionObject.await(AbstractQueuedSynchronizer.java:2039)&#10;        at java.util.concurrent.ArrayBlockingQueue.take(ArrayBlockingQueue.java:403)&#10;        at java.util.concurrent.ThreadPoolExecutor.getTask(ThreadPoolExecutor.java:1074)&#10;        at java.util.concurrent.ThreadPoolExecutor.runWorker(ThreadPoolExecutor.java:1134)&#10;        at java.util.concurrent.ThreadPoolExecutor$Worker.run(ThreadPoolExecutor.java:624)&#10;        at java.lang.Thread.run(Thread.java:748)&#10;&quot;IPC Server Responder&quot; daemon prio=5 tid=2307 runnable&#10;java.lang.Thread.State: RUNNABLE&#10;        at sun.nio.ch.EPollArrayWrapper.epollWait(Native Method)&#10;        at sun.nio.ch.EPollArrayWrapper.poll(EPollArrayWrapper.java:269)&#10;        at sun.nio.ch.EPollSelectorImpl.doSelect(EPollSelectorImpl.java:93)&#10;        at sun.nio.ch.SelectorImpl.lockAndDoSelect(SelectorImpl.java:86)&#10;        at sun.nio.ch.SelectorImpl.select(SelectorImpl.java:97)&#10;        at org.apache.hadoop.ipc.Server$Responder.doRunLoop(Server.java:1334)&#10;        at org.apache.hadoop.ipc.Server$Responder.run(Server.java:1317)&#10;&quot;PartialTableCache Cleanup Thread - 0&quot; daemon prio=5 tid=556 in Object.wait()&#10;java.lang.Thread.State: WAITING (on object monitor)&#10;        at sun.misc.Unsafe.park(Native Method)&#10;        at java.util.concurrent.locks.LockSupport.park(LockSupport.java:175)&#10;        at java.util.concurrent.locks.AbstractQueuedSynchronizer$ConditionObject.await(AbstractQueuedSynchronizer.java:2039)&#10;        at java.util.concurrent.LinkedBlockingQueue.take(LinkedBlockingQueue.java:442)&#10;        at java.util.concurrent.ThreadPoolExecutor.getTask(ThreadPoolExecutor.java:1074)&#10;        at java.util.concurrent.ThreadPoolExecutor.runWorker(ThreadPoolExecutor.java:1134)&#10;        at java.util.concurrent.ThreadPoolExecutor$Worker.run(ThreadPoolExecutor.java:624)&#10;        at java.lang.Thread.run(Thread.java:748)&#10;&quot;org.apache.hadoop.util.JvmPauseMonitor$Monitor@3d125497&quot; daemon prio=5 tid=2510 timed_waiting&#10;java.lang.Thread.State: TIMED_WAITING&#10;        at java.lang.Thread.sleep(Native Method)&#10;        at org.apache.hadoop.util.JvmPauseMonitor$Monitor.run(JvmPauseMonitor.java:192)&#10;        at java.lang.Thread.run(Thread.java:748)&#10;&quot;metrics-hadoop-metrics2-reporter-122-thread-1&quot; daemon prio=5 tid=2740 timed_waiting&#10;java.lang.Thread.State: TIMED_WAITING&#10;        at sun.misc.Unsafe.park(Native Method)&#10;        at java.util.concurrent.locks.LockSupport.parkNanos(LockSupport.java:215)&#10;        at java.util.concurrent.locks.AbstractQueuedSynchronizer$ConditionObject.awaitNanos(AbstractQueuedSynchronizer.java:2078)&#10;        at java.util.concurrent.ScheduledThreadPoolExecutor$DelayedWorkQueue.take(ScheduledThreadPoolExecutor.java:1093)&#10;        at java.util.concurrent.ScheduledThreadPoolExecutor$DelayedWorkQueue.take(ScheduledThreadPoolExecutor.java:809)&#10;        at java.util.concurrent.ThreadPoolExecutor.getTask(ThreadPoolExecutor.java:1074)&#10;        at java.util.concurrent.ThreadPoolExecutor.runWorker(ThreadPoolExecutor.java:1134)&#10;        at java.util.concurrent.ThreadPoolExecutor$Worker.run(ThreadPoolExecutor.java:624)&#10;        at java.lang.Thread.run(Thread.java:748)&#10;&quot;metrics-hadoop-metrics2-reporter-50-thread-1&quot; daemon prio=5 tid=1057 timed_waiting&#10;java.lang.Thread.State: TIMED_WAITING&#10;        at sun.misc.Unsafe.park(Native Method)&#10;        at java.util.concurrent.locks.LockSupport.parkNanos(LockSupport.java:215)&#10;        at java.util.concurrent.locks.AbstractQueuedSynchronizer$ConditionObject.awaitNanos(AbstractQueuedSynchronizer.java:2078)&#10;        at java.util.concurrent.ScheduledThreadPoolExecutor$DelayedWorkQueue.take(ScheduledThreadPoolExecutor.java:1093)&#10;        at java.util.concurrent.ScheduledThreadPoolExecutor$DelayedWorkQueue.take(ScheduledThreadPoolExecutor.java:809)&#10;        at java.util.concurrent.ThreadPoolExecutor.getTask(ThreadPoolExecutor.java:1074)&#10;        at java.util.concurrent.ThreadPoolExecutor.runWorker(ThreadPoolExecutor.java:1134)&#10;        at java.util.concurrent.ThreadPoolExecutor$Worker.run(ThreadPoolExecutor.java:624)&#10;        at java.lang.Thread.run(Thread.java:748)&#10;&quot;metrics-hadoop-metrics2-reporter-49-thread-1&quot; daemon prio=5 tid=1055 timed_waiting&#10;java.lang.Thread.State: TIMED_WAITING&#10;        at sun.misc.Unsafe.park(Native Method)&#10;        at java.util.concurrent.locks.LockSupport.parkNanos(LockSupport.java:215)&#10;        at java.util.concurrent.locks.AbstractQueuedSynchronizer$ConditionObject.awaitNanos(AbstractQueuedSynchronizer.java:2078)&#10;        at java.util.concurrent.ScheduledThreadPoolExecutor$DelayedWorkQueue.take(ScheduledThreadPoolExecutor.java:1093)&#10;        at java.util.concurrent.ScheduledThreadPoolExecutor$DelayedWorkQueue.take(ScheduledThreadPoolExecutor.java:809)&#10;        at java.util.concurrent.ThreadPoolExecutor.getTask(ThreadPoolExecutor.java:1074)&#10;        at java.util.concurrent.ThreadPoolExecutor.runWorker(ThreadPoolExecutor.java:1134)&#10;        at java.util.concurrent.ThreadPoolExecutor$Worker.run(ThreadPoolExecutor.java:624)&#10;        at java.lang.Thread.run(Thread.java:748)&#10;&quot;qtp2000429588-2466&quot; daemon prio=5 tid=2466 runnable&#10;java.lang.Thread.State: RUNNABLE&#10;        at sun.nio.ch.EPollArrayWrapper.epollWait(Native Method)&#10;        at sun.nio.ch.EPollArrayWrapper.poll(EPollArrayWrapper.java:269)&#10;        at sun.nio.ch.EPollSelectorImpl.doSelect(EPollSelectorImpl.java:93)&#10;        at sun.nio.ch.SelectorImpl.lockAndDoSelect(SelectorImpl.java:86)&#10;        at sun.nio.ch.SelectorImpl.select(SelectorImpl.java:97)&#10;        at sun.nio.ch.SelectorImpl.select(SelectorImpl.java:101)&#10;        at org.eclipse.jetty.io.ManagedSelector$SelectorProducer.select(ManagedSelector.java:243)&#10;        at org.eclipse.jetty.io.ManagedSelector$SelectorProducer.produce(ManagedSelector.java:191)&#10;        at org.eclipse.jetty.util.thread.strategy.ExecuteProduceConsume.executeProduceConsume(ExecuteProduceConsume.java:249)&#10;        at org.eclipse.jetty.util.thread.strategy.ExecuteProduceConsume.produceConsume(ExecuteProduceConsume.java:148)&#10;        at org.eclipse.jetty.util.thread.strategy.ExecuteProduceConsume.execute(ExecuteProduceConsume.java:100)&#10;        at org.eclipse.jetty.io.ManagedSelector.run(ManagedSelector.java:147)&#10;        at org.eclipse.jetty.util.thread.QueuedThreadPool.runJob(QueuedThreadPool.java:671)&#10;        at org.eclipse.jetty.util.thread.QueuedThreadPool$2.run(QueuedThreadPool.java:589)&#10;        at java.lang.Thread.run(Thread.java:748)&#10;&quot;metrics-hadoop-metrics2-reporter-80-thread-1&quot; daemon prio=5 tid=1718 timed_waiting&#10;java.lang.Thread.State: TIMED_WAITING&#10;        at sun.misc.Unsafe.park(Native Method)&#10;        at java.util.concurrent.locks.LockSupport.parkNanos(LockSupport.java:215)&#10;        at java.util.concurrent.locks.AbstractQueuedSynchronizer$ConditionObject.awaitNanos(AbstractQueuedSynchronizer.java:2078)&#10;        at java.util.concurrent.ScheduledThreadPoolExecutor$DelayedWorkQueue.take(ScheduledThreadPoolExecutor.java:1093)&#10;        at java.util.concurrent.ScheduledThreadPoolExecutor$DelayedWorkQueue.take(ScheduledThreadPoolExecutor.java:809)&#10;        at java.util.concurrent.ThreadPoolExecutor.getTask(ThreadPoolExecutor.java:1074)&#10;        at java.util.concurrent.ThreadPoolExecutor.runWorker(ThreadPoolExecutor.java:1134)&#10;        at java.util.concurrent.ThreadPoolExecutor$Worker.run(ThreadPoolExecutor.java:624)&#10;        at java.lang.Thread.run(Thread.java:748)&#10;&quot;pool-236-thread-59&quot;  prio=5 tid=2634 in Object.wait()&#10;java.lang.Thread.State: WAITING (on object monitor)&#10;        at sun.misc.Unsafe.park(Native Method)&#10;        at java.util.concurrent.locks.LockSupport.park(LockSupport.java:175)&#10;        at java.util.concurrent.locks.AbstractQueuedSynchronizer$ConditionObject.await(AbstractQueuedSynchronizer.java:2039)&#10;        at java.util.concurrent.ArrayBlockingQueue.take(ArrayBlockingQueue.java:403)&#10;        at java.util.concurrent.ThreadPoolExecutor.getTask(ThreadPoolExecutor.java:1074)&#10;        at java.util.concurrent.ThreadPoolExecutor.runWorker(ThreadPoolExecutor.java:1134)&#10;        at java.util.concurrent.ThreadPoolExecutor$Worker.run(ThreadPoolExecutor.java:624)&#10;        at java.lang.Thread.run(Thread.java:748)&#10;&quot;pool-236-thread-32&quot;  prio=5 tid=2607 in Object.wait()&#10;java.lang.Thread.State: WAITING (on object monitor)&#10;        at sun.misc.Unsafe.park(Native Method)&#10;        at java.util.concurrent.locks.LockSupport.park(LockSupport.java:175)&#10;        at java.util.concurrent.locks.AbstractQueuedSynchronizer$ConditionObject.await(AbstractQueuedSynchronizer.java:2039)&#10;        at java.util.concurrent.ArrayBlockingQueue.take(ArrayBlockingQueue.java:403)&#10;        at java.util.concurrent.ThreadPoolExecutor.getTask(ThreadPoolExecutor.java:1074)&#10;        at java.util.concurrent.ThreadPoolExecutor.runWorker(ThreadPoolExecutor.java:1134)&#10;        at java.util.concurrent.ThreadPoolExecutor$Worker.run(ThreadPoolExecutor.java:624)&#10;        at java.lang.Thread.run(Thread.java:748)&#10;&quot;IPC Server handler 4 on 45250&quot; daemon prio=5 tid=2403 timed_waiting&#10;java.lang.Thread.State: TIMED_WAITING&#10;        at sun.misc.Unsafe.park(Native Method)&#10;        at java.util.concurrent.locks.LockSupport.parkNanos(LockSupport.java:215)&#10;        at java.util.concurrent.locks.AbstractQueuedSynchronizer$ConditionObject.awaitNanos(AbstractQueuedSynchronizer.java:2078)&#10;        at java.util.concurrent.LinkedBlockingQueue.poll(LinkedBlockingQueue.java:467)&#10;        at org.apache.hadoop.ipc.CallQueueManager.take(CallQueueManager.java:288)&#10;        at org.apache.hadoop.ipc.Server$Handler.run(Server.java:2668)&#10;&quot;pool-236-thread-23&quot;  prio=5 tid=2598 in Object.wait()&#10;java.lang.Thread.State: WAITING (on object monitor)&#10;        at sun.misc.Unsafe.park(Native Method)&#10;        at java.util.concurrent.locks.LockSupport.park(LockSupport.java:175)&#10;        at java.util.concurrent.locks.AbstractQueuedSynchronizer$ConditionObject.await(AbstractQueuedSynchronizer.java:2039)&#10;        at java.util.concurrent.ArrayBlockingQueue.take(ArrayBlockingQueue.java:403)&#10;        at java.util.concurrent.ThreadPoolExecutor.getTask(ThreadPoolExecutor.java:1074)&#10;        at java.util.concurrent.ThreadPoolExecutor.runWorker(ThreadPoolExecutor.java:1134)&#10;        at java.util.concurrent.ThreadPoolExecutor$Worker.run(ThreadPoolExecutor.java:624)&#10;        at java.lang.Thread.run(Thread.java:748)&#10;&quot;IPC Server handler 3 on 35795&quot; daemon prio=5 tid=2338 timed_waiting&#10;java.lang.Thread.State: TIMED_WAITING&#10;        at sun.misc.Unsafe.park(Native Method)&#10;        at java.util.concurrent.locks.LockSupport.parkNanos(LockSupport.java:215)&#10;        at java.util.concurrent.locks.AbstractQueuedSynchronizer$ConditionObject.awaitNanos(AbstractQueuedSynchronizer.java:2078)&#10;        at java.util.concurrent.LinkedBlockingQueue.poll(LinkedBlockingQueue.java:467)&#10;        at org.apache.hadoop.ipc.CallQueueManager.take(CallQueueManager.java:288)&#10;        at org.apache.hadoop.ipc.Server$Handler.run(Server.java:2668)&#10;&quot;Datanode State Machine Thread - 0&quot; daemon prio=5 tid=2484 timed_waiting&#10;java.lang.Thread.State: TIMED_WAITING&#10;        at sun.misc.Unsafe.park(Native Method)&#10;        at java.util.concurrent.locks.LockSupport.parkNanos(LockSupport.java:215)&#10;        at java.util.concurrent.SynchronousQueue$TransferStack.awaitFulfill(SynchronousQueue.java:460)&#10;        at java.util.concurrent.SynchronousQueue$TransferStack.transfer(SynchronousQueue.java:362)&#10;        at java.util.concurrent.SynchronousQueue.poll(SynchronousQueue.java:941)&#10;        at java.util.concurrent.ThreadPoolExecutor.getTask(ThreadPoolExecutor.java:1073)&#10;        at java.util.concurrent.ThreadPoolExecutor.runWorker(ThreadPoolExecutor.java:1134)&#10;        at java.util.concurrent.ThreadPoolExecutor$Worker.run(ThreadPoolExecutor.java:624)&#10;        at java.lang.Thread.run(Thread.java:748)&#10;&quot;pool-246-thread-25&quot;  prio=5 tid=2662 in Object.wait()&#10;java.lang.Thread.State: WAITING (on object monitor)&#10;        at sun.misc.Unsafe.park(Native Method)&#10;        at java.util.concurrent.locks.LockSupport.park(LockSupport.java:175)&#10;        at java.util.concurrent.locks.AbstractQueuedSynchronizer$ConditionObject.await(AbstractQueuedSynchronizer.java:2039)&#10;        at java.util.concurrent.ArrayBlockingQueue.take(ArrayBlockingQueue.java:403)&#10;        at java.util.concurrent.ThreadPoolExecutor.getTask(ThreadPoolExecutor.java:1074)&#10;        at java.util.concurrent.ThreadPoolExecutor.runWorker(ThreadPoolExecutor.java:1134)&#10;        at java.util.concurrent.ThreadPoolExecutor$Worker.run(ThreadPoolExecutor.java:624)&#10;        at java.lang.Thread.run(Thread.java:748)&#10;&quot;IPC Server handler 3 on 45250&quot; daemon prio=5 tid=2402 timed_waiting&#10;java.lang.Thread.State: TIMED_WAITING&#10;        at sun.misc.Unsafe.park(Native Method)&#10;        at java.util.concurrent.locks.LockSupport.parkNanos(LockSupport.java:215)&#10;        at java.util.concurrent.locks.AbstractQueuedSynchronizer$ConditionObject.awaitNanos(AbstractQueuedSynchronizer.java:2078)&#10;        at java.util.concurrent.LinkedBlockingQueue.poll(LinkedBlockingQueue.java:467)&#10;        at org.apache.hadoop.ipc.CallQueueManager.take(CallQueueManager.java:288)&#10;        at org.apache.hadoop.ipc.Server$Handler.run(Server.java:2668)&#10;&quot;metrics-hadoop-metrics2-reporter-41-thread-1&quot; daemon prio=5 tid=1019 timed_waiting&#10;java.lang.Thread.State: TIMED_WAITING&#10;        at sun.misc.Unsafe.park(Native Method)&#10;        at java.util.concurrent.locks.LockSupport.parkNanos(LockSupport.java:215)&#10;        at java.util.concurrent.locks.AbstractQueuedSynchronizer$ConditionObject.awaitNanos(AbstractQueuedSynchronizer.java:2078)&#10;        at java.util.concurrent.ScheduledThreadPoolExecutor$DelayedWorkQueue.take(ScheduledThreadPoolExecutor.java:1093)&#10;        at java.util.concurrent.ScheduledThreadPoolExecutor$DelayedWorkQueue.take(ScheduledThreadPoolExecutor.java:809)&#10;        at java.util.concurrent.ThreadPoolExecutor.getTask(ThreadPoolExecutor.java:1074)&#10;        at java.util.concurrent.ThreadPoolExecutor.runWorker(ThreadPoolExecutor.java:1134)&#10;        at java.util.concurrent.ThreadPoolExecutor$Worker.run(ThreadPoolExecutor.java:624)&#10;        at java.lang.Thread.run(Thread.java:748)&#10;&quot;pool-226-thread-3&quot;  prio=5 tid=2515 in Object.wait()&#10;java.lang.Thread.State: WAITING (on object monitor)&#10;        at sun.misc.Unsafe.park(Native Method)&#10;        at java.util.concurrent.locks.LockSupport.park(LockSupport.java:175)&#10;        at java.util.concurrent.locks.AbstractQueuedSynchronizer$ConditionObject.await(AbstractQueuedSynchronizer.java:2039)&#10;        at java.util.concurrent.ArrayBlockingQueue.take(ArrayBlockingQueue.java:403)&#10;        at java.util.concurrent.ThreadPoolExecutor.getTask(ThreadPoolExecutor.java:1074)&#10;        at java.util.concurrent.ThreadPoolExecutor.runWorker(ThreadPoolExecutor.java:1134)&#10;        at java.util.concurrent.ThreadPoolExecutor$Worker.run(ThreadPoolExecutor.java:624)&#10;        at java.lang.Thread.run(Thread.java:748)&#10;&quot;pool-226-thread-42&quot;  prio=5 tid=2554 in Object.wait()&#10;java.lang.Thread.State: WAITING (on object monitor)&#10;        at sun.misc.Unsafe.park(Native Method)&#10;        at java.util.concurrent.locks.LockSupport.park(LockSupport.java:175)&#10;        at java.util.concurrent.locks.AbstractQueuedSynchronizer$ConditionObject.await(AbstractQueuedSynchronizer.java:2039)&#10;        at java.util.concurrent.ArrayBlockingQueue.take(ArrayBlockingQueue.java:403)&#10;        at java.util.concurrent.ThreadPoolExecutor.getTask(ThreadPoolExecutor.java:1074)&#10;        at java.util.concurrent.ThreadPoolExecutor.runWorker(ThreadPoolExecutor.java:1134)&#10;        at java.util.concurrent.ThreadPoolExecutor$Worker.run(ThreadPoolExecutor.java:624)&#10;        at java.lang.Thread.run(Thread.java:748)&#10;&quot;metrics-hadoop-metrics2-reporter-63-thread-1&quot; daemon prio=5 tid=1669 timed_waiting&#10;java.lang.Thread.State: TIMED_WAITING&#10;        at sun.misc.Unsafe.park(Native Method)&#10;        at java.util.concurrent.locks.LockSupport.parkNanos(LockSupport.java:215)&#10;        at java.util.concurrent.locks.AbstractQueuedSynchronizer$ConditionObject.awaitNanos(AbstractQueuedSynchronizer.java:2078)&#10;        at java.util.concurrent.ScheduledThreadPoolExecutor$DelayedWorkQueue.take(ScheduledThreadPoolExecutor.java:1093)&#10;        at java.util.concurrent.ScheduledThreadPoolExecutor$DelayedWorkQueue.take(ScheduledThreadPoolExecutor.java:809)&#10;        at java.util.concurrent.ThreadPoolExecutor.getTask(ThreadPoolExecutor.java:1074)&#10;        at java.util.concurrent.ThreadPoolExecutor.runWorker(ThreadPoolExecutor.java:1134)&#10;        at java.util.concurrent.ThreadPoolExecutor$Worker.run(ThreadPoolExecutor.java:624)&#10;        at java.lang.Thread.run(Thread.java:748)&#10;&quot;metrics-hadoop-metrics2-reporter-22-thread-1&quot; daemon prio=5 tid=500 timed_waiting&#10;java.lang.Thread.State: TIMED_WAITING&#10;        at sun.misc.Unsafe.park(Native Method)&#10;        at java.util.concurrent.locks.LockSupport.parkNanos(LockSupport.java:215)&#10;        at java.util.concurrent.locks.AbstractQueuedSynchronizer$ConditionObject.awaitNanos(AbstractQueuedSynchronizer.java:2078)&#10;        at java.util.concurrent.ScheduledThreadPoolExecutor$DelayedWorkQueue.take(ScheduledThreadPoolExecutor.java:1093)&#10;        at java.util.concurrent.ScheduledThreadPoolExecutor$DelayedWorkQueue.take(ScheduledThreadPoolExecutor.java:809)&#10;        at java.util.concurrent.ThreadPoolExecutor.getTask(ThreadPoolExecutor.java:1074)&#10;        at java.util.concurrent.ThreadPoolExecutor.runWorker(ThreadPoolExecutor.java:1134)&#10;        at java.util.concurrent.ThreadPoolExecutor$Worker.run(ThreadPoolExecutor.java:624)&#10;        at java.lang.Thread.run(Thread.java:748)&#10;&quot;SCM Heartbeat Processing Thread - 0&quot; daemon prio=5 tid=2299 timed_waiting&#10;java.lang.Thread.State: TIMED_WAITING&#10;        at sun.misc.Unsafe.park(Native Method)&#10;        at java.util.concurrent.locks.LockSupport.parkNanos(LockSupport.java:215)&#10;        at java.util.concurrent.locks.AbstractQueuedSynchronizer$ConditionObject.awaitNanos(AbstractQueuedSynchronizer.java:2078)&#10;        at java.util.concurrent.ScheduledThreadPoolExecutor$DelayedWorkQueue.take(ScheduledThreadPoolExecutor.java:1093)&#10;        at java.util.concurrent.ScheduledThreadPoolExecutor$DelayedWorkQueue.take(ScheduledThreadPoolExecutor.java:809)&#10;        at java.util.concurrent.ThreadPoolExecutor.getTask(ThreadPoolExecutor.java:1074)&#10;        at java.util.concurrent.ThreadPoolExecutor.runWorker(ThreadPoolExecutor.java:1134)&#10;        at java.util.concurrent.ThreadPoolExecutor$Worker.run(ThreadPoolExecutor.java:624)&#10;        at java.lang.Thread.run(Thread.java:748)&#10;&quot;IPC Server handler 2 on 35795&quot; daemon prio=5 tid=2337 timed_waiting&#10;java.lang.Thread.State: TIMED_WAITING&#10;        at sun.misc.Unsafe.park(Native Method)&#10;        at java.util.concurrent.locks.LockSupport.parkNanos(LockSupport.java:215)&#10;        at java.util.concurrent.locks.AbstractQueuedSynchronizer$ConditionObject.awaitNanos(AbstractQueuedSynchronizer.java:2078)&#10;        at java.util.concurrent.LinkedBlockingQueue.poll(LinkedBlockingQueue.java:467)&#10;        at org.apache.hadoop.ipc.CallQueueManager.take(CallQueueManager.java:288)&#10;        at org.apache.hadoop.ipc.Server$Handler.run(Server.java:2668)&#10;&quot;IPC Server handler 9 on 35795&quot; daemon prio=5 tid=2344 timed_waiting&#10;java.lang.Thread.State: TIMED_WAITING&#10;        at sun.misc.Unsafe.park(Native Method)&#10;        at java.util.concurrent.locks.LockSupport.parkNanos(LockSupport.java:215)&#10;        at java.util.concurrent.locks.AbstractQueuedSynchronizer$ConditionObject.awaitNanos(AbstractQueuedSynchronizer.java:2078)&#10;        at java.util.concurrent.LinkedBlockingQueue.poll(LinkedBlockingQueue.java:467)&#10;        at org.apache.hadoop.ipc.CallQueueManager.take(CallQueueManager.java:288)&#10;        at org.apache.hadoop.ipc.Server$Handler.run(Server.java:2668)&#10;&quot;IPC Server handler 9 on 40756&quot; daemon prio=5 tid=2324 timed_waiting&#10;java.lang.Thread.State: TIMED_WAITING&#10;        at sun.misc.Unsafe.park(Native Method)&#10;        at java.util.concurrent.locks.LockSupport.parkNanos(LockSupport.java:215)&#10;        at java.util.concurrent.locks.AbstractQueuedSynchronizer$ConditionObject.awaitNanos(AbstractQueuedSynchronizer.java:2078)&#10;        at java.util.concurrent.LinkedBlockingQueue.poll(LinkedBlockingQueue.java:467)&#10;        at org.apache.hadoop.ipc.CallQueueManager.take(CallQueueManager.java:288)&#10;        at org.apache.hadoop.ipc.Server$Handler.run(Server.java:2668)&#10;&quot;grpc-default-executor-3&quot; daemon prio=5 tid=4815 timed_waiting&#10;java.lang.Thread.State: TIMED_WAITING&#10;        at sun.misc.Unsafe.park(Native Method)&#10;        at java.util.concurrent.locks.LockSupport.parkNanos(LockSupport.java:215)&#10;        at java.util.concurrent.SynchronousQueue$TransferStack.awaitFulfill(SynchronousQueue.java:460)&#10;        at java.util.concurrent.SynchronousQueue$TransferStack.transfer(SynchronousQueue.java:362)&#10;        at java.util.concurrent.SynchronousQueue.poll(SynchronousQueue.java:941)&#10;        at java.util.concurrent.ThreadPoolExecutor.getTask(ThreadPoolExecutor.java:1073)&#10;        at java.util.concurrent.ThreadPoolExecutor.runWorker(ThreadPoolExecutor.java:1134)&#10;        at java.util.concurrent.ThreadPoolExecutor$Worker.run(ThreadPoolExecutor.java:624)&#10;        at java.lang.Thread.run(Thread.java:748)&#10;&quot;Datanode ReportManager Thread - 1&quot; daemon prio=5 tid=720 timed_waiting&#10;java.lang.Thread.State: TIMED_WAITING&#10;        at sun.misc.Unsafe.park(Native Method)&#10;        at java.util.concurrent.locks.LockSupport.parkNanos(LockSupport.java:215)&#10;        at java.util.concurrent.locks.AbstractQueuedSynchronizer$ConditionObject.awaitNanos(AbstractQueuedSynchronizer.java:2078)&#10;        at java.util.concurrent.ScheduledThreadPoolExecutor$DelayedWorkQueue.take(ScheduledThreadPoolExecutor.java:1093)&#10;        at java.util.concurrent.ScheduledThreadPoolExecutor$DelayedWorkQueue.take(ScheduledThreadPoolExecutor.java:809)&#10;        at java.util.concurrent.ThreadPoolExecutor.getTask(ThreadPoolExecutor.java:1074)&#10;        at java.util.concurrent.ThreadPoolExecutor.runWorker(ThreadPoolExecutor.java:1134)&#10;        at java.util.concurrent.ThreadPoolExecutor$Worker.run(ThreadPoolExecutor.java:624)&#10;        at java.lang.Thread.run(Thread.java:748)&#10;&quot;qtp2000429588-2471&quot; daemon prio=5 tid=2471 timed_waiting&#10;java.lang.Thread.State: TIMED_WAITING&#10;        at sun.misc.Unsafe.park(Native Method)&#10;        at java.util.concurrent.locks.LockSupport.parkNanos(LockSupport.java:215)&#10;        at java.util.concurrent.locks.AbstractQueuedSynchronizer$ConditionObject.awaitNanos(AbstractQueuedSynchronizer.java:2078)&#10;        at org.eclipse.jetty.util.BlockingArrayQueue.poll(BlockingArrayQueue.java:392)&#10;        at org.eclipse.jetty.util.thread.QueuedThreadPool.idleJobPoll(QueuedThreadPool.java:563)&#10;        at org.eclipse.jetty.util.thread.QueuedThreadPool.access$800(QueuedThreadPool.java:48)&#10;        at org.eclipse.jetty.util.thread.QueuedThreadPool$2.run(QueuedThreadPool.java:626)&#10;        at java.lang.Thread.run(Thread.java:748)&#10;&quot;IPC Server handler 15 on 45250&quot; daemon prio=5 tid=2414 timed_waiting&#10;java.lang.Thread.State: TIMED_WAITING&#10;        at sun.misc.Unsafe.park(Native Method)&#10;        at java.util.concurrent.locks.LockSupport.parkNanos(LockSupport.java:215)&#10;        at java.util.concurrent.locks.AbstractQueuedSynchronizer$ConditionObject.awaitNanos(AbstractQueuedSynchronizer.java:2078)&#10;        at java.util.concurrent.LinkedBlockingQueue.poll(LinkedBlockingQueue.java:467)&#10;        at org.apache.hadoop.ipc.CallQueueManager.take(CallQueueManager.java:288)&#10;        at org.apache.hadoop.ipc.Server$Handler.run(Server.java:2668)&#10;&quot;metrics-hadoop-metrics2-reporter-131-thread-1&quot; daemon prio=5 tid=2769 timed_waiting&#10;java.lang.Thread.State: TIMED_WAITING&#10;        at sun.misc.Unsafe.park(Native Method)&#10;        at java.util.concurrent.locks.LockSupport.parkNanos(LockSupport.java:215)&#10;        at java.util.concurrent.locks.AbstractQueuedSynchronizer$ConditionObject.awaitNanos(AbstractQueuedSynchronizer.java:2078)&#10;        at java.util.concurrent.ScheduledThreadPoolExecutor$DelayedWorkQueue.take(ScheduledThreadPoolExecutor.java:1093)&#10;        at java.util.concurrent.ScheduledThreadPoolExecutor$DelayedWorkQueue.take(ScheduledThreadPoolExecutor.java:809)&#10;        at java.util.concurrent.ThreadPoolExecutor.getTask(ThreadPoolExecutor.java:1074)&#10;        at java.util.concurrent.ThreadPoolExecutor.runWorker(ThreadPoolExecutor.java:1134)&#10;        at java.util.concurrent.ThreadPoolExecutor$Worker.run(ThreadPoolExecutor.java:624)&#10;        at java.lang.Thread.run(Thread.java:748)&#10;&quot;Datanode State Machine Thread - 0&quot; daemon prio=5 tid=2450 timed_waiting&#10;java.lang.Thread.State: TIMED_WAITING&#10;        at java.lang.Thread.sleep(Native Method)&#10;        at org.apache.hadoop.ozone.container.common.statemachine.DatanodeStateMachine.start(DatanodeStateMachine.java:191)&#10;        at org.apache.hadoop.ozone.container.common.statemachine.DatanodeStateMachine.lambda$startDaemon$0(DatanodeStateMachine.java:349)&#10;        at org.apache.hadoop.ozone.container.common.statemachine.DatanodeStateMachine$$Lambda$140/1407713529.run(Unknown Source)&#10;        at java.lang.Thread.run(Thread.java:748)&#10;&quot;Datanode ReportManager Thread - 1&quot; daemon prio=5 tid=1962 in Object.wait()&#10;java.lang.Thread.State: WAITING (on object monitor)&#10;        at sun.misc.Unsafe.park(Native Method)&#10;        at java.util.concurrent.locks.LockSupport.park(LockSupport.java:175)&#10;        at java.util.concurrent.locks.AbstractQueuedSynchronizer$ConditionObject.await(AbstractQueuedSynchronizer.java:2039)&#10;        at java.util.concurrent.ScheduledThreadPoolExecutor$DelayedWorkQueue.take(ScheduledThreadPoolExecutor.java:1088)&#10;        at java.util.concurrent.ScheduledThreadPoolExecutor$DelayedWorkQueue.take(ScheduledThreadPoolExecutor.java:809)&#10;        at java.util.concurrent.ThreadPoolExecutor.getTask(ThreadPoolExecutor.java:1074)&#10;        at java.util.concurrent.ThreadPoolExecutor.runWorker(ThreadPoolExecutor.java:1134)&#10;        at java.util.concurrent.ThreadPoolExecutor$Worker.run(ThreadPoolExecutor.java:624)&#10;        at java.lang.Thread.run(Thread.java:748)&#10;&quot;grpc-default-executor-1&quot; daemon prio=5 tid=2750 timed_waiting&#10;java.lang.Thread.State: TIMED_WAITING&#10;        at sun.misc.Unsafe.park(Native Method)&#10;        at java.util.concurrent.locks.LockSupport.parkNanos(LockSupport.java:215)&#10;        at java.util.concurrent.SynchronousQueue$TransferStack.awaitFulfill(SynchronousQueue.java:460)&#10;        at java.util.concurrent.SynchronousQueue$TransferStack.transfer(SynchronousQueue.java:362)&#10;        at java.util.concurrent.SynchronousQueue.poll(SynchronousQueue.java:941)&#10;        at java.util.concurrent.ThreadPoolExecutor.getTask(ThreadPoolExecutor.java:1073)&#10;        at java.util.concurrent.ThreadPoolExecutor.runWorker(ThreadPoolExecutor.java:1134)&#10;        at java.util.concurrent.ThreadPoolExecutor$Worker.run(ThreadPoolExecutor.java:624)&#10;        at java.lang.Thread.run(Thread.java:748)&#10;&quot;qtp2000429588-2472&quot; daemon prio=5 tid=2472 timed_waiting&#10;java.lang.Thread.State: TIMED_WAITING&#10;        at sun.misc.Unsafe.park(Native Method)&#10;        at java.util.concurrent.locks.LockSupport.parkNanos(LockSupport.java:215)&#10;        at java.util.concurrent.locks.AbstractQueuedSynchronizer$ConditionObject.awaitNanos(AbstractQueuedSynchronizer.java:2078)&#10;        at org.eclipse.jetty.util.BlockingArrayQueue.poll(BlockingArrayQueue.java:392)&#10;        at org.eclipse.jetty.util.thread.QueuedThreadPool.idleJobPoll(QueuedThreadPool.java:563)&#10;        at org.eclipse.jetty.util.thread.QueuedThreadPool.access$800(QueuedThreadPool.java:48)&#10;        at org.eclipse.jetty.util.thread.QueuedThreadPool$2.run(QueuedThreadPool.java:626)&#10;        at java.lang.Thread.run(Thread.java:748)&#10;&quot;pool-236-thread-27&quot;  prio=5 tid=2602 in Object.wait()&#10;java.lang.Thread.State: WAITING (on object monitor)&#10;        at sun.misc.Unsafe.park(Native Method)&#10;        at java.util.concurrent.locks.LockSupport.park(LockSupport.java:175)&#10;        at java.util.concurrent.locks.AbstractQueuedSynchronizer$ConditionObject.await(AbstractQueuedSynchronizer.java:2039)&#10;        at java.util.concurrent.ArrayBlockingQueue.take(ArrayBlockingQueue.java:403)&#10;        at java.util.concurrent.ThreadPoolExecutor.getTask(ThreadPoolExecutor.java:1074)&#10;        at java.util.concurrent.ThreadPoolExecutor.runWorker(ThreadPoolExecutor.java:1134)&#10;        at java.util.concurrent.ThreadPoolExecutor$Worker.run(ThreadPoolExecutor.java:624)&#10;        at java.lang.Thread.run(Thread.java:748)&#10;&quot;PartialTableCache Cleanup Thread - 0&quot; daemon prio=5 tid=2280 in Object.wait()&#10;java.lang.Thread.State: WAITING (on object monitor)&#10;        at sun.misc.Unsafe.park(Native Method)&#10;        at java.util.concurrent.locks.LockSupport.park(LockSupport.java:175)&#10;        at java.util.concurrent.locks.AbstractQueuedSynchronizer$ConditionObject.await(AbstractQueuedSynchronizer.java:2039)&#10;        at java.util.concurrent.LinkedBlockingQueue.take(LinkedBlockingQueue.java:442)&#10;        at java.util.concurrent.ThreadPoolExecutor.getTask(ThreadPoolExecutor.java:1074)&#10;        at java.util.concurrent.ThreadPoolExecutor.runWorker(ThreadPoolExecutor.java:1134)&#10;        at java.util.concurrent.ThreadPoolExecutor$Worker.run(ThreadPoolExecutor.java:624)&#10;        at java.lang.Thread.run(Thread.java:748)&#10;&quot;metrics-hadoop-metrics2-reporter-129-thread-1&quot; daemon prio=5 tid=2763 timed_waiting&#10;java.lang.Thread.State: TIMED_WAITING&#10;        at sun.misc.Unsafe.park(Native Method)&#10;        at java.util.concurrent.locks.LockSupport.parkNanos(LockSupport.java:215)&#10;        at java.util.concurrent.locks.AbstractQueuedSynchronizer$ConditionObject.awaitNanos(AbstractQueuedSynchronizer.java:2078)&#10;        at java.util.concurrent.ScheduledThreadPoolExecutor$DelayedWorkQueue.take(ScheduledThreadPoolExecutor.java:1093)&#10;        at java.util.concurrent.ScheduledThreadPoolExecutor$DelayedWorkQueue.take(ScheduledThreadPoolExecutor.java:809)&#10;        at java.util.concurrent.ThreadPoolExecutor.getTask(ThreadPoolExecutor.java:1074)&#10;        at java.util.concurrent.ThreadPoolExecutor.runWorker(ThreadPoolExecutor.java:1134)&#10;        at java.util.concurrent.ThreadPoolExecutor$Worker.run(ThreadPoolExecutor.java:624)&#10;        at java.lang.Thread.run(Thread.java:748)&#10;&quot;pool-226-thread-28&quot;  prio=5 tid=2540 in Object.wait()&#10;java.lang.Thread.State: WAITING (on object monitor)&#10;        at sun.misc.Unsafe.park(Native Method)&#10;        at java.util.concurrent.locks.LockSupport.park(LockSupport.java:175)&#10;        at java.util.concurrent.locks.AbstractQueuedSynchronizer$ConditionObject.await(AbstractQueuedSynchronizer.java:2039)&#10;        at java.util.concurrent.ArrayBlockingQueue.take(ArrayBlockingQueue.java:403)&#10;        at java.util.concurrent.ThreadPoolExecutor.getTask(ThreadPoolExecutor.java:1074)&#10;        at java.util.concurrent.ThreadPoolExecutor.runWorker(ThreadPoolExecutor.java:1134)&#10;        at java.util.concurrent.ThreadPoolExecutor$Worker.run(ThreadPoolExecutor.java:624)&#10;        at java.lang.Thread.run(Thread.java:748)&#10;&quot;IPC Server handler 19 on 45250&quot; daemon prio=5 tid=2418 timed_waiting&#10;java.lang.Thread.State: TIMED_WAITING&#10;        at sun.misc.Unsafe.park(Native Method)&#10;        at java.util.concurrent.locks.LockSupport.parkNanos(LockSupport.java:215)&#10;        at java.util.concurrent.locks.AbstractQueuedSynchronizer$ConditionObject.awaitNanos(AbstractQueuedSynchronizer.java:2078)&#10;        at java.util.concurrent.LinkedBlockingQueue.poll(LinkedBlockingQueue.java:467)&#10;        at org.apache.hadoop.ipc.CallQueueManager.take(CallQueueManager.java:288)&#10;        at org.apache.hadoop.ipc.Server$Handler.run(Server.java:2668)&#10;&quot;metrics-hadoop-metrics2-reporter-103-thread-1&quot; daemon prio=5 tid=2241 timed_waiting&#10;java.lang.Thread.State: TIMED_WAITING&#10;        at sun.misc.Unsafe.park(Native Method)&#10;        at java.util.concurrent.locks.LockSupport.parkNanos(LockSupport.java:215)&#10;        at java.util.concurrent.locks.AbstractQueuedSynchronizer$ConditionObject.awaitNanos(AbstractQueuedSynchronizer.java:2078)&#10;        at java.util.concurrent.ScheduledThreadPoolExecutor$DelayedWorkQueue.take(ScheduledThreadPoolExecutor.java:1093)&#10;        at java.util.concurrent.ScheduledThreadPoolExecutor$DelayedWorkQueue.take(ScheduledThreadPoolExecutor.java:809)&#10;        at java.util.concurrent.ThreadPoolExecutor.getTask(ThreadPoolExecutor.java:1074)&#10;        at java.util.concurrent.ThreadPoolExecutor.runWorker(ThreadPoolExecutor.java:1134)&#10;        at java.util.concurrent.ThreadPoolExecutor$Worker.run(ThreadPoolExecutor.java:624)&#10;        at java.lang.Thread.run(Thread.java:748)&#10;&quot;Datanode ReportManager Thread - 3&quot; daemon prio=5 tid=1937 in Object.wait()&#10;java.lang.Thread.State: WAITING (on object monitor)&#10;        at sun.misc.Unsafe.park(Native Method)&#10;        at java.util.concurrent.locks.LockSupport.park(LockSupport.java:175)&#10;        at java.util.concurrent.locks.AbstractQueuedSynchronizer$ConditionObject.await(AbstractQueuedSynchronizer.java:2039)&#10;        at java.util.concurrent.ScheduledThreadPoolExecutor$DelayedWorkQueue.take(ScheduledThreadPoolExecutor.java:1088)&#10;        at java.util.concurrent.ScheduledThreadPoolExecutor$DelayedWorkQueue.take(ScheduledThreadPoolExecutor.java:809)&#10;        at java.util.concurrent.ThreadPoolExecutor.getTask(ThreadPoolExecutor.java:1074)&#10;        at java.util.concurrent.ThreadPoolExecutor.runWorker(ThreadPoolExecutor.java:1134)&#10;        at java.util.concurrent.ThreadPoolExecutor$Worker.run(ThreadPoolExecutor.java:624)&#10;        at java.lang.Thread.run(Thread.java:748)&#10;&quot;PartialTableCache Cleanup Thread - 0&quot; daemon prio=5 tid=1769 in Object.wait()&#10;java.lang.Thread.State: WAITING (on object monitor)&#10;        at sun.misc.Unsafe.park(Native Method)&#10;        at java.util.concurrent.locks.LockSupport.park(LockSupport.java:175)&#10;        at java.util.concurrent.locks.AbstractQueuedSynchronizer$ConditionObject.await(AbstractQueuedSynchronizer.java:2039)&#10;        at java.util.concurrent.LinkedBlockingQueue.take(LinkedBlockingQueue.java:442)&#10;        at java.util.concurrent.ThreadPoolExecutor.getTask(ThreadPoolExecutor.java:1074)&#10;        at java.util.concurrent.ThreadPoolExecutor.runWorker(ThreadPoolExecutor.java:1134)&#10;        at java.util.concurrent.ThreadPoolExecutor$Worker.run(ThreadPoolExecutor.java:624)&#10;        at java.lang.Thread.run(Thread.java:748)&#10;&quot;metrics-hadoop-metrics2-reporter-53-thread-1&quot; daemon prio=5 tid=1202 timed_waiting&#10;java.lang.Thread.State: TIMED_WAITING&#10;        at sun.misc.Unsafe.park(Native Method)&#10;        at java.util.concurrent.locks.LockSupport.parkNanos(LockSupport.java:215)&#10;        at java.util.concurrent.locks.AbstractQueuedSynchronizer$ConditionObject.awaitNanos(AbstractQueuedSynchronizer.java:2078)&#10;        at java.util.concurrent.ScheduledThreadPoolExecutor$DelayedWorkQueue.take(ScheduledThreadPoolExecutor.java:1093)&#10;        at java.util.concurrent.ScheduledThreadPoolExecutor$DelayedWorkQueue.take(ScheduledThreadPoolExecutor.java:809)&#10;        at java.util.concurrent.ThreadPoolExecutor.getTask(ThreadPoolExecutor.java:1074)&#10;        at java.util.concurrent.ThreadPoolExecutor.runWorker(ThreadPoolExecutor.java:1134)&#10;        at java.util.concurrent.ThreadPoolExecutor$Worker.run(ThreadPoolExecutor.java:624)&#10;        at java.lang.Thread.run(Thread.java:748)&#10;&#10;" type="java.util.concurrent.TimeoutException">java.util.concurrent.TimeoutException: 
Timed out waiting for condition. Thread diagnostics:
Timestamp: 2019-10-17 02:15:26,191

"pool-246-thread-54"  prio=5 tid=2691 in Object.wait()
java.lang.Thread.State: WAITING (on object monitor)
        at sun.misc.Unsafe.park(Native Method)
        at java.util.concurrent.locks.LockSupport.park(LockSupport.java:175)
        at java.util.concurrent.locks.AbstractQueuedSynchronizer$ConditionObject.await(AbstractQueuedSynchronizer.java:2039)
        at java.util.concurrent.ArrayBlockingQueue.take(ArrayBlockingQueue.java:403)
        at java.util.concurrent.ThreadPoolExecutor.getTask(ThreadPoolExecutor.java:1074)
        at java.util.concurrent.ThreadPoolExecutor.runWorker(ThreadPoolExecutor.java:1134)
        at java.util.concurrent.ThreadPoolExecutor$Worker.run(ThreadPoolExecutor.java:624)
        at java.lang.Thread.run(Thread.java:748)
"pool-226-thread-49"  prio=5 tid=2561 in Object.wait()
java.lang.Thread.State: WAITING (on object monitor)
        at sun.misc.Unsafe.park(Native Method)
        at java.util.concurrent.locks.LockSupport.park(LockSupport.java:175)
        at java.util.concurrent.locks.AbstractQueuedSynchronizer$ConditionObject.await(AbstractQueuedSynchronizer.java:2039)
        at java.util.concurrent.ArrayBlockingQueue.take(ArrayBlockingQueue.java:403)
        at java.util.concurrent.ThreadPoolExecutor.getTask(ThreadPoolExecutor.java:1074)
        at java.util.concurrent.ThreadPoolExecutor.runWorker(ThreadPoolExecutor.java:1134)
        at java.util.concurrent.ThreadPoolExecutor$Worker.run(ThreadPoolExecutor.java:624)
        at java.lang.Thread.run(Thread.java:748)
"pool-246-thread-46"  prio=5 tid=2683 in Object.wait()
java.lang.Thread.State: WAITING (on object monitor)
        at sun.misc.Unsafe.park(Native Method)
        at java.util.concurrent.locks.LockSupport.park(LockSupport.java:175)
        at java.util.concurrent.locks.AbstractQueuedSynchronizer$ConditionObject.await(AbstractQueuedSynchronizer.java:2039)
        at java.util.concurrent.ArrayBlockingQueue.take(ArrayBlockingQueue.java:403)
        at java.util.concurrent.ThreadPoolExecutor.getTask(ThreadPoolExecutor.java:1074)
        at java.util.concurrent.ThreadPoolExecutor.runWorker(ThreadPoolExecutor.java:1134)
        at java.util.concurrent.ThreadPoolExecutor$Worker.run(ThreadPoolExecutor.java:624)
        at java.lang.Thread.run(Thread.java:748)
"pool-236-thread-18"  prio=5 tid=2593 in Object.wait()
java.lang.Thread.State: WAITING (on object monitor)
        at sun.misc.Unsafe.park(Native Method)
        at java.util.concurrent.locks.LockSupport.park(LockSupport.java:175)
        at java.util.concurrent.locks.AbstractQueuedSynchronizer$ConditionObject.await(AbstractQueuedSynchronizer.java:2039)
        at java.util.concurrent.ArrayBlockingQueue.take(ArrayBlockingQueue.java:403)
        at java.util.concurrent.ThreadPoolExecutor.getTask(ThreadPoolExecutor.java:1074)
        at java.util.concurrent.ThreadPoolExecutor.runWorker(ThreadPoolExecutor.java:1134)
        at java.util.concurrent.ThreadPoolExecutor$Worker.run(ThreadPoolExecutor.java:624)
        at java.lang.Thread.run(Thread.java:748)
"org.eclipse.jetty.server.session.HashSessionManager@7f97bc14Timer" daemon prio=5 tid=2384 timed_waiting
java.lang.Thread.State: TIMED_WAITING
        at sun.misc.Unsafe.park(Native Method)
        at java.util.concurrent.locks.LockSupport.parkNanos(LockSupport.java:215)
        at java.util.concurrent.locks.AbstractQueuedSynchronizer$ConditionObject.awaitNanos(AbstractQueuedSynchronizer.java:2078)
        at java.util.concurrent.ScheduledThreadPoolExecutor$DelayedWorkQueue.take(ScheduledThreadPoolExecutor.java:1093)
        at java.util.concurrent.ScheduledThreadPoolExecutor$DelayedWorkQueue.take(ScheduledThreadPoolExecutor.java:809)
        at java.util.concurrent.ThreadPoolExecutor.getTask(ThreadPoolExecutor.java:1074)
        at java.util.concurrent.ThreadPoolExecutor.runWorker(ThreadPoolExecutor.java:1134)
        at java.util.concurrent.ThreadPoolExecutor$Worker.run(ThreadPoolExecutor.java:624)
        at java.lang.Thread.run(Thread.java:748)
"pool-246-thread-50"  prio=5 tid=2687 in Object.wait()
java.lang.Thread.State: WAITING (on object monitor)
        at sun.misc.Unsafe.park(Native Method)
        at java.util.concurrent.locks.LockSupport.park(LockSupport.java:175)
        at java.util.concurrent.locks.AbstractQueuedSynchronizer$ConditionObject.await(AbstractQueuedSynchronizer.java:2039)
        at java.util.concurrent.ArrayBlockingQueue.take(ArrayBlockingQueue.java:403)
        at java.util.concurrent.ThreadPoolExecutor.getTask(ThreadPoolExecutor.java:1074)
        at java.util.concurrent.ThreadPoolExecutor.runWorker(ThreadPoolExecutor.java:1134)
        at java.util.concurrent.ThreadPoolExecutor$Worker.run(ThreadPoolExecutor.java:624)
        at java.lang.Thread.run(Thread.java:748)
"PartialTableCache Cleanup Thread - 0" daemon prio=5 tid=1774 in Object.wait()
java.lang.Thread.State: WAITING (on object monitor)
        at sun.misc.Unsafe.park(Native Method)
        at java.util.concurrent.locks.LockSupport.park(LockSupport.java:175)
        at java.util.concurrent.locks.AbstractQueuedSynchronizer$ConditionObject.await(AbstractQueuedSynchronizer.java:2039)
        at java.util.concurrent.LinkedBlockingQueue.take(LinkedBlockingQueue.java:442)
        at java.util.concurrent.ThreadPoolExecutor.getTask(ThreadPoolExecutor.java:1074)
        at java.util.concurrent.ThreadPoolExecutor.runWorker(ThreadPoolExecutor.java:1134)
        at java.util.concurrent.ThreadPoolExecutor$Worker.run(ThreadPoolExecutor.java:624)
        at java.lang.Thread.run(Thread.java:748)
"grpc-default-worker-ELG-11-3" daemon prio=5 tid=2712 runnable
java.lang.Thread.State: RUNNABLE
        at sun.nio.ch.EPollArrayWrapper.epollWait(Native Method)
        at sun.nio.ch.EPollArrayWrapper.poll(EPollArrayWrapper.java:269)
        at sun.nio.ch.EPollSelectorImpl.doSelect(EPollSelectorImpl.java:93)
        at sun.nio.ch.SelectorImpl.lockAndDoSelect(SelectorImpl.java:86)
        at sun.nio.ch.SelectorImpl.select(SelectorImpl.java:97)
        at org.apache.ratis.thirdparty.io.netty.channel.nio.SelectedSelectionKeySetSelector.select(SelectedSelectionKeySetSelector.java:62)
        at org.apache.ratis.thirdparty.io.netty.channel.nio.NioEventLoop.select(NioEventLoop.java:753)
        at org.apache.ratis.thirdparty.io.netty.channel.nio.NioEventLoop.run(NioEventLoop.java:408)
        at org.apache.ratis.thirdparty.io.netty.util.concurrent.SingleThreadEventExecutor$5.run(SingleThreadEventExecutor.java:897)
        at org.apache.ratis.thirdparty.io.netty.util.concurrent.FastThreadLocalRunnable.run(FastThreadLocalRunnable.java:30)
        at java.lang.Thread.run(Thread.java:748)
"3aea292b-16fb-4e9b-be90-828afa8e8047@group-896385CD49EE-SegmentedRaftLogWorker"  prio=5 tid=2925 timed_waiting
java.lang.Thread.State: TIMED_WAITING
        at sun.misc.Unsafe.park(Native Method)
        at java.util.concurrent.locks.LockSupport.parkNanos(LockSupport.java:215)
        at java.util.concurrent.locks.AbstractQueuedSynchronizer$ConditionObject.awaitNanos(AbstractQueuedSynchronizer.java:2078)
        at org.apache.ratis.util.DataBlockingQueue.poll(DataBlockingQueue.java:137)
        at org.apache.ratis.server.raftlog.segmented.SegmentedRaftLogWorker.run(SegmentedRaftLogWorker.java:282)
        at java.lang.Thread.run(Thread.java:748)
"qtp2322399-2378" daemon prio=5 tid=2378 timed_waiting
java.lang.Thread.State: TIMED_WAITING
        at sun.misc.Unsafe.park(Native Method)
        at java.util.concurrent.locks.LockSupport.parkNanos(LockSupport.java:215)
        at java.util.concurrent.locks.AbstractQueuedSynchronizer$ConditionObject.awaitNanos(AbstractQueuedSynchronizer.java:2078)
        at org.eclipse.jetty.util.BlockingArrayQueue.poll(BlockingArrayQueue.java:392)
        at org.eclipse.jetty.util.thread.QueuedThreadPool.idleJobPoll(QueuedThreadPool.java:563)
        at org.eclipse.jetty.util.thread.QueuedThreadPool.access$800(QueuedThreadPool.java:48)
        at org.eclipse.jetty.util.thread.QueuedThreadPool$2.run(QueuedThreadPool.java:626)
        at java.lang.Thread.run(Thread.java:748)
"metrics-hadoop-metrics2-reporter-5-thread-1" daemon prio=5 tid=448 timed_waiting
java.lang.Thread.State: TIMED_WAITING
        at sun.misc.Unsafe.park(Native Method)
        at java.util.concurrent.locks.LockSupport.parkNanos(LockSupport.java:215)
        at java.util.concurrent.locks.AbstractQueuedSynchronizer$ConditionObject.awaitNanos(AbstractQueuedSynchronizer.java:2078)
        at java.util.concurrent.ScheduledThreadPoolExecutor$DelayedWorkQueue.take(ScheduledThreadPoolExecutor.java:1093)
        at java.util.concurrent.ScheduledThreadPoolExecutor$DelayedWorkQueue.take(ScheduledThreadPoolExecutor.java:809)
        at java.util.concurrent.ThreadPoolExecutor.getTask(ThreadPoolExecutor.java:1074)
        at java.util.concurrent.ThreadPoolExecutor.runWorker(ThreadPoolExecutor.java:1134)
        at java.util.concurrent.ThreadPoolExecutor$Worker.run(ThreadPoolExecutor.java:624)
        at java.lang.Thread.run(Thread.java:748)
"IPC Server handler 7 on 35795" daemon prio=5 tid=2342 timed_waiting
java.lang.Thread.State: TIMED_WAITING
        at sun.misc.Unsafe.park(Native Method)
        at java.util.concurrent.locks.LockSupport.parkNanos(LockSupport.java:215)
        at java.util.concurrent.locks.AbstractQueuedSynchronizer$ConditionObject.awaitNanos(AbstractQueuedSynchronizer.java:2078)
        at java.util.concurrent.LinkedBlockingQueue.poll(LinkedBlockingQueue.java:467)
        at org.apache.hadoop.ipc.CallQueueManager.take(CallQueueManager.java:288)
        at org.apache.hadoop.ipc.Server$Handler.run(Server.java:2668)
"pool-246-thread-3"  prio=5 tid=2640 in Object.wait()
java.lang.Thread.State: WAITING (on object monitor)
        at sun.misc.Unsafe.park(Native Method)
        at java.util.concurrent.locks.LockSupport.park(LockSupport.java:175)
        at java.util.concurrent.locks.AbstractQueuedSynchronizer$ConditionObject.await(AbstractQueuedSynchronizer.java:2039)
        at java.util.concurrent.ArrayBlockingQueue.take(ArrayBlockingQueue.java:403)
        at java.util.concurrent.ThreadPoolExecutor.getTask(ThreadPoolExecutor.java:1074)
        at java.util.concurrent.ThreadPoolExecutor.runWorker(ThreadPoolExecutor.java:1134)
        at java.util.concurrent.ThreadPoolExecutor$Worker.run(ThreadPoolExecutor.java:624)
        at java.lang.Thread.run(Thread.java:748)
"IPC Server handler 17 on 45250" daemon prio=5 tid=2416 timed_waiting
java.lang.Thread.State: TIMED_WAITING
        at sun.misc.Unsafe.park(Native Method)
        at java.util.concurrent.locks.LockSupport.parkNanos(LockSupport.java:215)
        at java.util.concurrent.locks.AbstractQueuedSynchronizer$ConditionObject.awaitNanos(AbstractQueuedSynchronizer.java:2078)
        at java.util.concurrent.LinkedBlockingQueue.poll(LinkedBlockingQueue.java:467)
        at org.apache.hadoop.ipc.CallQueueManager.take(CallQueueManager.java:288)
        at org.apache.hadoop.ipc.Server$Handler.run(Server.java:2668)
"Datanode ReportManager Thread - 0" daemon prio=5 tid=2451 in Object.wait()
java.lang.Thread.State: WAITING (on object monitor)
        at sun.misc.Unsafe.park(Native Method)
        at java.util.concurrent.locks.LockSupport.park(LockSupport.java:175)
        at java.util.concurrent.locks.AbstractQueuedSynchronizer$ConditionObject.await(AbstractQueuedSynchronizer.java:2039)
        at java.util.concurrent.ScheduledThreadPoolExecutor$DelayedWorkQueue.take(ScheduledThreadPoolExecutor.java:1088)
        at java.util.concurrent.ScheduledThreadPoolExecutor$DelayedWorkQueue.take(ScheduledThreadPoolExecutor.java:809)
        at java.util.concurrent.ThreadPoolExecutor.getTask(ThreadPoolExecutor.java:1074)
        at java.util.concurrent.ThreadPoolExecutor.runWorker(ThreadPoolExecutor.java:1134)
        at java.util.concurrent.ThreadPoolExecutor$Worker.run(ThreadPoolExecutor.java:624)
        at java.lang.Thread.run(Thread.java:748)
"IPC Server handler 8 on 38076" daemon prio=5 tid=2363 timed_waiting
java.lang.Thread.State: TIMED_WAITING
        at sun.misc.Unsafe.park(Native Method)
        at java.util.concurrent.locks.LockSupport.parkNanos(LockSupport.java:215)
        at java.util.concurrent.locks.AbstractQueuedSynchronizer$ConditionObject.awaitNanos(AbstractQueuedSynchronizer.java:2078)
        at java.util.concurrent.LinkedBlockingQueue.poll(LinkedBlockingQueue.java:467)
        at org.apache.hadoop.ipc.CallQueueManager.take(CallQueueManager.java:288)
        at org.apache.hadoop.ipc.Server$Handler.run(Server.java:2668)
"pool-226-thread-59"  prio=5 tid=2571 in Object.wait()
java.lang.Thread.State: WAITING (on object monitor)
        at sun.misc.Unsafe.park(Native Method)
        at java.util.concurrent.locks.LockSupport.park(LockSupport.java:175)
        at java.util.concurrent.locks.AbstractQueuedSynchronizer$ConditionObject.await(AbstractQueuedSynchronizer.java:2039)
        at java.util.concurrent.ArrayBlockingQueue.take(ArrayBlockingQueue.java:403)
        at java.util.concurrent.ThreadPoolExecutor.getTask(ThreadPoolExecutor.java:1074)
        at java.util.concurrent.ThreadPoolExecutor.runWorker(ThreadPoolExecutor.java:1134)
        at java.util.concurrent.ThreadPoolExecutor$Worker.run(ThreadPoolExecutor.java:624)
        at java.lang.Thread.run(Thread.java:748)
"pool-226-thread-7"  prio=5 tid=2519 in Object.wait()
java.lang.Thread.State: WAITING (on object monitor)
        at sun.misc.Unsafe.park(Native Method)
        at java.util.concurrent.locks.LockSupport.park(LockSupport.java:175)
        at java.util.concurrent.locks.AbstractQueuedSynchronizer$ConditionObject.await(AbstractQueuedSynchronizer.java:2039)
        at java.util.concurrent.ArrayBlockingQueue.take(ArrayBlockingQueue.java:403)
        at java.util.concurrent.ThreadPoolExecutor.getTask(ThreadPoolExecutor.java:1074)
        at java.util.concurrent.ThreadPoolExecutor.runWorker(ThreadPoolExecutor.java:1134)
        at java.util.concurrent.ThreadPoolExecutor$Worker.run(ThreadPoolExecutor.java:624)
        at java.lang.Thread.run(Thread.java:748)
"metrics-hadoop-metrics2-reporter-134-thread-1" daemon prio=5 tid=2781 timed_waiting
java.lang.Thread.State: TIMED_WAITING
        at sun.misc.Unsafe.park(Native Method)
        at java.util.concurrent.locks.LockSupport.parkNanos(LockSupport.java:215)
        at java.util.concurrent.locks.AbstractQueuedSynchronizer$ConditionObject.awaitNanos(AbstractQueuedSynchronizer.java:2078)
        at java.util.concurrent.ScheduledThreadPoolExecutor$DelayedWorkQueue.take(ScheduledThreadPoolExecutor.java:1093)
        at java.util.concurrent.ScheduledThreadPoolExecutor$DelayedWorkQueue.take(ScheduledThreadPoolExecutor.java:809)
        at java.util.concurrent.ThreadPoolExecutor.getTask(ThreadPoolExecutor.java:1074)
        at java.util.concurrent.ThreadPoolExecutor.runWorker(ThreadPoolExecutor.java:1134)
        at java.util.concurrent.ThreadPoolExecutor$Worker.run(ThreadPoolExecutor.java:624)
        at java.lang.Thread.run(Thread.java:748)
"IPC Server handler 16 on 45250" daemon prio=5 tid=2415 timed_waiting
java.lang.Thread.State: TIMED_WAITING
        at sun.misc.Unsafe.park(Native Method)
        at java.util.concurrent.locks.LockSupport.parkNanos(LockSupport.java:215)
        at java.util.concurrent.locks.AbstractQueuedSynchronizer$ConditionObject.awaitNanos(AbstractQueuedSynchronizer.java:2078)
        at java.util.concurrent.LinkedBlockingQueue.poll(LinkedBlockingQueue.java:467)
        at org.apache.hadoop.ipc.CallQueueManager.take(CallQueueManager.java:288)
        at org.apache.hadoop.ipc.Server$Handler.run(Server.java:2668)
"IPC Server handler 4 on 35795" daemon prio=5 tid=2339 timed_waiting
java.lang.Thread.State: TIMED_WAITING
        at sun.misc.Unsafe.park(Native Method)
        at java.util.concurrent.locks.LockSupport.parkNanos(LockSupport.java:215)
        at java.util.concurrent.locks.AbstractQueuedSynchronizer$ConditionObject.awaitNanos(AbstractQueuedSynchronizer.java:2078)
        at java.util.concurrent.LinkedBlockingQueue.poll(LinkedBlockingQueue.java:467)
        at org.apache.hadoop.ipc.CallQueueManager.take(CallQueueManager.java:288)
        at org.apache.hadoop.ipc.Server$Handler.run(Server.java:2668)
"Thread-1287" daemon prio=5 tid=2771 timed_waiting
java.lang.Thread.State: TIMED_WAITING
        at sun.misc.Unsafe.park(Native Method)
        at java.util.concurrent.locks.LockSupport.parkNanos(LockSupport.java:215)
        at java.util.concurrent.locks.AbstractQueuedSynchronizer$ConditionObject.awaitNanos(AbstractQueuedSynchronizer.java:2078)
        at java.util.concurrent.ArrayBlockingQueue.poll(ArrayBlockingQueue.java:418)
        at org.apache.ratis.server.impl.LeaderState$EventQueue.poll(LeaderState.java:115)
        at org.apache.ratis.server.impl.LeaderState$EventProcessor.run(LeaderState.java:467)
"pool-226-thread-13"  prio=5 tid=2525 in Object.wait()
java.lang.Thread.State: WAITING (on object monitor)
        at sun.misc.Unsafe.park(Native Method)
        at java.util.concurrent.locks.LockSupport.park(LockSupport.java:175)
        at java.util.concurrent.locks.AbstractQueuedSynchronizer$ConditionObject.await(AbstractQueuedSynchronizer.java:2039)
        at java.util.concurrent.ArrayBlockingQueue.take(ArrayBlockingQueue.java:403)
        at java.util.concurrent.ThreadPoolExecutor.getTask(ThreadPoolExecutor.java:1074)
        at java.util.concurrent.ThreadPoolExecutor.runWorker(ThreadPoolExecutor.java:1134)
        at java.util.concurrent.ThreadPoolExecutor$Worker.run(ThreadPoolExecutor.java:624)
        at java.lang.Thread.run(Thread.java:748)
"pool-226-thread-10"  prio=5 tid=2522 in Object.wait()
java.lang.Thread.State: WAITING (on object monitor)
        at sun.misc.Unsafe.park(Native Method)
        at java.util.concurrent.locks.LockSupport.park(LockSupport.java:175)
        at java.util.concurrent.locks.AbstractQueuedSynchronizer$ConditionObject.await(AbstractQueuedSynchronizer.java:2039)
        at java.util.concurrent.ArrayBlockingQueue.take(ArrayBlockingQueue.java:403)
        at java.util.concurrent.ThreadPoolExecutor.getTask(ThreadPoolExecutor.java:1074)
        at java.util.concurrent.ThreadPoolExecutor.runWorker(ThreadPoolExecutor.java:1134)
        at java.util.concurrent.ThreadPoolExecutor$Worker.run(ThreadPoolExecutor.java:624)
        at java.lang.Thread.run(Thread.java:748)
"pool-236-thread-26"  prio=5 tid=2601 in Object.wait()
java.lang.Thread.State: WAITING (on object monitor)
        at sun.misc.Unsafe.park(Native Method)
        at java.util.concurrent.locks.LockSupport.park(LockSupport.java:175)
        at java.util.concurrent.locks.AbstractQueuedSynchronizer$ConditionObject.await(AbstractQueuedSynchronizer.java:2039)
        at java.util.concurrent.ArrayBlockingQueue.take(ArrayBlockingQueue.java:403)
        at java.util.concurrent.ThreadPoolExecutor.getTask(ThreadPoolExecutor.java:1074)
        at java.util.concurrent.ThreadPoolExecutor.runWorker(ThreadPoolExecutor.java:1134)
        at java.util.concurrent.ThreadPoolExecutor$Worker.run(ThreadPoolExecutor.java:624)
        at java.lang.Thread.run(Thread.java:748)
"Datanode ReportManager Thread - 2" daemon prio=5 tid=2480 timed_waiting
java.lang.Thread.State: TIMED_WAITING
        at sun.misc.Unsafe.park(Native Method)
        at java.util.concurrent.locks.LockSupport.parkNanos(LockSupport.java:215)
        at java.util.concurrent.locks.AbstractQueuedSynchronizer$ConditionObject.awaitNanos(AbstractQueuedSynchronizer.java:2078)
        at java.util.concurrent.ScheduledThreadPoolExecutor$DelayedWorkQueue.take(ScheduledThreadPoolExecutor.java:1093)
        at java.util.concurrent.ScheduledThreadPoolExecutor$DelayedWorkQueue.take(ScheduledThreadPoolExecutor.java:809)
        at java.util.concurrent.ThreadPoolExecutor.getTask(ThreadPoolExecutor.java:1074)
        at java.util.concurrent.ThreadPoolExecutor.runWorker(ThreadPoolExecutor.java:1134)
        at java.util.concurrent.ThreadPoolExecutor$Worker.run(ThreadPoolExecutor.java:624)
        at java.lang.Thread.run(Thread.java:748)
"metrics-hadoop-metrics2-reporter-44-thread-1" daemon prio=5 tid=1031 timed_waiting
java.lang.Thread.State: TIMED_WAITING
        at sun.misc.Unsafe.park(Native Method)
        at java.util.concurrent.locks.LockSupport.parkNanos(LockSupport.java:215)
        at java.util.concurrent.locks.AbstractQueuedSynchronizer$ConditionObject.awaitNanos(AbstractQueuedSynchronizer.java:2078)
        at java.util.concurrent.ScheduledThreadPoolExecutor$DelayedWorkQueue.take(ScheduledThreadPoolExecutor.java:1093)
        at java.util.concurrent.ScheduledThreadPoolExecutor$DelayedWorkQueue.take(ScheduledThreadPoolExecutor.java:809)
        at java.util.concurrent.ThreadPoolExecutor.getTask(ThreadPoolExecutor.java:1074)
        at java.util.concurrent.ThreadPoolExecutor.runWorker(ThreadPoolExecutor.java:1134)
        at java.util.concurrent.ThreadPoolExecutor$Worker.run(ThreadPoolExecutor.java:624)
        at java.lang.Thread.run(Thread.java:748)
"metrics-hadoop-metrics2-reporter-70-thread-1" daemon prio=5 tid=1687 timed_waiting
java.lang.Thread.State: TIMED_WAITING
        at sun.misc.Unsafe.park(Native Method)
        at java.util.concurrent.locks.LockSupport.parkNanos(LockSupport.java:215)
        at java.util.concurrent.locks.AbstractQueuedSynchronizer$ConditionObject.awaitNanos(AbstractQueuedSynchronizer.java:2078)
        at java.util.concurrent.ScheduledThreadPoolExecutor$DelayedWorkQueue.take(ScheduledThreadPoolExecutor.java:1093)
        at java.util.concurrent.ScheduledThreadPoolExecutor$DelayedWorkQueue.take(ScheduledThreadPoolExecutor.java:809)
        at java.util.concurrent.ThreadPoolExecutor.getTask(ThreadPoolExecutor.java:1074)
        at java.util.concurrent.ThreadPoolExecutor.runWorker(ThreadPoolExecutor.java:1134)
        at java.util.concurrent.ThreadPoolExecutor$Worker.run(ThreadPoolExecutor.java:624)
        at java.lang.Thread.run(Thread.java:748)
"Datanode ReportManager Thread - 3" daemon prio=5 tid=1458 timed_waiting
java.lang.Thread.State: TIMED_WAITING
        at sun.misc.Unsafe.park(Native Method)
        at java.util.concurrent.locks.LockSupport.parkNanos(LockSupport.java:215)
        at java.util.concurrent.locks.AbstractQueuedSynchronizer$ConditionObject.awaitNanos(AbstractQueuedSynchronizer.java:2078)
        at java.util.concurrent.ScheduledThreadPoolExecutor$DelayedWorkQueue.take(ScheduledThreadPoolExecutor.java:1093)
        at java.util.concurrent.ScheduledThreadPoolExecutor$DelayedWorkQueue.take(ScheduledThreadPoolExecutor.java:809)
        at java.util.concurrent.ThreadPoolExecutor.getTask(ThreadPoolExecutor.java:1074)
        at java.util.concurrent.ThreadPoolExecutor.runWorker(ThreadPoolExecutor.java:1134)
        at java.util.concurrent.ThreadPoolExecutor$Worker.run(ThreadPoolExecutor.java:624)
        at java.lang.Thread.run(Thread.java:748)
"pool-236-thread-10"  prio=5 tid=2585 in Object.wait()
java.lang.Thread.State: WAITING (on object monitor)
        at sun.misc.Unsafe.park(Native Method)
        at java.util.concurrent.locks.LockSupport.park(LockSupport.java:175)
        at java.util.concurrent.locks.AbstractQueuedSynchronizer$ConditionObject.await(AbstractQueuedSynchronizer.java:2039)
        at java.util.concurrent.ArrayBlockingQueue.take(ArrayBlockingQueue.java:403)
        at java.util.concurrent.ThreadPoolExecutor.getTask(ThreadPoolExecutor.java:1074)
        at java.util.concurrent.ThreadPoolExecutor.runWorker(ThreadPoolExecutor.java:1134)
        at java.util.concurrent.ThreadPoolExecutor$Worker.run(ThreadPoolExecutor.java:624)
        at java.lang.Thread.run(Thread.java:748)
"metrics-hadoop-metrics2-reporter-102-thread-1" daemon prio=5 tid=2238 timed_waiting
java.lang.Thread.State: TIMED_WAITING
        at sun.misc.Unsafe.park(Native Method)
        at java.util.concurrent.locks.LockSupport.parkNanos(LockSupport.java:215)
        at java.util.concurrent.locks.AbstractQueuedSynchronizer$ConditionObject.awaitNanos(AbstractQueuedSynchronizer.java:2078)
        at java.util.concurrent.ScheduledThreadPoolExecutor$DelayedWorkQueue.take(ScheduledThreadPoolExecutor.java:1093)
        at java.util.concurrent.ScheduledThreadPoolExecutor$DelayedWorkQueue.take(ScheduledThreadPoolExecutor.java:809)
        at java.util.concurrent.ThreadPoolExecutor.getTask(ThreadPoolExecutor.java:1074)
        at java.util.concurrent.ThreadPoolExecutor.runWorker(ThreadPoolExecutor.java:1134)
        at java.util.concurrent.ThreadPoolExecutor$Worker.run(ThreadPoolExecutor.java:624)
        at java.lang.Thread.run(Thread.java:748)
"IPC Server handler 2 on 45250" daemon prio=5 tid=2401 timed_waiting
java.lang.Thread.State: TIMED_WAITING
        at sun.misc.Unsafe.park(Native Method)
        at java.util.concurrent.locks.LockSupport.parkNanos(LockSupport.java:215)
        at java.util.concurrent.locks.AbstractQueuedSynchronizer$ConditionObject.awaitNanos(AbstractQueuedSynchronizer.java:2078)
        at java.util.concurrent.LinkedBlockingQueue.poll(LinkedBlockingQueue.java:467)
        at org.apache.hadoop.ipc.CallQueueManager.take(CallQueueManager.java:288)
        at org.apache.hadoop.ipc.Server$Handler.run(Server.java:2668)
"pool-226-thread-57"  prio=5 tid=2569 in Object.wait()
java.lang.Thread.State: WAITING (on object monitor)
        at sun.misc.Unsafe.park(Native Method)
        at java.util.concurrent.locks.LockSupport.park(LockSupport.java:175)
        at java.util.concurrent.locks.AbstractQueuedSynchronizer$ConditionObject.await(AbstractQueuedSynchronizer.java:2039)
        at java.util.concurrent.ArrayBlockingQueue.take(ArrayBlockingQueue.java:403)
        at java.util.concurrent.ThreadPoolExecutor.getTask(ThreadPoolExecutor.java:1074)
        at java.util.concurrent.ThreadPoolExecutor.runWorker(ThreadPoolExecutor.java:1134)
        at java.util.concurrent.ThreadPoolExecutor$Worker.run(ThreadPoolExecutor.java:624)
        at java.lang.Thread.run(Thread.java:748)
"IPC Server listener on 35795" daemon prio=5 tid=2304 runnable
java.lang.Thread.State: RUNNABLE
        at sun.nio.ch.EPollArrayWrapper.epollWait(Native Method)
        at sun.nio.ch.EPollArrayWrapper.poll(EPollArrayWrapper.java:269)
        at sun.nio.ch.EPollSelectorImpl.doSelect(EPollSelectorImpl.java:93)
        at sun.nio.ch.SelectorImpl.lockAndDoSelect(SelectorImpl.java:86)
        at sun.nio.ch.SelectorImpl.select(SelectorImpl.java:97)
        at sun.nio.ch.SelectorImpl.select(SelectorImpl.java:101)
        at org.apache.hadoop.ipc.Server$Listener.run(Server.java:1159)
"PartialTableCache Cleanup Thread - 0" daemon prio=5 tid=1232 in Object.wait()
java.lang.Thread.State: WAITING (on object monitor)
        at sun.misc.Unsafe.park(Native Method)
        at java.util.concurrent.locks.LockSupport.park(LockSupport.java:175)
        at java.util.concurrent.locks.AbstractQueuedSynchronizer$ConditionObject.await(AbstractQueuedSynchronizer.java:2039)
        at java.util.concurrent.LinkedBlockingQueue.take(LinkedBlockingQueue.java:442)
        at java.util.concurrent.ThreadPoolExecutor.getTask(ThreadPoolExecutor.java:1074)
        at java.util.concurrent.ThreadPoolExecutor.runWorker(ThreadPoolExecutor.java:1134)
        at java.util.concurrent.ThreadPoolExecutor$Worker.run(ThreadPoolExecutor.java:624)
        at java.lang.Thread.run(Thread.java:748)
"qtp2000429588-2467-acceptor-0@59fa85b2-ServerConnector@cbd40c1{HTTP/1.1,[http/1.1]}{0.0.0.0:35085}" daemon prio=3 tid=2467 runnable
java.lang.Thread.State: RUNNABLE
        at sun.nio.ch.ServerSocketChannelImpl.accept0(Native Method)
        at sun.nio.ch.ServerSocketChannelImpl.accept(ServerSocketChannelImpl.java:422)
        at sun.nio.ch.ServerSocketChannelImpl.accept(ServerSocketChannelImpl.java:250)
        at org.eclipse.jetty.server.ServerConnector.accept(ServerConnector.java:397)
        at org.eclipse.jetty.server.AbstractConnector$Acceptor.run(AbstractConnector.java:601)
        at org.eclipse.jetty.util.thread.QueuedThreadPool.runJob(QueuedThreadPool.java:671)
        at org.eclipse.jetty.util.thread.QueuedThreadPool$2.run(QueuedThreadPool.java:589)
        at java.lang.Thread.run(Thread.java:748)
"metrics-hadoop-metrics2-reporter-3-thread-1" daemon prio=5 tid=440 timed_waiting
java.lang.Thread.State: TIMED_WAITING
        at sun.misc.Unsafe.park(Native Method)
        at java.util.concurrent.locks.LockSupport.parkNanos(LockSupport.java:215)
        at java.util.concurrent.locks.AbstractQueuedSynchronizer$ConditionObject.awaitNanos(AbstractQueuedSynchronizer.java:2078)
        at java.util.concurrent.ScheduledThreadPoolExecutor$DelayedWorkQueue.take(ScheduledThreadPoolExecutor.java:1093)
        at java.util.concurrent.ScheduledThreadPoolExecutor$DelayedWorkQueue.take(ScheduledThreadPoolExecutor.java:809)
        at java.util.concurrent.ThreadPoolExecutor.getTask(ThreadPoolExecutor.java:1074)
        at java.util.concurrent.ThreadPoolExecutor.runWorker(ThreadPoolExecutor.java:1134)
        at java.util.concurrent.ThreadPoolExecutor$Worker.run(ThreadPoolExecutor.java:624)
        at java.lang.Thread.run(Thread.java:748)
"Datanode State Machine Thread - 0" daemon prio=5 tid=2504 timed_waiting
java.lang.Thread.State: TIMED_WAITING
        at java.lang.Thread.sleep(Native Method)
        at org.apache.hadoop.ozone.container.common.statemachine.DatanodeStateMachine.start(DatanodeStateMachine.java:191)
        at org.apache.hadoop.ozone.container.common.statemachine.DatanodeStateMachine.lambda$startDaemon$0(DatanodeStateMachine.java:349)
        at org.apache.hadoop.ozone.container.common.statemachine.DatanodeStateMachine$$Lambda$140/1407713529.run(Unknown Source)
        at java.lang.Thread.run(Thread.java:748)
"Periodic HDDS volume checker"  prio=5 tid=2459 timed_waiting
java.lang.Thread.State: TIMED_WAITING
        at sun.misc.Unsafe.park(Native Method)
        at java.util.concurrent.locks.LockSupport.parkNanos(LockSupport.java:215)
        at java.util.concurrent.locks.AbstractQueuedSynchronizer$ConditionObject.awaitNanos(AbstractQueuedSynchronizer.java:2078)
        at java.util.concurrent.ScheduledThreadPoolExecutor$DelayedWorkQueue.take(ScheduledThreadPoolExecutor.java:1093)
        at java.util.concurrent.ScheduledThreadPoolExecutor$DelayedWorkQueue.take(ScheduledThreadPoolExecutor.java:809)
        at java.util.concurrent.ThreadPoolExecutor.getTask(ThreadPoolExecutor.java:1074)
        at java.util.concurrent.ThreadPoolExecutor.runWorker(ThreadPoolExecutor.java:1134)
        at java.util.concurrent.ThreadPoolExecutor$Worker.run(ThreadPoolExecutor.java:624)
        at java.lang.Thread.run(Thread.java:748)
"metrics-hadoop-metrics2-reporter-136-thread-1" daemon prio=5 tid=2928 timed_waiting
java.lang.Thread.State: TIMED_WAITING
        at sun.misc.Unsafe.park(Native Method)
        at java.util.concurrent.locks.LockSupport.parkNanos(LockSupport.java:215)
        at java.util.concurrent.locks.AbstractQueuedSynchronizer$ConditionObject.awaitNanos(AbstractQueuedSynchronizer.java:2078)
        at java.util.concurrent.ScheduledThreadPoolExecutor$DelayedWorkQueue.take(ScheduledThreadPoolExecutor.java:1093)
        at java.util.concurrent.ScheduledThreadPoolExecutor$DelayedWorkQueue.take(ScheduledThreadPoolExecutor.java:809)
        at java.util.concurrent.ThreadPoolExecutor.getTask(ThreadPoolExecutor.java:1074)
        at java.util.concurrent.ThreadPoolExecutor.runWorker(ThreadPoolExecutor.java:1134)
        at java.util.concurrent.ThreadPoolExecutor$Worker.run(ThreadPoolExecutor.java:624)
        at java.lang.Thread.run(Thread.java:748)
"pool-246-thread-4"  prio=5 tid=2641 in Object.wait()
java.lang.Thread.State: WAITING (on object monitor)
        at sun.misc.Unsafe.park(Native Method)
        at java.util.concurrent.locks.LockSupport.park(LockSupport.java:175)
        at java.util.concurrent.locks.AbstractQueuedSynchronizer$ConditionObject.await(AbstractQueuedSynchronizer.java:2039)
        at java.util.concurrent.ArrayBlockingQueue.take(ArrayBlockingQueue.java:403)
        at java.util.concurrent.ThreadPoolExecutor.getTask(ThreadPoolExecutor.java:1074)
        at java.util.concurrent.ThreadPoolExecutor.runWorker(ThreadPoolExecutor.java:1134)
        at java.util.concurrent.ThreadPoolExecutor$Worker.run(ThreadPoolExecutor.java:624)
        at java.lang.Thread.run(Thread.java:748)
"pool-226-thread-37"  prio=5 tid=2549 in Object.wait()
java.lang.Thread.State: WAITING (on object monitor)
        at sun.misc.Unsafe.park(Native Method)
        at java.util.concurrent.locks.LockSupport.park(LockSupport.java:175)
        at java.util.concurrent.locks.AbstractQueuedSynchronizer$ConditionObject.await(AbstractQueuedSynchronizer.java:2039)
        at java.util.concurrent.ArrayBlockingQueue.take(ArrayBlockingQueue.java:403)
        at java.util.concurrent.ThreadPoolExecutor.getTask(ThreadPoolExecutor.java:1074)
        at java.util.concurrent.ThreadPoolExecutor.runWorker(ThreadPoolExecutor.java:1134)
        at java.util.concurrent.ThreadPoolExecutor$Worker.run(ThreadPoolExecutor.java:624)
        at java.lang.Thread.run(Thread.java:748)
"pool-246-thread-10"  prio=5 tid=2647 in Object.wait()
java.lang.Thread.State: WAITING (on object monitor)
        at sun.misc.Unsafe.park(Native Method)
        at java.util.concurrent.locks.LockSupport.park(LockSupport.java:175)
        at java.util.concurrent.locks.AbstractQueuedSynchronizer$ConditionObject.await(AbstractQueuedSynchronizer.java:2039)
        at java.util.concurrent.ArrayBlockingQueue.take(ArrayBlockingQueue.java:403)
        at java.util.concurrent.ThreadPoolExecutor.getTask(ThreadPoolExecutor.java:1074)
        at java.util.concurrent.ThreadPoolExecutor.runWorker(ThreadPoolExecutor.java:1134)
        at java.util.concurrent.ThreadPoolExecutor$Worker.run(ThreadPoolExecutor.java:624)
        at java.lang.Thread.run(Thread.java:748)
"IPC Server listener on 45250" daemon prio=5 tid=2391 runnable
java.lang.Thread.State: RUNNABLE
        at sun.nio.ch.EPollArrayWrapper.epollWait(Native Method)
        at sun.nio.ch.EPollArrayWrapper.poll(EPollArrayWrapper.java:269)
        at sun.nio.ch.EPollSelectorImpl.doSelect(EPollSelectorImpl.java:93)
        at sun.nio.ch.SelectorImpl.lockAndDoSelect(SelectorImpl.java:86)
        at sun.nio.ch.SelectorImpl.select(SelectorImpl.java:97)
        at sun.nio.ch.SelectorImpl.select(SelectorImpl.java:101)
        at org.apache.hadoop.ipc.Server$Listener.run(Server.java:1159)
"metrics-hadoop-metrics2-reporter-115-thread-1" daemon prio=5 tid=2721 timed_waiting
java.lang.Thread.State: TIMED_WAITING
        at sun.misc.Unsafe.park(Native Method)
        at java.util.concurrent.locks.LockSupport.parkNanos(LockSupport.java:215)
        at java.util.concurrent.locks.AbstractQueuedSynchronizer$ConditionObject.awaitNanos(AbstractQueuedSynchronizer.java:2078)
        at java.util.concurrent.ScheduledThreadPoolExecutor$DelayedWorkQueue.take(ScheduledThreadPoolExecutor.java:1093)
        at java.util.concurrent.ScheduledThreadPoolExecutor$DelayedWorkQueue.take(ScheduledThreadPoolExecutor.java:809)
        at java.util.concurrent.ThreadPoolExecutor.getTask(ThreadPoolExecutor.java:1074)
        at java.util.concurrent.ThreadPoolExecutor.runWorker(ThreadPoolExecutor.java:1134)
        at java.util.concurrent.ThreadPoolExecutor$Worker.run(ThreadPoolExecutor.java:624)
        at java.lang.Thread.run(Thread.java:748)
"Command processor thread" daemon prio=5 tid=2482 timed_waiting
java.lang.Thread.State: TIMED_WAITING
        at java.lang.Thread.sleep(Native Method)
        at org.apache.hadoop.ozone.container.common.statemachine.DatanodeStateMachine.lambda$initCommandHandlerThread$1(DatanodeStateMachine.java:439)
        at org.apache.hadoop.ozone.container.common.statemachine.DatanodeStateMachine$$Lambda$141/1871802100.run(Unknown Source)
        at java.lang.Thread.run(Thread.java:748)
"pool-236-thread-45"  prio=5 tid=2620 in Object.wait()
java.lang.Thread.State: WAITING (on object monitor)
        at sun.misc.Unsafe.park(Native Method)
        at java.util.concurrent.locks.LockSupport.park(LockSupport.java:175)
        at java.util.concurrent.locks.AbstractQueuedSynchronizer$ConditionObject.await(AbstractQueuedSynchronizer.java:2039)
        at java.util.concurrent.ArrayBlockingQueue.take(ArrayBlockingQueue.java:403)
        at java.util.concurrent.ThreadPoolExecutor.getTask(ThreadPoolExecutor.java:1074)
        at java.util.concurrent.ThreadPoolExecutor.runWorker(ThreadPoolExecutor.java:1134)
        at java.util.concurrent.ThreadPoolExecutor$Worker.run(ThreadPoolExecutor.java:624)
        at java.lang.Thread.run(Thread.java:748)
"metrics-hadoop-metrics2-reporter-120-thread-1" daemon prio=5 tid=2734 timed_waiting
java.lang.Thread.State: TIMED_WAITING
        at sun.misc.Unsafe.park(Native Method)
        at java.util.concurrent.locks.LockSupport.parkNanos(LockSupport.java:215)
        at java.util.concurrent.locks.AbstractQueuedSynchronizer$ConditionObject.awaitNanos(AbstractQueuedSynchronizer.java:2078)
        at java.util.concurrent.ScheduledThreadPoolExecutor$DelayedWorkQueue.take(ScheduledThreadPoolExecutor.java:1093)
        at java.util.concurrent.ScheduledThreadPoolExecutor$DelayedWorkQueue.take(ScheduledThreadPoolExecutor.java:809)
        at java.util.concurrent.ThreadPoolExecutor.getTask(ThreadPoolExecutor.java:1074)
        at java.util.concurrent.ThreadPoolExecutor.runWorker(ThreadPoolExecutor.java:1134)
        at java.util.concurrent.ThreadPoolExecutor$Worker.run(ThreadPoolExecutor.java:624)
        at java.lang.Thread.run(Thread.java:748)
"org.apache.hadoop.fs.FileSystem$Statistics$StatisticsDataReferenceCleaner" daemon prio=5 tid=559 in Object.wait()
java.lang.Thread.State: WAITING (on object monitor)
        at java.lang.Object.wait(Native Method)
        at java.lang.ref.ReferenceQueue.remove(ReferenceQueue.java:144)
        at java.lang.ref.ReferenceQueue.remove(ReferenceQueue.java:165)
        at org.apache.hadoop.fs.FileSystem$Statistics$StatisticsDataReferenceCleaner.run(FileSystem.java:3762)
        at java.lang.Thread.run(Thread.java:748)
"IPC Server Responder" daemon prio=5 tid=2311 runnable
java.lang.Thread.State: RUNNABLE
        at sun.nio.ch.EPollArrayWrapper.epollWait(Native Method)
        at sun.nio.ch.EPollArrayWrapper.poll(EPollArrayWrapper.java:269)
        at sun.nio.ch.EPollSelectorImpl.doSelect(EPollSelectorImpl.java:93)
        at sun.nio.ch.SelectorImpl.lockAndDoSelect(SelectorImpl.java:86)
        at sun.nio.ch.SelectorImpl.select(SelectorImpl.java:97)
        at org.apache.hadoop.ipc.Server$Responder.doRunLoop(Server.java:1334)
        at org.apache.hadoop.ipc.Server$Responder.run(Server.java:1317)
"PartialTableCache Cleanup Thread - 0" daemon prio=5 tid=1239 in Object.wait()
java.lang.Thread.State: WAITING (on object monitor)
        at sun.misc.Unsafe.park(Native Method)
        at java.util.concurrent.locks.LockSupport.park(LockSupport.java:175)
        at java.util.concurrent.locks.AbstractQueuedSynchronizer$ConditionObject.await(AbstractQueuedSynchronizer.java:2039)
        at java.util.concurrent.LinkedBlockingQueue.take(LinkedBlockingQueue.java:442)
        at java.util.concurrent.ThreadPoolExecutor.getTask(ThreadPoolExecutor.java:1074)
        at java.util.concurrent.ThreadPoolExecutor.runWorker(ThreadPoolExecutor.java:1134)
        at java.util.concurrent.ThreadPoolExecutor$Worker.run(ThreadPoolExecutor.java:624)
        at java.lang.Thread.run(Thread.java:748)
"qtp2322399-2382" daemon prio=5 tid=2382 timed_waiting
java.lang.Thread.State: TIMED_WAITING
        at sun.misc.Unsafe.park(Native Method)
        at java.util.concurrent.locks.LockSupport.parkNanos(LockSupport.java:215)
        at java.util.concurrent.locks.AbstractQueuedSynchronizer$ConditionObject.awaitNanos(AbstractQueuedSynchronizer.java:2078)
        at org.eclipse.jetty.util.BlockingArrayQueue.poll(BlockingArrayQueue.java:392)
        at org.eclipse.jetty.util.thread.QueuedThreadPool.idleJobPoll(QueuedThreadPool.java:563)
        at org.eclipse.jetty.util.thread.QueuedThreadPool.access$800(QueuedThreadPool.java:48)
        at org.eclipse.jetty.util.thread.QueuedThreadPool$2.run(QueuedThreadPool.java:626)
        at java.lang.Thread.run(Thread.java:748)
"metrics-hadoop-metrics2-reporter-73-thread-1" daemon prio=5 tid=1693 timed_waiting
java.lang.Thread.State: TIMED_WAITING
        at sun.misc.Unsafe.park(Native Method)
        at java.util.concurrent.locks.LockSupport.parkNanos(LockSupport.java:215)
        at java.util.concurrent.locks.AbstractQueuedSynchronizer$ConditionObject.awaitNanos(AbstractQueuedSynchronizer.java:2078)
        at java.util.concurrent.ScheduledThreadPoolExecutor$DelayedWorkQueue.take(ScheduledThreadPoolExecutor.java:1093)
        at java.util.concurrent.ScheduledThreadPoolExecutor$DelayedWorkQueue.take(ScheduledThreadPoolExecutor.java:809)
        at java.util.concurrent.ThreadPoolExecutor.getTask(ThreadPoolExecutor.java:1074)
        at java.util.concurrent.ThreadPoolExecutor.runWorker(ThreadPoolExecutor.java:1134)
        at java.util.concurrent.ThreadPoolExecutor$Worker.run(ThreadPoolExecutor.java:624)
        at java.lang.Thread.run(Thread.java:748)
"IPC Server handler 4 on 40756" daemon prio=5 tid=2319 timed_waiting
java.lang.Thread.State: TIMED_WAITING
        at sun.misc.Unsafe.park(Native Method)
        at java.util.concurrent.locks.LockSupport.parkNanos(LockSupport.java:215)
        at java.util.concurrent.locks.AbstractQueuedSynchronizer$ConditionObject.awaitNanos(AbstractQueuedSynchronizer.java:2078)
        at java.util.concurrent.LinkedBlockingQueue.poll(LinkedBlockingQueue.java:467)
        at org.apache.hadoop.ipc.CallQueueManager.take(CallQueueManager.java:288)
        at org.apache.hadoop.ipc.Server$Handler.run(Server.java:2668)
"Datanode ReportManager Thread - 2" daemon prio=5 tid=1990 in Object.wait()
java.lang.Thread.State: WAITING (on object monitor)
        at sun.misc.Unsafe.park(Native Method)
        at java.util.concurrent.locks.LockSupport.park(LockSupport.java:175)
        at java.util.concurrent.locks.AbstractQueuedSynchronizer$ConditionObject.await(AbstractQueuedSynchronizer.java:2039)
        at java.util.concurrent.ScheduledThreadPoolExecutor$DelayedWorkQueue.take(ScheduledThreadPoolExecutor.java:1088)
        at java.util.concurrent.ScheduledThreadPoolExecutor$DelayedWorkQueue.take(ScheduledThreadPoolExecutor.java:809)
        at java.util.concurrent.ThreadPoolExecutor.getTask(ThreadPoolExecutor.java:1074)
        at java.util.concurrent.ThreadPoolExecutor.runWorker(ThreadPoolExecutor.java:1134)
        at java.util.concurrent.ThreadPoolExecutor$Worker.run(ThreadPoolExecutor.java:624)
        at java.lang.Thread.run(Thread.java:748)
"pool-226-thread-18"  prio=5 tid=2530 in Object.wait()
java.lang.Thread.State: WAITING (on object monitor)
        at sun.misc.Unsafe.park(Native Method)
        at java.util.concurrent.locks.LockSupport.park(LockSupport.java:175)
        at java.util.concurrent.locks.AbstractQueuedSynchronizer$ConditionObject.await(AbstractQueuedSynchronizer.java:2039)
        at java.util.concurrent.ArrayBlockingQueue.take(ArrayBlockingQueue.java:403)
        at java.util.concurrent.ThreadPoolExecutor.getTask(ThreadPoolExecutor.java:1074)
        at java.util.concurrent.ThreadPoolExecutor.runWorker(ThreadPoolExecutor.java:1134)
        at java.util.concurrent.ThreadPoolExecutor$Worker.run(ThreadPoolExecutor.java:624)
        at java.lang.Thread.run(Thread.java:748)
"metrics-hadoop-metrics2-reporter-81-thread-1" daemon prio=5 tid=1721 timed_waiting
java.lang.Thread.State: TIMED_WAITING
        at sun.misc.Unsafe.park(Native Method)
        at java.util.concurrent.locks.LockSupport.parkNanos(LockSupport.java:215)
        at java.util.concurrent.locks.AbstractQueuedSynchronizer$ConditionObject.awaitNanos(AbstractQueuedSynchronizer.java:2078)
        at java.util.concurrent.ScheduledThreadPoolExecutor$DelayedWorkQueue.take(ScheduledThreadPoolExecutor.java:1093)
        at java.util.concurrent.ScheduledThreadPoolExecutor$DelayedWorkQueue.take(ScheduledThreadPoolExecutor.java:809)
        at java.util.concurrent.ThreadPoolExecutor.getTask(ThreadPoolExecutor.java:1074)
        at java.util.concurrent.ThreadPoolExecutor.runWorker(ThreadPoolExecutor.java:1134)
        at java.util.concurrent.ThreadPoolExecutor$Worker.run(ThreadPoolExecutor.java:624)
        at java.lang.Thread.run(Thread.java:748)
"metrics-hadoop-metrics2-reporter-61-thread-1" daemon prio=5 tid=1665 timed_waiting
java.lang.Thread.State: TIMED_WAITING
        at sun.misc.Unsafe.park(Native Method)
        at java.util.concurrent.locks.LockSupport.parkNanos(LockSupport.java:215)
        at java.util.concurrent.locks.AbstractQueuedSynchronizer$ConditionObject.awaitNanos(AbstractQueuedSynchronizer.java:2078)
        at java.util.concurrent.ScheduledThreadPoolExecutor$DelayedWorkQueue.take(ScheduledThreadPoolExecutor.java:1093)
        at java.util.concurrent.ScheduledThreadPoolExecutor$DelayedWorkQueue.take(ScheduledThreadPoolExecutor.java:809)
        at java.util.concurrent.ThreadPoolExecutor.getTask(ThreadPoolExecutor.java:1074)
        at java.util.concurrent.ThreadPoolExecutor.runWorker(ThreadPoolExecutor.java:1134)
        at java.util.concurrent.ThreadPoolExecutor$Worker.run(ThreadPoolExecutor.java:624)
        at java.lang.Thread.run(Thread.java:748)
"pool-236-thread-58"  prio=5 tid=2633 in Object.wait()
java.lang.Thread.State: WAITING (on object monitor)
        at sun.misc.Unsafe.park(Native Method)
        at java.util.concurrent.locks.LockSupport.park(LockSupport.java:175)
        at java.util.concurrent.locks.AbstractQueuedSynchronizer$ConditionObject.await(AbstractQueuedSynchronizer.java:2039)
        at java.util.concurrent.ArrayBlockingQueue.take(ArrayBlockingQueue.java:403)
        at java.util.concurrent.ThreadPoolExecutor.getTask(ThreadPoolExecutor.java:1074)
        at java.util.concurrent.ThreadPoolExecutor.runWorker(ThreadPoolExecutor.java:1134)
        at java.util.concurrent.ThreadPoolExecutor$Worker.run(ThreadPoolExecutor.java:624)
        at java.lang.Thread.run(Thread.java:748)
"IPC Server handler 12 on 38076" daemon prio=5 tid=2367 timed_waiting
java.lang.Thread.State: TIMED_WAITING
        at sun.misc.Unsafe.park(Native Method)
        at java.util.concurrent.locks.LockSupport.parkNanos(LockSupport.java:215)
        at java.util.concurrent.locks.AbstractQueuedSynchronizer$ConditionObject.awaitNanos(AbstractQueuedSynchronizer.java:2078)
        at java.util.concurrent.LinkedBlockingQueue.poll(LinkedBlockingQueue.java:467)
        at org.apache.hadoop.ipc.CallQueueManager.take(CallQueueManager.java:288)
        at org.apache.hadoop.ipc.Server$Handler.run(Server.java:2668)
"pool-226-thread-54"  prio=5 tid=2566 in Object.wait()
java.lang.Thread.State: WAITING (on object monitor)
        at sun.misc.Unsafe.park(Native Method)
        at java.util.concurrent.locks.LockSupport.park(LockSupport.java:175)
        at java.util.concurrent.locks.AbstractQueuedSynchronizer$ConditionObject.await(AbstractQueuedSynchronizer.java:2039)
        at java.util.concurrent.ArrayBlockingQueue.take(ArrayBlockingQueue.java:403)
        at java.util.concurrent.ThreadPoolExecutor.getTask(ThreadPoolExecutor.java:1074)
        at java.util.concurrent.ThreadPoolExecutor.runWorker(ThreadPoolExecutor.java:1134)
        at java.util.concurrent.ThreadPoolExecutor$Worker.run(ThreadPoolExecutor.java:624)
        at java.lang.Thread.run(Thread.java:748)
"pool-246-thread-26"  prio=5 tid=2663 in Object.wait()
java.lang.Thread.State: WAITING (on object monitor)
        at sun.misc.Unsafe.park(Native Method)
        at java.util.concurrent.locks.LockSupport.park(LockSupport.java:175)
        at java.util.concurrent.locks.AbstractQueuedSynchronizer$ConditionObject.await(AbstractQueuedSynchronizer.java:2039)
        at java.util.concurrent.ArrayBlockingQueue.take(ArrayBlockingQueue.java:403)
        at java.util.concurrent.ThreadPoolExecutor.getTask(ThreadPoolExecutor.java:1074)
        at java.util.concurrent.ThreadPoolExecutor.runWorker(ThreadPoolExecutor.java:1134)
        at java.util.concurrent.ThreadPoolExecutor$Worker.run(ThreadPoolExecutor.java:624)
        at java.lang.Thread.run(Thread.java:748)
"metrics-hadoop-metrics2-reporter-58-thread-1" daemon prio=5 tid=1218 timed_waiting
java.lang.Thread.State: TIMED_WAITING
        at sun.misc.Unsafe.park(Native Method)
        at java.util.concurrent.locks.LockSupport.parkNanos(LockSupport.java:215)
        at java.util.concurrent.locks.AbstractQueuedSynchronizer$ConditionObject.awaitNanos(AbstractQueuedSynchronizer.java:2078)
        at java.util.concurrent.ScheduledThreadPoolExecutor$DelayedWorkQueue.take(ScheduledThreadPoolExecutor.java:1093)
        at java.util.concurrent.ScheduledThreadPoolExecutor$DelayedWorkQueue.take(ScheduledThreadPoolExecutor.java:809)
        at java.util.concurrent.ThreadPoolExecutor.getTask(ThreadPoolExecutor.java:1074)
        at java.util.concurrent.ThreadPoolExecutor.runWorker(ThreadPoolExecutor.java:1134)
        at java.util.concurrent.ThreadPoolExecutor$Worker.run(ThreadPoolExecutor.java:624)
        at java.lang.Thread.run(Thread.java:748)
"Reference Handler" daemon prio=10 tid=2 in Object.wait()
java.lang.Thread.State: WAITING (on object monitor)
        at java.lang.Object.wait(Native Method)
        at java.lang.Object.wait(Object.java:502)
        at java.lang.ref.Reference.tryHandlePending(Reference.java:191)
        at java.lang.ref.Reference$ReferenceHandler.run(Reference.java:153)
"pool-236-thread-30"  prio=5 tid=2605 in Object.wait()
java.lang.Thread.State: WAITING (on object monitor)
        at sun.misc.Unsafe.park(Native Method)
        at java.util.concurrent.locks.LockSupport.park(LockSupport.java:175)
        at java.util.concurrent.locks.AbstractQueuedSynchronizer$ConditionObject.await(AbstractQueuedSynchronizer.java:2039)
        at java.util.concurrent.ArrayBlockingQueue.take(ArrayBlockingQueue.java:403)
        at java.util.concurrent.ThreadPoolExecutor.getTask(ThreadPoolExecutor.java:1074)
        at java.util.concurrent.ThreadPoolExecutor.runWorker(ThreadPoolExecutor.java:1134)
        at java.util.concurrent.ThreadPoolExecutor$Worker.run(ThreadPoolExecutor.java:624)
        at java.lang.Thread.run(Thread.java:748)
"pool-236-thread-47"  prio=5 tid=2622 in Object.wait()
java.lang.Thread.State: WAITING (on object monitor)
        at sun.misc.Unsafe.park(Native Method)
        at java.util.concurrent.locks.LockSupport.park(LockSupport.java:175)
        at java.util.concurrent.locks.AbstractQueuedSynchronizer$ConditionObject.await(AbstractQueuedSynchronizer.java:2039)
        at java.util.concurrent.ArrayBlockingQueue.take(ArrayBlockingQueue.java:403)
        at java.util.concurrent.ThreadPoolExecutor.getTask(ThreadPoolExecutor.java:1074)
        at java.util.concurrent.ThreadPoolExecutor.runWorker(ThreadPoolExecutor.java:1134)
        at java.util.concurrent.ThreadPoolExecutor$Worker.run(ThreadPoolExecutor.java:624)
        at java.lang.Thread.run(Thread.java:748)
"metrics-hadoop-metrics2-reporter-128-thread-1" daemon prio=5 tid=2762 timed_waiting
java.lang.Thread.State: TIMED_WAITING
        at sun.misc.Unsafe.park(Native Method)
        at java.util.concurrent.locks.LockSupport.parkNanos(LockSupport.java:215)
        at java.util.concurrent.locks.AbstractQueuedSynchronizer$ConditionObject.awaitNanos(AbstractQueuedSynchronizer.java:2078)
        at java.util.concurrent.ScheduledThreadPoolExecutor$DelayedWorkQueue.take(ScheduledThreadPoolExecutor.java:1093)
        at java.util.concurrent.ScheduledThreadPoolExecutor$DelayedWorkQueue.take(ScheduledThreadPoolExecutor.java:809)
        at java.util.concurrent.ThreadPoolExecutor.getTask(ThreadPoolExecutor.java:1074)
        at java.util.concurrent.ThreadPoolExecutor.runWorker(ThreadPoolExecutor.java:1134)
        at java.util.concurrent.ThreadPoolExecutor$Worker.run(ThreadPoolExecutor.java:624)
        at java.lang.Thread.run(Thread.java:748)
"pool-226-thread-8"  prio=5 tid=2520 in Object.wait()
java.lang.Thread.State: WAITING (on object monitor)
        at sun.misc.Unsafe.park(Native Method)
        at java.util.concurrent.locks.LockSupport.park(LockSupport.java:175)
        at java.util.concurrent.locks.AbstractQueuedSynchronizer$ConditionObject.await(AbstractQueuedSynchronizer.java:2039)
        at java.util.concurrent.ArrayBlockingQueue.take(ArrayBlockingQueue.java:403)
        at java.util.concurrent.ThreadPoolExecutor.getTask(ThreadPoolExecutor.java:1074)
        at java.util.concurrent.ThreadPoolExecutor.runWorker(ThreadPoolExecutor.java:1134)
        at java.util.concurrent.ThreadPoolExecutor$Worker.run(ThreadPoolExecutor.java:624)
        at java.lang.Thread.run(Thread.java:748)
"KeyDeletingService#0" daemon prio=5 tid=2397 timed_waiting
java.lang.Thread.State: TIMED_WAITING
        at sun.misc.Unsafe.park(Native Method)
        at java.util.concurrent.locks.LockSupport.parkNanos(LockSupport.java:215)
        at java.util.concurrent.locks.AbstractQueuedSynchronizer$ConditionObject.awaitNanos(AbstractQueuedSynchronizer.java:2078)
        at java.util.concurrent.ScheduledThreadPoolExecutor$DelayedWorkQueue.take(ScheduledThreadPoolExecutor.java:1093)
        at java.util.concurrent.ScheduledThreadPoolExecutor$DelayedWorkQueue.take(ScheduledThreadPoolExecutor.java:809)
        at java.util.concurrent.ThreadPoolExecutor.getTask(ThreadPoolExecutor.java:1074)
        at java.util.concurrent.ThreadPoolExecutor.runWorker(ThreadPoolExecutor.java:1134)
        at java.util.concurrent.ThreadPoolExecutor$Worker.run(ThreadPoolExecutor.java:624)
        at java.lang.Thread.run(Thread.java:748)
"Datanode ReportManager Thread - 2" daemon prio=5 tid=1963 in Object.wait()
java.lang.Thread.State: WAITING (on object monitor)
        at sun.misc.Unsafe.park(Native Method)
        at java.util.concurrent.locks.LockSupport.park(LockSupport.java:175)
        at java.util.concurrent.locks.AbstractQueuedSynchronizer$ConditionObject.await(AbstractQueuedSynchronizer.java:2039)
        at java.util.concurrent.ScheduledThreadPoolExecutor$DelayedWorkQueue.take(ScheduledThreadPoolExecutor.java:1088)
        at java.util.concurrent.ScheduledThreadPoolExecutor$DelayedWorkQueue.take(ScheduledThreadPoolExecutor.java:809)
        at java.util.concurrent.ThreadPoolExecutor.getTask(ThreadPoolExecutor.java:1074)
        at java.util.concurrent.ThreadPoolExecutor.runWorker(ThreadPoolExecutor.java:1134)
        at java.util.concurrent.ThreadPoolExecutor$Worker.run(ThreadPoolExecutor.java:624)
        at java.lang.Thread.run(Thread.java:748)
"BlockDeletingService#1" daemon prio=5 tid=2637 in Object.wait()
java.lang.Thread.State: WAITING (on object monitor)
        at sun.misc.Unsafe.park(Native Method)
        at java.util.concurrent.locks.LockSupport.park(LockSupport.java:175)
        at java.util.concurrent.locks.AbstractQueuedSynchronizer$ConditionObject.await(AbstractQueuedSynchronizer.java:2039)
        at java.util.concurrent.ScheduledThreadPoolExecutor$DelayedWorkQueue.take(ScheduledThreadPoolExecutor.java:1088)
        at java.util.concurrent.ScheduledThreadPoolExecutor$DelayedWorkQueue.take(ScheduledThreadPoolExecutor.java:809)
        at java.util.concurrent.ThreadPoolExecutor.getTask(ThreadPoolExecutor.java:1074)
        at java.util.concurrent.ThreadPoolExecutor.runWorker(ThreadPoolExecutor.java:1134)
        at java.util.concurrent.ThreadPoolExecutor$Worker.run(ThreadPoolExecutor.java:624)
        at java.lang.Thread.run(Thread.java:748)
"pool-226-thread-51"  prio=5 tid=2563 in Object.wait()
java.lang.Thread.State: WAITING (on object monitor)
        at sun.misc.Unsafe.park(Native Method)
        at java.util.concurrent.locks.LockSupport.park(LockSupport.java:175)
        at java.util.concurrent.locks.AbstractQueuedSynchronizer$ConditionObject.await(AbstractQueuedSynchronizer.java:2039)
        at java.util.concurrent.ArrayBlockingQueue.take(ArrayBlockingQueue.java:403)
        at java.util.concurrent.ThreadPoolExecutor.getTask(ThreadPoolExecutor.java:1074)
        at java.util.concurrent.ThreadPoolExecutor.runWorker(ThreadPoolExecutor.java:1134)
        at java.util.concurrent.ThreadPoolExecutor$Worker.run(ThreadPoolExecutor.java:624)
        at java.lang.Thread.run(Thread.java:748)
"pool-226-thread-43"  prio=5 tid=2555 in Object.wait()
java.lang.Thread.State: WAITING (on object monitor)
        at sun.misc.Unsafe.park(Native Method)
        at java.util.concurrent.locks.LockSupport.park(LockSupport.java:175)
        at java.util.concurrent.locks.AbstractQueuedSynchronizer$ConditionObject.await(AbstractQueuedSynchronizer.java:2039)
        at java.util.concurrent.ArrayBlockingQueue.take(ArrayBlockingQueue.java:403)
        at java.util.concurrent.ThreadPoolExecutor.getTask(ThreadPoolExecutor.java:1074)
        at java.util.concurrent.ThreadPoolExecutor.runWorker(ThreadPoolExecutor.java:1134)
        at java.util.concurrent.ThreadPoolExecutor$Worker.run(ThreadPoolExecutor.java:624)
        at java.lang.Thread.run(Thread.java:748)
"IPC Server handler 11 on 40756" daemon prio=5 tid=2326 timed_waiting
java.lang.Thread.State: TIMED_WAITING
        at sun.misc.Unsafe.park(Native Method)
        at java.util.concurrent.locks.LockSupport.parkNanos(LockSupport.java:215)
        at java.util.concurrent.locks.AbstractQueuedSynchronizer$ConditionObject.awaitNanos(AbstractQueuedSynchronizer.java:2078)
        at java.util.concurrent.LinkedBlockingQueue.poll(LinkedBlockingQueue.java:467)
        at org.apache.hadoop.ipc.CallQueueManager.take(CallQueueManager.java:288)
        at org.apache.hadoop.ipc.Server$Handler.run(Server.java:2668)
"IPC Server handler 0 on 40756" daemon prio=5 tid=2315 timed_waiting
java.lang.Thread.State: TIMED_WAITING
        at sun.misc.Unsafe.park(Native Method)
        at java.util.concurrent.locks.LockSupport.parkNanos(LockSupport.java:215)
        at java.util.concurrent.locks.AbstractQueuedSynchronizer$ConditionObject.awaitNanos(AbstractQueuedSynchronizer.java:2078)
        at java.util.concurrent.LinkedBlockingQueue.poll(LinkedBlockingQueue.java:467)
        at org.apache.hadoop.ipc.CallQueueManager.take(CallQueueManager.java:288)
        at org.apache.hadoop.ipc.Server$Handler.run(Server.java:2668)
"pool-236-thread-31"  prio=5 tid=2606 in Object.wait()
java.lang.Thread.State: WAITING (on object monitor)
        at sun.misc.Unsafe.park(Native Method)
        at java.util.concurrent.locks.LockSupport.park(LockSupport.java:175)
        at java.util.concurrent.locks.AbstractQueuedSynchronizer$ConditionObject.await(AbstractQueuedSynchronizer.java:2039)
        at java.util.concurrent.ArrayBlockingQueue.take(ArrayBlockingQueue.java:403)
        at java.util.concurrent.ThreadPoolExecutor.getTask(ThreadPoolExecutor.java:1074)
        at java.util.concurrent.ThreadPoolExecutor.runWorker(ThreadPoolExecutor.java:1134)
        at java.util.concurrent.ThreadPoolExecutor$Worker.run(ThreadPoolExecutor.java:624)
        at java.lang.Thread.run(Thread.java:748)
"IPC Server handler 9 on 38076" daemon prio=5 tid=2364 timed_waiting
java.lang.Thread.State: TIMED_WAITING
        at sun.misc.Unsafe.park(Native Method)
        at java.util.concurrent.locks.LockSupport.parkNanos(LockSupport.java:215)
        at java.util.concurrent.locks.AbstractQueuedSynchronizer$ConditionObject.awaitNanos(AbstractQueuedSynchronizer.java:2078)
        at java.util.concurrent.LinkedBlockingQueue.poll(LinkedBlockingQueue.java:467)
        at org.apache.hadoop.ipc.CallQueueManager.take(CallQueueManager.java:288)
        at org.apache.hadoop.ipc.Server$Handler.run(Server.java:2668)
"Datanode ReportManager Thread - 1" daemon prio=5 tid=1429 timed_waiting
java.lang.Thread.State: TIMED_WAITING
        at sun.misc.Unsafe.park(Native Method)
        at java.util.concurrent.locks.LockSupport.parkNanos(LockSupport.java:215)
        at java.util.concurrent.locks.AbstractQueuedSynchronizer$ConditionObject.awaitNanos(AbstractQueuedSynchronizer.java:2078)
        at java.util.concurrent.ScheduledThreadPoolExecutor$DelayedWorkQueue.take(ScheduledThreadPoolExecutor.java:1093)
        at java.util.concurrent.ScheduledThreadPoolExecutor$DelayedWorkQueue.take(ScheduledThreadPoolExecutor.java:809)
        at java.util.concurrent.ThreadPoolExecutor.getTask(ThreadPoolExecutor.java:1074)
        at java.util.concurrent.ThreadPoolExecutor.runWorker(ThreadPoolExecutor.java:1134)
        at java.util.concurrent.ThreadPoolExecutor$Worker.run(ThreadPoolExecutor.java:624)
        at java.lang.Thread.run(Thread.java:748)
"metrics-hadoop-metrics2-reporter-74-thread-1" daemon prio=5 tid=1703 timed_waiting
java.lang.Thread.State: TIMED_WAITING
        at sun.misc.Unsafe.park(Native Method)
        at java.util.concurrent.locks.LockSupport.parkNanos(LockSupport.java:215)
        at java.util.concurrent.locks.AbstractQueuedSynchronizer$ConditionObject.awaitNanos(AbstractQueuedSynchronizer.java:2078)
        at java.util.concurrent.ScheduledThreadPoolExecutor$DelayedWorkQueue.take(ScheduledThreadPoolExecutor.java:1093)
        at java.util.concurrent.ScheduledThreadPoolExecutor$DelayedWorkQueue.take(ScheduledThreadPoolExecutor.java:809)
        at java.util.concurrent.ThreadPoolExecutor.getTask(ThreadPoolExecutor.java:1074)
        at java.util.concurrent.ThreadPoolExecutor.runWorker(ThreadPoolExecutor.java:1134)
        at java.util.concurrent.ThreadPoolExecutor$Worker.run(ThreadPoolExecutor.java:624)
        at java.lang.Thread.run(Thread.java:748)
"metrics-hadoop-metrics2-reporter-1-thread-1" daemon prio=5 tid=436 timed_waiting
java.lang.Thread.State: TIMED_WAITING
        at sun.misc.Unsafe.park(Native Method)
        at java.util.concurrent.locks.LockSupport.parkNanos(LockSupport.java:215)
        at java.util.concurrent.locks.AbstractQueuedSynchronizer$ConditionObject.awaitNanos(AbstractQueuedSynchronizer.java:2078)
        at java.util.concurrent.ScheduledThreadPoolExecutor$DelayedWorkQueue.take(ScheduledThreadPoolExecutor.java:1093)
        at java.util.concurrent.ScheduledThreadPoolExecutor$DelayedWorkQueue.take(ScheduledThreadPoolExecutor.java:809)
        at java.util.concurrent.ThreadPoolExecutor.getTask(ThreadPoolExecutor.java:1074)
        at java.util.concurrent.ThreadPoolExecutor.runWorker(ThreadPoolExecutor.java:1134)
        at java.util.concurrent.ThreadPoolExecutor$Worker.run(ThreadPoolExecutor.java:624)
        at java.lang.Thread.run(Thread.java:748)
"metrics-hadoop-metrics2-reporter-65-thread-1" daemon prio=5 tid=1675 timed_waiting
java.lang.Thread.State: TIMED_WAITING
        at sun.misc.Unsafe.park(Native Method)
        at java.util.concurrent.locks.LockSupport.parkNanos(LockSupport.java:215)
        at java.util.concurrent.locks.AbstractQueuedSynchronizer$ConditionObject.awaitNanos(AbstractQueuedSynchronizer.java:2078)
        at java.util.concurrent.ScheduledThreadPoolExecutor$DelayedWorkQueue.take(ScheduledThreadPoolExecutor.java:1093)
        at java.util.concurrent.ScheduledThreadPoolExecutor$DelayedWorkQueue.take(ScheduledThreadPoolExecutor.java:809)
        at java.util.concurrent.ThreadPoolExecutor.getTask(ThreadPoolExecutor.java:1074)
        at java.util.concurrent.ThreadPoolExecutor.runWorker(ThreadPoolExecutor.java:1134)
        at java.util.concurrent.ThreadPoolExecutor$Worker.run(ThreadPoolExecutor.java:624)
        at java.lang.Thread.run(Thread.java:748)
"Datanode ReportManager Thread - 2" daemon prio=5 tid=2453 in Object.wait()
java.lang.Thread.State: WAITING (on object monitor)
        at sun.misc.Unsafe.park(Native Method)
        at java.util.concurrent.locks.LockSupport.park(LockSupport.java:175)
        at java.util.concurrent.locks.AbstractQueuedSynchronizer$ConditionObject.await(AbstractQueuedSynchronizer.java:2039)
        at java.util.concurrent.ScheduledThreadPoolExecutor$DelayedWorkQueue.take(ScheduledThreadPoolExecutor.java:1088)
        at java.util.concurrent.ScheduledThreadPoolExecutor$DelayedWorkQueue.take(ScheduledThreadPoolExecutor.java:809)
        at java.util.concurrent.ThreadPoolExecutor.getTask(ThreadPoolExecutor.java:1074)
        at java.util.concurrent.ThreadPoolExecutor.runWorker(ThreadPoolExecutor.java:1134)
        at java.util.concurrent.ThreadPoolExecutor$Worker.run(ThreadPoolExecutor.java:624)
        at java.lang.Thread.run(Thread.java:748)
"pool-226-thread-14"  prio=5 tid=2526 in Object.wait()
java.lang.Thread.State: WAITING (on object monitor)
        at sun.misc.Unsafe.park(Native Method)
        at java.util.concurrent.locks.LockSupport.park(LockSupport.java:175)
        at java.util.concurrent.locks.AbstractQueuedSynchronizer$ConditionObject.await(AbstractQueuedSynchronizer.java:2039)
        at java.util.concurrent.ArrayBlockingQueue.take(ArrayBlockingQueue.java:403)
        at java.util.concurrent.ThreadPoolExecutor.getTask(ThreadPoolExecutor.java:1074)
        at java.util.concurrent.ThreadPoolExecutor.runWorker(ThreadPoolExecutor.java:1134)
        at java.util.concurrent.ThreadPoolExecutor$Worker.run(ThreadPoolExecutor.java:624)
        at java.lang.Thread.run(Thread.java:748)
"b32d7882-88db-4fe6-9cca-6a25122d474d@group-26D4B34233DA-SegmentedRaftLogWorker"  prio=5 tid=2726 timed_waiting
java.lang.Thread.State: TIMED_WAITING
        at sun.misc.Unsafe.park(Native Method)
        at java.util.concurrent.locks.LockSupport.parkNanos(LockSupport.java:215)
        at java.util.concurrent.locks.AbstractQueuedSynchronizer$ConditionObject.awaitNanos(AbstractQueuedSynchronizer.java:2078)
        at org.apache.ratis.util.DataBlockingQueue.poll(DataBlockingQueue.java:137)
        at org.apache.ratis.server.raftlog.segmented.SegmentedRaftLogWorker.run(SegmentedRaftLogWorker.java:282)
        at java.lang.Thread.run(Thread.java:748)
"qtp2000429588-2470" daemon prio=5 tid=2470 timed_waiting
java.lang.Thread.State: TIMED_WAITING
        at sun.misc.Unsafe.park(Native Method)
        at java.util.concurrent.locks.LockSupport.parkNanos(LockSupport.java:215)
        at java.util.concurrent.locks.AbstractQueuedSynchronizer$ConditionObject.awaitNanos(AbstractQueuedSynchronizer.java:2078)
        at org.eclipse.jetty.util.BlockingArrayQueue.poll(BlockingArrayQueue.java:392)
        at org.eclipse.jetty.util.thread.QueuedThreadPool.idleJobPoll(QueuedThreadPool.java:563)
        at org.eclipse.jetty.util.thread.QueuedThreadPool.access$800(QueuedThreadPool.java:48)
        at org.eclipse.jetty.util.thread.QueuedThreadPool$2.run(QueuedThreadPool.java:626)
        at java.lang.Thread.run(Thread.java:748)
"IPC Server handler 5 on 38076" daemon prio=5 tid=2360 timed_waiting
java.lang.Thread.State: TIMED_WAITING
        at sun.misc.Unsafe.park(Native Method)
        at java.util.concurrent.locks.LockSupport.parkNanos(LockSupport.java:215)
        at java.util.concurrent.locks.AbstractQueuedSynchronizer$ConditionObject.awaitNanos(AbstractQueuedSynchronizer.java:2078)
        at java.util.concurrent.LinkedBlockingQueue.poll(LinkedBlockingQueue.java:467)
        at org.apache.hadoop.ipc.CallQueueManager.take(CallQueueManager.java:288)
        at org.apache.hadoop.ipc.Server$Handler.run(Server.java:2668)
"metrics-hadoop-metrics2-reporter-64-thread-1" daemon prio=5 tid=1671 timed_waiting
java.lang.Thread.State: TIMED_WAITING
        at sun.misc.Unsafe.park(Native Method)
        at java.util.concurrent.locks.LockSupport.parkNanos(LockSupport.java:215)
        at java.util.concurrent.locks.AbstractQueuedSynchronizer$ConditionObject.awaitNanos(AbstractQueuedSynchronizer.java:2078)
        at java.util.concurrent.ScheduledThreadPoolExecutor$DelayedWorkQueue.take(ScheduledThreadPoolExecutor.java:1093)
        at java.util.concurrent.ScheduledThreadPoolExecutor$DelayedWorkQueue.take(ScheduledThreadPoolExecutor.java:809)
        at java.util.concurrent.ThreadPoolExecutor.getTask(ThreadPoolExecutor.java:1074)
        at java.util.concurrent.ThreadPoolExecutor.runWorker(ThreadPoolExecutor.java:1134)
        at java.util.concurrent.ThreadPoolExecutor$Worker.run(ThreadPoolExecutor.java:624)
        at java.lang.Thread.run(Thread.java:748)
"pool-237-thread-1"  prio=5 tid=2724 in Object.wait()
java.lang.Thread.State: WAITING (on object monitor)
        at sun.misc.Unsafe.park(Native Method)
        at java.util.concurrent.locks.LockSupport.park(LockSupport.java:175)
        at java.util.concurrent.locks.AbstractQueuedSynchronizer$ConditionObject.await(AbstractQueuedSynchronizer.java:2039)
        at java.util.concurrent.LinkedBlockingQueue.take(LinkedBlockingQueue.java:442)
        at java.util.concurrent.ThreadPoolExecutor.getTask(ThreadPoolExecutor.java:1074)
        at java.util.concurrent.ThreadPoolExecutor.runWorker(ThreadPoolExecutor.java:1134)
        at java.util.concurrent.ThreadPoolExecutor$Worker.run(ThreadPoolExecutor.java:624)
        at java.lang.Thread.run(Thread.java:748)
"pool-226-thread-1"  prio=5 tid=2513 in Object.wait()
java.lang.Thread.State: WAITING (on object monitor)
        at sun.misc.Unsafe.park(Native Method)
        at java.util.concurrent.locks.LockSupport.park(LockSupport.java:175)
        at java.util.concurrent.locks.AbstractQueuedSynchronizer$ConditionObject.await(AbstractQueuedSynchronizer.java:2039)
        at java.util.concurrent.ArrayBlockingQueue.take(ArrayBlockingQueue.java:403)
        at java.util.concurrent.ThreadPoolExecutor.getTask(ThreadPoolExecutor.java:1074)
        at java.util.concurrent.ThreadPoolExecutor.runWorker(ThreadPoolExecutor.java:1134)
        at java.util.concurrent.ThreadPoolExecutor$Worker.run(ThreadPoolExecutor.java:624)
        at java.lang.Thread.run(Thread.java:748)
"IPC Server handler 0 on 45250" daemon prio=5 tid=2399 timed_waiting
java.lang.Thread.State: TIMED_WAITING
        at sun.misc.Unsafe.park(Native Method)
        at java.util.concurrent.locks.LockSupport.parkNanos(LockSupport.java:215)
        at java.util.concurrent.locks.AbstractQueuedSynchronizer$ConditionObject.awaitNanos(AbstractQueuedSynchronizer.java:2078)
        at java.util.concurrent.LinkedBlockingQueue.poll(LinkedBlockingQueue.java:467)
        at org.apache.hadoop.ipc.CallQueueManager.take(CallQueueManager.java:288)
        at org.apache.hadoop.ipc.Server$Handler.run(Server.java:2668)
"Datanode State Machine Thread - 0" daemon prio=5 tid=2511 timed_waiting
java.lang.Thread.State: TIMED_WAITING
        at sun.misc.Unsafe.park(Native Method)
        at java.util.concurrent.locks.LockSupport.parkNanos(LockSupport.java:215)
        at java.util.concurrent.SynchronousQueue$TransferStack.awaitFulfill(SynchronousQueue.java:460)
        at java.util.concurrent.SynchronousQueue$TransferStack.transfer(SynchronousQueue.java:362)
        at java.util.concurrent.SynchronousQueue.poll(SynchronousQueue.java:941)
        at java.util.concurrent.ThreadPoolExecutor.getTask(ThreadPoolExecutor.java:1073)
        at java.util.concurrent.ThreadPoolExecutor.runWorker(ThreadPoolExecutor.java:1134)
        at java.util.concurrent.ThreadPoolExecutor$Worker.run(ThreadPoolExecutor.java:624)
        at java.lang.Thread.run(Thread.java:748)
"IPC Server handler 18 on 45250" daemon prio=5 tid=2417 timed_waiting
java.lang.Thread.State: TIMED_WAITING
        at sun.misc.Unsafe.park(Native Method)
        at java.util.concurrent.locks.LockSupport.parkNanos(LockSupport.java:215)
        at java.util.concurrent.locks.AbstractQueuedSynchronizer$ConditionObject.awaitNanos(AbstractQueuedSynchronizer.java:2078)
        at java.util.concurrent.LinkedBlockingQueue.poll(LinkedBlockingQueue.java:467)
        at org.apache.hadoop.ipc.CallQueueManager.take(CallQueueManager.java:288)
        at org.apache.hadoop.ipc.Server$Handler.run(Server.java:2668)
"org.eclipse.jetty.server.session.HashSessionManager@4f1fb828Timer" daemon prio=5 tid=2430 timed_waiting
java.lang.Thread.State: TIMED_WAITING
        at sun.misc.Unsafe.park(Native Method)
        at java.util.concurrent.locks.LockSupport.parkNanos(LockSupport.java:215)
        at java.util.concurrent.locks.AbstractQueuedSynchronizer$ConditionObject.awaitNanos(AbstractQueuedSynchronizer.java:2078)
        at java.util.concurrent.ScheduledThreadPoolExecutor$DelayedWorkQueue.take(ScheduledThreadPoolExecutor.java:1093)
        at java.util.concurrent.ScheduledThreadPoolExecutor$DelayedWorkQueue.take(ScheduledThreadPoolExecutor.java:809)
        at java.util.concurrent.ThreadPoolExecutor.getTask(ThreadPoolExecutor.java:1074)
        at java.util.concurrent.ThreadPoolExecutor.runWorker(ThreadPoolExecutor.java:1134)
        at java.util.concurrent.ThreadPoolExecutor$Worker.run(ThreadPoolExecutor.java:624)
        at java.lang.Thread.run(Thread.java:748)
"pool-226-thread-23"  prio=5 tid=2535 in Object.wait()
java.lang.Thread.State: WAITING (on object monitor)
        at sun.misc.Unsafe.park(Native Method)
        at java.util.concurrent.locks.LockSupport.park(LockSupport.java:175)
        at java.util.concurrent.locks.AbstractQueuedSynchronizer$ConditionObject.await(AbstractQueuedSynchronizer.java:2039)
        at java.util.concurrent.ArrayBlockingQueue.take(ArrayBlockingQueue.java:403)
        at java.util.concurrent.ThreadPoolExecutor.getTask(ThreadPoolExecutor.java:1074)
        at java.util.concurrent.ThreadPoolExecutor.runWorker(ThreadPoolExecutor.java:1134)
        at java.util.concurrent.ThreadPoolExecutor$Worker.run(ThreadPoolExecutor.java:624)
        at java.lang.Thread.run(Thread.java:748)
"metrics-hadoop-metrics2-reporter-72-thread-1" daemon prio=5 tid=1691 timed_waiting
java.lang.Thread.State: TIMED_WAITING
        at sun.misc.Unsafe.park(Native Method)
        at java.util.concurrent.locks.LockSupport.parkNanos(LockSupport.java:215)
        at java.util.concurrent.locks.AbstractQueuedSynchronizer$ConditionObject.awaitNanos(AbstractQueuedSynchronizer.java:2078)
        at java.util.concurrent.ScheduledThreadPoolExecutor$DelayedWorkQueue.take(ScheduledThreadPoolExecutor.java:1093)
        at java.util.concurrent.ScheduledThreadPoolExecutor$DelayedWorkQueue.take(ScheduledThreadPoolExecutor.java:809)
        at java.util.concurrent.ThreadPoolExecutor.getTask(ThreadPoolExecutor.java:1074)
        at java.util.concurrent.ThreadPoolExecutor.runWorker(ThreadPoolExecutor.java:1134)
        at java.util.concurrent.ThreadPoolExecutor$Worker.run(ThreadPoolExecutor.java:624)
        at java.lang.Thread.run(Thread.java:748)
"IPC Parameter Sending Thread #0" daemon prio=5 tid=105 timed_waiting
java.lang.Thread.State: TIMED_WAITING
        at sun.misc.Unsafe.park(Native Method)
        at java.util.concurrent.locks.LockSupport.parkNanos(LockSupport.java:215)
        at java.util.concurrent.SynchronousQueue$TransferStack.awaitFulfill(SynchronousQueue.java:460)
        at java.util.concurrent.SynchronousQueue$TransferStack.transfer(SynchronousQueue.java:362)
        at java.util.concurrent.SynchronousQueue.poll(SynchronousQueue.java:941)
        at java.util.concurrent.ThreadPoolExecutor.getTask(ThreadPoolExecutor.java:1073)
        at java.util.concurrent.ThreadPoolExecutor.runWorker(ThreadPoolExecutor.java:1134)
        at java.util.concurrent.ThreadPoolExecutor$Worker.run(ThreadPoolExecutor.java:624)
        at java.lang.Thread.run(Thread.java:748)
"pool-236-thread-12"  prio=5 tid=2587 in Object.wait()
java.lang.Thread.State: WAITING (on object monitor)
        at sun.misc.Unsafe.park(Native Method)
        at java.util.concurrent.locks.LockSupport.park(LockSupport.java:175)
        at java.util.concurrent.locks.AbstractQueuedSynchronizer$ConditionObject.await(AbstractQueuedSynchronizer.java:2039)
        at java.util.concurrent.ArrayBlockingQueue.take(ArrayBlockingQueue.java:403)
        at java.util.concurrent.ThreadPoolExecutor.getTask(ThreadPoolExecutor.java:1074)
        at java.util.concurrent.ThreadPoolExecutor.runWorker(ThreadPoolExecutor.java:1134)
        at java.util.concurrent.ThreadPoolExecutor$Worker.run(ThreadPoolExecutor.java:624)
        at java.lang.Thread.run(Thread.java:748)
"metrics-hadoop-metrics2-reporter-87-thread-1" daemon prio=5 tid=1757 timed_waiting
java.lang.Thread.State: TIMED_WAITING
        at sun.misc.Unsafe.park(Native Method)
        at java.util.concurrent.locks.LockSupport.parkNanos(LockSupport.java:215)
        at java.util.concurrent.locks.AbstractQueuedSynchronizer$ConditionObject.awaitNanos(AbstractQueuedSynchronizer.java:2078)
        at java.util.concurrent.ScheduledThreadPoolExecutor$DelayedWorkQueue.take(ScheduledThreadPoolExecutor.java:1093)
        at java.util.concurrent.ScheduledThreadPoolExecutor$DelayedWorkQueue.take(ScheduledThreadPoolExecutor.java:809)
        at java.util.concurrent.ThreadPoolExecutor.getTask(ThreadPoolExecutor.java:1074)
        at java.util.concurrent.ThreadPoolExecutor.runWorker(ThreadPoolExecutor.java:1134)
        at java.util.concurrent.ThreadPoolExecutor$Worker.run(ThreadPoolExecutor.java:624)
        at java.lang.Thread.run(Thread.java:748)
"pool-226-thread-53"  prio=5 tid=2565 in Object.wait()
java.lang.Thread.State: WAITING (on object monitor)
        at sun.misc.Unsafe.park(Native Method)
        at java.util.concurrent.locks.LockSupport.park(LockSupport.java:175)
        at java.util.concurrent.locks.AbstractQueuedSynchronizer$ConditionObject.await(AbstractQueuedSynchronizer.java:2039)
        at java.util.concurrent.ArrayBlockingQueue.take(ArrayBlockingQueue.java:403)
        at java.util.concurrent.ThreadPoolExecutor.getTask(ThreadPoolExecutor.java:1074)
        at java.util.concurrent.ThreadPoolExecutor.runWorker(ThreadPoolExecutor.java:1134)
        at java.util.concurrent.ThreadPoolExecutor$Worker.run(ThreadPoolExecutor.java:624)
        at java.lang.Thread.run(Thread.java:748)
"refreshUsed-/workdir/hadoop-ozone/ozonefs/target/test-dir/MiniOzoneClusterImpl-a3991107-2db4-4ed9-b586-01161be3d184/datanode-0/data/containers" daemon prio=5 tid=2434 timed_waiting
java.lang.Thread.State: TIMED_WAITING
        at java.lang.Thread.sleep(Native Method)
        at org.apache.hadoop.fs.CachingGetSpaceUsed$RefreshThread.run(CachingGetSpaceUsed.java:179)
        at java.lang.Thread.run(Thread.java:748)
"Timer-5"  prio=5 tid=2396 timed_waiting
java.lang.Thread.State: TIMED_WAITING
        at java.lang.Object.wait(Native Method)
        at java.util.TimerThread.mainLoop(Timer.java:552)
        at java.util.TimerThread.run(Timer.java:505)
"3aea292b-16fb-4e9b-be90-828afa8e8047@group-896385CD49EE-StateMachineUpdater" daemon prio=5 tid=2926 in Object.wait()
java.lang.Thread.State: WAITING (on object monitor)
        at java.lang.Object.wait(Native Method)
        at java.lang.Object.wait(Object.java:502)
        at org.apache.ratis.server.impl.StateMachineUpdater.waitForCommit(StateMachineUpdater.java:194)
        at org.apache.ratis.server.impl.StateMachineUpdater.run(StateMachineUpdater.java:159)
        at java.lang.Thread.run(Thread.java:748)
"pool-226-thread-41"  prio=5 tid=2553 in Object.wait()
java.lang.Thread.State: WAITING (on object monitor)
        at sun.misc.Unsafe.park(Native Method)
        at java.util.concurrent.locks.LockSupport.park(LockSupport.java:175)
        at java.util.concurrent.locks.AbstractQueuedSynchronizer$ConditionObject.await(AbstractQueuedSynchronizer.java:2039)
        at java.util.concurrent.ArrayBlockingQueue.take(ArrayBlockingQueue.java:403)
        at java.util.concurrent.ThreadPoolExecutor.getTask(ThreadPoolExecutor.java:1074)
        at java.util.concurrent.ThreadPoolExecutor.runWorker(ThreadPoolExecutor.java:1134)
        at java.util.concurrent.ThreadPoolExecutor$Worker.run(ThreadPoolExecutor.java:624)
        at java.lang.Thread.run(Thread.java:748)
"Datanode ReportManager Thread - 3" daemon prio=5 tid=1431 in Object.wait()
java.lang.Thread.State: WAITING (on object monitor)
        at sun.misc.Unsafe.park(Native Method)
        at java.util.concurrent.locks.LockSupport.park(LockSupport.java:175)
        at java.util.concurrent.locks.AbstractQueuedSynchronizer$ConditionObject.await(AbstractQueuedSynchronizer.java:2039)
        at java.util.concurrent.ScheduledThreadPoolExecutor$DelayedWorkQueue.take(ScheduledThreadPoolExecutor.java:1088)
        at java.util.concurrent.ScheduledThreadPoolExecutor$DelayedWorkQueue.take(ScheduledThreadPoolExecutor.java:809)
        at java.util.concurrent.ThreadPoolExecutor.getTask(ThreadPoolExecutor.java:1074)
        at java.util.concurrent.ThreadPoolExecutor.runWorker(ThreadPoolExecutor.java:1134)
        at java.util.concurrent.ThreadPoolExecutor$Worker.run(ThreadPoolExecutor.java:624)
        at java.lang.Thread.run(Thread.java:748)
"IPC Server handler 16 on 35795" daemon prio=5 tid=2351 timed_waiting
java.lang.Thread.State: TIMED_WAITING
        at sun.misc.Unsafe.park(Native Method)
        at java.util.concurrent.locks.LockSupport.parkNanos(LockSupport.java:215)
        at java.util.concurrent.locks.AbstractQueuedSynchronizer$ConditionObject.awaitNanos(AbstractQueuedSynchronizer.java:2078)
        at java.util.concurrent.LinkedBlockingQueue.poll(LinkedBlockingQueue.java:467)
        at org.apache.hadoop.ipc.CallQueueManager.take(CallQueueManager.java:288)
        at org.apache.hadoop.ipc.Server$Handler.run(Server.java:2668)
"pool-236-thread-1"  prio=5 tid=2576 in Object.wait()
java.lang.Thread.State: WAITING (on object monitor)
        at sun.misc.Unsafe.park(Native Method)
        at java.util.concurrent.locks.LockSupport.park(LockSupport.java:175)
        at java.util.concurrent.locks.AbstractQueuedSynchronizer$ConditionObject.await(AbstractQueuedSynchronizer.java:2039)
        at java.util.concurrent.ArrayBlockingQueue.take(ArrayBlockingQueue.java:403)
        at java.util.concurrent.ThreadPoolExecutor.getTask(ThreadPoolExecutor.java:1074)
        at java.util.concurrent.ThreadPoolExecutor.runWorker(ThreadPoolExecutor.java:1134)
        at java.util.concurrent.ThreadPoolExecutor$Worker.run(ThreadPoolExecutor.java:624)
        at java.lang.Thread.run(Thread.java:748)
"IPC Server handler 13 on 40756" daemon prio=5 tid=2328 timed_waiting
java.lang.Thread.State: TIMED_WAITING
        at sun.misc.Unsafe.park(Native Method)
        at java.util.concurrent.locks.LockSupport.parkNanos(LockSupport.java:215)
        at java.util.concurrent.locks.AbstractQueuedSynchronizer$ConditionObject.awaitNanos(AbstractQueuedSynchronizer.java:2078)
        at java.util.concurrent.LinkedBlockingQueue.poll(LinkedBlockingQueue.java:467)
        at org.apache.hadoop.ipc.CallQueueManager.take(CallQueueManager.java:288)
        at org.apache.hadoop.ipc.Server$Handler.run(Server.java:2668)
"qtp2322399-2379" daemon prio=5 tid=2379 timed_waiting
java.lang.Thread.State: TIMED_WAITING
        at sun.misc.Unsafe.park(Native Method)
        at java.util.concurrent.locks.LockSupport.parkNanos(LockSupport.java:215)
        at java.util.concurrent.locks.AbstractQueuedSynchronizer$ConditionObject.awaitNanos(AbstractQueuedSynchronizer.java:2078)
        at org.eclipse.jetty.util.BlockingArrayQueue.poll(BlockingArrayQueue.java:392)
        at org.eclipse.jetty.util.thread.QueuedThreadPool.idleJobPoll(QueuedThreadPool.java:563)
        at org.eclipse.jetty.util.thread.QueuedThreadPool.access$800(QueuedThreadPool.java:48)
        at org.eclipse.jetty.util.thread.QueuedThreadPool$2.run(QueuedThreadPool.java:626)
        at java.lang.Thread.run(Thread.java:748)
"IPC Server handler 8 on 45250" daemon prio=5 tid=2407 timed_waiting
java.lang.Thread.State: TIMED_WAITING
        at sun.misc.Unsafe.park(Native Method)
        at java.util.concurrent.locks.LockSupport.parkNanos(LockSupport.java:215)
        at java.util.concurrent.locks.AbstractQueuedSynchronizer$ConditionObject.awaitNanos(AbstractQueuedSynchronizer.java:2078)
        at java.util.concurrent.LinkedBlockingQueue.poll(LinkedBlockingQueue.java:467)
        at org.apache.hadoop.ipc.CallQueueManager.take(CallQueueManager.java:288)
        at org.apache.hadoop.ipc.Server$Handler.run(Server.java:2668)
"pool-236-thread-56"  prio=5 tid=2631 in Object.wait()
java.lang.Thread.State: WAITING (on object monitor)
        at sun.misc.Unsafe.park(Native Method)
        at java.util.concurrent.locks.LockSupport.park(LockSupport.java:175)
        at java.util.concurrent.locks.AbstractQueuedSynchronizer$ConditionObject.await(AbstractQueuedSynchronizer.java:2039)
        at java.util.concurrent.ArrayBlockingQueue.take(ArrayBlockingQueue.java:403)
        at java.util.concurrent.ThreadPoolExecutor.getTask(ThreadPoolExecutor.java:1074)
        at java.util.concurrent.ThreadPoolExecutor.runWorker(ThreadPoolExecutor.java:1134)
        at java.util.concurrent.ThreadPoolExecutor$Worker.run(ThreadPoolExecutor.java:624)
        at java.lang.Thread.run(Thread.java:748)
"metrics-hadoop-metrics2-reporter-67-thread-1" daemon prio=5 tid=1679 timed_waiting
java.lang.Thread.State: TIMED_WAITING
        at sun.misc.Unsafe.park(Native Method)
        at java.util.concurrent.locks.LockSupport.parkNanos(LockSupport.java:215)
        at java.util.concurrent.locks.AbstractQueuedSynchronizer$ConditionObject.awaitNanos(AbstractQueuedSynchronizer.java:2078)
        at java.util.concurrent.ScheduledThreadPoolExecutor$DelayedWorkQueue.take(ScheduledThreadPoolExecutor.java:1093)
        at java.util.concurrent.ScheduledThreadPoolExecutor$DelayedWorkQueue.take(ScheduledThreadPoolExecutor.java:809)
        at java.util.concurrent.ThreadPoolExecutor.getTask(ThreadPoolExecutor.java:1074)
        at java.util.concurrent.ThreadPoolExecutor.runWorker(ThreadPoolExecutor.java:1134)
        at java.util.concurrent.ThreadPoolExecutor$Worker.run(ThreadPoolExecutor.java:624)
        at java.lang.Thread.run(Thread.java:748)
"metrics-hadoop-metrics2-reporter-86-thread-1" daemon prio=5 tid=1755 timed_waiting
java.lang.Thread.State: TIMED_WAITING
        at sun.misc.Unsafe.park(Native Method)
        at java.util.concurrent.locks.LockSupport.parkNanos(LockSupport.java:215)
        at java.util.concurrent.locks.AbstractQueuedSynchronizer$ConditionObject.awaitNanos(AbstractQueuedSynchronizer.java:2078)
        at java.util.concurrent.ScheduledThreadPoolExecutor$DelayedWorkQueue.take(ScheduledThreadPoolExecutor.java:1093)
        at java.util.concurrent.ScheduledThreadPoolExecutor$DelayedWorkQueue.take(ScheduledThreadPoolExecutor.java:809)
        at java.util.concurrent.ThreadPoolExecutor.getTask(ThreadPoolExecutor.java:1074)
        at java.util.concurrent.ThreadPoolExecutor.runWorker(ThreadPoolExecutor.java:1134)
        at java.util.concurrent.ThreadPoolExecutor$Worker.run(ThreadPoolExecutor.java:624)
        at java.lang.Thread.run(Thread.java:748)
"metrics-hadoop-metrics2-reporter-55-thread-1" daemon prio=5 tid=1204 timed_waiting
java.lang.Thread.State: TIMED_WAITING
        at sun.misc.Unsafe.park(Native Method)
        at java.util.concurrent.locks.LockSupport.parkNanos(LockSupport.java:215)
        at java.util.concurrent.locks.AbstractQueuedSynchronizer$ConditionObject.awaitNanos(AbstractQueuedSynchronizer.java:2078)
        at java.util.concurrent.ScheduledThreadPoolExecutor$DelayedWorkQueue.take(ScheduledThreadPoolExecutor.java:1093)
        at java.util.concurrent.ScheduledThreadPoolExecutor$DelayedWorkQueue.take(ScheduledThreadPoolExecutor.java:809)
        at java.util.concurrent.ThreadPoolExecutor.getTask(ThreadPoolExecutor.java:1074)
        at java.util.concurrent.ThreadPoolExecutor.runWorker(ThreadPoolExecutor.java:1134)
        at java.util.concurrent.ThreadPoolExecutor$Worker.run(ThreadPoolExecutor.java:624)
        at java.lang.Thread.run(Thread.java:748)
"pool-246-thread-36"  prio=5 tid=2673 in Object.wait()
java.lang.Thread.State: WAITING (on object monitor)
        at sun.misc.Unsafe.park(Native Method)
        at java.util.concurrent.locks.LockSupport.park(LockSupport.java:175)
        at java.util.concurrent.locks.AbstractQueuedSynchronizer$ConditionObject.await(AbstractQueuedSynchronizer.java:2039)
        at java.util.concurrent.ArrayBlockingQueue.take(ArrayBlockingQueue.java:403)
        at java.util.concurrent.ThreadPoolExecutor.getTask(ThreadPoolExecutor.java:1074)
        at java.util.concurrent.ThreadPoolExecutor.runWorker(ThreadPoolExecutor.java:1134)
        at java.util.concurrent.ThreadPoolExecutor$Worker.run(ThreadPoolExecutor.java:624)
        at java.lang.Thread.run(Thread.java:748)
"qtp1181041291-2440-acceptor-0@b08c0ef-ServerConnector@528c8c1{HTTP/1.1,[http/1.1]}{0.0.0.0:36422}" daemon prio=3 tid=2440 runnable
java.lang.Thread.State: RUNNABLE
        at sun.nio.ch.ServerSocketChannelImpl.accept0(Native Method)
        at sun.nio.ch.ServerSocketChannelImpl.accept(ServerSocketChannelImpl.java:422)
        at sun.nio.ch.ServerSocketChannelImpl.accept(ServerSocketChannelImpl.java:250)
        at org.eclipse.jetty.server.ServerConnector.accept(ServerConnector.java:397)
        at org.eclipse.jetty.server.AbstractConnector$Acceptor.run(AbstractConnector.java:601)
        at org.eclipse.jetty.util.thread.QueuedThreadPool.runJob(QueuedThreadPool.java:671)
        at org.eclipse.jetty.util.thread.QueuedThreadPool$2.run(QueuedThreadPool.java:589)
        at java.lang.Thread.run(Thread.java:748)
"pool-226-thread-55"  prio=5 tid=2567 in Object.wait()
java.lang.Thread.State: WAITING (on object monitor)
        at sun.misc.Unsafe.park(Native Method)
        at java.util.concurrent.locks.LockSupport.park(LockSupport.java:175)
        at java.util.concurrent.locks.AbstractQueuedSynchronizer$ConditionObject.await(AbstractQueuedSynchronizer.java:2039)
        at java.util.concurrent.ArrayBlockingQueue.take(ArrayBlockingQueue.java:403)
        at java.util.concurrent.ThreadPoolExecutor.getTask(ThreadPoolExecutor.java:1074)
        at java.util.concurrent.ThreadPoolExecutor.runWorker(ThreadPoolExecutor.java:1134)
        at java.util.concurrent.ThreadPoolExecutor$Worker.run(ThreadPoolExecutor.java:624)
        at java.lang.Thread.run(Thread.java:748)
"metrics-hadoop-metrics2-reporter-99-thread-1" daemon prio=5 tid=2224 timed_waiting
java.lang.Thread.State: TIMED_WAITING
        at sun.misc.Unsafe.park(Native Method)
        at java.util.concurrent.locks.LockSupport.parkNanos(LockSupport.java:215)
        at java.util.concurrent.locks.AbstractQueuedSynchronizer$ConditionObject.awaitNanos(AbstractQueuedSynchronizer.java:2078)
        at java.util.concurrent.ScheduledThreadPoolExecutor$DelayedWorkQueue.take(ScheduledThreadPoolExecutor.java:1093)
        at java.util.concurrent.ScheduledThreadPoolExecutor$DelayedWorkQueue.take(ScheduledThreadPoolExecutor.java:809)
        at java.util.concurrent.ThreadPoolExecutor.getTask(ThreadPoolExecutor.java:1074)
        at java.util.concurrent.ThreadPoolExecutor.runWorker(ThreadPoolExecutor.java:1134)
        at java.util.concurrent.ThreadPoolExecutor$Worker.run(ThreadPoolExecutor.java:624)
        at java.lang.Thread.run(Thread.java:748)
"pool-226-thread-33"  prio=5 tid=2545 in Object.wait()
java.lang.Thread.State: WAITING (on object monitor)
        at sun.misc.Unsafe.park(Native Method)
        at java.util.concurrent.locks.LockSupport.park(LockSupport.java:175)
        at java.util.concurrent.locks.AbstractQueuedSynchronizer$ConditionObject.await(AbstractQueuedSynchronizer.java:2039)
        at java.util.concurrent.ArrayBlockingQueue.take(ArrayBlockingQueue.java:403)
        at java.util.concurrent.ThreadPoolExecutor.getTask(ThreadPoolExecutor.java:1074)
        at java.util.concurrent.ThreadPoolExecutor.runWorker(ThreadPoolExecutor.java:1134)
        at java.util.concurrent.ThreadPoolExecutor$Worker.run(ThreadPoolExecutor.java:624)
        at java.lang.Thread.run(Thread.java:748)
"RatisPipelineUtilsThread"  prio=5 tid=2701 timed_waiting
java.lang.Thread.State: TIMED_WAITING
        at sun.misc.Unsafe.park(Native Method)
        at java.util.concurrent.locks.LockSupport.parkNanos(LockSupport.java:215)
        at java.util.concurrent.locks.AbstractQueuedSynchronizer$ConditionObject.awaitNanos(AbstractQueuedSynchronizer.java:2078)
        at java.util.concurrent.ScheduledThreadPoolExecutor$DelayedWorkQueue.take(ScheduledThreadPoolExecutor.java:1093)
        at java.util.concurrent.ScheduledThreadPoolExecutor$DelayedWorkQueue.take(ScheduledThreadPoolExecutor.java:809)
        at java.util.concurrent.ThreadPoolExecutor.getTask(ThreadPoolExecutor.java:1074)
        at java.util.concurrent.ThreadPoolExecutor.runWorker(ThreadPoolExecutor.java:1134)
        at java.util.concurrent.ThreadPoolExecutor$Worker.run(ThreadPoolExecutor.java:624)
        at java.lang.Thread.run(Thread.java:748)
"pool-236-thread-41"  prio=5 tid=2616 in Object.wait()
java.lang.Thread.State: WAITING (on object monitor)
        at sun.misc.Unsafe.park(Native Method)
        at java.util.concurrent.locks.LockSupport.park(LockSupport.java:175)
        at java.util.concurrent.locks.AbstractQueuedSynchronizer$ConditionObject.await(AbstractQueuedSynchronizer.java:2039)
        at java.util.concurrent.ArrayBlockingQueue.take(ArrayBlockingQueue.java:403)
        at java.util.concurrent.ThreadPoolExecutor.getTask(ThreadPoolExecutor.java:1074)
        at java.util.concurrent.ThreadPoolExecutor.runWorker(ThreadPoolExecutor.java:1134)
        at java.util.concurrent.ThreadPoolExecutor$Worker.run(ThreadPoolExecutor.java:624)
        at java.lang.Thread.run(Thread.java:748)
"qtp2000429588-2473" daemon prio=5 tid=2473 timed_waiting
java.lang.Thread.State: TIMED_WAITING
        at sun.misc.Unsafe.park(Native Method)
        at java.util.concurrent.locks.LockSupport.parkNanos(LockSupport.java:215)
        at java.util.concurrent.locks.AbstractQueuedSynchronizer$ConditionObject.awaitNanos(AbstractQueuedSynchronizer.java:2078)
        at org.eclipse.jetty.util.BlockingArrayQueue.poll(BlockingArrayQueue.java:392)
        at org.eclipse.jetty.util.thread.QueuedThreadPool.idleJobPoll(QueuedThreadPool.java:563)
        at org.eclipse.jetty.util.thread.QueuedThreadPool.access$800(QueuedThreadPool.java:48)
        at org.eclipse.jetty.util.thread.QueuedThreadPool$2.run(QueuedThreadPool.java:626)
        at java.lang.Thread.run(Thread.java:748)
"IPC Server handler 2 on 38076" daemon prio=5 tid=2357 timed_waiting
java.lang.Thread.State: TIMED_WAITING
        at sun.misc.Unsafe.park(Native Method)
        at java.util.concurrent.locks.LockSupport.parkNanos(LockSupport.java:215)
        at java.util.concurrent.locks.AbstractQueuedSynchronizer$ConditionObject.awaitNanos(AbstractQueuedSynchronizer.java:2078)
        at java.util.concurrent.LinkedBlockingQueue.poll(LinkedBlockingQueue.java:467)
        at org.apache.hadoop.ipc.CallQueueManager.take(CallQueueManager.java:288)
        at org.apache.hadoop.ipc.Server$Handler.run(Server.java:2668)
"pool-226-thread-19"  prio=5 tid=2531 in Object.wait()
java.lang.Thread.State: WAITING (on object monitor)
        at sun.misc.Unsafe.park(Native Method)
        at java.util.concurrent.locks.LockSupport.park(LockSupport.java:175)
        at java.util.concurrent.locks.AbstractQueuedSynchronizer$ConditionObject.await(AbstractQueuedSynchronizer.java:2039)
        at java.util.concurrent.ArrayBlockingQueue.take(ArrayBlockingQueue.java:403)
        at java.util.concurrent.ThreadPoolExecutor.getTask(ThreadPoolExecutor.java:1074)
        at java.util.concurrent.ThreadPoolExecutor.runWorker(ThreadPoolExecutor.java:1134)
        at java.util.concurrent.ThreadPoolExecutor$Worker.run(ThreadPoolExecutor.java:624)
        at java.lang.Thread.run(Thread.java:748)
"pool-236-thread-24"  prio=5 tid=2599 in Object.wait()
java.lang.Thread.State: WAITING (on object monitor)
        at sun.misc.Unsafe.park(Native Method)
        at java.util.concurrent.locks.LockSupport.park(LockSupport.java:175)
        at java.util.concurrent.locks.AbstractQueuedSynchronizer$ConditionObject.await(AbstractQueuedSynchronizer.java:2039)
        at java.util.concurrent.ArrayBlockingQueue.take(ArrayBlockingQueue.java:403)
        at java.util.concurrent.ThreadPoolExecutor.getTask(ThreadPoolExecutor.java:1074)
        at java.util.concurrent.ThreadPoolExecutor.runWorker(ThreadPoolExecutor.java:1134)
        at java.util.concurrent.ThreadPoolExecutor$Worker.run(ThreadPoolExecutor.java:624)
        at java.lang.Thread.run(Thread.java:748)
"org.eclipse.jetty.server.session.HashSessionManager@40717edTimer" daemon prio=5 tid=2448 timed_waiting
java.lang.Thread.State: TIMED_WAITING
        at sun.misc.Unsafe.park(Native Method)
        at java.util.concurrent.locks.LockSupport.parkNanos(LockSupport.java:215)
        at java.util.concurrent.locks.AbstractQueuedSynchronizer$ConditionObject.awaitNanos(AbstractQueuedSynchronizer.java:2078)
        at java.util.concurrent.ScheduledThreadPoolExecutor$DelayedWorkQueue.take(ScheduledThreadPoolExecutor.java:1093)
        at java.util.concurrent.ScheduledThreadPoolExecutor$DelayedWorkQueue.take(ScheduledThreadPoolExecutor.java:809)
        at java.util.concurrent.ThreadPoolExecutor.getTask(ThreadPoolExecutor.java:1074)
        at java.util.concurrent.ThreadPoolExecutor.runWorker(ThreadPoolExecutor.java:1134)
        at java.util.concurrent.ThreadPoolExecutor$Worker.run(ThreadPoolExecutor.java:624)
        at java.lang.Thread.run(Thread.java:748)
"metrics-hadoop-metrics2-reporter-4-thread-1" daemon prio=5 tid=442 timed_waiting
java.lang.Thread.State: TIMED_WAITING
        at sun.misc.Unsafe.park(Native Method)
        at java.util.concurrent.locks.LockSupport.parkNanos(LockSupport.java:215)
        at java.util.concurrent.locks.AbstractQueuedSynchronizer$ConditionObject.awaitNanos(AbstractQueuedSynchronizer.java:2078)
        at java.util.concurrent.ScheduledThreadPoolExecutor$DelayedWorkQueue.take(ScheduledThreadPoolExecutor.java:1093)
        at java.util.concurrent.ScheduledThreadPoolExecutor$DelayedWorkQueue.take(ScheduledThreadPoolExecutor.java:809)
        at java.util.concurrent.ThreadPoolExecutor.getTask(ThreadPoolExecutor.java:1074)
        at java.util.concurrent.ThreadPoolExecutor.runWorker(ThreadPoolExecutor.java:1134)
        at java.util.concurrent.ThreadPoolExecutor$Worker.run(ThreadPoolExecutor.java:624)
        at java.lang.Thread.run(Thread.java:748)
"metrics-hadoop-metrics2-reporter-6-thread-1" daemon prio=5 tid=449 timed_waiting
java.lang.Thread.State: TIMED_WAITING
        at sun.misc.Unsafe.park(Native Method)
        at java.util.concurrent.locks.LockSupport.parkNanos(LockSupport.java:215)
        at java.util.concurrent.locks.AbstractQueuedSynchronizer$ConditionObject.awaitNanos(AbstractQueuedSynchronizer.java:2078)
        at java.util.concurrent.ScheduledThreadPoolExecutor$DelayedWorkQueue.take(ScheduledThreadPoolExecutor.java:1093)
        at java.util.concurrent.ScheduledThreadPoolExecutor$DelayedWorkQueue.take(ScheduledThreadPoolExecutor.java:809)
        at java.util.concurrent.ThreadPoolExecutor.getTask(ThreadPoolExecutor.java:1074)
        at java.util.concurrent.ThreadPoolExecutor.runWorker(ThreadPoolExecutor.java:1134)
        at java.util.concurrent.ThreadPoolExecutor$Worker.run(ThreadPoolExecutor.java:624)
        at java.lang.Thread.run(Thread.java:748)
"qtp1847256931-2498" daemon prio=5 tid=2498 timed_waiting
java.lang.Thread.State: TIMED_WAITING
        at sun.misc.Unsafe.park(Native Method)
        at java.util.concurrent.locks.LockSupport.parkNanos(LockSupport.java:215)
        at java.util.concurrent.locks.AbstractQueuedSynchronizer$ConditionObject.awaitNanos(AbstractQueuedSynchronizer.java:2078)
        at org.eclipse.jetty.util.BlockingArrayQueue.poll(BlockingArrayQueue.java:392)
        at org.eclipse.jetty.util.thread.QueuedThreadPool.idleJobPoll(QueuedThreadPool.java:563)
        at org.eclipse.jetty.util.thread.QueuedThreadPool.access$800(QueuedThreadPool.java:48)
        at org.eclipse.jetty.util.thread.QueuedThreadPool$2.run(QueuedThreadPool.java:626)
        at java.lang.Thread.run(Thread.java:748)
"IPC Server handler 1 on 35795" daemon prio=5 tid=2336 timed_waiting
java.lang.Thread.State: TIMED_WAITING
        at sun.misc.Unsafe.park(Native Method)
        at java.util.concurrent.locks.LockSupport.parkNanos(LockSupport.java:215)
        at java.util.concurrent.locks.AbstractQueuedSynchronizer$ConditionObject.awaitNanos(AbstractQueuedSynchronizer.java:2078)
        at java.util.concurrent.LinkedBlockingQueue.poll(LinkedBlockingQueue.java:467)
        at org.apache.hadoop.ipc.CallQueueManager.take(CallQueueManager.java:288)
        at org.apache.hadoop.ipc.Server$Handler.run(Server.java:2668)
"metrics-hadoop-metrics2-reporter-90-thread-1" daemon prio=5 tid=2202 timed_waiting
java.lang.Thread.State: TIMED_WAITING
        at sun.misc.Unsafe.park(Native Method)
        at java.util.concurrent.locks.LockSupport.parkNanos(LockSupport.java:215)
        at java.util.concurrent.locks.AbstractQueuedSynchronizer$ConditionObject.awaitNanos(AbstractQueuedSynchronizer.java:2078)
        at java.util.concurrent.ScheduledThreadPoolExecutor$DelayedWorkQueue.take(ScheduledThreadPoolExecutor.java:1093)
        at java.util.concurrent.ScheduledThreadPoolExecutor$DelayedWorkQueue.take(ScheduledThreadPoolExecutor.java:809)
        at java.util.concurrent.ThreadPoolExecutor.getTask(ThreadPoolExecutor.java:1074)
        at java.util.concurrent.ThreadPoolExecutor.runWorker(ThreadPoolExecutor.java:1134)
        at java.util.concurrent.ThreadPoolExecutor$Worker.run(ThreadPoolExecutor.java:624)
        at java.lang.Thread.run(Thread.java:748)
"pool-246-thread-35"  prio=5 tid=2672 in Object.wait()
java.lang.Thread.State: WAITING (on object monitor)
        at sun.misc.Unsafe.park(Native Method)
        at java.util.concurrent.locks.LockSupport.park(LockSupport.java:175)
        at java.util.concurrent.locks.AbstractQueuedSynchronizer$ConditionObject.await(AbstractQueuedSynchronizer.java:2039)
        at java.util.concurrent.ArrayBlockingQueue.take(ArrayBlockingQueue.java:403)
        at java.util.concurrent.ThreadPoolExecutor.getTask(ThreadPoolExecutor.java:1074)
        at java.util.concurrent.ThreadPoolExecutor.runWorker(ThreadPoolExecutor.java:1134)
        at java.util.concurrent.ThreadPoolExecutor$Worker.run(ThreadPoolExecutor.java:624)
        at java.lang.Thread.run(Thread.java:748)
"PartialTableCache Cleanup Thread - 0" daemon prio=5 tid=1237 in Object.wait()
java.lang.Thread.State: WAITING (on object monitor)
        at sun.misc.Unsafe.park(Native Method)
        at java.util.concurrent.locks.LockSupport.park(LockSupport.java:175)
        at java.util.concurrent.locks.AbstractQueuedSynchronizer$ConditionObject.await(AbstractQueuedSynchronizer.java:2039)
        at java.util.concurrent.LinkedBlockingQueue.take(LinkedBlockingQueue.java:442)
        at java.util.concurrent.ThreadPoolExecutor.getTask(ThreadPoolExecutor.java:1074)
        at java.util.concurrent.ThreadPoolExecutor.runWorker(ThreadPoolExecutor.java:1134)
        at java.util.concurrent.ThreadPoolExecutor$Worker.run(ThreadPoolExecutor.java:624)
        at java.lang.Thread.run(Thread.java:748)
"a6b2ebfb-69a0-457c-b6cd-a50cc148b564@group-916737655080-SegmentedRaftLogWorker"  prio=5 tid=2716 timed_waiting
java.lang.Thread.State: TIMED_WAITING
        at sun.misc.Unsafe.park(Native Method)
        at java.util.concurrent.locks.LockSupport.parkNanos(LockSupport.java:215)
        at java.util.concurrent.locks.AbstractQueuedSynchronizer$ConditionObject.awaitNanos(AbstractQueuedSynchronizer.java:2078)
        at org.apache.ratis.util.DataBlockingQueue.poll(DataBlockingQueue.java:137)
        at org.apache.ratis.server.raftlog.segmented.SegmentedRaftLogWorker.run(SegmentedRaftLogWorker.java:282)
        at java.lang.Thread.run(Thread.java:748)
"IPC Server handler 1 on 40756" daemon prio=5 tid=2316 timed_waiting
java.lang.Thread.State: TIMED_WAITING
        at sun.misc.Unsafe.park(Native Method)
        at java.util.concurrent.locks.LockSupport.parkNanos(LockSupport.java:215)
        at java.util.concurrent.locks.AbstractQueuedSynchronizer$ConditionObject.awaitNanos(AbstractQueuedSynchronizer.java:2078)
        at java.util.concurrent.LinkedBlockingQueue.poll(LinkedBlockingQueue.java:467)
        at org.apache.hadoop.ipc.CallQueueManager.take(CallQueueManager.java:288)
        at org.apache.hadoop.ipc.Server$Handler.run(Server.java:2668)
"metrics-hadoop-metrics2-reporter-19-thread-1" daemon prio=5 tid=486 timed_waiting
java.lang.Thread.State: TIMED_WAITING
        at sun.misc.Unsafe.park(Native Method)
        at java.util.concurrent.locks.LockSupport.parkNanos(LockSupport.java:215)
        at java.util.concurrent.locks.AbstractQueuedSynchronizer$ConditionObject.awaitNanos(AbstractQueuedSynchronizer.java:2078)
        at java.util.concurrent.ScheduledThreadPoolExecutor$DelayedWorkQueue.take(ScheduledThreadPoolExecutor.java:1093)
        at java.util.concurrent.ScheduledThreadPoolExecutor$DelayedWorkQueue.take(ScheduledThreadPoolExecutor.java:809)
        at java.util.concurrent.ThreadPoolExecutor.getTask(ThreadPoolExecutor.java:1074)
        at java.util.concurrent.ThreadPoolExecutor.runWorker(ThreadPoolExecutor.java:1134)
        at java.util.concurrent.ThreadPoolExecutor$Worker.run(ThreadPoolExecutor.java:624)
        at java.lang.Thread.run(Thread.java:748)
"pool-246-thread-27"  prio=5 tid=2664 in Object.wait()
java.lang.Thread.State: WAITING (on object monitor)
        at sun.misc.Unsafe.park(Native Method)
        at java.util.concurrent.locks.LockSupport.park(LockSupport.java:175)
        at java.util.concurrent.locks.AbstractQueuedSynchronizer$ConditionObject.await(AbstractQueuedSynchronizer.java:2039)
        at java.util.concurrent.ArrayBlockingQueue.take(ArrayBlockingQueue.java:403)
        at java.util.concurrent.ThreadPoolExecutor.getTask(ThreadPoolExecutor.java:1074)
        at java.util.concurrent.ThreadPoolExecutor.runWorker(ThreadPoolExecutor.java:1134)
        at java.util.concurrent.ThreadPoolExecutor$Worker.run(ThreadPoolExecutor.java:624)
        at java.lang.Thread.run(Thread.java:748)
"metrics-hadoop-metrics2-reporter-91-thread-1" daemon prio=5 tid=2204 timed_waiting
java.lang.Thread.State: TIMED_WAITING
        at sun.misc.Unsafe.park(Native Method)
        at java.util.concurrent.locks.LockSupport.parkNanos(LockSupport.java:215)
        at java.util.concurrent.locks.AbstractQueuedSynchronizer$ConditionObject.awaitNanos(AbstractQueuedSynchronizer.java:2078)
        at java.util.concurrent.ScheduledThreadPoolExecutor$DelayedWorkQueue.take(ScheduledThreadPoolExecutor.java:1093)
        at java.util.concurrent.ScheduledThreadPoolExecutor$DelayedWorkQueue.take(ScheduledThreadPoolExecutor.java:809)
        at java.util.concurrent.ThreadPoolExecutor.getTask(ThreadPoolExecutor.java:1074)
        at java.util.concurrent.ThreadPoolExecutor.runWorker(ThreadPoolExecutor.java:1134)
        at java.util.concurrent.ThreadPoolExecutor$Worker.run(ThreadPoolExecutor.java:624)
        at java.lang.Thread.run(Thread.java:748)
"metrics-hadoop-metrics2-reporter-13-thread-1" daemon prio=5 tid=464 timed_waiting
java.lang.Thread.State: TIMED_WAITING
        at sun.misc.Unsafe.park(Native Method)
        at java.util.concurrent.locks.LockSupport.parkNanos(LockSupport.java:215)
        at java.util.concurrent.locks.AbstractQueuedSynchronizer$ConditionObject.awaitNanos(AbstractQueuedSynchronizer.java:2078)
        at java.util.concurrent.ScheduledThreadPoolExecutor$DelayedWorkQueue.take(ScheduledThreadPoolExecutor.java:1093)
        at java.util.concurrent.ScheduledThreadPoolExecutor$DelayedWorkQueue.take(ScheduledThreadPoolExecutor.java:809)
        at java.util.concurrent.ThreadPoolExecutor.getTask(ThreadPoolExecutor.java:1074)
        at java.util.concurrent.ThreadPoolExecutor.runWorker(ThreadPoolExecutor.java:1134)
        at java.util.concurrent.ThreadPoolExecutor$Worker.run(ThreadPoolExecutor.java:624)
        at java.lang.Thread.run(Thread.java:748)
"org.eclipse.jetty.server.session.HashSessionManager@613f7eb7Timer" daemon prio=5 tid=2449 timed_waiting
java.lang.Thread.State: TIMED_WAITING
        at sun.misc.Unsafe.park(Native Method)
        at java.util.concurrent.locks.LockSupport.parkNanos(LockSupport.java:215)
        at java.util.concurrent.locks.AbstractQueuedSynchronizer$ConditionObject.awaitNanos(AbstractQueuedSynchronizer.java:2078)
        at java.util.concurrent.ScheduledThreadPoolExecutor$DelayedWorkQueue.take(ScheduledThreadPoolExecutor.java:1093)
        at java.util.concurrent.ScheduledThreadPoolExecutor$DelayedWorkQueue.take(ScheduledThreadPoolExecutor.java:809)
        at java.util.concurrent.ThreadPoolExecutor.getTask(ThreadPoolExecutor.java:1074)
        at java.util.concurrent.ThreadPoolExecutor.runWorker(ThreadPoolExecutor.java:1134)
        at java.util.concurrent.ThreadPoolExecutor$Worker.run(ThreadPoolExecutor.java:624)
        at java.lang.Thread.run(Thread.java:748)
"IPC Server handler 6 on 45250" daemon prio=5 tid=2405 timed_waiting
java.lang.Thread.State: TIMED_WAITING
        at sun.misc.Unsafe.park(Native Method)
        at java.util.concurrent.locks.LockSupport.parkNanos(LockSupport.java:215)
        at java.util.concurrent.locks.AbstractQueuedSynchronizer$ConditionObject.awaitNanos(AbstractQueuedSynchronizer.java:2078)
        at java.util.concurrent.LinkedBlockingQueue.poll(LinkedBlockingQueue.java:467)
        at org.apache.hadoop.ipc.CallQueueManager.take(CallQueueManager.java:288)
        at org.apache.hadoop.ipc.Server$Handler.run(Server.java:2668)
"pool-246-thread-40"  prio=5 tid=2677 in Object.wait()
java.lang.Thread.State: WAITING (on object monitor)
        at sun.misc.Unsafe.park(Native Method)
        at java.util.concurrent.locks.LockSupport.park(LockSupport.java:175)
        at java.util.concurrent.locks.AbstractQueuedSynchronizer$ConditionObject.await(AbstractQueuedSynchronizer.java:2039)
        at java.util.concurrent.ArrayBlockingQueue.take(ArrayBlockingQueue.java:403)
        at java.util.concurrent.ThreadPoolExecutor.getTask(ThreadPoolExecutor.java:1074)
        at java.util.concurrent.ThreadPoolExecutor.runWorker(ThreadPoolExecutor.java:1134)
        at java.util.concurrent.ThreadPoolExecutor$Worker.run(ThreadPoolExecutor.java:624)
        at java.lang.Thread.run(Thread.java:748)
"IPC Server handler 15 on 40756" daemon prio=5 tid=2330 timed_waiting
java.lang.Thread.State: TIMED_WAITING
        at sun.misc.Unsafe.park(Native Method)
        at java.util.concurrent.locks.LockSupport.parkNanos(LockSupport.java:215)
        at java.util.concurrent.locks.AbstractQueuedSynchronizer$ConditionObject.awaitNanos(AbstractQueuedSynchronizer.java:2078)
        at java.util.concurrent.LinkedBlockingQueue.poll(LinkedBlockingQueue.java:467)
        at org.apache.hadoop.ipc.CallQueueManager.take(CallQueueManager.java:288)
        at org.apache.hadoop.ipc.Server$Handler.run(Server.java:2668)
"jaeger.RemoteReporter-QueueProcessor" daemon prio=5 tid=147 in Object.wait()
java.lang.Thread.State: WAITING (on object monitor)
        at sun.misc.Unsafe.park(Native Method)
        at java.util.concurrent.locks.LockSupport.park(LockSupport.java:175)
        at java.util.concurrent.locks.AbstractQueuedSynchronizer$ConditionObject.await(AbstractQueuedSynchronizer.java:2039)
        at java.util.concurrent.ArrayBlockingQueue.take(ArrayBlockingQueue.java:403)
        at io.jaegertracing.internal.reporters.RemoteReporter$QueueProcessor.run(RemoteReporter.java:173)
        at java.lang.Thread.run(Thread.java:748)
"Datanode ReportManager Thread - 0" daemon prio=5 tid=2478 in Object.wait()
java.lang.Thread.State: WAITING (on object monitor)
        at sun.misc.Unsafe.park(Native Method)
        at java.util.concurrent.locks.LockSupport.park(LockSupport.java:175)
        at java.util.concurrent.locks.AbstractQueuedSynchronizer$ConditionObject.await(AbstractQueuedSynchronizer.java:2039)
        at java.util.concurrent.ScheduledThreadPoolExecutor$DelayedWorkQueue.take(ScheduledThreadPoolExecutor.java:1088)
        at java.util.concurrent.ScheduledThreadPoolExecutor$DelayedWorkQueue.take(ScheduledThreadPoolExecutor.java:809)
        at java.util.concurrent.ThreadPoolExecutor.getTask(ThreadPoolExecutor.java:1074)
        at java.util.concurrent.ThreadPoolExecutor.runWorker(ThreadPoolExecutor.java:1134)
        at java.util.concurrent.ThreadPoolExecutor$Worker.run(ThreadPoolExecutor.java:624)
        at java.lang.Thread.run(Thread.java:748)
"metrics-hadoop-metrics2-reporter-93-thread-1" daemon prio=5 tid=2211 timed_waiting
java.lang.Thread.State: TIMED_WAITING
        at sun.misc.Unsafe.park(Native Method)
        at java.util.concurrent.locks.LockSupport.parkNanos(LockSupport.java:215)
        at java.util.concurrent.locks.AbstractQueuedSynchronizer$ConditionObject.awaitNanos(AbstractQueuedSynchronizer.java:2078)
        at java.util.concurrent.ScheduledThreadPoolExecutor$DelayedWorkQueue.take(ScheduledThreadPoolExecutor.java:1093)
        at java.util.concurrent.ScheduledThreadPoolExecutor$DelayedWorkQueue.take(ScheduledThreadPoolExecutor.java:809)
        at java.util.concurrent.ThreadPoolExecutor.getTask(ThreadPoolExecutor.java:1074)
        at java.util.concurrent.ThreadPoolExecutor.runWorker(ThreadPoolExecutor.java:1134)
        at java.util.concurrent.ThreadPoolExecutor$Worker.run(ThreadPoolExecutor.java:624)
        at java.lang.Thread.run(Thread.java:748)
"IPC Server handler 17 on 35795" daemon prio=5 tid=2352 timed_waiting
java.lang.Thread.State: TIMED_WAITING
        at sun.misc.Unsafe.park(Native Method)
        at java.util.concurrent.locks.LockSupport.parkNanos(LockSupport.java:215)
        at java.util.concurrent.locks.AbstractQueuedSynchronizer$ConditionObject.awaitNanos(AbstractQueuedSynchronizer.java:2078)
        at java.util.concurrent.LinkedBlockingQueue.poll(LinkedBlockingQueue.java:467)
        at org.apache.hadoop.ipc.CallQueueManager.take(CallQueueManager.java:288)
        at org.apache.hadoop.ipc.Server$Handler.run(Server.java:2668)
"metrics-hadoop-metrics2-reporter-7-thread-1" daemon prio=5 tid=452 timed_waiting
java.lang.Thread.State: TIMED_WAITING
        at sun.misc.Unsafe.park(Native Method)
        at java.util.concurrent.locks.LockSupport.parkNanos(LockSupport.java:215)
        at java.util.concurrent.locks.AbstractQueuedSynchronizer$ConditionObject.awaitNanos(AbstractQueuedSynchronizer.java:2078)
        at java.util.concurrent.ScheduledThreadPoolExecutor$DelayedWorkQueue.take(ScheduledThreadPoolExecutor.java:1093)
        at java.util.concurrent.ScheduledThreadPoolExecutor$DelayedWorkQueue.take(ScheduledThreadPoolExecutor.java:809)
        at java.util.concurrent.ThreadPoolExecutor.getTask(ThreadPoolExecutor.java:1074)
        at java.util.concurrent.ThreadPoolExecutor.runWorker(ThreadPoolExecutor.java:1134)
        at java.util.concurrent.ThreadPoolExecutor$Worker.run(ThreadPoolExecutor.java:624)
        at java.lang.Thread.run(Thread.java:748)
"PartialTableCache Cleanup Thread - 0" daemon prio=5 tid=1770 in Object.wait()
java.lang.Thread.State: WAITING (on object monitor)
        at sun.misc.Unsafe.park(Native Method)
        at java.util.concurrent.locks.LockSupport.park(LockSupport.java:175)
        at java.util.concurrent.locks.AbstractQueuedSynchronizer$ConditionObject.await(AbstractQueuedSynchronizer.java:2039)
        at java.util.concurrent.LinkedBlockingQueue.take(LinkedBlockingQueue.java:442)
        at java.util.concurrent.ThreadPoolExecutor.getTask(ThreadPoolExecutor.java:1074)
        at java.util.concurrent.ThreadPoolExecutor.runWorker(ThreadPoolExecutor.java:1134)
        at java.util.concurrent.ThreadPoolExecutor$Worker.run(ThreadPoolExecutor.java:624)
        at java.lang.Thread.run(Thread.java:748)
"metrics-hadoop-metrics2-reporter-34-thread-1" daemon prio=5 tid=998 timed_waiting
java.lang.Thread.State: TIMED_WAITING
        at sun.misc.Unsafe.park(Native Method)
        at java.util.concurrent.locks.LockSupport.parkNanos(LockSupport.java:215)
        at java.util.concurrent.locks.AbstractQueuedSynchronizer$ConditionObject.awaitNanos(AbstractQueuedSynchronizer.java:2078)
        at java.util.concurrent.ScheduledThreadPoolExecutor$DelayedWorkQueue.take(ScheduledThreadPoolExecutor.java:1093)
        at java.util.concurrent.ScheduledThreadPoolExecutor$DelayedWorkQueue.take(ScheduledThreadPoolExecutor.java:809)
        at java.util.concurrent.ThreadPoolExecutor.getTask(ThreadPoolExecutor.java:1074)
        at java.util.concurrent.ThreadPoolExecutor.runWorker(ThreadPoolExecutor.java:1134)
        at java.util.concurrent.ThreadPoolExecutor$Worker.run(ThreadPoolExecutor.java:624)
        at java.lang.Thread.run(Thread.java:748)
"metrics-hadoop-metrics2-reporter-16-thread-1" daemon prio=5 tid=479 timed_waiting
java.lang.Thread.State: TIMED_WAITING
        at sun.misc.Unsafe.park(Native Method)
        at java.util.concurrent.locks.LockSupport.parkNanos(LockSupport.java:215)
        at java.util.concurrent.locks.AbstractQueuedSynchronizer$ConditionObject.awaitNanos(AbstractQueuedSynchronizer.java:2078)
        at java.util.concurrent.ScheduledThreadPoolExecutor$DelayedWorkQueue.take(ScheduledThreadPoolExecutor.java:1093)
        at java.util.concurrent.ScheduledThreadPoolExecutor$DelayedWorkQueue.take(ScheduledThreadPoolExecutor.java:809)
        at java.util.concurrent.ThreadPoolExecutor.getTask(ThreadPoolExecutor.java:1074)
        at java.util.concurrent.ThreadPoolExecutor.runWorker(ThreadPoolExecutor.java:1134)
        at java.util.concurrent.ThreadPoolExecutor$Worker.run(ThreadPoolExecutor.java:624)
        at java.lang.Thread.run(Thread.java:748)
"pool-246-thread-42"  prio=5 tid=2679 in Object.wait()
java.lang.Thread.State: WAITING (on object monitor)
        at sun.misc.Unsafe.park(Native Method)
        at java.util.concurrent.locks.LockSupport.park(LockSupport.java:175)
        at java.util.concurrent.locks.AbstractQueuedSynchronizer$ConditionObject.await(AbstractQueuedSynchronizer.java:2039)
        at java.util.concurrent.ArrayBlockingQueue.take(ArrayBlockingQueue.java:403)
        at java.util.concurrent.ThreadPoolExecutor.getTask(ThreadPoolExecutor.java:1074)
        at java.util.concurrent.ThreadPoolExecutor.runWorker(ThreadPoolExecutor.java:1134)
        at java.util.concurrent.ThreadPoolExecutor$Worker.run(ThreadPoolExecutor.java:624)
        at java.lang.Thread.run(Thread.java:748)
"metrics-hadoop-metrics2-reporter-12-thread-1" daemon prio=5 tid=462 timed_waiting
java.lang.Thread.State: TIMED_WAITING
        at sun.misc.Unsafe.park(Native Method)
        at java.util.concurrent.locks.LockSupport.parkNanos(LockSupport.java:215)
        at java.util.concurrent.locks.AbstractQueuedSynchronizer$ConditionObject.awaitNanos(AbstractQueuedSynchronizer.java:2078)
        at java.util.concurrent.ScheduledThreadPoolExecutor$DelayedWorkQueue.take(ScheduledThreadPoolExecutor.java:1093)
        at java.util.concurrent.ScheduledThreadPoolExecutor$DelayedWorkQueue.take(ScheduledThreadPoolExecutor.java:809)
        at java.util.concurrent.ThreadPoolExecutor.getTask(ThreadPoolExecutor.java:1074)
        at java.util.concurrent.ThreadPoolExecutor.runWorker(ThreadPoolExecutor.java:1134)
        at java.util.concurrent.ThreadPoolExecutor$Worker.run(ThreadPoolExecutor.java:624)
        at java.lang.Thread.run(Thread.java:748)
"IPC Server handler 16 on 40756" daemon prio=5 tid=2331 timed_waiting
java.lang.Thread.State: TIMED_WAITING
        at sun.misc.Unsafe.park(Native Method)
        at java.util.concurrent.locks.LockSupport.parkNanos(LockSupport.java:215)
        at java.util.concurrent.locks.AbstractQueuedSynchronizer$ConditionObject.awaitNanos(AbstractQueuedSynchronizer.java:2078)
        at java.util.concurrent.LinkedBlockingQueue.poll(LinkedBlockingQueue.java:467)
        at org.apache.hadoop.ipc.CallQueueManager.take(CallQueueManager.java:288)
        at org.apache.hadoop.ipc.Server$Handler.run(Server.java:2668)
"metrics-hadoop-metrics2-reporter-45-thread-1" daemon prio=5 tid=1032 timed_waiting
java.lang.Thread.State: TIMED_WAITING
        at sun.misc.Unsafe.park(Native Method)
        at java.util.concurrent.locks.LockSupport.parkNanos(LockSupport.java:215)
        at java.util.concurrent.locks.AbstractQueuedSynchronizer$ConditionObject.awaitNanos(AbstractQueuedSynchronizer.java:2078)
        at java.util.concurrent.ScheduledThreadPoolExecutor$DelayedWorkQueue.take(ScheduledThreadPoolExecutor.java:1093)
        at java.util.concurrent.ScheduledThreadPoolExecutor$DelayedWorkQueue.take(ScheduledThreadPoolExecutor.java:809)
        at java.util.concurrent.ThreadPoolExecutor.getTask(ThreadPoolExecutor.java:1074)
        at java.util.concurrent.ThreadPoolExecutor.runWorker(ThreadPoolExecutor.java:1134)
        at java.util.concurrent.ThreadPoolExecutor$Worker.run(ThreadPoolExecutor.java:624)
        at java.lang.Thread.run(Thread.java:748)
"metrics-hadoop-metrics2-reporter-101-thread-1" daemon prio=5 tid=2234 timed_waiting
java.lang.Thread.State: TIMED_WAITING
        at sun.misc.Unsafe.park(Native Method)
        at java.util.concurrent.locks.LockSupport.parkNanos(LockSupport.java:215)
        at java.util.concurrent.locks.AbstractQueuedSynchronizer$ConditionObject.awaitNanos(AbstractQueuedSynchronizer.java:2078)
        at java.util.concurrent.ScheduledThreadPoolExecutor$DelayedWorkQueue.take(ScheduledThreadPoolExecutor.java:1093)
        at java.util.concurrent.ScheduledThreadPoolExecutor$DelayedWorkQueue.take(ScheduledThreadPoolExecutor.java:809)
        at java.util.concurrent.ThreadPoolExecutor.getTask(ThreadPoolExecutor.java:1074)
        at java.util.concurrent.ThreadPoolExecutor.runWorker(ThreadPoolExecutor.java:1134)
        at java.util.concurrent.ThreadPoolExecutor$Worker.run(ThreadPoolExecutor.java:624)
        at java.lang.Thread.run(Thread.java:748)
"IPC Server handler 11 on 45250" daemon prio=5 tid=2410 timed_waiting
java.lang.Thread.State: TIMED_WAITING
        at sun.misc.Unsafe.park(Native Method)
        at java.util.concurrent.locks.LockSupport.parkNanos(LockSupport.java:215)
        at java.util.concurrent.locks.AbstractQueuedSynchronizer$ConditionObject.awaitNanos(AbstractQueuedSynchronizer.java:2078)
        at java.util.concurrent.LinkedBlockingQueue.poll(LinkedBlockingQueue.java:467)
        at org.apache.hadoop.ipc.CallQueueManager.take(CallQueueManager.java:288)
        at org.apache.hadoop.ipc.Server$Handler.run(Server.java:2668)
"pool-226-thread-11"  prio=5 tid=2523 in Object.wait()
java.lang.Thread.State: WAITING (on object monitor)
        at sun.misc.Unsafe.park(Native Method)
        at java.util.concurrent.locks.LockSupport.park(LockSupport.java:175)
        at java.util.concurrent.locks.AbstractQueuedSynchronizer$ConditionObject.await(AbstractQueuedSynchronizer.java:2039)
        at java.util.concurrent.ArrayBlockingQueue.take(ArrayBlockingQueue.java:403)
        at java.util.concurrent.ThreadPoolExecutor.getTask(ThreadPoolExecutor.java:1074)
        at java.util.concurrent.ThreadPoolExecutor.runWorker(ThreadPoolExecutor.java:1134)
        at java.util.concurrent.ThreadPoolExecutor$Worker.run(ThreadPoolExecutor.java:624)
        at java.lang.Thread.run(Thread.java:748)
"org.apache.hadoop.util.JvmPauseMonitor$Monitor@39ecda01" daemon prio=5 tid=2483 timed_waiting
java.lang.Thread.State: TIMED_WAITING
        at java.lang.Thread.sleep(Native Method)
        at org.apache.hadoop.util.JvmPauseMonitor$Monitor.run(JvmPauseMonitor.java:192)
        at java.lang.Thread.run(Thread.java:748)
"IPC Server handler 1 on 38076" daemon prio=5 tid=2356 timed_waiting
java.lang.Thread.State: TIMED_WAITING
        at sun.misc.Unsafe.park(Native Method)
        at java.util.concurrent.locks.LockSupport.parkNanos(LockSupport.java:215)
        at java.util.concurrent.locks.AbstractQueuedSynchronizer$ConditionObject.awaitNanos(AbstractQueuedSynchronizer.java:2078)
        at java.util.concurrent.LinkedBlockingQueue.poll(LinkedBlockingQueue.java:467)
        at org.apache.hadoop.ipc.CallQueueManager.take(CallQueueManager.java:288)
        at org.apache.hadoop.ipc.Server$Handler.run(Server.java:2668)
"metrics-hadoop-metrics2-reporter-24-thread-1" daemon prio=5 tid=504 timed_waiting
java.lang.Thread.State: TIMED_WAITING
        at sun.misc.Unsafe.park(Native Method)
        at java.util.concurrent.locks.LockSupport.parkNanos(LockSupport.java:215)
        at java.util.concurrent.locks.AbstractQueuedSynchronizer$ConditionObject.awaitNanos(AbstractQueuedSynchronizer.java:2078)
        at java.util.concurrent.ScheduledThreadPoolExecutor$DelayedWorkQueue.take(ScheduledThreadPoolExecutor.java:1093)
        at java.util.concurrent.ScheduledThreadPoolExecutor$DelayedWorkQueue.take(ScheduledThreadPoolExecutor.java:809)
        at java.util.concurrent.ThreadPoolExecutor.getTask(ThreadPoolExecutor.java:1074)
        at java.util.concurrent.ThreadPoolExecutor.runWorker(ThreadPoolExecutor.java:1134)
        at java.util.concurrent.ThreadPoolExecutor$Worker.run(ThreadPoolExecutor.java:624)
        at java.lang.Thread.run(Thread.java:748)
"pool-221-thread-1"  prio=5 tid=2419 timed_waiting
java.lang.Thread.State: TIMED_WAITING
        at sun.misc.Unsafe.park(Native Method)
        at java.util.concurrent.locks.LockSupport.parkNanos(LockSupport.java:215)
        at java.util.concurrent.locks.AbstractQueuedSynchronizer$ConditionObject.awaitNanos(AbstractQueuedSynchronizer.java:2078)
        at java.util.concurrent.ScheduledThreadPoolExecutor$DelayedWorkQueue.take(ScheduledThreadPoolExecutor.java:1093)
        at java.util.concurrent.ScheduledThreadPoolExecutor$DelayedWorkQueue.take(ScheduledThreadPoolExecutor.java:809)
        at java.util.concurrent.ThreadPoolExecutor.getTask(ThreadPoolExecutor.java:1074)
        at java.util.concurrent.ThreadPoolExecutor.runWorker(ThreadPoolExecutor.java:1134)
        at java.util.concurrent.ThreadPoolExecutor$Worker.run(ThreadPoolExecutor.java:624)
        at java.lang.Thread.run(Thread.java:748)
"EventQueue-ContainerReportForContainerReportHandler" daemon prio=5 tid=2702 in Object.wait()
java.lang.Thread.State: WAITING (on object monitor)
        at sun.misc.Unsafe.park(Native Method)
        at java.util.concurrent.locks.LockSupport.park(LockSupport.java:175)
        at java.util.concurrent.locks.AbstractQueuedSynchronizer$ConditionObject.await(AbstractQueuedSynchronizer.java:2039)
        at java.util.concurrent.LinkedBlockingQueue.take(LinkedBlockingQueue.java:442)
        at java.util.concurrent.ThreadPoolExecutor.getTask(ThreadPoolExecutor.java:1074)
        at java.util.concurrent.ThreadPoolExecutor.runWorker(ThreadPoolExecutor.java:1134)
        at java.util.concurrent.ThreadPoolExecutor$Worker.run(ThreadPoolExecutor.java:624)
        at java.lang.Thread.run(Thread.java:748)
"metrics-hadoop-metrics2-reporter-59-thread-1" daemon prio=5 tid=1220 timed_waiting
java.lang.Thread.State: TIMED_WAITING
        at sun.misc.Unsafe.park(Native Method)
        at java.util.concurrent.locks.LockSupport.parkNanos(LockSupport.java:215)
        at java.util.concurrent.locks.AbstractQueuedSynchronizer$ConditionObject.awaitNanos(AbstractQueuedSynchronizer.java:2078)
        at java.util.concurrent.ScheduledThreadPoolExecutor$DelayedWorkQueue.take(ScheduledThreadPoolExecutor.java:1093)
        at java.util.concurrent.ScheduledThreadPoolExecutor$DelayedWorkQueue.take(ScheduledThreadPoolExecutor.java:809)
        at java.util.concurrent.ThreadPoolExecutor.getTask(ThreadPoolExecutor.java:1074)
        at java.util.concurrent.ThreadPoolExecutor.runWorker(ThreadPoolExecutor.java:1134)
        at java.util.concurrent.ThreadPoolExecutor$Worker.run(ThreadPoolExecutor.java:624)
        at java.lang.Thread.run(Thread.java:748)
"pool-246-thread-28"  prio=5 tid=2665 in Object.wait()
java.lang.Thread.State: WAITING (on object monitor)
        at sun.misc.Unsafe.park(Native Method)
        at java.util.concurrent.locks.LockSupport.park(LockSupport.java:175)
        at java.util.concurrent.locks.AbstractQueuedSynchronizer$ConditionObject.await(AbstractQueuedSynchronizer.java:2039)
        at java.util.concurrent.ArrayBlockingQueue.take(ArrayBlockingQueue.java:403)
        at java.util.concurrent.ThreadPoolExecutor.getTask(ThreadPoolExecutor.java:1074)
        at java.util.concurrent.ThreadPoolExecutor.runWorker(ThreadPoolExecutor.java:1134)
        at java.util.concurrent.ThreadPoolExecutor$Worker.run(ThreadPoolExecutor.java:624)
        at java.lang.Thread.run(Thread.java:748)
"org.eclipse.jetty.server.session.HashSessionManager@35cec305Timer" daemon prio=5 tid=2476 timed_waiting
java.lang.Thread.State: TIMED_WAITING
        at sun.misc.Unsafe.park(Native Method)
        at java.util.concurrent.locks.LockSupport.parkNanos(LockSupport.java:215)
        at java.util.concurrent.locks.AbstractQueuedSynchronizer$ConditionObject.awaitNanos(AbstractQueuedSynchronizer.java:2078)
        at java.util.concurrent.ScheduledThreadPoolExecutor$DelayedWorkQueue.take(ScheduledThreadPoolExecutor.java:1093)
        at java.util.concurrent.ScheduledThreadPoolExecutor$DelayedWorkQueue.take(ScheduledThreadPoolExecutor.java:809)
        at java.util.concurrent.ThreadPoolExecutor.getTask(ThreadPoolExecutor.java:1074)
        at java.util.concurrent.ThreadPoolExecutor.runWorker(ThreadPoolExecutor.java:1134)
        at java.util.concurrent.ThreadPoolExecutor$Worker.run(ThreadPoolExecutor.java:624)
        at java.lang.Thread.run(Thread.java:748)
"metrics-hadoop-metrics2-reporter-27-thread-1" daemon prio=5 tid=539 timed_waiting
java.lang.Thread.State: TIMED_WAITING
        at sun.misc.Unsafe.park(Native Method)
        at java.util.concurrent.locks.LockSupport.parkNanos(LockSupport.java:215)
        at java.util.concurrent.locks.AbstractQueuedSynchronizer$ConditionObject.awaitNanos(AbstractQueuedSynchronizer.java:2078)
        at java.util.concurrent.ScheduledThreadPoolExecutor$DelayedWorkQueue.take(ScheduledThreadPoolExecutor.java:1093)
        at java.util.concurrent.ScheduledThreadPoolExecutor$DelayedWorkQueue.take(ScheduledThreadPoolExecutor.java:809)
        at java.util.concurrent.ThreadPoolExecutor.getTask(ThreadPoolExecutor.java:1074)
        at java.util.concurrent.ThreadPoolExecutor.runWorker(ThreadPoolExecutor.java:1134)
        at java.util.concurrent.ThreadPoolExecutor$Worker.run(ThreadPoolExecutor.java:624)
        at java.lang.Thread.run(Thread.java:748)
"qtp2322399-2381" daemon prio=5 tid=2381 timed_waiting
java.lang.Thread.State: TIMED_WAITING
        at sun.misc.Unsafe.park(Native Method)
        at java.util.concurrent.locks.LockSupport.parkNanos(LockSupport.java:215)
        at java.util.concurrent.locks.AbstractQueuedSynchronizer$ConditionObject.awaitNanos(AbstractQueuedSynchronizer.java:2078)
        at org.eclipse.jetty.util.BlockingArrayQueue.poll(BlockingArrayQueue.java:392)
        at org.eclipse.jetty.util.thread.QueuedThreadPool.idleJobPoll(QueuedThreadPool.java:563)
        at org.eclipse.jetty.util.thread.QueuedThreadPool.access$800(QueuedThreadPool.java:48)
        at org.eclipse.jetty.util.thread.QueuedThreadPool$2.run(QueuedThreadPool.java:626)
        at java.lang.Thread.run(Thread.java:748)
"pool-226-thread-25"  prio=5 tid=2537 in Object.wait()
java.lang.Thread.State: WAITING (on object monitor)
        at sun.misc.Unsafe.park(Native Method)
        at java.util.concurrent.locks.LockSupport.park(LockSupport.java:175)
        at java.util.concurrent.locks.AbstractQueuedSynchronizer$ConditionObject.await(AbstractQueuedSynchronizer.java:2039)
        at java.util.concurrent.ArrayBlockingQueue.take(ArrayBlockingQueue.java:403)
        at java.util.concurrent.ThreadPoolExecutor.getTask(ThreadPoolExecutor.java:1074)
        at java.util.concurrent.ThreadPoolExecutor.runWorker(ThreadPoolExecutor.java:1134)
        at java.util.concurrent.ThreadPoolExecutor$Worker.run(ThreadPoolExecutor.java:624)
        at java.lang.Thread.run(Thread.java:748)
"Datanode ReportManager Thread - 0" daemon prio=5 tid=1455 in Object.wait()
java.lang.Thread.State: WAITING (on object monitor)
        at sun.misc.Unsafe.park(Native Method)
        at java.util.concurrent.locks.LockSupport.park(LockSupport.java:175)
        at java.util.concurrent.locks.AbstractQueuedSynchronizer$ConditionObject.await(AbstractQueuedSynchronizer.java:2039)
        at java.util.concurrent.ScheduledThreadPoolExecutor$DelayedWorkQueue.take(ScheduledThreadPoolExecutor.java:1088)
        at java.util.concurrent.ScheduledThreadPoolExecutor$DelayedWorkQueue.take(ScheduledThreadPoolExecutor.java:809)
        at java.util.concurrent.ThreadPoolExecutor.getTask(ThreadPoolExecutor.java:1074)
        at java.util.concurrent.ThreadPoolExecutor.runWorker(ThreadPoolExecutor.java:1134)
        at java.util.concurrent.ThreadPoolExecutor$Worker.run(ThreadPoolExecutor.java:624)
        at java.lang.Thread.run(Thread.java:748)
"pool-226-thread-47"  prio=5 tid=2559 in Object.wait()
java.lang.Thread.State: WAITING (on object monitor)
        at sun.misc.Unsafe.park(Native Method)
        at java.util.concurrent.locks.LockSupport.park(LockSupport.java:175)
        at java.util.concurrent.locks.AbstractQueuedSynchronizer$ConditionObject.await(AbstractQueuedSynchronizer.java:2039)
        at java.util.concurrent.ArrayBlockingQueue.take(ArrayBlockingQueue.java:403)
        at java.util.concurrent.ThreadPoolExecutor.getTask(ThreadPoolExecutor.java:1074)
        at java.util.concurrent.ThreadPoolExecutor.runWorker(ThreadPoolExecutor.java:1134)
        at java.util.concurrent.ThreadPoolExecutor$Worker.run(ThreadPoolExecutor.java:624)
        at java.lang.Thread.run(Thread.java:748)
"IPC Server handler 3 on 38076" daemon prio=5 tid=2358 timed_waiting
java.lang.Thread.State: TIMED_WAITING
        at sun.misc.Unsafe.park(Native Method)
        at java.util.concurrent.locks.LockSupport.parkNanos(LockSupport.java:215)
        at java.util.concurrent.locks.AbstractQueuedSynchronizer$ConditionObject.awaitNanos(AbstractQueuedSynchronizer.java:2078)
        at java.util.concurrent.LinkedBlockingQueue.poll(LinkedBlockingQueue.java:467)
        at org.apache.hadoop.ipc.CallQueueManager.take(CallQueueManager.java:288)
        at org.apache.hadoop.ipc.Server$Handler.run(Server.java:2668)
"pool-246-thread-49"  prio=5 tid=2686 in Object.wait()
java.lang.Thread.State: WAITING (on object monitor)
        at sun.misc.Unsafe.park(Native Method)
        at java.util.concurrent.locks.LockSupport.park(LockSupport.java:175)
        at java.util.concurrent.locks.AbstractQueuedSynchronizer$ConditionObject.await(AbstractQueuedSynchronizer.java:2039)
        at java.util.concurrent.ArrayBlockingQueue.take(ArrayBlockingQueue.java:403)
        at java.util.concurrent.ThreadPoolExecutor.getTask(ThreadPoolExecutor.java:1074)
        at java.util.concurrent.ThreadPoolExecutor.runWorker(ThreadPoolExecutor.java:1134)
        at java.util.concurrent.ThreadPoolExecutor$Worker.run(ThreadPoolExecutor.java:624)
        at java.lang.Thread.run(Thread.java:748)
"pool-236-thread-54"  prio=5 tid=2629 in Object.wait()
java.lang.Thread.State: WAITING (on object monitor)
        at sun.misc.Unsafe.park(Native Method)
        at java.util.concurrent.locks.LockSupport.park(LockSupport.java:175)
        at java.util.concurrent.locks.AbstractQueuedSynchronizer$ConditionObject.await(AbstractQueuedSynchronizer.java:2039)
        at java.util.concurrent.ArrayBlockingQueue.take(ArrayBlockingQueue.java:403)
        at java.util.concurrent.ThreadPoolExecutor.getTask(ThreadPoolExecutor.java:1074)
        at java.util.concurrent.ThreadPoolExecutor.runWorker(ThreadPoolExecutor.java:1134)
        at java.util.concurrent.ThreadPoolExecutor$Worker.run(ThreadPoolExecutor.java:624)
        at java.lang.Thread.run(Thread.java:748)
"metrics-hadoop-metrics2-reporter-110-thread-1" daemon prio=5 tid=2268 timed_waiting
java.lang.Thread.State: TIMED_WAITING
        at sun.misc.Unsafe.park(Native Method)
        at java.util.concurrent.locks.LockSupport.parkNanos(LockSupport.java:215)
        at java.util.concurrent.locks.AbstractQueuedSynchronizer$ConditionObject.awaitNanos(AbstractQueuedSynchronizer.java:2078)
        at java.util.concurrent.ScheduledThreadPoolExecutor$DelayedWorkQueue.take(ScheduledThreadPoolExecutor.java:1093)
        at java.util.concurrent.ScheduledThreadPoolExecutor$DelayedWorkQueue.take(ScheduledThreadPoolExecutor.java:809)
        at java.util.concurrent.ThreadPoolExecutor.getTask(ThreadPoolExecutor.java:1074)
        at java.util.concurrent.ThreadPoolExecutor.runWorker(ThreadPoolExecutor.java:1134)
        at java.util.concurrent.ThreadPoolExecutor$Worker.run(ThreadPoolExecutor.java:624)
        at java.lang.Thread.run(Thread.java:748)
"IPC Server handler 8 on 40756" daemon prio=5 tid=2323 timed_waiting
java.lang.Thread.State: TIMED_WAITING
        at sun.misc.Unsafe.park(Native Method)
        at java.util.concurrent.locks.LockSupport.parkNanos(LockSupport.java:215)
        at java.util.concurrent.locks.AbstractQueuedSynchronizer$ConditionObject.awaitNanos(AbstractQueuedSynchronizer.java:2078)
        at java.util.concurrent.LinkedBlockingQueue.poll(LinkedBlockingQueue.java:467)
        at org.apache.hadoop.ipc.CallQueueManager.take(CallQueueManager.java:288)
        at org.apache.hadoop.ipc.Server$Handler.run(Server.java:2668)
"IPC Server handler 18 on 35795" daemon prio=5 tid=2353 timed_waiting
java.lang.Thread.State: TIMED_WAITING
        at sun.misc.Unsafe.park(Native Method)
        at java.util.concurrent.locks.LockSupport.parkNanos(LockSupport.java:215)
        at java.util.concurrent.locks.AbstractQueuedSynchronizer$ConditionObject.awaitNanos(AbstractQueuedSynchronizer.java:2078)
        at java.util.concurrent.LinkedBlockingQueue.poll(LinkedBlockingQueue.java:467)
        at org.apache.hadoop.ipc.CallQueueManager.take(CallQueueManager.java:288)
        at org.apache.hadoop.ipc.Server$Handler.run(Server.java:2668)
"metrics-hadoop-metrics2-reporter-141-thread-1" daemon prio=5 tid=2940 timed_waiting
java.lang.Thread.State: TIMED_WAITING
        at sun.misc.Unsafe.park(Native Method)
        at java.util.concurrent.locks.LockSupport.parkNanos(LockSupport.java:215)
        at java.util.concurrent.locks.AbstractQueuedSynchronizer$ConditionObject.awaitNanos(AbstractQueuedSynchronizer.java:2078)
        at java.util.concurrent.ScheduledThreadPoolExecutor$DelayedWorkQueue.take(ScheduledThreadPoolExecutor.java:1093)
        at java.util.concurrent.ScheduledThreadPoolExecutor$DelayedWorkQueue.take(ScheduledThreadPoolExecutor.java:809)
        at java.util.concurrent.ThreadPoolExecutor.getTask(ThreadPoolExecutor.java:1074)
        at java.util.concurrent.ThreadPoolExecutor.runWorker(ThreadPoolExecutor.java:1134)
        at java.util.concurrent.ThreadPoolExecutor$Worker.run(ThreadPoolExecutor.java:624)
        at java.lang.Thread.run(Thread.java:748)
"Socket Reader #1 for port 35795"  prio=5 tid=2305 runnable
java.lang.Thread.State: RUNNABLE
        at sun.nio.ch.EPollArrayWrapper.epollWait(Native Method)
        at sun.nio.ch.EPollArrayWrapper.poll(EPollArrayWrapper.java:269)
        at sun.nio.ch.EPollSelectorImpl.doSelect(EPollSelectorImpl.java:93)
        at sun.nio.ch.SelectorImpl.lockAndDoSelect(SelectorImpl.java:86)
        at sun.nio.ch.SelectorImpl.select(SelectorImpl.java:97)
        at sun.nio.ch.SelectorImpl.select(SelectorImpl.java:101)
        at org.apache.hadoop.ipc.Server$Listener$Reader.doRunLoop(Server.java:1097)
        at org.apache.hadoop.ipc.Server$Listener$Reader.run(Server.java:1076)
"metrics-hadoop-metrics2-reporter-31-thread-1" daemon prio=5 tid=989 timed_waiting
java.lang.Thread.State: TIMED_WAITING
        at sun.misc.Unsafe.park(Native Method)
        at java.util.concurrent.locks.LockSupport.parkNanos(LockSupport.java:215)
        at java.util.concurrent.locks.AbstractQueuedSynchronizer$ConditionObject.awaitNanos(AbstractQueuedSynchronizer.java:2078)
        at java.util.concurrent.ScheduledThreadPoolExecutor$DelayedWorkQueue.take(ScheduledThreadPoolExecutor.java:1093)
        at java.util.concurrent.ScheduledThreadPoolExecutor$DelayedWorkQueue.take(ScheduledThreadPoolExecutor.java:809)
        at java.util.concurrent.ThreadPoolExecutor.getTask(ThreadPoolExecutor.java:1074)
        at java.util.concurrent.ThreadPoolExecutor.runWorker(ThreadPoolExecutor.java:1134)
        at java.util.concurrent.ThreadPoolExecutor$Worker.run(ThreadPoolExecutor.java:624)
        at java.lang.Thread.run(Thread.java:748)
"Timer for 'StorageContainerManager' metrics system" daemon prio=5 tid=2313 timed_waiting
java.lang.Thread.State: TIMED_WAITING
        at java.lang.Object.wait(Native Method)
        at java.util.TimerThread.mainLoop(Timer.java:552)
        at java.util.TimerThread.run(Timer.java:505)
"metrics-hadoop-metrics2-reporter-125-thread-1" daemon prio=5 tid=2747 timed_waiting
java.lang.Thread.State: TIMED_WAITING
        at sun.misc.Unsafe.park(Native Method)
        at java.util.concurrent.locks.LockSupport.parkNanos(LockSupport.java:215)
        at java.util.concurrent.locks.AbstractQueuedSynchronizer$ConditionObject.awaitNanos(AbstractQueuedSynchronizer.java:2078)
        at java.util.concurrent.ScheduledThreadPoolExecutor$DelayedWorkQueue.take(ScheduledThreadPoolExecutor.java:1093)
        at java.util.concurrent.ScheduledThreadPoolExecutor$DelayedWorkQueue.take(ScheduledThreadPoolExecutor.java:809)
        at java.util.concurrent.ThreadPoolExecutor.getTask(ThreadPoolExecutor.java:1074)
        at java.util.concurrent.ThreadPoolExecutor.runWorker(ThreadPoolExecutor.java:1134)
        at java.util.concurrent.ThreadPoolExecutor$Worker.run(ThreadPoolExecutor.java:624)
        at java.lang.Thread.run(Thread.java:748)
"IPC Server handler 17 on 38076" daemon prio=5 tid=2372 timed_waiting
java.lang.Thread.State: TIMED_WAITING
        at sun.misc.Unsafe.park(Native Method)
        at java.util.concurrent.locks.LockSupport.parkNanos(LockSupport.java:215)
        at java.util.concurrent.locks.AbstractQueuedSynchronizer$ConditionObject.awaitNanos(AbstractQueuedSynchronizer.java:2078)
        at java.util.concurrent.LinkedBlockingQueue.poll(LinkedBlockingQueue.java:467)
        at org.apache.hadoop.ipc.CallQueueManager.take(CallQueueManager.java:288)
        at org.apache.hadoop.ipc.Server$Handler.run(Server.java:2668)
"PartialTableCache Cleanup Thread - 0" daemon prio=5 tid=2286 in Object.wait()
java.lang.Thread.State: WAITING (on object monitor)
        at sun.misc.Unsafe.park(Native Method)
        at java.util.concurrent.locks.LockSupport.park(LockSupport.java:175)
        at java.util.concurrent.locks.AbstractQueuedSynchronizer$ConditionObject.await(AbstractQueuedSynchronizer.java:2039)
        at java.util.concurrent.LinkedBlockingQueue.take(LinkedBlockingQueue.java:442)
        at java.util.concurrent.ThreadPoolExecutor.getTask(ThreadPoolExecutor.java:1074)
        at java.util.concurrent.ThreadPoolExecutor.runWorker(ThreadPoolExecutor.java:1134)
        at java.util.concurrent.ThreadPoolExecutor$Worker.run(ThreadPoolExecutor.java:624)
        at java.lang.Thread.run(Thread.java:748)
"IPC Server handler 7 on 38076" daemon prio=5 tid=2362 timed_waiting
java.lang.Thread.State: TIMED_WAITING
        at sun.misc.Unsafe.park(Native Method)
        at java.util.concurrent.locks.LockSupport.parkNanos(LockSupport.java:215)
        at java.util.concurrent.locks.AbstractQueuedSynchronizer$ConditionObject.awaitNanos(AbstractQueuedSynchronizer.java:2078)
        at java.util.concurrent.LinkedBlockingQueue.poll(LinkedBlockingQueue.java:467)
        at org.apache.hadoop.ipc.CallQueueManager.take(CallQueueManager.java:288)
        at org.apache.hadoop.ipc.Server$Handler.run(Server.java:2668)
"metrics-hadoop-metrics2-reporter-79-thread-1" daemon prio=5 tid=1715 timed_waiting
java.lang.Thread.State: TIMED_WAITING
        at sun.misc.Unsafe.park(Native Method)
        at java.util.concurrent.locks.LockSupport.parkNanos(LockSupport.java:215)
        at java.util.concurrent.locks.AbstractQueuedSynchronizer$ConditionObject.awaitNanos(AbstractQueuedSynchronizer.java:2078)
        at java.util.concurrent.ScheduledThreadPoolExecutor$DelayedWorkQueue.take(ScheduledThreadPoolExecutor.java:1093)
        at java.util.concurrent.ScheduledThreadPoolExecutor$DelayedWorkQueue.take(ScheduledThreadPoolExecutor.java:809)
        at java.util.concurrent.ThreadPoolExecutor.getTask(ThreadPoolExecutor.java:1074)
        at java.util.concurrent.ThreadPoolExecutor.runWorker(ThreadPoolExecutor.java:1134)
        at java.util.concurrent.ThreadPoolExecutor$Worker.run(ThreadPoolExecutor.java:624)
        at java.lang.Thread.run(Thread.java:748)
"pool-246-thread-19"  prio=5 tid=2656 in Object.wait()
java.lang.Thread.State: WAITING (on object monitor)
        at sun.misc.Unsafe.park(Native Method)
        at java.util.concurrent.locks.LockSupport.park(LockSupport.java:175)
        at java.util.concurrent.locks.AbstractQueuedSynchronizer$ConditionObject.await(AbstractQueuedSynchronizer.java:2039)
        at java.util.concurrent.ArrayBlockingQueue.take(ArrayBlockingQueue.java:403)
        at java.util.concurrent.ThreadPoolExecutor.getTask(ThreadPoolExecutor.java:1074)
        at java.util.concurrent.ThreadPoolExecutor.runWorker(ThreadPoolExecutor.java:1134)
        at java.util.concurrent.ThreadPoolExecutor$Worker.run(ThreadPoolExecutor.java:624)
        at java.lang.Thread.run(Thread.java:748)
"pool-246-thread-39"  prio=5 tid=2676 in Object.wait()
java.lang.Thread.State: WAITING (on object monitor)
        at sun.misc.Unsafe.park(Native Method)
        at java.util.concurrent.locks.LockSupport.park(LockSupport.java:175)
        at java.util.concurrent.locks.AbstractQueuedSynchronizer$ConditionObject.await(AbstractQueuedSynchronizer.java:2039)
        at java.util.concurrent.ArrayBlockingQueue.take(ArrayBlockingQueue.java:403)
        at java.util.concurrent.ThreadPoolExecutor.getTask(ThreadPoolExecutor.java:1074)
        at java.util.concurrent.ThreadPoolExecutor.runWorker(ThreadPoolExecutor.java:1134)
        at java.util.concurrent.ThreadPoolExecutor$Worker.run(ThreadPoolExecutor.java:624)
        at java.lang.Thread.run(Thread.java:748)
"pool-226-thread-21"  prio=5 tid=2533 in Object.wait()
java.lang.Thread.State: WAITING (on object monitor)
        at sun.misc.Unsafe.park(Native Method)
        at java.util.concurrent.locks.LockSupport.park(LockSupport.java:175)
        at java.util.concurrent.locks.AbstractQueuedSynchronizer$ConditionObject.await(AbstractQueuedSynchronizer.java:2039)
        at java.util.concurrent.ArrayBlockingQueue.take(ArrayBlockingQueue.java:403)
        at java.util.concurrent.ThreadPoolExecutor.getTask(ThreadPoolExecutor.java:1074)
        at java.util.concurrent.ThreadPoolExecutor.runWorker(ThreadPoolExecutor.java:1134)
        at java.util.concurrent.ThreadPoolExecutor$Worker.run(ThreadPoolExecutor.java:624)
        at java.lang.Thread.run(Thread.java:748)
"qtp945327594-2421-acceptor-0@54fb26ac-ServerConnector@45592af7{HTTP/1.1,[http/1.1]}{0.0.0.0:36726}" daemon prio=3 tid=2421 runnable
java.lang.Thread.State: RUNNABLE
        at sun.nio.ch.ServerSocketChannelImpl.accept0(Native Method)
        at sun.nio.ch.ServerSocketChannelImpl.accept(ServerSocketChannelImpl.java:422)
        at sun.nio.ch.ServerSocketChannelImpl.accept(ServerSocketChannelImpl.java:250)
        at org.eclipse.jetty.server.ServerConnector.accept(ServerConnector.java:397)
        at org.eclipse.jetty.server.AbstractConnector$Acceptor.run(AbstractConnector.java:601)
        at org.eclipse.jetty.util.thread.QueuedThreadPool.runJob(QueuedThreadPool.java:671)
        at org.eclipse.jetty.util.thread.QueuedThreadPool$2.run(QueuedThreadPool.java:589)
        at java.lang.Thread.run(Thread.java:748)
"pool-236-thread-52"  prio=5 tid=2627 in Object.wait()
java.lang.Thread.State: WAITING (on object monitor)
        at sun.misc.Unsafe.park(Native Method)
        at java.util.concurrent.locks.LockSupport.park(LockSupport.java:175)
        at java.util.concurrent.locks.AbstractQueuedSynchronizer$ConditionObject.await(AbstractQueuedSynchronizer.java:2039)
        at java.util.concurrent.ArrayBlockingQueue.take(ArrayBlockingQueue.java:403)
        at java.util.concurrent.ThreadPoolExecutor.getTask(ThreadPoolExecutor.java:1074)
        at java.util.concurrent.ThreadPoolExecutor.runWorker(ThreadPoolExecutor.java:1134)
        at java.util.concurrent.ThreadPoolExecutor$Worker.run(ThreadPoolExecutor.java:624)
        at java.lang.Thread.run(Thread.java:748)
"metrics-hadoop-metrics2-reporter-46-thread-1" daemon prio=5 tid=1033 timed_waiting
java.lang.Thread.State: TIMED_WAITING
        at sun.misc.Unsafe.park(Native Method)
        at java.util.concurrent.locks.LockSupport.parkNanos(LockSupport.java:215)
        at java.util.concurrent.locks.AbstractQueuedSynchronizer$ConditionObject.awaitNanos(AbstractQueuedSynchronizer.java:2078)
        at java.util.concurrent.ScheduledThreadPoolExecutor$DelayedWorkQueue.take(ScheduledThreadPoolExecutor.java:1093)
        at java.util.concurrent.ScheduledThreadPoolExecutor$DelayedWorkQueue.take(ScheduledThreadPoolExecutor.java:809)
        at java.util.concurrent.ThreadPoolExecutor.getTask(ThreadPoolExecutor.java:1074)
        at java.util.concurrent.ThreadPoolExecutor.runWorker(ThreadPoolExecutor.java:1134)
        at java.util.concurrent.ThreadPoolExecutor$Worker.run(ThreadPoolExecutor.java:624)
        at java.lang.Thread.run(Thread.java:748)
"metrics-hadoop-metrics2-reporter-126-thread-1" daemon prio=5 tid=2755 timed_waiting
java.lang.Thread.State: TIMED_WAITING
        at sun.misc.Unsafe.park(Native Method)
        at java.util.concurrent.locks.LockSupport.parkNanos(LockSupport.java:215)
        at java.util.concurrent.locks.AbstractQueuedSynchronizer$ConditionObject.awaitNanos(AbstractQueuedSynchronizer.java:2078)
        at java.util.concurrent.ScheduledThreadPoolExecutor$DelayedWorkQueue.take(ScheduledThreadPoolExecutor.java:1093)
        at java.util.concurrent.ScheduledThreadPoolExecutor$DelayedWorkQueue.take(ScheduledThreadPoolExecutor.java:809)
        at java.util.concurrent.ThreadPoolExecutor.getTask(ThreadPoolExecutor.java:1074)
        at java.util.concurrent.ThreadPoolExecutor.runWorker(ThreadPoolExecutor.java:1134)
        at java.util.concurrent.ThreadPoolExecutor$Worker.run(ThreadPoolExecutor.java:624)
        at java.lang.Thread.run(Thread.java:748)
"metrics-hadoop-metrics2-reporter-92-thread-1" daemon prio=5 tid=2210 timed_waiting
java.lang.Thread.State: TIMED_WAITING
        at sun.misc.Unsafe.park(Native Method)
        at java.util.concurrent.locks.LockSupport.parkNanos(LockSupport.java:215)
        at java.util.concurrent.locks.AbstractQueuedSynchronizer$ConditionObject.awaitNanos(AbstractQueuedSynchronizer.java:2078)
        at java.util.concurrent.ScheduledThreadPoolExecutor$DelayedWorkQueue.take(ScheduledThreadPoolExecutor.java:1093)
        at java.util.concurrent.ScheduledThreadPoolExecutor$DelayedWorkQueue.take(ScheduledThreadPoolExecutor.java:809)
        at java.util.concurrent.ThreadPoolExecutor.getTask(ThreadPoolExecutor.java:1074)
        at java.util.concurrent.ThreadPoolExecutor.runWorker(ThreadPoolExecutor.java:1134)
        at java.util.concurrent.ThreadPoolExecutor$Worker.run(ThreadPoolExecutor.java:624)
        at java.lang.Thread.run(Thread.java:748)
"IPC Server handler 13 on 45250" daemon prio=5 tid=2412 timed_waiting
java.lang.Thread.State: TIMED_WAITING
        at sun.misc.Unsafe.park(Native Method)
        at java.util.concurrent.locks.LockSupport.parkNanos(LockSupport.java:215)
        at java.util.concurrent.locks.AbstractQueuedSynchronizer$ConditionObject.awaitNanos(AbstractQueuedSynchronizer.java:2078)
        at java.util.concurrent.LinkedBlockingQueue.poll(LinkedBlockingQueue.java:467)
        at org.apache.hadoop.ipc.CallQueueManager.take(CallQueueManager.java:288)
        at org.apache.hadoop.ipc.Server$Handler.run(Server.java:2668)
"IPC Server handler 9 on 45250" daemon prio=5 tid=2408 timed_waiting
java.lang.Thread.State: TIMED_WAITING
        at sun.misc.Unsafe.park(Native Method)
        at java.util.concurrent.locks.LockSupport.parkNanos(LockSupport.java:215)
        at java.util.concurrent.locks.AbstractQueuedSynchronizer$ConditionObject.awaitNanos(AbstractQueuedSynchronizer.java:2078)
        at java.util.concurrent.LinkedBlockingQueue.poll(LinkedBlockingQueue.java:467)
        at org.apache.hadoop.ipc.CallQueueManager.take(CallQueueManager.java:288)
        at org.apache.hadoop.ipc.Server$Handler.run(Server.java:2668)
"pool-236-thread-17"  prio=5 tid=2592 in Object.wait()
java.lang.Thread.State: WAITING (on object monitor)
        at sun.misc.Unsafe.park(Native Method)
        at java.util.concurrent.locks.LockSupport.park(LockSupport.java:175)
        at java.util.concurrent.locks.AbstractQueuedSynchronizer$ConditionObject.await(AbstractQueuedSynchronizer.java:2039)
        at java.util.concurrent.ArrayBlockingQueue.take(ArrayBlockingQueue.java:403)
        at java.util.concurrent.ThreadPoolExecutor.getTask(ThreadPoolExecutor.java:1074)
        at java.util.concurrent.ThreadPoolExecutor.runWorker(ThreadPoolExecutor.java:1134)
        at java.util.concurrent.ThreadPoolExecutor$Worker.run(ThreadPoolExecutor.java:624)
        at java.lang.Thread.run(Thread.java:748)
"pool-236-thread-40"  prio=5 tid=2615 in Object.wait()
java.lang.Thread.State: WAITING (on object monitor)
        at sun.misc.Unsafe.park(Native Method)
        at java.util.concurrent.locks.LockSupport.park(LockSupport.java:175)
        at java.util.concurrent.locks.AbstractQueuedSynchronizer$ConditionObject.await(AbstractQueuedSynchronizer.java:2039)
        at java.util.concurrent.ArrayBlockingQueue.take(ArrayBlockingQueue.java:403)
        at java.util.concurrent.ThreadPoolExecutor.getTask(ThreadPoolExecutor.java:1074)
        at java.util.concurrent.ThreadPoolExecutor.runWorker(ThreadPoolExecutor.java:1134)
        at java.util.concurrent.ThreadPoolExecutor$Worker.run(ThreadPoolExecutor.java:624)
        at java.lang.Thread.run(Thread.java:748)
"pool-236-thread-6"  prio=5 tid=2581 in Object.wait()
java.lang.Thread.State: WAITING (on object monitor)
        at sun.misc.Unsafe.park(Native Method)
        at java.util.concurrent.locks.LockSupport.park(LockSupport.java:175)
        at java.util.concurrent.locks.AbstractQueuedSynchronizer$ConditionObject.await(AbstractQueuedSynchronizer.java:2039)
        at java.util.concurrent.ArrayBlockingQueue.take(ArrayBlockingQueue.java:403)
        at java.util.concurrent.ThreadPoolExecutor.getTask(ThreadPoolExecutor.java:1074)
        at java.util.concurrent.ThreadPoolExecutor.runWorker(ThreadPoolExecutor.java:1134)
        at java.util.concurrent.ThreadPoolExecutor$Worker.run(ThreadPoolExecutor.java:624)
        at java.lang.Thread.run(Thread.java:748)
"IPC Server handler 12 on 35795" daemon prio=5 tid=2347 timed_waiting
java.lang.Thread.State: TIMED_WAITING
        at sun.misc.Unsafe.park(Native Method)
        at java.util.concurrent.locks.LockSupport.parkNanos(LockSupport.java:215)
        at java.util.concurrent.locks.AbstractQueuedSynchronizer$ConditionObject.awaitNanos(AbstractQueuedSynchronizer.java:2078)
        at java.util.concurrent.LinkedBlockingQueue.poll(LinkedBlockingQueue.java:467)
        at org.apache.hadoop.ipc.CallQueueManager.take(CallQueueManager.java:288)
        at org.apache.hadoop.ipc.Server$Handler.run(Server.java:2668)
"main"  prio=5 tid=1 runnable
java.lang.Thread.State: RUNNABLE
        at java.lang.Thread.dumpThreads(Native Method)
        at java.lang.Thread.getAllStackTraces(Thread.java:1610)
        at org.apache.hadoop.test.TimedOutTestsListener.buildThreadDump(TimedOutTestsListener.java:87)
        at org.apache.hadoop.test.TimedOutTestsListener.buildThreadDiagnosticString(TimedOutTestsListener.java:73)
        at org.apache.hadoop.test.GenericTestUtils.waitFor(GenericTestUtils.java:389)
        at org.apache.hadoop.ozone.MiniOzoneClusterImpl.waitForClusterToBeReady(MiniOzoneClusterImpl.java:149)
        at org.apache.hadoop.fs.ozone.TestOzoneFileInterfaces.init(TestOzoneFileInterfaces.java:121)
        at sun.reflect.NativeMethodAccessorImpl.invoke0(Native Method)
        at sun.reflect.NativeMethodAccessorImpl.invoke(NativeMethodAccessorImpl.java:62)
        at sun.reflect.DelegatingMethodAccessorImpl.invoke(DelegatingMethodAccessorImpl.java:43)
        at java.lang.reflect.Method.invoke(Method.java:498)
        at org.junit.runners.model.FrameworkMethod$1.runReflectiveCall(FrameworkMethod.java:47)
        at org.junit.internal.runners.model.ReflectiveCallable.run(ReflectiveCallable.java:12)
        at org.junit.runners.model.FrameworkMethod.invokeExplosively(FrameworkMethod.java:44)
        at org.junit.internal.runners.statements.RunBefores.evaluate(RunBefores.java:24)
        at org.junit.internal.runners.statements.RunAfters.evaluate(RunAfters.java:27)
        at org.junit.runners.ParentRunner.runLeaf(ParentRunner.java:271)
        at org.junit.runners.BlockJUnit4ClassRunner.runChild(BlockJUnit4ClassRunner.java:70)
        at org.junit.runners.BlockJUnit4ClassRunner.runChild(BlockJUnit4ClassRunner.java:50)
        at org.junit.runners.ParentRunner$3.run(ParentRunner.java:238)
        at org.junit.runners.ParentRunner$1.schedule(ParentRunner.java:63)
        at org.junit.runners.ParentRunner.runChildren(ParentRunner.java:236)
        at org.junit.runners.ParentRunner.access$000(ParentRunner.java:53)
        at org.junit.runners.ParentRunner$2.evaluate(ParentRunner.java:229)
        at org.junit.runners.ParentRunner.run(ParentRunner.java:309)
        at org.junit.runners.Suite.runChild(Suite.java:127)
        at org.junit.runners.Suite.runChild(Suite.java:26)
        at org.junit.runners.ParentRunner$3.run(ParentRunner.java:238)
        at org.junit.runners.ParentRunner$1.schedule(ParentRunner.java:63)
        at org.junit.runners.ParentRunner.runChildren(ParentRunner.java:236)
        at org.junit.runners.ParentRunner.access$000(ParentRunner.java:53)
        at org.junit.runners.ParentRunner$2.evaluate(ParentRunner.java:229)
        at org.junit.runners.ParentRunner.run(ParentRunner.java:309)
        at org.apache.maven.surefire.junit4.JUnit4Provider.execute(JUnit4Provider.java:365)
        at org.apache.maven.surefire.junit4.JUnit4Provider.executeWithRerun(JUnit4Provider.java:273)
        at org.apache.maven.surefire.junit4.JUnit4Provider.executeTestSet(JUnit4Provider.java:238)
        at org.apache.maven.surefire.junit4.JUnit4Provider.invoke(JUnit4Provider.java:159)
        at org.apache.maven.surefire.booter.ForkedBooter.invokeProviderInSameClassLoader(ForkedBooter.java:384)
        at org.apache.maven.surefire.booter.ForkedBooter.runSuitesInProcess(ForkedBooter.java:345)
        at org.apache.maven.surefire.booter.ForkedBooter.execute(ForkedBooter.java:126)
        at org.apache.maven.surefire.booter.ForkedBooter.main(ForkedBooter.java:418)
"PartialTableCache Cleanup Thread - 0" daemon prio=5 tid=1773 in Object.wait()
java.lang.Thread.State: WAITING (on object monitor)
        at sun.misc.Unsafe.park(Native Method)
        at java.util.concurrent.locks.LockSupport.park(LockSupport.java:175)
        at java.util.concurrent.locks.AbstractQueuedSynchronizer$ConditionObject.await(AbstractQueuedSynchronizer.java:2039)
        at java.util.concurrent.LinkedBlockingQueue.take(LinkedBlockingQueue.java:442)
        at java.util.concurrent.ThreadPoolExecutor.getTask(ThreadPoolExecutor.java:1074)
        at java.util.concurrent.ThreadPoolExecutor.runWorker(ThreadPoolExecutor.java:1134)
        at java.util.concurrent.ThreadPoolExecutor$Worker.run(ThreadPoolExecutor.java:624)
        at java.lang.Thread.run(Thread.java:748)
"IPC Server handler 10 on 40756" daemon prio=5 tid=2325 timed_waiting
java.lang.Thread.State: TIMED_WAITING
        at sun.misc.Unsafe.park(Native Method)
        at java.util.concurrent.locks.LockSupport.parkNanos(LockSupport.java:215)
        at java.util.concurrent.locks.AbstractQueuedSynchronizer$ConditionObject.awaitNanos(AbstractQueuedSynchronizer.java:2078)
        at java.util.concurrent.LinkedBlockingQueue.poll(LinkedBlockingQueue.java:467)
        at org.apache.hadoop.ipc.CallQueueManager.take(CallQueueManager.java:288)
        at org.apache.hadoop.ipc.Server$Handler.run(Server.java:2668)
"metrics-hadoop-metrics2-reporter-88-thread-1" daemon prio=5 tid=2198 timed_waiting
java.lang.Thread.State: TIMED_WAITING
        at sun.misc.Unsafe.park(Native Method)
        at java.util.concurrent.locks.LockSupport.parkNanos(LockSupport.java:215)
        at java.util.concurrent.locks.AbstractQueuedSynchronizer$ConditionObject.awaitNanos(AbstractQueuedSynchronizer.java:2078)
        at java.util.concurrent.ScheduledThreadPoolExecutor$DelayedWorkQueue.take(ScheduledThreadPoolExecutor.java:1093)
        at java.util.concurrent.ScheduledThreadPoolExecutor$DelayedWorkQueue.take(ScheduledThreadPoolExecutor.java:809)
        at java.util.concurrent.ThreadPoolExecutor.getTask(ThreadPoolExecutor.java:1074)
        at java.util.concurrent.ThreadPoolExecutor.runWorker(ThreadPoolExecutor.java:1134)
        at java.util.concurrent.ThreadPoolExecutor$Worker.run(ThreadPoolExecutor.java:624)
        at java.lang.Thread.run(Thread.java:748)
"metrics-hadoop-metrics2-reporter-77-thread-1" daemon prio=5 tid=1712 timed_waiting
java.lang.Thread.State: TIMED_WAITING
        at sun.misc.Unsafe.park(Native Method)
        at java.util.concurrent.locks.LockSupport.parkNanos(LockSupport.java:215)
        at java.util.concurrent.locks.AbstractQueuedSynchronizer$ConditionObject.awaitNanos(AbstractQueuedSynchronizer.java:2078)
        at java.util.concurrent.ScheduledThreadPoolExecutor$DelayedWorkQueue.take(ScheduledThreadPoolExecutor.java:1093)
        at java.util.concurrent.ScheduledThreadPoolExecutor$DelayedWorkQueue.take(ScheduledThreadPoolExecutor.java:809)
        at java.util.concurrent.ThreadPoolExecutor.getTask(ThreadPoolExecutor.java:1074)
        at java.util.concurrent.ThreadPoolExecutor.runWorker(ThreadPoolExecutor.java:1134)
        at java.util.concurrent.ThreadPoolExecutor$Worker.run(ThreadPoolExecutor.java:624)
        at java.lang.Thread.run(Thread.java:748)
"a6b2ebfb-69a0-457c-b6cd-a50cc148b564@group-896385CD49EE-StateMachineUpdater" daemon prio=5 tid=2930 in Object.wait()
java.lang.Thread.State: WAITING (on object monitor)
        at java.lang.Object.wait(Native Method)
        at java.lang.Object.wait(Object.java:502)
        at org.apache.ratis.server.impl.StateMachineUpdater.waitForCommit(StateMachineUpdater.java:194)
        at org.apache.ratis.server.impl.StateMachineUpdater.run(StateMachineUpdater.java:159)
        at java.lang.Thread.run(Thread.java:748)
"PartialTableCache Cleanup Thread - 0" daemon prio=5 tid=1767 in Object.wait()
java.lang.Thread.State: WAITING (on object monitor)
        at sun.misc.Unsafe.park(Native Method)
        at java.util.concurrent.locks.LockSupport.park(LockSupport.java:175)
        at java.util.concurrent.locks.AbstractQueuedSynchronizer$ConditionObject.await(AbstractQueuedSynchronizer.java:2039)
        at java.util.concurrent.LinkedBlockingQueue.take(LinkedBlockingQueue.java:442)
        at java.util.concurrent.ThreadPoolExecutor.getTask(ThreadPoolExecutor.java:1074)
        at java.util.concurrent.ThreadPoolExecutor.runWorker(ThreadPoolExecutor.java:1134)
        at java.util.concurrent.ThreadPoolExecutor$Worker.run(ThreadPoolExecutor.java:624)
        at java.lang.Thread.run(Thread.java:748)
"pool-226-thread-34"  prio=5 tid=2546 in Object.wait()
java.lang.Thread.State: WAITING (on object monitor)
        at sun.misc.Unsafe.park(Native Method)
        at java.util.concurrent.locks.LockSupport.park(LockSupport.java:175)
        at java.util.concurrent.locks.AbstractQueuedSynchronizer$ConditionObject.await(AbstractQueuedSynchronizer.java:2039)
        at java.util.concurrent.ArrayBlockingQueue.take(ArrayBlockingQueue.java:403)
        at java.util.concurrent.ThreadPoolExecutor.getTask(ThreadPoolExecutor.java:1074)
        at java.util.concurrent.ThreadPoolExecutor.runWorker(ThreadPoolExecutor.java:1134)
        at java.util.concurrent.ThreadPoolExecutor$Worker.run(ThreadPoolExecutor.java:624)
        at java.lang.Thread.run(Thread.java:748)
"metrics-hadoop-metrics2-reporter-111-thread-1" daemon prio=5 tid=2270 timed_waiting
java.lang.Thread.State: TIMED_WAITING
        at sun.misc.Unsafe.park(Native Method)
        at java.util.concurrent.locks.LockSupport.parkNanos(LockSupport.java:215)
        at java.util.concurrent.locks.AbstractQueuedSynchronizer$ConditionObject.awaitNanos(AbstractQueuedSynchronizer.java:2078)
        at java.util.concurrent.ScheduledThreadPoolExecutor$DelayedWorkQueue.take(ScheduledThreadPoolExecutor.java:1093)
        at java.util.concurrent.ScheduledThreadPoolExecutor$DelayedWorkQueue.take(ScheduledThreadPoolExecutor.java:809)
        at java.util.concurrent.ThreadPoolExecutor.getTask(ThreadPoolExecutor.java:1074)
        at java.util.concurrent.ThreadPoolExecutor.runWorker(ThreadPoolExecutor.java:1134)
        at java.util.concurrent.ThreadPoolExecutor$Worker.run(ThreadPoolExecutor.java:624)
        at java.lang.Thread.run(Thread.java:748)
"PartialTableCache Cleanup Thread - 0" daemon prio=5 tid=2285 in Object.wait()
java.lang.Thread.State: WAITING (on object monitor)
        at sun.misc.Unsafe.park(Native Method)
        at java.util.concurrent.locks.LockSupport.park(LockSupport.java:175)
        at java.util.concurrent.locks.AbstractQueuedSynchronizer$ConditionObject.await(AbstractQueuedSynchronizer.java:2039)
        at java.util.concurrent.LinkedBlockingQueue.take(LinkedBlockingQueue.java:442)
        at java.util.concurrent.ThreadPoolExecutor.getTask(ThreadPoolExecutor.java:1074)
        at java.util.concurrent.ThreadPoolExecutor.runWorker(ThreadPoolExecutor.java:1134)
        at java.util.concurrent.ThreadPoolExecutor$Worker.run(ThreadPoolExecutor.java:624)
        at java.lang.Thread.run(Thread.java:748)
"pool-236-thread-44"  prio=5 tid=2619 in Object.wait()
java.lang.Thread.State: WAITING (on object monitor)
        at sun.misc.Unsafe.park(Native Method)
        at java.util.concurrent.locks.LockSupport.park(LockSupport.java:175)
        at java.util.concurrent.locks.AbstractQueuedSynchronizer$ConditionObject.await(AbstractQueuedSynchronizer.java:2039)
        at java.util.concurrent.ArrayBlockingQueue.take(ArrayBlockingQueue.java:403)
        at java.util.concurrent.ThreadPoolExecutor.getTask(ThreadPoolExecutor.java:1074)
        at java.util.concurrent.ThreadPoolExecutor.runWorker(ThreadPoolExecutor.java:1134)
        at java.util.concurrent.ThreadPoolExecutor$Worker.run(ThreadPoolExecutor.java:624)
        at java.lang.Thread.run(Thread.java:748)
"IPC Server handler 13 on 35795" daemon prio=5 tid=2348 timed_waiting
java.lang.Thread.State: TIMED_WAITING
        at sun.misc.Unsafe.park(Native Method)
        at java.util.concurrent.locks.LockSupport.parkNanos(LockSupport.java:215)
        at java.util.concurrent.locks.AbstractQueuedSynchronizer$ConditionObject.awaitNanos(AbstractQueuedSynchronizer.java:2078)
        at java.util.concurrent.LinkedBlockingQueue.poll(LinkedBlockingQueue.java:467)
        at org.apache.hadoop.ipc.CallQueueManager.take(CallQueueManager.java:288)
        at org.apache.hadoop.ipc.Server$Handler.run(Server.java:2668)
"IPC Server handler 19 on 40756" daemon prio=5 tid=2334 timed_waiting
java.lang.Thread.State: TIMED_WAITING
        at sun.misc.Unsafe.park(Native Method)
        at java.util.concurrent.locks.LockSupport.parkNanos(LockSupport.java:215)
        at java.util.concurrent.locks.AbstractQueuedSynchronizer$ConditionObject.awaitNanos(AbstractQueuedSynchronizer.java:2078)
        at java.util.concurrent.LinkedBlockingQueue.poll(LinkedBlockingQueue.java:467)
        at org.apache.hadoop.ipc.CallQueueManager.take(CallQueueManager.java:288)
        at org.apache.hadoop.ipc.Server$Handler.run(Server.java:2668)
"metrics-hadoop-metrics2-reporter-75-thread-1" daemon prio=5 tid=1704 timed_waiting
java.lang.Thread.State: TIMED_WAITING
        at sun.misc.Unsafe.park(Native Method)
        at java.util.concurrent.locks.LockSupport.parkNanos(LockSupport.java:215)
        at java.util.concurrent.locks.AbstractQueuedSynchronizer$ConditionObject.awaitNanos(AbstractQueuedSynchronizer.java:2078)
        at java.util.concurrent.ScheduledThreadPoolExecutor$DelayedWorkQueue.take(ScheduledThreadPoolExecutor.java:1093)
        at java.util.concurrent.ScheduledThreadPoolExecutor$DelayedWorkQueue.take(ScheduledThreadPoolExecutor.java:809)
        at java.util.concurrent.ThreadPoolExecutor.getTask(ThreadPoolExecutor.java:1074)
        at java.util.concurrent.ThreadPoolExecutor.runWorker(ThreadPoolExecutor.java:1134)
        at java.util.concurrent.ThreadPoolExecutor$Worker.run(ThreadPoolExecutor.java:624)
        at java.lang.Thread.run(Thread.java:748)
"grpc-default-boss-ELG-10-1" daemon prio=5 tid=2573 runnable
java.lang.Thread.State: RUNNABLE
        at sun.nio.ch.EPollArrayWrapper.epollWait(Native Method)
        at sun.nio.ch.EPollArrayWrapper.poll(EPollArrayWrapper.java:269)
        at sun.nio.ch.EPollSelectorImpl.doSelect(EPollSelectorImpl.java:93)
        at sun.nio.ch.SelectorImpl.lockAndDoSelect(SelectorImpl.java:86)
        at sun.nio.ch.SelectorImpl.select(SelectorImpl.java:97)
        at org.apache.ratis.thirdparty.io.netty.channel.nio.SelectedSelectionKeySetSelector.select(SelectedSelectionKeySetSelector.java:62)
        at org.apache.ratis.thirdparty.io.netty.channel.nio.NioEventLoop.select(NioEventLoop.java:753)
        at org.apache.ratis.thirdparty.io.netty.channel.nio.NioEventLoop.run(NioEventLoop.java:408)
        at org.apache.ratis.thirdparty.io.netty.util.concurrent.SingleThreadEventExecutor$5.run(SingleThreadEventExecutor.java:897)
        at org.apache.ratis.thirdparty.io.netty.util.concurrent.FastThreadLocalRunnable.run(FastThreadLocalRunnable.java:30)
        at java.lang.Thread.run(Thread.java:748)
"IPC Server listener on 38076" daemon prio=5 tid=2300 runnable
java.lang.Thread.State: RUNNABLE
        at sun.nio.ch.EPollArrayWrapper.epollWait(Native Method)
        at sun.nio.ch.EPollArrayWrapper.poll(EPollArrayWrapper.java:269)
        at sun.nio.ch.EPollSelectorImpl.doSelect(EPollSelectorImpl.java:93)
        at sun.nio.ch.SelectorImpl.lockAndDoSelect(SelectorImpl.java:86)
        at sun.nio.ch.SelectorImpl.select(SelectorImpl.java:97)
        at sun.nio.ch.SelectorImpl.select(SelectorImpl.java:101)
        at org.apache.hadoop.ipc.Server$Listener.run(Server.java:1159)
"Datanode ReportManager Thread - 1" daemon prio=5 tid=2506 in Object.wait()
java.lang.Thread.State: WAITING (on object monitor)
        at sun.misc.Unsafe.park(Native Method)
        at java.util.concurrent.locks.LockSupport.park(LockSupport.java:175)
        at java.util.concurrent.locks.AbstractQueuedSynchronizer$ConditionObject.await(AbstractQueuedSynchronizer.java:2039)
        at java.util.concurrent.ScheduledThreadPoolExecutor$DelayedWorkQueue.take(ScheduledThreadPoolExecutor.java:1088)
        at java.util.concurrent.ScheduledThreadPoolExecutor$DelayedWorkQueue.take(ScheduledThreadPoolExecutor.java:809)
        at java.util.concurrent.ThreadPoolExecutor.getTask(ThreadPoolExecutor.java:1074)
        at java.util.concurrent.ThreadPoolExecutor.runWorker(ThreadPoolExecutor.java:1134)
        at java.util.concurrent.ThreadPoolExecutor$Worker.run(ThreadPoolExecutor.java:624)
        at java.lang.Thread.run(Thread.java:748)
"metrics-hadoop-metrics2-reporter-119-thread-1" daemon prio=5 tid=2731 timed_waiting
java.lang.Thread.State: TIMED_WAITING
        at sun.misc.Unsafe.park(Native Method)
        at java.util.concurrent.locks.LockSupport.parkNanos(LockSupport.java:215)
        at java.util.concurrent.locks.AbstractQueuedSynchronizer$ConditionObject.awaitNanos(AbstractQueuedSynchronizer.java:2078)
        at java.util.concurrent.ScheduledThreadPoolExecutor$DelayedWorkQueue.take(ScheduledThreadPoolExecutor.java:1093)
        at java.util.concurrent.ScheduledThreadPoolExecutor$DelayedWorkQueue.take(ScheduledThreadPoolExecutor.java:809)
        at java.util.concurrent.ThreadPoolExecutor.getTask(ThreadPoolExecutor.java:1074)
        at java.util.concurrent.ThreadPoolExecutor.runWorker(ThreadPoolExecutor.java:1134)
        at java.util.concurrent.ThreadPoolExecutor$Worker.run(ThreadPoolExecutor.java:624)
        at java.lang.Thread.run(Thread.java:748)
"pool-246-thread-33"  prio=5 tid=2670 in Object.wait()
java.lang.Thread.State: WAITING (on object monitor)
        at sun.misc.Unsafe.park(Native Method)
        at java.util.concurrent.locks.LockSupport.park(LockSupport.java:175)
        at java.util.concurrent.locks.AbstractQueuedSynchronizer$ConditionObject.await(AbstractQueuedSynchronizer.java:2039)
        at java.util.concurrent.ArrayBlockingQueue.take(ArrayBlockingQueue.java:403)
        at java.util.concurrent.ThreadPoolExecutor.getTask(ThreadPoolExecutor.java:1074)
        at java.util.concurrent.ThreadPoolExecutor.runWorker(ThreadPoolExecutor.java:1134)
        at java.util.concurrent.ThreadPoolExecutor$Worker.run(ThreadPoolExecutor.java:624)
        at java.lang.Thread.run(Thread.java:748)
"Datanode State Machine Thread - 0" daemon prio=5 tid=2477 timed_waiting
java.lang.Thread.State: TIMED_WAITING
        at java.lang.Thread.sleep(Native Method)
        at org.apache.hadoop.ozone.container.common.statemachine.DatanodeStateMachine.start(DatanodeStateMachine.java:191)
        at org.apache.hadoop.ozone.container.common.statemachine.DatanodeStateMachine.lambda$startDaemon$0(DatanodeStateMachine.java:349)
        at org.apache.hadoop.ozone.container.common.statemachine.DatanodeStateMachine$$Lambda$140/1407713529.run(Unknown Source)
        at java.lang.Thread.run(Thread.java:748)
"pool-236-thread-60"  prio=5 tid=2635 in Object.wait()
java.lang.Thread.State: WAITING (on object monitor)
        at sun.misc.Unsafe.park(Native Method)
        at java.util.concurrent.locks.LockSupport.park(LockSupport.java:175)
        at java.util.concurrent.locks.AbstractQueuedSynchronizer$ConditionObject.await(AbstractQueuedSynchronizer.java:2039)
        at java.util.concurrent.ArrayBlockingQueue.take(ArrayBlockingQueue.java:403)
        at java.util.concurrent.ThreadPoolExecutor.getTask(ThreadPoolExecutor.java:1074)
        at java.util.concurrent.ThreadPoolExecutor.runWorker(ThreadPoolExecutor.java:1134)
        at java.util.concurrent.ThreadPoolExecutor$Worker.run(ThreadPoolExecutor.java:624)
        at java.lang.Thread.run(Thread.java:748)
"pool-246-thread-15"  prio=5 tid=2652 in Object.wait()
java.lang.Thread.State: WAITING (on object monitor)
        at sun.misc.Unsafe.park(Native Method)
        at java.util.concurrent.locks.LockSupport.park(LockSupport.java:175)
        at java.util.concurrent.locks.AbstractQueuedSynchronizer$ConditionObject.await(AbstractQueuedSynchronizer.java:2039)
        at java.util.concurrent.ArrayBlockingQueue.take(ArrayBlockingQueue.java:403)
        at java.util.concurrent.ThreadPoolExecutor.getTask(ThreadPoolExecutor.java:1074)
        at java.util.concurrent.ThreadPoolExecutor.runWorker(ThreadPoolExecutor.java:1134)
        at java.util.concurrent.ThreadPoolExecutor$Worker.run(ThreadPoolExecutor.java:624)
        at java.lang.Thread.run(Thread.java:748)
"pool-227-thread-1"  prio=5 tid=2714 in Object.wait()
java.lang.Thread.State: WAITING (on object monitor)
        at sun.misc.Unsafe.park(Native Method)
        at java.util.concurrent.locks.LockSupport.park(LockSupport.java:175)
        at java.util.concurrent.locks.AbstractQueuedSynchronizer$ConditionObject.await(AbstractQueuedSynchronizer.java:2039)
        at java.util.concurrent.LinkedBlockingQueue.take(LinkedBlockingQueue.java:442)
        at java.util.concurrent.ThreadPoolExecutor.getTask(ThreadPoolExecutor.java:1074)
        at java.util.concurrent.ThreadPoolExecutor.runWorker(ThreadPoolExecutor.java:1134)
        at java.util.concurrent.ThreadPoolExecutor$Worker.run(ThreadPoolExecutor.java:624)
        at java.lang.Thread.run(Thread.java:748)
"pool-226-thread-20"  prio=5 tid=2532 in Object.wait()
java.lang.Thread.State: WAITING (on object monitor)
        at sun.misc.Unsafe.park(Native Method)
        at java.util.concurrent.locks.LockSupport.park(LockSupport.java:175)
        at java.util.concurrent.locks.AbstractQueuedSynchronizer$ConditionObject.await(AbstractQueuedSynchronizer.java:2039)
        at java.util.concurrent.ArrayBlockingQueue.take(ArrayBlockingQueue.java:403)
        at java.util.concurrent.ThreadPoolExecutor.getTask(ThreadPoolExecutor.java:1074)
        at java.util.concurrent.ThreadPoolExecutor.runWorker(ThreadPoolExecutor.java:1134)
        at java.util.concurrent.ThreadPoolExecutor$Worker.run(ThreadPoolExecutor.java:624)
        at java.lang.Thread.run(Thread.java:748)
"pool-208-thread-1"  prio=5 tid=2312 timed_waiting
java.lang.Thread.State: TIMED_WAITING
        at sun.misc.Unsafe.park(Native Method)
        at java.util.concurrent.locks.LockSupport.parkNanos(LockSupport.java:215)
        at java.util.concurrent.locks.AbstractQueuedSynchronizer$ConditionObject.awaitNanos(AbstractQueuedSynchronizer.java:2078)
        at java.util.concurrent.ScheduledThreadPoolExecutor$DelayedWorkQueue.take(ScheduledThreadPoolExecutor.java:1093)
        at java.util.concurrent.ScheduledThreadPoolExecutor$DelayedWorkQueue.take(ScheduledThreadPoolExecutor.java:809)
        at java.util.concurrent.ThreadPoolExecutor.getTask(ThreadPoolExecutor.java:1074)
        at java.util.concurrent.ThreadPoolExecutor.runWorker(ThreadPoolExecutor.java:1134)
        at java.util.concurrent.ThreadPoolExecutor$Worker.run(ThreadPoolExecutor.java:624)
        at java.lang.Thread.run(Thread.java:748)
"Socket Reader #1 for port 38076"  prio=5 tid=2301 runnable
java.lang.Thread.State: RUNNABLE
        at sun.nio.ch.EPollArrayWrapper.epollWait(Native Method)
        at sun.nio.ch.EPollArrayWrapper.poll(EPollArrayWrapper.java:269)
        at sun.nio.ch.EPollSelectorImpl.doSelect(EPollSelectorImpl.java:93)
        at sun.nio.ch.SelectorImpl.lockAndDoSelect(SelectorImpl.java:86)
        at sun.nio.ch.SelectorImpl.select(SelectorImpl.java:97)
        at sun.nio.ch.SelectorImpl.select(SelectorImpl.java:101)
        at org.apache.hadoop.ipc.Server$Listener$Reader.doRunLoop(Server.java:1097)
        at org.apache.hadoop.ipc.Server$Listener$Reader.run(Server.java:1076)
"pool-246-thread-44"  prio=5 tid=2681 in Object.wait()
java.lang.Thread.State: WAITING (on object monitor)
        at sun.misc.Unsafe.park(Native Method)
        at java.util.concurrent.locks.LockSupport.park(LockSupport.java:175)
        at java.util.concurrent.locks.AbstractQueuedSynchronizer$ConditionObject.await(AbstractQueuedSynchronizer.java:2039)
        at java.util.concurrent.ArrayBlockingQueue.take(ArrayBlockingQueue.java:403)
        at java.util.concurrent.ThreadPoolExecutor.getTask(ThreadPoolExecutor.java:1074)
        at java.util.concurrent.ThreadPoolExecutor.runWorker(ThreadPoolExecutor.java:1134)
        at java.util.concurrent.ThreadPoolExecutor$Worker.run(ThreadPoolExecutor.java:624)
        at java.lang.Thread.run(Thread.java:748)
"PartialTableCache Cleanup Thread - 0" daemon prio=5 tid=551 in Object.wait()
java.lang.Thread.State: WAITING (on object monitor)
        at sun.misc.Unsafe.park(Native Method)
        at java.util.concurrent.locks.LockSupport.park(LockSupport.java:175)
        at java.util.concurrent.locks.AbstractQueuedSynchronizer$ConditionObject.await(AbstractQueuedSynchronizer.java:2039)
        at java.util.concurrent.LinkedBlockingQueue.take(LinkedBlockingQueue.java:442)
        at java.util.concurrent.ThreadPoolExecutor.getTask(ThreadPoolExecutor.java:1074)
        at java.util.concurrent.ThreadPoolExecutor.runWorker(ThreadPoolExecutor.java:1134)
        at java.util.concurrent.ThreadPoolExecutor$Worker.run(ThreadPoolExecutor.java:624)
        at java.lang.Thread.run(Thread.java:748)
"pool-226-thread-50"  prio=5 tid=2562 in Object.wait()
java.lang.Thread.State: WAITING (on object monitor)
        at sun.misc.Unsafe.park(Native Method)
        at java.util.concurrent.locks.LockSupport.park(LockSupport.java:175)
        at java.util.concurrent.locks.AbstractQueuedSynchronizer$ConditionObject.await(AbstractQueuedSynchronizer.java:2039)
        at java.util.concurrent.ArrayBlockingQueue.take(ArrayBlockingQueue.java:403)
        at java.util.concurrent.ThreadPoolExecutor.getTask(ThreadPoolExecutor.java:1074)
        at java.util.concurrent.ThreadPoolExecutor.runWorker(ThreadPoolExecutor.java:1134)
        at java.util.concurrent.ThreadPoolExecutor$Worker.run(ThreadPoolExecutor.java:624)
        at java.lang.Thread.run(Thread.java:748)
"pool-226-thread-52"  prio=5 tid=2564 in Object.wait()
java.lang.Thread.State: WAITING (on object monitor)
        at sun.misc.Unsafe.park(Native Method)
        at java.util.concurrent.locks.LockSupport.park(LockSupport.java:175)
        at java.util.concurrent.locks.AbstractQueuedSynchronizer$ConditionObject.await(AbstractQueuedSynchronizer.java:2039)
        at java.util.concurrent.ArrayBlockingQueue.take(ArrayBlockingQueue.java:403)
        at java.util.concurrent.ThreadPoolExecutor.getTask(ThreadPoolExecutor.java:1074)
        at java.util.concurrent.ThreadPoolExecutor.runWorker(ThreadPoolExecutor.java:1134)
        at java.util.concurrent.ThreadPoolExecutor$Worker.run(ThreadPoolExecutor.java:624)
        at java.lang.Thread.run(Thread.java:748)
"Datanode ReportManager Thread - 2" daemon prio=5 tid=2507 timed_waiting
java.lang.Thread.State: TIMED_WAITING
        at sun.misc.Unsafe.park(Native Method)
        at java.util.concurrent.locks.LockSupport.parkNanos(LockSupport.java:215)
        at java.util.concurrent.locks.AbstractQueuedSynchronizer$ConditionObject.awaitNanos(AbstractQueuedSynchronizer.java:2078)
        at java.util.concurrent.ScheduledThreadPoolExecutor$DelayedWorkQueue.take(ScheduledThreadPoolExecutor.java:1093)
        at java.util.concurrent.ScheduledThreadPoolExecutor$DelayedWorkQueue.take(ScheduledThreadPoolExecutor.java:809)
        at java.util.concurrent.ThreadPoolExecutor.getTask(ThreadPoolExecutor.java:1074)
        at java.util.concurrent.ThreadPoolExecutor.runWorker(ThreadPoolExecutor.java:1134)
        at java.util.concurrent.ThreadPoolExecutor$Worker.run(ThreadPoolExecutor.java:624)
        at java.lang.Thread.run(Thread.java:748)
"PartialTableCache Cleanup Thread - 0" daemon prio=5 tid=2283 in Object.wait()
java.lang.Thread.State: WAITING (on object monitor)
        at sun.misc.Unsafe.park(Native Method)
        at java.util.concurrent.locks.LockSupport.park(LockSupport.java:175)
        at java.util.concurrent.locks.AbstractQueuedSynchronizer$ConditionObject.await(AbstractQueuedSynchronizer.java:2039)
        at java.util.concurrent.LinkedBlockingQueue.take(LinkedBlockingQueue.java:442)
        at java.util.concurrent.ThreadPoolExecutor.getTask(ThreadPoolExecutor.java:1074)
        at java.util.concurrent.ThreadPoolExecutor.runWorker(ThreadPoolExecutor.java:1134)
        at java.util.concurrent.ThreadPoolExecutor$Worker.run(ThreadPoolExecutor.java:624)
        at java.lang.Thread.run(Thread.java:748)
"metrics-hadoop-metrics2-reporter-71-thread-1" daemon prio=5 tid=1690 timed_waiting
java.lang.Thread.State: TIMED_WAITING
        at sun.misc.Unsafe.park(Native Method)
        at java.util.concurrent.locks.LockSupport.parkNanos(LockSupport.java:215)
        at java.util.concurrent.locks.AbstractQueuedSynchronizer$ConditionObject.awaitNanos(AbstractQueuedSynchronizer.java:2078)
        at java.util.concurrent.ScheduledThreadPoolExecutor$DelayedWorkQueue.take(ScheduledThreadPoolExecutor.java:1093)
        at java.util.concurrent.ScheduledThreadPoolExecutor$DelayedWorkQueue.take(ScheduledThreadPoolExecutor.java:809)
        at java.util.concurrent.ThreadPoolExecutor.getTask(ThreadPoolExecutor.java:1074)
        at java.util.concurrent.ThreadPoolExecutor.runWorker(ThreadPoolExecutor.java:1134)
        at java.util.concurrent.ThreadPoolExecutor$Worker.run(ThreadPoolExecutor.java:624)
        at java.lang.Thread.run(Thread.java:748)
"a6b2ebfb-69a0-457c-b6cd-a50cc148b564@group-896385CD49EE-SegmentedRaftLogWorker"  prio=5 tid=2927 timed_waiting
java.lang.Thread.State: TIMED_WAITING
        at sun.misc.Unsafe.park(Native Method)
        at java.util.concurrent.locks.LockSupport.parkNanos(LockSupport.java:215)
        at java.util.concurrent.locks.AbstractQueuedSynchronizer$ConditionObject.awaitNanos(AbstractQueuedSynchronizer.java:2078)
        at org.apache.ratis.util.DataBlockingQueue.poll(DataBlockingQueue.java:137)
        at org.apache.ratis.server.raftlog.segmented.SegmentedRaftLogWorker.run(SegmentedRaftLogWorker.java:282)
        at java.lang.Thread.run(Thread.java:748)
"pool-246-thread-34"  prio=5 tid=2671 in Object.wait()
java.lang.Thread.State: WAITING (on object monitor)
        at sun.misc.Unsafe.park(Native Method)
        at java.util.concurrent.locks.LockSupport.park(LockSupport.java:175)
        at java.util.concurrent.locks.AbstractQueuedSynchronizer$ConditionObject.await(AbstractQueuedSynchronizer.java:2039)
        at java.util.concurrent.ArrayBlockingQueue.take(ArrayBlockingQueue.java:403)
        at java.util.concurrent.ThreadPoolExecutor.getTask(ThreadPoolExecutor.java:1074)
        at java.util.concurrent.ThreadPoolExecutor.runWorker(ThreadPoolExecutor.java:1134)
        at java.util.concurrent.ThreadPoolExecutor$Worker.run(ThreadPoolExecutor.java:624)
        at java.lang.Thread.run(Thread.java:748)
"pool-236-thread-28"  prio=5 tid=2603 in Object.wait()
java.lang.Thread.State: WAITING (on object monitor)
        at sun.misc.Unsafe.park(Native Method)
        at java.util.concurrent.locks.LockSupport.park(LockSupport.java:175)
        at java.util.concurrent.locks.AbstractQueuedSynchronizer$ConditionObject.await(AbstractQueuedSynchronizer.java:2039)
        at java.util.concurrent.ArrayBlockingQueue.take(ArrayBlockingQueue.java:403)
        at java.util.concurrent.ThreadPoolExecutor.getTask(ThreadPoolExecutor.java:1074)
        at java.util.concurrent.ThreadPoolExecutor.runWorker(ThreadPoolExecutor.java:1134)
        at java.util.concurrent.ThreadPoolExecutor$Worker.run(ThreadPoolExecutor.java:624)
        at java.lang.Thread.run(Thread.java:748)
"IPC Server handler 14 on 35795" daemon prio=5 tid=2349 timed_waiting
java.lang.Thread.State: TIMED_WAITING
        at sun.misc.Unsafe.park(Native Method)
        at java.util.concurrent.locks.LockSupport.parkNanos(LockSupport.java:215)
        at java.util.concurrent.locks.AbstractQueuedSynchronizer$ConditionObject.awaitNanos(AbstractQueuedSynchronizer.java:2078)
        at java.util.concurrent.LinkedBlockingQueue.poll(LinkedBlockingQueue.java:467)
        at org.apache.hadoop.ipc.CallQueueManager.take(CallQueueManager.java:288)
        at org.apache.hadoop.ipc.Server$Handler.run(Server.java:2668)
"java.util.concurrent.ThreadPoolExecutor$Worker@7c133b76[State = -1, empty queue]" daemon prio=5 tid=2955 timed_waiting
java.lang.Thread.State: TIMED_WAITING
        at sun.misc.Unsafe.park(Native Method)
        at java.util.concurrent.locks.LockSupport.parkNanos(LockSupport.java:215)
        at java.util.concurrent.locks.AbstractQueuedSynchronizer$ConditionObject.awaitNanos(AbstractQueuedSynchronizer.java:2078)
        at java.util.concurrent.ScheduledThreadPoolExecutor$DelayedWorkQueue.take(ScheduledThreadPoolExecutor.java:1093)
        at java.util.concurrent.ScheduledThreadPoolExecutor$DelayedWorkQueue.take(ScheduledThreadPoolExecutor.java:809)
        at java.util.concurrent.ThreadPoolExecutor.getTask(ThreadPoolExecutor.java:1074)
        at java.util.concurrent.ThreadPoolExecutor.runWorker(ThreadPoolExecutor.java:1134)
        at java.util.concurrent.ThreadPoolExecutor$Worker.run(ThreadPoolExecutor.java:624)
        at java.lang.Thread.run(Thread.java:748)
"IPC Server idle connection scanner for port 45250" daemon prio=5 tid=2393 timed_waiting
java.lang.Thread.State: TIMED_WAITING
        at java.lang.Object.wait(Native Method)
        at java.util.TimerThread.mainLoop(Timer.java:552)
        at java.util.TimerThread.run(Timer.java:505)
"metrics-hadoop-metrics2-reporter-112-thread-1" daemon prio=5 tid=2715 timed_waiting
java.lang.Thread.State: TIMED_WAITING
        at sun.misc.Unsafe.park(Native Method)
        at java.util.concurrent.locks.LockSupport.parkNanos(LockSupport.java:215)
        at java.util.concurrent.locks.AbstractQueuedSynchronizer$ConditionObject.awaitNanos(AbstractQueuedSynchronizer.java:2078)
        at java.util.concurrent.ScheduledThreadPoolExecutor$DelayedWorkQueue.take(ScheduledThreadPoolExecutor.java:1093)
        at java.util.concurrent.ScheduledThreadPoolExecutor$DelayedWorkQueue.take(ScheduledThreadPoolExecutor.java:809)
        at java.util.concurrent.ThreadPoolExecutor.getTask(ThreadPoolExecutor.java:1074)
        at java.util.concurrent.ThreadPoolExecutor.runWorker(ThreadPoolExecutor.java:1134)
        at java.util.concurrent.ThreadPoolExecutor$Worker.run(ThreadPoolExecutor.java:624)
        at java.lang.Thread.run(Thread.java:748)
"IPC Server handler 0 on 35795" daemon prio=5 tid=2335 timed_waiting
java.lang.Thread.State: TIMED_WAITING
        at sun.misc.Unsafe.park(Native Method)
        at java.util.concurrent.locks.LockSupport.parkNanos(LockSupport.java:215)
        at java.util.concurrent.locks.AbstractQueuedSynchronizer$ConditionObject.awaitNanos(AbstractQueuedSynchronizer.java:2078)
        at java.util.concurrent.LinkedBlockingQueue.poll(LinkedBlockingQueue.java:467)
        at org.apache.hadoop.ipc.CallQueueManager.take(CallQueueManager.java:288)
        at org.apache.hadoop.ipc.Server$Handler.run(Server.java:2668)
"metrics-hadoop-metrics2-reporter-130-thread-1" daemon prio=5 tid=2765 timed_waiting
java.lang.Thread.State: TIMED_WAITING
        at sun.misc.Unsafe.park(Native Method)
        at java.util.concurrent.locks.LockSupport.parkNanos(LockSupport.java:215)
        at java.util.concurrent.locks.AbstractQueuedSynchronizer$ConditionObject.awaitNanos(AbstractQueuedSynchronizer.java:2078)
        at java.util.concurrent.ScheduledThreadPoolExecutor$DelayedWorkQueue.take(ScheduledThreadPoolExecutor.java:1093)
        at java.util.concurrent.ScheduledThreadPoolExecutor$DelayedWorkQueue.take(ScheduledThreadPoolExecutor.java:809)
        at java.util.concurrent.ThreadPoolExecutor.getTask(ThreadPoolExecutor.java:1074)
        at java.util.concurrent.ThreadPoolExecutor.runWorker(ThreadPoolExecutor.java:1134)
        at java.util.concurrent.ThreadPoolExecutor$Worker.run(ThreadPoolExecutor.java:624)
        at java.lang.Thread.run(Thread.java:748)
"IPC Server handler 10 on 45250" daemon prio=5 tid=2409 timed_waiting
java.lang.Thread.State: TIMED_WAITING
        at sun.misc.Unsafe.park(Native Method)
        at java.util.concurrent.locks.LockSupport.parkNanos(LockSupport.java:215)
        at java.util.concurrent.locks.AbstractQueuedSynchronizer$ConditionObject.awaitNanos(AbstractQueuedSynchronizer.java:2078)
        at java.util.concurrent.LinkedBlockingQueue.poll(LinkedBlockingQueue.java:467)
        at org.apache.hadoop.ipc.CallQueueManager.take(CallQueueManager.java:288)
        at org.apache.hadoop.ipc.Server$Handler.run(Server.java:2668)
"pool-226-thread-29"  prio=5 tid=2541 in Object.wait()
java.lang.Thread.State: WAITING (on object monitor)
        at sun.misc.Unsafe.park(Native Method)
        at java.util.concurrent.locks.LockSupport.park(LockSupport.java:175)
        at java.util.concurrent.locks.AbstractQueuedSynchronizer$ConditionObject.await(AbstractQueuedSynchronizer.java:2039)
        at java.util.concurrent.ArrayBlockingQueue.take(ArrayBlockingQueue.java:403)
        at java.util.concurrent.ThreadPoolExecutor.getTask(ThreadPoolExecutor.java:1074)
        at java.util.concurrent.ThreadPoolExecutor.runWorker(ThreadPoolExecutor.java:1134)
        at java.util.concurrent.ThreadPoolExecutor$Worker.run(ThreadPoolExecutor.java:624)
        at java.lang.Thread.run(Thread.java:748)
"pool-246-thread-48"  prio=5 tid=2685 in Object.wait()
java.lang.Thread.State: WAITING (on object monitor)
        at sun.misc.Unsafe.park(Native Method)
        at java.util.concurrent.locks.LockSupport.park(LockSupport.java:175)
        at java.util.concurrent.locks.AbstractQueuedSynchronizer$ConditionObject.await(AbstractQueuedSynchronizer.java:2039)
        at java.util.concurrent.ArrayBlockingQueue.take(ArrayBlockingQueue.java:403)
        at java.util.concurrent.ThreadPoolExecutor.getTask(ThreadPoolExecutor.java:1074)
        at java.util.concurrent.ThreadPoolExecutor.runWorker(ThreadPoolExecutor.java:1134)
        at java.util.concurrent.ThreadPoolExecutor$Worker.run(ThreadPoolExecutor.java:624)
        at java.lang.Thread.run(Thread.java:748)
"BlockDeletingService#1" daemon prio=5 tid=2575 in Object.wait()
java.lang.Thread.State: WAITING (on object monitor)
        at sun.misc.Unsafe.park(Native Method)
        at java.util.concurrent.locks.LockSupport.park(LockSupport.java:175)
        at java.util.concurrent.locks.AbstractQueuedSynchronizer$ConditionObject.await(AbstractQueuedSynchronizer.java:2039)
        at java.util.concurrent.ScheduledThreadPoolExecutor$DelayedWorkQueue.take(ScheduledThreadPoolExecutor.java:1088)
        at java.util.concurrent.ScheduledThreadPoolExecutor$DelayedWorkQueue.take(ScheduledThreadPoolExecutor.java:809)
        at java.util.concurrent.ThreadPoolExecutor.getTask(ThreadPoolExecutor.java:1074)
        at java.util.concurrent.ThreadPoolExecutor.runWorker(ThreadPoolExecutor.java:1134)
        at java.util.concurrent.ThreadPoolExecutor$Worker.run(ThreadPoolExecutor.java:624)
        at java.lang.Thread.run(Thread.java:748)
"pool-226-thread-16"  prio=5 tid=2528 in Object.wait()
java.lang.Thread.State: WAITING (on object monitor)
        at sun.misc.Unsafe.park(Native Method)
        at java.util.concurrent.locks.LockSupport.park(LockSupport.java:175)
        at java.util.concurrent.locks.AbstractQueuedSynchronizer$ConditionObject.await(AbstractQueuedSynchronizer.java:2039)
        at java.util.concurrent.ArrayBlockingQueue.take(ArrayBlockingQueue.java:403)
        at java.util.concurrent.ThreadPoolExecutor.getTask(ThreadPoolExecutor.java:1074)
        at java.util.concurrent.ThreadPoolExecutor.runWorker(ThreadPoolExecutor.java:1134)
        at java.util.concurrent.ThreadPoolExecutor$Worker.run(ThreadPoolExecutor.java:624)
        at java.lang.Thread.run(Thread.java:748)
"pool-226-thread-45"  prio=5 tid=2557 in Object.wait()
java.lang.Thread.State: WAITING (on object monitor)
        at sun.misc.Unsafe.park(Native Method)
        at java.util.concurrent.locks.LockSupport.park(LockSupport.java:175)
        at java.util.concurrent.locks.AbstractQueuedSynchronizer$ConditionObject.await(AbstractQueuedSynchronizer.java:2039)
        at java.util.concurrent.ArrayBlockingQueue.take(ArrayBlockingQueue.java:403)
        at java.util.concurrent.ThreadPoolExecutor.getTask(ThreadPoolExecutor.java:1074)
        at java.util.concurrent.ThreadPoolExecutor.runWorker(ThreadPoolExecutor.java:1134)
        at java.util.concurrent.ThreadPoolExecutor$Worker.run(ThreadPoolExecutor.java:624)
        at java.lang.Thread.run(Thread.java:748)
"IPC Server handler 1 on 45250" daemon prio=5 tid=2400 timed_waiting
java.lang.Thread.State: TIMED_WAITING
        at sun.misc.Unsafe.park(Native Method)
        at java.util.concurrent.locks.LockSupport.parkNanos(LockSupport.java:215)
        at java.util.concurrent.locks.AbstractQueuedSynchronizer$ConditionObject.awaitNanos(AbstractQueuedSynchronizer.java:2078)
        at java.util.concurrent.LinkedBlockingQueue.poll(LinkedBlockingQueue.java:467)
        at org.apache.hadoop.ipc.CallQueueManager.take(CallQueueManager.java:288)
        at org.apache.hadoop.ipc.Server$Handler.run(Server.java:2668)
"metrics-hadoop-metrics2-reporter-21-thread-1" daemon prio=5 tid=493 timed_waiting
java.lang.Thread.State: TIMED_WAITING
        at sun.misc.Unsafe.park(Native Method)
        at java.util.concurrent.locks.LockSupport.parkNanos(LockSupport.java:215)
        at java.util.concurrent.locks.AbstractQueuedSynchronizer$ConditionObject.awaitNanos(AbstractQueuedSynchronizer.java:2078)
        at java.util.concurrent.ScheduledThreadPoolExecutor$DelayedWorkQueue.take(ScheduledThreadPoolExecutor.java:1093)
        at java.util.concurrent.ScheduledThreadPoolExecutor$DelayedWorkQueue.take(ScheduledThreadPoolExecutor.java:809)
        at java.util.concurrent.ThreadPoolExecutor.getTask(ThreadPoolExecutor.java:1074)
        at java.util.concurrent.ThreadPoolExecutor.runWorker(ThreadPoolExecutor.java:1134)
        at java.util.concurrent.ThreadPoolExecutor$Worker.run(ThreadPoolExecutor.java:624)
        at java.lang.Thread.run(Thread.java:748)
"Datanode ReportManager Thread - 0" daemon prio=5 tid=2505 in Object.wait()
java.lang.Thread.State: WAITING (on object monitor)
        at sun.misc.Unsafe.park(Native Method)
        at java.util.concurrent.locks.LockSupport.park(LockSupport.java:175)
        at java.util.concurrent.locks.AbstractQueuedSynchronizer$ConditionObject.await(AbstractQueuedSynchronizer.java:2039)
        at java.util.concurrent.ScheduledThreadPoolExecutor$DelayedWorkQueue.take(ScheduledThreadPoolExecutor.java:1088)
        at java.util.concurrent.ScheduledThreadPoolExecutor$DelayedWorkQueue.take(ScheduledThreadPoolExecutor.java:809)
        at java.util.concurrent.ThreadPoolExecutor.getTask(ThreadPoolExecutor.java:1074)
        at java.util.concurrent.ThreadPoolExecutor.runWorker(ThreadPoolExecutor.java:1134)
        at java.util.concurrent.ThreadPoolExecutor$Worker.run(ThreadPoolExecutor.java:624)
        at java.lang.Thread.run(Thread.java:748)
"EventQueue-NewNodeForNewNodeHandler" daemon prio=5 tid=2700 in Object.wait()
java.lang.Thread.State: WAITING (on object monitor)
        at sun.misc.Unsafe.park(Native Method)
        at java.util.concurrent.locks.LockSupport.park(LockSupport.java:175)
        at java.util.concurrent.locks.AbstractQueuedSynchronizer$ConditionObject.await(AbstractQueuedSynchronizer.java:2039)
        at java.util.concurrent.LinkedBlockingQueue.take(LinkedBlockingQueue.java:442)
        at java.util.concurrent.ThreadPoolExecutor.getTask(ThreadPoolExecutor.java:1074)
        at java.util.concurrent.ThreadPoolExecutor.runWorker(ThreadPoolExecutor.java:1134)
        at java.util.concurrent.ThreadPoolExecutor$Worker.run(ThreadPoolExecutor.java:624)
        at java.lang.Thread.run(Thread.java:748)
"pool-246-thread-30"  prio=5 tid=2667 in Object.wait()
java.lang.Thread.State: WAITING (on object monitor)
        at sun.misc.Unsafe.park(Native Method)
        at java.util.concurrent.locks.LockSupport.park(LockSupport.java:175)
        at java.util.concurrent.locks.AbstractQueuedSynchronizer$ConditionObject.await(AbstractQueuedSynchronizer.java:2039)
        at java.util.concurrent.ArrayBlockingQueue.take(ArrayBlockingQueue.java:403)
        at java.util.concurrent.ThreadPoolExecutor.getTask(ThreadPoolExecutor.java:1074)
        at java.util.concurrent.ThreadPoolExecutor.runWorker(ThreadPoolExecutor.java:1134)
        at java.util.concurrent.ThreadPoolExecutor$Worker.run(ThreadPoolExecutor.java:624)
        at java.lang.Thread.run(Thread.java:748)
"metrics-hadoop-metrics2-reporter-82-thread-1" daemon prio=5 tid=1730 timed_waiting
java.lang.Thread.State: TIMED_WAITING
        at sun.misc.Unsafe.park(Native Method)
        at java.util.concurrent.locks.LockSupport.parkNanos(LockSupport.java:215)
        at java.util.concurrent.locks.AbstractQueuedSynchronizer$ConditionObject.awaitNanos(AbstractQueuedSynchronizer.java:2078)
        at java.util.concurrent.ScheduledThreadPoolExecutor$DelayedWorkQueue.take(ScheduledThreadPoolExecutor.java:1093)
        at java.util.concurrent.ScheduledThreadPoolExecutor$DelayedWorkQueue.take(ScheduledThreadPoolExecutor.java:809)
        at java.util.concurrent.ThreadPoolExecutor.getTask(ThreadPoolExecutor.java:1074)
        at java.util.concurrent.ThreadPoolExecutor.runWorker(ThreadPoolExecutor.java:1134)
        at java.util.concurrent.ThreadPoolExecutor$Worker.run(ThreadPoolExecutor.java:624)
        at java.lang.Thread.run(Thread.java:748)
"IPC Server handler 7 on 40756" daemon prio=5 tid=2322 timed_waiting
java.lang.Thread.State: TIMED_WAITING
        at sun.misc.Unsafe.park(Native Method)
        at java.util.concurrent.locks.LockSupport.parkNanos(LockSupport.java:215)
        at java.util.concurrent.locks.AbstractQueuedSynchronizer$ConditionObject.awaitNanos(AbstractQueuedSynchronizer.java:2078)
        at java.util.concurrent.LinkedBlockingQueue.poll(LinkedBlockingQueue.java:467)
        at org.apache.hadoop.ipc.CallQueueManager.take(CallQueueManager.java:288)
        at org.apache.hadoop.ipc.Server$Handler.run(Server.java:2668)
"pool-236-thread-7"  prio=5 tid=2582 in Object.wait()
java.lang.Thread.State: WAITING (on object monitor)
        at sun.misc.Unsafe.park(Native Method)
        at java.util.concurrent.locks.LockSupport.park(LockSupport.java:175)
        at java.util.concurrent.locks.AbstractQueuedSynchronizer$ConditionObject.await(AbstractQueuedSynchronizer.java:2039)
        at java.util.concurrent.ArrayBlockingQueue.take(ArrayBlockingQueue.java:403)
        at java.util.concurrent.ThreadPoolExecutor.getTask(ThreadPoolExecutor.java:1074)
        at java.util.concurrent.ThreadPoolExecutor.runWorker(ThreadPoolExecutor.java:1134)
        at java.util.concurrent.ThreadPoolExecutor$Worker.run(ThreadPoolExecutor.java:624)
        at java.lang.Thread.run(Thread.java:748)
"metrics-hadoop-metrics2-reporter-105-thread-1" daemon prio=5 tid=2245 timed_waiting
java.lang.Thread.State: TIMED_WAITING
        at sun.misc.Unsafe.park(Native Method)
        at java.util.concurrent.locks.LockSupport.parkNanos(LockSupport.java:215)
        at java.util.concurrent.locks.AbstractQueuedSynchronizer$ConditionObject.awaitNanos(AbstractQueuedSynchronizer.java:2078)
        at java.util.concurrent.ScheduledThreadPoolExecutor$DelayedWorkQueue.take(ScheduledThreadPoolExecutor.java:1093)
        at java.util.concurrent.ScheduledThreadPoolExecutor$DelayedWorkQueue.take(ScheduledThreadPoolExecutor.java:809)
        at java.util.concurrent.ThreadPoolExecutor.getTask(ThreadPoolExecutor.java:1074)
        at java.util.concurrent.ThreadPoolExecutor.runWorker(ThreadPoolExecutor.java:1134)
        at java.util.concurrent.ThreadPoolExecutor$Worker.run(ThreadPoolExecutor.java:624)
        at java.lang.Thread.run(Thread.java:748)
"pool-236-thread-9"  prio=5 tid=2584 in Object.wait()
java.lang.Thread.State: WAITING (on object monitor)
        at sun.misc.Unsafe.park(Native Method)
        at java.util.concurrent.locks.LockSupport.park(LockSupport.java:175)
        at java.util.concurrent.locks.AbstractQueuedSynchronizer$ConditionObject.await(AbstractQueuedSynchronizer.java:2039)
        at java.util.concurrent.ArrayBlockingQueue.take(ArrayBlockingQueue.java:403)
        at java.util.concurrent.ThreadPoolExecutor.getTask(ThreadPoolExecutor.java:1074)
        at java.util.concurrent.ThreadPoolExecutor.runWorker(ThreadPoolExecutor.java:1134)
        at java.util.concurrent.ThreadPoolExecutor$Worker.run(ThreadPoolExecutor.java:624)
        at java.lang.Thread.run(Thread.java:748)
"pool-236-thread-38"  prio=5 tid=2613 in Object.wait()
java.lang.Thread.State: WAITING (on object monitor)
        at sun.misc.Unsafe.park(Native Method)
        at java.util.concurrent.locks.LockSupport.park(LockSupport.java:175)
        at java.util.concurrent.locks.AbstractQueuedSynchronizer$ConditionObject.await(AbstractQueuedSynchronizer.java:2039)
        at java.util.concurrent.ArrayBlockingQueue.take(ArrayBlockingQueue.java:403)
        at java.util.concurrent.ThreadPoolExecutor.getTask(ThreadPoolExecutor.java:1074)
        at java.util.concurrent.ThreadPoolExecutor.runWorker(ThreadPoolExecutor.java:1134)
        at java.util.concurrent.ThreadPoolExecutor$Worker.run(ThreadPoolExecutor.java:624)
        at java.lang.Thread.run(Thread.java:748)
"pool-246-thread-59"  prio=5 tid=2696 in Object.wait()
java.lang.Thread.State: WAITING (on object monitor)
        at sun.misc.Unsafe.park(Native Method)
        at java.util.concurrent.locks.LockSupport.park(LockSupport.java:175)
        at java.util.concurrent.locks.AbstractQueuedSynchronizer$ConditionObject.await(AbstractQueuedSynchronizer.java:2039)
        at java.util.concurrent.ArrayBlockingQueue.take(ArrayBlockingQueue.java:403)
        at java.util.concurrent.ThreadPoolExecutor.getTask(ThreadPoolExecutor.java:1074)
        at java.util.concurrent.ThreadPoolExecutor.runWorker(ThreadPoolExecutor.java:1134)
        at java.util.concurrent.ThreadPoolExecutor$Worker.run(ThreadPoolExecutor.java:624)
        at java.lang.Thread.run(Thread.java:748)
"IPC Server Responder" daemon prio=5 tid=2303 runnable
java.lang.Thread.State: RUNNABLE
        at sun.nio.ch.EPollArrayWrapper.epollWait(Native Method)
        at sun.nio.ch.EPollArrayWrapper.poll(EPollArrayWrapper.java:269)
        at sun.nio.ch.EPollSelectorImpl.doSelect(EPollSelectorImpl.java:93)
        at sun.nio.ch.SelectorImpl.lockAndDoSelect(SelectorImpl.java:86)
        at sun.nio.ch.SelectorImpl.select(SelectorImpl.java:97)
        at org.apache.hadoop.ipc.Server$Responder.doRunLoop(Server.java:1334)
        at org.apache.hadoop.ipc.Server$Responder.run(Server.java:1317)
"refreshUsed-/workdir/hadoop-ozone/ozonefs/target/test-dir/MiniOzoneClusterImpl-a3991107-2db4-4ed9-b586-01161be3d184/datanode-2/data/containers" daemon prio=5 tid=2488 timed_waiting
java.lang.Thread.State: TIMED_WAITING
        at java.lang.Thread.sleep(Native Method)
        at org.apache.hadoop.fs.CachingGetSpaceUsed$RefreshThread.run(CachingGetSpaceUsed.java:179)
        at java.lang.Thread.run(Thread.java:748)
"qtp2000429588-2469" daemon prio=5 tid=2469 timed_waiting
java.lang.Thread.State: TIMED_WAITING
        at sun.misc.Unsafe.park(Native Method)
        at java.util.concurrent.locks.LockSupport.parkNanos(LockSupport.java:215)
        at java.util.concurrent.locks.AbstractQueuedSynchronizer$ConditionObject.awaitNanos(AbstractQueuedSynchronizer.java:2078)
        at org.eclipse.jetty.util.BlockingArrayQueue.poll(BlockingArrayQueue.java:392)
        at org.eclipse.jetty.util.thread.QueuedThreadPool.idleJobPoll(QueuedThreadPool.java:563)
        at org.eclipse.jetty.util.thread.QueuedThreadPool.access$800(QueuedThreadPool.java:48)
        at org.eclipse.jetty.util.thread.QueuedThreadPool$2.run(QueuedThreadPool.java:626)
        at java.lang.Thread.run(Thread.java:748)
"org.apache.hadoop.util.JvmPauseMonitor$Monitor@5f3a9c80" daemon prio=5 tid=2456 timed_waiting
java.lang.Thread.State: TIMED_WAITING
        at java.lang.Thread.sleep(Native Method)
        at org.apache.hadoop.util.JvmPauseMonitor$Monitor.run(JvmPauseMonitor.java:192)
        at java.lang.Thread.run(Thread.java:748)
"b32d7882-88db-4fe6-9cca-6a25122d474d@group-896385CD49EE-StateMachineUpdater" daemon prio=5 tid=2931 in Object.wait()
java.lang.Thread.State: WAITING (on object monitor)
        at java.lang.Object.wait(Native Method)
        at java.lang.Object.wait(Object.java:502)
        at org.apache.ratis.server.impl.StateMachineUpdater.waitForCommit(StateMachineUpdater.java:194)
        at org.apache.ratis.server.impl.StateMachineUpdater.run(StateMachineUpdater.java:159)
        at java.lang.Thread.run(Thread.java:748)
"KeyDeletingService#1" daemon prio=5 tid=2398 in Object.wait()
java.lang.Thread.State: WAITING (on object monitor)
        at sun.misc.Unsafe.park(Native Method)
        at java.util.concurrent.locks.LockSupport.park(LockSupport.java:175)
        at java.util.concurrent.locks.AbstractQueuedSynchronizer$ConditionObject.await(AbstractQueuedSynchronizer.java:2039)
        at java.util.concurrent.ScheduledThreadPoolExecutor$DelayedWorkQueue.take(ScheduledThreadPoolExecutor.java:1088)
        at java.util.concurrent.ScheduledThreadPoolExecutor$DelayedWorkQueue.take(ScheduledThreadPoolExecutor.java:809)
        at java.util.concurrent.ThreadPoolExecutor.getTask(ThreadPoolExecutor.java:1074)
        at java.util.concurrent.ThreadPoolExecutor.runWorker(ThreadPoolExecutor.java:1134)
        at java.util.concurrent.ThreadPoolExecutor$Worker.run(ThreadPoolExecutor.java:624)
        at java.lang.Thread.run(Thread.java:748)
"Periodic HDDS volume checker"  prio=5 tid=2432 timed_waiting
java.lang.Thread.State: TIMED_WAITING
        at sun.misc.Unsafe.park(Native Method)
        at java.util.concurrent.locks.LockSupport.parkNanos(LockSupport.java:215)
        at java.util.concurrent.locks.AbstractQueuedSynchronizer$ConditionObject.awaitNanos(AbstractQueuedSynchronizer.java:2078)
        at java.util.concurrent.ScheduledThreadPoolExecutor$DelayedWorkQueue.take(ScheduledThreadPoolExecutor.java:1093)
        at java.util.concurrent.ScheduledThreadPoolExecutor$DelayedWorkQueue.take(ScheduledThreadPoolExecutor.java:809)
        at java.util.concurrent.ThreadPoolExecutor.getTask(ThreadPoolExecutor.java:1074)
        at java.util.concurrent.ThreadPoolExecutor.runWorker(ThreadPoolExecutor.java:1134)
        at java.util.concurrent.ThreadPoolExecutor$Worker.run(ThreadPoolExecutor.java:624)
        at java.lang.Thread.run(Thread.java:748)
"IPC Server handler 8 on 35795" daemon prio=5 tid=2343 timed_waiting
java.lang.Thread.State: TIMED_WAITING
        at sun.misc.Unsafe.park(Native Method)
        at java.util.concurrent.locks.LockSupport.parkNanos(LockSupport.java:215)
        at java.util.concurrent.locks.AbstractQueuedSynchronizer$ConditionObject.awaitNanos(AbstractQueuedSynchronizer.java:2078)
        at java.util.concurrent.LinkedBlockingQueue.poll(LinkedBlockingQueue.java:467)
        at org.apache.hadoop.ipc.CallQueueManager.take(CallQueueManager.java:288)
        at org.apache.hadoop.ipc.Server$Handler.run(Server.java:2668)
"IPC Server handler 5 on 35795" daemon prio=5 tid=2340 timed_waiting
java.lang.Thread.State: TIMED_WAITING
        at sun.misc.Unsafe.park(Native Method)
        at java.util.concurrent.locks.LockSupport.parkNanos(LockSupport.java:215)
        at java.util.concurrent.locks.AbstractQueuedSynchronizer$ConditionObject.awaitNanos(AbstractQueuedSynchronizer.java:2078)
        at java.util.concurrent.LinkedBlockingQueue.poll(LinkedBlockingQueue.java:467)
        at org.apache.hadoop.ipc.CallQueueManager.take(CallQueueManager.java:288)
        at org.apache.hadoop.ipc.Server$Handler.run(Server.java:2668)
"qtp1181041291-2444" daemon prio=5 tid=2444 timed_waiting
java.lang.Thread.State: TIMED_WAITING
        at sun.misc.Unsafe.park(Native Method)
        at java.util.concurrent.locks.LockSupport.parkNanos(LockSupport.java:215)
        at java.util.concurrent.locks.AbstractQueuedSynchronizer$ConditionObject.awaitNanos(AbstractQueuedSynchronizer.java:2078)
        at org.eclipse.jetty.util.BlockingArrayQueue.poll(BlockingArrayQueue.java:392)
        at org.eclipse.jetty.util.thread.QueuedThreadPool.idleJobPoll(QueuedThreadPool.java:563)
        at org.eclipse.jetty.util.thread.QueuedThreadPool.access$800(QueuedThreadPool.java:48)
        at org.eclipse.jetty.util.thread.QueuedThreadPool$2.run(QueuedThreadPool.java:626)
        at java.lang.Thread.run(Thread.java:748)
"IPC Server handler 6 on 35795" daemon prio=5 tid=2341 timed_waiting
java.lang.Thread.State: TIMED_WAITING
        at sun.misc.Unsafe.park(Native Method)
        at java.util.concurrent.locks.LockSupport.parkNanos(LockSupport.java:215)
        at java.util.concurrent.locks.AbstractQueuedSynchronizer$ConditionObject.awaitNanos(AbstractQueuedSynchronizer.java:2078)
        at java.util.concurrent.LinkedBlockingQueue.poll(LinkedBlockingQueue.java:467)
        at org.apache.hadoop.ipc.CallQueueManager.take(CallQueueManager.java:288)
        at org.apache.hadoop.ipc.Server$Handler.run(Server.java:2668)
"org.eclipse.jetty.server.session.HashSessionManager@6d293993Timer" daemon prio=5 tid=2502 timed_waiting
java.lang.Thread.State: TIMED_WAITING
        at sun.misc.Unsafe.park(Native Method)
        at java.util.concurrent.locks.LockSupport.parkNanos(LockSupport.java:215)
        at java.util.concurrent.locks.AbstractQueuedSynchronizer$ConditionObject.awaitNanos(AbstractQueuedSynchronizer.java:2078)
        at java.util.concurrent.ScheduledThreadPoolExecutor$DelayedWorkQueue.take(ScheduledThreadPoolExecutor.java:1093)
        at java.util.concurrent.ScheduledThreadPoolExecutor$DelayedWorkQueue.take(ScheduledThreadPoolExecutor.java:809)
        at java.util.concurrent.ThreadPoolExecutor.getTask(ThreadPoolExecutor.java:1074)
        at java.util.concurrent.ThreadPoolExecutor.runWorker(ThreadPoolExecutor.java:1134)
        at java.util.concurrent.ThreadPoolExecutor$Worker.run(ThreadPoolExecutor.java:624)
        at java.lang.Thread.run(Thread.java:748)
"pool-246-thread-22"  prio=5 tid=2659 in Object.wait()
java.lang.Thread.State: WAITING (on object monitor)
        at sun.misc.Unsafe.park(Native Method)
        at java.util.concurrent.locks.LockSupport.park(LockSupport.java:175)
        at java.util.concurrent.locks.AbstractQueuedSynchronizer$ConditionObject.await(AbstractQueuedSynchronizer.java:2039)
        at java.util.concurrent.ArrayBlockingQueue.take(ArrayBlockingQueue.java:403)
        at java.util.concurrent.ThreadPoolExecutor.getTask(ThreadPoolExecutor.java:1074)
        at java.util.concurrent.ThreadPoolExecutor.runWorker(ThreadPoolExecutor.java:1134)
        at java.util.concurrent.ThreadPoolExecutor$Worker.run(ThreadPoolExecutor.java:624)
        at java.lang.Thread.run(Thread.java:748)
"pool-226-thread-32"  prio=5 tid=2544 in Object.wait()
java.lang.Thread.State: WAITING (on object monitor)
        at sun.misc.Unsafe.park(Native Method)
        at java.util.concurrent.locks.LockSupport.park(LockSupport.java:175)
        at java.util.concurrent.locks.AbstractQueuedSynchronizer$ConditionObject.await(AbstractQueuedSynchronizer.java:2039)
        at java.util.concurrent.ArrayBlockingQueue.take(ArrayBlockingQueue.java:403)
        at java.util.concurrent.ThreadPoolExecutor.getTask(ThreadPoolExecutor.java:1074)
        at java.util.concurrent.ThreadPoolExecutor.runWorker(ThreadPoolExecutor.java:1134)
        at java.util.concurrent.ThreadPoolExecutor$Worker.run(ThreadPoolExecutor.java:624)
        at java.lang.Thread.run(Thread.java:748)
"IPC Server handler 19 on 38076" daemon prio=5 tid=2374 timed_waiting
java.lang.Thread.State: TIMED_WAITING
        at sun.misc.Unsafe.park(Native Method)
        at java.util.concurrent.locks.LockSupport.parkNanos(LockSupport.java:215)
        at java.util.concurrent.locks.AbstractQueuedSynchronizer$ConditionObject.awaitNanos(AbstractQueuedSynchronizer.java:2078)
        at java.util.concurrent.LinkedBlockingQueue.poll(LinkedBlockingQueue.java:467)
        at org.apache.hadoop.ipc.CallQueueManager.take(CallQueueManager.java:288)
        at org.apache.hadoop.ipc.Server$Handler.run(Server.java:2668)
"pool-226-thread-2"  prio=5 tid=2514 in Object.wait()
java.lang.Thread.State: WAITING (on object monitor)
        at sun.misc.Unsafe.park(Native Method)
        at java.util.concurrent.locks.LockSupport.park(LockSupport.java:175)
        at java.util.concurrent.locks.AbstractQueuedSynchronizer$ConditionObject.await(AbstractQueuedSynchronizer.java:2039)
        at java.util.concurrent.ArrayBlockingQueue.take(ArrayBlockingQueue.java:403)
        at java.util.concurrent.ThreadPoolExecutor.getTask(ThreadPoolExecutor.java:1074)
        at java.util.concurrent.ThreadPoolExecutor.runWorker(ThreadPoolExecutor.java:1134)
        at java.util.concurrent.ThreadPoolExecutor$Worker.run(ThreadPoolExecutor.java:624)
        at java.lang.Thread.run(Thread.java:748)
"metrics-hadoop-metrics2-reporter-30-thread-1" daemon prio=5 tid=987 timed_waiting
java.lang.Thread.State: TIMED_WAITING
        at sun.misc.Unsafe.park(Native Method)
        at java.util.concurrent.locks.LockSupport.parkNanos(LockSupport.java:215)
        at java.util.concurrent.locks.AbstractQueuedSynchronizer$ConditionObject.awaitNanos(AbstractQueuedSynchronizer.java:2078)
        at java.util.concurrent.ScheduledThreadPoolExecutor$DelayedWorkQueue.take(ScheduledThreadPoolExecutor.java:1093)
        at java.util.concurrent.ScheduledThreadPoolExecutor$DelayedWorkQueue.take(ScheduledThreadPoolExecutor.java:809)
        at java.util.concurrent.ThreadPoolExecutor.getTask(ThreadPoolExecutor.java:1074)
        at java.util.concurrent.ThreadPoolExecutor.runWorker(ThreadPoolExecutor.java:1134)
        at java.util.concurrent.ThreadPoolExecutor$Worker.run(ThreadPoolExecutor.java:624)
        at java.lang.Thread.run(Thread.java:748)
"metrics-hadoop-metrics2-reporter-28-thread-1" daemon prio=5 tid=983 timed_waiting
java.lang.Thread.State: TIMED_WAITING
        at sun.misc.Unsafe.park(Native Method)
        at java.util.concurrent.locks.LockSupport.parkNanos(LockSupport.java:215)
        at java.util.concurrent.locks.AbstractQueuedSynchronizer$ConditionObject.awaitNanos(AbstractQueuedSynchronizer.java:2078)
        at java.util.concurrent.ScheduledThreadPoolExecutor$DelayedWorkQueue.take(ScheduledThreadPoolExecutor.java:1093)
        at java.util.concurrent.ScheduledThreadPoolExecutor$DelayedWorkQueue.take(ScheduledThreadPoolExecutor.java:809)
        at java.util.concurrent.ThreadPoolExecutor.getTask(ThreadPoolExecutor.java:1074)
        at java.util.concurrent.ThreadPoolExecutor.runWorker(ThreadPoolExecutor.java:1134)
        at java.util.concurrent.ThreadPoolExecutor$Worker.run(ThreadPoolExecutor.java:624)
        at java.lang.Thread.run(Thread.java:748)
"pool-246-thread-21"  prio=5 tid=2658 in Object.wait()
java.lang.Thread.State: WAITING (on object monitor)
        at sun.misc.Unsafe.park(Native Method)
        at java.util.concurrent.locks.LockSupport.park(LockSupport.java:175)
        at java.util.concurrent.locks.AbstractQueuedSynchronizer$ConditionObject.await(AbstractQueuedSynchronizer.java:2039)
        at java.util.concurrent.ArrayBlockingQueue.take(ArrayBlockingQueue.java:403)
        at java.util.concurrent.ThreadPoolExecutor.getTask(ThreadPoolExecutor.java:1074)
        at java.util.concurrent.ThreadPoolExecutor.runWorker(ThreadPoolExecutor.java:1134)
        at java.util.concurrent.ThreadPoolExecutor$Worker.run(ThreadPoolExecutor.java:624)
        at java.lang.Thread.run(Thread.java:748)
"a6b2ebfb-69a0-457c-b6cd-a50cc148b564@group-916737655080-StateMachineUpdater" daemon prio=5 tid=2717 in Object.wait()
java.lang.Thread.State: WAITING (on object monitor)
        at java.lang.Object.wait(Native Method)
        at java.lang.Object.wait(Object.java:502)
        at org.apache.ratis.server.impl.StateMachineUpdater.waitForCommit(StateMachineUpdater.java:194)
        at org.apache.ratis.server.impl.StateMachineUpdater.run(StateMachineUpdater.java:159)
        at java.lang.Thread.run(Thread.java:748)
"metrics-hadoop-metrics2-reporter-8-thread-1" daemon prio=5 tid=453 timed_waiting
java.lang.Thread.State: TIMED_WAITING
        at sun.misc.Unsafe.park(Native Method)
        at java.util.concurrent.locks.LockSupport.parkNanos(LockSupport.java:215)
        at java.util.concurrent.locks.AbstractQueuedSynchronizer$ConditionObject.awaitNanos(AbstractQueuedSynchronizer.java:2078)
        at java.util.concurrent.ScheduledThreadPoolExecutor$DelayedWorkQueue.take(ScheduledThreadPoolExecutor.java:1093)
        at java.util.concurrent.ScheduledThreadPoolExecutor$DelayedWorkQueue.take(ScheduledThreadPoolExecutor.java:809)
        at java.util.concurrent.ThreadPoolExecutor.getTask(ThreadPoolExecutor.java:1074)
        at java.util.concurrent.ThreadPoolExecutor.runWorker(ThreadPoolExecutor.java:1134)
        at java.util.concurrent.ThreadPoolExecutor$Worker.run(ThreadPoolExecutor.java:624)
        at java.lang.Thread.run(Thread.java:748)
"metrics-hadoop-metrics2-reporter-14-thread-1" daemon prio=5 tid=472 timed_waiting
java.lang.Thread.State: TIMED_WAITING
        at sun.misc.Unsafe.park(Native Method)
        at java.util.concurrent.locks.LockSupport.parkNanos(LockSupport.java:215)
        at java.util.concurrent.locks.AbstractQueuedSynchronizer$ConditionObject.awaitNanos(AbstractQueuedSynchronizer.java:2078)
        at java.util.concurrent.ScheduledThreadPoolExecutor$DelayedWorkQueue.take(ScheduledThreadPoolExecutor.java:1093)
        at java.util.concurrent.ScheduledThreadPoolExecutor$DelayedWorkQueue.take(ScheduledThreadPoolExecutor.java:809)
        at java.util.concurrent.ThreadPoolExecutor.getTask(ThreadPoolExecutor.java:1074)
        at java.util.concurrent.ThreadPoolExecutor.runWorker(ThreadPoolExecutor.java:1134)
        at java.util.concurrent.ThreadPoolExecutor$Worker.run(ThreadPoolExecutor.java:624)
        at java.lang.Thread.run(Thread.java:748)
"pool-246-thread-8"  prio=5 tid=2645 in Object.wait()
java.lang.Thread.State: WAITING (on object monitor)
        at sun.misc.Unsafe.park(Native Method)
        at java.util.concurrent.locks.LockSupport.park(LockSupport.java:175)
        at java.util.concurrent.locks.AbstractQueuedSynchronizer$ConditionObject.await(AbstractQueuedSynchronizer.java:2039)
        at java.util.concurrent.ArrayBlockingQueue.take(ArrayBlockingQueue.java:403)
        at java.util.concurrent.ThreadPoolExecutor.getTask(ThreadPoolExecutor.java:1074)
        at java.util.concurrent.ThreadPoolExecutor.runWorker(ThreadPoolExecutor.java:1134)
        at java.util.concurrent.ThreadPoolExecutor$Worker.run(ThreadPoolExecutor.java:624)
        at java.lang.Thread.run(Thread.java:748)
"pool-250-thread-1"  prio=5 tid=2492 timed_waiting
java.lang.Thread.State: TIMED_WAITING
        at sun.misc.Unsafe.park(Native Method)
        at java.util.concurrent.locks.LockSupport.parkNanos(LockSupport.java:215)
        at java.util.concurrent.locks.AbstractQueuedSynchronizer$ConditionObject.awaitNanos(AbstractQueuedSynchronizer.java:2078)
        at java.util.concurrent.ScheduledThreadPoolExecutor$DelayedWorkQueue.take(ScheduledThreadPoolExecutor.java:1093)
        at java.util.concurrent.ScheduledThreadPoolExecutor$DelayedWorkQueue.take(ScheduledThreadPoolExecutor.java:809)
        at java.util.concurrent.ThreadPoolExecutor.getTask(ThreadPoolExecutor.java:1074)
        at java.util.concurrent.ThreadPoolExecutor.runWorker(ThreadPoolExecutor.java:1134)
        at java.util.concurrent.ThreadPoolExecutor$Worker.run(ThreadPoolExecutor.java:624)
        at java.lang.Thread.run(Thread.java:748)
"qtp945327594-2423" daemon prio=5 tid=2423 timed_waiting
java.lang.Thread.State: TIMED_WAITING
        at sun.misc.Unsafe.park(Native Method)
        at java.util.concurrent.locks.LockSupport.parkNanos(LockSupport.java:215)
        at java.util.concurrent.locks.AbstractQueuedSynchronizer$ConditionObject.awaitNanos(AbstractQueuedSynchronizer.java:2078)
        at org.eclipse.jetty.util.BlockingArrayQueue.poll(BlockingArrayQueue.java:392)
        at org.eclipse.jetty.util.thread.QueuedThreadPool.idleJobPoll(QueuedThreadPool.java:563)
        at org.eclipse.jetty.util.thread.QueuedThreadPool.access$800(QueuedThreadPool.java:48)
        at org.eclipse.jetty.util.thread.QueuedThreadPool$2.run(QueuedThreadPool.java:626)
        at java.lang.Thread.run(Thread.java:748)
"metrics-hadoop-metrics2-reporter-114-thread-1" daemon prio=5 tid=2719 timed_waiting
java.lang.Thread.State: TIMED_WAITING
        at sun.misc.Unsafe.park(Native Method)
        at java.util.concurrent.locks.LockSupport.parkNanos(LockSupport.java:215)
        at java.util.concurrent.locks.AbstractQueuedSynchronizer$ConditionObject.awaitNanos(AbstractQueuedSynchronizer.java:2078)
        at java.util.concurrent.ScheduledThreadPoolExecutor$DelayedWorkQueue.take(ScheduledThreadPoolExecutor.java:1093)
        at java.util.concurrent.ScheduledThreadPoolExecutor$DelayedWorkQueue.take(ScheduledThreadPoolExecutor.java:809)
        at java.util.concurrent.ThreadPoolExecutor.getTask(ThreadPoolExecutor.java:1074)
        at java.util.concurrent.ThreadPoolExecutor.runWorker(ThreadPoolExecutor.java:1134)
        at java.util.concurrent.ThreadPoolExecutor$Worker.run(ThreadPoolExecutor.java:624)
        at java.lang.Thread.run(Thread.java:748)
"metrics-hadoop-metrics2-reporter-107-thread-1" daemon prio=5 tid=2252 timed_waiting
java.lang.Thread.State: TIMED_WAITING
        at sun.misc.Unsafe.park(Native Method)
        at java.util.concurrent.locks.LockSupport.parkNanos(LockSupport.java:215)
        at java.util.concurrent.locks.AbstractQueuedSynchronizer$ConditionObject.awaitNanos(AbstractQueuedSynchronizer.java:2078)
        at java.util.concurrent.ScheduledThreadPoolExecutor$DelayedWorkQueue.take(ScheduledThreadPoolExecutor.java:1093)
        at java.util.concurrent.ScheduledThreadPoolExecutor$DelayedWorkQueue.take(ScheduledThreadPoolExecutor.java:809)
        at java.util.concurrent.ThreadPoolExecutor.getTask(ThreadPoolExecutor.java:1074)
        at java.util.concurrent.ThreadPoolExecutor.runWorker(ThreadPoolExecutor.java:1134)
        at java.util.concurrent.ThreadPoolExecutor$Worker.run(ThreadPoolExecutor.java:624)
        at java.lang.Thread.run(Thread.java:748)
"pool-246-thread-13"  prio=5 tid=2650 in Object.wait()
java.lang.Thread.State: WAITING (on object monitor)
        at sun.misc.Unsafe.park(Native Method)
        at java.util.concurrent.locks.LockSupport.park(LockSupport.java:175)
        at java.util.concurrent.locks.AbstractQueuedSynchronizer$ConditionObject.await(AbstractQueuedSynchronizer.java:2039)
        at java.util.concurrent.ArrayBlockingQueue.take(ArrayBlockingQueue.java:403)
        at java.util.concurrent.ThreadPoolExecutor.getTask(ThreadPoolExecutor.java:1074)
        at java.util.concurrent.ThreadPoolExecutor.runWorker(ThreadPoolExecutor.java:1134)
        at java.util.concurrent.ThreadPoolExecutor$Worker.run(ThreadPoolExecutor.java:624)
        at java.lang.Thread.run(Thread.java:748)
"metrics-hadoop-metrics2-reporter-17-thread-1" daemon prio=5 tid=481 timed_waiting
java.lang.Thread.State: TIMED_WAITING
        at sun.misc.Unsafe.park(Native Method)
        at java.util.concurrent.locks.LockSupport.parkNanos(LockSupport.java:215)
        at java.util.concurrent.locks.AbstractQueuedSynchronizer$ConditionObject.awaitNanos(AbstractQueuedSynchronizer.java:2078)
        at java.util.concurrent.ScheduledThreadPoolExecutor$DelayedWorkQueue.take(ScheduledThreadPoolExecutor.java:1093)
        at java.util.concurrent.ScheduledThreadPoolExecutor$DelayedWorkQueue.take(ScheduledThreadPoolExecutor.java:809)
        at java.util.concurrent.ThreadPoolExecutor.getTask(ThreadPoolExecutor.java:1074)
        at java.util.concurrent.ThreadPoolExecutor.runWorker(ThreadPoolExecutor.java:1134)
        at java.util.concurrent.ThreadPoolExecutor$Worker.run(ThreadPoolExecutor.java:624)
        at java.lang.Thread.run(Thread.java:748)
"Thread-3962" daemon prio=5 tid=5466 timed_waiting
java.lang.Thread.State: TIMED_WAITING
        at java.lang.Thread.sleep(Native Method)
        at org.apache.ratis.util.JavaUtils.sleep(JavaUtils.java:247)
        at org.apache.ratis.server.impl.FollowerState.run(FollowerState.java:97)
"metrics-hadoop-metrics2-reporter-78-thread-1" daemon prio=5 tid=1713 timed_waiting
java.lang.Thread.State: TIMED_WAITING
        at sun.misc.Unsafe.park(Native Method)
        at java.util.concurrent.locks.LockSupport.parkNanos(LockSupport.java:215)
        at java.util.concurrent.locks.AbstractQueuedSynchronizer$ConditionObject.awaitNanos(AbstractQueuedSynchronizer.java:2078)
        at java.util.concurrent.ScheduledThreadPoolExecutor$DelayedWorkQueue.take(ScheduledThreadPoolExecutor.java:1093)
        at java.util.concurrent.ScheduledThreadPoolExecutor$DelayedWorkQueue.take(ScheduledThreadPoolExecutor.java:809)
        at java.util.concurrent.ThreadPoolExecutor.getTask(ThreadPoolExecutor.java:1074)
        at java.util.concurrent.ThreadPoolExecutor.runWorker(ThreadPoolExecutor.java:1134)
        at java.util.concurrent.ThreadPoolExecutor$Worker.run(ThreadPoolExecutor.java:624)
        at java.lang.Thread.run(Thread.java:748)
"org.eclipse.jetty.server.session.HashSessionManager@1c297897Timer" daemon prio=5 tid=2475 timed_waiting
java.lang.Thread.State: TIMED_WAITING
        at sun.misc.Unsafe.park(Native Method)
        at java.util.concurrent.locks.LockSupport.parkNanos(LockSupport.java:215)
        at java.util.concurrent.locks.AbstractQueuedSynchronizer$ConditionObject.awaitNanos(AbstractQueuedSynchronizer.java:2078)
        at java.util.concurrent.ScheduledThreadPoolExecutor$DelayedWorkQueue.take(ScheduledThreadPoolExecutor.java:1093)
        at java.util.concurrent.ScheduledThreadPoolExecutor$DelayedWorkQueue.take(ScheduledThreadPoolExecutor.java:809)
        at java.util.concurrent.ThreadPoolExecutor.getTask(ThreadPoolExecutor.java:1074)
        at java.util.concurrent.ThreadPoolExecutor.runWorker(ThreadPoolExecutor.java:1134)
        at java.util.concurrent.ThreadPoolExecutor$Worker.run(ThreadPoolExecutor.java:624)
        at java.lang.Thread.run(Thread.java:748)
"EventQueue-SafemodestatusForSafeModeHandler" daemon prio=5 tid=2707 in Object.wait()
java.lang.Thread.State: WAITING (on object monitor)
        at sun.misc.Unsafe.park(Native Method)
        at java.util.concurrent.locks.LockSupport.park(LockSupport.java:175)
        at java.util.concurrent.locks.AbstractQueuedSynchronizer$ConditionObject.await(AbstractQueuedSynchronizer.java:2039)
        at java.util.concurrent.LinkedBlockingQueue.take(LinkedBlockingQueue.java:442)
        at java.util.concurrent.ThreadPoolExecutor.getTask(ThreadPoolExecutor.java:1074)
        at java.util.concurrent.ThreadPoolExecutor.runWorker(ThreadPoolExecutor.java:1134)
        at java.util.concurrent.ThreadPoolExecutor$Worker.run(ThreadPoolExecutor.java:624)
        at java.lang.Thread.run(Thread.java:748)
"IPC Server handler 16 on 38076" daemon prio=5 tid=2371 timed_waiting
java.lang.Thread.State: TIMED_WAITING
        at sun.misc.Unsafe.park(Native Method)
        at java.util.concurrent.locks.LockSupport.parkNanos(LockSupport.java:215)
        at java.util.concurrent.locks.AbstractQueuedSynchronizer$ConditionObject.awaitNanos(AbstractQueuedSynchronizer.java:2078)
        at java.util.concurrent.LinkedBlockingQueue.poll(LinkedBlockingQueue.java:467)
        at org.apache.hadoop.ipc.CallQueueManager.take(CallQueueManager.java:288)
        at org.apache.hadoop.ipc.Server$Handler.run(Server.java:2668)
"IPC Server handler 5 on 40756" daemon prio=5 tid=2320 timed_waiting
java.lang.Thread.State: TIMED_WAITING
        at sun.misc.Unsafe.park(Native Method)
        at java.util.concurrent.locks.LockSupport.parkNanos(LockSupport.java:215)
        at java.util.concurrent.locks.AbstractQueuedSynchronizer$ConditionObject.awaitNanos(AbstractQueuedSynchronizer.java:2078)
        at java.util.concurrent.LinkedBlockingQueue.poll(LinkedBlockingQueue.java:467)
        at org.apache.hadoop.ipc.CallQueueManager.take(CallQueueManager.java:288)
        at org.apache.hadoop.ipc.Server$Handler.run(Server.java:2668)
"pool-226-thread-38"  prio=5 tid=2550 in Object.wait()
java.lang.Thread.State: WAITING (on object monitor)
        at sun.misc.Unsafe.park(Native Method)
        at java.util.concurrent.locks.LockSupport.park(LockSupport.java:175)
        at java.util.concurrent.locks.AbstractQueuedSynchronizer$ConditionObject.await(AbstractQueuedSynchronizer.java:2039)
        at java.util.concurrent.ArrayBlockingQueue.take(ArrayBlockingQueue.java:403)
        at java.util.concurrent.ThreadPoolExecutor.getTask(ThreadPoolExecutor.java:1074)
        at java.util.concurrent.ThreadPoolExecutor.runWorker(ThreadPoolExecutor.java:1134)
        at java.util.concurrent.ThreadPoolExecutor$Worker.run(ThreadPoolExecutor.java:624)
        at java.lang.Thread.run(Thread.java:748)
"qtp1181041291-2443" daemon prio=5 tid=2443 timed_waiting
java.lang.Thread.State: TIMED_WAITING
        at sun.misc.Unsafe.park(Native Method)
        at java.util.concurrent.locks.LockSupport.parkNanos(LockSupport.java:215)
        at java.util.concurrent.locks.AbstractQueuedSynchronizer$ConditionObject.awaitNanos(AbstractQueuedSynchronizer.java:2078)
        at org.eclipse.jetty.util.BlockingArrayQueue.poll(BlockingArrayQueue.java:392)
        at org.eclipse.jetty.util.thread.QueuedThreadPool.idleJobPoll(QueuedThreadPool.java:563)
        at org.eclipse.jetty.util.thread.QueuedThreadPool.access$800(QueuedThreadPool.java:48)
        at org.eclipse.jetty.util.thread.QueuedThreadPool$2.run(QueuedThreadPool.java:626)
        at java.lang.Thread.run(Thread.java:748)
"pool-246-thread-41"  prio=5 tid=2678 in Object.wait()
java.lang.Thread.State: WAITING (on object monitor)
        at sun.misc.Unsafe.park(Native Method)
        at java.util.concurrent.locks.LockSupport.park(LockSupport.java:175)
        at java.util.concurrent.locks.AbstractQueuedSynchronizer$ConditionObject.await(AbstractQueuedSynchronizer.java:2039)
        at java.util.concurrent.ArrayBlockingQueue.take(ArrayBlockingQueue.java:403)
        at java.util.concurrent.ThreadPoolExecutor.getTask(ThreadPoolExecutor.java:1074)
        at java.util.concurrent.ThreadPoolExecutor.runWorker(ThreadPoolExecutor.java:1134)
        at java.util.concurrent.ThreadPoolExecutor$Worker.run(ThreadPoolExecutor.java:624)
        at java.lang.Thread.run(Thread.java:748)
"qtp2322399-2377" daemon prio=5 tid=2377 timed_waiting
java.lang.Thread.State: TIMED_WAITING
        at sun.misc.Unsafe.park(Native Method)
        at java.util.concurrent.locks.LockSupport.parkNanos(LockSupport.java:215)
        at java.util.concurrent.locks.AbstractQueuedSynchronizer$ConditionObject.awaitNanos(AbstractQueuedSynchronizer.java:2078)
        at org.eclipse.jetty.util.BlockingArrayQueue.poll(BlockingArrayQueue.java:392)
        at org.eclipse.jetty.util.thread.QueuedThreadPool.idleJobPoll(QueuedThreadPool.java:563)
        at org.eclipse.jetty.util.thread.QueuedThreadPool.access$800(QueuedThreadPool.java:48)
        at org.eclipse.jetty.util.thread.QueuedThreadPool$2.run(QueuedThreadPool.java:626)
        at java.lang.Thread.run(Thread.java:748)
"pool-246-thread-9"  prio=5 tid=2646 in Object.wait()
java.lang.Thread.State: WAITING (on object monitor)
        at sun.misc.Unsafe.park(Native Method)
        at java.util.concurrent.locks.LockSupport.park(LockSupport.java:175)
        at java.util.concurrent.locks.AbstractQueuedSynchronizer$ConditionObject.await(AbstractQueuedSynchronizer.java:2039)
        at java.util.concurrent.ArrayBlockingQueue.take(ArrayBlockingQueue.java:403)
        at java.util.concurrent.ThreadPoolExecutor.getTask(ThreadPoolExecutor.java:1074)
        at java.util.concurrent.ThreadPoolExecutor.runWorker(ThreadPoolExecutor.java:1134)
        at java.util.concurrent.ThreadPoolExecutor$Worker.run(ThreadPoolExecutor.java:624)
        at java.lang.Thread.run(Thread.java:748)
"grpc-default-executor-0" daemon prio=5 tid=2710 timed_waiting
java.lang.Thread.State: TIMED_WAITING
        at sun.misc.Unsafe.park(Native Method)
        at java.util.concurrent.locks.LockSupport.parkNanos(LockSupport.java:215)
        at java.util.concurrent.SynchronousQueue$TransferStack.awaitFulfill(SynchronousQueue.java:460)
        at java.util.concurrent.SynchronousQueue$TransferStack.transfer(SynchronousQueue.java:362)
        at java.util.concurrent.SynchronousQueue.poll(SynchronousQueue.java:941)
        at java.util.concurrent.ThreadPoolExecutor.getTask(ThreadPoolExecutor.java:1073)
        at java.util.concurrent.ThreadPoolExecutor.runWorker(ThreadPoolExecutor.java:1134)
        at java.util.concurrent.ThreadPoolExecutor$Worker.run(ThreadPoolExecutor.java:624)
        at java.lang.Thread.run(Thread.java:748)
"metrics-hadoop-metrics2-reporter-118-thread-1" daemon prio=5 tid=2729 timed_waiting
java.lang.Thread.State: TIMED_WAITING
        at sun.misc.Unsafe.park(Native Method)
        at java.util.concurrent.locks.LockSupport.parkNanos(LockSupport.java:215)
        at java.util.concurrent.locks.AbstractQueuedSynchronizer$ConditionObject.awaitNanos(AbstractQueuedSynchronizer.java:2078)
        at java.util.concurrent.ScheduledThreadPoolExecutor$DelayedWorkQueue.take(ScheduledThreadPoolExecutor.java:1093)
        at java.util.concurrent.ScheduledThreadPoolExecutor$DelayedWorkQueue.take(ScheduledThreadPoolExecutor.java:809)
        at java.util.concurrent.ThreadPoolExecutor.getTask(ThreadPoolExecutor.java:1074)
        at java.util.concurrent.ThreadPoolExecutor.runWorker(ThreadPoolExecutor.java:1134)
        at java.util.concurrent.ThreadPoolExecutor$Worker.run(ThreadPoolExecutor.java:624)
        at java.lang.Thread.run(Thread.java:748)
"metrics-hadoop-metrics2-reporter-89-thread-1" daemon prio=5 tid=2201 timed_waiting
java.lang.Thread.State: TIMED_WAITING
        at sun.misc.Unsafe.park(Native Method)
        at java.util.concurrent.locks.LockSupport.parkNanos(LockSupport.java:215)
        at java.util.concurrent.locks.AbstractQueuedSynchronizer$ConditionObject.awaitNanos(AbstractQueuedSynchronizer.java:2078)
        at java.util.concurrent.ScheduledThreadPoolExecutor$DelayedWorkQueue.take(ScheduledThreadPoolExecutor.java:1093)
        at java.util.concurrent.ScheduledThreadPoolExecutor$DelayedWorkQueue.take(ScheduledThreadPoolExecutor.java:809)
        at java.util.concurrent.ThreadPoolExecutor.getTask(ThreadPoolExecutor.java:1074)
        at java.util.concurrent.ThreadPoolExecutor.runWorker(ThreadPoolExecutor.java:1134)
        at java.util.concurrent.ThreadPoolExecutor$Worker.run(ThreadPoolExecutor.java:624)
        at java.lang.Thread.run(Thread.java:748)
"PartialTableCache Cleanup Thread - 0" daemon prio=5 tid=1235 in Object.wait()
java.lang.Thread.State: WAITING (on object monitor)
        at sun.misc.Unsafe.park(Native Method)
        at java.util.concurrent.locks.LockSupport.park(LockSupport.java:175)
        at java.util.concurrent.locks.AbstractQueuedSynchronizer$ConditionObject.await(AbstractQueuedSynchronizer.java:2039)
        at java.util.concurrent.LinkedBlockingQueue.take(LinkedBlockingQueue.java:442)
        at java.util.concurrent.ThreadPoolExecutor.getTask(ThreadPoolExecutor.java:1074)
        at java.util.concurrent.ThreadPoolExecutor.runWorker(ThreadPoolExecutor.java:1134)
        at java.util.concurrent.ThreadPoolExecutor$Worker.run(ThreadPoolExecutor.java:624)
        at java.lang.Thread.run(Thread.java:748)
"metrics-hadoop-metrics2-reporter-124-thread-1" daemon prio=5 tid=2746 timed_waiting
java.lang.Thread.State: TIMED_WAITING
        at sun.misc.Unsafe.park(Native Method)
        at java.util.concurrent.locks.LockSupport.parkNanos(LockSupport.java:215)
        at java.util.concurrent.locks.AbstractQueuedSynchronizer$ConditionObject.awaitNanos(AbstractQueuedSynchronizer.java:2078)
        at java.util.concurrent.ScheduledThreadPoolExecutor$DelayedWorkQueue.take(ScheduledThreadPoolExecutor.java:1093)
        at java.util.concurrent.ScheduledThreadPoolExecutor$DelayedWorkQueue.take(ScheduledThreadPoolExecutor.java:809)
        at java.util.concurrent.ThreadPoolExecutor.getTask(ThreadPoolExecutor.java:1074)
        at java.util.concurrent.ThreadPoolExecutor.runWorker(ThreadPoolExecutor.java:1134)
        at java.util.concurrent.ThreadPoolExecutor$Worker.run(ThreadPoolExecutor.java:624)
        at java.lang.Thread.run(Thread.java:748)
"PartialTableCache Cleanup Thread - 0" daemon prio=5 tid=1234 in Object.wait()
java.lang.Thread.State: WAITING (on object monitor)
        at sun.misc.Unsafe.park(Native Method)
        at java.util.concurrent.locks.LockSupport.park(LockSupport.java:175)
        at java.util.concurrent.locks.AbstractQueuedSynchronizer$ConditionObject.await(AbstractQueuedSynchronizer.java:2039)
        at java.util.concurrent.LinkedBlockingQueue.take(LinkedBlockingQueue.java:442)
        at java.util.concurrent.ThreadPoolExecutor.getTask(ThreadPoolExecutor.java:1074)
        at java.util.concurrent.ThreadPoolExecutor.runWorker(ThreadPoolExecutor.java:1134)
        at java.util.concurrent.ThreadPoolExecutor$Worker.run(ThreadPoolExecutor.java:624)
        at java.lang.Thread.run(Thread.java:748)
"metrics-hadoop-metrics2-reporter-35-thread-1" daemon prio=5 tid=1000 timed_waiting
java.lang.Thread.State: TIMED_WAITING
        at sun.misc.Unsafe.park(Native Method)
        at java.util.concurrent.locks.LockSupport.parkNanos(LockSupport.java:215)
        at java.util.concurrent.locks.AbstractQueuedSynchronizer$ConditionObject.awaitNanos(AbstractQueuedSynchronizer.java:2078)
        at java.util.concurrent.ScheduledThreadPoolExecutor$DelayedWorkQueue.take(ScheduledThreadPoolExecutor.java:1093)
        at java.util.concurrent.ScheduledThreadPoolExecutor$DelayedWorkQueue.take(ScheduledThreadPoolExecutor.java:809)
        at java.util.concurrent.ThreadPoolExecutor.getTask(ThreadPoolExecutor.java:1074)
        at java.util.concurrent.ThreadPoolExecutor.runWorker(ThreadPoolExecutor.java:1134)
        at java.util.concurrent.ThreadPoolExecutor$Worker.run(ThreadPoolExecutor.java:624)
        at java.lang.Thread.run(Thread.java:748)
"pool-236-thread-55"  prio=5 tid=2630 in Object.wait()
java.lang.Thread.State: WAITING (on object monitor)
        at sun.misc.Unsafe.park(Native Method)
        at java.util.concurrent.locks.LockSupport.park(LockSupport.java:175)
        at java.util.concurrent.locks.AbstractQueuedSynchronizer$ConditionObject.await(AbstractQueuedSynchronizer.java:2039)
        at java.util.concurrent.ArrayBlockingQueue.take(ArrayBlockingQueue.java:403)
        at java.util.concurrent.ThreadPoolExecutor.getTask(ThreadPoolExecutor.java:1074)
        at java.util.concurrent.ThreadPoolExecutor.runWorker(ThreadPoolExecutor.java:1134)
        at java.util.concurrent.ThreadPoolExecutor$Worker.run(ThreadPoolExecutor.java:624)
        at java.lang.Thread.run(Thread.java:748)
"pool-236-thread-21"  prio=5 tid=2596 in Object.wait()
java.lang.Thread.State: WAITING (on object monitor)
        at sun.misc.Unsafe.park(Native Method)
        at java.util.concurrent.locks.LockSupport.park(LockSupport.java:175)
        at java.util.concurrent.locks.AbstractQueuedSynchronizer$ConditionObject.await(AbstractQueuedSynchronizer.java:2039)
        at java.util.concurrent.ArrayBlockingQueue.take(ArrayBlockingQueue.java:403)
        at java.util.concurrent.ThreadPoolExecutor.getTask(ThreadPoolExecutor.java:1074)
        at java.util.concurrent.ThreadPoolExecutor.runWorker(ThreadPoolExecutor.java:1134)
        at java.util.concurrent.ThreadPoolExecutor$Worker.run(ThreadPoolExecutor.java:624)
        at java.lang.Thread.run(Thread.java:748)
"metrics-hadoop-metrics2-reporter-26-thread-1" daemon prio=5 tid=537 timed_waiting
java.lang.Thread.State: TIMED_WAITING
        at sun.misc.Unsafe.park(Native Method)
        at java.util.concurrent.locks.LockSupport.parkNanos(LockSupport.java:215)
        at java.util.concurrent.locks.AbstractQueuedSynchronizer$ConditionObject.awaitNanos(AbstractQueuedSynchronizer.java:2078)
        at java.util.concurrent.ScheduledThreadPoolExecutor$DelayedWorkQueue.take(ScheduledThreadPoolExecutor.java:1093)
        at java.util.concurrent.ScheduledThreadPoolExecutor$DelayedWorkQueue.take(ScheduledThreadPoolExecutor.java:809)
        at java.util.concurrent.ThreadPoolExecutor.getTask(ThreadPoolExecutor.java:1074)
        at java.util.concurrent.ThreadPoolExecutor.runWorker(ThreadPoolExecutor.java:1134)
        at java.util.concurrent.ThreadPoolExecutor$Worker.run(ThreadPoolExecutor.java:624)
        at java.lang.Thread.run(Thread.java:748)
"pool-236-thread-51"  prio=5 tid=2626 in Object.wait()
java.lang.Thread.State: WAITING (on object monitor)
        at sun.misc.Unsafe.park(Native Method)
        at java.util.concurrent.locks.LockSupport.park(LockSupport.java:175)
        at java.util.concurrent.locks.AbstractQueuedSynchronizer$ConditionObject.await(AbstractQueuedSynchronizer.java:2039)
        at java.util.concurrent.ArrayBlockingQueue.take(ArrayBlockingQueue.java:403)
        at java.util.concurrent.ThreadPoolExecutor.getTask(ThreadPoolExecutor.java:1074)
        at java.util.concurrent.ThreadPoolExecutor.runWorker(ThreadPoolExecutor.java:1134)
        at java.util.concurrent.ThreadPoolExecutor$Worker.run(ThreadPoolExecutor.java:624)
        at java.lang.Thread.run(Thread.java:748)
"metrics-hadoop-metrics2-reporter-33-thread-1" daemon prio=5 tid=997 timed_waiting
java.lang.Thread.State: TIMED_WAITING
        at sun.misc.Unsafe.park(Native Method)
        at java.util.concurrent.locks.LockSupport.parkNanos(LockSupport.java:215)
        at java.util.concurrent.locks.AbstractQueuedSynchronizer$ConditionObject.awaitNanos(AbstractQueuedSynchronizer.java:2078)
        at java.util.concurrent.ScheduledThreadPoolExecutor$DelayedWorkQueue.take(ScheduledThreadPoolExecutor.java:1093)
        at java.util.concurrent.ScheduledThreadPoolExecutor$DelayedWorkQueue.take(ScheduledThreadPoolExecutor.java:809)
        at java.util.concurrent.ThreadPoolExecutor.getTask(ThreadPoolExecutor.java:1074)
        at java.util.concurrent.ThreadPoolExecutor.runWorker(ThreadPoolExecutor.java:1134)
        at java.util.concurrent.ThreadPoolExecutor$Worker.run(ThreadPoolExecutor.java:624)
        at java.lang.Thread.run(Thread.java:748)
"metrics-hadoop-metrics2-reporter-32-thread-1" daemon prio=5 tid=994 timed_waiting
java.lang.Thread.State: TIMED_WAITING
        at sun.misc.Unsafe.park(Native Method)
        at java.util.concurrent.locks.LockSupport.parkNanos(LockSupport.java:215)
        at java.util.concurrent.locks.AbstractQueuedSynchronizer$ConditionObject.awaitNanos(AbstractQueuedSynchronizer.java:2078)
        at java.util.concurrent.ScheduledThreadPoolExecutor$DelayedWorkQueue.take(ScheduledThreadPoolExecutor.java:1093)
        at java.util.concurrent.ScheduledThreadPoolExecutor$DelayedWorkQueue.take(ScheduledThreadPoolExecutor.java:809)
        at java.util.concurrent.ThreadPoolExecutor.getTask(ThreadPoolExecutor.java:1074)
        at java.util.concurrent.ThreadPoolExecutor.runWorker(ThreadPoolExecutor.java:1134)
        at java.util.concurrent.ThreadPoolExecutor$Worker.run(ThreadPoolExecutor.java:624)
        at java.lang.Thread.run(Thread.java:748)
"qtp1181041291-2446" daemon prio=5 tid=2446 timed_waiting
java.lang.Thread.State: TIMED_WAITING
        at sun.misc.Unsafe.park(Native Method)
        at java.util.concurrent.locks.LockSupport.parkNanos(LockSupport.java:215)
        at java.util.concurrent.locks.AbstractQueuedSynchronizer$ConditionObject.awaitNanos(AbstractQueuedSynchronizer.java:2078)
        at org.eclipse.jetty.util.BlockingArrayQueue.poll(BlockingArrayQueue.java:392)
        at org.eclipse.jetty.util.thread.QueuedThreadPool.idleJobPoll(QueuedThreadPool.java:563)
        at org.eclipse.jetty.util.thread.QueuedThreadPool.access$800(QueuedThreadPool.java:48)
        at org.eclipse.jetty.util.thread.QueuedThreadPool$2.run(QueuedThreadPool.java:626)
        at java.lang.Thread.run(Thread.java:748)
"IPC Server handler 18 on 38076" daemon prio=5 tid=2373 timed_waiting
java.lang.Thread.State: TIMED_WAITING
        at sun.misc.Unsafe.park(Native Method)
        at java.util.concurrent.locks.LockSupport.parkNanos(LockSupport.java:215)
        at java.util.concurrent.locks.AbstractQueuedSynchronizer$ConditionObject.awaitNanos(AbstractQueuedSynchronizer.java:2078)
        at java.util.concurrent.LinkedBlockingQueue.poll(LinkedBlockingQueue.java:467)
        at org.apache.hadoop.ipc.CallQueueManager.take(CallQueueManager.java:288)
        at org.apache.hadoop.ipc.Server$Handler.run(Server.java:2668)
"pool-246-thread-43"  prio=5 tid=2680 in Object.wait()
java.lang.Thread.State: WAITING (on object monitor)
        at sun.misc.Unsafe.park(Native Method)
        at java.util.concurrent.locks.LockSupport.park(LockSupport.java:175)
        at java.util.concurrent.locks.AbstractQueuedSynchronizer$ConditionObject.await(AbstractQueuedSynchronizer.java:2039)
        at java.util.concurrent.ArrayBlockingQueue.take(ArrayBlockingQueue.java:403)
        at java.util.concurrent.ThreadPoolExecutor.getTask(ThreadPoolExecutor.java:1074)
        at java.util.concurrent.ThreadPoolExecutor.runWorker(ThreadPoolExecutor.java:1134)
        at java.util.concurrent.ThreadPoolExecutor$Worker.run(ThreadPoolExecutor.java:624)
        at java.lang.Thread.run(Thread.java:748)
"pool-246-thread-17"  prio=5 tid=2654 in Object.wait()
java.lang.Thread.State: WAITING (on object monitor)
        at sun.misc.Unsafe.park(Native Method)
        at java.util.concurrent.locks.LockSupport.park(LockSupport.java:175)
        at java.util.concurrent.locks.AbstractQueuedSynchronizer$ConditionObject.await(AbstractQueuedSynchronizer.java:2039)
        at java.util.concurrent.ArrayBlockingQueue.take(ArrayBlockingQueue.java:403)
        at java.util.concurrent.ThreadPoolExecutor.getTask(ThreadPoolExecutor.java:1074)
        at java.util.concurrent.ThreadPoolExecutor.runWorker(ThreadPoolExecutor.java:1134)
        at java.util.concurrent.ThreadPoolExecutor$Worker.run(ThreadPoolExecutor.java:624)
        at java.lang.Thread.run(Thread.java:748)
"qtp1181041291-2439" daemon prio=5 tid=2439 runnable
java.lang.Thread.State: RUNNABLE
        at sun.nio.ch.EPollArrayWrapper.epollWait(Native Method)
        at sun.nio.ch.EPollArrayWrapper.poll(EPollArrayWrapper.java:269)
        at sun.nio.ch.EPollSelectorImpl.doSelect(EPollSelectorImpl.java:93)
        at sun.nio.ch.SelectorImpl.lockAndDoSelect(SelectorImpl.java:86)
        at sun.nio.ch.SelectorImpl.select(SelectorImpl.java:97)
        at sun.nio.ch.SelectorImpl.select(SelectorImpl.java:101)
        at org.eclipse.jetty.io.ManagedSelector$SelectorProducer.select(ManagedSelector.java:243)
        at org.eclipse.jetty.io.ManagedSelector$SelectorProducer.produce(ManagedSelector.java:191)
        at org.eclipse.jetty.util.thread.strategy.ExecuteProduceConsume.executeProduceConsume(ExecuteProduceConsume.java:249)
        at org.eclipse.jetty.util.thread.strategy.ExecuteProduceConsume.produceConsume(ExecuteProduceConsume.java:148)
        at org.eclipse.jetty.util.thread.strategy.ExecuteProduceConsume.execute(ExecuteProduceConsume.java:100)
        at org.eclipse.jetty.io.ManagedSelector.run(ManagedSelector.java:147)
        at org.eclipse.jetty.util.thread.QueuedThreadPool.runJob(QueuedThreadPool.java:671)
        at org.eclipse.jetty.util.thread.QueuedThreadPool$2.run(QueuedThreadPool.java:589)
        at java.lang.Thread.run(Thread.java:748)
"pool-246-thread-32"  prio=5 tid=2669 in Object.wait()
java.lang.Thread.State: WAITING (on object monitor)
        at sun.misc.Unsafe.park(Native Method)
        at java.util.concurrent.locks.LockSupport.park(LockSupport.java:175)
        at java.util.concurrent.locks.AbstractQueuedSynchronizer$ConditionObject.await(AbstractQueuedSynchronizer.java:2039)
        at java.util.concurrent.ArrayBlockingQueue.take(ArrayBlockingQueue.java:403)
        at java.util.concurrent.ThreadPoolExecutor.getTask(ThreadPoolExecutor.java:1074)
        at java.util.concurrent.ThreadPoolExecutor.runWorker(ThreadPoolExecutor.java:1134)
        at java.util.concurrent.ThreadPoolExecutor$Worker.run(ThreadPoolExecutor.java:624)
        at java.lang.Thread.run(Thread.java:748)
"qtp1847256931-2499" daemon prio=5 tid=2499 timed_waiting
java.lang.Thread.State: TIMED_WAITING
        at sun.misc.Unsafe.park(Native Method)
        at java.util.concurrent.locks.LockSupport.parkNanos(LockSupport.java:215)
        at java.util.concurrent.locks.AbstractQueuedSynchronizer$ConditionObject.awaitNanos(AbstractQueuedSynchronizer.java:2078)
        at org.eclipse.jetty.util.BlockingArrayQueue.poll(BlockingArrayQueue.java:392)
        at org.eclipse.jetty.util.thread.QueuedThreadPool.idleJobPoll(QueuedThreadPool.java:563)
        at org.eclipse.jetty.util.thread.QueuedThreadPool.access$800(QueuedThreadPool.java:48)
        at org.eclipse.jetty.util.thread.QueuedThreadPool$2.run(QueuedThreadPool.java:626)
        at java.lang.Thread.run(Thread.java:748)
"metrics-hadoop-metrics2-reporter-96-thread-1" daemon prio=5 tid=2217 timed_waiting
java.lang.Thread.State: TIMED_WAITING
        at sun.misc.Unsafe.park(Native Method)
        at java.util.concurrent.locks.LockSupport.parkNanos(LockSupport.java:215)
        at java.util.concurrent.locks.AbstractQueuedSynchronizer$ConditionObject.awaitNanos(AbstractQueuedSynchronizer.java:2078)
        at java.util.concurrent.ScheduledThreadPoolExecutor$DelayedWorkQueue.take(ScheduledThreadPoolExecutor.java:1093)
        at java.util.concurrent.ScheduledThreadPoolExecutor$DelayedWorkQueue.take(ScheduledThreadPoolExecutor.java:809)
        at java.util.concurrent.ThreadPoolExecutor.getTask(ThreadPoolExecutor.java:1074)
        at java.util.concurrent.ThreadPoolExecutor.runWorker(ThreadPoolExecutor.java:1134)
        at java.util.concurrent.ThreadPoolExecutor$Worker.run(ThreadPoolExecutor.java:624)
        at java.lang.Thread.run(Thread.java:748)
"Command processor thread" daemon prio=5 tid=2509 timed_waiting
java.lang.Thread.State: TIMED_WAITING
        at java.lang.Thread.sleep(Native Method)
        at org.apache.hadoop.ozone.container.common.statemachine.DatanodeStateMachine.lambda$initCommandHandlerThread$1(DatanodeStateMachine.java:439)
        at org.apache.hadoop.ozone.container.common.statemachine.DatanodeStateMachine$$Lambda$141/1871802100.run(Unknown Source)
        at java.lang.Thread.run(Thread.java:748)
"PartialTableCache Cleanup Thread - 0" daemon prio=5 tid=1233 in Object.wait()
java.lang.Thread.State: WAITING (on object monitor)
        at sun.misc.Unsafe.park(Native Method)
        at java.util.concurrent.locks.LockSupport.park(LockSupport.java:175)
        at java.util.concurrent.locks.AbstractQueuedSynchronizer$ConditionObject.await(AbstractQueuedSynchronizer.java:2039)
        at java.util.concurrent.LinkedBlockingQueue.take(LinkedBlockingQueue.java:442)
        at java.util.concurrent.ThreadPoolExecutor.getTask(ThreadPoolExecutor.java:1074)
        at java.util.concurrent.ThreadPoolExecutor.runWorker(ThreadPoolExecutor.java:1134)
        at java.util.concurrent.ThreadPoolExecutor$Worker.run(ThreadPoolExecutor.java:624)
        at java.lang.Thread.run(Thread.java:748)
"BlockDeletingService#0" daemon prio=5 tid=2574 timed_waiting
java.lang.Thread.State: TIMED_WAITING
        at sun.misc.Unsafe.park(Native Method)
        at java.util.concurrent.locks.LockSupport.parkNanos(LockSupport.java:215)
        at java.util.concurrent.locks.AbstractQueuedSynchronizer$ConditionObject.awaitNanos(AbstractQueuedSynchronizer.java:2078)
        at java.util.concurrent.ScheduledThreadPoolExecutor$DelayedWorkQueue.take(ScheduledThreadPoolExecutor.java:1093)
        at java.util.concurrent.ScheduledThreadPoolExecutor$DelayedWorkQueue.take(ScheduledThreadPoolExecutor.java:809)
        at java.util.concurrent.ThreadPoolExecutor.getTask(ThreadPoolExecutor.java:1074)
        at java.util.concurrent.ThreadPoolExecutor.runWorker(ThreadPoolExecutor.java:1134)
        at java.util.concurrent.ThreadPoolExecutor$Worker.run(ThreadPoolExecutor.java:624)
        at java.lang.Thread.run(Thread.java:748)
"Datanode ReportManager Thread - 2" daemon prio=5 tid=1457 in Object.wait()
java.lang.Thread.State: WAITING (on object monitor)
        at sun.misc.Unsafe.park(Native Method)
        at java.util.concurrent.locks.LockSupport.park(LockSupport.java:175)
        at java.util.concurrent.locks.AbstractQueuedSynchronizer$ConditionObject.await(AbstractQueuedSynchronizer.java:2039)
        at java.util.concurrent.ScheduledThreadPoolExecutor$DelayedWorkQueue.take(ScheduledThreadPoolExecutor.java:1088)
        at java.util.concurrent.ScheduledThreadPoolExecutor$DelayedWorkQueue.take(ScheduledThreadPoolExecutor.java:809)
        at java.util.concurrent.ThreadPoolExecutor.getTask(ThreadPoolExecutor.java:1074)
        at java.util.concurrent.ThreadPoolExecutor.runWorker(ThreadPoolExecutor.java:1134)
        at java.util.concurrent.ThreadPoolExecutor$Worker.run(ThreadPoolExecutor.java:624)
        at java.lang.Thread.run(Thread.java:748)
"pool-226-thread-58"  prio=5 tid=2570 in Object.wait()
java.lang.Thread.State: WAITING (on object monitor)
        at sun.misc.Unsafe.park(Native Method)
        at java.util.concurrent.locks.LockSupport.park(LockSupport.java:175)
        at java.util.concurrent.locks.AbstractQueuedSynchronizer$ConditionObject.await(AbstractQueuedSynchronizer.java:2039)
        at java.util.concurrent.ArrayBlockingQueue.take(ArrayBlockingQueue.java:403)
        at java.util.concurrent.ThreadPoolExecutor.getTask(ThreadPoolExecutor.java:1074)
        at java.util.concurrent.ThreadPoolExecutor.runWorker(ThreadPoolExecutor.java:1134)
        at java.util.concurrent.ThreadPoolExecutor$Worker.run(ThreadPoolExecutor.java:624)
        at java.lang.Thread.run(Thread.java:748)
"3aea292b-16fb-4e9b-be90-828afa8e8047@group-475F4F9EA4AD-SegmentedRaftLogWorker"  prio=5 tid=2736 timed_waiting
java.lang.Thread.State: TIMED_WAITING
        at sun.misc.Unsafe.park(Native Method)
        at java.util.concurrent.locks.LockSupport.parkNanos(LockSupport.java:215)
        at java.util.concurrent.locks.AbstractQueuedSynchronizer$ConditionObject.awaitNanos(AbstractQueuedSynchronizer.java:2078)
        at org.apache.ratis.util.DataBlockingQueue.poll(DataBlockingQueue.java:137)
        at org.apache.ratis.server.raftlog.segmented.SegmentedRaftLogWorker.run(SegmentedRaftLogWorker.java:282)
        at java.lang.Thread.run(Thread.java:748)
"metrics-hadoop-metrics2-reporter-104-thread-1" daemon prio=5 tid=2244 timed_waiting
java.lang.Thread.State: TIMED_WAITING
        at sun.misc.Unsafe.park(Native Method)
        at java.util.concurrent.locks.LockSupport.parkNanos(LockSupport.java:215)
        at java.util.concurrent.locks.AbstractQueuedSynchronizer$ConditionObject.awaitNanos(AbstractQueuedSynchronizer.java:2078)
        at java.util.concurrent.ScheduledThreadPoolExecutor$DelayedWorkQueue.take(ScheduledThreadPoolExecutor.java:1093)
        at java.util.concurrent.ScheduledThreadPoolExecutor$DelayedWorkQueue.take(ScheduledThreadPoolExecutor.java:809)
        at java.util.concurrent.ThreadPoolExecutor.getTask(ThreadPoolExecutor.java:1074)
        at java.util.concurrent.ThreadPoolExecutor.runWorker(ThreadPoolExecutor.java:1134)
        at java.util.concurrent.ThreadPoolExecutor$Worker.run(ThreadPoolExecutor.java:624)
        at java.lang.Thread.run(Thread.java:748)
"pool-236-thread-46"  prio=5 tid=2621 in Object.wait()
java.lang.Thread.State: WAITING (on object monitor)
        at sun.misc.Unsafe.park(Native Method)
        at java.util.concurrent.locks.LockSupport.park(LockSupport.java:175)
        at java.util.concurrent.locks.AbstractQueuedSynchronizer$ConditionObject.await(AbstractQueuedSynchronizer.java:2039)
        at java.util.concurrent.ArrayBlockingQueue.take(ArrayBlockingQueue.java:403)
        at java.util.concurrent.ThreadPoolExecutor.getTask(ThreadPoolExecutor.java:1074)
        at java.util.concurrent.ThreadPoolExecutor.runWorker(ThreadPoolExecutor.java:1134)
        at java.util.concurrent.ThreadPoolExecutor$Worker.run(ThreadPoolExecutor.java:624)
        at java.lang.Thread.run(Thread.java:748)
"IPC Server handler 18 on 40756" daemon prio=5 tid=2333 timed_waiting
java.lang.Thread.State: TIMED_WAITING
        at sun.misc.Unsafe.park(Native Method)
        at java.util.concurrent.locks.LockSupport.parkNanos(LockSupport.java:215)
        at java.util.concurrent.locks.AbstractQueuedSynchronizer$ConditionObject.awaitNanos(AbstractQueuedSynchronizer.java:2078)
        at java.util.concurrent.LinkedBlockingQueue.poll(LinkedBlockingQueue.java:467)
        at org.apache.hadoop.ipc.CallQueueManager.take(CallQueueManager.java:288)
        at org.apache.hadoop.ipc.Server$Handler.run(Server.java:2668)
"metrics-hadoop-metrics2-reporter-62-thread-1" daemon prio=5 tid=1668 timed_waiting
java.lang.Thread.State: TIMED_WAITING
        at sun.misc.Unsafe.park(Native Method)
        at java.util.concurrent.locks.LockSupport.parkNanos(LockSupport.java:215)
        at java.util.concurrent.locks.AbstractQueuedSynchronizer$ConditionObject.awaitNanos(AbstractQueuedSynchronizer.java:2078)
        at java.util.concurrent.ScheduledThreadPoolExecutor$DelayedWorkQueue.take(ScheduledThreadPoolExecutor.java:1093)
        at java.util.concurrent.ScheduledThreadPoolExecutor$DelayedWorkQueue.take(ScheduledThreadPoolExecutor.java:809)
        at java.util.concurrent.ThreadPoolExecutor.getTask(ThreadPoolExecutor.java:1074)
        at java.util.concurrent.ThreadPoolExecutor.runWorker(ThreadPoolExecutor.java:1134)
        at java.util.concurrent.ThreadPoolExecutor$Worker.run(ThreadPoolExecutor.java:624)
        at java.lang.Thread.run(Thread.java:748)
"pool-246-thread-23"  prio=5 tid=2660 in Object.wait()
java.lang.Thread.State: WAITING (on object monitor)
        at sun.misc.Unsafe.park(Native Method)
        at java.util.concurrent.locks.LockSupport.park(LockSupport.java:175)
        at java.util.concurrent.locks.AbstractQueuedSynchronizer$ConditionObject.await(AbstractQueuedSynchronizer.java:2039)
        at java.util.concurrent.ArrayBlockingQueue.take(ArrayBlockingQueue.java:403)
        at java.util.concurrent.ThreadPoolExecutor.getTask(ThreadPoolExecutor.java:1074)
        at java.util.concurrent.ThreadPoolExecutor.runWorker(ThreadPoolExecutor.java:1134)
        at java.util.concurrent.ThreadPoolExecutor$Worker.run(ThreadPoolExecutor.java:624)
        at java.lang.Thread.run(Thread.java:748)
"metrics-hadoop-metrics2-reporter-109-thread-1" daemon prio=5 tid=2266 timed_waiting
java.lang.Thread.State: TIMED_WAITING
        at sun.misc.Unsafe.park(Native Method)
        at java.util.concurrent.locks.LockSupport.parkNanos(LockSupport.java:215)
        at java.util.concurrent.locks.AbstractQueuedSynchronizer$ConditionObject.awaitNanos(AbstractQueuedSynchronizer.java:2078)
        at java.util.concurrent.ScheduledThreadPoolExecutor$DelayedWorkQueue.take(ScheduledThreadPoolExecutor.java:1093)
        at java.util.concurrent.ScheduledThreadPoolExecutor$DelayedWorkQueue.take(ScheduledThreadPoolExecutor.java:809)
        at java.util.concurrent.ThreadPoolExecutor.getTask(ThreadPoolExecutor.java:1074)
        at java.util.concurrent.ThreadPoolExecutor.runWorker(ThreadPoolExecutor.java:1134)
        at java.util.concurrent.ThreadPoolExecutor$Worker.run(ThreadPoolExecutor.java:624)
        at java.lang.Thread.run(Thread.java:748)
"pool-236-thread-39"  prio=5 tid=2614 in Object.wait()
java.lang.Thread.State: WAITING (on object monitor)
        at sun.misc.Unsafe.park(Native Method)
        at java.util.concurrent.locks.LockSupport.park(LockSupport.java:175)
        at java.util.concurrent.locks.AbstractQueuedSynchronizer$ConditionObject.await(AbstractQueuedSynchronizer.java:2039)
        at java.util.concurrent.ArrayBlockingQueue.take(ArrayBlockingQueue.java:403)
        at java.util.concurrent.ThreadPoolExecutor.getTask(ThreadPoolExecutor.java:1074)
        at java.util.concurrent.ThreadPoolExecutor.runWorker(ThreadPoolExecutor.java:1134)
        at java.util.concurrent.ThreadPoolExecutor$Worker.run(ThreadPoolExecutor.java:624)
        at java.lang.Thread.run(Thread.java:748)
"org.eclipse.jetty.server.session.HashSessionManager@63f40ca0Timer" daemon prio=5 tid=2429 timed_waiting
java.lang.Thread.State: TIMED_WAITING
        at sun.misc.Unsafe.park(Native Method)
        at java.util.concurrent.locks.LockSupport.parkNanos(LockSupport.java:215)
        at java.util.concurrent.locks.AbstractQueuedSynchronizer$ConditionObject.awaitNanos(AbstractQueuedSynchronizer.java:2078)
        at java.util.concurrent.ScheduledThreadPoolExecutor$DelayedWorkQueue.take(ScheduledThreadPoolExecutor.java:1093)
        at java.util.concurrent.ScheduledThreadPoolExecutor$DelayedWorkQueue.take(ScheduledThreadPoolExecutor.java:809)
        at java.util.concurrent.ThreadPoolExecutor.getTask(ThreadPoolExecutor.java:1074)
        at java.util.concurrent.ThreadPoolExecutor.runWorker(ThreadPoolExecutor.java:1134)
        at java.util.concurrent.ThreadPoolExecutor$Worker.run(ThreadPoolExecutor.java:624)
        at java.lang.Thread.run(Thread.java:748)
"metrics-hadoop-metrics2-reporter-29-thread-1" daemon prio=5 tid=986 timed_waiting
java.lang.Thread.State: TIMED_WAITING
        at sun.misc.Unsafe.park(Native Method)
        at java.util.concurrent.locks.LockSupport.parkNanos(LockSupport.java:215)
        at java.util.concurrent.locks.AbstractQueuedSynchronizer$ConditionObject.awaitNanos(AbstractQueuedSynchronizer.java:2078)
        at java.util.concurrent.ScheduledThreadPoolExecutor$DelayedWorkQueue.take(ScheduledThreadPoolExecutor.java:1093)
        at java.util.concurrent.ScheduledThreadPoolExecutor$DelayedWorkQueue.take(ScheduledThreadPoolExecutor.java:809)
        at java.util.concurrent.ThreadPoolExecutor.getTask(ThreadPoolExecutor.java:1074)
        at java.util.concurrent.ThreadPoolExecutor.runWorker(ThreadPoolExecutor.java:1134)
        at java.util.concurrent.ThreadPoolExecutor$Worker.run(ThreadPoolExecutor.java:624)
        at java.lang.Thread.run(Thread.java:748)
"metrics-hadoop-metrics2-reporter-10-thread-1" daemon prio=5 tid=458 timed_waiting
java.lang.Thread.State: TIMED_WAITING
        at sun.misc.Unsafe.park(Native Method)
        at java.util.concurrent.locks.LockSupport.parkNanos(LockSupport.java:215)
        at java.util.concurrent.locks.AbstractQueuedSynchronizer$ConditionObject.awaitNanos(AbstractQueuedSynchronizer.java:2078)
        at java.util.concurrent.ScheduledThreadPoolExecutor$DelayedWorkQueue.take(ScheduledThreadPoolExecutor.java:1093)
        at java.util.concurrent.ScheduledThreadPoolExecutor$DelayedWorkQueue.take(ScheduledThreadPoolExecutor.java:809)
        at java.util.concurrent.ThreadPoolExecutor.getTask(ThreadPoolExecutor.java:1074)
        at java.util.concurrent.ThreadPoolExecutor.runWorker(ThreadPoolExecutor.java:1134)
        at java.util.concurrent.ThreadPoolExecutor$Worker.run(ThreadPoolExecutor.java:624)
        at java.lang.Thread.run(Thread.java:748)
"org.eclipse.jetty.server.session.HashSessionManager@552fee7aTimer" daemon prio=5 tid=2501 timed_waiting
java.lang.Thread.State: TIMED_WAITING
        at sun.misc.Unsafe.park(Native Method)
        at java.util.concurrent.locks.LockSupport.parkNanos(LockSupport.java:215)
        at java.util.concurrent.locks.AbstractQueuedSynchronizer$ConditionObject.awaitNanos(AbstractQueuedSynchronizer.java:2078)
        at java.util.concurrent.ScheduledThreadPoolExecutor$DelayedWorkQueue.take(ScheduledThreadPoolExecutor.java:1093)
        at java.util.concurrent.ScheduledThreadPoolExecutor$DelayedWorkQueue.take(ScheduledThreadPoolExecutor.java:809)
        at java.util.concurrent.ThreadPoolExecutor.getTask(ThreadPoolExecutor.java:1074)
        at java.util.concurrent.ThreadPoolExecutor.runWorker(ThreadPoolExecutor.java:1134)
        at java.util.concurrent.ThreadPoolExecutor$Worker.run(ThreadPoolExecutor.java:624)
        at java.lang.Thread.run(Thread.java:748)
"pool-236-thread-3"  prio=5 tid=2578 in Object.wait()
java.lang.Thread.State: WAITING (on object monitor)
        at sun.misc.Unsafe.park(Native Method)
        at java.util.concurrent.locks.LockSupport.park(LockSupport.java:175)
        at java.util.concurrent.locks.AbstractQueuedSynchronizer$ConditionObject.await(AbstractQueuedSynchronizer.java:2039)
        at java.util.concurrent.ArrayBlockingQueue.take(ArrayBlockingQueue.java:403)
        at java.util.concurrent.ThreadPoolExecutor.getTask(ThreadPoolExecutor.java:1074)
        at java.util.concurrent.ThreadPoolExecutor.runWorker(ThreadPoolExecutor.java:1134)
        at java.util.concurrent.ThreadPoolExecutor$Worker.run(ThreadPoolExecutor.java:624)
        at java.lang.Thread.run(Thread.java:748)
"org.eclipse.jetty.server.session.HashSessionManager@66e827a8Timer" daemon prio=5 tid=2503 timed_waiting
java.lang.Thread.State: TIMED_WAITING
        at sun.misc.Unsafe.park(Native Method)
        at java.util.concurrent.locks.LockSupport.parkNanos(LockSupport.java:215)
        at java.util.concurrent.locks.AbstractQueuedSynchronizer$ConditionObject.awaitNanos(AbstractQueuedSynchronizer.java:2078)
        at java.util.concurrent.ScheduledThreadPoolExecutor$DelayedWorkQueue.take(ScheduledThreadPoolExecutor.java:1093)
        at java.util.concurrent.ScheduledThreadPoolExecutor$DelayedWorkQueue.take(ScheduledThreadPoolExecutor.java:809)
        at java.util.concurrent.ThreadPoolExecutor.getTask(ThreadPoolExecutor.java:1074)
        at java.util.concurrent.ThreadPoolExecutor.runWorker(ThreadPoolExecutor.java:1134)
        at java.util.concurrent.ThreadPoolExecutor$Worker.run(ThreadPoolExecutor.java:624)
        at java.lang.Thread.run(Thread.java:748)
"Socket Reader #1 for port 40756"  prio=5 tid=2309 runnable
java.lang.Thread.State: RUNNABLE
        at sun.nio.ch.EPollArrayWrapper.epollWait(Native Method)
        at sun.nio.ch.EPollArrayWrapper.poll(EPollArrayWrapper.java:269)
        at sun.nio.ch.EPollSelectorImpl.doSelect(EPollSelectorImpl.java:93)
        at sun.nio.ch.SelectorImpl.lockAndDoSelect(SelectorImpl.java:86)
        at sun.nio.ch.SelectorImpl.select(SelectorImpl.java:97)
        at sun.nio.ch.SelectorImpl.select(SelectorImpl.java:101)
        at org.apache.hadoop.ipc.Server$Listener$Reader.doRunLoop(Server.java:1097)
        at org.apache.hadoop.ipc.Server$Listener$Reader.run(Server.java:1076)
"pool-246-thread-57"  prio=5 tid=2694 in Object.wait()
java.lang.Thread.State: WAITING (on object monitor)
        at sun.misc.Unsafe.park(Native Method)
        at java.util.concurrent.locks.LockSupport.park(LockSupport.java:175)
        at java.util.concurrent.locks.AbstractQueuedSynchronizer$ConditionObject.await(AbstractQueuedSynchronizer.java:2039)
        at java.util.concurrent.ArrayBlockingQueue.take(ArrayBlockingQueue.java:403)
        at java.util.concurrent.ThreadPoolExecutor.getTask(ThreadPoolExecutor.java:1074)
        at java.util.concurrent.ThreadPoolExecutor.runWorker(ThreadPoolExecutor.java:1134)
        at java.util.concurrent.ThreadPoolExecutor$Worker.run(ThreadPoolExecutor.java:624)
        at java.lang.Thread.run(Thread.java:748)
"pool-226-thread-56"  prio=5 tid=2568 in Object.wait()
java.lang.Thread.State: WAITING (on object monitor)
        at sun.misc.Unsafe.park(Native Method)
        at java.util.concurrent.locks.LockSupport.park(LockSupport.java:175)
        at java.util.concurrent.locks.AbstractQueuedSynchronizer$ConditionObject.await(AbstractQueuedSynchronizer.java:2039)
        at java.util.concurrent.ArrayBlockingQueue.take(ArrayBlockingQueue.java:403)
        at java.util.concurrent.ThreadPoolExecutor.getTask(ThreadPoolExecutor.java:1074)
        at java.util.concurrent.ThreadPoolExecutor.runWorker(ThreadPoolExecutor.java:1134)
        at java.util.concurrent.ThreadPoolExecutor$Worker.run(ThreadPoolExecutor.java:624)
        at java.lang.Thread.run(Thread.java:748)
"Thread-1276" daemon prio=5 tid=2745 timed_waiting
java.lang.Thread.State: TIMED_WAITING
        at sun.misc.Unsafe.park(Native Method)
        at java.util.concurrent.locks.LockSupport.parkNanos(LockSupport.java:215)
        at java.util.concurrent.locks.AbstractQueuedSynchronizer$ConditionObject.awaitNanos(AbstractQueuedSynchronizer.java:2078)
        at java.util.concurrent.ArrayBlockingQueue.poll(ArrayBlockingQueue.java:418)
        at org.apache.ratis.server.impl.LeaderState$EventQueue.poll(LeaderState.java:115)
        at org.apache.ratis.server.impl.LeaderState$EventProcessor.run(LeaderState.java:467)
"grpc-default-worker-ELG-11-2" daemon prio=5 tid=2711 runnable
java.lang.Thread.State: RUNNABLE
        at sun.nio.ch.EPollArrayWrapper.epollWait(Native Method)
        at sun.nio.ch.EPollArrayWrapper.poll(EPollArrayWrapper.java:269)
        at sun.nio.ch.EPollSelectorImpl.doSelect(EPollSelectorImpl.java:93)
        at sun.nio.ch.SelectorImpl.lockAndDoSelect(SelectorImpl.java:86)
        at sun.nio.ch.SelectorImpl.select(SelectorImpl.java:97)
        at org.apache.ratis.thirdparty.io.netty.channel.nio.SelectedSelectionKeySetSelector.select(SelectedSelectionKeySetSelector.java:62)
        at org.apache.ratis.thirdparty.io.netty.channel.nio.NioEventLoop.select(NioEventLoop.java:753)
        at org.apache.ratis.thirdparty.io.netty.channel.nio.NioEventLoop.run(NioEventLoop.java:408)
        at org.apache.ratis.thirdparty.io.netty.util.concurrent.SingleThreadEventExecutor$5.run(SingleThreadEventExecutor.java:897)
        at org.apache.ratis.thirdparty.io.netty.util.concurrent.FastThreadLocalRunnable.run(FastThreadLocalRunnable.java:30)
        at java.lang.Thread.run(Thread.java:748)
"pool-236-thread-34"  prio=5 tid=2609 in Object.wait()
java.lang.Thread.State: WAITING (on object monitor)
        at sun.misc.Unsafe.park(Native Method)
        at java.util.concurrent.locks.LockSupport.park(LockSupport.java:175)
        at java.util.concurrent.locks.AbstractQueuedSynchronizer$ConditionObject.await(AbstractQueuedSynchronizer.java:2039)
        at java.util.concurrent.ArrayBlockingQueue.take(ArrayBlockingQueue.java:403)
        at java.util.concurrent.ThreadPoolExecutor.getTask(ThreadPoolExecutor.java:1074)
        at java.util.concurrent.ThreadPoolExecutor.runWorker(ThreadPoolExecutor.java:1134)
        at java.util.concurrent.ThreadPoolExecutor$Worker.run(ThreadPoolExecutor.java:624)
        at java.lang.Thread.run(Thread.java:748)
"Datanode ReportManager Thread - 3" daemon prio=5 tid=1404 in Object.wait()
java.lang.Thread.State: WAITING (on object monitor)
        at sun.misc.Unsafe.park(Native Method)
        at java.util.concurrent.locks.LockSupport.park(LockSupport.java:175)
        at java.util.concurrent.locks.AbstractQueuedSynchronizer$ConditionObject.await(AbstractQueuedSynchronizer.java:2039)
        at java.util.concurrent.ScheduledThreadPoolExecutor$DelayedWorkQueue.take(ScheduledThreadPoolExecutor.java:1088)
        at java.util.concurrent.ScheduledThreadPoolExecutor$DelayedWorkQueue.take(ScheduledThreadPoolExecutor.java:809)
        at java.util.concurrent.ThreadPoolExecutor.getTask(ThreadPoolExecutor.java:1074)
        at java.util.concurrent.ThreadPoolExecutor.runWorker(ThreadPoolExecutor.java:1134)
        at java.util.concurrent.ThreadPoolExecutor$Worker.run(ThreadPoolExecutor.java:624)
        at java.lang.Thread.run(Thread.java:748)
"metrics-hadoop-metrics2-reporter-47-thread-1" daemon prio=5 tid=1037 timed_waiting
java.lang.Thread.State: TIMED_WAITING
        at sun.misc.Unsafe.park(Native Method)
        at java.util.concurrent.locks.LockSupport.parkNanos(LockSupport.java:215)
        at java.util.concurrent.locks.AbstractQueuedSynchronizer$ConditionObject.awaitNanos(AbstractQueuedSynchronizer.java:2078)
        at java.util.concurrent.ScheduledThreadPoolExecutor$DelayedWorkQueue.take(ScheduledThreadPoolExecutor.java:1093)
        at java.util.concurrent.ScheduledThreadPoolExecutor$DelayedWorkQueue.take(ScheduledThreadPoolExecutor.java:809)
        at java.util.concurrent.ThreadPoolExecutor.getTask(ThreadPoolExecutor.java:1074)
        at java.util.concurrent.ThreadPoolExecutor.runWorker(ThreadPoolExecutor.java:1134)
        at java.util.concurrent.ThreadPoolExecutor$Worker.run(ThreadPoolExecutor.java:624)
        at java.lang.Thread.run(Thread.java:748)
"pool-246-thread-58"  prio=5 tid=2695 in Object.wait()
java.lang.Thread.State: WAITING (on object monitor)
        at sun.misc.Unsafe.park(Native Method)
        at java.util.concurrent.locks.LockSupport.park(LockSupport.java:175)
        at java.util.concurrent.locks.AbstractQueuedSynchronizer$ConditionObject.await(AbstractQueuedSynchronizer.java:2039)
        at java.util.concurrent.ArrayBlockingQueue.take(ArrayBlockingQueue.java:403)
        at java.util.concurrent.ThreadPoolExecutor.getTask(ThreadPoolExecutor.java:1074)
        at java.util.concurrent.ThreadPoolExecutor.runWorker(ThreadPoolExecutor.java:1134)
        at java.util.concurrent.ThreadPoolExecutor$Worker.run(ThreadPoolExecutor.java:624)
        at java.lang.Thread.run(Thread.java:748)
"qtp1847256931-2496" daemon prio=5 tid=2496 timed_waiting
java.lang.Thread.State: TIMED_WAITING
        at sun.misc.Unsafe.park(Native Method)
        at java.util.concurrent.locks.LockSupport.parkNanos(LockSupport.java:215)
        at java.util.concurrent.locks.AbstractQueuedSynchronizer$ConditionObject.awaitNanos(AbstractQueuedSynchronizer.java:2078)
        at org.eclipse.jetty.util.BlockingArrayQueue.poll(BlockingArrayQueue.java:392)
        at org.eclipse.jetty.util.thread.QueuedThreadPool.idleJobPoll(QueuedThreadPool.java:563)
        at org.eclipse.jetty.util.thread.QueuedThreadPool.access$800(QueuedThreadPool.java:48)
        at org.eclipse.jetty.util.thread.QueuedThreadPool$2.run(QueuedThreadPool.java:626)
        at java.lang.Thread.run(Thread.java:748)
"metrics-hadoop-metrics2-reporter-116-thread-1" daemon prio=5 tid=2725 timed_waiting
java.lang.Thread.State: TIMED_WAITING
        at sun.misc.Unsafe.park(Native Method)
        at java.util.concurrent.locks.LockSupport.parkNanos(LockSupport.java:215)
        at java.util.concurrent.locks.AbstractQueuedSynchronizer$ConditionObject.awaitNanos(AbstractQueuedSynchronizer.java:2078)
        at java.util.concurrent.ScheduledThreadPoolExecutor$DelayedWorkQueue.take(ScheduledThreadPoolExecutor.java:1093)
        at java.util.concurrent.ScheduledThreadPoolExecutor$DelayedWorkQueue.take(ScheduledThreadPoolExecutor.java:809)
        at java.util.concurrent.ThreadPoolExecutor.getTask(ThreadPoolExecutor.java:1074)
        at java.util.concurrent.ThreadPoolExecutor.runWorker(ThreadPoolExecutor.java:1134)
        at java.util.concurrent.ThreadPoolExecutor$Worker.run(ThreadPoolExecutor.java:624)
        at java.lang.Thread.run(Thread.java:748)
"pool-226-thread-30"  prio=5 tid=2542 in Object.wait()
java.lang.Thread.State: WAITING (on object monitor)
        at sun.misc.Unsafe.park(Native Method)
        at java.util.concurrent.locks.LockSupport.park(LockSupport.java:175)
        at java.util.concurrent.locks.AbstractQueuedSynchronizer$ConditionObject.await(AbstractQueuedSynchronizer.java:2039)
        at java.util.concurrent.ArrayBlockingQueue.take(ArrayBlockingQueue.java:403)
        at java.util.concurrent.ThreadPoolExecutor.getTask(ThreadPoolExecutor.java:1074)
        at java.util.concurrent.ThreadPoolExecutor.runWorker(ThreadPoolExecutor.java:1134)
        at java.util.concurrent.ThreadPoolExecutor$Worker.run(ThreadPoolExecutor.java:624)
        at java.lang.Thread.run(Thread.java:748)
"IPC Server handler 7 on 45250" daemon prio=5 tid=2406 timed_waiting
java.lang.Thread.State: TIMED_WAITING
        at sun.misc.Unsafe.park(Native Method)
        at java.util.concurrent.locks.LockSupport.parkNanos(LockSupport.java:215)
        at java.util.concurrent.locks.AbstractQueuedSynchronizer$ConditionObject.awaitNanos(AbstractQueuedSynchronizer.java:2078)
        at java.util.concurrent.LinkedBlockingQueue.poll(LinkedBlockingQueue.java:467)
        at org.apache.hadoop.ipc.CallQueueManager.take(CallQueueManager.java:288)
        at org.apache.hadoop.ipc.Server$Handler.run(Server.java:2668)
"PartialTableCache Cleanup Thread - 0" daemon prio=5 tid=557 in Object.wait()
java.lang.Thread.State: WAITING (on object monitor)
        at sun.misc.Unsafe.park(Native Method)
        at java.util.concurrent.locks.LockSupport.park(LockSupport.java:175)
        at java.util.concurrent.locks.AbstractQueuedSynchronizer$ConditionObject.await(AbstractQueuedSynchronizer.java:2039)
        at java.util.concurrent.LinkedBlockingQueue.take(LinkedBlockingQueue.java:442)
        at java.util.concurrent.ThreadPoolExecutor.getTask(ThreadPoolExecutor.java:1074)
        at java.util.concurrent.ThreadPoolExecutor.runWorker(ThreadPoolExecutor.java:1134)
        at java.util.concurrent.ThreadPoolExecutor$Worker.run(ThreadPoolExecutor.java:624)
        at java.lang.Thread.run(Thread.java:748)
"pool-246-thread-1"  prio=5 tid=2638 in Object.wait()
java.lang.Thread.State: WAITING (on object monitor)
        at sun.misc.Unsafe.park(Native Method)
        at java.util.concurrent.locks.LockSupport.park(LockSupport.java:175)
        at java.util.concurrent.locks.AbstractQueuedSynchronizer$ConditionObject.await(AbstractQueuedSynchronizer.java:2039)
        at java.util.concurrent.ArrayBlockingQueue.take(ArrayBlockingQueue.java:403)
        at java.util.concurrent.ThreadPoolExecutor.getTask(ThreadPoolExecutor.java:1074)
        at java.util.concurrent.ThreadPoolExecutor.runWorker(ThreadPoolExecutor.java:1134)
        at java.util.concurrent.ThreadPoolExecutor$Worker.run(ThreadPoolExecutor.java:624)
        at java.lang.Thread.run(Thread.java:748)
"pool-226-thread-39"  prio=5 tid=2551 in Object.wait()
java.lang.Thread.State: WAITING (on object monitor)
        at sun.misc.Unsafe.park(Native Method)
        at java.util.concurrent.locks.LockSupport.park(LockSupport.java:175)
        at java.util.concurrent.locks.AbstractQueuedSynchronizer$ConditionObject.await(AbstractQueuedSynchronizer.java:2039)
        at java.util.concurrent.ArrayBlockingQueue.take(ArrayBlockingQueue.java:403)
        at java.util.concurrent.ThreadPoolExecutor.getTask(ThreadPoolExecutor.java:1074)
        at java.util.concurrent.ThreadPoolExecutor.runWorker(ThreadPoolExecutor.java:1134)
        at java.util.concurrent.ThreadPoolExecutor$Worker.run(ThreadPoolExecutor.java:624)
        at java.lang.Thread.run(Thread.java:748)
"BlockDeletingService#0" daemon prio=5 tid=2636 timed_waiting
java.lang.Thread.State: TIMED_WAITING
        at sun.misc.Unsafe.park(Native Method)
        at java.util.concurrent.locks.LockSupport.parkNanos(LockSupport.java:215)
        at java.util.concurrent.locks.AbstractQueuedSynchronizer$ConditionObject.awaitNanos(AbstractQueuedSynchronizer.java:2078)
        at java.util.concurrent.ScheduledThreadPoolExecutor$DelayedWorkQueue.take(ScheduledThreadPoolExecutor.java:1093)
        at java.util.concurrent.ScheduledThreadPoolExecutor$DelayedWorkQueue.take(ScheduledThreadPoolExecutor.java:809)
        at java.util.concurrent.ThreadPoolExecutor.getTask(ThreadPoolExecutor.java:1074)
        at java.util.concurrent.ThreadPoolExecutor.runWorker(ThreadPoolExecutor.java:1134)
        at java.util.concurrent.ThreadPoolExecutor$Worker.run(ThreadPoolExecutor.java:624)
        at java.lang.Thread.run(Thread.java:748)
"pool-236-thread-8"  prio=5 tid=2583 in Object.wait()
java.lang.Thread.State: WAITING (on object monitor)
        at sun.misc.Unsafe.park(Native Method)
        at java.util.concurrent.locks.LockSupport.park(LockSupport.java:175)
        at java.util.concurrent.locks.AbstractQueuedSynchronizer$ConditionObject.await(AbstractQueuedSynchronizer.java:2039)
        at java.util.concurrent.ArrayBlockingQueue.take(ArrayBlockingQueue.java:403)
        at java.util.concurrent.ThreadPoolExecutor.getTask(ThreadPoolExecutor.java:1074)
        at java.util.concurrent.ThreadPoolExecutor.runWorker(ThreadPoolExecutor.java:1134)
        at java.util.concurrent.ThreadPoolExecutor$Worker.run(ThreadPoolExecutor.java:624)
        at java.lang.Thread.run(Thread.java:748)
"Datanode ReportManager Thread - 0" daemon prio=5 tid=1428 in Object.wait()
java.lang.Thread.State: WAITING (on object monitor)
        at sun.misc.Unsafe.park(Native Method)
        at java.util.concurrent.locks.LockSupport.park(LockSupport.java:175)
        at java.util.concurrent.locks.AbstractQueuedSynchronizer$ConditionObject.await(AbstractQueuedSynchronizer.java:2039)
        at java.util.concurrent.ScheduledThreadPoolExecutor$DelayedWorkQueue.take(ScheduledThreadPoolExecutor.java:1088)
        at java.util.concurrent.ScheduledThreadPoolExecutor$DelayedWorkQueue.take(ScheduledThreadPoolExecutor.java:809)
        at java.util.concurrent.ThreadPoolExecutor.getTask(ThreadPoolExecutor.java:1074)
        at java.util.concurrent.ThreadPoolExecutor.runWorker(ThreadPoolExecutor.java:1134)
        at java.util.concurrent.ThreadPoolExecutor$Worker.run(ThreadPoolExecutor.java:624)
        at java.lang.Thread.run(Thread.java:748)
"pool-226-thread-12"  prio=5 tid=2524 in Object.wait()
java.lang.Thread.State: WAITING (on object monitor)
        at sun.misc.Unsafe.park(Native Method)
        at java.util.concurrent.locks.LockSupport.park(LockSupport.java:175)
        at java.util.concurrent.locks.AbstractQueuedSynchronizer$ConditionObject.await(AbstractQueuedSynchronizer.java:2039)
        at java.util.concurrent.ArrayBlockingQueue.take(ArrayBlockingQueue.java:403)
        at java.util.concurrent.ThreadPoolExecutor.getTask(ThreadPoolExecutor.java:1074)
        at java.util.concurrent.ThreadPoolExecutor.runWorker(ThreadPoolExecutor.java:1134)
        at java.util.concurrent.ThreadPoolExecutor$Worker.run(ThreadPoolExecutor.java:624)
        at java.lang.Thread.run(Thread.java:748)
"pool-226-thread-27"  prio=5 tid=2539 in Object.wait()
java.lang.Thread.State: WAITING (on object monitor)
        at sun.misc.Unsafe.park(Native Method)
        at java.util.concurrent.locks.LockSupport.park(LockSupport.java:175)
        at java.util.concurrent.locks.AbstractQueuedSynchronizer$ConditionObject.await(AbstractQueuedSynchronizer.java:2039)
        at java.util.concurrent.ArrayBlockingQueue.take(ArrayBlockingQueue.java:403)
        at java.util.concurrent.ThreadPoolExecutor.getTask(ThreadPoolExecutor.java:1074)
        at java.util.concurrent.ThreadPoolExecutor.runWorker(ThreadPoolExecutor.java:1134)
        at java.util.concurrent.ThreadPoolExecutor$Worker.run(ThreadPoolExecutor.java:624)
        at java.lang.Thread.run(Thread.java:748)
"IPC Server handler 6 on 40756" daemon prio=5 tid=2321 timed_waiting
java.lang.Thread.State: TIMED_WAITING
        at sun.misc.Unsafe.park(Native Method)
        at java.util.concurrent.locks.LockSupport.parkNanos(LockSupport.java:215)
        at java.util.concurrent.locks.AbstractQueuedSynchronizer$ConditionObject.awaitNanos(AbstractQueuedSynchronizer.java:2078)
        at java.util.concurrent.LinkedBlockingQueue.poll(LinkedBlockingQueue.java:467)
        at org.apache.hadoop.ipc.CallQueueManager.take(CallQueueManager.java:288)
        at org.apache.hadoop.ipc.Server$Handler.run(Server.java:2668)
"metrics-hadoop-metrics2-reporter-68-thread-1" daemon prio=5 tid=1681 timed_waiting
java.lang.Thread.State: TIMED_WAITING
        at sun.misc.Unsafe.park(Native Method)
        at java.util.concurrent.locks.LockSupport.parkNanos(LockSupport.java:215)
        at java.util.concurrent.locks.AbstractQueuedSynchronizer$ConditionObject.awaitNanos(AbstractQueuedSynchronizer.java:2078)
        at java.util.concurrent.ScheduledThreadPoolExecutor$DelayedWorkQueue.take(ScheduledThreadPoolExecutor.java:1093)
        at java.util.concurrent.ScheduledThreadPoolExecutor$DelayedWorkQueue.take(ScheduledThreadPoolExecutor.java:809)
        at java.util.concurrent.ThreadPoolExecutor.getTask(ThreadPoolExecutor.java:1074)
        at java.util.concurrent.ThreadPoolExecutor.runWorker(ThreadPoolExecutor.java:1134)
        at java.util.concurrent.ThreadPoolExecutor$Worker.run(ThreadPoolExecutor.java:624)
        at java.lang.Thread.run(Thread.java:748)
"IPC Server handler 14 on 38076" daemon prio=5 tid=2369 timed_waiting
java.lang.Thread.State: TIMED_WAITING
        at sun.misc.Unsafe.park(Native Method)
        at java.util.concurrent.locks.LockSupport.parkNanos(LockSupport.java:215)
        at java.util.concurrent.locks.AbstractQueuedSynchronizer$ConditionObject.awaitNanos(AbstractQueuedSynchronizer.java:2078)
        at java.util.concurrent.LinkedBlockingQueue.poll(LinkedBlockingQueue.java:467)
        at org.apache.hadoop.ipc.CallQueueManager.take(CallQueueManager.java:288)
        at org.apache.hadoop.ipc.Server$Handler.run(Server.java:2668)
"metrics-hadoop-metrics2-reporter-135-thread-1" daemon prio=5 tid=2783 timed_waiting
java.lang.Thread.State: TIMED_WAITING
        at sun.misc.Unsafe.park(Native Method)
        at java.util.concurrent.locks.LockSupport.parkNanos(LockSupport.java:215)
        at java.util.concurrent.locks.AbstractQueuedSynchronizer$ConditionObject.awaitNanos(AbstractQueuedSynchronizer.java:2078)
        at java.util.concurrent.ScheduledThreadPoolExecutor$DelayedWorkQueue.take(ScheduledThreadPoolExecutor.java:1093)
        at java.util.concurrent.ScheduledThreadPoolExecutor$DelayedWorkQueue.take(ScheduledThreadPoolExecutor.java:809)
        at java.util.concurrent.ThreadPoolExecutor.getTask(ThreadPoolExecutor.java:1074)
        at java.util.concurrent.ThreadPoolExecutor.runWorker(ThreadPoolExecutor.java:1134)
        at java.util.concurrent.ThreadPoolExecutor$Worker.run(ThreadPoolExecutor.java:624)
        at java.lang.Thread.run(Thread.java:748)
"EventQueue-PipelineReportForPipelineReportHandler" daemon prio=5 tid=2705 in Object.wait()
java.lang.Thread.State: WAITING (on object monitor)
        at sun.misc.Unsafe.park(Native Method)
        at java.util.concurrent.locks.LockSupport.park(LockSupport.java:175)
        at java.util.concurrent.locks.AbstractQueuedSynchronizer$ConditionObject.await(AbstractQueuedSynchronizer.java:2039)
        at java.util.concurrent.LinkedBlockingQueue.take(LinkedBlockingQueue.java:442)
        at java.util.concurrent.ThreadPoolExecutor.getTask(ThreadPoolExecutor.java:1074)
        at java.util.concurrent.ThreadPoolExecutor.runWorker(ThreadPoolExecutor.java:1134)
        at java.util.concurrent.ThreadPoolExecutor$Worker.run(ThreadPoolExecutor.java:624)
        at java.lang.Thread.run(Thread.java:748)
"pool-246-thread-24"  prio=5 tid=2661 in Object.wait()
java.lang.Thread.State: WAITING (on object monitor)
        at sun.misc.Unsafe.park(Native Method)
        at java.util.concurrent.locks.LockSupport.park(LockSupport.java:175)
        at java.util.concurrent.locks.AbstractQueuedSynchronizer$ConditionObject.await(AbstractQueuedSynchronizer.java:2039)
        at java.util.concurrent.ArrayBlockingQueue.take(ArrayBlockingQueue.java:403)
        at java.util.concurrent.ThreadPoolExecutor.getTask(ThreadPoolExecutor.java:1074)
        at java.util.concurrent.ThreadPoolExecutor.runWorker(ThreadPoolExecutor.java:1134)
        at java.util.concurrent.ThreadPoolExecutor$Worker.run(ThreadPoolExecutor.java:624)
        at java.lang.Thread.run(Thread.java:748)
"IPC Server handler 2 on 40756" daemon prio=5 tid=2317 timed_waiting
java.lang.Thread.State: TIMED_WAITING
        at sun.misc.Unsafe.park(Native Method)
        at java.util.concurrent.locks.LockSupport.parkNanos(LockSupport.java:215)
        at java.util.concurrent.locks.AbstractQueuedSynchronizer$ConditionObject.awaitNanos(AbstractQueuedSynchronizer.java:2078)
        at java.util.concurrent.LinkedBlockingQueue.poll(LinkedBlockingQueue.java:467)
        at org.apache.hadoop.ipc.CallQueueManager.take(CallQueueManager.java:288)
        at org.apache.hadoop.ipc.Server$Handler.run(Server.java:2668)
"Datanode ReportManager Thread - 0" daemon prio=5 tid=1401 timed_waiting
java.lang.Thread.State: TIMED_WAITING
        at sun.misc.Unsafe.park(Native Method)
        at java.util.concurrent.locks.LockSupport.parkNanos(LockSupport.java:215)
        at java.util.concurrent.locks.AbstractQueuedSynchronizer$ConditionObject.awaitNanos(AbstractQueuedSynchronizer.java:2078)
        at java.util.concurrent.ScheduledThreadPoolExecutor$DelayedWorkQueue.take(ScheduledThreadPoolExecutor.java:1093)
        at java.util.concurrent.ScheduledThreadPoolExecutor$DelayedWorkQueue.take(ScheduledThreadPoolExecutor.java:809)
        at java.util.concurrent.ThreadPoolExecutor.getTask(ThreadPoolExecutor.java:1074)
        at java.util.concurrent.ThreadPoolExecutor.runWorker(ThreadPoolExecutor.java:1134)
        at java.util.concurrent.ThreadPoolExecutor$Worker.run(ThreadPoolExecutor.java:624)
        at java.lang.Thread.run(Thread.java:748)
"pool-226-thread-22"  prio=5 tid=2534 in Object.wait()
java.lang.Thread.State: WAITING (on object monitor)
        at sun.misc.Unsafe.park(Native Method)
        at java.util.concurrent.locks.LockSupport.park(LockSupport.java:175)
        at java.util.concurrent.locks.AbstractQueuedSynchronizer$ConditionObject.await(AbstractQueuedSynchronizer.java:2039)
        at java.util.concurrent.ArrayBlockingQueue.take(ArrayBlockingQueue.java:403)
        at java.util.concurrent.ThreadPoolExecutor.getTask(ThreadPoolExecutor.java:1074)
        at java.util.concurrent.ThreadPoolExecutor.runWorker(ThreadPoolExecutor.java:1134)
        at java.util.concurrent.ThreadPoolExecutor$Worker.run(ThreadPoolExecutor.java:624)
        at java.lang.Thread.run(Thread.java:748)
"metrics-hadoop-metrics2-reporter-113-thread-1" daemon prio=5 tid=2718 timed_waiting
java.lang.Thread.State: TIMED_WAITING
        at sun.misc.Unsafe.park(Native Method)
        at java.util.concurrent.locks.LockSupport.parkNanos(LockSupport.java:215)
        at java.util.concurrent.locks.AbstractQueuedSynchronizer$ConditionObject.awaitNanos(AbstractQueuedSynchronizer.java:2078)
        at java.util.concurrent.ScheduledThreadPoolExecutor$DelayedWorkQueue.take(ScheduledThreadPoolExecutor.java:1093)
        at java.util.concurrent.ScheduledThreadPoolExecutor$DelayedWorkQueue.take(ScheduledThreadPoolExecutor.java:809)
        at java.util.concurrent.ThreadPoolExecutor.getTask(ThreadPoolExecutor.java:1074)
        at java.util.concurrent.ThreadPoolExecutor.runWorker(ThreadPoolExecutor.java:1134)
        at java.util.concurrent.ThreadPoolExecutor$Worker.run(ThreadPoolExecutor.java:624)
        at java.lang.Thread.run(Thread.java:748)
"pool-224-thread-1" daemon prio=5 tid=2436 timed_waiting
java.lang.Thread.State: TIMED_WAITING
        at sun.misc.Unsafe.park(Native Method)
        at java.util.concurrent.locks.LockSupport.parkNanos(LockSupport.java:215)
        at java.util.concurrent.locks.AbstractQueuedSynchronizer$ConditionObject.awaitNanos(AbstractQueuedSynchronizer.java:2078)
        at java.util.concurrent.ScheduledThreadPoolExecutor$DelayedWorkQueue.take(ScheduledThreadPoolExecutor.java:1093)
        at java.util.concurrent.ScheduledThreadPoolExecutor$DelayedWorkQueue.take(ScheduledThreadPoolExecutor.java:809)
        at java.util.concurrent.ThreadPoolExecutor.getTask(ThreadPoolExecutor.java:1074)
        at java.util.concurrent.ThreadPoolExecutor.runWorker(ThreadPoolExecutor.java:1134)
        at java.util.concurrent.ThreadPoolExecutor$Worker.run(ThreadPoolExecutor.java:624)
        at java.lang.Thread.run(Thread.java:748)
"metrics-hadoop-metrics2-reporter-97-thread-1" daemon prio=5 tid=2220 timed_waiting
java.lang.Thread.State: TIMED_WAITING
        at sun.misc.Unsafe.park(Native Method)
        at java.util.concurrent.locks.LockSupport.parkNanos(LockSupport.java:215)
        at java.util.concurrent.locks.AbstractQueuedSynchronizer$ConditionObject.awaitNanos(AbstractQueuedSynchronizer.java:2078)
        at java.util.concurrent.ScheduledThreadPoolExecutor$DelayedWorkQueue.take(ScheduledThreadPoolExecutor.java:1093)
        at java.util.concurrent.ScheduledThreadPoolExecutor$DelayedWorkQueue.take(ScheduledThreadPoolExecutor.java:809)
        at java.util.concurrent.ThreadPoolExecutor.getTask(ThreadPoolExecutor.java:1074)
        at java.util.concurrent.ThreadPoolExecutor.runWorker(ThreadPoolExecutor.java:1134)
        at java.util.concurrent.ThreadPoolExecutor$Worker.run(ThreadPoolExecutor.java:624)
        at java.lang.Thread.run(Thread.java:748)
"qtp945327594-2424" daemon prio=5 tid=2424 timed_waiting
java.lang.Thread.State: TIMED_WAITING
        at sun.misc.Unsafe.park(Native Method)
        at java.util.concurrent.locks.LockSupport.parkNanos(LockSupport.java:215)
        at java.util.concurrent.locks.AbstractQueuedSynchronizer$ConditionObject.awaitNanos(AbstractQueuedSynchronizer.java:2078)
        at org.eclipse.jetty.util.BlockingArrayQueue.poll(BlockingArrayQueue.java:392)
        at org.eclipse.jetty.util.thread.QueuedThreadPool.idleJobPoll(QueuedThreadPool.java:563)
        at org.eclipse.jetty.util.thread.QueuedThreadPool.access$800(QueuedThreadPool.java:48)
        at org.eclipse.jetty.util.thread.QueuedThreadPool$2.run(QueuedThreadPool.java:626)
        at java.lang.Thread.run(Thread.java:748)
"qtp945327594-2420" daemon prio=5 tid=2420 runnable
java.lang.Thread.State: RUNNABLE
        at sun.nio.ch.EPollArrayWrapper.epollWait(Native Method)
        at sun.nio.ch.EPollArrayWrapper.poll(EPollArrayWrapper.java:269)
        at sun.nio.ch.EPollSelectorImpl.doSelect(EPollSelectorImpl.java:93)
        at sun.nio.ch.SelectorImpl.lockAndDoSelect(SelectorImpl.java:86)
        at sun.nio.ch.SelectorImpl.select(SelectorImpl.java:97)
        at sun.nio.ch.SelectorImpl.select(SelectorImpl.java:101)
        at org.eclipse.jetty.io.ManagedSelector$SelectorProducer.select(ManagedSelector.java:243)
        at org.eclipse.jetty.io.ManagedSelector$SelectorProducer.produce(ManagedSelector.java:191)
        at org.eclipse.jetty.util.thread.strategy.ExecuteProduceConsume.executeProduceConsume(ExecuteProduceConsume.java:249)
        at org.eclipse.jetty.util.thread.strategy.ExecuteProduceConsume.produceConsume(ExecuteProduceConsume.java:148)
        at org.eclipse.jetty.util.thread.strategy.ExecuteProduceConsume.execute(ExecuteProduceConsume.java:100)
        at org.eclipse.jetty.io.ManagedSelector.run(ManagedSelector.java:147)
        at org.eclipse.jetty.util.thread.QueuedThreadPool.runJob(QueuedThreadPool.java:671)
        at org.eclipse.jetty.util.thread.QueuedThreadPool$2.run(QueuedThreadPool.java:589)
        at java.lang.Thread.run(Thread.java:748)
"surefire-forkedjvm-ping-30s" daemon prio=5 tid=9 timed_waiting
java.lang.Thread.State: TIMED_WAITING
        at sun.misc.Unsafe.park(Native Method)
        at java.util.concurrent.locks.LockSupport.parkNanos(LockSupport.java:215)
        at java.util.concurrent.locks.AbstractQueuedSynchronizer$ConditionObject.awaitNanos(AbstractQueuedSynchronizer.java:2078)
        at java.util.concurrent.ScheduledThreadPoolExecutor$DelayedWorkQueue.take(ScheduledThreadPoolExecutor.java:1093)
        at java.util.concurrent.ScheduledThreadPoolExecutor$DelayedWorkQueue.take(ScheduledThreadPoolExecutor.java:809)
        at java.util.concurrent.ThreadPoolExecutor.getTask(ThreadPoolExecutor.java:1074)
        at java.util.concurrent.ThreadPoolExecutor.runWorker(ThreadPoolExecutor.java:1134)
        at java.util.concurrent.ThreadPoolExecutor$Worker.run(ThreadPoolExecutor.java:624)
        at java.lang.Thread.run(Thread.java:748)
"org.apache.hadoop.util.JvmPauseMonitor$Monitor@79ba0a6f" daemon prio=5 tid=2387 timed_waiting
java.lang.Thread.State: TIMED_WAITING
        at java.lang.Thread.sleep(Native Method)
        at org.apache.hadoop.util.JvmPauseMonitor$Monitor.run(JvmPauseMonitor.java:192)
        at java.lang.Thread.run(Thread.java:748)
"Command processor thread" daemon prio=5 tid=2455 timed_waiting
java.lang.Thread.State: TIMED_WAITING
        at java.lang.Thread.sleep(Native Method)
        at org.apache.hadoop.ozone.container.common.statemachine.DatanodeStateMachine.lambda$initCommandHandlerThread$1(DatanodeStateMachine.java:439)
        at org.apache.hadoop.ozone.container.common.statemachine.DatanodeStateMachine$$Lambda$141/1871802100.run(Unknown Source)
        at java.lang.Thread.run(Thread.java:748)
"metrics-hadoop-metrics2-reporter-42-thread-1" daemon prio=5 tid=1023 timed_waiting
java.lang.Thread.State: TIMED_WAITING
        at sun.misc.Unsafe.park(Native Method)
        at java.util.concurrent.locks.LockSupport.parkNanos(LockSupport.java:215)
        at java.util.concurrent.locks.AbstractQueuedSynchronizer$ConditionObject.awaitNanos(AbstractQueuedSynchronizer.java:2078)
        at java.util.concurrent.ScheduledThreadPoolExecutor$DelayedWorkQueue.take(ScheduledThreadPoolExecutor.java:1093)
        at java.util.concurrent.ScheduledThreadPoolExecutor$DelayedWorkQueue.take(ScheduledThreadPoolExecutor.java:809)
        at java.util.concurrent.ThreadPoolExecutor.getTask(ThreadPoolExecutor.java:1074)
        at java.util.concurrent.ThreadPoolExecutor.runWorker(ThreadPoolExecutor.java:1134)
        at java.util.concurrent.ThreadPoolExecutor$Worker.run(ThreadPoolExecutor.java:624)
        at java.lang.Thread.run(Thread.java:748)
"metrics-hadoop-metrics2-reporter-139-thread-1" daemon prio=5 tid=2935 timed_waiting
java.lang.Thread.State: TIMED_WAITING
        at sun.misc.Unsafe.park(Native Method)
        at java.util.concurrent.locks.LockSupport.parkNanos(LockSupport.java:215)
        at java.util.concurrent.locks.AbstractQueuedSynchronizer$ConditionObject.awaitNanos(AbstractQueuedSynchronizer.java:2078)
        at java.util.concurrent.ScheduledThreadPoolExecutor$DelayedWorkQueue.take(ScheduledThreadPoolExecutor.java:1093)
        at java.util.concurrent.ScheduledThreadPoolExecutor$DelayedWorkQueue.take(ScheduledThreadPoolExecutor.java:809)
        at java.util.concurrent.ThreadPoolExecutor.getTask(ThreadPoolExecutor.java:1074)
        at java.util.concurrent.ThreadPoolExecutor.runWorker(ThreadPoolExecutor.java:1134)
        at java.util.concurrent.ThreadPoolExecutor$Worker.run(ThreadPoolExecutor.java:624)
        at java.lang.Thread.run(Thread.java:748)
"pool-226-thread-17"  prio=5 tid=2529 in Object.wait()
java.lang.Thread.State: WAITING (on object monitor)
        at sun.misc.Unsafe.park(Native Method)
        at java.util.concurrent.locks.LockSupport.park(LockSupport.java:175)
        at java.util.concurrent.locks.AbstractQueuedSynchronizer$ConditionObject.await(AbstractQueuedSynchronizer.java:2039)
        at java.util.concurrent.ArrayBlockingQueue.take(ArrayBlockingQueue.java:403)
        at java.util.concurrent.ThreadPoolExecutor.getTask(ThreadPoolExecutor.java:1074)
        at java.util.concurrent.ThreadPoolExecutor.runWorker(ThreadPoolExecutor.java:1134)
        at java.util.concurrent.ThreadPoolExecutor$Worker.run(ThreadPoolExecutor.java:624)
        at java.lang.Thread.run(Thread.java:748)
"Datanode ReportManager Thread - 3" daemon prio=5 tid=2481 in Object.wait()
java.lang.Thread.State: WAITING (on object monitor)
        at sun.misc.Unsafe.park(Native Method)
        at java.util.concurrent.locks.LockSupport.park(LockSupport.java:175)
        at java.util.concurrent.locks.AbstractQueuedSynchronizer$ConditionObject.await(AbstractQueuedSynchronizer.java:2039)
        at java.util.concurrent.ScheduledThreadPoolExecutor$DelayedWorkQueue.take(ScheduledThreadPoolExecutor.java:1088)
        at java.util.concurrent.ScheduledThreadPoolExecutor$DelayedWorkQueue.take(ScheduledThreadPoolExecutor.java:809)
        at java.util.concurrent.ThreadPoolExecutor.getTask(ThreadPoolExecutor.java:1074)
        at java.util.concurrent.ThreadPoolExecutor.runWorker(ThreadPoolExecutor.java:1134)
        at java.util.concurrent.ThreadPoolExecutor$Worker.run(ThreadPoolExecutor.java:624)
        at java.lang.Thread.run(Thread.java:748)
"metrics-hadoop-metrics2-reporter-9-thread-1" daemon prio=5 tid=455 timed_waiting
java.lang.Thread.State: TIMED_WAITING
        at sun.misc.Unsafe.park(Native Method)
        at java.util.concurrent.locks.LockSupport.parkNanos(LockSupport.java:215)
        at java.util.concurrent.locks.AbstractQueuedSynchronizer$ConditionObject.awaitNanos(AbstractQueuedSynchronizer.java:2078)
        at java.util.concurrent.ScheduledThreadPoolExecutor$DelayedWorkQueue.take(ScheduledThreadPoolExecutor.java:1093)
        at java.util.concurrent.ScheduledThreadPoolExecutor$DelayedWorkQueue.take(ScheduledThreadPoolExecutor.java:809)
        at java.util.concurrent.ThreadPoolExecutor.getTask(ThreadPoolExecutor.java:1074)
        at java.util.concurrent.ThreadPoolExecutor.runWorker(ThreadPoolExecutor.java:1134)
        at java.util.concurrent.ThreadPoolExecutor$Worker.run(ThreadPoolExecutor.java:624)
        at java.lang.Thread.run(Thread.java:748)
"pool-236-thread-16"  prio=5 tid=2591 in Object.wait()
java.lang.Thread.State: WAITING (on object monitor)
        at sun.misc.Unsafe.park(Native Method)
        at java.util.concurrent.locks.LockSupport.park(LockSupport.java:175)
        at java.util.concurrent.locks.AbstractQueuedSynchronizer$ConditionObject.await(AbstractQueuedSynchronizer.java:2039)
        at java.util.concurrent.ArrayBlockingQueue.take(ArrayBlockingQueue.java:403)
        at java.util.concurrent.ThreadPoolExecutor.getTask(ThreadPoolExecutor.java:1074)
        at java.util.concurrent.ThreadPoolExecutor.runWorker(ThreadPoolExecutor.java:1134)
        at java.util.concurrent.ThreadPoolExecutor$Worker.run(ThreadPoolExecutor.java:624)
        at java.lang.Thread.run(Thread.java:748)
"pool-226-thread-4"  prio=5 tid=2516 in Object.wait()
java.lang.Thread.State: WAITING (on object monitor)
        at sun.misc.Unsafe.park(Native Method)
        at java.util.concurrent.locks.LockSupport.park(LockSupport.java:175)
        at java.util.concurrent.locks.AbstractQueuedSynchronizer$ConditionObject.await(AbstractQueuedSynchronizer.java:2039)
        at java.util.concurrent.ArrayBlockingQueue.take(ArrayBlockingQueue.java:403)
        at java.util.concurrent.ThreadPoolExecutor.getTask(ThreadPoolExecutor.java:1074)
        at java.util.concurrent.ThreadPoolExecutor.runWorker(ThreadPoolExecutor.java:1134)
        at java.util.concurrent.ThreadPoolExecutor$Worker.run(ThreadPoolExecutor.java:624)
        at java.lang.Thread.run(Thread.java:748)
"qtp945327594-2425" daemon prio=5 tid=2425 timed_waiting
java.lang.Thread.State: TIMED_WAITING
        at sun.misc.Unsafe.park(Native Method)
        at java.util.concurrent.locks.LockSupport.parkNanos(LockSupport.java:215)
        at java.util.concurrent.locks.AbstractQueuedSynchronizer$ConditionObject.awaitNanos(AbstractQueuedSynchronizer.java:2078)
        at org.eclipse.jetty.util.BlockingArrayQueue.poll(BlockingArrayQueue.java:392)
        at org.eclipse.jetty.util.thread.QueuedThreadPool.idleJobPoll(QueuedThreadPool.java:563)
        at org.eclipse.jetty.util.thread.QueuedThreadPool.access$800(QueuedThreadPool.java:48)
        at org.eclipse.jetty.util.thread.QueuedThreadPool$2.run(QueuedThreadPool.java:626)
        at java.lang.Thread.run(Thread.java:748)
"pool-226-thread-15"  prio=5 tid=2527 in Object.wait()
java.lang.Thread.State: WAITING (on object monitor)
        at sun.misc.Unsafe.park(Native Method)
        at java.util.concurrent.locks.LockSupport.park(LockSupport.java:175)
        at java.util.concurrent.locks.AbstractQueuedSynchronizer$ConditionObject.await(AbstractQueuedSynchronizer.java:2039)
        at java.util.concurrent.ArrayBlockingQueue.take(ArrayBlockingQueue.java:403)
        at java.util.concurrent.ThreadPoolExecutor.getTask(ThreadPoolExecutor.java:1074)
        at java.util.concurrent.ThreadPoolExecutor.runWorker(ThreadPoolExecutor.java:1134)
        at java.util.concurrent.ThreadPoolExecutor$Worker.run(ThreadPoolExecutor.java:624)
        at java.lang.Thread.run(Thread.java:748)
"metrics-hadoop-metrics2-reporter-94-thread-1" daemon prio=5 tid=2214 timed_waiting
java.lang.Thread.State: TIMED_WAITING
        at sun.misc.Unsafe.park(Native Method)
        at java.util.concurrent.locks.LockSupport.parkNanos(LockSupport.java:215)
        at java.util.concurrent.locks.AbstractQueuedSynchronizer$ConditionObject.awaitNanos(AbstractQueuedSynchronizer.java:2078)
        at java.util.concurrent.ScheduledThreadPoolExecutor$DelayedWorkQueue.take(ScheduledThreadPoolExecutor.java:1093)
        at java.util.concurrent.ScheduledThreadPoolExecutor$DelayedWorkQueue.take(ScheduledThreadPoolExecutor.java:809)
        at java.util.concurrent.ThreadPoolExecutor.getTask(ThreadPoolExecutor.java:1074)
        at java.util.concurrent.ThreadPoolExecutor.runWorker(ThreadPoolExecutor.java:1134)
        at java.util.concurrent.ThreadPoolExecutor$Worker.run(ThreadPoolExecutor.java:624)
        at java.lang.Thread.run(Thread.java:748)
"pool-236-thread-2"  prio=5 tid=2577 in Object.wait()
java.lang.Thread.State: WAITING (on object monitor)
        at sun.misc.Unsafe.park(Native Method)
        at java.util.concurrent.locks.LockSupport.park(LockSupport.java:175)
        at java.util.concurrent.locks.AbstractQueuedSynchronizer$ConditionObject.await(AbstractQueuedSynchronizer.java:2039)
        at java.util.concurrent.ArrayBlockingQueue.take(ArrayBlockingQueue.java:403)
        at java.util.concurrent.ThreadPoolExecutor.getTask(ThreadPoolExecutor.java:1074)
        at java.util.concurrent.ThreadPoolExecutor.runWorker(ThreadPoolExecutor.java:1134)
        at java.util.concurrent.ThreadPoolExecutor$Worker.run(ThreadPoolExecutor.java:624)
        at java.lang.Thread.run(Thread.java:748)
"pool-246-thread-45"  prio=5 tid=2682 in Object.wait()
java.lang.Thread.State: WAITING (on object monitor)
        at sun.misc.Unsafe.park(Native Method)
        at java.util.concurrent.locks.LockSupport.park(LockSupport.java:175)
        at java.util.concurrent.locks.AbstractQueuedSynchronizer$ConditionObject.await(AbstractQueuedSynchronizer.java:2039)
        at java.util.concurrent.ArrayBlockingQueue.take(ArrayBlockingQueue.java:403)
        at java.util.concurrent.ThreadPoolExecutor.getTask(ThreadPoolExecutor.java:1074)
        at java.util.concurrent.ThreadPoolExecutor.runWorker(ThreadPoolExecutor.java:1134)
        at java.util.concurrent.ThreadPoolExecutor$Worker.run(ThreadPoolExecutor.java:624)
        at java.lang.Thread.run(Thread.java:748)
"pool-236-thread-33"  prio=5 tid=2608 in Object.wait()
java.lang.Thread.State: WAITING (on object monitor)
        at sun.misc.Unsafe.park(Native Method)
        at java.util.concurrent.locks.LockSupport.park(LockSupport.java:175)
        at java.util.concurrent.locks.AbstractQueuedSynchronizer$ConditionObject.await(AbstractQueuedSynchronizer.java:2039)
        at java.util.concurrent.ArrayBlockingQueue.take(ArrayBlockingQueue.java:403)
        at java.util.concurrent.ThreadPoolExecutor.getTask(ThreadPoolExecutor.java:1074)
        at java.util.concurrent.ThreadPoolExecutor.runWorker(ThreadPoolExecutor.java:1134)
        at java.util.concurrent.ThreadPoolExecutor$Worker.run(ThreadPoolExecutor.java:624)
        at java.lang.Thread.run(Thread.java:748)
"qtp2322399-2376-acceptor-0@65bec164-ServerConnector@4b325930{HTTP/1.1,[http/1.1]}{0.0.0.0:45406}" daemon prio=3 tid=2376 runnable
java.lang.Thread.State: RUNNABLE
        at sun.nio.ch.ServerSocketChannelImpl.accept0(Native Method)
        at sun.nio.ch.ServerSocketChannelImpl.accept(ServerSocketChannelImpl.java:422)
        at sun.nio.ch.ServerSocketChannelImpl.accept(ServerSocketChannelImpl.java:250)
        at org.eclipse.jetty.server.ServerConnector.accept(ServerConnector.java:397)
        at org.eclipse.jetty.server.AbstractConnector$Acceptor.run(AbstractConnector.java:601)
        at org.eclipse.jetty.util.thread.QueuedThreadPool.runJob(QueuedThreadPool.java:671)
        at org.eclipse.jetty.util.thread.QueuedThreadPool$2.run(QueuedThreadPool.java:589)
        at java.lang.Thread.run(Thread.java:748)
"metrics-hadoop-metrics2-reporter-95-thread-1" daemon prio=5 tid=2215 timed_waiting
java.lang.Thread.State: TIMED_WAITING
        at sun.misc.Unsafe.park(Native Method)
        at java.util.concurrent.locks.LockSupport.parkNanos(LockSupport.java:215)
        at java.util.concurrent.locks.AbstractQueuedSynchronizer$ConditionObject.awaitNanos(AbstractQueuedSynchronizer.java:2078)
        at java.util.concurrent.ScheduledThreadPoolExecutor$DelayedWorkQueue.take(ScheduledThreadPoolExecutor.java:1093)
        at java.util.concurrent.ScheduledThreadPoolExecutor$DelayedWorkQueue.take(ScheduledThreadPoolExecutor.java:809)
        at java.util.concurrent.ThreadPoolExecutor.getTask(ThreadPoolExecutor.java:1074)
        at java.util.concurrent.ThreadPoolExecutor.runWorker(ThreadPoolExecutor.java:1134)
        at java.util.concurrent.ThreadPoolExecutor$Worker.run(ThreadPoolExecutor.java:624)
        at java.lang.Thread.run(Thread.java:748)
"PartialTableCache Cleanup Thread - 0" daemon prio=5 tid=2282 in Object.wait()
java.lang.Thread.State: WAITING (on object monitor)
        at sun.misc.Unsafe.park(Native Method)
        at java.util.concurrent.locks.LockSupport.park(LockSupport.java:175)
        at java.util.concurrent.locks.AbstractQueuedSynchronizer$ConditionObject.await(AbstractQueuedSynchronizer.java:2039)
        at java.util.concurrent.LinkedBlockingQueue.take(LinkedBlockingQueue.java:442)
        at java.util.concurrent.ThreadPoolExecutor.getTask(ThreadPoolExecutor.java:1074)
        at java.util.concurrent.ThreadPoolExecutor.runWorker(ThreadPoolExecutor.java:1134)
        at java.util.concurrent.ThreadPoolExecutor$Worker.run(ThreadPoolExecutor.java:624)
        at java.lang.Thread.run(Thread.java:748)
"PartialTableCache Cleanup Thread - 0" daemon prio=5 tid=2281 in Object.wait()
java.lang.Thread.State: WAITING (on object monitor)
        at sun.misc.Unsafe.park(Native Method)
        at java.util.concurrent.locks.LockSupport.park(LockSupport.java:175)
        at java.util.concurrent.locks.AbstractQueuedSynchronizer$ConditionObject.await(AbstractQueuedSynchronizer.java:2039)
        at java.util.concurrent.LinkedBlockingQueue.take(LinkedBlockingQueue.java:442)
        at java.util.concurrent.ThreadPoolExecutor.getTask(ThreadPoolExecutor.java:1074)
        at java.util.concurrent.ThreadPoolExecutor.runWorker(ThreadPoolExecutor.java:1134)
        at java.util.concurrent.ThreadPoolExecutor$Worker.run(ThreadPoolExecutor.java:624)
        at java.lang.Thread.run(Thread.java:748)
"PartialTableCache Cleanup Thread - 0" daemon prio=5 tid=1772 in Object.wait()
java.lang.Thread.State: WAITING (on object monitor)
        at sun.misc.Unsafe.park(Native Method)
        at java.util.concurrent.locks.LockSupport.park(LockSupport.java:175)
        at java.util.concurrent.locks.AbstractQueuedSynchronizer$ConditionObject.await(AbstractQueuedSynchronizer.java:2039)
        at java.util.concurrent.LinkedBlockingQueue.take(LinkedBlockingQueue.java:442)
        at java.util.concurrent.ThreadPoolExecutor.getTask(ThreadPoolExecutor.java:1074)
        at java.util.concurrent.ThreadPoolExecutor.runWorker(ThreadPoolExecutor.java:1134)
        at java.util.concurrent.ThreadPoolExecutor$Worker.run(ThreadPoolExecutor.java:624)
        at java.lang.Thread.run(Thread.java:748)
"pool-226-thread-48"  prio=5 tid=2560 in Object.wait()
java.lang.Thread.State: WAITING (on object monitor)
        at sun.misc.Unsafe.park(Native Method)
        at java.util.concurrent.locks.LockSupport.park(LockSupport.java:175)
        at java.util.concurrent.locks.AbstractQueuedSynchronizer$ConditionObject.await(AbstractQueuedSynchronizer.java:2039)
        at java.util.concurrent.ArrayBlockingQueue.take(ArrayBlockingQueue.java:403)
        at java.util.concurrent.ThreadPoolExecutor.getTask(ThreadPoolExecutor.java:1074)
        at java.util.concurrent.ThreadPoolExecutor.runWorker(ThreadPoolExecutor.java:1134)
        at java.util.concurrent.ThreadPoolExecutor$Worker.run(ThreadPoolExecutor.java:624)
        at java.lang.Thread.run(Thread.java:748)
"pool-236-thread-50"  prio=5 tid=2625 in Object.wait()
java.lang.Thread.State: WAITING (on object monitor)
        at sun.misc.Unsafe.park(Native Method)
        at java.util.concurrent.locks.LockSupport.park(LockSupport.java:175)
        at java.util.concurrent.locks.AbstractQueuedSynchronizer$ConditionObject.await(AbstractQueuedSynchronizer.java:2039)
        at java.util.concurrent.ArrayBlockingQueue.take(ArrayBlockingQueue.java:403)
        at java.util.concurrent.ThreadPoolExecutor.getTask(ThreadPoolExecutor.java:1074)
        at java.util.concurrent.ThreadPoolExecutor.runWorker(ThreadPoolExecutor.java:1134)
        at java.util.concurrent.ThreadPoolExecutor$Worker.run(ThreadPoolExecutor.java:624)
        at java.lang.Thread.run(Thread.java:748)
"metrics-hadoop-metrics2-reporter-140-thread-1" daemon prio=5 tid=2938 timed_waiting
java.lang.Thread.State: TIMED_WAITING
        at sun.misc.Unsafe.park(Native Method)
        at java.util.concurrent.locks.LockSupport.parkNanos(LockSupport.java:215)
        at java.util.concurrent.locks.AbstractQueuedSynchronizer$ConditionObject.awaitNanos(AbstractQueuedSynchronizer.java:2078)
        at java.util.concurrent.ScheduledThreadPoolExecutor$DelayedWorkQueue.take(ScheduledThreadPoolExecutor.java:1093)
        at java.util.concurrent.ScheduledThreadPoolExecutor$DelayedWorkQueue.take(ScheduledThreadPoolExecutor.java:809)
        at java.util.concurrent.ThreadPoolExecutor.getTask(ThreadPoolExecutor.java:1074)
        at java.util.concurrent.ThreadPoolExecutor.runWorker(ThreadPoolExecutor.java:1134)
        at java.util.concurrent.ThreadPoolExecutor$Worker.run(ThreadPoolExecutor.java:624)
        at java.lang.Thread.run(Thread.java:748)
"Datanode ReportManager Thread - 1" daemon prio=5 tid=2452 timed_waiting
java.lang.Thread.State: TIMED_WAITING
        at sun.misc.Unsafe.park(Native Method)
        at java.util.concurrent.locks.LockSupport.parkNanos(LockSupport.java:215)
        at java.util.concurrent.locks.AbstractQueuedSynchronizer$ConditionObject.awaitNanos(AbstractQueuedSynchronizer.java:2078)
        at java.util.concurrent.ScheduledThreadPoolExecutor$DelayedWorkQueue.take(ScheduledThreadPoolExecutor.java:1093)
        at java.util.concurrent.ScheduledThreadPoolExecutor$DelayedWorkQueue.take(ScheduledThreadPoolExecutor.java:809)
        at java.util.concurrent.ThreadPoolExecutor.getTask(ThreadPoolExecutor.java:1074)
        at java.util.concurrent.ThreadPoolExecutor.runWorker(ThreadPoolExecutor.java:1134)
        at java.util.concurrent.ThreadPoolExecutor$Worker.run(ThreadPoolExecutor.java:624)
        at java.lang.Thread.run(Thread.java:748)
"metrics-hadoop-metrics2-reporter-37-thread-1" daemon prio=5 tid=1007 timed_waiting
java.lang.Thread.State: TIMED_WAITING
        at sun.misc.Unsafe.park(Native Method)
        at java.util.concurrent.locks.LockSupport.parkNanos(LockSupport.java:215)
        at java.util.concurrent.locks.AbstractQueuedSynchronizer$ConditionObject.awaitNanos(AbstractQueuedSynchronizer.java:2078)
        at java.util.concurrent.ScheduledThreadPoolExecutor$DelayedWorkQueue.take(ScheduledThreadPoolExecutor.java:1093)
        at java.util.concurrent.ScheduledThreadPoolExecutor$DelayedWorkQueue.take(ScheduledThreadPoolExecutor.java:809)
        at java.util.concurrent.ThreadPoolExecutor.getTask(ThreadPoolExecutor.java:1074)
        at java.util.concurrent.ThreadPoolExecutor.runWorker(ThreadPoolExecutor.java:1134)
        at java.util.concurrent.ThreadPoolExecutor$Worker.run(ThreadPoolExecutor.java:624)
        at java.lang.Thread.run(Thread.java:748)
"metrics-hadoop-metrics2-reporter-43-thread-1" daemon prio=5 tid=1027 timed_waiting
java.lang.Thread.State: TIMED_WAITING
        at sun.misc.Unsafe.park(Native Method)
        at java.util.concurrent.locks.LockSupport.parkNanos(LockSupport.java:215)
        at java.util.concurrent.locks.AbstractQueuedSynchronizer$ConditionObject.awaitNanos(AbstractQueuedSynchronizer.java:2078)
        at java.util.concurrent.ScheduledThreadPoolExecutor$DelayedWorkQueue.take(ScheduledThreadPoolExecutor.java:1093)
        at java.util.concurrent.ScheduledThreadPoolExecutor$DelayedWorkQueue.take(ScheduledThreadPoolExecutor.java:809)
        at java.util.concurrent.ThreadPoolExecutor.getTask(ThreadPoolExecutor.java:1074)
        at java.util.concurrent.ThreadPoolExecutor.runWorker(ThreadPoolExecutor.java:1134)
        at java.util.concurrent.ThreadPoolExecutor$Worker.run(ThreadPoolExecutor.java:624)
        at java.lang.Thread.run(Thread.java:748)
"pool-226-thread-31"  prio=5 tid=2543 in Object.wait()
java.lang.Thread.State: WAITING (on object monitor)
        at sun.misc.Unsafe.park(Native Method)
        at java.util.concurrent.locks.LockSupport.park(LockSupport.java:175)
        at java.util.concurrent.locks.AbstractQueuedSynchronizer$ConditionObject.await(AbstractQueuedSynchronizer.java:2039)
        at java.util.concurrent.ArrayBlockingQueue.take(ArrayBlockingQueue.java:403)
        at java.util.concurrent.ThreadPoolExecutor.getTask(ThreadPoolExecutor.java:1074)
        at java.util.concurrent.ThreadPoolExecutor.runWorker(ThreadPoolExecutor.java:1134)
        at java.util.concurrent.ThreadPoolExecutor$Worker.run(ThreadPoolExecutor.java:624)
        at java.lang.Thread.run(Thread.java:748)
"SCMBlockDeletingService#1" daemon prio=5 tid=2388 in Object.wait()
java.lang.Thread.State: WAITING (on object monitor)
        at sun.misc.Unsafe.park(Native Method)
        at java.util.concurrent.locks.LockSupport.park(LockSupport.java:175)
        at java.util.concurrent.locks.AbstractQueuedSynchronizer$ConditionObject.await(AbstractQueuedSynchronizer.java:2039)
        at java.util.concurrent.ScheduledThreadPoolExecutor$DelayedWorkQueue.take(ScheduledThreadPoolExecutor.java:1088)
        at java.util.concurrent.ScheduledThreadPoolExecutor$DelayedWorkQueue.take(ScheduledThreadPoolExecutor.java:809)
        at java.util.concurrent.ThreadPoolExecutor.getTask(ThreadPoolExecutor.java:1074)
        at java.util.concurrent.ThreadPoolExecutor.runWorker(ThreadPoolExecutor.java:1134)
        at java.util.concurrent.ThreadPoolExecutor$Worker.run(ThreadPoolExecutor.java:624)
        at java.lang.Thread.run(Thread.java:748)
"Datanode ReportManager Thread - 3" daemon prio=5 tid=722 in Object.wait()
java.lang.Thread.State: WAITING (on object monitor)
        at sun.misc.Unsafe.park(Native Method)
        at java.util.concurrent.locks.LockSupport.park(LockSupport.java:175)
        at java.util.concurrent.locks.AbstractQueuedSynchronizer$ConditionObject.await(AbstractQueuedSynchronizer.java:2039)
        at java.util.concurrent.ScheduledThreadPoolExecutor$DelayedWorkQueue.take(ScheduledThreadPoolExecutor.java:1088)
        at java.util.concurrent.ScheduledThreadPoolExecutor$DelayedWorkQueue.take(ScheduledThreadPoolExecutor.java:809)
        at java.util.concurrent.ThreadPoolExecutor.getTask(ThreadPoolExecutor.java:1074)
        at java.util.concurrent.ThreadPoolExecutor.runWorker(ThreadPoolExecutor.java:1134)
        at java.util.concurrent.ThreadPoolExecutor$Worker.run(ThreadPoolExecutor.java:624)
        at java.lang.Thread.run(Thread.java:748)
"metrics-hadoop-metrics2-reporter-18-thread-1" daemon prio=5 tid=484 timed_waiting
java.lang.Thread.State: TIMED_WAITING
        at sun.misc.Unsafe.park(Native Method)
        at java.util.concurrent.locks.LockSupport.parkNanos(LockSupport.java:215)
        at java.util.concurrent.locks.AbstractQueuedSynchronizer$ConditionObject.awaitNanos(AbstractQueuedSynchronizer.java:2078)
        at java.util.concurrent.ScheduledThreadPoolExecutor$DelayedWorkQueue.take(ScheduledThreadPoolExecutor.java:1093)
        at java.util.concurrent.ScheduledThreadPoolExecutor$DelayedWorkQueue.take(ScheduledThreadPoolExecutor.java:809)
        at java.util.concurrent.ThreadPoolExecutor.getTask(ThreadPoolExecutor.java:1074)
        at java.util.concurrent.ThreadPoolExecutor.runWorker(ThreadPoolExecutor.java:1134)
        at java.util.concurrent.ThreadPoolExecutor$Worker.run(ThreadPoolExecutor.java:624)
        at java.lang.Thread.run(Thread.java:748)
"IPC Server handler 14 on 40756" daemon prio=5 tid=2329 timed_waiting
java.lang.Thread.State: TIMED_WAITING
        at sun.misc.Unsafe.park(Native Method)
        at java.util.concurrent.locks.LockSupport.parkNanos(LockSupport.java:215)
        at java.util.concurrent.locks.AbstractQueuedSynchronizer$ConditionObject.awaitNanos(AbstractQueuedSynchronizer.java:2078)
        at java.util.concurrent.LinkedBlockingQueue.poll(LinkedBlockingQueue.java:467)
        at org.apache.hadoop.ipc.CallQueueManager.take(CallQueueManager.java:288)
        at org.apache.hadoop.ipc.Server$Handler.run(Server.java:2668)
"Datanode ReportManager Thread - 1" daemon prio=5 tid=1456 in Object.wait()
java.lang.Thread.State: WAITING (on object monitor)
        at sun.misc.Unsafe.park(Native Method)
        at java.util.concurrent.locks.LockSupport.park(LockSupport.java:175)
        at java.util.concurrent.locks.AbstractQueuedSynchronizer$ConditionObject.await(AbstractQueuedSynchronizer.java:2039)
        at java.util.concurrent.ScheduledThreadPoolExecutor$DelayedWorkQueue.take(ScheduledThreadPoolExecutor.java:1088)
        at java.util.concurrent.ScheduledThreadPoolExecutor$DelayedWorkQueue.take(ScheduledThreadPoolExecutor.java:809)
        at java.util.concurrent.ThreadPoolExecutor.getTask(ThreadPoolExecutor.java:1074)
        at java.util.concurrent.ThreadPoolExecutor.runWorker(ThreadPoolExecutor.java:1134)
        at java.util.concurrent.ThreadPoolExecutor$Worker.run(ThreadPoolExecutor.java:624)
        at java.lang.Thread.run(Thread.java:748)
"metrics-hadoop-metrics2-reporter-132-thread-1" daemon prio=5 tid=2772 timed_waiting
java.lang.Thread.State: TIMED_WAITING
        at sun.misc.Unsafe.park(Native Method)
        at java.util.concurrent.locks.LockSupport.parkNanos(LockSupport.java:215)
        at java.util.concurrent.locks.AbstractQueuedSynchronizer$ConditionObject.awaitNanos(AbstractQueuedSynchronizer.java:2078)
        at java.util.concurrent.ScheduledThreadPoolExecutor$DelayedWorkQueue.take(ScheduledThreadPoolExecutor.java:1093)
        at java.util.concurrent.ScheduledThreadPoolExecutor$DelayedWorkQueue.take(ScheduledThreadPoolExecutor.java:809)
        at java.util.concurrent.ThreadPoolExecutor.getTask(ThreadPoolExecutor.java:1074)
        at java.util.concurrent.ThreadPoolExecutor.runWorker(ThreadPoolExecutor.java:1134)
        at java.util.concurrent.ThreadPoolExecutor$Worker.run(ThreadPoolExecutor.java:624)
        at java.lang.Thread.run(Thread.java:748)
"pool-236-thread-35"  prio=5 tid=2610 in Object.wait()
java.lang.Thread.State: WAITING (on object monitor)
        at sun.misc.Unsafe.park(Native Method)
        at java.util.concurrent.locks.LockSupport.park(LockSupport.java:175)
        at java.util.concurrent.locks.AbstractQueuedSynchronizer$ConditionObject.await(AbstractQueuedSynchronizer.java:2039)
        at java.util.concurrent.ArrayBlockingQueue.take(ArrayBlockingQueue.java:403)
        at java.util.concurrent.ThreadPoolExecutor.getTask(ThreadPoolExecutor.java:1074)
        at java.util.concurrent.ThreadPoolExecutor.runWorker(ThreadPoolExecutor.java:1134)
        at java.util.concurrent.ThreadPoolExecutor$Worker.run(ThreadPoolExecutor.java:624)
        at java.lang.Thread.run(Thread.java:748)
"pool-236-thread-13"  prio=5 tid=2588 in Object.wait()
java.lang.Thread.State: WAITING (on object monitor)
        at sun.misc.Unsafe.park(Native Method)
        at java.util.concurrent.locks.LockSupport.park(LockSupport.java:175)
        at java.util.concurrent.locks.AbstractQueuedSynchronizer$ConditionObject.await(AbstractQueuedSynchronizer.java:2039)
        at java.util.concurrent.ArrayBlockingQueue.take(ArrayBlockingQueue.java:403)
        at java.util.concurrent.ThreadPoolExecutor.getTask(ThreadPoolExecutor.java:1074)
        at java.util.concurrent.ThreadPoolExecutor.runWorker(ThreadPoolExecutor.java:1134)
        at java.util.concurrent.ThreadPoolExecutor$Worker.run(ThreadPoolExecutor.java:624)
        at java.lang.Thread.run(Thread.java:748)
"PartialTableCache Cleanup Thread - 0" daemon prio=5 tid=555 in Object.wait()
java.lang.Thread.State: WAITING (on object monitor)
        at sun.misc.Unsafe.park(Native Method)
        at java.util.concurrent.locks.LockSupport.park(LockSupport.java:175)
        at java.util.concurrent.locks.AbstractQueuedSynchronizer$ConditionObject.await(AbstractQueuedSynchronizer.java:2039)
        at java.util.concurrent.LinkedBlockingQueue.take(LinkedBlockingQueue.java:442)
        at java.util.concurrent.ThreadPoolExecutor.getTask(ThreadPoolExecutor.java:1074)
        at java.util.concurrent.ThreadPoolExecutor.runWorker(ThreadPoolExecutor.java:1134)
        at java.util.concurrent.ThreadPoolExecutor$Worker.run(ThreadPoolExecutor.java:624)
        at java.lang.Thread.run(Thread.java:748)
"metrics-hadoop-metrics2-reporter-142-thread-1" daemon prio=5 tid=2949 timed_waiting
java.lang.Thread.State: TIMED_WAITING
        at sun.misc.Unsafe.park(Native Method)
        at java.util.concurrent.locks.LockSupport.parkNanos(LockSupport.java:215)
        at java.util.concurrent.locks.AbstractQueuedSynchronizer$ConditionObject.awaitNanos(AbstractQueuedSynchronizer.java:2078)
        at java.util.concurrent.ScheduledThreadPoolExecutor$DelayedWorkQueue.take(ScheduledThreadPoolExecutor.java:1093)
        at java.util.concurrent.ScheduledThreadPoolExecutor$DelayedWorkQueue.take(ScheduledThreadPoolExecutor.java:809)
        at java.util.concurrent.ThreadPoolExecutor.getTask(ThreadPoolExecutor.java:1074)
        at java.util.concurrent.ThreadPoolExecutor.runWorker(ThreadPoolExecutor.java:1134)
        at java.util.concurrent.ThreadPoolExecutor$Worker.run(ThreadPoolExecutor.java:624)
        at java.lang.Thread.run(Thread.java:748)
"Datanode ReportManager Thread - 2" daemon prio=5 tid=1430 in Object.wait()
java.lang.Thread.State: WAITING (on object monitor)
        at sun.misc.Unsafe.park(Native Method)
        at java.util.concurrent.locks.LockSupport.park(LockSupport.java:175)
        at java.util.concurrent.locks.AbstractQueuedSynchronizer$ConditionObject.await(AbstractQueuedSynchronizer.java:2039)
        at java.util.concurrent.ScheduledThreadPoolExecutor$DelayedWorkQueue.take(ScheduledThreadPoolExecutor.java:1088)
        at java.util.concurrent.ScheduledThreadPoolExecutor$DelayedWorkQueue.take(ScheduledThreadPoolExecutor.java:809)
        at java.util.concurrent.ThreadPoolExecutor.getTask(ThreadPoolExecutor.java:1074)
        at java.util.concurrent.ThreadPoolExecutor.runWorker(ThreadPoolExecutor.java:1134)
        at java.util.concurrent.ThreadPoolExecutor$Worker.run(ThreadPoolExecutor.java:624)
        at java.lang.Thread.run(Thread.java:748)
"org.eclipse.jetty.server.session.HashSessionManager@383cb5ceTimer" daemon prio=5 tid=2383 timed_waiting
java.lang.Thread.State: TIMED_WAITING
        at sun.misc.Unsafe.park(Native Method)
        at java.util.concurrent.locks.LockSupport.parkNanos(LockSupport.java:215)
        at java.util.concurrent.locks.AbstractQueuedSynchronizer$ConditionObject.awaitNanos(AbstractQueuedSynchronizer.java:2078)
        at java.util.concurrent.ScheduledThreadPoolExecutor$DelayedWorkQueue.take(ScheduledThreadPoolExecutor.java:1093)
        at java.util.concurrent.ScheduledThreadPoolExecutor$DelayedWorkQueue.take(ScheduledThreadPoolExecutor.java:809)
        at java.util.concurrent.ThreadPoolExecutor.getTask(ThreadPoolExecutor.java:1074)
        at java.util.concurrent.ThreadPoolExecutor.runWorker(ThreadPoolExecutor.java:1134)
        at java.util.concurrent.ThreadPoolExecutor$Worker.run(ThreadPoolExecutor.java:624)
        at java.lang.Thread.run(Thread.java:748)
"PartialTableCache Cleanup Thread - 0" daemon prio=5 tid=1238 in Object.wait()
java.lang.Thread.State: WAITING (on object monitor)
        at sun.misc.Unsafe.park(Native Method)
        at java.util.concurrent.locks.LockSupport.park(LockSupport.java:175)
        at java.util.concurrent.locks.AbstractQueuedSynchronizer$ConditionObject.await(AbstractQueuedSynchronizer.java:2039)
        at java.util.concurrent.LinkedBlockingQueue.take(LinkedBlockingQueue.java:442)
        at java.util.concurrent.ThreadPoolExecutor.getTask(ThreadPoolExecutor.java:1074)
        at java.util.concurrent.ThreadPoolExecutor.runWorker(ThreadPoolExecutor.java:1134)
        at java.util.concurrent.ThreadPoolExecutor$Worker.run(ThreadPoolExecutor.java:624)
        at java.lang.Thread.run(Thread.java:748)
"java.util.concurrent.ThreadPoolExecutor$Worker@1ee5660a[State = -1, empty queue]" daemon prio=5 tid=2956 timed_waiting
java.lang.Thread.State: TIMED_WAITING
        at sun.misc.Unsafe.park(Native Method)
        at java.util.concurrent.locks.LockSupport.parkNanos(LockSupport.java:215)
        at java.util.concurrent.locks.AbstractQueuedSynchronizer$ConditionObject.awaitNanos(AbstractQueuedSynchronizer.java:2078)
        at java.util.concurrent.ScheduledThreadPoolExecutor$DelayedWorkQueue.take(ScheduledThreadPoolExecutor.java:1093)
        at java.util.concurrent.ScheduledThreadPoolExecutor$DelayedWorkQueue.take(ScheduledThreadPoolExecutor.java:809)
        at java.util.concurrent.ThreadPoolExecutor.getTask(ThreadPoolExecutor.java:1074)
        at java.util.concurrent.ThreadPoolExecutor.runWorker(ThreadPoolExecutor.java:1134)
        at java.util.concurrent.ThreadPoolExecutor$Worker.run(ThreadPoolExecutor.java:624)
        at java.lang.Thread.run(Thread.java:748)
"pool-246-thread-60"  prio=5 tid=2697 in Object.wait()
java.lang.Thread.State: WAITING (on object monitor)
        at sun.misc.Unsafe.park(Native Method)
        at java.util.concurrent.locks.LockSupport.park(LockSupport.java:175)
        at java.util.concurrent.locks.AbstractQueuedSynchronizer$ConditionObject.await(AbstractQueuedSynchronizer.java:2039)
        at java.util.concurrent.ArrayBlockingQueue.take(ArrayBlockingQueue.java:403)
        at java.util.concurrent.ThreadPoolExecutor.getTask(ThreadPoolExecutor.java:1074)
        at java.util.concurrent.ThreadPoolExecutor.runWorker(ThreadPoolExecutor.java:1134)
        at java.util.concurrent.ThreadPoolExecutor$Worker.run(ThreadPoolExecutor.java:624)
        at java.lang.Thread.run(Thread.java:748)
"qtp2322399-2375" daemon prio=5 tid=2375 runnable
java.lang.Thread.State: RUNNABLE
        at sun.nio.ch.EPollArrayWrapper.epollWait(Native Method)
        at sun.nio.ch.EPollArrayWrapper.poll(EPollArrayWrapper.java:269)
        at sun.nio.ch.EPollSelectorImpl.doSelect(EPollSelectorImpl.java:93)
        at sun.nio.ch.SelectorImpl.lockAndDoSelect(SelectorImpl.java:86)
        at sun.nio.ch.SelectorImpl.select(SelectorImpl.java:97)
        at sun.nio.ch.SelectorImpl.select(SelectorImpl.java:101)
        at org.eclipse.jetty.io.ManagedSelector$SelectorProducer.select(ManagedSelector.java:243)
        at org.eclipse.jetty.io.ManagedSelector$SelectorProducer.produce(ManagedSelector.java:191)
        at org.eclipse.jetty.util.thread.strategy.ExecuteProduceConsume.executeProduceConsume(ExecuteProduceConsume.java:249)
        at org.eclipse.jetty.util.thread.strategy.ExecuteProduceConsume.produceConsume(ExecuteProduceConsume.java:148)
        at org.eclipse.jetty.util.thread.strategy.ExecuteProduceConsume.execute(ExecuteProduceConsume.java:100)
        at org.eclipse.jetty.io.ManagedSelector.run(ManagedSelector.java:147)
        at org.eclipse.jetty.util.thread.QueuedThreadPool.runJob(QueuedThreadPool.java:671)
        at org.eclipse.jetty.util.thread.QueuedThreadPool$2.run(QueuedThreadPool.java:589)
        at java.lang.Thread.run(Thread.java:748)
"IPC Server handler 11 on 35795" daemon prio=5 tid=2346 timed_waiting
java.lang.Thread.State: TIMED_WAITING
        at sun.misc.Unsafe.park(Native Method)
        at java.util.concurrent.locks.LockSupport.parkNanos(LockSupport.java:215)
        at java.util.concurrent.locks.AbstractQueuedSynchronizer$ConditionObject.awaitNanos(AbstractQueuedSynchronizer.java:2078)
        at java.util.concurrent.LinkedBlockingQueue.poll(LinkedBlockingQueue.java:467)
        at org.apache.hadoop.ipc.CallQueueManager.take(CallQueueManager.java:288)
        at org.apache.hadoop.ipc.Server$Handler.run(Server.java:2668)
"qtp2000429588-2468" daemon prio=5 tid=2468 timed_waiting
java.lang.Thread.State: TIMED_WAITING
        at sun.misc.Unsafe.park(Native Method)
        at java.util.concurrent.locks.LockSupport.parkNanos(LockSupport.java:215)
        at java.util.concurrent.locks.AbstractQueuedSynchronizer$ConditionObject.awaitNanos(AbstractQueuedSynchronizer.java:2078)
        at org.eclipse.jetty.util.BlockingArrayQueue.poll(BlockingArrayQueue.java:392)
        at org.eclipse.jetty.util.thread.QueuedThreadPool.idleJobPoll(QueuedThreadPool.java:563)
        at org.eclipse.jetty.util.thread.QueuedThreadPool.access$800(QueuedThreadPool.java:48)
        at org.eclipse.jetty.util.thread.QueuedThreadPool$2.run(QueuedThreadPool.java:626)
        at java.lang.Thread.run(Thread.java:748)
"IPC Server handler 14 on 45250" daemon prio=5 tid=2413 timed_waiting
java.lang.Thread.State: TIMED_WAITING
        at sun.misc.Unsafe.park(Native Method)
        at java.util.concurrent.locks.LockSupport.parkNanos(LockSupport.java:215)
        at java.util.concurrent.locks.AbstractQueuedSynchronizer$ConditionObject.awaitNanos(AbstractQueuedSynchronizer.java:2078)
        at java.util.concurrent.LinkedBlockingQueue.poll(LinkedBlockingQueue.java:467)
        at org.apache.hadoop.ipc.CallQueueManager.take(CallQueueManager.java:288)
        at org.apache.hadoop.ipc.Server$Handler.run(Server.java:2668)
"java.util.concurrent.ThreadPoolExecutor$Worker@6ea73b48[State = -1, empty queue]" daemon prio=5 tid=2785 timed_waiting
java.lang.Thread.State: TIMED_WAITING
        at sun.misc.Unsafe.park(Native Method)
        at java.util.concurrent.locks.LockSupport.parkNanos(LockSupport.java:215)
        at java.util.concurrent.locks.AbstractQueuedSynchronizer$ConditionObject.awaitNanos(AbstractQueuedSynchronizer.java:2078)
        at java.util.concurrent.ScheduledThreadPoolExecutor$DelayedWorkQueue.take(ScheduledThreadPoolExecutor.java:1093)
        at java.util.concurrent.ScheduledThreadPoolExecutor$DelayedWorkQueue.take(ScheduledThreadPoolExecutor.java:809)
        at java.util.concurrent.ThreadPoolExecutor.getTask(ThreadPoolExecutor.java:1074)
        at java.util.concurrent.ThreadPoolExecutor.runWorker(ThreadPoolExecutor.java:1134)
        at java.util.concurrent.ThreadPoolExecutor$Worker.run(ThreadPoolExecutor.java:624)
        at java.lang.Thread.run(Thread.java:748)
"Datanode ReportManager Thread - 2" daemon prio=5 tid=1403 in Object.wait()
java.lang.Thread.State: WAITING (on object monitor)
        at sun.misc.Unsafe.park(Native Method)
        at java.util.concurrent.locks.LockSupport.park(LockSupport.java:175)
        at java.util.concurrent.locks.AbstractQueuedSynchronizer$ConditionObject.await(AbstractQueuedSynchronizer.java:2039)
        at java.util.concurrent.ScheduledThreadPoolExecutor$DelayedWorkQueue.take(ScheduledThreadPoolExecutor.java:1088)
        at java.util.concurrent.ScheduledThreadPoolExecutor$DelayedWorkQueue.take(ScheduledThreadPoolExecutor.java:809)
        at java.util.concurrent.ThreadPoolExecutor.getTask(ThreadPoolExecutor.java:1074)
        at java.util.concurrent.ThreadPoolExecutor.runWorker(ThreadPoolExecutor.java:1134)
        at java.util.concurrent.ThreadPoolExecutor$Worker.run(ThreadPoolExecutor.java:624)
        at java.lang.Thread.run(Thread.java:748)
"qtp1847256931-2500" daemon prio=5 tid=2500 timed_waiting
java.lang.Thread.State: TIMED_WAITING
        at sun.misc.Unsafe.park(Native Method)
        at java.util.concurrent.locks.LockSupport.parkNanos(LockSupport.java:215)
        at java.util.concurrent.locks.AbstractQueuedSynchronizer$ConditionObject.awaitNanos(AbstractQueuedSynchronizer.java:2078)
        at org.eclipse.jetty.util.BlockingArrayQueue.poll(BlockingArrayQueue.java:392)
        at org.eclipse.jetty.util.thread.QueuedThreadPool.idleJobPoll(QueuedThreadPool.java:563)
        at org.eclipse.jetty.util.thread.QueuedThreadPool.access$800(QueuedThreadPool.java:48)
        at org.eclipse.jetty.util.thread.QueuedThreadPool$2.run(QueuedThreadPool.java:626)
        at java.lang.Thread.run(Thread.java:748)
"IPC Server handler 10 on 38076" daemon prio=5 tid=2365 timed_waiting
java.lang.Thread.State: TIMED_WAITING
        at sun.misc.Unsafe.park(Native Method)
        at java.util.concurrent.locks.LockSupport.parkNanos(LockSupport.java:215)
        at java.util.concurrent.locks.AbstractQueuedSynchronizer$ConditionObject.awaitNanos(AbstractQueuedSynchronizer.java:2078)
        at java.util.concurrent.LinkedBlockingQueue.poll(LinkedBlockingQueue.java:467)
        at org.apache.hadoop.ipc.CallQueueManager.take(CallQueueManager.java:288)
        at org.apache.hadoop.ipc.Server$Handler.run(Server.java:2668)
"Datanode ReportManager Thread - 2" daemon prio=5 tid=721 in Object.wait()
java.lang.Thread.State: WAITING (on object monitor)
        at sun.misc.Unsafe.park(Native Method)
        at java.util.concurrent.locks.LockSupport.park(LockSupport.java:175)
        at java.util.concurrent.locks.AbstractQueuedSynchronizer$ConditionObject.await(AbstractQueuedSynchronizer.java:2039)
        at java.util.concurrent.ScheduledThreadPoolExecutor$DelayedWorkQueue.take(ScheduledThreadPoolExecutor.java:1088)
        at java.util.concurrent.ScheduledThreadPoolExecutor$DelayedWorkQueue.take(ScheduledThreadPoolExecutor.java:809)
        at java.util.concurrent.ThreadPoolExecutor.getTask(ThreadPoolExecutor.java:1074)
        at java.util.concurrent.ThreadPoolExecutor.runWorker(ThreadPoolExecutor.java:1134)
        at java.util.concurrent.ThreadPoolExecutor$Worker.run(ThreadPoolExecutor.java:624)
        at java.lang.Thread.run(Thread.java:748)
"IPC Server Responder" daemon prio=5 tid=2394 runnable
java.lang.Thread.State: RUNNABLE
        at sun.nio.ch.EPollArrayWrapper.epollWait(Native Method)
        at sun.nio.ch.EPollArrayWrapper.poll(EPollArrayWrapper.java:269)
        at sun.nio.ch.EPollSelectorImpl.doSelect(EPollSelectorImpl.java:93)
        at sun.nio.ch.SelectorImpl.lockAndDoSelect(SelectorImpl.java:86)
        at sun.nio.ch.SelectorImpl.select(SelectorImpl.java:97)
        at org.apache.hadoop.ipc.Server$Responder.doRunLoop(Server.java:1334)
        at org.apache.hadoop.ipc.Server$Responder.run(Server.java:1317)
"pool-246-thread-52"  prio=5 tid=2689 in Object.wait()
java.lang.Thread.State: WAITING (on object monitor)
        at sun.misc.Unsafe.park(Native Method)
        at java.util.concurrent.locks.LockSupport.park(LockSupport.java:175)
        at java.util.concurrent.locks.AbstractQueuedSynchronizer$ConditionObject.await(AbstractQueuedSynchronizer.java:2039)
        at java.util.concurrent.ArrayBlockingQueue.take(ArrayBlockingQueue.java:403)
        at java.util.concurrent.ThreadPoolExecutor.getTask(ThreadPoolExecutor.java:1074)
        at java.util.concurrent.ThreadPoolExecutor.runWorker(ThreadPoolExecutor.java:1134)
        at java.util.concurrent.ThreadPoolExecutor$Worker.run(ThreadPoolExecutor.java:624)
        at java.lang.Thread.run(Thread.java:748)
"pool-236-thread-53"  prio=5 tid=2628 in Object.wait()
java.lang.Thread.State: WAITING (on object monitor)
        at sun.misc.Unsafe.park(Native Method)
        at java.util.concurrent.locks.LockSupport.park(LockSupport.java:175)
        at java.util.concurrent.locks.AbstractQueuedSynchronizer$ConditionObject.await(AbstractQueuedSynchronizer.java:2039)
        at java.util.concurrent.ArrayBlockingQueue.take(ArrayBlockingQueue.java:403)
        at java.util.concurrent.ThreadPoolExecutor.getTask(ThreadPoolExecutor.java:1074)
        at java.util.concurrent.ThreadPoolExecutor.runWorker(ThreadPoolExecutor.java:1134)
        at java.util.concurrent.ThreadPoolExecutor$Worker.run(ThreadPoolExecutor.java:624)
        at java.lang.Thread.run(Thread.java:748)
"CommandWatcher-LeaseManager#LeaseMonitor" daemon prio=5 tid=2314 timed_waiting
java.lang.Thread.State: TIMED_WAITING
        at java.lang.Thread.sleep(Native Method)
        at org.apache.hadoop.ozone.lease.LeaseManager$LeaseMonitor.run(LeaseManager.java:234)
        at java.lang.Thread.run(Thread.java:748)
"pool-236-thread-14"  prio=5 tid=2589 in Object.wait()
java.lang.Thread.State: WAITING (on object monitor)
        at sun.misc.Unsafe.park(Native Method)
        at java.util.concurrent.locks.LockSupport.park(LockSupport.java:175)
        at java.util.concurrent.locks.AbstractQueuedSynchronizer$ConditionObject.await(AbstractQueuedSynchronizer.java:2039)
        at java.util.concurrent.ArrayBlockingQueue.take(ArrayBlockingQueue.java:403)
        at java.util.concurrent.ThreadPoolExecutor.getTask(ThreadPoolExecutor.java:1074)
        at java.util.concurrent.ThreadPoolExecutor.runWorker(ThreadPoolExecutor.java:1134)
        at java.util.concurrent.ThreadPoolExecutor$Worker.run(ThreadPoolExecutor.java:624)
        at java.lang.Thread.run(Thread.java:748)
"pool-236-thread-48"  prio=5 tid=2623 in Object.wait()
java.lang.Thread.State: WAITING (on object monitor)
        at sun.misc.Unsafe.park(Native Method)
        at java.util.concurrent.locks.LockSupport.park(LockSupport.java:175)
        at java.util.concurrent.locks.AbstractQueuedSynchronizer$ConditionObject.await(AbstractQueuedSynchronizer.java:2039)
        at java.util.concurrent.ArrayBlockingQueue.take(ArrayBlockingQueue.java:403)
        at java.util.concurrent.ThreadPoolExecutor.getTask(ThreadPoolExecutor.java:1074)
        at java.util.concurrent.ThreadPoolExecutor.runWorker(ThreadPoolExecutor.java:1134)
        at java.util.concurrent.ThreadPoolExecutor$Worker.run(ThreadPoolExecutor.java:624)
        at java.lang.Thread.run(Thread.java:748)
"EventQueue-NodeRegistrationContainerReportForContainerSafeModeRule" daemon prio=5 tid=2703 in Object.wait()
java.lang.Thread.State: WAITING (on object monitor)
        at sun.misc.Unsafe.park(Native Method)
        at java.util.concurrent.locks.LockSupport.park(LockSupport.java:175)
        at java.util.concurrent.locks.AbstractQueuedSynchronizer$ConditionObject.await(AbstractQueuedSynchronizer.java:2039)
        at java.util.concurrent.LinkedBlockingQueue.take(LinkedBlockingQueue.java:442)
        at java.util.concurrent.ThreadPoolExecutor.getTask(ThreadPoolExecutor.java:1074)
        at java.util.concurrent.ThreadPoolExecutor.runWorker(ThreadPoolExecutor.java:1134)
        at java.util.concurrent.ThreadPoolExecutor$Worker.run(ThreadPoolExecutor.java:624)
        at java.lang.Thread.run(Thread.java:748)
"pool-226-thread-36"  prio=5 tid=2548 in Object.wait()
java.lang.Thread.State: WAITING (on object monitor)
        at sun.misc.Unsafe.park(Native Method)
        at java.util.concurrent.locks.LockSupport.park(LockSupport.java:175)
        at java.util.concurrent.locks.AbstractQueuedSynchronizer$ConditionObject.await(AbstractQueuedSynchronizer.java:2039)
        at java.util.concurrent.ArrayBlockingQueue.take(ArrayBlockingQueue.java:403)
        at java.util.concurrent.ThreadPoolExecutor.getTask(ThreadPoolExecutor.java:1074)
        at java.util.concurrent.ThreadPoolExecutor.runWorker(ThreadPoolExecutor.java:1134)
        at java.util.concurrent.ThreadPoolExecutor$Worker.run(ThreadPoolExecutor.java:624)
        at java.lang.Thread.run(Thread.java:748)
"Datanode ReportManager Thread - 0" daemon prio=5 tid=719 in Object.wait()
java.lang.Thread.State: WAITING (on object monitor)
        at sun.misc.Unsafe.park(Native Method)
        at java.util.concurrent.locks.LockSupport.park(LockSupport.java:175)
        at java.util.concurrent.locks.AbstractQueuedSynchronizer$ConditionObject.await(AbstractQueuedSynchronizer.java:2039)
        at java.util.concurrent.ScheduledThreadPoolExecutor$DelayedWorkQueue.take(ScheduledThreadPoolExecutor.java:1088)
        at java.util.concurrent.ScheduledThreadPoolExecutor$DelayedWorkQueue.take(ScheduledThreadPoolExecutor.java:809)
        at java.util.concurrent.ThreadPoolExecutor.getTask(ThreadPoolExecutor.java:1074)
        at java.util.concurrent.ThreadPoolExecutor.runWorker(ThreadPoolExecutor.java:1134)
        at java.util.concurrent.ThreadPoolExecutor$Worker.run(ThreadPoolExecutor.java:624)
        at java.lang.Thread.run(Thread.java:748)
"metrics-hadoop-metrics2-reporter-144-thread-1" daemon prio=5 tid=2953 timed_waiting
java.lang.Thread.State: TIMED_WAITING
        at sun.misc.Unsafe.park(Native Method)
        at java.util.concurrent.locks.LockSupport.parkNanos(LockSupport.java:215)
        at java.util.concurrent.locks.AbstractQueuedSynchronizer$ConditionObject.awaitNanos(AbstractQueuedSynchronizer.java:2078)
        at java.util.concurrent.ScheduledThreadPoolExecutor$DelayedWorkQueue.take(ScheduledThreadPoolExecutor.java:1093)
        at java.util.concurrent.ScheduledThreadPoolExecutor$DelayedWorkQueue.take(ScheduledThreadPoolExecutor.java:809)
        at java.util.concurrent.ThreadPoolExecutor.getTask(ThreadPoolExecutor.java:1074)
        at java.util.concurrent.ThreadPoolExecutor.runWorker(ThreadPoolExecutor.java:1134)
        at java.util.concurrent.ThreadPoolExecutor$Worker.run(ThreadPoolExecutor.java:624)
        at java.lang.Thread.run(Thread.java:748)
"metrics-hadoop-metrics2-reporter-117-thread-1" daemon prio=5 tid=2728 timed_waiting
java.lang.Thread.State: TIMED_WAITING
        at sun.misc.Unsafe.park(Native Method)
        at java.util.concurrent.locks.LockSupport.parkNanos(LockSupport.java:215)
        at java.util.concurrent.locks.AbstractQueuedSynchronizer$ConditionObject.awaitNanos(AbstractQueuedSynchronizer.java:2078)
        at java.util.concurrent.ScheduledThreadPoolExecutor$DelayedWorkQueue.take(ScheduledThreadPoolExecutor.java:1093)
        at java.util.concurrent.ScheduledThreadPoolExecutor$DelayedWorkQueue.take(ScheduledThreadPoolExecutor.java:809)
        at java.util.concurrent.ThreadPoolExecutor.getTask(ThreadPoolExecutor.java:1074)
        at java.util.concurrent.ThreadPoolExecutor.runWorker(ThreadPoolExecutor.java:1134)
        at java.util.concurrent.ThreadPoolExecutor$Worker.run(ThreadPoolExecutor.java:624)
        at java.lang.Thread.run(Thread.java:748)
"metrics-hadoop-metrics2-reporter-23-thread-1" daemon prio=5 tid=502 timed_waiting
java.lang.Thread.State: TIMED_WAITING
        at sun.misc.Unsafe.park(Native Method)
        at java.util.concurrent.locks.LockSupport.parkNanos(LockSupport.java:215)
        at java.util.concurrent.locks.AbstractQueuedSynchronizer$ConditionObject.awaitNanos(AbstractQueuedSynchronizer.java:2078)
        at java.util.concurrent.ScheduledThreadPoolExecutor$DelayedWorkQueue.take(ScheduledThreadPoolExecutor.java:1093)
        at java.util.concurrent.ScheduledThreadPoolExecutor$DelayedWorkQueue.take(ScheduledThreadPoolExecutor.java:809)
        at java.util.concurrent.ThreadPoolExecutor.getTask(ThreadPoolExecutor.java:1074)
        at java.util.concurrent.ThreadPoolExecutor.runWorker(ThreadPoolExecutor.java:1134)
        at java.util.concurrent.ThreadPoolExecutor$Worker.run(ThreadPoolExecutor.java:624)
        at java.lang.Thread.run(Thread.java:748)
"metrics-hadoop-metrics2-reporter-38-thread-1" daemon prio=5 tid=1008 timed_waiting
java.lang.Thread.State: TIMED_WAITING
        at sun.misc.Unsafe.park(Native Method)
        at java.util.concurrent.locks.LockSupport.parkNanos(LockSupport.java:215)
        at java.util.concurrent.locks.AbstractQueuedSynchronizer$ConditionObject.awaitNanos(AbstractQueuedSynchronizer.java:2078)
        at java.util.concurrent.ScheduledThreadPoolExecutor$DelayedWorkQueue.take(ScheduledThreadPoolExecutor.java:1093)
        at java.util.concurrent.ScheduledThreadPoolExecutor$DelayedWorkQueue.take(ScheduledThreadPoolExecutor.java:809)
        at java.util.concurrent.ThreadPoolExecutor.getTask(ThreadPoolExecutor.java:1074)
        at java.util.concurrent.ThreadPoolExecutor.runWorker(ThreadPoolExecutor.java:1134)
        at java.util.concurrent.ThreadPoolExecutor$Worker.run(ThreadPoolExecutor.java:624)
        at java.lang.Thread.run(Thread.java:748)
"Datanode ReportManager Thread - 2" daemon prio=5 tid=1936 timed_waiting
java.lang.Thread.State: TIMED_WAITING
        at sun.misc.Unsafe.park(Native Method)
        at java.util.concurrent.locks.LockSupport.parkNanos(LockSupport.java:215)
        at java.util.concurrent.locks.AbstractQueuedSynchronizer$ConditionObject.awaitNanos(AbstractQueuedSynchronizer.java:2078)
        at java.util.concurrent.ScheduledThreadPoolExecutor$DelayedWorkQueue.take(ScheduledThreadPoolExecutor.java:1093)
        at java.util.concurrent.ScheduledThreadPoolExecutor$DelayedWorkQueue.take(ScheduledThreadPoolExecutor.java:809)
        at java.util.concurrent.ThreadPoolExecutor.getTask(ThreadPoolExecutor.java:1074)
        at java.util.concurrent.ThreadPoolExecutor.runWorker(ThreadPoolExecutor.java:1134)
        at java.util.concurrent.ThreadPoolExecutor$Worker.run(ThreadPoolExecutor.java:624)
        at java.lang.Thread.run(Thread.java:748)
"IPC Server handler 0 on 38076" daemon prio=5 tid=2355 timed_waiting
java.lang.Thread.State: TIMED_WAITING
        at sun.misc.Unsafe.park(Native Method)
        at java.util.concurrent.locks.LockSupport.parkNanos(LockSupport.java:215)
        at java.util.concurrent.locks.AbstractQueuedSynchronizer$ConditionObject.awaitNanos(AbstractQueuedSynchronizer.java:2078)
        at java.util.concurrent.LinkedBlockingQueue.poll(LinkedBlockingQueue.java:467)
        at org.apache.hadoop.ipc.CallQueueManager.take(CallQueueManager.java:288)
        at org.apache.hadoop.ipc.Server$Handler.run(Server.java:2668)
"pool-246-thread-55"  prio=5 tid=2692 in Object.wait()
java.lang.Thread.State: WAITING (on object monitor)
        at sun.misc.Unsafe.park(Native Method)
        at java.util.concurrent.locks.LockSupport.park(LockSupport.java:175)
        at java.util.concurrent.locks.AbstractQueuedSynchronizer$ConditionObject.await(AbstractQueuedSynchronizer.java:2039)
        at java.util.concurrent.ArrayBlockingQueue.take(ArrayBlockingQueue.java:403)
        at java.util.concurrent.ThreadPoolExecutor.getTask(ThreadPoolExecutor.java:1074)
        at java.util.concurrent.ThreadPoolExecutor.runWorker(ThreadPoolExecutor.java:1134)
        at java.util.concurrent.ThreadPoolExecutor$Worker.run(ThreadPoolExecutor.java:624)
        at java.lang.Thread.run(Thread.java:748)
"grpc-default-executor-4" daemon prio=5 tid=4817 timed_waiting
java.lang.Thread.State: TIMED_WAITING
        at sun.misc.Unsafe.park(Native Method)
        at java.util.concurrent.locks.LockSupport.parkNanos(LockSupport.java:215)
        at java.util.concurrent.SynchronousQueue$TransferStack.awaitFulfill(SynchronousQueue.java:460)
        at java.util.concurrent.SynchronousQueue$TransferStack.transfer(SynchronousQueue.java:362)
        at java.util.concurrent.SynchronousQueue.poll(SynchronousQueue.java:941)
        at java.util.concurrent.ThreadPoolExecutor.getTask(ThreadPoolExecutor.java:1073)
        at java.util.concurrent.ThreadPoolExecutor.runWorker(ThreadPoolExecutor.java:1134)
        at java.util.concurrent.ThreadPoolExecutor$Worker.run(ThreadPoolExecutor.java:624)
        at java.lang.Thread.run(Thread.java:748)
"Datanode ReportManager Thread - 1" daemon prio=5 tid=1402 in Object.wait()
java.lang.Thread.State: WAITING (on object monitor)
        at sun.misc.Unsafe.park(Native Method)
        at java.util.concurrent.locks.LockSupport.park(LockSupport.java:175)
        at java.util.concurrent.locks.AbstractQueuedSynchronizer$ConditionObject.await(AbstractQueuedSynchronizer.java:2039)
        at java.util.concurrent.ScheduledThreadPoolExecutor$DelayedWorkQueue.take(ScheduledThreadPoolExecutor.java:1088)
        at java.util.concurrent.ScheduledThreadPoolExecutor$DelayedWorkQueue.take(ScheduledThreadPoolExecutor.java:809)
        at java.util.concurrent.ThreadPoolExecutor.getTask(ThreadPoolExecutor.java:1074)
        at java.util.concurrent.ThreadPoolExecutor.runWorker(ThreadPoolExecutor.java:1134)
        at java.util.concurrent.ThreadPoolExecutor$Worker.run(ThreadPoolExecutor.java:624)
        at java.lang.Thread.run(Thread.java:748)
"PartialTableCache Cleanup Thread - 0" daemon prio=5 tid=552 in Object.wait()
java.lang.Thread.State: WAITING (on object monitor)
        at sun.misc.Unsafe.park(Native Method)
        at java.util.concurrent.locks.LockSupport.park(LockSupport.java:175)
        at java.util.concurrent.locks.AbstractQueuedSynchronizer$ConditionObject.await(AbstractQueuedSynchronizer.java:2039)
        at java.util.concurrent.LinkedBlockingQueue.take(LinkedBlockingQueue.java:442)
        at java.util.concurrent.ThreadPoolExecutor.getTask(ThreadPoolExecutor.java:1074)
        at java.util.concurrent.ThreadPoolExecutor.runWorker(ThreadPoolExecutor.java:1134)
        at java.util.concurrent.ThreadPoolExecutor$Worker.run(ThreadPoolExecutor.java:624)
        at java.lang.Thread.run(Thread.java:748)
"pool-247-thread-1"  prio=5 tid=2733 in Object.wait()
java.lang.Thread.State: WAITING (on object monitor)
        at sun.misc.Unsafe.park(Native Method)
        at java.util.concurrent.locks.LockSupport.park(LockSupport.java:175)
        at java.util.concurrent.locks.AbstractQueuedSynchronizer$ConditionObject.await(AbstractQueuedSynchronizer.java:2039)
        at java.util.concurrent.LinkedBlockingQueue.take(LinkedBlockingQueue.java:442)
        at java.util.concurrent.ThreadPoolExecutor.getTask(ThreadPoolExecutor.java:1074)
        at java.util.concurrent.ThreadPoolExecutor.runWorker(ThreadPoolExecutor.java:1134)
        at java.util.concurrent.ThreadPoolExecutor$Worker.run(ThreadPoolExecutor.java:624)
        at java.lang.Thread.run(Thread.java:748)
"metrics-hadoop-metrics2-reporter-52-thread-1" daemon prio=5 tid=1196 timed_waiting
java.lang.Thread.State: TIMED_WAITING
        at sun.misc.Unsafe.park(Native Method)
        at java.util.concurrent.locks.LockSupport.parkNanos(LockSupport.java:215)
        at java.util.concurrent.locks.AbstractQueuedSynchronizer$ConditionObject.awaitNanos(AbstractQueuedSynchronizer.java:2078)
        at java.util.concurrent.ScheduledThreadPoolExecutor$DelayedWorkQueue.take(ScheduledThreadPoolExecutor.java:1093)
        at java.util.concurrent.ScheduledThreadPoolExecutor$DelayedWorkQueue.take(ScheduledThreadPoolExecutor.java:809)
        at java.util.concurrent.ThreadPoolExecutor.getTask(ThreadPoolExecutor.java:1074)
        at java.util.concurrent.ThreadPoolExecutor.runWorker(ThreadPoolExecutor.java:1134)
        at java.util.concurrent.ThreadPoolExecutor$Worker.run(ThreadPoolExecutor.java:624)
        at java.lang.Thread.run(Thread.java:748)
"PartialTableCache Cleanup Thread - 0" daemon prio=5 tid=1771 in Object.wait()
java.lang.Thread.State: WAITING (on object monitor)
        at sun.misc.Unsafe.park(Native Method)
        at java.util.concurrent.locks.LockSupport.park(LockSupport.java:175)
        at java.util.concurrent.locks.AbstractQueuedSynchronizer$ConditionObject.await(AbstractQueuedSynchronizer.java:2039)
        at java.util.concurrent.LinkedBlockingQueue.take(LinkedBlockingQueue.java:442)
        at java.util.concurrent.ThreadPoolExecutor.getTask(ThreadPoolExecutor.java:1074)
        at java.util.concurrent.ThreadPoolExecutor.runWorker(ThreadPoolExecutor.java:1134)
        at java.util.concurrent.ThreadPoolExecutor$Worker.run(ThreadPoolExecutor.java:624)
        at java.lang.Thread.run(Thread.java:748)
"metrics-hadoop-metrics2-reporter-15-thread-1" daemon prio=5 tid=478 timed_waiting
java.lang.Thread.State: TIMED_WAITING
        at sun.misc.Unsafe.park(Native Method)
        at java.util.concurrent.locks.LockSupport.parkNanos(LockSupport.java:215)
        at java.util.concurrent.locks.AbstractQueuedSynchronizer$ConditionObject.awaitNanos(AbstractQueuedSynchronizer.java:2078)
        at java.util.concurrent.ScheduledThreadPoolExecutor$DelayedWorkQueue.take(ScheduledThreadPoolExecutor.java:1093)
        at java.util.concurrent.ScheduledThreadPoolExecutor$DelayedWorkQueue.take(ScheduledThreadPoolExecutor.java:809)
        at java.util.concurrent.ThreadPoolExecutor.getTask(ThreadPoolExecutor.java:1074)
        at java.util.concurrent.ThreadPoolExecutor.runWorker(ThreadPoolExecutor.java:1134)
        at java.util.concurrent.ThreadPoolExecutor$Worker.run(ThreadPoolExecutor.java:624)
        at java.lang.Thread.run(Thread.java:748)
"BlockDeletingService#1" daemon prio=5 tid=2699 in Object.wait()
java.lang.Thread.State: WAITING (on object monitor)
        at sun.misc.Unsafe.park(Native Method)
        at java.util.concurrent.locks.LockSupport.park(LockSupport.java:175)
        at java.util.concurrent.locks.AbstractQueuedSynchronizer$ConditionObject.await(AbstractQueuedSynchronizer.java:2039)
        at java.util.concurrent.ScheduledThreadPoolExecutor$DelayedWorkQueue.take(ScheduledThreadPoolExecutor.java:1088)
        at java.util.concurrent.ScheduledThreadPoolExecutor$DelayedWorkQueue.take(ScheduledThreadPoolExecutor.java:809)
        at java.util.concurrent.ThreadPoolExecutor.getTask(ThreadPoolExecutor.java:1074)
        at java.util.concurrent.ThreadPoolExecutor.runWorker(ThreadPoolExecutor.java:1134)
        at java.util.concurrent.ThreadPoolExecutor$Worker.run(ThreadPoolExecutor.java:624)
        at java.lang.Thread.run(Thread.java:748)
"IPC Client (823758059) connection to /0.0.0.0:38076 from jenkins1000" daemon prio=5 tid=2512 timed_waiting
java.lang.Thread.State: TIMED_WAITING
        at java.lang.Object.wait(Native Method)
        at org.apache.hadoop.ipc.Client$Connection.waitForWork(Client.java:1024)
        at org.apache.hadoop.ipc.Client$Connection.run(Client.java:1068)
"pool-246-thread-11"  prio=5 tid=2648 in Object.wait()
java.lang.Thread.State: WAITING (on object monitor)
        at sun.misc.Unsafe.park(Native Method)
        at java.util.concurrent.locks.LockSupport.park(LockSupport.java:175)
        at java.util.concurrent.locks.AbstractQueuedSynchronizer$ConditionObject.await(AbstractQueuedSynchronizer.java:2039)
        at java.util.concurrent.ArrayBlockingQueue.take(ArrayBlockingQueue.java:403)
        at java.util.concurrent.ThreadPoolExecutor.getTask(ThreadPoolExecutor.java:1074)
        at java.util.concurrent.ThreadPoolExecutor.runWorker(ThreadPoolExecutor.java:1134)
        at java.util.concurrent.ThreadPoolExecutor$Worker.run(ThreadPoolExecutor.java:624)
        at java.lang.Thread.run(Thread.java:748)
"metrics-hadoop-metrics2-reporter-56-thread-1" daemon prio=5 tid=1206 timed_waiting
java.lang.Thread.State: TIMED_WAITING
        at sun.misc.Unsafe.park(Native Method)
        at java.util.concurrent.locks.LockSupport.parkNanos(LockSupport.java:215)
        at java.util.concurrent.locks.AbstractQueuedSynchronizer$ConditionObject.awaitNanos(AbstractQueuedSynchronizer.java:2078)
        at java.util.concurrent.ScheduledThreadPoolExecutor$DelayedWorkQueue.take(ScheduledThreadPoolExecutor.java:1093)
        at java.util.concurrent.ScheduledThreadPoolExecutor$DelayedWorkQueue.take(ScheduledThreadPoolExecutor.java:809)
        at java.util.concurrent.ThreadPoolExecutor.getTask(ThreadPoolExecutor.java:1074)
        at java.util.concurrent.ThreadPoolExecutor.runWorker(ThreadPoolExecutor.java:1134)
        at java.util.concurrent.ThreadPoolExecutor$Worker.run(ThreadPoolExecutor.java:624)
        at java.lang.Thread.run(Thread.java:748)
"IPC Server handler 4 on 38076" daemon prio=5 tid=2359 timed_waiting
java.lang.Thread.State: TIMED_WAITING
        at sun.misc.Unsafe.park(Native Method)
        at java.util.concurrent.locks.LockSupport.parkNanos(LockSupport.java:215)
        at java.util.concurrent.locks.AbstractQueuedSynchronizer$ConditionObject.awaitNanos(AbstractQueuedSynchronizer.java:2078)
        at java.util.concurrent.LinkedBlockingQueue.poll(LinkedBlockingQueue.java:467)
        at org.apache.hadoop.ipc.CallQueueManager.take(CallQueueManager.java:288)
        at org.apache.hadoop.ipc.Server$Handler.run(Server.java:2668)
"pool-246-thread-56"  prio=5 tid=2693 in Object.wait()
java.lang.Thread.State: WAITING (on object monitor)
        at sun.misc.Unsafe.park(Native Method)
        at java.util.concurrent.locks.LockSupport.park(LockSupport.java:175)
        at java.util.concurrent.locks.AbstractQueuedSynchronizer$ConditionObject.await(AbstractQueuedSynchronizer.java:2039)
        at java.util.concurrent.ArrayBlockingQueue.take(ArrayBlockingQueue.java:403)
        at java.util.concurrent.ThreadPoolExecutor.getTask(ThreadPoolExecutor.java:1074)
        at java.util.concurrent.ThreadPoolExecutor.runWorker(ThreadPoolExecutor.java:1134)
        at java.util.concurrent.ThreadPoolExecutor$Worker.run(ThreadPoolExecutor.java:624)
        at java.lang.Thread.run(Thread.java:748)
"pool-236-thread-5"  prio=5 tid=2580 in Object.wait()
java.lang.Thread.State: WAITING (on object monitor)
        at sun.misc.Unsafe.park(Native Method)
        at java.util.concurrent.locks.LockSupport.park(LockSupport.java:175)
        at java.util.concurrent.locks.AbstractQueuedSynchronizer$ConditionObject.await(AbstractQueuedSynchronizer.java:2039)
        at java.util.concurrent.ArrayBlockingQueue.take(ArrayBlockingQueue.java:403)
        at java.util.concurrent.ThreadPoolExecutor.getTask(ThreadPoolExecutor.java:1074)
        at java.util.concurrent.ThreadPoolExecutor.runWorker(ThreadPoolExecutor.java:1134)
        at java.util.concurrent.ThreadPoolExecutor$Worker.run(ThreadPoolExecutor.java:624)
        at java.lang.Thread.run(Thread.java:748)
"pool-236-thread-4"  prio=5 tid=2579 in Object.wait()
java.lang.Thread.State: WAITING (on object monitor)
        at sun.misc.Unsafe.park(Native Method)
        at java.util.concurrent.locks.LockSupport.park(LockSupport.java:175)
        at java.util.concurrent.locks.AbstractQueuedSynchronizer$ConditionObject.await(AbstractQueuedSynchronizer.java:2039)
        at java.util.concurrent.ArrayBlockingQueue.take(ArrayBlockingQueue.java:403)
        at java.util.concurrent.ThreadPoolExecutor.getTask(ThreadPoolExecutor.java:1074)
        at java.util.concurrent.ThreadPoolExecutor.runWorker(ThreadPoolExecutor.java:1134)
        at java.util.concurrent.ThreadPoolExecutor$Worker.run(ThreadPoolExecutor.java:624)
        at java.lang.Thread.run(Thread.java:748)
"PartialTableCache Cleanup Thread - 0" daemon prio=5 tid=2287 in Object.wait()
java.lang.Thread.State: WAITING (on object monitor)
        at sun.misc.Unsafe.park(Native Method)
        at java.util.concurrent.locks.LockSupport.park(LockSupport.java:175)
        at java.util.concurrent.locks.AbstractQueuedSynchronizer$ConditionObject.await(AbstractQueuedSynchronizer.java:2039)
        at java.util.concurrent.LinkedBlockingQueue.take(LinkedBlockingQueue.java:442)
        at java.util.concurrent.ThreadPoolExecutor.getTask(ThreadPoolExecutor.java:1074)
        at java.util.concurrent.ThreadPoolExecutor.runWorker(ThreadPoolExecutor.java:1134)
        at java.util.concurrent.ThreadPoolExecutor$Worker.run(ThreadPoolExecutor.java:624)
        at java.lang.Thread.run(Thread.java:748)
"metrics-hadoop-metrics2-reporter-76-thread-1" daemon prio=5 tid=1708 timed_waiting
java.lang.Thread.State: TIMED_WAITING
        at sun.misc.Unsafe.park(Native Method)
        at java.util.concurrent.locks.LockSupport.parkNanos(LockSupport.java:215)
        at java.util.concurrent.locks.AbstractQueuedSynchronizer$ConditionObject.awaitNanos(AbstractQueuedSynchronizer.java:2078)
        at java.util.concurrent.ScheduledThreadPoolExecutor$DelayedWorkQueue.take(ScheduledThreadPoolExecutor.java:1093)
        at java.util.concurrent.ScheduledThreadPoolExecutor$DelayedWorkQueue.take(ScheduledThreadPoolExecutor.java:809)
        at java.util.concurrent.ThreadPoolExecutor.getTask(ThreadPoolExecutor.java:1074)
        at java.util.concurrent.ThreadPoolExecutor.runWorker(ThreadPoolExecutor.java:1134)
        at java.util.concurrent.ThreadPoolExecutor$Worker.run(ThreadPoolExecutor.java:624)
        at java.lang.Thread.run(Thread.java:748)
"jaeger.RemoteReporter-FlushTimer" daemon prio=5 tid=148 timed_waiting
java.lang.Thread.State: TIMED_WAITING
        at java.lang.Object.wait(Native Method)
        at java.util.TimerThread.mainLoop(Timer.java:552)
        at java.util.TimerThread.run(Timer.java:505)
"IPC Server handler 13 on 38076" daemon prio=5 tid=2368 timed_waiting
java.lang.Thread.State: TIMED_WAITING
        at sun.misc.Unsafe.park(Native Method)
        at java.util.concurrent.locks.LockSupport.parkNanos(LockSupport.java:215)
        at java.util.concurrent.locks.AbstractQueuedSynchronizer$ConditionObject.awaitNanos(AbstractQueuedSynchronizer.java:2078)
        at java.util.concurrent.LinkedBlockingQueue.poll(LinkedBlockingQueue.java:467)
        at org.apache.hadoop.ipc.CallQueueManager.take(CallQueueManager.java:288)
        at org.apache.hadoop.ipc.Server$Handler.run(Server.java:2668)
"metrics-hadoop-metrics2-reporter-121-thread-1" daemon prio=5 tid=2739 timed_waiting
java.lang.Thread.State: TIMED_WAITING
        at sun.misc.Unsafe.park(Native Method)
        at java.util.concurrent.locks.LockSupport.parkNanos(LockSupport.java:215)
        at java.util.concurrent.locks.AbstractQueuedSynchronizer$ConditionObject.awaitNanos(AbstractQueuedSynchronizer.java:2078)
        at java.util.concurrent.ScheduledThreadPoolExecutor$DelayedWorkQueue.take(ScheduledThreadPoolExecutor.java:1093)
        at java.util.concurrent.ScheduledThreadPoolExecutor$DelayedWorkQueue.take(ScheduledThreadPoolExecutor.java:809)
        at java.util.concurrent.ThreadPoolExecutor.getTask(ThreadPoolExecutor.java:1074)
        at java.util.concurrent.ThreadPoolExecutor.runWorker(ThreadPoolExecutor.java:1134)
        at java.util.concurrent.ThreadPoolExecutor$Worker.run(ThreadPoolExecutor.java:624)
        at java.lang.Thread.run(Thread.java:748)
"pool-236-thread-25"  prio=5 tid=2600 in Object.wait()
java.lang.Thread.State: WAITING (on object monitor)
        at sun.misc.Unsafe.park(Native Method)
        at java.util.concurrent.locks.LockSupport.park(LockSupport.java:175)
        at java.util.concurrent.locks.AbstractQueuedSynchronizer$ConditionObject.await(AbstractQueuedSynchronizer.java:2039)
        at java.util.concurrent.ArrayBlockingQueue.take(ArrayBlockingQueue.java:403)
        at java.util.concurrent.ThreadPoolExecutor.getTask(ThreadPoolExecutor.java:1074)
        at java.util.concurrent.ThreadPoolExecutor.runWorker(ThreadPoolExecutor.java:1134)
        at java.util.concurrent.ThreadPoolExecutor$Worker.run(ThreadPoolExecutor.java:624)
        at java.lang.Thread.run(Thread.java:748)
"PartialTableCache Cleanup Thread - 0" daemon prio=5 tid=1236 in Object.wait()
java.lang.Thread.State: WAITING (on object monitor)
        at sun.misc.Unsafe.park(Native Method)
        at java.util.concurrent.locks.LockSupport.park(LockSupport.java:175)
        at java.util.concurrent.locks.AbstractQueuedSynchronizer$ConditionObject.await(AbstractQueuedSynchronizer.java:2039)
        at java.util.concurrent.LinkedBlockingQueue.take(LinkedBlockingQueue.java:442)
        at java.util.concurrent.ThreadPoolExecutor.getTask(ThreadPoolExecutor.java:1074)
        at java.util.concurrent.ThreadPoolExecutor.runWorker(ThreadPoolExecutor.java:1134)
        at java.util.concurrent.ThreadPoolExecutor$Worker.run(ThreadPoolExecutor.java:624)
        at java.lang.Thread.run(Thread.java:748)
"metrics-hadoop-metrics2-reporter-69-thread-1" daemon prio=5 tid=1685 timed_waiting
java.lang.Thread.State: TIMED_WAITING
        at sun.misc.Unsafe.park(Native Method)
        at java.util.concurrent.locks.LockSupport.parkNanos(LockSupport.java:215)
        at java.util.concurrent.locks.AbstractQueuedSynchronizer$ConditionObject.awaitNanos(AbstractQueuedSynchronizer.java:2078)
        at java.util.concurrent.ScheduledThreadPoolExecutor$DelayedWorkQueue.take(ScheduledThreadPoolExecutor.java:1093)
        at java.util.concurrent.ScheduledThreadPoolExecutor$DelayedWorkQueue.take(ScheduledThreadPoolExecutor.java:809)
        at java.util.concurrent.ThreadPoolExecutor.getTask(ThreadPoolExecutor.java:1074)
        at java.util.concurrent.ThreadPoolExecutor.runWorker(ThreadPoolExecutor.java:1134)
        at java.util.concurrent.ThreadPoolExecutor$Worker.run(ThreadPoolExecutor.java:624)
        at java.lang.Thread.run(Thread.java:748)
"Datanode ReportManager Thread - 0" daemon prio=5 tid=1988 timed_waiting
java.lang.Thread.State: TIMED_WAITING
        at sun.misc.Unsafe.park(Native Method)
        at java.util.concurrent.locks.LockSupport.parkNanos(LockSupport.java:215)
        at java.util.concurrent.locks.AbstractQueuedSynchronizer$ConditionObject.awaitNanos(AbstractQueuedSynchronizer.java:2078)
        at java.util.concurrent.ScheduledThreadPoolExecutor$DelayedWorkQueue.take(ScheduledThreadPoolExecutor.java:1093)
        at java.util.concurrent.ScheduledThreadPoolExecutor$DelayedWorkQueue.take(ScheduledThreadPoolExecutor.java:809)
        at java.util.concurrent.ThreadPoolExecutor.getTask(ThreadPoolExecutor.java:1074)
        at java.util.concurrent.ThreadPoolExecutor.runWorker(ThreadPoolExecutor.java:1134)
        at java.util.concurrent.ThreadPoolExecutor$Worker.run(ThreadPoolExecutor.java:624)
        at java.lang.Thread.run(Thread.java:748)
"IPC Server idle connection scanner for port 40756" daemon prio=5 tid=2310 timed_waiting
java.lang.Thread.State: TIMED_WAITING
        at java.lang.Object.wait(Native Method)
        at java.util.TimerThread.mainLoop(Timer.java:552)
        at java.util.TimerThread.run(Timer.java:505)
"Datanode ReportManager Thread - 3" daemon prio=5 tid=1964 timed_waiting
java.lang.Thread.State: TIMED_WAITING
        at sun.misc.Unsafe.park(Native Method)
        at java.util.concurrent.locks.LockSupport.parkNanos(LockSupport.java:215)
        at java.util.concurrent.locks.AbstractQueuedSynchronizer$ConditionObject.awaitNanos(AbstractQueuedSynchronizer.java:2078)
        at java.util.concurrent.ScheduledThreadPoolExecutor$DelayedWorkQueue.take(ScheduledThreadPoolExecutor.java:1093)
        at java.util.concurrent.ScheduledThreadPoolExecutor$DelayedWorkQueue.take(ScheduledThreadPoolExecutor.java:809)
        at java.util.concurrent.ThreadPoolExecutor.getTask(ThreadPoolExecutor.java:1074)
        at java.util.concurrent.ThreadPoolExecutor.runWorker(ThreadPoolExecutor.java:1134)
        at java.util.concurrent.ThreadPoolExecutor$Worker.run(ThreadPoolExecutor.java:624)
        at java.lang.Thread.run(Thread.java:748)
"qtp945327594-2422" daemon prio=5 tid=2422 timed_waiting
java.lang.Thread.State: TIMED_WAITING
        at sun.misc.Unsafe.park(Native Method)
        at java.util.concurrent.locks.LockSupport.parkNanos(LockSupport.java:215)
        at java.util.concurrent.locks.AbstractQueuedSynchronizer$ConditionObject.awaitNanos(AbstractQueuedSynchronizer.java:2078)
        at org.eclipse.jetty.util.BlockingArrayQueue.poll(BlockingArrayQueue.java:392)
        at org.eclipse.jetty.util.thread.QueuedThreadPool.idleJobPoll(QueuedThreadPool.java:563)
        at org.eclipse.jetty.util.thread.QueuedThreadPool.access$800(QueuedThreadPool.java:48)
        at org.eclipse.jetty.util.thread.QueuedThreadPool$2.run(QueuedThreadPool.java:626)
        at java.lang.Thread.run(Thread.java:748)
"b32d7882-88db-4fe6-9cca-6a25122d474d@group-896385CD49EE-SegmentedRaftLogWorker"  prio=5 tid=2929 timed_waiting
java.lang.Thread.State: TIMED_WAITING
        at sun.misc.Unsafe.park(Native Method)
        at java.util.concurrent.locks.LockSupport.parkNanos(LockSupport.java:215)
        at java.util.concurrent.locks.AbstractQueuedSynchronizer$ConditionObject.awaitNanos(AbstractQueuedSynchronizer.java:2078)
        at org.apache.ratis.util.DataBlockingQueue.poll(DataBlockingQueue.java:137)
        at org.apache.ratis.server.raftlog.segmented.SegmentedRaftLogWorker.run(SegmentedRaftLogWorker.java:282)
        at java.lang.Thread.run(Thread.java:748)
"pool-226-thread-35"  prio=5 tid=2547 in Object.wait()
java.lang.Thread.State: WAITING (on object monitor)
        at sun.misc.Unsafe.park(Native Method)
        at java.util.concurrent.locks.LockSupport.park(LockSupport.java:175)
        at java.util.concurrent.locks.AbstractQueuedSynchronizer$ConditionObject.await(AbstractQueuedSynchronizer.java:2039)
        at java.util.concurrent.ArrayBlockingQueue.take(ArrayBlockingQueue.java:403)
        at java.util.concurrent.ThreadPoolExecutor.getTask(ThreadPoolExecutor.java:1074)
        at java.util.concurrent.ThreadPoolExecutor.runWorker(ThreadPoolExecutor.java:1134)
        at java.util.concurrent.ThreadPoolExecutor$Worker.run(ThreadPoolExecutor.java:624)
        at java.lang.Thread.run(Thread.java:748)
"IPC Server handler 6 on 38076" daemon prio=5 tid=2361 timed_waiting
java.lang.Thread.State: TIMED_WAITING
        at sun.misc.Unsafe.park(Native Method)
        at java.util.concurrent.locks.LockSupport.parkNanos(LockSupport.java:215)
        at java.util.concurrent.locks.AbstractQueuedSynchronizer$ConditionObject.awaitNanos(AbstractQueuedSynchronizer.java:2078)
        at java.util.concurrent.LinkedBlockingQueue.poll(LinkedBlockingQueue.java:467)
        at org.apache.hadoop.ipc.CallQueueManager.take(CallQueueManager.java:288)
        at org.apache.hadoop.ipc.Server$Handler.run(Server.java:2668)
"IPC Server handler 17 on 40756" daemon prio=5 tid=2332 timed_waiting
java.lang.Thread.State: TIMED_WAITING
        at sun.misc.Unsafe.park(Native Method)
        at java.util.concurrent.locks.LockSupport.parkNanos(LockSupport.java:215)
        at java.util.concurrent.locks.AbstractQueuedSynchronizer$ConditionObject.awaitNanos(AbstractQueuedSynchronizer.java:2078)
        at java.util.concurrent.LinkedBlockingQueue.poll(LinkedBlockingQueue.java:467)
        at org.apache.hadoop.ipc.CallQueueManager.take(CallQueueManager.java:288)
        at org.apache.hadoop.ipc.Server$Handler.run(Server.java:2668)
"Thread-3964" daemon prio=5 tid=5468 terminated
java.lang.Thread.State: TERMINATED
        at java.lang.Thread.sleep(Native Method)
        at org.apache.ratis.util.JavaUtils.sleep(JavaUtils.java:247)
        at org.apache.ratis.server.impl.FollowerState.run(FollowerState.java:97)
"java.util.concurrent.ThreadPoolExecutor$Worker@56bb6e43[State = -1, empty queue]" daemon prio=5 tid=2786 timed_waiting
java.lang.Thread.State: TIMED_WAITING
        at sun.misc.Unsafe.park(Native Method)
        at java.util.concurrent.locks.LockSupport.parkNanos(LockSupport.java:215)
        at java.util.concurrent.locks.AbstractQueuedSynchronizer$ConditionObject.awaitNanos(AbstractQueuedSynchronizer.java:2078)
        at java.util.concurrent.ScheduledThreadPoolExecutor$DelayedWorkQueue.take(ScheduledThreadPoolExecutor.java:1093)
        at java.util.concurrent.ScheduledThreadPoolExecutor$DelayedWorkQueue.take(ScheduledThreadPoolExecutor.java:809)
        at java.util.concurrent.ThreadPoolExecutor.getTask(ThreadPoolExecutor.java:1074)
        at java.util.concurrent.ThreadPoolExecutor.runWorker(ThreadPoolExecutor.java:1134)
        at java.util.concurrent.ThreadPoolExecutor$Worker.run(ThreadPoolExecutor.java:624)
        at java.lang.Thread.run(Thread.java:748)
"IPC Server handler 19 on 35795" daemon prio=5 tid=2354 timed_waiting
java.lang.Thread.State: TIMED_WAITING
        at sun.misc.Unsafe.park(Native Method)
        at java.util.concurrent.locks.LockSupport.parkNanos(LockSupport.java:215)
        at java.util.concurrent.locks.AbstractQueuedSynchronizer$ConditionObject.awaitNanos(AbstractQueuedSynchronizer.java:2078)
        at java.util.concurrent.LinkedBlockingQueue.poll(LinkedBlockingQueue.java:467)
        at org.apache.hadoop.ipc.CallQueueManager.take(CallQueueManager.java:288)
        at org.apache.hadoop.ipc.Server$Handler.run(Server.java:2668)
"Timer-1" daemon prio=5 tid=149 timed_waiting
java.lang.Thread.State: TIMED_WAITING
        at java.lang.Object.wait(Native Method)
        at java.util.TimerThread.mainLoop(Timer.java:552)
        at java.util.TimerThread.run(Timer.java:505)
"pool-226-thread-6"  prio=5 tid=2518 in Object.wait()
java.lang.Thread.State: WAITING (on object monitor)
        at sun.misc.Unsafe.park(Native Method)
        at java.util.concurrent.locks.LockSupport.park(LockSupport.java:175)
        at java.util.concurrent.locks.AbstractQueuedSynchronizer$ConditionObject.await(AbstractQueuedSynchronizer.java:2039)
        at java.util.concurrent.ArrayBlockingQueue.take(ArrayBlockingQueue.java:403)
        at java.util.concurrent.ThreadPoolExecutor.getTask(ThreadPoolExecutor.java:1074)
        at java.util.concurrent.ThreadPoolExecutor.runWorker(ThreadPoolExecutor.java:1134)
        at java.util.concurrent.ThreadPoolExecutor$Worker.run(ThreadPoolExecutor.java:624)
        at java.lang.Thread.run(Thread.java:748)
"metrics-hadoop-metrics2-reporter-85-thread-1" daemon prio=5 tid=1753 timed_waiting
java.lang.Thread.State: TIMED_WAITING
        at sun.misc.Unsafe.park(Native Method)
        at java.util.concurrent.locks.LockSupport.parkNanos(LockSupport.java:215)
        at java.util.concurrent.locks.AbstractQueuedSynchronizer$ConditionObject.awaitNanos(AbstractQueuedSynchronizer.java:2078)
        at java.util.concurrent.ScheduledThreadPoolExecutor$DelayedWorkQueue.take(ScheduledThreadPoolExecutor.java:1093)
        at java.util.concurrent.ScheduledThreadPoolExecutor$DelayedWorkQueue.take(ScheduledThreadPoolExecutor.java:809)
        at java.util.concurrent.ThreadPoolExecutor.getTask(ThreadPoolExecutor.java:1074)
        at java.util.concurrent.ThreadPoolExecutor.runWorker(ThreadPoolExecutor.java:1134)
        at java.util.concurrent.ThreadPoolExecutor$Worker.run(ThreadPoolExecutor.java:624)
        at java.lang.Thread.run(Thread.java:748)
"IPC Server handler 3 on 40756" daemon prio=5 tid=2318 timed_waiting
java.lang.Thread.State: TIMED_WAITING
        at sun.misc.Unsafe.park(Native Method)
        at java.util.concurrent.locks.LockSupport.parkNanos(LockSupport.java:215)
        at java.util.concurrent.locks.AbstractQueuedSynchronizer$ConditionObject.awaitNanos(AbstractQueuedSynchronizer.java:2078)
        at java.util.concurrent.LinkedBlockingQueue.poll(LinkedBlockingQueue.java:467)
        at org.apache.hadoop.ipc.CallQueueManager.take(CallQueueManager.java:288)
        at org.apache.hadoop.ipc.Server$Handler.run(Server.java:2668)
"pool-226-thread-9"  prio=5 tid=2521 in Object.wait()
java.lang.Thread.State: WAITING (on object monitor)
        at sun.misc.Unsafe.park(Native Method)
        at java.util.concurrent.locks.LockSupport.park(LockSupport.java:175)
        at java.util.concurrent.locks.AbstractQueuedSynchronizer$ConditionObject.await(AbstractQueuedSynchronizer.java:2039)
        at java.util.concurrent.ArrayBlockingQueue.take(ArrayBlockingQueue.java:403)
        at java.util.concurrent.ThreadPoolExecutor.getTask(ThreadPoolExecutor.java:1074)
        at java.util.concurrent.ThreadPoolExecutor.runWorker(ThreadPoolExecutor.java:1134)
        at java.util.concurrent.ThreadPoolExecutor$Worker.run(ThreadPoolExecutor.java:624)
        at java.lang.Thread.run(Thread.java:748)
"OMDoubleBufferFlushThread" daemon prio=5 tid=2390 timed_waiting
java.lang.Thread.State: TIMED_WAITING
        at java.lang.Object.wait(Native Method)
        at org.apache.hadoop.ozone.om.ratis.OzoneManagerDoubleBuffer.canFlush(OzoneManagerDoubleBuffer.java:322)
        at org.apache.hadoop.ozone.om.ratis.OzoneManagerDoubleBuffer.flushTransactions(OzoneManagerDoubleBuffer.java:130)
        at org.apache.hadoop.ozone.om.ratis.OzoneManagerDoubleBuffer$$Lambda$49/128077491.run(Unknown Source)
        at java.lang.Thread.run(Thread.java:748)
"pool-226-thread-40"  prio=5 tid=2552 in Object.wait()
java.lang.Thread.State: WAITING (on object monitor)
        at sun.misc.Unsafe.park(Native Method)
        at java.util.concurrent.locks.LockSupport.park(LockSupport.java:175)
        at java.util.concurrent.locks.AbstractQueuedSynchronizer$ConditionObject.await(AbstractQueuedSynchronizer.java:2039)
        at java.util.concurrent.ArrayBlockingQueue.take(ArrayBlockingQueue.java:403)
        at java.util.concurrent.ThreadPoolExecutor.getTask(ThreadPoolExecutor.java:1074)
        at java.util.concurrent.ThreadPoolExecutor.runWorker(ThreadPoolExecutor.java:1134)
        at java.util.concurrent.ThreadPoolExecutor$Worker.run(ThreadPoolExecutor.java:624)
        at java.lang.Thread.run(Thread.java:748)
"pool-246-thread-37"  prio=5 tid=2674 in Object.wait()
java.lang.Thread.State: WAITING (on object monitor)
        at sun.misc.Unsafe.park(Native Method)
        at java.util.concurrent.locks.LockSupport.park(LockSupport.java:175)
        at java.util.concurrent.locks.AbstractQueuedSynchronizer$ConditionObject.await(AbstractQueuedSynchronizer.java:2039)
        at java.util.concurrent.ArrayBlockingQueue.take(ArrayBlockingQueue.java:403)
        at java.util.concurrent.ThreadPoolExecutor.getTask(ThreadPoolExecutor.java:1074)
        at java.util.concurrent.ThreadPoolExecutor.runWorker(ThreadPoolExecutor.java:1134)
        at java.util.concurrent.ThreadPoolExecutor$Worker.run(ThreadPoolExecutor.java:624)
        at java.lang.Thread.run(Thread.java:748)
"qtp945327594-2426" daemon prio=5 tid=2426 timed_waiting
java.lang.Thread.State: TIMED_WAITING
        at sun.misc.Unsafe.park(Native Method)
        at java.util.concurrent.locks.LockSupport.parkNanos(LockSupport.java:215)
        at java.util.concurrent.locks.AbstractQueuedSynchronizer$ConditionObject.awaitNanos(AbstractQueuedSynchronizer.java:2078)
        at org.eclipse.jetty.util.BlockingArrayQueue.poll(BlockingArrayQueue.java:392)
        at org.eclipse.jetty.util.thread.QueuedThreadPool.idleJobPoll(QueuedThreadPool.java:563)
        at org.eclipse.jetty.util.thread.QueuedThreadPool.access$800(QueuedThreadPool.java:48)
        at org.eclipse.jetty.util.thread.QueuedThreadPool$2.run(QueuedThreadPool.java:626)
        at java.lang.Thread.run(Thread.java:748)
"IPC Server handler 10 on 35795" daemon prio=5 tid=2345 timed_waiting
java.lang.Thread.State: TIMED_WAITING
        at sun.misc.Unsafe.park(Native Method)
        at java.util.concurrent.locks.LockSupport.parkNanos(LockSupport.java:215)
        at java.util.concurrent.locks.AbstractQueuedSynchronizer$ConditionObject.awaitNanos(AbstractQueuedSynchronizer.java:2078)
        at java.util.concurrent.LinkedBlockingQueue.poll(LinkedBlockingQueue.java:467)
        at org.apache.hadoop.ipc.CallQueueManager.take(CallQueueManager.java:288)
        at org.apache.hadoop.ipc.Server$Handler.run(Server.java:2668)
"qtp1847256931-2495" daemon prio=5 tid=2495 timed_waiting
java.lang.Thread.State: TIMED_WAITING
        at sun.misc.Unsafe.park(Native Method)
        at java.util.concurrent.locks.LockSupport.parkNanos(LockSupport.java:215)
        at java.util.concurrent.locks.AbstractQueuedSynchronizer$ConditionObject.awaitNanos(AbstractQueuedSynchronizer.java:2078)
        at org.eclipse.jetty.util.BlockingArrayQueue.poll(BlockingArrayQueue.java:392)
        at org.eclipse.jetty.util.thread.QueuedThreadPool.idleJobPoll(QueuedThreadPool.java:563)
        at org.eclipse.jetty.util.thread.QueuedThreadPool.access$800(QueuedThreadPool.java:48)
        at org.eclipse.jetty.util.thread.QueuedThreadPool$2.run(QueuedThreadPool.java:626)
        at java.lang.Thread.run(Thread.java:748)
"IPC Server listener on 40756" daemon prio=5 tid=2308 runnable
java.lang.Thread.State: RUNNABLE
        at sun.nio.ch.EPollArrayWrapper.epollWait(Native Method)
        at sun.nio.ch.EPollArrayWrapper.poll(EPollArrayWrapper.java:269)
        at sun.nio.ch.EPollSelectorImpl.doSelect(EPollSelectorImpl.java:93)
        at sun.nio.ch.SelectorImpl.lockAndDoSelect(SelectorImpl.java:86)
        at sun.nio.ch.SelectorImpl.select(SelectorImpl.java:97)
        at sun.nio.ch.SelectorImpl.select(SelectorImpl.java:101)
        at org.apache.hadoop.ipc.Server$Listener.run(Server.java:1159)
"org.eclipse.jetty.server.session.HashSessionManager@3b9ac754Timer" daemon prio=5 tid=2385 timed_waiting
java.lang.Thread.State: TIMED_WAITING
        at sun.misc.Unsafe.park(Native Method)
        at java.util.concurrent.locks.LockSupport.parkNanos(LockSupport.java:215)
        at java.util.concurrent.locks.AbstractQueuedSynchronizer$ConditionObject.awaitNanos(AbstractQueuedSynchronizer.java:2078)
        at java.util.concurrent.ScheduledThreadPoolExecutor$DelayedWorkQueue.take(ScheduledThreadPoolExecutor.java:1093)
        at java.util.concurrent.ScheduledThreadPoolExecutor$DelayedWorkQueue.take(ScheduledThreadPoolExecutor.java:809)
        at java.util.concurrent.ThreadPoolExecutor.getTask(ThreadPoolExecutor.java:1074)
        at java.util.concurrent.ThreadPoolExecutor.runWorker(ThreadPoolExecutor.java:1134)
        at java.util.concurrent.ThreadPoolExecutor$Worker.run(ThreadPoolExecutor.java:624)
        at java.lang.Thread.run(Thread.java:748)
"Datanode ReportManager Thread - 3" daemon prio=5 tid=1991 in Object.wait()
java.lang.Thread.State: WAITING (on object monitor)
        at sun.misc.Unsafe.park(Native Method)
        at java.util.concurrent.locks.LockSupport.park(LockSupport.java:175)
        at java.util.concurrent.locks.AbstractQueuedSynchronizer$ConditionObject.await(AbstractQueuedSynchronizer.java:2039)
        at java.util.concurrent.ScheduledThreadPoolExecutor$DelayedWorkQueue.take(ScheduledThreadPoolExecutor.java:1088)
        at java.util.concurrent.ScheduledThreadPoolExecutor$DelayedWorkQueue.take(ScheduledThreadPoolExecutor.java:809)
        at java.util.concurrent.ThreadPoolExecutor.getTask(ThreadPoolExecutor.java:1074)
        at java.util.concurrent.ThreadPoolExecutor.runWorker(ThreadPoolExecutor.java:1134)
        at java.util.concurrent.ThreadPoolExecutor$Worker.run(ThreadPoolExecutor.java:624)
        at java.lang.Thread.run(Thread.java:748)
"metrics-hadoop-metrics2-reporter-25-thread-1" daemon prio=5 tid=535 timed_waiting
java.lang.Thread.State: TIMED_WAITING
        at sun.misc.Unsafe.park(Native Method)
        at java.util.concurrent.locks.LockSupport.parkNanos(LockSupport.java:215)
        at java.util.concurrent.locks.AbstractQueuedSynchronizer$ConditionObject.awaitNanos(AbstractQueuedSynchronizer.java:2078)
        at java.util.concurrent.ScheduledThreadPoolExecutor$DelayedWorkQueue.take(ScheduledThreadPoolExecutor.java:1093)
        at java.util.concurrent.ScheduledThreadPoolExecutor$DelayedWorkQueue.take(ScheduledThreadPoolExecutor.java:809)
        at java.util.concurrent.ThreadPoolExecutor.getTask(ThreadPoolExecutor.java:1074)
        at java.util.concurrent.ThreadPoolExecutor.runWorker(ThreadPoolExecutor.java:1134)
        at java.util.concurrent.ThreadPoolExecutor$Worker.run(ThreadPoolExecutor.java:624)
        at java.lang.Thread.run(Thread.java:748)
"metrics-hadoop-metrics2-reporter-127-thread-1" daemon prio=5 tid=2758 timed_waiting
java.lang.Thread.State: TIMED_WAITING
        at sun.misc.Unsafe.park(Native Method)
        at java.util.concurrent.locks.LockSupport.parkNanos(LockSupport.java:215)
        at java.util.concurrent.locks.AbstractQueuedSynchronizer$ConditionObject.awaitNanos(AbstractQueuedSynchronizer.java:2078)
        at java.util.concurrent.ScheduledThreadPoolExecutor$DelayedWorkQueue.take(ScheduledThreadPoolExecutor.java:1093)
        at java.util.concurrent.ScheduledThreadPoolExecutor$DelayedWorkQueue.take(ScheduledThreadPoolExecutor.java:809)
        at java.util.concurrent.ThreadPoolExecutor.getTask(ThreadPoolExecutor.java:1074)
        at java.util.concurrent.ThreadPoolExecutor.runWorker(ThreadPoolExecutor.java:1134)
        at java.util.concurrent.ThreadPoolExecutor$Worker.run(ThreadPoolExecutor.java:624)
        at java.lang.Thread.run(Thread.java:748)
"metrics-hadoop-metrics2-reporter-84-thread-1" daemon prio=5 tid=1734 timed_waiting
java.lang.Thread.State: TIMED_WAITING
        at sun.misc.Unsafe.park(Native Method)
        at java.util.concurrent.locks.LockSupport.parkNanos(LockSupport.java:215)
        at java.util.concurrent.locks.AbstractQueuedSynchronizer$ConditionObject.awaitNanos(AbstractQueuedSynchronizer.java:2078)
        at java.util.concurrent.ScheduledThreadPoolExecutor$DelayedWorkQueue.take(ScheduledThreadPoolExecutor.java:1093)
        at java.util.concurrent.ScheduledThreadPoolExecutor$DelayedWorkQueue.take(ScheduledThreadPoolExecutor.java:809)
        at java.util.concurrent.ThreadPoolExecutor.getTask(ThreadPoolExecutor.java:1074)
        at java.util.concurrent.ThreadPoolExecutor.runWorker(ThreadPoolExecutor.java:1134)
        at java.util.concurrent.ThreadPoolExecutor$Worker.run(ThreadPoolExecutor.java:624)
        at java.lang.Thread.run(Thread.java:748)
"grpc-default-worker-ELG-11-1" daemon prio=5 tid=2709 runnable
java.lang.Thread.State: RUNNABLE
        at sun.nio.ch.EPollArrayWrapper.epollWait(Native Method)
        at sun.nio.ch.EPollArrayWrapper.poll(EPollArrayWrapper.java:269)
        at sun.nio.ch.EPollSelectorImpl.doSelect(EPollSelectorImpl.java:93)
        at sun.nio.ch.SelectorImpl.lockAndDoSelect(SelectorImpl.java:86)
        at sun.nio.ch.SelectorImpl.select(SelectorImpl.java:97)
        at org.apache.ratis.thirdparty.io.netty.channel.nio.SelectedSelectionKeySetSelector.select(SelectedSelectionKeySetSelector.java:62)
        at org.apache.ratis.thirdparty.io.netty.channel.nio.NioEventLoop.select(NioEventLoop.java:753)
        at org.apache.ratis.thirdparty.io.netty.channel.nio.NioEventLoop.run(NioEventLoop.java:408)
        at org.apache.ratis.thirdparty.io.netty.util.concurrent.SingleThreadEventExecutor$5.run(SingleThreadEventExecutor.java:897)
        at org.apache.ratis.thirdparty.io.netty.util.concurrent.FastThreadLocalRunnable.run(FastThreadLocalRunnable.java:30)
        at java.lang.Thread.run(Thread.java:748)
"BlockDeletingService#0" daemon prio=5 tid=2698 timed_waiting
java.lang.Thread.State: TIMED_WAITING
        at sun.misc.Unsafe.park(Native Method)
        at java.util.concurrent.locks.LockSupport.parkNanos(LockSupport.java:215)
        at java.util.concurrent.locks.AbstractQueuedSynchronizer$ConditionObject.awaitNanos(AbstractQueuedSynchronizer.java:2078)
        at java.util.concurrent.ScheduledThreadPoolExecutor$DelayedWorkQueue.take(ScheduledThreadPoolExecutor.java:1093)
        at java.util.concurrent.ScheduledThreadPoolExecutor$DelayedWorkQueue.take(ScheduledThreadPoolExecutor.java:809)
        at java.util.concurrent.ThreadPoolExecutor.getTask(ThreadPoolExecutor.java:1074)
        at java.util.concurrent.ThreadPoolExecutor.runWorker(ThreadPoolExecutor.java:1134)
        at java.util.concurrent.ThreadPoolExecutor$Worker.run(ThreadPoolExecutor.java:624)
        at java.lang.Thread.run(Thread.java:748)
"pool-236-thread-29"  prio=5 tid=2604 in Object.wait()
java.lang.Thread.State: WAITING (on object monitor)
        at sun.misc.Unsafe.park(Native Method)
        at java.util.concurrent.locks.LockSupport.park(LockSupport.java:175)
        at java.util.concurrent.locks.AbstractQueuedSynchronizer$ConditionObject.await(AbstractQueuedSynchronizer.java:2039)
        at java.util.concurrent.ArrayBlockingQueue.take(ArrayBlockingQueue.java:403)
        at java.util.concurrent.ThreadPoolExecutor.getTask(ThreadPoolExecutor.java:1074)
        at java.util.concurrent.ThreadPoolExecutor.runWorker(ThreadPoolExecutor.java:1134)
        at java.util.concurrent.ThreadPoolExecutor$Worker.run(ThreadPoolExecutor.java:624)
        at java.lang.Thread.run(Thread.java:748)
"org.eclipse.jetty.server.session.HashSessionManager@487cd177Timer" daemon prio=5 tid=2428 timed_waiting
java.lang.Thread.State: TIMED_WAITING
        at sun.misc.Unsafe.park(Native Method)
        at java.util.concurrent.locks.LockSupport.parkNanos(LockSupport.java:215)
        at java.util.concurrent.locks.AbstractQueuedSynchronizer$ConditionObject.awaitNanos(AbstractQueuedSynchronizer.java:2078)
        at java.util.concurrent.ScheduledThreadPoolExecutor$DelayedWorkQueue.take(ScheduledThreadPoolExecutor.java:1093)
        at java.util.concurrent.ScheduledThreadPoolExecutor$DelayedWorkQueue.take(ScheduledThreadPoolExecutor.java:809)
        at java.util.concurrent.ThreadPoolExecutor.getTask(ThreadPoolExecutor.java:1074)
        at java.util.concurrent.ThreadPoolExecutor.runWorker(ThreadPoolExecutor.java:1134)
        at java.util.concurrent.ThreadPoolExecutor$Worker.run(ThreadPoolExecutor.java:624)
        at java.lang.Thread.run(Thread.java:748)
"IPC Server handler 11 on 38076" daemon prio=5 tid=2366 timed_waiting
java.lang.Thread.State: TIMED_WAITING
        at sun.misc.Unsafe.park(Native Method)
        at java.util.concurrent.locks.LockSupport.parkNanos(LockSupport.java:215)
        at java.util.concurrent.locks.AbstractQueuedSynchronizer$ConditionObject.awaitNanos(AbstractQueuedSynchronizer.java:2078)
        at java.util.concurrent.LinkedBlockingQueue.poll(LinkedBlockingQueue.java:467)
        at org.apache.hadoop.ipc.CallQueueManager.take(CallQueueManager.java:288)
        at org.apache.hadoop.ipc.Server$Handler.run(Server.java:2668)
"Finalizer" daemon prio=8 tid=3 in Object.wait()
java.lang.Thread.State: WAITING (on object monitor)
        at java.lang.Object.wait(Native Method)
        at java.lang.ref.ReferenceQueue.remove(ReferenceQueue.java:144)
        at java.lang.ref.ReferenceQueue.remove(ReferenceQueue.java:165)
        at java.lang.ref.Finalizer$FinalizerThread.run(Finalizer.java:216)
"Datanode ReportManager Thread - 1" daemon prio=5 tid=1935 in Object.wait()
java.lang.Thread.State: WAITING (on object monitor)
        at sun.misc.Unsafe.park(Native Method)
        at java.util.concurrent.locks.LockSupport.park(LockSupport.java:175)
        at java.util.concurrent.locks.AbstractQueuedSynchronizer$ConditionObject.await(AbstractQueuedSynchronizer.java:2039)
        at java.util.concurrent.ScheduledThreadPoolExecutor$DelayedWorkQueue.take(ScheduledThreadPoolExecutor.java:1088)
        at java.util.concurrent.ScheduledThreadPoolExecutor$DelayedWorkQueue.take(ScheduledThreadPoolExecutor.java:809)
        at java.util.concurrent.ThreadPoolExecutor.getTask(ThreadPoolExecutor.java:1074)
        at java.util.concurrent.ThreadPoolExecutor.runWorker(ThreadPoolExecutor.java:1134)
        at java.util.concurrent.ThreadPoolExecutor$Worker.run(ThreadPoolExecutor.java:624)
        at java.lang.Thread.run(Thread.java:748)
"IPC Server handler 5 on 45250" daemon prio=5 tid=2404 timed_waiting
java.lang.Thread.State: TIMED_WAITING
        at sun.misc.Unsafe.park(Native Method)
        at java.util.concurrent.locks.LockSupport.parkNanos(LockSupport.java:215)
        at java.util.concurrent.locks.AbstractQueuedSynchronizer$ConditionObject.awaitNanos(AbstractQueuedSynchronizer.java:2078)
        at java.util.concurrent.LinkedBlockingQueue.poll(LinkedBlockingQueue.java:467)
        at org.apache.hadoop.ipc.CallQueueManager.take(CallQueueManager.java:288)
        at org.apache.hadoop.ipc.Server$Handler.run(Server.java:2668)
"pool-236-thread-37"  prio=5 tid=2612 in Object.wait()
java.lang.Thread.State: WAITING (on object monitor)
        at sun.misc.Unsafe.park(Native Method)
        at java.util.concurrent.locks.LockSupport.park(LockSupport.java:175)
        at java.util.concurrent.locks.AbstractQueuedSynchronizer$ConditionObject.await(AbstractQueuedSynchronizer.java:2039)
        at java.util.concurrent.ArrayBlockingQueue.take(ArrayBlockingQueue.java:403)
        at java.util.concurrent.ThreadPoolExecutor.getTask(ThreadPoolExecutor.java:1074)
        at java.util.concurrent.ThreadPoolExecutor.runWorker(ThreadPoolExecutor.java:1134)
        at java.util.concurrent.ThreadPoolExecutor$Worker.run(ThreadPoolExecutor.java:624)
        at java.lang.Thread.run(Thread.java:748)
"PartialTableCache Cleanup Thread - 0" daemon prio=5 tid=554 in Object.wait()
java.lang.Thread.State: WAITING (on object monitor)
        at sun.misc.Unsafe.park(Native Method)
        at java.util.concurrent.locks.LockSupport.park(LockSupport.java:175)
        at java.util.concurrent.locks.AbstractQueuedSynchronizer$ConditionObject.await(AbstractQueuedSynchronizer.java:2039)
        at java.util.concurrent.LinkedBlockingQueue.take(LinkedBlockingQueue.java:442)
        at java.util.concurrent.ThreadPoolExecutor.getTask(ThreadPoolExecutor.java:1074)
        at java.util.concurrent.ThreadPoolExecutor.runWorker(ThreadPoolExecutor.java:1134)
        at java.util.concurrent.ThreadPoolExecutor$Worker.run(ThreadPoolExecutor.java:624)
        at java.lang.Thread.run(Thread.java:748)
"refreshUsed-/workdir/hadoop-ozone/ozonefs/target/test-dir/MiniOzoneClusterImpl-a3991107-2db4-4ed9-b586-01161be3d184/datanode-1/data/containers" daemon prio=5 tid=2461 timed_waiting
java.lang.Thread.State: TIMED_WAITING
        at java.lang.Thread.sleep(Native Method)
        at org.apache.hadoop.fs.CachingGetSpaceUsed$RefreshThread.run(CachingGetSpaceUsed.java:179)
        at java.lang.Thread.run(Thread.java:748)
"PartialTableCache Cleanup Thread - 0" daemon prio=5 tid=1768 in Object.wait()
java.lang.Thread.State: WAITING (on object monitor)
        at sun.misc.Unsafe.park(Native Method)
        at java.util.concurrent.locks.LockSupport.park(LockSupport.java:175)
        at java.util.concurrent.locks.AbstractQueuedSynchronizer$ConditionObject.await(AbstractQueuedSynchronizer.java:2039)
        at java.util.concurrent.LinkedBlockingQueue.take(LinkedBlockingQueue.java:442)
        at java.util.concurrent.ThreadPoolExecutor.getTask(ThreadPoolExecutor.java:1074)
        at java.util.concurrent.ThreadPoolExecutor.runWorker(ThreadPoolExecutor.java:1134)
        at java.util.concurrent.ThreadPoolExecutor$Worker.run(ThreadPoolExecutor.java:624)
        at java.lang.Thread.run(Thread.java:748)
"pool-246-thread-29"  prio=5 tid=2666 in Object.wait()
java.lang.Thread.State: WAITING (on object monitor)
        at sun.misc.Unsafe.park(Native Method)
        at java.util.concurrent.locks.LockSupport.park(LockSupport.java:175)
        at java.util.concurrent.locks.AbstractQueuedSynchronizer$ConditionObject.await(AbstractQueuedSynchronizer.java:2039)
        at java.util.concurrent.ArrayBlockingQueue.take(ArrayBlockingQueue.java:403)
        at java.util.concurrent.ThreadPoolExecutor.getTask(ThreadPoolExecutor.java:1074)
        at java.util.concurrent.ThreadPoolExecutor.runWorker(ThreadPoolExecutor.java:1134)
        at java.util.concurrent.ThreadPoolExecutor$Worker.run(ThreadPoolExecutor.java:624)
        at java.lang.Thread.run(Thread.java:748)
"metrics-hadoop-metrics2-reporter-60-thread-1" daemon prio=5 tid=1222 timed_waiting
java.lang.Thread.State: TIMED_WAITING
        at sun.misc.Unsafe.park(Native Method)
        at java.util.concurrent.locks.LockSupport.parkNanos(LockSupport.java:215)
        at java.util.concurrent.locks.AbstractQueuedSynchronizer$ConditionObject.awaitNanos(AbstractQueuedSynchronizer.java:2078)
        at java.util.concurrent.ScheduledThreadPoolExecutor$DelayedWorkQueue.take(ScheduledThreadPoolExecutor.java:1093)
        at java.util.concurrent.ScheduledThreadPoolExecutor$DelayedWorkQueue.take(ScheduledThreadPoolExecutor.java:809)
        at java.util.concurrent.ThreadPoolExecutor.getTask(ThreadPoolExecutor.java:1074)
        at java.util.concurrent.ThreadPoolExecutor.runWorker(ThreadPoolExecutor.java:1134)
        at java.util.concurrent.ThreadPoolExecutor$Worker.run(ThreadPoolExecutor.java:624)
        at java.lang.Thread.run(Thread.java:748)
"pool-236-thread-49"  prio=5 tid=2624 in Object.wait()
java.lang.Thread.State: WAITING (on object monitor)
        at sun.misc.Unsafe.park(Native Method)
        at java.util.concurrent.locks.LockSupport.park(LockSupport.java:175)
        at java.util.concurrent.locks.AbstractQueuedSynchronizer$ConditionObject.await(AbstractQueuedSynchronizer.java:2039)
        at java.util.concurrent.ArrayBlockingQueue.take(ArrayBlockingQueue.java:403)
        at java.util.concurrent.ThreadPoolExecutor.getTask(ThreadPoolExecutor.java:1074)
        at java.util.concurrent.ThreadPoolExecutor.runWorker(ThreadPoolExecutor.java:1134)
        at java.util.concurrent.ThreadPoolExecutor$Worker.run(ThreadPoolExecutor.java:624)
        at java.lang.Thread.run(Thread.java:748)
"org.eclipse.jetty.server.session.HashSessionManager@ab4aa5eTimer" daemon prio=5 tid=2474 timed_waiting
java.lang.Thread.State: TIMED_WAITING
        at sun.misc.Unsafe.park(Native Method)
        at java.util.concurrent.locks.LockSupport.parkNanos(LockSupport.java:215)
        at java.util.concurrent.locks.AbstractQueuedSynchronizer$ConditionObject.awaitNanos(AbstractQueuedSynchronizer.java:2078)
        at java.util.concurrent.ScheduledThreadPoolExecutor$DelayedWorkQueue.take(ScheduledThreadPoolExecutor.java:1093)
        at java.util.concurrent.ScheduledThreadPoolExecutor$DelayedWorkQueue.take(ScheduledThreadPoolExecutor.java:809)
        at java.util.concurrent.ThreadPoolExecutor.getTask(ThreadPoolExecutor.java:1074)
        at java.util.concurrent.ThreadPoolExecutor.runWorker(ThreadPoolExecutor.java:1134)
        at java.util.concurrent.ThreadPoolExecutor$Worker.run(ThreadPoolExecutor.java:624)
        at java.lang.Thread.run(Thread.java:748)
"IPC Server idle connection scanner for port 35795" daemon prio=5 tid=2306 timed_waiting
java.lang.Thread.State: TIMED_WAITING
        at java.lang.Object.wait(Native Method)
        at java.util.TimerThread.mainLoop(Timer.java:552)
        at java.util.TimerThread.run(Timer.java:505)
"Periodic HDDS volume checker"  prio=5 tid=2486 timed_waiting
java.lang.Thread.State: TIMED_WAITING
        at sun.misc.Unsafe.park(Native Method)
        at java.util.concurrent.locks.LockSupport.parkNanos(LockSupport.java:215)
        at java.util.concurrent.locks.AbstractQueuedSynchronizer$ConditionObject.awaitNanos(AbstractQueuedSynchronizer.java:2078)
        at java.util.concurrent.ScheduledThreadPoolExecutor$DelayedWorkQueue.take(ScheduledThreadPoolExecutor.java:1093)
        at java.util.concurrent.ScheduledThreadPoolExecutor$DelayedWorkQueue.take(ScheduledThreadPoolExecutor.java:809)
        at java.util.concurrent.ThreadPoolExecutor.getTask(ThreadPoolExecutor.java:1074)
        at java.util.concurrent.ThreadPoolExecutor.runWorker(ThreadPoolExecutor.java:1134)
        at java.util.concurrent.ThreadPoolExecutor$Worker.run(ThreadPoolExecutor.java:624)
        at java.lang.Thread.run(Thread.java:748)
"PartialTableCache Cleanup Thread - 0" daemon prio=5 tid=553 in Object.wait()
java.lang.Thread.State: WAITING (on object monitor)
        at sun.misc.Unsafe.park(Native Method)
        at java.util.concurrent.locks.LockSupport.park(LockSupport.java:175)
        at java.util.concurrent.locks.AbstractQueuedSynchronizer$ConditionObject.await(AbstractQueuedSynchronizer.java:2039)
        at java.util.concurrent.LinkedBlockingQueue.take(LinkedBlockingQueue.java:442)
        at java.util.concurrent.ThreadPoolExecutor.getTask(ThreadPoolExecutor.java:1074)
        at java.util.concurrent.ThreadPoolExecutor.runWorker(ThreadPoolExecutor.java:1134)
        at java.util.concurrent.ThreadPoolExecutor$Worker.run(ThreadPoolExecutor.java:624)
        at java.lang.Thread.run(Thread.java:748)
"metrics-hadoop-metrics2-reporter-11-thread-1" daemon prio=5 tid=461 timed_waiting
java.lang.Thread.State: TIMED_WAITING
        at sun.misc.Unsafe.park(Native Method)
        at java.util.concurrent.locks.LockSupport.parkNanos(LockSupport.java:215)
        at java.util.concurrent.locks.AbstractQueuedSynchronizer$ConditionObject.awaitNanos(AbstractQueuedSynchronizer.java:2078)
        at java.util.concurrent.ScheduledThreadPoolExecutor$DelayedWorkQueue.take(ScheduledThreadPoolExecutor.java:1093)
        at java.util.concurrent.ScheduledThreadPoolExecutor$DelayedWorkQueue.take(ScheduledThreadPoolExecutor.java:809)
        at java.util.concurrent.ThreadPoolExecutor.getTask(ThreadPoolExecutor.java:1074)
        at java.util.concurrent.ThreadPoolExecutor.runWorker(ThreadPoolExecutor.java:1134)
        at java.util.concurrent.ThreadPoolExecutor$Worker.run(ThreadPoolExecutor.java:624)
        at java.lang.Thread.run(Thread.java:748)
"3aea292b-16fb-4e9b-be90-828afa8e8047@group-475F4F9EA4AD-StateMachineUpdater" daemon prio=5 tid=2738 in Object.wait()
java.lang.Thread.State: WAITING (on object monitor)
        at java.lang.Object.wait(Native Method)
        at java.lang.Object.wait(Object.java:502)
        at org.apache.ratis.server.impl.StateMachineUpdater.waitForCommit(StateMachineUpdater.java:194)
        at org.apache.ratis.server.impl.StateMachineUpdater.run(StateMachineUpdater.java:159)
        at java.lang.Thread.run(Thread.java:748)
"pool-226-thread-24"  prio=5 tid=2536 in Object.wait()
java.lang.Thread.State: WAITING (on object monitor)
        at sun.misc.Unsafe.park(Native Method)
        at java.util.concurrent.locks.LockSupport.park(LockSupport.java:175)
        at java.util.concurrent.locks.AbstractQueuedSynchronizer$ConditionObject.await(AbstractQueuedSynchronizer.java:2039)
        at java.util.concurrent.ArrayBlockingQueue.take(ArrayBlockingQueue.java:403)
        at java.util.concurrent.ThreadPoolExecutor.getTask(ThreadPoolExecutor.java:1074)
        at java.util.concurrent.ThreadPoolExecutor.runWorker(ThreadPoolExecutor.java:1134)
        at java.util.concurrent.ThreadPoolExecutor$Worker.run(ThreadPoolExecutor.java:624)
        at java.lang.Thread.run(Thread.java:748)
"EventQueue-NodeRegistrationContainerReportForDataNodeSafeModeRule" daemon prio=5 tid=2704 in Object.wait()
java.lang.Thread.State: WAITING (on object monitor)
        at sun.misc.Unsafe.park(Native Method)
        at java.util.concurrent.locks.LockSupport.park(LockSupport.java:175)
        at java.util.concurrent.locks.AbstractQueuedSynchronizer$ConditionObject.await(AbstractQueuedSynchronizer.java:2039)
        at java.util.concurrent.LinkedBlockingQueue.take(LinkedBlockingQueue.java:442)
        at java.util.concurrent.ThreadPoolExecutor.getTask(ThreadPoolExecutor.java:1074)
        at java.util.concurrent.ThreadPoolExecutor.runWorker(ThreadPoolExecutor.java:1134)
        at java.util.concurrent.ThreadPoolExecutor$Worker.run(ThreadPoolExecutor.java:624)
        at java.lang.Thread.run(Thread.java:748)
"pool-236-thread-57"  prio=5 tid=2632 in Object.wait()
java.lang.Thread.State: WAITING (on object monitor)
        at sun.misc.Unsafe.park(Native Method)
        at java.util.concurrent.locks.LockSupport.park(LockSupport.java:175)
        at java.util.concurrent.locks.AbstractQueuedSynchronizer$ConditionObject.await(AbstractQueuedSynchronizer.java:2039)
        at java.util.concurrent.ArrayBlockingQueue.take(ArrayBlockingQueue.java:403)
        at java.util.concurrent.ThreadPoolExecutor.getTask(ThreadPoolExecutor.java:1074)
        at java.util.concurrent.ThreadPoolExecutor.runWorker(ThreadPoolExecutor.java:1134)
        at java.util.concurrent.ThreadPoolExecutor$Worker.run(ThreadPoolExecutor.java:624)
        at java.lang.Thread.run(Thread.java:748)
"pool-246-thread-2"  prio=5 tid=2639 in Object.wait()
java.lang.Thread.State: WAITING (on object monitor)
        at sun.misc.Unsafe.park(Native Method)
        at java.util.concurrent.locks.LockSupport.park(LockSupport.java:175)
        at java.util.concurrent.locks.AbstractQueuedSynchronizer$ConditionObject.await(AbstractQueuedSynchronizer.java:2039)
        at java.util.concurrent.ArrayBlockingQueue.take(ArrayBlockingQueue.java:403)
        at java.util.concurrent.ThreadPoolExecutor.getTask(ThreadPoolExecutor.java:1074)
        at java.util.concurrent.ThreadPoolExecutor.runWorker(ThreadPoolExecutor.java:1134)
        at java.util.concurrent.ThreadPoolExecutor$Worker.run(ThreadPoolExecutor.java:624)
        at java.lang.Thread.run(Thread.java:748)
"pool-246-thread-7"  prio=5 tid=2644 in Object.wait()
java.lang.Thread.State: WAITING (on object monitor)
        at sun.misc.Unsafe.park(Native Method)
        at java.util.concurrent.locks.LockSupport.park(LockSupport.java:175)
        at java.util.concurrent.locks.AbstractQueuedSynchronizer$ConditionObject.await(AbstractQueuedSynchronizer.java:2039)
        at java.util.concurrent.ArrayBlockingQueue.take(ArrayBlockingQueue.java:403)
        at java.util.concurrent.ThreadPoolExecutor.getTask(ThreadPoolExecutor.java:1074)
        at java.util.concurrent.ThreadPoolExecutor.runWorker(ThreadPoolExecutor.java:1134)
        at java.util.concurrent.ThreadPoolExecutor$Worker.run(ThreadPoolExecutor.java:624)
        at java.lang.Thread.run(Thread.java:748)
"pool-240-thread-1"  prio=5 tid=2465 timed_waiting
java.lang.Thread.State: TIMED_WAITING
        at sun.misc.Unsafe.park(Native Method)
        at java.util.concurrent.locks.LockSupport.parkNanos(LockSupport.java:215)
        at java.util.concurrent.locks.AbstractQueuedSynchronizer$ConditionObject.awaitNanos(AbstractQueuedSynchronizer.java:2078)
        at java.util.concurrent.ScheduledThreadPoolExecutor$DelayedWorkQueue.take(ScheduledThreadPoolExecutor.java:1093)
        at java.util.concurrent.ScheduledThreadPoolExecutor$DelayedWorkQueue.take(ScheduledThreadPoolExecutor.java:809)
        at java.util.concurrent.ThreadPoolExecutor.getTask(ThreadPoolExecutor.java:1074)
        at java.util.concurrent.ThreadPoolExecutor.runWorker(ThreadPoolExecutor.java:1134)
        at java.util.concurrent.ThreadPoolExecutor$Worker.run(ThreadPoolExecutor.java:624)
        at java.lang.Thread.run(Thread.java:748)
"metrics-hadoop-metrics2-reporter-36-thread-1" daemon prio=5 tid=1003 timed_waiting
java.lang.Thread.State: TIMED_WAITING
        at sun.misc.Unsafe.park(Native Method)
        at java.util.concurrent.locks.LockSupport.parkNanos(LockSupport.java:215)
        at java.util.concurrent.locks.AbstractQueuedSynchronizer$ConditionObject.awaitNanos(AbstractQueuedSynchronizer.java:2078)
        at java.util.concurrent.ScheduledThreadPoolExecutor$DelayedWorkQueue.take(ScheduledThreadPoolExecutor.java:1093)
        at java.util.concurrent.ScheduledThreadPoolExecutor$DelayedWorkQueue.take(ScheduledThreadPoolExecutor.java:809)
        at java.util.concurrent.ThreadPoolExecutor.getTask(ThreadPoolExecutor.java:1074)
        at java.util.concurrent.ThreadPoolExecutor.runWorker(ThreadPoolExecutor.java:1134)
        at java.util.concurrent.ThreadPoolExecutor$Worker.run(ThreadPoolExecutor.java:624)
        at java.lang.Thread.run(Thread.java:748)
"surefire-forkedjvm-command-thread" daemon prio=5 tid=8 runnable
java.lang.Thread.State: RUNNABLE
        at java.io.FileInputStream.readBytes(Native Method)
        at java.io.FileInputStream.read(FileInputStream.java:255)
        at java.io.BufferedInputStream.fill(BufferedInputStream.java:246)
        at java.io.BufferedInputStream.read(BufferedInputStream.java:265)
        at java.io.DataInputStream.readInt(DataInputStream.java:387)
        at org.apache.maven.surefire.booter.MasterProcessCommand.decode(MasterProcessCommand.java:115)
        at org.apache.maven.surefire.booter.CommandReader$CommandRunnable.run(CommandReader.java:390)
        at java.lang.Thread.run(Thread.java:748)
"EventQueue-NodeReportForNodeReportHandler" daemon prio=5 tid=5469 in Object.wait()
java.lang.Thread.State: WAITING (on object monitor)
        at sun.misc.Unsafe.park(Native Method)
        at java.util.concurrent.locks.LockSupport.park(LockSupport.java:175)
        at java.util.concurrent.locks.AbstractQueuedSynchronizer$ConditionObject.await(AbstractQueuedSynchronizer.java:2039)
        at java.util.concurrent.LinkedBlockingQueue.take(LinkedBlockingQueue.java:442)
        at java.util.concurrent.ThreadPoolExecutor.getTask(ThreadPoolExecutor.java:1074)
        at java.util.concurrent.ThreadPoolExecutor.runWorker(ThreadPoolExecutor.java:1134)
        at java.util.concurrent.ThreadPoolExecutor$Worker.run(ThreadPoolExecutor.java:624)
        at java.lang.Thread.run(Thread.java:748)
"pool-246-thread-31"  prio=5 tid=2668 in Object.wait()
java.lang.Thread.State: WAITING (on object monitor)
        at sun.misc.Unsafe.park(Native Method)
        at java.util.concurrent.locks.LockSupport.park(LockSupport.java:175)
        at java.util.concurrent.locks.AbstractQueuedSynchronizer$ConditionObject.await(AbstractQueuedSynchronizer.java:2039)
        at java.util.concurrent.ArrayBlockingQueue.take(ArrayBlockingQueue.java:403)
        at java.util.concurrent.ThreadPoolExecutor.getTask(ThreadPoolExecutor.java:1074)
        at java.util.concurrent.ThreadPoolExecutor.runWorker(ThreadPoolExecutor.java:1134)
        at java.util.concurrent.ThreadPoolExecutor$Worker.run(ThreadPoolExecutor.java:624)
        at java.lang.Thread.run(Thread.java:748)
"Socket Reader #1 for port 45250"  prio=5 tid=2392 runnable
java.lang.Thread.State: RUNNABLE
        at sun.nio.ch.EPollArrayWrapper.epollWait(Native Method)
        at sun.nio.ch.EPollArrayWrapper.poll(EPollArrayWrapper.java:269)
        at sun.nio.ch.EPollSelectorImpl.doSelect(EPollSelectorImpl.java:93)
        at sun.nio.ch.SelectorImpl.lockAndDoSelect(SelectorImpl.java:86)
        at sun.nio.ch.SelectorImpl.select(SelectorImpl.java:97)
        at sun.nio.ch.SelectorImpl.select(SelectorImpl.java:101)
        at org.apache.hadoop.ipc.Server$Listener$Reader.doRunLoop(Server.java:1097)
        at org.apache.hadoop.ipc.Server$Listener$Reader.run(Server.java:1076)
"metrics-hadoop-metrics2-reporter-48-thread-1" daemon prio=5 tid=1038 timed_waiting
java.lang.Thread.State: TIMED_WAITING
        at sun.misc.Unsafe.park(Native Method)
        at java.util.concurrent.locks.LockSupport.parkNanos(LockSupport.java:215)
        at java.util.concurrent.locks.AbstractQueuedSynchronizer$ConditionObject.awaitNanos(AbstractQueuedSynchronizer.java:2078)
        at java.util.concurrent.ScheduledThreadPoolExecutor$DelayedWorkQueue.take(ScheduledThreadPoolExecutor.java:1093)
        at java.util.concurrent.ScheduledThreadPoolExecutor$DelayedWorkQueue.take(ScheduledThreadPoolExecutor.java:809)
        at java.util.concurrent.ThreadPoolExecutor.getTask(ThreadPoolExecutor.java:1074)
        at java.util.concurrent.ThreadPoolExecutor.runWorker(ThreadPoolExecutor.java:1134)
        at java.util.concurrent.ThreadPoolExecutor$Worker.run(ThreadPoolExecutor.java:624)
        at java.lang.Thread.run(Thread.java:748)
"pool-246-thread-20"  prio=5 tid=2657 in Object.wait()
java.lang.Thread.State: WAITING (on object monitor)
        at sun.misc.Unsafe.park(Native Method)
        at java.util.concurrent.locks.LockSupport.park(LockSupport.java:175)
        at java.util.concurrent.locks.AbstractQueuedSynchronizer$ConditionObject.await(AbstractQueuedSynchronizer.java:2039)
        at java.util.concurrent.ArrayBlockingQueue.take(ArrayBlockingQueue.java:403)
        at java.util.concurrent.ThreadPoolExecutor.getTask(ThreadPoolExecutor.java:1074)
        at java.util.concurrent.ThreadPoolExecutor.runWorker(ThreadPoolExecutor.java:1134)
        at java.util.concurrent.ThreadPoolExecutor$Worker.run(ThreadPoolExecutor.java:624)
        at java.lang.Thread.run(Thread.java:748)
"pool-236-thread-15"  prio=5 tid=2590 in Object.wait()
java.lang.Thread.State: WAITING (on object monitor)
        at sun.misc.Unsafe.park(Native Method)
        at java.util.concurrent.locks.LockSupport.park(LockSupport.java:175)
        at java.util.concurrent.locks.AbstractQueuedSynchronizer$ConditionObject.await(AbstractQueuedSynchronizer.java:2039)
        at java.util.concurrent.ArrayBlockingQueue.take(ArrayBlockingQueue.java:403)
        at java.util.concurrent.ThreadPoolExecutor.getTask(ThreadPoolExecutor.java:1074)
        at java.util.concurrent.ThreadPoolExecutor.runWorker(ThreadPoolExecutor.java:1134)
        at java.util.concurrent.ThreadPoolExecutor$Worker.run(ThreadPoolExecutor.java:624)
        at java.lang.Thread.run(Thread.java:748)
"qtp1181041291-2445" daemon prio=5 tid=2445 timed_waiting
java.lang.Thread.State: TIMED_WAITING
        at sun.misc.Unsafe.park(Native Method)
        at java.util.concurrent.locks.LockSupport.parkNanos(LockSupport.java:215)
        at java.util.concurrent.locks.AbstractQueuedSynchronizer$ConditionObject.awaitNanos(AbstractQueuedSynchronizer.java:2078)
        at org.eclipse.jetty.util.BlockingArrayQueue.poll(BlockingArrayQueue.java:392)
        at org.eclipse.jetty.util.thread.QueuedThreadPool.idleJobPoll(QueuedThreadPool.java:563)
        at org.eclipse.jetty.util.thread.QueuedThreadPool.access$800(QueuedThreadPool.java:48)
        at org.eclipse.jetty.util.thread.QueuedThreadPool$2.run(QueuedThreadPool.java:626)
        at java.lang.Thread.run(Thread.java:748)
"Datanode ReportManager Thread - 1" daemon prio=5 tid=1989 in Object.wait()
java.lang.Thread.State: WAITING (on object monitor)
        at sun.misc.Unsafe.park(Native Method)
        at java.util.concurrent.locks.LockSupport.park(LockSupport.java:175)
        at java.util.concurrent.locks.AbstractQueuedSynchronizer$ConditionObject.await(AbstractQueuedSynchronizer.java:2039)
        at java.util.concurrent.ScheduledThreadPoolExecutor$DelayedWorkQueue.take(ScheduledThreadPoolExecutor.java:1088)
        at java.util.concurrent.ScheduledThreadPoolExecutor$DelayedWorkQueue.take(ScheduledThreadPoolExecutor.java:809)
        at java.util.concurrent.ThreadPoolExecutor.getTask(ThreadPoolExecutor.java:1074)
        at java.util.concurrent.ThreadPoolExecutor.runWorker(ThreadPoolExecutor.java:1134)
        at java.util.concurrent.ThreadPoolExecutor$Worker.run(ThreadPoolExecutor.java:624)
        at java.lang.Thread.run(Thread.java:748)
"metrics-hadoop-metrics2-reporter-138-thread-1" daemon prio=5 tid=2934 timed_waiting
java.lang.Thread.State: TIMED_WAITING
        at sun.misc.Unsafe.park(Native Method)
        at java.util.concurrent.locks.LockSupport.parkNanos(LockSupport.java:215)
        at java.util.concurrent.locks.AbstractQueuedSynchronizer$ConditionObject.awaitNanos(AbstractQueuedSynchronizer.java:2078)
        at java.util.concurrent.ScheduledThreadPoolExecutor$DelayedWorkQueue.take(ScheduledThreadPoolExecutor.java:1093)
        at java.util.concurrent.ScheduledThreadPoolExecutor$DelayedWorkQueue.take(ScheduledThreadPoolExecutor.java:809)
        at java.util.concurrent.ThreadPoolExecutor.getTask(ThreadPoolExecutor.java:1074)
        at java.util.concurrent.ThreadPoolExecutor.runWorker(ThreadPoolExecutor.java:1134)
        at java.util.concurrent.ThreadPoolExecutor$Worker.run(ThreadPoolExecutor.java:624)
        at java.lang.Thread.run(Thread.java:748)
"qtp1847256931-2497" daemon prio=5 tid=2497 timed_waiting
java.lang.Thread.State: TIMED_WAITING
        at sun.misc.Unsafe.park(Native Method)
        at java.util.concurrent.locks.LockSupport.parkNanos(LockSupport.java:215)
        at java.util.concurrent.locks.AbstractQueuedSynchronizer$ConditionObject.awaitNanos(AbstractQueuedSynchronizer.java:2078)
        at org.eclipse.jetty.util.BlockingArrayQueue.poll(BlockingArrayQueue.java:392)
        at org.eclipse.jetty.util.thread.QueuedThreadPool.idleJobPoll(QueuedThreadPool.java:563)
        at org.eclipse.jetty.util.thread.QueuedThreadPool.access$800(QueuedThreadPool.java:48)
        at org.eclipse.jetty.util.thread.QueuedThreadPool$2.run(QueuedThreadPool.java:626)
        at java.lang.Thread.run(Thread.java:748)
"IPC Server handler 15 on 38076" daemon prio=5 tid=2370 timed_waiting
java.lang.Thread.State: TIMED_WAITING
        at sun.misc.Unsafe.park(Native Method)
        at java.util.concurrent.locks.LockSupport.parkNanos(LockSupport.java:215)
        at java.util.concurrent.locks.AbstractQueuedSynchronizer$ConditionObject.awaitNanos(AbstractQueuedSynchronizer.java:2078)
        at java.util.concurrent.LinkedBlockingQueue.poll(LinkedBlockingQueue.java:467)
        at org.apache.hadoop.ipc.CallQueueManager.take(CallQueueManager.java:288)
        at org.apache.hadoop.ipc.Server$Handler.run(Server.java:2668)
"pool-236-thread-19"  prio=5 tid=2594 in Object.wait()
java.lang.Thread.State: WAITING (on object monitor)
        at sun.misc.Unsafe.park(Native Method)
        at java.util.concurrent.locks.LockSupport.park(LockSupport.java:175)
        at java.util.concurrent.locks.AbstractQueuedSynchronizer$ConditionObject.await(AbstractQueuedSynchronizer.java:2039)
        at java.util.concurrent.ArrayBlockingQueue.take(ArrayBlockingQueue.java:403)
        at java.util.concurrent.ThreadPoolExecutor.getTask(ThreadPoolExecutor.java:1074)
        at java.util.concurrent.ThreadPoolExecutor.runWorker(ThreadPoolExecutor.java:1134)
        at java.util.concurrent.ThreadPoolExecutor$Worker.run(ThreadPoolExecutor.java:624)
        at java.lang.Thread.run(Thread.java:748)
"metrics-hadoop-metrics2-reporter-133-thread-1" daemon prio=5 tid=2779 timed_waiting
java.lang.Thread.State: TIMED_WAITING
        at sun.misc.Unsafe.park(Native Method)
        at java.util.concurrent.locks.LockSupport.parkNanos(LockSupport.java:215)
        at java.util.concurrent.locks.AbstractQueuedSynchronizer$ConditionObject.awaitNanos(AbstractQueuedSynchronizer.java:2078)
        at java.util.concurrent.ScheduledThreadPoolExecutor$DelayedWorkQueue.take(ScheduledThreadPoolExecutor.java:1093)
        at java.util.concurrent.ScheduledThreadPoolExecutor$DelayedWorkQueue.take(ScheduledThreadPoolExecutor.java:809)
        at java.util.concurrent.ThreadPoolExecutor.getTask(ThreadPoolExecutor.java:1074)
        at java.util.concurrent.ThreadPoolExecutor.runWorker(ThreadPoolExecutor.java:1134)
        at java.util.concurrent.ThreadPoolExecutor$Worker.run(ThreadPoolExecutor.java:624)
        at java.lang.Thread.run(Thread.java:748)
"IPC Server handler 15 on 35795" daemon prio=5 tid=2350 timed_waiting
java.lang.Thread.State: TIMED_WAITING
        at sun.misc.Unsafe.park(Native Method)
        at java.util.concurrent.locks.LockSupport.parkNanos(LockSupport.java:215)
        at java.util.concurrent.locks.AbstractQueuedSynchronizer$ConditionObject.awaitNanos(AbstractQueuedSynchronizer.java:2078)
        at java.util.concurrent.LinkedBlockingQueue.poll(LinkedBlockingQueue.java:467)
        at org.apache.hadoop.ipc.CallQueueManager.take(CallQueueManager.java:288)
        at org.apache.hadoop.ipc.Server$Handler.run(Server.java:2668)
"grpc-default-executor-2" daemon prio=5 tid=2751 timed_waiting
java.lang.Thread.State: TIMED_WAITING
        at sun.misc.Unsafe.park(Native Method)
        at java.util.concurrent.locks.LockSupport.parkNanos(LockSupport.java:215)
        at java.util.concurrent.SynchronousQueue$TransferStack.awaitFulfill(SynchronousQueue.java:460)
        at java.util.concurrent.SynchronousQueue$TransferStack.transfer(SynchronousQueue.java:362)
        at java.util.concurrent.SynchronousQueue.poll(SynchronousQueue.java:941)
        at java.util.concurrent.ThreadPoolExecutor.getTask(ThreadPoolExecutor.java:1073)
        at java.util.concurrent.ThreadPoolExecutor.runWorker(ThreadPoolExecutor.java:1134)
        at java.util.concurrent.ThreadPoolExecutor$Worker.run(ThreadPoolExecutor.java:624)
        at java.lang.Thread.run(Thread.java:748)
"pool-244-thread-1" daemon prio=5 tid=2490 timed_waiting
java.lang.Thread.State: TIMED_WAITING
        at sun.misc.Unsafe.park(Native Method)
        at java.util.concurrent.locks.LockSupport.parkNanos(LockSupport.java:215)
        at java.util.concurrent.locks.AbstractQueuedSynchronizer$ConditionObject.awaitNanos(AbstractQueuedSynchronizer.java:2078)
        at java.util.concurrent.ScheduledThreadPoolExecutor$DelayedWorkQueue.take(ScheduledThreadPoolExecutor.java:1093)
        at java.util.concurrent.ScheduledThreadPoolExecutor$DelayedWorkQueue.take(ScheduledThreadPoolExecutor.java:809)
        at java.util.concurrent.ThreadPoolExecutor.getTask(ThreadPoolExecutor.java:1074)
        at java.util.concurrent.ThreadPoolExecutor.runWorker(ThreadPoolExecutor.java:1134)
        at java.util.concurrent.ThreadPoolExecutor$Worker.run(ThreadPoolExecutor.java:624)
        at java.lang.Thread.run(Thread.java:748)
"org.eclipse.jetty.server.session.HashSessionManager@724bf25fTimer" daemon prio=5 tid=2447 timed_waiting
java.lang.Thread.State: TIMED_WAITING
        at sun.misc.Unsafe.park(Native Method)
        at java.util.concurrent.locks.LockSupport.parkNanos(LockSupport.java:215)
        at java.util.concurrent.locks.AbstractQueuedSynchronizer$ConditionObject.awaitNanos(AbstractQueuedSynchronizer.java:2078)
        at java.util.concurrent.ScheduledThreadPoolExecutor$DelayedWorkQueue.take(ScheduledThreadPoolExecutor.java:1093)
        at java.util.concurrent.ScheduledThreadPoolExecutor$DelayedWorkQueue.take(ScheduledThreadPoolExecutor.java:809)
        at java.util.concurrent.ThreadPoolExecutor.getTask(ThreadPoolExecutor.java:1074)
        at java.util.concurrent.ThreadPoolExecutor.runWorker(ThreadPoolExecutor.java:1134)
        at java.util.concurrent.ThreadPoolExecutor$Worker.run(ThreadPoolExecutor.java:624)
        at java.lang.Thread.run(Thread.java:748)
"metrics-hadoop-metrics2-reporter-20-thread-1" daemon prio=5 tid=487 timed_waiting
java.lang.Thread.State: TIMED_WAITING
        at sun.misc.Unsafe.park(Native Method)
        at java.util.concurrent.locks.LockSupport.parkNanos(LockSupport.java:215)
        at java.util.concurrent.locks.AbstractQueuedSynchronizer$ConditionObject.awaitNanos(AbstractQueuedSynchronizer.java:2078)
        at java.util.concurrent.ScheduledThreadPoolExecutor$DelayedWorkQueue.take(ScheduledThreadPoolExecutor.java:1093)
        at java.util.concurrent.ScheduledThreadPoolExecutor$DelayedWorkQueue.take(ScheduledThreadPoolExecutor.java:809)
        at java.util.concurrent.ThreadPoolExecutor.getTask(ThreadPoolExecutor.java:1074)
        at java.util.concurrent.ThreadPoolExecutor.runWorker(ThreadPoolExecutor.java:1134)
        at java.util.concurrent.ThreadPoolExecutor$Worker.run(ThreadPoolExecutor.java:624)
        at java.lang.Thread.run(Thread.java:748)
"metrics-hadoop-metrics2-reporter-143-thread-1" daemon prio=5 tid=2951 timed_waiting
java.lang.Thread.State: TIMED_WAITING
        at sun.misc.Unsafe.park(Native Method)
        at java.util.concurrent.locks.LockSupport.parkNanos(LockSupport.java:215)
        at java.util.concurrent.locks.AbstractQueuedSynchronizer$ConditionObject.awaitNanos(AbstractQueuedSynchronizer.java:2078)
        at java.util.concurrent.ScheduledThreadPoolExecutor$DelayedWorkQueue.take(ScheduledThreadPoolExecutor.java:1093)
        at java.util.concurrent.ScheduledThreadPoolExecutor$DelayedWorkQueue.take(ScheduledThreadPoolExecutor.java:809)
        at java.util.concurrent.ThreadPoolExecutor.getTask(ThreadPoolExecutor.java:1074)
        at java.util.concurrent.ThreadPoolExecutor.runWorker(ThreadPoolExecutor.java:1134)
        at java.util.concurrent.ThreadPoolExecutor$Worker.run(ThreadPoolExecutor.java:624)
        at java.lang.Thread.run(Thread.java:748)
"pool-236-thread-42"  prio=5 tid=2617 in Object.wait()
java.lang.Thread.State: WAITING (on object monitor)
        at sun.misc.Unsafe.park(Native Method)
        at java.util.concurrent.locks.LockSupport.park(LockSupport.java:175)
        at java.util.concurrent.locks.AbstractQueuedSynchronizer$ConditionObject.await(AbstractQueuedSynchronizer.java:2039)
        at java.util.concurrent.ArrayBlockingQueue.take(ArrayBlockingQueue.java:403)
        at java.util.concurrent.ThreadPoolExecutor.getTask(ThreadPoolExecutor.java:1074)
        at java.util.concurrent.ThreadPoolExecutor.runWorker(ThreadPoolExecutor.java:1134)
        at java.util.concurrent.ThreadPoolExecutor$Worker.run(ThreadPoolExecutor.java:624)
        at java.lang.Thread.run(Thread.java:748)
"qtp1181041291-2442" daemon prio=5 tid=2442 timed_waiting
java.lang.Thread.State: TIMED_WAITING
        at sun.misc.Unsafe.park(Native Method)
        at java.util.concurrent.locks.LockSupport.parkNanos(LockSupport.java:215)
        at java.util.concurrent.locks.AbstractQueuedSynchronizer$ConditionObject.awaitNanos(AbstractQueuedSynchronizer.java:2078)
        at org.eclipse.jetty.util.BlockingArrayQueue.poll(BlockingArrayQueue.java:392)
        at org.eclipse.jetty.util.thread.QueuedThreadPool.idleJobPoll(QueuedThreadPool.java:563)
        at org.eclipse.jetty.util.thread.QueuedThreadPool.access$800(QueuedThreadPool.java:48)
        at org.eclipse.jetty.util.thread.QueuedThreadPool$2.run(QueuedThreadPool.java:626)
        at java.lang.Thread.run(Thread.java:748)
"pool-226-thread-60"  prio=5 tid=2572 in Object.wait()
java.lang.Thread.State: WAITING (on object monitor)
        at sun.misc.Unsafe.park(Native Method)
        at java.util.concurrent.locks.LockSupport.park(LockSupport.java:175)
        at java.util.concurrent.locks.AbstractQueuedSynchronizer$ConditionObject.await(AbstractQueuedSynchronizer.java:2039)
        at java.util.concurrent.ArrayBlockingQueue.take(ArrayBlockingQueue.java:403)
        at java.util.concurrent.ThreadPoolExecutor.getTask(ThreadPoolExecutor.java:1074)
        at java.util.concurrent.ThreadPoolExecutor.runWorker(ThreadPoolExecutor.java:1134)
        at java.util.concurrent.ThreadPoolExecutor$Worker.run(ThreadPoolExecutor.java:624)
        at java.lang.Thread.run(Thread.java:748)
"Datanode ReportManager Thread - 3" daemon prio=5 tid=2508 in Object.wait()
java.lang.Thread.State: WAITING (on object monitor)
        at sun.misc.Unsafe.park(Native Method)
        at java.util.concurrent.locks.LockSupport.park(LockSupport.java:175)
        at java.util.concurrent.locks.AbstractQueuedSynchronizer$ConditionObject.await(AbstractQueuedSynchronizer.java:2039)
        at java.util.concurrent.ScheduledThreadPoolExecutor$DelayedWorkQueue.take(ScheduledThreadPoolExecutor.java:1088)
        at java.util.concurrent.ScheduledThreadPoolExecutor$DelayedWorkQueue.take(ScheduledThreadPoolExecutor.java:809)
        at java.util.concurrent.ThreadPoolExecutor.getTask(ThreadPoolExecutor.java:1074)
        at java.util.concurrent.ThreadPoolExecutor.runWorker(ThreadPoolExecutor.java:1134)
        at java.util.concurrent.ThreadPoolExecutor$Worker.run(ThreadPoolExecutor.java:624)
        at java.lang.Thread.run(Thread.java:748)
"qtp2322399-2380" daemon prio=5 tid=2380 timed_waiting
java.lang.Thread.State: TIMED_WAITING
        at sun.misc.Unsafe.park(Native Method)
        at java.util.concurrent.locks.LockSupport.parkNanos(LockSupport.java:215)
        at java.util.concurrent.locks.AbstractQueuedSynchronizer$ConditionObject.awaitNanos(AbstractQueuedSynchronizer.java:2078)
        at org.eclipse.jetty.util.BlockingArrayQueue.poll(BlockingArrayQueue.java:392)
        at org.eclipse.jetty.util.thread.QueuedThreadPool.idleJobPoll(QueuedThreadPool.java:563)
        at org.eclipse.jetty.util.thread.QueuedThreadPool.access$800(QueuedThreadPool.java:48)
        at org.eclipse.jetty.util.thread.QueuedThreadPool$2.run(QueuedThreadPool.java:626)
        at java.lang.Thread.run(Thread.java:748)
"pool-246-thread-38"  prio=5 tid=2675 in Object.wait()
java.lang.Thread.State: WAITING (on object monitor)
        at sun.misc.Unsafe.park(Native Method)
        at java.util.concurrent.locks.LockSupport.park(LockSupport.java:175)
        at java.util.concurrent.locks.AbstractQueuedSynchronizer$ConditionObject.await(AbstractQueuedSynchronizer.java:2039)
        at java.util.concurrent.ArrayBlockingQueue.take(ArrayBlockingQueue.java:403)
        at java.util.concurrent.ThreadPoolExecutor.getTask(ThreadPoolExecutor.java:1074)
        at java.util.concurrent.ThreadPoolExecutor.runWorker(ThreadPoolExecutor.java:1134)
        at java.util.concurrent.ThreadPoolExecutor$Worker.run(ThreadPoolExecutor.java:624)
        at java.lang.Thread.run(Thread.java:748)
"pool-236-thread-43"  prio=5 tid=2618 in Object.wait()
java.lang.Thread.State: WAITING (on object monitor)
        at sun.misc.Unsafe.park(Native Method)
        at java.util.concurrent.locks.LockSupport.park(LockSupport.java:175)
        at java.util.concurrent.locks.AbstractQueuedSynchronizer$ConditionObject.await(AbstractQueuedSynchronizer.java:2039)
        at java.util.concurrent.ArrayBlockingQueue.take(ArrayBlockingQueue.java:403)
        at java.util.concurrent.ThreadPoolExecutor.getTask(ThreadPoolExecutor.java:1074)
        at java.util.concurrent.ThreadPoolExecutor.runWorker(ThreadPoolExecutor.java:1134)
        at java.util.concurrent.ThreadPoolExecutor$Worker.run(ThreadPoolExecutor.java:624)
        at java.lang.Thread.run(Thread.java:748)
"qtp1847256931-2494-acceptor-0@53397ada-ServerConnector@632b305d{HTTP/1.1,[http/1.1]}{0.0.0.0:34036}" daemon prio=3 tid=2494 runnable
java.lang.Thread.State: RUNNABLE
        at sun.nio.ch.ServerSocketChannelImpl.accept0(Native Method)
        at sun.nio.ch.ServerSocketChannelImpl.accept(ServerSocketChannelImpl.java:422)
        at sun.nio.ch.ServerSocketChannelImpl.accept(ServerSocketChannelImpl.java:250)
        at org.eclipse.jetty.server.ServerConnector.accept(ServerConnector.java:397)
        at org.eclipse.jetty.server.AbstractConnector$Acceptor.run(AbstractConnector.java:601)
        at org.eclipse.jetty.util.thread.QueuedThreadPool.runJob(QueuedThreadPool.java:671)
        at org.eclipse.jetty.util.thread.QueuedThreadPool$2.run(QueuedThreadPool.java:589)
        at java.lang.Thread.run(Thread.java:748)
"grpc-default-worker-ELG-11-4" daemon prio=5 tid=2713 runnable
java.lang.Thread.State: RUNNABLE
        at sun.nio.ch.EPollArrayWrapper.epollWait(Native Method)
        at sun.nio.ch.EPollArrayWrapper.poll(EPollArrayWrapper.java:269)
        at sun.nio.ch.EPollSelectorImpl.doSelect(EPollSelectorImpl.java:93)
        at sun.nio.ch.SelectorImpl.lockAndDoSelect(SelectorImpl.java:86)
        at sun.nio.ch.SelectorImpl.select(SelectorImpl.java:97)
        at org.apache.ratis.thirdparty.io.netty.channel.nio.SelectedSelectionKeySetSelector.select(SelectedSelectionKeySetSelector.java:62)
        at org.apache.ratis.thirdparty.io.netty.channel.nio.NioEventLoop.select(NioEventLoop.java:753)
        at org.apache.ratis.thirdparty.io.netty.channel.nio.NioEventLoop.run(NioEventLoop.java:408)
        at org.apache.ratis.thirdparty.io.netty.util.concurrent.SingleThreadEventExecutor$5.run(SingleThreadEventExecutor.java:897)
        at org.apache.ratis.thirdparty.io.netty.util.concurrent.FastThreadLocalRunnable.run(FastThreadLocalRunnable.java:30)
        at java.lang.Thread.run(Thread.java:748)
"metrics-hadoop-metrics2-reporter-83-thread-1" daemon prio=5 tid=1732 timed_waiting
java.lang.Thread.State: TIMED_WAITING
        at sun.misc.Unsafe.park(Native Method)
        at java.util.concurrent.locks.LockSupport.parkNanos(LockSupport.java:215)
        at java.util.concurrent.locks.AbstractQueuedSynchronizer$ConditionObject.awaitNanos(AbstractQueuedSynchronizer.java:2078)
        at java.util.concurrent.ScheduledThreadPoolExecutor$DelayedWorkQueue.take(ScheduledThreadPoolExecutor.java:1093)
        at java.util.concurrent.ScheduledThreadPoolExecutor$DelayedWorkQueue.take(ScheduledThreadPoolExecutor.java:809)
        at java.util.concurrent.ThreadPoolExecutor.getTask(ThreadPoolExecutor.java:1074)
        at java.util.concurrent.ThreadPoolExecutor.runWorker(ThreadPoolExecutor.java:1134)
        at java.util.concurrent.ThreadPoolExecutor$Worker.run(ThreadPoolExecutor.java:624)
        at java.lang.Thread.run(Thread.java:748)
"pool-236-thread-11"  prio=5 tid=2586 in Object.wait()
java.lang.Thread.State: WAITING (on object monitor)
        at sun.misc.Unsafe.park(Native Method)
        at java.util.concurrent.locks.LockSupport.park(LockSupport.java:175)
        at java.util.concurrent.locks.AbstractQueuedSynchronizer$ConditionObject.await(AbstractQueuedSynchronizer.java:2039)
        at java.util.concurrent.ArrayBlockingQueue.take(ArrayBlockingQueue.java:403)
        at java.util.concurrent.ThreadPoolExecutor.getTask(ThreadPoolExecutor.java:1074)
        at java.util.concurrent.ThreadPoolExecutor.runWorker(ThreadPoolExecutor.java:1134)
        at java.util.concurrent.ThreadPoolExecutor$Worker.run(ThreadPoolExecutor.java:624)
        at java.lang.Thread.run(Thread.java:748)
"metrics-hadoop-metrics2-reporter-2-thread-1" daemon prio=5 tid=439 timed_waiting
java.lang.Thread.State: TIMED_WAITING
        at sun.misc.Unsafe.park(Native Method)
        at java.util.concurrent.locks.LockSupport.parkNanos(LockSupport.java:215)
        at java.util.concurrent.locks.AbstractQueuedSynchronizer$ConditionObject.awaitNanos(AbstractQueuedSynchronizer.java:2078)
        at java.util.concurrent.ScheduledThreadPoolExecutor$DelayedWorkQueue.take(ScheduledThreadPoolExecutor.java:1093)
        at java.util.concurrent.ScheduledThreadPoolExecutor$DelayedWorkQueue.take(ScheduledThreadPoolExecutor.java:809)
        at java.util.concurrent.ThreadPoolExecutor.getTask(ThreadPoolExecutor.java:1074)
        at java.util.concurrent.ThreadPoolExecutor.runWorker(ThreadPoolExecutor.java:1134)
        at java.util.concurrent.ThreadPoolExecutor$Worker.run(ThreadPoolExecutor.java:624)
        at java.lang.Thread.run(Thread.java:748)
"IPC Server handler 12 on 40756" daemon prio=5 tid=2327 timed_waiting
java.lang.Thread.State: TIMED_WAITING
        at sun.misc.Unsafe.park(Native Method)
        at java.util.concurrent.locks.LockSupport.parkNanos(LockSupport.java:215)
        at java.util.concurrent.locks.AbstractQueuedSynchronizer$ConditionObject.awaitNanos(AbstractQueuedSynchronizer.java:2078)
        at java.util.concurrent.LinkedBlockingQueue.poll(LinkedBlockingQueue.java:467)
        at org.apache.hadoop.ipc.CallQueueManager.take(CallQueueManager.java:288)
        at org.apache.hadoop.ipc.Server$Handler.run(Server.java:2668)
"pool-236-thread-22"  prio=5 tid=2597 in Object.wait()
java.lang.Thread.State: WAITING (on object monitor)
        at sun.misc.Unsafe.park(Native Method)
        at java.util.concurrent.locks.LockSupport.park(LockSupport.java:175)
        at java.util.concurrent.locks.AbstractQueuedSynchronizer$ConditionObject.await(AbstractQueuedSynchronizer.java:2039)
        at java.util.concurrent.ArrayBlockingQueue.take(ArrayBlockingQueue.java:403)
        at java.util.concurrent.ThreadPoolExecutor.getTask(ThreadPoolExecutor.java:1074)
        at java.util.concurrent.ThreadPoolExecutor.runWorker(ThreadPoolExecutor.java:1134)
        at java.util.concurrent.ThreadPoolExecutor$Worker.run(ThreadPoolExecutor.java:624)
        at java.lang.Thread.run(Thread.java:748)
"Signal Dispatcher" daemon prio=9 tid=4 runnable
java.lang.Thread.State: RUNNABLE
"pool-236-thread-36"  prio=5 tid=2611 in Object.wait()
java.lang.Thread.State: WAITING (on object monitor)
        at sun.misc.Unsafe.park(Native Method)
        at java.util.concurrent.locks.LockSupport.park(LockSupport.java:175)
        at java.util.concurrent.locks.AbstractQueuedSynchronizer$ConditionObject.await(AbstractQueuedSynchronizer.java:2039)
        at java.util.concurrent.ArrayBlockingQueue.take(ArrayBlockingQueue.java:403)
        at java.util.concurrent.ThreadPoolExecutor.getTask(ThreadPoolExecutor.java:1074)
        at java.util.concurrent.ThreadPoolExecutor.runWorker(ThreadPoolExecutor.java:1134)
        at java.util.concurrent.ThreadPoolExecutor$Worker.run(ThreadPoolExecutor.java:624)
        at java.lang.Thread.run(Thread.java:748)
"metrics-hadoop-metrics2-reporter-66-thread-1" daemon prio=5 tid=1678 timed_waiting
java.lang.Thread.State: TIMED_WAITING
        at sun.misc.Unsafe.park(Native Method)
        at java.util.concurrent.locks.LockSupport.parkNanos(LockSupport.java:215)
        at java.util.concurrent.locks.AbstractQueuedSynchronizer$ConditionObject.awaitNanos(AbstractQueuedSynchronizer.java:2078)
        at java.util.concurrent.ScheduledThreadPoolExecutor$DelayedWorkQueue.take(ScheduledThreadPoolExecutor.java:1093)
        at java.util.concurrent.ScheduledThreadPoolExecutor$DelayedWorkQueue.take(ScheduledThreadPoolExecutor.java:809)
        at java.util.concurrent.ThreadPoolExecutor.getTask(ThreadPoolExecutor.java:1074)
        at java.util.concurrent.ThreadPoolExecutor.runWorker(ThreadPoolExecutor.java:1134)
        at java.util.concurrent.ThreadPoolExecutor$Worker.run(ThreadPoolExecutor.java:624)
        at java.lang.Thread.run(Thread.java:748)
"pool-234-thread-1" daemon prio=5 tid=2463 timed_waiting
java.lang.Thread.State: TIMED_WAITING
        at sun.misc.Unsafe.park(Native Method)
        at java.util.concurrent.locks.LockSupport.parkNanos(LockSupport.java:215)
        at java.util.concurrent.locks.AbstractQueuedSynchronizer$ConditionObject.awaitNanos(AbstractQueuedSynchronizer.java:2078)
        at java.util.concurrent.ScheduledThreadPoolExecutor$DelayedWorkQueue.take(ScheduledThreadPoolExecutor.java:1093)
        at java.util.concurrent.ScheduledThreadPoolExecutor$DelayedWorkQueue.take(ScheduledThreadPoolExecutor.java:809)
        at java.util.concurrent.ThreadPoolExecutor.getTask(ThreadPoolExecutor.java:1074)
        at java.util.concurrent.ThreadPoolExecutor.runWorker(ThreadPoolExecutor.java:1134)
        at java.util.concurrent.ThreadPoolExecutor$Worker.run(ThreadPoolExecutor.java:624)
        at java.lang.Thread.run(Thread.java:748)
"qtp1847256931-2493" daemon prio=5 tid=2493 runnable
java.lang.Thread.State: RUNNABLE
        at sun.nio.ch.EPollArrayWrapper.epollWait(Native Method)
        at sun.nio.ch.EPollArrayWrapper.poll(EPollArrayWrapper.java:269)
        at sun.nio.ch.EPollSelectorImpl.doSelect(EPollSelectorImpl.java:93)
        at sun.nio.ch.SelectorImpl.lockAndDoSelect(SelectorImpl.java:86)
        at sun.nio.ch.SelectorImpl.select(SelectorImpl.java:97)
        at sun.nio.ch.SelectorImpl.select(SelectorImpl.java:101)
        at org.eclipse.jetty.io.ManagedSelector$SelectorProducer.select(ManagedSelector.java:243)
        at org.eclipse.jetty.io.ManagedSelector$SelectorProducer.produce(ManagedSelector.java:191)
        at org.eclipse.jetty.util.thread.strategy.ExecuteProduceConsume.executeProduceConsume(ExecuteProduceConsume.java:249)
        at org.eclipse.jetty.util.thread.strategy.ExecuteProduceConsume.produceConsume(ExecuteProduceConsume.java:148)
        at org.eclipse.jetty.util.thread.strategy.ExecuteProduceConsume.execute(ExecuteProduceConsume.java:100)
        at org.eclipse.jetty.io.ManagedSelector.run(ManagedSelector.java:147)
        at org.eclipse.jetty.util.thread.QueuedThreadPool.runJob(QueuedThreadPool.java:671)
        at org.eclipse.jetty.util.thread.QueuedThreadPool$2.run(QueuedThreadPool.java:589)
        at java.lang.Thread.run(Thread.java:748)
"Datanode ReportManager Thread - 0" daemon prio=5 tid=1934 in Object.wait()
java.lang.Thread.State: WAITING (on object monitor)
        at sun.misc.Unsafe.park(Native Method)
        at java.util.concurrent.locks.LockSupport.park(LockSupport.java:175)
        at java.util.concurrent.locks.AbstractQueuedSynchronizer$ConditionObject.await(AbstractQueuedSynchronizer.java:2039)
        at java.util.concurrent.ScheduledThreadPoolExecutor$DelayedWorkQueue.take(ScheduledThreadPoolExecutor.java:1088)
        at java.util.concurrent.ScheduledThreadPoolExecutor$DelayedWorkQueue.take(ScheduledThreadPoolExecutor.java:809)
        at java.util.concurrent.ThreadPoolExecutor.getTask(ThreadPoolExecutor.java:1074)
        at java.util.concurrent.ThreadPoolExecutor.runWorker(ThreadPoolExecutor.java:1134)
        at java.util.concurrent.ThreadPoolExecutor$Worker.run(ThreadPoolExecutor.java:624)
        at java.lang.Thread.run(Thread.java:748)
"PartialTableCache Cleanup Thread - 0" daemon prio=5 tid=2284 in Object.wait()
java.lang.Thread.State: WAITING (on object monitor)
        at sun.misc.Unsafe.park(Native Method)
        at java.util.concurrent.locks.LockSupport.park(LockSupport.java:175)
        at java.util.concurrent.locks.AbstractQueuedSynchronizer$ConditionObject.await(AbstractQueuedSynchronizer.java:2039)
        at java.util.concurrent.LinkedBlockingQueue.take(LinkedBlockingQueue.java:442)
        at java.util.concurrent.ThreadPoolExecutor.getTask(ThreadPoolExecutor.java:1074)
        at java.util.concurrent.ThreadPoolExecutor.runWorker(ThreadPoolExecutor.java:1134)
        at java.util.concurrent.ThreadPoolExecutor$Worker.run(ThreadPoolExecutor.java:624)
        at java.lang.Thread.run(Thread.java:748)
"IPC Server idle connection scanner for port 38076" daemon prio=5 tid=2302 timed_waiting
java.lang.Thread.State: TIMED_WAITING
        at java.lang.Object.wait(Native Method)
        at java.util.TimerThread.mainLoop(Timer.java:552)
        at java.util.TimerThread.run(Timer.java:505)
"metrics-hadoop-metrics2-reporter-39-thread-1" daemon prio=5 tid=1010 timed_waiting
java.lang.Thread.State: TIMED_WAITING
        at sun.misc.Unsafe.park(Native Method)
        at java.util.concurrent.locks.LockSupport.parkNanos(LockSupport.java:215)
        at java.util.concurrent.locks.AbstractQueuedSynchronizer$ConditionObject.awaitNanos(AbstractQueuedSynchronizer.java:2078)
        at java.util.concurrent.ScheduledThreadPoolExecutor$DelayedWorkQueue.take(ScheduledThreadPoolExecutor.java:1093)
        at java.util.concurrent.ScheduledThreadPoolExecutor$DelayedWorkQueue.take(ScheduledThreadPoolExecutor.java:809)
        at java.util.concurrent.ThreadPoolExecutor.getTask(ThreadPoolExecutor.java:1074)
        at java.util.concurrent.ThreadPoolExecutor.runWorker(ThreadPoolExecutor.java:1134)
        at java.util.concurrent.ThreadPoolExecutor$Worker.run(ThreadPoolExecutor.java:624)
        at java.lang.Thread.run(Thread.java:748)
"metrics-hadoop-metrics2-reporter-106-thread-1" daemon prio=5 tid=2248 timed_waiting
java.lang.Thread.State: TIMED_WAITING
        at sun.misc.Unsafe.park(Native Method)
        at java.util.concurrent.locks.LockSupport.parkNanos(LockSupport.java:215)
        at java.util.concurrent.locks.AbstractQueuedSynchronizer$ConditionObject.awaitNanos(AbstractQueuedSynchronizer.java:2078)
        at java.util.concurrent.ScheduledThreadPoolExecutor$DelayedWorkQueue.take(ScheduledThreadPoolExecutor.java:1093)
        at java.util.concurrent.ScheduledThreadPoolExecutor$DelayedWorkQueue.take(ScheduledThreadPoolExecutor.java:809)
        at java.util.concurrent.ThreadPoolExecutor.getTask(ThreadPoolExecutor.java:1074)
        at java.util.concurrent.ThreadPoolExecutor.runWorker(ThreadPoolExecutor.java:1134)
        at java.util.concurrent.ThreadPoolExecutor$Worker.run(ThreadPoolExecutor.java:624)
        at java.lang.Thread.run(Thread.java:748)
"IPC Server handler 12 on 45250" daemon prio=5 tid=2411 timed_waiting
java.lang.Thread.State: TIMED_WAITING
        at sun.misc.Unsafe.park(Native Method)
        at java.util.concurrent.locks.LockSupport.parkNanos(LockSupport.java:215)
        at java.util.concurrent.locks.AbstractQueuedSynchronizer$ConditionObject.awaitNanos(AbstractQueuedSynchronizer.java:2078)
        at java.util.concurrent.LinkedBlockingQueue.poll(LinkedBlockingQueue.java:467)
        at org.apache.hadoop.ipc.CallQueueManager.take(CallQueueManager.java:288)
        at org.apache.hadoop.ipc.Server$Handler.run(Server.java:2668)
"pool-236-thread-20"  prio=5 tid=2595 in Object.wait()
java.lang.Thread.State: WAITING (on object monitor)
        at sun.misc.Unsafe.park(Native Method)
        at java.util.concurrent.locks.LockSupport.park(LockSupport.java:175)
        at java.util.concurrent.locks.AbstractQueuedSynchronizer$ConditionObject.await(AbstractQueuedSynchronizer.java:2039)
        at java.util.concurrent.ArrayBlockingQueue.take(ArrayBlockingQueue.java:403)
        at java.util.concurrent.ThreadPoolExecutor.getTask(ThreadPoolExecutor.java:1074)
        at java.util.concurrent.ThreadPoolExecutor.runWorker(ThreadPoolExecutor.java:1134)
        at java.util.concurrent.ThreadPoolExecutor$Worker.run(ThreadPoolExecutor.java:624)
        at java.lang.Thread.run(Thread.java:748)
"Thread-3963" daemon prio=5 tid=5467 timed_waiting
java.lang.Thread.State: TIMED_WAITING
        at java.lang.Thread.sleep(Native Method)
        at org.apache.ratis.util.JavaUtils.sleep(JavaUtils.java:247)
        at org.apache.ratis.server.impl.FollowerState.run(FollowerState.java:97)
"b32d7882-88db-4fe6-9cca-6a25122d474d@group-26D4B34233DA-StateMachineUpdater" daemon prio=5 tid=2727 in Object.wait()
java.lang.Thread.State: WAITING (on object monitor)
        at java.lang.Object.wait(Native Method)
        at java.lang.Object.wait(Object.java:502)
        at org.apache.ratis.server.impl.StateMachineUpdater.waitForCommit(StateMachineUpdater.java:194)
        at org.apache.ratis.server.impl.StateMachineUpdater.run(StateMachineUpdater.java:159)
        at java.lang.Thread.run(Thread.java:748)
"metrics-hadoop-metrics2-reporter-123-thread-1" daemon prio=5 tid=2742 timed_waiting
java.lang.Thread.State: TIMED_WAITING
        at sun.misc.Unsafe.park(Native Method)
        at java.util.concurrent.locks.LockSupport.parkNanos(LockSupport.java:215)
        at java.util.concurrent.locks.AbstractQueuedSynchronizer$ConditionObject.awaitNanos(AbstractQueuedSynchronizer.java:2078)
        at java.util.concurrent.ScheduledThreadPoolExecutor$DelayedWorkQueue.take(ScheduledThreadPoolExecutor.java:1093)
        at java.util.concurrent.ScheduledThreadPoolExecutor$DelayedWorkQueue.take(ScheduledThreadPoolExecutor.java:809)
        at java.util.concurrent.ThreadPoolExecutor.getTask(ThreadPoolExecutor.java:1074)
        at java.util.concurrent.ThreadPoolExecutor.runWorker(ThreadPoolExecutor.java:1134)
        at java.util.concurrent.ThreadPoolExecutor$Worker.run(ThreadPoolExecutor.java:624)
        at java.lang.Thread.run(Thread.java:748)
"metrics-hadoop-metrics2-reporter-98-thread-1" daemon prio=5 tid=2223 timed_waiting
java.lang.Thread.State: TIMED_WAITING
        at sun.misc.Unsafe.park(Native Method)
        at java.util.concurrent.locks.LockSupport.parkNanos(LockSupport.java:215)
        at java.util.concurrent.locks.AbstractQueuedSynchronizer$ConditionObject.awaitNanos(AbstractQueuedSynchronizer.java:2078)
        at java.util.concurrent.ScheduledThreadPoolExecutor$DelayedWorkQueue.take(ScheduledThreadPoolExecutor.java:1093)
        at java.util.concurrent.ScheduledThreadPoolExecutor$DelayedWorkQueue.take(ScheduledThreadPoolExecutor.java:809)
        at java.util.concurrent.ThreadPoolExecutor.getTask(ThreadPoolExecutor.java:1074)
        at java.util.concurrent.ThreadPoolExecutor.runWorker(ThreadPoolExecutor.java:1134)
        at java.util.concurrent.ThreadPoolExecutor$Worker.run(ThreadPoolExecutor.java:624)
        at java.lang.Thread.run(Thread.java:748)
"pool-246-thread-6"  prio=5 tid=2643 in Object.wait()
java.lang.Thread.State: WAITING (on object monitor)
        at sun.misc.Unsafe.park(Native Method)
        at java.util.concurrent.locks.LockSupport.park(LockSupport.java:175)
        at java.util.concurrent.locks.AbstractQueuedSynchronizer$ConditionObject.await(AbstractQueuedSynchronizer.java:2039)
        at java.util.concurrent.ArrayBlockingQueue.take(ArrayBlockingQueue.java:403)
        at java.util.concurrent.ThreadPoolExecutor.getTask(ThreadPoolExecutor.java:1074)
        at java.util.concurrent.ThreadPoolExecutor.runWorker(ThreadPoolExecutor.java:1134)
        at java.util.concurrent.ThreadPoolExecutor$Worker.run(ThreadPoolExecutor.java:624)
        at java.lang.Thread.run(Thread.java:748)
"metrics-hadoop-metrics2-reporter-54-thread-1" daemon prio=5 tid=1203 timed_waiting
java.lang.Thread.State: TIMED_WAITING
        at sun.misc.Unsafe.park(Native Method)
        at java.util.concurrent.locks.LockSupport.parkNanos(LockSupport.java:215)
        at java.util.concurrent.locks.AbstractQueuedSynchronizer$ConditionObject.awaitNanos(AbstractQueuedSynchronizer.java:2078)
        at java.util.concurrent.ScheduledThreadPoolExecutor$DelayedWorkQueue.take(ScheduledThreadPoolExecutor.java:1093)
        at java.util.concurrent.ScheduledThreadPoolExecutor$DelayedWorkQueue.take(ScheduledThreadPoolExecutor.java:809)
        at java.util.concurrent.ThreadPoolExecutor.getTask(ThreadPoolExecutor.java:1074)
        at java.util.concurrent.ThreadPoolExecutor.runWorker(ThreadPoolExecutor.java:1134)
        at java.util.concurrent.ThreadPoolExecutor$Worker.run(ThreadPoolExecutor.java:624)
        at java.lang.Thread.run(Thread.java:748)
"pool-246-thread-12"  prio=5 tid=2649 in Object.wait()
java.lang.Thread.State: WAITING (on object monitor)
        at sun.misc.Unsafe.park(Native Method)
        at java.util.concurrent.locks.LockSupport.park(LockSupport.java:175)
        at java.util.concurrent.locks.AbstractQueuedSynchronizer$ConditionObject.await(AbstractQueuedSynchronizer.java:2039)
        at java.util.concurrent.ArrayBlockingQueue.take(ArrayBlockingQueue.java:403)
        at java.util.concurrent.ThreadPoolExecutor.getTask(ThreadPoolExecutor.java:1074)
        at java.util.concurrent.ThreadPoolExecutor.runWorker(ThreadPoolExecutor.java:1134)
        at java.util.concurrent.ThreadPoolExecutor$Worker.run(ThreadPoolExecutor.java:624)
        at java.lang.Thread.run(Thread.java:748)
"ReplicationMonitor" daemon prio=5 tid=2918 timed_waiting
java.lang.Thread.State: TIMED_WAITING
        at java.lang.Object.wait(Native Method)
        at org.apache.hadoop.hdds.scm.container.ReplicationManager.run(ReplicationManager.java:229)
        at org.apache.hadoop.hdds.scm.container.ReplicationManager$$Lambda$514/584648269.run(Unknown Source)
        at java.lang.Thread.run(Thread.java:748)
"pool-246-thread-16"  prio=5 tid=2653 in Object.wait()
java.lang.Thread.State: WAITING (on object monitor)
        at sun.misc.Unsafe.park(Native Method)
        at java.util.concurrent.locks.LockSupport.park(LockSupport.java:175)
        at java.util.concurrent.locks.AbstractQueuedSynchronizer$ConditionObject.await(AbstractQueuedSynchronizer.java:2039)
        at java.util.concurrent.ArrayBlockingQueue.take(ArrayBlockingQueue.java:403)
        at java.util.concurrent.ThreadPoolExecutor.getTask(ThreadPoolExecutor.java:1074)
        at java.util.concurrent.ThreadPoolExecutor.runWorker(ThreadPoolExecutor.java:1134)
        at java.util.concurrent.ThreadPoolExecutor$Worker.run(ThreadPoolExecutor.java:624)
        at java.lang.Thread.run(Thread.java:748)
"metrics-hadoop-metrics2-reporter-108-thread-1" daemon prio=5 tid=2255 timed_waiting
java.lang.Thread.State: TIMED_WAITING
        at sun.misc.Unsafe.park(Native Method)
        at java.util.concurrent.locks.LockSupport.parkNanos(LockSupport.java:215)
        at java.util.concurrent.locks.AbstractQueuedSynchronizer$ConditionObject.awaitNanos(AbstractQueuedSynchronizer.java:2078)
        at java.util.concurrent.ScheduledThreadPoolExecutor$DelayedWorkQueue.take(ScheduledThreadPoolExecutor.java:1093)
        at java.util.concurrent.ScheduledThreadPoolExecutor$DelayedWorkQueue.take(ScheduledThreadPoolExecutor.java:809)
        at java.util.concurrent.ThreadPoolExecutor.getTask(ThreadPoolExecutor.java:1074)
        at java.util.concurrent.ThreadPoolExecutor.runWorker(ThreadPoolExecutor.java:1134)
        at java.util.concurrent.ThreadPoolExecutor$Worker.run(ThreadPoolExecutor.java:624)
        at java.lang.Thread.run(Thread.java:748)
"metrics-hadoop-metrics2-reporter-100-thread-1" daemon prio=5 tid=2226 timed_waiting
java.lang.Thread.State: TIMED_WAITING
        at sun.misc.Unsafe.park(Native Method)
        at java.util.concurrent.locks.LockSupport.parkNanos(LockSupport.java:215)
        at java.util.concurrent.locks.AbstractQueuedSynchronizer$ConditionObject.awaitNanos(AbstractQueuedSynchronizer.java:2078)
        at java.util.concurrent.ScheduledThreadPoolExecutor$DelayedWorkQueue.take(ScheduledThreadPoolExecutor.java:1093)
        at java.util.concurrent.ScheduledThreadPoolExecutor$DelayedWorkQueue.take(ScheduledThreadPoolExecutor.java:809)
        at java.util.concurrent.ThreadPoolExecutor.getTask(ThreadPoolExecutor.java:1074)
        at java.util.concurrent.ThreadPoolExecutor.runWorker(ThreadPoolExecutor.java:1134)
        at java.util.concurrent.ThreadPoolExecutor$Worker.run(ThreadPoolExecutor.java:624)
        at java.lang.Thread.run(Thread.java:748)
"Datanode ReportManager Thread - 3" daemon prio=5 tid=2454 in Object.wait()
java.lang.Thread.State: WAITING (on object monitor)
        at sun.misc.Unsafe.park(Native Method)
        at java.util.concurrent.locks.LockSupport.park(LockSupport.java:175)
        at java.util.concurrent.locks.AbstractQueuedSynchronizer$ConditionObject.await(AbstractQueuedSynchronizer.java:2039)
        at java.util.concurrent.ScheduledThreadPoolExecutor$DelayedWorkQueue.take(ScheduledThreadPoolExecutor.java:1088)
        at java.util.concurrent.ScheduledThreadPoolExecutor$DelayedWorkQueue.take(ScheduledThreadPoolExecutor.java:809)
        at java.util.concurrent.ThreadPoolExecutor.getTask(ThreadPoolExecutor.java:1074)
        at java.util.concurrent.ThreadPoolExecutor.runWorker(ThreadPoolExecutor.java:1134)
        at java.util.concurrent.ThreadPoolExecutor$Worker.run(ThreadPoolExecutor.java:624)
        at java.lang.Thread.run(Thread.java:748)
"pool-246-thread-51"  prio=5 tid=2688 in Object.wait()
java.lang.Thread.State: WAITING (on object monitor)
        at sun.misc.Unsafe.park(Native Method)
        at java.util.concurrent.locks.LockSupport.park(LockSupport.java:175)
        at java.util.concurrent.locks.AbstractQueuedSynchronizer$ConditionObject.await(AbstractQueuedSynchronizer.java:2039)
        at java.util.concurrent.ArrayBlockingQueue.take(ArrayBlockingQueue.java:403)
        at java.util.concurrent.ThreadPoolExecutor.getTask(ThreadPoolExecutor.java:1074)
        at java.util.concurrent.ThreadPoolExecutor.runWorker(ThreadPoolExecutor.java:1134)
        at java.util.concurrent.ThreadPoolExecutor$Worker.run(ThreadPoolExecutor.java:624)
        at java.lang.Thread.run(Thread.java:748)
"pool-246-thread-5"  prio=5 tid=2642 in Object.wait()
java.lang.Thread.State: WAITING (on object monitor)
        at sun.misc.Unsafe.park(Native Method)
        at java.util.concurrent.locks.LockSupport.park(LockSupport.java:175)
        at java.util.concurrent.locks.AbstractQueuedSynchronizer$ConditionObject.await(AbstractQueuedSynchronizer.java:2039)
        at java.util.concurrent.ArrayBlockingQueue.take(ArrayBlockingQueue.java:403)
        at java.util.concurrent.ThreadPoolExecutor.getTask(ThreadPoolExecutor.java:1074)
        at java.util.concurrent.ThreadPoolExecutor.runWorker(ThreadPoolExecutor.java:1134)
        at java.util.concurrent.ThreadPoolExecutor$Worker.run(ThreadPoolExecutor.java:624)
        at java.lang.Thread.run(Thread.java:748)
"Thread-1275" daemon prio=5 tid=2744 timed_waiting
java.lang.Thread.State: TIMED_WAITING
        at sun.misc.Unsafe.park(Native Method)
        at java.util.concurrent.locks.LockSupport.parkNanos(LockSupport.java:215)
        at java.util.concurrent.locks.AbstractQueuedSynchronizer$ConditionObject.awaitNanos(AbstractQueuedSynchronizer.java:2078)
        at java.util.concurrent.ArrayBlockingQueue.poll(ArrayBlockingQueue.java:418)
        at org.apache.ratis.server.impl.LeaderState$EventQueue.poll(LeaderState.java:115)
        at org.apache.ratis.server.impl.LeaderState$EventProcessor.run(LeaderState.java:467)
"pool-226-thread-26"  prio=5 tid=2538 in Object.wait()
java.lang.Thread.State: WAITING (on object monitor)
        at sun.misc.Unsafe.park(Native Method)
        at java.util.concurrent.locks.LockSupport.park(LockSupport.java:175)
        at java.util.concurrent.locks.AbstractQueuedSynchronizer$ConditionObject.await(AbstractQueuedSynchronizer.java:2039)
        at java.util.concurrent.ArrayBlockingQueue.take(ArrayBlockingQueue.java:403)
        at java.util.concurrent.ThreadPoolExecutor.getTask(ThreadPoolExecutor.java:1074)
        at java.util.concurrent.ThreadPoolExecutor.runWorker(ThreadPoolExecutor.java:1134)
        at java.util.concurrent.ThreadPoolExecutor$Worker.run(ThreadPoolExecutor.java:624)
        at java.lang.Thread.run(Thread.java:748)
"Datanode ReportManager Thread - 0" daemon prio=5 tid=1961 in Object.wait()
java.lang.Thread.State: WAITING (on object monitor)
        at sun.misc.Unsafe.park(Native Method)
        at java.util.concurrent.locks.LockSupport.park(LockSupport.java:175)
        at java.util.concurrent.locks.AbstractQueuedSynchronizer$ConditionObject.await(AbstractQueuedSynchronizer.java:2039)
        at java.util.concurrent.ScheduledThreadPoolExecutor$DelayedWorkQueue.take(ScheduledThreadPoolExecutor.java:1088)
        at java.util.concurrent.ScheduledThreadPoolExecutor$DelayedWorkQueue.take(ScheduledThreadPoolExecutor.java:809)
        at java.util.concurrent.ThreadPoolExecutor.getTask(ThreadPoolExecutor.java:1074)
        at java.util.concurrent.ThreadPoolExecutor.runWorker(ThreadPoolExecutor.java:1134)
        at java.util.concurrent.ThreadPoolExecutor$Worker.run(ThreadPoolExecutor.java:624)
        at java.lang.Thread.run(Thread.java:748)
"process reaper" daemon prio=10 tid=153 timed_waiting
java.lang.Thread.State: TIMED_WAITING
        at sun.misc.Unsafe.park(Native Method)
        at java.util.concurrent.locks.LockSupport.parkNanos(LockSupport.java:215)
        at java.util.concurrent.SynchronousQueue$TransferStack.awaitFulfill(SynchronousQueue.java:460)
        at java.util.concurrent.SynchronousQueue$TransferStack.transfer(SynchronousQueue.java:362)
        at java.util.concurrent.SynchronousQueue.poll(SynchronousQueue.java:941)
        at java.util.concurrent.ThreadPoolExecutor.getTask(ThreadPoolExecutor.java:1073)
        at java.util.concurrent.ThreadPoolExecutor.runWorker(ThreadPoolExecutor.java:1134)
        at java.util.concurrent.ThreadPoolExecutor$Worker.run(ThreadPoolExecutor.java:624)
        at java.lang.Thread.run(Thread.java:748)
"qtp1181041291-2441" daemon prio=5 tid=2441 timed_waiting
java.lang.Thread.State: TIMED_WAITING
        at sun.misc.Unsafe.park(Native Method)
        at java.util.concurrent.locks.LockSupport.parkNanos(LockSupport.java:215)
        at java.util.concurrent.locks.AbstractQueuedSynchronizer$ConditionObject.awaitNanos(AbstractQueuedSynchronizer.java:2078)
        at org.eclipse.jetty.util.BlockingArrayQueue.poll(BlockingArrayQueue.java:392)
        at org.eclipse.jetty.util.thread.QueuedThreadPool.idleJobPoll(QueuedThreadPool.java:563)
        at org.eclipse.jetty.util.thread.QueuedThreadPool.access$800(QueuedThreadPool.java:48)
        at org.eclipse.jetty.util.thread.QueuedThreadPool$2.run(QueuedThreadPool.java:626)
        at java.lang.Thread.run(Thread.java:748)
"SCMBlockDeletingService#0" daemon prio=5 tid=2386 timed_waiting
java.lang.Thread.State: TIMED_WAITING
        at sun.misc.Unsafe.park(Native Method)
        at java.util.concurrent.locks.LockSupport.parkNanos(LockSupport.java:215)
        at java.util.concurrent.locks.AbstractQueuedSynchronizer$ConditionObject.awaitNanos(AbstractQueuedSynchronizer.java:2078)
        at java.util.concurrent.ScheduledThreadPoolExecutor$DelayedWorkQueue.take(ScheduledThreadPoolExecutor.java:1093)
        at java.util.concurrent.ScheduledThreadPoolExecutor$DelayedWorkQueue.take(ScheduledThreadPoolExecutor.java:809)
        at java.util.concurrent.ThreadPoolExecutor.getTask(ThreadPoolExecutor.java:1074)
        at java.util.concurrent.ThreadPoolExecutor.runWorker(ThreadPoolExecutor.java:1134)
        at java.util.concurrent.ThreadPoolExecutor$Worker.run(ThreadPoolExecutor.java:624)
        at java.lang.Thread.run(Thread.java:748)
"pool-230-thread-1"  prio=5 tid=2438 timed_waiting
java.lang.Thread.State: TIMED_WAITING
        at sun.misc.Unsafe.park(Native Method)
        at java.util.concurrent.locks.LockSupport.parkNanos(LockSupport.java:215)
        at java.util.concurrent.locks.AbstractQueuedSynchronizer$ConditionObject.awaitNanos(AbstractQueuedSynchronizer.java:2078)
        at java.util.concurrent.ScheduledThreadPoolExecutor$DelayedWorkQueue.take(ScheduledThreadPoolExecutor.java:1093)
        at java.util.concurrent.ScheduledThreadPoolExecutor$DelayedWorkQueue.take(ScheduledThreadPoolExecutor.java:809)
        at java.util.concurrent.ThreadPoolExecutor.getTask(ThreadPoolExecutor.java:1074)
        at java.util.concurrent.ThreadPoolExecutor.runWorker(ThreadPoolExecutor.java:1134)
        at java.util.concurrent.ThreadPoolExecutor$Worker.run(ThreadPoolExecutor.java:624)
        at java.lang.Thread.run(Thread.java:748)
"metrics-hadoop-metrics2-reporter-137-thread-1" daemon prio=5 tid=2933 timed_waiting
java.lang.Thread.State: TIMED_WAITING
        at sun.misc.Unsafe.park(Native Method)
        at java.util.concurrent.locks.LockSupport.parkNanos(LockSupport.java:215)
        at java.util.concurrent.locks.AbstractQueuedSynchronizer$ConditionObject.awaitNanos(AbstractQueuedSynchronizer.java:2078)
        at java.util.concurrent.ScheduledThreadPoolExecutor$DelayedWorkQueue.take(ScheduledThreadPoolExecutor.java:1093)
        at java.util.concurrent.ScheduledThreadPoolExecutor$DelayedWorkQueue.take(ScheduledThreadPoolExecutor.java:809)
        at java.util.concurrent.ThreadPoolExecutor.getTask(ThreadPoolExecutor.java:1074)
        at java.util.concurrent.ThreadPoolExecutor.runWorker(ThreadPoolExecutor.java:1134)
        at java.util.concurrent.ThreadPoolExecutor$Worker.run(ThreadPoolExecutor.java:624)
        at java.lang.Thread.run(Thread.java:748)
"pool-246-thread-53"  prio=5 tid=2690 in Object.wait()
java.lang.Thread.State: WAITING (on object monitor)
        at sun.misc.Unsafe.park(Native Method)
        at java.util.concurrent.locks.LockSupport.park(LockSupport.java:175)
        at java.util.concurrent.locks.AbstractQueuedSynchronizer$ConditionObject.await(AbstractQueuedSynchronizer.java:2039)
        at java.util.concurrent.ArrayBlockingQueue.take(ArrayBlockingQueue.java:403)
        at java.util.concurrent.ThreadPoolExecutor.getTask(ThreadPoolExecutor.java:1074)
        at java.util.concurrent.ThreadPoolExecutor.runWorker(ThreadPoolExecutor.java:1134)
        at java.util.concurrent.ThreadPoolExecutor$Worker.run(ThreadPoolExecutor.java:624)
        at java.lang.Thread.run(Thread.java:748)
"pool-226-thread-5"  prio=5 tid=2517 in Object.wait()
java.lang.Thread.State: WAITING (on object monitor)
        at sun.misc.Unsafe.park(Native Method)
        at java.util.concurrent.locks.LockSupport.park(LockSupport.java:175)
        at java.util.concurrent.locks.AbstractQueuedSynchronizer$ConditionObject.await(AbstractQueuedSynchronizer.java:2039)
        at java.util.concurrent.ArrayBlockingQueue.take(ArrayBlockingQueue.java:403)
        at java.util.concurrent.ThreadPoolExecutor.getTask(ThreadPoolExecutor.java:1074)
        at java.util.concurrent.ThreadPoolExecutor.runWorker(ThreadPoolExecutor.java:1134)
        at java.util.concurrent.ThreadPoolExecutor$Worker.run(ThreadPoolExecutor.java:624)
        at java.lang.Thread.run(Thread.java:748)
"pool-246-thread-47"  prio=5 tid=2684 in Object.wait()
java.lang.Thread.State: WAITING (on object monitor)
        at sun.misc.Unsafe.park(Native Method)
        at java.util.concurrent.locks.LockSupport.park(LockSupport.java:175)
        at java.util.concurrent.locks.AbstractQueuedSynchronizer$ConditionObject.await(AbstractQueuedSynchronizer.java:2039)
        at java.util.concurrent.ArrayBlockingQueue.take(ArrayBlockingQueue.java:403)
        at java.util.concurrent.ThreadPoolExecutor.getTask(ThreadPoolExecutor.java:1074)
        at java.util.concurrent.ThreadPoolExecutor.runWorker(ThreadPoolExecutor.java:1134)
        at java.util.concurrent.ThreadPoolExecutor$Worker.run(ThreadPoolExecutor.java:624)
        at java.lang.Thread.run(Thread.java:748)
"pool-246-thread-14"  prio=5 tid=2651 in Object.wait()
java.lang.Thread.State: WAITING (on object monitor)
        at sun.misc.Unsafe.park(Native Method)
        at java.util.concurrent.locks.LockSupport.park(LockSupport.java:175)
        at java.util.concurrent.locks.AbstractQueuedSynchronizer$ConditionObject.await(AbstractQueuedSynchronizer.java:2039)
        at java.util.concurrent.ArrayBlockingQueue.take(ArrayBlockingQueue.java:403)
        at java.util.concurrent.ThreadPoolExecutor.getTask(ThreadPoolExecutor.java:1074)
        at java.util.concurrent.ThreadPoolExecutor.runWorker(ThreadPoolExecutor.java:1134)
        at java.util.concurrent.ThreadPoolExecutor$Worker.run(ThreadPoolExecutor.java:624)
        at java.lang.Thread.run(Thread.java:748)
"pool-226-thread-46"  prio=5 tid=2558 in Object.wait()
java.lang.Thread.State: WAITING (on object monitor)
        at sun.misc.Unsafe.park(Native Method)
        at java.util.concurrent.locks.LockSupport.park(LockSupport.java:175)
        at java.util.concurrent.locks.AbstractQueuedSynchronizer$ConditionObject.await(AbstractQueuedSynchronizer.java:2039)
        at java.util.concurrent.ArrayBlockingQueue.take(ArrayBlockingQueue.java:403)
        at java.util.concurrent.ThreadPoolExecutor.getTask(ThreadPoolExecutor.java:1074)
        at java.util.concurrent.ThreadPoolExecutor.runWorker(ThreadPoolExecutor.java:1134)
        at java.util.concurrent.ThreadPoolExecutor$Worker.run(ThreadPoolExecutor.java:624)
        at java.lang.Thread.run(Thread.java:748)
"metrics-hadoop-metrics2-reporter-57-thread-1" daemon prio=5 tid=1209 timed_waiting
java.lang.Thread.State: TIMED_WAITING
        at sun.misc.Unsafe.park(Native Method)
        at java.util.concurrent.locks.LockSupport.parkNanos(LockSupport.java:215)
        at java.util.concurrent.locks.AbstractQueuedSynchronizer$ConditionObject.awaitNanos(AbstractQueuedSynchronizer.java:2078)
        at java.util.concurrent.ScheduledThreadPoolExecutor$DelayedWorkQueue.take(ScheduledThreadPoolExecutor.java:1093)
        at java.util.concurrent.ScheduledThreadPoolExecutor$DelayedWorkQueue.take(ScheduledThreadPoolExecutor.java:809)
        at java.util.concurrent.ThreadPoolExecutor.getTask(ThreadPoolExecutor.java:1074)
        at java.util.concurrent.ThreadPoolExecutor.runWorker(ThreadPoolExecutor.java:1134)
        at java.util.concurrent.ThreadPoolExecutor$Worker.run(ThreadPoolExecutor.java:624)
        at java.lang.Thread.run(Thread.java:748)
"metrics-hadoop-metrics2-reporter-51-thread-1" daemon prio=5 tid=1059 timed_waiting
java.lang.Thread.State: TIMED_WAITING
        at sun.misc.Unsafe.park(Native Method)
        at java.util.concurrent.locks.LockSupport.parkNanos(LockSupport.java:215)
        at java.util.concurrent.locks.AbstractQueuedSynchronizer$ConditionObject.awaitNanos(AbstractQueuedSynchronizer.java:2078)
        at java.util.concurrent.ScheduledThreadPoolExecutor$DelayedWorkQueue.take(ScheduledThreadPoolExecutor.java:1093)
        at java.util.concurrent.ScheduledThreadPoolExecutor$DelayedWorkQueue.take(ScheduledThreadPoolExecutor.java:809)
        at java.util.concurrent.ThreadPoolExecutor.getTask(ThreadPoolExecutor.java:1074)
        at java.util.concurrent.ThreadPoolExecutor.runWorker(ThreadPoolExecutor.java:1134)
        at java.util.concurrent.ThreadPoolExecutor$Worker.run(ThreadPoolExecutor.java:624)
        at java.lang.Thread.run(Thread.java:748)
"pool-226-thread-44"  prio=5 tid=2556 in Object.wait()
java.lang.Thread.State: WAITING (on object monitor)
        at sun.misc.Unsafe.park(Native Method)
        at java.util.concurrent.locks.LockSupport.park(LockSupport.java:175)
        at java.util.concurrent.locks.AbstractQueuedSynchronizer$ConditionObject.await(AbstractQueuedSynchronizer.java:2039)
        at java.util.concurrent.ArrayBlockingQueue.take(ArrayBlockingQueue.java:403)
        at java.util.concurrent.ThreadPoolExecutor.getTask(ThreadPoolExecutor.java:1074)
        at java.util.concurrent.ThreadPoolExecutor.runWorker(ThreadPoolExecutor.java:1134)
        at java.util.concurrent.ThreadPoolExecutor$Worker.run(ThreadPoolExecutor.java:624)
        at java.lang.Thread.run(Thread.java:748)
"PartialTableCache Cleanup Thread - 0" daemon prio=5 tid=550 in Object.wait()
java.lang.Thread.State: WAITING (on object monitor)
        at sun.misc.Unsafe.park(Native Method)
        at java.util.concurrent.locks.LockSupport.park(LockSupport.java:175)
        at java.util.concurrent.locks.AbstractQueuedSynchronizer$ConditionObject.await(AbstractQueuedSynchronizer.java:2039)
        at java.util.concurrent.LinkedBlockingQueue.take(LinkedBlockingQueue.java:442)
        at java.util.concurrent.ThreadPoolExecutor.getTask(ThreadPoolExecutor.java:1074)
        at java.util.concurrent.ThreadPoolExecutor.runWorker(ThreadPoolExecutor.java:1134)
        at java.util.concurrent.ThreadPoolExecutor$Worker.run(ThreadPoolExecutor.java:624)
        at java.lang.Thread.run(Thread.java:748)
"qtp945327594-2427" daemon prio=5 tid=2427 timed_waiting
java.lang.Thread.State: TIMED_WAITING
        at sun.misc.Unsafe.park(Native Method)
        at java.util.concurrent.locks.LockSupport.parkNanos(LockSupport.java:215)
        at java.util.concurrent.locks.AbstractQueuedSynchronizer$ConditionObject.awaitNanos(AbstractQueuedSynchronizer.java:2078)
        at org.eclipse.jetty.util.BlockingArrayQueue.poll(BlockingArrayQueue.java:392)
        at org.eclipse.jetty.util.thread.QueuedThreadPool.idleJobPoll(QueuedThreadPool.java:563)
        at org.eclipse.jetty.util.thread.QueuedThreadPool.access$800(QueuedThreadPool.java:48)
        at org.eclipse.jetty.util.thread.QueuedThreadPool$2.run(QueuedThreadPool.java:626)
        at java.lang.Thread.run(Thread.java:748)
"Datanode State Machine Thread - 0" daemon prio=5 tid=2457 timed_waiting
java.lang.Thread.State: TIMED_WAITING
        at sun.misc.Unsafe.park(Native Method)
        at java.util.concurrent.locks.LockSupport.parkNanos(LockSupport.java:215)
        at java.util.concurrent.SynchronousQueue$TransferStack.awaitFulfill(SynchronousQueue.java:460)
        at java.util.concurrent.SynchronousQueue$TransferStack.transfer(SynchronousQueue.java:362)
        at java.util.concurrent.SynchronousQueue.poll(SynchronousQueue.java:941)
        at java.util.concurrent.ThreadPoolExecutor.getTask(ThreadPoolExecutor.java:1073)
        at java.util.concurrent.ThreadPoolExecutor.runWorker(ThreadPoolExecutor.java:1134)
        at java.util.concurrent.ThreadPoolExecutor$Worker.run(ThreadPoolExecutor.java:624)
        at java.lang.Thread.run(Thread.java:748)
"metrics-hadoop-metrics2-reporter-40-thread-1" daemon prio=5 tid=1015 timed_waiting
java.lang.Thread.State: TIMED_WAITING
        at sun.misc.Unsafe.park(Native Method)
        at java.util.concurrent.locks.LockSupport.parkNanos(LockSupport.java:215)
        at java.util.concurrent.locks.AbstractQueuedSynchronizer$ConditionObject.awaitNanos(AbstractQueuedSynchronizer.java:2078)
        at java.util.concurrent.ScheduledThreadPoolExecutor$DelayedWorkQueue.take(ScheduledThreadPoolExecutor.java:1093)
        at java.util.concurrent.ScheduledThreadPoolExecutor$DelayedWorkQueue.take(ScheduledThreadPoolExecutor.java:809)
        at java.util.concurrent.ThreadPoolExecutor.getTask(ThreadPoolExecutor.java:1074)
        at java.util.concurrent.ThreadPoolExecutor.runWorker(ThreadPoolExecutor.java:1134)
        at java.util.concurrent.ThreadPoolExecutor$Worker.run(ThreadPoolExecutor.java:624)
        at java.lang.Thread.run(Thread.java:748)
"Datanode ReportManager Thread - 1" daemon prio=5 tid=2479 in Object.wait()
java.lang.Thread.State: WAITING (on object monitor)
        at sun.misc.Unsafe.park(Native Method)
        at java.util.concurrent.locks.LockSupport.park(LockSupport.java:175)
        at java.util.concurrent.locks.AbstractQueuedSynchronizer$ConditionObject.await(AbstractQueuedSynchronizer.java:2039)
        at java.util.concurrent.ScheduledThreadPoolExecutor$DelayedWorkQueue.take(ScheduledThreadPoolExecutor.java:1088)
        at java.util.concurrent.ScheduledThreadPoolExecutor$DelayedWorkQueue.take(ScheduledThreadPoolExecutor.java:809)
        at java.util.concurrent.ThreadPoolExecutor.getTask(ThreadPoolExecutor.java:1074)
        at java.util.concurrent.ThreadPoolExecutor.runWorker(ThreadPoolExecutor.java:1134)
        at java.util.concurrent.ThreadPoolExecutor$Worker.run(ThreadPoolExecutor.java:624)
        at java.lang.Thread.run(Thread.java:748)
"pool-246-thread-18"  prio=5 tid=2655 in Object.wait()
java.lang.Thread.State: WAITING (on object monitor)
        at sun.misc.Unsafe.park(Native Method)
        at java.util.concurrent.locks.LockSupport.park(LockSupport.java:175)
        at java.util.concurrent.locks.AbstractQueuedSynchronizer$ConditionObject.await(AbstractQueuedSynchronizer.java:2039)
        at java.util.concurrent.ArrayBlockingQueue.take(ArrayBlockingQueue.java:403)
        at java.util.concurrent.ThreadPoolExecutor.getTask(ThreadPoolExecutor.java:1074)
        at java.util.concurrent.ThreadPoolExecutor.runWorker(ThreadPoolExecutor.java:1134)
        at java.util.concurrent.ThreadPoolExecutor$Worker.run(ThreadPoolExecutor.java:624)
        at java.lang.Thread.run(Thread.java:748)
"IPC Server Responder" daemon prio=5 tid=2307 runnable
java.lang.Thread.State: RUNNABLE
        at sun.nio.ch.EPollArrayWrapper.epollWait(Native Method)
        at sun.nio.ch.EPollArrayWrapper.poll(EPollArrayWrapper.java:269)
        at sun.nio.ch.EPollSelectorImpl.doSelect(EPollSelectorImpl.java:93)
        at sun.nio.ch.SelectorImpl.lockAndDoSelect(SelectorImpl.java:86)
        at sun.nio.ch.SelectorImpl.select(SelectorImpl.java:97)
        at org.apache.hadoop.ipc.Server$Responder.doRunLoop(Server.java:1334)
        at org.apache.hadoop.ipc.Server$Responder.run(Server.java:1317)
"PartialTableCache Cleanup Thread - 0" daemon prio=5 tid=556 in Object.wait()
java.lang.Thread.State: WAITING (on object monitor)
        at sun.misc.Unsafe.park(Native Method)
        at java.util.concurrent.locks.LockSupport.park(LockSupport.java:175)
        at java.util.concurrent.locks.AbstractQueuedSynchronizer$ConditionObject.await(AbstractQueuedSynchronizer.java:2039)
        at java.util.concurrent.LinkedBlockingQueue.take(LinkedBlockingQueue.java:442)
        at java.util.concurrent.ThreadPoolExecutor.getTask(ThreadPoolExecutor.java:1074)
        at java.util.concurrent.ThreadPoolExecutor.runWorker(ThreadPoolExecutor.java:1134)
        at java.util.concurrent.ThreadPoolExecutor$Worker.run(ThreadPoolExecutor.java:624)
        at java.lang.Thread.run(Thread.java:748)
"org.apache.hadoop.util.JvmPauseMonitor$Monitor@3d125497" daemon prio=5 tid=2510 timed_waiting
java.lang.Thread.State: TIMED_WAITING
        at java.lang.Thread.sleep(Native Method)
        at org.apache.hadoop.util.JvmPauseMonitor$Monitor.run(JvmPauseMonitor.java:192)
        at java.lang.Thread.run(Thread.java:748)
"metrics-hadoop-metrics2-reporter-122-thread-1" daemon prio=5 tid=2740 timed_waiting
java.lang.Thread.State: TIMED_WAITING
        at sun.misc.Unsafe.park(Native Method)
        at java.util.concurrent.locks.LockSupport.parkNanos(LockSupport.java:215)
        at java.util.concurrent.locks.AbstractQueuedSynchronizer$ConditionObject.awaitNanos(AbstractQueuedSynchronizer.java:2078)
        at java.util.concurrent.ScheduledThreadPoolExecutor$DelayedWorkQueue.take(ScheduledThreadPoolExecutor.java:1093)
        at java.util.concurrent.ScheduledThreadPoolExecutor$DelayedWorkQueue.take(ScheduledThreadPoolExecutor.java:809)
        at java.util.concurrent.ThreadPoolExecutor.getTask(ThreadPoolExecutor.java:1074)
        at java.util.concurrent.ThreadPoolExecutor.runWorker(ThreadPoolExecutor.java:1134)
        at java.util.concurrent.ThreadPoolExecutor$Worker.run(ThreadPoolExecutor.java:624)
        at java.lang.Thread.run(Thread.java:748)
"metrics-hadoop-metrics2-reporter-50-thread-1" daemon prio=5 tid=1057 timed_waiting
java.lang.Thread.State: TIMED_WAITING
        at sun.misc.Unsafe.park(Native Method)
        at java.util.concurrent.locks.LockSupport.parkNanos(LockSupport.java:215)
        at java.util.concurrent.locks.AbstractQueuedSynchronizer$ConditionObject.awaitNanos(AbstractQueuedSynchronizer.java:2078)
        at java.util.concurrent.ScheduledThreadPoolExecutor$DelayedWorkQueue.take(ScheduledThreadPoolExecutor.java:1093)
        at java.util.concurrent.ScheduledThreadPoolExecutor$DelayedWorkQueue.take(ScheduledThreadPoolExecutor.java:809)
        at java.util.concurrent.ThreadPoolExecutor.getTask(ThreadPoolExecutor.java:1074)
        at java.util.concurrent.ThreadPoolExecutor.runWorker(ThreadPoolExecutor.java:1134)
        at java.util.concurrent.ThreadPoolExecutor$Worker.run(ThreadPoolExecutor.java:624)
        at java.lang.Thread.run(Thread.java:748)
"metrics-hadoop-metrics2-reporter-49-thread-1" daemon prio=5 tid=1055 timed_waiting
java.lang.Thread.State: TIMED_WAITING
        at sun.misc.Unsafe.park(Native Method)
        at java.util.concurrent.locks.LockSupport.parkNanos(LockSupport.java:215)
        at java.util.concurrent.locks.AbstractQueuedSynchronizer$ConditionObject.awaitNanos(AbstractQueuedSynchronizer.java:2078)
        at java.util.concurrent.ScheduledThreadPoolExecutor$DelayedWorkQueue.take(ScheduledThreadPoolExecutor.java:1093)
        at java.util.concurrent.ScheduledThreadPoolExecutor$DelayedWorkQueue.take(ScheduledThreadPoolExecutor.java:809)
        at java.util.concurrent.ThreadPoolExecutor.getTask(ThreadPoolExecutor.java:1074)
        at java.util.concurrent.ThreadPoolExecutor.runWorker(ThreadPoolExecutor.java:1134)
        at java.util.concurrent.ThreadPoolExecutor$Worker.run(ThreadPoolExecutor.java:624)
        at java.lang.Thread.run(Thread.java:748)
"qtp2000429588-2466" daemon prio=5 tid=2466 runnable
java.lang.Thread.State: RUNNABLE
        at sun.nio.ch.EPollArrayWrapper.epollWait(Native Method)
        at sun.nio.ch.EPollArrayWrapper.poll(EPollArrayWrapper.java:269)
        at sun.nio.ch.EPollSelectorImpl.doSelect(EPollSelectorImpl.java:93)
        at sun.nio.ch.SelectorImpl.lockAndDoSelect(SelectorImpl.java:86)
        at sun.nio.ch.SelectorImpl.select(SelectorImpl.java:97)
        at sun.nio.ch.SelectorImpl.select(SelectorImpl.java:101)
        at org.eclipse.jetty.io.ManagedSelector$SelectorProducer.select(ManagedSelector.java:243)
        at org.eclipse.jetty.io.ManagedSelector$SelectorProducer.produce(ManagedSelector.java:191)
        at org.eclipse.jetty.util.thread.strategy.ExecuteProduceConsume.executeProduceConsume(ExecuteProduceConsume.java:249)
        at org.eclipse.jetty.util.thread.strategy.ExecuteProduceConsume.produceConsume(ExecuteProduceConsume.java:148)
        at org.eclipse.jetty.util.thread.strategy.ExecuteProduceConsume.execute(ExecuteProduceConsume.java:100)
        at org.eclipse.jetty.io.ManagedSelector.run(ManagedSelector.java:147)
        at org.eclipse.jetty.util.thread.QueuedThreadPool.runJob(QueuedThreadPool.java:671)
        at org.eclipse.jetty.util.thread.QueuedThreadPool$2.run(QueuedThreadPool.java:589)
        at java.lang.Thread.run(Thread.java:748)
"metrics-hadoop-metrics2-reporter-80-thread-1" daemon prio=5 tid=1718 timed_waiting
java.lang.Thread.State: TIMED_WAITING
        at sun.misc.Unsafe.park(Native Method)
        at java.util.concurrent.locks.LockSupport.parkNanos(LockSupport.java:215)
        at java.util.concurrent.locks.AbstractQueuedSynchronizer$ConditionObject.awaitNanos(AbstractQueuedSynchronizer.java:2078)
        at java.util.concurrent.ScheduledThreadPoolExecutor$DelayedWorkQueue.take(ScheduledThreadPoolExecutor.java:1093)
        at java.util.concurrent.ScheduledThreadPoolExecutor$DelayedWorkQueue.take(ScheduledThreadPoolExecutor.java:809)
        at java.util.concurrent.ThreadPoolExecutor.getTask(ThreadPoolExecutor.java:1074)
        at java.util.concurrent.ThreadPoolExecutor.runWorker(ThreadPoolExecutor.java:1134)
        at java.util.concurrent.ThreadPoolExecutor$Worker.run(ThreadPoolExecutor.java:624)
        at java.lang.Thread.run(Thread.java:748)
"pool-236-thread-59"  prio=5 tid=2634 in Object.wait()
java.lang.Thread.State: WAITING (on object monitor)
        at sun.misc.Unsafe.park(Native Method)
        at java.util.concurrent.locks.LockSupport.park(LockSupport.java:175)
        at java.util.concurrent.locks.AbstractQueuedSynchronizer$ConditionObject.await(AbstractQueuedSynchronizer.java:2039)
        at java.util.concurrent.ArrayBlockingQueue.take(ArrayBlockingQueue.java:403)
        at java.util.concurrent.ThreadPoolExecutor.getTask(ThreadPoolExecutor.java:1074)
        at java.util.concurrent.ThreadPoolExecutor.runWorker(ThreadPoolExecutor.java:1134)
        at java.util.concurrent.ThreadPoolExecutor$Worker.run(ThreadPoolExecutor.java:624)
        at java.lang.Thread.run(Thread.java:748)
"pool-236-thread-32"  prio=5 tid=2607 in Object.wait()
java.lang.Thread.State: WAITING (on object monitor)
        at sun.misc.Unsafe.park(Native Method)
        at java.util.concurrent.locks.LockSupport.park(LockSupport.java:175)
        at java.util.concurrent.locks.AbstractQueuedSynchronizer$ConditionObject.await(AbstractQueuedSynchronizer.java:2039)
        at java.util.concurrent.ArrayBlockingQueue.take(ArrayBlockingQueue.java:403)
        at java.util.concurrent.ThreadPoolExecutor.getTask(ThreadPoolExecutor.java:1074)
        at java.util.concurrent.ThreadPoolExecutor.runWorker(ThreadPoolExecutor.java:1134)
        at java.util.concurrent.ThreadPoolExecutor$Worker.run(ThreadPoolExecutor.java:624)
        at java.lang.Thread.run(Thread.java:748)
"IPC Server handler 4 on 45250" daemon prio=5 tid=2403 timed_waiting
java.lang.Thread.State: TIMED_WAITING
        at sun.misc.Unsafe.park(Native Method)
        at java.util.concurrent.locks.LockSupport.parkNanos(LockSupport.java:215)
        at java.util.concurrent.locks.AbstractQueuedSynchronizer$ConditionObject.awaitNanos(AbstractQueuedSynchronizer.java:2078)
        at java.util.concurrent.LinkedBlockingQueue.poll(LinkedBlockingQueue.java:467)
        at org.apache.hadoop.ipc.CallQueueManager.take(CallQueueManager.java:288)
        at org.apache.hadoop.ipc.Server$Handler.run(Server.java:2668)
"pool-236-thread-23"  prio=5 tid=2598 in Object.wait()
java.lang.Thread.State: WAITING (on object monitor)
        at sun.misc.Unsafe.park(Native Method)
        at java.util.concurrent.locks.LockSupport.park(LockSupport.java:175)
        at java.util.concurrent.locks.AbstractQueuedSynchronizer$ConditionObject.await(AbstractQueuedSynchronizer.java:2039)
        at java.util.concurrent.ArrayBlockingQueue.take(ArrayBlockingQueue.java:403)
        at java.util.concurrent.ThreadPoolExecutor.getTask(ThreadPoolExecutor.java:1074)
        at java.util.concurrent.ThreadPoolExecutor.runWorker(ThreadPoolExecutor.java:1134)
        at java.util.concurrent.ThreadPoolExecutor$Worker.run(ThreadPoolExecutor.java:624)
        at java.lang.Thread.run(Thread.java:748)
"IPC Server handler 3 on 35795" daemon prio=5 tid=2338 timed_waiting
java.lang.Thread.State: TIMED_WAITING
        at sun.misc.Unsafe.park(Native Method)
        at java.util.concurrent.locks.LockSupport.parkNanos(LockSupport.java:215)
        at java.util.concurrent.locks.AbstractQueuedSynchronizer$ConditionObject.awaitNanos(AbstractQueuedSynchronizer.java:2078)
        at java.util.concurrent.LinkedBlockingQueue.poll(LinkedBlockingQueue.java:467)
        at org.apache.hadoop.ipc.CallQueueManager.take(CallQueueManager.java:288)
        at org.apache.hadoop.ipc.Server$Handler.run(Server.java:2668)
"Datanode State Machine Thread - 0" daemon prio=5 tid=2484 timed_waiting
java.lang.Thread.State: TIMED_WAITING
        at sun.misc.Unsafe.park(Native Method)
        at java.util.concurrent.locks.LockSupport.parkNanos(LockSupport.java:215)
        at java.util.concurrent.SynchronousQueue$TransferStack.awaitFulfill(SynchronousQueue.java:460)
        at java.util.concurrent.SynchronousQueue$TransferStack.transfer(SynchronousQueue.java:362)
        at java.util.concurrent.SynchronousQueue.poll(SynchronousQueue.java:941)
        at java.util.concurrent.ThreadPoolExecutor.getTask(ThreadPoolExecutor.java:1073)
        at java.util.concurrent.ThreadPoolExecutor.runWorker(ThreadPoolExecutor.java:1134)
        at java.util.concurrent.ThreadPoolExecutor$Worker.run(ThreadPoolExecutor.java:624)
        at java.lang.Thread.run(Thread.java:748)
"pool-246-thread-25"  prio=5 tid=2662 in Object.wait()
java.lang.Thread.State: WAITING (on object monitor)
        at sun.misc.Unsafe.park(Native Method)
        at java.util.concurrent.locks.LockSupport.park(LockSupport.java:175)
        at java.util.concurrent.locks.AbstractQueuedSynchronizer$ConditionObject.await(AbstractQueuedSynchronizer.java:2039)
        at java.util.concurrent.ArrayBlockingQueue.take(ArrayBlockingQueue.java:403)
        at java.util.concurrent.ThreadPoolExecutor.getTask(ThreadPoolExecutor.java:1074)
        at java.util.concurrent.ThreadPoolExecutor.runWorker(ThreadPoolExecutor.java:1134)
        at java.util.concurrent.ThreadPoolExecutor$Worker.run(ThreadPoolExecutor.java:624)
        at java.lang.Thread.run(Thread.java:748)
"IPC Server handler 3 on 45250" daemon prio=5 tid=2402 timed_waiting
java.lang.Thread.State: TIMED_WAITING
        at sun.misc.Unsafe.park(Native Method)
        at java.util.concurrent.locks.LockSupport.parkNanos(LockSupport.java:215)
        at java.util.concurrent.locks.AbstractQueuedSynchronizer$ConditionObject.awaitNanos(AbstractQueuedSynchronizer.java:2078)
        at java.util.concurrent.LinkedBlockingQueue.poll(LinkedBlockingQueue.java:467)
        at org.apache.hadoop.ipc.CallQueueManager.take(CallQueueManager.java:288)
        at org.apache.hadoop.ipc.Server$Handler.run(Server.java:2668)
"metrics-hadoop-metrics2-reporter-41-thread-1" daemon prio=5 tid=1019 timed_waiting
java.lang.Thread.State: TIMED_WAITING
        at sun.misc.Unsafe.park(Native Method)
        at java.util.concurrent.locks.LockSupport.parkNanos(LockSupport.java:215)
        at java.util.concurrent.locks.AbstractQueuedSynchronizer$ConditionObject.awaitNanos(AbstractQueuedSynchronizer.java:2078)
        at java.util.concurrent.ScheduledThreadPoolExecutor$DelayedWorkQueue.take(ScheduledThreadPoolExecutor.java:1093)
        at java.util.concurrent.ScheduledThreadPoolExecutor$DelayedWorkQueue.take(ScheduledThreadPoolExecutor.java:809)
        at java.util.concurrent.ThreadPoolExecutor.getTask(ThreadPoolExecutor.java:1074)
        at java.util.concurrent.ThreadPoolExecutor.runWorker(ThreadPoolExecutor.java:1134)
        at java.util.concurrent.ThreadPoolExecutor$Worker.run(ThreadPoolExecutor.java:624)
        at java.lang.Thread.run(Thread.java:748)
"pool-226-thread-3"  prio=5 tid=2515 in Object.wait()
java.lang.Thread.State: WAITING (on object monitor)
        at sun.misc.Unsafe.park(Native Method)
        at java.util.concurrent.locks.LockSupport.park(LockSupport.java:175)
        at java.util.concurrent.locks.AbstractQueuedSynchronizer$ConditionObject.await(AbstractQueuedSynchronizer.java:2039)
        at java.util.concurrent.ArrayBlockingQueue.take(ArrayBlockingQueue.java:403)
        at java.util.concurrent.ThreadPoolExecutor.getTask(ThreadPoolExecutor.java:1074)
        at java.util.concurrent.ThreadPoolExecutor.runWorker(ThreadPoolExecutor.java:1134)
        at java.util.concurrent.ThreadPoolExecutor$Worker.run(ThreadPoolExecutor.java:624)
        at java.lang.Thread.run(Thread.java:748)
"pool-226-thread-42"  prio=5 tid=2554 in Object.wait()
java.lang.Thread.State: WAITING (on object monitor)
        at sun.misc.Unsafe.park(Native Method)
        at java.util.concurrent.locks.LockSupport.park(LockSupport.java:175)
        at java.util.concurrent.locks.AbstractQueuedSynchronizer$ConditionObject.await(AbstractQueuedSynchronizer.java:2039)
        at java.util.concurrent.ArrayBlockingQueue.take(ArrayBlockingQueue.java:403)
        at java.util.concurrent.ThreadPoolExecutor.getTask(ThreadPoolExecutor.java:1074)
        at java.util.concurrent.ThreadPoolExecutor.runWorker(ThreadPoolExecutor.java:1134)
        at java.util.concurrent.ThreadPoolExecutor$Worker.run(ThreadPoolExecutor.java:624)
        at java.lang.Thread.run(Thread.java:748)
"metrics-hadoop-metrics2-reporter-63-thread-1" daemon prio=5 tid=1669 timed_waiting
java.lang.Thread.State: TIMED_WAITING
        at sun.misc.Unsafe.park(Native Method)
        at java.util.concurrent.locks.LockSupport.parkNanos(LockSupport.java:215)
        at java.util.concurrent.locks.AbstractQueuedSynchronizer$ConditionObject.awaitNanos(AbstractQueuedSynchronizer.java:2078)
        at java.util.concurrent.ScheduledThreadPoolExecutor$DelayedWorkQueue.take(ScheduledThreadPoolExecutor.java:1093)
        at java.util.concurrent.ScheduledThreadPoolExecutor$DelayedWorkQueue.take(ScheduledThreadPoolExecutor.java:809)
        at java.util.concurrent.ThreadPoolExecutor.getTask(ThreadPoolExecutor.java:1074)
        at java.util.concurrent.ThreadPoolExecutor.runWorker(ThreadPoolExecutor.java:1134)
        at java.util.concurrent.ThreadPoolExecutor$Worker.run(ThreadPoolExecutor.java:624)
        at java.lang.Thread.run(Thread.java:748)
"metrics-hadoop-metrics2-reporter-22-thread-1" daemon prio=5 tid=500 timed_waiting
java.lang.Thread.State: TIMED_WAITING
        at sun.misc.Unsafe.park(Native Method)
        at java.util.concurrent.locks.LockSupport.parkNanos(LockSupport.java:215)
        at java.util.concurrent.locks.AbstractQueuedSynchronizer$ConditionObject.awaitNanos(AbstractQueuedSynchronizer.java:2078)
        at java.util.concurrent.ScheduledThreadPoolExecutor$DelayedWorkQueue.take(ScheduledThreadPoolExecutor.java:1093)
        at java.util.concurrent.ScheduledThreadPoolExecutor$DelayedWorkQueue.take(ScheduledThreadPoolExecutor.java:809)
        at java.util.concurrent.ThreadPoolExecutor.getTask(ThreadPoolExecutor.java:1074)
        at java.util.concurrent.ThreadPoolExecutor.runWorker(ThreadPoolExecutor.java:1134)
        at java.util.concurrent.ThreadPoolExecutor$Worker.run(ThreadPoolExecutor.java:624)
        at java.lang.Thread.run(Thread.java:748)
"SCM Heartbeat Processing Thread - 0" daemon prio=5 tid=2299 timed_waiting
java.lang.Thread.State: TIMED_WAITING
        at sun.misc.Unsafe.park(Native Method)
        at java.util.concurrent.locks.LockSupport.parkNanos(LockSupport.java:215)
        at java.util.concurrent.locks.AbstractQueuedSynchronizer$ConditionObject.awaitNanos(AbstractQueuedSynchronizer.java:2078)
        at java.util.concurrent.ScheduledThreadPoolExecutor$DelayedWorkQueue.take(ScheduledThreadPoolExecutor.java:1093)
        at java.util.concurrent.ScheduledThreadPoolExecutor$DelayedWorkQueue.take(ScheduledThreadPoolExecutor.java:809)
        at java.util.concurrent.ThreadPoolExecutor.getTask(ThreadPoolExecutor.java:1074)
        at java.util.concurrent.ThreadPoolExecutor.runWorker(ThreadPoolExecutor.java:1134)
        at java.util.concurrent.ThreadPoolExecutor$Worker.run(ThreadPoolExecutor.java:624)
        at java.lang.Thread.run(Thread.java:748)
"IPC Server handler 2 on 35795" daemon prio=5 tid=2337 timed_waiting
java.lang.Thread.State: TIMED_WAITING
        at sun.misc.Unsafe.park(Native Method)
        at java.util.concurrent.locks.LockSupport.parkNanos(LockSupport.java:215)
        at java.util.concurrent.locks.AbstractQueuedSynchronizer$ConditionObject.awaitNanos(AbstractQueuedSynchronizer.java:2078)
        at java.util.concurrent.LinkedBlockingQueue.poll(LinkedBlockingQueue.java:467)
        at org.apache.hadoop.ipc.CallQueueManager.take(CallQueueManager.java:288)
        at org.apache.hadoop.ipc.Server$Handler.run(Server.java:2668)
"IPC Server handler 9 on 35795" daemon prio=5 tid=2344 timed_waiting
java.lang.Thread.State: TIMED_WAITING
        at sun.misc.Unsafe.park(Native Method)
        at java.util.concurrent.locks.LockSupport.parkNanos(LockSupport.java:215)
        at java.util.concurrent.locks.AbstractQueuedSynchronizer$ConditionObject.awaitNanos(AbstractQueuedSynchronizer.java:2078)
        at java.util.concurrent.LinkedBlockingQueue.poll(LinkedBlockingQueue.java:467)
        at org.apache.hadoop.ipc.CallQueueManager.take(CallQueueManager.java:288)
        at org.apache.hadoop.ipc.Server$Handler.run(Server.java:2668)
"IPC Server handler 9 on 40756" daemon prio=5 tid=2324 timed_waiting
java.lang.Thread.State: TIMED_WAITING
        at sun.misc.Unsafe.park(Native Method)
        at java.util.concurrent.locks.LockSupport.parkNanos(LockSupport.java:215)
        at java.util.concurrent.locks.AbstractQueuedSynchronizer$ConditionObject.awaitNanos(AbstractQueuedSynchronizer.java:2078)
        at java.util.concurrent.LinkedBlockingQueue.poll(LinkedBlockingQueue.java:467)
        at org.apache.hadoop.ipc.CallQueueManager.take(CallQueueManager.java:288)
        at org.apache.hadoop.ipc.Server$Handler.run(Server.java:2668)
"grpc-default-executor-3" daemon prio=5 tid=4815 timed_waiting
java.lang.Thread.State: TIMED_WAITING
        at sun.misc.Unsafe.park(Native Method)
        at java.util.concurrent.locks.LockSupport.parkNanos(LockSupport.java:215)
        at java.util.concurrent.SynchronousQueue$TransferStack.awaitFulfill(SynchronousQueue.java:460)
        at java.util.concurrent.SynchronousQueue$TransferStack.transfer(SynchronousQueue.java:362)
        at java.util.concurrent.SynchronousQueue.poll(SynchronousQueue.java:941)
        at java.util.concurrent.ThreadPoolExecutor.getTask(ThreadPoolExecutor.java:1073)
        at java.util.concurrent.ThreadPoolExecutor.runWorker(ThreadPoolExecutor.java:1134)
        at java.util.concurrent.ThreadPoolExecutor$Worker.run(ThreadPoolExecutor.java:624)
        at java.lang.Thread.run(Thread.java:748)
"Datanode ReportManager Thread - 1" daemon prio=5 tid=720 timed_waiting
java.lang.Thread.State: TIMED_WAITING
        at sun.misc.Unsafe.park(Native Method)
        at java.util.concurrent.locks.LockSupport.parkNanos(LockSupport.java:215)
        at java.util.concurrent.locks.AbstractQueuedSynchronizer$ConditionObject.awaitNanos(AbstractQueuedSynchronizer.java:2078)
        at java.util.concurrent.ScheduledThreadPoolExecutor$DelayedWorkQueue.take(ScheduledThreadPoolExecutor.java:1093)
        at java.util.concurrent.ScheduledThreadPoolExecutor$DelayedWorkQueue.take(ScheduledThreadPoolExecutor.java:809)
        at java.util.concurrent.ThreadPoolExecutor.getTask(ThreadPoolExecutor.java:1074)
        at java.util.concurrent.ThreadPoolExecutor.runWorker(ThreadPoolExecutor.java:1134)
        at java.util.concurrent.ThreadPoolExecutor$Worker.run(ThreadPoolExecutor.java:624)
        at java.lang.Thread.run(Thread.java:748)
"qtp2000429588-2471" daemon prio=5 tid=2471 timed_waiting
java.lang.Thread.State: TIMED_WAITING
        at sun.misc.Unsafe.park(Native Method)
        at java.util.concurrent.locks.LockSupport.parkNanos(LockSupport.java:215)
        at java.util.concurrent.locks.AbstractQueuedSynchronizer$ConditionObject.awaitNanos(AbstractQueuedSynchronizer.java:2078)
        at org.eclipse.jetty.util.BlockingArrayQueue.poll(BlockingArrayQueue.java:392)
        at org.eclipse.jetty.util.thread.QueuedThreadPool.idleJobPoll(QueuedThreadPool.java:563)
        at org.eclipse.jetty.util.thread.QueuedThreadPool.access$800(QueuedThreadPool.java:48)
        at org.eclipse.jetty.util.thread.QueuedThreadPool$2.run(QueuedThreadPool.java:626)
        at java.lang.Thread.run(Thread.java:748)
"IPC Server handler 15 on 45250" daemon prio=5 tid=2414 timed_waiting
java.lang.Thread.State: TIMED_WAITING
        at sun.misc.Unsafe.park(Native Method)
        at java.util.concurrent.locks.LockSupport.parkNanos(LockSupport.java:215)
        at java.util.concurrent.locks.AbstractQueuedSynchronizer$ConditionObject.awaitNanos(AbstractQueuedSynchronizer.java:2078)
        at java.util.concurrent.LinkedBlockingQueue.poll(LinkedBlockingQueue.java:467)
        at org.apache.hadoop.ipc.CallQueueManager.take(CallQueueManager.java:288)
        at org.apache.hadoop.ipc.Server$Handler.run(Server.java:2668)
"metrics-hadoop-metrics2-reporter-131-thread-1" daemon prio=5 tid=2769 timed_waiting
java.lang.Thread.State: TIMED_WAITING
        at sun.misc.Unsafe.park(Native Method)
        at java.util.concurrent.locks.LockSupport.parkNanos(LockSupport.java:215)
        at java.util.concurrent.locks.AbstractQueuedSynchronizer$ConditionObject.awaitNanos(AbstractQueuedSynchronizer.java:2078)
        at java.util.concurrent.ScheduledThreadPoolExecutor$DelayedWorkQueue.take(ScheduledThreadPoolExecutor.java:1093)
        at java.util.concurrent.ScheduledThreadPoolExecutor$DelayedWorkQueue.take(ScheduledThreadPoolExecutor.java:809)
        at java.util.concurrent.ThreadPoolExecutor.getTask(ThreadPoolExecutor.java:1074)
        at java.util.concurrent.ThreadPoolExecutor.runWorker(ThreadPoolExecutor.java:1134)
        at java.util.concurrent.ThreadPoolExecutor$Worker.run(ThreadPoolExecutor.java:624)
        at java.lang.Thread.run(Thread.java:748)
"Datanode State Machine Thread - 0" daemon prio=5 tid=2450 timed_waiting
java.lang.Thread.State: TIMED_WAITING
        at java.lang.Thread.sleep(Native Method)
        at org.apache.hadoop.ozone.container.common.statemachine.DatanodeStateMachine.start(DatanodeStateMachine.java:191)
        at org.apache.hadoop.ozone.container.common.statemachine.DatanodeStateMachine.lambda$startDaemon$0(DatanodeStateMachine.java:349)
        at org.apache.hadoop.ozone.container.common.statemachine.DatanodeStateMachine$$Lambda$140/1407713529.run(Unknown Source)
        at java.lang.Thread.run(Thread.java:748)
"Datanode ReportManager Thread - 1" daemon prio=5 tid=1962 in Object.wait()
java.lang.Thread.State: WAITING (on object monitor)
        at sun.misc.Unsafe.park(Native Method)
        at java.util.concurrent.locks.LockSupport.park(LockSupport.java:175)
        at java.util.concurrent.locks.AbstractQueuedSynchronizer$ConditionObject.await(AbstractQueuedSynchronizer.java:2039)
        at java.util.concurrent.ScheduledThreadPoolExecutor$DelayedWorkQueue.take(ScheduledThreadPoolExecutor.java:1088)
        at java.util.concurrent.ScheduledThreadPoolExecutor$DelayedWorkQueue.take(ScheduledThreadPoolExecutor.java:809)
        at java.util.concurrent.ThreadPoolExecutor.getTask(ThreadPoolExecutor.java:1074)
        at java.util.concurrent.ThreadPoolExecutor.runWorker(ThreadPoolExecutor.java:1134)
        at java.util.concurrent.ThreadPoolExecutor$Worker.run(ThreadPoolExecutor.java:624)
        at java.lang.Thread.run(Thread.java:748)
"grpc-default-executor-1" daemon prio=5 tid=2750 timed_waiting
java.lang.Thread.State: TIMED_WAITING
        at sun.misc.Unsafe.park(Native Method)
        at java.util.concurrent.locks.LockSupport.parkNanos(LockSupport.java:215)
        at java.util.concurrent.SynchronousQueue$TransferStack.awaitFulfill(SynchronousQueue.java:460)
        at java.util.concurrent.SynchronousQueue$TransferStack.transfer(SynchronousQueue.java:362)
        at java.util.concurrent.SynchronousQueue.poll(SynchronousQueue.java:941)
        at java.util.concurrent.ThreadPoolExecutor.getTask(ThreadPoolExecutor.java:1073)
        at java.util.concurrent.ThreadPoolExecutor.runWorker(ThreadPoolExecutor.java:1134)
        at java.util.concurrent.ThreadPoolExecutor$Worker.run(ThreadPoolExecutor.java:624)
        at java.lang.Thread.run(Thread.java:748)
"qtp2000429588-2472" daemon prio=5 tid=2472 timed_waiting
java.lang.Thread.State: TIMED_WAITING
        at sun.misc.Unsafe.park(Native Method)
        at java.util.concurrent.locks.LockSupport.parkNanos(LockSupport.java:215)
        at java.util.concurrent.locks.AbstractQueuedSynchronizer$ConditionObject.awaitNanos(AbstractQueuedSynchronizer.java:2078)
        at org.eclipse.jetty.util.BlockingArrayQueue.poll(BlockingArrayQueue.java:392)
        at org.eclipse.jetty.util.thread.QueuedThreadPool.idleJobPoll(QueuedThreadPool.java:563)
        at org.eclipse.jetty.util.thread.QueuedThreadPool.access$800(QueuedThreadPool.java:48)
        at org.eclipse.jetty.util.thread.QueuedThreadPool$2.run(QueuedThreadPool.java:626)
        at java.lang.Thread.run(Thread.java:748)
"pool-236-thread-27"  prio=5 tid=2602 in Object.wait()
java.lang.Thread.State: WAITING (on object monitor)
        at sun.misc.Unsafe.park(Native Method)
        at java.util.concurrent.locks.LockSupport.park(LockSupport.java:175)
        at java.util.concurrent.locks.AbstractQueuedSynchronizer$ConditionObject.await(AbstractQueuedSynchronizer.java:2039)
        at java.util.concurrent.ArrayBlockingQueue.take(ArrayBlockingQueue.java:403)
        at java.util.concurrent.ThreadPoolExecutor.getTask(ThreadPoolExecutor.java:1074)
        at java.util.concurrent.ThreadPoolExecutor.runWorker(ThreadPoolExecutor.java:1134)
        at java.util.concurrent.ThreadPoolExecutor$Worker.run(ThreadPoolExecutor.java:624)
        at java.lang.Thread.run(Thread.java:748)
"PartialTableCache Cleanup Thread - 0" daemon prio=5 tid=2280 in Object.wait()
java.lang.Thread.State: WAITING (on object monitor)
        at sun.misc.Unsafe.park(Native Method)
        at java.util.concurrent.locks.LockSupport.park(LockSupport.java:175)
        at java.util.concurrent.locks.AbstractQueuedSynchronizer$ConditionObject.await(AbstractQueuedSynchronizer.java:2039)
        at java.util.concurrent.LinkedBlockingQueue.take(LinkedBlockingQueue.java:442)
        at java.util.concurrent.ThreadPoolExecutor.getTask(ThreadPoolExecutor.java:1074)
        at java.util.concurrent.ThreadPoolExecutor.runWorker(ThreadPoolExecutor.java:1134)
        at java.util.concurrent.ThreadPoolExecutor$Worker.run(ThreadPoolExecutor.java:624)
        at java.lang.Thread.run(Thread.java:748)
"metrics-hadoop-metrics2-reporter-129-thread-1" daemon prio=5 tid=2763 timed_waiting
java.lang.Thread.State: TIMED_WAITING
        at sun.misc.Unsafe.park(Native Method)
        at java.util.concurrent.locks.LockSupport.parkNanos(LockSupport.java:215)
        at java.util.concurrent.locks.AbstractQueuedSynchronizer$ConditionObject.awaitNanos(AbstractQueuedSynchronizer.java:2078)
        at java.util.concurrent.ScheduledThreadPoolExecutor$DelayedWorkQueue.take(ScheduledThreadPoolExecutor.java:1093)
        at java.util.concurrent.ScheduledThreadPoolExecutor$DelayedWorkQueue.take(ScheduledThreadPoolExecutor.java:809)
        at java.util.concurrent.ThreadPoolExecutor.getTask(ThreadPoolExecutor.java:1074)
        at java.util.concurrent.ThreadPoolExecutor.runWorker(ThreadPoolExecutor.java:1134)
        at java.util.concurrent.ThreadPoolExecutor$Worker.run(ThreadPoolExecutor.java:624)
        at java.lang.Thread.run(Thread.java:748)
"pool-226-thread-28"  prio=5 tid=2540 in Object.wait()
java.lang.Thread.State: WAITING (on object monitor)
        at sun.misc.Unsafe.park(Native Method)
        at java.util.concurrent.locks.LockSupport.park(LockSupport.java:175)
        at java.util.concurrent.locks.AbstractQueuedSynchronizer$ConditionObject.await(AbstractQueuedSynchronizer.java:2039)
        at java.util.concurrent.ArrayBlockingQueue.take(ArrayBlockingQueue.java:403)
        at java.util.concurrent.ThreadPoolExecutor.getTask(ThreadPoolExecutor.java:1074)
        at java.util.concurrent.ThreadPoolExecutor.runWorker(ThreadPoolExecutor.java:1134)
        at java.util.concurrent.ThreadPoolExecutor$Worker.run(ThreadPoolExecutor.java:624)
        at java.lang.Thread.run(Thread.java:748)
"IPC Server handler 19 on 45250" daemon prio=5 tid=2418 timed_waiting
java.lang.Thread.State: TIMED_WAITING
        at sun.misc.Unsafe.park(Native Method)
        at java.util.concurrent.locks.LockSupport.parkNanos(LockSupport.java:215)
        at java.util.concurrent.locks.AbstractQueuedSynchronizer$ConditionObject.awaitNanos(AbstractQueuedSynchronizer.java:2078)
        at java.util.concurrent.LinkedBlockingQueue.poll(LinkedBlockingQueue.java:467)
        at org.apache.hadoop.ipc.CallQueueManager.take(CallQueueManager.java:288)
        at org.apache.hadoop.ipc.Server$Handler.run(Server.java:2668)
"metrics-hadoop-metrics2-reporter-103-thread-1" daemon prio=5 tid=2241 timed_waiting
java.lang.Thread.State: TIMED_WAITING
        at sun.misc.Unsafe.park(Native Method)
        at java.util.concurrent.locks.LockSupport.parkNanos(LockSupport.java:215)
        at java.util.concurrent.locks.AbstractQueuedSynchronizer$ConditionObject.awaitNanos(AbstractQueuedSynchronizer.java:2078)
        at java.util.concurrent.ScheduledThreadPoolExecutor$DelayedWorkQueue.take(ScheduledThreadPoolExecutor.java:1093)
        at java.util.concurrent.ScheduledThreadPoolExecutor$DelayedWorkQueue.take(ScheduledThreadPoolExecutor.java:809)
        at java.util.concurrent.ThreadPoolExecutor.getTask(ThreadPoolExecutor.java:1074)
        at java.util.concurrent.ThreadPoolExecutor.runWorker(ThreadPoolExecutor.java:1134)
        at java.util.concurrent.ThreadPoolExecutor$Worker.run(ThreadPoolExecutor.java:624)
        at java.lang.Thread.run(Thread.java:748)
"Datanode ReportManager Thread - 3" daemon prio=5 tid=1937 in Object.wait()
java.lang.Thread.State: WAITING (on object monitor)
        at sun.misc.Unsafe.park(Native Method)
        at java.util.concurrent.locks.LockSupport.park(LockSupport.java:175)
        at java.util.concurrent.locks.AbstractQueuedSynchronizer$ConditionObject.await(AbstractQueuedSynchronizer.java:2039)
        at java.util.concurrent.ScheduledThreadPoolExecutor$DelayedWorkQueue.take(ScheduledThreadPoolExecutor.java:1088)
        at java.util.concurrent.ScheduledThreadPoolExecutor$DelayedWorkQueue.take(ScheduledThreadPoolExecutor.java:809)
        at java.util.concurrent.ThreadPoolExecutor.getTask(ThreadPoolExecutor.java:1074)
        at java.util.concurrent.ThreadPoolExecutor.runWorker(ThreadPoolExecutor.java:1134)
        at java.util.concurrent.ThreadPoolExecutor$Worker.run(ThreadPoolExecutor.java:624)
        at java.lang.Thread.run(Thread.java:748)
"PartialTableCache Cleanup Thread - 0" daemon prio=5 tid=1769 in Object.wait()
java.lang.Thread.State: WAITING (on object monitor)
        at sun.misc.Unsafe.park(Native Method)
        at java.util.concurrent.locks.LockSupport.park(LockSupport.java:175)
        at java.util.concurrent.locks.AbstractQueuedSynchronizer$ConditionObject.await(AbstractQueuedSynchronizer.java:2039)
        at java.util.concurrent.LinkedBlockingQueue.take(LinkedBlockingQueue.java:442)
        at java.util.concurrent.ThreadPoolExecutor.getTask(ThreadPoolExecutor.java:1074)
        at java.util.concurrent.ThreadPoolExecutor.runWorker(ThreadPoolExecutor.java:1134)
        at java.util.concurrent.ThreadPoolExecutor$Worker.run(ThreadPoolExecutor.java:624)
        at java.lang.Thread.run(Thread.java:748)
"metrics-hadoop-metrics2-reporter-53-thread-1" daemon prio=5 tid=1202 timed_waiting
java.lang.Thread.State: TIMED_WAITING
        at sun.misc.Unsafe.park(Native Method)
        at java.util.concurrent.locks.LockSupport.parkNanos(LockSupport.java:215)
        at java.util.concurrent.locks.AbstractQueuedSynchronizer$ConditionObject.awaitNanos(AbstractQueuedSynchronizer.java:2078)
        at java.util.concurrent.ScheduledThreadPoolExecutor$DelayedWorkQueue.take(ScheduledThreadPoolExecutor.java:1093)
        at java.util.concurrent.ScheduledThreadPoolExecutor$DelayedWorkQueue.take(ScheduledThreadPoolExecutor.java:809)
        at java.util.concurrent.ThreadPoolExecutor.getTask(ThreadPoolExecutor.java:1074)
        at java.util.concurrent.ThreadPoolExecutor.runWorker(ThreadPoolExecutor.java:1134)
        at java.util.concurrent.ThreadPoolExecutor$Worker.run(ThreadPoolExecutor.java:624)
        at java.lang.Thread.run(Thread.java:748)


	at org.apache.hadoop.test.GenericTestUtils.waitFor(GenericTestUtils.java:389)
	at org.apache.hadoop.ozone.MiniOzoneClusterImpl.waitForClusterToBeReady(MiniOzoneClusterImpl.java:149)
	at org.apache.hadoop.fs.ozone.TestOzoneFileInterfaces.init(TestOzoneFileInterfaces.java:121)
	at sun.reflect.NativeMethodAccessorImpl.invoke0(Native Method)
	at sun.reflect.NativeMethodAccessorImpl.invoke(NativeMethodAccessorImpl.java:62)
	at sun.reflect.DelegatingMethodAccessorImpl.invoke(DelegatingMethodAccessorImpl.java:43)
	at java.lang.reflect.Method.invoke(Method.java:498)
	at org.junit.runners.model.FrameworkMethod$1.runReflectiveCall(FrameworkMethod.java:47)
	at org.junit.internal.runners.model.ReflectiveCallable.run(ReflectiveCallable.java:12)
	at org.junit.runners.model.FrameworkMethod.invokeExplosively(FrameworkMethod.java:44)
	at org.junit.internal.runners.statements.RunBefores.evaluate(RunBefores.java:24)
	at org.junit.internal.runners.statements.RunAfters.evaluate(RunAfters.java:27)
	at org.junit.runners.ParentRunner.runLeaf(ParentRunner.java:271)
	at org.junit.runners.BlockJUnit4ClassRunner.runChild(BlockJUnit4ClassRunner.java:70)
	at org.junit.runners.BlockJUnit4ClassRunner.runChild(BlockJUnit4ClassRunner.java:50)
	at org.junit.runners.ParentRunner$3.run(ParentRunner.java:238)
	at org.junit.runners.ParentRunner$1.schedule(ParentRunner.java:63)
	at org.junit.runners.ParentRunner.runChildren(ParentRunner.java:236)
	at org.junit.runners.ParentRunner.access$000(ParentRunner.java:53)
	at org.junit.runners.ParentRunner$2.evaluate(ParentRunner.java:229)
	at org.junit.runners.ParentRunner.run(ParentRunner.java:309)
	at org.junit.runners.Suite.runChild(Suite.java:127)
	at org.junit.runners.Suite.runChild(Suite.java:26)
	at org.junit.runners.ParentRunner$3.run(ParentRunner.java:238)
	at org.junit.runners.ParentRunner$1.schedule(ParentRunner.java:63)
	at org.junit.runners.ParentRunner.runChildren(ParentRunner.java:236)
	at org.junit.runners.ParentRunner.access$000(ParentRunner.java:53)
	at org.junit.runners.ParentRunner$2.evaluate(ParentRunner.java:229)
	at org.junit.runners.ParentRunner.run(ParentRunner.java:309)
	at org.apache.maven.surefire.junit4.JUnit4Provider.execute(JUnit4Provider.java:365)
	at org.apache.maven.surefire.junit4.JUnit4Provider.executeWithRerun(JUnit4Provider.java:273)
	at org.apache.maven.surefire.junit4.JUnit4Provider.executeTestSet(JUnit4Provider.java:238)
	at org.apache.maven.surefire.junit4.JUnit4Provider.invoke(JUnit4Provider.java:159)
	at org.apache.maven.surefire.booter.ForkedBooter.invokeProviderInSameClassLoader(ForkedBooter.java:384)
	at org.apache.maven.surefire.booter.ForkedBooter.runSuitesInProcess(ForkedBooter.java:345)
	at org.apache.maven.surefire.booter.ForkedBooter.execute(ForkedBooter.java:126)
	at org.apache.maven.surefire.booter.ForkedBooter.main(ForkedBooter.java:418)
</error>
    <system-out><![CDATA[2019-10-17 02:14:24,966 [main] WARN  server.ServerUtils (ServerUtils.java:getScmDbDir(145)) - ozone.scm.db.dirs is not configured. We recommend adding this setting. Falling back to ozone.metadata.dirs instead.
2019-10-17 02:14:24,981 [main] WARN  server.ServerUtils (ServerUtils.java:getScmDbDir(145)) - ozone.scm.db.dirs is not configured. We recommend adding this setting. Falling back to ozone.metadata.dirs instead.
2019-10-17 02:14:24,981 [main] WARN  server.ServerUtils (ServerUtils.java:getScmDbDir(145)) - ozone.scm.db.dirs is not configured. We recommend adding this setting. Falling back to ozone.metadata.dirs instead.
2019-10-17 02:14:24,981 [main] INFO  db.DBStoreBuilder (DBStoreBuilder.java:addTable(117)) - using custom profile for table: deletedBlocks
2019-10-17 02:14:24,982 [main] INFO  db.DBStoreBuilder (DBStoreBuilder.java:processTables(168)) - Using default column profile:DBProfile.DISK for Table:deletedBlocks
2019-10-17 02:14:24,982 [main] INFO  db.DBStoreBuilder (DBStoreBuilder.java:addTable(117)) - using custom profile for table: validCerts
2019-10-17 02:14:24,982 [main] INFO  db.DBStoreBuilder (DBStoreBuilder.java:processTables(168)) - Using default column profile:DBProfile.DISK for Table:validCerts
2019-10-17 02:14:24,982 [main] INFO  db.DBStoreBuilder (DBStoreBuilder.java:addTable(117)) - using custom profile for table: revokedCerts
2019-10-17 02:14:24,982 [main] INFO  db.DBStoreBuilder (DBStoreBuilder.java:processTables(168)) - Using default column profile:DBProfile.DISK for Table:revokedCerts
2019-10-17 02:14:24,982 [main] INFO  db.DBStoreBuilder (DBStoreBuilder.java:addTable(117)) - using custom profile for table: default
2019-10-17 02:14:24,982 [main] INFO  db.DBStoreBuilder (DBStoreBuilder.java:processTables(174)) - Using default column profile:DBProfile.DISK for Table:default
2019-10-17 02:14:24,983 [main] INFO  db.DBStoreBuilder (DBStoreBuilder.java:getDbProfile(205)) - Using default options. DBProfile.DISK
2019-10-17 02:14:25,088 [main] INFO  net.NodeSchemaLoader (NodeSchemaLoader.java:loadSchemaFromFile(125)) - Loading file from sun.misc.CompoundEnumeration@a0bf272
2019-10-17 02:14:25,089 [main] INFO  net.NodeSchemaLoader (NodeSchemaLoader.java:loadSchema(171)) - Loading network topology layer schema file
2019-10-17 02:14:25,092 [main] WARN  server.ServerUtils (ServerUtils.java:sanitizeUserArgs(70)) - ozone.scm.stale.node.interval value = 300000 is larger than max = 100000 based on the key value of ozone.scm.heartbeat.thread.interval, reset to the max value 100000.
2019-10-17 02:14:25,092 [main] WARN  server.ServerUtils (ServerUtils.java:sanitizeUserArgs(70)) - ozone.scm.stale.node.interval value = 300000 is larger than max = 100000 based on the key value of ozone.scm.heartbeat.thread.interval, reset to the max value 100000.
2019-10-17 02:14:25,093 [main] INFO  node.SCMNodeManager (SCMNodeManager.java:<init>(116)) - Entering startup safe mode.
2019-10-17 02:14:25,093 [main] INFO  algorithms.ContainerPlacementPolicyFactory (ContainerPlacementPolicyFactory.java:getPolicy(57)) - Create container placement policy of type org.apache.hadoop.hdds.scm.container.placement.algorithms.SCMContainerPlacementRandom
2019-10-17 02:14:25,093 [main] WARN  server.ServerUtils (ServerUtils.java:getScmDbDir(145)) - ozone.scm.db.dirs is not configured. We recommend adding this setting. Falling back to ozone.metadata.dirs instead.
2019-10-17 02:14:25,129 [main] INFO  pipeline.SCMPipelineManager (SCMPipelineManager.java:initializePipelineState(132)) - No pipeline exists in current db
2019-10-17 02:14:25,130 [main] WARN  server.ServerUtils (ServerUtils.java:getScmDbDir(145)) - ozone.scm.db.dirs is not configured. We recommend adding this setting. Falling back to ozone.metadata.dirs instead.
2019-10-17 02:14:25,168 [main] WARN  events.EventQueue (EventQueue.java:fireEvent(183)) - No event handler registered for event TypedEvent{payloadType=SafeModeStatus, name='SafeModeStatus'}
2019-10-17 02:14:25,168 [main] INFO  ipc.CallQueueManager (CallQueueManager.java:<init>(84)) - Using callQueue: class java.util.concurrent.LinkedBlockingQueue, queueCapacity: 2000, scheduler: class org.apache.hadoop.ipc.DefaultRpcScheduler, ipcBackoff: false.
2019-10-17 02:14:25,169 [Socket Reader #1 for port 38076] INFO  ipc.Server (Server.java:run(1074)) - Starting Socket Reader #1 for port 38076
2019-10-17 02:14:25,171 [main] INFO  ipc.CallQueueManager (CallQueueManager.java:<init>(84)) - Using callQueue: class java.util.concurrent.LinkedBlockingQueue, queueCapacity: 2000, scheduler: class org.apache.hadoop.ipc.DefaultRpcScheduler, ipcBackoff: false.
2019-10-17 02:14:25,171 [Socket Reader #1 for port 35795] INFO  ipc.Server (Server.java:run(1074)) - Starting Socket Reader #1 for port 35795
2019-10-17 02:14:25,172 [main] INFO  ipc.CallQueueManager (CallQueueManager.java:<init>(84)) - Using callQueue: class java.util.concurrent.LinkedBlockingQueue, queueCapacity: 2000, scheduler: class org.apache.hadoop.ipc.DefaultRpcScheduler, ipcBackoff: false.
2019-10-17 02:14:25,173 [Socket Reader #1 for port 40756] INFO  ipc.Server (Server.java:run(1074)) - Starting Socket Reader #1 for port 40756
2019-10-17 02:14:25,175 [main] INFO  hdfs.DFSUtil (DFSUtil.java:httpServerTemplateForNNAndJN(1641)) - Starting Web-server for scm at: http://0.0.0.0:0
2019-10-17 02:14:25,177 [main] INFO  server.AuthenticationFilter (AuthenticationFilter.java:constructSecretProvider(240)) - Unable to initialize FileSignerSecretProvider, falling back to use random secrets.
2019-10-17 02:14:25,177 [main] WARN  http.HttpRequestLog (HttpRequestLog.java:getRequestLog(97)) - Jetty request log can only be enabled using Log4j
2019-10-17 02:14:25,179 [main] INFO  http.HttpServer2 (HttpServer2.java:addGlobalFilter(975)) - Added global filter 'safety' (class=org.apache.hadoop.http.HttpServer2$QuotingInputFilter)
2019-10-17 02:14:25,179 [main] INFO  http.HttpServer2 (HttpServer2.java:addFilter(948)) - Added filter static_user_filter (class=org.apache.hadoop.http.lib.StaticUserWebFilter$StaticUserFilter) to context scm
2019-10-17 02:14:25,180 [main] INFO  http.HttpServer2 (HttpServer2.java:addFilter(958)) - Added filter static_user_filter (class=org.apache.hadoop.http.lib.StaticUserWebFilter$StaticUserFilter) to context logs
2019-10-17 02:14:25,180 [main] INFO  http.HttpServer2 (HttpServer2.java:addFilter(958)) - Added filter static_user_filter (class=org.apache.hadoop.http.lib.StaticUserWebFilter$StaticUserFilter) to context static
2019-10-17 02:14:25,181 [main] INFO  server.StorageContainerManager (StorageContainerManager.java:start(772)) - StorageContainerLocationProtocol RPC server is listening at /0.0.0.0:40756
2019-10-17 02:14:25,183 [main] WARN  impl.MetricsConfig (MetricsConfig.java:loadFirst(134)) - Cannot locate configuration: tried hadoop-metrics2-storagecontainermanager.properties,hadoop-metrics2.properties
2019-10-17 02:14:25,184 [main] INFO  impl.MetricsSystemImpl (MetricsSystemImpl.java:startTimer(374)) - Scheduled Metric snapshot period at 10 second(s).
2019-10-17 02:14:25,184 [main] INFO  impl.MetricsSystemImpl (MetricsSystemImpl.java:start(191)) - StorageContainerManager metrics system started
2019-10-17 02:14:25,203 [main] WARN  impl.MetricsSystemImpl (MetricsSystemImpl.java:register(276)) - Sink prometheus already exists!
2019-10-17 02:14:25,248 [main] INFO  server.SCMClientProtocolServer (SCMClientProtocolServer.java:start(159)) - RPC server for Client  is listening at /0.0.0.0:40756
2019-10-17 02:14:25,248 [IPC Server Responder] INFO  ipc.Server (Server.java:run(1314)) - IPC Server Responder: starting
2019-10-17 02:14:25,248 [IPC Server listener on 40756] INFO  ipc.Server (Server.java:run(1153)) - IPC Server listener on 40756: starting
2019-10-17 02:14:25,251 [main] INFO  server.StorageContainerManager (StorageContainerManager.java:start(782)) - ScmBlockLocationProtocol RPC server is listening at /0.0.0.0:35795
2019-10-17 02:14:25,251 [main] INFO  server.SCMBlockProtocolServer (SCMBlockProtocolServer.java:start(146)) - RPC server for Block Protocol is listening at /0.0.0.0:35795
2019-10-17 02:14:25,251 [IPC Server Responder] INFO  ipc.Server (Server.java:run(1314)) - IPC Server Responder: starting
2019-10-17 02:14:25,251 [IPC Server listener on 35795] INFO  ipc.Server (Server.java:run(1153)) - IPC Server listener on 35795: starting
2019-10-17 02:14:25,254 [main] INFO  server.StorageContainerManager (StorageContainerManager.java:start(786)) - ScmDatanodeProtocl RPC server is listening at /0.0.0.0:38076
2019-10-17 02:14:25,254 [main] INFO  server.SCMDatanodeProtocolServer (SCMDatanodeProtocolServer.java:start(169)) - RPC server for DataNodes is listening at /0.0.0.0:38076
2019-10-17 02:14:25,254 [IPC Server Responder] INFO  ipc.Server (Server.java:run(1314)) - IPC Server Responder: starting
2019-10-17 02:14:25,254 [IPC Server listener on 38076] INFO  ipc.Server (Server.java:run(1153)) - IPC Server listener on 38076: starting
2019-10-17 02:14:25,258 [main] INFO  http.HttpServer2 (HttpServer2.java:bindListener(1191)) - Jetty bound to port 45406
2019-10-17 02:14:25,258 [main] INFO  server.Server (Server.java:doStart(351)) - jetty-9.3.25.v20180904, build timestamp: 2018-09-04T21:11:46Z, git hash: 3ce520221d0240229c862b122d2b06c12a625732
2019-10-17 02:14:25,259 [main] INFO  handler.ContextHandler (ContextHandler.java:doStart(781)) - Started o.e.j.s.ServletContextHandler@531ec978{/logs,file:///workdir/hadoop-ozone/ozonefs/target/log,AVAILABLE}
2019-10-17 02:14:25,260 [main] INFO  handler.ContextHandler (ContextHandler.java:doStart(781)) - Started o.e.j.s.ServletContextHandler@11d4d979{/static,jar:file:/home/user/.m2/repository/org/apache/hadoop/hadoop-hdds-server-scm/0.5.0-SNAPSHOT/hadoop-hdds-server-scm-0.5.0-SNAPSHOT.jar!/webapps/static,AVAILABLE}
2019-10-17 02:14:25,304 [main] INFO  handler.ContextHandler (ContextHandler.java:doStart(781)) - Started o.e.j.w.WebAppContext@4f820f42{/,file:///tmp/jetty-0.0.0.0-45406-scm-_-any-5849314783133436413.dir/webapp/,AVAILABLE}{/scm}
2019-10-17 02:14:25,306 [main] INFO  server.AbstractConnector (AbstractConnector.java:doStart(278)) - Started ServerConnector@4b325930{HTTP/1.1,[http/1.1]}{0.0.0.0:45406}
2019-10-17 02:14:25,306 [main] INFO  server.Server (Server.java:doStart(419)) - Started @75932ms
2019-10-17 02:14:25,306 [main] WARN  impl.MetricsSystemImpl (MetricsSystemImpl.java:register(276)) - Sink prometheus already exists!
2019-10-17 02:14:25,308 [main] INFO  server.BaseHttpServer (BaseHttpServer.java:updateConnectorAddress(215)) - HTTP server of SCM is listening at http://0.0.0.0:45406
2019-10-17 02:14:25,309 [main] WARN  server.ServerUtils (ServerUtils.java:getDBPath(222)) - ozone.om.db.dirs is not configured. We recommend adding this setting. Falling back to ozone.metadata.dirs instead.
2019-10-17 02:14:25,309 [org.apache.hadoop.util.JvmPauseMonitor$Monitor@79ba0a6f] INFO  util.JvmPauseMonitor (JvmPauseMonitor.java:run(188)) - Starting JVM pause monitor
2019-10-17 02:14:25,383 [main] INFO  ha.OMHANodeDetails (OMHANodeDetails.java:loadOMHAConfig(190)) - Configuration either no ozone.om.address set. Falling back to the default OM address /127.0.0.1:0
2019-10-17 02:14:25,383 [main] INFO  ha.OMHANodeDetails (OMHANodeDetails.java:getOMNodeDetails(220)) - OM Service ID is not set. Setting it to the default ID: omServiceIdDefault
2019-10-17 02:14:25,384 [main] WARN  server.ServerUtils (ServerUtils.java:getDBPath(222)) - ozone.om.db.dirs is not configured. We recommend adding this setting. Falling back to ozone.metadata.dirs instead.
2019-10-17 02:14:25,384 [main] WARN  server.ServerUtils (ServerUtils.java:getDBPath(222)) - ozone.om.db.dirs is not configured. We recommend adding this setting. Falling back to ozone.metadata.dirs instead.
2019-10-17 02:14:25,391 [main] WARN  server.ServerUtils (ServerUtils.java:getDBPath(222)) - ozone.om.db.dirs is not configured. We recommend adding this setting. Falling back to ozone.metadata.dirs instead.
2019-10-17 02:14:25,391 [main] INFO  db.DBStoreBuilder (DBStoreBuilder.java:addTable(117)) - using custom profile for table: userTable
2019-10-17 02:14:25,391 [main] INFO  db.DBStoreBuilder (DBStoreBuilder.java:processTables(168)) - Using default column profile:DBProfile.DISK for Table:userTable
2019-10-17 02:14:25,392 [main] INFO  db.DBStoreBuilder (DBStoreBuilder.java:addTable(117)) - using custom profile for table: volumeTable
2019-10-17 02:14:25,392 [main] INFO  db.DBStoreBuilder (DBStoreBuilder.java:processTables(168)) - Using default column profile:DBProfile.DISK for Table:volumeTable
2019-10-17 02:14:25,392 [main] INFO  db.DBStoreBuilder (DBStoreBuilder.java:addTable(117)) - using custom profile for table: bucketTable
2019-10-17 02:14:25,392 [main] INFO  db.DBStoreBuilder (DBStoreBuilder.java:processTables(168)) - Using default column profile:DBProfile.DISK for Table:bucketTable
2019-10-17 02:14:25,392 [main] INFO  db.DBStoreBuilder (DBStoreBuilder.java:addTable(117)) - using custom profile for table: keyTable
2019-10-17 02:14:25,392 [main] INFO  db.DBStoreBuilder (DBStoreBuilder.java:processTables(168)) - Using default column profile:DBProfile.DISK for Table:keyTable
2019-10-17 02:14:25,392 [main] INFO  db.DBStoreBuilder (DBStoreBuilder.java:addTable(117)) - using custom profile for table: deletedTable
2019-10-17 02:14:25,392 [main] INFO  db.DBStoreBuilder (DBStoreBuilder.java:processTables(168)) - Using default column profile:DBProfile.DISK for Table:deletedTable
2019-10-17 02:14:25,393 [main] INFO  db.DBStoreBuilder (DBStoreBuilder.java:addTable(117)) - using custom profile for table: openKeyTable
2019-10-17 02:14:25,393 [main] INFO  db.DBStoreBuilder (DBStoreBuilder.java:processTables(168)) - Using default column profile:DBProfile.DISK for Table:openKeyTable
2019-10-17 02:14:25,393 [main] INFO  db.DBStoreBuilder (DBStoreBuilder.java:addTable(117)) - using custom profile for table: s3Table
2019-10-17 02:14:25,393 [main] INFO  db.DBStoreBuilder (DBStoreBuilder.java:processTables(168)) - Using default column profile:DBProfile.DISK for Table:s3Table
2019-10-17 02:14:25,393 [main] INFO  db.DBStoreBuilder (DBStoreBuilder.java:addTable(117)) - using custom profile for table: multipartInfoTable
2019-10-17 02:14:25,393 [main] INFO  db.DBStoreBuilder (DBStoreBuilder.java:processTables(168)) - Using default column profile:DBProfile.DISK for Table:multipartInfoTable
2019-10-17 02:14:25,394 [main] INFO  db.DBStoreBuilder (DBStoreBuilder.java:addTable(117)) - using custom profile for table: dTokenTable
2019-10-17 02:14:25,394 [main] INFO  db.DBStoreBuilder (DBStoreBuilder.java:processTables(168)) - Using default column profile:DBProfile.DISK for Table:dTokenTable
2019-10-17 02:14:25,394 [main] INFO  db.DBStoreBuilder (DBStoreBuilder.java:addTable(117)) - using custom profile for table: s3SecretTable
2019-10-17 02:14:25,394 [main] INFO  db.DBStoreBuilder (DBStoreBuilder.java:processTables(168)) - Using default column profile:DBProfile.DISK for Table:s3SecretTable
2019-10-17 02:14:25,394 [main] INFO  db.DBStoreBuilder (DBStoreBuilder.java:addTable(117)) - using custom profile for table: prefixTable
2019-10-17 02:14:25,394 [main] INFO  db.DBStoreBuilder (DBStoreBuilder.java:processTables(168)) - Using default column profile:DBProfile.DISK for Table:prefixTable
2019-10-17 02:14:25,394 [main] INFO  db.DBStoreBuilder (DBStoreBuilder.java:addTable(117)) - using custom profile for table: default
2019-10-17 02:14:25,395 [main] INFO  db.DBStoreBuilder (DBStoreBuilder.java:processTables(174)) - Using default column profile:DBProfile.DISK for Table:default
2019-10-17 02:14:25,395 [main] INFO  db.DBStoreBuilder (DBStoreBuilder.java:getDbProfile(205)) - Using default options. DBProfile.DISK
2019-10-17 02:14:25,791 [main] INFO  ipc.CallQueueManager (CallQueueManager.java:<init>(84)) - Using callQueue: class java.util.concurrent.LinkedBlockingQueue, queueCapacity: 2000, scheduler: class org.apache.hadoop.ipc.DefaultRpcScheduler, ipcBackoff: false.
2019-10-17 02:14:25,795 [Socket Reader #1 for port 45250] INFO  ipc.Server (Server.java:run(1074)) - Starting Socket Reader #1 for port 45250
2019-10-17 02:14:25,831 [main] INFO  om.OzoneManager (OzoneManager.java:start(1071)) - OzoneManager RPC server is listening at localhost/127.0.0.1:45250
2019-10-17 02:14:25,831 [main] INFO  impl.MetricsSystemImpl (MetricsSystemImpl.java:init(158)) - OzoneManager metrics system started (again)
2019-10-17 02:14:25,835 [IPC Server Responder] INFO  ipc.Server (Server.java:run(1314)) - IPC Server Responder: starting
2019-10-17 02:14:25,835 [IPC Server listener on 45250] INFO  ipc.Server (Server.java:run(1153)) - IPC Server listener on 45250: starting
2019-10-17 02:14:25,841 [main] INFO  hdfs.DFSUtil (DFSUtil.java:httpServerTemplateForNNAndJN(1641)) - Starting Web-server for ozoneManager at: http://0.0.0.0:0
2019-10-17 02:14:25,845 [main] INFO  server.AuthenticationFilter (AuthenticationFilter.java:constructSecretProvider(240)) - Unable to initialize FileSignerSecretProvider, falling back to use random secrets.
2019-10-17 02:14:25,845 [main] WARN  http.HttpRequestLog (HttpRequestLog.java:getRequestLog(97)) - Jetty request log can only be enabled using Log4j
2019-10-17 02:14:25,847 [main] INFO  http.HttpServer2 (HttpServer2.java:addGlobalFilter(975)) - Added global filter 'safety' (class=org.apache.hadoop.http.HttpServer2$QuotingInputFilter)
2019-10-17 02:14:25,847 [main] INFO  http.HttpServer2 (HttpServer2.java:addFilter(948)) - Added filter static_user_filter (class=org.apache.hadoop.http.lib.StaticUserWebFilter$StaticUserFilter) to context ozoneManager
2019-10-17 02:14:25,848 [main] INFO  http.HttpServer2 (HttpServer2.java:addFilter(958)) - Added filter static_user_filter (class=org.apache.hadoop.http.lib.StaticUserWebFilter$StaticUserFilter) to context logs
2019-10-17 02:14:25,848 [main] INFO  http.HttpServer2 (HttpServer2.java:addFilter(958)) - Added filter static_user_filter (class=org.apache.hadoop.http.lib.StaticUserWebFilter$StaticUserFilter) to context static
2019-10-17 02:14:25,848 [main] INFO  http.HttpServer2 (HttpServer2.java:bindListener(1191)) - Jetty bound to port 36726
2019-10-17 02:14:25,848 [main] INFO  server.Server (Server.java:doStart(351)) - jetty-9.3.25.v20180904, build timestamp: 2018-09-04T21:11:46Z, git hash: 3ce520221d0240229c862b122d2b06c12a625732
2019-10-17 02:14:25,850 [main] INFO  handler.ContextHandler (ContextHandler.java:doStart(781)) - Started o.e.j.s.ServletContextHandler@668cc9a2{/logs,file:///workdir/hadoop-ozone/ozonefs/target/log,AVAILABLE}
2019-10-17 02:14:25,850 [main] INFO  handler.ContextHandler (ContextHandler.java:doStart(781)) - Started o.e.j.s.ServletContextHandler@1f7cec93{/static,jar:file:/home/user/.m2/repository/org/apache/hadoop/hadoop-ozone-ozone-manager/0.5.0-SNAPSHOT/hadoop-ozone-ozone-manager-0.5.0-SNAPSHOT.jar!/webapps/static,AVAILABLE}
2019-10-17 02:14:25,896 [main] INFO  handler.ContextHandler (ContextHandler.java:doStart(781)) - Started o.e.j.w.WebAppContext@20d19f2c{/,file:///tmp/jetty-0.0.0.0-36726-ozoneManager-_-any-8702040997425767162.dir/webapp/,AVAILABLE}{/ozoneManager}
2019-10-17 02:14:25,896 [main] INFO  server.AbstractConnector (AbstractConnector.java:doStart(278)) - Started ServerConnector@45592af7{HTTP/1.1,[http/1.1]}{0.0.0.0:36726}
2019-10-17 02:14:25,899 [main] INFO  server.Server (Server.java:doStart(419)) - Started @76525ms
2019-10-17 02:14:25,899 [main] WARN  impl.MetricsSystemImpl (MetricsSystemImpl.java:register(276)) - Sink prometheus already exists!
2019-10-17 02:14:25,900 [main] INFO  server.BaseHttpServer (BaseHttpServer.java:updateConnectorAddress(215)) - HTTP server of OZONEMANAGER is listening at http://0.0.0.0:36726
2019-10-17 02:14:25,907 [main] INFO  impl.MetricsSystemImpl (MetricsSystemImpl.java:init(158)) - HddsDatanode metrics system started (again)
2019-10-17 02:14:25,910 [main] INFO  ozone.HddsDatanodeService (HddsDatanodeService.java:start(184)) - HddsDatanodeService host:pr-hdds-1868-g97gg-2149769003 ip:192.168.157.194
2019-10-17 02:14:25,916 [main] INFO  volume.HddsVolume (HddsVolume.java:<init>(176)) - Creating Volume: /workdir/hadoop-ozone/ozonefs/target/test-dir/MiniOzoneClusterImpl-a3991107-2db4-4ed9-b586-01161be3d184/datanode-0/data/containers/hdds of  storage type : DISK and capacity : 1482555576320
2019-10-17 02:14:25,916 [main] INFO  volume.VolumeSet (VolumeSet.java:initializeVolumeSet(170)) - Added Volume : /workdir/hadoop-ozone/ozonefs/target/test-dir/MiniOzoneClusterImpl-a3991107-2db4-4ed9-b586-01161be3d184/datanode-0/data/containers/hdds to VolumeSet
2019-10-17 02:14:25,916 [main] INFO  volume.ThrottledAsyncChecker (ThrottledAsyncChecker.java:schedule(141)) - Scheduling a check for /workdir/hadoop-ozone/ozonefs/target/test-dir/MiniOzoneClusterImpl-a3991107-2db4-4ed9-b586-01161be3d184/datanode-0/data/containers/hdds
2019-10-17 02:14:25,917 [main] INFO  volume.HddsVolumeChecker (HddsVolumeChecker.java:checkAllVolumes(204)) - Scheduled health check for volume /workdir/hadoop-ozone/ozonefs/target/test-dir/MiniOzoneClusterImpl-a3991107-2db4-4ed9-b586-01161be3d184/datanode-0/data/containers/hdds
2019-10-17 02:14:25,936 [main] INFO  impl.RaftServerProxy (ConfUtils.java:logGet(43)) - raft.rpc.type = GRPC (default)
2019-10-17 02:14:25,936 [main] INFO  grpc.GrpcFactory (GrpcFactory.java:checkPooledByteBufAllocatorUseCacheForAllThreads(45)) - PERFORMANCE WARNING: useCacheForAllThreads is true that may cause Netty to create a lot garbage objects and, as a result, trigger GC.
	It is recommended to disable useCacheForAllThreads by setting -Dorg.apache.ratis.thirdparty.io.netty.allocator.useCacheForAllThreads=false in command line.
2019-10-17 02:14:25,936 [main] INFO  grpc.GrpcConfigKeys$Server (ConfUtils.java:logGet(43)) - raft.grpc.server.port = 0 (default)
2019-10-17 02:14:25,936 [main] INFO  server.GrpcService (ConfUtils.java:logGet(43)) - raft.grpc.message.size.max = 33570816 (custom)
2019-10-17 02:14:25,936 [main] INFO  server.RaftServerConfigKeys (ConfUtils.java:logGet(43)) - raft.server.log.appender.buffer.byte-limit = 33554432 (custom)
2019-10-17 02:14:25,937 [main] INFO  server.GrpcService (ConfUtils.java:logGet(43)) - raft.grpc.flow.control.window = 1MB (=1048576) (default)
2019-10-17 02:14:25,937 [main] INFO  server.RaftServerConfigKeys (ConfUtils.java:logGet(43)) - raft.server.rpc.request.timeout = 3000ms (default)
2019-10-17 02:14:25,937 [main] INFO  server.RaftServerConfigKeys (ConfUtils.java:logGet(43)) - raft.server.storage.dir = [/workdir/hadoop-ozone/ozonefs/target/test-dir/MiniOzoneClusterImpl-a3991107-2db4-4ed9-b586-01161be3d184/datanode-0/data/ratis] (custom)
2019-10-17 02:14:25,939 [main] INFO  hdfs.DFSUtil (DFSUtil.java:httpServerTemplateForNNAndJN(1641)) - Starting Web-server for hddsDatanode at: http://0.0.0.0:0
2019-10-17 02:14:25,940 [main] INFO  server.AuthenticationFilter (AuthenticationFilter.java:constructSecretProvider(240)) - Unable to initialize FileSignerSecretProvider, falling back to use random secrets.
2019-10-17 02:14:25,941 [main] WARN  http.HttpRequestLog (HttpRequestLog.java:getRequestLog(97)) - Jetty request log can only be enabled using Log4j
2019-10-17 02:14:25,942 [main] INFO  http.HttpServer2 (HttpServer2.java:addGlobalFilter(975)) - Added global filter 'safety' (class=org.apache.hadoop.http.HttpServer2$QuotingInputFilter)
2019-10-17 02:14:25,943 [main] INFO  http.HttpServer2 (HttpServer2.java:addFilter(948)) - Added filter static_user_filter (class=org.apache.hadoop.http.lib.StaticUserWebFilter$StaticUserFilter) to context hddsDatanode
2019-10-17 02:14:25,943 [main] INFO  http.HttpServer2 (HttpServer2.java:addFilter(958)) - Added filter static_user_filter (class=org.apache.hadoop.http.lib.StaticUserWebFilter$StaticUserFilter) to context static
2019-10-17 02:14:25,943 [main] INFO  http.HttpServer2 (HttpServer2.java:addFilter(958)) - Added filter static_user_filter (class=org.apache.hadoop.http.lib.StaticUserWebFilter$StaticUserFilter) to context logs
2019-10-17 02:14:25,944 [main] INFO  http.HttpServer2 (HttpServer2.java:bindListener(1191)) - Jetty bound to port 36422
2019-10-17 02:14:25,944 [main] INFO  server.Server (Server.java:doStart(351)) - jetty-9.3.25.v20180904, build timestamp: 2018-09-04T21:11:46Z, git hash: 3ce520221d0240229c862b122d2b06c12a625732
2019-10-17 02:14:25,945 [main] INFO  handler.ContextHandler (ContextHandler.java:doStart(781)) - Started o.e.j.s.ServletContextHandler@6a3fbcb1{/logs,file:///workdir/hadoop-ozone/ozonefs/target/log,AVAILABLE}
2019-10-17 02:14:25,946 [main] INFO  handler.ContextHandler (ContextHandler.java:doStart(781)) - Started o.e.j.s.ServletContextHandler@15d3793b{/static,jar:file:/home/user/.m2/repository/org/apache/hadoop/hadoop-hdds-container-service/0.5.0-SNAPSHOT/hadoop-hdds-container-service-0.5.0-SNAPSHOT.jar!/webapps/static,AVAILABLE}
2019-10-17 02:14:25,975 [main] INFO  handler.ContextHandler (ContextHandler.java:doStart(781)) - Started o.e.j.w.WebAppContext@587c5c1{/,file:///tmp/jetty-0.0.0.0-36422-hddsDatanode-_-any-2228814482889908337.dir/webapp/,AVAILABLE}{/hddsDatanode}
2019-10-17 02:14:25,975 [main] INFO  server.AbstractConnector (AbstractConnector.java:doStart(278)) - Started ServerConnector@528c8c1{HTTP/1.1,[http/1.1]}{0.0.0.0:36422}
2019-10-17 02:14:25,976 [main] INFO  server.Server (Server.java:doStart(419)) - Started @76602ms
2019-10-17 02:14:25,977 [main] WARN  impl.MetricsSystemImpl (MetricsSystemImpl.java:register(276)) - Sink prometheus already exists!
2019-10-17 02:14:25,977 [main] INFO  server.BaseHttpServer (BaseHttpServer.java:updateConnectorAddress(215)) - HTTP server of HDDSDATANODE is listening at http://0.0.0.0:36422
2019-10-17 02:14:25,978 [main] INFO  impl.MetricsSystemImpl (MetricsSystemImpl.java:init(158)) - HddsDatanode metrics system started (again)
2019-10-17 02:14:25,980 [org.apache.hadoop.util.JvmPauseMonitor$Monitor@5f3a9c80] INFO  util.JvmPauseMonitor (JvmPauseMonitor.java:run(188)) - Starting JVM pause monitor
2019-10-17 02:14:25,981 [main] INFO  ozone.HddsDatanodeService (HddsDatanodeService.java:start(184)) - HddsDatanodeService host:pr-hdds-1868-g97gg-2149769003 ip:192.168.157.194
2019-10-17 02:14:25,983 [Datanode State Machine Thread - 0] INFO  datanode.InitDatanodeState (InitDatanodeState.java:persistContainerDatanodeDetails(140)) - DatanodeDetails is persisted to /workdir/hadoop-ozone/ozonefs/target/test-dir/MiniOzoneClusterImpl-a3991107-2db4-4ed9-b586-01161be3d184/datanode-0/meta/datanode.id
2019-10-17 02:14:25,987 [main] INFO  volume.HddsVolume (HddsVolume.java:<init>(176)) - Creating Volume: /workdir/hadoop-ozone/ozonefs/target/test-dir/MiniOzoneClusterImpl-a3991107-2db4-4ed9-b586-01161be3d184/datanode-1/data/containers/hdds of  storage type : DISK and capacity : 1482555576320
2019-10-17 02:14:25,987 [main] INFO  volume.VolumeSet (VolumeSet.java:initializeVolumeSet(170)) - Added Volume : /workdir/hadoop-ozone/ozonefs/target/test-dir/MiniOzoneClusterImpl-a3991107-2db4-4ed9-b586-01161be3d184/datanode-1/data/containers/hdds to VolumeSet
2019-10-17 02:14:25,987 [main] INFO  volume.ThrottledAsyncChecker (ThrottledAsyncChecker.java:schedule(141)) - Scheduling a check for /workdir/hadoop-ozone/ozonefs/target/test-dir/MiniOzoneClusterImpl-a3991107-2db4-4ed9-b586-01161be3d184/datanode-1/data/containers/hdds
2019-10-17 02:14:25,988 [main] INFO  volume.HddsVolumeChecker (HddsVolumeChecker.java:checkAllVolumes(204)) - Scheduled health check for volume /workdir/hadoop-ozone/ozonefs/target/test-dir/MiniOzoneClusterImpl-a3991107-2db4-4ed9-b586-01161be3d184/datanode-1/data/containers/hdds
2019-10-17 02:14:26,005 [main] INFO  impl.RaftServerProxy (ConfUtils.java:logGet(43)) - raft.rpc.type = GRPC (default)
2019-10-17 02:14:26,006 [main] INFO  grpc.GrpcFactory (GrpcFactory.java:checkPooledByteBufAllocatorUseCacheForAllThreads(45)) - PERFORMANCE WARNING: useCacheForAllThreads is true that may cause Netty to create a lot garbage objects and, as a result, trigger GC.
	It is recommended to disable useCacheForAllThreads by setting -Dorg.apache.ratis.thirdparty.io.netty.allocator.useCacheForAllThreads=false in command line.
2019-10-17 02:14:26,006 [main] INFO  grpc.GrpcConfigKeys$Server (ConfUtils.java:logGet(43)) - raft.grpc.server.port = 0 (default)
2019-10-17 02:14:26,006 [main] INFO  server.GrpcService (ConfUtils.java:logGet(43)) - raft.grpc.message.size.max = 33570816 (custom)
2019-10-17 02:14:26,006 [main] INFO  server.RaftServerConfigKeys (ConfUtils.java:logGet(43)) - raft.server.log.appender.buffer.byte-limit = 33554432 (custom)
2019-10-17 02:14:26,006 [main] INFO  server.GrpcService (ConfUtils.java:logGet(43)) - raft.grpc.flow.control.window = 1MB (=1048576) (default)
2019-10-17 02:14:26,006 [main] INFO  server.RaftServerConfigKeys (ConfUtils.java:logGet(43)) - raft.server.rpc.request.timeout = 3000ms (default)
2019-10-17 02:14:26,007 [main] INFO  server.RaftServerConfigKeys (ConfUtils.java:logGet(43)) - raft.server.storage.dir = [/workdir/hadoop-ozone/ozonefs/target/test-dir/MiniOzoneClusterImpl-a3991107-2db4-4ed9-b586-01161be3d184/datanode-1/data/ratis] (custom)
2019-10-17 02:14:26,009 [main] INFO  hdfs.DFSUtil (DFSUtil.java:httpServerTemplateForNNAndJN(1641)) - Starting Web-server for hddsDatanode at: http://0.0.0.0:0
2019-10-17 02:14:26,010 [main] INFO  server.AuthenticationFilter (AuthenticationFilter.java:constructSecretProvider(240)) - Unable to initialize FileSignerSecretProvider, falling back to use random secrets.
2019-10-17 02:14:26,011 [main] WARN  http.HttpRequestLog (HttpRequestLog.java:getRequestLog(97)) - Jetty request log can only be enabled using Log4j
2019-10-17 02:14:26,012 [main] INFO  http.HttpServer2 (HttpServer2.java:addGlobalFilter(975)) - Added global filter 'safety' (class=org.apache.hadoop.http.HttpServer2$QuotingInputFilter)
2019-10-17 02:14:26,013 [main] INFO  http.HttpServer2 (HttpServer2.java:addFilter(948)) - Added filter static_user_filter (class=org.apache.hadoop.http.lib.StaticUserWebFilter$StaticUserFilter) to context hddsDatanode
2019-10-17 02:14:26,013 [main] INFO  http.HttpServer2 (HttpServer2.java:addFilter(958)) - Added filter static_user_filter (class=org.apache.hadoop.http.lib.StaticUserWebFilter$StaticUserFilter) to context static
2019-10-17 02:14:26,013 [main] INFO  http.HttpServer2 (HttpServer2.java:addFilter(958)) - Added filter static_user_filter (class=org.apache.hadoop.http.lib.StaticUserWebFilter$StaticUserFilter) to context logs
2019-10-17 02:14:26,014 [main] INFO  http.HttpServer2 (HttpServer2.java:bindListener(1191)) - Jetty bound to port 35085
2019-10-17 02:14:26,014 [main] INFO  server.Server (Server.java:doStart(351)) - jetty-9.3.25.v20180904, build timestamp: 2018-09-04T21:11:46Z, git hash: 3ce520221d0240229c862b122d2b06c12a625732
2019-10-17 02:14:26,016 [main] INFO  handler.ContextHandler (ContextHandler.java:doStart(781)) - Started o.e.j.s.ServletContextHandler@78d23d6a{/logs,file:///workdir/hadoop-ozone/ozonefs/target/log,AVAILABLE}
2019-10-17 02:14:26,016 [main] INFO  handler.ContextHandler (ContextHandler.java:doStart(781)) - Started o.e.j.s.ServletContextHandler@28ee0a3c{/static,jar:file:/home/user/.m2/repository/org/apache/hadoop/hadoop-hdds-container-service/0.5.0-SNAPSHOT/hadoop-hdds-container-service-0.5.0-SNAPSHOT.jar!/webapps/static,AVAILABLE}
2019-10-17 02:14:26,045 [main] INFO  handler.ContextHandler (ContextHandler.java:doStart(781)) - Started o.e.j.w.WebAppContext@491cafec{/,file:///tmp/jetty-0.0.0.0-35085-hddsDatanode-_-any-3191267693648145556.dir/webapp/,AVAILABLE}{/hddsDatanode}
2019-10-17 02:14:26,046 [main] INFO  server.AbstractConnector (AbstractConnector.java:doStart(278)) - Started ServerConnector@cbd40c1{HTTP/1.1,[http/1.1]}{0.0.0.0:35085}
2019-10-17 02:14:26,047 [main] INFO  server.Server (Server.java:doStart(419)) - Started @76673ms
2019-10-17 02:14:26,047 [main] WARN  impl.MetricsSystemImpl (MetricsSystemImpl.java:register(276)) - Sink prometheus already exists!
2019-10-17 02:14:26,048 [main] INFO  server.BaseHttpServer (BaseHttpServer.java:updateConnectorAddress(215)) - HTTP server of HDDSDATANODE is listening at http://0.0.0.0:35085
2019-10-17 02:14:26,048 [main] INFO  impl.MetricsSystemImpl (MetricsSystemImpl.java:init(158)) - HddsDatanode metrics system started (again)
2019-10-17 02:14:26,051 [org.apache.hadoop.util.JvmPauseMonitor$Monitor@39ecda01] INFO  util.JvmPauseMonitor (JvmPauseMonitor.java:run(188)) - Starting JVM pause monitor
2019-10-17 02:14:26,052 [main] INFO  ozone.HddsDatanodeService (HddsDatanodeService.java:start(184)) - HddsDatanodeService host:pr-hdds-1868-g97gg-2149769003 ip:192.168.157.194
2019-10-17 02:14:26,053 [Datanode State Machine Thread - 0] INFO  datanode.InitDatanodeState (InitDatanodeState.java:persistContainerDatanodeDetails(140)) - DatanodeDetails is persisted to /workdir/hadoop-ozone/ozonefs/target/test-dir/MiniOzoneClusterImpl-a3991107-2db4-4ed9-b586-01161be3d184/datanode-1/meta/datanode.id
2019-10-17 02:14:26,061 [main] INFO  volume.HddsVolume (HddsVolume.java:<init>(176)) - Creating Volume: /workdir/hadoop-ozone/ozonefs/target/test-dir/MiniOzoneClusterImpl-a3991107-2db4-4ed9-b586-01161be3d184/datanode-2/data/containers/hdds of  storage type : DISK and capacity : 1482555576320
2019-10-17 02:14:26,061 [main] INFO  volume.VolumeSet (VolumeSet.java:initializeVolumeSet(170)) - Added Volume : /workdir/hadoop-ozone/ozonefs/target/test-dir/MiniOzoneClusterImpl-a3991107-2db4-4ed9-b586-01161be3d184/datanode-2/data/containers/hdds to VolumeSet
2019-10-17 02:14:26,061 [main] INFO  volume.ThrottledAsyncChecker (ThrottledAsyncChecker.java:schedule(141)) - Scheduling a check for /workdir/hadoop-ozone/ozonefs/target/test-dir/MiniOzoneClusterImpl-a3991107-2db4-4ed9-b586-01161be3d184/datanode-2/data/containers/hdds
2019-10-17 02:14:26,062 [main] INFO  volume.HddsVolumeChecker (HddsVolumeChecker.java:checkAllVolumes(204)) - Scheduled health check for volume /workdir/hadoop-ozone/ozonefs/target/test-dir/MiniOzoneClusterImpl-a3991107-2db4-4ed9-b586-01161be3d184/datanode-2/data/containers/hdds
2019-10-17 02:14:26,079 [main] INFO  impl.RaftServerProxy (ConfUtils.java:logGet(43)) - raft.rpc.type = GRPC (default)
2019-10-17 02:14:26,080 [main] INFO  grpc.GrpcFactory (GrpcFactory.java:checkPooledByteBufAllocatorUseCacheForAllThreads(45)) - PERFORMANCE WARNING: useCacheForAllThreads is true that may cause Netty to create a lot garbage objects and, as a result, trigger GC.
	It is recommended to disable useCacheForAllThreads by setting -Dorg.apache.ratis.thirdparty.io.netty.allocator.useCacheForAllThreads=false in command line.
2019-10-17 02:14:26,080 [main] INFO  grpc.GrpcConfigKeys$Server (ConfUtils.java:logGet(43)) - raft.grpc.server.port = 0 (default)
2019-10-17 02:14:26,080 [main] INFO  server.GrpcService (ConfUtils.java:logGet(43)) - raft.grpc.message.size.max = 33570816 (custom)
2019-10-17 02:14:26,080 [main] INFO  server.RaftServerConfigKeys (ConfUtils.java:logGet(43)) - raft.server.log.appender.buffer.byte-limit = 33554432 (custom)
2019-10-17 02:14:26,080 [main] INFO  server.GrpcService (ConfUtils.java:logGet(43)) - raft.grpc.flow.control.window = 1MB (=1048576) (default)
2019-10-17 02:14:26,080 [main] INFO  server.RaftServerConfigKeys (ConfUtils.java:logGet(43)) - raft.server.rpc.request.timeout = 3000ms (default)
2019-10-17 02:14:26,081 [main] INFO  server.RaftServerConfigKeys (ConfUtils.java:logGet(43)) - raft.server.storage.dir = [/workdir/hadoop-ozone/ozonefs/target/test-dir/MiniOzoneClusterImpl-a3991107-2db4-4ed9-b586-01161be3d184/datanode-2/data/ratis] (custom)
2019-10-17 02:14:26,082 [main] INFO  hdfs.DFSUtil (DFSUtil.java:httpServerTemplateForNNAndJN(1641)) - Starting Web-server for hddsDatanode at: http://0.0.0.0:0
2019-10-17 02:14:26,084 [main] INFO  server.AuthenticationFilter (AuthenticationFilter.java:constructSecretProvider(240)) - Unable to initialize FileSignerSecretProvider, falling back to use random secrets.
2019-10-17 02:14:26,084 [main] WARN  http.HttpRequestLog (HttpRequestLog.java:getRequestLog(97)) - Jetty request log can only be enabled using Log4j
2019-10-17 02:14:26,086 [main] INFO  http.HttpServer2 (HttpServer2.java:addGlobalFilter(975)) - Added global filter 'safety' (class=org.apache.hadoop.http.HttpServer2$QuotingInputFilter)
2019-10-17 02:14:26,087 [main] INFO  http.HttpServer2 (HttpServer2.java:addFilter(948)) - Added filter static_user_filter (class=org.apache.hadoop.http.lib.StaticUserWebFilter$StaticUserFilter) to context hddsDatanode
2019-10-17 02:14:26,087 [main] INFO  http.HttpServer2 (HttpServer2.java:addFilter(958)) - Added filter static_user_filter (class=org.apache.hadoop.http.lib.StaticUserWebFilter$StaticUserFilter) to context logs
2019-10-17 02:14:26,087 [main] INFO  http.HttpServer2 (HttpServer2.java:addFilter(958)) - Added filter static_user_filter (class=org.apache.hadoop.http.lib.StaticUserWebFilter$StaticUserFilter) to context static
2019-10-17 02:14:26,088 [main] INFO  http.HttpServer2 (HttpServer2.java:bindListener(1191)) - Jetty bound to port 34036
2019-10-17 02:14:26,088 [main] INFO  server.Server (Server.java:doStart(351)) - jetty-9.3.25.v20180904, build timestamp: 2018-09-04T21:11:46Z, git hash: 3ce520221d0240229c862b122d2b06c12a625732
2019-10-17 02:14:26,090 [main] INFO  handler.ContextHandler (ContextHandler.java:doStart(781)) - Started o.e.j.s.ServletContextHandler@457a5b2d{/logs,file:///workdir/hadoop-ozone/ozonefs/target/log,AVAILABLE}
2019-10-17 02:14:26,090 [main] INFO  handler.ContextHandler (ContextHandler.java:doStart(781)) - Started o.e.j.s.ServletContextHandler@372461a9{/static,jar:file:/home/user/.m2/repository/org/apache/hadoop/hadoop-hdds-container-service/0.5.0-SNAPSHOT/hadoop-hdds-container-service-0.5.0-SNAPSHOT.jar!/webapps/static,AVAILABLE}
2019-10-17 02:14:26,118 [main] INFO  handler.ContextHandler (ContextHandler.java:doStart(781)) - Started o.e.j.w.WebAppContext@6a55594b{/,file:///tmp/jetty-0.0.0.0-34036-hddsDatanode-_-any-4164787935968307535.dir/webapp/,AVAILABLE}{/hddsDatanode}
2019-10-17 02:14:26,119 [main] INFO  server.AbstractConnector (AbstractConnector.java:doStart(278)) - Started ServerConnector@632b305d{HTTP/1.1,[http/1.1]}{0.0.0.0:34036}
2019-10-17 02:14:26,120 [main] INFO  server.Server (Server.java:doStart(419)) - Started @76746ms
2019-10-17 02:14:26,120 [main] WARN  impl.MetricsSystemImpl (MetricsSystemImpl.java:register(276)) - Sink prometheus already exists!
2019-10-17 02:14:26,121 [main] INFO  server.BaseHttpServer (BaseHttpServer.java:updateConnectorAddress(215)) - HTTP server of HDDSDATANODE is listening at http://0.0.0.0:34036
2019-10-17 02:14:26,121 [main] INFO  ozone.MiniOzoneClusterImpl (MiniOzoneClusterImpl.java:lambda$waitForClusterToBeReady$2(172)) - Waiting for cluster to be ready. Got 0 of 3 DN Heartbeats.
2019-10-17 02:14:26,122 [org.apache.hadoop.util.JvmPauseMonitor$Monitor@3d125497] INFO  util.JvmPauseMonitor (JvmPauseMonitor.java:run(188)) - Starting JVM pause monitor
2019-10-17 02:14:26,124 [Datanode State Machine Thread - 0] INFO  datanode.InitDatanodeState (InitDatanodeState.java:persistContainerDatanodeDetails(140)) - DatanodeDetails is persisted to /workdir/hadoop-ozone/ozonefs/target/test-dir/MiniOzoneClusterImpl-a3991107-2db4-4ed9-b586-01161be3d184/datanode-2/meta/datanode.id
2019-10-17 02:14:27,122 [main] INFO  ozone.MiniOzoneClusterImpl (MiniOzoneClusterImpl.java:lambda$waitForClusterToBeReady$2(172)) - Waiting for cluster to be ready. Got 0 of 3 DN Heartbeats.
2019-10-17 02:14:28,001 [Datanode State Machine Thread - 0] INFO  ozoneimpl.OzoneContainer (OzoneContainer.java:start(213)) - Attempting to start container services.
2019-10-17 02:14:28,002 [Datanode State Machine Thread - 0] INFO  ozoneimpl.OzoneContainer (OzoneContainer.java:startContainerScrub(177)) - Background container scanner has been disabled.
2019-10-17 02:14:28,002 [Datanode State Machine Thread - 0] INFO  ratis.XceiverServerRatis (XceiverServerRatis.java:start(424)) - Starting XceiverServerRatis a6b2ebfb-69a0-457c-b6cd-a50cc148b564 at port 0
2019-10-17 02:14:28,008 [Datanode State Machine Thread - 0] INFO  impl.RaftServerProxy (RaftServerProxy.java:lambda$start$3(299)) - a6b2ebfb-69a0-457c-b6cd-a50cc148b564: start RPC server
2019-10-17 02:14:28,010 [Datanode State Machine Thread - 0] INFO  server.GrpcService (GrpcService.java:startImpl(158)) - a6b2ebfb-69a0-457c-b6cd-a50cc148b564: GrpcService started, listening on 0.0.0.0/0.0.0.0:37298
2019-10-17 02:14:28,010 [Datanode State Machine Thread - 0] INFO  ratis.XceiverServerRatis (XceiverServerRatis.java:start(434)) - XceiverServerRatis a6b2ebfb-69a0-457c-b6cd-a50cc148b564 is started using port 37298
2019-10-17 02:14:28,010 [Datanode State Machine Thread - 0] INFO  server.XceiverServerGrpc (XceiverServerGrpc.java:start(149)) - XceiverServerGrpc a6b2ebfb-69a0-457c-b6cd-a50cc148b564 is started using port 37192
2019-10-17 02:14:28,068 [Datanode State Machine Thread - 0] INFO  ozoneimpl.OzoneContainer (OzoneContainer.java:start(213)) - Attempting to start container services.
2019-10-17 02:14:28,068 [Datanode State Machine Thread - 0] INFO  ozoneimpl.OzoneContainer (OzoneContainer.java:startContainerScrub(177)) - Background container scanner has been disabled.
2019-10-17 02:14:28,068 [Datanode State Machine Thread - 0] INFO  ratis.XceiverServerRatis (XceiverServerRatis.java:start(424)) - Starting XceiverServerRatis b32d7882-88db-4fe6-9cca-6a25122d474d at port 0
2019-10-17 02:14:28,074 [Datanode State Machine Thread - 0] INFO  impl.RaftServerProxy (RaftServerProxy.java:lambda$start$3(299)) - b32d7882-88db-4fe6-9cca-6a25122d474d: start RPC server
2019-10-17 02:14:28,074 [Datanode State Machine Thread - 0] INFO  server.GrpcService (GrpcService.java:startImpl(158)) - b32d7882-88db-4fe6-9cca-6a25122d474d: GrpcService started, listening on 0.0.0.0/0.0.0.0:42206
2019-10-17 02:14:28,075 [Datanode State Machine Thread - 0] INFO  ratis.XceiverServerRatis (XceiverServerRatis.java:start(434)) - XceiverServerRatis b32d7882-88db-4fe6-9cca-6a25122d474d is started using port 42206
2019-10-17 02:14:28,075 [Datanode State Machine Thread - 0] INFO  server.XceiverServerGrpc (XceiverServerGrpc.java:start(149)) - XceiverServerGrpc b32d7882-88db-4fe6-9cca-6a25122d474d is started using port 39293
2019-10-17 02:14:28,122 [main] INFO  ozone.MiniOzoneClusterImpl (MiniOzoneClusterImpl.java:lambda$waitForClusterToBeReady$2(172)) - Waiting for cluster to be ready. Got 0 of 3 DN Heartbeats.
2019-10-17 02:14:28,137 [Datanode State Machine Thread - 0] INFO  ozoneimpl.OzoneContainer (OzoneContainer.java:start(213)) - Attempting to start container services.
2019-10-17 02:14:28,137 [Datanode State Machine Thread - 0] INFO  ozoneimpl.OzoneContainer (OzoneContainer.java:startContainerScrub(177)) - Background container scanner has been disabled.
2019-10-17 02:14:28,138 [Datanode State Machine Thread - 0] INFO  ratis.XceiverServerRatis (XceiverServerRatis.java:start(424)) - Starting XceiverServerRatis 3aea292b-16fb-4e9b-be90-828afa8e8047 at port 0
2019-10-17 02:14:28,146 [Datanode State Machine Thread - 0] INFO  impl.RaftServerProxy (RaftServerProxy.java:lambda$start$3(299)) - 3aea292b-16fb-4e9b-be90-828afa8e8047: start RPC server
2019-10-17 02:14:28,148 [Datanode State Machine Thread - 0] INFO  server.GrpcService (GrpcService.java:startImpl(158)) - 3aea292b-16fb-4e9b-be90-828afa8e8047: GrpcService started, listening on 0.0.0.0/0.0.0.0:34569
2019-10-17 02:14:28,148 [Datanode State Machine Thread - 0] INFO  ratis.XceiverServerRatis (XceiverServerRatis.java:start(434)) - XceiverServerRatis 3aea292b-16fb-4e9b-be90-828afa8e8047 is started using port 34569
2019-10-17 02:14:28,149 [Datanode State Machine Thread - 0] INFO  server.XceiverServerGrpc (XceiverServerGrpc.java:start(149)) - XceiverServerGrpc 3aea292b-16fb-4e9b-be90-828afa8e8047 is started using port 34539
2019-10-17 02:14:29,123 [main] INFO  ozone.MiniOzoneClusterImpl (MiniOzoneClusterImpl.java:lambda$waitForClusterToBeReady$2(172)) - Waiting for cluster to be ready. Got 0 of 3 DN Heartbeats.
2019-10-17 02:14:29,986 [IPC Server handler 0 on 38076] INFO  net.NetworkTopology (NetworkTopologyImpl.java:add(111)) - Added a new node: /default-rack/a6b2ebfb-69a0-457c-b6cd-a50cc148b564
2019-10-17 02:14:29,987 [IPC Server handler 0 on 38076] INFO  node.SCMNodeManager (SCMNodeManager.java:register(268)) - Registered Data node : a6b2ebfb-69a0-457c-b6cd-a50cc148b564{ip: 192.168.157.194, host: pr-hdds-1868-g97gg-2149769003, networkLocation: /default-rack, certSerialId: null}
2019-10-17 02:14:29,989 [EventQueue-NodeRegistrationContainerReportForDataNodeSafeModeRule] INFO  safemode.SCMSafeModeManager (DataNodeSafeModeRule.java:process(71)) - SCM in safe mode. 1 DataNodes registered, 1 required.
2019-10-17 02:14:29,990 [EventQueue-NodeRegistrationContainerReportForDataNodeSafeModeRule] INFO  safemode.SCMSafeModeManager (SCMSafeModeManager.java:validateSafeModeExitRules(177)) - ScmSafeModeManager, all rules are successfully validated
2019-10-17 02:14:29,990 [EventQueue-NodeRegistrationContainerReportForDataNodeSafeModeRule] INFO  safemode.SCMSafeModeManager (SCMSafeModeManager.java:exitSafeMode(193)) - SCM exiting safe mode.
2019-10-17 02:14:30,002 [grpc-default-executor-0] INFO  impl.RaftServerProxy (RaftServerProxy.java:addNew(89)) - a6b2ebfb-69a0-457c-b6cd-a50cc148b564: addNew group-916737655080:[a6b2ebfb-69a0-457c-b6cd-a50cc148b564:192.168.157.194:37298] returns group-916737655080:java.util.concurrent.CompletableFuture@71e13805[Not completed]
2019-10-17 02:14:30,004 [pool-227-thread-1] INFO  impl.RaftServerImpl (RaftServerImpl.java:<init>(104)) - a6b2ebfb-69a0-457c-b6cd-a50cc148b564: new RaftServerImpl for group-916737655080:[a6b2ebfb-69a0-457c-b6cd-a50cc148b564:192.168.157.194:37298] with ContainerStateMachine:uninitialized
2019-10-17 02:14:30,004 [pool-227-thread-1] INFO  server.RaftServerConfigKeys (ConfUtils.java:logGet(43)) - raft.server.rpc.timeout.min = 5s (custom)
2019-10-17 02:14:30,004 [pool-227-thread-1] INFO  server.RaftServerConfigKeys (ConfUtils.java:logGet(43)) - raft.server.rpc.timeout.max = 5200ms (custom)
2019-10-17 02:14:30,004 [pool-227-thread-1] INFO  server.RaftServerConfigKeys (ConfUtils.java:logGet(43)) - raft.server.rpcslowness.timeout = 120s (custom)
2019-10-17 02:14:30,004 [pool-227-thread-1] INFO  server.RaftServerConfigKeys (ConfUtils.java:logGet(43)) - raft.server.sleep.deviation.threshold = 300 (default)
2019-10-17 02:14:30,004 [pool-227-thread-1] INFO  server.RaftServerConfigKeys (ConfUtils.java:logGet(43)) - raft.server.log.appender.install.snapshot.enabled = false (custom)
2019-10-17 02:14:30,005 [pool-227-thread-1] INFO  impl.RaftServerImpl (ServerState.java:<init>(103)) - a6b2ebfb-69a0-457c-b6cd-a50cc148b564@group-916737655080: ConfigurationManager, init=-1: [a6b2ebfb-69a0-457c-b6cd-a50cc148b564:192.168.157.194:37298], old=null, confs=<EMPTY_MAP>
2019-10-17 02:14:30,005 [pool-227-thread-1] INFO  server.RaftServerConfigKeys (ConfUtils.java:logGet(43)) - raft.server.storage.dir = [/workdir/hadoop-ozone/ozonefs/target/test-dir/MiniOzoneClusterImpl-a3991107-2db4-4ed9-b586-01161be3d184/datanode-0/data/ratis] (custom)
2019-10-17 02:14:30,005 [pool-227-thread-1] INFO  server.RaftServerConfigKeys (ConfUtils.java:logGet(43)) - raft.server.log.corruption.policy = EXCEPTION (default)
2019-10-17 02:14:30,006 [pool-227-thread-1] INFO  storage.RaftStorageDirectory (RaftStorageDirectory.java:analyzeStorage(246)) - The storage directory /workdir/hadoop-ozone/ozonefs/target/test-dir/MiniOzoneClusterImpl-a3991107-2db4-4ed9-b586-01161be3d184/datanode-0/data/ratis/7c23fd72-b37f-47f7-8519-916737655080 does not exist. Creating ...
2019-10-17 02:14:30,027 [pool-227-thread-1] INFO  storage.RaftStorageDirectory (RaftStorageDirectory.java:tryLock(328)) - Lock on /workdir/hadoop-ozone/ozonefs/target/test-dir/MiniOzoneClusterImpl-a3991107-2db4-4ed9-b586-01161be3d184/datanode-0/data/ratis/7c23fd72-b37f-47f7-8519-916737655080/in_use.lock acquired by nodename 25645@pr-hdds-1868-g97gg-2149769003
2019-10-17 02:14:30,038 [pool-227-thread-1] INFO  storage.RaftStorage (RaftStorage.java:format(84)) - Storage directory /workdir/hadoop-ozone/ozonefs/target/test-dir/MiniOzoneClusterImpl-a3991107-2db4-4ed9-b586-01161be3d184/datanode-0/data/ratis/7c23fd72-b37f-47f7-8519-916737655080 has been successfully formatted.
2019-10-17 02:14:30,039 [pool-227-thread-1] INFO  ratis.ContainerStateMachine (ContainerStateMachine.java:loadSnapshot(233)) - group-916737655080: The snapshot info is null. Setting the last applied indexto:(t:0, i:~)
2019-10-17 02:14:30,039 [pool-227-thread-1] INFO  server.RaftServerConfigKeys (ConfUtils.java:logGet(43)) - raft.server.notification.no-leader.timeout = 120s (custom)
2019-10-17 02:14:30,039 [pool-227-thread-1] INFO  server.RaftServerConfigKeys (ConfUtils.java:logGet(43)) - raft.server.log.use.memory = false (default)
2019-10-17 02:14:30,039 [pool-227-thread-1] INFO  server.RaftServerConfigKeys (ConfUtils.java:logGet(43)) - raft.server.log.purge.gap = 1000000 (custom)
2019-10-17 02:14:30,039 [pool-227-thread-1] INFO  server.RaftServerConfigKeys (ConfUtils.java:logGet(43)) - raft.server.log.appender.buffer.byte-limit = 33554432 (custom)
2019-10-17 02:14:30,039 [pool-227-thread-1] INFO  server.RaftServerConfigKeys (ConfUtils.java:logGet(43)) - raft.server.log.segment.size.max = 1048576 (custom)
2019-10-17 02:14:30,042 [pool-227-thread-1] INFO  server.RaftServerConfigKeys (ConfUtils.java:logGet(43)) - raft.server.log.segment.cache.num.max = 2 (custom)
2019-10-17 02:14:30,042 [pool-227-thread-1] INFO  segmented.SegmentedRaftLogWorker (SegmentedRaftLogWorker.java:<init>(173)) - new a6b2ebfb-69a0-457c-b6cd-a50cc148b564@group-916737655080-SegmentedRaftLogWorker for RaftStorage:Storage Directory /workdir/hadoop-ozone/ozonefs/target/test-dir/MiniOzoneClusterImpl-a3991107-2db4-4ed9-b586-01161be3d184/datanode-0/data/ratis/7c23fd72-b37f-47f7-8519-916737655080
2019-10-17 02:14:30,042 [pool-227-thread-1] INFO  server.RaftServerConfigKeys (ConfUtils.java:logGet(43)) - raft.server.log.queue.byte-limit = 2147483647 (custom)
2019-10-17 02:14:30,042 [pool-227-thread-1] INFO  server.RaftServerConfigKeys (ConfUtils.java:logGet(43)) - raft.server.log.queue.element-limit = 1024 (custom)
2019-10-17 02:14:30,042 [pool-227-thread-1] INFO  server.RaftServerConfigKeys (ConfUtils.java:logGet(43)) - raft.server.log.segment.size.max = 1048576 (custom)
2019-10-17 02:14:30,042 [pool-227-thread-1] INFO  server.RaftServerConfigKeys (ConfUtils.java:logGet(43)) - raft.server.log.preallocated.size = 16384 (custom)
2019-10-17 02:14:30,043 [pool-227-thread-1] INFO  server.RaftServerConfigKeys (ConfUtils.java:logGet(43)) - raft.server.log.write.buffer.size = 33554432 (custom)
2019-10-17 02:14:30,043 [pool-227-thread-1] INFO  server.RaftServerConfigKeys (ConfUtils.java:logGet(43)) - raft.server.log.force.sync.num = 128 (default)
2019-10-17 02:14:30,043 [pool-227-thread-1] INFO  server.RaftServerConfigKeys (ConfUtils.java:logGet(43)) - raft.server.log.statemachine.data.sync = true (default)
2019-10-17 02:14:30,043 [pool-227-thread-1] INFO  server.RaftServerConfigKeys (ConfUtils.java:logGet(43)) - raft.server.log.statemachine.data.sync.timeout = 10s (default)
2019-10-17 02:14:30,043 [pool-227-thread-1] INFO  server.RaftServerConfigKeys (ConfUtils.java:logGet(43)) - raft.server.log.statemachine.data.sync.timeout.retry = -1 (default)
2019-10-17 02:14:30,044 [pool-227-thread-1] INFO  server.RaftServerConfigKeys (ConfUtils.java:logGet(43)) - raft.server.log.statemachine.data.caching.enabled = true (custom)
2019-10-17 02:14:30,044 [pool-227-thread-1] INFO  segmented.SegmentedRaftLogWorker (SegmentedRaftLogWorker.java:lambda$new$0(128)) - a6b2ebfb-69a0-457c-b6cd-a50cc148b564@group-916737655080-SegmentedRaftLogWorker: flushIndex: setUnconditionally 0 -> -1
2019-10-17 02:14:30,045 [pool-227-thread-1] INFO  server.RaftServerConfigKeys (ConfUtils.java:logGet(43)) - raft.server.snapshot.auto.trigger.enabled = true (custom)
2019-10-17 02:14:30,045 [pool-227-thread-1] INFO  server.RaftServerConfigKeys (ConfUtils.java:logGet(43)) - raft.server.snapshot.auto.trigger.threshold = 10000 (custom)
2019-10-17 02:14:30,045 [pool-227-thread-1] INFO  server.RaftServerConfigKeys (ConfUtils.java:logGet(43)) - raft.server.snapshot.retention.file.num = 5 (custom)
2019-10-17 02:14:30,045 [pool-227-thread-1] INFO  server.RaftServerConfigKeys (ConfUtils.java:logGet(43)) - raft.server.retrycache.expirytime = 600000ms (custom)
2019-10-17 02:14:30,049 [pool-227-thread-1] INFO  impl.RaftServerImpl (RaftServerImpl.java:start(195)) - a6b2ebfb-69a0-457c-b6cd-a50cc148b564@group-916737655080: start as a follower, conf=-1: [a6b2ebfb-69a0-457c-b6cd-a50cc148b564:192.168.157.194:37298], old=null
2019-10-17 02:14:30,049 [pool-227-thread-1] INFO  impl.RaftServerImpl (RaftServerImpl.java:setRole(184)) - a6b2ebfb-69a0-457c-b6cd-a50cc148b564@group-916737655080: changes role from      null to FOLLOWER at term 0 for startAsFollower
2019-10-17 02:14:30,049 [pool-227-thread-1] INFO  impl.RoleInfo (RoleInfo.java:updateAndGet(143)) - a6b2ebfb-69a0-457c-b6cd-a50cc148b564: start FollowerState
2019-10-17 02:14:30,050 [pool-227-thread-1] INFO  util.JmxRegister (JmxRegister.java:tryRegister(44)) - Successfully registered JMX Bean with object name Ratis:service=RaftServer,group=group-916737655080,id=a6b2ebfb-69a0-457c-b6cd-a50cc148b564
2019-10-17 02:14:30,053 [IPC Server handler 1 on 38076] INFO  net.NetworkTopology (NetworkTopologyImpl.java:add(111)) - Added a new node: /default-rack/b32d7882-88db-4fe6-9cca-6a25122d474d
2019-10-17 02:14:30,054 [IPC Server handler 1 on 38076] INFO  node.SCMNodeManager (SCMNodeManager.java:register(268)) - Registered Data node : b32d7882-88db-4fe6-9cca-6a25122d474d{ip: 192.168.157.194, host: pr-hdds-1868-g97gg-2149769003, networkLocation: /default-rack, certSerialId: null}
2019-10-17 02:14:30,056 [RatisPipelineUtilsThread] INFO  pipeline.PipelineStateManager (PipelineStateManager.java:addPipeline(55)) - Created pipeline Pipeline[ Id: 7c23fd72-b37f-47f7-8519-916737655080, Nodes: a6b2ebfb-69a0-457c-b6cd-a50cc148b564{ip: 192.168.157.194, host: pr-hdds-1868-g97gg-2149769003, networkLocation: /default-rack, certSerialId: null}, Type:RATIS, Factor:ONE, State:ALLOCATED]
2019-10-17 02:14:30,065 [grpc-default-executor-0] INFO  impl.RaftServerProxy (RaftServerProxy.java:addNew(89)) - b32d7882-88db-4fe6-9cca-6a25122d474d: addNew group-26D4B34233DA:[b32d7882-88db-4fe6-9cca-6a25122d474d:192.168.157.194:42206] returns group-26D4B34233DA:java.util.concurrent.CompletableFuture@6917eb7d[Not completed]
2019-10-17 02:14:30,066 [pool-237-thread-1] INFO  impl.RaftServerImpl (RaftServerImpl.java:<init>(104)) - b32d7882-88db-4fe6-9cca-6a25122d474d: new RaftServerImpl for group-26D4B34233DA:[b32d7882-88db-4fe6-9cca-6a25122d474d:192.168.157.194:42206] with ContainerStateMachine:uninitialized
2019-10-17 02:14:30,067 [pool-237-thread-1] INFO  server.RaftServerConfigKeys (ConfUtils.java:logGet(43)) - raft.server.rpc.timeout.min = 5s (custom)
2019-10-17 02:14:30,067 [pool-237-thread-1] INFO  server.RaftServerConfigKeys (ConfUtils.java:logGet(43)) - raft.server.rpc.timeout.max = 5200ms (custom)
2019-10-17 02:14:30,067 [pool-237-thread-1] INFO  server.RaftServerConfigKeys (ConfUtils.java:logGet(43)) - raft.server.rpcslowness.timeout = 120s (custom)
2019-10-17 02:14:30,067 [pool-237-thread-1] INFO  server.RaftServerConfigKeys (ConfUtils.java:logGet(43)) - raft.server.sleep.deviation.threshold = 300 (default)
2019-10-17 02:14:30,067 [pool-237-thread-1] INFO  server.RaftServerConfigKeys (ConfUtils.java:logGet(43)) - raft.server.log.appender.install.snapshot.enabled = false (custom)
2019-10-17 02:14:30,067 [pool-237-thread-1] INFO  impl.RaftServerImpl (ServerState.java:<init>(103)) - b32d7882-88db-4fe6-9cca-6a25122d474d@group-26D4B34233DA: ConfigurationManager, init=-1: [b32d7882-88db-4fe6-9cca-6a25122d474d:192.168.157.194:42206], old=null, confs=<EMPTY_MAP>
2019-10-17 02:14:30,067 [pool-237-thread-1] INFO  server.RaftServerConfigKeys (ConfUtils.java:logGet(43)) - raft.server.storage.dir = [/workdir/hadoop-ozone/ozonefs/target/test-dir/MiniOzoneClusterImpl-a3991107-2db4-4ed9-b586-01161be3d184/datanode-1/data/ratis] (custom)
2019-10-17 02:14:30,068 [pool-237-thread-1] INFO  server.RaftServerConfigKeys (ConfUtils.java:logGet(43)) - raft.server.log.corruption.policy = EXCEPTION (default)
2019-10-17 02:14:30,068 [pool-237-thread-1] INFO  storage.RaftStorageDirectory (RaftStorageDirectory.java:analyzeStorage(246)) - The storage directory /workdir/hadoop-ozone/ozonefs/target/test-dir/MiniOzoneClusterImpl-a3991107-2db4-4ed9-b586-01161be3d184/datanode-1/data/ratis/8c3b8a4e-ada6-4c36-a686-26d4b34233da does not exist. Creating ...
2019-10-17 02:14:30,080 [pool-237-thread-1] INFO  storage.RaftStorageDirectory (RaftStorageDirectory.java:tryLock(328)) - Lock on /workdir/hadoop-ozone/ozonefs/target/test-dir/MiniOzoneClusterImpl-a3991107-2db4-4ed9-b586-01161be3d184/datanode-1/data/ratis/8c3b8a4e-ada6-4c36-a686-26d4b34233da/in_use.lock acquired by nodename 25645@pr-hdds-1868-g97gg-2149769003
2019-10-17 02:14:30,091 [pool-237-thread-1] INFO  storage.RaftStorage (RaftStorage.java:format(84)) - Storage directory /workdir/hadoop-ozone/ozonefs/target/test-dir/MiniOzoneClusterImpl-a3991107-2db4-4ed9-b586-01161be3d184/datanode-1/data/ratis/8c3b8a4e-ada6-4c36-a686-26d4b34233da has been successfully formatted.
2019-10-17 02:14:30,092 [pool-237-thread-1] INFO  ratis.ContainerStateMachine (ContainerStateMachine.java:loadSnapshot(233)) - group-26D4B34233DA: The snapshot info is null. Setting the last applied indexto:(t:0, i:~)
2019-10-17 02:14:30,092 [pool-237-thread-1] INFO  server.RaftServerConfigKeys (ConfUtils.java:logGet(43)) - raft.server.notification.no-leader.timeout = 120s (custom)
2019-10-17 02:14:30,092 [pool-237-thread-1] INFO  server.RaftServerConfigKeys (ConfUtils.java:logGet(43)) - raft.server.log.use.memory = false (default)
2019-10-17 02:14:30,092 [pool-237-thread-1] INFO  server.RaftServerConfigKeys (ConfUtils.java:logGet(43)) - raft.server.log.purge.gap = 1000000 (custom)
2019-10-17 02:14:30,092 [pool-237-thread-1] INFO  server.RaftServerConfigKeys (ConfUtils.java:logGet(43)) - raft.server.log.appender.buffer.byte-limit = 33554432 (custom)
2019-10-17 02:14:30,092 [pool-237-thread-1] INFO  server.RaftServerConfigKeys (ConfUtils.java:logGet(43)) - raft.server.log.segment.size.max = 1048576 (custom)
2019-10-17 02:14:30,094 [pool-237-thread-1] INFO  server.RaftServerConfigKeys (ConfUtils.java:logGet(43)) - raft.server.log.segment.cache.num.max = 2 (custom)
2019-10-17 02:14:30,094 [pool-237-thread-1] INFO  segmented.SegmentedRaftLogWorker (SegmentedRaftLogWorker.java:<init>(173)) - new b32d7882-88db-4fe6-9cca-6a25122d474d@group-26D4B34233DA-SegmentedRaftLogWorker for RaftStorage:Storage Directory /workdir/hadoop-ozone/ozonefs/target/test-dir/MiniOzoneClusterImpl-a3991107-2db4-4ed9-b586-01161be3d184/datanode-1/data/ratis/8c3b8a4e-ada6-4c36-a686-26d4b34233da
2019-10-17 02:14:30,094 [pool-237-thread-1] INFO  server.RaftServerConfigKeys (ConfUtils.java:logGet(43)) - raft.server.log.queue.byte-limit = 2147483647 (custom)
2019-10-17 02:14:30,094 [pool-237-thread-1] INFO  server.RaftServerConfigKeys (ConfUtils.java:logGet(43)) - raft.server.log.queue.element-limit = 1024 (custom)
2019-10-17 02:14:30,094 [pool-237-thread-1] INFO  server.RaftServerConfigKeys (ConfUtils.java:logGet(43)) - raft.server.log.segment.size.max = 1048576 (custom)
2019-10-17 02:14:30,095 [pool-237-thread-1] INFO  server.RaftServerConfigKeys (ConfUtils.java:logGet(43)) - raft.server.log.preallocated.size = 16384 (custom)
2019-10-17 02:14:30,095 [pool-237-thread-1] INFO  server.RaftServerConfigKeys (ConfUtils.java:logGet(43)) - raft.server.log.write.buffer.size = 33554432 (custom)
2019-10-17 02:14:30,095 [pool-237-thread-1] INFO  server.RaftServerConfigKeys (ConfUtils.java:logGet(43)) - raft.server.log.force.sync.num = 128 (default)
2019-10-17 02:14:30,095 [pool-237-thread-1] INFO  server.RaftServerConfigKeys (ConfUtils.java:logGet(43)) - raft.server.log.statemachine.data.sync = true (default)
2019-10-17 02:14:30,095 [pool-237-thread-1] INFO  server.RaftServerConfigKeys (ConfUtils.java:logGet(43)) - raft.server.log.statemachine.data.sync.timeout = 10s (default)
2019-10-17 02:14:30,095 [pool-237-thread-1] INFO  server.RaftServerConfigKeys (ConfUtils.java:logGet(43)) - raft.server.log.statemachine.data.sync.timeout.retry = -1 (default)
2019-10-17 02:14:30,096 [pool-237-thread-1] INFO  server.RaftServerConfigKeys (ConfUtils.java:logGet(43)) - raft.server.log.statemachine.data.caching.enabled = true (custom)
2019-10-17 02:14:30,096 [pool-237-thread-1] INFO  segmented.SegmentedRaftLogWorker (SegmentedRaftLogWorker.java:lambda$new$0(128)) - b32d7882-88db-4fe6-9cca-6a25122d474d@group-26D4B34233DA-SegmentedRaftLogWorker: flushIndex: setUnconditionally 0 -> -1
2019-10-17 02:14:30,096 [pool-237-thread-1] INFO  server.RaftServerConfigKeys (ConfUtils.java:logGet(43)) - raft.server.snapshot.auto.trigger.enabled = true (custom)
2019-10-17 02:14:30,096 [pool-237-thread-1] INFO  server.RaftServerConfigKeys (ConfUtils.java:logGet(43)) - raft.server.snapshot.auto.trigger.threshold = 10000 (custom)
2019-10-17 02:14:30,096 [pool-237-thread-1] INFO  server.RaftServerConfigKeys (ConfUtils.java:logGet(43)) - raft.server.snapshot.retention.file.num = 5 (custom)
2019-10-17 02:14:30,097 [pool-237-thread-1] INFO  server.RaftServerConfigKeys (ConfUtils.java:logGet(43)) - raft.server.retrycache.expirytime = 600000ms (custom)
2019-10-17 02:14:30,100 [pool-237-thread-1] INFO  impl.RaftServerImpl (RaftServerImpl.java:start(195)) - b32d7882-88db-4fe6-9cca-6a25122d474d@group-26D4B34233DA: start as a follower, conf=-1: [b32d7882-88db-4fe6-9cca-6a25122d474d:192.168.157.194:42206], old=null
2019-10-17 02:14:30,100 [pool-237-thread-1] INFO  impl.RaftServerImpl (RaftServerImpl.java:setRole(184)) - b32d7882-88db-4fe6-9cca-6a25122d474d@group-26D4B34233DA: changes role from      null to FOLLOWER at term 0 for startAsFollower
2019-10-17 02:14:30,100 [pool-237-thread-1] INFO  impl.RoleInfo (RoleInfo.java:updateAndGet(143)) - b32d7882-88db-4fe6-9cca-6a25122d474d: start FollowerState
2019-10-17 02:14:30,100 [pool-237-thread-1] INFO  util.JmxRegister (JmxRegister.java:tryRegister(44)) - Successfully registered JMX Bean with object name Ratis:service=RaftServer,group=group-26D4B34233DA,id=b32d7882-88db-4fe6-9cca-6a25122d474d
2019-10-17 02:14:30,106 [RatisPipelineUtilsThread] INFO  pipeline.PipelineStateManager (PipelineStateManager.java:addPipeline(55)) - Created pipeline Pipeline[ Id: 8c3b8a4e-ada6-4c36-a686-26d4b34233da, Nodes: b32d7882-88db-4fe6-9cca-6a25122d474d{ip: 192.168.157.194, host: pr-hdds-1868-g97gg-2149769003, networkLocation: /default-rack, certSerialId: null}, Type:RATIS, Factor:ONE, State:ALLOCATED]
2019-10-17 02:14:30,123 [main] INFO  ozone.MiniOzoneClusterImpl (MiniOzoneClusterImpl.java:lambda$waitForClusterToBeReady$2(164)) - Waiting for 2 number of pipelines out of 2, to report a leader.
2019-10-17 02:14:30,124 [IPC Server handler 2 on 38076] INFO  net.NetworkTopology (NetworkTopologyImpl.java:add(111)) - Added a new node: /default-rack/3aea292b-16fb-4e9b-be90-828afa8e8047
2019-10-17 02:14:30,124 [IPC Server handler 2 on 38076] INFO  node.SCMNodeManager (SCMNodeManager.java:register(268)) - Registered Data node : 3aea292b-16fb-4e9b-be90-828afa8e8047{ip: 192.168.157.194, host: pr-hdds-1868-g97gg-2149769003, networkLocation: /default-rack, certSerialId: null}
2019-10-17 02:14:30,137 [grpc-default-executor-0] INFO  impl.RaftServerProxy (RaftServerProxy.java:addNew(89)) - 3aea292b-16fb-4e9b-be90-828afa8e8047: addNew group-475F4F9EA4AD:[3aea292b-16fb-4e9b-be90-828afa8e8047:192.168.157.194:34569] returns group-475F4F9EA4AD:java.util.concurrent.CompletableFuture@24099c5d[Not completed]
2019-10-17 02:14:30,139 [pool-247-thread-1] INFO  impl.RaftServerImpl (RaftServerImpl.java:<init>(104)) - 3aea292b-16fb-4e9b-be90-828afa8e8047: new RaftServerImpl for group-475F4F9EA4AD:[3aea292b-16fb-4e9b-be90-828afa8e8047:192.168.157.194:34569] with ContainerStateMachine:uninitialized
2019-10-17 02:14:30,139 [pool-247-thread-1] INFO  server.RaftServerConfigKeys (ConfUtils.java:logGet(43)) - raft.server.rpc.timeout.min = 5s (custom)
2019-10-17 02:14:30,140 [pool-247-thread-1] INFO  server.RaftServerConfigKeys (ConfUtils.java:logGet(43)) - raft.server.rpc.timeout.max = 5200ms (custom)
2019-10-17 02:14:30,140 [pool-247-thread-1] INFO  server.RaftServerConfigKeys (ConfUtils.java:logGet(43)) - raft.server.rpcslowness.timeout = 120s (custom)
2019-10-17 02:14:30,140 [pool-247-thread-1] INFO  server.RaftServerConfigKeys (ConfUtils.java:logGet(43)) - raft.server.sleep.deviation.threshold = 300 (default)
2019-10-17 02:14:30,140 [pool-247-thread-1] INFO  server.RaftServerConfigKeys (ConfUtils.java:logGet(43)) - raft.server.log.appender.install.snapshot.enabled = false (custom)
2019-10-17 02:14:30,140 [pool-247-thread-1] INFO  impl.RaftServerImpl (ServerState.java:<init>(103)) - 3aea292b-16fb-4e9b-be90-828afa8e8047@group-475F4F9EA4AD: ConfigurationManager, init=-1: [3aea292b-16fb-4e9b-be90-828afa8e8047:192.168.157.194:34569], old=null, confs=<EMPTY_MAP>
2019-10-17 02:14:30,140 [pool-247-thread-1] INFO  server.RaftServerConfigKeys (ConfUtils.java:logGet(43)) - raft.server.storage.dir = [/workdir/hadoop-ozone/ozonefs/target/test-dir/MiniOzoneClusterImpl-a3991107-2db4-4ed9-b586-01161be3d184/datanode-2/data/ratis] (custom)
2019-10-17 02:14:30,141 [pool-247-thread-1] INFO  server.RaftServerConfigKeys (ConfUtils.java:logGet(43)) - raft.server.log.corruption.policy = EXCEPTION (default)
2019-10-17 02:14:30,141 [pool-247-thread-1] INFO  storage.RaftStorageDirectory (RaftStorageDirectory.java:analyzeStorage(246)) - The storage directory /workdir/hadoop-ozone/ozonefs/target/test-dir/MiniOzoneClusterImpl-a3991107-2db4-4ed9-b586-01161be3d184/datanode-2/data/ratis/c9c1ba7d-568f-4c1b-b12a-475f4f9ea4ad does not exist. Creating ...
2019-10-17 02:14:30,153 [pool-247-thread-1] INFO  storage.RaftStorageDirectory (RaftStorageDirectory.java:tryLock(328)) - Lock on /workdir/hadoop-ozone/ozonefs/target/test-dir/MiniOzoneClusterImpl-a3991107-2db4-4ed9-b586-01161be3d184/datanode-2/data/ratis/c9c1ba7d-568f-4c1b-b12a-475f4f9ea4ad/in_use.lock acquired by nodename 25645@pr-hdds-1868-g97gg-2149769003
2019-10-17 02:14:30,159 [pool-247-thread-1] INFO  storage.RaftStorage (RaftStorage.java:format(84)) - Storage directory /workdir/hadoop-ozone/ozonefs/target/test-dir/MiniOzoneClusterImpl-a3991107-2db4-4ed9-b586-01161be3d184/datanode-2/data/ratis/c9c1ba7d-568f-4c1b-b12a-475f4f9ea4ad has been successfully formatted.
2019-10-17 02:14:30,159 [pool-247-thread-1] INFO  ratis.ContainerStateMachine (ContainerStateMachine.java:loadSnapshot(233)) - group-475F4F9EA4AD: The snapshot info is null. Setting the last applied indexto:(t:0, i:~)
2019-10-17 02:14:30,159 [pool-247-thread-1] INFO  server.RaftServerConfigKeys (ConfUtils.java:logGet(43)) - raft.server.notification.no-leader.timeout = 120s (custom)
2019-10-17 02:14:30,159 [pool-247-thread-1] INFO  server.RaftServerConfigKeys (ConfUtils.java:logGet(43)) - raft.server.log.use.memory = false (default)
2019-10-17 02:14:30,160 [pool-247-thread-1] INFO  server.RaftServerConfigKeys (ConfUtils.java:logGet(43)) - raft.server.log.purge.gap = 1000000 (custom)
2019-10-17 02:14:30,160 [pool-247-thread-1] INFO  server.RaftServerConfigKeys (ConfUtils.java:logGet(43)) - raft.server.log.appender.buffer.byte-limit = 33554432 (custom)
2019-10-17 02:14:30,160 [pool-247-thread-1] INFO  server.RaftServerConfigKeys (ConfUtils.java:logGet(43)) - raft.server.log.segment.size.max = 1048576 (custom)
2019-10-17 02:14:30,162 [pool-247-thread-1] INFO  server.RaftServerConfigKeys (ConfUtils.java:logGet(43)) - raft.server.log.segment.cache.num.max = 2 (custom)
2019-10-17 02:14:30,162 [pool-247-thread-1] INFO  segmented.SegmentedRaftLogWorker (SegmentedRaftLogWorker.java:<init>(173)) - new 3aea292b-16fb-4e9b-be90-828afa8e8047@group-475F4F9EA4AD-SegmentedRaftLogWorker for RaftStorage:Storage Directory /workdir/hadoop-ozone/ozonefs/target/test-dir/MiniOzoneClusterImpl-a3991107-2db4-4ed9-b586-01161be3d184/datanode-2/data/ratis/c9c1ba7d-568f-4c1b-b12a-475f4f9ea4ad
2019-10-17 02:14:30,162 [pool-247-thread-1] INFO  server.RaftServerConfigKeys (ConfUtils.java:logGet(43)) - raft.server.log.queue.byte-limit = 2147483647 (custom)
2019-10-17 02:14:30,162 [pool-247-thread-1] INFO  server.RaftServerConfigKeys (ConfUtils.java:logGet(43)) - raft.server.log.queue.element-limit = 1024 (custom)
2019-10-17 02:14:30,163 [pool-247-thread-1] INFO  server.RaftServerConfigKeys (ConfUtils.java:logGet(43)) - raft.server.log.segment.size.max = 1048576 (custom)
2019-10-17 02:14:30,163 [Thread-1265] INFO  impl.FollowerState (FollowerState.java:run(108)) - a6b2ebfb-69a0-457c-b6cd-a50cc148b564@group-916737655080-FollowerState: change to CANDIDATE, lastRpcTime:113ms, electionTimeout:113ms
2019-10-17 02:14:30,163 [pool-247-thread-1] INFO  server.RaftServerConfigKeys (ConfUtils.java:logGet(43)) - raft.server.log.preallocated.size = 16384 (custom)
2019-10-17 02:14:30,163 [Thread-1265] INFO  impl.RoleInfo (RoleInfo.java:shutdownFollowerState(121)) - a6b2ebfb-69a0-457c-b6cd-a50cc148b564: shutdown FollowerState
2019-10-17 02:14:30,163 [pool-247-thread-1] INFO  server.RaftServerConfigKeys (ConfUtils.java:logGet(43)) - raft.server.log.write.buffer.size = 33554432 (custom)
2019-10-17 02:14:30,163 [Thread-1265] INFO  impl.RaftServerImpl (RaftServerImpl.java:setRole(184)) - a6b2ebfb-69a0-457c-b6cd-a50cc148b564@group-916737655080: changes role from  FOLLOWER to CANDIDATE at term 0 for changeToCandidate
2019-10-17 02:14:30,163 [pool-247-thread-1] INFO  server.RaftServerConfigKeys (ConfUtils.java:logGet(43)) - raft.server.log.force.sync.num = 128 (default)
2019-10-17 02:14:30,163 [Thread-1265] INFO  impl.RoleInfo (RoleInfo.java:updateAndGet(143)) - a6b2ebfb-69a0-457c-b6cd-a50cc148b564: start LeaderElection
2019-10-17 02:14:30,164 [pool-247-thread-1] INFO  server.RaftServerConfigKeys (ConfUtils.java:logGet(43)) - raft.server.log.statemachine.data.sync = true (default)
2019-10-17 02:14:30,164 [pool-247-thread-1] INFO  server.RaftServerConfigKeys (ConfUtils.java:logGet(43)) - raft.server.log.statemachine.data.sync.timeout = 10s (default)
2019-10-17 02:14:30,164 [pool-247-thread-1] INFO  server.RaftServerConfigKeys (ConfUtils.java:logGet(43)) - raft.server.log.statemachine.data.sync.timeout.retry = -1 (default)
2019-10-17 02:14:30,167 [Thread-1268] INFO  impl.FollowerState (FollowerState.java:run(108)) - b32d7882-88db-4fe6-9cca-6a25122d474d@group-26D4B34233DA-FollowerState: change to CANDIDATE, lastRpcTime:66ms, electionTimeout:64ms
2019-10-17 02:14:30,167 [Thread-1268] INFO  impl.RoleInfo (RoleInfo.java:shutdownFollowerState(121)) - b32d7882-88db-4fe6-9cca-6a25122d474d: shutdown FollowerState
2019-10-17 02:14:30,167 [Thread-1268] INFO  impl.RaftServerImpl (RaftServerImpl.java:setRole(184)) - b32d7882-88db-4fe6-9cca-6a25122d474d@group-26D4B34233DA: changes role from  FOLLOWER to CANDIDATE at term 0 for changeToCandidate
2019-10-17 02:14:30,167 [pool-247-thread-1] INFO  server.RaftServerConfigKeys (ConfUtils.java:logGet(43)) - raft.server.log.statemachine.data.caching.enabled = true (custom)
2019-10-17 02:14:30,167 [Thread-1268] INFO  impl.RoleInfo (RoleInfo.java:updateAndGet(143)) - b32d7882-88db-4fe6-9cca-6a25122d474d: start LeaderElection
2019-10-17 02:14:30,168 [pool-247-thread-1] INFO  segmented.SegmentedRaftLogWorker (SegmentedRaftLogWorker.java:lambda$new$0(128)) - 3aea292b-16fb-4e9b-be90-828afa8e8047@group-475F4F9EA4AD-SegmentedRaftLogWorker: flushIndex: setUnconditionally 0 -> -1
2019-10-17 02:14:30,171 [pool-247-thread-1] INFO  server.RaftServerConfigKeys (ConfUtils.java:logGet(43)) - raft.server.snapshot.auto.trigger.enabled = true (custom)
2019-10-17 02:14:30,171 [pool-247-thread-1] INFO  server.RaftServerConfigKeys (ConfUtils.java:logGet(43)) - raft.server.snapshot.auto.trigger.threshold = 10000 (custom)
2019-10-17 02:14:30,171 [pool-247-thread-1] INFO  server.RaftServerConfigKeys (ConfUtils.java:logGet(43)) - raft.server.snapshot.retention.file.num = 5 (custom)
2019-10-17 02:14:30,171 [pool-247-thread-1] INFO  server.RaftServerConfigKeys (ConfUtils.java:logGet(43)) - raft.server.retrycache.expirytime = 600000ms (custom)
2019-10-17 02:14:30,175 [pool-247-thread-1] INFO  impl.RaftServerImpl (RaftServerImpl.java:start(195)) - 3aea292b-16fb-4e9b-be90-828afa8e8047@group-475F4F9EA4AD: start as a follower, conf=-1: [3aea292b-16fb-4e9b-be90-828afa8e8047:192.168.157.194:34569], old=null
2019-10-17 02:14:30,175 [pool-247-thread-1] INFO  impl.RaftServerImpl (RaftServerImpl.java:setRole(184)) - 3aea292b-16fb-4e9b-be90-828afa8e8047@group-475F4F9EA4AD: changes role from      null to FOLLOWER at term 0 for startAsFollower
2019-10-17 02:14:30,175 [pool-247-thread-1] INFO  impl.RoleInfo (RoleInfo.java:updateAndGet(143)) - 3aea292b-16fb-4e9b-be90-828afa8e8047: start FollowerState
2019-10-17 02:14:30,175 [pool-247-thread-1] INFO  util.JmxRegister (JmxRegister.java:tryRegister(44)) - Successfully registered JMX Bean with object name Ratis:service=RaftServer,group=group-475F4F9EA4AD,id=3aea292b-16fb-4e9b-be90-828afa8e8047
2019-10-17 02:14:30,179 [a6b2ebfb-69a0-457c-b6cd-a50cc148b564@group-916737655080-LeaderElection43] INFO  impl.LeaderElection (LeaderElection.java:askForVotes(178)) - a6b2ebfb-69a0-457c-b6cd-a50cc148b564@group-916737655080-LeaderElection43: begin an election at term 1 for -1: [a6b2ebfb-69a0-457c-b6cd-a50cc148b564:192.168.157.194:37298], old=null
2019-10-17 02:14:30,179 [b32d7882-88db-4fe6-9cca-6a25122d474d@group-26D4B34233DA-LeaderElection44] INFO  impl.LeaderElection (LeaderElection.java:askForVotes(178)) - b32d7882-88db-4fe6-9cca-6a25122d474d@group-26D4B34233DA-LeaderElection44: begin an election at term 1 for -1: [b32d7882-88db-4fe6-9cca-6a25122d474d:192.168.157.194:42206], old=null
2019-10-17 02:14:30,179 [a6b2ebfb-69a0-457c-b6cd-a50cc148b564@group-916737655080-LeaderElection43] INFO  impl.RoleInfo (RoleInfo.java:shutdownLeaderElection(134)) - a6b2ebfb-69a0-457c-b6cd-a50cc148b564: shutdown LeaderElection
2019-10-17 02:14:30,179 [b32d7882-88db-4fe6-9cca-6a25122d474d@group-26D4B34233DA-LeaderElection44] INFO  impl.RoleInfo (RoleInfo.java:shutdownLeaderElection(134)) - b32d7882-88db-4fe6-9cca-6a25122d474d: shutdown LeaderElection
2019-10-17 02:14:30,179 [a6b2ebfb-69a0-457c-b6cd-a50cc148b564@group-916737655080-LeaderElection43] INFO  impl.RaftServerImpl (RaftServerImpl.java:setRole(184)) - a6b2ebfb-69a0-457c-b6cd-a50cc148b564@group-916737655080: changes role from CANDIDATE to LEADER at term 1 for changeToLeader
2019-10-17 02:14:30,179 [b32d7882-88db-4fe6-9cca-6a25122d474d@group-26D4B34233DA-LeaderElection44] INFO  impl.RaftServerImpl (RaftServerImpl.java:setRole(184)) - b32d7882-88db-4fe6-9cca-6a25122d474d@group-26D4B34233DA: changes role from CANDIDATE to LEADER at term 1 for changeToLeader
2019-10-17 02:14:30,179 [a6b2ebfb-69a0-457c-b6cd-a50cc148b564@group-916737655080-LeaderElection43] INFO  ratis.XceiverServerRatis (XceiverServerRatis.java:handleLeaderChangedNotification(699)) - Leader change notification received for group: group-916737655080 with new leaderId: a6b2ebfb-69a0-457c-b6cd-a50cc148b564
2019-10-17 02:14:30,179 [b32d7882-88db-4fe6-9cca-6a25122d474d@group-26D4B34233DA-LeaderElection44] INFO  ratis.XceiverServerRatis (XceiverServerRatis.java:handleLeaderChangedNotification(699)) - Leader change notification received for group: group-26D4B34233DA with new leaderId: b32d7882-88db-4fe6-9cca-6a25122d474d
2019-10-17 02:14:30,180 [a6b2ebfb-69a0-457c-b6cd-a50cc148b564@group-916737655080-LeaderElection43] INFO  impl.RaftServerImpl (ServerState.java:setLeader(256)) - a6b2ebfb-69a0-457c-b6cd-a50cc148b564@group-916737655080: change Leader from null to a6b2ebfb-69a0-457c-b6cd-a50cc148b564 at term 1 for becomeLeader, leader elected after 140ms
2019-10-17 02:14:30,180 [b32d7882-88db-4fe6-9cca-6a25122d474d@group-26D4B34233DA-LeaderElection44] INFO  impl.RaftServerImpl (ServerState.java:setLeader(256)) - b32d7882-88db-4fe6-9cca-6a25122d474d@group-26D4B34233DA: change Leader from null to b32d7882-88db-4fe6-9cca-6a25122d474d at term 1 for becomeLeader, leader elected after 87ms
2019-10-17 02:14:30,180 [a6b2ebfb-69a0-457c-b6cd-a50cc148b564@group-916737655080-LeaderElection43] INFO  server.RaftServerConfigKeys (ConfUtils.java:logGet(43)) - raft.server.staging.catchup.gap = 1000 (default)
2019-10-17 02:14:30,180 [b32d7882-88db-4fe6-9cca-6a25122d474d@group-26D4B34233DA-LeaderElection44] INFO  server.RaftServerConfigKeys (ConfUtils.java:logGet(43)) - raft.server.staging.catchup.gap = 1000 (default)
2019-10-17 02:14:30,182 [a6b2ebfb-69a0-457c-b6cd-a50cc148b564@group-916737655080-LeaderElection43] INFO  server.RaftServerConfigKeys (ConfUtils.java:logGet(43)) - raft.server.rpc.sleep.time = 25ms (default)
2019-10-17 02:14:30,182 [b32d7882-88db-4fe6-9cca-6a25122d474d@group-26D4B34233DA-LeaderElection44] INFO  server.RaftServerConfigKeys (ConfUtils.java:logGet(43)) - raft.server.rpc.sleep.time = 25ms (default)
2019-10-17 02:14:30,182 [a6b2ebfb-69a0-457c-b6cd-a50cc148b564@group-916737655080-LeaderElection43] INFO  server.RaftServerConfigKeys (ConfUtils.java:logGet(43)) - raft.server.write.element-limit = 4096 (default)
2019-10-17 02:14:30,182 [b32d7882-88db-4fe6-9cca-6a25122d474d@group-26D4B34233DA-LeaderElection44] INFO  server.RaftServerConfigKeys (ConfUtils.java:logGet(43)) - raft.server.write.element-limit = 4096 (default)
2019-10-17 02:14:30,182 [a6b2ebfb-69a0-457c-b6cd-a50cc148b564@group-916737655080-LeaderElection43] INFO  server.RaftServerConfigKeys (ConfUtils.java:logGet(43)) - raft.server.watch.timeout = 10s (default)
2019-10-17 02:14:30,182 [b32d7882-88db-4fe6-9cca-6a25122d474d@group-26D4B34233DA-LeaderElection44] INFO  server.RaftServerConfigKeys (ConfUtils.java:logGet(43)) - raft.server.watch.timeout = 10s (default)
2019-10-17 02:14:30,182 [a6b2ebfb-69a0-457c-b6cd-a50cc148b564@group-916737655080-LeaderElection43] INFO  server.RaftServerConfigKeys (ConfUtils.java:logGet(43)) - raft.server.watch.timeout.denomination = 1s (default)
2019-10-17 02:14:30,183 [b32d7882-88db-4fe6-9cca-6a25122d474d@group-26D4B34233DA-LeaderElection44] INFO  server.RaftServerConfigKeys (ConfUtils.java:logGet(43)) - raft.server.watch.timeout.denomination = 1s (default)
2019-10-17 02:14:30,183 [a6b2ebfb-69a0-457c-b6cd-a50cc148b564@group-916737655080-LeaderElection43] INFO  server.RaftServerConfigKeys (ConfUtils.java:logGet(43)) - raft.server.watch.element-limit = 65536 (default)
2019-10-17 02:14:30,183 [b32d7882-88db-4fe6-9cca-6a25122d474d@group-26D4B34233DA-LeaderElection44] INFO  server.RaftServerConfigKeys (ConfUtils.java:logGet(43)) - raft.server.watch.element-limit = 65536 (default)
2019-10-17 02:14:30,183 [RatisPipelineUtilsThread] INFO  pipeline.PipelineStateManager (PipelineStateManager.java:addPipeline(55)) - Created pipeline Pipeline[ Id: c9c1ba7d-568f-4c1b-b12a-475f4f9ea4ad, Nodes: 3aea292b-16fb-4e9b-be90-828afa8e8047{ip: 192.168.157.194, host: pr-hdds-1868-g97gg-2149769003, networkLocation: /default-rack, certSerialId: null}, Type:RATIS, Factor:ONE, State:ALLOCATED]
2019-10-17 02:14:30,187 [a6b2ebfb-69a0-457c-b6cd-a50cc148b564@group-916737655080-LeaderElection43] INFO  impl.RoleInfo (RoleInfo.java:updateAndGet(143)) - a6b2ebfb-69a0-457c-b6cd-a50cc148b564: start LeaderState
2019-10-17 02:14:30,188 [b32d7882-88db-4fe6-9cca-6a25122d474d@group-26D4B34233DA-LeaderElection44] INFO  impl.RoleInfo (RoleInfo.java:updateAndGet(143)) - b32d7882-88db-4fe6-9cca-6a25122d474d: start LeaderState
2019-10-17 02:14:30,188 [a6b2ebfb-69a0-457c-b6cd-a50cc148b564@group-916737655080-LeaderElection43] INFO  segmented.SegmentedRaftLogWorker (SegmentedRaftLogWorker.java:startLogSegment(385)) - a6b2ebfb-69a0-457c-b6cd-a50cc148b564@group-916737655080-SegmentedRaftLogWorker: Starting segment from index:0
2019-10-17 02:14:30,188 [b32d7882-88db-4fe6-9cca-6a25122d474d@group-26D4B34233DA-LeaderElection44] INFO  segmented.SegmentedRaftLogWorker (SegmentedRaftLogWorker.java:startLogSegment(385)) - b32d7882-88db-4fe6-9cca-6a25122d474d@group-26D4B34233DA-SegmentedRaftLogWorker: Starting segment from index:0
2019-10-17 02:14:30,190 [a6b2ebfb-69a0-457c-b6cd-a50cc148b564@group-916737655080-LeaderElection43] INFO  impl.RaftServerImpl (ServerState.java:setRaftConf(357)) - a6b2ebfb-69a0-457c-b6cd-a50cc148b564@group-916737655080: set configuration 0: [a6b2ebfb-69a0-457c-b6cd-a50cc148b564:192.168.157.194:37298], old=null at 0
2019-10-17 02:14:30,224 [b32d7882-88db-4fe6-9cca-6a25122d474d@group-26D4B34233DA-LeaderElection44] INFO  impl.RaftServerImpl (ServerState.java:setRaftConf(357)) - b32d7882-88db-4fe6-9cca-6a25122d474d@group-26D4B34233DA: set configuration 0: [b32d7882-88db-4fe6-9cca-6a25122d474d:192.168.157.194:42206], old=null at 0
2019-10-17 02:14:30,227 [grpc-default-executor-1] INFO  impl.RaftServerProxy (RaftServerProxy.java:addNew(89)) - a6b2ebfb-69a0-457c-b6cd-a50cc148b564: addNew group-CAA302CD1894:[b32d7882-88db-4fe6-9cca-6a25122d474d:192.168.157.194:42206, 3aea292b-16fb-4e9b-be90-828afa8e8047:192.168.157.194:34569, a6b2ebfb-69a0-457c-b6cd-a50cc148b564:192.168.157.194:37298] returns group-CAA302CD1894:java.util.concurrent.CompletableFuture@305668b7[Not completed]
2019-10-17 02:14:30,227 [grpc-default-executor-2] INFO  impl.RaftServerProxy (RaftServerProxy.java:addNew(89)) - b32d7882-88db-4fe6-9cca-6a25122d474d: addNew group-CAA302CD1894:[b32d7882-88db-4fe6-9cca-6a25122d474d:192.168.157.194:42206, 3aea292b-16fb-4e9b-be90-828afa8e8047:192.168.157.194:34569, a6b2ebfb-69a0-457c-b6cd-a50cc148b564:192.168.157.194:37298] returns group-CAA302CD1894:java.util.concurrent.CompletableFuture@3a9b420d[Not completed]
2019-10-17 02:14:30,227 [grpc-default-executor-0] INFO  impl.RaftServerProxy (RaftServerProxy.java:addNew(89)) - 3aea292b-16fb-4e9b-be90-828afa8e8047: addNew group-CAA302CD1894:[b32d7882-88db-4fe6-9cca-6a25122d474d:192.168.157.194:42206, 3aea292b-16fb-4e9b-be90-828afa8e8047:192.168.157.194:34569, a6b2ebfb-69a0-457c-b6cd-a50cc148b564:192.168.157.194:37298] returns group-CAA302CD1894:java.util.concurrent.CompletableFuture@1580ba3d[Not completed]
2019-10-17 02:14:30,230 [pool-227-thread-1] INFO  impl.RaftServerImpl (RaftServerImpl.java:<init>(104)) - a6b2ebfb-69a0-457c-b6cd-a50cc148b564: new RaftServerImpl for group-CAA302CD1894:[b32d7882-88db-4fe6-9cca-6a25122d474d:192.168.157.194:42206, 3aea292b-16fb-4e9b-be90-828afa8e8047:192.168.157.194:34569, a6b2ebfb-69a0-457c-b6cd-a50cc148b564:192.168.157.194:37298] with ContainerStateMachine:uninitialized
2019-10-17 02:14:30,230 [pool-227-thread-1] INFO  server.RaftServerConfigKeys (ConfUtils.java:logGet(43)) - raft.server.rpc.timeout.min = 5s (custom)
2019-10-17 02:14:30,230 [pool-227-thread-1] INFO  server.RaftServerConfigKeys (ConfUtils.java:logGet(43)) - raft.server.rpc.timeout.max = 5200ms (custom)
2019-10-17 02:14:30,230 [pool-227-thread-1] INFO  server.RaftServerConfigKeys (ConfUtils.java:logGet(43)) - raft.server.rpcslowness.timeout = 120s (custom)
2019-10-17 02:14:30,231 [pool-227-thread-1] INFO  server.RaftServerConfigKeys (ConfUtils.java:logGet(43)) - raft.server.sleep.deviation.threshold = 300 (default)
2019-10-17 02:14:30,231 [pool-227-thread-1] INFO  server.RaftServerConfigKeys (ConfUtils.java:logGet(43)) - raft.server.log.appender.install.snapshot.enabled = false (custom)
2019-10-17 02:14:30,231 [pool-237-thread-1] INFO  impl.RaftServerImpl (RaftServerImpl.java:<init>(104)) - b32d7882-88db-4fe6-9cca-6a25122d474d: new RaftServerImpl for group-CAA302CD1894:[b32d7882-88db-4fe6-9cca-6a25122d474d:192.168.157.194:42206, 3aea292b-16fb-4e9b-be90-828afa8e8047:192.168.157.194:34569, a6b2ebfb-69a0-457c-b6cd-a50cc148b564:192.168.157.194:37298] with ContainerStateMachine:uninitialized
2019-10-17 02:14:30,231 [pool-227-thread-1] INFO  impl.RaftServerImpl (ServerState.java:<init>(103)) - a6b2ebfb-69a0-457c-b6cd-a50cc148b564@group-CAA302CD1894: ConfigurationManager, init=-1: [b32d7882-88db-4fe6-9cca-6a25122d474d:192.168.157.194:42206, 3aea292b-16fb-4e9b-be90-828afa8e8047:192.168.157.194:34569, a6b2ebfb-69a0-457c-b6cd-a50cc148b564:192.168.157.194:37298], old=null, confs=<EMPTY_MAP>
2019-10-17 02:14:30,231 [pool-237-thread-1] INFO  server.RaftServerConfigKeys (ConfUtils.java:logGet(43)) - raft.server.rpc.timeout.min = 5s (custom)
2019-10-17 02:14:30,231 [pool-227-thread-1] INFO  server.RaftServerConfigKeys (ConfUtils.java:logGet(43)) - raft.server.storage.dir = [/workdir/hadoop-ozone/ozonefs/target/test-dir/MiniOzoneClusterImpl-a3991107-2db4-4ed9-b586-01161be3d184/datanode-0/data/ratis] (custom)
2019-10-17 02:14:30,231 [pool-237-thread-1] INFO  server.RaftServerConfigKeys (ConfUtils.java:logGet(43)) - raft.server.rpc.timeout.max = 5200ms (custom)
2019-10-17 02:14:30,232 [pool-247-thread-1] INFO  impl.RaftServerImpl (RaftServerImpl.java:<init>(104)) - 3aea292b-16fb-4e9b-be90-828afa8e8047: new RaftServerImpl for group-CAA302CD1894:[b32d7882-88db-4fe6-9cca-6a25122d474d:192.168.157.194:42206, 3aea292b-16fb-4e9b-be90-828afa8e8047:192.168.157.194:34569, a6b2ebfb-69a0-457c-b6cd-a50cc148b564:192.168.157.194:37298] with ContainerStateMachine:uninitialized
2019-10-17 02:14:30,232 [pool-227-thread-1] INFO  server.RaftServerConfigKeys (ConfUtils.java:logGet(43)) - raft.server.log.corruption.policy = EXCEPTION (default)
2019-10-17 02:14:30,232 [pool-237-thread-1] INFO  server.RaftServerConfigKeys (ConfUtils.java:logGet(43)) - raft.server.rpcslowness.timeout = 120s (custom)
2019-10-17 02:14:30,232 [pool-247-thread-1] INFO  server.RaftServerConfigKeys (ConfUtils.java:logGet(43)) - raft.server.rpc.timeout.min = 5s (custom)
2019-10-17 02:14:30,232 [pool-227-thread-1] INFO  storage.RaftStorageDirectory (RaftStorageDirectory.java:analyzeStorage(246)) - The storage directory /workdir/hadoop-ozone/ozonefs/target/test-dir/MiniOzoneClusterImpl-a3991107-2db4-4ed9-b586-01161be3d184/datanode-0/data/ratis/4022580d-0894-4efe-ae18-caa302cd1894 does not exist. Creating ...
2019-10-17 02:14:30,232 [pool-237-thread-1] INFO  server.RaftServerConfigKeys (ConfUtils.java:logGet(43)) - raft.server.sleep.deviation.threshold = 300 (default)
2019-10-17 02:14:30,232 [pool-247-thread-1] INFO  server.RaftServerConfigKeys (ConfUtils.java:logGet(43)) - raft.server.rpc.timeout.max = 5200ms (custom)
2019-10-17 02:14:30,233 [pool-237-thread-1] INFO  server.RaftServerConfigKeys (ConfUtils.java:logGet(43)) - raft.server.log.appender.install.snapshot.enabled = false (custom)
2019-10-17 02:14:30,233 [pool-247-thread-1] INFO  server.RaftServerConfigKeys (ConfUtils.java:logGet(43)) - raft.server.rpcslowness.timeout = 120s (custom)
2019-10-17 02:14:30,233 [pool-237-thread-1] INFO  impl.RaftServerImpl (ServerState.java:<init>(103)) - b32d7882-88db-4fe6-9cca-6a25122d474d@group-CAA302CD1894: ConfigurationManager, init=-1: [b32d7882-88db-4fe6-9cca-6a25122d474d:192.168.157.194:42206, 3aea292b-16fb-4e9b-be90-828afa8e8047:192.168.157.194:34569, a6b2ebfb-69a0-457c-b6cd-a50cc148b564:192.168.157.194:37298], old=null, confs=<EMPTY_MAP>
2019-10-17 02:14:30,233 [pool-247-thread-1] INFO  server.RaftServerConfigKeys (ConfUtils.java:logGet(43)) - raft.server.sleep.deviation.threshold = 300 (default)
2019-10-17 02:14:30,233 [pool-237-thread-1] INFO  server.RaftServerConfigKeys (ConfUtils.java:logGet(43)) - raft.server.storage.dir = [/workdir/hadoop-ozone/ozonefs/target/test-dir/MiniOzoneClusterImpl-a3991107-2db4-4ed9-b586-01161be3d184/datanode-1/data/ratis] (custom)
2019-10-17 02:14:30,233 [pool-247-thread-1] INFO  server.RaftServerConfigKeys (ConfUtils.java:logGet(43)) - raft.server.log.appender.install.snapshot.enabled = false (custom)
2019-10-17 02:14:30,234 [pool-247-thread-1] INFO  impl.RaftServerImpl (ServerState.java:<init>(103)) - 3aea292b-16fb-4e9b-be90-828afa8e8047@group-CAA302CD1894: ConfigurationManager, init=-1: [b32d7882-88db-4fe6-9cca-6a25122d474d:192.168.157.194:42206, 3aea292b-16fb-4e9b-be90-828afa8e8047:192.168.157.194:34569, a6b2ebfb-69a0-457c-b6cd-a50cc148b564:192.168.157.194:37298], old=null, confs=<EMPTY_MAP>
2019-10-17 02:14:30,234 [pool-247-thread-1] INFO  server.RaftServerConfigKeys (ConfUtils.java:logGet(43)) - raft.server.storage.dir = [/workdir/hadoop-ozone/ozonefs/target/test-dir/MiniOzoneClusterImpl-a3991107-2db4-4ed9-b586-01161be3d184/datanode-2/data/ratis] (custom)
2019-10-17 02:14:30,234 [pool-237-thread-1] INFO  server.RaftServerConfigKeys (ConfUtils.java:logGet(43)) - raft.server.log.corruption.policy = EXCEPTION (default)
2019-10-17 02:14:30,234 [pool-247-thread-1] INFO  server.RaftServerConfigKeys (ConfUtils.java:logGet(43)) - raft.server.log.corruption.policy = EXCEPTION (default)
2019-10-17 02:14:30,235 [pool-237-thread-1] INFO  storage.RaftStorageDirectory (RaftStorageDirectory.java:analyzeStorage(246)) - The storage directory /workdir/hadoop-ozone/ozonefs/target/test-dir/MiniOzoneClusterImpl-a3991107-2db4-4ed9-b586-01161be3d184/datanode-1/data/ratis/4022580d-0894-4efe-ae18-caa302cd1894 does not exist. Creating ...
2019-10-17 02:14:30,235 [pool-247-thread-1] INFO  storage.RaftStorageDirectory (RaftStorageDirectory.java:analyzeStorage(246)) - The storage directory /workdir/hadoop-ozone/ozonefs/target/test-dir/MiniOzoneClusterImpl-a3991107-2db4-4ed9-b586-01161be3d184/datanode-2/data/ratis/4022580d-0894-4efe-ae18-caa302cd1894 does not exist. Creating ...
2019-10-17 02:14:30,235 [b32d7882-88db-4fe6-9cca-6a25122d474d@group-26D4B34233DA-SegmentedRaftLogWorker] INFO  segmented.SegmentedRaftLogWorker (SegmentedRaftLogWorker.java:execute(576)) - b32d7882-88db-4fe6-9cca-6a25122d474d@group-26D4B34233DA-SegmentedRaftLogWorker: created new log segment /workdir/hadoop-ozone/ozonefs/target/test-dir/MiniOzoneClusterImpl-a3991107-2db4-4ed9-b586-01161be3d184/datanode-1/data/ratis/8c3b8a4e-ada6-4c36-a686-26d4b34233da/current/log_inprogress_0
2019-10-17 02:14:30,235 [a6b2ebfb-69a0-457c-b6cd-a50cc148b564@group-916737655080-SegmentedRaftLogWorker] INFO  segmented.SegmentedRaftLogWorker (SegmentedRaftLogWorker.java:execute(576)) - a6b2ebfb-69a0-457c-b6cd-a50cc148b564@group-916737655080-SegmentedRaftLogWorker: created new log segment /workdir/hadoop-ozone/ozonefs/target/test-dir/MiniOzoneClusterImpl-a3991107-2db4-4ed9-b586-01161be3d184/datanode-0/data/ratis/7c23fd72-b37f-47f7-8519-916737655080/current/log_inprogress_0
2019-10-17 02:14:30,237 [pool-227-thread-1] INFO  storage.RaftStorageDirectory (RaftStorageDirectory.java:tryLock(328)) - Lock on /workdir/hadoop-ozone/ozonefs/target/test-dir/MiniOzoneClusterImpl-a3991107-2db4-4ed9-b586-01161be3d184/datanode-0/data/ratis/4022580d-0894-4efe-ae18-caa302cd1894/in_use.lock acquired by nodename 25645@pr-hdds-1868-g97gg-2149769003
2019-10-17 02:14:30,237 [pool-237-thread-1] INFO  storage.RaftStorageDirectory (RaftStorageDirectory.java:tryLock(328)) - Lock on /workdir/hadoop-ozone/ozonefs/target/test-dir/MiniOzoneClusterImpl-a3991107-2db4-4ed9-b586-01161be3d184/datanode-1/data/ratis/4022580d-0894-4efe-ae18-caa302cd1894/in_use.lock acquired by nodename 25645@pr-hdds-1868-g97gg-2149769003
2019-10-17 02:14:30,239 [pool-247-thread-1] INFO  storage.RaftStorageDirectory (RaftStorageDirectory.java:tryLock(328)) - Lock on /workdir/hadoop-ozone/ozonefs/target/test-dir/MiniOzoneClusterImpl-a3991107-2db4-4ed9-b586-01161be3d184/datanode-2/data/ratis/4022580d-0894-4efe-ae18-caa302cd1894/in_use.lock acquired by nodename 25645@pr-hdds-1868-g97gg-2149769003
2019-10-17 02:14:30,245 [pool-237-thread-1] INFO  storage.RaftStorage (RaftStorage.java:format(84)) - Storage directory /workdir/hadoop-ozone/ozonefs/target/test-dir/MiniOzoneClusterImpl-a3991107-2db4-4ed9-b586-01161be3d184/datanode-1/data/ratis/4022580d-0894-4efe-ae18-caa302cd1894 has been successfully formatted.
2019-10-17 02:14:30,245 [pool-227-thread-1] INFO  storage.RaftStorage (RaftStorage.java:format(84)) - Storage directory /workdir/hadoop-ozone/ozonefs/target/test-dir/MiniOzoneClusterImpl-a3991107-2db4-4ed9-b586-01161be3d184/datanode-0/data/ratis/4022580d-0894-4efe-ae18-caa302cd1894 has been successfully formatted.
2019-10-17 02:14:30,245 [pool-237-thread-1] INFO  ratis.ContainerStateMachine (ContainerStateMachine.java:loadSnapshot(233)) - group-CAA302CD1894: The snapshot info is null. Setting the last applied indexto:(t:0, i:~)
2019-10-17 02:14:30,245 [pool-227-thread-1] INFO  ratis.ContainerStateMachine (ContainerStateMachine.java:loadSnapshot(233)) - group-CAA302CD1894: The snapshot info is null. Setting the last applied indexto:(t:0, i:~)
2019-10-17 02:14:30,245 [pool-247-thread-1] INFO  storage.RaftStorage (RaftStorage.java:format(84)) - Storage directory /workdir/hadoop-ozone/ozonefs/target/test-dir/MiniOzoneClusterImpl-a3991107-2db4-4ed9-b586-01161be3d184/datanode-2/data/ratis/4022580d-0894-4efe-ae18-caa302cd1894 has been successfully formatted.
2019-10-17 02:14:30,245 [pool-227-thread-1] INFO  server.RaftServerConfigKeys (ConfUtils.java:logGet(43)) - raft.server.notification.no-leader.timeout = 120s (custom)
2019-10-17 02:14:30,245 [pool-237-thread-1] INFO  server.RaftServerConfigKeys (ConfUtils.java:logGet(43)) - raft.server.notification.no-leader.timeout = 120s (custom)
2019-10-17 02:14:30,246 [pool-247-thread-1] INFO  ratis.ContainerStateMachine (ContainerStateMachine.java:loadSnapshot(233)) - group-CAA302CD1894: The snapshot info is null. Setting the last applied indexto:(t:0, i:~)
2019-10-17 02:14:30,246 [pool-227-thread-1] INFO  server.RaftServerConfigKeys (ConfUtils.java:logGet(43)) - raft.server.log.use.memory = false (default)
2019-10-17 02:14:30,246 [pool-247-thread-1] INFO  server.RaftServerConfigKeys (ConfUtils.java:logGet(43)) - raft.server.notification.no-leader.timeout = 120s (custom)
2019-10-17 02:14:30,246 [pool-247-thread-1] INFO  server.RaftServerConfigKeys (ConfUtils.java:logGet(43)) - raft.server.log.use.memory = false (default)
2019-10-17 02:14:30,246 [pool-237-thread-1] INFO  server.RaftServerConfigKeys (ConfUtils.java:logGet(43)) - raft.server.log.use.memory = false (default)
2019-10-17 02:14:30,246 [pool-247-thread-1] INFO  server.RaftServerConfigKeys (ConfUtils.java:logGet(43)) - raft.server.log.purge.gap = 1000000 (custom)
2019-10-17 02:14:30,246 [pool-227-thread-1] INFO  server.RaftServerConfigKeys (ConfUtils.java:logGet(43)) - raft.server.log.purge.gap = 1000000 (custom)
2019-10-17 02:14:30,247 [pool-247-thread-1] INFO  server.RaftServerConfigKeys (ConfUtils.java:logGet(43)) - raft.server.log.appender.buffer.byte-limit = 33554432 (custom)
2019-10-17 02:14:30,247 [pool-237-thread-1] INFO  server.RaftServerConfigKeys (ConfUtils.java:logGet(43)) - raft.server.log.purge.gap = 1000000 (custom)
2019-10-17 02:14:30,247 [pool-247-thread-1] INFO  server.RaftServerConfigKeys (ConfUtils.java:logGet(43)) - raft.server.log.segment.size.max = 1048576 (custom)
2019-10-17 02:14:30,247 [pool-227-thread-1] INFO  server.RaftServerConfigKeys (ConfUtils.java:logGet(43)) - raft.server.log.appender.buffer.byte-limit = 33554432 (custom)
2019-10-17 02:14:30,247 [pool-247-thread-1] INFO  server.RaftServerConfigKeys (ConfUtils.java:logGet(43)) - raft.server.log.segment.cache.num.max = 2 (custom)
2019-10-17 02:14:30,247 [pool-237-thread-1] INFO  server.RaftServerConfigKeys (ConfUtils.java:logGet(43)) - raft.server.log.appender.buffer.byte-limit = 33554432 (custom)
2019-10-17 02:14:30,248 [pool-247-thread-1] INFO  segmented.SegmentedRaftLogWorker (SegmentedRaftLogWorker.java:<init>(173)) - new 3aea292b-16fb-4e9b-be90-828afa8e8047@group-CAA302CD1894-SegmentedRaftLogWorker for RaftStorage:Storage Directory /workdir/hadoop-ozone/ozonefs/target/test-dir/MiniOzoneClusterImpl-a3991107-2db4-4ed9-b586-01161be3d184/datanode-2/data/ratis/4022580d-0894-4efe-ae18-caa302cd1894
2019-10-17 02:14:30,247 [pool-227-thread-1] INFO  server.RaftServerConfigKeys (ConfUtils.java:logGet(43)) - raft.server.log.segment.size.max = 1048576 (custom)
2019-10-17 02:14:30,248 [pool-247-thread-1] INFO  server.RaftServerConfigKeys (ConfUtils.java:logGet(43)) - raft.server.log.queue.byte-limit = 2147483647 (custom)
2019-10-17 02:14:30,248 [pool-237-thread-1] INFO  server.RaftServerConfigKeys (ConfUtils.java:logGet(43)) - raft.server.log.segment.size.max = 1048576 (custom)
2019-10-17 02:14:30,248 [pool-247-thread-1] INFO  server.RaftServerConfigKeys (ConfUtils.java:logGet(43)) - raft.server.log.queue.element-limit = 1024 (custom)
2019-10-17 02:14:30,248 [pool-227-thread-1] INFO  server.RaftServerConfigKeys (ConfUtils.java:logGet(43)) - raft.server.log.segment.cache.num.max = 2 (custom)
2019-10-17 02:14:30,248 [pool-247-thread-1] INFO  server.RaftServerConfigKeys (ConfUtils.java:logGet(43)) - raft.server.log.segment.size.max = 1048576 (custom)
2019-10-17 02:14:30,248 [pool-237-thread-1] INFO  server.RaftServerConfigKeys (ConfUtils.java:logGet(43)) - raft.server.log.segment.cache.num.max = 2 (custom)
2019-10-17 02:14:30,249 [pool-247-thread-1] INFO  server.RaftServerConfigKeys (ConfUtils.java:logGet(43)) - raft.server.log.preallocated.size = 16384 (custom)
2019-10-17 02:14:30,249 [pool-227-thread-1] INFO  segmented.SegmentedRaftLogWorker (SegmentedRaftLogWorker.java:<init>(173)) - new a6b2ebfb-69a0-457c-b6cd-a50cc148b564@group-CAA302CD1894-SegmentedRaftLogWorker for RaftStorage:Storage Directory /workdir/hadoop-ozone/ozonefs/target/test-dir/MiniOzoneClusterImpl-a3991107-2db4-4ed9-b586-01161be3d184/datanode-0/data/ratis/4022580d-0894-4efe-ae18-caa302cd1894
2019-10-17 02:14:30,249 [pool-247-thread-1] INFO  server.RaftServerConfigKeys (ConfUtils.java:logGet(43)) - raft.server.log.write.buffer.size = 33554432 (custom)
2019-10-17 02:14:30,249 [pool-237-thread-1] INFO  segmented.SegmentedRaftLogWorker (SegmentedRaftLogWorker.java:<init>(173)) - new b32d7882-88db-4fe6-9cca-6a25122d474d@group-CAA302CD1894-SegmentedRaftLogWorker for RaftStorage:Storage Directory /workdir/hadoop-ozone/ozonefs/target/test-dir/MiniOzoneClusterImpl-a3991107-2db4-4ed9-b586-01161be3d184/datanode-1/data/ratis/4022580d-0894-4efe-ae18-caa302cd1894
2019-10-17 02:14:30,249 [pool-247-thread-1] INFO  server.RaftServerConfigKeys (ConfUtils.java:logGet(43)) - raft.server.log.force.sync.num = 128 (default)
2019-10-17 02:14:30,249 [pool-227-thread-1] INFO  server.RaftServerConfigKeys (ConfUtils.java:logGet(43)) - raft.server.log.queue.byte-limit = 2147483647 (custom)
2019-10-17 02:14:30,250 [pool-247-thread-1] INFO  server.RaftServerConfigKeys (ConfUtils.java:logGet(43)) - raft.server.log.statemachine.data.sync = true (default)
2019-10-17 02:14:30,249 [pool-237-thread-1] INFO  server.RaftServerConfigKeys (ConfUtils.java:logGet(43)) - raft.server.log.queue.byte-limit = 2147483647 (custom)
2019-10-17 02:14:30,250 [pool-247-thread-1] INFO  server.RaftServerConfigKeys (ConfUtils.java:logGet(43)) - raft.server.log.statemachine.data.sync.timeout = 10s (default)
2019-10-17 02:14:30,250 [pool-227-thread-1] INFO  server.RaftServerConfigKeys (ConfUtils.java:logGet(43)) - raft.server.log.queue.element-limit = 1024 (custom)
2019-10-17 02:14:30,250 [pool-247-thread-1] INFO  server.RaftServerConfigKeys (ConfUtils.java:logGet(43)) - raft.server.log.statemachine.data.sync.timeout.retry = -1 (default)
2019-10-17 02:14:30,250 [pool-237-thread-1] INFO  server.RaftServerConfigKeys (ConfUtils.java:logGet(43)) - raft.server.log.queue.element-limit = 1024 (custom)
2019-10-17 02:14:30,251 [pool-247-thread-1] INFO  server.RaftServerConfigKeys (ConfUtils.java:logGet(43)) - raft.server.log.statemachine.data.caching.enabled = true (custom)
2019-10-17 02:14:30,250 [pool-227-thread-1] INFO  server.RaftServerConfigKeys (ConfUtils.java:logGet(43)) - raft.server.log.segment.size.max = 1048576 (custom)
2019-10-17 02:14:30,251 [pool-237-thread-1] INFO  server.RaftServerConfigKeys (ConfUtils.java:logGet(43)) - raft.server.log.segment.size.max = 1048576 (custom)
2019-10-17 02:14:30,251 [pool-247-thread-1] INFO  segmented.SegmentedRaftLogWorker (SegmentedRaftLogWorker.java:lambda$new$0(128)) - 3aea292b-16fb-4e9b-be90-828afa8e8047@group-CAA302CD1894-SegmentedRaftLogWorker: flushIndex: setUnconditionally 0 -> -1
2019-10-17 02:14:30,251 [pool-227-thread-1] INFO  server.RaftServerConfigKeys (ConfUtils.java:logGet(43)) - raft.server.log.preallocated.size = 16384 (custom)
2019-10-17 02:14:30,251 [pool-237-thread-1] INFO  server.RaftServerConfigKeys (ConfUtils.java:logGet(43)) - raft.server.log.preallocated.size = 16384 (custom)
2019-10-17 02:14:30,251 [pool-227-thread-1] INFO  server.RaftServerConfigKeys (ConfUtils.java:logGet(43)) - raft.server.log.write.buffer.size = 33554432 (custom)
2019-10-17 02:14:30,251 [pool-247-thread-1] INFO  server.RaftServerConfigKeys (ConfUtils.java:logGet(43)) - raft.server.snapshot.auto.trigger.enabled = true (custom)
2019-10-17 02:14:30,252 [pool-227-thread-1] INFO  server.RaftServerConfigKeys (ConfUtils.java:logGet(43)) - raft.server.log.force.sync.num = 128 (default)
2019-10-17 02:14:30,251 [pool-237-thread-1] INFO  server.RaftServerConfigKeys (ConfUtils.java:logGet(43)) - raft.server.log.write.buffer.size = 33554432 (custom)
2019-10-17 02:14:30,252 [pool-227-thread-1] INFO  server.RaftServerConfigKeys (ConfUtils.java:logGet(43)) - raft.server.log.statemachine.data.sync = true (default)
2019-10-17 02:14:30,252 [pool-247-thread-1] INFO  server.RaftServerConfigKeys (ConfUtils.java:logGet(43)) - raft.server.snapshot.auto.trigger.threshold = 10000 (custom)
2019-10-17 02:14:30,252 [pool-227-thread-1] INFO  server.RaftServerConfigKeys (ConfUtils.java:logGet(43)) - raft.server.log.statemachine.data.sync.timeout = 10s (default)
2019-10-17 02:14:30,252 [pool-237-thread-1] INFO  server.RaftServerConfigKeys (ConfUtils.java:logGet(43)) - raft.server.log.force.sync.num = 128 (default)
2019-10-17 02:14:30,252 [pool-227-thread-1] INFO  server.RaftServerConfigKeys (ConfUtils.java:logGet(43)) - raft.server.log.statemachine.data.sync.timeout.retry = -1 (default)
2019-10-17 02:14:30,252 [pool-247-thread-1] INFO  server.RaftServerConfigKeys (ConfUtils.java:logGet(43)) - raft.server.snapshot.retention.file.num = 5 (custom)
2019-10-17 02:14:30,253 [pool-227-thread-1] INFO  server.RaftServerConfigKeys (ConfUtils.java:logGet(43)) - raft.server.log.statemachine.data.caching.enabled = true (custom)
2019-10-17 02:14:30,253 [pool-237-thread-1] INFO  server.RaftServerConfigKeys (ConfUtils.java:logGet(43)) - raft.server.log.statemachine.data.sync = true (default)
2019-10-17 02:14:30,253 [pool-247-thread-1] INFO  server.RaftServerConfigKeys (ConfUtils.java:logGet(43)) - raft.server.retrycache.expirytime = 600000ms (custom)
2019-10-17 02:14:30,253 [pool-237-thread-1] INFO  server.RaftServerConfigKeys (ConfUtils.java:logGet(43)) - raft.server.log.statemachine.data.sync.timeout = 10s (default)
2019-10-17 02:14:30,253 [pool-227-thread-1] INFO  segmented.SegmentedRaftLogWorker (SegmentedRaftLogWorker.java:lambda$new$0(128)) - a6b2ebfb-69a0-457c-b6cd-a50cc148b564@group-CAA302CD1894-SegmentedRaftLogWorker: flushIndex: setUnconditionally 0 -> -1
2019-10-17 02:14:30,254 [pool-237-thread-1] INFO  server.RaftServerConfigKeys (ConfUtils.java:logGet(43)) - raft.server.log.statemachine.data.sync.timeout.retry = -1 (default)
2019-10-17 02:14:30,254 [pool-227-thread-1] INFO  server.RaftServerConfigKeys (ConfUtils.java:logGet(43)) - raft.server.snapshot.auto.trigger.enabled = true (custom)
2019-10-17 02:14:30,254 [pool-227-thread-1] INFO  server.RaftServerConfigKeys (ConfUtils.java:logGet(43)) - raft.server.snapshot.auto.trigger.threshold = 10000 (custom)
2019-10-17 02:14:30,254 [pool-237-thread-1] INFO  server.RaftServerConfigKeys (ConfUtils.java:logGet(43)) - raft.server.log.statemachine.data.caching.enabled = true (custom)
2019-10-17 02:14:30,254 [pool-227-thread-1] INFO  server.RaftServerConfigKeys (ConfUtils.java:logGet(43)) - raft.server.snapshot.retention.file.num = 5 (custom)
2019-10-17 02:14:30,255 [pool-227-thread-1] INFO  server.RaftServerConfigKeys (ConfUtils.java:logGet(43)) - raft.server.retrycache.expirytime = 600000ms (custom)
2019-10-17 02:14:30,255 [pool-237-thread-1] INFO  segmented.SegmentedRaftLogWorker (SegmentedRaftLogWorker.java:lambda$new$0(128)) - b32d7882-88db-4fe6-9cca-6a25122d474d@group-CAA302CD1894-SegmentedRaftLogWorker: flushIndex: setUnconditionally 0 -> -1
2019-10-17 02:14:30,255 [Thread-1273] INFO  impl.FollowerState (FollowerState.java:run(108)) - 3aea292b-16fb-4e9b-be90-828afa8e8047@group-475F4F9EA4AD-FollowerState: change to CANDIDATE, lastRpcTime:79ms, electionTimeout:79ms
2019-10-17 02:14:30,255 [Thread-1273] INFO  impl.RoleInfo (RoleInfo.java:shutdownFollowerState(121)) - 3aea292b-16fb-4e9b-be90-828afa8e8047: shutdown FollowerState
2019-10-17 02:14:30,255 [pool-237-thread-1] INFO  server.RaftServerConfigKeys (ConfUtils.java:logGet(43)) - raft.server.snapshot.auto.trigger.enabled = true (custom)
2019-10-17 02:14:30,255 [pool-237-thread-1] INFO  server.RaftServerConfigKeys (ConfUtils.java:logGet(43)) - raft.server.snapshot.auto.trigger.threshold = 10000 (custom)
2019-10-17 02:14:30,255 [Thread-1273] INFO  impl.RaftServerImpl (RaftServerImpl.java:setRole(184)) - 3aea292b-16fb-4e9b-be90-828afa8e8047@group-475F4F9EA4AD: changes role from  FOLLOWER to CANDIDATE at term 0 for changeToCandidate
2019-10-17 02:14:30,255 [pool-237-thread-1] INFO  server.RaftServerConfigKeys (ConfUtils.java:logGet(43)) - raft.server.snapshot.retention.file.num = 5 (custom)
2019-10-17 02:14:30,256 [pool-247-thread-1] INFO  impl.RaftServerImpl (RaftServerImpl.java:start(195)) - 3aea292b-16fb-4e9b-be90-828afa8e8047@group-CAA302CD1894: start as a follower, conf=-1: [b32d7882-88db-4fe6-9cca-6a25122d474d:192.168.157.194:42206, 3aea292b-16fb-4e9b-be90-828afa8e8047:192.168.157.194:34569, a6b2ebfb-69a0-457c-b6cd-a50cc148b564:192.168.157.194:37298], old=null
2019-10-17 02:14:30,256 [Thread-1273] INFO  impl.RoleInfo (RoleInfo.java:updateAndGet(143)) - 3aea292b-16fb-4e9b-be90-828afa8e8047: start LeaderElection
2019-10-17 02:14:30,256 [pool-247-thread-1] INFO  impl.RaftServerImpl (RaftServerImpl.java:setRole(184)) - 3aea292b-16fb-4e9b-be90-828afa8e8047@group-CAA302CD1894: changes role from      null to FOLLOWER at term 0 for startAsFollower
2019-10-17 02:14:30,256 [pool-237-thread-1] INFO  server.RaftServerConfigKeys (ConfUtils.java:logGet(43)) - raft.server.retrycache.expirytime = 600000ms (custom)
2019-10-17 02:14:30,256 [pool-247-thread-1] INFO  impl.RoleInfo (RoleInfo.java:updateAndGet(143)) - 3aea292b-16fb-4e9b-be90-828afa8e8047: start FollowerState
2019-10-17 02:14:30,260 [pool-247-thread-1] INFO  util.JmxRegister (JmxRegister.java:tryRegister(44)) - Successfully registered JMX Bean with object name Ratis:service=RaftServer,group=group-CAA302CD1894,id=3aea292b-16fb-4e9b-be90-828afa8e8047
2019-10-17 02:14:30,260 [pool-227-thread-1] INFO  impl.RaftServerImpl (RaftServerImpl.java:start(195)) - a6b2ebfb-69a0-457c-b6cd-a50cc148b564@group-CAA302CD1894: start as a follower, conf=-1: [b32d7882-88db-4fe6-9cca-6a25122d474d:192.168.157.194:42206, 3aea292b-16fb-4e9b-be90-828afa8e8047:192.168.157.194:34569, a6b2ebfb-69a0-457c-b6cd-a50cc148b564:192.168.157.194:37298], old=null
2019-10-17 02:14:30,261 [pool-227-thread-1] INFO  impl.RaftServerImpl (RaftServerImpl.java:setRole(184)) - a6b2ebfb-69a0-457c-b6cd-a50cc148b564@group-CAA302CD1894: changes role from      null to FOLLOWER at term 0 for startAsFollower
2019-10-17 02:14:30,261 [pool-227-thread-1] INFO  impl.RoleInfo (RoleInfo.java:updateAndGet(143)) - a6b2ebfb-69a0-457c-b6cd-a50cc148b564: start FollowerState
2019-10-17 02:14:30,261 [pool-227-thread-1] INFO  util.JmxRegister (JmxRegister.java:tryRegister(44)) - Successfully registered JMX Bean with object name Ratis:service=RaftServer,group=group-CAA302CD1894,id=a6b2ebfb-69a0-457c-b6cd-a50cc148b564
2019-10-17 02:14:30,263 [pool-237-thread-1] INFO  impl.RaftServerImpl (RaftServerImpl.java:start(195)) - b32d7882-88db-4fe6-9cca-6a25122d474d@group-CAA302CD1894: start as a follower, conf=-1: [b32d7882-88db-4fe6-9cca-6a25122d474d:192.168.157.194:42206, 3aea292b-16fb-4e9b-be90-828afa8e8047:192.168.157.194:34569, a6b2ebfb-69a0-457c-b6cd-a50cc148b564:192.168.157.194:37298], old=null
2019-10-17 02:14:30,264 [pool-237-thread-1] INFO  impl.RaftServerImpl (RaftServerImpl.java:setRole(184)) - b32d7882-88db-4fe6-9cca-6a25122d474d@group-CAA302CD1894: changes role from      null to FOLLOWER at term 0 for startAsFollower
2019-10-17 02:14:30,264 [pool-237-thread-1] INFO  impl.RoleInfo (RoleInfo.java:updateAndGet(143)) - b32d7882-88db-4fe6-9cca-6a25122d474d: start FollowerState
2019-10-17 02:14:30,264 [pool-237-thread-1] INFO  util.JmxRegister (JmxRegister.java:tryRegister(44)) - Successfully registered JMX Bean with object name Ratis:service=RaftServer,group=group-CAA302CD1894,id=b32d7882-88db-4fe6-9cca-6a25122d474d
2019-10-17 02:14:30,269 [RatisPipelineUtilsThread] INFO  pipeline.PipelineStateManager (PipelineStateManager.java:addPipeline(55)) - Created pipeline Pipeline[ Id: 4022580d-0894-4efe-ae18-caa302cd1894, Nodes: 3aea292b-16fb-4e9b-be90-828afa8e8047{ip: 192.168.157.194, host: pr-hdds-1868-g97gg-2149769003, networkLocation: /default-rack, certSerialId: null}a6b2ebfb-69a0-457c-b6cd-a50cc148b564{ip: 192.168.157.194, host: pr-hdds-1868-g97gg-2149769003, networkLocation: /default-rack, certSerialId: null}b32d7882-88db-4fe6-9cca-6a25122d474d{ip: 192.168.157.194, host: pr-hdds-1868-g97gg-2149769003, networkLocation: /default-rack, certSerialId: null}, Type:RATIS, Factor:THREE, State:ALLOCATED]
2019-10-17 02:14:30,271 [3aea292b-16fb-4e9b-be90-828afa8e8047@group-475F4F9EA4AD-LeaderElection45] INFO  impl.LeaderElection (LeaderElection.java:askForVotes(178)) - 3aea292b-16fb-4e9b-be90-828afa8e8047@group-475F4F9EA4AD-LeaderElection45: begin an election at term 1 for -1: [3aea292b-16fb-4e9b-be90-828afa8e8047:192.168.157.194:34569], old=null
2019-10-17 02:14:30,271 [EventQueue-PipelineReportForPipelineReportHandler] INFO  pipeline.PipelineReportHandler (PipelineReportHandler.java:processPipelineReport(119)) - Pipeline PipelineID=8c3b8a4e-ada6-4c36-a686-26d4b34233da reported by b32d7882-88db-4fe6-9cca-6a25122d474d{ip: 192.168.157.194, host: pr-hdds-1868-g97gg-2149769003, networkLocation: /default-rack, certSerialId: null} with leaderId b32d7882-88db-4fe6-9cca-6a25122d474d
2019-10-17 02:14:30,271 [3aea292b-16fb-4e9b-be90-828afa8e8047@group-475F4F9EA4AD-LeaderElection45] INFO  impl.RoleInfo (RoleInfo.java:shutdownLeaderElection(134)) - 3aea292b-16fb-4e9b-be90-828afa8e8047: shutdown LeaderElection
2019-10-17 02:14:30,272 [3aea292b-16fb-4e9b-be90-828afa8e8047@group-475F4F9EA4AD-LeaderElection45] INFO  impl.RaftServerImpl (RaftServerImpl.java:setRole(184)) - 3aea292b-16fb-4e9b-be90-828afa8e8047@group-475F4F9EA4AD: changes role from CANDIDATE to LEADER at term 1 for changeToLeader
2019-10-17 02:14:30,272 [EventQueue-PipelineReportForPipelineReportHandler] INFO  pipeline.PipelineStateManager (PipelineStateManager.java:openPipeline(134)) - Pipeline Pipeline[ Id: 8c3b8a4e-ada6-4c36-a686-26d4b34233da, Nodes: b32d7882-88db-4fe6-9cca-6a25122d474d{ip: 192.168.157.194, host: pr-hdds-1868-g97gg-2149769003, networkLocation: /default-rack, certSerialId: null}, Type:RATIS, Factor:ONE, State:OPEN] moved to OPEN state
2019-10-17 02:14:30,272 [3aea292b-16fb-4e9b-be90-828afa8e8047@group-475F4F9EA4AD-LeaderElection45] INFO  ratis.XceiverServerRatis (XceiverServerRatis.java:handleLeaderChangedNotification(699)) - Leader change notification received for group: group-475F4F9EA4AD with new leaderId: 3aea292b-16fb-4e9b-be90-828afa8e8047
2019-10-17 02:14:30,272 [EventQueue-PipelineReportForPipelineReportHandler] INFO  pipeline.PipelineReportHandler (PipelineReportHandler.java:processPipelineReport(119)) - Pipeline PipelineID=7c23fd72-b37f-47f7-8519-916737655080 reported by a6b2ebfb-69a0-457c-b6cd-a50cc148b564{ip: 192.168.157.194, host: pr-hdds-1868-g97gg-2149769003, networkLocation: /default-rack, certSerialId: null} with leaderId a6b2ebfb-69a0-457c-b6cd-a50cc148b564
2019-10-17 02:14:30,272 [3aea292b-16fb-4e9b-be90-828afa8e8047@group-475F4F9EA4AD-LeaderElection45] INFO  impl.RaftServerImpl (ServerState.java:setLeader(256)) - 3aea292b-16fb-4e9b-be90-828afa8e8047@group-475F4F9EA4AD: change Leader from null to 3aea292b-16fb-4e9b-be90-828afa8e8047 at term 1 for becomeLeader, leader elected after 112ms
2019-10-17 02:14:30,272 [EventQueue-PipelineReportForPipelineReportHandler] INFO  pipeline.PipelineStateManager (PipelineStateManager.java:openPipeline(134)) - Pipeline Pipeline[ Id: 7c23fd72-b37f-47f7-8519-916737655080, Nodes: a6b2ebfb-69a0-457c-b6cd-a50cc148b564{ip: 192.168.157.194, host: pr-hdds-1868-g97gg-2149769003, networkLocation: /default-rack, certSerialId: null}, Type:RATIS, Factor:ONE, State:OPEN] moved to OPEN state
2019-10-17 02:14:30,272 [3aea292b-16fb-4e9b-be90-828afa8e8047@group-475F4F9EA4AD-LeaderElection45] INFO  server.RaftServerConfigKeys (ConfUtils.java:logGet(43)) - raft.server.staging.catchup.gap = 1000 (default)
2019-10-17 02:14:30,274 [3aea292b-16fb-4e9b-be90-828afa8e8047@group-475F4F9EA4AD-LeaderElection45] INFO  server.RaftServerConfigKeys (ConfUtils.java:logGet(43)) - raft.server.rpc.sleep.time = 25ms (default)
2019-10-17 02:14:30,274 [3aea292b-16fb-4e9b-be90-828afa8e8047@group-475F4F9EA4AD-LeaderElection45] INFO  server.RaftServerConfigKeys (ConfUtils.java:logGet(43)) - raft.server.write.element-limit = 4096 (default)
2019-10-17 02:14:30,274 [3aea292b-16fb-4e9b-be90-828afa8e8047@group-475F4F9EA4AD-LeaderElection45] INFO  server.RaftServerConfigKeys (ConfUtils.java:logGet(43)) - raft.server.watch.timeout = 10s (default)
2019-10-17 02:14:30,274 [3aea292b-16fb-4e9b-be90-828afa8e8047@group-475F4F9EA4AD-LeaderElection45] INFO  server.RaftServerConfigKeys (ConfUtils.java:logGet(43)) - raft.server.watch.timeout.denomination = 1s (default)
2019-10-17 02:14:30,274 [3aea292b-16fb-4e9b-be90-828afa8e8047@group-475F4F9EA4AD-LeaderElection45] INFO  server.RaftServerConfigKeys (ConfUtils.java:logGet(43)) - raft.server.watch.element-limit = 65536 (default)
2019-10-17 02:14:30,275 [EventQueue-PipelineReportForPipelineReportHandler] INFO  pipeline.PipelineReportHandler (PipelineReportHandler.java:processPipelineReport(119)) - Pipeline PipelineID=4022580d-0894-4efe-ae18-caa302cd1894 reported by 3aea292b-16fb-4e9b-be90-828afa8e8047{ip: 192.168.157.194, host: pr-hdds-1868-g97gg-2149769003, networkLocation: /default-rack, certSerialId: null} with leaderId 
2019-10-17 02:14:30,275 [EventQueue-PipelineReportForPipelineReportHandler] INFO  pipeline.PipelineReportHandler (PipelineReportHandler.java:processPipelineReport(119)) - Pipeline PipelineID=c9c1ba7d-568f-4c1b-b12a-475f4f9ea4ad reported by 3aea292b-16fb-4e9b-be90-828afa8e8047{ip: 192.168.157.194, host: pr-hdds-1868-g97gg-2149769003, networkLocation: /default-rack, certSerialId: null} with leaderId 3aea292b-16fb-4e9b-be90-828afa8e8047
2019-10-17 02:14:30,275 [EventQueue-PipelineReportForPipelineReportHandler] INFO  pipeline.PipelineStateManager (PipelineStateManager.java:openPipeline(134)) - Pipeline Pipeline[ Id: c9c1ba7d-568f-4c1b-b12a-475f4f9ea4ad, Nodes: 3aea292b-16fb-4e9b-be90-828afa8e8047{ip: 192.168.157.194, host: pr-hdds-1868-g97gg-2149769003, networkLocation: /default-rack, certSerialId: null}, Type:RATIS, Factor:ONE, State:OPEN] moved to OPEN state
2019-10-17 02:14:30,276 [3aea292b-16fb-4e9b-be90-828afa8e8047@group-475F4F9EA4AD-LeaderElection45] INFO  impl.RoleInfo (RoleInfo.java:updateAndGet(143)) - 3aea292b-16fb-4e9b-be90-828afa8e8047: start LeaderState
2019-10-17 02:14:30,277 [3aea292b-16fb-4e9b-be90-828afa8e8047@group-475F4F9EA4AD-LeaderElection45] INFO  segmented.SegmentedRaftLogWorker (SegmentedRaftLogWorker.java:startLogSegment(385)) - 3aea292b-16fb-4e9b-be90-828afa8e8047@group-475F4F9EA4AD-SegmentedRaftLogWorker: Starting segment from index:0
2019-10-17 02:14:30,277 [3aea292b-16fb-4e9b-be90-828afa8e8047@group-475F4F9EA4AD-LeaderElection45] INFO  impl.RaftServerImpl (ServerState.java:setRaftConf(357)) - 3aea292b-16fb-4e9b-be90-828afa8e8047@group-475F4F9EA4AD: set configuration 0: [3aea292b-16fb-4e9b-be90-828afa8e8047:192.168.157.194:34569], old=null at 0
2019-10-17 02:14:30,281 [Thread-1281] INFO  impl.FollowerState (FollowerState.java:run(108)) - 3aea292b-16fb-4e9b-be90-828afa8e8047@group-CAA302CD1894-FollowerState: change to CANDIDATE, lastRpcTime:24ms, electionTimeout:21ms
2019-10-17 02:14:30,281 [Thread-1281] INFO  impl.RoleInfo (RoleInfo.java:shutdownFollowerState(121)) - 3aea292b-16fb-4e9b-be90-828afa8e8047: shutdown FollowerState
2019-10-17 02:14:30,281 [Thread-1281] INFO  impl.RaftServerImpl (RaftServerImpl.java:setRole(184)) - 3aea292b-16fb-4e9b-be90-828afa8e8047@group-CAA302CD1894: changes role from  FOLLOWER to CANDIDATE at term 0 for changeToCandidate
2019-10-17 02:14:30,281 [Thread-1281] INFO  impl.RoleInfo (RoleInfo.java:updateAndGet(143)) - 3aea292b-16fb-4e9b-be90-828afa8e8047: start LeaderElection
2019-10-17 02:14:30,346 [3aea292b-16fb-4e9b-be90-828afa8e8047@group-475F4F9EA4AD-SegmentedRaftLogWorker] INFO  segmented.SegmentedRaftLogWorker (SegmentedRaftLogWorker.java:execute(576)) - 3aea292b-16fb-4e9b-be90-828afa8e8047@group-475F4F9EA4AD-SegmentedRaftLogWorker: created new log segment /workdir/hadoop-ozone/ozonefs/target/test-dir/MiniOzoneClusterImpl-a3991107-2db4-4ed9-b586-01161be3d184/datanode-2/data/ratis/c9c1ba7d-568f-4c1b-b12a-475f4f9ea4ad/current/log_inprogress_0
2019-10-17 02:14:30,346 [3aea292b-16fb-4e9b-be90-828afa8e8047@group-CAA302CD1894-LeaderElection46] INFO  impl.LeaderElection (LeaderElection.java:askForVotes(178)) - 3aea292b-16fb-4e9b-be90-828afa8e8047@group-CAA302CD1894-LeaderElection46: begin an election at term 1 for -1: [b32d7882-88db-4fe6-9cca-6a25122d474d:192.168.157.194:42206, 3aea292b-16fb-4e9b-be90-828afa8e8047:192.168.157.194:34569, a6b2ebfb-69a0-457c-b6cd-a50cc148b564:192.168.157.194:37298], old=null
2019-10-17 02:14:30,354 [grpc-default-executor-2] INFO  impl.RaftServerImpl (RaftServerImpl.java:setRole(184)) - b32d7882-88db-4fe6-9cca-6a25122d474d@group-CAA302CD1894: changes role from  FOLLOWER to FOLLOWER at term 1 for recognizeCandidate:3aea292b-16fb-4e9b-be90-828afa8e8047
2019-10-17 02:14:30,354 [grpc-default-executor-0] INFO  impl.RaftServerImpl (RaftServerImpl.java:setRole(184)) - a6b2ebfb-69a0-457c-b6cd-a50cc148b564@group-CAA302CD1894: changes role from  FOLLOWER to FOLLOWER at term 1 for recognizeCandidate:3aea292b-16fb-4e9b-be90-828afa8e8047
2019-10-17 02:14:30,355 [grpc-default-executor-0] INFO  impl.RoleInfo (RoleInfo.java:shutdownFollowerState(121)) - a6b2ebfb-69a0-457c-b6cd-a50cc148b564: shutdown FollowerState
2019-10-17 02:14:30,354 [grpc-default-executor-2] INFO  impl.RoleInfo (RoleInfo.java:shutdownFollowerState(121)) - b32d7882-88db-4fe6-9cca-6a25122d474d: shutdown FollowerState
2019-10-17 02:14:30,355 [Thread-1282] INFO  impl.FollowerState (FollowerState.java:run(117)) - a6b2ebfb-69a0-457c-b6cd-a50cc148b564@group-CAA302CD1894-FollowerState was interrupted: java.lang.InterruptedException: sleep interrupted
2019-10-17 02:14:30,355 [grpc-default-executor-0] INFO  impl.RoleInfo (RoleInfo.java:updateAndGet(143)) - a6b2ebfb-69a0-457c-b6cd-a50cc148b564: start FollowerState
2019-10-17 02:14:30,355 [Thread-1283] INFO  impl.FollowerState (FollowerState.java:run(117)) - b32d7882-88db-4fe6-9cca-6a25122d474d@group-CAA302CD1894-FollowerState was interrupted: java.lang.InterruptedException: sleep interrupted
2019-10-17 02:14:30,355 [grpc-default-executor-2] INFO  impl.RoleInfo (RoleInfo.java:updateAndGet(143)) - b32d7882-88db-4fe6-9cca-6a25122d474d: start FollowerState
2019-10-17 02:14:30,362 [3aea292b-16fb-4e9b-be90-828afa8e8047@group-CAA302CD1894-LeaderElection46] INFO  impl.LeaderElection (LeaderElection.java:logAndReturn(56)) - 3aea292b-16fb-4e9b-be90-828afa8e8047@group-CAA302CD1894-LeaderElection46: Election PASSED; received 1 response(s) [3aea292b-16fb-4e9b-be90-828afa8e8047<-b32d7882-88db-4fe6-9cca-6a25122d474d#0:OK-t1] and 0 exception(s); 3aea292b-16fb-4e9b-be90-828afa8e8047@group-CAA302CD1894:t1, leader=null, voted=3aea292b-16fb-4e9b-be90-828afa8e8047, raftlog=3aea292b-16fb-4e9b-be90-828afa8e8047@group-CAA302CD1894-SegmentedRaftLog:OPENED:c-1,f-1,i0, conf=-1: [b32d7882-88db-4fe6-9cca-6a25122d474d:192.168.157.194:42206, 3aea292b-16fb-4e9b-be90-828afa8e8047:192.168.157.194:34569, a6b2ebfb-69a0-457c-b6cd-a50cc148b564:192.168.157.194:37298], old=null
2019-10-17 02:14:30,362 [3aea292b-16fb-4e9b-be90-828afa8e8047@group-CAA302CD1894-LeaderElection46] INFO  impl.RoleInfo (RoleInfo.java:shutdownLeaderElection(134)) - 3aea292b-16fb-4e9b-be90-828afa8e8047: shutdown LeaderElection
2019-10-17 02:14:30,362 [3aea292b-16fb-4e9b-be90-828afa8e8047@group-CAA302CD1894-LeaderElection46] INFO  impl.RaftServerImpl (RaftServerImpl.java:setRole(184)) - 3aea292b-16fb-4e9b-be90-828afa8e8047@group-CAA302CD1894: changes role from CANDIDATE to LEADER at term 1 for changeToLeader
2019-10-17 02:14:30,362 [3aea292b-16fb-4e9b-be90-828afa8e8047@group-CAA302CD1894-LeaderElection46] INFO  ratis.XceiverServerRatis (XceiverServerRatis.java:handleLeaderChangedNotification(699)) - Leader change notification received for group: group-CAA302CD1894 with new leaderId: 3aea292b-16fb-4e9b-be90-828afa8e8047
2019-10-17 02:14:30,362 [3aea292b-16fb-4e9b-be90-828afa8e8047@group-CAA302CD1894-LeaderElection46] INFO  impl.RaftServerImpl (ServerState.java:setLeader(256)) - 3aea292b-16fb-4e9b-be90-828afa8e8047@group-CAA302CD1894: change Leader from null to 3aea292b-16fb-4e9b-be90-828afa8e8047 at term 1 for becomeLeader, leader elected after 116ms
2019-10-17 02:14:30,363 [3aea292b-16fb-4e9b-be90-828afa8e8047@group-CAA302CD1894-LeaderElection46] INFO  server.RaftServerConfigKeys (ConfUtils.java:logGet(43)) - raft.server.staging.catchup.gap = 1000 (default)
2019-10-17 02:14:30,363 [3aea292b-16fb-4e9b-be90-828afa8e8047@group-CAA302CD1894-LeaderElection46] INFO  server.RaftServerConfigKeys (ConfUtils.java:logGet(43)) - raft.server.rpc.sleep.time = 25ms (default)
2019-10-17 02:14:30,363 [3aea292b-16fb-4e9b-be90-828afa8e8047@group-CAA302CD1894-LeaderElection46] INFO  server.RaftServerConfigKeys (ConfUtils.java:logGet(43)) - raft.server.write.element-limit = 4096 (default)
2019-10-17 02:14:30,363 [3aea292b-16fb-4e9b-be90-828afa8e8047@group-CAA302CD1894-LeaderElection46] INFO  server.RaftServerConfigKeys (ConfUtils.java:logGet(43)) - raft.server.watch.timeout = 10s (default)
2019-10-17 02:14:30,363 [3aea292b-16fb-4e9b-be90-828afa8e8047@group-CAA302CD1894-LeaderElection46] INFO  server.RaftServerConfigKeys (ConfUtils.java:logGet(43)) - raft.server.watch.timeout.denomination = 1s (default)
2019-10-17 02:14:30,363 [3aea292b-16fb-4e9b-be90-828afa8e8047@group-CAA302CD1894-LeaderElection46] INFO  server.RaftServerConfigKeys (ConfUtils.java:logGet(43)) - raft.server.watch.element-limit = 65536 (default)
2019-10-17 02:14:30,364 [EventQueue-PipelineReportForPipelineReportHandler] INFO  pipeline.PipelineReportHandler (PipelineReportHandler.java:processPipelineReport(119)) - Pipeline PipelineID=4022580d-0894-4efe-ae18-caa302cd1894 reported by 3aea292b-16fb-4e9b-be90-828afa8e8047{ip: 192.168.157.194, host: pr-hdds-1868-g97gg-2149769003, networkLocation: /default-rack, certSerialId: null} with leaderId 3aea292b-16fb-4e9b-be90-828afa8e8047
2019-10-17 02:14:30,365 [3aea292b-16fb-4e9b-be90-828afa8e8047@group-CAA302CD1894-LeaderElection46] INFO  server.RaftServerConfigKeys (ConfUtils.java:logGet(43)) - raft.server.log.appender.snapshot.chunk.size.max = 16MB (=16777216) (default)
2019-10-17 02:14:30,366 [3aea292b-16fb-4e9b-be90-828afa8e8047@group-CAA302CD1894-LeaderElection46] INFO  server.RaftServerConfigKeys (ConfUtils.java:logGet(43)) - raft.server.log.appender.buffer.byte-limit = 33554432 (custom)
2019-10-17 02:14:30,366 [3aea292b-16fb-4e9b-be90-828afa8e8047@group-CAA302CD1894-LeaderElection46] INFO  server.RaftServerConfigKeys (ConfUtils.java:logGet(43)) - raft.server.log.appender.buffer.element-limit = 1 (custom)
2019-10-17 02:14:30,366 [3aea292b-16fb-4e9b-be90-828afa8e8047@group-CAA302CD1894-LeaderElection46] INFO  grpc.GrpcConfigKeys$Server (ConfUtils.java:logGet(43)) - raft.grpc.server.leader.outstanding.appends.max = 128 (default)
2019-10-17 02:14:30,366 [3aea292b-16fb-4e9b-be90-828afa8e8047@group-CAA302CD1894-LeaderElection46] INFO  server.RaftServerConfigKeys (ConfUtils.java:logGet(43)) - raft.server.rpc.request.timeout = 3000ms (default)
2019-10-17 02:14:30,366 [3aea292b-16fb-4e9b-be90-828afa8e8047@group-CAA302CD1894-LeaderElection46] INFO  server.RaftServerConfigKeys (ConfUtils.java:logGet(43)) - raft.server.log.appender.install.snapshot.enabled = false (custom)
2019-10-17 02:14:30,368 [3aea292b-16fb-4e9b-be90-828afa8e8047@group-CAA302CD1894-LeaderElection46] INFO  server.RaftServerConfigKeys (ConfUtils.java:logGet(43)) - raft.server.log.appender.snapshot.chunk.size.max = 16MB (=16777216) (default)
2019-10-17 02:14:30,368 [3aea292b-16fb-4e9b-be90-828afa8e8047@group-CAA302CD1894-LeaderElection46] INFO  server.RaftServerConfigKeys (ConfUtils.java:logGet(43)) - raft.server.log.appender.buffer.byte-limit = 33554432 (custom)
2019-10-17 02:14:30,368 [3aea292b-16fb-4e9b-be90-828afa8e8047@group-CAA302CD1894-LeaderElection46] INFO  server.RaftServerConfigKeys (ConfUtils.java:logGet(43)) - raft.server.log.appender.buffer.element-limit = 1 (custom)
2019-10-17 02:14:30,369 [3aea292b-16fb-4e9b-be90-828afa8e8047@group-CAA302CD1894-LeaderElection46] INFO  grpc.GrpcConfigKeys$Server (ConfUtils.java:logGet(43)) - raft.grpc.server.leader.outstanding.appends.max = 128 (default)
2019-10-17 02:14:30,369 [3aea292b-16fb-4e9b-be90-828afa8e8047@group-CAA302CD1894-LeaderElection46] INFO  server.RaftServerConfigKeys (ConfUtils.java:logGet(43)) - raft.server.rpc.request.timeout = 3000ms (default)
2019-10-17 02:14:30,369 [3aea292b-16fb-4e9b-be90-828afa8e8047@group-CAA302CD1894-LeaderElection46] INFO  server.RaftServerConfigKeys (ConfUtils.java:logGet(43)) - raft.server.log.appender.install.snapshot.enabled = false (custom)
2019-10-17 02:14:30,371 [3aea292b-16fb-4e9b-be90-828afa8e8047@group-CAA302CD1894-LeaderElection46] INFO  impl.RoleInfo (RoleInfo.java:updateAndGet(143)) - 3aea292b-16fb-4e9b-be90-828afa8e8047: start LeaderState
2019-10-17 02:14:30,371 [3aea292b-16fb-4e9b-be90-828afa8e8047@group-CAA302CD1894-LeaderElection46] INFO  segmented.SegmentedRaftLogWorker (SegmentedRaftLogWorker.java:startLogSegment(385)) - 3aea292b-16fb-4e9b-be90-828afa8e8047@group-CAA302CD1894-SegmentedRaftLogWorker: Starting segment from index:0
2019-10-17 02:14:30,372 [3aea292b-16fb-4e9b-be90-828afa8e8047@group-CAA302CD1894-LeaderElection46] INFO  impl.RaftServerImpl (ServerState.java:setRaftConf(357)) - 3aea292b-16fb-4e9b-be90-828afa8e8047@group-CAA302CD1894: set configuration 0: [b32d7882-88db-4fe6-9cca-6a25122d474d:192.168.157.194:42206, 3aea292b-16fb-4e9b-be90-828afa8e8047:192.168.157.194:34569, a6b2ebfb-69a0-457c-b6cd-a50cc148b564:192.168.157.194:37298], old=null at 0
2019-10-17 02:14:30,412 [Thread-1291] INFO  impl.FollowerState (FollowerState.java:run(108)) - a6b2ebfb-69a0-457c-b6cd-a50cc148b564@group-CAA302CD1894-FollowerState: change to CANDIDATE, lastRpcTime:57ms, electionTimeout:17ms
2019-10-17 02:14:30,412 [Thread-1291] INFO  impl.RoleInfo (RoleInfo.java:shutdownFollowerState(121)) - a6b2ebfb-69a0-457c-b6cd-a50cc148b564: shutdown FollowerState
2019-10-17 02:14:30,413 [Thread-1291] INFO  impl.RaftServerImpl (RaftServerImpl.java:setRole(184)) - a6b2ebfb-69a0-457c-b6cd-a50cc148b564@group-CAA302CD1894: changes role from  FOLLOWER to CANDIDATE at term 1 for changeToCandidate
2019-10-17 02:14:30,413 [Thread-1291] INFO  impl.RoleInfo (RoleInfo.java:updateAndGet(143)) - a6b2ebfb-69a0-457c-b6cd-a50cc148b564: start LeaderElection
2019-10-17 02:14:30,416 [grpc-default-executor-0] INFO  ratis.XceiverServerRatis (XceiverServerRatis.java:handleLeaderChangedNotification(699)) - Leader change notification received for group: group-CAA302CD1894 with new leaderId: 3aea292b-16fb-4e9b-be90-828afa8e8047
2019-10-17 02:14:30,416 [grpc-default-executor-0] INFO  impl.RaftServerImpl (ServerState.java:setLeader(256)) - b32d7882-88db-4fe6-9cca-6a25122d474d@group-CAA302CD1894: change Leader from null to 3aea292b-16fb-4e9b-be90-828afa8e8047 at term 1 for appendEntries, leader elected after 170ms
2019-10-17 02:14:30,418 [EventQueue-PipelineReportForPipelineReportHandler] INFO  pipeline.PipelineReportHandler (PipelineReportHandler.java:processPipelineReport(119)) - Pipeline PipelineID=4022580d-0894-4efe-ae18-caa302cd1894 reported by b32d7882-88db-4fe6-9cca-6a25122d474d{ip: 192.168.157.194, host: pr-hdds-1868-g97gg-2149769003, networkLocation: /default-rack, certSerialId: null} with leaderId 3aea292b-16fb-4e9b-be90-828afa8e8047
2019-10-17 02:14:30,420 [grpc-default-executor-0] INFO  impl.RaftServerImpl (ServerState.java:setRaftConf(357)) - b32d7882-88db-4fe6-9cca-6a25122d474d@group-CAA302CD1894: set configuration 0: [b32d7882-88db-4fe6-9cca-6a25122d474d:192.168.157.194:42206, 3aea292b-16fb-4e9b-be90-828afa8e8047:192.168.157.194:34569, a6b2ebfb-69a0-457c-b6cd-a50cc148b564:192.168.157.194:37298], old=null at 0
2019-10-17 02:14:30,420 [grpc-default-executor-0] INFO  segmented.SegmentedRaftLogWorker (SegmentedRaftLogWorker.java:startLogSegment(385)) - b32d7882-88db-4fe6-9cca-6a25122d474d@group-CAA302CD1894-SegmentedRaftLogWorker: Starting segment from index:0
2019-10-17 02:14:30,424 [3aea292b-16fb-4e9b-be90-828afa8e8047@group-CAA302CD1894-SegmentedRaftLogWorker] INFO  segmented.SegmentedRaftLogWorker (SegmentedRaftLogWorker.java:execute(576)) - 3aea292b-16fb-4e9b-be90-828afa8e8047@group-CAA302CD1894-SegmentedRaftLogWorker: created new log segment /workdir/hadoop-ozone/ozonefs/target/test-dir/MiniOzoneClusterImpl-a3991107-2db4-4ed9-b586-01161be3d184/datanode-2/data/ratis/4022580d-0894-4efe-ae18-caa302cd1894/current/log_inprogress_0
2019-10-17 02:14:30,424 [a6b2ebfb-69a0-457c-b6cd-a50cc148b564@group-CAA302CD1894-LeaderElection47] INFO  impl.LeaderElection (LeaderElection.java:askForVotes(178)) - a6b2ebfb-69a0-457c-b6cd-a50cc148b564@group-CAA302CD1894-LeaderElection47: begin an election at term 2 for -1: [b32d7882-88db-4fe6-9cca-6a25122d474d:192.168.157.194:42206, 3aea292b-16fb-4e9b-be90-828afa8e8047:192.168.157.194:34569, a6b2ebfb-69a0-457c-b6cd-a50cc148b564:192.168.157.194:37298], old=null
2019-10-17 02:14:30,425 [Thread-1293] INFO  impl.RaftServerImpl (ServerState.java:setLeader(256)) - 3aea292b-16fb-4e9b-be90-828afa8e8047@group-CAA302CD1894: change Leader from 3aea292b-16fb-4e9b-be90-828afa8e8047 to null at term 2 for updateCurrentTerm
2019-10-17 02:14:30,425 [Thread-1293] INFO  impl.RaftServerImpl (RaftServerImpl.java:setRole(184)) - 3aea292b-16fb-4e9b-be90-828afa8e8047@group-CAA302CD1894: changes role from    LEADER to FOLLOWER at term 2 for stepDown
2019-10-17 02:14:30,425 [Thread-1293] INFO  impl.RoleInfo (RoleInfo.java:shutdownLeaderState(104)) - 3aea292b-16fb-4e9b-be90-828afa8e8047: shutdown LeaderState
2019-10-17 02:14:30,454 [org.apache.ratis.server.impl.LogAppender$AppenderDaemon$$Lambda$420/668486942@3a4143bb] WARN  server.GrpcLogAppender (GrpcLogAppender.java:mayWait(149)) - 3aea292b-16fb-4e9b-be90-828afa8e8047@group-CAA302CD1894->a6b2ebfb-69a0-457c-b6cd-a50cc148b564-GrpcLogAppender: Wait interrupted by java.lang.InterruptedException
2019-10-17 02:14:30,454 [Thread-1293] INFO  impl.PendingRequests (PendingRequests.java:sendNotLeaderResponses(202)) - 3aea292b-16fb-4e9b-be90-828afa8e8047@group-CAA302CD1894-PendingRequests: sendNotLeaderResponses
2019-10-17 02:14:30,454 [Thread-1293] INFO  impl.RoleInfo (RoleInfo.java:updateAndGet(143)) - 3aea292b-16fb-4e9b-be90-828afa8e8047: start FollowerState
2019-10-17 02:14:30,454 [org.apache.ratis.server.impl.LogAppender$AppenderDaemon$$Lambda$420/668486942@b802f04] WARN  server.GrpcLogAppender (GrpcLogAppender.java:mayWait(149)) - 3aea292b-16fb-4e9b-be90-828afa8e8047@group-CAA302CD1894->b32d7882-88db-4fe6-9cca-6a25122d474d-GrpcLogAppender: Wait interrupted by java.lang.InterruptedException
2019-10-17 02:14:30,455 [grpc-default-executor-1] INFO  server.GrpcServerProtocolService (GrpcServerProtocolService.java:onCompleted(113)) - a6b2ebfb-69a0-457c-b6cd-a50cc148b564: Completed APPEND_ENTRIES, lastRequest: 3aea292b-16fb-4e9b-be90-828afa8e8047->a6b2ebfb-69a0-457c-b6cd-a50cc148b564#0-t1, previous=(t:0, i:0), leaderCommit=-1, initializing? false, entries: <empty>
2019-10-17 02:14:30,455 [grpc-default-executor-0] INFO  server.GrpcServerProtocolService (GrpcServerProtocolService.java:onCompleted(113)) - b32d7882-88db-4fe6-9cca-6a25122d474d: Completed APPEND_ENTRIES, lastRequest: 3aea292b-16fb-4e9b-be90-828afa8e8047->b32d7882-88db-4fe6-9cca-6a25122d474d#1-t1, previous=(t:0, i:0), leaderCommit=-1, initializing? false, entries: size=1, first=(t:1, i:0), CONFIGURATIONENTRY
2019-10-17 02:14:30,456 [grpc-default-executor-0] INFO  server.GrpcLogAppender (GrpcLogAppender.java:onCompleted(308)) - 3aea292b-16fb-4e9b-be90-828afa8e8047@group-CAA302CD1894->a6b2ebfb-69a0-457c-b6cd-a50cc148b564-AppendLogResponseHandler: follower responses appendEntries COMPLETED
2019-10-17 02:14:30,458 [grpc-default-executor-1] INFO  server.GrpcLogAppender (GrpcLogAppender.java:onCompleted(308)) - 3aea292b-16fb-4e9b-be90-828afa8e8047@group-CAA302CD1894->b32d7882-88db-4fe6-9cca-6a25122d474d-AppendLogResponseHandler: follower responses appendEntries COMPLETED
2019-10-17 02:14:30,458 [grpc-default-executor-0] INFO  impl.FollowerInfo (FollowerInfo.java:lambda$new$0(51)) - 3aea292b-16fb-4e9b-be90-828afa8e8047@group-CAA302CD1894->a6b2ebfb-69a0-457c-b6cd-a50cc148b564: nextIndex: updateUnconditionally 0 -> 0
2019-10-17 02:14:30,460 [grpc-default-executor-1] INFO  impl.FollowerInfo (FollowerInfo.java:lambda$new$0(51)) - 3aea292b-16fb-4e9b-be90-828afa8e8047@group-CAA302CD1894->b32d7882-88db-4fe6-9cca-6a25122d474d: nextIndex: updateUnconditionally 1 -> 0
2019-10-17 02:14:30,461 [grpc-default-executor-1] INFO  impl.RaftServerImpl (ServerState.java:setLeader(256)) - b32d7882-88db-4fe6-9cca-6a25122d474d@group-CAA302CD1894: change Leader from 3aea292b-16fb-4e9b-be90-828afa8e8047 to null at term 2 for updateCurrentTerm
2019-10-17 02:14:30,462 [grpc-default-executor-1] INFO  impl.RaftServerImpl (RaftServerImpl.java:setRole(184)) - b32d7882-88db-4fe6-9cca-6a25122d474d@group-CAA302CD1894: changes role from  FOLLOWER to FOLLOWER at term 2 for recognizeCandidate:a6b2ebfb-69a0-457c-b6cd-a50cc148b564
2019-10-17 02:14:30,462 [grpc-default-executor-1] INFO  impl.RoleInfo (RoleInfo.java:shutdownFollowerState(121)) - b32d7882-88db-4fe6-9cca-6a25122d474d: shutdown FollowerState
2019-10-17 02:14:30,462 [grpc-default-executor-1] INFO  impl.RoleInfo (RoleInfo.java:updateAndGet(143)) - b32d7882-88db-4fe6-9cca-6a25122d474d: start FollowerState
2019-10-17 02:14:30,462 [Thread-1292] INFO  impl.FollowerState (FollowerState.java:run(117)) - b32d7882-88db-4fe6-9cca-6a25122d474d@group-CAA302CD1894-FollowerState was interrupted: java.lang.InterruptedException: sleep interrupted
2019-10-17 02:14:30,467 [b32d7882-88db-4fe6-9cca-6a25122d474d@group-CAA302CD1894-SegmentedRaftLogWorker] INFO  segmented.SegmentedRaftLogWorker (SegmentedRaftLogWorker.java:execute(576)) - b32d7882-88db-4fe6-9cca-6a25122d474d@group-CAA302CD1894-SegmentedRaftLogWorker: created new log segment /workdir/hadoop-ozone/ozonefs/target/test-dir/MiniOzoneClusterImpl-a3991107-2db4-4ed9-b586-01161be3d184/datanode-1/data/ratis/4022580d-0894-4efe-ae18-caa302cd1894/current/log_inprogress_0
2019-10-17 02:14:30,473 [grpc-default-executor-0] INFO  impl.RaftServerImpl (RaftServerImpl.java:setRole(184)) - 3aea292b-16fb-4e9b-be90-828afa8e8047@group-CAA302CD1894: changes role from  FOLLOWER to FOLLOWER at term 2 for recognizeCandidate:a6b2ebfb-69a0-457c-b6cd-a50cc148b564
2019-10-17 02:14:30,473 [grpc-default-executor-0] INFO  impl.RoleInfo (RoleInfo.java:shutdownFollowerState(121)) - 3aea292b-16fb-4e9b-be90-828afa8e8047: shutdown FollowerState
2019-10-17 02:14:30,473 [grpc-default-executor-0] INFO  impl.RoleInfo (RoleInfo.java:updateAndGet(143)) - 3aea292b-16fb-4e9b-be90-828afa8e8047: start FollowerState
2019-10-17 02:14:30,474 [Thread-1302] INFO  impl.FollowerState (FollowerState.java:run(117)) - 3aea292b-16fb-4e9b-be90-828afa8e8047@group-CAA302CD1894-FollowerState was interrupted: java.lang.InterruptedException: sleep interrupted
2019-10-17 02:14:30,475 [a6b2ebfb-69a0-457c-b6cd-a50cc148b564@group-CAA302CD1894-LeaderElection47] INFO  impl.LeaderElection (LeaderElection.java:logAndReturn(56)) - a6b2ebfb-69a0-457c-b6cd-a50cc148b564@group-CAA302CD1894-LeaderElection47: Election REJECTED; received 2 response(s) [a6b2ebfb-69a0-457c-b6cd-a50cc148b564<-b32d7882-88db-4fe6-9cca-6a25122d474d#0:FAIL-t2, a6b2ebfb-69a0-457c-b6cd-a50cc148b564<-3aea292b-16fb-4e9b-be90-828afa8e8047#0:FAIL-t2] and 0 exception(s); a6b2ebfb-69a0-457c-b6cd-a50cc148b564@group-CAA302CD1894:t2, leader=null, voted=a6b2ebfb-69a0-457c-b6cd-a50cc148b564, raftlog=a6b2ebfb-69a0-457c-b6cd-a50cc148b564@group-CAA302CD1894-SegmentedRaftLog:OPENED:c-1,f-1,i0, conf=-1: [b32d7882-88db-4fe6-9cca-6a25122d474d:192.168.157.194:42206, 3aea292b-16fb-4e9b-be90-828afa8e8047:192.168.157.194:34569, a6b2ebfb-69a0-457c-b6cd-a50cc148b564:192.168.157.194:37298], old=null
2019-10-17 02:14:30,475 [a6b2ebfb-69a0-457c-b6cd-a50cc148b564@group-CAA302CD1894-LeaderElection47] INFO  impl.RaftServerImpl (RaftServerImpl.java:setRole(184)) - a6b2ebfb-69a0-457c-b6cd-a50cc148b564@group-CAA302CD1894: changes role from CANDIDATE to FOLLOWER at term 2 for DISCOVERED_A_NEW_TERM
2019-10-17 02:14:30,475 [a6b2ebfb-69a0-457c-b6cd-a50cc148b564@group-CAA302CD1894-LeaderElection47] INFO  impl.RoleInfo (RoleInfo.java:shutdownLeaderElection(134)) - a6b2ebfb-69a0-457c-b6cd-a50cc148b564: shutdown LeaderElection
2019-10-17 02:14:30,475 [a6b2ebfb-69a0-457c-b6cd-a50cc148b564@group-CAA302CD1894-LeaderElection47] INFO  impl.RoleInfo (RoleInfo.java:updateAndGet(143)) - a6b2ebfb-69a0-457c-b6cd-a50cc148b564: start FollowerState
2019-10-17 02:14:30,532 [Thread-1305] INFO  impl.FollowerState (FollowerState.java:run(108)) - a6b2ebfb-69a0-457c-b6cd-a50cc148b564@group-CAA302CD1894-FollowerState: change to CANDIDATE, lastRpcTime:56ms, electionTimeout:56ms
2019-10-17 02:14:30,532 [Thread-1305] INFO  impl.RoleInfo (RoleInfo.java:shutdownFollowerState(121)) - a6b2ebfb-69a0-457c-b6cd-a50cc148b564: shutdown FollowerState
2019-10-17 02:14:30,533 [Thread-1305] INFO  impl.RaftServerImpl (RaftServerImpl.java:setRole(184)) - a6b2ebfb-69a0-457c-b6cd-a50cc148b564@group-CAA302CD1894: changes role from  FOLLOWER to CANDIDATE at term 2 for changeToCandidate
2019-10-17 02:14:30,533 [Thread-1305] INFO  impl.RoleInfo (RoleInfo.java:updateAndGet(143)) - a6b2ebfb-69a0-457c-b6cd-a50cc148b564: start LeaderElection
2019-10-17 02:14:30,547 [a6b2ebfb-69a0-457c-b6cd-a50cc148b564@group-CAA302CD1894-LeaderElection48] INFO  impl.LeaderElection (LeaderElection.java:askForVotes(178)) - a6b2ebfb-69a0-457c-b6cd-a50cc148b564@group-CAA302CD1894-LeaderElection48: begin an election at term 3 for -1: [b32d7882-88db-4fe6-9cca-6a25122d474d:192.168.157.194:42206, 3aea292b-16fb-4e9b-be90-828afa8e8047:192.168.157.194:34569, a6b2ebfb-69a0-457c-b6cd-a50cc148b564:192.168.157.194:37298], old=null
2019-10-17 02:14:30,551 [grpc-default-executor-0] INFO  impl.RaftServerImpl (RaftServerImpl.java:setRole(184)) - 3aea292b-16fb-4e9b-be90-828afa8e8047@group-CAA302CD1894: changes role from  FOLLOWER to FOLLOWER at term 3 for recognizeCandidate:a6b2ebfb-69a0-457c-b6cd-a50cc148b564
2019-10-17 02:14:30,551 [grpc-default-executor-1] INFO  impl.RaftServerImpl (RaftServerImpl.java:setRole(184)) - b32d7882-88db-4fe6-9cca-6a25122d474d@group-CAA302CD1894: changes role from  FOLLOWER to FOLLOWER at term 3 for recognizeCandidate:a6b2ebfb-69a0-457c-b6cd-a50cc148b564
2019-10-17 02:14:30,551 [grpc-default-executor-0] INFO  impl.RoleInfo (RoleInfo.java:shutdownFollowerState(121)) - 3aea292b-16fb-4e9b-be90-828afa8e8047: shutdown FollowerState
2019-10-17 02:14:30,551 [grpc-default-executor-1] INFO  impl.RoleInfo (RoleInfo.java:shutdownFollowerState(121)) - b32d7882-88db-4fe6-9cca-6a25122d474d: shutdown FollowerState
2019-10-17 02:14:30,552 [Thread-1304] INFO  impl.FollowerState (FollowerState.java:run(117)) - 3aea292b-16fb-4e9b-be90-828afa8e8047@group-CAA302CD1894-FollowerState was interrupted: java.lang.InterruptedException: sleep interrupted
2019-10-17 02:14:30,552 [Thread-1303] INFO  impl.FollowerState (FollowerState.java:run(117)) - b32d7882-88db-4fe6-9cca-6a25122d474d@group-CAA302CD1894-FollowerState was interrupted: java.lang.InterruptedException: sleep interrupted
2019-10-17 02:14:30,552 [grpc-default-executor-0] INFO  impl.RoleInfo (RoleInfo.java:updateAndGet(143)) - 3aea292b-16fb-4e9b-be90-828afa8e8047: start FollowerState
2019-10-17 02:14:30,552 [grpc-default-executor-1] INFO  impl.RoleInfo (RoleInfo.java:updateAndGet(143)) - b32d7882-88db-4fe6-9cca-6a25122d474d: start FollowerState
2019-10-17 02:14:30,572 [a6b2ebfb-69a0-457c-b6cd-a50cc148b564@group-CAA302CD1894-LeaderElection48] INFO  impl.LeaderElection (LeaderElection.java:logAndReturn(56)) - a6b2ebfb-69a0-457c-b6cd-a50cc148b564@group-CAA302CD1894-LeaderElection48: Election REJECTED; received 2 response(s) [a6b2ebfb-69a0-457c-b6cd-a50cc148b564<-b32d7882-88db-4fe6-9cca-6a25122d474d#0:FAIL-t3, a6b2ebfb-69a0-457c-b6cd-a50cc148b564<-3aea292b-16fb-4e9b-be90-828afa8e8047#0:FAIL-t3] and 0 exception(s); a6b2ebfb-69a0-457c-b6cd-a50cc148b564@group-CAA302CD1894:t3, leader=null, voted=a6b2ebfb-69a0-457c-b6cd-a50cc148b564, raftlog=a6b2ebfb-69a0-457c-b6cd-a50cc148b564@group-CAA302CD1894-SegmentedRaftLog:OPENED:c-1,f-1,i0, conf=-1: [b32d7882-88db-4fe6-9cca-6a25122d474d:192.168.157.194:42206, 3aea292b-16fb-4e9b-be90-828afa8e8047:192.168.157.194:34569, a6b2ebfb-69a0-457c-b6cd-a50cc148b564:192.168.157.194:37298], old=null
2019-10-17 02:14:30,573 [a6b2ebfb-69a0-457c-b6cd-a50cc148b564@group-CAA302CD1894-LeaderElection48] INFO  impl.RaftServerImpl (RaftServerImpl.java:setRole(184)) - a6b2ebfb-69a0-457c-b6cd-a50cc148b564@group-CAA302CD1894: changes role from CANDIDATE to FOLLOWER at term 3 for DISCOVERED_A_NEW_TERM
2019-10-17 02:14:30,573 [a6b2ebfb-69a0-457c-b6cd-a50cc148b564@group-CAA302CD1894-LeaderElection48] INFO  impl.RoleInfo (RoleInfo.java:shutdownLeaderElection(134)) - a6b2ebfb-69a0-457c-b6cd-a50cc148b564: shutdown LeaderElection
2019-10-17 02:14:30,573 [a6b2ebfb-69a0-457c-b6cd-a50cc148b564@group-CAA302CD1894-LeaderElection48] INFO  impl.RoleInfo (RoleInfo.java:updateAndGet(143)) - a6b2ebfb-69a0-457c-b6cd-a50cc148b564: start FollowerState
2019-10-17 02:14:30,716 [Thread-1312] INFO  impl.FollowerState (FollowerState.java:run(108)) - a6b2ebfb-69a0-457c-b6cd-a50cc148b564@group-CAA302CD1894-FollowerState: change to CANDIDATE, lastRpcTime:142ms, electionTimeout:142ms
2019-10-17 02:14:30,716 [Thread-1312] INFO  impl.RoleInfo (RoleInfo.java:shutdownFollowerState(121)) - a6b2ebfb-69a0-457c-b6cd-a50cc148b564: shutdown FollowerState
2019-10-17 02:14:30,716 [Thread-1312] INFO  impl.RaftServerImpl (RaftServerImpl.java:setRole(184)) - a6b2ebfb-69a0-457c-b6cd-a50cc148b564@group-CAA302CD1894: changes role from  FOLLOWER to CANDIDATE at term 3 for changeToCandidate
2019-10-17 02:14:30,716 [Thread-1312] INFO  impl.RoleInfo (RoleInfo.java:updateAndGet(143)) - a6b2ebfb-69a0-457c-b6cd-a50cc148b564: start LeaderElection
2019-10-17 02:14:30,731 [a6b2ebfb-69a0-457c-b6cd-a50cc148b564@group-CAA302CD1894-LeaderElection49] INFO  impl.LeaderElection (LeaderElection.java:askForVotes(178)) - a6b2ebfb-69a0-457c-b6cd-a50cc148b564@group-CAA302CD1894-LeaderElection49: begin an election at term 4 for -1: [b32d7882-88db-4fe6-9cca-6a25122d474d:192.168.157.194:42206, 3aea292b-16fb-4e9b-be90-828afa8e8047:192.168.157.194:34569, a6b2ebfb-69a0-457c-b6cd-a50cc148b564:192.168.157.194:37298], old=null
2019-10-17 02:14:30,734 [grpc-default-executor-0] INFO  impl.RaftServerImpl (RaftServerImpl.java:setRole(184)) - b32d7882-88db-4fe6-9cca-6a25122d474d@group-CAA302CD1894: changes role from  FOLLOWER to FOLLOWER at term 4 for recognizeCandidate:a6b2ebfb-69a0-457c-b6cd-a50cc148b564
2019-10-17 02:14:30,734 [grpc-default-executor-1] INFO  impl.RaftServerImpl (RaftServerImpl.java:setRole(184)) - 3aea292b-16fb-4e9b-be90-828afa8e8047@group-CAA302CD1894: changes role from  FOLLOWER to FOLLOWER at term 4 for recognizeCandidate:a6b2ebfb-69a0-457c-b6cd-a50cc148b564
2019-10-17 02:14:30,735 [grpc-default-executor-0] INFO  impl.RoleInfo (RoleInfo.java:shutdownFollowerState(121)) - b32d7882-88db-4fe6-9cca-6a25122d474d: shutdown FollowerState
2019-10-17 02:14:30,735 [grpc-default-executor-1] INFO  impl.RoleInfo (RoleInfo.java:shutdownFollowerState(121)) - 3aea292b-16fb-4e9b-be90-828afa8e8047: shutdown FollowerState
2019-10-17 02:14:30,735 [Thread-1311] INFO  impl.FollowerState (FollowerState.java:run(117)) - b32d7882-88db-4fe6-9cca-6a25122d474d@group-CAA302CD1894-FollowerState was interrupted: java.lang.InterruptedException: sleep interrupted
2019-10-17 02:14:30,735 [grpc-default-executor-0] INFO  impl.RoleInfo (RoleInfo.java:updateAndGet(143)) - b32d7882-88db-4fe6-9cca-6a25122d474d: start FollowerState
2019-10-17 02:14:30,735 [grpc-default-executor-1] INFO  impl.RoleInfo (RoleInfo.java:updateAndGet(143)) - 3aea292b-16fb-4e9b-be90-828afa8e8047: start FollowerState
2019-10-17 02:14:30,735 [Thread-1310] INFO  impl.FollowerState (FollowerState.java:run(117)) - 3aea292b-16fb-4e9b-be90-828afa8e8047@group-CAA302CD1894-FollowerState was interrupted: java.lang.InterruptedException: sleep interrupted
2019-10-17 02:14:30,751 [a6b2ebfb-69a0-457c-b6cd-a50cc148b564@group-CAA302CD1894-LeaderElection49] INFO  impl.LeaderElection (LeaderElection.java:logAndReturn(56)) - a6b2ebfb-69a0-457c-b6cd-a50cc148b564@group-CAA302CD1894-LeaderElection49: Election REJECTED; received 2 response(s) [a6b2ebfb-69a0-457c-b6cd-a50cc148b564<-b32d7882-88db-4fe6-9cca-6a25122d474d#0:FAIL-t4, a6b2ebfb-69a0-457c-b6cd-a50cc148b564<-3aea292b-16fb-4e9b-be90-828afa8e8047#0:FAIL-t4] and 0 exception(s); a6b2ebfb-69a0-457c-b6cd-a50cc148b564@group-CAA302CD1894:t4, leader=null, voted=a6b2ebfb-69a0-457c-b6cd-a50cc148b564, raftlog=a6b2ebfb-69a0-457c-b6cd-a50cc148b564@group-CAA302CD1894-SegmentedRaftLog:OPENED:c-1,f-1,i0, conf=-1: [b32d7882-88db-4fe6-9cca-6a25122d474d:192.168.157.194:42206, 3aea292b-16fb-4e9b-be90-828afa8e8047:192.168.157.194:34569, a6b2ebfb-69a0-457c-b6cd-a50cc148b564:192.168.157.194:37298], old=null
2019-10-17 02:14:30,751 [a6b2ebfb-69a0-457c-b6cd-a50cc148b564@group-CAA302CD1894-LeaderElection49] INFO  impl.RaftServerImpl (RaftServerImpl.java:setRole(184)) - a6b2ebfb-69a0-457c-b6cd-a50cc148b564@group-CAA302CD1894: changes role from CANDIDATE to FOLLOWER at term 4 for DISCOVERED_A_NEW_TERM
2019-10-17 02:14:30,751 [a6b2ebfb-69a0-457c-b6cd-a50cc148b564@group-CAA302CD1894-LeaderElection49] INFO  impl.RoleInfo (RoleInfo.java:shutdownLeaderElection(134)) - a6b2ebfb-69a0-457c-b6cd-a50cc148b564: shutdown LeaderElection
2019-10-17 02:14:30,751 [a6b2ebfb-69a0-457c-b6cd-a50cc148b564@group-CAA302CD1894-LeaderElection49] INFO  impl.RoleInfo (RoleInfo.java:updateAndGet(143)) - a6b2ebfb-69a0-457c-b6cd-a50cc148b564: start FollowerState
2019-10-17 02:14:30,815 [Thread-1318] INFO  impl.FollowerState (FollowerState.java:run(108)) - a6b2ebfb-69a0-457c-b6cd-a50cc148b564@group-CAA302CD1894-FollowerState: change to CANDIDATE, lastRpcTime:63ms, electionTimeout:63ms
2019-10-17 02:14:30,815 [Thread-1318] INFO  impl.RoleInfo (RoleInfo.java:shutdownFollowerState(121)) - a6b2ebfb-69a0-457c-b6cd-a50cc148b564: shutdown FollowerState
2019-10-17 02:14:30,815 [Thread-1318] INFO  impl.RaftServerImpl (RaftServerImpl.java:setRole(184)) - a6b2ebfb-69a0-457c-b6cd-a50cc148b564@group-CAA302CD1894: changes role from  FOLLOWER to CANDIDATE at term 4 for changeToCandidate
2019-10-17 02:14:30,815 [Thread-1318] INFO  impl.RoleInfo (RoleInfo.java:updateAndGet(143)) - a6b2ebfb-69a0-457c-b6cd-a50cc148b564: start LeaderElection
2019-10-17 02:14:30,829 [a6b2ebfb-69a0-457c-b6cd-a50cc148b564@group-CAA302CD1894-LeaderElection50] INFO  impl.LeaderElection (LeaderElection.java:askForVotes(178)) - a6b2ebfb-69a0-457c-b6cd-a50cc148b564@group-CAA302CD1894-LeaderElection50: begin an election at term 5 for -1: [b32d7882-88db-4fe6-9cca-6a25122d474d:192.168.157.194:42206, 3aea292b-16fb-4e9b-be90-828afa8e8047:192.168.157.194:34569, a6b2ebfb-69a0-457c-b6cd-a50cc148b564:192.168.157.194:37298], old=null
2019-10-17 02:14:30,832 [grpc-default-executor-1] INFO  impl.RaftServerImpl (RaftServerImpl.java:setRole(184)) - b32d7882-88db-4fe6-9cca-6a25122d474d@group-CAA302CD1894: changes role from  FOLLOWER to FOLLOWER at term 5 for recognizeCandidate:a6b2ebfb-69a0-457c-b6cd-a50cc148b564
2019-10-17 02:14:30,832 [grpc-default-executor-1] INFO  impl.RoleInfo (RoleInfo.java:shutdownFollowerState(121)) - b32d7882-88db-4fe6-9cca-6a25122d474d: shutdown FollowerState
2019-10-17 02:14:30,832 [grpc-default-executor-0] INFO  impl.RaftServerImpl (RaftServerImpl.java:setRole(184)) - 3aea292b-16fb-4e9b-be90-828afa8e8047@group-CAA302CD1894: changes role from  FOLLOWER to FOLLOWER at term 5 for recognizeCandidate:a6b2ebfb-69a0-457c-b6cd-a50cc148b564
2019-10-17 02:14:30,832 [grpc-default-executor-1] INFO  impl.RoleInfo (RoleInfo.java:updateAndGet(143)) - b32d7882-88db-4fe6-9cca-6a25122d474d: start FollowerState
2019-10-17 02:14:30,832 [Thread-1316] INFO  impl.FollowerState (FollowerState.java:run(117)) - b32d7882-88db-4fe6-9cca-6a25122d474d@group-CAA302CD1894-FollowerState was interrupted: java.lang.InterruptedException: sleep interrupted
2019-10-17 02:14:30,832 [grpc-default-executor-0] INFO  impl.RoleInfo (RoleInfo.java:shutdownFollowerState(121)) - 3aea292b-16fb-4e9b-be90-828afa8e8047: shutdown FollowerState
2019-10-17 02:14:30,833 [grpc-default-executor-0] INFO  impl.RoleInfo (RoleInfo.java:updateAndGet(143)) - 3aea292b-16fb-4e9b-be90-828afa8e8047: start FollowerState
2019-10-17 02:14:30,833 [Thread-1317] INFO  impl.FollowerState (FollowerState.java:run(117)) - 3aea292b-16fb-4e9b-be90-828afa8e8047@group-CAA302CD1894-FollowerState was interrupted: java.lang.InterruptedException: sleep interrupted
2019-10-17 02:14:30,848 [a6b2ebfb-69a0-457c-b6cd-a50cc148b564@group-CAA302CD1894-LeaderElection50] INFO  impl.LeaderElection (LeaderElection.java:logAndReturn(56)) - a6b2ebfb-69a0-457c-b6cd-a50cc148b564@group-CAA302CD1894-LeaderElection50: Election REJECTED; received 2 response(s) [a6b2ebfb-69a0-457c-b6cd-a50cc148b564<-b32d7882-88db-4fe6-9cca-6a25122d474d#0:FAIL-t5, a6b2ebfb-69a0-457c-b6cd-a50cc148b564<-3aea292b-16fb-4e9b-be90-828afa8e8047#0:FAIL-t5] and 0 exception(s); a6b2ebfb-69a0-457c-b6cd-a50cc148b564@group-CAA302CD1894:t5, leader=null, voted=a6b2ebfb-69a0-457c-b6cd-a50cc148b564, raftlog=a6b2ebfb-69a0-457c-b6cd-a50cc148b564@group-CAA302CD1894-SegmentedRaftLog:OPENED:c-1,f-1,i0, conf=-1: [b32d7882-88db-4fe6-9cca-6a25122d474d:192.168.157.194:42206, 3aea292b-16fb-4e9b-be90-828afa8e8047:192.168.157.194:34569, a6b2ebfb-69a0-457c-b6cd-a50cc148b564:192.168.157.194:37298], old=null
2019-10-17 02:14:30,848 [a6b2ebfb-69a0-457c-b6cd-a50cc148b564@group-CAA302CD1894-LeaderElection50] INFO  impl.RaftServerImpl (RaftServerImpl.java:setRole(184)) - a6b2ebfb-69a0-457c-b6cd-a50cc148b564@group-CAA302CD1894: changes role from CANDIDATE to FOLLOWER at term 5 for DISCOVERED_A_NEW_TERM
2019-10-17 02:14:30,849 [a6b2ebfb-69a0-457c-b6cd-a50cc148b564@group-CAA302CD1894-LeaderElection50] INFO  impl.RoleInfo (RoleInfo.java:shutdownLeaderElection(134)) - a6b2ebfb-69a0-457c-b6cd-a50cc148b564: shutdown LeaderElection
2019-10-17 02:14:30,849 [a6b2ebfb-69a0-457c-b6cd-a50cc148b564@group-CAA302CD1894-LeaderElection50] INFO  impl.RoleInfo (RoleInfo.java:updateAndGet(143)) - a6b2ebfb-69a0-457c-b6cd-a50cc148b564: start FollowerState
2019-10-17 02:14:30,972 [Thread-1324] INFO  impl.FollowerState (FollowerState.java:run(108)) - a6b2ebfb-69a0-457c-b6cd-a50cc148b564@group-CAA302CD1894-FollowerState: change to CANDIDATE, lastRpcTime:123ms, electionTimeout:123ms
2019-10-17 02:14:30,972 [Thread-1324] INFO  impl.RoleInfo (RoleInfo.java:shutdownFollowerState(121)) - a6b2ebfb-69a0-457c-b6cd-a50cc148b564: shutdown FollowerState
2019-10-17 02:14:30,973 [Thread-1324] INFO  impl.RaftServerImpl (RaftServerImpl.java:setRole(184)) - a6b2ebfb-69a0-457c-b6cd-a50cc148b564@group-CAA302CD1894: changes role from  FOLLOWER to CANDIDATE at term 5 for changeToCandidate
2019-10-17 02:14:30,973 [Thread-1324] INFO  impl.RoleInfo (RoleInfo.java:updateAndGet(143)) - a6b2ebfb-69a0-457c-b6cd-a50cc148b564: start LeaderElection
2019-10-17 02:14:30,987 [a6b2ebfb-69a0-457c-b6cd-a50cc148b564@group-CAA302CD1894-LeaderElection51] INFO  impl.LeaderElection (LeaderElection.java:askForVotes(178)) - a6b2ebfb-69a0-457c-b6cd-a50cc148b564@group-CAA302CD1894-LeaderElection51: begin an election at term 6 for -1: [b32d7882-88db-4fe6-9cca-6a25122d474d:192.168.157.194:42206, 3aea292b-16fb-4e9b-be90-828afa8e8047:192.168.157.194:34569, a6b2ebfb-69a0-457c-b6cd-a50cc148b564:192.168.157.194:37298], old=null
2019-10-17 02:14:30,990 [grpc-default-executor-0] INFO  impl.RaftServerImpl (RaftServerImpl.java:setRole(184)) - b32d7882-88db-4fe6-9cca-6a25122d474d@group-CAA302CD1894: changes role from  FOLLOWER to FOLLOWER at term 6 for recognizeCandidate:a6b2ebfb-69a0-457c-b6cd-a50cc148b564
2019-10-17 02:14:30,990 [grpc-default-executor-0] INFO  impl.RoleInfo (RoleInfo.java:shutdownFollowerState(121)) - b32d7882-88db-4fe6-9cca-6a25122d474d: shutdown FollowerState
2019-10-17 02:14:30,990 [grpc-default-executor-1] INFO  impl.RaftServerImpl (RaftServerImpl.java:setRole(184)) - 3aea292b-16fb-4e9b-be90-828afa8e8047@group-CAA302CD1894: changes role from  FOLLOWER to FOLLOWER at term 6 for recognizeCandidate:a6b2ebfb-69a0-457c-b6cd-a50cc148b564
2019-10-17 02:14:30,990 [Thread-1322] INFO  impl.FollowerState (FollowerState.java:run(117)) - b32d7882-88db-4fe6-9cca-6a25122d474d@group-CAA302CD1894-FollowerState was interrupted: java.lang.InterruptedException: sleep interrupted
2019-10-17 02:14:30,990 [grpc-default-executor-0] INFO  impl.RoleInfo (RoleInfo.java:updateAndGet(143)) - b32d7882-88db-4fe6-9cca-6a25122d474d: start FollowerState
2019-10-17 02:14:30,990 [grpc-default-executor-1] INFO  impl.RoleInfo (RoleInfo.java:shutdownFollowerState(121)) - 3aea292b-16fb-4e9b-be90-828afa8e8047: shutdown FollowerState
2019-10-17 02:14:30,991 [grpc-default-executor-1] INFO  impl.RoleInfo (RoleInfo.java:updateAndGet(143)) - 3aea292b-16fb-4e9b-be90-828afa8e8047: start FollowerState
2019-10-17 02:14:30,991 [Thread-1323] INFO  impl.FollowerState (FollowerState.java:run(117)) - 3aea292b-16fb-4e9b-be90-828afa8e8047@group-CAA302CD1894-FollowerState was interrupted: java.lang.InterruptedException: sleep interrupted
2019-10-17 02:14:31,006 [a6b2ebfb-69a0-457c-b6cd-a50cc148b564@group-CAA302CD1894-LeaderElection51] INFO  impl.LeaderElection (LeaderElection.java:logAndReturn(56)) - a6b2ebfb-69a0-457c-b6cd-a50cc148b564@group-CAA302CD1894-LeaderElection51: Election REJECTED; received 2 response(s) [a6b2ebfb-69a0-457c-b6cd-a50cc148b564<-b32d7882-88db-4fe6-9cca-6a25122d474d#0:FAIL-t6, a6b2ebfb-69a0-457c-b6cd-a50cc148b564<-3aea292b-16fb-4e9b-be90-828afa8e8047#0:FAIL-t6] and 0 exception(s); a6b2ebfb-69a0-457c-b6cd-a50cc148b564@group-CAA302CD1894:t6, leader=null, voted=a6b2ebfb-69a0-457c-b6cd-a50cc148b564, raftlog=a6b2ebfb-69a0-457c-b6cd-a50cc148b564@group-CAA302CD1894-SegmentedRaftLog:OPENED:c-1,f-1,i0, conf=-1: [b32d7882-88db-4fe6-9cca-6a25122d474d:192.168.157.194:42206, 3aea292b-16fb-4e9b-be90-828afa8e8047:192.168.157.194:34569, a6b2ebfb-69a0-457c-b6cd-a50cc148b564:192.168.157.194:37298], old=null
2019-10-17 02:14:31,006 [a6b2ebfb-69a0-457c-b6cd-a50cc148b564@group-CAA302CD1894-LeaderElection51] INFO  impl.RaftServerImpl (RaftServerImpl.java:setRole(184)) - a6b2ebfb-69a0-457c-b6cd-a50cc148b564@group-CAA302CD1894: changes role from CANDIDATE to FOLLOWER at term 6 for DISCOVERED_A_NEW_TERM
2019-10-17 02:14:31,006 [a6b2ebfb-69a0-457c-b6cd-a50cc148b564@group-CAA302CD1894-LeaderElection51] INFO  impl.RoleInfo (RoleInfo.java:shutdownLeaderElection(134)) - a6b2ebfb-69a0-457c-b6cd-a50cc148b564: shutdown LeaderElection
2019-10-17 02:14:31,006 [a6b2ebfb-69a0-457c-b6cd-a50cc148b564@group-CAA302CD1894-LeaderElection51] INFO  impl.RoleInfo (RoleInfo.java:updateAndGet(143)) - a6b2ebfb-69a0-457c-b6cd-a50cc148b564: start FollowerState
2019-10-17 02:14:31,124 [main] INFO  ozone.MiniOzoneClusterImpl (MiniOzoneClusterImpl.java:lambda$waitForClusterToBeReady$2(164)) - Waiting for 1 number of pipelines out of 4, to report a leader.
2019-10-17 02:14:31,157 [Thread-1330] INFO  impl.FollowerState (FollowerState.java:run(108)) - a6b2ebfb-69a0-457c-b6cd-a50cc148b564@group-CAA302CD1894-FollowerState: change to CANDIDATE, lastRpcTime:150ms, electionTimeout:150ms
2019-10-17 02:14:31,157 [Thread-1330] INFO  impl.RoleInfo (RoleInfo.java:shutdownFollowerState(121)) - a6b2ebfb-69a0-457c-b6cd-a50cc148b564: shutdown FollowerState
2019-10-17 02:14:31,157 [Thread-1330] INFO  impl.RaftServerImpl (RaftServerImpl.java:setRole(184)) - a6b2ebfb-69a0-457c-b6cd-a50cc148b564@group-CAA302CD1894: changes role from  FOLLOWER to CANDIDATE at term 6 for changeToCandidate
2019-10-17 02:14:31,157 [Thread-1330] INFO  impl.RoleInfo (RoleInfo.java:updateAndGet(143)) - a6b2ebfb-69a0-457c-b6cd-a50cc148b564: start LeaderElection
2019-10-17 02:14:31,172 [a6b2ebfb-69a0-457c-b6cd-a50cc148b564@group-CAA302CD1894-LeaderElection52] INFO  impl.LeaderElection (LeaderElection.java:askForVotes(178)) - a6b2ebfb-69a0-457c-b6cd-a50cc148b564@group-CAA302CD1894-LeaderElection52: begin an election at term 7 for -1: [b32d7882-88db-4fe6-9cca-6a25122d474d:192.168.157.194:42206, 3aea292b-16fb-4e9b-be90-828afa8e8047:192.168.157.194:34569, a6b2ebfb-69a0-457c-b6cd-a50cc148b564:192.168.157.194:37298], old=null
2019-10-17 02:14:31,176 [grpc-default-executor-0] INFO  impl.RaftServerImpl (RaftServerImpl.java:setRole(184)) - b32d7882-88db-4fe6-9cca-6a25122d474d@group-CAA302CD1894: changes role from  FOLLOWER to FOLLOWER at term 7 for recognizeCandidate:a6b2ebfb-69a0-457c-b6cd-a50cc148b564
2019-10-17 02:14:31,176 [grpc-default-executor-1] INFO  impl.RaftServerImpl (RaftServerImpl.java:setRole(184)) - 3aea292b-16fb-4e9b-be90-828afa8e8047@group-CAA302CD1894: changes role from  FOLLOWER to FOLLOWER at term 7 for recognizeCandidate:a6b2ebfb-69a0-457c-b6cd-a50cc148b564
2019-10-17 02:14:31,176 [grpc-default-executor-0] INFO  impl.RoleInfo (RoleInfo.java:shutdownFollowerState(121)) - b32d7882-88db-4fe6-9cca-6a25122d474d: shutdown FollowerState
2019-10-17 02:14:31,176 [grpc-default-executor-1] INFO  impl.RoleInfo (RoleInfo.java:shutdownFollowerState(121)) - 3aea292b-16fb-4e9b-be90-828afa8e8047: shutdown FollowerState
2019-10-17 02:14:31,177 [Thread-1328] INFO  impl.FollowerState (FollowerState.java:run(117)) - b32d7882-88db-4fe6-9cca-6a25122d474d@group-CAA302CD1894-FollowerState was interrupted: java.lang.InterruptedException: sleep interrupted
2019-10-17 02:14:31,177 [grpc-default-executor-0] INFO  impl.RoleInfo (RoleInfo.java:updateAndGet(143)) - b32d7882-88db-4fe6-9cca-6a25122d474d: start FollowerState
2019-10-17 02:14:31,177 [Thread-1329] INFO  impl.FollowerState (FollowerState.java:run(117)) - 3aea292b-16fb-4e9b-be90-828afa8e8047@group-CAA302CD1894-FollowerState was interrupted: java.lang.InterruptedException: sleep interrupted
2019-10-17 02:14:31,177 [grpc-default-executor-1] INFO  impl.RoleInfo (RoleInfo.java:updateAndGet(143)) - 3aea292b-16fb-4e9b-be90-828afa8e8047: start FollowerState
2019-10-17 02:14:31,192 [a6b2ebfb-69a0-457c-b6cd-a50cc148b564@group-CAA302CD1894-LeaderElection52] INFO  impl.LeaderElection (LeaderElection.java:logAndReturn(56)) - a6b2ebfb-69a0-457c-b6cd-a50cc148b564@group-CAA302CD1894-LeaderElection52: Election REJECTED; received 2 response(s) [a6b2ebfb-69a0-457c-b6cd-a50cc148b564<-b32d7882-88db-4fe6-9cca-6a25122d474d#0:FAIL-t7, a6b2ebfb-69a0-457c-b6cd-a50cc148b564<-3aea292b-16fb-4e9b-be90-828afa8e8047#0:FAIL-t7] and 0 exception(s); a6b2ebfb-69a0-457c-b6cd-a50cc148b564@group-CAA302CD1894:t7, leader=null, voted=a6b2ebfb-69a0-457c-b6cd-a50cc148b564, raftlog=a6b2ebfb-69a0-457c-b6cd-a50cc148b564@group-CAA302CD1894-SegmentedRaftLog:OPENED:c-1,f-1,i0, conf=-1: [b32d7882-88db-4fe6-9cca-6a25122d474d:192.168.157.194:42206, 3aea292b-16fb-4e9b-be90-828afa8e8047:192.168.157.194:34569, a6b2ebfb-69a0-457c-b6cd-a50cc148b564:192.168.157.194:37298], old=null
2019-10-17 02:14:31,192 [a6b2ebfb-69a0-457c-b6cd-a50cc148b564@group-CAA302CD1894-LeaderElection52] INFO  impl.RaftServerImpl (RaftServerImpl.java:setRole(184)) - a6b2ebfb-69a0-457c-b6cd-a50cc148b564@group-CAA302CD1894: changes role from CANDIDATE to FOLLOWER at term 7 for DISCOVERED_A_NEW_TERM
2019-10-17 02:14:31,193 [a6b2ebfb-69a0-457c-b6cd-a50cc148b564@group-CAA302CD1894-LeaderElection52] INFO  impl.RoleInfo (RoleInfo.java:shutdownLeaderElection(134)) - a6b2ebfb-69a0-457c-b6cd-a50cc148b564: shutdown LeaderElection
2019-10-17 02:14:31,193 [a6b2ebfb-69a0-457c-b6cd-a50cc148b564@group-CAA302CD1894-LeaderElection52] INFO  impl.RoleInfo (RoleInfo.java:updateAndGet(143)) - a6b2ebfb-69a0-457c-b6cd-a50cc148b564: start FollowerState
2019-10-17 02:14:31,303 [Thread-1336] INFO  impl.FollowerState (FollowerState.java:run(108)) - a6b2ebfb-69a0-457c-b6cd-a50cc148b564@group-CAA302CD1894-FollowerState: change to CANDIDATE, lastRpcTime:110ms, electionTimeout:110ms
2019-10-17 02:14:31,303 [Thread-1336] INFO  impl.RoleInfo (RoleInfo.java:shutdownFollowerState(121)) - a6b2ebfb-69a0-457c-b6cd-a50cc148b564: shutdown FollowerState
2019-10-17 02:14:31,304 [Thread-1336] INFO  impl.RaftServerImpl (RaftServerImpl.java:setRole(184)) - a6b2ebfb-69a0-457c-b6cd-a50cc148b564@group-CAA302CD1894: changes role from  FOLLOWER to CANDIDATE at term 7 for changeToCandidate
2019-10-17 02:14:31,304 [Thread-1336] INFO  impl.RoleInfo (RoleInfo.java:updateAndGet(143)) - a6b2ebfb-69a0-457c-b6cd-a50cc148b564: start LeaderElection
2019-10-17 02:14:31,318 [a6b2ebfb-69a0-457c-b6cd-a50cc148b564@group-CAA302CD1894-LeaderElection53] INFO  impl.LeaderElection (LeaderElection.java:askForVotes(178)) - a6b2ebfb-69a0-457c-b6cd-a50cc148b564@group-CAA302CD1894-LeaderElection53: begin an election at term 8 for -1: [b32d7882-88db-4fe6-9cca-6a25122d474d:192.168.157.194:42206, 3aea292b-16fb-4e9b-be90-828afa8e8047:192.168.157.194:34569, a6b2ebfb-69a0-457c-b6cd-a50cc148b564:192.168.157.194:37298], old=null
2019-10-17 02:14:31,321 [grpc-default-executor-0] INFO  impl.RaftServerImpl (RaftServerImpl.java:setRole(184)) - b32d7882-88db-4fe6-9cca-6a25122d474d@group-CAA302CD1894: changes role from  FOLLOWER to FOLLOWER at term 8 for recognizeCandidate:a6b2ebfb-69a0-457c-b6cd-a50cc148b564
2019-10-17 02:14:31,321 [grpc-default-executor-1] INFO  impl.RaftServerImpl (RaftServerImpl.java:setRole(184)) - 3aea292b-16fb-4e9b-be90-828afa8e8047@group-CAA302CD1894: changes role from  FOLLOWER to FOLLOWER at term 8 for recognizeCandidate:a6b2ebfb-69a0-457c-b6cd-a50cc148b564
2019-10-17 02:14:31,321 [grpc-default-executor-0] INFO  impl.RoleInfo (RoleInfo.java:shutdownFollowerState(121)) - b32d7882-88db-4fe6-9cca-6a25122d474d: shutdown FollowerState
2019-10-17 02:14:31,322 [grpc-default-executor-1] INFO  impl.RoleInfo (RoleInfo.java:shutdownFollowerState(121)) - 3aea292b-16fb-4e9b-be90-828afa8e8047: shutdown FollowerState
2019-10-17 02:14:31,322 [Thread-1334] INFO  impl.FollowerState (FollowerState.java:run(117)) - b32d7882-88db-4fe6-9cca-6a25122d474d@group-CAA302CD1894-FollowerState was interrupted: java.lang.InterruptedException: sleep interrupted
2019-10-17 02:14:31,322 [grpc-default-executor-0] INFO  impl.RoleInfo (RoleInfo.java:updateAndGet(143)) - b32d7882-88db-4fe6-9cca-6a25122d474d: start FollowerState
2019-10-17 02:14:31,322 [Thread-1335] INFO  impl.FollowerState (FollowerState.java:run(117)) - 3aea292b-16fb-4e9b-be90-828afa8e8047@group-CAA302CD1894-FollowerState was interrupted: java.lang.InterruptedException: sleep interrupted
2019-10-17 02:14:31,322 [grpc-default-executor-1] INFO  impl.RoleInfo (RoleInfo.java:updateAndGet(143)) - 3aea292b-16fb-4e9b-be90-828afa8e8047: start FollowerState
2019-10-17 02:14:31,337 [a6b2ebfb-69a0-457c-b6cd-a50cc148b564@group-CAA302CD1894-LeaderElection53] INFO  impl.LeaderElection (LeaderElection.java:logAndReturn(56)) - a6b2ebfb-69a0-457c-b6cd-a50cc148b564@group-CAA302CD1894-LeaderElection53: Election REJECTED; received 2 response(s) [a6b2ebfb-69a0-457c-b6cd-a50cc148b564<-b32d7882-88db-4fe6-9cca-6a25122d474d#0:FAIL-t8, a6b2ebfb-69a0-457c-b6cd-a50cc148b564<-3aea292b-16fb-4e9b-be90-828afa8e8047#0:FAIL-t8] and 0 exception(s); a6b2ebfb-69a0-457c-b6cd-a50cc148b564@group-CAA302CD1894:t8, leader=null, voted=a6b2ebfb-69a0-457c-b6cd-a50cc148b564, raftlog=a6b2ebfb-69a0-457c-b6cd-a50cc148b564@group-CAA302CD1894-SegmentedRaftLog:OPENED:c-1,f-1,i0, conf=-1: [b32d7882-88db-4fe6-9cca-6a25122d474d:192.168.157.194:42206, 3aea292b-16fb-4e9b-be90-828afa8e8047:192.168.157.194:34569, a6b2ebfb-69a0-457c-b6cd-a50cc148b564:192.168.157.194:37298], old=null
2019-10-17 02:14:31,338 [a6b2ebfb-69a0-457c-b6cd-a50cc148b564@group-CAA302CD1894-LeaderElection53] INFO  impl.RaftServerImpl (RaftServerImpl.java:setRole(184)) - a6b2ebfb-69a0-457c-b6cd-a50cc148b564@group-CAA302CD1894: changes role from CANDIDATE to FOLLOWER at term 8 for DISCOVERED_A_NEW_TERM
2019-10-17 02:14:31,338 [a6b2ebfb-69a0-457c-b6cd-a50cc148b564@group-CAA302CD1894-LeaderElection53] INFO  impl.RoleInfo (RoleInfo.java:shutdownLeaderElection(134)) - a6b2ebfb-69a0-457c-b6cd-a50cc148b564: shutdown LeaderElection
2019-10-17 02:14:31,338 [a6b2ebfb-69a0-457c-b6cd-a50cc148b564@group-CAA302CD1894-LeaderElection53] INFO  impl.RoleInfo (RoleInfo.java:updateAndGet(143)) - a6b2ebfb-69a0-457c-b6cd-a50cc148b564: start FollowerState
2019-10-17 02:14:31,413 [Thread-1342] INFO  impl.FollowerState (FollowerState.java:run(108)) - a6b2ebfb-69a0-457c-b6cd-a50cc148b564@group-CAA302CD1894-FollowerState: change to CANDIDATE, lastRpcTime:74ms, electionTimeout:74ms
2019-10-17 02:14:31,413 [Thread-1342] INFO  impl.RoleInfo (RoleInfo.java:shutdownFollowerState(121)) - a6b2ebfb-69a0-457c-b6cd-a50cc148b564: shutdown FollowerState
2019-10-17 02:14:31,413 [Thread-1342] INFO  impl.RaftServerImpl (RaftServerImpl.java:setRole(184)) - a6b2ebfb-69a0-457c-b6cd-a50cc148b564@group-CAA302CD1894: changes role from  FOLLOWER to CANDIDATE at term 8 for changeToCandidate
2019-10-17 02:14:31,413 [Thread-1342] INFO  impl.RoleInfo (RoleInfo.java:updateAndGet(143)) - a6b2ebfb-69a0-457c-b6cd-a50cc148b564: start LeaderElection
2019-10-17 02:14:31,427 [a6b2ebfb-69a0-457c-b6cd-a50cc148b564@group-CAA302CD1894-LeaderElection54] INFO  impl.LeaderElection (LeaderElection.java:askForVotes(178)) - a6b2ebfb-69a0-457c-b6cd-a50cc148b564@group-CAA302CD1894-LeaderElection54: begin an election at term 9 for -1: [b32d7882-88db-4fe6-9cca-6a25122d474d:192.168.157.194:42206, 3aea292b-16fb-4e9b-be90-828afa8e8047:192.168.157.194:34569, a6b2ebfb-69a0-457c-b6cd-a50cc148b564:192.168.157.194:37298], old=null
2019-10-17 02:14:31,430 [grpc-default-executor-0] INFO  impl.RaftServerImpl (RaftServerImpl.java:setRole(184)) - b32d7882-88db-4fe6-9cca-6a25122d474d@group-CAA302CD1894: changes role from  FOLLOWER to FOLLOWER at term 9 for recognizeCandidate:a6b2ebfb-69a0-457c-b6cd-a50cc148b564
2019-10-17 02:14:31,430 [grpc-default-executor-0] INFO  impl.RoleInfo (RoleInfo.java:shutdownFollowerState(121)) - b32d7882-88db-4fe6-9cca-6a25122d474d: shutdown FollowerState
2019-10-17 02:14:31,430 [grpc-default-executor-1] INFO  impl.RaftServerImpl (RaftServerImpl.java:setRole(184)) - 3aea292b-16fb-4e9b-be90-828afa8e8047@group-CAA302CD1894: changes role from  FOLLOWER to FOLLOWER at term 9 for recognizeCandidate:a6b2ebfb-69a0-457c-b6cd-a50cc148b564
2019-10-17 02:14:31,430 [Thread-1340] INFO  impl.FollowerState (FollowerState.java:run(117)) - b32d7882-88db-4fe6-9cca-6a25122d474d@group-CAA302CD1894-FollowerState was interrupted: java.lang.InterruptedException: sleep interrupted
2019-10-17 02:14:31,430 [grpc-default-executor-0] INFO  impl.RoleInfo (RoleInfo.java:updateAndGet(143)) - b32d7882-88db-4fe6-9cca-6a25122d474d: start FollowerState
2019-10-17 02:14:31,430 [grpc-default-executor-1] INFO  impl.RoleInfo (RoleInfo.java:shutdownFollowerState(121)) - 3aea292b-16fb-4e9b-be90-828afa8e8047: shutdown FollowerState
2019-10-17 02:14:31,431 [grpc-default-executor-1] INFO  impl.RoleInfo (RoleInfo.java:updateAndGet(143)) - 3aea292b-16fb-4e9b-be90-828afa8e8047: start FollowerState
2019-10-17 02:14:31,431 [Thread-1341] INFO  impl.FollowerState (FollowerState.java:run(117)) - 3aea292b-16fb-4e9b-be90-828afa8e8047@group-CAA302CD1894-FollowerState was interrupted: java.lang.InterruptedException: sleep interrupted
2019-10-17 02:14:31,445 [a6b2ebfb-69a0-457c-b6cd-a50cc148b564@group-CAA302CD1894-LeaderElection54] INFO  impl.LeaderElection (LeaderElection.java:logAndReturn(56)) - a6b2ebfb-69a0-457c-b6cd-a50cc148b564@group-CAA302CD1894-LeaderElection54: Election REJECTED; received 2 response(s) [a6b2ebfb-69a0-457c-b6cd-a50cc148b564<-b32d7882-88db-4fe6-9cca-6a25122d474d#0:FAIL-t9, a6b2ebfb-69a0-457c-b6cd-a50cc148b564<-3aea292b-16fb-4e9b-be90-828afa8e8047#0:FAIL-t9] and 0 exception(s); a6b2ebfb-69a0-457c-b6cd-a50cc148b564@group-CAA302CD1894:t9, leader=null, voted=a6b2ebfb-69a0-457c-b6cd-a50cc148b564, raftlog=a6b2ebfb-69a0-457c-b6cd-a50cc148b564@group-CAA302CD1894-SegmentedRaftLog:OPENED:c-1,f-1,i0, conf=-1: [b32d7882-88db-4fe6-9cca-6a25122d474d:192.168.157.194:42206, 3aea292b-16fb-4e9b-be90-828afa8e8047:192.168.157.194:34569, a6b2ebfb-69a0-457c-b6cd-a50cc148b564:192.168.157.194:37298], old=null
2019-10-17 02:14:31,446 [a6b2ebfb-69a0-457c-b6cd-a50cc148b564@group-CAA302CD1894-LeaderElection54] INFO  impl.RaftServerImpl (RaftServerImpl.java:setRole(184)) - a6b2ebfb-69a0-457c-b6cd-a50cc148b564@group-CAA302CD1894: changes role from CANDIDATE to FOLLOWER at term 9 for DISCOVERED_A_NEW_TERM
2019-10-17 02:14:31,446 [a6b2ebfb-69a0-457c-b6cd-a50cc148b564@group-CAA302CD1894-LeaderElection54] INFO  impl.RoleInfo (RoleInfo.java:shutdownLeaderElection(134)) - a6b2ebfb-69a0-457c-b6cd-a50cc148b564: shutdown LeaderElection
2019-10-17 02:14:31,446 [a6b2ebfb-69a0-457c-b6cd-a50cc148b564@group-CAA302CD1894-LeaderElection54] INFO  impl.RoleInfo (RoleInfo.java:updateAndGet(143)) - a6b2ebfb-69a0-457c-b6cd-a50cc148b564: start FollowerState
2019-10-17 02:14:31,450 [Thread-1348] INFO  impl.FollowerState (FollowerState.java:run(108)) - a6b2ebfb-69a0-457c-b6cd-a50cc148b564@group-CAA302CD1894-FollowerState: change to CANDIDATE, lastRpcTime:4ms, electionTimeout:4ms
2019-10-17 02:14:31,451 [Thread-1348] INFO  impl.RoleInfo (RoleInfo.java:shutdownFollowerState(121)) - a6b2ebfb-69a0-457c-b6cd-a50cc148b564: shutdown FollowerState
2019-10-17 02:14:31,451 [Thread-1348] INFO  impl.RaftServerImpl (RaftServerImpl.java:setRole(184)) - a6b2ebfb-69a0-457c-b6cd-a50cc148b564@group-CAA302CD1894: changes role from  FOLLOWER to CANDIDATE at term 9 for changeToCandidate
2019-10-17 02:14:31,451 [Thread-1348] INFO  impl.RoleInfo (RoleInfo.java:updateAndGet(143)) - a6b2ebfb-69a0-457c-b6cd-a50cc148b564: start LeaderElection
2019-10-17 02:14:31,465 [a6b2ebfb-69a0-457c-b6cd-a50cc148b564@group-CAA302CD1894-LeaderElection55] INFO  impl.LeaderElection (LeaderElection.java:askForVotes(178)) - a6b2ebfb-69a0-457c-b6cd-a50cc148b564@group-CAA302CD1894-LeaderElection55: begin an election at term 10 for -1: [b32d7882-88db-4fe6-9cca-6a25122d474d:192.168.157.194:42206, 3aea292b-16fb-4e9b-be90-828afa8e8047:192.168.157.194:34569, a6b2ebfb-69a0-457c-b6cd-a50cc148b564:192.168.157.194:37298], old=null
2019-10-17 02:14:31,468 [grpc-default-executor-1] INFO  impl.RaftServerImpl (RaftServerImpl.java:setRole(184)) - b32d7882-88db-4fe6-9cca-6a25122d474d@group-CAA302CD1894: changes role from  FOLLOWER to FOLLOWER at term 10 for recognizeCandidate:a6b2ebfb-69a0-457c-b6cd-a50cc148b564
2019-10-17 02:14:31,468 [grpc-default-executor-1] INFO  impl.RoleInfo (RoleInfo.java:shutdownFollowerState(121)) - b32d7882-88db-4fe6-9cca-6a25122d474d: shutdown FollowerState
2019-10-17 02:14:31,468 [grpc-default-executor-0] INFO  impl.RaftServerImpl (RaftServerImpl.java:setRole(184)) - 3aea292b-16fb-4e9b-be90-828afa8e8047@group-CAA302CD1894: changes role from  FOLLOWER to FOLLOWER at term 10 for recognizeCandidate:a6b2ebfb-69a0-457c-b6cd-a50cc148b564
2019-10-17 02:14:31,468 [grpc-default-executor-0] INFO  impl.RoleInfo (RoleInfo.java:shutdownFollowerState(121)) - 3aea292b-16fb-4e9b-be90-828afa8e8047: shutdown FollowerState
2019-10-17 02:14:31,468 [Thread-1346] INFO  impl.FollowerState (FollowerState.java:run(117)) - b32d7882-88db-4fe6-9cca-6a25122d474d@group-CAA302CD1894-FollowerState was interrupted: java.lang.InterruptedException: sleep interrupted
2019-10-17 02:14:31,468 [grpc-default-executor-1] INFO  impl.RoleInfo (RoleInfo.java:updateAndGet(143)) - b32d7882-88db-4fe6-9cca-6a25122d474d: start FollowerState
2019-10-17 02:14:31,468 [Thread-1347] INFO  impl.FollowerState (FollowerState.java:run(117)) - 3aea292b-16fb-4e9b-be90-828afa8e8047@group-CAA302CD1894-FollowerState was interrupted: java.lang.InterruptedException: sleep interrupted
2019-10-17 02:14:31,468 [grpc-default-executor-0] INFO  impl.RoleInfo (RoleInfo.java:updateAndGet(143)) - 3aea292b-16fb-4e9b-be90-828afa8e8047: start FollowerState
2019-10-17 02:14:31,484 [a6b2ebfb-69a0-457c-b6cd-a50cc148b564@group-CAA302CD1894-LeaderElection55] INFO  impl.LeaderElection (LeaderElection.java:logAndReturn(56)) - a6b2ebfb-69a0-457c-b6cd-a50cc148b564@group-CAA302CD1894-LeaderElection55: Election REJECTED; received 2 response(s) [a6b2ebfb-69a0-457c-b6cd-a50cc148b564<-b32d7882-88db-4fe6-9cca-6a25122d474d#0:FAIL-t10, a6b2ebfb-69a0-457c-b6cd-a50cc148b564<-3aea292b-16fb-4e9b-be90-828afa8e8047#0:FAIL-t10] and 0 exception(s); a6b2ebfb-69a0-457c-b6cd-a50cc148b564@group-CAA302CD1894:t10, leader=null, voted=a6b2ebfb-69a0-457c-b6cd-a50cc148b564, raftlog=a6b2ebfb-69a0-457c-b6cd-a50cc148b564@group-CAA302CD1894-SegmentedRaftLog:OPENED:c-1,f-1,i0, conf=-1: [b32d7882-88db-4fe6-9cca-6a25122d474d:192.168.157.194:42206, 3aea292b-16fb-4e9b-be90-828afa8e8047:192.168.157.194:34569, a6b2ebfb-69a0-457c-b6cd-a50cc148b564:192.168.157.194:37298], old=null
2019-10-17 02:14:31,484 [a6b2ebfb-69a0-457c-b6cd-a50cc148b564@group-CAA302CD1894-LeaderElection55] INFO  impl.RaftServerImpl (RaftServerImpl.java:setRole(184)) - a6b2ebfb-69a0-457c-b6cd-a50cc148b564@group-CAA302CD1894: changes role from CANDIDATE to FOLLOWER at term 10 for DISCOVERED_A_NEW_TERM
2019-10-17 02:14:31,484 [a6b2ebfb-69a0-457c-b6cd-a50cc148b564@group-CAA302CD1894-LeaderElection55] INFO  impl.RoleInfo (RoleInfo.java:shutdownLeaderElection(134)) - a6b2ebfb-69a0-457c-b6cd-a50cc148b564: shutdown LeaderElection
2019-10-17 02:14:31,485 [a6b2ebfb-69a0-457c-b6cd-a50cc148b564@group-CAA302CD1894-LeaderElection55] INFO  impl.RoleInfo (RoleInfo.java:updateAndGet(143)) - a6b2ebfb-69a0-457c-b6cd-a50cc148b564: start FollowerState
2019-10-17 02:14:31,611 [Thread-1354] INFO  impl.FollowerState (FollowerState.java:run(108)) - a6b2ebfb-69a0-457c-b6cd-a50cc148b564@group-CAA302CD1894-FollowerState: change to CANDIDATE, lastRpcTime:126ms, electionTimeout:126ms
2019-10-17 02:14:31,611 [Thread-1354] INFO  impl.RoleInfo (RoleInfo.java:shutdownFollowerState(121)) - a6b2ebfb-69a0-457c-b6cd-a50cc148b564: shutdown FollowerState
2019-10-17 02:14:31,611 [Thread-1354] INFO  impl.RaftServerImpl (RaftServerImpl.java:setRole(184)) - a6b2ebfb-69a0-457c-b6cd-a50cc148b564@group-CAA302CD1894: changes role from  FOLLOWER to CANDIDATE at term 10 for changeToCandidate
2019-10-17 02:14:31,612 [Thread-1354] INFO  impl.RoleInfo (RoleInfo.java:updateAndGet(143)) - a6b2ebfb-69a0-457c-b6cd-a50cc148b564: start LeaderElection
2019-10-17 02:14:31,625 [a6b2ebfb-69a0-457c-b6cd-a50cc148b564@group-CAA302CD1894-LeaderElection56] INFO  impl.LeaderElection (LeaderElection.java:askForVotes(178)) - a6b2ebfb-69a0-457c-b6cd-a50cc148b564@group-CAA302CD1894-LeaderElection56: begin an election at term 11 for -1: [b32d7882-88db-4fe6-9cca-6a25122d474d:192.168.157.194:42206, 3aea292b-16fb-4e9b-be90-828afa8e8047:192.168.157.194:34569, a6b2ebfb-69a0-457c-b6cd-a50cc148b564:192.168.157.194:37298], old=null
2019-10-17 02:14:31,628 [grpc-default-executor-0] INFO  impl.RaftServerImpl (RaftServerImpl.java:setRole(184)) - b32d7882-88db-4fe6-9cca-6a25122d474d@group-CAA302CD1894: changes role from  FOLLOWER to FOLLOWER at term 11 for recognizeCandidate:a6b2ebfb-69a0-457c-b6cd-a50cc148b564
2019-10-17 02:14:31,628 [grpc-default-executor-0] INFO  impl.RoleInfo (RoleInfo.java:shutdownFollowerState(121)) - b32d7882-88db-4fe6-9cca-6a25122d474d: shutdown FollowerState
2019-10-17 02:14:31,629 [grpc-default-executor-1] INFO  impl.RaftServerImpl (RaftServerImpl.java:setRole(184)) - 3aea292b-16fb-4e9b-be90-828afa8e8047@group-CAA302CD1894: changes role from  FOLLOWER to FOLLOWER at term 11 for recognizeCandidate:a6b2ebfb-69a0-457c-b6cd-a50cc148b564
2019-10-17 02:14:31,629 [Thread-1352] INFO  impl.FollowerState (FollowerState.java:run(117)) - b32d7882-88db-4fe6-9cca-6a25122d474d@group-CAA302CD1894-FollowerState was interrupted: java.lang.InterruptedException: sleep interrupted
2019-10-17 02:14:31,629 [grpc-default-executor-0] INFO  impl.RoleInfo (RoleInfo.java:updateAndGet(143)) - b32d7882-88db-4fe6-9cca-6a25122d474d: start FollowerState
2019-10-17 02:14:31,629 [grpc-default-executor-1] INFO  impl.RoleInfo (RoleInfo.java:shutdownFollowerState(121)) - 3aea292b-16fb-4e9b-be90-828afa8e8047: shutdown FollowerState
2019-10-17 02:14:31,629 [grpc-default-executor-1] INFO  impl.RoleInfo (RoleInfo.java:updateAndGet(143)) - 3aea292b-16fb-4e9b-be90-828afa8e8047: start FollowerState
2019-10-17 02:14:31,629 [Thread-1353] INFO  impl.FollowerState (FollowerState.java:run(117)) - 3aea292b-16fb-4e9b-be90-828afa8e8047@group-CAA302CD1894-FollowerState was interrupted: java.lang.InterruptedException: sleep interrupted
2019-10-17 02:14:31,644 [a6b2ebfb-69a0-457c-b6cd-a50cc148b564@group-CAA302CD1894-LeaderElection56] INFO  impl.LeaderElection (LeaderElection.java:logAndReturn(56)) - a6b2ebfb-69a0-457c-b6cd-a50cc148b564@group-CAA302CD1894-LeaderElection56: Election REJECTED; received 2 response(s) [a6b2ebfb-69a0-457c-b6cd-a50cc148b564<-b32d7882-88db-4fe6-9cca-6a25122d474d#0:FAIL-t11, a6b2ebfb-69a0-457c-b6cd-a50cc148b564<-3aea292b-16fb-4e9b-be90-828afa8e8047#0:FAIL-t11] and 0 exception(s); a6b2ebfb-69a0-457c-b6cd-a50cc148b564@group-CAA302CD1894:t11, leader=null, voted=a6b2ebfb-69a0-457c-b6cd-a50cc148b564, raftlog=a6b2ebfb-69a0-457c-b6cd-a50cc148b564@group-CAA302CD1894-SegmentedRaftLog:OPENED:c-1,f-1,i0, conf=-1: [b32d7882-88db-4fe6-9cca-6a25122d474d:192.168.157.194:42206, 3aea292b-16fb-4e9b-be90-828afa8e8047:192.168.157.194:34569, a6b2ebfb-69a0-457c-b6cd-a50cc148b564:192.168.157.194:37298], old=null
2019-10-17 02:14:31,645 [a6b2ebfb-69a0-457c-b6cd-a50cc148b564@group-CAA302CD1894-LeaderElection56] INFO  impl.RaftServerImpl (RaftServerImpl.java:setRole(184)) - a6b2ebfb-69a0-457c-b6cd-a50cc148b564@group-CAA302CD1894: changes role from CANDIDATE to FOLLOWER at term 11 for DISCOVERED_A_NEW_TERM
2019-10-17 02:14:31,645 [a6b2ebfb-69a0-457c-b6cd-a50cc148b564@group-CAA302CD1894-LeaderElection56] INFO  impl.RoleInfo (RoleInfo.java:shutdownLeaderElection(134)) - a6b2ebfb-69a0-457c-b6cd-a50cc148b564: shutdown LeaderElection
2019-10-17 02:14:31,645 [a6b2ebfb-69a0-457c-b6cd-a50cc148b564@group-CAA302CD1894-LeaderElection56] INFO  impl.RoleInfo (RoleInfo.java:updateAndGet(143)) - a6b2ebfb-69a0-457c-b6cd-a50cc148b564: start FollowerState
2019-10-17 02:14:31,656 [Thread-1360] INFO  impl.FollowerState (FollowerState.java:run(108)) - a6b2ebfb-69a0-457c-b6cd-a50cc148b564@group-CAA302CD1894-FollowerState: change to CANDIDATE, lastRpcTime:11ms, electionTimeout:11ms
2019-10-17 02:14:31,657 [Thread-1360] INFO  impl.RoleInfo (RoleInfo.java:shutdownFollowerState(121)) - a6b2ebfb-69a0-457c-b6cd-a50cc148b564: shutdown FollowerState
2019-10-17 02:14:31,657 [Thread-1360] INFO  impl.RaftServerImpl (RaftServerImpl.java:setRole(184)) - a6b2ebfb-69a0-457c-b6cd-a50cc148b564@group-CAA302CD1894: changes role from  FOLLOWER to CANDIDATE at term 11 for changeToCandidate
2019-10-17 02:14:31,657 [Thread-1360] INFO  impl.RoleInfo (RoleInfo.java:updateAndGet(143)) - a6b2ebfb-69a0-457c-b6cd-a50cc148b564: start LeaderElection
2019-10-17 02:14:31,672 [a6b2ebfb-69a0-457c-b6cd-a50cc148b564@group-CAA302CD1894-LeaderElection57] INFO  impl.LeaderElection (LeaderElection.java:askForVotes(178)) - a6b2ebfb-69a0-457c-b6cd-a50cc148b564@group-CAA302CD1894-LeaderElection57: begin an election at term 12 for -1: [b32d7882-88db-4fe6-9cca-6a25122d474d:192.168.157.194:42206, 3aea292b-16fb-4e9b-be90-828afa8e8047:192.168.157.194:34569, a6b2ebfb-69a0-457c-b6cd-a50cc148b564:192.168.157.194:37298], old=null
2019-10-17 02:14:31,675 [grpc-default-executor-1] INFO  impl.RaftServerImpl (RaftServerImpl.java:setRole(184)) - b32d7882-88db-4fe6-9cca-6a25122d474d@group-CAA302CD1894: changes role from  FOLLOWER to FOLLOWER at term 12 for recognizeCandidate:a6b2ebfb-69a0-457c-b6cd-a50cc148b564
2019-10-17 02:14:31,675 [grpc-default-executor-1] INFO  impl.RoleInfo (RoleInfo.java:shutdownFollowerState(121)) - b32d7882-88db-4fe6-9cca-6a25122d474d: shutdown FollowerState
2019-10-17 02:14:31,675 [grpc-default-executor-1] INFO  impl.RoleInfo (RoleInfo.java:updateAndGet(143)) - b32d7882-88db-4fe6-9cca-6a25122d474d: start FollowerState
2019-10-17 02:14:31,675 [Thread-1358] INFO  impl.FollowerState (FollowerState.java:run(117)) - b32d7882-88db-4fe6-9cca-6a25122d474d@group-CAA302CD1894-FollowerState was interrupted: java.lang.InterruptedException: sleep interrupted
2019-10-17 02:14:31,675 [grpc-default-executor-0] INFO  impl.RaftServerImpl (RaftServerImpl.java:setRole(184)) - 3aea292b-16fb-4e9b-be90-828afa8e8047@group-CAA302CD1894: changes role from  FOLLOWER to FOLLOWER at term 12 for recognizeCandidate:a6b2ebfb-69a0-457c-b6cd-a50cc148b564
2019-10-17 02:14:31,676 [grpc-default-executor-0] INFO  impl.RoleInfo (RoleInfo.java:shutdownFollowerState(121)) - 3aea292b-16fb-4e9b-be90-828afa8e8047: shutdown FollowerState
2019-10-17 02:14:31,676 [grpc-default-executor-0] INFO  impl.RoleInfo (RoleInfo.java:updateAndGet(143)) - 3aea292b-16fb-4e9b-be90-828afa8e8047: start FollowerState
2019-10-17 02:14:31,676 [Thread-1359] INFO  impl.FollowerState (FollowerState.java:run(117)) - 3aea292b-16fb-4e9b-be90-828afa8e8047@group-CAA302CD1894-FollowerState was interrupted: java.lang.InterruptedException: sleep interrupted
2019-10-17 02:14:31,692 [a6b2ebfb-69a0-457c-b6cd-a50cc148b564@group-CAA302CD1894-LeaderElection57] INFO  impl.LeaderElection (LeaderElection.java:logAndReturn(56)) - a6b2ebfb-69a0-457c-b6cd-a50cc148b564@group-CAA302CD1894-LeaderElection57: Election REJECTED; received 2 response(s) [a6b2ebfb-69a0-457c-b6cd-a50cc148b564<-b32d7882-88db-4fe6-9cca-6a25122d474d#0:FAIL-t12, a6b2ebfb-69a0-457c-b6cd-a50cc148b564<-3aea292b-16fb-4e9b-be90-828afa8e8047#0:FAIL-t12] and 0 exception(s); a6b2ebfb-69a0-457c-b6cd-a50cc148b564@group-CAA302CD1894:t12, leader=null, voted=a6b2ebfb-69a0-457c-b6cd-a50cc148b564, raftlog=a6b2ebfb-69a0-457c-b6cd-a50cc148b564@group-CAA302CD1894-SegmentedRaftLog:OPENED:c-1,f-1,i0, conf=-1: [b32d7882-88db-4fe6-9cca-6a25122d474d:192.168.157.194:42206, 3aea292b-16fb-4e9b-be90-828afa8e8047:192.168.157.194:34569, a6b2ebfb-69a0-457c-b6cd-a50cc148b564:192.168.157.194:37298], old=null
2019-10-17 02:14:31,692 [a6b2ebfb-69a0-457c-b6cd-a50cc148b564@group-CAA302CD1894-LeaderElection57] INFO  impl.RaftServerImpl (RaftServerImpl.java:setRole(184)) - a6b2ebfb-69a0-457c-b6cd-a50cc148b564@group-CAA302CD1894: changes role from CANDIDATE to FOLLOWER at term 12 for DISCOVERED_A_NEW_TERM
2019-10-17 02:14:31,693 [a6b2ebfb-69a0-457c-b6cd-a50cc148b564@group-CAA302CD1894-LeaderElection57] INFO  impl.RoleInfo (RoleInfo.java:shutdownLeaderElection(134)) - a6b2ebfb-69a0-457c-b6cd-a50cc148b564: shutdown LeaderElection
2019-10-17 02:14:31,693 [a6b2ebfb-69a0-457c-b6cd-a50cc148b564@group-CAA302CD1894-LeaderElection57] INFO  impl.RoleInfo (RoleInfo.java:updateAndGet(143)) - a6b2ebfb-69a0-457c-b6cd-a50cc148b564: start FollowerState
2019-10-17 02:14:31,744 [Thread-1366] INFO  impl.FollowerState (FollowerState.java:run(108)) - a6b2ebfb-69a0-457c-b6cd-a50cc148b564@group-CAA302CD1894-FollowerState: change to CANDIDATE, lastRpcTime:51ms, electionTimeout:51ms
2019-10-17 02:14:31,744 [Thread-1366] INFO  impl.RoleInfo (RoleInfo.java:shutdownFollowerState(121)) - a6b2ebfb-69a0-457c-b6cd-a50cc148b564: shutdown FollowerState
2019-10-17 02:14:31,745 [Thread-1366] INFO  impl.RaftServerImpl (RaftServerImpl.java:setRole(184)) - a6b2ebfb-69a0-457c-b6cd-a50cc148b564@group-CAA302CD1894: changes role from  FOLLOWER to CANDIDATE at term 12 for changeToCandidate
2019-10-17 02:14:31,745 [Thread-1366] INFO  impl.RoleInfo (RoleInfo.java:updateAndGet(143)) - a6b2ebfb-69a0-457c-b6cd-a50cc148b564: start LeaderElection
2019-10-17 02:14:31,760 [a6b2ebfb-69a0-457c-b6cd-a50cc148b564@group-CAA302CD1894-LeaderElection58] INFO  impl.LeaderElection (LeaderElection.java:askForVotes(178)) - a6b2ebfb-69a0-457c-b6cd-a50cc148b564@group-CAA302CD1894-LeaderElection58: begin an election at term 13 for -1: [b32d7882-88db-4fe6-9cca-6a25122d474d:192.168.157.194:42206, 3aea292b-16fb-4e9b-be90-828afa8e8047:192.168.157.194:34569, a6b2ebfb-69a0-457c-b6cd-a50cc148b564:192.168.157.194:37298], old=null
2019-10-17 02:14:31,763 [grpc-default-executor-0] INFO  impl.RaftServerImpl (RaftServerImpl.java:setRole(184)) - b32d7882-88db-4fe6-9cca-6a25122d474d@group-CAA302CD1894: changes role from  FOLLOWER to FOLLOWER at term 13 for recognizeCandidate:a6b2ebfb-69a0-457c-b6cd-a50cc148b564
2019-10-17 02:14:31,763 [grpc-default-executor-0] INFO  impl.RoleInfo (RoleInfo.java:shutdownFollowerState(121)) - b32d7882-88db-4fe6-9cca-6a25122d474d: shutdown FollowerState
2019-10-17 02:14:31,763 [grpc-default-executor-1] INFO  impl.RaftServerImpl (RaftServerImpl.java:setRole(184)) - 3aea292b-16fb-4e9b-be90-828afa8e8047@group-CAA302CD1894: changes role from  FOLLOWER to FOLLOWER at term 13 for recognizeCandidate:a6b2ebfb-69a0-457c-b6cd-a50cc148b564
2019-10-17 02:14:31,763 [Thread-1364] INFO  impl.FollowerState (FollowerState.java:run(117)) - b32d7882-88db-4fe6-9cca-6a25122d474d@group-CAA302CD1894-FollowerState was interrupted: java.lang.InterruptedException: sleep interrupted
2019-10-17 02:14:31,763 [grpc-default-executor-0] INFO  impl.RoleInfo (RoleInfo.java:updateAndGet(143)) - b32d7882-88db-4fe6-9cca-6a25122d474d: start FollowerState
2019-10-17 02:14:31,763 [grpc-default-executor-1] INFO  impl.RoleInfo (RoleInfo.java:shutdownFollowerState(121)) - 3aea292b-16fb-4e9b-be90-828afa8e8047: shutdown FollowerState
2019-10-17 02:14:31,764 [grpc-default-executor-1] INFO  impl.RoleInfo (RoleInfo.java:updateAndGet(143)) - 3aea292b-16fb-4e9b-be90-828afa8e8047: start FollowerState
2019-10-17 02:14:31,764 [Thread-1365] INFO  impl.FollowerState (FollowerState.java:run(117)) - 3aea292b-16fb-4e9b-be90-828afa8e8047@group-CAA302CD1894-FollowerState was interrupted: java.lang.InterruptedException: sleep interrupted
2019-10-17 02:14:31,779 [a6b2ebfb-69a0-457c-b6cd-a50cc148b564@group-CAA302CD1894-LeaderElection58] INFO  impl.LeaderElection (LeaderElection.java:logAndReturn(56)) - a6b2ebfb-69a0-457c-b6cd-a50cc148b564@group-CAA302CD1894-LeaderElection58: Election REJECTED; received 2 response(s) [a6b2ebfb-69a0-457c-b6cd-a50cc148b564<-b32d7882-88db-4fe6-9cca-6a25122d474d#0:FAIL-t13, a6b2ebfb-69a0-457c-b6cd-a50cc148b564<-3aea292b-16fb-4e9b-be90-828afa8e8047#0:FAIL-t13] and 0 exception(s); a6b2ebfb-69a0-457c-b6cd-a50cc148b564@group-CAA302CD1894:t13, leader=null, voted=a6b2ebfb-69a0-457c-b6cd-a50cc148b564, raftlog=a6b2ebfb-69a0-457c-b6cd-a50cc148b564@group-CAA302CD1894-SegmentedRaftLog:OPENED:c-1,f-1,i0, conf=-1: [b32d7882-88db-4fe6-9cca-6a25122d474d:192.168.157.194:42206, 3aea292b-16fb-4e9b-be90-828afa8e8047:192.168.157.194:34569, a6b2ebfb-69a0-457c-b6cd-a50cc148b564:192.168.157.194:37298], old=null
2019-10-17 02:14:31,779 [a6b2ebfb-69a0-457c-b6cd-a50cc148b564@group-CAA302CD1894-LeaderElection58] INFO  impl.RaftServerImpl (RaftServerImpl.java:setRole(184)) - a6b2ebfb-69a0-457c-b6cd-a50cc148b564@group-CAA302CD1894: changes role from CANDIDATE to FOLLOWER at term 13 for DISCOVERED_A_NEW_TERM
2019-10-17 02:14:31,779 [a6b2ebfb-69a0-457c-b6cd-a50cc148b564@group-CAA302CD1894-LeaderElection58] INFO  impl.RoleInfo (RoleInfo.java:shutdownLeaderElection(134)) - a6b2ebfb-69a0-457c-b6cd-a50cc148b564: shutdown LeaderElection
2019-10-17 02:14:31,780 [a6b2ebfb-69a0-457c-b6cd-a50cc148b564@group-CAA302CD1894-LeaderElection58] INFO  impl.RoleInfo (RoleInfo.java:updateAndGet(143)) - a6b2ebfb-69a0-457c-b6cd-a50cc148b564: start FollowerState
2019-10-17 02:14:31,874 [Thread-1372] INFO  impl.FollowerState (FollowerState.java:run(108)) - a6b2ebfb-69a0-457c-b6cd-a50cc148b564@group-CAA302CD1894-FollowerState: change to CANDIDATE, lastRpcTime:94ms, electionTimeout:94ms
2019-10-17 02:14:31,874 [Thread-1372] INFO  impl.RoleInfo (RoleInfo.java:shutdownFollowerState(121)) - a6b2ebfb-69a0-457c-b6cd-a50cc148b564: shutdown FollowerState
2019-10-17 02:14:31,875 [Thread-1372] INFO  impl.RaftServerImpl (RaftServerImpl.java:setRole(184)) - a6b2ebfb-69a0-457c-b6cd-a50cc148b564@group-CAA302CD1894: changes role from  FOLLOWER to CANDIDATE at term 13 for changeToCandidate
2019-10-17 02:14:31,875 [Thread-1372] INFO  impl.RoleInfo (RoleInfo.java:updateAndGet(143)) - a6b2ebfb-69a0-457c-b6cd-a50cc148b564: start LeaderElection
2019-10-17 02:14:31,890 [a6b2ebfb-69a0-457c-b6cd-a50cc148b564@group-CAA302CD1894-LeaderElection59] INFO  impl.LeaderElection (LeaderElection.java:askForVotes(178)) - a6b2ebfb-69a0-457c-b6cd-a50cc148b564@group-CAA302CD1894-LeaderElection59: begin an election at term 14 for -1: [b32d7882-88db-4fe6-9cca-6a25122d474d:192.168.157.194:42206, 3aea292b-16fb-4e9b-be90-828afa8e8047:192.168.157.194:34569, a6b2ebfb-69a0-457c-b6cd-a50cc148b564:192.168.157.194:37298], old=null
2019-10-17 02:14:31,894 [grpc-default-executor-1] INFO  impl.RaftServerImpl (RaftServerImpl.java:setRole(184)) - b32d7882-88db-4fe6-9cca-6a25122d474d@group-CAA302CD1894: changes role from  FOLLOWER to FOLLOWER at term 14 for recognizeCandidate:a6b2ebfb-69a0-457c-b6cd-a50cc148b564
2019-10-17 02:14:31,894 [grpc-default-executor-0] INFO  impl.RaftServerImpl (RaftServerImpl.java:setRole(184)) - 3aea292b-16fb-4e9b-be90-828afa8e8047@group-CAA302CD1894: changes role from  FOLLOWER to FOLLOWER at term 14 for recognizeCandidate:a6b2ebfb-69a0-457c-b6cd-a50cc148b564
2019-10-17 02:14:31,894 [grpc-default-executor-1] INFO  impl.RoleInfo (RoleInfo.java:shutdownFollowerState(121)) - b32d7882-88db-4fe6-9cca-6a25122d474d: shutdown FollowerState
2019-10-17 02:14:31,895 [grpc-default-executor-0] INFO  impl.RoleInfo (RoleInfo.java:shutdownFollowerState(121)) - 3aea292b-16fb-4e9b-be90-828afa8e8047: shutdown FollowerState
2019-10-17 02:14:31,895 [Thread-1370] INFO  impl.FollowerState (FollowerState.java:run(117)) - b32d7882-88db-4fe6-9cca-6a25122d474d@group-CAA302CD1894-FollowerState was interrupted: java.lang.InterruptedException: sleep interrupted
2019-10-17 02:14:31,895 [grpc-default-executor-1] INFO  impl.RoleInfo (RoleInfo.java:updateAndGet(143)) - b32d7882-88db-4fe6-9cca-6a25122d474d: start FollowerState
2019-10-17 02:14:31,895 [Thread-1371] INFO  impl.FollowerState (FollowerState.java:run(117)) - 3aea292b-16fb-4e9b-be90-828afa8e8047@group-CAA302CD1894-FollowerState was interrupted: java.lang.InterruptedException: sleep interrupted
2019-10-17 02:14:31,895 [grpc-default-executor-0] INFO  impl.RoleInfo (RoleInfo.java:updateAndGet(143)) - 3aea292b-16fb-4e9b-be90-828afa8e8047: start FollowerState
2019-10-17 02:14:31,911 [a6b2ebfb-69a0-457c-b6cd-a50cc148b564@group-CAA302CD1894-LeaderElection59] INFO  impl.LeaderElection (LeaderElection.java:logAndReturn(56)) - a6b2ebfb-69a0-457c-b6cd-a50cc148b564@group-CAA302CD1894-LeaderElection59: Election REJECTED; received 2 response(s) [a6b2ebfb-69a0-457c-b6cd-a50cc148b564<-b32d7882-88db-4fe6-9cca-6a25122d474d#0:FAIL-t14, a6b2ebfb-69a0-457c-b6cd-a50cc148b564<-3aea292b-16fb-4e9b-be90-828afa8e8047#0:FAIL-t14] and 0 exception(s); a6b2ebfb-69a0-457c-b6cd-a50cc148b564@group-CAA302CD1894:t14, leader=null, voted=a6b2ebfb-69a0-457c-b6cd-a50cc148b564, raftlog=a6b2ebfb-69a0-457c-b6cd-a50cc148b564@group-CAA302CD1894-SegmentedRaftLog:OPENED:c-1,f-1,i0, conf=-1: [b32d7882-88db-4fe6-9cca-6a25122d474d:192.168.157.194:42206, 3aea292b-16fb-4e9b-be90-828afa8e8047:192.168.157.194:34569, a6b2ebfb-69a0-457c-b6cd-a50cc148b564:192.168.157.194:37298], old=null
2019-10-17 02:14:31,911 [a6b2ebfb-69a0-457c-b6cd-a50cc148b564@group-CAA302CD1894-LeaderElection59] INFO  impl.RaftServerImpl (RaftServerImpl.java:setRole(184)) - a6b2ebfb-69a0-457c-b6cd-a50cc148b564@group-CAA302CD1894: changes role from CANDIDATE to FOLLOWER at term 14 for DISCOVERED_A_NEW_TERM
2019-10-17 02:14:31,911 [a6b2ebfb-69a0-457c-b6cd-a50cc148b564@group-CAA302CD1894-LeaderElection59] INFO  impl.RoleInfo (RoleInfo.java:shutdownLeaderElection(134)) - a6b2ebfb-69a0-457c-b6cd-a50cc148b564: shutdown LeaderElection
2019-10-17 02:14:31,911 [a6b2ebfb-69a0-457c-b6cd-a50cc148b564@group-CAA302CD1894-LeaderElection59] INFO  impl.RoleInfo (RoleInfo.java:updateAndGet(143)) - a6b2ebfb-69a0-457c-b6cd-a50cc148b564: start FollowerState
2019-10-17 02:14:32,080 [Thread-1378] INFO  impl.FollowerState (FollowerState.java:run(108)) - a6b2ebfb-69a0-457c-b6cd-a50cc148b564@group-CAA302CD1894-FollowerState: change to CANDIDATE, lastRpcTime:168ms, electionTimeout:168ms
2019-10-17 02:14:32,080 [Thread-1378] INFO  impl.RoleInfo (RoleInfo.java:shutdownFollowerState(121)) - a6b2ebfb-69a0-457c-b6cd-a50cc148b564: shutdown FollowerState
2019-10-17 02:14:32,080 [Thread-1378] INFO  impl.RaftServerImpl (RaftServerImpl.java:setRole(184)) - a6b2ebfb-69a0-457c-b6cd-a50cc148b564@group-CAA302CD1894: changes role from  FOLLOWER to CANDIDATE at term 14 for changeToCandidate
2019-10-17 02:14:32,080 [Thread-1378] INFO  impl.RoleInfo (RoleInfo.java:updateAndGet(143)) - a6b2ebfb-69a0-457c-b6cd-a50cc148b564: start LeaderElection
2019-10-17 02:14:32,095 [a6b2ebfb-69a0-457c-b6cd-a50cc148b564@group-CAA302CD1894-LeaderElection60] INFO  impl.LeaderElection (LeaderElection.java:askForVotes(178)) - a6b2ebfb-69a0-457c-b6cd-a50cc148b564@group-CAA302CD1894-LeaderElection60: begin an election at term 15 for -1: [b32d7882-88db-4fe6-9cca-6a25122d474d:192.168.157.194:42206, 3aea292b-16fb-4e9b-be90-828afa8e8047:192.168.157.194:34569, a6b2ebfb-69a0-457c-b6cd-a50cc148b564:192.168.157.194:37298], old=null
2019-10-17 02:14:32,098 [grpc-default-executor-1] INFO  impl.RaftServerImpl (RaftServerImpl.java:setRole(184)) - b32d7882-88db-4fe6-9cca-6a25122d474d@group-CAA302CD1894: changes role from  FOLLOWER to FOLLOWER at term 15 for recognizeCandidate:a6b2ebfb-69a0-457c-b6cd-a50cc148b564
2019-10-17 02:14:32,098 [grpc-default-executor-1] INFO  impl.RoleInfo (RoleInfo.java:shutdownFollowerState(121)) - b32d7882-88db-4fe6-9cca-6a25122d474d: shutdown FollowerState
2019-10-17 02:14:32,098 [grpc-default-executor-0] INFO  impl.RaftServerImpl (RaftServerImpl.java:setRole(184)) - 3aea292b-16fb-4e9b-be90-828afa8e8047@group-CAA302CD1894: changes role from  FOLLOWER to FOLLOWER at term 15 for recognizeCandidate:a6b2ebfb-69a0-457c-b6cd-a50cc148b564
2019-10-17 02:14:32,098 [Thread-1376] INFO  impl.FollowerState (FollowerState.java:run(117)) - b32d7882-88db-4fe6-9cca-6a25122d474d@group-CAA302CD1894-FollowerState was interrupted: java.lang.InterruptedException: sleep interrupted
2019-10-17 02:14:32,098 [grpc-default-executor-1] INFO  impl.RoleInfo (RoleInfo.java:updateAndGet(143)) - b32d7882-88db-4fe6-9cca-6a25122d474d: start FollowerState
2019-10-17 02:14:32,098 [grpc-default-executor-0] INFO  impl.RoleInfo (RoleInfo.java:shutdownFollowerState(121)) - 3aea292b-16fb-4e9b-be90-828afa8e8047: shutdown FollowerState
2019-10-17 02:14:32,099 [grpc-default-executor-0] INFO  impl.RoleInfo (RoleInfo.java:updateAndGet(143)) - 3aea292b-16fb-4e9b-be90-828afa8e8047: start FollowerState
2019-10-17 02:14:32,099 [Thread-1377] INFO  impl.FollowerState (FollowerState.java:run(117)) - 3aea292b-16fb-4e9b-be90-828afa8e8047@group-CAA302CD1894-FollowerState was interrupted: java.lang.InterruptedException: sleep interrupted
2019-10-17 02:14:32,114 [a6b2ebfb-69a0-457c-b6cd-a50cc148b564@group-CAA302CD1894-LeaderElection60] INFO  impl.LeaderElection (LeaderElection.java:logAndReturn(56)) - a6b2ebfb-69a0-457c-b6cd-a50cc148b564@group-CAA302CD1894-LeaderElection60: Election REJECTED; received 2 response(s) [a6b2ebfb-69a0-457c-b6cd-a50cc148b564<-b32d7882-88db-4fe6-9cca-6a25122d474d#0:FAIL-t15, a6b2ebfb-69a0-457c-b6cd-a50cc148b564<-3aea292b-16fb-4e9b-be90-828afa8e8047#0:FAIL-t15] and 0 exception(s); a6b2ebfb-69a0-457c-b6cd-a50cc148b564@group-CAA302CD1894:t15, leader=null, voted=a6b2ebfb-69a0-457c-b6cd-a50cc148b564, raftlog=a6b2ebfb-69a0-457c-b6cd-a50cc148b564@group-CAA302CD1894-SegmentedRaftLog:OPENED:c-1,f-1,i0, conf=-1: [b32d7882-88db-4fe6-9cca-6a25122d474d:192.168.157.194:42206, 3aea292b-16fb-4e9b-be90-828afa8e8047:192.168.157.194:34569, a6b2ebfb-69a0-457c-b6cd-a50cc148b564:192.168.157.194:37298], old=null
2019-10-17 02:14:32,115 [a6b2ebfb-69a0-457c-b6cd-a50cc148b564@group-CAA302CD1894-LeaderElection60] INFO  impl.RaftServerImpl (RaftServerImpl.java:setRole(184)) - a6b2ebfb-69a0-457c-b6cd-a50cc148b564@group-CAA302CD1894: changes role from CANDIDATE to FOLLOWER at term 15 for DISCOVERED_A_NEW_TERM
2019-10-17 02:14:32,115 [a6b2ebfb-69a0-457c-b6cd-a50cc148b564@group-CAA302CD1894-LeaderElection60] INFO  impl.RoleInfo (RoleInfo.java:shutdownLeaderElection(134)) - a6b2ebfb-69a0-457c-b6cd-a50cc148b564: shutdown LeaderElection
2019-10-17 02:14:32,115 [a6b2ebfb-69a0-457c-b6cd-a50cc148b564@group-CAA302CD1894-LeaderElection60] INFO  impl.RoleInfo (RoleInfo.java:updateAndGet(143)) - a6b2ebfb-69a0-457c-b6cd-a50cc148b564: start FollowerState
2019-10-17 02:14:32,124 [main] INFO  ozone.MiniOzoneClusterImpl (MiniOzoneClusterImpl.java:lambda$waitForClusterToBeReady$2(164)) - Waiting for 1 number of pipelines out of 4, to report a leader.
2019-10-17 02:14:32,216 [Thread-1384] INFO  impl.FollowerState (FollowerState.java:run(108)) - a6b2ebfb-69a0-457c-b6cd-a50cc148b564@group-CAA302CD1894-FollowerState: change to CANDIDATE, lastRpcTime:101ms, electionTimeout:101ms
2019-10-17 02:14:32,217 [Thread-1384] INFO  impl.RoleInfo (RoleInfo.java:shutdownFollowerState(121)) - a6b2ebfb-69a0-457c-b6cd-a50cc148b564: shutdown FollowerState
2019-10-17 02:14:32,217 [Thread-1384] INFO  impl.RaftServerImpl (RaftServerImpl.java:setRole(184)) - a6b2ebfb-69a0-457c-b6cd-a50cc148b564@group-CAA302CD1894: changes role from  FOLLOWER to CANDIDATE at term 15 for changeToCandidate
2019-10-17 02:14:32,217 [Thread-1384] INFO  impl.RoleInfo (RoleInfo.java:updateAndGet(143)) - a6b2ebfb-69a0-457c-b6cd-a50cc148b564: start LeaderElection
2019-10-17 02:14:32,231 [a6b2ebfb-69a0-457c-b6cd-a50cc148b564@group-CAA302CD1894-LeaderElection61] INFO  impl.LeaderElection (LeaderElection.java:askForVotes(178)) - a6b2ebfb-69a0-457c-b6cd-a50cc148b564@group-CAA302CD1894-LeaderElection61: begin an election at term 16 for -1: [b32d7882-88db-4fe6-9cca-6a25122d474d:192.168.157.194:42206, 3aea292b-16fb-4e9b-be90-828afa8e8047:192.168.157.194:34569, a6b2ebfb-69a0-457c-b6cd-a50cc148b564:192.168.157.194:37298], old=null
2019-10-17 02:14:32,235 [grpc-default-executor-0] INFO  impl.RaftServerImpl (RaftServerImpl.java:setRole(184)) - 3aea292b-16fb-4e9b-be90-828afa8e8047@group-CAA302CD1894: changes role from  FOLLOWER to FOLLOWER at term 16 for recognizeCandidate:a6b2ebfb-69a0-457c-b6cd-a50cc148b564
2019-10-17 02:14:32,235 [grpc-default-executor-1] INFO  impl.RaftServerImpl (RaftServerImpl.java:setRole(184)) - b32d7882-88db-4fe6-9cca-6a25122d474d@group-CAA302CD1894: changes role from  FOLLOWER to FOLLOWER at term 16 for recognizeCandidate:a6b2ebfb-69a0-457c-b6cd-a50cc148b564
2019-10-17 02:14:32,235 [grpc-default-executor-0] INFO  impl.RoleInfo (RoleInfo.java:shutdownFollowerState(121)) - 3aea292b-16fb-4e9b-be90-828afa8e8047: shutdown FollowerState
2019-10-17 02:14:32,235 [grpc-default-executor-1] INFO  impl.RoleInfo (RoleInfo.java:shutdownFollowerState(121)) - b32d7882-88db-4fe6-9cca-6a25122d474d: shutdown FollowerState
2019-10-17 02:14:32,235 [Thread-1383] INFO  impl.FollowerState (FollowerState.java:run(117)) - 3aea292b-16fb-4e9b-be90-828afa8e8047@group-CAA302CD1894-FollowerState was interrupted: java.lang.InterruptedException: sleep interrupted
2019-10-17 02:14:32,235 [grpc-default-executor-0] INFO  impl.RoleInfo (RoleInfo.java:updateAndGet(143)) - 3aea292b-16fb-4e9b-be90-828afa8e8047: start FollowerState
2019-10-17 02:14:32,236 [Thread-1382] INFO  impl.FollowerState (FollowerState.java:run(117)) - b32d7882-88db-4fe6-9cca-6a25122d474d@group-CAA302CD1894-FollowerState was interrupted: java.lang.InterruptedException: sleep interrupted
2019-10-17 02:14:32,236 [grpc-default-executor-1] INFO  impl.RoleInfo (RoleInfo.java:updateAndGet(143)) - b32d7882-88db-4fe6-9cca-6a25122d474d: start FollowerState
2019-10-17 02:14:32,252 [a6b2ebfb-69a0-457c-b6cd-a50cc148b564@group-CAA302CD1894-LeaderElection61] INFO  impl.LeaderElection (LeaderElection.java:logAndReturn(56)) - a6b2ebfb-69a0-457c-b6cd-a50cc148b564@group-CAA302CD1894-LeaderElection61: Election REJECTED; received 2 response(s) [a6b2ebfb-69a0-457c-b6cd-a50cc148b564<-b32d7882-88db-4fe6-9cca-6a25122d474d#0:FAIL-t16, a6b2ebfb-69a0-457c-b6cd-a50cc148b564<-3aea292b-16fb-4e9b-be90-828afa8e8047#0:FAIL-t16] and 0 exception(s); a6b2ebfb-69a0-457c-b6cd-a50cc148b564@group-CAA302CD1894:t16, leader=null, voted=a6b2ebfb-69a0-457c-b6cd-a50cc148b564, raftlog=a6b2ebfb-69a0-457c-b6cd-a50cc148b564@group-CAA302CD1894-SegmentedRaftLog:OPENED:c-1,f-1,i0, conf=-1: [b32d7882-88db-4fe6-9cca-6a25122d474d:192.168.157.194:42206, 3aea292b-16fb-4e9b-be90-828afa8e8047:192.168.157.194:34569, a6b2ebfb-69a0-457c-b6cd-a50cc148b564:192.168.157.194:37298], old=null
2019-10-17 02:14:32,252 [a6b2ebfb-69a0-457c-b6cd-a50cc148b564@group-CAA302CD1894-LeaderElection61] INFO  impl.RaftServerImpl (RaftServerImpl.java:setRole(184)) - a6b2ebfb-69a0-457c-b6cd-a50cc148b564@group-CAA302CD1894: changes role from CANDIDATE to FOLLOWER at term 16 for DISCOVERED_A_NEW_TERM
2019-10-17 02:14:32,252 [a6b2ebfb-69a0-457c-b6cd-a50cc148b564@group-CAA302CD1894-LeaderElection61] INFO  impl.RoleInfo (RoleInfo.java:shutdownLeaderElection(134)) - a6b2ebfb-69a0-457c-b6cd-a50cc148b564: shutdown LeaderElection
2019-10-17 02:14:32,253 [a6b2ebfb-69a0-457c-b6cd-a50cc148b564@group-CAA302CD1894-LeaderElection61] INFO  impl.RoleInfo (RoleInfo.java:updateAndGet(143)) - a6b2ebfb-69a0-457c-b6cd-a50cc148b564: start FollowerState
2019-10-17 02:14:32,361 [Thread-1390] INFO  impl.FollowerState (FollowerState.java:run(108)) - a6b2ebfb-69a0-457c-b6cd-a50cc148b564@group-CAA302CD1894-FollowerState: change to CANDIDATE, lastRpcTime:108ms, electionTimeout:108ms
2019-10-17 02:14:32,361 [Thread-1390] INFO  impl.RoleInfo (RoleInfo.java:shutdownFollowerState(121)) - a6b2ebfb-69a0-457c-b6cd-a50cc148b564: shutdown FollowerState
2019-10-17 02:14:32,361 [Thread-1390] INFO  impl.RaftServerImpl (RaftServerImpl.java:setRole(184)) - a6b2ebfb-69a0-457c-b6cd-a50cc148b564@group-CAA302CD1894: changes role from  FOLLOWER to CANDIDATE at term 16 for changeToCandidate
2019-10-17 02:14:32,362 [Thread-1390] INFO  impl.RoleInfo (RoleInfo.java:updateAndGet(143)) - a6b2ebfb-69a0-457c-b6cd-a50cc148b564: start LeaderElection
2019-10-17 02:14:32,375 [a6b2ebfb-69a0-457c-b6cd-a50cc148b564@group-CAA302CD1894-LeaderElection62] INFO  impl.LeaderElection (LeaderElection.java:askForVotes(178)) - a6b2ebfb-69a0-457c-b6cd-a50cc148b564@group-CAA302CD1894-LeaderElection62: begin an election at term 17 for -1: [b32d7882-88db-4fe6-9cca-6a25122d474d:192.168.157.194:42206, 3aea292b-16fb-4e9b-be90-828afa8e8047:192.168.157.194:34569, a6b2ebfb-69a0-457c-b6cd-a50cc148b564:192.168.157.194:37298], old=null
2019-10-17 02:14:32,379 [grpc-default-executor-0] INFO  impl.RaftServerImpl (RaftServerImpl.java:setRole(184)) - b32d7882-88db-4fe6-9cca-6a25122d474d@group-CAA302CD1894: changes role from  FOLLOWER to FOLLOWER at term 17 for recognizeCandidate:a6b2ebfb-69a0-457c-b6cd-a50cc148b564
2019-10-17 02:14:32,379 [grpc-default-executor-0] INFO  impl.RoleInfo (RoleInfo.java:shutdownFollowerState(121)) - b32d7882-88db-4fe6-9cca-6a25122d474d: shutdown FollowerState
2019-10-17 02:14:32,379 [grpc-default-executor-1] INFO  impl.RaftServerImpl (RaftServerImpl.java:setRole(184)) - 3aea292b-16fb-4e9b-be90-828afa8e8047@group-CAA302CD1894: changes role from  FOLLOWER to FOLLOWER at term 17 for recognizeCandidate:a6b2ebfb-69a0-457c-b6cd-a50cc148b564
2019-10-17 02:14:32,379 [Thread-1389] INFO  impl.FollowerState (FollowerState.java:run(117)) - b32d7882-88db-4fe6-9cca-6a25122d474d@group-CAA302CD1894-FollowerState was interrupted: java.lang.InterruptedException: sleep interrupted
2019-10-17 02:14:32,379 [grpc-default-executor-0] INFO  impl.RoleInfo (RoleInfo.java:updateAndGet(143)) - b32d7882-88db-4fe6-9cca-6a25122d474d: start FollowerState
2019-10-17 02:14:32,379 [grpc-default-executor-1] INFO  impl.RoleInfo (RoleInfo.java:shutdownFollowerState(121)) - 3aea292b-16fb-4e9b-be90-828afa8e8047: shutdown FollowerState
2019-10-17 02:14:32,380 [grpc-default-executor-1] INFO  impl.RoleInfo (RoleInfo.java:updateAndGet(143)) - 3aea292b-16fb-4e9b-be90-828afa8e8047: start FollowerState
2019-10-17 02:14:32,380 [Thread-1388] INFO  impl.FollowerState (FollowerState.java:run(117)) - 3aea292b-16fb-4e9b-be90-828afa8e8047@group-CAA302CD1894-FollowerState was interrupted: java.lang.InterruptedException: sleep interrupted
2019-10-17 02:14:32,395 [a6b2ebfb-69a0-457c-b6cd-a50cc148b564@group-CAA302CD1894-LeaderElection62] INFO  impl.LeaderElection (LeaderElection.java:logAndReturn(56)) - a6b2ebfb-69a0-457c-b6cd-a50cc148b564@group-CAA302CD1894-LeaderElection62: Election REJECTED; received 2 response(s) [a6b2ebfb-69a0-457c-b6cd-a50cc148b564<-b32d7882-88db-4fe6-9cca-6a25122d474d#0:FAIL-t17, a6b2ebfb-69a0-457c-b6cd-a50cc148b564<-3aea292b-16fb-4e9b-be90-828afa8e8047#0:FAIL-t17] and 0 exception(s); a6b2ebfb-69a0-457c-b6cd-a50cc148b564@group-CAA302CD1894:t17, leader=null, voted=a6b2ebfb-69a0-457c-b6cd-a50cc148b564, raftlog=a6b2ebfb-69a0-457c-b6cd-a50cc148b564@group-CAA302CD1894-SegmentedRaftLog:OPENED:c-1,f-1,i0, conf=-1: [b32d7882-88db-4fe6-9cca-6a25122d474d:192.168.157.194:42206, 3aea292b-16fb-4e9b-be90-828afa8e8047:192.168.157.194:34569, a6b2ebfb-69a0-457c-b6cd-a50cc148b564:192.168.157.194:37298], old=null
2019-10-17 02:14:32,395 [a6b2ebfb-69a0-457c-b6cd-a50cc148b564@group-CAA302CD1894-LeaderElection62] INFO  impl.RaftServerImpl (RaftServerImpl.java:setRole(184)) - a6b2ebfb-69a0-457c-b6cd-a50cc148b564@group-CAA302CD1894: changes role from CANDIDATE to FOLLOWER at term 17 for DISCOVERED_A_NEW_TERM
2019-10-17 02:14:32,395 [a6b2ebfb-69a0-457c-b6cd-a50cc148b564@group-CAA302CD1894-LeaderElection62] INFO  impl.RoleInfo (RoleInfo.java:shutdownLeaderElection(134)) - a6b2ebfb-69a0-457c-b6cd-a50cc148b564: shutdown LeaderElection
2019-10-17 02:14:32,396 [a6b2ebfb-69a0-457c-b6cd-a50cc148b564@group-CAA302CD1894-LeaderElection62] INFO  impl.RoleInfo (RoleInfo.java:updateAndGet(143)) - a6b2ebfb-69a0-457c-b6cd-a50cc148b564: start FollowerState
2019-10-17 02:14:32,581 [Thread-1396] INFO  impl.FollowerState (FollowerState.java:run(108)) - a6b2ebfb-69a0-457c-b6cd-a50cc148b564@group-CAA302CD1894-FollowerState: change to CANDIDATE, lastRpcTime:185ms, electionTimeout:185ms
2019-10-17 02:14:32,581 [Thread-1396] INFO  impl.RoleInfo (RoleInfo.java:shutdownFollowerState(121)) - a6b2ebfb-69a0-457c-b6cd-a50cc148b564: shutdown FollowerState
2019-10-17 02:14:32,581 [Thread-1396] INFO  impl.RaftServerImpl (RaftServerImpl.java:setRole(184)) - a6b2ebfb-69a0-457c-b6cd-a50cc148b564@group-CAA302CD1894: changes role from  FOLLOWER to CANDIDATE at term 17 for changeToCandidate
2019-10-17 02:14:32,582 [Thread-1396] INFO  impl.RoleInfo (RoleInfo.java:updateAndGet(143)) - a6b2ebfb-69a0-457c-b6cd-a50cc148b564: start LeaderElection
2019-10-17 02:14:32,595 [a6b2ebfb-69a0-457c-b6cd-a50cc148b564@group-CAA302CD1894-LeaderElection63] INFO  impl.LeaderElection (LeaderElection.java:askForVotes(178)) - a6b2ebfb-69a0-457c-b6cd-a50cc148b564@group-CAA302CD1894-LeaderElection63: begin an election at term 18 for -1: [b32d7882-88db-4fe6-9cca-6a25122d474d:192.168.157.194:42206, 3aea292b-16fb-4e9b-be90-828afa8e8047:192.168.157.194:34569, a6b2ebfb-69a0-457c-b6cd-a50cc148b564:192.168.157.194:37298], old=null
2019-10-17 02:14:32,599 [grpc-default-executor-0] INFO  impl.RaftServerImpl (RaftServerImpl.java:setRole(184)) - 3aea292b-16fb-4e9b-be90-828afa8e8047@group-CAA302CD1894: changes role from  FOLLOWER to FOLLOWER at term 18 for recognizeCandidate:a6b2ebfb-69a0-457c-b6cd-a50cc148b564
2019-10-17 02:14:32,599 [grpc-default-executor-0] INFO  impl.RoleInfo (RoleInfo.java:shutdownFollowerState(121)) - 3aea292b-16fb-4e9b-be90-828afa8e8047: shutdown FollowerState
2019-10-17 02:14:32,599 [grpc-default-executor-1] INFO  impl.RaftServerImpl (RaftServerImpl.java:setRole(184)) - b32d7882-88db-4fe6-9cca-6a25122d474d@group-CAA302CD1894: changes role from  FOLLOWER to FOLLOWER at term 18 for recognizeCandidate:a6b2ebfb-69a0-457c-b6cd-a50cc148b564
2019-10-17 02:14:32,599 [Thread-1395] INFO  impl.FollowerState (FollowerState.java:run(117)) - 3aea292b-16fb-4e9b-be90-828afa8e8047@group-CAA302CD1894-FollowerState was interrupted: java.lang.InterruptedException: sleep interrupted
2019-10-17 02:14:32,599 [grpc-default-executor-0] INFO  impl.RoleInfo (RoleInfo.java:updateAndGet(143)) - 3aea292b-16fb-4e9b-be90-828afa8e8047: start FollowerState
2019-10-17 02:14:32,599 [grpc-default-executor-1] INFO  impl.RoleInfo (RoleInfo.java:shutdownFollowerState(121)) - b32d7882-88db-4fe6-9cca-6a25122d474d: shutdown FollowerState
2019-10-17 02:14:32,600 [grpc-default-executor-1] INFO  impl.RoleInfo (RoleInfo.java:updateAndGet(143)) - b32d7882-88db-4fe6-9cca-6a25122d474d: start FollowerState
2019-10-17 02:14:32,600 [Thread-1394] INFO  impl.FollowerState (FollowerState.java:run(117)) - b32d7882-88db-4fe6-9cca-6a25122d474d@group-CAA302CD1894-FollowerState was interrupted: java.lang.InterruptedException: sleep interrupted
2019-10-17 02:14:32,609 [a6b2ebfb-69a0-457c-b6cd-a50cc148b564@group-CAA302CD1894-LeaderElection63] INFO  impl.LeaderElection (LeaderElection.java:logAndReturn(56)) - a6b2ebfb-69a0-457c-b6cd-a50cc148b564@group-CAA302CD1894-LeaderElection63: Election TIMEOUT; received 0 response(s) [] and 0 exception(s); a6b2ebfb-69a0-457c-b6cd-a50cc148b564@group-CAA302CD1894:t18, leader=null, voted=a6b2ebfb-69a0-457c-b6cd-a50cc148b564, raftlog=a6b2ebfb-69a0-457c-b6cd-a50cc148b564@group-CAA302CD1894-SegmentedRaftLog:OPENED:c-1,f-1,i0, conf=-1: [b32d7882-88db-4fe6-9cca-6a25122d474d:192.168.157.194:42206, 3aea292b-16fb-4e9b-be90-828afa8e8047:192.168.157.194:34569, a6b2ebfb-69a0-457c-b6cd-a50cc148b564:192.168.157.194:37298], old=null
2019-10-17 02:14:32,614 [a6b2ebfb-69a0-457c-b6cd-a50cc148b564@group-CAA302CD1894-LeaderElection63] INFO  impl.LeaderElection (LeaderElection.java:askForVotes(178)) - a6b2ebfb-69a0-457c-b6cd-a50cc148b564@group-CAA302CD1894-LeaderElection63: begin an election at term 19 for -1: [b32d7882-88db-4fe6-9cca-6a25122d474d:192.168.157.194:42206, 3aea292b-16fb-4e9b-be90-828afa8e8047:192.168.157.194:34569, a6b2ebfb-69a0-457c-b6cd-a50cc148b564:192.168.157.194:37298], old=null
2019-10-17 02:14:32,616 [grpc-default-executor-1] INFO  impl.RaftServerImpl (RaftServerImpl.java:setRole(184)) - b32d7882-88db-4fe6-9cca-6a25122d474d@group-CAA302CD1894: changes role from  FOLLOWER to FOLLOWER at term 19 for recognizeCandidate:a6b2ebfb-69a0-457c-b6cd-a50cc148b564
2019-10-17 02:14:32,616 [grpc-default-executor-0] INFO  impl.RaftServerImpl (RaftServerImpl.java:setRole(184)) - 3aea292b-16fb-4e9b-be90-828afa8e8047@group-CAA302CD1894: changes role from  FOLLOWER to FOLLOWER at term 19 for recognizeCandidate:a6b2ebfb-69a0-457c-b6cd-a50cc148b564
2019-10-17 02:14:32,616 [grpc-default-executor-1] INFO  impl.RoleInfo (RoleInfo.java:shutdownFollowerState(121)) - b32d7882-88db-4fe6-9cca-6a25122d474d: shutdown FollowerState
2019-10-17 02:14:32,616 [grpc-default-executor-0] INFO  impl.RoleInfo (RoleInfo.java:shutdownFollowerState(121)) - 3aea292b-16fb-4e9b-be90-828afa8e8047: shutdown FollowerState
2019-10-17 02:14:32,617 [Thread-1401] INFO  impl.FollowerState (FollowerState.java:run(117)) - b32d7882-88db-4fe6-9cca-6a25122d474d@group-CAA302CD1894-FollowerState was interrupted: java.lang.InterruptedException: sleep interrupted
2019-10-17 02:14:32,617 [grpc-default-executor-1] INFO  impl.RoleInfo (RoleInfo.java:updateAndGet(143)) - b32d7882-88db-4fe6-9cca-6a25122d474d: start FollowerState
2019-10-17 02:14:32,617 [Thread-1400] INFO  impl.FollowerState (FollowerState.java:run(117)) - 3aea292b-16fb-4e9b-be90-828afa8e8047@group-CAA302CD1894-FollowerState was interrupted: java.lang.InterruptedException: sleep interrupted
2019-10-17 02:14:32,617 [grpc-default-executor-0] INFO  impl.RoleInfo (RoleInfo.java:updateAndGet(143)) - 3aea292b-16fb-4e9b-be90-828afa8e8047: start FollowerState
2019-10-17 02:14:32,632 [a6b2ebfb-69a0-457c-b6cd-a50cc148b564@group-CAA302CD1894-LeaderElection63] INFO  impl.LeaderElection (LeaderElection.java:logAndReturn(56)) - a6b2ebfb-69a0-457c-b6cd-a50cc148b564@group-CAA302CD1894-LeaderElection63: Election REJECTED; received 2 response(s) [a6b2ebfb-69a0-457c-b6cd-a50cc148b564<-b32d7882-88db-4fe6-9cca-6a25122d474d#0:FAIL-t19, a6b2ebfb-69a0-457c-b6cd-a50cc148b564<-3aea292b-16fb-4e9b-be90-828afa8e8047#0:FAIL-t19] and 0 exception(s); a6b2ebfb-69a0-457c-b6cd-a50cc148b564@group-CAA302CD1894:t19, leader=null, voted=a6b2ebfb-69a0-457c-b6cd-a50cc148b564, raftlog=a6b2ebfb-69a0-457c-b6cd-a50cc148b564@group-CAA302CD1894-SegmentedRaftLog:OPENED:c-1,f-1,i0, conf=-1: [b32d7882-88db-4fe6-9cca-6a25122d474d:192.168.157.194:42206, 3aea292b-16fb-4e9b-be90-828afa8e8047:192.168.157.194:34569, a6b2ebfb-69a0-457c-b6cd-a50cc148b564:192.168.157.194:37298], old=null
2019-10-17 02:14:32,632 [a6b2ebfb-69a0-457c-b6cd-a50cc148b564@group-CAA302CD1894-LeaderElection63] INFO  impl.RaftServerImpl (RaftServerImpl.java:setRole(184)) - a6b2ebfb-69a0-457c-b6cd-a50cc148b564@group-CAA302CD1894: changes role from CANDIDATE to FOLLOWER at term 19 for DISCOVERED_A_NEW_TERM
2019-10-17 02:14:32,632 [a6b2ebfb-69a0-457c-b6cd-a50cc148b564@group-CAA302CD1894-LeaderElection63] INFO  impl.RoleInfo (RoleInfo.java:shutdownLeaderElection(134)) - a6b2ebfb-69a0-457c-b6cd-a50cc148b564: shutdown LeaderElection
2019-10-17 02:14:32,632 [a6b2ebfb-69a0-457c-b6cd-a50cc148b564@group-CAA302CD1894-LeaderElection63] INFO  impl.RoleInfo (RoleInfo.java:updateAndGet(143)) - a6b2ebfb-69a0-457c-b6cd-a50cc148b564: start FollowerState
2019-10-17 02:14:32,682 [Thread-1406] INFO  impl.FollowerState (FollowerState.java:run(108)) - a6b2ebfb-69a0-457c-b6cd-a50cc148b564@group-CAA302CD1894-FollowerState: change to CANDIDATE, lastRpcTime:49ms, electionTimeout:49ms
2019-10-17 02:14:32,682 [Thread-1406] INFO  impl.RoleInfo (RoleInfo.java:shutdownFollowerState(121)) - a6b2ebfb-69a0-457c-b6cd-a50cc148b564: shutdown FollowerState
2019-10-17 02:14:32,682 [Thread-1406] INFO  impl.RaftServerImpl (RaftServerImpl.java:setRole(184)) - a6b2ebfb-69a0-457c-b6cd-a50cc148b564@group-CAA302CD1894: changes role from  FOLLOWER to CANDIDATE at term 19 for changeToCandidate
2019-10-17 02:14:32,683 [Thread-1406] INFO  impl.RoleInfo (RoleInfo.java:updateAndGet(143)) - a6b2ebfb-69a0-457c-b6cd-a50cc148b564: start LeaderElection
2019-10-17 02:14:32,696 [a6b2ebfb-69a0-457c-b6cd-a50cc148b564@group-CAA302CD1894-LeaderElection64] INFO  impl.LeaderElection (LeaderElection.java:askForVotes(178)) - a6b2ebfb-69a0-457c-b6cd-a50cc148b564@group-CAA302CD1894-LeaderElection64: begin an election at term 20 for -1: [b32d7882-88db-4fe6-9cca-6a25122d474d:192.168.157.194:42206, 3aea292b-16fb-4e9b-be90-828afa8e8047:192.168.157.194:34569, a6b2ebfb-69a0-457c-b6cd-a50cc148b564:192.168.157.194:37298], old=null
2019-10-17 02:14:32,699 [grpc-default-executor-1] INFO  impl.RaftServerImpl (RaftServerImpl.java:setRole(184)) - b32d7882-88db-4fe6-9cca-6a25122d474d@group-CAA302CD1894: changes role from  FOLLOWER to FOLLOWER at term 20 for recognizeCandidate:a6b2ebfb-69a0-457c-b6cd-a50cc148b564
2019-10-17 02:14:32,699 [grpc-default-executor-0] INFO  impl.RaftServerImpl (RaftServerImpl.java:setRole(184)) - 3aea292b-16fb-4e9b-be90-828afa8e8047@group-CAA302CD1894: changes role from  FOLLOWER to FOLLOWER at term 20 for recognizeCandidate:a6b2ebfb-69a0-457c-b6cd-a50cc148b564
2019-10-17 02:14:32,700 [grpc-default-executor-1] INFO  impl.RoleInfo (RoleInfo.java:shutdownFollowerState(121)) - b32d7882-88db-4fe6-9cca-6a25122d474d: shutdown FollowerState
2019-10-17 02:14:32,700 [grpc-default-executor-0] INFO  impl.RoleInfo (RoleInfo.java:shutdownFollowerState(121)) - 3aea292b-16fb-4e9b-be90-828afa8e8047: shutdown FollowerState
2019-10-17 02:14:32,700 [grpc-default-executor-1] INFO  impl.RoleInfo (RoleInfo.java:updateAndGet(143)) - b32d7882-88db-4fe6-9cca-6a25122d474d: start FollowerState
2019-10-17 02:14:32,700 [Thread-1404] INFO  impl.FollowerState (FollowerState.java:run(117)) - b32d7882-88db-4fe6-9cca-6a25122d474d@group-CAA302CD1894-FollowerState was interrupted: java.lang.InterruptedException: sleep interrupted
2019-10-17 02:14:32,700 [grpc-default-executor-0] INFO  impl.RoleInfo (RoleInfo.java:updateAndGet(143)) - 3aea292b-16fb-4e9b-be90-828afa8e8047: start FollowerState
2019-10-17 02:14:32,700 [Thread-1405] INFO  impl.FollowerState (FollowerState.java:run(117)) - 3aea292b-16fb-4e9b-be90-828afa8e8047@group-CAA302CD1894-FollowerState was interrupted: java.lang.InterruptedException: sleep interrupted
2019-10-17 02:14:32,716 [a6b2ebfb-69a0-457c-b6cd-a50cc148b564@group-CAA302CD1894-LeaderElection64] INFO  impl.LeaderElection (LeaderElection.java:logAndReturn(56)) - a6b2ebfb-69a0-457c-b6cd-a50cc148b564@group-CAA302CD1894-LeaderElection64: Election REJECTED; received 2 response(s) [a6b2ebfb-69a0-457c-b6cd-a50cc148b564<-b32d7882-88db-4fe6-9cca-6a25122d474d#0:FAIL-t20, a6b2ebfb-69a0-457c-b6cd-a50cc148b564<-3aea292b-16fb-4e9b-be90-828afa8e8047#0:FAIL-t20] and 0 exception(s); a6b2ebfb-69a0-457c-b6cd-a50cc148b564@group-CAA302CD1894:t20, leader=null, voted=a6b2ebfb-69a0-457c-b6cd-a50cc148b564, raftlog=a6b2ebfb-69a0-457c-b6cd-a50cc148b564@group-CAA302CD1894-SegmentedRaftLog:OPENED:c-1,f-1,i0, conf=-1: [b32d7882-88db-4fe6-9cca-6a25122d474d:192.168.157.194:42206, 3aea292b-16fb-4e9b-be90-828afa8e8047:192.168.157.194:34569, a6b2ebfb-69a0-457c-b6cd-a50cc148b564:192.168.157.194:37298], old=null
2019-10-17 02:14:32,717 [a6b2ebfb-69a0-457c-b6cd-a50cc148b564@group-CAA302CD1894-LeaderElection64] INFO  impl.RaftServerImpl (RaftServerImpl.java:setRole(184)) - a6b2ebfb-69a0-457c-b6cd-a50cc148b564@group-CAA302CD1894: changes role from CANDIDATE to FOLLOWER at term 20 for DISCOVERED_A_NEW_TERM
2019-10-17 02:14:32,717 [a6b2ebfb-69a0-457c-b6cd-a50cc148b564@group-CAA302CD1894-LeaderElection64] INFO  impl.RoleInfo (RoleInfo.java:shutdownLeaderElection(134)) - a6b2ebfb-69a0-457c-b6cd-a50cc148b564: shutdown LeaderElection
2019-10-17 02:14:32,717 [a6b2ebfb-69a0-457c-b6cd-a50cc148b564@group-CAA302CD1894-LeaderElection64] INFO  impl.RoleInfo (RoleInfo.java:updateAndGet(143)) - a6b2ebfb-69a0-457c-b6cd-a50cc148b564: start FollowerState
2019-10-17 02:14:32,729 [Thread-1412] INFO  impl.FollowerState (FollowerState.java:run(108)) - a6b2ebfb-69a0-457c-b6cd-a50cc148b564@group-CAA302CD1894-FollowerState: change to CANDIDATE, lastRpcTime:12ms, electionTimeout:12ms
2019-10-17 02:14:32,729 [Thread-1412] INFO  impl.RoleInfo (RoleInfo.java:shutdownFollowerState(121)) - a6b2ebfb-69a0-457c-b6cd-a50cc148b564: shutdown FollowerState
2019-10-17 02:14:32,730 [Thread-1412] INFO  impl.RaftServerImpl (RaftServerImpl.java:setRole(184)) - a6b2ebfb-69a0-457c-b6cd-a50cc148b564@group-CAA302CD1894: changes role from  FOLLOWER to CANDIDATE at term 20 for changeToCandidate
2019-10-17 02:14:32,730 [Thread-1412] INFO  impl.RoleInfo (RoleInfo.java:updateAndGet(143)) - a6b2ebfb-69a0-457c-b6cd-a50cc148b564: start LeaderElection
2019-10-17 02:14:32,744 [a6b2ebfb-69a0-457c-b6cd-a50cc148b564@group-CAA302CD1894-LeaderElection65] INFO  impl.LeaderElection (LeaderElection.java:askForVotes(178)) - a6b2ebfb-69a0-457c-b6cd-a50cc148b564@group-CAA302CD1894-LeaderElection65: begin an election at term 21 for -1: [b32d7882-88db-4fe6-9cca-6a25122d474d:192.168.157.194:42206, 3aea292b-16fb-4e9b-be90-828afa8e8047:192.168.157.194:34569, a6b2ebfb-69a0-457c-b6cd-a50cc148b564:192.168.157.194:37298], old=null
2019-10-17 02:14:32,747 [grpc-default-executor-0] INFO  impl.RaftServerImpl (RaftServerImpl.java:setRole(184)) - 3aea292b-16fb-4e9b-be90-828afa8e8047@group-CAA302CD1894: changes role from  FOLLOWER to FOLLOWER at term 21 for recognizeCandidate:a6b2ebfb-69a0-457c-b6cd-a50cc148b564
2019-10-17 02:14:32,747 [grpc-default-executor-1] INFO  impl.RaftServerImpl (RaftServerImpl.java:setRole(184)) - b32d7882-88db-4fe6-9cca-6a25122d474d@group-CAA302CD1894: changes role from  FOLLOWER to FOLLOWER at term 21 for recognizeCandidate:a6b2ebfb-69a0-457c-b6cd-a50cc148b564
2019-10-17 02:14:32,747 [grpc-default-executor-0] INFO  impl.RoleInfo (RoleInfo.java:shutdownFollowerState(121)) - 3aea292b-16fb-4e9b-be90-828afa8e8047: shutdown FollowerState
2019-10-17 02:14:32,747 [grpc-default-executor-1] INFO  impl.RoleInfo (RoleInfo.java:shutdownFollowerState(121)) - b32d7882-88db-4fe6-9cca-6a25122d474d: shutdown FollowerState
2019-10-17 02:14:32,748 [grpc-default-executor-0] INFO  impl.RoleInfo (RoleInfo.java:updateAndGet(143)) - 3aea292b-16fb-4e9b-be90-828afa8e8047: start FollowerState
2019-10-17 02:14:32,748 [Thread-1411] INFO  impl.FollowerState (FollowerState.java:run(117)) - 3aea292b-16fb-4e9b-be90-828afa8e8047@group-CAA302CD1894-FollowerState was interrupted: java.lang.InterruptedException: sleep interrupted
2019-10-17 02:14:32,748 [Thread-1410] INFO  impl.FollowerState (FollowerState.java:run(117)) - b32d7882-88db-4fe6-9cca-6a25122d474d@group-CAA302CD1894-FollowerState was interrupted: java.lang.InterruptedException: sleep interrupted
2019-10-17 02:14:32,748 [grpc-default-executor-1] INFO  impl.RoleInfo (RoleInfo.java:updateAndGet(143)) - b32d7882-88db-4fe6-9cca-6a25122d474d: start FollowerState
2019-10-17 02:14:32,763 [a6b2ebfb-69a0-457c-b6cd-a50cc148b564@group-CAA302CD1894-LeaderElection65] INFO  impl.LeaderElection (LeaderElection.java:logAndReturn(56)) - a6b2ebfb-69a0-457c-b6cd-a50cc148b564@group-CAA302CD1894-LeaderElection65: Election REJECTED; received 2 response(s) [a6b2ebfb-69a0-457c-b6cd-a50cc148b564<-b32d7882-88db-4fe6-9cca-6a25122d474d#0:FAIL-t21, a6b2ebfb-69a0-457c-b6cd-a50cc148b564<-3aea292b-16fb-4e9b-be90-828afa8e8047#0:FAIL-t21] and 0 exception(s); a6b2ebfb-69a0-457c-b6cd-a50cc148b564@group-CAA302CD1894:t21, leader=null, voted=a6b2ebfb-69a0-457c-b6cd-a50cc148b564, raftlog=a6b2ebfb-69a0-457c-b6cd-a50cc148b564@group-CAA302CD1894-SegmentedRaftLog:OPENED:c-1,f-1,i0, conf=-1: [b32d7882-88db-4fe6-9cca-6a25122d474d:192.168.157.194:42206, 3aea292b-16fb-4e9b-be90-828afa8e8047:192.168.157.194:34569, a6b2ebfb-69a0-457c-b6cd-a50cc148b564:192.168.157.194:37298], old=null
2019-10-17 02:14:32,763 [a6b2ebfb-69a0-457c-b6cd-a50cc148b564@group-CAA302CD1894-LeaderElection65] INFO  impl.RaftServerImpl (RaftServerImpl.java:setRole(184)) - a6b2ebfb-69a0-457c-b6cd-a50cc148b564@group-CAA302CD1894: changes role from CANDIDATE to FOLLOWER at term 21 for DISCOVERED_A_NEW_TERM
2019-10-17 02:14:32,763 [a6b2ebfb-69a0-457c-b6cd-a50cc148b564@group-CAA302CD1894-LeaderElection65] INFO  impl.RoleInfo (RoleInfo.java:shutdownLeaderElection(134)) - a6b2ebfb-69a0-457c-b6cd-a50cc148b564: shutdown LeaderElection
2019-10-17 02:14:32,763 [a6b2ebfb-69a0-457c-b6cd-a50cc148b564@group-CAA302CD1894-LeaderElection65] INFO  impl.RoleInfo (RoleInfo.java:updateAndGet(143)) - a6b2ebfb-69a0-457c-b6cd-a50cc148b564: start FollowerState
2019-10-17 02:14:32,868 [Thread-1418] INFO  impl.FollowerState (FollowerState.java:run(108)) - a6b2ebfb-69a0-457c-b6cd-a50cc148b564@group-CAA302CD1894-FollowerState: change to CANDIDATE, lastRpcTime:104ms, electionTimeout:104ms
2019-10-17 02:14:32,868 [Thread-1418] INFO  impl.RoleInfo (RoleInfo.java:shutdownFollowerState(121)) - a6b2ebfb-69a0-457c-b6cd-a50cc148b564: shutdown FollowerState
2019-10-17 02:14:32,868 [Thread-1418] INFO  impl.RaftServerImpl (RaftServerImpl.java:setRole(184)) - a6b2ebfb-69a0-457c-b6cd-a50cc148b564@group-CAA302CD1894: changes role from  FOLLOWER to CANDIDATE at term 21 for changeToCandidate
2019-10-17 02:14:32,868 [Thread-1418] INFO  impl.RoleInfo (RoleInfo.java:updateAndGet(143)) - a6b2ebfb-69a0-457c-b6cd-a50cc148b564: start LeaderElection
2019-10-17 02:14:32,883 [a6b2ebfb-69a0-457c-b6cd-a50cc148b564@group-CAA302CD1894-LeaderElection66] INFO  impl.LeaderElection (LeaderElection.java:askForVotes(178)) - a6b2ebfb-69a0-457c-b6cd-a50cc148b564@group-CAA302CD1894-LeaderElection66: begin an election at term 22 for -1: [b32d7882-88db-4fe6-9cca-6a25122d474d:192.168.157.194:42206, 3aea292b-16fb-4e9b-be90-828afa8e8047:192.168.157.194:34569, a6b2ebfb-69a0-457c-b6cd-a50cc148b564:192.168.157.194:37298], old=null
2019-10-17 02:14:32,885 [grpc-default-executor-1] INFO  impl.RaftServerImpl (RaftServerImpl.java:setRole(184)) - b32d7882-88db-4fe6-9cca-6a25122d474d@group-CAA302CD1894: changes role from  FOLLOWER to FOLLOWER at term 22 for recognizeCandidate:a6b2ebfb-69a0-457c-b6cd-a50cc148b564
2019-10-17 02:14:32,886 [grpc-default-executor-1] INFO  impl.RoleInfo (RoleInfo.java:shutdownFollowerState(121)) - b32d7882-88db-4fe6-9cca-6a25122d474d: shutdown FollowerState
2019-10-17 02:14:32,886 [grpc-default-executor-0] INFO  impl.RaftServerImpl (RaftServerImpl.java:setRole(184)) - 3aea292b-16fb-4e9b-be90-828afa8e8047@group-CAA302CD1894: changes role from  FOLLOWER to FOLLOWER at term 22 for recognizeCandidate:a6b2ebfb-69a0-457c-b6cd-a50cc148b564
2019-10-17 02:14:32,886 [Thread-1417] INFO  impl.FollowerState (FollowerState.java:run(117)) - b32d7882-88db-4fe6-9cca-6a25122d474d@group-CAA302CD1894-FollowerState was interrupted: java.lang.InterruptedException: sleep interrupted
2019-10-17 02:14:32,886 [grpc-default-executor-1] INFO  impl.RoleInfo (RoleInfo.java:updateAndGet(143)) - b32d7882-88db-4fe6-9cca-6a25122d474d: start FollowerState
2019-10-17 02:14:32,886 [grpc-default-executor-0] INFO  impl.RoleInfo (RoleInfo.java:shutdownFollowerState(121)) - 3aea292b-16fb-4e9b-be90-828afa8e8047: shutdown FollowerState
2019-10-17 02:14:32,887 [grpc-default-executor-0] INFO  impl.RoleInfo (RoleInfo.java:updateAndGet(143)) - 3aea292b-16fb-4e9b-be90-828afa8e8047: start FollowerState
2019-10-17 02:14:32,887 [Thread-1416] INFO  impl.FollowerState (FollowerState.java:run(117)) - 3aea292b-16fb-4e9b-be90-828afa8e8047@group-CAA302CD1894-FollowerState was interrupted: java.lang.InterruptedException: sleep interrupted
2019-10-17 02:14:32,901 [a6b2ebfb-69a0-457c-b6cd-a50cc148b564@group-CAA302CD1894-LeaderElection66] INFO  impl.LeaderElection (LeaderElection.java:logAndReturn(56)) - a6b2ebfb-69a0-457c-b6cd-a50cc148b564@group-CAA302CD1894-LeaderElection66: Election REJECTED; received 2 response(s) [a6b2ebfb-69a0-457c-b6cd-a50cc148b564<-b32d7882-88db-4fe6-9cca-6a25122d474d#0:FAIL-t22, a6b2ebfb-69a0-457c-b6cd-a50cc148b564<-3aea292b-16fb-4e9b-be90-828afa8e8047#0:FAIL-t22] and 0 exception(s); a6b2ebfb-69a0-457c-b6cd-a50cc148b564@group-CAA302CD1894:t22, leader=null, voted=a6b2ebfb-69a0-457c-b6cd-a50cc148b564, raftlog=a6b2ebfb-69a0-457c-b6cd-a50cc148b564@group-CAA302CD1894-SegmentedRaftLog:OPENED:c-1,f-1,i0, conf=-1: [b32d7882-88db-4fe6-9cca-6a25122d474d:192.168.157.194:42206, 3aea292b-16fb-4e9b-be90-828afa8e8047:192.168.157.194:34569, a6b2ebfb-69a0-457c-b6cd-a50cc148b564:192.168.157.194:37298], old=null
2019-10-17 02:14:32,901 [a6b2ebfb-69a0-457c-b6cd-a50cc148b564@group-CAA302CD1894-LeaderElection66] INFO  impl.RaftServerImpl (RaftServerImpl.java:setRole(184)) - a6b2ebfb-69a0-457c-b6cd-a50cc148b564@group-CAA302CD1894: changes role from CANDIDATE to FOLLOWER at term 22 for DISCOVERED_A_NEW_TERM
2019-10-17 02:14:32,902 [a6b2ebfb-69a0-457c-b6cd-a50cc148b564@group-CAA302CD1894-LeaderElection66] INFO  impl.RoleInfo (RoleInfo.java:shutdownLeaderElection(134)) - a6b2ebfb-69a0-457c-b6cd-a50cc148b564: shutdown LeaderElection
2019-10-17 02:14:32,902 [a6b2ebfb-69a0-457c-b6cd-a50cc148b564@group-CAA302CD1894-LeaderElection66] INFO  impl.RoleInfo (RoleInfo.java:updateAndGet(143)) - a6b2ebfb-69a0-457c-b6cd-a50cc148b564: start FollowerState
2019-10-17 02:14:32,959 [Thread-1424] INFO  impl.FollowerState (FollowerState.java:run(108)) - a6b2ebfb-69a0-457c-b6cd-a50cc148b564@group-CAA302CD1894-FollowerState: change to CANDIDATE, lastRpcTime:57ms, electionTimeout:57ms
2019-10-17 02:14:32,959 [Thread-1424] INFO  impl.RoleInfo (RoleInfo.java:shutdownFollowerState(121)) - a6b2ebfb-69a0-457c-b6cd-a50cc148b564: shutdown FollowerState
2019-10-17 02:14:32,960 [Thread-1424] INFO  impl.RaftServerImpl (RaftServerImpl.java:setRole(184)) - a6b2ebfb-69a0-457c-b6cd-a50cc148b564@group-CAA302CD1894: changes role from  FOLLOWER to CANDIDATE at term 22 for changeToCandidate
2019-10-17 02:14:32,960 [Thread-1424] INFO  impl.RoleInfo (RoleInfo.java:updateAndGet(143)) - a6b2ebfb-69a0-457c-b6cd-a50cc148b564: start LeaderElection
2019-10-17 02:14:32,974 [a6b2ebfb-69a0-457c-b6cd-a50cc148b564@group-CAA302CD1894-LeaderElection67] INFO  impl.LeaderElection (LeaderElection.java:askForVotes(178)) - a6b2ebfb-69a0-457c-b6cd-a50cc148b564@group-CAA302CD1894-LeaderElection67: begin an election at term 23 for -1: [b32d7882-88db-4fe6-9cca-6a25122d474d:192.168.157.194:42206, 3aea292b-16fb-4e9b-be90-828afa8e8047:192.168.157.194:34569, a6b2ebfb-69a0-457c-b6cd-a50cc148b564:192.168.157.194:37298], old=null
2019-10-17 02:14:32,977 [grpc-default-executor-0] INFO  impl.RaftServerImpl (RaftServerImpl.java:setRole(184)) - b32d7882-88db-4fe6-9cca-6a25122d474d@group-CAA302CD1894: changes role from  FOLLOWER to FOLLOWER at term 23 for recognizeCandidate:a6b2ebfb-69a0-457c-b6cd-a50cc148b564
2019-10-17 02:14:32,977 [grpc-default-executor-0] INFO  impl.RoleInfo (RoleInfo.java:shutdownFollowerState(121)) - b32d7882-88db-4fe6-9cca-6a25122d474d: shutdown FollowerState
2019-10-17 02:14:32,977 [grpc-default-executor-1] INFO  impl.RaftServerImpl (RaftServerImpl.java:setRole(184)) - 3aea292b-16fb-4e9b-be90-828afa8e8047@group-CAA302CD1894: changes role from  FOLLOWER to FOLLOWER at term 23 for recognizeCandidate:a6b2ebfb-69a0-457c-b6cd-a50cc148b564
2019-10-17 02:14:32,978 [grpc-default-executor-0] INFO  impl.RoleInfo (RoleInfo.java:updateAndGet(143)) - b32d7882-88db-4fe6-9cca-6a25122d474d: start FollowerState
2019-10-17 02:14:32,978 [Thread-1422] INFO  impl.FollowerState (FollowerState.java:run(117)) - b32d7882-88db-4fe6-9cca-6a25122d474d@group-CAA302CD1894-FollowerState was interrupted: java.lang.InterruptedException: sleep interrupted
2019-10-17 02:14:32,978 [grpc-default-executor-1] INFO  impl.RoleInfo (RoleInfo.java:shutdownFollowerState(121)) - 3aea292b-16fb-4e9b-be90-828afa8e8047: shutdown FollowerState
2019-10-17 02:14:32,978 [grpc-default-executor-1] INFO  impl.RoleInfo (RoleInfo.java:updateAndGet(143)) - 3aea292b-16fb-4e9b-be90-828afa8e8047: start FollowerState
2019-10-17 02:14:32,978 [Thread-1423] INFO  impl.FollowerState (FollowerState.java:run(117)) - 3aea292b-16fb-4e9b-be90-828afa8e8047@group-CAA302CD1894-FollowerState was interrupted: java.lang.InterruptedException: sleep interrupted
2019-10-17 02:14:32,992 [Thread-1263] INFO  container.ReplicationManager (ReplicationManager.java:start(162)) - Starting Replication Monitor Thread.
2019-10-17 02:14:32,993 [Thread-1263] INFO  pipeline.SCMPipelineManager (SCMPipelineManager.java:finalizeAndDestroyPipeline(315)) - destroying pipeline:Pipeline[ Id: 4022580d-0894-4efe-ae18-caa302cd1894, Nodes: 3aea292b-16fb-4e9b-be90-828afa8e8047{ip: 192.168.157.194, host: pr-hdds-1868-g97gg-2149769003, networkLocation: /default-rack, certSerialId: null}a6b2ebfb-69a0-457c-b6cd-a50cc148b564{ip: 192.168.157.194, host: pr-hdds-1868-g97gg-2149769003, networkLocation: /default-rack, certSerialId: null}b32d7882-88db-4fe6-9cca-6a25122d474d{ip: 192.168.157.194, host: pr-hdds-1868-g97gg-2149769003, networkLocation: /default-rack, certSerialId: null}, Type:RATIS, Factor:THREE, State:ALLOCATED]
2019-10-17 02:14:32,995 [ReplicationMonitor] INFO  container.ReplicationManager (ReplicationManager.java:run(225)) - Replication Monitor Thread took 0 milliseconds for processing 0 containers.
2019-10-17 02:14:32,996 [Thread-1263] INFO  pipeline.PipelineStateManager (PipelineStateManager.java:finalizePipeline(121)) - Pipeline Pipeline[ Id: 4022580d-0894-4efe-ae18-caa302cd1894, Nodes: 3aea292b-16fb-4e9b-be90-828afa8e8047{ip: 192.168.157.194, host: pr-hdds-1868-g97gg-2149769003, networkLocation: /default-rack, certSerialId: null}a6b2ebfb-69a0-457c-b6cd-a50cc148b564{ip: 192.168.157.194, host: pr-hdds-1868-g97gg-2149769003, networkLocation: /default-rack, certSerialId: null}b32d7882-88db-4fe6-9cca-6a25122d474d{ip: 192.168.157.194, host: pr-hdds-1868-g97gg-2149769003, networkLocation: /default-rack, certSerialId: null}, Type:RATIS, Factor:THREE, State:CLOSED] moved to CLOSED state
2019-10-17 02:14:32,996 [a6b2ebfb-69a0-457c-b6cd-a50cc148b564@group-CAA302CD1894-LeaderElection67] INFO  impl.LeaderElection (LeaderElection.java:logAndReturn(56)) - a6b2ebfb-69a0-457c-b6cd-a50cc148b564@group-CAA302CD1894-LeaderElection67: Election REJECTED; received 2 response(s) [a6b2ebfb-69a0-457c-b6cd-a50cc148b564<-b32d7882-88db-4fe6-9cca-6a25122d474d#0:FAIL-t23, a6b2ebfb-69a0-457c-b6cd-a50cc148b564<-3aea292b-16fb-4e9b-be90-828afa8e8047#0:FAIL-t23] and 0 exception(s); a6b2ebfb-69a0-457c-b6cd-a50cc148b564@group-CAA302CD1894:t23, leader=null, voted=a6b2ebfb-69a0-457c-b6cd-a50cc148b564, raftlog=a6b2ebfb-69a0-457c-b6cd-a50cc148b564@group-CAA302CD1894-SegmentedRaftLog:OPENED:c-1,f-1,i0, conf=-1: [b32d7882-88db-4fe6-9cca-6a25122d474d:192.168.157.194:42206, 3aea292b-16fb-4e9b-be90-828afa8e8047:192.168.157.194:34569, a6b2ebfb-69a0-457c-b6cd-a50cc148b564:192.168.157.194:37298], old=null
2019-10-17 02:14:32,996 [a6b2ebfb-69a0-457c-b6cd-a50cc148b564@group-CAA302CD1894-LeaderElection67] INFO  impl.RaftServerImpl (RaftServerImpl.java:setRole(184)) - a6b2ebfb-69a0-457c-b6cd-a50cc148b564@group-CAA302CD1894: changes role from CANDIDATE to FOLLOWER at term 23 for DISCOVERED_A_NEW_TERM
2019-10-17 02:14:32,997 [a6b2ebfb-69a0-457c-b6cd-a50cc148b564@group-CAA302CD1894-LeaderElection67] INFO  impl.RoleInfo (RoleInfo.java:shutdownLeaderElection(134)) - a6b2ebfb-69a0-457c-b6cd-a50cc148b564: shutdown LeaderElection
2019-10-17 02:14:32,997 [a6b2ebfb-69a0-457c-b6cd-a50cc148b564@group-CAA302CD1894-LeaderElection67] INFO  impl.RoleInfo (RoleInfo.java:updateAndGet(143)) - a6b2ebfb-69a0-457c-b6cd-a50cc148b564: start FollowerState
2019-10-17 02:14:33,008 [grpc-default-executor-0] INFO  impl.RaftServerProxy (RaftServerProxy.java:remove(95)) - 3aea292b-16fb-4e9b-be90-828afa8e8047: remove  FOLLOWER 3aea292b-16fb-4e9b-be90-828afa8e8047@group-CAA302CD1894:t23, leader=null, voted=null, raftlog=3aea292b-16fb-4e9b-be90-828afa8e8047@group-CAA302CD1894-SegmentedRaftLog:OPENED:c-1,f0,i0, conf=0: [b32d7882-88db-4fe6-9cca-6a25122d474d:192.168.157.194:42206, 3aea292b-16fb-4e9b-be90-828afa8e8047:192.168.157.194:34569, a6b2ebfb-69a0-457c-b6cd-a50cc148b564:192.168.157.194:37298], old=null RUNNING
2019-10-17 02:14:33,009 [grpc-default-executor-0] INFO  impl.RaftServerImpl (RaftServerImpl.java:lambda$shutdown$3(261)) - 3aea292b-16fb-4e9b-be90-828afa8e8047@group-CAA302CD1894: shutdown
2019-10-17 02:14:33,009 [grpc-default-executor-0] INFO  util.JmxRegister (JmxRegister.java:unregister(73)) - Successfully un-registered JMX Bean with object name Ratis:service=RaftServer,group=group-CAA302CD1894,id=3aea292b-16fb-4e9b-be90-828afa8e8047
2019-10-17 02:14:33,010 [grpc-default-executor-0] INFO  impl.RoleInfo (RoleInfo.java:shutdownFollowerState(121)) - 3aea292b-16fb-4e9b-be90-828afa8e8047: shutdown FollowerState
2019-10-17 02:14:33,010 [Thread-1429] INFO  impl.FollowerState (FollowerState.java:run(117)) - 3aea292b-16fb-4e9b-be90-828afa8e8047@group-CAA302CD1894-FollowerState was interrupted: java.lang.InterruptedException: sleep interrupted
2019-10-17 02:14:33,010 [grpc-default-executor-0] INFO  impl.StateMachineUpdater (StateMachineUpdater.java:stopAndJoin(136)) - 3aea292b-16fb-4e9b-be90-828afa8e8047@group-CAA302CD1894-StateMachineUpdater: set stopIndex = -1
2019-10-17 02:14:33,010 [grpc-default-executor-0] INFO  impl.RaftServerImpl (ServerState.java:close(388)) - 3aea292b-16fb-4e9b-be90-828afa8e8047@group-CAA302CD1894: closes. applyIndex: -1
2019-10-17 02:14:33,011 [3aea292b-16fb-4e9b-be90-828afa8e8047@group-CAA302CD1894-SegmentedRaftLogWorker] INFO  segmented.SegmentedRaftLogWorker (SegmentedRaftLogWorker.java:run(316)) - 3aea292b-16fb-4e9b-be90-828afa8e8047@group-CAA302CD1894-SegmentedRaftLogWorker was interrupted, exiting. There are 0 tasks remaining in the queue.
2019-10-17 02:14:33,012 [grpc-default-executor-0] INFO  segmented.SegmentedRaftLogWorker (SegmentedRaftLogWorker.java:close(224)) - 3aea292b-16fb-4e9b-be90-828afa8e8047@group-CAA302CD1894-SegmentedRaftLogWorker close()
2019-10-17 02:14:33,026 [grpc-default-executor-0] INFO  impl.RaftServerProxy (RaftServerProxy.java:remove(95)) - a6b2ebfb-69a0-457c-b6cd-a50cc148b564: remove  FOLLOWER a6b2ebfb-69a0-457c-b6cd-a50cc148b564@group-CAA302CD1894:t23, leader=null, voted=a6b2ebfb-69a0-457c-b6cd-a50cc148b564, raftlog=a6b2ebfb-69a0-457c-b6cd-a50cc148b564@group-CAA302CD1894-SegmentedRaftLog:OPENED:c-1,f-1,i0, conf=-1: [b32d7882-88db-4fe6-9cca-6a25122d474d:192.168.157.194:42206, 3aea292b-16fb-4e9b-be90-828afa8e8047:192.168.157.194:34569, a6b2ebfb-69a0-457c-b6cd-a50cc148b564:192.168.157.194:37298], old=null RUNNING
2019-10-17 02:14:33,026 [grpc-default-executor-0] INFO  impl.RaftServerImpl (RaftServerImpl.java:lambda$shutdown$3(261)) - a6b2ebfb-69a0-457c-b6cd-a50cc148b564@group-CAA302CD1894: shutdown
2019-10-17 02:14:33,027 [grpc-default-executor-0] INFO  util.JmxRegister (JmxRegister.java:unregister(73)) - Successfully un-registered JMX Bean with object name Ratis:service=RaftServer,group=group-CAA302CD1894,id=a6b2ebfb-69a0-457c-b6cd-a50cc148b564
2019-10-17 02:14:33,027 [grpc-default-executor-0] INFO  impl.RoleInfo (RoleInfo.java:shutdownFollowerState(121)) - a6b2ebfb-69a0-457c-b6cd-a50cc148b564: shutdown FollowerState
2019-10-17 02:14:33,027 [grpc-default-executor-0] INFO  impl.StateMachineUpdater (StateMachineUpdater.java:stopAndJoin(136)) - a6b2ebfb-69a0-457c-b6cd-a50cc148b564@group-CAA302CD1894-StateMachineUpdater: set stopIndex = -1
2019-10-17 02:14:33,027 [Thread-1431] INFO  impl.FollowerState (FollowerState.java:run(117)) - a6b2ebfb-69a0-457c-b6cd-a50cc148b564@group-CAA302CD1894-FollowerState was interrupted: java.lang.InterruptedException: sleep interrupted
2019-10-17 02:14:33,027 [grpc-default-executor-0] INFO  impl.RaftServerImpl (ServerState.java:close(388)) - a6b2ebfb-69a0-457c-b6cd-a50cc148b564@group-CAA302CD1894: closes. applyIndex: -1
2019-10-17 02:14:33,028 [a6b2ebfb-69a0-457c-b6cd-a50cc148b564@group-CAA302CD1894-SegmentedRaftLogWorker] INFO  segmented.SegmentedRaftLogWorker (SegmentedRaftLogWorker.java:run(316)) - a6b2ebfb-69a0-457c-b6cd-a50cc148b564@group-CAA302CD1894-SegmentedRaftLogWorker was interrupted, exiting. There are 0 tasks remaining in the queue.
2019-10-17 02:14:33,028 [grpc-default-executor-0] INFO  segmented.SegmentedRaftLogWorker (SegmentedRaftLogWorker.java:close(224)) - a6b2ebfb-69a0-457c-b6cd-a50cc148b564@group-CAA302CD1894-SegmentedRaftLogWorker close()
2019-10-17 02:14:33,040 [grpc-default-executor-0] INFO  impl.RaftServerProxy (RaftServerProxy.java:remove(95)) - b32d7882-88db-4fe6-9cca-6a25122d474d: remove  FOLLOWER b32d7882-88db-4fe6-9cca-6a25122d474d@group-CAA302CD1894:t23, leader=null, voted=null, raftlog=b32d7882-88db-4fe6-9cca-6a25122d474d@group-CAA302CD1894-SegmentedRaftLog:OPENED:c-1,f0,i0, conf=0: [b32d7882-88db-4fe6-9cca-6a25122d474d:192.168.157.194:42206, 3aea292b-16fb-4e9b-be90-828afa8e8047:192.168.157.194:34569, a6b2ebfb-69a0-457c-b6cd-a50cc148b564:192.168.157.194:37298], old=null RUNNING
2019-10-17 02:14:33,041 [grpc-default-executor-0] INFO  impl.RaftServerImpl (RaftServerImpl.java:lambda$shutdown$3(261)) - b32d7882-88db-4fe6-9cca-6a25122d474d@group-CAA302CD1894: shutdown
2019-10-17 02:14:33,041 [grpc-default-executor-0] INFO  util.JmxRegister (JmxRegister.java:unregister(73)) - Successfully un-registered JMX Bean with object name Ratis:service=RaftServer,group=group-CAA302CD1894,id=b32d7882-88db-4fe6-9cca-6a25122d474d
2019-10-17 02:14:33,041 [grpc-default-executor-0] INFO  impl.RoleInfo (RoleInfo.java:shutdownFollowerState(121)) - b32d7882-88db-4fe6-9cca-6a25122d474d: shutdown FollowerState
2019-10-17 02:14:33,041 [grpc-default-executor-0] INFO  impl.StateMachineUpdater (StateMachineUpdater.java:stopAndJoin(136)) - b32d7882-88db-4fe6-9cca-6a25122d474d@group-CAA302CD1894-StateMachineUpdater: set stopIndex = -1
2019-10-17 02:14:33,041 [Thread-1428] INFO  impl.FollowerState (FollowerState.java:run(117)) - b32d7882-88db-4fe6-9cca-6a25122d474d@group-CAA302CD1894-FollowerState was interrupted: java.lang.InterruptedException: sleep interrupted
2019-10-17 02:14:33,041 [grpc-default-executor-0] INFO  impl.RaftServerImpl (ServerState.java:close(388)) - b32d7882-88db-4fe6-9cca-6a25122d474d@group-CAA302CD1894: closes. applyIndex: -1
2019-10-17 02:14:33,042 [b32d7882-88db-4fe6-9cca-6a25122d474d@group-CAA302CD1894-SegmentedRaftLogWorker] INFO  segmented.SegmentedRaftLogWorker (SegmentedRaftLogWorker.java:run(316)) - b32d7882-88db-4fe6-9cca-6a25122d474d@group-CAA302CD1894-SegmentedRaftLogWorker was interrupted, exiting. There are 0 tasks remaining in the queue.
2019-10-17 02:14:33,044 [grpc-default-executor-0] INFO  segmented.SegmentedRaftLogWorker (SegmentedRaftLogWorker.java:close(224)) - b32d7882-88db-4fe6-9cca-6a25122d474d@group-CAA302CD1894-SegmentedRaftLogWorker close()
2019-10-17 02:14:33,050 [Thread-1263] INFO  pipeline.PipelineStateManager (PipelineStateManager.java:removePipeline(106)) - Pipeline Pipeline[ Id: 4022580d-0894-4efe-ae18-caa302cd1894, Nodes: 3aea292b-16fb-4e9b-be90-828afa8e8047{ip: 192.168.157.194, host: pr-hdds-1868-g97gg-2149769003, networkLocation: /default-rack, certSerialId: null}a6b2ebfb-69a0-457c-b6cd-a50cc148b564{ip: 192.168.157.194, host: pr-hdds-1868-g97gg-2149769003, networkLocation: /default-rack, certSerialId: null}b32d7882-88db-4fe6-9cca-6a25122d474d{ip: 192.168.157.194, host: pr-hdds-1868-g97gg-2149769003, networkLocation: /default-rack, certSerialId: null}, Type:RATIS, Factor:THREE, State:CLOSED] removed from db
2019-10-17 02:14:33,064 [grpc-default-executor-1] INFO  impl.RaftServerProxy (RaftServerProxy.java:addNew(89)) - 3aea292b-16fb-4e9b-be90-828afa8e8047: addNew group-896385CD49EE:[b32d7882-88db-4fe6-9cca-6a25122d474d:192.168.157.194:42206, 3aea292b-16fb-4e9b-be90-828afa8e8047:192.168.157.194:34569, a6b2ebfb-69a0-457c-b6cd-a50cc148b564:192.168.157.194:37298] returns group-896385CD49EE:java.util.concurrent.CompletableFuture@3f2e658f[Not completed]
2019-10-17 02:14:33,064 [grpc-default-executor-2] INFO  impl.RaftServerProxy (RaftServerProxy.java:addNew(89)) - a6b2ebfb-69a0-457c-b6cd-a50cc148b564: addNew group-896385CD49EE:[b32d7882-88db-4fe6-9cca-6a25122d474d:192.168.157.194:42206, 3aea292b-16fb-4e9b-be90-828afa8e8047:192.168.157.194:34569, a6b2ebfb-69a0-457c-b6cd-a50cc148b564:192.168.157.194:37298] returns group-896385CD49EE:java.util.concurrent.CompletableFuture@1fb63475[Not completed]
2019-10-17 02:14:33,064 [grpc-default-executor-0] INFO  impl.RaftServerProxy (RaftServerProxy.java:addNew(89)) - b32d7882-88db-4fe6-9cca-6a25122d474d: addNew group-896385CD49EE:[b32d7882-88db-4fe6-9cca-6a25122d474d:192.168.157.194:42206, 3aea292b-16fb-4e9b-be90-828afa8e8047:192.168.157.194:34569, a6b2ebfb-69a0-457c-b6cd-a50cc148b564:192.168.157.194:37298] returns group-896385CD49EE:java.util.concurrent.CompletableFuture@24f66c76[Not completed]
2019-10-17 02:14:33,066 [pool-247-thread-1] INFO  impl.RaftServerImpl (RaftServerImpl.java:<init>(104)) - 3aea292b-16fb-4e9b-be90-828afa8e8047: new RaftServerImpl for group-896385CD49EE:[b32d7882-88db-4fe6-9cca-6a25122d474d:192.168.157.194:42206, 3aea292b-16fb-4e9b-be90-828afa8e8047:192.168.157.194:34569, a6b2ebfb-69a0-457c-b6cd-a50cc148b564:192.168.157.194:37298] with ContainerStateMachine:uninitialized
2019-10-17 02:14:33,066 [pool-247-thread-1] INFO  server.RaftServerConfigKeys (ConfUtils.java:logGet(43)) - raft.server.rpc.timeout.min = 5s (custom)
2019-10-17 02:14:33,067 [pool-247-thread-1] INFO  server.RaftServerConfigKeys (ConfUtils.java:logGet(43)) - raft.server.rpc.timeout.max = 5200ms (custom)
2019-10-17 02:14:33,067 [pool-247-thread-1] INFO  server.RaftServerConfigKeys (ConfUtils.java:logGet(43)) - raft.server.rpcslowness.timeout = 120s (custom)
2019-10-17 02:14:33,067 [pool-237-thread-1] INFO  impl.RaftServerImpl (RaftServerImpl.java:<init>(104)) - b32d7882-88db-4fe6-9cca-6a25122d474d: new RaftServerImpl for group-896385CD49EE:[b32d7882-88db-4fe6-9cca-6a25122d474d:192.168.157.194:42206, 3aea292b-16fb-4e9b-be90-828afa8e8047:192.168.157.194:34569, a6b2ebfb-69a0-457c-b6cd-a50cc148b564:192.168.157.194:37298] with ContainerStateMachine:uninitialized
2019-10-17 02:14:33,067 [pool-247-thread-1] INFO  server.RaftServerConfigKeys (ConfUtils.java:logGet(43)) - raft.server.sleep.deviation.threshold = 300 (default)
2019-10-17 02:14:33,067 [pool-237-thread-1] INFO  server.RaftServerConfigKeys (ConfUtils.java:logGet(43)) - raft.server.rpc.timeout.min = 5s (custom)
2019-10-17 02:14:33,067 [pool-227-thread-1] INFO  impl.RaftServerImpl (RaftServerImpl.java:<init>(104)) - a6b2ebfb-69a0-457c-b6cd-a50cc148b564: new RaftServerImpl for group-896385CD49EE:[b32d7882-88db-4fe6-9cca-6a25122d474d:192.168.157.194:42206, 3aea292b-16fb-4e9b-be90-828afa8e8047:192.168.157.194:34569, a6b2ebfb-69a0-457c-b6cd-a50cc148b564:192.168.157.194:37298] with ContainerStateMachine:uninitialized
2019-10-17 02:14:33,067 [pool-247-thread-1] INFO  server.RaftServerConfigKeys (ConfUtils.java:logGet(43)) - raft.server.log.appender.install.snapshot.enabled = false (custom)
2019-10-17 02:14:33,068 [pool-227-thread-1] INFO  server.RaftServerConfigKeys (ConfUtils.java:logGet(43)) - raft.server.rpc.timeout.min = 5s (custom)
2019-10-17 02:14:33,067 [pool-237-thread-1] INFO  server.RaftServerConfigKeys (ConfUtils.java:logGet(43)) - raft.server.rpc.timeout.max = 5200ms (custom)
2019-10-17 02:14:33,068 [pool-237-thread-1] INFO  server.RaftServerConfigKeys (ConfUtils.java:logGet(43)) - raft.server.rpcslowness.timeout = 120s (custom)
2019-10-17 02:14:33,068 [pool-237-thread-1] INFO  server.RaftServerConfigKeys (ConfUtils.java:logGet(43)) - raft.server.sleep.deviation.threshold = 300 (default)
2019-10-17 02:14:33,068 [pool-237-thread-1] INFO  server.RaftServerConfigKeys (ConfUtils.java:logGet(43)) - raft.server.log.appender.install.snapshot.enabled = false (custom)
2019-10-17 02:14:33,068 [pool-237-thread-1] INFO  impl.RaftServerImpl (ServerState.java:<init>(103)) - b32d7882-88db-4fe6-9cca-6a25122d474d@group-896385CD49EE: ConfigurationManager, init=-1: [b32d7882-88db-4fe6-9cca-6a25122d474d:192.168.157.194:42206, 3aea292b-16fb-4e9b-be90-828afa8e8047:192.168.157.194:34569, a6b2ebfb-69a0-457c-b6cd-a50cc148b564:192.168.157.194:37298], old=null, confs=<EMPTY_MAP>
2019-10-17 02:14:33,069 [pool-237-thread-1] INFO  server.RaftServerConfigKeys (ConfUtils.java:logGet(43)) - raft.server.storage.dir = [/workdir/hadoop-ozone/ozonefs/target/test-dir/MiniOzoneClusterImpl-a3991107-2db4-4ed9-b586-01161be3d184/datanode-1/data/ratis] (custom)
2019-10-17 02:14:33,069 [pool-237-thread-1] INFO  server.RaftServerConfigKeys (ConfUtils.java:logGet(43)) - raft.server.log.corruption.policy = EXCEPTION (default)
2019-10-17 02:14:33,069 [pool-237-thread-1] INFO  storage.RaftStorageDirectory (RaftStorageDirectory.java:analyzeStorage(246)) - The storage directory /workdir/hadoop-ozone/ozonefs/target/test-dir/MiniOzoneClusterImpl-a3991107-2db4-4ed9-b586-01161be3d184/datanode-1/data/ratis/dbd7e334-4fd4-4d63-8450-896385cd49ee does not exist. Creating ...
2019-10-17 02:14:33,068 [pool-227-thread-1] INFO  server.RaftServerConfigKeys (ConfUtils.java:logGet(43)) - raft.server.rpc.timeout.max = 5200ms (custom)
2019-10-17 02:14:33,070 [pool-227-thread-1] INFO  server.RaftServerConfigKeys (ConfUtils.java:logGet(43)) - raft.server.rpcslowness.timeout = 120s (custom)
2019-10-17 02:14:33,070 [pool-227-thread-1] INFO  server.RaftServerConfigKeys (ConfUtils.java:logGet(43)) - raft.server.sleep.deviation.threshold = 300 (default)
2019-10-17 02:14:33,070 [pool-227-thread-1] INFO  server.RaftServerConfigKeys (ConfUtils.java:logGet(43)) - raft.server.log.appender.install.snapshot.enabled = false (custom)
2019-10-17 02:14:33,070 [pool-227-thread-1] INFO  impl.RaftServerImpl (ServerState.java:<init>(103)) - a6b2ebfb-69a0-457c-b6cd-a50cc148b564@group-896385CD49EE: ConfigurationManager, init=-1: [b32d7882-88db-4fe6-9cca-6a25122d474d:192.168.157.194:42206, 3aea292b-16fb-4e9b-be90-828afa8e8047:192.168.157.194:34569, a6b2ebfb-69a0-457c-b6cd-a50cc148b564:192.168.157.194:37298], old=null, confs=<EMPTY_MAP>
2019-10-17 02:14:33,070 [pool-227-thread-1] INFO  server.RaftServerConfigKeys (ConfUtils.java:logGet(43)) - raft.server.storage.dir = [/workdir/hadoop-ozone/ozonefs/target/test-dir/MiniOzoneClusterImpl-a3991107-2db4-4ed9-b586-01161be3d184/datanode-0/data/ratis] (custom)
2019-10-17 02:14:33,071 [pool-227-thread-1] INFO  server.RaftServerConfigKeys (ConfUtils.java:logGet(43)) - raft.server.log.corruption.policy = EXCEPTION (default)
2019-10-17 02:14:33,071 [pool-227-thread-1] INFO  storage.RaftStorageDirectory (RaftStorageDirectory.java:analyzeStorage(246)) - The storage directory /workdir/hadoop-ozone/ozonefs/target/test-dir/MiniOzoneClusterImpl-a3991107-2db4-4ed9-b586-01161be3d184/datanode-0/data/ratis/dbd7e334-4fd4-4d63-8450-896385cd49ee does not exist. Creating ...
2019-10-17 02:14:33,068 [pool-247-thread-1] INFO  impl.RaftServerImpl (ServerState.java:<init>(103)) - 3aea292b-16fb-4e9b-be90-828afa8e8047@group-896385CD49EE: ConfigurationManager, init=-1: [b32d7882-88db-4fe6-9cca-6a25122d474d:192.168.157.194:42206, 3aea292b-16fb-4e9b-be90-828afa8e8047:192.168.157.194:34569, a6b2ebfb-69a0-457c-b6cd-a50cc148b564:192.168.157.194:37298], old=null, confs=<EMPTY_MAP>
2019-10-17 02:14:33,072 [pool-247-thread-1] INFO  server.RaftServerConfigKeys (ConfUtils.java:logGet(43)) - raft.server.storage.dir = [/workdir/hadoop-ozone/ozonefs/target/test-dir/MiniOzoneClusterImpl-a3991107-2db4-4ed9-b586-01161be3d184/datanode-2/data/ratis] (custom)
2019-10-17 02:14:33,072 [pool-247-thread-1] INFO  server.RaftServerConfigKeys (ConfUtils.java:logGet(43)) - raft.server.log.corruption.policy = EXCEPTION (default)
2019-10-17 02:14:33,072 [pool-247-thread-1] INFO  storage.RaftStorageDirectory (RaftStorageDirectory.java:analyzeStorage(246)) - The storage directory /workdir/hadoop-ozone/ozonefs/target/test-dir/MiniOzoneClusterImpl-a3991107-2db4-4ed9-b586-01161be3d184/datanode-2/data/ratis/dbd7e334-4fd4-4d63-8450-896385cd49ee does not exist. Creating ...
2019-10-17 02:14:33,083 [pool-237-thread-1] INFO  storage.RaftStorageDirectory (RaftStorageDirectory.java:tryLock(328)) - Lock on /workdir/hadoop-ozone/ozonefs/target/test-dir/MiniOzoneClusterImpl-a3991107-2db4-4ed9-b586-01161be3d184/datanode-1/data/ratis/dbd7e334-4fd4-4d63-8450-896385cd49ee/in_use.lock acquired by nodename 25645@pr-hdds-1868-g97gg-2149769003
2019-10-17 02:14:33,083 [pool-247-thread-1] INFO  storage.RaftStorageDirectory (RaftStorageDirectory.java:tryLock(328)) - Lock on /workdir/hadoop-ozone/ozonefs/target/test-dir/MiniOzoneClusterImpl-a3991107-2db4-4ed9-b586-01161be3d184/datanode-2/data/ratis/dbd7e334-4fd4-4d63-8450-896385cd49ee/in_use.lock acquired by nodename 25645@pr-hdds-1868-g97gg-2149769003
2019-10-17 02:14:33,083 [pool-227-thread-1] INFO  storage.RaftStorageDirectory (RaftStorageDirectory.java:tryLock(328)) - Lock on /workdir/hadoop-ozone/ozonefs/target/test-dir/MiniOzoneClusterImpl-a3991107-2db4-4ed9-b586-01161be3d184/datanode-0/data/ratis/dbd7e334-4fd4-4d63-8450-896385cd49ee/in_use.lock acquired by nodename 25645@pr-hdds-1868-g97gg-2149769003
2019-10-17 02:14:33,098 [pool-247-thread-1] INFO  storage.RaftStorage (RaftStorage.java:format(84)) - Storage directory /workdir/hadoop-ozone/ozonefs/target/test-dir/MiniOzoneClusterImpl-a3991107-2db4-4ed9-b586-01161be3d184/datanode-2/data/ratis/dbd7e334-4fd4-4d63-8450-896385cd49ee has been successfully formatted.
2019-10-17 02:14:33,098 [pool-227-thread-1] INFO  storage.RaftStorage (RaftStorage.java:format(84)) - Storage directory /workdir/hadoop-ozone/ozonefs/target/test-dir/MiniOzoneClusterImpl-a3991107-2db4-4ed9-b586-01161be3d184/datanode-0/data/ratis/dbd7e334-4fd4-4d63-8450-896385cd49ee has been successfully formatted.
2019-10-17 02:14:33,098 [pool-237-thread-1] INFO  storage.RaftStorage (RaftStorage.java:format(84)) - Storage directory /workdir/hadoop-ozone/ozonefs/target/test-dir/MiniOzoneClusterImpl-a3991107-2db4-4ed9-b586-01161be3d184/datanode-1/data/ratis/dbd7e334-4fd4-4d63-8450-896385cd49ee has been successfully formatted.
2019-10-17 02:14:33,098 [pool-247-thread-1] INFO  ratis.ContainerStateMachine (ContainerStateMachine.java:loadSnapshot(233)) - group-896385CD49EE: The snapshot info is null. Setting the last applied indexto:(t:0, i:~)
2019-10-17 02:14:33,098 [pool-227-thread-1] INFO  ratis.ContainerStateMachine (ContainerStateMachine.java:loadSnapshot(233)) - group-896385CD49EE: The snapshot info is null. Setting the last applied indexto:(t:0, i:~)
2019-10-17 02:14:33,098 [pool-247-thread-1] INFO  server.RaftServerConfigKeys (ConfUtils.java:logGet(43)) - raft.server.notification.no-leader.timeout = 120s (custom)
2019-10-17 02:14:33,098 [pool-237-thread-1] INFO  ratis.ContainerStateMachine (ContainerStateMachine.java:loadSnapshot(233)) - group-896385CD49EE: The snapshot info is null. Setting the last applied indexto:(t:0, i:~)
2019-10-17 02:14:33,099 [pool-247-thread-1] INFO  server.RaftServerConfigKeys (ConfUtils.java:logGet(43)) - raft.server.log.use.memory = false (default)
2019-10-17 02:14:33,098 [pool-227-thread-1] INFO  server.RaftServerConfigKeys (ConfUtils.java:logGet(43)) - raft.server.notification.no-leader.timeout = 120s (custom)
2019-10-17 02:14:33,099 [pool-247-thread-1] INFO  server.RaftServerConfigKeys (ConfUtils.java:logGet(43)) - raft.server.log.purge.gap = 1000000 (custom)
2019-10-17 02:14:33,099 [pool-237-thread-1] INFO  server.RaftServerConfigKeys (ConfUtils.java:logGet(43)) - raft.server.notification.no-leader.timeout = 120s (custom)
2019-10-17 02:14:33,099 [pool-247-thread-1] INFO  server.RaftServerConfigKeys (ConfUtils.java:logGet(43)) - raft.server.log.appender.buffer.byte-limit = 33554432 (custom)
2019-10-17 02:14:33,099 [pool-227-thread-1] INFO  server.RaftServerConfigKeys (ConfUtils.java:logGet(43)) - raft.server.log.use.memory = false (default)
2019-10-17 02:14:33,099 [pool-247-thread-1] INFO  server.RaftServerConfigKeys (ConfUtils.java:logGet(43)) - raft.server.log.segment.size.max = 1048576 (custom)
2019-10-17 02:14:33,099 [pool-237-thread-1] INFO  server.RaftServerConfigKeys (ConfUtils.java:logGet(43)) - raft.server.log.use.memory = false (default)
2019-10-17 02:14:33,100 [pool-247-thread-1] INFO  server.RaftServerConfigKeys (ConfUtils.java:logGet(43)) - raft.server.log.segment.cache.num.max = 2 (custom)
2019-10-17 02:14:33,099 [pool-227-thread-1] INFO  server.RaftServerConfigKeys (ConfUtils.java:logGet(43)) - raft.server.log.purge.gap = 1000000 (custom)
2019-10-17 02:14:33,100 [pool-247-thread-1] INFO  segmented.SegmentedRaftLogWorker (SegmentedRaftLogWorker.java:<init>(173)) - new 3aea292b-16fb-4e9b-be90-828afa8e8047@group-896385CD49EE-SegmentedRaftLogWorker for RaftStorage:Storage Directory /workdir/hadoop-ozone/ozonefs/target/test-dir/MiniOzoneClusterImpl-a3991107-2db4-4ed9-b586-01161be3d184/datanode-2/data/ratis/dbd7e334-4fd4-4d63-8450-896385cd49ee
2019-10-17 02:14:33,100 [pool-237-thread-1] INFO  server.RaftServerConfigKeys (ConfUtils.java:logGet(43)) - raft.server.log.purge.gap = 1000000 (custom)
2019-10-17 02:14:33,100 [pool-247-thread-1] INFO  server.RaftServerConfigKeys (ConfUtils.java:logGet(43)) - raft.server.log.queue.byte-limit = 2147483647 (custom)
2019-10-17 02:14:33,100 [pool-227-thread-1] INFO  server.RaftServerConfigKeys (ConfUtils.java:logGet(43)) - raft.server.log.appender.buffer.byte-limit = 33554432 (custom)
2019-10-17 02:14:33,100 [pool-247-thread-1] INFO  server.RaftServerConfigKeys (ConfUtils.java:logGet(43)) - raft.server.log.queue.element-limit = 1024 (custom)
2019-10-17 02:14:33,100 [pool-237-thread-1] INFO  server.RaftServerConfigKeys (ConfUtils.java:logGet(43)) - raft.server.log.appender.buffer.byte-limit = 33554432 (custom)
2019-10-17 02:14:33,101 [pool-247-thread-1] INFO  server.RaftServerConfigKeys (ConfUtils.java:logGet(43)) - raft.server.log.segment.size.max = 1048576 (custom)
2019-10-17 02:14:33,101 [pool-227-thread-1] INFO  server.RaftServerConfigKeys (ConfUtils.java:logGet(43)) - raft.server.log.segment.size.max = 1048576 (custom)
2019-10-17 02:14:33,101 [pool-247-thread-1] INFO  server.RaftServerConfigKeys (ConfUtils.java:logGet(43)) - raft.server.log.preallocated.size = 16384 (custom)
2019-10-17 02:14:33,101 [pool-237-thread-1] INFO  server.RaftServerConfigKeys (ConfUtils.java:logGet(43)) - raft.server.log.segment.size.max = 1048576 (custom)
2019-10-17 02:14:33,101 [pool-247-thread-1] INFO  server.RaftServerConfigKeys (ConfUtils.java:logGet(43)) - raft.server.log.write.buffer.size = 33554432 (custom)
2019-10-17 02:14:33,101 [pool-227-thread-1] INFO  server.RaftServerConfigKeys (ConfUtils.java:logGet(43)) - raft.server.log.segment.cache.num.max = 2 (custom)
2019-10-17 02:14:33,101 [pool-247-thread-1] INFO  server.RaftServerConfigKeys (ConfUtils.java:logGet(43)) - raft.server.log.force.sync.num = 128 (default)
2019-10-17 02:14:33,101 [pool-237-thread-1] INFO  server.RaftServerConfigKeys (ConfUtils.java:logGet(43)) - raft.server.log.segment.cache.num.max = 2 (custom)
2019-10-17 02:14:33,102 [pool-247-thread-1] INFO  server.RaftServerConfigKeys (ConfUtils.java:logGet(43)) - raft.server.log.statemachine.data.sync = true (default)
2019-10-17 02:14:33,101 [pool-227-thread-1] INFO  segmented.SegmentedRaftLogWorker (SegmentedRaftLogWorker.java:<init>(173)) - new a6b2ebfb-69a0-457c-b6cd-a50cc148b564@group-896385CD49EE-SegmentedRaftLogWorker for RaftStorage:Storage Directory /workdir/hadoop-ozone/ozonefs/target/test-dir/MiniOzoneClusterImpl-a3991107-2db4-4ed9-b586-01161be3d184/datanode-0/data/ratis/dbd7e334-4fd4-4d63-8450-896385cd49ee
2019-10-17 02:14:33,102 [pool-247-thread-1] INFO  server.RaftServerConfigKeys (ConfUtils.java:logGet(43)) - raft.server.log.statemachine.data.sync.timeout = 10s (default)
2019-10-17 02:14:33,102 [pool-237-thread-1] INFO  segmented.SegmentedRaftLogWorker (SegmentedRaftLogWorker.java:<init>(173)) - new b32d7882-88db-4fe6-9cca-6a25122d474d@group-896385CD49EE-SegmentedRaftLogWorker for RaftStorage:Storage Directory /workdir/hadoop-ozone/ozonefs/target/test-dir/MiniOzoneClusterImpl-a3991107-2db4-4ed9-b586-01161be3d184/datanode-1/data/ratis/dbd7e334-4fd4-4d63-8450-896385cd49ee
2019-10-17 02:14:33,102 [pool-247-thread-1] INFO  server.RaftServerConfigKeys (ConfUtils.java:logGet(43)) - raft.server.log.statemachine.data.sync.timeout.retry = -1 (default)
2019-10-17 02:14:33,102 [pool-227-thread-1] INFO  server.RaftServerConfigKeys (ConfUtils.java:logGet(43)) - raft.server.log.queue.byte-limit = 2147483647 (custom)
2019-10-17 02:14:33,102 [pool-247-thread-1] INFO  server.RaftServerConfigKeys (ConfUtils.java:logGet(43)) - raft.server.log.statemachine.data.caching.enabled = true (custom)
2019-10-17 02:14:33,102 [pool-237-thread-1] INFO  server.RaftServerConfigKeys (ConfUtils.java:logGet(43)) - raft.server.log.queue.byte-limit = 2147483647 (custom)
2019-10-17 02:14:33,102 [pool-227-thread-1] INFO  server.RaftServerConfigKeys (ConfUtils.java:logGet(43)) - raft.server.log.queue.element-limit = 1024 (custom)
2019-10-17 02:14:33,103 [pool-237-thread-1] INFO  server.RaftServerConfigKeys (ConfUtils.java:logGet(43)) - raft.server.log.queue.element-limit = 1024 (custom)
2019-10-17 02:14:33,103 [pool-227-thread-1] INFO  server.RaftServerConfigKeys (ConfUtils.java:logGet(43)) - raft.server.log.segment.size.max = 1048576 (custom)
2019-10-17 02:14:33,103 [pool-247-thread-1] INFO  segmented.SegmentedRaftLogWorker (SegmentedRaftLogWorker.java:lambda$new$0(128)) - 3aea292b-16fb-4e9b-be90-828afa8e8047@group-896385CD49EE-SegmentedRaftLogWorker: flushIndex: setUnconditionally 0 -> -1
2019-10-17 02:14:33,103 [pool-227-thread-1] INFO  server.RaftServerConfigKeys (ConfUtils.java:logGet(43)) - raft.server.log.preallocated.size = 16384 (custom)
2019-10-17 02:14:33,103 [pool-237-thread-1] INFO  server.RaftServerConfigKeys (ConfUtils.java:logGet(43)) - raft.server.log.segment.size.max = 1048576 (custom)
2019-10-17 02:14:33,103 [pool-227-thread-1] INFO  server.RaftServerConfigKeys (ConfUtils.java:logGet(43)) - raft.server.log.write.buffer.size = 33554432 (custom)
2019-10-17 02:14:33,104 [pool-247-thread-1] INFO  server.RaftServerConfigKeys (ConfUtils.java:logGet(43)) - raft.server.snapshot.auto.trigger.enabled = true (custom)
2019-10-17 02:14:33,104 [pool-237-thread-1] INFO  server.RaftServerConfigKeys (ConfUtils.java:logGet(43)) - raft.server.log.preallocated.size = 16384 (custom)
2019-10-17 02:14:33,104 [pool-247-thread-1] INFO  server.RaftServerConfigKeys (ConfUtils.java:logGet(43)) - raft.server.snapshot.auto.trigger.threshold = 10000 (custom)
2019-10-17 02:14:33,104 [pool-227-thread-1] INFO  server.RaftServerConfigKeys (ConfUtils.java:logGet(43)) - raft.server.log.force.sync.num = 128 (default)
2019-10-17 02:14:33,104 [pool-247-thread-1] INFO  server.RaftServerConfigKeys (ConfUtils.java:logGet(43)) - raft.server.snapshot.retention.file.num = 5 (custom)
2019-10-17 02:14:33,104 [pool-237-thread-1] INFO  server.RaftServerConfigKeys (ConfUtils.java:logGet(43)) - raft.server.log.write.buffer.size = 33554432 (custom)
2019-10-17 02:14:33,104 [pool-247-thread-1] INFO  server.RaftServerConfigKeys (ConfUtils.java:logGet(43)) - raft.server.retrycache.expirytime = 600000ms (custom)
2019-10-17 02:14:33,104 [pool-227-thread-1] INFO  server.RaftServerConfigKeys (ConfUtils.java:logGet(43)) - raft.server.log.statemachine.data.sync = true (default)
2019-10-17 02:14:33,104 [pool-237-thread-1] INFO  server.RaftServerConfigKeys (ConfUtils.java:logGet(43)) - raft.server.log.force.sync.num = 128 (default)
2019-10-17 02:14:33,105 [pool-227-thread-1] INFO  server.RaftServerConfigKeys (ConfUtils.java:logGet(43)) - raft.server.log.statemachine.data.sync.timeout = 10s (default)
2019-10-17 02:14:33,105 [pool-237-thread-1] INFO  server.RaftServerConfigKeys (ConfUtils.java:logGet(43)) - raft.server.log.statemachine.data.sync = true (default)
2019-10-17 02:14:33,105 [pool-227-thread-1] INFO  server.RaftServerConfigKeys (ConfUtils.java:logGet(43)) - raft.server.log.statemachine.data.sync.timeout.retry = -1 (default)
2019-10-17 02:14:33,105 [pool-237-thread-1] INFO  server.RaftServerConfigKeys (ConfUtils.java:logGet(43)) - raft.server.log.statemachine.data.sync.timeout = 10s (default)
2019-10-17 02:14:33,105 [pool-227-thread-1] INFO  server.RaftServerConfigKeys (ConfUtils.java:logGet(43)) - raft.server.log.statemachine.data.caching.enabled = true (custom)
2019-10-17 02:14:33,105 [pool-237-thread-1] INFO  server.RaftServerConfigKeys (ConfUtils.java:logGet(43)) - raft.server.log.statemachine.data.sync.timeout.retry = -1 (default)
2019-10-17 02:14:33,106 [pool-237-thread-1] INFO  server.RaftServerConfigKeys (ConfUtils.java:logGet(43)) - raft.server.log.statemachine.data.caching.enabled = true (custom)
2019-10-17 02:14:33,106 [pool-227-thread-1] INFO  segmented.SegmentedRaftLogWorker (SegmentedRaftLogWorker.java:lambda$new$0(128)) - a6b2ebfb-69a0-457c-b6cd-a50cc148b564@group-896385CD49EE-SegmentedRaftLogWorker: flushIndex: setUnconditionally 0 -> -1
2019-10-17 02:14:33,106 [pool-237-thread-1] INFO  segmented.SegmentedRaftLogWorker (SegmentedRaftLogWorker.java:lambda$new$0(128)) - b32d7882-88db-4fe6-9cca-6a25122d474d@group-896385CD49EE-SegmentedRaftLogWorker: flushIndex: setUnconditionally 0 -> -1
2019-10-17 02:14:33,106 [pool-227-thread-1] INFO  server.RaftServerConfigKeys (ConfUtils.java:logGet(43)) - raft.server.snapshot.auto.trigger.enabled = true (custom)
2019-10-17 02:14:33,106 [pool-237-thread-1] INFO  server.RaftServerConfigKeys (ConfUtils.java:logGet(43)) - raft.server.snapshot.auto.trigger.enabled = true (custom)
2019-10-17 02:14:33,106 [pool-227-thread-1] INFO  server.RaftServerConfigKeys (ConfUtils.java:logGet(43)) - raft.server.snapshot.auto.trigger.threshold = 10000 (custom)
2019-10-17 02:14:33,106 [pool-237-thread-1] INFO  server.RaftServerConfigKeys (ConfUtils.java:logGet(43)) - raft.server.snapshot.auto.trigger.threshold = 10000 (custom)
2019-10-17 02:14:33,107 [pool-227-thread-1] INFO  server.RaftServerConfigKeys (ConfUtils.java:logGet(43)) - raft.server.snapshot.retention.file.num = 5 (custom)
2019-10-17 02:14:33,107 [pool-237-thread-1] INFO  server.RaftServerConfigKeys (ConfUtils.java:logGet(43)) - raft.server.snapshot.retention.file.num = 5 (custom)
2019-10-17 02:14:33,107 [pool-227-thread-1] INFO  server.RaftServerConfigKeys (ConfUtils.java:logGet(43)) - raft.server.retrycache.expirytime = 600000ms (custom)
2019-10-17 02:14:33,107 [pool-237-thread-1] INFO  server.RaftServerConfigKeys (ConfUtils.java:logGet(43)) - raft.server.retrycache.expirytime = 600000ms (custom)
2019-10-17 02:14:33,107 [pool-247-thread-1] INFO  impl.RaftServerImpl (RaftServerImpl.java:start(195)) - 3aea292b-16fb-4e9b-be90-828afa8e8047@group-896385CD49EE: start as a follower, conf=-1: [b32d7882-88db-4fe6-9cca-6a25122d474d:192.168.157.194:42206, 3aea292b-16fb-4e9b-be90-828afa8e8047:192.168.157.194:34569, a6b2ebfb-69a0-457c-b6cd-a50cc148b564:192.168.157.194:37298], old=null
2019-10-17 02:14:33,107 [pool-247-thread-1] INFO  impl.RaftServerImpl (RaftServerImpl.java:setRole(184)) - 3aea292b-16fb-4e9b-be90-828afa8e8047@group-896385CD49EE: changes role from      null to FOLLOWER at term 0 for startAsFollower
2019-10-17 02:14:33,107 [pool-247-thread-1] INFO  impl.RoleInfo (RoleInfo.java:updateAndGet(143)) - 3aea292b-16fb-4e9b-be90-828afa8e8047: start FollowerState
2019-10-17 02:14:33,108 [pool-247-thread-1] INFO  util.JmxRegister (JmxRegister.java:tryRegister(44)) - Successfully registered JMX Bean with object name Ratis:service=RaftServer,group=group-896385CD49EE,id=3aea292b-16fb-4e9b-be90-828afa8e8047
2019-10-17 02:14:33,110 [pool-227-thread-1] INFO  impl.RaftServerImpl (RaftServerImpl.java:start(195)) - a6b2ebfb-69a0-457c-b6cd-a50cc148b564@group-896385CD49EE: start as a follower, conf=-1: [b32d7882-88db-4fe6-9cca-6a25122d474d:192.168.157.194:42206, 3aea292b-16fb-4e9b-be90-828afa8e8047:192.168.157.194:34569, a6b2ebfb-69a0-457c-b6cd-a50cc148b564:192.168.157.194:37298], old=null
2019-10-17 02:14:33,110 [pool-227-thread-1] INFO  impl.RaftServerImpl (RaftServerImpl.java:setRole(184)) - a6b2ebfb-69a0-457c-b6cd-a50cc148b564@group-896385CD49EE: changes role from      null to FOLLOWER at term 0 for startAsFollower
2019-10-17 02:14:33,110 [pool-227-thread-1] INFO  impl.RoleInfo (RoleInfo.java:updateAndGet(143)) - a6b2ebfb-69a0-457c-b6cd-a50cc148b564: start FollowerState
2019-10-17 02:14:33,110 [pool-237-thread-1] INFO  impl.RaftServerImpl (RaftServerImpl.java:start(195)) - b32d7882-88db-4fe6-9cca-6a25122d474d@group-896385CD49EE: start as a follower, conf=-1: [b32d7882-88db-4fe6-9cca-6a25122d474d:192.168.157.194:42206, 3aea292b-16fb-4e9b-be90-828afa8e8047:192.168.157.194:34569, a6b2ebfb-69a0-457c-b6cd-a50cc148b564:192.168.157.194:37298], old=null
2019-10-17 02:14:33,111 [pool-227-thread-1] INFO  util.JmxRegister (JmxRegister.java:tryRegister(44)) - Successfully registered JMX Bean with object name Ratis:service=RaftServer,group=group-896385CD49EE,id=a6b2ebfb-69a0-457c-b6cd-a50cc148b564
2019-10-17 02:14:33,111 [pool-237-thread-1] INFO  impl.RaftServerImpl (RaftServerImpl.java:setRole(184)) - b32d7882-88db-4fe6-9cca-6a25122d474d@group-896385CD49EE: changes role from      null to FOLLOWER at term 0 for startAsFollower
2019-10-17 02:14:33,111 [pool-237-thread-1] INFO  impl.RoleInfo (RoleInfo.java:updateAndGet(143)) - b32d7882-88db-4fe6-9cca-6a25122d474d: start FollowerState
2019-10-17 02:14:33,111 [pool-237-thread-1] INFO  util.JmxRegister (JmxRegister.java:tryRegister(44)) - Successfully registered JMX Bean with object name Ratis:service=RaftServer,group=group-896385CD49EE,id=b32d7882-88db-4fe6-9cca-6a25122d474d
2019-10-17 02:14:33,116 [Thread-1439] INFO  impl.FollowerState (FollowerState.java:run(108)) - a6b2ebfb-69a0-457c-b6cd-a50cc148b564@group-896385CD49EE-FollowerState: change to CANDIDATE, lastRpcTime:5ms, electionTimeout:5ms
2019-10-17 02:14:33,116 [Thread-1439] INFO  impl.RoleInfo (RoleInfo.java:shutdownFollowerState(121)) - a6b2ebfb-69a0-457c-b6cd-a50cc148b564: shutdown FollowerState
2019-10-17 02:14:33,116 [Thread-1439] INFO  impl.RaftServerImpl (RaftServerImpl.java:setRole(184)) - a6b2ebfb-69a0-457c-b6cd-a50cc148b564@group-896385CD49EE: changes role from  FOLLOWER to CANDIDATE at term 0 for changeToCandidate
2019-10-17 02:14:33,116 [Thread-1439] INFO  impl.RoleInfo (RoleInfo.java:updateAndGet(143)) - a6b2ebfb-69a0-457c-b6cd-a50cc148b564: start LeaderElection
2019-10-17 02:14:33,120 [RatisPipelineUtilsThread] INFO  pipeline.PipelineStateManager (PipelineStateManager.java:addPipeline(55)) - Created pipeline Pipeline[ Id: dbd7e334-4fd4-4d63-8450-896385cd49ee, Nodes: 3aea292b-16fb-4e9b-be90-828afa8e8047{ip: 192.168.157.194, host: pr-hdds-1868-g97gg-2149769003, networkLocation: /default-rack, certSerialId: null}a6b2ebfb-69a0-457c-b6cd-a50cc148b564{ip: 192.168.157.194, host: pr-hdds-1868-g97gg-2149769003, networkLocation: /default-rack, certSerialId: null}b32d7882-88db-4fe6-9cca-6a25122d474d{ip: 192.168.157.194, host: pr-hdds-1868-g97gg-2149769003, networkLocation: /default-rack, certSerialId: null}, Type:RATIS, Factor:THREE, State:ALLOCATED]
2019-10-17 02:14:33,125 [main] INFO  ozone.MiniOzoneClusterImpl (MiniOzoneClusterImpl.java:lambda$waitForClusterToBeReady$2(164)) - Waiting for 1 number of pipelines out of 4, to report a leader.
2019-10-17 02:14:33,134 [a6b2ebfb-69a0-457c-b6cd-a50cc148b564@group-896385CD49EE-LeaderElection68] INFO  impl.LeaderElection (LeaderElection.java:askForVotes(178)) - a6b2ebfb-69a0-457c-b6cd-a50cc148b564@group-896385CD49EE-LeaderElection68: begin an election at term 1 for -1: [b32d7882-88db-4fe6-9cca-6a25122d474d:192.168.157.194:42206, 3aea292b-16fb-4e9b-be90-828afa8e8047:192.168.157.194:34569, a6b2ebfb-69a0-457c-b6cd-a50cc148b564:192.168.157.194:37298], old=null
2019-10-17 02:14:33,138 [grpc-default-executor-2] INFO  impl.RaftServerImpl (RaftServerImpl.java:setRole(184)) - 3aea292b-16fb-4e9b-be90-828afa8e8047@group-896385CD49EE: changes role from  FOLLOWER to FOLLOWER at term 1 for recognizeCandidate:a6b2ebfb-69a0-457c-b6cd-a50cc148b564
2019-10-17 02:14:33,138 [grpc-default-executor-0] INFO  impl.RaftServerImpl (RaftServerImpl.java:setRole(184)) - b32d7882-88db-4fe6-9cca-6a25122d474d@group-896385CD49EE: changes role from  FOLLOWER to FOLLOWER at term 1 for recognizeCandidate:a6b2ebfb-69a0-457c-b6cd-a50cc148b564
2019-10-17 02:14:33,139 [grpc-default-executor-2] INFO  impl.RoleInfo (RoleInfo.java:shutdownFollowerState(121)) - 3aea292b-16fb-4e9b-be90-828afa8e8047: shutdown FollowerState
2019-10-17 02:14:33,139 [grpc-default-executor-0] INFO  impl.RoleInfo (RoleInfo.java:shutdownFollowerState(121)) - b32d7882-88db-4fe6-9cca-6a25122d474d: shutdown FollowerState
2019-10-17 02:14:33,139 [grpc-default-executor-2] INFO  impl.RoleInfo (RoleInfo.java:updateAndGet(143)) - 3aea292b-16fb-4e9b-be90-828afa8e8047: start FollowerState
2019-10-17 02:14:33,139 [Thread-1440] INFO  impl.FollowerState (FollowerState.java:run(117)) - b32d7882-88db-4fe6-9cca-6a25122d474d@group-896385CD49EE-FollowerState was interrupted: java.lang.InterruptedException: sleep interrupted
2019-10-17 02:14:33,139 [grpc-default-executor-0] INFO  impl.RoleInfo (RoleInfo.java:updateAndGet(143)) - b32d7882-88db-4fe6-9cca-6a25122d474d: start FollowerState
2019-10-17 02:14:33,139 [Thread-1438] INFO  impl.FollowerState (FollowerState.java:run(117)) - 3aea292b-16fb-4e9b-be90-828afa8e8047@group-896385CD49EE-FollowerState was interrupted: java.lang.InterruptedException: sleep interrupted
2019-10-17 02:14:33,154 [a6b2ebfb-69a0-457c-b6cd-a50cc148b564@group-896385CD49EE-LeaderElection68] INFO  impl.LeaderElection (LeaderElection.java:logAndReturn(56)) - a6b2ebfb-69a0-457c-b6cd-a50cc148b564@group-896385CD49EE-LeaderElection68: Election PASSED; received 1 response(s) [a6b2ebfb-69a0-457c-b6cd-a50cc148b564<-b32d7882-88db-4fe6-9cca-6a25122d474d#0:OK-t1] and 0 exception(s); a6b2ebfb-69a0-457c-b6cd-a50cc148b564@group-896385CD49EE:t1, leader=null, voted=a6b2ebfb-69a0-457c-b6cd-a50cc148b564, raftlog=a6b2ebfb-69a0-457c-b6cd-a50cc148b564@group-896385CD49EE-SegmentedRaftLog:OPENED:c-1,f-1,i0, conf=-1: [b32d7882-88db-4fe6-9cca-6a25122d474d:192.168.157.194:42206, 3aea292b-16fb-4e9b-be90-828afa8e8047:192.168.157.194:34569, a6b2ebfb-69a0-457c-b6cd-a50cc148b564:192.168.157.194:37298], old=null
2019-10-17 02:14:33,154 [a6b2ebfb-69a0-457c-b6cd-a50cc148b564@group-896385CD49EE-LeaderElection68] INFO  impl.RoleInfo (RoleInfo.java:shutdownLeaderElection(134)) - a6b2ebfb-69a0-457c-b6cd-a50cc148b564: shutdown LeaderElection
2019-10-17 02:14:33,155 [a6b2ebfb-69a0-457c-b6cd-a50cc148b564@group-896385CD49EE-LeaderElection68] INFO  impl.RaftServerImpl (RaftServerImpl.java:setRole(184)) - a6b2ebfb-69a0-457c-b6cd-a50cc148b564@group-896385CD49EE: changes role from CANDIDATE to LEADER at term 1 for changeToLeader
2019-10-17 02:14:33,155 [a6b2ebfb-69a0-457c-b6cd-a50cc148b564@group-896385CD49EE-LeaderElection68] INFO  ratis.XceiverServerRatis (XceiverServerRatis.java:handleLeaderChangedNotification(699)) - Leader change notification received for group: group-896385CD49EE with new leaderId: a6b2ebfb-69a0-457c-b6cd-a50cc148b564
2019-10-17 02:14:33,155 [a6b2ebfb-69a0-457c-b6cd-a50cc148b564@group-896385CD49EE-LeaderElection68] INFO  impl.RaftServerImpl (ServerState.java:setLeader(256)) - a6b2ebfb-69a0-457c-b6cd-a50cc148b564@group-896385CD49EE: change Leader from null to a6b2ebfb-69a0-457c-b6cd-a50cc148b564 at term 1 for becomeLeader, leader elected after 56ms
2019-10-17 02:14:33,155 [a6b2ebfb-69a0-457c-b6cd-a50cc148b564@group-896385CD49EE-LeaderElection68] INFO  server.RaftServerConfigKeys (ConfUtils.java:logGet(43)) - raft.server.staging.catchup.gap = 1000 (default)
2019-10-17 02:14:33,155 [a6b2ebfb-69a0-457c-b6cd-a50cc148b564@group-896385CD49EE-LeaderElection68] INFO  server.RaftServerConfigKeys (ConfUtils.java:logGet(43)) - raft.server.rpc.sleep.time = 25ms (default)
2019-10-17 02:14:33,156 [a6b2ebfb-69a0-457c-b6cd-a50cc148b564@group-896385CD49EE-LeaderElection68] INFO  server.RaftServerConfigKeys (ConfUtils.java:logGet(43)) - raft.server.write.element-limit = 4096 (default)
2019-10-17 02:14:33,156 [a6b2ebfb-69a0-457c-b6cd-a50cc148b564@group-896385CD49EE-LeaderElection68] INFO  server.RaftServerConfigKeys (ConfUtils.java:logGet(43)) - raft.server.watch.timeout = 10s (default)
2019-10-17 02:14:33,156 [a6b2ebfb-69a0-457c-b6cd-a50cc148b564@group-896385CD49EE-LeaderElection68] INFO  server.RaftServerConfigKeys (ConfUtils.java:logGet(43)) - raft.server.watch.timeout.denomination = 1s (default)
2019-10-17 02:14:33,156 [a6b2ebfb-69a0-457c-b6cd-a50cc148b564@group-896385CD49EE-LeaderElection68] INFO  server.RaftServerConfigKeys (ConfUtils.java:logGet(43)) - raft.server.watch.element-limit = 65536 (default)
2019-10-17 02:14:33,157 [EventQueue-PipelineReportForPipelineReportHandler] INFO  pipeline.PipelineReportHandler (PipelineReportHandler.java:processPipelineReport(119)) - Pipeline PipelineID=dbd7e334-4fd4-4d63-8450-896385cd49ee reported by a6b2ebfb-69a0-457c-b6cd-a50cc148b564{ip: 192.168.157.194, host: pr-hdds-1868-g97gg-2149769003, networkLocation: /default-rack, certSerialId: null} with leaderId a6b2ebfb-69a0-457c-b6cd-a50cc148b564
2019-10-17 02:14:33,158 [a6b2ebfb-69a0-457c-b6cd-a50cc148b564@group-896385CD49EE-LeaderElection68] INFO  server.RaftServerConfigKeys (ConfUtils.java:logGet(43)) - raft.server.log.appender.snapshot.chunk.size.max = 16MB (=16777216) (default)
2019-10-17 02:14:33,158 [a6b2ebfb-69a0-457c-b6cd-a50cc148b564@group-896385CD49EE-LeaderElection68] INFO  server.RaftServerConfigKeys (ConfUtils.java:logGet(43)) - raft.server.log.appender.buffer.byte-limit = 33554432 (custom)
2019-10-17 02:14:33,159 [a6b2ebfb-69a0-457c-b6cd-a50cc148b564@group-896385CD49EE-LeaderElection68] INFO  server.RaftServerConfigKeys (ConfUtils.java:logGet(43)) - raft.server.log.appender.buffer.element-limit = 1 (custom)
2019-10-17 02:14:33,159 [a6b2ebfb-69a0-457c-b6cd-a50cc148b564@group-896385CD49EE-LeaderElection68] INFO  grpc.GrpcConfigKeys$Server (ConfUtils.java:logGet(43)) - raft.grpc.server.leader.outstanding.appends.max = 128 (default)
2019-10-17 02:14:33,159 [a6b2ebfb-69a0-457c-b6cd-a50cc148b564@group-896385CD49EE-LeaderElection68] INFO  server.RaftServerConfigKeys (ConfUtils.java:logGet(43)) - raft.server.rpc.request.timeout = 3000ms (default)
2019-10-17 02:14:33,159 [a6b2ebfb-69a0-457c-b6cd-a50cc148b564@group-896385CD49EE-LeaderElection68] INFO  server.RaftServerConfigKeys (ConfUtils.java:logGet(43)) - raft.server.log.appender.install.snapshot.enabled = false (custom)
2019-10-17 02:14:33,161 [a6b2ebfb-69a0-457c-b6cd-a50cc148b564@group-896385CD49EE-LeaderElection68] INFO  server.RaftServerConfigKeys (ConfUtils.java:logGet(43)) - raft.server.log.appender.snapshot.chunk.size.max = 16MB (=16777216) (default)
2019-10-17 02:14:33,161 [a6b2ebfb-69a0-457c-b6cd-a50cc148b564@group-896385CD49EE-LeaderElection68] INFO  server.RaftServerConfigKeys (ConfUtils.java:logGet(43)) - raft.server.log.appender.buffer.byte-limit = 33554432 (custom)
2019-10-17 02:14:33,161 [a6b2ebfb-69a0-457c-b6cd-a50cc148b564@group-896385CD49EE-LeaderElection68] INFO  server.RaftServerConfigKeys (ConfUtils.java:logGet(43)) - raft.server.log.appender.buffer.element-limit = 1 (custom)
2019-10-17 02:14:33,161 [a6b2ebfb-69a0-457c-b6cd-a50cc148b564@group-896385CD49EE-LeaderElection68] INFO  grpc.GrpcConfigKeys$Server (ConfUtils.java:logGet(43)) - raft.grpc.server.leader.outstanding.appends.max = 128 (default)
2019-10-17 02:14:33,162 [a6b2ebfb-69a0-457c-b6cd-a50cc148b564@group-896385CD49EE-LeaderElection68] INFO  server.RaftServerConfigKeys (ConfUtils.java:logGet(43)) - raft.server.rpc.request.timeout = 3000ms (default)
2019-10-17 02:14:33,162 [a6b2ebfb-69a0-457c-b6cd-a50cc148b564@group-896385CD49EE-LeaderElection68] INFO  server.RaftServerConfigKeys (ConfUtils.java:logGet(43)) - raft.server.log.appender.install.snapshot.enabled = false (custom)
2019-10-17 02:14:33,164 [a6b2ebfb-69a0-457c-b6cd-a50cc148b564@group-896385CD49EE-LeaderElection68] INFO  impl.RoleInfo (RoleInfo.java:updateAndGet(143)) - a6b2ebfb-69a0-457c-b6cd-a50cc148b564: start LeaderState
2019-10-17 02:14:33,164 [a6b2ebfb-69a0-457c-b6cd-a50cc148b564@group-896385CD49EE-LeaderElection68] INFO  segmented.SegmentedRaftLogWorker (SegmentedRaftLogWorker.java:startLogSegment(385)) - a6b2ebfb-69a0-457c-b6cd-a50cc148b564@group-896385CD49EE-SegmentedRaftLogWorker: Starting segment from index:0
2019-10-17 02:14:33,165 [a6b2ebfb-69a0-457c-b6cd-a50cc148b564@group-896385CD49EE-LeaderElection68] INFO  impl.RaftServerImpl (ServerState.java:setRaftConf(357)) - a6b2ebfb-69a0-457c-b6cd-a50cc148b564@group-896385CD49EE: set configuration 0: [b32d7882-88db-4fe6-9cca-6a25122d474d:192.168.157.194:42206, 3aea292b-16fb-4e9b-be90-828afa8e8047:192.168.157.194:34569, a6b2ebfb-69a0-457c-b6cd-a50cc148b564:192.168.157.194:37298], old=null at 0
2019-10-17 02:14:33,195 [Thread-1448] INFO  impl.FollowerState (FollowerState.java:run(108)) - b32d7882-88db-4fe6-9cca-6a25122d474d@group-896385CD49EE-FollowerState: change to CANDIDATE, lastRpcTime:55ms, electionTimeout:47ms
2019-10-17 02:14:33,195 [Thread-1448] INFO  impl.RoleInfo (RoleInfo.java:shutdownFollowerState(121)) - b32d7882-88db-4fe6-9cca-6a25122d474d: shutdown FollowerState
2019-10-17 02:14:33,195 [Thread-1448] INFO  impl.RaftServerImpl (RaftServerImpl.java:setRole(184)) - b32d7882-88db-4fe6-9cca-6a25122d474d@group-896385CD49EE: changes role from  FOLLOWER to CANDIDATE at term 1 for changeToCandidate
2019-10-17 02:14:33,195 [Thread-1448] INFO  impl.RoleInfo (RoleInfo.java:updateAndGet(143)) - b32d7882-88db-4fe6-9cca-6a25122d474d: start LeaderElection
2019-10-17 02:14:33,198 [grpc-default-executor-0] INFO  ratis.XceiverServerRatis (XceiverServerRatis.java:handleLeaderChangedNotification(699)) - Leader change notification received for group: group-896385CD49EE with new leaderId: a6b2ebfb-69a0-457c-b6cd-a50cc148b564
2019-10-17 02:14:33,199 [grpc-default-executor-0] INFO  impl.RaftServerImpl (ServerState.java:setLeader(256)) - 3aea292b-16fb-4e9b-be90-828afa8e8047@group-896385CD49EE: change Leader from null to a6b2ebfb-69a0-457c-b6cd-a50cc148b564 at term 1 for appendEntries, leader elected after 100ms
2019-10-17 02:14:33,200 [EventQueue-PipelineReportForPipelineReportHandler] INFO  pipeline.PipelineReportHandler (PipelineReportHandler.java:processPipelineReport(119)) - Pipeline PipelineID=dbd7e334-4fd4-4d63-8450-896385cd49ee reported by 3aea292b-16fb-4e9b-be90-828afa8e8047{ip: 192.168.157.194, host: pr-hdds-1868-g97gg-2149769003, networkLocation: /default-rack, certSerialId: null} with leaderId a6b2ebfb-69a0-457c-b6cd-a50cc148b564
2019-10-17 02:14:33,203 [grpc-default-executor-0] INFO  impl.RaftServerImpl (ServerState.java:setRaftConf(357)) - 3aea292b-16fb-4e9b-be90-828afa8e8047@group-896385CD49EE: set configuration 0: [b32d7882-88db-4fe6-9cca-6a25122d474d:192.168.157.194:42206, 3aea292b-16fb-4e9b-be90-828afa8e8047:192.168.157.194:34569, a6b2ebfb-69a0-457c-b6cd-a50cc148b564:192.168.157.194:37298], old=null at 0
2019-10-17 02:14:33,203 [grpc-default-executor-0] INFO  segmented.SegmentedRaftLogWorker (SegmentedRaftLogWorker.java:startLogSegment(385)) - 3aea292b-16fb-4e9b-be90-828afa8e8047@group-896385CD49EE-SegmentedRaftLogWorker: Starting segment from index:0
2019-10-17 02:14:33,208 [a6b2ebfb-69a0-457c-b6cd-a50cc148b564@group-896385CD49EE-SegmentedRaftLogWorker] INFO  segmented.SegmentedRaftLogWorker (SegmentedRaftLogWorker.java:execute(576)) - a6b2ebfb-69a0-457c-b6cd-a50cc148b564@group-896385CD49EE-SegmentedRaftLogWorker: created new log segment /workdir/hadoop-ozone/ozonefs/target/test-dir/MiniOzoneClusterImpl-a3991107-2db4-4ed9-b586-01161be3d184/datanode-0/data/ratis/dbd7e334-4fd4-4d63-8450-896385cd49ee/current/log_inprogress_0
2019-10-17 02:14:33,208 [b32d7882-88db-4fe6-9cca-6a25122d474d@group-896385CD49EE-LeaderElection69] INFO  impl.LeaderElection (LeaderElection.java:askForVotes(178)) - b32d7882-88db-4fe6-9cca-6a25122d474d@group-896385CD49EE-LeaderElection69: begin an election at term 2 for -1: [b32d7882-88db-4fe6-9cca-6a25122d474d:192.168.157.194:42206, 3aea292b-16fb-4e9b-be90-828afa8e8047:192.168.157.194:34569, a6b2ebfb-69a0-457c-b6cd-a50cc148b564:192.168.157.194:37298], old=null
2019-10-17 02:14:33,209 [Thread-1449] INFO  impl.RaftServerImpl (ServerState.java:setLeader(256)) - a6b2ebfb-69a0-457c-b6cd-a50cc148b564@group-896385CD49EE: change Leader from a6b2ebfb-69a0-457c-b6cd-a50cc148b564 to null at term 2 for updateCurrentTerm
2019-10-17 02:14:33,209 [Thread-1449] INFO  impl.RaftServerImpl (RaftServerImpl.java:setRole(184)) - a6b2ebfb-69a0-457c-b6cd-a50cc148b564@group-896385CD49EE: changes role from    LEADER to FOLLOWER at term 2 for stepDown
2019-10-17 02:14:33,210 [Thread-1449] INFO  impl.RoleInfo (RoleInfo.java:shutdownLeaderState(104)) - a6b2ebfb-69a0-457c-b6cd-a50cc148b564: shutdown LeaderState
2019-10-17 02:14:33,242 [org.apache.ratis.server.impl.LogAppender$AppenderDaemon$$Lambda$420/668486942@5ac02333] WARN  server.GrpcLogAppender (GrpcLogAppender.java:mayWait(149)) - a6b2ebfb-69a0-457c-b6cd-a50cc148b564@group-896385CD49EE->3aea292b-16fb-4e9b-be90-828afa8e8047-GrpcLogAppender: Wait interrupted by java.lang.InterruptedException
2019-10-17 02:14:33,242 [Thread-1449] INFO  impl.PendingRequests (PendingRequests.java:sendNotLeaderResponses(202)) - a6b2ebfb-69a0-457c-b6cd-a50cc148b564@group-896385CD49EE-PendingRequests: sendNotLeaderResponses
2019-10-17 02:14:33,242 [org.apache.ratis.server.impl.LogAppender$AppenderDaemon$$Lambda$420/668486942@6b61ce80] WARN  server.GrpcLogAppender (GrpcLogAppender.java:mayWait(149)) - a6b2ebfb-69a0-457c-b6cd-a50cc148b564@group-896385CD49EE->b32d7882-88db-4fe6-9cca-6a25122d474d-GrpcLogAppender: Wait interrupted by java.lang.InterruptedException
2019-10-17 02:14:33,242 [Thread-1449] INFO  impl.RoleInfo (RoleInfo.java:updateAndGet(143)) - a6b2ebfb-69a0-457c-b6cd-a50cc148b564: start FollowerState
2019-10-17 02:14:33,242 [grpc-default-executor-0] INFO  server.GrpcServerProtocolService (GrpcServerProtocolService.java:onCompleted(113)) - 3aea292b-16fb-4e9b-be90-828afa8e8047: Completed APPEND_ENTRIES, lastRequest: a6b2ebfb-69a0-457c-b6cd-a50cc148b564->3aea292b-16fb-4e9b-be90-828afa8e8047#1-t1, previous=(t:0, i:0), leaderCommit=-1, initializing? false, entries: size=1, first=(t:1, i:0), CONFIGURATIONENTRY
2019-10-17 02:14:33,243 [grpc-default-executor-0] INFO  server.GrpcServerProtocolService (GrpcServerProtocolService.java:onCompleted(113)) - b32d7882-88db-4fe6-9cca-6a25122d474d: Completed APPEND_ENTRIES, lastRequest: a6b2ebfb-69a0-457c-b6cd-a50cc148b564->b32d7882-88db-4fe6-9cca-6a25122d474d#0-t1, previous=(t:0, i:0), leaderCommit=-1, initializing? false, entries: <empty>
2019-10-17 02:14:33,243 [grpc-default-executor-0] INFO  server.GrpcLogAppender (GrpcLogAppender.java:onCompleted(308)) - a6b2ebfb-69a0-457c-b6cd-a50cc148b564@group-896385CD49EE->3aea292b-16fb-4e9b-be90-828afa8e8047-AppendLogResponseHandler: follower responses appendEntries COMPLETED
2019-10-17 02:14:33,245 [grpc-default-executor-2] INFO  server.GrpcLogAppender (GrpcLogAppender.java:onCompleted(308)) - a6b2ebfb-69a0-457c-b6cd-a50cc148b564@group-896385CD49EE->b32d7882-88db-4fe6-9cca-6a25122d474d-AppendLogResponseHandler: follower responses appendEntries COMPLETED
2019-10-17 02:14:33,245 [grpc-default-executor-0] INFO  impl.FollowerInfo (FollowerInfo.java:lambda$new$0(51)) - a6b2ebfb-69a0-457c-b6cd-a50cc148b564@group-896385CD49EE->3aea292b-16fb-4e9b-be90-828afa8e8047: nextIndex: updateUnconditionally 1 -> 0
2019-10-17 02:14:33,247 [grpc-default-executor-2] INFO  impl.FollowerInfo (FollowerInfo.java:lambda$new$0(51)) - a6b2ebfb-69a0-457c-b6cd-a50cc148b564@group-896385CD49EE->b32d7882-88db-4fe6-9cca-6a25122d474d: nextIndex: updateUnconditionally 0 -> 0
2019-10-17 02:14:33,248 [grpc-default-executor-2] INFO  impl.RaftServerImpl (ServerState.java:setLeader(256)) - 3aea292b-16fb-4e9b-be90-828afa8e8047@group-896385CD49EE: change Leader from a6b2ebfb-69a0-457c-b6cd-a50cc148b564 to null at term 2 for updateCurrentTerm
2019-10-17 02:14:33,248 [grpc-default-executor-2] INFO  impl.RaftServerImpl (RaftServerImpl.java:setRole(184)) - 3aea292b-16fb-4e9b-be90-828afa8e8047@group-896385CD49EE: changes role from  FOLLOWER to FOLLOWER at term 2 for recognizeCandidate:b32d7882-88db-4fe6-9cca-6a25122d474d
2019-10-17 02:14:33,248 [grpc-default-executor-2] INFO  impl.RoleInfo (RoleInfo.java:shutdownFollowerState(121)) - 3aea292b-16fb-4e9b-be90-828afa8e8047: shutdown FollowerState
2019-10-17 02:14:33,248 [grpc-default-executor-2] INFO  impl.RoleInfo (RoleInfo.java:updateAndGet(143)) - 3aea292b-16fb-4e9b-be90-828afa8e8047: start FollowerState
2019-10-17 02:14:33,248 [Thread-1447] INFO  impl.FollowerState (FollowerState.java:run(117)) - 3aea292b-16fb-4e9b-be90-828afa8e8047@group-896385CD49EE-FollowerState was interrupted: java.lang.InterruptedException: sleep interrupted
2019-10-17 02:14:33,256 [3aea292b-16fb-4e9b-be90-828afa8e8047@group-896385CD49EE-SegmentedRaftLogWorker] INFO  segmented.SegmentedRaftLogWorker (SegmentedRaftLogWorker.java:execute(576)) - 3aea292b-16fb-4e9b-be90-828afa8e8047@group-896385CD49EE-SegmentedRaftLogWorker: created new log segment /workdir/hadoop-ozone/ozonefs/target/test-dir/MiniOzoneClusterImpl-a3991107-2db4-4ed9-b586-01161be3d184/datanode-2/data/ratis/dbd7e334-4fd4-4d63-8450-896385cd49ee/current/log_inprogress_0
2019-10-17 02:14:33,257 [grpc-default-executor-0] INFO  impl.RaftServerImpl (RaftServerImpl.java:setRole(184)) - a6b2ebfb-69a0-457c-b6cd-a50cc148b564@group-896385CD49EE: changes role from  FOLLOWER to FOLLOWER at term 2 for recognizeCandidate:b32d7882-88db-4fe6-9cca-6a25122d474d
2019-10-17 02:14:33,257 [grpc-default-executor-0] INFO  impl.RoleInfo (RoleInfo.java:shutdownFollowerState(121)) - a6b2ebfb-69a0-457c-b6cd-a50cc148b564: shutdown FollowerState
2019-10-17 02:14:33,257 [Thread-1458] INFO  impl.FollowerState (FollowerState.java:run(117)) - a6b2ebfb-69a0-457c-b6cd-a50cc148b564@group-896385CD49EE-FollowerState was interrupted: java.lang.InterruptedException: sleep interrupted
2019-10-17 02:14:33,257 [grpc-default-executor-0] INFO  impl.RoleInfo (RoleInfo.java:updateAndGet(143)) - a6b2ebfb-69a0-457c-b6cd-a50cc148b564: start FollowerState
2019-10-17 02:14:33,259 [b32d7882-88db-4fe6-9cca-6a25122d474d@group-896385CD49EE-LeaderElection69] INFO  impl.LeaderElection (LeaderElection.java:logAndReturn(56)) - b32d7882-88db-4fe6-9cca-6a25122d474d@group-896385CD49EE-LeaderElection69: Election REJECTED; received 2 response(s) [b32d7882-88db-4fe6-9cca-6a25122d474d<-3aea292b-16fb-4e9b-be90-828afa8e8047#0:FAIL-t2, b32d7882-88db-4fe6-9cca-6a25122d474d<-a6b2ebfb-69a0-457c-b6cd-a50cc148b564#0:FAIL-t2] and 0 exception(s); b32d7882-88db-4fe6-9cca-6a25122d474d@group-896385CD49EE:t2, leader=null, voted=b32d7882-88db-4fe6-9cca-6a25122d474d, raftlog=b32d7882-88db-4fe6-9cca-6a25122d474d@group-896385CD49EE-SegmentedRaftLog:OPENED:c-1,f-1,i0, conf=-1: [b32d7882-88db-4fe6-9cca-6a25122d474d:192.168.157.194:42206, 3aea292b-16fb-4e9b-be90-828afa8e8047:192.168.157.194:34569, a6b2ebfb-69a0-457c-b6cd-a50cc148b564:192.168.157.194:37298], old=null
2019-10-17 02:14:33,259 [b32d7882-88db-4fe6-9cca-6a25122d474d@group-896385CD49EE-LeaderElection69] INFO  impl.RaftServerImpl (RaftServerImpl.java:setRole(184)) - b32d7882-88db-4fe6-9cca-6a25122d474d@group-896385CD49EE: changes role from CANDIDATE to FOLLOWER at term 2 for DISCOVERED_A_NEW_TERM
2019-10-17 02:14:33,259 [b32d7882-88db-4fe6-9cca-6a25122d474d@group-896385CD49EE-LeaderElection69] INFO  impl.RoleInfo (RoleInfo.java:shutdownLeaderElection(134)) - b32d7882-88db-4fe6-9cca-6a25122d474d: shutdown LeaderElection
2019-10-17 02:14:33,259 [b32d7882-88db-4fe6-9cca-6a25122d474d@group-896385CD49EE-LeaderElection69] INFO  impl.RoleInfo (RoleInfo.java:updateAndGet(143)) - b32d7882-88db-4fe6-9cca-6a25122d474d: start FollowerState
2019-10-17 02:14:33,399 [Thread-1461] INFO  impl.FollowerState (FollowerState.java:run(108)) - b32d7882-88db-4fe6-9cca-6a25122d474d@group-896385CD49EE-FollowerState: change to CANDIDATE, lastRpcTime:139ms, electionTimeout:139ms
2019-10-17 02:14:33,399 [Thread-1461] INFO  impl.RoleInfo (RoleInfo.java:shutdownFollowerState(121)) - b32d7882-88db-4fe6-9cca-6a25122d474d: shutdown FollowerState
2019-10-17 02:14:33,399 [Thread-1461] INFO  impl.RaftServerImpl (RaftServerImpl.java:setRole(184)) - b32d7882-88db-4fe6-9cca-6a25122d474d@group-896385CD49EE: changes role from  FOLLOWER to CANDIDATE at term 2 for changeToCandidate
2019-10-17 02:14:33,399 [Thread-1461] INFO  impl.RoleInfo (RoleInfo.java:updateAndGet(143)) - b32d7882-88db-4fe6-9cca-6a25122d474d: start LeaderElection
2019-10-17 02:14:33,417 [b32d7882-88db-4fe6-9cca-6a25122d474d@group-896385CD49EE-LeaderElection70] INFO  impl.LeaderElection (LeaderElection.java:askForVotes(178)) - b32d7882-88db-4fe6-9cca-6a25122d474d@group-896385CD49EE-LeaderElection70: begin an election at term 3 for -1: [b32d7882-88db-4fe6-9cca-6a25122d474d:192.168.157.194:42206, 3aea292b-16fb-4e9b-be90-828afa8e8047:192.168.157.194:34569, a6b2ebfb-69a0-457c-b6cd-a50cc148b564:192.168.157.194:37298], old=null
2019-10-17 02:14:33,421 [grpc-default-executor-2] INFO  impl.RaftServerImpl (RaftServerImpl.java:setRole(184)) - a6b2ebfb-69a0-457c-b6cd-a50cc148b564@group-896385CD49EE: changes role from  FOLLOWER to FOLLOWER at term 3 for recognizeCandidate:b32d7882-88db-4fe6-9cca-6a25122d474d
2019-10-17 02:14:33,421 [grpc-default-executor-0] INFO  impl.RaftServerImpl (RaftServerImpl.java:setRole(184)) - 3aea292b-16fb-4e9b-be90-828afa8e8047@group-896385CD49EE: changes role from  FOLLOWER to FOLLOWER at term 3 for recognizeCandidate:b32d7882-88db-4fe6-9cca-6a25122d474d
2019-10-17 02:14:33,422 [grpc-default-executor-2] INFO  impl.RoleInfo (RoleInfo.java:shutdownFollowerState(121)) - a6b2ebfb-69a0-457c-b6cd-a50cc148b564: shutdown FollowerState
2019-10-17 02:14:33,422 [grpc-default-executor-0] INFO  impl.RoleInfo (RoleInfo.java:shutdownFollowerState(121)) - 3aea292b-16fb-4e9b-be90-828afa8e8047: shutdown FollowerState
2019-10-17 02:14:33,422 [Thread-1460] INFO  impl.FollowerState (FollowerState.java:run(117)) - a6b2ebfb-69a0-457c-b6cd-a50cc148b564@group-896385CD49EE-FollowerState was interrupted: java.lang.InterruptedException: sleep interrupted
2019-10-17 02:14:33,422 [grpc-default-executor-2] INFO  impl.RoleInfo (RoleInfo.java:updateAndGet(143)) - a6b2ebfb-69a0-457c-b6cd-a50cc148b564: start FollowerState
2019-10-17 02:14:33,422 [Thread-1459] INFO  impl.FollowerState (FollowerState.java:run(117)) - 3aea292b-16fb-4e9b-be90-828afa8e8047@group-896385CD49EE-FollowerState was interrupted: java.lang.InterruptedException: sleep interrupted
2019-10-17 02:14:33,422 [grpc-default-executor-0] INFO  impl.RoleInfo (RoleInfo.java:updateAndGet(143)) - 3aea292b-16fb-4e9b-be90-828afa8e8047: start FollowerState
2019-10-17 02:14:33,438 [b32d7882-88db-4fe6-9cca-6a25122d474d@group-896385CD49EE-LeaderElection70] INFO  impl.LeaderElection (LeaderElection.java:logAndReturn(56)) - b32d7882-88db-4fe6-9cca-6a25122d474d@group-896385CD49EE-LeaderElection70: Election REJECTED; received 2 response(s) [b32d7882-88db-4fe6-9cca-6a25122d474d<-3aea292b-16fb-4e9b-be90-828afa8e8047#0:FAIL-t3, b32d7882-88db-4fe6-9cca-6a25122d474d<-a6b2ebfb-69a0-457c-b6cd-a50cc148b564#0:FAIL-t3] and 0 exception(s); b32d7882-88db-4fe6-9cca-6a25122d474d@group-896385CD49EE:t3, leader=null, voted=b32d7882-88db-4fe6-9cca-6a25122d474d, raftlog=b32d7882-88db-4fe6-9cca-6a25122d474d@group-896385CD49EE-SegmentedRaftLog:OPENED:c-1,f-1,i0, conf=-1: [b32d7882-88db-4fe6-9cca-6a25122d474d:192.168.157.194:42206, 3aea292b-16fb-4e9b-be90-828afa8e8047:192.168.157.194:34569, a6b2ebfb-69a0-457c-b6cd-a50cc148b564:192.168.157.194:37298], old=null
2019-10-17 02:14:33,438 [b32d7882-88db-4fe6-9cca-6a25122d474d@group-896385CD49EE-LeaderElection70] INFO  impl.RaftServerImpl (RaftServerImpl.java:setRole(184)) - b32d7882-88db-4fe6-9cca-6a25122d474d@group-896385CD49EE: changes role from CANDIDATE to FOLLOWER at term 3 for DISCOVERED_A_NEW_TERM
2019-10-17 02:14:33,438 [b32d7882-88db-4fe6-9cca-6a25122d474d@group-896385CD49EE-LeaderElection70] INFO  impl.RoleInfo (RoleInfo.java:shutdownLeaderElection(134)) - b32d7882-88db-4fe6-9cca-6a25122d474d: shutdown LeaderElection
2019-10-17 02:14:33,438 [b32d7882-88db-4fe6-9cca-6a25122d474d@group-896385CD49EE-LeaderElection70] INFO  impl.RoleInfo (RoleInfo.java:updateAndGet(143)) - b32d7882-88db-4fe6-9cca-6a25122d474d: start FollowerState
2019-10-17 02:14:33,526 [Thread-1468] INFO  impl.FollowerState (FollowerState.java:run(108)) - b32d7882-88db-4fe6-9cca-6a25122d474d@group-896385CD49EE-FollowerState: change to CANDIDATE, lastRpcTime:87ms, electionTimeout:87ms
2019-10-17 02:14:33,526 [Thread-1468] INFO  impl.RoleInfo (RoleInfo.java:shutdownFollowerState(121)) - b32d7882-88db-4fe6-9cca-6a25122d474d: shutdown FollowerState
2019-10-17 02:14:33,526 [Thread-1468] INFO  impl.RaftServerImpl (RaftServerImpl.java:setRole(184)) - b32d7882-88db-4fe6-9cca-6a25122d474d@group-896385CD49EE: changes role from  FOLLOWER to CANDIDATE at term 3 for changeToCandidate
2019-10-17 02:14:33,527 [Thread-1468] INFO  impl.RoleInfo (RoleInfo.java:updateAndGet(143)) - b32d7882-88db-4fe6-9cca-6a25122d474d: start LeaderElection
2019-10-17 02:14:33,541 [b32d7882-88db-4fe6-9cca-6a25122d474d@group-896385CD49EE-LeaderElection71] INFO  impl.LeaderElection (LeaderElection.java:askForVotes(178)) - b32d7882-88db-4fe6-9cca-6a25122d474d@group-896385CD49EE-LeaderElection71: begin an election at term 4 for -1: [b32d7882-88db-4fe6-9cca-6a25122d474d:192.168.157.194:42206, 3aea292b-16fb-4e9b-be90-828afa8e8047:192.168.157.194:34569, a6b2ebfb-69a0-457c-b6cd-a50cc148b564:192.168.157.194:37298], old=null
2019-10-17 02:14:33,545 [grpc-default-executor-2] INFO  impl.RaftServerImpl (RaftServerImpl.java:setRole(184)) - a6b2ebfb-69a0-457c-b6cd-a50cc148b564@group-896385CD49EE: changes role from  FOLLOWER to FOLLOWER at term 4 for recognizeCandidate:b32d7882-88db-4fe6-9cca-6a25122d474d
2019-10-17 02:14:33,545 [grpc-default-executor-2] INFO  impl.RoleInfo (RoleInfo.java:shutdownFollowerState(121)) - a6b2ebfb-69a0-457c-b6cd-a50cc148b564: shutdown FollowerState
2019-10-17 02:14:33,546 [grpc-default-executor-0] INFO  impl.RaftServerImpl (RaftServerImpl.java:setRole(184)) - 3aea292b-16fb-4e9b-be90-828afa8e8047@group-896385CD49EE: changes role from  FOLLOWER to FOLLOWER at term 4 for recognizeCandidate:b32d7882-88db-4fe6-9cca-6a25122d474d
2019-10-17 02:14:33,546 [Thread-1466] INFO  impl.FollowerState (FollowerState.java:run(117)) - a6b2ebfb-69a0-457c-b6cd-a50cc148b564@group-896385CD49EE-FollowerState was interrupted: java.lang.InterruptedException: sleep interrupted
2019-10-17 02:14:33,546 [grpc-default-executor-2] INFO  impl.RoleInfo (RoleInfo.java:updateAndGet(143)) - a6b2ebfb-69a0-457c-b6cd-a50cc148b564: start FollowerState
2019-10-17 02:14:33,546 [grpc-default-executor-0] INFO  impl.RoleInfo (RoleInfo.java:shutdownFollowerState(121)) - 3aea292b-16fb-4e9b-be90-828afa8e8047: shutdown FollowerState
2019-10-17 02:14:33,546 [grpc-default-executor-0] INFO  impl.RoleInfo (RoleInfo.java:updateAndGet(143)) - 3aea292b-16fb-4e9b-be90-828afa8e8047: start FollowerState
2019-10-17 02:14:33,546 [Thread-1467] INFO  impl.FollowerState (FollowerState.java:run(117)) - 3aea292b-16fb-4e9b-be90-828afa8e8047@group-896385CD49EE-FollowerState was interrupted: java.lang.InterruptedException: sleep interrupted
2019-10-17 02:14:33,561 [b32d7882-88db-4fe6-9cca-6a25122d474d@group-896385CD49EE-LeaderElection71] INFO  impl.LeaderElection (LeaderElection.java:logAndReturn(56)) - b32d7882-88db-4fe6-9cca-6a25122d474d@group-896385CD49EE-LeaderElection71: Election REJECTED; received 2 response(s) [b32d7882-88db-4fe6-9cca-6a25122d474d<-3aea292b-16fb-4e9b-be90-828afa8e8047#0:FAIL-t4, b32d7882-88db-4fe6-9cca-6a25122d474d<-a6b2ebfb-69a0-457c-b6cd-a50cc148b564#0:FAIL-t4] and 0 exception(s); b32d7882-88db-4fe6-9cca-6a25122d474d@group-896385CD49EE:t4, leader=null, voted=b32d7882-88db-4fe6-9cca-6a25122d474d, raftlog=b32d7882-88db-4fe6-9cca-6a25122d474d@group-896385CD49EE-SegmentedRaftLog:OPENED:c-1,f-1,i0, conf=-1: [b32d7882-88db-4fe6-9cca-6a25122d474d:192.168.157.194:42206, 3aea292b-16fb-4e9b-be90-828afa8e8047:192.168.157.194:34569, a6b2ebfb-69a0-457c-b6cd-a50cc148b564:192.168.157.194:37298], old=null
2019-10-17 02:14:33,562 [b32d7882-88db-4fe6-9cca-6a25122d474d@group-896385CD49EE-LeaderElection71] INFO  impl.RaftServerImpl (RaftServerImpl.java:setRole(184)) - b32d7882-88db-4fe6-9cca-6a25122d474d@group-896385CD49EE: changes role from CANDIDATE to FOLLOWER at term 4 for DISCOVERED_A_NEW_TERM
2019-10-17 02:14:33,562 [b32d7882-88db-4fe6-9cca-6a25122d474d@group-896385CD49EE-LeaderElection71] INFO  impl.RoleInfo (RoleInfo.java:shutdownLeaderElection(134)) - b32d7882-88db-4fe6-9cca-6a25122d474d: shutdown LeaderElection
2019-10-17 02:14:33,562 [b32d7882-88db-4fe6-9cca-6a25122d474d@group-896385CD49EE-LeaderElection71] INFO  impl.RoleInfo (RoleInfo.java:updateAndGet(143)) - b32d7882-88db-4fe6-9cca-6a25122d474d: start FollowerState
2019-10-17 02:14:33,690 [Thread-1474] INFO  impl.FollowerState (FollowerState.java:run(108)) - b32d7882-88db-4fe6-9cca-6a25122d474d@group-896385CD49EE-FollowerState: change to CANDIDATE, lastRpcTime:128ms, electionTimeout:128ms
2019-10-17 02:14:33,691 [Thread-1474] INFO  impl.RoleInfo (RoleInfo.java:shutdownFollowerState(121)) - b32d7882-88db-4fe6-9cca-6a25122d474d: shutdown FollowerState
2019-10-17 02:14:33,691 [Thread-1474] INFO  impl.RaftServerImpl (RaftServerImpl.java:setRole(184)) - b32d7882-88db-4fe6-9cca-6a25122d474d@group-896385CD49EE: changes role from  FOLLOWER to CANDIDATE at term 4 for changeToCandidate
2019-10-17 02:14:33,691 [Thread-1474] INFO  impl.RoleInfo (RoleInfo.java:updateAndGet(143)) - b32d7882-88db-4fe6-9cca-6a25122d474d: start LeaderElection
2019-10-17 02:14:33,706 [b32d7882-88db-4fe6-9cca-6a25122d474d@group-896385CD49EE-LeaderElection72] INFO  impl.LeaderElection (LeaderElection.java:askForVotes(178)) - b32d7882-88db-4fe6-9cca-6a25122d474d@group-896385CD49EE-LeaderElection72: begin an election at term 5 for -1: [b32d7882-88db-4fe6-9cca-6a25122d474d:192.168.157.194:42206, 3aea292b-16fb-4e9b-be90-828afa8e8047:192.168.157.194:34569, a6b2ebfb-69a0-457c-b6cd-a50cc148b564:192.168.157.194:37298], old=null
2019-10-17 02:14:33,709 [grpc-default-executor-0] INFO  impl.RaftServerImpl (RaftServerImpl.java:setRole(184)) - 3aea292b-16fb-4e9b-be90-828afa8e8047@group-896385CD49EE: changes role from  FOLLOWER to FOLLOWER at term 5 for recognizeCandidate:b32d7882-88db-4fe6-9cca-6a25122d474d
2019-10-17 02:14:33,709 [grpc-default-executor-0] INFO  impl.RoleInfo (RoleInfo.java:shutdownFollowerState(121)) - 3aea292b-16fb-4e9b-be90-828afa8e8047: shutdown FollowerState
2019-10-17 02:14:33,709 [grpc-default-executor-0] INFO  impl.RoleInfo (RoleInfo.java:updateAndGet(143)) - 3aea292b-16fb-4e9b-be90-828afa8e8047: start FollowerState
2019-10-17 02:14:33,709 [Thread-1473] INFO  impl.FollowerState (FollowerState.java:run(117)) - 3aea292b-16fb-4e9b-be90-828afa8e8047@group-896385CD49EE-FollowerState was interrupted: java.lang.InterruptedException: sleep interrupted
2019-10-17 02:14:33,710 [grpc-default-executor-2] INFO  impl.RaftServerImpl (RaftServerImpl.java:setRole(184)) - a6b2ebfb-69a0-457c-b6cd-a50cc148b564@group-896385CD49EE: changes role from  FOLLOWER to FOLLOWER at term 5 for recognizeCandidate:b32d7882-88db-4fe6-9cca-6a25122d474d
2019-10-17 02:14:33,710 [grpc-default-executor-2] INFO  impl.RoleInfo (RoleInfo.java:shutdownFollowerState(121)) - a6b2ebfb-69a0-457c-b6cd-a50cc148b564: shutdown FollowerState
2019-10-17 02:14:33,710 [grpc-default-executor-2] INFO  impl.RoleInfo (RoleInfo.java:updateAndGet(143)) - a6b2ebfb-69a0-457c-b6cd-a50cc148b564: start FollowerState
2019-10-17 02:14:33,710 [Thread-1472] INFO  impl.FollowerState (FollowerState.java:run(117)) - a6b2ebfb-69a0-457c-b6cd-a50cc148b564@group-896385CD49EE-FollowerState was interrupted: java.lang.InterruptedException: sleep interrupted
2019-10-17 02:14:33,724 [b32d7882-88db-4fe6-9cca-6a25122d474d@group-896385CD49EE-LeaderElection72] INFO  impl.LeaderElection (LeaderElection.java:logAndReturn(56)) - b32d7882-88db-4fe6-9cca-6a25122d474d@group-896385CD49EE-LeaderElection72: Election REJECTED; received 2 response(s) [b32d7882-88db-4fe6-9cca-6a25122d474d<-3aea292b-16fb-4e9b-be90-828afa8e8047#0:FAIL-t5, b32d7882-88db-4fe6-9cca-6a25122d474d<-a6b2ebfb-69a0-457c-b6cd-a50cc148b564#0:FAIL-t5] and 0 exception(s); b32d7882-88db-4fe6-9cca-6a25122d474d@group-896385CD49EE:t5, leader=null, voted=b32d7882-88db-4fe6-9cca-6a25122d474d, raftlog=b32d7882-88db-4fe6-9cca-6a25122d474d@group-896385CD49EE-SegmentedRaftLog:OPENED:c-1,f-1,i0, conf=-1: [b32d7882-88db-4fe6-9cca-6a25122d474d:192.168.157.194:42206, 3aea292b-16fb-4e9b-be90-828afa8e8047:192.168.157.194:34569, a6b2ebfb-69a0-457c-b6cd-a50cc148b564:192.168.157.194:37298], old=null
2019-10-17 02:14:33,725 [b32d7882-88db-4fe6-9cca-6a25122d474d@group-896385CD49EE-LeaderElection72] INFO  impl.RaftServerImpl (RaftServerImpl.java:setRole(184)) - b32d7882-88db-4fe6-9cca-6a25122d474d@group-896385CD49EE: changes role from CANDIDATE to FOLLOWER at term 5 for DISCOVERED_A_NEW_TERM
2019-10-17 02:14:33,725 [b32d7882-88db-4fe6-9cca-6a25122d474d@group-896385CD49EE-LeaderElection72] INFO  impl.RoleInfo (RoleInfo.java:shutdownLeaderElection(134)) - b32d7882-88db-4fe6-9cca-6a25122d474d: shutdown LeaderElection
2019-10-17 02:14:33,725 [b32d7882-88db-4fe6-9cca-6a25122d474d@group-896385CD49EE-LeaderElection72] INFO  impl.RoleInfo (RoleInfo.java:updateAndGet(143)) - b32d7882-88db-4fe6-9cca-6a25122d474d: start FollowerState
2019-10-17 02:14:33,812 [Thread-1480] INFO  impl.FollowerState (FollowerState.java:run(108)) - b32d7882-88db-4fe6-9cca-6a25122d474d@group-896385CD49EE-FollowerState: change to CANDIDATE, lastRpcTime:87ms, electionTimeout:87ms
2019-10-17 02:14:33,812 [Thread-1480] INFO  impl.RoleInfo (RoleInfo.java:shutdownFollowerState(121)) - b32d7882-88db-4fe6-9cca-6a25122d474d: shutdown FollowerState
2019-10-17 02:14:33,813 [Thread-1480] INFO  impl.RaftServerImpl (RaftServerImpl.java:setRole(184)) - b32d7882-88db-4fe6-9cca-6a25122d474d@group-896385CD49EE: changes role from  FOLLOWER to CANDIDATE at term 5 for changeToCandidate
2019-10-17 02:14:33,813 [Thread-1480] INFO  impl.RoleInfo (RoleInfo.java:updateAndGet(143)) - b32d7882-88db-4fe6-9cca-6a25122d474d: start LeaderElection
2019-10-17 02:14:33,827 [b32d7882-88db-4fe6-9cca-6a25122d474d@group-896385CD49EE-LeaderElection73] INFO  impl.LeaderElection (LeaderElection.java:askForVotes(178)) - b32d7882-88db-4fe6-9cca-6a25122d474d@group-896385CD49EE-LeaderElection73: begin an election at term 6 for -1: [b32d7882-88db-4fe6-9cca-6a25122d474d:192.168.157.194:42206, 3aea292b-16fb-4e9b-be90-828afa8e8047:192.168.157.194:34569, a6b2ebfb-69a0-457c-b6cd-a50cc148b564:192.168.157.194:37298], old=null
2019-10-17 02:14:33,829 [grpc-default-executor-2] INFO  impl.RaftServerImpl (RaftServerImpl.java:setRole(184)) - 3aea292b-16fb-4e9b-be90-828afa8e8047@group-896385CD49EE: changes role from  FOLLOWER to FOLLOWER at term 6 for recognizeCandidate:b32d7882-88db-4fe6-9cca-6a25122d474d
2019-10-17 02:14:33,830 [grpc-default-executor-2] INFO  impl.RoleInfo (RoleInfo.java:shutdownFollowerState(121)) - 3aea292b-16fb-4e9b-be90-828afa8e8047: shutdown FollowerState
2019-10-17 02:14:33,830 [grpc-default-executor-0] INFO  impl.RaftServerImpl (RaftServerImpl.java:setRole(184)) - a6b2ebfb-69a0-457c-b6cd-a50cc148b564@group-896385CD49EE: changes role from  FOLLOWER to FOLLOWER at term 6 for recognizeCandidate:b32d7882-88db-4fe6-9cca-6a25122d474d
2019-10-17 02:14:33,830 [Thread-1478] INFO  impl.FollowerState (FollowerState.java:run(117)) - 3aea292b-16fb-4e9b-be90-828afa8e8047@group-896385CD49EE-FollowerState was interrupted: java.lang.InterruptedException: sleep interrupted
2019-10-17 02:14:33,830 [grpc-default-executor-2] INFO  impl.RoleInfo (RoleInfo.java:updateAndGet(143)) - 3aea292b-16fb-4e9b-be90-828afa8e8047: start FollowerState
2019-10-17 02:14:33,830 [grpc-default-executor-0] INFO  impl.RoleInfo (RoleInfo.java:shutdownFollowerState(121)) - a6b2ebfb-69a0-457c-b6cd-a50cc148b564: shutdown FollowerState
2019-10-17 02:14:33,831 [Thread-1479] INFO  impl.FollowerState (FollowerState.java:run(117)) - a6b2ebfb-69a0-457c-b6cd-a50cc148b564@group-896385CD49EE-FollowerState was interrupted: java.lang.InterruptedException: sleep interrupted
2019-10-17 02:14:33,831 [grpc-default-executor-0] INFO  impl.RoleInfo (RoleInfo.java:updateAndGet(143)) - a6b2ebfb-69a0-457c-b6cd-a50cc148b564: start FollowerState
2019-10-17 02:14:33,846 [b32d7882-88db-4fe6-9cca-6a25122d474d@group-896385CD49EE-LeaderElection73] INFO  impl.LeaderElection (LeaderElection.java:logAndReturn(56)) - b32d7882-88db-4fe6-9cca-6a25122d474d@group-896385CD49EE-LeaderElection73: Election REJECTED; received 2 response(s) [b32d7882-88db-4fe6-9cca-6a25122d474d<-3aea292b-16fb-4e9b-be90-828afa8e8047#0:FAIL-t6, b32d7882-88db-4fe6-9cca-6a25122d474d<-a6b2ebfb-69a0-457c-b6cd-a50cc148b564#0:FAIL-t6] and 0 exception(s); b32d7882-88db-4fe6-9cca-6a25122d474d@group-896385CD49EE:t6, leader=null, voted=b32d7882-88db-4fe6-9cca-6a25122d474d, raftlog=b32d7882-88db-4fe6-9cca-6a25122d474d@group-896385CD49EE-SegmentedRaftLog:OPENED:c-1,f-1,i0, conf=-1: [b32d7882-88db-4fe6-9cca-6a25122d474d:192.168.157.194:42206, 3aea292b-16fb-4e9b-be90-828afa8e8047:192.168.157.194:34569, a6b2ebfb-69a0-457c-b6cd-a50cc148b564:192.168.157.194:37298], old=null
2019-10-17 02:14:33,846 [b32d7882-88db-4fe6-9cca-6a25122d474d@group-896385CD49EE-LeaderElection73] INFO  impl.RaftServerImpl (RaftServerImpl.java:setRole(184)) - b32d7882-88db-4fe6-9cca-6a25122d474d@group-896385CD49EE: changes role from CANDIDATE to FOLLOWER at term 6 for DISCOVERED_A_NEW_TERM
2019-10-17 02:14:33,846 [b32d7882-88db-4fe6-9cca-6a25122d474d@group-896385CD49EE-LeaderElection73] INFO  impl.RoleInfo (RoleInfo.java:shutdownLeaderElection(134)) - b32d7882-88db-4fe6-9cca-6a25122d474d: shutdown LeaderElection
2019-10-17 02:14:33,847 [b32d7882-88db-4fe6-9cca-6a25122d474d@group-896385CD49EE-LeaderElection73] INFO  impl.RoleInfo (RoleInfo.java:updateAndGet(143)) - b32d7882-88db-4fe6-9cca-6a25122d474d: start FollowerState
2019-10-17 02:14:33,861 [Thread-1486] INFO  impl.FollowerState (FollowerState.java:run(108)) - b32d7882-88db-4fe6-9cca-6a25122d474d@group-896385CD49EE-FollowerState: change to CANDIDATE, lastRpcTime:14ms, electionTimeout:14ms
2019-10-17 02:14:33,861 [Thread-1486] INFO  impl.RoleInfo (RoleInfo.java:shutdownFollowerState(121)) - b32d7882-88db-4fe6-9cca-6a25122d474d: shutdown FollowerState
2019-10-17 02:14:33,861 [Thread-1486] INFO  impl.RaftServerImpl (RaftServerImpl.java:setRole(184)) - b32d7882-88db-4fe6-9cca-6a25122d474d@group-896385CD49EE: changes role from  FOLLOWER to CANDIDATE at term 6 for changeToCandidate
2019-10-17 02:14:33,862 [Thread-1486] INFO  impl.RoleInfo (RoleInfo.java:updateAndGet(143)) - b32d7882-88db-4fe6-9cca-6a25122d474d: start LeaderElection
2019-10-17 02:14:33,876 [b32d7882-88db-4fe6-9cca-6a25122d474d@group-896385CD49EE-LeaderElection74] INFO  impl.LeaderElection (LeaderElection.java:askForVotes(178)) - b32d7882-88db-4fe6-9cca-6a25122d474d@group-896385CD49EE-LeaderElection74: begin an election at term 7 for -1: [b32d7882-88db-4fe6-9cca-6a25122d474d:192.168.157.194:42206, 3aea292b-16fb-4e9b-be90-828afa8e8047:192.168.157.194:34569, a6b2ebfb-69a0-457c-b6cd-a50cc148b564:192.168.157.194:37298], old=null
2019-10-17 02:14:33,879 [grpc-default-executor-2] INFO  impl.RaftServerImpl (RaftServerImpl.java:setRole(184)) - a6b2ebfb-69a0-457c-b6cd-a50cc148b564@group-896385CD49EE: changes role from  FOLLOWER to FOLLOWER at term 7 for recognizeCandidate:b32d7882-88db-4fe6-9cca-6a25122d474d
2019-10-17 02:14:33,879 [grpc-default-executor-2] INFO  impl.RoleInfo (RoleInfo.java:shutdownFollowerState(121)) - a6b2ebfb-69a0-457c-b6cd-a50cc148b564: shutdown FollowerState
2019-10-17 02:14:33,880 [grpc-default-executor-0] INFO  impl.RaftServerImpl (RaftServerImpl.java:setRole(184)) - 3aea292b-16fb-4e9b-be90-828afa8e8047@group-896385CD49EE: changes role from  FOLLOWER to FOLLOWER at term 7 for recognizeCandidate:b32d7882-88db-4fe6-9cca-6a25122d474d
2019-10-17 02:14:33,880 [Thread-1485] INFO  impl.FollowerState (FollowerState.java:run(117)) - a6b2ebfb-69a0-457c-b6cd-a50cc148b564@group-896385CD49EE-FollowerState was interrupted: java.lang.InterruptedException: sleep interrupted
2019-10-17 02:14:33,880 [grpc-default-executor-2] INFO  impl.RoleInfo (RoleInfo.java:updateAndGet(143)) - a6b2ebfb-69a0-457c-b6cd-a50cc148b564: start FollowerState
2019-10-17 02:14:33,880 [grpc-default-executor-0] INFO  impl.RoleInfo (RoleInfo.java:shutdownFollowerState(121)) - 3aea292b-16fb-4e9b-be90-828afa8e8047: shutdown FollowerState
2019-10-17 02:14:33,880 [grpc-default-executor-0] INFO  impl.RoleInfo (RoleInfo.java:updateAndGet(143)) - 3aea292b-16fb-4e9b-be90-828afa8e8047: start FollowerState
2019-10-17 02:14:33,880 [Thread-1484] INFO  impl.FollowerState (FollowerState.java:run(117)) - 3aea292b-16fb-4e9b-be90-828afa8e8047@group-896385CD49EE-FollowerState was interrupted: java.lang.InterruptedException: sleep interrupted
2019-10-17 02:14:33,895 [b32d7882-88db-4fe6-9cca-6a25122d474d@group-896385CD49EE-LeaderElection74] INFO  impl.LeaderElection (LeaderElection.java:logAndReturn(56)) - b32d7882-88db-4fe6-9cca-6a25122d474d@group-896385CD49EE-LeaderElection74: Election REJECTED; received 2 response(s) [b32d7882-88db-4fe6-9cca-6a25122d474d<-3aea292b-16fb-4e9b-be90-828afa8e8047#0:FAIL-t7, b32d7882-88db-4fe6-9cca-6a25122d474d<-a6b2ebfb-69a0-457c-b6cd-a50cc148b564#0:FAIL-t7] and 0 exception(s); b32d7882-88db-4fe6-9cca-6a25122d474d@group-896385CD49EE:t7, leader=null, voted=b32d7882-88db-4fe6-9cca-6a25122d474d, raftlog=b32d7882-88db-4fe6-9cca-6a25122d474d@group-896385CD49EE-SegmentedRaftLog:OPENED:c-1,f-1,i0, conf=-1: [b32d7882-88db-4fe6-9cca-6a25122d474d:192.168.157.194:42206, 3aea292b-16fb-4e9b-be90-828afa8e8047:192.168.157.194:34569, a6b2ebfb-69a0-457c-b6cd-a50cc148b564:192.168.157.194:37298], old=null
2019-10-17 02:14:33,895 [b32d7882-88db-4fe6-9cca-6a25122d474d@group-896385CD49EE-LeaderElection74] INFO  impl.RaftServerImpl (RaftServerImpl.java:setRole(184)) - b32d7882-88db-4fe6-9cca-6a25122d474d@group-896385CD49EE: changes role from CANDIDATE to FOLLOWER at term 7 for DISCOVERED_A_NEW_TERM
2019-10-17 02:14:33,896 [b32d7882-88db-4fe6-9cca-6a25122d474d@group-896385CD49EE-LeaderElection74] INFO  impl.RoleInfo (RoleInfo.java:shutdownLeaderElection(134)) - b32d7882-88db-4fe6-9cca-6a25122d474d: shutdown LeaderElection
2019-10-17 02:14:33,896 [b32d7882-88db-4fe6-9cca-6a25122d474d@group-896385CD49EE-LeaderElection74] INFO  impl.RoleInfo (RoleInfo.java:updateAndGet(143)) - b32d7882-88db-4fe6-9cca-6a25122d474d: start FollowerState
2019-10-17 02:14:34,089 [Thread-1492] INFO  impl.FollowerState (FollowerState.java:run(108)) - b32d7882-88db-4fe6-9cca-6a25122d474d@group-896385CD49EE-FollowerState: change to CANDIDATE, lastRpcTime:193ms, electionTimeout:193ms
2019-10-17 02:14:34,089 [Thread-1492] INFO  impl.RoleInfo (RoleInfo.java:shutdownFollowerState(121)) - b32d7882-88db-4fe6-9cca-6a25122d474d: shutdown FollowerState
2019-10-17 02:14:34,090 [Thread-1492] INFO  impl.RaftServerImpl (RaftServerImpl.java:setRole(184)) - b32d7882-88db-4fe6-9cca-6a25122d474d@group-896385CD49EE: changes role from  FOLLOWER to CANDIDATE at term 7 for changeToCandidate
2019-10-17 02:14:34,090 [Thread-1492] INFO  impl.RoleInfo (RoleInfo.java:updateAndGet(143)) - b32d7882-88db-4fe6-9cca-6a25122d474d: start LeaderElection
2019-10-17 02:14:34,104 [b32d7882-88db-4fe6-9cca-6a25122d474d@group-896385CD49EE-LeaderElection75] INFO  impl.LeaderElection (LeaderElection.java:askForVotes(178)) - b32d7882-88db-4fe6-9cca-6a25122d474d@group-896385CD49EE-LeaderElection75: begin an election at term 8 for -1: [b32d7882-88db-4fe6-9cca-6a25122d474d:192.168.157.194:42206, 3aea292b-16fb-4e9b-be90-828afa8e8047:192.168.157.194:34569, a6b2ebfb-69a0-457c-b6cd-a50cc148b564:192.168.157.194:37298], old=null
2019-10-17 02:14:34,107 [grpc-default-executor-0] INFO  impl.RaftServerImpl (RaftServerImpl.java:setRole(184)) - 3aea292b-16fb-4e9b-be90-828afa8e8047@group-896385CD49EE: changes role from  FOLLOWER to FOLLOWER at term 8 for recognizeCandidate:b32d7882-88db-4fe6-9cca-6a25122d474d
2019-10-17 02:14:34,107 [grpc-default-executor-2] INFO  impl.RaftServerImpl (RaftServerImpl.java:setRole(184)) - a6b2ebfb-69a0-457c-b6cd-a50cc148b564@group-896385CD49EE: changes role from  FOLLOWER to FOLLOWER at term 8 for recognizeCandidate:b32d7882-88db-4fe6-9cca-6a25122d474d
2019-10-17 02:14:34,107 [grpc-default-executor-0] INFO  impl.RoleInfo (RoleInfo.java:shutdownFollowerState(121)) - 3aea292b-16fb-4e9b-be90-828afa8e8047: shutdown FollowerState
2019-10-17 02:14:34,107 [grpc-default-executor-2] INFO  impl.RoleInfo (RoleInfo.java:shutdownFollowerState(121)) - a6b2ebfb-69a0-457c-b6cd-a50cc148b564: shutdown FollowerState
2019-10-17 02:14:34,108 [Thread-1491] INFO  impl.FollowerState (FollowerState.java:run(117)) - 3aea292b-16fb-4e9b-be90-828afa8e8047@group-896385CD49EE-FollowerState was interrupted: java.lang.InterruptedException: sleep interrupted
2019-10-17 02:14:34,108 [grpc-default-executor-0] INFO  impl.RoleInfo (RoleInfo.java:updateAndGet(143)) - 3aea292b-16fb-4e9b-be90-828afa8e8047: start FollowerState
2019-10-17 02:14:34,108 [Thread-1490] INFO  impl.FollowerState (FollowerState.java:run(117)) - a6b2ebfb-69a0-457c-b6cd-a50cc148b564@group-896385CD49EE-FollowerState was interrupted: java.lang.InterruptedException: sleep interrupted
2019-10-17 02:14:34,108 [grpc-default-executor-2] INFO  impl.RoleInfo (RoleInfo.java:updateAndGet(143)) - a6b2ebfb-69a0-457c-b6cd-a50cc148b564: start FollowerState
2019-10-17 02:14:34,123 [b32d7882-88db-4fe6-9cca-6a25122d474d@group-896385CD49EE-LeaderElection75] INFO  impl.LeaderElection (LeaderElection.java:logAndReturn(56)) - b32d7882-88db-4fe6-9cca-6a25122d474d@group-896385CD49EE-LeaderElection75: Election REJECTED; received 2 response(s) [b32d7882-88db-4fe6-9cca-6a25122d474d<-3aea292b-16fb-4e9b-be90-828afa8e8047#0:FAIL-t8, b32d7882-88db-4fe6-9cca-6a25122d474d<-a6b2ebfb-69a0-457c-b6cd-a50cc148b564#0:FAIL-t8] and 0 exception(s); b32d7882-88db-4fe6-9cca-6a25122d474d@group-896385CD49EE:t8, leader=null, voted=b32d7882-88db-4fe6-9cca-6a25122d474d, raftlog=b32d7882-88db-4fe6-9cca-6a25122d474d@group-896385CD49EE-SegmentedRaftLog:OPENED:c-1,f-1,i0, conf=-1: [b32d7882-88db-4fe6-9cca-6a25122d474d:192.168.157.194:42206, 3aea292b-16fb-4e9b-be90-828afa8e8047:192.168.157.194:34569, a6b2ebfb-69a0-457c-b6cd-a50cc148b564:192.168.157.194:37298], old=null
2019-10-17 02:14:34,124 [b32d7882-88db-4fe6-9cca-6a25122d474d@group-896385CD49EE-LeaderElection75] INFO  impl.RaftServerImpl (RaftServerImpl.java:setRole(184)) - b32d7882-88db-4fe6-9cca-6a25122d474d@group-896385CD49EE: changes role from CANDIDATE to FOLLOWER at term 8 for DISCOVERED_A_NEW_TERM
2019-10-17 02:14:34,124 [b32d7882-88db-4fe6-9cca-6a25122d474d@group-896385CD49EE-LeaderElection75] INFO  impl.RoleInfo (RoleInfo.java:shutdownLeaderElection(134)) - b32d7882-88db-4fe6-9cca-6a25122d474d: shutdown LeaderElection
2019-10-17 02:14:34,124 [b32d7882-88db-4fe6-9cca-6a25122d474d@group-896385CD49EE-LeaderElection75] INFO  impl.RoleInfo (RoleInfo.java:updateAndGet(143)) - b32d7882-88db-4fe6-9cca-6a25122d474d: start FollowerState
2019-10-17 02:14:34,125 [main] INFO  ozone.MiniOzoneClusterImpl (MiniOzoneClusterImpl.java:lambda$waitForClusterToBeReady$2(164)) - Waiting for 1 number of pipelines out of 4, to report a leader.
2019-10-17 02:14:34,235 [Thread-1498] INFO  impl.FollowerState (FollowerState.java:run(108)) - b32d7882-88db-4fe6-9cca-6a25122d474d@group-896385CD49EE-FollowerState: change to CANDIDATE, lastRpcTime:110ms, electionTimeout:110ms
2019-10-17 02:14:34,235 [Thread-1498] INFO  impl.RoleInfo (RoleInfo.java:shutdownFollowerState(121)) - b32d7882-88db-4fe6-9cca-6a25122d474d: shutdown FollowerState
2019-10-17 02:14:34,235 [Thread-1498] INFO  impl.RaftServerImpl (RaftServerImpl.java:setRole(184)) - b32d7882-88db-4fe6-9cca-6a25122d474d@group-896385CD49EE: changes role from  FOLLOWER to CANDIDATE at term 8 for changeToCandidate
2019-10-17 02:14:34,235 [Thread-1498] INFO  impl.RoleInfo (RoleInfo.java:updateAndGet(143)) - b32d7882-88db-4fe6-9cca-6a25122d474d: start LeaderElection
2019-10-17 02:14:34,249 [b32d7882-88db-4fe6-9cca-6a25122d474d@group-896385CD49EE-LeaderElection76] INFO  impl.LeaderElection (LeaderElection.java:askForVotes(178)) - b32d7882-88db-4fe6-9cca-6a25122d474d@group-896385CD49EE-LeaderElection76: begin an election at term 9 for -1: [b32d7882-88db-4fe6-9cca-6a25122d474d:192.168.157.194:42206, 3aea292b-16fb-4e9b-be90-828afa8e8047:192.168.157.194:34569, a6b2ebfb-69a0-457c-b6cd-a50cc148b564:192.168.157.194:37298], old=null
2019-10-17 02:14:34,252 [grpc-default-executor-0] INFO  impl.RaftServerImpl (RaftServerImpl.java:setRole(184)) - 3aea292b-16fb-4e9b-be90-828afa8e8047@group-896385CD49EE: changes role from  FOLLOWER to FOLLOWER at term 9 for recognizeCandidate:b32d7882-88db-4fe6-9cca-6a25122d474d
2019-10-17 02:14:34,252 [grpc-default-executor-0] INFO  impl.RoleInfo (RoleInfo.java:shutdownFollowerState(121)) - 3aea292b-16fb-4e9b-be90-828afa8e8047: shutdown FollowerState
2019-10-17 02:14:34,252 [grpc-default-executor-0] INFO  impl.RoleInfo (RoleInfo.java:updateAndGet(143)) - 3aea292b-16fb-4e9b-be90-828afa8e8047: start FollowerState
2019-10-17 02:14:34,252 [Thread-1496] INFO  impl.FollowerState (FollowerState.java:run(117)) - 3aea292b-16fb-4e9b-be90-828afa8e8047@group-896385CD49EE-FollowerState was interrupted: java.lang.InterruptedException: sleep interrupted
2019-10-17 02:14:34,253 [grpc-default-executor-2] INFO  impl.RaftServerImpl (RaftServerImpl.java:setRole(184)) - a6b2ebfb-69a0-457c-b6cd-a50cc148b564@group-896385CD49EE: changes role from  FOLLOWER to FOLLOWER at term 9 for recognizeCandidate:b32d7882-88db-4fe6-9cca-6a25122d474d
2019-10-17 02:14:34,253 [grpc-default-executor-2] INFO  impl.RoleInfo (RoleInfo.java:shutdownFollowerState(121)) - a6b2ebfb-69a0-457c-b6cd-a50cc148b564: shutdown FollowerState
2019-10-17 02:14:34,254 [grpc-default-executor-2] INFO  impl.RoleInfo (RoleInfo.java:updateAndGet(143)) - a6b2ebfb-69a0-457c-b6cd-a50cc148b564: start FollowerState
2019-10-17 02:14:34,254 [Thread-1497] INFO  impl.FollowerState (FollowerState.java:run(117)) - a6b2ebfb-69a0-457c-b6cd-a50cc148b564@group-896385CD49EE-FollowerState was interrupted: java.lang.InterruptedException: sleep interrupted
2019-10-17 02:14:34,267 [b32d7882-88db-4fe6-9cca-6a25122d474d@group-896385CD49EE-LeaderElection76] INFO  impl.LeaderElection (LeaderElection.java:logAndReturn(56)) - b32d7882-88db-4fe6-9cca-6a25122d474d@group-896385CD49EE-LeaderElection76: Election REJECTED; received 2 response(s) [b32d7882-88db-4fe6-9cca-6a25122d474d<-3aea292b-16fb-4e9b-be90-828afa8e8047#0:FAIL-t9, b32d7882-88db-4fe6-9cca-6a25122d474d<-a6b2ebfb-69a0-457c-b6cd-a50cc148b564#0:FAIL-t9] and 0 exception(s); b32d7882-88db-4fe6-9cca-6a25122d474d@group-896385CD49EE:t9, leader=null, voted=b32d7882-88db-4fe6-9cca-6a25122d474d, raftlog=b32d7882-88db-4fe6-9cca-6a25122d474d@group-896385CD49EE-SegmentedRaftLog:OPENED:c-1,f-1,i0, conf=-1: [b32d7882-88db-4fe6-9cca-6a25122d474d:192.168.157.194:42206, 3aea292b-16fb-4e9b-be90-828afa8e8047:192.168.157.194:34569, a6b2ebfb-69a0-457c-b6cd-a50cc148b564:192.168.157.194:37298], old=null
2019-10-17 02:14:34,267 [b32d7882-88db-4fe6-9cca-6a25122d474d@group-896385CD49EE-LeaderElection76] INFO  impl.RaftServerImpl (RaftServerImpl.java:setRole(184)) - b32d7882-88db-4fe6-9cca-6a25122d474d@group-896385CD49EE: changes role from CANDIDATE to FOLLOWER at term 9 for DISCOVERED_A_NEW_TERM
2019-10-17 02:14:34,267 [b32d7882-88db-4fe6-9cca-6a25122d474d@group-896385CD49EE-LeaderElection76] INFO  impl.RoleInfo (RoleInfo.java:shutdownLeaderElection(134)) - b32d7882-88db-4fe6-9cca-6a25122d474d: shutdown LeaderElection
2019-10-17 02:14:34,267 [b32d7882-88db-4fe6-9cca-6a25122d474d@group-896385CD49EE-LeaderElection76] INFO  impl.RoleInfo (RoleInfo.java:updateAndGet(143)) - b32d7882-88db-4fe6-9cca-6a25122d474d: start FollowerState
2019-10-17 02:14:34,284 [Thread-1504] INFO  impl.FollowerState (FollowerState.java:run(108)) - b32d7882-88db-4fe6-9cca-6a25122d474d@group-896385CD49EE-FollowerState: change to CANDIDATE, lastRpcTime:16ms, electionTimeout:16ms
2019-10-17 02:14:34,284 [Thread-1504] INFO  impl.RoleInfo (RoleInfo.java:shutdownFollowerState(121)) - b32d7882-88db-4fe6-9cca-6a25122d474d: shutdown FollowerState
2019-10-17 02:14:34,284 [Thread-1504] INFO  impl.RaftServerImpl (RaftServerImpl.java:setRole(184)) - b32d7882-88db-4fe6-9cca-6a25122d474d@group-896385CD49EE: changes role from  FOLLOWER to CANDIDATE at term 9 for changeToCandidate
2019-10-17 02:14:34,284 [Thread-1504] INFO  impl.RoleInfo (RoleInfo.java:updateAndGet(143)) - b32d7882-88db-4fe6-9cca-6a25122d474d: start LeaderElection
2019-10-17 02:14:34,299 [b32d7882-88db-4fe6-9cca-6a25122d474d@group-896385CD49EE-LeaderElection77] INFO  impl.LeaderElection (LeaderElection.java:askForVotes(178)) - b32d7882-88db-4fe6-9cca-6a25122d474d@group-896385CD49EE-LeaderElection77: begin an election at term 10 for -1: [b32d7882-88db-4fe6-9cca-6a25122d474d:192.168.157.194:42206, 3aea292b-16fb-4e9b-be90-828afa8e8047:192.168.157.194:34569, a6b2ebfb-69a0-457c-b6cd-a50cc148b564:192.168.157.194:37298], old=null
2019-10-17 02:14:34,301 [grpc-default-executor-0] INFO  impl.RaftServerImpl (RaftServerImpl.java:setRole(184)) - 3aea292b-16fb-4e9b-be90-828afa8e8047@group-896385CD49EE: changes role from  FOLLOWER to FOLLOWER at term 10 for recognizeCandidate:b32d7882-88db-4fe6-9cca-6a25122d474d
2019-10-17 02:14:34,301 [grpc-default-executor-0] INFO  impl.RoleInfo (RoleInfo.java:shutdownFollowerState(121)) - 3aea292b-16fb-4e9b-be90-828afa8e8047: shutdown FollowerState
2019-10-17 02:14:34,301 [grpc-default-executor-2] INFO  impl.RaftServerImpl (RaftServerImpl.java:setRole(184)) - a6b2ebfb-69a0-457c-b6cd-a50cc148b564@group-896385CD49EE: changes role from  FOLLOWER to FOLLOWER at term 10 for recognizeCandidate:b32d7882-88db-4fe6-9cca-6a25122d474d
2019-10-17 02:14:34,301 [Thread-1502] INFO  impl.FollowerState (FollowerState.java:run(117)) - 3aea292b-16fb-4e9b-be90-828afa8e8047@group-896385CD49EE-FollowerState was interrupted: java.lang.InterruptedException: sleep interrupted
2019-10-17 02:14:34,301 [grpc-default-executor-0] INFO  impl.RoleInfo (RoleInfo.java:updateAndGet(143)) - 3aea292b-16fb-4e9b-be90-828afa8e8047: start FollowerState
2019-10-17 02:14:34,302 [grpc-default-executor-2] INFO  impl.RoleInfo (RoleInfo.java:shutdownFollowerState(121)) - a6b2ebfb-69a0-457c-b6cd-a50cc148b564: shutdown FollowerState
2019-10-17 02:14:34,302 [grpc-default-executor-2] INFO  impl.RoleInfo (RoleInfo.java:updateAndGet(143)) - a6b2ebfb-69a0-457c-b6cd-a50cc148b564: start FollowerState
2019-10-17 02:14:34,302 [Thread-1503] INFO  impl.FollowerState (FollowerState.java:run(117)) - a6b2ebfb-69a0-457c-b6cd-a50cc148b564@group-896385CD49EE-FollowerState was interrupted: java.lang.InterruptedException: sleep interrupted
2019-10-17 02:14:34,318 [b32d7882-88db-4fe6-9cca-6a25122d474d@group-896385CD49EE-LeaderElection77] INFO  impl.LeaderElection (LeaderElection.java:logAndReturn(56)) - b32d7882-88db-4fe6-9cca-6a25122d474d@group-896385CD49EE-LeaderElection77: Election REJECTED; received 2 response(s) [b32d7882-88db-4fe6-9cca-6a25122d474d<-3aea292b-16fb-4e9b-be90-828afa8e8047#0:FAIL-t10, b32d7882-88db-4fe6-9cca-6a25122d474d<-a6b2ebfb-69a0-457c-b6cd-a50cc148b564#0:FAIL-t10] and 0 exception(s); b32d7882-88db-4fe6-9cca-6a25122d474d@group-896385CD49EE:t10, leader=null, voted=b32d7882-88db-4fe6-9cca-6a25122d474d, raftlog=b32d7882-88db-4fe6-9cca-6a25122d474d@group-896385CD49EE-SegmentedRaftLog:OPENED:c-1,f-1,i0, conf=-1: [b32d7882-88db-4fe6-9cca-6a25122d474d:192.168.157.194:42206, 3aea292b-16fb-4e9b-be90-828afa8e8047:192.168.157.194:34569, a6b2ebfb-69a0-457c-b6cd-a50cc148b564:192.168.157.194:37298], old=null
2019-10-17 02:14:34,318 [b32d7882-88db-4fe6-9cca-6a25122d474d@group-896385CD49EE-LeaderElection77] INFO  impl.RaftServerImpl (RaftServerImpl.java:setRole(184)) - b32d7882-88db-4fe6-9cca-6a25122d474d@group-896385CD49EE: changes role from CANDIDATE to FOLLOWER at term 10 for DISCOVERED_A_NEW_TERM
2019-10-17 02:14:34,318 [b32d7882-88db-4fe6-9cca-6a25122d474d@group-896385CD49EE-LeaderElection77] INFO  impl.RoleInfo (RoleInfo.java:shutdownLeaderElection(134)) - b32d7882-88db-4fe6-9cca-6a25122d474d: shutdown LeaderElection
2019-10-17 02:14:34,318 [b32d7882-88db-4fe6-9cca-6a25122d474d@group-896385CD49EE-LeaderElection77] INFO  impl.RoleInfo (RoleInfo.java:updateAndGet(143)) - b32d7882-88db-4fe6-9cca-6a25122d474d: start FollowerState
2019-10-17 02:14:34,448 [Thread-1510] INFO  impl.FollowerState (FollowerState.java:run(108)) - b32d7882-88db-4fe6-9cca-6a25122d474d@group-896385CD49EE-FollowerState: change to CANDIDATE, lastRpcTime:129ms, electionTimeout:129ms
2019-10-17 02:14:34,448 [Thread-1510] INFO  impl.RoleInfo (RoleInfo.java:shutdownFollowerState(121)) - b32d7882-88db-4fe6-9cca-6a25122d474d: shutdown FollowerState
2019-10-17 02:14:34,448 [Thread-1510] INFO  impl.RaftServerImpl (RaftServerImpl.java:setRole(184)) - b32d7882-88db-4fe6-9cca-6a25122d474d@group-896385CD49EE: changes role from  FOLLOWER to CANDIDATE at term 10 for changeToCandidate
2019-10-17 02:14:34,448 [Thread-1510] INFO  impl.RoleInfo (RoleInfo.java:updateAndGet(143)) - b32d7882-88db-4fe6-9cca-6a25122d474d: start LeaderElection
2019-10-17 02:14:34,462 [b32d7882-88db-4fe6-9cca-6a25122d474d@group-896385CD49EE-LeaderElection78] INFO  impl.LeaderElection (LeaderElection.java:askForVotes(178)) - b32d7882-88db-4fe6-9cca-6a25122d474d@group-896385CD49EE-LeaderElection78: begin an election at term 11 for -1: [b32d7882-88db-4fe6-9cca-6a25122d474d:192.168.157.194:42206, 3aea292b-16fb-4e9b-be90-828afa8e8047:192.168.157.194:34569, a6b2ebfb-69a0-457c-b6cd-a50cc148b564:192.168.157.194:37298], old=null
2019-10-17 02:14:34,465 [grpc-default-executor-2] INFO  impl.RaftServerImpl (RaftServerImpl.java:setRole(184)) - 3aea292b-16fb-4e9b-be90-828afa8e8047@group-896385CD49EE: changes role from  FOLLOWER to FOLLOWER at term 11 for recognizeCandidate:b32d7882-88db-4fe6-9cca-6a25122d474d
2019-10-17 02:14:34,465 [grpc-default-executor-2] INFO  impl.RoleInfo (RoleInfo.java:shutdownFollowerState(121)) - 3aea292b-16fb-4e9b-be90-828afa8e8047: shutdown FollowerState
2019-10-17 02:14:34,465 [grpc-default-executor-2] INFO  impl.RoleInfo (RoleInfo.java:updateAndGet(143)) - 3aea292b-16fb-4e9b-be90-828afa8e8047: start FollowerState
2019-10-17 02:14:34,466 [Thread-1508] INFO  impl.FollowerState (FollowerState.java:run(117)) - 3aea292b-16fb-4e9b-be90-828afa8e8047@group-896385CD49EE-FollowerState was interrupted: java.lang.InterruptedException: sleep interrupted
2019-10-17 02:14:34,466 [grpc-default-executor-0] INFO  impl.RaftServerImpl (RaftServerImpl.java:setRole(184)) - a6b2ebfb-69a0-457c-b6cd-a50cc148b564@group-896385CD49EE: changes role from  FOLLOWER to FOLLOWER at term 11 for recognizeCandidate:b32d7882-88db-4fe6-9cca-6a25122d474d
2019-10-17 02:14:34,466 [grpc-default-executor-0] INFO  impl.RoleInfo (RoleInfo.java:shutdownFollowerState(121)) - a6b2ebfb-69a0-457c-b6cd-a50cc148b564: shutdown FollowerState
2019-10-17 02:14:34,466 [grpc-default-executor-0] INFO  impl.RoleInfo (RoleInfo.java:updateAndGet(143)) - a6b2ebfb-69a0-457c-b6cd-a50cc148b564: start FollowerState
2019-10-17 02:14:34,466 [Thread-1509] INFO  impl.FollowerState (FollowerState.java:run(117)) - a6b2ebfb-69a0-457c-b6cd-a50cc148b564@group-896385CD49EE-FollowerState was interrupted: java.lang.InterruptedException: sleep interrupted
2019-10-17 02:14:34,481 [b32d7882-88db-4fe6-9cca-6a25122d474d@group-896385CD49EE-LeaderElection78] INFO  impl.LeaderElection (LeaderElection.java:logAndReturn(56)) - b32d7882-88db-4fe6-9cca-6a25122d474d@group-896385CD49EE-LeaderElection78: Election REJECTED; received 2 response(s) [b32d7882-88db-4fe6-9cca-6a25122d474d<-3aea292b-16fb-4e9b-be90-828afa8e8047#0:FAIL-t11, b32d7882-88db-4fe6-9cca-6a25122d474d<-a6b2ebfb-69a0-457c-b6cd-a50cc148b564#0:FAIL-t11] and 0 exception(s); b32d7882-88db-4fe6-9cca-6a25122d474d@group-896385CD49EE:t11, leader=null, voted=b32d7882-88db-4fe6-9cca-6a25122d474d, raftlog=b32d7882-88db-4fe6-9cca-6a25122d474d@group-896385CD49EE-SegmentedRaftLog:OPENED:c-1,f-1,i0, conf=-1: [b32d7882-88db-4fe6-9cca-6a25122d474d:192.168.157.194:42206, 3aea292b-16fb-4e9b-be90-828afa8e8047:192.168.157.194:34569, a6b2ebfb-69a0-457c-b6cd-a50cc148b564:192.168.157.194:37298], old=null
2019-10-17 02:14:34,482 [b32d7882-88db-4fe6-9cca-6a25122d474d@group-896385CD49EE-LeaderElection78] INFO  impl.RaftServerImpl (RaftServerImpl.java:setRole(184)) - b32d7882-88db-4fe6-9cca-6a25122d474d@group-896385CD49EE: changes role from CANDIDATE to FOLLOWER at term 11 for DISCOVERED_A_NEW_TERM
2019-10-17 02:14:34,482 [b32d7882-88db-4fe6-9cca-6a25122d474d@group-896385CD49EE-LeaderElection78] INFO  impl.RoleInfo (RoleInfo.java:shutdownLeaderElection(134)) - b32d7882-88db-4fe6-9cca-6a25122d474d: shutdown LeaderElection
2019-10-17 02:14:34,482 [b32d7882-88db-4fe6-9cca-6a25122d474d@group-896385CD49EE-LeaderElection78] INFO  impl.RoleInfo (RoleInfo.java:updateAndGet(143)) - b32d7882-88db-4fe6-9cca-6a25122d474d: start FollowerState
2019-10-17 02:14:34,607 [Thread-1516] INFO  impl.FollowerState (FollowerState.java:run(108)) - b32d7882-88db-4fe6-9cca-6a25122d474d@group-896385CD49EE-FollowerState: change to CANDIDATE, lastRpcTime:125ms, electionTimeout:125ms
2019-10-17 02:14:34,608 [Thread-1516] INFO  impl.RoleInfo (RoleInfo.java:shutdownFollowerState(121)) - b32d7882-88db-4fe6-9cca-6a25122d474d: shutdown FollowerState
2019-10-17 02:14:34,608 [Thread-1516] INFO  impl.RaftServerImpl (RaftServerImpl.java:setRole(184)) - b32d7882-88db-4fe6-9cca-6a25122d474d@group-896385CD49EE: changes role from  FOLLOWER to CANDIDATE at term 11 for changeToCandidate
2019-10-17 02:14:34,608 [Thread-1516] INFO  impl.RoleInfo (RoleInfo.java:updateAndGet(143)) - b32d7882-88db-4fe6-9cca-6a25122d474d: start LeaderElection
2019-10-17 02:14:34,622 [b32d7882-88db-4fe6-9cca-6a25122d474d@group-896385CD49EE-LeaderElection79] INFO  impl.LeaderElection (LeaderElection.java:askForVotes(178)) - b32d7882-88db-4fe6-9cca-6a25122d474d@group-896385CD49EE-LeaderElection79: begin an election at term 12 for -1: [b32d7882-88db-4fe6-9cca-6a25122d474d:192.168.157.194:42206, 3aea292b-16fb-4e9b-be90-828afa8e8047:192.168.157.194:34569, a6b2ebfb-69a0-457c-b6cd-a50cc148b564:192.168.157.194:37298], old=null
2019-10-17 02:14:34,625 [grpc-default-executor-0] INFO  impl.RaftServerImpl (RaftServerImpl.java:setRole(184)) - 3aea292b-16fb-4e9b-be90-828afa8e8047@group-896385CD49EE: changes role from  FOLLOWER to FOLLOWER at term 12 for recognizeCandidate:b32d7882-88db-4fe6-9cca-6a25122d474d
2019-10-17 02:14:34,626 [grpc-default-executor-2] INFO  impl.RaftServerImpl (RaftServerImpl.java:setRole(184)) - a6b2ebfb-69a0-457c-b6cd-a50cc148b564@group-896385CD49EE: changes role from  FOLLOWER to FOLLOWER at term 12 for recognizeCandidate:b32d7882-88db-4fe6-9cca-6a25122d474d
2019-10-17 02:14:34,626 [grpc-default-executor-0] INFO  impl.RoleInfo (RoleInfo.java:shutdownFollowerState(121)) - 3aea292b-16fb-4e9b-be90-828afa8e8047: shutdown FollowerState
2019-10-17 02:14:34,626 [grpc-default-executor-2] INFO  impl.RoleInfo (RoleInfo.java:shutdownFollowerState(121)) - a6b2ebfb-69a0-457c-b6cd-a50cc148b564: shutdown FollowerState
2019-10-17 02:14:34,626 [Thread-1514] INFO  impl.FollowerState (FollowerState.java:run(117)) - 3aea292b-16fb-4e9b-be90-828afa8e8047@group-896385CD49EE-FollowerState was interrupted: java.lang.InterruptedException: sleep interrupted
2019-10-17 02:14:34,626 [grpc-default-executor-0] INFO  impl.RoleInfo (RoleInfo.java:updateAndGet(143)) - 3aea292b-16fb-4e9b-be90-828afa8e8047: start FollowerState
2019-10-17 02:14:34,626 [Thread-1515] INFO  impl.FollowerState (FollowerState.java:run(117)) - a6b2ebfb-69a0-457c-b6cd-a50cc148b564@group-896385CD49EE-FollowerState was interrupted: java.lang.InterruptedException: sleep interrupted
2019-10-17 02:14:34,626 [grpc-default-executor-2] INFO  impl.RoleInfo (RoleInfo.java:updateAndGet(143)) - a6b2ebfb-69a0-457c-b6cd-a50cc148b564: start FollowerState
2019-10-17 02:14:34,642 [b32d7882-88db-4fe6-9cca-6a25122d474d@group-896385CD49EE-LeaderElection79] INFO  impl.LeaderElection (LeaderElection.java:logAndReturn(56)) - b32d7882-88db-4fe6-9cca-6a25122d474d@group-896385CD49EE-LeaderElection79: Election REJECTED; received 2 response(s) [b32d7882-88db-4fe6-9cca-6a25122d474d<-3aea292b-16fb-4e9b-be90-828afa8e8047#0:FAIL-t12, b32d7882-88db-4fe6-9cca-6a25122d474d<-a6b2ebfb-69a0-457c-b6cd-a50cc148b564#0:FAIL-t12] and 0 exception(s); b32d7882-88db-4fe6-9cca-6a25122d474d@group-896385CD49EE:t12, leader=null, voted=b32d7882-88db-4fe6-9cca-6a25122d474d, raftlog=b32d7882-88db-4fe6-9cca-6a25122d474d@group-896385CD49EE-SegmentedRaftLog:OPENED:c-1,f-1,i0, conf=-1: [b32d7882-88db-4fe6-9cca-6a25122d474d:192.168.157.194:42206, 3aea292b-16fb-4e9b-be90-828afa8e8047:192.168.157.194:34569, a6b2ebfb-69a0-457c-b6cd-a50cc148b564:192.168.157.194:37298], old=null
2019-10-17 02:14:34,642 [b32d7882-88db-4fe6-9cca-6a25122d474d@group-896385CD49EE-LeaderElection79] INFO  impl.RaftServerImpl (RaftServerImpl.java:setRole(184)) - b32d7882-88db-4fe6-9cca-6a25122d474d@group-896385CD49EE: changes role from CANDIDATE to FOLLOWER at term 12 for DISCOVERED_A_NEW_TERM
2019-10-17 02:14:34,642 [b32d7882-88db-4fe6-9cca-6a25122d474d@group-896385CD49EE-LeaderElection79] INFO  impl.RoleInfo (RoleInfo.java:shutdownLeaderElection(134)) - b32d7882-88db-4fe6-9cca-6a25122d474d: shutdown LeaderElection
2019-10-17 02:14:34,642 [b32d7882-88db-4fe6-9cca-6a25122d474d@group-896385CD49EE-LeaderElection79] INFO  impl.RoleInfo (RoleInfo.java:updateAndGet(143)) - b32d7882-88db-4fe6-9cca-6a25122d474d: start FollowerState
2019-10-17 02:14:34,815 [Thread-1522] INFO  impl.FollowerState (FollowerState.java:run(108)) - b32d7882-88db-4fe6-9cca-6a25122d474d@group-896385CD49EE-FollowerState: change to CANDIDATE, lastRpcTime:172ms, electionTimeout:172ms
2019-10-17 02:14:34,815 [Thread-1522] INFO  impl.RoleInfo (RoleInfo.java:shutdownFollowerState(121)) - b32d7882-88db-4fe6-9cca-6a25122d474d: shutdown FollowerState
2019-10-17 02:14:34,815 [Thread-1522] INFO  impl.RaftServerImpl (RaftServerImpl.java:setRole(184)) - b32d7882-88db-4fe6-9cca-6a25122d474d@group-896385CD49EE: changes role from  FOLLOWER to CANDIDATE at term 12 for changeToCandidate
2019-10-17 02:14:34,816 [Thread-1522] INFO  impl.RoleInfo (RoleInfo.java:updateAndGet(143)) - b32d7882-88db-4fe6-9cca-6a25122d474d: start LeaderElection
2019-10-17 02:14:34,822 [b32d7882-88db-4fe6-9cca-6a25122d474d@group-896385CD49EE-LeaderElection80] INFO  impl.LeaderElection (LeaderElection.java:askForVotes(178)) - b32d7882-88db-4fe6-9cca-6a25122d474d@group-896385CD49EE-LeaderElection80: begin an election at term 13 for -1: [b32d7882-88db-4fe6-9cca-6a25122d474d:192.168.157.194:42206, 3aea292b-16fb-4e9b-be90-828afa8e8047:192.168.157.194:34569, a6b2ebfb-69a0-457c-b6cd-a50cc148b564:192.168.157.194:37298], old=null
2019-10-17 02:14:34,826 [grpc-default-executor-2] INFO  impl.RaftServerImpl (RaftServerImpl.java:setRole(184)) - a6b2ebfb-69a0-457c-b6cd-a50cc148b564@group-896385CD49EE: changes role from  FOLLOWER to FOLLOWER at term 13 for recognizeCandidate:b32d7882-88db-4fe6-9cca-6a25122d474d
2019-10-17 02:14:34,826 [grpc-default-executor-2] INFO  impl.RoleInfo (RoleInfo.java:shutdownFollowerState(121)) - a6b2ebfb-69a0-457c-b6cd-a50cc148b564: shutdown FollowerState
2019-10-17 02:14:34,826 [grpc-default-executor-0] INFO  impl.RaftServerImpl (RaftServerImpl.java:setRole(184)) - 3aea292b-16fb-4e9b-be90-828afa8e8047@group-896385CD49EE: changes role from  FOLLOWER to FOLLOWER at term 13 for recognizeCandidate:b32d7882-88db-4fe6-9cca-6a25122d474d
2019-10-17 02:14:34,826 [Thread-1521] INFO  impl.FollowerState (FollowerState.java:run(117)) - a6b2ebfb-69a0-457c-b6cd-a50cc148b564@group-896385CD49EE-FollowerState was interrupted: java.lang.InterruptedException: sleep interrupted
2019-10-17 02:14:34,826 [grpc-default-executor-2] INFO  impl.RoleInfo (RoleInfo.java:updateAndGet(143)) - a6b2ebfb-69a0-457c-b6cd-a50cc148b564: start FollowerState
2019-10-17 02:14:34,826 [grpc-default-executor-0] INFO  impl.RoleInfo (RoleInfo.java:shutdownFollowerState(121)) - 3aea292b-16fb-4e9b-be90-828afa8e8047: shutdown FollowerState
2019-10-17 02:14:34,827 [grpc-default-executor-0] INFO  impl.RoleInfo (RoleInfo.java:updateAndGet(143)) - 3aea292b-16fb-4e9b-be90-828afa8e8047: start FollowerState
2019-10-17 02:14:34,827 [Thread-1520] INFO  impl.FollowerState (FollowerState.java:run(117)) - 3aea292b-16fb-4e9b-be90-828afa8e8047@group-896385CD49EE-FollowerState was interrupted: java.lang.InterruptedException: sleep interrupted
2019-10-17 02:14:34,842 [b32d7882-88db-4fe6-9cca-6a25122d474d@group-896385CD49EE-LeaderElection80] INFO  impl.LeaderElection (LeaderElection.java:logAndReturn(56)) - b32d7882-88db-4fe6-9cca-6a25122d474d@group-896385CD49EE-LeaderElection80: Election REJECTED; received 2 response(s) [b32d7882-88db-4fe6-9cca-6a25122d474d<-3aea292b-16fb-4e9b-be90-828afa8e8047#0:FAIL-t13, b32d7882-88db-4fe6-9cca-6a25122d474d<-a6b2ebfb-69a0-457c-b6cd-a50cc148b564#0:FAIL-t13] and 0 exception(s); b32d7882-88db-4fe6-9cca-6a25122d474d@group-896385CD49EE:t13, leader=null, voted=b32d7882-88db-4fe6-9cca-6a25122d474d, raftlog=b32d7882-88db-4fe6-9cca-6a25122d474d@group-896385CD49EE-SegmentedRaftLog:OPENED:c-1,f-1,i0, conf=-1: [b32d7882-88db-4fe6-9cca-6a25122d474d:192.168.157.194:42206, 3aea292b-16fb-4e9b-be90-828afa8e8047:192.168.157.194:34569, a6b2ebfb-69a0-457c-b6cd-a50cc148b564:192.168.157.194:37298], old=null
2019-10-17 02:14:34,842 [b32d7882-88db-4fe6-9cca-6a25122d474d@group-896385CD49EE-LeaderElection80] INFO  impl.RaftServerImpl (RaftServerImpl.java:setRole(184)) - b32d7882-88db-4fe6-9cca-6a25122d474d@group-896385CD49EE: changes role from CANDIDATE to FOLLOWER at term 13 for DISCOVERED_A_NEW_TERM
2019-10-17 02:14:34,843 [b32d7882-88db-4fe6-9cca-6a25122d474d@group-896385CD49EE-LeaderElection80] INFO  impl.RoleInfo (RoleInfo.java:shutdownLeaderElection(134)) - b32d7882-88db-4fe6-9cca-6a25122d474d: shutdown LeaderElection
2019-10-17 02:14:34,843 [b32d7882-88db-4fe6-9cca-6a25122d474d@group-896385CD49EE-LeaderElection80] INFO  impl.RoleInfo (RoleInfo.java:updateAndGet(143)) - b32d7882-88db-4fe6-9cca-6a25122d474d: start FollowerState
2019-10-17 02:14:34,983 [Thread-1528] INFO  impl.FollowerState (FollowerState.java:run(108)) - b32d7882-88db-4fe6-9cca-6a25122d474d@group-896385CD49EE-FollowerState: change to CANDIDATE, lastRpcTime:140ms, electionTimeout:140ms
2019-10-17 02:14:34,984 [Thread-1528] INFO  impl.RoleInfo (RoleInfo.java:shutdownFollowerState(121)) - b32d7882-88db-4fe6-9cca-6a25122d474d: shutdown FollowerState
2019-10-17 02:14:34,984 [Thread-1528] INFO  impl.RaftServerImpl (RaftServerImpl.java:setRole(184)) - b32d7882-88db-4fe6-9cca-6a25122d474d@group-896385CD49EE: changes role from  FOLLOWER to CANDIDATE at term 13 for changeToCandidate
2019-10-17 02:14:34,984 [Thread-1528] INFO  impl.RoleInfo (RoleInfo.java:updateAndGet(143)) - b32d7882-88db-4fe6-9cca-6a25122d474d: start LeaderElection
2019-10-17 02:14:34,998 [b32d7882-88db-4fe6-9cca-6a25122d474d@group-896385CD49EE-LeaderElection81] INFO  impl.LeaderElection (LeaderElection.java:askForVotes(178)) - b32d7882-88db-4fe6-9cca-6a25122d474d@group-896385CD49EE-LeaderElection81: begin an election at term 14 for -1: [b32d7882-88db-4fe6-9cca-6a25122d474d:192.168.157.194:42206, 3aea292b-16fb-4e9b-be90-828afa8e8047:192.168.157.194:34569, a6b2ebfb-69a0-457c-b6cd-a50cc148b564:192.168.157.194:37298], old=null
2019-10-17 02:14:35,001 [grpc-default-executor-0] INFO  impl.RaftServerImpl (RaftServerImpl.java:setRole(184)) - 3aea292b-16fb-4e9b-be90-828afa8e8047@group-896385CD49EE: changes role from  FOLLOWER to FOLLOWER at term 14 for recognizeCandidate:b32d7882-88db-4fe6-9cca-6a25122d474d
2019-10-17 02:14:35,002 [grpc-default-executor-0] INFO  impl.RoleInfo (RoleInfo.java:shutdownFollowerState(121)) - 3aea292b-16fb-4e9b-be90-828afa8e8047: shutdown FollowerState
2019-10-17 02:14:35,002 [grpc-default-executor-2] INFO  impl.RaftServerImpl (RaftServerImpl.java:setRole(184)) - a6b2ebfb-69a0-457c-b6cd-a50cc148b564@group-896385CD49EE: changes role from  FOLLOWER to FOLLOWER at term 14 for recognizeCandidate:b32d7882-88db-4fe6-9cca-6a25122d474d
2019-10-17 02:14:35,002 [Thread-1527] INFO  impl.FollowerState (FollowerState.java:run(117)) - 3aea292b-16fb-4e9b-be90-828afa8e8047@group-896385CD49EE-FollowerState was interrupted: java.lang.InterruptedException: sleep interrupted
2019-10-17 02:14:35,002 [grpc-default-executor-0] INFO  impl.RoleInfo (RoleInfo.java:updateAndGet(143)) - 3aea292b-16fb-4e9b-be90-828afa8e8047: start FollowerState
2019-10-17 02:14:35,002 [grpc-default-executor-2] INFO  impl.RoleInfo (RoleInfo.java:shutdownFollowerState(121)) - a6b2ebfb-69a0-457c-b6cd-a50cc148b564: shutdown FollowerState
2019-10-17 02:14:35,003 [grpc-default-executor-2] INFO  impl.RoleInfo (RoleInfo.java:updateAndGet(143)) - a6b2ebfb-69a0-457c-b6cd-a50cc148b564: start FollowerState
2019-10-17 02:14:35,003 [Thread-1526] INFO  impl.FollowerState (FollowerState.java:run(117)) - a6b2ebfb-69a0-457c-b6cd-a50cc148b564@group-896385CD49EE-FollowerState was interrupted: java.lang.InterruptedException: sleep interrupted
2019-10-17 02:14:35,018 [b32d7882-88db-4fe6-9cca-6a25122d474d@group-896385CD49EE-LeaderElection81] INFO  impl.LeaderElection (LeaderElection.java:logAndReturn(56)) - b32d7882-88db-4fe6-9cca-6a25122d474d@group-896385CD49EE-LeaderElection81: Election REJECTED; received 2 response(s) [b32d7882-88db-4fe6-9cca-6a25122d474d<-3aea292b-16fb-4e9b-be90-828afa8e8047#0:FAIL-t14, b32d7882-88db-4fe6-9cca-6a25122d474d<-a6b2ebfb-69a0-457c-b6cd-a50cc148b564#0:FAIL-t14] and 0 exception(s); b32d7882-88db-4fe6-9cca-6a25122d474d@group-896385CD49EE:t14, leader=null, voted=b32d7882-88db-4fe6-9cca-6a25122d474d, raftlog=b32d7882-88db-4fe6-9cca-6a25122d474d@group-896385CD49EE-SegmentedRaftLog:OPENED:c-1,f-1,i0, conf=-1: [b32d7882-88db-4fe6-9cca-6a25122d474d:192.168.157.194:42206, 3aea292b-16fb-4e9b-be90-828afa8e8047:192.168.157.194:34569, a6b2ebfb-69a0-457c-b6cd-a50cc148b564:192.168.157.194:37298], old=null
2019-10-17 02:14:35,018 [b32d7882-88db-4fe6-9cca-6a25122d474d@group-896385CD49EE-LeaderElection81] INFO  impl.RaftServerImpl (RaftServerImpl.java:setRole(184)) - b32d7882-88db-4fe6-9cca-6a25122d474d@group-896385CD49EE: changes role from CANDIDATE to FOLLOWER at term 14 for DISCOVERED_A_NEW_TERM
2019-10-17 02:14:35,018 [b32d7882-88db-4fe6-9cca-6a25122d474d@group-896385CD49EE-LeaderElection81] INFO  impl.RoleInfo (RoleInfo.java:shutdownLeaderElection(134)) - b32d7882-88db-4fe6-9cca-6a25122d474d: shutdown LeaderElection
2019-10-17 02:14:35,018 [b32d7882-88db-4fe6-9cca-6a25122d474d@group-896385CD49EE-LeaderElection81] INFO  impl.RoleInfo (RoleInfo.java:updateAndGet(143)) - b32d7882-88db-4fe6-9cca-6a25122d474d: start FollowerState
2019-10-17 02:14:35,056 [Thread-1534] INFO  impl.FollowerState (FollowerState.java:run(108)) - b32d7882-88db-4fe6-9cca-6a25122d474d@group-896385CD49EE-FollowerState: change to CANDIDATE, lastRpcTime:37ms, electionTimeout:37ms
2019-10-17 02:14:35,056 [Thread-1534] INFO  impl.RoleInfo (RoleInfo.java:shutdownFollowerState(121)) - b32d7882-88db-4fe6-9cca-6a25122d474d: shutdown FollowerState
2019-10-17 02:14:35,056 [Thread-1534] INFO  impl.RaftServerImpl (RaftServerImpl.java:setRole(184)) - b32d7882-88db-4fe6-9cca-6a25122d474d@group-896385CD49EE: changes role from  FOLLOWER to CANDIDATE at term 14 for changeToCandidate
2019-10-17 02:14:35,057 [Thread-1534] INFO  impl.RoleInfo (RoleInfo.java:updateAndGet(143)) - b32d7882-88db-4fe6-9cca-6a25122d474d: start LeaderElection
2019-10-17 02:14:35,071 [b32d7882-88db-4fe6-9cca-6a25122d474d@group-896385CD49EE-LeaderElection82] INFO  impl.LeaderElection (LeaderElection.java:askForVotes(178)) - b32d7882-88db-4fe6-9cca-6a25122d474d@group-896385CD49EE-LeaderElection82: begin an election at term 15 for -1: [b32d7882-88db-4fe6-9cca-6a25122d474d:192.168.157.194:42206, 3aea292b-16fb-4e9b-be90-828afa8e8047:192.168.157.194:34569, a6b2ebfb-69a0-457c-b6cd-a50cc148b564:192.168.157.194:37298], old=null
2019-10-17 02:14:35,075 [grpc-default-executor-2] INFO  impl.RaftServerImpl (RaftServerImpl.java:setRole(184)) - 3aea292b-16fb-4e9b-be90-828afa8e8047@group-896385CD49EE: changes role from  FOLLOWER to FOLLOWER at term 15 for recognizeCandidate:b32d7882-88db-4fe6-9cca-6a25122d474d
2019-10-17 02:14:35,075 [grpc-default-executor-0] INFO  impl.RaftServerImpl (RaftServerImpl.java:setRole(184)) - a6b2ebfb-69a0-457c-b6cd-a50cc148b564@group-896385CD49EE: changes role from  FOLLOWER to FOLLOWER at term 15 for recognizeCandidate:b32d7882-88db-4fe6-9cca-6a25122d474d
2019-10-17 02:14:35,075 [grpc-default-executor-2] INFO  impl.RoleInfo (RoleInfo.java:shutdownFollowerState(121)) - 3aea292b-16fb-4e9b-be90-828afa8e8047: shutdown FollowerState
2019-10-17 02:14:35,075 [grpc-default-executor-0] INFO  impl.RoleInfo (RoleInfo.java:shutdownFollowerState(121)) - a6b2ebfb-69a0-457c-b6cd-a50cc148b564: shutdown FollowerState
2019-10-17 02:14:35,076 [Thread-1532] INFO  impl.FollowerState (FollowerState.java:run(117)) - 3aea292b-16fb-4e9b-be90-828afa8e8047@group-896385CD49EE-FollowerState was interrupted: java.lang.InterruptedException: sleep interrupted
2019-10-17 02:14:35,076 [grpc-default-executor-2] INFO  impl.RoleInfo (RoleInfo.java:updateAndGet(143)) - 3aea292b-16fb-4e9b-be90-828afa8e8047: start FollowerState
2019-10-17 02:14:35,076 [Thread-1533] INFO  impl.FollowerState (FollowerState.java:run(117)) - a6b2ebfb-69a0-457c-b6cd-a50cc148b564@group-896385CD49EE-FollowerState was interrupted: java.lang.InterruptedException: sleep interrupted
2019-10-17 02:14:35,076 [grpc-default-executor-0] INFO  impl.RoleInfo (RoleInfo.java:updateAndGet(143)) - a6b2ebfb-69a0-457c-b6cd-a50cc148b564: start FollowerState
2019-10-17 02:14:35,092 [b32d7882-88db-4fe6-9cca-6a25122d474d@group-896385CD49EE-LeaderElection82] INFO  impl.LeaderElection (LeaderElection.java:logAndReturn(56)) - b32d7882-88db-4fe6-9cca-6a25122d474d@group-896385CD49EE-LeaderElection82: Election REJECTED; received 2 response(s) [b32d7882-88db-4fe6-9cca-6a25122d474d<-3aea292b-16fb-4e9b-be90-828afa8e8047#0:FAIL-t15, b32d7882-88db-4fe6-9cca-6a25122d474d<-a6b2ebfb-69a0-457c-b6cd-a50cc148b564#0:FAIL-t15] and 0 exception(s); b32d7882-88db-4fe6-9cca-6a25122d474d@group-896385CD49EE:t15, leader=null, voted=b32d7882-88db-4fe6-9cca-6a25122d474d, raftlog=b32d7882-88db-4fe6-9cca-6a25122d474d@group-896385CD49EE-SegmentedRaftLog:OPENED:c-1,f-1,i0, conf=-1: [b32d7882-88db-4fe6-9cca-6a25122d474d:192.168.157.194:42206, 3aea292b-16fb-4e9b-be90-828afa8e8047:192.168.157.194:34569, a6b2ebfb-69a0-457c-b6cd-a50cc148b564:192.168.157.194:37298], old=null
2019-10-17 02:14:35,092 [b32d7882-88db-4fe6-9cca-6a25122d474d@group-896385CD49EE-LeaderElection82] INFO  impl.RaftServerImpl (RaftServerImpl.java:setRole(184)) - b32d7882-88db-4fe6-9cca-6a25122d474d@group-896385CD49EE: changes role from CANDIDATE to FOLLOWER at term 15 for DISCOVERED_A_NEW_TERM
2019-10-17 02:14:35,093 [b32d7882-88db-4fe6-9cca-6a25122d474d@group-896385CD49EE-LeaderElection82] INFO  impl.RoleInfo (RoleInfo.java:shutdownLeaderElection(134)) - b32d7882-88db-4fe6-9cca-6a25122d474d: shutdown LeaderElection
2019-10-17 02:14:35,093 [b32d7882-88db-4fe6-9cca-6a25122d474d@group-896385CD49EE-LeaderElection82] INFO  impl.RoleInfo (RoleInfo.java:updateAndGet(143)) - b32d7882-88db-4fe6-9cca-6a25122d474d: start FollowerState
2019-10-17 02:14:35,126 [main] INFO  ozone.MiniOzoneClusterImpl (MiniOzoneClusterImpl.java:lambda$waitForClusterToBeReady$2(164)) - Waiting for 1 number of pipelines out of 4, to report a leader.
2019-10-17 02:14:35,194 [Thread-1540] INFO  impl.FollowerState (FollowerState.java:run(108)) - b32d7882-88db-4fe6-9cca-6a25122d474d@group-896385CD49EE-FollowerState: change to CANDIDATE, lastRpcTime:100ms, electionTimeout:100ms
2019-10-17 02:14:35,194 [Thread-1540] INFO  impl.RoleInfo (RoleInfo.java:shutdownFollowerState(121)) - b32d7882-88db-4fe6-9cca-6a25122d474d: shutdown FollowerState
2019-10-17 02:14:35,194 [Thread-1540] INFO  impl.RaftServerImpl (RaftServerImpl.java:setRole(184)) - b32d7882-88db-4fe6-9cca-6a25122d474d@group-896385CD49EE: changes role from  FOLLOWER to CANDIDATE at term 15 for changeToCandidate
2019-10-17 02:14:35,194 [Thread-1540] INFO  impl.RoleInfo (RoleInfo.java:updateAndGet(143)) - b32d7882-88db-4fe6-9cca-6a25122d474d: start LeaderElection
2019-10-17 02:14:35,209 [b32d7882-88db-4fe6-9cca-6a25122d474d@group-896385CD49EE-LeaderElection83] INFO  impl.LeaderElection (LeaderElection.java:askForVotes(178)) - b32d7882-88db-4fe6-9cca-6a25122d474d@group-896385CD49EE-LeaderElection83: begin an election at term 16 for -1: [b32d7882-88db-4fe6-9cca-6a25122d474d:192.168.157.194:42206, 3aea292b-16fb-4e9b-be90-828afa8e8047:192.168.157.194:34569, a6b2ebfb-69a0-457c-b6cd-a50cc148b564:192.168.157.194:37298], old=null
2019-10-17 02:14:35,212 [grpc-default-executor-2] INFO  impl.RaftServerImpl (RaftServerImpl.java:setRole(184)) - 3aea292b-16fb-4e9b-be90-828afa8e8047@group-896385CD49EE: changes role from  FOLLOWER to FOLLOWER at term 16 for recognizeCandidate:b32d7882-88db-4fe6-9cca-6a25122d474d
2019-10-17 02:14:35,213 [grpc-default-executor-2] INFO  impl.RoleInfo (RoleInfo.java:shutdownFollowerState(121)) - 3aea292b-16fb-4e9b-be90-828afa8e8047: shutdown FollowerState
2019-10-17 02:14:35,213 [grpc-default-executor-0] INFO  impl.RaftServerImpl (RaftServerImpl.java:setRole(184)) - a6b2ebfb-69a0-457c-b6cd-a50cc148b564@group-896385CD49EE: changes role from  FOLLOWER to FOLLOWER at term 16 for recognizeCandidate:b32d7882-88db-4fe6-9cca-6a25122d474d
2019-10-17 02:14:35,213 [Thread-1538] INFO  impl.FollowerState (FollowerState.java:run(117)) - 3aea292b-16fb-4e9b-be90-828afa8e8047@group-896385CD49EE-FollowerState was interrupted: java.lang.InterruptedException: sleep interrupted
2019-10-17 02:14:35,213 [grpc-default-executor-2] INFO  impl.RoleInfo (RoleInfo.java:updateAndGet(143)) - 3aea292b-16fb-4e9b-be90-828afa8e8047: start FollowerState
2019-10-17 02:14:35,213 [grpc-default-executor-0] INFO  impl.RoleInfo (RoleInfo.java:shutdownFollowerState(121)) - a6b2ebfb-69a0-457c-b6cd-a50cc148b564: shutdown FollowerState
2019-10-17 02:14:35,214 [grpc-default-executor-0] INFO  impl.RoleInfo (RoleInfo.java:updateAndGet(143)) - a6b2ebfb-69a0-457c-b6cd-a50cc148b564: start FollowerState
2019-10-17 02:14:35,214 [Thread-1539] INFO  impl.FollowerState (FollowerState.java:run(117)) - a6b2ebfb-69a0-457c-b6cd-a50cc148b564@group-896385CD49EE-FollowerState was interrupted: java.lang.InterruptedException: sleep interrupted
2019-10-17 02:14:35,228 [b32d7882-88db-4fe6-9cca-6a25122d474d@group-896385CD49EE-LeaderElection83] INFO  impl.LeaderElection (LeaderElection.java:logAndReturn(56)) - b32d7882-88db-4fe6-9cca-6a25122d474d@group-896385CD49EE-LeaderElection83: Election REJECTED; received 2 response(s) [b32d7882-88db-4fe6-9cca-6a25122d474d<-3aea292b-16fb-4e9b-be90-828afa8e8047#0:FAIL-t16, b32d7882-88db-4fe6-9cca-6a25122d474d<-a6b2ebfb-69a0-457c-b6cd-a50cc148b564#0:FAIL-t16] and 0 exception(s); b32d7882-88db-4fe6-9cca-6a25122d474d@group-896385CD49EE:t16, leader=null, voted=b32d7882-88db-4fe6-9cca-6a25122d474d, raftlog=b32d7882-88db-4fe6-9cca-6a25122d474d@group-896385CD49EE-SegmentedRaftLog:OPENED:c-1,f-1,i0, conf=-1: [b32d7882-88db-4fe6-9cca-6a25122d474d:192.168.157.194:42206, 3aea292b-16fb-4e9b-be90-828afa8e8047:192.168.157.194:34569, a6b2ebfb-69a0-457c-b6cd-a50cc148b564:192.168.157.194:37298], old=null
2019-10-17 02:14:35,229 [b32d7882-88db-4fe6-9cca-6a25122d474d@group-896385CD49EE-LeaderElection83] INFO  impl.RaftServerImpl (RaftServerImpl.java:setRole(184)) - b32d7882-88db-4fe6-9cca-6a25122d474d@group-896385CD49EE: changes role from CANDIDATE to FOLLOWER at term 16 for DISCOVERED_A_NEW_TERM
2019-10-17 02:14:35,229 [b32d7882-88db-4fe6-9cca-6a25122d474d@group-896385CD49EE-LeaderElection83] INFO  impl.RoleInfo (RoleInfo.java:shutdownLeaderElection(134)) - b32d7882-88db-4fe6-9cca-6a25122d474d: shutdown LeaderElection
2019-10-17 02:14:35,229 [b32d7882-88db-4fe6-9cca-6a25122d474d@group-896385CD49EE-LeaderElection83] INFO  impl.RoleInfo (RoleInfo.java:updateAndGet(143)) - b32d7882-88db-4fe6-9cca-6a25122d474d: start FollowerState
2019-10-17 02:14:35,277 [Thread-1546] INFO  impl.FollowerState (FollowerState.java:run(108)) - b32d7882-88db-4fe6-9cca-6a25122d474d@group-896385CD49EE-FollowerState: change to CANDIDATE, lastRpcTime:48ms, electionTimeout:48ms
2019-10-17 02:14:35,278 [Thread-1546] INFO  impl.RoleInfo (RoleInfo.java:shutdownFollowerState(121)) - b32d7882-88db-4fe6-9cca-6a25122d474d: shutdown FollowerState
2019-10-17 02:14:35,278 [Thread-1546] INFO  impl.RaftServerImpl (RaftServerImpl.java:setRole(184)) - b32d7882-88db-4fe6-9cca-6a25122d474d@group-896385CD49EE: changes role from  FOLLOWER to CANDIDATE at term 16 for changeToCandidate
2019-10-17 02:14:35,278 [Thread-1546] INFO  impl.RoleInfo (RoleInfo.java:updateAndGet(143)) - b32d7882-88db-4fe6-9cca-6a25122d474d: start LeaderElection
2019-10-17 02:14:35,292 [b32d7882-88db-4fe6-9cca-6a25122d474d@group-896385CD49EE-LeaderElection84] INFO  impl.LeaderElection (LeaderElection.java:askForVotes(178)) - b32d7882-88db-4fe6-9cca-6a25122d474d@group-896385CD49EE-LeaderElection84: begin an election at term 17 for -1: [b32d7882-88db-4fe6-9cca-6a25122d474d:192.168.157.194:42206, 3aea292b-16fb-4e9b-be90-828afa8e8047:192.168.157.194:34569, a6b2ebfb-69a0-457c-b6cd-a50cc148b564:192.168.157.194:37298], old=null
2019-10-17 02:14:35,295 [grpc-default-executor-0] INFO  impl.RaftServerImpl (RaftServerImpl.java:setRole(184)) - 3aea292b-16fb-4e9b-be90-828afa8e8047@group-896385CD49EE: changes role from  FOLLOWER to FOLLOWER at term 17 for recognizeCandidate:b32d7882-88db-4fe6-9cca-6a25122d474d
2019-10-17 02:14:35,296 [grpc-default-executor-0] INFO  impl.RoleInfo (RoleInfo.java:shutdownFollowerState(121)) - 3aea292b-16fb-4e9b-be90-828afa8e8047: shutdown FollowerState
2019-10-17 02:14:35,296 [grpc-default-executor-0] INFO  impl.RoleInfo (RoleInfo.java:updateAndGet(143)) - 3aea292b-16fb-4e9b-be90-828afa8e8047: start FollowerState
2019-10-17 02:14:35,296 [grpc-default-executor-2] INFO  impl.RaftServerImpl (RaftServerImpl.java:setRole(184)) - a6b2ebfb-69a0-457c-b6cd-a50cc148b564@group-896385CD49EE: changes role from  FOLLOWER to FOLLOWER at term 17 for recognizeCandidate:b32d7882-88db-4fe6-9cca-6a25122d474d
2019-10-17 02:14:35,296 [grpc-default-executor-2] INFO  impl.RoleInfo (RoleInfo.java:shutdownFollowerState(121)) - a6b2ebfb-69a0-457c-b6cd-a50cc148b564: shutdown FollowerState
2019-10-17 02:14:35,296 [Thread-1544] INFO  impl.FollowerState (FollowerState.java:run(117)) - 3aea292b-16fb-4e9b-be90-828afa8e8047@group-896385CD49EE-FollowerState was interrupted: java.lang.InterruptedException: sleep interrupted
2019-10-17 02:14:35,296 [Thread-1545] INFO  impl.FollowerState (FollowerState.java:run(117)) - a6b2ebfb-69a0-457c-b6cd-a50cc148b564@group-896385CD49EE-FollowerState was interrupted: java.lang.InterruptedException: sleep interrupted
2019-10-17 02:14:35,296 [grpc-default-executor-2] INFO  impl.RoleInfo (RoleInfo.java:updateAndGet(143)) - a6b2ebfb-69a0-457c-b6cd-a50cc148b564: start FollowerState
2019-10-17 02:14:35,311 [b32d7882-88db-4fe6-9cca-6a25122d474d@group-896385CD49EE-LeaderElection84] INFO  impl.LeaderElection (LeaderElection.java:logAndReturn(56)) - b32d7882-88db-4fe6-9cca-6a25122d474d@group-896385CD49EE-LeaderElection84: Election REJECTED; received 2 response(s) [b32d7882-88db-4fe6-9cca-6a25122d474d<-3aea292b-16fb-4e9b-be90-828afa8e8047#0:FAIL-t17, b32d7882-88db-4fe6-9cca-6a25122d474d<-a6b2ebfb-69a0-457c-b6cd-a50cc148b564#0:FAIL-t17] and 0 exception(s); b32d7882-88db-4fe6-9cca-6a25122d474d@group-896385CD49EE:t17, leader=null, voted=b32d7882-88db-4fe6-9cca-6a25122d474d, raftlog=b32d7882-88db-4fe6-9cca-6a25122d474d@group-896385CD49EE-SegmentedRaftLog:OPENED:c-1,f-1,i0, conf=-1: [b32d7882-88db-4fe6-9cca-6a25122d474d:192.168.157.194:42206, 3aea292b-16fb-4e9b-be90-828afa8e8047:192.168.157.194:34569, a6b2ebfb-69a0-457c-b6cd-a50cc148b564:192.168.157.194:37298], old=null
2019-10-17 02:14:35,311 [b32d7882-88db-4fe6-9cca-6a25122d474d@group-896385CD49EE-LeaderElection84] INFO  impl.RaftServerImpl (RaftServerImpl.java:setRole(184)) - b32d7882-88db-4fe6-9cca-6a25122d474d@group-896385CD49EE: changes role from CANDIDATE to FOLLOWER at term 17 for DISCOVERED_A_NEW_TERM
2019-10-17 02:14:35,312 [b32d7882-88db-4fe6-9cca-6a25122d474d@group-896385CD49EE-LeaderElection84] INFO  impl.RoleInfo (RoleInfo.java:shutdownLeaderElection(134)) - b32d7882-88db-4fe6-9cca-6a25122d474d: shutdown LeaderElection
2019-10-17 02:14:35,312 [b32d7882-88db-4fe6-9cca-6a25122d474d@group-896385CD49EE-LeaderElection84] INFO  impl.RoleInfo (RoleInfo.java:updateAndGet(143)) - b32d7882-88db-4fe6-9cca-6a25122d474d: start FollowerState
2019-10-17 02:14:35,394 [Thread-1552] INFO  impl.FollowerState (FollowerState.java:run(108)) - b32d7882-88db-4fe6-9cca-6a25122d474d@group-896385CD49EE-FollowerState: change to CANDIDATE, lastRpcTime:82ms, electionTimeout:82ms
2019-10-17 02:14:35,394 [Thread-1552] INFO  impl.RoleInfo (RoleInfo.java:shutdownFollowerState(121)) - b32d7882-88db-4fe6-9cca-6a25122d474d: shutdown FollowerState
2019-10-17 02:14:35,394 [Thread-1552] INFO  impl.RaftServerImpl (RaftServerImpl.java:setRole(184)) - b32d7882-88db-4fe6-9cca-6a25122d474d@group-896385CD49EE: changes role from  FOLLOWER to CANDIDATE at term 17 for changeToCandidate
2019-10-17 02:14:35,395 [Thread-1552] INFO  impl.RoleInfo (RoleInfo.java:updateAndGet(143)) - b32d7882-88db-4fe6-9cca-6a25122d474d: start LeaderElection
2019-10-17 02:14:35,410 [b32d7882-88db-4fe6-9cca-6a25122d474d@group-896385CD49EE-LeaderElection85] INFO  impl.LeaderElection (LeaderElection.java:askForVotes(178)) - b32d7882-88db-4fe6-9cca-6a25122d474d@group-896385CD49EE-LeaderElection85: begin an election at term 18 for -1: [b32d7882-88db-4fe6-9cca-6a25122d474d:192.168.157.194:42206, 3aea292b-16fb-4e9b-be90-828afa8e8047:192.168.157.194:34569, a6b2ebfb-69a0-457c-b6cd-a50cc148b564:192.168.157.194:37298], old=null
2019-10-17 02:14:35,413 [grpc-default-executor-0] INFO  impl.RaftServerImpl (RaftServerImpl.java:setRole(184)) - 3aea292b-16fb-4e9b-be90-828afa8e8047@group-896385CD49EE: changes role from  FOLLOWER to FOLLOWER at term 18 for recognizeCandidate:b32d7882-88db-4fe6-9cca-6a25122d474d
2019-10-17 02:14:35,413 [grpc-default-executor-0] INFO  impl.RoleInfo (RoleInfo.java:shutdownFollowerState(121)) - 3aea292b-16fb-4e9b-be90-828afa8e8047: shutdown FollowerState
2019-10-17 02:14:35,413 [grpc-default-executor-0] INFO  impl.RoleInfo (RoleInfo.java:updateAndGet(143)) - 3aea292b-16fb-4e9b-be90-828afa8e8047: start FollowerState
2019-10-17 02:14:35,413 [Thread-1550] INFO  impl.FollowerState (FollowerState.java:run(117)) - 3aea292b-16fb-4e9b-be90-828afa8e8047@group-896385CD49EE-FollowerState was interrupted: java.lang.InterruptedException: sleep interrupted
2019-10-17 02:14:35,414 [grpc-default-executor-2] INFO  impl.RaftServerImpl (RaftServerImpl.java:setRole(184)) - a6b2ebfb-69a0-457c-b6cd-a50cc148b564@group-896385CD49EE: changes role from  FOLLOWER to FOLLOWER at term 18 for recognizeCandidate:b32d7882-88db-4fe6-9cca-6a25122d474d
2019-10-17 02:14:35,414 [grpc-default-executor-2] INFO  impl.RoleInfo (RoleInfo.java:shutdownFollowerState(121)) - a6b2ebfb-69a0-457c-b6cd-a50cc148b564: shutdown FollowerState
2019-10-17 02:14:35,414 [grpc-default-executor-2] INFO  impl.RoleInfo (RoleInfo.java:updateAndGet(143)) - a6b2ebfb-69a0-457c-b6cd-a50cc148b564: start FollowerState
2019-10-17 02:14:35,414 [Thread-1551] INFO  impl.FollowerState (FollowerState.java:run(117)) - a6b2ebfb-69a0-457c-b6cd-a50cc148b564@group-896385CD49EE-FollowerState was interrupted: java.lang.InterruptedException: sleep interrupted
2019-10-17 02:14:35,428 [b32d7882-88db-4fe6-9cca-6a25122d474d@group-896385CD49EE-LeaderElection85] INFO  impl.LeaderElection (LeaderElection.java:logAndReturn(56)) - b32d7882-88db-4fe6-9cca-6a25122d474d@group-896385CD49EE-LeaderElection85: Election REJECTED; received 2 response(s) [b32d7882-88db-4fe6-9cca-6a25122d474d<-3aea292b-16fb-4e9b-be90-828afa8e8047#0:FAIL-t18, b32d7882-88db-4fe6-9cca-6a25122d474d<-a6b2ebfb-69a0-457c-b6cd-a50cc148b564#0:FAIL-t18] and 0 exception(s); b32d7882-88db-4fe6-9cca-6a25122d474d@group-896385CD49EE:t18, leader=null, voted=b32d7882-88db-4fe6-9cca-6a25122d474d, raftlog=b32d7882-88db-4fe6-9cca-6a25122d474d@group-896385CD49EE-SegmentedRaftLog:OPENED:c-1,f-1,i0, conf=-1: [b32d7882-88db-4fe6-9cca-6a25122d474d:192.168.157.194:42206, 3aea292b-16fb-4e9b-be90-828afa8e8047:192.168.157.194:34569, a6b2ebfb-69a0-457c-b6cd-a50cc148b564:192.168.157.194:37298], old=null
2019-10-17 02:14:35,429 [b32d7882-88db-4fe6-9cca-6a25122d474d@group-896385CD49EE-LeaderElection85] INFO  impl.RaftServerImpl (RaftServerImpl.java:setRole(184)) - b32d7882-88db-4fe6-9cca-6a25122d474d@group-896385CD49EE: changes role from CANDIDATE to FOLLOWER at term 18 for DISCOVERED_A_NEW_TERM
2019-10-17 02:14:35,429 [b32d7882-88db-4fe6-9cca-6a25122d474d@group-896385CD49EE-LeaderElection85] INFO  impl.RoleInfo (RoleInfo.java:shutdownLeaderElection(134)) - b32d7882-88db-4fe6-9cca-6a25122d474d: shutdown LeaderElection
2019-10-17 02:14:35,429 [b32d7882-88db-4fe6-9cca-6a25122d474d@group-896385CD49EE-LeaderElection85] INFO  impl.RoleInfo (RoleInfo.java:updateAndGet(143)) - b32d7882-88db-4fe6-9cca-6a25122d474d: start FollowerState
2019-10-17 02:14:35,533 [Thread-1558] INFO  impl.FollowerState (FollowerState.java:run(108)) - b32d7882-88db-4fe6-9cca-6a25122d474d@group-896385CD49EE-FollowerState: change to CANDIDATE, lastRpcTime:103ms, electionTimeout:103ms
2019-10-17 02:14:35,533 [Thread-1558] INFO  impl.RoleInfo (RoleInfo.java:shutdownFollowerState(121)) - b32d7882-88db-4fe6-9cca-6a25122d474d: shutdown FollowerState
2019-10-17 02:14:35,533 [Thread-1558] INFO  impl.RaftServerImpl (RaftServerImpl.java:setRole(184)) - b32d7882-88db-4fe6-9cca-6a25122d474d@group-896385CD49EE: changes role from  FOLLOWER to CANDIDATE at term 18 for changeToCandidate
2019-10-17 02:14:35,533 [Thread-1558] INFO  impl.RoleInfo (RoleInfo.java:updateAndGet(143)) - b32d7882-88db-4fe6-9cca-6a25122d474d: start LeaderElection
2019-10-17 02:14:35,547 [b32d7882-88db-4fe6-9cca-6a25122d474d@group-896385CD49EE-LeaderElection86] INFO  impl.LeaderElection (LeaderElection.java:askForVotes(178)) - b32d7882-88db-4fe6-9cca-6a25122d474d@group-896385CD49EE-LeaderElection86: begin an election at term 19 for -1: [b32d7882-88db-4fe6-9cca-6a25122d474d:192.168.157.194:42206, 3aea292b-16fb-4e9b-be90-828afa8e8047:192.168.157.194:34569, a6b2ebfb-69a0-457c-b6cd-a50cc148b564:192.168.157.194:37298], old=null
2019-10-17 02:14:35,549 [grpc-default-executor-0] INFO  impl.RaftServerImpl (RaftServerImpl.java:setRole(184)) - 3aea292b-16fb-4e9b-be90-828afa8e8047@group-896385CD49EE: changes role from  FOLLOWER to FOLLOWER at term 19 for recognizeCandidate:b32d7882-88db-4fe6-9cca-6a25122d474d
2019-10-17 02:14:35,549 [grpc-default-executor-0] INFO  impl.RoleInfo (RoleInfo.java:shutdownFollowerState(121)) - 3aea292b-16fb-4e9b-be90-828afa8e8047: shutdown FollowerState
2019-10-17 02:14:35,549 [grpc-default-executor-2] INFO  impl.RaftServerImpl (RaftServerImpl.java:setRole(184)) - a6b2ebfb-69a0-457c-b6cd-a50cc148b564@group-896385CD49EE: changes role from  FOLLOWER to FOLLOWER at term 19 for recognizeCandidate:b32d7882-88db-4fe6-9cca-6a25122d474d
2019-10-17 02:14:35,550 [Thread-1556] INFO  impl.FollowerState (FollowerState.java:run(117)) - 3aea292b-16fb-4e9b-be90-828afa8e8047@group-896385CD49EE-FollowerState was interrupted: java.lang.InterruptedException: sleep interrupted
2019-10-17 02:14:35,550 [grpc-default-executor-0] INFO  impl.RoleInfo (RoleInfo.java:updateAndGet(143)) - 3aea292b-16fb-4e9b-be90-828afa8e8047: start FollowerState
2019-10-17 02:14:35,550 [grpc-default-executor-2] INFO  impl.RoleInfo (RoleInfo.java:shutdownFollowerState(121)) - a6b2ebfb-69a0-457c-b6cd-a50cc148b564: shutdown FollowerState
2019-10-17 02:14:35,550 [grpc-default-executor-2] INFO  impl.RoleInfo (RoleInfo.java:updateAndGet(143)) - a6b2ebfb-69a0-457c-b6cd-a50cc148b564: start FollowerState
2019-10-17 02:14:35,550 [Thread-1557] INFO  impl.FollowerState (FollowerState.java:run(117)) - a6b2ebfb-69a0-457c-b6cd-a50cc148b564@group-896385CD49EE-FollowerState was interrupted: java.lang.InterruptedException: sleep interrupted
2019-10-17 02:14:35,566 [b32d7882-88db-4fe6-9cca-6a25122d474d@group-896385CD49EE-LeaderElection86] INFO  impl.LeaderElection (LeaderElection.java:logAndReturn(56)) - b32d7882-88db-4fe6-9cca-6a25122d474d@group-896385CD49EE-LeaderElection86: Election REJECTED; received 2 response(s) [b32d7882-88db-4fe6-9cca-6a25122d474d<-3aea292b-16fb-4e9b-be90-828afa8e8047#0:FAIL-t19, b32d7882-88db-4fe6-9cca-6a25122d474d<-a6b2ebfb-69a0-457c-b6cd-a50cc148b564#0:FAIL-t19] and 0 exception(s); b32d7882-88db-4fe6-9cca-6a25122d474d@group-896385CD49EE:t19, leader=null, voted=b32d7882-88db-4fe6-9cca-6a25122d474d, raftlog=b32d7882-88db-4fe6-9cca-6a25122d474d@group-896385CD49EE-SegmentedRaftLog:OPENED:c-1,f-1,i0, conf=-1: [b32d7882-88db-4fe6-9cca-6a25122d474d:192.168.157.194:42206, 3aea292b-16fb-4e9b-be90-828afa8e8047:192.168.157.194:34569, a6b2ebfb-69a0-457c-b6cd-a50cc148b564:192.168.157.194:37298], old=null
2019-10-17 02:14:35,566 [b32d7882-88db-4fe6-9cca-6a25122d474d@group-896385CD49EE-LeaderElection86] INFO  impl.RaftServerImpl (RaftServerImpl.java:setRole(184)) - b32d7882-88db-4fe6-9cca-6a25122d474d@group-896385CD49EE: changes role from CANDIDATE to FOLLOWER at term 19 for DISCOVERED_A_NEW_TERM
2019-10-17 02:14:35,566 [b32d7882-88db-4fe6-9cca-6a25122d474d@group-896385CD49EE-LeaderElection86] INFO  impl.RoleInfo (RoleInfo.java:shutdownLeaderElection(134)) - b32d7882-88db-4fe6-9cca-6a25122d474d: shutdown LeaderElection
2019-10-17 02:14:35,566 [b32d7882-88db-4fe6-9cca-6a25122d474d@group-896385CD49EE-LeaderElection86] INFO  impl.RoleInfo (RoleInfo.java:updateAndGet(143)) - b32d7882-88db-4fe6-9cca-6a25122d474d: start FollowerState
2019-10-17 02:14:35,597 [Thread-1564] INFO  impl.FollowerState (FollowerState.java:run(108)) - b32d7882-88db-4fe6-9cca-6a25122d474d@group-896385CD49EE-FollowerState: change to CANDIDATE, lastRpcTime:30ms, electionTimeout:30ms
2019-10-17 02:14:35,597 [Thread-1564] INFO  impl.RoleInfo (RoleInfo.java:shutdownFollowerState(121)) - b32d7882-88db-4fe6-9cca-6a25122d474d: shutdown FollowerState
2019-10-17 02:14:35,597 [Thread-1564] INFO  impl.RaftServerImpl (RaftServerImpl.java:setRole(184)) - b32d7882-88db-4fe6-9cca-6a25122d474d@group-896385CD49EE: changes role from  FOLLOWER to CANDIDATE at term 19 for changeToCandidate
2019-10-17 02:14:35,597 [Thread-1564] INFO  impl.RoleInfo (RoleInfo.java:updateAndGet(143)) - b32d7882-88db-4fe6-9cca-6a25122d474d: start LeaderElection
2019-10-17 02:14:35,611 [b32d7882-88db-4fe6-9cca-6a25122d474d@group-896385CD49EE-LeaderElection87] INFO  impl.LeaderElection (LeaderElection.java:askForVotes(178)) - b32d7882-88db-4fe6-9cca-6a25122d474d@group-896385CD49EE-LeaderElection87: begin an election at term 20 for -1: [b32d7882-88db-4fe6-9cca-6a25122d474d:192.168.157.194:42206, 3aea292b-16fb-4e9b-be90-828afa8e8047:192.168.157.194:34569, a6b2ebfb-69a0-457c-b6cd-a50cc148b564:192.168.157.194:37298], old=null
2019-10-17 02:14:35,613 [grpc-default-executor-0] INFO  impl.RaftServerImpl (RaftServerImpl.java:setRole(184)) - 3aea292b-16fb-4e9b-be90-828afa8e8047@group-896385CD49EE: changes role from  FOLLOWER to FOLLOWER at term 20 for recognizeCandidate:b32d7882-88db-4fe6-9cca-6a25122d474d
2019-10-17 02:14:35,614 [grpc-default-executor-0] INFO  impl.RoleInfo (RoleInfo.java:shutdownFollowerState(121)) - 3aea292b-16fb-4e9b-be90-828afa8e8047: shutdown FollowerState
2019-10-17 02:14:35,614 [grpc-default-executor-2] INFO  impl.RaftServerImpl (RaftServerImpl.java:setRole(184)) - a6b2ebfb-69a0-457c-b6cd-a50cc148b564@group-896385CD49EE: changes role from  FOLLOWER to FOLLOWER at term 20 for recognizeCandidate:b32d7882-88db-4fe6-9cca-6a25122d474d
2019-10-17 02:14:35,614 [grpc-default-executor-2] INFO  impl.RoleInfo (RoleInfo.java:shutdownFollowerState(121)) - a6b2ebfb-69a0-457c-b6cd-a50cc148b564: shutdown FollowerState
2019-10-17 02:14:35,614 [Thread-1562] INFO  impl.FollowerState (FollowerState.java:run(117)) - 3aea292b-16fb-4e9b-be90-828afa8e8047@group-896385CD49EE-FollowerState was interrupted: java.lang.InterruptedException: sleep interrupted
2019-10-17 02:14:35,614 [grpc-default-executor-0] INFO  impl.RoleInfo (RoleInfo.java:updateAndGet(143)) - 3aea292b-16fb-4e9b-be90-828afa8e8047: start FollowerState
2019-10-17 02:14:35,614 [Thread-1563] INFO  impl.FollowerState (FollowerState.java:run(117)) - a6b2ebfb-69a0-457c-b6cd-a50cc148b564@group-896385CD49EE-FollowerState was interrupted: java.lang.InterruptedException: sleep interrupted
2019-10-17 02:14:35,614 [grpc-default-executor-2] INFO  impl.RoleInfo (RoleInfo.java:updateAndGet(143)) - a6b2ebfb-69a0-457c-b6cd-a50cc148b564: start FollowerState
2019-10-17 02:14:35,630 [b32d7882-88db-4fe6-9cca-6a25122d474d@group-896385CD49EE-LeaderElection87] INFO  impl.LeaderElection (LeaderElection.java:logAndReturn(56)) - b32d7882-88db-4fe6-9cca-6a25122d474d@group-896385CD49EE-LeaderElection87: Election REJECTED; received 2 response(s) [b32d7882-88db-4fe6-9cca-6a25122d474d<-3aea292b-16fb-4e9b-be90-828afa8e8047#0:FAIL-t20, b32d7882-88db-4fe6-9cca-6a25122d474d<-a6b2ebfb-69a0-457c-b6cd-a50cc148b564#0:FAIL-t20] and 0 exception(s); b32d7882-88db-4fe6-9cca-6a25122d474d@group-896385CD49EE:t20, leader=null, voted=b32d7882-88db-4fe6-9cca-6a25122d474d, raftlog=b32d7882-88db-4fe6-9cca-6a25122d474d@group-896385CD49EE-SegmentedRaftLog:OPENED:c-1,f-1,i0, conf=-1: [b32d7882-88db-4fe6-9cca-6a25122d474d:192.168.157.194:42206, 3aea292b-16fb-4e9b-be90-828afa8e8047:192.168.157.194:34569, a6b2ebfb-69a0-457c-b6cd-a50cc148b564:192.168.157.194:37298], old=null
2019-10-17 02:14:35,630 [b32d7882-88db-4fe6-9cca-6a25122d474d@group-896385CD49EE-LeaderElection87] INFO  impl.RaftServerImpl (RaftServerImpl.java:setRole(184)) - b32d7882-88db-4fe6-9cca-6a25122d474d@group-896385CD49EE: changes role from CANDIDATE to FOLLOWER at term 20 for DISCOVERED_A_NEW_TERM
2019-10-17 02:14:35,630 [b32d7882-88db-4fe6-9cca-6a25122d474d@group-896385CD49EE-LeaderElection87] INFO  impl.RoleInfo (RoleInfo.java:shutdownLeaderElection(134)) - b32d7882-88db-4fe6-9cca-6a25122d474d: shutdown LeaderElection
2019-10-17 02:14:35,631 [b32d7882-88db-4fe6-9cca-6a25122d474d@group-896385CD49EE-LeaderElection87] INFO  impl.RoleInfo (RoleInfo.java:updateAndGet(143)) - b32d7882-88db-4fe6-9cca-6a25122d474d: start FollowerState
2019-10-17 02:14:35,696 [Thread-1570] INFO  impl.FollowerState (FollowerState.java:run(108)) - b32d7882-88db-4fe6-9cca-6a25122d474d@group-896385CD49EE-FollowerState: change to CANDIDATE, lastRpcTime:65ms, electionTimeout:65ms
2019-10-17 02:14:35,696 [Thread-1570] INFO  impl.RoleInfo (RoleInfo.java:shutdownFollowerState(121)) - b32d7882-88db-4fe6-9cca-6a25122d474d: shutdown FollowerState
2019-10-17 02:14:35,696 [Thread-1570] INFO  impl.RaftServerImpl (RaftServerImpl.java:setRole(184)) - b32d7882-88db-4fe6-9cca-6a25122d474d@group-896385CD49EE: changes role from  FOLLOWER to CANDIDATE at term 20 for changeToCandidate
2019-10-17 02:14:35,697 [Thread-1570] INFO  impl.RoleInfo (RoleInfo.java:updateAndGet(143)) - b32d7882-88db-4fe6-9cca-6a25122d474d: start LeaderElection
2019-10-17 02:14:35,710 [b32d7882-88db-4fe6-9cca-6a25122d474d@group-896385CD49EE-LeaderElection88] INFO  impl.LeaderElection (LeaderElection.java:askForVotes(178)) - b32d7882-88db-4fe6-9cca-6a25122d474d@group-896385CD49EE-LeaderElection88: begin an election at term 21 for -1: [b32d7882-88db-4fe6-9cca-6a25122d474d:192.168.157.194:42206, 3aea292b-16fb-4e9b-be90-828afa8e8047:192.168.157.194:34569, a6b2ebfb-69a0-457c-b6cd-a50cc148b564:192.168.157.194:37298], old=null
2019-10-17 02:14:35,713 [grpc-default-executor-2] INFO  impl.RaftServerImpl (RaftServerImpl.java:setRole(184)) - 3aea292b-16fb-4e9b-be90-828afa8e8047@group-896385CD49EE: changes role from  FOLLOWER to FOLLOWER at term 21 for recognizeCandidate:b32d7882-88db-4fe6-9cca-6a25122d474d
2019-10-17 02:14:35,714 [grpc-default-executor-2] INFO  impl.RoleInfo (RoleInfo.java:shutdownFollowerState(121)) - 3aea292b-16fb-4e9b-be90-828afa8e8047: shutdown FollowerState
2019-10-17 02:14:35,714 [grpc-default-executor-0] INFO  impl.RaftServerImpl (RaftServerImpl.java:setRole(184)) - a6b2ebfb-69a0-457c-b6cd-a50cc148b564@group-896385CD49EE: changes role from  FOLLOWER to FOLLOWER at term 21 for recognizeCandidate:b32d7882-88db-4fe6-9cca-6a25122d474d
2019-10-17 02:14:35,714 [grpc-default-executor-0] INFO  impl.RoleInfo (RoleInfo.java:shutdownFollowerState(121)) - a6b2ebfb-69a0-457c-b6cd-a50cc148b564: shutdown FollowerState
2019-10-17 02:14:35,714 [Thread-1568] INFO  impl.FollowerState (FollowerState.java:run(117)) - 3aea292b-16fb-4e9b-be90-828afa8e8047@group-896385CD49EE-FollowerState was interrupted: java.lang.InterruptedException: sleep interrupted
2019-10-17 02:14:35,714 [grpc-default-executor-2] INFO  impl.RoleInfo (RoleInfo.java:updateAndGet(143)) - 3aea292b-16fb-4e9b-be90-828afa8e8047: start FollowerState
2019-10-17 02:14:35,714 [Thread-1569] INFO  impl.FollowerState (FollowerState.java:run(117)) - a6b2ebfb-69a0-457c-b6cd-a50cc148b564@group-896385CD49EE-FollowerState was interrupted: java.lang.InterruptedException: sleep interrupted
2019-10-17 02:14:35,714 [grpc-default-executor-0] INFO  impl.RoleInfo (RoleInfo.java:updateAndGet(143)) - a6b2ebfb-69a0-457c-b6cd-a50cc148b564: start FollowerState
2019-10-17 02:14:35,730 [b32d7882-88db-4fe6-9cca-6a25122d474d@group-896385CD49EE-LeaderElection88] INFO  impl.LeaderElection (LeaderElection.java:logAndReturn(56)) - b32d7882-88db-4fe6-9cca-6a25122d474d@group-896385CD49EE-LeaderElection88: Election REJECTED; received 2 response(s) [b32d7882-88db-4fe6-9cca-6a25122d474d<-3aea292b-16fb-4e9b-be90-828afa8e8047#0:FAIL-t21, b32d7882-88db-4fe6-9cca-6a25122d474d<-a6b2ebfb-69a0-457c-b6cd-a50cc148b564#0:FAIL-t21] and 0 exception(s); b32d7882-88db-4fe6-9cca-6a25122d474d@group-896385CD49EE:t21, leader=null, voted=b32d7882-88db-4fe6-9cca-6a25122d474d, raftlog=b32d7882-88db-4fe6-9cca-6a25122d474d@group-896385CD49EE-SegmentedRaftLog:OPENED:c-1,f-1,i0, conf=-1: [b32d7882-88db-4fe6-9cca-6a25122d474d:192.168.157.194:42206, 3aea292b-16fb-4e9b-be90-828afa8e8047:192.168.157.194:34569, a6b2ebfb-69a0-457c-b6cd-a50cc148b564:192.168.157.194:37298], old=null
2019-10-17 02:14:35,730 [b32d7882-88db-4fe6-9cca-6a25122d474d@group-896385CD49EE-LeaderElection88] INFO  impl.RaftServerImpl (RaftServerImpl.java:setRole(184)) - b32d7882-88db-4fe6-9cca-6a25122d474d@group-896385CD49EE: changes role from CANDIDATE to FOLLOWER at term 21 for DISCOVERED_A_NEW_TERM
2019-10-17 02:14:35,730 [b32d7882-88db-4fe6-9cca-6a25122d474d@group-896385CD49EE-LeaderElection88] INFO  impl.RoleInfo (RoleInfo.java:shutdownLeaderElection(134)) - b32d7882-88db-4fe6-9cca-6a25122d474d: shutdown LeaderElection
2019-10-17 02:14:35,731 [b32d7882-88db-4fe6-9cca-6a25122d474d@group-896385CD49EE-LeaderElection88] INFO  impl.RoleInfo (RoleInfo.java:updateAndGet(143)) - b32d7882-88db-4fe6-9cca-6a25122d474d: start FollowerState
2019-10-17 02:14:35,779 [Thread-1576] INFO  impl.FollowerState (FollowerState.java:run(108)) - b32d7882-88db-4fe6-9cca-6a25122d474d@group-896385CD49EE-FollowerState: change to CANDIDATE, lastRpcTime:48ms, electionTimeout:48ms
2019-10-17 02:14:35,779 [Thread-1576] INFO  impl.RoleInfo (RoleInfo.java:shutdownFollowerState(121)) - b32d7882-88db-4fe6-9cca-6a25122d474d: shutdown FollowerState
2019-10-17 02:14:35,779 [Thread-1576] INFO  impl.RaftServerImpl (RaftServerImpl.java:setRole(184)) - b32d7882-88db-4fe6-9cca-6a25122d474d@group-896385CD49EE: changes role from  FOLLOWER to CANDIDATE at term 21 for changeToCandidate
2019-10-17 02:14:35,779 [Thread-1576] INFO  impl.RoleInfo (RoleInfo.java:updateAndGet(143)) - b32d7882-88db-4fe6-9cca-6a25122d474d: start LeaderElection
2019-10-17 02:14:35,793 [b32d7882-88db-4fe6-9cca-6a25122d474d@group-896385CD49EE-LeaderElection89] INFO  impl.LeaderElection (LeaderElection.java:askForVotes(178)) - b32d7882-88db-4fe6-9cca-6a25122d474d@group-896385CD49EE-LeaderElection89: begin an election at term 22 for -1: [b32d7882-88db-4fe6-9cca-6a25122d474d:192.168.157.194:42206, 3aea292b-16fb-4e9b-be90-828afa8e8047:192.168.157.194:34569, a6b2ebfb-69a0-457c-b6cd-a50cc148b564:192.168.157.194:37298], old=null
2019-10-17 02:14:35,796 [grpc-default-executor-2] INFO  impl.RaftServerImpl (RaftServerImpl.java:setRole(184)) - 3aea292b-16fb-4e9b-be90-828afa8e8047@group-896385CD49EE: changes role from  FOLLOWER to FOLLOWER at term 22 for recognizeCandidate:b32d7882-88db-4fe6-9cca-6a25122d474d
2019-10-17 02:14:35,796 [grpc-default-executor-2] INFO  impl.RoleInfo (RoleInfo.java:shutdownFollowerState(121)) - 3aea292b-16fb-4e9b-be90-828afa8e8047: shutdown FollowerState
2019-10-17 02:14:35,796 [grpc-default-executor-2] INFO  impl.RoleInfo (RoleInfo.java:updateAndGet(143)) - 3aea292b-16fb-4e9b-be90-828afa8e8047: start FollowerState
2019-10-17 02:14:35,796 [grpc-default-executor-0] INFO  impl.RaftServerImpl (RaftServerImpl.java:setRole(184)) - a6b2ebfb-69a0-457c-b6cd-a50cc148b564@group-896385CD49EE: changes role from  FOLLOWER to FOLLOWER at term 22 for recognizeCandidate:b32d7882-88db-4fe6-9cca-6a25122d474d
2019-10-17 02:14:35,797 [grpc-default-executor-0] INFO  impl.RoleInfo (RoleInfo.java:shutdownFollowerState(121)) - a6b2ebfb-69a0-457c-b6cd-a50cc148b564: shutdown FollowerState
2019-10-17 02:14:35,796 [Thread-1574] INFO  impl.FollowerState (FollowerState.java:run(117)) - 3aea292b-16fb-4e9b-be90-828afa8e8047@group-896385CD49EE-FollowerState was interrupted: java.lang.InterruptedException: sleep interrupted
2019-10-17 02:14:35,797 [Thread-1575] INFO  impl.FollowerState (FollowerState.java:run(117)) - a6b2ebfb-69a0-457c-b6cd-a50cc148b564@group-896385CD49EE-FollowerState was interrupted: java.lang.InterruptedException: sleep interrupted
2019-10-17 02:14:35,797 [grpc-default-executor-0] INFO  impl.RoleInfo (RoleInfo.java:updateAndGet(143)) - a6b2ebfb-69a0-457c-b6cd-a50cc148b564: start FollowerState
2019-10-17 02:14:35,812 [b32d7882-88db-4fe6-9cca-6a25122d474d@group-896385CD49EE-LeaderElection89] INFO  impl.LeaderElection (LeaderElection.java:logAndReturn(56)) - b32d7882-88db-4fe6-9cca-6a25122d474d@group-896385CD49EE-LeaderElection89: Election REJECTED; received 2 response(s) [b32d7882-88db-4fe6-9cca-6a25122d474d<-3aea292b-16fb-4e9b-be90-828afa8e8047#0:FAIL-t22, b32d7882-88db-4fe6-9cca-6a25122d474d<-a6b2ebfb-69a0-457c-b6cd-a50cc148b564#0:FAIL-t22] and 0 exception(s); b32d7882-88db-4fe6-9cca-6a25122d474d@group-896385CD49EE:t22, leader=null, voted=b32d7882-88db-4fe6-9cca-6a25122d474d, raftlog=b32d7882-88db-4fe6-9cca-6a25122d474d@group-896385CD49EE-SegmentedRaftLog:OPENED:c-1,f-1,i0, conf=-1: [b32d7882-88db-4fe6-9cca-6a25122d474d:192.168.157.194:42206, 3aea292b-16fb-4e9b-be90-828afa8e8047:192.168.157.194:34569, a6b2ebfb-69a0-457c-b6cd-a50cc148b564:192.168.157.194:37298], old=null
2019-10-17 02:14:35,812 [b32d7882-88db-4fe6-9cca-6a25122d474d@group-896385CD49EE-LeaderElection89] INFO  impl.RaftServerImpl (RaftServerImpl.java:setRole(184)) - b32d7882-88db-4fe6-9cca-6a25122d474d@group-896385CD49EE: changes role from CANDIDATE to FOLLOWER at term 22 for DISCOVERED_A_NEW_TERM
2019-10-17 02:14:35,812 [b32d7882-88db-4fe6-9cca-6a25122d474d@group-896385CD49EE-LeaderElection89] INFO  impl.RoleInfo (RoleInfo.java:shutdownLeaderElection(134)) - b32d7882-88db-4fe6-9cca-6a25122d474d: shutdown LeaderElection
2019-10-17 02:14:35,812 [b32d7882-88db-4fe6-9cca-6a25122d474d@group-896385CD49EE-LeaderElection89] INFO  impl.RoleInfo (RoleInfo.java:updateAndGet(143)) - b32d7882-88db-4fe6-9cca-6a25122d474d: start FollowerState
2019-10-17 02:14:35,879 [Thread-1582] INFO  impl.FollowerState (FollowerState.java:run(108)) - b32d7882-88db-4fe6-9cca-6a25122d474d@group-896385CD49EE-FollowerState: change to CANDIDATE, lastRpcTime:66ms, electionTimeout:66ms
2019-10-17 02:14:35,879 [Thread-1582] INFO  impl.RoleInfo (RoleInfo.java:shutdownFollowerState(121)) - b32d7882-88db-4fe6-9cca-6a25122d474d: shutdown FollowerState
2019-10-17 02:14:35,879 [Thread-1582] INFO  impl.RaftServerImpl (RaftServerImpl.java:setRole(184)) - b32d7882-88db-4fe6-9cca-6a25122d474d@group-896385CD49EE: changes role from  FOLLOWER to CANDIDATE at term 22 for changeToCandidate
2019-10-17 02:14:35,879 [Thread-1582] INFO  impl.RoleInfo (RoleInfo.java:updateAndGet(143)) - b32d7882-88db-4fe6-9cca-6a25122d474d: start LeaderElection
2019-10-17 02:14:35,893 [b32d7882-88db-4fe6-9cca-6a25122d474d@group-896385CD49EE-LeaderElection90] INFO  impl.LeaderElection (LeaderElection.java:askForVotes(178)) - b32d7882-88db-4fe6-9cca-6a25122d474d@group-896385CD49EE-LeaderElection90: begin an election at term 23 for -1: [b32d7882-88db-4fe6-9cca-6a25122d474d:192.168.157.194:42206, 3aea292b-16fb-4e9b-be90-828afa8e8047:192.168.157.194:34569, a6b2ebfb-69a0-457c-b6cd-a50cc148b564:192.168.157.194:37298], old=null
2019-10-17 02:14:35,896 [grpc-default-executor-0] INFO  impl.RaftServerImpl (RaftServerImpl.java:setRole(184)) - 3aea292b-16fb-4e9b-be90-828afa8e8047@group-896385CD49EE: changes role from  FOLLOWER to FOLLOWER at term 23 for recognizeCandidate:b32d7882-88db-4fe6-9cca-6a25122d474d
2019-10-17 02:14:35,896 [grpc-default-executor-0] INFO  impl.RoleInfo (RoleInfo.java:shutdownFollowerState(121)) - 3aea292b-16fb-4e9b-be90-828afa8e8047: shutdown FollowerState
2019-10-17 02:14:35,896 [grpc-default-executor-2] INFO  impl.RaftServerImpl (RaftServerImpl.java:setRole(184)) - a6b2ebfb-69a0-457c-b6cd-a50cc148b564@group-896385CD49EE: changes role from  FOLLOWER to FOLLOWER at term 23 for recognizeCandidate:b32d7882-88db-4fe6-9cca-6a25122d474d
2019-10-17 02:14:35,897 [grpc-default-executor-2] INFO  impl.RoleInfo (RoleInfo.java:shutdownFollowerState(121)) - a6b2ebfb-69a0-457c-b6cd-a50cc148b564: shutdown FollowerState
2019-10-17 02:14:35,897 [Thread-1580] INFO  impl.FollowerState (FollowerState.java:run(117)) - 3aea292b-16fb-4e9b-be90-828afa8e8047@group-896385CD49EE-FollowerState was interrupted: java.lang.InterruptedException: sleep interrupted
2019-10-17 02:14:35,897 [Thread-1581] INFO  impl.FollowerState (FollowerState.java:run(117)) - a6b2ebfb-69a0-457c-b6cd-a50cc148b564@group-896385CD49EE-FollowerState was interrupted: java.lang.InterruptedException: sleep interrupted
2019-10-17 02:14:35,897 [grpc-default-executor-0] INFO  impl.RoleInfo (RoleInfo.java:updateAndGet(143)) - 3aea292b-16fb-4e9b-be90-828afa8e8047: start FollowerState
2019-10-17 02:14:35,897 [grpc-default-executor-2] INFO  impl.RoleInfo (RoleInfo.java:updateAndGet(143)) - a6b2ebfb-69a0-457c-b6cd-a50cc148b564: start FollowerState
2019-10-17 02:14:35,912 [b32d7882-88db-4fe6-9cca-6a25122d474d@group-896385CD49EE-LeaderElection90] INFO  impl.LeaderElection (LeaderElection.java:logAndReturn(56)) - b32d7882-88db-4fe6-9cca-6a25122d474d@group-896385CD49EE-LeaderElection90: Election REJECTED; received 2 response(s) [b32d7882-88db-4fe6-9cca-6a25122d474d<-3aea292b-16fb-4e9b-be90-828afa8e8047#0:FAIL-t23, b32d7882-88db-4fe6-9cca-6a25122d474d<-a6b2ebfb-69a0-457c-b6cd-a50cc148b564#0:FAIL-t23] and 0 exception(s); b32d7882-88db-4fe6-9cca-6a25122d474d@group-896385CD49EE:t23, leader=null, voted=b32d7882-88db-4fe6-9cca-6a25122d474d, raftlog=b32d7882-88db-4fe6-9cca-6a25122d474d@group-896385CD49EE-SegmentedRaftLog:OPENED:c-1,f-1,i0, conf=-1: [b32d7882-88db-4fe6-9cca-6a25122d474d:192.168.157.194:42206, 3aea292b-16fb-4e9b-be90-828afa8e8047:192.168.157.194:34569, a6b2ebfb-69a0-457c-b6cd-a50cc148b564:192.168.157.194:37298], old=null
2019-10-17 02:14:35,913 [b32d7882-88db-4fe6-9cca-6a25122d474d@group-896385CD49EE-LeaderElection90] INFO  impl.RaftServerImpl (RaftServerImpl.java:setRole(184)) - b32d7882-88db-4fe6-9cca-6a25122d474d@group-896385CD49EE: changes role from CANDIDATE to FOLLOWER at term 23 for DISCOVERED_A_NEW_TERM
2019-10-17 02:14:35,913 [b32d7882-88db-4fe6-9cca-6a25122d474d@group-896385CD49EE-LeaderElection90] INFO  impl.RoleInfo (RoleInfo.java:shutdownLeaderElection(134)) - b32d7882-88db-4fe6-9cca-6a25122d474d: shutdown LeaderElection
2019-10-17 02:14:35,913 [b32d7882-88db-4fe6-9cca-6a25122d474d@group-896385CD49EE-LeaderElection90] INFO  impl.RoleInfo (RoleInfo.java:updateAndGet(143)) - b32d7882-88db-4fe6-9cca-6a25122d474d: start FollowerState
2019-10-17 02:14:35,921 [Thread-1588] INFO  impl.FollowerState (FollowerState.java:run(108)) - b32d7882-88db-4fe6-9cca-6a25122d474d@group-896385CD49EE-FollowerState: change to CANDIDATE, lastRpcTime:7ms, electionTimeout:7ms
2019-10-17 02:14:35,921 [Thread-1588] INFO  impl.RoleInfo (RoleInfo.java:shutdownFollowerState(121)) - b32d7882-88db-4fe6-9cca-6a25122d474d: shutdown FollowerState
2019-10-17 02:14:35,921 [Thread-1588] INFO  impl.RaftServerImpl (RaftServerImpl.java:setRole(184)) - b32d7882-88db-4fe6-9cca-6a25122d474d@group-896385CD49EE: changes role from  FOLLOWER to CANDIDATE at term 23 for changeToCandidate
2019-10-17 02:14:35,921 [Thread-1588] INFO  impl.RoleInfo (RoleInfo.java:updateAndGet(143)) - b32d7882-88db-4fe6-9cca-6a25122d474d: start LeaderElection
2019-10-17 02:14:35,935 [b32d7882-88db-4fe6-9cca-6a25122d474d@group-896385CD49EE-LeaderElection91] INFO  impl.LeaderElection (LeaderElection.java:askForVotes(178)) - b32d7882-88db-4fe6-9cca-6a25122d474d@group-896385CD49EE-LeaderElection91: begin an election at term 24 for -1: [b32d7882-88db-4fe6-9cca-6a25122d474d:192.168.157.194:42206, 3aea292b-16fb-4e9b-be90-828afa8e8047:192.168.157.194:34569, a6b2ebfb-69a0-457c-b6cd-a50cc148b564:192.168.157.194:37298], old=null
2019-10-17 02:14:35,938 [grpc-default-executor-2] INFO  impl.RaftServerImpl (RaftServerImpl.java:setRole(184)) - 3aea292b-16fb-4e9b-be90-828afa8e8047@group-896385CD49EE: changes role from  FOLLOWER to FOLLOWER at term 24 for recognizeCandidate:b32d7882-88db-4fe6-9cca-6a25122d474d
2019-10-17 02:14:35,938 [grpc-default-executor-2] INFO  impl.RoleInfo (RoleInfo.java:shutdownFollowerState(121)) - 3aea292b-16fb-4e9b-be90-828afa8e8047: shutdown FollowerState
2019-10-17 02:14:35,938 [grpc-default-executor-0] INFO  impl.RaftServerImpl (RaftServerImpl.java:setRole(184)) - a6b2ebfb-69a0-457c-b6cd-a50cc148b564@group-896385CD49EE: changes role from  FOLLOWER to FOLLOWER at term 24 for recognizeCandidate:b32d7882-88db-4fe6-9cca-6a25122d474d
2019-10-17 02:14:35,938 [Thread-1586] INFO  impl.FollowerState (FollowerState.java:run(117)) - 3aea292b-16fb-4e9b-be90-828afa8e8047@group-896385CD49EE-FollowerState was interrupted: java.lang.InterruptedException: sleep interrupted
2019-10-17 02:14:35,938 [grpc-default-executor-2] INFO  impl.RoleInfo (RoleInfo.java:updateAndGet(143)) - 3aea292b-16fb-4e9b-be90-828afa8e8047: start FollowerState
2019-10-17 02:14:35,938 [grpc-default-executor-0] INFO  impl.RoleInfo (RoleInfo.java:shutdownFollowerState(121)) - a6b2ebfb-69a0-457c-b6cd-a50cc148b564: shutdown FollowerState
2019-10-17 02:14:35,939 [grpc-default-executor-0] INFO  impl.RoleInfo (RoleInfo.java:updateAndGet(143)) - a6b2ebfb-69a0-457c-b6cd-a50cc148b564: start FollowerState
2019-10-17 02:14:35,939 [Thread-1587] INFO  impl.FollowerState (FollowerState.java:run(117)) - a6b2ebfb-69a0-457c-b6cd-a50cc148b564@group-896385CD49EE-FollowerState was interrupted: java.lang.InterruptedException: sleep interrupted
2019-10-17 02:14:35,954 [b32d7882-88db-4fe6-9cca-6a25122d474d@group-896385CD49EE-LeaderElection91] INFO  impl.LeaderElection (LeaderElection.java:logAndReturn(56)) - b32d7882-88db-4fe6-9cca-6a25122d474d@group-896385CD49EE-LeaderElection91: Election REJECTED; received 2 response(s) [b32d7882-88db-4fe6-9cca-6a25122d474d<-3aea292b-16fb-4e9b-be90-828afa8e8047#0:FAIL-t24, b32d7882-88db-4fe6-9cca-6a25122d474d<-a6b2ebfb-69a0-457c-b6cd-a50cc148b564#0:FAIL-t24] and 0 exception(s); b32d7882-88db-4fe6-9cca-6a25122d474d@group-896385CD49EE:t24, leader=null, voted=b32d7882-88db-4fe6-9cca-6a25122d474d, raftlog=b32d7882-88db-4fe6-9cca-6a25122d474d@group-896385CD49EE-SegmentedRaftLog:OPENED:c-1,f-1,i0, conf=-1: [b32d7882-88db-4fe6-9cca-6a25122d474d:192.168.157.194:42206, 3aea292b-16fb-4e9b-be90-828afa8e8047:192.168.157.194:34569, a6b2ebfb-69a0-457c-b6cd-a50cc148b564:192.168.157.194:37298], old=null
2019-10-17 02:14:35,954 [b32d7882-88db-4fe6-9cca-6a25122d474d@group-896385CD49EE-LeaderElection91] INFO  impl.RaftServerImpl (RaftServerImpl.java:setRole(184)) - b32d7882-88db-4fe6-9cca-6a25122d474d@group-896385CD49EE: changes role from CANDIDATE to FOLLOWER at term 24 for DISCOVERED_A_NEW_TERM
2019-10-17 02:14:35,954 [b32d7882-88db-4fe6-9cca-6a25122d474d@group-896385CD49EE-LeaderElection91] INFO  impl.RoleInfo (RoleInfo.java:shutdownLeaderElection(134)) - b32d7882-88db-4fe6-9cca-6a25122d474d: shutdown LeaderElection
2019-10-17 02:14:35,954 [b32d7882-88db-4fe6-9cca-6a25122d474d@group-896385CD49EE-LeaderElection91] INFO  impl.RoleInfo (RoleInfo.java:updateAndGet(143)) - b32d7882-88db-4fe6-9cca-6a25122d474d: start FollowerState
2019-10-17 02:14:36,126 [main] INFO  ozone.MiniOzoneClusterImpl (MiniOzoneClusterImpl.java:lambda$waitForClusterToBeReady$2(164)) - Waiting for 1 number of pipelines out of 4, to report a leader.
2019-10-17 02:14:36,150 [Thread-1594] INFO  impl.FollowerState (FollowerState.java:run(108)) - b32d7882-88db-4fe6-9cca-6a25122d474d@group-896385CD49EE-FollowerState: change to CANDIDATE, lastRpcTime:196ms, electionTimeout:196ms
2019-10-17 02:14:36,151 [Thread-1594] INFO  impl.RoleInfo (RoleInfo.java:shutdownFollowerState(121)) - b32d7882-88db-4fe6-9cca-6a25122d474d: shutdown FollowerState
2019-10-17 02:14:36,151 [Thread-1594] INFO  impl.RaftServerImpl (RaftServerImpl.java:setRole(184)) - b32d7882-88db-4fe6-9cca-6a25122d474d@group-896385CD49EE: changes role from  FOLLOWER to CANDIDATE at term 24 for changeToCandidate
2019-10-17 02:14:36,151 [Thread-1594] INFO  impl.RoleInfo (RoleInfo.java:updateAndGet(143)) - b32d7882-88db-4fe6-9cca-6a25122d474d: start LeaderElection
2019-10-17 02:14:36,173 [b32d7882-88db-4fe6-9cca-6a25122d474d@group-896385CD49EE-LeaderElection92] INFO  impl.LeaderElection (LeaderElection.java:askForVotes(178)) - b32d7882-88db-4fe6-9cca-6a25122d474d@group-896385CD49EE-LeaderElection92: begin an election at term 25 for -1: [b32d7882-88db-4fe6-9cca-6a25122d474d:192.168.157.194:42206, 3aea292b-16fb-4e9b-be90-828afa8e8047:192.168.157.194:34569, a6b2ebfb-69a0-457c-b6cd-a50cc148b564:192.168.157.194:37298], old=null
2019-10-17 02:14:36,176 [grpc-default-executor-2] INFO  impl.RaftServerImpl (RaftServerImpl.java:setRole(184)) - 3aea292b-16fb-4e9b-be90-828afa8e8047@group-896385CD49EE: changes role from  FOLLOWER to FOLLOWER at term 25 for recognizeCandidate:b32d7882-88db-4fe6-9cca-6a25122d474d
2019-10-17 02:14:36,177 [grpc-default-executor-2] INFO  impl.RoleInfo (RoleInfo.java:shutdownFollowerState(121)) - 3aea292b-16fb-4e9b-be90-828afa8e8047: shutdown FollowerState
2019-10-17 02:14:36,177 [grpc-default-executor-0] INFO  impl.RaftServerImpl (RaftServerImpl.java:setRole(184)) - a6b2ebfb-69a0-457c-b6cd-a50cc148b564@group-896385CD49EE: changes role from  FOLLOWER to FOLLOWER at term 25 for recognizeCandidate:b32d7882-88db-4fe6-9cca-6a25122d474d
2019-10-17 02:14:36,177 [Thread-1592] INFO  impl.FollowerState (FollowerState.java:run(117)) - 3aea292b-16fb-4e9b-be90-828afa8e8047@group-896385CD49EE-FollowerState was interrupted: java.lang.InterruptedException: sleep interrupted
2019-10-17 02:14:36,177 [grpc-default-executor-2] INFO  impl.RoleInfo (RoleInfo.java:updateAndGet(143)) - 3aea292b-16fb-4e9b-be90-828afa8e8047: start FollowerState
2019-10-17 02:14:36,177 [grpc-default-executor-0] INFO  impl.RoleInfo (RoleInfo.java:shutdownFollowerState(121)) - a6b2ebfb-69a0-457c-b6cd-a50cc148b564: shutdown FollowerState
2019-10-17 02:14:36,178 [grpc-default-executor-0] INFO  impl.RoleInfo (RoleInfo.java:updateAndGet(143)) - a6b2ebfb-69a0-457c-b6cd-a50cc148b564: start FollowerState
2019-10-17 02:14:36,178 [Thread-1593] INFO  impl.FollowerState (FollowerState.java:run(117)) - a6b2ebfb-69a0-457c-b6cd-a50cc148b564@group-896385CD49EE-FollowerState was interrupted: java.lang.InterruptedException: sleep interrupted
2019-10-17 02:14:36,192 [b32d7882-88db-4fe6-9cca-6a25122d474d@group-896385CD49EE-LeaderElection92] INFO  impl.LeaderElection (LeaderElection.java:logAndReturn(56)) - b32d7882-88db-4fe6-9cca-6a25122d474d@group-896385CD49EE-LeaderElection92: Election REJECTED; received 2 response(s) [b32d7882-88db-4fe6-9cca-6a25122d474d<-3aea292b-16fb-4e9b-be90-828afa8e8047#0:FAIL-t25, b32d7882-88db-4fe6-9cca-6a25122d474d<-a6b2ebfb-69a0-457c-b6cd-a50cc148b564#0:FAIL-t25] and 0 exception(s); b32d7882-88db-4fe6-9cca-6a25122d474d@group-896385CD49EE:t25, leader=null, voted=b32d7882-88db-4fe6-9cca-6a25122d474d, raftlog=b32d7882-88db-4fe6-9cca-6a25122d474d@group-896385CD49EE-SegmentedRaftLog:OPENED:c-1,f-1,i0, conf=-1: [b32d7882-88db-4fe6-9cca-6a25122d474d:192.168.157.194:42206, 3aea292b-16fb-4e9b-be90-828afa8e8047:192.168.157.194:34569, a6b2ebfb-69a0-457c-b6cd-a50cc148b564:192.168.157.194:37298], old=null
2019-10-17 02:14:36,192 [b32d7882-88db-4fe6-9cca-6a25122d474d@group-896385CD49EE-LeaderElection92] INFO  impl.RaftServerImpl (RaftServerImpl.java:setRole(184)) - b32d7882-88db-4fe6-9cca-6a25122d474d@group-896385CD49EE: changes role from CANDIDATE to FOLLOWER at term 25 for DISCOVERED_A_NEW_TERM
2019-10-17 02:14:36,192 [b32d7882-88db-4fe6-9cca-6a25122d474d@group-896385CD49EE-LeaderElection92] INFO  impl.RoleInfo (RoleInfo.java:shutdownLeaderElection(134)) - b32d7882-88db-4fe6-9cca-6a25122d474d: shutdown LeaderElection
2019-10-17 02:14:36,192 [b32d7882-88db-4fe6-9cca-6a25122d474d@group-896385CD49EE-LeaderElection92] INFO  impl.RoleInfo (RoleInfo.java:updateAndGet(143)) - b32d7882-88db-4fe6-9cca-6a25122d474d: start FollowerState
2019-10-17 02:14:36,212 [Thread-1600] INFO  impl.FollowerState (FollowerState.java:run(108)) - b32d7882-88db-4fe6-9cca-6a25122d474d@group-896385CD49EE-FollowerState: change to CANDIDATE, lastRpcTime:19ms, electionTimeout:19ms
2019-10-17 02:14:36,212 [Thread-1600] INFO  impl.RoleInfo (RoleInfo.java:shutdownFollowerState(121)) - b32d7882-88db-4fe6-9cca-6a25122d474d: shutdown FollowerState
2019-10-17 02:14:36,212 [Thread-1600] INFO  impl.RaftServerImpl (RaftServerImpl.java:setRole(184)) - b32d7882-88db-4fe6-9cca-6a25122d474d@group-896385CD49EE: changes role from  FOLLOWER to CANDIDATE at term 25 for changeToCandidate
2019-10-17 02:14:36,212 [Thread-1600] INFO  impl.RoleInfo (RoleInfo.java:updateAndGet(143)) - b32d7882-88db-4fe6-9cca-6a25122d474d: start LeaderElection
2019-10-17 02:14:36,226 [b32d7882-88db-4fe6-9cca-6a25122d474d@group-896385CD49EE-LeaderElection93] INFO  impl.LeaderElection (LeaderElection.java:askForVotes(178)) - b32d7882-88db-4fe6-9cca-6a25122d474d@group-896385CD49EE-LeaderElection93: begin an election at term 26 for -1: [b32d7882-88db-4fe6-9cca-6a25122d474d:192.168.157.194:42206, 3aea292b-16fb-4e9b-be90-828afa8e8047:192.168.157.194:34569, a6b2ebfb-69a0-457c-b6cd-a50cc148b564:192.168.157.194:37298], old=null
2019-10-17 02:14:36,230 [grpc-default-executor-0] INFO  impl.RaftServerImpl (RaftServerImpl.java:setRole(184)) - a6b2ebfb-69a0-457c-b6cd-a50cc148b564@group-896385CD49EE: changes role from  FOLLOWER to FOLLOWER at term 26 for recognizeCandidate:b32d7882-88db-4fe6-9cca-6a25122d474d
2019-10-17 02:14:36,230 [grpc-default-executor-2] INFO  impl.RaftServerImpl (RaftServerImpl.java:setRole(184)) - 3aea292b-16fb-4e9b-be90-828afa8e8047@group-896385CD49EE: changes role from  FOLLOWER to FOLLOWER at term 26 for recognizeCandidate:b32d7882-88db-4fe6-9cca-6a25122d474d
2019-10-17 02:14:36,230 [grpc-default-executor-0] INFO  impl.RoleInfo (RoleInfo.java:shutdownFollowerState(121)) - a6b2ebfb-69a0-457c-b6cd-a50cc148b564: shutdown FollowerState
2019-10-17 02:14:36,230 [grpc-default-executor-2] INFO  impl.RoleInfo (RoleInfo.java:shutdownFollowerState(121)) - 3aea292b-16fb-4e9b-be90-828afa8e8047: shutdown FollowerState
2019-10-17 02:14:36,231 [Thread-1599] INFO  impl.FollowerState (FollowerState.java:run(117)) - a6b2ebfb-69a0-457c-b6cd-a50cc148b564@group-896385CD49EE-FollowerState was interrupted: java.lang.InterruptedException: sleep interrupted
2019-10-17 02:14:36,231 [grpc-default-executor-0] INFO  impl.RoleInfo (RoleInfo.java:updateAndGet(143)) - a6b2ebfb-69a0-457c-b6cd-a50cc148b564: start FollowerState
2019-10-17 02:14:36,231 [Thread-1598] INFO  impl.FollowerState (FollowerState.java:run(117)) - 3aea292b-16fb-4e9b-be90-828afa8e8047@group-896385CD49EE-FollowerState was interrupted: java.lang.InterruptedException: sleep interrupted
2019-10-17 02:14:36,231 [grpc-default-executor-2] INFO  impl.RoleInfo (RoleInfo.java:updateAndGet(143)) - 3aea292b-16fb-4e9b-be90-828afa8e8047: start FollowerState
2019-10-17 02:14:36,246 [b32d7882-88db-4fe6-9cca-6a25122d474d@group-896385CD49EE-LeaderElection93] INFO  impl.LeaderElection (LeaderElection.java:logAndReturn(56)) - b32d7882-88db-4fe6-9cca-6a25122d474d@group-896385CD49EE-LeaderElection93: Election REJECTED; received 2 response(s) [b32d7882-88db-4fe6-9cca-6a25122d474d<-3aea292b-16fb-4e9b-be90-828afa8e8047#0:FAIL-t26, b32d7882-88db-4fe6-9cca-6a25122d474d<-a6b2ebfb-69a0-457c-b6cd-a50cc148b564#0:FAIL-t26] and 0 exception(s); b32d7882-88db-4fe6-9cca-6a25122d474d@group-896385CD49EE:t26, leader=null, voted=b32d7882-88db-4fe6-9cca-6a25122d474d, raftlog=b32d7882-88db-4fe6-9cca-6a25122d474d@group-896385CD49EE-SegmentedRaftLog:OPENED:c-1,f-1,i0, conf=-1: [b32d7882-88db-4fe6-9cca-6a25122d474d:192.168.157.194:42206, 3aea292b-16fb-4e9b-be90-828afa8e8047:192.168.157.194:34569, a6b2ebfb-69a0-457c-b6cd-a50cc148b564:192.168.157.194:37298], old=null
2019-10-17 02:14:36,246 [b32d7882-88db-4fe6-9cca-6a25122d474d@group-896385CD49EE-LeaderElection93] INFO  impl.RaftServerImpl (RaftServerImpl.java:setRole(184)) - b32d7882-88db-4fe6-9cca-6a25122d474d@group-896385CD49EE: changes role from CANDIDATE to FOLLOWER at term 26 for DISCOVERED_A_NEW_TERM
2019-10-17 02:14:36,246 [b32d7882-88db-4fe6-9cca-6a25122d474d@group-896385CD49EE-LeaderElection93] INFO  impl.RoleInfo (RoleInfo.java:shutdownLeaderElection(134)) - b32d7882-88db-4fe6-9cca-6a25122d474d: shutdown LeaderElection
2019-10-17 02:14:36,246 [b32d7882-88db-4fe6-9cca-6a25122d474d@group-896385CD49EE-LeaderElection93] INFO  impl.RoleInfo (RoleInfo.java:updateAndGet(143)) - b32d7882-88db-4fe6-9cca-6a25122d474d: start FollowerState
2019-10-17 02:14:36,405 [Thread-1606] INFO  impl.FollowerState (FollowerState.java:run(108)) - b32d7882-88db-4fe6-9cca-6a25122d474d@group-896385CD49EE-FollowerState: change to CANDIDATE, lastRpcTime:158ms, electionTimeout:158ms
2019-10-17 02:14:36,405 [Thread-1606] INFO  impl.RoleInfo (RoleInfo.java:shutdownFollowerState(121)) - b32d7882-88db-4fe6-9cca-6a25122d474d: shutdown FollowerState
2019-10-17 02:14:36,405 [Thread-1606] INFO  impl.RaftServerImpl (RaftServerImpl.java:setRole(184)) - b32d7882-88db-4fe6-9cca-6a25122d474d@group-896385CD49EE: changes role from  FOLLOWER to CANDIDATE at term 26 for changeToCandidate
2019-10-17 02:14:36,405 [Thread-1606] INFO  impl.RoleInfo (RoleInfo.java:updateAndGet(143)) - b32d7882-88db-4fe6-9cca-6a25122d474d: start LeaderElection
2019-10-17 02:14:36,419 [b32d7882-88db-4fe6-9cca-6a25122d474d@group-896385CD49EE-LeaderElection94] INFO  impl.LeaderElection (LeaderElection.java:askForVotes(178)) - b32d7882-88db-4fe6-9cca-6a25122d474d@group-896385CD49EE-LeaderElection94: begin an election at term 27 for -1: [b32d7882-88db-4fe6-9cca-6a25122d474d:192.168.157.194:42206, 3aea292b-16fb-4e9b-be90-828afa8e8047:192.168.157.194:34569, a6b2ebfb-69a0-457c-b6cd-a50cc148b564:192.168.157.194:37298], old=null
2019-10-17 02:14:36,423 [grpc-default-executor-2] INFO  impl.RaftServerImpl (RaftServerImpl.java:setRole(184)) - 3aea292b-16fb-4e9b-be90-828afa8e8047@group-896385CD49EE: changes role from  FOLLOWER to FOLLOWER at term 27 for recognizeCandidate:b32d7882-88db-4fe6-9cca-6a25122d474d
2019-10-17 02:14:36,423 [grpc-default-executor-2] INFO  impl.RoleInfo (RoleInfo.java:shutdownFollowerState(121)) - 3aea292b-16fb-4e9b-be90-828afa8e8047: shutdown FollowerState
2019-10-17 02:14:36,423 [grpc-default-executor-0] INFO  impl.RaftServerImpl (RaftServerImpl.java:setRole(184)) - a6b2ebfb-69a0-457c-b6cd-a50cc148b564@group-896385CD49EE: changes role from  FOLLOWER to FOLLOWER at term 27 for recognizeCandidate:b32d7882-88db-4fe6-9cca-6a25122d474d
2019-10-17 02:14:36,423 [grpc-default-executor-0] INFO  impl.RoleInfo (RoleInfo.java:shutdownFollowerState(121)) - a6b2ebfb-69a0-457c-b6cd-a50cc148b564: shutdown FollowerState
2019-10-17 02:14:36,423 [Thread-1605] INFO  impl.FollowerState (FollowerState.java:run(117)) - 3aea292b-16fb-4e9b-be90-828afa8e8047@group-896385CD49EE-FollowerState was interrupted: java.lang.InterruptedException: sleep interrupted
2019-10-17 02:14:36,424 [Thread-1604] INFO  impl.FollowerState (FollowerState.java:run(117)) - a6b2ebfb-69a0-457c-b6cd-a50cc148b564@group-896385CD49EE-FollowerState was interrupted: java.lang.InterruptedException: sleep interrupted
2019-10-17 02:14:36,423 [grpc-default-executor-2] INFO  impl.RoleInfo (RoleInfo.java:updateAndGet(143)) - 3aea292b-16fb-4e9b-be90-828afa8e8047: start FollowerState
2019-10-17 02:14:36,424 [grpc-default-executor-0] INFO  impl.RoleInfo (RoleInfo.java:updateAndGet(143)) - a6b2ebfb-69a0-457c-b6cd-a50cc148b564: start FollowerState
2019-10-17 02:14:36,439 [b32d7882-88db-4fe6-9cca-6a25122d474d@group-896385CD49EE-LeaderElection94] INFO  impl.LeaderElection (LeaderElection.java:logAndReturn(56)) - b32d7882-88db-4fe6-9cca-6a25122d474d@group-896385CD49EE-LeaderElection94: Election REJECTED; received 2 response(s) [b32d7882-88db-4fe6-9cca-6a25122d474d<-3aea292b-16fb-4e9b-be90-828afa8e8047#0:FAIL-t27, b32d7882-88db-4fe6-9cca-6a25122d474d<-a6b2ebfb-69a0-457c-b6cd-a50cc148b564#0:FAIL-t27] and 0 exception(s); b32d7882-88db-4fe6-9cca-6a25122d474d@group-896385CD49EE:t27, leader=null, voted=b32d7882-88db-4fe6-9cca-6a25122d474d, raftlog=b32d7882-88db-4fe6-9cca-6a25122d474d@group-896385CD49EE-SegmentedRaftLog:OPENED:c-1,f-1,i0, conf=-1: [b32d7882-88db-4fe6-9cca-6a25122d474d:192.168.157.194:42206, 3aea292b-16fb-4e9b-be90-828afa8e8047:192.168.157.194:34569, a6b2ebfb-69a0-457c-b6cd-a50cc148b564:192.168.157.194:37298], old=null
2019-10-17 02:14:36,439 [b32d7882-88db-4fe6-9cca-6a25122d474d@group-896385CD49EE-LeaderElection94] INFO  impl.RaftServerImpl (RaftServerImpl.java:setRole(184)) - b32d7882-88db-4fe6-9cca-6a25122d474d@group-896385CD49EE: changes role from CANDIDATE to FOLLOWER at term 27 for DISCOVERED_A_NEW_TERM
2019-10-17 02:14:36,439 [b32d7882-88db-4fe6-9cca-6a25122d474d@group-896385CD49EE-LeaderElection94] INFO  impl.RoleInfo (RoleInfo.java:shutdownLeaderElection(134)) - b32d7882-88db-4fe6-9cca-6a25122d474d: shutdown LeaderElection
2019-10-17 02:14:36,440 [b32d7882-88db-4fe6-9cca-6a25122d474d@group-896385CD49EE-LeaderElection94] INFO  impl.RoleInfo (RoleInfo.java:updateAndGet(143)) - b32d7882-88db-4fe6-9cca-6a25122d474d: start FollowerState
2019-10-17 02:14:36,607 [Thread-1612] INFO  impl.FollowerState (FollowerState.java:run(108)) - b32d7882-88db-4fe6-9cca-6a25122d474d@group-896385CD49EE-FollowerState: change to CANDIDATE, lastRpcTime:167ms, electionTimeout:167ms
2019-10-17 02:14:36,607 [Thread-1612] INFO  impl.RoleInfo (RoleInfo.java:shutdownFollowerState(121)) - b32d7882-88db-4fe6-9cca-6a25122d474d: shutdown FollowerState
2019-10-17 02:14:36,607 [Thread-1612] INFO  impl.RaftServerImpl (RaftServerImpl.java:setRole(184)) - b32d7882-88db-4fe6-9cca-6a25122d474d@group-896385CD49EE: changes role from  FOLLOWER to CANDIDATE at term 27 for changeToCandidate
2019-10-17 02:14:36,607 [Thread-1612] INFO  impl.RoleInfo (RoleInfo.java:updateAndGet(143)) - b32d7882-88db-4fe6-9cca-6a25122d474d: start LeaderElection
2019-10-17 02:14:36,622 [b32d7882-88db-4fe6-9cca-6a25122d474d@group-896385CD49EE-LeaderElection95] INFO  impl.LeaderElection (LeaderElection.java:askForVotes(178)) - b32d7882-88db-4fe6-9cca-6a25122d474d@group-896385CD49EE-LeaderElection95: begin an election at term 28 for -1: [b32d7882-88db-4fe6-9cca-6a25122d474d:192.168.157.194:42206, 3aea292b-16fb-4e9b-be90-828afa8e8047:192.168.157.194:34569, a6b2ebfb-69a0-457c-b6cd-a50cc148b564:192.168.157.194:37298], old=null
2019-10-17 02:14:36,625 [grpc-default-executor-2] INFO  impl.RaftServerImpl (RaftServerImpl.java:setRole(184)) - a6b2ebfb-69a0-457c-b6cd-a50cc148b564@group-896385CD49EE: changes role from  FOLLOWER to FOLLOWER at term 28 for recognizeCandidate:b32d7882-88db-4fe6-9cca-6a25122d474d
2019-10-17 02:14:36,625 [grpc-default-executor-2] INFO  impl.RoleInfo (RoleInfo.java:shutdownFollowerState(121)) - a6b2ebfb-69a0-457c-b6cd-a50cc148b564: shutdown FollowerState
2019-10-17 02:14:36,625 [grpc-default-executor-0] INFO  impl.RaftServerImpl (RaftServerImpl.java:setRole(184)) - 3aea292b-16fb-4e9b-be90-828afa8e8047@group-896385CD49EE: changes role from  FOLLOWER to FOLLOWER at term 28 for recognizeCandidate:b32d7882-88db-4fe6-9cca-6a25122d474d
2019-10-17 02:14:36,625 [Thread-1611] INFO  impl.FollowerState (FollowerState.java:run(117)) - a6b2ebfb-69a0-457c-b6cd-a50cc148b564@group-896385CD49EE-FollowerState was interrupted: java.lang.InterruptedException: sleep interrupted
2019-10-17 02:14:36,625 [grpc-default-executor-2] INFO  impl.RoleInfo (RoleInfo.java:updateAndGet(143)) - a6b2ebfb-69a0-457c-b6cd-a50cc148b564: start FollowerState
2019-10-17 02:14:36,625 [grpc-default-executor-0] INFO  impl.RoleInfo (RoleInfo.java:shutdownFollowerState(121)) - 3aea292b-16fb-4e9b-be90-828afa8e8047: shutdown FollowerState
2019-10-17 02:14:36,628 [Thread-1610] INFO  impl.FollowerState (FollowerState.java:run(117)) - 3aea292b-16fb-4e9b-be90-828afa8e8047@group-896385CD49EE-FollowerState was interrupted: java.lang.InterruptedException: sleep interrupted
2019-10-17 02:14:36,628 [grpc-default-executor-0] INFO  impl.RoleInfo (RoleInfo.java:updateAndGet(143)) - 3aea292b-16fb-4e9b-be90-828afa8e8047: start FollowerState
2019-10-17 02:14:36,643 [b32d7882-88db-4fe6-9cca-6a25122d474d@group-896385CD49EE-LeaderElection95] INFO  impl.LeaderElection (LeaderElection.java:logAndReturn(56)) - b32d7882-88db-4fe6-9cca-6a25122d474d@group-896385CD49EE-LeaderElection95: Election REJECTED; received 2 response(s) [b32d7882-88db-4fe6-9cca-6a25122d474d<-3aea292b-16fb-4e9b-be90-828afa8e8047#0:FAIL-t28, b32d7882-88db-4fe6-9cca-6a25122d474d<-a6b2ebfb-69a0-457c-b6cd-a50cc148b564#0:FAIL-t28] and 0 exception(s); b32d7882-88db-4fe6-9cca-6a25122d474d@group-896385CD49EE:t28, leader=null, voted=b32d7882-88db-4fe6-9cca-6a25122d474d, raftlog=b32d7882-88db-4fe6-9cca-6a25122d474d@group-896385CD49EE-SegmentedRaftLog:OPENED:c-1,f-1,i0, conf=-1: [b32d7882-88db-4fe6-9cca-6a25122d474d:192.168.157.194:42206, 3aea292b-16fb-4e9b-be90-828afa8e8047:192.168.157.194:34569, a6b2ebfb-69a0-457c-b6cd-a50cc148b564:192.168.157.194:37298], old=null
2019-10-17 02:14:36,643 [b32d7882-88db-4fe6-9cca-6a25122d474d@group-896385CD49EE-LeaderElection95] INFO  impl.RaftServerImpl (RaftServerImpl.java:setRole(184)) - b32d7882-88db-4fe6-9cca-6a25122d474d@group-896385CD49EE: changes role from CANDIDATE to FOLLOWER at term 28 for DISCOVERED_A_NEW_TERM
2019-10-17 02:14:36,643 [b32d7882-88db-4fe6-9cca-6a25122d474d@group-896385CD49EE-LeaderElection95] INFO  impl.RoleInfo (RoleInfo.java:shutdownLeaderElection(134)) - b32d7882-88db-4fe6-9cca-6a25122d474d: shutdown LeaderElection
2019-10-17 02:14:36,644 [b32d7882-88db-4fe6-9cca-6a25122d474d@group-896385CD49EE-LeaderElection95] INFO  impl.RoleInfo (RoleInfo.java:updateAndGet(143)) - b32d7882-88db-4fe6-9cca-6a25122d474d: start FollowerState
2019-10-17 02:14:36,644 [Thread-1618] INFO  impl.FollowerState (FollowerState.java:run(108)) - b32d7882-88db-4fe6-9cca-6a25122d474d@group-896385CD49EE-FollowerState: change to CANDIDATE, lastRpcTime:0ms, electionTimeout:0ms
2019-10-17 02:14:36,644 [Thread-1618] INFO  impl.RoleInfo (RoleInfo.java:shutdownFollowerState(121)) - b32d7882-88db-4fe6-9cca-6a25122d474d: shutdown FollowerState
2019-10-17 02:14:36,644 [Thread-1618] INFO  impl.RaftServerImpl (RaftServerImpl.java:setRole(184)) - b32d7882-88db-4fe6-9cca-6a25122d474d@group-896385CD49EE: changes role from  FOLLOWER to CANDIDATE at term 28 for changeToCandidate
2019-10-17 02:14:36,644 [Thread-1618] INFO  impl.RoleInfo (RoleInfo.java:updateAndGet(143)) - b32d7882-88db-4fe6-9cca-6a25122d474d: start LeaderElection
2019-10-17 02:14:36,658 [b32d7882-88db-4fe6-9cca-6a25122d474d@group-896385CD49EE-LeaderElection96] INFO  impl.LeaderElection (LeaderElection.java:askForVotes(178)) - b32d7882-88db-4fe6-9cca-6a25122d474d@group-896385CD49EE-LeaderElection96: begin an election at term 29 for -1: [b32d7882-88db-4fe6-9cca-6a25122d474d:192.168.157.194:42206, 3aea292b-16fb-4e9b-be90-828afa8e8047:192.168.157.194:34569, a6b2ebfb-69a0-457c-b6cd-a50cc148b564:192.168.157.194:37298], old=null
2019-10-17 02:14:36,660 [grpc-default-executor-0] INFO  impl.RaftServerImpl (RaftServerImpl.java:setRole(184)) - 3aea292b-16fb-4e9b-be90-828afa8e8047@group-896385CD49EE: changes role from  FOLLOWER to FOLLOWER at term 29 for recognizeCandidate:b32d7882-88db-4fe6-9cca-6a25122d474d
2019-10-17 02:14:36,660 [grpc-default-executor-0] INFO  impl.RoleInfo (RoleInfo.java:shutdownFollowerState(121)) - 3aea292b-16fb-4e9b-be90-828afa8e8047: shutdown FollowerState
2019-10-17 02:14:36,660 [grpc-default-executor-2] INFO  impl.RaftServerImpl (RaftServerImpl.java:setRole(184)) - a6b2ebfb-69a0-457c-b6cd-a50cc148b564@group-896385CD49EE: changes role from  FOLLOWER to FOLLOWER at term 29 for recognizeCandidate:b32d7882-88db-4fe6-9cca-6a25122d474d
2019-10-17 02:14:36,660 [Thread-1617] INFO  impl.FollowerState (FollowerState.java:run(117)) - 3aea292b-16fb-4e9b-be90-828afa8e8047@group-896385CD49EE-FollowerState was interrupted: java.lang.InterruptedException: sleep interrupted
2019-10-17 02:14:36,660 [grpc-default-executor-0] INFO  impl.RoleInfo (RoleInfo.java:updateAndGet(143)) - 3aea292b-16fb-4e9b-be90-828afa8e8047: start FollowerState
2019-10-17 02:14:36,660 [grpc-default-executor-2] INFO  impl.RoleInfo (RoleInfo.java:shutdownFollowerState(121)) - a6b2ebfb-69a0-457c-b6cd-a50cc148b564: shutdown FollowerState
2019-10-17 02:14:36,661 [grpc-default-executor-2] INFO  impl.RoleInfo (RoleInfo.java:updateAndGet(143)) - a6b2ebfb-69a0-457c-b6cd-a50cc148b564: start FollowerState
2019-10-17 02:14:36,661 [Thread-1616] INFO  impl.FollowerState (FollowerState.java:run(117)) - a6b2ebfb-69a0-457c-b6cd-a50cc148b564@group-896385CD49EE-FollowerState was interrupted: java.lang.InterruptedException: sleep interrupted
2019-10-17 02:14:36,682 [b32d7882-88db-4fe6-9cca-6a25122d474d@group-896385CD49EE-LeaderElection96] INFO  impl.LeaderElection (LeaderElection.java:logAndReturn(56)) - b32d7882-88db-4fe6-9cca-6a25122d474d@group-896385CD49EE-LeaderElection96: Election REJECTED; received 2 response(s) [b32d7882-88db-4fe6-9cca-6a25122d474d<-3aea292b-16fb-4e9b-be90-828afa8e8047#0:FAIL-t29, b32d7882-88db-4fe6-9cca-6a25122d474d<-a6b2ebfb-69a0-457c-b6cd-a50cc148b564#0:FAIL-t29] and 0 exception(s); b32d7882-88db-4fe6-9cca-6a25122d474d@group-896385CD49EE:t29, leader=null, voted=b32d7882-88db-4fe6-9cca-6a25122d474d, raftlog=b32d7882-88db-4fe6-9cca-6a25122d474d@group-896385CD49EE-SegmentedRaftLog:OPENED:c-1,f-1,i0, conf=-1: [b32d7882-88db-4fe6-9cca-6a25122d474d:192.168.157.194:42206, 3aea292b-16fb-4e9b-be90-828afa8e8047:192.168.157.194:34569, a6b2ebfb-69a0-457c-b6cd-a50cc148b564:192.168.157.194:37298], old=null
2019-10-17 02:14:36,682 [b32d7882-88db-4fe6-9cca-6a25122d474d@group-896385CD49EE-LeaderElection96] INFO  impl.RaftServerImpl (RaftServerImpl.java:setRole(184)) - b32d7882-88db-4fe6-9cca-6a25122d474d@group-896385CD49EE: changes role from CANDIDATE to FOLLOWER at term 29 for DISCOVERED_A_NEW_TERM
2019-10-17 02:14:36,683 [b32d7882-88db-4fe6-9cca-6a25122d474d@group-896385CD49EE-LeaderElection96] INFO  impl.RoleInfo (RoleInfo.java:shutdownLeaderElection(134)) - b32d7882-88db-4fe6-9cca-6a25122d474d: shutdown LeaderElection
2019-10-17 02:14:36,683 [b32d7882-88db-4fe6-9cca-6a25122d474d@group-896385CD49EE-LeaderElection96] INFO  impl.RoleInfo (RoleInfo.java:updateAndGet(143)) - b32d7882-88db-4fe6-9cca-6a25122d474d: start FollowerState
2019-10-17 02:14:36,775 [Thread-1624] INFO  impl.FollowerState (FollowerState.java:run(108)) - b32d7882-88db-4fe6-9cca-6a25122d474d@group-896385CD49EE-FollowerState: change to CANDIDATE, lastRpcTime:92ms, electionTimeout:92ms
2019-10-17 02:14:36,775 [Thread-1624] INFO  impl.RoleInfo (RoleInfo.java:shutdownFollowerState(121)) - b32d7882-88db-4fe6-9cca-6a25122d474d: shutdown FollowerState
2019-10-17 02:14:36,775 [Thread-1624] INFO  impl.RaftServerImpl (RaftServerImpl.java:setRole(184)) - b32d7882-88db-4fe6-9cca-6a25122d474d@group-896385CD49EE: changes role from  FOLLOWER to CANDIDATE at term 29 for changeToCandidate
2019-10-17 02:14:36,776 [Thread-1624] INFO  impl.RoleInfo (RoleInfo.java:updateAndGet(143)) - b32d7882-88db-4fe6-9cca-6a25122d474d: start LeaderElection
2019-10-17 02:14:36,789 [b32d7882-88db-4fe6-9cca-6a25122d474d@group-896385CD49EE-LeaderElection97] INFO  impl.LeaderElection (LeaderElection.java:askForVotes(178)) - b32d7882-88db-4fe6-9cca-6a25122d474d@group-896385CD49EE-LeaderElection97: begin an election at term 30 for -1: [b32d7882-88db-4fe6-9cca-6a25122d474d:192.168.157.194:42206, 3aea292b-16fb-4e9b-be90-828afa8e8047:192.168.157.194:34569, a6b2ebfb-69a0-457c-b6cd-a50cc148b564:192.168.157.194:37298], old=null
2019-10-17 02:14:36,792 [grpc-default-executor-2] INFO  impl.RaftServerImpl (RaftServerImpl.java:setRole(184)) - 3aea292b-16fb-4e9b-be90-828afa8e8047@group-896385CD49EE: changes role from  FOLLOWER to FOLLOWER at term 30 for recognizeCandidate:b32d7882-88db-4fe6-9cca-6a25122d474d
2019-10-17 02:14:36,792 [grpc-default-executor-2] INFO  impl.RoleInfo (RoleInfo.java:shutdownFollowerState(121)) - 3aea292b-16fb-4e9b-be90-828afa8e8047: shutdown FollowerState
2019-10-17 02:14:36,792 [grpc-default-executor-2] INFO  impl.RoleInfo (RoleInfo.java:updateAndGet(143)) - 3aea292b-16fb-4e9b-be90-828afa8e8047: start FollowerState
2019-10-17 02:14:36,792 [Thread-1622] INFO  impl.FollowerState (FollowerState.java:run(117)) - 3aea292b-16fb-4e9b-be90-828afa8e8047@group-896385CD49EE-FollowerState was interrupted: java.lang.InterruptedException: sleep interrupted
2019-10-17 02:14:36,792 [grpc-default-executor-0] INFO  impl.RaftServerImpl (RaftServerImpl.java:setRole(184)) - a6b2ebfb-69a0-457c-b6cd-a50cc148b564@group-896385CD49EE: changes role from  FOLLOWER to FOLLOWER at term 30 for recognizeCandidate:b32d7882-88db-4fe6-9cca-6a25122d474d
2019-10-17 02:14:36,792 [grpc-default-executor-0] INFO  impl.RoleInfo (RoleInfo.java:shutdownFollowerState(121)) - a6b2ebfb-69a0-457c-b6cd-a50cc148b564: shutdown FollowerState
2019-10-17 02:14:36,793 [grpc-default-executor-0] INFO  impl.RoleInfo (RoleInfo.java:updateAndGet(143)) - a6b2ebfb-69a0-457c-b6cd-a50cc148b564: start FollowerState
2019-10-17 02:14:36,793 [Thread-1623] INFO  impl.FollowerState (FollowerState.java:run(117)) - a6b2ebfb-69a0-457c-b6cd-a50cc148b564@group-896385CD49EE-FollowerState was interrupted: java.lang.InterruptedException: sleep interrupted
2019-10-17 02:14:36,806 [b32d7882-88db-4fe6-9cca-6a25122d474d@group-896385CD49EE-LeaderElection97] INFO  impl.LeaderElection (LeaderElection.java:logAndReturn(56)) - b32d7882-88db-4fe6-9cca-6a25122d474d@group-896385CD49EE-LeaderElection97: Election REJECTED; received 2 response(s) [b32d7882-88db-4fe6-9cca-6a25122d474d<-3aea292b-16fb-4e9b-be90-828afa8e8047#0:FAIL-t30, b32d7882-88db-4fe6-9cca-6a25122d474d<-a6b2ebfb-69a0-457c-b6cd-a50cc148b564#0:FAIL-t30] and 0 exception(s); b32d7882-88db-4fe6-9cca-6a25122d474d@group-896385CD49EE:t30, leader=null, voted=b32d7882-88db-4fe6-9cca-6a25122d474d, raftlog=b32d7882-88db-4fe6-9cca-6a25122d474d@group-896385CD49EE-SegmentedRaftLog:OPENED:c-1,f-1,i0, conf=-1: [b32d7882-88db-4fe6-9cca-6a25122d474d:192.168.157.194:42206, 3aea292b-16fb-4e9b-be90-828afa8e8047:192.168.157.194:34569, a6b2ebfb-69a0-457c-b6cd-a50cc148b564:192.168.157.194:37298], old=null
2019-10-17 02:14:36,807 [b32d7882-88db-4fe6-9cca-6a25122d474d@group-896385CD49EE-LeaderElection97] INFO  impl.RaftServerImpl (RaftServerImpl.java:setRole(184)) - b32d7882-88db-4fe6-9cca-6a25122d474d@group-896385CD49EE: changes role from CANDIDATE to FOLLOWER at term 30 for DISCOVERED_A_NEW_TERM
2019-10-17 02:14:36,807 [b32d7882-88db-4fe6-9cca-6a25122d474d@group-896385CD49EE-LeaderElection97] INFO  impl.RoleInfo (RoleInfo.java:shutdownLeaderElection(134)) - b32d7882-88db-4fe6-9cca-6a25122d474d: shutdown LeaderElection
2019-10-17 02:14:36,807 [b32d7882-88db-4fe6-9cca-6a25122d474d@group-896385CD49EE-LeaderElection97] INFO  impl.RoleInfo (RoleInfo.java:updateAndGet(143)) - b32d7882-88db-4fe6-9cca-6a25122d474d: start FollowerState
2019-10-17 02:14:36,897 [Thread-1630] INFO  impl.FollowerState (FollowerState.java:run(108)) - b32d7882-88db-4fe6-9cca-6a25122d474d@group-896385CD49EE-FollowerState: change to CANDIDATE, lastRpcTime:90ms, electionTimeout:90ms
2019-10-17 02:14:36,897 [Thread-1630] INFO  impl.RoleInfo (RoleInfo.java:shutdownFollowerState(121)) - b32d7882-88db-4fe6-9cca-6a25122d474d: shutdown FollowerState
2019-10-17 02:14:36,898 [Thread-1630] INFO  impl.RaftServerImpl (RaftServerImpl.java:setRole(184)) - b32d7882-88db-4fe6-9cca-6a25122d474d@group-896385CD49EE: changes role from  FOLLOWER to CANDIDATE at term 30 for changeToCandidate
2019-10-17 02:14:36,898 [Thread-1630] INFO  impl.RoleInfo (RoleInfo.java:updateAndGet(143)) - b32d7882-88db-4fe6-9cca-6a25122d474d: start LeaderElection
2019-10-17 02:14:36,912 [b32d7882-88db-4fe6-9cca-6a25122d474d@group-896385CD49EE-LeaderElection98] INFO  impl.LeaderElection (LeaderElection.java:askForVotes(178)) - b32d7882-88db-4fe6-9cca-6a25122d474d@group-896385CD49EE-LeaderElection98: begin an election at term 31 for -1: [b32d7882-88db-4fe6-9cca-6a25122d474d:192.168.157.194:42206, 3aea292b-16fb-4e9b-be90-828afa8e8047:192.168.157.194:34569, a6b2ebfb-69a0-457c-b6cd-a50cc148b564:192.168.157.194:37298], old=null
2019-10-17 02:14:36,914 [grpc-default-executor-0] INFO  impl.RaftServerImpl (RaftServerImpl.java:setRole(184)) - a6b2ebfb-69a0-457c-b6cd-a50cc148b564@group-896385CD49EE: changes role from  FOLLOWER to FOLLOWER at term 31 for recognizeCandidate:b32d7882-88db-4fe6-9cca-6a25122d474d
2019-10-17 02:14:36,914 [grpc-default-executor-0] INFO  impl.RoleInfo (RoleInfo.java:shutdownFollowerState(121)) - a6b2ebfb-69a0-457c-b6cd-a50cc148b564: shutdown FollowerState
2019-10-17 02:14:36,914 [grpc-default-executor-2] INFO  impl.RaftServerImpl (RaftServerImpl.java:setRole(184)) - 3aea292b-16fb-4e9b-be90-828afa8e8047@group-896385CD49EE: changes role from  FOLLOWER to FOLLOWER at term 31 for recognizeCandidate:b32d7882-88db-4fe6-9cca-6a25122d474d
2019-10-17 02:14:36,914 [Thread-1629] INFO  impl.FollowerState (FollowerState.java:run(117)) - a6b2ebfb-69a0-457c-b6cd-a50cc148b564@group-896385CD49EE-FollowerState was interrupted: java.lang.InterruptedException: sleep interrupted
2019-10-17 02:14:36,914 [grpc-default-executor-0] INFO  impl.RoleInfo (RoleInfo.java:updateAndGet(143)) - a6b2ebfb-69a0-457c-b6cd-a50cc148b564: start FollowerState
2019-10-17 02:14:36,914 [grpc-default-executor-2] INFO  impl.RoleInfo (RoleInfo.java:shutdownFollowerState(121)) - 3aea292b-16fb-4e9b-be90-828afa8e8047: shutdown FollowerState
2019-10-17 02:14:36,915 [grpc-default-executor-2] INFO  impl.RoleInfo (RoleInfo.java:updateAndGet(143)) - 3aea292b-16fb-4e9b-be90-828afa8e8047: start FollowerState
2019-10-17 02:14:36,915 [Thread-1628] INFO  impl.FollowerState (FollowerState.java:run(117)) - 3aea292b-16fb-4e9b-be90-828afa8e8047@group-896385CD49EE-FollowerState was interrupted: java.lang.InterruptedException: sleep interrupted
2019-10-17 02:14:36,931 [b32d7882-88db-4fe6-9cca-6a25122d474d@group-896385CD49EE-LeaderElection98] INFO  impl.LeaderElection (LeaderElection.java:logAndReturn(56)) - b32d7882-88db-4fe6-9cca-6a25122d474d@group-896385CD49EE-LeaderElection98: Election REJECTED; received 2 response(s) [b32d7882-88db-4fe6-9cca-6a25122d474d<-3aea292b-16fb-4e9b-be90-828afa8e8047#0:FAIL-t31, b32d7882-88db-4fe6-9cca-6a25122d474d<-a6b2ebfb-69a0-457c-b6cd-a50cc148b564#0:FAIL-t31] and 0 exception(s); b32d7882-88db-4fe6-9cca-6a25122d474d@group-896385CD49EE:t31, leader=null, voted=b32d7882-88db-4fe6-9cca-6a25122d474d, raftlog=b32d7882-88db-4fe6-9cca-6a25122d474d@group-896385CD49EE-SegmentedRaftLog:OPENED:c-1,f-1,i0, conf=-1: [b32d7882-88db-4fe6-9cca-6a25122d474d:192.168.157.194:42206, 3aea292b-16fb-4e9b-be90-828afa8e8047:192.168.157.194:34569, a6b2ebfb-69a0-457c-b6cd-a50cc148b564:192.168.157.194:37298], old=null
2019-10-17 02:14:36,931 [b32d7882-88db-4fe6-9cca-6a25122d474d@group-896385CD49EE-LeaderElection98] INFO  impl.RaftServerImpl (RaftServerImpl.java:setRole(184)) - b32d7882-88db-4fe6-9cca-6a25122d474d@group-896385CD49EE: changes role from CANDIDATE to FOLLOWER at term 31 for DISCOVERED_A_NEW_TERM
2019-10-17 02:14:36,931 [b32d7882-88db-4fe6-9cca-6a25122d474d@group-896385CD49EE-LeaderElection98] INFO  impl.RoleInfo (RoleInfo.java:shutdownLeaderElection(134)) - b32d7882-88db-4fe6-9cca-6a25122d474d: shutdown LeaderElection
2019-10-17 02:14:36,931 [b32d7882-88db-4fe6-9cca-6a25122d474d@group-896385CD49EE-LeaderElection98] INFO  impl.RoleInfo (RoleInfo.java:updateAndGet(143)) - b32d7882-88db-4fe6-9cca-6a25122d474d: start FollowerState
2019-10-17 02:14:37,021 [Thread-1636] INFO  impl.FollowerState (FollowerState.java:run(108)) - b32d7882-88db-4fe6-9cca-6a25122d474d@group-896385CD49EE-FollowerState: change to CANDIDATE, lastRpcTime:89ms, electionTimeout:89ms
2019-10-17 02:14:37,021 [Thread-1636] INFO  impl.RoleInfo (RoleInfo.java:shutdownFollowerState(121)) - b32d7882-88db-4fe6-9cca-6a25122d474d: shutdown FollowerState
2019-10-17 02:14:37,021 [Thread-1636] INFO  impl.RaftServerImpl (RaftServerImpl.java:setRole(184)) - b32d7882-88db-4fe6-9cca-6a25122d474d@group-896385CD49EE: changes role from  FOLLOWER to CANDIDATE at term 31 for changeToCandidate
2019-10-17 02:14:37,021 [Thread-1636] INFO  impl.RoleInfo (RoleInfo.java:updateAndGet(143)) - b32d7882-88db-4fe6-9cca-6a25122d474d: start LeaderElection
2019-10-17 02:14:37,035 [b32d7882-88db-4fe6-9cca-6a25122d474d@group-896385CD49EE-LeaderElection99] INFO  impl.LeaderElection (LeaderElection.java:askForVotes(178)) - b32d7882-88db-4fe6-9cca-6a25122d474d@group-896385CD49EE-LeaderElection99: begin an election at term 32 for -1: [b32d7882-88db-4fe6-9cca-6a25122d474d:192.168.157.194:42206, 3aea292b-16fb-4e9b-be90-828afa8e8047:192.168.157.194:34569, a6b2ebfb-69a0-457c-b6cd-a50cc148b564:192.168.157.194:37298], old=null
2019-10-17 02:14:37,037 [grpc-default-executor-0] INFO  impl.RaftServerImpl (RaftServerImpl.java:setRole(184)) - 3aea292b-16fb-4e9b-be90-828afa8e8047@group-896385CD49EE: changes role from  FOLLOWER to FOLLOWER at term 32 for recognizeCandidate:b32d7882-88db-4fe6-9cca-6a25122d474d
2019-10-17 02:14:37,037 [grpc-default-executor-0] INFO  impl.RoleInfo (RoleInfo.java:shutdownFollowerState(121)) - 3aea292b-16fb-4e9b-be90-828afa8e8047: shutdown FollowerState
2019-10-17 02:14:37,038 [grpc-default-executor-2] INFO  impl.RaftServerImpl (RaftServerImpl.java:setRole(184)) - a6b2ebfb-69a0-457c-b6cd-a50cc148b564@group-896385CD49EE: changes role from  FOLLOWER to FOLLOWER at term 32 for recognizeCandidate:b32d7882-88db-4fe6-9cca-6a25122d474d
2019-10-17 02:14:37,038 [grpc-default-executor-2] INFO  impl.RoleInfo (RoleInfo.java:shutdownFollowerState(121)) - a6b2ebfb-69a0-457c-b6cd-a50cc148b564: shutdown FollowerState
2019-10-17 02:14:37,038 [grpc-default-executor-0] INFO  impl.RoleInfo (RoleInfo.java:updateAndGet(143)) - 3aea292b-16fb-4e9b-be90-828afa8e8047: start FollowerState
2019-10-17 02:14:37,038 [Thread-1635] INFO  impl.FollowerState (FollowerState.java:run(117)) - 3aea292b-16fb-4e9b-be90-828afa8e8047@group-896385CD49EE-FollowerState was interrupted: java.lang.InterruptedException: sleep interrupted
2019-10-17 02:14:37,038 [Thread-1634] INFO  impl.FollowerState (FollowerState.java:run(117)) - a6b2ebfb-69a0-457c-b6cd-a50cc148b564@group-896385CD49EE-FollowerState was interrupted: java.lang.InterruptedException: sleep interrupted
2019-10-17 02:14:37,038 [grpc-default-executor-2] INFO  impl.RoleInfo (RoleInfo.java:updateAndGet(143)) - a6b2ebfb-69a0-457c-b6cd-a50cc148b564: start FollowerState
2019-10-17 02:14:37,053 [b32d7882-88db-4fe6-9cca-6a25122d474d@group-896385CD49EE-LeaderElection99] INFO  impl.LeaderElection (LeaderElection.java:logAndReturn(56)) - b32d7882-88db-4fe6-9cca-6a25122d474d@group-896385CD49EE-LeaderElection99: Election REJECTED; received 2 response(s) [b32d7882-88db-4fe6-9cca-6a25122d474d<-3aea292b-16fb-4e9b-be90-828afa8e8047#0:FAIL-t32, b32d7882-88db-4fe6-9cca-6a25122d474d<-a6b2ebfb-69a0-457c-b6cd-a50cc148b564#0:FAIL-t32] and 0 exception(s); b32d7882-88db-4fe6-9cca-6a25122d474d@group-896385CD49EE:t32, leader=null, voted=b32d7882-88db-4fe6-9cca-6a25122d474d, raftlog=b32d7882-88db-4fe6-9cca-6a25122d474d@group-896385CD49EE-SegmentedRaftLog:OPENED:c-1,f-1,i0, conf=-1: [b32d7882-88db-4fe6-9cca-6a25122d474d:192.168.157.194:42206, 3aea292b-16fb-4e9b-be90-828afa8e8047:192.168.157.194:34569, a6b2ebfb-69a0-457c-b6cd-a50cc148b564:192.168.157.194:37298], old=null
2019-10-17 02:14:37,053 [b32d7882-88db-4fe6-9cca-6a25122d474d@group-896385CD49EE-LeaderElection99] INFO  impl.RaftServerImpl (RaftServerImpl.java:setRole(184)) - b32d7882-88db-4fe6-9cca-6a25122d474d@group-896385CD49EE: changes role from CANDIDATE to FOLLOWER at term 32 for DISCOVERED_A_NEW_TERM
2019-10-17 02:14:37,054 [b32d7882-88db-4fe6-9cca-6a25122d474d@group-896385CD49EE-LeaderElection99] INFO  impl.RoleInfo (RoleInfo.java:shutdownLeaderElection(134)) - b32d7882-88db-4fe6-9cca-6a25122d474d: shutdown LeaderElection
2019-10-17 02:14:37,054 [b32d7882-88db-4fe6-9cca-6a25122d474d@group-896385CD49EE-LeaderElection99] INFO  impl.RoleInfo (RoleInfo.java:updateAndGet(143)) - b32d7882-88db-4fe6-9cca-6a25122d474d: start FollowerState
2019-10-17 02:14:37,127 [main] INFO  ozone.MiniOzoneClusterImpl (MiniOzoneClusterImpl.java:lambda$waitForClusterToBeReady$2(164)) - Waiting for 1 number of pipelines out of 4, to report a leader.
2019-10-17 02:14:37,138 [Thread-1642] INFO  impl.FollowerState (FollowerState.java:run(108)) - b32d7882-88db-4fe6-9cca-6a25122d474d@group-896385CD49EE-FollowerState: change to CANDIDATE, lastRpcTime:84ms, electionTimeout:84ms
2019-10-17 02:14:37,138 [Thread-1642] INFO  impl.RoleInfo (RoleInfo.java:shutdownFollowerState(121)) - b32d7882-88db-4fe6-9cca-6a25122d474d: shutdown FollowerState
2019-10-17 02:14:37,139 [Thread-1642] INFO  impl.RaftServerImpl (RaftServerImpl.java:setRole(184)) - b32d7882-88db-4fe6-9cca-6a25122d474d@group-896385CD49EE: changes role from  FOLLOWER to CANDIDATE at term 32 for changeToCandidate
2019-10-17 02:14:37,139 [Thread-1642] INFO  impl.RoleInfo (RoleInfo.java:updateAndGet(143)) - b32d7882-88db-4fe6-9cca-6a25122d474d: start LeaderElection
2019-10-17 02:14:37,153 [b32d7882-88db-4fe6-9cca-6a25122d474d@group-896385CD49EE-LeaderElection100] INFO  impl.LeaderElection (LeaderElection.java:askForVotes(178)) - b32d7882-88db-4fe6-9cca-6a25122d474d@group-896385CD49EE-LeaderElection100: begin an election at term 33 for -1: [b32d7882-88db-4fe6-9cca-6a25122d474d:192.168.157.194:42206, 3aea292b-16fb-4e9b-be90-828afa8e8047:192.168.157.194:34569, a6b2ebfb-69a0-457c-b6cd-a50cc148b564:192.168.157.194:37298], old=null
2019-10-17 02:14:37,156 [grpc-default-executor-0] INFO  impl.RaftServerImpl (RaftServerImpl.java:setRole(184)) - 3aea292b-16fb-4e9b-be90-828afa8e8047@group-896385CD49EE: changes role from  FOLLOWER to FOLLOWER at term 33 for recognizeCandidate:b32d7882-88db-4fe6-9cca-6a25122d474d
2019-10-17 02:14:37,156 [grpc-default-executor-0] INFO  impl.RoleInfo (RoleInfo.java:shutdownFollowerState(121)) - 3aea292b-16fb-4e9b-be90-828afa8e8047: shutdown FollowerState
2019-10-17 02:14:37,156 [grpc-default-executor-2] INFO  impl.RaftServerImpl (RaftServerImpl.java:setRole(184)) - a6b2ebfb-69a0-457c-b6cd-a50cc148b564@group-896385CD49EE: changes role from  FOLLOWER to FOLLOWER at term 33 for recognizeCandidate:b32d7882-88db-4fe6-9cca-6a25122d474d
2019-10-17 02:14:37,156 [grpc-default-executor-2] INFO  impl.RoleInfo (RoleInfo.java:shutdownFollowerState(121)) - a6b2ebfb-69a0-457c-b6cd-a50cc148b564: shutdown FollowerState
2019-10-17 02:14:37,156 [grpc-default-executor-0] INFO  impl.RoleInfo (RoleInfo.java:updateAndGet(143)) - 3aea292b-16fb-4e9b-be90-828afa8e8047: start FollowerState
2019-10-17 02:14:37,156 [Thread-1640] INFO  impl.FollowerState (FollowerState.java:run(117)) - 3aea292b-16fb-4e9b-be90-828afa8e8047@group-896385CD49EE-FollowerState was interrupted: java.lang.InterruptedException: sleep interrupted
2019-10-17 02:14:37,157 [Thread-1641] INFO  impl.FollowerState (FollowerState.java:run(117)) - a6b2ebfb-69a0-457c-b6cd-a50cc148b564@group-896385CD49EE-FollowerState was interrupted: java.lang.InterruptedException: sleep interrupted
2019-10-17 02:14:37,157 [grpc-default-executor-2] INFO  impl.RoleInfo (RoleInfo.java:updateAndGet(143)) - a6b2ebfb-69a0-457c-b6cd-a50cc148b564: start FollowerState
2019-10-17 02:14:37,171 [b32d7882-88db-4fe6-9cca-6a25122d474d@group-896385CD49EE-LeaderElection100] INFO  impl.LeaderElection (LeaderElection.java:logAndReturn(56)) - b32d7882-88db-4fe6-9cca-6a25122d474d@group-896385CD49EE-LeaderElection100: Election REJECTED; received 2 response(s) [b32d7882-88db-4fe6-9cca-6a25122d474d<-3aea292b-16fb-4e9b-be90-828afa8e8047#0:FAIL-t33, b32d7882-88db-4fe6-9cca-6a25122d474d<-a6b2ebfb-69a0-457c-b6cd-a50cc148b564#0:FAIL-t33] and 0 exception(s); b32d7882-88db-4fe6-9cca-6a25122d474d@group-896385CD49EE:t33, leader=null, voted=b32d7882-88db-4fe6-9cca-6a25122d474d, raftlog=b32d7882-88db-4fe6-9cca-6a25122d474d@group-896385CD49EE-SegmentedRaftLog:OPENED:c-1,f-1,i0, conf=-1: [b32d7882-88db-4fe6-9cca-6a25122d474d:192.168.157.194:42206, 3aea292b-16fb-4e9b-be90-828afa8e8047:192.168.157.194:34569, a6b2ebfb-69a0-457c-b6cd-a50cc148b564:192.168.157.194:37298], old=null
2019-10-17 02:14:37,171 [b32d7882-88db-4fe6-9cca-6a25122d474d@group-896385CD49EE-LeaderElection100] INFO  impl.RaftServerImpl (RaftServerImpl.java:setRole(184)) - b32d7882-88db-4fe6-9cca-6a25122d474d@group-896385CD49EE: changes role from CANDIDATE to FOLLOWER at term 33 for DISCOVERED_A_NEW_TERM
2019-10-17 02:14:37,171 [b32d7882-88db-4fe6-9cca-6a25122d474d@group-896385CD49EE-LeaderElection100] INFO  impl.RoleInfo (RoleInfo.java:shutdownLeaderElection(134)) - b32d7882-88db-4fe6-9cca-6a25122d474d: shutdown LeaderElection
2019-10-17 02:14:37,172 [b32d7882-88db-4fe6-9cca-6a25122d474d@group-896385CD49EE-LeaderElection100] INFO  impl.RoleInfo (RoleInfo.java:updateAndGet(143)) - b32d7882-88db-4fe6-9cca-6a25122d474d: start FollowerState
2019-10-17 02:14:37,359 [Thread-1648] INFO  impl.FollowerState (FollowerState.java:run(108)) - b32d7882-88db-4fe6-9cca-6a25122d474d@group-896385CD49EE-FollowerState: change to CANDIDATE, lastRpcTime:187ms, electionTimeout:187ms
2019-10-17 02:14:37,359 [Thread-1648] INFO  impl.RoleInfo (RoleInfo.java:shutdownFollowerState(121)) - b32d7882-88db-4fe6-9cca-6a25122d474d: shutdown FollowerState
2019-10-17 02:14:37,359 [Thread-1648] INFO  impl.RaftServerImpl (RaftServerImpl.java:setRole(184)) - b32d7882-88db-4fe6-9cca-6a25122d474d@group-896385CD49EE: changes role from  FOLLOWER to CANDIDATE at term 33 for changeToCandidate
2019-10-17 02:14:37,359 [Thread-1648] INFO  impl.RoleInfo (RoleInfo.java:updateAndGet(143)) - b32d7882-88db-4fe6-9cca-6a25122d474d: start LeaderElection
2019-10-17 02:14:37,372 [b32d7882-88db-4fe6-9cca-6a25122d474d@group-896385CD49EE-LeaderElection101] INFO  impl.LeaderElection (LeaderElection.java:askForVotes(178)) - b32d7882-88db-4fe6-9cca-6a25122d474d@group-896385CD49EE-LeaderElection101: begin an election at term 34 for -1: [b32d7882-88db-4fe6-9cca-6a25122d474d:192.168.157.194:42206, 3aea292b-16fb-4e9b-be90-828afa8e8047:192.168.157.194:34569, a6b2ebfb-69a0-457c-b6cd-a50cc148b564:192.168.157.194:37298], old=null
2019-10-17 02:14:37,375 [grpc-default-executor-2] INFO  impl.RaftServerImpl (RaftServerImpl.java:setRole(184)) - 3aea292b-16fb-4e9b-be90-828afa8e8047@group-896385CD49EE: changes role from  FOLLOWER to FOLLOWER at term 34 for recognizeCandidate:b32d7882-88db-4fe6-9cca-6a25122d474d
2019-10-17 02:14:37,376 [grpc-default-executor-2] INFO  impl.RoleInfo (RoleInfo.java:shutdownFollowerState(121)) - 3aea292b-16fb-4e9b-be90-828afa8e8047: shutdown FollowerState
2019-10-17 02:14:37,376 [grpc-default-executor-2] INFO  impl.RoleInfo (RoleInfo.java:updateAndGet(143)) - 3aea292b-16fb-4e9b-be90-828afa8e8047: start FollowerState
2019-10-17 02:14:37,376 [Thread-1646] INFO  impl.FollowerState (FollowerState.java:run(117)) - 3aea292b-16fb-4e9b-be90-828afa8e8047@group-896385CD49EE-FollowerState was interrupted: java.lang.InterruptedException: sleep interrupted
2019-10-17 02:14:37,376 [grpc-default-executor-0] INFO  impl.RaftServerImpl (RaftServerImpl.java:setRole(184)) - a6b2ebfb-69a0-457c-b6cd-a50cc148b564@group-896385CD49EE: changes role from  FOLLOWER to FOLLOWER at term 34 for recognizeCandidate:b32d7882-88db-4fe6-9cca-6a25122d474d
2019-10-17 02:14:37,376 [grpc-default-executor-0] INFO  impl.RoleInfo (RoleInfo.java:shutdownFollowerState(121)) - a6b2ebfb-69a0-457c-b6cd-a50cc148b564: shutdown FollowerState
2019-10-17 02:14:37,377 [Thread-1647] INFO  impl.FollowerState (FollowerState.java:run(117)) - a6b2ebfb-69a0-457c-b6cd-a50cc148b564@group-896385CD49EE-FollowerState was interrupted: java.lang.InterruptedException: sleep interrupted
2019-10-17 02:14:37,377 [grpc-default-executor-0] INFO  impl.RoleInfo (RoleInfo.java:updateAndGet(143)) - a6b2ebfb-69a0-457c-b6cd-a50cc148b564: start FollowerState
2019-10-17 02:14:37,391 [b32d7882-88db-4fe6-9cca-6a25122d474d@group-896385CD49EE-LeaderElection101] INFO  impl.LeaderElection (LeaderElection.java:logAndReturn(56)) - b32d7882-88db-4fe6-9cca-6a25122d474d@group-896385CD49EE-LeaderElection101: Election REJECTED; received 2 response(s) [b32d7882-88db-4fe6-9cca-6a25122d474d<-3aea292b-16fb-4e9b-be90-828afa8e8047#0:FAIL-t34, b32d7882-88db-4fe6-9cca-6a25122d474d<-a6b2ebfb-69a0-457c-b6cd-a50cc148b564#0:FAIL-t34] and 0 exception(s); b32d7882-88db-4fe6-9cca-6a25122d474d@group-896385CD49EE:t34, leader=null, voted=b32d7882-88db-4fe6-9cca-6a25122d474d, raftlog=b32d7882-88db-4fe6-9cca-6a25122d474d@group-896385CD49EE-SegmentedRaftLog:OPENED:c-1,f-1,i0, conf=-1: [b32d7882-88db-4fe6-9cca-6a25122d474d:192.168.157.194:42206, 3aea292b-16fb-4e9b-be90-828afa8e8047:192.168.157.194:34569, a6b2ebfb-69a0-457c-b6cd-a50cc148b564:192.168.157.194:37298], old=null
2019-10-17 02:14:37,391 [b32d7882-88db-4fe6-9cca-6a25122d474d@group-896385CD49EE-LeaderElection101] INFO  impl.RaftServerImpl (RaftServerImpl.java:setRole(184)) - b32d7882-88db-4fe6-9cca-6a25122d474d@group-896385CD49EE: changes role from CANDIDATE to FOLLOWER at term 34 for DISCOVERED_A_NEW_TERM
2019-10-17 02:14:37,391 [b32d7882-88db-4fe6-9cca-6a25122d474d@group-896385CD49EE-LeaderElection101] INFO  impl.RoleInfo (RoleInfo.java:shutdownLeaderElection(134)) - b32d7882-88db-4fe6-9cca-6a25122d474d: shutdown LeaderElection
2019-10-17 02:14:37,392 [b32d7882-88db-4fe6-9cca-6a25122d474d@group-896385CD49EE-LeaderElection101] INFO  impl.RoleInfo (RoleInfo.java:updateAndGet(143)) - b32d7882-88db-4fe6-9cca-6a25122d474d: start FollowerState
2019-10-17 02:14:37,565 [Thread-1654] INFO  impl.FollowerState (FollowerState.java:run(108)) - b32d7882-88db-4fe6-9cca-6a25122d474d@group-896385CD49EE-FollowerState: change to CANDIDATE, lastRpcTime:173ms, electionTimeout:173ms
2019-10-17 02:14:37,565 [Thread-1654] INFO  impl.RoleInfo (RoleInfo.java:shutdownFollowerState(121)) - b32d7882-88db-4fe6-9cca-6a25122d474d: shutdown FollowerState
2019-10-17 02:14:37,566 [Thread-1654] INFO  impl.RaftServerImpl (RaftServerImpl.java:setRole(184)) - b32d7882-88db-4fe6-9cca-6a25122d474d@group-896385CD49EE: changes role from  FOLLOWER to CANDIDATE at term 34 for changeToCandidate
2019-10-17 02:14:37,566 [Thread-1654] INFO  impl.RoleInfo (RoleInfo.java:updateAndGet(143)) - b32d7882-88db-4fe6-9cca-6a25122d474d: start LeaderElection
2019-10-17 02:14:37,580 [b32d7882-88db-4fe6-9cca-6a25122d474d@group-896385CD49EE-LeaderElection102] INFO  impl.LeaderElection (LeaderElection.java:askForVotes(178)) - b32d7882-88db-4fe6-9cca-6a25122d474d@group-896385CD49EE-LeaderElection102: begin an election at term 35 for -1: [b32d7882-88db-4fe6-9cca-6a25122d474d:192.168.157.194:42206, 3aea292b-16fb-4e9b-be90-828afa8e8047:192.168.157.194:34569, a6b2ebfb-69a0-457c-b6cd-a50cc148b564:192.168.157.194:37298], old=null
2019-10-17 02:14:37,583 [grpc-default-executor-0] INFO  impl.RaftServerImpl (RaftServerImpl.java:setRole(184)) - 3aea292b-16fb-4e9b-be90-828afa8e8047@group-896385CD49EE: changes role from  FOLLOWER to FOLLOWER at term 35 for recognizeCandidate:b32d7882-88db-4fe6-9cca-6a25122d474d
2019-10-17 02:14:37,583 [grpc-default-executor-2] INFO  impl.RaftServerImpl (RaftServerImpl.java:setRole(184)) - a6b2ebfb-69a0-457c-b6cd-a50cc148b564@group-896385CD49EE: changes role from  FOLLOWER to FOLLOWER at term 35 for recognizeCandidate:b32d7882-88db-4fe6-9cca-6a25122d474d
2019-10-17 02:14:37,583 [grpc-default-executor-0] INFO  impl.RoleInfo (RoleInfo.java:shutdownFollowerState(121)) - 3aea292b-16fb-4e9b-be90-828afa8e8047: shutdown FollowerState
2019-10-17 02:14:37,584 [grpc-default-executor-2] INFO  impl.RoleInfo (RoleInfo.java:shutdownFollowerState(121)) - a6b2ebfb-69a0-457c-b6cd-a50cc148b564: shutdown FollowerState
2019-10-17 02:14:37,584 [Thread-1652] INFO  impl.FollowerState (FollowerState.java:run(117)) - 3aea292b-16fb-4e9b-be90-828afa8e8047@group-896385CD49EE-FollowerState was interrupted: java.lang.InterruptedException: sleep interrupted
2019-10-17 02:14:37,584 [grpc-default-executor-0] INFO  impl.RoleInfo (RoleInfo.java:updateAndGet(143)) - 3aea292b-16fb-4e9b-be90-828afa8e8047: start FollowerState
2019-10-17 02:14:37,584 [Thread-1653] INFO  impl.FollowerState (FollowerState.java:run(117)) - a6b2ebfb-69a0-457c-b6cd-a50cc148b564@group-896385CD49EE-FollowerState was interrupted: java.lang.InterruptedException: sleep interrupted
2019-10-17 02:14:37,584 [grpc-default-executor-2] INFO  impl.RoleInfo (RoleInfo.java:updateAndGet(143)) - a6b2ebfb-69a0-457c-b6cd-a50cc148b564: start FollowerState
2019-10-17 02:14:37,599 [b32d7882-88db-4fe6-9cca-6a25122d474d@group-896385CD49EE-LeaderElection102] INFO  impl.LeaderElection (LeaderElection.java:logAndReturn(56)) - b32d7882-88db-4fe6-9cca-6a25122d474d@group-896385CD49EE-LeaderElection102: Election REJECTED; received 2 response(s) [b32d7882-88db-4fe6-9cca-6a25122d474d<-3aea292b-16fb-4e9b-be90-828afa8e8047#0:FAIL-t35, b32d7882-88db-4fe6-9cca-6a25122d474d<-a6b2ebfb-69a0-457c-b6cd-a50cc148b564#0:FAIL-t35] and 0 exception(s); b32d7882-88db-4fe6-9cca-6a25122d474d@group-896385CD49EE:t35, leader=null, voted=b32d7882-88db-4fe6-9cca-6a25122d474d, raftlog=b32d7882-88db-4fe6-9cca-6a25122d474d@group-896385CD49EE-SegmentedRaftLog:OPENED:c-1,f-1,i0, conf=-1: [b32d7882-88db-4fe6-9cca-6a25122d474d:192.168.157.194:42206, 3aea292b-16fb-4e9b-be90-828afa8e8047:192.168.157.194:34569, a6b2ebfb-69a0-457c-b6cd-a50cc148b564:192.168.157.194:37298], old=null
2019-10-17 02:14:37,599 [b32d7882-88db-4fe6-9cca-6a25122d474d@group-896385CD49EE-LeaderElection102] INFO  impl.RaftServerImpl (RaftServerImpl.java:setRole(184)) - b32d7882-88db-4fe6-9cca-6a25122d474d@group-896385CD49EE: changes role from CANDIDATE to FOLLOWER at term 35 for DISCOVERED_A_NEW_TERM
2019-10-17 02:14:37,599 [b32d7882-88db-4fe6-9cca-6a25122d474d@group-896385CD49EE-LeaderElection102] INFO  impl.RoleInfo (RoleInfo.java:shutdownLeaderElection(134)) - b32d7882-88db-4fe6-9cca-6a25122d474d: shutdown LeaderElection
2019-10-17 02:14:37,600 [b32d7882-88db-4fe6-9cca-6a25122d474d@group-896385CD49EE-LeaderElection102] INFO  impl.RoleInfo (RoleInfo.java:updateAndGet(143)) - b32d7882-88db-4fe6-9cca-6a25122d474d: start FollowerState
2019-10-17 02:14:37,798 [Thread-1660] INFO  impl.FollowerState (FollowerState.java:run(108)) - b32d7882-88db-4fe6-9cca-6a25122d474d@group-896385CD49EE-FollowerState: change to CANDIDATE, lastRpcTime:198ms, electionTimeout:198ms
2019-10-17 02:14:37,798 [Thread-1660] INFO  impl.RoleInfo (RoleInfo.java:shutdownFollowerState(121)) - b32d7882-88db-4fe6-9cca-6a25122d474d: shutdown FollowerState
2019-10-17 02:14:37,798 [Thread-1660] INFO  impl.RaftServerImpl (RaftServerImpl.java:setRole(184)) - b32d7882-88db-4fe6-9cca-6a25122d474d@group-896385CD49EE: changes role from  FOLLOWER to CANDIDATE at term 35 for changeToCandidate
2019-10-17 02:14:37,799 [Thread-1660] INFO  impl.RoleInfo (RoleInfo.java:updateAndGet(143)) - b32d7882-88db-4fe6-9cca-6a25122d474d: start LeaderElection
2019-10-17 02:14:37,814 [b32d7882-88db-4fe6-9cca-6a25122d474d@group-896385CD49EE-LeaderElection103] INFO  impl.LeaderElection (LeaderElection.java:askForVotes(178)) - b32d7882-88db-4fe6-9cca-6a25122d474d@group-896385CD49EE-LeaderElection103: begin an election at term 36 for -1: [b32d7882-88db-4fe6-9cca-6a25122d474d:192.168.157.194:42206, 3aea292b-16fb-4e9b-be90-828afa8e8047:192.168.157.194:34569, a6b2ebfb-69a0-457c-b6cd-a50cc148b564:192.168.157.194:37298], old=null
2019-10-17 02:14:37,818 [grpc-default-executor-2] INFO  impl.RaftServerImpl (RaftServerImpl.java:setRole(184)) - 3aea292b-16fb-4e9b-be90-828afa8e8047@group-896385CD49EE: changes role from  FOLLOWER to FOLLOWER at term 36 for recognizeCandidate:b32d7882-88db-4fe6-9cca-6a25122d474d
2019-10-17 02:14:37,818 [grpc-default-executor-2] INFO  impl.RoleInfo (RoleInfo.java:shutdownFollowerState(121)) - 3aea292b-16fb-4e9b-be90-828afa8e8047: shutdown FollowerState
2019-10-17 02:14:37,818 [grpc-default-executor-0] INFO  impl.RaftServerImpl (RaftServerImpl.java:setRole(184)) - a6b2ebfb-69a0-457c-b6cd-a50cc148b564@group-896385CD49EE: changes role from  FOLLOWER to FOLLOWER at term 36 for recognizeCandidate:b32d7882-88db-4fe6-9cca-6a25122d474d
2019-10-17 02:14:37,818 [grpc-default-executor-0] INFO  impl.RoleInfo (RoleInfo.java:shutdownFollowerState(121)) - a6b2ebfb-69a0-457c-b6cd-a50cc148b564: shutdown FollowerState
2019-10-17 02:14:37,818 [Thread-1658] INFO  impl.FollowerState (FollowerState.java:run(117)) - 3aea292b-16fb-4e9b-be90-828afa8e8047@group-896385CD49EE-FollowerState was interrupted: java.lang.InterruptedException: sleep interrupted
2019-10-17 02:14:37,819 [Thread-1659] INFO  impl.FollowerState (FollowerState.java:run(117)) - a6b2ebfb-69a0-457c-b6cd-a50cc148b564@group-896385CD49EE-FollowerState was interrupted: java.lang.InterruptedException: sleep interrupted
2019-10-17 02:14:37,818 [grpc-default-executor-2] INFO  impl.RoleInfo (RoleInfo.java:updateAndGet(143)) - 3aea292b-16fb-4e9b-be90-828afa8e8047: start FollowerState
2019-10-17 02:14:37,819 [grpc-default-executor-0] INFO  impl.RoleInfo (RoleInfo.java:updateAndGet(143)) - a6b2ebfb-69a0-457c-b6cd-a50cc148b564: start FollowerState
2019-10-17 02:14:37,834 [b32d7882-88db-4fe6-9cca-6a25122d474d@group-896385CD49EE-LeaderElection103] INFO  impl.LeaderElection (LeaderElection.java:logAndReturn(56)) - b32d7882-88db-4fe6-9cca-6a25122d474d@group-896385CD49EE-LeaderElection103: Election REJECTED; received 2 response(s) [b32d7882-88db-4fe6-9cca-6a25122d474d<-3aea292b-16fb-4e9b-be90-828afa8e8047#0:FAIL-t36, b32d7882-88db-4fe6-9cca-6a25122d474d<-a6b2ebfb-69a0-457c-b6cd-a50cc148b564#0:FAIL-t36] and 0 exception(s); b32d7882-88db-4fe6-9cca-6a25122d474d@group-896385CD49EE:t36, leader=null, voted=b32d7882-88db-4fe6-9cca-6a25122d474d, raftlog=b32d7882-88db-4fe6-9cca-6a25122d474d@group-896385CD49EE-SegmentedRaftLog:OPENED:c-1,f-1,i0, conf=-1: [b32d7882-88db-4fe6-9cca-6a25122d474d:192.168.157.194:42206, 3aea292b-16fb-4e9b-be90-828afa8e8047:192.168.157.194:34569, a6b2ebfb-69a0-457c-b6cd-a50cc148b564:192.168.157.194:37298], old=null
2019-10-17 02:14:37,834 [b32d7882-88db-4fe6-9cca-6a25122d474d@group-896385CD49EE-LeaderElection103] INFO  impl.RaftServerImpl (RaftServerImpl.java:setRole(184)) - b32d7882-88db-4fe6-9cca-6a25122d474d@group-896385CD49EE: changes role from CANDIDATE to FOLLOWER at term 36 for DISCOVERED_A_NEW_TERM
2019-10-17 02:14:37,834 [b32d7882-88db-4fe6-9cca-6a25122d474d@group-896385CD49EE-LeaderElection103] INFO  impl.RoleInfo (RoleInfo.java:shutdownLeaderElection(134)) - b32d7882-88db-4fe6-9cca-6a25122d474d: shutdown LeaderElection
2019-10-17 02:14:37,835 [b32d7882-88db-4fe6-9cca-6a25122d474d@group-896385CD49EE-LeaderElection103] INFO  impl.RoleInfo (RoleInfo.java:updateAndGet(143)) - b32d7882-88db-4fe6-9cca-6a25122d474d: start FollowerState
2019-10-17 02:14:37,908 [Thread-1666] INFO  impl.FollowerState (FollowerState.java:run(108)) - b32d7882-88db-4fe6-9cca-6a25122d474d@group-896385CD49EE-FollowerState: change to CANDIDATE, lastRpcTime:73ms, electionTimeout:73ms
2019-10-17 02:14:37,908 [Thread-1666] INFO  impl.RoleInfo (RoleInfo.java:shutdownFollowerState(121)) - b32d7882-88db-4fe6-9cca-6a25122d474d: shutdown FollowerState
2019-10-17 02:14:37,908 [Thread-1666] INFO  impl.RaftServerImpl (RaftServerImpl.java:setRole(184)) - b32d7882-88db-4fe6-9cca-6a25122d474d@group-896385CD49EE: changes role from  FOLLOWER to CANDIDATE at term 36 for changeToCandidate
2019-10-17 02:14:37,908 [Thread-1666] INFO  impl.RoleInfo (RoleInfo.java:updateAndGet(143)) - b32d7882-88db-4fe6-9cca-6a25122d474d: start LeaderElection
2019-10-17 02:14:37,923 [b32d7882-88db-4fe6-9cca-6a25122d474d@group-896385CD49EE-LeaderElection104] INFO  impl.LeaderElection (LeaderElection.java:askForVotes(178)) - b32d7882-88db-4fe6-9cca-6a25122d474d@group-896385CD49EE-LeaderElection104: begin an election at term 37 for -1: [b32d7882-88db-4fe6-9cca-6a25122d474d:192.168.157.194:42206, 3aea292b-16fb-4e9b-be90-828afa8e8047:192.168.157.194:34569, a6b2ebfb-69a0-457c-b6cd-a50cc148b564:192.168.157.194:37298], old=null
2019-10-17 02:14:37,925 [grpc-default-executor-2] INFO  impl.RaftServerImpl (RaftServerImpl.java:setRole(184)) - 3aea292b-16fb-4e9b-be90-828afa8e8047@group-896385CD49EE: changes role from  FOLLOWER to FOLLOWER at term 37 for recognizeCandidate:b32d7882-88db-4fe6-9cca-6a25122d474d
2019-10-17 02:14:37,926 [grpc-default-executor-2] INFO  impl.RoleInfo (RoleInfo.java:shutdownFollowerState(121)) - 3aea292b-16fb-4e9b-be90-828afa8e8047: shutdown FollowerState
2019-10-17 02:14:37,926 [grpc-default-executor-2] INFO  impl.RoleInfo (RoleInfo.java:updateAndGet(143)) - 3aea292b-16fb-4e9b-be90-828afa8e8047: start FollowerState
2019-10-17 02:14:37,926 [Thread-1664] INFO  impl.FollowerState (FollowerState.java:run(117)) - 3aea292b-16fb-4e9b-be90-828afa8e8047@group-896385CD49EE-FollowerState was interrupted: java.lang.InterruptedException: sleep interrupted
2019-10-17 02:14:37,926 [grpc-default-executor-0] INFO  impl.RaftServerImpl (RaftServerImpl.java:setRole(184)) - a6b2ebfb-69a0-457c-b6cd-a50cc148b564@group-896385CD49EE: changes role from  FOLLOWER to FOLLOWER at term 37 for recognizeCandidate:b32d7882-88db-4fe6-9cca-6a25122d474d
2019-10-17 02:14:37,926 [grpc-default-executor-0] INFO  impl.RoleInfo (RoleInfo.java:shutdownFollowerState(121)) - a6b2ebfb-69a0-457c-b6cd-a50cc148b564: shutdown FollowerState
2019-10-17 02:14:37,927 [grpc-default-executor-0] INFO  impl.RoleInfo (RoleInfo.java:updateAndGet(143)) - a6b2ebfb-69a0-457c-b6cd-a50cc148b564: start FollowerState
2019-10-17 02:14:37,927 [Thread-1665] INFO  impl.FollowerState (FollowerState.java:run(117)) - a6b2ebfb-69a0-457c-b6cd-a50cc148b564@group-896385CD49EE-FollowerState was interrupted: java.lang.InterruptedException: sleep interrupted
2019-10-17 02:14:37,931 [b32d7882-88db-4fe6-9cca-6a25122d474d@group-896385CD49EE-LeaderElection104] INFO  impl.LeaderElection (LeaderElection.java:logAndReturn(56)) - b32d7882-88db-4fe6-9cca-6a25122d474d@group-896385CD49EE-LeaderElection104: Election TIMEOUT; received 0 response(s) [] and 0 exception(s); b32d7882-88db-4fe6-9cca-6a25122d474d@group-896385CD49EE:t37, leader=null, voted=b32d7882-88db-4fe6-9cca-6a25122d474d, raftlog=b32d7882-88db-4fe6-9cca-6a25122d474d@group-896385CD49EE-SegmentedRaftLog:OPENED:c-1,f-1,i0, conf=-1: [b32d7882-88db-4fe6-9cca-6a25122d474d:192.168.157.194:42206, 3aea292b-16fb-4e9b-be90-828afa8e8047:192.168.157.194:34569, a6b2ebfb-69a0-457c-b6cd-a50cc148b564:192.168.157.194:37298], old=null
2019-10-17 02:14:37,939 [b32d7882-88db-4fe6-9cca-6a25122d474d@group-896385CD49EE-LeaderElection104] INFO  impl.LeaderElection (LeaderElection.java:askForVotes(178)) - b32d7882-88db-4fe6-9cca-6a25122d474d@group-896385CD49EE-LeaderElection104: begin an election at term 38 for -1: [b32d7882-88db-4fe6-9cca-6a25122d474d:192.168.157.194:42206, 3aea292b-16fb-4e9b-be90-828afa8e8047:192.168.157.194:34569, a6b2ebfb-69a0-457c-b6cd-a50cc148b564:192.168.157.194:37298], old=null
2019-10-17 02:14:37,942 [grpc-default-executor-2] INFO  impl.RaftServerImpl (RaftServerImpl.java:setRole(184)) - 3aea292b-16fb-4e9b-be90-828afa8e8047@group-896385CD49EE: changes role from  FOLLOWER to FOLLOWER at term 38 for recognizeCandidate:b32d7882-88db-4fe6-9cca-6a25122d474d
2019-10-17 02:14:37,942 [grpc-default-executor-2] INFO  impl.RoleInfo (RoleInfo.java:shutdownFollowerState(121)) - 3aea292b-16fb-4e9b-be90-828afa8e8047: shutdown FollowerState
2019-10-17 02:14:37,943 [Thread-1670] INFO  impl.FollowerState (FollowerState.java:run(117)) - 3aea292b-16fb-4e9b-be90-828afa8e8047@group-896385CD49EE-FollowerState was interrupted: java.lang.InterruptedException: sleep interrupted
2019-10-17 02:14:37,943 [grpc-default-executor-2] INFO  impl.RoleInfo (RoleInfo.java:updateAndGet(143)) - 3aea292b-16fb-4e9b-be90-828afa8e8047: start FollowerState
2019-10-17 02:14:37,968 [b32d7882-88db-4fe6-9cca-6a25122d474d@group-896385CD49EE-LeaderElection104] INFO  impl.LeaderElection (LeaderElection.java:logAndReturn(56)) - b32d7882-88db-4fe6-9cca-6a25122d474d@group-896385CD49EE-LeaderElection104: Election TIMEOUT; received 0 response(s) [] and 0 exception(s); b32d7882-88db-4fe6-9cca-6a25122d474d@group-896385CD49EE:t38, leader=null, voted=b32d7882-88db-4fe6-9cca-6a25122d474d, raftlog=b32d7882-88db-4fe6-9cca-6a25122d474d@group-896385CD49EE-SegmentedRaftLog:OPENED:c-1,f-1,i0, conf=-1: [b32d7882-88db-4fe6-9cca-6a25122d474d:192.168.157.194:42206, 3aea292b-16fb-4e9b-be90-828afa8e8047:192.168.157.194:34569, a6b2ebfb-69a0-457c-b6cd-a50cc148b564:192.168.157.194:37298], old=null
2019-10-17 02:14:37,968 [grpc-default-executor-0] INFO  impl.RaftServerImpl (RaftServerImpl.java:setRole(184)) - a6b2ebfb-69a0-457c-b6cd-a50cc148b564@group-896385CD49EE: changes role from  FOLLOWER to FOLLOWER at term 38 for recognizeCandidate:b32d7882-88db-4fe6-9cca-6a25122d474d
2019-10-17 02:14:37,969 [grpc-default-executor-0] INFO  impl.RoleInfo (RoleInfo.java:shutdownFollowerState(121)) - a6b2ebfb-69a0-457c-b6cd-a50cc148b564: shutdown FollowerState
2019-10-17 02:14:37,969 [Thread-1671] INFO  impl.FollowerState (FollowerState.java:run(117)) - a6b2ebfb-69a0-457c-b6cd-a50cc148b564@group-896385CD49EE-FollowerState was interrupted: java.lang.InterruptedException: sleep interrupted
2019-10-17 02:14:37,969 [grpc-default-executor-0] INFO  impl.RoleInfo (RoleInfo.java:updateAndGet(143)) - a6b2ebfb-69a0-457c-b6cd-a50cc148b564: start FollowerState
2019-10-17 02:14:37,984 [b32d7882-88db-4fe6-9cca-6a25122d474d@group-896385CD49EE-LeaderElection104] INFO  impl.LeaderElection (LeaderElection.java:askForVotes(178)) - b32d7882-88db-4fe6-9cca-6a25122d474d@group-896385CD49EE-LeaderElection104: begin an election at term 39 for -1: [b32d7882-88db-4fe6-9cca-6a25122d474d:192.168.157.194:42206, 3aea292b-16fb-4e9b-be90-828afa8e8047:192.168.157.194:34569, a6b2ebfb-69a0-457c-b6cd-a50cc148b564:192.168.157.194:37298], old=null
2019-10-17 02:14:37,990 [grpc-default-executor-2] INFO  impl.RaftServerImpl (RaftServerImpl.java:setRole(184)) - 3aea292b-16fb-4e9b-be90-828afa8e8047@group-896385CD49EE: changes role from  FOLLOWER to FOLLOWER at term 39 for recognizeCandidate:b32d7882-88db-4fe6-9cca-6a25122d474d
2019-10-17 02:14:37,990 [grpc-default-executor-0] INFO  impl.RaftServerImpl (RaftServerImpl.java:setRole(184)) - a6b2ebfb-69a0-457c-b6cd-a50cc148b564@group-896385CD49EE: changes role from  FOLLOWER to FOLLOWER at term 39 for recognizeCandidate:b32d7882-88db-4fe6-9cca-6a25122d474d
2019-10-17 02:14:37,990 [grpc-default-executor-2] INFO  impl.RoleInfo (RoleInfo.java:shutdownFollowerState(121)) - 3aea292b-16fb-4e9b-be90-828afa8e8047: shutdown FollowerState
2019-10-17 02:14:37,990 [grpc-default-executor-0] INFO  impl.RoleInfo (RoleInfo.java:shutdownFollowerState(121)) - a6b2ebfb-69a0-457c-b6cd-a50cc148b564: shutdown FollowerState
2019-10-17 02:14:37,991 [Thread-1674] INFO  impl.FollowerState (FollowerState.java:run(117)) - 3aea292b-16fb-4e9b-be90-828afa8e8047@group-896385CD49EE-FollowerState was interrupted: java.lang.InterruptedException: sleep interrupted
2019-10-17 02:14:37,991 [Thread-1675] INFO  impl.FollowerState (FollowerState.java:run(117)) - a6b2ebfb-69a0-457c-b6cd-a50cc148b564@group-896385CD49EE-FollowerState was interrupted: java.lang.InterruptedException: sleep interrupted
2019-10-17 02:14:37,990 [grpc-default-executor-2] INFO  impl.RoleInfo (RoleInfo.java:updateAndGet(143)) - 3aea292b-16fb-4e9b-be90-828afa8e8047: start FollowerState
2019-10-17 02:14:37,991 [grpc-default-executor-0] INFO  impl.RoleInfo (RoleInfo.java:updateAndGet(143)) - a6b2ebfb-69a0-457c-b6cd-a50cc148b564: start FollowerState
2019-10-17 02:14:38,008 [b32d7882-88db-4fe6-9cca-6a25122d474d@group-896385CD49EE-LeaderElection104] INFO  impl.LeaderElection (LeaderElection.java:logAndReturn(56)) - b32d7882-88db-4fe6-9cca-6a25122d474d@group-896385CD49EE-LeaderElection104: Election REJECTED; received 2 response(s) [b32d7882-88db-4fe6-9cca-6a25122d474d<-3aea292b-16fb-4e9b-be90-828afa8e8047#0:FAIL-t39, b32d7882-88db-4fe6-9cca-6a25122d474d<-a6b2ebfb-69a0-457c-b6cd-a50cc148b564#0:FAIL-t39] and 0 exception(s); b32d7882-88db-4fe6-9cca-6a25122d474d@group-896385CD49EE:t39, leader=null, voted=b32d7882-88db-4fe6-9cca-6a25122d474d, raftlog=b32d7882-88db-4fe6-9cca-6a25122d474d@group-896385CD49EE-SegmentedRaftLog:OPENED:c-1,f-1,i0, conf=-1: [b32d7882-88db-4fe6-9cca-6a25122d474d:192.168.157.194:42206, 3aea292b-16fb-4e9b-be90-828afa8e8047:192.168.157.194:34569, a6b2ebfb-69a0-457c-b6cd-a50cc148b564:192.168.157.194:37298], old=null
2019-10-17 02:14:38,008 [b32d7882-88db-4fe6-9cca-6a25122d474d@group-896385CD49EE-LeaderElection104] INFO  impl.RaftServerImpl (RaftServerImpl.java:setRole(184)) - b32d7882-88db-4fe6-9cca-6a25122d474d@group-896385CD49EE: changes role from CANDIDATE to FOLLOWER at term 39 for DISCOVERED_A_NEW_TERM
2019-10-17 02:14:38,009 [b32d7882-88db-4fe6-9cca-6a25122d474d@group-896385CD49EE-LeaderElection104] INFO  impl.RoleInfo (RoleInfo.java:shutdownLeaderElection(134)) - b32d7882-88db-4fe6-9cca-6a25122d474d: shutdown LeaderElection
2019-10-17 02:14:38,009 [b32d7882-88db-4fe6-9cca-6a25122d474d@group-896385CD49EE-LeaderElection104] INFO  impl.RoleInfo (RoleInfo.java:updateAndGet(143)) - b32d7882-88db-4fe6-9cca-6a25122d474d: start FollowerState
2019-10-17 02:14:38,015 [Thread-1680] INFO  impl.FollowerState (FollowerState.java:run(108)) - b32d7882-88db-4fe6-9cca-6a25122d474d@group-896385CD49EE-FollowerState: change to CANDIDATE, lastRpcTime:6ms, electionTimeout:6ms
2019-10-17 02:14:38,016 [Thread-1680] INFO  impl.RoleInfo (RoleInfo.java:shutdownFollowerState(121)) - b32d7882-88db-4fe6-9cca-6a25122d474d: shutdown FollowerState
2019-10-17 02:14:38,016 [Thread-1680] INFO  impl.RaftServerImpl (RaftServerImpl.java:setRole(184)) - b32d7882-88db-4fe6-9cca-6a25122d474d@group-896385CD49EE: changes role from  FOLLOWER to CANDIDATE at term 39 for changeToCandidate
2019-10-17 02:14:38,016 [Thread-1680] INFO  impl.RoleInfo (RoleInfo.java:updateAndGet(143)) - b32d7882-88db-4fe6-9cca-6a25122d474d: start LeaderElection
2019-10-17 02:14:38,032 [b32d7882-88db-4fe6-9cca-6a25122d474d@group-896385CD49EE-LeaderElection105] INFO  impl.LeaderElection (LeaderElection.java:askForVotes(178)) - b32d7882-88db-4fe6-9cca-6a25122d474d@group-896385CD49EE-LeaderElection105: begin an election at term 40 for -1: [b32d7882-88db-4fe6-9cca-6a25122d474d:192.168.157.194:42206, 3aea292b-16fb-4e9b-be90-828afa8e8047:192.168.157.194:34569, a6b2ebfb-69a0-457c-b6cd-a50cc148b564:192.168.157.194:37298], old=null
2019-10-17 02:14:38,034 [grpc-default-executor-2] INFO  impl.RaftServerImpl (RaftServerImpl.java:setRole(184)) - 3aea292b-16fb-4e9b-be90-828afa8e8047@group-896385CD49EE: changes role from  FOLLOWER to FOLLOWER at term 40 for recognizeCandidate:b32d7882-88db-4fe6-9cca-6a25122d474d
2019-10-17 02:14:38,034 [grpc-default-executor-2] INFO  impl.RoleInfo (RoleInfo.java:shutdownFollowerState(121)) - 3aea292b-16fb-4e9b-be90-828afa8e8047: shutdown FollowerState
2019-10-17 02:14:38,035 [grpc-default-executor-2] INFO  impl.RoleInfo (RoleInfo.java:updateAndGet(143)) - 3aea292b-16fb-4e9b-be90-828afa8e8047: start FollowerState
2019-10-17 02:14:38,035 [Thread-1678] INFO  impl.FollowerState (FollowerState.java:run(117)) - 3aea292b-16fb-4e9b-be90-828afa8e8047@group-896385CD49EE-FollowerState was interrupted: java.lang.InterruptedException: sleep interrupted
2019-10-17 02:14:38,035 [grpc-default-executor-0] INFO  impl.RaftServerImpl (RaftServerImpl.java:setRole(184)) - a6b2ebfb-69a0-457c-b6cd-a50cc148b564@group-896385CD49EE: changes role from  FOLLOWER to FOLLOWER at term 40 for recognizeCandidate:b32d7882-88db-4fe6-9cca-6a25122d474d
2019-10-17 02:14:38,035 [grpc-default-executor-0] INFO  impl.RoleInfo (RoleInfo.java:shutdownFollowerState(121)) - a6b2ebfb-69a0-457c-b6cd-a50cc148b564: shutdown FollowerState
2019-10-17 02:14:38,035 [grpc-default-executor-0] INFO  impl.RoleInfo (RoleInfo.java:updateAndGet(143)) - a6b2ebfb-69a0-457c-b6cd-a50cc148b564: start FollowerState
2019-10-17 02:14:38,036 [Thread-1679] INFO  impl.FollowerState (FollowerState.java:run(117)) - a6b2ebfb-69a0-457c-b6cd-a50cc148b564@group-896385CD49EE-FollowerState was interrupted: java.lang.InterruptedException: sleep interrupted
2019-10-17 02:14:38,047 [b32d7882-88db-4fe6-9cca-6a25122d474d@group-896385CD49EE-LeaderElection105] INFO  impl.LeaderElection (LeaderElection.java:logAndReturn(56)) - b32d7882-88db-4fe6-9cca-6a25122d474d@group-896385CD49EE-LeaderElection105: Election REJECTED; received 2 response(s) [b32d7882-88db-4fe6-9cca-6a25122d474d<-3aea292b-16fb-4e9b-be90-828afa8e8047#0:FAIL-t40, b32d7882-88db-4fe6-9cca-6a25122d474d<-a6b2ebfb-69a0-457c-b6cd-a50cc148b564#0:FAIL-t40] and 0 exception(s); b32d7882-88db-4fe6-9cca-6a25122d474d@group-896385CD49EE:t40, leader=null, voted=b32d7882-88db-4fe6-9cca-6a25122d474d, raftlog=b32d7882-88db-4fe6-9cca-6a25122d474d@group-896385CD49EE-SegmentedRaftLog:OPENED:c-1,f-1,i0, conf=-1: [b32d7882-88db-4fe6-9cca-6a25122d474d:192.168.157.194:42206, 3aea292b-16fb-4e9b-be90-828afa8e8047:192.168.157.194:34569, a6b2ebfb-69a0-457c-b6cd-a50cc148b564:192.168.157.194:37298], old=null
2019-10-17 02:14:38,047 [b32d7882-88db-4fe6-9cca-6a25122d474d@group-896385CD49EE-LeaderElection105] INFO  impl.RaftServerImpl (RaftServerImpl.java:setRole(184)) - b32d7882-88db-4fe6-9cca-6a25122d474d@group-896385CD49EE: changes role from CANDIDATE to FOLLOWER at term 40 for DISCOVERED_A_NEW_TERM
2019-10-17 02:14:38,047 [b32d7882-88db-4fe6-9cca-6a25122d474d@group-896385CD49EE-LeaderElection105] INFO  impl.RoleInfo (RoleInfo.java:shutdownLeaderElection(134)) - b32d7882-88db-4fe6-9cca-6a25122d474d: shutdown LeaderElection
2019-10-17 02:14:38,048 [b32d7882-88db-4fe6-9cca-6a25122d474d@group-896385CD49EE-LeaderElection105] INFO  impl.RoleInfo (RoleInfo.java:updateAndGet(143)) - b32d7882-88db-4fe6-9cca-6a25122d474d: start FollowerState
2019-10-17 02:14:38,128 [main] INFO  ozone.MiniOzoneClusterImpl (MiniOzoneClusterImpl.java:lambda$waitForClusterToBeReady$2(164)) - Waiting for 1 number of pipelines out of 4, to report a leader.
2019-10-17 02:14:38,148 [Thread-1686] INFO  impl.FollowerState (FollowerState.java:run(108)) - b32d7882-88db-4fe6-9cca-6a25122d474d@group-896385CD49EE-FollowerState: change to CANDIDATE, lastRpcTime:100ms, electionTimeout:100ms
2019-10-17 02:14:38,149 [Thread-1686] INFO  impl.RoleInfo (RoleInfo.java:shutdownFollowerState(121)) - b32d7882-88db-4fe6-9cca-6a25122d474d: shutdown FollowerState
2019-10-17 02:14:38,149 [Thread-1686] INFO  impl.RaftServerImpl (RaftServerImpl.java:setRole(184)) - b32d7882-88db-4fe6-9cca-6a25122d474d@group-896385CD49EE: changes role from  FOLLOWER to CANDIDATE at term 40 for changeToCandidate
2019-10-17 02:14:38,149 [Thread-1686] INFO  impl.RoleInfo (RoleInfo.java:updateAndGet(143)) - b32d7882-88db-4fe6-9cca-6a25122d474d: start LeaderElection
2019-10-17 02:14:38,157 [b32d7882-88db-4fe6-9cca-6a25122d474d@group-896385CD49EE-LeaderElection106] INFO  impl.LeaderElection (LeaderElection.java:askForVotes(178)) - b32d7882-88db-4fe6-9cca-6a25122d474d@group-896385CD49EE-LeaderElection106: begin an election at term 41 for -1: [b32d7882-88db-4fe6-9cca-6a25122d474d:192.168.157.194:42206, 3aea292b-16fb-4e9b-be90-828afa8e8047:192.168.157.194:34569, a6b2ebfb-69a0-457c-b6cd-a50cc148b564:192.168.157.194:37298], old=null
2019-10-17 02:14:38,161 [grpc-default-executor-0] INFO  impl.RaftServerImpl (RaftServerImpl.java:setRole(184)) - 3aea292b-16fb-4e9b-be90-828afa8e8047@group-896385CD49EE: changes role from  FOLLOWER to FOLLOWER at term 41 for recognizeCandidate:b32d7882-88db-4fe6-9cca-6a25122d474d
2019-10-17 02:14:38,161 [grpc-default-executor-0] INFO  impl.RoleInfo (RoleInfo.java:shutdownFollowerState(121)) - 3aea292b-16fb-4e9b-be90-828afa8e8047: shutdown FollowerState
2019-10-17 02:14:38,161 [grpc-default-executor-0] INFO  impl.RoleInfo (RoleInfo.java:updateAndGet(143)) - 3aea292b-16fb-4e9b-be90-828afa8e8047: start FollowerState
2019-10-17 02:14:38,161 [Thread-1684] INFO  impl.FollowerState (FollowerState.java:run(117)) - 3aea292b-16fb-4e9b-be90-828afa8e8047@group-896385CD49EE-FollowerState was interrupted: java.lang.InterruptedException: sleep interrupted
2019-10-17 02:14:38,162 [grpc-default-executor-2] INFO  impl.RaftServerImpl (RaftServerImpl.java:setRole(184)) - a6b2ebfb-69a0-457c-b6cd-a50cc148b564@group-896385CD49EE: changes role from  FOLLOWER to FOLLOWER at term 41 for recognizeCandidate:b32d7882-88db-4fe6-9cca-6a25122d474d
2019-10-17 02:14:38,162 [grpc-default-executor-2] INFO  impl.RoleInfo (RoleInfo.java:shutdownFollowerState(121)) - a6b2ebfb-69a0-457c-b6cd-a50cc148b564: shutdown FollowerState
2019-10-17 02:14:38,162 [grpc-default-executor-2] INFO  impl.RoleInfo (RoleInfo.java:updateAndGet(143)) - a6b2ebfb-69a0-457c-b6cd-a50cc148b564: start FollowerState
2019-10-17 02:14:38,162 [Thread-1685] INFO  impl.FollowerState (FollowerState.java:run(117)) - a6b2ebfb-69a0-457c-b6cd-a50cc148b564@group-896385CD49EE-FollowerState was interrupted: java.lang.InterruptedException: sleep interrupted
2019-10-17 02:14:38,183 [b32d7882-88db-4fe6-9cca-6a25122d474d@group-896385CD49EE-LeaderElection106] INFO  impl.LeaderElection (LeaderElection.java:logAndReturn(56)) - b32d7882-88db-4fe6-9cca-6a25122d474d@group-896385CD49EE-LeaderElection106: Election REJECTED; received 2 response(s) [b32d7882-88db-4fe6-9cca-6a25122d474d<-3aea292b-16fb-4e9b-be90-828afa8e8047#0:FAIL-t41, b32d7882-88db-4fe6-9cca-6a25122d474d<-a6b2ebfb-69a0-457c-b6cd-a50cc148b564#0:FAIL-t41] and 0 exception(s); b32d7882-88db-4fe6-9cca-6a25122d474d@group-896385CD49EE:t41, leader=null, voted=b32d7882-88db-4fe6-9cca-6a25122d474d, raftlog=b32d7882-88db-4fe6-9cca-6a25122d474d@group-896385CD49EE-SegmentedRaftLog:OPENED:c-1,f-1,i0, conf=-1: [b32d7882-88db-4fe6-9cca-6a25122d474d:192.168.157.194:42206, 3aea292b-16fb-4e9b-be90-828afa8e8047:192.168.157.194:34569, a6b2ebfb-69a0-457c-b6cd-a50cc148b564:192.168.157.194:37298], old=null
2019-10-17 02:14:38,183 [b32d7882-88db-4fe6-9cca-6a25122d474d@group-896385CD49EE-LeaderElection106] INFO  impl.RaftServerImpl (RaftServerImpl.java:setRole(184)) - b32d7882-88db-4fe6-9cca-6a25122d474d@group-896385CD49EE: changes role from CANDIDATE to FOLLOWER at term 41 for DISCOVERED_A_NEW_TERM
2019-10-17 02:14:38,183 [b32d7882-88db-4fe6-9cca-6a25122d474d@group-896385CD49EE-LeaderElection106] INFO  impl.RoleInfo (RoleInfo.java:shutdownLeaderElection(134)) - b32d7882-88db-4fe6-9cca-6a25122d474d: shutdown LeaderElection
2019-10-17 02:14:38,183 [b32d7882-88db-4fe6-9cca-6a25122d474d@group-896385CD49EE-LeaderElection106] INFO  impl.RoleInfo (RoleInfo.java:updateAndGet(143)) - b32d7882-88db-4fe6-9cca-6a25122d474d: start FollowerState
2019-10-17 02:14:38,278 [Thread-1692] INFO  impl.FollowerState (FollowerState.java:run(108)) - b32d7882-88db-4fe6-9cca-6a25122d474d@group-896385CD49EE-FollowerState: change to CANDIDATE, lastRpcTime:94ms, electionTimeout:94ms
2019-10-17 02:14:38,278 [Thread-1692] INFO  impl.RoleInfo (RoleInfo.java:shutdownFollowerState(121)) - b32d7882-88db-4fe6-9cca-6a25122d474d: shutdown FollowerState
2019-10-17 02:14:38,278 [Thread-1692] INFO  impl.RaftServerImpl (RaftServerImpl.java:setRole(184)) - b32d7882-88db-4fe6-9cca-6a25122d474d@group-896385CD49EE: changes role from  FOLLOWER to CANDIDATE at term 41 for changeToCandidate
2019-10-17 02:14:38,279 [Thread-1692] INFO  impl.RoleInfo (RoleInfo.java:updateAndGet(143)) - b32d7882-88db-4fe6-9cca-6a25122d474d: start LeaderElection
2019-10-17 02:14:38,293 [b32d7882-88db-4fe6-9cca-6a25122d474d@group-896385CD49EE-LeaderElection107] INFO  impl.LeaderElection (LeaderElection.java:askForVotes(178)) - b32d7882-88db-4fe6-9cca-6a25122d474d@group-896385CD49EE-LeaderElection107: begin an election at term 42 for -1: [b32d7882-88db-4fe6-9cca-6a25122d474d:192.168.157.194:42206, 3aea292b-16fb-4e9b-be90-828afa8e8047:192.168.157.194:34569, a6b2ebfb-69a0-457c-b6cd-a50cc148b564:192.168.157.194:37298], old=null
2019-10-17 02:14:38,296 [grpc-default-executor-0] INFO  impl.RaftServerImpl (RaftServerImpl.java:setRole(184)) - a6b2ebfb-69a0-457c-b6cd-a50cc148b564@group-896385CD49EE: changes role from  FOLLOWER to FOLLOWER at term 42 for recognizeCandidate:b32d7882-88db-4fe6-9cca-6a25122d474d
2019-10-17 02:14:38,296 [grpc-default-executor-2] INFO  impl.RaftServerImpl (RaftServerImpl.java:setRole(184)) - 3aea292b-16fb-4e9b-be90-828afa8e8047@group-896385CD49EE: changes role from  FOLLOWER to FOLLOWER at term 42 for recognizeCandidate:b32d7882-88db-4fe6-9cca-6a25122d474d
2019-10-17 02:14:38,297 [grpc-default-executor-0] INFO  impl.RoleInfo (RoleInfo.java:shutdownFollowerState(121)) - a6b2ebfb-69a0-457c-b6cd-a50cc148b564: shutdown FollowerState
2019-10-17 02:14:38,297 [grpc-default-executor-2] INFO  impl.RoleInfo (RoleInfo.java:shutdownFollowerState(121)) - 3aea292b-16fb-4e9b-be90-828afa8e8047: shutdown FollowerState
2019-10-17 02:14:38,297 [Thread-1691] INFO  impl.FollowerState (FollowerState.java:run(117)) - a6b2ebfb-69a0-457c-b6cd-a50cc148b564@group-896385CD49EE-FollowerState was interrupted: java.lang.InterruptedException: sleep interrupted
2019-10-17 02:14:38,297 [grpc-default-executor-0] INFO  impl.RoleInfo (RoleInfo.java:updateAndGet(143)) - a6b2ebfb-69a0-457c-b6cd-a50cc148b564: start FollowerState
2019-10-17 02:14:38,297 [grpc-default-executor-2] INFO  impl.RoleInfo (RoleInfo.java:updateAndGet(143)) - 3aea292b-16fb-4e9b-be90-828afa8e8047: start FollowerState
2019-10-17 02:14:38,297 [Thread-1690] INFO  impl.FollowerState (FollowerState.java:run(117)) - 3aea292b-16fb-4e9b-be90-828afa8e8047@group-896385CD49EE-FollowerState was interrupted: java.lang.InterruptedException: sleep interrupted
2019-10-17 02:14:38,312 [b32d7882-88db-4fe6-9cca-6a25122d474d@group-896385CD49EE-LeaderElection107] INFO  impl.LeaderElection (LeaderElection.java:logAndReturn(56)) - b32d7882-88db-4fe6-9cca-6a25122d474d@group-896385CD49EE-LeaderElection107: Election REJECTED; received 2 response(s) [b32d7882-88db-4fe6-9cca-6a25122d474d<-3aea292b-16fb-4e9b-be90-828afa8e8047#0:FAIL-t42, b32d7882-88db-4fe6-9cca-6a25122d474d<-a6b2ebfb-69a0-457c-b6cd-a50cc148b564#0:FAIL-t42] and 0 exception(s); b32d7882-88db-4fe6-9cca-6a25122d474d@group-896385CD49EE:t42, leader=null, voted=b32d7882-88db-4fe6-9cca-6a25122d474d, raftlog=b32d7882-88db-4fe6-9cca-6a25122d474d@group-896385CD49EE-SegmentedRaftLog:OPENED:c-1,f-1,i0, conf=-1: [b32d7882-88db-4fe6-9cca-6a25122d474d:192.168.157.194:42206, 3aea292b-16fb-4e9b-be90-828afa8e8047:192.168.157.194:34569, a6b2ebfb-69a0-457c-b6cd-a50cc148b564:192.168.157.194:37298], old=null
2019-10-17 02:14:38,312 [b32d7882-88db-4fe6-9cca-6a25122d474d@group-896385CD49EE-LeaderElection107] INFO  impl.RaftServerImpl (RaftServerImpl.java:setRole(184)) - b32d7882-88db-4fe6-9cca-6a25122d474d@group-896385CD49EE: changes role from CANDIDATE to FOLLOWER at term 42 for DISCOVERED_A_NEW_TERM
2019-10-17 02:14:38,312 [b32d7882-88db-4fe6-9cca-6a25122d474d@group-896385CD49EE-LeaderElection107] INFO  impl.RoleInfo (RoleInfo.java:shutdownLeaderElection(134)) - b32d7882-88db-4fe6-9cca-6a25122d474d: shutdown LeaderElection
2019-10-17 02:14:38,312 [b32d7882-88db-4fe6-9cca-6a25122d474d@group-896385CD49EE-LeaderElection107] INFO  impl.RoleInfo (RoleInfo.java:updateAndGet(143)) - b32d7882-88db-4fe6-9cca-6a25122d474d: start FollowerState
2019-10-17 02:14:38,438 [Thread-1698] INFO  impl.FollowerState (FollowerState.java:run(108)) - b32d7882-88db-4fe6-9cca-6a25122d474d@group-896385CD49EE-FollowerState: change to CANDIDATE, lastRpcTime:125ms, electionTimeout:125ms
2019-10-17 02:14:38,438 [Thread-1698] INFO  impl.RoleInfo (RoleInfo.java:shutdownFollowerState(121)) - b32d7882-88db-4fe6-9cca-6a25122d474d: shutdown FollowerState
2019-10-17 02:14:38,438 [Thread-1698] INFO  impl.RaftServerImpl (RaftServerImpl.java:setRole(184)) - b32d7882-88db-4fe6-9cca-6a25122d474d@group-896385CD49EE: changes role from  FOLLOWER to CANDIDATE at term 42 for changeToCandidate
2019-10-17 02:14:38,438 [Thread-1698] INFO  impl.RoleInfo (RoleInfo.java:updateAndGet(143)) - b32d7882-88db-4fe6-9cca-6a25122d474d: start LeaderElection
2019-10-17 02:14:38,452 [b32d7882-88db-4fe6-9cca-6a25122d474d@group-896385CD49EE-LeaderElection108] INFO  impl.LeaderElection (LeaderElection.java:askForVotes(178)) - b32d7882-88db-4fe6-9cca-6a25122d474d@group-896385CD49EE-LeaderElection108: begin an election at term 43 for -1: [b32d7882-88db-4fe6-9cca-6a25122d474d:192.168.157.194:42206, 3aea292b-16fb-4e9b-be90-828afa8e8047:192.168.157.194:34569, a6b2ebfb-69a0-457c-b6cd-a50cc148b564:192.168.157.194:37298], old=null
2019-10-17 02:14:38,455 [grpc-default-executor-2] INFO  impl.RaftServerImpl (RaftServerImpl.java:setRole(184)) - 3aea292b-16fb-4e9b-be90-828afa8e8047@group-896385CD49EE: changes role from  FOLLOWER to FOLLOWER at term 43 for recognizeCandidate:b32d7882-88db-4fe6-9cca-6a25122d474d
2019-10-17 02:14:38,455 [grpc-default-executor-2] INFO  impl.RoleInfo (RoleInfo.java:shutdownFollowerState(121)) - 3aea292b-16fb-4e9b-be90-828afa8e8047: shutdown FollowerState
2019-10-17 02:14:38,455 [grpc-default-executor-2] INFO  impl.RoleInfo (RoleInfo.java:updateAndGet(143)) - 3aea292b-16fb-4e9b-be90-828afa8e8047: start FollowerState
2019-10-17 02:14:38,455 [Thread-1697] INFO  impl.FollowerState (FollowerState.java:run(117)) - 3aea292b-16fb-4e9b-be90-828afa8e8047@group-896385CD49EE-FollowerState was interrupted: java.lang.InterruptedException: sleep interrupted
2019-10-17 02:14:38,456 [grpc-default-executor-0] INFO  impl.RaftServerImpl (RaftServerImpl.java:setRole(184)) - a6b2ebfb-69a0-457c-b6cd-a50cc148b564@group-896385CD49EE: changes role from  FOLLOWER to FOLLOWER at term 43 for recognizeCandidate:b32d7882-88db-4fe6-9cca-6a25122d474d
2019-10-17 02:14:38,456 [grpc-default-executor-0] INFO  impl.RoleInfo (RoleInfo.java:shutdownFollowerState(121)) - a6b2ebfb-69a0-457c-b6cd-a50cc148b564: shutdown FollowerState
2019-10-17 02:14:38,456 [grpc-default-executor-0] INFO  impl.RoleInfo (RoleInfo.java:updateAndGet(143)) - a6b2ebfb-69a0-457c-b6cd-a50cc148b564: start FollowerState
2019-10-17 02:14:38,456 [Thread-1696] INFO  impl.FollowerState (FollowerState.java:run(117)) - a6b2ebfb-69a0-457c-b6cd-a50cc148b564@group-896385CD49EE-FollowerState was interrupted: java.lang.InterruptedException: sleep interrupted
2019-10-17 02:14:38,473 [b32d7882-88db-4fe6-9cca-6a25122d474d@group-896385CD49EE-LeaderElection108] INFO  impl.LeaderElection (LeaderElection.java:logAndReturn(56)) - b32d7882-88db-4fe6-9cca-6a25122d474d@group-896385CD49EE-LeaderElection108: Election REJECTED; received 2 response(s) [b32d7882-88db-4fe6-9cca-6a25122d474d<-3aea292b-16fb-4e9b-be90-828afa8e8047#0:FAIL-t43, b32d7882-88db-4fe6-9cca-6a25122d474d<-a6b2ebfb-69a0-457c-b6cd-a50cc148b564#0:FAIL-t43] and 0 exception(s); b32d7882-88db-4fe6-9cca-6a25122d474d@group-896385CD49EE:t43, leader=null, voted=b32d7882-88db-4fe6-9cca-6a25122d474d, raftlog=b32d7882-88db-4fe6-9cca-6a25122d474d@group-896385CD49EE-SegmentedRaftLog:OPENED:c-1,f-1,i0, conf=-1: [b32d7882-88db-4fe6-9cca-6a25122d474d:192.168.157.194:42206, 3aea292b-16fb-4e9b-be90-828afa8e8047:192.168.157.194:34569, a6b2ebfb-69a0-457c-b6cd-a50cc148b564:192.168.157.194:37298], old=null
2019-10-17 02:14:38,473 [b32d7882-88db-4fe6-9cca-6a25122d474d@group-896385CD49EE-LeaderElection108] INFO  impl.RaftServerImpl (RaftServerImpl.java:setRole(184)) - b32d7882-88db-4fe6-9cca-6a25122d474d@group-896385CD49EE: changes role from CANDIDATE to FOLLOWER at term 43 for DISCOVERED_A_NEW_TERM
2019-10-17 02:14:38,473 [b32d7882-88db-4fe6-9cca-6a25122d474d@group-896385CD49EE-LeaderElection108] INFO  impl.RoleInfo (RoleInfo.java:shutdownLeaderElection(134)) - b32d7882-88db-4fe6-9cca-6a25122d474d: shutdown LeaderElection
2019-10-17 02:14:38,473 [b32d7882-88db-4fe6-9cca-6a25122d474d@group-896385CD49EE-LeaderElection108] INFO  impl.RoleInfo (RoleInfo.java:updateAndGet(143)) - b32d7882-88db-4fe6-9cca-6a25122d474d: start FollowerState
2019-10-17 02:14:38,639 [Thread-1704] INFO  impl.FollowerState (FollowerState.java:run(108)) - b32d7882-88db-4fe6-9cca-6a25122d474d@group-896385CD49EE-FollowerState: change to CANDIDATE, lastRpcTime:165ms, electionTimeout:165ms
2019-10-17 02:14:38,639 [Thread-1704] INFO  impl.RoleInfo (RoleInfo.java:shutdownFollowerState(121)) - b32d7882-88db-4fe6-9cca-6a25122d474d: shutdown FollowerState
2019-10-17 02:14:38,639 [Thread-1704] INFO  impl.RaftServerImpl (RaftServerImpl.java:setRole(184)) - b32d7882-88db-4fe6-9cca-6a25122d474d@group-896385CD49EE: changes role from  FOLLOWER to CANDIDATE at term 43 for changeToCandidate
2019-10-17 02:14:38,639 [Thread-1704] INFO  impl.RoleInfo (RoleInfo.java:updateAndGet(143)) - b32d7882-88db-4fe6-9cca-6a25122d474d: start LeaderElection
2019-10-17 02:14:38,653 [b32d7882-88db-4fe6-9cca-6a25122d474d@group-896385CD49EE-LeaderElection109] INFO  impl.LeaderElection (LeaderElection.java:askForVotes(178)) - b32d7882-88db-4fe6-9cca-6a25122d474d@group-896385CD49EE-LeaderElection109: begin an election at term 44 for -1: [b32d7882-88db-4fe6-9cca-6a25122d474d:192.168.157.194:42206, 3aea292b-16fb-4e9b-be90-828afa8e8047:192.168.157.194:34569, a6b2ebfb-69a0-457c-b6cd-a50cc148b564:192.168.157.194:37298], old=null
2019-10-17 02:14:38,656 [grpc-default-executor-0] INFO  impl.RaftServerImpl (RaftServerImpl.java:setRole(184)) - 3aea292b-16fb-4e9b-be90-828afa8e8047@group-896385CD49EE: changes role from  FOLLOWER to FOLLOWER at term 44 for recognizeCandidate:b32d7882-88db-4fe6-9cca-6a25122d474d
2019-10-17 02:14:38,657 [grpc-default-executor-0] INFO  impl.RoleInfo (RoleInfo.java:shutdownFollowerState(121)) - 3aea292b-16fb-4e9b-be90-828afa8e8047: shutdown FollowerState
2019-10-17 02:14:38,657 [grpc-default-executor-2] INFO  impl.RaftServerImpl (RaftServerImpl.java:setRole(184)) - a6b2ebfb-69a0-457c-b6cd-a50cc148b564@group-896385CD49EE: changes role from  FOLLOWER to FOLLOWER at term 44 for recognizeCandidate:b32d7882-88db-4fe6-9cca-6a25122d474d
2019-10-17 02:14:38,657 [grpc-default-executor-2] INFO  impl.RoleInfo (RoleInfo.java:shutdownFollowerState(121)) - a6b2ebfb-69a0-457c-b6cd-a50cc148b564: shutdown FollowerState
2019-10-17 02:14:38,657 [Thread-1702] INFO  impl.FollowerState (FollowerState.java:run(117)) - 3aea292b-16fb-4e9b-be90-828afa8e8047@group-896385CD49EE-FollowerState was interrupted: java.lang.InterruptedException: sleep interrupted
2019-10-17 02:14:38,657 [grpc-default-executor-0] INFO  impl.RoleInfo (RoleInfo.java:updateAndGet(143)) - 3aea292b-16fb-4e9b-be90-828afa8e8047: start FollowerState
2019-10-17 02:14:38,657 [Thread-1703] INFO  impl.FollowerState (FollowerState.java:run(117)) - a6b2ebfb-69a0-457c-b6cd-a50cc148b564@group-896385CD49EE-FollowerState was interrupted: java.lang.InterruptedException: sleep interrupted
2019-10-17 02:14:38,657 [grpc-default-executor-2] INFO  impl.RoleInfo (RoleInfo.java:updateAndGet(143)) - a6b2ebfb-69a0-457c-b6cd-a50cc148b564: start FollowerState
2019-10-17 02:14:38,672 [b32d7882-88db-4fe6-9cca-6a25122d474d@group-896385CD49EE-LeaderElection109] INFO  impl.LeaderElection (LeaderElection.java:logAndReturn(56)) - b32d7882-88db-4fe6-9cca-6a25122d474d@group-896385CD49EE-LeaderElection109: Election REJECTED; received 2 response(s) [b32d7882-88db-4fe6-9cca-6a25122d474d<-3aea292b-16fb-4e9b-be90-828afa8e8047#0:FAIL-t44, b32d7882-88db-4fe6-9cca-6a25122d474d<-a6b2ebfb-69a0-457c-b6cd-a50cc148b564#0:FAIL-t44] and 0 exception(s); b32d7882-88db-4fe6-9cca-6a25122d474d@group-896385CD49EE:t44, leader=null, voted=b32d7882-88db-4fe6-9cca-6a25122d474d, raftlog=b32d7882-88db-4fe6-9cca-6a25122d474d@group-896385CD49EE-SegmentedRaftLog:OPENED:c-1,f-1,i0, conf=-1: [b32d7882-88db-4fe6-9cca-6a25122d474d:192.168.157.194:42206, 3aea292b-16fb-4e9b-be90-828afa8e8047:192.168.157.194:34569, a6b2ebfb-69a0-457c-b6cd-a50cc148b564:192.168.157.194:37298], old=null
2019-10-17 02:14:38,673 [b32d7882-88db-4fe6-9cca-6a25122d474d@group-896385CD49EE-LeaderElection109] INFO  impl.RaftServerImpl (RaftServerImpl.java:setRole(184)) - b32d7882-88db-4fe6-9cca-6a25122d474d@group-896385CD49EE: changes role from CANDIDATE to FOLLOWER at term 44 for DISCOVERED_A_NEW_TERM
2019-10-17 02:14:38,673 [b32d7882-88db-4fe6-9cca-6a25122d474d@group-896385CD49EE-LeaderElection109] INFO  impl.RoleInfo (RoleInfo.java:shutdownLeaderElection(134)) - b32d7882-88db-4fe6-9cca-6a25122d474d: shutdown LeaderElection
2019-10-17 02:14:38,673 [b32d7882-88db-4fe6-9cca-6a25122d474d@group-896385CD49EE-LeaderElection109] INFO  impl.RoleInfo (RoleInfo.java:updateAndGet(143)) - b32d7882-88db-4fe6-9cca-6a25122d474d: start FollowerState
2019-10-17 02:14:38,810 [Thread-1710] INFO  impl.FollowerState (FollowerState.java:run(108)) - b32d7882-88db-4fe6-9cca-6a25122d474d@group-896385CD49EE-FollowerState: change to CANDIDATE, lastRpcTime:137ms, electionTimeout:137ms
2019-10-17 02:14:38,811 [Thread-1710] INFO  impl.RoleInfo (RoleInfo.java:shutdownFollowerState(121)) - b32d7882-88db-4fe6-9cca-6a25122d474d: shutdown FollowerState
2019-10-17 02:14:38,811 [Thread-1710] INFO  impl.RaftServerImpl (RaftServerImpl.java:setRole(184)) - b32d7882-88db-4fe6-9cca-6a25122d474d@group-896385CD49EE: changes role from  FOLLOWER to CANDIDATE at term 44 for changeToCandidate
2019-10-17 02:14:38,811 [Thread-1710] INFO  impl.RoleInfo (RoleInfo.java:updateAndGet(143)) - b32d7882-88db-4fe6-9cca-6a25122d474d: start LeaderElection
2019-10-17 02:14:38,825 [b32d7882-88db-4fe6-9cca-6a25122d474d@group-896385CD49EE-LeaderElection110] INFO  impl.LeaderElection (LeaderElection.java:askForVotes(178)) - b32d7882-88db-4fe6-9cca-6a25122d474d@group-896385CD49EE-LeaderElection110: begin an election at term 45 for -1: [b32d7882-88db-4fe6-9cca-6a25122d474d:192.168.157.194:42206, 3aea292b-16fb-4e9b-be90-828afa8e8047:192.168.157.194:34569, a6b2ebfb-69a0-457c-b6cd-a50cc148b564:192.168.157.194:37298], old=null
2019-10-17 02:14:38,828 [grpc-default-executor-0] INFO  impl.RaftServerImpl (RaftServerImpl.java:setRole(184)) - 3aea292b-16fb-4e9b-be90-828afa8e8047@group-896385CD49EE: changes role from  FOLLOWER to FOLLOWER at term 45 for recognizeCandidate:b32d7882-88db-4fe6-9cca-6a25122d474d
2019-10-17 02:14:38,828 [grpc-default-executor-2] INFO  impl.RaftServerImpl (RaftServerImpl.java:setRole(184)) - a6b2ebfb-69a0-457c-b6cd-a50cc148b564@group-896385CD49EE: changes role from  FOLLOWER to FOLLOWER at term 45 for recognizeCandidate:b32d7882-88db-4fe6-9cca-6a25122d474d
2019-10-17 02:14:38,828 [grpc-default-executor-0] INFO  impl.RoleInfo (RoleInfo.java:shutdownFollowerState(121)) - 3aea292b-16fb-4e9b-be90-828afa8e8047: shutdown FollowerState
2019-10-17 02:14:38,828 [grpc-default-executor-2] INFO  impl.RoleInfo (RoleInfo.java:shutdownFollowerState(121)) - a6b2ebfb-69a0-457c-b6cd-a50cc148b564: shutdown FollowerState
2019-10-17 02:14:38,828 [Thread-1708] INFO  impl.FollowerState (FollowerState.java:run(117)) - 3aea292b-16fb-4e9b-be90-828afa8e8047@group-896385CD49EE-FollowerState was interrupted: java.lang.InterruptedException: sleep interrupted
2019-10-17 02:14:38,828 [grpc-default-executor-0] INFO  impl.RoleInfo (RoleInfo.java:updateAndGet(143)) - 3aea292b-16fb-4e9b-be90-828afa8e8047: start FollowerState
2019-10-17 02:14:38,828 [Thread-1709] INFO  impl.FollowerState (FollowerState.java:run(117)) - a6b2ebfb-69a0-457c-b6cd-a50cc148b564@group-896385CD49EE-FollowerState was interrupted: java.lang.InterruptedException: sleep interrupted
2019-10-17 02:14:38,828 [grpc-default-executor-2] INFO  impl.RoleInfo (RoleInfo.java:updateAndGet(143)) - a6b2ebfb-69a0-457c-b6cd-a50cc148b564: start FollowerState
2019-10-17 02:14:38,843 [b32d7882-88db-4fe6-9cca-6a25122d474d@group-896385CD49EE-LeaderElection110] INFO  impl.LeaderElection (LeaderElection.java:logAndReturn(56)) - b32d7882-88db-4fe6-9cca-6a25122d474d@group-896385CD49EE-LeaderElection110: Election REJECTED; received 2 response(s) [b32d7882-88db-4fe6-9cca-6a25122d474d<-3aea292b-16fb-4e9b-be90-828afa8e8047#0:FAIL-t45, b32d7882-88db-4fe6-9cca-6a25122d474d<-a6b2ebfb-69a0-457c-b6cd-a50cc148b564#0:FAIL-t45] and 0 exception(s); b32d7882-88db-4fe6-9cca-6a25122d474d@group-896385CD49EE:t45, leader=null, voted=b32d7882-88db-4fe6-9cca-6a25122d474d, raftlog=b32d7882-88db-4fe6-9cca-6a25122d474d@group-896385CD49EE-SegmentedRaftLog:OPENED:c-1,f-1,i0, conf=-1: [b32d7882-88db-4fe6-9cca-6a25122d474d:192.168.157.194:42206, 3aea292b-16fb-4e9b-be90-828afa8e8047:192.168.157.194:34569, a6b2ebfb-69a0-457c-b6cd-a50cc148b564:192.168.157.194:37298], old=null
2019-10-17 02:14:38,843 [b32d7882-88db-4fe6-9cca-6a25122d474d@group-896385CD49EE-LeaderElection110] INFO  impl.RaftServerImpl (RaftServerImpl.java:setRole(184)) - b32d7882-88db-4fe6-9cca-6a25122d474d@group-896385CD49EE: changes role from CANDIDATE to FOLLOWER at term 45 for DISCOVERED_A_NEW_TERM
2019-10-17 02:14:38,843 [b32d7882-88db-4fe6-9cca-6a25122d474d@group-896385CD49EE-LeaderElection110] INFO  impl.RoleInfo (RoleInfo.java:shutdownLeaderElection(134)) - b32d7882-88db-4fe6-9cca-6a25122d474d: shutdown LeaderElection
2019-10-17 02:14:38,844 [b32d7882-88db-4fe6-9cca-6a25122d474d@group-896385CD49EE-LeaderElection110] INFO  impl.RoleInfo (RoleInfo.java:updateAndGet(143)) - b32d7882-88db-4fe6-9cca-6a25122d474d: start FollowerState
2019-10-17 02:14:38,942 [Thread-1716] INFO  impl.FollowerState (FollowerState.java:run(108)) - b32d7882-88db-4fe6-9cca-6a25122d474d@group-896385CD49EE-FollowerState: change to CANDIDATE, lastRpcTime:98ms, electionTimeout:98ms
2019-10-17 02:14:38,942 [Thread-1716] INFO  impl.RoleInfo (RoleInfo.java:shutdownFollowerState(121)) - b32d7882-88db-4fe6-9cca-6a25122d474d: shutdown FollowerState
2019-10-17 02:14:38,942 [Thread-1716] INFO  impl.RaftServerImpl (RaftServerImpl.java:setRole(184)) - b32d7882-88db-4fe6-9cca-6a25122d474d@group-896385CD49EE: changes role from  FOLLOWER to CANDIDATE at term 45 for changeToCandidate
2019-10-17 02:14:38,943 [Thread-1716] INFO  impl.RoleInfo (RoleInfo.java:updateAndGet(143)) - b32d7882-88db-4fe6-9cca-6a25122d474d: start LeaderElection
2019-10-17 02:14:38,957 [b32d7882-88db-4fe6-9cca-6a25122d474d@group-896385CD49EE-LeaderElection111] INFO  impl.LeaderElection (LeaderElection.java:askForVotes(178)) - b32d7882-88db-4fe6-9cca-6a25122d474d@group-896385CD49EE-LeaderElection111: begin an election at term 46 for -1: [b32d7882-88db-4fe6-9cca-6a25122d474d:192.168.157.194:42206, 3aea292b-16fb-4e9b-be90-828afa8e8047:192.168.157.194:34569, a6b2ebfb-69a0-457c-b6cd-a50cc148b564:192.168.157.194:37298], old=null
2019-10-17 02:14:38,960 [grpc-default-executor-2] INFO  impl.RaftServerImpl (RaftServerImpl.java:setRole(184)) - 3aea292b-16fb-4e9b-be90-828afa8e8047@group-896385CD49EE: changes role from  FOLLOWER to FOLLOWER at term 46 for recognizeCandidate:b32d7882-88db-4fe6-9cca-6a25122d474d
2019-10-17 02:14:38,960 [grpc-default-executor-0] INFO  impl.RaftServerImpl (RaftServerImpl.java:setRole(184)) - a6b2ebfb-69a0-457c-b6cd-a50cc148b564@group-896385CD49EE: changes role from  FOLLOWER to FOLLOWER at term 46 for recognizeCandidate:b32d7882-88db-4fe6-9cca-6a25122d474d
2019-10-17 02:14:38,960 [grpc-default-executor-2] INFO  impl.RoleInfo (RoleInfo.java:shutdownFollowerState(121)) - 3aea292b-16fb-4e9b-be90-828afa8e8047: shutdown FollowerState
2019-10-17 02:14:38,960 [grpc-default-executor-0] INFO  impl.RoleInfo (RoleInfo.java:shutdownFollowerState(121)) - a6b2ebfb-69a0-457c-b6cd-a50cc148b564: shutdown FollowerState
2019-10-17 02:14:38,961 [Thread-1714] INFO  impl.FollowerState (FollowerState.java:run(117)) - 3aea292b-16fb-4e9b-be90-828afa8e8047@group-896385CD49EE-FollowerState was interrupted: java.lang.InterruptedException: sleep interrupted
2019-10-17 02:14:38,961 [grpc-default-executor-2] INFO  impl.RoleInfo (RoleInfo.java:updateAndGet(143)) - 3aea292b-16fb-4e9b-be90-828afa8e8047: start FollowerState
2019-10-17 02:14:38,961 [Thread-1715] INFO  impl.FollowerState (FollowerState.java:run(117)) - a6b2ebfb-69a0-457c-b6cd-a50cc148b564@group-896385CD49EE-FollowerState was interrupted: java.lang.InterruptedException: sleep interrupted
2019-10-17 02:14:38,961 [grpc-default-executor-0] INFO  impl.RoleInfo (RoleInfo.java:updateAndGet(143)) - a6b2ebfb-69a0-457c-b6cd-a50cc148b564: start FollowerState
2019-10-17 02:14:38,976 [b32d7882-88db-4fe6-9cca-6a25122d474d@group-896385CD49EE-LeaderElection111] INFO  impl.LeaderElection (LeaderElection.java:logAndReturn(56)) - b32d7882-88db-4fe6-9cca-6a25122d474d@group-896385CD49EE-LeaderElection111: Election REJECTED; received 2 response(s) [b32d7882-88db-4fe6-9cca-6a25122d474d<-3aea292b-16fb-4e9b-be90-828afa8e8047#0:FAIL-t46, b32d7882-88db-4fe6-9cca-6a25122d474d<-a6b2ebfb-69a0-457c-b6cd-a50cc148b564#0:FAIL-t46] and 0 exception(s); b32d7882-88db-4fe6-9cca-6a25122d474d@group-896385CD49EE:t46, leader=null, voted=b32d7882-88db-4fe6-9cca-6a25122d474d, raftlog=b32d7882-88db-4fe6-9cca-6a25122d474d@group-896385CD49EE-SegmentedRaftLog:OPENED:c-1,f-1,i0, conf=-1: [b32d7882-88db-4fe6-9cca-6a25122d474d:192.168.157.194:42206, 3aea292b-16fb-4e9b-be90-828afa8e8047:192.168.157.194:34569, a6b2ebfb-69a0-457c-b6cd-a50cc148b564:192.168.157.194:37298], old=null
2019-10-17 02:14:38,976 [b32d7882-88db-4fe6-9cca-6a25122d474d@group-896385CD49EE-LeaderElection111] INFO  impl.RaftServerImpl (RaftServerImpl.java:setRole(184)) - b32d7882-88db-4fe6-9cca-6a25122d474d@group-896385CD49EE: changes role from CANDIDATE to FOLLOWER at term 46 for DISCOVERED_A_NEW_TERM
2019-10-17 02:14:38,976 [b32d7882-88db-4fe6-9cca-6a25122d474d@group-896385CD49EE-LeaderElection111] INFO  impl.RoleInfo (RoleInfo.java:shutdownLeaderElection(134)) - b32d7882-88db-4fe6-9cca-6a25122d474d: shutdown LeaderElection
2019-10-17 02:14:38,976 [b32d7882-88db-4fe6-9cca-6a25122d474d@group-896385CD49EE-LeaderElection111] INFO  impl.RoleInfo (RoleInfo.java:updateAndGet(143)) - b32d7882-88db-4fe6-9cca-6a25122d474d: start FollowerState
2019-10-17 02:14:39,093 [Thread-1722] INFO  impl.FollowerState (FollowerState.java:run(108)) - b32d7882-88db-4fe6-9cca-6a25122d474d@group-896385CD49EE-FollowerState: change to CANDIDATE, lastRpcTime:116ms, electionTimeout:116ms
2019-10-17 02:14:39,093 [Thread-1722] INFO  impl.RoleInfo (RoleInfo.java:shutdownFollowerState(121)) - b32d7882-88db-4fe6-9cca-6a25122d474d: shutdown FollowerState
2019-10-17 02:14:39,093 [Thread-1722] INFO  impl.RaftServerImpl (RaftServerImpl.java:setRole(184)) - b32d7882-88db-4fe6-9cca-6a25122d474d@group-896385CD49EE: changes role from  FOLLOWER to CANDIDATE at term 46 for changeToCandidate
2019-10-17 02:14:39,094 [Thread-1722] INFO  impl.RoleInfo (RoleInfo.java:updateAndGet(143)) - b32d7882-88db-4fe6-9cca-6a25122d474d: start LeaderElection
2019-10-17 02:14:39,108 [b32d7882-88db-4fe6-9cca-6a25122d474d@group-896385CD49EE-LeaderElection112] INFO  impl.LeaderElection (LeaderElection.java:askForVotes(178)) - b32d7882-88db-4fe6-9cca-6a25122d474d@group-896385CD49EE-LeaderElection112: begin an election at term 47 for -1: [b32d7882-88db-4fe6-9cca-6a25122d474d:192.168.157.194:42206, 3aea292b-16fb-4e9b-be90-828afa8e8047:192.168.157.194:34569, a6b2ebfb-69a0-457c-b6cd-a50cc148b564:192.168.157.194:37298], old=null
2019-10-17 02:14:39,112 [grpc-default-executor-0] INFO  impl.RaftServerImpl (RaftServerImpl.java:setRole(184)) - a6b2ebfb-69a0-457c-b6cd-a50cc148b564@group-896385CD49EE: changes role from  FOLLOWER to FOLLOWER at term 47 for recognizeCandidate:b32d7882-88db-4fe6-9cca-6a25122d474d
2019-10-17 02:14:39,113 [grpc-default-executor-0] INFO  impl.RoleInfo (RoleInfo.java:shutdownFollowerState(121)) - a6b2ebfb-69a0-457c-b6cd-a50cc148b564: shutdown FollowerState
2019-10-17 02:14:39,113 [grpc-default-executor-0] INFO  impl.RoleInfo (RoleInfo.java:updateAndGet(143)) - a6b2ebfb-69a0-457c-b6cd-a50cc148b564: start FollowerState
2019-10-17 02:14:39,113 [Thread-1721] INFO  impl.FollowerState (FollowerState.java:run(117)) - a6b2ebfb-69a0-457c-b6cd-a50cc148b564@group-896385CD49EE-FollowerState was interrupted: java.lang.InterruptedException: sleep interrupted
2019-10-17 02:14:39,114 [grpc-default-executor-2] INFO  impl.RaftServerImpl (RaftServerImpl.java:setRole(184)) - 3aea292b-16fb-4e9b-be90-828afa8e8047@group-896385CD49EE: changes role from  FOLLOWER to FOLLOWER at term 47 for recognizeCandidate:b32d7882-88db-4fe6-9cca-6a25122d474d
2019-10-17 02:14:39,115 [grpc-default-executor-2] INFO  impl.RoleInfo (RoleInfo.java:shutdownFollowerState(121)) - 3aea292b-16fb-4e9b-be90-828afa8e8047: shutdown FollowerState
2019-10-17 02:14:39,115 [Thread-1720] INFO  impl.FollowerState (FollowerState.java:run(117)) - 3aea292b-16fb-4e9b-be90-828afa8e8047@group-896385CD49EE-FollowerState was interrupted: java.lang.InterruptedException: sleep interrupted
2019-10-17 02:14:39,115 [grpc-default-executor-2] INFO  impl.RoleInfo (RoleInfo.java:updateAndGet(143)) - 3aea292b-16fb-4e9b-be90-828afa8e8047: start FollowerState
2019-10-17 02:14:39,129 [main] INFO  ozone.MiniOzoneClusterImpl (MiniOzoneClusterImpl.java:lambda$waitForClusterToBeReady$2(164)) - Waiting for 1 number of pipelines out of 4, to report a leader.
2019-10-17 02:14:39,152 [b32d7882-88db-4fe6-9cca-6a25122d474d@group-896385CD49EE-LeaderElection112] INFO  impl.LeaderElection (LeaderElection.java:logAndReturn(56)) - b32d7882-88db-4fe6-9cca-6a25122d474d@group-896385CD49EE-LeaderElection112: Election REJECTED; received 2 response(s) [b32d7882-88db-4fe6-9cca-6a25122d474d<-3aea292b-16fb-4e9b-be90-828afa8e8047#0:FAIL-t47, b32d7882-88db-4fe6-9cca-6a25122d474d<-a6b2ebfb-69a0-457c-b6cd-a50cc148b564#0:FAIL-t47] and 0 exception(s); b32d7882-88db-4fe6-9cca-6a25122d474d@group-896385CD49EE:t47, leader=null, voted=b32d7882-88db-4fe6-9cca-6a25122d474d, raftlog=b32d7882-88db-4fe6-9cca-6a25122d474d@group-896385CD49EE-SegmentedRaftLog:OPENED:c-1,f-1,i0, conf=-1: [b32d7882-88db-4fe6-9cca-6a25122d474d:192.168.157.194:42206, 3aea292b-16fb-4e9b-be90-828afa8e8047:192.168.157.194:34569, a6b2ebfb-69a0-457c-b6cd-a50cc148b564:192.168.157.194:37298], old=null
2019-10-17 02:14:39,153 [b32d7882-88db-4fe6-9cca-6a25122d474d@group-896385CD49EE-LeaderElection112] INFO  impl.RaftServerImpl (RaftServerImpl.java:setRole(184)) - b32d7882-88db-4fe6-9cca-6a25122d474d@group-896385CD49EE: changes role from CANDIDATE to FOLLOWER at term 47 for DISCOVERED_A_NEW_TERM
2019-10-17 02:14:39,153 [b32d7882-88db-4fe6-9cca-6a25122d474d@group-896385CD49EE-LeaderElection112] INFO  impl.RoleInfo (RoleInfo.java:shutdownLeaderElection(134)) - b32d7882-88db-4fe6-9cca-6a25122d474d: shutdown LeaderElection
2019-10-17 02:14:39,153 [b32d7882-88db-4fe6-9cca-6a25122d474d@group-896385CD49EE-LeaderElection112] INFO  impl.RoleInfo (RoleInfo.java:updateAndGet(143)) - b32d7882-88db-4fe6-9cca-6a25122d474d: start FollowerState
2019-10-17 02:14:39,178 [Thread-1728] INFO  impl.FollowerState (FollowerState.java:run(108)) - b32d7882-88db-4fe6-9cca-6a25122d474d@group-896385CD49EE-FollowerState: change to CANDIDATE, lastRpcTime:25ms, electionTimeout:25ms
2019-10-17 02:14:39,179 [Thread-1728] INFO  impl.RoleInfo (RoleInfo.java:shutdownFollowerState(121)) - b32d7882-88db-4fe6-9cca-6a25122d474d: shutdown FollowerState
2019-10-17 02:14:39,179 [Thread-1728] INFO  impl.RaftServerImpl (RaftServerImpl.java:setRole(184)) - b32d7882-88db-4fe6-9cca-6a25122d474d@group-896385CD49EE: changes role from  FOLLOWER to CANDIDATE at term 47 for changeToCandidate
2019-10-17 02:14:39,179 [Thread-1728] INFO  impl.RoleInfo (RoleInfo.java:updateAndGet(143)) - b32d7882-88db-4fe6-9cca-6a25122d474d: start LeaderElection
2019-10-17 02:14:39,185 [b32d7882-88db-4fe6-9cca-6a25122d474d@group-896385CD49EE-LeaderElection113] INFO  impl.LeaderElection (LeaderElection.java:askForVotes(178)) - b32d7882-88db-4fe6-9cca-6a25122d474d@group-896385CD49EE-LeaderElection113: begin an election at term 48 for -1: [b32d7882-88db-4fe6-9cca-6a25122d474d:192.168.157.194:42206, 3aea292b-16fb-4e9b-be90-828afa8e8047:192.168.157.194:34569, a6b2ebfb-69a0-457c-b6cd-a50cc148b564:192.168.157.194:37298], old=null
2019-10-17 02:14:39,187 [grpc-default-executor-2] INFO  impl.RaftServerImpl (RaftServerImpl.java:setRole(184)) - a6b2ebfb-69a0-457c-b6cd-a50cc148b564@group-896385CD49EE: changes role from  FOLLOWER to FOLLOWER at term 48 for recognizeCandidate:b32d7882-88db-4fe6-9cca-6a25122d474d
2019-10-17 02:14:39,187 [grpc-default-executor-2] INFO  impl.RoleInfo (RoleInfo.java:shutdownFollowerState(121)) - a6b2ebfb-69a0-457c-b6cd-a50cc148b564: shutdown FollowerState
2019-10-17 02:14:39,188 [grpc-default-executor-2] INFO  impl.RoleInfo (RoleInfo.java:updateAndGet(143)) - a6b2ebfb-69a0-457c-b6cd-a50cc148b564: start FollowerState
2019-10-17 02:14:39,188 [grpc-default-executor-0] INFO  impl.RaftServerImpl (RaftServerImpl.java:setRole(184)) - 3aea292b-16fb-4e9b-be90-828afa8e8047@group-896385CD49EE: changes role from  FOLLOWER to FOLLOWER at term 48 for recognizeCandidate:b32d7882-88db-4fe6-9cca-6a25122d474d
2019-10-17 02:14:39,188 [grpc-default-executor-0] INFO  impl.RoleInfo (RoleInfo.java:shutdownFollowerState(121)) - 3aea292b-16fb-4e9b-be90-828afa8e8047: shutdown FollowerState
2019-10-17 02:14:39,188 [Thread-1726] INFO  impl.FollowerState (FollowerState.java:run(117)) - a6b2ebfb-69a0-457c-b6cd-a50cc148b564@group-896385CD49EE-FollowerState was interrupted: java.lang.InterruptedException: sleep interrupted
2019-10-17 02:14:39,188 [Thread-1727] INFO  impl.FollowerState (FollowerState.java:run(117)) - 3aea292b-16fb-4e9b-be90-828afa8e8047@group-896385CD49EE-FollowerState was interrupted: java.lang.InterruptedException: sleep interrupted
2019-10-17 02:14:39,188 [grpc-default-executor-0] INFO  impl.RoleInfo (RoleInfo.java:updateAndGet(143)) - 3aea292b-16fb-4e9b-be90-828afa8e8047: start FollowerState
2019-10-17 02:14:39,194 [b32d7882-88db-4fe6-9cca-6a25122d474d@group-896385CD49EE-LeaderElection113] INFO  impl.LeaderElection (LeaderElection.java:logAndReturn(56)) - b32d7882-88db-4fe6-9cca-6a25122d474d@group-896385CD49EE-LeaderElection113: Election REJECTED; received 2 response(s) [b32d7882-88db-4fe6-9cca-6a25122d474d<-3aea292b-16fb-4e9b-be90-828afa8e8047#0:FAIL-t48, b32d7882-88db-4fe6-9cca-6a25122d474d<-a6b2ebfb-69a0-457c-b6cd-a50cc148b564#0:FAIL-t48] and 0 exception(s); b32d7882-88db-4fe6-9cca-6a25122d474d@group-896385CD49EE:t48, leader=null, voted=b32d7882-88db-4fe6-9cca-6a25122d474d, raftlog=b32d7882-88db-4fe6-9cca-6a25122d474d@group-896385CD49EE-SegmentedRaftLog:OPENED:c-1,f-1,i0, conf=-1: [b32d7882-88db-4fe6-9cca-6a25122d474d:192.168.157.194:42206, 3aea292b-16fb-4e9b-be90-828afa8e8047:192.168.157.194:34569, a6b2ebfb-69a0-457c-b6cd-a50cc148b564:192.168.157.194:37298], old=null
2019-10-17 02:14:39,194 [b32d7882-88db-4fe6-9cca-6a25122d474d@group-896385CD49EE-LeaderElection113] INFO  impl.RaftServerImpl (RaftServerImpl.java:setRole(184)) - b32d7882-88db-4fe6-9cca-6a25122d474d@group-896385CD49EE: changes role from CANDIDATE to FOLLOWER at term 48 for DISCOVERED_A_NEW_TERM
2019-10-17 02:14:39,194 [b32d7882-88db-4fe6-9cca-6a25122d474d@group-896385CD49EE-LeaderElection113] INFO  impl.RoleInfo (RoleInfo.java:shutdownLeaderElection(134)) - b32d7882-88db-4fe6-9cca-6a25122d474d: shutdown LeaderElection
2019-10-17 02:14:39,194 [b32d7882-88db-4fe6-9cca-6a25122d474d@group-896385CD49EE-LeaderElection113] INFO  impl.RoleInfo (RoleInfo.java:updateAndGet(143)) - b32d7882-88db-4fe6-9cca-6a25122d474d: start FollowerState
2019-10-17 02:14:39,309 [Thread-1734] INFO  impl.FollowerState (FollowerState.java:run(108)) - b32d7882-88db-4fe6-9cca-6a25122d474d@group-896385CD49EE-FollowerState: change to CANDIDATE, lastRpcTime:114ms, electionTimeout:114ms
2019-10-17 02:14:39,309 [Thread-1734] INFO  impl.RoleInfo (RoleInfo.java:shutdownFollowerState(121)) - b32d7882-88db-4fe6-9cca-6a25122d474d: shutdown FollowerState
2019-10-17 02:14:39,309 [Thread-1734] INFO  impl.RaftServerImpl (RaftServerImpl.java:setRole(184)) - b32d7882-88db-4fe6-9cca-6a25122d474d@group-896385CD49EE: changes role from  FOLLOWER to CANDIDATE at term 48 for changeToCandidate
2019-10-17 02:14:39,309 [Thread-1734] INFO  impl.RoleInfo (RoleInfo.java:updateAndGet(143)) - b32d7882-88db-4fe6-9cca-6a25122d474d: start LeaderElection
2019-10-17 02:14:39,324 [b32d7882-88db-4fe6-9cca-6a25122d474d@group-896385CD49EE-LeaderElection114] INFO  impl.LeaderElection (LeaderElection.java:askForVotes(178)) - b32d7882-88db-4fe6-9cca-6a25122d474d@group-896385CD49EE-LeaderElection114: begin an election at term 49 for -1: [b32d7882-88db-4fe6-9cca-6a25122d474d:192.168.157.194:42206, 3aea292b-16fb-4e9b-be90-828afa8e8047:192.168.157.194:34569, a6b2ebfb-69a0-457c-b6cd-a50cc148b564:192.168.157.194:37298], old=null
2019-10-17 02:14:39,327 [grpc-default-executor-0] INFO  impl.RaftServerImpl (RaftServerImpl.java:setRole(184)) - a6b2ebfb-69a0-457c-b6cd-a50cc148b564@group-896385CD49EE: changes role from  FOLLOWER to FOLLOWER at term 49 for recognizeCandidate:b32d7882-88db-4fe6-9cca-6a25122d474d
2019-10-17 02:14:39,327 [grpc-default-executor-0] INFO  impl.RoleInfo (RoleInfo.java:shutdownFollowerState(121)) - a6b2ebfb-69a0-457c-b6cd-a50cc148b564: shutdown FollowerState
2019-10-17 02:14:39,327 [grpc-default-executor-2] INFO  impl.RaftServerImpl (RaftServerImpl.java:setRole(184)) - 3aea292b-16fb-4e9b-be90-828afa8e8047@group-896385CD49EE: changes role from  FOLLOWER to FOLLOWER at term 49 for recognizeCandidate:b32d7882-88db-4fe6-9cca-6a25122d474d
2019-10-17 02:14:39,328 [Thread-1732] INFO  impl.FollowerState (FollowerState.java:run(117)) - a6b2ebfb-69a0-457c-b6cd-a50cc148b564@group-896385CD49EE-FollowerState was interrupted: java.lang.InterruptedException: sleep interrupted
2019-10-17 02:14:39,327 [grpc-default-executor-0] INFO  impl.RoleInfo (RoleInfo.java:updateAndGet(143)) - a6b2ebfb-69a0-457c-b6cd-a50cc148b564: start FollowerState
2019-10-17 02:14:39,328 [grpc-default-executor-2] INFO  impl.RoleInfo (RoleInfo.java:shutdownFollowerState(121)) - 3aea292b-16fb-4e9b-be90-828afa8e8047: shutdown FollowerState
2019-10-17 02:14:39,328 [grpc-default-executor-2] INFO  impl.RoleInfo (RoleInfo.java:updateAndGet(143)) - 3aea292b-16fb-4e9b-be90-828afa8e8047: start FollowerState
2019-10-17 02:14:39,328 [Thread-1733] INFO  impl.FollowerState (FollowerState.java:run(117)) - 3aea292b-16fb-4e9b-be90-828afa8e8047@group-896385CD49EE-FollowerState was interrupted: java.lang.InterruptedException: sleep interrupted
2019-10-17 02:14:39,343 [b32d7882-88db-4fe6-9cca-6a25122d474d@group-896385CD49EE-LeaderElection114] INFO  impl.LeaderElection (LeaderElection.java:logAndReturn(56)) - b32d7882-88db-4fe6-9cca-6a25122d474d@group-896385CD49EE-LeaderElection114: Election REJECTED; received 2 response(s) [b32d7882-88db-4fe6-9cca-6a25122d474d<-3aea292b-16fb-4e9b-be90-828afa8e8047#0:FAIL-t49, b32d7882-88db-4fe6-9cca-6a25122d474d<-a6b2ebfb-69a0-457c-b6cd-a50cc148b564#0:FAIL-t49] and 0 exception(s); b32d7882-88db-4fe6-9cca-6a25122d474d@group-896385CD49EE:t49, leader=null, voted=b32d7882-88db-4fe6-9cca-6a25122d474d, raftlog=b32d7882-88db-4fe6-9cca-6a25122d474d@group-896385CD49EE-SegmentedRaftLog:OPENED:c-1,f-1,i0, conf=-1: [b32d7882-88db-4fe6-9cca-6a25122d474d:192.168.157.194:42206, 3aea292b-16fb-4e9b-be90-828afa8e8047:192.168.157.194:34569, a6b2ebfb-69a0-457c-b6cd-a50cc148b564:192.168.157.194:37298], old=null
2019-10-17 02:14:39,343 [b32d7882-88db-4fe6-9cca-6a25122d474d@group-896385CD49EE-LeaderElection114] INFO  impl.RaftServerImpl (RaftServerImpl.java:setRole(184)) - b32d7882-88db-4fe6-9cca-6a25122d474d@group-896385CD49EE: changes role from CANDIDATE to FOLLOWER at term 49 for DISCOVERED_A_NEW_TERM
2019-10-17 02:14:39,343 [b32d7882-88db-4fe6-9cca-6a25122d474d@group-896385CD49EE-LeaderElection114] INFO  impl.RoleInfo (RoleInfo.java:shutdownLeaderElection(134)) - b32d7882-88db-4fe6-9cca-6a25122d474d: shutdown LeaderElection
2019-10-17 02:14:39,343 [b32d7882-88db-4fe6-9cca-6a25122d474d@group-896385CD49EE-LeaderElection114] INFO  impl.RoleInfo (RoleInfo.java:updateAndGet(143)) - b32d7882-88db-4fe6-9cca-6a25122d474d: start FollowerState
2019-10-17 02:14:39,519 [Thread-1740] INFO  impl.FollowerState (FollowerState.java:run(108)) - b32d7882-88db-4fe6-9cca-6a25122d474d@group-896385CD49EE-FollowerState: change to CANDIDATE, lastRpcTime:175ms, electionTimeout:175ms
2019-10-17 02:14:39,519 [Thread-1740] INFO  impl.RoleInfo (RoleInfo.java:shutdownFollowerState(121)) - b32d7882-88db-4fe6-9cca-6a25122d474d: shutdown FollowerState
2019-10-17 02:14:39,519 [Thread-1740] INFO  impl.RaftServerImpl (RaftServerImpl.java:setRole(184)) - b32d7882-88db-4fe6-9cca-6a25122d474d@group-896385CD49EE: changes role from  FOLLOWER to CANDIDATE at term 49 for changeToCandidate
2019-10-17 02:14:39,519 [Thread-1740] INFO  impl.RoleInfo (RoleInfo.java:updateAndGet(143)) - b32d7882-88db-4fe6-9cca-6a25122d474d: start LeaderElection
2019-10-17 02:14:39,533 [b32d7882-88db-4fe6-9cca-6a25122d474d@group-896385CD49EE-LeaderElection115] INFO  impl.LeaderElection (LeaderElection.java:askForVotes(178)) - b32d7882-88db-4fe6-9cca-6a25122d474d@group-896385CD49EE-LeaderElection115: begin an election at term 50 for -1: [b32d7882-88db-4fe6-9cca-6a25122d474d:192.168.157.194:42206, 3aea292b-16fb-4e9b-be90-828afa8e8047:192.168.157.194:34569, a6b2ebfb-69a0-457c-b6cd-a50cc148b564:192.168.157.194:37298], old=null
2019-10-17 02:14:39,536 [grpc-default-executor-2] INFO  impl.RaftServerImpl (RaftServerImpl.java:setRole(184)) - a6b2ebfb-69a0-457c-b6cd-a50cc148b564@group-896385CD49EE: changes role from  FOLLOWER to FOLLOWER at term 50 for recognizeCandidate:b32d7882-88db-4fe6-9cca-6a25122d474d
2019-10-17 02:14:39,536 [grpc-default-executor-2] INFO  impl.RoleInfo (RoleInfo.java:shutdownFollowerState(121)) - a6b2ebfb-69a0-457c-b6cd-a50cc148b564: shutdown FollowerState
2019-10-17 02:14:39,536 [grpc-default-executor-0] INFO  impl.RaftServerImpl (RaftServerImpl.java:setRole(184)) - 3aea292b-16fb-4e9b-be90-828afa8e8047@group-896385CD49EE: changes role from  FOLLOWER to FOLLOWER at term 50 for recognizeCandidate:b32d7882-88db-4fe6-9cca-6a25122d474d
2019-10-17 02:14:39,536 [Thread-1738] INFO  impl.FollowerState (FollowerState.java:run(117)) - a6b2ebfb-69a0-457c-b6cd-a50cc148b564@group-896385CD49EE-FollowerState was interrupted: java.lang.InterruptedException: sleep interrupted
2019-10-17 02:14:39,536 [grpc-default-executor-2] INFO  impl.RoleInfo (RoleInfo.java:updateAndGet(143)) - a6b2ebfb-69a0-457c-b6cd-a50cc148b564: start FollowerState
2019-10-17 02:14:39,536 [grpc-default-executor-0] INFO  impl.RoleInfo (RoleInfo.java:shutdownFollowerState(121)) - 3aea292b-16fb-4e9b-be90-828afa8e8047: shutdown FollowerState
2019-10-17 02:14:39,537 [grpc-default-executor-0] INFO  impl.RoleInfo (RoleInfo.java:updateAndGet(143)) - 3aea292b-16fb-4e9b-be90-828afa8e8047: start FollowerState
2019-10-17 02:14:39,537 [Thread-1739] INFO  impl.FollowerState (FollowerState.java:run(117)) - 3aea292b-16fb-4e9b-be90-828afa8e8047@group-896385CD49EE-FollowerState was interrupted: java.lang.InterruptedException: sleep interrupted
2019-10-17 02:14:39,554 [b32d7882-88db-4fe6-9cca-6a25122d474d@group-896385CD49EE-LeaderElection115] INFO  impl.LeaderElection (LeaderElection.java:logAndReturn(56)) - b32d7882-88db-4fe6-9cca-6a25122d474d@group-896385CD49EE-LeaderElection115: Election REJECTED; received 2 response(s) [b32d7882-88db-4fe6-9cca-6a25122d474d<-3aea292b-16fb-4e9b-be90-828afa8e8047#0:FAIL-t50, b32d7882-88db-4fe6-9cca-6a25122d474d<-a6b2ebfb-69a0-457c-b6cd-a50cc148b564#0:FAIL-t50] and 0 exception(s); b32d7882-88db-4fe6-9cca-6a25122d474d@group-896385CD49EE:t50, leader=null, voted=b32d7882-88db-4fe6-9cca-6a25122d474d, raftlog=b32d7882-88db-4fe6-9cca-6a25122d474d@group-896385CD49EE-SegmentedRaftLog:OPENED:c-1,f-1,i0, conf=-1: [b32d7882-88db-4fe6-9cca-6a25122d474d:192.168.157.194:42206, 3aea292b-16fb-4e9b-be90-828afa8e8047:192.168.157.194:34569, a6b2ebfb-69a0-457c-b6cd-a50cc148b564:192.168.157.194:37298], old=null
2019-10-17 02:14:39,554 [b32d7882-88db-4fe6-9cca-6a25122d474d@group-896385CD49EE-LeaderElection115] INFO  impl.RaftServerImpl (RaftServerImpl.java:setRole(184)) - b32d7882-88db-4fe6-9cca-6a25122d474d@group-896385CD49EE: changes role from CANDIDATE to FOLLOWER at term 50 for DISCOVERED_A_NEW_TERM
2019-10-17 02:14:39,554 [b32d7882-88db-4fe6-9cca-6a25122d474d@group-896385CD49EE-LeaderElection115] INFO  impl.RoleInfo (RoleInfo.java:shutdownLeaderElection(134)) - b32d7882-88db-4fe6-9cca-6a25122d474d: shutdown LeaderElection
2019-10-17 02:14:39,554 [b32d7882-88db-4fe6-9cca-6a25122d474d@group-896385CD49EE-LeaderElection115] INFO  impl.RoleInfo (RoleInfo.java:updateAndGet(143)) - b32d7882-88db-4fe6-9cca-6a25122d474d: start FollowerState
2019-10-17 02:14:39,587 [Thread-1746] INFO  impl.FollowerState (FollowerState.java:run(108)) - b32d7882-88db-4fe6-9cca-6a25122d474d@group-896385CD49EE-FollowerState: change to CANDIDATE, lastRpcTime:32ms, electionTimeout:32ms
2019-10-17 02:14:39,587 [Thread-1746] INFO  impl.RoleInfo (RoleInfo.java:shutdownFollowerState(121)) - b32d7882-88db-4fe6-9cca-6a25122d474d: shutdown FollowerState
2019-10-17 02:14:39,587 [Thread-1746] INFO  impl.RaftServerImpl (RaftServerImpl.java:setRole(184)) - b32d7882-88db-4fe6-9cca-6a25122d474d@group-896385CD49EE: changes role from  FOLLOWER to CANDIDATE at term 50 for changeToCandidate
2019-10-17 02:14:39,587 [Thread-1746] INFO  impl.RoleInfo (RoleInfo.java:updateAndGet(143)) - b32d7882-88db-4fe6-9cca-6a25122d474d: start LeaderElection
2019-10-17 02:14:39,601 [b32d7882-88db-4fe6-9cca-6a25122d474d@group-896385CD49EE-LeaderElection116] INFO  impl.LeaderElection (LeaderElection.java:askForVotes(178)) - b32d7882-88db-4fe6-9cca-6a25122d474d@group-896385CD49EE-LeaderElection116: begin an election at term 51 for -1: [b32d7882-88db-4fe6-9cca-6a25122d474d:192.168.157.194:42206, 3aea292b-16fb-4e9b-be90-828afa8e8047:192.168.157.194:34569, a6b2ebfb-69a0-457c-b6cd-a50cc148b564:192.168.157.194:37298], old=null
2019-10-17 02:14:39,603 [grpc-default-executor-2] INFO  impl.RaftServerImpl (RaftServerImpl.java:setRole(184)) - a6b2ebfb-69a0-457c-b6cd-a50cc148b564@group-896385CD49EE: changes role from  FOLLOWER to FOLLOWER at term 51 for recognizeCandidate:b32d7882-88db-4fe6-9cca-6a25122d474d
2019-10-17 02:14:39,603 [grpc-default-executor-0] INFO  impl.RaftServerImpl (RaftServerImpl.java:setRole(184)) - 3aea292b-16fb-4e9b-be90-828afa8e8047@group-896385CD49EE: changes role from  FOLLOWER to FOLLOWER at term 51 for recognizeCandidate:b32d7882-88db-4fe6-9cca-6a25122d474d
2019-10-17 02:14:39,603 [grpc-default-executor-0] INFO  impl.RoleInfo (RoleInfo.java:shutdownFollowerState(121)) - 3aea292b-16fb-4e9b-be90-828afa8e8047: shutdown FollowerState
2019-10-17 02:14:39,603 [grpc-default-executor-2] INFO  impl.RoleInfo (RoleInfo.java:shutdownFollowerState(121)) - a6b2ebfb-69a0-457c-b6cd-a50cc148b564: shutdown FollowerState
2019-10-17 02:14:39,604 [grpc-default-executor-2] INFO  impl.RoleInfo (RoleInfo.java:updateAndGet(143)) - a6b2ebfb-69a0-457c-b6cd-a50cc148b564: start FollowerState
2019-10-17 02:14:39,604 [Thread-1745] INFO  impl.FollowerState (FollowerState.java:run(117)) - 3aea292b-16fb-4e9b-be90-828afa8e8047@group-896385CD49EE-FollowerState was interrupted: java.lang.InterruptedException: sleep interrupted
2019-10-17 02:14:39,603 [grpc-default-executor-0] INFO  impl.RoleInfo (RoleInfo.java:updateAndGet(143)) - 3aea292b-16fb-4e9b-be90-828afa8e8047: start FollowerState
2019-10-17 02:14:39,604 [Thread-1744] INFO  impl.FollowerState (FollowerState.java:run(117)) - a6b2ebfb-69a0-457c-b6cd-a50cc148b564@group-896385CD49EE-FollowerState was interrupted: java.lang.InterruptedException: sleep interrupted
2019-10-17 02:14:39,619 [b32d7882-88db-4fe6-9cca-6a25122d474d@group-896385CD49EE-LeaderElection116] INFO  impl.LeaderElection (LeaderElection.java:logAndReturn(56)) - b32d7882-88db-4fe6-9cca-6a25122d474d@group-896385CD49EE-LeaderElection116: Election REJECTED; received 2 response(s) [b32d7882-88db-4fe6-9cca-6a25122d474d<-3aea292b-16fb-4e9b-be90-828afa8e8047#0:FAIL-t51, b32d7882-88db-4fe6-9cca-6a25122d474d<-a6b2ebfb-69a0-457c-b6cd-a50cc148b564#0:FAIL-t51] and 0 exception(s); b32d7882-88db-4fe6-9cca-6a25122d474d@group-896385CD49EE:t51, leader=null, voted=b32d7882-88db-4fe6-9cca-6a25122d474d, raftlog=b32d7882-88db-4fe6-9cca-6a25122d474d@group-896385CD49EE-SegmentedRaftLog:OPENED:c-1,f-1,i0, conf=-1: [b32d7882-88db-4fe6-9cca-6a25122d474d:192.168.157.194:42206, 3aea292b-16fb-4e9b-be90-828afa8e8047:192.168.157.194:34569, a6b2ebfb-69a0-457c-b6cd-a50cc148b564:192.168.157.194:37298], old=null
2019-10-17 02:14:39,619 [b32d7882-88db-4fe6-9cca-6a25122d474d@group-896385CD49EE-LeaderElection116] INFO  impl.RaftServerImpl (RaftServerImpl.java:setRole(184)) - b32d7882-88db-4fe6-9cca-6a25122d474d@group-896385CD49EE: changes role from CANDIDATE to FOLLOWER at term 51 for DISCOVERED_A_NEW_TERM
2019-10-17 02:14:39,619 [b32d7882-88db-4fe6-9cca-6a25122d474d@group-896385CD49EE-LeaderElection116] INFO  impl.RoleInfo (RoleInfo.java:shutdownLeaderElection(134)) - b32d7882-88db-4fe6-9cca-6a25122d474d: shutdown LeaderElection
2019-10-17 02:14:39,619 [b32d7882-88db-4fe6-9cca-6a25122d474d@group-896385CD49EE-LeaderElection116] INFO  impl.RoleInfo (RoleInfo.java:updateAndGet(143)) - b32d7882-88db-4fe6-9cca-6a25122d474d: start FollowerState
2019-10-17 02:14:39,755 [Thread-1752] INFO  impl.FollowerState (FollowerState.java:run(108)) - b32d7882-88db-4fe6-9cca-6a25122d474d@group-896385CD49EE-FollowerState: change to CANDIDATE, lastRpcTime:135ms, electionTimeout:135ms
2019-10-17 02:14:39,755 [Thread-1752] INFO  impl.RoleInfo (RoleInfo.java:shutdownFollowerState(121)) - b32d7882-88db-4fe6-9cca-6a25122d474d: shutdown FollowerState
2019-10-17 02:14:39,755 [Thread-1752] INFO  impl.RaftServerImpl (RaftServerImpl.java:setRole(184)) - b32d7882-88db-4fe6-9cca-6a25122d474d@group-896385CD49EE: changes role from  FOLLOWER to CANDIDATE at term 51 for changeToCandidate
2019-10-17 02:14:39,755 [Thread-1752] INFO  impl.RoleInfo (RoleInfo.java:updateAndGet(143)) - b32d7882-88db-4fe6-9cca-6a25122d474d: start LeaderElection
2019-10-17 02:14:39,768 [b32d7882-88db-4fe6-9cca-6a25122d474d@group-896385CD49EE-LeaderElection117] INFO  impl.LeaderElection (LeaderElection.java:askForVotes(178)) - b32d7882-88db-4fe6-9cca-6a25122d474d@group-896385CD49EE-LeaderElection117: begin an election at term 52 for -1: [b32d7882-88db-4fe6-9cca-6a25122d474d:192.168.157.194:42206, 3aea292b-16fb-4e9b-be90-828afa8e8047:192.168.157.194:34569, a6b2ebfb-69a0-457c-b6cd-a50cc148b564:192.168.157.194:37298], old=null
2019-10-17 02:14:39,771 [grpc-default-executor-0] INFO  impl.RaftServerImpl (RaftServerImpl.java:setRole(184)) - 3aea292b-16fb-4e9b-be90-828afa8e8047@group-896385CD49EE: changes role from  FOLLOWER to FOLLOWER at term 52 for recognizeCandidate:b32d7882-88db-4fe6-9cca-6a25122d474d
2019-10-17 02:14:39,771 [grpc-default-executor-2] INFO  impl.RaftServerImpl (RaftServerImpl.java:setRole(184)) - a6b2ebfb-69a0-457c-b6cd-a50cc148b564@group-896385CD49EE: changes role from  FOLLOWER to FOLLOWER at term 52 for recognizeCandidate:b32d7882-88db-4fe6-9cca-6a25122d474d
2019-10-17 02:14:39,771 [grpc-default-executor-2] INFO  impl.RoleInfo (RoleInfo.java:shutdownFollowerState(121)) - a6b2ebfb-69a0-457c-b6cd-a50cc148b564: shutdown FollowerState
2019-10-17 02:14:39,771 [grpc-default-executor-0] INFO  impl.RoleInfo (RoleInfo.java:shutdownFollowerState(121)) - 3aea292b-16fb-4e9b-be90-828afa8e8047: shutdown FollowerState
2019-10-17 02:14:39,771 [Thread-1751] INFO  impl.FollowerState (FollowerState.java:run(117)) - a6b2ebfb-69a0-457c-b6cd-a50cc148b564@group-896385CD49EE-FollowerState was interrupted: java.lang.InterruptedException: sleep interrupted
2019-10-17 02:14:39,771 [grpc-default-executor-2] INFO  impl.RoleInfo (RoleInfo.java:updateAndGet(143)) - a6b2ebfb-69a0-457c-b6cd-a50cc148b564: start FollowerState
2019-10-17 02:14:39,771 [Thread-1750] INFO  impl.FollowerState (FollowerState.java:run(117)) - 3aea292b-16fb-4e9b-be90-828afa8e8047@group-896385CD49EE-FollowerState was interrupted: java.lang.InterruptedException: sleep interrupted
2019-10-17 02:14:39,771 [grpc-default-executor-0] INFO  impl.RoleInfo (RoleInfo.java:updateAndGet(143)) - 3aea292b-16fb-4e9b-be90-828afa8e8047: start FollowerState
2019-10-17 02:14:39,785 [b32d7882-88db-4fe6-9cca-6a25122d474d@group-896385CD49EE-LeaderElection117] INFO  impl.LeaderElection (LeaderElection.java:logAndReturn(56)) - b32d7882-88db-4fe6-9cca-6a25122d474d@group-896385CD49EE-LeaderElection117: Election REJECTED; received 2 response(s) [b32d7882-88db-4fe6-9cca-6a25122d474d<-3aea292b-16fb-4e9b-be90-828afa8e8047#0:FAIL-t52, b32d7882-88db-4fe6-9cca-6a25122d474d<-a6b2ebfb-69a0-457c-b6cd-a50cc148b564#0:FAIL-t52] and 0 exception(s); b32d7882-88db-4fe6-9cca-6a25122d474d@group-896385CD49EE:t52, leader=null, voted=b32d7882-88db-4fe6-9cca-6a25122d474d, raftlog=b32d7882-88db-4fe6-9cca-6a25122d474d@group-896385CD49EE-SegmentedRaftLog:OPENED:c-1,f-1,i0, conf=-1: [b32d7882-88db-4fe6-9cca-6a25122d474d:192.168.157.194:42206, 3aea292b-16fb-4e9b-be90-828afa8e8047:192.168.157.194:34569, a6b2ebfb-69a0-457c-b6cd-a50cc148b564:192.168.157.194:37298], old=null
2019-10-17 02:14:39,786 [b32d7882-88db-4fe6-9cca-6a25122d474d@group-896385CD49EE-LeaderElection117] INFO  impl.RaftServerImpl (RaftServerImpl.java:setRole(184)) - b32d7882-88db-4fe6-9cca-6a25122d474d@group-896385CD49EE: changes role from CANDIDATE to FOLLOWER at term 52 for DISCOVERED_A_NEW_TERM
2019-10-17 02:14:39,786 [b32d7882-88db-4fe6-9cca-6a25122d474d@group-896385CD49EE-LeaderElection117] INFO  impl.RoleInfo (RoleInfo.java:shutdownLeaderElection(134)) - b32d7882-88db-4fe6-9cca-6a25122d474d: shutdown LeaderElection
2019-10-17 02:14:39,786 [b32d7882-88db-4fe6-9cca-6a25122d474d@group-896385CD49EE-LeaderElection117] INFO  impl.RoleInfo (RoleInfo.java:updateAndGet(143)) - b32d7882-88db-4fe6-9cca-6a25122d474d: start FollowerState
2019-10-17 02:14:39,790 [Thread-1758] INFO  impl.FollowerState (FollowerState.java:run(108)) - b32d7882-88db-4fe6-9cca-6a25122d474d@group-896385CD49EE-FollowerState: change to CANDIDATE, lastRpcTime:3ms, electionTimeout:3ms
2019-10-17 02:14:39,790 [Thread-1758] INFO  impl.RoleInfo (RoleInfo.java:shutdownFollowerState(121)) - b32d7882-88db-4fe6-9cca-6a25122d474d: shutdown FollowerState
2019-10-17 02:14:39,790 [Thread-1758] INFO  impl.RaftServerImpl (RaftServerImpl.java:setRole(184)) - b32d7882-88db-4fe6-9cca-6a25122d474d@group-896385CD49EE: changes role from  FOLLOWER to CANDIDATE at term 52 for changeToCandidate
2019-10-17 02:14:39,790 [Thread-1758] INFO  impl.RoleInfo (RoleInfo.java:updateAndGet(143)) - b32d7882-88db-4fe6-9cca-6a25122d474d: start LeaderElection
2019-10-17 02:14:39,799 [b32d7882-88db-4fe6-9cca-6a25122d474d@group-896385CD49EE-LeaderElection118] INFO  impl.LeaderElection (LeaderElection.java:askForVotes(178)) - b32d7882-88db-4fe6-9cca-6a25122d474d@group-896385CD49EE-LeaderElection118: begin an election at term 53 for -1: [b32d7882-88db-4fe6-9cca-6a25122d474d:192.168.157.194:42206, 3aea292b-16fb-4e9b-be90-828afa8e8047:192.168.157.194:34569, a6b2ebfb-69a0-457c-b6cd-a50cc148b564:192.168.157.194:37298], old=null
2019-10-17 02:14:39,801 [grpc-default-executor-0] INFO  impl.RaftServerImpl (RaftServerImpl.java:setRole(184)) - a6b2ebfb-69a0-457c-b6cd-a50cc148b564@group-896385CD49EE: changes role from  FOLLOWER to FOLLOWER at term 53 for recognizeCandidate:b32d7882-88db-4fe6-9cca-6a25122d474d
2019-10-17 02:14:39,801 [grpc-default-executor-2] INFO  impl.RaftServerImpl (RaftServerImpl.java:setRole(184)) - 3aea292b-16fb-4e9b-be90-828afa8e8047@group-896385CD49EE: changes role from  FOLLOWER to FOLLOWER at term 53 for recognizeCandidate:b32d7882-88db-4fe6-9cca-6a25122d474d
2019-10-17 02:14:39,801 [grpc-default-executor-0] INFO  impl.RoleInfo (RoleInfo.java:shutdownFollowerState(121)) - a6b2ebfb-69a0-457c-b6cd-a50cc148b564: shutdown FollowerState
2019-10-17 02:14:39,801 [grpc-default-executor-2] INFO  impl.RoleInfo (RoleInfo.java:shutdownFollowerState(121)) - 3aea292b-16fb-4e9b-be90-828afa8e8047: shutdown FollowerState
2019-10-17 02:14:39,801 [grpc-default-executor-0] INFO  impl.RoleInfo (RoleInfo.java:updateAndGet(143)) - a6b2ebfb-69a0-457c-b6cd-a50cc148b564: start FollowerState
2019-10-17 02:14:39,801 [grpc-default-executor-2] INFO  impl.RoleInfo (RoleInfo.java:updateAndGet(143)) - 3aea292b-16fb-4e9b-be90-828afa8e8047: start FollowerState
2019-10-17 02:14:39,801 [Thread-1756] INFO  impl.FollowerState (FollowerState.java:run(117)) - a6b2ebfb-69a0-457c-b6cd-a50cc148b564@group-896385CD49EE-FollowerState was interrupted: java.lang.InterruptedException: sleep interrupted
2019-10-17 02:14:39,801 [Thread-1757] INFO  impl.FollowerState (FollowerState.java:run(117)) - 3aea292b-16fb-4e9b-be90-828afa8e8047@group-896385CD49EE-FollowerState was interrupted: java.lang.InterruptedException: sleep interrupted
2019-10-17 02:14:39,813 [b32d7882-88db-4fe6-9cca-6a25122d474d@group-896385CD49EE-LeaderElection118] INFO  impl.LeaderElection (LeaderElection.java:logAndReturn(56)) - b32d7882-88db-4fe6-9cca-6a25122d474d@group-896385CD49EE-LeaderElection118: Election REJECTED; received 2 response(s) [b32d7882-88db-4fe6-9cca-6a25122d474d<-3aea292b-16fb-4e9b-be90-828afa8e8047#0:FAIL-t53, b32d7882-88db-4fe6-9cca-6a25122d474d<-a6b2ebfb-69a0-457c-b6cd-a50cc148b564#0:FAIL-t53] and 0 exception(s); b32d7882-88db-4fe6-9cca-6a25122d474d@group-896385CD49EE:t53, leader=null, voted=b32d7882-88db-4fe6-9cca-6a25122d474d, raftlog=b32d7882-88db-4fe6-9cca-6a25122d474d@group-896385CD49EE-SegmentedRaftLog:OPENED:c-1,f-1,i0, conf=-1: [b32d7882-88db-4fe6-9cca-6a25122d474d:192.168.157.194:42206, 3aea292b-16fb-4e9b-be90-828afa8e8047:192.168.157.194:34569, a6b2ebfb-69a0-457c-b6cd-a50cc148b564:192.168.157.194:37298], old=null
2019-10-17 02:14:39,813 [b32d7882-88db-4fe6-9cca-6a25122d474d@group-896385CD49EE-LeaderElection118] INFO  impl.RaftServerImpl (RaftServerImpl.java:setRole(184)) - b32d7882-88db-4fe6-9cca-6a25122d474d@group-896385CD49EE: changes role from CANDIDATE to FOLLOWER at term 53 for DISCOVERED_A_NEW_TERM
2019-10-17 02:14:39,813 [b32d7882-88db-4fe6-9cca-6a25122d474d@group-896385CD49EE-LeaderElection118] INFO  impl.RoleInfo (RoleInfo.java:shutdownLeaderElection(134)) - b32d7882-88db-4fe6-9cca-6a25122d474d: shutdown LeaderElection
2019-10-17 02:14:39,813 [b32d7882-88db-4fe6-9cca-6a25122d474d@group-896385CD49EE-LeaderElection118] INFO  impl.RoleInfo (RoleInfo.java:updateAndGet(143)) - b32d7882-88db-4fe6-9cca-6a25122d474d: start FollowerState
2019-10-17 02:14:39,824 [Thread-1764] INFO  impl.FollowerState (FollowerState.java:run(108)) - b32d7882-88db-4fe6-9cca-6a25122d474d@group-896385CD49EE-FollowerState: change to CANDIDATE, lastRpcTime:10ms, electionTimeout:10ms
2019-10-17 02:14:39,824 [Thread-1764] INFO  impl.RoleInfo (RoleInfo.java:shutdownFollowerState(121)) - b32d7882-88db-4fe6-9cca-6a25122d474d: shutdown FollowerState
2019-10-17 02:14:39,824 [Thread-1764] INFO  impl.RaftServerImpl (RaftServerImpl.java:setRole(184)) - b32d7882-88db-4fe6-9cca-6a25122d474d@group-896385CD49EE: changes role from  FOLLOWER to CANDIDATE at term 53 for changeToCandidate
2019-10-17 02:14:39,824 [Thread-1764] INFO  impl.RoleInfo (RoleInfo.java:updateAndGet(143)) - b32d7882-88db-4fe6-9cca-6a25122d474d: start LeaderElection
2019-10-17 02:14:39,837 [b32d7882-88db-4fe6-9cca-6a25122d474d@group-896385CD49EE-LeaderElection119] INFO  impl.LeaderElection (LeaderElection.java:askForVotes(178)) - b32d7882-88db-4fe6-9cca-6a25122d474d@group-896385CD49EE-LeaderElection119: begin an election at term 54 for -1: [b32d7882-88db-4fe6-9cca-6a25122d474d:192.168.157.194:42206, 3aea292b-16fb-4e9b-be90-828afa8e8047:192.168.157.194:34569, a6b2ebfb-69a0-457c-b6cd-a50cc148b564:192.168.157.194:37298], old=null
2019-10-17 02:14:39,840 [grpc-default-executor-0] INFO  impl.RaftServerImpl (RaftServerImpl.java:setRole(184)) - 3aea292b-16fb-4e9b-be90-828afa8e8047@group-896385CD49EE: changes role from  FOLLOWER to FOLLOWER at term 54 for recognizeCandidate:b32d7882-88db-4fe6-9cca-6a25122d474d
2019-10-17 02:14:39,840 [grpc-default-executor-0] INFO  impl.RoleInfo (RoleInfo.java:shutdownFollowerState(121)) - 3aea292b-16fb-4e9b-be90-828afa8e8047: shutdown FollowerState
2019-10-17 02:14:39,840 [grpc-default-executor-0] INFO  impl.RoleInfo (RoleInfo.java:updateAndGet(143)) - 3aea292b-16fb-4e9b-be90-828afa8e8047: start FollowerState
2019-10-17 02:14:39,840 [Thread-1763] INFO  impl.FollowerState (FollowerState.java:run(117)) - 3aea292b-16fb-4e9b-be90-828afa8e8047@group-896385CD49EE-FollowerState was interrupted: java.lang.InterruptedException: sleep interrupted
2019-10-17 02:14:39,840 [grpc-default-executor-2] INFO  impl.RaftServerImpl (RaftServerImpl.java:setRole(184)) - a6b2ebfb-69a0-457c-b6cd-a50cc148b564@group-896385CD49EE: changes role from  FOLLOWER to FOLLOWER at term 54 for recognizeCandidate:b32d7882-88db-4fe6-9cca-6a25122d474d
2019-10-17 02:14:39,840 [grpc-default-executor-2] INFO  impl.RoleInfo (RoleInfo.java:shutdownFollowerState(121)) - a6b2ebfb-69a0-457c-b6cd-a50cc148b564: shutdown FollowerState
2019-10-17 02:14:39,841 [grpc-default-executor-2] INFO  impl.RoleInfo (RoleInfo.java:updateAndGet(143)) - a6b2ebfb-69a0-457c-b6cd-a50cc148b564: start FollowerState
2019-10-17 02:14:39,841 [Thread-1762] INFO  impl.FollowerState (FollowerState.java:run(117)) - a6b2ebfb-69a0-457c-b6cd-a50cc148b564@group-896385CD49EE-FollowerState was interrupted: java.lang.InterruptedException: sleep interrupted
2019-10-17 02:14:39,854 [b32d7882-88db-4fe6-9cca-6a25122d474d@group-896385CD49EE-LeaderElection119] INFO  impl.LeaderElection (LeaderElection.java:logAndReturn(56)) - b32d7882-88db-4fe6-9cca-6a25122d474d@group-896385CD49EE-LeaderElection119: Election REJECTED; received 2 response(s) [b32d7882-88db-4fe6-9cca-6a25122d474d<-3aea292b-16fb-4e9b-be90-828afa8e8047#0:FAIL-t54, b32d7882-88db-4fe6-9cca-6a25122d474d<-a6b2ebfb-69a0-457c-b6cd-a50cc148b564#0:FAIL-t54] and 0 exception(s); b32d7882-88db-4fe6-9cca-6a25122d474d@group-896385CD49EE:t54, leader=null, voted=b32d7882-88db-4fe6-9cca-6a25122d474d, raftlog=b32d7882-88db-4fe6-9cca-6a25122d474d@group-896385CD49EE-SegmentedRaftLog:OPENED:c-1,f-1,i0, conf=-1: [b32d7882-88db-4fe6-9cca-6a25122d474d:192.168.157.194:42206, 3aea292b-16fb-4e9b-be90-828afa8e8047:192.168.157.194:34569, a6b2ebfb-69a0-457c-b6cd-a50cc148b564:192.168.157.194:37298], old=null
2019-10-17 02:14:39,855 [b32d7882-88db-4fe6-9cca-6a25122d474d@group-896385CD49EE-LeaderElection119] INFO  impl.RaftServerImpl (RaftServerImpl.java:setRole(184)) - b32d7882-88db-4fe6-9cca-6a25122d474d@group-896385CD49EE: changes role from CANDIDATE to FOLLOWER at term 54 for DISCOVERED_A_NEW_TERM
2019-10-17 02:14:39,855 [b32d7882-88db-4fe6-9cca-6a25122d474d@group-896385CD49EE-LeaderElection119] INFO  impl.RoleInfo (RoleInfo.java:shutdownLeaderElection(134)) - b32d7882-88db-4fe6-9cca-6a25122d474d: shutdown LeaderElection
2019-10-17 02:14:39,855 [b32d7882-88db-4fe6-9cca-6a25122d474d@group-896385CD49EE-LeaderElection119] INFO  impl.RoleInfo (RoleInfo.java:updateAndGet(143)) - b32d7882-88db-4fe6-9cca-6a25122d474d: start FollowerState
2019-10-17 02:14:39,930 [Thread-1770] INFO  impl.FollowerState (FollowerState.java:run(108)) - b32d7882-88db-4fe6-9cca-6a25122d474d@group-896385CD49EE-FollowerState: change to CANDIDATE, lastRpcTime:75ms, electionTimeout:75ms
2019-10-17 02:14:39,930 [Thread-1770] INFO  impl.RoleInfo (RoleInfo.java:shutdownFollowerState(121)) - b32d7882-88db-4fe6-9cca-6a25122d474d: shutdown FollowerState
2019-10-17 02:14:39,931 [Thread-1770] INFO  impl.RaftServerImpl (RaftServerImpl.java:setRole(184)) - b32d7882-88db-4fe6-9cca-6a25122d474d@group-896385CD49EE: changes role from  FOLLOWER to CANDIDATE at term 54 for changeToCandidate
2019-10-17 02:14:39,931 [Thread-1770] INFO  impl.RoleInfo (RoleInfo.java:updateAndGet(143)) - b32d7882-88db-4fe6-9cca-6a25122d474d: start LeaderElection
2019-10-17 02:14:39,944 [b32d7882-88db-4fe6-9cca-6a25122d474d@group-896385CD49EE-LeaderElection120] INFO  impl.LeaderElection (LeaderElection.java:askForVotes(178)) - b32d7882-88db-4fe6-9cca-6a25122d474d@group-896385CD49EE-LeaderElection120: begin an election at term 55 for -1: [b32d7882-88db-4fe6-9cca-6a25122d474d:192.168.157.194:42206, 3aea292b-16fb-4e9b-be90-828afa8e8047:192.168.157.194:34569, a6b2ebfb-69a0-457c-b6cd-a50cc148b564:192.168.157.194:37298], old=null
2019-10-17 02:14:39,948 [grpc-default-executor-0] INFO  impl.RaftServerImpl (RaftServerImpl.java:setRole(184)) - a6b2ebfb-69a0-457c-b6cd-a50cc148b564@group-896385CD49EE: changes role from  FOLLOWER to FOLLOWER at term 55 for recognizeCandidate:b32d7882-88db-4fe6-9cca-6a25122d474d
2019-10-17 02:14:39,948 [grpc-default-executor-0] INFO  impl.RoleInfo (RoleInfo.java:shutdownFollowerState(121)) - a6b2ebfb-69a0-457c-b6cd-a50cc148b564: shutdown FollowerState
2019-10-17 02:14:39,948 [grpc-default-executor-2] INFO  impl.RaftServerImpl (RaftServerImpl.java:setRole(184)) - 3aea292b-16fb-4e9b-be90-828afa8e8047@group-896385CD49EE: changes role from  FOLLOWER to FOLLOWER at term 55 for recognizeCandidate:b32d7882-88db-4fe6-9cca-6a25122d474d
2019-10-17 02:14:39,948 [Thread-1769] INFO  impl.FollowerState (FollowerState.java:run(117)) - a6b2ebfb-69a0-457c-b6cd-a50cc148b564@group-896385CD49EE-FollowerState was interrupted: java.lang.InterruptedException: sleep interrupted
2019-10-17 02:14:39,948 [grpc-default-executor-0] INFO  impl.RoleInfo (RoleInfo.java:updateAndGet(143)) - a6b2ebfb-69a0-457c-b6cd-a50cc148b564: start FollowerState
2019-10-17 02:14:39,948 [grpc-default-executor-2] INFO  impl.RoleInfo (RoleInfo.java:shutdownFollowerState(121)) - 3aea292b-16fb-4e9b-be90-828afa8e8047: shutdown FollowerState
2019-10-17 02:14:39,949 [grpc-default-executor-2] INFO  impl.RoleInfo (RoleInfo.java:updateAndGet(143)) - 3aea292b-16fb-4e9b-be90-828afa8e8047: start FollowerState
2019-10-17 02:14:39,949 [Thread-1768] INFO  impl.FollowerState (FollowerState.java:run(117)) - 3aea292b-16fb-4e9b-be90-828afa8e8047@group-896385CD49EE-FollowerState was interrupted: java.lang.InterruptedException: sleep interrupted
2019-10-17 02:14:39,957 [b32d7882-88db-4fe6-9cca-6a25122d474d@group-896385CD49EE-LeaderElection120] INFO  impl.LeaderElection (LeaderElection.java:logAndReturn(56)) - b32d7882-88db-4fe6-9cca-6a25122d474d@group-896385CD49EE-LeaderElection120: Election TIMEOUT; received 0 response(s) [] and 0 exception(s); b32d7882-88db-4fe6-9cca-6a25122d474d@group-896385CD49EE:t55, leader=null, voted=b32d7882-88db-4fe6-9cca-6a25122d474d, raftlog=b32d7882-88db-4fe6-9cca-6a25122d474d@group-896385CD49EE-SegmentedRaftLog:OPENED:c-1,f-1,i0, conf=-1: [b32d7882-88db-4fe6-9cca-6a25122d474d:192.168.157.194:42206, 3aea292b-16fb-4e9b-be90-828afa8e8047:192.168.157.194:34569, a6b2ebfb-69a0-457c-b6cd-a50cc148b564:192.168.157.194:37298], old=null
2019-10-17 02:14:39,962 [b32d7882-88db-4fe6-9cca-6a25122d474d@group-896385CD49EE-LeaderElection120] INFO  impl.LeaderElection (LeaderElection.java:askForVotes(178)) - b32d7882-88db-4fe6-9cca-6a25122d474d@group-896385CD49EE-LeaderElection120: begin an election at term 56 for -1: [b32d7882-88db-4fe6-9cca-6a25122d474d:192.168.157.194:42206, 3aea292b-16fb-4e9b-be90-828afa8e8047:192.168.157.194:34569, a6b2ebfb-69a0-457c-b6cd-a50cc148b564:192.168.157.194:37298], old=null
2019-10-17 02:14:39,964 [grpc-default-executor-2] INFO  impl.RaftServerImpl (RaftServerImpl.java:setRole(184)) - 3aea292b-16fb-4e9b-be90-828afa8e8047@group-896385CD49EE: changes role from  FOLLOWER to FOLLOWER at term 56 for recognizeCandidate:b32d7882-88db-4fe6-9cca-6a25122d474d
2019-10-17 02:14:39,965 [grpc-default-executor-2] INFO  impl.RoleInfo (RoleInfo.java:shutdownFollowerState(121)) - 3aea292b-16fb-4e9b-be90-828afa8e8047: shutdown FollowerState
2019-10-17 02:14:39,965 [grpc-default-executor-2] INFO  impl.RoleInfo (RoleInfo.java:updateAndGet(143)) - 3aea292b-16fb-4e9b-be90-828afa8e8047: start FollowerState
2019-10-17 02:14:39,965 [Thread-1775] INFO  impl.FollowerState (FollowerState.java:run(117)) - 3aea292b-16fb-4e9b-be90-828afa8e8047@group-896385CD49EE-FollowerState was interrupted: java.lang.InterruptedException: sleep interrupted
2019-10-17 02:14:39,965 [grpc-default-executor-0] INFO  impl.RaftServerImpl (RaftServerImpl.java:setRole(184)) - a6b2ebfb-69a0-457c-b6cd-a50cc148b564@group-896385CD49EE: changes role from  FOLLOWER to FOLLOWER at term 56 for recognizeCandidate:b32d7882-88db-4fe6-9cca-6a25122d474d
2019-10-17 02:14:39,966 [grpc-default-executor-0] INFO  impl.RoleInfo (RoleInfo.java:shutdownFollowerState(121)) - a6b2ebfb-69a0-457c-b6cd-a50cc148b564: shutdown FollowerState
2019-10-17 02:14:39,966 [grpc-default-executor-0] INFO  impl.RoleInfo (RoleInfo.java:updateAndGet(143)) - a6b2ebfb-69a0-457c-b6cd-a50cc148b564: start FollowerState
2019-10-17 02:14:39,966 [Thread-1774] INFO  impl.FollowerState (FollowerState.java:run(117)) - a6b2ebfb-69a0-457c-b6cd-a50cc148b564@group-896385CD49EE-FollowerState was interrupted: java.lang.InterruptedException: sleep interrupted
2019-10-17 02:14:39,979 [b32d7882-88db-4fe6-9cca-6a25122d474d@group-896385CD49EE-LeaderElection120] INFO  impl.LeaderElection (LeaderElection.java:logAndReturn(56)) - b32d7882-88db-4fe6-9cca-6a25122d474d@group-896385CD49EE-LeaderElection120: Election REJECTED; received 2 response(s) [b32d7882-88db-4fe6-9cca-6a25122d474d<-3aea292b-16fb-4e9b-be90-828afa8e8047#0:FAIL-t56, b32d7882-88db-4fe6-9cca-6a25122d474d<-a6b2ebfb-69a0-457c-b6cd-a50cc148b564#0:FAIL-t56] and 0 exception(s); b32d7882-88db-4fe6-9cca-6a25122d474d@group-896385CD49EE:t56, leader=null, voted=b32d7882-88db-4fe6-9cca-6a25122d474d, raftlog=b32d7882-88db-4fe6-9cca-6a25122d474d@group-896385CD49EE-SegmentedRaftLog:OPENED:c-1,f-1,i0, conf=-1: [b32d7882-88db-4fe6-9cca-6a25122d474d:192.168.157.194:42206, 3aea292b-16fb-4e9b-be90-828afa8e8047:192.168.157.194:34569, a6b2ebfb-69a0-457c-b6cd-a50cc148b564:192.168.157.194:37298], old=null
2019-10-17 02:14:39,979 [b32d7882-88db-4fe6-9cca-6a25122d474d@group-896385CD49EE-LeaderElection120] INFO  impl.RaftServerImpl (RaftServerImpl.java:setRole(184)) - b32d7882-88db-4fe6-9cca-6a25122d474d@group-896385CD49EE: changes role from CANDIDATE to FOLLOWER at term 56 for DISCOVERED_A_NEW_TERM
2019-10-17 02:14:39,980 [b32d7882-88db-4fe6-9cca-6a25122d474d@group-896385CD49EE-LeaderElection120] INFO  impl.RoleInfo (RoleInfo.java:shutdownLeaderElection(134)) - b32d7882-88db-4fe6-9cca-6a25122d474d: shutdown LeaderElection
2019-10-17 02:14:39,980 [b32d7882-88db-4fe6-9cca-6a25122d474d@group-896385CD49EE-LeaderElection120] INFO  impl.RoleInfo (RoleInfo.java:updateAndGet(143)) - b32d7882-88db-4fe6-9cca-6a25122d474d: start FollowerState
2019-10-17 02:14:40,075 [Thread-1780] INFO  impl.FollowerState (FollowerState.java:run(108)) - b32d7882-88db-4fe6-9cca-6a25122d474d@group-896385CD49EE-FollowerState: change to CANDIDATE, lastRpcTime:95ms, electionTimeout:95ms
2019-10-17 02:14:40,075 [Thread-1780] INFO  impl.RoleInfo (RoleInfo.java:shutdownFollowerState(121)) - b32d7882-88db-4fe6-9cca-6a25122d474d: shutdown FollowerState
2019-10-17 02:14:40,076 [Thread-1780] INFO  impl.RaftServerImpl (RaftServerImpl.java:setRole(184)) - b32d7882-88db-4fe6-9cca-6a25122d474d@group-896385CD49EE: changes role from  FOLLOWER to CANDIDATE at term 56 for changeToCandidate
2019-10-17 02:14:40,076 [Thread-1780] INFO  impl.RoleInfo (RoleInfo.java:updateAndGet(143)) - b32d7882-88db-4fe6-9cca-6a25122d474d: start LeaderElection
2019-10-17 02:14:40,090 [b32d7882-88db-4fe6-9cca-6a25122d474d@group-896385CD49EE-LeaderElection121] INFO  impl.LeaderElection (LeaderElection.java:askForVotes(178)) - b32d7882-88db-4fe6-9cca-6a25122d474d@group-896385CD49EE-LeaderElection121: begin an election at term 57 for -1: [b32d7882-88db-4fe6-9cca-6a25122d474d:192.168.157.194:42206, 3aea292b-16fb-4e9b-be90-828afa8e8047:192.168.157.194:34569, a6b2ebfb-69a0-457c-b6cd-a50cc148b564:192.168.157.194:37298], old=null
2019-10-17 02:14:40,093 [grpc-default-executor-0] INFO  impl.RaftServerImpl (RaftServerImpl.java:setRole(184)) - 3aea292b-16fb-4e9b-be90-828afa8e8047@group-896385CD49EE: changes role from  FOLLOWER to FOLLOWER at term 57 for recognizeCandidate:b32d7882-88db-4fe6-9cca-6a25122d474d
2019-10-17 02:14:40,093 [grpc-default-executor-2] INFO  impl.RaftServerImpl (RaftServerImpl.java:setRole(184)) - a6b2ebfb-69a0-457c-b6cd-a50cc148b564@group-896385CD49EE: changes role from  FOLLOWER to FOLLOWER at term 57 for recognizeCandidate:b32d7882-88db-4fe6-9cca-6a25122d474d
2019-10-17 02:14:40,093 [grpc-default-executor-0] INFO  impl.RoleInfo (RoleInfo.java:shutdownFollowerState(121)) - 3aea292b-16fb-4e9b-be90-828afa8e8047: shutdown FollowerState
2019-10-17 02:14:40,093 [grpc-default-executor-2] INFO  impl.RoleInfo (RoleInfo.java:shutdownFollowerState(121)) - a6b2ebfb-69a0-457c-b6cd-a50cc148b564: shutdown FollowerState
2019-10-17 02:14:40,093 [Thread-1778] INFO  impl.FollowerState (FollowerState.java:run(117)) - 3aea292b-16fb-4e9b-be90-828afa8e8047@group-896385CD49EE-FollowerState was interrupted: java.lang.InterruptedException: sleep interrupted
2019-10-17 02:14:40,093 [grpc-default-executor-0] INFO  impl.RoleInfo (RoleInfo.java:updateAndGet(143)) - 3aea292b-16fb-4e9b-be90-828afa8e8047: start FollowerState
2019-10-17 02:14:40,094 [Thread-1779] INFO  impl.FollowerState (FollowerState.java:run(117)) - a6b2ebfb-69a0-457c-b6cd-a50cc148b564@group-896385CD49EE-FollowerState was interrupted: java.lang.InterruptedException: sleep interrupted
2019-10-17 02:14:40,093 [grpc-default-executor-2] INFO  impl.RoleInfo (RoleInfo.java:updateAndGet(143)) - a6b2ebfb-69a0-457c-b6cd-a50cc148b564: start FollowerState
2019-10-17 02:14:40,109 [b32d7882-88db-4fe6-9cca-6a25122d474d@group-896385CD49EE-LeaderElection121] INFO  impl.LeaderElection (LeaderElection.java:logAndReturn(56)) - b32d7882-88db-4fe6-9cca-6a25122d474d@group-896385CD49EE-LeaderElection121: Election REJECTED; received 2 response(s) [b32d7882-88db-4fe6-9cca-6a25122d474d<-3aea292b-16fb-4e9b-be90-828afa8e8047#0:FAIL-t57, b32d7882-88db-4fe6-9cca-6a25122d474d<-a6b2ebfb-69a0-457c-b6cd-a50cc148b564#0:FAIL-t57] and 0 exception(s); b32d7882-88db-4fe6-9cca-6a25122d474d@group-896385CD49EE:t57, leader=null, voted=b32d7882-88db-4fe6-9cca-6a25122d474d, raftlog=b32d7882-88db-4fe6-9cca-6a25122d474d@group-896385CD49EE-SegmentedRaftLog:OPENED:c-1,f-1,i0, conf=-1: [b32d7882-88db-4fe6-9cca-6a25122d474d:192.168.157.194:42206, 3aea292b-16fb-4e9b-be90-828afa8e8047:192.168.157.194:34569, a6b2ebfb-69a0-457c-b6cd-a50cc148b564:192.168.157.194:37298], old=null
2019-10-17 02:14:40,110 [b32d7882-88db-4fe6-9cca-6a25122d474d@group-896385CD49EE-LeaderElection121] INFO  impl.RaftServerImpl (RaftServerImpl.java:setRole(184)) - b32d7882-88db-4fe6-9cca-6a25122d474d@group-896385CD49EE: changes role from CANDIDATE to FOLLOWER at term 57 for DISCOVERED_A_NEW_TERM
2019-10-17 02:14:40,110 [b32d7882-88db-4fe6-9cca-6a25122d474d@group-896385CD49EE-LeaderElection121] INFO  impl.RoleInfo (RoleInfo.java:shutdownLeaderElection(134)) - b32d7882-88db-4fe6-9cca-6a25122d474d: shutdown LeaderElection
2019-10-17 02:14:40,110 [b32d7882-88db-4fe6-9cca-6a25122d474d@group-896385CD49EE-LeaderElection121] INFO  impl.RoleInfo (RoleInfo.java:updateAndGet(143)) - b32d7882-88db-4fe6-9cca-6a25122d474d: start FollowerState
2019-10-17 02:14:40,129 [main] INFO  ozone.MiniOzoneClusterImpl (MiniOzoneClusterImpl.java:lambda$waitForClusterToBeReady$2(164)) - Waiting for 1 number of pipelines out of 4, to report a leader.
2019-10-17 02:14:40,176 [Thread-1786] INFO  impl.FollowerState (FollowerState.java:run(108)) - b32d7882-88db-4fe6-9cca-6a25122d474d@group-896385CD49EE-FollowerState: change to CANDIDATE, lastRpcTime:66ms, electionTimeout:66ms
2019-10-17 02:14:40,177 [Thread-1786] INFO  impl.RoleInfo (RoleInfo.java:shutdownFollowerState(121)) - b32d7882-88db-4fe6-9cca-6a25122d474d: shutdown FollowerState
2019-10-17 02:14:40,177 [Thread-1786] INFO  impl.RaftServerImpl (RaftServerImpl.java:setRole(184)) - b32d7882-88db-4fe6-9cca-6a25122d474d@group-896385CD49EE: changes role from  FOLLOWER to CANDIDATE at term 57 for changeToCandidate
2019-10-17 02:14:40,177 [Thread-1786] INFO  impl.RoleInfo (RoleInfo.java:updateAndGet(143)) - b32d7882-88db-4fe6-9cca-6a25122d474d: start LeaderElection
2019-10-17 02:14:40,191 [b32d7882-88db-4fe6-9cca-6a25122d474d@group-896385CD49EE-LeaderElection122] INFO  impl.LeaderElection (LeaderElection.java:askForVotes(178)) - b32d7882-88db-4fe6-9cca-6a25122d474d@group-896385CD49EE-LeaderElection122: begin an election at term 58 for -1: [b32d7882-88db-4fe6-9cca-6a25122d474d:192.168.157.194:42206, 3aea292b-16fb-4e9b-be90-828afa8e8047:192.168.157.194:34569, a6b2ebfb-69a0-457c-b6cd-a50cc148b564:192.168.157.194:37298], old=null
2019-10-17 02:14:40,194 [grpc-default-executor-2] INFO  impl.RaftServerImpl (RaftServerImpl.java:setRole(184)) - a6b2ebfb-69a0-457c-b6cd-a50cc148b564@group-896385CD49EE: changes role from  FOLLOWER to FOLLOWER at term 58 for recognizeCandidate:b32d7882-88db-4fe6-9cca-6a25122d474d
2019-10-17 02:14:40,194 [grpc-default-executor-0] INFO  impl.RaftServerImpl (RaftServerImpl.java:setRole(184)) - 3aea292b-16fb-4e9b-be90-828afa8e8047@group-896385CD49EE: changes role from  FOLLOWER to FOLLOWER at term 58 for recognizeCandidate:b32d7882-88db-4fe6-9cca-6a25122d474d
2019-10-17 02:14:40,195 [grpc-default-executor-0] INFO  impl.RoleInfo (RoleInfo.java:shutdownFollowerState(121)) - 3aea292b-16fb-4e9b-be90-828afa8e8047: shutdown FollowerState
2019-10-17 02:14:40,194 [grpc-default-executor-2] INFO  impl.RoleInfo (RoleInfo.java:shutdownFollowerState(121)) - a6b2ebfb-69a0-457c-b6cd-a50cc148b564: shutdown FollowerState
2019-10-17 02:14:40,195 [Thread-1784] INFO  impl.FollowerState (FollowerState.java:run(117)) - 3aea292b-16fb-4e9b-be90-828afa8e8047@group-896385CD49EE-FollowerState was interrupted: java.lang.InterruptedException: sleep interrupted
2019-10-17 02:14:40,195 [grpc-default-executor-0] INFO  impl.RoleInfo (RoleInfo.java:updateAndGet(143)) - 3aea292b-16fb-4e9b-be90-828afa8e8047: start FollowerState
2019-10-17 02:14:40,195 [Thread-1785] INFO  impl.FollowerState (FollowerState.java:run(117)) - a6b2ebfb-69a0-457c-b6cd-a50cc148b564@group-896385CD49EE-FollowerState was interrupted: java.lang.InterruptedException: sleep interrupted
2019-10-17 02:14:40,195 [grpc-default-executor-2] INFO  impl.RoleInfo (RoleInfo.java:updateAndGet(143)) - a6b2ebfb-69a0-457c-b6cd-a50cc148b564: start FollowerState
2019-10-17 02:14:40,210 [b32d7882-88db-4fe6-9cca-6a25122d474d@group-896385CD49EE-LeaderElection122] INFO  impl.LeaderElection (LeaderElection.java:logAndReturn(56)) - b32d7882-88db-4fe6-9cca-6a25122d474d@group-896385CD49EE-LeaderElection122: Election REJECTED; received 2 response(s) [b32d7882-88db-4fe6-9cca-6a25122d474d<-3aea292b-16fb-4e9b-be90-828afa8e8047#0:FAIL-t58, b32d7882-88db-4fe6-9cca-6a25122d474d<-a6b2ebfb-69a0-457c-b6cd-a50cc148b564#0:FAIL-t58] and 0 exception(s); b32d7882-88db-4fe6-9cca-6a25122d474d@group-896385CD49EE:t58, leader=null, voted=b32d7882-88db-4fe6-9cca-6a25122d474d, raftlog=b32d7882-88db-4fe6-9cca-6a25122d474d@group-896385CD49EE-SegmentedRaftLog:OPENED:c-1,f-1,i0, conf=-1: [b32d7882-88db-4fe6-9cca-6a25122d474d:192.168.157.194:42206, 3aea292b-16fb-4e9b-be90-828afa8e8047:192.168.157.194:34569, a6b2ebfb-69a0-457c-b6cd-a50cc148b564:192.168.157.194:37298], old=null
2019-10-17 02:14:40,210 [b32d7882-88db-4fe6-9cca-6a25122d474d@group-896385CD49EE-LeaderElection122] INFO  impl.RaftServerImpl (RaftServerImpl.java:setRole(184)) - b32d7882-88db-4fe6-9cca-6a25122d474d@group-896385CD49EE: changes role from CANDIDATE to FOLLOWER at term 58 for DISCOVERED_A_NEW_TERM
2019-10-17 02:14:40,210 [b32d7882-88db-4fe6-9cca-6a25122d474d@group-896385CD49EE-LeaderElection122] INFO  impl.RoleInfo (RoleInfo.java:shutdownLeaderElection(134)) - b32d7882-88db-4fe6-9cca-6a25122d474d: shutdown LeaderElection
2019-10-17 02:14:40,210 [b32d7882-88db-4fe6-9cca-6a25122d474d@group-896385CD49EE-LeaderElection122] INFO  impl.RoleInfo (RoleInfo.java:updateAndGet(143)) - b32d7882-88db-4fe6-9cca-6a25122d474d: start FollowerState
2019-10-17 02:14:40,236 [Thread-1792] INFO  impl.FollowerState (FollowerState.java:run(108)) - b32d7882-88db-4fe6-9cca-6a25122d474d@group-896385CD49EE-FollowerState: change to CANDIDATE, lastRpcTime:26ms, electionTimeout:26ms
2019-10-17 02:14:40,236 [Thread-1792] INFO  impl.RoleInfo (RoleInfo.java:shutdownFollowerState(121)) - b32d7882-88db-4fe6-9cca-6a25122d474d: shutdown FollowerState
2019-10-17 02:14:40,237 [Thread-1792] INFO  impl.RaftServerImpl (RaftServerImpl.java:setRole(184)) - b32d7882-88db-4fe6-9cca-6a25122d474d@group-896385CD49EE: changes role from  FOLLOWER to CANDIDATE at term 58 for changeToCandidate
2019-10-17 02:14:40,237 [Thread-1792] INFO  impl.RoleInfo (RoleInfo.java:updateAndGet(143)) - b32d7882-88db-4fe6-9cca-6a25122d474d: start LeaderElection
2019-10-17 02:14:40,251 [b32d7882-88db-4fe6-9cca-6a25122d474d@group-896385CD49EE-LeaderElection123] INFO  impl.LeaderElection (LeaderElection.java:askForVotes(178)) - b32d7882-88db-4fe6-9cca-6a25122d474d@group-896385CD49EE-LeaderElection123: begin an election at term 59 for -1: [b32d7882-88db-4fe6-9cca-6a25122d474d:192.168.157.194:42206, 3aea292b-16fb-4e9b-be90-828afa8e8047:192.168.157.194:34569, a6b2ebfb-69a0-457c-b6cd-a50cc148b564:192.168.157.194:37298], old=null
2019-10-17 02:14:40,254 [grpc-default-executor-0] INFO  impl.RaftServerImpl (RaftServerImpl.java:setRole(184)) - 3aea292b-16fb-4e9b-be90-828afa8e8047@group-896385CD49EE: changes role from  FOLLOWER to FOLLOWER at term 59 for recognizeCandidate:b32d7882-88db-4fe6-9cca-6a25122d474d
2019-10-17 02:14:40,254 [grpc-default-executor-0] INFO  impl.RoleInfo (RoleInfo.java:shutdownFollowerState(121)) - 3aea292b-16fb-4e9b-be90-828afa8e8047: shutdown FollowerState
2019-10-17 02:14:40,254 [grpc-default-executor-2] INFO  impl.RaftServerImpl (RaftServerImpl.java:setRole(184)) - a6b2ebfb-69a0-457c-b6cd-a50cc148b564@group-896385CD49EE: changes role from  FOLLOWER to FOLLOWER at term 59 for recognizeCandidate:b32d7882-88db-4fe6-9cca-6a25122d474d
2019-10-17 02:14:40,255 [Thread-1790] INFO  impl.FollowerState (FollowerState.java:run(117)) - 3aea292b-16fb-4e9b-be90-828afa8e8047@group-896385CD49EE-FollowerState was interrupted: java.lang.InterruptedException: sleep interrupted
2019-10-17 02:14:40,255 [grpc-default-executor-0] INFO  impl.RoleInfo (RoleInfo.java:updateAndGet(143)) - 3aea292b-16fb-4e9b-be90-828afa8e8047: start FollowerState
2019-10-17 02:14:40,255 [grpc-default-executor-2] INFO  impl.RoleInfo (RoleInfo.java:shutdownFollowerState(121)) - a6b2ebfb-69a0-457c-b6cd-a50cc148b564: shutdown FollowerState
2019-10-17 02:14:40,255 [grpc-default-executor-2] INFO  impl.RoleInfo (RoleInfo.java:updateAndGet(143)) - a6b2ebfb-69a0-457c-b6cd-a50cc148b564: start FollowerState
2019-10-17 02:14:40,255 [Thread-1791] INFO  impl.FollowerState (FollowerState.java:run(117)) - a6b2ebfb-69a0-457c-b6cd-a50cc148b564@group-896385CD49EE-FollowerState was interrupted: java.lang.InterruptedException: sleep interrupted
2019-10-17 02:14:40,269 [b32d7882-88db-4fe6-9cca-6a25122d474d@group-896385CD49EE-LeaderElection123] INFO  impl.LeaderElection (LeaderElection.java:logAndReturn(56)) - b32d7882-88db-4fe6-9cca-6a25122d474d@group-896385CD49EE-LeaderElection123: Election REJECTED; received 2 response(s) [b32d7882-88db-4fe6-9cca-6a25122d474d<-3aea292b-16fb-4e9b-be90-828afa8e8047#0:FAIL-t59, b32d7882-88db-4fe6-9cca-6a25122d474d<-a6b2ebfb-69a0-457c-b6cd-a50cc148b564#0:FAIL-t59] and 0 exception(s); b32d7882-88db-4fe6-9cca-6a25122d474d@group-896385CD49EE:t59, leader=null, voted=b32d7882-88db-4fe6-9cca-6a25122d474d, raftlog=b32d7882-88db-4fe6-9cca-6a25122d474d@group-896385CD49EE-SegmentedRaftLog:OPENED:c-1,f-1,i0, conf=-1: [b32d7882-88db-4fe6-9cca-6a25122d474d:192.168.157.194:42206, 3aea292b-16fb-4e9b-be90-828afa8e8047:192.168.157.194:34569, a6b2ebfb-69a0-457c-b6cd-a50cc148b564:192.168.157.194:37298], old=null
2019-10-17 02:14:40,270 [b32d7882-88db-4fe6-9cca-6a25122d474d@group-896385CD49EE-LeaderElection123] INFO  impl.RaftServerImpl (RaftServerImpl.java:setRole(184)) - b32d7882-88db-4fe6-9cca-6a25122d474d@group-896385CD49EE: changes role from CANDIDATE to FOLLOWER at term 59 for DISCOVERED_A_NEW_TERM
2019-10-17 02:14:40,270 [b32d7882-88db-4fe6-9cca-6a25122d474d@group-896385CD49EE-LeaderElection123] INFO  impl.RoleInfo (RoleInfo.java:shutdownLeaderElection(134)) - b32d7882-88db-4fe6-9cca-6a25122d474d: shutdown LeaderElection
2019-10-17 02:14:40,270 [b32d7882-88db-4fe6-9cca-6a25122d474d@group-896385CD49EE-LeaderElection123] INFO  impl.RoleInfo (RoleInfo.java:updateAndGet(143)) - b32d7882-88db-4fe6-9cca-6a25122d474d: start FollowerState
2019-10-17 02:14:40,447 [Thread-1798] INFO  impl.FollowerState (FollowerState.java:run(108)) - b32d7882-88db-4fe6-9cca-6a25122d474d@group-896385CD49EE-FollowerState: change to CANDIDATE, lastRpcTime:177ms, electionTimeout:177ms
2019-10-17 02:14:40,448 [Thread-1798] INFO  impl.RoleInfo (RoleInfo.java:shutdownFollowerState(121)) - b32d7882-88db-4fe6-9cca-6a25122d474d: shutdown FollowerState
2019-10-17 02:14:40,448 [Thread-1798] INFO  impl.RaftServerImpl (RaftServerImpl.java:setRole(184)) - b32d7882-88db-4fe6-9cca-6a25122d474d@group-896385CD49EE: changes role from  FOLLOWER to CANDIDATE at term 59 for changeToCandidate
2019-10-17 02:14:40,448 [Thread-1798] INFO  impl.RoleInfo (RoleInfo.java:updateAndGet(143)) - b32d7882-88db-4fe6-9cca-6a25122d474d: start LeaderElection
2019-10-17 02:14:40,462 [b32d7882-88db-4fe6-9cca-6a25122d474d@group-896385CD49EE-LeaderElection124] INFO  impl.LeaderElection (LeaderElection.java:askForVotes(178)) - b32d7882-88db-4fe6-9cca-6a25122d474d@group-896385CD49EE-LeaderElection124: begin an election at term 60 for -1: [b32d7882-88db-4fe6-9cca-6a25122d474d:192.168.157.194:42206, 3aea292b-16fb-4e9b-be90-828afa8e8047:192.168.157.194:34569, a6b2ebfb-69a0-457c-b6cd-a50cc148b564:192.168.157.194:37298], old=null
2019-10-17 02:14:40,465 [grpc-default-executor-0] INFO  impl.RaftServerImpl (RaftServerImpl.java:setRole(184)) - 3aea292b-16fb-4e9b-be90-828afa8e8047@group-896385CD49EE: changes role from  FOLLOWER to FOLLOWER at term 60 for recognizeCandidate:b32d7882-88db-4fe6-9cca-6a25122d474d
2019-10-17 02:14:40,465 [grpc-default-executor-0] INFO  impl.RoleInfo (RoleInfo.java:shutdownFollowerState(121)) - 3aea292b-16fb-4e9b-be90-828afa8e8047: shutdown FollowerState
2019-10-17 02:14:40,465 [grpc-default-executor-2] INFO  impl.RaftServerImpl (RaftServerImpl.java:setRole(184)) - a6b2ebfb-69a0-457c-b6cd-a50cc148b564@group-896385CD49EE: changes role from  FOLLOWER to FOLLOWER at term 60 for recognizeCandidate:b32d7882-88db-4fe6-9cca-6a25122d474d
2019-10-17 02:14:40,465 [Thread-1796] INFO  impl.FollowerState (FollowerState.java:run(117)) - 3aea292b-16fb-4e9b-be90-828afa8e8047@group-896385CD49EE-FollowerState was interrupted: java.lang.InterruptedException: sleep interrupted
2019-10-17 02:14:40,465 [grpc-default-executor-0] INFO  impl.RoleInfo (RoleInfo.java:updateAndGet(143)) - 3aea292b-16fb-4e9b-be90-828afa8e8047: start FollowerState
2019-10-17 02:14:40,465 [grpc-default-executor-2] INFO  impl.RoleInfo (RoleInfo.java:shutdownFollowerState(121)) - a6b2ebfb-69a0-457c-b6cd-a50cc148b564: shutdown FollowerState
2019-10-17 02:14:40,466 [grpc-default-executor-2] INFO  impl.RoleInfo (RoleInfo.java:updateAndGet(143)) - a6b2ebfb-69a0-457c-b6cd-a50cc148b564: start FollowerState
2019-10-17 02:14:40,466 [Thread-1797] INFO  impl.FollowerState (FollowerState.java:run(117)) - a6b2ebfb-69a0-457c-b6cd-a50cc148b564@group-896385CD49EE-FollowerState was interrupted: java.lang.InterruptedException: sleep interrupted
2019-10-17 02:14:40,480 [b32d7882-88db-4fe6-9cca-6a25122d474d@group-896385CD49EE-LeaderElection124] INFO  impl.LeaderElection (LeaderElection.java:logAndReturn(56)) - b32d7882-88db-4fe6-9cca-6a25122d474d@group-896385CD49EE-LeaderElection124: Election REJECTED; received 2 response(s) [b32d7882-88db-4fe6-9cca-6a25122d474d<-3aea292b-16fb-4e9b-be90-828afa8e8047#0:FAIL-t60, b32d7882-88db-4fe6-9cca-6a25122d474d<-a6b2ebfb-69a0-457c-b6cd-a50cc148b564#0:FAIL-t60] and 0 exception(s); b32d7882-88db-4fe6-9cca-6a25122d474d@group-896385CD49EE:t60, leader=null, voted=b32d7882-88db-4fe6-9cca-6a25122d474d, raftlog=b32d7882-88db-4fe6-9cca-6a25122d474d@group-896385CD49EE-SegmentedRaftLog:OPENED:c-1,f-1,i0, conf=-1: [b32d7882-88db-4fe6-9cca-6a25122d474d:192.168.157.194:42206, 3aea292b-16fb-4e9b-be90-828afa8e8047:192.168.157.194:34569, a6b2ebfb-69a0-457c-b6cd-a50cc148b564:192.168.157.194:37298], old=null
2019-10-17 02:14:40,481 [b32d7882-88db-4fe6-9cca-6a25122d474d@group-896385CD49EE-LeaderElection124] INFO  impl.RaftServerImpl (RaftServerImpl.java:setRole(184)) - b32d7882-88db-4fe6-9cca-6a25122d474d@group-896385CD49EE: changes role from CANDIDATE to FOLLOWER at term 60 for DISCOVERED_A_NEW_TERM
2019-10-17 02:14:40,481 [b32d7882-88db-4fe6-9cca-6a25122d474d@group-896385CD49EE-LeaderElection124] INFO  impl.RoleInfo (RoleInfo.java:shutdownLeaderElection(134)) - b32d7882-88db-4fe6-9cca-6a25122d474d: shutdown LeaderElection
2019-10-17 02:14:40,481 [b32d7882-88db-4fe6-9cca-6a25122d474d@group-896385CD49EE-LeaderElection124] INFO  impl.RoleInfo (RoleInfo.java:updateAndGet(143)) - b32d7882-88db-4fe6-9cca-6a25122d474d: start FollowerState
2019-10-17 02:14:40,596 [Thread-1804] INFO  impl.FollowerState (FollowerState.java:run(108)) - b32d7882-88db-4fe6-9cca-6a25122d474d@group-896385CD49EE-FollowerState: change to CANDIDATE, lastRpcTime:115ms, electionTimeout:115ms
2019-10-17 02:14:40,597 [Thread-1804] INFO  impl.RoleInfo (RoleInfo.java:shutdownFollowerState(121)) - b32d7882-88db-4fe6-9cca-6a25122d474d: shutdown FollowerState
2019-10-17 02:14:40,597 [Thread-1804] INFO  impl.RaftServerImpl (RaftServerImpl.java:setRole(184)) - b32d7882-88db-4fe6-9cca-6a25122d474d@group-896385CD49EE: changes role from  FOLLOWER to CANDIDATE at term 60 for changeToCandidate
2019-10-17 02:14:40,597 [Thread-1804] INFO  impl.RoleInfo (RoleInfo.java:updateAndGet(143)) - b32d7882-88db-4fe6-9cca-6a25122d474d: start LeaderElection
2019-10-17 02:14:40,611 [b32d7882-88db-4fe6-9cca-6a25122d474d@group-896385CD49EE-LeaderElection125] INFO  impl.LeaderElection (LeaderElection.java:askForVotes(178)) - b32d7882-88db-4fe6-9cca-6a25122d474d@group-896385CD49EE-LeaderElection125: begin an election at term 61 for -1: [b32d7882-88db-4fe6-9cca-6a25122d474d:192.168.157.194:42206, 3aea292b-16fb-4e9b-be90-828afa8e8047:192.168.157.194:34569, a6b2ebfb-69a0-457c-b6cd-a50cc148b564:192.168.157.194:37298], old=null
2019-10-17 02:14:40,616 [grpc-default-executor-2] INFO  impl.RaftServerImpl (RaftServerImpl.java:setRole(184)) - a6b2ebfb-69a0-457c-b6cd-a50cc148b564@group-896385CD49EE: changes role from  FOLLOWER to FOLLOWER at term 61 for recognizeCandidate:b32d7882-88db-4fe6-9cca-6a25122d474d
2019-10-17 02:14:40,616 [grpc-default-executor-0] INFO  impl.RaftServerImpl (RaftServerImpl.java:setRole(184)) - 3aea292b-16fb-4e9b-be90-828afa8e8047@group-896385CD49EE: changes role from  FOLLOWER to FOLLOWER at term 61 for recognizeCandidate:b32d7882-88db-4fe6-9cca-6a25122d474d
2019-10-17 02:14:40,616 [grpc-default-executor-2] INFO  impl.RoleInfo (RoleInfo.java:shutdownFollowerState(121)) - a6b2ebfb-69a0-457c-b6cd-a50cc148b564: shutdown FollowerState
2019-10-17 02:14:40,617 [grpc-default-executor-0] INFO  impl.RoleInfo (RoleInfo.java:shutdownFollowerState(121)) - 3aea292b-16fb-4e9b-be90-828afa8e8047: shutdown FollowerState
2019-10-17 02:14:40,617 [Thread-1803] INFO  impl.FollowerState (FollowerState.java:run(117)) - a6b2ebfb-69a0-457c-b6cd-a50cc148b564@group-896385CD49EE-FollowerState was interrupted: java.lang.InterruptedException: sleep interrupted
2019-10-17 02:14:40,617 [Thread-1802] INFO  impl.FollowerState (FollowerState.java:run(117)) - 3aea292b-16fb-4e9b-be90-828afa8e8047@group-896385CD49EE-FollowerState was interrupted: java.lang.InterruptedException: sleep interrupted
2019-10-17 02:14:40,617 [grpc-default-executor-2] INFO  impl.RoleInfo (RoleInfo.java:updateAndGet(143)) - a6b2ebfb-69a0-457c-b6cd-a50cc148b564: start FollowerState
2019-10-17 02:14:40,617 [grpc-default-executor-0] INFO  impl.RoleInfo (RoleInfo.java:updateAndGet(143)) - 3aea292b-16fb-4e9b-be90-828afa8e8047: start FollowerState
2019-10-17 02:14:40,631 [b32d7882-88db-4fe6-9cca-6a25122d474d@group-896385CD49EE-LeaderElection125] INFO  impl.LeaderElection (LeaderElection.java:logAndReturn(56)) - b32d7882-88db-4fe6-9cca-6a25122d474d@group-896385CD49EE-LeaderElection125: Election REJECTED; received 2 response(s) [b32d7882-88db-4fe6-9cca-6a25122d474d<-3aea292b-16fb-4e9b-be90-828afa8e8047#0:FAIL-t61, b32d7882-88db-4fe6-9cca-6a25122d474d<-a6b2ebfb-69a0-457c-b6cd-a50cc148b564#0:FAIL-t61] and 0 exception(s); b32d7882-88db-4fe6-9cca-6a25122d474d@group-896385CD49EE:t61, leader=null, voted=b32d7882-88db-4fe6-9cca-6a25122d474d, raftlog=b32d7882-88db-4fe6-9cca-6a25122d474d@group-896385CD49EE-SegmentedRaftLog:OPENED:c-1,f-1,i0, conf=-1: [b32d7882-88db-4fe6-9cca-6a25122d474d:192.168.157.194:42206, 3aea292b-16fb-4e9b-be90-828afa8e8047:192.168.157.194:34569, a6b2ebfb-69a0-457c-b6cd-a50cc148b564:192.168.157.194:37298], old=null
2019-10-17 02:14:40,631 [b32d7882-88db-4fe6-9cca-6a25122d474d@group-896385CD49EE-LeaderElection125] INFO  impl.RaftServerImpl (RaftServerImpl.java:setRole(184)) - b32d7882-88db-4fe6-9cca-6a25122d474d@group-896385CD49EE: changes role from CANDIDATE to FOLLOWER at term 61 for DISCOVERED_A_NEW_TERM
2019-10-17 02:14:40,631 [b32d7882-88db-4fe6-9cca-6a25122d474d@group-896385CD49EE-LeaderElection125] INFO  impl.RoleInfo (RoleInfo.java:shutdownLeaderElection(134)) - b32d7882-88db-4fe6-9cca-6a25122d474d: shutdown LeaderElection
2019-10-17 02:14:40,631 [b32d7882-88db-4fe6-9cca-6a25122d474d@group-896385CD49EE-LeaderElection125] INFO  impl.RoleInfo (RoleInfo.java:updateAndGet(143)) - b32d7882-88db-4fe6-9cca-6a25122d474d: start FollowerState
2019-10-17 02:14:40,784 [Thread-1810] INFO  impl.FollowerState (FollowerState.java:run(108)) - b32d7882-88db-4fe6-9cca-6a25122d474d@group-896385CD49EE-FollowerState: change to CANDIDATE, lastRpcTime:152ms, electionTimeout:152ms
2019-10-17 02:14:40,784 [Thread-1810] INFO  impl.RoleInfo (RoleInfo.java:shutdownFollowerState(121)) - b32d7882-88db-4fe6-9cca-6a25122d474d: shutdown FollowerState
2019-10-17 02:14:40,784 [Thread-1810] INFO  impl.RaftServerImpl (RaftServerImpl.java:setRole(184)) - b32d7882-88db-4fe6-9cca-6a25122d474d@group-896385CD49EE: changes role from  FOLLOWER to CANDIDATE at term 61 for changeToCandidate
2019-10-17 02:14:40,784 [Thread-1810] INFO  impl.RoleInfo (RoleInfo.java:updateAndGet(143)) - b32d7882-88db-4fe6-9cca-6a25122d474d: start LeaderElection
2019-10-17 02:14:40,799 [b32d7882-88db-4fe6-9cca-6a25122d474d@group-896385CD49EE-LeaderElection126] INFO  impl.LeaderElection (LeaderElection.java:askForVotes(178)) - b32d7882-88db-4fe6-9cca-6a25122d474d@group-896385CD49EE-LeaderElection126: begin an election at term 62 for -1: [b32d7882-88db-4fe6-9cca-6a25122d474d:192.168.157.194:42206, 3aea292b-16fb-4e9b-be90-828afa8e8047:192.168.157.194:34569, a6b2ebfb-69a0-457c-b6cd-a50cc148b564:192.168.157.194:37298], old=null
2019-10-17 02:14:40,802 [grpc-default-executor-0] INFO  impl.RaftServerImpl (RaftServerImpl.java:setRole(184)) - 3aea292b-16fb-4e9b-be90-828afa8e8047@group-896385CD49EE: changes role from  FOLLOWER to FOLLOWER at term 62 for recognizeCandidate:b32d7882-88db-4fe6-9cca-6a25122d474d
2019-10-17 02:14:40,802 [grpc-default-executor-2] INFO  impl.RaftServerImpl (RaftServerImpl.java:setRole(184)) - a6b2ebfb-69a0-457c-b6cd-a50cc148b564@group-896385CD49EE: changes role from  FOLLOWER to FOLLOWER at term 62 for recognizeCandidate:b32d7882-88db-4fe6-9cca-6a25122d474d
2019-10-17 02:14:40,802 [grpc-default-executor-0] INFO  impl.RoleInfo (RoleInfo.java:shutdownFollowerState(121)) - 3aea292b-16fb-4e9b-be90-828afa8e8047: shutdown FollowerState
2019-10-17 02:14:40,802 [grpc-default-executor-2] INFO  impl.RoleInfo (RoleInfo.java:shutdownFollowerState(121)) - a6b2ebfb-69a0-457c-b6cd-a50cc148b564: shutdown FollowerState
2019-10-17 02:14:40,803 [Thread-1809] INFO  impl.FollowerState (FollowerState.java:run(117)) - 3aea292b-16fb-4e9b-be90-828afa8e8047@group-896385CD49EE-FollowerState was interrupted: java.lang.InterruptedException: sleep interrupted
2019-10-17 02:14:40,803 [Thread-1808] INFO  impl.FollowerState (FollowerState.java:run(117)) - a6b2ebfb-69a0-457c-b6cd-a50cc148b564@group-896385CD49EE-FollowerState was interrupted: java.lang.InterruptedException: sleep interrupted
2019-10-17 02:14:40,803 [grpc-default-executor-0] INFO  impl.RoleInfo (RoleInfo.java:updateAndGet(143)) - 3aea292b-16fb-4e9b-be90-828afa8e8047: start FollowerState
2019-10-17 02:14:40,803 [grpc-default-executor-2] INFO  impl.RoleInfo (RoleInfo.java:updateAndGet(143)) - a6b2ebfb-69a0-457c-b6cd-a50cc148b564: start FollowerState
2019-10-17 02:14:40,818 [b32d7882-88db-4fe6-9cca-6a25122d474d@group-896385CD49EE-LeaderElection126] INFO  impl.LeaderElection (LeaderElection.java:logAndReturn(56)) - b32d7882-88db-4fe6-9cca-6a25122d474d@group-896385CD49EE-LeaderElection126: Election REJECTED; received 2 response(s) [b32d7882-88db-4fe6-9cca-6a25122d474d<-3aea292b-16fb-4e9b-be90-828afa8e8047#0:FAIL-t62, b32d7882-88db-4fe6-9cca-6a25122d474d<-a6b2ebfb-69a0-457c-b6cd-a50cc148b564#0:FAIL-t62] and 0 exception(s); b32d7882-88db-4fe6-9cca-6a25122d474d@group-896385CD49EE:t62, leader=null, voted=b32d7882-88db-4fe6-9cca-6a25122d474d, raftlog=b32d7882-88db-4fe6-9cca-6a25122d474d@group-896385CD49EE-SegmentedRaftLog:OPENED:c-1,f-1,i0, conf=-1: [b32d7882-88db-4fe6-9cca-6a25122d474d:192.168.157.194:42206, 3aea292b-16fb-4e9b-be90-828afa8e8047:192.168.157.194:34569, a6b2ebfb-69a0-457c-b6cd-a50cc148b564:192.168.157.194:37298], old=null
2019-10-17 02:14:40,818 [b32d7882-88db-4fe6-9cca-6a25122d474d@group-896385CD49EE-LeaderElection126] INFO  impl.RaftServerImpl (RaftServerImpl.java:setRole(184)) - b32d7882-88db-4fe6-9cca-6a25122d474d@group-896385CD49EE: changes role from CANDIDATE to FOLLOWER at term 62 for DISCOVERED_A_NEW_TERM
2019-10-17 02:14:40,819 [b32d7882-88db-4fe6-9cca-6a25122d474d@group-896385CD49EE-LeaderElection126] INFO  impl.RoleInfo (RoleInfo.java:shutdownLeaderElection(134)) - b32d7882-88db-4fe6-9cca-6a25122d474d: shutdown LeaderElection
2019-10-17 02:14:40,819 [b32d7882-88db-4fe6-9cca-6a25122d474d@group-896385CD49EE-LeaderElection126] INFO  impl.RoleInfo (RoleInfo.java:updateAndGet(143)) - b32d7882-88db-4fe6-9cca-6a25122d474d: start FollowerState
2019-10-17 02:14:40,864 [Thread-1816] INFO  impl.FollowerState (FollowerState.java:run(108)) - b32d7882-88db-4fe6-9cca-6a25122d474d@group-896385CD49EE-FollowerState: change to CANDIDATE, lastRpcTime:45ms, electionTimeout:45ms
2019-10-17 02:14:40,864 [Thread-1816] INFO  impl.RoleInfo (RoleInfo.java:shutdownFollowerState(121)) - b32d7882-88db-4fe6-9cca-6a25122d474d: shutdown FollowerState
2019-10-17 02:14:40,864 [Thread-1816] INFO  impl.RaftServerImpl (RaftServerImpl.java:setRole(184)) - b32d7882-88db-4fe6-9cca-6a25122d474d@group-896385CD49EE: changes role from  FOLLOWER to CANDIDATE at term 62 for changeToCandidate
2019-10-17 02:14:40,865 [Thread-1816] INFO  impl.RoleInfo (RoleInfo.java:updateAndGet(143)) - b32d7882-88db-4fe6-9cca-6a25122d474d: start LeaderElection
2019-10-17 02:14:40,879 [b32d7882-88db-4fe6-9cca-6a25122d474d@group-896385CD49EE-LeaderElection127] INFO  impl.LeaderElection (LeaderElection.java:askForVotes(178)) - b32d7882-88db-4fe6-9cca-6a25122d474d@group-896385CD49EE-LeaderElection127: begin an election at term 63 for -1: [b32d7882-88db-4fe6-9cca-6a25122d474d:192.168.157.194:42206, 3aea292b-16fb-4e9b-be90-828afa8e8047:192.168.157.194:34569, a6b2ebfb-69a0-457c-b6cd-a50cc148b564:192.168.157.194:37298], old=null
2019-10-17 02:14:40,881 [grpc-default-executor-2] INFO  impl.RaftServerImpl (RaftServerImpl.java:setRole(184)) - 3aea292b-16fb-4e9b-be90-828afa8e8047@group-896385CD49EE: changes role from  FOLLOWER to FOLLOWER at term 63 for recognizeCandidate:b32d7882-88db-4fe6-9cca-6a25122d474d
2019-10-17 02:14:40,881 [grpc-default-executor-2] INFO  impl.RoleInfo (RoleInfo.java:shutdownFollowerState(121)) - 3aea292b-16fb-4e9b-be90-828afa8e8047: shutdown FollowerState
2019-10-17 02:14:40,881 [grpc-default-executor-0] INFO  impl.RaftServerImpl (RaftServerImpl.java:setRole(184)) - a6b2ebfb-69a0-457c-b6cd-a50cc148b564@group-896385CD49EE: changes role from  FOLLOWER to FOLLOWER at term 63 for recognizeCandidate:b32d7882-88db-4fe6-9cca-6a25122d474d
2019-10-17 02:14:40,881 [grpc-default-executor-0] INFO  impl.RoleInfo (RoleInfo.java:shutdownFollowerState(121)) - a6b2ebfb-69a0-457c-b6cd-a50cc148b564: shutdown FollowerState
2019-10-17 02:14:40,881 [Thread-1814] INFO  impl.FollowerState (FollowerState.java:run(117)) - 3aea292b-16fb-4e9b-be90-828afa8e8047@group-896385CD49EE-FollowerState was interrupted: java.lang.InterruptedException: sleep interrupted
2019-10-17 02:14:40,881 [grpc-default-executor-2] INFO  impl.RoleInfo (RoleInfo.java:updateAndGet(143)) - 3aea292b-16fb-4e9b-be90-828afa8e8047: start FollowerState
2019-10-17 02:14:40,882 [Thread-1815] INFO  impl.FollowerState (FollowerState.java:run(117)) - a6b2ebfb-69a0-457c-b6cd-a50cc148b564@group-896385CD49EE-FollowerState was interrupted: java.lang.InterruptedException: sleep interrupted
2019-10-17 02:14:40,882 [grpc-default-executor-0] INFO  impl.RoleInfo (RoleInfo.java:updateAndGet(143)) - a6b2ebfb-69a0-457c-b6cd-a50cc148b564: start FollowerState
2019-10-17 02:14:40,883 [b32d7882-88db-4fe6-9cca-6a25122d474d@group-896385CD49EE-LeaderElection127] INFO  impl.LeaderElection (LeaderElection.java:logAndReturn(56)) - b32d7882-88db-4fe6-9cca-6a25122d474d@group-896385CD49EE-LeaderElection127: Election TIMEOUT; received 0 response(s) [] and 0 exception(s); b32d7882-88db-4fe6-9cca-6a25122d474d@group-896385CD49EE:t63, leader=null, voted=b32d7882-88db-4fe6-9cca-6a25122d474d, raftlog=b32d7882-88db-4fe6-9cca-6a25122d474d@group-896385CD49EE-SegmentedRaftLog:OPENED:c-1,f-1,i0, conf=-1: [b32d7882-88db-4fe6-9cca-6a25122d474d:192.168.157.194:42206, 3aea292b-16fb-4e9b-be90-828afa8e8047:192.168.157.194:34569, a6b2ebfb-69a0-457c-b6cd-a50cc148b564:192.168.157.194:37298], old=null
2019-10-17 02:14:40,899 [b32d7882-88db-4fe6-9cca-6a25122d474d@group-896385CD49EE-LeaderElection127] INFO  impl.LeaderElection (LeaderElection.java:askForVotes(178)) - b32d7882-88db-4fe6-9cca-6a25122d474d@group-896385CD49EE-LeaderElection127: begin an election at term 64 for -1: [b32d7882-88db-4fe6-9cca-6a25122d474d:192.168.157.194:42206, 3aea292b-16fb-4e9b-be90-828afa8e8047:192.168.157.194:34569, a6b2ebfb-69a0-457c-b6cd-a50cc148b564:192.168.157.194:37298], old=null
2019-10-17 02:14:40,902 [grpc-default-executor-0] INFO  impl.RaftServerImpl (RaftServerImpl.java:setRole(184)) - 3aea292b-16fb-4e9b-be90-828afa8e8047@group-896385CD49EE: changes role from  FOLLOWER to FOLLOWER at term 64 for recognizeCandidate:b32d7882-88db-4fe6-9cca-6a25122d474d
2019-10-17 02:14:40,902 [grpc-default-executor-0] INFO  impl.RoleInfo (RoleInfo.java:shutdownFollowerState(121)) - 3aea292b-16fb-4e9b-be90-828afa8e8047: shutdown FollowerState
2019-10-17 02:14:40,902 [grpc-default-executor-0] INFO  impl.RoleInfo (RoleInfo.java:updateAndGet(143)) - 3aea292b-16fb-4e9b-be90-828afa8e8047: start FollowerState
2019-10-17 02:14:40,902 [Thread-1820] INFO  impl.FollowerState (FollowerState.java:run(117)) - 3aea292b-16fb-4e9b-be90-828afa8e8047@group-896385CD49EE-FollowerState was interrupted: java.lang.InterruptedException: sleep interrupted
2019-10-17 02:14:40,903 [grpc-default-executor-2] INFO  impl.RaftServerImpl (RaftServerImpl.java:setRole(184)) - a6b2ebfb-69a0-457c-b6cd-a50cc148b564@group-896385CD49EE: changes role from  FOLLOWER to FOLLOWER at term 64 for recognizeCandidate:b32d7882-88db-4fe6-9cca-6a25122d474d
2019-10-17 02:14:40,903 [grpc-default-executor-2] INFO  impl.RoleInfo (RoleInfo.java:shutdownFollowerState(121)) - a6b2ebfb-69a0-457c-b6cd-a50cc148b564: shutdown FollowerState
2019-10-17 02:14:40,903 [Thread-1821] INFO  impl.FollowerState (FollowerState.java:run(117)) - a6b2ebfb-69a0-457c-b6cd-a50cc148b564@group-896385CD49EE-FollowerState was interrupted: java.lang.InterruptedException: sleep interrupted
2019-10-17 02:14:40,903 [grpc-default-executor-2] INFO  impl.RoleInfo (RoleInfo.java:updateAndGet(143)) - a6b2ebfb-69a0-457c-b6cd-a50cc148b564: start FollowerState
2019-10-17 02:14:40,918 [b32d7882-88db-4fe6-9cca-6a25122d474d@group-896385CD49EE-LeaderElection127] INFO  impl.LeaderElection (LeaderElection.java:logAndReturn(56)) - b32d7882-88db-4fe6-9cca-6a25122d474d@group-896385CD49EE-LeaderElection127: Election REJECTED; received 2 response(s) [b32d7882-88db-4fe6-9cca-6a25122d474d<-3aea292b-16fb-4e9b-be90-828afa8e8047#0:FAIL-t64, b32d7882-88db-4fe6-9cca-6a25122d474d<-a6b2ebfb-69a0-457c-b6cd-a50cc148b564#0:FAIL-t64] and 0 exception(s); b32d7882-88db-4fe6-9cca-6a25122d474d@group-896385CD49EE:t64, leader=null, voted=b32d7882-88db-4fe6-9cca-6a25122d474d, raftlog=b32d7882-88db-4fe6-9cca-6a25122d474d@group-896385CD49EE-SegmentedRaftLog:OPENED:c-1,f-1,i0, conf=-1: [b32d7882-88db-4fe6-9cca-6a25122d474d:192.168.157.194:42206, 3aea292b-16fb-4e9b-be90-828afa8e8047:192.168.157.194:34569, a6b2ebfb-69a0-457c-b6cd-a50cc148b564:192.168.157.194:37298], old=null
2019-10-17 02:14:40,918 [b32d7882-88db-4fe6-9cca-6a25122d474d@group-896385CD49EE-LeaderElection127] INFO  impl.RaftServerImpl (RaftServerImpl.java:setRole(184)) - b32d7882-88db-4fe6-9cca-6a25122d474d@group-896385CD49EE: changes role from CANDIDATE to FOLLOWER at term 64 for DISCOVERED_A_NEW_TERM
2019-10-17 02:14:40,918 [b32d7882-88db-4fe6-9cca-6a25122d474d@group-896385CD49EE-LeaderElection127] INFO  impl.RoleInfo (RoleInfo.java:shutdownLeaderElection(134)) - b32d7882-88db-4fe6-9cca-6a25122d474d: shutdown LeaderElection
2019-10-17 02:14:40,918 [b32d7882-88db-4fe6-9cca-6a25122d474d@group-896385CD49EE-LeaderElection127] INFO  impl.RoleInfo (RoleInfo.java:updateAndGet(143)) - b32d7882-88db-4fe6-9cca-6a25122d474d: start FollowerState
2019-10-17 02:14:40,921 [Thread-1826] INFO  impl.FollowerState (FollowerState.java:run(108)) - b32d7882-88db-4fe6-9cca-6a25122d474d@group-896385CD49EE-FollowerState: change to CANDIDATE, lastRpcTime:2ms, electionTimeout:2ms
2019-10-17 02:14:40,921 [Thread-1826] INFO  impl.RoleInfo (RoleInfo.java:shutdownFollowerState(121)) - b32d7882-88db-4fe6-9cca-6a25122d474d: shutdown FollowerState
2019-10-17 02:14:40,921 [Thread-1826] INFO  impl.RaftServerImpl (RaftServerImpl.java:setRole(184)) - b32d7882-88db-4fe6-9cca-6a25122d474d@group-896385CD49EE: changes role from  FOLLOWER to CANDIDATE at term 64 for changeToCandidate
2019-10-17 02:14:40,921 [Thread-1826] INFO  impl.RoleInfo (RoleInfo.java:updateAndGet(143)) - b32d7882-88db-4fe6-9cca-6a25122d474d: start LeaderElection
2019-10-17 02:14:40,935 [b32d7882-88db-4fe6-9cca-6a25122d474d@group-896385CD49EE-LeaderElection128] INFO  impl.LeaderElection (LeaderElection.java:askForVotes(178)) - b32d7882-88db-4fe6-9cca-6a25122d474d@group-896385CD49EE-LeaderElection128: begin an election at term 65 for -1: [b32d7882-88db-4fe6-9cca-6a25122d474d:192.168.157.194:42206, 3aea292b-16fb-4e9b-be90-828afa8e8047:192.168.157.194:34569, a6b2ebfb-69a0-457c-b6cd-a50cc148b564:192.168.157.194:37298], old=null
2019-10-17 02:14:40,937 [grpc-default-executor-0] INFO  impl.RaftServerImpl (RaftServerImpl.java:setRole(184)) - 3aea292b-16fb-4e9b-be90-828afa8e8047@group-896385CD49EE: changes role from  FOLLOWER to FOLLOWER at term 65 for recognizeCandidate:b32d7882-88db-4fe6-9cca-6a25122d474d
2019-10-17 02:14:40,937 [grpc-default-executor-2] INFO  impl.RaftServerImpl (RaftServerImpl.java:setRole(184)) - a6b2ebfb-69a0-457c-b6cd-a50cc148b564@group-896385CD49EE: changes role from  FOLLOWER to FOLLOWER at term 65 for recognizeCandidate:b32d7882-88db-4fe6-9cca-6a25122d474d
2019-10-17 02:14:40,938 [grpc-default-executor-2] INFO  impl.RoleInfo (RoleInfo.java:shutdownFollowerState(121)) - a6b2ebfb-69a0-457c-b6cd-a50cc148b564: shutdown FollowerState
2019-10-17 02:14:40,938 [grpc-default-executor-0] INFO  impl.RoleInfo (RoleInfo.java:shutdownFollowerState(121)) - 3aea292b-16fb-4e9b-be90-828afa8e8047: shutdown FollowerState
2019-10-17 02:14:40,938 [grpc-default-executor-2] INFO  impl.RoleInfo (RoleInfo.java:updateAndGet(143)) - a6b2ebfb-69a0-457c-b6cd-a50cc148b564: start FollowerState
2019-10-17 02:14:40,938 [Thread-1825] INFO  impl.FollowerState (FollowerState.java:run(117)) - a6b2ebfb-69a0-457c-b6cd-a50cc148b564@group-896385CD49EE-FollowerState was interrupted: java.lang.InterruptedException: sleep interrupted
2019-10-17 02:14:40,938 [grpc-default-executor-0] INFO  impl.RoleInfo (RoleInfo.java:updateAndGet(143)) - 3aea292b-16fb-4e9b-be90-828afa8e8047: start FollowerState
2019-10-17 02:14:40,938 [Thread-1824] INFO  impl.FollowerState (FollowerState.java:run(117)) - 3aea292b-16fb-4e9b-be90-828afa8e8047@group-896385CD49EE-FollowerState was interrupted: java.lang.InterruptedException: sleep interrupted
2019-10-17 02:14:40,953 [b32d7882-88db-4fe6-9cca-6a25122d474d@group-896385CD49EE-LeaderElection128] INFO  impl.LeaderElection (LeaderElection.java:logAndReturn(56)) - b32d7882-88db-4fe6-9cca-6a25122d474d@group-896385CD49EE-LeaderElection128: Election REJECTED; received 2 response(s) [b32d7882-88db-4fe6-9cca-6a25122d474d<-3aea292b-16fb-4e9b-be90-828afa8e8047#0:FAIL-t65, b32d7882-88db-4fe6-9cca-6a25122d474d<-a6b2ebfb-69a0-457c-b6cd-a50cc148b564#0:FAIL-t65] and 0 exception(s); b32d7882-88db-4fe6-9cca-6a25122d474d@group-896385CD49EE:t65, leader=null, voted=b32d7882-88db-4fe6-9cca-6a25122d474d, raftlog=b32d7882-88db-4fe6-9cca-6a25122d474d@group-896385CD49EE-SegmentedRaftLog:OPENED:c-1,f-1,i0, conf=-1: [b32d7882-88db-4fe6-9cca-6a25122d474d:192.168.157.194:42206, 3aea292b-16fb-4e9b-be90-828afa8e8047:192.168.157.194:34569, a6b2ebfb-69a0-457c-b6cd-a50cc148b564:192.168.157.194:37298], old=null
2019-10-17 02:14:40,953 [b32d7882-88db-4fe6-9cca-6a25122d474d@group-896385CD49EE-LeaderElection128] INFO  impl.RaftServerImpl (RaftServerImpl.java:setRole(184)) - b32d7882-88db-4fe6-9cca-6a25122d474d@group-896385CD49EE: changes role from CANDIDATE to FOLLOWER at term 65 for DISCOVERED_A_NEW_TERM
2019-10-17 02:14:40,953 [b32d7882-88db-4fe6-9cca-6a25122d474d@group-896385CD49EE-LeaderElection128] INFO  impl.RoleInfo (RoleInfo.java:shutdownLeaderElection(134)) - b32d7882-88db-4fe6-9cca-6a25122d474d: shutdown LeaderElection
2019-10-17 02:14:40,953 [b32d7882-88db-4fe6-9cca-6a25122d474d@group-896385CD49EE-LeaderElection128] INFO  impl.RoleInfo (RoleInfo.java:updateAndGet(143)) - b32d7882-88db-4fe6-9cca-6a25122d474d: start FollowerState
2019-10-17 02:14:41,080 [Thread-1832] INFO  impl.FollowerState (FollowerState.java:run(108)) - b32d7882-88db-4fe6-9cca-6a25122d474d@group-896385CD49EE-FollowerState: change to CANDIDATE, lastRpcTime:126ms, electionTimeout:126ms
2019-10-17 02:14:41,080 [Thread-1832] INFO  impl.RoleInfo (RoleInfo.java:shutdownFollowerState(121)) - b32d7882-88db-4fe6-9cca-6a25122d474d: shutdown FollowerState
2019-10-17 02:14:41,080 [Thread-1832] INFO  impl.RaftServerImpl (RaftServerImpl.java:setRole(184)) - b32d7882-88db-4fe6-9cca-6a25122d474d@group-896385CD49EE: changes role from  FOLLOWER to CANDIDATE at term 65 for changeToCandidate
2019-10-17 02:14:41,081 [Thread-1832] INFO  impl.RoleInfo (RoleInfo.java:updateAndGet(143)) - b32d7882-88db-4fe6-9cca-6a25122d474d: start LeaderElection
2019-10-17 02:14:41,095 [b32d7882-88db-4fe6-9cca-6a25122d474d@group-896385CD49EE-LeaderElection129] INFO  impl.LeaderElection (LeaderElection.java:askForVotes(178)) - b32d7882-88db-4fe6-9cca-6a25122d474d@group-896385CD49EE-LeaderElection129: begin an election at term 66 for -1: [b32d7882-88db-4fe6-9cca-6a25122d474d:192.168.157.194:42206, 3aea292b-16fb-4e9b-be90-828afa8e8047:192.168.157.194:34569, a6b2ebfb-69a0-457c-b6cd-a50cc148b564:192.168.157.194:37298], old=null
2019-10-17 02:14:41,099 [grpc-default-executor-0] INFO  impl.RaftServerImpl (RaftServerImpl.java:setRole(184)) - 3aea292b-16fb-4e9b-be90-828afa8e8047@group-896385CD49EE: changes role from  FOLLOWER to FOLLOWER at term 66 for recognizeCandidate:b32d7882-88db-4fe6-9cca-6a25122d474d
2019-10-17 02:14:41,099 [grpc-default-executor-0] INFO  impl.RoleInfo (RoleInfo.java:shutdownFollowerState(121)) - 3aea292b-16fb-4e9b-be90-828afa8e8047: shutdown FollowerState
2019-10-17 02:14:41,099 [grpc-default-executor-2] INFO  impl.RaftServerImpl (RaftServerImpl.java:setRole(184)) - a6b2ebfb-69a0-457c-b6cd-a50cc148b564@group-896385CD49EE: changes role from  FOLLOWER to FOLLOWER at term 66 for recognizeCandidate:b32d7882-88db-4fe6-9cca-6a25122d474d
2019-10-17 02:14:41,099 [Thread-1831] INFO  impl.FollowerState (FollowerState.java:run(117)) - 3aea292b-16fb-4e9b-be90-828afa8e8047@group-896385CD49EE-FollowerState was interrupted: java.lang.InterruptedException: sleep interrupted
2019-10-17 02:14:41,099 [grpc-default-executor-0] INFO  impl.RoleInfo (RoleInfo.java:updateAndGet(143)) - 3aea292b-16fb-4e9b-be90-828afa8e8047: start FollowerState
2019-10-17 02:14:41,099 [grpc-default-executor-2] INFO  impl.RoleInfo (RoleInfo.java:shutdownFollowerState(121)) - a6b2ebfb-69a0-457c-b6cd-a50cc148b564: shutdown FollowerState
2019-10-17 02:14:41,100 [grpc-default-executor-2] INFO  impl.RoleInfo (RoleInfo.java:updateAndGet(143)) - a6b2ebfb-69a0-457c-b6cd-a50cc148b564: start FollowerState
2019-10-17 02:14:41,100 [Thread-1830] INFO  impl.FollowerState (FollowerState.java:run(117)) - a6b2ebfb-69a0-457c-b6cd-a50cc148b564@group-896385CD49EE-FollowerState was interrupted: java.lang.InterruptedException: sleep interrupted
2019-10-17 02:14:41,116 [b32d7882-88db-4fe6-9cca-6a25122d474d@group-896385CD49EE-LeaderElection129] INFO  impl.LeaderElection (LeaderElection.java:logAndReturn(56)) - b32d7882-88db-4fe6-9cca-6a25122d474d@group-896385CD49EE-LeaderElection129: Election REJECTED; received 2 response(s) [b32d7882-88db-4fe6-9cca-6a25122d474d<-3aea292b-16fb-4e9b-be90-828afa8e8047#0:FAIL-t66, b32d7882-88db-4fe6-9cca-6a25122d474d<-a6b2ebfb-69a0-457c-b6cd-a50cc148b564#0:FAIL-t66] and 0 exception(s); b32d7882-88db-4fe6-9cca-6a25122d474d@group-896385CD49EE:t66, leader=null, voted=b32d7882-88db-4fe6-9cca-6a25122d474d, raftlog=b32d7882-88db-4fe6-9cca-6a25122d474d@group-896385CD49EE-SegmentedRaftLog:OPENED:c-1,f-1,i0, conf=-1: [b32d7882-88db-4fe6-9cca-6a25122d474d:192.168.157.194:42206, 3aea292b-16fb-4e9b-be90-828afa8e8047:192.168.157.194:34569, a6b2ebfb-69a0-457c-b6cd-a50cc148b564:192.168.157.194:37298], old=null
2019-10-17 02:14:41,116 [b32d7882-88db-4fe6-9cca-6a25122d474d@group-896385CD49EE-LeaderElection129] INFO  impl.RaftServerImpl (RaftServerImpl.java:setRole(184)) - b32d7882-88db-4fe6-9cca-6a25122d474d@group-896385CD49EE: changes role from CANDIDATE to FOLLOWER at term 66 for DISCOVERED_A_NEW_TERM
2019-10-17 02:14:41,117 [b32d7882-88db-4fe6-9cca-6a25122d474d@group-896385CD49EE-LeaderElection129] INFO  impl.RoleInfo (RoleInfo.java:shutdownLeaderElection(134)) - b32d7882-88db-4fe6-9cca-6a25122d474d: shutdown LeaderElection
2019-10-17 02:14:41,117 [b32d7882-88db-4fe6-9cca-6a25122d474d@group-896385CD49EE-LeaderElection129] INFO  impl.RoleInfo (RoleInfo.java:updateAndGet(143)) - b32d7882-88db-4fe6-9cca-6a25122d474d: start FollowerState
2019-10-17 02:14:41,130 [main] INFO  ozone.MiniOzoneClusterImpl (MiniOzoneClusterImpl.java:lambda$waitForClusterToBeReady$2(164)) - Waiting for 1 number of pipelines out of 4, to report a leader.
2019-10-17 02:14:41,161 [Thread-1838] INFO  impl.FollowerState (FollowerState.java:run(108)) - b32d7882-88db-4fe6-9cca-6a25122d474d@group-896385CD49EE-FollowerState: change to CANDIDATE, lastRpcTime:44ms, electionTimeout:42ms
2019-10-17 02:14:41,161 [Thread-1838] INFO  impl.RoleInfo (RoleInfo.java:shutdownFollowerState(121)) - b32d7882-88db-4fe6-9cca-6a25122d474d: shutdown FollowerState
2019-10-17 02:14:41,162 [Thread-1838] INFO  impl.RaftServerImpl (RaftServerImpl.java:setRole(184)) - b32d7882-88db-4fe6-9cca-6a25122d474d@group-896385CD49EE: changes role from  FOLLOWER to CANDIDATE at term 66 for changeToCandidate
2019-10-17 02:14:41,162 [Thread-1838] INFO  impl.RoleInfo (RoleInfo.java:updateAndGet(143)) - b32d7882-88db-4fe6-9cca-6a25122d474d: start LeaderElection
2019-10-17 02:14:41,173 [b32d7882-88db-4fe6-9cca-6a25122d474d@group-896385CD49EE-LeaderElection130] INFO  impl.LeaderElection (LeaderElection.java:askForVotes(178)) - b32d7882-88db-4fe6-9cca-6a25122d474d@group-896385CD49EE-LeaderElection130: begin an election at term 67 for -1: [b32d7882-88db-4fe6-9cca-6a25122d474d:192.168.157.194:42206, 3aea292b-16fb-4e9b-be90-828afa8e8047:192.168.157.194:34569, a6b2ebfb-69a0-457c-b6cd-a50cc148b564:192.168.157.194:37298], old=null
2019-10-17 02:14:41,176 [grpc-default-executor-0] INFO  impl.RaftServerImpl (RaftServerImpl.java:setRole(184)) - 3aea292b-16fb-4e9b-be90-828afa8e8047@group-896385CD49EE: changes role from  FOLLOWER to FOLLOWER at term 67 for recognizeCandidate:b32d7882-88db-4fe6-9cca-6a25122d474d
2019-10-17 02:14:41,177 [grpc-default-executor-0] INFO  impl.RoleInfo (RoleInfo.java:shutdownFollowerState(121)) - 3aea292b-16fb-4e9b-be90-828afa8e8047: shutdown FollowerState
2019-10-17 02:14:41,177 [grpc-default-executor-2] INFO  impl.RaftServerImpl (RaftServerImpl.java:setRole(184)) - a6b2ebfb-69a0-457c-b6cd-a50cc148b564@group-896385CD49EE: changes role from  FOLLOWER to FOLLOWER at term 67 for recognizeCandidate:b32d7882-88db-4fe6-9cca-6a25122d474d
2019-10-17 02:14:41,177 [grpc-default-executor-2] INFO  impl.RoleInfo (RoleInfo.java:shutdownFollowerState(121)) - a6b2ebfb-69a0-457c-b6cd-a50cc148b564: shutdown FollowerState
2019-10-17 02:14:41,177 [grpc-default-executor-0] INFO  impl.RoleInfo (RoleInfo.java:updateAndGet(143)) - 3aea292b-16fb-4e9b-be90-828afa8e8047: start FollowerState
2019-10-17 02:14:41,177 [grpc-default-executor-2] INFO  impl.RoleInfo (RoleInfo.java:updateAndGet(143)) - a6b2ebfb-69a0-457c-b6cd-a50cc148b564: start FollowerState
2019-10-17 02:14:41,177 [Thread-1836] INFO  impl.FollowerState (FollowerState.java:run(117)) - 3aea292b-16fb-4e9b-be90-828afa8e8047@group-896385CD49EE-FollowerState was interrupted: java.lang.InterruptedException: sleep interrupted
2019-10-17 02:14:41,177 [Thread-1837] INFO  impl.FollowerState (FollowerState.java:run(117)) - a6b2ebfb-69a0-457c-b6cd-a50cc148b564@group-896385CD49EE-FollowerState was interrupted: java.lang.InterruptedException: sleep interrupted
2019-10-17 02:14:41,193 [b32d7882-88db-4fe6-9cca-6a25122d474d@group-896385CD49EE-LeaderElection130] INFO  impl.LeaderElection (LeaderElection.java:logAndReturn(56)) - b32d7882-88db-4fe6-9cca-6a25122d474d@group-896385CD49EE-LeaderElection130: Election REJECTED; received 2 response(s) [b32d7882-88db-4fe6-9cca-6a25122d474d<-3aea292b-16fb-4e9b-be90-828afa8e8047#0:FAIL-t67, b32d7882-88db-4fe6-9cca-6a25122d474d<-a6b2ebfb-69a0-457c-b6cd-a50cc148b564#0:FAIL-t67] and 0 exception(s); b32d7882-88db-4fe6-9cca-6a25122d474d@group-896385CD49EE:t67, leader=null, voted=b32d7882-88db-4fe6-9cca-6a25122d474d, raftlog=b32d7882-88db-4fe6-9cca-6a25122d474d@group-896385CD49EE-SegmentedRaftLog:OPENED:c-1,f-1,i0, conf=-1: [b32d7882-88db-4fe6-9cca-6a25122d474d:192.168.157.194:42206, 3aea292b-16fb-4e9b-be90-828afa8e8047:192.168.157.194:34569, a6b2ebfb-69a0-457c-b6cd-a50cc148b564:192.168.157.194:37298], old=null
2019-10-17 02:14:41,193 [b32d7882-88db-4fe6-9cca-6a25122d474d@group-896385CD49EE-LeaderElection130] INFO  impl.RaftServerImpl (RaftServerImpl.java:setRole(184)) - b32d7882-88db-4fe6-9cca-6a25122d474d@group-896385CD49EE: changes role from CANDIDATE to FOLLOWER at term 67 for DISCOVERED_A_NEW_TERM
2019-10-17 02:14:41,193 [b32d7882-88db-4fe6-9cca-6a25122d474d@group-896385CD49EE-LeaderElection130] INFO  impl.RoleInfo (RoleInfo.java:shutdownLeaderElection(134)) - b32d7882-88db-4fe6-9cca-6a25122d474d: shutdown LeaderElection
2019-10-17 02:14:41,193 [b32d7882-88db-4fe6-9cca-6a25122d474d@group-896385CD49EE-LeaderElection130] INFO  impl.RoleInfo (RoleInfo.java:updateAndGet(143)) - b32d7882-88db-4fe6-9cca-6a25122d474d: start FollowerState
2019-10-17 02:14:41,292 [Thread-1844] INFO  impl.FollowerState (FollowerState.java:run(108)) - b32d7882-88db-4fe6-9cca-6a25122d474d@group-896385CD49EE-FollowerState: change to CANDIDATE, lastRpcTime:99ms, electionTimeout:99ms
2019-10-17 02:14:41,293 [Thread-1844] INFO  impl.RoleInfo (RoleInfo.java:shutdownFollowerState(121)) - b32d7882-88db-4fe6-9cca-6a25122d474d: shutdown FollowerState
2019-10-17 02:14:41,293 [Thread-1844] INFO  impl.RaftServerImpl (RaftServerImpl.java:setRole(184)) - b32d7882-88db-4fe6-9cca-6a25122d474d@group-896385CD49EE: changes role from  FOLLOWER to CANDIDATE at term 67 for changeToCandidate
2019-10-17 02:14:41,293 [Thread-1844] INFO  impl.RoleInfo (RoleInfo.java:updateAndGet(143)) - b32d7882-88db-4fe6-9cca-6a25122d474d: start LeaderElection
2019-10-17 02:14:41,307 [b32d7882-88db-4fe6-9cca-6a25122d474d@group-896385CD49EE-LeaderElection131] INFO  impl.LeaderElection (LeaderElection.java:askForVotes(178)) - b32d7882-88db-4fe6-9cca-6a25122d474d@group-896385CD49EE-LeaderElection131: begin an election at term 68 for -1: [b32d7882-88db-4fe6-9cca-6a25122d474d:192.168.157.194:42206, 3aea292b-16fb-4e9b-be90-828afa8e8047:192.168.157.194:34569, a6b2ebfb-69a0-457c-b6cd-a50cc148b564:192.168.157.194:37298], old=null
2019-10-17 02:14:41,309 [grpc-default-executor-0] INFO  impl.RaftServerImpl (RaftServerImpl.java:setRole(184)) - 3aea292b-16fb-4e9b-be90-828afa8e8047@group-896385CD49EE: changes role from  FOLLOWER to FOLLOWER at term 68 for recognizeCandidate:b32d7882-88db-4fe6-9cca-6a25122d474d
2019-10-17 02:14:41,309 [grpc-default-executor-0] INFO  impl.RoleInfo (RoleInfo.java:shutdownFollowerState(121)) - 3aea292b-16fb-4e9b-be90-828afa8e8047: shutdown FollowerState
2019-10-17 02:14:41,310 [grpc-default-executor-0] INFO  impl.RoleInfo (RoleInfo.java:updateAndGet(143)) - 3aea292b-16fb-4e9b-be90-828afa8e8047: start FollowerState
2019-10-17 02:14:41,310 [Thread-1842] INFO  impl.FollowerState (FollowerState.java:run(117)) - 3aea292b-16fb-4e9b-be90-828afa8e8047@group-896385CD49EE-FollowerState was interrupted: java.lang.InterruptedException: sleep interrupted
2019-10-17 02:14:41,310 [grpc-default-executor-2] INFO  impl.RaftServerImpl (RaftServerImpl.java:setRole(184)) - a6b2ebfb-69a0-457c-b6cd-a50cc148b564@group-896385CD49EE: changes role from  FOLLOWER to FOLLOWER at term 68 for recognizeCandidate:b32d7882-88db-4fe6-9cca-6a25122d474d
2019-10-17 02:14:41,310 [grpc-default-executor-2] INFO  impl.RoleInfo (RoleInfo.java:shutdownFollowerState(121)) - a6b2ebfb-69a0-457c-b6cd-a50cc148b564: shutdown FollowerState
2019-10-17 02:14:41,310 [grpc-default-executor-2] INFO  impl.RoleInfo (RoleInfo.java:updateAndGet(143)) - a6b2ebfb-69a0-457c-b6cd-a50cc148b564: start FollowerState
2019-10-17 02:14:41,310 [Thread-1843] INFO  impl.FollowerState (FollowerState.java:run(117)) - a6b2ebfb-69a0-457c-b6cd-a50cc148b564@group-896385CD49EE-FollowerState was interrupted: java.lang.InterruptedException: sleep interrupted
2019-10-17 02:14:41,324 [b32d7882-88db-4fe6-9cca-6a25122d474d@group-896385CD49EE-LeaderElection131] INFO  impl.LeaderElection (LeaderElection.java:logAndReturn(56)) - b32d7882-88db-4fe6-9cca-6a25122d474d@group-896385CD49EE-LeaderElection131: Election REJECTED; received 2 response(s) [b32d7882-88db-4fe6-9cca-6a25122d474d<-3aea292b-16fb-4e9b-be90-828afa8e8047#0:FAIL-t68, b32d7882-88db-4fe6-9cca-6a25122d474d<-a6b2ebfb-69a0-457c-b6cd-a50cc148b564#0:FAIL-t68] and 0 exception(s); b32d7882-88db-4fe6-9cca-6a25122d474d@group-896385CD49EE:t68, leader=null, voted=b32d7882-88db-4fe6-9cca-6a25122d474d, raftlog=b32d7882-88db-4fe6-9cca-6a25122d474d@group-896385CD49EE-SegmentedRaftLog:OPENED:c-1,f-1,i0, conf=-1: [b32d7882-88db-4fe6-9cca-6a25122d474d:192.168.157.194:42206, 3aea292b-16fb-4e9b-be90-828afa8e8047:192.168.157.194:34569, a6b2ebfb-69a0-457c-b6cd-a50cc148b564:192.168.157.194:37298], old=null
2019-10-17 02:14:41,324 [b32d7882-88db-4fe6-9cca-6a25122d474d@group-896385CD49EE-LeaderElection131] INFO  impl.RaftServerImpl (RaftServerImpl.java:setRole(184)) - b32d7882-88db-4fe6-9cca-6a25122d474d@group-896385CD49EE: changes role from CANDIDATE to FOLLOWER at term 68 for DISCOVERED_A_NEW_TERM
2019-10-17 02:14:41,324 [b32d7882-88db-4fe6-9cca-6a25122d474d@group-896385CD49EE-LeaderElection131] INFO  impl.RoleInfo (RoleInfo.java:shutdownLeaderElection(134)) - b32d7882-88db-4fe6-9cca-6a25122d474d: shutdown LeaderElection
2019-10-17 02:14:41,325 [b32d7882-88db-4fe6-9cca-6a25122d474d@group-896385CD49EE-LeaderElection131] INFO  impl.RoleInfo (RoleInfo.java:updateAndGet(143)) - b32d7882-88db-4fe6-9cca-6a25122d474d: start FollowerState
2019-10-17 02:14:41,330 [Thread-1850] INFO  impl.FollowerState (FollowerState.java:run(108)) - b32d7882-88db-4fe6-9cca-6a25122d474d@group-896385CD49EE-FollowerState: change to CANDIDATE, lastRpcTime:5ms, electionTimeout:5ms
2019-10-17 02:14:41,330 [Thread-1850] INFO  impl.RoleInfo (RoleInfo.java:shutdownFollowerState(121)) - b32d7882-88db-4fe6-9cca-6a25122d474d: shutdown FollowerState
2019-10-17 02:14:41,330 [Thread-1850] INFO  impl.RaftServerImpl (RaftServerImpl.java:setRole(184)) - b32d7882-88db-4fe6-9cca-6a25122d474d@group-896385CD49EE: changes role from  FOLLOWER to CANDIDATE at term 68 for changeToCandidate
2019-10-17 02:14:41,330 [Thread-1850] INFO  impl.RoleInfo (RoleInfo.java:updateAndGet(143)) - b32d7882-88db-4fe6-9cca-6a25122d474d: start LeaderElection
2019-10-17 02:14:41,343 [b32d7882-88db-4fe6-9cca-6a25122d474d@group-896385CD49EE-LeaderElection132] INFO  impl.LeaderElection (LeaderElection.java:askForVotes(178)) - b32d7882-88db-4fe6-9cca-6a25122d474d@group-896385CD49EE-LeaderElection132: begin an election at term 69 for -1: [b32d7882-88db-4fe6-9cca-6a25122d474d:192.168.157.194:42206, 3aea292b-16fb-4e9b-be90-828afa8e8047:192.168.157.194:34569, a6b2ebfb-69a0-457c-b6cd-a50cc148b564:192.168.157.194:37298], old=null
2019-10-17 02:14:41,345 [grpc-default-executor-2] INFO  impl.RaftServerImpl (RaftServerImpl.java:setRole(184)) - 3aea292b-16fb-4e9b-be90-828afa8e8047@group-896385CD49EE: changes role from  FOLLOWER to FOLLOWER at term 69 for recognizeCandidate:b32d7882-88db-4fe6-9cca-6a25122d474d
2019-10-17 02:14:41,345 [grpc-default-executor-2] INFO  impl.RoleInfo (RoleInfo.java:shutdownFollowerState(121)) - 3aea292b-16fb-4e9b-be90-828afa8e8047: shutdown FollowerState
2019-10-17 02:14:41,345 [grpc-default-executor-2] INFO  impl.RoleInfo (RoleInfo.java:updateAndGet(143)) - 3aea292b-16fb-4e9b-be90-828afa8e8047: start FollowerState
2019-10-17 02:14:41,345 [grpc-default-executor-0] INFO  impl.RaftServerImpl (RaftServerImpl.java:setRole(184)) - a6b2ebfb-69a0-457c-b6cd-a50cc148b564@group-896385CD49EE: changes role from  FOLLOWER to FOLLOWER at term 69 for recognizeCandidate:b32d7882-88db-4fe6-9cca-6a25122d474d
2019-10-17 02:14:41,345 [Thread-1848] INFO  impl.FollowerState (FollowerState.java:run(117)) - 3aea292b-16fb-4e9b-be90-828afa8e8047@group-896385CD49EE-FollowerState was interrupted: java.lang.InterruptedException: sleep interrupted
2019-10-17 02:14:41,346 [grpc-default-executor-0] INFO  impl.RoleInfo (RoleInfo.java:shutdownFollowerState(121)) - a6b2ebfb-69a0-457c-b6cd-a50cc148b564: shutdown FollowerState
2019-10-17 02:14:41,346 [grpc-default-executor-0] INFO  impl.RoleInfo (RoleInfo.java:updateAndGet(143)) - a6b2ebfb-69a0-457c-b6cd-a50cc148b564: start FollowerState
2019-10-17 02:14:41,346 [Thread-1849] INFO  impl.FollowerState (FollowerState.java:run(117)) - a6b2ebfb-69a0-457c-b6cd-a50cc148b564@group-896385CD49EE-FollowerState was interrupted: java.lang.InterruptedException: sleep interrupted
2019-10-17 02:14:41,361 [b32d7882-88db-4fe6-9cca-6a25122d474d@group-896385CD49EE-LeaderElection132] INFO  impl.LeaderElection (LeaderElection.java:logAndReturn(56)) - b32d7882-88db-4fe6-9cca-6a25122d474d@group-896385CD49EE-LeaderElection132: Election REJECTED; received 2 response(s) [b32d7882-88db-4fe6-9cca-6a25122d474d<-3aea292b-16fb-4e9b-be90-828afa8e8047#0:FAIL-t69, b32d7882-88db-4fe6-9cca-6a25122d474d<-a6b2ebfb-69a0-457c-b6cd-a50cc148b564#0:FAIL-t69] and 0 exception(s); b32d7882-88db-4fe6-9cca-6a25122d474d@group-896385CD49EE:t69, leader=null, voted=b32d7882-88db-4fe6-9cca-6a25122d474d, raftlog=b32d7882-88db-4fe6-9cca-6a25122d474d@group-896385CD49EE-SegmentedRaftLog:OPENED:c-1,f-1,i0, conf=-1: [b32d7882-88db-4fe6-9cca-6a25122d474d:192.168.157.194:42206, 3aea292b-16fb-4e9b-be90-828afa8e8047:192.168.157.194:34569, a6b2ebfb-69a0-457c-b6cd-a50cc148b564:192.168.157.194:37298], old=null
2019-10-17 02:14:41,361 [b32d7882-88db-4fe6-9cca-6a25122d474d@group-896385CD49EE-LeaderElection132] INFO  impl.RaftServerImpl (RaftServerImpl.java:setRole(184)) - b32d7882-88db-4fe6-9cca-6a25122d474d@group-896385CD49EE: changes role from CANDIDATE to FOLLOWER at term 69 for DISCOVERED_A_NEW_TERM
2019-10-17 02:14:41,361 [b32d7882-88db-4fe6-9cca-6a25122d474d@group-896385CD49EE-LeaderElection132] INFO  impl.RoleInfo (RoleInfo.java:shutdownLeaderElection(134)) - b32d7882-88db-4fe6-9cca-6a25122d474d: shutdown LeaderElection
2019-10-17 02:14:41,361 [b32d7882-88db-4fe6-9cca-6a25122d474d@group-896385CD49EE-LeaderElection132] INFO  impl.RoleInfo (RoleInfo.java:updateAndGet(143)) - b32d7882-88db-4fe6-9cca-6a25122d474d: start FollowerState
2019-10-17 02:14:41,448 [Thread-1856] INFO  impl.FollowerState (FollowerState.java:run(108)) - b32d7882-88db-4fe6-9cca-6a25122d474d@group-896385CD49EE-FollowerState: change to CANDIDATE, lastRpcTime:86ms, electionTimeout:86ms
2019-10-17 02:14:41,448 [Thread-1856] INFO  impl.RoleInfo (RoleInfo.java:shutdownFollowerState(121)) - b32d7882-88db-4fe6-9cca-6a25122d474d: shutdown FollowerState
2019-10-17 02:14:41,448 [Thread-1856] INFO  impl.RaftServerImpl (RaftServerImpl.java:setRole(184)) - b32d7882-88db-4fe6-9cca-6a25122d474d@group-896385CD49EE: changes role from  FOLLOWER to CANDIDATE at term 69 for changeToCandidate
2019-10-17 02:14:41,448 [Thread-1856] INFO  impl.RoleInfo (RoleInfo.java:updateAndGet(143)) - b32d7882-88db-4fe6-9cca-6a25122d474d: start LeaderElection
2019-10-17 02:14:41,455 [b32d7882-88db-4fe6-9cca-6a25122d474d@group-896385CD49EE-LeaderElection133] INFO  impl.LeaderElection (LeaderElection.java:askForVotes(178)) - b32d7882-88db-4fe6-9cca-6a25122d474d@group-896385CD49EE-LeaderElection133: begin an election at term 70 for -1: [b32d7882-88db-4fe6-9cca-6a25122d474d:192.168.157.194:42206, 3aea292b-16fb-4e9b-be90-828afa8e8047:192.168.157.194:34569, a6b2ebfb-69a0-457c-b6cd-a50cc148b564:192.168.157.194:37298], old=null
2019-10-17 02:14:41,458 [grpc-default-executor-2] INFO  impl.RaftServerImpl (RaftServerImpl.java:setRole(184)) - 3aea292b-16fb-4e9b-be90-828afa8e8047@group-896385CD49EE: changes role from  FOLLOWER to FOLLOWER at term 70 for recognizeCandidate:b32d7882-88db-4fe6-9cca-6a25122d474d
2019-10-17 02:14:41,458 [grpc-default-executor-0] INFO  impl.RaftServerImpl (RaftServerImpl.java:setRole(184)) - a6b2ebfb-69a0-457c-b6cd-a50cc148b564@group-896385CD49EE: changes role from  FOLLOWER to FOLLOWER at term 70 for recognizeCandidate:b32d7882-88db-4fe6-9cca-6a25122d474d
2019-10-17 02:14:41,459 [grpc-default-executor-0] INFO  impl.RoleInfo (RoleInfo.java:shutdownFollowerState(121)) - a6b2ebfb-69a0-457c-b6cd-a50cc148b564: shutdown FollowerState
2019-10-17 02:14:41,459 [grpc-default-executor-2] INFO  impl.RoleInfo (RoleInfo.java:shutdownFollowerState(121)) - 3aea292b-16fb-4e9b-be90-828afa8e8047: shutdown FollowerState
2019-10-17 02:14:41,459 [grpc-default-executor-0] INFO  impl.RoleInfo (RoleInfo.java:updateAndGet(143)) - a6b2ebfb-69a0-457c-b6cd-a50cc148b564: start FollowerState
2019-10-17 02:14:41,459 [grpc-default-executor-2] INFO  impl.RoleInfo (RoleInfo.java:updateAndGet(143)) - 3aea292b-16fb-4e9b-be90-828afa8e8047: start FollowerState
2019-10-17 02:14:41,459 [Thread-1855] INFO  impl.FollowerState (FollowerState.java:run(117)) - a6b2ebfb-69a0-457c-b6cd-a50cc148b564@group-896385CD49EE-FollowerState was interrupted: java.lang.InterruptedException: sleep interrupted
2019-10-17 02:14:41,459 [Thread-1854] INFO  impl.FollowerState (FollowerState.java:run(117)) - 3aea292b-16fb-4e9b-be90-828afa8e8047@group-896385CD49EE-FollowerState was interrupted: java.lang.InterruptedException: sleep interrupted
2019-10-17 02:14:41,476 [b32d7882-88db-4fe6-9cca-6a25122d474d@group-896385CD49EE-LeaderElection133] INFO  impl.LeaderElection (LeaderElection.java:logAndReturn(56)) - b32d7882-88db-4fe6-9cca-6a25122d474d@group-896385CD49EE-LeaderElection133: Election REJECTED; received 2 response(s) [b32d7882-88db-4fe6-9cca-6a25122d474d<-3aea292b-16fb-4e9b-be90-828afa8e8047#0:FAIL-t70, b32d7882-88db-4fe6-9cca-6a25122d474d<-a6b2ebfb-69a0-457c-b6cd-a50cc148b564#0:FAIL-t70] and 0 exception(s); b32d7882-88db-4fe6-9cca-6a25122d474d@group-896385CD49EE:t70, leader=null, voted=b32d7882-88db-4fe6-9cca-6a25122d474d, raftlog=b32d7882-88db-4fe6-9cca-6a25122d474d@group-896385CD49EE-SegmentedRaftLog:OPENED:c-1,f-1,i0, conf=-1: [b32d7882-88db-4fe6-9cca-6a25122d474d:192.168.157.194:42206, 3aea292b-16fb-4e9b-be90-828afa8e8047:192.168.157.194:34569, a6b2ebfb-69a0-457c-b6cd-a50cc148b564:192.168.157.194:37298], old=null
2019-10-17 02:14:41,476 [b32d7882-88db-4fe6-9cca-6a25122d474d@group-896385CD49EE-LeaderElection133] INFO  impl.RaftServerImpl (RaftServerImpl.java:setRole(184)) - b32d7882-88db-4fe6-9cca-6a25122d474d@group-896385CD49EE: changes role from CANDIDATE to FOLLOWER at term 70 for DISCOVERED_A_NEW_TERM
2019-10-17 02:14:41,476 [b32d7882-88db-4fe6-9cca-6a25122d474d@group-896385CD49EE-LeaderElection133] INFO  impl.RoleInfo (RoleInfo.java:shutdownLeaderElection(134)) - b32d7882-88db-4fe6-9cca-6a25122d474d: shutdown LeaderElection
2019-10-17 02:14:41,477 [b32d7882-88db-4fe6-9cca-6a25122d474d@group-896385CD49EE-LeaderElection133] INFO  impl.RoleInfo (RoleInfo.java:updateAndGet(143)) - b32d7882-88db-4fe6-9cca-6a25122d474d: start FollowerState
2019-10-17 02:14:41,634 [Thread-1862] INFO  impl.FollowerState (FollowerState.java:run(108)) - b32d7882-88db-4fe6-9cca-6a25122d474d@group-896385CD49EE-FollowerState: change to CANDIDATE, lastRpcTime:157ms, electionTimeout:157ms
2019-10-17 02:14:41,634 [Thread-1862] INFO  impl.RoleInfo (RoleInfo.java:shutdownFollowerState(121)) - b32d7882-88db-4fe6-9cca-6a25122d474d: shutdown FollowerState
2019-10-17 02:14:41,634 [Thread-1862] INFO  impl.RaftServerImpl (RaftServerImpl.java:setRole(184)) - b32d7882-88db-4fe6-9cca-6a25122d474d@group-896385CD49EE: changes role from  FOLLOWER to CANDIDATE at term 70 for changeToCandidate
2019-10-17 02:14:41,634 [Thread-1862] INFO  impl.RoleInfo (RoleInfo.java:updateAndGet(143)) - b32d7882-88db-4fe6-9cca-6a25122d474d: start LeaderElection
2019-10-17 02:14:41,649 [b32d7882-88db-4fe6-9cca-6a25122d474d@group-896385CD49EE-LeaderElection134] INFO  impl.LeaderElection (LeaderElection.java:askForVotes(178)) - b32d7882-88db-4fe6-9cca-6a25122d474d@group-896385CD49EE-LeaderElection134: begin an election at term 71 for -1: [b32d7882-88db-4fe6-9cca-6a25122d474d:192.168.157.194:42206, 3aea292b-16fb-4e9b-be90-828afa8e8047:192.168.157.194:34569, a6b2ebfb-69a0-457c-b6cd-a50cc148b564:192.168.157.194:37298], old=null
2019-10-17 02:14:41,651 [grpc-default-executor-0] INFO  impl.RaftServerImpl (RaftServerImpl.java:setRole(184)) - 3aea292b-16fb-4e9b-be90-828afa8e8047@group-896385CD49EE: changes role from  FOLLOWER to FOLLOWER at term 71 for recognizeCandidate:b32d7882-88db-4fe6-9cca-6a25122d474d
2019-10-17 02:14:41,651 [grpc-default-executor-0] INFO  impl.RoleInfo (RoleInfo.java:shutdownFollowerState(121)) - 3aea292b-16fb-4e9b-be90-828afa8e8047: shutdown FollowerState
2019-10-17 02:14:41,651 [grpc-default-executor-0] INFO  impl.RoleInfo (RoleInfo.java:updateAndGet(143)) - 3aea292b-16fb-4e9b-be90-828afa8e8047: start FollowerState
2019-10-17 02:14:41,652 [Thread-1861] INFO  impl.FollowerState (FollowerState.java:run(117)) - 3aea292b-16fb-4e9b-be90-828afa8e8047@group-896385CD49EE-FollowerState was interrupted: java.lang.InterruptedException: sleep interrupted
2019-10-17 02:14:41,652 [grpc-default-executor-2] INFO  impl.RaftServerImpl (RaftServerImpl.java:setRole(184)) - a6b2ebfb-69a0-457c-b6cd-a50cc148b564@group-896385CD49EE: changes role from  FOLLOWER to FOLLOWER at term 71 for recognizeCandidate:b32d7882-88db-4fe6-9cca-6a25122d474d
2019-10-17 02:14:41,652 [grpc-default-executor-2] INFO  impl.RoleInfo (RoleInfo.java:shutdownFollowerState(121)) - a6b2ebfb-69a0-457c-b6cd-a50cc148b564: shutdown FollowerState
2019-10-17 02:14:41,652 [grpc-default-executor-2] INFO  impl.RoleInfo (RoleInfo.java:updateAndGet(143)) - a6b2ebfb-69a0-457c-b6cd-a50cc148b564: start FollowerState
2019-10-17 02:14:41,652 [Thread-1860] INFO  impl.FollowerState (FollowerState.java:run(117)) - a6b2ebfb-69a0-457c-b6cd-a50cc148b564@group-896385CD49EE-FollowerState was interrupted: java.lang.InterruptedException: sleep interrupted
2019-10-17 02:14:41,667 [b32d7882-88db-4fe6-9cca-6a25122d474d@group-896385CD49EE-LeaderElection134] INFO  impl.LeaderElection (LeaderElection.java:logAndReturn(56)) - b32d7882-88db-4fe6-9cca-6a25122d474d@group-896385CD49EE-LeaderElection134: Election REJECTED; received 2 response(s) [b32d7882-88db-4fe6-9cca-6a25122d474d<-3aea292b-16fb-4e9b-be90-828afa8e8047#0:FAIL-t71, b32d7882-88db-4fe6-9cca-6a25122d474d<-a6b2ebfb-69a0-457c-b6cd-a50cc148b564#0:FAIL-t71] and 0 exception(s); b32d7882-88db-4fe6-9cca-6a25122d474d@group-896385CD49EE:t71, leader=null, voted=b32d7882-88db-4fe6-9cca-6a25122d474d, raftlog=b32d7882-88db-4fe6-9cca-6a25122d474d@group-896385CD49EE-SegmentedRaftLog:OPENED:c-1,f-1,i0, conf=-1: [b32d7882-88db-4fe6-9cca-6a25122d474d:192.168.157.194:42206, 3aea292b-16fb-4e9b-be90-828afa8e8047:192.168.157.194:34569, a6b2ebfb-69a0-457c-b6cd-a50cc148b564:192.168.157.194:37298], old=null
2019-10-17 02:14:41,667 [b32d7882-88db-4fe6-9cca-6a25122d474d@group-896385CD49EE-LeaderElection134] INFO  impl.RaftServerImpl (RaftServerImpl.java:setRole(184)) - b32d7882-88db-4fe6-9cca-6a25122d474d@group-896385CD49EE: changes role from CANDIDATE to FOLLOWER at term 71 for DISCOVERED_A_NEW_TERM
2019-10-17 02:14:41,667 [b32d7882-88db-4fe6-9cca-6a25122d474d@group-896385CD49EE-LeaderElection134] INFO  impl.RoleInfo (RoleInfo.java:shutdownLeaderElection(134)) - b32d7882-88db-4fe6-9cca-6a25122d474d: shutdown LeaderElection
2019-10-17 02:14:41,667 [b32d7882-88db-4fe6-9cca-6a25122d474d@group-896385CD49EE-LeaderElection134] INFO  impl.RoleInfo (RoleInfo.java:updateAndGet(143)) - b32d7882-88db-4fe6-9cca-6a25122d474d: start FollowerState
2019-10-17 02:14:41,806 [Thread-1868] INFO  impl.FollowerState (FollowerState.java:run(108)) - b32d7882-88db-4fe6-9cca-6a25122d474d@group-896385CD49EE-FollowerState: change to CANDIDATE, lastRpcTime:138ms, electionTimeout:138ms
2019-10-17 02:14:41,806 [Thread-1868] INFO  impl.RoleInfo (RoleInfo.java:shutdownFollowerState(121)) - b32d7882-88db-4fe6-9cca-6a25122d474d: shutdown FollowerState
2019-10-17 02:14:41,806 [Thread-1868] INFO  impl.RaftServerImpl (RaftServerImpl.java:setRole(184)) - b32d7882-88db-4fe6-9cca-6a25122d474d@group-896385CD49EE: changes role from  FOLLOWER to CANDIDATE at term 71 for changeToCandidate
2019-10-17 02:14:41,806 [Thread-1868] INFO  impl.RoleInfo (RoleInfo.java:updateAndGet(143)) - b32d7882-88db-4fe6-9cca-6a25122d474d: start LeaderElection
2019-10-17 02:14:41,820 [b32d7882-88db-4fe6-9cca-6a25122d474d@group-896385CD49EE-LeaderElection135] INFO  impl.LeaderElection (LeaderElection.java:askForVotes(178)) - b32d7882-88db-4fe6-9cca-6a25122d474d@group-896385CD49EE-LeaderElection135: begin an election at term 72 for -1: [b32d7882-88db-4fe6-9cca-6a25122d474d:192.168.157.194:42206, 3aea292b-16fb-4e9b-be90-828afa8e8047:192.168.157.194:34569, a6b2ebfb-69a0-457c-b6cd-a50cc148b564:192.168.157.194:37298], old=null
2019-10-17 02:14:41,823 [grpc-default-executor-0] INFO  impl.RaftServerImpl (RaftServerImpl.java:setRole(184)) - a6b2ebfb-69a0-457c-b6cd-a50cc148b564@group-896385CD49EE: changes role from  FOLLOWER to FOLLOWER at term 72 for recognizeCandidate:b32d7882-88db-4fe6-9cca-6a25122d474d
2019-10-17 02:14:41,823 [grpc-default-executor-0] INFO  impl.RoleInfo (RoleInfo.java:shutdownFollowerState(121)) - a6b2ebfb-69a0-457c-b6cd-a50cc148b564: shutdown FollowerState
2019-10-17 02:14:41,823 [grpc-default-executor-2] INFO  impl.RaftServerImpl (RaftServerImpl.java:setRole(184)) - 3aea292b-16fb-4e9b-be90-828afa8e8047@group-896385CD49EE: changes role from  FOLLOWER to FOLLOWER at term 72 for recognizeCandidate:b32d7882-88db-4fe6-9cca-6a25122d474d
2019-10-17 02:14:41,823 [Thread-1867] INFO  impl.FollowerState (FollowerState.java:run(117)) - a6b2ebfb-69a0-457c-b6cd-a50cc148b564@group-896385CD49EE-FollowerState was interrupted: java.lang.InterruptedException: sleep interrupted
2019-10-17 02:14:41,823 [grpc-default-executor-0] INFO  impl.RoleInfo (RoleInfo.java:updateAndGet(143)) - a6b2ebfb-69a0-457c-b6cd-a50cc148b564: start FollowerState
2019-10-17 02:14:41,823 [grpc-default-executor-2] INFO  impl.RoleInfo (RoleInfo.java:shutdownFollowerState(121)) - 3aea292b-16fb-4e9b-be90-828afa8e8047: shutdown FollowerState
2019-10-17 02:14:41,824 [grpc-default-executor-2] INFO  impl.RoleInfo (RoleInfo.java:updateAndGet(143)) - 3aea292b-16fb-4e9b-be90-828afa8e8047: start FollowerState
2019-10-17 02:14:41,824 [Thread-1866] INFO  impl.FollowerState (FollowerState.java:run(117)) - 3aea292b-16fb-4e9b-be90-828afa8e8047@group-896385CD49EE-FollowerState was interrupted: java.lang.InterruptedException: sleep interrupted
2019-10-17 02:14:41,838 [b32d7882-88db-4fe6-9cca-6a25122d474d@group-896385CD49EE-LeaderElection135] INFO  impl.LeaderElection (LeaderElection.java:logAndReturn(56)) - b32d7882-88db-4fe6-9cca-6a25122d474d@group-896385CD49EE-LeaderElection135: Election REJECTED; received 2 response(s) [b32d7882-88db-4fe6-9cca-6a25122d474d<-3aea292b-16fb-4e9b-be90-828afa8e8047#0:FAIL-t72, b32d7882-88db-4fe6-9cca-6a25122d474d<-a6b2ebfb-69a0-457c-b6cd-a50cc148b564#0:FAIL-t72] and 0 exception(s); b32d7882-88db-4fe6-9cca-6a25122d474d@group-896385CD49EE:t72, leader=null, voted=b32d7882-88db-4fe6-9cca-6a25122d474d, raftlog=b32d7882-88db-4fe6-9cca-6a25122d474d@group-896385CD49EE-SegmentedRaftLog:OPENED:c-1,f-1,i0, conf=-1: [b32d7882-88db-4fe6-9cca-6a25122d474d:192.168.157.194:42206, 3aea292b-16fb-4e9b-be90-828afa8e8047:192.168.157.194:34569, a6b2ebfb-69a0-457c-b6cd-a50cc148b564:192.168.157.194:37298], old=null
2019-10-17 02:14:41,838 [b32d7882-88db-4fe6-9cca-6a25122d474d@group-896385CD49EE-LeaderElection135] INFO  impl.RaftServerImpl (RaftServerImpl.java:setRole(184)) - b32d7882-88db-4fe6-9cca-6a25122d474d@group-896385CD49EE: changes role from CANDIDATE to FOLLOWER at term 72 for DISCOVERED_A_NEW_TERM
2019-10-17 02:14:41,839 [b32d7882-88db-4fe6-9cca-6a25122d474d@group-896385CD49EE-LeaderElection135] INFO  impl.RoleInfo (RoleInfo.java:shutdownLeaderElection(134)) - b32d7882-88db-4fe6-9cca-6a25122d474d: shutdown LeaderElection
2019-10-17 02:14:41,839 [b32d7882-88db-4fe6-9cca-6a25122d474d@group-896385CD49EE-LeaderElection135] INFO  impl.RoleInfo (RoleInfo.java:updateAndGet(143)) - b32d7882-88db-4fe6-9cca-6a25122d474d: start FollowerState
2019-10-17 02:14:42,013 [Thread-1874] INFO  impl.FollowerState (FollowerState.java:run(108)) - b32d7882-88db-4fe6-9cca-6a25122d474d@group-896385CD49EE-FollowerState: change to CANDIDATE, lastRpcTime:174ms, electionTimeout:174ms
2019-10-17 02:14:42,013 [Thread-1874] INFO  impl.RoleInfo (RoleInfo.java:shutdownFollowerState(121)) - b32d7882-88db-4fe6-9cca-6a25122d474d: shutdown FollowerState
2019-10-17 02:14:42,014 [Thread-1874] INFO  impl.RaftServerImpl (RaftServerImpl.java:setRole(184)) - b32d7882-88db-4fe6-9cca-6a25122d474d@group-896385CD49EE: changes role from  FOLLOWER to CANDIDATE at term 72 for changeToCandidate
2019-10-17 02:14:42,014 [Thread-1874] INFO  impl.RoleInfo (RoleInfo.java:updateAndGet(143)) - b32d7882-88db-4fe6-9cca-6a25122d474d: start LeaderElection
2019-10-17 02:14:42,048 [b32d7882-88db-4fe6-9cca-6a25122d474d@group-896385CD49EE-LeaderElection136] INFO  impl.LeaderElection (LeaderElection.java:askForVotes(178)) - b32d7882-88db-4fe6-9cca-6a25122d474d@group-896385CD49EE-LeaderElection136: begin an election at term 73 for -1: [b32d7882-88db-4fe6-9cca-6a25122d474d:192.168.157.194:42206, 3aea292b-16fb-4e9b-be90-828afa8e8047:192.168.157.194:34569, a6b2ebfb-69a0-457c-b6cd-a50cc148b564:192.168.157.194:37298], old=null
2019-10-17 02:14:42,051 [grpc-default-executor-0] INFO  impl.RaftServerImpl (RaftServerImpl.java:setRole(184)) - 3aea292b-16fb-4e9b-be90-828afa8e8047@group-896385CD49EE: changes role from  FOLLOWER to FOLLOWER at term 73 for recognizeCandidate:b32d7882-88db-4fe6-9cca-6a25122d474d
2019-10-17 02:14:42,051 [grpc-default-executor-2] INFO  impl.RaftServerImpl (RaftServerImpl.java:setRole(184)) - a6b2ebfb-69a0-457c-b6cd-a50cc148b564@group-896385CD49EE: changes role from  FOLLOWER to FOLLOWER at term 73 for recognizeCandidate:b32d7882-88db-4fe6-9cca-6a25122d474d
2019-10-17 02:14:42,051 [grpc-default-executor-0] INFO  impl.RoleInfo (RoleInfo.java:shutdownFollowerState(121)) - 3aea292b-16fb-4e9b-be90-828afa8e8047: shutdown FollowerState
2019-10-17 02:14:42,051 [grpc-default-executor-2] INFO  impl.RoleInfo (RoleInfo.java:shutdownFollowerState(121)) - a6b2ebfb-69a0-457c-b6cd-a50cc148b564: shutdown FollowerState
2019-10-17 02:14:42,052 [Thread-1873] INFO  impl.FollowerState (FollowerState.java:run(117)) - 3aea292b-16fb-4e9b-be90-828afa8e8047@group-896385CD49EE-FollowerState was interrupted: java.lang.InterruptedException: sleep interrupted
2019-10-17 02:14:42,052 [grpc-default-executor-0] INFO  impl.RoleInfo (RoleInfo.java:updateAndGet(143)) - 3aea292b-16fb-4e9b-be90-828afa8e8047: start FollowerState
2019-10-17 02:14:42,052 [Thread-1872] INFO  impl.FollowerState (FollowerState.java:run(117)) - a6b2ebfb-69a0-457c-b6cd-a50cc148b564@group-896385CD49EE-FollowerState was interrupted: java.lang.InterruptedException: sleep interrupted
2019-10-17 02:14:42,052 [grpc-default-executor-2] INFO  impl.RoleInfo (RoleInfo.java:updateAndGet(143)) - a6b2ebfb-69a0-457c-b6cd-a50cc148b564: start FollowerState
2019-10-17 02:14:42,067 [b32d7882-88db-4fe6-9cca-6a25122d474d@group-896385CD49EE-LeaderElection136] INFO  impl.LeaderElection (LeaderElection.java:logAndReturn(56)) - b32d7882-88db-4fe6-9cca-6a25122d474d@group-896385CD49EE-LeaderElection136: Election REJECTED; received 2 response(s) [b32d7882-88db-4fe6-9cca-6a25122d474d<-3aea292b-16fb-4e9b-be90-828afa8e8047#0:FAIL-t73, b32d7882-88db-4fe6-9cca-6a25122d474d<-a6b2ebfb-69a0-457c-b6cd-a50cc148b564#0:FAIL-t73] and 0 exception(s); b32d7882-88db-4fe6-9cca-6a25122d474d@group-896385CD49EE:t73, leader=null, voted=b32d7882-88db-4fe6-9cca-6a25122d474d, raftlog=b32d7882-88db-4fe6-9cca-6a25122d474d@group-896385CD49EE-SegmentedRaftLog:OPENED:c-1,f-1,i0, conf=-1: [b32d7882-88db-4fe6-9cca-6a25122d474d:192.168.157.194:42206, 3aea292b-16fb-4e9b-be90-828afa8e8047:192.168.157.194:34569, a6b2ebfb-69a0-457c-b6cd-a50cc148b564:192.168.157.194:37298], old=null
2019-10-17 02:14:42,067 [b32d7882-88db-4fe6-9cca-6a25122d474d@group-896385CD49EE-LeaderElection136] INFO  impl.RaftServerImpl (RaftServerImpl.java:setRole(184)) - b32d7882-88db-4fe6-9cca-6a25122d474d@group-896385CD49EE: changes role from CANDIDATE to FOLLOWER at term 73 for DISCOVERED_A_NEW_TERM
2019-10-17 02:14:42,067 [b32d7882-88db-4fe6-9cca-6a25122d474d@group-896385CD49EE-LeaderElection136] INFO  impl.RoleInfo (RoleInfo.java:shutdownLeaderElection(134)) - b32d7882-88db-4fe6-9cca-6a25122d474d: shutdown LeaderElection
2019-10-17 02:14:42,067 [b32d7882-88db-4fe6-9cca-6a25122d474d@group-896385CD49EE-LeaderElection136] INFO  impl.RoleInfo (RoleInfo.java:updateAndGet(143)) - b32d7882-88db-4fe6-9cca-6a25122d474d: start FollowerState
2019-10-17 02:14:42,073 [Thread-1880] INFO  impl.FollowerState (FollowerState.java:run(108)) - b32d7882-88db-4fe6-9cca-6a25122d474d@group-896385CD49EE-FollowerState: change to CANDIDATE, lastRpcTime:5ms, electionTimeout:5ms
2019-10-17 02:14:42,073 [Thread-1880] INFO  impl.RoleInfo (RoleInfo.java:shutdownFollowerState(121)) - b32d7882-88db-4fe6-9cca-6a25122d474d: shutdown FollowerState
2019-10-17 02:14:42,073 [Thread-1880] INFO  impl.RaftServerImpl (RaftServerImpl.java:setRole(184)) - b32d7882-88db-4fe6-9cca-6a25122d474d@group-896385CD49EE: changes role from  FOLLOWER to CANDIDATE at term 73 for changeToCandidate
2019-10-17 02:14:42,073 [Thread-1880] INFO  impl.RoleInfo (RoleInfo.java:updateAndGet(143)) - b32d7882-88db-4fe6-9cca-6a25122d474d: start LeaderElection
2019-10-17 02:14:42,087 [b32d7882-88db-4fe6-9cca-6a25122d474d@group-896385CD49EE-LeaderElection137] INFO  impl.LeaderElection (LeaderElection.java:askForVotes(178)) - b32d7882-88db-4fe6-9cca-6a25122d474d@group-896385CD49EE-LeaderElection137: begin an election at term 74 for -1: [b32d7882-88db-4fe6-9cca-6a25122d474d:192.168.157.194:42206, 3aea292b-16fb-4e9b-be90-828afa8e8047:192.168.157.194:34569, a6b2ebfb-69a0-457c-b6cd-a50cc148b564:192.168.157.194:37298], old=null
2019-10-17 02:14:42,089 [grpc-default-executor-0] INFO  impl.RaftServerImpl (RaftServerImpl.java:setRole(184)) - 3aea292b-16fb-4e9b-be90-828afa8e8047@group-896385CD49EE: changes role from  FOLLOWER to FOLLOWER at term 74 for recognizeCandidate:b32d7882-88db-4fe6-9cca-6a25122d474d
2019-10-17 02:14:42,089 [grpc-default-executor-0] INFO  impl.RoleInfo (RoleInfo.java:shutdownFollowerState(121)) - 3aea292b-16fb-4e9b-be90-828afa8e8047: shutdown FollowerState
2019-10-17 02:14:42,089 [grpc-default-executor-2] INFO  impl.RaftServerImpl (RaftServerImpl.java:setRole(184)) - a6b2ebfb-69a0-457c-b6cd-a50cc148b564@group-896385CD49EE: changes role from  FOLLOWER to FOLLOWER at term 74 for recognizeCandidate:b32d7882-88db-4fe6-9cca-6a25122d474d
2019-10-17 02:14:42,090 [Thread-1878] INFO  impl.FollowerState (FollowerState.java:run(117)) - 3aea292b-16fb-4e9b-be90-828afa8e8047@group-896385CD49EE-FollowerState was interrupted: java.lang.InterruptedException: sleep interrupted
2019-10-17 02:14:42,089 [grpc-default-executor-0] INFO  impl.RoleInfo (RoleInfo.java:updateAndGet(143)) - 3aea292b-16fb-4e9b-be90-828afa8e8047: start FollowerState
2019-10-17 02:14:42,090 [grpc-default-executor-2] INFO  impl.RoleInfo (RoleInfo.java:shutdownFollowerState(121)) - a6b2ebfb-69a0-457c-b6cd-a50cc148b564: shutdown FollowerState
2019-10-17 02:14:42,090 [grpc-default-executor-2] INFO  impl.RoleInfo (RoleInfo.java:updateAndGet(143)) - a6b2ebfb-69a0-457c-b6cd-a50cc148b564: start FollowerState
2019-10-17 02:14:42,090 [Thread-1879] INFO  impl.FollowerState (FollowerState.java:run(117)) - a6b2ebfb-69a0-457c-b6cd-a50cc148b564@group-896385CD49EE-FollowerState was interrupted: java.lang.InterruptedException: sleep interrupted
2019-10-17 02:14:42,104 [b32d7882-88db-4fe6-9cca-6a25122d474d@group-896385CD49EE-LeaderElection137] INFO  impl.LeaderElection (LeaderElection.java:logAndReturn(56)) - b32d7882-88db-4fe6-9cca-6a25122d474d@group-896385CD49EE-LeaderElection137: Election REJECTED; received 2 response(s) [b32d7882-88db-4fe6-9cca-6a25122d474d<-3aea292b-16fb-4e9b-be90-828afa8e8047#0:FAIL-t74, b32d7882-88db-4fe6-9cca-6a25122d474d<-a6b2ebfb-69a0-457c-b6cd-a50cc148b564#0:FAIL-t74] and 0 exception(s); b32d7882-88db-4fe6-9cca-6a25122d474d@group-896385CD49EE:t74, leader=null, voted=b32d7882-88db-4fe6-9cca-6a25122d474d, raftlog=b32d7882-88db-4fe6-9cca-6a25122d474d@group-896385CD49EE-SegmentedRaftLog:OPENED:c-1,f-1,i0, conf=-1: [b32d7882-88db-4fe6-9cca-6a25122d474d:192.168.157.194:42206, 3aea292b-16fb-4e9b-be90-828afa8e8047:192.168.157.194:34569, a6b2ebfb-69a0-457c-b6cd-a50cc148b564:192.168.157.194:37298], old=null
2019-10-17 02:14:42,104 [b32d7882-88db-4fe6-9cca-6a25122d474d@group-896385CD49EE-LeaderElection137] INFO  impl.RaftServerImpl (RaftServerImpl.java:setRole(184)) - b32d7882-88db-4fe6-9cca-6a25122d474d@group-896385CD49EE: changes role from CANDIDATE to FOLLOWER at term 74 for DISCOVERED_A_NEW_TERM
2019-10-17 02:14:42,104 [b32d7882-88db-4fe6-9cca-6a25122d474d@group-896385CD49EE-LeaderElection137] INFO  impl.RoleInfo (RoleInfo.java:shutdownLeaderElection(134)) - b32d7882-88db-4fe6-9cca-6a25122d474d: shutdown LeaderElection
2019-10-17 02:14:42,104 [b32d7882-88db-4fe6-9cca-6a25122d474d@group-896385CD49EE-LeaderElection137] INFO  impl.RoleInfo (RoleInfo.java:updateAndGet(143)) - b32d7882-88db-4fe6-9cca-6a25122d474d: start FollowerState
2019-10-17 02:14:42,131 [main] INFO  ozone.MiniOzoneClusterImpl (MiniOzoneClusterImpl.java:lambda$waitForClusterToBeReady$2(164)) - Waiting for 1 number of pipelines out of 4, to report a leader.
2019-10-17 02:14:42,190 [Thread-1886] INFO  impl.FollowerState (FollowerState.java:run(108)) - b32d7882-88db-4fe6-9cca-6a25122d474d@group-896385CD49EE-FollowerState: change to CANDIDATE, lastRpcTime:85ms, electionTimeout:85ms
2019-10-17 02:14:42,190 [Thread-1886] INFO  impl.RoleInfo (RoleInfo.java:shutdownFollowerState(121)) - b32d7882-88db-4fe6-9cca-6a25122d474d: shutdown FollowerState
2019-10-17 02:14:42,190 [Thread-1886] INFO  impl.RaftServerImpl (RaftServerImpl.java:setRole(184)) - b32d7882-88db-4fe6-9cca-6a25122d474d@group-896385CD49EE: changes role from  FOLLOWER to CANDIDATE at term 74 for changeToCandidate
2019-10-17 02:14:42,190 [Thread-1886] INFO  impl.RoleInfo (RoleInfo.java:updateAndGet(143)) - b32d7882-88db-4fe6-9cca-6a25122d474d: start LeaderElection
2019-10-17 02:14:42,204 [b32d7882-88db-4fe6-9cca-6a25122d474d@group-896385CD49EE-LeaderElection138] INFO  impl.LeaderElection (LeaderElection.java:askForVotes(178)) - b32d7882-88db-4fe6-9cca-6a25122d474d@group-896385CD49EE-LeaderElection138: begin an election at term 75 for -1: [b32d7882-88db-4fe6-9cca-6a25122d474d:192.168.157.194:42206, 3aea292b-16fb-4e9b-be90-828afa8e8047:192.168.157.194:34569, a6b2ebfb-69a0-457c-b6cd-a50cc148b564:192.168.157.194:37298], old=null
2019-10-17 02:14:42,207 [grpc-default-executor-0] INFO  impl.RaftServerImpl (RaftServerImpl.java:setRole(184)) - 3aea292b-16fb-4e9b-be90-828afa8e8047@group-896385CD49EE: changes role from  FOLLOWER to FOLLOWER at term 75 for recognizeCandidate:b32d7882-88db-4fe6-9cca-6a25122d474d
2019-10-17 02:14:42,207 [grpc-default-executor-0] INFO  impl.RoleInfo (RoleInfo.java:shutdownFollowerState(121)) - 3aea292b-16fb-4e9b-be90-828afa8e8047: shutdown FollowerState
2019-10-17 02:14:42,207 [grpc-default-executor-2] INFO  impl.RaftServerImpl (RaftServerImpl.java:setRole(184)) - a6b2ebfb-69a0-457c-b6cd-a50cc148b564@group-896385CD49EE: changes role from  FOLLOWER to FOLLOWER at term 75 for recognizeCandidate:b32d7882-88db-4fe6-9cca-6a25122d474d
2019-10-17 02:14:42,208 [Thread-1884] INFO  impl.FollowerState (FollowerState.java:run(117)) - 3aea292b-16fb-4e9b-be90-828afa8e8047@group-896385CD49EE-FollowerState was interrupted: java.lang.InterruptedException: sleep interrupted
2019-10-17 02:14:42,207 [grpc-default-executor-0] INFO  impl.RoleInfo (RoleInfo.java:updateAndGet(143)) - 3aea292b-16fb-4e9b-be90-828afa8e8047: start FollowerState
2019-10-17 02:14:42,208 [grpc-default-executor-2] INFO  impl.RoleInfo (RoleInfo.java:shutdownFollowerState(121)) - a6b2ebfb-69a0-457c-b6cd-a50cc148b564: shutdown FollowerState
2019-10-17 02:14:42,208 [grpc-default-executor-2] INFO  impl.RoleInfo (RoleInfo.java:updateAndGet(143)) - a6b2ebfb-69a0-457c-b6cd-a50cc148b564: start FollowerState
2019-10-17 02:14:42,208 [Thread-1885] INFO  impl.FollowerState (FollowerState.java:run(117)) - a6b2ebfb-69a0-457c-b6cd-a50cc148b564@group-896385CD49EE-FollowerState was interrupted: java.lang.InterruptedException: sleep interrupted
2019-10-17 02:14:42,223 [b32d7882-88db-4fe6-9cca-6a25122d474d@group-896385CD49EE-LeaderElection138] INFO  impl.LeaderElection (LeaderElection.java:logAndReturn(56)) - b32d7882-88db-4fe6-9cca-6a25122d474d@group-896385CD49EE-LeaderElection138: Election REJECTED; received 2 response(s) [b32d7882-88db-4fe6-9cca-6a25122d474d<-3aea292b-16fb-4e9b-be90-828afa8e8047#0:FAIL-t75, b32d7882-88db-4fe6-9cca-6a25122d474d<-a6b2ebfb-69a0-457c-b6cd-a50cc148b564#0:FAIL-t75] and 0 exception(s); b32d7882-88db-4fe6-9cca-6a25122d474d@group-896385CD49EE:t75, leader=null, voted=b32d7882-88db-4fe6-9cca-6a25122d474d, raftlog=b32d7882-88db-4fe6-9cca-6a25122d474d@group-896385CD49EE-SegmentedRaftLog:OPENED:c-1,f-1,i0, conf=-1: [b32d7882-88db-4fe6-9cca-6a25122d474d:192.168.157.194:42206, 3aea292b-16fb-4e9b-be90-828afa8e8047:192.168.157.194:34569, a6b2ebfb-69a0-457c-b6cd-a50cc148b564:192.168.157.194:37298], old=null
2019-10-17 02:14:42,223 [b32d7882-88db-4fe6-9cca-6a25122d474d@group-896385CD49EE-LeaderElection138] INFO  impl.RaftServerImpl (RaftServerImpl.java:setRole(184)) - b32d7882-88db-4fe6-9cca-6a25122d474d@group-896385CD49EE: changes role from CANDIDATE to FOLLOWER at term 75 for DISCOVERED_A_NEW_TERM
2019-10-17 02:14:42,223 [b32d7882-88db-4fe6-9cca-6a25122d474d@group-896385CD49EE-LeaderElection138] INFO  impl.RoleInfo (RoleInfo.java:shutdownLeaderElection(134)) - b32d7882-88db-4fe6-9cca-6a25122d474d: shutdown LeaderElection
2019-10-17 02:14:42,223 [b32d7882-88db-4fe6-9cca-6a25122d474d@group-896385CD49EE-LeaderElection138] INFO  impl.RoleInfo (RoleInfo.java:updateAndGet(143)) - b32d7882-88db-4fe6-9cca-6a25122d474d: start FollowerState
2019-10-17 02:14:42,229 [Thread-1892] INFO  impl.FollowerState (FollowerState.java:run(108)) - b32d7882-88db-4fe6-9cca-6a25122d474d@group-896385CD49EE-FollowerState: change to CANDIDATE, lastRpcTime:6ms, electionTimeout:6ms
2019-10-17 02:14:42,229 [Thread-1892] INFO  impl.RoleInfo (RoleInfo.java:shutdownFollowerState(121)) - b32d7882-88db-4fe6-9cca-6a25122d474d: shutdown FollowerState
2019-10-17 02:14:42,230 [Thread-1892] INFO  impl.RaftServerImpl (RaftServerImpl.java:setRole(184)) - b32d7882-88db-4fe6-9cca-6a25122d474d@group-896385CD49EE: changes role from  FOLLOWER to CANDIDATE at term 75 for changeToCandidate
2019-10-17 02:14:42,230 [Thread-1892] INFO  impl.RoleInfo (RoleInfo.java:updateAndGet(143)) - b32d7882-88db-4fe6-9cca-6a25122d474d: start LeaderElection
2019-10-17 02:14:42,244 [b32d7882-88db-4fe6-9cca-6a25122d474d@group-896385CD49EE-LeaderElection139] INFO  impl.LeaderElection (LeaderElection.java:askForVotes(178)) - b32d7882-88db-4fe6-9cca-6a25122d474d@group-896385CD49EE-LeaderElection139: begin an election at term 76 for -1: [b32d7882-88db-4fe6-9cca-6a25122d474d:192.168.157.194:42206, 3aea292b-16fb-4e9b-be90-828afa8e8047:192.168.157.194:34569, a6b2ebfb-69a0-457c-b6cd-a50cc148b564:192.168.157.194:37298], old=null
2019-10-17 02:14:42,246 [grpc-default-executor-0] INFO  impl.RaftServerImpl (RaftServerImpl.java:setRole(184)) - 3aea292b-16fb-4e9b-be90-828afa8e8047@group-896385CD49EE: changes role from  FOLLOWER to FOLLOWER at term 76 for recognizeCandidate:b32d7882-88db-4fe6-9cca-6a25122d474d
2019-10-17 02:14:42,246 [grpc-default-executor-0] INFO  impl.RoleInfo (RoleInfo.java:shutdownFollowerState(121)) - 3aea292b-16fb-4e9b-be90-828afa8e8047: shutdown FollowerState
2019-10-17 02:14:42,246 [grpc-default-executor-2] INFO  impl.RaftServerImpl (RaftServerImpl.java:setRole(184)) - a6b2ebfb-69a0-457c-b6cd-a50cc148b564@group-896385CD49EE: changes role from  FOLLOWER to FOLLOWER at term 76 for recognizeCandidate:b32d7882-88db-4fe6-9cca-6a25122d474d
2019-10-17 02:14:42,246 [grpc-default-executor-2] INFO  impl.RoleInfo (RoleInfo.java:shutdownFollowerState(121)) - a6b2ebfb-69a0-457c-b6cd-a50cc148b564: shutdown FollowerState
2019-10-17 02:14:42,246 [grpc-default-executor-0] INFO  impl.RoleInfo (RoleInfo.java:updateAndGet(143)) - 3aea292b-16fb-4e9b-be90-828afa8e8047: start FollowerState
2019-10-17 02:14:42,246 [grpc-default-executor-2] INFO  impl.RoleInfo (RoleInfo.java:updateAndGet(143)) - a6b2ebfb-69a0-457c-b6cd-a50cc148b564: start FollowerState
2019-10-17 02:14:42,246 [Thread-1890] INFO  impl.FollowerState (FollowerState.java:run(117)) - 3aea292b-16fb-4e9b-be90-828afa8e8047@group-896385CD49EE-FollowerState was interrupted: java.lang.InterruptedException: sleep interrupted
2019-10-17 02:14:42,247 [Thread-1891] INFO  impl.FollowerState (FollowerState.java:run(117)) - a6b2ebfb-69a0-457c-b6cd-a50cc148b564@group-896385CD49EE-FollowerState was interrupted: java.lang.InterruptedException: sleep interrupted
2019-10-17 02:14:42,260 [b32d7882-88db-4fe6-9cca-6a25122d474d@group-896385CD49EE-LeaderElection139] INFO  impl.LeaderElection (LeaderElection.java:logAndReturn(56)) - b32d7882-88db-4fe6-9cca-6a25122d474d@group-896385CD49EE-LeaderElection139: Election REJECTED; received 2 response(s) [b32d7882-88db-4fe6-9cca-6a25122d474d<-3aea292b-16fb-4e9b-be90-828afa8e8047#0:FAIL-t76, b32d7882-88db-4fe6-9cca-6a25122d474d<-a6b2ebfb-69a0-457c-b6cd-a50cc148b564#0:FAIL-t76] and 0 exception(s); b32d7882-88db-4fe6-9cca-6a25122d474d@group-896385CD49EE:t76, leader=null, voted=b32d7882-88db-4fe6-9cca-6a25122d474d, raftlog=b32d7882-88db-4fe6-9cca-6a25122d474d@group-896385CD49EE-SegmentedRaftLog:OPENED:c-1,f-1,i0, conf=-1: [b32d7882-88db-4fe6-9cca-6a25122d474d:192.168.157.194:42206, 3aea292b-16fb-4e9b-be90-828afa8e8047:192.168.157.194:34569, a6b2ebfb-69a0-457c-b6cd-a50cc148b564:192.168.157.194:37298], old=null
2019-10-17 02:14:42,261 [b32d7882-88db-4fe6-9cca-6a25122d474d@group-896385CD49EE-LeaderElection139] INFO  impl.RaftServerImpl (RaftServerImpl.java:setRole(184)) - b32d7882-88db-4fe6-9cca-6a25122d474d@group-896385CD49EE: changes role from CANDIDATE to FOLLOWER at term 76 for DISCOVERED_A_NEW_TERM
2019-10-17 02:14:42,261 [b32d7882-88db-4fe6-9cca-6a25122d474d@group-896385CD49EE-LeaderElection139] INFO  impl.RoleInfo (RoleInfo.java:shutdownLeaderElection(134)) - b32d7882-88db-4fe6-9cca-6a25122d474d: shutdown LeaderElection
2019-10-17 02:14:42,261 [b32d7882-88db-4fe6-9cca-6a25122d474d@group-896385CD49EE-LeaderElection139] INFO  impl.RoleInfo (RoleInfo.java:updateAndGet(143)) - b32d7882-88db-4fe6-9cca-6a25122d474d: start FollowerState
2019-10-17 02:14:42,361 [Thread-1898] INFO  impl.FollowerState (FollowerState.java:run(108)) - b32d7882-88db-4fe6-9cca-6a25122d474d@group-896385CD49EE-FollowerState: change to CANDIDATE, lastRpcTime:100ms, electionTimeout:100ms
2019-10-17 02:14:42,362 [Thread-1898] INFO  impl.RoleInfo (RoleInfo.java:shutdownFollowerState(121)) - b32d7882-88db-4fe6-9cca-6a25122d474d: shutdown FollowerState
2019-10-17 02:14:42,362 [Thread-1898] INFO  impl.RaftServerImpl (RaftServerImpl.java:setRole(184)) - b32d7882-88db-4fe6-9cca-6a25122d474d@group-896385CD49EE: changes role from  FOLLOWER to CANDIDATE at term 76 for changeToCandidate
2019-10-17 02:14:42,362 [Thread-1898] INFO  impl.RoleInfo (RoleInfo.java:updateAndGet(143)) - b32d7882-88db-4fe6-9cca-6a25122d474d: start LeaderElection
2019-10-17 02:14:42,376 [b32d7882-88db-4fe6-9cca-6a25122d474d@group-896385CD49EE-LeaderElection140] INFO  impl.LeaderElection (LeaderElection.java:askForVotes(178)) - b32d7882-88db-4fe6-9cca-6a25122d474d@group-896385CD49EE-LeaderElection140: begin an election at term 77 for -1: [b32d7882-88db-4fe6-9cca-6a25122d474d:192.168.157.194:42206, 3aea292b-16fb-4e9b-be90-828afa8e8047:192.168.157.194:34569, a6b2ebfb-69a0-457c-b6cd-a50cc148b564:192.168.157.194:37298], old=null
2019-10-17 02:14:42,378 [grpc-default-executor-2] INFO  impl.RaftServerImpl (RaftServerImpl.java:setRole(184)) - 3aea292b-16fb-4e9b-be90-828afa8e8047@group-896385CD49EE: changes role from  FOLLOWER to FOLLOWER at term 77 for recognizeCandidate:b32d7882-88db-4fe6-9cca-6a25122d474d
2019-10-17 02:14:42,379 [grpc-default-executor-2] INFO  impl.RoleInfo (RoleInfo.java:shutdownFollowerState(121)) - 3aea292b-16fb-4e9b-be90-828afa8e8047: shutdown FollowerState
2019-10-17 02:14:42,379 [grpc-default-executor-0] INFO  impl.RaftServerImpl (RaftServerImpl.java:setRole(184)) - a6b2ebfb-69a0-457c-b6cd-a50cc148b564@group-896385CD49EE: changes role from  FOLLOWER to FOLLOWER at term 77 for recognizeCandidate:b32d7882-88db-4fe6-9cca-6a25122d474d
2019-10-17 02:14:42,379 [grpc-default-executor-0] INFO  impl.RoleInfo (RoleInfo.java:shutdownFollowerState(121)) - a6b2ebfb-69a0-457c-b6cd-a50cc148b564: shutdown FollowerState
2019-10-17 02:14:42,379 [Thread-1896] INFO  impl.FollowerState (FollowerState.java:run(117)) - 3aea292b-16fb-4e9b-be90-828afa8e8047@group-896385CD49EE-FollowerState was interrupted: java.lang.InterruptedException: sleep interrupted
2019-10-17 02:14:42,379 [grpc-default-executor-2] INFO  impl.RoleInfo (RoleInfo.java:updateAndGet(143)) - 3aea292b-16fb-4e9b-be90-828afa8e8047: start FollowerState
2019-10-17 02:14:42,379 [Thread-1897] INFO  impl.FollowerState (FollowerState.java:run(117)) - a6b2ebfb-69a0-457c-b6cd-a50cc148b564@group-896385CD49EE-FollowerState was interrupted: java.lang.InterruptedException: sleep interrupted
2019-10-17 02:14:42,379 [grpc-default-executor-0] INFO  impl.RoleInfo (RoleInfo.java:updateAndGet(143)) - a6b2ebfb-69a0-457c-b6cd-a50cc148b564: start FollowerState
2019-10-17 02:14:42,395 [b32d7882-88db-4fe6-9cca-6a25122d474d@group-896385CD49EE-LeaderElection140] INFO  impl.LeaderElection (LeaderElection.java:logAndReturn(56)) - b32d7882-88db-4fe6-9cca-6a25122d474d@group-896385CD49EE-LeaderElection140: Election REJECTED; received 2 response(s) [b32d7882-88db-4fe6-9cca-6a25122d474d<-3aea292b-16fb-4e9b-be90-828afa8e8047#0:FAIL-t77, b32d7882-88db-4fe6-9cca-6a25122d474d<-a6b2ebfb-69a0-457c-b6cd-a50cc148b564#0:FAIL-t77] and 0 exception(s); b32d7882-88db-4fe6-9cca-6a25122d474d@group-896385CD49EE:t77, leader=null, voted=b32d7882-88db-4fe6-9cca-6a25122d474d, raftlog=b32d7882-88db-4fe6-9cca-6a25122d474d@group-896385CD49EE-SegmentedRaftLog:OPENED:c-1,f-1,i0, conf=-1: [b32d7882-88db-4fe6-9cca-6a25122d474d:192.168.157.194:42206, 3aea292b-16fb-4e9b-be90-828afa8e8047:192.168.157.194:34569, a6b2ebfb-69a0-457c-b6cd-a50cc148b564:192.168.157.194:37298], old=null
2019-10-17 02:14:42,395 [b32d7882-88db-4fe6-9cca-6a25122d474d@group-896385CD49EE-LeaderElection140] INFO  impl.RaftServerImpl (RaftServerImpl.java:setRole(184)) - b32d7882-88db-4fe6-9cca-6a25122d474d@group-896385CD49EE: changes role from CANDIDATE to FOLLOWER at term 77 for DISCOVERED_A_NEW_TERM
2019-10-17 02:14:42,395 [b32d7882-88db-4fe6-9cca-6a25122d474d@group-896385CD49EE-LeaderElection140] INFO  impl.RoleInfo (RoleInfo.java:shutdownLeaderElection(134)) - b32d7882-88db-4fe6-9cca-6a25122d474d: shutdown LeaderElection
2019-10-17 02:14:42,395 [b32d7882-88db-4fe6-9cca-6a25122d474d@group-896385CD49EE-LeaderElection140] INFO  impl.RoleInfo (RoleInfo.java:updateAndGet(143)) - b32d7882-88db-4fe6-9cca-6a25122d474d: start FollowerState
2019-10-17 02:14:42,495 [Thread-1904] INFO  impl.FollowerState (FollowerState.java:run(108)) - b32d7882-88db-4fe6-9cca-6a25122d474d@group-896385CD49EE-FollowerState: change to CANDIDATE, lastRpcTime:100ms, electionTimeout:100ms
2019-10-17 02:14:42,496 [Thread-1904] INFO  impl.RoleInfo (RoleInfo.java:shutdownFollowerState(121)) - b32d7882-88db-4fe6-9cca-6a25122d474d: shutdown FollowerState
2019-10-17 02:14:42,496 [Thread-1904] INFO  impl.RaftServerImpl (RaftServerImpl.java:setRole(184)) - b32d7882-88db-4fe6-9cca-6a25122d474d@group-896385CD49EE: changes role from  FOLLOWER to CANDIDATE at term 77 for changeToCandidate
2019-10-17 02:14:42,496 [Thread-1904] INFO  impl.RoleInfo (RoleInfo.java:updateAndGet(143)) - b32d7882-88db-4fe6-9cca-6a25122d474d: start LeaderElection
2019-10-17 02:14:42,508 [b32d7882-88db-4fe6-9cca-6a25122d474d@group-896385CD49EE-LeaderElection141] INFO  impl.LeaderElection (LeaderElection.java:askForVotes(178)) - b32d7882-88db-4fe6-9cca-6a25122d474d@group-896385CD49EE-LeaderElection141: begin an election at term 78 for -1: [b32d7882-88db-4fe6-9cca-6a25122d474d:192.168.157.194:42206, 3aea292b-16fb-4e9b-be90-828afa8e8047:192.168.157.194:34569, a6b2ebfb-69a0-457c-b6cd-a50cc148b564:192.168.157.194:37298], old=null
2019-10-17 02:14:42,510 [grpc-default-executor-0] INFO  impl.RaftServerImpl (RaftServerImpl.java:setRole(184)) - 3aea292b-16fb-4e9b-be90-828afa8e8047@group-896385CD49EE: changes role from  FOLLOWER to FOLLOWER at term 78 for recognizeCandidate:b32d7882-88db-4fe6-9cca-6a25122d474d
2019-10-17 02:14:42,510 [grpc-default-executor-0] INFO  impl.RoleInfo (RoleInfo.java:shutdownFollowerState(121)) - 3aea292b-16fb-4e9b-be90-828afa8e8047: shutdown FollowerState
2019-10-17 02:14:42,511 [grpc-default-executor-0] INFO  impl.RoleInfo (RoleInfo.java:updateAndGet(143)) - 3aea292b-16fb-4e9b-be90-828afa8e8047: start FollowerState
2019-10-17 02:14:42,511 [Thread-1902] INFO  impl.FollowerState (FollowerState.java:run(117)) - 3aea292b-16fb-4e9b-be90-828afa8e8047@group-896385CD49EE-FollowerState was interrupted: java.lang.InterruptedException: sleep interrupted
2019-10-17 02:14:42,511 [grpc-default-executor-2] INFO  impl.RaftServerImpl (RaftServerImpl.java:setRole(184)) - a6b2ebfb-69a0-457c-b6cd-a50cc148b564@group-896385CD49EE: changes role from  FOLLOWER to FOLLOWER at term 78 for recognizeCandidate:b32d7882-88db-4fe6-9cca-6a25122d474d
2019-10-17 02:14:42,511 [grpc-default-executor-2] INFO  impl.RoleInfo (RoleInfo.java:shutdownFollowerState(121)) - a6b2ebfb-69a0-457c-b6cd-a50cc148b564: shutdown FollowerState
2019-10-17 02:14:42,511 [grpc-default-executor-2] INFO  impl.RoleInfo (RoleInfo.java:updateAndGet(143)) - a6b2ebfb-69a0-457c-b6cd-a50cc148b564: start FollowerState
2019-10-17 02:14:42,511 [Thread-1903] INFO  impl.FollowerState (FollowerState.java:run(117)) - a6b2ebfb-69a0-457c-b6cd-a50cc148b564@group-896385CD49EE-FollowerState was interrupted: java.lang.InterruptedException: sleep interrupted
2019-10-17 02:14:42,519 [b32d7882-88db-4fe6-9cca-6a25122d474d@group-896385CD49EE-LeaderElection141] INFO  impl.LeaderElection (LeaderElection.java:logAndReturn(56)) - b32d7882-88db-4fe6-9cca-6a25122d474d@group-896385CD49EE-LeaderElection141: Election TIMEOUT; received 0 response(s) [] and 0 exception(s); b32d7882-88db-4fe6-9cca-6a25122d474d@group-896385CD49EE:t78, leader=null, voted=b32d7882-88db-4fe6-9cca-6a25122d474d, raftlog=b32d7882-88db-4fe6-9cca-6a25122d474d@group-896385CD49EE-SegmentedRaftLog:OPENED:c-1,f-1,i0, conf=-1: [b32d7882-88db-4fe6-9cca-6a25122d474d:192.168.157.194:42206, 3aea292b-16fb-4e9b-be90-828afa8e8047:192.168.157.194:34569, a6b2ebfb-69a0-457c-b6cd-a50cc148b564:192.168.157.194:37298], old=null
2019-10-17 02:14:42,523 [b32d7882-88db-4fe6-9cca-6a25122d474d@group-896385CD49EE-LeaderElection141] INFO  impl.LeaderElection (LeaderElection.java:askForVotes(178)) - b32d7882-88db-4fe6-9cca-6a25122d474d@group-896385CD49EE-LeaderElection141: begin an election at term 79 for -1: [b32d7882-88db-4fe6-9cca-6a25122d474d:192.168.157.194:42206, 3aea292b-16fb-4e9b-be90-828afa8e8047:192.168.157.194:34569, a6b2ebfb-69a0-457c-b6cd-a50cc148b564:192.168.157.194:37298], old=null
2019-10-17 02:14:42,526 [grpc-default-executor-0] INFO  impl.RaftServerImpl (RaftServerImpl.java:setRole(184)) - 3aea292b-16fb-4e9b-be90-828afa8e8047@group-896385CD49EE: changes role from  FOLLOWER to FOLLOWER at term 79 for recognizeCandidate:b32d7882-88db-4fe6-9cca-6a25122d474d
2019-10-17 02:14:42,526 [grpc-default-executor-2] INFO  impl.RaftServerImpl (RaftServerImpl.java:setRole(184)) - a6b2ebfb-69a0-457c-b6cd-a50cc148b564@group-896385CD49EE: changes role from  FOLLOWER to FOLLOWER at term 79 for recognizeCandidate:b32d7882-88db-4fe6-9cca-6a25122d474d
2019-10-17 02:14:42,526 [grpc-default-executor-0] INFO  impl.RoleInfo (RoleInfo.java:shutdownFollowerState(121)) - 3aea292b-16fb-4e9b-be90-828afa8e8047: shutdown FollowerState
2019-10-17 02:14:42,526 [grpc-default-executor-2] INFO  impl.RoleInfo (RoleInfo.java:shutdownFollowerState(121)) - a6b2ebfb-69a0-457c-b6cd-a50cc148b564: shutdown FollowerState
2019-10-17 02:14:42,526 [grpc-default-executor-0] INFO  impl.RoleInfo (RoleInfo.java:updateAndGet(143)) - 3aea292b-16fb-4e9b-be90-828afa8e8047: start FollowerState
2019-10-17 02:14:42,527 [grpc-default-executor-2] INFO  impl.RoleInfo (RoleInfo.java:updateAndGet(143)) - a6b2ebfb-69a0-457c-b6cd-a50cc148b564: start FollowerState
2019-10-17 02:14:42,527 [Thread-1908] INFO  impl.FollowerState (FollowerState.java:run(117)) - 3aea292b-16fb-4e9b-be90-828afa8e8047@group-896385CD49EE-FollowerState was interrupted: java.lang.InterruptedException: sleep interrupted
2019-10-17 02:14:42,527 [Thread-1909] INFO  impl.FollowerState (FollowerState.java:run(117)) - a6b2ebfb-69a0-457c-b6cd-a50cc148b564@group-896385CD49EE-FollowerState was interrupted: java.lang.InterruptedException: sleep interrupted
2019-10-17 02:14:42,538 [b32d7882-88db-4fe6-9cca-6a25122d474d@group-896385CD49EE-LeaderElection141] INFO  impl.LeaderElection (LeaderElection.java:logAndReturn(56)) - b32d7882-88db-4fe6-9cca-6a25122d474d@group-896385CD49EE-LeaderElection141: Election REJECTED; received 2 response(s) [b32d7882-88db-4fe6-9cca-6a25122d474d<-3aea292b-16fb-4e9b-be90-828afa8e8047#0:FAIL-t79, b32d7882-88db-4fe6-9cca-6a25122d474d<-a6b2ebfb-69a0-457c-b6cd-a50cc148b564#0:FAIL-t79] and 0 exception(s); b32d7882-88db-4fe6-9cca-6a25122d474d@group-896385CD49EE:t79, leader=null, voted=b32d7882-88db-4fe6-9cca-6a25122d474d, raftlog=b32d7882-88db-4fe6-9cca-6a25122d474d@group-896385CD49EE-SegmentedRaftLog:OPENED:c-1,f-1,i0, conf=-1: [b32d7882-88db-4fe6-9cca-6a25122d474d:192.168.157.194:42206, 3aea292b-16fb-4e9b-be90-828afa8e8047:192.168.157.194:34569, a6b2ebfb-69a0-457c-b6cd-a50cc148b564:192.168.157.194:37298], old=null
2019-10-17 02:14:42,538 [b32d7882-88db-4fe6-9cca-6a25122d474d@group-896385CD49EE-LeaderElection141] INFO  impl.RaftServerImpl (RaftServerImpl.java:setRole(184)) - b32d7882-88db-4fe6-9cca-6a25122d474d@group-896385CD49EE: changes role from CANDIDATE to FOLLOWER at term 79 for DISCOVERED_A_NEW_TERM
2019-10-17 02:14:42,538 [b32d7882-88db-4fe6-9cca-6a25122d474d@group-896385CD49EE-LeaderElection141] INFO  impl.RoleInfo (RoleInfo.java:shutdownLeaderElection(134)) - b32d7882-88db-4fe6-9cca-6a25122d474d: shutdown LeaderElection
2019-10-17 02:14:42,538 [b32d7882-88db-4fe6-9cca-6a25122d474d@group-896385CD49EE-LeaderElection141] INFO  impl.RoleInfo (RoleInfo.java:updateAndGet(143)) - b32d7882-88db-4fe6-9cca-6a25122d474d: start FollowerState
2019-10-17 02:14:42,635 [Thread-1914] INFO  impl.FollowerState (FollowerState.java:run(108)) - b32d7882-88db-4fe6-9cca-6a25122d474d@group-896385CD49EE-FollowerState: change to CANDIDATE, lastRpcTime:96ms, electionTimeout:96ms
2019-10-17 02:14:42,635 [Thread-1914] INFO  impl.RoleInfo (RoleInfo.java:shutdownFollowerState(121)) - b32d7882-88db-4fe6-9cca-6a25122d474d: shutdown FollowerState
2019-10-17 02:14:42,635 [Thread-1914] INFO  impl.RaftServerImpl (RaftServerImpl.java:setRole(184)) - b32d7882-88db-4fe6-9cca-6a25122d474d@group-896385CD49EE: changes role from  FOLLOWER to CANDIDATE at term 79 for changeToCandidate
2019-10-17 02:14:42,635 [Thread-1914] INFO  impl.RoleInfo (RoleInfo.java:updateAndGet(143)) - b32d7882-88db-4fe6-9cca-6a25122d474d: start LeaderElection
2019-10-17 02:14:42,649 [b32d7882-88db-4fe6-9cca-6a25122d474d@group-896385CD49EE-LeaderElection142] INFO  impl.LeaderElection (LeaderElection.java:askForVotes(178)) - b32d7882-88db-4fe6-9cca-6a25122d474d@group-896385CD49EE-LeaderElection142: begin an election at term 80 for -1: [b32d7882-88db-4fe6-9cca-6a25122d474d:192.168.157.194:42206, 3aea292b-16fb-4e9b-be90-828afa8e8047:192.168.157.194:34569, a6b2ebfb-69a0-457c-b6cd-a50cc148b564:192.168.157.194:37298], old=null
2019-10-17 02:14:42,651 [grpc-default-executor-0] INFO  impl.RaftServerImpl (RaftServerImpl.java:setRole(184)) - 3aea292b-16fb-4e9b-be90-828afa8e8047@group-896385CD49EE: changes role from  FOLLOWER to FOLLOWER at term 80 for recognizeCandidate:b32d7882-88db-4fe6-9cca-6a25122d474d
2019-10-17 02:14:42,652 [grpc-default-executor-0] INFO  impl.RoleInfo (RoleInfo.java:shutdownFollowerState(121)) - 3aea292b-16fb-4e9b-be90-828afa8e8047: shutdown FollowerState
2019-10-17 02:14:42,652 [grpc-default-executor-2] INFO  impl.RaftServerImpl (RaftServerImpl.java:setRole(184)) - a6b2ebfb-69a0-457c-b6cd-a50cc148b564@group-896385CD49EE: changes role from  FOLLOWER to FOLLOWER at term 80 for recognizeCandidate:b32d7882-88db-4fe6-9cca-6a25122d474d
2019-10-17 02:14:42,652 [Thread-1912] INFO  impl.FollowerState (FollowerState.java:run(117)) - 3aea292b-16fb-4e9b-be90-828afa8e8047@group-896385CD49EE-FollowerState was interrupted: java.lang.InterruptedException: sleep interrupted
2019-10-17 02:14:42,652 [grpc-default-executor-0] INFO  impl.RoleInfo (RoleInfo.java:updateAndGet(143)) - 3aea292b-16fb-4e9b-be90-828afa8e8047: start FollowerState
2019-10-17 02:14:42,652 [grpc-default-executor-2] INFO  impl.RoleInfo (RoleInfo.java:shutdownFollowerState(121)) - a6b2ebfb-69a0-457c-b6cd-a50cc148b564: shutdown FollowerState
2019-10-17 02:14:42,652 [grpc-default-executor-2] INFO  impl.RoleInfo (RoleInfo.java:updateAndGet(143)) - a6b2ebfb-69a0-457c-b6cd-a50cc148b564: start FollowerState
2019-10-17 02:14:42,653 [Thread-1913] INFO  impl.FollowerState (FollowerState.java:run(117)) - a6b2ebfb-69a0-457c-b6cd-a50cc148b564@group-896385CD49EE-FollowerState was interrupted: java.lang.InterruptedException: sleep interrupted
2019-10-17 02:14:42,667 [b32d7882-88db-4fe6-9cca-6a25122d474d@group-896385CD49EE-LeaderElection142] INFO  impl.LeaderElection (LeaderElection.java:logAndReturn(56)) - b32d7882-88db-4fe6-9cca-6a25122d474d@group-896385CD49EE-LeaderElection142: Election REJECTED; received 2 response(s) [b32d7882-88db-4fe6-9cca-6a25122d474d<-3aea292b-16fb-4e9b-be90-828afa8e8047#0:FAIL-t80, b32d7882-88db-4fe6-9cca-6a25122d474d<-a6b2ebfb-69a0-457c-b6cd-a50cc148b564#0:FAIL-t80] and 0 exception(s); b32d7882-88db-4fe6-9cca-6a25122d474d@group-896385CD49EE:t80, leader=null, voted=b32d7882-88db-4fe6-9cca-6a25122d474d, raftlog=b32d7882-88db-4fe6-9cca-6a25122d474d@group-896385CD49EE-SegmentedRaftLog:OPENED:c-1,f-1,i0, conf=-1: [b32d7882-88db-4fe6-9cca-6a25122d474d:192.168.157.194:42206, 3aea292b-16fb-4e9b-be90-828afa8e8047:192.168.157.194:34569, a6b2ebfb-69a0-457c-b6cd-a50cc148b564:192.168.157.194:37298], old=null
2019-10-17 02:14:42,667 [b32d7882-88db-4fe6-9cca-6a25122d474d@group-896385CD49EE-LeaderElection142] INFO  impl.RaftServerImpl (RaftServerImpl.java:setRole(184)) - b32d7882-88db-4fe6-9cca-6a25122d474d@group-896385CD49EE: changes role from CANDIDATE to FOLLOWER at term 80 for DISCOVERED_A_NEW_TERM
2019-10-17 02:14:42,668 [b32d7882-88db-4fe6-9cca-6a25122d474d@group-896385CD49EE-LeaderElection142] INFO  impl.RoleInfo (RoleInfo.java:shutdownLeaderElection(134)) - b32d7882-88db-4fe6-9cca-6a25122d474d: shutdown LeaderElection
2019-10-17 02:14:42,668 [b32d7882-88db-4fe6-9cca-6a25122d474d@group-896385CD49EE-LeaderElection142] INFO  impl.RoleInfo (RoleInfo.java:updateAndGet(143)) - b32d7882-88db-4fe6-9cca-6a25122d474d: start FollowerState
2019-10-17 02:14:42,792 [Thread-1920] INFO  impl.FollowerState (FollowerState.java:run(108)) - b32d7882-88db-4fe6-9cca-6a25122d474d@group-896385CD49EE-FollowerState: change to CANDIDATE, lastRpcTime:124ms, electionTimeout:124ms
2019-10-17 02:14:42,792 [Thread-1920] INFO  impl.RoleInfo (RoleInfo.java:shutdownFollowerState(121)) - b32d7882-88db-4fe6-9cca-6a25122d474d: shutdown FollowerState
2019-10-17 02:14:42,792 [Thread-1920] INFO  impl.RaftServerImpl (RaftServerImpl.java:setRole(184)) - b32d7882-88db-4fe6-9cca-6a25122d474d@group-896385CD49EE: changes role from  FOLLOWER to CANDIDATE at term 80 for changeToCandidate
2019-10-17 02:14:42,793 [Thread-1920] INFO  impl.RoleInfo (RoleInfo.java:updateAndGet(143)) - b32d7882-88db-4fe6-9cca-6a25122d474d: start LeaderElection
2019-10-17 02:14:42,807 [b32d7882-88db-4fe6-9cca-6a25122d474d@group-896385CD49EE-LeaderElection143] INFO  impl.LeaderElection (LeaderElection.java:askForVotes(178)) - b32d7882-88db-4fe6-9cca-6a25122d474d@group-896385CD49EE-LeaderElection143: begin an election at term 81 for -1: [b32d7882-88db-4fe6-9cca-6a25122d474d:192.168.157.194:42206, 3aea292b-16fb-4e9b-be90-828afa8e8047:192.168.157.194:34569, a6b2ebfb-69a0-457c-b6cd-a50cc148b564:192.168.157.194:37298], old=null
2019-10-17 02:14:42,810 [grpc-default-executor-2] INFO  impl.RaftServerImpl (RaftServerImpl.java:setRole(184)) - 3aea292b-16fb-4e9b-be90-828afa8e8047@group-896385CD49EE: changes role from  FOLLOWER to FOLLOWER at term 81 for recognizeCandidate:b32d7882-88db-4fe6-9cca-6a25122d474d
2019-10-17 02:14:42,810 [grpc-default-executor-2] INFO  impl.RoleInfo (RoleInfo.java:shutdownFollowerState(121)) - 3aea292b-16fb-4e9b-be90-828afa8e8047: shutdown FollowerState
2019-10-17 02:14:42,810 [grpc-default-executor-0] INFO  impl.RaftServerImpl (RaftServerImpl.java:setRole(184)) - a6b2ebfb-69a0-457c-b6cd-a50cc148b564@group-896385CD49EE: changes role from  FOLLOWER to FOLLOWER at term 81 for recognizeCandidate:b32d7882-88db-4fe6-9cca-6a25122d474d
2019-10-17 02:14:42,810 [grpc-default-executor-2] INFO  impl.RoleInfo (RoleInfo.java:updateAndGet(143)) - 3aea292b-16fb-4e9b-be90-828afa8e8047: start FollowerState
2019-10-17 02:14:42,810 [Thread-1918] INFO  impl.FollowerState (FollowerState.java:run(117)) - 3aea292b-16fb-4e9b-be90-828afa8e8047@group-896385CD49EE-FollowerState was interrupted: java.lang.InterruptedException: sleep interrupted
2019-10-17 02:14:42,810 [grpc-default-executor-0] INFO  impl.RoleInfo (RoleInfo.java:shutdownFollowerState(121)) - a6b2ebfb-69a0-457c-b6cd-a50cc148b564: shutdown FollowerState
2019-10-17 02:14:42,811 [grpc-default-executor-0] INFO  impl.RoleInfo (RoleInfo.java:updateAndGet(143)) - a6b2ebfb-69a0-457c-b6cd-a50cc148b564: start FollowerState
2019-10-17 02:14:42,811 [Thread-1919] INFO  impl.FollowerState (FollowerState.java:run(117)) - a6b2ebfb-69a0-457c-b6cd-a50cc148b564@group-896385CD49EE-FollowerState was interrupted: java.lang.InterruptedException: sleep interrupted
2019-10-17 02:14:42,823 [b32d7882-88db-4fe6-9cca-6a25122d474d@group-896385CD49EE-LeaderElection143] INFO  impl.LeaderElection (LeaderElection.java:logAndReturn(56)) - b32d7882-88db-4fe6-9cca-6a25122d474d@group-896385CD49EE-LeaderElection143: Election REJECTED; received 2 response(s) [b32d7882-88db-4fe6-9cca-6a25122d474d<-3aea292b-16fb-4e9b-be90-828afa8e8047#0:FAIL-t81, b32d7882-88db-4fe6-9cca-6a25122d474d<-a6b2ebfb-69a0-457c-b6cd-a50cc148b564#0:FAIL-t81] and 0 exception(s); b32d7882-88db-4fe6-9cca-6a25122d474d@group-896385CD49EE:t81, leader=null, voted=b32d7882-88db-4fe6-9cca-6a25122d474d, raftlog=b32d7882-88db-4fe6-9cca-6a25122d474d@group-896385CD49EE-SegmentedRaftLog:OPENED:c-1,f-1,i0, conf=-1: [b32d7882-88db-4fe6-9cca-6a25122d474d:192.168.157.194:42206, 3aea292b-16fb-4e9b-be90-828afa8e8047:192.168.157.194:34569, a6b2ebfb-69a0-457c-b6cd-a50cc148b564:192.168.157.194:37298], old=null
2019-10-17 02:14:42,824 [b32d7882-88db-4fe6-9cca-6a25122d474d@group-896385CD49EE-LeaderElection143] INFO  impl.RaftServerImpl (RaftServerImpl.java:setRole(184)) - b32d7882-88db-4fe6-9cca-6a25122d474d@group-896385CD49EE: changes role from CANDIDATE to FOLLOWER at term 81 for DISCOVERED_A_NEW_TERM
2019-10-17 02:14:42,824 [b32d7882-88db-4fe6-9cca-6a25122d474d@group-896385CD49EE-LeaderElection143] INFO  impl.RoleInfo (RoleInfo.java:shutdownLeaderElection(134)) - b32d7882-88db-4fe6-9cca-6a25122d474d: shutdown LeaderElection
2019-10-17 02:14:42,824 [b32d7882-88db-4fe6-9cca-6a25122d474d@group-896385CD49EE-LeaderElection143] INFO  impl.RoleInfo (RoleInfo.java:updateAndGet(143)) - b32d7882-88db-4fe6-9cca-6a25122d474d: start FollowerState
2019-10-17 02:14:42,925 [Thread-1926] INFO  impl.FollowerState (FollowerState.java:run(108)) - b32d7882-88db-4fe6-9cca-6a25122d474d@group-896385CD49EE-FollowerState: change to CANDIDATE, lastRpcTime:101ms, electionTimeout:101ms
2019-10-17 02:14:42,926 [Thread-1926] INFO  impl.RoleInfo (RoleInfo.java:shutdownFollowerState(121)) - b32d7882-88db-4fe6-9cca-6a25122d474d: shutdown FollowerState
2019-10-17 02:14:42,926 [Thread-1926] INFO  impl.RaftServerImpl (RaftServerImpl.java:setRole(184)) - b32d7882-88db-4fe6-9cca-6a25122d474d@group-896385CD49EE: changes role from  FOLLOWER to CANDIDATE at term 81 for changeToCandidate
2019-10-17 02:14:42,926 [Thread-1926] INFO  impl.RoleInfo (RoleInfo.java:updateAndGet(143)) - b32d7882-88db-4fe6-9cca-6a25122d474d: start LeaderElection
2019-10-17 02:14:42,940 [b32d7882-88db-4fe6-9cca-6a25122d474d@group-896385CD49EE-LeaderElection144] INFO  impl.LeaderElection (LeaderElection.java:askForVotes(178)) - b32d7882-88db-4fe6-9cca-6a25122d474d@group-896385CD49EE-LeaderElection144: begin an election at term 82 for -1: [b32d7882-88db-4fe6-9cca-6a25122d474d:192.168.157.194:42206, 3aea292b-16fb-4e9b-be90-828afa8e8047:192.168.157.194:34569, a6b2ebfb-69a0-457c-b6cd-a50cc148b564:192.168.157.194:37298], old=null
2019-10-17 02:14:42,943 [grpc-default-executor-0] INFO  impl.RaftServerImpl (RaftServerImpl.java:setRole(184)) - 3aea292b-16fb-4e9b-be90-828afa8e8047@group-896385CD49EE: changes role from  FOLLOWER to FOLLOWER at term 82 for recognizeCandidate:b32d7882-88db-4fe6-9cca-6a25122d474d
2019-10-17 02:14:42,943 [grpc-default-executor-2] INFO  impl.RaftServerImpl (RaftServerImpl.java:setRole(184)) - a6b2ebfb-69a0-457c-b6cd-a50cc148b564@group-896385CD49EE: changes role from  FOLLOWER to FOLLOWER at term 82 for recognizeCandidate:b32d7882-88db-4fe6-9cca-6a25122d474d
2019-10-17 02:14:42,943 [grpc-default-executor-0] INFO  impl.RoleInfo (RoleInfo.java:shutdownFollowerState(121)) - 3aea292b-16fb-4e9b-be90-828afa8e8047: shutdown FollowerState
2019-10-17 02:14:42,943 [grpc-default-executor-2] INFO  impl.RoleInfo (RoleInfo.java:shutdownFollowerState(121)) - a6b2ebfb-69a0-457c-b6cd-a50cc148b564: shutdown FollowerState
2019-10-17 02:14:42,944 [grpc-default-executor-0] INFO  impl.RoleInfo (RoleInfo.java:updateAndGet(143)) - 3aea292b-16fb-4e9b-be90-828afa8e8047: start FollowerState
2019-10-17 02:14:42,944 [grpc-default-executor-2] INFO  impl.RoleInfo (RoleInfo.java:updateAndGet(143)) - a6b2ebfb-69a0-457c-b6cd-a50cc148b564: start FollowerState
2019-10-17 02:14:42,944 [Thread-1924] INFO  impl.FollowerState (FollowerState.java:run(117)) - 3aea292b-16fb-4e9b-be90-828afa8e8047@group-896385CD49EE-FollowerState was interrupted: java.lang.InterruptedException: sleep interrupted
2019-10-17 02:14:42,944 [Thread-1925] INFO  impl.FollowerState (FollowerState.java:run(117)) - a6b2ebfb-69a0-457c-b6cd-a50cc148b564@group-896385CD49EE-FollowerState was interrupted: java.lang.InterruptedException: sleep interrupted
2019-10-17 02:14:42,959 [b32d7882-88db-4fe6-9cca-6a25122d474d@group-896385CD49EE-LeaderElection144] INFO  impl.LeaderElection (LeaderElection.java:logAndReturn(56)) - b32d7882-88db-4fe6-9cca-6a25122d474d@group-896385CD49EE-LeaderElection144: Election REJECTED; received 2 response(s) [b32d7882-88db-4fe6-9cca-6a25122d474d<-3aea292b-16fb-4e9b-be90-828afa8e8047#0:FAIL-t82, b32d7882-88db-4fe6-9cca-6a25122d474d<-a6b2ebfb-69a0-457c-b6cd-a50cc148b564#0:FAIL-t82] and 0 exception(s); b32d7882-88db-4fe6-9cca-6a25122d474d@group-896385CD49EE:t82, leader=null, voted=b32d7882-88db-4fe6-9cca-6a25122d474d, raftlog=b32d7882-88db-4fe6-9cca-6a25122d474d@group-896385CD49EE-SegmentedRaftLog:OPENED:c-1,f-1,i0, conf=-1: [b32d7882-88db-4fe6-9cca-6a25122d474d:192.168.157.194:42206, 3aea292b-16fb-4e9b-be90-828afa8e8047:192.168.157.194:34569, a6b2ebfb-69a0-457c-b6cd-a50cc148b564:192.168.157.194:37298], old=null
2019-10-17 02:14:42,959 [b32d7882-88db-4fe6-9cca-6a25122d474d@group-896385CD49EE-LeaderElection144] INFO  impl.RaftServerImpl (RaftServerImpl.java:setRole(184)) - b32d7882-88db-4fe6-9cca-6a25122d474d@group-896385CD49EE: changes role from CANDIDATE to FOLLOWER at term 82 for DISCOVERED_A_NEW_TERM
2019-10-17 02:14:42,959 [b32d7882-88db-4fe6-9cca-6a25122d474d@group-896385CD49EE-LeaderElection144] INFO  impl.RoleInfo (RoleInfo.java:shutdownLeaderElection(134)) - b32d7882-88db-4fe6-9cca-6a25122d474d: shutdown LeaderElection
2019-10-17 02:14:42,959 [b32d7882-88db-4fe6-9cca-6a25122d474d@group-896385CD49EE-LeaderElection144] INFO  impl.RoleInfo (RoleInfo.java:updateAndGet(143)) - b32d7882-88db-4fe6-9cca-6a25122d474d: start FollowerState
2019-10-17 02:14:43,073 [Thread-1932] INFO  impl.FollowerState (FollowerState.java:run(108)) - b32d7882-88db-4fe6-9cca-6a25122d474d@group-896385CD49EE-FollowerState: change to CANDIDATE, lastRpcTime:113ms, electionTimeout:113ms
2019-10-17 02:14:43,073 [Thread-1932] INFO  impl.RoleInfo (RoleInfo.java:shutdownFollowerState(121)) - b32d7882-88db-4fe6-9cca-6a25122d474d: shutdown FollowerState
2019-10-17 02:14:43,073 [Thread-1932] INFO  impl.RaftServerImpl (RaftServerImpl.java:setRole(184)) - b32d7882-88db-4fe6-9cca-6a25122d474d@group-896385CD49EE: changes role from  FOLLOWER to CANDIDATE at term 82 for changeToCandidate
2019-10-17 02:14:43,073 [Thread-1932] INFO  impl.RoleInfo (RoleInfo.java:updateAndGet(143)) - b32d7882-88db-4fe6-9cca-6a25122d474d: start LeaderElection
2019-10-17 02:14:43,083 [b32d7882-88db-4fe6-9cca-6a25122d474d@group-896385CD49EE-LeaderElection145] INFO  impl.LeaderElection (LeaderElection.java:askForVotes(178)) - b32d7882-88db-4fe6-9cca-6a25122d474d@group-896385CD49EE-LeaderElection145: begin an election at term 83 for -1: [b32d7882-88db-4fe6-9cca-6a25122d474d:192.168.157.194:42206, 3aea292b-16fb-4e9b-be90-828afa8e8047:192.168.157.194:34569, a6b2ebfb-69a0-457c-b6cd-a50cc148b564:192.168.157.194:37298], old=null
2019-10-17 02:14:43,085 [grpc-default-executor-0] INFO  impl.RaftServerImpl (RaftServerImpl.java:setRole(184)) - 3aea292b-16fb-4e9b-be90-828afa8e8047@group-896385CD49EE: changes role from  FOLLOWER to FOLLOWER at term 83 for recognizeCandidate:b32d7882-88db-4fe6-9cca-6a25122d474d
2019-10-17 02:14:43,086 [grpc-default-executor-0] INFO  impl.RoleInfo (RoleInfo.java:shutdownFollowerState(121)) - 3aea292b-16fb-4e9b-be90-828afa8e8047: shutdown FollowerState
2019-10-17 02:14:43,085 [grpc-default-executor-2] INFO  impl.RaftServerImpl (RaftServerImpl.java:setRole(184)) - a6b2ebfb-69a0-457c-b6cd-a50cc148b564@group-896385CD49EE: changes role from  FOLLOWER to FOLLOWER at term 83 for recognizeCandidate:b32d7882-88db-4fe6-9cca-6a25122d474d
2019-10-17 02:14:43,086 [grpc-default-executor-2] INFO  impl.RoleInfo (RoleInfo.java:shutdownFollowerState(121)) - a6b2ebfb-69a0-457c-b6cd-a50cc148b564: shutdown FollowerState
2019-10-17 02:14:43,086 [Thread-1930] INFO  impl.FollowerState (FollowerState.java:run(117)) - 3aea292b-16fb-4e9b-be90-828afa8e8047@group-896385CD49EE-FollowerState was interrupted: java.lang.InterruptedException: sleep interrupted
2019-10-17 02:14:43,086 [grpc-default-executor-0] INFO  impl.RoleInfo (RoleInfo.java:updateAndGet(143)) - 3aea292b-16fb-4e9b-be90-828afa8e8047: start FollowerState
2019-10-17 02:14:43,086 [Thread-1931] INFO  impl.FollowerState (FollowerState.java:run(117)) - a6b2ebfb-69a0-457c-b6cd-a50cc148b564@group-896385CD49EE-FollowerState was interrupted: java.lang.InterruptedException: sleep interrupted
2019-10-17 02:14:43,086 [grpc-default-executor-2] INFO  impl.RoleInfo (RoleInfo.java:updateAndGet(143)) - a6b2ebfb-69a0-457c-b6cd-a50cc148b564: start FollowerState
2019-10-17 02:14:43,102 [b32d7882-88db-4fe6-9cca-6a25122d474d@group-896385CD49EE-LeaderElection145] INFO  impl.LeaderElection (LeaderElection.java:logAndReturn(56)) - b32d7882-88db-4fe6-9cca-6a25122d474d@group-896385CD49EE-LeaderElection145: Election REJECTED; received 2 response(s) [b32d7882-88db-4fe6-9cca-6a25122d474d<-3aea292b-16fb-4e9b-be90-828afa8e8047#0:FAIL-t83, b32d7882-88db-4fe6-9cca-6a25122d474d<-a6b2ebfb-69a0-457c-b6cd-a50cc148b564#0:FAIL-t83] and 0 exception(s); b32d7882-88db-4fe6-9cca-6a25122d474d@group-896385CD49EE:t83, leader=null, voted=b32d7882-88db-4fe6-9cca-6a25122d474d, raftlog=b32d7882-88db-4fe6-9cca-6a25122d474d@group-896385CD49EE-SegmentedRaftLog:OPENED:c-1,f-1,i0, conf=-1: [b32d7882-88db-4fe6-9cca-6a25122d474d:192.168.157.194:42206, 3aea292b-16fb-4e9b-be90-828afa8e8047:192.168.157.194:34569, a6b2ebfb-69a0-457c-b6cd-a50cc148b564:192.168.157.194:37298], old=null
2019-10-17 02:14:43,103 [b32d7882-88db-4fe6-9cca-6a25122d474d@group-896385CD49EE-LeaderElection145] INFO  impl.RaftServerImpl (RaftServerImpl.java:setRole(184)) - b32d7882-88db-4fe6-9cca-6a25122d474d@group-896385CD49EE: changes role from CANDIDATE to FOLLOWER at term 83 for DISCOVERED_A_NEW_TERM
2019-10-17 02:14:43,103 [b32d7882-88db-4fe6-9cca-6a25122d474d@group-896385CD49EE-LeaderElection145] INFO  impl.RoleInfo (RoleInfo.java:shutdownLeaderElection(134)) - b32d7882-88db-4fe6-9cca-6a25122d474d: shutdown LeaderElection
2019-10-17 02:14:43,103 [b32d7882-88db-4fe6-9cca-6a25122d474d@group-896385CD49EE-LeaderElection145] INFO  impl.RoleInfo (RoleInfo.java:updateAndGet(143)) - b32d7882-88db-4fe6-9cca-6a25122d474d: start FollowerState
2019-10-17 02:14:43,129 [Thread-1938] INFO  impl.FollowerState (FollowerState.java:run(108)) - b32d7882-88db-4fe6-9cca-6a25122d474d@group-896385CD49EE-FollowerState: change to CANDIDATE, lastRpcTime:26ms, electionTimeout:26ms
2019-10-17 02:14:43,130 [Thread-1938] INFO  impl.RoleInfo (RoleInfo.java:shutdownFollowerState(121)) - b32d7882-88db-4fe6-9cca-6a25122d474d: shutdown FollowerState
2019-10-17 02:14:43,132 [main] INFO  ozone.MiniOzoneClusterImpl (MiniOzoneClusterImpl.java:lambda$waitForClusterToBeReady$2(164)) - Waiting for 1 number of pipelines out of 4, to report a leader.
2019-10-17 02:14:43,132 [Thread-1938] INFO  impl.RaftServerImpl (RaftServerImpl.java:setRole(184)) - b32d7882-88db-4fe6-9cca-6a25122d474d@group-896385CD49EE: changes role from  FOLLOWER to CANDIDATE at term 83 for changeToCandidate
2019-10-17 02:14:43,132 [Thread-1938] INFO  impl.RoleInfo (RoleInfo.java:updateAndGet(143)) - b32d7882-88db-4fe6-9cca-6a25122d474d: start LeaderElection
2019-10-17 02:14:43,142 [b32d7882-88db-4fe6-9cca-6a25122d474d@group-896385CD49EE-LeaderElection146] INFO  impl.LeaderElection (LeaderElection.java:askForVotes(178)) - b32d7882-88db-4fe6-9cca-6a25122d474d@group-896385CD49EE-LeaderElection146: begin an election at term 84 for -1: [b32d7882-88db-4fe6-9cca-6a25122d474d:192.168.157.194:42206, 3aea292b-16fb-4e9b-be90-828afa8e8047:192.168.157.194:34569, a6b2ebfb-69a0-457c-b6cd-a50cc148b564:192.168.157.194:37298], old=null
2019-10-17 02:14:43,144 [grpc-default-executor-2] INFO  impl.RaftServerImpl (RaftServerImpl.java:setRole(184)) - 3aea292b-16fb-4e9b-be90-828afa8e8047@group-896385CD49EE: changes role from  FOLLOWER to FOLLOWER at term 84 for recognizeCandidate:b32d7882-88db-4fe6-9cca-6a25122d474d
2019-10-17 02:14:43,144 [grpc-default-executor-2] INFO  impl.RoleInfo (RoleInfo.java:shutdownFollowerState(121)) - 3aea292b-16fb-4e9b-be90-828afa8e8047: shutdown FollowerState
2019-10-17 02:14:43,145 [grpc-default-executor-2] INFO  impl.RoleInfo (RoleInfo.java:updateAndGet(143)) - 3aea292b-16fb-4e9b-be90-828afa8e8047: start FollowerState
2019-10-17 02:14:43,145 [grpc-default-executor-0] INFO  impl.RaftServerImpl (RaftServerImpl.java:setRole(184)) - a6b2ebfb-69a0-457c-b6cd-a50cc148b564@group-896385CD49EE: changes role from  FOLLOWER to FOLLOWER at term 84 for recognizeCandidate:b32d7882-88db-4fe6-9cca-6a25122d474d
2019-10-17 02:14:43,145 [grpc-default-executor-0] INFO  impl.RoleInfo (RoleInfo.java:shutdownFollowerState(121)) - a6b2ebfb-69a0-457c-b6cd-a50cc148b564: shutdown FollowerState
2019-10-17 02:14:43,145 [Thread-1936] INFO  impl.FollowerState (FollowerState.java:run(117)) - 3aea292b-16fb-4e9b-be90-828afa8e8047@group-896385CD49EE-FollowerState was interrupted: java.lang.InterruptedException: sleep interrupted
2019-10-17 02:14:43,145 [Thread-1937] INFO  impl.FollowerState (FollowerState.java:run(117)) - a6b2ebfb-69a0-457c-b6cd-a50cc148b564@group-896385CD49EE-FollowerState was interrupted: java.lang.InterruptedException: sleep interrupted
2019-10-17 02:14:43,145 [grpc-default-executor-0] INFO  impl.RoleInfo (RoleInfo.java:updateAndGet(143)) - a6b2ebfb-69a0-457c-b6cd-a50cc148b564: start FollowerState
2019-10-17 02:14:43,158 [b32d7882-88db-4fe6-9cca-6a25122d474d@group-896385CD49EE-LeaderElection146] INFO  impl.LeaderElection (LeaderElection.java:logAndReturn(56)) - b32d7882-88db-4fe6-9cca-6a25122d474d@group-896385CD49EE-LeaderElection146: Election REJECTED; received 2 response(s) [b32d7882-88db-4fe6-9cca-6a25122d474d<-3aea292b-16fb-4e9b-be90-828afa8e8047#0:FAIL-t84, b32d7882-88db-4fe6-9cca-6a25122d474d<-a6b2ebfb-69a0-457c-b6cd-a50cc148b564#0:FAIL-t84] and 0 exception(s); b32d7882-88db-4fe6-9cca-6a25122d474d@group-896385CD49EE:t84, leader=null, voted=b32d7882-88db-4fe6-9cca-6a25122d474d, raftlog=b32d7882-88db-4fe6-9cca-6a25122d474d@group-896385CD49EE-SegmentedRaftLog:OPENED:c-1,f-1,i0, conf=-1: [b32d7882-88db-4fe6-9cca-6a25122d474d:192.168.157.194:42206, 3aea292b-16fb-4e9b-be90-828afa8e8047:192.168.157.194:34569, a6b2ebfb-69a0-457c-b6cd-a50cc148b564:192.168.157.194:37298], old=null
2019-10-17 02:14:43,158 [b32d7882-88db-4fe6-9cca-6a25122d474d@group-896385CD49EE-LeaderElection146] INFO  impl.RaftServerImpl (RaftServerImpl.java:setRole(184)) - b32d7882-88db-4fe6-9cca-6a25122d474d@group-896385CD49EE: changes role from CANDIDATE to FOLLOWER at term 84 for DISCOVERED_A_NEW_TERM
2019-10-17 02:14:43,158 [b32d7882-88db-4fe6-9cca-6a25122d474d@group-896385CD49EE-LeaderElection146] INFO  impl.RoleInfo (RoleInfo.java:shutdownLeaderElection(134)) - b32d7882-88db-4fe6-9cca-6a25122d474d: shutdown LeaderElection
2019-10-17 02:14:43,158 [b32d7882-88db-4fe6-9cca-6a25122d474d@group-896385CD49EE-LeaderElection146] INFO  impl.RoleInfo (RoleInfo.java:updateAndGet(143)) - b32d7882-88db-4fe6-9cca-6a25122d474d: start FollowerState
2019-10-17 02:14:43,193 [Thread-1944] INFO  impl.FollowerState (FollowerState.java:run(108)) - b32d7882-88db-4fe6-9cca-6a25122d474d@group-896385CD49EE-FollowerState: change to CANDIDATE, lastRpcTime:34ms, electionTimeout:34ms
2019-10-17 02:14:43,193 [Thread-1944] INFO  impl.RoleInfo (RoleInfo.java:shutdownFollowerState(121)) - b32d7882-88db-4fe6-9cca-6a25122d474d: shutdown FollowerState
2019-10-17 02:14:43,193 [Thread-1944] INFO  impl.RaftServerImpl (RaftServerImpl.java:setRole(184)) - b32d7882-88db-4fe6-9cca-6a25122d474d@group-896385CD49EE: changes role from  FOLLOWER to CANDIDATE at term 84 for changeToCandidate
2019-10-17 02:14:43,193 [Thread-1944] INFO  impl.RoleInfo (RoleInfo.java:updateAndGet(143)) - b32d7882-88db-4fe6-9cca-6a25122d474d: start LeaderElection
2019-10-17 02:14:43,206 [b32d7882-88db-4fe6-9cca-6a25122d474d@group-896385CD49EE-LeaderElection147] INFO  impl.LeaderElection (LeaderElection.java:askForVotes(178)) - b32d7882-88db-4fe6-9cca-6a25122d474d@group-896385CD49EE-LeaderElection147: begin an election at term 85 for -1: [b32d7882-88db-4fe6-9cca-6a25122d474d:192.168.157.194:42206, 3aea292b-16fb-4e9b-be90-828afa8e8047:192.168.157.194:34569, a6b2ebfb-69a0-457c-b6cd-a50cc148b564:192.168.157.194:37298], old=null
2019-10-17 02:14:43,209 [grpc-default-executor-2] INFO  impl.RaftServerImpl (RaftServerImpl.java:setRole(184)) - 3aea292b-16fb-4e9b-be90-828afa8e8047@group-896385CD49EE: changes role from  FOLLOWER to FOLLOWER at term 85 for recognizeCandidate:b32d7882-88db-4fe6-9cca-6a25122d474d
2019-10-17 02:14:43,209 [grpc-default-executor-0] INFO  impl.RaftServerImpl (RaftServerImpl.java:setRole(184)) - a6b2ebfb-69a0-457c-b6cd-a50cc148b564@group-896385CD49EE: changes role from  FOLLOWER to FOLLOWER at term 85 for recognizeCandidate:b32d7882-88db-4fe6-9cca-6a25122d474d
2019-10-17 02:14:43,209 [grpc-default-executor-2] INFO  impl.RoleInfo (RoleInfo.java:shutdownFollowerState(121)) - 3aea292b-16fb-4e9b-be90-828afa8e8047: shutdown FollowerState
2019-10-17 02:14:43,209 [grpc-default-executor-0] INFO  impl.RoleInfo (RoleInfo.java:shutdownFollowerState(121)) - a6b2ebfb-69a0-457c-b6cd-a50cc148b564: shutdown FollowerState
2019-10-17 02:14:43,209 [grpc-default-executor-2] INFO  impl.RoleInfo (RoleInfo.java:updateAndGet(143)) - 3aea292b-16fb-4e9b-be90-828afa8e8047: start FollowerState
2019-10-17 02:14:43,210 [grpc-default-executor-0] INFO  impl.RoleInfo (RoleInfo.java:updateAndGet(143)) - a6b2ebfb-69a0-457c-b6cd-a50cc148b564: start FollowerState
2019-10-17 02:14:43,210 [Thread-1942] INFO  impl.FollowerState (FollowerState.java:run(117)) - 3aea292b-16fb-4e9b-be90-828afa8e8047@group-896385CD49EE-FollowerState was interrupted: java.lang.InterruptedException: sleep interrupted
2019-10-17 02:14:43,210 [Thread-1943] INFO  impl.FollowerState (FollowerState.java:run(117)) - a6b2ebfb-69a0-457c-b6cd-a50cc148b564@group-896385CD49EE-FollowerState was interrupted: java.lang.InterruptedException: sleep interrupted
2019-10-17 02:14:43,225 [b32d7882-88db-4fe6-9cca-6a25122d474d@group-896385CD49EE-LeaderElection147] INFO  impl.LeaderElection (LeaderElection.java:logAndReturn(56)) - b32d7882-88db-4fe6-9cca-6a25122d474d@group-896385CD49EE-LeaderElection147: Election REJECTED; received 2 response(s) [b32d7882-88db-4fe6-9cca-6a25122d474d<-3aea292b-16fb-4e9b-be90-828afa8e8047#0:FAIL-t85, b32d7882-88db-4fe6-9cca-6a25122d474d<-a6b2ebfb-69a0-457c-b6cd-a50cc148b564#0:FAIL-t85] and 0 exception(s); b32d7882-88db-4fe6-9cca-6a25122d474d@group-896385CD49EE:t85, leader=null, voted=b32d7882-88db-4fe6-9cca-6a25122d474d, raftlog=b32d7882-88db-4fe6-9cca-6a25122d474d@group-896385CD49EE-SegmentedRaftLog:OPENED:c-1,f-1,i0, conf=-1: [b32d7882-88db-4fe6-9cca-6a25122d474d:192.168.157.194:42206, 3aea292b-16fb-4e9b-be90-828afa8e8047:192.168.157.194:34569, a6b2ebfb-69a0-457c-b6cd-a50cc148b564:192.168.157.194:37298], old=null
2019-10-17 02:14:43,226 [b32d7882-88db-4fe6-9cca-6a25122d474d@group-896385CD49EE-LeaderElection147] INFO  impl.RaftServerImpl (RaftServerImpl.java:setRole(184)) - b32d7882-88db-4fe6-9cca-6a25122d474d@group-896385CD49EE: changes role from CANDIDATE to FOLLOWER at term 85 for DISCOVERED_A_NEW_TERM
2019-10-17 02:14:43,226 [b32d7882-88db-4fe6-9cca-6a25122d474d@group-896385CD49EE-LeaderElection147] INFO  impl.RoleInfo (RoleInfo.java:shutdownLeaderElection(134)) - b32d7882-88db-4fe6-9cca-6a25122d474d: shutdown LeaderElection
2019-10-17 02:14:43,226 [b32d7882-88db-4fe6-9cca-6a25122d474d@group-896385CD49EE-LeaderElection147] INFO  impl.RoleInfo (RoleInfo.java:updateAndGet(143)) - b32d7882-88db-4fe6-9cca-6a25122d474d: start FollowerState
2019-10-17 02:14:43,362 [Thread-1950] INFO  impl.FollowerState (FollowerState.java:run(108)) - b32d7882-88db-4fe6-9cca-6a25122d474d@group-896385CD49EE-FollowerState: change to CANDIDATE, lastRpcTime:136ms, electionTimeout:136ms
2019-10-17 02:14:43,363 [Thread-1950] INFO  impl.RoleInfo (RoleInfo.java:shutdownFollowerState(121)) - b32d7882-88db-4fe6-9cca-6a25122d474d: shutdown FollowerState
2019-10-17 02:14:43,363 [Thread-1950] INFO  impl.RaftServerImpl (RaftServerImpl.java:setRole(184)) - b32d7882-88db-4fe6-9cca-6a25122d474d@group-896385CD49EE: changes role from  FOLLOWER to CANDIDATE at term 85 for changeToCandidate
2019-10-17 02:14:43,363 [Thread-1950] INFO  impl.RoleInfo (RoleInfo.java:updateAndGet(143)) - b32d7882-88db-4fe6-9cca-6a25122d474d: start LeaderElection
2019-10-17 02:14:43,377 [b32d7882-88db-4fe6-9cca-6a25122d474d@group-896385CD49EE-LeaderElection148] INFO  impl.LeaderElection (LeaderElection.java:askForVotes(178)) - b32d7882-88db-4fe6-9cca-6a25122d474d@group-896385CD49EE-LeaderElection148: begin an election at term 86 for -1: [b32d7882-88db-4fe6-9cca-6a25122d474d:192.168.157.194:42206, 3aea292b-16fb-4e9b-be90-828afa8e8047:192.168.157.194:34569, a6b2ebfb-69a0-457c-b6cd-a50cc148b564:192.168.157.194:37298], old=null
2019-10-17 02:14:43,380 [grpc-default-executor-0] INFO  impl.RaftServerImpl (RaftServerImpl.java:setRole(184)) - 3aea292b-16fb-4e9b-be90-828afa8e8047@group-896385CD49EE: changes role from  FOLLOWER to FOLLOWER at term 86 for recognizeCandidate:b32d7882-88db-4fe6-9cca-6a25122d474d
2019-10-17 02:14:43,380 [grpc-default-executor-2] INFO  impl.RaftServerImpl (RaftServerImpl.java:setRole(184)) - a6b2ebfb-69a0-457c-b6cd-a50cc148b564@group-896385CD49EE: changes role from  FOLLOWER to FOLLOWER at term 86 for recognizeCandidate:b32d7882-88db-4fe6-9cca-6a25122d474d
2019-10-17 02:14:43,380 [grpc-default-executor-0] INFO  impl.RoleInfo (RoleInfo.java:shutdownFollowerState(121)) - 3aea292b-16fb-4e9b-be90-828afa8e8047: shutdown FollowerState
2019-10-17 02:14:43,380 [grpc-default-executor-2] INFO  impl.RoleInfo (RoleInfo.java:shutdownFollowerState(121)) - a6b2ebfb-69a0-457c-b6cd-a50cc148b564: shutdown FollowerState
2019-10-17 02:14:43,380 [grpc-default-executor-0] INFO  impl.RoleInfo (RoleInfo.java:updateAndGet(143)) - 3aea292b-16fb-4e9b-be90-828afa8e8047: start FollowerState
2019-10-17 02:14:43,380 [Thread-1948] INFO  impl.FollowerState (FollowerState.java:run(117)) - 3aea292b-16fb-4e9b-be90-828afa8e8047@group-896385CD49EE-FollowerState was interrupted: java.lang.InterruptedException: sleep interrupted
2019-10-17 02:14:43,380 [grpc-default-executor-2] INFO  impl.RoleInfo (RoleInfo.java:updateAndGet(143)) - a6b2ebfb-69a0-457c-b6cd-a50cc148b564: start FollowerState
2019-10-17 02:14:43,381 [Thread-1949] INFO  impl.FollowerState (FollowerState.java:run(117)) - a6b2ebfb-69a0-457c-b6cd-a50cc148b564@group-896385CD49EE-FollowerState was interrupted: java.lang.InterruptedException: sleep interrupted
2019-10-17 02:14:43,395 [b32d7882-88db-4fe6-9cca-6a25122d474d@group-896385CD49EE-LeaderElection148] INFO  impl.LeaderElection (LeaderElection.java:logAndReturn(56)) - b32d7882-88db-4fe6-9cca-6a25122d474d@group-896385CD49EE-LeaderElection148: Election REJECTED; received 2 response(s) [b32d7882-88db-4fe6-9cca-6a25122d474d<-3aea292b-16fb-4e9b-be90-828afa8e8047#0:FAIL-t86, b32d7882-88db-4fe6-9cca-6a25122d474d<-a6b2ebfb-69a0-457c-b6cd-a50cc148b564#0:FAIL-t86] and 0 exception(s); b32d7882-88db-4fe6-9cca-6a25122d474d@group-896385CD49EE:t86, leader=null, voted=b32d7882-88db-4fe6-9cca-6a25122d474d, raftlog=b32d7882-88db-4fe6-9cca-6a25122d474d@group-896385CD49EE-SegmentedRaftLog:OPENED:c-1,f-1,i0, conf=-1: [b32d7882-88db-4fe6-9cca-6a25122d474d:192.168.157.194:42206, 3aea292b-16fb-4e9b-be90-828afa8e8047:192.168.157.194:34569, a6b2ebfb-69a0-457c-b6cd-a50cc148b564:192.168.157.194:37298], old=null
2019-10-17 02:14:43,395 [b32d7882-88db-4fe6-9cca-6a25122d474d@group-896385CD49EE-LeaderElection148] INFO  impl.RaftServerImpl (RaftServerImpl.java:setRole(184)) - b32d7882-88db-4fe6-9cca-6a25122d474d@group-896385CD49EE: changes role from CANDIDATE to FOLLOWER at term 86 for DISCOVERED_A_NEW_TERM
2019-10-17 02:14:43,395 [b32d7882-88db-4fe6-9cca-6a25122d474d@group-896385CD49EE-LeaderElection148] INFO  impl.RoleInfo (RoleInfo.java:shutdownLeaderElection(134)) - b32d7882-88db-4fe6-9cca-6a25122d474d: shutdown LeaderElection
2019-10-17 02:14:43,395 [b32d7882-88db-4fe6-9cca-6a25122d474d@group-896385CD49EE-LeaderElection148] INFO  impl.RoleInfo (RoleInfo.java:updateAndGet(143)) - b32d7882-88db-4fe6-9cca-6a25122d474d: start FollowerState
2019-10-17 02:14:43,530 [Thread-1956] INFO  impl.FollowerState (FollowerState.java:run(108)) - b32d7882-88db-4fe6-9cca-6a25122d474d@group-896385CD49EE-FollowerState: change to CANDIDATE, lastRpcTime:135ms, electionTimeout:135ms
2019-10-17 02:14:43,531 [Thread-1956] INFO  impl.RoleInfo (RoleInfo.java:shutdownFollowerState(121)) - b32d7882-88db-4fe6-9cca-6a25122d474d: shutdown FollowerState
2019-10-17 02:14:43,531 [Thread-1956] INFO  impl.RaftServerImpl (RaftServerImpl.java:setRole(184)) - b32d7882-88db-4fe6-9cca-6a25122d474d@group-896385CD49EE: changes role from  FOLLOWER to CANDIDATE at term 86 for changeToCandidate
2019-10-17 02:14:43,531 [Thread-1956] INFO  impl.RoleInfo (RoleInfo.java:updateAndGet(143)) - b32d7882-88db-4fe6-9cca-6a25122d474d: start LeaderElection
2019-10-17 02:14:43,545 [b32d7882-88db-4fe6-9cca-6a25122d474d@group-896385CD49EE-LeaderElection149] INFO  impl.LeaderElection (LeaderElection.java:askForVotes(178)) - b32d7882-88db-4fe6-9cca-6a25122d474d@group-896385CD49EE-LeaderElection149: begin an election at term 87 for -1: [b32d7882-88db-4fe6-9cca-6a25122d474d:192.168.157.194:42206, 3aea292b-16fb-4e9b-be90-828afa8e8047:192.168.157.194:34569, a6b2ebfb-69a0-457c-b6cd-a50cc148b564:192.168.157.194:37298], old=null
2019-10-17 02:14:43,548 [grpc-default-executor-2] INFO  impl.RaftServerImpl (RaftServerImpl.java:setRole(184)) - a6b2ebfb-69a0-457c-b6cd-a50cc148b564@group-896385CD49EE: changes role from  FOLLOWER to FOLLOWER at term 87 for recognizeCandidate:b32d7882-88db-4fe6-9cca-6a25122d474d
2019-10-17 02:14:43,548 [grpc-default-executor-2] INFO  impl.RoleInfo (RoleInfo.java:shutdownFollowerState(121)) - a6b2ebfb-69a0-457c-b6cd-a50cc148b564: shutdown FollowerState
2019-10-17 02:14:43,548 [grpc-default-executor-0] INFO  impl.RaftServerImpl (RaftServerImpl.java:setRole(184)) - 3aea292b-16fb-4e9b-be90-828afa8e8047@group-896385CD49EE: changes role from  FOLLOWER to FOLLOWER at term 87 for recognizeCandidate:b32d7882-88db-4fe6-9cca-6a25122d474d
2019-10-17 02:14:43,548 [Thread-1955] INFO  impl.FollowerState (FollowerState.java:run(117)) - a6b2ebfb-69a0-457c-b6cd-a50cc148b564@group-896385CD49EE-FollowerState was interrupted: java.lang.InterruptedException: sleep interrupted
2019-10-17 02:14:43,548 [grpc-default-executor-0] INFO  impl.RoleInfo (RoleInfo.java:shutdownFollowerState(121)) - 3aea292b-16fb-4e9b-be90-828afa8e8047: shutdown FollowerState
2019-10-17 02:14:43,548 [grpc-default-executor-2] INFO  impl.RoleInfo (RoleInfo.java:updateAndGet(143)) - a6b2ebfb-69a0-457c-b6cd-a50cc148b564: start FollowerState
2019-10-17 02:14:43,548 [grpc-default-executor-0] INFO  impl.RoleInfo (RoleInfo.java:updateAndGet(143)) - 3aea292b-16fb-4e9b-be90-828afa8e8047: start FollowerState
2019-10-17 02:14:43,549 [Thread-1954] INFO  impl.FollowerState (FollowerState.java:run(117)) - 3aea292b-16fb-4e9b-be90-828afa8e8047@group-896385CD49EE-FollowerState was interrupted: java.lang.InterruptedException: sleep interrupted
2019-10-17 02:14:43,563 [b32d7882-88db-4fe6-9cca-6a25122d474d@group-896385CD49EE-LeaderElection149] INFO  impl.LeaderElection (LeaderElection.java:logAndReturn(56)) - b32d7882-88db-4fe6-9cca-6a25122d474d@group-896385CD49EE-LeaderElection149: Election REJECTED; received 2 response(s) [b32d7882-88db-4fe6-9cca-6a25122d474d<-3aea292b-16fb-4e9b-be90-828afa8e8047#0:FAIL-t87, b32d7882-88db-4fe6-9cca-6a25122d474d<-a6b2ebfb-69a0-457c-b6cd-a50cc148b564#0:FAIL-t87] and 0 exception(s); b32d7882-88db-4fe6-9cca-6a25122d474d@group-896385CD49EE:t87, leader=null, voted=b32d7882-88db-4fe6-9cca-6a25122d474d, raftlog=b32d7882-88db-4fe6-9cca-6a25122d474d@group-896385CD49EE-SegmentedRaftLog:OPENED:c-1,f-1,i0, conf=-1: [b32d7882-88db-4fe6-9cca-6a25122d474d:192.168.157.194:42206, 3aea292b-16fb-4e9b-be90-828afa8e8047:192.168.157.194:34569, a6b2ebfb-69a0-457c-b6cd-a50cc148b564:192.168.157.194:37298], old=null
2019-10-17 02:14:43,563 [b32d7882-88db-4fe6-9cca-6a25122d474d@group-896385CD49EE-LeaderElection149] INFO  impl.RaftServerImpl (RaftServerImpl.java:setRole(184)) - b32d7882-88db-4fe6-9cca-6a25122d474d@group-896385CD49EE: changes role from CANDIDATE to FOLLOWER at term 87 for DISCOVERED_A_NEW_TERM
2019-10-17 02:14:43,564 [b32d7882-88db-4fe6-9cca-6a25122d474d@group-896385CD49EE-LeaderElection149] INFO  impl.RoleInfo (RoleInfo.java:shutdownLeaderElection(134)) - b32d7882-88db-4fe6-9cca-6a25122d474d: shutdown LeaderElection
2019-10-17 02:14:43,564 [b32d7882-88db-4fe6-9cca-6a25122d474d@group-896385CD49EE-LeaderElection149] INFO  impl.RoleInfo (RoleInfo.java:updateAndGet(143)) - b32d7882-88db-4fe6-9cca-6a25122d474d: start FollowerState
2019-10-17 02:14:43,687 [Thread-1962] INFO  impl.FollowerState (FollowerState.java:run(108)) - b32d7882-88db-4fe6-9cca-6a25122d474d@group-896385CD49EE-FollowerState: change to CANDIDATE, lastRpcTime:123ms, electionTimeout:123ms
2019-10-17 02:14:43,687 [Thread-1962] INFO  impl.RoleInfo (RoleInfo.java:shutdownFollowerState(121)) - b32d7882-88db-4fe6-9cca-6a25122d474d: shutdown FollowerState
2019-10-17 02:14:43,687 [Thread-1962] INFO  impl.RaftServerImpl (RaftServerImpl.java:setRole(184)) - b32d7882-88db-4fe6-9cca-6a25122d474d@group-896385CD49EE: changes role from  FOLLOWER to CANDIDATE at term 87 for changeToCandidate
2019-10-17 02:14:43,687 [Thread-1962] INFO  impl.RoleInfo (RoleInfo.java:updateAndGet(143)) - b32d7882-88db-4fe6-9cca-6a25122d474d: start LeaderElection
2019-10-17 02:14:43,702 [b32d7882-88db-4fe6-9cca-6a25122d474d@group-896385CD49EE-LeaderElection150] INFO  impl.LeaderElection (LeaderElection.java:askForVotes(178)) - b32d7882-88db-4fe6-9cca-6a25122d474d@group-896385CD49EE-LeaderElection150: begin an election at term 88 for -1: [b32d7882-88db-4fe6-9cca-6a25122d474d:192.168.157.194:42206, 3aea292b-16fb-4e9b-be90-828afa8e8047:192.168.157.194:34569, a6b2ebfb-69a0-457c-b6cd-a50cc148b564:192.168.157.194:37298], old=null
2019-10-17 02:14:43,705 [grpc-default-executor-0] INFO  impl.RaftServerImpl (RaftServerImpl.java:setRole(184)) - a6b2ebfb-69a0-457c-b6cd-a50cc148b564@group-896385CD49EE: changes role from  FOLLOWER to FOLLOWER at term 88 for recognizeCandidate:b32d7882-88db-4fe6-9cca-6a25122d474d
2019-10-17 02:14:43,705 [grpc-default-executor-2] INFO  impl.RaftServerImpl (RaftServerImpl.java:setRole(184)) - 3aea292b-16fb-4e9b-be90-828afa8e8047@group-896385CD49EE: changes role from  FOLLOWER to FOLLOWER at term 88 for recognizeCandidate:b32d7882-88db-4fe6-9cca-6a25122d474d
2019-10-17 02:14:43,705 [grpc-default-executor-0] INFO  impl.RoleInfo (RoleInfo.java:shutdownFollowerState(121)) - a6b2ebfb-69a0-457c-b6cd-a50cc148b564: shutdown FollowerState
2019-10-17 02:14:43,705 [grpc-default-executor-2] INFO  impl.RoleInfo (RoleInfo.java:shutdownFollowerState(121)) - 3aea292b-16fb-4e9b-be90-828afa8e8047: shutdown FollowerState
2019-10-17 02:14:43,706 [grpc-default-executor-2] INFO  impl.RoleInfo (RoleInfo.java:updateAndGet(143)) - 3aea292b-16fb-4e9b-be90-828afa8e8047: start FollowerState
2019-10-17 02:14:43,706 [grpc-default-executor-0] INFO  impl.RoleInfo (RoleInfo.java:updateAndGet(143)) - a6b2ebfb-69a0-457c-b6cd-a50cc148b564: start FollowerState
2019-10-17 02:14:43,706 [Thread-1961] INFO  impl.FollowerState (FollowerState.java:run(117)) - 3aea292b-16fb-4e9b-be90-828afa8e8047@group-896385CD49EE-FollowerState was interrupted: java.lang.InterruptedException: sleep interrupted
2019-10-17 02:14:43,706 [Thread-1960] INFO  impl.FollowerState (FollowerState.java:run(117)) - a6b2ebfb-69a0-457c-b6cd-a50cc148b564@group-896385CD49EE-FollowerState was interrupted: java.lang.InterruptedException: sleep interrupted
2019-10-17 02:14:43,720 [b32d7882-88db-4fe6-9cca-6a25122d474d@group-896385CD49EE-LeaderElection150] INFO  impl.LeaderElection (LeaderElection.java:logAndReturn(56)) - b32d7882-88db-4fe6-9cca-6a25122d474d@group-896385CD49EE-LeaderElection150: Election REJECTED; received 2 response(s) [b32d7882-88db-4fe6-9cca-6a25122d474d<-3aea292b-16fb-4e9b-be90-828afa8e8047#0:FAIL-t88, b32d7882-88db-4fe6-9cca-6a25122d474d<-a6b2ebfb-69a0-457c-b6cd-a50cc148b564#0:FAIL-t88] and 0 exception(s); b32d7882-88db-4fe6-9cca-6a25122d474d@group-896385CD49EE:t88, leader=null, voted=b32d7882-88db-4fe6-9cca-6a25122d474d, raftlog=b32d7882-88db-4fe6-9cca-6a25122d474d@group-896385CD49EE-SegmentedRaftLog:OPENED:c-1,f-1,i0, conf=-1: [b32d7882-88db-4fe6-9cca-6a25122d474d:192.168.157.194:42206, 3aea292b-16fb-4e9b-be90-828afa8e8047:192.168.157.194:34569, a6b2ebfb-69a0-457c-b6cd-a50cc148b564:192.168.157.194:37298], old=null
2019-10-17 02:14:43,721 [b32d7882-88db-4fe6-9cca-6a25122d474d@group-896385CD49EE-LeaderElection150] INFO  impl.RaftServerImpl (RaftServerImpl.java:setRole(184)) - b32d7882-88db-4fe6-9cca-6a25122d474d@group-896385CD49EE: changes role from CANDIDATE to FOLLOWER at term 88 for DISCOVERED_A_NEW_TERM
2019-10-17 02:14:43,722 [b32d7882-88db-4fe6-9cca-6a25122d474d@group-896385CD49EE-LeaderElection150] INFO  impl.RoleInfo (RoleInfo.java:shutdownLeaderElection(134)) - b32d7882-88db-4fe6-9cca-6a25122d474d: shutdown LeaderElection
2019-10-17 02:14:43,722 [b32d7882-88db-4fe6-9cca-6a25122d474d@group-896385CD49EE-LeaderElection150] INFO  impl.RoleInfo (RoleInfo.java:updateAndGet(143)) - b32d7882-88db-4fe6-9cca-6a25122d474d: start FollowerState
2019-10-17 02:14:43,851 [Thread-1968] INFO  impl.FollowerState (FollowerState.java:run(108)) - b32d7882-88db-4fe6-9cca-6a25122d474d@group-896385CD49EE-FollowerState: change to CANDIDATE, lastRpcTime:128ms, electionTimeout:128ms
2019-10-17 02:14:43,851 [Thread-1968] INFO  impl.RoleInfo (RoleInfo.java:shutdownFollowerState(121)) - b32d7882-88db-4fe6-9cca-6a25122d474d: shutdown FollowerState
2019-10-17 02:14:43,851 [Thread-1968] INFO  impl.RaftServerImpl (RaftServerImpl.java:setRole(184)) - b32d7882-88db-4fe6-9cca-6a25122d474d@group-896385CD49EE: changes role from  FOLLOWER to CANDIDATE at term 88 for changeToCandidate
2019-10-17 02:14:43,851 [Thread-1968] INFO  impl.RoleInfo (RoleInfo.java:updateAndGet(143)) - b32d7882-88db-4fe6-9cca-6a25122d474d: start LeaderElection
2019-10-17 02:14:43,866 [b32d7882-88db-4fe6-9cca-6a25122d474d@group-896385CD49EE-LeaderElection151] INFO  impl.LeaderElection (LeaderElection.java:askForVotes(178)) - b32d7882-88db-4fe6-9cca-6a25122d474d@group-896385CD49EE-LeaderElection151: begin an election at term 89 for -1: [b32d7882-88db-4fe6-9cca-6a25122d474d:192.168.157.194:42206, 3aea292b-16fb-4e9b-be90-828afa8e8047:192.168.157.194:34569, a6b2ebfb-69a0-457c-b6cd-a50cc148b564:192.168.157.194:37298], old=null
2019-10-17 02:14:43,869 [grpc-default-executor-2] INFO  impl.RaftServerImpl (RaftServerImpl.java:setRole(184)) - 3aea292b-16fb-4e9b-be90-828afa8e8047@group-896385CD49EE: changes role from  FOLLOWER to FOLLOWER at term 89 for recognizeCandidate:b32d7882-88db-4fe6-9cca-6a25122d474d
2019-10-17 02:14:43,869 [grpc-default-executor-2] INFO  impl.RoleInfo (RoleInfo.java:shutdownFollowerState(121)) - 3aea292b-16fb-4e9b-be90-828afa8e8047: shutdown FollowerState
2019-10-17 02:14:43,869 [grpc-default-executor-0] INFO  impl.RaftServerImpl (RaftServerImpl.java:setRole(184)) - a6b2ebfb-69a0-457c-b6cd-a50cc148b564@group-896385CD49EE: changes role from  FOLLOWER to FOLLOWER at term 89 for recognizeCandidate:b32d7882-88db-4fe6-9cca-6a25122d474d
2019-10-17 02:14:43,869 [Thread-1967] INFO  impl.FollowerState (FollowerState.java:run(117)) - 3aea292b-16fb-4e9b-be90-828afa8e8047@group-896385CD49EE-FollowerState was interrupted: java.lang.InterruptedException: sleep interrupted
2019-10-17 02:14:43,869 [grpc-default-executor-2] INFO  impl.RoleInfo (RoleInfo.java:updateAndGet(143)) - 3aea292b-16fb-4e9b-be90-828afa8e8047: start FollowerState
2019-10-17 02:14:43,869 [grpc-default-executor-0] INFO  impl.RoleInfo (RoleInfo.java:shutdownFollowerState(121)) - a6b2ebfb-69a0-457c-b6cd-a50cc148b564: shutdown FollowerState
2019-10-17 02:14:43,870 [grpc-default-executor-0] INFO  impl.RoleInfo (RoleInfo.java:updateAndGet(143)) - a6b2ebfb-69a0-457c-b6cd-a50cc148b564: start FollowerState
2019-10-17 02:14:43,870 [Thread-1966] INFO  impl.FollowerState (FollowerState.java:run(117)) - a6b2ebfb-69a0-457c-b6cd-a50cc148b564@group-896385CD49EE-FollowerState was interrupted: java.lang.InterruptedException: sleep interrupted
2019-10-17 02:14:43,886 [b32d7882-88db-4fe6-9cca-6a25122d474d@group-896385CD49EE-LeaderElection151] INFO  impl.LeaderElection (LeaderElection.java:logAndReturn(56)) - b32d7882-88db-4fe6-9cca-6a25122d474d@group-896385CD49EE-LeaderElection151: Election REJECTED; received 2 response(s) [b32d7882-88db-4fe6-9cca-6a25122d474d<-3aea292b-16fb-4e9b-be90-828afa8e8047#0:FAIL-t89, b32d7882-88db-4fe6-9cca-6a25122d474d<-a6b2ebfb-69a0-457c-b6cd-a50cc148b564#0:FAIL-t89] and 0 exception(s); b32d7882-88db-4fe6-9cca-6a25122d474d@group-896385CD49EE:t89, leader=null, voted=b32d7882-88db-4fe6-9cca-6a25122d474d, raftlog=b32d7882-88db-4fe6-9cca-6a25122d474d@group-896385CD49EE-SegmentedRaftLog:OPENED:c-1,f-1,i0, conf=-1: [b32d7882-88db-4fe6-9cca-6a25122d474d:192.168.157.194:42206, 3aea292b-16fb-4e9b-be90-828afa8e8047:192.168.157.194:34569, a6b2ebfb-69a0-457c-b6cd-a50cc148b564:192.168.157.194:37298], old=null
2019-10-17 02:14:43,886 [b32d7882-88db-4fe6-9cca-6a25122d474d@group-896385CD49EE-LeaderElection151] INFO  impl.RaftServerImpl (RaftServerImpl.java:setRole(184)) - b32d7882-88db-4fe6-9cca-6a25122d474d@group-896385CD49EE: changes role from CANDIDATE to FOLLOWER at term 89 for DISCOVERED_A_NEW_TERM
2019-10-17 02:14:43,886 [b32d7882-88db-4fe6-9cca-6a25122d474d@group-896385CD49EE-LeaderElection151] INFO  impl.RoleInfo (RoleInfo.java:shutdownLeaderElection(134)) - b32d7882-88db-4fe6-9cca-6a25122d474d: shutdown LeaderElection
2019-10-17 02:14:43,886 [b32d7882-88db-4fe6-9cca-6a25122d474d@group-896385CD49EE-LeaderElection151] INFO  impl.RoleInfo (RoleInfo.java:updateAndGet(143)) - b32d7882-88db-4fe6-9cca-6a25122d474d: start FollowerState
2019-10-17 02:14:44,046 [Thread-1974] INFO  impl.FollowerState (FollowerState.java:run(108)) - b32d7882-88db-4fe6-9cca-6a25122d474d@group-896385CD49EE-FollowerState: change to CANDIDATE, lastRpcTime:160ms, electionTimeout:160ms
2019-10-17 02:14:44,047 [Thread-1974] INFO  impl.RoleInfo (RoleInfo.java:shutdownFollowerState(121)) - b32d7882-88db-4fe6-9cca-6a25122d474d: shutdown FollowerState
2019-10-17 02:14:44,047 [Thread-1974] INFO  impl.RaftServerImpl (RaftServerImpl.java:setRole(184)) - b32d7882-88db-4fe6-9cca-6a25122d474d@group-896385CD49EE: changes role from  FOLLOWER to CANDIDATE at term 89 for changeToCandidate
2019-10-17 02:14:44,047 [Thread-1974] INFO  impl.RoleInfo (RoleInfo.java:updateAndGet(143)) - b32d7882-88db-4fe6-9cca-6a25122d474d: start LeaderElection
2019-10-17 02:14:44,061 [b32d7882-88db-4fe6-9cca-6a25122d474d@group-896385CD49EE-LeaderElection152] INFO  impl.LeaderElection (LeaderElection.java:askForVotes(178)) - b32d7882-88db-4fe6-9cca-6a25122d474d@group-896385CD49EE-LeaderElection152: begin an election at term 90 for -1: [b32d7882-88db-4fe6-9cca-6a25122d474d:192.168.157.194:42206, 3aea292b-16fb-4e9b-be90-828afa8e8047:192.168.157.194:34569, a6b2ebfb-69a0-457c-b6cd-a50cc148b564:192.168.157.194:37298], old=null
2019-10-17 02:14:44,065 [grpc-default-executor-0] INFO  impl.RaftServerImpl (RaftServerImpl.java:setRole(184)) - a6b2ebfb-69a0-457c-b6cd-a50cc148b564@group-896385CD49EE: changes role from  FOLLOWER to FOLLOWER at term 90 for recognizeCandidate:b32d7882-88db-4fe6-9cca-6a25122d474d
2019-10-17 02:14:44,065 [grpc-default-executor-2] INFO  impl.RaftServerImpl (RaftServerImpl.java:setRole(184)) - 3aea292b-16fb-4e9b-be90-828afa8e8047@group-896385CD49EE: changes role from  FOLLOWER to FOLLOWER at term 90 for recognizeCandidate:b32d7882-88db-4fe6-9cca-6a25122d474d
2019-10-17 02:14:44,065 [grpc-default-executor-2] INFO  impl.RoleInfo (RoleInfo.java:shutdownFollowerState(121)) - 3aea292b-16fb-4e9b-be90-828afa8e8047: shutdown FollowerState
2019-10-17 02:14:44,065 [grpc-default-executor-0] INFO  impl.RoleInfo (RoleInfo.java:shutdownFollowerState(121)) - a6b2ebfb-69a0-457c-b6cd-a50cc148b564: shutdown FollowerState
2019-10-17 02:14:44,065 [grpc-default-executor-2] INFO  impl.RoleInfo (RoleInfo.java:updateAndGet(143)) - 3aea292b-16fb-4e9b-be90-828afa8e8047: start FollowerState
2019-10-17 02:14:44,065 [grpc-default-executor-0] INFO  impl.RoleInfo (RoleInfo.java:updateAndGet(143)) - a6b2ebfb-69a0-457c-b6cd-a50cc148b564: start FollowerState
2019-10-17 02:14:44,065 [Thread-1972] INFO  impl.FollowerState (FollowerState.java:run(117)) - 3aea292b-16fb-4e9b-be90-828afa8e8047@group-896385CD49EE-FollowerState was interrupted: java.lang.InterruptedException: sleep interrupted
2019-10-17 02:14:44,066 [Thread-1973] INFO  impl.FollowerState (FollowerState.java:run(117)) - a6b2ebfb-69a0-457c-b6cd-a50cc148b564@group-896385CD49EE-FollowerState was interrupted: java.lang.InterruptedException: sleep interrupted
2019-10-17 02:14:44,079 [b32d7882-88db-4fe6-9cca-6a25122d474d@group-896385CD49EE-LeaderElection152] INFO  impl.LeaderElection (LeaderElection.java:logAndReturn(56)) - b32d7882-88db-4fe6-9cca-6a25122d474d@group-896385CD49EE-LeaderElection152: Election REJECTED; received 2 response(s) [b32d7882-88db-4fe6-9cca-6a25122d474d<-3aea292b-16fb-4e9b-be90-828afa8e8047#0:FAIL-t90, b32d7882-88db-4fe6-9cca-6a25122d474d<-a6b2ebfb-69a0-457c-b6cd-a50cc148b564#0:FAIL-t90] and 0 exception(s); b32d7882-88db-4fe6-9cca-6a25122d474d@group-896385CD49EE:t90, leader=null, voted=b32d7882-88db-4fe6-9cca-6a25122d474d, raftlog=b32d7882-88db-4fe6-9cca-6a25122d474d@group-896385CD49EE-SegmentedRaftLog:OPENED:c-1,f-1,i0, conf=-1: [b32d7882-88db-4fe6-9cca-6a25122d474d:192.168.157.194:42206, 3aea292b-16fb-4e9b-be90-828afa8e8047:192.168.157.194:34569, a6b2ebfb-69a0-457c-b6cd-a50cc148b564:192.168.157.194:37298], old=null
2019-10-17 02:14:44,079 [b32d7882-88db-4fe6-9cca-6a25122d474d@group-896385CD49EE-LeaderElection152] INFO  impl.RaftServerImpl (RaftServerImpl.java:setRole(184)) - b32d7882-88db-4fe6-9cca-6a25122d474d@group-896385CD49EE: changes role from CANDIDATE to FOLLOWER at term 90 for DISCOVERED_A_NEW_TERM
2019-10-17 02:14:44,079 [b32d7882-88db-4fe6-9cca-6a25122d474d@group-896385CD49EE-LeaderElection152] INFO  impl.RoleInfo (RoleInfo.java:shutdownLeaderElection(134)) - b32d7882-88db-4fe6-9cca-6a25122d474d: shutdown LeaderElection
2019-10-17 02:14:44,079 [b32d7882-88db-4fe6-9cca-6a25122d474d@group-896385CD49EE-LeaderElection152] INFO  impl.RoleInfo (RoleInfo.java:updateAndGet(143)) - b32d7882-88db-4fe6-9cca-6a25122d474d: start FollowerState
2019-10-17 02:14:44,134 [main] INFO  ozone.MiniOzoneClusterImpl (MiniOzoneClusterImpl.java:lambda$waitForClusterToBeReady$2(164)) - Waiting for 1 number of pipelines out of 4, to report a leader.
2019-10-17 02:14:44,269 [Thread-1980] INFO  impl.FollowerState (FollowerState.java:run(108)) - b32d7882-88db-4fe6-9cca-6a25122d474d@group-896385CD49EE-FollowerState: change to CANDIDATE, lastRpcTime:190ms, electionTimeout:190ms
2019-10-17 02:14:44,270 [Thread-1980] INFO  impl.RoleInfo (RoleInfo.java:shutdownFollowerState(121)) - b32d7882-88db-4fe6-9cca-6a25122d474d: shutdown FollowerState
2019-10-17 02:14:44,270 [Thread-1980] INFO  impl.RaftServerImpl (RaftServerImpl.java:setRole(184)) - b32d7882-88db-4fe6-9cca-6a25122d474d@group-896385CD49EE: changes role from  FOLLOWER to CANDIDATE at term 90 for changeToCandidate
2019-10-17 02:14:44,270 [Thread-1980] INFO  impl.RoleInfo (RoleInfo.java:updateAndGet(143)) - b32d7882-88db-4fe6-9cca-6a25122d474d: start LeaderElection
2019-10-17 02:14:44,284 [b32d7882-88db-4fe6-9cca-6a25122d474d@group-896385CD49EE-LeaderElection153] INFO  impl.LeaderElection (LeaderElection.java:askForVotes(178)) - b32d7882-88db-4fe6-9cca-6a25122d474d@group-896385CD49EE-LeaderElection153: begin an election at term 91 for -1: [b32d7882-88db-4fe6-9cca-6a25122d474d:192.168.157.194:42206, 3aea292b-16fb-4e9b-be90-828afa8e8047:192.168.157.194:34569, a6b2ebfb-69a0-457c-b6cd-a50cc148b564:192.168.157.194:37298], old=null
2019-10-17 02:14:44,288 [grpc-default-executor-2] INFO  impl.RaftServerImpl (RaftServerImpl.java:setRole(184)) - 3aea292b-16fb-4e9b-be90-828afa8e8047@group-896385CD49EE: changes role from  FOLLOWER to FOLLOWER at term 91 for recognizeCandidate:b32d7882-88db-4fe6-9cca-6a25122d474d
2019-10-17 02:14:44,288 [grpc-default-executor-2] INFO  impl.RoleInfo (RoleInfo.java:shutdownFollowerState(121)) - 3aea292b-16fb-4e9b-be90-828afa8e8047: shutdown FollowerState
2019-10-17 02:14:44,288 [grpc-default-executor-0] INFO  impl.RaftServerImpl (RaftServerImpl.java:setRole(184)) - a6b2ebfb-69a0-457c-b6cd-a50cc148b564@group-896385CD49EE: changes role from  FOLLOWER to FOLLOWER at term 91 for recognizeCandidate:b32d7882-88db-4fe6-9cca-6a25122d474d
2019-10-17 02:14:44,289 [Thread-1978] INFO  impl.FollowerState (FollowerState.java:run(117)) - 3aea292b-16fb-4e9b-be90-828afa8e8047@group-896385CD49EE-FollowerState was interrupted: java.lang.InterruptedException: sleep interrupted
2019-10-17 02:14:44,288 [grpc-default-executor-2] INFO  impl.RoleInfo (RoleInfo.java:updateAndGet(143)) - 3aea292b-16fb-4e9b-be90-828afa8e8047: start FollowerState
2019-10-17 02:14:44,289 [grpc-default-executor-0] INFO  impl.RoleInfo (RoleInfo.java:shutdownFollowerState(121)) - a6b2ebfb-69a0-457c-b6cd-a50cc148b564: shutdown FollowerState
2019-10-17 02:14:44,289 [grpc-default-executor-0] INFO  impl.RoleInfo (RoleInfo.java:updateAndGet(143)) - a6b2ebfb-69a0-457c-b6cd-a50cc148b564: start FollowerState
2019-10-17 02:14:44,289 [Thread-1979] INFO  impl.FollowerState (FollowerState.java:run(117)) - a6b2ebfb-69a0-457c-b6cd-a50cc148b564@group-896385CD49EE-FollowerState was interrupted: java.lang.InterruptedException: sleep interrupted
2019-10-17 02:14:44,304 [b32d7882-88db-4fe6-9cca-6a25122d474d@group-896385CD49EE-LeaderElection153] INFO  impl.LeaderElection (LeaderElection.java:logAndReturn(56)) - b32d7882-88db-4fe6-9cca-6a25122d474d@group-896385CD49EE-LeaderElection153: Election REJECTED; received 2 response(s) [b32d7882-88db-4fe6-9cca-6a25122d474d<-3aea292b-16fb-4e9b-be90-828afa8e8047#0:FAIL-t91, b32d7882-88db-4fe6-9cca-6a25122d474d<-a6b2ebfb-69a0-457c-b6cd-a50cc148b564#0:FAIL-t91] and 0 exception(s); b32d7882-88db-4fe6-9cca-6a25122d474d@group-896385CD49EE:t91, leader=null, voted=b32d7882-88db-4fe6-9cca-6a25122d474d, raftlog=b32d7882-88db-4fe6-9cca-6a25122d474d@group-896385CD49EE-SegmentedRaftLog:OPENED:c-1,f-1,i0, conf=-1: [b32d7882-88db-4fe6-9cca-6a25122d474d:192.168.157.194:42206, 3aea292b-16fb-4e9b-be90-828afa8e8047:192.168.157.194:34569, a6b2ebfb-69a0-457c-b6cd-a50cc148b564:192.168.157.194:37298], old=null
2019-10-17 02:14:44,304 [b32d7882-88db-4fe6-9cca-6a25122d474d@group-896385CD49EE-LeaderElection153] INFO  impl.RaftServerImpl (RaftServerImpl.java:setRole(184)) - b32d7882-88db-4fe6-9cca-6a25122d474d@group-896385CD49EE: changes role from CANDIDATE to FOLLOWER at term 91 for DISCOVERED_A_NEW_TERM
2019-10-17 02:14:44,304 [b32d7882-88db-4fe6-9cca-6a25122d474d@group-896385CD49EE-LeaderElection153] INFO  impl.RoleInfo (RoleInfo.java:shutdownLeaderElection(134)) - b32d7882-88db-4fe6-9cca-6a25122d474d: shutdown LeaderElection
2019-10-17 02:14:44,305 [b32d7882-88db-4fe6-9cca-6a25122d474d@group-896385CD49EE-LeaderElection153] INFO  impl.RoleInfo (RoleInfo.java:updateAndGet(143)) - b32d7882-88db-4fe6-9cca-6a25122d474d: start FollowerState
2019-10-17 02:14:44,456 [Thread-1986] INFO  impl.FollowerState (FollowerState.java:run(108)) - b32d7882-88db-4fe6-9cca-6a25122d474d@group-896385CD49EE-FollowerState: change to CANDIDATE, lastRpcTime:151ms, electionTimeout:151ms
2019-10-17 02:14:44,456 [Thread-1986] INFO  impl.RoleInfo (RoleInfo.java:shutdownFollowerState(121)) - b32d7882-88db-4fe6-9cca-6a25122d474d: shutdown FollowerState
2019-10-17 02:14:44,456 [Thread-1986] INFO  impl.RaftServerImpl (RaftServerImpl.java:setRole(184)) - b32d7882-88db-4fe6-9cca-6a25122d474d@group-896385CD49EE: changes role from  FOLLOWER to CANDIDATE at term 91 for changeToCandidate
2019-10-17 02:14:44,457 [Thread-1986] INFO  impl.RoleInfo (RoleInfo.java:updateAndGet(143)) - b32d7882-88db-4fe6-9cca-6a25122d474d: start LeaderElection
2019-10-17 02:14:44,470 [b32d7882-88db-4fe6-9cca-6a25122d474d@group-896385CD49EE-LeaderElection154] INFO  impl.LeaderElection (LeaderElection.java:askForVotes(178)) - b32d7882-88db-4fe6-9cca-6a25122d474d@group-896385CD49EE-LeaderElection154: begin an election at term 92 for -1: [b32d7882-88db-4fe6-9cca-6a25122d474d:192.168.157.194:42206, 3aea292b-16fb-4e9b-be90-828afa8e8047:192.168.157.194:34569, a6b2ebfb-69a0-457c-b6cd-a50cc148b564:192.168.157.194:37298], old=null
2019-10-17 02:14:44,473 [grpc-default-executor-2] INFO  impl.RaftServerImpl (RaftServerImpl.java:setRole(184)) - 3aea292b-16fb-4e9b-be90-828afa8e8047@group-896385CD49EE: changes role from  FOLLOWER to FOLLOWER at term 92 for recognizeCandidate:b32d7882-88db-4fe6-9cca-6a25122d474d
2019-10-17 02:14:44,473 [grpc-default-executor-2] INFO  impl.RoleInfo (RoleInfo.java:shutdownFollowerState(121)) - 3aea292b-16fb-4e9b-be90-828afa8e8047: shutdown FollowerState
2019-10-17 02:14:44,473 [grpc-default-executor-2] INFO  impl.RoleInfo (RoleInfo.java:updateAndGet(143)) - 3aea292b-16fb-4e9b-be90-828afa8e8047: start FollowerState
2019-10-17 02:14:44,473 [Thread-1984] INFO  impl.FollowerState (FollowerState.java:run(117)) - 3aea292b-16fb-4e9b-be90-828afa8e8047@group-896385CD49EE-FollowerState was interrupted: java.lang.InterruptedException: sleep interrupted
2019-10-17 02:14:44,473 [grpc-default-executor-0] INFO  impl.RaftServerImpl (RaftServerImpl.java:setRole(184)) - a6b2ebfb-69a0-457c-b6cd-a50cc148b564@group-896385CD49EE: changes role from  FOLLOWER to FOLLOWER at term 92 for recognizeCandidate:b32d7882-88db-4fe6-9cca-6a25122d474d
2019-10-17 02:14:44,474 [grpc-default-executor-0] INFO  impl.RoleInfo (RoleInfo.java:shutdownFollowerState(121)) - a6b2ebfb-69a0-457c-b6cd-a50cc148b564: shutdown FollowerState
2019-10-17 02:14:44,474 [grpc-default-executor-0] INFO  impl.RoleInfo (RoleInfo.java:updateAndGet(143)) - a6b2ebfb-69a0-457c-b6cd-a50cc148b564: start FollowerState
2019-10-17 02:14:44,474 [Thread-1985] INFO  impl.FollowerState (FollowerState.java:run(117)) - a6b2ebfb-69a0-457c-b6cd-a50cc148b564@group-896385CD49EE-FollowerState was interrupted: java.lang.InterruptedException: sleep interrupted
2019-10-17 02:14:44,487 [b32d7882-88db-4fe6-9cca-6a25122d474d@group-896385CD49EE-LeaderElection154] INFO  impl.LeaderElection (LeaderElection.java:logAndReturn(56)) - b32d7882-88db-4fe6-9cca-6a25122d474d@group-896385CD49EE-LeaderElection154: Election REJECTED; received 2 response(s) [b32d7882-88db-4fe6-9cca-6a25122d474d<-3aea292b-16fb-4e9b-be90-828afa8e8047#0:FAIL-t92, b32d7882-88db-4fe6-9cca-6a25122d474d<-a6b2ebfb-69a0-457c-b6cd-a50cc148b564#0:FAIL-t92] and 0 exception(s); b32d7882-88db-4fe6-9cca-6a25122d474d@group-896385CD49EE:t92, leader=null, voted=b32d7882-88db-4fe6-9cca-6a25122d474d, raftlog=b32d7882-88db-4fe6-9cca-6a25122d474d@group-896385CD49EE-SegmentedRaftLog:OPENED:c-1,f-1,i0, conf=-1: [b32d7882-88db-4fe6-9cca-6a25122d474d:192.168.157.194:42206, 3aea292b-16fb-4e9b-be90-828afa8e8047:192.168.157.194:34569, a6b2ebfb-69a0-457c-b6cd-a50cc148b564:192.168.157.194:37298], old=null
2019-10-17 02:14:44,488 [b32d7882-88db-4fe6-9cca-6a25122d474d@group-896385CD49EE-LeaderElection154] INFO  impl.RaftServerImpl (RaftServerImpl.java:setRole(184)) - b32d7882-88db-4fe6-9cca-6a25122d474d@group-896385CD49EE: changes role from CANDIDATE to FOLLOWER at term 92 for DISCOVERED_A_NEW_TERM
2019-10-17 02:14:44,488 [b32d7882-88db-4fe6-9cca-6a25122d474d@group-896385CD49EE-LeaderElection154] INFO  impl.RoleInfo (RoleInfo.java:shutdownLeaderElection(134)) - b32d7882-88db-4fe6-9cca-6a25122d474d: shutdown LeaderElection
2019-10-17 02:14:44,488 [b32d7882-88db-4fe6-9cca-6a25122d474d@group-896385CD49EE-LeaderElection154] INFO  impl.RoleInfo (RoleInfo.java:updateAndGet(143)) - b32d7882-88db-4fe6-9cca-6a25122d474d: start FollowerState
2019-10-17 02:14:44,528 [Thread-1992] INFO  impl.FollowerState (FollowerState.java:run(108)) - b32d7882-88db-4fe6-9cca-6a25122d474d@group-896385CD49EE-FollowerState: change to CANDIDATE, lastRpcTime:40ms, electionTimeout:40ms
2019-10-17 02:14:44,529 [Thread-1992] INFO  impl.RoleInfo (RoleInfo.java:shutdownFollowerState(121)) - b32d7882-88db-4fe6-9cca-6a25122d474d: shutdown FollowerState
2019-10-17 02:14:44,529 [Thread-1992] INFO  impl.RaftServerImpl (RaftServerImpl.java:setRole(184)) - b32d7882-88db-4fe6-9cca-6a25122d474d@group-896385CD49EE: changes role from  FOLLOWER to CANDIDATE at term 92 for changeToCandidate
2019-10-17 02:14:44,529 [Thread-1992] INFO  impl.RoleInfo (RoleInfo.java:updateAndGet(143)) - b32d7882-88db-4fe6-9cca-6a25122d474d: start LeaderElection
2019-10-17 02:14:44,543 [b32d7882-88db-4fe6-9cca-6a25122d474d@group-896385CD49EE-LeaderElection155] INFO  impl.LeaderElection (LeaderElection.java:askForVotes(178)) - b32d7882-88db-4fe6-9cca-6a25122d474d@group-896385CD49EE-LeaderElection155: begin an election at term 93 for -1: [b32d7882-88db-4fe6-9cca-6a25122d474d:192.168.157.194:42206, 3aea292b-16fb-4e9b-be90-828afa8e8047:192.168.157.194:34569, a6b2ebfb-69a0-457c-b6cd-a50cc148b564:192.168.157.194:37298], old=null
2019-10-17 02:14:44,545 [grpc-default-executor-2] INFO  impl.RaftServerImpl (RaftServerImpl.java:setRole(184)) - a6b2ebfb-69a0-457c-b6cd-a50cc148b564@group-896385CD49EE: changes role from  FOLLOWER to FOLLOWER at term 93 for recognizeCandidate:b32d7882-88db-4fe6-9cca-6a25122d474d
2019-10-17 02:14:44,545 [grpc-default-executor-0] INFO  impl.RaftServerImpl (RaftServerImpl.java:setRole(184)) - 3aea292b-16fb-4e9b-be90-828afa8e8047@group-896385CD49EE: changes role from  FOLLOWER to FOLLOWER at term 93 for recognizeCandidate:b32d7882-88db-4fe6-9cca-6a25122d474d
2019-10-17 02:14:44,545 [grpc-default-executor-2] INFO  impl.RoleInfo (RoleInfo.java:shutdownFollowerState(121)) - a6b2ebfb-69a0-457c-b6cd-a50cc148b564: shutdown FollowerState
2019-10-17 02:14:44,546 [grpc-default-executor-0] INFO  impl.RoleInfo (RoleInfo.java:shutdownFollowerState(121)) - 3aea292b-16fb-4e9b-be90-828afa8e8047: shutdown FollowerState
2019-10-17 02:14:44,546 [grpc-default-executor-2] INFO  impl.RoleInfo (RoleInfo.java:updateAndGet(143)) - a6b2ebfb-69a0-457c-b6cd-a50cc148b564: start FollowerState
2019-10-17 02:14:44,546 [grpc-default-executor-0] INFO  impl.RoleInfo (RoleInfo.java:updateAndGet(143)) - 3aea292b-16fb-4e9b-be90-828afa8e8047: start FollowerState
2019-10-17 02:14:44,546 [Thread-1991] INFO  impl.FollowerState (FollowerState.java:run(117)) - a6b2ebfb-69a0-457c-b6cd-a50cc148b564@group-896385CD49EE-FollowerState was interrupted: java.lang.InterruptedException: sleep interrupted
2019-10-17 02:14:44,546 [Thread-1990] INFO  impl.FollowerState (FollowerState.java:run(117)) - 3aea292b-16fb-4e9b-be90-828afa8e8047@group-896385CD49EE-FollowerState was interrupted: java.lang.InterruptedException: sleep interrupted
2019-10-17 02:14:44,556 [b32d7882-88db-4fe6-9cca-6a25122d474d@group-896385CD49EE-LeaderElection155] INFO  impl.LeaderElection (LeaderElection.java:logAndReturn(56)) - b32d7882-88db-4fe6-9cca-6a25122d474d@group-896385CD49EE-LeaderElection155: Election TIMEOUT; received 0 response(s) [] and 0 exception(s); b32d7882-88db-4fe6-9cca-6a25122d474d@group-896385CD49EE:t93, leader=null, voted=b32d7882-88db-4fe6-9cca-6a25122d474d, raftlog=b32d7882-88db-4fe6-9cca-6a25122d474d@group-896385CD49EE-SegmentedRaftLog:OPENED:c-1,f-1,i0, conf=-1: [b32d7882-88db-4fe6-9cca-6a25122d474d:192.168.157.194:42206, 3aea292b-16fb-4e9b-be90-828afa8e8047:192.168.157.194:34569, a6b2ebfb-69a0-457c-b6cd-a50cc148b564:192.168.157.194:37298], old=null
2019-10-17 02:14:44,560 [b32d7882-88db-4fe6-9cca-6a25122d474d@group-896385CD49EE-LeaderElection155] INFO  impl.LeaderElection (LeaderElection.java:askForVotes(178)) - b32d7882-88db-4fe6-9cca-6a25122d474d@group-896385CD49EE-LeaderElection155: begin an election at term 94 for -1: [b32d7882-88db-4fe6-9cca-6a25122d474d:192.168.157.194:42206, 3aea292b-16fb-4e9b-be90-828afa8e8047:192.168.157.194:34569, a6b2ebfb-69a0-457c-b6cd-a50cc148b564:192.168.157.194:37298], old=null
2019-10-17 02:14:44,562 [grpc-default-executor-2] INFO  impl.RaftServerImpl (RaftServerImpl.java:setRole(184)) - 3aea292b-16fb-4e9b-be90-828afa8e8047@group-896385CD49EE: changes role from  FOLLOWER to FOLLOWER at term 94 for recognizeCandidate:b32d7882-88db-4fe6-9cca-6a25122d474d
2019-10-17 02:14:44,562 [grpc-default-executor-2] INFO  impl.RoleInfo (RoleInfo.java:shutdownFollowerState(121)) - 3aea292b-16fb-4e9b-be90-828afa8e8047: shutdown FollowerState
2019-10-17 02:14:44,562 [grpc-default-executor-2] INFO  impl.RoleInfo (RoleInfo.java:updateAndGet(143)) - 3aea292b-16fb-4e9b-be90-828afa8e8047: start FollowerState
2019-10-17 02:14:44,562 [Thread-1997] INFO  impl.FollowerState (FollowerState.java:run(117)) - 3aea292b-16fb-4e9b-be90-828afa8e8047@group-896385CD49EE-FollowerState was interrupted: java.lang.InterruptedException: sleep interrupted
2019-10-17 02:14:44,563 [grpc-default-executor-0] INFO  impl.RaftServerImpl (RaftServerImpl.java:setRole(184)) - a6b2ebfb-69a0-457c-b6cd-a50cc148b564@group-896385CD49EE: changes role from  FOLLOWER to FOLLOWER at term 94 for recognizeCandidate:b32d7882-88db-4fe6-9cca-6a25122d474d
2019-10-17 02:14:44,563 [grpc-default-executor-0] INFO  impl.RoleInfo (RoleInfo.java:shutdownFollowerState(121)) - a6b2ebfb-69a0-457c-b6cd-a50cc148b564: shutdown FollowerState
2019-10-17 02:14:44,563 [grpc-default-executor-0] INFO  impl.RoleInfo (RoleInfo.java:updateAndGet(143)) - a6b2ebfb-69a0-457c-b6cd-a50cc148b564: start FollowerState
2019-10-17 02:14:44,563 [Thread-1996] INFO  impl.FollowerState (FollowerState.java:run(117)) - a6b2ebfb-69a0-457c-b6cd-a50cc148b564@group-896385CD49EE-FollowerState was interrupted: java.lang.InterruptedException: sleep interrupted
2019-10-17 02:14:44,577 [b32d7882-88db-4fe6-9cca-6a25122d474d@group-896385CD49EE-LeaderElection155] INFO  impl.LeaderElection (LeaderElection.java:logAndReturn(56)) - b32d7882-88db-4fe6-9cca-6a25122d474d@group-896385CD49EE-LeaderElection155: Election REJECTED; received 2 response(s) [b32d7882-88db-4fe6-9cca-6a25122d474d<-3aea292b-16fb-4e9b-be90-828afa8e8047#0:FAIL-t94, b32d7882-88db-4fe6-9cca-6a25122d474d<-a6b2ebfb-69a0-457c-b6cd-a50cc148b564#0:FAIL-t94] and 0 exception(s); b32d7882-88db-4fe6-9cca-6a25122d474d@group-896385CD49EE:t94, leader=null, voted=b32d7882-88db-4fe6-9cca-6a25122d474d, raftlog=b32d7882-88db-4fe6-9cca-6a25122d474d@group-896385CD49EE-SegmentedRaftLog:OPENED:c-1,f-1,i0, conf=-1: [b32d7882-88db-4fe6-9cca-6a25122d474d:192.168.157.194:42206, 3aea292b-16fb-4e9b-be90-828afa8e8047:192.168.157.194:34569, a6b2ebfb-69a0-457c-b6cd-a50cc148b564:192.168.157.194:37298], old=null
2019-10-17 02:14:44,577 [b32d7882-88db-4fe6-9cca-6a25122d474d@group-896385CD49EE-LeaderElection155] INFO  impl.RaftServerImpl (RaftServerImpl.java:setRole(184)) - b32d7882-88db-4fe6-9cca-6a25122d474d@group-896385CD49EE: changes role from CANDIDATE to FOLLOWER at term 94 for DISCOVERED_A_NEW_TERM
2019-10-17 02:14:44,577 [b32d7882-88db-4fe6-9cca-6a25122d474d@group-896385CD49EE-LeaderElection155] INFO  impl.RoleInfo (RoleInfo.java:shutdownLeaderElection(134)) - b32d7882-88db-4fe6-9cca-6a25122d474d: shutdown LeaderElection
2019-10-17 02:14:44,577 [b32d7882-88db-4fe6-9cca-6a25122d474d@group-896385CD49EE-LeaderElection155] INFO  impl.RoleInfo (RoleInfo.java:updateAndGet(143)) - b32d7882-88db-4fe6-9cca-6a25122d474d: start FollowerState
2019-10-17 02:14:44,643 [Thread-2002] INFO  impl.FollowerState (FollowerState.java:run(108)) - b32d7882-88db-4fe6-9cca-6a25122d474d@group-896385CD49EE-FollowerState: change to CANDIDATE, lastRpcTime:65ms, electionTimeout:65ms
2019-10-17 02:14:44,643 [Thread-2002] INFO  impl.RoleInfo (RoleInfo.java:shutdownFollowerState(121)) - b32d7882-88db-4fe6-9cca-6a25122d474d: shutdown FollowerState
2019-10-17 02:14:44,643 [Thread-2002] INFO  impl.RaftServerImpl (RaftServerImpl.java:setRole(184)) - b32d7882-88db-4fe6-9cca-6a25122d474d@group-896385CD49EE: changes role from  FOLLOWER to CANDIDATE at term 94 for changeToCandidate
2019-10-17 02:14:44,643 [Thread-2002] INFO  impl.RoleInfo (RoleInfo.java:updateAndGet(143)) - b32d7882-88db-4fe6-9cca-6a25122d474d: start LeaderElection
2019-10-17 02:14:44,647 [b32d7882-88db-4fe6-9cca-6a25122d474d@group-896385CD49EE-LeaderElection156] INFO  impl.LeaderElection (LeaderElection.java:askForVotes(178)) - b32d7882-88db-4fe6-9cca-6a25122d474d@group-896385CD49EE-LeaderElection156: begin an election at term 95 for -1: [b32d7882-88db-4fe6-9cca-6a25122d474d:192.168.157.194:42206, 3aea292b-16fb-4e9b-be90-828afa8e8047:192.168.157.194:34569, a6b2ebfb-69a0-457c-b6cd-a50cc148b564:192.168.157.194:37298], old=null
2019-10-17 02:14:44,649 [grpc-default-executor-0] INFO  impl.RaftServerImpl (RaftServerImpl.java:setRole(184)) - 3aea292b-16fb-4e9b-be90-828afa8e8047@group-896385CD49EE: changes role from  FOLLOWER to FOLLOWER at term 95 for recognizeCandidate:b32d7882-88db-4fe6-9cca-6a25122d474d
2019-10-17 02:14:44,649 [grpc-default-executor-2] INFO  impl.RaftServerImpl (RaftServerImpl.java:setRole(184)) - a6b2ebfb-69a0-457c-b6cd-a50cc148b564@group-896385CD49EE: changes role from  FOLLOWER to FOLLOWER at term 95 for recognizeCandidate:b32d7882-88db-4fe6-9cca-6a25122d474d
2019-10-17 02:14:44,649 [grpc-default-executor-0] INFO  impl.RoleInfo (RoleInfo.java:shutdownFollowerState(121)) - 3aea292b-16fb-4e9b-be90-828afa8e8047: shutdown FollowerState
2019-10-17 02:14:44,649 [grpc-default-executor-2] INFO  impl.RoleInfo (RoleInfo.java:shutdownFollowerState(121)) - a6b2ebfb-69a0-457c-b6cd-a50cc148b564: shutdown FollowerState
2019-10-17 02:14:44,650 [grpc-default-executor-0] INFO  impl.RoleInfo (RoleInfo.java:updateAndGet(143)) - 3aea292b-16fb-4e9b-be90-828afa8e8047: start FollowerState
2019-10-17 02:14:44,650 [grpc-default-executor-2] INFO  impl.RoleInfo (RoleInfo.java:updateAndGet(143)) - a6b2ebfb-69a0-457c-b6cd-a50cc148b564: start FollowerState
2019-10-17 02:14:44,650 [Thread-2000] INFO  impl.FollowerState (FollowerState.java:run(117)) - 3aea292b-16fb-4e9b-be90-828afa8e8047@group-896385CD49EE-FollowerState was interrupted: java.lang.InterruptedException: sleep interrupted
2019-10-17 02:14:44,650 [Thread-2001] INFO  impl.FollowerState (FollowerState.java:run(117)) - a6b2ebfb-69a0-457c-b6cd-a50cc148b564@group-896385CD49EE-FollowerState was interrupted: java.lang.InterruptedException: sleep interrupted
2019-10-17 02:14:44,662 [b32d7882-88db-4fe6-9cca-6a25122d474d@group-896385CD49EE-LeaderElection156] INFO  impl.LeaderElection (LeaderElection.java:logAndReturn(56)) - b32d7882-88db-4fe6-9cca-6a25122d474d@group-896385CD49EE-LeaderElection156: Election REJECTED; received 2 response(s) [b32d7882-88db-4fe6-9cca-6a25122d474d<-3aea292b-16fb-4e9b-be90-828afa8e8047#0:FAIL-t95, b32d7882-88db-4fe6-9cca-6a25122d474d<-a6b2ebfb-69a0-457c-b6cd-a50cc148b564#0:FAIL-t95] and 0 exception(s); b32d7882-88db-4fe6-9cca-6a25122d474d@group-896385CD49EE:t95, leader=null, voted=b32d7882-88db-4fe6-9cca-6a25122d474d, raftlog=b32d7882-88db-4fe6-9cca-6a25122d474d@group-896385CD49EE-SegmentedRaftLog:OPENED:c-1,f-1,i0, conf=-1: [b32d7882-88db-4fe6-9cca-6a25122d474d:192.168.157.194:42206, 3aea292b-16fb-4e9b-be90-828afa8e8047:192.168.157.194:34569, a6b2ebfb-69a0-457c-b6cd-a50cc148b564:192.168.157.194:37298], old=null
2019-10-17 02:14:44,662 [b32d7882-88db-4fe6-9cca-6a25122d474d@group-896385CD49EE-LeaderElection156] INFO  impl.RaftServerImpl (RaftServerImpl.java:setRole(184)) - b32d7882-88db-4fe6-9cca-6a25122d474d@group-896385CD49EE: changes role from CANDIDATE to FOLLOWER at term 95 for DISCOVERED_A_NEW_TERM
2019-10-17 02:14:44,662 [b32d7882-88db-4fe6-9cca-6a25122d474d@group-896385CD49EE-LeaderElection156] INFO  impl.RoleInfo (RoleInfo.java:shutdownLeaderElection(134)) - b32d7882-88db-4fe6-9cca-6a25122d474d: shutdown LeaderElection
2019-10-17 02:14:44,663 [b32d7882-88db-4fe6-9cca-6a25122d474d@group-896385CD49EE-LeaderElection156] INFO  impl.RoleInfo (RoleInfo.java:updateAndGet(143)) - b32d7882-88db-4fe6-9cca-6a25122d474d: start FollowerState
2019-10-17 02:14:44,799 [Thread-2008] INFO  impl.FollowerState (FollowerState.java:run(108)) - b32d7882-88db-4fe6-9cca-6a25122d474d@group-896385CD49EE-FollowerState: change to CANDIDATE, lastRpcTime:136ms, electionTimeout:136ms
2019-10-17 02:14:44,799 [Thread-2008] INFO  impl.RoleInfo (RoleInfo.java:shutdownFollowerState(121)) - b32d7882-88db-4fe6-9cca-6a25122d474d: shutdown FollowerState
2019-10-17 02:14:44,799 [Thread-2008] INFO  impl.RaftServerImpl (RaftServerImpl.java:setRole(184)) - b32d7882-88db-4fe6-9cca-6a25122d474d@group-896385CD49EE: changes role from  FOLLOWER to CANDIDATE at term 95 for changeToCandidate
2019-10-17 02:14:44,800 [Thread-2008] INFO  impl.RoleInfo (RoleInfo.java:updateAndGet(143)) - b32d7882-88db-4fe6-9cca-6a25122d474d: start LeaderElection
2019-10-17 02:14:44,813 [b32d7882-88db-4fe6-9cca-6a25122d474d@group-896385CD49EE-LeaderElection157] INFO  impl.LeaderElection (LeaderElection.java:askForVotes(178)) - b32d7882-88db-4fe6-9cca-6a25122d474d@group-896385CD49EE-LeaderElection157: begin an election at term 96 for -1: [b32d7882-88db-4fe6-9cca-6a25122d474d:192.168.157.194:42206, 3aea292b-16fb-4e9b-be90-828afa8e8047:192.168.157.194:34569, a6b2ebfb-69a0-457c-b6cd-a50cc148b564:192.168.157.194:37298], old=null
2019-10-17 02:14:44,816 [grpc-default-executor-2] INFO  impl.RaftServerImpl (RaftServerImpl.java:setRole(184)) - 3aea292b-16fb-4e9b-be90-828afa8e8047@group-896385CD49EE: changes role from  FOLLOWER to FOLLOWER at term 96 for recognizeCandidate:b32d7882-88db-4fe6-9cca-6a25122d474d
2019-10-17 02:14:44,816 [grpc-default-executor-2] INFO  impl.RoleInfo (RoleInfo.java:shutdownFollowerState(121)) - 3aea292b-16fb-4e9b-be90-828afa8e8047: shutdown FollowerState
2019-10-17 02:14:44,816 [grpc-default-executor-0] INFO  impl.RaftServerImpl (RaftServerImpl.java:setRole(184)) - a6b2ebfb-69a0-457c-b6cd-a50cc148b564@group-896385CD49EE: changes role from  FOLLOWER to FOLLOWER at term 96 for recognizeCandidate:b32d7882-88db-4fe6-9cca-6a25122d474d
2019-10-17 02:14:44,817 [Thread-2006] INFO  impl.FollowerState (FollowerState.java:run(117)) - 3aea292b-16fb-4e9b-be90-828afa8e8047@group-896385CD49EE-FollowerState was interrupted: java.lang.InterruptedException: sleep interrupted
2019-10-17 02:14:44,817 [grpc-default-executor-2] INFO  impl.RoleInfo (RoleInfo.java:updateAndGet(143)) - 3aea292b-16fb-4e9b-be90-828afa8e8047: start FollowerState
2019-10-17 02:14:44,817 [grpc-default-executor-0] INFO  impl.RoleInfo (RoleInfo.java:shutdownFollowerState(121)) - a6b2ebfb-69a0-457c-b6cd-a50cc148b564: shutdown FollowerState
2019-10-17 02:14:44,817 [grpc-default-executor-0] INFO  impl.RoleInfo (RoleInfo.java:updateAndGet(143)) - a6b2ebfb-69a0-457c-b6cd-a50cc148b564: start FollowerState
2019-10-17 02:14:44,817 [Thread-2007] INFO  impl.FollowerState (FollowerState.java:run(117)) - a6b2ebfb-69a0-457c-b6cd-a50cc148b564@group-896385CD49EE-FollowerState was interrupted: java.lang.InterruptedException: sleep interrupted
2019-10-17 02:14:44,831 [b32d7882-88db-4fe6-9cca-6a25122d474d@group-896385CD49EE-LeaderElection157] INFO  impl.LeaderElection (LeaderElection.java:logAndReturn(56)) - b32d7882-88db-4fe6-9cca-6a25122d474d@group-896385CD49EE-LeaderElection157: Election REJECTED; received 2 response(s) [b32d7882-88db-4fe6-9cca-6a25122d474d<-3aea292b-16fb-4e9b-be90-828afa8e8047#0:FAIL-t96, b32d7882-88db-4fe6-9cca-6a25122d474d<-a6b2ebfb-69a0-457c-b6cd-a50cc148b564#0:FAIL-t96] and 0 exception(s); b32d7882-88db-4fe6-9cca-6a25122d474d@group-896385CD49EE:t96, leader=null, voted=b32d7882-88db-4fe6-9cca-6a25122d474d, raftlog=b32d7882-88db-4fe6-9cca-6a25122d474d@group-896385CD49EE-SegmentedRaftLog:OPENED:c-1,f-1,i0, conf=-1: [b32d7882-88db-4fe6-9cca-6a25122d474d:192.168.157.194:42206, 3aea292b-16fb-4e9b-be90-828afa8e8047:192.168.157.194:34569, a6b2ebfb-69a0-457c-b6cd-a50cc148b564:192.168.157.194:37298], old=null
2019-10-17 02:14:44,831 [b32d7882-88db-4fe6-9cca-6a25122d474d@group-896385CD49EE-LeaderElection157] INFO  impl.RaftServerImpl (RaftServerImpl.java:setRole(184)) - b32d7882-88db-4fe6-9cca-6a25122d474d@group-896385CD49EE: changes role from CANDIDATE to FOLLOWER at term 96 for DISCOVERED_A_NEW_TERM
2019-10-17 02:14:44,832 [b32d7882-88db-4fe6-9cca-6a25122d474d@group-896385CD49EE-LeaderElection157] INFO  impl.RoleInfo (RoleInfo.java:shutdownLeaderElection(134)) - b32d7882-88db-4fe6-9cca-6a25122d474d: shutdown LeaderElection
2019-10-17 02:14:44,832 [b32d7882-88db-4fe6-9cca-6a25122d474d@group-896385CD49EE-LeaderElection157] INFO  impl.RoleInfo (RoleInfo.java:updateAndGet(143)) - b32d7882-88db-4fe6-9cca-6a25122d474d: start FollowerState
2019-10-17 02:14:45,026 [Thread-2014] INFO  impl.FollowerState (FollowerState.java:run(108)) - b32d7882-88db-4fe6-9cca-6a25122d474d@group-896385CD49EE-FollowerState: change to CANDIDATE, lastRpcTime:194ms, electionTimeout:194ms
2019-10-17 02:14:45,027 [Thread-2014] INFO  impl.RoleInfo (RoleInfo.java:shutdownFollowerState(121)) - b32d7882-88db-4fe6-9cca-6a25122d474d: shutdown FollowerState
2019-10-17 02:14:45,027 [Thread-2014] INFO  impl.RaftServerImpl (RaftServerImpl.java:setRole(184)) - b32d7882-88db-4fe6-9cca-6a25122d474d@group-896385CD49EE: changes role from  FOLLOWER to CANDIDATE at term 96 for changeToCandidate
2019-10-17 02:14:45,027 [Thread-2014] INFO  impl.RoleInfo (RoleInfo.java:updateAndGet(143)) - b32d7882-88db-4fe6-9cca-6a25122d474d: start LeaderElection
2019-10-17 02:14:45,041 [b32d7882-88db-4fe6-9cca-6a25122d474d@group-896385CD49EE-LeaderElection158] INFO  impl.LeaderElection (LeaderElection.java:askForVotes(178)) - b32d7882-88db-4fe6-9cca-6a25122d474d@group-896385CD49EE-LeaderElection158: begin an election at term 97 for -1: [b32d7882-88db-4fe6-9cca-6a25122d474d:192.168.157.194:42206, 3aea292b-16fb-4e9b-be90-828afa8e8047:192.168.157.194:34569, a6b2ebfb-69a0-457c-b6cd-a50cc148b564:192.168.157.194:37298], old=null
2019-10-17 02:14:45,044 [grpc-default-executor-2] INFO  impl.RaftServerImpl (RaftServerImpl.java:setRole(184)) - 3aea292b-16fb-4e9b-be90-828afa8e8047@group-896385CD49EE: changes role from  FOLLOWER to FOLLOWER at term 97 for recognizeCandidate:b32d7882-88db-4fe6-9cca-6a25122d474d
2019-10-17 02:14:45,044 [grpc-default-executor-2] INFO  impl.RoleInfo (RoleInfo.java:shutdownFollowerState(121)) - 3aea292b-16fb-4e9b-be90-828afa8e8047: shutdown FollowerState
2019-10-17 02:14:45,044 [grpc-default-executor-0] INFO  impl.RaftServerImpl (RaftServerImpl.java:setRole(184)) - a6b2ebfb-69a0-457c-b6cd-a50cc148b564@group-896385CD49EE: changes role from  FOLLOWER to FOLLOWER at term 97 for recognizeCandidate:b32d7882-88db-4fe6-9cca-6a25122d474d
2019-10-17 02:14:45,045 [Thread-2012] INFO  impl.FollowerState (FollowerState.java:run(117)) - 3aea292b-16fb-4e9b-be90-828afa8e8047@group-896385CD49EE-FollowerState was interrupted: java.lang.InterruptedException: sleep interrupted
2019-10-17 02:14:45,044 [grpc-default-executor-2] INFO  impl.RoleInfo (RoleInfo.java:updateAndGet(143)) - 3aea292b-16fb-4e9b-be90-828afa8e8047: start FollowerState
2019-10-17 02:14:45,045 [grpc-default-executor-0] INFO  impl.RoleInfo (RoleInfo.java:shutdownFollowerState(121)) - a6b2ebfb-69a0-457c-b6cd-a50cc148b564: shutdown FollowerState
2019-10-17 02:14:45,045 [grpc-default-executor-0] INFO  impl.RoleInfo (RoleInfo.java:updateAndGet(143)) - a6b2ebfb-69a0-457c-b6cd-a50cc148b564: start FollowerState
2019-10-17 02:14:45,045 [Thread-2013] INFO  impl.FollowerState (FollowerState.java:run(117)) - a6b2ebfb-69a0-457c-b6cd-a50cc148b564@group-896385CD49EE-FollowerState was interrupted: java.lang.InterruptedException: sleep interrupted
2019-10-17 02:14:45,045 [b32d7882-88db-4fe6-9cca-6a25122d474d@group-896385CD49EE-LeaderElection158] INFO  impl.LeaderElection (LeaderElection.java:logAndReturn(56)) - b32d7882-88db-4fe6-9cca-6a25122d474d@group-896385CD49EE-LeaderElection158: Election TIMEOUT; received 0 response(s) [] and 0 exception(s); b32d7882-88db-4fe6-9cca-6a25122d474d@group-896385CD49EE:t97, leader=null, voted=b32d7882-88db-4fe6-9cca-6a25122d474d, raftlog=b32d7882-88db-4fe6-9cca-6a25122d474d@group-896385CD49EE-SegmentedRaftLog:OPENED:c-1,f-1,i0, conf=-1: [b32d7882-88db-4fe6-9cca-6a25122d474d:192.168.157.194:42206, 3aea292b-16fb-4e9b-be90-828afa8e8047:192.168.157.194:34569, a6b2ebfb-69a0-457c-b6cd-a50cc148b564:192.168.157.194:37298], old=null
2019-10-17 02:14:45,055 [b32d7882-88db-4fe6-9cca-6a25122d474d@group-896385CD49EE-LeaderElection158] INFO  impl.LeaderElection (LeaderElection.java:askForVotes(178)) - b32d7882-88db-4fe6-9cca-6a25122d474d@group-896385CD49EE-LeaderElection158: begin an election at term 98 for -1: [b32d7882-88db-4fe6-9cca-6a25122d474d:192.168.157.194:42206, 3aea292b-16fb-4e9b-be90-828afa8e8047:192.168.157.194:34569, a6b2ebfb-69a0-457c-b6cd-a50cc148b564:192.168.157.194:37298], old=null
2019-10-17 02:14:45,057 [grpc-default-executor-2] INFO  impl.RaftServerImpl (RaftServerImpl.java:setRole(184)) - 3aea292b-16fb-4e9b-be90-828afa8e8047@group-896385CD49EE: changes role from  FOLLOWER to FOLLOWER at term 98 for recognizeCandidate:b32d7882-88db-4fe6-9cca-6a25122d474d
2019-10-17 02:14:45,057 [grpc-default-executor-2] INFO  impl.RoleInfo (RoleInfo.java:shutdownFollowerState(121)) - 3aea292b-16fb-4e9b-be90-828afa8e8047: shutdown FollowerState
2019-10-17 02:14:45,057 [grpc-default-executor-0] INFO  impl.RaftServerImpl (RaftServerImpl.java:setRole(184)) - a6b2ebfb-69a0-457c-b6cd-a50cc148b564@group-896385CD49EE: changes role from  FOLLOWER to FOLLOWER at term 98 for recognizeCandidate:b32d7882-88db-4fe6-9cca-6a25122d474d
2019-10-17 02:14:45,058 [Thread-2018] INFO  impl.FollowerState (FollowerState.java:run(117)) - 3aea292b-16fb-4e9b-be90-828afa8e8047@group-896385CD49EE-FollowerState was interrupted: java.lang.InterruptedException: sleep interrupted
2019-10-17 02:14:45,058 [grpc-default-executor-0] INFO  impl.RoleInfo (RoleInfo.java:shutdownFollowerState(121)) - a6b2ebfb-69a0-457c-b6cd-a50cc148b564: shutdown FollowerState
2019-10-17 02:14:45,058 [grpc-default-executor-2] INFO  impl.RoleInfo (RoleInfo.java:updateAndGet(143)) - 3aea292b-16fb-4e9b-be90-828afa8e8047: start FollowerState
2019-10-17 02:14:45,058 [Thread-2019] INFO  impl.FollowerState (FollowerState.java:run(117)) - a6b2ebfb-69a0-457c-b6cd-a50cc148b564@group-896385CD49EE-FollowerState was interrupted: java.lang.InterruptedException: sleep interrupted
2019-10-17 02:14:45,058 [grpc-default-executor-0] INFO  impl.RoleInfo (RoleInfo.java:updateAndGet(143)) - a6b2ebfb-69a0-457c-b6cd-a50cc148b564: start FollowerState
2019-10-17 02:14:45,066 [b32d7882-88db-4fe6-9cca-6a25122d474d@group-896385CD49EE-LeaderElection158] INFO  impl.LeaderElection (LeaderElection.java:logAndReturn(56)) - b32d7882-88db-4fe6-9cca-6a25122d474d@group-896385CD49EE-LeaderElection158: Election REJECTED; received 2 response(s) [b32d7882-88db-4fe6-9cca-6a25122d474d<-3aea292b-16fb-4e9b-be90-828afa8e8047#0:FAIL-t98, b32d7882-88db-4fe6-9cca-6a25122d474d<-a6b2ebfb-69a0-457c-b6cd-a50cc148b564#0:FAIL-t98] and 0 exception(s); b32d7882-88db-4fe6-9cca-6a25122d474d@group-896385CD49EE:t98, leader=null, voted=b32d7882-88db-4fe6-9cca-6a25122d474d, raftlog=b32d7882-88db-4fe6-9cca-6a25122d474d@group-896385CD49EE-SegmentedRaftLog:OPENED:c-1,f-1,i0, conf=-1: [b32d7882-88db-4fe6-9cca-6a25122d474d:192.168.157.194:42206, 3aea292b-16fb-4e9b-be90-828afa8e8047:192.168.157.194:34569, a6b2ebfb-69a0-457c-b6cd-a50cc148b564:192.168.157.194:37298], old=null
2019-10-17 02:14:45,066 [b32d7882-88db-4fe6-9cca-6a25122d474d@group-896385CD49EE-LeaderElection158] INFO  impl.RaftServerImpl (RaftServerImpl.java:setRole(184)) - b32d7882-88db-4fe6-9cca-6a25122d474d@group-896385CD49EE: changes role from CANDIDATE to FOLLOWER at term 98 for DISCOVERED_A_NEW_TERM
2019-10-17 02:14:45,066 [b32d7882-88db-4fe6-9cca-6a25122d474d@group-896385CD49EE-LeaderElection158] INFO  impl.RoleInfo (RoleInfo.java:shutdownLeaderElection(134)) - b32d7882-88db-4fe6-9cca-6a25122d474d: shutdown LeaderElection
2019-10-17 02:14:45,066 [b32d7882-88db-4fe6-9cca-6a25122d474d@group-896385CD49EE-LeaderElection158] INFO  impl.RoleInfo (RoleInfo.java:updateAndGet(143)) - b32d7882-88db-4fe6-9cca-6a25122d474d: start FollowerState
2019-10-17 02:14:45,104 [Thread-2024] INFO  impl.FollowerState (FollowerState.java:run(108)) - b32d7882-88db-4fe6-9cca-6a25122d474d@group-896385CD49EE-FollowerState: change to CANDIDATE, lastRpcTime:37ms, electionTimeout:37ms
2019-10-17 02:14:45,104 [Thread-2024] INFO  impl.RoleInfo (RoleInfo.java:shutdownFollowerState(121)) - b32d7882-88db-4fe6-9cca-6a25122d474d: shutdown FollowerState
2019-10-17 02:14:45,104 [Thread-2024] INFO  impl.RaftServerImpl (RaftServerImpl.java:setRole(184)) - b32d7882-88db-4fe6-9cca-6a25122d474d@group-896385CD49EE: changes role from  FOLLOWER to CANDIDATE at term 98 for changeToCandidate
2019-10-17 02:14:45,105 [Thread-2024] INFO  impl.RoleInfo (RoleInfo.java:updateAndGet(143)) - b32d7882-88db-4fe6-9cca-6a25122d474d: start LeaderElection
2019-10-17 02:14:45,118 [b32d7882-88db-4fe6-9cca-6a25122d474d@group-896385CD49EE-LeaderElection159] INFO  impl.LeaderElection (LeaderElection.java:askForVotes(178)) - b32d7882-88db-4fe6-9cca-6a25122d474d@group-896385CD49EE-LeaderElection159: begin an election at term 99 for -1: [b32d7882-88db-4fe6-9cca-6a25122d474d:192.168.157.194:42206, 3aea292b-16fb-4e9b-be90-828afa8e8047:192.168.157.194:34569, a6b2ebfb-69a0-457c-b6cd-a50cc148b564:192.168.157.194:37298], old=null
2019-10-17 02:14:45,124 [grpc-default-executor-0] INFO  impl.RaftServerImpl (RaftServerImpl.java:setRole(184)) - a6b2ebfb-69a0-457c-b6cd-a50cc148b564@group-896385CD49EE: changes role from  FOLLOWER to FOLLOWER at term 99 for recognizeCandidate:b32d7882-88db-4fe6-9cca-6a25122d474d
2019-10-17 02:14:45,124 [grpc-default-executor-2] INFO  impl.RaftServerImpl (RaftServerImpl.java:setRole(184)) - 3aea292b-16fb-4e9b-be90-828afa8e8047@group-896385CD49EE: changes role from  FOLLOWER to FOLLOWER at term 99 for recognizeCandidate:b32d7882-88db-4fe6-9cca-6a25122d474d
2019-10-17 02:14:45,124 [grpc-default-executor-2] INFO  impl.RoleInfo (RoleInfo.java:shutdownFollowerState(121)) - 3aea292b-16fb-4e9b-be90-828afa8e8047: shutdown FollowerState
2019-10-17 02:14:45,124 [grpc-default-executor-0] INFO  impl.RoleInfo (RoleInfo.java:shutdownFollowerState(121)) - a6b2ebfb-69a0-457c-b6cd-a50cc148b564: shutdown FollowerState
2019-10-17 02:14:45,124 [Thread-2022] INFO  impl.FollowerState (FollowerState.java:run(117)) - 3aea292b-16fb-4e9b-be90-828afa8e8047@group-896385CD49EE-FollowerState was interrupted: java.lang.InterruptedException: sleep interrupted
2019-10-17 02:14:45,124 [grpc-default-executor-2] INFO  impl.RoleInfo (RoleInfo.java:updateAndGet(143)) - 3aea292b-16fb-4e9b-be90-828afa8e8047: start FollowerState
2019-10-17 02:14:45,124 [Thread-2023] INFO  impl.FollowerState (FollowerState.java:run(117)) - a6b2ebfb-69a0-457c-b6cd-a50cc148b564@group-896385CD49EE-FollowerState was interrupted: java.lang.InterruptedException: sleep interrupted
2019-10-17 02:14:45,124 [grpc-default-executor-0] INFO  impl.RoleInfo (RoleInfo.java:updateAndGet(143)) - a6b2ebfb-69a0-457c-b6cd-a50cc148b564: start FollowerState
2019-10-17 02:14:45,135 [main] INFO  ozone.MiniOzoneClusterImpl (MiniOzoneClusterImpl.java:lambda$waitForClusterToBeReady$2(164)) - Waiting for 1 number of pipelines out of 4, to report a leader.
2019-10-17 02:14:45,139 [b32d7882-88db-4fe6-9cca-6a25122d474d@group-896385CD49EE-LeaderElection159] INFO  impl.LeaderElection (LeaderElection.java:logAndReturn(56)) - b32d7882-88db-4fe6-9cca-6a25122d474d@group-896385CD49EE-LeaderElection159: Election REJECTED; received 2 response(s) [b32d7882-88db-4fe6-9cca-6a25122d474d<-3aea292b-16fb-4e9b-be90-828afa8e8047#0:FAIL-t99, b32d7882-88db-4fe6-9cca-6a25122d474d<-a6b2ebfb-69a0-457c-b6cd-a50cc148b564#0:FAIL-t99] and 0 exception(s); b32d7882-88db-4fe6-9cca-6a25122d474d@group-896385CD49EE:t99, leader=null, voted=b32d7882-88db-4fe6-9cca-6a25122d474d, raftlog=b32d7882-88db-4fe6-9cca-6a25122d474d@group-896385CD49EE-SegmentedRaftLog:OPENED:c-1,f-1,i0, conf=-1: [b32d7882-88db-4fe6-9cca-6a25122d474d:192.168.157.194:42206, 3aea292b-16fb-4e9b-be90-828afa8e8047:192.168.157.194:34569, a6b2ebfb-69a0-457c-b6cd-a50cc148b564:192.168.157.194:37298], old=null
2019-10-17 02:14:45,139 [b32d7882-88db-4fe6-9cca-6a25122d474d@group-896385CD49EE-LeaderElection159] INFO  impl.RaftServerImpl (RaftServerImpl.java:setRole(184)) - b32d7882-88db-4fe6-9cca-6a25122d474d@group-896385CD49EE: changes role from CANDIDATE to FOLLOWER at term 99 for DISCOVERED_A_NEW_TERM
2019-10-17 02:14:45,139 [b32d7882-88db-4fe6-9cca-6a25122d474d@group-896385CD49EE-LeaderElection159] INFO  impl.RoleInfo (RoleInfo.java:shutdownLeaderElection(134)) - b32d7882-88db-4fe6-9cca-6a25122d474d: shutdown LeaderElection
2019-10-17 02:14:45,139 [b32d7882-88db-4fe6-9cca-6a25122d474d@group-896385CD49EE-LeaderElection159] INFO  impl.RoleInfo (RoleInfo.java:updateAndGet(143)) - b32d7882-88db-4fe6-9cca-6a25122d474d: start FollowerState
2019-10-17 02:14:45,321 [Thread-2030] INFO  impl.FollowerState (FollowerState.java:run(108)) - b32d7882-88db-4fe6-9cca-6a25122d474d@group-896385CD49EE-FollowerState: change to CANDIDATE, lastRpcTime:181ms, electionTimeout:181ms
2019-10-17 02:14:45,321 [Thread-2030] INFO  impl.RoleInfo (RoleInfo.java:shutdownFollowerState(121)) - b32d7882-88db-4fe6-9cca-6a25122d474d: shutdown FollowerState
2019-10-17 02:14:45,321 [Thread-2030] INFO  impl.RaftServerImpl (RaftServerImpl.java:setRole(184)) - b32d7882-88db-4fe6-9cca-6a25122d474d@group-896385CD49EE: changes role from  FOLLOWER to CANDIDATE at term 99 for changeToCandidate
2019-10-17 02:14:45,321 [Thread-2030] INFO  impl.RoleInfo (RoleInfo.java:updateAndGet(143)) - b32d7882-88db-4fe6-9cca-6a25122d474d: start LeaderElection
2019-10-17 02:14:45,347 [b32d7882-88db-4fe6-9cca-6a25122d474d@group-896385CD49EE-LeaderElection160] INFO  impl.LeaderElection (LeaderElection.java:askForVotes(178)) - b32d7882-88db-4fe6-9cca-6a25122d474d@group-896385CD49EE-LeaderElection160: begin an election at term 100 for -1: [b32d7882-88db-4fe6-9cca-6a25122d474d:192.168.157.194:42206, 3aea292b-16fb-4e9b-be90-828afa8e8047:192.168.157.194:34569, a6b2ebfb-69a0-457c-b6cd-a50cc148b564:192.168.157.194:37298], old=null
2019-10-17 02:14:45,350 [grpc-default-executor-2] INFO  impl.RaftServerImpl (RaftServerImpl.java:setRole(184)) - 3aea292b-16fb-4e9b-be90-828afa8e8047@group-896385CD49EE: changes role from  FOLLOWER to FOLLOWER at term 100 for recognizeCandidate:b32d7882-88db-4fe6-9cca-6a25122d474d
2019-10-17 02:14:45,351 [grpc-default-executor-2] INFO  impl.RoleInfo (RoleInfo.java:shutdownFollowerState(121)) - 3aea292b-16fb-4e9b-be90-828afa8e8047: shutdown FollowerState
2019-10-17 02:14:45,351 [grpc-default-executor-2] INFO  impl.RoleInfo (RoleInfo.java:updateAndGet(143)) - 3aea292b-16fb-4e9b-be90-828afa8e8047: start FollowerState
2019-10-17 02:14:45,351 [Thread-2028] INFO  impl.FollowerState (FollowerState.java:run(117)) - 3aea292b-16fb-4e9b-be90-828afa8e8047@group-896385CD49EE-FollowerState was interrupted: java.lang.InterruptedException: sleep interrupted
2019-10-17 02:14:45,351 [grpc-default-executor-0] INFO  impl.RaftServerImpl (RaftServerImpl.java:setRole(184)) - a6b2ebfb-69a0-457c-b6cd-a50cc148b564@group-896385CD49EE: changes role from  FOLLOWER to FOLLOWER at term 100 for recognizeCandidate:b32d7882-88db-4fe6-9cca-6a25122d474d
2019-10-17 02:14:45,352 [grpc-default-executor-0] INFO  impl.RoleInfo (RoleInfo.java:shutdownFollowerState(121)) - a6b2ebfb-69a0-457c-b6cd-a50cc148b564: shutdown FollowerState
2019-10-17 02:14:45,352 [grpc-default-executor-0] INFO  impl.RoleInfo (RoleInfo.java:updateAndGet(143)) - a6b2ebfb-69a0-457c-b6cd-a50cc148b564: start FollowerState
2019-10-17 02:14:45,352 [Thread-2029] INFO  impl.FollowerState (FollowerState.java:run(117)) - a6b2ebfb-69a0-457c-b6cd-a50cc148b564@group-896385CD49EE-FollowerState was interrupted: java.lang.InterruptedException: sleep interrupted
2019-10-17 02:14:45,355 [b32d7882-88db-4fe6-9cca-6a25122d474d@group-896385CD49EE-LeaderElection160] INFO  impl.LeaderElection (LeaderElection.java:logAndReturn(56)) - b32d7882-88db-4fe6-9cca-6a25122d474d@group-896385CD49EE-LeaderElection160: Election TIMEOUT; received 0 response(s) [] and 0 exception(s); b32d7882-88db-4fe6-9cca-6a25122d474d@group-896385CD49EE:t100, leader=null, voted=b32d7882-88db-4fe6-9cca-6a25122d474d, raftlog=b32d7882-88db-4fe6-9cca-6a25122d474d@group-896385CD49EE-SegmentedRaftLog:OPENED:c-1,f-1,i0, conf=-1: [b32d7882-88db-4fe6-9cca-6a25122d474d:192.168.157.194:42206, 3aea292b-16fb-4e9b-be90-828afa8e8047:192.168.157.194:34569, a6b2ebfb-69a0-457c-b6cd-a50cc148b564:192.168.157.194:37298], old=null
2019-10-17 02:14:45,365 [b32d7882-88db-4fe6-9cca-6a25122d474d@group-896385CD49EE-LeaderElection160] INFO  impl.LeaderElection (LeaderElection.java:askForVotes(178)) - b32d7882-88db-4fe6-9cca-6a25122d474d@group-896385CD49EE-LeaderElection160: begin an election at term 101 for -1: [b32d7882-88db-4fe6-9cca-6a25122d474d:192.168.157.194:42206, 3aea292b-16fb-4e9b-be90-828afa8e8047:192.168.157.194:34569, a6b2ebfb-69a0-457c-b6cd-a50cc148b564:192.168.157.194:37298], old=null
2019-10-17 02:14:45,368 [grpc-default-executor-0] INFO  impl.RaftServerImpl (RaftServerImpl.java:setRole(184)) - a6b2ebfb-69a0-457c-b6cd-a50cc148b564@group-896385CD49EE: changes role from  FOLLOWER to FOLLOWER at term 101 for recognizeCandidate:b32d7882-88db-4fe6-9cca-6a25122d474d
2019-10-17 02:14:45,368 [grpc-default-executor-0] INFO  impl.RoleInfo (RoleInfo.java:shutdownFollowerState(121)) - a6b2ebfb-69a0-457c-b6cd-a50cc148b564: shutdown FollowerState
2019-10-17 02:14:45,368 [grpc-default-executor-2] INFO  impl.RaftServerImpl (RaftServerImpl.java:setRole(184)) - 3aea292b-16fb-4e9b-be90-828afa8e8047@group-896385CD49EE: changes role from  FOLLOWER to FOLLOWER at term 101 for recognizeCandidate:b32d7882-88db-4fe6-9cca-6a25122d474d
2019-10-17 02:14:45,369 [Thread-2035] INFO  impl.FollowerState (FollowerState.java:run(117)) - a6b2ebfb-69a0-457c-b6cd-a50cc148b564@group-896385CD49EE-FollowerState was interrupted: java.lang.InterruptedException: sleep interrupted
2019-10-17 02:14:45,368 [grpc-default-executor-0] INFO  impl.RoleInfo (RoleInfo.java:updateAndGet(143)) - a6b2ebfb-69a0-457c-b6cd-a50cc148b564: start FollowerState
2019-10-17 02:14:45,369 [grpc-default-executor-2] INFO  impl.RoleInfo (RoleInfo.java:shutdownFollowerState(121)) - 3aea292b-16fb-4e9b-be90-828afa8e8047: shutdown FollowerState
2019-10-17 02:14:45,369 [grpc-default-executor-2] INFO  impl.RoleInfo (RoleInfo.java:updateAndGet(143)) - 3aea292b-16fb-4e9b-be90-828afa8e8047: start FollowerState
2019-10-17 02:14:45,369 [Thread-2034] INFO  impl.FollowerState (FollowerState.java:run(117)) - 3aea292b-16fb-4e9b-be90-828afa8e8047@group-896385CD49EE-FollowerState was interrupted: java.lang.InterruptedException: sleep interrupted
2019-10-17 02:14:45,383 [b32d7882-88db-4fe6-9cca-6a25122d474d@group-896385CD49EE-LeaderElection160] INFO  impl.LeaderElection (LeaderElection.java:logAndReturn(56)) - b32d7882-88db-4fe6-9cca-6a25122d474d@group-896385CD49EE-LeaderElection160: Election REJECTED; received 2 response(s) [b32d7882-88db-4fe6-9cca-6a25122d474d<-3aea292b-16fb-4e9b-be90-828afa8e8047#0:FAIL-t101, b32d7882-88db-4fe6-9cca-6a25122d474d<-a6b2ebfb-69a0-457c-b6cd-a50cc148b564#0:FAIL-t101] and 0 exception(s); b32d7882-88db-4fe6-9cca-6a25122d474d@group-896385CD49EE:t101, leader=null, voted=b32d7882-88db-4fe6-9cca-6a25122d474d, raftlog=b32d7882-88db-4fe6-9cca-6a25122d474d@group-896385CD49EE-SegmentedRaftLog:OPENED:c-1,f-1,i0, conf=-1: [b32d7882-88db-4fe6-9cca-6a25122d474d:192.168.157.194:42206, 3aea292b-16fb-4e9b-be90-828afa8e8047:192.168.157.194:34569, a6b2ebfb-69a0-457c-b6cd-a50cc148b564:192.168.157.194:37298], old=null
2019-10-17 02:14:45,383 [b32d7882-88db-4fe6-9cca-6a25122d474d@group-896385CD49EE-LeaderElection160] INFO  impl.RaftServerImpl (RaftServerImpl.java:setRole(184)) - b32d7882-88db-4fe6-9cca-6a25122d474d@group-896385CD49EE: changes role from CANDIDATE to FOLLOWER at term 101 for DISCOVERED_A_NEW_TERM
2019-10-17 02:14:45,384 [b32d7882-88db-4fe6-9cca-6a25122d474d@group-896385CD49EE-LeaderElection160] INFO  impl.RoleInfo (RoleInfo.java:shutdownLeaderElection(134)) - b32d7882-88db-4fe6-9cca-6a25122d474d: shutdown LeaderElection
2019-10-17 02:14:45,384 [b32d7882-88db-4fe6-9cca-6a25122d474d@group-896385CD49EE-LeaderElection160] INFO  impl.RoleInfo (RoleInfo.java:updateAndGet(143)) - b32d7882-88db-4fe6-9cca-6a25122d474d: start FollowerState
2019-10-17 02:14:45,470 [Thread-2040] INFO  impl.FollowerState (FollowerState.java:run(108)) - b32d7882-88db-4fe6-9cca-6a25122d474d@group-896385CD49EE-FollowerState: change to CANDIDATE, lastRpcTime:86ms, electionTimeout:86ms
2019-10-17 02:14:45,470 [Thread-2040] INFO  impl.RoleInfo (RoleInfo.java:shutdownFollowerState(121)) - b32d7882-88db-4fe6-9cca-6a25122d474d: shutdown FollowerState
2019-10-17 02:14:45,470 [Thread-2040] INFO  impl.RaftServerImpl (RaftServerImpl.java:setRole(184)) - b32d7882-88db-4fe6-9cca-6a25122d474d@group-896385CD49EE: changes role from  FOLLOWER to CANDIDATE at term 101 for changeToCandidate
2019-10-17 02:14:45,471 [Thread-2040] INFO  impl.RoleInfo (RoleInfo.java:updateAndGet(143)) - b32d7882-88db-4fe6-9cca-6a25122d474d: start LeaderElection
2019-10-17 02:14:45,485 [b32d7882-88db-4fe6-9cca-6a25122d474d@group-896385CD49EE-LeaderElection161] INFO  impl.LeaderElection (LeaderElection.java:askForVotes(178)) - b32d7882-88db-4fe6-9cca-6a25122d474d@group-896385CD49EE-LeaderElection161: begin an election at term 102 for -1: [b32d7882-88db-4fe6-9cca-6a25122d474d:192.168.157.194:42206, 3aea292b-16fb-4e9b-be90-828afa8e8047:192.168.157.194:34569, a6b2ebfb-69a0-457c-b6cd-a50cc148b564:192.168.157.194:37298], old=null
2019-10-17 02:14:45,488 [grpc-default-executor-2] INFO  impl.RaftServerImpl (RaftServerImpl.java:setRole(184)) - 3aea292b-16fb-4e9b-be90-828afa8e8047@group-896385CD49EE: changes role from  FOLLOWER to FOLLOWER at term 102 for recognizeCandidate:b32d7882-88db-4fe6-9cca-6a25122d474d
2019-10-17 02:14:45,488 [grpc-default-executor-2] INFO  impl.RoleInfo (RoleInfo.java:shutdownFollowerState(121)) - 3aea292b-16fb-4e9b-be90-828afa8e8047: shutdown FollowerState
2019-10-17 02:14:45,488 [grpc-default-executor-0] INFO  impl.RaftServerImpl (RaftServerImpl.java:setRole(184)) - a6b2ebfb-69a0-457c-b6cd-a50cc148b564@group-896385CD49EE: changes role from  FOLLOWER to FOLLOWER at term 102 for recognizeCandidate:b32d7882-88db-4fe6-9cca-6a25122d474d
2019-10-17 02:14:45,488 [Thread-2039] INFO  impl.FollowerState (FollowerState.java:run(117)) - 3aea292b-16fb-4e9b-be90-828afa8e8047@group-896385CD49EE-FollowerState was interrupted: java.lang.InterruptedException: sleep interrupted
2019-10-17 02:14:45,488 [grpc-default-executor-2] INFO  impl.RoleInfo (RoleInfo.java:updateAndGet(143)) - 3aea292b-16fb-4e9b-be90-828afa8e8047: start FollowerState
2019-10-17 02:14:45,488 [grpc-default-executor-0] INFO  impl.RoleInfo (RoleInfo.java:shutdownFollowerState(121)) - a6b2ebfb-69a0-457c-b6cd-a50cc148b564: shutdown FollowerState
2019-10-17 02:14:45,489 [grpc-default-executor-0] INFO  impl.RoleInfo (RoleInfo.java:updateAndGet(143)) - a6b2ebfb-69a0-457c-b6cd-a50cc148b564: start FollowerState
2019-10-17 02:14:45,489 [Thread-2038] INFO  impl.FollowerState (FollowerState.java:run(117)) - a6b2ebfb-69a0-457c-b6cd-a50cc148b564@group-896385CD49EE-FollowerState was interrupted: java.lang.InterruptedException: sleep interrupted
2019-10-17 02:14:45,499 [b32d7882-88db-4fe6-9cca-6a25122d474d@group-896385CD49EE-LeaderElection161] INFO  impl.LeaderElection (LeaderElection.java:logAndReturn(56)) - b32d7882-88db-4fe6-9cca-6a25122d474d@group-896385CD49EE-LeaderElection161: Election REJECTED; received 2 response(s) [b32d7882-88db-4fe6-9cca-6a25122d474d<-3aea292b-16fb-4e9b-be90-828afa8e8047#0:FAIL-t102, b32d7882-88db-4fe6-9cca-6a25122d474d<-a6b2ebfb-69a0-457c-b6cd-a50cc148b564#0:FAIL-t102] and 0 exception(s); b32d7882-88db-4fe6-9cca-6a25122d474d@group-896385CD49EE:t102, leader=null, voted=b32d7882-88db-4fe6-9cca-6a25122d474d, raftlog=b32d7882-88db-4fe6-9cca-6a25122d474d@group-896385CD49EE-SegmentedRaftLog:OPENED:c-1,f-1,i0, conf=-1: [b32d7882-88db-4fe6-9cca-6a25122d474d:192.168.157.194:42206, 3aea292b-16fb-4e9b-be90-828afa8e8047:192.168.157.194:34569, a6b2ebfb-69a0-457c-b6cd-a50cc148b564:192.168.157.194:37298], old=null
2019-10-17 02:14:45,500 [b32d7882-88db-4fe6-9cca-6a25122d474d@group-896385CD49EE-LeaderElection161] INFO  impl.RaftServerImpl (RaftServerImpl.java:setRole(184)) - b32d7882-88db-4fe6-9cca-6a25122d474d@group-896385CD49EE: changes role from CANDIDATE to FOLLOWER at term 102 for DISCOVERED_A_NEW_TERM
2019-10-17 02:14:45,500 [b32d7882-88db-4fe6-9cca-6a25122d474d@group-896385CD49EE-LeaderElection161] INFO  impl.RoleInfo (RoleInfo.java:shutdownLeaderElection(134)) - b32d7882-88db-4fe6-9cca-6a25122d474d: shutdown LeaderElection
2019-10-17 02:14:45,500 [b32d7882-88db-4fe6-9cca-6a25122d474d@group-896385CD49EE-LeaderElection161] INFO  impl.RoleInfo (RoleInfo.java:updateAndGet(143)) - b32d7882-88db-4fe6-9cca-6a25122d474d: start FollowerState
2019-10-17 02:14:45,523 [Thread-2046] INFO  impl.FollowerState (FollowerState.java:run(108)) - b32d7882-88db-4fe6-9cca-6a25122d474d@group-896385CD49EE-FollowerState: change to CANDIDATE, lastRpcTime:23ms, electionTimeout:23ms
2019-10-17 02:14:45,524 [Thread-2046] INFO  impl.RoleInfo (RoleInfo.java:shutdownFollowerState(121)) - b32d7882-88db-4fe6-9cca-6a25122d474d: shutdown FollowerState
2019-10-17 02:14:45,524 [Thread-2046] INFO  impl.RaftServerImpl (RaftServerImpl.java:setRole(184)) - b32d7882-88db-4fe6-9cca-6a25122d474d@group-896385CD49EE: changes role from  FOLLOWER to CANDIDATE at term 102 for changeToCandidate
2019-10-17 02:14:45,524 [Thread-2046] INFO  impl.RoleInfo (RoleInfo.java:updateAndGet(143)) - b32d7882-88db-4fe6-9cca-6a25122d474d: start LeaderElection
2019-10-17 02:14:45,536 [b32d7882-88db-4fe6-9cca-6a25122d474d@group-896385CD49EE-LeaderElection162] INFO  impl.LeaderElection (LeaderElection.java:askForVotes(178)) - b32d7882-88db-4fe6-9cca-6a25122d474d@group-896385CD49EE-LeaderElection162: begin an election at term 103 for -1: [b32d7882-88db-4fe6-9cca-6a25122d474d:192.168.157.194:42206, 3aea292b-16fb-4e9b-be90-828afa8e8047:192.168.157.194:34569, a6b2ebfb-69a0-457c-b6cd-a50cc148b564:192.168.157.194:37298], old=null
2019-10-17 02:14:45,539 [grpc-default-executor-0] INFO  impl.RaftServerImpl (RaftServerImpl.java:setRole(184)) - a6b2ebfb-69a0-457c-b6cd-a50cc148b564@group-896385CD49EE: changes role from  FOLLOWER to FOLLOWER at term 103 for recognizeCandidate:b32d7882-88db-4fe6-9cca-6a25122d474d
2019-10-17 02:14:45,539 [grpc-default-executor-0] INFO  impl.RoleInfo (RoleInfo.java:shutdownFollowerState(121)) - a6b2ebfb-69a0-457c-b6cd-a50cc148b564: shutdown FollowerState
2019-10-17 02:14:45,539 [grpc-default-executor-2] INFO  impl.RaftServerImpl (RaftServerImpl.java:setRole(184)) - 3aea292b-16fb-4e9b-be90-828afa8e8047@group-896385CD49EE: changes role from  FOLLOWER to FOLLOWER at term 103 for recognizeCandidate:b32d7882-88db-4fe6-9cca-6a25122d474d
2019-10-17 02:14:45,539 [Thread-2045] INFO  impl.FollowerState (FollowerState.java:run(117)) - a6b2ebfb-69a0-457c-b6cd-a50cc148b564@group-896385CD49EE-FollowerState was interrupted: java.lang.InterruptedException: sleep interrupted
2019-10-17 02:14:45,539 [grpc-default-executor-0] INFO  impl.RoleInfo (RoleInfo.java:updateAndGet(143)) - a6b2ebfb-69a0-457c-b6cd-a50cc148b564: start FollowerState
2019-10-17 02:14:45,539 [grpc-default-executor-2] INFO  impl.RoleInfo (RoleInfo.java:shutdownFollowerState(121)) - 3aea292b-16fb-4e9b-be90-828afa8e8047: shutdown FollowerState
2019-10-17 02:14:45,540 [grpc-default-executor-2] INFO  impl.RoleInfo (RoleInfo.java:updateAndGet(143)) - 3aea292b-16fb-4e9b-be90-828afa8e8047: start FollowerState
2019-10-17 02:14:45,540 [Thread-2044] INFO  impl.FollowerState (FollowerState.java:run(117)) - 3aea292b-16fb-4e9b-be90-828afa8e8047@group-896385CD49EE-FollowerState was interrupted: java.lang.InterruptedException: sleep interrupted
2019-10-17 02:14:45,552 [b32d7882-88db-4fe6-9cca-6a25122d474d@group-896385CD49EE-LeaderElection162] INFO  impl.LeaderElection (LeaderElection.java:logAndReturn(56)) - b32d7882-88db-4fe6-9cca-6a25122d474d@group-896385CD49EE-LeaderElection162: Election REJECTED; received 2 response(s) [b32d7882-88db-4fe6-9cca-6a25122d474d<-3aea292b-16fb-4e9b-be90-828afa8e8047#0:FAIL-t103, b32d7882-88db-4fe6-9cca-6a25122d474d<-a6b2ebfb-69a0-457c-b6cd-a50cc148b564#0:FAIL-t103] and 0 exception(s); b32d7882-88db-4fe6-9cca-6a25122d474d@group-896385CD49EE:t103, leader=null, voted=b32d7882-88db-4fe6-9cca-6a25122d474d, raftlog=b32d7882-88db-4fe6-9cca-6a25122d474d@group-896385CD49EE-SegmentedRaftLog:OPENED:c-1,f-1,i0, conf=-1: [b32d7882-88db-4fe6-9cca-6a25122d474d:192.168.157.194:42206, 3aea292b-16fb-4e9b-be90-828afa8e8047:192.168.157.194:34569, a6b2ebfb-69a0-457c-b6cd-a50cc148b564:192.168.157.194:37298], old=null
2019-10-17 02:14:45,552 [b32d7882-88db-4fe6-9cca-6a25122d474d@group-896385CD49EE-LeaderElection162] INFO  impl.RaftServerImpl (RaftServerImpl.java:setRole(184)) - b32d7882-88db-4fe6-9cca-6a25122d474d@group-896385CD49EE: changes role from CANDIDATE to FOLLOWER at term 103 for DISCOVERED_A_NEW_TERM
2019-10-17 02:14:45,552 [b32d7882-88db-4fe6-9cca-6a25122d474d@group-896385CD49EE-LeaderElection162] INFO  impl.RoleInfo (RoleInfo.java:shutdownLeaderElection(134)) - b32d7882-88db-4fe6-9cca-6a25122d474d: shutdown LeaderElection
2019-10-17 02:14:45,552 [b32d7882-88db-4fe6-9cca-6a25122d474d@group-896385CD49EE-LeaderElection162] INFO  impl.RoleInfo (RoleInfo.java:updateAndGet(143)) - b32d7882-88db-4fe6-9cca-6a25122d474d: start FollowerState
2019-10-17 02:14:45,612 [Thread-2052] INFO  impl.FollowerState (FollowerState.java:run(108)) - b32d7882-88db-4fe6-9cca-6a25122d474d@group-896385CD49EE-FollowerState: change to CANDIDATE, lastRpcTime:59ms, electionTimeout:59ms
2019-10-17 02:14:45,612 [Thread-2052] INFO  impl.RoleInfo (RoleInfo.java:shutdownFollowerState(121)) - b32d7882-88db-4fe6-9cca-6a25122d474d: shutdown FollowerState
2019-10-17 02:14:45,612 [Thread-2052] INFO  impl.RaftServerImpl (RaftServerImpl.java:setRole(184)) - b32d7882-88db-4fe6-9cca-6a25122d474d@group-896385CD49EE: changes role from  FOLLOWER to CANDIDATE at term 103 for changeToCandidate
2019-10-17 02:14:45,612 [Thread-2052] INFO  impl.RoleInfo (RoleInfo.java:updateAndGet(143)) - b32d7882-88db-4fe6-9cca-6a25122d474d: start LeaderElection
2019-10-17 02:14:45,627 [b32d7882-88db-4fe6-9cca-6a25122d474d@group-896385CD49EE-LeaderElection163] INFO  impl.LeaderElection (LeaderElection.java:askForVotes(178)) - b32d7882-88db-4fe6-9cca-6a25122d474d@group-896385CD49EE-LeaderElection163: begin an election at term 104 for -1: [b32d7882-88db-4fe6-9cca-6a25122d474d:192.168.157.194:42206, 3aea292b-16fb-4e9b-be90-828afa8e8047:192.168.157.194:34569, a6b2ebfb-69a0-457c-b6cd-a50cc148b564:192.168.157.194:37298], old=null
2019-10-17 02:14:45,630 [grpc-default-executor-2] INFO  impl.RaftServerImpl (RaftServerImpl.java:setRole(184)) - 3aea292b-16fb-4e9b-be90-828afa8e8047@group-896385CD49EE: changes role from  FOLLOWER to FOLLOWER at term 104 for recognizeCandidate:b32d7882-88db-4fe6-9cca-6a25122d474d
2019-10-17 02:14:45,630 [grpc-default-executor-2] INFO  impl.RoleInfo (RoleInfo.java:shutdownFollowerState(121)) - 3aea292b-16fb-4e9b-be90-828afa8e8047: shutdown FollowerState
2019-10-17 02:14:45,630 [grpc-default-executor-2] INFO  impl.RoleInfo (RoleInfo.java:updateAndGet(143)) - 3aea292b-16fb-4e9b-be90-828afa8e8047: start FollowerState
2019-10-17 02:14:45,630 [Thread-2051] INFO  impl.FollowerState (FollowerState.java:run(117)) - 3aea292b-16fb-4e9b-be90-828afa8e8047@group-896385CD49EE-FollowerState was interrupted: java.lang.InterruptedException: sleep interrupted
2019-10-17 02:14:45,630 [grpc-default-executor-0] INFO  impl.RaftServerImpl (RaftServerImpl.java:setRole(184)) - a6b2ebfb-69a0-457c-b6cd-a50cc148b564@group-896385CD49EE: changes role from  FOLLOWER to FOLLOWER at term 104 for recognizeCandidate:b32d7882-88db-4fe6-9cca-6a25122d474d
2019-10-17 02:14:45,630 [grpc-default-executor-0] INFO  impl.RoleInfo (RoleInfo.java:shutdownFollowerState(121)) - a6b2ebfb-69a0-457c-b6cd-a50cc148b564: shutdown FollowerState
2019-10-17 02:14:45,631 [grpc-default-executor-0] INFO  impl.RoleInfo (RoleInfo.java:updateAndGet(143)) - a6b2ebfb-69a0-457c-b6cd-a50cc148b564: start FollowerState
2019-10-17 02:14:45,631 [Thread-2050] INFO  impl.FollowerState (FollowerState.java:run(117)) - a6b2ebfb-69a0-457c-b6cd-a50cc148b564@group-896385CD49EE-FollowerState was interrupted: java.lang.InterruptedException: sleep interrupted
2019-10-17 02:14:45,644 [b32d7882-88db-4fe6-9cca-6a25122d474d@group-896385CD49EE-LeaderElection163] INFO  impl.LeaderElection (LeaderElection.java:logAndReturn(56)) - b32d7882-88db-4fe6-9cca-6a25122d474d@group-896385CD49EE-LeaderElection163: Election REJECTED; received 2 response(s) [b32d7882-88db-4fe6-9cca-6a25122d474d<-3aea292b-16fb-4e9b-be90-828afa8e8047#0:FAIL-t104, b32d7882-88db-4fe6-9cca-6a25122d474d<-a6b2ebfb-69a0-457c-b6cd-a50cc148b564#0:FAIL-t104] and 0 exception(s); b32d7882-88db-4fe6-9cca-6a25122d474d@group-896385CD49EE:t104, leader=null, voted=b32d7882-88db-4fe6-9cca-6a25122d474d, raftlog=b32d7882-88db-4fe6-9cca-6a25122d474d@group-896385CD49EE-SegmentedRaftLog:OPENED:c-1,f-1,i0, conf=-1: [b32d7882-88db-4fe6-9cca-6a25122d474d:192.168.157.194:42206, 3aea292b-16fb-4e9b-be90-828afa8e8047:192.168.157.194:34569, a6b2ebfb-69a0-457c-b6cd-a50cc148b564:192.168.157.194:37298], old=null
2019-10-17 02:14:45,644 [b32d7882-88db-4fe6-9cca-6a25122d474d@group-896385CD49EE-LeaderElection163] INFO  impl.RaftServerImpl (RaftServerImpl.java:setRole(184)) - b32d7882-88db-4fe6-9cca-6a25122d474d@group-896385CD49EE: changes role from CANDIDATE to FOLLOWER at term 104 for DISCOVERED_A_NEW_TERM
2019-10-17 02:14:45,644 [b32d7882-88db-4fe6-9cca-6a25122d474d@group-896385CD49EE-LeaderElection163] INFO  impl.RoleInfo (RoleInfo.java:shutdownLeaderElection(134)) - b32d7882-88db-4fe6-9cca-6a25122d474d: shutdown LeaderElection
2019-10-17 02:14:45,644 [b32d7882-88db-4fe6-9cca-6a25122d474d@group-896385CD49EE-LeaderElection163] INFO  impl.RoleInfo (RoleInfo.java:updateAndGet(143)) - b32d7882-88db-4fe6-9cca-6a25122d474d: start FollowerState
2019-10-17 02:14:45,710 [Thread-2058] INFO  impl.FollowerState (FollowerState.java:run(108)) - b32d7882-88db-4fe6-9cca-6a25122d474d@group-896385CD49EE-FollowerState: change to CANDIDATE, lastRpcTime:65ms, electionTimeout:65ms
2019-10-17 02:14:45,710 [Thread-2058] INFO  impl.RoleInfo (RoleInfo.java:shutdownFollowerState(121)) - b32d7882-88db-4fe6-9cca-6a25122d474d: shutdown FollowerState
2019-10-17 02:14:45,710 [Thread-2058] INFO  impl.RaftServerImpl (RaftServerImpl.java:setRole(184)) - b32d7882-88db-4fe6-9cca-6a25122d474d@group-896385CD49EE: changes role from  FOLLOWER to CANDIDATE at term 104 for changeToCandidate
2019-10-17 02:14:45,710 [Thread-2058] INFO  impl.RoleInfo (RoleInfo.java:updateAndGet(143)) - b32d7882-88db-4fe6-9cca-6a25122d474d: start LeaderElection
2019-10-17 02:14:45,724 [b32d7882-88db-4fe6-9cca-6a25122d474d@group-896385CD49EE-LeaderElection164] INFO  impl.LeaderElection (LeaderElection.java:askForVotes(178)) - b32d7882-88db-4fe6-9cca-6a25122d474d@group-896385CD49EE-LeaderElection164: begin an election at term 105 for -1: [b32d7882-88db-4fe6-9cca-6a25122d474d:192.168.157.194:42206, 3aea292b-16fb-4e9b-be90-828afa8e8047:192.168.157.194:34569, a6b2ebfb-69a0-457c-b6cd-a50cc148b564:192.168.157.194:37298], old=null
2019-10-17 02:14:45,726 [grpc-default-executor-0] INFO  impl.RaftServerImpl (RaftServerImpl.java:setRole(184)) - 3aea292b-16fb-4e9b-be90-828afa8e8047@group-896385CD49EE: changes role from  FOLLOWER to FOLLOWER at term 105 for recognizeCandidate:b32d7882-88db-4fe6-9cca-6a25122d474d
2019-10-17 02:14:45,726 [grpc-default-executor-0] INFO  impl.RoleInfo (RoleInfo.java:shutdownFollowerState(121)) - 3aea292b-16fb-4e9b-be90-828afa8e8047: shutdown FollowerState
2019-10-17 02:14:45,727 [grpc-default-executor-0] INFO  impl.RoleInfo (RoleInfo.java:updateAndGet(143)) - 3aea292b-16fb-4e9b-be90-828afa8e8047: start FollowerState
2019-10-17 02:14:45,727 [Thread-2056] INFO  impl.FollowerState (FollowerState.java:run(117)) - 3aea292b-16fb-4e9b-be90-828afa8e8047@group-896385CD49EE-FollowerState was interrupted: java.lang.InterruptedException: sleep interrupted
2019-10-17 02:14:45,727 [grpc-default-executor-2] INFO  impl.RaftServerImpl (RaftServerImpl.java:setRole(184)) - a6b2ebfb-69a0-457c-b6cd-a50cc148b564@group-896385CD49EE: changes role from  FOLLOWER to FOLLOWER at term 105 for recognizeCandidate:b32d7882-88db-4fe6-9cca-6a25122d474d
2019-10-17 02:14:45,727 [grpc-default-executor-2] INFO  impl.RoleInfo (RoleInfo.java:shutdownFollowerState(121)) - a6b2ebfb-69a0-457c-b6cd-a50cc148b564: shutdown FollowerState
2019-10-17 02:14:45,727 [grpc-default-executor-2] INFO  impl.RoleInfo (RoleInfo.java:updateAndGet(143)) - a6b2ebfb-69a0-457c-b6cd-a50cc148b564: start FollowerState
2019-10-17 02:14:45,727 [Thread-2057] INFO  impl.FollowerState (FollowerState.java:run(117)) - a6b2ebfb-69a0-457c-b6cd-a50cc148b564@group-896385CD49EE-FollowerState was interrupted: java.lang.InterruptedException: sleep interrupted
2019-10-17 02:14:45,742 [b32d7882-88db-4fe6-9cca-6a25122d474d@group-896385CD49EE-LeaderElection164] INFO  impl.LeaderElection (LeaderElection.java:logAndReturn(56)) - b32d7882-88db-4fe6-9cca-6a25122d474d@group-896385CD49EE-LeaderElection164: Election REJECTED; received 2 response(s) [b32d7882-88db-4fe6-9cca-6a25122d474d<-3aea292b-16fb-4e9b-be90-828afa8e8047#0:FAIL-t105, b32d7882-88db-4fe6-9cca-6a25122d474d<-a6b2ebfb-69a0-457c-b6cd-a50cc148b564#0:FAIL-t105] and 0 exception(s); b32d7882-88db-4fe6-9cca-6a25122d474d@group-896385CD49EE:t105, leader=null, voted=b32d7882-88db-4fe6-9cca-6a25122d474d, raftlog=b32d7882-88db-4fe6-9cca-6a25122d474d@group-896385CD49EE-SegmentedRaftLog:OPENED:c-1,f-1,i0, conf=-1: [b32d7882-88db-4fe6-9cca-6a25122d474d:192.168.157.194:42206, 3aea292b-16fb-4e9b-be90-828afa8e8047:192.168.157.194:34569, a6b2ebfb-69a0-457c-b6cd-a50cc148b564:192.168.157.194:37298], old=null
2019-10-17 02:14:45,742 [b32d7882-88db-4fe6-9cca-6a25122d474d@group-896385CD49EE-LeaderElection164] INFO  impl.RaftServerImpl (RaftServerImpl.java:setRole(184)) - b32d7882-88db-4fe6-9cca-6a25122d474d@group-896385CD49EE: changes role from CANDIDATE to FOLLOWER at term 105 for DISCOVERED_A_NEW_TERM
2019-10-17 02:14:45,742 [b32d7882-88db-4fe6-9cca-6a25122d474d@group-896385CD49EE-LeaderElection164] INFO  impl.RoleInfo (RoleInfo.java:shutdownLeaderElection(134)) - b32d7882-88db-4fe6-9cca-6a25122d474d: shutdown LeaderElection
2019-10-17 02:14:45,742 [b32d7882-88db-4fe6-9cca-6a25122d474d@group-896385CD49EE-LeaderElection164] INFO  impl.RoleInfo (RoleInfo.java:updateAndGet(143)) - b32d7882-88db-4fe6-9cca-6a25122d474d: start FollowerState
2019-10-17 02:14:45,787 [Thread-2064] INFO  impl.FollowerState (FollowerState.java:run(108)) - b32d7882-88db-4fe6-9cca-6a25122d474d@group-896385CD49EE-FollowerState: change to CANDIDATE, lastRpcTime:45ms, electionTimeout:45ms
2019-10-17 02:14:45,788 [Thread-2064] INFO  impl.RoleInfo (RoleInfo.java:shutdownFollowerState(121)) - b32d7882-88db-4fe6-9cca-6a25122d474d: shutdown FollowerState
2019-10-17 02:14:45,788 [Thread-2064] INFO  impl.RaftServerImpl (RaftServerImpl.java:setRole(184)) - b32d7882-88db-4fe6-9cca-6a25122d474d@group-896385CD49EE: changes role from  FOLLOWER to CANDIDATE at term 105 for changeToCandidate
2019-10-17 02:14:45,788 [Thread-2064] INFO  impl.RoleInfo (RoleInfo.java:updateAndGet(143)) - b32d7882-88db-4fe6-9cca-6a25122d474d: start LeaderElection
2019-10-17 02:14:45,792 [b32d7882-88db-4fe6-9cca-6a25122d474d@group-896385CD49EE-LeaderElection165] INFO  impl.LeaderElection (LeaderElection.java:askForVotes(178)) - b32d7882-88db-4fe6-9cca-6a25122d474d@group-896385CD49EE-LeaderElection165: begin an election at term 106 for -1: [b32d7882-88db-4fe6-9cca-6a25122d474d:192.168.157.194:42206, 3aea292b-16fb-4e9b-be90-828afa8e8047:192.168.157.194:34569, a6b2ebfb-69a0-457c-b6cd-a50cc148b564:192.168.157.194:37298], old=null
2019-10-17 02:14:45,795 [grpc-default-executor-2] INFO  impl.RaftServerImpl (RaftServerImpl.java:setRole(184)) - 3aea292b-16fb-4e9b-be90-828afa8e8047@group-896385CD49EE: changes role from  FOLLOWER to FOLLOWER at term 106 for recognizeCandidate:b32d7882-88db-4fe6-9cca-6a25122d474d
2019-10-17 02:14:45,795 [grpc-default-executor-2] INFO  impl.RoleInfo (RoleInfo.java:shutdownFollowerState(121)) - 3aea292b-16fb-4e9b-be90-828afa8e8047: shutdown FollowerState
2019-10-17 02:14:45,795 [grpc-default-executor-2] INFO  impl.RoleInfo (RoleInfo.java:updateAndGet(143)) - 3aea292b-16fb-4e9b-be90-828afa8e8047: start FollowerState
2019-10-17 02:14:45,796 [Thread-2062] INFO  impl.FollowerState (FollowerState.java:run(117)) - 3aea292b-16fb-4e9b-be90-828afa8e8047@group-896385CD49EE-FollowerState was interrupted: java.lang.InterruptedException: sleep interrupted
2019-10-17 02:14:45,796 [grpc-default-executor-0] INFO  impl.RaftServerImpl (RaftServerImpl.java:setRole(184)) - a6b2ebfb-69a0-457c-b6cd-a50cc148b564@group-896385CD49EE: changes role from  FOLLOWER to FOLLOWER at term 106 for recognizeCandidate:b32d7882-88db-4fe6-9cca-6a25122d474d
2019-10-17 02:14:45,796 [grpc-default-executor-0] INFO  impl.RoleInfo (RoleInfo.java:shutdownFollowerState(121)) - a6b2ebfb-69a0-457c-b6cd-a50cc148b564: shutdown FollowerState
2019-10-17 02:14:45,796 [grpc-default-executor-0] INFO  impl.RoleInfo (RoleInfo.java:updateAndGet(143)) - a6b2ebfb-69a0-457c-b6cd-a50cc148b564: start FollowerState
2019-10-17 02:14:45,796 [Thread-2063] INFO  impl.FollowerState (FollowerState.java:run(117)) - a6b2ebfb-69a0-457c-b6cd-a50cc148b564@group-896385CD49EE-FollowerState was interrupted: java.lang.InterruptedException: sleep interrupted
2019-10-17 02:14:45,809 [b32d7882-88db-4fe6-9cca-6a25122d474d@group-896385CD49EE-LeaderElection165] INFO  impl.LeaderElection (LeaderElection.java:logAndReturn(56)) - b32d7882-88db-4fe6-9cca-6a25122d474d@group-896385CD49EE-LeaderElection165: Election REJECTED; received 2 response(s) [b32d7882-88db-4fe6-9cca-6a25122d474d<-3aea292b-16fb-4e9b-be90-828afa8e8047#0:FAIL-t106, b32d7882-88db-4fe6-9cca-6a25122d474d<-a6b2ebfb-69a0-457c-b6cd-a50cc148b564#0:FAIL-t106] and 0 exception(s); b32d7882-88db-4fe6-9cca-6a25122d474d@group-896385CD49EE:t106, leader=null, voted=b32d7882-88db-4fe6-9cca-6a25122d474d, raftlog=b32d7882-88db-4fe6-9cca-6a25122d474d@group-896385CD49EE-SegmentedRaftLog:OPENED:c-1,f-1,i0, conf=-1: [b32d7882-88db-4fe6-9cca-6a25122d474d:192.168.157.194:42206, 3aea292b-16fb-4e9b-be90-828afa8e8047:192.168.157.194:34569, a6b2ebfb-69a0-457c-b6cd-a50cc148b564:192.168.157.194:37298], old=null
2019-10-17 02:14:45,809 [b32d7882-88db-4fe6-9cca-6a25122d474d@group-896385CD49EE-LeaderElection165] INFO  impl.RaftServerImpl (RaftServerImpl.java:setRole(184)) - b32d7882-88db-4fe6-9cca-6a25122d474d@group-896385CD49EE: changes role from CANDIDATE to FOLLOWER at term 106 for DISCOVERED_A_NEW_TERM
2019-10-17 02:14:45,809 [b32d7882-88db-4fe6-9cca-6a25122d474d@group-896385CD49EE-LeaderElection165] INFO  impl.RoleInfo (RoleInfo.java:shutdownLeaderElection(134)) - b32d7882-88db-4fe6-9cca-6a25122d474d: shutdown LeaderElection
2019-10-17 02:14:45,809 [b32d7882-88db-4fe6-9cca-6a25122d474d@group-896385CD49EE-LeaderElection165] INFO  impl.RoleInfo (RoleInfo.java:updateAndGet(143)) - b32d7882-88db-4fe6-9cca-6a25122d474d: start FollowerState
2019-10-17 02:14:45,911 [Thread-2070] INFO  impl.FollowerState (FollowerState.java:run(108)) - b32d7882-88db-4fe6-9cca-6a25122d474d@group-896385CD49EE-FollowerState: change to CANDIDATE, lastRpcTime:101ms, electionTimeout:101ms
2019-10-17 02:14:45,911 [Thread-2070] INFO  impl.RoleInfo (RoleInfo.java:shutdownFollowerState(121)) - b32d7882-88db-4fe6-9cca-6a25122d474d: shutdown FollowerState
2019-10-17 02:14:45,911 [Thread-2070] INFO  impl.RaftServerImpl (RaftServerImpl.java:setRole(184)) - b32d7882-88db-4fe6-9cca-6a25122d474d@group-896385CD49EE: changes role from  FOLLOWER to CANDIDATE at term 106 for changeToCandidate
2019-10-17 02:14:45,911 [Thread-2070] INFO  impl.RoleInfo (RoleInfo.java:updateAndGet(143)) - b32d7882-88db-4fe6-9cca-6a25122d474d: start LeaderElection
2019-10-17 02:14:45,925 [b32d7882-88db-4fe6-9cca-6a25122d474d@group-896385CD49EE-LeaderElection166] INFO  impl.LeaderElection (LeaderElection.java:askForVotes(178)) - b32d7882-88db-4fe6-9cca-6a25122d474d@group-896385CD49EE-LeaderElection166: begin an election at term 107 for -1: [b32d7882-88db-4fe6-9cca-6a25122d474d:192.168.157.194:42206, 3aea292b-16fb-4e9b-be90-828afa8e8047:192.168.157.194:34569, a6b2ebfb-69a0-457c-b6cd-a50cc148b564:192.168.157.194:37298], old=null
2019-10-17 02:14:45,928 [grpc-default-executor-2] INFO  impl.RaftServerImpl (RaftServerImpl.java:setRole(184)) - 3aea292b-16fb-4e9b-be90-828afa8e8047@group-896385CD49EE: changes role from  FOLLOWER to FOLLOWER at term 107 for recognizeCandidate:b32d7882-88db-4fe6-9cca-6a25122d474d
2019-10-17 02:14:45,928 [grpc-default-executor-0] INFO  impl.RaftServerImpl (RaftServerImpl.java:setRole(184)) - a6b2ebfb-69a0-457c-b6cd-a50cc148b564@group-896385CD49EE: changes role from  FOLLOWER to FOLLOWER at term 107 for recognizeCandidate:b32d7882-88db-4fe6-9cca-6a25122d474d
2019-10-17 02:14:45,928 [grpc-default-executor-0] INFO  impl.RoleInfo (RoleInfo.java:shutdownFollowerState(121)) - a6b2ebfb-69a0-457c-b6cd-a50cc148b564: shutdown FollowerState
2019-10-17 02:14:45,928 [grpc-default-executor-2] INFO  impl.RoleInfo (RoleInfo.java:shutdownFollowerState(121)) - 3aea292b-16fb-4e9b-be90-828afa8e8047: shutdown FollowerState
2019-10-17 02:14:45,928 [grpc-default-executor-0] INFO  impl.RoleInfo (RoleInfo.java:updateAndGet(143)) - a6b2ebfb-69a0-457c-b6cd-a50cc148b564: start FollowerState
2019-10-17 02:14:45,929 [Thread-2068] INFO  impl.FollowerState (FollowerState.java:run(117)) - 3aea292b-16fb-4e9b-be90-828afa8e8047@group-896385CD49EE-FollowerState was interrupted: java.lang.InterruptedException: sleep interrupted
2019-10-17 02:14:45,929 [grpc-default-executor-2] INFO  impl.RoleInfo (RoleInfo.java:updateAndGet(143)) - 3aea292b-16fb-4e9b-be90-828afa8e8047: start FollowerState
2019-10-17 02:14:45,929 [Thread-2069] INFO  impl.FollowerState (FollowerState.java:run(117)) - a6b2ebfb-69a0-457c-b6cd-a50cc148b564@group-896385CD49EE-FollowerState was interrupted: java.lang.InterruptedException: sleep interrupted
2019-10-17 02:14:45,944 [b32d7882-88db-4fe6-9cca-6a25122d474d@group-896385CD49EE-LeaderElection166] INFO  impl.LeaderElection (LeaderElection.java:logAndReturn(56)) - b32d7882-88db-4fe6-9cca-6a25122d474d@group-896385CD49EE-LeaderElection166: Election REJECTED; received 2 response(s) [b32d7882-88db-4fe6-9cca-6a25122d474d<-3aea292b-16fb-4e9b-be90-828afa8e8047#0:FAIL-t107, b32d7882-88db-4fe6-9cca-6a25122d474d<-a6b2ebfb-69a0-457c-b6cd-a50cc148b564#0:FAIL-t107] and 0 exception(s); b32d7882-88db-4fe6-9cca-6a25122d474d@group-896385CD49EE:t107, leader=null, voted=b32d7882-88db-4fe6-9cca-6a25122d474d, raftlog=b32d7882-88db-4fe6-9cca-6a25122d474d@group-896385CD49EE-SegmentedRaftLog:OPENED:c-1,f-1,i0, conf=-1: [b32d7882-88db-4fe6-9cca-6a25122d474d:192.168.157.194:42206, 3aea292b-16fb-4e9b-be90-828afa8e8047:192.168.157.194:34569, a6b2ebfb-69a0-457c-b6cd-a50cc148b564:192.168.157.194:37298], old=null
2019-10-17 02:14:45,944 [b32d7882-88db-4fe6-9cca-6a25122d474d@group-896385CD49EE-LeaderElection166] INFO  impl.RaftServerImpl (RaftServerImpl.java:setRole(184)) - b32d7882-88db-4fe6-9cca-6a25122d474d@group-896385CD49EE: changes role from CANDIDATE to FOLLOWER at term 107 for DISCOVERED_A_NEW_TERM
2019-10-17 02:14:45,944 [b32d7882-88db-4fe6-9cca-6a25122d474d@group-896385CD49EE-LeaderElection166] INFO  impl.RoleInfo (RoleInfo.java:shutdownLeaderElection(134)) - b32d7882-88db-4fe6-9cca-6a25122d474d: shutdown LeaderElection
2019-10-17 02:14:45,944 [b32d7882-88db-4fe6-9cca-6a25122d474d@group-896385CD49EE-LeaderElection166] INFO  impl.RoleInfo (RoleInfo.java:updateAndGet(143)) - b32d7882-88db-4fe6-9cca-6a25122d474d: start FollowerState
2019-10-17 02:14:46,047 [Thread-2076] INFO  impl.FollowerState (FollowerState.java:run(108)) - b32d7882-88db-4fe6-9cca-6a25122d474d@group-896385CD49EE-FollowerState: change to CANDIDATE, lastRpcTime:102ms, electionTimeout:102ms
2019-10-17 02:14:46,047 [Thread-2076] INFO  impl.RoleInfo (RoleInfo.java:shutdownFollowerState(121)) - b32d7882-88db-4fe6-9cca-6a25122d474d: shutdown FollowerState
2019-10-17 02:14:46,047 [Thread-2076] INFO  impl.RaftServerImpl (RaftServerImpl.java:setRole(184)) - b32d7882-88db-4fe6-9cca-6a25122d474d@group-896385CD49EE: changes role from  FOLLOWER to CANDIDATE at term 107 for changeToCandidate
2019-10-17 02:14:46,047 [Thread-2076] INFO  impl.RoleInfo (RoleInfo.java:updateAndGet(143)) - b32d7882-88db-4fe6-9cca-6a25122d474d: start LeaderElection
2019-10-17 02:14:46,062 [b32d7882-88db-4fe6-9cca-6a25122d474d@group-896385CD49EE-LeaderElection167] INFO  impl.LeaderElection (LeaderElection.java:askForVotes(178)) - b32d7882-88db-4fe6-9cca-6a25122d474d@group-896385CD49EE-LeaderElection167: begin an election at term 108 for -1: [b32d7882-88db-4fe6-9cca-6a25122d474d:192.168.157.194:42206, 3aea292b-16fb-4e9b-be90-828afa8e8047:192.168.157.194:34569, a6b2ebfb-69a0-457c-b6cd-a50cc148b564:192.168.157.194:37298], old=null
2019-10-17 02:14:46,065 [grpc-default-executor-0] INFO  impl.RaftServerImpl (RaftServerImpl.java:setRole(184)) - 3aea292b-16fb-4e9b-be90-828afa8e8047@group-896385CD49EE: changes role from  FOLLOWER to FOLLOWER at term 108 for recognizeCandidate:b32d7882-88db-4fe6-9cca-6a25122d474d
2019-10-17 02:14:46,065 [grpc-default-executor-0] INFO  impl.RoleInfo (RoleInfo.java:shutdownFollowerState(121)) - 3aea292b-16fb-4e9b-be90-828afa8e8047: shutdown FollowerState
2019-10-17 02:14:46,065 [grpc-default-executor-2] INFO  impl.RaftServerImpl (RaftServerImpl.java:setRole(184)) - a6b2ebfb-69a0-457c-b6cd-a50cc148b564@group-896385CD49EE: changes role from  FOLLOWER to FOLLOWER at term 108 for recognizeCandidate:b32d7882-88db-4fe6-9cca-6a25122d474d
2019-10-17 02:14:46,065 [Thread-2075] INFO  impl.FollowerState (FollowerState.java:run(117)) - 3aea292b-16fb-4e9b-be90-828afa8e8047@group-896385CD49EE-FollowerState was interrupted: java.lang.InterruptedException: sleep interrupted
2019-10-17 02:14:46,065 [grpc-default-executor-0] INFO  impl.RoleInfo (RoleInfo.java:updateAndGet(143)) - 3aea292b-16fb-4e9b-be90-828afa8e8047: start FollowerState
2019-10-17 02:14:46,065 [grpc-default-executor-2] INFO  impl.RoleInfo (RoleInfo.java:shutdownFollowerState(121)) - a6b2ebfb-69a0-457c-b6cd-a50cc148b564: shutdown FollowerState
2019-10-17 02:14:46,066 [grpc-default-executor-2] INFO  impl.RoleInfo (RoleInfo.java:updateAndGet(143)) - a6b2ebfb-69a0-457c-b6cd-a50cc148b564: start FollowerState
2019-10-17 02:14:46,066 [Thread-2074] INFO  impl.FollowerState (FollowerState.java:run(117)) - a6b2ebfb-69a0-457c-b6cd-a50cc148b564@group-896385CD49EE-FollowerState was interrupted: java.lang.InterruptedException: sleep interrupted
2019-10-17 02:14:46,082 [b32d7882-88db-4fe6-9cca-6a25122d474d@group-896385CD49EE-LeaderElection167] INFO  impl.LeaderElection (LeaderElection.java:logAndReturn(56)) - b32d7882-88db-4fe6-9cca-6a25122d474d@group-896385CD49EE-LeaderElection167: Election REJECTED; received 2 response(s) [b32d7882-88db-4fe6-9cca-6a25122d474d<-3aea292b-16fb-4e9b-be90-828afa8e8047#0:FAIL-t108, b32d7882-88db-4fe6-9cca-6a25122d474d<-a6b2ebfb-69a0-457c-b6cd-a50cc148b564#0:FAIL-t108] and 0 exception(s); b32d7882-88db-4fe6-9cca-6a25122d474d@group-896385CD49EE:t108, leader=null, voted=b32d7882-88db-4fe6-9cca-6a25122d474d, raftlog=b32d7882-88db-4fe6-9cca-6a25122d474d@group-896385CD49EE-SegmentedRaftLog:OPENED:c-1,f-1,i0, conf=-1: [b32d7882-88db-4fe6-9cca-6a25122d474d:192.168.157.194:42206, 3aea292b-16fb-4e9b-be90-828afa8e8047:192.168.157.194:34569, a6b2ebfb-69a0-457c-b6cd-a50cc148b564:192.168.157.194:37298], old=null
2019-10-17 02:14:46,082 [b32d7882-88db-4fe6-9cca-6a25122d474d@group-896385CD49EE-LeaderElection167] INFO  impl.RaftServerImpl (RaftServerImpl.java:setRole(184)) - b32d7882-88db-4fe6-9cca-6a25122d474d@group-896385CD49EE: changes role from CANDIDATE to FOLLOWER at term 108 for DISCOVERED_A_NEW_TERM
2019-10-17 02:14:46,082 [b32d7882-88db-4fe6-9cca-6a25122d474d@group-896385CD49EE-LeaderElection167] INFO  impl.RoleInfo (RoleInfo.java:shutdownLeaderElection(134)) - b32d7882-88db-4fe6-9cca-6a25122d474d: shutdown LeaderElection
2019-10-17 02:14:46,082 [b32d7882-88db-4fe6-9cca-6a25122d474d@group-896385CD49EE-LeaderElection167] INFO  impl.RoleInfo (RoleInfo.java:updateAndGet(143)) - b32d7882-88db-4fe6-9cca-6a25122d474d: start FollowerState
2019-10-17 02:14:46,135 [main] INFO  ozone.MiniOzoneClusterImpl (MiniOzoneClusterImpl.java:lambda$waitForClusterToBeReady$2(164)) - Waiting for 1 number of pipelines out of 4, to report a leader.
2019-10-17 02:14:46,275 [Thread-2082] INFO  impl.FollowerState (FollowerState.java:run(108)) - b32d7882-88db-4fe6-9cca-6a25122d474d@group-896385CD49EE-FollowerState: change to CANDIDATE, lastRpcTime:192ms, electionTimeout:192ms
2019-10-17 02:14:46,275 [Thread-2082] INFO  impl.RoleInfo (RoleInfo.java:shutdownFollowerState(121)) - b32d7882-88db-4fe6-9cca-6a25122d474d: shutdown FollowerState
2019-10-17 02:14:46,275 [Thread-2082] INFO  impl.RaftServerImpl (RaftServerImpl.java:setRole(184)) - b32d7882-88db-4fe6-9cca-6a25122d474d@group-896385CD49EE: changes role from  FOLLOWER to CANDIDATE at term 108 for changeToCandidate
2019-10-17 02:14:46,275 [Thread-2082] INFO  impl.RoleInfo (RoleInfo.java:updateAndGet(143)) - b32d7882-88db-4fe6-9cca-6a25122d474d: start LeaderElection
2019-10-17 02:14:46,290 [b32d7882-88db-4fe6-9cca-6a25122d474d@group-896385CD49EE-LeaderElection168] INFO  impl.LeaderElection (LeaderElection.java:askForVotes(178)) - b32d7882-88db-4fe6-9cca-6a25122d474d@group-896385CD49EE-LeaderElection168: begin an election at term 109 for -1: [b32d7882-88db-4fe6-9cca-6a25122d474d:192.168.157.194:42206, 3aea292b-16fb-4e9b-be90-828afa8e8047:192.168.157.194:34569, a6b2ebfb-69a0-457c-b6cd-a50cc148b564:192.168.157.194:37298], old=null
2019-10-17 02:14:46,293 [grpc-default-executor-0] INFO  impl.RaftServerImpl (RaftServerImpl.java:setRole(184)) - 3aea292b-16fb-4e9b-be90-828afa8e8047@group-896385CD49EE: changes role from  FOLLOWER to FOLLOWER at term 109 for recognizeCandidate:b32d7882-88db-4fe6-9cca-6a25122d474d
2019-10-17 02:14:46,293 [grpc-default-executor-0] INFO  impl.RoleInfo (RoleInfo.java:shutdownFollowerState(121)) - 3aea292b-16fb-4e9b-be90-828afa8e8047: shutdown FollowerState
2019-10-17 02:14:46,293 [grpc-default-executor-2] INFO  impl.RaftServerImpl (RaftServerImpl.java:setRole(184)) - a6b2ebfb-69a0-457c-b6cd-a50cc148b564@group-896385CD49EE: changes role from  FOLLOWER to FOLLOWER at term 109 for recognizeCandidate:b32d7882-88db-4fe6-9cca-6a25122d474d
2019-10-17 02:14:46,294 [grpc-default-executor-2] INFO  impl.RoleInfo (RoleInfo.java:shutdownFollowerState(121)) - a6b2ebfb-69a0-457c-b6cd-a50cc148b564: shutdown FollowerState
2019-10-17 02:14:46,294 [grpc-default-executor-2] INFO  impl.RoleInfo (RoleInfo.java:updateAndGet(143)) - a6b2ebfb-69a0-457c-b6cd-a50cc148b564: start FollowerState
2019-10-17 02:14:46,294 [Thread-2081] INFO  impl.FollowerState (FollowerState.java:run(117)) - a6b2ebfb-69a0-457c-b6cd-a50cc148b564@group-896385CD49EE-FollowerState was interrupted: java.lang.InterruptedException: sleep interrupted
2019-10-17 02:14:46,293 [grpc-default-executor-0] INFO  impl.RoleInfo (RoleInfo.java:updateAndGet(143)) - 3aea292b-16fb-4e9b-be90-828afa8e8047: start FollowerState
2019-10-17 02:14:46,294 [Thread-2080] INFO  impl.FollowerState (FollowerState.java:run(117)) - 3aea292b-16fb-4e9b-be90-828afa8e8047@group-896385CD49EE-FollowerState was interrupted: java.lang.InterruptedException: sleep interrupted
2019-10-17 02:14:46,309 [b32d7882-88db-4fe6-9cca-6a25122d474d@group-896385CD49EE-LeaderElection168] INFO  impl.LeaderElection (LeaderElection.java:logAndReturn(56)) - b32d7882-88db-4fe6-9cca-6a25122d474d@group-896385CD49EE-LeaderElection168: Election REJECTED; received 2 response(s) [b32d7882-88db-4fe6-9cca-6a25122d474d<-3aea292b-16fb-4e9b-be90-828afa8e8047#0:FAIL-t109, b32d7882-88db-4fe6-9cca-6a25122d474d<-a6b2ebfb-69a0-457c-b6cd-a50cc148b564#0:FAIL-t109] and 0 exception(s); b32d7882-88db-4fe6-9cca-6a25122d474d@group-896385CD49EE:t109, leader=null, voted=b32d7882-88db-4fe6-9cca-6a25122d474d, raftlog=b32d7882-88db-4fe6-9cca-6a25122d474d@group-896385CD49EE-SegmentedRaftLog:OPENED:c-1,f-1,i0, conf=-1: [b32d7882-88db-4fe6-9cca-6a25122d474d:192.168.157.194:42206, 3aea292b-16fb-4e9b-be90-828afa8e8047:192.168.157.194:34569, a6b2ebfb-69a0-457c-b6cd-a50cc148b564:192.168.157.194:37298], old=null
2019-10-17 02:14:46,309 [b32d7882-88db-4fe6-9cca-6a25122d474d@group-896385CD49EE-LeaderElection168] INFO  impl.RaftServerImpl (RaftServerImpl.java:setRole(184)) - b32d7882-88db-4fe6-9cca-6a25122d474d@group-896385CD49EE: changes role from CANDIDATE to FOLLOWER at term 109 for DISCOVERED_A_NEW_TERM
2019-10-17 02:14:46,309 [b32d7882-88db-4fe6-9cca-6a25122d474d@group-896385CD49EE-LeaderElection168] INFO  impl.RoleInfo (RoleInfo.java:shutdownLeaderElection(134)) - b32d7882-88db-4fe6-9cca-6a25122d474d: shutdown LeaderElection
2019-10-17 02:14:46,309 [b32d7882-88db-4fe6-9cca-6a25122d474d@group-896385CD49EE-LeaderElection168] INFO  impl.RoleInfo (RoleInfo.java:updateAndGet(143)) - b32d7882-88db-4fe6-9cca-6a25122d474d: start FollowerState
2019-10-17 02:14:46,377 [Thread-2088] INFO  impl.FollowerState (FollowerState.java:run(108)) - b32d7882-88db-4fe6-9cca-6a25122d474d@group-896385CD49EE-FollowerState: change to CANDIDATE, lastRpcTime:67ms, electionTimeout:67ms
2019-10-17 02:14:46,377 [Thread-2088] INFO  impl.RoleInfo (RoleInfo.java:shutdownFollowerState(121)) - b32d7882-88db-4fe6-9cca-6a25122d474d: shutdown FollowerState
2019-10-17 02:14:46,377 [Thread-2088] INFO  impl.RaftServerImpl (RaftServerImpl.java:setRole(184)) - b32d7882-88db-4fe6-9cca-6a25122d474d@group-896385CD49EE: changes role from  FOLLOWER to CANDIDATE at term 109 for changeToCandidate
2019-10-17 02:14:46,377 [Thread-2088] INFO  impl.RoleInfo (RoleInfo.java:updateAndGet(143)) - b32d7882-88db-4fe6-9cca-6a25122d474d: start LeaderElection
2019-10-17 02:14:46,391 [b32d7882-88db-4fe6-9cca-6a25122d474d@group-896385CD49EE-LeaderElection169] INFO  impl.LeaderElection (LeaderElection.java:askForVotes(178)) - b32d7882-88db-4fe6-9cca-6a25122d474d@group-896385CD49EE-LeaderElection169: begin an election at term 110 for -1: [b32d7882-88db-4fe6-9cca-6a25122d474d:192.168.157.194:42206, 3aea292b-16fb-4e9b-be90-828afa8e8047:192.168.157.194:34569, a6b2ebfb-69a0-457c-b6cd-a50cc148b564:192.168.157.194:37298], old=null
2019-10-17 02:14:46,394 [grpc-default-executor-0] INFO  impl.RaftServerImpl (RaftServerImpl.java:setRole(184)) - 3aea292b-16fb-4e9b-be90-828afa8e8047@group-896385CD49EE: changes role from  FOLLOWER to FOLLOWER at term 110 for recognizeCandidate:b32d7882-88db-4fe6-9cca-6a25122d474d
2019-10-17 02:14:46,394 [grpc-default-executor-0] INFO  impl.RoleInfo (RoleInfo.java:shutdownFollowerState(121)) - 3aea292b-16fb-4e9b-be90-828afa8e8047: shutdown FollowerState
2019-10-17 02:14:46,395 [grpc-default-executor-0] INFO  impl.RoleInfo (RoleInfo.java:updateAndGet(143)) - 3aea292b-16fb-4e9b-be90-828afa8e8047: start FollowerState
2019-10-17 02:14:46,395 [grpc-default-executor-2] INFO  impl.RaftServerImpl (RaftServerImpl.java:setRole(184)) - a6b2ebfb-69a0-457c-b6cd-a50cc148b564@group-896385CD49EE: changes role from  FOLLOWER to FOLLOWER at term 110 for recognizeCandidate:b32d7882-88db-4fe6-9cca-6a25122d474d
2019-10-17 02:14:46,395 [grpc-default-executor-2] INFO  impl.RoleInfo (RoleInfo.java:shutdownFollowerState(121)) - a6b2ebfb-69a0-457c-b6cd-a50cc148b564: shutdown FollowerState
2019-10-17 02:14:46,395 [Thread-2086] INFO  impl.FollowerState (FollowerState.java:run(117)) - 3aea292b-16fb-4e9b-be90-828afa8e8047@group-896385CD49EE-FollowerState was interrupted: java.lang.InterruptedException: sleep interrupted
2019-10-17 02:14:46,395 [grpc-default-executor-2] INFO  impl.RoleInfo (RoleInfo.java:updateAndGet(143)) - a6b2ebfb-69a0-457c-b6cd-a50cc148b564: start FollowerState
2019-10-17 02:14:46,395 [Thread-2087] INFO  impl.FollowerState (FollowerState.java:run(117)) - a6b2ebfb-69a0-457c-b6cd-a50cc148b564@group-896385CD49EE-FollowerState was interrupted: java.lang.InterruptedException: sleep interrupted
2019-10-17 02:14:46,410 [b32d7882-88db-4fe6-9cca-6a25122d474d@group-896385CD49EE-LeaderElection169] INFO  impl.LeaderElection (LeaderElection.java:logAndReturn(56)) - b32d7882-88db-4fe6-9cca-6a25122d474d@group-896385CD49EE-LeaderElection169: Election REJECTED; received 2 response(s) [b32d7882-88db-4fe6-9cca-6a25122d474d<-3aea292b-16fb-4e9b-be90-828afa8e8047#0:FAIL-t110, b32d7882-88db-4fe6-9cca-6a25122d474d<-a6b2ebfb-69a0-457c-b6cd-a50cc148b564#0:FAIL-t110] and 0 exception(s); b32d7882-88db-4fe6-9cca-6a25122d474d@group-896385CD49EE:t110, leader=null, voted=b32d7882-88db-4fe6-9cca-6a25122d474d, raftlog=b32d7882-88db-4fe6-9cca-6a25122d474d@group-896385CD49EE-SegmentedRaftLog:OPENED:c-1,f-1,i0, conf=-1: [b32d7882-88db-4fe6-9cca-6a25122d474d:192.168.157.194:42206, 3aea292b-16fb-4e9b-be90-828afa8e8047:192.168.157.194:34569, a6b2ebfb-69a0-457c-b6cd-a50cc148b564:192.168.157.194:37298], old=null
2019-10-17 02:14:46,410 [b32d7882-88db-4fe6-9cca-6a25122d474d@group-896385CD49EE-LeaderElection169] INFO  impl.RaftServerImpl (RaftServerImpl.java:setRole(184)) - b32d7882-88db-4fe6-9cca-6a25122d474d@group-896385CD49EE: changes role from CANDIDATE to FOLLOWER at term 110 for DISCOVERED_A_NEW_TERM
2019-10-17 02:14:46,410 [b32d7882-88db-4fe6-9cca-6a25122d474d@group-896385CD49EE-LeaderElection169] INFO  impl.RoleInfo (RoleInfo.java:shutdownLeaderElection(134)) - b32d7882-88db-4fe6-9cca-6a25122d474d: shutdown LeaderElection
2019-10-17 02:14:46,410 [b32d7882-88db-4fe6-9cca-6a25122d474d@group-896385CD49EE-LeaderElection169] INFO  impl.RoleInfo (RoleInfo.java:updateAndGet(143)) - b32d7882-88db-4fe6-9cca-6a25122d474d: start FollowerState
2019-10-17 02:14:46,584 [Thread-2094] INFO  impl.FollowerState (FollowerState.java:run(108)) - b32d7882-88db-4fe6-9cca-6a25122d474d@group-896385CD49EE-FollowerState: change to CANDIDATE, lastRpcTime:173ms, electionTimeout:173ms
2019-10-17 02:14:46,584 [Thread-2094] INFO  impl.RoleInfo (RoleInfo.java:shutdownFollowerState(121)) - b32d7882-88db-4fe6-9cca-6a25122d474d: shutdown FollowerState
2019-10-17 02:14:46,584 [Thread-2094] INFO  impl.RaftServerImpl (RaftServerImpl.java:setRole(184)) - b32d7882-88db-4fe6-9cca-6a25122d474d@group-896385CD49EE: changes role from  FOLLOWER to CANDIDATE at term 110 for changeToCandidate
2019-10-17 02:14:46,584 [Thread-2094] INFO  impl.RoleInfo (RoleInfo.java:updateAndGet(143)) - b32d7882-88db-4fe6-9cca-6a25122d474d: start LeaderElection
2019-10-17 02:14:46,599 [b32d7882-88db-4fe6-9cca-6a25122d474d@group-896385CD49EE-LeaderElection170] INFO  impl.LeaderElection (LeaderElection.java:askForVotes(178)) - b32d7882-88db-4fe6-9cca-6a25122d474d@group-896385CD49EE-LeaderElection170: begin an election at term 111 for -1: [b32d7882-88db-4fe6-9cca-6a25122d474d:192.168.157.194:42206, 3aea292b-16fb-4e9b-be90-828afa8e8047:192.168.157.194:34569, a6b2ebfb-69a0-457c-b6cd-a50cc148b564:192.168.157.194:37298], old=null
2019-10-17 02:14:46,601 [grpc-default-executor-0] INFO  impl.RaftServerImpl (RaftServerImpl.java:setRole(184)) - 3aea292b-16fb-4e9b-be90-828afa8e8047@group-896385CD49EE: changes role from  FOLLOWER to FOLLOWER at term 111 for recognizeCandidate:b32d7882-88db-4fe6-9cca-6a25122d474d
2019-10-17 02:14:46,602 [grpc-default-executor-0] INFO  impl.RoleInfo (RoleInfo.java:shutdownFollowerState(121)) - 3aea292b-16fb-4e9b-be90-828afa8e8047: shutdown FollowerState
2019-10-17 02:14:46,602 [grpc-default-executor-0] INFO  impl.RoleInfo (RoleInfo.java:updateAndGet(143)) - 3aea292b-16fb-4e9b-be90-828afa8e8047: start FollowerState
2019-10-17 02:14:46,602 [Thread-2092] INFO  impl.FollowerState (FollowerState.java:run(117)) - 3aea292b-16fb-4e9b-be90-828afa8e8047@group-896385CD49EE-FollowerState was interrupted: java.lang.InterruptedException: sleep interrupted
2019-10-17 02:14:46,602 [grpc-default-executor-2] INFO  impl.RaftServerImpl (RaftServerImpl.java:setRole(184)) - a6b2ebfb-69a0-457c-b6cd-a50cc148b564@group-896385CD49EE: changes role from  FOLLOWER to FOLLOWER at term 111 for recognizeCandidate:b32d7882-88db-4fe6-9cca-6a25122d474d
2019-10-17 02:14:46,602 [grpc-default-executor-2] INFO  impl.RoleInfo (RoleInfo.java:shutdownFollowerState(121)) - a6b2ebfb-69a0-457c-b6cd-a50cc148b564: shutdown FollowerState
2019-10-17 02:14:46,602 [grpc-default-executor-2] INFO  impl.RoleInfo (RoleInfo.java:updateAndGet(143)) - a6b2ebfb-69a0-457c-b6cd-a50cc148b564: start FollowerState
2019-10-17 02:14:46,602 [Thread-2093] INFO  impl.FollowerState (FollowerState.java:run(117)) - a6b2ebfb-69a0-457c-b6cd-a50cc148b564@group-896385CD49EE-FollowerState was interrupted: java.lang.InterruptedException: sleep interrupted
2019-10-17 02:14:46,615 [b32d7882-88db-4fe6-9cca-6a25122d474d@group-896385CD49EE-LeaderElection170] INFO  impl.LeaderElection (LeaderElection.java:logAndReturn(56)) - b32d7882-88db-4fe6-9cca-6a25122d474d@group-896385CD49EE-LeaderElection170: Election REJECTED; received 2 response(s) [b32d7882-88db-4fe6-9cca-6a25122d474d<-3aea292b-16fb-4e9b-be90-828afa8e8047#0:FAIL-t111, b32d7882-88db-4fe6-9cca-6a25122d474d<-a6b2ebfb-69a0-457c-b6cd-a50cc148b564#0:FAIL-t111] and 0 exception(s); b32d7882-88db-4fe6-9cca-6a25122d474d@group-896385CD49EE:t111, leader=null, voted=b32d7882-88db-4fe6-9cca-6a25122d474d, raftlog=b32d7882-88db-4fe6-9cca-6a25122d474d@group-896385CD49EE-SegmentedRaftLog:OPENED:c-1,f-1,i0, conf=-1: [b32d7882-88db-4fe6-9cca-6a25122d474d:192.168.157.194:42206, 3aea292b-16fb-4e9b-be90-828afa8e8047:192.168.157.194:34569, a6b2ebfb-69a0-457c-b6cd-a50cc148b564:192.168.157.194:37298], old=null
2019-10-17 02:14:46,615 [b32d7882-88db-4fe6-9cca-6a25122d474d@group-896385CD49EE-LeaderElection170] INFO  impl.RaftServerImpl (RaftServerImpl.java:setRole(184)) - b32d7882-88db-4fe6-9cca-6a25122d474d@group-896385CD49EE: changes role from CANDIDATE to FOLLOWER at term 111 for DISCOVERED_A_NEW_TERM
2019-10-17 02:14:46,615 [b32d7882-88db-4fe6-9cca-6a25122d474d@group-896385CD49EE-LeaderElection170] INFO  impl.RoleInfo (RoleInfo.java:shutdownLeaderElection(134)) - b32d7882-88db-4fe6-9cca-6a25122d474d: shutdown LeaderElection
2019-10-17 02:14:46,615 [b32d7882-88db-4fe6-9cca-6a25122d474d@group-896385CD49EE-LeaderElection170] INFO  impl.RoleInfo (RoleInfo.java:updateAndGet(143)) - b32d7882-88db-4fe6-9cca-6a25122d474d: start FollowerState
2019-10-17 02:14:46,792 [Thread-2100] INFO  impl.FollowerState (FollowerState.java:run(108)) - b32d7882-88db-4fe6-9cca-6a25122d474d@group-896385CD49EE-FollowerState: change to CANDIDATE, lastRpcTime:176ms, electionTimeout:176ms
2019-10-17 02:14:46,792 [Thread-2100] INFO  impl.RoleInfo (RoleInfo.java:shutdownFollowerState(121)) - b32d7882-88db-4fe6-9cca-6a25122d474d: shutdown FollowerState
2019-10-17 02:14:46,792 [Thread-2100] INFO  impl.RaftServerImpl (RaftServerImpl.java:setRole(184)) - b32d7882-88db-4fe6-9cca-6a25122d474d@group-896385CD49EE: changes role from  FOLLOWER to CANDIDATE at term 111 for changeToCandidate
2019-10-17 02:14:46,792 [Thread-2100] INFO  impl.RoleInfo (RoleInfo.java:updateAndGet(143)) - b32d7882-88db-4fe6-9cca-6a25122d474d: start LeaderElection
2019-10-17 02:14:46,806 [b32d7882-88db-4fe6-9cca-6a25122d474d@group-896385CD49EE-LeaderElection171] INFO  impl.LeaderElection (LeaderElection.java:askForVotes(178)) - b32d7882-88db-4fe6-9cca-6a25122d474d@group-896385CD49EE-LeaderElection171: begin an election at term 112 for -1: [b32d7882-88db-4fe6-9cca-6a25122d474d:192.168.157.194:42206, 3aea292b-16fb-4e9b-be90-828afa8e8047:192.168.157.194:34569, a6b2ebfb-69a0-457c-b6cd-a50cc148b564:192.168.157.194:37298], old=null
2019-10-17 02:14:46,808 [grpc-default-executor-0] INFO  impl.RaftServerImpl (RaftServerImpl.java:setRole(184)) - 3aea292b-16fb-4e9b-be90-828afa8e8047@group-896385CD49EE: changes role from  FOLLOWER to FOLLOWER at term 112 for recognizeCandidate:b32d7882-88db-4fe6-9cca-6a25122d474d
2019-10-17 02:14:46,808 [grpc-default-executor-0] INFO  impl.RoleInfo (RoleInfo.java:shutdownFollowerState(121)) - 3aea292b-16fb-4e9b-be90-828afa8e8047: shutdown FollowerState
2019-10-17 02:14:46,808 [grpc-default-executor-2] INFO  impl.RaftServerImpl (RaftServerImpl.java:setRole(184)) - a6b2ebfb-69a0-457c-b6cd-a50cc148b564@group-896385CD49EE: changes role from  FOLLOWER to FOLLOWER at term 112 for recognizeCandidate:b32d7882-88db-4fe6-9cca-6a25122d474d
2019-10-17 02:14:46,809 [Thread-2098] INFO  impl.FollowerState (FollowerState.java:run(117)) - 3aea292b-16fb-4e9b-be90-828afa8e8047@group-896385CD49EE-FollowerState was interrupted: java.lang.InterruptedException: sleep interrupted
2019-10-17 02:14:46,809 [grpc-default-executor-0] INFO  impl.RoleInfo (RoleInfo.java:updateAndGet(143)) - 3aea292b-16fb-4e9b-be90-828afa8e8047: start FollowerState
2019-10-17 02:14:46,809 [grpc-default-executor-2] INFO  impl.RoleInfo (RoleInfo.java:shutdownFollowerState(121)) - a6b2ebfb-69a0-457c-b6cd-a50cc148b564: shutdown FollowerState
2019-10-17 02:14:46,809 [grpc-default-executor-2] INFO  impl.RoleInfo (RoleInfo.java:updateAndGet(143)) - a6b2ebfb-69a0-457c-b6cd-a50cc148b564: start FollowerState
2019-10-17 02:14:46,809 [Thread-2099] INFO  impl.FollowerState (FollowerState.java:run(117)) - a6b2ebfb-69a0-457c-b6cd-a50cc148b564@group-896385CD49EE-FollowerState was interrupted: java.lang.InterruptedException: sleep interrupted
2019-10-17 02:14:46,824 [b32d7882-88db-4fe6-9cca-6a25122d474d@group-896385CD49EE-LeaderElection171] INFO  impl.LeaderElection (LeaderElection.java:logAndReturn(56)) - b32d7882-88db-4fe6-9cca-6a25122d474d@group-896385CD49EE-LeaderElection171: Election REJECTED; received 2 response(s) [b32d7882-88db-4fe6-9cca-6a25122d474d<-3aea292b-16fb-4e9b-be90-828afa8e8047#0:FAIL-t112, b32d7882-88db-4fe6-9cca-6a25122d474d<-a6b2ebfb-69a0-457c-b6cd-a50cc148b564#0:FAIL-t112] and 0 exception(s); b32d7882-88db-4fe6-9cca-6a25122d474d@group-896385CD49EE:t112, leader=null, voted=b32d7882-88db-4fe6-9cca-6a25122d474d, raftlog=b32d7882-88db-4fe6-9cca-6a25122d474d@group-896385CD49EE-SegmentedRaftLog:OPENED:c-1,f-1,i0, conf=-1: [b32d7882-88db-4fe6-9cca-6a25122d474d:192.168.157.194:42206, 3aea292b-16fb-4e9b-be90-828afa8e8047:192.168.157.194:34569, a6b2ebfb-69a0-457c-b6cd-a50cc148b564:192.168.157.194:37298], old=null
2019-10-17 02:14:46,825 [b32d7882-88db-4fe6-9cca-6a25122d474d@group-896385CD49EE-LeaderElection171] INFO  impl.RaftServerImpl (RaftServerImpl.java:setRole(184)) - b32d7882-88db-4fe6-9cca-6a25122d474d@group-896385CD49EE: changes role from CANDIDATE to FOLLOWER at term 112 for DISCOVERED_A_NEW_TERM
2019-10-17 02:14:46,825 [b32d7882-88db-4fe6-9cca-6a25122d474d@group-896385CD49EE-LeaderElection171] INFO  impl.RoleInfo (RoleInfo.java:shutdownLeaderElection(134)) - b32d7882-88db-4fe6-9cca-6a25122d474d: shutdown LeaderElection
2019-10-17 02:14:46,825 [b32d7882-88db-4fe6-9cca-6a25122d474d@group-896385CD49EE-LeaderElection171] INFO  impl.RoleInfo (RoleInfo.java:updateAndGet(143)) - b32d7882-88db-4fe6-9cca-6a25122d474d: start FollowerState
2019-10-17 02:14:46,966 [Thread-2106] INFO  impl.FollowerState (FollowerState.java:run(108)) - b32d7882-88db-4fe6-9cca-6a25122d474d@group-896385CD49EE-FollowerState: change to CANDIDATE, lastRpcTime:141ms, electionTimeout:141ms
2019-10-17 02:14:46,967 [Thread-2106] INFO  impl.RoleInfo (RoleInfo.java:shutdownFollowerState(121)) - b32d7882-88db-4fe6-9cca-6a25122d474d: shutdown FollowerState
2019-10-17 02:14:46,967 [Thread-2106] INFO  impl.RaftServerImpl (RaftServerImpl.java:setRole(184)) - b32d7882-88db-4fe6-9cca-6a25122d474d@group-896385CD49EE: changes role from  FOLLOWER to CANDIDATE at term 112 for changeToCandidate
2019-10-17 02:14:46,967 [Thread-2106] INFO  impl.RoleInfo (RoleInfo.java:updateAndGet(143)) - b32d7882-88db-4fe6-9cca-6a25122d474d: start LeaderElection
2019-10-17 02:14:46,982 [b32d7882-88db-4fe6-9cca-6a25122d474d@group-896385CD49EE-LeaderElection172] INFO  impl.LeaderElection (LeaderElection.java:askForVotes(178)) - b32d7882-88db-4fe6-9cca-6a25122d474d@group-896385CD49EE-LeaderElection172: begin an election at term 113 for -1: [b32d7882-88db-4fe6-9cca-6a25122d474d:192.168.157.194:42206, 3aea292b-16fb-4e9b-be90-828afa8e8047:192.168.157.194:34569, a6b2ebfb-69a0-457c-b6cd-a50cc148b564:192.168.157.194:37298], old=null
2019-10-17 02:14:46,985 [grpc-default-executor-2] INFO  impl.RaftServerImpl (RaftServerImpl.java:setRole(184)) - 3aea292b-16fb-4e9b-be90-828afa8e8047@group-896385CD49EE: changes role from  FOLLOWER to FOLLOWER at term 113 for recognizeCandidate:b32d7882-88db-4fe6-9cca-6a25122d474d
2019-10-17 02:14:46,985 [grpc-default-executor-0] INFO  impl.RaftServerImpl (RaftServerImpl.java:setRole(184)) - a6b2ebfb-69a0-457c-b6cd-a50cc148b564@group-896385CD49EE: changes role from  FOLLOWER to FOLLOWER at term 113 for recognizeCandidate:b32d7882-88db-4fe6-9cca-6a25122d474d
2019-10-17 02:14:46,985 [grpc-default-executor-0] INFO  impl.RoleInfo (RoleInfo.java:shutdownFollowerState(121)) - a6b2ebfb-69a0-457c-b6cd-a50cc148b564: shutdown FollowerState
2019-10-17 02:14:46,985 [grpc-default-executor-2] INFO  impl.RoleInfo (RoleInfo.java:shutdownFollowerState(121)) - 3aea292b-16fb-4e9b-be90-828afa8e8047: shutdown FollowerState
2019-10-17 02:14:46,986 [grpc-default-executor-0] INFO  impl.RoleInfo (RoleInfo.java:updateAndGet(143)) - a6b2ebfb-69a0-457c-b6cd-a50cc148b564: start FollowerState
2019-10-17 02:14:46,986 [grpc-default-executor-2] INFO  impl.RoleInfo (RoleInfo.java:updateAndGet(143)) - 3aea292b-16fb-4e9b-be90-828afa8e8047: start FollowerState
2019-10-17 02:14:46,986 [Thread-2105] INFO  impl.FollowerState (FollowerState.java:run(117)) - a6b2ebfb-69a0-457c-b6cd-a50cc148b564@group-896385CD49EE-FollowerState was interrupted: java.lang.InterruptedException: sleep interrupted
2019-10-17 02:14:46,986 [Thread-2104] INFO  impl.FollowerState (FollowerState.java:run(117)) - 3aea292b-16fb-4e9b-be90-828afa8e8047@group-896385CD49EE-FollowerState was interrupted: java.lang.InterruptedException: sleep interrupted
2019-10-17 02:14:47,001 [b32d7882-88db-4fe6-9cca-6a25122d474d@group-896385CD49EE-LeaderElection172] INFO  impl.LeaderElection (LeaderElection.java:logAndReturn(56)) - b32d7882-88db-4fe6-9cca-6a25122d474d@group-896385CD49EE-LeaderElection172: Election REJECTED; received 2 response(s) [b32d7882-88db-4fe6-9cca-6a25122d474d<-3aea292b-16fb-4e9b-be90-828afa8e8047#0:FAIL-t113, b32d7882-88db-4fe6-9cca-6a25122d474d<-a6b2ebfb-69a0-457c-b6cd-a50cc148b564#0:FAIL-t113] and 0 exception(s); b32d7882-88db-4fe6-9cca-6a25122d474d@group-896385CD49EE:t113, leader=null, voted=b32d7882-88db-4fe6-9cca-6a25122d474d, raftlog=b32d7882-88db-4fe6-9cca-6a25122d474d@group-896385CD49EE-SegmentedRaftLog:OPENED:c-1,f-1,i0, conf=-1: [b32d7882-88db-4fe6-9cca-6a25122d474d:192.168.157.194:42206, 3aea292b-16fb-4e9b-be90-828afa8e8047:192.168.157.194:34569, a6b2ebfb-69a0-457c-b6cd-a50cc148b564:192.168.157.194:37298], old=null
2019-10-17 02:14:47,001 [b32d7882-88db-4fe6-9cca-6a25122d474d@group-896385CD49EE-LeaderElection172] INFO  impl.RaftServerImpl (RaftServerImpl.java:setRole(184)) - b32d7882-88db-4fe6-9cca-6a25122d474d@group-896385CD49EE: changes role from CANDIDATE to FOLLOWER at term 113 for DISCOVERED_A_NEW_TERM
2019-10-17 02:14:47,001 [b32d7882-88db-4fe6-9cca-6a25122d474d@group-896385CD49EE-LeaderElection172] INFO  impl.RoleInfo (RoleInfo.java:shutdownLeaderElection(134)) - b32d7882-88db-4fe6-9cca-6a25122d474d: shutdown LeaderElection
2019-10-17 02:14:47,001 [b32d7882-88db-4fe6-9cca-6a25122d474d@group-896385CD49EE-LeaderElection172] INFO  impl.RoleInfo (RoleInfo.java:updateAndGet(143)) - b32d7882-88db-4fe6-9cca-6a25122d474d: start FollowerState
2019-10-17 02:14:47,079 [Thread-2112] INFO  impl.FollowerState (FollowerState.java:run(108)) - b32d7882-88db-4fe6-9cca-6a25122d474d@group-896385CD49EE-FollowerState: change to CANDIDATE, lastRpcTime:77ms, electionTimeout:77ms
2019-10-17 02:14:47,079 [Thread-2112] INFO  impl.RoleInfo (RoleInfo.java:shutdownFollowerState(121)) - b32d7882-88db-4fe6-9cca-6a25122d474d: shutdown FollowerState
2019-10-17 02:14:47,079 [Thread-2112] INFO  impl.RaftServerImpl (RaftServerImpl.java:setRole(184)) - b32d7882-88db-4fe6-9cca-6a25122d474d@group-896385CD49EE: changes role from  FOLLOWER to CANDIDATE at term 113 for changeToCandidate
2019-10-17 02:14:47,079 [Thread-2112] INFO  impl.RoleInfo (RoleInfo.java:updateAndGet(143)) - b32d7882-88db-4fe6-9cca-6a25122d474d: start LeaderElection
2019-10-17 02:14:47,093 [b32d7882-88db-4fe6-9cca-6a25122d474d@group-896385CD49EE-LeaderElection173] INFO  impl.LeaderElection (LeaderElection.java:askForVotes(178)) - b32d7882-88db-4fe6-9cca-6a25122d474d@group-896385CD49EE-LeaderElection173: begin an election at term 114 for -1: [b32d7882-88db-4fe6-9cca-6a25122d474d:192.168.157.194:42206, 3aea292b-16fb-4e9b-be90-828afa8e8047:192.168.157.194:34569, a6b2ebfb-69a0-457c-b6cd-a50cc148b564:192.168.157.194:37298], old=null
2019-10-17 02:14:47,096 [grpc-default-executor-2] INFO  impl.RaftServerImpl (RaftServerImpl.java:setRole(184)) - 3aea292b-16fb-4e9b-be90-828afa8e8047@group-896385CD49EE: changes role from  FOLLOWER to FOLLOWER at term 114 for recognizeCandidate:b32d7882-88db-4fe6-9cca-6a25122d474d
2019-10-17 02:14:47,096 [grpc-default-executor-2] INFO  impl.RoleInfo (RoleInfo.java:shutdownFollowerState(121)) - 3aea292b-16fb-4e9b-be90-828afa8e8047: shutdown FollowerState
2019-10-17 02:14:47,096 [grpc-default-executor-0] INFO  impl.RaftServerImpl (RaftServerImpl.java:setRole(184)) - a6b2ebfb-69a0-457c-b6cd-a50cc148b564@group-896385CD49EE: changes role from  FOLLOWER to FOLLOWER at term 114 for recognizeCandidate:b32d7882-88db-4fe6-9cca-6a25122d474d
2019-10-17 02:14:47,097 [Thread-2111] INFO  impl.FollowerState (FollowerState.java:run(117)) - 3aea292b-16fb-4e9b-be90-828afa8e8047@group-896385CD49EE-FollowerState was interrupted: java.lang.InterruptedException: sleep interrupted
2019-10-17 02:14:47,097 [grpc-default-executor-2] INFO  impl.RoleInfo (RoleInfo.java:updateAndGet(143)) - 3aea292b-16fb-4e9b-be90-828afa8e8047: start FollowerState
2019-10-17 02:14:47,097 [grpc-default-executor-0] INFO  impl.RoleInfo (RoleInfo.java:shutdownFollowerState(121)) - a6b2ebfb-69a0-457c-b6cd-a50cc148b564: shutdown FollowerState
2019-10-17 02:14:47,097 [grpc-default-executor-0] INFO  impl.RoleInfo (RoleInfo.java:updateAndGet(143)) - a6b2ebfb-69a0-457c-b6cd-a50cc148b564: start FollowerState
2019-10-17 02:14:47,097 [Thread-2110] INFO  impl.FollowerState (FollowerState.java:run(117)) - a6b2ebfb-69a0-457c-b6cd-a50cc148b564@group-896385CD49EE-FollowerState was interrupted: java.lang.InterruptedException: sleep interrupted
2019-10-17 02:14:47,112 [b32d7882-88db-4fe6-9cca-6a25122d474d@group-896385CD49EE-LeaderElection173] INFO  impl.LeaderElection (LeaderElection.java:logAndReturn(56)) - b32d7882-88db-4fe6-9cca-6a25122d474d@group-896385CD49EE-LeaderElection173: Election REJECTED; received 2 response(s) [b32d7882-88db-4fe6-9cca-6a25122d474d<-3aea292b-16fb-4e9b-be90-828afa8e8047#0:FAIL-t114, b32d7882-88db-4fe6-9cca-6a25122d474d<-a6b2ebfb-69a0-457c-b6cd-a50cc148b564#0:FAIL-t114] and 0 exception(s); b32d7882-88db-4fe6-9cca-6a25122d474d@group-896385CD49EE:t114, leader=null, voted=b32d7882-88db-4fe6-9cca-6a25122d474d, raftlog=b32d7882-88db-4fe6-9cca-6a25122d474d@group-896385CD49EE-SegmentedRaftLog:OPENED:c-1,f-1,i0, conf=-1: [b32d7882-88db-4fe6-9cca-6a25122d474d:192.168.157.194:42206, 3aea292b-16fb-4e9b-be90-828afa8e8047:192.168.157.194:34569, a6b2ebfb-69a0-457c-b6cd-a50cc148b564:192.168.157.194:37298], old=null
2019-10-17 02:14:47,112 [b32d7882-88db-4fe6-9cca-6a25122d474d@group-896385CD49EE-LeaderElection173] INFO  impl.RaftServerImpl (RaftServerImpl.java:setRole(184)) - b32d7882-88db-4fe6-9cca-6a25122d474d@group-896385CD49EE: changes role from CANDIDATE to FOLLOWER at term 114 for DISCOVERED_A_NEW_TERM
2019-10-17 02:14:47,112 [b32d7882-88db-4fe6-9cca-6a25122d474d@group-896385CD49EE-LeaderElection173] INFO  impl.RoleInfo (RoleInfo.java:shutdownLeaderElection(134)) - b32d7882-88db-4fe6-9cca-6a25122d474d: shutdown LeaderElection
2019-10-17 02:14:47,112 [b32d7882-88db-4fe6-9cca-6a25122d474d@group-896385CD49EE-LeaderElection173] INFO  impl.RoleInfo (RoleInfo.java:updateAndGet(143)) - b32d7882-88db-4fe6-9cca-6a25122d474d: start FollowerState
2019-10-17 02:14:47,135 [main] INFO  ozone.MiniOzoneClusterImpl (MiniOzoneClusterImpl.java:lambda$waitForClusterToBeReady$2(164)) - Waiting for 1 number of pipelines out of 4, to report a leader.
2019-10-17 02:14:47,264 [Thread-2118] INFO  impl.FollowerState (FollowerState.java:run(108)) - b32d7882-88db-4fe6-9cca-6a25122d474d@group-896385CD49EE-FollowerState: change to CANDIDATE, lastRpcTime:151ms, electionTimeout:151ms
2019-10-17 02:14:47,264 [Thread-2118] INFO  impl.RoleInfo (RoleInfo.java:shutdownFollowerState(121)) - b32d7882-88db-4fe6-9cca-6a25122d474d: shutdown FollowerState
2019-10-17 02:14:47,264 [Thread-2118] INFO  impl.RaftServerImpl (RaftServerImpl.java:setRole(184)) - b32d7882-88db-4fe6-9cca-6a25122d474d@group-896385CD49EE: changes role from  FOLLOWER to CANDIDATE at term 114 for changeToCandidate
2019-10-17 02:14:47,264 [Thread-2118] INFO  impl.RoleInfo (RoleInfo.java:updateAndGet(143)) - b32d7882-88db-4fe6-9cca-6a25122d474d: start LeaderElection
2019-10-17 02:14:47,278 [b32d7882-88db-4fe6-9cca-6a25122d474d@group-896385CD49EE-LeaderElection174] INFO  impl.LeaderElection (LeaderElection.java:askForVotes(178)) - b32d7882-88db-4fe6-9cca-6a25122d474d@group-896385CD49EE-LeaderElection174: begin an election at term 115 for -1: [b32d7882-88db-4fe6-9cca-6a25122d474d:192.168.157.194:42206, 3aea292b-16fb-4e9b-be90-828afa8e8047:192.168.157.194:34569, a6b2ebfb-69a0-457c-b6cd-a50cc148b564:192.168.157.194:37298], old=null
2019-10-17 02:14:47,281 [grpc-default-executor-0] INFO  impl.RaftServerImpl (RaftServerImpl.java:setRole(184)) - 3aea292b-16fb-4e9b-be90-828afa8e8047@group-896385CD49EE: changes role from  FOLLOWER to FOLLOWER at term 115 for recognizeCandidate:b32d7882-88db-4fe6-9cca-6a25122d474d
2019-10-17 02:14:47,281 [grpc-default-executor-0] INFO  impl.RoleInfo (RoleInfo.java:shutdownFollowerState(121)) - 3aea292b-16fb-4e9b-be90-828afa8e8047: shutdown FollowerState
2019-10-17 02:14:47,281 [grpc-default-executor-2] INFO  impl.RaftServerImpl (RaftServerImpl.java:setRole(184)) - a6b2ebfb-69a0-457c-b6cd-a50cc148b564@group-896385CD49EE: changes role from  FOLLOWER to FOLLOWER at term 115 for recognizeCandidate:b32d7882-88db-4fe6-9cca-6a25122d474d
2019-10-17 02:14:47,281 [Thread-2116] INFO  impl.FollowerState (FollowerState.java:run(117)) - 3aea292b-16fb-4e9b-be90-828afa8e8047@group-896385CD49EE-FollowerState was interrupted: java.lang.InterruptedException: sleep interrupted
2019-10-17 02:14:47,281 [grpc-default-executor-0] INFO  impl.RoleInfo (RoleInfo.java:updateAndGet(143)) - 3aea292b-16fb-4e9b-be90-828afa8e8047: start FollowerState
2019-10-17 02:14:47,281 [grpc-default-executor-2] INFO  impl.RoleInfo (RoleInfo.java:shutdownFollowerState(121)) - a6b2ebfb-69a0-457c-b6cd-a50cc148b564: shutdown FollowerState
2019-10-17 02:14:47,282 [grpc-default-executor-2] INFO  impl.RoleInfo (RoleInfo.java:updateAndGet(143)) - a6b2ebfb-69a0-457c-b6cd-a50cc148b564: start FollowerState
2019-10-17 02:14:47,282 [Thread-2117] INFO  impl.FollowerState (FollowerState.java:run(117)) - a6b2ebfb-69a0-457c-b6cd-a50cc148b564@group-896385CD49EE-FollowerState was interrupted: java.lang.InterruptedException: sleep interrupted
2019-10-17 02:14:47,296 [b32d7882-88db-4fe6-9cca-6a25122d474d@group-896385CD49EE-LeaderElection174] INFO  impl.LeaderElection (LeaderElection.java:logAndReturn(56)) - b32d7882-88db-4fe6-9cca-6a25122d474d@group-896385CD49EE-LeaderElection174: Election REJECTED; received 2 response(s) [b32d7882-88db-4fe6-9cca-6a25122d474d<-3aea292b-16fb-4e9b-be90-828afa8e8047#0:FAIL-t115, b32d7882-88db-4fe6-9cca-6a25122d474d<-a6b2ebfb-69a0-457c-b6cd-a50cc148b564#0:FAIL-t115] and 0 exception(s); b32d7882-88db-4fe6-9cca-6a25122d474d@group-896385CD49EE:t115, leader=null, voted=b32d7882-88db-4fe6-9cca-6a25122d474d, raftlog=b32d7882-88db-4fe6-9cca-6a25122d474d@group-896385CD49EE-SegmentedRaftLog:OPENED:c-1,f-1,i0, conf=-1: [b32d7882-88db-4fe6-9cca-6a25122d474d:192.168.157.194:42206, 3aea292b-16fb-4e9b-be90-828afa8e8047:192.168.157.194:34569, a6b2ebfb-69a0-457c-b6cd-a50cc148b564:192.168.157.194:37298], old=null
2019-10-17 02:14:47,296 [b32d7882-88db-4fe6-9cca-6a25122d474d@group-896385CD49EE-LeaderElection174] INFO  impl.RaftServerImpl (RaftServerImpl.java:setRole(184)) - b32d7882-88db-4fe6-9cca-6a25122d474d@group-896385CD49EE: changes role from CANDIDATE to FOLLOWER at term 115 for DISCOVERED_A_NEW_TERM
2019-10-17 02:14:47,296 [b32d7882-88db-4fe6-9cca-6a25122d474d@group-896385CD49EE-LeaderElection174] INFO  impl.RoleInfo (RoleInfo.java:shutdownLeaderElection(134)) - b32d7882-88db-4fe6-9cca-6a25122d474d: shutdown LeaderElection
2019-10-17 02:14:47,297 [b32d7882-88db-4fe6-9cca-6a25122d474d@group-896385CD49EE-LeaderElection174] INFO  impl.RoleInfo (RoleInfo.java:updateAndGet(143)) - b32d7882-88db-4fe6-9cca-6a25122d474d: start FollowerState
2019-10-17 02:14:47,495 [Thread-2124] INFO  impl.FollowerState (FollowerState.java:run(108)) - b32d7882-88db-4fe6-9cca-6a25122d474d@group-896385CD49EE-FollowerState: change to CANDIDATE, lastRpcTime:198ms, electionTimeout:198ms
2019-10-17 02:14:47,495 [Thread-2124] INFO  impl.RoleInfo (RoleInfo.java:shutdownFollowerState(121)) - b32d7882-88db-4fe6-9cca-6a25122d474d: shutdown FollowerState
2019-10-17 02:14:47,495 [Thread-2124] INFO  impl.RaftServerImpl (RaftServerImpl.java:setRole(184)) - b32d7882-88db-4fe6-9cca-6a25122d474d@group-896385CD49EE: changes role from  FOLLOWER to CANDIDATE at term 115 for changeToCandidate
2019-10-17 02:14:47,496 [Thread-2124] INFO  impl.RoleInfo (RoleInfo.java:updateAndGet(143)) - b32d7882-88db-4fe6-9cca-6a25122d474d: start LeaderElection
2019-10-17 02:14:47,510 [b32d7882-88db-4fe6-9cca-6a25122d474d@group-896385CD49EE-LeaderElection175] INFO  impl.LeaderElection (LeaderElection.java:askForVotes(178)) - b32d7882-88db-4fe6-9cca-6a25122d474d@group-896385CD49EE-LeaderElection175: begin an election at term 116 for -1: [b32d7882-88db-4fe6-9cca-6a25122d474d:192.168.157.194:42206, 3aea292b-16fb-4e9b-be90-828afa8e8047:192.168.157.194:34569, a6b2ebfb-69a0-457c-b6cd-a50cc148b564:192.168.157.194:37298], old=null
2019-10-17 02:14:47,513 [grpc-default-executor-0] INFO  impl.RaftServerImpl (RaftServerImpl.java:setRole(184)) - 3aea292b-16fb-4e9b-be90-828afa8e8047@group-896385CD49EE: changes role from  FOLLOWER to FOLLOWER at term 116 for recognizeCandidate:b32d7882-88db-4fe6-9cca-6a25122d474d
2019-10-17 02:14:47,513 [grpc-default-executor-2] INFO  impl.RaftServerImpl (RaftServerImpl.java:setRole(184)) - a6b2ebfb-69a0-457c-b6cd-a50cc148b564@group-896385CD49EE: changes role from  FOLLOWER to FOLLOWER at term 116 for recognizeCandidate:b32d7882-88db-4fe6-9cca-6a25122d474d
2019-10-17 02:14:47,513 [grpc-default-executor-2] INFO  impl.RoleInfo (RoleInfo.java:shutdownFollowerState(121)) - a6b2ebfb-69a0-457c-b6cd-a50cc148b564: shutdown FollowerState
2019-10-17 02:14:47,513 [grpc-default-executor-0] INFO  impl.RoleInfo (RoleInfo.java:shutdownFollowerState(121)) - 3aea292b-16fb-4e9b-be90-828afa8e8047: shutdown FollowerState
2019-10-17 02:14:47,513 [Thread-2123] INFO  impl.FollowerState (FollowerState.java:run(117)) - a6b2ebfb-69a0-457c-b6cd-a50cc148b564@group-896385CD49EE-FollowerState was interrupted: java.lang.InterruptedException: sleep interrupted
2019-10-17 02:14:47,513 [grpc-default-executor-2] INFO  impl.RoleInfo (RoleInfo.java:updateAndGet(143)) - a6b2ebfb-69a0-457c-b6cd-a50cc148b564: start FollowerState
2019-10-17 02:14:47,514 [Thread-2122] INFO  impl.FollowerState (FollowerState.java:run(117)) - 3aea292b-16fb-4e9b-be90-828afa8e8047@group-896385CD49EE-FollowerState was interrupted: java.lang.InterruptedException: sleep interrupted
2019-10-17 02:14:47,513 [grpc-default-executor-0] INFO  impl.RoleInfo (RoleInfo.java:updateAndGet(143)) - 3aea292b-16fb-4e9b-be90-828afa8e8047: start FollowerState
2019-10-17 02:14:47,552 [b32d7882-88db-4fe6-9cca-6a25122d474d@group-896385CD49EE-LeaderElection175] INFO  impl.LeaderElection (LeaderElection.java:logAndReturn(56)) - b32d7882-88db-4fe6-9cca-6a25122d474d@group-896385CD49EE-LeaderElection175: Election REJECTED; received 2 response(s) [b32d7882-88db-4fe6-9cca-6a25122d474d<-3aea292b-16fb-4e9b-be90-828afa8e8047#0:FAIL-t116, b32d7882-88db-4fe6-9cca-6a25122d474d<-a6b2ebfb-69a0-457c-b6cd-a50cc148b564#0:FAIL-t116] and 0 exception(s); b32d7882-88db-4fe6-9cca-6a25122d474d@group-896385CD49EE:t116, leader=null, voted=b32d7882-88db-4fe6-9cca-6a25122d474d, raftlog=b32d7882-88db-4fe6-9cca-6a25122d474d@group-896385CD49EE-SegmentedRaftLog:OPENED:c-1,f-1,i0, conf=-1: [b32d7882-88db-4fe6-9cca-6a25122d474d:192.168.157.194:42206, 3aea292b-16fb-4e9b-be90-828afa8e8047:192.168.157.194:34569, a6b2ebfb-69a0-457c-b6cd-a50cc148b564:192.168.157.194:37298], old=null
2019-10-17 02:14:47,552 [b32d7882-88db-4fe6-9cca-6a25122d474d@group-896385CD49EE-LeaderElection175] INFO  impl.RaftServerImpl (RaftServerImpl.java:setRole(184)) - b32d7882-88db-4fe6-9cca-6a25122d474d@group-896385CD49EE: changes role from CANDIDATE to FOLLOWER at term 116 for DISCOVERED_A_NEW_TERM
2019-10-17 02:14:47,552 [b32d7882-88db-4fe6-9cca-6a25122d474d@group-896385CD49EE-LeaderElection175] INFO  impl.RoleInfo (RoleInfo.java:shutdownLeaderElection(134)) - b32d7882-88db-4fe6-9cca-6a25122d474d: shutdown LeaderElection
2019-10-17 02:14:47,552 [b32d7882-88db-4fe6-9cca-6a25122d474d@group-896385CD49EE-LeaderElection175] INFO  impl.RoleInfo (RoleInfo.java:updateAndGet(143)) - b32d7882-88db-4fe6-9cca-6a25122d474d: start FollowerState
2019-10-17 02:14:47,563 [Thread-2130] INFO  impl.FollowerState (FollowerState.java:run(108)) - b32d7882-88db-4fe6-9cca-6a25122d474d@group-896385CD49EE-FollowerState: change to CANDIDATE, lastRpcTime:10ms, electionTimeout:10ms
2019-10-17 02:14:47,563 [Thread-2130] INFO  impl.RoleInfo (RoleInfo.java:shutdownFollowerState(121)) - b32d7882-88db-4fe6-9cca-6a25122d474d: shutdown FollowerState
2019-10-17 02:14:47,563 [Thread-2130] INFO  impl.RaftServerImpl (RaftServerImpl.java:setRole(184)) - b32d7882-88db-4fe6-9cca-6a25122d474d@group-896385CD49EE: changes role from  FOLLOWER to CANDIDATE at term 116 for changeToCandidate
2019-10-17 02:14:47,563 [Thread-2130] INFO  impl.RoleInfo (RoleInfo.java:updateAndGet(143)) - b32d7882-88db-4fe6-9cca-6a25122d474d: start LeaderElection
2019-10-17 02:14:47,577 [b32d7882-88db-4fe6-9cca-6a25122d474d@group-896385CD49EE-LeaderElection176] INFO  impl.LeaderElection (LeaderElection.java:askForVotes(178)) - b32d7882-88db-4fe6-9cca-6a25122d474d@group-896385CD49EE-LeaderElection176: begin an election at term 117 for -1: [b32d7882-88db-4fe6-9cca-6a25122d474d:192.168.157.194:42206, 3aea292b-16fb-4e9b-be90-828afa8e8047:192.168.157.194:34569, a6b2ebfb-69a0-457c-b6cd-a50cc148b564:192.168.157.194:37298], old=null
2019-10-17 02:14:47,579 [grpc-default-executor-0] INFO  impl.RaftServerImpl (RaftServerImpl.java:setRole(184)) - 3aea292b-16fb-4e9b-be90-828afa8e8047@group-896385CD49EE: changes role from  FOLLOWER to FOLLOWER at term 117 for recognizeCandidate:b32d7882-88db-4fe6-9cca-6a25122d474d
2019-10-17 02:14:47,579 [grpc-default-executor-0] INFO  impl.RoleInfo (RoleInfo.java:shutdownFollowerState(121)) - 3aea292b-16fb-4e9b-be90-828afa8e8047: shutdown FollowerState
2019-10-17 02:14:47,579 [grpc-default-executor-0] INFO  impl.RoleInfo (RoleInfo.java:updateAndGet(143)) - 3aea292b-16fb-4e9b-be90-828afa8e8047: start FollowerState
2019-10-17 02:14:47,580 [Thread-2129] INFO  impl.FollowerState (FollowerState.java:run(117)) - 3aea292b-16fb-4e9b-be90-828afa8e8047@group-896385CD49EE-FollowerState was interrupted: java.lang.InterruptedException: sleep interrupted
2019-10-17 02:14:47,580 [grpc-default-executor-2] INFO  impl.RaftServerImpl (RaftServerImpl.java:setRole(184)) - a6b2ebfb-69a0-457c-b6cd-a50cc148b564@group-896385CD49EE: changes role from  FOLLOWER to FOLLOWER at term 117 for recognizeCandidate:b32d7882-88db-4fe6-9cca-6a25122d474d
2019-10-17 02:14:47,580 [grpc-default-executor-2] INFO  impl.RoleInfo (RoleInfo.java:shutdownFollowerState(121)) - a6b2ebfb-69a0-457c-b6cd-a50cc148b564: shutdown FollowerState
2019-10-17 02:14:47,580 [grpc-default-executor-2] INFO  impl.RoleInfo (RoleInfo.java:updateAndGet(143)) - a6b2ebfb-69a0-457c-b6cd-a50cc148b564: start FollowerState
2019-10-17 02:14:47,580 [Thread-2128] INFO  impl.FollowerState (FollowerState.java:run(117)) - a6b2ebfb-69a0-457c-b6cd-a50cc148b564@group-896385CD49EE-FollowerState was interrupted: java.lang.InterruptedException: sleep interrupted
2019-10-17 02:14:47,594 [b32d7882-88db-4fe6-9cca-6a25122d474d@group-896385CD49EE-LeaderElection176] INFO  impl.LeaderElection (LeaderElection.java:logAndReturn(56)) - b32d7882-88db-4fe6-9cca-6a25122d474d@group-896385CD49EE-LeaderElection176: Election REJECTED; received 2 response(s) [b32d7882-88db-4fe6-9cca-6a25122d474d<-3aea292b-16fb-4e9b-be90-828afa8e8047#0:FAIL-t117, b32d7882-88db-4fe6-9cca-6a25122d474d<-a6b2ebfb-69a0-457c-b6cd-a50cc148b564#0:FAIL-t117] and 0 exception(s); b32d7882-88db-4fe6-9cca-6a25122d474d@group-896385CD49EE:t117, leader=null, voted=b32d7882-88db-4fe6-9cca-6a25122d474d, raftlog=b32d7882-88db-4fe6-9cca-6a25122d474d@group-896385CD49EE-SegmentedRaftLog:OPENED:c-1,f-1,i0, conf=-1: [b32d7882-88db-4fe6-9cca-6a25122d474d:192.168.157.194:42206, 3aea292b-16fb-4e9b-be90-828afa8e8047:192.168.157.194:34569, a6b2ebfb-69a0-457c-b6cd-a50cc148b564:192.168.157.194:37298], old=null
2019-10-17 02:14:47,594 [b32d7882-88db-4fe6-9cca-6a25122d474d@group-896385CD49EE-LeaderElection176] INFO  impl.RaftServerImpl (RaftServerImpl.java:setRole(184)) - b32d7882-88db-4fe6-9cca-6a25122d474d@group-896385CD49EE: changes role from CANDIDATE to FOLLOWER at term 117 for DISCOVERED_A_NEW_TERM
2019-10-17 02:14:47,595 [b32d7882-88db-4fe6-9cca-6a25122d474d@group-896385CD49EE-LeaderElection176] INFO  impl.RoleInfo (RoleInfo.java:shutdownLeaderElection(134)) - b32d7882-88db-4fe6-9cca-6a25122d474d: shutdown LeaderElection
2019-10-17 02:14:47,595 [b32d7882-88db-4fe6-9cca-6a25122d474d@group-896385CD49EE-LeaderElection176] INFO  impl.RoleInfo (RoleInfo.java:updateAndGet(143)) - b32d7882-88db-4fe6-9cca-6a25122d474d: start FollowerState
2019-10-17 02:14:47,655 [Thread-2136] INFO  impl.FollowerState (FollowerState.java:run(108)) - b32d7882-88db-4fe6-9cca-6a25122d474d@group-896385CD49EE-FollowerState: change to CANDIDATE, lastRpcTime:60ms, electionTimeout:60ms
2019-10-17 02:14:47,655 [Thread-2136] INFO  impl.RoleInfo (RoleInfo.java:shutdownFollowerState(121)) - b32d7882-88db-4fe6-9cca-6a25122d474d: shutdown FollowerState
2019-10-17 02:14:47,656 [Thread-2136] INFO  impl.RaftServerImpl (RaftServerImpl.java:setRole(184)) - b32d7882-88db-4fe6-9cca-6a25122d474d@group-896385CD49EE: changes role from  FOLLOWER to CANDIDATE at term 117 for changeToCandidate
2019-10-17 02:14:47,656 [Thread-2136] INFO  impl.RoleInfo (RoleInfo.java:updateAndGet(143)) - b32d7882-88db-4fe6-9cca-6a25122d474d: start LeaderElection
2019-10-17 02:14:47,669 [b32d7882-88db-4fe6-9cca-6a25122d474d@group-896385CD49EE-LeaderElection177] INFO  impl.LeaderElection (LeaderElection.java:askForVotes(178)) - b32d7882-88db-4fe6-9cca-6a25122d474d@group-896385CD49EE-LeaderElection177: begin an election at term 118 for -1: [b32d7882-88db-4fe6-9cca-6a25122d474d:192.168.157.194:42206, 3aea292b-16fb-4e9b-be90-828afa8e8047:192.168.157.194:34569, a6b2ebfb-69a0-457c-b6cd-a50cc148b564:192.168.157.194:37298], old=null
2019-10-17 02:14:47,672 [grpc-default-executor-0] INFO  impl.RaftServerImpl (RaftServerImpl.java:setRole(184)) - a6b2ebfb-69a0-457c-b6cd-a50cc148b564@group-896385CD49EE: changes role from  FOLLOWER to FOLLOWER at term 118 for recognizeCandidate:b32d7882-88db-4fe6-9cca-6a25122d474d
2019-10-17 02:14:47,672 [grpc-default-executor-0] INFO  impl.RoleInfo (RoleInfo.java:shutdownFollowerState(121)) - a6b2ebfb-69a0-457c-b6cd-a50cc148b564: shutdown FollowerState
2019-10-17 02:14:47,672 [grpc-default-executor-2] INFO  impl.RaftServerImpl (RaftServerImpl.java:setRole(184)) - 3aea292b-16fb-4e9b-be90-828afa8e8047@group-896385CD49EE: changes role from  FOLLOWER to FOLLOWER at term 118 for recognizeCandidate:b32d7882-88db-4fe6-9cca-6a25122d474d
2019-10-17 02:14:47,672 [grpc-default-executor-2] INFO  impl.RoleInfo (RoleInfo.java:shutdownFollowerState(121)) - 3aea292b-16fb-4e9b-be90-828afa8e8047: shutdown FollowerState
2019-10-17 02:14:47,672 [grpc-default-executor-0] INFO  impl.RoleInfo (RoleInfo.java:updateAndGet(143)) - a6b2ebfb-69a0-457c-b6cd-a50cc148b564: start FollowerState
2019-10-17 02:14:47,672 [grpc-default-executor-2] INFO  impl.RoleInfo (RoleInfo.java:updateAndGet(143)) - 3aea292b-16fb-4e9b-be90-828afa8e8047: start FollowerState
2019-10-17 02:14:47,672 [Thread-2135] INFO  impl.FollowerState (FollowerState.java:run(117)) - a6b2ebfb-69a0-457c-b6cd-a50cc148b564@group-896385CD49EE-FollowerState was interrupted: java.lang.InterruptedException: sleep interrupted
2019-10-17 02:14:47,673 [Thread-2134] INFO  impl.FollowerState (FollowerState.java:run(117)) - 3aea292b-16fb-4e9b-be90-828afa8e8047@group-896385CD49EE-FollowerState was interrupted: java.lang.InterruptedException: sleep interrupted
2019-10-17 02:14:47,687 [b32d7882-88db-4fe6-9cca-6a25122d474d@group-896385CD49EE-LeaderElection177] INFO  impl.LeaderElection (LeaderElection.java:logAndReturn(56)) - b32d7882-88db-4fe6-9cca-6a25122d474d@group-896385CD49EE-LeaderElection177: Election REJECTED; received 2 response(s) [b32d7882-88db-4fe6-9cca-6a25122d474d<-3aea292b-16fb-4e9b-be90-828afa8e8047#0:FAIL-t118, b32d7882-88db-4fe6-9cca-6a25122d474d<-a6b2ebfb-69a0-457c-b6cd-a50cc148b564#0:FAIL-t118] and 0 exception(s); b32d7882-88db-4fe6-9cca-6a25122d474d@group-896385CD49EE:t118, leader=null, voted=b32d7882-88db-4fe6-9cca-6a25122d474d, raftlog=b32d7882-88db-4fe6-9cca-6a25122d474d@group-896385CD49EE-SegmentedRaftLog:OPENED:c-1,f-1,i0, conf=-1: [b32d7882-88db-4fe6-9cca-6a25122d474d:192.168.157.194:42206, 3aea292b-16fb-4e9b-be90-828afa8e8047:192.168.157.194:34569, a6b2ebfb-69a0-457c-b6cd-a50cc148b564:192.168.157.194:37298], old=null
2019-10-17 02:14:47,687 [b32d7882-88db-4fe6-9cca-6a25122d474d@group-896385CD49EE-LeaderElection177] INFO  impl.RaftServerImpl (RaftServerImpl.java:setRole(184)) - b32d7882-88db-4fe6-9cca-6a25122d474d@group-896385CD49EE: changes role from CANDIDATE to FOLLOWER at term 118 for DISCOVERED_A_NEW_TERM
2019-10-17 02:14:47,687 [b32d7882-88db-4fe6-9cca-6a25122d474d@group-896385CD49EE-LeaderElection177] INFO  impl.RoleInfo (RoleInfo.java:shutdownLeaderElection(134)) - b32d7882-88db-4fe6-9cca-6a25122d474d: shutdown LeaderElection
2019-10-17 02:14:47,687 [b32d7882-88db-4fe6-9cca-6a25122d474d@group-896385CD49EE-LeaderElection177] INFO  impl.RoleInfo (RoleInfo.java:updateAndGet(143)) - b32d7882-88db-4fe6-9cca-6a25122d474d: start FollowerState
2019-10-17 02:14:47,828 [Thread-2142] INFO  impl.FollowerState (FollowerState.java:run(108)) - b32d7882-88db-4fe6-9cca-6a25122d474d@group-896385CD49EE-FollowerState: change to CANDIDATE, lastRpcTime:140ms, electionTimeout:140ms
2019-10-17 02:14:47,828 [Thread-2142] INFO  impl.RoleInfo (RoleInfo.java:shutdownFollowerState(121)) - b32d7882-88db-4fe6-9cca-6a25122d474d: shutdown FollowerState
2019-10-17 02:14:47,828 [Thread-2142] INFO  impl.RaftServerImpl (RaftServerImpl.java:setRole(184)) - b32d7882-88db-4fe6-9cca-6a25122d474d@group-896385CD49EE: changes role from  FOLLOWER to CANDIDATE at term 118 for changeToCandidate
2019-10-17 02:14:47,828 [Thread-2142] INFO  impl.RoleInfo (RoleInfo.java:updateAndGet(143)) - b32d7882-88db-4fe6-9cca-6a25122d474d: start LeaderElection
2019-10-17 02:14:47,843 [b32d7882-88db-4fe6-9cca-6a25122d474d@group-896385CD49EE-LeaderElection178] INFO  impl.LeaderElection (LeaderElection.java:askForVotes(178)) - b32d7882-88db-4fe6-9cca-6a25122d474d@group-896385CD49EE-LeaderElection178: begin an election at term 119 for -1: [b32d7882-88db-4fe6-9cca-6a25122d474d:192.168.157.194:42206, 3aea292b-16fb-4e9b-be90-828afa8e8047:192.168.157.194:34569, a6b2ebfb-69a0-457c-b6cd-a50cc148b564:192.168.157.194:37298], old=null
2019-10-17 02:14:47,846 [grpc-default-executor-0] INFO  impl.RaftServerImpl (RaftServerImpl.java:setRole(184)) - 3aea292b-16fb-4e9b-be90-828afa8e8047@group-896385CD49EE: changes role from  FOLLOWER to FOLLOWER at term 119 for recognizeCandidate:b32d7882-88db-4fe6-9cca-6a25122d474d
2019-10-17 02:14:47,846 [grpc-default-executor-0] INFO  impl.RoleInfo (RoleInfo.java:shutdownFollowerState(121)) - 3aea292b-16fb-4e9b-be90-828afa8e8047: shutdown FollowerState
2019-10-17 02:14:47,846 [grpc-default-executor-0] INFO  impl.RoleInfo (RoleInfo.java:updateAndGet(143)) - 3aea292b-16fb-4e9b-be90-828afa8e8047: start FollowerState
2019-10-17 02:14:47,846 [Thread-2141] INFO  impl.FollowerState (FollowerState.java:run(117)) - 3aea292b-16fb-4e9b-be90-828afa8e8047@group-896385CD49EE-FollowerState was interrupted: java.lang.InterruptedException: sleep interrupted
2019-10-17 02:14:47,846 [grpc-default-executor-2] INFO  impl.RaftServerImpl (RaftServerImpl.java:setRole(184)) - a6b2ebfb-69a0-457c-b6cd-a50cc148b564@group-896385CD49EE: changes role from  FOLLOWER to FOLLOWER at term 119 for recognizeCandidate:b32d7882-88db-4fe6-9cca-6a25122d474d
2019-10-17 02:14:47,847 [grpc-default-executor-2] INFO  impl.RoleInfo (RoleInfo.java:shutdownFollowerState(121)) - a6b2ebfb-69a0-457c-b6cd-a50cc148b564: shutdown FollowerState
2019-10-17 02:14:47,847 [grpc-default-executor-2] INFO  impl.RoleInfo (RoleInfo.java:updateAndGet(143)) - a6b2ebfb-69a0-457c-b6cd-a50cc148b564: start FollowerState
2019-10-17 02:14:47,847 [Thread-2140] INFO  impl.FollowerState (FollowerState.java:run(117)) - a6b2ebfb-69a0-457c-b6cd-a50cc148b564@group-896385CD49EE-FollowerState was interrupted: java.lang.InterruptedException: sleep interrupted
2019-10-17 02:14:47,861 [b32d7882-88db-4fe6-9cca-6a25122d474d@group-896385CD49EE-LeaderElection178] INFO  impl.LeaderElection (LeaderElection.java:logAndReturn(56)) - b32d7882-88db-4fe6-9cca-6a25122d474d@group-896385CD49EE-LeaderElection178: Election REJECTED; received 2 response(s) [b32d7882-88db-4fe6-9cca-6a25122d474d<-3aea292b-16fb-4e9b-be90-828afa8e8047#0:FAIL-t119, b32d7882-88db-4fe6-9cca-6a25122d474d<-a6b2ebfb-69a0-457c-b6cd-a50cc148b564#0:FAIL-t119] and 0 exception(s); b32d7882-88db-4fe6-9cca-6a25122d474d@group-896385CD49EE:t119, leader=null, voted=b32d7882-88db-4fe6-9cca-6a25122d474d, raftlog=b32d7882-88db-4fe6-9cca-6a25122d474d@group-896385CD49EE-SegmentedRaftLog:OPENED:c-1,f-1,i0, conf=-1: [b32d7882-88db-4fe6-9cca-6a25122d474d:192.168.157.194:42206, 3aea292b-16fb-4e9b-be90-828afa8e8047:192.168.157.194:34569, a6b2ebfb-69a0-457c-b6cd-a50cc148b564:192.168.157.194:37298], old=null
2019-10-17 02:14:47,861 [b32d7882-88db-4fe6-9cca-6a25122d474d@group-896385CD49EE-LeaderElection178] INFO  impl.RaftServerImpl (RaftServerImpl.java:setRole(184)) - b32d7882-88db-4fe6-9cca-6a25122d474d@group-896385CD49EE: changes role from CANDIDATE to FOLLOWER at term 119 for DISCOVERED_A_NEW_TERM
2019-10-17 02:14:47,861 [b32d7882-88db-4fe6-9cca-6a25122d474d@group-896385CD49EE-LeaderElection178] INFO  impl.RoleInfo (RoleInfo.java:shutdownLeaderElection(134)) - b32d7882-88db-4fe6-9cca-6a25122d474d: shutdown LeaderElection
2019-10-17 02:14:47,861 [b32d7882-88db-4fe6-9cca-6a25122d474d@group-896385CD49EE-LeaderElection178] INFO  impl.RoleInfo (RoleInfo.java:updateAndGet(143)) - b32d7882-88db-4fe6-9cca-6a25122d474d: start FollowerState
2019-10-17 02:14:47,871 [Thread-2148] INFO  impl.FollowerState (FollowerState.java:run(108)) - b32d7882-88db-4fe6-9cca-6a25122d474d@group-896385CD49EE-FollowerState: change to CANDIDATE, lastRpcTime:9ms, electionTimeout:9ms
2019-10-17 02:14:47,871 [Thread-2148] INFO  impl.RoleInfo (RoleInfo.java:shutdownFollowerState(121)) - b32d7882-88db-4fe6-9cca-6a25122d474d: shutdown FollowerState
2019-10-17 02:14:47,871 [Thread-2148] INFO  impl.RaftServerImpl (RaftServerImpl.java:setRole(184)) - b32d7882-88db-4fe6-9cca-6a25122d474d@group-896385CD49EE: changes role from  FOLLOWER to CANDIDATE at term 119 for changeToCandidate
2019-10-17 02:14:47,871 [Thread-2148] INFO  impl.RoleInfo (RoleInfo.java:updateAndGet(143)) - b32d7882-88db-4fe6-9cca-6a25122d474d: start LeaderElection
2019-10-17 02:14:47,886 [b32d7882-88db-4fe6-9cca-6a25122d474d@group-896385CD49EE-LeaderElection179] INFO  impl.LeaderElection (LeaderElection.java:askForVotes(178)) - b32d7882-88db-4fe6-9cca-6a25122d474d@group-896385CD49EE-LeaderElection179: begin an election at term 120 for -1: [b32d7882-88db-4fe6-9cca-6a25122d474d:192.168.157.194:42206, 3aea292b-16fb-4e9b-be90-828afa8e8047:192.168.157.194:34569, a6b2ebfb-69a0-457c-b6cd-a50cc148b564:192.168.157.194:37298], old=null
2019-10-17 02:14:47,888 [grpc-default-executor-0] INFO  impl.RaftServerImpl (RaftServerImpl.java:setRole(184)) - 3aea292b-16fb-4e9b-be90-828afa8e8047@group-896385CD49EE: changes role from  FOLLOWER to FOLLOWER at term 120 for recognizeCandidate:b32d7882-88db-4fe6-9cca-6a25122d474d
2019-10-17 02:14:47,888 [grpc-default-executor-0] INFO  impl.RoleInfo (RoleInfo.java:shutdownFollowerState(121)) - 3aea292b-16fb-4e9b-be90-828afa8e8047: shutdown FollowerState
2019-10-17 02:14:47,889 [grpc-default-executor-0] INFO  impl.RoleInfo (RoleInfo.java:updateAndGet(143)) - 3aea292b-16fb-4e9b-be90-828afa8e8047: start FollowerState
2019-10-17 02:14:47,889 [grpc-default-executor-2] INFO  impl.RaftServerImpl (RaftServerImpl.java:setRole(184)) - a6b2ebfb-69a0-457c-b6cd-a50cc148b564@group-896385CD49EE: changes role from  FOLLOWER to FOLLOWER at term 120 for recognizeCandidate:b32d7882-88db-4fe6-9cca-6a25122d474d
2019-10-17 02:14:47,889 [Thread-2146] INFO  impl.FollowerState (FollowerState.java:run(117)) - 3aea292b-16fb-4e9b-be90-828afa8e8047@group-896385CD49EE-FollowerState was interrupted: java.lang.InterruptedException: sleep interrupted
2019-10-17 02:14:47,889 [grpc-default-executor-2] INFO  impl.RoleInfo (RoleInfo.java:shutdownFollowerState(121)) - a6b2ebfb-69a0-457c-b6cd-a50cc148b564: shutdown FollowerState
2019-10-17 02:14:47,889 [grpc-default-executor-2] INFO  impl.RoleInfo (RoleInfo.java:updateAndGet(143)) - a6b2ebfb-69a0-457c-b6cd-a50cc148b564: start FollowerState
2019-10-17 02:14:47,889 [Thread-2147] INFO  impl.FollowerState (FollowerState.java:run(117)) - a6b2ebfb-69a0-457c-b6cd-a50cc148b564@group-896385CD49EE-FollowerState was interrupted: java.lang.InterruptedException: sleep interrupted
2019-10-17 02:14:47,904 [b32d7882-88db-4fe6-9cca-6a25122d474d@group-896385CD49EE-LeaderElection179] INFO  impl.LeaderElection (LeaderElection.java:logAndReturn(56)) - b32d7882-88db-4fe6-9cca-6a25122d474d@group-896385CD49EE-LeaderElection179: Election REJECTED; received 2 response(s) [b32d7882-88db-4fe6-9cca-6a25122d474d<-3aea292b-16fb-4e9b-be90-828afa8e8047#0:FAIL-t120, b32d7882-88db-4fe6-9cca-6a25122d474d<-a6b2ebfb-69a0-457c-b6cd-a50cc148b564#0:FAIL-t120] and 0 exception(s); b32d7882-88db-4fe6-9cca-6a25122d474d@group-896385CD49EE:t120, leader=null, voted=b32d7882-88db-4fe6-9cca-6a25122d474d, raftlog=b32d7882-88db-4fe6-9cca-6a25122d474d@group-896385CD49EE-SegmentedRaftLog:OPENED:c-1,f-1,i0, conf=-1: [b32d7882-88db-4fe6-9cca-6a25122d474d:192.168.157.194:42206, 3aea292b-16fb-4e9b-be90-828afa8e8047:192.168.157.194:34569, a6b2ebfb-69a0-457c-b6cd-a50cc148b564:192.168.157.194:37298], old=null
2019-10-17 02:14:47,904 [b32d7882-88db-4fe6-9cca-6a25122d474d@group-896385CD49EE-LeaderElection179] INFO  impl.RaftServerImpl (RaftServerImpl.java:setRole(184)) - b32d7882-88db-4fe6-9cca-6a25122d474d@group-896385CD49EE: changes role from CANDIDATE to FOLLOWER at term 120 for DISCOVERED_A_NEW_TERM
2019-10-17 02:14:47,904 [b32d7882-88db-4fe6-9cca-6a25122d474d@group-896385CD49EE-LeaderElection179] INFO  impl.RoleInfo (RoleInfo.java:shutdownLeaderElection(134)) - b32d7882-88db-4fe6-9cca-6a25122d474d: shutdown LeaderElection
2019-10-17 02:14:47,904 [b32d7882-88db-4fe6-9cca-6a25122d474d@group-896385CD49EE-LeaderElection179] INFO  impl.RoleInfo (RoleInfo.java:updateAndGet(143)) - b32d7882-88db-4fe6-9cca-6a25122d474d: start FollowerState
2019-10-17 02:14:47,940 [Thread-2154] INFO  impl.FollowerState (FollowerState.java:run(108)) - b32d7882-88db-4fe6-9cca-6a25122d474d@group-896385CD49EE-FollowerState: change to CANDIDATE, lastRpcTime:35ms, electionTimeout:35ms
2019-10-17 02:14:47,940 [Thread-2154] INFO  impl.RoleInfo (RoleInfo.java:shutdownFollowerState(121)) - b32d7882-88db-4fe6-9cca-6a25122d474d: shutdown FollowerState
2019-10-17 02:14:47,940 [Thread-2154] INFO  impl.RaftServerImpl (RaftServerImpl.java:setRole(184)) - b32d7882-88db-4fe6-9cca-6a25122d474d@group-896385CD49EE: changes role from  FOLLOWER to CANDIDATE at term 120 for changeToCandidate
2019-10-17 02:14:47,940 [Thread-2154] INFO  impl.RoleInfo (RoleInfo.java:updateAndGet(143)) - b32d7882-88db-4fe6-9cca-6a25122d474d: start LeaderElection
2019-10-17 02:14:47,955 [b32d7882-88db-4fe6-9cca-6a25122d474d@group-896385CD49EE-LeaderElection180] INFO  impl.LeaderElection (LeaderElection.java:askForVotes(178)) - b32d7882-88db-4fe6-9cca-6a25122d474d@group-896385CD49EE-LeaderElection180: begin an election at term 121 for -1: [b32d7882-88db-4fe6-9cca-6a25122d474d:192.168.157.194:42206, 3aea292b-16fb-4e9b-be90-828afa8e8047:192.168.157.194:34569, a6b2ebfb-69a0-457c-b6cd-a50cc148b564:192.168.157.194:37298], old=null
2019-10-17 02:14:47,957 [grpc-default-executor-2] INFO  impl.RaftServerImpl (RaftServerImpl.java:setRole(184)) - 3aea292b-16fb-4e9b-be90-828afa8e8047@group-896385CD49EE: changes role from  FOLLOWER to FOLLOWER at term 121 for recognizeCandidate:b32d7882-88db-4fe6-9cca-6a25122d474d
2019-10-17 02:14:47,957 [grpc-default-executor-2] INFO  impl.RoleInfo (RoleInfo.java:shutdownFollowerState(121)) - 3aea292b-16fb-4e9b-be90-828afa8e8047: shutdown FollowerState
2019-10-17 02:14:47,957 [grpc-default-executor-2] INFO  impl.RoleInfo (RoleInfo.java:updateAndGet(143)) - 3aea292b-16fb-4e9b-be90-828afa8e8047: start FollowerState
2019-10-17 02:14:47,958 [Thread-2152] INFO  impl.FollowerState (FollowerState.java:run(117)) - 3aea292b-16fb-4e9b-be90-828afa8e8047@group-896385CD49EE-FollowerState was interrupted: java.lang.InterruptedException: sleep interrupted
2019-10-17 02:14:47,958 [grpc-default-executor-0] INFO  impl.RaftServerImpl (RaftServerImpl.java:setRole(184)) - a6b2ebfb-69a0-457c-b6cd-a50cc148b564@group-896385CD49EE: changes role from  FOLLOWER to FOLLOWER at term 121 for recognizeCandidate:b32d7882-88db-4fe6-9cca-6a25122d474d
2019-10-17 02:14:47,958 [grpc-default-executor-0] INFO  impl.RoleInfo (RoleInfo.java:shutdownFollowerState(121)) - a6b2ebfb-69a0-457c-b6cd-a50cc148b564: shutdown FollowerState
2019-10-17 02:14:47,958 [grpc-default-executor-0] INFO  impl.RoleInfo (RoleInfo.java:updateAndGet(143)) - a6b2ebfb-69a0-457c-b6cd-a50cc148b564: start FollowerState
2019-10-17 02:14:47,958 [Thread-2153] INFO  impl.FollowerState (FollowerState.java:run(117)) - a6b2ebfb-69a0-457c-b6cd-a50cc148b564@group-896385CD49EE-FollowerState was interrupted: java.lang.InterruptedException: sleep interrupted
2019-10-17 02:14:47,972 [b32d7882-88db-4fe6-9cca-6a25122d474d@group-896385CD49EE-LeaderElection180] INFO  impl.LeaderElection (LeaderElection.java:logAndReturn(56)) - b32d7882-88db-4fe6-9cca-6a25122d474d@group-896385CD49EE-LeaderElection180: Election REJECTED; received 2 response(s) [b32d7882-88db-4fe6-9cca-6a25122d474d<-3aea292b-16fb-4e9b-be90-828afa8e8047#0:FAIL-t121, b32d7882-88db-4fe6-9cca-6a25122d474d<-a6b2ebfb-69a0-457c-b6cd-a50cc148b564#0:FAIL-t121] and 0 exception(s); b32d7882-88db-4fe6-9cca-6a25122d474d@group-896385CD49EE:t121, leader=null, voted=b32d7882-88db-4fe6-9cca-6a25122d474d, raftlog=b32d7882-88db-4fe6-9cca-6a25122d474d@group-896385CD49EE-SegmentedRaftLog:OPENED:c-1,f-1,i0, conf=-1: [b32d7882-88db-4fe6-9cca-6a25122d474d:192.168.157.194:42206, 3aea292b-16fb-4e9b-be90-828afa8e8047:192.168.157.194:34569, a6b2ebfb-69a0-457c-b6cd-a50cc148b564:192.168.157.194:37298], old=null
2019-10-17 02:14:47,972 [b32d7882-88db-4fe6-9cca-6a25122d474d@group-896385CD49EE-LeaderElection180] INFO  impl.RaftServerImpl (RaftServerImpl.java:setRole(184)) - b32d7882-88db-4fe6-9cca-6a25122d474d@group-896385CD49EE: changes role from CANDIDATE to FOLLOWER at term 121 for DISCOVERED_A_NEW_TERM
2019-10-17 02:14:47,972 [b32d7882-88db-4fe6-9cca-6a25122d474d@group-896385CD49EE-LeaderElection180] INFO  impl.RoleInfo (RoleInfo.java:shutdownLeaderElection(134)) - b32d7882-88db-4fe6-9cca-6a25122d474d: shutdown LeaderElection
2019-10-17 02:14:47,972 [b32d7882-88db-4fe6-9cca-6a25122d474d@group-896385CD49EE-LeaderElection180] INFO  impl.RoleInfo (RoleInfo.java:updateAndGet(143)) - b32d7882-88db-4fe6-9cca-6a25122d474d: start FollowerState
2019-10-17 02:14:48,136 [main] INFO  ozone.MiniOzoneClusterImpl (MiniOzoneClusterImpl.java:lambda$waitForClusterToBeReady$2(164)) - Waiting for 1 number of pipelines out of 4, to report a leader.
2019-10-17 02:14:48,154 [Thread-2160] INFO  impl.FollowerState (FollowerState.java:run(108)) - b32d7882-88db-4fe6-9cca-6a25122d474d@group-896385CD49EE-FollowerState: change to CANDIDATE, lastRpcTime:181ms, electionTimeout:181ms
2019-10-17 02:14:48,154 [Thread-2160] INFO  impl.RoleInfo (RoleInfo.java:shutdownFollowerState(121)) - b32d7882-88db-4fe6-9cca-6a25122d474d: shutdown FollowerState
2019-10-17 02:14:48,154 [Thread-2160] INFO  impl.RaftServerImpl (RaftServerImpl.java:setRole(184)) - b32d7882-88db-4fe6-9cca-6a25122d474d@group-896385CD49EE: changes role from  FOLLOWER to CANDIDATE at term 121 for changeToCandidate
2019-10-17 02:14:48,154 [Thread-2160] INFO  impl.RoleInfo (RoleInfo.java:updateAndGet(143)) - b32d7882-88db-4fe6-9cca-6a25122d474d: start LeaderElection
2019-10-17 02:14:48,168 [b32d7882-88db-4fe6-9cca-6a25122d474d@group-896385CD49EE-LeaderElection181] INFO  impl.LeaderElection (LeaderElection.java:askForVotes(178)) - b32d7882-88db-4fe6-9cca-6a25122d474d@group-896385CD49EE-LeaderElection181: begin an election at term 122 for -1: [b32d7882-88db-4fe6-9cca-6a25122d474d:192.168.157.194:42206, 3aea292b-16fb-4e9b-be90-828afa8e8047:192.168.157.194:34569, a6b2ebfb-69a0-457c-b6cd-a50cc148b564:192.168.157.194:37298], old=null
2019-10-17 02:14:48,170 [grpc-default-executor-2] INFO  impl.RaftServerImpl (RaftServerImpl.java:setRole(184)) - 3aea292b-16fb-4e9b-be90-828afa8e8047@group-896385CD49EE: changes role from  FOLLOWER to FOLLOWER at term 122 for recognizeCandidate:b32d7882-88db-4fe6-9cca-6a25122d474d
2019-10-17 02:14:48,170 [grpc-default-executor-2] INFO  impl.RoleInfo (RoleInfo.java:shutdownFollowerState(121)) - 3aea292b-16fb-4e9b-be90-828afa8e8047: shutdown FollowerState
2019-10-17 02:14:48,170 [grpc-default-executor-0] INFO  impl.RaftServerImpl (RaftServerImpl.java:setRole(184)) - a6b2ebfb-69a0-457c-b6cd-a50cc148b564@group-896385CD49EE: changes role from  FOLLOWER to FOLLOWER at term 122 for recognizeCandidate:b32d7882-88db-4fe6-9cca-6a25122d474d
2019-10-17 02:14:48,170 [grpc-default-executor-2] INFO  impl.RoleInfo (RoleInfo.java:updateAndGet(143)) - 3aea292b-16fb-4e9b-be90-828afa8e8047: start FollowerState
2019-10-17 02:14:48,170 [Thread-2158] INFO  impl.FollowerState (FollowerState.java:run(117)) - 3aea292b-16fb-4e9b-be90-828afa8e8047@group-896385CD49EE-FollowerState was interrupted: java.lang.InterruptedException: sleep interrupted
2019-10-17 02:14:48,170 [grpc-default-executor-0] INFO  impl.RoleInfo (RoleInfo.java:shutdownFollowerState(121)) - a6b2ebfb-69a0-457c-b6cd-a50cc148b564: shutdown FollowerState
2019-10-17 02:14:48,171 [grpc-default-executor-0] INFO  impl.RoleInfo (RoleInfo.java:updateAndGet(143)) - a6b2ebfb-69a0-457c-b6cd-a50cc148b564: start FollowerState
2019-10-17 02:14:48,171 [Thread-2159] INFO  impl.FollowerState (FollowerState.java:run(117)) - a6b2ebfb-69a0-457c-b6cd-a50cc148b564@group-896385CD49EE-FollowerState was interrupted: java.lang.InterruptedException: sleep interrupted
2019-10-17 02:14:48,185 [b32d7882-88db-4fe6-9cca-6a25122d474d@group-896385CD49EE-LeaderElection181] INFO  impl.LeaderElection (LeaderElection.java:logAndReturn(56)) - b32d7882-88db-4fe6-9cca-6a25122d474d@group-896385CD49EE-LeaderElection181: Election REJECTED; received 2 response(s) [b32d7882-88db-4fe6-9cca-6a25122d474d<-3aea292b-16fb-4e9b-be90-828afa8e8047#0:FAIL-t122, b32d7882-88db-4fe6-9cca-6a25122d474d<-a6b2ebfb-69a0-457c-b6cd-a50cc148b564#0:FAIL-t122] and 0 exception(s); b32d7882-88db-4fe6-9cca-6a25122d474d@group-896385CD49EE:t122, leader=null, voted=b32d7882-88db-4fe6-9cca-6a25122d474d, raftlog=b32d7882-88db-4fe6-9cca-6a25122d474d@group-896385CD49EE-SegmentedRaftLog:OPENED:c-1,f-1,i0, conf=-1: [b32d7882-88db-4fe6-9cca-6a25122d474d:192.168.157.194:42206, 3aea292b-16fb-4e9b-be90-828afa8e8047:192.168.157.194:34569, a6b2ebfb-69a0-457c-b6cd-a50cc148b564:192.168.157.194:37298], old=null
2019-10-17 02:14:48,185 [b32d7882-88db-4fe6-9cca-6a25122d474d@group-896385CD49EE-LeaderElection181] INFO  impl.RaftServerImpl (RaftServerImpl.java:setRole(184)) - b32d7882-88db-4fe6-9cca-6a25122d474d@group-896385CD49EE: changes role from CANDIDATE to FOLLOWER at term 122 for DISCOVERED_A_NEW_TERM
2019-10-17 02:14:48,185 [b32d7882-88db-4fe6-9cca-6a25122d474d@group-896385CD49EE-LeaderElection181] INFO  impl.RoleInfo (RoleInfo.java:shutdownLeaderElection(134)) - b32d7882-88db-4fe6-9cca-6a25122d474d: shutdown LeaderElection
2019-10-17 02:14:48,185 [b32d7882-88db-4fe6-9cca-6a25122d474d@group-896385CD49EE-LeaderElection181] INFO  impl.RoleInfo (RoleInfo.java:updateAndGet(143)) - b32d7882-88db-4fe6-9cca-6a25122d474d: start FollowerState
2019-10-17 02:14:48,245 [Thread-2166] INFO  impl.FollowerState (FollowerState.java:run(108)) - b32d7882-88db-4fe6-9cca-6a25122d474d@group-896385CD49EE-FollowerState: change to CANDIDATE, lastRpcTime:59ms, electionTimeout:59ms
2019-10-17 02:14:48,245 [Thread-2166] INFO  impl.RoleInfo (RoleInfo.java:shutdownFollowerState(121)) - b32d7882-88db-4fe6-9cca-6a25122d474d: shutdown FollowerState
2019-10-17 02:14:48,245 [Thread-2166] INFO  impl.RaftServerImpl (RaftServerImpl.java:setRole(184)) - b32d7882-88db-4fe6-9cca-6a25122d474d@group-896385CD49EE: changes role from  FOLLOWER to CANDIDATE at term 122 for changeToCandidate
2019-10-17 02:14:48,245 [Thread-2166] INFO  impl.RoleInfo (RoleInfo.java:updateAndGet(143)) - b32d7882-88db-4fe6-9cca-6a25122d474d: start LeaderElection
2019-10-17 02:14:48,259 [b32d7882-88db-4fe6-9cca-6a25122d474d@group-896385CD49EE-LeaderElection182] INFO  impl.LeaderElection (LeaderElection.java:askForVotes(178)) - b32d7882-88db-4fe6-9cca-6a25122d474d@group-896385CD49EE-LeaderElection182: begin an election at term 123 for -1: [b32d7882-88db-4fe6-9cca-6a25122d474d:192.168.157.194:42206, 3aea292b-16fb-4e9b-be90-828afa8e8047:192.168.157.194:34569, a6b2ebfb-69a0-457c-b6cd-a50cc148b564:192.168.157.194:37298], old=null
2019-10-17 02:14:48,261 [grpc-default-executor-2] INFO  impl.RaftServerImpl (RaftServerImpl.java:setRole(184)) - 3aea292b-16fb-4e9b-be90-828afa8e8047@group-896385CD49EE: changes role from  FOLLOWER to FOLLOWER at term 123 for recognizeCandidate:b32d7882-88db-4fe6-9cca-6a25122d474d
2019-10-17 02:14:48,261 [grpc-default-executor-2] INFO  impl.RoleInfo (RoleInfo.java:shutdownFollowerState(121)) - 3aea292b-16fb-4e9b-be90-828afa8e8047: shutdown FollowerState
2019-10-17 02:14:48,261 [grpc-default-executor-2] INFO  impl.RoleInfo (RoleInfo.java:updateAndGet(143)) - 3aea292b-16fb-4e9b-be90-828afa8e8047: start FollowerState
2019-10-17 02:14:48,262 [Thread-2164] INFO  impl.FollowerState (FollowerState.java:run(117)) - 3aea292b-16fb-4e9b-be90-828afa8e8047@group-896385CD49EE-FollowerState was interrupted: java.lang.InterruptedException: sleep interrupted
2019-10-17 02:14:48,262 [grpc-default-executor-0] INFO  impl.RaftServerImpl (RaftServerImpl.java:setRole(184)) - a6b2ebfb-69a0-457c-b6cd-a50cc148b564@group-896385CD49EE: changes role from  FOLLOWER to FOLLOWER at term 123 for recognizeCandidate:b32d7882-88db-4fe6-9cca-6a25122d474d
2019-10-17 02:14:48,262 [grpc-default-executor-0] INFO  impl.RoleInfo (RoleInfo.java:shutdownFollowerState(121)) - a6b2ebfb-69a0-457c-b6cd-a50cc148b564: shutdown FollowerState
2019-10-17 02:14:48,262 [grpc-default-executor-0] INFO  impl.RoleInfo (RoleInfo.java:updateAndGet(143)) - a6b2ebfb-69a0-457c-b6cd-a50cc148b564: start FollowerState
2019-10-17 02:14:48,262 [Thread-2165] INFO  impl.FollowerState (FollowerState.java:run(117)) - a6b2ebfb-69a0-457c-b6cd-a50cc148b564@group-896385CD49EE-FollowerState was interrupted: java.lang.InterruptedException: sleep interrupted
2019-10-17 02:14:48,276 [b32d7882-88db-4fe6-9cca-6a25122d474d@group-896385CD49EE-LeaderElection182] INFO  impl.LeaderElection (LeaderElection.java:logAndReturn(56)) - b32d7882-88db-4fe6-9cca-6a25122d474d@group-896385CD49EE-LeaderElection182: Election REJECTED; received 2 response(s) [b32d7882-88db-4fe6-9cca-6a25122d474d<-3aea292b-16fb-4e9b-be90-828afa8e8047#0:FAIL-t123, b32d7882-88db-4fe6-9cca-6a25122d474d<-a6b2ebfb-69a0-457c-b6cd-a50cc148b564#0:FAIL-t123] and 0 exception(s); b32d7882-88db-4fe6-9cca-6a25122d474d@group-896385CD49EE:t123, leader=null, voted=b32d7882-88db-4fe6-9cca-6a25122d474d, raftlog=b32d7882-88db-4fe6-9cca-6a25122d474d@group-896385CD49EE-SegmentedRaftLog:OPENED:c-1,f-1,i0, conf=-1: [b32d7882-88db-4fe6-9cca-6a25122d474d:192.168.157.194:42206, 3aea292b-16fb-4e9b-be90-828afa8e8047:192.168.157.194:34569, a6b2ebfb-69a0-457c-b6cd-a50cc148b564:192.168.157.194:37298], old=null
2019-10-17 02:14:48,277 [b32d7882-88db-4fe6-9cca-6a25122d474d@group-896385CD49EE-LeaderElection182] INFO  impl.RaftServerImpl (RaftServerImpl.java:setRole(184)) - b32d7882-88db-4fe6-9cca-6a25122d474d@group-896385CD49EE: changes role from CANDIDATE to FOLLOWER at term 123 for DISCOVERED_A_NEW_TERM
2019-10-17 02:14:48,277 [b32d7882-88db-4fe6-9cca-6a25122d474d@group-896385CD49EE-LeaderElection182] INFO  impl.RoleInfo (RoleInfo.java:shutdownLeaderElection(134)) - b32d7882-88db-4fe6-9cca-6a25122d474d: shutdown LeaderElection
2019-10-17 02:14:48,277 [b32d7882-88db-4fe6-9cca-6a25122d474d@group-896385CD49EE-LeaderElection182] INFO  impl.RoleInfo (RoleInfo.java:updateAndGet(143)) - b32d7882-88db-4fe6-9cca-6a25122d474d: start FollowerState
2019-10-17 02:14:48,434 [Thread-2172] INFO  impl.FollowerState (FollowerState.java:run(108)) - b32d7882-88db-4fe6-9cca-6a25122d474d@group-896385CD49EE-FollowerState: change to CANDIDATE, lastRpcTime:156ms, electionTimeout:156ms
2019-10-17 02:14:48,434 [Thread-2172] INFO  impl.RoleInfo (RoleInfo.java:shutdownFollowerState(121)) - b32d7882-88db-4fe6-9cca-6a25122d474d: shutdown FollowerState
2019-10-17 02:14:48,434 [Thread-2172] INFO  impl.RaftServerImpl (RaftServerImpl.java:setRole(184)) - b32d7882-88db-4fe6-9cca-6a25122d474d@group-896385CD49EE: changes role from  FOLLOWER to CANDIDATE at term 123 for changeToCandidate
2019-10-17 02:14:48,434 [Thread-2172] INFO  impl.RoleInfo (RoleInfo.java:updateAndGet(143)) - b32d7882-88db-4fe6-9cca-6a25122d474d: start LeaderElection
2019-10-17 02:14:48,449 [b32d7882-88db-4fe6-9cca-6a25122d474d@group-896385CD49EE-LeaderElection183] INFO  impl.LeaderElection (LeaderElection.java:askForVotes(178)) - b32d7882-88db-4fe6-9cca-6a25122d474d@group-896385CD49EE-LeaderElection183: begin an election at term 124 for -1: [b32d7882-88db-4fe6-9cca-6a25122d474d:192.168.157.194:42206, 3aea292b-16fb-4e9b-be90-828afa8e8047:192.168.157.194:34569, a6b2ebfb-69a0-457c-b6cd-a50cc148b564:192.168.157.194:37298], old=null
2019-10-17 02:14:48,451 [grpc-default-executor-2] INFO  impl.RaftServerImpl (RaftServerImpl.java:setRole(184)) - 3aea292b-16fb-4e9b-be90-828afa8e8047@group-896385CD49EE: changes role from  FOLLOWER to FOLLOWER at term 124 for recognizeCandidate:b32d7882-88db-4fe6-9cca-6a25122d474d
2019-10-17 02:14:48,451 [grpc-default-executor-2] INFO  impl.RoleInfo (RoleInfo.java:shutdownFollowerState(121)) - 3aea292b-16fb-4e9b-be90-828afa8e8047: shutdown FollowerState
2019-10-17 02:14:48,451 [grpc-default-executor-2] INFO  impl.RoleInfo (RoleInfo.java:updateAndGet(143)) - 3aea292b-16fb-4e9b-be90-828afa8e8047: start FollowerState
2019-10-17 02:14:48,451 [Thread-2170] INFO  impl.FollowerState (FollowerState.java:run(117)) - 3aea292b-16fb-4e9b-be90-828afa8e8047@group-896385CD49EE-FollowerState was interrupted: java.lang.InterruptedException: sleep interrupted
2019-10-17 02:14:48,452 [grpc-default-executor-0] INFO  impl.RaftServerImpl (RaftServerImpl.java:setRole(184)) - a6b2ebfb-69a0-457c-b6cd-a50cc148b564@group-896385CD49EE: changes role from  FOLLOWER to FOLLOWER at term 124 for recognizeCandidate:b32d7882-88db-4fe6-9cca-6a25122d474d
2019-10-17 02:14:48,452 [grpc-default-executor-0] INFO  impl.RoleInfo (RoleInfo.java:shutdownFollowerState(121)) - a6b2ebfb-69a0-457c-b6cd-a50cc148b564: shutdown FollowerState
2019-10-17 02:14:48,452 [grpc-default-executor-0] INFO  impl.RoleInfo (RoleInfo.java:updateAndGet(143)) - a6b2ebfb-69a0-457c-b6cd-a50cc148b564: start FollowerState
2019-10-17 02:14:48,452 [Thread-2171] INFO  impl.FollowerState (FollowerState.java:run(117)) - a6b2ebfb-69a0-457c-b6cd-a50cc148b564@group-896385CD49EE-FollowerState was interrupted: java.lang.InterruptedException: sleep interrupted
2019-10-17 02:14:48,466 [b32d7882-88db-4fe6-9cca-6a25122d474d@group-896385CD49EE-LeaderElection183] INFO  impl.LeaderElection (LeaderElection.java:logAndReturn(56)) - b32d7882-88db-4fe6-9cca-6a25122d474d@group-896385CD49EE-LeaderElection183: Election REJECTED; received 2 response(s) [b32d7882-88db-4fe6-9cca-6a25122d474d<-3aea292b-16fb-4e9b-be90-828afa8e8047#0:FAIL-t124, b32d7882-88db-4fe6-9cca-6a25122d474d<-a6b2ebfb-69a0-457c-b6cd-a50cc148b564#0:FAIL-t124] and 0 exception(s); b32d7882-88db-4fe6-9cca-6a25122d474d@group-896385CD49EE:t124, leader=null, voted=b32d7882-88db-4fe6-9cca-6a25122d474d, raftlog=b32d7882-88db-4fe6-9cca-6a25122d474d@group-896385CD49EE-SegmentedRaftLog:OPENED:c-1,f-1,i0, conf=-1: [b32d7882-88db-4fe6-9cca-6a25122d474d:192.168.157.194:42206, 3aea292b-16fb-4e9b-be90-828afa8e8047:192.168.157.194:34569, a6b2ebfb-69a0-457c-b6cd-a50cc148b564:192.168.157.194:37298], old=null
2019-10-17 02:14:48,466 [b32d7882-88db-4fe6-9cca-6a25122d474d@group-896385CD49EE-LeaderElection183] INFO  impl.RaftServerImpl (RaftServerImpl.java:setRole(184)) - b32d7882-88db-4fe6-9cca-6a25122d474d@group-896385CD49EE: changes role from CANDIDATE to FOLLOWER at term 124 for DISCOVERED_A_NEW_TERM
2019-10-17 02:14:48,466 [b32d7882-88db-4fe6-9cca-6a25122d474d@group-896385CD49EE-LeaderElection183] INFO  impl.RoleInfo (RoleInfo.java:shutdownLeaderElection(134)) - b32d7882-88db-4fe6-9cca-6a25122d474d: shutdown LeaderElection
2019-10-17 02:14:48,466 [b32d7882-88db-4fe6-9cca-6a25122d474d@group-896385CD49EE-LeaderElection183] INFO  impl.RoleInfo (RoleInfo.java:updateAndGet(143)) - b32d7882-88db-4fe6-9cca-6a25122d474d: start FollowerState
2019-10-17 02:14:48,586 [Thread-2178] INFO  impl.FollowerState (FollowerState.java:run(108)) - b32d7882-88db-4fe6-9cca-6a25122d474d@group-896385CD49EE-FollowerState: change to CANDIDATE, lastRpcTime:119ms, electionTimeout:119ms
2019-10-17 02:14:48,586 [Thread-2178] INFO  impl.RoleInfo (RoleInfo.java:shutdownFollowerState(121)) - b32d7882-88db-4fe6-9cca-6a25122d474d: shutdown FollowerState
2019-10-17 02:14:48,586 [Thread-2178] INFO  impl.RaftServerImpl (RaftServerImpl.java:setRole(184)) - b32d7882-88db-4fe6-9cca-6a25122d474d@group-896385CD49EE: changes role from  FOLLOWER to CANDIDATE at term 124 for changeToCandidate
2019-10-17 02:14:48,586 [Thread-2178] INFO  impl.RoleInfo (RoleInfo.java:updateAndGet(143)) - b32d7882-88db-4fe6-9cca-6a25122d474d: start LeaderElection
2019-10-17 02:14:48,600 [b32d7882-88db-4fe6-9cca-6a25122d474d@group-896385CD49EE-LeaderElection184] INFO  impl.LeaderElection (LeaderElection.java:askForVotes(178)) - b32d7882-88db-4fe6-9cca-6a25122d474d@group-896385CD49EE-LeaderElection184: begin an election at term 125 for -1: [b32d7882-88db-4fe6-9cca-6a25122d474d:192.168.157.194:42206, 3aea292b-16fb-4e9b-be90-828afa8e8047:192.168.157.194:34569, a6b2ebfb-69a0-457c-b6cd-a50cc148b564:192.168.157.194:37298], old=null
2019-10-17 02:14:48,603 [grpc-default-executor-0] INFO  impl.RaftServerImpl (RaftServerImpl.java:setRole(184)) - 3aea292b-16fb-4e9b-be90-828afa8e8047@group-896385CD49EE: changes role from  FOLLOWER to FOLLOWER at term 125 for recognizeCandidate:b32d7882-88db-4fe6-9cca-6a25122d474d
2019-10-17 02:14:48,603 [grpc-default-executor-0] INFO  impl.RoleInfo (RoleInfo.java:shutdownFollowerState(121)) - 3aea292b-16fb-4e9b-be90-828afa8e8047: shutdown FollowerState
2019-10-17 02:14:48,603 [grpc-default-executor-0] INFO  impl.RoleInfo (RoleInfo.java:updateAndGet(143)) - 3aea292b-16fb-4e9b-be90-828afa8e8047: start FollowerState
2019-10-17 02:14:48,604 [Thread-2176] INFO  impl.FollowerState (FollowerState.java:run(117)) - 3aea292b-16fb-4e9b-be90-828afa8e8047@group-896385CD49EE-FollowerState was interrupted: java.lang.InterruptedException: sleep interrupted
2019-10-17 02:14:48,604 [grpc-default-executor-2] INFO  impl.RaftServerImpl (RaftServerImpl.java:setRole(184)) - a6b2ebfb-69a0-457c-b6cd-a50cc148b564@group-896385CD49EE: changes role from  FOLLOWER to FOLLOWER at term 125 for recognizeCandidate:b32d7882-88db-4fe6-9cca-6a25122d474d
2019-10-17 02:14:48,604 [grpc-default-executor-2] INFO  impl.RoleInfo (RoleInfo.java:shutdownFollowerState(121)) - a6b2ebfb-69a0-457c-b6cd-a50cc148b564: shutdown FollowerState
2019-10-17 02:14:48,604 [grpc-default-executor-2] INFO  impl.RoleInfo (RoleInfo.java:updateAndGet(143)) - a6b2ebfb-69a0-457c-b6cd-a50cc148b564: start FollowerState
2019-10-17 02:14:48,604 [Thread-2177] INFO  impl.FollowerState (FollowerState.java:run(117)) - a6b2ebfb-69a0-457c-b6cd-a50cc148b564@group-896385CD49EE-FollowerState was interrupted: java.lang.InterruptedException: sleep interrupted
2019-10-17 02:14:48,622 [b32d7882-88db-4fe6-9cca-6a25122d474d@group-896385CD49EE-LeaderElection184] INFO  impl.LeaderElection (LeaderElection.java:logAndReturn(56)) - b32d7882-88db-4fe6-9cca-6a25122d474d@group-896385CD49EE-LeaderElection184: Election REJECTED; received 2 response(s) [b32d7882-88db-4fe6-9cca-6a25122d474d<-3aea292b-16fb-4e9b-be90-828afa8e8047#0:FAIL-t125, b32d7882-88db-4fe6-9cca-6a25122d474d<-a6b2ebfb-69a0-457c-b6cd-a50cc148b564#0:FAIL-t125] and 0 exception(s); b32d7882-88db-4fe6-9cca-6a25122d474d@group-896385CD49EE:t125, leader=null, voted=b32d7882-88db-4fe6-9cca-6a25122d474d, raftlog=b32d7882-88db-4fe6-9cca-6a25122d474d@group-896385CD49EE-SegmentedRaftLog:OPENED:c-1,f-1,i0, conf=-1: [b32d7882-88db-4fe6-9cca-6a25122d474d:192.168.157.194:42206, 3aea292b-16fb-4e9b-be90-828afa8e8047:192.168.157.194:34569, a6b2ebfb-69a0-457c-b6cd-a50cc148b564:192.168.157.194:37298], old=null
2019-10-17 02:14:48,623 [b32d7882-88db-4fe6-9cca-6a25122d474d@group-896385CD49EE-LeaderElection184] INFO  impl.RaftServerImpl (RaftServerImpl.java:setRole(184)) - b32d7882-88db-4fe6-9cca-6a25122d474d@group-896385CD49EE: changes role from CANDIDATE to FOLLOWER at term 125 for DISCOVERED_A_NEW_TERM
2019-10-17 02:14:48,623 [b32d7882-88db-4fe6-9cca-6a25122d474d@group-896385CD49EE-LeaderElection184] INFO  impl.RoleInfo (RoleInfo.java:shutdownLeaderElection(134)) - b32d7882-88db-4fe6-9cca-6a25122d474d: shutdown LeaderElection
2019-10-17 02:14:48,623 [b32d7882-88db-4fe6-9cca-6a25122d474d@group-896385CD49EE-LeaderElection184] INFO  impl.RoleInfo (RoleInfo.java:updateAndGet(143)) - b32d7882-88db-4fe6-9cca-6a25122d474d: start FollowerState
2019-10-17 02:14:48,659 [Thread-2184] INFO  impl.FollowerState (FollowerState.java:run(108)) - b32d7882-88db-4fe6-9cca-6a25122d474d@group-896385CD49EE-FollowerState: change to CANDIDATE, lastRpcTime:36ms, electionTimeout:36ms
2019-10-17 02:14:48,660 [Thread-2184] INFO  impl.RoleInfo (RoleInfo.java:shutdownFollowerState(121)) - b32d7882-88db-4fe6-9cca-6a25122d474d: shutdown FollowerState
2019-10-17 02:14:48,660 [Thread-2184] INFO  impl.RaftServerImpl (RaftServerImpl.java:setRole(184)) - b32d7882-88db-4fe6-9cca-6a25122d474d@group-896385CD49EE: changes role from  FOLLOWER to CANDIDATE at term 125 for changeToCandidate
2019-10-17 02:14:48,660 [Thread-2184] INFO  impl.RoleInfo (RoleInfo.java:updateAndGet(143)) - b32d7882-88db-4fe6-9cca-6a25122d474d: start LeaderElection
2019-10-17 02:14:48,674 [b32d7882-88db-4fe6-9cca-6a25122d474d@group-896385CD49EE-LeaderElection185] INFO  impl.LeaderElection (LeaderElection.java:askForVotes(178)) - b32d7882-88db-4fe6-9cca-6a25122d474d@group-896385CD49EE-LeaderElection185: begin an election at term 126 for -1: [b32d7882-88db-4fe6-9cca-6a25122d474d:192.168.157.194:42206, 3aea292b-16fb-4e9b-be90-828afa8e8047:192.168.157.194:34569, a6b2ebfb-69a0-457c-b6cd-a50cc148b564:192.168.157.194:37298], old=null
2019-10-17 02:14:48,676 [grpc-default-executor-2] INFO  impl.RaftServerImpl (RaftServerImpl.java:setRole(184)) - 3aea292b-16fb-4e9b-be90-828afa8e8047@group-896385CD49EE: changes role from  FOLLOWER to FOLLOWER at term 126 for recognizeCandidate:b32d7882-88db-4fe6-9cca-6a25122d474d
2019-10-17 02:14:48,676 [grpc-default-executor-2] INFO  impl.RoleInfo (RoleInfo.java:shutdownFollowerState(121)) - 3aea292b-16fb-4e9b-be90-828afa8e8047: shutdown FollowerState
2019-10-17 02:14:48,676 [grpc-default-executor-0] INFO  impl.RaftServerImpl (RaftServerImpl.java:setRole(184)) - a6b2ebfb-69a0-457c-b6cd-a50cc148b564@group-896385CD49EE: changes role from  FOLLOWER to FOLLOWER at term 126 for recognizeCandidate:b32d7882-88db-4fe6-9cca-6a25122d474d
2019-10-17 02:14:48,676 [Thread-2182] INFO  impl.FollowerState (FollowerState.java:run(117)) - 3aea292b-16fb-4e9b-be90-828afa8e8047@group-896385CD49EE-FollowerState was interrupted: java.lang.InterruptedException: sleep interrupted
2019-10-17 02:14:48,676 [grpc-default-executor-2] INFO  impl.RoleInfo (RoleInfo.java:updateAndGet(143)) - 3aea292b-16fb-4e9b-be90-828afa8e8047: start FollowerState
2019-10-17 02:14:48,676 [grpc-default-executor-0] INFO  impl.RoleInfo (RoleInfo.java:shutdownFollowerState(121)) - a6b2ebfb-69a0-457c-b6cd-a50cc148b564: shutdown FollowerState
2019-10-17 02:14:48,677 [grpc-default-executor-0] INFO  impl.RoleInfo (RoleInfo.java:updateAndGet(143)) - a6b2ebfb-69a0-457c-b6cd-a50cc148b564: start FollowerState
2019-10-17 02:14:48,677 [Thread-2183] INFO  impl.FollowerState (FollowerState.java:run(117)) - a6b2ebfb-69a0-457c-b6cd-a50cc148b564@group-896385CD49EE-FollowerState was interrupted: java.lang.InterruptedException: sleep interrupted
2019-10-17 02:14:48,691 [b32d7882-88db-4fe6-9cca-6a25122d474d@group-896385CD49EE-LeaderElection185] INFO  impl.LeaderElection (LeaderElection.java:logAndReturn(56)) - b32d7882-88db-4fe6-9cca-6a25122d474d@group-896385CD49EE-LeaderElection185: Election REJECTED; received 2 response(s) [b32d7882-88db-4fe6-9cca-6a25122d474d<-3aea292b-16fb-4e9b-be90-828afa8e8047#0:FAIL-t126, b32d7882-88db-4fe6-9cca-6a25122d474d<-a6b2ebfb-69a0-457c-b6cd-a50cc148b564#0:FAIL-t126] and 0 exception(s); b32d7882-88db-4fe6-9cca-6a25122d474d@group-896385CD49EE:t126, leader=null, voted=b32d7882-88db-4fe6-9cca-6a25122d474d, raftlog=b32d7882-88db-4fe6-9cca-6a25122d474d@group-896385CD49EE-SegmentedRaftLog:OPENED:c-1,f-1,i0, conf=-1: [b32d7882-88db-4fe6-9cca-6a25122d474d:192.168.157.194:42206, 3aea292b-16fb-4e9b-be90-828afa8e8047:192.168.157.194:34569, a6b2ebfb-69a0-457c-b6cd-a50cc148b564:192.168.157.194:37298], old=null
2019-10-17 02:14:48,691 [b32d7882-88db-4fe6-9cca-6a25122d474d@group-896385CD49EE-LeaderElection185] INFO  impl.RaftServerImpl (RaftServerImpl.java:setRole(184)) - b32d7882-88db-4fe6-9cca-6a25122d474d@group-896385CD49EE: changes role from CANDIDATE to FOLLOWER at term 126 for DISCOVERED_A_NEW_TERM
2019-10-17 02:14:48,691 [b32d7882-88db-4fe6-9cca-6a25122d474d@group-896385CD49EE-LeaderElection185] INFO  impl.RoleInfo (RoleInfo.java:shutdownLeaderElection(134)) - b32d7882-88db-4fe6-9cca-6a25122d474d: shutdown LeaderElection
2019-10-17 02:14:48,691 [b32d7882-88db-4fe6-9cca-6a25122d474d@group-896385CD49EE-LeaderElection185] INFO  impl.RoleInfo (RoleInfo.java:updateAndGet(143)) - b32d7882-88db-4fe6-9cca-6a25122d474d: start FollowerState
2019-10-17 02:14:48,890 [Thread-2190] INFO  impl.FollowerState (FollowerState.java:run(108)) - b32d7882-88db-4fe6-9cca-6a25122d474d@group-896385CD49EE-FollowerState: change to CANDIDATE, lastRpcTime:198ms, electionTimeout:198ms
2019-10-17 02:14:48,890 [Thread-2190] INFO  impl.RoleInfo (RoleInfo.java:shutdownFollowerState(121)) - b32d7882-88db-4fe6-9cca-6a25122d474d: shutdown FollowerState
2019-10-17 02:14:48,890 [Thread-2190] INFO  impl.RaftServerImpl (RaftServerImpl.java:setRole(184)) - b32d7882-88db-4fe6-9cca-6a25122d474d@group-896385CD49EE: changes role from  FOLLOWER to CANDIDATE at term 126 for changeToCandidate
2019-10-17 02:14:48,890 [Thread-2190] INFO  impl.RoleInfo (RoleInfo.java:updateAndGet(143)) - b32d7882-88db-4fe6-9cca-6a25122d474d: start LeaderElection
2019-10-17 02:14:48,904 [b32d7882-88db-4fe6-9cca-6a25122d474d@group-896385CD49EE-LeaderElection186] INFO  impl.LeaderElection (LeaderElection.java:askForVotes(178)) - b32d7882-88db-4fe6-9cca-6a25122d474d@group-896385CD49EE-LeaderElection186: begin an election at term 127 for -1: [b32d7882-88db-4fe6-9cca-6a25122d474d:192.168.157.194:42206, 3aea292b-16fb-4e9b-be90-828afa8e8047:192.168.157.194:34569, a6b2ebfb-69a0-457c-b6cd-a50cc148b564:192.168.157.194:37298], old=null
2019-10-17 02:14:48,907 [grpc-default-executor-0] INFO  impl.RaftServerImpl (RaftServerImpl.java:setRole(184)) - 3aea292b-16fb-4e9b-be90-828afa8e8047@group-896385CD49EE: changes role from  FOLLOWER to FOLLOWER at term 127 for recognizeCandidate:b32d7882-88db-4fe6-9cca-6a25122d474d
2019-10-17 02:14:48,907 [grpc-default-executor-0] INFO  impl.RoleInfo (RoleInfo.java:shutdownFollowerState(121)) - 3aea292b-16fb-4e9b-be90-828afa8e8047: shutdown FollowerState
2019-10-17 02:14:48,908 [grpc-default-executor-0] INFO  impl.RoleInfo (RoleInfo.java:updateAndGet(143)) - 3aea292b-16fb-4e9b-be90-828afa8e8047: start FollowerState
2019-10-17 02:14:48,908 [Thread-2188] INFO  impl.FollowerState (FollowerState.java:run(117)) - 3aea292b-16fb-4e9b-be90-828afa8e8047@group-896385CD49EE-FollowerState was interrupted: java.lang.InterruptedException: sleep interrupted
2019-10-17 02:14:48,908 [grpc-default-executor-2] INFO  impl.RaftServerImpl (RaftServerImpl.java:setRole(184)) - a6b2ebfb-69a0-457c-b6cd-a50cc148b564@group-896385CD49EE: changes role from  FOLLOWER to FOLLOWER at term 127 for recognizeCandidate:b32d7882-88db-4fe6-9cca-6a25122d474d
2019-10-17 02:14:48,908 [grpc-default-executor-2] INFO  impl.RoleInfo (RoleInfo.java:shutdownFollowerState(121)) - a6b2ebfb-69a0-457c-b6cd-a50cc148b564: shutdown FollowerState
2019-10-17 02:14:48,908 [grpc-default-executor-2] INFO  impl.RoleInfo (RoleInfo.java:updateAndGet(143)) - a6b2ebfb-69a0-457c-b6cd-a50cc148b564: start FollowerState
2019-10-17 02:14:48,908 [Thread-2189] INFO  impl.FollowerState (FollowerState.java:run(117)) - a6b2ebfb-69a0-457c-b6cd-a50cc148b564@group-896385CD49EE-FollowerState was interrupted: java.lang.InterruptedException: sleep interrupted
2019-10-17 02:14:48,923 [b32d7882-88db-4fe6-9cca-6a25122d474d@group-896385CD49EE-LeaderElection186] INFO  impl.LeaderElection (LeaderElection.java:logAndReturn(56)) - b32d7882-88db-4fe6-9cca-6a25122d474d@group-896385CD49EE-LeaderElection186: Election REJECTED; received 2 response(s) [b32d7882-88db-4fe6-9cca-6a25122d474d<-3aea292b-16fb-4e9b-be90-828afa8e8047#0:FAIL-t127, b32d7882-88db-4fe6-9cca-6a25122d474d<-a6b2ebfb-69a0-457c-b6cd-a50cc148b564#0:FAIL-t127] and 0 exception(s); b32d7882-88db-4fe6-9cca-6a25122d474d@group-896385CD49EE:t127, leader=null, voted=b32d7882-88db-4fe6-9cca-6a25122d474d, raftlog=b32d7882-88db-4fe6-9cca-6a25122d474d@group-896385CD49EE-SegmentedRaftLog:OPENED:c-1,f-1,i0, conf=-1: [b32d7882-88db-4fe6-9cca-6a25122d474d:192.168.157.194:42206, 3aea292b-16fb-4e9b-be90-828afa8e8047:192.168.157.194:34569, a6b2ebfb-69a0-457c-b6cd-a50cc148b564:192.168.157.194:37298], old=null
2019-10-17 02:14:48,923 [b32d7882-88db-4fe6-9cca-6a25122d474d@group-896385CD49EE-LeaderElection186] INFO  impl.RaftServerImpl (RaftServerImpl.java:setRole(184)) - b32d7882-88db-4fe6-9cca-6a25122d474d@group-896385CD49EE: changes role from CANDIDATE to FOLLOWER at term 127 for DISCOVERED_A_NEW_TERM
2019-10-17 02:14:48,923 [b32d7882-88db-4fe6-9cca-6a25122d474d@group-896385CD49EE-LeaderElection186] INFO  impl.RoleInfo (RoleInfo.java:shutdownLeaderElection(134)) - b32d7882-88db-4fe6-9cca-6a25122d474d: shutdown LeaderElection
2019-10-17 02:14:48,923 [b32d7882-88db-4fe6-9cca-6a25122d474d@group-896385CD49EE-LeaderElection186] INFO  impl.RoleInfo (RoleInfo.java:updateAndGet(143)) - b32d7882-88db-4fe6-9cca-6a25122d474d: start FollowerState
2019-10-17 02:14:49,013 [Thread-2196] INFO  impl.FollowerState (FollowerState.java:run(108)) - b32d7882-88db-4fe6-9cca-6a25122d474d@group-896385CD49EE-FollowerState: change to CANDIDATE, lastRpcTime:89ms, electionTimeout:89ms
2019-10-17 02:14:49,013 [Thread-2196] INFO  impl.RoleInfo (RoleInfo.java:shutdownFollowerState(121)) - b32d7882-88db-4fe6-9cca-6a25122d474d: shutdown FollowerState
2019-10-17 02:14:49,013 [Thread-2196] INFO  impl.RaftServerImpl (RaftServerImpl.java:setRole(184)) - b32d7882-88db-4fe6-9cca-6a25122d474d@group-896385CD49EE: changes role from  FOLLOWER to CANDIDATE at term 127 for changeToCandidate
2019-10-17 02:14:49,013 [Thread-2196] INFO  impl.RoleInfo (RoleInfo.java:updateAndGet(143)) - b32d7882-88db-4fe6-9cca-6a25122d474d: start LeaderElection
2019-10-17 02:14:49,027 [b32d7882-88db-4fe6-9cca-6a25122d474d@group-896385CD49EE-LeaderElection187] INFO  impl.LeaderElection (LeaderElection.java:askForVotes(178)) - b32d7882-88db-4fe6-9cca-6a25122d474d@group-896385CD49EE-LeaderElection187: begin an election at term 128 for -1: [b32d7882-88db-4fe6-9cca-6a25122d474d:192.168.157.194:42206, 3aea292b-16fb-4e9b-be90-828afa8e8047:192.168.157.194:34569, a6b2ebfb-69a0-457c-b6cd-a50cc148b564:192.168.157.194:37298], old=null
2019-10-17 02:14:49,030 [grpc-default-executor-2] INFO  impl.RaftServerImpl (RaftServerImpl.java:setRole(184)) - 3aea292b-16fb-4e9b-be90-828afa8e8047@group-896385CD49EE: changes role from  FOLLOWER to FOLLOWER at term 128 for recognizeCandidate:b32d7882-88db-4fe6-9cca-6a25122d474d
2019-10-17 02:14:49,030 [grpc-default-executor-2] INFO  impl.RoleInfo (RoleInfo.java:shutdownFollowerState(121)) - 3aea292b-16fb-4e9b-be90-828afa8e8047: shutdown FollowerState
2019-10-17 02:14:49,030 [grpc-default-executor-2] INFO  impl.RoleInfo (RoleInfo.java:updateAndGet(143)) - 3aea292b-16fb-4e9b-be90-828afa8e8047: start FollowerState
2019-10-17 02:14:49,030 [Thread-2194] INFO  impl.FollowerState (FollowerState.java:run(117)) - 3aea292b-16fb-4e9b-be90-828afa8e8047@group-896385CD49EE-FollowerState was interrupted: java.lang.InterruptedException: sleep interrupted
2019-10-17 02:14:49,030 [grpc-default-executor-0] INFO  impl.RaftServerImpl (RaftServerImpl.java:setRole(184)) - a6b2ebfb-69a0-457c-b6cd-a50cc148b564@group-896385CD49EE: changes role from  FOLLOWER to FOLLOWER at term 128 for recognizeCandidate:b32d7882-88db-4fe6-9cca-6a25122d474d
2019-10-17 02:14:49,031 [grpc-default-executor-0] INFO  impl.RoleInfo (RoleInfo.java:shutdownFollowerState(121)) - a6b2ebfb-69a0-457c-b6cd-a50cc148b564: shutdown FollowerState
2019-10-17 02:14:49,031 [grpc-default-executor-0] INFO  impl.RoleInfo (RoleInfo.java:updateAndGet(143)) - a6b2ebfb-69a0-457c-b6cd-a50cc148b564: start FollowerState
2019-10-17 02:14:49,031 [Thread-2195] INFO  impl.FollowerState (FollowerState.java:run(117)) - a6b2ebfb-69a0-457c-b6cd-a50cc148b564@group-896385CD49EE-FollowerState was interrupted: java.lang.InterruptedException: sleep interrupted
2019-10-17 02:14:49,045 [b32d7882-88db-4fe6-9cca-6a25122d474d@group-896385CD49EE-LeaderElection187] INFO  impl.LeaderElection (LeaderElection.java:logAndReturn(56)) - b32d7882-88db-4fe6-9cca-6a25122d474d@group-896385CD49EE-LeaderElection187: Election REJECTED; received 2 response(s) [b32d7882-88db-4fe6-9cca-6a25122d474d<-3aea292b-16fb-4e9b-be90-828afa8e8047#0:FAIL-t128, b32d7882-88db-4fe6-9cca-6a25122d474d<-a6b2ebfb-69a0-457c-b6cd-a50cc148b564#0:FAIL-t128] and 0 exception(s); b32d7882-88db-4fe6-9cca-6a25122d474d@group-896385CD49EE:t128, leader=null, voted=b32d7882-88db-4fe6-9cca-6a25122d474d, raftlog=b32d7882-88db-4fe6-9cca-6a25122d474d@group-896385CD49EE-SegmentedRaftLog:OPENED:c-1,f-1,i0, conf=-1: [b32d7882-88db-4fe6-9cca-6a25122d474d:192.168.157.194:42206, 3aea292b-16fb-4e9b-be90-828afa8e8047:192.168.157.194:34569, a6b2ebfb-69a0-457c-b6cd-a50cc148b564:192.168.157.194:37298], old=null
2019-10-17 02:14:49,045 [b32d7882-88db-4fe6-9cca-6a25122d474d@group-896385CD49EE-LeaderElection187] INFO  impl.RaftServerImpl (RaftServerImpl.java:setRole(184)) - b32d7882-88db-4fe6-9cca-6a25122d474d@group-896385CD49EE: changes role from CANDIDATE to FOLLOWER at term 128 for DISCOVERED_A_NEW_TERM
2019-10-17 02:14:49,045 [b32d7882-88db-4fe6-9cca-6a25122d474d@group-896385CD49EE-LeaderElection187] INFO  impl.RoleInfo (RoleInfo.java:shutdownLeaderElection(134)) - b32d7882-88db-4fe6-9cca-6a25122d474d: shutdown LeaderElection
2019-10-17 02:14:49,045 [b32d7882-88db-4fe6-9cca-6a25122d474d@group-896385CD49EE-LeaderElection187] INFO  impl.RoleInfo (RoleInfo.java:updateAndGet(143)) - b32d7882-88db-4fe6-9cca-6a25122d474d: start FollowerState
2019-10-17 02:14:49,137 [main] INFO  ozone.MiniOzoneClusterImpl (MiniOzoneClusterImpl.java:lambda$waitForClusterToBeReady$2(164)) - Waiting for 1 number of pipelines out of 4, to report a leader.
2019-10-17 02:14:49,219 [Thread-2202] INFO  impl.FollowerState (FollowerState.java:run(108)) - b32d7882-88db-4fe6-9cca-6a25122d474d@group-896385CD49EE-FollowerState: change to CANDIDATE, lastRpcTime:173ms, electionTimeout:173ms
2019-10-17 02:14:49,219 [Thread-2202] INFO  impl.RoleInfo (RoleInfo.java:shutdownFollowerState(121)) - b32d7882-88db-4fe6-9cca-6a25122d474d: shutdown FollowerState
2019-10-17 02:14:49,219 [Thread-2202] INFO  impl.RaftServerImpl (RaftServerImpl.java:setRole(184)) - b32d7882-88db-4fe6-9cca-6a25122d474d@group-896385CD49EE: changes role from  FOLLOWER to CANDIDATE at term 128 for changeToCandidate
2019-10-17 02:14:49,219 [Thread-2202] INFO  impl.RoleInfo (RoleInfo.java:updateAndGet(143)) - b32d7882-88db-4fe6-9cca-6a25122d474d: start LeaderElection
2019-10-17 02:14:49,228 [b32d7882-88db-4fe6-9cca-6a25122d474d@group-896385CD49EE-LeaderElection188] INFO  impl.LeaderElection (LeaderElection.java:askForVotes(178)) - b32d7882-88db-4fe6-9cca-6a25122d474d@group-896385CD49EE-LeaderElection188: begin an election at term 129 for -1: [b32d7882-88db-4fe6-9cca-6a25122d474d:192.168.157.194:42206, 3aea292b-16fb-4e9b-be90-828afa8e8047:192.168.157.194:34569, a6b2ebfb-69a0-457c-b6cd-a50cc148b564:192.168.157.194:37298], old=null
2019-10-17 02:14:49,230 [grpc-default-executor-2] INFO  impl.RaftServerImpl (RaftServerImpl.java:setRole(184)) - 3aea292b-16fb-4e9b-be90-828afa8e8047@group-896385CD49EE: changes role from  FOLLOWER to FOLLOWER at term 129 for recognizeCandidate:b32d7882-88db-4fe6-9cca-6a25122d474d
2019-10-17 02:14:49,230 [grpc-default-executor-0] INFO  impl.RaftServerImpl (RaftServerImpl.java:setRole(184)) - a6b2ebfb-69a0-457c-b6cd-a50cc148b564@group-896385CD49EE: changes role from  FOLLOWER to FOLLOWER at term 129 for recognizeCandidate:b32d7882-88db-4fe6-9cca-6a25122d474d
2019-10-17 02:14:49,230 [grpc-default-executor-2] INFO  impl.RoleInfo (RoleInfo.java:shutdownFollowerState(121)) - 3aea292b-16fb-4e9b-be90-828afa8e8047: shutdown FollowerState
2019-10-17 02:14:49,230 [grpc-default-executor-0] INFO  impl.RoleInfo (RoleInfo.java:shutdownFollowerState(121)) - a6b2ebfb-69a0-457c-b6cd-a50cc148b564: shutdown FollowerState
2019-10-17 02:14:49,231 [Thread-2200] INFO  impl.FollowerState (FollowerState.java:run(117)) - 3aea292b-16fb-4e9b-be90-828afa8e8047@group-896385CD49EE-FollowerState was interrupted: java.lang.InterruptedException: sleep interrupted
2019-10-17 02:14:49,230 [grpc-default-executor-2] INFO  impl.RoleInfo (RoleInfo.java:updateAndGet(143)) - 3aea292b-16fb-4e9b-be90-828afa8e8047: start FollowerState
2019-10-17 02:14:49,231 [Thread-2201] INFO  impl.FollowerState (FollowerState.java:run(117)) - a6b2ebfb-69a0-457c-b6cd-a50cc148b564@group-896385CD49EE-FollowerState was interrupted: java.lang.InterruptedException: sleep interrupted
2019-10-17 02:14:49,231 [grpc-default-executor-0] INFO  impl.RoleInfo (RoleInfo.java:updateAndGet(143)) - a6b2ebfb-69a0-457c-b6cd-a50cc148b564: start FollowerState
2019-10-17 02:14:49,245 [b32d7882-88db-4fe6-9cca-6a25122d474d@group-896385CD49EE-LeaderElection188] INFO  impl.LeaderElection (LeaderElection.java:logAndReturn(56)) - b32d7882-88db-4fe6-9cca-6a25122d474d@group-896385CD49EE-LeaderElection188: Election REJECTED; received 2 response(s) [b32d7882-88db-4fe6-9cca-6a25122d474d<-3aea292b-16fb-4e9b-be90-828afa8e8047#0:FAIL-t129, b32d7882-88db-4fe6-9cca-6a25122d474d<-a6b2ebfb-69a0-457c-b6cd-a50cc148b564#0:FAIL-t129] and 0 exception(s); b32d7882-88db-4fe6-9cca-6a25122d474d@group-896385CD49EE:t129, leader=null, voted=b32d7882-88db-4fe6-9cca-6a25122d474d, raftlog=b32d7882-88db-4fe6-9cca-6a25122d474d@group-896385CD49EE-SegmentedRaftLog:OPENED:c-1,f-1,i0, conf=-1: [b32d7882-88db-4fe6-9cca-6a25122d474d:192.168.157.194:42206, 3aea292b-16fb-4e9b-be90-828afa8e8047:192.168.157.194:34569, a6b2ebfb-69a0-457c-b6cd-a50cc148b564:192.168.157.194:37298], old=null
2019-10-17 02:14:49,245 [b32d7882-88db-4fe6-9cca-6a25122d474d@group-896385CD49EE-LeaderElection188] INFO  impl.RaftServerImpl (RaftServerImpl.java:setRole(184)) - b32d7882-88db-4fe6-9cca-6a25122d474d@group-896385CD49EE: changes role from CANDIDATE to FOLLOWER at term 129 for DISCOVERED_A_NEW_TERM
2019-10-17 02:14:49,245 [b32d7882-88db-4fe6-9cca-6a25122d474d@group-896385CD49EE-LeaderElection188] INFO  impl.RoleInfo (RoleInfo.java:shutdownLeaderElection(134)) - b32d7882-88db-4fe6-9cca-6a25122d474d: shutdown LeaderElection
2019-10-17 02:14:49,245 [b32d7882-88db-4fe6-9cca-6a25122d474d@group-896385CD49EE-LeaderElection188] INFO  impl.RoleInfo (RoleInfo.java:updateAndGet(143)) - b32d7882-88db-4fe6-9cca-6a25122d474d: start FollowerState
2019-10-17 02:14:49,321 [Thread-2208] INFO  impl.FollowerState (FollowerState.java:run(108)) - b32d7882-88db-4fe6-9cca-6a25122d474d@group-896385CD49EE-FollowerState: change to CANDIDATE, lastRpcTime:75ms, electionTimeout:75ms
2019-10-17 02:14:49,321 [Thread-2208] INFO  impl.RoleInfo (RoleInfo.java:shutdownFollowerState(121)) - b32d7882-88db-4fe6-9cca-6a25122d474d: shutdown FollowerState
2019-10-17 02:14:49,321 [Thread-2208] INFO  impl.RaftServerImpl (RaftServerImpl.java:setRole(184)) - b32d7882-88db-4fe6-9cca-6a25122d474d@group-896385CD49EE: changes role from  FOLLOWER to CANDIDATE at term 129 for changeToCandidate
2019-10-17 02:14:49,321 [Thread-2208] INFO  impl.RoleInfo (RoleInfo.java:updateAndGet(143)) - b32d7882-88db-4fe6-9cca-6a25122d474d: start LeaderElection
2019-10-17 02:14:49,335 [b32d7882-88db-4fe6-9cca-6a25122d474d@group-896385CD49EE-LeaderElection189] INFO  impl.LeaderElection (LeaderElection.java:askForVotes(178)) - b32d7882-88db-4fe6-9cca-6a25122d474d@group-896385CD49EE-LeaderElection189: begin an election at term 130 for -1: [b32d7882-88db-4fe6-9cca-6a25122d474d:192.168.157.194:42206, 3aea292b-16fb-4e9b-be90-828afa8e8047:192.168.157.194:34569, a6b2ebfb-69a0-457c-b6cd-a50cc148b564:192.168.157.194:37298], old=null
2019-10-17 02:14:49,338 [grpc-default-executor-2] INFO  impl.RaftServerImpl (RaftServerImpl.java:setRole(184)) - 3aea292b-16fb-4e9b-be90-828afa8e8047@group-896385CD49EE: changes role from  FOLLOWER to FOLLOWER at term 130 for recognizeCandidate:b32d7882-88db-4fe6-9cca-6a25122d474d
2019-10-17 02:14:49,338 [grpc-default-executor-2] INFO  impl.RoleInfo (RoleInfo.java:shutdownFollowerState(121)) - 3aea292b-16fb-4e9b-be90-828afa8e8047: shutdown FollowerState
2019-10-17 02:14:49,338 [grpc-default-executor-0] INFO  impl.RaftServerImpl (RaftServerImpl.java:setRole(184)) - a6b2ebfb-69a0-457c-b6cd-a50cc148b564@group-896385CD49EE: changes role from  FOLLOWER to FOLLOWER at term 130 for recognizeCandidate:b32d7882-88db-4fe6-9cca-6a25122d474d
2019-10-17 02:14:49,339 [grpc-default-executor-0] INFO  impl.RoleInfo (RoleInfo.java:shutdownFollowerState(121)) - a6b2ebfb-69a0-457c-b6cd-a50cc148b564: shutdown FollowerState
2019-10-17 02:14:49,338 [Thread-2206] INFO  impl.FollowerState (FollowerState.java:run(117)) - 3aea292b-16fb-4e9b-be90-828afa8e8047@group-896385CD49EE-FollowerState was interrupted: java.lang.InterruptedException: sleep interrupted
2019-10-17 02:14:49,338 [grpc-default-executor-2] INFO  impl.RoleInfo (RoleInfo.java:updateAndGet(143)) - 3aea292b-16fb-4e9b-be90-828afa8e8047: start FollowerState
2019-10-17 02:14:49,339 [Thread-2207] INFO  impl.FollowerState (FollowerState.java:run(117)) - a6b2ebfb-69a0-457c-b6cd-a50cc148b564@group-896385CD49EE-FollowerState was interrupted: java.lang.InterruptedException: sleep interrupted
2019-10-17 02:14:49,339 [grpc-default-executor-0] INFO  impl.RoleInfo (RoleInfo.java:updateAndGet(143)) - a6b2ebfb-69a0-457c-b6cd-a50cc148b564: start FollowerState
2019-10-17 02:14:49,354 [b32d7882-88db-4fe6-9cca-6a25122d474d@group-896385CD49EE-LeaderElection189] INFO  impl.LeaderElection (LeaderElection.java:logAndReturn(56)) - b32d7882-88db-4fe6-9cca-6a25122d474d@group-896385CD49EE-LeaderElection189: Election REJECTED; received 2 response(s) [b32d7882-88db-4fe6-9cca-6a25122d474d<-3aea292b-16fb-4e9b-be90-828afa8e8047#0:FAIL-t130, b32d7882-88db-4fe6-9cca-6a25122d474d<-a6b2ebfb-69a0-457c-b6cd-a50cc148b564#0:FAIL-t130] and 0 exception(s); b32d7882-88db-4fe6-9cca-6a25122d474d@group-896385CD49EE:t130, leader=null, voted=b32d7882-88db-4fe6-9cca-6a25122d474d, raftlog=b32d7882-88db-4fe6-9cca-6a25122d474d@group-896385CD49EE-SegmentedRaftLog:OPENED:c-1,f-1,i0, conf=-1: [b32d7882-88db-4fe6-9cca-6a25122d474d:192.168.157.194:42206, 3aea292b-16fb-4e9b-be90-828afa8e8047:192.168.157.194:34569, a6b2ebfb-69a0-457c-b6cd-a50cc148b564:192.168.157.194:37298], old=null
2019-10-17 02:14:49,354 [b32d7882-88db-4fe6-9cca-6a25122d474d@group-896385CD49EE-LeaderElection189] INFO  impl.RaftServerImpl (RaftServerImpl.java:setRole(184)) - b32d7882-88db-4fe6-9cca-6a25122d474d@group-896385CD49EE: changes role from CANDIDATE to FOLLOWER at term 130 for DISCOVERED_A_NEW_TERM
2019-10-17 02:14:49,354 [b32d7882-88db-4fe6-9cca-6a25122d474d@group-896385CD49EE-LeaderElection189] INFO  impl.RoleInfo (RoleInfo.java:shutdownLeaderElection(134)) - b32d7882-88db-4fe6-9cca-6a25122d474d: shutdown LeaderElection
2019-10-17 02:14:49,354 [b32d7882-88db-4fe6-9cca-6a25122d474d@group-896385CD49EE-LeaderElection189] INFO  impl.RoleInfo (RoleInfo.java:updateAndGet(143)) - b32d7882-88db-4fe6-9cca-6a25122d474d: start FollowerState
2019-10-17 02:14:49,499 [Thread-2214] INFO  impl.FollowerState (FollowerState.java:run(108)) - b32d7882-88db-4fe6-9cca-6a25122d474d@group-896385CD49EE-FollowerState: change to CANDIDATE, lastRpcTime:144ms, electionTimeout:144ms
2019-10-17 02:14:49,499 [Thread-2214] INFO  impl.RoleInfo (RoleInfo.java:shutdownFollowerState(121)) - b32d7882-88db-4fe6-9cca-6a25122d474d: shutdown FollowerState
2019-10-17 02:14:49,499 [Thread-2214] INFO  impl.RaftServerImpl (RaftServerImpl.java:setRole(184)) - b32d7882-88db-4fe6-9cca-6a25122d474d@group-896385CD49EE: changes role from  FOLLOWER to CANDIDATE at term 130 for changeToCandidate
2019-10-17 02:14:49,499 [Thread-2214] INFO  impl.RoleInfo (RoleInfo.java:updateAndGet(143)) - b32d7882-88db-4fe6-9cca-6a25122d474d: start LeaderElection
2019-10-17 02:14:49,513 [b32d7882-88db-4fe6-9cca-6a25122d474d@group-896385CD49EE-LeaderElection190] INFO  impl.LeaderElection (LeaderElection.java:askForVotes(178)) - b32d7882-88db-4fe6-9cca-6a25122d474d@group-896385CD49EE-LeaderElection190: begin an election at term 131 for -1: [b32d7882-88db-4fe6-9cca-6a25122d474d:192.168.157.194:42206, 3aea292b-16fb-4e9b-be90-828afa8e8047:192.168.157.194:34569, a6b2ebfb-69a0-457c-b6cd-a50cc148b564:192.168.157.194:37298], old=null
2019-10-17 02:14:49,516 [grpc-default-executor-2] INFO  impl.RaftServerImpl (RaftServerImpl.java:setRole(184)) - 3aea292b-16fb-4e9b-be90-828afa8e8047@group-896385CD49EE: changes role from  FOLLOWER to FOLLOWER at term 131 for recognizeCandidate:b32d7882-88db-4fe6-9cca-6a25122d474d
2019-10-17 02:14:49,516 [grpc-default-executor-2] INFO  impl.RoleInfo (RoleInfo.java:shutdownFollowerState(121)) - 3aea292b-16fb-4e9b-be90-828afa8e8047: shutdown FollowerState
2019-10-17 02:14:49,516 [grpc-default-executor-2] INFO  impl.RoleInfo (RoleInfo.java:updateAndGet(143)) - 3aea292b-16fb-4e9b-be90-828afa8e8047: start FollowerState
2019-10-17 02:14:49,516 [Thread-2212] INFO  impl.FollowerState (FollowerState.java:run(117)) - 3aea292b-16fb-4e9b-be90-828afa8e8047@group-896385CD49EE-FollowerState was interrupted: java.lang.InterruptedException: sleep interrupted
2019-10-17 02:14:49,516 [grpc-default-executor-0] INFO  impl.RaftServerImpl (RaftServerImpl.java:setRole(184)) - a6b2ebfb-69a0-457c-b6cd-a50cc148b564@group-896385CD49EE: changes role from  FOLLOWER to FOLLOWER at term 131 for recognizeCandidate:b32d7882-88db-4fe6-9cca-6a25122d474d
2019-10-17 02:14:49,517 [grpc-default-executor-0] INFO  impl.RoleInfo (RoleInfo.java:shutdownFollowerState(121)) - a6b2ebfb-69a0-457c-b6cd-a50cc148b564: shutdown FollowerState
2019-10-17 02:14:49,517 [grpc-default-executor-0] INFO  impl.RoleInfo (RoleInfo.java:updateAndGet(143)) - a6b2ebfb-69a0-457c-b6cd-a50cc148b564: start FollowerState
2019-10-17 02:14:49,517 [Thread-2213] INFO  impl.FollowerState (FollowerState.java:run(117)) - a6b2ebfb-69a0-457c-b6cd-a50cc148b564@group-896385CD49EE-FollowerState was interrupted: java.lang.InterruptedException: sleep interrupted
2019-10-17 02:14:49,531 [b32d7882-88db-4fe6-9cca-6a25122d474d@group-896385CD49EE-LeaderElection190] INFO  impl.LeaderElection (LeaderElection.java:logAndReturn(56)) - b32d7882-88db-4fe6-9cca-6a25122d474d@group-896385CD49EE-LeaderElection190: Election REJECTED; received 2 response(s) [b32d7882-88db-4fe6-9cca-6a25122d474d<-3aea292b-16fb-4e9b-be90-828afa8e8047#0:FAIL-t131, b32d7882-88db-4fe6-9cca-6a25122d474d<-a6b2ebfb-69a0-457c-b6cd-a50cc148b564#0:FAIL-t131] and 0 exception(s); b32d7882-88db-4fe6-9cca-6a25122d474d@group-896385CD49EE:t131, leader=null, voted=b32d7882-88db-4fe6-9cca-6a25122d474d, raftlog=b32d7882-88db-4fe6-9cca-6a25122d474d@group-896385CD49EE-SegmentedRaftLog:OPENED:c-1,f-1,i0, conf=-1: [b32d7882-88db-4fe6-9cca-6a25122d474d:192.168.157.194:42206, 3aea292b-16fb-4e9b-be90-828afa8e8047:192.168.157.194:34569, a6b2ebfb-69a0-457c-b6cd-a50cc148b564:192.168.157.194:37298], old=null
2019-10-17 02:14:49,532 [b32d7882-88db-4fe6-9cca-6a25122d474d@group-896385CD49EE-LeaderElection190] INFO  impl.RaftServerImpl (RaftServerImpl.java:setRole(184)) - b32d7882-88db-4fe6-9cca-6a25122d474d@group-896385CD49EE: changes role from CANDIDATE to FOLLOWER at term 131 for DISCOVERED_A_NEW_TERM
2019-10-17 02:14:49,532 [b32d7882-88db-4fe6-9cca-6a25122d474d@group-896385CD49EE-LeaderElection190] INFO  impl.RoleInfo (RoleInfo.java:shutdownLeaderElection(134)) - b32d7882-88db-4fe6-9cca-6a25122d474d: shutdown LeaderElection
2019-10-17 02:14:49,532 [b32d7882-88db-4fe6-9cca-6a25122d474d@group-896385CD49EE-LeaderElection190] INFO  impl.RoleInfo (RoleInfo.java:updateAndGet(143)) - b32d7882-88db-4fe6-9cca-6a25122d474d: start FollowerState
2019-10-17 02:14:49,593 [Thread-2220] INFO  impl.FollowerState (FollowerState.java:run(108)) - b32d7882-88db-4fe6-9cca-6a25122d474d@group-896385CD49EE-FollowerState: change to CANDIDATE, lastRpcTime:60ms, electionTimeout:60ms
2019-10-17 02:14:49,593 [Thread-2220] INFO  impl.RoleInfo (RoleInfo.java:shutdownFollowerState(121)) - b32d7882-88db-4fe6-9cca-6a25122d474d: shutdown FollowerState
2019-10-17 02:14:49,593 [Thread-2220] INFO  impl.RaftServerImpl (RaftServerImpl.java:setRole(184)) - b32d7882-88db-4fe6-9cca-6a25122d474d@group-896385CD49EE: changes role from  FOLLOWER to CANDIDATE at term 131 for changeToCandidate
2019-10-17 02:14:49,593 [Thread-2220] INFO  impl.RoleInfo (RoleInfo.java:updateAndGet(143)) - b32d7882-88db-4fe6-9cca-6a25122d474d: start LeaderElection
2019-10-17 02:14:49,607 [b32d7882-88db-4fe6-9cca-6a25122d474d@group-896385CD49EE-LeaderElection191] INFO  impl.LeaderElection (LeaderElection.java:askForVotes(178)) - b32d7882-88db-4fe6-9cca-6a25122d474d@group-896385CD49EE-LeaderElection191: begin an election at term 132 for -1: [b32d7882-88db-4fe6-9cca-6a25122d474d:192.168.157.194:42206, 3aea292b-16fb-4e9b-be90-828afa8e8047:192.168.157.194:34569, a6b2ebfb-69a0-457c-b6cd-a50cc148b564:192.168.157.194:37298], old=null
2019-10-17 02:14:49,610 [grpc-default-executor-0] INFO  impl.RaftServerImpl (RaftServerImpl.java:setRole(184)) - 3aea292b-16fb-4e9b-be90-828afa8e8047@group-896385CD49EE: changes role from  FOLLOWER to FOLLOWER at term 132 for recognizeCandidate:b32d7882-88db-4fe6-9cca-6a25122d474d
2019-10-17 02:14:49,610 [grpc-default-executor-2] INFO  impl.RaftServerImpl (RaftServerImpl.java:setRole(184)) - a6b2ebfb-69a0-457c-b6cd-a50cc148b564@group-896385CD49EE: changes role from  FOLLOWER to FOLLOWER at term 132 for recognizeCandidate:b32d7882-88db-4fe6-9cca-6a25122d474d
2019-10-17 02:14:49,610 [grpc-default-executor-0] INFO  impl.RoleInfo (RoleInfo.java:shutdownFollowerState(121)) - 3aea292b-16fb-4e9b-be90-828afa8e8047: shutdown FollowerState
2019-10-17 02:14:49,610 [grpc-default-executor-2] INFO  impl.RoleInfo (RoleInfo.java:shutdownFollowerState(121)) - a6b2ebfb-69a0-457c-b6cd-a50cc148b564: shutdown FollowerState
2019-10-17 02:14:49,610 [grpc-default-executor-0] INFO  impl.RoleInfo (RoleInfo.java:updateAndGet(143)) - 3aea292b-16fb-4e9b-be90-828afa8e8047: start FollowerState
2019-10-17 02:14:49,611 [Thread-2219] INFO  impl.FollowerState (FollowerState.java:run(117)) - a6b2ebfb-69a0-457c-b6cd-a50cc148b564@group-896385CD49EE-FollowerState was interrupted: java.lang.InterruptedException: sleep interrupted
2019-10-17 02:14:49,610 [Thread-2218] INFO  impl.FollowerState (FollowerState.java:run(117)) - 3aea292b-16fb-4e9b-be90-828afa8e8047@group-896385CD49EE-FollowerState was interrupted: java.lang.InterruptedException: sleep interrupted
2019-10-17 02:14:49,611 [grpc-default-executor-2] INFO  impl.RoleInfo (RoleInfo.java:updateAndGet(143)) - a6b2ebfb-69a0-457c-b6cd-a50cc148b564: start FollowerState
2019-10-17 02:14:49,626 [b32d7882-88db-4fe6-9cca-6a25122d474d@group-896385CD49EE-LeaderElection191] INFO  impl.LeaderElection (LeaderElection.java:logAndReturn(56)) - b32d7882-88db-4fe6-9cca-6a25122d474d@group-896385CD49EE-LeaderElection191: Election REJECTED; received 2 response(s) [b32d7882-88db-4fe6-9cca-6a25122d474d<-3aea292b-16fb-4e9b-be90-828afa8e8047#0:FAIL-t132, b32d7882-88db-4fe6-9cca-6a25122d474d<-a6b2ebfb-69a0-457c-b6cd-a50cc148b564#0:FAIL-t132] and 0 exception(s); b32d7882-88db-4fe6-9cca-6a25122d474d@group-896385CD49EE:t132, leader=null, voted=b32d7882-88db-4fe6-9cca-6a25122d474d, raftlog=b32d7882-88db-4fe6-9cca-6a25122d474d@group-896385CD49EE-SegmentedRaftLog:OPENED:c-1,f-1,i0, conf=-1: [b32d7882-88db-4fe6-9cca-6a25122d474d:192.168.157.194:42206, 3aea292b-16fb-4e9b-be90-828afa8e8047:192.168.157.194:34569, a6b2ebfb-69a0-457c-b6cd-a50cc148b564:192.168.157.194:37298], old=null
2019-10-17 02:14:49,626 [b32d7882-88db-4fe6-9cca-6a25122d474d@group-896385CD49EE-LeaderElection191] INFO  impl.RaftServerImpl (RaftServerImpl.java:setRole(184)) - b32d7882-88db-4fe6-9cca-6a25122d474d@group-896385CD49EE: changes role from CANDIDATE to FOLLOWER at term 132 for DISCOVERED_A_NEW_TERM
2019-10-17 02:14:49,626 [b32d7882-88db-4fe6-9cca-6a25122d474d@group-896385CD49EE-LeaderElection191] INFO  impl.RoleInfo (RoleInfo.java:shutdownLeaderElection(134)) - b32d7882-88db-4fe6-9cca-6a25122d474d: shutdown LeaderElection
2019-10-17 02:14:49,626 [b32d7882-88db-4fe6-9cca-6a25122d474d@group-896385CD49EE-LeaderElection191] INFO  impl.RoleInfo (RoleInfo.java:updateAndGet(143)) - b32d7882-88db-4fe6-9cca-6a25122d474d: start FollowerState
2019-10-17 02:14:49,662 [Thread-2226] INFO  impl.FollowerState (FollowerState.java:run(108)) - b32d7882-88db-4fe6-9cca-6a25122d474d@group-896385CD49EE-FollowerState: change to CANDIDATE, lastRpcTime:36ms, electionTimeout:36ms
2019-10-17 02:14:49,663 [Thread-2226] INFO  impl.RoleInfo (RoleInfo.java:shutdownFollowerState(121)) - b32d7882-88db-4fe6-9cca-6a25122d474d: shutdown FollowerState
2019-10-17 02:14:49,663 [Thread-2226] INFO  impl.RaftServerImpl (RaftServerImpl.java:setRole(184)) - b32d7882-88db-4fe6-9cca-6a25122d474d@group-896385CD49EE: changes role from  FOLLOWER to CANDIDATE at term 132 for changeToCandidate
2019-10-17 02:14:49,663 [Thread-2226] INFO  impl.RoleInfo (RoleInfo.java:updateAndGet(143)) - b32d7882-88db-4fe6-9cca-6a25122d474d: start LeaderElection
2019-10-17 02:14:49,712 [b32d7882-88db-4fe6-9cca-6a25122d474d@group-896385CD49EE-LeaderElection192] INFO  impl.LeaderElection (LeaderElection.java:askForVotes(178)) - b32d7882-88db-4fe6-9cca-6a25122d474d@group-896385CD49EE-LeaderElection192: begin an election at term 133 for -1: [b32d7882-88db-4fe6-9cca-6a25122d474d:192.168.157.194:42206, 3aea292b-16fb-4e9b-be90-828afa8e8047:192.168.157.194:34569, a6b2ebfb-69a0-457c-b6cd-a50cc148b564:192.168.157.194:37298], old=null
2019-10-17 02:14:49,714 [grpc-default-executor-0] INFO  impl.RaftServerImpl (RaftServerImpl.java:setRole(184)) - 3aea292b-16fb-4e9b-be90-828afa8e8047@group-896385CD49EE: changes role from  FOLLOWER to FOLLOWER at term 133 for recognizeCandidate:b32d7882-88db-4fe6-9cca-6a25122d474d
2019-10-17 02:14:49,714 [grpc-default-executor-2] INFO  impl.RaftServerImpl (RaftServerImpl.java:setRole(184)) - a6b2ebfb-69a0-457c-b6cd-a50cc148b564@group-896385CD49EE: changes role from  FOLLOWER to FOLLOWER at term 133 for recognizeCandidate:b32d7882-88db-4fe6-9cca-6a25122d474d
2019-10-17 02:14:49,715 [grpc-default-executor-0] INFO  impl.RoleInfo (RoleInfo.java:shutdownFollowerState(121)) - 3aea292b-16fb-4e9b-be90-828afa8e8047: shutdown FollowerState
2019-10-17 02:14:49,715 [grpc-default-executor-2] INFO  impl.RoleInfo (RoleInfo.java:shutdownFollowerState(121)) - a6b2ebfb-69a0-457c-b6cd-a50cc148b564: shutdown FollowerState
2019-10-17 02:14:49,715 [Thread-2224] INFO  impl.FollowerState (FollowerState.java:run(117)) - 3aea292b-16fb-4e9b-be90-828afa8e8047@group-896385CD49EE-FollowerState was interrupted: java.lang.InterruptedException: sleep interrupted
2019-10-17 02:14:49,715 [grpc-default-executor-0] INFO  impl.RoleInfo (RoleInfo.java:updateAndGet(143)) - 3aea292b-16fb-4e9b-be90-828afa8e8047: start FollowerState
2019-10-17 02:14:49,715 [Thread-2225] INFO  impl.FollowerState (FollowerState.java:run(117)) - a6b2ebfb-69a0-457c-b6cd-a50cc148b564@group-896385CD49EE-FollowerState was interrupted: java.lang.InterruptedException: sleep interrupted
2019-10-17 02:14:49,715 [grpc-default-executor-2] INFO  impl.RoleInfo (RoleInfo.java:updateAndGet(143)) - a6b2ebfb-69a0-457c-b6cd-a50cc148b564: start FollowerState
2019-10-17 02:14:49,726 [b32d7882-88db-4fe6-9cca-6a25122d474d@group-896385CD49EE-LeaderElection192] INFO  impl.LeaderElection (LeaderElection.java:logAndReturn(56)) - b32d7882-88db-4fe6-9cca-6a25122d474d@group-896385CD49EE-LeaderElection192: Election REJECTED; received 2 response(s) [b32d7882-88db-4fe6-9cca-6a25122d474d<-3aea292b-16fb-4e9b-be90-828afa8e8047#0:FAIL-t133, b32d7882-88db-4fe6-9cca-6a25122d474d<-a6b2ebfb-69a0-457c-b6cd-a50cc148b564#0:FAIL-t133] and 0 exception(s); b32d7882-88db-4fe6-9cca-6a25122d474d@group-896385CD49EE:t133, leader=null, voted=b32d7882-88db-4fe6-9cca-6a25122d474d, raftlog=b32d7882-88db-4fe6-9cca-6a25122d474d@group-896385CD49EE-SegmentedRaftLog:OPENED:c-1,f-1,i0, conf=-1: [b32d7882-88db-4fe6-9cca-6a25122d474d:192.168.157.194:42206, 3aea292b-16fb-4e9b-be90-828afa8e8047:192.168.157.194:34569, a6b2ebfb-69a0-457c-b6cd-a50cc148b564:192.168.157.194:37298], old=null
2019-10-17 02:14:49,727 [b32d7882-88db-4fe6-9cca-6a25122d474d@group-896385CD49EE-LeaderElection192] INFO  impl.RaftServerImpl (RaftServerImpl.java:setRole(184)) - b32d7882-88db-4fe6-9cca-6a25122d474d@group-896385CD49EE: changes role from CANDIDATE to FOLLOWER at term 133 for DISCOVERED_A_NEW_TERM
2019-10-17 02:14:49,727 [b32d7882-88db-4fe6-9cca-6a25122d474d@group-896385CD49EE-LeaderElection192] INFO  impl.RoleInfo (RoleInfo.java:shutdownLeaderElection(134)) - b32d7882-88db-4fe6-9cca-6a25122d474d: shutdown LeaderElection
2019-10-17 02:14:49,727 [b32d7882-88db-4fe6-9cca-6a25122d474d@group-896385CD49EE-LeaderElection192] INFO  impl.RoleInfo (RoleInfo.java:updateAndGet(143)) - b32d7882-88db-4fe6-9cca-6a25122d474d: start FollowerState
2019-10-17 02:14:49,856 [Thread-2232] INFO  impl.FollowerState (FollowerState.java:run(108)) - b32d7882-88db-4fe6-9cca-6a25122d474d@group-896385CD49EE-FollowerState: change to CANDIDATE, lastRpcTime:129ms, electionTimeout:129ms
2019-10-17 02:14:49,857 [Thread-2232] INFO  impl.RoleInfo (RoleInfo.java:shutdownFollowerState(121)) - b32d7882-88db-4fe6-9cca-6a25122d474d: shutdown FollowerState
2019-10-17 02:14:49,857 [Thread-2232] INFO  impl.RaftServerImpl (RaftServerImpl.java:setRole(184)) - b32d7882-88db-4fe6-9cca-6a25122d474d@group-896385CD49EE: changes role from  FOLLOWER to CANDIDATE at term 133 for changeToCandidate
2019-10-17 02:14:49,857 [Thread-2232] INFO  impl.RoleInfo (RoleInfo.java:updateAndGet(143)) - b32d7882-88db-4fe6-9cca-6a25122d474d: start LeaderElection
2019-10-17 02:14:49,865 [b32d7882-88db-4fe6-9cca-6a25122d474d@group-896385CD49EE-LeaderElection193] INFO  impl.LeaderElection (LeaderElection.java:askForVotes(178)) - b32d7882-88db-4fe6-9cca-6a25122d474d@group-896385CD49EE-LeaderElection193: begin an election at term 134 for -1: [b32d7882-88db-4fe6-9cca-6a25122d474d:192.168.157.194:42206, 3aea292b-16fb-4e9b-be90-828afa8e8047:192.168.157.194:34569, a6b2ebfb-69a0-457c-b6cd-a50cc148b564:192.168.157.194:37298], old=null
2019-10-17 02:14:49,868 [grpc-default-executor-2] INFO  impl.RaftServerImpl (RaftServerImpl.java:setRole(184)) - 3aea292b-16fb-4e9b-be90-828afa8e8047@group-896385CD49EE: changes role from  FOLLOWER to FOLLOWER at term 134 for recognizeCandidate:b32d7882-88db-4fe6-9cca-6a25122d474d
2019-10-17 02:14:49,868 [grpc-default-executor-2] INFO  impl.RoleInfo (RoleInfo.java:shutdownFollowerState(121)) - 3aea292b-16fb-4e9b-be90-828afa8e8047: shutdown FollowerState
2019-10-17 02:14:49,868 [grpc-default-executor-0] INFO  impl.RaftServerImpl (RaftServerImpl.java:setRole(184)) - a6b2ebfb-69a0-457c-b6cd-a50cc148b564@group-896385CD49EE: changes role from  FOLLOWER to FOLLOWER at term 134 for recognizeCandidate:b32d7882-88db-4fe6-9cca-6a25122d474d
2019-10-17 02:14:49,869 [Thread-2230] INFO  impl.FollowerState (FollowerState.java:run(117)) - 3aea292b-16fb-4e9b-be90-828afa8e8047@group-896385CD49EE-FollowerState was interrupted: java.lang.InterruptedException: sleep interrupted
2019-10-17 02:14:49,868 [grpc-default-executor-2] INFO  impl.RoleInfo (RoleInfo.java:updateAndGet(143)) - 3aea292b-16fb-4e9b-be90-828afa8e8047: start FollowerState
2019-10-17 02:14:49,869 [grpc-default-executor-0] INFO  impl.RoleInfo (RoleInfo.java:shutdownFollowerState(121)) - a6b2ebfb-69a0-457c-b6cd-a50cc148b564: shutdown FollowerState
2019-10-17 02:14:49,869 [grpc-default-executor-0] INFO  impl.RoleInfo (RoleInfo.java:updateAndGet(143)) - a6b2ebfb-69a0-457c-b6cd-a50cc148b564: start FollowerState
2019-10-17 02:14:49,869 [Thread-2231] INFO  impl.FollowerState (FollowerState.java:run(117)) - a6b2ebfb-69a0-457c-b6cd-a50cc148b564@group-896385CD49EE-FollowerState was interrupted: java.lang.InterruptedException: sleep interrupted
2019-10-17 02:14:49,883 [b32d7882-88db-4fe6-9cca-6a25122d474d@group-896385CD49EE-LeaderElection193] INFO  impl.LeaderElection (LeaderElection.java:logAndReturn(56)) - b32d7882-88db-4fe6-9cca-6a25122d474d@group-896385CD49EE-LeaderElection193: Election REJECTED; received 2 response(s) [b32d7882-88db-4fe6-9cca-6a25122d474d<-3aea292b-16fb-4e9b-be90-828afa8e8047#0:FAIL-t134, b32d7882-88db-4fe6-9cca-6a25122d474d<-a6b2ebfb-69a0-457c-b6cd-a50cc148b564#0:FAIL-t134] and 0 exception(s); b32d7882-88db-4fe6-9cca-6a25122d474d@group-896385CD49EE:t134, leader=null, voted=b32d7882-88db-4fe6-9cca-6a25122d474d, raftlog=b32d7882-88db-4fe6-9cca-6a25122d474d@group-896385CD49EE-SegmentedRaftLog:OPENED:c-1,f-1,i0, conf=-1: [b32d7882-88db-4fe6-9cca-6a25122d474d:192.168.157.194:42206, 3aea292b-16fb-4e9b-be90-828afa8e8047:192.168.157.194:34569, a6b2ebfb-69a0-457c-b6cd-a50cc148b564:192.168.157.194:37298], old=null
2019-10-17 02:14:49,884 [b32d7882-88db-4fe6-9cca-6a25122d474d@group-896385CD49EE-LeaderElection193] INFO  impl.RaftServerImpl (RaftServerImpl.java:setRole(184)) - b32d7882-88db-4fe6-9cca-6a25122d474d@group-896385CD49EE: changes role from CANDIDATE to FOLLOWER at term 134 for DISCOVERED_A_NEW_TERM
2019-10-17 02:14:49,884 [b32d7882-88db-4fe6-9cca-6a25122d474d@group-896385CD49EE-LeaderElection193] INFO  impl.RoleInfo (RoleInfo.java:shutdownLeaderElection(134)) - b32d7882-88db-4fe6-9cca-6a25122d474d: shutdown LeaderElection
2019-10-17 02:14:49,884 [b32d7882-88db-4fe6-9cca-6a25122d474d@group-896385CD49EE-LeaderElection193] INFO  impl.RoleInfo (RoleInfo.java:updateAndGet(143)) - b32d7882-88db-4fe6-9cca-6a25122d474d: start FollowerState
2019-10-17 02:14:50,077 [Thread-2238] INFO  impl.FollowerState (FollowerState.java:run(108)) - b32d7882-88db-4fe6-9cca-6a25122d474d@group-896385CD49EE-FollowerState: change to CANDIDATE, lastRpcTime:193ms, electionTimeout:193ms
2019-10-17 02:14:50,077 [Thread-2238] INFO  impl.RoleInfo (RoleInfo.java:shutdownFollowerState(121)) - b32d7882-88db-4fe6-9cca-6a25122d474d: shutdown FollowerState
2019-10-17 02:14:50,078 [Thread-2238] INFO  impl.RaftServerImpl (RaftServerImpl.java:setRole(184)) - b32d7882-88db-4fe6-9cca-6a25122d474d@group-896385CD49EE: changes role from  FOLLOWER to CANDIDATE at term 134 for changeToCandidate
2019-10-17 02:14:50,078 [Thread-2238] INFO  impl.RoleInfo (RoleInfo.java:updateAndGet(143)) - b32d7882-88db-4fe6-9cca-6a25122d474d: start LeaderElection
2019-10-17 02:14:50,092 [b32d7882-88db-4fe6-9cca-6a25122d474d@group-896385CD49EE-LeaderElection194] INFO  impl.LeaderElection (LeaderElection.java:askForVotes(178)) - b32d7882-88db-4fe6-9cca-6a25122d474d@group-896385CD49EE-LeaderElection194: begin an election at term 135 for -1: [b32d7882-88db-4fe6-9cca-6a25122d474d:192.168.157.194:42206, 3aea292b-16fb-4e9b-be90-828afa8e8047:192.168.157.194:34569, a6b2ebfb-69a0-457c-b6cd-a50cc148b564:192.168.157.194:37298], old=null
2019-10-17 02:14:50,095 [grpc-default-executor-2] INFO  impl.RaftServerImpl (RaftServerImpl.java:setRole(184)) - 3aea292b-16fb-4e9b-be90-828afa8e8047@group-896385CD49EE: changes role from  FOLLOWER to FOLLOWER at term 135 for recognizeCandidate:b32d7882-88db-4fe6-9cca-6a25122d474d
2019-10-17 02:14:50,096 [grpc-default-executor-2] INFO  impl.RoleInfo (RoleInfo.java:shutdownFollowerState(121)) - 3aea292b-16fb-4e9b-be90-828afa8e8047: shutdown FollowerState
2019-10-17 02:14:50,096 [grpc-default-executor-2] INFO  impl.RoleInfo (RoleInfo.java:updateAndGet(143)) - 3aea292b-16fb-4e9b-be90-828afa8e8047: start FollowerState
2019-10-17 02:14:50,096 [grpc-default-executor-0] INFO  impl.RaftServerImpl (RaftServerImpl.java:setRole(184)) - a6b2ebfb-69a0-457c-b6cd-a50cc148b564@group-896385CD49EE: changes role from  FOLLOWER to FOLLOWER at term 135 for recognizeCandidate:b32d7882-88db-4fe6-9cca-6a25122d474d
2019-10-17 02:14:50,096 [Thread-2236] INFO  impl.FollowerState (FollowerState.java:run(117)) - 3aea292b-16fb-4e9b-be90-828afa8e8047@group-896385CD49EE-FollowerState was interrupted: java.lang.InterruptedException: sleep interrupted
2019-10-17 02:14:50,096 [grpc-default-executor-0] INFO  impl.RoleInfo (RoleInfo.java:shutdownFollowerState(121)) - a6b2ebfb-69a0-457c-b6cd-a50cc148b564: shutdown FollowerState
2019-10-17 02:14:50,096 [grpc-default-executor-0] INFO  impl.RoleInfo (RoleInfo.java:updateAndGet(143)) - a6b2ebfb-69a0-457c-b6cd-a50cc148b564: start FollowerState
2019-10-17 02:14:50,097 [Thread-2237] INFO  impl.FollowerState (FollowerState.java:run(117)) - a6b2ebfb-69a0-457c-b6cd-a50cc148b564@group-896385CD49EE-FollowerState was interrupted: java.lang.InterruptedException: sleep interrupted
2019-10-17 02:14:50,110 [b32d7882-88db-4fe6-9cca-6a25122d474d@group-896385CD49EE-LeaderElection194] INFO  impl.LeaderElection (LeaderElection.java:logAndReturn(56)) - b32d7882-88db-4fe6-9cca-6a25122d474d@group-896385CD49EE-LeaderElection194: Election REJECTED; received 2 response(s) [b32d7882-88db-4fe6-9cca-6a25122d474d<-3aea292b-16fb-4e9b-be90-828afa8e8047#0:FAIL-t135, b32d7882-88db-4fe6-9cca-6a25122d474d<-a6b2ebfb-69a0-457c-b6cd-a50cc148b564#0:FAIL-t135] and 0 exception(s); b32d7882-88db-4fe6-9cca-6a25122d474d@group-896385CD49EE:t135, leader=null, voted=b32d7882-88db-4fe6-9cca-6a25122d474d, raftlog=b32d7882-88db-4fe6-9cca-6a25122d474d@group-896385CD49EE-SegmentedRaftLog:OPENED:c-1,f-1,i0, conf=-1: [b32d7882-88db-4fe6-9cca-6a25122d474d:192.168.157.194:42206, 3aea292b-16fb-4e9b-be90-828afa8e8047:192.168.157.194:34569, a6b2ebfb-69a0-457c-b6cd-a50cc148b564:192.168.157.194:37298], old=null
2019-10-17 02:14:50,110 [b32d7882-88db-4fe6-9cca-6a25122d474d@group-896385CD49EE-LeaderElection194] INFO  impl.RaftServerImpl (RaftServerImpl.java:setRole(184)) - b32d7882-88db-4fe6-9cca-6a25122d474d@group-896385CD49EE: changes role from CANDIDATE to FOLLOWER at term 135 for DISCOVERED_A_NEW_TERM
2019-10-17 02:14:50,110 [b32d7882-88db-4fe6-9cca-6a25122d474d@group-896385CD49EE-LeaderElection194] INFO  impl.RoleInfo (RoleInfo.java:shutdownLeaderElection(134)) - b32d7882-88db-4fe6-9cca-6a25122d474d: shutdown LeaderElection
2019-10-17 02:14:50,110 [b32d7882-88db-4fe6-9cca-6a25122d474d@group-896385CD49EE-LeaderElection194] INFO  impl.RoleInfo (RoleInfo.java:updateAndGet(143)) - b32d7882-88db-4fe6-9cca-6a25122d474d: start FollowerState
2019-10-17 02:14:50,134 [Thread-2244] INFO  impl.FollowerState (FollowerState.java:run(108)) - b32d7882-88db-4fe6-9cca-6a25122d474d@group-896385CD49EE-FollowerState: change to CANDIDATE, lastRpcTime:23ms, electionTimeout:21ms
2019-10-17 02:14:50,134 [Thread-2244] INFO  impl.RoleInfo (RoleInfo.java:shutdownFollowerState(121)) - b32d7882-88db-4fe6-9cca-6a25122d474d: shutdown FollowerState
2019-10-17 02:14:50,134 [Thread-2244] INFO  impl.RaftServerImpl (RaftServerImpl.java:setRole(184)) - b32d7882-88db-4fe6-9cca-6a25122d474d@group-896385CD49EE: changes role from  FOLLOWER to CANDIDATE at term 135 for changeToCandidate
2019-10-17 02:14:50,134 [Thread-2244] INFO  impl.RoleInfo (RoleInfo.java:updateAndGet(143)) - b32d7882-88db-4fe6-9cca-6a25122d474d: start LeaderElection
2019-10-17 02:14:50,137 [main] INFO  ozone.MiniOzoneClusterImpl (MiniOzoneClusterImpl.java:lambda$waitForClusterToBeReady$2(164)) - Waiting for 1 number of pipelines out of 4, to report a leader.
2019-10-17 02:14:50,148 [b32d7882-88db-4fe6-9cca-6a25122d474d@group-896385CD49EE-LeaderElection195] INFO  impl.LeaderElection (LeaderElection.java:askForVotes(178)) - b32d7882-88db-4fe6-9cca-6a25122d474d@group-896385CD49EE-LeaderElection195: begin an election at term 136 for -1: [b32d7882-88db-4fe6-9cca-6a25122d474d:192.168.157.194:42206, 3aea292b-16fb-4e9b-be90-828afa8e8047:192.168.157.194:34569, a6b2ebfb-69a0-457c-b6cd-a50cc148b564:192.168.157.194:37298], old=null
2019-10-17 02:14:50,151 [grpc-default-executor-0] INFO  impl.RaftServerImpl (RaftServerImpl.java:setRole(184)) - 3aea292b-16fb-4e9b-be90-828afa8e8047@group-896385CD49EE: changes role from  FOLLOWER to FOLLOWER at term 136 for recognizeCandidate:b32d7882-88db-4fe6-9cca-6a25122d474d
2019-10-17 02:14:50,151 [grpc-default-executor-0] INFO  impl.RoleInfo (RoleInfo.java:shutdownFollowerState(121)) - 3aea292b-16fb-4e9b-be90-828afa8e8047: shutdown FollowerState
2019-10-17 02:14:50,151 [grpc-default-executor-0] INFO  impl.RoleInfo (RoleInfo.java:updateAndGet(143)) - 3aea292b-16fb-4e9b-be90-828afa8e8047: start FollowerState
2019-10-17 02:14:50,151 [Thread-2242] INFO  impl.FollowerState (FollowerState.java:run(117)) - 3aea292b-16fb-4e9b-be90-828afa8e8047@group-896385CD49EE-FollowerState was interrupted: java.lang.InterruptedException: sleep interrupted
2019-10-17 02:14:50,151 [grpc-default-executor-2] INFO  impl.RaftServerImpl (RaftServerImpl.java:setRole(184)) - a6b2ebfb-69a0-457c-b6cd-a50cc148b564@group-896385CD49EE: changes role from  FOLLOWER to FOLLOWER at term 136 for recognizeCandidate:b32d7882-88db-4fe6-9cca-6a25122d474d
2019-10-17 02:14:50,152 [grpc-default-executor-2] INFO  impl.RoleInfo (RoleInfo.java:shutdownFollowerState(121)) - a6b2ebfb-69a0-457c-b6cd-a50cc148b564: shutdown FollowerState
2019-10-17 02:14:50,152 [grpc-default-executor-2] INFO  impl.RoleInfo (RoleInfo.java:updateAndGet(143)) - a6b2ebfb-69a0-457c-b6cd-a50cc148b564: start FollowerState
2019-10-17 02:14:50,152 [Thread-2243] INFO  impl.FollowerState (FollowerState.java:run(117)) - a6b2ebfb-69a0-457c-b6cd-a50cc148b564@group-896385CD49EE-FollowerState was interrupted: java.lang.InterruptedException: sleep interrupted
2019-10-17 02:14:50,166 [b32d7882-88db-4fe6-9cca-6a25122d474d@group-896385CD49EE-LeaderElection195] INFO  impl.LeaderElection (LeaderElection.java:logAndReturn(56)) - b32d7882-88db-4fe6-9cca-6a25122d474d@group-896385CD49EE-LeaderElection195: Election REJECTED; received 2 response(s) [b32d7882-88db-4fe6-9cca-6a25122d474d<-3aea292b-16fb-4e9b-be90-828afa8e8047#0:FAIL-t136, b32d7882-88db-4fe6-9cca-6a25122d474d<-a6b2ebfb-69a0-457c-b6cd-a50cc148b564#0:FAIL-t136] and 0 exception(s); b32d7882-88db-4fe6-9cca-6a25122d474d@group-896385CD49EE:t136, leader=null, voted=b32d7882-88db-4fe6-9cca-6a25122d474d, raftlog=b32d7882-88db-4fe6-9cca-6a25122d474d@group-896385CD49EE-SegmentedRaftLog:OPENED:c-1,f-1,i0, conf=-1: [b32d7882-88db-4fe6-9cca-6a25122d474d:192.168.157.194:42206, 3aea292b-16fb-4e9b-be90-828afa8e8047:192.168.157.194:34569, a6b2ebfb-69a0-457c-b6cd-a50cc148b564:192.168.157.194:37298], old=null
2019-10-17 02:14:50,166 [b32d7882-88db-4fe6-9cca-6a25122d474d@group-896385CD49EE-LeaderElection195] INFO  impl.RaftServerImpl (RaftServerImpl.java:setRole(184)) - b32d7882-88db-4fe6-9cca-6a25122d474d@group-896385CD49EE: changes role from CANDIDATE to FOLLOWER at term 136 for DISCOVERED_A_NEW_TERM
2019-10-17 02:14:50,166 [b32d7882-88db-4fe6-9cca-6a25122d474d@group-896385CD49EE-LeaderElection195] INFO  impl.RoleInfo (RoleInfo.java:shutdownLeaderElection(134)) - b32d7882-88db-4fe6-9cca-6a25122d474d: shutdown LeaderElection
2019-10-17 02:14:50,166 [b32d7882-88db-4fe6-9cca-6a25122d474d@group-896385CD49EE-LeaderElection195] INFO  impl.RoleInfo (RoleInfo.java:updateAndGet(143)) - b32d7882-88db-4fe6-9cca-6a25122d474d: start FollowerState
2019-10-17 02:14:50,363 [Thread-2250] INFO  impl.FollowerState (FollowerState.java:run(108)) - b32d7882-88db-4fe6-9cca-6a25122d474d@group-896385CD49EE-FollowerState: change to CANDIDATE, lastRpcTime:197ms, electionTimeout:197ms
2019-10-17 02:14:50,364 [Thread-2250] INFO  impl.RoleInfo (RoleInfo.java:shutdownFollowerState(121)) - b32d7882-88db-4fe6-9cca-6a25122d474d: shutdown FollowerState
2019-10-17 02:14:50,364 [Thread-2250] INFO  impl.RaftServerImpl (RaftServerImpl.java:setRole(184)) - b32d7882-88db-4fe6-9cca-6a25122d474d@group-896385CD49EE: changes role from  FOLLOWER to CANDIDATE at term 136 for changeToCandidate
2019-10-17 02:14:50,364 [Thread-2250] INFO  impl.RoleInfo (RoleInfo.java:updateAndGet(143)) - b32d7882-88db-4fe6-9cca-6a25122d474d: start LeaderElection
2019-10-17 02:14:50,378 [b32d7882-88db-4fe6-9cca-6a25122d474d@group-896385CD49EE-LeaderElection196] INFO  impl.LeaderElection (LeaderElection.java:askForVotes(178)) - b32d7882-88db-4fe6-9cca-6a25122d474d@group-896385CD49EE-LeaderElection196: begin an election at term 137 for -1: [b32d7882-88db-4fe6-9cca-6a25122d474d:192.168.157.194:42206, 3aea292b-16fb-4e9b-be90-828afa8e8047:192.168.157.194:34569, a6b2ebfb-69a0-457c-b6cd-a50cc148b564:192.168.157.194:37298], old=null
2019-10-17 02:14:50,381 [grpc-default-executor-0] INFO  impl.RaftServerImpl (RaftServerImpl.java:setRole(184)) - 3aea292b-16fb-4e9b-be90-828afa8e8047@group-896385CD49EE: changes role from  FOLLOWER to FOLLOWER at term 137 for recognizeCandidate:b32d7882-88db-4fe6-9cca-6a25122d474d
2019-10-17 02:14:50,381 [grpc-default-executor-0] INFO  impl.RoleInfo (RoleInfo.java:shutdownFollowerState(121)) - 3aea292b-16fb-4e9b-be90-828afa8e8047: shutdown FollowerState
2019-10-17 02:14:50,381 [grpc-default-executor-0] INFO  impl.RoleInfo (RoleInfo.java:updateAndGet(143)) - 3aea292b-16fb-4e9b-be90-828afa8e8047: start FollowerState
2019-10-17 02:14:50,381 [Thread-2248] INFO  impl.FollowerState (FollowerState.java:run(117)) - 3aea292b-16fb-4e9b-be90-828afa8e8047@group-896385CD49EE-FollowerState was interrupted: java.lang.InterruptedException: sleep interrupted
2019-10-17 02:14:50,381 [grpc-default-executor-2] INFO  impl.RaftServerImpl (RaftServerImpl.java:setRole(184)) - a6b2ebfb-69a0-457c-b6cd-a50cc148b564@group-896385CD49EE: changes role from  FOLLOWER to FOLLOWER at term 137 for recognizeCandidate:b32d7882-88db-4fe6-9cca-6a25122d474d
2019-10-17 02:14:50,382 [grpc-default-executor-2] INFO  impl.RoleInfo (RoleInfo.java:shutdownFollowerState(121)) - a6b2ebfb-69a0-457c-b6cd-a50cc148b564: shutdown FollowerState
2019-10-17 02:14:50,382 [grpc-default-executor-2] INFO  impl.RoleInfo (RoleInfo.java:updateAndGet(143)) - a6b2ebfb-69a0-457c-b6cd-a50cc148b564: start FollowerState
2019-10-17 02:14:50,382 [Thread-2249] INFO  impl.FollowerState (FollowerState.java:run(117)) - a6b2ebfb-69a0-457c-b6cd-a50cc148b564@group-896385CD49EE-FollowerState was interrupted: java.lang.InterruptedException: sleep interrupted
2019-10-17 02:14:50,385 [b32d7882-88db-4fe6-9cca-6a25122d474d@group-896385CD49EE-LeaderElection196] INFO  impl.LeaderElection (LeaderElection.java:logAndReturn(56)) - b32d7882-88db-4fe6-9cca-6a25122d474d@group-896385CD49EE-LeaderElection196: Election TIMEOUT; received 0 response(s) [] and 0 exception(s); b32d7882-88db-4fe6-9cca-6a25122d474d@group-896385CD49EE:t137, leader=null, voted=b32d7882-88db-4fe6-9cca-6a25122d474d, raftlog=b32d7882-88db-4fe6-9cca-6a25122d474d@group-896385CD49EE-SegmentedRaftLog:OPENED:c-1,f-1,i0, conf=-1: [b32d7882-88db-4fe6-9cca-6a25122d474d:192.168.157.194:42206, 3aea292b-16fb-4e9b-be90-828afa8e8047:192.168.157.194:34569, a6b2ebfb-69a0-457c-b6cd-a50cc148b564:192.168.157.194:37298], old=null
2019-10-17 02:14:50,395 [b32d7882-88db-4fe6-9cca-6a25122d474d@group-896385CD49EE-LeaderElection196] INFO  impl.LeaderElection (LeaderElection.java:askForVotes(178)) - b32d7882-88db-4fe6-9cca-6a25122d474d@group-896385CD49EE-LeaderElection196: begin an election at term 138 for -1: [b32d7882-88db-4fe6-9cca-6a25122d474d:192.168.157.194:42206, 3aea292b-16fb-4e9b-be90-828afa8e8047:192.168.157.194:34569, a6b2ebfb-69a0-457c-b6cd-a50cc148b564:192.168.157.194:37298], old=null
2019-10-17 02:14:50,398 [grpc-default-executor-2] INFO  impl.RaftServerImpl (RaftServerImpl.java:setRole(184)) - a6b2ebfb-69a0-457c-b6cd-a50cc148b564@group-896385CD49EE: changes role from  FOLLOWER to FOLLOWER at term 138 for recognizeCandidate:b32d7882-88db-4fe6-9cca-6a25122d474d
2019-10-17 02:14:50,398 [grpc-default-executor-2] INFO  impl.RoleInfo (RoleInfo.java:shutdownFollowerState(121)) - a6b2ebfb-69a0-457c-b6cd-a50cc148b564: shutdown FollowerState
2019-10-17 02:14:50,398 [grpc-default-executor-2] INFO  impl.RoleInfo (RoleInfo.java:updateAndGet(143)) - a6b2ebfb-69a0-457c-b6cd-a50cc148b564: start FollowerState
2019-10-17 02:14:50,398 [Thread-2255] INFO  impl.FollowerState (FollowerState.java:run(117)) - a6b2ebfb-69a0-457c-b6cd-a50cc148b564@group-896385CD49EE-FollowerState was interrupted: java.lang.InterruptedException: sleep interrupted
2019-10-17 02:14:50,401 [grpc-default-executor-0] INFO  impl.RaftServerImpl (RaftServerImpl.java:setRole(184)) - 3aea292b-16fb-4e9b-be90-828afa8e8047@group-896385CD49EE: changes role from  FOLLOWER to FOLLOWER at term 138 for recognizeCandidate:b32d7882-88db-4fe6-9cca-6a25122d474d
2019-10-17 02:14:50,401 [grpc-default-executor-0] INFO  impl.RoleInfo (RoleInfo.java:shutdownFollowerState(121)) - 3aea292b-16fb-4e9b-be90-828afa8e8047: shutdown FollowerState
2019-10-17 02:14:50,402 [grpc-default-executor-0] INFO  impl.RoleInfo (RoleInfo.java:updateAndGet(143)) - 3aea292b-16fb-4e9b-be90-828afa8e8047: start FollowerState
2019-10-17 02:14:50,402 [Thread-2254] INFO  impl.FollowerState (FollowerState.java:run(117)) - 3aea292b-16fb-4e9b-be90-828afa8e8047@group-896385CD49EE-FollowerState was interrupted: java.lang.InterruptedException: sleep interrupted
2019-10-17 02:14:50,413 [b32d7882-88db-4fe6-9cca-6a25122d474d@group-896385CD49EE-LeaderElection196] INFO  impl.LeaderElection (LeaderElection.java:logAndReturn(56)) - b32d7882-88db-4fe6-9cca-6a25122d474d@group-896385CD49EE-LeaderElection196: Election REJECTED; received 2 response(s) [b32d7882-88db-4fe6-9cca-6a25122d474d<-3aea292b-16fb-4e9b-be90-828afa8e8047#0:FAIL-t138, b32d7882-88db-4fe6-9cca-6a25122d474d<-a6b2ebfb-69a0-457c-b6cd-a50cc148b564#0:FAIL-t138] and 0 exception(s); b32d7882-88db-4fe6-9cca-6a25122d474d@group-896385CD49EE:t138, leader=null, voted=b32d7882-88db-4fe6-9cca-6a25122d474d, raftlog=b32d7882-88db-4fe6-9cca-6a25122d474d@group-896385CD49EE-SegmentedRaftLog:OPENED:c-1,f-1,i0, conf=-1: [b32d7882-88db-4fe6-9cca-6a25122d474d:192.168.157.194:42206, 3aea292b-16fb-4e9b-be90-828afa8e8047:192.168.157.194:34569, a6b2ebfb-69a0-457c-b6cd-a50cc148b564:192.168.157.194:37298], old=null
2019-10-17 02:14:50,413 [b32d7882-88db-4fe6-9cca-6a25122d474d@group-896385CD49EE-LeaderElection196] INFO  impl.RaftServerImpl (RaftServerImpl.java:setRole(184)) - b32d7882-88db-4fe6-9cca-6a25122d474d@group-896385CD49EE: changes role from CANDIDATE to FOLLOWER at term 138 for DISCOVERED_A_NEW_TERM
2019-10-17 02:14:50,413 [b32d7882-88db-4fe6-9cca-6a25122d474d@group-896385CD49EE-LeaderElection196] INFO  impl.RoleInfo (RoleInfo.java:shutdownLeaderElection(134)) - b32d7882-88db-4fe6-9cca-6a25122d474d: shutdown LeaderElection
2019-10-17 02:14:50,413 [b32d7882-88db-4fe6-9cca-6a25122d474d@group-896385CD49EE-LeaderElection196] INFO  impl.RoleInfo (RoleInfo.java:updateAndGet(143)) - b32d7882-88db-4fe6-9cca-6a25122d474d: start FollowerState
2019-10-17 02:14:50,579 [Thread-2260] INFO  impl.FollowerState (FollowerState.java:run(108)) - b32d7882-88db-4fe6-9cca-6a25122d474d@group-896385CD49EE-FollowerState: change to CANDIDATE, lastRpcTime:165ms, electionTimeout:165ms
2019-10-17 02:14:50,579 [Thread-2260] INFO  impl.RoleInfo (RoleInfo.java:shutdownFollowerState(121)) - b32d7882-88db-4fe6-9cca-6a25122d474d: shutdown FollowerState
2019-10-17 02:14:50,579 [Thread-2260] INFO  impl.RaftServerImpl (RaftServerImpl.java:setRole(184)) - b32d7882-88db-4fe6-9cca-6a25122d474d@group-896385CD49EE: changes role from  FOLLOWER to CANDIDATE at term 138 for changeToCandidate
2019-10-17 02:14:50,579 [Thread-2260] INFO  impl.RoleInfo (RoleInfo.java:updateAndGet(143)) - b32d7882-88db-4fe6-9cca-6a25122d474d: start LeaderElection
2019-10-17 02:14:50,594 [b32d7882-88db-4fe6-9cca-6a25122d474d@group-896385CD49EE-LeaderElection197] INFO  impl.LeaderElection (LeaderElection.java:askForVotes(178)) - b32d7882-88db-4fe6-9cca-6a25122d474d@group-896385CD49EE-LeaderElection197: begin an election at term 139 for -1: [b32d7882-88db-4fe6-9cca-6a25122d474d:192.168.157.194:42206, 3aea292b-16fb-4e9b-be90-828afa8e8047:192.168.157.194:34569, a6b2ebfb-69a0-457c-b6cd-a50cc148b564:192.168.157.194:37298], old=null
2019-10-17 02:14:50,596 [grpc-default-executor-0] INFO  impl.RaftServerImpl (RaftServerImpl.java:setRole(184)) - 3aea292b-16fb-4e9b-be90-828afa8e8047@group-896385CD49EE: changes role from  FOLLOWER to FOLLOWER at term 139 for recognizeCandidate:b32d7882-88db-4fe6-9cca-6a25122d474d
2019-10-17 02:14:50,597 [grpc-default-executor-0] INFO  impl.RoleInfo (RoleInfo.java:shutdownFollowerState(121)) - 3aea292b-16fb-4e9b-be90-828afa8e8047: shutdown FollowerState
2019-10-17 02:14:50,596 [grpc-default-executor-2] INFO  impl.RaftServerImpl (RaftServerImpl.java:setRole(184)) - a6b2ebfb-69a0-457c-b6cd-a50cc148b564@group-896385CD49EE: changes role from  FOLLOWER to FOLLOWER at term 139 for recognizeCandidate:b32d7882-88db-4fe6-9cca-6a25122d474d
2019-10-17 02:14:50,597 [Thread-2259] INFO  impl.FollowerState (FollowerState.java:run(117)) - 3aea292b-16fb-4e9b-be90-828afa8e8047@group-896385CD49EE-FollowerState was interrupted: java.lang.InterruptedException: sleep interrupted
2019-10-17 02:14:50,597 [grpc-default-executor-0] INFO  impl.RoleInfo (RoleInfo.java:updateAndGet(143)) - 3aea292b-16fb-4e9b-be90-828afa8e8047: start FollowerState
2019-10-17 02:14:50,597 [grpc-default-executor-2] INFO  impl.RoleInfo (RoleInfo.java:shutdownFollowerState(121)) - a6b2ebfb-69a0-457c-b6cd-a50cc148b564: shutdown FollowerState
2019-10-17 02:14:50,598 [grpc-default-executor-2] INFO  impl.RoleInfo (RoleInfo.java:updateAndGet(143)) - a6b2ebfb-69a0-457c-b6cd-a50cc148b564: start FollowerState
2019-10-17 02:14:50,598 [Thread-2258] INFO  impl.FollowerState (FollowerState.java:run(117)) - a6b2ebfb-69a0-457c-b6cd-a50cc148b564@group-896385CD49EE-FollowerState was interrupted: java.lang.InterruptedException: sleep interrupted
2019-10-17 02:14:50,613 [b32d7882-88db-4fe6-9cca-6a25122d474d@group-896385CD49EE-LeaderElection197] INFO  impl.LeaderElection (LeaderElection.java:logAndReturn(56)) - b32d7882-88db-4fe6-9cca-6a25122d474d@group-896385CD49EE-LeaderElection197: Election REJECTED; received 2 response(s) [b32d7882-88db-4fe6-9cca-6a25122d474d<-3aea292b-16fb-4e9b-be90-828afa8e8047#0:FAIL-t139, b32d7882-88db-4fe6-9cca-6a25122d474d<-a6b2ebfb-69a0-457c-b6cd-a50cc148b564#0:FAIL-t139] and 0 exception(s); b32d7882-88db-4fe6-9cca-6a25122d474d@group-896385CD49EE:t139, leader=null, voted=b32d7882-88db-4fe6-9cca-6a25122d474d, raftlog=b32d7882-88db-4fe6-9cca-6a25122d474d@group-896385CD49EE-SegmentedRaftLog:OPENED:c-1,f-1,i0, conf=-1: [b32d7882-88db-4fe6-9cca-6a25122d474d:192.168.157.194:42206, 3aea292b-16fb-4e9b-be90-828afa8e8047:192.168.157.194:34569, a6b2ebfb-69a0-457c-b6cd-a50cc148b564:192.168.157.194:37298], old=null
2019-10-17 02:14:50,613 [b32d7882-88db-4fe6-9cca-6a25122d474d@group-896385CD49EE-LeaderElection197] INFO  impl.RaftServerImpl (RaftServerImpl.java:setRole(184)) - b32d7882-88db-4fe6-9cca-6a25122d474d@group-896385CD49EE: changes role from CANDIDATE to FOLLOWER at term 139 for DISCOVERED_A_NEW_TERM
2019-10-17 02:14:50,614 [b32d7882-88db-4fe6-9cca-6a25122d474d@group-896385CD49EE-LeaderElection197] INFO  impl.RoleInfo (RoleInfo.java:shutdownLeaderElection(134)) - b32d7882-88db-4fe6-9cca-6a25122d474d: shutdown LeaderElection
2019-10-17 02:14:50,614 [b32d7882-88db-4fe6-9cca-6a25122d474d@group-896385CD49EE-LeaderElection197] INFO  impl.RoleInfo (RoleInfo.java:updateAndGet(143)) - b32d7882-88db-4fe6-9cca-6a25122d474d: start FollowerState
2019-10-17 02:14:50,810 [Thread-2266] INFO  impl.FollowerState (FollowerState.java:run(108)) - b32d7882-88db-4fe6-9cca-6a25122d474d@group-896385CD49EE-FollowerState: change to CANDIDATE, lastRpcTime:196ms, electionTimeout:196ms
2019-10-17 02:14:50,810 [Thread-2266] INFO  impl.RoleInfo (RoleInfo.java:shutdownFollowerState(121)) - b32d7882-88db-4fe6-9cca-6a25122d474d: shutdown FollowerState
2019-10-17 02:14:50,810 [Thread-2266] INFO  impl.RaftServerImpl (RaftServerImpl.java:setRole(184)) - b32d7882-88db-4fe6-9cca-6a25122d474d@group-896385CD49EE: changes role from  FOLLOWER to CANDIDATE at term 139 for changeToCandidate
2019-10-17 02:14:50,810 [Thread-2266] INFO  impl.RoleInfo (RoleInfo.java:updateAndGet(143)) - b32d7882-88db-4fe6-9cca-6a25122d474d: start LeaderElection
2019-10-17 02:14:50,824 [b32d7882-88db-4fe6-9cca-6a25122d474d@group-896385CD49EE-LeaderElection198] INFO  impl.LeaderElection (LeaderElection.java:askForVotes(178)) - b32d7882-88db-4fe6-9cca-6a25122d474d@group-896385CD49EE-LeaderElection198: begin an election at term 140 for -1: [b32d7882-88db-4fe6-9cca-6a25122d474d:192.168.157.194:42206, 3aea292b-16fb-4e9b-be90-828afa8e8047:192.168.157.194:34569, a6b2ebfb-69a0-457c-b6cd-a50cc148b564:192.168.157.194:37298], old=null
2019-10-17 02:14:50,827 [grpc-default-executor-0] INFO  impl.RaftServerImpl (RaftServerImpl.java:setRole(184)) - 3aea292b-16fb-4e9b-be90-828afa8e8047@group-896385CD49EE: changes role from  FOLLOWER to FOLLOWER at term 140 for recognizeCandidate:b32d7882-88db-4fe6-9cca-6a25122d474d
2019-10-17 02:14:50,827 [grpc-default-executor-0] INFO  impl.RoleInfo (RoleInfo.java:shutdownFollowerState(121)) - 3aea292b-16fb-4e9b-be90-828afa8e8047: shutdown FollowerState
2019-10-17 02:14:50,827 [grpc-default-executor-0] INFO  impl.RoleInfo (RoleInfo.java:updateAndGet(143)) - 3aea292b-16fb-4e9b-be90-828afa8e8047: start FollowerState
2019-10-17 02:14:50,827 [Thread-2264] INFO  impl.FollowerState (FollowerState.java:run(117)) - 3aea292b-16fb-4e9b-be90-828afa8e8047@group-896385CD49EE-FollowerState was interrupted: java.lang.InterruptedException: sleep interrupted
2019-10-17 02:14:50,827 [grpc-default-executor-2] INFO  impl.RaftServerImpl (RaftServerImpl.java:setRole(184)) - a6b2ebfb-69a0-457c-b6cd-a50cc148b564@group-896385CD49EE: changes role from  FOLLOWER to FOLLOWER at term 140 for recognizeCandidate:b32d7882-88db-4fe6-9cca-6a25122d474d
2019-10-17 02:14:50,828 [grpc-default-executor-2] INFO  impl.RoleInfo (RoleInfo.java:shutdownFollowerState(121)) - a6b2ebfb-69a0-457c-b6cd-a50cc148b564: shutdown FollowerState
2019-10-17 02:14:50,828 [grpc-default-executor-2] INFO  impl.RoleInfo (RoleInfo.java:updateAndGet(143)) - a6b2ebfb-69a0-457c-b6cd-a50cc148b564: start FollowerState
2019-10-17 02:14:50,828 [Thread-2265] INFO  impl.FollowerState (FollowerState.java:run(117)) - a6b2ebfb-69a0-457c-b6cd-a50cc148b564@group-896385CD49EE-FollowerState was interrupted: java.lang.InterruptedException: sleep interrupted
2019-10-17 02:14:50,842 [b32d7882-88db-4fe6-9cca-6a25122d474d@group-896385CD49EE-LeaderElection198] INFO  impl.LeaderElection (LeaderElection.java:logAndReturn(56)) - b32d7882-88db-4fe6-9cca-6a25122d474d@group-896385CD49EE-LeaderElection198: Election REJECTED; received 2 response(s) [b32d7882-88db-4fe6-9cca-6a25122d474d<-3aea292b-16fb-4e9b-be90-828afa8e8047#0:FAIL-t140, b32d7882-88db-4fe6-9cca-6a25122d474d<-a6b2ebfb-69a0-457c-b6cd-a50cc148b564#0:FAIL-t140] and 0 exception(s); b32d7882-88db-4fe6-9cca-6a25122d474d@group-896385CD49EE:t140, leader=null, voted=b32d7882-88db-4fe6-9cca-6a25122d474d, raftlog=b32d7882-88db-4fe6-9cca-6a25122d474d@group-896385CD49EE-SegmentedRaftLog:OPENED:c-1,f-1,i0, conf=-1: [b32d7882-88db-4fe6-9cca-6a25122d474d:192.168.157.194:42206, 3aea292b-16fb-4e9b-be90-828afa8e8047:192.168.157.194:34569, a6b2ebfb-69a0-457c-b6cd-a50cc148b564:192.168.157.194:37298], old=null
2019-10-17 02:14:50,842 [b32d7882-88db-4fe6-9cca-6a25122d474d@group-896385CD49EE-LeaderElection198] INFO  impl.RaftServerImpl (RaftServerImpl.java:setRole(184)) - b32d7882-88db-4fe6-9cca-6a25122d474d@group-896385CD49EE: changes role from CANDIDATE to FOLLOWER at term 140 for DISCOVERED_A_NEW_TERM
2019-10-17 02:14:50,842 [b32d7882-88db-4fe6-9cca-6a25122d474d@group-896385CD49EE-LeaderElection198] INFO  impl.RoleInfo (RoleInfo.java:shutdownLeaderElection(134)) - b32d7882-88db-4fe6-9cca-6a25122d474d: shutdown LeaderElection
2019-10-17 02:14:50,842 [b32d7882-88db-4fe6-9cca-6a25122d474d@group-896385CD49EE-LeaderElection198] INFO  impl.RoleInfo (RoleInfo.java:updateAndGet(143)) - b32d7882-88db-4fe6-9cca-6a25122d474d: start FollowerState
2019-10-17 02:14:50,960 [Thread-2272] INFO  impl.FollowerState (FollowerState.java:run(108)) - b32d7882-88db-4fe6-9cca-6a25122d474d@group-896385CD49EE-FollowerState: change to CANDIDATE, lastRpcTime:117ms, electionTimeout:117ms
2019-10-17 02:14:50,960 [Thread-2272] INFO  impl.RoleInfo (RoleInfo.java:shutdownFollowerState(121)) - b32d7882-88db-4fe6-9cca-6a25122d474d: shutdown FollowerState
2019-10-17 02:14:50,960 [Thread-2272] INFO  impl.RaftServerImpl (RaftServerImpl.java:setRole(184)) - b32d7882-88db-4fe6-9cca-6a25122d474d@group-896385CD49EE: changes role from  FOLLOWER to CANDIDATE at term 140 for changeToCandidate
2019-10-17 02:14:50,960 [Thread-2272] INFO  impl.RoleInfo (RoleInfo.java:updateAndGet(143)) - b32d7882-88db-4fe6-9cca-6a25122d474d: start LeaderElection
2019-10-17 02:14:50,974 [b32d7882-88db-4fe6-9cca-6a25122d474d@group-896385CD49EE-LeaderElection199] INFO  impl.LeaderElection (LeaderElection.java:askForVotes(178)) - b32d7882-88db-4fe6-9cca-6a25122d474d@group-896385CD49EE-LeaderElection199: begin an election at term 141 for -1: [b32d7882-88db-4fe6-9cca-6a25122d474d:192.168.157.194:42206, 3aea292b-16fb-4e9b-be90-828afa8e8047:192.168.157.194:34569, a6b2ebfb-69a0-457c-b6cd-a50cc148b564:192.168.157.194:37298], old=null
2019-10-17 02:14:50,977 [grpc-default-executor-2] INFO  impl.RaftServerImpl (RaftServerImpl.java:setRole(184)) - a6b2ebfb-69a0-457c-b6cd-a50cc148b564@group-896385CD49EE: changes role from  FOLLOWER to FOLLOWER at term 141 for recognizeCandidate:b32d7882-88db-4fe6-9cca-6a25122d474d
2019-10-17 02:14:50,977 [grpc-default-executor-2] INFO  impl.RoleInfo (RoleInfo.java:shutdownFollowerState(121)) - a6b2ebfb-69a0-457c-b6cd-a50cc148b564: shutdown FollowerState
2019-10-17 02:14:50,977 [grpc-default-executor-2] INFO  impl.RoleInfo (RoleInfo.java:updateAndGet(143)) - a6b2ebfb-69a0-457c-b6cd-a50cc148b564: start FollowerState
2019-10-17 02:14:50,977 [grpc-default-executor-0] INFO  impl.RaftServerImpl (RaftServerImpl.java:setRole(184)) - 3aea292b-16fb-4e9b-be90-828afa8e8047@group-896385CD49EE: changes role from  FOLLOWER to FOLLOWER at term 141 for recognizeCandidate:b32d7882-88db-4fe6-9cca-6a25122d474d
2019-10-17 02:14:50,977 [Thread-2271] INFO  impl.FollowerState (FollowerState.java:run(117)) - a6b2ebfb-69a0-457c-b6cd-a50cc148b564@group-896385CD49EE-FollowerState was interrupted: java.lang.InterruptedException: sleep interrupted
2019-10-17 02:14:50,978 [grpc-default-executor-0] INFO  impl.RoleInfo (RoleInfo.java:shutdownFollowerState(121)) - 3aea292b-16fb-4e9b-be90-828afa8e8047: shutdown FollowerState
2019-10-17 02:14:50,978 [grpc-default-executor-0] INFO  impl.RoleInfo (RoleInfo.java:updateAndGet(143)) - 3aea292b-16fb-4e9b-be90-828afa8e8047: start FollowerState
2019-10-17 02:14:50,978 [Thread-2270] INFO  impl.FollowerState (FollowerState.java:run(117)) - 3aea292b-16fb-4e9b-be90-828afa8e8047@group-896385CD49EE-FollowerState was interrupted: java.lang.InterruptedException: sleep interrupted
2019-10-17 02:14:50,992 [b32d7882-88db-4fe6-9cca-6a25122d474d@group-896385CD49EE-LeaderElection199] INFO  impl.LeaderElection (LeaderElection.java:logAndReturn(56)) - b32d7882-88db-4fe6-9cca-6a25122d474d@group-896385CD49EE-LeaderElection199: Election REJECTED; received 2 response(s) [b32d7882-88db-4fe6-9cca-6a25122d474d<-3aea292b-16fb-4e9b-be90-828afa8e8047#0:FAIL-t141, b32d7882-88db-4fe6-9cca-6a25122d474d<-a6b2ebfb-69a0-457c-b6cd-a50cc148b564#0:FAIL-t141] and 0 exception(s); b32d7882-88db-4fe6-9cca-6a25122d474d@group-896385CD49EE:t141, leader=null, voted=b32d7882-88db-4fe6-9cca-6a25122d474d, raftlog=b32d7882-88db-4fe6-9cca-6a25122d474d@group-896385CD49EE-SegmentedRaftLog:OPENED:c-1,f-1,i0, conf=-1: [b32d7882-88db-4fe6-9cca-6a25122d474d:192.168.157.194:42206, 3aea292b-16fb-4e9b-be90-828afa8e8047:192.168.157.194:34569, a6b2ebfb-69a0-457c-b6cd-a50cc148b564:192.168.157.194:37298], old=null
2019-10-17 02:14:50,993 [b32d7882-88db-4fe6-9cca-6a25122d474d@group-896385CD49EE-LeaderElection199] INFO  impl.RaftServerImpl (RaftServerImpl.java:setRole(184)) - b32d7882-88db-4fe6-9cca-6a25122d474d@group-896385CD49EE: changes role from CANDIDATE to FOLLOWER at term 141 for DISCOVERED_A_NEW_TERM
2019-10-17 02:14:50,993 [b32d7882-88db-4fe6-9cca-6a25122d474d@group-896385CD49EE-LeaderElection199] INFO  impl.RoleInfo (RoleInfo.java:shutdownLeaderElection(134)) - b32d7882-88db-4fe6-9cca-6a25122d474d: shutdown LeaderElection
2019-10-17 02:14:50,993 [b32d7882-88db-4fe6-9cca-6a25122d474d@group-896385CD49EE-LeaderElection199] INFO  impl.RoleInfo (RoleInfo.java:updateAndGet(143)) - b32d7882-88db-4fe6-9cca-6a25122d474d: start FollowerState
2019-10-17 02:14:51,115 [Thread-2278] INFO  impl.FollowerState (FollowerState.java:run(108)) - b32d7882-88db-4fe6-9cca-6a25122d474d@group-896385CD49EE-FollowerState: change to CANDIDATE, lastRpcTime:122ms, electionTimeout:122ms
2019-10-17 02:14:51,116 [Thread-2278] INFO  impl.RoleInfo (RoleInfo.java:shutdownFollowerState(121)) - b32d7882-88db-4fe6-9cca-6a25122d474d: shutdown FollowerState
2019-10-17 02:14:51,116 [Thread-2278] INFO  impl.RaftServerImpl (RaftServerImpl.java:setRole(184)) - b32d7882-88db-4fe6-9cca-6a25122d474d@group-896385CD49EE: changes role from  FOLLOWER to CANDIDATE at term 141 for changeToCandidate
2019-10-17 02:14:51,116 [Thread-2278] INFO  impl.RoleInfo (RoleInfo.java:updateAndGet(143)) - b32d7882-88db-4fe6-9cca-6a25122d474d: start LeaderElection
2019-10-17 02:14:51,127 [b32d7882-88db-4fe6-9cca-6a25122d474d@group-896385CD49EE-LeaderElection200] INFO  impl.LeaderElection (LeaderElection.java:askForVotes(178)) - b32d7882-88db-4fe6-9cca-6a25122d474d@group-896385CD49EE-LeaderElection200: begin an election at term 142 for -1: [b32d7882-88db-4fe6-9cca-6a25122d474d:192.168.157.194:42206, 3aea292b-16fb-4e9b-be90-828afa8e8047:192.168.157.194:34569, a6b2ebfb-69a0-457c-b6cd-a50cc148b564:192.168.157.194:37298], old=null
2019-10-17 02:14:51,129 [grpc-default-executor-2] INFO  impl.RaftServerImpl (RaftServerImpl.java:setRole(184)) - a6b2ebfb-69a0-457c-b6cd-a50cc148b564@group-896385CD49EE: changes role from  FOLLOWER to FOLLOWER at term 142 for recognizeCandidate:b32d7882-88db-4fe6-9cca-6a25122d474d
2019-10-17 02:14:51,130 [grpc-default-executor-2] INFO  impl.RoleInfo (RoleInfo.java:shutdownFollowerState(121)) - a6b2ebfb-69a0-457c-b6cd-a50cc148b564: shutdown FollowerState
2019-10-17 02:14:51,130 [grpc-default-executor-0] INFO  impl.RaftServerImpl (RaftServerImpl.java:setRole(184)) - 3aea292b-16fb-4e9b-be90-828afa8e8047@group-896385CD49EE: changes role from  FOLLOWER to FOLLOWER at term 142 for recognizeCandidate:b32d7882-88db-4fe6-9cca-6a25122d474d
2019-10-17 02:14:51,130 [Thread-2276] INFO  impl.FollowerState (FollowerState.java:run(117)) - a6b2ebfb-69a0-457c-b6cd-a50cc148b564@group-896385CD49EE-FollowerState was interrupted: java.lang.InterruptedException: sleep interrupted
2019-10-17 02:14:51,130 [grpc-default-executor-2] INFO  impl.RoleInfo (RoleInfo.java:updateAndGet(143)) - a6b2ebfb-69a0-457c-b6cd-a50cc148b564: start FollowerState
2019-10-17 02:14:51,130 [grpc-default-executor-0] INFO  impl.RoleInfo (RoleInfo.java:shutdownFollowerState(121)) - 3aea292b-16fb-4e9b-be90-828afa8e8047: shutdown FollowerState
2019-10-17 02:14:51,131 [grpc-default-executor-0] INFO  impl.RoleInfo (RoleInfo.java:updateAndGet(143)) - 3aea292b-16fb-4e9b-be90-828afa8e8047: start FollowerState
2019-10-17 02:14:51,131 [Thread-2277] INFO  impl.FollowerState (FollowerState.java:run(117)) - 3aea292b-16fb-4e9b-be90-828afa8e8047@group-896385CD49EE-FollowerState was interrupted: java.lang.InterruptedException: sleep interrupted
2019-10-17 02:14:51,138 [main] INFO  ozone.MiniOzoneClusterImpl (MiniOzoneClusterImpl.java:lambda$waitForClusterToBeReady$2(164)) - Waiting for 1 number of pipelines out of 4, to report a leader.
2019-10-17 02:14:51,145 [b32d7882-88db-4fe6-9cca-6a25122d474d@group-896385CD49EE-LeaderElection200] INFO  impl.LeaderElection (LeaderElection.java:logAndReturn(56)) - b32d7882-88db-4fe6-9cca-6a25122d474d@group-896385CD49EE-LeaderElection200: Election REJECTED; received 2 response(s) [b32d7882-88db-4fe6-9cca-6a25122d474d<-3aea292b-16fb-4e9b-be90-828afa8e8047#0:FAIL-t142, b32d7882-88db-4fe6-9cca-6a25122d474d<-a6b2ebfb-69a0-457c-b6cd-a50cc148b564#0:FAIL-t142] and 0 exception(s); b32d7882-88db-4fe6-9cca-6a25122d474d@group-896385CD49EE:t142, leader=null, voted=b32d7882-88db-4fe6-9cca-6a25122d474d, raftlog=b32d7882-88db-4fe6-9cca-6a25122d474d@group-896385CD49EE-SegmentedRaftLog:OPENED:c-1,f-1,i0, conf=-1: [b32d7882-88db-4fe6-9cca-6a25122d474d:192.168.157.194:42206, 3aea292b-16fb-4e9b-be90-828afa8e8047:192.168.157.194:34569, a6b2ebfb-69a0-457c-b6cd-a50cc148b564:192.168.157.194:37298], old=null
2019-10-17 02:14:51,145 [b32d7882-88db-4fe6-9cca-6a25122d474d@group-896385CD49EE-LeaderElection200] INFO  impl.RaftServerImpl (RaftServerImpl.java:setRole(184)) - b32d7882-88db-4fe6-9cca-6a25122d474d@group-896385CD49EE: changes role from CANDIDATE to FOLLOWER at term 142 for DISCOVERED_A_NEW_TERM
2019-10-17 02:14:51,145 [b32d7882-88db-4fe6-9cca-6a25122d474d@group-896385CD49EE-LeaderElection200] INFO  impl.RoleInfo (RoleInfo.java:shutdownLeaderElection(134)) - b32d7882-88db-4fe6-9cca-6a25122d474d: shutdown LeaderElection
2019-10-17 02:14:51,145 [b32d7882-88db-4fe6-9cca-6a25122d474d@group-896385CD49EE-LeaderElection200] INFO  impl.RoleInfo (RoleInfo.java:updateAndGet(143)) - b32d7882-88db-4fe6-9cca-6a25122d474d: start FollowerState
2019-10-17 02:14:51,279 [Thread-2284] INFO  impl.FollowerState (FollowerState.java:run(108)) - b32d7882-88db-4fe6-9cca-6a25122d474d@group-896385CD49EE-FollowerState: change to CANDIDATE, lastRpcTime:133ms, electionTimeout:133ms
2019-10-17 02:14:51,279 [Thread-2284] INFO  impl.RoleInfo (RoleInfo.java:shutdownFollowerState(121)) - b32d7882-88db-4fe6-9cca-6a25122d474d: shutdown FollowerState
2019-10-17 02:14:51,279 [Thread-2284] INFO  impl.RaftServerImpl (RaftServerImpl.java:setRole(184)) - b32d7882-88db-4fe6-9cca-6a25122d474d@group-896385CD49EE: changes role from  FOLLOWER to CANDIDATE at term 142 for changeToCandidate
2019-10-17 02:14:51,279 [Thread-2284] INFO  impl.RoleInfo (RoleInfo.java:updateAndGet(143)) - b32d7882-88db-4fe6-9cca-6a25122d474d: start LeaderElection
2019-10-17 02:14:51,293 [b32d7882-88db-4fe6-9cca-6a25122d474d@group-896385CD49EE-LeaderElection201] INFO  impl.LeaderElection (LeaderElection.java:askForVotes(178)) - b32d7882-88db-4fe6-9cca-6a25122d474d@group-896385CD49EE-LeaderElection201: begin an election at term 143 for -1: [b32d7882-88db-4fe6-9cca-6a25122d474d:192.168.157.194:42206, 3aea292b-16fb-4e9b-be90-828afa8e8047:192.168.157.194:34569, a6b2ebfb-69a0-457c-b6cd-a50cc148b564:192.168.157.194:37298], old=null
2019-10-17 02:14:51,296 [grpc-default-executor-2] INFO  impl.RaftServerImpl (RaftServerImpl.java:setRole(184)) - a6b2ebfb-69a0-457c-b6cd-a50cc148b564@group-896385CD49EE: changes role from  FOLLOWER to FOLLOWER at term 143 for recognizeCandidate:b32d7882-88db-4fe6-9cca-6a25122d474d
2019-10-17 02:14:51,296 [grpc-default-executor-2] INFO  impl.RoleInfo (RoleInfo.java:shutdownFollowerState(121)) - a6b2ebfb-69a0-457c-b6cd-a50cc148b564: shutdown FollowerState
2019-10-17 02:14:51,296 [grpc-default-executor-0] INFO  impl.RaftServerImpl (RaftServerImpl.java:setRole(184)) - 3aea292b-16fb-4e9b-be90-828afa8e8047@group-896385CD49EE: changes role from  FOLLOWER to FOLLOWER at term 143 for recognizeCandidate:b32d7882-88db-4fe6-9cca-6a25122d474d
2019-10-17 02:14:51,296 [Thread-2282] INFO  impl.FollowerState (FollowerState.java:run(117)) - a6b2ebfb-69a0-457c-b6cd-a50cc148b564@group-896385CD49EE-FollowerState was interrupted: java.lang.InterruptedException: sleep interrupted
2019-10-17 02:14:51,296 [grpc-default-executor-2] INFO  impl.RoleInfo (RoleInfo.java:updateAndGet(143)) - a6b2ebfb-69a0-457c-b6cd-a50cc148b564: start FollowerState
2019-10-17 02:14:51,296 [grpc-default-executor-0] INFO  impl.RoleInfo (RoleInfo.java:shutdownFollowerState(121)) - 3aea292b-16fb-4e9b-be90-828afa8e8047: shutdown FollowerState
2019-10-17 02:14:51,296 [grpc-default-executor-0] INFO  impl.RoleInfo (RoleInfo.java:updateAndGet(143)) - 3aea292b-16fb-4e9b-be90-828afa8e8047: start FollowerState
2019-10-17 02:14:51,297 [Thread-2283] INFO  impl.FollowerState (FollowerState.java:run(117)) - 3aea292b-16fb-4e9b-be90-828afa8e8047@group-896385CD49EE-FollowerState was interrupted: java.lang.InterruptedException: sleep interrupted
2019-10-17 02:14:51,310 [b32d7882-88db-4fe6-9cca-6a25122d474d@group-896385CD49EE-LeaderElection201] INFO  impl.LeaderElection (LeaderElection.java:logAndReturn(56)) - b32d7882-88db-4fe6-9cca-6a25122d474d@group-896385CD49EE-LeaderElection201: Election REJECTED; received 2 response(s) [b32d7882-88db-4fe6-9cca-6a25122d474d<-3aea292b-16fb-4e9b-be90-828afa8e8047#0:FAIL-t143, b32d7882-88db-4fe6-9cca-6a25122d474d<-a6b2ebfb-69a0-457c-b6cd-a50cc148b564#0:FAIL-t143] and 0 exception(s); b32d7882-88db-4fe6-9cca-6a25122d474d@group-896385CD49EE:t143, leader=null, voted=b32d7882-88db-4fe6-9cca-6a25122d474d, raftlog=b32d7882-88db-4fe6-9cca-6a25122d474d@group-896385CD49EE-SegmentedRaftLog:OPENED:c-1,f-1,i0, conf=-1: [b32d7882-88db-4fe6-9cca-6a25122d474d:192.168.157.194:42206, 3aea292b-16fb-4e9b-be90-828afa8e8047:192.168.157.194:34569, a6b2ebfb-69a0-457c-b6cd-a50cc148b564:192.168.157.194:37298], old=null
2019-10-17 02:14:51,311 [b32d7882-88db-4fe6-9cca-6a25122d474d@group-896385CD49EE-LeaderElection201] INFO  impl.RaftServerImpl (RaftServerImpl.java:setRole(184)) - b32d7882-88db-4fe6-9cca-6a25122d474d@group-896385CD49EE: changes role from CANDIDATE to FOLLOWER at term 143 for DISCOVERED_A_NEW_TERM
2019-10-17 02:14:51,311 [b32d7882-88db-4fe6-9cca-6a25122d474d@group-896385CD49EE-LeaderElection201] INFO  impl.RoleInfo (RoleInfo.java:shutdownLeaderElection(134)) - b32d7882-88db-4fe6-9cca-6a25122d474d: shutdown LeaderElection
2019-10-17 02:14:51,311 [b32d7882-88db-4fe6-9cca-6a25122d474d@group-896385CD49EE-LeaderElection201] INFO  impl.RoleInfo (RoleInfo.java:updateAndGet(143)) - b32d7882-88db-4fe6-9cca-6a25122d474d: start FollowerState
2019-10-17 02:14:51,508 [Thread-2290] INFO  impl.FollowerState (FollowerState.java:run(108)) - b32d7882-88db-4fe6-9cca-6a25122d474d@group-896385CD49EE-FollowerState: change to CANDIDATE, lastRpcTime:197ms, electionTimeout:197ms
2019-10-17 02:14:51,509 [Thread-2290] INFO  impl.RoleInfo (RoleInfo.java:shutdownFollowerState(121)) - b32d7882-88db-4fe6-9cca-6a25122d474d: shutdown FollowerState
2019-10-17 02:14:51,509 [Thread-2290] INFO  impl.RaftServerImpl (RaftServerImpl.java:setRole(184)) - b32d7882-88db-4fe6-9cca-6a25122d474d@group-896385CD49EE: changes role from  FOLLOWER to CANDIDATE at term 143 for changeToCandidate
2019-10-17 02:14:51,509 [Thread-2290] INFO  impl.RoleInfo (RoleInfo.java:updateAndGet(143)) - b32d7882-88db-4fe6-9cca-6a25122d474d: start LeaderElection
2019-10-17 02:14:51,523 [b32d7882-88db-4fe6-9cca-6a25122d474d@group-896385CD49EE-LeaderElection202] INFO  impl.LeaderElection (LeaderElection.java:askForVotes(178)) - b32d7882-88db-4fe6-9cca-6a25122d474d@group-896385CD49EE-LeaderElection202: begin an election at term 144 for -1: [b32d7882-88db-4fe6-9cca-6a25122d474d:192.168.157.194:42206, 3aea292b-16fb-4e9b-be90-828afa8e8047:192.168.157.194:34569, a6b2ebfb-69a0-457c-b6cd-a50cc148b564:192.168.157.194:37298], old=null
2019-10-17 02:14:51,526 [grpc-default-executor-2] INFO  impl.RaftServerImpl (RaftServerImpl.java:setRole(184)) - 3aea292b-16fb-4e9b-be90-828afa8e8047@group-896385CD49EE: changes role from  FOLLOWER to FOLLOWER at term 144 for recognizeCandidate:b32d7882-88db-4fe6-9cca-6a25122d474d
2019-10-17 02:14:51,526 [grpc-default-executor-2] INFO  impl.RoleInfo (RoleInfo.java:shutdownFollowerState(121)) - 3aea292b-16fb-4e9b-be90-828afa8e8047: shutdown FollowerState
2019-10-17 02:14:51,526 [grpc-default-executor-0] INFO  impl.RaftServerImpl (RaftServerImpl.java:setRole(184)) - a6b2ebfb-69a0-457c-b6cd-a50cc148b564@group-896385CD49EE: changes role from  FOLLOWER to FOLLOWER at term 144 for recognizeCandidate:b32d7882-88db-4fe6-9cca-6a25122d474d
2019-10-17 02:14:51,527 [Thread-2289] INFO  impl.FollowerState (FollowerState.java:run(117)) - 3aea292b-16fb-4e9b-be90-828afa8e8047@group-896385CD49EE-FollowerState was interrupted: java.lang.InterruptedException: sleep interrupted
2019-10-17 02:14:51,527 [grpc-default-executor-2] INFO  impl.RoleInfo (RoleInfo.java:updateAndGet(143)) - 3aea292b-16fb-4e9b-be90-828afa8e8047: start FollowerState
2019-10-17 02:14:51,527 [grpc-default-executor-0] INFO  impl.RoleInfo (RoleInfo.java:shutdownFollowerState(121)) - a6b2ebfb-69a0-457c-b6cd-a50cc148b564: shutdown FollowerState
2019-10-17 02:14:51,527 [grpc-default-executor-0] INFO  impl.RoleInfo (RoleInfo.java:updateAndGet(143)) - a6b2ebfb-69a0-457c-b6cd-a50cc148b564: start FollowerState
2019-10-17 02:14:51,527 [Thread-2288] INFO  impl.FollowerState (FollowerState.java:run(117)) - a6b2ebfb-69a0-457c-b6cd-a50cc148b564@group-896385CD49EE-FollowerState was interrupted: java.lang.InterruptedException: sleep interrupted
2019-10-17 02:14:51,541 [b32d7882-88db-4fe6-9cca-6a25122d474d@group-896385CD49EE-LeaderElection202] INFO  impl.LeaderElection (LeaderElection.java:logAndReturn(56)) - b32d7882-88db-4fe6-9cca-6a25122d474d@group-896385CD49EE-LeaderElection202: Election REJECTED; received 2 response(s) [b32d7882-88db-4fe6-9cca-6a25122d474d<-3aea292b-16fb-4e9b-be90-828afa8e8047#0:FAIL-t144, b32d7882-88db-4fe6-9cca-6a25122d474d<-a6b2ebfb-69a0-457c-b6cd-a50cc148b564#0:FAIL-t144] and 0 exception(s); b32d7882-88db-4fe6-9cca-6a25122d474d@group-896385CD49EE:t144, leader=null, voted=b32d7882-88db-4fe6-9cca-6a25122d474d, raftlog=b32d7882-88db-4fe6-9cca-6a25122d474d@group-896385CD49EE-SegmentedRaftLog:OPENED:c-1,f-1,i0, conf=-1: [b32d7882-88db-4fe6-9cca-6a25122d474d:192.168.157.194:42206, 3aea292b-16fb-4e9b-be90-828afa8e8047:192.168.157.194:34569, a6b2ebfb-69a0-457c-b6cd-a50cc148b564:192.168.157.194:37298], old=null
2019-10-17 02:14:51,542 [b32d7882-88db-4fe6-9cca-6a25122d474d@group-896385CD49EE-LeaderElection202] INFO  impl.RaftServerImpl (RaftServerImpl.java:setRole(184)) - b32d7882-88db-4fe6-9cca-6a25122d474d@group-896385CD49EE: changes role from CANDIDATE to FOLLOWER at term 144 for DISCOVERED_A_NEW_TERM
2019-10-17 02:14:51,542 [b32d7882-88db-4fe6-9cca-6a25122d474d@group-896385CD49EE-LeaderElection202] INFO  impl.RoleInfo (RoleInfo.java:shutdownLeaderElection(134)) - b32d7882-88db-4fe6-9cca-6a25122d474d: shutdown LeaderElection
2019-10-17 02:14:51,542 [b32d7882-88db-4fe6-9cca-6a25122d474d@group-896385CD49EE-LeaderElection202] INFO  impl.RoleInfo (RoleInfo.java:updateAndGet(143)) - b32d7882-88db-4fe6-9cca-6a25122d474d: start FollowerState
2019-10-17 02:14:51,633 [Thread-2296] INFO  impl.FollowerState (FollowerState.java:run(108)) - b32d7882-88db-4fe6-9cca-6a25122d474d@group-896385CD49EE-FollowerState: change to CANDIDATE, lastRpcTime:91ms, electionTimeout:91ms
2019-10-17 02:14:51,634 [Thread-2296] INFO  impl.RoleInfo (RoleInfo.java:shutdownFollowerState(121)) - b32d7882-88db-4fe6-9cca-6a25122d474d: shutdown FollowerState
2019-10-17 02:14:51,634 [Thread-2296] INFO  impl.RaftServerImpl (RaftServerImpl.java:setRole(184)) - b32d7882-88db-4fe6-9cca-6a25122d474d@group-896385CD49EE: changes role from  FOLLOWER to CANDIDATE at term 144 for changeToCandidate
2019-10-17 02:14:51,634 [Thread-2296] INFO  impl.RoleInfo (RoleInfo.java:updateAndGet(143)) - b32d7882-88db-4fe6-9cca-6a25122d474d: start LeaderElection
2019-10-17 02:14:51,647 [b32d7882-88db-4fe6-9cca-6a25122d474d@group-896385CD49EE-LeaderElection203] INFO  impl.LeaderElection (LeaderElection.java:askForVotes(178)) - b32d7882-88db-4fe6-9cca-6a25122d474d@group-896385CD49EE-LeaderElection203: begin an election at term 145 for -1: [b32d7882-88db-4fe6-9cca-6a25122d474d:192.168.157.194:42206, 3aea292b-16fb-4e9b-be90-828afa8e8047:192.168.157.194:34569, a6b2ebfb-69a0-457c-b6cd-a50cc148b564:192.168.157.194:37298], old=null
2019-10-17 02:14:51,650 [grpc-default-executor-2] INFO  impl.RaftServerImpl (RaftServerImpl.java:setRole(184)) - 3aea292b-16fb-4e9b-be90-828afa8e8047@group-896385CD49EE: changes role from  FOLLOWER to FOLLOWER at term 145 for recognizeCandidate:b32d7882-88db-4fe6-9cca-6a25122d474d
2019-10-17 02:14:51,650 [grpc-default-executor-0] INFO  impl.RaftServerImpl (RaftServerImpl.java:setRole(184)) - a6b2ebfb-69a0-457c-b6cd-a50cc148b564@group-896385CD49EE: changes role from  FOLLOWER to FOLLOWER at term 145 for recognizeCandidate:b32d7882-88db-4fe6-9cca-6a25122d474d
2019-10-17 02:14:51,650 [grpc-default-executor-2] INFO  impl.RoleInfo (RoleInfo.java:shutdownFollowerState(121)) - 3aea292b-16fb-4e9b-be90-828afa8e8047: shutdown FollowerState
2019-10-17 02:14:51,650 [grpc-default-executor-0] INFO  impl.RoleInfo (RoleInfo.java:shutdownFollowerState(121)) - a6b2ebfb-69a0-457c-b6cd-a50cc148b564: shutdown FollowerState
2019-10-17 02:14:51,651 [grpc-default-executor-2] INFO  impl.RoleInfo (RoleInfo.java:updateAndGet(143)) - 3aea292b-16fb-4e9b-be90-828afa8e8047: start FollowerState
2019-10-17 02:14:51,651 [grpc-default-executor-0] INFO  impl.RoleInfo (RoleInfo.java:updateAndGet(143)) - a6b2ebfb-69a0-457c-b6cd-a50cc148b564: start FollowerState
2019-10-17 02:14:51,651 [Thread-2294] INFO  impl.FollowerState (FollowerState.java:run(117)) - 3aea292b-16fb-4e9b-be90-828afa8e8047@group-896385CD49EE-FollowerState was interrupted: java.lang.InterruptedException: sleep interrupted
2019-10-17 02:14:51,651 [Thread-2295] INFO  impl.FollowerState (FollowerState.java:run(117)) - a6b2ebfb-69a0-457c-b6cd-a50cc148b564@group-896385CD49EE-FollowerState was interrupted: java.lang.InterruptedException: sleep interrupted
2019-10-17 02:14:51,666 [b32d7882-88db-4fe6-9cca-6a25122d474d@group-896385CD49EE-LeaderElection203] INFO  impl.LeaderElection (LeaderElection.java:logAndReturn(56)) - b32d7882-88db-4fe6-9cca-6a25122d474d@group-896385CD49EE-LeaderElection203: Election REJECTED; received 2 response(s) [b32d7882-88db-4fe6-9cca-6a25122d474d<-3aea292b-16fb-4e9b-be90-828afa8e8047#0:FAIL-t145, b32d7882-88db-4fe6-9cca-6a25122d474d<-a6b2ebfb-69a0-457c-b6cd-a50cc148b564#0:FAIL-t145] and 0 exception(s); b32d7882-88db-4fe6-9cca-6a25122d474d@group-896385CD49EE:t145, leader=null, voted=b32d7882-88db-4fe6-9cca-6a25122d474d, raftlog=b32d7882-88db-4fe6-9cca-6a25122d474d@group-896385CD49EE-SegmentedRaftLog:OPENED:c-1,f-1,i0, conf=-1: [b32d7882-88db-4fe6-9cca-6a25122d474d:192.168.157.194:42206, 3aea292b-16fb-4e9b-be90-828afa8e8047:192.168.157.194:34569, a6b2ebfb-69a0-457c-b6cd-a50cc148b564:192.168.157.194:37298], old=null
2019-10-17 02:14:51,666 [b32d7882-88db-4fe6-9cca-6a25122d474d@group-896385CD49EE-LeaderElection203] INFO  impl.RaftServerImpl (RaftServerImpl.java:setRole(184)) - b32d7882-88db-4fe6-9cca-6a25122d474d@group-896385CD49EE: changes role from CANDIDATE to FOLLOWER at term 145 for DISCOVERED_A_NEW_TERM
2019-10-17 02:14:51,666 [b32d7882-88db-4fe6-9cca-6a25122d474d@group-896385CD49EE-LeaderElection203] INFO  impl.RoleInfo (RoleInfo.java:shutdownLeaderElection(134)) - b32d7882-88db-4fe6-9cca-6a25122d474d: shutdown LeaderElection
2019-10-17 02:14:51,667 [b32d7882-88db-4fe6-9cca-6a25122d474d@group-896385CD49EE-LeaderElection203] INFO  impl.RoleInfo (RoleInfo.java:updateAndGet(143)) - b32d7882-88db-4fe6-9cca-6a25122d474d: start FollowerState
2019-10-17 02:14:51,817 [Thread-2302] INFO  impl.FollowerState (FollowerState.java:run(108)) - b32d7882-88db-4fe6-9cca-6a25122d474d@group-896385CD49EE-FollowerState: change to CANDIDATE, lastRpcTime:150ms, electionTimeout:150ms
2019-10-17 02:14:51,817 [Thread-2302] INFO  impl.RoleInfo (RoleInfo.java:shutdownFollowerState(121)) - b32d7882-88db-4fe6-9cca-6a25122d474d: shutdown FollowerState
2019-10-17 02:14:51,817 [Thread-2302] INFO  impl.RaftServerImpl (RaftServerImpl.java:setRole(184)) - b32d7882-88db-4fe6-9cca-6a25122d474d@group-896385CD49EE: changes role from  FOLLOWER to CANDIDATE at term 145 for changeToCandidate
2019-10-17 02:14:51,817 [Thread-2302] INFO  impl.RoleInfo (RoleInfo.java:updateAndGet(143)) - b32d7882-88db-4fe6-9cca-6a25122d474d: start LeaderElection
2019-10-17 02:14:51,831 [b32d7882-88db-4fe6-9cca-6a25122d474d@group-896385CD49EE-LeaderElection204] INFO  impl.LeaderElection (LeaderElection.java:askForVotes(178)) - b32d7882-88db-4fe6-9cca-6a25122d474d@group-896385CD49EE-LeaderElection204: begin an election at term 146 for -1: [b32d7882-88db-4fe6-9cca-6a25122d474d:192.168.157.194:42206, 3aea292b-16fb-4e9b-be90-828afa8e8047:192.168.157.194:34569, a6b2ebfb-69a0-457c-b6cd-a50cc148b564:192.168.157.194:37298], old=null
2019-10-17 02:14:51,833 [grpc-default-executor-2] INFO  impl.RaftServerImpl (RaftServerImpl.java:setRole(184)) - a6b2ebfb-69a0-457c-b6cd-a50cc148b564@group-896385CD49EE: changes role from  FOLLOWER to FOLLOWER at term 146 for recognizeCandidate:b32d7882-88db-4fe6-9cca-6a25122d474d
2019-10-17 02:14:51,833 [grpc-default-executor-0] INFO  impl.RaftServerImpl (RaftServerImpl.java:setRole(184)) - 3aea292b-16fb-4e9b-be90-828afa8e8047@group-896385CD49EE: changes role from  FOLLOWER to FOLLOWER at term 146 for recognizeCandidate:b32d7882-88db-4fe6-9cca-6a25122d474d
2019-10-17 02:14:51,834 [grpc-default-executor-0] INFO  impl.RoleInfo (RoleInfo.java:shutdownFollowerState(121)) - 3aea292b-16fb-4e9b-be90-828afa8e8047: shutdown FollowerState
2019-10-17 02:14:51,834 [grpc-default-executor-2] INFO  impl.RoleInfo (RoleInfo.java:shutdownFollowerState(121)) - a6b2ebfb-69a0-457c-b6cd-a50cc148b564: shutdown FollowerState
2019-10-17 02:14:51,834 [grpc-default-executor-0] INFO  impl.RoleInfo (RoleInfo.java:updateAndGet(143)) - 3aea292b-16fb-4e9b-be90-828afa8e8047: start FollowerState
2019-10-17 02:14:51,834 [grpc-default-executor-2] INFO  impl.RoleInfo (RoleInfo.java:updateAndGet(143)) - a6b2ebfb-69a0-457c-b6cd-a50cc148b564: start FollowerState
2019-10-17 02:14:51,834 [Thread-2301] INFO  impl.FollowerState (FollowerState.java:run(117)) - a6b2ebfb-69a0-457c-b6cd-a50cc148b564@group-896385CD49EE-FollowerState was interrupted: java.lang.InterruptedException: sleep interrupted
2019-10-17 02:14:51,834 [Thread-2300] INFO  impl.FollowerState (FollowerState.java:run(117)) - 3aea292b-16fb-4e9b-be90-828afa8e8047@group-896385CD49EE-FollowerState was interrupted: java.lang.InterruptedException: sleep interrupted
2019-10-17 02:14:51,849 [b32d7882-88db-4fe6-9cca-6a25122d474d@group-896385CD49EE-LeaderElection204] INFO  impl.LeaderElection (LeaderElection.java:logAndReturn(56)) - b32d7882-88db-4fe6-9cca-6a25122d474d@group-896385CD49EE-LeaderElection204: Election REJECTED; received 2 response(s) [b32d7882-88db-4fe6-9cca-6a25122d474d<-3aea292b-16fb-4e9b-be90-828afa8e8047#0:FAIL-t146, b32d7882-88db-4fe6-9cca-6a25122d474d<-a6b2ebfb-69a0-457c-b6cd-a50cc148b564#0:FAIL-t146] and 0 exception(s); b32d7882-88db-4fe6-9cca-6a25122d474d@group-896385CD49EE:t146, leader=null, voted=b32d7882-88db-4fe6-9cca-6a25122d474d, raftlog=b32d7882-88db-4fe6-9cca-6a25122d474d@group-896385CD49EE-SegmentedRaftLog:OPENED:c-1,f-1,i0, conf=-1: [b32d7882-88db-4fe6-9cca-6a25122d474d:192.168.157.194:42206, 3aea292b-16fb-4e9b-be90-828afa8e8047:192.168.157.194:34569, a6b2ebfb-69a0-457c-b6cd-a50cc148b564:192.168.157.194:37298], old=null
2019-10-17 02:14:51,849 [b32d7882-88db-4fe6-9cca-6a25122d474d@group-896385CD49EE-LeaderElection204] INFO  impl.RaftServerImpl (RaftServerImpl.java:setRole(184)) - b32d7882-88db-4fe6-9cca-6a25122d474d@group-896385CD49EE: changes role from CANDIDATE to FOLLOWER at term 146 for DISCOVERED_A_NEW_TERM
2019-10-17 02:14:51,849 [b32d7882-88db-4fe6-9cca-6a25122d474d@group-896385CD49EE-LeaderElection204] INFO  impl.RoleInfo (RoleInfo.java:shutdownLeaderElection(134)) - b32d7882-88db-4fe6-9cca-6a25122d474d: shutdown LeaderElection
2019-10-17 02:14:51,849 [b32d7882-88db-4fe6-9cca-6a25122d474d@group-896385CD49EE-LeaderElection204] INFO  impl.RoleInfo (RoleInfo.java:updateAndGet(143)) - b32d7882-88db-4fe6-9cca-6a25122d474d: start FollowerState
2019-10-17 02:14:51,855 [Thread-2308] INFO  impl.FollowerState (FollowerState.java:run(108)) - b32d7882-88db-4fe6-9cca-6a25122d474d@group-896385CD49EE-FollowerState: change to CANDIDATE, lastRpcTime:6ms, electionTimeout:6ms
2019-10-17 02:14:51,855 [Thread-2308] INFO  impl.RoleInfo (RoleInfo.java:shutdownFollowerState(121)) - b32d7882-88db-4fe6-9cca-6a25122d474d: shutdown FollowerState
2019-10-17 02:14:51,856 [Thread-2308] INFO  impl.RaftServerImpl (RaftServerImpl.java:setRole(184)) - b32d7882-88db-4fe6-9cca-6a25122d474d@group-896385CD49EE: changes role from  FOLLOWER to CANDIDATE at term 146 for changeToCandidate
2019-10-17 02:14:51,856 [Thread-2308] INFO  impl.RoleInfo (RoleInfo.java:updateAndGet(143)) - b32d7882-88db-4fe6-9cca-6a25122d474d: start LeaderElection
2019-10-17 02:14:51,868 [b32d7882-88db-4fe6-9cca-6a25122d474d@group-896385CD49EE-LeaderElection205] INFO  impl.LeaderElection (LeaderElection.java:askForVotes(178)) - b32d7882-88db-4fe6-9cca-6a25122d474d@group-896385CD49EE-LeaderElection205: begin an election at term 147 for -1: [b32d7882-88db-4fe6-9cca-6a25122d474d:192.168.157.194:42206, 3aea292b-16fb-4e9b-be90-828afa8e8047:192.168.157.194:34569, a6b2ebfb-69a0-457c-b6cd-a50cc148b564:192.168.157.194:37298], old=null
2019-10-17 02:14:51,871 [grpc-default-executor-0] INFO  impl.RaftServerImpl (RaftServerImpl.java:setRole(184)) - a6b2ebfb-69a0-457c-b6cd-a50cc148b564@group-896385CD49EE: changes role from  FOLLOWER to FOLLOWER at term 147 for recognizeCandidate:b32d7882-88db-4fe6-9cca-6a25122d474d
2019-10-17 02:14:51,871 [grpc-default-executor-2] INFO  impl.RaftServerImpl (RaftServerImpl.java:setRole(184)) - 3aea292b-16fb-4e9b-be90-828afa8e8047@group-896385CD49EE: changes role from  FOLLOWER to FOLLOWER at term 147 for recognizeCandidate:b32d7882-88db-4fe6-9cca-6a25122d474d
2019-10-17 02:14:51,871 [grpc-default-executor-0] INFO  impl.RoleInfo (RoleInfo.java:shutdownFollowerState(121)) - a6b2ebfb-69a0-457c-b6cd-a50cc148b564: shutdown FollowerState
2019-10-17 02:14:51,872 [grpc-default-executor-2] INFO  impl.RoleInfo (RoleInfo.java:shutdownFollowerState(121)) - 3aea292b-16fb-4e9b-be90-828afa8e8047: shutdown FollowerState
2019-10-17 02:14:51,872 [grpc-default-executor-0] INFO  impl.RoleInfo (RoleInfo.java:updateAndGet(143)) - a6b2ebfb-69a0-457c-b6cd-a50cc148b564: start FollowerState
2019-10-17 02:14:51,872 [Thread-2306] INFO  impl.FollowerState (FollowerState.java:run(117)) - 3aea292b-16fb-4e9b-be90-828afa8e8047@group-896385CD49EE-FollowerState was interrupted: java.lang.InterruptedException: sleep interrupted
2019-10-17 02:14:51,872 [grpc-default-executor-2] INFO  impl.RoleInfo (RoleInfo.java:updateAndGet(143)) - 3aea292b-16fb-4e9b-be90-828afa8e8047: start FollowerState
2019-10-17 02:14:51,872 [Thread-2307] INFO  impl.FollowerState (FollowerState.java:run(117)) - a6b2ebfb-69a0-457c-b6cd-a50cc148b564@group-896385CD49EE-FollowerState was interrupted: java.lang.InterruptedException: sleep interrupted
2019-10-17 02:14:51,886 [b32d7882-88db-4fe6-9cca-6a25122d474d@group-896385CD49EE-LeaderElection205] INFO  impl.LeaderElection (LeaderElection.java:logAndReturn(56)) - b32d7882-88db-4fe6-9cca-6a25122d474d@group-896385CD49EE-LeaderElection205: Election REJECTED; received 2 response(s) [b32d7882-88db-4fe6-9cca-6a25122d474d<-3aea292b-16fb-4e9b-be90-828afa8e8047#0:FAIL-t147, b32d7882-88db-4fe6-9cca-6a25122d474d<-a6b2ebfb-69a0-457c-b6cd-a50cc148b564#0:FAIL-t147] and 0 exception(s); b32d7882-88db-4fe6-9cca-6a25122d474d@group-896385CD49EE:t147, leader=null, voted=b32d7882-88db-4fe6-9cca-6a25122d474d, raftlog=b32d7882-88db-4fe6-9cca-6a25122d474d@group-896385CD49EE-SegmentedRaftLog:OPENED:c-1,f-1,i0, conf=-1: [b32d7882-88db-4fe6-9cca-6a25122d474d:192.168.157.194:42206, 3aea292b-16fb-4e9b-be90-828afa8e8047:192.168.157.194:34569, a6b2ebfb-69a0-457c-b6cd-a50cc148b564:192.168.157.194:37298], old=null
2019-10-17 02:14:51,886 [b32d7882-88db-4fe6-9cca-6a25122d474d@group-896385CD49EE-LeaderElection205] INFO  impl.RaftServerImpl (RaftServerImpl.java:setRole(184)) - b32d7882-88db-4fe6-9cca-6a25122d474d@group-896385CD49EE: changes role from CANDIDATE to FOLLOWER at term 147 for DISCOVERED_A_NEW_TERM
2019-10-17 02:14:51,887 [b32d7882-88db-4fe6-9cca-6a25122d474d@group-896385CD49EE-LeaderElection205] INFO  impl.RoleInfo (RoleInfo.java:shutdownLeaderElection(134)) - b32d7882-88db-4fe6-9cca-6a25122d474d: shutdown LeaderElection
2019-10-17 02:14:51,887 [b32d7882-88db-4fe6-9cca-6a25122d474d@group-896385CD49EE-LeaderElection205] INFO  impl.RoleInfo (RoleInfo.java:updateAndGet(143)) - b32d7882-88db-4fe6-9cca-6a25122d474d: start FollowerState
2019-10-17 02:14:52,074 [Thread-2314] INFO  impl.FollowerState (FollowerState.java:run(108)) - b32d7882-88db-4fe6-9cca-6a25122d474d@group-896385CD49EE-FollowerState: change to CANDIDATE, lastRpcTime:187ms, electionTimeout:187ms
2019-10-17 02:14:52,075 [Thread-2314] INFO  impl.RoleInfo (RoleInfo.java:shutdownFollowerState(121)) - b32d7882-88db-4fe6-9cca-6a25122d474d: shutdown FollowerState
2019-10-17 02:14:52,075 [Thread-2314] INFO  impl.RaftServerImpl (RaftServerImpl.java:setRole(184)) - b32d7882-88db-4fe6-9cca-6a25122d474d@group-896385CD49EE: changes role from  FOLLOWER to CANDIDATE at term 147 for changeToCandidate
2019-10-17 02:14:52,075 [Thread-2314] INFO  impl.RoleInfo (RoleInfo.java:updateAndGet(143)) - b32d7882-88db-4fe6-9cca-6a25122d474d: start LeaderElection
2019-10-17 02:14:52,090 [b32d7882-88db-4fe6-9cca-6a25122d474d@group-896385CD49EE-LeaderElection206] INFO  impl.LeaderElection (LeaderElection.java:askForVotes(178)) - b32d7882-88db-4fe6-9cca-6a25122d474d@group-896385CD49EE-LeaderElection206: begin an election at term 148 for -1: [b32d7882-88db-4fe6-9cca-6a25122d474d:192.168.157.194:42206, 3aea292b-16fb-4e9b-be90-828afa8e8047:192.168.157.194:34569, a6b2ebfb-69a0-457c-b6cd-a50cc148b564:192.168.157.194:37298], old=null
2019-10-17 02:14:52,092 [grpc-default-executor-0] INFO  impl.RaftServerImpl (RaftServerImpl.java:setRole(184)) - 3aea292b-16fb-4e9b-be90-828afa8e8047@group-896385CD49EE: changes role from  FOLLOWER to FOLLOWER at term 148 for recognizeCandidate:b32d7882-88db-4fe6-9cca-6a25122d474d
2019-10-17 02:14:52,093 [grpc-default-executor-0] INFO  impl.RoleInfo (RoleInfo.java:shutdownFollowerState(121)) - 3aea292b-16fb-4e9b-be90-828afa8e8047: shutdown FollowerState
2019-10-17 02:14:52,093 [grpc-default-executor-2] INFO  impl.RaftServerImpl (RaftServerImpl.java:setRole(184)) - a6b2ebfb-69a0-457c-b6cd-a50cc148b564@group-896385CD49EE: changes role from  FOLLOWER to FOLLOWER at term 148 for recognizeCandidate:b32d7882-88db-4fe6-9cca-6a25122d474d
2019-10-17 02:14:52,093 [Thread-2313] INFO  impl.FollowerState (FollowerState.java:run(117)) - 3aea292b-16fb-4e9b-be90-828afa8e8047@group-896385CD49EE-FollowerState was interrupted: java.lang.InterruptedException: sleep interrupted
2019-10-17 02:14:52,093 [grpc-default-executor-0] INFO  impl.RoleInfo (RoleInfo.java:updateAndGet(143)) - 3aea292b-16fb-4e9b-be90-828afa8e8047: start FollowerState
2019-10-17 02:14:52,093 [grpc-default-executor-2] INFO  impl.RoleInfo (RoleInfo.java:shutdownFollowerState(121)) - a6b2ebfb-69a0-457c-b6cd-a50cc148b564: shutdown FollowerState
2019-10-17 02:14:52,093 [grpc-default-executor-2] INFO  impl.RoleInfo (RoleInfo.java:updateAndGet(143)) - a6b2ebfb-69a0-457c-b6cd-a50cc148b564: start FollowerState
2019-10-17 02:14:52,093 [Thread-2312] INFO  impl.FollowerState (FollowerState.java:run(117)) - a6b2ebfb-69a0-457c-b6cd-a50cc148b564@group-896385CD49EE-FollowerState was interrupted: java.lang.InterruptedException: sleep interrupted
2019-10-17 02:14:52,108 [b32d7882-88db-4fe6-9cca-6a25122d474d@group-896385CD49EE-LeaderElection206] INFO  impl.LeaderElection (LeaderElection.java:logAndReturn(56)) - b32d7882-88db-4fe6-9cca-6a25122d474d@group-896385CD49EE-LeaderElection206: Election REJECTED; received 2 response(s) [b32d7882-88db-4fe6-9cca-6a25122d474d<-3aea292b-16fb-4e9b-be90-828afa8e8047#0:FAIL-t148, b32d7882-88db-4fe6-9cca-6a25122d474d<-a6b2ebfb-69a0-457c-b6cd-a50cc148b564#0:FAIL-t148] and 0 exception(s); b32d7882-88db-4fe6-9cca-6a25122d474d@group-896385CD49EE:t148, leader=null, voted=b32d7882-88db-4fe6-9cca-6a25122d474d, raftlog=b32d7882-88db-4fe6-9cca-6a25122d474d@group-896385CD49EE-SegmentedRaftLog:OPENED:c-1,f-1,i0, conf=-1: [b32d7882-88db-4fe6-9cca-6a25122d474d:192.168.157.194:42206, 3aea292b-16fb-4e9b-be90-828afa8e8047:192.168.157.194:34569, a6b2ebfb-69a0-457c-b6cd-a50cc148b564:192.168.157.194:37298], old=null
2019-10-17 02:14:52,108 [b32d7882-88db-4fe6-9cca-6a25122d474d@group-896385CD49EE-LeaderElection206] INFO  impl.RaftServerImpl (RaftServerImpl.java:setRole(184)) - b32d7882-88db-4fe6-9cca-6a25122d474d@group-896385CD49EE: changes role from CANDIDATE to FOLLOWER at term 148 for DISCOVERED_A_NEW_TERM
2019-10-17 02:14:52,108 [b32d7882-88db-4fe6-9cca-6a25122d474d@group-896385CD49EE-LeaderElection206] INFO  impl.RoleInfo (RoleInfo.java:shutdownLeaderElection(134)) - b32d7882-88db-4fe6-9cca-6a25122d474d: shutdown LeaderElection
2019-10-17 02:14:52,108 [b32d7882-88db-4fe6-9cca-6a25122d474d@group-896385CD49EE-LeaderElection206] INFO  impl.RoleInfo (RoleInfo.java:updateAndGet(143)) - b32d7882-88db-4fe6-9cca-6a25122d474d: start FollowerState
2019-10-17 02:14:52,138 [main] INFO  ozone.MiniOzoneClusterImpl (MiniOzoneClusterImpl.java:lambda$waitForClusterToBeReady$2(164)) - Waiting for 1 number of pipelines out of 4, to report a leader.
2019-10-17 02:14:52,256 [Thread-2320] INFO  impl.FollowerState (FollowerState.java:run(108)) - b32d7882-88db-4fe6-9cca-6a25122d474d@group-896385CD49EE-FollowerState: change to CANDIDATE, lastRpcTime:148ms, electionTimeout:148ms
2019-10-17 02:14:52,256 [Thread-2320] INFO  impl.RoleInfo (RoleInfo.java:shutdownFollowerState(121)) - b32d7882-88db-4fe6-9cca-6a25122d474d: shutdown FollowerState
2019-10-17 02:14:52,257 [Thread-2320] INFO  impl.RaftServerImpl (RaftServerImpl.java:setRole(184)) - b32d7882-88db-4fe6-9cca-6a25122d474d@group-896385CD49EE: changes role from  FOLLOWER to CANDIDATE at term 148 for changeToCandidate
2019-10-17 02:14:52,257 [Thread-2320] INFO  impl.RoleInfo (RoleInfo.java:updateAndGet(143)) - b32d7882-88db-4fe6-9cca-6a25122d474d: start LeaderElection
2019-10-17 02:14:52,274 [b32d7882-88db-4fe6-9cca-6a25122d474d@group-896385CD49EE-LeaderElection207] INFO  impl.LeaderElection (LeaderElection.java:askForVotes(178)) - b32d7882-88db-4fe6-9cca-6a25122d474d@group-896385CD49EE-LeaderElection207: begin an election at term 149 for -1: [b32d7882-88db-4fe6-9cca-6a25122d474d:192.168.157.194:42206, 3aea292b-16fb-4e9b-be90-828afa8e8047:192.168.157.194:34569, a6b2ebfb-69a0-457c-b6cd-a50cc148b564:192.168.157.194:37298], old=null
2019-10-17 02:14:52,276 [grpc-default-executor-2] INFO  impl.RaftServerImpl (RaftServerImpl.java:setRole(184)) - a6b2ebfb-69a0-457c-b6cd-a50cc148b564@group-896385CD49EE: changes role from  FOLLOWER to FOLLOWER at term 149 for recognizeCandidate:b32d7882-88db-4fe6-9cca-6a25122d474d
2019-10-17 02:14:52,276 [grpc-default-executor-0] INFO  impl.RaftServerImpl (RaftServerImpl.java:setRole(184)) - 3aea292b-16fb-4e9b-be90-828afa8e8047@group-896385CD49EE: changes role from  FOLLOWER to FOLLOWER at term 149 for recognizeCandidate:b32d7882-88db-4fe6-9cca-6a25122d474d
2019-10-17 02:14:52,276 [grpc-default-executor-2] INFO  impl.RoleInfo (RoleInfo.java:shutdownFollowerState(121)) - a6b2ebfb-69a0-457c-b6cd-a50cc148b564: shutdown FollowerState
2019-10-17 02:14:52,277 [grpc-default-executor-0] INFO  impl.RoleInfo (RoleInfo.java:shutdownFollowerState(121)) - 3aea292b-16fb-4e9b-be90-828afa8e8047: shutdown FollowerState
2019-10-17 02:14:52,277 [grpc-default-executor-2] INFO  impl.RoleInfo (RoleInfo.java:updateAndGet(143)) - a6b2ebfb-69a0-457c-b6cd-a50cc148b564: start FollowerState
2019-10-17 02:14:52,277 [grpc-default-executor-0] INFO  impl.RoleInfo (RoleInfo.java:updateAndGet(143)) - 3aea292b-16fb-4e9b-be90-828afa8e8047: start FollowerState
2019-10-17 02:14:52,277 [Thread-2319] INFO  impl.FollowerState (FollowerState.java:run(117)) - a6b2ebfb-69a0-457c-b6cd-a50cc148b564@group-896385CD49EE-FollowerState was interrupted: java.lang.InterruptedException: sleep interrupted
2019-10-17 02:14:52,277 [Thread-2318] INFO  impl.FollowerState (FollowerState.java:run(117)) - 3aea292b-16fb-4e9b-be90-828afa8e8047@group-896385CD49EE-FollowerState was interrupted: java.lang.InterruptedException: sleep interrupted
2019-10-17 02:14:52,292 [b32d7882-88db-4fe6-9cca-6a25122d474d@group-896385CD49EE-LeaderElection207] INFO  impl.LeaderElection (LeaderElection.java:logAndReturn(56)) - b32d7882-88db-4fe6-9cca-6a25122d474d@group-896385CD49EE-LeaderElection207: Election REJECTED; received 2 response(s) [b32d7882-88db-4fe6-9cca-6a25122d474d<-3aea292b-16fb-4e9b-be90-828afa8e8047#0:FAIL-t149, b32d7882-88db-4fe6-9cca-6a25122d474d<-a6b2ebfb-69a0-457c-b6cd-a50cc148b564#0:FAIL-t149] and 0 exception(s); b32d7882-88db-4fe6-9cca-6a25122d474d@group-896385CD49EE:t149, leader=null, voted=b32d7882-88db-4fe6-9cca-6a25122d474d, raftlog=b32d7882-88db-4fe6-9cca-6a25122d474d@group-896385CD49EE-SegmentedRaftLog:OPENED:c-1,f-1,i0, conf=-1: [b32d7882-88db-4fe6-9cca-6a25122d474d:192.168.157.194:42206, 3aea292b-16fb-4e9b-be90-828afa8e8047:192.168.157.194:34569, a6b2ebfb-69a0-457c-b6cd-a50cc148b564:192.168.157.194:37298], old=null
2019-10-17 02:14:52,292 [b32d7882-88db-4fe6-9cca-6a25122d474d@group-896385CD49EE-LeaderElection207] INFO  impl.RaftServerImpl (RaftServerImpl.java:setRole(184)) - b32d7882-88db-4fe6-9cca-6a25122d474d@group-896385CD49EE: changes role from CANDIDATE to FOLLOWER at term 149 for DISCOVERED_A_NEW_TERM
2019-10-17 02:14:52,292 [b32d7882-88db-4fe6-9cca-6a25122d474d@group-896385CD49EE-LeaderElection207] INFO  impl.RoleInfo (RoleInfo.java:shutdownLeaderElection(134)) - b32d7882-88db-4fe6-9cca-6a25122d474d: shutdown LeaderElection
2019-10-17 02:14:52,292 [b32d7882-88db-4fe6-9cca-6a25122d474d@group-896385CD49EE-LeaderElection207] INFO  impl.RoleInfo (RoleInfo.java:updateAndGet(143)) - b32d7882-88db-4fe6-9cca-6a25122d474d: start FollowerState
2019-10-17 02:14:52,360 [Thread-2326] INFO  impl.FollowerState (FollowerState.java:run(108)) - b32d7882-88db-4fe6-9cca-6a25122d474d@group-896385CD49EE-FollowerState: change to CANDIDATE, lastRpcTime:68ms, electionTimeout:68ms
2019-10-17 02:14:52,361 [Thread-2326] INFO  impl.RoleInfo (RoleInfo.java:shutdownFollowerState(121)) - b32d7882-88db-4fe6-9cca-6a25122d474d: shutdown FollowerState
2019-10-17 02:14:52,361 [Thread-2326] INFO  impl.RaftServerImpl (RaftServerImpl.java:setRole(184)) - b32d7882-88db-4fe6-9cca-6a25122d474d@group-896385CD49EE: changes role from  FOLLOWER to CANDIDATE at term 149 for changeToCandidate
2019-10-17 02:14:52,361 [Thread-2326] INFO  impl.RoleInfo (RoleInfo.java:updateAndGet(143)) - b32d7882-88db-4fe6-9cca-6a25122d474d: start LeaderElection
2019-10-17 02:14:52,376 [b32d7882-88db-4fe6-9cca-6a25122d474d@group-896385CD49EE-LeaderElection208] INFO  impl.LeaderElection (LeaderElection.java:askForVotes(178)) - b32d7882-88db-4fe6-9cca-6a25122d474d@group-896385CD49EE-LeaderElection208: begin an election at term 150 for -1: [b32d7882-88db-4fe6-9cca-6a25122d474d:192.168.157.194:42206, 3aea292b-16fb-4e9b-be90-828afa8e8047:192.168.157.194:34569, a6b2ebfb-69a0-457c-b6cd-a50cc148b564:192.168.157.194:37298], old=null
2019-10-17 02:14:52,379 [grpc-default-executor-0] INFO  impl.RaftServerImpl (RaftServerImpl.java:setRole(184)) - 3aea292b-16fb-4e9b-be90-828afa8e8047@group-896385CD49EE: changes role from  FOLLOWER to FOLLOWER at term 150 for recognizeCandidate:b32d7882-88db-4fe6-9cca-6a25122d474d
2019-10-17 02:14:52,379 [grpc-default-executor-0] INFO  impl.RoleInfo (RoleInfo.java:shutdownFollowerState(121)) - 3aea292b-16fb-4e9b-be90-828afa8e8047: shutdown FollowerState
2019-10-17 02:14:52,379 [grpc-default-executor-2] INFO  impl.RaftServerImpl (RaftServerImpl.java:setRole(184)) - a6b2ebfb-69a0-457c-b6cd-a50cc148b564@group-896385CD49EE: changes role from  FOLLOWER to FOLLOWER at term 150 for recognizeCandidate:b32d7882-88db-4fe6-9cca-6a25122d474d
2019-10-17 02:14:52,379 [grpc-default-executor-0] INFO  impl.RoleInfo (RoleInfo.java:updateAndGet(143)) - 3aea292b-16fb-4e9b-be90-828afa8e8047: start FollowerState
2019-10-17 02:14:52,380 [Thread-2325] INFO  impl.FollowerState (FollowerState.java:run(117)) - 3aea292b-16fb-4e9b-be90-828afa8e8047@group-896385CD49EE-FollowerState was interrupted: java.lang.InterruptedException: sleep interrupted
2019-10-17 02:14:52,379 [grpc-default-executor-2] INFO  impl.RoleInfo (RoleInfo.java:shutdownFollowerState(121)) - a6b2ebfb-69a0-457c-b6cd-a50cc148b564: shutdown FollowerState
2019-10-17 02:14:52,380 [grpc-default-executor-2] INFO  impl.RoleInfo (RoleInfo.java:updateAndGet(143)) - a6b2ebfb-69a0-457c-b6cd-a50cc148b564: start FollowerState
2019-10-17 02:14:52,380 [Thread-2324] INFO  impl.FollowerState (FollowerState.java:run(117)) - a6b2ebfb-69a0-457c-b6cd-a50cc148b564@group-896385CD49EE-FollowerState was interrupted: java.lang.InterruptedException: sleep interrupted
2019-10-17 02:14:52,395 [b32d7882-88db-4fe6-9cca-6a25122d474d@group-896385CD49EE-LeaderElection208] INFO  impl.LeaderElection (LeaderElection.java:logAndReturn(56)) - b32d7882-88db-4fe6-9cca-6a25122d474d@group-896385CD49EE-LeaderElection208: Election REJECTED; received 2 response(s) [b32d7882-88db-4fe6-9cca-6a25122d474d<-3aea292b-16fb-4e9b-be90-828afa8e8047#0:FAIL-t150, b32d7882-88db-4fe6-9cca-6a25122d474d<-a6b2ebfb-69a0-457c-b6cd-a50cc148b564#0:FAIL-t150] and 0 exception(s); b32d7882-88db-4fe6-9cca-6a25122d474d@group-896385CD49EE:t150, leader=null, voted=b32d7882-88db-4fe6-9cca-6a25122d474d, raftlog=b32d7882-88db-4fe6-9cca-6a25122d474d@group-896385CD49EE-SegmentedRaftLog:OPENED:c-1,f-1,i0, conf=-1: [b32d7882-88db-4fe6-9cca-6a25122d474d:192.168.157.194:42206, 3aea292b-16fb-4e9b-be90-828afa8e8047:192.168.157.194:34569, a6b2ebfb-69a0-457c-b6cd-a50cc148b564:192.168.157.194:37298], old=null
2019-10-17 02:14:52,395 [b32d7882-88db-4fe6-9cca-6a25122d474d@group-896385CD49EE-LeaderElection208] INFO  impl.RaftServerImpl (RaftServerImpl.java:setRole(184)) - b32d7882-88db-4fe6-9cca-6a25122d474d@group-896385CD49EE: changes role from CANDIDATE to FOLLOWER at term 150 for DISCOVERED_A_NEW_TERM
2019-10-17 02:14:52,395 [b32d7882-88db-4fe6-9cca-6a25122d474d@group-896385CD49EE-LeaderElection208] INFO  impl.RoleInfo (RoleInfo.java:shutdownLeaderElection(134)) - b32d7882-88db-4fe6-9cca-6a25122d474d: shutdown LeaderElection
2019-10-17 02:14:52,395 [b32d7882-88db-4fe6-9cca-6a25122d474d@group-896385CD49EE-LeaderElection208] INFO  impl.RoleInfo (RoleInfo.java:updateAndGet(143)) - b32d7882-88db-4fe6-9cca-6a25122d474d: start FollowerState
2019-10-17 02:14:52,399 [Thread-2332] INFO  impl.FollowerState (FollowerState.java:run(108)) - b32d7882-88db-4fe6-9cca-6a25122d474d@group-896385CD49EE-FollowerState: change to CANDIDATE, lastRpcTime:4ms, electionTimeout:4ms
2019-10-17 02:14:52,400 [Thread-2332] INFO  impl.RoleInfo (RoleInfo.java:shutdownFollowerState(121)) - b32d7882-88db-4fe6-9cca-6a25122d474d: shutdown FollowerState
2019-10-17 02:14:52,400 [Thread-2332] INFO  impl.RaftServerImpl (RaftServerImpl.java:setRole(184)) - b32d7882-88db-4fe6-9cca-6a25122d474d@group-896385CD49EE: changes role from  FOLLOWER to CANDIDATE at term 150 for changeToCandidate
2019-10-17 02:14:52,400 [Thread-2332] INFO  impl.RoleInfo (RoleInfo.java:updateAndGet(143)) - b32d7882-88db-4fe6-9cca-6a25122d474d: start LeaderElection
2019-10-17 02:14:52,413 [b32d7882-88db-4fe6-9cca-6a25122d474d@group-896385CD49EE-LeaderElection209] INFO  impl.LeaderElection (LeaderElection.java:askForVotes(178)) - b32d7882-88db-4fe6-9cca-6a25122d474d@group-896385CD49EE-LeaderElection209: begin an election at term 151 for -1: [b32d7882-88db-4fe6-9cca-6a25122d474d:192.168.157.194:42206, 3aea292b-16fb-4e9b-be90-828afa8e8047:192.168.157.194:34569, a6b2ebfb-69a0-457c-b6cd-a50cc148b564:192.168.157.194:37298], old=null
2019-10-17 02:14:52,415 [grpc-default-executor-0] INFO  impl.RaftServerImpl (RaftServerImpl.java:setRole(184)) - 3aea292b-16fb-4e9b-be90-828afa8e8047@group-896385CD49EE: changes role from  FOLLOWER to FOLLOWER at term 151 for recognizeCandidate:b32d7882-88db-4fe6-9cca-6a25122d474d
2019-10-17 02:14:52,416 [grpc-default-executor-0] INFO  impl.RoleInfo (RoleInfo.java:shutdownFollowerState(121)) - 3aea292b-16fb-4e9b-be90-828afa8e8047: shutdown FollowerState
2019-10-17 02:14:52,415 [grpc-default-executor-2] INFO  impl.RaftServerImpl (RaftServerImpl.java:setRole(184)) - a6b2ebfb-69a0-457c-b6cd-a50cc148b564@group-896385CD49EE: changes role from  FOLLOWER to FOLLOWER at term 151 for recognizeCandidate:b32d7882-88db-4fe6-9cca-6a25122d474d
2019-10-17 02:14:52,416 [grpc-default-executor-0] INFO  impl.RoleInfo (RoleInfo.java:updateAndGet(143)) - 3aea292b-16fb-4e9b-be90-828afa8e8047: start FollowerState
2019-10-17 02:14:52,416 [Thread-2330] INFO  impl.FollowerState (FollowerState.java:run(117)) - 3aea292b-16fb-4e9b-be90-828afa8e8047@group-896385CD49EE-FollowerState was interrupted: java.lang.InterruptedException: sleep interrupted
2019-10-17 02:14:52,416 [grpc-default-executor-2] INFO  impl.RoleInfo (RoleInfo.java:shutdownFollowerState(121)) - a6b2ebfb-69a0-457c-b6cd-a50cc148b564: shutdown FollowerState
2019-10-17 02:14:52,416 [grpc-default-executor-2] INFO  impl.RoleInfo (RoleInfo.java:updateAndGet(143)) - a6b2ebfb-69a0-457c-b6cd-a50cc148b564: start FollowerState
2019-10-17 02:14:52,416 [Thread-2331] INFO  impl.FollowerState (FollowerState.java:run(117)) - a6b2ebfb-69a0-457c-b6cd-a50cc148b564@group-896385CD49EE-FollowerState was interrupted: java.lang.InterruptedException: sleep interrupted
2019-10-17 02:14:52,431 [b32d7882-88db-4fe6-9cca-6a25122d474d@group-896385CD49EE-LeaderElection209] INFO  impl.LeaderElection (LeaderElection.java:logAndReturn(56)) - b32d7882-88db-4fe6-9cca-6a25122d474d@group-896385CD49EE-LeaderElection209: Election REJECTED; received 2 response(s) [b32d7882-88db-4fe6-9cca-6a25122d474d<-3aea292b-16fb-4e9b-be90-828afa8e8047#0:FAIL-t151, b32d7882-88db-4fe6-9cca-6a25122d474d<-a6b2ebfb-69a0-457c-b6cd-a50cc148b564#0:FAIL-t151] and 0 exception(s); b32d7882-88db-4fe6-9cca-6a25122d474d@group-896385CD49EE:t151, leader=null, voted=b32d7882-88db-4fe6-9cca-6a25122d474d, raftlog=b32d7882-88db-4fe6-9cca-6a25122d474d@group-896385CD49EE-SegmentedRaftLog:OPENED:c-1,f-1,i0, conf=-1: [b32d7882-88db-4fe6-9cca-6a25122d474d:192.168.157.194:42206, 3aea292b-16fb-4e9b-be90-828afa8e8047:192.168.157.194:34569, a6b2ebfb-69a0-457c-b6cd-a50cc148b564:192.168.157.194:37298], old=null
2019-10-17 02:14:52,431 [b32d7882-88db-4fe6-9cca-6a25122d474d@group-896385CD49EE-LeaderElection209] INFO  impl.RaftServerImpl (RaftServerImpl.java:setRole(184)) - b32d7882-88db-4fe6-9cca-6a25122d474d@group-896385CD49EE: changes role from CANDIDATE to FOLLOWER at term 151 for DISCOVERED_A_NEW_TERM
2019-10-17 02:14:52,431 [b32d7882-88db-4fe6-9cca-6a25122d474d@group-896385CD49EE-LeaderElection209] INFO  impl.RoleInfo (RoleInfo.java:shutdownLeaderElection(134)) - b32d7882-88db-4fe6-9cca-6a25122d474d: shutdown LeaderElection
2019-10-17 02:14:52,431 [b32d7882-88db-4fe6-9cca-6a25122d474d@group-896385CD49EE-LeaderElection209] INFO  impl.RoleInfo (RoleInfo.java:updateAndGet(143)) - b32d7882-88db-4fe6-9cca-6a25122d474d: start FollowerState
2019-10-17 02:14:52,611 [Thread-2338] INFO  impl.FollowerState (FollowerState.java:run(108)) - b32d7882-88db-4fe6-9cca-6a25122d474d@group-896385CD49EE-FollowerState: change to CANDIDATE, lastRpcTime:179ms, electionTimeout:179ms
2019-10-17 02:14:52,611 [Thread-2338] INFO  impl.RoleInfo (RoleInfo.java:shutdownFollowerState(121)) - b32d7882-88db-4fe6-9cca-6a25122d474d: shutdown FollowerState
2019-10-17 02:14:52,611 [Thread-2338] INFO  impl.RaftServerImpl (RaftServerImpl.java:setRole(184)) - b32d7882-88db-4fe6-9cca-6a25122d474d@group-896385CD49EE: changes role from  FOLLOWER to CANDIDATE at term 151 for changeToCandidate
2019-10-17 02:14:52,612 [Thread-2338] INFO  impl.RoleInfo (RoleInfo.java:updateAndGet(143)) - b32d7882-88db-4fe6-9cca-6a25122d474d: start LeaderElection
2019-10-17 02:14:52,625 [b32d7882-88db-4fe6-9cca-6a25122d474d@group-896385CD49EE-LeaderElection210] INFO  impl.LeaderElection (LeaderElection.java:askForVotes(178)) - b32d7882-88db-4fe6-9cca-6a25122d474d@group-896385CD49EE-LeaderElection210: begin an election at term 152 for -1: [b32d7882-88db-4fe6-9cca-6a25122d474d:192.168.157.194:42206, 3aea292b-16fb-4e9b-be90-828afa8e8047:192.168.157.194:34569, a6b2ebfb-69a0-457c-b6cd-a50cc148b564:192.168.157.194:37298], old=null
2019-10-17 02:14:52,629 [grpc-default-executor-0] INFO  impl.RaftServerImpl (RaftServerImpl.java:setRole(184)) - 3aea292b-16fb-4e9b-be90-828afa8e8047@group-896385CD49EE: changes role from  FOLLOWER to FOLLOWER at term 152 for recognizeCandidate:b32d7882-88db-4fe6-9cca-6a25122d474d
2019-10-17 02:14:52,629 [grpc-default-executor-2] INFO  impl.RaftServerImpl (RaftServerImpl.java:setRole(184)) - a6b2ebfb-69a0-457c-b6cd-a50cc148b564@group-896385CD49EE: changes role from  FOLLOWER to FOLLOWER at term 152 for recognizeCandidate:b32d7882-88db-4fe6-9cca-6a25122d474d
2019-10-17 02:14:52,629 [grpc-default-executor-0] INFO  impl.RoleInfo (RoleInfo.java:shutdownFollowerState(121)) - 3aea292b-16fb-4e9b-be90-828afa8e8047: shutdown FollowerState
2019-10-17 02:14:52,629 [grpc-default-executor-2] INFO  impl.RoleInfo (RoleInfo.java:shutdownFollowerState(121)) - a6b2ebfb-69a0-457c-b6cd-a50cc148b564: shutdown FollowerState
2019-10-17 02:14:52,630 [Thread-2336] INFO  impl.FollowerState (FollowerState.java:run(117)) - 3aea292b-16fb-4e9b-be90-828afa8e8047@group-896385CD49EE-FollowerState was interrupted: java.lang.InterruptedException: sleep interrupted
2019-10-17 02:14:52,630 [grpc-default-executor-2] INFO  impl.RoleInfo (RoleInfo.java:updateAndGet(143)) - a6b2ebfb-69a0-457c-b6cd-a50cc148b564: start FollowerState
2019-10-17 02:14:52,629 [grpc-default-executor-0] INFO  impl.RoleInfo (RoleInfo.java:updateAndGet(143)) - 3aea292b-16fb-4e9b-be90-828afa8e8047: start FollowerState
2019-10-17 02:14:52,630 [Thread-2337] INFO  impl.FollowerState (FollowerState.java:run(117)) - a6b2ebfb-69a0-457c-b6cd-a50cc148b564@group-896385CD49EE-FollowerState was interrupted: java.lang.InterruptedException: sleep interrupted
2019-10-17 02:14:52,645 [b32d7882-88db-4fe6-9cca-6a25122d474d@group-896385CD49EE-LeaderElection210] INFO  impl.LeaderElection (LeaderElection.java:logAndReturn(56)) - b32d7882-88db-4fe6-9cca-6a25122d474d@group-896385CD49EE-LeaderElection210: Election REJECTED; received 2 response(s) [b32d7882-88db-4fe6-9cca-6a25122d474d<-3aea292b-16fb-4e9b-be90-828afa8e8047#0:FAIL-t152, b32d7882-88db-4fe6-9cca-6a25122d474d<-a6b2ebfb-69a0-457c-b6cd-a50cc148b564#0:FAIL-t152] and 0 exception(s); b32d7882-88db-4fe6-9cca-6a25122d474d@group-896385CD49EE:t152, leader=null, voted=b32d7882-88db-4fe6-9cca-6a25122d474d, raftlog=b32d7882-88db-4fe6-9cca-6a25122d474d@group-896385CD49EE-SegmentedRaftLog:OPENED:c-1,f-1,i0, conf=-1: [b32d7882-88db-4fe6-9cca-6a25122d474d:192.168.157.194:42206, 3aea292b-16fb-4e9b-be90-828afa8e8047:192.168.157.194:34569, a6b2ebfb-69a0-457c-b6cd-a50cc148b564:192.168.157.194:37298], old=null
2019-10-17 02:14:52,645 [b32d7882-88db-4fe6-9cca-6a25122d474d@group-896385CD49EE-LeaderElection210] INFO  impl.RaftServerImpl (RaftServerImpl.java:setRole(184)) - b32d7882-88db-4fe6-9cca-6a25122d474d@group-896385CD49EE: changes role from CANDIDATE to FOLLOWER at term 152 for DISCOVERED_A_NEW_TERM
2019-10-17 02:14:52,645 [b32d7882-88db-4fe6-9cca-6a25122d474d@group-896385CD49EE-LeaderElection210] INFO  impl.RoleInfo (RoleInfo.java:shutdownLeaderElection(134)) - b32d7882-88db-4fe6-9cca-6a25122d474d: shutdown LeaderElection
2019-10-17 02:14:52,645 [b32d7882-88db-4fe6-9cca-6a25122d474d@group-896385CD49EE-LeaderElection210] INFO  impl.RoleInfo (RoleInfo.java:updateAndGet(143)) - b32d7882-88db-4fe6-9cca-6a25122d474d: start FollowerState
2019-10-17 02:14:52,691 [Thread-2344] INFO  impl.FollowerState (FollowerState.java:run(108)) - b32d7882-88db-4fe6-9cca-6a25122d474d@group-896385CD49EE-FollowerState: change to CANDIDATE, lastRpcTime:46ms, electionTimeout:46ms
2019-10-17 02:14:52,692 [Thread-2344] INFO  impl.RoleInfo (RoleInfo.java:shutdownFollowerState(121)) - b32d7882-88db-4fe6-9cca-6a25122d474d: shutdown FollowerState
2019-10-17 02:14:52,692 [Thread-2344] INFO  impl.RaftServerImpl (RaftServerImpl.java:setRole(184)) - b32d7882-88db-4fe6-9cca-6a25122d474d@group-896385CD49EE: changes role from  FOLLOWER to CANDIDATE at term 152 for changeToCandidate
2019-10-17 02:14:52,692 [Thread-2344] INFO  impl.RoleInfo (RoleInfo.java:updateAndGet(143)) - b32d7882-88db-4fe6-9cca-6a25122d474d: start LeaderElection
2019-10-17 02:14:52,706 [b32d7882-88db-4fe6-9cca-6a25122d474d@group-896385CD49EE-LeaderElection211] INFO  impl.LeaderElection (LeaderElection.java:askForVotes(178)) - b32d7882-88db-4fe6-9cca-6a25122d474d@group-896385CD49EE-LeaderElection211: begin an election at term 153 for -1: [b32d7882-88db-4fe6-9cca-6a25122d474d:192.168.157.194:42206, 3aea292b-16fb-4e9b-be90-828afa8e8047:192.168.157.194:34569, a6b2ebfb-69a0-457c-b6cd-a50cc148b564:192.168.157.194:37298], old=null
2019-10-17 02:14:52,709 [grpc-default-executor-2] INFO  impl.RaftServerImpl (RaftServerImpl.java:setRole(184)) - 3aea292b-16fb-4e9b-be90-828afa8e8047@group-896385CD49EE: changes role from  FOLLOWER to FOLLOWER at term 153 for recognizeCandidate:b32d7882-88db-4fe6-9cca-6a25122d474d
2019-10-17 02:14:52,709 [grpc-default-executor-2] INFO  impl.RoleInfo (RoleInfo.java:shutdownFollowerState(121)) - 3aea292b-16fb-4e9b-be90-828afa8e8047: shutdown FollowerState
2019-10-17 02:14:52,709 [grpc-default-executor-2] INFO  impl.RoleInfo (RoleInfo.java:updateAndGet(143)) - 3aea292b-16fb-4e9b-be90-828afa8e8047: start FollowerState
2019-10-17 02:14:52,710 [Thread-2342] INFO  impl.FollowerState (FollowerState.java:run(117)) - 3aea292b-16fb-4e9b-be90-828afa8e8047@group-896385CD49EE-FollowerState was interrupted: java.lang.InterruptedException: sleep interrupted
2019-10-17 02:14:52,710 [grpc-default-executor-0] INFO  impl.RaftServerImpl (RaftServerImpl.java:setRole(184)) - a6b2ebfb-69a0-457c-b6cd-a50cc148b564@group-896385CD49EE: changes role from  FOLLOWER to FOLLOWER at term 153 for recognizeCandidate:b32d7882-88db-4fe6-9cca-6a25122d474d
2019-10-17 02:14:52,710 [grpc-default-executor-0] INFO  impl.RoleInfo (RoleInfo.java:shutdownFollowerState(121)) - a6b2ebfb-69a0-457c-b6cd-a50cc148b564: shutdown FollowerState
2019-10-17 02:14:52,710 [grpc-default-executor-0] INFO  impl.RoleInfo (RoleInfo.java:updateAndGet(143)) - a6b2ebfb-69a0-457c-b6cd-a50cc148b564: start FollowerState
2019-10-17 02:14:52,710 [Thread-2343] INFO  impl.FollowerState (FollowerState.java:run(117)) - a6b2ebfb-69a0-457c-b6cd-a50cc148b564@group-896385CD49EE-FollowerState was interrupted: java.lang.InterruptedException: sleep interrupted
2019-10-17 02:14:52,725 [b32d7882-88db-4fe6-9cca-6a25122d474d@group-896385CD49EE-LeaderElection211] INFO  impl.LeaderElection (LeaderElection.java:logAndReturn(56)) - b32d7882-88db-4fe6-9cca-6a25122d474d@group-896385CD49EE-LeaderElection211: Election REJECTED; received 2 response(s) [b32d7882-88db-4fe6-9cca-6a25122d474d<-3aea292b-16fb-4e9b-be90-828afa8e8047#0:FAIL-t153, b32d7882-88db-4fe6-9cca-6a25122d474d<-a6b2ebfb-69a0-457c-b6cd-a50cc148b564#0:FAIL-t153] and 0 exception(s); b32d7882-88db-4fe6-9cca-6a25122d474d@group-896385CD49EE:t153, leader=null, voted=b32d7882-88db-4fe6-9cca-6a25122d474d, raftlog=b32d7882-88db-4fe6-9cca-6a25122d474d@group-896385CD49EE-SegmentedRaftLog:OPENED:c-1,f-1,i0, conf=-1: [b32d7882-88db-4fe6-9cca-6a25122d474d:192.168.157.194:42206, 3aea292b-16fb-4e9b-be90-828afa8e8047:192.168.157.194:34569, a6b2ebfb-69a0-457c-b6cd-a50cc148b564:192.168.157.194:37298], old=null
2019-10-17 02:14:52,725 [b32d7882-88db-4fe6-9cca-6a25122d474d@group-896385CD49EE-LeaderElection211] INFO  impl.RaftServerImpl (RaftServerImpl.java:setRole(184)) - b32d7882-88db-4fe6-9cca-6a25122d474d@group-896385CD49EE: changes role from CANDIDATE to FOLLOWER at term 153 for DISCOVERED_A_NEW_TERM
2019-10-17 02:14:52,725 [b32d7882-88db-4fe6-9cca-6a25122d474d@group-896385CD49EE-LeaderElection211] INFO  impl.RoleInfo (RoleInfo.java:shutdownLeaderElection(134)) - b32d7882-88db-4fe6-9cca-6a25122d474d: shutdown LeaderElection
2019-10-17 02:14:52,725 [b32d7882-88db-4fe6-9cca-6a25122d474d@group-896385CD49EE-LeaderElection211] INFO  impl.RoleInfo (RoleInfo.java:updateAndGet(143)) - b32d7882-88db-4fe6-9cca-6a25122d474d: start FollowerState
2019-10-17 02:14:52,853 [Thread-2350] INFO  impl.FollowerState (FollowerState.java:run(108)) - b32d7882-88db-4fe6-9cca-6a25122d474d@group-896385CD49EE-FollowerState: change to CANDIDATE, lastRpcTime:127ms, electionTimeout:127ms
2019-10-17 02:14:52,853 [Thread-2350] INFO  impl.RoleInfo (RoleInfo.java:shutdownFollowerState(121)) - b32d7882-88db-4fe6-9cca-6a25122d474d: shutdown FollowerState
2019-10-17 02:14:52,853 [Thread-2350] INFO  impl.RaftServerImpl (RaftServerImpl.java:setRole(184)) - b32d7882-88db-4fe6-9cca-6a25122d474d@group-896385CD49EE: changes role from  FOLLOWER to CANDIDATE at term 153 for changeToCandidate
2019-10-17 02:14:52,853 [Thread-2350] INFO  impl.RoleInfo (RoleInfo.java:updateAndGet(143)) - b32d7882-88db-4fe6-9cca-6a25122d474d: start LeaderElection
2019-10-17 02:14:52,874 [b32d7882-88db-4fe6-9cca-6a25122d474d@group-896385CD49EE-LeaderElection212] INFO  impl.LeaderElection (LeaderElection.java:askForVotes(178)) - b32d7882-88db-4fe6-9cca-6a25122d474d@group-896385CD49EE-LeaderElection212: begin an election at term 154 for -1: [b32d7882-88db-4fe6-9cca-6a25122d474d:192.168.157.194:42206, 3aea292b-16fb-4e9b-be90-828afa8e8047:192.168.157.194:34569, a6b2ebfb-69a0-457c-b6cd-a50cc148b564:192.168.157.194:37298], old=null
2019-10-17 02:14:52,878 [grpc-default-executor-2] INFO  impl.RaftServerImpl (RaftServerImpl.java:setRole(184)) - a6b2ebfb-69a0-457c-b6cd-a50cc148b564@group-896385CD49EE: changes role from  FOLLOWER to FOLLOWER at term 154 for recognizeCandidate:b32d7882-88db-4fe6-9cca-6a25122d474d
2019-10-17 02:14:52,878 [grpc-default-executor-0] INFO  impl.RaftServerImpl (RaftServerImpl.java:setRole(184)) - 3aea292b-16fb-4e9b-be90-828afa8e8047@group-896385CD49EE: changes role from  FOLLOWER to FOLLOWER at term 154 for recognizeCandidate:b32d7882-88db-4fe6-9cca-6a25122d474d
2019-10-17 02:14:52,878 [grpc-default-executor-0] INFO  impl.RoleInfo (RoleInfo.java:shutdownFollowerState(121)) - 3aea292b-16fb-4e9b-be90-828afa8e8047: shutdown FollowerState
2019-10-17 02:14:52,878 [grpc-default-executor-2] INFO  impl.RoleInfo (RoleInfo.java:shutdownFollowerState(121)) - a6b2ebfb-69a0-457c-b6cd-a50cc148b564: shutdown FollowerState
2019-10-17 02:14:52,878 [Thread-2348] INFO  impl.FollowerState (FollowerState.java:run(117)) - 3aea292b-16fb-4e9b-be90-828afa8e8047@group-896385CD49EE-FollowerState was interrupted: java.lang.InterruptedException: sleep interrupted
2019-10-17 02:14:52,879 [Thread-2349] INFO  impl.FollowerState (FollowerState.java:run(117)) - a6b2ebfb-69a0-457c-b6cd-a50cc148b564@group-896385CD49EE-FollowerState was interrupted: java.lang.InterruptedException: sleep interrupted
2019-10-17 02:14:52,878 [grpc-default-executor-0] INFO  impl.RoleInfo (RoleInfo.java:updateAndGet(143)) - 3aea292b-16fb-4e9b-be90-828afa8e8047: start FollowerState
2019-10-17 02:14:52,879 [grpc-default-executor-2] INFO  impl.RoleInfo (RoleInfo.java:updateAndGet(143)) - a6b2ebfb-69a0-457c-b6cd-a50cc148b564: start FollowerState
2019-10-17 02:14:52,894 [b32d7882-88db-4fe6-9cca-6a25122d474d@group-896385CD49EE-LeaderElection212] INFO  impl.LeaderElection (LeaderElection.java:logAndReturn(56)) - b32d7882-88db-4fe6-9cca-6a25122d474d@group-896385CD49EE-LeaderElection212: Election REJECTED; received 2 response(s) [b32d7882-88db-4fe6-9cca-6a25122d474d<-3aea292b-16fb-4e9b-be90-828afa8e8047#0:FAIL-t154, b32d7882-88db-4fe6-9cca-6a25122d474d<-a6b2ebfb-69a0-457c-b6cd-a50cc148b564#0:FAIL-t154] and 0 exception(s); b32d7882-88db-4fe6-9cca-6a25122d474d@group-896385CD49EE:t154, leader=null, voted=b32d7882-88db-4fe6-9cca-6a25122d474d, raftlog=b32d7882-88db-4fe6-9cca-6a25122d474d@group-896385CD49EE-SegmentedRaftLog:OPENED:c-1,f-1,i0, conf=-1: [b32d7882-88db-4fe6-9cca-6a25122d474d:192.168.157.194:42206, 3aea292b-16fb-4e9b-be90-828afa8e8047:192.168.157.194:34569, a6b2ebfb-69a0-457c-b6cd-a50cc148b564:192.168.157.194:37298], old=null
2019-10-17 02:14:52,894 [b32d7882-88db-4fe6-9cca-6a25122d474d@group-896385CD49EE-LeaderElection212] INFO  impl.RaftServerImpl (RaftServerImpl.java:setRole(184)) - b32d7882-88db-4fe6-9cca-6a25122d474d@group-896385CD49EE: changes role from CANDIDATE to FOLLOWER at term 154 for DISCOVERED_A_NEW_TERM
2019-10-17 02:14:52,894 [b32d7882-88db-4fe6-9cca-6a25122d474d@group-896385CD49EE-LeaderElection212] INFO  impl.RoleInfo (RoleInfo.java:shutdownLeaderElection(134)) - b32d7882-88db-4fe6-9cca-6a25122d474d: shutdown LeaderElection
2019-10-17 02:14:52,894 [b32d7882-88db-4fe6-9cca-6a25122d474d@group-896385CD49EE-LeaderElection212] INFO  impl.RoleInfo (RoleInfo.java:updateAndGet(143)) - b32d7882-88db-4fe6-9cca-6a25122d474d: start FollowerState
2019-10-17 02:14:53,087 [Thread-2356] INFO  impl.FollowerState (FollowerState.java:run(108)) - b32d7882-88db-4fe6-9cca-6a25122d474d@group-896385CD49EE-FollowerState: change to CANDIDATE, lastRpcTime:192ms, electionTimeout:192ms
2019-10-17 02:14:53,087 [Thread-2356] INFO  impl.RoleInfo (RoleInfo.java:shutdownFollowerState(121)) - b32d7882-88db-4fe6-9cca-6a25122d474d: shutdown FollowerState
2019-10-17 02:14:53,087 [Thread-2356] INFO  impl.RaftServerImpl (RaftServerImpl.java:setRole(184)) - b32d7882-88db-4fe6-9cca-6a25122d474d@group-896385CD49EE: changes role from  FOLLOWER to CANDIDATE at term 154 for changeToCandidate
2019-10-17 02:14:53,087 [Thread-2356] INFO  impl.RoleInfo (RoleInfo.java:updateAndGet(143)) - b32d7882-88db-4fe6-9cca-6a25122d474d: start LeaderElection
2019-10-17 02:14:53,109 [b32d7882-88db-4fe6-9cca-6a25122d474d@group-896385CD49EE-LeaderElection213] INFO  impl.LeaderElection (LeaderElection.java:askForVotes(178)) - b32d7882-88db-4fe6-9cca-6a25122d474d@group-896385CD49EE-LeaderElection213: begin an election at term 155 for -1: [b32d7882-88db-4fe6-9cca-6a25122d474d:192.168.157.194:42206, 3aea292b-16fb-4e9b-be90-828afa8e8047:192.168.157.194:34569, a6b2ebfb-69a0-457c-b6cd-a50cc148b564:192.168.157.194:37298], old=null
2019-10-17 02:14:53,111 [grpc-default-executor-2] INFO  impl.RaftServerImpl (RaftServerImpl.java:setRole(184)) - 3aea292b-16fb-4e9b-be90-828afa8e8047@group-896385CD49EE: changes role from  FOLLOWER to FOLLOWER at term 155 for recognizeCandidate:b32d7882-88db-4fe6-9cca-6a25122d474d
2019-10-17 02:14:53,111 [grpc-default-executor-2] INFO  impl.RoleInfo (RoleInfo.java:shutdownFollowerState(121)) - 3aea292b-16fb-4e9b-be90-828afa8e8047: shutdown FollowerState
2019-10-17 02:14:53,111 [grpc-default-executor-0] INFO  impl.RaftServerImpl (RaftServerImpl.java:setRole(184)) - a6b2ebfb-69a0-457c-b6cd-a50cc148b564@group-896385CD49EE: changes role from  FOLLOWER to FOLLOWER at term 155 for recognizeCandidate:b32d7882-88db-4fe6-9cca-6a25122d474d
2019-10-17 02:14:53,111 [Thread-2354] INFO  impl.FollowerState (FollowerState.java:run(117)) - 3aea292b-16fb-4e9b-be90-828afa8e8047@group-896385CD49EE-FollowerState was interrupted: java.lang.InterruptedException: sleep interrupted
2019-10-17 02:14:53,111 [grpc-default-executor-2] INFO  impl.RoleInfo (RoleInfo.java:updateAndGet(143)) - 3aea292b-16fb-4e9b-be90-828afa8e8047: start FollowerState
2019-10-17 02:14:53,112 [grpc-default-executor-0] INFO  impl.RoleInfo (RoleInfo.java:shutdownFollowerState(121)) - a6b2ebfb-69a0-457c-b6cd-a50cc148b564: shutdown FollowerState
2019-10-17 02:14:53,112 [grpc-default-executor-0] INFO  impl.RoleInfo (RoleInfo.java:updateAndGet(143)) - a6b2ebfb-69a0-457c-b6cd-a50cc148b564: start FollowerState
2019-10-17 02:14:53,112 [Thread-2355] INFO  impl.FollowerState (FollowerState.java:run(117)) - a6b2ebfb-69a0-457c-b6cd-a50cc148b564@group-896385CD49EE-FollowerState was interrupted: java.lang.InterruptedException: sleep interrupted
2019-10-17 02:14:53,124 [b32d7882-88db-4fe6-9cca-6a25122d474d@group-896385CD49EE-LeaderElection213] INFO  impl.LeaderElection (LeaderElection.java:logAndReturn(56)) - b32d7882-88db-4fe6-9cca-6a25122d474d@group-896385CD49EE-LeaderElection213: Election REJECTED; received 2 response(s) [b32d7882-88db-4fe6-9cca-6a25122d474d<-3aea292b-16fb-4e9b-be90-828afa8e8047#0:FAIL-t155, b32d7882-88db-4fe6-9cca-6a25122d474d<-a6b2ebfb-69a0-457c-b6cd-a50cc148b564#0:FAIL-t155] and 0 exception(s); b32d7882-88db-4fe6-9cca-6a25122d474d@group-896385CD49EE:t155, leader=null, voted=b32d7882-88db-4fe6-9cca-6a25122d474d, raftlog=b32d7882-88db-4fe6-9cca-6a25122d474d@group-896385CD49EE-SegmentedRaftLog:OPENED:c-1,f-1,i0, conf=-1: [b32d7882-88db-4fe6-9cca-6a25122d474d:192.168.157.194:42206, 3aea292b-16fb-4e9b-be90-828afa8e8047:192.168.157.194:34569, a6b2ebfb-69a0-457c-b6cd-a50cc148b564:192.168.157.194:37298], old=null
2019-10-17 02:14:53,124 [b32d7882-88db-4fe6-9cca-6a25122d474d@group-896385CD49EE-LeaderElection213] INFO  impl.RaftServerImpl (RaftServerImpl.java:setRole(184)) - b32d7882-88db-4fe6-9cca-6a25122d474d@group-896385CD49EE: changes role from CANDIDATE to FOLLOWER at term 155 for DISCOVERED_A_NEW_TERM
2019-10-17 02:14:53,124 [b32d7882-88db-4fe6-9cca-6a25122d474d@group-896385CD49EE-LeaderElection213] INFO  impl.RoleInfo (RoleInfo.java:shutdownLeaderElection(134)) - b32d7882-88db-4fe6-9cca-6a25122d474d: shutdown LeaderElection
2019-10-17 02:14:53,124 [b32d7882-88db-4fe6-9cca-6a25122d474d@group-896385CD49EE-LeaderElection213] INFO  impl.RoleInfo (RoleInfo.java:updateAndGet(143)) - b32d7882-88db-4fe6-9cca-6a25122d474d: start FollowerState
2019-10-17 02:14:53,139 [main] INFO  ozone.MiniOzoneClusterImpl (MiniOzoneClusterImpl.java:lambda$waitForClusterToBeReady$2(164)) - Waiting for 1 number of pipelines out of 4, to report a leader.
2019-10-17 02:14:53,208 [Thread-2362] INFO  impl.FollowerState (FollowerState.java:run(108)) - b32d7882-88db-4fe6-9cca-6a25122d474d@group-896385CD49EE-FollowerState: change to CANDIDATE, lastRpcTime:83ms, electionTimeout:83ms
2019-10-17 02:14:53,208 [Thread-2362] INFO  impl.RoleInfo (RoleInfo.java:shutdownFollowerState(121)) - b32d7882-88db-4fe6-9cca-6a25122d474d: shutdown FollowerState
2019-10-17 02:14:53,208 [Thread-2362] INFO  impl.RaftServerImpl (RaftServerImpl.java:setRole(184)) - b32d7882-88db-4fe6-9cca-6a25122d474d@group-896385CD49EE: changes role from  FOLLOWER to CANDIDATE at term 155 for changeToCandidate
2019-10-17 02:14:53,208 [Thread-2362] INFO  impl.RoleInfo (RoleInfo.java:updateAndGet(143)) - b32d7882-88db-4fe6-9cca-6a25122d474d: start LeaderElection
2019-10-17 02:14:53,221 [b32d7882-88db-4fe6-9cca-6a25122d474d@group-896385CD49EE-LeaderElection214] INFO  impl.LeaderElection (LeaderElection.java:askForVotes(178)) - b32d7882-88db-4fe6-9cca-6a25122d474d@group-896385CD49EE-LeaderElection214: begin an election at term 156 for -1: [b32d7882-88db-4fe6-9cca-6a25122d474d:192.168.157.194:42206, 3aea292b-16fb-4e9b-be90-828afa8e8047:192.168.157.194:34569, a6b2ebfb-69a0-457c-b6cd-a50cc148b564:192.168.157.194:37298], old=null
2019-10-17 02:14:53,224 [grpc-default-executor-0] INFO  impl.RaftServerImpl (RaftServerImpl.java:setRole(184)) - 3aea292b-16fb-4e9b-be90-828afa8e8047@group-896385CD49EE: changes role from  FOLLOWER to FOLLOWER at term 156 for recognizeCandidate:b32d7882-88db-4fe6-9cca-6a25122d474d
2019-10-17 02:14:53,224 [grpc-default-executor-2] INFO  impl.RaftServerImpl (RaftServerImpl.java:setRole(184)) - a6b2ebfb-69a0-457c-b6cd-a50cc148b564@group-896385CD49EE: changes role from  FOLLOWER to FOLLOWER at term 156 for recognizeCandidate:b32d7882-88db-4fe6-9cca-6a25122d474d
2019-10-17 02:14:53,224 [grpc-default-executor-0] INFO  impl.RoleInfo (RoleInfo.java:shutdownFollowerState(121)) - 3aea292b-16fb-4e9b-be90-828afa8e8047: shutdown FollowerState
2019-10-17 02:14:53,224 [grpc-default-executor-2] INFO  impl.RoleInfo (RoleInfo.java:shutdownFollowerState(121)) - a6b2ebfb-69a0-457c-b6cd-a50cc148b564: shutdown FollowerState
2019-10-17 02:14:53,224 [Thread-2360] INFO  impl.FollowerState (FollowerState.java:run(117)) - 3aea292b-16fb-4e9b-be90-828afa8e8047@group-896385CD49EE-FollowerState was interrupted: java.lang.InterruptedException: sleep interrupted
2019-10-17 02:14:53,224 [grpc-default-executor-0] INFO  impl.RoleInfo (RoleInfo.java:updateAndGet(143)) - 3aea292b-16fb-4e9b-be90-828afa8e8047: start FollowerState
2019-10-17 02:14:53,224 [Thread-2361] INFO  impl.FollowerState (FollowerState.java:run(117)) - a6b2ebfb-69a0-457c-b6cd-a50cc148b564@group-896385CD49EE-FollowerState was interrupted: java.lang.InterruptedException: sleep interrupted
2019-10-17 02:14:53,224 [grpc-default-executor-2] INFO  impl.RoleInfo (RoleInfo.java:updateAndGet(143)) - a6b2ebfb-69a0-457c-b6cd-a50cc148b564: start FollowerState
2019-10-17 02:14:53,229 [b32d7882-88db-4fe6-9cca-6a25122d474d@group-896385CD49EE-LeaderElection214] INFO  impl.LeaderElection (LeaderElection.java:logAndReturn(56)) - b32d7882-88db-4fe6-9cca-6a25122d474d@group-896385CD49EE-LeaderElection214: Election REJECTED; received 2 response(s) [b32d7882-88db-4fe6-9cca-6a25122d474d<-3aea292b-16fb-4e9b-be90-828afa8e8047#0:FAIL-t156, b32d7882-88db-4fe6-9cca-6a25122d474d<-a6b2ebfb-69a0-457c-b6cd-a50cc148b564#0:FAIL-t156] and 0 exception(s); b32d7882-88db-4fe6-9cca-6a25122d474d@group-896385CD49EE:t156, leader=null, voted=b32d7882-88db-4fe6-9cca-6a25122d474d, raftlog=b32d7882-88db-4fe6-9cca-6a25122d474d@group-896385CD49EE-SegmentedRaftLog:OPENED:c-1,f-1,i0, conf=-1: [b32d7882-88db-4fe6-9cca-6a25122d474d:192.168.157.194:42206, 3aea292b-16fb-4e9b-be90-828afa8e8047:192.168.157.194:34569, a6b2ebfb-69a0-457c-b6cd-a50cc148b564:192.168.157.194:37298], old=null
2019-10-17 02:14:53,230 [b32d7882-88db-4fe6-9cca-6a25122d474d@group-896385CD49EE-LeaderElection214] INFO  impl.RaftServerImpl (RaftServerImpl.java:setRole(184)) - b32d7882-88db-4fe6-9cca-6a25122d474d@group-896385CD49EE: changes role from CANDIDATE to FOLLOWER at term 156 for DISCOVERED_A_NEW_TERM
2019-10-17 02:14:53,230 [b32d7882-88db-4fe6-9cca-6a25122d474d@group-896385CD49EE-LeaderElection214] INFO  impl.RoleInfo (RoleInfo.java:shutdownLeaderElection(134)) - b32d7882-88db-4fe6-9cca-6a25122d474d: shutdown LeaderElection
2019-10-17 02:14:53,230 [b32d7882-88db-4fe6-9cca-6a25122d474d@group-896385CD49EE-LeaderElection214] INFO  impl.RoleInfo (RoleInfo.java:updateAndGet(143)) - b32d7882-88db-4fe6-9cca-6a25122d474d: start FollowerState
2019-10-17 02:14:53,383 [Thread-2368] INFO  impl.FollowerState (FollowerState.java:run(108)) - b32d7882-88db-4fe6-9cca-6a25122d474d@group-896385CD49EE-FollowerState: change to CANDIDATE, lastRpcTime:153ms, electionTimeout:153ms
2019-10-17 02:14:53,383 [Thread-2368] INFO  impl.RoleInfo (RoleInfo.java:shutdownFollowerState(121)) - b32d7882-88db-4fe6-9cca-6a25122d474d: shutdown FollowerState
2019-10-17 02:14:53,383 [Thread-2368] INFO  impl.RaftServerImpl (RaftServerImpl.java:setRole(184)) - b32d7882-88db-4fe6-9cca-6a25122d474d@group-896385CD49EE: changes role from  FOLLOWER to CANDIDATE at term 156 for changeToCandidate
2019-10-17 02:14:53,384 [Thread-2368] INFO  impl.RoleInfo (RoleInfo.java:updateAndGet(143)) - b32d7882-88db-4fe6-9cca-6a25122d474d: start LeaderElection
2019-10-17 02:14:53,397 [b32d7882-88db-4fe6-9cca-6a25122d474d@group-896385CD49EE-LeaderElection215] INFO  impl.LeaderElection (LeaderElection.java:askForVotes(178)) - b32d7882-88db-4fe6-9cca-6a25122d474d@group-896385CD49EE-LeaderElection215: begin an election at term 157 for -1: [b32d7882-88db-4fe6-9cca-6a25122d474d:192.168.157.194:42206, 3aea292b-16fb-4e9b-be90-828afa8e8047:192.168.157.194:34569, a6b2ebfb-69a0-457c-b6cd-a50cc148b564:192.168.157.194:37298], old=null
2019-10-17 02:14:53,399 [grpc-default-executor-0] INFO  impl.RaftServerImpl (RaftServerImpl.java:setRole(184)) - a6b2ebfb-69a0-457c-b6cd-a50cc148b564@group-896385CD49EE: changes role from  FOLLOWER to FOLLOWER at term 157 for recognizeCandidate:b32d7882-88db-4fe6-9cca-6a25122d474d
2019-10-17 02:14:53,399 [grpc-default-executor-0] INFO  impl.RoleInfo (RoleInfo.java:shutdownFollowerState(121)) - a6b2ebfb-69a0-457c-b6cd-a50cc148b564: shutdown FollowerState
2019-10-17 02:14:53,399 [grpc-default-executor-2] INFO  impl.RaftServerImpl (RaftServerImpl.java:setRole(184)) - 3aea292b-16fb-4e9b-be90-828afa8e8047@group-896385CD49EE: changes role from  FOLLOWER to FOLLOWER at term 157 for recognizeCandidate:b32d7882-88db-4fe6-9cca-6a25122d474d
2019-10-17 02:14:53,400 [Thread-2367] INFO  impl.FollowerState (FollowerState.java:run(117)) - a6b2ebfb-69a0-457c-b6cd-a50cc148b564@group-896385CD49EE-FollowerState was interrupted: java.lang.InterruptedException: sleep interrupted
2019-10-17 02:14:53,400 [grpc-default-executor-0] INFO  impl.RoleInfo (RoleInfo.java:updateAndGet(143)) - a6b2ebfb-69a0-457c-b6cd-a50cc148b564: start FollowerState
2019-10-17 02:14:53,400 [grpc-default-executor-2] INFO  impl.RoleInfo (RoleInfo.java:shutdownFollowerState(121)) - 3aea292b-16fb-4e9b-be90-828afa8e8047: shutdown FollowerState
2019-10-17 02:14:53,400 [grpc-default-executor-2] INFO  impl.RoleInfo (RoleInfo.java:updateAndGet(143)) - 3aea292b-16fb-4e9b-be90-828afa8e8047: start FollowerState
2019-10-17 02:14:53,400 [Thread-2366] INFO  impl.FollowerState (FollowerState.java:run(117)) - 3aea292b-16fb-4e9b-be90-828afa8e8047@group-896385CD49EE-FollowerState was interrupted: java.lang.InterruptedException: sleep interrupted
2019-10-17 02:14:53,413 [b32d7882-88db-4fe6-9cca-6a25122d474d@group-896385CD49EE-LeaderElection215] INFO  impl.LeaderElection (LeaderElection.java:logAndReturn(56)) - b32d7882-88db-4fe6-9cca-6a25122d474d@group-896385CD49EE-LeaderElection215: Election REJECTED; received 2 response(s) [b32d7882-88db-4fe6-9cca-6a25122d474d<-3aea292b-16fb-4e9b-be90-828afa8e8047#0:FAIL-t157, b32d7882-88db-4fe6-9cca-6a25122d474d<-a6b2ebfb-69a0-457c-b6cd-a50cc148b564#0:FAIL-t157] and 0 exception(s); b32d7882-88db-4fe6-9cca-6a25122d474d@group-896385CD49EE:t157, leader=null, voted=b32d7882-88db-4fe6-9cca-6a25122d474d, raftlog=b32d7882-88db-4fe6-9cca-6a25122d474d@group-896385CD49EE-SegmentedRaftLog:OPENED:c-1,f-1,i0, conf=-1: [b32d7882-88db-4fe6-9cca-6a25122d474d:192.168.157.194:42206, 3aea292b-16fb-4e9b-be90-828afa8e8047:192.168.157.194:34569, a6b2ebfb-69a0-457c-b6cd-a50cc148b564:192.168.157.194:37298], old=null
2019-10-17 02:14:53,413 [b32d7882-88db-4fe6-9cca-6a25122d474d@group-896385CD49EE-LeaderElection215] INFO  impl.RaftServerImpl (RaftServerImpl.java:setRole(184)) - b32d7882-88db-4fe6-9cca-6a25122d474d@group-896385CD49EE: changes role from CANDIDATE to FOLLOWER at term 157 for DISCOVERED_A_NEW_TERM
2019-10-17 02:14:53,413 [b32d7882-88db-4fe6-9cca-6a25122d474d@group-896385CD49EE-LeaderElection215] INFO  impl.RoleInfo (RoleInfo.java:shutdownLeaderElection(134)) - b32d7882-88db-4fe6-9cca-6a25122d474d: shutdown LeaderElection
2019-10-17 02:14:53,414 [b32d7882-88db-4fe6-9cca-6a25122d474d@group-896385CD49EE-LeaderElection215] INFO  impl.RoleInfo (RoleInfo.java:updateAndGet(143)) - b32d7882-88db-4fe6-9cca-6a25122d474d: start FollowerState
2019-10-17 02:14:53,417 [Thread-2374] INFO  impl.FollowerState (FollowerState.java:run(108)) - b32d7882-88db-4fe6-9cca-6a25122d474d@group-896385CD49EE-FollowerState: change to CANDIDATE, lastRpcTime:3ms, electionTimeout:3ms
2019-10-17 02:14:53,417 [Thread-2374] INFO  impl.RoleInfo (RoleInfo.java:shutdownFollowerState(121)) - b32d7882-88db-4fe6-9cca-6a25122d474d: shutdown FollowerState
2019-10-17 02:14:53,417 [Thread-2374] INFO  impl.RaftServerImpl (RaftServerImpl.java:setRole(184)) - b32d7882-88db-4fe6-9cca-6a25122d474d@group-896385CD49EE: changes role from  FOLLOWER to CANDIDATE at term 157 for changeToCandidate
2019-10-17 02:14:53,417 [Thread-2374] INFO  impl.RoleInfo (RoleInfo.java:updateAndGet(143)) - b32d7882-88db-4fe6-9cca-6a25122d474d: start LeaderElection
2019-10-17 02:14:53,423 [b32d7882-88db-4fe6-9cca-6a25122d474d@group-896385CD49EE-LeaderElection216] INFO  impl.LeaderElection (LeaderElection.java:askForVotes(178)) - b32d7882-88db-4fe6-9cca-6a25122d474d@group-896385CD49EE-LeaderElection216: begin an election at term 158 for -1: [b32d7882-88db-4fe6-9cca-6a25122d474d:192.168.157.194:42206, 3aea292b-16fb-4e9b-be90-828afa8e8047:192.168.157.194:34569, a6b2ebfb-69a0-457c-b6cd-a50cc148b564:192.168.157.194:37298], old=null
2019-10-17 02:14:53,424 [grpc-default-executor-2] INFO  impl.RaftServerImpl (RaftServerImpl.java:setRole(184)) - 3aea292b-16fb-4e9b-be90-828afa8e8047@group-896385CD49EE: changes role from  FOLLOWER to FOLLOWER at term 158 for recognizeCandidate:b32d7882-88db-4fe6-9cca-6a25122d474d
2019-10-17 02:14:53,425 [grpc-default-executor-2] INFO  impl.RoleInfo (RoleInfo.java:shutdownFollowerState(121)) - 3aea292b-16fb-4e9b-be90-828afa8e8047: shutdown FollowerState
2019-10-17 02:14:53,425 [grpc-default-executor-0] INFO  impl.RaftServerImpl (RaftServerImpl.java:setRole(184)) - a6b2ebfb-69a0-457c-b6cd-a50cc148b564@group-896385CD49EE: changes role from  FOLLOWER to FOLLOWER at term 158 for recognizeCandidate:b32d7882-88db-4fe6-9cca-6a25122d474d
2019-10-17 02:14:53,425 [grpc-default-executor-0] INFO  impl.RoleInfo (RoleInfo.java:shutdownFollowerState(121)) - a6b2ebfb-69a0-457c-b6cd-a50cc148b564: shutdown FollowerState
2019-10-17 02:14:53,425 [Thread-2373] INFO  impl.FollowerState (FollowerState.java:run(117)) - 3aea292b-16fb-4e9b-be90-828afa8e8047@group-896385CD49EE-FollowerState was interrupted: java.lang.InterruptedException: sleep interrupted
2019-10-17 02:14:53,425 [grpc-default-executor-2] INFO  impl.RoleInfo (RoleInfo.java:updateAndGet(143)) - 3aea292b-16fb-4e9b-be90-828afa8e8047: start FollowerState
2019-10-17 02:14:53,425 [Thread-2372] INFO  impl.FollowerState (FollowerState.java:run(117)) - a6b2ebfb-69a0-457c-b6cd-a50cc148b564@group-896385CD49EE-FollowerState was interrupted: java.lang.InterruptedException: sleep interrupted
2019-10-17 02:14:53,425 [grpc-default-executor-0] INFO  impl.RoleInfo (RoleInfo.java:updateAndGet(143)) - a6b2ebfb-69a0-457c-b6cd-a50cc148b564: start FollowerState
2019-10-17 02:14:53,440 [b32d7882-88db-4fe6-9cca-6a25122d474d@group-896385CD49EE-LeaderElection216] INFO  impl.LeaderElection (LeaderElection.java:logAndReturn(56)) - b32d7882-88db-4fe6-9cca-6a25122d474d@group-896385CD49EE-LeaderElection216: Election REJECTED; received 2 response(s) [b32d7882-88db-4fe6-9cca-6a25122d474d<-3aea292b-16fb-4e9b-be90-828afa8e8047#0:FAIL-t158, b32d7882-88db-4fe6-9cca-6a25122d474d<-a6b2ebfb-69a0-457c-b6cd-a50cc148b564#0:FAIL-t158] and 0 exception(s); b32d7882-88db-4fe6-9cca-6a25122d474d@group-896385CD49EE:t158, leader=null, voted=b32d7882-88db-4fe6-9cca-6a25122d474d, raftlog=b32d7882-88db-4fe6-9cca-6a25122d474d@group-896385CD49EE-SegmentedRaftLog:OPENED:c-1,f-1,i0, conf=-1: [b32d7882-88db-4fe6-9cca-6a25122d474d:192.168.157.194:42206, 3aea292b-16fb-4e9b-be90-828afa8e8047:192.168.157.194:34569, a6b2ebfb-69a0-457c-b6cd-a50cc148b564:192.168.157.194:37298], old=null
2019-10-17 02:14:53,440 [b32d7882-88db-4fe6-9cca-6a25122d474d@group-896385CD49EE-LeaderElection216] INFO  impl.RaftServerImpl (RaftServerImpl.java:setRole(184)) - b32d7882-88db-4fe6-9cca-6a25122d474d@group-896385CD49EE: changes role from CANDIDATE to FOLLOWER at term 158 for DISCOVERED_A_NEW_TERM
2019-10-17 02:14:53,440 [b32d7882-88db-4fe6-9cca-6a25122d474d@group-896385CD49EE-LeaderElection216] INFO  impl.RoleInfo (RoleInfo.java:shutdownLeaderElection(134)) - b32d7882-88db-4fe6-9cca-6a25122d474d: shutdown LeaderElection
2019-10-17 02:14:53,440 [b32d7882-88db-4fe6-9cca-6a25122d474d@group-896385CD49EE-LeaderElection216] INFO  impl.RoleInfo (RoleInfo.java:updateAndGet(143)) - b32d7882-88db-4fe6-9cca-6a25122d474d: start FollowerState
2019-10-17 02:14:53,458 [Thread-2380] INFO  impl.FollowerState (FollowerState.java:run(108)) - b32d7882-88db-4fe6-9cca-6a25122d474d@group-896385CD49EE-FollowerState: change to CANDIDATE, lastRpcTime:17ms, electionTimeout:17ms
2019-10-17 02:14:53,458 [Thread-2380] INFO  impl.RoleInfo (RoleInfo.java:shutdownFollowerState(121)) - b32d7882-88db-4fe6-9cca-6a25122d474d: shutdown FollowerState
2019-10-17 02:14:53,458 [Thread-2380] INFO  impl.RaftServerImpl (RaftServerImpl.java:setRole(184)) - b32d7882-88db-4fe6-9cca-6a25122d474d@group-896385CD49EE: changes role from  FOLLOWER to CANDIDATE at term 158 for changeToCandidate
2019-10-17 02:14:53,458 [Thread-2380] INFO  impl.RoleInfo (RoleInfo.java:updateAndGet(143)) - b32d7882-88db-4fe6-9cca-6a25122d474d: start LeaderElection
2019-10-17 02:14:53,472 [b32d7882-88db-4fe6-9cca-6a25122d474d@group-896385CD49EE-LeaderElection217] INFO  impl.LeaderElection (LeaderElection.java:askForVotes(178)) - b32d7882-88db-4fe6-9cca-6a25122d474d@group-896385CD49EE-LeaderElection217: begin an election at term 159 for -1: [b32d7882-88db-4fe6-9cca-6a25122d474d:192.168.157.194:42206, 3aea292b-16fb-4e9b-be90-828afa8e8047:192.168.157.194:34569, a6b2ebfb-69a0-457c-b6cd-a50cc148b564:192.168.157.194:37298], old=null
2019-10-17 02:14:53,474 [grpc-default-executor-2] INFO  impl.RaftServerImpl (RaftServerImpl.java:setRole(184)) - 3aea292b-16fb-4e9b-be90-828afa8e8047@group-896385CD49EE: changes role from  FOLLOWER to FOLLOWER at term 159 for recognizeCandidate:b32d7882-88db-4fe6-9cca-6a25122d474d
2019-10-17 02:14:53,474 [grpc-default-executor-2] INFO  impl.RoleInfo (RoleInfo.java:shutdownFollowerState(121)) - 3aea292b-16fb-4e9b-be90-828afa8e8047: shutdown FollowerState
2019-10-17 02:14:53,474 [grpc-default-executor-0] INFO  impl.RaftServerImpl (RaftServerImpl.java:setRole(184)) - a6b2ebfb-69a0-457c-b6cd-a50cc148b564@group-896385CD49EE: changes role from  FOLLOWER to FOLLOWER at term 159 for recognizeCandidate:b32d7882-88db-4fe6-9cca-6a25122d474d
2019-10-17 02:14:53,475 [grpc-default-executor-0] INFO  impl.RoleInfo (RoleInfo.java:shutdownFollowerState(121)) - a6b2ebfb-69a0-457c-b6cd-a50cc148b564: shutdown FollowerState
2019-10-17 02:14:53,474 [Thread-2378] INFO  impl.FollowerState (FollowerState.java:run(117)) - 3aea292b-16fb-4e9b-be90-828afa8e8047@group-896385CD49EE-FollowerState was interrupted: java.lang.InterruptedException: sleep interrupted
2019-10-17 02:14:53,474 [grpc-default-executor-2] INFO  impl.RoleInfo (RoleInfo.java:updateAndGet(143)) - 3aea292b-16fb-4e9b-be90-828afa8e8047: start FollowerState
2019-10-17 02:14:53,475 [Thread-2379] INFO  impl.FollowerState (FollowerState.java:run(117)) - a6b2ebfb-69a0-457c-b6cd-a50cc148b564@group-896385CD49EE-FollowerState was interrupted: java.lang.InterruptedException: sleep interrupted
2019-10-17 02:14:53,475 [grpc-default-executor-0] INFO  impl.RoleInfo (RoleInfo.java:updateAndGet(143)) - a6b2ebfb-69a0-457c-b6cd-a50cc148b564: start FollowerState
2019-10-17 02:14:53,489 [b32d7882-88db-4fe6-9cca-6a25122d474d@group-896385CD49EE-LeaderElection217] INFO  impl.LeaderElection (LeaderElection.java:logAndReturn(56)) - b32d7882-88db-4fe6-9cca-6a25122d474d@group-896385CD49EE-LeaderElection217: Election REJECTED; received 2 response(s) [b32d7882-88db-4fe6-9cca-6a25122d474d<-3aea292b-16fb-4e9b-be90-828afa8e8047#0:FAIL-t159, b32d7882-88db-4fe6-9cca-6a25122d474d<-a6b2ebfb-69a0-457c-b6cd-a50cc148b564#0:FAIL-t159] and 0 exception(s); b32d7882-88db-4fe6-9cca-6a25122d474d@group-896385CD49EE:t159, leader=null, voted=b32d7882-88db-4fe6-9cca-6a25122d474d, raftlog=b32d7882-88db-4fe6-9cca-6a25122d474d@group-896385CD49EE-SegmentedRaftLog:OPENED:c-1,f-1,i0, conf=-1: [b32d7882-88db-4fe6-9cca-6a25122d474d:192.168.157.194:42206, 3aea292b-16fb-4e9b-be90-828afa8e8047:192.168.157.194:34569, a6b2ebfb-69a0-457c-b6cd-a50cc148b564:192.168.157.194:37298], old=null
2019-10-17 02:14:53,489 [b32d7882-88db-4fe6-9cca-6a25122d474d@group-896385CD49EE-LeaderElection217] INFO  impl.RaftServerImpl (RaftServerImpl.java:setRole(184)) - b32d7882-88db-4fe6-9cca-6a25122d474d@group-896385CD49EE: changes role from CANDIDATE to FOLLOWER at term 159 for DISCOVERED_A_NEW_TERM
2019-10-17 02:14:53,489 [b32d7882-88db-4fe6-9cca-6a25122d474d@group-896385CD49EE-LeaderElection217] INFO  impl.RoleInfo (RoleInfo.java:shutdownLeaderElection(134)) - b32d7882-88db-4fe6-9cca-6a25122d474d: shutdown LeaderElection
2019-10-17 02:14:53,490 [b32d7882-88db-4fe6-9cca-6a25122d474d@group-896385CD49EE-LeaderElection217] INFO  impl.RoleInfo (RoleInfo.java:updateAndGet(143)) - b32d7882-88db-4fe6-9cca-6a25122d474d: start FollowerState
2019-10-17 02:14:53,602 [Thread-2386] INFO  impl.FollowerState (FollowerState.java:run(108)) - b32d7882-88db-4fe6-9cca-6a25122d474d@group-896385CD49EE-FollowerState: change to CANDIDATE, lastRpcTime:112ms, electionTimeout:112ms
2019-10-17 02:14:53,602 [Thread-2386] INFO  impl.RoleInfo (RoleInfo.java:shutdownFollowerState(121)) - b32d7882-88db-4fe6-9cca-6a25122d474d: shutdown FollowerState
2019-10-17 02:14:53,602 [Thread-2386] INFO  impl.RaftServerImpl (RaftServerImpl.java:setRole(184)) - b32d7882-88db-4fe6-9cca-6a25122d474d@group-896385CD49EE: changes role from  FOLLOWER to CANDIDATE at term 159 for changeToCandidate
2019-10-17 02:14:53,602 [Thread-2386] INFO  impl.RoleInfo (RoleInfo.java:updateAndGet(143)) - b32d7882-88db-4fe6-9cca-6a25122d474d: start LeaderElection
2019-10-17 02:14:53,616 [b32d7882-88db-4fe6-9cca-6a25122d474d@group-896385CD49EE-LeaderElection218] INFO  impl.LeaderElection (LeaderElection.java:askForVotes(178)) - b32d7882-88db-4fe6-9cca-6a25122d474d@group-896385CD49EE-LeaderElection218: begin an election at term 160 for -1: [b32d7882-88db-4fe6-9cca-6a25122d474d:192.168.157.194:42206, 3aea292b-16fb-4e9b-be90-828afa8e8047:192.168.157.194:34569, a6b2ebfb-69a0-457c-b6cd-a50cc148b564:192.168.157.194:37298], old=null
2019-10-17 02:14:53,619 [grpc-default-executor-0] INFO  impl.RaftServerImpl (RaftServerImpl.java:setRole(184)) - 3aea292b-16fb-4e9b-be90-828afa8e8047@group-896385CD49EE: changes role from  FOLLOWER to FOLLOWER at term 160 for recognizeCandidate:b32d7882-88db-4fe6-9cca-6a25122d474d
2019-10-17 02:14:53,619 [grpc-default-executor-0] INFO  impl.RoleInfo (RoleInfo.java:shutdownFollowerState(121)) - 3aea292b-16fb-4e9b-be90-828afa8e8047: shutdown FollowerState
2019-10-17 02:14:53,619 [grpc-default-executor-0] INFO  impl.RoleInfo (RoleInfo.java:updateAndGet(143)) - 3aea292b-16fb-4e9b-be90-828afa8e8047: start FollowerState
2019-10-17 02:14:53,619 [Thread-2384] INFO  impl.FollowerState (FollowerState.java:run(117)) - 3aea292b-16fb-4e9b-be90-828afa8e8047@group-896385CD49EE-FollowerState was interrupted: java.lang.InterruptedException: sleep interrupted
2019-10-17 02:14:53,619 [grpc-default-executor-2] INFO  impl.RaftServerImpl (RaftServerImpl.java:setRole(184)) - a6b2ebfb-69a0-457c-b6cd-a50cc148b564@group-896385CD49EE: changes role from  FOLLOWER to FOLLOWER at term 160 for recognizeCandidate:b32d7882-88db-4fe6-9cca-6a25122d474d
2019-10-17 02:14:53,620 [grpc-default-executor-2] INFO  impl.RoleInfo (RoleInfo.java:shutdownFollowerState(121)) - a6b2ebfb-69a0-457c-b6cd-a50cc148b564: shutdown FollowerState
2019-10-17 02:14:53,620 [grpc-default-executor-2] INFO  impl.RoleInfo (RoleInfo.java:updateAndGet(143)) - a6b2ebfb-69a0-457c-b6cd-a50cc148b564: start FollowerState
2019-10-17 02:14:53,620 [Thread-2385] INFO  impl.FollowerState (FollowerState.java:run(117)) - a6b2ebfb-69a0-457c-b6cd-a50cc148b564@group-896385CD49EE-FollowerState was interrupted: java.lang.InterruptedException: sleep interrupted
2019-10-17 02:14:53,634 [b32d7882-88db-4fe6-9cca-6a25122d474d@group-896385CD49EE-LeaderElection218] INFO  impl.LeaderElection (LeaderElection.java:logAndReturn(56)) - b32d7882-88db-4fe6-9cca-6a25122d474d@group-896385CD49EE-LeaderElection218: Election REJECTED; received 2 response(s) [b32d7882-88db-4fe6-9cca-6a25122d474d<-3aea292b-16fb-4e9b-be90-828afa8e8047#0:FAIL-t160, b32d7882-88db-4fe6-9cca-6a25122d474d<-a6b2ebfb-69a0-457c-b6cd-a50cc148b564#0:FAIL-t160] and 0 exception(s); b32d7882-88db-4fe6-9cca-6a25122d474d@group-896385CD49EE:t160, leader=null, voted=b32d7882-88db-4fe6-9cca-6a25122d474d, raftlog=b32d7882-88db-4fe6-9cca-6a25122d474d@group-896385CD49EE-SegmentedRaftLog:OPENED:c-1,f-1,i0, conf=-1: [b32d7882-88db-4fe6-9cca-6a25122d474d:192.168.157.194:42206, 3aea292b-16fb-4e9b-be90-828afa8e8047:192.168.157.194:34569, a6b2ebfb-69a0-457c-b6cd-a50cc148b564:192.168.157.194:37298], old=null
2019-10-17 02:14:53,634 [b32d7882-88db-4fe6-9cca-6a25122d474d@group-896385CD49EE-LeaderElection218] INFO  impl.RaftServerImpl (RaftServerImpl.java:setRole(184)) - b32d7882-88db-4fe6-9cca-6a25122d474d@group-896385CD49EE: changes role from CANDIDATE to FOLLOWER at term 160 for DISCOVERED_A_NEW_TERM
2019-10-17 02:14:53,634 [b32d7882-88db-4fe6-9cca-6a25122d474d@group-896385CD49EE-LeaderElection218] INFO  impl.RoleInfo (RoleInfo.java:shutdownLeaderElection(134)) - b32d7882-88db-4fe6-9cca-6a25122d474d: shutdown LeaderElection
2019-10-17 02:14:53,634 [b32d7882-88db-4fe6-9cca-6a25122d474d@group-896385CD49EE-LeaderElection218] INFO  impl.RoleInfo (RoleInfo.java:updateAndGet(143)) - b32d7882-88db-4fe6-9cca-6a25122d474d: start FollowerState
2019-10-17 02:14:53,790 [Thread-2392] INFO  impl.FollowerState (FollowerState.java:run(108)) - b32d7882-88db-4fe6-9cca-6a25122d474d@group-896385CD49EE-FollowerState: change to CANDIDATE, lastRpcTime:155ms, electionTimeout:155ms
2019-10-17 02:14:53,790 [Thread-2392] INFO  impl.RoleInfo (RoleInfo.java:shutdownFollowerState(121)) - b32d7882-88db-4fe6-9cca-6a25122d474d: shutdown FollowerState
2019-10-17 02:14:53,790 [Thread-2392] INFO  impl.RaftServerImpl (RaftServerImpl.java:setRole(184)) - b32d7882-88db-4fe6-9cca-6a25122d474d@group-896385CD49EE: changes role from  FOLLOWER to CANDIDATE at term 160 for changeToCandidate
2019-10-17 02:14:53,790 [Thread-2392] INFO  impl.RoleInfo (RoleInfo.java:updateAndGet(143)) - b32d7882-88db-4fe6-9cca-6a25122d474d: start LeaderElection
2019-10-17 02:14:53,804 [b32d7882-88db-4fe6-9cca-6a25122d474d@group-896385CD49EE-LeaderElection219] INFO  impl.LeaderElection (LeaderElection.java:askForVotes(178)) - b32d7882-88db-4fe6-9cca-6a25122d474d@group-896385CD49EE-LeaderElection219: begin an election at term 161 for -1: [b32d7882-88db-4fe6-9cca-6a25122d474d:192.168.157.194:42206, 3aea292b-16fb-4e9b-be90-828afa8e8047:192.168.157.194:34569, a6b2ebfb-69a0-457c-b6cd-a50cc148b564:192.168.157.194:37298], old=null
2019-10-17 02:14:53,806 [grpc-default-executor-2] INFO  impl.RaftServerImpl (RaftServerImpl.java:setRole(184)) - 3aea292b-16fb-4e9b-be90-828afa8e8047@group-896385CD49EE: changes role from  FOLLOWER to FOLLOWER at term 161 for recognizeCandidate:b32d7882-88db-4fe6-9cca-6a25122d474d
2019-10-17 02:14:53,806 [grpc-default-executor-2] INFO  impl.RoleInfo (RoleInfo.java:shutdownFollowerState(121)) - 3aea292b-16fb-4e9b-be90-828afa8e8047: shutdown FollowerState
2019-10-17 02:14:53,806 [grpc-default-executor-0] INFO  impl.RaftServerImpl (RaftServerImpl.java:setRole(184)) - a6b2ebfb-69a0-457c-b6cd-a50cc148b564@group-896385CD49EE: changes role from  FOLLOWER to FOLLOWER at term 161 for recognizeCandidate:b32d7882-88db-4fe6-9cca-6a25122d474d
2019-10-17 02:14:53,806 [grpc-default-executor-0] INFO  impl.RoleInfo (RoleInfo.java:shutdownFollowerState(121)) - a6b2ebfb-69a0-457c-b6cd-a50cc148b564: shutdown FollowerState
2019-10-17 02:14:53,806 [grpc-default-executor-2] INFO  impl.RoleInfo (RoleInfo.java:updateAndGet(143)) - 3aea292b-16fb-4e9b-be90-828afa8e8047: start FollowerState
2019-10-17 02:14:53,806 [Thread-2390] INFO  impl.FollowerState (FollowerState.java:run(117)) - 3aea292b-16fb-4e9b-be90-828afa8e8047@group-896385CD49EE-FollowerState was interrupted: java.lang.InterruptedException: sleep interrupted
2019-10-17 02:14:53,807 [Thread-2391] INFO  impl.FollowerState (FollowerState.java:run(117)) - a6b2ebfb-69a0-457c-b6cd-a50cc148b564@group-896385CD49EE-FollowerState was interrupted: java.lang.InterruptedException: sleep interrupted
2019-10-17 02:14:53,807 [grpc-default-executor-0] INFO  impl.RoleInfo (RoleInfo.java:updateAndGet(143)) - a6b2ebfb-69a0-457c-b6cd-a50cc148b564: start FollowerState
2019-10-17 02:14:53,821 [b32d7882-88db-4fe6-9cca-6a25122d474d@group-896385CD49EE-LeaderElection219] INFO  impl.LeaderElection (LeaderElection.java:logAndReturn(56)) - b32d7882-88db-4fe6-9cca-6a25122d474d@group-896385CD49EE-LeaderElection219: Election REJECTED; received 2 response(s) [b32d7882-88db-4fe6-9cca-6a25122d474d<-3aea292b-16fb-4e9b-be90-828afa8e8047#0:FAIL-t161, b32d7882-88db-4fe6-9cca-6a25122d474d<-a6b2ebfb-69a0-457c-b6cd-a50cc148b564#0:FAIL-t161] and 0 exception(s); b32d7882-88db-4fe6-9cca-6a25122d474d@group-896385CD49EE:t161, leader=null, voted=b32d7882-88db-4fe6-9cca-6a25122d474d, raftlog=b32d7882-88db-4fe6-9cca-6a25122d474d@group-896385CD49EE-SegmentedRaftLog:OPENED:c-1,f-1,i0, conf=-1: [b32d7882-88db-4fe6-9cca-6a25122d474d:192.168.157.194:42206, 3aea292b-16fb-4e9b-be90-828afa8e8047:192.168.157.194:34569, a6b2ebfb-69a0-457c-b6cd-a50cc148b564:192.168.157.194:37298], old=null
2019-10-17 02:14:53,822 [b32d7882-88db-4fe6-9cca-6a25122d474d@group-896385CD49EE-LeaderElection219] INFO  impl.RaftServerImpl (RaftServerImpl.java:setRole(184)) - b32d7882-88db-4fe6-9cca-6a25122d474d@group-896385CD49EE: changes role from CANDIDATE to FOLLOWER at term 161 for DISCOVERED_A_NEW_TERM
2019-10-17 02:14:53,822 [b32d7882-88db-4fe6-9cca-6a25122d474d@group-896385CD49EE-LeaderElection219] INFO  impl.RoleInfo (RoleInfo.java:shutdownLeaderElection(134)) - b32d7882-88db-4fe6-9cca-6a25122d474d: shutdown LeaderElection
2019-10-17 02:14:53,822 [b32d7882-88db-4fe6-9cca-6a25122d474d@group-896385CD49EE-LeaderElection219] INFO  impl.RoleInfo (RoleInfo.java:updateAndGet(143)) - b32d7882-88db-4fe6-9cca-6a25122d474d: start FollowerState
2019-10-17 02:14:53,957 [Thread-2398] INFO  impl.FollowerState (FollowerState.java:run(108)) - b32d7882-88db-4fe6-9cca-6a25122d474d@group-896385CD49EE-FollowerState: change to CANDIDATE, lastRpcTime:135ms, electionTimeout:135ms
2019-10-17 02:14:53,957 [Thread-2398] INFO  impl.RoleInfo (RoleInfo.java:shutdownFollowerState(121)) - b32d7882-88db-4fe6-9cca-6a25122d474d: shutdown FollowerState
2019-10-17 02:14:53,958 [Thread-2398] INFO  impl.RaftServerImpl (RaftServerImpl.java:setRole(184)) - b32d7882-88db-4fe6-9cca-6a25122d474d@group-896385CD49EE: changes role from  FOLLOWER to CANDIDATE at term 161 for changeToCandidate
2019-10-17 02:14:53,958 [Thread-2398] INFO  impl.RoleInfo (RoleInfo.java:updateAndGet(143)) - b32d7882-88db-4fe6-9cca-6a25122d474d: start LeaderElection
2019-10-17 02:14:53,972 [b32d7882-88db-4fe6-9cca-6a25122d474d@group-896385CD49EE-LeaderElection220] INFO  impl.LeaderElection (LeaderElection.java:askForVotes(178)) - b32d7882-88db-4fe6-9cca-6a25122d474d@group-896385CD49EE-LeaderElection220: begin an election at term 162 for -1: [b32d7882-88db-4fe6-9cca-6a25122d474d:192.168.157.194:42206, 3aea292b-16fb-4e9b-be90-828afa8e8047:192.168.157.194:34569, a6b2ebfb-69a0-457c-b6cd-a50cc148b564:192.168.157.194:37298], old=null
2019-10-17 02:14:53,974 [grpc-default-executor-2] INFO  impl.RaftServerImpl (RaftServerImpl.java:setRole(184)) - 3aea292b-16fb-4e9b-be90-828afa8e8047@group-896385CD49EE: changes role from  FOLLOWER to FOLLOWER at term 162 for recognizeCandidate:b32d7882-88db-4fe6-9cca-6a25122d474d
2019-10-17 02:14:53,974 [grpc-default-executor-2] INFO  impl.RoleInfo (RoleInfo.java:shutdownFollowerState(121)) - 3aea292b-16fb-4e9b-be90-828afa8e8047: shutdown FollowerState
2019-10-17 02:14:53,975 [grpc-default-executor-2] INFO  impl.RoleInfo (RoleInfo.java:updateAndGet(143)) - 3aea292b-16fb-4e9b-be90-828afa8e8047: start FollowerState
2019-10-17 02:14:53,975 [grpc-default-executor-0] INFO  impl.RaftServerImpl (RaftServerImpl.java:setRole(184)) - a6b2ebfb-69a0-457c-b6cd-a50cc148b564@group-896385CD49EE: changes role from  FOLLOWER to FOLLOWER at term 162 for recognizeCandidate:b32d7882-88db-4fe6-9cca-6a25122d474d
2019-10-17 02:14:53,975 [grpc-default-executor-0] INFO  impl.RoleInfo (RoleInfo.java:shutdownFollowerState(121)) - a6b2ebfb-69a0-457c-b6cd-a50cc148b564: shutdown FollowerState
2019-10-17 02:14:53,975 [Thread-2396] INFO  impl.FollowerState (FollowerState.java:run(117)) - 3aea292b-16fb-4e9b-be90-828afa8e8047@group-896385CD49EE-FollowerState was interrupted: java.lang.InterruptedException: sleep interrupted
2019-10-17 02:14:53,975 [Thread-2397] INFO  impl.FollowerState (FollowerState.java:run(117)) - a6b2ebfb-69a0-457c-b6cd-a50cc148b564@group-896385CD49EE-FollowerState was interrupted: java.lang.InterruptedException: sleep interrupted
2019-10-17 02:14:53,975 [grpc-default-executor-0] INFO  impl.RoleInfo (RoleInfo.java:updateAndGet(143)) - a6b2ebfb-69a0-457c-b6cd-a50cc148b564: start FollowerState
2019-10-17 02:14:53,994 [b32d7882-88db-4fe6-9cca-6a25122d474d@group-896385CD49EE-LeaderElection220] INFO  impl.LeaderElection (LeaderElection.java:logAndReturn(56)) - b32d7882-88db-4fe6-9cca-6a25122d474d@group-896385CD49EE-LeaderElection220: Election REJECTED; received 2 response(s) [b32d7882-88db-4fe6-9cca-6a25122d474d<-3aea292b-16fb-4e9b-be90-828afa8e8047#0:FAIL-t162, b32d7882-88db-4fe6-9cca-6a25122d474d<-a6b2ebfb-69a0-457c-b6cd-a50cc148b564#0:FAIL-t162] and 0 exception(s); b32d7882-88db-4fe6-9cca-6a25122d474d@group-896385CD49EE:t162, leader=null, voted=b32d7882-88db-4fe6-9cca-6a25122d474d, raftlog=b32d7882-88db-4fe6-9cca-6a25122d474d@group-896385CD49EE-SegmentedRaftLog:OPENED:c-1,f-1,i0, conf=-1: [b32d7882-88db-4fe6-9cca-6a25122d474d:192.168.157.194:42206, 3aea292b-16fb-4e9b-be90-828afa8e8047:192.168.157.194:34569, a6b2ebfb-69a0-457c-b6cd-a50cc148b564:192.168.157.194:37298], old=null
2019-10-17 02:14:53,994 [b32d7882-88db-4fe6-9cca-6a25122d474d@group-896385CD49EE-LeaderElection220] INFO  impl.RaftServerImpl (RaftServerImpl.java:setRole(184)) - b32d7882-88db-4fe6-9cca-6a25122d474d@group-896385CD49EE: changes role from CANDIDATE to FOLLOWER at term 162 for DISCOVERED_A_NEW_TERM
2019-10-17 02:14:53,994 [b32d7882-88db-4fe6-9cca-6a25122d474d@group-896385CD49EE-LeaderElection220] INFO  impl.RoleInfo (RoleInfo.java:shutdownLeaderElection(134)) - b32d7882-88db-4fe6-9cca-6a25122d474d: shutdown LeaderElection
2019-10-17 02:14:53,994 [b32d7882-88db-4fe6-9cca-6a25122d474d@group-896385CD49EE-LeaderElection220] INFO  impl.RoleInfo (RoleInfo.java:updateAndGet(143)) - b32d7882-88db-4fe6-9cca-6a25122d474d: start FollowerState
2019-10-17 02:14:54,059 [Thread-2404] INFO  impl.FollowerState (FollowerState.java:run(108)) - b32d7882-88db-4fe6-9cca-6a25122d474d@group-896385CD49EE-FollowerState: change to CANDIDATE, lastRpcTime:64ms, electionTimeout:64ms
2019-10-17 02:14:54,059 [Thread-2404] INFO  impl.RoleInfo (RoleInfo.java:shutdownFollowerState(121)) - b32d7882-88db-4fe6-9cca-6a25122d474d: shutdown FollowerState
2019-10-17 02:14:54,059 [Thread-2404] INFO  impl.RaftServerImpl (RaftServerImpl.java:setRole(184)) - b32d7882-88db-4fe6-9cca-6a25122d474d@group-896385CD49EE: changes role from  FOLLOWER to CANDIDATE at term 162 for changeToCandidate
2019-10-17 02:14:54,059 [Thread-2404] INFO  impl.RoleInfo (RoleInfo.java:updateAndGet(143)) - b32d7882-88db-4fe6-9cca-6a25122d474d: start LeaderElection
2019-10-17 02:14:54,073 [b32d7882-88db-4fe6-9cca-6a25122d474d@group-896385CD49EE-LeaderElection221] INFO  impl.LeaderElection (LeaderElection.java:askForVotes(178)) - b32d7882-88db-4fe6-9cca-6a25122d474d@group-896385CD49EE-LeaderElection221: begin an election at term 163 for -1: [b32d7882-88db-4fe6-9cca-6a25122d474d:192.168.157.194:42206, 3aea292b-16fb-4e9b-be90-828afa8e8047:192.168.157.194:34569, a6b2ebfb-69a0-457c-b6cd-a50cc148b564:192.168.157.194:37298], old=null
2019-10-17 02:14:54,075 [grpc-default-executor-2] INFO  impl.RaftServerImpl (RaftServerImpl.java:setRole(184)) - 3aea292b-16fb-4e9b-be90-828afa8e8047@group-896385CD49EE: changes role from  FOLLOWER to FOLLOWER at term 163 for recognizeCandidate:b32d7882-88db-4fe6-9cca-6a25122d474d
2019-10-17 02:14:54,075 [grpc-default-executor-2] INFO  impl.RoleInfo (RoleInfo.java:shutdownFollowerState(121)) - 3aea292b-16fb-4e9b-be90-828afa8e8047: shutdown FollowerState
2019-10-17 02:14:54,075 [grpc-default-executor-2] INFO  impl.RoleInfo (RoleInfo.java:updateAndGet(143)) - 3aea292b-16fb-4e9b-be90-828afa8e8047: start FollowerState
2019-10-17 02:14:54,075 [Thread-2402] INFO  impl.FollowerState (FollowerState.java:run(117)) - 3aea292b-16fb-4e9b-be90-828afa8e8047@group-896385CD49EE-FollowerState was interrupted: java.lang.InterruptedException: sleep interrupted
2019-10-17 02:14:54,076 [grpc-default-executor-0] INFO  impl.RaftServerImpl (RaftServerImpl.java:setRole(184)) - a6b2ebfb-69a0-457c-b6cd-a50cc148b564@group-896385CD49EE: changes role from  FOLLOWER to FOLLOWER at term 163 for recognizeCandidate:b32d7882-88db-4fe6-9cca-6a25122d474d
2019-10-17 02:14:54,076 [grpc-default-executor-0] INFO  impl.RoleInfo (RoleInfo.java:shutdownFollowerState(121)) - a6b2ebfb-69a0-457c-b6cd-a50cc148b564: shutdown FollowerState
2019-10-17 02:14:54,076 [grpc-default-executor-0] INFO  impl.RoleInfo (RoleInfo.java:updateAndGet(143)) - a6b2ebfb-69a0-457c-b6cd-a50cc148b564: start FollowerState
2019-10-17 02:14:54,076 [Thread-2403] INFO  impl.FollowerState (FollowerState.java:run(117)) - a6b2ebfb-69a0-457c-b6cd-a50cc148b564@group-896385CD49EE-FollowerState was interrupted: java.lang.InterruptedException: sleep interrupted
2019-10-17 02:14:54,090 [b32d7882-88db-4fe6-9cca-6a25122d474d@group-896385CD49EE-LeaderElection221] INFO  impl.LeaderElection (LeaderElection.java:logAndReturn(56)) - b32d7882-88db-4fe6-9cca-6a25122d474d@group-896385CD49EE-LeaderElection221: Election REJECTED; received 2 response(s) [b32d7882-88db-4fe6-9cca-6a25122d474d<-3aea292b-16fb-4e9b-be90-828afa8e8047#0:FAIL-t163, b32d7882-88db-4fe6-9cca-6a25122d474d<-a6b2ebfb-69a0-457c-b6cd-a50cc148b564#0:FAIL-t163] and 0 exception(s); b32d7882-88db-4fe6-9cca-6a25122d474d@group-896385CD49EE:t163, leader=null, voted=b32d7882-88db-4fe6-9cca-6a25122d474d, raftlog=b32d7882-88db-4fe6-9cca-6a25122d474d@group-896385CD49EE-SegmentedRaftLog:OPENED:c-1,f-1,i0, conf=-1: [b32d7882-88db-4fe6-9cca-6a25122d474d:192.168.157.194:42206, 3aea292b-16fb-4e9b-be90-828afa8e8047:192.168.157.194:34569, a6b2ebfb-69a0-457c-b6cd-a50cc148b564:192.168.157.194:37298], old=null
2019-10-17 02:14:54,090 [b32d7882-88db-4fe6-9cca-6a25122d474d@group-896385CD49EE-LeaderElection221] INFO  impl.RaftServerImpl (RaftServerImpl.java:setRole(184)) - b32d7882-88db-4fe6-9cca-6a25122d474d@group-896385CD49EE: changes role from CANDIDATE to FOLLOWER at term 163 for DISCOVERED_A_NEW_TERM
2019-10-17 02:14:54,090 [b32d7882-88db-4fe6-9cca-6a25122d474d@group-896385CD49EE-LeaderElection221] INFO  impl.RoleInfo (RoleInfo.java:shutdownLeaderElection(134)) - b32d7882-88db-4fe6-9cca-6a25122d474d: shutdown LeaderElection
2019-10-17 02:14:54,091 [b32d7882-88db-4fe6-9cca-6a25122d474d@group-896385CD49EE-LeaderElection221] INFO  impl.RoleInfo (RoleInfo.java:updateAndGet(143)) - b32d7882-88db-4fe6-9cca-6a25122d474d: start FollowerState
2019-10-17 02:14:54,093 [Thread-2410] INFO  impl.FollowerState (FollowerState.java:run(108)) - b32d7882-88db-4fe6-9cca-6a25122d474d@group-896385CD49EE-FollowerState: change to CANDIDATE, lastRpcTime:2ms, electionTimeout:2ms
2019-10-17 02:14:54,093 [Thread-2410] INFO  impl.RoleInfo (RoleInfo.java:shutdownFollowerState(121)) - b32d7882-88db-4fe6-9cca-6a25122d474d: shutdown FollowerState
2019-10-17 02:14:54,093 [Thread-2410] INFO  impl.RaftServerImpl (RaftServerImpl.java:setRole(184)) - b32d7882-88db-4fe6-9cca-6a25122d474d@group-896385CD49EE: changes role from  FOLLOWER to CANDIDATE at term 163 for changeToCandidate
2019-10-17 02:14:54,094 [Thread-2410] INFO  impl.RoleInfo (RoleInfo.java:updateAndGet(143)) - b32d7882-88db-4fe6-9cca-6a25122d474d: start LeaderElection
2019-10-17 02:14:54,107 [b32d7882-88db-4fe6-9cca-6a25122d474d@group-896385CD49EE-LeaderElection222] INFO  impl.LeaderElection (LeaderElection.java:askForVotes(178)) - b32d7882-88db-4fe6-9cca-6a25122d474d@group-896385CD49EE-LeaderElection222: begin an election at term 164 for -1: [b32d7882-88db-4fe6-9cca-6a25122d474d:192.168.157.194:42206, 3aea292b-16fb-4e9b-be90-828afa8e8047:192.168.157.194:34569, a6b2ebfb-69a0-457c-b6cd-a50cc148b564:192.168.157.194:37298], old=null
2019-10-17 02:14:54,110 [grpc-default-executor-2] INFO  impl.RaftServerImpl (RaftServerImpl.java:setRole(184)) - 3aea292b-16fb-4e9b-be90-828afa8e8047@group-896385CD49EE: changes role from  FOLLOWER to FOLLOWER at term 164 for recognizeCandidate:b32d7882-88db-4fe6-9cca-6a25122d474d
2019-10-17 02:14:54,110 [grpc-default-executor-0] INFO  impl.RaftServerImpl (RaftServerImpl.java:setRole(184)) - a6b2ebfb-69a0-457c-b6cd-a50cc148b564@group-896385CD49EE: changes role from  FOLLOWER to FOLLOWER at term 164 for recognizeCandidate:b32d7882-88db-4fe6-9cca-6a25122d474d
2019-10-17 02:14:54,110 [grpc-default-executor-0] INFO  impl.RoleInfo (RoleInfo.java:shutdownFollowerState(121)) - a6b2ebfb-69a0-457c-b6cd-a50cc148b564: shutdown FollowerState
2019-10-17 02:14:54,110 [grpc-default-executor-2] INFO  impl.RoleInfo (RoleInfo.java:shutdownFollowerState(121)) - 3aea292b-16fb-4e9b-be90-828afa8e8047: shutdown FollowerState
2019-10-17 02:14:54,110 [Thread-2409] INFO  impl.FollowerState (FollowerState.java:run(117)) - a6b2ebfb-69a0-457c-b6cd-a50cc148b564@group-896385CD49EE-FollowerState was interrupted: java.lang.InterruptedException: sleep interrupted
2019-10-17 02:14:54,110 [grpc-default-executor-0] INFO  impl.RoleInfo (RoleInfo.java:updateAndGet(143)) - a6b2ebfb-69a0-457c-b6cd-a50cc148b564: start FollowerState
2019-10-17 02:14:54,111 [Thread-2408] INFO  impl.FollowerState (FollowerState.java:run(117)) - 3aea292b-16fb-4e9b-be90-828afa8e8047@group-896385CD49EE-FollowerState was interrupted: java.lang.InterruptedException: sleep interrupted
2019-10-17 02:14:54,111 [grpc-default-executor-2] INFO  impl.RoleInfo (RoleInfo.java:updateAndGet(143)) - 3aea292b-16fb-4e9b-be90-828afa8e8047: start FollowerState
2019-10-17 02:14:54,125 [b32d7882-88db-4fe6-9cca-6a25122d474d@group-896385CD49EE-LeaderElection222] INFO  impl.LeaderElection (LeaderElection.java:logAndReturn(56)) - b32d7882-88db-4fe6-9cca-6a25122d474d@group-896385CD49EE-LeaderElection222: Election REJECTED; received 2 response(s) [b32d7882-88db-4fe6-9cca-6a25122d474d<-3aea292b-16fb-4e9b-be90-828afa8e8047#0:FAIL-t164, b32d7882-88db-4fe6-9cca-6a25122d474d<-a6b2ebfb-69a0-457c-b6cd-a50cc148b564#0:FAIL-t164] and 0 exception(s); b32d7882-88db-4fe6-9cca-6a25122d474d@group-896385CD49EE:t164, leader=null, voted=b32d7882-88db-4fe6-9cca-6a25122d474d, raftlog=b32d7882-88db-4fe6-9cca-6a25122d474d@group-896385CD49EE-SegmentedRaftLog:OPENED:c-1,f-1,i0, conf=-1: [b32d7882-88db-4fe6-9cca-6a25122d474d:192.168.157.194:42206, 3aea292b-16fb-4e9b-be90-828afa8e8047:192.168.157.194:34569, a6b2ebfb-69a0-457c-b6cd-a50cc148b564:192.168.157.194:37298], old=null
2019-10-17 02:14:54,125 [b32d7882-88db-4fe6-9cca-6a25122d474d@group-896385CD49EE-LeaderElection222] INFO  impl.RaftServerImpl (RaftServerImpl.java:setRole(184)) - b32d7882-88db-4fe6-9cca-6a25122d474d@group-896385CD49EE: changes role from CANDIDATE to FOLLOWER at term 164 for DISCOVERED_A_NEW_TERM
2019-10-17 02:14:54,126 [b32d7882-88db-4fe6-9cca-6a25122d474d@group-896385CD49EE-LeaderElection222] INFO  impl.RoleInfo (RoleInfo.java:shutdownLeaderElection(134)) - b32d7882-88db-4fe6-9cca-6a25122d474d: shutdown LeaderElection
2019-10-17 02:14:54,126 [b32d7882-88db-4fe6-9cca-6a25122d474d@group-896385CD49EE-LeaderElection222] INFO  impl.RoleInfo (RoleInfo.java:updateAndGet(143)) - b32d7882-88db-4fe6-9cca-6a25122d474d: start FollowerState
2019-10-17 02:14:54,133 [Thread-2416] INFO  impl.FollowerState (FollowerState.java:run(108)) - b32d7882-88db-4fe6-9cca-6a25122d474d@group-896385CD49EE-FollowerState: change to CANDIDATE, lastRpcTime:7ms, electionTimeout:7ms
2019-10-17 02:14:54,133 [Thread-2416] INFO  impl.RoleInfo (RoleInfo.java:shutdownFollowerState(121)) - b32d7882-88db-4fe6-9cca-6a25122d474d: shutdown FollowerState
2019-10-17 02:14:54,133 [Thread-2416] INFO  impl.RaftServerImpl (RaftServerImpl.java:setRole(184)) - b32d7882-88db-4fe6-9cca-6a25122d474d@group-896385CD49EE: changes role from  FOLLOWER to CANDIDATE at term 164 for changeToCandidate
2019-10-17 02:14:54,133 [Thread-2416] INFO  impl.RoleInfo (RoleInfo.java:updateAndGet(143)) - b32d7882-88db-4fe6-9cca-6a25122d474d: start LeaderElection
2019-10-17 02:14:54,142 [main] INFO  ozone.MiniOzoneClusterImpl (MiniOzoneClusterImpl.java:lambda$waitForClusterToBeReady$2(164)) - Waiting for 1 number of pipelines out of 4, to report a leader.
2019-10-17 02:14:54,147 [b32d7882-88db-4fe6-9cca-6a25122d474d@group-896385CD49EE-LeaderElection223] INFO  impl.LeaderElection (LeaderElection.java:askForVotes(178)) - b32d7882-88db-4fe6-9cca-6a25122d474d@group-896385CD49EE-LeaderElection223: begin an election at term 165 for -1: [b32d7882-88db-4fe6-9cca-6a25122d474d:192.168.157.194:42206, 3aea292b-16fb-4e9b-be90-828afa8e8047:192.168.157.194:34569, a6b2ebfb-69a0-457c-b6cd-a50cc148b564:192.168.157.194:37298], old=null
2019-10-17 02:14:54,149 [grpc-default-executor-2] INFO  impl.RaftServerImpl (RaftServerImpl.java:setRole(184)) - a6b2ebfb-69a0-457c-b6cd-a50cc148b564@group-896385CD49EE: changes role from  FOLLOWER to FOLLOWER at term 165 for recognizeCandidate:b32d7882-88db-4fe6-9cca-6a25122d474d
2019-10-17 02:14:54,149 [grpc-default-executor-2] INFO  impl.RoleInfo (RoleInfo.java:shutdownFollowerState(121)) - a6b2ebfb-69a0-457c-b6cd-a50cc148b564: shutdown FollowerState
2019-10-17 02:14:54,149 [grpc-default-executor-2] INFO  impl.RoleInfo (RoleInfo.java:updateAndGet(143)) - a6b2ebfb-69a0-457c-b6cd-a50cc148b564: start FollowerState
2019-10-17 02:14:54,149 [Thread-2414] INFO  impl.FollowerState (FollowerState.java:run(117)) - a6b2ebfb-69a0-457c-b6cd-a50cc148b564@group-896385CD49EE-FollowerState was interrupted: java.lang.InterruptedException: sleep interrupted
2019-10-17 02:14:54,149 [grpc-default-executor-0] INFO  impl.RaftServerImpl (RaftServerImpl.java:setRole(184)) - 3aea292b-16fb-4e9b-be90-828afa8e8047@group-896385CD49EE: changes role from  FOLLOWER to FOLLOWER at term 165 for recognizeCandidate:b32d7882-88db-4fe6-9cca-6a25122d474d
2019-10-17 02:14:54,149 [grpc-default-executor-0] INFO  impl.RoleInfo (RoleInfo.java:shutdownFollowerState(121)) - 3aea292b-16fb-4e9b-be90-828afa8e8047: shutdown FollowerState
2019-10-17 02:14:54,150 [grpc-default-executor-0] INFO  impl.RoleInfo (RoleInfo.java:updateAndGet(143)) - 3aea292b-16fb-4e9b-be90-828afa8e8047: start FollowerState
2019-10-17 02:14:54,150 [Thread-2415] INFO  impl.FollowerState (FollowerState.java:run(117)) - 3aea292b-16fb-4e9b-be90-828afa8e8047@group-896385CD49EE-FollowerState was interrupted: java.lang.InterruptedException: sleep interrupted
2019-10-17 02:14:54,154 [b32d7882-88db-4fe6-9cca-6a25122d474d@group-896385CD49EE-LeaderElection223] INFO  impl.LeaderElection (LeaderElection.java:logAndReturn(56)) - b32d7882-88db-4fe6-9cca-6a25122d474d@group-896385CD49EE-LeaderElection223: Election REJECTED; received 2 response(s) [b32d7882-88db-4fe6-9cca-6a25122d474d<-3aea292b-16fb-4e9b-be90-828afa8e8047#0:FAIL-t165, b32d7882-88db-4fe6-9cca-6a25122d474d<-a6b2ebfb-69a0-457c-b6cd-a50cc148b564#0:FAIL-t165] and 0 exception(s); b32d7882-88db-4fe6-9cca-6a25122d474d@group-896385CD49EE:t165, leader=null, voted=b32d7882-88db-4fe6-9cca-6a25122d474d, raftlog=b32d7882-88db-4fe6-9cca-6a25122d474d@group-896385CD49EE-SegmentedRaftLog:OPENED:c-1,f-1,i0, conf=-1: [b32d7882-88db-4fe6-9cca-6a25122d474d:192.168.157.194:42206, 3aea292b-16fb-4e9b-be90-828afa8e8047:192.168.157.194:34569, a6b2ebfb-69a0-457c-b6cd-a50cc148b564:192.168.157.194:37298], old=null
2019-10-17 02:14:54,154 [b32d7882-88db-4fe6-9cca-6a25122d474d@group-896385CD49EE-LeaderElection223] INFO  impl.RaftServerImpl (RaftServerImpl.java:setRole(184)) - b32d7882-88db-4fe6-9cca-6a25122d474d@group-896385CD49EE: changes role from CANDIDATE to FOLLOWER at term 165 for DISCOVERED_A_NEW_TERM
2019-10-17 02:14:54,154 [b32d7882-88db-4fe6-9cca-6a25122d474d@group-896385CD49EE-LeaderElection223] INFO  impl.RoleInfo (RoleInfo.java:shutdownLeaderElection(134)) - b32d7882-88db-4fe6-9cca-6a25122d474d: shutdown LeaderElection
2019-10-17 02:14:54,154 [b32d7882-88db-4fe6-9cca-6a25122d474d@group-896385CD49EE-LeaderElection223] INFO  impl.RoleInfo (RoleInfo.java:updateAndGet(143)) - b32d7882-88db-4fe6-9cca-6a25122d474d: start FollowerState
2019-10-17 02:14:54,256 [Thread-2422] INFO  impl.FollowerState (FollowerState.java:run(108)) - b32d7882-88db-4fe6-9cca-6a25122d474d@group-896385CD49EE-FollowerState: change to CANDIDATE, lastRpcTime:101ms, electionTimeout:101ms
2019-10-17 02:14:54,256 [Thread-2422] INFO  impl.RoleInfo (RoleInfo.java:shutdownFollowerState(121)) - b32d7882-88db-4fe6-9cca-6a25122d474d: shutdown FollowerState
2019-10-17 02:14:54,256 [Thread-2422] INFO  impl.RaftServerImpl (RaftServerImpl.java:setRole(184)) - b32d7882-88db-4fe6-9cca-6a25122d474d@group-896385CD49EE: changes role from  FOLLOWER to CANDIDATE at term 165 for changeToCandidate
2019-10-17 02:14:54,256 [Thread-2422] INFO  impl.RoleInfo (RoleInfo.java:updateAndGet(143)) - b32d7882-88db-4fe6-9cca-6a25122d474d: start LeaderElection
2019-10-17 02:14:54,263 [b32d7882-88db-4fe6-9cca-6a25122d474d@group-896385CD49EE-LeaderElection224] INFO  impl.LeaderElection (LeaderElection.java:askForVotes(178)) - b32d7882-88db-4fe6-9cca-6a25122d474d@group-896385CD49EE-LeaderElection224: begin an election at term 166 for -1: [b32d7882-88db-4fe6-9cca-6a25122d474d:192.168.157.194:42206, 3aea292b-16fb-4e9b-be90-828afa8e8047:192.168.157.194:34569, a6b2ebfb-69a0-457c-b6cd-a50cc148b564:192.168.157.194:37298], old=null
2019-10-17 02:14:54,266 [grpc-default-executor-0] INFO  impl.RaftServerImpl (RaftServerImpl.java:setRole(184)) - 3aea292b-16fb-4e9b-be90-828afa8e8047@group-896385CD49EE: changes role from  FOLLOWER to FOLLOWER at term 166 for recognizeCandidate:b32d7882-88db-4fe6-9cca-6a25122d474d
2019-10-17 02:14:54,266 [grpc-default-executor-2] INFO  impl.RaftServerImpl (RaftServerImpl.java:setRole(184)) - a6b2ebfb-69a0-457c-b6cd-a50cc148b564@group-896385CD49EE: changes role from  FOLLOWER to FOLLOWER at term 166 for recognizeCandidate:b32d7882-88db-4fe6-9cca-6a25122d474d
2019-10-17 02:14:54,266 [grpc-default-executor-0] INFO  impl.RoleInfo (RoleInfo.java:shutdownFollowerState(121)) - 3aea292b-16fb-4e9b-be90-828afa8e8047: shutdown FollowerState
2019-10-17 02:14:54,266 [grpc-default-executor-2] INFO  impl.RoleInfo (RoleInfo.java:shutdownFollowerState(121)) - a6b2ebfb-69a0-457c-b6cd-a50cc148b564: shutdown FollowerState
2019-10-17 02:14:54,267 [Thread-2421] INFO  impl.FollowerState (FollowerState.java:run(117)) - 3aea292b-16fb-4e9b-be90-828afa8e8047@group-896385CD49EE-FollowerState was interrupted: java.lang.InterruptedException: sleep interrupted
2019-10-17 02:14:54,266 [grpc-default-executor-0] INFO  impl.RoleInfo (RoleInfo.java:updateAndGet(143)) - 3aea292b-16fb-4e9b-be90-828afa8e8047: start FollowerState
2019-10-17 02:14:54,267 [Thread-2420] INFO  impl.FollowerState (FollowerState.java:run(117)) - a6b2ebfb-69a0-457c-b6cd-a50cc148b564@group-896385CD49EE-FollowerState was interrupted: java.lang.InterruptedException: sleep interrupted
2019-10-17 02:14:54,267 [grpc-default-executor-2] INFO  impl.RoleInfo (RoleInfo.java:updateAndGet(143)) - a6b2ebfb-69a0-457c-b6cd-a50cc148b564: start FollowerState
2019-10-17 02:14:54,281 [b32d7882-88db-4fe6-9cca-6a25122d474d@group-896385CD49EE-LeaderElection224] INFO  impl.LeaderElection (LeaderElection.java:logAndReturn(56)) - b32d7882-88db-4fe6-9cca-6a25122d474d@group-896385CD49EE-LeaderElection224: Election REJECTED; received 2 response(s) [b32d7882-88db-4fe6-9cca-6a25122d474d<-3aea292b-16fb-4e9b-be90-828afa8e8047#0:FAIL-t166, b32d7882-88db-4fe6-9cca-6a25122d474d<-a6b2ebfb-69a0-457c-b6cd-a50cc148b564#0:FAIL-t166] and 0 exception(s); b32d7882-88db-4fe6-9cca-6a25122d474d@group-896385CD49EE:t166, leader=null, voted=b32d7882-88db-4fe6-9cca-6a25122d474d, raftlog=b32d7882-88db-4fe6-9cca-6a25122d474d@group-896385CD49EE-SegmentedRaftLog:OPENED:c-1,f-1,i0, conf=-1: [b32d7882-88db-4fe6-9cca-6a25122d474d:192.168.157.194:42206, 3aea292b-16fb-4e9b-be90-828afa8e8047:192.168.157.194:34569, a6b2ebfb-69a0-457c-b6cd-a50cc148b564:192.168.157.194:37298], old=null
2019-10-17 02:14:54,281 [b32d7882-88db-4fe6-9cca-6a25122d474d@group-896385CD49EE-LeaderElection224] INFO  impl.RaftServerImpl (RaftServerImpl.java:setRole(184)) - b32d7882-88db-4fe6-9cca-6a25122d474d@group-896385CD49EE: changes role from CANDIDATE to FOLLOWER at term 166 for DISCOVERED_A_NEW_TERM
2019-10-17 02:14:54,282 [b32d7882-88db-4fe6-9cca-6a25122d474d@group-896385CD49EE-LeaderElection224] INFO  impl.RoleInfo (RoleInfo.java:shutdownLeaderElection(134)) - b32d7882-88db-4fe6-9cca-6a25122d474d: shutdown LeaderElection
2019-10-17 02:14:54,282 [b32d7882-88db-4fe6-9cca-6a25122d474d@group-896385CD49EE-LeaderElection224] INFO  impl.RoleInfo (RoleInfo.java:updateAndGet(143)) - b32d7882-88db-4fe6-9cca-6a25122d474d: start FollowerState
2019-10-17 02:14:54,329 [Thread-2428] INFO  impl.FollowerState (FollowerState.java:run(108)) - b32d7882-88db-4fe6-9cca-6a25122d474d@group-896385CD49EE-FollowerState: change to CANDIDATE, lastRpcTime:47ms, electionTimeout:47ms
2019-10-17 02:14:54,329 [Thread-2428] INFO  impl.RoleInfo (RoleInfo.java:shutdownFollowerState(121)) - b32d7882-88db-4fe6-9cca-6a25122d474d: shutdown FollowerState
2019-10-17 02:14:54,329 [Thread-2428] INFO  impl.RaftServerImpl (RaftServerImpl.java:setRole(184)) - b32d7882-88db-4fe6-9cca-6a25122d474d@group-896385CD49EE: changes role from  FOLLOWER to CANDIDATE at term 166 for changeToCandidate
2019-10-17 02:14:54,330 [Thread-2428] INFO  impl.RoleInfo (RoleInfo.java:updateAndGet(143)) - b32d7882-88db-4fe6-9cca-6a25122d474d: start LeaderElection
2019-10-17 02:14:54,344 [b32d7882-88db-4fe6-9cca-6a25122d474d@group-896385CD49EE-LeaderElection225] INFO  impl.LeaderElection (LeaderElection.java:askForVotes(178)) - b32d7882-88db-4fe6-9cca-6a25122d474d@group-896385CD49EE-LeaderElection225: begin an election at term 167 for -1: [b32d7882-88db-4fe6-9cca-6a25122d474d:192.168.157.194:42206, 3aea292b-16fb-4e9b-be90-828afa8e8047:192.168.157.194:34569, a6b2ebfb-69a0-457c-b6cd-a50cc148b564:192.168.157.194:37298], old=null
2019-10-17 02:14:54,346 [grpc-default-executor-2] INFO  impl.RaftServerImpl (RaftServerImpl.java:setRole(184)) - 3aea292b-16fb-4e9b-be90-828afa8e8047@group-896385CD49EE: changes role from  FOLLOWER to FOLLOWER at term 167 for recognizeCandidate:b32d7882-88db-4fe6-9cca-6a25122d474d
2019-10-17 02:14:54,346 [grpc-default-executor-2] INFO  impl.RoleInfo (RoleInfo.java:shutdownFollowerState(121)) - 3aea292b-16fb-4e9b-be90-828afa8e8047: shutdown FollowerState
2019-10-17 02:14:54,346 [grpc-default-executor-2] INFO  impl.RoleInfo (RoleInfo.java:updateAndGet(143)) - 3aea292b-16fb-4e9b-be90-828afa8e8047: start FollowerState
2019-10-17 02:14:54,347 [grpc-default-executor-0] INFO  impl.RaftServerImpl (RaftServerImpl.java:setRole(184)) - a6b2ebfb-69a0-457c-b6cd-a50cc148b564@group-896385CD49EE: changes role from  FOLLOWER to FOLLOWER at term 167 for recognizeCandidate:b32d7882-88db-4fe6-9cca-6a25122d474d
2019-10-17 02:14:54,347 [Thread-2426] INFO  impl.FollowerState (FollowerState.java:run(117)) - 3aea292b-16fb-4e9b-be90-828afa8e8047@group-896385CD49EE-FollowerState was interrupted: java.lang.InterruptedException: sleep interrupted
2019-10-17 02:14:54,347 [grpc-default-executor-0] INFO  impl.RoleInfo (RoleInfo.java:shutdownFollowerState(121)) - a6b2ebfb-69a0-457c-b6cd-a50cc148b564: shutdown FollowerState
2019-10-17 02:14:54,347 [grpc-default-executor-0] INFO  impl.RoleInfo (RoleInfo.java:updateAndGet(143)) - a6b2ebfb-69a0-457c-b6cd-a50cc148b564: start FollowerState
2019-10-17 02:14:54,347 [Thread-2427] INFO  impl.FollowerState (FollowerState.java:run(117)) - a6b2ebfb-69a0-457c-b6cd-a50cc148b564@group-896385CD49EE-FollowerState was interrupted: java.lang.InterruptedException: sleep interrupted
2019-10-17 02:14:54,354 [b32d7882-88db-4fe6-9cca-6a25122d474d@group-896385CD49EE-LeaderElection225] INFO  impl.LeaderElection (LeaderElection.java:logAndReturn(56)) - b32d7882-88db-4fe6-9cca-6a25122d474d@group-896385CD49EE-LeaderElection225: Election TIMEOUT; received 0 response(s) [] and 0 exception(s); b32d7882-88db-4fe6-9cca-6a25122d474d@group-896385CD49EE:t167, leader=null, voted=b32d7882-88db-4fe6-9cca-6a25122d474d, raftlog=b32d7882-88db-4fe6-9cca-6a25122d474d@group-896385CD49EE-SegmentedRaftLog:OPENED:c-1,f-1,i0, conf=-1: [b32d7882-88db-4fe6-9cca-6a25122d474d:192.168.157.194:42206, 3aea292b-16fb-4e9b-be90-828afa8e8047:192.168.157.194:34569, a6b2ebfb-69a0-457c-b6cd-a50cc148b564:192.168.157.194:37298], old=null
2019-10-17 02:14:54,360 [b32d7882-88db-4fe6-9cca-6a25122d474d@group-896385CD49EE-LeaderElection225] INFO  impl.LeaderElection (LeaderElection.java:askForVotes(178)) - b32d7882-88db-4fe6-9cca-6a25122d474d@group-896385CD49EE-LeaderElection225: begin an election at term 168 for -1: [b32d7882-88db-4fe6-9cca-6a25122d474d:192.168.157.194:42206, 3aea292b-16fb-4e9b-be90-828afa8e8047:192.168.157.194:34569, a6b2ebfb-69a0-457c-b6cd-a50cc148b564:192.168.157.194:37298], old=null
2019-10-17 02:14:54,362 [grpc-default-executor-2] INFO  impl.RaftServerImpl (RaftServerImpl.java:setRole(184)) - 3aea292b-16fb-4e9b-be90-828afa8e8047@group-896385CD49EE: changes role from  FOLLOWER to FOLLOWER at term 168 for recognizeCandidate:b32d7882-88db-4fe6-9cca-6a25122d474d
2019-10-17 02:14:54,362 [grpc-default-executor-2] INFO  impl.RoleInfo (RoleInfo.java:shutdownFollowerState(121)) - 3aea292b-16fb-4e9b-be90-828afa8e8047: shutdown FollowerState
2019-10-17 02:14:54,362 [grpc-default-executor-2] INFO  impl.RoleInfo (RoleInfo.java:updateAndGet(143)) - 3aea292b-16fb-4e9b-be90-828afa8e8047: start FollowerState
2019-10-17 02:14:54,362 [Thread-2432] INFO  impl.FollowerState (FollowerState.java:run(117)) - 3aea292b-16fb-4e9b-be90-828afa8e8047@group-896385CD49EE-FollowerState was interrupted: java.lang.InterruptedException: sleep interrupted
2019-10-17 02:14:54,362 [grpc-default-executor-0] INFO  impl.RaftServerImpl (RaftServerImpl.java:setRole(184)) - a6b2ebfb-69a0-457c-b6cd-a50cc148b564@group-896385CD49EE: changes role from  FOLLOWER to FOLLOWER at term 168 for recognizeCandidate:b32d7882-88db-4fe6-9cca-6a25122d474d
2019-10-17 02:14:54,362 [grpc-default-executor-0] INFO  impl.RoleInfo (RoleInfo.java:shutdownFollowerState(121)) - a6b2ebfb-69a0-457c-b6cd-a50cc148b564: shutdown FollowerState
2019-10-17 02:14:54,363 [grpc-default-executor-0] INFO  impl.RoleInfo (RoleInfo.java:updateAndGet(143)) - a6b2ebfb-69a0-457c-b6cd-a50cc148b564: start FollowerState
2019-10-17 02:14:54,363 [Thread-2433] INFO  impl.FollowerState (FollowerState.java:run(117)) - a6b2ebfb-69a0-457c-b6cd-a50cc148b564@group-896385CD49EE-FollowerState was interrupted: java.lang.InterruptedException: sleep interrupted
2019-10-17 02:14:54,376 [b32d7882-88db-4fe6-9cca-6a25122d474d@group-896385CD49EE-LeaderElection225] INFO  impl.LeaderElection (LeaderElection.java:logAndReturn(56)) - b32d7882-88db-4fe6-9cca-6a25122d474d@group-896385CD49EE-LeaderElection225: Election REJECTED; received 2 response(s) [b32d7882-88db-4fe6-9cca-6a25122d474d<-3aea292b-16fb-4e9b-be90-828afa8e8047#0:FAIL-t168, b32d7882-88db-4fe6-9cca-6a25122d474d<-a6b2ebfb-69a0-457c-b6cd-a50cc148b564#0:FAIL-t168] and 0 exception(s); b32d7882-88db-4fe6-9cca-6a25122d474d@group-896385CD49EE:t168, leader=null, voted=b32d7882-88db-4fe6-9cca-6a25122d474d, raftlog=b32d7882-88db-4fe6-9cca-6a25122d474d@group-896385CD49EE-SegmentedRaftLog:OPENED:c-1,f-1,i0, conf=-1: [b32d7882-88db-4fe6-9cca-6a25122d474d:192.168.157.194:42206, 3aea292b-16fb-4e9b-be90-828afa8e8047:192.168.157.194:34569, a6b2ebfb-69a0-457c-b6cd-a50cc148b564:192.168.157.194:37298], old=null
2019-10-17 02:14:54,376 [b32d7882-88db-4fe6-9cca-6a25122d474d@group-896385CD49EE-LeaderElection225] INFO  impl.RaftServerImpl (RaftServerImpl.java:setRole(184)) - b32d7882-88db-4fe6-9cca-6a25122d474d@group-896385CD49EE: changes role from CANDIDATE to FOLLOWER at term 168 for DISCOVERED_A_NEW_TERM
2019-10-17 02:14:54,376 [b32d7882-88db-4fe6-9cca-6a25122d474d@group-896385CD49EE-LeaderElection225] INFO  impl.RoleInfo (RoleInfo.java:shutdownLeaderElection(134)) - b32d7882-88db-4fe6-9cca-6a25122d474d: shutdown LeaderElection
2019-10-17 02:14:54,376 [b32d7882-88db-4fe6-9cca-6a25122d474d@group-896385CD49EE-LeaderElection225] INFO  impl.RoleInfo (RoleInfo.java:updateAndGet(143)) - b32d7882-88db-4fe6-9cca-6a25122d474d: start FollowerState
2019-10-17 02:14:54,466 [Thread-2438] INFO  impl.FollowerState (FollowerState.java:run(108)) - b32d7882-88db-4fe6-9cca-6a25122d474d@group-896385CD49EE-FollowerState: change to CANDIDATE, lastRpcTime:89ms, electionTimeout:89ms
2019-10-17 02:14:54,466 [Thread-2438] INFO  impl.RoleInfo (RoleInfo.java:shutdownFollowerState(121)) - b32d7882-88db-4fe6-9cca-6a25122d474d: shutdown FollowerState
2019-10-17 02:14:54,466 [Thread-2438] INFO  impl.RaftServerImpl (RaftServerImpl.java:setRole(184)) - b32d7882-88db-4fe6-9cca-6a25122d474d@group-896385CD49EE: changes role from  FOLLOWER to CANDIDATE at term 168 for changeToCandidate
2019-10-17 02:14:54,466 [Thread-2438] INFO  impl.RoleInfo (RoleInfo.java:updateAndGet(143)) - b32d7882-88db-4fe6-9cca-6a25122d474d: start LeaderElection
2019-10-17 02:14:54,480 [b32d7882-88db-4fe6-9cca-6a25122d474d@group-896385CD49EE-LeaderElection226] INFO  impl.LeaderElection (LeaderElection.java:askForVotes(178)) - b32d7882-88db-4fe6-9cca-6a25122d474d@group-896385CD49EE-LeaderElection226: begin an election at term 169 for -1: [b32d7882-88db-4fe6-9cca-6a25122d474d:192.168.157.194:42206, 3aea292b-16fb-4e9b-be90-828afa8e8047:192.168.157.194:34569, a6b2ebfb-69a0-457c-b6cd-a50cc148b564:192.168.157.194:37298], old=null
2019-10-17 02:14:54,483 [grpc-default-executor-2] INFO  impl.RaftServerImpl (RaftServerImpl.java:setRole(184)) - 3aea292b-16fb-4e9b-be90-828afa8e8047@group-896385CD49EE: changes role from  FOLLOWER to FOLLOWER at term 169 for recognizeCandidate:b32d7882-88db-4fe6-9cca-6a25122d474d
2019-10-17 02:14:54,483 [grpc-default-executor-2] INFO  impl.RoleInfo (RoleInfo.java:shutdownFollowerState(121)) - 3aea292b-16fb-4e9b-be90-828afa8e8047: shutdown FollowerState
2019-10-17 02:14:54,483 [grpc-default-executor-0] INFO  impl.RaftServerImpl (RaftServerImpl.java:setRole(184)) - a6b2ebfb-69a0-457c-b6cd-a50cc148b564@group-896385CD49EE: changes role from  FOLLOWER to FOLLOWER at term 169 for recognizeCandidate:b32d7882-88db-4fe6-9cca-6a25122d474d
2019-10-17 02:14:54,483 [Thread-2436] INFO  impl.FollowerState (FollowerState.java:run(117)) - 3aea292b-16fb-4e9b-be90-828afa8e8047@group-896385CD49EE-FollowerState was interrupted: java.lang.InterruptedException: sleep interrupted
2019-10-17 02:14:54,483 [grpc-default-executor-2] INFO  impl.RoleInfo (RoleInfo.java:updateAndGet(143)) - 3aea292b-16fb-4e9b-be90-828afa8e8047: start FollowerState
2019-10-17 02:14:54,483 [grpc-default-executor-0] INFO  impl.RoleInfo (RoleInfo.java:shutdownFollowerState(121)) - a6b2ebfb-69a0-457c-b6cd-a50cc148b564: shutdown FollowerState
2019-10-17 02:14:54,484 [grpc-default-executor-0] INFO  impl.RoleInfo (RoleInfo.java:updateAndGet(143)) - a6b2ebfb-69a0-457c-b6cd-a50cc148b564: start FollowerState
2019-10-17 02:14:54,484 [Thread-2437] INFO  impl.FollowerState (FollowerState.java:run(117)) - a6b2ebfb-69a0-457c-b6cd-a50cc148b564@group-896385CD49EE-FollowerState was interrupted: java.lang.InterruptedException: sleep interrupted
2019-10-17 02:14:54,490 [b32d7882-88db-4fe6-9cca-6a25122d474d@group-896385CD49EE-LeaderElection226] INFO  impl.LeaderElection (LeaderElection.java:logAndReturn(56)) - b32d7882-88db-4fe6-9cca-6a25122d474d@group-896385CD49EE-LeaderElection226: Election TIMEOUT; received 0 response(s) [] and 0 exception(s); b32d7882-88db-4fe6-9cca-6a25122d474d@group-896385CD49EE:t169, leader=null, voted=b32d7882-88db-4fe6-9cca-6a25122d474d, raftlog=b32d7882-88db-4fe6-9cca-6a25122d474d@group-896385CD49EE-SegmentedRaftLog:OPENED:c-1,f-1,i0, conf=-1: [b32d7882-88db-4fe6-9cca-6a25122d474d:192.168.157.194:42206, 3aea292b-16fb-4e9b-be90-828afa8e8047:192.168.157.194:34569, a6b2ebfb-69a0-457c-b6cd-a50cc148b564:192.168.157.194:37298], old=null
2019-10-17 02:14:54,496 [b32d7882-88db-4fe6-9cca-6a25122d474d@group-896385CD49EE-LeaderElection226] INFO  impl.LeaderElection (LeaderElection.java:askForVotes(178)) - b32d7882-88db-4fe6-9cca-6a25122d474d@group-896385CD49EE-LeaderElection226: begin an election at term 170 for -1: [b32d7882-88db-4fe6-9cca-6a25122d474d:192.168.157.194:42206, 3aea292b-16fb-4e9b-be90-828afa8e8047:192.168.157.194:34569, a6b2ebfb-69a0-457c-b6cd-a50cc148b564:192.168.157.194:37298], old=null
2019-10-17 02:14:54,498 [grpc-default-executor-0] INFO  impl.RaftServerImpl (RaftServerImpl.java:setRole(184)) - a6b2ebfb-69a0-457c-b6cd-a50cc148b564@group-896385CD49EE: changes role from  FOLLOWER to FOLLOWER at term 170 for recognizeCandidate:b32d7882-88db-4fe6-9cca-6a25122d474d
2019-10-17 02:14:54,498 [grpc-default-executor-0] INFO  impl.RoleInfo (RoleInfo.java:shutdownFollowerState(121)) - a6b2ebfb-69a0-457c-b6cd-a50cc148b564: shutdown FollowerState
2019-10-17 02:14:54,498 [grpc-default-executor-2] INFO  impl.RaftServerImpl (RaftServerImpl.java:setRole(184)) - 3aea292b-16fb-4e9b-be90-828afa8e8047@group-896385CD49EE: changes role from  FOLLOWER to FOLLOWER at term 170 for recognizeCandidate:b32d7882-88db-4fe6-9cca-6a25122d474d
2019-10-17 02:14:54,498 [Thread-2443] INFO  impl.FollowerState (FollowerState.java:run(117)) - a6b2ebfb-69a0-457c-b6cd-a50cc148b564@group-896385CD49EE-FollowerState was interrupted: java.lang.InterruptedException: sleep interrupted
2019-10-17 02:14:54,498 [grpc-default-executor-0] INFO  impl.RoleInfo (RoleInfo.java:updateAndGet(143)) - a6b2ebfb-69a0-457c-b6cd-a50cc148b564: start FollowerState
2019-10-17 02:14:54,498 [grpc-default-executor-2] INFO  impl.RoleInfo (RoleInfo.java:shutdownFollowerState(121)) - 3aea292b-16fb-4e9b-be90-828afa8e8047: shutdown FollowerState
2019-10-17 02:14:54,498 [grpc-default-executor-2] INFO  impl.RoleInfo (RoleInfo.java:updateAndGet(143)) - 3aea292b-16fb-4e9b-be90-828afa8e8047: start FollowerState
2019-10-17 02:14:54,498 [Thread-2442] INFO  impl.FollowerState (FollowerState.java:run(117)) - 3aea292b-16fb-4e9b-be90-828afa8e8047@group-896385CD49EE-FollowerState was interrupted: java.lang.InterruptedException: sleep interrupted
2019-10-17 02:14:54,511 [b32d7882-88db-4fe6-9cca-6a25122d474d@group-896385CD49EE-LeaderElection226] INFO  impl.LeaderElection (LeaderElection.java:logAndReturn(56)) - b32d7882-88db-4fe6-9cca-6a25122d474d@group-896385CD49EE-LeaderElection226: Election REJECTED; received 2 response(s) [b32d7882-88db-4fe6-9cca-6a25122d474d<-3aea292b-16fb-4e9b-be90-828afa8e8047#0:FAIL-t170, b32d7882-88db-4fe6-9cca-6a25122d474d<-a6b2ebfb-69a0-457c-b6cd-a50cc148b564#0:FAIL-t170] and 0 exception(s); b32d7882-88db-4fe6-9cca-6a25122d474d@group-896385CD49EE:t170, leader=null, voted=b32d7882-88db-4fe6-9cca-6a25122d474d, raftlog=b32d7882-88db-4fe6-9cca-6a25122d474d@group-896385CD49EE-SegmentedRaftLog:OPENED:c-1,f-1,i0, conf=-1: [b32d7882-88db-4fe6-9cca-6a25122d474d:192.168.157.194:42206, 3aea292b-16fb-4e9b-be90-828afa8e8047:192.168.157.194:34569, a6b2ebfb-69a0-457c-b6cd-a50cc148b564:192.168.157.194:37298], old=null
2019-10-17 02:14:54,511 [b32d7882-88db-4fe6-9cca-6a25122d474d@group-896385CD49EE-LeaderElection226] INFO  impl.RaftServerImpl (RaftServerImpl.java:setRole(184)) - b32d7882-88db-4fe6-9cca-6a25122d474d@group-896385CD49EE: changes role from CANDIDATE to FOLLOWER at term 170 for DISCOVERED_A_NEW_TERM
2019-10-17 02:14:54,511 [b32d7882-88db-4fe6-9cca-6a25122d474d@group-896385CD49EE-LeaderElection226] INFO  impl.RoleInfo (RoleInfo.java:shutdownLeaderElection(134)) - b32d7882-88db-4fe6-9cca-6a25122d474d: shutdown LeaderElection
2019-10-17 02:14:54,511 [b32d7882-88db-4fe6-9cca-6a25122d474d@group-896385CD49EE-LeaderElection226] INFO  impl.RoleInfo (RoleInfo.java:updateAndGet(143)) - b32d7882-88db-4fe6-9cca-6a25122d474d: start FollowerState
2019-10-17 02:14:54,597 [Thread-2448] INFO  impl.FollowerState (FollowerState.java:run(108)) - b32d7882-88db-4fe6-9cca-6a25122d474d@group-896385CD49EE-FollowerState: change to CANDIDATE, lastRpcTime:85ms, electionTimeout:85ms
2019-10-17 02:14:54,597 [Thread-2448] INFO  impl.RoleInfo (RoleInfo.java:shutdownFollowerState(121)) - b32d7882-88db-4fe6-9cca-6a25122d474d: shutdown FollowerState
2019-10-17 02:14:54,597 [Thread-2448] INFO  impl.RaftServerImpl (RaftServerImpl.java:setRole(184)) - b32d7882-88db-4fe6-9cca-6a25122d474d@group-896385CD49EE: changes role from  FOLLOWER to CANDIDATE at term 170 for changeToCandidate
2019-10-17 02:14:54,598 [Thread-2448] INFO  impl.RoleInfo (RoleInfo.java:updateAndGet(143)) - b32d7882-88db-4fe6-9cca-6a25122d474d: start LeaderElection
2019-10-17 02:14:54,612 [b32d7882-88db-4fe6-9cca-6a25122d474d@group-896385CD49EE-LeaderElection227] INFO  impl.LeaderElection (LeaderElection.java:askForVotes(178)) - b32d7882-88db-4fe6-9cca-6a25122d474d@group-896385CD49EE-LeaderElection227: begin an election at term 171 for -1: [b32d7882-88db-4fe6-9cca-6a25122d474d:192.168.157.194:42206, 3aea292b-16fb-4e9b-be90-828afa8e8047:192.168.157.194:34569, a6b2ebfb-69a0-457c-b6cd-a50cc148b564:192.168.157.194:37298], old=null
2019-10-17 02:14:54,614 [grpc-default-executor-0] INFO  impl.RaftServerImpl (RaftServerImpl.java:setRole(184)) - a6b2ebfb-69a0-457c-b6cd-a50cc148b564@group-896385CD49EE: changes role from  FOLLOWER to FOLLOWER at term 171 for recognizeCandidate:b32d7882-88db-4fe6-9cca-6a25122d474d
2019-10-17 02:14:54,614 [grpc-default-executor-2] INFO  impl.RaftServerImpl (RaftServerImpl.java:setRole(184)) - 3aea292b-16fb-4e9b-be90-828afa8e8047@group-896385CD49EE: changes role from  FOLLOWER to FOLLOWER at term 171 for recognizeCandidate:b32d7882-88db-4fe6-9cca-6a25122d474d
2019-10-17 02:14:54,615 [grpc-default-executor-2] INFO  impl.RoleInfo (RoleInfo.java:shutdownFollowerState(121)) - 3aea292b-16fb-4e9b-be90-828afa8e8047: shutdown FollowerState
2019-10-17 02:14:54,614 [grpc-default-executor-0] INFO  impl.RoleInfo (RoleInfo.java:shutdownFollowerState(121)) - a6b2ebfb-69a0-457c-b6cd-a50cc148b564: shutdown FollowerState
2019-10-17 02:14:54,615 [Thread-2447] INFO  impl.FollowerState (FollowerState.java:run(117)) - 3aea292b-16fb-4e9b-be90-828afa8e8047@group-896385CD49EE-FollowerState was interrupted: java.lang.InterruptedException: sleep interrupted
2019-10-17 02:14:54,615 [Thread-2446] INFO  impl.FollowerState (FollowerState.java:run(117)) - a6b2ebfb-69a0-457c-b6cd-a50cc148b564@group-896385CD49EE-FollowerState was interrupted: java.lang.InterruptedException: sleep interrupted
2019-10-17 02:14:54,615 [grpc-default-executor-2] INFO  impl.RoleInfo (RoleInfo.java:updateAndGet(143)) - 3aea292b-16fb-4e9b-be90-828afa8e8047: start FollowerState
2019-10-17 02:14:54,615 [grpc-default-executor-0] INFO  impl.RoleInfo (RoleInfo.java:updateAndGet(143)) - a6b2ebfb-69a0-457c-b6cd-a50cc148b564: start FollowerState
2019-10-17 02:14:54,629 [b32d7882-88db-4fe6-9cca-6a25122d474d@group-896385CD49EE-LeaderElection227] INFO  impl.LeaderElection (LeaderElection.java:logAndReturn(56)) - b32d7882-88db-4fe6-9cca-6a25122d474d@group-896385CD49EE-LeaderElection227: Election REJECTED; received 2 response(s) [b32d7882-88db-4fe6-9cca-6a25122d474d<-3aea292b-16fb-4e9b-be90-828afa8e8047#0:FAIL-t171, b32d7882-88db-4fe6-9cca-6a25122d474d<-a6b2ebfb-69a0-457c-b6cd-a50cc148b564#0:FAIL-t171] and 0 exception(s); b32d7882-88db-4fe6-9cca-6a25122d474d@group-896385CD49EE:t171, leader=null, voted=b32d7882-88db-4fe6-9cca-6a25122d474d, raftlog=b32d7882-88db-4fe6-9cca-6a25122d474d@group-896385CD49EE-SegmentedRaftLog:OPENED:c-1,f-1,i0, conf=-1: [b32d7882-88db-4fe6-9cca-6a25122d474d:192.168.157.194:42206, 3aea292b-16fb-4e9b-be90-828afa8e8047:192.168.157.194:34569, a6b2ebfb-69a0-457c-b6cd-a50cc148b564:192.168.157.194:37298], old=null
2019-10-17 02:14:54,630 [b32d7882-88db-4fe6-9cca-6a25122d474d@group-896385CD49EE-LeaderElection227] INFO  impl.RaftServerImpl (RaftServerImpl.java:setRole(184)) - b32d7882-88db-4fe6-9cca-6a25122d474d@group-896385CD49EE: changes role from CANDIDATE to FOLLOWER at term 171 for DISCOVERED_A_NEW_TERM
2019-10-17 02:14:54,630 [b32d7882-88db-4fe6-9cca-6a25122d474d@group-896385CD49EE-LeaderElection227] INFO  impl.RoleInfo (RoleInfo.java:shutdownLeaderElection(134)) - b32d7882-88db-4fe6-9cca-6a25122d474d: shutdown LeaderElection
2019-10-17 02:14:54,630 [b32d7882-88db-4fe6-9cca-6a25122d474d@group-896385CD49EE-LeaderElection227] INFO  impl.RoleInfo (RoleInfo.java:updateAndGet(143)) - b32d7882-88db-4fe6-9cca-6a25122d474d: start FollowerState
2019-10-17 02:14:54,829 [Thread-2454] INFO  impl.FollowerState (FollowerState.java:run(108)) - b32d7882-88db-4fe6-9cca-6a25122d474d@group-896385CD49EE-FollowerState: change to CANDIDATE, lastRpcTime:199ms, electionTimeout:199ms
2019-10-17 02:14:54,829 [Thread-2454] INFO  impl.RoleInfo (RoleInfo.java:shutdownFollowerState(121)) - b32d7882-88db-4fe6-9cca-6a25122d474d: shutdown FollowerState
2019-10-17 02:14:54,830 [Thread-2454] INFO  impl.RaftServerImpl (RaftServerImpl.java:setRole(184)) - b32d7882-88db-4fe6-9cca-6a25122d474d@group-896385CD49EE: changes role from  FOLLOWER to CANDIDATE at term 171 for changeToCandidate
2019-10-17 02:14:54,830 [Thread-2454] INFO  impl.RoleInfo (RoleInfo.java:updateAndGet(143)) - b32d7882-88db-4fe6-9cca-6a25122d474d: start LeaderElection
2019-10-17 02:14:54,844 [b32d7882-88db-4fe6-9cca-6a25122d474d@group-896385CD49EE-LeaderElection228] INFO  impl.LeaderElection (LeaderElection.java:askForVotes(178)) - b32d7882-88db-4fe6-9cca-6a25122d474d@group-896385CD49EE-LeaderElection228: begin an election at term 172 for -1: [b32d7882-88db-4fe6-9cca-6a25122d474d:192.168.157.194:42206, 3aea292b-16fb-4e9b-be90-828afa8e8047:192.168.157.194:34569, a6b2ebfb-69a0-457c-b6cd-a50cc148b564:192.168.157.194:37298], old=null
2019-10-17 02:14:54,846 [grpc-default-executor-0] INFO  impl.RaftServerImpl (RaftServerImpl.java:setRole(184)) - 3aea292b-16fb-4e9b-be90-828afa8e8047@group-896385CD49EE: changes role from  FOLLOWER to FOLLOWER at term 172 for recognizeCandidate:b32d7882-88db-4fe6-9cca-6a25122d474d
2019-10-17 02:14:54,846 [grpc-default-executor-0] INFO  impl.RoleInfo (RoleInfo.java:shutdownFollowerState(121)) - 3aea292b-16fb-4e9b-be90-828afa8e8047: shutdown FollowerState
2019-10-17 02:14:54,846 [grpc-default-executor-2] INFO  impl.RaftServerImpl (RaftServerImpl.java:setRole(184)) - a6b2ebfb-69a0-457c-b6cd-a50cc148b564@group-896385CD49EE: changes role from  FOLLOWER to FOLLOWER at term 172 for recognizeCandidate:b32d7882-88db-4fe6-9cca-6a25122d474d
2019-10-17 02:14:54,847 [Thread-2452] INFO  impl.FollowerState (FollowerState.java:run(117)) - 3aea292b-16fb-4e9b-be90-828afa8e8047@group-896385CD49EE-FollowerState was interrupted: java.lang.InterruptedException: sleep interrupted
2019-10-17 02:14:54,846 [grpc-default-executor-0] INFO  impl.RoleInfo (RoleInfo.java:updateAndGet(143)) - 3aea292b-16fb-4e9b-be90-828afa8e8047: start FollowerState
2019-10-17 02:14:54,847 [grpc-default-executor-2] INFO  impl.RoleInfo (RoleInfo.java:shutdownFollowerState(121)) - a6b2ebfb-69a0-457c-b6cd-a50cc148b564: shutdown FollowerState
2019-10-17 02:14:54,847 [grpc-default-executor-2] INFO  impl.RoleInfo (RoleInfo.java:updateAndGet(143)) - a6b2ebfb-69a0-457c-b6cd-a50cc148b564: start FollowerState
2019-10-17 02:14:54,847 [Thread-2453] INFO  impl.FollowerState (FollowerState.java:run(117)) - a6b2ebfb-69a0-457c-b6cd-a50cc148b564@group-896385CD49EE-FollowerState was interrupted: java.lang.InterruptedException: sleep interrupted
2019-10-17 02:14:54,862 [b32d7882-88db-4fe6-9cca-6a25122d474d@group-896385CD49EE-LeaderElection228] INFO  impl.LeaderElection (LeaderElection.java:logAndReturn(56)) - b32d7882-88db-4fe6-9cca-6a25122d474d@group-896385CD49EE-LeaderElection228: Election REJECTED; received 2 response(s) [b32d7882-88db-4fe6-9cca-6a25122d474d<-3aea292b-16fb-4e9b-be90-828afa8e8047#0:FAIL-t172, b32d7882-88db-4fe6-9cca-6a25122d474d<-a6b2ebfb-69a0-457c-b6cd-a50cc148b564#0:FAIL-t172] and 0 exception(s); b32d7882-88db-4fe6-9cca-6a25122d474d@group-896385CD49EE:t172, leader=null, voted=b32d7882-88db-4fe6-9cca-6a25122d474d, raftlog=b32d7882-88db-4fe6-9cca-6a25122d474d@group-896385CD49EE-SegmentedRaftLog:OPENED:c-1,f-1,i0, conf=-1: [b32d7882-88db-4fe6-9cca-6a25122d474d:192.168.157.194:42206, 3aea292b-16fb-4e9b-be90-828afa8e8047:192.168.157.194:34569, a6b2ebfb-69a0-457c-b6cd-a50cc148b564:192.168.157.194:37298], old=null
2019-10-17 02:14:54,862 [b32d7882-88db-4fe6-9cca-6a25122d474d@group-896385CD49EE-LeaderElection228] INFO  impl.RaftServerImpl (RaftServerImpl.java:setRole(184)) - b32d7882-88db-4fe6-9cca-6a25122d474d@group-896385CD49EE: changes role from CANDIDATE to FOLLOWER at term 172 for DISCOVERED_A_NEW_TERM
2019-10-17 02:14:54,863 [b32d7882-88db-4fe6-9cca-6a25122d474d@group-896385CD49EE-LeaderElection228] INFO  impl.RoleInfo (RoleInfo.java:shutdownLeaderElection(134)) - b32d7882-88db-4fe6-9cca-6a25122d474d: shutdown LeaderElection
2019-10-17 02:14:54,863 [b32d7882-88db-4fe6-9cca-6a25122d474d@group-896385CD49EE-LeaderElection228] INFO  impl.RoleInfo (RoleInfo.java:updateAndGet(143)) - b32d7882-88db-4fe6-9cca-6a25122d474d: start FollowerState
2019-10-17 02:14:54,930 [Thread-2460] INFO  impl.FollowerState (FollowerState.java:run(108)) - b32d7882-88db-4fe6-9cca-6a25122d474d@group-896385CD49EE-FollowerState: change to CANDIDATE, lastRpcTime:67ms, electionTimeout:67ms
2019-10-17 02:14:54,930 [Thread-2460] INFO  impl.RoleInfo (RoleInfo.java:shutdownFollowerState(121)) - b32d7882-88db-4fe6-9cca-6a25122d474d: shutdown FollowerState
2019-10-17 02:14:54,930 [Thread-2460] INFO  impl.RaftServerImpl (RaftServerImpl.java:setRole(184)) - b32d7882-88db-4fe6-9cca-6a25122d474d@group-896385CD49EE: changes role from  FOLLOWER to CANDIDATE at term 172 for changeToCandidate
2019-10-17 02:14:54,930 [Thread-2460] INFO  impl.RoleInfo (RoleInfo.java:updateAndGet(143)) - b32d7882-88db-4fe6-9cca-6a25122d474d: start LeaderElection
2019-10-17 02:14:54,944 [b32d7882-88db-4fe6-9cca-6a25122d474d@group-896385CD49EE-LeaderElection229] INFO  impl.LeaderElection (LeaderElection.java:askForVotes(178)) - b32d7882-88db-4fe6-9cca-6a25122d474d@group-896385CD49EE-LeaderElection229: begin an election at term 173 for -1: [b32d7882-88db-4fe6-9cca-6a25122d474d:192.168.157.194:42206, 3aea292b-16fb-4e9b-be90-828afa8e8047:192.168.157.194:34569, a6b2ebfb-69a0-457c-b6cd-a50cc148b564:192.168.157.194:37298], old=null
2019-10-17 02:14:54,946 [grpc-default-executor-2] INFO  impl.RaftServerImpl (RaftServerImpl.java:setRole(184)) - 3aea292b-16fb-4e9b-be90-828afa8e8047@group-896385CD49EE: changes role from  FOLLOWER to FOLLOWER at term 173 for recognizeCandidate:b32d7882-88db-4fe6-9cca-6a25122d474d
2019-10-17 02:14:54,947 [grpc-default-executor-2] INFO  impl.RoleInfo (RoleInfo.java:shutdownFollowerState(121)) - 3aea292b-16fb-4e9b-be90-828afa8e8047: shutdown FollowerState
2019-10-17 02:14:54,947 [grpc-default-executor-2] INFO  impl.RoleInfo (RoleInfo.java:updateAndGet(143)) - 3aea292b-16fb-4e9b-be90-828afa8e8047: start FollowerState
2019-10-17 02:14:54,947 [Thread-2458] INFO  impl.FollowerState (FollowerState.java:run(117)) - 3aea292b-16fb-4e9b-be90-828afa8e8047@group-896385CD49EE-FollowerState was interrupted: java.lang.InterruptedException: sleep interrupted
2019-10-17 02:14:54,947 [grpc-default-executor-0] INFO  impl.RaftServerImpl (RaftServerImpl.java:setRole(184)) - a6b2ebfb-69a0-457c-b6cd-a50cc148b564@group-896385CD49EE: changes role from  FOLLOWER to FOLLOWER at term 173 for recognizeCandidate:b32d7882-88db-4fe6-9cca-6a25122d474d
2019-10-17 02:14:54,947 [b32d7882-88db-4fe6-9cca-6a25122d474d@group-896385CD49EE-LeaderElection229] INFO  impl.LeaderElection (LeaderElection.java:logAndReturn(56)) - b32d7882-88db-4fe6-9cca-6a25122d474d@group-896385CD49EE-LeaderElection229: Election TIMEOUT; received 0 response(s) [] and 0 exception(s); b32d7882-88db-4fe6-9cca-6a25122d474d@group-896385CD49EE:t173, leader=null, voted=b32d7882-88db-4fe6-9cca-6a25122d474d, raftlog=b32d7882-88db-4fe6-9cca-6a25122d474d@group-896385CD49EE-SegmentedRaftLog:OPENED:c-1,f-1,i0, conf=-1: [b32d7882-88db-4fe6-9cca-6a25122d474d:192.168.157.194:42206, 3aea292b-16fb-4e9b-be90-828afa8e8047:192.168.157.194:34569, a6b2ebfb-69a0-457c-b6cd-a50cc148b564:192.168.157.194:37298], old=null
2019-10-17 02:14:54,947 [grpc-default-executor-0] INFO  impl.RoleInfo (RoleInfo.java:shutdownFollowerState(121)) - a6b2ebfb-69a0-457c-b6cd-a50cc148b564: shutdown FollowerState
2019-10-17 02:14:54,948 [grpc-default-executor-0] INFO  impl.RoleInfo (RoleInfo.java:updateAndGet(143)) - a6b2ebfb-69a0-457c-b6cd-a50cc148b564: start FollowerState
2019-10-17 02:14:54,948 [Thread-2459] INFO  impl.FollowerState (FollowerState.java:run(117)) - a6b2ebfb-69a0-457c-b6cd-a50cc148b564@group-896385CD49EE-FollowerState was interrupted: java.lang.InterruptedException: sleep interrupted
2019-10-17 02:14:54,960 [b32d7882-88db-4fe6-9cca-6a25122d474d@group-896385CD49EE-LeaderElection229] INFO  impl.LeaderElection (LeaderElection.java:askForVotes(178)) - b32d7882-88db-4fe6-9cca-6a25122d474d@group-896385CD49EE-LeaderElection229: begin an election at term 174 for -1: [b32d7882-88db-4fe6-9cca-6a25122d474d:192.168.157.194:42206, 3aea292b-16fb-4e9b-be90-828afa8e8047:192.168.157.194:34569, a6b2ebfb-69a0-457c-b6cd-a50cc148b564:192.168.157.194:37298], old=null
2019-10-17 02:14:54,962 [grpc-default-executor-2] INFO  impl.RaftServerImpl (RaftServerImpl.java:setRole(184)) - 3aea292b-16fb-4e9b-be90-828afa8e8047@group-896385CD49EE: changes role from  FOLLOWER to FOLLOWER at term 174 for recognizeCandidate:b32d7882-88db-4fe6-9cca-6a25122d474d
2019-10-17 02:14:54,963 [grpc-default-executor-2] INFO  impl.RoleInfo (RoleInfo.java:shutdownFollowerState(121)) - 3aea292b-16fb-4e9b-be90-828afa8e8047: shutdown FollowerState
2019-10-17 02:14:54,963 [grpc-default-executor-0] INFO  impl.RaftServerImpl (RaftServerImpl.java:setRole(184)) - a6b2ebfb-69a0-457c-b6cd-a50cc148b564@group-896385CD49EE: changes role from  FOLLOWER to FOLLOWER at term 174 for recognizeCandidate:b32d7882-88db-4fe6-9cca-6a25122d474d
2019-10-17 02:14:54,963 [Thread-2464] INFO  impl.FollowerState (FollowerState.java:run(117)) - 3aea292b-16fb-4e9b-be90-828afa8e8047@group-896385CD49EE-FollowerState was interrupted: java.lang.InterruptedException: sleep interrupted
2019-10-17 02:14:54,963 [grpc-default-executor-2] INFO  impl.RoleInfo (RoleInfo.java:updateAndGet(143)) - 3aea292b-16fb-4e9b-be90-828afa8e8047: start FollowerState
2019-10-17 02:14:54,963 [grpc-default-executor-0] INFO  impl.RoleInfo (RoleInfo.java:shutdownFollowerState(121)) - a6b2ebfb-69a0-457c-b6cd-a50cc148b564: shutdown FollowerState
2019-10-17 02:14:54,963 [grpc-default-executor-0] INFO  impl.RoleInfo (RoleInfo.java:updateAndGet(143)) - a6b2ebfb-69a0-457c-b6cd-a50cc148b564: start FollowerState
2019-10-17 02:14:54,963 [Thread-2465] INFO  impl.FollowerState (FollowerState.java:run(117)) - a6b2ebfb-69a0-457c-b6cd-a50cc148b564@group-896385CD49EE-FollowerState was interrupted: java.lang.InterruptedException: sleep interrupted
2019-10-17 02:14:54,977 [b32d7882-88db-4fe6-9cca-6a25122d474d@group-896385CD49EE-LeaderElection229] INFO  impl.LeaderElection (LeaderElection.java:logAndReturn(56)) - b32d7882-88db-4fe6-9cca-6a25122d474d@group-896385CD49EE-LeaderElection229: Election REJECTED; received 2 response(s) [b32d7882-88db-4fe6-9cca-6a25122d474d<-3aea292b-16fb-4e9b-be90-828afa8e8047#0:FAIL-t174, b32d7882-88db-4fe6-9cca-6a25122d474d<-a6b2ebfb-69a0-457c-b6cd-a50cc148b564#0:FAIL-t174] and 0 exception(s); b32d7882-88db-4fe6-9cca-6a25122d474d@group-896385CD49EE:t174, leader=null, voted=b32d7882-88db-4fe6-9cca-6a25122d474d, raftlog=b32d7882-88db-4fe6-9cca-6a25122d474d@group-896385CD49EE-SegmentedRaftLog:OPENED:c-1,f-1,i0, conf=-1: [b32d7882-88db-4fe6-9cca-6a25122d474d:192.168.157.194:42206, 3aea292b-16fb-4e9b-be90-828afa8e8047:192.168.157.194:34569, a6b2ebfb-69a0-457c-b6cd-a50cc148b564:192.168.157.194:37298], old=null
2019-10-17 02:14:54,978 [b32d7882-88db-4fe6-9cca-6a25122d474d@group-896385CD49EE-LeaderElection229] INFO  impl.RaftServerImpl (RaftServerImpl.java:setRole(184)) - b32d7882-88db-4fe6-9cca-6a25122d474d@group-896385CD49EE: changes role from CANDIDATE to FOLLOWER at term 174 for DISCOVERED_A_NEW_TERM
2019-10-17 02:14:54,978 [b32d7882-88db-4fe6-9cca-6a25122d474d@group-896385CD49EE-LeaderElection229] INFO  impl.RoleInfo (RoleInfo.java:shutdownLeaderElection(134)) - b32d7882-88db-4fe6-9cca-6a25122d474d: shutdown LeaderElection
2019-10-17 02:14:54,978 [b32d7882-88db-4fe6-9cca-6a25122d474d@group-896385CD49EE-LeaderElection229] INFO  impl.RoleInfo (RoleInfo.java:updateAndGet(143)) - b32d7882-88db-4fe6-9cca-6a25122d474d: start FollowerState
2019-10-17 02:14:55,011 [Thread-2470] INFO  impl.FollowerState (FollowerState.java:run(108)) - b32d7882-88db-4fe6-9cca-6a25122d474d@group-896385CD49EE-FollowerState: change to CANDIDATE, lastRpcTime:33ms, electionTimeout:33ms
2019-10-17 02:14:55,011 [Thread-2470] INFO  impl.RoleInfo (RoleInfo.java:shutdownFollowerState(121)) - b32d7882-88db-4fe6-9cca-6a25122d474d: shutdown FollowerState
2019-10-17 02:14:55,012 [Thread-2470] INFO  impl.RaftServerImpl (RaftServerImpl.java:setRole(184)) - b32d7882-88db-4fe6-9cca-6a25122d474d@group-896385CD49EE: changes role from  FOLLOWER to CANDIDATE at term 174 for changeToCandidate
2019-10-17 02:14:55,012 [Thread-2470] INFO  impl.RoleInfo (RoleInfo.java:updateAndGet(143)) - b32d7882-88db-4fe6-9cca-6a25122d474d: start LeaderElection
2019-10-17 02:14:55,024 [b32d7882-88db-4fe6-9cca-6a25122d474d@group-896385CD49EE-LeaderElection230] INFO  impl.LeaderElection (LeaderElection.java:askForVotes(178)) - b32d7882-88db-4fe6-9cca-6a25122d474d@group-896385CD49EE-LeaderElection230: begin an election at term 175 for -1: [b32d7882-88db-4fe6-9cca-6a25122d474d:192.168.157.194:42206, 3aea292b-16fb-4e9b-be90-828afa8e8047:192.168.157.194:34569, a6b2ebfb-69a0-457c-b6cd-a50cc148b564:192.168.157.194:37298], old=null
2019-10-17 02:14:55,026 [grpc-default-executor-0] INFO  impl.RaftServerImpl (RaftServerImpl.java:setRole(184)) - 3aea292b-16fb-4e9b-be90-828afa8e8047@group-896385CD49EE: changes role from  FOLLOWER to FOLLOWER at term 175 for recognizeCandidate:b32d7882-88db-4fe6-9cca-6a25122d474d
2019-10-17 02:14:55,026 [grpc-default-executor-0] INFO  impl.RoleInfo (RoleInfo.java:shutdownFollowerState(121)) - 3aea292b-16fb-4e9b-be90-828afa8e8047: shutdown FollowerState
2019-10-17 02:14:55,026 [grpc-default-executor-2] INFO  impl.RaftServerImpl (RaftServerImpl.java:setRole(184)) - a6b2ebfb-69a0-457c-b6cd-a50cc148b564@group-896385CD49EE: changes role from  FOLLOWER to FOLLOWER at term 175 for recognizeCandidate:b32d7882-88db-4fe6-9cca-6a25122d474d
2019-10-17 02:14:55,026 [Thread-2468] INFO  impl.FollowerState (FollowerState.java:run(117)) - 3aea292b-16fb-4e9b-be90-828afa8e8047@group-896385CD49EE-FollowerState was interrupted: java.lang.InterruptedException: sleep interrupted
2019-10-17 02:14:55,026 [grpc-default-executor-0] INFO  impl.RoleInfo (RoleInfo.java:updateAndGet(143)) - 3aea292b-16fb-4e9b-be90-828afa8e8047: start FollowerState
2019-10-17 02:14:55,026 [grpc-default-executor-2] INFO  impl.RoleInfo (RoleInfo.java:shutdownFollowerState(121)) - a6b2ebfb-69a0-457c-b6cd-a50cc148b564: shutdown FollowerState
2019-10-17 02:14:55,027 [grpc-default-executor-2] INFO  impl.RoleInfo (RoleInfo.java:updateAndGet(143)) - a6b2ebfb-69a0-457c-b6cd-a50cc148b564: start FollowerState
2019-10-17 02:14:55,027 [Thread-2469] INFO  impl.FollowerState (FollowerState.java:run(117)) - a6b2ebfb-69a0-457c-b6cd-a50cc148b564@group-896385CD49EE-FollowerState was interrupted: java.lang.InterruptedException: sleep interrupted
2019-10-17 02:14:55,039 [b32d7882-88db-4fe6-9cca-6a25122d474d@group-896385CD49EE-LeaderElection230] INFO  impl.LeaderElection (LeaderElection.java:logAndReturn(56)) - b32d7882-88db-4fe6-9cca-6a25122d474d@group-896385CD49EE-LeaderElection230: Election REJECTED; received 2 response(s) [b32d7882-88db-4fe6-9cca-6a25122d474d<-3aea292b-16fb-4e9b-be90-828afa8e8047#0:FAIL-t175, b32d7882-88db-4fe6-9cca-6a25122d474d<-a6b2ebfb-69a0-457c-b6cd-a50cc148b564#0:FAIL-t175] and 0 exception(s); b32d7882-88db-4fe6-9cca-6a25122d474d@group-896385CD49EE:t175, leader=null, voted=b32d7882-88db-4fe6-9cca-6a25122d474d, raftlog=b32d7882-88db-4fe6-9cca-6a25122d474d@group-896385CD49EE-SegmentedRaftLog:OPENED:c-1,f-1,i0, conf=-1: [b32d7882-88db-4fe6-9cca-6a25122d474d:192.168.157.194:42206, 3aea292b-16fb-4e9b-be90-828afa8e8047:192.168.157.194:34569, a6b2ebfb-69a0-457c-b6cd-a50cc148b564:192.168.157.194:37298], old=null
2019-10-17 02:14:55,039 [b32d7882-88db-4fe6-9cca-6a25122d474d@group-896385CD49EE-LeaderElection230] INFO  impl.RaftServerImpl (RaftServerImpl.java:setRole(184)) - b32d7882-88db-4fe6-9cca-6a25122d474d@group-896385CD49EE: changes role from CANDIDATE to FOLLOWER at term 175 for DISCOVERED_A_NEW_TERM
2019-10-17 02:14:55,040 [b32d7882-88db-4fe6-9cca-6a25122d474d@group-896385CD49EE-LeaderElection230] INFO  impl.RoleInfo (RoleInfo.java:shutdownLeaderElection(134)) - b32d7882-88db-4fe6-9cca-6a25122d474d: shutdown LeaderElection
2019-10-17 02:14:55,040 [b32d7882-88db-4fe6-9cca-6a25122d474d@group-896385CD49EE-LeaderElection230] INFO  impl.RoleInfo (RoleInfo.java:updateAndGet(143)) - b32d7882-88db-4fe6-9cca-6a25122d474d: start FollowerState
2019-10-17 02:14:55,055 [Thread-2476] INFO  impl.FollowerState (FollowerState.java:run(108)) - b32d7882-88db-4fe6-9cca-6a25122d474d@group-896385CD49EE-FollowerState: change to CANDIDATE, lastRpcTime:15ms, electionTimeout:15ms
2019-10-17 02:14:55,055 [Thread-2476] INFO  impl.RoleInfo (RoleInfo.java:shutdownFollowerState(121)) - b32d7882-88db-4fe6-9cca-6a25122d474d: shutdown FollowerState
2019-10-17 02:14:55,055 [Thread-2476] INFO  impl.RaftServerImpl (RaftServerImpl.java:setRole(184)) - b32d7882-88db-4fe6-9cca-6a25122d474d@group-896385CD49EE: changes role from  FOLLOWER to CANDIDATE at term 175 for changeToCandidate
2019-10-17 02:14:55,056 [Thread-2476] INFO  impl.RoleInfo (RoleInfo.java:updateAndGet(143)) - b32d7882-88db-4fe6-9cca-6a25122d474d: start LeaderElection
2019-10-17 02:14:55,068 [b32d7882-88db-4fe6-9cca-6a25122d474d@group-896385CD49EE-LeaderElection231] INFO  impl.LeaderElection (LeaderElection.java:askForVotes(178)) - b32d7882-88db-4fe6-9cca-6a25122d474d@group-896385CD49EE-LeaderElection231: begin an election at term 176 for -1: [b32d7882-88db-4fe6-9cca-6a25122d474d:192.168.157.194:42206, 3aea292b-16fb-4e9b-be90-828afa8e8047:192.168.157.194:34569, a6b2ebfb-69a0-457c-b6cd-a50cc148b564:192.168.157.194:37298], old=null
2019-10-17 02:14:55,070 [b32d7882-88db-4fe6-9cca-6a25122d474d@group-896385CD49EE-LeaderElection231] INFO  impl.LeaderElection (LeaderElection.java:logAndReturn(56)) - b32d7882-88db-4fe6-9cca-6a25122d474d@group-896385CD49EE-LeaderElection231: Election TIMEOUT; received 0 response(s) [] and 0 exception(s); b32d7882-88db-4fe6-9cca-6a25122d474d@group-896385CD49EE:t176, leader=null, voted=b32d7882-88db-4fe6-9cca-6a25122d474d, raftlog=b32d7882-88db-4fe6-9cca-6a25122d474d@group-896385CD49EE-SegmentedRaftLog:OPENED:c-1,f-1,i0, conf=-1: [b32d7882-88db-4fe6-9cca-6a25122d474d:192.168.157.194:42206, 3aea292b-16fb-4e9b-be90-828afa8e8047:192.168.157.194:34569, a6b2ebfb-69a0-457c-b6cd-a50cc148b564:192.168.157.194:37298], old=null
2019-10-17 02:14:55,070 [grpc-default-executor-0] INFO  impl.RaftServerImpl (RaftServerImpl.java:setRole(184)) - 3aea292b-16fb-4e9b-be90-828afa8e8047@group-896385CD49EE: changes role from  FOLLOWER to FOLLOWER at term 176 for recognizeCandidate:b32d7882-88db-4fe6-9cca-6a25122d474d
2019-10-17 02:14:55,070 [grpc-default-executor-0] INFO  impl.RoleInfo (RoleInfo.java:shutdownFollowerState(121)) - 3aea292b-16fb-4e9b-be90-828afa8e8047: shutdown FollowerState
2019-10-17 02:14:55,070 [grpc-default-executor-2] INFO  impl.RaftServerImpl (RaftServerImpl.java:setRole(184)) - a6b2ebfb-69a0-457c-b6cd-a50cc148b564@group-896385CD49EE: changes role from  FOLLOWER to FOLLOWER at term 176 for recognizeCandidate:b32d7882-88db-4fe6-9cca-6a25122d474d
2019-10-17 02:14:55,071 [grpc-default-executor-2] INFO  impl.RoleInfo (RoleInfo.java:shutdownFollowerState(121)) - a6b2ebfb-69a0-457c-b6cd-a50cc148b564: shutdown FollowerState
2019-10-17 02:14:55,071 [Thread-2474] INFO  impl.FollowerState (FollowerState.java:run(117)) - 3aea292b-16fb-4e9b-be90-828afa8e8047@group-896385CD49EE-FollowerState was interrupted: java.lang.InterruptedException: sleep interrupted
2019-10-17 02:14:55,071 [grpc-default-executor-0] INFO  impl.RoleInfo (RoleInfo.java:updateAndGet(143)) - 3aea292b-16fb-4e9b-be90-828afa8e8047: start FollowerState
2019-10-17 02:14:55,071 [grpc-default-executor-2] INFO  impl.RoleInfo (RoleInfo.java:updateAndGet(143)) - a6b2ebfb-69a0-457c-b6cd-a50cc148b564: start FollowerState
2019-10-17 02:14:55,071 [Thread-2475] INFO  impl.FollowerState (FollowerState.java:run(117)) - a6b2ebfb-69a0-457c-b6cd-a50cc148b564@group-896385CD49EE-FollowerState was interrupted: java.lang.InterruptedException: sleep interrupted
2019-10-17 02:14:55,088 [b32d7882-88db-4fe6-9cca-6a25122d474d@group-896385CD49EE-LeaderElection231] INFO  impl.LeaderElection (LeaderElection.java:askForVotes(178)) - b32d7882-88db-4fe6-9cca-6a25122d474d@group-896385CD49EE-LeaderElection231: begin an election at term 177 for -1: [b32d7882-88db-4fe6-9cca-6a25122d474d:192.168.157.194:42206, 3aea292b-16fb-4e9b-be90-828afa8e8047:192.168.157.194:34569, a6b2ebfb-69a0-457c-b6cd-a50cc148b564:192.168.157.194:37298], old=null
2019-10-17 02:14:55,089 [grpc-default-executor-2] INFO  impl.RaftServerImpl (RaftServerImpl.java:setRole(184)) - 3aea292b-16fb-4e9b-be90-828afa8e8047@group-896385CD49EE: changes role from  FOLLOWER to FOLLOWER at term 177 for recognizeCandidate:b32d7882-88db-4fe6-9cca-6a25122d474d
2019-10-17 02:14:55,090 [grpc-default-executor-2] INFO  impl.RoleInfo (RoleInfo.java:shutdownFollowerState(121)) - 3aea292b-16fb-4e9b-be90-828afa8e8047: shutdown FollowerState
2019-10-17 02:14:55,090 [grpc-default-executor-2] INFO  impl.RoleInfo (RoleInfo.java:updateAndGet(143)) - 3aea292b-16fb-4e9b-be90-828afa8e8047: start FollowerState
2019-10-17 02:14:55,090 [Thread-2480] INFO  impl.FollowerState (FollowerState.java:run(117)) - 3aea292b-16fb-4e9b-be90-828afa8e8047@group-896385CD49EE-FollowerState was interrupted: java.lang.InterruptedException: sleep interrupted
2019-10-17 02:14:55,090 [grpc-default-executor-0] INFO  impl.RaftServerImpl (RaftServerImpl.java:setRole(184)) - a6b2ebfb-69a0-457c-b6cd-a50cc148b564@group-896385CD49EE: changes role from  FOLLOWER to FOLLOWER at term 177 for recognizeCandidate:b32d7882-88db-4fe6-9cca-6a25122d474d
2019-10-17 02:14:55,090 [grpc-default-executor-0] INFO  impl.RoleInfo (RoleInfo.java:shutdownFollowerState(121)) - a6b2ebfb-69a0-457c-b6cd-a50cc148b564: shutdown FollowerState
2019-10-17 02:14:55,091 [grpc-default-executor-0] INFO  impl.RoleInfo (RoleInfo.java:updateAndGet(143)) - a6b2ebfb-69a0-457c-b6cd-a50cc148b564: start FollowerState
2019-10-17 02:14:55,091 [Thread-2481] INFO  impl.FollowerState (FollowerState.java:run(117)) - a6b2ebfb-69a0-457c-b6cd-a50cc148b564@group-896385CD49EE-FollowerState was interrupted: java.lang.InterruptedException: sleep interrupted
2019-10-17 02:14:55,109 [b32d7882-88db-4fe6-9cca-6a25122d474d@group-896385CD49EE-LeaderElection231] INFO  impl.LeaderElection (LeaderElection.java:logAndReturn(56)) - b32d7882-88db-4fe6-9cca-6a25122d474d@group-896385CD49EE-LeaderElection231: Election REJECTED; received 2 response(s) [b32d7882-88db-4fe6-9cca-6a25122d474d<-3aea292b-16fb-4e9b-be90-828afa8e8047#0:FAIL-t177, b32d7882-88db-4fe6-9cca-6a25122d474d<-a6b2ebfb-69a0-457c-b6cd-a50cc148b564#0:FAIL-t177] and 0 exception(s); b32d7882-88db-4fe6-9cca-6a25122d474d@group-896385CD49EE:t177, leader=null, voted=b32d7882-88db-4fe6-9cca-6a25122d474d, raftlog=b32d7882-88db-4fe6-9cca-6a25122d474d@group-896385CD49EE-SegmentedRaftLog:OPENED:c-1,f-1,i0, conf=-1: [b32d7882-88db-4fe6-9cca-6a25122d474d:192.168.157.194:42206, 3aea292b-16fb-4e9b-be90-828afa8e8047:192.168.157.194:34569, a6b2ebfb-69a0-457c-b6cd-a50cc148b564:192.168.157.194:37298], old=null
2019-10-17 02:14:55,109 [b32d7882-88db-4fe6-9cca-6a25122d474d@group-896385CD49EE-LeaderElection231] INFO  impl.RaftServerImpl (RaftServerImpl.java:setRole(184)) - b32d7882-88db-4fe6-9cca-6a25122d474d@group-896385CD49EE: changes role from CANDIDATE to FOLLOWER at term 177 for DISCOVERED_A_NEW_TERM
2019-10-17 02:14:55,109 [b32d7882-88db-4fe6-9cca-6a25122d474d@group-896385CD49EE-LeaderElection231] INFO  impl.RoleInfo (RoleInfo.java:shutdownLeaderElection(134)) - b32d7882-88db-4fe6-9cca-6a25122d474d: shutdown LeaderElection
2019-10-17 02:14:55,109 [b32d7882-88db-4fe6-9cca-6a25122d474d@group-896385CD49EE-LeaderElection231] INFO  impl.RoleInfo (RoleInfo.java:updateAndGet(143)) - b32d7882-88db-4fe6-9cca-6a25122d474d: start FollowerState
2019-10-17 02:14:55,144 [main] INFO  ozone.MiniOzoneClusterImpl (MiniOzoneClusterImpl.java:lambda$waitForClusterToBeReady$2(164)) - Waiting for 1 number of pipelines out of 4, to report a leader.
2019-10-17 02:14:55,222 [Thread-2486] INFO  impl.FollowerState (FollowerState.java:run(108)) - b32d7882-88db-4fe6-9cca-6a25122d474d@group-896385CD49EE-FollowerState: change to CANDIDATE, lastRpcTime:112ms, electionTimeout:112ms
2019-10-17 02:14:55,222 [Thread-2486] INFO  impl.RoleInfo (RoleInfo.java:shutdownFollowerState(121)) - b32d7882-88db-4fe6-9cca-6a25122d474d: shutdown FollowerState
2019-10-17 02:14:55,222 [Thread-2486] INFO  impl.RaftServerImpl (RaftServerImpl.java:setRole(184)) - b32d7882-88db-4fe6-9cca-6a25122d474d@group-896385CD49EE: changes role from  FOLLOWER to CANDIDATE at term 177 for changeToCandidate
2019-10-17 02:14:55,222 [Thread-2486] INFO  impl.RoleInfo (RoleInfo.java:updateAndGet(143)) - b32d7882-88db-4fe6-9cca-6a25122d474d: start LeaderElection
2019-10-17 02:14:55,237 [b32d7882-88db-4fe6-9cca-6a25122d474d@group-896385CD49EE-LeaderElection232] INFO  impl.LeaderElection (LeaderElection.java:askForVotes(178)) - b32d7882-88db-4fe6-9cca-6a25122d474d@group-896385CD49EE-LeaderElection232: begin an election at term 178 for -1: [b32d7882-88db-4fe6-9cca-6a25122d474d:192.168.157.194:42206, 3aea292b-16fb-4e9b-be90-828afa8e8047:192.168.157.194:34569, a6b2ebfb-69a0-457c-b6cd-a50cc148b564:192.168.157.194:37298], old=null
2019-10-17 02:14:55,239 [grpc-default-executor-0] INFO  impl.RaftServerImpl (RaftServerImpl.java:setRole(184)) - 3aea292b-16fb-4e9b-be90-828afa8e8047@group-896385CD49EE: changes role from  FOLLOWER to FOLLOWER at term 178 for recognizeCandidate:b32d7882-88db-4fe6-9cca-6a25122d474d
2019-10-17 02:14:55,240 [grpc-default-executor-0] INFO  impl.RoleInfo (RoleInfo.java:shutdownFollowerState(121)) - 3aea292b-16fb-4e9b-be90-828afa8e8047: shutdown FollowerState
2019-10-17 02:14:55,239 [grpc-default-executor-2] INFO  impl.RaftServerImpl (RaftServerImpl.java:setRole(184)) - a6b2ebfb-69a0-457c-b6cd-a50cc148b564@group-896385CD49EE: changes role from  FOLLOWER to FOLLOWER at term 178 for recognizeCandidate:b32d7882-88db-4fe6-9cca-6a25122d474d
2019-10-17 02:14:55,240 [grpc-default-executor-2] INFO  impl.RoleInfo (RoleInfo.java:shutdownFollowerState(121)) - a6b2ebfb-69a0-457c-b6cd-a50cc148b564: shutdown FollowerState
2019-10-17 02:14:55,240 [Thread-2484] INFO  impl.FollowerState (FollowerState.java:run(117)) - 3aea292b-16fb-4e9b-be90-828afa8e8047@group-896385CD49EE-FollowerState was interrupted: java.lang.InterruptedException: sleep interrupted
2019-10-17 02:14:55,240 [Thread-2485] INFO  impl.FollowerState (FollowerState.java:run(117)) - a6b2ebfb-69a0-457c-b6cd-a50cc148b564@group-896385CD49EE-FollowerState was interrupted: java.lang.InterruptedException: sleep interrupted
2019-10-17 02:14:55,240 [grpc-default-executor-0] INFO  impl.RoleInfo (RoleInfo.java:updateAndGet(143)) - 3aea292b-16fb-4e9b-be90-828afa8e8047: start FollowerState
2019-10-17 02:14:55,240 [grpc-default-executor-2] INFO  impl.RoleInfo (RoleInfo.java:updateAndGet(143)) - a6b2ebfb-69a0-457c-b6cd-a50cc148b564: start FollowerState
2019-10-17 02:14:55,255 [b32d7882-88db-4fe6-9cca-6a25122d474d@group-896385CD49EE-LeaderElection232] INFO  impl.LeaderElection (LeaderElection.java:logAndReturn(56)) - b32d7882-88db-4fe6-9cca-6a25122d474d@group-896385CD49EE-LeaderElection232: Election REJECTED; received 2 response(s) [b32d7882-88db-4fe6-9cca-6a25122d474d<-3aea292b-16fb-4e9b-be90-828afa8e8047#0:FAIL-t178, b32d7882-88db-4fe6-9cca-6a25122d474d<-a6b2ebfb-69a0-457c-b6cd-a50cc148b564#0:FAIL-t178] and 0 exception(s); b32d7882-88db-4fe6-9cca-6a25122d474d@group-896385CD49EE:t178, leader=null, voted=b32d7882-88db-4fe6-9cca-6a25122d474d, raftlog=b32d7882-88db-4fe6-9cca-6a25122d474d@group-896385CD49EE-SegmentedRaftLog:OPENED:c-1,f-1,i0, conf=-1: [b32d7882-88db-4fe6-9cca-6a25122d474d:192.168.157.194:42206, 3aea292b-16fb-4e9b-be90-828afa8e8047:192.168.157.194:34569, a6b2ebfb-69a0-457c-b6cd-a50cc148b564:192.168.157.194:37298], old=null
2019-10-17 02:14:55,255 [b32d7882-88db-4fe6-9cca-6a25122d474d@group-896385CD49EE-LeaderElection232] INFO  impl.RaftServerImpl (RaftServerImpl.java:setRole(184)) - b32d7882-88db-4fe6-9cca-6a25122d474d@group-896385CD49EE: changes role from CANDIDATE to FOLLOWER at term 178 for DISCOVERED_A_NEW_TERM
2019-10-17 02:14:55,255 [b32d7882-88db-4fe6-9cca-6a25122d474d@group-896385CD49EE-LeaderElection232] INFO  impl.RoleInfo (RoleInfo.java:shutdownLeaderElection(134)) - b32d7882-88db-4fe6-9cca-6a25122d474d: shutdown LeaderElection
2019-10-17 02:14:55,256 [b32d7882-88db-4fe6-9cca-6a25122d474d@group-896385CD49EE-LeaderElection232] INFO  impl.RoleInfo (RoleInfo.java:updateAndGet(143)) - b32d7882-88db-4fe6-9cca-6a25122d474d: start FollowerState
2019-10-17 02:14:55,402 [Thread-2492] INFO  impl.FollowerState (FollowerState.java:run(108)) - b32d7882-88db-4fe6-9cca-6a25122d474d@group-896385CD49EE-FollowerState: change to CANDIDATE, lastRpcTime:146ms, electionTimeout:146ms
2019-10-17 02:14:55,402 [Thread-2492] INFO  impl.RoleInfo (RoleInfo.java:shutdownFollowerState(121)) - b32d7882-88db-4fe6-9cca-6a25122d474d: shutdown FollowerState
2019-10-17 02:14:55,402 [Thread-2492] INFO  impl.RaftServerImpl (RaftServerImpl.java:setRole(184)) - b32d7882-88db-4fe6-9cca-6a25122d474d@group-896385CD49EE: changes role from  FOLLOWER to CANDIDATE at term 178 for changeToCandidate
2019-10-17 02:14:55,402 [Thread-2492] INFO  impl.RoleInfo (RoleInfo.java:updateAndGet(143)) - b32d7882-88db-4fe6-9cca-6a25122d474d: start LeaderElection
2019-10-17 02:14:55,416 [b32d7882-88db-4fe6-9cca-6a25122d474d@group-896385CD49EE-LeaderElection233] INFO  impl.LeaderElection (LeaderElection.java:askForVotes(178)) - b32d7882-88db-4fe6-9cca-6a25122d474d@group-896385CD49EE-LeaderElection233: begin an election at term 179 for -1: [b32d7882-88db-4fe6-9cca-6a25122d474d:192.168.157.194:42206, 3aea292b-16fb-4e9b-be90-828afa8e8047:192.168.157.194:34569, a6b2ebfb-69a0-457c-b6cd-a50cc148b564:192.168.157.194:37298], old=null
2019-10-17 02:14:55,418 [grpc-default-executor-0] INFO  impl.RaftServerImpl (RaftServerImpl.java:setRole(184)) - 3aea292b-16fb-4e9b-be90-828afa8e8047@group-896385CD49EE: changes role from  FOLLOWER to FOLLOWER at term 179 for recognizeCandidate:b32d7882-88db-4fe6-9cca-6a25122d474d
2019-10-17 02:14:55,419 [grpc-default-executor-0] INFO  impl.RoleInfo (RoleInfo.java:shutdownFollowerState(121)) - 3aea292b-16fb-4e9b-be90-828afa8e8047: shutdown FollowerState
2019-10-17 02:14:55,419 [grpc-default-executor-2] INFO  impl.RaftServerImpl (RaftServerImpl.java:setRole(184)) - a6b2ebfb-69a0-457c-b6cd-a50cc148b564@group-896385CD49EE: changes role from  FOLLOWER to FOLLOWER at term 179 for recognizeCandidate:b32d7882-88db-4fe6-9cca-6a25122d474d
2019-10-17 02:14:55,419 [grpc-default-executor-2] INFO  impl.RoleInfo (RoleInfo.java:shutdownFollowerState(121)) - a6b2ebfb-69a0-457c-b6cd-a50cc148b564: shutdown FollowerState
2019-10-17 02:14:55,419 [Thread-2490] INFO  impl.FollowerState (FollowerState.java:run(117)) - 3aea292b-16fb-4e9b-be90-828afa8e8047@group-896385CD49EE-FollowerState was interrupted: java.lang.InterruptedException: sleep interrupted
2019-10-17 02:14:55,419 [grpc-default-executor-0] INFO  impl.RoleInfo (RoleInfo.java:updateAndGet(143)) - 3aea292b-16fb-4e9b-be90-828afa8e8047: start FollowerState
2019-10-17 02:14:55,419 [Thread-2491] INFO  impl.FollowerState (FollowerState.java:run(117)) - a6b2ebfb-69a0-457c-b6cd-a50cc148b564@group-896385CD49EE-FollowerState was interrupted: java.lang.InterruptedException: sleep interrupted
2019-10-17 02:14:55,419 [grpc-default-executor-2] INFO  impl.RoleInfo (RoleInfo.java:updateAndGet(143)) - a6b2ebfb-69a0-457c-b6cd-a50cc148b564: start FollowerState
2019-10-17 02:14:55,434 [b32d7882-88db-4fe6-9cca-6a25122d474d@group-896385CD49EE-LeaderElection233] INFO  impl.LeaderElection (LeaderElection.java:logAndReturn(56)) - b32d7882-88db-4fe6-9cca-6a25122d474d@group-896385CD49EE-LeaderElection233: Election REJECTED; received 2 response(s) [b32d7882-88db-4fe6-9cca-6a25122d474d<-3aea292b-16fb-4e9b-be90-828afa8e8047#0:FAIL-t179, b32d7882-88db-4fe6-9cca-6a25122d474d<-a6b2ebfb-69a0-457c-b6cd-a50cc148b564#0:FAIL-t179] and 0 exception(s); b32d7882-88db-4fe6-9cca-6a25122d474d@group-896385CD49EE:t179, leader=null, voted=b32d7882-88db-4fe6-9cca-6a25122d474d, raftlog=b32d7882-88db-4fe6-9cca-6a25122d474d@group-896385CD49EE-SegmentedRaftLog:OPENED:c-1,f-1,i0, conf=-1: [b32d7882-88db-4fe6-9cca-6a25122d474d:192.168.157.194:42206, 3aea292b-16fb-4e9b-be90-828afa8e8047:192.168.157.194:34569, a6b2ebfb-69a0-457c-b6cd-a50cc148b564:192.168.157.194:37298], old=null
2019-10-17 02:14:55,434 [b32d7882-88db-4fe6-9cca-6a25122d474d@group-896385CD49EE-LeaderElection233] INFO  impl.RaftServerImpl (RaftServerImpl.java:setRole(184)) - b32d7882-88db-4fe6-9cca-6a25122d474d@group-896385CD49EE: changes role from CANDIDATE to FOLLOWER at term 179 for DISCOVERED_A_NEW_TERM
2019-10-17 02:14:55,434 [b32d7882-88db-4fe6-9cca-6a25122d474d@group-896385CD49EE-LeaderElection233] INFO  impl.RoleInfo (RoleInfo.java:shutdownLeaderElection(134)) - b32d7882-88db-4fe6-9cca-6a25122d474d: shutdown LeaderElection
2019-10-17 02:14:55,434 [b32d7882-88db-4fe6-9cca-6a25122d474d@group-896385CD49EE-LeaderElection233] INFO  impl.RoleInfo (RoleInfo.java:updateAndGet(143)) - b32d7882-88db-4fe6-9cca-6a25122d474d: start FollowerState
2019-10-17 02:14:55,496 [Thread-2498] INFO  impl.FollowerState (FollowerState.java:run(108)) - b32d7882-88db-4fe6-9cca-6a25122d474d@group-896385CD49EE-FollowerState: change to CANDIDATE, lastRpcTime:61ms, electionTimeout:61ms
2019-10-17 02:14:55,496 [Thread-2498] INFO  impl.RoleInfo (RoleInfo.java:shutdownFollowerState(121)) - b32d7882-88db-4fe6-9cca-6a25122d474d: shutdown FollowerState
2019-10-17 02:14:55,496 [Thread-2498] INFO  impl.RaftServerImpl (RaftServerImpl.java:setRole(184)) - b32d7882-88db-4fe6-9cca-6a25122d474d@group-896385CD49EE: changes role from  FOLLOWER to CANDIDATE at term 179 for changeToCandidate
2019-10-17 02:14:55,496 [Thread-2498] INFO  impl.RoleInfo (RoleInfo.java:updateAndGet(143)) - b32d7882-88db-4fe6-9cca-6a25122d474d: start LeaderElection
2019-10-17 02:14:55,510 [b32d7882-88db-4fe6-9cca-6a25122d474d@group-896385CD49EE-LeaderElection234] INFO  impl.LeaderElection (LeaderElection.java:askForVotes(178)) - b32d7882-88db-4fe6-9cca-6a25122d474d@group-896385CD49EE-LeaderElection234: begin an election at term 180 for -1: [b32d7882-88db-4fe6-9cca-6a25122d474d:192.168.157.194:42206, 3aea292b-16fb-4e9b-be90-828afa8e8047:192.168.157.194:34569, a6b2ebfb-69a0-457c-b6cd-a50cc148b564:192.168.157.194:37298], old=null
2019-10-17 02:14:55,513 [grpc-default-executor-2] INFO  impl.RaftServerImpl (RaftServerImpl.java:setRole(184)) - 3aea292b-16fb-4e9b-be90-828afa8e8047@group-896385CD49EE: changes role from  FOLLOWER to FOLLOWER at term 180 for recognizeCandidate:b32d7882-88db-4fe6-9cca-6a25122d474d
2019-10-17 02:14:55,513 [grpc-default-executor-2] INFO  impl.RoleInfo (RoleInfo.java:shutdownFollowerState(121)) - 3aea292b-16fb-4e9b-be90-828afa8e8047: shutdown FollowerState
2019-10-17 02:14:55,513 [grpc-default-executor-0] INFO  impl.RaftServerImpl (RaftServerImpl.java:setRole(184)) - a6b2ebfb-69a0-457c-b6cd-a50cc148b564@group-896385CD49EE: changes role from  FOLLOWER to FOLLOWER at term 180 for recognizeCandidate:b32d7882-88db-4fe6-9cca-6a25122d474d
2019-10-17 02:14:55,513 [grpc-default-executor-2] INFO  impl.RoleInfo (RoleInfo.java:updateAndGet(143)) - 3aea292b-16fb-4e9b-be90-828afa8e8047: start FollowerState
2019-10-17 02:14:55,513 [Thread-2496] INFO  impl.FollowerState (FollowerState.java:run(117)) - 3aea292b-16fb-4e9b-be90-828afa8e8047@group-896385CD49EE-FollowerState was interrupted: java.lang.InterruptedException: sleep interrupted
2019-10-17 02:14:55,513 [grpc-default-executor-0] INFO  impl.RoleInfo (RoleInfo.java:shutdownFollowerState(121)) - a6b2ebfb-69a0-457c-b6cd-a50cc148b564: shutdown FollowerState
2019-10-17 02:14:55,514 [grpc-default-executor-0] INFO  impl.RoleInfo (RoleInfo.java:updateAndGet(143)) - a6b2ebfb-69a0-457c-b6cd-a50cc148b564: start FollowerState
2019-10-17 02:14:55,514 [Thread-2497] INFO  impl.FollowerState (FollowerState.java:run(117)) - a6b2ebfb-69a0-457c-b6cd-a50cc148b564@group-896385CD49EE-FollowerState was interrupted: java.lang.InterruptedException: sleep interrupted
2019-10-17 02:14:55,528 [b32d7882-88db-4fe6-9cca-6a25122d474d@group-896385CD49EE-LeaderElection234] INFO  impl.LeaderElection (LeaderElection.java:logAndReturn(56)) - b32d7882-88db-4fe6-9cca-6a25122d474d@group-896385CD49EE-LeaderElection234: Election REJECTED; received 2 response(s) [b32d7882-88db-4fe6-9cca-6a25122d474d<-3aea292b-16fb-4e9b-be90-828afa8e8047#0:FAIL-t180, b32d7882-88db-4fe6-9cca-6a25122d474d<-a6b2ebfb-69a0-457c-b6cd-a50cc148b564#0:FAIL-t180] and 0 exception(s); b32d7882-88db-4fe6-9cca-6a25122d474d@group-896385CD49EE:t180, leader=null, voted=b32d7882-88db-4fe6-9cca-6a25122d474d, raftlog=b32d7882-88db-4fe6-9cca-6a25122d474d@group-896385CD49EE-SegmentedRaftLog:OPENED:c-1,f-1,i0, conf=-1: [b32d7882-88db-4fe6-9cca-6a25122d474d:192.168.157.194:42206, 3aea292b-16fb-4e9b-be90-828afa8e8047:192.168.157.194:34569, a6b2ebfb-69a0-457c-b6cd-a50cc148b564:192.168.157.194:37298], old=null
2019-10-17 02:14:55,528 [b32d7882-88db-4fe6-9cca-6a25122d474d@group-896385CD49EE-LeaderElection234] INFO  impl.RaftServerImpl (RaftServerImpl.java:setRole(184)) - b32d7882-88db-4fe6-9cca-6a25122d474d@group-896385CD49EE: changes role from CANDIDATE to FOLLOWER at term 180 for DISCOVERED_A_NEW_TERM
2019-10-17 02:14:55,528 [b32d7882-88db-4fe6-9cca-6a25122d474d@group-896385CD49EE-LeaderElection234] INFO  impl.RoleInfo (RoleInfo.java:shutdownLeaderElection(134)) - b32d7882-88db-4fe6-9cca-6a25122d474d: shutdown LeaderElection
2019-10-17 02:14:55,529 [b32d7882-88db-4fe6-9cca-6a25122d474d@group-896385CD49EE-LeaderElection234] INFO  impl.RoleInfo (RoleInfo.java:updateAndGet(143)) - b32d7882-88db-4fe6-9cca-6a25122d474d: start FollowerState
2019-10-17 02:14:55,664 [Thread-2504] INFO  impl.FollowerState (FollowerState.java:run(108)) - b32d7882-88db-4fe6-9cca-6a25122d474d@group-896385CD49EE-FollowerState: change to CANDIDATE, lastRpcTime:135ms, electionTimeout:135ms
2019-10-17 02:14:55,664 [Thread-2504] INFO  impl.RoleInfo (RoleInfo.java:shutdownFollowerState(121)) - b32d7882-88db-4fe6-9cca-6a25122d474d: shutdown FollowerState
2019-10-17 02:14:55,664 [Thread-2504] INFO  impl.RaftServerImpl (RaftServerImpl.java:setRole(184)) - b32d7882-88db-4fe6-9cca-6a25122d474d@group-896385CD49EE: changes role from  FOLLOWER to CANDIDATE at term 180 for changeToCandidate
2019-10-17 02:14:55,664 [Thread-2504] INFO  impl.RoleInfo (RoleInfo.java:updateAndGet(143)) - b32d7882-88db-4fe6-9cca-6a25122d474d: start LeaderElection
2019-10-17 02:14:55,679 [b32d7882-88db-4fe6-9cca-6a25122d474d@group-896385CD49EE-LeaderElection235] INFO  impl.LeaderElection (LeaderElection.java:askForVotes(178)) - b32d7882-88db-4fe6-9cca-6a25122d474d@group-896385CD49EE-LeaderElection235: begin an election at term 181 for -1: [b32d7882-88db-4fe6-9cca-6a25122d474d:192.168.157.194:42206, 3aea292b-16fb-4e9b-be90-828afa8e8047:192.168.157.194:34569, a6b2ebfb-69a0-457c-b6cd-a50cc148b564:192.168.157.194:37298], old=null
2019-10-17 02:14:55,681 [grpc-default-executor-0] INFO  impl.RaftServerImpl (RaftServerImpl.java:setRole(184)) - 3aea292b-16fb-4e9b-be90-828afa8e8047@group-896385CD49EE: changes role from  FOLLOWER to FOLLOWER at term 181 for recognizeCandidate:b32d7882-88db-4fe6-9cca-6a25122d474d
2019-10-17 02:14:55,681 [grpc-default-executor-0] INFO  impl.RoleInfo (RoleInfo.java:shutdownFollowerState(121)) - 3aea292b-16fb-4e9b-be90-828afa8e8047: shutdown FollowerState
2019-10-17 02:14:55,681 [grpc-default-executor-2] INFO  impl.RaftServerImpl (RaftServerImpl.java:setRole(184)) - a6b2ebfb-69a0-457c-b6cd-a50cc148b564@group-896385CD49EE: changes role from  FOLLOWER to FOLLOWER at term 181 for recognizeCandidate:b32d7882-88db-4fe6-9cca-6a25122d474d
2019-10-17 02:14:55,681 [grpc-default-executor-2] INFO  impl.RoleInfo (RoleInfo.java:shutdownFollowerState(121)) - a6b2ebfb-69a0-457c-b6cd-a50cc148b564: shutdown FollowerState
2019-10-17 02:14:55,681 [Thread-2502] INFO  impl.FollowerState (FollowerState.java:run(117)) - 3aea292b-16fb-4e9b-be90-828afa8e8047@group-896385CD49EE-FollowerState was interrupted: java.lang.InterruptedException: sleep interrupted
2019-10-17 02:14:55,681 [grpc-default-executor-0] INFO  impl.RoleInfo (RoleInfo.java:updateAndGet(143)) - 3aea292b-16fb-4e9b-be90-828afa8e8047: start FollowerState
2019-10-17 02:14:55,682 [Thread-2503] INFO  impl.FollowerState (FollowerState.java:run(117)) - a6b2ebfb-69a0-457c-b6cd-a50cc148b564@group-896385CD49EE-FollowerState was interrupted: java.lang.InterruptedException: sleep interrupted
2019-10-17 02:14:55,681 [grpc-default-executor-2] INFO  impl.RoleInfo (RoleInfo.java:updateAndGet(143)) - a6b2ebfb-69a0-457c-b6cd-a50cc148b564: start FollowerState
2019-10-17 02:14:55,696 [b32d7882-88db-4fe6-9cca-6a25122d474d@group-896385CD49EE-LeaderElection235] INFO  impl.LeaderElection (LeaderElection.java:logAndReturn(56)) - b32d7882-88db-4fe6-9cca-6a25122d474d@group-896385CD49EE-LeaderElection235: Election REJECTED; received 2 response(s) [b32d7882-88db-4fe6-9cca-6a25122d474d<-3aea292b-16fb-4e9b-be90-828afa8e8047#0:FAIL-t181, b32d7882-88db-4fe6-9cca-6a25122d474d<-a6b2ebfb-69a0-457c-b6cd-a50cc148b564#0:FAIL-t181] and 0 exception(s); b32d7882-88db-4fe6-9cca-6a25122d474d@group-896385CD49EE:t181, leader=null, voted=b32d7882-88db-4fe6-9cca-6a25122d474d, raftlog=b32d7882-88db-4fe6-9cca-6a25122d474d@group-896385CD49EE-SegmentedRaftLog:OPENED:c-1,f-1,i0, conf=-1: [b32d7882-88db-4fe6-9cca-6a25122d474d:192.168.157.194:42206, 3aea292b-16fb-4e9b-be90-828afa8e8047:192.168.157.194:34569, a6b2ebfb-69a0-457c-b6cd-a50cc148b564:192.168.157.194:37298], old=null
2019-10-17 02:14:55,696 [b32d7882-88db-4fe6-9cca-6a25122d474d@group-896385CD49EE-LeaderElection235] INFO  impl.RaftServerImpl (RaftServerImpl.java:setRole(184)) - b32d7882-88db-4fe6-9cca-6a25122d474d@group-896385CD49EE: changes role from CANDIDATE to FOLLOWER at term 181 for DISCOVERED_A_NEW_TERM
2019-10-17 02:14:55,696 [b32d7882-88db-4fe6-9cca-6a25122d474d@group-896385CD49EE-LeaderElection235] INFO  impl.RoleInfo (RoleInfo.java:shutdownLeaderElection(134)) - b32d7882-88db-4fe6-9cca-6a25122d474d: shutdown LeaderElection
2019-10-17 02:14:55,697 [b32d7882-88db-4fe6-9cca-6a25122d474d@group-896385CD49EE-LeaderElection235] INFO  impl.RoleInfo (RoleInfo.java:updateAndGet(143)) - b32d7882-88db-4fe6-9cca-6a25122d474d: start FollowerState
2019-10-17 02:14:55,699 [Thread-2510] INFO  impl.FollowerState (FollowerState.java:run(108)) - b32d7882-88db-4fe6-9cca-6a25122d474d@group-896385CD49EE-FollowerState: change to CANDIDATE, lastRpcTime:2ms, electionTimeout:2ms
2019-10-17 02:14:55,699 [Thread-2510] INFO  impl.RoleInfo (RoleInfo.java:shutdownFollowerState(121)) - b32d7882-88db-4fe6-9cca-6a25122d474d: shutdown FollowerState
2019-10-17 02:14:55,699 [Thread-2510] INFO  impl.RaftServerImpl (RaftServerImpl.java:setRole(184)) - b32d7882-88db-4fe6-9cca-6a25122d474d@group-896385CD49EE: changes role from  FOLLOWER to CANDIDATE at term 181 for changeToCandidate
2019-10-17 02:14:55,699 [Thread-2510] INFO  impl.RoleInfo (RoleInfo.java:updateAndGet(143)) - b32d7882-88db-4fe6-9cca-6a25122d474d: start LeaderElection
2019-10-17 02:14:55,713 [b32d7882-88db-4fe6-9cca-6a25122d474d@group-896385CD49EE-LeaderElection236] INFO  impl.LeaderElection (LeaderElection.java:askForVotes(178)) - b32d7882-88db-4fe6-9cca-6a25122d474d@group-896385CD49EE-LeaderElection236: begin an election at term 182 for -1: [b32d7882-88db-4fe6-9cca-6a25122d474d:192.168.157.194:42206, 3aea292b-16fb-4e9b-be90-828afa8e8047:192.168.157.194:34569, a6b2ebfb-69a0-457c-b6cd-a50cc148b564:192.168.157.194:37298], old=null
2019-10-17 02:14:55,715 [grpc-default-executor-0] INFO  impl.RaftServerImpl (RaftServerImpl.java:setRole(184)) - 3aea292b-16fb-4e9b-be90-828afa8e8047@group-896385CD49EE: changes role from  FOLLOWER to FOLLOWER at term 182 for recognizeCandidate:b32d7882-88db-4fe6-9cca-6a25122d474d
2019-10-17 02:14:55,716 [grpc-default-executor-0] INFO  impl.RoleInfo (RoleInfo.java:shutdownFollowerState(121)) - 3aea292b-16fb-4e9b-be90-828afa8e8047: shutdown FollowerState
2019-10-17 02:14:55,716 [grpc-default-executor-0] INFO  impl.RoleInfo (RoleInfo.java:updateAndGet(143)) - 3aea292b-16fb-4e9b-be90-828afa8e8047: start FollowerState
2019-10-17 02:14:55,716 [Thread-2508] INFO  impl.FollowerState (FollowerState.java:run(117)) - 3aea292b-16fb-4e9b-be90-828afa8e8047@group-896385CD49EE-FollowerState was interrupted: java.lang.InterruptedException: sleep interrupted
2019-10-17 02:14:55,716 [grpc-default-executor-2] INFO  impl.RaftServerImpl (RaftServerImpl.java:setRole(184)) - a6b2ebfb-69a0-457c-b6cd-a50cc148b564@group-896385CD49EE: changes role from  FOLLOWER to FOLLOWER at term 182 for recognizeCandidate:b32d7882-88db-4fe6-9cca-6a25122d474d
2019-10-17 02:14:55,716 [grpc-default-executor-2] INFO  impl.RoleInfo (RoleInfo.java:shutdownFollowerState(121)) - a6b2ebfb-69a0-457c-b6cd-a50cc148b564: shutdown FollowerState
2019-10-17 02:14:55,717 [grpc-default-executor-2] INFO  impl.RoleInfo (RoleInfo.java:updateAndGet(143)) - a6b2ebfb-69a0-457c-b6cd-a50cc148b564: start FollowerState
2019-10-17 02:14:55,717 [Thread-2509] INFO  impl.FollowerState (FollowerState.java:run(117)) - a6b2ebfb-69a0-457c-b6cd-a50cc148b564@group-896385CD49EE-FollowerState was interrupted: java.lang.InterruptedException: sleep interrupted
2019-10-17 02:14:55,731 [b32d7882-88db-4fe6-9cca-6a25122d474d@group-896385CD49EE-LeaderElection236] INFO  impl.LeaderElection (LeaderElection.java:logAndReturn(56)) - b32d7882-88db-4fe6-9cca-6a25122d474d@group-896385CD49EE-LeaderElection236: Election REJECTED; received 2 response(s) [b32d7882-88db-4fe6-9cca-6a25122d474d<-3aea292b-16fb-4e9b-be90-828afa8e8047#0:FAIL-t182, b32d7882-88db-4fe6-9cca-6a25122d474d<-a6b2ebfb-69a0-457c-b6cd-a50cc148b564#0:FAIL-t182] and 0 exception(s); b32d7882-88db-4fe6-9cca-6a25122d474d@group-896385CD49EE:t182, leader=null, voted=b32d7882-88db-4fe6-9cca-6a25122d474d, raftlog=b32d7882-88db-4fe6-9cca-6a25122d474d@group-896385CD49EE-SegmentedRaftLog:OPENED:c-1,f-1,i0, conf=-1: [b32d7882-88db-4fe6-9cca-6a25122d474d:192.168.157.194:42206, 3aea292b-16fb-4e9b-be90-828afa8e8047:192.168.157.194:34569, a6b2ebfb-69a0-457c-b6cd-a50cc148b564:192.168.157.194:37298], old=null
2019-10-17 02:14:55,731 [b32d7882-88db-4fe6-9cca-6a25122d474d@group-896385CD49EE-LeaderElection236] INFO  impl.RaftServerImpl (RaftServerImpl.java:setRole(184)) - b32d7882-88db-4fe6-9cca-6a25122d474d@group-896385CD49EE: changes role from CANDIDATE to FOLLOWER at term 182 for DISCOVERED_A_NEW_TERM
2019-10-17 02:14:55,731 [b32d7882-88db-4fe6-9cca-6a25122d474d@group-896385CD49EE-LeaderElection236] INFO  impl.RoleInfo (RoleInfo.java:shutdownLeaderElection(134)) - b32d7882-88db-4fe6-9cca-6a25122d474d: shutdown LeaderElection
2019-10-17 02:14:55,731 [b32d7882-88db-4fe6-9cca-6a25122d474d@group-896385CD49EE-LeaderElection236] INFO  impl.RoleInfo (RoleInfo.java:updateAndGet(143)) - b32d7882-88db-4fe6-9cca-6a25122d474d: start FollowerState
2019-10-17 02:14:55,732 [Thread-2516] INFO  impl.FollowerState (FollowerState.java:run(108)) - b32d7882-88db-4fe6-9cca-6a25122d474d@group-896385CD49EE-FollowerState: change to CANDIDATE, lastRpcTime:0ms, electionTimeout:0ms
2019-10-17 02:14:55,732 [Thread-2516] INFO  impl.RoleInfo (RoleInfo.java:shutdownFollowerState(121)) - b32d7882-88db-4fe6-9cca-6a25122d474d: shutdown FollowerState
2019-10-17 02:14:55,732 [Thread-2516] INFO  impl.RaftServerImpl (RaftServerImpl.java:setRole(184)) - b32d7882-88db-4fe6-9cca-6a25122d474d@group-896385CD49EE: changes role from  FOLLOWER to CANDIDATE at term 182 for changeToCandidate
2019-10-17 02:14:55,732 [Thread-2516] INFO  impl.RoleInfo (RoleInfo.java:updateAndGet(143)) - b32d7882-88db-4fe6-9cca-6a25122d474d: start LeaderElection
2019-10-17 02:14:55,746 [b32d7882-88db-4fe6-9cca-6a25122d474d@group-896385CD49EE-LeaderElection237] INFO  impl.LeaderElection (LeaderElection.java:askForVotes(178)) - b32d7882-88db-4fe6-9cca-6a25122d474d@group-896385CD49EE-LeaderElection237: begin an election at term 183 for -1: [b32d7882-88db-4fe6-9cca-6a25122d474d:192.168.157.194:42206, 3aea292b-16fb-4e9b-be90-828afa8e8047:192.168.157.194:34569, a6b2ebfb-69a0-457c-b6cd-a50cc148b564:192.168.157.194:37298], old=null
2019-10-17 02:14:55,747 [grpc-default-executor-2] INFO  impl.RaftServerImpl (RaftServerImpl.java:setRole(184)) - 3aea292b-16fb-4e9b-be90-828afa8e8047@group-896385CD49EE: changes role from  FOLLOWER to FOLLOWER at term 183 for recognizeCandidate:b32d7882-88db-4fe6-9cca-6a25122d474d
2019-10-17 02:14:55,748 [grpc-default-executor-2] INFO  impl.RoleInfo (RoleInfo.java:shutdownFollowerState(121)) - 3aea292b-16fb-4e9b-be90-828afa8e8047: shutdown FollowerState
2019-10-17 02:14:55,748 [grpc-default-executor-2] INFO  impl.RoleInfo (RoleInfo.java:updateAndGet(143)) - 3aea292b-16fb-4e9b-be90-828afa8e8047: start FollowerState
2019-10-17 02:14:55,748 [Thread-2514] INFO  impl.FollowerState (FollowerState.java:run(117)) - 3aea292b-16fb-4e9b-be90-828afa8e8047@group-896385CD49EE-FollowerState was interrupted: java.lang.InterruptedException: sleep interrupted
2019-10-17 02:14:55,748 [grpc-default-executor-0] INFO  impl.RaftServerImpl (RaftServerImpl.java:setRole(184)) - a6b2ebfb-69a0-457c-b6cd-a50cc148b564@group-896385CD49EE: changes role from  FOLLOWER to FOLLOWER at term 183 for recognizeCandidate:b32d7882-88db-4fe6-9cca-6a25122d474d
2019-10-17 02:14:55,748 [grpc-default-executor-0] INFO  impl.RoleInfo (RoleInfo.java:shutdownFollowerState(121)) - a6b2ebfb-69a0-457c-b6cd-a50cc148b564: shutdown FollowerState
2019-10-17 02:14:55,748 [grpc-default-executor-0] INFO  impl.RoleInfo (RoleInfo.java:updateAndGet(143)) - a6b2ebfb-69a0-457c-b6cd-a50cc148b564: start FollowerState
2019-10-17 02:14:55,748 [Thread-2515] INFO  impl.FollowerState (FollowerState.java:run(117)) - a6b2ebfb-69a0-457c-b6cd-a50cc148b564@group-896385CD49EE-FollowerState was interrupted: java.lang.InterruptedException: sleep interrupted
2019-10-17 02:14:55,762 [b32d7882-88db-4fe6-9cca-6a25122d474d@group-896385CD49EE-LeaderElection237] INFO  impl.LeaderElection (LeaderElection.java:logAndReturn(56)) - b32d7882-88db-4fe6-9cca-6a25122d474d@group-896385CD49EE-LeaderElection237: Election REJECTED; received 2 response(s) [b32d7882-88db-4fe6-9cca-6a25122d474d<-3aea292b-16fb-4e9b-be90-828afa8e8047#0:FAIL-t183, b32d7882-88db-4fe6-9cca-6a25122d474d<-a6b2ebfb-69a0-457c-b6cd-a50cc148b564#0:FAIL-t183] and 0 exception(s); b32d7882-88db-4fe6-9cca-6a25122d474d@group-896385CD49EE:t183, leader=null, voted=b32d7882-88db-4fe6-9cca-6a25122d474d, raftlog=b32d7882-88db-4fe6-9cca-6a25122d474d@group-896385CD49EE-SegmentedRaftLog:OPENED:c-1,f-1,i0, conf=-1: [b32d7882-88db-4fe6-9cca-6a25122d474d:192.168.157.194:42206, 3aea292b-16fb-4e9b-be90-828afa8e8047:192.168.157.194:34569, a6b2ebfb-69a0-457c-b6cd-a50cc148b564:192.168.157.194:37298], old=null
2019-10-17 02:14:55,762 [b32d7882-88db-4fe6-9cca-6a25122d474d@group-896385CD49EE-LeaderElection237] INFO  impl.RaftServerImpl (RaftServerImpl.java:setRole(184)) - b32d7882-88db-4fe6-9cca-6a25122d474d@group-896385CD49EE: changes role from CANDIDATE to FOLLOWER at term 183 for DISCOVERED_A_NEW_TERM
2019-10-17 02:14:55,762 [b32d7882-88db-4fe6-9cca-6a25122d474d@group-896385CD49EE-LeaderElection237] INFO  impl.RoleInfo (RoleInfo.java:shutdownLeaderElection(134)) - b32d7882-88db-4fe6-9cca-6a25122d474d: shutdown LeaderElection
2019-10-17 02:14:55,763 [b32d7882-88db-4fe6-9cca-6a25122d474d@group-896385CD49EE-LeaderElection237] INFO  impl.RoleInfo (RoleInfo.java:updateAndGet(143)) - b32d7882-88db-4fe6-9cca-6a25122d474d: start FollowerState
2019-10-17 02:14:55,887 [Thread-2522] INFO  impl.FollowerState (FollowerState.java:run(108)) - b32d7882-88db-4fe6-9cca-6a25122d474d@group-896385CD49EE-FollowerState: change to CANDIDATE, lastRpcTime:124ms, electionTimeout:124ms
2019-10-17 02:14:55,887 [Thread-2522] INFO  impl.RoleInfo (RoleInfo.java:shutdownFollowerState(121)) - b32d7882-88db-4fe6-9cca-6a25122d474d: shutdown FollowerState
2019-10-17 02:14:55,887 [Thread-2522] INFO  impl.RaftServerImpl (RaftServerImpl.java:setRole(184)) - b32d7882-88db-4fe6-9cca-6a25122d474d@group-896385CD49EE: changes role from  FOLLOWER to CANDIDATE at term 183 for changeToCandidate
2019-10-17 02:14:55,888 [Thread-2522] INFO  impl.RoleInfo (RoleInfo.java:updateAndGet(143)) - b32d7882-88db-4fe6-9cca-6a25122d474d: start LeaderElection
2019-10-17 02:14:55,902 [b32d7882-88db-4fe6-9cca-6a25122d474d@group-896385CD49EE-LeaderElection238] INFO  impl.LeaderElection (LeaderElection.java:askForVotes(178)) - b32d7882-88db-4fe6-9cca-6a25122d474d@group-896385CD49EE-LeaderElection238: begin an election at term 184 for -1: [b32d7882-88db-4fe6-9cca-6a25122d474d:192.168.157.194:42206, 3aea292b-16fb-4e9b-be90-828afa8e8047:192.168.157.194:34569, a6b2ebfb-69a0-457c-b6cd-a50cc148b564:192.168.157.194:37298], old=null
2019-10-17 02:14:55,904 [grpc-default-executor-2] INFO  impl.RaftServerImpl (RaftServerImpl.java:setRole(184)) - 3aea292b-16fb-4e9b-be90-828afa8e8047@group-896385CD49EE: changes role from  FOLLOWER to FOLLOWER at term 184 for recognizeCandidate:b32d7882-88db-4fe6-9cca-6a25122d474d
2019-10-17 02:14:55,904 [grpc-default-executor-2] INFO  impl.RoleInfo (RoleInfo.java:shutdownFollowerState(121)) - 3aea292b-16fb-4e9b-be90-828afa8e8047: shutdown FollowerState
2019-10-17 02:14:55,904 [grpc-default-executor-0] INFO  impl.RaftServerImpl (RaftServerImpl.java:setRole(184)) - a6b2ebfb-69a0-457c-b6cd-a50cc148b564@group-896385CD49EE: changes role from  FOLLOWER to FOLLOWER at term 184 for recognizeCandidate:b32d7882-88db-4fe6-9cca-6a25122d474d
2019-10-17 02:14:55,905 [grpc-default-executor-0] INFO  impl.RoleInfo (RoleInfo.java:shutdownFollowerState(121)) - a6b2ebfb-69a0-457c-b6cd-a50cc148b564: shutdown FollowerState
2019-10-17 02:14:55,904 [Thread-2520] INFO  impl.FollowerState (FollowerState.java:run(117)) - 3aea292b-16fb-4e9b-be90-828afa8e8047@group-896385CD49EE-FollowerState was interrupted: java.lang.InterruptedException: sleep interrupted
2019-10-17 02:14:55,904 [grpc-default-executor-2] INFO  impl.RoleInfo (RoleInfo.java:updateAndGet(143)) - 3aea292b-16fb-4e9b-be90-828afa8e8047: start FollowerState
2019-10-17 02:14:55,905 [Thread-2521] INFO  impl.FollowerState (FollowerState.java:run(117)) - a6b2ebfb-69a0-457c-b6cd-a50cc148b564@group-896385CD49EE-FollowerState was interrupted: java.lang.InterruptedException: sleep interrupted
2019-10-17 02:14:55,905 [grpc-default-executor-0] INFO  impl.RoleInfo (RoleInfo.java:updateAndGet(143)) - a6b2ebfb-69a0-457c-b6cd-a50cc148b564: start FollowerState
2019-10-17 02:14:55,948 [b32d7882-88db-4fe6-9cca-6a25122d474d@group-896385CD49EE-LeaderElection238] INFO  impl.LeaderElection (LeaderElection.java:logAndReturn(56)) - b32d7882-88db-4fe6-9cca-6a25122d474d@group-896385CD49EE-LeaderElection238: Election REJECTED; received 2 response(s) [b32d7882-88db-4fe6-9cca-6a25122d474d<-3aea292b-16fb-4e9b-be90-828afa8e8047#0:FAIL-t184, b32d7882-88db-4fe6-9cca-6a25122d474d<-a6b2ebfb-69a0-457c-b6cd-a50cc148b564#0:FAIL-t184] and 0 exception(s); b32d7882-88db-4fe6-9cca-6a25122d474d@group-896385CD49EE:t184, leader=null, voted=b32d7882-88db-4fe6-9cca-6a25122d474d, raftlog=b32d7882-88db-4fe6-9cca-6a25122d474d@group-896385CD49EE-SegmentedRaftLog:OPENED:c-1,f-1,i0, conf=-1: [b32d7882-88db-4fe6-9cca-6a25122d474d:192.168.157.194:42206, 3aea292b-16fb-4e9b-be90-828afa8e8047:192.168.157.194:34569, a6b2ebfb-69a0-457c-b6cd-a50cc148b564:192.168.157.194:37298], old=null
2019-10-17 02:14:55,949 [b32d7882-88db-4fe6-9cca-6a25122d474d@group-896385CD49EE-LeaderElection238] INFO  impl.RaftServerImpl (RaftServerImpl.java:setRole(184)) - b32d7882-88db-4fe6-9cca-6a25122d474d@group-896385CD49EE: changes role from CANDIDATE to FOLLOWER at term 184 for DISCOVERED_A_NEW_TERM
2019-10-17 02:14:55,949 [b32d7882-88db-4fe6-9cca-6a25122d474d@group-896385CD49EE-LeaderElection238] INFO  impl.RoleInfo (RoleInfo.java:shutdownLeaderElection(134)) - b32d7882-88db-4fe6-9cca-6a25122d474d: shutdown LeaderElection
2019-10-17 02:14:55,949 [b32d7882-88db-4fe6-9cca-6a25122d474d@group-896385CD49EE-LeaderElection238] INFO  impl.RoleInfo (RoleInfo.java:updateAndGet(143)) - b32d7882-88db-4fe6-9cca-6a25122d474d: start FollowerState
2019-10-17 02:14:55,975 [Thread-2528] INFO  impl.FollowerState (FollowerState.java:run(108)) - b32d7882-88db-4fe6-9cca-6a25122d474d@group-896385CD49EE-FollowerState: change to CANDIDATE, lastRpcTime:26ms, electionTimeout:26ms
2019-10-17 02:14:55,976 [Thread-2528] INFO  impl.RoleInfo (RoleInfo.java:shutdownFollowerState(121)) - b32d7882-88db-4fe6-9cca-6a25122d474d: shutdown FollowerState
2019-10-17 02:14:55,976 [Thread-2528] INFO  impl.RaftServerImpl (RaftServerImpl.java:setRole(184)) - b32d7882-88db-4fe6-9cca-6a25122d474d@group-896385CD49EE: changes role from  FOLLOWER to CANDIDATE at term 184 for changeToCandidate
2019-10-17 02:14:55,976 [Thread-2528] INFO  impl.RoleInfo (RoleInfo.java:updateAndGet(143)) - b32d7882-88db-4fe6-9cca-6a25122d474d: start LeaderElection
2019-10-17 02:14:55,990 [b32d7882-88db-4fe6-9cca-6a25122d474d@group-896385CD49EE-LeaderElection239] INFO  impl.LeaderElection (LeaderElection.java:askForVotes(178)) - b32d7882-88db-4fe6-9cca-6a25122d474d@group-896385CD49EE-LeaderElection239: begin an election at term 185 for -1: [b32d7882-88db-4fe6-9cca-6a25122d474d:192.168.157.194:42206, 3aea292b-16fb-4e9b-be90-828afa8e8047:192.168.157.194:34569, a6b2ebfb-69a0-457c-b6cd-a50cc148b564:192.168.157.194:37298], old=null
2019-10-17 02:14:55,992 [grpc-default-executor-2] INFO  impl.RaftServerImpl (RaftServerImpl.java:setRole(184)) - 3aea292b-16fb-4e9b-be90-828afa8e8047@group-896385CD49EE: changes role from  FOLLOWER to FOLLOWER at term 185 for recognizeCandidate:b32d7882-88db-4fe6-9cca-6a25122d474d
2019-10-17 02:14:55,992 [grpc-default-executor-0] INFO  impl.RaftServerImpl (RaftServerImpl.java:setRole(184)) - a6b2ebfb-69a0-457c-b6cd-a50cc148b564@group-896385CD49EE: changes role from  FOLLOWER to FOLLOWER at term 185 for recognizeCandidate:b32d7882-88db-4fe6-9cca-6a25122d474d
2019-10-17 02:14:55,992 [grpc-default-executor-0] INFO  impl.RoleInfo (RoleInfo.java:shutdownFollowerState(121)) - a6b2ebfb-69a0-457c-b6cd-a50cc148b564: shutdown FollowerState
2019-10-17 02:14:55,992 [grpc-default-executor-2] INFO  impl.RoleInfo (RoleInfo.java:shutdownFollowerState(121)) - 3aea292b-16fb-4e9b-be90-828afa8e8047: shutdown FollowerState
2019-10-17 02:14:55,993 [Thread-2527] INFO  impl.FollowerState (FollowerState.java:run(117)) - a6b2ebfb-69a0-457c-b6cd-a50cc148b564@group-896385CD49EE-FollowerState was interrupted: java.lang.InterruptedException: sleep interrupted
2019-10-17 02:14:55,993 [grpc-default-executor-2] INFO  impl.RoleInfo (RoleInfo.java:updateAndGet(143)) - 3aea292b-16fb-4e9b-be90-828afa8e8047: start FollowerState
2019-10-17 02:14:55,993 [grpc-default-executor-0] INFO  impl.RoleInfo (RoleInfo.java:updateAndGet(143)) - a6b2ebfb-69a0-457c-b6cd-a50cc148b564: start FollowerState
2019-10-17 02:14:55,993 [Thread-2526] INFO  impl.FollowerState (FollowerState.java:run(117)) - 3aea292b-16fb-4e9b-be90-828afa8e8047@group-896385CD49EE-FollowerState was interrupted: java.lang.InterruptedException: sleep interrupted
2019-10-17 02:14:56,008 [b32d7882-88db-4fe6-9cca-6a25122d474d@group-896385CD49EE-LeaderElection239] INFO  impl.LeaderElection (LeaderElection.java:logAndReturn(56)) - b32d7882-88db-4fe6-9cca-6a25122d474d@group-896385CD49EE-LeaderElection239: Election REJECTED; received 2 response(s) [b32d7882-88db-4fe6-9cca-6a25122d474d<-3aea292b-16fb-4e9b-be90-828afa8e8047#0:FAIL-t185, b32d7882-88db-4fe6-9cca-6a25122d474d<-a6b2ebfb-69a0-457c-b6cd-a50cc148b564#0:FAIL-t185] and 0 exception(s); b32d7882-88db-4fe6-9cca-6a25122d474d@group-896385CD49EE:t185, leader=null, voted=b32d7882-88db-4fe6-9cca-6a25122d474d, raftlog=b32d7882-88db-4fe6-9cca-6a25122d474d@group-896385CD49EE-SegmentedRaftLog:OPENED:c-1,f-1,i0, conf=-1: [b32d7882-88db-4fe6-9cca-6a25122d474d:192.168.157.194:42206, 3aea292b-16fb-4e9b-be90-828afa8e8047:192.168.157.194:34569, a6b2ebfb-69a0-457c-b6cd-a50cc148b564:192.168.157.194:37298], old=null
2019-10-17 02:14:56,008 [b32d7882-88db-4fe6-9cca-6a25122d474d@group-896385CD49EE-LeaderElection239] INFO  impl.RaftServerImpl (RaftServerImpl.java:setRole(184)) - b32d7882-88db-4fe6-9cca-6a25122d474d@group-896385CD49EE: changes role from CANDIDATE to FOLLOWER at term 185 for DISCOVERED_A_NEW_TERM
2019-10-17 02:14:56,008 [b32d7882-88db-4fe6-9cca-6a25122d474d@group-896385CD49EE-LeaderElection239] INFO  impl.RoleInfo (RoleInfo.java:shutdownLeaderElection(134)) - b32d7882-88db-4fe6-9cca-6a25122d474d: shutdown LeaderElection
2019-10-17 02:14:56,008 [b32d7882-88db-4fe6-9cca-6a25122d474d@group-896385CD49EE-LeaderElection239] INFO  impl.RoleInfo (RoleInfo.java:updateAndGet(143)) - b32d7882-88db-4fe6-9cca-6a25122d474d: start FollowerState
2019-10-17 02:14:56,103 [Thread-2534] INFO  impl.FollowerState (FollowerState.java:run(108)) - b32d7882-88db-4fe6-9cca-6a25122d474d@group-896385CD49EE-FollowerState: change to CANDIDATE, lastRpcTime:95ms, electionTimeout:95ms
2019-10-17 02:14:56,104 [Thread-2534] INFO  impl.RoleInfo (RoleInfo.java:shutdownFollowerState(121)) - b32d7882-88db-4fe6-9cca-6a25122d474d: shutdown FollowerState
2019-10-17 02:14:56,104 [Thread-2534] INFO  impl.RaftServerImpl (RaftServerImpl.java:setRole(184)) - b32d7882-88db-4fe6-9cca-6a25122d474d@group-896385CD49EE: changes role from  FOLLOWER to CANDIDATE at term 185 for changeToCandidate
2019-10-17 02:14:56,104 [Thread-2534] INFO  impl.RoleInfo (RoleInfo.java:updateAndGet(143)) - b32d7882-88db-4fe6-9cca-6a25122d474d: start LeaderElection
2019-10-17 02:14:56,117 [b32d7882-88db-4fe6-9cca-6a25122d474d@group-896385CD49EE-LeaderElection240] INFO  impl.LeaderElection (LeaderElection.java:askForVotes(178)) - b32d7882-88db-4fe6-9cca-6a25122d474d@group-896385CD49EE-LeaderElection240: begin an election at term 186 for -1: [b32d7882-88db-4fe6-9cca-6a25122d474d:192.168.157.194:42206, 3aea292b-16fb-4e9b-be90-828afa8e8047:192.168.157.194:34569, a6b2ebfb-69a0-457c-b6cd-a50cc148b564:192.168.157.194:37298], old=null
2019-10-17 02:14:56,119 [grpc-default-executor-2] INFO  impl.RaftServerImpl (RaftServerImpl.java:setRole(184)) - 3aea292b-16fb-4e9b-be90-828afa8e8047@group-896385CD49EE: changes role from  FOLLOWER to FOLLOWER at term 186 for recognizeCandidate:b32d7882-88db-4fe6-9cca-6a25122d474d
2019-10-17 02:14:56,119 [grpc-default-executor-0] INFO  impl.RaftServerImpl (RaftServerImpl.java:setRole(184)) - a6b2ebfb-69a0-457c-b6cd-a50cc148b564@group-896385CD49EE: changes role from  FOLLOWER to FOLLOWER at term 186 for recognizeCandidate:b32d7882-88db-4fe6-9cca-6a25122d474d
2019-10-17 02:14:56,120 [grpc-default-executor-2] INFO  impl.RoleInfo (RoleInfo.java:shutdownFollowerState(121)) - 3aea292b-16fb-4e9b-be90-828afa8e8047: shutdown FollowerState
2019-10-17 02:14:56,120 [grpc-default-executor-0] INFO  impl.RoleInfo (RoleInfo.java:shutdownFollowerState(121)) - a6b2ebfb-69a0-457c-b6cd-a50cc148b564: shutdown FollowerState
2019-10-17 02:14:56,120 [Thread-2533] INFO  impl.FollowerState (FollowerState.java:run(117)) - 3aea292b-16fb-4e9b-be90-828afa8e8047@group-896385CD49EE-FollowerState was interrupted: java.lang.InterruptedException: sleep interrupted
2019-10-17 02:14:56,120 [grpc-default-executor-2] INFO  impl.RoleInfo (RoleInfo.java:updateAndGet(143)) - 3aea292b-16fb-4e9b-be90-828afa8e8047: start FollowerState
2019-10-17 02:14:56,120 [Thread-2532] INFO  impl.FollowerState (FollowerState.java:run(117)) - a6b2ebfb-69a0-457c-b6cd-a50cc148b564@group-896385CD49EE-FollowerState was interrupted: java.lang.InterruptedException: sleep interrupted
2019-10-17 02:14:56,120 [grpc-default-executor-0] INFO  impl.RoleInfo (RoleInfo.java:updateAndGet(143)) - a6b2ebfb-69a0-457c-b6cd-a50cc148b564: start FollowerState
2019-10-17 02:14:56,133 [b32d7882-88db-4fe6-9cca-6a25122d474d@group-896385CD49EE-LeaderElection240] INFO  impl.LeaderElection (LeaderElection.java:logAndReturn(56)) - b32d7882-88db-4fe6-9cca-6a25122d474d@group-896385CD49EE-LeaderElection240: Election TIMEOUT; received 0 response(s) [] and 0 exception(s); b32d7882-88db-4fe6-9cca-6a25122d474d@group-896385CD49EE:t186, leader=null, voted=b32d7882-88db-4fe6-9cca-6a25122d474d, raftlog=b32d7882-88db-4fe6-9cca-6a25122d474d@group-896385CD49EE-SegmentedRaftLog:OPENED:c-1,f-1,i0, conf=-1: [b32d7882-88db-4fe6-9cca-6a25122d474d:192.168.157.194:42206, 3aea292b-16fb-4e9b-be90-828afa8e8047:192.168.157.194:34569, a6b2ebfb-69a0-457c-b6cd-a50cc148b564:192.168.157.194:37298], old=null
2019-10-17 02:14:56,136 [b32d7882-88db-4fe6-9cca-6a25122d474d@group-896385CD49EE-LeaderElection240] INFO  impl.LeaderElection (LeaderElection.java:askForVotes(178)) - b32d7882-88db-4fe6-9cca-6a25122d474d@group-896385CD49EE-LeaderElection240: begin an election at term 187 for -1: [b32d7882-88db-4fe6-9cca-6a25122d474d:192.168.157.194:42206, 3aea292b-16fb-4e9b-be90-828afa8e8047:192.168.157.194:34569, a6b2ebfb-69a0-457c-b6cd-a50cc148b564:192.168.157.194:37298], old=null
2019-10-17 02:14:56,138 [grpc-default-executor-0] INFO  impl.RaftServerImpl (RaftServerImpl.java:setRole(184)) - 3aea292b-16fb-4e9b-be90-828afa8e8047@group-896385CD49EE: changes role from  FOLLOWER to FOLLOWER at term 187 for recognizeCandidate:b32d7882-88db-4fe6-9cca-6a25122d474d
2019-10-17 02:14:56,138 [grpc-default-executor-0] INFO  impl.RoleInfo (RoleInfo.java:shutdownFollowerState(121)) - 3aea292b-16fb-4e9b-be90-828afa8e8047: shutdown FollowerState
2019-10-17 02:14:56,139 [grpc-default-executor-0] INFO  impl.RoleInfo (RoleInfo.java:updateAndGet(143)) - 3aea292b-16fb-4e9b-be90-828afa8e8047: start FollowerState
2019-10-17 02:14:56,139 [Thread-2538] INFO  impl.FollowerState (FollowerState.java:run(117)) - 3aea292b-16fb-4e9b-be90-828afa8e8047@group-896385CD49EE-FollowerState was interrupted: java.lang.InterruptedException: sleep interrupted
2019-10-17 02:14:56,139 [grpc-default-executor-2] INFO  impl.RaftServerImpl (RaftServerImpl.java:setRole(184)) - a6b2ebfb-69a0-457c-b6cd-a50cc148b564@group-896385CD49EE: changes role from  FOLLOWER to FOLLOWER at term 187 for recognizeCandidate:b32d7882-88db-4fe6-9cca-6a25122d474d
2019-10-17 02:14:56,139 [grpc-default-executor-2] INFO  impl.RoleInfo (RoleInfo.java:shutdownFollowerState(121)) - a6b2ebfb-69a0-457c-b6cd-a50cc148b564: shutdown FollowerState
2019-10-17 02:14:56,139 [grpc-default-executor-2] INFO  impl.RoleInfo (RoleInfo.java:updateAndGet(143)) - a6b2ebfb-69a0-457c-b6cd-a50cc148b564: start FollowerState
2019-10-17 02:14:56,139 [Thread-2539] INFO  impl.FollowerState (FollowerState.java:run(117)) - a6b2ebfb-69a0-457c-b6cd-a50cc148b564@group-896385CD49EE-FollowerState was interrupted: java.lang.InterruptedException: sleep interrupted
2019-10-17 02:14:56,146 [main] INFO  ozone.MiniOzoneClusterImpl (MiniOzoneClusterImpl.java:lambda$waitForClusterToBeReady$2(164)) - Waiting for 1 number of pipelines out of 4, to report a leader.
2019-10-17 02:14:56,153 [b32d7882-88db-4fe6-9cca-6a25122d474d@group-896385CD49EE-LeaderElection240] INFO  impl.LeaderElection (LeaderElection.java:logAndReturn(56)) - b32d7882-88db-4fe6-9cca-6a25122d474d@group-896385CD49EE-LeaderElection240: Election REJECTED; received 2 response(s) [b32d7882-88db-4fe6-9cca-6a25122d474d<-3aea292b-16fb-4e9b-be90-828afa8e8047#0:FAIL-t187, b32d7882-88db-4fe6-9cca-6a25122d474d<-a6b2ebfb-69a0-457c-b6cd-a50cc148b564#0:FAIL-t187] and 0 exception(s); b32d7882-88db-4fe6-9cca-6a25122d474d@group-896385CD49EE:t187, leader=null, voted=b32d7882-88db-4fe6-9cca-6a25122d474d, raftlog=b32d7882-88db-4fe6-9cca-6a25122d474d@group-896385CD49EE-SegmentedRaftLog:OPENED:c-1,f-1,i0, conf=-1: [b32d7882-88db-4fe6-9cca-6a25122d474d:192.168.157.194:42206, 3aea292b-16fb-4e9b-be90-828afa8e8047:192.168.157.194:34569, a6b2ebfb-69a0-457c-b6cd-a50cc148b564:192.168.157.194:37298], old=null
2019-10-17 02:14:56,153 [b32d7882-88db-4fe6-9cca-6a25122d474d@group-896385CD49EE-LeaderElection240] INFO  impl.RaftServerImpl (RaftServerImpl.java:setRole(184)) - b32d7882-88db-4fe6-9cca-6a25122d474d@group-896385CD49EE: changes role from CANDIDATE to FOLLOWER at term 187 for DISCOVERED_A_NEW_TERM
2019-10-17 02:14:56,153 [b32d7882-88db-4fe6-9cca-6a25122d474d@group-896385CD49EE-LeaderElection240] INFO  impl.RoleInfo (RoleInfo.java:shutdownLeaderElection(134)) - b32d7882-88db-4fe6-9cca-6a25122d474d: shutdown LeaderElection
2019-10-17 02:14:56,153 [b32d7882-88db-4fe6-9cca-6a25122d474d@group-896385CD49EE-LeaderElection240] INFO  impl.RoleInfo (RoleInfo.java:updateAndGet(143)) - b32d7882-88db-4fe6-9cca-6a25122d474d: start FollowerState
2019-10-17 02:14:56,307 [Thread-2544] INFO  impl.FollowerState (FollowerState.java:run(108)) - b32d7882-88db-4fe6-9cca-6a25122d474d@group-896385CD49EE-FollowerState: change to CANDIDATE, lastRpcTime:153ms, electionTimeout:153ms
2019-10-17 02:14:56,307 [Thread-2544] INFO  impl.RoleInfo (RoleInfo.java:shutdownFollowerState(121)) - b32d7882-88db-4fe6-9cca-6a25122d474d: shutdown FollowerState
2019-10-17 02:14:56,307 [Thread-2544] INFO  impl.RaftServerImpl (RaftServerImpl.java:setRole(184)) - b32d7882-88db-4fe6-9cca-6a25122d474d@group-896385CD49EE: changes role from  FOLLOWER to CANDIDATE at term 187 for changeToCandidate
2019-10-17 02:14:56,307 [Thread-2544] INFO  impl.RoleInfo (RoleInfo.java:updateAndGet(143)) - b32d7882-88db-4fe6-9cca-6a25122d474d: start LeaderElection
2019-10-17 02:14:56,322 [b32d7882-88db-4fe6-9cca-6a25122d474d@group-896385CD49EE-LeaderElection241] INFO  impl.LeaderElection (LeaderElection.java:askForVotes(178)) - b32d7882-88db-4fe6-9cca-6a25122d474d@group-896385CD49EE-LeaderElection241: begin an election at term 188 for -1: [b32d7882-88db-4fe6-9cca-6a25122d474d:192.168.157.194:42206, 3aea292b-16fb-4e9b-be90-828afa8e8047:192.168.157.194:34569, a6b2ebfb-69a0-457c-b6cd-a50cc148b564:192.168.157.194:37298], old=null
2019-10-17 02:14:56,324 [grpc-default-executor-2] INFO  impl.RaftServerImpl (RaftServerImpl.java:setRole(184)) - 3aea292b-16fb-4e9b-be90-828afa8e8047@group-896385CD49EE: changes role from  FOLLOWER to FOLLOWER at term 188 for recognizeCandidate:b32d7882-88db-4fe6-9cca-6a25122d474d
2019-10-17 02:14:56,325 [grpc-default-executor-0] INFO  impl.RaftServerImpl (RaftServerImpl.java:setRole(184)) - a6b2ebfb-69a0-457c-b6cd-a50cc148b564@group-896385CD49EE: changes role from  FOLLOWER to FOLLOWER at term 188 for recognizeCandidate:b32d7882-88db-4fe6-9cca-6a25122d474d
2019-10-17 02:14:56,325 [grpc-default-executor-0] INFO  impl.RoleInfo (RoleInfo.java:shutdownFollowerState(121)) - a6b2ebfb-69a0-457c-b6cd-a50cc148b564: shutdown FollowerState
2019-10-17 02:14:56,325 [grpc-default-executor-2] INFO  impl.RoleInfo (RoleInfo.java:shutdownFollowerState(121)) - 3aea292b-16fb-4e9b-be90-828afa8e8047: shutdown FollowerState
2019-10-17 02:14:56,325 [Thread-2543] INFO  impl.FollowerState (FollowerState.java:run(117)) - a6b2ebfb-69a0-457c-b6cd-a50cc148b564@group-896385CD49EE-FollowerState was interrupted: java.lang.InterruptedException: sleep interrupted
2019-10-17 02:14:56,325 [Thread-2542] INFO  impl.FollowerState (FollowerState.java:run(117)) - 3aea292b-16fb-4e9b-be90-828afa8e8047@group-896385CD49EE-FollowerState was interrupted: java.lang.InterruptedException: sleep interrupted
2019-10-17 02:14:56,325 [grpc-default-executor-0] INFO  impl.RoleInfo (RoleInfo.java:updateAndGet(143)) - a6b2ebfb-69a0-457c-b6cd-a50cc148b564: start FollowerState
2019-10-17 02:14:56,325 [grpc-default-executor-2] INFO  impl.RoleInfo (RoleInfo.java:updateAndGet(143)) - 3aea292b-16fb-4e9b-be90-828afa8e8047: start FollowerState
2019-10-17 02:14:56,340 [b32d7882-88db-4fe6-9cca-6a25122d474d@group-896385CD49EE-LeaderElection241] INFO  impl.LeaderElection (LeaderElection.java:logAndReturn(56)) - b32d7882-88db-4fe6-9cca-6a25122d474d@group-896385CD49EE-LeaderElection241: Election REJECTED; received 2 response(s) [b32d7882-88db-4fe6-9cca-6a25122d474d<-3aea292b-16fb-4e9b-be90-828afa8e8047#0:FAIL-t188, b32d7882-88db-4fe6-9cca-6a25122d474d<-a6b2ebfb-69a0-457c-b6cd-a50cc148b564#0:FAIL-t188] and 0 exception(s); b32d7882-88db-4fe6-9cca-6a25122d474d@group-896385CD49EE:t188, leader=null, voted=b32d7882-88db-4fe6-9cca-6a25122d474d, raftlog=b32d7882-88db-4fe6-9cca-6a25122d474d@group-896385CD49EE-SegmentedRaftLog:OPENED:c-1,f-1,i0, conf=-1: [b32d7882-88db-4fe6-9cca-6a25122d474d:192.168.157.194:42206, 3aea292b-16fb-4e9b-be90-828afa8e8047:192.168.157.194:34569, a6b2ebfb-69a0-457c-b6cd-a50cc148b564:192.168.157.194:37298], old=null
2019-10-17 02:14:56,341 [b32d7882-88db-4fe6-9cca-6a25122d474d@group-896385CD49EE-LeaderElection241] INFO  impl.RaftServerImpl (RaftServerImpl.java:setRole(184)) - b32d7882-88db-4fe6-9cca-6a25122d474d@group-896385CD49EE: changes role from CANDIDATE to FOLLOWER at term 188 for DISCOVERED_A_NEW_TERM
2019-10-17 02:14:56,341 [b32d7882-88db-4fe6-9cca-6a25122d474d@group-896385CD49EE-LeaderElection241] INFO  impl.RoleInfo (RoleInfo.java:shutdownLeaderElection(134)) - b32d7882-88db-4fe6-9cca-6a25122d474d: shutdown LeaderElection
2019-10-17 02:14:56,341 [b32d7882-88db-4fe6-9cca-6a25122d474d@group-896385CD49EE-LeaderElection241] INFO  impl.RoleInfo (RoleInfo.java:updateAndGet(143)) - b32d7882-88db-4fe6-9cca-6a25122d474d: start FollowerState
2019-10-17 02:14:56,535 [Thread-2550] INFO  impl.FollowerState (FollowerState.java:run(108)) - b32d7882-88db-4fe6-9cca-6a25122d474d@group-896385CD49EE-FollowerState: change to CANDIDATE, lastRpcTime:194ms, electionTimeout:194ms
2019-10-17 02:14:56,536 [Thread-2550] INFO  impl.RoleInfo (RoleInfo.java:shutdownFollowerState(121)) - b32d7882-88db-4fe6-9cca-6a25122d474d: shutdown FollowerState
2019-10-17 02:14:56,536 [Thread-2550] INFO  impl.RaftServerImpl (RaftServerImpl.java:setRole(184)) - b32d7882-88db-4fe6-9cca-6a25122d474d@group-896385CD49EE: changes role from  FOLLOWER to CANDIDATE at term 188 for changeToCandidate
2019-10-17 02:14:56,536 [Thread-2550] INFO  impl.RoleInfo (RoleInfo.java:updateAndGet(143)) - b32d7882-88db-4fe6-9cca-6a25122d474d: start LeaderElection
2019-10-17 02:14:56,550 [b32d7882-88db-4fe6-9cca-6a25122d474d@group-896385CD49EE-LeaderElection242] INFO  impl.LeaderElection (LeaderElection.java:askForVotes(178)) - b32d7882-88db-4fe6-9cca-6a25122d474d@group-896385CD49EE-LeaderElection242: begin an election at term 189 for -1: [b32d7882-88db-4fe6-9cca-6a25122d474d:192.168.157.194:42206, 3aea292b-16fb-4e9b-be90-828afa8e8047:192.168.157.194:34569, a6b2ebfb-69a0-457c-b6cd-a50cc148b564:192.168.157.194:37298], old=null
2019-10-17 02:14:56,553 [grpc-default-executor-2] INFO  impl.RaftServerImpl (RaftServerImpl.java:setRole(184)) - 3aea292b-16fb-4e9b-be90-828afa8e8047@group-896385CD49EE: changes role from  FOLLOWER to FOLLOWER at term 189 for recognizeCandidate:b32d7882-88db-4fe6-9cca-6a25122d474d
2019-10-17 02:14:56,553 [grpc-default-executor-2] INFO  impl.RoleInfo (RoleInfo.java:shutdownFollowerState(121)) - 3aea292b-16fb-4e9b-be90-828afa8e8047: shutdown FollowerState
2019-10-17 02:14:56,553 [grpc-default-executor-2] INFO  impl.RoleInfo (RoleInfo.java:updateAndGet(143)) - 3aea292b-16fb-4e9b-be90-828afa8e8047: start FollowerState
2019-10-17 02:14:56,553 [Thread-2549] INFO  impl.FollowerState (FollowerState.java:run(117)) - 3aea292b-16fb-4e9b-be90-828afa8e8047@group-896385CD49EE-FollowerState was interrupted: java.lang.InterruptedException: sleep interrupted
2019-10-17 02:14:56,553 [grpc-default-executor-0] INFO  impl.RaftServerImpl (RaftServerImpl.java:setRole(184)) - a6b2ebfb-69a0-457c-b6cd-a50cc148b564@group-896385CD49EE: changes role from  FOLLOWER to FOLLOWER at term 189 for recognizeCandidate:b32d7882-88db-4fe6-9cca-6a25122d474d
2019-10-17 02:14:56,554 [grpc-default-executor-0] INFO  impl.RoleInfo (RoleInfo.java:shutdownFollowerState(121)) - a6b2ebfb-69a0-457c-b6cd-a50cc148b564: shutdown FollowerState
2019-10-17 02:14:56,554 [grpc-default-executor-0] INFO  impl.RoleInfo (RoleInfo.java:updateAndGet(143)) - a6b2ebfb-69a0-457c-b6cd-a50cc148b564: start FollowerState
2019-10-17 02:14:56,554 [Thread-2548] INFO  impl.FollowerState (FollowerState.java:run(117)) - a6b2ebfb-69a0-457c-b6cd-a50cc148b564@group-896385CD49EE-FollowerState was interrupted: java.lang.InterruptedException: sleep interrupted
2019-10-17 02:14:56,568 [b32d7882-88db-4fe6-9cca-6a25122d474d@group-896385CD49EE-LeaderElection242] INFO  impl.LeaderElection (LeaderElection.java:logAndReturn(56)) - b32d7882-88db-4fe6-9cca-6a25122d474d@group-896385CD49EE-LeaderElection242: Election REJECTED; received 2 response(s) [b32d7882-88db-4fe6-9cca-6a25122d474d<-3aea292b-16fb-4e9b-be90-828afa8e8047#0:FAIL-t189, b32d7882-88db-4fe6-9cca-6a25122d474d<-a6b2ebfb-69a0-457c-b6cd-a50cc148b564#0:FAIL-t189] and 0 exception(s); b32d7882-88db-4fe6-9cca-6a25122d474d@group-896385CD49EE:t189, leader=null, voted=b32d7882-88db-4fe6-9cca-6a25122d474d, raftlog=b32d7882-88db-4fe6-9cca-6a25122d474d@group-896385CD49EE-SegmentedRaftLog:OPENED:c-1,f-1,i0, conf=-1: [b32d7882-88db-4fe6-9cca-6a25122d474d:192.168.157.194:42206, 3aea292b-16fb-4e9b-be90-828afa8e8047:192.168.157.194:34569, a6b2ebfb-69a0-457c-b6cd-a50cc148b564:192.168.157.194:37298], old=null
2019-10-17 02:14:56,568 [b32d7882-88db-4fe6-9cca-6a25122d474d@group-896385CD49EE-LeaderElection242] INFO  impl.RaftServerImpl (RaftServerImpl.java:setRole(184)) - b32d7882-88db-4fe6-9cca-6a25122d474d@group-896385CD49EE: changes role from CANDIDATE to FOLLOWER at term 189 for DISCOVERED_A_NEW_TERM
2019-10-17 02:14:56,568 [b32d7882-88db-4fe6-9cca-6a25122d474d@group-896385CD49EE-LeaderElection242] INFO  impl.RoleInfo (RoleInfo.java:shutdownLeaderElection(134)) - b32d7882-88db-4fe6-9cca-6a25122d474d: shutdown LeaderElection
2019-10-17 02:14:56,568 [b32d7882-88db-4fe6-9cca-6a25122d474d@group-896385CD49EE-LeaderElection242] INFO  impl.RoleInfo (RoleInfo.java:updateAndGet(143)) - b32d7882-88db-4fe6-9cca-6a25122d474d: start FollowerState
2019-10-17 02:14:56,683 [Thread-2556] INFO  impl.FollowerState (FollowerState.java:run(108)) - b32d7882-88db-4fe6-9cca-6a25122d474d@group-896385CD49EE-FollowerState: change to CANDIDATE, lastRpcTime:114ms, electionTimeout:114ms
2019-10-17 02:14:56,683 [Thread-2556] INFO  impl.RoleInfo (RoleInfo.java:shutdownFollowerState(121)) - b32d7882-88db-4fe6-9cca-6a25122d474d: shutdown FollowerState
2019-10-17 02:14:56,683 [Thread-2556] INFO  impl.RaftServerImpl (RaftServerImpl.java:setRole(184)) - b32d7882-88db-4fe6-9cca-6a25122d474d@group-896385CD49EE: changes role from  FOLLOWER to CANDIDATE at term 189 for changeToCandidate
2019-10-17 02:14:56,683 [Thread-2556] INFO  impl.RoleInfo (RoleInfo.java:updateAndGet(143)) - b32d7882-88db-4fe6-9cca-6a25122d474d: start LeaderElection
2019-10-17 02:14:56,698 [b32d7882-88db-4fe6-9cca-6a25122d474d@group-896385CD49EE-LeaderElection243] INFO  impl.LeaderElection (LeaderElection.java:askForVotes(178)) - b32d7882-88db-4fe6-9cca-6a25122d474d@group-896385CD49EE-LeaderElection243: begin an election at term 190 for -1: [b32d7882-88db-4fe6-9cca-6a25122d474d:192.168.157.194:42206, 3aea292b-16fb-4e9b-be90-828afa8e8047:192.168.157.194:34569, a6b2ebfb-69a0-457c-b6cd-a50cc148b564:192.168.157.194:37298], old=null
2019-10-17 02:14:56,700 [grpc-default-executor-2] INFO  impl.RaftServerImpl (RaftServerImpl.java:setRole(184)) - 3aea292b-16fb-4e9b-be90-828afa8e8047@group-896385CD49EE: changes role from  FOLLOWER to FOLLOWER at term 190 for recognizeCandidate:b32d7882-88db-4fe6-9cca-6a25122d474d
2019-10-17 02:14:56,700 [grpc-default-executor-2] INFO  impl.RoleInfo (RoleInfo.java:shutdownFollowerState(121)) - 3aea292b-16fb-4e9b-be90-828afa8e8047: shutdown FollowerState
2019-10-17 02:14:56,700 [grpc-default-executor-0] INFO  impl.RaftServerImpl (RaftServerImpl.java:setRole(184)) - a6b2ebfb-69a0-457c-b6cd-a50cc148b564@group-896385CD49EE: changes role from  FOLLOWER to FOLLOWER at term 190 for recognizeCandidate:b32d7882-88db-4fe6-9cca-6a25122d474d
2019-10-17 02:14:56,700 [grpc-default-executor-0] INFO  impl.RoleInfo (RoleInfo.java:shutdownFollowerState(121)) - a6b2ebfb-69a0-457c-b6cd-a50cc148b564: shutdown FollowerState
2019-10-17 02:14:56,700 [Thread-2554] INFO  impl.FollowerState (FollowerState.java:run(117)) - 3aea292b-16fb-4e9b-be90-828afa8e8047@group-896385CD49EE-FollowerState was interrupted: java.lang.InterruptedException: sleep interrupted
2019-10-17 02:14:56,700 [grpc-default-executor-2] INFO  impl.RoleInfo (RoleInfo.java:updateAndGet(143)) - 3aea292b-16fb-4e9b-be90-828afa8e8047: start FollowerState
2019-10-17 02:14:56,700 [Thread-2555] INFO  impl.FollowerState (FollowerState.java:run(117)) - a6b2ebfb-69a0-457c-b6cd-a50cc148b564@group-896385CD49EE-FollowerState was interrupted: java.lang.InterruptedException: sleep interrupted
2019-10-17 02:14:56,700 [grpc-default-executor-0] INFO  impl.RoleInfo (RoleInfo.java:updateAndGet(143)) - a6b2ebfb-69a0-457c-b6cd-a50cc148b564: start FollowerState
2019-10-17 02:14:56,716 [b32d7882-88db-4fe6-9cca-6a25122d474d@group-896385CD49EE-LeaderElection243] INFO  impl.LeaderElection (LeaderElection.java:logAndReturn(56)) - b32d7882-88db-4fe6-9cca-6a25122d474d@group-896385CD49EE-LeaderElection243: Election REJECTED; received 2 response(s) [b32d7882-88db-4fe6-9cca-6a25122d474d<-3aea292b-16fb-4e9b-be90-828afa8e8047#0:FAIL-t190, b32d7882-88db-4fe6-9cca-6a25122d474d<-a6b2ebfb-69a0-457c-b6cd-a50cc148b564#0:FAIL-t190] and 0 exception(s); b32d7882-88db-4fe6-9cca-6a25122d474d@group-896385CD49EE:t190, leader=null, voted=b32d7882-88db-4fe6-9cca-6a25122d474d, raftlog=b32d7882-88db-4fe6-9cca-6a25122d474d@group-896385CD49EE-SegmentedRaftLog:OPENED:c-1,f-1,i0, conf=-1: [b32d7882-88db-4fe6-9cca-6a25122d474d:192.168.157.194:42206, 3aea292b-16fb-4e9b-be90-828afa8e8047:192.168.157.194:34569, a6b2ebfb-69a0-457c-b6cd-a50cc148b564:192.168.157.194:37298], old=null
2019-10-17 02:14:56,716 [b32d7882-88db-4fe6-9cca-6a25122d474d@group-896385CD49EE-LeaderElection243] INFO  impl.RaftServerImpl (RaftServerImpl.java:setRole(184)) - b32d7882-88db-4fe6-9cca-6a25122d474d@group-896385CD49EE: changes role from CANDIDATE to FOLLOWER at term 190 for DISCOVERED_A_NEW_TERM
2019-10-17 02:14:56,716 [b32d7882-88db-4fe6-9cca-6a25122d474d@group-896385CD49EE-LeaderElection243] INFO  impl.RoleInfo (RoleInfo.java:shutdownLeaderElection(134)) - b32d7882-88db-4fe6-9cca-6a25122d474d: shutdown LeaderElection
2019-10-17 02:14:56,716 [b32d7882-88db-4fe6-9cca-6a25122d474d@group-896385CD49EE-LeaderElection243] INFO  impl.RoleInfo (RoleInfo.java:updateAndGet(143)) - b32d7882-88db-4fe6-9cca-6a25122d474d: start FollowerState
2019-10-17 02:14:56,864 [Thread-2562] INFO  impl.FollowerState (FollowerState.java:run(108)) - b32d7882-88db-4fe6-9cca-6a25122d474d@group-896385CD49EE-FollowerState: change to CANDIDATE, lastRpcTime:147ms, electionTimeout:147ms
2019-10-17 02:14:56,864 [Thread-2562] INFO  impl.RoleInfo (RoleInfo.java:shutdownFollowerState(121)) - b32d7882-88db-4fe6-9cca-6a25122d474d: shutdown FollowerState
2019-10-17 02:14:56,864 [Thread-2562] INFO  impl.RaftServerImpl (RaftServerImpl.java:setRole(184)) - b32d7882-88db-4fe6-9cca-6a25122d474d@group-896385CD49EE: changes role from  FOLLOWER to CANDIDATE at term 190 for changeToCandidate
2019-10-17 02:14:56,864 [Thread-2562] INFO  impl.RoleInfo (RoleInfo.java:updateAndGet(143)) - b32d7882-88db-4fe6-9cca-6a25122d474d: start LeaderElection
2019-10-17 02:14:56,875 [b32d7882-88db-4fe6-9cca-6a25122d474d@group-896385CD49EE-LeaderElection244] INFO  impl.LeaderElection (LeaderElection.java:askForVotes(178)) - b32d7882-88db-4fe6-9cca-6a25122d474d@group-896385CD49EE-LeaderElection244: begin an election at term 191 for -1: [b32d7882-88db-4fe6-9cca-6a25122d474d:192.168.157.194:42206, 3aea292b-16fb-4e9b-be90-828afa8e8047:192.168.157.194:34569, a6b2ebfb-69a0-457c-b6cd-a50cc148b564:192.168.157.194:37298], old=null
2019-10-17 02:14:56,877 [grpc-default-executor-2] INFO  impl.RaftServerImpl (RaftServerImpl.java:setRole(184)) - 3aea292b-16fb-4e9b-be90-828afa8e8047@group-896385CD49EE: changes role from  FOLLOWER to FOLLOWER at term 191 for recognizeCandidate:b32d7882-88db-4fe6-9cca-6a25122d474d
2019-10-17 02:14:56,877 [grpc-default-executor-2] INFO  impl.RoleInfo (RoleInfo.java:shutdownFollowerState(121)) - 3aea292b-16fb-4e9b-be90-828afa8e8047: shutdown FollowerState
2019-10-17 02:14:56,877 [grpc-default-executor-2] INFO  impl.RoleInfo (RoleInfo.java:updateAndGet(143)) - 3aea292b-16fb-4e9b-be90-828afa8e8047: start FollowerState
2019-10-17 02:14:56,877 [Thread-2560] INFO  impl.FollowerState (FollowerState.java:run(117)) - 3aea292b-16fb-4e9b-be90-828afa8e8047@group-896385CD49EE-FollowerState was interrupted: java.lang.InterruptedException: sleep interrupted
2019-10-17 02:14:56,877 [grpc-default-executor-0] INFO  impl.RaftServerImpl (RaftServerImpl.java:setRole(184)) - a6b2ebfb-69a0-457c-b6cd-a50cc148b564@group-896385CD49EE: changes role from  FOLLOWER to FOLLOWER at term 191 for recognizeCandidate:b32d7882-88db-4fe6-9cca-6a25122d474d
2019-10-17 02:14:56,878 [grpc-default-executor-0] INFO  impl.RoleInfo (RoleInfo.java:shutdownFollowerState(121)) - a6b2ebfb-69a0-457c-b6cd-a50cc148b564: shutdown FollowerState
2019-10-17 02:14:56,878 [grpc-default-executor-0] INFO  impl.RoleInfo (RoleInfo.java:updateAndGet(143)) - a6b2ebfb-69a0-457c-b6cd-a50cc148b564: start FollowerState
2019-10-17 02:14:56,878 [Thread-2561] INFO  impl.FollowerState (FollowerState.java:run(117)) - a6b2ebfb-69a0-457c-b6cd-a50cc148b564@group-896385CD49EE-FollowerState was interrupted: java.lang.InterruptedException: sleep interrupted
2019-10-17 02:14:56,892 [b32d7882-88db-4fe6-9cca-6a25122d474d@group-896385CD49EE-LeaderElection244] INFO  impl.LeaderElection (LeaderElection.java:logAndReturn(56)) - b32d7882-88db-4fe6-9cca-6a25122d474d@group-896385CD49EE-LeaderElection244: Election REJECTED; received 2 response(s) [b32d7882-88db-4fe6-9cca-6a25122d474d<-3aea292b-16fb-4e9b-be90-828afa8e8047#0:FAIL-t191, b32d7882-88db-4fe6-9cca-6a25122d474d<-a6b2ebfb-69a0-457c-b6cd-a50cc148b564#0:FAIL-t191] and 0 exception(s); b32d7882-88db-4fe6-9cca-6a25122d474d@group-896385CD49EE:t191, leader=null, voted=b32d7882-88db-4fe6-9cca-6a25122d474d, raftlog=b32d7882-88db-4fe6-9cca-6a25122d474d@group-896385CD49EE-SegmentedRaftLog:OPENED:c-1,f-1,i0, conf=-1: [b32d7882-88db-4fe6-9cca-6a25122d474d:192.168.157.194:42206, 3aea292b-16fb-4e9b-be90-828afa8e8047:192.168.157.194:34569, a6b2ebfb-69a0-457c-b6cd-a50cc148b564:192.168.157.194:37298], old=null
2019-10-17 02:14:56,892 [b32d7882-88db-4fe6-9cca-6a25122d474d@group-896385CD49EE-LeaderElection244] INFO  impl.RaftServerImpl (RaftServerImpl.java:setRole(184)) - b32d7882-88db-4fe6-9cca-6a25122d474d@group-896385CD49EE: changes role from CANDIDATE to FOLLOWER at term 191 for DISCOVERED_A_NEW_TERM
2019-10-17 02:14:56,892 [b32d7882-88db-4fe6-9cca-6a25122d474d@group-896385CD49EE-LeaderElection244] INFO  impl.RoleInfo (RoleInfo.java:shutdownLeaderElection(134)) - b32d7882-88db-4fe6-9cca-6a25122d474d: shutdown LeaderElection
2019-10-17 02:14:56,892 [b32d7882-88db-4fe6-9cca-6a25122d474d@group-896385CD49EE-LeaderElection244] INFO  impl.RoleInfo (RoleInfo.java:updateAndGet(143)) - b32d7882-88db-4fe6-9cca-6a25122d474d: start FollowerState
2019-10-17 02:14:56,895 [Thread-2568] INFO  impl.FollowerState (FollowerState.java:run(108)) - b32d7882-88db-4fe6-9cca-6a25122d474d@group-896385CD49EE-FollowerState: change to CANDIDATE, lastRpcTime:2ms, electionTimeout:2ms
2019-10-17 02:14:56,895 [Thread-2568] INFO  impl.RoleInfo (RoleInfo.java:shutdownFollowerState(121)) - b32d7882-88db-4fe6-9cca-6a25122d474d: shutdown FollowerState
2019-10-17 02:14:56,895 [Thread-2568] INFO  impl.RaftServerImpl (RaftServerImpl.java:setRole(184)) - b32d7882-88db-4fe6-9cca-6a25122d474d@group-896385CD49EE: changes role from  FOLLOWER to CANDIDATE at term 191 for changeToCandidate
2019-10-17 02:14:56,895 [Thread-2568] INFO  impl.RoleInfo (RoleInfo.java:updateAndGet(143)) - b32d7882-88db-4fe6-9cca-6a25122d474d: start LeaderElection
2019-10-17 02:14:56,908 [b32d7882-88db-4fe6-9cca-6a25122d474d@group-896385CD49EE-LeaderElection245] INFO  impl.LeaderElection (LeaderElection.java:askForVotes(178)) - b32d7882-88db-4fe6-9cca-6a25122d474d@group-896385CD49EE-LeaderElection245: begin an election at term 192 for -1: [b32d7882-88db-4fe6-9cca-6a25122d474d:192.168.157.194:42206, 3aea292b-16fb-4e9b-be90-828afa8e8047:192.168.157.194:34569, a6b2ebfb-69a0-457c-b6cd-a50cc148b564:192.168.157.194:37298], old=null
2019-10-17 02:14:56,910 [grpc-default-executor-2] INFO  impl.RaftServerImpl (RaftServerImpl.java:setRole(184)) - 3aea292b-16fb-4e9b-be90-828afa8e8047@group-896385CD49EE: changes role from  FOLLOWER to FOLLOWER at term 192 for recognizeCandidate:b32d7882-88db-4fe6-9cca-6a25122d474d
2019-10-17 02:14:56,910 [grpc-default-executor-2] INFO  impl.RoleInfo (RoleInfo.java:shutdownFollowerState(121)) - 3aea292b-16fb-4e9b-be90-828afa8e8047: shutdown FollowerState
2019-10-17 02:14:56,910 [grpc-default-executor-0] INFO  impl.RaftServerImpl (RaftServerImpl.java:setRole(184)) - a6b2ebfb-69a0-457c-b6cd-a50cc148b564@group-896385CD49EE: changes role from  FOLLOWER to FOLLOWER at term 192 for recognizeCandidate:b32d7882-88db-4fe6-9cca-6a25122d474d
2019-10-17 02:14:56,911 [Thread-2566] INFO  impl.FollowerState (FollowerState.java:run(117)) - 3aea292b-16fb-4e9b-be90-828afa8e8047@group-896385CD49EE-FollowerState was interrupted: java.lang.InterruptedException: sleep interrupted
2019-10-17 02:14:56,911 [grpc-default-executor-2] INFO  impl.RoleInfo (RoleInfo.java:updateAndGet(143)) - 3aea292b-16fb-4e9b-be90-828afa8e8047: start FollowerState
2019-10-17 02:14:56,911 [grpc-default-executor-0] INFO  impl.RoleInfo (RoleInfo.java:shutdownFollowerState(121)) - a6b2ebfb-69a0-457c-b6cd-a50cc148b564: shutdown FollowerState
2019-10-17 02:14:56,911 [grpc-default-executor-0] INFO  impl.RoleInfo (RoleInfo.java:updateAndGet(143)) - a6b2ebfb-69a0-457c-b6cd-a50cc148b564: start FollowerState
2019-10-17 02:14:56,911 [Thread-2567] INFO  impl.FollowerState (FollowerState.java:run(117)) - a6b2ebfb-69a0-457c-b6cd-a50cc148b564@group-896385CD49EE-FollowerState was interrupted: java.lang.InterruptedException: sleep interrupted
2019-10-17 02:14:56,926 [b32d7882-88db-4fe6-9cca-6a25122d474d@group-896385CD49EE-LeaderElection245] INFO  impl.LeaderElection (LeaderElection.java:logAndReturn(56)) - b32d7882-88db-4fe6-9cca-6a25122d474d@group-896385CD49EE-LeaderElection245: Election REJECTED; received 2 response(s) [b32d7882-88db-4fe6-9cca-6a25122d474d<-3aea292b-16fb-4e9b-be90-828afa8e8047#0:FAIL-t192, b32d7882-88db-4fe6-9cca-6a25122d474d<-a6b2ebfb-69a0-457c-b6cd-a50cc148b564#0:FAIL-t192] and 0 exception(s); b32d7882-88db-4fe6-9cca-6a25122d474d@group-896385CD49EE:t192, leader=null, voted=b32d7882-88db-4fe6-9cca-6a25122d474d, raftlog=b32d7882-88db-4fe6-9cca-6a25122d474d@group-896385CD49EE-SegmentedRaftLog:OPENED:c-1,f-1,i0, conf=-1: [b32d7882-88db-4fe6-9cca-6a25122d474d:192.168.157.194:42206, 3aea292b-16fb-4e9b-be90-828afa8e8047:192.168.157.194:34569, a6b2ebfb-69a0-457c-b6cd-a50cc148b564:192.168.157.194:37298], old=null
2019-10-17 02:14:56,926 [b32d7882-88db-4fe6-9cca-6a25122d474d@group-896385CD49EE-LeaderElection245] INFO  impl.RaftServerImpl (RaftServerImpl.java:setRole(184)) - b32d7882-88db-4fe6-9cca-6a25122d474d@group-896385CD49EE: changes role from CANDIDATE to FOLLOWER at term 192 for DISCOVERED_A_NEW_TERM
2019-10-17 02:14:56,926 [b32d7882-88db-4fe6-9cca-6a25122d474d@group-896385CD49EE-LeaderElection245] INFO  impl.RoleInfo (RoleInfo.java:shutdownLeaderElection(134)) - b32d7882-88db-4fe6-9cca-6a25122d474d: shutdown LeaderElection
2019-10-17 02:14:56,926 [b32d7882-88db-4fe6-9cca-6a25122d474d@group-896385CD49EE-LeaderElection245] INFO  impl.RoleInfo (RoleInfo.java:updateAndGet(143)) - b32d7882-88db-4fe6-9cca-6a25122d474d: start FollowerState
2019-10-17 02:14:56,961 [Thread-2574] INFO  impl.FollowerState (FollowerState.java:run(108)) - b32d7882-88db-4fe6-9cca-6a25122d474d@group-896385CD49EE-FollowerState: change to CANDIDATE, lastRpcTime:34ms, electionTimeout:34ms
2019-10-17 02:14:56,961 [Thread-2574] INFO  impl.RoleInfo (RoleInfo.java:shutdownFollowerState(121)) - b32d7882-88db-4fe6-9cca-6a25122d474d: shutdown FollowerState
2019-10-17 02:14:56,961 [Thread-2574] INFO  impl.RaftServerImpl (RaftServerImpl.java:setRole(184)) - b32d7882-88db-4fe6-9cca-6a25122d474d@group-896385CD49EE: changes role from  FOLLOWER to CANDIDATE at term 192 for changeToCandidate
2019-10-17 02:14:56,961 [Thread-2574] INFO  impl.RoleInfo (RoleInfo.java:updateAndGet(143)) - b32d7882-88db-4fe6-9cca-6a25122d474d: start LeaderElection
2019-10-17 02:14:56,976 [b32d7882-88db-4fe6-9cca-6a25122d474d@group-896385CD49EE-LeaderElection246] INFO  impl.LeaderElection (LeaderElection.java:askForVotes(178)) - b32d7882-88db-4fe6-9cca-6a25122d474d@group-896385CD49EE-LeaderElection246: begin an election at term 193 for -1: [b32d7882-88db-4fe6-9cca-6a25122d474d:192.168.157.194:42206, 3aea292b-16fb-4e9b-be90-828afa8e8047:192.168.157.194:34569, a6b2ebfb-69a0-457c-b6cd-a50cc148b564:192.168.157.194:37298], old=null
2019-10-17 02:14:56,978 [grpc-default-executor-2] INFO  impl.RaftServerImpl (RaftServerImpl.java:setRole(184)) - 3aea292b-16fb-4e9b-be90-828afa8e8047@group-896385CD49EE: changes role from  FOLLOWER to FOLLOWER at term 193 for recognizeCandidate:b32d7882-88db-4fe6-9cca-6a25122d474d
2019-10-17 02:14:56,978 [grpc-default-executor-2] INFO  impl.RoleInfo (RoleInfo.java:shutdownFollowerState(121)) - 3aea292b-16fb-4e9b-be90-828afa8e8047: shutdown FollowerState
2019-10-17 02:14:56,978 [grpc-default-executor-2] INFO  impl.RoleInfo (RoleInfo.java:updateAndGet(143)) - 3aea292b-16fb-4e9b-be90-828afa8e8047: start FollowerState
2019-10-17 02:14:56,978 [Thread-2572] INFO  impl.FollowerState (FollowerState.java:run(117)) - 3aea292b-16fb-4e9b-be90-828afa8e8047@group-896385CD49EE-FollowerState was interrupted: java.lang.InterruptedException: sleep interrupted
2019-10-17 02:14:56,979 [grpc-default-executor-0] INFO  impl.RaftServerImpl (RaftServerImpl.java:setRole(184)) - a6b2ebfb-69a0-457c-b6cd-a50cc148b564@group-896385CD49EE: changes role from  FOLLOWER to FOLLOWER at term 193 for recognizeCandidate:b32d7882-88db-4fe6-9cca-6a25122d474d
2019-10-17 02:14:56,979 [grpc-default-executor-0] INFO  impl.RoleInfo (RoleInfo.java:shutdownFollowerState(121)) - a6b2ebfb-69a0-457c-b6cd-a50cc148b564: shutdown FollowerState
2019-10-17 02:14:56,979 [grpc-default-executor-0] INFO  impl.RoleInfo (RoleInfo.java:updateAndGet(143)) - a6b2ebfb-69a0-457c-b6cd-a50cc148b564: start FollowerState
2019-10-17 02:14:56,979 [Thread-2573] INFO  impl.FollowerState (FollowerState.java:run(117)) - a6b2ebfb-69a0-457c-b6cd-a50cc148b564@group-896385CD49EE-FollowerState was interrupted: java.lang.InterruptedException: sleep interrupted
2019-10-17 02:14:57,000 [b32d7882-88db-4fe6-9cca-6a25122d474d@group-896385CD49EE-LeaderElection246] INFO  impl.LeaderElection (LeaderElection.java:logAndReturn(56)) - b32d7882-88db-4fe6-9cca-6a25122d474d@group-896385CD49EE-LeaderElection246: Election REJECTED; received 2 response(s) [b32d7882-88db-4fe6-9cca-6a25122d474d<-3aea292b-16fb-4e9b-be90-828afa8e8047#0:FAIL-t193, b32d7882-88db-4fe6-9cca-6a25122d474d<-a6b2ebfb-69a0-457c-b6cd-a50cc148b564#0:FAIL-t193] and 0 exception(s); b32d7882-88db-4fe6-9cca-6a25122d474d@group-896385CD49EE:t193, leader=null, voted=b32d7882-88db-4fe6-9cca-6a25122d474d, raftlog=b32d7882-88db-4fe6-9cca-6a25122d474d@group-896385CD49EE-SegmentedRaftLog:OPENED:c-1,f-1,i0, conf=-1: [b32d7882-88db-4fe6-9cca-6a25122d474d:192.168.157.194:42206, 3aea292b-16fb-4e9b-be90-828afa8e8047:192.168.157.194:34569, a6b2ebfb-69a0-457c-b6cd-a50cc148b564:192.168.157.194:37298], old=null
2019-10-17 02:14:57,000 [b32d7882-88db-4fe6-9cca-6a25122d474d@group-896385CD49EE-LeaderElection246] INFO  impl.RaftServerImpl (RaftServerImpl.java:setRole(184)) - b32d7882-88db-4fe6-9cca-6a25122d474d@group-896385CD49EE: changes role from CANDIDATE to FOLLOWER at term 193 for DISCOVERED_A_NEW_TERM
2019-10-17 02:14:57,000 [b32d7882-88db-4fe6-9cca-6a25122d474d@group-896385CD49EE-LeaderElection246] INFO  impl.RoleInfo (RoleInfo.java:shutdownLeaderElection(134)) - b32d7882-88db-4fe6-9cca-6a25122d474d: shutdown LeaderElection
2019-10-17 02:14:57,000 [b32d7882-88db-4fe6-9cca-6a25122d474d@group-896385CD49EE-LeaderElection246] INFO  impl.RoleInfo (RoleInfo.java:updateAndGet(143)) - b32d7882-88db-4fe6-9cca-6a25122d474d: start FollowerState
2019-10-17 02:14:57,123 [Thread-2580] INFO  impl.FollowerState (FollowerState.java:run(108)) - b32d7882-88db-4fe6-9cca-6a25122d474d@group-896385CD49EE-FollowerState: change to CANDIDATE, lastRpcTime:122ms, electionTimeout:122ms
2019-10-17 02:14:57,123 [Thread-2580] INFO  impl.RoleInfo (RoleInfo.java:shutdownFollowerState(121)) - b32d7882-88db-4fe6-9cca-6a25122d474d: shutdown FollowerState
2019-10-17 02:14:57,123 [Thread-2580] INFO  impl.RaftServerImpl (RaftServerImpl.java:setRole(184)) - b32d7882-88db-4fe6-9cca-6a25122d474d@group-896385CD49EE: changes role from  FOLLOWER to CANDIDATE at term 193 for changeToCandidate
2019-10-17 02:14:57,124 [Thread-2580] INFO  impl.RoleInfo (RoleInfo.java:updateAndGet(143)) - b32d7882-88db-4fe6-9cca-6a25122d474d: start LeaderElection
2019-10-17 02:14:57,138 [b32d7882-88db-4fe6-9cca-6a25122d474d@group-896385CD49EE-LeaderElection247] INFO  impl.LeaderElection (LeaderElection.java:askForVotes(178)) - b32d7882-88db-4fe6-9cca-6a25122d474d@group-896385CD49EE-LeaderElection247: begin an election at term 194 for -1: [b32d7882-88db-4fe6-9cca-6a25122d474d:192.168.157.194:42206, 3aea292b-16fb-4e9b-be90-828afa8e8047:192.168.157.194:34569, a6b2ebfb-69a0-457c-b6cd-a50cc148b564:192.168.157.194:37298], old=null
2019-10-17 02:14:57,141 [grpc-default-executor-0] INFO  impl.RaftServerImpl (RaftServerImpl.java:setRole(184)) - 3aea292b-16fb-4e9b-be90-828afa8e8047@group-896385CD49EE: changes role from  FOLLOWER to FOLLOWER at term 194 for recognizeCandidate:b32d7882-88db-4fe6-9cca-6a25122d474d
2019-10-17 02:14:57,141 [grpc-default-executor-0] INFO  impl.RoleInfo (RoleInfo.java:shutdownFollowerState(121)) - 3aea292b-16fb-4e9b-be90-828afa8e8047: shutdown FollowerState
2019-10-17 02:14:57,142 [grpc-default-executor-0] INFO  impl.RoleInfo (RoleInfo.java:updateAndGet(143)) - 3aea292b-16fb-4e9b-be90-828afa8e8047: start FollowerState
2019-10-17 02:14:57,142 [Thread-2578] INFO  impl.FollowerState (FollowerState.java:run(117)) - 3aea292b-16fb-4e9b-be90-828afa8e8047@group-896385CD49EE-FollowerState was interrupted: java.lang.InterruptedException: sleep interrupted
2019-10-17 02:14:57,142 [grpc-default-executor-2] INFO  impl.RaftServerImpl (RaftServerImpl.java:setRole(184)) - a6b2ebfb-69a0-457c-b6cd-a50cc148b564@group-896385CD49EE: changes role from  FOLLOWER to FOLLOWER at term 194 for recognizeCandidate:b32d7882-88db-4fe6-9cca-6a25122d474d
2019-10-17 02:14:57,142 [grpc-default-executor-2] INFO  impl.RoleInfo (RoleInfo.java:shutdownFollowerState(121)) - a6b2ebfb-69a0-457c-b6cd-a50cc148b564: shutdown FollowerState
2019-10-17 02:14:57,142 [grpc-default-executor-2] INFO  impl.RoleInfo (RoleInfo.java:updateAndGet(143)) - a6b2ebfb-69a0-457c-b6cd-a50cc148b564: start FollowerState
2019-10-17 02:14:57,142 [Thread-2579] INFO  impl.FollowerState (FollowerState.java:run(117)) - a6b2ebfb-69a0-457c-b6cd-a50cc148b564@group-896385CD49EE-FollowerState was interrupted: java.lang.InterruptedException: sleep interrupted
2019-10-17 02:14:57,148 [main] INFO  ozone.MiniOzoneClusterImpl (MiniOzoneClusterImpl.java:lambda$waitForClusterToBeReady$2(164)) - Waiting for 1 number of pipelines out of 4, to report a leader.
2019-10-17 02:14:57,157 [b32d7882-88db-4fe6-9cca-6a25122d474d@group-896385CD49EE-LeaderElection247] INFO  impl.LeaderElection (LeaderElection.java:logAndReturn(56)) - b32d7882-88db-4fe6-9cca-6a25122d474d@group-896385CD49EE-LeaderElection247: Election REJECTED; received 2 response(s) [b32d7882-88db-4fe6-9cca-6a25122d474d<-3aea292b-16fb-4e9b-be90-828afa8e8047#0:FAIL-t194, b32d7882-88db-4fe6-9cca-6a25122d474d<-a6b2ebfb-69a0-457c-b6cd-a50cc148b564#0:FAIL-t194] and 0 exception(s); b32d7882-88db-4fe6-9cca-6a25122d474d@group-896385CD49EE:t194, leader=null, voted=b32d7882-88db-4fe6-9cca-6a25122d474d, raftlog=b32d7882-88db-4fe6-9cca-6a25122d474d@group-896385CD49EE-SegmentedRaftLog:OPENED:c-1,f-1,i0, conf=-1: [b32d7882-88db-4fe6-9cca-6a25122d474d:192.168.157.194:42206, 3aea292b-16fb-4e9b-be90-828afa8e8047:192.168.157.194:34569, a6b2ebfb-69a0-457c-b6cd-a50cc148b564:192.168.157.194:37298], old=null
2019-10-17 02:14:57,157 [b32d7882-88db-4fe6-9cca-6a25122d474d@group-896385CD49EE-LeaderElection247] INFO  impl.RaftServerImpl (RaftServerImpl.java:setRole(184)) - b32d7882-88db-4fe6-9cca-6a25122d474d@group-896385CD49EE: changes role from CANDIDATE to FOLLOWER at term 194 for DISCOVERED_A_NEW_TERM
2019-10-17 02:14:57,157 [b32d7882-88db-4fe6-9cca-6a25122d474d@group-896385CD49EE-LeaderElection247] INFO  impl.RoleInfo (RoleInfo.java:shutdownLeaderElection(134)) - b32d7882-88db-4fe6-9cca-6a25122d474d: shutdown LeaderElection
2019-10-17 02:14:57,157 [b32d7882-88db-4fe6-9cca-6a25122d474d@group-896385CD49EE-LeaderElection247] INFO  impl.RoleInfo (RoleInfo.java:updateAndGet(143)) - b32d7882-88db-4fe6-9cca-6a25122d474d: start FollowerState
2019-10-17 02:14:57,346 [Thread-2586] INFO  impl.FollowerState (FollowerState.java:run(108)) - b32d7882-88db-4fe6-9cca-6a25122d474d@group-896385CD49EE-FollowerState: change to CANDIDATE, lastRpcTime:188ms, electionTimeout:188ms
2019-10-17 02:14:57,346 [Thread-2586] INFO  impl.RoleInfo (RoleInfo.java:shutdownFollowerState(121)) - b32d7882-88db-4fe6-9cca-6a25122d474d: shutdown FollowerState
2019-10-17 02:14:57,346 [Thread-2586] INFO  impl.RaftServerImpl (RaftServerImpl.java:setRole(184)) - b32d7882-88db-4fe6-9cca-6a25122d474d@group-896385CD49EE: changes role from  FOLLOWER to CANDIDATE at term 194 for changeToCandidate
2019-10-17 02:14:57,346 [Thread-2586] INFO  impl.RoleInfo (RoleInfo.java:updateAndGet(143)) - b32d7882-88db-4fe6-9cca-6a25122d474d: start LeaderElection
2019-10-17 02:14:57,361 [b32d7882-88db-4fe6-9cca-6a25122d474d@group-896385CD49EE-LeaderElection248] INFO  impl.LeaderElection (LeaderElection.java:askForVotes(178)) - b32d7882-88db-4fe6-9cca-6a25122d474d@group-896385CD49EE-LeaderElection248: begin an election at term 195 for -1: [b32d7882-88db-4fe6-9cca-6a25122d474d:192.168.157.194:42206, 3aea292b-16fb-4e9b-be90-828afa8e8047:192.168.157.194:34569, a6b2ebfb-69a0-457c-b6cd-a50cc148b564:192.168.157.194:37298], old=null
2019-10-17 02:14:57,364 [grpc-default-executor-0] INFO  impl.RaftServerImpl (RaftServerImpl.java:setRole(184)) - 3aea292b-16fb-4e9b-be90-828afa8e8047@group-896385CD49EE: changes role from  FOLLOWER to FOLLOWER at term 195 for recognizeCandidate:b32d7882-88db-4fe6-9cca-6a25122d474d
2019-10-17 02:14:57,364 [grpc-default-executor-2] INFO  impl.RaftServerImpl (RaftServerImpl.java:setRole(184)) - a6b2ebfb-69a0-457c-b6cd-a50cc148b564@group-896385CD49EE: changes role from  FOLLOWER to FOLLOWER at term 195 for recognizeCandidate:b32d7882-88db-4fe6-9cca-6a25122d474d
2019-10-17 02:14:57,364 [grpc-default-executor-0] INFO  impl.RoleInfo (RoleInfo.java:shutdownFollowerState(121)) - 3aea292b-16fb-4e9b-be90-828afa8e8047: shutdown FollowerState
2019-10-17 02:14:57,364 [grpc-default-executor-2] INFO  impl.RoleInfo (RoleInfo.java:shutdownFollowerState(121)) - a6b2ebfb-69a0-457c-b6cd-a50cc148b564: shutdown FollowerState
2019-10-17 02:14:57,364 [Thread-2584] INFO  impl.FollowerState (FollowerState.java:run(117)) - 3aea292b-16fb-4e9b-be90-828afa8e8047@group-896385CD49EE-FollowerState was interrupted: java.lang.InterruptedException: sleep interrupted
2019-10-17 02:14:57,365 [Thread-2585] INFO  impl.FollowerState (FollowerState.java:run(117)) - a6b2ebfb-69a0-457c-b6cd-a50cc148b564@group-896385CD49EE-FollowerState was interrupted: java.lang.InterruptedException: sleep interrupted
2019-10-17 02:14:57,364 [grpc-default-executor-0] INFO  impl.RoleInfo (RoleInfo.java:updateAndGet(143)) - 3aea292b-16fb-4e9b-be90-828afa8e8047: start FollowerState
2019-10-17 02:14:57,365 [grpc-default-executor-2] INFO  impl.RoleInfo (RoleInfo.java:updateAndGet(143)) - a6b2ebfb-69a0-457c-b6cd-a50cc148b564: start FollowerState
2019-10-17 02:14:57,380 [b32d7882-88db-4fe6-9cca-6a25122d474d@group-896385CD49EE-LeaderElection248] INFO  impl.LeaderElection (LeaderElection.java:logAndReturn(56)) - b32d7882-88db-4fe6-9cca-6a25122d474d@group-896385CD49EE-LeaderElection248: Election REJECTED; received 2 response(s) [b32d7882-88db-4fe6-9cca-6a25122d474d<-3aea292b-16fb-4e9b-be90-828afa8e8047#0:FAIL-t195, b32d7882-88db-4fe6-9cca-6a25122d474d<-a6b2ebfb-69a0-457c-b6cd-a50cc148b564#0:FAIL-t195] and 0 exception(s); b32d7882-88db-4fe6-9cca-6a25122d474d@group-896385CD49EE:t195, leader=null, voted=b32d7882-88db-4fe6-9cca-6a25122d474d, raftlog=b32d7882-88db-4fe6-9cca-6a25122d474d@group-896385CD49EE-SegmentedRaftLog:OPENED:c-1,f-1,i0, conf=-1: [b32d7882-88db-4fe6-9cca-6a25122d474d:192.168.157.194:42206, 3aea292b-16fb-4e9b-be90-828afa8e8047:192.168.157.194:34569, a6b2ebfb-69a0-457c-b6cd-a50cc148b564:192.168.157.194:37298], old=null
2019-10-17 02:14:57,380 [b32d7882-88db-4fe6-9cca-6a25122d474d@group-896385CD49EE-LeaderElection248] INFO  impl.RaftServerImpl (RaftServerImpl.java:setRole(184)) - b32d7882-88db-4fe6-9cca-6a25122d474d@group-896385CD49EE: changes role from CANDIDATE to FOLLOWER at term 195 for DISCOVERED_A_NEW_TERM
2019-10-17 02:14:57,380 [b32d7882-88db-4fe6-9cca-6a25122d474d@group-896385CD49EE-LeaderElection248] INFO  impl.RoleInfo (RoleInfo.java:shutdownLeaderElection(134)) - b32d7882-88db-4fe6-9cca-6a25122d474d: shutdown LeaderElection
2019-10-17 02:14:57,381 [b32d7882-88db-4fe6-9cca-6a25122d474d@group-896385CD49EE-LeaderElection248] INFO  impl.RoleInfo (RoleInfo.java:updateAndGet(143)) - b32d7882-88db-4fe6-9cca-6a25122d474d: start FollowerState
2019-10-17 02:14:57,546 [Thread-2592] INFO  impl.FollowerState (FollowerState.java:run(108)) - b32d7882-88db-4fe6-9cca-6a25122d474d@group-896385CD49EE-FollowerState: change to CANDIDATE, lastRpcTime:165ms, electionTimeout:165ms
2019-10-17 02:14:57,546 [Thread-2592] INFO  impl.RoleInfo (RoleInfo.java:shutdownFollowerState(121)) - b32d7882-88db-4fe6-9cca-6a25122d474d: shutdown FollowerState
2019-10-17 02:14:57,546 [Thread-2592] INFO  impl.RaftServerImpl (RaftServerImpl.java:setRole(184)) - b32d7882-88db-4fe6-9cca-6a25122d474d@group-896385CD49EE: changes role from  FOLLOWER to CANDIDATE at term 195 for changeToCandidate
2019-10-17 02:14:57,547 [Thread-2592] INFO  impl.RoleInfo (RoleInfo.java:updateAndGet(143)) - b32d7882-88db-4fe6-9cca-6a25122d474d: start LeaderElection
2019-10-17 02:14:57,568 [b32d7882-88db-4fe6-9cca-6a25122d474d@group-896385CD49EE-LeaderElection249] INFO  impl.LeaderElection (LeaderElection.java:askForVotes(178)) - b32d7882-88db-4fe6-9cca-6a25122d474d@group-896385CD49EE-LeaderElection249: begin an election at term 196 for -1: [b32d7882-88db-4fe6-9cca-6a25122d474d:192.168.157.194:42206, 3aea292b-16fb-4e9b-be90-828afa8e8047:192.168.157.194:34569, a6b2ebfb-69a0-457c-b6cd-a50cc148b564:192.168.157.194:37298], old=null
2019-10-17 02:14:57,571 [grpc-default-executor-2] INFO  impl.RaftServerImpl (RaftServerImpl.java:setRole(184)) - 3aea292b-16fb-4e9b-be90-828afa8e8047@group-896385CD49EE: changes role from  FOLLOWER to FOLLOWER at term 196 for recognizeCandidate:b32d7882-88db-4fe6-9cca-6a25122d474d
2019-10-17 02:14:57,571 [grpc-default-executor-0] INFO  impl.RaftServerImpl (RaftServerImpl.java:setRole(184)) - a6b2ebfb-69a0-457c-b6cd-a50cc148b564@group-896385CD49EE: changes role from  FOLLOWER to FOLLOWER at term 196 for recognizeCandidate:b32d7882-88db-4fe6-9cca-6a25122d474d
2019-10-17 02:14:57,571 [grpc-default-executor-0] INFO  impl.RoleInfo (RoleInfo.java:shutdownFollowerState(121)) - a6b2ebfb-69a0-457c-b6cd-a50cc148b564: shutdown FollowerState
2019-10-17 02:14:57,571 [grpc-default-executor-2] INFO  impl.RoleInfo (RoleInfo.java:shutdownFollowerState(121)) - 3aea292b-16fb-4e9b-be90-828afa8e8047: shutdown FollowerState
2019-10-17 02:14:57,571 [Thread-2591] INFO  impl.FollowerState (FollowerState.java:run(117)) - a6b2ebfb-69a0-457c-b6cd-a50cc148b564@group-896385CD49EE-FollowerState was interrupted: java.lang.InterruptedException: sleep interrupted
2019-10-17 02:14:57,571 [grpc-default-executor-0] INFO  impl.RoleInfo (RoleInfo.java:updateAndGet(143)) - a6b2ebfb-69a0-457c-b6cd-a50cc148b564: start FollowerState
2019-10-17 02:14:57,571 [Thread-2590] INFO  impl.FollowerState (FollowerState.java:run(117)) - 3aea292b-16fb-4e9b-be90-828afa8e8047@group-896385CD49EE-FollowerState was interrupted: java.lang.InterruptedException: sleep interrupted
2019-10-17 02:14:57,571 [grpc-default-executor-2] INFO  impl.RoleInfo (RoleInfo.java:updateAndGet(143)) - 3aea292b-16fb-4e9b-be90-828afa8e8047: start FollowerState
2019-10-17 02:14:57,581 [b32d7882-88db-4fe6-9cca-6a25122d474d@group-896385CD49EE-LeaderElection249] INFO  impl.LeaderElection (LeaderElection.java:logAndReturn(56)) - b32d7882-88db-4fe6-9cca-6a25122d474d@group-896385CD49EE-LeaderElection249: Election REJECTED; received 2 response(s) [b32d7882-88db-4fe6-9cca-6a25122d474d<-3aea292b-16fb-4e9b-be90-828afa8e8047#0:FAIL-t196, b32d7882-88db-4fe6-9cca-6a25122d474d<-a6b2ebfb-69a0-457c-b6cd-a50cc148b564#0:FAIL-t196] and 0 exception(s); b32d7882-88db-4fe6-9cca-6a25122d474d@group-896385CD49EE:t196, leader=null, voted=b32d7882-88db-4fe6-9cca-6a25122d474d, raftlog=b32d7882-88db-4fe6-9cca-6a25122d474d@group-896385CD49EE-SegmentedRaftLog:OPENED:c-1,f-1,i0, conf=-1: [b32d7882-88db-4fe6-9cca-6a25122d474d:192.168.157.194:42206, 3aea292b-16fb-4e9b-be90-828afa8e8047:192.168.157.194:34569, a6b2ebfb-69a0-457c-b6cd-a50cc148b564:192.168.157.194:37298], old=null
2019-10-17 02:14:57,582 [b32d7882-88db-4fe6-9cca-6a25122d474d@group-896385CD49EE-LeaderElection249] INFO  impl.RaftServerImpl (RaftServerImpl.java:setRole(184)) - b32d7882-88db-4fe6-9cca-6a25122d474d@group-896385CD49EE: changes role from CANDIDATE to FOLLOWER at term 196 for DISCOVERED_A_NEW_TERM
2019-10-17 02:14:57,582 [b32d7882-88db-4fe6-9cca-6a25122d474d@group-896385CD49EE-LeaderElection249] INFO  impl.RoleInfo (RoleInfo.java:shutdownLeaderElection(134)) - b32d7882-88db-4fe6-9cca-6a25122d474d: shutdown LeaderElection
2019-10-17 02:14:57,582 [b32d7882-88db-4fe6-9cca-6a25122d474d@group-896385CD49EE-LeaderElection249] INFO  impl.RoleInfo (RoleInfo.java:updateAndGet(143)) - b32d7882-88db-4fe6-9cca-6a25122d474d: start FollowerState
2019-10-17 02:14:57,610 [Thread-2598] INFO  impl.FollowerState (FollowerState.java:run(108)) - b32d7882-88db-4fe6-9cca-6a25122d474d@group-896385CD49EE-FollowerState: change to CANDIDATE, lastRpcTime:28ms, electionTimeout:28ms
2019-10-17 02:14:57,610 [Thread-2598] INFO  impl.RoleInfo (RoleInfo.java:shutdownFollowerState(121)) - b32d7882-88db-4fe6-9cca-6a25122d474d: shutdown FollowerState
2019-10-17 02:14:57,611 [Thread-2598] INFO  impl.RaftServerImpl (RaftServerImpl.java:setRole(184)) - b32d7882-88db-4fe6-9cca-6a25122d474d@group-896385CD49EE: changes role from  FOLLOWER to CANDIDATE at term 196 for changeToCandidate
2019-10-17 02:14:57,611 [Thread-2598] INFO  impl.RoleInfo (RoleInfo.java:updateAndGet(143)) - b32d7882-88db-4fe6-9cca-6a25122d474d: start LeaderElection
2019-10-17 02:14:57,625 [b32d7882-88db-4fe6-9cca-6a25122d474d@group-896385CD49EE-LeaderElection250] INFO  impl.LeaderElection (LeaderElection.java:askForVotes(178)) - b32d7882-88db-4fe6-9cca-6a25122d474d@group-896385CD49EE-LeaderElection250: begin an election at term 197 for -1: [b32d7882-88db-4fe6-9cca-6a25122d474d:192.168.157.194:42206, 3aea292b-16fb-4e9b-be90-828afa8e8047:192.168.157.194:34569, a6b2ebfb-69a0-457c-b6cd-a50cc148b564:192.168.157.194:37298], old=null
2019-10-17 02:14:57,626 [grpc-default-executor-0] INFO  impl.RaftServerImpl (RaftServerImpl.java:setRole(184)) - a6b2ebfb-69a0-457c-b6cd-a50cc148b564@group-896385CD49EE: changes role from  FOLLOWER to FOLLOWER at term 197 for recognizeCandidate:b32d7882-88db-4fe6-9cca-6a25122d474d
2019-10-17 02:14:57,627 [grpc-default-executor-0] INFO  impl.RoleInfo (RoleInfo.java:shutdownFollowerState(121)) - a6b2ebfb-69a0-457c-b6cd-a50cc148b564: shutdown FollowerState
2019-10-17 02:14:57,627 [grpc-default-executor-2] INFO  impl.RaftServerImpl (RaftServerImpl.java:setRole(184)) - 3aea292b-16fb-4e9b-be90-828afa8e8047@group-896385CD49EE: changes role from  FOLLOWER to FOLLOWER at term 197 for recognizeCandidate:b32d7882-88db-4fe6-9cca-6a25122d474d
2019-10-17 02:14:57,627 [grpc-default-executor-0] INFO  impl.RoleInfo (RoleInfo.java:updateAndGet(143)) - a6b2ebfb-69a0-457c-b6cd-a50cc148b564: start FollowerState
2019-10-17 02:14:57,627 [Thread-2596] INFO  impl.FollowerState (FollowerState.java:run(117)) - a6b2ebfb-69a0-457c-b6cd-a50cc148b564@group-896385CD49EE-FollowerState was interrupted: java.lang.InterruptedException: sleep interrupted
2019-10-17 02:14:57,627 [grpc-default-executor-2] INFO  impl.RoleInfo (RoleInfo.java:shutdownFollowerState(121)) - 3aea292b-16fb-4e9b-be90-828afa8e8047: shutdown FollowerState
2019-10-17 02:14:57,628 [grpc-default-executor-2] INFO  impl.RoleInfo (RoleInfo.java:updateAndGet(143)) - 3aea292b-16fb-4e9b-be90-828afa8e8047: start FollowerState
2019-10-17 02:14:57,628 [Thread-2597] INFO  impl.FollowerState (FollowerState.java:run(117)) - 3aea292b-16fb-4e9b-be90-828afa8e8047@group-896385CD49EE-FollowerState was interrupted: java.lang.InterruptedException: sleep interrupted
2019-10-17 02:14:57,641 [b32d7882-88db-4fe6-9cca-6a25122d474d@group-896385CD49EE-LeaderElection250] INFO  impl.LeaderElection (LeaderElection.java:logAndReturn(56)) - b32d7882-88db-4fe6-9cca-6a25122d474d@group-896385CD49EE-LeaderElection250: Election REJECTED; received 2 response(s) [b32d7882-88db-4fe6-9cca-6a25122d474d<-3aea292b-16fb-4e9b-be90-828afa8e8047#0:FAIL-t197, b32d7882-88db-4fe6-9cca-6a25122d474d<-a6b2ebfb-69a0-457c-b6cd-a50cc148b564#0:FAIL-t197] and 0 exception(s); b32d7882-88db-4fe6-9cca-6a25122d474d@group-896385CD49EE:t197, leader=null, voted=b32d7882-88db-4fe6-9cca-6a25122d474d, raftlog=b32d7882-88db-4fe6-9cca-6a25122d474d@group-896385CD49EE-SegmentedRaftLog:OPENED:c-1,f-1,i0, conf=-1: [b32d7882-88db-4fe6-9cca-6a25122d474d:192.168.157.194:42206, 3aea292b-16fb-4e9b-be90-828afa8e8047:192.168.157.194:34569, a6b2ebfb-69a0-457c-b6cd-a50cc148b564:192.168.157.194:37298], old=null
2019-10-17 02:14:57,641 [b32d7882-88db-4fe6-9cca-6a25122d474d@group-896385CD49EE-LeaderElection250] INFO  impl.RaftServerImpl (RaftServerImpl.java:setRole(184)) - b32d7882-88db-4fe6-9cca-6a25122d474d@group-896385CD49EE: changes role from CANDIDATE to FOLLOWER at term 197 for DISCOVERED_A_NEW_TERM
2019-10-17 02:14:57,641 [b32d7882-88db-4fe6-9cca-6a25122d474d@group-896385CD49EE-LeaderElection250] INFO  impl.RoleInfo (RoleInfo.java:shutdownLeaderElection(134)) - b32d7882-88db-4fe6-9cca-6a25122d474d: shutdown LeaderElection
2019-10-17 02:14:57,642 [b32d7882-88db-4fe6-9cca-6a25122d474d@group-896385CD49EE-LeaderElection250] INFO  impl.RoleInfo (RoleInfo.java:updateAndGet(143)) - b32d7882-88db-4fe6-9cca-6a25122d474d: start FollowerState
2019-10-17 02:14:57,742 [Thread-2604] INFO  impl.FollowerState (FollowerState.java:run(108)) - b32d7882-88db-4fe6-9cca-6a25122d474d@group-896385CD49EE-FollowerState: change to CANDIDATE, lastRpcTime:100ms, electionTimeout:100ms
2019-10-17 02:14:57,742 [Thread-2604] INFO  impl.RoleInfo (RoleInfo.java:shutdownFollowerState(121)) - b32d7882-88db-4fe6-9cca-6a25122d474d: shutdown FollowerState
2019-10-17 02:14:57,742 [Thread-2604] INFO  impl.RaftServerImpl (RaftServerImpl.java:setRole(184)) - b32d7882-88db-4fe6-9cca-6a25122d474d@group-896385CD49EE: changes role from  FOLLOWER to CANDIDATE at term 197 for changeToCandidate
2019-10-17 02:14:57,742 [Thread-2604] INFO  impl.RoleInfo (RoleInfo.java:updateAndGet(143)) - b32d7882-88db-4fe6-9cca-6a25122d474d: start LeaderElection
2019-10-17 02:14:57,756 [b32d7882-88db-4fe6-9cca-6a25122d474d@group-896385CD49EE-LeaderElection251] INFO  impl.LeaderElection (LeaderElection.java:askForVotes(178)) - b32d7882-88db-4fe6-9cca-6a25122d474d@group-896385CD49EE-LeaderElection251: begin an election at term 198 for -1: [b32d7882-88db-4fe6-9cca-6a25122d474d:192.168.157.194:42206, 3aea292b-16fb-4e9b-be90-828afa8e8047:192.168.157.194:34569, a6b2ebfb-69a0-457c-b6cd-a50cc148b564:192.168.157.194:37298], old=null
2019-10-17 02:14:57,758 [grpc-default-executor-2] INFO  impl.RaftServerImpl (RaftServerImpl.java:setRole(184)) - 3aea292b-16fb-4e9b-be90-828afa8e8047@group-896385CD49EE: changes role from  FOLLOWER to FOLLOWER at term 198 for recognizeCandidate:b32d7882-88db-4fe6-9cca-6a25122d474d
2019-10-17 02:14:57,758 [grpc-default-executor-2] INFO  impl.RoleInfo (RoleInfo.java:shutdownFollowerState(121)) - 3aea292b-16fb-4e9b-be90-828afa8e8047: shutdown FollowerState
2019-10-17 02:14:57,758 [grpc-default-executor-0] INFO  impl.RaftServerImpl (RaftServerImpl.java:setRole(184)) - a6b2ebfb-69a0-457c-b6cd-a50cc148b564@group-896385CD49EE: changes role from  FOLLOWER to FOLLOWER at term 198 for recognizeCandidate:b32d7882-88db-4fe6-9cca-6a25122d474d
2019-10-17 02:14:57,758 [grpc-default-executor-0] INFO  impl.RoleInfo (RoleInfo.java:shutdownFollowerState(121)) - a6b2ebfb-69a0-457c-b6cd-a50cc148b564: shutdown FollowerState
2019-10-17 02:14:57,758 [Thread-2603] INFO  impl.FollowerState (FollowerState.java:run(117)) - 3aea292b-16fb-4e9b-be90-828afa8e8047@group-896385CD49EE-FollowerState was interrupted: java.lang.InterruptedException: sleep interrupted
2019-10-17 02:14:57,759 [Thread-2602] INFO  impl.FollowerState (FollowerState.java:run(117)) - a6b2ebfb-69a0-457c-b6cd-a50cc148b564@group-896385CD49EE-FollowerState was interrupted: java.lang.InterruptedException: sleep interrupted
2019-10-17 02:14:57,758 [grpc-default-executor-2] INFO  impl.RoleInfo (RoleInfo.java:updateAndGet(143)) - 3aea292b-16fb-4e9b-be90-828afa8e8047: start FollowerState
2019-10-17 02:14:57,759 [grpc-default-executor-0] INFO  impl.RoleInfo (RoleInfo.java:updateAndGet(143)) - a6b2ebfb-69a0-457c-b6cd-a50cc148b564: start FollowerState
2019-10-17 02:14:57,773 [b32d7882-88db-4fe6-9cca-6a25122d474d@group-896385CD49EE-LeaderElection251] INFO  impl.LeaderElection (LeaderElection.java:logAndReturn(56)) - b32d7882-88db-4fe6-9cca-6a25122d474d@group-896385CD49EE-LeaderElection251: Election REJECTED; received 2 response(s) [b32d7882-88db-4fe6-9cca-6a25122d474d<-3aea292b-16fb-4e9b-be90-828afa8e8047#0:FAIL-t198, b32d7882-88db-4fe6-9cca-6a25122d474d<-a6b2ebfb-69a0-457c-b6cd-a50cc148b564#0:FAIL-t198] and 0 exception(s); b32d7882-88db-4fe6-9cca-6a25122d474d@group-896385CD49EE:t198, leader=null, voted=b32d7882-88db-4fe6-9cca-6a25122d474d, raftlog=b32d7882-88db-4fe6-9cca-6a25122d474d@group-896385CD49EE-SegmentedRaftLog:OPENED:c-1,f-1,i0, conf=-1: [b32d7882-88db-4fe6-9cca-6a25122d474d:192.168.157.194:42206, 3aea292b-16fb-4e9b-be90-828afa8e8047:192.168.157.194:34569, a6b2ebfb-69a0-457c-b6cd-a50cc148b564:192.168.157.194:37298], old=null
2019-10-17 02:14:57,773 [b32d7882-88db-4fe6-9cca-6a25122d474d@group-896385CD49EE-LeaderElection251] INFO  impl.RaftServerImpl (RaftServerImpl.java:setRole(184)) - b32d7882-88db-4fe6-9cca-6a25122d474d@group-896385CD49EE: changes role from CANDIDATE to FOLLOWER at term 198 for DISCOVERED_A_NEW_TERM
2019-10-17 02:14:57,773 [b32d7882-88db-4fe6-9cca-6a25122d474d@group-896385CD49EE-LeaderElection251] INFO  impl.RoleInfo (RoleInfo.java:shutdownLeaderElection(134)) - b32d7882-88db-4fe6-9cca-6a25122d474d: shutdown LeaderElection
2019-10-17 02:14:57,773 [b32d7882-88db-4fe6-9cca-6a25122d474d@group-896385CD49EE-LeaderElection251] INFO  impl.RoleInfo (RoleInfo.java:updateAndGet(143)) - b32d7882-88db-4fe6-9cca-6a25122d474d: start FollowerState
2019-10-17 02:14:57,835 [Thread-2610] INFO  impl.FollowerState (FollowerState.java:run(108)) - b32d7882-88db-4fe6-9cca-6a25122d474d@group-896385CD49EE-FollowerState: change to CANDIDATE, lastRpcTime:61ms, electionTimeout:61ms
2019-10-17 02:14:57,835 [Thread-2610] INFO  impl.RoleInfo (RoleInfo.java:shutdownFollowerState(121)) - b32d7882-88db-4fe6-9cca-6a25122d474d: shutdown FollowerState
2019-10-17 02:14:57,835 [Thread-2610] INFO  impl.RaftServerImpl (RaftServerImpl.java:setRole(184)) - b32d7882-88db-4fe6-9cca-6a25122d474d@group-896385CD49EE: changes role from  FOLLOWER to CANDIDATE at term 198 for changeToCandidate
2019-10-17 02:14:57,835 [Thread-2610] INFO  impl.RoleInfo (RoleInfo.java:updateAndGet(143)) - b32d7882-88db-4fe6-9cca-6a25122d474d: start LeaderElection
2019-10-17 02:14:57,849 [b32d7882-88db-4fe6-9cca-6a25122d474d@group-896385CD49EE-LeaderElection252] INFO  impl.LeaderElection (LeaderElection.java:askForVotes(178)) - b32d7882-88db-4fe6-9cca-6a25122d474d@group-896385CD49EE-LeaderElection252: begin an election at term 199 for -1: [b32d7882-88db-4fe6-9cca-6a25122d474d:192.168.157.194:42206, 3aea292b-16fb-4e9b-be90-828afa8e8047:192.168.157.194:34569, a6b2ebfb-69a0-457c-b6cd-a50cc148b564:192.168.157.194:37298], old=null
2019-10-17 02:14:57,851 [grpc-default-executor-2] INFO  impl.RaftServerImpl (RaftServerImpl.java:setRole(184)) - 3aea292b-16fb-4e9b-be90-828afa8e8047@group-896385CD49EE: changes role from  FOLLOWER to FOLLOWER at term 199 for recognizeCandidate:b32d7882-88db-4fe6-9cca-6a25122d474d
2019-10-17 02:14:57,852 [grpc-default-executor-2] INFO  impl.RoleInfo (RoleInfo.java:shutdownFollowerState(121)) - 3aea292b-16fb-4e9b-be90-828afa8e8047: shutdown FollowerState
2019-10-17 02:14:57,852 [grpc-default-executor-0] INFO  impl.RaftServerImpl (RaftServerImpl.java:setRole(184)) - a6b2ebfb-69a0-457c-b6cd-a50cc148b564@group-896385CD49EE: changes role from  FOLLOWER to FOLLOWER at term 199 for recognizeCandidate:b32d7882-88db-4fe6-9cca-6a25122d474d
2019-10-17 02:14:57,852 [Thread-2608] INFO  impl.FollowerState (FollowerState.java:run(117)) - 3aea292b-16fb-4e9b-be90-828afa8e8047@group-896385CD49EE-FollowerState was interrupted: java.lang.InterruptedException: sleep interrupted
2019-10-17 02:14:57,852 [grpc-default-executor-2] INFO  impl.RoleInfo (RoleInfo.java:updateAndGet(143)) - 3aea292b-16fb-4e9b-be90-828afa8e8047: start FollowerState
2019-10-17 02:14:57,852 [grpc-default-executor-0] INFO  impl.RoleInfo (RoleInfo.java:shutdownFollowerState(121)) - a6b2ebfb-69a0-457c-b6cd-a50cc148b564: shutdown FollowerState
2019-10-17 02:14:57,852 [grpc-default-executor-0] INFO  impl.RoleInfo (RoleInfo.java:updateAndGet(143)) - a6b2ebfb-69a0-457c-b6cd-a50cc148b564: start FollowerState
2019-10-17 02:14:57,852 [Thread-2609] INFO  impl.FollowerState (FollowerState.java:run(117)) - a6b2ebfb-69a0-457c-b6cd-a50cc148b564@group-896385CD49EE-FollowerState was interrupted: java.lang.InterruptedException: sleep interrupted
2019-10-17 02:14:57,866 [b32d7882-88db-4fe6-9cca-6a25122d474d@group-896385CD49EE-LeaderElection252] INFO  impl.LeaderElection (LeaderElection.java:logAndReturn(56)) - b32d7882-88db-4fe6-9cca-6a25122d474d@group-896385CD49EE-LeaderElection252: Election REJECTED; received 2 response(s) [b32d7882-88db-4fe6-9cca-6a25122d474d<-3aea292b-16fb-4e9b-be90-828afa8e8047#0:FAIL-t199, b32d7882-88db-4fe6-9cca-6a25122d474d<-a6b2ebfb-69a0-457c-b6cd-a50cc148b564#0:FAIL-t199] and 0 exception(s); b32d7882-88db-4fe6-9cca-6a25122d474d@group-896385CD49EE:t199, leader=null, voted=b32d7882-88db-4fe6-9cca-6a25122d474d, raftlog=b32d7882-88db-4fe6-9cca-6a25122d474d@group-896385CD49EE-SegmentedRaftLog:OPENED:c-1,f-1,i0, conf=-1: [b32d7882-88db-4fe6-9cca-6a25122d474d:192.168.157.194:42206, 3aea292b-16fb-4e9b-be90-828afa8e8047:192.168.157.194:34569, a6b2ebfb-69a0-457c-b6cd-a50cc148b564:192.168.157.194:37298], old=null
2019-10-17 02:14:57,867 [b32d7882-88db-4fe6-9cca-6a25122d474d@group-896385CD49EE-LeaderElection252] INFO  impl.RaftServerImpl (RaftServerImpl.java:setRole(184)) - b32d7882-88db-4fe6-9cca-6a25122d474d@group-896385CD49EE: changes role from CANDIDATE to FOLLOWER at term 199 for DISCOVERED_A_NEW_TERM
2019-10-17 02:14:57,867 [b32d7882-88db-4fe6-9cca-6a25122d474d@group-896385CD49EE-LeaderElection252] INFO  impl.RoleInfo (RoleInfo.java:shutdownLeaderElection(134)) - b32d7882-88db-4fe6-9cca-6a25122d474d: shutdown LeaderElection
2019-10-17 02:14:57,867 [b32d7882-88db-4fe6-9cca-6a25122d474d@group-896385CD49EE-LeaderElection252] INFO  impl.RoleInfo (RoleInfo.java:updateAndGet(143)) - b32d7882-88db-4fe6-9cca-6a25122d474d: start FollowerState
2019-10-17 02:14:58,007 [Thread-2616] INFO  impl.FollowerState (FollowerState.java:run(108)) - b32d7882-88db-4fe6-9cca-6a25122d474d@group-896385CD49EE-FollowerState: change to CANDIDATE, lastRpcTime:140ms, electionTimeout:140ms
2019-10-17 02:14:58,007 [Thread-2616] INFO  impl.RoleInfo (RoleInfo.java:shutdownFollowerState(121)) - b32d7882-88db-4fe6-9cca-6a25122d474d: shutdown FollowerState
2019-10-17 02:14:58,008 [Thread-2616] INFO  impl.RaftServerImpl (RaftServerImpl.java:setRole(184)) - b32d7882-88db-4fe6-9cca-6a25122d474d@group-896385CD49EE: changes role from  FOLLOWER to CANDIDATE at term 199 for changeToCandidate
2019-10-17 02:14:58,008 [Thread-2616] INFO  impl.RoleInfo (RoleInfo.java:updateAndGet(143)) - b32d7882-88db-4fe6-9cca-6a25122d474d: start LeaderElection
2019-10-17 02:14:58,022 [b32d7882-88db-4fe6-9cca-6a25122d474d@group-896385CD49EE-LeaderElection253] INFO  impl.LeaderElection (LeaderElection.java:askForVotes(178)) - b32d7882-88db-4fe6-9cca-6a25122d474d@group-896385CD49EE-LeaderElection253: begin an election at term 200 for -1: [b32d7882-88db-4fe6-9cca-6a25122d474d:192.168.157.194:42206, 3aea292b-16fb-4e9b-be90-828afa8e8047:192.168.157.194:34569, a6b2ebfb-69a0-457c-b6cd-a50cc148b564:192.168.157.194:37298], old=null
2019-10-17 02:14:58,024 [grpc-default-executor-2] INFO  impl.RaftServerImpl (RaftServerImpl.java:setRole(184)) - 3aea292b-16fb-4e9b-be90-828afa8e8047@group-896385CD49EE: changes role from  FOLLOWER to FOLLOWER at term 200 for recognizeCandidate:b32d7882-88db-4fe6-9cca-6a25122d474d
2019-10-17 02:14:58,024 [grpc-default-executor-2] INFO  impl.RoleInfo (RoleInfo.java:shutdownFollowerState(121)) - 3aea292b-16fb-4e9b-be90-828afa8e8047: shutdown FollowerState
2019-10-17 02:14:58,024 [grpc-default-executor-0] INFO  impl.RaftServerImpl (RaftServerImpl.java:setRole(184)) - a6b2ebfb-69a0-457c-b6cd-a50cc148b564@group-896385CD49EE: changes role from  FOLLOWER to FOLLOWER at term 200 for recognizeCandidate:b32d7882-88db-4fe6-9cca-6a25122d474d
2019-10-17 02:14:58,024 [Thread-2614] INFO  impl.FollowerState (FollowerState.java:run(117)) - 3aea292b-16fb-4e9b-be90-828afa8e8047@group-896385CD49EE-FollowerState was interrupted: java.lang.InterruptedException: sleep interrupted
2019-10-17 02:14:58,024 [grpc-default-executor-2] INFO  impl.RoleInfo (RoleInfo.java:updateAndGet(143)) - 3aea292b-16fb-4e9b-be90-828afa8e8047: start FollowerState
2019-10-17 02:14:58,024 [grpc-default-executor-0] INFO  impl.RoleInfo (RoleInfo.java:shutdownFollowerState(121)) - a6b2ebfb-69a0-457c-b6cd-a50cc148b564: shutdown FollowerState
2019-10-17 02:14:58,025 [grpc-default-executor-0] INFO  impl.RoleInfo (RoleInfo.java:updateAndGet(143)) - a6b2ebfb-69a0-457c-b6cd-a50cc148b564: start FollowerState
2019-10-17 02:14:58,025 [Thread-2615] INFO  impl.FollowerState (FollowerState.java:run(117)) - a6b2ebfb-69a0-457c-b6cd-a50cc148b564@group-896385CD49EE-FollowerState was interrupted: java.lang.InterruptedException: sleep interrupted
2019-10-17 02:14:58,039 [b32d7882-88db-4fe6-9cca-6a25122d474d@group-896385CD49EE-LeaderElection253] INFO  impl.LeaderElection (LeaderElection.java:logAndReturn(56)) - b32d7882-88db-4fe6-9cca-6a25122d474d@group-896385CD49EE-LeaderElection253: Election REJECTED; received 2 response(s) [b32d7882-88db-4fe6-9cca-6a25122d474d<-3aea292b-16fb-4e9b-be90-828afa8e8047#0:FAIL-t200, b32d7882-88db-4fe6-9cca-6a25122d474d<-a6b2ebfb-69a0-457c-b6cd-a50cc148b564#0:FAIL-t200] and 0 exception(s); b32d7882-88db-4fe6-9cca-6a25122d474d@group-896385CD49EE:t200, leader=null, voted=b32d7882-88db-4fe6-9cca-6a25122d474d, raftlog=b32d7882-88db-4fe6-9cca-6a25122d474d@group-896385CD49EE-SegmentedRaftLog:OPENED:c-1,f-1,i0, conf=-1: [b32d7882-88db-4fe6-9cca-6a25122d474d:192.168.157.194:42206, 3aea292b-16fb-4e9b-be90-828afa8e8047:192.168.157.194:34569, a6b2ebfb-69a0-457c-b6cd-a50cc148b564:192.168.157.194:37298], old=null
2019-10-17 02:14:58,039 [b32d7882-88db-4fe6-9cca-6a25122d474d@group-896385CD49EE-LeaderElection253] INFO  impl.RaftServerImpl (RaftServerImpl.java:setRole(184)) - b32d7882-88db-4fe6-9cca-6a25122d474d@group-896385CD49EE: changes role from CANDIDATE to FOLLOWER at term 200 for DISCOVERED_A_NEW_TERM
2019-10-17 02:14:58,039 [b32d7882-88db-4fe6-9cca-6a25122d474d@group-896385CD49EE-LeaderElection253] INFO  impl.RoleInfo (RoleInfo.java:shutdownLeaderElection(134)) - b32d7882-88db-4fe6-9cca-6a25122d474d: shutdown LeaderElection
2019-10-17 02:14:58,039 [b32d7882-88db-4fe6-9cca-6a25122d474d@group-896385CD49EE-LeaderElection253] INFO  impl.RoleInfo (RoleInfo.java:updateAndGet(143)) - b32d7882-88db-4fe6-9cca-6a25122d474d: start FollowerState
2019-10-17 02:14:58,133 [Thread-2622] INFO  impl.FollowerState (FollowerState.java:run(108)) - b32d7882-88db-4fe6-9cca-6a25122d474d@group-896385CD49EE-FollowerState: change to CANDIDATE, lastRpcTime:93ms, electionTimeout:93ms
2019-10-17 02:14:58,133 [Thread-2622] INFO  impl.RoleInfo (RoleInfo.java:shutdownFollowerState(121)) - b32d7882-88db-4fe6-9cca-6a25122d474d: shutdown FollowerState
2019-10-17 02:14:58,133 [Thread-2622] INFO  impl.RaftServerImpl (RaftServerImpl.java:setRole(184)) - b32d7882-88db-4fe6-9cca-6a25122d474d@group-896385CD49EE: changes role from  FOLLOWER to CANDIDATE at term 200 for changeToCandidate
2019-10-17 02:14:58,133 [Thread-2622] INFO  impl.RoleInfo (RoleInfo.java:updateAndGet(143)) - b32d7882-88db-4fe6-9cca-6a25122d474d: start LeaderElection
2019-10-17 02:14:58,147 [b32d7882-88db-4fe6-9cca-6a25122d474d@group-896385CD49EE-LeaderElection254] INFO  impl.LeaderElection (LeaderElection.java:askForVotes(178)) - b32d7882-88db-4fe6-9cca-6a25122d474d@group-896385CD49EE-LeaderElection254: begin an election at term 201 for -1: [b32d7882-88db-4fe6-9cca-6a25122d474d:192.168.157.194:42206, 3aea292b-16fb-4e9b-be90-828afa8e8047:192.168.157.194:34569, a6b2ebfb-69a0-457c-b6cd-a50cc148b564:192.168.157.194:37298], old=null
2019-10-17 02:14:58,151 [main] INFO  ozone.MiniOzoneClusterImpl (MiniOzoneClusterImpl.java:lambda$waitForClusterToBeReady$2(164)) - Waiting for 1 number of pipelines out of 4, to report a leader.
2019-10-17 02:14:58,152 [grpc-default-executor-0] INFO  impl.RaftServerImpl (RaftServerImpl.java:setRole(184)) - 3aea292b-16fb-4e9b-be90-828afa8e8047@group-896385CD49EE: changes role from  FOLLOWER to FOLLOWER at term 201 for recognizeCandidate:b32d7882-88db-4fe6-9cca-6a25122d474d
2019-10-17 02:14:58,152 [grpc-default-executor-0] INFO  impl.RoleInfo (RoleInfo.java:shutdownFollowerState(121)) - 3aea292b-16fb-4e9b-be90-828afa8e8047: shutdown FollowerState
2019-10-17 02:14:58,152 [grpc-default-executor-0] INFO  impl.RoleInfo (RoleInfo.java:updateAndGet(143)) - 3aea292b-16fb-4e9b-be90-828afa8e8047: start FollowerState
2019-10-17 02:14:58,152 [Thread-2620] INFO  impl.FollowerState (FollowerState.java:run(117)) - 3aea292b-16fb-4e9b-be90-828afa8e8047@group-896385CD49EE-FollowerState was interrupted: java.lang.InterruptedException: sleep interrupted
2019-10-17 02:14:58,152 [grpc-default-executor-2] INFO  impl.RaftServerImpl (RaftServerImpl.java:setRole(184)) - a6b2ebfb-69a0-457c-b6cd-a50cc148b564@group-896385CD49EE: changes role from  FOLLOWER to FOLLOWER at term 201 for recognizeCandidate:b32d7882-88db-4fe6-9cca-6a25122d474d
2019-10-17 02:14:58,153 [grpc-default-executor-2] INFO  impl.RoleInfo (RoleInfo.java:shutdownFollowerState(121)) - a6b2ebfb-69a0-457c-b6cd-a50cc148b564: shutdown FollowerState
2019-10-17 02:14:58,153 [grpc-default-executor-2] INFO  impl.RoleInfo (RoleInfo.java:updateAndGet(143)) - a6b2ebfb-69a0-457c-b6cd-a50cc148b564: start FollowerState
2019-10-17 02:14:58,153 [Thread-2621] INFO  impl.FollowerState (FollowerState.java:run(117)) - a6b2ebfb-69a0-457c-b6cd-a50cc148b564@group-896385CD49EE-FollowerState was interrupted: java.lang.InterruptedException: sleep interrupted
2019-10-17 02:14:58,162 [b32d7882-88db-4fe6-9cca-6a25122d474d@group-896385CD49EE-LeaderElection254] INFO  impl.LeaderElection (LeaderElection.java:logAndReturn(56)) - b32d7882-88db-4fe6-9cca-6a25122d474d@group-896385CD49EE-LeaderElection254: Election TIMEOUT; received 0 response(s) [] and 0 exception(s); b32d7882-88db-4fe6-9cca-6a25122d474d@group-896385CD49EE:t201, leader=null, voted=b32d7882-88db-4fe6-9cca-6a25122d474d, raftlog=b32d7882-88db-4fe6-9cca-6a25122d474d@group-896385CD49EE-SegmentedRaftLog:OPENED:c-1,f-1,i0, conf=-1: [b32d7882-88db-4fe6-9cca-6a25122d474d:192.168.157.194:42206, 3aea292b-16fb-4e9b-be90-828afa8e8047:192.168.157.194:34569, a6b2ebfb-69a0-457c-b6cd-a50cc148b564:192.168.157.194:37298], old=null
2019-10-17 02:14:58,166 [b32d7882-88db-4fe6-9cca-6a25122d474d@group-896385CD49EE-LeaderElection254] INFO  impl.LeaderElection (LeaderElection.java:askForVotes(178)) - b32d7882-88db-4fe6-9cca-6a25122d474d@group-896385CD49EE-LeaderElection254: begin an election at term 202 for -1: [b32d7882-88db-4fe6-9cca-6a25122d474d:192.168.157.194:42206, 3aea292b-16fb-4e9b-be90-828afa8e8047:192.168.157.194:34569, a6b2ebfb-69a0-457c-b6cd-a50cc148b564:192.168.157.194:37298], old=null
2019-10-17 02:14:58,168 [grpc-default-executor-2] INFO  impl.RaftServerImpl (RaftServerImpl.java:setRole(184)) - 3aea292b-16fb-4e9b-be90-828afa8e8047@group-896385CD49EE: changes role from  FOLLOWER to FOLLOWER at term 202 for recognizeCandidate:b32d7882-88db-4fe6-9cca-6a25122d474d
2019-10-17 02:14:58,168 [grpc-default-executor-2] INFO  impl.RoleInfo (RoleInfo.java:shutdownFollowerState(121)) - 3aea292b-16fb-4e9b-be90-828afa8e8047: shutdown FollowerState
2019-10-17 02:14:58,168 [grpc-default-executor-0] INFO  impl.RaftServerImpl (RaftServerImpl.java:setRole(184)) - a6b2ebfb-69a0-457c-b6cd-a50cc148b564@group-896385CD49EE: changes role from  FOLLOWER to FOLLOWER at term 202 for recognizeCandidate:b32d7882-88db-4fe6-9cca-6a25122d474d
2019-10-17 02:14:58,169 [Thread-2626] INFO  impl.FollowerState (FollowerState.java:run(117)) - 3aea292b-16fb-4e9b-be90-828afa8e8047@group-896385CD49EE-FollowerState was interrupted: java.lang.InterruptedException: sleep interrupted
2019-10-17 02:14:58,169 [grpc-default-executor-2] INFO  impl.RoleInfo (RoleInfo.java:updateAndGet(143)) - 3aea292b-16fb-4e9b-be90-828afa8e8047: start FollowerState
2019-10-17 02:14:58,169 [grpc-default-executor-0] INFO  impl.RoleInfo (RoleInfo.java:shutdownFollowerState(121)) - a6b2ebfb-69a0-457c-b6cd-a50cc148b564: shutdown FollowerState
2019-10-17 02:14:58,169 [grpc-default-executor-0] INFO  impl.RoleInfo (RoleInfo.java:updateAndGet(143)) - a6b2ebfb-69a0-457c-b6cd-a50cc148b564: start FollowerState
2019-10-17 02:14:58,170 [Thread-2627] INFO  impl.FollowerState (FollowerState.java:run(117)) - a6b2ebfb-69a0-457c-b6cd-a50cc148b564@group-896385CD49EE-FollowerState was interrupted: java.lang.InterruptedException: sleep interrupted
2019-10-17 02:14:58,184 [b32d7882-88db-4fe6-9cca-6a25122d474d@group-896385CD49EE-LeaderElection254] INFO  impl.LeaderElection (LeaderElection.java:logAndReturn(56)) - b32d7882-88db-4fe6-9cca-6a25122d474d@group-896385CD49EE-LeaderElection254: Election REJECTED; received 2 response(s) [b32d7882-88db-4fe6-9cca-6a25122d474d<-3aea292b-16fb-4e9b-be90-828afa8e8047#0:FAIL-t202, b32d7882-88db-4fe6-9cca-6a25122d474d<-a6b2ebfb-69a0-457c-b6cd-a50cc148b564#0:FAIL-t202] and 0 exception(s); b32d7882-88db-4fe6-9cca-6a25122d474d@group-896385CD49EE:t202, leader=null, voted=b32d7882-88db-4fe6-9cca-6a25122d474d, raftlog=b32d7882-88db-4fe6-9cca-6a25122d474d@group-896385CD49EE-SegmentedRaftLog:OPENED:c-1,f-1,i0, conf=-1: [b32d7882-88db-4fe6-9cca-6a25122d474d:192.168.157.194:42206, 3aea292b-16fb-4e9b-be90-828afa8e8047:192.168.157.194:34569, a6b2ebfb-69a0-457c-b6cd-a50cc148b564:192.168.157.194:37298], old=null
2019-10-17 02:14:58,184 [b32d7882-88db-4fe6-9cca-6a25122d474d@group-896385CD49EE-LeaderElection254] INFO  impl.RaftServerImpl (RaftServerImpl.java:setRole(184)) - b32d7882-88db-4fe6-9cca-6a25122d474d@group-896385CD49EE: changes role from CANDIDATE to FOLLOWER at term 202 for DISCOVERED_A_NEW_TERM
2019-10-17 02:14:58,184 [b32d7882-88db-4fe6-9cca-6a25122d474d@group-896385CD49EE-LeaderElection254] INFO  impl.RoleInfo (RoleInfo.java:shutdownLeaderElection(134)) - b32d7882-88db-4fe6-9cca-6a25122d474d: shutdown LeaderElection
2019-10-17 02:14:58,185 [b32d7882-88db-4fe6-9cca-6a25122d474d@group-896385CD49EE-LeaderElection254] INFO  impl.RoleInfo (RoleInfo.java:updateAndGet(143)) - b32d7882-88db-4fe6-9cca-6a25122d474d: start FollowerState
2019-10-17 02:14:58,192 [Thread-2632] INFO  impl.FollowerState (FollowerState.java:run(108)) - b32d7882-88db-4fe6-9cca-6a25122d474d@group-896385CD49EE-FollowerState: change to CANDIDATE, lastRpcTime:7ms, electionTimeout:7ms
2019-10-17 02:14:58,192 [Thread-2632] INFO  impl.RoleInfo (RoleInfo.java:shutdownFollowerState(121)) - b32d7882-88db-4fe6-9cca-6a25122d474d: shutdown FollowerState
2019-10-17 02:14:58,192 [Thread-2632] INFO  impl.RaftServerImpl (RaftServerImpl.java:setRole(184)) - b32d7882-88db-4fe6-9cca-6a25122d474d@group-896385CD49EE: changes role from  FOLLOWER to CANDIDATE at term 202 for changeToCandidate
2019-10-17 02:14:58,193 [Thread-2632] INFO  impl.RoleInfo (RoleInfo.java:updateAndGet(143)) - b32d7882-88db-4fe6-9cca-6a25122d474d: start LeaderElection
2019-10-17 02:14:58,207 [b32d7882-88db-4fe6-9cca-6a25122d474d@group-896385CD49EE-LeaderElection255] INFO  impl.LeaderElection (LeaderElection.java:askForVotes(178)) - b32d7882-88db-4fe6-9cca-6a25122d474d@group-896385CD49EE-LeaderElection255: begin an election at term 203 for -1: [b32d7882-88db-4fe6-9cca-6a25122d474d:192.168.157.194:42206, 3aea292b-16fb-4e9b-be90-828afa8e8047:192.168.157.194:34569, a6b2ebfb-69a0-457c-b6cd-a50cc148b564:192.168.157.194:37298], old=null
2019-10-17 02:14:58,209 [grpc-default-executor-0] INFO  impl.RaftServerImpl (RaftServerImpl.java:setRole(184)) - 3aea292b-16fb-4e9b-be90-828afa8e8047@group-896385CD49EE: changes role from  FOLLOWER to FOLLOWER at term 203 for recognizeCandidate:b32d7882-88db-4fe6-9cca-6a25122d474d
2019-10-17 02:14:58,210 [grpc-default-executor-0] INFO  impl.RoleInfo (RoleInfo.java:shutdownFollowerState(121)) - 3aea292b-16fb-4e9b-be90-828afa8e8047: shutdown FollowerState
2019-10-17 02:14:58,210 [grpc-default-executor-2] INFO  impl.RaftServerImpl (RaftServerImpl.java:setRole(184)) - a6b2ebfb-69a0-457c-b6cd-a50cc148b564@group-896385CD49EE: changes role from  FOLLOWER to FOLLOWER at term 203 for recognizeCandidate:b32d7882-88db-4fe6-9cca-6a25122d474d
2019-10-17 02:14:58,210 [grpc-default-executor-2] INFO  impl.RoleInfo (RoleInfo.java:shutdownFollowerState(121)) - a6b2ebfb-69a0-457c-b6cd-a50cc148b564: shutdown FollowerState
2019-10-17 02:14:58,210 [Thread-2630] INFO  impl.FollowerState (FollowerState.java:run(117)) - 3aea292b-16fb-4e9b-be90-828afa8e8047@group-896385CD49EE-FollowerState was interrupted: java.lang.InterruptedException: sleep interrupted
2019-10-17 02:14:58,210 [grpc-default-executor-0] INFO  impl.RoleInfo (RoleInfo.java:updateAndGet(143)) - 3aea292b-16fb-4e9b-be90-828afa8e8047: start FollowerState
2019-10-17 02:14:58,210 [Thread-2631] INFO  impl.FollowerState (FollowerState.java:run(117)) - a6b2ebfb-69a0-457c-b6cd-a50cc148b564@group-896385CD49EE-FollowerState was interrupted: java.lang.InterruptedException: sleep interrupted
2019-10-17 02:14:58,210 [grpc-default-executor-2] INFO  impl.RoleInfo (RoleInfo.java:updateAndGet(143)) - a6b2ebfb-69a0-457c-b6cd-a50cc148b564: start FollowerState
2019-10-17 02:14:58,225 [b32d7882-88db-4fe6-9cca-6a25122d474d@group-896385CD49EE-LeaderElection255] INFO  impl.LeaderElection (LeaderElection.java:logAndReturn(56)) - b32d7882-88db-4fe6-9cca-6a25122d474d@group-896385CD49EE-LeaderElection255: Election REJECTED; received 2 response(s) [b32d7882-88db-4fe6-9cca-6a25122d474d<-3aea292b-16fb-4e9b-be90-828afa8e8047#0:FAIL-t203, b32d7882-88db-4fe6-9cca-6a25122d474d<-a6b2ebfb-69a0-457c-b6cd-a50cc148b564#0:FAIL-t203] and 0 exception(s); b32d7882-88db-4fe6-9cca-6a25122d474d@group-896385CD49EE:t203, leader=null, voted=b32d7882-88db-4fe6-9cca-6a25122d474d, raftlog=b32d7882-88db-4fe6-9cca-6a25122d474d@group-896385CD49EE-SegmentedRaftLog:OPENED:c-1,f-1,i0, conf=-1: [b32d7882-88db-4fe6-9cca-6a25122d474d:192.168.157.194:42206, 3aea292b-16fb-4e9b-be90-828afa8e8047:192.168.157.194:34569, a6b2ebfb-69a0-457c-b6cd-a50cc148b564:192.168.157.194:37298], old=null
2019-10-17 02:14:58,225 [b32d7882-88db-4fe6-9cca-6a25122d474d@group-896385CD49EE-LeaderElection255] INFO  impl.RaftServerImpl (RaftServerImpl.java:setRole(184)) - b32d7882-88db-4fe6-9cca-6a25122d474d@group-896385CD49EE: changes role from CANDIDATE to FOLLOWER at term 203 for DISCOVERED_A_NEW_TERM
2019-10-17 02:14:58,225 [b32d7882-88db-4fe6-9cca-6a25122d474d@group-896385CD49EE-LeaderElection255] INFO  impl.RoleInfo (RoleInfo.java:shutdownLeaderElection(134)) - b32d7882-88db-4fe6-9cca-6a25122d474d: shutdown LeaderElection
2019-10-17 02:14:58,225 [b32d7882-88db-4fe6-9cca-6a25122d474d@group-896385CD49EE-LeaderElection255] INFO  impl.RoleInfo (RoleInfo.java:updateAndGet(143)) - b32d7882-88db-4fe6-9cca-6a25122d474d: start FollowerState
2019-10-17 02:14:58,327 [Thread-2638] INFO  impl.FollowerState (FollowerState.java:run(108)) - b32d7882-88db-4fe6-9cca-6a25122d474d@group-896385CD49EE-FollowerState: change to CANDIDATE, lastRpcTime:101ms, electionTimeout:101ms
2019-10-17 02:14:58,327 [Thread-2638] INFO  impl.RoleInfo (RoleInfo.java:shutdownFollowerState(121)) - b32d7882-88db-4fe6-9cca-6a25122d474d: shutdown FollowerState
2019-10-17 02:14:58,327 [Thread-2638] INFO  impl.RaftServerImpl (RaftServerImpl.java:setRole(184)) - b32d7882-88db-4fe6-9cca-6a25122d474d@group-896385CD49EE: changes role from  FOLLOWER to CANDIDATE at term 203 for changeToCandidate
2019-10-17 02:14:58,327 [Thread-2638] INFO  impl.RoleInfo (RoleInfo.java:updateAndGet(143)) - b32d7882-88db-4fe6-9cca-6a25122d474d: start LeaderElection
2019-10-17 02:14:58,341 [b32d7882-88db-4fe6-9cca-6a25122d474d@group-896385CD49EE-LeaderElection256] INFO  impl.LeaderElection (LeaderElection.java:askForVotes(178)) - b32d7882-88db-4fe6-9cca-6a25122d474d@group-896385CD49EE-LeaderElection256: begin an election at term 204 for -1: [b32d7882-88db-4fe6-9cca-6a25122d474d:192.168.157.194:42206, 3aea292b-16fb-4e9b-be90-828afa8e8047:192.168.157.194:34569, a6b2ebfb-69a0-457c-b6cd-a50cc148b564:192.168.157.194:37298], old=null
2019-10-17 02:14:58,343 [grpc-default-executor-2] INFO  impl.RaftServerImpl (RaftServerImpl.java:setRole(184)) - 3aea292b-16fb-4e9b-be90-828afa8e8047@group-896385CD49EE: changes role from  FOLLOWER to FOLLOWER at term 204 for recognizeCandidate:b32d7882-88db-4fe6-9cca-6a25122d474d
2019-10-17 02:14:58,343 [grpc-default-executor-2] INFO  impl.RoleInfo (RoleInfo.java:shutdownFollowerState(121)) - 3aea292b-16fb-4e9b-be90-828afa8e8047: shutdown FollowerState
2019-10-17 02:14:58,343 [Thread-2636] INFO  impl.FollowerState (FollowerState.java:run(117)) - 3aea292b-16fb-4e9b-be90-828afa8e8047@group-896385CD49EE-FollowerState was interrupted: java.lang.InterruptedException: sleep interrupted
2019-10-17 02:14:58,343 [grpc-default-executor-2] INFO  impl.RoleInfo (RoleInfo.java:updateAndGet(143)) - 3aea292b-16fb-4e9b-be90-828afa8e8047: start FollowerState
2019-10-17 02:14:58,343 [grpc-default-executor-0] INFO  impl.RaftServerImpl (RaftServerImpl.java:setRole(184)) - a6b2ebfb-69a0-457c-b6cd-a50cc148b564@group-896385CD49EE: changes role from  FOLLOWER to FOLLOWER at term 204 for recognizeCandidate:b32d7882-88db-4fe6-9cca-6a25122d474d
2019-10-17 02:14:58,344 [grpc-default-executor-0] INFO  impl.RoleInfo (RoleInfo.java:shutdownFollowerState(121)) - a6b2ebfb-69a0-457c-b6cd-a50cc148b564: shutdown FollowerState
2019-10-17 02:14:58,344 [grpc-default-executor-0] INFO  impl.RoleInfo (RoleInfo.java:updateAndGet(143)) - a6b2ebfb-69a0-457c-b6cd-a50cc148b564: start FollowerState
2019-10-17 02:14:58,344 [Thread-2637] INFO  impl.FollowerState (FollowerState.java:run(117)) - a6b2ebfb-69a0-457c-b6cd-a50cc148b564@group-896385CD49EE-FollowerState was interrupted: java.lang.InterruptedException: sleep interrupted
2019-10-17 02:14:58,358 [b32d7882-88db-4fe6-9cca-6a25122d474d@group-896385CD49EE-LeaderElection256] INFO  impl.LeaderElection (LeaderElection.java:logAndReturn(56)) - b32d7882-88db-4fe6-9cca-6a25122d474d@group-896385CD49EE-LeaderElection256: Election REJECTED; received 2 response(s) [b32d7882-88db-4fe6-9cca-6a25122d474d<-3aea292b-16fb-4e9b-be90-828afa8e8047#0:FAIL-t204, b32d7882-88db-4fe6-9cca-6a25122d474d<-a6b2ebfb-69a0-457c-b6cd-a50cc148b564#0:FAIL-t204] and 0 exception(s); b32d7882-88db-4fe6-9cca-6a25122d474d@group-896385CD49EE:t204, leader=null, voted=b32d7882-88db-4fe6-9cca-6a25122d474d, raftlog=b32d7882-88db-4fe6-9cca-6a25122d474d@group-896385CD49EE-SegmentedRaftLog:OPENED:c-1,f-1,i0, conf=-1: [b32d7882-88db-4fe6-9cca-6a25122d474d:192.168.157.194:42206, 3aea292b-16fb-4e9b-be90-828afa8e8047:192.168.157.194:34569, a6b2ebfb-69a0-457c-b6cd-a50cc148b564:192.168.157.194:37298], old=null
2019-10-17 02:14:58,359 [b32d7882-88db-4fe6-9cca-6a25122d474d@group-896385CD49EE-LeaderElection256] INFO  impl.RaftServerImpl (RaftServerImpl.java:setRole(184)) - b32d7882-88db-4fe6-9cca-6a25122d474d@group-896385CD49EE: changes role from CANDIDATE to FOLLOWER at term 204 for DISCOVERED_A_NEW_TERM
2019-10-17 02:14:58,362 [b32d7882-88db-4fe6-9cca-6a25122d474d@group-896385CD49EE-LeaderElection256] INFO  impl.RoleInfo (RoleInfo.java:shutdownLeaderElection(134)) - b32d7882-88db-4fe6-9cca-6a25122d474d: shutdown LeaderElection
2019-10-17 02:14:58,362 [b32d7882-88db-4fe6-9cca-6a25122d474d@group-896385CD49EE-LeaderElection256] INFO  impl.RoleInfo (RoleInfo.java:updateAndGet(143)) - b32d7882-88db-4fe6-9cca-6a25122d474d: start FollowerState
2019-10-17 02:14:58,533 [Thread-2644] INFO  impl.FollowerState (FollowerState.java:run(108)) - b32d7882-88db-4fe6-9cca-6a25122d474d@group-896385CD49EE-FollowerState: change to CANDIDATE, lastRpcTime:170ms, electionTimeout:170ms
2019-10-17 02:14:58,533 [Thread-2644] INFO  impl.RoleInfo (RoleInfo.java:shutdownFollowerState(121)) - b32d7882-88db-4fe6-9cca-6a25122d474d: shutdown FollowerState
2019-10-17 02:14:58,533 [Thread-2644] INFO  impl.RaftServerImpl (RaftServerImpl.java:setRole(184)) - b32d7882-88db-4fe6-9cca-6a25122d474d@group-896385CD49EE: changes role from  FOLLOWER to CANDIDATE at term 204 for changeToCandidate
2019-10-17 02:14:58,533 [Thread-2644] INFO  impl.RoleInfo (RoleInfo.java:updateAndGet(143)) - b32d7882-88db-4fe6-9cca-6a25122d474d: start LeaderElection
2019-10-17 02:14:58,547 [b32d7882-88db-4fe6-9cca-6a25122d474d@group-896385CD49EE-LeaderElection257] INFO  impl.LeaderElection (LeaderElection.java:askForVotes(178)) - b32d7882-88db-4fe6-9cca-6a25122d474d@group-896385CD49EE-LeaderElection257: begin an election at term 205 for -1: [b32d7882-88db-4fe6-9cca-6a25122d474d:192.168.157.194:42206, 3aea292b-16fb-4e9b-be90-828afa8e8047:192.168.157.194:34569, a6b2ebfb-69a0-457c-b6cd-a50cc148b564:192.168.157.194:37298], old=null
2019-10-17 02:14:58,550 [grpc-default-executor-0] INFO  impl.RaftServerImpl (RaftServerImpl.java:setRole(184)) - a6b2ebfb-69a0-457c-b6cd-a50cc148b564@group-896385CD49EE: changes role from  FOLLOWER to FOLLOWER at term 205 for recognizeCandidate:b32d7882-88db-4fe6-9cca-6a25122d474d
2019-10-17 02:14:58,550 [grpc-default-executor-2] INFO  impl.RaftServerImpl (RaftServerImpl.java:setRole(184)) - 3aea292b-16fb-4e9b-be90-828afa8e8047@group-896385CD49EE: changes role from  FOLLOWER to FOLLOWER at term 205 for recognizeCandidate:b32d7882-88db-4fe6-9cca-6a25122d474d
2019-10-17 02:14:58,550 [grpc-default-executor-2] INFO  impl.RoleInfo (RoleInfo.java:shutdownFollowerState(121)) - 3aea292b-16fb-4e9b-be90-828afa8e8047: shutdown FollowerState
2019-10-17 02:14:58,550 [grpc-default-executor-0] INFO  impl.RoleInfo (RoleInfo.java:shutdownFollowerState(121)) - a6b2ebfb-69a0-457c-b6cd-a50cc148b564: shutdown FollowerState
2019-10-17 02:14:58,550 [Thread-2642] INFO  impl.FollowerState (FollowerState.java:run(117)) - 3aea292b-16fb-4e9b-be90-828afa8e8047@group-896385CD49EE-FollowerState was interrupted: java.lang.InterruptedException: sleep interrupted
2019-10-17 02:14:58,550 [grpc-default-executor-2] INFO  impl.RoleInfo (RoleInfo.java:updateAndGet(143)) - 3aea292b-16fb-4e9b-be90-828afa8e8047: start FollowerState
2019-10-17 02:14:58,551 [Thread-2643] INFO  impl.FollowerState (FollowerState.java:run(117)) - a6b2ebfb-69a0-457c-b6cd-a50cc148b564@group-896385CD49EE-FollowerState was interrupted: java.lang.InterruptedException: sleep interrupted
2019-10-17 02:14:58,550 [grpc-default-executor-0] INFO  impl.RoleInfo (RoleInfo.java:updateAndGet(143)) - a6b2ebfb-69a0-457c-b6cd-a50cc148b564: start FollowerState
2019-10-17 02:14:58,565 [b32d7882-88db-4fe6-9cca-6a25122d474d@group-896385CD49EE-LeaderElection257] INFO  impl.LeaderElection (LeaderElection.java:logAndReturn(56)) - b32d7882-88db-4fe6-9cca-6a25122d474d@group-896385CD49EE-LeaderElection257: Election REJECTED; received 2 response(s) [b32d7882-88db-4fe6-9cca-6a25122d474d<-3aea292b-16fb-4e9b-be90-828afa8e8047#0:FAIL-t205, b32d7882-88db-4fe6-9cca-6a25122d474d<-a6b2ebfb-69a0-457c-b6cd-a50cc148b564#0:FAIL-t205] and 0 exception(s); b32d7882-88db-4fe6-9cca-6a25122d474d@group-896385CD49EE:t205, leader=null, voted=b32d7882-88db-4fe6-9cca-6a25122d474d, raftlog=b32d7882-88db-4fe6-9cca-6a25122d474d@group-896385CD49EE-SegmentedRaftLog:OPENED:c-1,f-1,i0, conf=-1: [b32d7882-88db-4fe6-9cca-6a25122d474d:192.168.157.194:42206, 3aea292b-16fb-4e9b-be90-828afa8e8047:192.168.157.194:34569, a6b2ebfb-69a0-457c-b6cd-a50cc148b564:192.168.157.194:37298], old=null
2019-10-17 02:14:58,566 [b32d7882-88db-4fe6-9cca-6a25122d474d@group-896385CD49EE-LeaderElection257] INFO  impl.RaftServerImpl (RaftServerImpl.java:setRole(184)) - b32d7882-88db-4fe6-9cca-6a25122d474d@group-896385CD49EE: changes role from CANDIDATE to FOLLOWER at term 205 for DISCOVERED_A_NEW_TERM
2019-10-17 02:14:58,566 [b32d7882-88db-4fe6-9cca-6a25122d474d@group-896385CD49EE-LeaderElection257] INFO  impl.RoleInfo (RoleInfo.java:shutdownLeaderElection(134)) - b32d7882-88db-4fe6-9cca-6a25122d474d: shutdown LeaderElection
2019-10-17 02:14:58,566 [b32d7882-88db-4fe6-9cca-6a25122d474d@group-896385CD49EE-LeaderElection257] INFO  impl.RoleInfo (RoleInfo.java:updateAndGet(143)) - b32d7882-88db-4fe6-9cca-6a25122d474d: start FollowerState
2019-10-17 02:14:58,588 [Thread-2650] INFO  impl.FollowerState (FollowerState.java:run(108)) - b32d7882-88db-4fe6-9cca-6a25122d474d@group-896385CD49EE-FollowerState: change to CANDIDATE, lastRpcTime:22ms, electionTimeout:22ms
2019-10-17 02:14:58,588 [Thread-2650] INFO  impl.RoleInfo (RoleInfo.java:shutdownFollowerState(121)) - b32d7882-88db-4fe6-9cca-6a25122d474d: shutdown FollowerState
2019-10-17 02:14:58,589 [Thread-2650] INFO  impl.RaftServerImpl (RaftServerImpl.java:setRole(184)) - b32d7882-88db-4fe6-9cca-6a25122d474d@group-896385CD49EE: changes role from  FOLLOWER to CANDIDATE at term 205 for changeToCandidate
2019-10-17 02:14:58,589 [Thread-2650] INFO  impl.RoleInfo (RoleInfo.java:updateAndGet(143)) - b32d7882-88db-4fe6-9cca-6a25122d474d: start LeaderElection
2019-10-17 02:14:58,602 [b32d7882-88db-4fe6-9cca-6a25122d474d@group-896385CD49EE-LeaderElection258] INFO  impl.LeaderElection (LeaderElection.java:askForVotes(178)) - b32d7882-88db-4fe6-9cca-6a25122d474d@group-896385CD49EE-LeaderElection258: begin an election at term 206 for -1: [b32d7882-88db-4fe6-9cca-6a25122d474d:192.168.157.194:42206, 3aea292b-16fb-4e9b-be90-828afa8e8047:192.168.157.194:34569, a6b2ebfb-69a0-457c-b6cd-a50cc148b564:192.168.157.194:37298], old=null
2019-10-17 02:14:58,605 [grpc-default-executor-2] INFO  impl.RaftServerImpl (RaftServerImpl.java:setRole(184)) - a6b2ebfb-69a0-457c-b6cd-a50cc148b564@group-896385CD49EE: changes role from  FOLLOWER to FOLLOWER at term 206 for recognizeCandidate:b32d7882-88db-4fe6-9cca-6a25122d474d
2019-10-17 02:14:58,605 [grpc-default-executor-2] INFO  impl.RoleInfo (RoleInfo.java:shutdownFollowerState(121)) - a6b2ebfb-69a0-457c-b6cd-a50cc148b564: shutdown FollowerState
2019-10-17 02:14:58,605 [grpc-default-executor-0] INFO  impl.RaftServerImpl (RaftServerImpl.java:setRole(184)) - 3aea292b-16fb-4e9b-be90-828afa8e8047@group-896385CD49EE: changes role from  FOLLOWER to FOLLOWER at term 206 for recognizeCandidate:b32d7882-88db-4fe6-9cca-6a25122d474d
2019-10-17 02:14:58,605 [Thread-2649] INFO  impl.FollowerState (FollowerState.java:run(117)) - a6b2ebfb-69a0-457c-b6cd-a50cc148b564@group-896385CD49EE-FollowerState was interrupted: java.lang.InterruptedException: sleep interrupted
2019-10-17 02:14:58,605 [grpc-default-executor-2] INFO  impl.RoleInfo (RoleInfo.java:updateAndGet(143)) - a6b2ebfb-69a0-457c-b6cd-a50cc148b564: start FollowerState
2019-10-17 02:14:58,605 [grpc-default-executor-0] INFO  impl.RoleInfo (RoleInfo.java:shutdownFollowerState(121)) - 3aea292b-16fb-4e9b-be90-828afa8e8047: shutdown FollowerState
2019-10-17 02:14:58,606 [grpc-default-executor-0] INFO  impl.RoleInfo (RoleInfo.java:updateAndGet(143)) - 3aea292b-16fb-4e9b-be90-828afa8e8047: start FollowerState
2019-10-17 02:14:58,606 [Thread-2648] INFO  impl.FollowerState (FollowerState.java:run(117)) - 3aea292b-16fb-4e9b-be90-828afa8e8047@group-896385CD49EE-FollowerState was interrupted: java.lang.InterruptedException: sleep interrupted
2019-10-17 02:14:58,620 [b32d7882-88db-4fe6-9cca-6a25122d474d@group-896385CD49EE-LeaderElection258] INFO  impl.LeaderElection (LeaderElection.java:logAndReturn(56)) - b32d7882-88db-4fe6-9cca-6a25122d474d@group-896385CD49EE-LeaderElection258: Election REJECTED; received 2 response(s) [b32d7882-88db-4fe6-9cca-6a25122d474d<-3aea292b-16fb-4e9b-be90-828afa8e8047#0:FAIL-t206, b32d7882-88db-4fe6-9cca-6a25122d474d<-a6b2ebfb-69a0-457c-b6cd-a50cc148b564#0:FAIL-t206] and 0 exception(s); b32d7882-88db-4fe6-9cca-6a25122d474d@group-896385CD49EE:t206, leader=null, voted=b32d7882-88db-4fe6-9cca-6a25122d474d, raftlog=b32d7882-88db-4fe6-9cca-6a25122d474d@group-896385CD49EE-SegmentedRaftLog:OPENED:c-1,f-1,i0, conf=-1: [b32d7882-88db-4fe6-9cca-6a25122d474d:192.168.157.194:42206, 3aea292b-16fb-4e9b-be90-828afa8e8047:192.168.157.194:34569, a6b2ebfb-69a0-457c-b6cd-a50cc148b564:192.168.157.194:37298], old=null
2019-10-17 02:14:58,620 [b32d7882-88db-4fe6-9cca-6a25122d474d@group-896385CD49EE-LeaderElection258] INFO  impl.RaftServerImpl (RaftServerImpl.java:setRole(184)) - b32d7882-88db-4fe6-9cca-6a25122d474d@group-896385CD49EE: changes role from CANDIDATE to FOLLOWER at term 206 for DISCOVERED_A_NEW_TERM
2019-10-17 02:14:58,620 [b32d7882-88db-4fe6-9cca-6a25122d474d@group-896385CD49EE-LeaderElection258] INFO  impl.RoleInfo (RoleInfo.java:shutdownLeaderElection(134)) - b32d7882-88db-4fe6-9cca-6a25122d474d: shutdown LeaderElection
2019-10-17 02:14:58,620 [b32d7882-88db-4fe6-9cca-6a25122d474d@group-896385CD49EE-LeaderElection258] INFO  impl.RoleInfo (RoleInfo.java:updateAndGet(143)) - b32d7882-88db-4fe6-9cca-6a25122d474d: start FollowerState
2019-10-17 02:14:58,784 [Thread-2656] INFO  impl.FollowerState (FollowerState.java:run(108)) - b32d7882-88db-4fe6-9cca-6a25122d474d@group-896385CD49EE-FollowerState: change to CANDIDATE, lastRpcTime:163ms, electionTimeout:163ms
2019-10-17 02:14:58,784 [Thread-2656] INFO  impl.RoleInfo (RoleInfo.java:shutdownFollowerState(121)) - b32d7882-88db-4fe6-9cca-6a25122d474d: shutdown FollowerState
2019-10-17 02:14:58,784 [Thread-2656] INFO  impl.RaftServerImpl (RaftServerImpl.java:setRole(184)) - b32d7882-88db-4fe6-9cca-6a25122d474d@group-896385CD49EE: changes role from  FOLLOWER to CANDIDATE at term 206 for changeToCandidate
2019-10-17 02:14:58,784 [Thread-2656] INFO  impl.RoleInfo (RoleInfo.java:updateAndGet(143)) - b32d7882-88db-4fe6-9cca-6a25122d474d: start LeaderElection
2019-10-17 02:14:58,799 [b32d7882-88db-4fe6-9cca-6a25122d474d@group-896385CD49EE-LeaderElection259] INFO  impl.LeaderElection (LeaderElection.java:askForVotes(178)) - b32d7882-88db-4fe6-9cca-6a25122d474d@group-896385CD49EE-LeaderElection259: begin an election at term 207 for -1: [b32d7882-88db-4fe6-9cca-6a25122d474d:192.168.157.194:42206, 3aea292b-16fb-4e9b-be90-828afa8e8047:192.168.157.194:34569, a6b2ebfb-69a0-457c-b6cd-a50cc148b564:192.168.157.194:37298], old=null
2019-10-17 02:14:58,802 [grpc-default-executor-2] INFO  impl.RaftServerImpl (RaftServerImpl.java:setRole(184)) - 3aea292b-16fb-4e9b-be90-828afa8e8047@group-896385CD49EE: changes role from  FOLLOWER to FOLLOWER at term 207 for recognizeCandidate:b32d7882-88db-4fe6-9cca-6a25122d474d
2019-10-17 02:14:58,802 [grpc-default-executor-0] INFO  impl.RaftServerImpl (RaftServerImpl.java:setRole(184)) - a6b2ebfb-69a0-457c-b6cd-a50cc148b564@group-896385CD49EE: changes role from  FOLLOWER to FOLLOWER at term 207 for recognizeCandidate:b32d7882-88db-4fe6-9cca-6a25122d474d
2019-10-17 02:14:58,802 [grpc-default-executor-0] INFO  impl.RoleInfo (RoleInfo.java:shutdownFollowerState(121)) - a6b2ebfb-69a0-457c-b6cd-a50cc148b564: shutdown FollowerState
2019-10-17 02:14:58,802 [grpc-default-executor-2] INFO  impl.RoleInfo (RoleInfo.java:shutdownFollowerState(121)) - 3aea292b-16fb-4e9b-be90-828afa8e8047: shutdown FollowerState
2019-10-17 02:14:58,803 [Thread-2654] INFO  impl.FollowerState (FollowerState.java:run(117)) - a6b2ebfb-69a0-457c-b6cd-a50cc148b564@group-896385CD49EE-FollowerState was interrupted: java.lang.InterruptedException: sleep interrupted
2019-10-17 02:14:58,803 [grpc-default-executor-0] INFO  impl.RoleInfo (RoleInfo.java:updateAndGet(143)) - a6b2ebfb-69a0-457c-b6cd-a50cc148b564: start FollowerState
2019-10-17 02:14:58,803 [Thread-2655] INFO  impl.FollowerState (FollowerState.java:run(117)) - 3aea292b-16fb-4e9b-be90-828afa8e8047@group-896385CD49EE-FollowerState was interrupted: java.lang.InterruptedException: sleep interrupted
2019-10-17 02:14:58,803 [grpc-default-executor-2] INFO  impl.RoleInfo (RoleInfo.java:updateAndGet(143)) - 3aea292b-16fb-4e9b-be90-828afa8e8047: start FollowerState
2019-10-17 02:14:58,818 [b32d7882-88db-4fe6-9cca-6a25122d474d@group-896385CD49EE-LeaderElection259] INFO  impl.LeaderElection (LeaderElection.java:logAndReturn(56)) - b32d7882-88db-4fe6-9cca-6a25122d474d@group-896385CD49EE-LeaderElection259: Election REJECTED; received 2 response(s) [b32d7882-88db-4fe6-9cca-6a25122d474d<-3aea292b-16fb-4e9b-be90-828afa8e8047#0:FAIL-t207, b32d7882-88db-4fe6-9cca-6a25122d474d<-a6b2ebfb-69a0-457c-b6cd-a50cc148b564#0:FAIL-t207] and 0 exception(s); b32d7882-88db-4fe6-9cca-6a25122d474d@group-896385CD49EE:t207, leader=null, voted=b32d7882-88db-4fe6-9cca-6a25122d474d, raftlog=b32d7882-88db-4fe6-9cca-6a25122d474d@group-896385CD49EE-SegmentedRaftLog:OPENED:c-1,f-1,i0, conf=-1: [b32d7882-88db-4fe6-9cca-6a25122d474d:192.168.157.194:42206, 3aea292b-16fb-4e9b-be90-828afa8e8047:192.168.157.194:34569, a6b2ebfb-69a0-457c-b6cd-a50cc148b564:192.168.157.194:37298], old=null
2019-10-17 02:14:58,818 [b32d7882-88db-4fe6-9cca-6a25122d474d@group-896385CD49EE-LeaderElection259] INFO  impl.RaftServerImpl (RaftServerImpl.java:setRole(184)) - b32d7882-88db-4fe6-9cca-6a25122d474d@group-896385CD49EE: changes role from CANDIDATE to FOLLOWER at term 207 for DISCOVERED_A_NEW_TERM
2019-10-17 02:14:58,818 [b32d7882-88db-4fe6-9cca-6a25122d474d@group-896385CD49EE-LeaderElection259] INFO  impl.RoleInfo (RoleInfo.java:shutdownLeaderElection(134)) - b32d7882-88db-4fe6-9cca-6a25122d474d: shutdown LeaderElection
2019-10-17 02:14:58,818 [b32d7882-88db-4fe6-9cca-6a25122d474d@group-896385CD49EE-LeaderElection259] INFO  impl.RoleInfo (RoleInfo.java:updateAndGet(143)) - b32d7882-88db-4fe6-9cca-6a25122d474d: start FollowerState
2019-10-17 02:14:58,958 [Thread-2662] INFO  impl.FollowerState (FollowerState.java:run(108)) - b32d7882-88db-4fe6-9cca-6a25122d474d@group-896385CD49EE-FollowerState: change to CANDIDATE, lastRpcTime:139ms, electionTimeout:139ms
2019-10-17 02:14:58,958 [Thread-2662] INFO  impl.RoleInfo (RoleInfo.java:shutdownFollowerState(121)) - b32d7882-88db-4fe6-9cca-6a25122d474d: shutdown FollowerState
2019-10-17 02:14:58,958 [Thread-2662] INFO  impl.RaftServerImpl (RaftServerImpl.java:setRole(184)) - b32d7882-88db-4fe6-9cca-6a25122d474d@group-896385CD49EE: changes role from  FOLLOWER to CANDIDATE at term 207 for changeToCandidate
2019-10-17 02:14:58,958 [Thread-2662] INFO  impl.RoleInfo (RoleInfo.java:updateAndGet(143)) - b32d7882-88db-4fe6-9cca-6a25122d474d: start LeaderElection
2019-10-17 02:14:58,972 [b32d7882-88db-4fe6-9cca-6a25122d474d@group-896385CD49EE-LeaderElection260] INFO  impl.LeaderElection (LeaderElection.java:askForVotes(178)) - b32d7882-88db-4fe6-9cca-6a25122d474d@group-896385CD49EE-LeaderElection260: begin an election at term 208 for -1: [b32d7882-88db-4fe6-9cca-6a25122d474d:192.168.157.194:42206, 3aea292b-16fb-4e9b-be90-828afa8e8047:192.168.157.194:34569, a6b2ebfb-69a0-457c-b6cd-a50cc148b564:192.168.157.194:37298], old=null
2019-10-17 02:14:58,975 [grpc-default-executor-2] INFO  impl.RaftServerImpl (RaftServerImpl.java:setRole(184)) - 3aea292b-16fb-4e9b-be90-828afa8e8047@group-896385CD49EE: changes role from  FOLLOWER to FOLLOWER at term 208 for recognizeCandidate:b32d7882-88db-4fe6-9cca-6a25122d474d
2019-10-17 02:14:58,975 [grpc-default-executor-2] INFO  impl.RoleInfo (RoleInfo.java:shutdownFollowerState(121)) - 3aea292b-16fb-4e9b-be90-828afa8e8047: shutdown FollowerState
2019-10-17 02:14:58,975 [grpc-default-executor-2] INFO  impl.RoleInfo (RoleInfo.java:updateAndGet(143)) - 3aea292b-16fb-4e9b-be90-828afa8e8047: start FollowerState
2019-10-17 02:14:58,975 [grpc-default-executor-0] INFO  impl.RaftServerImpl (RaftServerImpl.java:setRole(184)) - a6b2ebfb-69a0-457c-b6cd-a50cc148b564@group-896385CD49EE: changes role from  FOLLOWER to FOLLOWER at term 208 for recognizeCandidate:b32d7882-88db-4fe6-9cca-6a25122d474d
2019-10-17 02:14:58,976 [grpc-default-executor-0] INFO  impl.RoleInfo (RoleInfo.java:shutdownFollowerState(121)) - a6b2ebfb-69a0-457c-b6cd-a50cc148b564: shutdown FollowerState
2019-10-17 02:14:58,975 [Thread-2661] INFO  impl.FollowerState (FollowerState.java:run(117)) - 3aea292b-16fb-4e9b-be90-828afa8e8047@group-896385CD49EE-FollowerState was interrupted: java.lang.InterruptedException: sleep interrupted
2019-10-17 02:14:58,976 [Thread-2660] INFO  impl.FollowerState (FollowerState.java:run(117)) - a6b2ebfb-69a0-457c-b6cd-a50cc148b564@group-896385CD49EE-FollowerState was interrupted: java.lang.InterruptedException: sleep interrupted
2019-10-17 02:14:58,976 [grpc-default-executor-0] INFO  impl.RoleInfo (RoleInfo.java:updateAndGet(143)) - a6b2ebfb-69a0-457c-b6cd-a50cc148b564: start FollowerState
2019-10-17 02:14:58,994 [b32d7882-88db-4fe6-9cca-6a25122d474d@group-896385CD49EE-LeaderElection260] INFO  impl.LeaderElection (LeaderElection.java:logAndReturn(56)) - b32d7882-88db-4fe6-9cca-6a25122d474d@group-896385CD49EE-LeaderElection260: Election REJECTED; received 2 response(s) [b32d7882-88db-4fe6-9cca-6a25122d474d<-3aea292b-16fb-4e9b-be90-828afa8e8047#0:FAIL-t208, b32d7882-88db-4fe6-9cca-6a25122d474d<-a6b2ebfb-69a0-457c-b6cd-a50cc148b564#0:FAIL-t208] and 0 exception(s); b32d7882-88db-4fe6-9cca-6a25122d474d@group-896385CD49EE:t208, leader=null, voted=b32d7882-88db-4fe6-9cca-6a25122d474d, raftlog=b32d7882-88db-4fe6-9cca-6a25122d474d@group-896385CD49EE-SegmentedRaftLog:OPENED:c-1,f-1,i0, conf=-1: [b32d7882-88db-4fe6-9cca-6a25122d474d:192.168.157.194:42206, 3aea292b-16fb-4e9b-be90-828afa8e8047:192.168.157.194:34569, a6b2ebfb-69a0-457c-b6cd-a50cc148b564:192.168.157.194:37298], old=null
2019-10-17 02:14:58,994 [b32d7882-88db-4fe6-9cca-6a25122d474d@group-896385CD49EE-LeaderElection260] INFO  impl.RaftServerImpl (RaftServerImpl.java:setRole(184)) - b32d7882-88db-4fe6-9cca-6a25122d474d@group-896385CD49EE: changes role from CANDIDATE to FOLLOWER at term 208 for DISCOVERED_A_NEW_TERM
2019-10-17 02:14:58,995 [b32d7882-88db-4fe6-9cca-6a25122d474d@group-896385CD49EE-LeaderElection260] INFO  impl.RoleInfo (RoleInfo.java:shutdownLeaderElection(134)) - b32d7882-88db-4fe6-9cca-6a25122d474d: shutdown LeaderElection
2019-10-17 02:14:58,995 [b32d7882-88db-4fe6-9cca-6a25122d474d@group-896385CD49EE-LeaderElection260] INFO  impl.RoleInfo (RoleInfo.java:updateAndGet(143)) - b32d7882-88db-4fe6-9cca-6a25122d474d: start FollowerState
2019-10-17 02:14:59,034 [Thread-2668] INFO  impl.FollowerState (FollowerState.java:run(108)) - b32d7882-88db-4fe6-9cca-6a25122d474d@group-896385CD49EE-FollowerState: change to CANDIDATE, lastRpcTime:39ms, electionTimeout:39ms
2019-10-17 02:14:59,034 [Thread-2668] INFO  impl.RoleInfo (RoleInfo.java:shutdownFollowerState(121)) - b32d7882-88db-4fe6-9cca-6a25122d474d: shutdown FollowerState
2019-10-17 02:14:59,035 [Thread-2668] INFO  impl.RaftServerImpl (RaftServerImpl.java:setRole(184)) - b32d7882-88db-4fe6-9cca-6a25122d474d@group-896385CD49EE: changes role from  FOLLOWER to CANDIDATE at term 208 for changeToCandidate
2019-10-17 02:14:59,035 [Thread-2668] INFO  impl.RoleInfo (RoleInfo.java:updateAndGet(143)) - b32d7882-88db-4fe6-9cca-6a25122d474d: start LeaderElection
2019-10-17 02:14:59,049 [b32d7882-88db-4fe6-9cca-6a25122d474d@group-896385CD49EE-LeaderElection261] INFO  impl.LeaderElection (LeaderElection.java:askForVotes(178)) - b32d7882-88db-4fe6-9cca-6a25122d474d@group-896385CD49EE-LeaderElection261: begin an election at term 209 for -1: [b32d7882-88db-4fe6-9cca-6a25122d474d:192.168.157.194:42206, 3aea292b-16fb-4e9b-be90-828afa8e8047:192.168.157.194:34569, a6b2ebfb-69a0-457c-b6cd-a50cc148b564:192.168.157.194:37298], old=null
2019-10-17 02:14:59,055 [grpc-default-executor-0] INFO  impl.RaftServerImpl (RaftServerImpl.java:setRole(184)) - 3aea292b-16fb-4e9b-be90-828afa8e8047@group-896385CD49EE: changes role from  FOLLOWER to FOLLOWER at term 209 for recognizeCandidate:b32d7882-88db-4fe6-9cca-6a25122d474d
2019-10-17 02:14:59,055 [grpc-default-executor-0] INFO  impl.RoleInfo (RoleInfo.java:shutdownFollowerState(121)) - 3aea292b-16fb-4e9b-be90-828afa8e8047: shutdown FollowerState
2019-10-17 02:14:59,055 [grpc-default-executor-0] INFO  impl.RoleInfo (RoleInfo.java:updateAndGet(143)) - 3aea292b-16fb-4e9b-be90-828afa8e8047: start FollowerState
2019-10-17 02:14:59,055 [Thread-2666] INFO  impl.FollowerState (FollowerState.java:run(117)) - 3aea292b-16fb-4e9b-be90-828afa8e8047@group-896385CD49EE-FollowerState was interrupted: java.lang.InterruptedException: sleep interrupted
2019-10-17 02:14:59,057 [grpc-default-executor-2] INFO  impl.RaftServerImpl (RaftServerImpl.java:setRole(184)) - a6b2ebfb-69a0-457c-b6cd-a50cc148b564@group-896385CD49EE: changes role from  FOLLOWER to FOLLOWER at term 209 for recognizeCandidate:b32d7882-88db-4fe6-9cca-6a25122d474d
2019-10-17 02:14:59,057 [grpc-default-executor-2] INFO  impl.RoleInfo (RoleInfo.java:shutdownFollowerState(121)) - a6b2ebfb-69a0-457c-b6cd-a50cc148b564: shutdown FollowerState
2019-10-17 02:14:59,057 [grpc-default-executor-2] INFO  impl.RoleInfo (RoleInfo.java:updateAndGet(143)) - a6b2ebfb-69a0-457c-b6cd-a50cc148b564: start FollowerState
2019-10-17 02:14:59,057 [Thread-2667] INFO  impl.FollowerState (FollowerState.java:run(117)) - a6b2ebfb-69a0-457c-b6cd-a50cc148b564@group-896385CD49EE-FollowerState was interrupted: java.lang.InterruptedException: sleep interrupted
2019-10-17 02:14:59,070 [b32d7882-88db-4fe6-9cca-6a25122d474d@group-896385CD49EE-LeaderElection261] INFO  impl.LeaderElection (LeaderElection.java:logAndReturn(56)) - b32d7882-88db-4fe6-9cca-6a25122d474d@group-896385CD49EE-LeaderElection261: Election REJECTED; received 2 response(s) [b32d7882-88db-4fe6-9cca-6a25122d474d<-3aea292b-16fb-4e9b-be90-828afa8e8047#0:FAIL-t209, b32d7882-88db-4fe6-9cca-6a25122d474d<-a6b2ebfb-69a0-457c-b6cd-a50cc148b564#0:FAIL-t209] and 0 exception(s); b32d7882-88db-4fe6-9cca-6a25122d474d@group-896385CD49EE:t209, leader=null, voted=b32d7882-88db-4fe6-9cca-6a25122d474d, raftlog=b32d7882-88db-4fe6-9cca-6a25122d474d@group-896385CD49EE-SegmentedRaftLog:OPENED:c-1,f-1,i0, conf=-1: [b32d7882-88db-4fe6-9cca-6a25122d474d:192.168.157.194:42206, 3aea292b-16fb-4e9b-be90-828afa8e8047:192.168.157.194:34569, a6b2ebfb-69a0-457c-b6cd-a50cc148b564:192.168.157.194:37298], old=null
2019-10-17 02:14:59,070 [b32d7882-88db-4fe6-9cca-6a25122d474d@group-896385CD49EE-LeaderElection261] INFO  impl.RaftServerImpl (RaftServerImpl.java:setRole(184)) - b32d7882-88db-4fe6-9cca-6a25122d474d@group-896385CD49EE: changes role from CANDIDATE to FOLLOWER at term 209 for DISCOVERED_A_NEW_TERM
2019-10-17 02:14:59,070 [b32d7882-88db-4fe6-9cca-6a25122d474d@group-896385CD49EE-LeaderElection261] INFO  impl.RoleInfo (RoleInfo.java:shutdownLeaderElection(134)) - b32d7882-88db-4fe6-9cca-6a25122d474d: shutdown LeaderElection
2019-10-17 02:14:59,071 [b32d7882-88db-4fe6-9cca-6a25122d474d@group-896385CD49EE-LeaderElection261] INFO  impl.RoleInfo (RoleInfo.java:updateAndGet(143)) - b32d7882-88db-4fe6-9cca-6a25122d474d: start FollowerState
2019-10-17 02:14:59,153 [main] INFO  ozone.MiniOzoneClusterImpl (MiniOzoneClusterImpl.java:lambda$waitForClusterToBeReady$2(164)) - Waiting for 1 number of pipelines out of 4, to report a leader.
2019-10-17 02:14:59,175 [Thread-2674] INFO  impl.FollowerState (FollowerState.java:run(108)) - b32d7882-88db-4fe6-9cca-6a25122d474d@group-896385CD49EE-FollowerState: change to CANDIDATE, lastRpcTime:104ms, electionTimeout:104ms
2019-10-17 02:14:59,175 [Thread-2674] INFO  impl.RoleInfo (RoleInfo.java:shutdownFollowerState(121)) - b32d7882-88db-4fe6-9cca-6a25122d474d: shutdown FollowerState
2019-10-17 02:14:59,175 [Thread-2674] INFO  impl.RaftServerImpl (RaftServerImpl.java:setRole(184)) - b32d7882-88db-4fe6-9cca-6a25122d474d@group-896385CD49EE: changes role from  FOLLOWER to CANDIDATE at term 209 for changeToCandidate
2019-10-17 02:14:59,176 [Thread-2674] INFO  impl.RoleInfo (RoleInfo.java:updateAndGet(143)) - b32d7882-88db-4fe6-9cca-6a25122d474d: start LeaderElection
2019-10-17 02:14:59,183 [b32d7882-88db-4fe6-9cca-6a25122d474d@group-896385CD49EE-LeaderElection262] INFO  impl.LeaderElection (LeaderElection.java:askForVotes(178)) - b32d7882-88db-4fe6-9cca-6a25122d474d@group-896385CD49EE-LeaderElection262: begin an election at term 210 for -1: [b32d7882-88db-4fe6-9cca-6a25122d474d:192.168.157.194:42206, 3aea292b-16fb-4e9b-be90-828afa8e8047:192.168.157.194:34569, a6b2ebfb-69a0-457c-b6cd-a50cc148b564:192.168.157.194:37298], old=null
2019-10-17 02:14:59,185 [grpc-default-executor-0] INFO  impl.RaftServerImpl (RaftServerImpl.java:setRole(184)) - 3aea292b-16fb-4e9b-be90-828afa8e8047@group-896385CD49EE: changes role from  FOLLOWER to FOLLOWER at term 210 for recognizeCandidate:b32d7882-88db-4fe6-9cca-6a25122d474d
2019-10-17 02:14:59,186 [grpc-default-executor-2] INFO  impl.RaftServerImpl (RaftServerImpl.java:setRole(184)) - a6b2ebfb-69a0-457c-b6cd-a50cc148b564@group-896385CD49EE: changes role from  FOLLOWER to FOLLOWER at term 210 for recognizeCandidate:b32d7882-88db-4fe6-9cca-6a25122d474d
2019-10-17 02:14:59,186 [grpc-default-executor-2] INFO  impl.RoleInfo (RoleInfo.java:shutdownFollowerState(121)) - a6b2ebfb-69a0-457c-b6cd-a50cc148b564: shutdown FollowerState
2019-10-17 02:14:59,186 [grpc-default-executor-0] INFO  impl.RoleInfo (RoleInfo.java:shutdownFollowerState(121)) - 3aea292b-16fb-4e9b-be90-828afa8e8047: shutdown FollowerState
2019-10-17 02:14:59,186 [Thread-2673] INFO  impl.FollowerState (FollowerState.java:run(117)) - a6b2ebfb-69a0-457c-b6cd-a50cc148b564@group-896385CD49EE-FollowerState was interrupted: java.lang.InterruptedException: sleep interrupted
2019-10-17 02:14:59,186 [grpc-default-executor-2] INFO  impl.RoleInfo (RoleInfo.java:updateAndGet(143)) - a6b2ebfb-69a0-457c-b6cd-a50cc148b564: start FollowerState
2019-10-17 02:14:59,186 [grpc-default-executor-0] INFO  impl.RoleInfo (RoleInfo.java:updateAndGet(143)) - 3aea292b-16fb-4e9b-be90-828afa8e8047: start FollowerState
2019-10-17 02:14:59,186 [Thread-2672] INFO  impl.FollowerState (FollowerState.java:run(117)) - 3aea292b-16fb-4e9b-be90-828afa8e8047@group-896385CD49EE-FollowerState was interrupted: java.lang.InterruptedException: sleep interrupted
2019-10-17 02:14:59,198 [b32d7882-88db-4fe6-9cca-6a25122d474d@group-896385CD49EE-LeaderElection262] INFO  impl.LeaderElection (LeaderElection.java:logAndReturn(56)) - b32d7882-88db-4fe6-9cca-6a25122d474d@group-896385CD49EE-LeaderElection262: Election REJECTED; received 2 response(s) [b32d7882-88db-4fe6-9cca-6a25122d474d<-3aea292b-16fb-4e9b-be90-828afa8e8047#0:FAIL-t210, b32d7882-88db-4fe6-9cca-6a25122d474d<-a6b2ebfb-69a0-457c-b6cd-a50cc148b564#0:FAIL-t210] and 0 exception(s); b32d7882-88db-4fe6-9cca-6a25122d474d@group-896385CD49EE:t210, leader=null, voted=b32d7882-88db-4fe6-9cca-6a25122d474d, raftlog=b32d7882-88db-4fe6-9cca-6a25122d474d@group-896385CD49EE-SegmentedRaftLog:OPENED:c-1,f-1,i0, conf=-1: [b32d7882-88db-4fe6-9cca-6a25122d474d:192.168.157.194:42206, 3aea292b-16fb-4e9b-be90-828afa8e8047:192.168.157.194:34569, a6b2ebfb-69a0-457c-b6cd-a50cc148b564:192.168.157.194:37298], old=null
2019-10-17 02:14:59,198 [b32d7882-88db-4fe6-9cca-6a25122d474d@group-896385CD49EE-LeaderElection262] INFO  impl.RaftServerImpl (RaftServerImpl.java:setRole(184)) - b32d7882-88db-4fe6-9cca-6a25122d474d@group-896385CD49EE: changes role from CANDIDATE to FOLLOWER at term 210 for DISCOVERED_A_NEW_TERM
2019-10-17 02:14:59,198 [b32d7882-88db-4fe6-9cca-6a25122d474d@group-896385CD49EE-LeaderElection262] INFO  impl.RoleInfo (RoleInfo.java:shutdownLeaderElection(134)) - b32d7882-88db-4fe6-9cca-6a25122d474d: shutdown LeaderElection
2019-10-17 02:14:59,198 [b32d7882-88db-4fe6-9cca-6a25122d474d@group-896385CD49EE-LeaderElection262] INFO  impl.RoleInfo (RoleInfo.java:updateAndGet(143)) - b32d7882-88db-4fe6-9cca-6a25122d474d: start FollowerState
2019-10-17 02:14:59,378 [Thread-2680] INFO  impl.FollowerState (FollowerState.java:run(108)) - b32d7882-88db-4fe6-9cca-6a25122d474d@group-896385CD49EE-FollowerState: change to CANDIDATE, lastRpcTime:180ms, electionTimeout:180ms
2019-10-17 02:14:59,378 [Thread-2680] INFO  impl.RoleInfo (RoleInfo.java:shutdownFollowerState(121)) - b32d7882-88db-4fe6-9cca-6a25122d474d: shutdown FollowerState
2019-10-17 02:14:59,378 [Thread-2680] INFO  impl.RaftServerImpl (RaftServerImpl.java:setRole(184)) - b32d7882-88db-4fe6-9cca-6a25122d474d@group-896385CD49EE: changes role from  FOLLOWER to CANDIDATE at term 210 for changeToCandidate
2019-10-17 02:14:59,379 [Thread-2680] INFO  impl.RoleInfo (RoleInfo.java:updateAndGet(143)) - b32d7882-88db-4fe6-9cca-6a25122d474d: start LeaderElection
2019-10-17 02:14:59,393 [b32d7882-88db-4fe6-9cca-6a25122d474d@group-896385CD49EE-LeaderElection263] INFO  impl.LeaderElection (LeaderElection.java:askForVotes(178)) - b32d7882-88db-4fe6-9cca-6a25122d474d@group-896385CD49EE-LeaderElection263: begin an election at term 211 for -1: [b32d7882-88db-4fe6-9cca-6a25122d474d:192.168.157.194:42206, 3aea292b-16fb-4e9b-be90-828afa8e8047:192.168.157.194:34569, a6b2ebfb-69a0-457c-b6cd-a50cc148b564:192.168.157.194:37298], old=null
2019-10-17 02:14:59,395 [grpc-default-executor-0] INFO  impl.RaftServerImpl (RaftServerImpl.java:setRole(184)) - a6b2ebfb-69a0-457c-b6cd-a50cc148b564@group-896385CD49EE: changes role from  FOLLOWER to FOLLOWER at term 211 for recognizeCandidate:b32d7882-88db-4fe6-9cca-6a25122d474d
2019-10-17 02:14:59,395 [grpc-default-executor-2] INFO  impl.RaftServerImpl (RaftServerImpl.java:setRole(184)) - 3aea292b-16fb-4e9b-be90-828afa8e8047@group-896385CD49EE: changes role from  FOLLOWER to FOLLOWER at term 211 for recognizeCandidate:b32d7882-88db-4fe6-9cca-6a25122d474d
2019-10-17 02:14:59,395 [grpc-default-executor-2] INFO  impl.RoleInfo (RoleInfo.java:shutdownFollowerState(121)) - 3aea292b-16fb-4e9b-be90-828afa8e8047: shutdown FollowerState
2019-10-17 02:14:59,395 [grpc-default-executor-0] INFO  impl.RoleInfo (RoleInfo.java:shutdownFollowerState(121)) - a6b2ebfb-69a0-457c-b6cd-a50cc148b564: shutdown FollowerState
2019-10-17 02:14:59,395 [Thread-2679] INFO  impl.FollowerState (FollowerState.java:run(117)) - 3aea292b-16fb-4e9b-be90-828afa8e8047@group-896385CD49EE-FollowerState was interrupted: java.lang.InterruptedException: sleep interrupted
2019-10-17 02:14:59,395 [grpc-default-executor-2] INFO  impl.RoleInfo (RoleInfo.java:updateAndGet(143)) - 3aea292b-16fb-4e9b-be90-828afa8e8047: start FollowerState
2019-10-17 02:14:59,395 [Thread-2678] INFO  impl.FollowerState (FollowerState.java:run(117)) - a6b2ebfb-69a0-457c-b6cd-a50cc148b564@group-896385CD49EE-FollowerState was interrupted: java.lang.InterruptedException: sleep interrupted
2019-10-17 02:14:59,395 [grpc-default-executor-0] INFO  impl.RoleInfo (RoleInfo.java:updateAndGet(143)) - a6b2ebfb-69a0-457c-b6cd-a50cc148b564: start FollowerState
2019-10-17 02:14:59,409 [b32d7882-88db-4fe6-9cca-6a25122d474d@group-896385CD49EE-LeaderElection263] INFO  impl.LeaderElection (LeaderElection.java:logAndReturn(56)) - b32d7882-88db-4fe6-9cca-6a25122d474d@group-896385CD49EE-LeaderElection263: Election REJECTED; received 2 response(s) [b32d7882-88db-4fe6-9cca-6a25122d474d<-3aea292b-16fb-4e9b-be90-828afa8e8047#0:FAIL-t211, b32d7882-88db-4fe6-9cca-6a25122d474d<-a6b2ebfb-69a0-457c-b6cd-a50cc148b564#0:FAIL-t211] and 0 exception(s); b32d7882-88db-4fe6-9cca-6a25122d474d@group-896385CD49EE:t211, leader=null, voted=b32d7882-88db-4fe6-9cca-6a25122d474d, raftlog=b32d7882-88db-4fe6-9cca-6a25122d474d@group-896385CD49EE-SegmentedRaftLog:OPENED:c-1,f-1,i0, conf=-1: [b32d7882-88db-4fe6-9cca-6a25122d474d:192.168.157.194:42206, 3aea292b-16fb-4e9b-be90-828afa8e8047:192.168.157.194:34569, a6b2ebfb-69a0-457c-b6cd-a50cc148b564:192.168.157.194:37298], old=null
2019-10-17 02:14:59,410 [b32d7882-88db-4fe6-9cca-6a25122d474d@group-896385CD49EE-LeaderElection263] INFO  impl.RaftServerImpl (RaftServerImpl.java:setRole(184)) - b32d7882-88db-4fe6-9cca-6a25122d474d@group-896385CD49EE: changes role from CANDIDATE to FOLLOWER at term 211 for DISCOVERED_A_NEW_TERM
2019-10-17 02:14:59,410 [b32d7882-88db-4fe6-9cca-6a25122d474d@group-896385CD49EE-LeaderElection263] INFO  impl.RoleInfo (RoleInfo.java:shutdownLeaderElection(134)) - b32d7882-88db-4fe6-9cca-6a25122d474d: shutdown LeaderElection
2019-10-17 02:14:59,410 [b32d7882-88db-4fe6-9cca-6a25122d474d@group-896385CD49EE-LeaderElection263] INFO  impl.RoleInfo (RoleInfo.java:updateAndGet(143)) - b32d7882-88db-4fe6-9cca-6a25122d474d: start FollowerState
2019-10-17 02:14:59,479 [Thread-2686] INFO  impl.FollowerState (FollowerState.java:run(108)) - b32d7882-88db-4fe6-9cca-6a25122d474d@group-896385CD49EE-FollowerState: change to CANDIDATE, lastRpcTime:69ms, electionTimeout:69ms
2019-10-17 02:14:59,479 [Thread-2686] INFO  impl.RoleInfo (RoleInfo.java:shutdownFollowerState(121)) - b32d7882-88db-4fe6-9cca-6a25122d474d: shutdown FollowerState
2019-10-17 02:14:59,479 [Thread-2686] INFO  impl.RaftServerImpl (RaftServerImpl.java:setRole(184)) - b32d7882-88db-4fe6-9cca-6a25122d474d@group-896385CD49EE: changes role from  FOLLOWER to CANDIDATE at term 211 for changeToCandidate
2019-10-17 02:14:59,480 [Thread-2686] INFO  impl.RoleInfo (RoleInfo.java:updateAndGet(143)) - b32d7882-88db-4fe6-9cca-6a25122d474d: start LeaderElection
2019-10-17 02:14:59,494 [b32d7882-88db-4fe6-9cca-6a25122d474d@group-896385CD49EE-LeaderElection264] INFO  impl.LeaderElection (LeaderElection.java:askForVotes(178)) - b32d7882-88db-4fe6-9cca-6a25122d474d@group-896385CD49EE-LeaderElection264: begin an election at term 212 for -1: [b32d7882-88db-4fe6-9cca-6a25122d474d:192.168.157.194:42206, 3aea292b-16fb-4e9b-be90-828afa8e8047:192.168.157.194:34569, a6b2ebfb-69a0-457c-b6cd-a50cc148b564:192.168.157.194:37298], old=null
2019-10-17 02:14:59,496 [grpc-default-executor-0] INFO  impl.RaftServerImpl (RaftServerImpl.java:setRole(184)) - 3aea292b-16fb-4e9b-be90-828afa8e8047@group-896385CD49EE: changes role from  FOLLOWER to FOLLOWER at term 212 for recognizeCandidate:b32d7882-88db-4fe6-9cca-6a25122d474d
2019-10-17 02:14:59,496 [grpc-default-executor-0] INFO  impl.RoleInfo (RoleInfo.java:shutdownFollowerState(121)) - 3aea292b-16fb-4e9b-be90-828afa8e8047: shutdown FollowerState
2019-10-17 02:14:59,496 [grpc-default-executor-2] INFO  impl.RaftServerImpl (RaftServerImpl.java:setRole(184)) - a6b2ebfb-69a0-457c-b6cd-a50cc148b564@group-896385CD49EE: changes role from  FOLLOWER to FOLLOWER at term 212 for recognizeCandidate:b32d7882-88db-4fe6-9cca-6a25122d474d
2019-10-17 02:14:59,496 [grpc-default-executor-2] INFO  impl.RoleInfo (RoleInfo.java:shutdownFollowerState(121)) - a6b2ebfb-69a0-457c-b6cd-a50cc148b564: shutdown FollowerState
2019-10-17 02:14:59,496 [Thread-2684] INFO  impl.FollowerState (FollowerState.java:run(117)) - 3aea292b-16fb-4e9b-be90-828afa8e8047@group-896385CD49EE-FollowerState was interrupted: java.lang.InterruptedException: sleep interrupted
2019-10-17 02:14:59,496 [grpc-default-executor-0] INFO  impl.RoleInfo (RoleInfo.java:updateAndGet(143)) - 3aea292b-16fb-4e9b-be90-828afa8e8047: start FollowerState
2019-10-17 02:14:59,496 [Thread-2685] INFO  impl.FollowerState (FollowerState.java:run(117)) - a6b2ebfb-69a0-457c-b6cd-a50cc148b564@group-896385CD49EE-FollowerState was interrupted: java.lang.InterruptedException: sleep interrupted
2019-10-17 02:14:59,496 [grpc-default-executor-2] INFO  impl.RoleInfo (RoleInfo.java:updateAndGet(143)) - a6b2ebfb-69a0-457c-b6cd-a50cc148b564: start FollowerState
2019-10-17 02:14:59,511 [b32d7882-88db-4fe6-9cca-6a25122d474d@group-896385CD49EE-LeaderElection264] INFO  impl.LeaderElection (LeaderElection.java:logAndReturn(56)) - b32d7882-88db-4fe6-9cca-6a25122d474d@group-896385CD49EE-LeaderElection264: Election REJECTED; received 2 response(s) [b32d7882-88db-4fe6-9cca-6a25122d474d<-3aea292b-16fb-4e9b-be90-828afa8e8047#0:FAIL-t212, b32d7882-88db-4fe6-9cca-6a25122d474d<-a6b2ebfb-69a0-457c-b6cd-a50cc148b564#0:FAIL-t212] and 0 exception(s); b32d7882-88db-4fe6-9cca-6a25122d474d@group-896385CD49EE:t212, leader=null, voted=b32d7882-88db-4fe6-9cca-6a25122d474d, raftlog=b32d7882-88db-4fe6-9cca-6a25122d474d@group-896385CD49EE-SegmentedRaftLog:OPENED:c-1,f-1,i0, conf=-1: [b32d7882-88db-4fe6-9cca-6a25122d474d:192.168.157.194:42206, 3aea292b-16fb-4e9b-be90-828afa8e8047:192.168.157.194:34569, a6b2ebfb-69a0-457c-b6cd-a50cc148b564:192.168.157.194:37298], old=null
2019-10-17 02:14:59,511 [b32d7882-88db-4fe6-9cca-6a25122d474d@group-896385CD49EE-LeaderElection264] INFO  impl.RaftServerImpl (RaftServerImpl.java:setRole(184)) - b32d7882-88db-4fe6-9cca-6a25122d474d@group-896385CD49EE: changes role from CANDIDATE to FOLLOWER at term 212 for DISCOVERED_A_NEW_TERM
2019-10-17 02:14:59,511 [b32d7882-88db-4fe6-9cca-6a25122d474d@group-896385CD49EE-LeaderElection264] INFO  impl.RoleInfo (RoleInfo.java:shutdownLeaderElection(134)) - b32d7882-88db-4fe6-9cca-6a25122d474d: shutdown LeaderElection
2019-10-17 02:14:59,511 [b32d7882-88db-4fe6-9cca-6a25122d474d@group-896385CD49EE-LeaderElection264] INFO  impl.RoleInfo (RoleInfo.java:updateAndGet(143)) - b32d7882-88db-4fe6-9cca-6a25122d474d: start FollowerState
2019-10-17 02:14:59,653 [Thread-2692] INFO  impl.FollowerState (FollowerState.java:run(108)) - b32d7882-88db-4fe6-9cca-6a25122d474d@group-896385CD49EE-FollowerState: change to CANDIDATE, lastRpcTime:142ms, electionTimeout:142ms
2019-10-17 02:14:59,654 [Thread-2692] INFO  impl.RoleInfo (RoleInfo.java:shutdownFollowerState(121)) - b32d7882-88db-4fe6-9cca-6a25122d474d: shutdown FollowerState
2019-10-17 02:14:59,654 [Thread-2692] INFO  impl.RaftServerImpl (RaftServerImpl.java:setRole(184)) - b32d7882-88db-4fe6-9cca-6a25122d474d@group-896385CD49EE: changes role from  FOLLOWER to CANDIDATE at term 212 for changeToCandidate
2019-10-17 02:14:59,654 [Thread-2692] INFO  impl.RoleInfo (RoleInfo.java:updateAndGet(143)) - b32d7882-88db-4fe6-9cca-6a25122d474d: start LeaderElection
2019-10-17 02:14:59,668 [b32d7882-88db-4fe6-9cca-6a25122d474d@group-896385CD49EE-LeaderElection265] INFO  impl.LeaderElection (LeaderElection.java:askForVotes(178)) - b32d7882-88db-4fe6-9cca-6a25122d474d@group-896385CD49EE-LeaderElection265: begin an election at term 213 for -1: [b32d7882-88db-4fe6-9cca-6a25122d474d:192.168.157.194:42206, 3aea292b-16fb-4e9b-be90-828afa8e8047:192.168.157.194:34569, a6b2ebfb-69a0-457c-b6cd-a50cc148b564:192.168.157.194:37298], old=null
2019-10-17 02:14:59,670 [grpc-default-executor-0] INFO  impl.RaftServerImpl (RaftServerImpl.java:setRole(184)) - 3aea292b-16fb-4e9b-be90-828afa8e8047@group-896385CD49EE: changes role from  FOLLOWER to FOLLOWER at term 213 for recognizeCandidate:b32d7882-88db-4fe6-9cca-6a25122d474d
2019-10-17 02:14:59,671 [grpc-default-executor-0] INFO  impl.RoleInfo (RoleInfo.java:shutdownFollowerState(121)) - 3aea292b-16fb-4e9b-be90-828afa8e8047: shutdown FollowerState
2019-10-17 02:14:59,671 [grpc-default-executor-2] INFO  impl.RaftServerImpl (RaftServerImpl.java:setRole(184)) - a6b2ebfb-69a0-457c-b6cd-a50cc148b564@group-896385CD49EE: changes role from  FOLLOWER to FOLLOWER at term 213 for recognizeCandidate:b32d7882-88db-4fe6-9cca-6a25122d474d
2019-10-17 02:14:59,671 [Thread-2690] INFO  impl.FollowerState (FollowerState.java:run(117)) - 3aea292b-16fb-4e9b-be90-828afa8e8047@group-896385CD49EE-FollowerState was interrupted: java.lang.InterruptedException: sleep interrupted
2019-10-17 02:14:59,671 [grpc-default-executor-0] INFO  impl.RoleInfo (RoleInfo.java:updateAndGet(143)) - 3aea292b-16fb-4e9b-be90-828afa8e8047: start FollowerState
2019-10-17 02:14:59,671 [grpc-default-executor-2] INFO  impl.RoleInfo (RoleInfo.java:shutdownFollowerState(121)) - a6b2ebfb-69a0-457c-b6cd-a50cc148b564: shutdown FollowerState
2019-10-17 02:14:59,671 [grpc-default-executor-2] INFO  impl.RoleInfo (RoleInfo.java:updateAndGet(143)) - a6b2ebfb-69a0-457c-b6cd-a50cc148b564: start FollowerState
2019-10-17 02:14:59,671 [Thread-2691] INFO  impl.FollowerState (FollowerState.java:run(117)) - a6b2ebfb-69a0-457c-b6cd-a50cc148b564@group-896385CD49EE-FollowerState was interrupted: java.lang.InterruptedException: sleep interrupted
2019-10-17 02:14:59,690 [b32d7882-88db-4fe6-9cca-6a25122d474d@group-896385CD49EE-LeaderElection265] INFO  impl.LeaderElection (LeaderElection.java:logAndReturn(56)) - b32d7882-88db-4fe6-9cca-6a25122d474d@group-896385CD49EE-LeaderElection265: Election REJECTED; received 2 response(s) [b32d7882-88db-4fe6-9cca-6a25122d474d<-3aea292b-16fb-4e9b-be90-828afa8e8047#0:FAIL-t213, b32d7882-88db-4fe6-9cca-6a25122d474d<-a6b2ebfb-69a0-457c-b6cd-a50cc148b564#0:FAIL-t213] and 0 exception(s); b32d7882-88db-4fe6-9cca-6a25122d474d@group-896385CD49EE:t213, leader=null, voted=b32d7882-88db-4fe6-9cca-6a25122d474d, raftlog=b32d7882-88db-4fe6-9cca-6a25122d474d@group-896385CD49EE-SegmentedRaftLog:OPENED:c-1,f-1,i0, conf=-1: [b32d7882-88db-4fe6-9cca-6a25122d474d:192.168.157.194:42206, 3aea292b-16fb-4e9b-be90-828afa8e8047:192.168.157.194:34569, a6b2ebfb-69a0-457c-b6cd-a50cc148b564:192.168.157.194:37298], old=null
2019-10-17 02:14:59,690 [b32d7882-88db-4fe6-9cca-6a25122d474d@group-896385CD49EE-LeaderElection265] INFO  impl.RaftServerImpl (RaftServerImpl.java:setRole(184)) - b32d7882-88db-4fe6-9cca-6a25122d474d@group-896385CD49EE: changes role from CANDIDATE to FOLLOWER at term 213 for DISCOVERED_A_NEW_TERM
2019-10-17 02:14:59,690 [b32d7882-88db-4fe6-9cca-6a25122d474d@group-896385CD49EE-LeaderElection265] INFO  impl.RoleInfo (RoleInfo.java:shutdownLeaderElection(134)) - b32d7882-88db-4fe6-9cca-6a25122d474d: shutdown LeaderElection
2019-10-17 02:14:59,690 [b32d7882-88db-4fe6-9cca-6a25122d474d@group-896385CD49EE-LeaderElection265] INFO  impl.RoleInfo (RoleInfo.java:updateAndGet(143)) - b32d7882-88db-4fe6-9cca-6a25122d474d: start FollowerState
2019-10-17 02:14:59,850 [Thread-2698] INFO  impl.FollowerState (FollowerState.java:run(108)) - b32d7882-88db-4fe6-9cca-6a25122d474d@group-896385CD49EE-FollowerState: change to CANDIDATE, lastRpcTime:160ms, electionTimeout:160ms
2019-10-17 02:14:59,851 [Thread-2698] INFO  impl.RoleInfo (RoleInfo.java:shutdownFollowerState(121)) - b32d7882-88db-4fe6-9cca-6a25122d474d: shutdown FollowerState
2019-10-17 02:14:59,851 [Thread-2698] INFO  impl.RaftServerImpl (RaftServerImpl.java:setRole(184)) - b32d7882-88db-4fe6-9cca-6a25122d474d@group-896385CD49EE: changes role from  FOLLOWER to CANDIDATE at term 213 for changeToCandidate
2019-10-17 02:14:59,851 [Thread-2698] INFO  impl.RoleInfo (RoleInfo.java:updateAndGet(143)) - b32d7882-88db-4fe6-9cca-6a25122d474d: start LeaderElection
2019-10-17 02:14:59,865 [b32d7882-88db-4fe6-9cca-6a25122d474d@group-896385CD49EE-LeaderElection266] INFO  impl.LeaderElection (LeaderElection.java:askForVotes(178)) - b32d7882-88db-4fe6-9cca-6a25122d474d@group-896385CD49EE-LeaderElection266: begin an election at term 214 for -1: [b32d7882-88db-4fe6-9cca-6a25122d474d:192.168.157.194:42206, 3aea292b-16fb-4e9b-be90-828afa8e8047:192.168.157.194:34569, a6b2ebfb-69a0-457c-b6cd-a50cc148b564:192.168.157.194:37298], old=null
2019-10-17 02:14:59,867 [grpc-default-executor-2] INFO  impl.RaftServerImpl (RaftServerImpl.java:setRole(184)) - 3aea292b-16fb-4e9b-be90-828afa8e8047@group-896385CD49EE: changes role from  FOLLOWER to FOLLOWER at term 214 for recognizeCandidate:b32d7882-88db-4fe6-9cca-6a25122d474d
2019-10-17 02:14:59,867 [grpc-default-executor-0] INFO  impl.RaftServerImpl (RaftServerImpl.java:setRole(184)) - a6b2ebfb-69a0-457c-b6cd-a50cc148b564@group-896385CD49EE: changes role from  FOLLOWER to FOLLOWER at term 214 for recognizeCandidate:b32d7882-88db-4fe6-9cca-6a25122d474d
2019-10-17 02:14:59,867 [grpc-default-executor-0] INFO  impl.RoleInfo (RoleInfo.java:shutdownFollowerState(121)) - a6b2ebfb-69a0-457c-b6cd-a50cc148b564: shutdown FollowerState
2019-10-17 02:14:59,867 [grpc-default-executor-2] INFO  impl.RoleInfo (RoleInfo.java:shutdownFollowerState(121)) - 3aea292b-16fb-4e9b-be90-828afa8e8047: shutdown FollowerState
2019-10-17 02:14:59,867 [Thread-2697] INFO  impl.FollowerState (FollowerState.java:run(117)) - a6b2ebfb-69a0-457c-b6cd-a50cc148b564@group-896385CD49EE-FollowerState was interrupted: java.lang.InterruptedException: sleep interrupted
2019-10-17 02:14:59,867 [grpc-default-executor-0] INFO  impl.RoleInfo (RoleInfo.java:updateAndGet(143)) - a6b2ebfb-69a0-457c-b6cd-a50cc148b564: start FollowerState
2019-10-17 02:14:59,868 [Thread-2696] INFO  impl.FollowerState (FollowerState.java:run(117)) - 3aea292b-16fb-4e9b-be90-828afa8e8047@group-896385CD49EE-FollowerState was interrupted: java.lang.InterruptedException: sleep interrupted
2019-10-17 02:14:59,868 [grpc-default-executor-2] INFO  impl.RoleInfo (RoleInfo.java:updateAndGet(143)) - 3aea292b-16fb-4e9b-be90-828afa8e8047: start FollowerState
2019-10-17 02:14:59,882 [b32d7882-88db-4fe6-9cca-6a25122d474d@group-896385CD49EE-LeaderElection266] INFO  impl.LeaderElection (LeaderElection.java:logAndReturn(56)) - b32d7882-88db-4fe6-9cca-6a25122d474d@group-896385CD49EE-LeaderElection266: Election REJECTED; received 2 response(s) [b32d7882-88db-4fe6-9cca-6a25122d474d<-3aea292b-16fb-4e9b-be90-828afa8e8047#0:FAIL-t214, b32d7882-88db-4fe6-9cca-6a25122d474d<-a6b2ebfb-69a0-457c-b6cd-a50cc148b564#0:FAIL-t214] and 0 exception(s); b32d7882-88db-4fe6-9cca-6a25122d474d@group-896385CD49EE:t214, leader=null, voted=b32d7882-88db-4fe6-9cca-6a25122d474d, raftlog=b32d7882-88db-4fe6-9cca-6a25122d474d@group-896385CD49EE-SegmentedRaftLog:OPENED:c-1,f-1,i0, conf=-1: [b32d7882-88db-4fe6-9cca-6a25122d474d:192.168.157.194:42206, 3aea292b-16fb-4e9b-be90-828afa8e8047:192.168.157.194:34569, a6b2ebfb-69a0-457c-b6cd-a50cc148b564:192.168.157.194:37298], old=null
2019-10-17 02:14:59,882 [b32d7882-88db-4fe6-9cca-6a25122d474d@group-896385CD49EE-LeaderElection266] INFO  impl.RaftServerImpl (RaftServerImpl.java:setRole(184)) - b32d7882-88db-4fe6-9cca-6a25122d474d@group-896385CD49EE: changes role from CANDIDATE to FOLLOWER at term 214 for DISCOVERED_A_NEW_TERM
2019-10-17 02:14:59,882 [b32d7882-88db-4fe6-9cca-6a25122d474d@group-896385CD49EE-LeaderElection266] INFO  impl.RoleInfo (RoleInfo.java:shutdownLeaderElection(134)) - b32d7882-88db-4fe6-9cca-6a25122d474d: shutdown LeaderElection
2019-10-17 02:14:59,882 [b32d7882-88db-4fe6-9cca-6a25122d474d@group-896385CD49EE-LeaderElection266] INFO  impl.RoleInfo (RoleInfo.java:updateAndGet(143)) - b32d7882-88db-4fe6-9cca-6a25122d474d: start FollowerState
2019-10-17 02:15:00,010 [Thread-2704] INFO  impl.FollowerState (FollowerState.java:run(108)) - b32d7882-88db-4fe6-9cca-6a25122d474d@group-896385CD49EE-FollowerState: change to CANDIDATE, lastRpcTime:127ms, electionTimeout:127ms
2019-10-17 02:15:00,010 [Thread-2704] INFO  impl.RoleInfo (RoleInfo.java:shutdownFollowerState(121)) - b32d7882-88db-4fe6-9cca-6a25122d474d: shutdown FollowerState
2019-10-17 02:15:00,010 [Thread-2704] INFO  impl.RaftServerImpl (RaftServerImpl.java:setRole(184)) - b32d7882-88db-4fe6-9cca-6a25122d474d@group-896385CD49EE: changes role from  FOLLOWER to CANDIDATE at term 214 for changeToCandidate
2019-10-17 02:15:00,010 [Thread-2704] INFO  impl.RoleInfo (RoleInfo.java:updateAndGet(143)) - b32d7882-88db-4fe6-9cca-6a25122d474d: start LeaderElection
2019-10-17 02:15:00,024 [b32d7882-88db-4fe6-9cca-6a25122d474d@group-896385CD49EE-LeaderElection267] INFO  impl.LeaderElection (LeaderElection.java:askForVotes(178)) - b32d7882-88db-4fe6-9cca-6a25122d474d@group-896385CD49EE-LeaderElection267: begin an election at term 215 for -1: [b32d7882-88db-4fe6-9cca-6a25122d474d:192.168.157.194:42206, 3aea292b-16fb-4e9b-be90-828afa8e8047:192.168.157.194:34569, a6b2ebfb-69a0-457c-b6cd-a50cc148b564:192.168.157.194:37298], old=null
2019-10-17 02:15:00,026 [grpc-default-executor-2] INFO  impl.RaftServerImpl (RaftServerImpl.java:setRole(184)) - 3aea292b-16fb-4e9b-be90-828afa8e8047@group-896385CD49EE: changes role from  FOLLOWER to FOLLOWER at term 215 for recognizeCandidate:b32d7882-88db-4fe6-9cca-6a25122d474d
2019-10-17 02:15:00,026 [grpc-default-executor-2] INFO  impl.RoleInfo (RoleInfo.java:shutdownFollowerState(121)) - 3aea292b-16fb-4e9b-be90-828afa8e8047: shutdown FollowerState
2019-10-17 02:15:00,026 [grpc-default-executor-0] INFO  impl.RaftServerImpl (RaftServerImpl.java:setRole(184)) - a6b2ebfb-69a0-457c-b6cd-a50cc148b564@group-896385CD49EE: changes role from  FOLLOWER to FOLLOWER at term 215 for recognizeCandidate:b32d7882-88db-4fe6-9cca-6a25122d474d
2019-10-17 02:15:00,027 [Thread-2703] INFO  impl.FollowerState (FollowerState.java:run(117)) - 3aea292b-16fb-4e9b-be90-828afa8e8047@group-896385CD49EE-FollowerState was interrupted: java.lang.InterruptedException: sleep interrupted
2019-10-17 02:15:00,027 [grpc-default-executor-2] INFO  impl.RoleInfo (RoleInfo.java:updateAndGet(143)) - 3aea292b-16fb-4e9b-be90-828afa8e8047: start FollowerState
2019-10-17 02:15:00,027 [grpc-default-executor-0] INFO  impl.RoleInfo (RoleInfo.java:shutdownFollowerState(121)) - a6b2ebfb-69a0-457c-b6cd-a50cc148b564: shutdown FollowerState
2019-10-17 02:15:00,027 [grpc-default-executor-0] INFO  impl.RoleInfo (RoleInfo.java:updateAndGet(143)) - a6b2ebfb-69a0-457c-b6cd-a50cc148b564: start FollowerState
2019-10-17 02:15:00,027 [Thread-2702] INFO  impl.FollowerState (FollowerState.java:run(117)) - a6b2ebfb-69a0-457c-b6cd-a50cc148b564@group-896385CD49EE-FollowerState was interrupted: java.lang.InterruptedException: sleep interrupted
2019-10-17 02:15:00,041 [b32d7882-88db-4fe6-9cca-6a25122d474d@group-896385CD49EE-LeaderElection267] INFO  impl.LeaderElection (LeaderElection.java:logAndReturn(56)) - b32d7882-88db-4fe6-9cca-6a25122d474d@group-896385CD49EE-LeaderElection267: Election REJECTED; received 2 response(s) [b32d7882-88db-4fe6-9cca-6a25122d474d<-3aea292b-16fb-4e9b-be90-828afa8e8047#0:FAIL-t215, b32d7882-88db-4fe6-9cca-6a25122d474d<-a6b2ebfb-69a0-457c-b6cd-a50cc148b564#0:FAIL-t215] and 0 exception(s); b32d7882-88db-4fe6-9cca-6a25122d474d@group-896385CD49EE:t215, leader=null, voted=b32d7882-88db-4fe6-9cca-6a25122d474d, raftlog=b32d7882-88db-4fe6-9cca-6a25122d474d@group-896385CD49EE-SegmentedRaftLog:OPENED:c-1,f-1,i0, conf=-1: [b32d7882-88db-4fe6-9cca-6a25122d474d:192.168.157.194:42206, 3aea292b-16fb-4e9b-be90-828afa8e8047:192.168.157.194:34569, a6b2ebfb-69a0-457c-b6cd-a50cc148b564:192.168.157.194:37298], old=null
2019-10-17 02:15:00,041 [b32d7882-88db-4fe6-9cca-6a25122d474d@group-896385CD49EE-LeaderElection267] INFO  impl.RaftServerImpl (RaftServerImpl.java:setRole(184)) - b32d7882-88db-4fe6-9cca-6a25122d474d@group-896385CD49EE: changes role from CANDIDATE to FOLLOWER at term 215 for DISCOVERED_A_NEW_TERM
2019-10-17 02:15:00,042 [b32d7882-88db-4fe6-9cca-6a25122d474d@group-896385CD49EE-LeaderElection267] INFO  impl.RoleInfo (RoleInfo.java:shutdownLeaderElection(134)) - b32d7882-88db-4fe6-9cca-6a25122d474d: shutdown LeaderElection
2019-10-17 02:15:00,042 [b32d7882-88db-4fe6-9cca-6a25122d474d@group-896385CD49EE-LeaderElection267] INFO  impl.RoleInfo (RoleInfo.java:updateAndGet(143)) - b32d7882-88db-4fe6-9cca-6a25122d474d: start FollowerState
2019-10-17 02:15:00,153 [main] INFO  ozone.MiniOzoneClusterImpl (MiniOzoneClusterImpl.java:lambda$waitForClusterToBeReady$2(164)) - Waiting for 1 number of pipelines out of 4, to report a leader.
2019-10-17 02:15:00,165 [Thread-2710] INFO  impl.FollowerState (FollowerState.java:run(108)) - b32d7882-88db-4fe6-9cca-6a25122d474d@group-896385CD49EE-FollowerState: change to CANDIDATE, lastRpcTime:123ms, electionTimeout:123ms
2019-10-17 02:15:00,165 [Thread-2710] INFO  impl.RoleInfo (RoleInfo.java:shutdownFollowerState(121)) - b32d7882-88db-4fe6-9cca-6a25122d474d: shutdown FollowerState
2019-10-17 02:15:00,165 [Thread-2710] INFO  impl.RaftServerImpl (RaftServerImpl.java:setRole(184)) - b32d7882-88db-4fe6-9cca-6a25122d474d@group-896385CD49EE: changes role from  FOLLOWER to CANDIDATE at term 215 for changeToCandidate
2019-10-17 02:15:00,165 [Thread-2710] INFO  impl.RoleInfo (RoleInfo.java:updateAndGet(143)) - b32d7882-88db-4fe6-9cca-6a25122d474d: start LeaderElection
2019-10-17 02:15:00,177 [b32d7882-88db-4fe6-9cca-6a25122d474d@group-896385CD49EE-LeaderElection268] INFO  impl.LeaderElection (LeaderElection.java:askForVotes(178)) - b32d7882-88db-4fe6-9cca-6a25122d474d@group-896385CD49EE-LeaderElection268: begin an election at term 216 for -1: [b32d7882-88db-4fe6-9cca-6a25122d474d:192.168.157.194:42206, 3aea292b-16fb-4e9b-be90-828afa8e8047:192.168.157.194:34569, a6b2ebfb-69a0-457c-b6cd-a50cc148b564:192.168.157.194:37298], old=null
2019-10-17 02:15:00,178 [grpc-default-executor-2] INFO  impl.RaftServerImpl (RaftServerImpl.java:setRole(184)) - 3aea292b-16fb-4e9b-be90-828afa8e8047@group-896385CD49EE: changes role from  FOLLOWER to FOLLOWER at term 216 for recognizeCandidate:b32d7882-88db-4fe6-9cca-6a25122d474d
2019-10-17 02:15:00,179 [grpc-default-executor-2] INFO  impl.RoleInfo (RoleInfo.java:shutdownFollowerState(121)) - 3aea292b-16fb-4e9b-be90-828afa8e8047: shutdown FollowerState
2019-10-17 02:15:00,179 [grpc-default-executor-2] INFO  impl.RoleInfo (RoleInfo.java:updateAndGet(143)) - 3aea292b-16fb-4e9b-be90-828afa8e8047: start FollowerState
2019-10-17 02:15:00,179 [Thread-2708] INFO  impl.FollowerState (FollowerState.java:run(117)) - 3aea292b-16fb-4e9b-be90-828afa8e8047@group-896385CD49EE-FollowerState was interrupted: java.lang.InterruptedException: sleep interrupted
2019-10-17 02:15:00,179 [grpc-default-executor-0] INFO  impl.RaftServerImpl (RaftServerImpl.java:setRole(184)) - a6b2ebfb-69a0-457c-b6cd-a50cc148b564@group-896385CD49EE: changes role from  FOLLOWER to FOLLOWER at term 216 for recognizeCandidate:b32d7882-88db-4fe6-9cca-6a25122d474d
2019-10-17 02:15:00,179 [grpc-default-executor-0] INFO  impl.RoleInfo (RoleInfo.java:shutdownFollowerState(121)) - a6b2ebfb-69a0-457c-b6cd-a50cc148b564: shutdown FollowerState
2019-10-17 02:15:00,180 [grpc-default-executor-0] INFO  impl.RoleInfo (RoleInfo.java:updateAndGet(143)) - a6b2ebfb-69a0-457c-b6cd-a50cc148b564: start FollowerState
2019-10-17 02:15:00,180 [Thread-2709] INFO  impl.FollowerState (FollowerState.java:run(117)) - a6b2ebfb-69a0-457c-b6cd-a50cc148b564@group-896385CD49EE-FollowerState was interrupted: java.lang.InterruptedException: sleep interrupted
2019-10-17 02:15:00,192 [b32d7882-88db-4fe6-9cca-6a25122d474d@group-896385CD49EE-LeaderElection268] INFO  impl.LeaderElection (LeaderElection.java:logAndReturn(56)) - b32d7882-88db-4fe6-9cca-6a25122d474d@group-896385CD49EE-LeaderElection268: Election REJECTED; received 2 response(s) [b32d7882-88db-4fe6-9cca-6a25122d474d<-3aea292b-16fb-4e9b-be90-828afa8e8047#0:FAIL-t216, b32d7882-88db-4fe6-9cca-6a25122d474d<-a6b2ebfb-69a0-457c-b6cd-a50cc148b564#0:FAIL-t216] and 0 exception(s); b32d7882-88db-4fe6-9cca-6a25122d474d@group-896385CD49EE:t216, leader=null, voted=b32d7882-88db-4fe6-9cca-6a25122d474d, raftlog=b32d7882-88db-4fe6-9cca-6a25122d474d@group-896385CD49EE-SegmentedRaftLog:OPENED:c-1,f-1,i0, conf=-1: [b32d7882-88db-4fe6-9cca-6a25122d474d:192.168.157.194:42206, 3aea292b-16fb-4e9b-be90-828afa8e8047:192.168.157.194:34569, a6b2ebfb-69a0-457c-b6cd-a50cc148b564:192.168.157.194:37298], old=null
2019-10-17 02:15:00,192 [b32d7882-88db-4fe6-9cca-6a25122d474d@group-896385CD49EE-LeaderElection268] INFO  impl.RaftServerImpl (RaftServerImpl.java:setRole(184)) - b32d7882-88db-4fe6-9cca-6a25122d474d@group-896385CD49EE: changes role from CANDIDATE to FOLLOWER at term 216 for DISCOVERED_A_NEW_TERM
2019-10-17 02:15:00,192 [b32d7882-88db-4fe6-9cca-6a25122d474d@group-896385CD49EE-LeaderElection268] INFO  impl.RoleInfo (RoleInfo.java:shutdownLeaderElection(134)) - b32d7882-88db-4fe6-9cca-6a25122d474d: shutdown LeaderElection
2019-10-17 02:15:00,192 [b32d7882-88db-4fe6-9cca-6a25122d474d@group-896385CD49EE-LeaderElection268] INFO  impl.RoleInfo (RoleInfo.java:updateAndGet(143)) - b32d7882-88db-4fe6-9cca-6a25122d474d: start FollowerState
2019-10-17 02:15:00,198 [Thread-2716] INFO  impl.FollowerState (FollowerState.java:run(108)) - b32d7882-88db-4fe6-9cca-6a25122d474d@group-896385CD49EE-FollowerState: change to CANDIDATE, lastRpcTime:6ms, electionTimeout:6ms
2019-10-17 02:15:00,199 [Thread-2716] INFO  impl.RoleInfo (RoleInfo.java:shutdownFollowerState(121)) - b32d7882-88db-4fe6-9cca-6a25122d474d: shutdown FollowerState
2019-10-17 02:15:00,199 [Thread-2716] INFO  impl.RaftServerImpl (RaftServerImpl.java:setRole(184)) - b32d7882-88db-4fe6-9cca-6a25122d474d@group-896385CD49EE: changes role from  FOLLOWER to CANDIDATE at term 216 for changeToCandidate
2019-10-17 02:15:00,199 [Thread-2716] INFO  impl.RoleInfo (RoleInfo.java:updateAndGet(143)) - b32d7882-88db-4fe6-9cca-6a25122d474d: start LeaderElection
2019-10-17 02:15:00,209 [b32d7882-88db-4fe6-9cca-6a25122d474d@group-896385CD49EE-LeaderElection269] INFO  impl.LeaderElection (LeaderElection.java:askForVotes(178)) - b32d7882-88db-4fe6-9cca-6a25122d474d@group-896385CD49EE-LeaderElection269: begin an election at term 217 for -1: [b32d7882-88db-4fe6-9cca-6a25122d474d:192.168.157.194:42206, 3aea292b-16fb-4e9b-be90-828afa8e8047:192.168.157.194:34569, a6b2ebfb-69a0-457c-b6cd-a50cc148b564:192.168.157.194:37298], old=null
2019-10-17 02:15:00,211 [grpc-default-executor-0] INFO  impl.RaftServerImpl (RaftServerImpl.java:setRole(184)) - a6b2ebfb-69a0-457c-b6cd-a50cc148b564@group-896385CD49EE: changes role from  FOLLOWER to FOLLOWER at term 217 for recognizeCandidate:b32d7882-88db-4fe6-9cca-6a25122d474d
2019-10-17 02:15:00,211 [grpc-default-executor-0] INFO  impl.RoleInfo (RoleInfo.java:shutdownFollowerState(121)) - a6b2ebfb-69a0-457c-b6cd-a50cc148b564: shutdown FollowerState
2019-10-17 02:15:00,211 [grpc-default-executor-0] INFO  impl.RoleInfo (RoleInfo.java:updateAndGet(143)) - a6b2ebfb-69a0-457c-b6cd-a50cc148b564: start FollowerState
2019-10-17 02:15:00,211 [Thread-2715] INFO  impl.FollowerState (FollowerState.java:run(117)) - a6b2ebfb-69a0-457c-b6cd-a50cc148b564@group-896385CD49EE-FollowerState was interrupted: java.lang.InterruptedException: sleep interrupted
2019-10-17 02:15:00,211 [grpc-default-executor-2] INFO  impl.RaftServerImpl (RaftServerImpl.java:setRole(184)) - 3aea292b-16fb-4e9b-be90-828afa8e8047@group-896385CD49EE: changes role from  FOLLOWER to FOLLOWER at term 217 for recognizeCandidate:b32d7882-88db-4fe6-9cca-6a25122d474d
2019-10-17 02:15:00,212 [grpc-default-executor-2] INFO  impl.RoleInfo (RoleInfo.java:shutdownFollowerState(121)) - 3aea292b-16fb-4e9b-be90-828afa8e8047: shutdown FollowerState
2019-10-17 02:15:00,212 [grpc-default-executor-2] INFO  impl.RoleInfo (RoleInfo.java:updateAndGet(143)) - 3aea292b-16fb-4e9b-be90-828afa8e8047: start FollowerState
2019-10-17 02:15:00,212 [Thread-2714] INFO  impl.FollowerState (FollowerState.java:run(117)) - 3aea292b-16fb-4e9b-be90-828afa8e8047@group-896385CD49EE-FollowerState was interrupted: java.lang.InterruptedException: sleep interrupted
2019-10-17 02:15:00,224 [b32d7882-88db-4fe6-9cca-6a25122d474d@group-896385CD49EE-LeaderElection269] INFO  impl.LeaderElection (LeaderElection.java:logAndReturn(56)) - b32d7882-88db-4fe6-9cca-6a25122d474d@group-896385CD49EE-LeaderElection269: Election REJECTED; received 2 response(s) [b32d7882-88db-4fe6-9cca-6a25122d474d<-3aea292b-16fb-4e9b-be90-828afa8e8047#0:FAIL-t217, b32d7882-88db-4fe6-9cca-6a25122d474d<-a6b2ebfb-69a0-457c-b6cd-a50cc148b564#0:FAIL-t217] and 0 exception(s); b32d7882-88db-4fe6-9cca-6a25122d474d@group-896385CD49EE:t217, leader=null, voted=b32d7882-88db-4fe6-9cca-6a25122d474d, raftlog=b32d7882-88db-4fe6-9cca-6a25122d474d@group-896385CD49EE-SegmentedRaftLog:OPENED:c-1,f-1,i0, conf=-1: [b32d7882-88db-4fe6-9cca-6a25122d474d:192.168.157.194:42206, 3aea292b-16fb-4e9b-be90-828afa8e8047:192.168.157.194:34569, a6b2ebfb-69a0-457c-b6cd-a50cc148b564:192.168.157.194:37298], old=null
2019-10-17 02:15:00,225 [b32d7882-88db-4fe6-9cca-6a25122d474d@group-896385CD49EE-LeaderElection269] INFO  impl.RaftServerImpl (RaftServerImpl.java:setRole(184)) - b32d7882-88db-4fe6-9cca-6a25122d474d@group-896385CD49EE: changes role from CANDIDATE to FOLLOWER at term 217 for DISCOVERED_A_NEW_TERM
2019-10-17 02:15:00,225 [b32d7882-88db-4fe6-9cca-6a25122d474d@group-896385CD49EE-LeaderElection269] INFO  impl.RoleInfo (RoleInfo.java:shutdownLeaderElection(134)) - b32d7882-88db-4fe6-9cca-6a25122d474d: shutdown LeaderElection
2019-10-17 02:15:00,225 [b32d7882-88db-4fe6-9cca-6a25122d474d@group-896385CD49EE-LeaderElection269] INFO  impl.RoleInfo (RoleInfo.java:updateAndGet(143)) - b32d7882-88db-4fe6-9cca-6a25122d474d: start FollowerState
2019-10-17 02:15:00,295 [Thread-2722] INFO  impl.FollowerState (FollowerState.java:run(108)) - b32d7882-88db-4fe6-9cca-6a25122d474d@group-896385CD49EE-FollowerState: change to CANDIDATE, lastRpcTime:70ms, electionTimeout:70ms
2019-10-17 02:15:00,295 [Thread-2722] INFO  impl.RoleInfo (RoleInfo.java:shutdownFollowerState(121)) - b32d7882-88db-4fe6-9cca-6a25122d474d: shutdown FollowerState
2019-10-17 02:15:00,295 [Thread-2722] INFO  impl.RaftServerImpl (RaftServerImpl.java:setRole(184)) - b32d7882-88db-4fe6-9cca-6a25122d474d@group-896385CD49EE: changes role from  FOLLOWER to CANDIDATE at term 217 for changeToCandidate
2019-10-17 02:15:00,296 [Thread-2722] INFO  impl.RoleInfo (RoleInfo.java:updateAndGet(143)) - b32d7882-88db-4fe6-9cca-6a25122d474d: start LeaderElection
2019-10-17 02:15:00,335 [b32d7882-88db-4fe6-9cca-6a25122d474d@group-896385CD49EE-LeaderElection270] INFO  impl.LeaderElection (LeaderElection.java:askForVotes(178)) - b32d7882-88db-4fe6-9cca-6a25122d474d@group-896385CD49EE-LeaderElection270: begin an election at term 218 for -1: [b32d7882-88db-4fe6-9cca-6a25122d474d:192.168.157.194:42206, 3aea292b-16fb-4e9b-be90-828afa8e8047:192.168.157.194:34569, a6b2ebfb-69a0-457c-b6cd-a50cc148b564:192.168.157.194:37298], old=null
2019-10-17 02:15:00,337 [grpc-default-executor-0] INFO  impl.RaftServerImpl (RaftServerImpl.java:setRole(184)) - 3aea292b-16fb-4e9b-be90-828afa8e8047@group-896385CD49EE: changes role from  FOLLOWER to FOLLOWER at term 218 for recognizeCandidate:b32d7882-88db-4fe6-9cca-6a25122d474d
2019-10-17 02:15:00,337 [grpc-default-executor-0] INFO  impl.RoleInfo (RoleInfo.java:shutdownFollowerState(121)) - 3aea292b-16fb-4e9b-be90-828afa8e8047: shutdown FollowerState
2019-10-17 02:15:00,337 [grpc-default-executor-2] INFO  impl.RaftServerImpl (RaftServerImpl.java:setRole(184)) - a6b2ebfb-69a0-457c-b6cd-a50cc148b564@group-896385CD49EE: changes role from  FOLLOWER to FOLLOWER at term 218 for recognizeCandidate:b32d7882-88db-4fe6-9cca-6a25122d474d
2019-10-17 02:15:00,337 [grpc-default-executor-2] INFO  impl.RoleInfo (RoleInfo.java:shutdownFollowerState(121)) - a6b2ebfb-69a0-457c-b6cd-a50cc148b564: shutdown FollowerState
2019-10-17 02:15:00,337 [Thread-2721] INFO  impl.FollowerState (FollowerState.java:run(117)) - 3aea292b-16fb-4e9b-be90-828afa8e8047@group-896385CD49EE-FollowerState was interrupted: java.lang.InterruptedException: sleep interrupted
2019-10-17 02:15:00,338 [Thread-2720] INFO  impl.FollowerState (FollowerState.java:run(117)) - a6b2ebfb-69a0-457c-b6cd-a50cc148b564@group-896385CD49EE-FollowerState was interrupted: java.lang.InterruptedException: sleep interrupted
2019-10-17 02:15:00,337 [grpc-default-executor-0] INFO  impl.RoleInfo (RoleInfo.java:updateAndGet(143)) - 3aea292b-16fb-4e9b-be90-828afa8e8047: start FollowerState
2019-10-17 02:15:00,338 [grpc-default-executor-2] INFO  impl.RoleInfo (RoleInfo.java:updateAndGet(143)) - a6b2ebfb-69a0-457c-b6cd-a50cc148b564: start FollowerState
2019-10-17 02:15:00,353 [b32d7882-88db-4fe6-9cca-6a25122d474d@group-896385CD49EE-LeaderElection270] INFO  impl.LeaderElection (LeaderElection.java:logAndReturn(56)) - b32d7882-88db-4fe6-9cca-6a25122d474d@group-896385CD49EE-LeaderElection270: Election REJECTED; received 2 response(s) [b32d7882-88db-4fe6-9cca-6a25122d474d<-3aea292b-16fb-4e9b-be90-828afa8e8047#0:FAIL-t218, b32d7882-88db-4fe6-9cca-6a25122d474d<-a6b2ebfb-69a0-457c-b6cd-a50cc148b564#0:FAIL-t218] and 0 exception(s); b32d7882-88db-4fe6-9cca-6a25122d474d@group-896385CD49EE:t218, leader=null, voted=b32d7882-88db-4fe6-9cca-6a25122d474d, raftlog=b32d7882-88db-4fe6-9cca-6a25122d474d@group-896385CD49EE-SegmentedRaftLog:OPENED:c-1,f-1,i0, conf=-1: [b32d7882-88db-4fe6-9cca-6a25122d474d:192.168.157.194:42206, 3aea292b-16fb-4e9b-be90-828afa8e8047:192.168.157.194:34569, a6b2ebfb-69a0-457c-b6cd-a50cc148b564:192.168.157.194:37298], old=null
2019-10-17 02:15:00,353 [b32d7882-88db-4fe6-9cca-6a25122d474d@group-896385CD49EE-LeaderElection270] INFO  impl.RaftServerImpl (RaftServerImpl.java:setRole(184)) - b32d7882-88db-4fe6-9cca-6a25122d474d@group-896385CD49EE: changes role from CANDIDATE to FOLLOWER at term 218 for DISCOVERED_A_NEW_TERM
2019-10-17 02:15:00,353 [b32d7882-88db-4fe6-9cca-6a25122d474d@group-896385CD49EE-LeaderElection270] INFO  impl.RoleInfo (RoleInfo.java:shutdownLeaderElection(134)) - b32d7882-88db-4fe6-9cca-6a25122d474d: shutdown LeaderElection
2019-10-17 02:15:00,353 [b32d7882-88db-4fe6-9cca-6a25122d474d@group-896385CD49EE-LeaderElection270] INFO  impl.RoleInfo (RoleInfo.java:updateAndGet(143)) - b32d7882-88db-4fe6-9cca-6a25122d474d: start FollowerState
2019-10-17 02:15:00,502 [Thread-2728] INFO  impl.FollowerState (FollowerState.java:run(108)) - b32d7882-88db-4fe6-9cca-6a25122d474d@group-896385CD49EE-FollowerState: change to CANDIDATE, lastRpcTime:149ms, electionTimeout:149ms
2019-10-17 02:15:00,503 [Thread-2728] INFO  impl.RoleInfo (RoleInfo.java:shutdownFollowerState(121)) - b32d7882-88db-4fe6-9cca-6a25122d474d: shutdown FollowerState
2019-10-17 02:15:00,503 [Thread-2728] INFO  impl.RaftServerImpl (RaftServerImpl.java:setRole(184)) - b32d7882-88db-4fe6-9cca-6a25122d474d@group-896385CD49EE: changes role from  FOLLOWER to CANDIDATE at term 218 for changeToCandidate
2019-10-17 02:15:00,503 [Thread-2728] INFO  impl.RoleInfo (RoleInfo.java:updateAndGet(143)) - b32d7882-88db-4fe6-9cca-6a25122d474d: start LeaderElection
2019-10-17 02:15:00,508 [b32d7882-88db-4fe6-9cca-6a25122d474d@group-896385CD49EE-LeaderElection271] INFO  impl.LeaderElection (LeaderElection.java:askForVotes(178)) - b32d7882-88db-4fe6-9cca-6a25122d474d@group-896385CD49EE-LeaderElection271: begin an election at term 219 for -1: [b32d7882-88db-4fe6-9cca-6a25122d474d:192.168.157.194:42206, 3aea292b-16fb-4e9b-be90-828afa8e8047:192.168.157.194:34569, a6b2ebfb-69a0-457c-b6cd-a50cc148b564:192.168.157.194:37298], old=null
2019-10-17 02:15:00,511 [grpc-default-executor-2] INFO  impl.RaftServerImpl (RaftServerImpl.java:setRole(184)) - 3aea292b-16fb-4e9b-be90-828afa8e8047@group-896385CD49EE: changes role from  FOLLOWER to FOLLOWER at term 219 for recognizeCandidate:b32d7882-88db-4fe6-9cca-6a25122d474d
2019-10-17 02:15:00,511 [grpc-default-executor-2] INFO  impl.RoleInfo (RoleInfo.java:shutdownFollowerState(121)) - 3aea292b-16fb-4e9b-be90-828afa8e8047: shutdown FollowerState
2019-10-17 02:15:00,511 [grpc-default-executor-0] INFO  impl.RaftServerImpl (RaftServerImpl.java:setRole(184)) - a6b2ebfb-69a0-457c-b6cd-a50cc148b564@group-896385CD49EE: changes role from  FOLLOWER to FOLLOWER at term 219 for recognizeCandidate:b32d7882-88db-4fe6-9cca-6a25122d474d
2019-10-17 02:15:00,511 [grpc-default-executor-2] INFO  impl.RoleInfo (RoleInfo.java:updateAndGet(143)) - 3aea292b-16fb-4e9b-be90-828afa8e8047: start FollowerState
2019-10-17 02:15:00,511 [Thread-2726] INFO  impl.FollowerState (FollowerState.java:run(117)) - 3aea292b-16fb-4e9b-be90-828afa8e8047@group-896385CD49EE-FollowerState was interrupted: java.lang.InterruptedException: sleep interrupted
2019-10-17 02:15:00,511 [grpc-default-executor-0] INFO  impl.RoleInfo (RoleInfo.java:shutdownFollowerState(121)) - a6b2ebfb-69a0-457c-b6cd-a50cc148b564: shutdown FollowerState
2019-10-17 02:15:00,512 [Thread-2727] INFO  impl.FollowerState (FollowerState.java:run(117)) - a6b2ebfb-69a0-457c-b6cd-a50cc148b564@group-896385CD49EE-FollowerState was interrupted: java.lang.InterruptedException: sleep interrupted
2019-10-17 02:15:00,512 [grpc-default-executor-0] INFO  impl.RoleInfo (RoleInfo.java:updateAndGet(143)) - a6b2ebfb-69a0-457c-b6cd-a50cc148b564: start FollowerState
2019-10-17 02:15:00,525 [b32d7882-88db-4fe6-9cca-6a25122d474d@group-896385CD49EE-LeaderElection271] INFO  impl.LeaderElection (LeaderElection.java:logAndReturn(56)) - b32d7882-88db-4fe6-9cca-6a25122d474d@group-896385CD49EE-LeaderElection271: Election REJECTED; received 2 response(s) [b32d7882-88db-4fe6-9cca-6a25122d474d<-3aea292b-16fb-4e9b-be90-828afa8e8047#0:FAIL-t219, b32d7882-88db-4fe6-9cca-6a25122d474d<-a6b2ebfb-69a0-457c-b6cd-a50cc148b564#0:FAIL-t219] and 0 exception(s); b32d7882-88db-4fe6-9cca-6a25122d474d@group-896385CD49EE:t219, leader=null, voted=b32d7882-88db-4fe6-9cca-6a25122d474d, raftlog=b32d7882-88db-4fe6-9cca-6a25122d474d@group-896385CD49EE-SegmentedRaftLog:OPENED:c-1,f-1,i0, conf=-1: [b32d7882-88db-4fe6-9cca-6a25122d474d:192.168.157.194:42206, 3aea292b-16fb-4e9b-be90-828afa8e8047:192.168.157.194:34569, a6b2ebfb-69a0-457c-b6cd-a50cc148b564:192.168.157.194:37298], old=null
2019-10-17 02:15:00,525 [b32d7882-88db-4fe6-9cca-6a25122d474d@group-896385CD49EE-LeaderElection271] INFO  impl.RaftServerImpl (RaftServerImpl.java:setRole(184)) - b32d7882-88db-4fe6-9cca-6a25122d474d@group-896385CD49EE: changes role from CANDIDATE to FOLLOWER at term 219 for DISCOVERED_A_NEW_TERM
2019-10-17 02:15:00,525 [b32d7882-88db-4fe6-9cca-6a25122d474d@group-896385CD49EE-LeaderElection271] INFO  impl.RoleInfo (RoleInfo.java:shutdownLeaderElection(134)) - b32d7882-88db-4fe6-9cca-6a25122d474d: shutdown LeaderElection
2019-10-17 02:15:00,525 [b32d7882-88db-4fe6-9cca-6a25122d474d@group-896385CD49EE-LeaderElection271] INFO  impl.RoleInfo (RoleInfo.java:updateAndGet(143)) - b32d7882-88db-4fe6-9cca-6a25122d474d: start FollowerState
2019-10-17 02:15:00,564 [Thread-2734] INFO  impl.FollowerState (FollowerState.java:run(108)) - b32d7882-88db-4fe6-9cca-6a25122d474d@group-896385CD49EE-FollowerState: change to CANDIDATE, lastRpcTime:38ms, electionTimeout:38ms
2019-10-17 02:15:00,564 [Thread-2734] INFO  impl.RoleInfo (RoleInfo.java:shutdownFollowerState(121)) - b32d7882-88db-4fe6-9cca-6a25122d474d: shutdown FollowerState
2019-10-17 02:15:00,564 [Thread-2734] INFO  impl.RaftServerImpl (RaftServerImpl.java:setRole(184)) - b32d7882-88db-4fe6-9cca-6a25122d474d@group-896385CD49EE: changes role from  FOLLOWER to CANDIDATE at term 219 for changeToCandidate
2019-10-17 02:15:00,564 [Thread-2734] INFO  impl.RoleInfo (RoleInfo.java:updateAndGet(143)) - b32d7882-88db-4fe6-9cca-6a25122d474d: start LeaderElection
2019-10-17 02:15:00,583 [b32d7882-88db-4fe6-9cca-6a25122d474d@group-896385CD49EE-LeaderElection272] INFO  impl.LeaderElection (LeaderElection.java:askForVotes(178)) - b32d7882-88db-4fe6-9cca-6a25122d474d@group-896385CD49EE-LeaderElection272: begin an election at term 220 for -1: [b32d7882-88db-4fe6-9cca-6a25122d474d:192.168.157.194:42206, 3aea292b-16fb-4e9b-be90-828afa8e8047:192.168.157.194:34569, a6b2ebfb-69a0-457c-b6cd-a50cc148b564:192.168.157.194:37298], old=null
2019-10-17 02:15:00,585 [grpc-default-executor-2] INFO  impl.RaftServerImpl (RaftServerImpl.java:setRole(184)) - 3aea292b-16fb-4e9b-be90-828afa8e8047@group-896385CD49EE: changes role from  FOLLOWER to FOLLOWER at term 220 for recognizeCandidate:b32d7882-88db-4fe6-9cca-6a25122d474d
2019-10-17 02:15:00,585 [grpc-default-executor-2] INFO  impl.RoleInfo (RoleInfo.java:shutdownFollowerState(121)) - 3aea292b-16fb-4e9b-be90-828afa8e8047: shutdown FollowerState
2019-10-17 02:15:00,585 [grpc-default-executor-0] INFO  impl.RaftServerImpl (RaftServerImpl.java:setRole(184)) - a6b2ebfb-69a0-457c-b6cd-a50cc148b564@group-896385CD49EE: changes role from  FOLLOWER to FOLLOWER at term 220 for recognizeCandidate:b32d7882-88db-4fe6-9cca-6a25122d474d
2019-10-17 02:15:00,586 [grpc-default-executor-0] INFO  impl.RoleInfo (RoleInfo.java:shutdownFollowerState(121)) - a6b2ebfb-69a0-457c-b6cd-a50cc148b564: shutdown FollowerState
2019-10-17 02:15:00,586 [Thread-2732] INFO  impl.FollowerState (FollowerState.java:run(117)) - 3aea292b-16fb-4e9b-be90-828afa8e8047@group-896385CD49EE-FollowerState was interrupted: java.lang.InterruptedException: sleep interrupted
2019-10-17 02:15:00,585 [grpc-default-executor-2] INFO  impl.RoleInfo (RoleInfo.java:updateAndGet(143)) - 3aea292b-16fb-4e9b-be90-828afa8e8047: start FollowerState
2019-10-17 02:15:00,586 [Thread-2733] INFO  impl.FollowerState (FollowerState.java:run(117)) - a6b2ebfb-69a0-457c-b6cd-a50cc148b564@group-896385CD49EE-FollowerState was interrupted: java.lang.InterruptedException: sleep interrupted
2019-10-17 02:15:00,586 [grpc-default-executor-0] INFO  impl.RoleInfo (RoleInfo.java:updateAndGet(143)) - a6b2ebfb-69a0-457c-b6cd-a50cc148b564: start FollowerState
2019-10-17 02:15:00,598 [b32d7882-88db-4fe6-9cca-6a25122d474d@group-896385CD49EE-LeaderElection272] INFO  impl.LeaderElection (LeaderElection.java:logAndReturn(56)) - b32d7882-88db-4fe6-9cca-6a25122d474d@group-896385CD49EE-LeaderElection272: Election REJECTED; received 2 response(s) [b32d7882-88db-4fe6-9cca-6a25122d474d<-3aea292b-16fb-4e9b-be90-828afa8e8047#0:FAIL-t220, b32d7882-88db-4fe6-9cca-6a25122d474d<-a6b2ebfb-69a0-457c-b6cd-a50cc148b564#0:FAIL-t220] and 0 exception(s); b32d7882-88db-4fe6-9cca-6a25122d474d@group-896385CD49EE:t220, leader=null, voted=b32d7882-88db-4fe6-9cca-6a25122d474d, raftlog=b32d7882-88db-4fe6-9cca-6a25122d474d@group-896385CD49EE-SegmentedRaftLog:OPENED:c-1,f-1,i0, conf=-1: [b32d7882-88db-4fe6-9cca-6a25122d474d:192.168.157.194:42206, 3aea292b-16fb-4e9b-be90-828afa8e8047:192.168.157.194:34569, a6b2ebfb-69a0-457c-b6cd-a50cc148b564:192.168.157.194:37298], old=null
2019-10-17 02:15:00,599 [b32d7882-88db-4fe6-9cca-6a25122d474d@group-896385CD49EE-LeaderElection272] INFO  impl.RaftServerImpl (RaftServerImpl.java:setRole(184)) - b32d7882-88db-4fe6-9cca-6a25122d474d@group-896385CD49EE: changes role from CANDIDATE to FOLLOWER at term 220 for DISCOVERED_A_NEW_TERM
2019-10-17 02:15:00,599 [b32d7882-88db-4fe6-9cca-6a25122d474d@group-896385CD49EE-LeaderElection272] INFO  impl.RoleInfo (RoleInfo.java:shutdownLeaderElection(134)) - b32d7882-88db-4fe6-9cca-6a25122d474d: shutdown LeaderElection
2019-10-17 02:15:00,599 [b32d7882-88db-4fe6-9cca-6a25122d474d@group-896385CD49EE-LeaderElection272] INFO  impl.RoleInfo (RoleInfo.java:updateAndGet(143)) - b32d7882-88db-4fe6-9cca-6a25122d474d: start FollowerState
2019-10-17 02:15:00,754 [Thread-2740] INFO  impl.FollowerState (FollowerState.java:run(108)) - b32d7882-88db-4fe6-9cca-6a25122d474d@group-896385CD49EE-FollowerState: change to CANDIDATE, lastRpcTime:155ms, electionTimeout:155ms
2019-10-17 02:15:00,754 [Thread-2740] INFO  impl.RoleInfo (RoleInfo.java:shutdownFollowerState(121)) - b32d7882-88db-4fe6-9cca-6a25122d474d: shutdown FollowerState
2019-10-17 02:15:00,754 [Thread-2740] INFO  impl.RaftServerImpl (RaftServerImpl.java:setRole(184)) - b32d7882-88db-4fe6-9cca-6a25122d474d@group-896385CD49EE: changes role from  FOLLOWER to CANDIDATE at term 220 for changeToCandidate
2019-10-17 02:15:00,755 [Thread-2740] INFO  impl.RoleInfo (RoleInfo.java:updateAndGet(143)) - b32d7882-88db-4fe6-9cca-6a25122d474d: start LeaderElection
2019-10-17 02:15:00,768 [b32d7882-88db-4fe6-9cca-6a25122d474d@group-896385CD49EE-LeaderElection273] INFO  impl.LeaderElection (LeaderElection.java:askForVotes(178)) - b32d7882-88db-4fe6-9cca-6a25122d474d@group-896385CD49EE-LeaderElection273: begin an election at term 221 for -1: [b32d7882-88db-4fe6-9cca-6a25122d474d:192.168.157.194:42206, 3aea292b-16fb-4e9b-be90-828afa8e8047:192.168.157.194:34569, a6b2ebfb-69a0-457c-b6cd-a50cc148b564:192.168.157.194:37298], old=null
2019-10-17 02:15:00,770 [grpc-default-executor-2] INFO  impl.RaftServerImpl (RaftServerImpl.java:setRole(184)) - a6b2ebfb-69a0-457c-b6cd-a50cc148b564@group-896385CD49EE: changes role from  FOLLOWER to FOLLOWER at term 221 for recognizeCandidate:b32d7882-88db-4fe6-9cca-6a25122d474d
2019-10-17 02:15:00,770 [grpc-default-executor-0] INFO  impl.RaftServerImpl (RaftServerImpl.java:setRole(184)) - 3aea292b-16fb-4e9b-be90-828afa8e8047@group-896385CD49EE: changes role from  FOLLOWER to FOLLOWER at term 221 for recognizeCandidate:b32d7882-88db-4fe6-9cca-6a25122d474d
2019-10-17 02:15:00,771 [grpc-default-executor-0] INFO  impl.RoleInfo (RoleInfo.java:shutdownFollowerState(121)) - 3aea292b-16fb-4e9b-be90-828afa8e8047: shutdown FollowerState
2019-10-17 02:15:00,771 [grpc-default-executor-2] INFO  impl.RoleInfo (RoleInfo.java:shutdownFollowerState(121)) - a6b2ebfb-69a0-457c-b6cd-a50cc148b564: shutdown FollowerState
2019-10-17 02:15:00,771 [Thread-2738] INFO  impl.FollowerState (FollowerState.java:run(117)) - 3aea292b-16fb-4e9b-be90-828afa8e8047@group-896385CD49EE-FollowerState was interrupted: java.lang.InterruptedException: sleep interrupted
2019-10-17 02:15:00,771 [Thread-2739] INFO  impl.FollowerState (FollowerState.java:run(117)) - a6b2ebfb-69a0-457c-b6cd-a50cc148b564@group-896385CD49EE-FollowerState was interrupted: java.lang.InterruptedException: sleep interrupted
2019-10-17 02:15:00,771 [grpc-default-executor-0] INFO  impl.RoleInfo (RoleInfo.java:updateAndGet(143)) - 3aea292b-16fb-4e9b-be90-828afa8e8047: start FollowerState
2019-10-17 02:15:00,771 [grpc-default-executor-2] INFO  impl.RoleInfo (RoleInfo.java:updateAndGet(143)) - a6b2ebfb-69a0-457c-b6cd-a50cc148b564: start FollowerState
2019-10-17 02:15:00,787 [b32d7882-88db-4fe6-9cca-6a25122d474d@group-896385CD49EE-LeaderElection273] INFO  impl.LeaderElection (LeaderElection.java:logAndReturn(56)) - b32d7882-88db-4fe6-9cca-6a25122d474d@group-896385CD49EE-LeaderElection273: Election REJECTED; received 2 response(s) [b32d7882-88db-4fe6-9cca-6a25122d474d<-3aea292b-16fb-4e9b-be90-828afa8e8047#0:FAIL-t221, b32d7882-88db-4fe6-9cca-6a25122d474d<-a6b2ebfb-69a0-457c-b6cd-a50cc148b564#0:FAIL-t221] and 0 exception(s); b32d7882-88db-4fe6-9cca-6a25122d474d@group-896385CD49EE:t221, leader=null, voted=b32d7882-88db-4fe6-9cca-6a25122d474d, raftlog=b32d7882-88db-4fe6-9cca-6a25122d474d@group-896385CD49EE-SegmentedRaftLog:OPENED:c-1,f-1,i0, conf=-1: [b32d7882-88db-4fe6-9cca-6a25122d474d:192.168.157.194:42206, 3aea292b-16fb-4e9b-be90-828afa8e8047:192.168.157.194:34569, a6b2ebfb-69a0-457c-b6cd-a50cc148b564:192.168.157.194:37298], old=null
2019-10-17 02:15:00,787 [b32d7882-88db-4fe6-9cca-6a25122d474d@group-896385CD49EE-LeaderElection273] INFO  impl.RaftServerImpl (RaftServerImpl.java:setRole(184)) - b32d7882-88db-4fe6-9cca-6a25122d474d@group-896385CD49EE: changes role from CANDIDATE to FOLLOWER at term 221 for DISCOVERED_A_NEW_TERM
2019-10-17 02:15:00,788 [b32d7882-88db-4fe6-9cca-6a25122d474d@group-896385CD49EE-LeaderElection273] INFO  impl.RoleInfo (RoleInfo.java:shutdownLeaderElection(134)) - b32d7882-88db-4fe6-9cca-6a25122d474d: shutdown LeaderElection
2019-10-17 02:15:00,788 [b32d7882-88db-4fe6-9cca-6a25122d474d@group-896385CD49EE-LeaderElection273] INFO  impl.RoleInfo (RoleInfo.java:updateAndGet(143)) - b32d7882-88db-4fe6-9cca-6a25122d474d: start FollowerState
2019-10-17 02:15:00,925 [Thread-2746] INFO  impl.FollowerState (FollowerState.java:run(108)) - b32d7882-88db-4fe6-9cca-6a25122d474d@group-896385CD49EE-FollowerState: change to CANDIDATE, lastRpcTime:137ms, electionTimeout:137ms
2019-10-17 02:15:00,925 [Thread-2746] INFO  impl.RoleInfo (RoleInfo.java:shutdownFollowerState(121)) - b32d7882-88db-4fe6-9cca-6a25122d474d: shutdown FollowerState
2019-10-17 02:15:00,925 [Thread-2746] INFO  impl.RaftServerImpl (RaftServerImpl.java:setRole(184)) - b32d7882-88db-4fe6-9cca-6a25122d474d@group-896385CD49EE: changes role from  FOLLOWER to CANDIDATE at term 221 for changeToCandidate
2019-10-17 02:15:00,926 [Thread-2746] INFO  impl.RoleInfo (RoleInfo.java:updateAndGet(143)) - b32d7882-88db-4fe6-9cca-6a25122d474d: start LeaderElection
2019-10-17 02:15:00,940 [b32d7882-88db-4fe6-9cca-6a25122d474d@group-896385CD49EE-LeaderElection274] INFO  impl.LeaderElection (LeaderElection.java:askForVotes(178)) - b32d7882-88db-4fe6-9cca-6a25122d474d@group-896385CD49EE-LeaderElection274: begin an election at term 222 for -1: [b32d7882-88db-4fe6-9cca-6a25122d474d:192.168.157.194:42206, 3aea292b-16fb-4e9b-be90-828afa8e8047:192.168.157.194:34569, a6b2ebfb-69a0-457c-b6cd-a50cc148b564:192.168.157.194:37298], old=null
2019-10-17 02:15:00,942 [grpc-default-executor-0] INFO  impl.RaftServerImpl (RaftServerImpl.java:setRole(184)) - a6b2ebfb-69a0-457c-b6cd-a50cc148b564@group-896385CD49EE: changes role from  FOLLOWER to FOLLOWER at term 222 for recognizeCandidate:b32d7882-88db-4fe6-9cca-6a25122d474d
2019-10-17 02:15:00,942 [grpc-default-executor-2] INFO  impl.RaftServerImpl (RaftServerImpl.java:setRole(184)) - 3aea292b-16fb-4e9b-be90-828afa8e8047@group-896385CD49EE: changes role from  FOLLOWER to FOLLOWER at term 222 for recognizeCandidate:b32d7882-88db-4fe6-9cca-6a25122d474d
2019-10-17 02:15:00,943 [grpc-default-executor-0] INFO  impl.RoleInfo (RoleInfo.java:shutdownFollowerState(121)) - a6b2ebfb-69a0-457c-b6cd-a50cc148b564: shutdown FollowerState
2019-10-17 02:15:00,943 [grpc-default-executor-2] INFO  impl.RoleInfo (RoleInfo.java:shutdownFollowerState(121)) - 3aea292b-16fb-4e9b-be90-828afa8e8047: shutdown FollowerState
2019-10-17 02:15:00,943 [Thread-2745] INFO  impl.FollowerState (FollowerState.java:run(117)) - a6b2ebfb-69a0-457c-b6cd-a50cc148b564@group-896385CD49EE-FollowerState was interrupted: java.lang.InterruptedException: sleep interrupted
2019-10-17 02:15:00,943 [grpc-default-executor-0] INFO  impl.RoleInfo (RoleInfo.java:updateAndGet(143)) - a6b2ebfb-69a0-457c-b6cd-a50cc148b564: start FollowerState
2019-10-17 02:15:00,943 [Thread-2744] INFO  impl.FollowerState (FollowerState.java:run(117)) - 3aea292b-16fb-4e9b-be90-828afa8e8047@group-896385CD49EE-FollowerState was interrupted: java.lang.InterruptedException: sleep interrupted
2019-10-17 02:15:00,943 [grpc-default-executor-2] INFO  impl.RoleInfo (RoleInfo.java:updateAndGet(143)) - 3aea292b-16fb-4e9b-be90-828afa8e8047: start FollowerState
2019-10-17 02:15:00,958 [b32d7882-88db-4fe6-9cca-6a25122d474d@group-896385CD49EE-LeaderElection274] INFO  impl.LeaderElection (LeaderElection.java:logAndReturn(56)) - b32d7882-88db-4fe6-9cca-6a25122d474d@group-896385CD49EE-LeaderElection274: Election REJECTED; received 2 response(s) [b32d7882-88db-4fe6-9cca-6a25122d474d<-3aea292b-16fb-4e9b-be90-828afa8e8047#0:FAIL-t222, b32d7882-88db-4fe6-9cca-6a25122d474d<-a6b2ebfb-69a0-457c-b6cd-a50cc148b564#0:FAIL-t222] and 0 exception(s); b32d7882-88db-4fe6-9cca-6a25122d474d@group-896385CD49EE:t222, leader=null, voted=b32d7882-88db-4fe6-9cca-6a25122d474d, raftlog=b32d7882-88db-4fe6-9cca-6a25122d474d@group-896385CD49EE-SegmentedRaftLog:OPENED:c-1,f-1,i0, conf=-1: [b32d7882-88db-4fe6-9cca-6a25122d474d:192.168.157.194:42206, 3aea292b-16fb-4e9b-be90-828afa8e8047:192.168.157.194:34569, a6b2ebfb-69a0-457c-b6cd-a50cc148b564:192.168.157.194:37298], old=null
2019-10-17 02:15:00,958 [b32d7882-88db-4fe6-9cca-6a25122d474d@group-896385CD49EE-LeaderElection274] INFO  impl.RaftServerImpl (RaftServerImpl.java:setRole(184)) - b32d7882-88db-4fe6-9cca-6a25122d474d@group-896385CD49EE: changes role from CANDIDATE to FOLLOWER at term 222 for DISCOVERED_A_NEW_TERM
2019-10-17 02:15:00,958 [b32d7882-88db-4fe6-9cca-6a25122d474d@group-896385CD49EE-LeaderElection274] INFO  impl.RoleInfo (RoleInfo.java:shutdownLeaderElection(134)) - b32d7882-88db-4fe6-9cca-6a25122d474d: shutdown LeaderElection
2019-10-17 02:15:00,958 [b32d7882-88db-4fe6-9cca-6a25122d474d@group-896385CD49EE-LeaderElection274] INFO  impl.RoleInfo (RoleInfo.java:updateAndGet(143)) - b32d7882-88db-4fe6-9cca-6a25122d474d: start FollowerState
2019-10-17 02:15:00,991 [Thread-2752] INFO  impl.FollowerState (FollowerState.java:run(108)) - b32d7882-88db-4fe6-9cca-6a25122d474d@group-896385CD49EE-FollowerState: change to CANDIDATE, lastRpcTime:32ms, electionTimeout:32ms
2019-10-17 02:15:00,991 [Thread-2752] INFO  impl.RoleInfo (RoleInfo.java:shutdownFollowerState(121)) - b32d7882-88db-4fe6-9cca-6a25122d474d: shutdown FollowerState
2019-10-17 02:15:00,991 [Thread-2752] INFO  impl.RaftServerImpl (RaftServerImpl.java:setRole(184)) - b32d7882-88db-4fe6-9cca-6a25122d474d@group-896385CD49EE: changes role from  FOLLOWER to CANDIDATE at term 222 for changeToCandidate
2019-10-17 02:15:00,991 [Thread-2752] INFO  impl.RoleInfo (RoleInfo.java:updateAndGet(143)) - b32d7882-88db-4fe6-9cca-6a25122d474d: start LeaderElection
2019-10-17 02:15:01,005 [b32d7882-88db-4fe6-9cca-6a25122d474d@group-896385CD49EE-LeaderElection275] INFO  impl.LeaderElection (LeaderElection.java:askForVotes(178)) - b32d7882-88db-4fe6-9cca-6a25122d474d@group-896385CD49EE-LeaderElection275: begin an election at term 223 for -1: [b32d7882-88db-4fe6-9cca-6a25122d474d:192.168.157.194:42206, 3aea292b-16fb-4e9b-be90-828afa8e8047:192.168.157.194:34569, a6b2ebfb-69a0-457c-b6cd-a50cc148b564:192.168.157.194:37298], old=null
2019-10-17 02:15:01,007 [grpc-default-executor-2] INFO  impl.RaftServerImpl (RaftServerImpl.java:setRole(184)) - 3aea292b-16fb-4e9b-be90-828afa8e8047@group-896385CD49EE: changes role from  FOLLOWER to FOLLOWER at term 223 for recognizeCandidate:b32d7882-88db-4fe6-9cca-6a25122d474d
2019-10-17 02:15:01,007 [grpc-default-executor-0] INFO  impl.RaftServerImpl (RaftServerImpl.java:setRole(184)) - a6b2ebfb-69a0-457c-b6cd-a50cc148b564@group-896385CD49EE: changes role from  FOLLOWER to FOLLOWER at term 223 for recognizeCandidate:b32d7882-88db-4fe6-9cca-6a25122d474d
2019-10-17 02:15:01,007 [grpc-default-executor-0] INFO  impl.RoleInfo (RoleInfo.java:shutdownFollowerState(121)) - a6b2ebfb-69a0-457c-b6cd-a50cc148b564: shutdown FollowerState
2019-10-17 02:15:01,007 [grpc-default-executor-2] INFO  impl.RoleInfo (RoleInfo.java:shutdownFollowerState(121)) - 3aea292b-16fb-4e9b-be90-828afa8e8047: shutdown FollowerState
2019-10-17 02:15:01,007 [Thread-2750] INFO  impl.FollowerState (FollowerState.java:run(117)) - a6b2ebfb-69a0-457c-b6cd-a50cc148b564@group-896385CD49EE-FollowerState was interrupted: java.lang.InterruptedException: sleep interrupted
2019-10-17 02:15:01,007 [Thread-2751] INFO  impl.FollowerState (FollowerState.java:run(117)) - 3aea292b-16fb-4e9b-be90-828afa8e8047@group-896385CD49EE-FollowerState was interrupted: java.lang.InterruptedException: sleep interrupted
2019-10-17 02:15:01,007 [grpc-default-executor-0] INFO  impl.RoleInfo (RoleInfo.java:updateAndGet(143)) - a6b2ebfb-69a0-457c-b6cd-a50cc148b564: start FollowerState
2019-10-17 02:15:01,007 [grpc-default-executor-2] INFO  impl.RoleInfo (RoleInfo.java:updateAndGet(143)) - 3aea292b-16fb-4e9b-be90-828afa8e8047: start FollowerState
2019-10-17 02:15:01,023 [b32d7882-88db-4fe6-9cca-6a25122d474d@group-896385CD49EE-LeaderElection275] INFO  impl.LeaderElection (LeaderElection.java:logAndReturn(56)) - b32d7882-88db-4fe6-9cca-6a25122d474d@group-896385CD49EE-LeaderElection275: Election REJECTED; received 2 response(s) [b32d7882-88db-4fe6-9cca-6a25122d474d<-3aea292b-16fb-4e9b-be90-828afa8e8047#0:FAIL-t223, b32d7882-88db-4fe6-9cca-6a25122d474d<-a6b2ebfb-69a0-457c-b6cd-a50cc148b564#0:FAIL-t223] and 0 exception(s); b32d7882-88db-4fe6-9cca-6a25122d474d@group-896385CD49EE:t223, leader=null, voted=b32d7882-88db-4fe6-9cca-6a25122d474d, raftlog=b32d7882-88db-4fe6-9cca-6a25122d474d@group-896385CD49EE-SegmentedRaftLog:OPENED:c-1,f-1,i0, conf=-1: [b32d7882-88db-4fe6-9cca-6a25122d474d:192.168.157.194:42206, 3aea292b-16fb-4e9b-be90-828afa8e8047:192.168.157.194:34569, a6b2ebfb-69a0-457c-b6cd-a50cc148b564:192.168.157.194:37298], old=null
2019-10-17 02:15:01,023 [b32d7882-88db-4fe6-9cca-6a25122d474d@group-896385CD49EE-LeaderElection275] INFO  impl.RaftServerImpl (RaftServerImpl.java:setRole(184)) - b32d7882-88db-4fe6-9cca-6a25122d474d@group-896385CD49EE: changes role from CANDIDATE to FOLLOWER at term 223 for DISCOVERED_A_NEW_TERM
2019-10-17 02:15:01,023 [b32d7882-88db-4fe6-9cca-6a25122d474d@group-896385CD49EE-LeaderElection275] INFO  impl.RoleInfo (RoleInfo.java:shutdownLeaderElection(134)) - b32d7882-88db-4fe6-9cca-6a25122d474d: shutdown LeaderElection
2019-10-17 02:15:01,023 [b32d7882-88db-4fe6-9cca-6a25122d474d@group-896385CD49EE-LeaderElection275] INFO  impl.RoleInfo (RoleInfo.java:updateAndGet(143)) - b32d7882-88db-4fe6-9cca-6a25122d474d: start FollowerState
2019-10-17 02:15:01,032 [Thread-2758] INFO  impl.FollowerState (FollowerState.java:run(108)) - b32d7882-88db-4fe6-9cca-6a25122d474d@group-896385CD49EE-FollowerState: change to CANDIDATE, lastRpcTime:9ms, electionTimeout:9ms
2019-10-17 02:15:01,032 [Thread-2758] INFO  impl.RoleInfo (RoleInfo.java:shutdownFollowerState(121)) - b32d7882-88db-4fe6-9cca-6a25122d474d: shutdown FollowerState
2019-10-17 02:15:01,033 [Thread-2758] INFO  impl.RaftServerImpl (RaftServerImpl.java:setRole(184)) - b32d7882-88db-4fe6-9cca-6a25122d474d@group-896385CD49EE: changes role from  FOLLOWER to CANDIDATE at term 223 for changeToCandidate
2019-10-17 02:15:01,033 [Thread-2758] INFO  impl.RoleInfo (RoleInfo.java:updateAndGet(143)) - b32d7882-88db-4fe6-9cca-6a25122d474d: start LeaderElection
2019-10-17 02:15:01,045 [b32d7882-88db-4fe6-9cca-6a25122d474d@group-896385CD49EE-LeaderElection276] INFO  impl.LeaderElection (LeaderElection.java:askForVotes(178)) - b32d7882-88db-4fe6-9cca-6a25122d474d@group-896385CD49EE-LeaderElection276: begin an election at term 224 for -1: [b32d7882-88db-4fe6-9cca-6a25122d474d:192.168.157.194:42206, 3aea292b-16fb-4e9b-be90-828afa8e8047:192.168.157.194:34569, a6b2ebfb-69a0-457c-b6cd-a50cc148b564:192.168.157.194:37298], old=null
2019-10-17 02:15:01,047 [grpc-default-executor-0] INFO  impl.RaftServerImpl (RaftServerImpl.java:setRole(184)) - 3aea292b-16fb-4e9b-be90-828afa8e8047@group-896385CD49EE: changes role from  FOLLOWER to FOLLOWER at term 224 for recognizeCandidate:b32d7882-88db-4fe6-9cca-6a25122d474d
2019-10-17 02:15:01,047 [grpc-default-executor-0] INFO  impl.RoleInfo (RoleInfo.java:shutdownFollowerState(121)) - 3aea292b-16fb-4e9b-be90-828afa8e8047: shutdown FollowerState
2019-10-17 02:15:01,047 [grpc-default-executor-2] INFO  impl.RaftServerImpl (RaftServerImpl.java:setRole(184)) - a6b2ebfb-69a0-457c-b6cd-a50cc148b564@group-896385CD49EE: changes role from  FOLLOWER to FOLLOWER at term 224 for recognizeCandidate:b32d7882-88db-4fe6-9cca-6a25122d474d
2019-10-17 02:15:01,047 [Thread-2757] INFO  impl.FollowerState (FollowerState.java:run(117)) - 3aea292b-16fb-4e9b-be90-828afa8e8047@group-896385CD49EE-FollowerState was interrupted: java.lang.InterruptedException: sleep interrupted
2019-10-17 02:15:01,047 [grpc-default-executor-0] INFO  impl.RoleInfo (RoleInfo.java:updateAndGet(143)) - 3aea292b-16fb-4e9b-be90-828afa8e8047: start FollowerState
2019-10-17 02:15:01,048 [grpc-default-executor-2] INFO  impl.RoleInfo (RoleInfo.java:shutdownFollowerState(121)) - a6b2ebfb-69a0-457c-b6cd-a50cc148b564: shutdown FollowerState
2019-10-17 02:15:01,048 [grpc-default-executor-2] INFO  impl.RoleInfo (RoleInfo.java:updateAndGet(143)) - a6b2ebfb-69a0-457c-b6cd-a50cc148b564: start FollowerState
2019-10-17 02:15:01,048 [Thread-2756] INFO  impl.FollowerState (FollowerState.java:run(117)) - a6b2ebfb-69a0-457c-b6cd-a50cc148b564@group-896385CD49EE-FollowerState was interrupted: java.lang.InterruptedException: sleep interrupted
2019-10-17 02:15:01,061 [b32d7882-88db-4fe6-9cca-6a25122d474d@group-896385CD49EE-LeaderElection276] INFO  impl.LeaderElection (LeaderElection.java:logAndReturn(56)) - b32d7882-88db-4fe6-9cca-6a25122d474d@group-896385CD49EE-LeaderElection276: Election REJECTED; received 2 response(s) [b32d7882-88db-4fe6-9cca-6a25122d474d<-3aea292b-16fb-4e9b-be90-828afa8e8047#0:FAIL-t224, b32d7882-88db-4fe6-9cca-6a25122d474d<-a6b2ebfb-69a0-457c-b6cd-a50cc148b564#0:FAIL-t224] and 0 exception(s); b32d7882-88db-4fe6-9cca-6a25122d474d@group-896385CD49EE:t224, leader=null, voted=b32d7882-88db-4fe6-9cca-6a25122d474d, raftlog=b32d7882-88db-4fe6-9cca-6a25122d474d@group-896385CD49EE-SegmentedRaftLog:OPENED:c-1,f-1,i0, conf=-1: [b32d7882-88db-4fe6-9cca-6a25122d474d:192.168.157.194:42206, 3aea292b-16fb-4e9b-be90-828afa8e8047:192.168.157.194:34569, a6b2ebfb-69a0-457c-b6cd-a50cc148b564:192.168.157.194:37298], old=null
2019-10-17 02:15:01,061 [b32d7882-88db-4fe6-9cca-6a25122d474d@group-896385CD49EE-LeaderElection276] INFO  impl.RaftServerImpl (RaftServerImpl.java:setRole(184)) - b32d7882-88db-4fe6-9cca-6a25122d474d@group-896385CD49EE: changes role from CANDIDATE to FOLLOWER at term 224 for DISCOVERED_A_NEW_TERM
2019-10-17 02:15:01,061 [b32d7882-88db-4fe6-9cca-6a25122d474d@group-896385CD49EE-LeaderElection276] INFO  impl.RoleInfo (RoleInfo.java:shutdownLeaderElection(134)) - b32d7882-88db-4fe6-9cca-6a25122d474d: shutdown LeaderElection
2019-10-17 02:15:01,062 [b32d7882-88db-4fe6-9cca-6a25122d474d@group-896385CD49EE-LeaderElection276] INFO  impl.RoleInfo (RoleInfo.java:updateAndGet(143)) - b32d7882-88db-4fe6-9cca-6a25122d474d: start FollowerState
2019-10-17 02:15:01,123 [Thread-2764] INFO  impl.FollowerState (FollowerState.java:run(108)) - b32d7882-88db-4fe6-9cca-6a25122d474d@group-896385CD49EE-FollowerState: change to CANDIDATE, lastRpcTime:61ms, electionTimeout:61ms
2019-10-17 02:15:01,123 [Thread-2764] INFO  impl.RoleInfo (RoleInfo.java:shutdownFollowerState(121)) - b32d7882-88db-4fe6-9cca-6a25122d474d: shutdown FollowerState
2019-10-17 02:15:01,123 [Thread-2764] INFO  impl.RaftServerImpl (RaftServerImpl.java:setRole(184)) - b32d7882-88db-4fe6-9cca-6a25122d474d@group-896385CD49EE: changes role from  FOLLOWER to CANDIDATE at term 224 for changeToCandidate
2019-10-17 02:15:01,124 [Thread-2764] INFO  impl.RoleInfo (RoleInfo.java:updateAndGet(143)) - b32d7882-88db-4fe6-9cca-6a25122d474d: start LeaderElection
2019-10-17 02:15:01,137 [b32d7882-88db-4fe6-9cca-6a25122d474d@group-896385CD49EE-LeaderElection277] INFO  impl.LeaderElection (LeaderElection.java:askForVotes(178)) - b32d7882-88db-4fe6-9cca-6a25122d474d@group-896385CD49EE-LeaderElection277: begin an election at term 225 for -1: [b32d7882-88db-4fe6-9cca-6a25122d474d:192.168.157.194:42206, 3aea292b-16fb-4e9b-be90-828afa8e8047:192.168.157.194:34569, a6b2ebfb-69a0-457c-b6cd-a50cc148b564:192.168.157.194:37298], old=null
2019-10-17 02:15:01,140 [grpc-default-executor-0] INFO  impl.RaftServerImpl (RaftServerImpl.java:setRole(184)) - 3aea292b-16fb-4e9b-be90-828afa8e8047@group-896385CD49EE: changes role from  FOLLOWER to FOLLOWER at term 225 for recognizeCandidate:b32d7882-88db-4fe6-9cca-6a25122d474d
2019-10-17 02:15:01,140 [grpc-default-executor-0] INFO  impl.RoleInfo (RoleInfo.java:shutdownFollowerState(121)) - 3aea292b-16fb-4e9b-be90-828afa8e8047: shutdown FollowerState
2019-10-17 02:15:01,140 [grpc-default-executor-2] INFO  impl.RaftServerImpl (RaftServerImpl.java:setRole(184)) - a6b2ebfb-69a0-457c-b6cd-a50cc148b564@group-896385CD49EE: changes role from  FOLLOWER to FOLLOWER at term 225 for recognizeCandidate:b32d7882-88db-4fe6-9cca-6a25122d474d
2019-10-17 02:15:01,140 [Thread-2762] INFO  impl.FollowerState (FollowerState.java:run(117)) - 3aea292b-16fb-4e9b-be90-828afa8e8047@group-896385CD49EE-FollowerState was interrupted: java.lang.InterruptedException: sleep interrupted
2019-10-17 02:15:01,140 [grpc-default-executor-0] INFO  impl.RoleInfo (RoleInfo.java:updateAndGet(143)) - 3aea292b-16fb-4e9b-be90-828afa8e8047: start FollowerState
2019-10-17 02:15:01,140 [grpc-default-executor-2] INFO  impl.RoleInfo (RoleInfo.java:shutdownFollowerState(121)) - a6b2ebfb-69a0-457c-b6cd-a50cc148b564: shutdown FollowerState
2019-10-17 02:15:01,141 [grpc-default-executor-2] INFO  impl.RoleInfo (RoleInfo.java:updateAndGet(143)) - a6b2ebfb-69a0-457c-b6cd-a50cc148b564: start FollowerState
2019-10-17 02:15:01,141 [Thread-2763] INFO  impl.FollowerState (FollowerState.java:run(117)) - a6b2ebfb-69a0-457c-b6cd-a50cc148b564@group-896385CD49EE-FollowerState was interrupted: java.lang.InterruptedException: sleep interrupted
2019-10-17 02:15:01,155 [main] INFO  ozone.MiniOzoneClusterImpl (MiniOzoneClusterImpl.java:lambda$waitForClusterToBeReady$2(164)) - Waiting for 1 number of pipelines out of 4, to report a leader.
2019-10-17 02:15:01,155 [b32d7882-88db-4fe6-9cca-6a25122d474d@group-896385CD49EE-LeaderElection277] INFO  impl.LeaderElection (LeaderElection.java:logAndReturn(56)) - b32d7882-88db-4fe6-9cca-6a25122d474d@group-896385CD49EE-LeaderElection277: Election REJECTED; received 2 response(s) [b32d7882-88db-4fe6-9cca-6a25122d474d<-3aea292b-16fb-4e9b-be90-828afa8e8047#0:FAIL-t225, b32d7882-88db-4fe6-9cca-6a25122d474d<-a6b2ebfb-69a0-457c-b6cd-a50cc148b564#0:FAIL-t225] and 0 exception(s); b32d7882-88db-4fe6-9cca-6a25122d474d@group-896385CD49EE:t225, leader=null, voted=b32d7882-88db-4fe6-9cca-6a25122d474d, raftlog=b32d7882-88db-4fe6-9cca-6a25122d474d@group-896385CD49EE-SegmentedRaftLog:OPENED:c-1,f-1,i0, conf=-1: [b32d7882-88db-4fe6-9cca-6a25122d474d:192.168.157.194:42206, 3aea292b-16fb-4e9b-be90-828afa8e8047:192.168.157.194:34569, a6b2ebfb-69a0-457c-b6cd-a50cc148b564:192.168.157.194:37298], old=null
2019-10-17 02:15:01,156 [b32d7882-88db-4fe6-9cca-6a25122d474d@group-896385CD49EE-LeaderElection277] INFO  impl.RaftServerImpl (RaftServerImpl.java:setRole(184)) - b32d7882-88db-4fe6-9cca-6a25122d474d@group-896385CD49EE: changes role from CANDIDATE to FOLLOWER at term 225 for DISCOVERED_A_NEW_TERM
2019-10-17 02:15:01,156 [b32d7882-88db-4fe6-9cca-6a25122d474d@group-896385CD49EE-LeaderElection277] INFO  impl.RoleInfo (RoleInfo.java:shutdownLeaderElection(134)) - b32d7882-88db-4fe6-9cca-6a25122d474d: shutdown LeaderElection
2019-10-17 02:15:01,156 [b32d7882-88db-4fe6-9cca-6a25122d474d@group-896385CD49EE-LeaderElection277] INFO  impl.RoleInfo (RoleInfo.java:updateAndGet(143)) - b32d7882-88db-4fe6-9cca-6a25122d474d: start FollowerState
2019-10-17 02:15:01,354 [Thread-2770] INFO  impl.FollowerState (FollowerState.java:run(108)) - b32d7882-88db-4fe6-9cca-6a25122d474d@group-896385CD49EE-FollowerState: change to CANDIDATE, lastRpcTime:198ms, electionTimeout:198ms
2019-10-17 02:15:01,354 [Thread-2770] INFO  impl.RoleInfo (RoleInfo.java:shutdownFollowerState(121)) - b32d7882-88db-4fe6-9cca-6a25122d474d: shutdown FollowerState
2019-10-17 02:15:01,355 [Thread-2770] INFO  impl.RaftServerImpl (RaftServerImpl.java:setRole(184)) - b32d7882-88db-4fe6-9cca-6a25122d474d@group-896385CD49EE: changes role from  FOLLOWER to CANDIDATE at term 225 for changeToCandidate
2019-10-17 02:15:01,355 [Thread-2770] INFO  impl.RoleInfo (RoleInfo.java:updateAndGet(143)) - b32d7882-88db-4fe6-9cca-6a25122d474d: start LeaderElection
2019-10-17 02:15:01,369 [b32d7882-88db-4fe6-9cca-6a25122d474d@group-896385CD49EE-LeaderElection278] INFO  impl.LeaderElection (LeaderElection.java:askForVotes(178)) - b32d7882-88db-4fe6-9cca-6a25122d474d@group-896385CD49EE-LeaderElection278: begin an election at term 226 for -1: [b32d7882-88db-4fe6-9cca-6a25122d474d:192.168.157.194:42206, 3aea292b-16fb-4e9b-be90-828afa8e8047:192.168.157.194:34569, a6b2ebfb-69a0-457c-b6cd-a50cc148b564:192.168.157.194:37298], old=null
2019-10-17 02:15:01,371 [grpc-default-executor-2] INFO  impl.RaftServerImpl (RaftServerImpl.java:setRole(184)) - 3aea292b-16fb-4e9b-be90-828afa8e8047@group-896385CD49EE: changes role from  FOLLOWER to FOLLOWER at term 226 for recognizeCandidate:b32d7882-88db-4fe6-9cca-6a25122d474d
2019-10-17 02:15:01,371 [grpc-default-executor-0] INFO  impl.RaftServerImpl (RaftServerImpl.java:setRole(184)) - a6b2ebfb-69a0-457c-b6cd-a50cc148b564@group-896385CD49EE: changes role from  FOLLOWER to FOLLOWER at term 226 for recognizeCandidate:b32d7882-88db-4fe6-9cca-6a25122d474d
2019-10-17 02:15:01,371 [grpc-default-executor-0] INFO  impl.RoleInfo (RoleInfo.java:shutdownFollowerState(121)) - a6b2ebfb-69a0-457c-b6cd-a50cc148b564: shutdown FollowerState
2019-10-17 02:15:01,371 [grpc-default-executor-2] INFO  impl.RoleInfo (RoleInfo.java:shutdownFollowerState(121)) - 3aea292b-16fb-4e9b-be90-828afa8e8047: shutdown FollowerState
2019-10-17 02:15:01,372 [Thread-2769] INFO  impl.FollowerState (FollowerState.java:run(117)) - a6b2ebfb-69a0-457c-b6cd-a50cc148b564@group-896385CD49EE-FollowerState was interrupted: java.lang.InterruptedException: sleep interrupted
2019-10-17 02:15:01,372 [grpc-default-executor-0] INFO  impl.RoleInfo (RoleInfo.java:updateAndGet(143)) - a6b2ebfb-69a0-457c-b6cd-a50cc148b564: start FollowerState
2019-10-17 02:15:01,372 [Thread-2768] INFO  impl.FollowerState (FollowerState.java:run(117)) - 3aea292b-16fb-4e9b-be90-828afa8e8047@group-896385CD49EE-FollowerState was interrupted: java.lang.InterruptedException: sleep interrupted
2019-10-17 02:15:01,372 [grpc-default-executor-2] INFO  impl.RoleInfo (RoleInfo.java:updateAndGet(143)) - 3aea292b-16fb-4e9b-be90-828afa8e8047: start FollowerState
2019-10-17 02:15:01,386 [b32d7882-88db-4fe6-9cca-6a25122d474d@group-896385CD49EE-LeaderElection278] INFO  impl.LeaderElection (LeaderElection.java:logAndReturn(56)) - b32d7882-88db-4fe6-9cca-6a25122d474d@group-896385CD49EE-LeaderElection278: Election REJECTED; received 2 response(s) [b32d7882-88db-4fe6-9cca-6a25122d474d<-3aea292b-16fb-4e9b-be90-828afa8e8047#0:FAIL-t226, b32d7882-88db-4fe6-9cca-6a25122d474d<-a6b2ebfb-69a0-457c-b6cd-a50cc148b564#0:FAIL-t226] and 0 exception(s); b32d7882-88db-4fe6-9cca-6a25122d474d@group-896385CD49EE:t226, leader=null, voted=b32d7882-88db-4fe6-9cca-6a25122d474d, raftlog=b32d7882-88db-4fe6-9cca-6a25122d474d@group-896385CD49EE-SegmentedRaftLog:OPENED:c-1,f-1,i0, conf=-1: [b32d7882-88db-4fe6-9cca-6a25122d474d:192.168.157.194:42206, 3aea292b-16fb-4e9b-be90-828afa8e8047:192.168.157.194:34569, a6b2ebfb-69a0-457c-b6cd-a50cc148b564:192.168.157.194:37298], old=null
2019-10-17 02:15:01,387 [b32d7882-88db-4fe6-9cca-6a25122d474d@group-896385CD49EE-LeaderElection278] INFO  impl.RaftServerImpl (RaftServerImpl.java:setRole(184)) - b32d7882-88db-4fe6-9cca-6a25122d474d@group-896385CD49EE: changes role from CANDIDATE to FOLLOWER at term 226 for DISCOVERED_A_NEW_TERM
2019-10-17 02:15:01,387 [b32d7882-88db-4fe6-9cca-6a25122d474d@group-896385CD49EE-LeaderElection278] INFO  impl.RoleInfo (RoleInfo.java:shutdownLeaderElection(134)) - b32d7882-88db-4fe6-9cca-6a25122d474d: shutdown LeaderElection
2019-10-17 02:15:01,387 [b32d7882-88db-4fe6-9cca-6a25122d474d@group-896385CD49EE-LeaderElection278] INFO  impl.RoleInfo (RoleInfo.java:updateAndGet(143)) - b32d7882-88db-4fe6-9cca-6a25122d474d: start FollowerState
2019-10-17 02:15:01,435 [Thread-2776] INFO  impl.FollowerState (FollowerState.java:run(108)) - b32d7882-88db-4fe6-9cca-6a25122d474d@group-896385CD49EE-FollowerState: change to CANDIDATE, lastRpcTime:48ms, electionTimeout:48ms
2019-10-17 02:15:01,435 [Thread-2776] INFO  impl.RoleInfo (RoleInfo.java:shutdownFollowerState(121)) - b32d7882-88db-4fe6-9cca-6a25122d474d: shutdown FollowerState
2019-10-17 02:15:01,435 [Thread-2776] INFO  impl.RaftServerImpl (RaftServerImpl.java:setRole(184)) - b32d7882-88db-4fe6-9cca-6a25122d474d@group-896385CD49EE: changes role from  FOLLOWER to CANDIDATE at term 226 for changeToCandidate
2019-10-17 02:15:01,436 [Thread-2776] INFO  impl.RoleInfo (RoleInfo.java:updateAndGet(143)) - b32d7882-88db-4fe6-9cca-6a25122d474d: start LeaderElection
2019-10-17 02:15:01,450 [b32d7882-88db-4fe6-9cca-6a25122d474d@group-896385CD49EE-LeaderElection279] INFO  impl.LeaderElection (LeaderElection.java:askForVotes(178)) - b32d7882-88db-4fe6-9cca-6a25122d474d@group-896385CD49EE-LeaderElection279: begin an election at term 227 for -1: [b32d7882-88db-4fe6-9cca-6a25122d474d:192.168.157.194:42206, 3aea292b-16fb-4e9b-be90-828afa8e8047:192.168.157.194:34569, a6b2ebfb-69a0-457c-b6cd-a50cc148b564:192.168.157.194:37298], old=null
2019-10-17 02:15:01,452 [grpc-default-executor-0] INFO  impl.RaftServerImpl (RaftServerImpl.java:setRole(184)) - 3aea292b-16fb-4e9b-be90-828afa8e8047@group-896385CD49EE: changes role from  FOLLOWER to FOLLOWER at term 227 for recognizeCandidate:b32d7882-88db-4fe6-9cca-6a25122d474d
2019-10-17 02:15:01,452 [grpc-default-executor-0] INFO  impl.RoleInfo (RoleInfo.java:shutdownFollowerState(121)) - 3aea292b-16fb-4e9b-be90-828afa8e8047: shutdown FollowerState
2019-10-17 02:15:01,452 [grpc-default-executor-2] INFO  impl.RaftServerImpl (RaftServerImpl.java:setRole(184)) - a6b2ebfb-69a0-457c-b6cd-a50cc148b564@group-896385CD49EE: changes role from  FOLLOWER to FOLLOWER at term 227 for recognizeCandidate:b32d7882-88db-4fe6-9cca-6a25122d474d
2019-10-17 02:15:01,452 [Thread-2775] INFO  impl.FollowerState (FollowerState.java:run(117)) - 3aea292b-16fb-4e9b-be90-828afa8e8047@group-896385CD49EE-FollowerState was interrupted: java.lang.InterruptedException: sleep interrupted
2019-10-17 02:15:01,452 [grpc-default-executor-0] INFO  impl.RoleInfo (RoleInfo.java:updateAndGet(143)) - 3aea292b-16fb-4e9b-be90-828afa8e8047: start FollowerState
2019-10-17 02:15:01,452 [grpc-default-executor-2] INFO  impl.RoleInfo (RoleInfo.java:shutdownFollowerState(121)) - a6b2ebfb-69a0-457c-b6cd-a50cc148b564: shutdown FollowerState
2019-10-17 02:15:01,453 [grpc-default-executor-2] INFO  impl.RoleInfo (RoleInfo.java:updateAndGet(143)) - a6b2ebfb-69a0-457c-b6cd-a50cc148b564: start FollowerState
2019-10-17 02:15:01,453 [Thread-2774] INFO  impl.FollowerState (FollowerState.java:run(117)) - a6b2ebfb-69a0-457c-b6cd-a50cc148b564@group-896385CD49EE-FollowerState was interrupted: java.lang.InterruptedException: sleep interrupted
2019-10-17 02:15:01,467 [b32d7882-88db-4fe6-9cca-6a25122d474d@group-896385CD49EE-LeaderElection279] INFO  impl.LeaderElection (LeaderElection.java:logAndReturn(56)) - b32d7882-88db-4fe6-9cca-6a25122d474d@group-896385CD49EE-LeaderElection279: Election REJECTED; received 2 response(s) [b32d7882-88db-4fe6-9cca-6a25122d474d<-3aea292b-16fb-4e9b-be90-828afa8e8047#0:FAIL-t227, b32d7882-88db-4fe6-9cca-6a25122d474d<-a6b2ebfb-69a0-457c-b6cd-a50cc148b564#0:FAIL-t227] and 0 exception(s); b32d7882-88db-4fe6-9cca-6a25122d474d@group-896385CD49EE:t227, leader=null, voted=b32d7882-88db-4fe6-9cca-6a25122d474d, raftlog=b32d7882-88db-4fe6-9cca-6a25122d474d@group-896385CD49EE-SegmentedRaftLog:OPENED:c-1,f-1,i0, conf=-1: [b32d7882-88db-4fe6-9cca-6a25122d474d:192.168.157.194:42206, 3aea292b-16fb-4e9b-be90-828afa8e8047:192.168.157.194:34569, a6b2ebfb-69a0-457c-b6cd-a50cc148b564:192.168.157.194:37298], old=null
2019-10-17 02:15:01,467 [b32d7882-88db-4fe6-9cca-6a25122d474d@group-896385CD49EE-LeaderElection279] INFO  impl.RaftServerImpl (RaftServerImpl.java:setRole(184)) - b32d7882-88db-4fe6-9cca-6a25122d474d@group-896385CD49EE: changes role from CANDIDATE to FOLLOWER at term 227 for DISCOVERED_A_NEW_TERM
2019-10-17 02:15:01,467 [b32d7882-88db-4fe6-9cca-6a25122d474d@group-896385CD49EE-LeaderElection279] INFO  impl.RoleInfo (RoleInfo.java:shutdownLeaderElection(134)) - b32d7882-88db-4fe6-9cca-6a25122d474d: shutdown LeaderElection
2019-10-17 02:15:01,467 [b32d7882-88db-4fe6-9cca-6a25122d474d@group-896385CD49EE-LeaderElection279] INFO  impl.RoleInfo (RoleInfo.java:updateAndGet(143)) - b32d7882-88db-4fe6-9cca-6a25122d474d: start FollowerState
2019-10-17 02:15:01,484 [Thread-2782] INFO  impl.FollowerState (FollowerState.java:run(108)) - b32d7882-88db-4fe6-9cca-6a25122d474d@group-896385CD49EE-FollowerState: change to CANDIDATE, lastRpcTime:16ms, electionTimeout:16ms
2019-10-17 02:15:01,484 [Thread-2782] INFO  impl.RoleInfo (RoleInfo.java:shutdownFollowerState(121)) - b32d7882-88db-4fe6-9cca-6a25122d474d: shutdown FollowerState
2019-10-17 02:15:01,484 [Thread-2782] INFO  impl.RaftServerImpl (RaftServerImpl.java:setRole(184)) - b32d7882-88db-4fe6-9cca-6a25122d474d@group-896385CD49EE: changes role from  FOLLOWER to CANDIDATE at term 227 for changeToCandidate
2019-10-17 02:15:01,484 [Thread-2782] INFO  impl.RoleInfo (RoleInfo.java:updateAndGet(143)) - b32d7882-88db-4fe6-9cca-6a25122d474d: start LeaderElection
2019-10-17 02:15:01,498 [b32d7882-88db-4fe6-9cca-6a25122d474d@group-896385CD49EE-LeaderElection280] INFO  impl.LeaderElection (LeaderElection.java:askForVotes(178)) - b32d7882-88db-4fe6-9cca-6a25122d474d@group-896385CD49EE-LeaderElection280: begin an election at term 228 for -1: [b32d7882-88db-4fe6-9cca-6a25122d474d:192.168.157.194:42206, 3aea292b-16fb-4e9b-be90-828afa8e8047:192.168.157.194:34569, a6b2ebfb-69a0-457c-b6cd-a50cc148b564:192.168.157.194:37298], old=null
2019-10-17 02:15:01,501 [grpc-default-executor-2] INFO  impl.RaftServerImpl (RaftServerImpl.java:setRole(184)) - 3aea292b-16fb-4e9b-be90-828afa8e8047@group-896385CD49EE: changes role from  FOLLOWER to FOLLOWER at term 228 for recognizeCandidate:b32d7882-88db-4fe6-9cca-6a25122d474d
2019-10-17 02:15:01,501 [grpc-default-executor-2] INFO  impl.RoleInfo (RoleInfo.java:shutdownFollowerState(121)) - 3aea292b-16fb-4e9b-be90-828afa8e8047: shutdown FollowerState
2019-10-17 02:15:01,502 [grpc-default-executor-2] INFO  impl.RoleInfo (RoleInfo.java:updateAndGet(143)) - 3aea292b-16fb-4e9b-be90-828afa8e8047: start FollowerState
2019-10-17 02:15:01,502 [Thread-2780] INFO  impl.FollowerState (FollowerState.java:run(117)) - 3aea292b-16fb-4e9b-be90-828afa8e8047@group-896385CD49EE-FollowerState was interrupted: java.lang.InterruptedException: sleep interrupted
2019-10-17 02:15:01,502 [grpc-default-executor-0] INFO  impl.RaftServerImpl (RaftServerImpl.java:setRole(184)) - a6b2ebfb-69a0-457c-b6cd-a50cc148b564@group-896385CD49EE: changes role from  FOLLOWER to FOLLOWER at term 228 for recognizeCandidate:b32d7882-88db-4fe6-9cca-6a25122d474d
2019-10-17 02:15:01,502 [grpc-default-executor-0] INFO  impl.RoleInfo (RoleInfo.java:shutdownFollowerState(121)) - a6b2ebfb-69a0-457c-b6cd-a50cc148b564: shutdown FollowerState
2019-10-17 02:15:01,502 [grpc-default-executor-0] INFO  impl.RoleInfo (RoleInfo.java:updateAndGet(143)) - a6b2ebfb-69a0-457c-b6cd-a50cc148b564: start FollowerState
2019-10-17 02:15:01,502 [Thread-2781] INFO  impl.FollowerState (FollowerState.java:run(117)) - a6b2ebfb-69a0-457c-b6cd-a50cc148b564@group-896385CD49EE-FollowerState was interrupted: java.lang.InterruptedException: sleep interrupted
2019-10-17 02:15:01,516 [b32d7882-88db-4fe6-9cca-6a25122d474d@group-896385CD49EE-LeaderElection280] INFO  impl.LeaderElection (LeaderElection.java:logAndReturn(56)) - b32d7882-88db-4fe6-9cca-6a25122d474d@group-896385CD49EE-LeaderElection280: Election REJECTED; received 2 response(s) [b32d7882-88db-4fe6-9cca-6a25122d474d<-3aea292b-16fb-4e9b-be90-828afa8e8047#0:FAIL-t228, b32d7882-88db-4fe6-9cca-6a25122d474d<-a6b2ebfb-69a0-457c-b6cd-a50cc148b564#0:FAIL-t228] and 0 exception(s); b32d7882-88db-4fe6-9cca-6a25122d474d@group-896385CD49EE:t228, leader=null, voted=b32d7882-88db-4fe6-9cca-6a25122d474d, raftlog=b32d7882-88db-4fe6-9cca-6a25122d474d@group-896385CD49EE-SegmentedRaftLog:OPENED:c-1,f-1,i0, conf=-1: [b32d7882-88db-4fe6-9cca-6a25122d474d:192.168.157.194:42206, 3aea292b-16fb-4e9b-be90-828afa8e8047:192.168.157.194:34569, a6b2ebfb-69a0-457c-b6cd-a50cc148b564:192.168.157.194:37298], old=null
2019-10-17 02:15:01,517 [b32d7882-88db-4fe6-9cca-6a25122d474d@group-896385CD49EE-LeaderElection280] INFO  impl.RaftServerImpl (RaftServerImpl.java:setRole(184)) - b32d7882-88db-4fe6-9cca-6a25122d474d@group-896385CD49EE: changes role from CANDIDATE to FOLLOWER at term 228 for DISCOVERED_A_NEW_TERM
2019-10-17 02:15:01,517 [b32d7882-88db-4fe6-9cca-6a25122d474d@group-896385CD49EE-LeaderElection280] INFO  impl.RoleInfo (RoleInfo.java:shutdownLeaderElection(134)) - b32d7882-88db-4fe6-9cca-6a25122d474d: shutdown LeaderElection
2019-10-17 02:15:01,517 [b32d7882-88db-4fe6-9cca-6a25122d474d@group-896385CD49EE-LeaderElection280] INFO  impl.RoleInfo (RoleInfo.java:updateAndGet(143)) - b32d7882-88db-4fe6-9cca-6a25122d474d: start FollowerState
2019-10-17 02:15:01,547 [Thread-2788] INFO  impl.FollowerState (FollowerState.java:run(108)) - b32d7882-88db-4fe6-9cca-6a25122d474d@group-896385CD49EE-FollowerState: change to CANDIDATE, lastRpcTime:30ms, electionTimeout:30ms
2019-10-17 02:15:01,547 [Thread-2788] INFO  impl.RoleInfo (RoleInfo.java:shutdownFollowerState(121)) - b32d7882-88db-4fe6-9cca-6a25122d474d: shutdown FollowerState
2019-10-17 02:15:01,547 [Thread-2788] INFO  impl.RaftServerImpl (RaftServerImpl.java:setRole(184)) - b32d7882-88db-4fe6-9cca-6a25122d474d@group-896385CD49EE: changes role from  FOLLOWER to CANDIDATE at term 228 for changeToCandidate
2019-10-17 02:15:01,547 [Thread-2788] INFO  impl.RoleInfo (RoleInfo.java:updateAndGet(143)) - b32d7882-88db-4fe6-9cca-6a25122d474d: start LeaderElection
2019-10-17 02:15:01,561 [b32d7882-88db-4fe6-9cca-6a25122d474d@group-896385CD49EE-LeaderElection281] INFO  impl.LeaderElection (LeaderElection.java:askForVotes(178)) - b32d7882-88db-4fe6-9cca-6a25122d474d@group-896385CD49EE-LeaderElection281: begin an election at term 229 for -1: [b32d7882-88db-4fe6-9cca-6a25122d474d:192.168.157.194:42206, 3aea292b-16fb-4e9b-be90-828afa8e8047:192.168.157.194:34569, a6b2ebfb-69a0-457c-b6cd-a50cc148b564:192.168.157.194:37298], old=null
2019-10-17 02:15:01,564 [grpc-default-executor-2] INFO  impl.RaftServerImpl (RaftServerImpl.java:setRole(184)) - 3aea292b-16fb-4e9b-be90-828afa8e8047@group-896385CD49EE: changes role from  FOLLOWER to FOLLOWER at term 229 for recognizeCandidate:b32d7882-88db-4fe6-9cca-6a25122d474d
2019-10-17 02:15:01,564 [grpc-default-executor-2] INFO  impl.RoleInfo (RoleInfo.java:shutdownFollowerState(121)) - 3aea292b-16fb-4e9b-be90-828afa8e8047: shutdown FollowerState
2019-10-17 02:15:01,564 [grpc-default-executor-2] INFO  impl.RoleInfo (RoleInfo.java:updateAndGet(143)) - 3aea292b-16fb-4e9b-be90-828afa8e8047: start FollowerState
2019-10-17 02:15:01,564 [Thread-2786] INFO  impl.FollowerState (FollowerState.java:run(117)) - 3aea292b-16fb-4e9b-be90-828afa8e8047@group-896385CD49EE-FollowerState was interrupted: java.lang.InterruptedException: sleep interrupted
2019-10-17 02:15:01,564 [grpc-default-executor-0] INFO  impl.RaftServerImpl (RaftServerImpl.java:setRole(184)) - a6b2ebfb-69a0-457c-b6cd-a50cc148b564@group-896385CD49EE: changes role from  FOLLOWER to FOLLOWER at term 229 for recognizeCandidate:b32d7882-88db-4fe6-9cca-6a25122d474d
2019-10-17 02:15:01,565 [grpc-default-executor-0] INFO  impl.RoleInfo (RoleInfo.java:shutdownFollowerState(121)) - a6b2ebfb-69a0-457c-b6cd-a50cc148b564: shutdown FollowerState
2019-10-17 02:15:01,565 [grpc-default-executor-0] INFO  impl.RoleInfo (RoleInfo.java:updateAndGet(143)) - a6b2ebfb-69a0-457c-b6cd-a50cc148b564: start FollowerState
2019-10-17 02:15:01,565 [Thread-2787] INFO  impl.FollowerState (FollowerState.java:run(117)) - a6b2ebfb-69a0-457c-b6cd-a50cc148b564@group-896385CD49EE-FollowerState was interrupted: java.lang.InterruptedException: sleep interrupted
2019-10-17 02:15:01,613 [b32d7882-88db-4fe6-9cca-6a25122d474d@group-896385CD49EE-LeaderElection281] INFO  impl.LeaderElection (LeaderElection.java:logAndReturn(56)) - b32d7882-88db-4fe6-9cca-6a25122d474d@group-896385CD49EE-LeaderElection281: Election REJECTED; received 2 response(s) [b32d7882-88db-4fe6-9cca-6a25122d474d<-3aea292b-16fb-4e9b-be90-828afa8e8047#0:FAIL-t229, b32d7882-88db-4fe6-9cca-6a25122d474d<-a6b2ebfb-69a0-457c-b6cd-a50cc148b564#0:FAIL-t229] and 0 exception(s); b32d7882-88db-4fe6-9cca-6a25122d474d@group-896385CD49EE:t229, leader=null, voted=b32d7882-88db-4fe6-9cca-6a25122d474d, raftlog=b32d7882-88db-4fe6-9cca-6a25122d474d@group-896385CD49EE-SegmentedRaftLog:OPENED:c-1,f-1,i0, conf=-1: [b32d7882-88db-4fe6-9cca-6a25122d474d:192.168.157.194:42206, 3aea292b-16fb-4e9b-be90-828afa8e8047:192.168.157.194:34569, a6b2ebfb-69a0-457c-b6cd-a50cc148b564:192.168.157.194:37298], old=null
2019-10-17 02:15:01,613 [b32d7882-88db-4fe6-9cca-6a25122d474d@group-896385CD49EE-LeaderElection281] INFO  impl.RaftServerImpl (RaftServerImpl.java:setRole(184)) - b32d7882-88db-4fe6-9cca-6a25122d474d@group-896385CD49EE: changes role from CANDIDATE to FOLLOWER at term 229 for DISCOVERED_A_NEW_TERM
2019-10-17 02:15:01,613 [b32d7882-88db-4fe6-9cca-6a25122d474d@group-896385CD49EE-LeaderElection281] INFO  impl.RoleInfo (RoleInfo.java:shutdownLeaderElection(134)) - b32d7882-88db-4fe6-9cca-6a25122d474d: shutdown LeaderElection
2019-10-17 02:15:01,613 [b32d7882-88db-4fe6-9cca-6a25122d474d@group-896385CD49EE-LeaderElection281] INFO  impl.RoleInfo (RoleInfo.java:updateAndGet(143)) - b32d7882-88db-4fe6-9cca-6a25122d474d: start FollowerState
2019-10-17 02:15:01,628 [Thread-2794] INFO  impl.FollowerState (FollowerState.java:run(108)) - b32d7882-88db-4fe6-9cca-6a25122d474d@group-896385CD49EE-FollowerState: change to CANDIDATE, lastRpcTime:15ms, electionTimeout:15ms
2019-10-17 02:15:01,629 [Thread-2794] INFO  impl.RoleInfo (RoleInfo.java:shutdownFollowerState(121)) - b32d7882-88db-4fe6-9cca-6a25122d474d: shutdown FollowerState
2019-10-17 02:15:01,629 [Thread-2794] INFO  impl.RaftServerImpl (RaftServerImpl.java:setRole(184)) - b32d7882-88db-4fe6-9cca-6a25122d474d@group-896385CD49EE: changes role from  FOLLOWER to CANDIDATE at term 229 for changeToCandidate
2019-10-17 02:15:01,629 [Thread-2794] INFO  impl.RoleInfo (RoleInfo.java:updateAndGet(143)) - b32d7882-88db-4fe6-9cca-6a25122d474d: start LeaderElection
2019-10-17 02:15:01,643 [b32d7882-88db-4fe6-9cca-6a25122d474d@group-896385CD49EE-LeaderElection282] INFO  impl.LeaderElection (LeaderElection.java:askForVotes(178)) - b32d7882-88db-4fe6-9cca-6a25122d474d@group-896385CD49EE-LeaderElection282: begin an election at term 230 for -1: [b32d7882-88db-4fe6-9cca-6a25122d474d:192.168.157.194:42206, 3aea292b-16fb-4e9b-be90-828afa8e8047:192.168.157.194:34569, a6b2ebfb-69a0-457c-b6cd-a50cc148b564:192.168.157.194:37298], old=null
2019-10-17 02:15:01,645 [grpc-default-executor-2] INFO  impl.RaftServerImpl (RaftServerImpl.java:setRole(184)) - 3aea292b-16fb-4e9b-be90-828afa8e8047@group-896385CD49EE: changes role from  FOLLOWER to FOLLOWER at term 230 for recognizeCandidate:b32d7882-88db-4fe6-9cca-6a25122d474d
2019-10-17 02:15:01,645 [grpc-default-executor-2] INFO  impl.RoleInfo (RoleInfo.java:shutdownFollowerState(121)) - 3aea292b-16fb-4e9b-be90-828afa8e8047: shutdown FollowerState
2019-10-17 02:15:01,645 [grpc-default-executor-0] INFO  impl.RaftServerImpl (RaftServerImpl.java:setRole(184)) - a6b2ebfb-69a0-457c-b6cd-a50cc148b564@group-896385CD49EE: changes role from  FOLLOWER to FOLLOWER at term 230 for recognizeCandidate:b32d7882-88db-4fe6-9cca-6a25122d474d
2019-10-17 02:15:01,646 [grpc-default-executor-0] INFO  impl.RoleInfo (RoleInfo.java:shutdownFollowerState(121)) - a6b2ebfb-69a0-457c-b6cd-a50cc148b564: shutdown FollowerState
2019-10-17 02:15:01,646 [Thread-2792] INFO  impl.FollowerState (FollowerState.java:run(117)) - 3aea292b-16fb-4e9b-be90-828afa8e8047@group-896385CD49EE-FollowerState was interrupted: java.lang.InterruptedException: sleep interrupted
2019-10-17 02:15:01,645 [grpc-default-executor-2] INFO  impl.RoleInfo (RoleInfo.java:updateAndGet(143)) - 3aea292b-16fb-4e9b-be90-828afa8e8047: start FollowerState
2019-10-17 02:15:01,646 [Thread-2793] INFO  impl.FollowerState (FollowerState.java:run(117)) - a6b2ebfb-69a0-457c-b6cd-a50cc148b564@group-896385CD49EE-FollowerState was interrupted: java.lang.InterruptedException: sleep interrupted
2019-10-17 02:15:01,646 [grpc-default-executor-0] INFO  impl.RoleInfo (RoleInfo.java:updateAndGet(143)) - a6b2ebfb-69a0-457c-b6cd-a50cc148b564: start FollowerState
2019-10-17 02:15:01,660 [b32d7882-88db-4fe6-9cca-6a25122d474d@group-896385CD49EE-LeaderElection282] INFO  impl.LeaderElection (LeaderElection.java:logAndReturn(56)) - b32d7882-88db-4fe6-9cca-6a25122d474d@group-896385CD49EE-LeaderElection282: Election REJECTED; received 2 response(s) [b32d7882-88db-4fe6-9cca-6a25122d474d<-3aea292b-16fb-4e9b-be90-828afa8e8047#0:FAIL-t230, b32d7882-88db-4fe6-9cca-6a25122d474d<-a6b2ebfb-69a0-457c-b6cd-a50cc148b564#0:FAIL-t230] and 0 exception(s); b32d7882-88db-4fe6-9cca-6a25122d474d@group-896385CD49EE:t230, leader=null, voted=b32d7882-88db-4fe6-9cca-6a25122d474d, raftlog=b32d7882-88db-4fe6-9cca-6a25122d474d@group-896385CD49EE-SegmentedRaftLog:OPENED:c-1,f-1,i0, conf=-1: [b32d7882-88db-4fe6-9cca-6a25122d474d:192.168.157.194:42206, 3aea292b-16fb-4e9b-be90-828afa8e8047:192.168.157.194:34569, a6b2ebfb-69a0-457c-b6cd-a50cc148b564:192.168.157.194:37298], old=null
2019-10-17 02:15:01,660 [b32d7882-88db-4fe6-9cca-6a25122d474d@group-896385CD49EE-LeaderElection282] INFO  impl.RaftServerImpl (RaftServerImpl.java:setRole(184)) - b32d7882-88db-4fe6-9cca-6a25122d474d@group-896385CD49EE: changes role from CANDIDATE to FOLLOWER at term 230 for DISCOVERED_A_NEW_TERM
2019-10-17 02:15:01,660 [b32d7882-88db-4fe6-9cca-6a25122d474d@group-896385CD49EE-LeaderElection282] INFO  impl.RoleInfo (RoleInfo.java:shutdownLeaderElection(134)) - b32d7882-88db-4fe6-9cca-6a25122d474d: shutdown LeaderElection
2019-10-17 02:15:01,661 [b32d7882-88db-4fe6-9cca-6a25122d474d@group-896385CD49EE-LeaderElection282] INFO  impl.RoleInfo (RoleInfo.java:updateAndGet(143)) - b32d7882-88db-4fe6-9cca-6a25122d474d: start FollowerState
2019-10-17 02:15:01,806 [Thread-2800] INFO  impl.FollowerState (FollowerState.java:run(108)) - b32d7882-88db-4fe6-9cca-6a25122d474d@group-896385CD49EE-FollowerState: change to CANDIDATE, lastRpcTime:145ms, electionTimeout:145ms
2019-10-17 02:15:01,806 [Thread-2800] INFO  impl.RoleInfo (RoleInfo.java:shutdownFollowerState(121)) - b32d7882-88db-4fe6-9cca-6a25122d474d: shutdown FollowerState
2019-10-17 02:15:01,806 [Thread-2800] INFO  impl.RaftServerImpl (RaftServerImpl.java:setRole(184)) - b32d7882-88db-4fe6-9cca-6a25122d474d@group-896385CD49EE: changes role from  FOLLOWER to CANDIDATE at term 230 for changeToCandidate
2019-10-17 02:15:01,806 [Thread-2800] INFO  impl.RoleInfo (RoleInfo.java:updateAndGet(143)) - b32d7882-88db-4fe6-9cca-6a25122d474d: start LeaderElection
2019-10-17 02:15:01,821 [b32d7882-88db-4fe6-9cca-6a25122d474d@group-896385CD49EE-LeaderElection283] INFO  impl.LeaderElection (LeaderElection.java:askForVotes(178)) - b32d7882-88db-4fe6-9cca-6a25122d474d@group-896385CD49EE-LeaderElection283: begin an election at term 231 for -1: [b32d7882-88db-4fe6-9cca-6a25122d474d:192.168.157.194:42206, 3aea292b-16fb-4e9b-be90-828afa8e8047:192.168.157.194:34569, a6b2ebfb-69a0-457c-b6cd-a50cc148b564:192.168.157.194:37298], old=null
2019-10-17 02:15:01,823 [grpc-default-executor-2] INFO  impl.RaftServerImpl (RaftServerImpl.java:setRole(184)) - 3aea292b-16fb-4e9b-be90-828afa8e8047@group-896385CD49EE: changes role from  FOLLOWER to FOLLOWER at term 231 for recognizeCandidate:b32d7882-88db-4fe6-9cca-6a25122d474d
2019-10-17 02:15:01,823 [grpc-default-executor-2] INFO  impl.RoleInfo (RoleInfo.java:shutdownFollowerState(121)) - 3aea292b-16fb-4e9b-be90-828afa8e8047: shutdown FollowerState
2019-10-17 02:15:01,823 [grpc-default-executor-0] INFO  impl.RaftServerImpl (RaftServerImpl.java:setRole(184)) - a6b2ebfb-69a0-457c-b6cd-a50cc148b564@group-896385CD49EE: changes role from  FOLLOWER to FOLLOWER at term 231 for recognizeCandidate:b32d7882-88db-4fe6-9cca-6a25122d474d
2019-10-17 02:15:01,824 [Thread-2798] INFO  impl.FollowerState (FollowerState.java:run(117)) - 3aea292b-16fb-4e9b-be90-828afa8e8047@group-896385CD49EE-FollowerState was interrupted: java.lang.InterruptedException: sleep interrupted
2019-10-17 02:15:01,824 [grpc-default-executor-2] INFO  impl.RoleInfo (RoleInfo.java:updateAndGet(143)) - 3aea292b-16fb-4e9b-be90-828afa8e8047: start FollowerState
2019-10-17 02:15:01,824 [grpc-default-executor-0] INFO  impl.RoleInfo (RoleInfo.java:shutdownFollowerState(121)) - a6b2ebfb-69a0-457c-b6cd-a50cc148b564: shutdown FollowerState
2019-10-17 02:15:01,824 [grpc-default-executor-0] INFO  impl.RoleInfo (RoleInfo.java:updateAndGet(143)) - a6b2ebfb-69a0-457c-b6cd-a50cc148b564: start FollowerState
2019-10-17 02:15:01,824 [Thread-2799] INFO  impl.FollowerState (FollowerState.java:run(117)) - a6b2ebfb-69a0-457c-b6cd-a50cc148b564@group-896385CD49EE-FollowerState was interrupted: java.lang.InterruptedException: sleep interrupted
2019-10-17 02:15:01,841 [b32d7882-88db-4fe6-9cca-6a25122d474d@group-896385CD49EE-LeaderElection283] INFO  impl.LeaderElection (LeaderElection.java:logAndReturn(56)) - b32d7882-88db-4fe6-9cca-6a25122d474d@group-896385CD49EE-LeaderElection283: Election REJECTED; received 2 response(s) [b32d7882-88db-4fe6-9cca-6a25122d474d<-3aea292b-16fb-4e9b-be90-828afa8e8047#0:FAIL-t231, b32d7882-88db-4fe6-9cca-6a25122d474d<-a6b2ebfb-69a0-457c-b6cd-a50cc148b564#0:FAIL-t231] and 0 exception(s); b32d7882-88db-4fe6-9cca-6a25122d474d@group-896385CD49EE:t231, leader=null, voted=b32d7882-88db-4fe6-9cca-6a25122d474d, raftlog=b32d7882-88db-4fe6-9cca-6a25122d474d@group-896385CD49EE-SegmentedRaftLog:OPENED:c-1,f-1,i0, conf=-1: [b32d7882-88db-4fe6-9cca-6a25122d474d:192.168.157.194:42206, 3aea292b-16fb-4e9b-be90-828afa8e8047:192.168.157.194:34569, a6b2ebfb-69a0-457c-b6cd-a50cc148b564:192.168.157.194:37298], old=null
2019-10-17 02:15:01,842 [b32d7882-88db-4fe6-9cca-6a25122d474d@group-896385CD49EE-LeaderElection283] INFO  impl.RaftServerImpl (RaftServerImpl.java:setRole(184)) - b32d7882-88db-4fe6-9cca-6a25122d474d@group-896385CD49EE: changes role from CANDIDATE to FOLLOWER at term 231 for DISCOVERED_A_NEW_TERM
2019-10-17 02:15:01,842 [b32d7882-88db-4fe6-9cca-6a25122d474d@group-896385CD49EE-LeaderElection283] INFO  impl.RoleInfo (RoleInfo.java:shutdownLeaderElection(134)) - b32d7882-88db-4fe6-9cca-6a25122d474d: shutdown LeaderElection
2019-10-17 02:15:01,842 [b32d7882-88db-4fe6-9cca-6a25122d474d@group-896385CD49EE-LeaderElection283] INFO  impl.RoleInfo (RoleInfo.java:updateAndGet(143)) - b32d7882-88db-4fe6-9cca-6a25122d474d: start FollowerState
2019-10-17 02:15:02,035 [Thread-2806] INFO  impl.FollowerState (FollowerState.java:run(108)) - b32d7882-88db-4fe6-9cca-6a25122d474d@group-896385CD49EE-FollowerState: change to CANDIDATE, lastRpcTime:192ms, electionTimeout:192ms
2019-10-17 02:15:02,035 [Thread-2806] INFO  impl.RoleInfo (RoleInfo.java:shutdownFollowerState(121)) - b32d7882-88db-4fe6-9cca-6a25122d474d: shutdown FollowerState
2019-10-17 02:15:02,035 [Thread-2806] INFO  impl.RaftServerImpl (RaftServerImpl.java:setRole(184)) - b32d7882-88db-4fe6-9cca-6a25122d474d@group-896385CD49EE: changes role from  FOLLOWER to CANDIDATE at term 231 for changeToCandidate
2019-10-17 02:15:02,036 [Thread-2806] INFO  impl.RoleInfo (RoleInfo.java:updateAndGet(143)) - b32d7882-88db-4fe6-9cca-6a25122d474d: start LeaderElection
2019-10-17 02:15:02,041 [b32d7882-88db-4fe6-9cca-6a25122d474d@group-896385CD49EE-LeaderElection284] INFO  impl.LeaderElection (LeaderElection.java:askForVotes(178)) - b32d7882-88db-4fe6-9cca-6a25122d474d@group-896385CD49EE-LeaderElection284: begin an election at term 232 for -1: [b32d7882-88db-4fe6-9cca-6a25122d474d:192.168.157.194:42206, 3aea292b-16fb-4e9b-be90-828afa8e8047:192.168.157.194:34569, a6b2ebfb-69a0-457c-b6cd-a50cc148b564:192.168.157.194:37298], old=null
2019-10-17 02:15:02,045 [b32d7882-88db-4fe6-9cca-6a25122d474d@group-896385CD49EE-LeaderElection284] INFO  impl.LeaderElection (LeaderElection.java:logAndReturn(56)) - b32d7882-88db-4fe6-9cca-6a25122d474d@group-896385CD49EE-LeaderElection284: Election TIMEOUT; received 0 response(s) [] and 0 exception(s); b32d7882-88db-4fe6-9cca-6a25122d474d@group-896385CD49EE:t232, leader=null, voted=b32d7882-88db-4fe6-9cca-6a25122d474d, raftlog=b32d7882-88db-4fe6-9cca-6a25122d474d@group-896385CD49EE-SegmentedRaftLog:OPENED:c-1,f-1,i0, conf=-1: [b32d7882-88db-4fe6-9cca-6a25122d474d:192.168.157.194:42206, 3aea292b-16fb-4e9b-be90-828afa8e8047:192.168.157.194:34569, a6b2ebfb-69a0-457c-b6cd-a50cc148b564:192.168.157.194:37298], old=null
2019-10-17 02:15:02,046 [grpc-default-executor-0] INFO  impl.RaftServerImpl (RaftServerImpl.java:setRole(184)) - 3aea292b-16fb-4e9b-be90-828afa8e8047@group-896385CD49EE: changes role from  FOLLOWER to FOLLOWER at term 232 for recognizeCandidate:b32d7882-88db-4fe6-9cca-6a25122d474d
2019-10-17 02:15:02,046 [grpc-default-executor-2] INFO  impl.RaftServerImpl (RaftServerImpl.java:setRole(184)) - a6b2ebfb-69a0-457c-b6cd-a50cc148b564@group-896385CD49EE: changes role from  FOLLOWER to FOLLOWER at term 232 for recognizeCandidate:b32d7882-88db-4fe6-9cca-6a25122d474d
2019-10-17 02:15:02,046 [grpc-default-executor-0] INFO  impl.RoleInfo (RoleInfo.java:shutdownFollowerState(121)) - 3aea292b-16fb-4e9b-be90-828afa8e8047: shutdown FollowerState
2019-10-17 02:15:02,046 [grpc-default-executor-2] INFO  impl.RoleInfo (RoleInfo.java:shutdownFollowerState(121)) - a6b2ebfb-69a0-457c-b6cd-a50cc148b564: shutdown FollowerState
2019-10-17 02:15:02,046 [grpc-default-executor-0] INFO  impl.RoleInfo (RoleInfo.java:updateAndGet(143)) - 3aea292b-16fb-4e9b-be90-828afa8e8047: start FollowerState
2019-10-17 02:15:02,047 [Thread-2805] INFO  impl.FollowerState (FollowerState.java:run(117)) - a6b2ebfb-69a0-457c-b6cd-a50cc148b564@group-896385CD49EE-FollowerState was interrupted: java.lang.InterruptedException: sleep interrupted
2019-10-17 02:15:02,046 [grpc-default-executor-2] INFO  impl.RoleInfo (RoleInfo.java:updateAndGet(143)) - a6b2ebfb-69a0-457c-b6cd-a50cc148b564: start FollowerState
2019-10-17 02:15:02,046 [Thread-2804] INFO  impl.FollowerState (FollowerState.java:run(117)) - 3aea292b-16fb-4e9b-be90-828afa8e8047@group-896385CD49EE-FollowerState was interrupted: java.lang.InterruptedException: sleep interrupted
2019-10-17 02:15:02,060 [b32d7882-88db-4fe6-9cca-6a25122d474d@group-896385CD49EE-LeaderElection284] INFO  impl.LeaderElection (LeaderElection.java:askForVotes(178)) - b32d7882-88db-4fe6-9cca-6a25122d474d@group-896385CD49EE-LeaderElection284: begin an election at term 233 for -1: [b32d7882-88db-4fe6-9cca-6a25122d474d:192.168.157.194:42206, 3aea292b-16fb-4e9b-be90-828afa8e8047:192.168.157.194:34569, a6b2ebfb-69a0-457c-b6cd-a50cc148b564:192.168.157.194:37298], old=null
2019-10-17 02:15:02,062 [grpc-default-executor-0] INFO  impl.RaftServerImpl (RaftServerImpl.java:setRole(184)) - 3aea292b-16fb-4e9b-be90-828afa8e8047@group-896385CD49EE: changes role from  FOLLOWER to FOLLOWER at term 233 for recognizeCandidate:b32d7882-88db-4fe6-9cca-6a25122d474d
2019-10-17 02:15:02,062 [grpc-default-executor-2] INFO  impl.RaftServerImpl (RaftServerImpl.java:setRole(184)) - a6b2ebfb-69a0-457c-b6cd-a50cc148b564@group-896385CD49EE: changes role from  FOLLOWER to FOLLOWER at term 233 for recognizeCandidate:b32d7882-88db-4fe6-9cca-6a25122d474d
2019-10-17 02:15:02,063 [grpc-default-executor-0] INFO  impl.RoleInfo (RoleInfo.java:shutdownFollowerState(121)) - 3aea292b-16fb-4e9b-be90-828afa8e8047: shutdown FollowerState
2019-10-17 02:15:02,063 [grpc-default-executor-2] INFO  impl.RoleInfo (RoleInfo.java:shutdownFollowerState(121)) - a6b2ebfb-69a0-457c-b6cd-a50cc148b564: shutdown FollowerState
2019-10-17 02:15:02,063 [Thread-2810] INFO  impl.FollowerState (FollowerState.java:run(117)) - 3aea292b-16fb-4e9b-be90-828afa8e8047@group-896385CD49EE-FollowerState was interrupted: java.lang.InterruptedException: sleep interrupted
2019-10-17 02:15:02,063 [grpc-default-executor-0] INFO  impl.RoleInfo (RoleInfo.java:updateAndGet(143)) - 3aea292b-16fb-4e9b-be90-828afa8e8047: start FollowerState
2019-10-17 02:15:02,064 [Thread-2811] INFO  impl.FollowerState (FollowerState.java:run(117)) - a6b2ebfb-69a0-457c-b6cd-a50cc148b564@group-896385CD49EE-FollowerState was interrupted: java.lang.InterruptedException: sleep interrupted
2019-10-17 02:15:02,064 [grpc-default-executor-2] INFO  impl.RoleInfo (RoleInfo.java:updateAndGet(143)) - a6b2ebfb-69a0-457c-b6cd-a50cc148b564: start FollowerState
2019-10-17 02:15:02,078 [b32d7882-88db-4fe6-9cca-6a25122d474d@group-896385CD49EE-LeaderElection284] INFO  impl.LeaderElection (LeaderElection.java:logAndReturn(56)) - b32d7882-88db-4fe6-9cca-6a25122d474d@group-896385CD49EE-LeaderElection284: Election REJECTED; received 2 response(s) [b32d7882-88db-4fe6-9cca-6a25122d474d<-3aea292b-16fb-4e9b-be90-828afa8e8047#0:FAIL-t233, b32d7882-88db-4fe6-9cca-6a25122d474d<-a6b2ebfb-69a0-457c-b6cd-a50cc148b564#0:FAIL-t233] and 0 exception(s); b32d7882-88db-4fe6-9cca-6a25122d474d@group-896385CD49EE:t233, leader=null, voted=b32d7882-88db-4fe6-9cca-6a25122d474d, raftlog=b32d7882-88db-4fe6-9cca-6a25122d474d@group-896385CD49EE-SegmentedRaftLog:OPENED:c-1,f-1,i0, conf=-1: [b32d7882-88db-4fe6-9cca-6a25122d474d:192.168.157.194:42206, 3aea292b-16fb-4e9b-be90-828afa8e8047:192.168.157.194:34569, a6b2ebfb-69a0-457c-b6cd-a50cc148b564:192.168.157.194:37298], old=null
2019-10-17 02:15:02,078 [b32d7882-88db-4fe6-9cca-6a25122d474d@group-896385CD49EE-LeaderElection284] INFO  impl.RaftServerImpl (RaftServerImpl.java:setRole(184)) - b32d7882-88db-4fe6-9cca-6a25122d474d@group-896385CD49EE: changes role from CANDIDATE to FOLLOWER at term 233 for DISCOVERED_A_NEW_TERM
2019-10-17 02:15:02,078 [b32d7882-88db-4fe6-9cca-6a25122d474d@group-896385CD49EE-LeaderElection284] INFO  impl.RoleInfo (RoleInfo.java:shutdownLeaderElection(134)) - b32d7882-88db-4fe6-9cca-6a25122d474d: shutdown LeaderElection
2019-10-17 02:15:02,079 [b32d7882-88db-4fe6-9cca-6a25122d474d@group-896385CD49EE-LeaderElection284] INFO  impl.RoleInfo (RoleInfo.java:updateAndGet(143)) - b32d7882-88db-4fe6-9cca-6a25122d474d: start FollowerState
2019-10-17 02:15:02,160 [main] INFO  ozone.MiniOzoneClusterImpl (MiniOzoneClusterImpl.java:lambda$waitForClusterToBeReady$2(164)) - Waiting for 1 number of pipelines out of 4, to report a leader.
2019-10-17 02:15:02,189 [Thread-2816] INFO  impl.FollowerState (FollowerState.java:run(108)) - b32d7882-88db-4fe6-9cca-6a25122d474d@group-896385CD49EE-FollowerState: change to CANDIDATE, lastRpcTime:110ms, electionTimeout:110ms
2019-10-17 02:15:02,189 [Thread-2816] INFO  impl.RoleInfo (RoleInfo.java:shutdownFollowerState(121)) - b32d7882-88db-4fe6-9cca-6a25122d474d: shutdown FollowerState
2019-10-17 02:15:02,189 [Thread-2816] INFO  impl.RaftServerImpl (RaftServerImpl.java:setRole(184)) - b32d7882-88db-4fe6-9cca-6a25122d474d@group-896385CD49EE: changes role from  FOLLOWER to CANDIDATE at term 233 for changeToCandidate
2019-10-17 02:15:02,189 [Thread-2816] INFO  impl.RoleInfo (RoleInfo.java:updateAndGet(143)) - b32d7882-88db-4fe6-9cca-6a25122d474d: start LeaderElection
2019-10-17 02:15:02,204 [b32d7882-88db-4fe6-9cca-6a25122d474d@group-896385CD49EE-LeaderElection285] INFO  impl.LeaderElection (LeaderElection.java:askForVotes(178)) - b32d7882-88db-4fe6-9cca-6a25122d474d@group-896385CD49EE-LeaderElection285: begin an election at term 234 for -1: [b32d7882-88db-4fe6-9cca-6a25122d474d:192.168.157.194:42206, 3aea292b-16fb-4e9b-be90-828afa8e8047:192.168.157.194:34569, a6b2ebfb-69a0-457c-b6cd-a50cc148b564:192.168.157.194:37298], old=null
2019-10-17 02:15:02,206 [grpc-default-executor-0] INFO  impl.RaftServerImpl (RaftServerImpl.java:setRole(184)) - 3aea292b-16fb-4e9b-be90-828afa8e8047@group-896385CD49EE: changes role from  FOLLOWER to FOLLOWER at term 234 for recognizeCandidate:b32d7882-88db-4fe6-9cca-6a25122d474d
2019-10-17 02:15:02,206 [grpc-default-executor-0] INFO  impl.RoleInfo (RoleInfo.java:shutdownFollowerState(121)) - 3aea292b-16fb-4e9b-be90-828afa8e8047: shutdown FollowerState
2019-10-17 02:15:02,206 [grpc-default-executor-2] INFO  impl.RaftServerImpl (RaftServerImpl.java:setRole(184)) - a6b2ebfb-69a0-457c-b6cd-a50cc148b564@group-896385CD49EE: changes role from  FOLLOWER to FOLLOWER at term 234 for recognizeCandidate:b32d7882-88db-4fe6-9cca-6a25122d474d
2019-10-17 02:15:02,206 [Thread-2814] INFO  impl.FollowerState (FollowerState.java:run(117)) - 3aea292b-16fb-4e9b-be90-828afa8e8047@group-896385CD49EE-FollowerState was interrupted: java.lang.InterruptedException: sleep interrupted
2019-10-17 02:15:02,206 [grpc-default-executor-0] INFO  impl.RoleInfo (RoleInfo.java:updateAndGet(143)) - 3aea292b-16fb-4e9b-be90-828afa8e8047: start FollowerState
2019-10-17 02:15:02,206 [grpc-default-executor-2] INFO  impl.RoleInfo (RoleInfo.java:shutdownFollowerState(121)) - a6b2ebfb-69a0-457c-b6cd-a50cc148b564: shutdown FollowerState
2019-10-17 02:15:02,207 [grpc-default-executor-2] INFO  impl.RoleInfo (RoleInfo.java:updateAndGet(143)) - a6b2ebfb-69a0-457c-b6cd-a50cc148b564: start FollowerState
2019-10-17 02:15:02,207 [Thread-2815] INFO  impl.FollowerState (FollowerState.java:run(117)) - a6b2ebfb-69a0-457c-b6cd-a50cc148b564@group-896385CD49EE-FollowerState was interrupted: java.lang.InterruptedException: sleep interrupted
2019-10-17 02:15:02,220 [b32d7882-88db-4fe6-9cca-6a25122d474d@group-896385CD49EE-LeaderElection285] INFO  impl.LeaderElection (LeaderElection.java:logAndReturn(56)) - b32d7882-88db-4fe6-9cca-6a25122d474d@group-896385CD49EE-LeaderElection285: Election REJECTED; received 2 response(s) [b32d7882-88db-4fe6-9cca-6a25122d474d<-3aea292b-16fb-4e9b-be90-828afa8e8047#0:FAIL-t234, b32d7882-88db-4fe6-9cca-6a25122d474d<-a6b2ebfb-69a0-457c-b6cd-a50cc148b564#0:FAIL-t234] and 0 exception(s); b32d7882-88db-4fe6-9cca-6a25122d474d@group-896385CD49EE:t234, leader=null, voted=b32d7882-88db-4fe6-9cca-6a25122d474d, raftlog=b32d7882-88db-4fe6-9cca-6a25122d474d@group-896385CD49EE-SegmentedRaftLog:OPENED:c-1,f-1,i0, conf=-1: [b32d7882-88db-4fe6-9cca-6a25122d474d:192.168.157.194:42206, 3aea292b-16fb-4e9b-be90-828afa8e8047:192.168.157.194:34569, a6b2ebfb-69a0-457c-b6cd-a50cc148b564:192.168.157.194:37298], old=null
2019-10-17 02:15:02,221 [b32d7882-88db-4fe6-9cca-6a25122d474d@group-896385CD49EE-LeaderElection285] INFO  impl.RaftServerImpl (RaftServerImpl.java:setRole(184)) - b32d7882-88db-4fe6-9cca-6a25122d474d@group-896385CD49EE: changes role from CANDIDATE to FOLLOWER at term 234 for DISCOVERED_A_NEW_TERM
2019-10-17 02:15:02,221 [b32d7882-88db-4fe6-9cca-6a25122d474d@group-896385CD49EE-LeaderElection285] INFO  impl.RoleInfo (RoleInfo.java:shutdownLeaderElection(134)) - b32d7882-88db-4fe6-9cca-6a25122d474d: shutdown LeaderElection
2019-10-17 02:15:02,221 [b32d7882-88db-4fe6-9cca-6a25122d474d@group-896385CD49EE-LeaderElection285] INFO  impl.RoleInfo (RoleInfo.java:updateAndGet(143)) - b32d7882-88db-4fe6-9cca-6a25122d474d: start FollowerState
2019-10-17 02:15:02,269 [Thread-2822] INFO  impl.FollowerState (FollowerState.java:run(108)) - b32d7882-88db-4fe6-9cca-6a25122d474d@group-896385CD49EE-FollowerState: change to CANDIDATE, lastRpcTime:48ms, electionTimeout:48ms
2019-10-17 02:15:02,269 [Thread-2822] INFO  impl.RoleInfo (RoleInfo.java:shutdownFollowerState(121)) - b32d7882-88db-4fe6-9cca-6a25122d474d: shutdown FollowerState
2019-10-17 02:15:02,270 [Thread-2822] INFO  impl.RaftServerImpl (RaftServerImpl.java:setRole(184)) - b32d7882-88db-4fe6-9cca-6a25122d474d@group-896385CD49EE: changes role from  FOLLOWER to CANDIDATE at term 234 for changeToCandidate
2019-10-17 02:15:02,270 [Thread-2822] INFO  impl.RoleInfo (RoleInfo.java:updateAndGet(143)) - b32d7882-88db-4fe6-9cca-6a25122d474d: start LeaderElection
2019-10-17 02:15:02,284 [b32d7882-88db-4fe6-9cca-6a25122d474d@group-896385CD49EE-LeaderElection286] INFO  impl.LeaderElection (LeaderElection.java:askForVotes(178)) - b32d7882-88db-4fe6-9cca-6a25122d474d@group-896385CD49EE-LeaderElection286: begin an election at term 235 for -1: [b32d7882-88db-4fe6-9cca-6a25122d474d:192.168.157.194:42206, 3aea292b-16fb-4e9b-be90-828afa8e8047:192.168.157.194:34569, a6b2ebfb-69a0-457c-b6cd-a50cc148b564:192.168.157.194:37298], old=null
2019-10-17 02:15:02,286 [grpc-default-executor-0] INFO  impl.RaftServerImpl (RaftServerImpl.java:setRole(184)) - 3aea292b-16fb-4e9b-be90-828afa8e8047@group-896385CD49EE: changes role from  FOLLOWER to FOLLOWER at term 235 for recognizeCandidate:b32d7882-88db-4fe6-9cca-6a25122d474d
2019-10-17 02:15:02,286 [grpc-default-executor-0] INFO  impl.RoleInfo (RoleInfo.java:shutdownFollowerState(121)) - 3aea292b-16fb-4e9b-be90-828afa8e8047: shutdown FollowerState
2019-10-17 02:15:02,286 [grpc-default-executor-0] INFO  impl.RoleInfo (RoleInfo.java:updateAndGet(143)) - 3aea292b-16fb-4e9b-be90-828afa8e8047: start FollowerState
2019-10-17 02:15:02,286 [Thread-2820] INFO  impl.FollowerState (FollowerState.java:run(117)) - 3aea292b-16fb-4e9b-be90-828afa8e8047@group-896385CD49EE-FollowerState was interrupted: java.lang.InterruptedException: sleep interrupted
2019-10-17 02:15:02,286 [grpc-default-executor-2] INFO  impl.RaftServerImpl (RaftServerImpl.java:setRole(184)) - a6b2ebfb-69a0-457c-b6cd-a50cc148b564@group-896385CD49EE: changes role from  FOLLOWER to FOLLOWER at term 235 for recognizeCandidate:b32d7882-88db-4fe6-9cca-6a25122d474d
2019-10-17 02:15:02,287 [grpc-default-executor-2] INFO  impl.RoleInfo (RoleInfo.java:shutdownFollowerState(121)) - a6b2ebfb-69a0-457c-b6cd-a50cc148b564: shutdown FollowerState
2019-10-17 02:15:02,287 [grpc-default-executor-2] INFO  impl.RoleInfo (RoleInfo.java:updateAndGet(143)) - a6b2ebfb-69a0-457c-b6cd-a50cc148b564: start FollowerState
2019-10-17 02:15:02,287 [Thread-2821] INFO  impl.FollowerState (FollowerState.java:run(117)) - a6b2ebfb-69a0-457c-b6cd-a50cc148b564@group-896385CD49EE-FollowerState was interrupted: java.lang.InterruptedException: sleep interrupted
2019-10-17 02:15:02,301 [b32d7882-88db-4fe6-9cca-6a25122d474d@group-896385CD49EE-LeaderElection286] INFO  impl.LeaderElection (LeaderElection.java:logAndReturn(56)) - b32d7882-88db-4fe6-9cca-6a25122d474d@group-896385CD49EE-LeaderElection286: Election REJECTED; received 2 response(s) [b32d7882-88db-4fe6-9cca-6a25122d474d<-3aea292b-16fb-4e9b-be90-828afa8e8047#0:FAIL-t235, b32d7882-88db-4fe6-9cca-6a25122d474d<-a6b2ebfb-69a0-457c-b6cd-a50cc148b564#0:FAIL-t235] and 0 exception(s); b32d7882-88db-4fe6-9cca-6a25122d474d@group-896385CD49EE:t235, leader=null, voted=b32d7882-88db-4fe6-9cca-6a25122d474d, raftlog=b32d7882-88db-4fe6-9cca-6a25122d474d@group-896385CD49EE-SegmentedRaftLog:OPENED:c-1,f-1,i0, conf=-1: [b32d7882-88db-4fe6-9cca-6a25122d474d:192.168.157.194:42206, 3aea292b-16fb-4e9b-be90-828afa8e8047:192.168.157.194:34569, a6b2ebfb-69a0-457c-b6cd-a50cc148b564:192.168.157.194:37298], old=null
2019-10-17 02:15:02,301 [b32d7882-88db-4fe6-9cca-6a25122d474d@group-896385CD49EE-LeaderElection286] INFO  impl.RaftServerImpl (RaftServerImpl.java:setRole(184)) - b32d7882-88db-4fe6-9cca-6a25122d474d@group-896385CD49EE: changes role from CANDIDATE to FOLLOWER at term 235 for DISCOVERED_A_NEW_TERM
2019-10-17 02:15:02,301 [b32d7882-88db-4fe6-9cca-6a25122d474d@group-896385CD49EE-LeaderElection286] INFO  impl.RoleInfo (RoleInfo.java:shutdownLeaderElection(134)) - b32d7882-88db-4fe6-9cca-6a25122d474d: shutdown LeaderElection
2019-10-17 02:15:02,301 [b32d7882-88db-4fe6-9cca-6a25122d474d@group-896385CD49EE-LeaderElection286] INFO  impl.RoleInfo (RoleInfo.java:updateAndGet(143)) - b32d7882-88db-4fe6-9cca-6a25122d474d: start FollowerState
2019-10-17 02:15:02,443 [Thread-2828] INFO  impl.FollowerState (FollowerState.java:run(108)) - b32d7882-88db-4fe6-9cca-6a25122d474d@group-896385CD49EE-FollowerState: change to CANDIDATE, lastRpcTime:142ms, electionTimeout:142ms
2019-10-17 02:15:02,444 [Thread-2828] INFO  impl.RoleInfo (RoleInfo.java:shutdownFollowerState(121)) - b32d7882-88db-4fe6-9cca-6a25122d474d: shutdown FollowerState
2019-10-17 02:15:02,444 [Thread-2828] INFO  impl.RaftServerImpl (RaftServerImpl.java:setRole(184)) - b32d7882-88db-4fe6-9cca-6a25122d474d@group-896385CD49EE: changes role from  FOLLOWER to CANDIDATE at term 235 for changeToCandidate
2019-10-17 02:15:02,444 [Thread-2828] INFO  impl.RoleInfo (RoleInfo.java:updateAndGet(143)) - b32d7882-88db-4fe6-9cca-6a25122d474d: start LeaderElection
2019-10-17 02:15:02,458 [b32d7882-88db-4fe6-9cca-6a25122d474d@group-896385CD49EE-LeaderElection287] INFO  impl.LeaderElection (LeaderElection.java:askForVotes(178)) - b32d7882-88db-4fe6-9cca-6a25122d474d@group-896385CD49EE-LeaderElection287: begin an election at term 236 for -1: [b32d7882-88db-4fe6-9cca-6a25122d474d:192.168.157.194:42206, 3aea292b-16fb-4e9b-be90-828afa8e8047:192.168.157.194:34569, a6b2ebfb-69a0-457c-b6cd-a50cc148b564:192.168.157.194:37298], old=null
2019-10-17 02:15:02,461 [grpc-default-executor-2] INFO  impl.RaftServerImpl (RaftServerImpl.java:setRole(184)) - 3aea292b-16fb-4e9b-be90-828afa8e8047@group-896385CD49EE: changes role from  FOLLOWER to FOLLOWER at term 236 for recognizeCandidate:b32d7882-88db-4fe6-9cca-6a25122d474d
2019-10-17 02:15:02,461 [grpc-default-executor-2] INFO  impl.RoleInfo (RoleInfo.java:shutdownFollowerState(121)) - 3aea292b-16fb-4e9b-be90-828afa8e8047: shutdown FollowerState
2019-10-17 02:15:02,461 [grpc-default-executor-2] INFO  impl.RoleInfo (RoleInfo.java:updateAndGet(143)) - 3aea292b-16fb-4e9b-be90-828afa8e8047: start FollowerState
2019-10-17 02:15:02,461 [Thread-2826] INFO  impl.FollowerState (FollowerState.java:run(117)) - 3aea292b-16fb-4e9b-be90-828afa8e8047@group-896385CD49EE-FollowerState was interrupted: java.lang.InterruptedException: sleep interrupted
2019-10-17 02:15:02,461 [grpc-default-executor-0] INFO  impl.RaftServerImpl (RaftServerImpl.java:setRole(184)) - a6b2ebfb-69a0-457c-b6cd-a50cc148b564@group-896385CD49EE: changes role from  FOLLOWER to FOLLOWER at term 236 for recognizeCandidate:b32d7882-88db-4fe6-9cca-6a25122d474d
2019-10-17 02:15:02,461 [grpc-default-executor-0] INFO  impl.RoleInfo (RoleInfo.java:shutdownFollowerState(121)) - a6b2ebfb-69a0-457c-b6cd-a50cc148b564: shutdown FollowerState
2019-10-17 02:15:02,462 [grpc-default-executor-0] INFO  impl.RoleInfo (RoleInfo.java:updateAndGet(143)) - a6b2ebfb-69a0-457c-b6cd-a50cc148b564: start FollowerState
2019-10-17 02:15:02,462 [Thread-2827] INFO  impl.FollowerState (FollowerState.java:run(117)) - a6b2ebfb-69a0-457c-b6cd-a50cc148b564@group-896385CD49EE-FollowerState was interrupted: java.lang.InterruptedException: sleep interrupted
2019-10-17 02:15:02,475 [b32d7882-88db-4fe6-9cca-6a25122d474d@group-896385CD49EE-LeaderElection287] INFO  impl.LeaderElection (LeaderElection.java:logAndReturn(56)) - b32d7882-88db-4fe6-9cca-6a25122d474d@group-896385CD49EE-LeaderElection287: Election REJECTED; received 2 response(s) [b32d7882-88db-4fe6-9cca-6a25122d474d<-3aea292b-16fb-4e9b-be90-828afa8e8047#0:FAIL-t236, b32d7882-88db-4fe6-9cca-6a25122d474d<-a6b2ebfb-69a0-457c-b6cd-a50cc148b564#0:FAIL-t236] and 0 exception(s); b32d7882-88db-4fe6-9cca-6a25122d474d@group-896385CD49EE:t236, leader=null, voted=b32d7882-88db-4fe6-9cca-6a25122d474d, raftlog=b32d7882-88db-4fe6-9cca-6a25122d474d@group-896385CD49EE-SegmentedRaftLog:OPENED:c-1,f-1,i0, conf=-1: [b32d7882-88db-4fe6-9cca-6a25122d474d:192.168.157.194:42206, 3aea292b-16fb-4e9b-be90-828afa8e8047:192.168.157.194:34569, a6b2ebfb-69a0-457c-b6cd-a50cc148b564:192.168.157.194:37298], old=null
2019-10-17 02:15:02,476 [b32d7882-88db-4fe6-9cca-6a25122d474d@group-896385CD49EE-LeaderElection287] INFO  impl.RaftServerImpl (RaftServerImpl.java:setRole(184)) - b32d7882-88db-4fe6-9cca-6a25122d474d@group-896385CD49EE: changes role from CANDIDATE to FOLLOWER at term 236 for DISCOVERED_A_NEW_TERM
2019-10-17 02:15:02,476 [b32d7882-88db-4fe6-9cca-6a25122d474d@group-896385CD49EE-LeaderElection287] INFO  impl.RoleInfo (RoleInfo.java:shutdownLeaderElection(134)) - b32d7882-88db-4fe6-9cca-6a25122d474d: shutdown LeaderElection
2019-10-17 02:15:02,476 [b32d7882-88db-4fe6-9cca-6a25122d474d@group-896385CD49EE-LeaderElection287] INFO  impl.RoleInfo (RoleInfo.java:updateAndGet(143)) - b32d7882-88db-4fe6-9cca-6a25122d474d: start FollowerState
2019-10-17 02:15:02,556 [Thread-2834] INFO  impl.FollowerState (FollowerState.java:run(108)) - b32d7882-88db-4fe6-9cca-6a25122d474d@group-896385CD49EE-FollowerState: change to CANDIDATE, lastRpcTime:80ms, electionTimeout:80ms
2019-10-17 02:15:02,556 [Thread-2834] INFO  impl.RoleInfo (RoleInfo.java:shutdownFollowerState(121)) - b32d7882-88db-4fe6-9cca-6a25122d474d: shutdown FollowerState
2019-10-17 02:15:02,557 [Thread-2834] INFO  impl.RaftServerImpl (RaftServerImpl.java:setRole(184)) - b32d7882-88db-4fe6-9cca-6a25122d474d@group-896385CD49EE: changes role from  FOLLOWER to CANDIDATE at term 236 for changeToCandidate
2019-10-17 02:15:02,557 [Thread-2834] INFO  impl.RoleInfo (RoleInfo.java:updateAndGet(143)) - b32d7882-88db-4fe6-9cca-6a25122d474d: start LeaderElection
2019-10-17 02:15:02,571 [b32d7882-88db-4fe6-9cca-6a25122d474d@group-896385CD49EE-LeaderElection288] INFO  impl.LeaderElection (LeaderElection.java:askForVotes(178)) - b32d7882-88db-4fe6-9cca-6a25122d474d@group-896385CD49EE-LeaderElection288: begin an election at term 237 for -1: [b32d7882-88db-4fe6-9cca-6a25122d474d:192.168.157.194:42206, 3aea292b-16fb-4e9b-be90-828afa8e8047:192.168.157.194:34569, a6b2ebfb-69a0-457c-b6cd-a50cc148b564:192.168.157.194:37298], old=null
2019-10-17 02:15:02,572 [grpc-default-executor-2] INFO  impl.RaftServerImpl (RaftServerImpl.java:setRole(184)) - 3aea292b-16fb-4e9b-be90-828afa8e8047@group-896385CD49EE: changes role from  FOLLOWER to FOLLOWER at term 237 for recognizeCandidate:b32d7882-88db-4fe6-9cca-6a25122d474d
2019-10-17 02:15:02,573 [grpc-default-executor-2] INFO  impl.RoleInfo (RoleInfo.java:shutdownFollowerState(121)) - 3aea292b-16fb-4e9b-be90-828afa8e8047: shutdown FollowerState
2019-10-17 02:15:02,573 [grpc-default-executor-2] INFO  impl.RoleInfo (RoleInfo.java:updateAndGet(143)) - 3aea292b-16fb-4e9b-be90-828afa8e8047: start FollowerState
2019-10-17 02:15:02,573 [Thread-2832] INFO  impl.FollowerState (FollowerState.java:run(117)) - 3aea292b-16fb-4e9b-be90-828afa8e8047@group-896385CD49EE-FollowerState was interrupted: java.lang.InterruptedException: sleep interrupted
2019-10-17 02:15:02,573 [grpc-default-executor-0] INFO  impl.RaftServerImpl (RaftServerImpl.java:setRole(184)) - a6b2ebfb-69a0-457c-b6cd-a50cc148b564@group-896385CD49EE: changes role from  FOLLOWER to FOLLOWER at term 237 for recognizeCandidate:b32d7882-88db-4fe6-9cca-6a25122d474d
2019-10-17 02:15:02,573 [grpc-default-executor-0] INFO  impl.RoleInfo (RoleInfo.java:shutdownFollowerState(121)) - a6b2ebfb-69a0-457c-b6cd-a50cc148b564: shutdown FollowerState
2019-10-17 02:15:02,573 [grpc-default-executor-0] INFO  impl.RoleInfo (RoleInfo.java:updateAndGet(143)) - a6b2ebfb-69a0-457c-b6cd-a50cc148b564: start FollowerState
2019-10-17 02:15:02,573 [Thread-2833] INFO  impl.FollowerState (FollowerState.java:run(117)) - a6b2ebfb-69a0-457c-b6cd-a50cc148b564@group-896385CD49EE-FollowerState was interrupted: java.lang.InterruptedException: sleep interrupted
2019-10-17 02:15:02,587 [b32d7882-88db-4fe6-9cca-6a25122d474d@group-896385CD49EE-LeaderElection288] INFO  impl.LeaderElection (LeaderElection.java:logAndReturn(56)) - b32d7882-88db-4fe6-9cca-6a25122d474d@group-896385CD49EE-LeaderElection288: Election REJECTED; received 2 response(s) [b32d7882-88db-4fe6-9cca-6a25122d474d<-3aea292b-16fb-4e9b-be90-828afa8e8047#0:FAIL-t237, b32d7882-88db-4fe6-9cca-6a25122d474d<-a6b2ebfb-69a0-457c-b6cd-a50cc148b564#0:FAIL-t237] and 0 exception(s); b32d7882-88db-4fe6-9cca-6a25122d474d@group-896385CD49EE:t237, leader=null, voted=b32d7882-88db-4fe6-9cca-6a25122d474d, raftlog=b32d7882-88db-4fe6-9cca-6a25122d474d@group-896385CD49EE-SegmentedRaftLog:OPENED:c-1,f-1,i0, conf=-1: [b32d7882-88db-4fe6-9cca-6a25122d474d:192.168.157.194:42206, 3aea292b-16fb-4e9b-be90-828afa8e8047:192.168.157.194:34569, a6b2ebfb-69a0-457c-b6cd-a50cc148b564:192.168.157.194:37298], old=null
2019-10-17 02:15:02,587 [b32d7882-88db-4fe6-9cca-6a25122d474d@group-896385CD49EE-LeaderElection288] INFO  impl.RaftServerImpl (RaftServerImpl.java:setRole(184)) - b32d7882-88db-4fe6-9cca-6a25122d474d@group-896385CD49EE: changes role from CANDIDATE to FOLLOWER at term 237 for DISCOVERED_A_NEW_TERM
2019-10-17 02:15:02,587 [b32d7882-88db-4fe6-9cca-6a25122d474d@group-896385CD49EE-LeaderElection288] INFO  impl.RoleInfo (RoleInfo.java:shutdownLeaderElection(134)) - b32d7882-88db-4fe6-9cca-6a25122d474d: shutdown LeaderElection
2019-10-17 02:15:02,587 [b32d7882-88db-4fe6-9cca-6a25122d474d@group-896385CD49EE-LeaderElection288] INFO  impl.RoleInfo (RoleInfo.java:updateAndGet(143)) - b32d7882-88db-4fe6-9cca-6a25122d474d: start FollowerState
2019-10-17 02:15:02,670 [Thread-2840] INFO  impl.FollowerState (FollowerState.java:run(108)) - b32d7882-88db-4fe6-9cca-6a25122d474d@group-896385CD49EE-FollowerState: change to CANDIDATE, lastRpcTime:82ms, electionTimeout:82ms
2019-10-17 02:15:02,670 [Thread-2840] INFO  impl.RoleInfo (RoleInfo.java:shutdownFollowerState(121)) - b32d7882-88db-4fe6-9cca-6a25122d474d: shutdown FollowerState
2019-10-17 02:15:02,670 [Thread-2840] INFO  impl.RaftServerImpl (RaftServerImpl.java:setRole(184)) - b32d7882-88db-4fe6-9cca-6a25122d474d@group-896385CD49EE: changes role from  FOLLOWER to CANDIDATE at term 237 for changeToCandidate
2019-10-17 02:15:02,670 [Thread-2840] INFO  impl.RoleInfo (RoleInfo.java:updateAndGet(143)) - b32d7882-88db-4fe6-9cca-6a25122d474d: start LeaderElection
2019-10-17 02:15:02,684 [b32d7882-88db-4fe6-9cca-6a25122d474d@group-896385CD49EE-LeaderElection289] INFO  impl.LeaderElection (LeaderElection.java:askForVotes(178)) - b32d7882-88db-4fe6-9cca-6a25122d474d@group-896385CD49EE-LeaderElection289: begin an election at term 238 for -1: [b32d7882-88db-4fe6-9cca-6a25122d474d:192.168.157.194:42206, 3aea292b-16fb-4e9b-be90-828afa8e8047:192.168.157.194:34569, a6b2ebfb-69a0-457c-b6cd-a50cc148b564:192.168.157.194:37298], old=null
2019-10-17 02:15:02,686 [grpc-default-executor-0] INFO  impl.RaftServerImpl (RaftServerImpl.java:setRole(184)) - 3aea292b-16fb-4e9b-be90-828afa8e8047@group-896385CD49EE: changes role from  FOLLOWER to FOLLOWER at term 238 for recognizeCandidate:b32d7882-88db-4fe6-9cca-6a25122d474d
2019-10-17 02:15:02,686 [grpc-default-executor-0] INFO  impl.RoleInfo (RoleInfo.java:shutdownFollowerState(121)) - 3aea292b-16fb-4e9b-be90-828afa8e8047: shutdown FollowerState
2019-10-17 02:15:02,686 [grpc-default-executor-0] INFO  impl.RoleInfo (RoleInfo.java:updateAndGet(143)) - 3aea292b-16fb-4e9b-be90-828afa8e8047: start FollowerState
2019-10-17 02:15:02,686 [Thread-2838] INFO  impl.FollowerState (FollowerState.java:run(117)) - 3aea292b-16fb-4e9b-be90-828afa8e8047@group-896385CD49EE-FollowerState was interrupted: java.lang.InterruptedException: sleep interrupted
2019-10-17 02:15:02,687 [grpc-default-executor-2] INFO  impl.RaftServerImpl (RaftServerImpl.java:setRole(184)) - a6b2ebfb-69a0-457c-b6cd-a50cc148b564@group-896385CD49EE: changes role from  FOLLOWER to FOLLOWER at term 238 for recognizeCandidate:b32d7882-88db-4fe6-9cca-6a25122d474d
2019-10-17 02:15:02,687 [grpc-default-executor-2] INFO  impl.RoleInfo (RoleInfo.java:shutdownFollowerState(121)) - a6b2ebfb-69a0-457c-b6cd-a50cc148b564: shutdown FollowerState
2019-10-17 02:15:02,687 [grpc-default-executor-2] INFO  impl.RoleInfo (RoleInfo.java:updateAndGet(143)) - a6b2ebfb-69a0-457c-b6cd-a50cc148b564: start FollowerState
2019-10-17 02:15:02,687 [Thread-2839] INFO  impl.FollowerState (FollowerState.java:run(117)) - a6b2ebfb-69a0-457c-b6cd-a50cc148b564@group-896385CD49EE-FollowerState was interrupted: java.lang.InterruptedException: sleep interrupted
2019-10-17 02:15:02,701 [b32d7882-88db-4fe6-9cca-6a25122d474d@group-896385CD49EE-LeaderElection289] INFO  impl.LeaderElection (LeaderElection.java:logAndReturn(56)) - b32d7882-88db-4fe6-9cca-6a25122d474d@group-896385CD49EE-LeaderElection289: Election REJECTED; received 2 response(s) [b32d7882-88db-4fe6-9cca-6a25122d474d<-3aea292b-16fb-4e9b-be90-828afa8e8047#0:FAIL-t238, b32d7882-88db-4fe6-9cca-6a25122d474d<-a6b2ebfb-69a0-457c-b6cd-a50cc148b564#0:FAIL-t238] and 0 exception(s); b32d7882-88db-4fe6-9cca-6a25122d474d@group-896385CD49EE:t238, leader=null, voted=b32d7882-88db-4fe6-9cca-6a25122d474d, raftlog=b32d7882-88db-4fe6-9cca-6a25122d474d@group-896385CD49EE-SegmentedRaftLog:OPENED:c-1,f-1,i0, conf=-1: [b32d7882-88db-4fe6-9cca-6a25122d474d:192.168.157.194:42206, 3aea292b-16fb-4e9b-be90-828afa8e8047:192.168.157.194:34569, a6b2ebfb-69a0-457c-b6cd-a50cc148b564:192.168.157.194:37298], old=null
2019-10-17 02:15:02,701 [b32d7882-88db-4fe6-9cca-6a25122d474d@group-896385CD49EE-LeaderElection289] INFO  impl.RaftServerImpl (RaftServerImpl.java:setRole(184)) - b32d7882-88db-4fe6-9cca-6a25122d474d@group-896385CD49EE: changes role from CANDIDATE to FOLLOWER at term 238 for DISCOVERED_A_NEW_TERM
2019-10-17 02:15:02,701 [b32d7882-88db-4fe6-9cca-6a25122d474d@group-896385CD49EE-LeaderElection289] INFO  impl.RoleInfo (RoleInfo.java:shutdownLeaderElection(134)) - b32d7882-88db-4fe6-9cca-6a25122d474d: shutdown LeaderElection
2019-10-17 02:15:02,701 [b32d7882-88db-4fe6-9cca-6a25122d474d@group-896385CD49EE-LeaderElection289] INFO  impl.RoleInfo (RoleInfo.java:updateAndGet(143)) - b32d7882-88db-4fe6-9cca-6a25122d474d: start FollowerState
2019-10-17 02:15:02,859 [Thread-2846] INFO  impl.FollowerState (FollowerState.java:run(108)) - b32d7882-88db-4fe6-9cca-6a25122d474d@group-896385CD49EE-FollowerState: change to CANDIDATE, lastRpcTime:157ms, electionTimeout:157ms
2019-10-17 02:15:02,859 [Thread-2846] INFO  impl.RoleInfo (RoleInfo.java:shutdownFollowerState(121)) - b32d7882-88db-4fe6-9cca-6a25122d474d: shutdown FollowerState
2019-10-17 02:15:02,859 [Thread-2846] INFO  impl.RaftServerImpl (RaftServerImpl.java:setRole(184)) - b32d7882-88db-4fe6-9cca-6a25122d474d@group-896385CD49EE: changes role from  FOLLOWER to CANDIDATE at term 238 for changeToCandidate
2019-10-17 02:15:02,859 [Thread-2846] INFO  impl.RoleInfo (RoleInfo.java:updateAndGet(143)) - b32d7882-88db-4fe6-9cca-6a25122d474d: start LeaderElection
2019-10-17 02:15:02,884 [b32d7882-88db-4fe6-9cca-6a25122d474d@group-896385CD49EE-LeaderElection290] INFO  impl.LeaderElection (LeaderElection.java:askForVotes(178)) - b32d7882-88db-4fe6-9cca-6a25122d474d@group-896385CD49EE-LeaderElection290: begin an election at term 239 for -1: [b32d7882-88db-4fe6-9cca-6a25122d474d:192.168.157.194:42206, 3aea292b-16fb-4e9b-be90-828afa8e8047:192.168.157.194:34569, a6b2ebfb-69a0-457c-b6cd-a50cc148b564:192.168.157.194:37298], old=null
2019-10-17 02:15:02,886 [grpc-default-executor-0] INFO  impl.RaftServerImpl (RaftServerImpl.java:setRole(184)) - 3aea292b-16fb-4e9b-be90-828afa8e8047@group-896385CD49EE: changes role from  FOLLOWER to FOLLOWER at term 239 for recognizeCandidate:b32d7882-88db-4fe6-9cca-6a25122d474d
2019-10-17 02:15:02,886 [grpc-default-executor-2] INFO  impl.RaftServerImpl (RaftServerImpl.java:setRole(184)) - a6b2ebfb-69a0-457c-b6cd-a50cc148b564@group-896385CD49EE: changes role from  FOLLOWER to FOLLOWER at term 239 for recognizeCandidate:b32d7882-88db-4fe6-9cca-6a25122d474d
2019-10-17 02:15:02,886 [grpc-default-executor-2] INFO  impl.RoleInfo (RoleInfo.java:shutdownFollowerState(121)) - a6b2ebfb-69a0-457c-b6cd-a50cc148b564: shutdown FollowerState
2019-10-17 02:15:02,886 [grpc-default-executor-0] INFO  impl.RoleInfo (RoleInfo.java:shutdownFollowerState(121)) - 3aea292b-16fb-4e9b-be90-828afa8e8047: shutdown FollowerState
2019-10-17 02:15:02,886 [Thread-2845] INFO  impl.FollowerState (FollowerState.java:run(117)) - a6b2ebfb-69a0-457c-b6cd-a50cc148b564@group-896385CD49EE-FollowerState was interrupted: java.lang.InterruptedException: sleep interrupted
2019-10-17 02:15:02,886 [grpc-default-executor-2] INFO  impl.RoleInfo (RoleInfo.java:updateAndGet(143)) - a6b2ebfb-69a0-457c-b6cd-a50cc148b564: start FollowerState
2019-10-17 02:15:02,886 [Thread-2844] INFO  impl.FollowerState (FollowerState.java:run(117)) - 3aea292b-16fb-4e9b-be90-828afa8e8047@group-896385CD49EE-FollowerState was interrupted: java.lang.InterruptedException: sleep interrupted
2019-10-17 02:15:02,886 [grpc-default-executor-0] INFO  impl.RoleInfo (RoleInfo.java:updateAndGet(143)) - 3aea292b-16fb-4e9b-be90-828afa8e8047: start FollowerState
2019-10-17 02:15:02,896 [b32d7882-88db-4fe6-9cca-6a25122d474d@group-896385CD49EE-LeaderElection290] INFO  impl.LeaderElection (LeaderElection.java:logAndReturn(56)) - b32d7882-88db-4fe6-9cca-6a25122d474d@group-896385CD49EE-LeaderElection290: Election TIMEOUT; received 0 response(s) [] and 0 exception(s); b32d7882-88db-4fe6-9cca-6a25122d474d@group-896385CD49EE:t239, leader=null, voted=b32d7882-88db-4fe6-9cca-6a25122d474d, raftlog=b32d7882-88db-4fe6-9cca-6a25122d474d@group-896385CD49EE-SegmentedRaftLog:OPENED:c-1,f-1,i0, conf=-1: [b32d7882-88db-4fe6-9cca-6a25122d474d:192.168.157.194:42206, 3aea292b-16fb-4e9b-be90-828afa8e8047:192.168.157.194:34569, a6b2ebfb-69a0-457c-b6cd-a50cc148b564:192.168.157.194:37298], old=null
2019-10-17 02:15:02,900 [b32d7882-88db-4fe6-9cca-6a25122d474d@group-896385CD49EE-LeaderElection290] INFO  impl.LeaderElection (LeaderElection.java:askForVotes(178)) - b32d7882-88db-4fe6-9cca-6a25122d474d@group-896385CD49EE-LeaderElection290: begin an election at term 240 for -1: [b32d7882-88db-4fe6-9cca-6a25122d474d:192.168.157.194:42206, 3aea292b-16fb-4e9b-be90-828afa8e8047:192.168.157.194:34569, a6b2ebfb-69a0-457c-b6cd-a50cc148b564:192.168.157.194:37298], old=null
2019-10-17 02:15:02,901 [grpc-default-executor-2] INFO  impl.RaftServerImpl (RaftServerImpl.java:setRole(184)) - 3aea292b-16fb-4e9b-be90-828afa8e8047@group-896385CD49EE: changes role from  FOLLOWER to FOLLOWER at term 240 for recognizeCandidate:b32d7882-88db-4fe6-9cca-6a25122d474d
2019-10-17 02:15:02,902 [grpc-default-executor-2] INFO  impl.RoleInfo (RoleInfo.java:shutdownFollowerState(121)) - 3aea292b-16fb-4e9b-be90-828afa8e8047: shutdown FollowerState
2019-10-17 02:15:02,902 [grpc-default-executor-2] INFO  impl.RoleInfo (RoleInfo.java:updateAndGet(143)) - 3aea292b-16fb-4e9b-be90-828afa8e8047: start FollowerState
2019-10-17 02:15:02,902 [Thread-2851] INFO  impl.FollowerState (FollowerState.java:run(117)) - 3aea292b-16fb-4e9b-be90-828afa8e8047@group-896385CD49EE-FollowerState was interrupted: java.lang.InterruptedException: sleep interrupted
2019-10-17 02:15:02,902 [grpc-default-executor-0] INFO  impl.RaftServerImpl (RaftServerImpl.java:setRole(184)) - a6b2ebfb-69a0-457c-b6cd-a50cc148b564@group-896385CD49EE: changes role from  FOLLOWER to FOLLOWER at term 240 for recognizeCandidate:b32d7882-88db-4fe6-9cca-6a25122d474d
2019-10-17 02:15:02,902 [grpc-default-executor-0] INFO  impl.RoleInfo (RoleInfo.java:shutdownFollowerState(121)) - a6b2ebfb-69a0-457c-b6cd-a50cc148b564: shutdown FollowerState
2019-10-17 02:15:02,902 [grpc-default-executor-0] INFO  impl.RoleInfo (RoleInfo.java:updateAndGet(143)) - a6b2ebfb-69a0-457c-b6cd-a50cc148b564: start FollowerState
2019-10-17 02:15:02,902 [Thread-2850] INFO  impl.FollowerState (FollowerState.java:run(117)) - a6b2ebfb-69a0-457c-b6cd-a50cc148b564@group-896385CD49EE-FollowerState was interrupted: java.lang.InterruptedException: sleep interrupted
2019-10-17 02:15:02,911 [b32d7882-88db-4fe6-9cca-6a25122d474d@group-896385CD49EE-LeaderElection290] INFO  impl.LeaderElection (LeaderElection.java:logAndReturn(56)) - b32d7882-88db-4fe6-9cca-6a25122d474d@group-896385CD49EE-LeaderElection290: Election TIMEOUT; received 0 response(s) [] and 0 exception(s); b32d7882-88db-4fe6-9cca-6a25122d474d@group-896385CD49EE:t240, leader=null, voted=b32d7882-88db-4fe6-9cca-6a25122d474d, raftlog=b32d7882-88db-4fe6-9cca-6a25122d474d@group-896385CD49EE-SegmentedRaftLog:OPENED:c-1,f-1,i0, conf=-1: [b32d7882-88db-4fe6-9cca-6a25122d474d:192.168.157.194:42206, 3aea292b-16fb-4e9b-be90-828afa8e8047:192.168.157.194:34569, a6b2ebfb-69a0-457c-b6cd-a50cc148b564:192.168.157.194:37298], old=null
2019-10-17 02:15:02,920 [b32d7882-88db-4fe6-9cca-6a25122d474d@group-896385CD49EE-LeaderElection290] INFO  impl.LeaderElection (LeaderElection.java:askForVotes(178)) - b32d7882-88db-4fe6-9cca-6a25122d474d@group-896385CD49EE-LeaderElection290: begin an election at term 241 for -1: [b32d7882-88db-4fe6-9cca-6a25122d474d:192.168.157.194:42206, 3aea292b-16fb-4e9b-be90-828afa8e8047:192.168.157.194:34569, a6b2ebfb-69a0-457c-b6cd-a50cc148b564:192.168.157.194:37298], old=null
2019-10-17 02:15:02,922 [grpc-default-executor-0] INFO  impl.RaftServerImpl (RaftServerImpl.java:setRole(184)) - 3aea292b-16fb-4e9b-be90-828afa8e8047@group-896385CD49EE: changes role from  FOLLOWER to FOLLOWER at term 241 for recognizeCandidate:b32d7882-88db-4fe6-9cca-6a25122d474d
2019-10-17 02:15:02,922 [grpc-default-executor-0] INFO  impl.RoleInfo (RoleInfo.java:shutdownFollowerState(121)) - 3aea292b-16fb-4e9b-be90-828afa8e8047: shutdown FollowerState
2019-10-17 02:15:02,922 [grpc-default-executor-0] INFO  impl.RoleInfo (RoleInfo.java:updateAndGet(143)) - 3aea292b-16fb-4e9b-be90-828afa8e8047: start FollowerState
2019-10-17 02:15:02,922 [Thread-2854] INFO  impl.FollowerState (FollowerState.java:run(117)) - 3aea292b-16fb-4e9b-be90-828afa8e8047@group-896385CD49EE-FollowerState was interrupted: java.lang.InterruptedException: sleep interrupted
2019-10-17 02:15:02,923 [grpc-default-executor-2] INFO  impl.RaftServerImpl (RaftServerImpl.java:setRole(184)) - a6b2ebfb-69a0-457c-b6cd-a50cc148b564@group-896385CD49EE: changes role from  FOLLOWER to FOLLOWER at term 241 for recognizeCandidate:b32d7882-88db-4fe6-9cca-6a25122d474d
2019-10-17 02:15:02,923 [grpc-default-executor-2] INFO  impl.RoleInfo (RoleInfo.java:shutdownFollowerState(121)) - a6b2ebfb-69a0-457c-b6cd-a50cc148b564: shutdown FollowerState
2019-10-17 02:15:02,923 [grpc-default-executor-2] INFO  impl.RoleInfo (RoleInfo.java:updateAndGet(143)) - a6b2ebfb-69a0-457c-b6cd-a50cc148b564: start FollowerState
2019-10-17 02:15:02,923 [Thread-2855] INFO  impl.FollowerState (FollowerState.java:run(117)) - a6b2ebfb-69a0-457c-b6cd-a50cc148b564@group-896385CD49EE-FollowerState was interrupted: java.lang.InterruptedException: sleep interrupted
2019-10-17 02:15:02,928 [b32d7882-88db-4fe6-9cca-6a25122d474d@group-896385CD49EE-LeaderElection290] INFO  impl.LeaderElection (LeaderElection.java:logAndReturn(56)) - b32d7882-88db-4fe6-9cca-6a25122d474d@group-896385CD49EE-LeaderElection290: Election REJECTED; received 2 response(s) [b32d7882-88db-4fe6-9cca-6a25122d474d<-3aea292b-16fb-4e9b-be90-828afa8e8047#0:FAIL-t241, b32d7882-88db-4fe6-9cca-6a25122d474d<-a6b2ebfb-69a0-457c-b6cd-a50cc148b564#0:FAIL-t241] and 0 exception(s); b32d7882-88db-4fe6-9cca-6a25122d474d@group-896385CD49EE:t241, leader=null, voted=b32d7882-88db-4fe6-9cca-6a25122d474d, raftlog=b32d7882-88db-4fe6-9cca-6a25122d474d@group-896385CD49EE-SegmentedRaftLog:OPENED:c-1,f-1,i0, conf=-1: [b32d7882-88db-4fe6-9cca-6a25122d474d:192.168.157.194:42206, 3aea292b-16fb-4e9b-be90-828afa8e8047:192.168.157.194:34569, a6b2ebfb-69a0-457c-b6cd-a50cc148b564:192.168.157.194:37298], old=null
2019-10-17 02:15:02,928 [b32d7882-88db-4fe6-9cca-6a25122d474d@group-896385CD49EE-LeaderElection290] INFO  impl.RaftServerImpl (RaftServerImpl.java:setRole(184)) - b32d7882-88db-4fe6-9cca-6a25122d474d@group-896385CD49EE: changes role from CANDIDATE to FOLLOWER at term 241 for DISCOVERED_A_NEW_TERM
2019-10-17 02:15:02,928 [b32d7882-88db-4fe6-9cca-6a25122d474d@group-896385CD49EE-LeaderElection290] INFO  impl.RoleInfo (RoleInfo.java:shutdownLeaderElection(134)) - b32d7882-88db-4fe6-9cca-6a25122d474d: shutdown LeaderElection
2019-10-17 02:15:02,928 [b32d7882-88db-4fe6-9cca-6a25122d474d@group-896385CD49EE-LeaderElection290] INFO  impl.RoleInfo (RoleInfo.java:updateAndGet(143)) - b32d7882-88db-4fe6-9cca-6a25122d474d: start FollowerState
2019-10-17 02:15:02,954 [Thread-2860] INFO  impl.FollowerState (FollowerState.java:run(108)) - b32d7882-88db-4fe6-9cca-6a25122d474d@group-896385CD49EE-FollowerState: change to CANDIDATE, lastRpcTime:26ms, electionTimeout:26ms
2019-10-17 02:15:02,954 [Thread-2860] INFO  impl.RoleInfo (RoleInfo.java:shutdownFollowerState(121)) - b32d7882-88db-4fe6-9cca-6a25122d474d: shutdown FollowerState
2019-10-17 02:15:02,954 [Thread-2860] INFO  impl.RaftServerImpl (RaftServerImpl.java:setRole(184)) - b32d7882-88db-4fe6-9cca-6a25122d474d@group-896385CD49EE: changes role from  FOLLOWER to CANDIDATE at term 241 for changeToCandidate
2019-10-17 02:15:02,955 [Thread-2860] INFO  impl.RoleInfo (RoleInfo.java:updateAndGet(143)) - b32d7882-88db-4fe6-9cca-6a25122d474d: start LeaderElection
2019-10-17 02:15:02,961 [b32d7882-88db-4fe6-9cca-6a25122d474d@group-896385CD49EE-LeaderElection291] INFO  impl.LeaderElection (LeaderElection.java:askForVotes(178)) - b32d7882-88db-4fe6-9cca-6a25122d474d@group-896385CD49EE-LeaderElection291: begin an election at term 242 for -1: [b32d7882-88db-4fe6-9cca-6a25122d474d:192.168.157.194:42206, 3aea292b-16fb-4e9b-be90-828afa8e8047:192.168.157.194:34569, a6b2ebfb-69a0-457c-b6cd-a50cc148b564:192.168.157.194:37298], old=null
2019-10-17 02:15:02,962 [grpc-default-executor-0] INFO  impl.RaftServerImpl (RaftServerImpl.java:setRole(184)) - a6b2ebfb-69a0-457c-b6cd-a50cc148b564@group-896385CD49EE: changes role from  FOLLOWER to FOLLOWER at term 242 for recognizeCandidate:b32d7882-88db-4fe6-9cca-6a25122d474d
2019-10-17 02:15:02,962 [grpc-default-executor-0] INFO  impl.RoleInfo (RoleInfo.java:shutdownFollowerState(121)) - a6b2ebfb-69a0-457c-b6cd-a50cc148b564: shutdown FollowerState
2019-10-17 02:15:02,962 [grpc-default-executor-2] INFO  impl.RaftServerImpl (RaftServerImpl.java:setRole(184)) - 3aea292b-16fb-4e9b-be90-828afa8e8047@group-896385CD49EE: changes role from  FOLLOWER to FOLLOWER at term 242 for recognizeCandidate:b32d7882-88db-4fe6-9cca-6a25122d474d
2019-10-17 02:15:02,962 [Thread-2859] INFO  impl.FollowerState (FollowerState.java:run(117)) - a6b2ebfb-69a0-457c-b6cd-a50cc148b564@group-896385CD49EE-FollowerState was interrupted: java.lang.InterruptedException: sleep interrupted
2019-10-17 02:15:02,962 [grpc-default-executor-0] INFO  impl.RoleInfo (RoleInfo.java:updateAndGet(143)) - a6b2ebfb-69a0-457c-b6cd-a50cc148b564: start FollowerState
2019-10-17 02:15:02,963 [grpc-default-executor-2] INFO  impl.RoleInfo (RoleInfo.java:shutdownFollowerState(121)) - 3aea292b-16fb-4e9b-be90-828afa8e8047: shutdown FollowerState
2019-10-17 02:15:02,963 [grpc-default-executor-2] INFO  impl.RoleInfo (RoleInfo.java:updateAndGet(143)) - 3aea292b-16fb-4e9b-be90-828afa8e8047: start FollowerState
2019-10-17 02:15:02,963 [Thread-2858] INFO  impl.FollowerState (FollowerState.java:run(117)) - 3aea292b-16fb-4e9b-be90-828afa8e8047@group-896385CD49EE-FollowerState was interrupted: java.lang.InterruptedException: sleep interrupted
2019-10-17 02:15:02,976 [b32d7882-88db-4fe6-9cca-6a25122d474d@group-896385CD49EE-LeaderElection291] INFO  impl.LeaderElection (LeaderElection.java:logAndReturn(56)) - b32d7882-88db-4fe6-9cca-6a25122d474d@group-896385CD49EE-LeaderElection291: Election REJECTED; received 2 response(s) [b32d7882-88db-4fe6-9cca-6a25122d474d<-3aea292b-16fb-4e9b-be90-828afa8e8047#0:FAIL-t242, b32d7882-88db-4fe6-9cca-6a25122d474d<-a6b2ebfb-69a0-457c-b6cd-a50cc148b564#0:FAIL-t242] and 0 exception(s); b32d7882-88db-4fe6-9cca-6a25122d474d@group-896385CD49EE:t242, leader=null, voted=b32d7882-88db-4fe6-9cca-6a25122d474d, raftlog=b32d7882-88db-4fe6-9cca-6a25122d474d@group-896385CD49EE-SegmentedRaftLog:OPENED:c-1,f-1,i0, conf=-1: [b32d7882-88db-4fe6-9cca-6a25122d474d:192.168.157.194:42206, 3aea292b-16fb-4e9b-be90-828afa8e8047:192.168.157.194:34569, a6b2ebfb-69a0-457c-b6cd-a50cc148b564:192.168.157.194:37298], old=null
2019-10-17 02:15:02,976 [b32d7882-88db-4fe6-9cca-6a25122d474d@group-896385CD49EE-LeaderElection291] INFO  impl.RaftServerImpl (RaftServerImpl.java:setRole(184)) - b32d7882-88db-4fe6-9cca-6a25122d474d@group-896385CD49EE: changes role from CANDIDATE to FOLLOWER at term 242 for DISCOVERED_A_NEW_TERM
2019-10-17 02:15:02,976 [b32d7882-88db-4fe6-9cca-6a25122d474d@group-896385CD49EE-LeaderElection291] INFO  impl.RoleInfo (RoleInfo.java:shutdownLeaderElection(134)) - b32d7882-88db-4fe6-9cca-6a25122d474d: shutdown LeaderElection
2019-10-17 02:15:02,976 [b32d7882-88db-4fe6-9cca-6a25122d474d@group-896385CD49EE-LeaderElection291] INFO  impl.RoleInfo (RoleInfo.java:updateAndGet(143)) - b32d7882-88db-4fe6-9cca-6a25122d474d: start FollowerState
2019-10-17 02:15:03,132 [Thread-2866] INFO  impl.FollowerState (FollowerState.java:run(108)) - b32d7882-88db-4fe6-9cca-6a25122d474d@group-896385CD49EE-FollowerState: change to CANDIDATE, lastRpcTime:155ms, electionTimeout:155ms
2019-10-17 02:15:03,132 [Thread-2866] INFO  impl.RoleInfo (RoleInfo.java:shutdownFollowerState(121)) - b32d7882-88db-4fe6-9cca-6a25122d474d: shutdown FollowerState
2019-10-17 02:15:03,132 [Thread-2866] INFO  impl.RaftServerImpl (RaftServerImpl.java:setRole(184)) - b32d7882-88db-4fe6-9cca-6a25122d474d@group-896385CD49EE: changes role from  FOLLOWER to CANDIDATE at term 242 for changeToCandidate
2019-10-17 02:15:03,132 [Thread-2866] INFO  impl.RoleInfo (RoleInfo.java:updateAndGet(143)) - b32d7882-88db-4fe6-9cca-6a25122d474d: start LeaderElection
2019-10-17 02:15:03,141 [b32d7882-88db-4fe6-9cca-6a25122d474d@group-896385CD49EE-LeaderElection292] INFO  impl.LeaderElection (LeaderElection.java:askForVotes(178)) - b32d7882-88db-4fe6-9cca-6a25122d474d@group-896385CD49EE-LeaderElection292: begin an election at term 243 for -1: [b32d7882-88db-4fe6-9cca-6a25122d474d:192.168.157.194:42206, 3aea292b-16fb-4e9b-be90-828afa8e8047:192.168.157.194:34569, a6b2ebfb-69a0-457c-b6cd-a50cc148b564:192.168.157.194:37298], old=null
2019-10-17 02:15:03,143 [grpc-default-executor-0] INFO  impl.RaftServerImpl (RaftServerImpl.java:setRole(184)) - a6b2ebfb-69a0-457c-b6cd-a50cc148b564@group-896385CD49EE: changes role from  FOLLOWER to FOLLOWER at term 243 for recognizeCandidate:b32d7882-88db-4fe6-9cca-6a25122d474d
2019-10-17 02:15:03,143 [grpc-default-executor-0] INFO  impl.RoleInfo (RoleInfo.java:shutdownFollowerState(121)) - a6b2ebfb-69a0-457c-b6cd-a50cc148b564: shutdown FollowerState
2019-10-17 02:15:03,143 [grpc-default-executor-2] INFO  impl.RaftServerImpl (RaftServerImpl.java:setRole(184)) - 3aea292b-16fb-4e9b-be90-828afa8e8047@group-896385CD49EE: changes role from  FOLLOWER to FOLLOWER at term 243 for recognizeCandidate:b32d7882-88db-4fe6-9cca-6a25122d474d
2019-10-17 02:15:03,144 [Thread-2864] INFO  impl.FollowerState (FollowerState.java:run(117)) - a6b2ebfb-69a0-457c-b6cd-a50cc148b564@group-896385CD49EE-FollowerState was interrupted: java.lang.InterruptedException: sleep interrupted
2019-10-17 02:15:03,144 [grpc-default-executor-0] INFO  impl.RoleInfo (RoleInfo.java:updateAndGet(143)) - a6b2ebfb-69a0-457c-b6cd-a50cc148b564: start FollowerState
2019-10-17 02:15:03,144 [grpc-default-executor-2] INFO  impl.RoleInfo (RoleInfo.java:shutdownFollowerState(121)) - 3aea292b-16fb-4e9b-be90-828afa8e8047: shutdown FollowerState
2019-10-17 02:15:03,144 [grpc-default-executor-2] INFO  impl.RoleInfo (RoleInfo.java:updateAndGet(143)) - 3aea292b-16fb-4e9b-be90-828afa8e8047: start FollowerState
2019-10-17 02:15:03,144 [Thread-2865] INFO  impl.FollowerState (FollowerState.java:run(117)) - 3aea292b-16fb-4e9b-be90-828afa8e8047@group-896385CD49EE-FollowerState was interrupted: java.lang.InterruptedException: sleep interrupted
2019-10-17 02:15:03,158 [b32d7882-88db-4fe6-9cca-6a25122d474d@group-896385CD49EE-LeaderElection292] INFO  impl.LeaderElection (LeaderElection.java:logAndReturn(56)) - b32d7882-88db-4fe6-9cca-6a25122d474d@group-896385CD49EE-LeaderElection292: Election REJECTED; received 2 response(s) [b32d7882-88db-4fe6-9cca-6a25122d474d<-3aea292b-16fb-4e9b-be90-828afa8e8047#0:FAIL-t243, b32d7882-88db-4fe6-9cca-6a25122d474d<-a6b2ebfb-69a0-457c-b6cd-a50cc148b564#0:FAIL-t243] and 0 exception(s); b32d7882-88db-4fe6-9cca-6a25122d474d@group-896385CD49EE:t243, leader=null, voted=b32d7882-88db-4fe6-9cca-6a25122d474d, raftlog=b32d7882-88db-4fe6-9cca-6a25122d474d@group-896385CD49EE-SegmentedRaftLog:OPENED:c-1,f-1,i0, conf=-1: [b32d7882-88db-4fe6-9cca-6a25122d474d:192.168.157.194:42206, 3aea292b-16fb-4e9b-be90-828afa8e8047:192.168.157.194:34569, a6b2ebfb-69a0-457c-b6cd-a50cc148b564:192.168.157.194:37298], old=null
2019-10-17 02:15:03,158 [b32d7882-88db-4fe6-9cca-6a25122d474d@group-896385CD49EE-LeaderElection292] INFO  impl.RaftServerImpl (RaftServerImpl.java:setRole(184)) - b32d7882-88db-4fe6-9cca-6a25122d474d@group-896385CD49EE: changes role from CANDIDATE to FOLLOWER at term 243 for DISCOVERED_A_NEW_TERM
2019-10-17 02:15:03,158 [b32d7882-88db-4fe6-9cca-6a25122d474d@group-896385CD49EE-LeaderElection292] INFO  impl.RoleInfo (RoleInfo.java:shutdownLeaderElection(134)) - b32d7882-88db-4fe6-9cca-6a25122d474d: shutdown LeaderElection
2019-10-17 02:15:03,158 [b32d7882-88db-4fe6-9cca-6a25122d474d@group-896385CD49EE-LeaderElection292] INFO  impl.RoleInfo (RoleInfo.java:updateAndGet(143)) - b32d7882-88db-4fe6-9cca-6a25122d474d: start FollowerState
2019-10-17 02:15:03,162 [main] INFO  ozone.MiniOzoneClusterImpl (MiniOzoneClusterImpl.java:lambda$waitForClusterToBeReady$2(164)) - Waiting for 1 number of pipelines out of 4, to report a leader.
2019-10-17 02:15:03,271 [Thread-2872] INFO  impl.FollowerState (FollowerState.java:run(108)) - b32d7882-88db-4fe6-9cca-6a25122d474d@group-896385CD49EE-FollowerState: change to CANDIDATE, lastRpcTime:112ms, electionTimeout:112ms
2019-10-17 02:15:03,271 [Thread-2872] INFO  impl.RoleInfo (RoleInfo.java:shutdownFollowerState(121)) - b32d7882-88db-4fe6-9cca-6a25122d474d: shutdown FollowerState
2019-10-17 02:15:03,271 [Thread-2872] INFO  impl.RaftServerImpl (RaftServerImpl.java:setRole(184)) - b32d7882-88db-4fe6-9cca-6a25122d474d@group-896385CD49EE: changes role from  FOLLOWER to CANDIDATE at term 243 for changeToCandidate
2019-10-17 02:15:03,271 [Thread-2872] INFO  impl.RoleInfo (RoleInfo.java:updateAndGet(143)) - b32d7882-88db-4fe6-9cca-6a25122d474d: start LeaderElection
2019-10-17 02:15:03,283 [b32d7882-88db-4fe6-9cca-6a25122d474d@group-896385CD49EE-LeaderElection293] INFO  impl.LeaderElection (LeaderElection.java:askForVotes(178)) - b32d7882-88db-4fe6-9cca-6a25122d474d@group-896385CD49EE-LeaderElection293: begin an election at term 244 for -1: [b32d7882-88db-4fe6-9cca-6a25122d474d:192.168.157.194:42206, 3aea292b-16fb-4e9b-be90-828afa8e8047:192.168.157.194:34569, a6b2ebfb-69a0-457c-b6cd-a50cc148b564:192.168.157.194:37298], old=null
2019-10-17 02:15:03,285 [grpc-default-executor-2] INFO  impl.RaftServerImpl (RaftServerImpl.java:setRole(184)) - 3aea292b-16fb-4e9b-be90-828afa8e8047@group-896385CD49EE: changes role from  FOLLOWER to FOLLOWER at term 244 for recognizeCandidate:b32d7882-88db-4fe6-9cca-6a25122d474d
2019-10-17 02:15:03,285 [grpc-default-executor-2] INFO  impl.RoleInfo (RoleInfo.java:shutdownFollowerState(121)) - 3aea292b-16fb-4e9b-be90-828afa8e8047: shutdown FollowerState
2019-10-17 02:15:03,285 [grpc-default-executor-2] INFO  impl.RoleInfo (RoleInfo.java:updateAndGet(143)) - 3aea292b-16fb-4e9b-be90-828afa8e8047: start FollowerState
2019-10-17 02:15:03,285 [grpc-default-executor-0] INFO  impl.RaftServerImpl (RaftServerImpl.java:setRole(184)) - a6b2ebfb-69a0-457c-b6cd-a50cc148b564@group-896385CD49EE: changes role from  FOLLOWER to FOLLOWER at term 244 for recognizeCandidate:b32d7882-88db-4fe6-9cca-6a25122d474d
2019-10-17 02:15:03,285 [grpc-default-executor-0] INFO  impl.RoleInfo (RoleInfo.java:shutdownFollowerState(121)) - a6b2ebfb-69a0-457c-b6cd-a50cc148b564: shutdown FollowerState
2019-10-17 02:15:03,285 [Thread-2871] INFO  impl.FollowerState (FollowerState.java:run(117)) - 3aea292b-16fb-4e9b-be90-828afa8e8047@group-896385CD49EE-FollowerState was interrupted: java.lang.InterruptedException: sleep interrupted
2019-10-17 02:15:03,286 [Thread-2870] INFO  impl.FollowerState (FollowerState.java:run(117)) - a6b2ebfb-69a0-457c-b6cd-a50cc148b564@group-896385CD49EE-FollowerState was interrupted: java.lang.InterruptedException: sleep interrupted
2019-10-17 02:15:03,286 [grpc-default-executor-0] INFO  impl.RoleInfo (RoleInfo.java:updateAndGet(143)) - a6b2ebfb-69a0-457c-b6cd-a50cc148b564: start FollowerState
2019-10-17 02:15:03,302 [b32d7882-88db-4fe6-9cca-6a25122d474d@group-896385CD49EE-LeaderElection293] INFO  impl.LeaderElection (LeaderElection.java:logAndReturn(56)) - b32d7882-88db-4fe6-9cca-6a25122d474d@group-896385CD49EE-LeaderElection293: Election REJECTED; received 2 response(s) [b32d7882-88db-4fe6-9cca-6a25122d474d<-3aea292b-16fb-4e9b-be90-828afa8e8047#0:FAIL-t244, b32d7882-88db-4fe6-9cca-6a25122d474d<-a6b2ebfb-69a0-457c-b6cd-a50cc148b564#0:FAIL-t244] and 0 exception(s); b32d7882-88db-4fe6-9cca-6a25122d474d@group-896385CD49EE:t244, leader=null, voted=b32d7882-88db-4fe6-9cca-6a25122d474d, raftlog=b32d7882-88db-4fe6-9cca-6a25122d474d@group-896385CD49EE-SegmentedRaftLog:OPENED:c-1,f-1,i0, conf=-1: [b32d7882-88db-4fe6-9cca-6a25122d474d:192.168.157.194:42206, 3aea292b-16fb-4e9b-be90-828afa8e8047:192.168.157.194:34569, a6b2ebfb-69a0-457c-b6cd-a50cc148b564:192.168.157.194:37298], old=null
2019-10-17 02:15:03,303 [b32d7882-88db-4fe6-9cca-6a25122d474d@group-896385CD49EE-LeaderElection293] INFO  impl.RaftServerImpl (RaftServerImpl.java:setRole(184)) - b32d7882-88db-4fe6-9cca-6a25122d474d@group-896385CD49EE: changes role from CANDIDATE to FOLLOWER at term 244 for DISCOVERED_A_NEW_TERM
2019-10-17 02:15:03,303 [b32d7882-88db-4fe6-9cca-6a25122d474d@group-896385CD49EE-LeaderElection293] INFO  impl.RoleInfo (RoleInfo.java:shutdownLeaderElection(134)) - b32d7882-88db-4fe6-9cca-6a25122d474d: shutdown LeaderElection
2019-10-17 02:15:03,303 [b32d7882-88db-4fe6-9cca-6a25122d474d@group-896385CD49EE-LeaderElection293] INFO  impl.RoleInfo (RoleInfo.java:updateAndGet(143)) - b32d7882-88db-4fe6-9cca-6a25122d474d: start FollowerState
2019-10-17 02:15:03,459 [Thread-2878] INFO  impl.FollowerState (FollowerState.java:run(108)) - b32d7882-88db-4fe6-9cca-6a25122d474d@group-896385CD49EE-FollowerState: change to CANDIDATE, lastRpcTime:156ms, electionTimeout:156ms
2019-10-17 02:15:03,459 [Thread-2878] INFO  impl.RoleInfo (RoleInfo.java:shutdownFollowerState(121)) - b32d7882-88db-4fe6-9cca-6a25122d474d: shutdown FollowerState
2019-10-17 02:15:03,460 [Thread-2878] INFO  impl.RaftServerImpl (RaftServerImpl.java:setRole(184)) - b32d7882-88db-4fe6-9cca-6a25122d474d@group-896385CD49EE: changes role from  FOLLOWER to CANDIDATE at term 244 for changeToCandidate
2019-10-17 02:15:03,460 [Thread-2878] INFO  impl.RoleInfo (RoleInfo.java:updateAndGet(143)) - b32d7882-88db-4fe6-9cca-6a25122d474d: start LeaderElection
2019-10-17 02:15:03,474 [b32d7882-88db-4fe6-9cca-6a25122d474d@group-896385CD49EE-LeaderElection294] INFO  impl.LeaderElection (LeaderElection.java:askForVotes(178)) - b32d7882-88db-4fe6-9cca-6a25122d474d@group-896385CD49EE-LeaderElection294: begin an election at term 245 for -1: [b32d7882-88db-4fe6-9cca-6a25122d474d:192.168.157.194:42206, 3aea292b-16fb-4e9b-be90-828afa8e8047:192.168.157.194:34569, a6b2ebfb-69a0-457c-b6cd-a50cc148b564:192.168.157.194:37298], old=null
2019-10-17 02:15:03,476 [grpc-default-executor-0] INFO  impl.RaftServerImpl (RaftServerImpl.java:setRole(184)) - 3aea292b-16fb-4e9b-be90-828afa8e8047@group-896385CD49EE: changes role from  FOLLOWER to FOLLOWER at term 245 for recognizeCandidate:b32d7882-88db-4fe6-9cca-6a25122d474d
2019-10-17 02:15:03,476 [grpc-default-executor-2] INFO  impl.RaftServerImpl (RaftServerImpl.java:setRole(184)) - a6b2ebfb-69a0-457c-b6cd-a50cc148b564@group-896385CD49EE: changes role from  FOLLOWER to FOLLOWER at term 245 for recognizeCandidate:b32d7882-88db-4fe6-9cca-6a25122d474d
2019-10-17 02:15:03,476 [grpc-default-executor-2] INFO  impl.RoleInfo (RoleInfo.java:shutdownFollowerState(121)) - a6b2ebfb-69a0-457c-b6cd-a50cc148b564: shutdown FollowerState
2019-10-17 02:15:03,476 [grpc-default-executor-0] INFO  impl.RoleInfo (RoleInfo.java:shutdownFollowerState(121)) - 3aea292b-16fb-4e9b-be90-828afa8e8047: shutdown FollowerState
2019-10-17 02:15:03,477 [Thread-2877] INFO  impl.FollowerState (FollowerState.java:run(117)) - a6b2ebfb-69a0-457c-b6cd-a50cc148b564@group-896385CD49EE-FollowerState was interrupted: java.lang.InterruptedException: sleep interrupted
2019-10-17 02:15:03,477 [Thread-2876] INFO  impl.FollowerState (FollowerState.java:run(117)) - 3aea292b-16fb-4e9b-be90-828afa8e8047@group-896385CD49EE-FollowerState was interrupted: java.lang.InterruptedException: sleep interrupted
2019-10-17 02:15:03,477 [grpc-default-executor-2] INFO  impl.RoleInfo (RoleInfo.java:updateAndGet(143)) - a6b2ebfb-69a0-457c-b6cd-a50cc148b564: start FollowerState
2019-10-17 02:15:03,477 [grpc-default-executor-0] INFO  impl.RoleInfo (RoleInfo.java:updateAndGet(143)) - 3aea292b-16fb-4e9b-be90-828afa8e8047: start FollowerState
2019-10-17 02:15:03,488 [b32d7882-88db-4fe6-9cca-6a25122d474d@group-896385CD49EE-LeaderElection294] INFO  impl.LeaderElection (LeaderElection.java:logAndReturn(56)) - b32d7882-88db-4fe6-9cca-6a25122d474d@group-896385CD49EE-LeaderElection294: Election REJECTED; received 2 response(s) [b32d7882-88db-4fe6-9cca-6a25122d474d<-3aea292b-16fb-4e9b-be90-828afa8e8047#0:FAIL-t245, b32d7882-88db-4fe6-9cca-6a25122d474d<-a6b2ebfb-69a0-457c-b6cd-a50cc148b564#0:FAIL-t245] and 0 exception(s); b32d7882-88db-4fe6-9cca-6a25122d474d@group-896385CD49EE:t245, leader=null, voted=b32d7882-88db-4fe6-9cca-6a25122d474d, raftlog=b32d7882-88db-4fe6-9cca-6a25122d474d@group-896385CD49EE-SegmentedRaftLog:OPENED:c-1,f-1,i0, conf=-1: [b32d7882-88db-4fe6-9cca-6a25122d474d:192.168.157.194:42206, 3aea292b-16fb-4e9b-be90-828afa8e8047:192.168.157.194:34569, a6b2ebfb-69a0-457c-b6cd-a50cc148b564:192.168.157.194:37298], old=null
2019-10-17 02:15:03,488 [b32d7882-88db-4fe6-9cca-6a25122d474d@group-896385CD49EE-LeaderElection294] INFO  impl.RaftServerImpl (RaftServerImpl.java:setRole(184)) - b32d7882-88db-4fe6-9cca-6a25122d474d@group-896385CD49EE: changes role from CANDIDATE to FOLLOWER at term 245 for DISCOVERED_A_NEW_TERM
2019-10-17 02:15:03,488 [b32d7882-88db-4fe6-9cca-6a25122d474d@group-896385CD49EE-LeaderElection294] INFO  impl.RoleInfo (RoleInfo.java:shutdownLeaderElection(134)) - b32d7882-88db-4fe6-9cca-6a25122d474d: shutdown LeaderElection
2019-10-17 02:15:03,489 [b32d7882-88db-4fe6-9cca-6a25122d474d@group-896385CD49EE-LeaderElection294] INFO  impl.RoleInfo (RoleInfo.java:updateAndGet(143)) - b32d7882-88db-4fe6-9cca-6a25122d474d: start FollowerState
2019-10-17 02:15:03,653 [Thread-2884] INFO  impl.FollowerState (FollowerState.java:run(108)) - b32d7882-88db-4fe6-9cca-6a25122d474d@group-896385CD49EE-FollowerState: change to CANDIDATE, lastRpcTime:164ms, electionTimeout:164ms
2019-10-17 02:15:03,653 [Thread-2884] INFO  impl.RoleInfo (RoleInfo.java:shutdownFollowerState(121)) - b32d7882-88db-4fe6-9cca-6a25122d474d: shutdown FollowerState
2019-10-17 02:15:03,653 [Thread-2884] INFO  impl.RaftServerImpl (RaftServerImpl.java:setRole(184)) - b32d7882-88db-4fe6-9cca-6a25122d474d@group-896385CD49EE: changes role from  FOLLOWER to CANDIDATE at term 245 for changeToCandidate
2019-10-17 02:15:03,653 [Thread-2884] INFO  impl.RoleInfo (RoleInfo.java:updateAndGet(143)) - b32d7882-88db-4fe6-9cca-6a25122d474d: start LeaderElection
2019-10-17 02:15:03,667 [b32d7882-88db-4fe6-9cca-6a25122d474d@group-896385CD49EE-LeaderElection295] INFO  impl.LeaderElection (LeaderElection.java:askForVotes(178)) - b32d7882-88db-4fe6-9cca-6a25122d474d@group-896385CD49EE-LeaderElection295: begin an election at term 246 for -1: [b32d7882-88db-4fe6-9cca-6a25122d474d:192.168.157.194:42206, 3aea292b-16fb-4e9b-be90-828afa8e8047:192.168.157.194:34569, a6b2ebfb-69a0-457c-b6cd-a50cc148b564:192.168.157.194:37298], old=null
2019-10-17 02:15:03,670 [grpc-default-executor-0] INFO  impl.RaftServerImpl (RaftServerImpl.java:setRole(184)) - a6b2ebfb-69a0-457c-b6cd-a50cc148b564@group-896385CD49EE: changes role from  FOLLOWER to FOLLOWER at term 246 for recognizeCandidate:b32d7882-88db-4fe6-9cca-6a25122d474d
2019-10-17 02:15:03,670 [grpc-default-executor-0] INFO  impl.RoleInfo (RoleInfo.java:shutdownFollowerState(121)) - a6b2ebfb-69a0-457c-b6cd-a50cc148b564: shutdown FollowerState
2019-10-17 02:15:03,670 [grpc-default-executor-2] INFO  impl.RaftServerImpl (RaftServerImpl.java:setRole(184)) - 3aea292b-16fb-4e9b-be90-828afa8e8047@group-896385CD49EE: changes role from  FOLLOWER to FOLLOWER at term 246 for recognizeCandidate:b32d7882-88db-4fe6-9cca-6a25122d474d
2019-10-17 02:15:03,670 [grpc-default-executor-2] INFO  impl.RoleInfo (RoleInfo.java:shutdownFollowerState(121)) - 3aea292b-16fb-4e9b-be90-828afa8e8047: shutdown FollowerState
2019-10-17 02:15:03,670 [Thread-2882] INFO  impl.FollowerState (FollowerState.java:run(117)) - a6b2ebfb-69a0-457c-b6cd-a50cc148b564@group-896385CD49EE-FollowerState was interrupted: java.lang.InterruptedException: sleep interrupted
2019-10-17 02:15:03,670 [grpc-default-executor-0] INFO  impl.RoleInfo (RoleInfo.java:updateAndGet(143)) - a6b2ebfb-69a0-457c-b6cd-a50cc148b564: start FollowerState
2019-10-17 02:15:03,670 [Thread-2883] INFO  impl.FollowerState (FollowerState.java:run(117)) - 3aea292b-16fb-4e9b-be90-828afa8e8047@group-896385CD49EE-FollowerState was interrupted: java.lang.InterruptedException: sleep interrupted
2019-10-17 02:15:03,670 [grpc-default-executor-2] INFO  impl.RoleInfo (RoleInfo.java:updateAndGet(143)) - 3aea292b-16fb-4e9b-be90-828afa8e8047: start FollowerState
2019-10-17 02:15:03,685 [b32d7882-88db-4fe6-9cca-6a25122d474d@group-896385CD49EE-LeaderElection295] INFO  impl.LeaderElection (LeaderElection.java:logAndReturn(56)) - b32d7882-88db-4fe6-9cca-6a25122d474d@group-896385CD49EE-LeaderElection295: Election REJECTED; received 2 response(s) [b32d7882-88db-4fe6-9cca-6a25122d474d<-3aea292b-16fb-4e9b-be90-828afa8e8047#0:FAIL-t246, b32d7882-88db-4fe6-9cca-6a25122d474d<-a6b2ebfb-69a0-457c-b6cd-a50cc148b564#0:FAIL-t246] and 0 exception(s); b32d7882-88db-4fe6-9cca-6a25122d474d@group-896385CD49EE:t246, leader=null, voted=b32d7882-88db-4fe6-9cca-6a25122d474d, raftlog=b32d7882-88db-4fe6-9cca-6a25122d474d@group-896385CD49EE-SegmentedRaftLog:OPENED:c-1,f-1,i0, conf=-1: [b32d7882-88db-4fe6-9cca-6a25122d474d:192.168.157.194:42206, 3aea292b-16fb-4e9b-be90-828afa8e8047:192.168.157.194:34569, a6b2ebfb-69a0-457c-b6cd-a50cc148b564:192.168.157.194:37298], old=null
2019-10-17 02:15:03,685 [b32d7882-88db-4fe6-9cca-6a25122d474d@group-896385CD49EE-LeaderElection295] INFO  impl.RaftServerImpl (RaftServerImpl.java:setRole(184)) - b32d7882-88db-4fe6-9cca-6a25122d474d@group-896385CD49EE: changes role from CANDIDATE to FOLLOWER at term 246 for DISCOVERED_A_NEW_TERM
2019-10-17 02:15:03,685 [b32d7882-88db-4fe6-9cca-6a25122d474d@group-896385CD49EE-LeaderElection295] INFO  impl.RoleInfo (RoleInfo.java:shutdownLeaderElection(134)) - b32d7882-88db-4fe6-9cca-6a25122d474d: shutdown LeaderElection
2019-10-17 02:15:03,685 [b32d7882-88db-4fe6-9cca-6a25122d474d@group-896385CD49EE-LeaderElection295] INFO  impl.RoleInfo (RoleInfo.java:updateAndGet(143)) - b32d7882-88db-4fe6-9cca-6a25122d474d: start FollowerState
2019-10-17 02:15:03,824 [Thread-2890] INFO  impl.FollowerState (FollowerState.java:run(108)) - b32d7882-88db-4fe6-9cca-6a25122d474d@group-896385CD49EE-FollowerState: change to CANDIDATE, lastRpcTime:138ms, electionTimeout:138ms
2019-10-17 02:15:03,824 [Thread-2890] INFO  impl.RoleInfo (RoleInfo.java:shutdownFollowerState(121)) - b32d7882-88db-4fe6-9cca-6a25122d474d: shutdown FollowerState
2019-10-17 02:15:03,824 [Thread-2890] INFO  impl.RaftServerImpl (RaftServerImpl.java:setRole(184)) - b32d7882-88db-4fe6-9cca-6a25122d474d@group-896385CD49EE: changes role from  FOLLOWER to CANDIDATE at term 246 for changeToCandidate
2019-10-17 02:15:03,824 [Thread-2890] INFO  impl.RoleInfo (RoleInfo.java:updateAndGet(143)) - b32d7882-88db-4fe6-9cca-6a25122d474d: start LeaderElection
2019-10-17 02:15:03,838 [b32d7882-88db-4fe6-9cca-6a25122d474d@group-896385CD49EE-LeaderElection296] INFO  impl.LeaderElection (LeaderElection.java:askForVotes(178)) - b32d7882-88db-4fe6-9cca-6a25122d474d@group-896385CD49EE-LeaderElection296: begin an election at term 247 for -1: [b32d7882-88db-4fe6-9cca-6a25122d474d:192.168.157.194:42206, 3aea292b-16fb-4e9b-be90-828afa8e8047:192.168.157.194:34569, a6b2ebfb-69a0-457c-b6cd-a50cc148b564:192.168.157.194:37298], old=null
2019-10-17 02:15:03,840 [grpc-default-executor-0] INFO  impl.RaftServerImpl (RaftServerImpl.java:setRole(184)) - 3aea292b-16fb-4e9b-be90-828afa8e8047@group-896385CD49EE: changes role from  FOLLOWER to FOLLOWER at term 247 for recognizeCandidate:b32d7882-88db-4fe6-9cca-6a25122d474d
2019-10-17 02:15:03,840 [grpc-default-executor-0] INFO  impl.RoleInfo (RoleInfo.java:shutdownFollowerState(121)) - 3aea292b-16fb-4e9b-be90-828afa8e8047: shutdown FollowerState
2019-10-17 02:15:03,840 [grpc-default-executor-2] INFO  impl.RaftServerImpl (RaftServerImpl.java:setRole(184)) - a6b2ebfb-69a0-457c-b6cd-a50cc148b564@group-896385CD49EE: changes role from  FOLLOWER to FOLLOWER at term 247 for recognizeCandidate:b32d7882-88db-4fe6-9cca-6a25122d474d
2019-10-17 02:15:03,840 [Thread-2889] INFO  impl.FollowerState (FollowerState.java:run(117)) - 3aea292b-16fb-4e9b-be90-828afa8e8047@group-896385CD49EE-FollowerState was interrupted: java.lang.InterruptedException: sleep interrupted
2019-10-17 02:15:03,840 [grpc-default-executor-0] INFO  impl.RoleInfo (RoleInfo.java:updateAndGet(143)) - 3aea292b-16fb-4e9b-be90-828afa8e8047: start FollowerState
2019-10-17 02:15:03,840 [grpc-default-executor-2] INFO  impl.RoleInfo (RoleInfo.java:shutdownFollowerState(121)) - a6b2ebfb-69a0-457c-b6cd-a50cc148b564: shutdown FollowerState
2019-10-17 02:15:03,841 [grpc-default-executor-2] INFO  impl.RoleInfo (RoleInfo.java:updateAndGet(143)) - a6b2ebfb-69a0-457c-b6cd-a50cc148b564: start FollowerState
2019-10-17 02:15:03,841 [Thread-2888] INFO  impl.FollowerState (FollowerState.java:run(117)) - a6b2ebfb-69a0-457c-b6cd-a50cc148b564@group-896385CD49EE-FollowerState was interrupted: java.lang.InterruptedException: sleep interrupted
2019-10-17 02:15:03,855 [b32d7882-88db-4fe6-9cca-6a25122d474d@group-896385CD49EE-LeaderElection296] INFO  impl.LeaderElection (LeaderElection.java:logAndReturn(56)) - b32d7882-88db-4fe6-9cca-6a25122d474d@group-896385CD49EE-LeaderElection296: Election REJECTED; received 2 response(s) [b32d7882-88db-4fe6-9cca-6a25122d474d<-3aea292b-16fb-4e9b-be90-828afa8e8047#0:FAIL-t247, b32d7882-88db-4fe6-9cca-6a25122d474d<-a6b2ebfb-69a0-457c-b6cd-a50cc148b564#0:FAIL-t247] and 0 exception(s); b32d7882-88db-4fe6-9cca-6a25122d474d@group-896385CD49EE:t247, leader=null, voted=b32d7882-88db-4fe6-9cca-6a25122d474d, raftlog=b32d7882-88db-4fe6-9cca-6a25122d474d@group-896385CD49EE-SegmentedRaftLog:OPENED:c-1,f-1,i0, conf=-1: [b32d7882-88db-4fe6-9cca-6a25122d474d:192.168.157.194:42206, 3aea292b-16fb-4e9b-be90-828afa8e8047:192.168.157.194:34569, a6b2ebfb-69a0-457c-b6cd-a50cc148b564:192.168.157.194:37298], old=null
2019-10-17 02:15:03,855 [b32d7882-88db-4fe6-9cca-6a25122d474d@group-896385CD49EE-LeaderElection296] INFO  impl.RaftServerImpl (RaftServerImpl.java:setRole(184)) - b32d7882-88db-4fe6-9cca-6a25122d474d@group-896385CD49EE: changes role from CANDIDATE to FOLLOWER at term 247 for DISCOVERED_A_NEW_TERM
2019-10-17 02:15:03,855 [b32d7882-88db-4fe6-9cca-6a25122d474d@group-896385CD49EE-LeaderElection296] INFO  impl.RoleInfo (RoleInfo.java:shutdownLeaderElection(134)) - b32d7882-88db-4fe6-9cca-6a25122d474d: shutdown LeaderElection
2019-10-17 02:15:03,855 [b32d7882-88db-4fe6-9cca-6a25122d474d@group-896385CD49EE-LeaderElection296] INFO  impl.RoleInfo (RoleInfo.java:updateAndGet(143)) - b32d7882-88db-4fe6-9cca-6a25122d474d: start FollowerState
2019-10-17 02:15:03,876 [Thread-2896] INFO  impl.FollowerState (FollowerState.java:run(108)) - b32d7882-88db-4fe6-9cca-6a25122d474d@group-896385CD49EE-FollowerState: change to CANDIDATE, lastRpcTime:20ms, electionTimeout:20ms
2019-10-17 02:15:03,876 [Thread-2896] INFO  impl.RoleInfo (RoleInfo.java:shutdownFollowerState(121)) - b32d7882-88db-4fe6-9cca-6a25122d474d: shutdown FollowerState
2019-10-17 02:15:03,876 [Thread-2896] INFO  impl.RaftServerImpl (RaftServerImpl.java:setRole(184)) - b32d7882-88db-4fe6-9cca-6a25122d474d@group-896385CD49EE: changes role from  FOLLOWER to CANDIDATE at term 247 for changeToCandidate
2019-10-17 02:15:03,876 [Thread-2896] INFO  impl.RoleInfo (RoleInfo.java:updateAndGet(143)) - b32d7882-88db-4fe6-9cca-6a25122d474d: start LeaderElection
2019-10-17 02:15:03,890 [b32d7882-88db-4fe6-9cca-6a25122d474d@group-896385CD49EE-LeaderElection297] INFO  impl.LeaderElection (LeaderElection.java:askForVotes(178)) - b32d7882-88db-4fe6-9cca-6a25122d474d@group-896385CD49EE-LeaderElection297: begin an election at term 248 for -1: [b32d7882-88db-4fe6-9cca-6a25122d474d:192.168.157.194:42206, 3aea292b-16fb-4e9b-be90-828afa8e8047:192.168.157.194:34569, a6b2ebfb-69a0-457c-b6cd-a50cc148b564:192.168.157.194:37298], old=null
2019-10-17 02:15:03,891 [grpc-default-executor-0] INFO  impl.RaftServerImpl (RaftServerImpl.java:setRole(184)) - a6b2ebfb-69a0-457c-b6cd-a50cc148b564@group-896385CD49EE: changes role from  FOLLOWER to FOLLOWER at term 248 for recognizeCandidate:b32d7882-88db-4fe6-9cca-6a25122d474d
2019-10-17 02:15:03,892 [grpc-default-executor-0] INFO  impl.RoleInfo (RoleInfo.java:shutdownFollowerState(121)) - a6b2ebfb-69a0-457c-b6cd-a50cc148b564: shutdown FollowerState
2019-10-17 02:15:03,891 [grpc-default-executor-2] INFO  impl.RaftServerImpl (RaftServerImpl.java:setRole(184)) - 3aea292b-16fb-4e9b-be90-828afa8e8047@group-896385CD49EE: changes role from  FOLLOWER to FOLLOWER at term 248 for recognizeCandidate:b32d7882-88db-4fe6-9cca-6a25122d474d
2019-10-17 02:15:03,892 [Thread-2895] INFO  impl.FollowerState (FollowerState.java:run(117)) - a6b2ebfb-69a0-457c-b6cd-a50cc148b564@group-896385CD49EE-FollowerState was interrupted: java.lang.InterruptedException: sleep interrupted
2019-10-17 02:15:03,892 [grpc-default-executor-0] INFO  impl.RoleInfo (RoleInfo.java:updateAndGet(143)) - a6b2ebfb-69a0-457c-b6cd-a50cc148b564: start FollowerState
2019-10-17 02:15:03,892 [grpc-default-executor-2] INFO  impl.RoleInfo (RoleInfo.java:shutdownFollowerState(121)) - 3aea292b-16fb-4e9b-be90-828afa8e8047: shutdown FollowerState
2019-10-17 02:15:03,892 [grpc-default-executor-2] INFO  impl.RoleInfo (RoleInfo.java:updateAndGet(143)) - 3aea292b-16fb-4e9b-be90-828afa8e8047: start FollowerState
2019-10-17 02:15:03,892 [Thread-2894] INFO  impl.FollowerState (FollowerState.java:run(117)) - 3aea292b-16fb-4e9b-be90-828afa8e8047@group-896385CD49EE-FollowerState was interrupted: java.lang.InterruptedException: sleep interrupted
2019-10-17 02:15:03,907 [b32d7882-88db-4fe6-9cca-6a25122d474d@group-896385CD49EE-LeaderElection297] INFO  impl.LeaderElection (LeaderElection.java:logAndReturn(56)) - b32d7882-88db-4fe6-9cca-6a25122d474d@group-896385CD49EE-LeaderElection297: Election REJECTED; received 2 response(s) [b32d7882-88db-4fe6-9cca-6a25122d474d<-3aea292b-16fb-4e9b-be90-828afa8e8047#0:FAIL-t248, b32d7882-88db-4fe6-9cca-6a25122d474d<-a6b2ebfb-69a0-457c-b6cd-a50cc148b564#0:FAIL-t248] and 0 exception(s); b32d7882-88db-4fe6-9cca-6a25122d474d@group-896385CD49EE:t248, leader=null, voted=b32d7882-88db-4fe6-9cca-6a25122d474d, raftlog=b32d7882-88db-4fe6-9cca-6a25122d474d@group-896385CD49EE-SegmentedRaftLog:OPENED:c-1,f-1,i0, conf=-1: [b32d7882-88db-4fe6-9cca-6a25122d474d:192.168.157.194:42206, 3aea292b-16fb-4e9b-be90-828afa8e8047:192.168.157.194:34569, a6b2ebfb-69a0-457c-b6cd-a50cc148b564:192.168.157.194:37298], old=null
2019-10-17 02:15:03,907 [b32d7882-88db-4fe6-9cca-6a25122d474d@group-896385CD49EE-LeaderElection297] INFO  impl.RaftServerImpl (RaftServerImpl.java:setRole(184)) - b32d7882-88db-4fe6-9cca-6a25122d474d@group-896385CD49EE: changes role from CANDIDATE to FOLLOWER at term 248 for DISCOVERED_A_NEW_TERM
2019-10-17 02:15:03,907 [b32d7882-88db-4fe6-9cca-6a25122d474d@group-896385CD49EE-LeaderElection297] INFO  impl.RoleInfo (RoleInfo.java:shutdownLeaderElection(134)) - b32d7882-88db-4fe6-9cca-6a25122d474d: shutdown LeaderElection
2019-10-17 02:15:03,907 [b32d7882-88db-4fe6-9cca-6a25122d474d@group-896385CD49EE-LeaderElection297] INFO  impl.RoleInfo (RoleInfo.java:updateAndGet(143)) - b32d7882-88db-4fe6-9cca-6a25122d474d: start FollowerState
2019-10-17 02:15:04,076 [Thread-2902] INFO  impl.FollowerState (FollowerState.java:run(108)) - b32d7882-88db-4fe6-9cca-6a25122d474d@group-896385CD49EE-FollowerState: change to CANDIDATE, lastRpcTime:168ms, electionTimeout:168ms
2019-10-17 02:15:04,076 [Thread-2902] INFO  impl.RoleInfo (RoleInfo.java:shutdownFollowerState(121)) - b32d7882-88db-4fe6-9cca-6a25122d474d: shutdown FollowerState
2019-10-17 02:15:04,076 [Thread-2902] INFO  impl.RaftServerImpl (RaftServerImpl.java:setRole(184)) - b32d7882-88db-4fe6-9cca-6a25122d474d@group-896385CD49EE: changes role from  FOLLOWER to CANDIDATE at term 248 for changeToCandidate
2019-10-17 02:15:04,076 [Thread-2902] INFO  impl.RoleInfo (RoleInfo.java:updateAndGet(143)) - b32d7882-88db-4fe6-9cca-6a25122d474d: start LeaderElection
2019-10-17 02:15:04,091 [b32d7882-88db-4fe6-9cca-6a25122d474d@group-896385CD49EE-LeaderElection298] INFO  impl.LeaderElection (LeaderElection.java:askForVotes(178)) - b32d7882-88db-4fe6-9cca-6a25122d474d@group-896385CD49EE-LeaderElection298: begin an election at term 249 for -1: [b32d7882-88db-4fe6-9cca-6a25122d474d:192.168.157.194:42206, 3aea292b-16fb-4e9b-be90-828afa8e8047:192.168.157.194:34569, a6b2ebfb-69a0-457c-b6cd-a50cc148b564:192.168.157.194:37298], old=null
2019-10-17 02:15:04,093 [grpc-default-executor-2] INFO  impl.RaftServerImpl (RaftServerImpl.java:setRole(184)) - a6b2ebfb-69a0-457c-b6cd-a50cc148b564@group-896385CD49EE: changes role from  FOLLOWER to FOLLOWER at term 249 for recognizeCandidate:b32d7882-88db-4fe6-9cca-6a25122d474d
2019-10-17 02:15:04,093 [grpc-default-executor-2] INFO  impl.RoleInfo (RoleInfo.java:shutdownFollowerState(121)) - a6b2ebfb-69a0-457c-b6cd-a50cc148b564: shutdown FollowerState
2019-10-17 02:15:04,093 [grpc-default-executor-0] INFO  impl.RaftServerImpl (RaftServerImpl.java:setRole(184)) - 3aea292b-16fb-4e9b-be90-828afa8e8047@group-896385CD49EE: changes role from  FOLLOWER to FOLLOWER at term 249 for recognizeCandidate:b32d7882-88db-4fe6-9cca-6a25122d474d
2019-10-17 02:15:04,094 [Thread-2900] INFO  impl.FollowerState (FollowerState.java:run(117)) - a6b2ebfb-69a0-457c-b6cd-a50cc148b564@group-896385CD49EE-FollowerState was interrupted: java.lang.InterruptedException: sleep interrupted
2019-10-17 02:15:04,094 [grpc-default-executor-2] INFO  impl.RoleInfo (RoleInfo.java:updateAndGet(143)) - a6b2ebfb-69a0-457c-b6cd-a50cc148b564: start FollowerState
2019-10-17 02:15:04,094 [grpc-default-executor-0] INFO  impl.RoleInfo (RoleInfo.java:shutdownFollowerState(121)) - 3aea292b-16fb-4e9b-be90-828afa8e8047: shutdown FollowerState
2019-10-17 02:15:04,094 [grpc-default-executor-0] INFO  impl.RoleInfo (RoleInfo.java:updateAndGet(143)) - 3aea292b-16fb-4e9b-be90-828afa8e8047: start FollowerState
2019-10-17 02:15:04,094 [Thread-2901] INFO  impl.FollowerState (FollowerState.java:run(117)) - 3aea292b-16fb-4e9b-be90-828afa8e8047@group-896385CD49EE-FollowerState was interrupted: java.lang.InterruptedException: sleep interrupted
2019-10-17 02:15:04,108 [b32d7882-88db-4fe6-9cca-6a25122d474d@group-896385CD49EE-LeaderElection298] INFO  impl.LeaderElection (LeaderElection.java:logAndReturn(56)) - b32d7882-88db-4fe6-9cca-6a25122d474d@group-896385CD49EE-LeaderElection298: Election REJECTED; received 2 response(s) [b32d7882-88db-4fe6-9cca-6a25122d474d<-3aea292b-16fb-4e9b-be90-828afa8e8047#0:FAIL-t249, b32d7882-88db-4fe6-9cca-6a25122d474d<-a6b2ebfb-69a0-457c-b6cd-a50cc148b564#0:FAIL-t249] and 0 exception(s); b32d7882-88db-4fe6-9cca-6a25122d474d@group-896385CD49EE:t249, leader=null, voted=b32d7882-88db-4fe6-9cca-6a25122d474d, raftlog=b32d7882-88db-4fe6-9cca-6a25122d474d@group-896385CD49EE-SegmentedRaftLog:OPENED:c-1,f-1,i0, conf=-1: [b32d7882-88db-4fe6-9cca-6a25122d474d:192.168.157.194:42206, 3aea292b-16fb-4e9b-be90-828afa8e8047:192.168.157.194:34569, a6b2ebfb-69a0-457c-b6cd-a50cc148b564:192.168.157.194:37298], old=null
2019-10-17 02:15:04,108 [b32d7882-88db-4fe6-9cca-6a25122d474d@group-896385CD49EE-LeaderElection298] INFO  impl.RaftServerImpl (RaftServerImpl.java:setRole(184)) - b32d7882-88db-4fe6-9cca-6a25122d474d@group-896385CD49EE: changes role from CANDIDATE to FOLLOWER at term 249 for DISCOVERED_A_NEW_TERM
2019-10-17 02:15:04,109 [b32d7882-88db-4fe6-9cca-6a25122d474d@group-896385CD49EE-LeaderElection298] INFO  impl.RoleInfo (RoleInfo.java:shutdownLeaderElection(134)) - b32d7882-88db-4fe6-9cca-6a25122d474d: shutdown LeaderElection
2019-10-17 02:15:04,109 [b32d7882-88db-4fe6-9cca-6a25122d474d@group-896385CD49EE-LeaderElection298] INFO  impl.RoleInfo (RoleInfo.java:updateAndGet(143)) - b32d7882-88db-4fe6-9cca-6a25122d474d: start FollowerState
2019-10-17 02:15:04,152 [Thread-2908] INFO  impl.FollowerState (FollowerState.java:run(108)) - b32d7882-88db-4fe6-9cca-6a25122d474d@group-896385CD49EE-FollowerState: change to CANDIDATE, lastRpcTime:43ms, electionTimeout:43ms
2019-10-17 02:15:04,152 [Thread-2908] INFO  impl.RoleInfo (RoleInfo.java:shutdownFollowerState(121)) - b32d7882-88db-4fe6-9cca-6a25122d474d: shutdown FollowerState
2019-10-17 02:15:04,152 [Thread-2908] INFO  impl.RaftServerImpl (RaftServerImpl.java:setRole(184)) - b32d7882-88db-4fe6-9cca-6a25122d474d@group-896385CD49EE: changes role from  FOLLOWER to CANDIDATE at term 249 for changeToCandidate
2019-10-17 02:15:04,153 [Thread-2908] INFO  impl.RoleInfo (RoleInfo.java:updateAndGet(143)) - b32d7882-88db-4fe6-9cca-6a25122d474d: start LeaderElection
2019-10-17 02:15:04,164 [main] INFO  ozone.MiniOzoneClusterImpl (MiniOzoneClusterImpl.java:lambda$waitForClusterToBeReady$2(164)) - Waiting for 1 number of pipelines out of 4, to report a leader.
2019-10-17 02:15:04,167 [b32d7882-88db-4fe6-9cca-6a25122d474d@group-896385CD49EE-LeaderElection299] INFO  impl.LeaderElection (LeaderElection.java:askForVotes(178)) - b32d7882-88db-4fe6-9cca-6a25122d474d@group-896385CD49EE-LeaderElection299: begin an election at term 250 for -1: [b32d7882-88db-4fe6-9cca-6a25122d474d:192.168.157.194:42206, 3aea292b-16fb-4e9b-be90-828afa8e8047:192.168.157.194:34569, a6b2ebfb-69a0-457c-b6cd-a50cc148b564:192.168.157.194:37298], old=null
2019-10-17 02:15:04,169 [grpc-default-executor-0] INFO  impl.RaftServerImpl (RaftServerImpl.java:setRole(184)) - 3aea292b-16fb-4e9b-be90-828afa8e8047@group-896385CD49EE: changes role from  FOLLOWER to FOLLOWER at term 250 for recognizeCandidate:b32d7882-88db-4fe6-9cca-6a25122d474d
2019-10-17 02:15:04,169 [grpc-default-executor-0] INFO  impl.RoleInfo (RoleInfo.java:shutdownFollowerState(121)) - 3aea292b-16fb-4e9b-be90-828afa8e8047: shutdown FollowerState
2019-10-17 02:15:04,170 [grpc-default-executor-2] INFO  impl.RaftServerImpl (RaftServerImpl.java:setRole(184)) - a6b2ebfb-69a0-457c-b6cd-a50cc148b564@group-896385CD49EE: changes role from  FOLLOWER to FOLLOWER at term 250 for recognizeCandidate:b32d7882-88db-4fe6-9cca-6a25122d474d
2019-10-17 02:15:04,170 [Thread-2907] INFO  impl.FollowerState (FollowerState.java:run(117)) - 3aea292b-16fb-4e9b-be90-828afa8e8047@group-896385CD49EE-FollowerState was interrupted: java.lang.InterruptedException: sleep interrupted
2019-10-17 02:15:04,170 [grpc-default-executor-2] INFO  impl.RoleInfo (RoleInfo.java:shutdownFollowerState(121)) - a6b2ebfb-69a0-457c-b6cd-a50cc148b564: shutdown FollowerState
2019-10-17 02:15:04,170 [grpc-default-executor-0] INFO  impl.RoleInfo (RoleInfo.java:updateAndGet(143)) - 3aea292b-16fb-4e9b-be90-828afa8e8047: start FollowerState
2019-10-17 02:15:04,170 [Thread-2906] INFO  impl.FollowerState (FollowerState.java:run(117)) - a6b2ebfb-69a0-457c-b6cd-a50cc148b564@group-896385CD49EE-FollowerState was interrupted: java.lang.InterruptedException: sleep interrupted
2019-10-17 02:15:04,170 [grpc-default-executor-2] INFO  impl.RoleInfo (RoleInfo.java:updateAndGet(143)) - a6b2ebfb-69a0-457c-b6cd-a50cc148b564: start FollowerState
2019-10-17 02:15:04,182 [b32d7882-88db-4fe6-9cca-6a25122d474d@group-896385CD49EE-LeaderElection299] INFO  impl.LeaderElection (LeaderElection.java:logAndReturn(56)) - b32d7882-88db-4fe6-9cca-6a25122d474d@group-896385CD49EE-LeaderElection299: Election TIMEOUT; received 0 response(s) [] and 0 exception(s); b32d7882-88db-4fe6-9cca-6a25122d474d@group-896385CD49EE:t250, leader=null, voted=b32d7882-88db-4fe6-9cca-6a25122d474d, raftlog=b32d7882-88db-4fe6-9cca-6a25122d474d@group-896385CD49EE-SegmentedRaftLog:OPENED:c-1,f-1,i0, conf=-1: [b32d7882-88db-4fe6-9cca-6a25122d474d:192.168.157.194:42206, 3aea292b-16fb-4e9b-be90-828afa8e8047:192.168.157.194:34569, a6b2ebfb-69a0-457c-b6cd-a50cc148b564:192.168.157.194:37298], old=null
2019-10-17 02:15:04,186 [b32d7882-88db-4fe6-9cca-6a25122d474d@group-896385CD49EE-LeaderElection299] INFO  impl.LeaderElection (LeaderElection.java:askForVotes(178)) - b32d7882-88db-4fe6-9cca-6a25122d474d@group-896385CD49EE-LeaderElection299: begin an election at term 251 for -1: [b32d7882-88db-4fe6-9cca-6a25122d474d:192.168.157.194:42206, 3aea292b-16fb-4e9b-be90-828afa8e8047:192.168.157.194:34569, a6b2ebfb-69a0-457c-b6cd-a50cc148b564:192.168.157.194:37298], old=null
2019-10-17 02:15:04,188 [grpc-default-executor-2] INFO  impl.RaftServerImpl (RaftServerImpl.java:setRole(184)) - 3aea292b-16fb-4e9b-be90-828afa8e8047@group-896385CD49EE: changes role from  FOLLOWER to FOLLOWER at term 251 for recognizeCandidate:b32d7882-88db-4fe6-9cca-6a25122d474d
2019-10-17 02:15:04,189 [grpc-default-executor-2] INFO  impl.RoleInfo (RoleInfo.java:shutdownFollowerState(121)) - 3aea292b-16fb-4e9b-be90-828afa8e8047: shutdown FollowerState
2019-10-17 02:15:04,189 [grpc-default-executor-0] INFO  impl.RaftServerImpl (RaftServerImpl.java:setRole(184)) - a6b2ebfb-69a0-457c-b6cd-a50cc148b564@group-896385CD49EE: changes role from  FOLLOWER to FOLLOWER at term 251 for recognizeCandidate:b32d7882-88db-4fe6-9cca-6a25122d474d
2019-10-17 02:15:04,189 [Thread-2912] INFO  impl.FollowerState (FollowerState.java:run(117)) - 3aea292b-16fb-4e9b-be90-828afa8e8047@group-896385CD49EE-FollowerState was interrupted: java.lang.InterruptedException: sleep interrupted
2019-10-17 02:15:04,189 [grpc-default-executor-2] INFO  impl.RoleInfo (RoleInfo.java:updateAndGet(143)) - 3aea292b-16fb-4e9b-be90-828afa8e8047: start FollowerState
2019-10-17 02:15:04,189 [grpc-default-executor-0] INFO  impl.RoleInfo (RoleInfo.java:shutdownFollowerState(121)) - a6b2ebfb-69a0-457c-b6cd-a50cc148b564: shutdown FollowerState
2019-10-17 02:15:04,189 [grpc-default-executor-0] INFO  impl.RoleInfo (RoleInfo.java:updateAndGet(143)) - a6b2ebfb-69a0-457c-b6cd-a50cc148b564: start FollowerState
2019-10-17 02:15:04,190 [Thread-2913] INFO  impl.FollowerState (FollowerState.java:run(117)) - a6b2ebfb-69a0-457c-b6cd-a50cc148b564@group-896385CD49EE-FollowerState was interrupted: java.lang.InterruptedException: sleep interrupted
2019-10-17 02:15:04,204 [b32d7882-88db-4fe6-9cca-6a25122d474d@group-896385CD49EE-LeaderElection299] INFO  impl.LeaderElection (LeaderElection.java:logAndReturn(56)) - b32d7882-88db-4fe6-9cca-6a25122d474d@group-896385CD49EE-LeaderElection299: Election REJECTED; received 2 response(s) [b32d7882-88db-4fe6-9cca-6a25122d474d<-3aea292b-16fb-4e9b-be90-828afa8e8047#0:FAIL-t251, b32d7882-88db-4fe6-9cca-6a25122d474d<-a6b2ebfb-69a0-457c-b6cd-a50cc148b564#0:FAIL-t251] and 0 exception(s); b32d7882-88db-4fe6-9cca-6a25122d474d@group-896385CD49EE:t251, leader=null, voted=b32d7882-88db-4fe6-9cca-6a25122d474d, raftlog=b32d7882-88db-4fe6-9cca-6a25122d474d@group-896385CD49EE-SegmentedRaftLog:OPENED:c-1,f-1,i0, conf=-1: [b32d7882-88db-4fe6-9cca-6a25122d474d:192.168.157.194:42206, 3aea292b-16fb-4e9b-be90-828afa8e8047:192.168.157.194:34569, a6b2ebfb-69a0-457c-b6cd-a50cc148b564:192.168.157.194:37298], old=null
2019-10-17 02:15:04,204 [b32d7882-88db-4fe6-9cca-6a25122d474d@group-896385CD49EE-LeaderElection299] INFO  impl.RaftServerImpl (RaftServerImpl.java:setRole(184)) - b32d7882-88db-4fe6-9cca-6a25122d474d@group-896385CD49EE: changes role from CANDIDATE to FOLLOWER at term 251 for DISCOVERED_A_NEW_TERM
2019-10-17 02:15:04,204 [b32d7882-88db-4fe6-9cca-6a25122d474d@group-896385CD49EE-LeaderElection299] INFO  impl.RoleInfo (RoleInfo.java:shutdownLeaderElection(134)) - b32d7882-88db-4fe6-9cca-6a25122d474d: shutdown LeaderElection
2019-10-17 02:15:04,204 [b32d7882-88db-4fe6-9cca-6a25122d474d@group-896385CD49EE-LeaderElection299] INFO  impl.RoleInfo (RoleInfo.java:updateAndGet(143)) - b32d7882-88db-4fe6-9cca-6a25122d474d: start FollowerState
2019-10-17 02:15:04,268 [Thread-2918] INFO  impl.FollowerState (FollowerState.java:run(108)) - b32d7882-88db-4fe6-9cca-6a25122d474d@group-896385CD49EE-FollowerState: change to CANDIDATE, lastRpcTime:63ms, electionTimeout:63ms
2019-10-17 02:15:04,268 [Thread-2918] INFO  impl.RoleInfo (RoleInfo.java:shutdownFollowerState(121)) - b32d7882-88db-4fe6-9cca-6a25122d474d: shutdown FollowerState
2019-10-17 02:15:04,268 [Thread-2918] INFO  impl.RaftServerImpl (RaftServerImpl.java:setRole(184)) - b32d7882-88db-4fe6-9cca-6a25122d474d@group-896385CD49EE: changes role from  FOLLOWER to CANDIDATE at term 251 for changeToCandidate
2019-10-17 02:15:04,268 [Thread-2918] INFO  impl.RoleInfo (RoleInfo.java:updateAndGet(143)) - b32d7882-88db-4fe6-9cca-6a25122d474d: start LeaderElection
2019-10-17 02:15:04,282 [b32d7882-88db-4fe6-9cca-6a25122d474d@group-896385CD49EE-LeaderElection300] INFO  impl.LeaderElection (LeaderElection.java:askForVotes(178)) - b32d7882-88db-4fe6-9cca-6a25122d474d@group-896385CD49EE-LeaderElection300: begin an election at term 252 for -1: [b32d7882-88db-4fe6-9cca-6a25122d474d:192.168.157.194:42206, 3aea292b-16fb-4e9b-be90-828afa8e8047:192.168.157.194:34569, a6b2ebfb-69a0-457c-b6cd-a50cc148b564:192.168.157.194:37298], old=null
2019-10-17 02:15:04,285 [grpc-default-executor-0] INFO  impl.RaftServerImpl (RaftServerImpl.java:setRole(184)) - 3aea292b-16fb-4e9b-be90-828afa8e8047@group-896385CD49EE: changes role from  FOLLOWER to FOLLOWER at term 252 for recognizeCandidate:b32d7882-88db-4fe6-9cca-6a25122d474d
2019-10-17 02:15:04,285 [grpc-default-executor-0] INFO  impl.RoleInfo (RoleInfo.java:shutdownFollowerState(121)) - 3aea292b-16fb-4e9b-be90-828afa8e8047: shutdown FollowerState
2019-10-17 02:15:04,285 [grpc-default-executor-2] INFO  impl.RaftServerImpl (RaftServerImpl.java:setRole(184)) - a6b2ebfb-69a0-457c-b6cd-a50cc148b564@group-896385CD49EE: changes role from  FOLLOWER to FOLLOWER at term 252 for recognizeCandidate:b32d7882-88db-4fe6-9cca-6a25122d474d
2019-10-17 02:15:04,285 [Thread-2916] INFO  impl.FollowerState (FollowerState.java:run(117)) - 3aea292b-16fb-4e9b-be90-828afa8e8047@group-896385CD49EE-FollowerState was interrupted: java.lang.InterruptedException: sleep interrupted
2019-10-17 02:15:04,285 [grpc-default-executor-0] INFO  impl.RoleInfo (RoleInfo.java:updateAndGet(143)) - 3aea292b-16fb-4e9b-be90-828afa8e8047: start FollowerState
2019-10-17 02:15:04,285 [grpc-default-executor-2] INFO  impl.RoleInfo (RoleInfo.java:shutdownFollowerState(121)) - a6b2ebfb-69a0-457c-b6cd-a50cc148b564: shutdown FollowerState
2019-10-17 02:15:04,286 [grpc-default-executor-2] INFO  impl.RoleInfo (RoleInfo.java:updateAndGet(143)) - a6b2ebfb-69a0-457c-b6cd-a50cc148b564: start FollowerState
2019-10-17 02:15:04,286 [Thread-2917] INFO  impl.FollowerState (FollowerState.java:run(117)) - a6b2ebfb-69a0-457c-b6cd-a50cc148b564@group-896385CD49EE-FollowerState was interrupted: java.lang.InterruptedException: sleep interrupted
2019-10-17 02:15:04,300 [b32d7882-88db-4fe6-9cca-6a25122d474d@group-896385CD49EE-LeaderElection300] INFO  impl.LeaderElection (LeaderElection.java:logAndReturn(56)) - b32d7882-88db-4fe6-9cca-6a25122d474d@group-896385CD49EE-LeaderElection300: Election REJECTED; received 2 response(s) [b32d7882-88db-4fe6-9cca-6a25122d474d<-3aea292b-16fb-4e9b-be90-828afa8e8047#0:FAIL-t252, b32d7882-88db-4fe6-9cca-6a25122d474d<-a6b2ebfb-69a0-457c-b6cd-a50cc148b564#0:FAIL-t252] and 0 exception(s); b32d7882-88db-4fe6-9cca-6a25122d474d@group-896385CD49EE:t252, leader=null, voted=b32d7882-88db-4fe6-9cca-6a25122d474d, raftlog=b32d7882-88db-4fe6-9cca-6a25122d474d@group-896385CD49EE-SegmentedRaftLog:OPENED:c-1,f-1,i0, conf=-1: [b32d7882-88db-4fe6-9cca-6a25122d474d:192.168.157.194:42206, 3aea292b-16fb-4e9b-be90-828afa8e8047:192.168.157.194:34569, a6b2ebfb-69a0-457c-b6cd-a50cc148b564:192.168.157.194:37298], old=null
2019-10-17 02:15:04,301 [b32d7882-88db-4fe6-9cca-6a25122d474d@group-896385CD49EE-LeaderElection300] INFO  impl.RaftServerImpl (RaftServerImpl.java:setRole(184)) - b32d7882-88db-4fe6-9cca-6a25122d474d@group-896385CD49EE: changes role from CANDIDATE to FOLLOWER at term 252 for DISCOVERED_A_NEW_TERM
2019-10-17 02:15:04,301 [b32d7882-88db-4fe6-9cca-6a25122d474d@group-896385CD49EE-LeaderElection300] INFO  impl.RoleInfo (RoleInfo.java:shutdownLeaderElection(134)) - b32d7882-88db-4fe6-9cca-6a25122d474d: shutdown LeaderElection
2019-10-17 02:15:04,301 [b32d7882-88db-4fe6-9cca-6a25122d474d@group-896385CD49EE-LeaderElection300] INFO  impl.RoleInfo (RoleInfo.java:updateAndGet(143)) - b32d7882-88db-4fe6-9cca-6a25122d474d: start FollowerState
2019-10-17 02:15:04,382 [Thread-2924] INFO  impl.FollowerState (FollowerState.java:run(108)) - b32d7882-88db-4fe6-9cca-6a25122d474d@group-896385CD49EE-FollowerState: change to CANDIDATE, lastRpcTime:81ms, electionTimeout:81ms
2019-10-17 02:15:04,382 [Thread-2924] INFO  impl.RoleInfo (RoleInfo.java:shutdownFollowerState(121)) - b32d7882-88db-4fe6-9cca-6a25122d474d: shutdown FollowerState
2019-10-17 02:15:04,382 [Thread-2924] INFO  impl.RaftServerImpl (RaftServerImpl.java:setRole(184)) - b32d7882-88db-4fe6-9cca-6a25122d474d@group-896385CD49EE: changes role from  FOLLOWER to CANDIDATE at term 252 for changeToCandidate
2019-10-17 02:15:04,383 [Thread-2924] INFO  impl.RoleInfo (RoleInfo.java:updateAndGet(143)) - b32d7882-88db-4fe6-9cca-6a25122d474d: start LeaderElection
2019-10-17 02:15:04,396 [b32d7882-88db-4fe6-9cca-6a25122d474d@group-896385CD49EE-LeaderElection301] INFO  impl.LeaderElection (LeaderElection.java:askForVotes(178)) - b32d7882-88db-4fe6-9cca-6a25122d474d@group-896385CD49EE-LeaderElection301: begin an election at term 253 for -1: [b32d7882-88db-4fe6-9cca-6a25122d474d:192.168.157.194:42206, 3aea292b-16fb-4e9b-be90-828afa8e8047:192.168.157.194:34569, a6b2ebfb-69a0-457c-b6cd-a50cc148b564:192.168.157.194:37298], old=null
2019-10-17 02:15:04,399 [grpc-default-executor-0] INFO  impl.RaftServerImpl (RaftServerImpl.java:setRole(184)) - a6b2ebfb-69a0-457c-b6cd-a50cc148b564@group-896385CD49EE: changes role from  FOLLOWER to FOLLOWER at term 253 for recognizeCandidate:b32d7882-88db-4fe6-9cca-6a25122d474d
2019-10-17 02:15:04,399 [grpc-default-executor-0] INFO  impl.RoleInfo (RoleInfo.java:shutdownFollowerState(121)) - a6b2ebfb-69a0-457c-b6cd-a50cc148b564: shutdown FollowerState
2019-10-17 02:15:04,399 [grpc-default-executor-0] INFO  impl.RoleInfo (RoleInfo.java:updateAndGet(143)) - a6b2ebfb-69a0-457c-b6cd-a50cc148b564: start FollowerState
2019-10-17 02:15:04,399 [Thread-2923] INFO  impl.FollowerState (FollowerState.java:run(117)) - a6b2ebfb-69a0-457c-b6cd-a50cc148b564@group-896385CD49EE-FollowerState was interrupted: java.lang.InterruptedException: sleep interrupted
2019-10-17 02:15:04,401 [b32d7882-88db-4fe6-9cca-6a25122d474d@group-896385CD49EE-LeaderElection301] INFO  impl.LeaderElection (LeaderElection.java:logAndReturn(56)) - b32d7882-88db-4fe6-9cca-6a25122d474d@group-896385CD49EE-LeaderElection301: Election TIMEOUT; received 0 response(s) [] and 0 exception(s); b32d7882-88db-4fe6-9cca-6a25122d474d@group-896385CD49EE:t253, leader=null, voted=b32d7882-88db-4fe6-9cca-6a25122d474d, raftlog=b32d7882-88db-4fe6-9cca-6a25122d474d@group-896385CD49EE-SegmentedRaftLog:OPENED:c-1,f-1,i0, conf=-1: [b32d7882-88db-4fe6-9cca-6a25122d474d:192.168.157.194:42206, 3aea292b-16fb-4e9b-be90-828afa8e8047:192.168.157.194:34569, a6b2ebfb-69a0-457c-b6cd-a50cc148b564:192.168.157.194:37298], old=null
2019-10-17 02:15:04,401 [grpc-default-executor-2] INFO  impl.RaftServerImpl (RaftServerImpl.java:setRole(184)) - 3aea292b-16fb-4e9b-be90-828afa8e8047@group-896385CD49EE: changes role from  FOLLOWER to FOLLOWER at term 253 for recognizeCandidate:b32d7882-88db-4fe6-9cca-6a25122d474d
2019-10-17 02:15:04,401 [grpc-default-executor-2] INFO  impl.RoleInfo (RoleInfo.java:shutdownFollowerState(121)) - 3aea292b-16fb-4e9b-be90-828afa8e8047: shutdown FollowerState
2019-10-17 02:15:04,402 [grpc-default-executor-2] INFO  impl.RoleInfo (RoleInfo.java:updateAndGet(143)) - 3aea292b-16fb-4e9b-be90-828afa8e8047: start FollowerState
2019-10-17 02:15:04,402 [Thread-2922] INFO  impl.FollowerState (FollowerState.java:run(117)) - 3aea292b-16fb-4e9b-be90-828afa8e8047@group-896385CD49EE-FollowerState was interrupted: java.lang.InterruptedException: sleep interrupted
2019-10-17 02:15:04,416 [b32d7882-88db-4fe6-9cca-6a25122d474d@group-896385CD49EE-LeaderElection301] INFO  impl.LeaderElection (LeaderElection.java:askForVotes(178)) - b32d7882-88db-4fe6-9cca-6a25122d474d@group-896385CD49EE-LeaderElection301: begin an election at term 254 for -1: [b32d7882-88db-4fe6-9cca-6a25122d474d:192.168.157.194:42206, 3aea292b-16fb-4e9b-be90-828afa8e8047:192.168.157.194:34569, a6b2ebfb-69a0-457c-b6cd-a50cc148b564:192.168.157.194:37298], old=null
2019-10-17 02:15:04,417 [grpc-default-executor-2] INFO  impl.RaftServerImpl (RaftServerImpl.java:setRole(184)) - 3aea292b-16fb-4e9b-be90-828afa8e8047@group-896385CD49EE: changes role from  FOLLOWER to FOLLOWER at term 254 for recognizeCandidate:b32d7882-88db-4fe6-9cca-6a25122d474d
2019-10-17 02:15:04,417 [grpc-default-executor-2] INFO  impl.RoleInfo (RoleInfo.java:shutdownFollowerState(121)) - 3aea292b-16fb-4e9b-be90-828afa8e8047: shutdown FollowerState
2019-10-17 02:15:04,417 [grpc-default-executor-2] INFO  impl.RoleInfo (RoleInfo.java:updateAndGet(143)) - 3aea292b-16fb-4e9b-be90-828afa8e8047: start FollowerState
2019-10-17 02:15:04,417 [Thread-2929] INFO  impl.FollowerState (FollowerState.java:run(117)) - 3aea292b-16fb-4e9b-be90-828afa8e8047@group-896385CD49EE-FollowerState was interrupted: java.lang.InterruptedException: sleep interrupted
2019-10-17 02:15:04,418 [grpc-default-executor-0] INFO  impl.RaftServerImpl (RaftServerImpl.java:setRole(184)) - a6b2ebfb-69a0-457c-b6cd-a50cc148b564@group-896385CD49EE: changes role from  FOLLOWER to FOLLOWER at term 254 for recognizeCandidate:b32d7882-88db-4fe6-9cca-6a25122d474d
2019-10-17 02:15:04,418 [grpc-default-executor-0] INFO  impl.RoleInfo (RoleInfo.java:shutdownFollowerState(121)) - a6b2ebfb-69a0-457c-b6cd-a50cc148b564: shutdown FollowerState
2019-10-17 02:15:04,418 [grpc-default-executor-0] INFO  impl.RoleInfo (RoleInfo.java:updateAndGet(143)) - a6b2ebfb-69a0-457c-b6cd-a50cc148b564: start FollowerState
2019-10-17 02:15:04,418 [Thread-2928] INFO  impl.FollowerState (FollowerState.java:run(117)) - a6b2ebfb-69a0-457c-b6cd-a50cc148b564@group-896385CD49EE-FollowerState was interrupted: java.lang.InterruptedException: sleep interrupted
2019-10-17 02:15:04,426 [b32d7882-88db-4fe6-9cca-6a25122d474d@group-896385CD49EE-LeaderElection301] INFO  impl.LeaderElection (LeaderElection.java:logAndReturn(56)) - b32d7882-88db-4fe6-9cca-6a25122d474d@group-896385CD49EE-LeaderElection301: Election REJECTED; received 2 response(s) [b32d7882-88db-4fe6-9cca-6a25122d474d<-3aea292b-16fb-4e9b-be90-828afa8e8047#0:FAIL-t254, b32d7882-88db-4fe6-9cca-6a25122d474d<-a6b2ebfb-69a0-457c-b6cd-a50cc148b564#0:FAIL-t254] and 0 exception(s); b32d7882-88db-4fe6-9cca-6a25122d474d@group-896385CD49EE:t254, leader=null, voted=b32d7882-88db-4fe6-9cca-6a25122d474d, raftlog=b32d7882-88db-4fe6-9cca-6a25122d474d@group-896385CD49EE-SegmentedRaftLog:OPENED:c-1,f-1,i0, conf=-1: [b32d7882-88db-4fe6-9cca-6a25122d474d:192.168.157.194:42206, 3aea292b-16fb-4e9b-be90-828afa8e8047:192.168.157.194:34569, a6b2ebfb-69a0-457c-b6cd-a50cc148b564:192.168.157.194:37298], old=null
2019-10-17 02:15:04,426 [b32d7882-88db-4fe6-9cca-6a25122d474d@group-896385CD49EE-LeaderElection301] INFO  impl.RaftServerImpl (RaftServerImpl.java:setRole(184)) - b32d7882-88db-4fe6-9cca-6a25122d474d@group-896385CD49EE: changes role from CANDIDATE to FOLLOWER at term 254 for DISCOVERED_A_NEW_TERM
2019-10-17 02:15:04,426 [b32d7882-88db-4fe6-9cca-6a25122d474d@group-896385CD49EE-LeaderElection301] INFO  impl.RoleInfo (RoleInfo.java:shutdownLeaderElection(134)) - b32d7882-88db-4fe6-9cca-6a25122d474d: shutdown LeaderElection
2019-10-17 02:15:04,426 [b32d7882-88db-4fe6-9cca-6a25122d474d@group-896385CD49EE-LeaderElection301] INFO  impl.RoleInfo (RoleInfo.java:updateAndGet(143)) - b32d7882-88db-4fe6-9cca-6a25122d474d: start FollowerState
2019-10-17 02:15:04,548 [Thread-2934] INFO  impl.FollowerState (FollowerState.java:run(108)) - b32d7882-88db-4fe6-9cca-6a25122d474d@group-896385CD49EE-FollowerState: change to CANDIDATE, lastRpcTime:121ms, electionTimeout:121ms
2019-10-17 02:15:04,548 [Thread-2934] INFO  impl.RoleInfo (RoleInfo.java:shutdownFollowerState(121)) - b32d7882-88db-4fe6-9cca-6a25122d474d: shutdown FollowerState
2019-10-17 02:15:04,548 [Thread-2934] INFO  impl.RaftServerImpl (RaftServerImpl.java:setRole(184)) - b32d7882-88db-4fe6-9cca-6a25122d474d@group-896385CD49EE: changes role from  FOLLOWER to CANDIDATE at term 254 for changeToCandidate
2019-10-17 02:15:04,548 [Thread-2934] INFO  impl.RoleInfo (RoleInfo.java:updateAndGet(143)) - b32d7882-88db-4fe6-9cca-6a25122d474d: start LeaderElection
2019-10-17 02:15:04,562 [b32d7882-88db-4fe6-9cca-6a25122d474d@group-896385CD49EE-LeaderElection302] INFO  impl.LeaderElection (LeaderElection.java:askForVotes(178)) - b32d7882-88db-4fe6-9cca-6a25122d474d@group-896385CD49EE-LeaderElection302: begin an election at term 255 for -1: [b32d7882-88db-4fe6-9cca-6a25122d474d:192.168.157.194:42206, 3aea292b-16fb-4e9b-be90-828afa8e8047:192.168.157.194:34569, a6b2ebfb-69a0-457c-b6cd-a50cc148b564:192.168.157.194:37298], old=null
2019-10-17 02:15:04,564 [grpc-default-executor-2] INFO  impl.RaftServerImpl (RaftServerImpl.java:setRole(184)) - 3aea292b-16fb-4e9b-be90-828afa8e8047@group-896385CD49EE: changes role from  FOLLOWER to FOLLOWER at term 255 for recognizeCandidate:b32d7882-88db-4fe6-9cca-6a25122d474d
2019-10-17 02:15:04,564 [grpc-default-executor-0] INFO  impl.RaftServerImpl (RaftServerImpl.java:setRole(184)) - a6b2ebfb-69a0-457c-b6cd-a50cc148b564@group-896385CD49EE: changes role from  FOLLOWER to FOLLOWER at term 255 for recognizeCandidate:b32d7882-88db-4fe6-9cca-6a25122d474d
2019-10-17 02:15:04,565 [grpc-default-executor-0] INFO  impl.RoleInfo (RoleInfo.java:shutdownFollowerState(121)) - a6b2ebfb-69a0-457c-b6cd-a50cc148b564: shutdown FollowerState
2019-10-17 02:15:04,564 [grpc-default-executor-2] INFO  impl.RoleInfo (RoleInfo.java:shutdownFollowerState(121)) - 3aea292b-16fb-4e9b-be90-828afa8e8047: shutdown FollowerState
2019-10-17 02:15:04,565 [Thread-2933] INFO  impl.FollowerState (FollowerState.java:run(117)) - a6b2ebfb-69a0-457c-b6cd-a50cc148b564@group-896385CD49EE-FollowerState was interrupted: java.lang.InterruptedException: sleep interrupted
2019-10-17 02:15:04,565 [grpc-default-executor-0] INFO  impl.RoleInfo (RoleInfo.java:updateAndGet(143)) - a6b2ebfb-69a0-457c-b6cd-a50cc148b564: start FollowerState
2019-10-17 02:15:04,565 [Thread-2932] INFO  impl.FollowerState (FollowerState.java:run(117)) - 3aea292b-16fb-4e9b-be90-828afa8e8047@group-896385CD49EE-FollowerState was interrupted: java.lang.InterruptedException: sleep interrupted
2019-10-17 02:15:04,565 [grpc-default-executor-2] INFO  impl.RoleInfo (RoleInfo.java:updateAndGet(143)) - 3aea292b-16fb-4e9b-be90-828afa8e8047: start FollowerState
2019-10-17 02:15:04,580 [b32d7882-88db-4fe6-9cca-6a25122d474d@group-896385CD49EE-LeaderElection302] INFO  impl.LeaderElection (LeaderElection.java:logAndReturn(56)) - b32d7882-88db-4fe6-9cca-6a25122d474d@group-896385CD49EE-LeaderElection302: Election REJECTED; received 2 response(s) [b32d7882-88db-4fe6-9cca-6a25122d474d<-3aea292b-16fb-4e9b-be90-828afa8e8047#0:FAIL-t255, b32d7882-88db-4fe6-9cca-6a25122d474d<-a6b2ebfb-69a0-457c-b6cd-a50cc148b564#0:FAIL-t255] and 0 exception(s); b32d7882-88db-4fe6-9cca-6a25122d474d@group-896385CD49EE:t255, leader=null, voted=b32d7882-88db-4fe6-9cca-6a25122d474d, raftlog=b32d7882-88db-4fe6-9cca-6a25122d474d@group-896385CD49EE-SegmentedRaftLog:OPENED:c-1,f-1,i0, conf=-1: [b32d7882-88db-4fe6-9cca-6a25122d474d:192.168.157.194:42206, 3aea292b-16fb-4e9b-be90-828afa8e8047:192.168.157.194:34569, a6b2ebfb-69a0-457c-b6cd-a50cc148b564:192.168.157.194:37298], old=null
2019-10-17 02:15:04,581 [b32d7882-88db-4fe6-9cca-6a25122d474d@group-896385CD49EE-LeaderElection302] INFO  impl.RaftServerImpl (RaftServerImpl.java:setRole(184)) - b32d7882-88db-4fe6-9cca-6a25122d474d@group-896385CD49EE: changes role from CANDIDATE to FOLLOWER at term 255 for DISCOVERED_A_NEW_TERM
2019-10-17 02:15:04,581 [b32d7882-88db-4fe6-9cca-6a25122d474d@group-896385CD49EE-LeaderElection302] INFO  impl.RoleInfo (RoleInfo.java:shutdownLeaderElection(134)) - b32d7882-88db-4fe6-9cca-6a25122d474d: shutdown LeaderElection
2019-10-17 02:15:04,581 [b32d7882-88db-4fe6-9cca-6a25122d474d@group-896385CD49EE-LeaderElection302] INFO  impl.RoleInfo (RoleInfo.java:updateAndGet(143)) - b32d7882-88db-4fe6-9cca-6a25122d474d: start FollowerState
2019-10-17 02:15:04,693 [Thread-2940] INFO  impl.FollowerState (FollowerState.java:run(108)) - b32d7882-88db-4fe6-9cca-6a25122d474d@group-896385CD49EE-FollowerState: change to CANDIDATE, lastRpcTime:112ms, electionTimeout:112ms
2019-10-17 02:15:04,694 [Thread-2940] INFO  impl.RoleInfo (RoleInfo.java:shutdownFollowerState(121)) - b32d7882-88db-4fe6-9cca-6a25122d474d: shutdown FollowerState
2019-10-17 02:15:04,694 [Thread-2940] INFO  impl.RaftServerImpl (RaftServerImpl.java:setRole(184)) - b32d7882-88db-4fe6-9cca-6a25122d474d@group-896385CD49EE: changes role from  FOLLOWER to CANDIDATE at term 255 for changeToCandidate
2019-10-17 02:15:04,694 [Thread-2940] INFO  impl.RoleInfo (RoleInfo.java:updateAndGet(143)) - b32d7882-88db-4fe6-9cca-6a25122d474d: start LeaderElection
2019-10-17 02:15:04,706 [b32d7882-88db-4fe6-9cca-6a25122d474d@group-896385CD49EE-LeaderElection303] INFO  impl.LeaderElection (LeaderElection.java:askForVotes(178)) - b32d7882-88db-4fe6-9cca-6a25122d474d@group-896385CD49EE-LeaderElection303: begin an election at term 256 for -1: [b32d7882-88db-4fe6-9cca-6a25122d474d:192.168.157.194:42206, 3aea292b-16fb-4e9b-be90-828afa8e8047:192.168.157.194:34569, a6b2ebfb-69a0-457c-b6cd-a50cc148b564:192.168.157.194:37298], old=null
2019-10-17 02:15:04,708 [grpc-default-executor-0] INFO  impl.RaftServerImpl (RaftServerImpl.java:setRole(184)) - 3aea292b-16fb-4e9b-be90-828afa8e8047@group-896385CD49EE: changes role from  FOLLOWER to FOLLOWER at term 256 for recognizeCandidate:b32d7882-88db-4fe6-9cca-6a25122d474d
2019-10-17 02:15:04,708 [grpc-default-executor-2] INFO  impl.RaftServerImpl (RaftServerImpl.java:setRole(184)) - a6b2ebfb-69a0-457c-b6cd-a50cc148b564@group-896385CD49EE: changes role from  FOLLOWER to FOLLOWER at term 256 for recognizeCandidate:b32d7882-88db-4fe6-9cca-6a25122d474d
2019-10-17 02:15:04,709 [grpc-default-executor-2] INFO  impl.RoleInfo (RoleInfo.java:shutdownFollowerState(121)) - a6b2ebfb-69a0-457c-b6cd-a50cc148b564: shutdown FollowerState
2019-10-17 02:15:04,708 [grpc-default-executor-0] INFO  impl.RoleInfo (RoleInfo.java:shutdownFollowerState(121)) - 3aea292b-16fb-4e9b-be90-828afa8e8047: shutdown FollowerState
2019-10-17 02:15:04,709 [Thread-2938] INFO  impl.FollowerState (FollowerState.java:run(117)) - a6b2ebfb-69a0-457c-b6cd-a50cc148b564@group-896385CD49EE-FollowerState was interrupted: java.lang.InterruptedException: sleep interrupted
2019-10-17 02:15:04,709 [Thread-2939] INFO  impl.FollowerState (FollowerState.java:run(117)) - 3aea292b-16fb-4e9b-be90-828afa8e8047@group-896385CD49EE-FollowerState was interrupted: java.lang.InterruptedException: sleep interrupted
2019-10-17 02:15:04,709 [grpc-default-executor-2] INFO  impl.RoleInfo (RoleInfo.java:updateAndGet(143)) - a6b2ebfb-69a0-457c-b6cd-a50cc148b564: start FollowerState
2019-10-17 02:15:04,709 [grpc-default-executor-0] INFO  impl.RoleInfo (RoleInfo.java:updateAndGet(143)) - 3aea292b-16fb-4e9b-be90-828afa8e8047: start FollowerState
2019-10-17 02:15:04,727 [b32d7882-88db-4fe6-9cca-6a25122d474d@group-896385CD49EE-LeaderElection303] INFO  impl.LeaderElection (LeaderElection.java:logAndReturn(56)) - b32d7882-88db-4fe6-9cca-6a25122d474d@group-896385CD49EE-LeaderElection303: Election REJECTED; received 2 response(s) [b32d7882-88db-4fe6-9cca-6a25122d474d<-3aea292b-16fb-4e9b-be90-828afa8e8047#0:FAIL-t256, b32d7882-88db-4fe6-9cca-6a25122d474d<-a6b2ebfb-69a0-457c-b6cd-a50cc148b564#0:FAIL-t256] and 0 exception(s); b32d7882-88db-4fe6-9cca-6a25122d474d@group-896385CD49EE:t256, leader=null, voted=b32d7882-88db-4fe6-9cca-6a25122d474d, raftlog=b32d7882-88db-4fe6-9cca-6a25122d474d@group-896385CD49EE-SegmentedRaftLog:OPENED:c-1,f-1,i0, conf=-1: [b32d7882-88db-4fe6-9cca-6a25122d474d:192.168.157.194:42206, 3aea292b-16fb-4e9b-be90-828afa8e8047:192.168.157.194:34569, a6b2ebfb-69a0-457c-b6cd-a50cc148b564:192.168.157.194:37298], old=null
2019-10-17 02:15:04,728 [b32d7882-88db-4fe6-9cca-6a25122d474d@group-896385CD49EE-LeaderElection303] INFO  impl.RaftServerImpl (RaftServerImpl.java:setRole(184)) - b32d7882-88db-4fe6-9cca-6a25122d474d@group-896385CD49EE: changes role from CANDIDATE to FOLLOWER at term 256 for DISCOVERED_A_NEW_TERM
2019-10-17 02:15:04,728 [b32d7882-88db-4fe6-9cca-6a25122d474d@group-896385CD49EE-LeaderElection303] INFO  impl.RoleInfo (RoleInfo.java:shutdownLeaderElection(134)) - b32d7882-88db-4fe6-9cca-6a25122d474d: shutdown LeaderElection
2019-10-17 02:15:04,728 [b32d7882-88db-4fe6-9cca-6a25122d474d@group-896385CD49EE-LeaderElection303] INFO  impl.RoleInfo (RoleInfo.java:updateAndGet(143)) - b32d7882-88db-4fe6-9cca-6a25122d474d: start FollowerState
2019-10-17 02:15:04,912 [Thread-2946] INFO  impl.FollowerState (FollowerState.java:run(108)) - b32d7882-88db-4fe6-9cca-6a25122d474d@group-896385CD49EE-FollowerState: change to CANDIDATE, lastRpcTime:184ms, electionTimeout:184ms
2019-10-17 02:15:04,912 [Thread-2946] INFO  impl.RoleInfo (RoleInfo.java:shutdownFollowerState(121)) - b32d7882-88db-4fe6-9cca-6a25122d474d: shutdown FollowerState
2019-10-17 02:15:04,912 [Thread-2946] INFO  impl.RaftServerImpl (RaftServerImpl.java:setRole(184)) - b32d7882-88db-4fe6-9cca-6a25122d474d@group-896385CD49EE: changes role from  FOLLOWER to CANDIDATE at term 256 for changeToCandidate
2019-10-17 02:15:04,913 [Thread-2946] INFO  impl.RoleInfo (RoleInfo.java:updateAndGet(143)) - b32d7882-88db-4fe6-9cca-6a25122d474d: start LeaderElection
2019-10-17 02:15:04,927 [b32d7882-88db-4fe6-9cca-6a25122d474d@group-896385CD49EE-LeaderElection304] INFO  impl.LeaderElection (LeaderElection.java:askForVotes(178)) - b32d7882-88db-4fe6-9cca-6a25122d474d@group-896385CD49EE-LeaderElection304: begin an election at term 257 for -1: [b32d7882-88db-4fe6-9cca-6a25122d474d:192.168.157.194:42206, 3aea292b-16fb-4e9b-be90-828afa8e8047:192.168.157.194:34569, a6b2ebfb-69a0-457c-b6cd-a50cc148b564:192.168.157.194:37298], old=null
2019-10-17 02:15:04,929 [grpc-default-executor-2] INFO  impl.RaftServerImpl (RaftServerImpl.java:setRole(184)) - 3aea292b-16fb-4e9b-be90-828afa8e8047@group-896385CD49EE: changes role from  FOLLOWER to FOLLOWER at term 257 for recognizeCandidate:b32d7882-88db-4fe6-9cca-6a25122d474d
2019-10-17 02:15:04,929 [grpc-default-executor-2] INFO  impl.RoleInfo (RoleInfo.java:shutdownFollowerState(121)) - 3aea292b-16fb-4e9b-be90-828afa8e8047: shutdown FollowerState
2019-10-17 02:15:04,929 [grpc-default-executor-0] INFO  impl.RaftServerImpl (RaftServerImpl.java:setRole(184)) - a6b2ebfb-69a0-457c-b6cd-a50cc148b564@group-896385CD49EE: changes role from  FOLLOWER to FOLLOWER at term 257 for recognizeCandidate:b32d7882-88db-4fe6-9cca-6a25122d474d
2019-10-17 02:15:04,929 [Thread-2945] INFO  impl.FollowerState (FollowerState.java:run(117)) - 3aea292b-16fb-4e9b-be90-828afa8e8047@group-896385CD49EE-FollowerState was interrupted: java.lang.InterruptedException: sleep interrupted
2019-10-17 02:15:04,929 [grpc-default-executor-2] INFO  impl.RoleInfo (RoleInfo.java:updateAndGet(143)) - 3aea292b-16fb-4e9b-be90-828afa8e8047: start FollowerState
2019-10-17 02:15:04,929 [grpc-default-executor-0] INFO  impl.RoleInfo (RoleInfo.java:shutdownFollowerState(121)) - a6b2ebfb-69a0-457c-b6cd-a50cc148b564: shutdown FollowerState
2019-10-17 02:15:04,930 [grpc-default-executor-0] INFO  impl.RoleInfo (RoleInfo.java:updateAndGet(143)) - a6b2ebfb-69a0-457c-b6cd-a50cc148b564: start FollowerState
2019-10-17 02:15:04,930 [Thread-2944] INFO  impl.FollowerState (FollowerState.java:run(117)) - a6b2ebfb-69a0-457c-b6cd-a50cc148b564@group-896385CD49EE-FollowerState was interrupted: java.lang.InterruptedException: sleep interrupted
2019-10-17 02:15:04,944 [b32d7882-88db-4fe6-9cca-6a25122d474d@group-896385CD49EE-LeaderElection304] INFO  impl.LeaderElection (LeaderElection.java:logAndReturn(56)) - b32d7882-88db-4fe6-9cca-6a25122d474d@group-896385CD49EE-LeaderElection304: Election REJECTED; received 2 response(s) [b32d7882-88db-4fe6-9cca-6a25122d474d<-3aea292b-16fb-4e9b-be90-828afa8e8047#0:FAIL-t257, b32d7882-88db-4fe6-9cca-6a25122d474d<-a6b2ebfb-69a0-457c-b6cd-a50cc148b564#0:FAIL-t257] and 0 exception(s); b32d7882-88db-4fe6-9cca-6a25122d474d@group-896385CD49EE:t257, leader=null, voted=b32d7882-88db-4fe6-9cca-6a25122d474d, raftlog=b32d7882-88db-4fe6-9cca-6a25122d474d@group-896385CD49EE-SegmentedRaftLog:OPENED:c-1,f-1,i0, conf=-1: [b32d7882-88db-4fe6-9cca-6a25122d474d:192.168.157.194:42206, 3aea292b-16fb-4e9b-be90-828afa8e8047:192.168.157.194:34569, a6b2ebfb-69a0-457c-b6cd-a50cc148b564:192.168.157.194:37298], old=null
2019-10-17 02:15:04,944 [b32d7882-88db-4fe6-9cca-6a25122d474d@group-896385CD49EE-LeaderElection304] INFO  impl.RaftServerImpl (RaftServerImpl.java:setRole(184)) - b32d7882-88db-4fe6-9cca-6a25122d474d@group-896385CD49EE: changes role from CANDIDATE to FOLLOWER at term 257 for DISCOVERED_A_NEW_TERM
2019-10-17 02:15:04,944 [b32d7882-88db-4fe6-9cca-6a25122d474d@group-896385CD49EE-LeaderElection304] INFO  impl.RoleInfo (RoleInfo.java:shutdownLeaderElection(134)) - b32d7882-88db-4fe6-9cca-6a25122d474d: shutdown LeaderElection
2019-10-17 02:15:04,944 [b32d7882-88db-4fe6-9cca-6a25122d474d@group-896385CD49EE-LeaderElection304] INFO  impl.RoleInfo (RoleInfo.java:updateAndGet(143)) - b32d7882-88db-4fe6-9cca-6a25122d474d: start FollowerState
2019-10-17 02:15:05,060 [Thread-2952] INFO  impl.FollowerState (FollowerState.java:run(108)) - b32d7882-88db-4fe6-9cca-6a25122d474d@group-896385CD49EE-FollowerState: change to CANDIDATE, lastRpcTime:115ms, electionTimeout:115ms
2019-10-17 02:15:05,061 [Thread-2952] INFO  impl.RoleInfo (RoleInfo.java:shutdownFollowerState(121)) - b32d7882-88db-4fe6-9cca-6a25122d474d: shutdown FollowerState
2019-10-17 02:15:05,061 [Thread-2952] INFO  impl.RaftServerImpl (RaftServerImpl.java:setRole(184)) - b32d7882-88db-4fe6-9cca-6a25122d474d@group-896385CD49EE: changes role from  FOLLOWER to CANDIDATE at term 257 for changeToCandidate
2019-10-17 02:15:05,061 [Thread-2952] INFO  impl.RoleInfo (RoleInfo.java:updateAndGet(143)) - b32d7882-88db-4fe6-9cca-6a25122d474d: start LeaderElection
2019-10-17 02:15:05,074 [b32d7882-88db-4fe6-9cca-6a25122d474d@group-896385CD49EE-LeaderElection305] INFO  impl.LeaderElection (LeaderElection.java:askForVotes(178)) - b32d7882-88db-4fe6-9cca-6a25122d474d@group-896385CD49EE-LeaderElection305: begin an election at term 258 for -1: [b32d7882-88db-4fe6-9cca-6a25122d474d:192.168.157.194:42206, 3aea292b-16fb-4e9b-be90-828afa8e8047:192.168.157.194:34569, a6b2ebfb-69a0-457c-b6cd-a50cc148b564:192.168.157.194:37298], old=null
2019-10-17 02:15:05,076 [grpc-default-executor-2] INFO  impl.RaftServerImpl (RaftServerImpl.java:setRole(184)) - 3aea292b-16fb-4e9b-be90-828afa8e8047@group-896385CD49EE: changes role from  FOLLOWER to FOLLOWER at term 258 for recognizeCandidate:b32d7882-88db-4fe6-9cca-6a25122d474d
2019-10-17 02:15:05,076 [grpc-default-executor-2] INFO  impl.RoleInfo (RoleInfo.java:shutdownFollowerState(121)) - 3aea292b-16fb-4e9b-be90-828afa8e8047: shutdown FollowerState
2019-10-17 02:15:05,076 [grpc-default-executor-2] INFO  impl.RoleInfo (RoleInfo.java:updateAndGet(143)) - 3aea292b-16fb-4e9b-be90-828afa8e8047: start FollowerState
2019-10-17 02:15:05,076 [grpc-default-executor-0] INFO  impl.RaftServerImpl (RaftServerImpl.java:setRole(184)) - a6b2ebfb-69a0-457c-b6cd-a50cc148b564@group-896385CD49EE: changes role from  FOLLOWER to FOLLOWER at term 258 for recognizeCandidate:b32d7882-88db-4fe6-9cca-6a25122d474d
2019-10-17 02:15:05,077 [grpc-default-executor-0] INFO  impl.RoleInfo (RoleInfo.java:shutdownFollowerState(121)) - a6b2ebfb-69a0-457c-b6cd-a50cc148b564: shutdown FollowerState
2019-10-17 02:15:05,076 [Thread-2950] INFO  impl.FollowerState (FollowerState.java:run(117)) - 3aea292b-16fb-4e9b-be90-828afa8e8047@group-896385CD49EE-FollowerState was interrupted: java.lang.InterruptedException: sleep interrupted
2019-10-17 02:15:05,077 [Thread-2951] INFO  impl.FollowerState (FollowerState.java:run(117)) - a6b2ebfb-69a0-457c-b6cd-a50cc148b564@group-896385CD49EE-FollowerState was interrupted: java.lang.InterruptedException: sleep interrupted
2019-10-17 02:15:05,077 [grpc-default-executor-0] INFO  impl.RoleInfo (RoleInfo.java:updateAndGet(143)) - a6b2ebfb-69a0-457c-b6cd-a50cc148b564: start FollowerState
2019-10-17 02:15:05,090 [b32d7882-88db-4fe6-9cca-6a25122d474d@group-896385CD49EE-LeaderElection305] INFO  impl.LeaderElection (LeaderElection.java:logAndReturn(56)) - b32d7882-88db-4fe6-9cca-6a25122d474d@group-896385CD49EE-LeaderElection305: Election REJECTED; received 2 response(s) [b32d7882-88db-4fe6-9cca-6a25122d474d<-3aea292b-16fb-4e9b-be90-828afa8e8047#0:FAIL-t258, b32d7882-88db-4fe6-9cca-6a25122d474d<-a6b2ebfb-69a0-457c-b6cd-a50cc148b564#0:FAIL-t258] and 0 exception(s); b32d7882-88db-4fe6-9cca-6a25122d474d@group-896385CD49EE:t258, leader=null, voted=b32d7882-88db-4fe6-9cca-6a25122d474d, raftlog=b32d7882-88db-4fe6-9cca-6a25122d474d@group-896385CD49EE-SegmentedRaftLog:OPENED:c-1,f-1,i0, conf=-1: [b32d7882-88db-4fe6-9cca-6a25122d474d:192.168.157.194:42206, 3aea292b-16fb-4e9b-be90-828afa8e8047:192.168.157.194:34569, a6b2ebfb-69a0-457c-b6cd-a50cc148b564:192.168.157.194:37298], old=null
2019-10-17 02:15:05,090 [b32d7882-88db-4fe6-9cca-6a25122d474d@group-896385CD49EE-LeaderElection305] INFO  impl.RaftServerImpl (RaftServerImpl.java:setRole(184)) - b32d7882-88db-4fe6-9cca-6a25122d474d@group-896385CD49EE: changes role from CANDIDATE to FOLLOWER at term 258 for DISCOVERED_A_NEW_TERM
2019-10-17 02:15:05,091 [b32d7882-88db-4fe6-9cca-6a25122d474d@group-896385CD49EE-LeaderElection305] INFO  impl.RoleInfo (RoleInfo.java:shutdownLeaderElection(134)) - b32d7882-88db-4fe6-9cca-6a25122d474d: shutdown LeaderElection
2019-10-17 02:15:05,091 [b32d7882-88db-4fe6-9cca-6a25122d474d@group-896385CD49EE-LeaderElection305] INFO  impl.RoleInfo (RoleInfo.java:updateAndGet(143)) - b32d7882-88db-4fe6-9cca-6a25122d474d: start FollowerState
2019-10-17 02:15:05,167 [main] INFO  ozone.MiniOzoneClusterImpl (MiniOzoneClusterImpl.java:lambda$waitForClusterToBeReady$2(164)) - Waiting for 1 number of pipelines out of 4, to report a leader.
2019-10-17 02:15:05,170 [Thread-2958] INFO  impl.FollowerState (FollowerState.java:run(108)) - b32d7882-88db-4fe6-9cca-6a25122d474d@group-896385CD49EE-FollowerState: change to CANDIDATE, lastRpcTime:79ms, electionTimeout:79ms
2019-10-17 02:15:05,170 [Thread-2958] INFO  impl.RoleInfo (RoleInfo.java:shutdownFollowerState(121)) - b32d7882-88db-4fe6-9cca-6a25122d474d: shutdown FollowerState
2019-10-17 02:15:05,170 [Thread-2958] INFO  impl.RaftServerImpl (RaftServerImpl.java:setRole(184)) - b32d7882-88db-4fe6-9cca-6a25122d474d@group-896385CD49EE: changes role from  FOLLOWER to CANDIDATE at term 258 for changeToCandidate
2019-10-17 02:15:05,171 [Thread-2958] INFO  impl.RoleInfo (RoleInfo.java:updateAndGet(143)) - b32d7882-88db-4fe6-9cca-6a25122d474d: start LeaderElection
2019-10-17 02:15:05,185 [b32d7882-88db-4fe6-9cca-6a25122d474d@group-896385CD49EE-LeaderElection306] INFO  impl.LeaderElection (LeaderElection.java:askForVotes(178)) - b32d7882-88db-4fe6-9cca-6a25122d474d@group-896385CD49EE-LeaderElection306: begin an election at term 259 for -1: [b32d7882-88db-4fe6-9cca-6a25122d474d:192.168.157.194:42206, 3aea292b-16fb-4e9b-be90-828afa8e8047:192.168.157.194:34569, a6b2ebfb-69a0-457c-b6cd-a50cc148b564:192.168.157.194:37298], old=null
2019-10-17 02:15:05,187 [grpc-default-executor-0] INFO  impl.RaftServerImpl (RaftServerImpl.java:setRole(184)) - 3aea292b-16fb-4e9b-be90-828afa8e8047@group-896385CD49EE: changes role from  FOLLOWER to FOLLOWER at term 259 for recognizeCandidate:b32d7882-88db-4fe6-9cca-6a25122d474d
2019-10-17 02:15:05,188 [grpc-default-executor-2] INFO  impl.RaftServerImpl (RaftServerImpl.java:setRole(184)) - a6b2ebfb-69a0-457c-b6cd-a50cc148b564@group-896385CD49EE: changes role from  FOLLOWER to FOLLOWER at term 259 for recognizeCandidate:b32d7882-88db-4fe6-9cca-6a25122d474d
2019-10-17 02:15:05,188 [grpc-default-executor-2] INFO  impl.RoleInfo (RoleInfo.java:shutdownFollowerState(121)) - a6b2ebfb-69a0-457c-b6cd-a50cc148b564: shutdown FollowerState
2019-10-17 02:15:05,188 [grpc-default-executor-0] INFO  impl.RoleInfo (RoleInfo.java:shutdownFollowerState(121)) - 3aea292b-16fb-4e9b-be90-828afa8e8047: shutdown FollowerState
2019-10-17 02:15:05,188 [Thread-2957] INFO  impl.FollowerState (FollowerState.java:run(117)) - a6b2ebfb-69a0-457c-b6cd-a50cc148b564@group-896385CD49EE-FollowerState was interrupted: java.lang.InterruptedException: sleep interrupted
2019-10-17 02:15:05,188 [grpc-default-executor-2] INFO  impl.RoleInfo (RoleInfo.java:updateAndGet(143)) - a6b2ebfb-69a0-457c-b6cd-a50cc148b564: start FollowerState
2019-10-17 02:15:05,188 [Thread-2956] INFO  impl.FollowerState (FollowerState.java:run(117)) - 3aea292b-16fb-4e9b-be90-828afa8e8047@group-896385CD49EE-FollowerState was interrupted: java.lang.InterruptedException: sleep interrupted
2019-10-17 02:15:05,188 [grpc-default-executor-0] INFO  impl.RoleInfo (RoleInfo.java:updateAndGet(143)) - 3aea292b-16fb-4e9b-be90-828afa8e8047: start FollowerState
2019-10-17 02:15:05,203 [b32d7882-88db-4fe6-9cca-6a25122d474d@group-896385CD49EE-LeaderElection306] INFO  impl.LeaderElection (LeaderElection.java:logAndReturn(56)) - b32d7882-88db-4fe6-9cca-6a25122d474d@group-896385CD49EE-LeaderElection306: Election REJECTED; received 2 response(s) [b32d7882-88db-4fe6-9cca-6a25122d474d<-3aea292b-16fb-4e9b-be90-828afa8e8047#0:FAIL-t259, b32d7882-88db-4fe6-9cca-6a25122d474d<-a6b2ebfb-69a0-457c-b6cd-a50cc148b564#0:FAIL-t259] and 0 exception(s); b32d7882-88db-4fe6-9cca-6a25122d474d@group-896385CD49EE:t259, leader=null, voted=b32d7882-88db-4fe6-9cca-6a25122d474d, raftlog=b32d7882-88db-4fe6-9cca-6a25122d474d@group-896385CD49EE-SegmentedRaftLog:OPENED:c-1,f-1,i0, conf=-1: [b32d7882-88db-4fe6-9cca-6a25122d474d:192.168.157.194:42206, 3aea292b-16fb-4e9b-be90-828afa8e8047:192.168.157.194:34569, a6b2ebfb-69a0-457c-b6cd-a50cc148b564:192.168.157.194:37298], old=null
2019-10-17 02:15:05,203 [b32d7882-88db-4fe6-9cca-6a25122d474d@group-896385CD49EE-LeaderElection306] INFO  impl.RaftServerImpl (RaftServerImpl.java:setRole(184)) - b32d7882-88db-4fe6-9cca-6a25122d474d@group-896385CD49EE: changes role from CANDIDATE to FOLLOWER at term 259 for DISCOVERED_A_NEW_TERM
2019-10-17 02:15:05,203 [b32d7882-88db-4fe6-9cca-6a25122d474d@group-896385CD49EE-LeaderElection306] INFO  impl.RoleInfo (RoleInfo.java:shutdownLeaderElection(134)) - b32d7882-88db-4fe6-9cca-6a25122d474d: shutdown LeaderElection
2019-10-17 02:15:05,204 [b32d7882-88db-4fe6-9cca-6a25122d474d@group-896385CD49EE-LeaderElection306] INFO  impl.RoleInfo (RoleInfo.java:updateAndGet(143)) - b32d7882-88db-4fe6-9cca-6a25122d474d: start FollowerState
2019-10-17 02:15:05,210 [Thread-2964] INFO  impl.FollowerState (FollowerState.java:run(108)) - b32d7882-88db-4fe6-9cca-6a25122d474d@group-896385CD49EE-FollowerState: change to CANDIDATE, lastRpcTime:6ms, electionTimeout:6ms
2019-10-17 02:15:05,210 [Thread-2964] INFO  impl.RoleInfo (RoleInfo.java:shutdownFollowerState(121)) - b32d7882-88db-4fe6-9cca-6a25122d474d: shutdown FollowerState
2019-10-17 02:15:05,210 [Thread-2964] INFO  impl.RaftServerImpl (RaftServerImpl.java:setRole(184)) - b32d7882-88db-4fe6-9cca-6a25122d474d@group-896385CD49EE: changes role from  FOLLOWER to CANDIDATE at term 259 for changeToCandidate
2019-10-17 02:15:05,210 [Thread-2964] INFO  impl.RoleInfo (RoleInfo.java:updateAndGet(143)) - b32d7882-88db-4fe6-9cca-6a25122d474d: start LeaderElection
2019-10-17 02:15:05,242 [b32d7882-88db-4fe6-9cca-6a25122d474d@group-896385CD49EE-LeaderElection307] INFO  impl.LeaderElection (LeaderElection.java:askForVotes(178)) - b32d7882-88db-4fe6-9cca-6a25122d474d@group-896385CD49EE-LeaderElection307: begin an election at term 260 for -1: [b32d7882-88db-4fe6-9cca-6a25122d474d:192.168.157.194:42206, 3aea292b-16fb-4e9b-be90-828afa8e8047:192.168.157.194:34569, a6b2ebfb-69a0-457c-b6cd-a50cc148b564:192.168.157.194:37298], old=null
2019-10-17 02:15:05,244 [grpc-default-executor-2] INFO  impl.RaftServerImpl (RaftServerImpl.java:setRole(184)) - 3aea292b-16fb-4e9b-be90-828afa8e8047@group-896385CD49EE: changes role from  FOLLOWER to FOLLOWER at term 260 for recognizeCandidate:b32d7882-88db-4fe6-9cca-6a25122d474d
2019-10-17 02:15:05,244 [grpc-default-executor-2] INFO  impl.RoleInfo (RoleInfo.java:shutdownFollowerState(121)) - 3aea292b-16fb-4e9b-be90-828afa8e8047: shutdown FollowerState
2019-10-17 02:15:05,244 [grpc-default-executor-0] INFO  impl.RaftServerImpl (RaftServerImpl.java:setRole(184)) - a6b2ebfb-69a0-457c-b6cd-a50cc148b564@group-896385CD49EE: changes role from  FOLLOWER to FOLLOWER at term 260 for recognizeCandidate:b32d7882-88db-4fe6-9cca-6a25122d474d
2019-10-17 02:15:05,244 [grpc-default-executor-0] INFO  impl.RoleInfo (RoleInfo.java:shutdownFollowerState(121)) - a6b2ebfb-69a0-457c-b6cd-a50cc148b564: shutdown FollowerState
2019-10-17 02:15:05,244 [Thread-2963] INFO  impl.FollowerState (FollowerState.java:run(117)) - 3aea292b-16fb-4e9b-be90-828afa8e8047@group-896385CD49EE-FollowerState was interrupted: java.lang.InterruptedException: sleep interrupted
2019-10-17 02:15:05,244 [Thread-2962] INFO  impl.FollowerState (FollowerState.java:run(117)) - a6b2ebfb-69a0-457c-b6cd-a50cc148b564@group-896385CD49EE-FollowerState was interrupted: java.lang.InterruptedException: sleep interrupted
2019-10-17 02:15:05,244 [grpc-default-executor-2] INFO  impl.RoleInfo (RoleInfo.java:updateAndGet(143)) - 3aea292b-16fb-4e9b-be90-828afa8e8047: start FollowerState
2019-10-17 02:15:05,244 [grpc-default-executor-0] INFO  impl.RoleInfo (RoleInfo.java:updateAndGet(143)) - a6b2ebfb-69a0-457c-b6cd-a50cc148b564: start FollowerState
2019-10-17 02:15:05,255 [b32d7882-88db-4fe6-9cca-6a25122d474d@group-896385CD49EE-LeaderElection307] INFO  impl.LeaderElection (LeaderElection.java:logAndReturn(56)) - b32d7882-88db-4fe6-9cca-6a25122d474d@group-896385CD49EE-LeaderElection307: Election REJECTED; received 2 response(s) [b32d7882-88db-4fe6-9cca-6a25122d474d<-3aea292b-16fb-4e9b-be90-828afa8e8047#0:FAIL-t260, b32d7882-88db-4fe6-9cca-6a25122d474d<-a6b2ebfb-69a0-457c-b6cd-a50cc148b564#0:FAIL-t260] and 0 exception(s); b32d7882-88db-4fe6-9cca-6a25122d474d@group-896385CD49EE:t260, leader=null, voted=b32d7882-88db-4fe6-9cca-6a25122d474d, raftlog=b32d7882-88db-4fe6-9cca-6a25122d474d@group-896385CD49EE-SegmentedRaftLog:OPENED:c-1,f-1,i0, conf=-1: [b32d7882-88db-4fe6-9cca-6a25122d474d:192.168.157.194:42206, 3aea292b-16fb-4e9b-be90-828afa8e8047:192.168.157.194:34569, a6b2ebfb-69a0-457c-b6cd-a50cc148b564:192.168.157.194:37298], old=null
2019-10-17 02:15:05,255 [b32d7882-88db-4fe6-9cca-6a25122d474d@group-896385CD49EE-LeaderElection307] INFO  impl.RaftServerImpl (RaftServerImpl.java:setRole(184)) - b32d7882-88db-4fe6-9cca-6a25122d474d@group-896385CD49EE: changes role from CANDIDATE to FOLLOWER at term 260 for DISCOVERED_A_NEW_TERM
2019-10-17 02:15:05,255 [b32d7882-88db-4fe6-9cca-6a25122d474d@group-896385CD49EE-LeaderElection307] INFO  impl.RoleInfo (RoleInfo.java:shutdownLeaderElection(134)) - b32d7882-88db-4fe6-9cca-6a25122d474d: shutdown LeaderElection
2019-10-17 02:15:05,255 [b32d7882-88db-4fe6-9cca-6a25122d474d@group-896385CD49EE-LeaderElection307] INFO  impl.RoleInfo (RoleInfo.java:updateAndGet(143)) - b32d7882-88db-4fe6-9cca-6a25122d474d: start FollowerState
2019-10-17 02:15:05,278 [Thread-2970] INFO  impl.FollowerState (FollowerState.java:run(108)) - b32d7882-88db-4fe6-9cca-6a25122d474d@group-896385CD49EE-FollowerState: change to CANDIDATE, lastRpcTime:22ms, electionTimeout:22ms
2019-10-17 02:15:05,278 [Thread-2970] INFO  impl.RoleInfo (RoleInfo.java:shutdownFollowerState(121)) - b32d7882-88db-4fe6-9cca-6a25122d474d: shutdown FollowerState
2019-10-17 02:15:05,278 [Thread-2970] INFO  impl.RaftServerImpl (RaftServerImpl.java:setRole(184)) - b32d7882-88db-4fe6-9cca-6a25122d474d@group-896385CD49EE: changes role from  FOLLOWER to CANDIDATE at term 260 for changeToCandidate
2019-10-17 02:15:05,278 [Thread-2970] INFO  impl.RoleInfo (RoleInfo.java:updateAndGet(143)) - b32d7882-88db-4fe6-9cca-6a25122d474d: start LeaderElection
2019-10-17 02:15:05,291 [b32d7882-88db-4fe6-9cca-6a25122d474d@group-896385CD49EE-LeaderElection308] INFO  impl.LeaderElection (LeaderElection.java:askForVotes(178)) - b32d7882-88db-4fe6-9cca-6a25122d474d@group-896385CD49EE-LeaderElection308: begin an election at term 261 for -1: [b32d7882-88db-4fe6-9cca-6a25122d474d:192.168.157.194:42206, 3aea292b-16fb-4e9b-be90-828afa8e8047:192.168.157.194:34569, a6b2ebfb-69a0-457c-b6cd-a50cc148b564:192.168.157.194:37298], old=null
2019-10-17 02:15:05,293 [grpc-default-executor-2] INFO  impl.RaftServerImpl (RaftServerImpl.java:setRole(184)) - 3aea292b-16fb-4e9b-be90-828afa8e8047@group-896385CD49EE: changes role from  FOLLOWER to FOLLOWER at term 261 for recognizeCandidate:b32d7882-88db-4fe6-9cca-6a25122d474d
2019-10-17 02:15:05,294 [grpc-default-executor-2] INFO  impl.RoleInfo (RoleInfo.java:shutdownFollowerState(121)) - 3aea292b-16fb-4e9b-be90-828afa8e8047: shutdown FollowerState
2019-10-17 02:15:05,294 [grpc-default-executor-2] INFO  impl.RoleInfo (RoleInfo.java:updateAndGet(143)) - 3aea292b-16fb-4e9b-be90-828afa8e8047: start FollowerState
2019-10-17 02:15:05,294 [Thread-2968] INFO  impl.FollowerState (FollowerState.java:run(117)) - 3aea292b-16fb-4e9b-be90-828afa8e8047@group-896385CD49EE-FollowerState was interrupted: java.lang.InterruptedException: sleep interrupted
2019-10-17 02:15:05,294 [grpc-default-executor-0] INFO  impl.RaftServerImpl (RaftServerImpl.java:setRole(184)) - a6b2ebfb-69a0-457c-b6cd-a50cc148b564@group-896385CD49EE: changes role from  FOLLOWER to FOLLOWER at term 261 for recognizeCandidate:b32d7882-88db-4fe6-9cca-6a25122d474d
2019-10-17 02:15:05,294 [grpc-default-executor-0] INFO  impl.RoleInfo (RoleInfo.java:shutdownFollowerState(121)) - a6b2ebfb-69a0-457c-b6cd-a50cc148b564: shutdown FollowerState
2019-10-17 02:15:05,295 [grpc-default-executor-0] INFO  impl.RoleInfo (RoleInfo.java:updateAndGet(143)) - a6b2ebfb-69a0-457c-b6cd-a50cc148b564: start FollowerState
2019-10-17 02:15:05,295 [Thread-2969] INFO  impl.FollowerState (FollowerState.java:run(117)) - a6b2ebfb-69a0-457c-b6cd-a50cc148b564@group-896385CD49EE-FollowerState was interrupted: java.lang.InterruptedException: sleep interrupted
2019-10-17 02:15:05,308 [b32d7882-88db-4fe6-9cca-6a25122d474d@group-896385CD49EE-LeaderElection308] INFO  impl.LeaderElection (LeaderElection.java:logAndReturn(56)) - b32d7882-88db-4fe6-9cca-6a25122d474d@group-896385CD49EE-LeaderElection308: Election REJECTED; received 2 response(s) [b32d7882-88db-4fe6-9cca-6a25122d474d<-3aea292b-16fb-4e9b-be90-828afa8e8047#0:FAIL-t261, b32d7882-88db-4fe6-9cca-6a25122d474d<-a6b2ebfb-69a0-457c-b6cd-a50cc148b564#0:FAIL-t261] and 0 exception(s); b32d7882-88db-4fe6-9cca-6a25122d474d@group-896385CD49EE:t261, leader=null, voted=b32d7882-88db-4fe6-9cca-6a25122d474d, raftlog=b32d7882-88db-4fe6-9cca-6a25122d474d@group-896385CD49EE-SegmentedRaftLog:OPENED:c-1,f-1,i0, conf=-1: [b32d7882-88db-4fe6-9cca-6a25122d474d:192.168.157.194:42206, 3aea292b-16fb-4e9b-be90-828afa8e8047:192.168.157.194:34569, a6b2ebfb-69a0-457c-b6cd-a50cc148b564:192.168.157.194:37298], old=null
2019-10-17 02:15:05,308 [b32d7882-88db-4fe6-9cca-6a25122d474d@group-896385CD49EE-LeaderElection308] INFO  impl.RaftServerImpl (RaftServerImpl.java:setRole(184)) - b32d7882-88db-4fe6-9cca-6a25122d474d@group-896385CD49EE: changes role from CANDIDATE to FOLLOWER at term 261 for DISCOVERED_A_NEW_TERM
2019-10-17 02:15:05,309 [b32d7882-88db-4fe6-9cca-6a25122d474d@group-896385CD49EE-LeaderElection308] INFO  impl.RoleInfo (RoleInfo.java:shutdownLeaderElection(134)) - b32d7882-88db-4fe6-9cca-6a25122d474d: shutdown LeaderElection
2019-10-17 02:15:05,309 [b32d7882-88db-4fe6-9cca-6a25122d474d@group-896385CD49EE-LeaderElection308] INFO  impl.RoleInfo (RoleInfo.java:updateAndGet(143)) - b32d7882-88db-4fe6-9cca-6a25122d474d: start FollowerState
2019-10-17 02:15:05,314 [Thread-2976] INFO  impl.FollowerState (FollowerState.java:run(108)) - b32d7882-88db-4fe6-9cca-6a25122d474d@group-896385CD49EE-FollowerState: change to CANDIDATE, lastRpcTime:5ms, electionTimeout:5ms
2019-10-17 02:15:05,314 [Thread-2976] INFO  impl.RoleInfo (RoleInfo.java:shutdownFollowerState(121)) - b32d7882-88db-4fe6-9cca-6a25122d474d: shutdown FollowerState
2019-10-17 02:15:05,314 [Thread-2976] INFO  impl.RaftServerImpl (RaftServerImpl.java:setRole(184)) - b32d7882-88db-4fe6-9cca-6a25122d474d@group-896385CD49EE: changes role from  FOLLOWER to CANDIDATE at term 261 for changeToCandidate
2019-10-17 02:15:05,315 [Thread-2976] INFO  impl.RoleInfo (RoleInfo.java:updateAndGet(143)) - b32d7882-88db-4fe6-9cca-6a25122d474d: start LeaderElection
2019-10-17 02:15:05,328 [b32d7882-88db-4fe6-9cca-6a25122d474d@group-896385CD49EE-LeaderElection309] INFO  impl.LeaderElection (LeaderElection.java:askForVotes(178)) - b32d7882-88db-4fe6-9cca-6a25122d474d@group-896385CD49EE-LeaderElection309: begin an election at term 262 for -1: [b32d7882-88db-4fe6-9cca-6a25122d474d:192.168.157.194:42206, 3aea292b-16fb-4e9b-be90-828afa8e8047:192.168.157.194:34569, a6b2ebfb-69a0-457c-b6cd-a50cc148b564:192.168.157.194:37298], old=null
2019-10-17 02:15:05,329 [grpc-default-executor-2] INFO  impl.RaftServerImpl (RaftServerImpl.java:setRole(184)) - 3aea292b-16fb-4e9b-be90-828afa8e8047@group-896385CD49EE: changes role from  FOLLOWER to FOLLOWER at term 262 for recognizeCandidate:b32d7882-88db-4fe6-9cca-6a25122d474d
2019-10-17 02:15:05,330 [grpc-default-executor-2] INFO  impl.RoleInfo (RoleInfo.java:shutdownFollowerState(121)) - 3aea292b-16fb-4e9b-be90-828afa8e8047: shutdown FollowerState
2019-10-17 02:15:05,330 [grpc-default-executor-0] INFO  impl.RaftServerImpl (RaftServerImpl.java:setRole(184)) - a6b2ebfb-69a0-457c-b6cd-a50cc148b564@group-896385CD49EE: changes role from  FOLLOWER to FOLLOWER at term 262 for recognizeCandidate:b32d7882-88db-4fe6-9cca-6a25122d474d
2019-10-17 02:15:05,330 [grpc-default-executor-0] INFO  impl.RoleInfo (RoleInfo.java:shutdownFollowerState(121)) - a6b2ebfb-69a0-457c-b6cd-a50cc148b564: shutdown FollowerState
2019-10-17 02:15:05,330 [Thread-2974] INFO  impl.FollowerState (FollowerState.java:run(117)) - 3aea292b-16fb-4e9b-be90-828afa8e8047@group-896385CD49EE-FollowerState was interrupted: java.lang.InterruptedException: sleep interrupted
2019-10-17 02:15:05,330 [grpc-default-executor-2] INFO  impl.RoleInfo (RoleInfo.java:updateAndGet(143)) - 3aea292b-16fb-4e9b-be90-828afa8e8047: start FollowerState
2019-10-17 02:15:05,330 [Thread-2975] INFO  impl.FollowerState (FollowerState.java:run(117)) - a6b2ebfb-69a0-457c-b6cd-a50cc148b564@group-896385CD49EE-FollowerState was interrupted: java.lang.InterruptedException: sleep interrupted
2019-10-17 02:15:05,330 [grpc-default-executor-0] INFO  impl.RoleInfo (RoleInfo.java:updateAndGet(143)) - a6b2ebfb-69a0-457c-b6cd-a50cc148b564: start FollowerState
2019-10-17 02:15:05,344 [b32d7882-88db-4fe6-9cca-6a25122d474d@group-896385CD49EE-LeaderElection309] INFO  impl.LeaderElection (LeaderElection.java:logAndReturn(56)) - b32d7882-88db-4fe6-9cca-6a25122d474d@group-896385CD49EE-LeaderElection309: Election REJECTED; received 2 response(s) [b32d7882-88db-4fe6-9cca-6a25122d474d<-3aea292b-16fb-4e9b-be90-828afa8e8047#0:FAIL-t262, b32d7882-88db-4fe6-9cca-6a25122d474d<-a6b2ebfb-69a0-457c-b6cd-a50cc148b564#0:FAIL-t262] and 0 exception(s); b32d7882-88db-4fe6-9cca-6a25122d474d@group-896385CD49EE:t262, leader=null, voted=b32d7882-88db-4fe6-9cca-6a25122d474d, raftlog=b32d7882-88db-4fe6-9cca-6a25122d474d@group-896385CD49EE-SegmentedRaftLog:OPENED:c-1,f-1,i0, conf=-1: [b32d7882-88db-4fe6-9cca-6a25122d474d:192.168.157.194:42206, 3aea292b-16fb-4e9b-be90-828afa8e8047:192.168.157.194:34569, a6b2ebfb-69a0-457c-b6cd-a50cc148b564:192.168.157.194:37298], old=null
2019-10-17 02:15:05,344 [b32d7882-88db-4fe6-9cca-6a25122d474d@group-896385CD49EE-LeaderElection309] INFO  impl.RaftServerImpl (RaftServerImpl.java:setRole(184)) - b32d7882-88db-4fe6-9cca-6a25122d474d@group-896385CD49EE: changes role from CANDIDATE to FOLLOWER at term 262 for DISCOVERED_A_NEW_TERM
2019-10-17 02:15:05,344 [b32d7882-88db-4fe6-9cca-6a25122d474d@group-896385CD49EE-LeaderElection309] INFO  impl.RoleInfo (RoleInfo.java:shutdownLeaderElection(134)) - b32d7882-88db-4fe6-9cca-6a25122d474d: shutdown LeaderElection
2019-10-17 02:15:05,345 [b32d7882-88db-4fe6-9cca-6a25122d474d@group-896385CD49EE-LeaderElection309] INFO  impl.RoleInfo (RoleInfo.java:updateAndGet(143)) - b32d7882-88db-4fe6-9cca-6a25122d474d: start FollowerState
2019-10-17 02:15:05,456 [Thread-2982] INFO  impl.FollowerState (FollowerState.java:run(108)) - b32d7882-88db-4fe6-9cca-6a25122d474d@group-896385CD49EE-FollowerState: change to CANDIDATE, lastRpcTime:111ms, electionTimeout:111ms
2019-10-17 02:15:05,456 [Thread-2982] INFO  impl.RoleInfo (RoleInfo.java:shutdownFollowerState(121)) - b32d7882-88db-4fe6-9cca-6a25122d474d: shutdown FollowerState
2019-10-17 02:15:05,456 [Thread-2982] INFO  impl.RaftServerImpl (RaftServerImpl.java:setRole(184)) - b32d7882-88db-4fe6-9cca-6a25122d474d@group-896385CD49EE: changes role from  FOLLOWER to CANDIDATE at term 262 for changeToCandidate
2019-10-17 02:15:05,456 [Thread-2982] INFO  impl.RoleInfo (RoleInfo.java:updateAndGet(143)) - b32d7882-88db-4fe6-9cca-6a25122d474d: start LeaderElection
2019-10-17 02:15:05,469 [b32d7882-88db-4fe6-9cca-6a25122d474d@group-896385CD49EE-LeaderElection310] INFO  impl.LeaderElection (LeaderElection.java:askForVotes(178)) - b32d7882-88db-4fe6-9cca-6a25122d474d@group-896385CD49EE-LeaderElection310: begin an election at term 263 for -1: [b32d7882-88db-4fe6-9cca-6a25122d474d:192.168.157.194:42206, 3aea292b-16fb-4e9b-be90-828afa8e8047:192.168.157.194:34569, a6b2ebfb-69a0-457c-b6cd-a50cc148b564:192.168.157.194:37298], old=null
2019-10-17 02:15:05,471 [grpc-default-executor-2] INFO  impl.RaftServerImpl (RaftServerImpl.java:setRole(184)) - 3aea292b-16fb-4e9b-be90-828afa8e8047@group-896385CD49EE: changes role from  FOLLOWER to FOLLOWER at term 263 for recognizeCandidate:b32d7882-88db-4fe6-9cca-6a25122d474d
2019-10-17 02:15:05,472 [grpc-default-executor-2] INFO  impl.RoleInfo (RoleInfo.java:shutdownFollowerState(121)) - 3aea292b-16fb-4e9b-be90-828afa8e8047: shutdown FollowerState
2019-10-17 02:15:05,472 [grpc-default-executor-2] INFO  impl.RoleInfo (RoleInfo.java:updateAndGet(143)) - 3aea292b-16fb-4e9b-be90-828afa8e8047: start FollowerState
2019-10-17 02:15:05,472 [Thread-2980] INFO  impl.FollowerState (FollowerState.java:run(117)) - 3aea292b-16fb-4e9b-be90-828afa8e8047@group-896385CD49EE-FollowerState was interrupted: java.lang.InterruptedException: sleep interrupted
2019-10-17 02:15:05,472 [grpc-default-executor-0] INFO  impl.RaftServerImpl (RaftServerImpl.java:setRole(184)) - a6b2ebfb-69a0-457c-b6cd-a50cc148b564@group-896385CD49EE: changes role from  FOLLOWER to FOLLOWER at term 263 for recognizeCandidate:b32d7882-88db-4fe6-9cca-6a25122d474d
2019-10-17 02:15:05,472 [grpc-default-executor-0] INFO  impl.RoleInfo (RoleInfo.java:shutdownFollowerState(121)) - a6b2ebfb-69a0-457c-b6cd-a50cc148b564: shutdown FollowerState
2019-10-17 02:15:05,473 [grpc-default-executor-0] INFO  impl.RoleInfo (RoleInfo.java:updateAndGet(143)) - a6b2ebfb-69a0-457c-b6cd-a50cc148b564: start FollowerState
2019-10-17 02:15:05,473 [Thread-2981] INFO  impl.FollowerState (FollowerState.java:run(117)) - a6b2ebfb-69a0-457c-b6cd-a50cc148b564@group-896385CD49EE-FollowerState was interrupted: java.lang.InterruptedException: sleep interrupted
2019-10-17 02:15:05,489 [b32d7882-88db-4fe6-9cca-6a25122d474d@group-896385CD49EE-LeaderElection310] INFO  impl.LeaderElection (LeaderElection.java:logAndReturn(56)) - b32d7882-88db-4fe6-9cca-6a25122d474d@group-896385CD49EE-LeaderElection310: Election REJECTED; received 2 response(s) [b32d7882-88db-4fe6-9cca-6a25122d474d<-3aea292b-16fb-4e9b-be90-828afa8e8047#0:FAIL-t263, b32d7882-88db-4fe6-9cca-6a25122d474d<-a6b2ebfb-69a0-457c-b6cd-a50cc148b564#0:FAIL-t263] and 0 exception(s); b32d7882-88db-4fe6-9cca-6a25122d474d@group-896385CD49EE:t263, leader=null, voted=b32d7882-88db-4fe6-9cca-6a25122d474d, raftlog=b32d7882-88db-4fe6-9cca-6a25122d474d@group-896385CD49EE-SegmentedRaftLog:OPENED:c-1,f-1,i0, conf=-1: [b32d7882-88db-4fe6-9cca-6a25122d474d:192.168.157.194:42206, 3aea292b-16fb-4e9b-be90-828afa8e8047:192.168.157.194:34569, a6b2ebfb-69a0-457c-b6cd-a50cc148b564:192.168.157.194:37298], old=null
2019-10-17 02:15:05,490 [b32d7882-88db-4fe6-9cca-6a25122d474d@group-896385CD49EE-LeaderElection310] INFO  impl.RaftServerImpl (RaftServerImpl.java:setRole(184)) - b32d7882-88db-4fe6-9cca-6a25122d474d@group-896385CD49EE: changes role from CANDIDATE to FOLLOWER at term 263 for DISCOVERED_A_NEW_TERM
2019-10-17 02:15:05,490 [b32d7882-88db-4fe6-9cca-6a25122d474d@group-896385CD49EE-LeaderElection310] INFO  impl.RoleInfo (RoleInfo.java:shutdownLeaderElection(134)) - b32d7882-88db-4fe6-9cca-6a25122d474d: shutdown LeaderElection
2019-10-17 02:15:05,490 [b32d7882-88db-4fe6-9cca-6a25122d474d@group-896385CD49EE-LeaderElection310] INFO  impl.RoleInfo (RoleInfo.java:updateAndGet(143)) - b32d7882-88db-4fe6-9cca-6a25122d474d: start FollowerState
2019-10-17 02:15:05,584 [Thread-2988] INFO  impl.FollowerState (FollowerState.java:run(108)) - b32d7882-88db-4fe6-9cca-6a25122d474d@group-896385CD49EE-FollowerState: change to CANDIDATE, lastRpcTime:94ms, electionTimeout:94ms
2019-10-17 02:15:05,585 [Thread-2988] INFO  impl.RoleInfo (RoleInfo.java:shutdownFollowerState(121)) - b32d7882-88db-4fe6-9cca-6a25122d474d: shutdown FollowerState
2019-10-17 02:15:05,585 [Thread-2988] INFO  impl.RaftServerImpl (RaftServerImpl.java:setRole(184)) - b32d7882-88db-4fe6-9cca-6a25122d474d@group-896385CD49EE: changes role from  FOLLOWER to CANDIDATE at term 263 for changeToCandidate
2019-10-17 02:15:05,585 [Thread-2988] INFO  impl.RoleInfo (RoleInfo.java:updateAndGet(143)) - b32d7882-88db-4fe6-9cca-6a25122d474d: start LeaderElection
2019-10-17 02:15:05,599 [b32d7882-88db-4fe6-9cca-6a25122d474d@group-896385CD49EE-LeaderElection311] INFO  impl.LeaderElection (LeaderElection.java:askForVotes(178)) - b32d7882-88db-4fe6-9cca-6a25122d474d@group-896385CD49EE-LeaderElection311: begin an election at term 264 for -1: [b32d7882-88db-4fe6-9cca-6a25122d474d:192.168.157.194:42206, 3aea292b-16fb-4e9b-be90-828afa8e8047:192.168.157.194:34569, a6b2ebfb-69a0-457c-b6cd-a50cc148b564:192.168.157.194:37298], old=null
2019-10-17 02:15:05,601 [grpc-default-executor-0] INFO  impl.RaftServerImpl (RaftServerImpl.java:setRole(184)) - 3aea292b-16fb-4e9b-be90-828afa8e8047@group-896385CD49EE: changes role from  FOLLOWER to FOLLOWER at term 264 for recognizeCandidate:b32d7882-88db-4fe6-9cca-6a25122d474d
2019-10-17 02:15:05,601 [grpc-default-executor-0] INFO  impl.RoleInfo (RoleInfo.java:shutdownFollowerState(121)) - 3aea292b-16fb-4e9b-be90-828afa8e8047: shutdown FollowerState
2019-10-17 02:15:05,601 [grpc-default-executor-0] INFO  impl.RoleInfo (RoleInfo.java:updateAndGet(143)) - 3aea292b-16fb-4e9b-be90-828afa8e8047: start FollowerState
2019-10-17 02:15:05,601 [Thread-2986] INFO  impl.FollowerState (FollowerState.java:run(117)) - 3aea292b-16fb-4e9b-be90-828afa8e8047@group-896385CD49EE-FollowerState was interrupted: java.lang.InterruptedException: sleep interrupted
2019-10-17 02:15:05,601 [grpc-default-executor-2] INFO  impl.RaftServerImpl (RaftServerImpl.java:setRole(184)) - a6b2ebfb-69a0-457c-b6cd-a50cc148b564@group-896385CD49EE: changes role from  FOLLOWER to FOLLOWER at term 264 for recognizeCandidate:b32d7882-88db-4fe6-9cca-6a25122d474d
2019-10-17 02:15:05,602 [grpc-default-executor-2] INFO  impl.RoleInfo (RoleInfo.java:shutdownFollowerState(121)) - a6b2ebfb-69a0-457c-b6cd-a50cc148b564: shutdown FollowerState
2019-10-17 02:15:05,602 [grpc-default-executor-2] INFO  impl.RoleInfo (RoleInfo.java:updateAndGet(143)) - a6b2ebfb-69a0-457c-b6cd-a50cc148b564: start FollowerState
2019-10-17 02:15:05,602 [Thread-2987] INFO  impl.FollowerState (FollowerState.java:run(117)) - a6b2ebfb-69a0-457c-b6cd-a50cc148b564@group-896385CD49EE-FollowerState was interrupted: java.lang.InterruptedException: sleep interrupted
2019-10-17 02:15:05,616 [b32d7882-88db-4fe6-9cca-6a25122d474d@group-896385CD49EE-LeaderElection311] INFO  impl.LeaderElection (LeaderElection.java:logAndReturn(56)) - b32d7882-88db-4fe6-9cca-6a25122d474d@group-896385CD49EE-LeaderElection311: Election REJECTED; received 2 response(s) [b32d7882-88db-4fe6-9cca-6a25122d474d<-3aea292b-16fb-4e9b-be90-828afa8e8047#0:FAIL-t264, b32d7882-88db-4fe6-9cca-6a25122d474d<-a6b2ebfb-69a0-457c-b6cd-a50cc148b564#0:FAIL-t264] and 0 exception(s); b32d7882-88db-4fe6-9cca-6a25122d474d@group-896385CD49EE:t264, leader=null, voted=b32d7882-88db-4fe6-9cca-6a25122d474d, raftlog=b32d7882-88db-4fe6-9cca-6a25122d474d@group-896385CD49EE-SegmentedRaftLog:OPENED:c-1,f-1,i0, conf=-1: [b32d7882-88db-4fe6-9cca-6a25122d474d:192.168.157.194:42206, 3aea292b-16fb-4e9b-be90-828afa8e8047:192.168.157.194:34569, a6b2ebfb-69a0-457c-b6cd-a50cc148b564:192.168.157.194:37298], old=null
2019-10-17 02:15:05,616 [b32d7882-88db-4fe6-9cca-6a25122d474d@group-896385CD49EE-LeaderElection311] INFO  impl.RaftServerImpl (RaftServerImpl.java:setRole(184)) - b32d7882-88db-4fe6-9cca-6a25122d474d@group-896385CD49EE: changes role from CANDIDATE to FOLLOWER at term 264 for DISCOVERED_A_NEW_TERM
2019-10-17 02:15:05,617 [b32d7882-88db-4fe6-9cca-6a25122d474d@group-896385CD49EE-LeaderElection311] INFO  impl.RoleInfo (RoleInfo.java:shutdownLeaderElection(134)) - b32d7882-88db-4fe6-9cca-6a25122d474d: shutdown LeaderElection
2019-10-17 02:15:05,617 [b32d7882-88db-4fe6-9cca-6a25122d474d@group-896385CD49EE-LeaderElection311] INFO  impl.RoleInfo (RoleInfo.java:updateAndGet(143)) - b32d7882-88db-4fe6-9cca-6a25122d474d: start FollowerState
2019-10-17 02:15:05,813 [Thread-2994] INFO  impl.FollowerState (FollowerState.java:run(108)) - b32d7882-88db-4fe6-9cca-6a25122d474d@group-896385CD49EE-FollowerState: change to CANDIDATE, lastRpcTime:196ms, electionTimeout:196ms
2019-10-17 02:15:05,813 [Thread-2994] INFO  impl.RoleInfo (RoleInfo.java:shutdownFollowerState(121)) - b32d7882-88db-4fe6-9cca-6a25122d474d: shutdown FollowerState
2019-10-17 02:15:05,813 [Thread-2994] INFO  impl.RaftServerImpl (RaftServerImpl.java:setRole(184)) - b32d7882-88db-4fe6-9cca-6a25122d474d@group-896385CD49EE: changes role from  FOLLOWER to CANDIDATE at term 264 for changeToCandidate
2019-10-17 02:15:05,814 [Thread-2994] INFO  impl.RoleInfo (RoleInfo.java:updateAndGet(143)) - b32d7882-88db-4fe6-9cca-6a25122d474d: start LeaderElection
2019-10-17 02:15:05,828 [b32d7882-88db-4fe6-9cca-6a25122d474d@group-896385CD49EE-LeaderElection312] INFO  impl.LeaderElection (LeaderElection.java:askForVotes(178)) - b32d7882-88db-4fe6-9cca-6a25122d474d@group-896385CD49EE-LeaderElection312: begin an election at term 265 for -1: [b32d7882-88db-4fe6-9cca-6a25122d474d:192.168.157.194:42206, 3aea292b-16fb-4e9b-be90-828afa8e8047:192.168.157.194:34569, a6b2ebfb-69a0-457c-b6cd-a50cc148b564:192.168.157.194:37298], old=null
2019-10-17 02:15:05,831 [grpc-default-executor-2] INFO  impl.RaftServerImpl (RaftServerImpl.java:setRole(184)) - 3aea292b-16fb-4e9b-be90-828afa8e8047@group-896385CD49EE: changes role from  FOLLOWER to FOLLOWER at term 265 for recognizeCandidate:b32d7882-88db-4fe6-9cca-6a25122d474d
2019-10-17 02:15:05,831 [grpc-default-executor-2] INFO  impl.RoleInfo (RoleInfo.java:shutdownFollowerState(121)) - 3aea292b-16fb-4e9b-be90-828afa8e8047: shutdown FollowerState
2019-10-17 02:15:05,831 [grpc-default-executor-0] INFO  impl.RaftServerImpl (RaftServerImpl.java:setRole(184)) - a6b2ebfb-69a0-457c-b6cd-a50cc148b564@group-896385CD49EE: changes role from  FOLLOWER to FOLLOWER at term 265 for recognizeCandidate:b32d7882-88db-4fe6-9cca-6a25122d474d
2019-10-17 02:15:05,831 [Thread-2992] INFO  impl.FollowerState (FollowerState.java:run(117)) - 3aea292b-16fb-4e9b-be90-828afa8e8047@group-896385CD49EE-FollowerState was interrupted: java.lang.InterruptedException: sleep interrupted
2019-10-17 02:15:05,831 [grpc-default-executor-2] INFO  impl.RoleInfo (RoleInfo.java:updateAndGet(143)) - 3aea292b-16fb-4e9b-be90-828afa8e8047: start FollowerState
2019-10-17 02:15:05,831 [grpc-default-executor-0] INFO  impl.RoleInfo (RoleInfo.java:shutdownFollowerState(121)) - a6b2ebfb-69a0-457c-b6cd-a50cc148b564: shutdown FollowerState
2019-10-17 02:15:05,832 [grpc-default-executor-0] INFO  impl.RoleInfo (RoleInfo.java:updateAndGet(143)) - a6b2ebfb-69a0-457c-b6cd-a50cc148b564: start FollowerState
2019-10-17 02:15:05,832 [Thread-2993] INFO  impl.FollowerState (FollowerState.java:run(117)) - a6b2ebfb-69a0-457c-b6cd-a50cc148b564@group-896385CD49EE-FollowerState was interrupted: java.lang.InterruptedException: sleep interrupted
2019-10-17 02:15:05,847 [b32d7882-88db-4fe6-9cca-6a25122d474d@group-896385CD49EE-LeaderElection312] INFO  impl.LeaderElection (LeaderElection.java:logAndReturn(56)) - b32d7882-88db-4fe6-9cca-6a25122d474d@group-896385CD49EE-LeaderElection312: Election REJECTED; received 2 response(s) [b32d7882-88db-4fe6-9cca-6a25122d474d<-3aea292b-16fb-4e9b-be90-828afa8e8047#0:FAIL-t265, b32d7882-88db-4fe6-9cca-6a25122d474d<-a6b2ebfb-69a0-457c-b6cd-a50cc148b564#0:FAIL-t265] and 0 exception(s); b32d7882-88db-4fe6-9cca-6a25122d474d@group-896385CD49EE:t265, leader=null, voted=b32d7882-88db-4fe6-9cca-6a25122d474d, raftlog=b32d7882-88db-4fe6-9cca-6a25122d474d@group-896385CD49EE-SegmentedRaftLog:OPENED:c-1,f-1,i0, conf=-1: [b32d7882-88db-4fe6-9cca-6a25122d474d:192.168.157.194:42206, 3aea292b-16fb-4e9b-be90-828afa8e8047:192.168.157.194:34569, a6b2ebfb-69a0-457c-b6cd-a50cc148b564:192.168.157.194:37298], old=null
2019-10-17 02:15:05,847 [b32d7882-88db-4fe6-9cca-6a25122d474d@group-896385CD49EE-LeaderElection312] INFO  impl.RaftServerImpl (RaftServerImpl.java:setRole(184)) - b32d7882-88db-4fe6-9cca-6a25122d474d@group-896385CD49EE: changes role from CANDIDATE to FOLLOWER at term 265 for DISCOVERED_A_NEW_TERM
2019-10-17 02:15:05,847 [b32d7882-88db-4fe6-9cca-6a25122d474d@group-896385CD49EE-LeaderElection312] INFO  impl.RoleInfo (RoleInfo.java:shutdownLeaderElection(134)) - b32d7882-88db-4fe6-9cca-6a25122d474d: shutdown LeaderElection
2019-10-17 02:15:05,847 [b32d7882-88db-4fe6-9cca-6a25122d474d@group-896385CD49EE-LeaderElection312] INFO  impl.RoleInfo (RoleInfo.java:updateAndGet(143)) - b32d7882-88db-4fe6-9cca-6a25122d474d: start FollowerState
2019-10-17 02:15:05,991 [Thread-3000] INFO  impl.FollowerState (FollowerState.java:run(108)) - b32d7882-88db-4fe6-9cca-6a25122d474d@group-896385CD49EE-FollowerState: change to CANDIDATE, lastRpcTime:143ms, electionTimeout:143ms
2019-10-17 02:15:05,991 [Thread-3000] INFO  impl.RoleInfo (RoleInfo.java:shutdownFollowerState(121)) - b32d7882-88db-4fe6-9cca-6a25122d474d: shutdown FollowerState
2019-10-17 02:15:05,991 [Thread-3000] INFO  impl.RaftServerImpl (RaftServerImpl.java:setRole(184)) - b32d7882-88db-4fe6-9cca-6a25122d474d@group-896385CD49EE: changes role from  FOLLOWER to CANDIDATE at term 265 for changeToCandidate
2019-10-17 02:15:05,991 [Thread-3000] INFO  impl.RoleInfo (RoleInfo.java:updateAndGet(143)) - b32d7882-88db-4fe6-9cca-6a25122d474d: start LeaderElection
2019-10-17 02:15:06,005 [b32d7882-88db-4fe6-9cca-6a25122d474d@group-896385CD49EE-LeaderElection313] INFO  impl.LeaderElection (LeaderElection.java:askForVotes(178)) - b32d7882-88db-4fe6-9cca-6a25122d474d@group-896385CD49EE-LeaderElection313: begin an election at term 266 for -1: [b32d7882-88db-4fe6-9cca-6a25122d474d:192.168.157.194:42206, 3aea292b-16fb-4e9b-be90-828afa8e8047:192.168.157.194:34569, a6b2ebfb-69a0-457c-b6cd-a50cc148b564:192.168.157.194:37298], old=null
2019-10-17 02:15:06,007 [grpc-default-executor-0] INFO  impl.RaftServerImpl (RaftServerImpl.java:setRole(184)) - a6b2ebfb-69a0-457c-b6cd-a50cc148b564@group-896385CD49EE: changes role from  FOLLOWER to FOLLOWER at term 266 for recognizeCandidate:b32d7882-88db-4fe6-9cca-6a25122d474d
2019-10-17 02:15:06,007 [grpc-default-executor-2] INFO  impl.RaftServerImpl (RaftServerImpl.java:setRole(184)) - 3aea292b-16fb-4e9b-be90-828afa8e8047@group-896385CD49EE: changes role from  FOLLOWER to FOLLOWER at term 266 for recognizeCandidate:b32d7882-88db-4fe6-9cca-6a25122d474d
2019-10-17 02:15:06,008 [grpc-default-executor-2] INFO  impl.RoleInfo (RoleInfo.java:shutdownFollowerState(121)) - 3aea292b-16fb-4e9b-be90-828afa8e8047: shutdown FollowerState
2019-10-17 02:15:06,008 [grpc-default-executor-0] INFO  impl.RoleInfo (RoleInfo.java:shutdownFollowerState(121)) - a6b2ebfb-69a0-457c-b6cd-a50cc148b564: shutdown FollowerState
2019-10-17 02:15:06,008 [Thread-2998] INFO  impl.FollowerState (FollowerState.java:run(117)) - 3aea292b-16fb-4e9b-be90-828afa8e8047@group-896385CD49EE-FollowerState was interrupted: java.lang.InterruptedException: sleep interrupted
2019-10-17 02:15:06,008 [Thread-2999] INFO  impl.FollowerState (FollowerState.java:run(117)) - a6b2ebfb-69a0-457c-b6cd-a50cc148b564@group-896385CD49EE-FollowerState was interrupted: java.lang.InterruptedException: sleep interrupted
2019-10-17 02:15:06,008 [grpc-default-executor-2] INFO  impl.RoleInfo (RoleInfo.java:updateAndGet(143)) - 3aea292b-16fb-4e9b-be90-828afa8e8047: start FollowerState
2019-10-17 02:15:06,008 [grpc-default-executor-0] INFO  impl.RoleInfo (RoleInfo.java:updateAndGet(143)) - a6b2ebfb-69a0-457c-b6cd-a50cc148b564: start FollowerState
2019-10-17 02:15:06,024 [b32d7882-88db-4fe6-9cca-6a25122d474d@group-896385CD49EE-LeaderElection313] INFO  impl.LeaderElection (LeaderElection.java:logAndReturn(56)) - b32d7882-88db-4fe6-9cca-6a25122d474d@group-896385CD49EE-LeaderElection313: Election REJECTED; received 2 response(s) [b32d7882-88db-4fe6-9cca-6a25122d474d<-3aea292b-16fb-4e9b-be90-828afa8e8047#0:FAIL-t266, b32d7882-88db-4fe6-9cca-6a25122d474d<-a6b2ebfb-69a0-457c-b6cd-a50cc148b564#0:FAIL-t266] and 0 exception(s); b32d7882-88db-4fe6-9cca-6a25122d474d@group-896385CD49EE:t266, leader=null, voted=b32d7882-88db-4fe6-9cca-6a25122d474d, raftlog=b32d7882-88db-4fe6-9cca-6a25122d474d@group-896385CD49EE-SegmentedRaftLog:OPENED:c-1,f-1,i0, conf=-1: [b32d7882-88db-4fe6-9cca-6a25122d474d:192.168.157.194:42206, 3aea292b-16fb-4e9b-be90-828afa8e8047:192.168.157.194:34569, a6b2ebfb-69a0-457c-b6cd-a50cc148b564:192.168.157.194:37298], old=null
2019-10-17 02:15:06,024 [b32d7882-88db-4fe6-9cca-6a25122d474d@group-896385CD49EE-LeaderElection313] INFO  impl.RaftServerImpl (RaftServerImpl.java:setRole(184)) - b32d7882-88db-4fe6-9cca-6a25122d474d@group-896385CD49EE: changes role from CANDIDATE to FOLLOWER at term 266 for DISCOVERED_A_NEW_TERM
2019-10-17 02:15:06,025 [b32d7882-88db-4fe6-9cca-6a25122d474d@group-896385CD49EE-LeaderElection313] INFO  impl.RoleInfo (RoleInfo.java:shutdownLeaderElection(134)) - b32d7882-88db-4fe6-9cca-6a25122d474d: shutdown LeaderElection
2019-10-17 02:15:06,025 [b32d7882-88db-4fe6-9cca-6a25122d474d@group-896385CD49EE-LeaderElection313] INFO  impl.RoleInfo (RoleInfo.java:updateAndGet(143)) - b32d7882-88db-4fe6-9cca-6a25122d474d: start FollowerState
2019-10-17 02:15:06,164 [Thread-3006] INFO  impl.FollowerState (FollowerState.java:run(108)) - b32d7882-88db-4fe6-9cca-6a25122d474d@group-896385CD49EE-FollowerState: change to CANDIDATE, lastRpcTime:139ms, electionTimeout:139ms
2019-10-17 02:15:06,164 [Thread-3006] INFO  impl.RoleInfo (RoleInfo.java:shutdownFollowerState(121)) - b32d7882-88db-4fe6-9cca-6a25122d474d: shutdown FollowerState
2019-10-17 02:15:06,165 [Thread-3006] INFO  impl.RaftServerImpl (RaftServerImpl.java:setRole(184)) - b32d7882-88db-4fe6-9cca-6a25122d474d@group-896385CD49EE: changes role from  FOLLOWER to CANDIDATE at term 266 for changeToCandidate
2019-10-17 02:15:06,165 [Thread-3006] INFO  impl.RoleInfo (RoleInfo.java:updateAndGet(143)) - b32d7882-88db-4fe6-9cca-6a25122d474d: start LeaderElection
2019-10-17 02:15:06,169 [main] INFO  ozone.MiniOzoneClusterImpl (MiniOzoneClusterImpl.java:lambda$waitForClusterToBeReady$2(164)) - Waiting for 1 number of pipelines out of 4, to report a leader.
2019-10-17 02:15:06,179 [b32d7882-88db-4fe6-9cca-6a25122d474d@group-896385CD49EE-LeaderElection314] INFO  impl.LeaderElection (LeaderElection.java:askForVotes(178)) - b32d7882-88db-4fe6-9cca-6a25122d474d@group-896385CD49EE-LeaderElection314: begin an election at term 267 for -1: [b32d7882-88db-4fe6-9cca-6a25122d474d:192.168.157.194:42206, 3aea292b-16fb-4e9b-be90-828afa8e8047:192.168.157.194:34569, a6b2ebfb-69a0-457c-b6cd-a50cc148b564:192.168.157.194:37298], old=null
2019-10-17 02:15:06,181 [grpc-default-executor-2] INFO  impl.RaftServerImpl (RaftServerImpl.java:setRole(184)) - 3aea292b-16fb-4e9b-be90-828afa8e8047@group-896385CD49EE: changes role from  FOLLOWER to FOLLOWER at term 267 for recognizeCandidate:b32d7882-88db-4fe6-9cca-6a25122d474d
2019-10-17 02:15:06,181 [grpc-default-executor-0] INFO  impl.RaftServerImpl (RaftServerImpl.java:setRole(184)) - a6b2ebfb-69a0-457c-b6cd-a50cc148b564@group-896385CD49EE: changes role from  FOLLOWER to FOLLOWER at term 267 for recognizeCandidate:b32d7882-88db-4fe6-9cca-6a25122d474d
2019-10-17 02:15:06,181 [grpc-default-executor-0] INFO  impl.RoleInfo (RoleInfo.java:shutdownFollowerState(121)) - a6b2ebfb-69a0-457c-b6cd-a50cc148b564: shutdown FollowerState
2019-10-17 02:15:06,181 [grpc-default-executor-2] INFO  impl.RoleInfo (RoleInfo.java:shutdownFollowerState(121)) - 3aea292b-16fb-4e9b-be90-828afa8e8047: shutdown FollowerState
2019-10-17 02:15:06,182 [Thread-3005] INFO  impl.FollowerState (FollowerState.java:run(117)) - a6b2ebfb-69a0-457c-b6cd-a50cc148b564@group-896385CD49EE-FollowerState was interrupted: java.lang.InterruptedException: sleep interrupted
2019-10-17 02:15:06,182 [grpc-default-executor-0] INFO  impl.RoleInfo (RoleInfo.java:updateAndGet(143)) - a6b2ebfb-69a0-457c-b6cd-a50cc148b564: start FollowerState
2019-10-17 02:15:06,182 [Thread-3004] INFO  impl.FollowerState (FollowerState.java:run(117)) - 3aea292b-16fb-4e9b-be90-828afa8e8047@group-896385CD49EE-FollowerState was interrupted: java.lang.InterruptedException: sleep interrupted
2019-10-17 02:15:06,182 [grpc-default-executor-2] INFO  impl.RoleInfo (RoleInfo.java:updateAndGet(143)) - 3aea292b-16fb-4e9b-be90-828afa8e8047: start FollowerState
2019-10-17 02:15:06,196 [b32d7882-88db-4fe6-9cca-6a25122d474d@group-896385CD49EE-LeaderElection314] INFO  impl.LeaderElection (LeaderElection.java:logAndReturn(56)) - b32d7882-88db-4fe6-9cca-6a25122d474d@group-896385CD49EE-LeaderElection314: Election REJECTED; received 2 response(s) [b32d7882-88db-4fe6-9cca-6a25122d474d<-3aea292b-16fb-4e9b-be90-828afa8e8047#0:FAIL-t267, b32d7882-88db-4fe6-9cca-6a25122d474d<-a6b2ebfb-69a0-457c-b6cd-a50cc148b564#0:FAIL-t267] and 0 exception(s); b32d7882-88db-4fe6-9cca-6a25122d474d@group-896385CD49EE:t267, leader=null, voted=b32d7882-88db-4fe6-9cca-6a25122d474d, raftlog=b32d7882-88db-4fe6-9cca-6a25122d474d@group-896385CD49EE-SegmentedRaftLog:OPENED:c-1,f-1,i0, conf=-1: [b32d7882-88db-4fe6-9cca-6a25122d474d:192.168.157.194:42206, 3aea292b-16fb-4e9b-be90-828afa8e8047:192.168.157.194:34569, a6b2ebfb-69a0-457c-b6cd-a50cc148b564:192.168.157.194:37298], old=null
2019-10-17 02:15:06,196 [b32d7882-88db-4fe6-9cca-6a25122d474d@group-896385CD49EE-LeaderElection314] INFO  impl.RaftServerImpl (RaftServerImpl.java:setRole(184)) - b32d7882-88db-4fe6-9cca-6a25122d474d@group-896385CD49EE: changes role from CANDIDATE to FOLLOWER at term 267 for DISCOVERED_A_NEW_TERM
2019-10-17 02:15:06,197 [b32d7882-88db-4fe6-9cca-6a25122d474d@group-896385CD49EE-LeaderElection314] INFO  impl.RoleInfo (RoleInfo.java:shutdownLeaderElection(134)) - b32d7882-88db-4fe6-9cca-6a25122d474d: shutdown LeaderElection
2019-10-17 02:15:06,197 [b32d7882-88db-4fe6-9cca-6a25122d474d@group-896385CD49EE-LeaderElection314] INFO  impl.RoleInfo (RoleInfo.java:updateAndGet(143)) - b32d7882-88db-4fe6-9cca-6a25122d474d: start FollowerState
2019-10-17 02:15:06,239 [Thread-3012] INFO  impl.FollowerState (FollowerState.java:run(108)) - b32d7882-88db-4fe6-9cca-6a25122d474d@group-896385CD49EE-FollowerState: change to CANDIDATE, lastRpcTime:42ms, electionTimeout:42ms
2019-10-17 02:15:06,239 [Thread-3012] INFO  impl.RoleInfo (RoleInfo.java:shutdownFollowerState(121)) - b32d7882-88db-4fe6-9cca-6a25122d474d: shutdown FollowerState
2019-10-17 02:15:06,239 [Thread-3012] INFO  impl.RaftServerImpl (RaftServerImpl.java:setRole(184)) - b32d7882-88db-4fe6-9cca-6a25122d474d@group-896385CD49EE: changes role from  FOLLOWER to CANDIDATE at term 267 for changeToCandidate
2019-10-17 02:15:06,240 [Thread-3012] INFO  impl.RoleInfo (RoleInfo.java:updateAndGet(143)) - b32d7882-88db-4fe6-9cca-6a25122d474d: start LeaderElection
2019-10-17 02:15:06,253 [b32d7882-88db-4fe6-9cca-6a25122d474d@group-896385CD49EE-LeaderElection315] INFO  impl.LeaderElection (LeaderElection.java:askForVotes(178)) - b32d7882-88db-4fe6-9cca-6a25122d474d@group-896385CD49EE-LeaderElection315: begin an election at term 268 for -1: [b32d7882-88db-4fe6-9cca-6a25122d474d:192.168.157.194:42206, 3aea292b-16fb-4e9b-be90-828afa8e8047:192.168.157.194:34569, a6b2ebfb-69a0-457c-b6cd-a50cc148b564:192.168.157.194:37298], old=null
2019-10-17 02:15:06,255 [grpc-default-executor-2] INFO  impl.RaftServerImpl (RaftServerImpl.java:setRole(184)) - 3aea292b-16fb-4e9b-be90-828afa8e8047@group-896385CD49EE: changes role from  FOLLOWER to FOLLOWER at term 268 for recognizeCandidate:b32d7882-88db-4fe6-9cca-6a25122d474d
2019-10-17 02:15:06,255 [grpc-default-executor-2] INFO  impl.RoleInfo (RoleInfo.java:shutdownFollowerState(121)) - 3aea292b-16fb-4e9b-be90-828afa8e8047: shutdown FollowerState
2019-10-17 02:15:06,255 [grpc-default-executor-2] INFO  impl.RoleInfo (RoleInfo.java:updateAndGet(143)) - 3aea292b-16fb-4e9b-be90-828afa8e8047: start FollowerState
2019-10-17 02:15:06,255 [grpc-default-executor-0] INFO  impl.RaftServerImpl (RaftServerImpl.java:setRole(184)) - a6b2ebfb-69a0-457c-b6cd-a50cc148b564@group-896385CD49EE: changes role from  FOLLOWER to FOLLOWER at term 268 for recognizeCandidate:b32d7882-88db-4fe6-9cca-6a25122d474d
2019-10-17 02:15:06,255 [grpc-default-executor-0] INFO  impl.RoleInfo (RoleInfo.java:shutdownFollowerState(121)) - a6b2ebfb-69a0-457c-b6cd-a50cc148b564: shutdown FollowerState
2019-10-17 02:15:06,255 [Thread-3011] INFO  impl.FollowerState (FollowerState.java:run(117)) - 3aea292b-16fb-4e9b-be90-828afa8e8047@group-896385CD49EE-FollowerState was interrupted: java.lang.InterruptedException: sleep interrupted
2019-10-17 02:15:06,256 [Thread-3010] INFO  impl.FollowerState (FollowerState.java:run(117)) - a6b2ebfb-69a0-457c-b6cd-a50cc148b564@group-896385CD49EE-FollowerState was interrupted: java.lang.InterruptedException: sleep interrupted
2019-10-17 02:15:06,256 [grpc-default-executor-0] INFO  impl.RoleInfo (RoleInfo.java:updateAndGet(143)) - a6b2ebfb-69a0-457c-b6cd-a50cc148b564: start FollowerState
2019-10-17 02:15:06,270 [b32d7882-88db-4fe6-9cca-6a25122d474d@group-896385CD49EE-LeaderElection315] INFO  impl.LeaderElection (LeaderElection.java:logAndReturn(56)) - b32d7882-88db-4fe6-9cca-6a25122d474d@group-896385CD49EE-LeaderElection315: Election REJECTED; received 2 response(s) [b32d7882-88db-4fe6-9cca-6a25122d474d<-3aea292b-16fb-4e9b-be90-828afa8e8047#0:FAIL-t268, b32d7882-88db-4fe6-9cca-6a25122d474d<-a6b2ebfb-69a0-457c-b6cd-a50cc148b564#0:FAIL-t268] and 0 exception(s); b32d7882-88db-4fe6-9cca-6a25122d474d@group-896385CD49EE:t268, leader=null, voted=b32d7882-88db-4fe6-9cca-6a25122d474d, raftlog=b32d7882-88db-4fe6-9cca-6a25122d474d@group-896385CD49EE-SegmentedRaftLog:OPENED:c-1,f-1,i0, conf=-1: [b32d7882-88db-4fe6-9cca-6a25122d474d:192.168.157.194:42206, 3aea292b-16fb-4e9b-be90-828afa8e8047:192.168.157.194:34569, a6b2ebfb-69a0-457c-b6cd-a50cc148b564:192.168.157.194:37298], old=null
2019-10-17 02:15:06,270 [b32d7882-88db-4fe6-9cca-6a25122d474d@group-896385CD49EE-LeaderElection315] INFO  impl.RaftServerImpl (RaftServerImpl.java:setRole(184)) - b32d7882-88db-4fe6-9cca-6a25122d474d@group-896385CD49EE: changes role from CANDIDATE to FOLLOWER at term 268 for DISCOVERED_A_NEW_TERM
2019-10-17 02:15:06,270 [b32d7882-88db-4fe6-9cca-6a25122d474d@group-896385CD49EE-LeaderElection315] INFO  impl.RoleInfo (RoleInfo.java:shutdownLeaderElection(134)) - b32d7882-88db-4fe6-9cca-6a25122d474d: shutdown LeaderElection
2019-10-17 02:15:06,270 [b32d7882-88db-4fe6-9cca-6a25122d474d@group-896385CD49EE-LeaderElection315] INFO  impl.RoleInfo (RoleInfo.java:updateAndGet(143)) - b32d7882-88db-4fe6-9cca-6a25122d474d: start FollowerState
2019-10-17 02:15:06,411 [Thread-3018] INFO  impl.FollowerState (FollowerState.java:run(108)) - b32d7882-88db-4fe6-9cca-6a25122d474d@group-896385CD49EE-FollowerState: change to CANDIDATE, lastRpcTime:140ms, electionTimeout:140ms
2019-10-17 02:15:06,411 [Thread-3018] INFO  impl.RoleInfo (RoleInfo.java:shutdownFollowerState(121)) - b32d7882-88db-4fe6-9cca-6a25122d474d: shutdown FollowerState
2019-10-17 02:15:06,411 [Thread-3018] INFO  impl.RaftServerImpl (RaftServerImpl.java:setRole(184)) - b32d7882-88db-4fe6-9cca-6a25122d474d@group-896385CD49EE: changes role from  FOLLOWER to CANDIDATE at term 268 for changeToCandidate
2019-10-17 02:15:06,411 [Thread-3018] INFO  impl.RoleInfo (RoleInfo.java:updateAndGet(143)) - b32d7882-88db-4fe6-9cca-6a25122d474d: start LeaderElection
2019-10-17 02:15:06,425 [b32d7882-88db-4fe6-9cca-6a25122d474d@group-896385CD49EE-LeaderElection316] INFO  impl.LeaderElection (LeaderElection.java:askForVotes(178)) - b32d7882-88db-4fe6-9cca-6a25122d474d@group-896385CD49EE-LeaderElection316: begin an election at term 269 for -1: [b32d7882-88db-4fe6-9cca-6a25122d474d:192.168.157.194:42206, 3aea292b-16fb-4e9b-be90-828afa8e8047:192.168.157.194:34569, a6b2ebfb-69a0-457c-b6cd-a50cc148b564:192.168.157.194:37298], old=null
2019-10-17 02:15:06,427 [grpc-default-executor-0] INFO  impl.RaftServerImpl (RaftServerImpl.java:setRole(184)) - a6b2ebfb-69a0-457c-b6cd-a50cc148b564@group-896385CD49EE: changes role from  FOLLOWER to FOLLOWER at term 269 for recognizeCandidate:b32d7882-88db-4fe6-9cca-6a25122d474d
2019-10-17 02:15:06,427 [grpc-default-executor-0] INFO  impl.RoleInfo (RoleInfo.java:shutdownFollowerState(121)) - a6b2ebfb-69a0-457c-b6cd-a50cc148b564: shutdown FollowerState
2019-10-17 02:15:06,428 [grpc-default-executor-2] INFO  impl.RaftServerImpl (RaftServerImpl.java:setRole(184)) - 3aea292b-16fb-4e9b-be90-828afa8e8047@group-896385CD49EE: changes role from  FOLLOWER to FOLLOWER at term 269 for recognizeCandidate:b32d7882-88db-4fe6-9cca-6a25122d474d
2019-10-17 02:15:06,428 [Thread-3017] INFO  impl.FollowerState (FollowerState.java:run(117)) - a6b2ebfb-69a0-457c-b6cd-a50cc148b564@group-896385CD49EE-FollowerState was interrupted: java.lang.InterruptedException: sleep interrupted
2019-10-17 02:15:06,428 [grpc-default-executor-0] INFO  impl.RoleInfo (RoleInfo.java:updateAndGet(143)) - a6b2ebfb-69a0-457c-b6cd-a50cc148b564: start FollowerState
2019-10-17 02:15:06,428 [grpc-default-executor-2] INFO  impl.RoleInfo (RoleInfo.java:shutdownFollowerState(121)) - 3aea292b-16fb-4e9b-be90-828afa8e8047: shutdown FollowerState
2019-10-17 02:15:06,428 [Thread-3016] INFO  impl.FollowerState (FollowerState.java:run(117)) - 3aea292b-16fb-4e9b-be90-828afa8e8047@group-896385CD49EE-FollowerState was interrupted: java.lang.InterruptedException: sleep interrupted
2019-10-17 02:15:06,428 [grpc-default-executor-2] INFO  impl.RoleInfo (RoleInfo.java:updateAndGet(143)) - 3aea292b-16fb-4e9b-be90-828afa8e8047: start FollowerState
2019-10-17 02:15:06,443 [b32d7882-88db-4fe6-9cca-6a25122d474d@group-896385CD49EE-LeaderElection316] INFO  impl.LeaderElection (LeaderElection.java:logAndReturn(56)) - b32d7882-88db-4fe6-9cca-6a25122d474d@group-896385CD49EE-LeaderElection316: Election REJECTED; received 2 response(s) [b32d7882-88db-4fe6-9cca-6a25122d474d<-3aea292b-16fb-4e9b-be90-828afa8e8047#0:FAIL-t269, b32d7882-88db-4fe6-9cca-6a25122d474d<-a6b2ebfb-69a0-457c-b6cd-a50cc148b564#0:FAIL-t269] and 0 exception(s); b32d7882-88db-4fe6-9cca-6a25122d474d@group-896385CD49EE:t269, leader=null, voted=b32d7882-88db-4fe6-9cca-6a25122d474d, raftlog=b32d7882-88db-4fe6-9cca-6a25122d474d@group-896385CD49EE-SegmentedRaftLog:OPENED:c-1,f-1,i0, conf=-1: [b32d7882-88db-4fe6-9cca-6a25122d474d:192.168.157.194:42206, 3aea292b-16fb-4e9b-be90-828afa8e8047:192.168.157.194:34569, a6b2ebfb-69a0-457c-b6cd-a50cc148b564:192.168.157.194:37298], old=null
2019-10-17 02:15:06,443 [b32d7882-88db-4fe6-9cca-6a25122d474d@group-896385CD49EE-LeaderElection316] INFO  impl.RaftServerImpl (RaftServerImpl.java:setRole(184)) - b32d7882-88db-4fe6-9cca-6a25122d474d@group-896385CD49EE: changes role from CANDIDATE to FOLLOWER at term 269 for DISCOVERED_A_NEW_TERM
2019-10-17 02:15:06,443 [b32d7882-88db-4fe6-9cca-6a25122d474d@group-896385CD49EE-LeaderElection316] INFO  impl.RoleInfo (RoleInfo.java:shutdownLeaderElection(134)) - b32d7882-88db-4fe6-9cca-6a25122d474d: shutdown LeaderElection
2019-10-17 02:15:06,443 [b32d7882-88db-4fe6-9cca-6a25122d474d@group-896385CD49EE-LeaderElection316] INFO  impl.RoleInfo (RoleInfo.java:updateAndGet(143)) - b32d7882-88db-4fe6-9cca-6a25122d474d: start FollowerState
2019-10-17 02:15:06,609 [Thread-3024] INFO  impl.FollowerState (FollowerState.java:run(108)) - b32d7882-88db-4fe6-9cca-6a25122d474d@group-896385CD49EE-FollowerState: change to CANDIDATE, lastRpcTime:165ms, electionTimeout:165ms
2019-10-17 02:15:06,609 [Thread-3024] INFO  impl.RoleInfo (RoleInfo.java:shutdownFollowerState(121)) - b32d7882-88db-4fe6-9cca-6a25122d474d: shutdown FollowerState
2019-10-17 02:15:06,609 [Thread-3024] INFO  impl.RaftServerImpl (RaftServerImpl.java:setRole(184)) - b32d7882-88db-4fe6-9cca-6a25122d474d@group-896385CD49EE: changes role from  FOLLOWER to CANDIDATE at term 269 for changeToCandidate
2019-10-17 02:15:06,609 [Thread-3024] INFO  impl.RoleInfo (RoleInfo.java:updateAndGet(143)) - b32d7882-88db-4fe6-9cca-6a25122d474d: start LeaderElection
2019-10-17 02:15:06,635 [b32d7882-88db-4fe6-9cca-6a25122d474d@group-896385CD49EE-LeaderElection317] INFO  impl.LeaderElection (LeaderElection.java:askForVotes(178)) - b32d7882-88db-4fe6-9cca-6a25122d474d@group-896385CD49EE-LeaderElection317: begin an election at term 270 for -1: [b32d7882-88db-4fe6-9cca-6a25122d474d:192.168.157.194:42206, 3aea292b-16fb-4e9b-be90-828afa8e8047:192.168.157.194:34569, a6b2ebfb-69a0-457c-b6cd-a50cc148b564:192.168.157.194:37298], old=null
2019-10-17 02:15:06,638 [grpc-default-executor-0] INFO  impl.RaftServerImpl (RaftServerImpl.java:setRole(184)) - 3aea292b-16fb-4e9b-be90-828afa8e8047@group-896385CD49EE: changes role from  FOLLOWER to FOLLOWER at term 270 for recognizeCandidate:b32d7882-88db-4fe6-9cca-6a25122d474d
2019-10-17 02:15:06,638 [grpc-default-executor-2] INFO  impl.RaftServerImpl (RaftServerImpl.java:setRole(184)) - a6b2ebfb-69a0-457c-b6cd-a50cc148b564@group-896385CD49EE: changes role from  FOLLOWER to FOLLOWER at term 270 for recognizeCandidate:b32d7882-88db-4fe6-9cca-6a25122d474d
2019-10-17 02:15:06,638 [grpc-default-executor-2] INFO  impl.RoleInfo (RoleInfo.java:shutdownFollowerState(121)) - a6b2ebfb-69a0-457c-b6cd-a50cc148b564: shutdown FollowerState
2019-10-17 02:15:06,638 [grpc-default-executor-0] INFO  impl.RoleInfo (RoleInfo.java:shutdownFollowerState(121)) - 3aea292b-16fb-4e9b-be90-828afa8e8047: shutdown FollowerState
2019-10-17 02:15:06,638 [grpc-default-executor-2] INFO  impl.RoleInfo (RoleInfo.java:updateAndGet(143)) - a6b2ebfb-69a0-457c-b6cd-a50cc148b564: start FollowerState
2019-10-17 02:15:06,638 [Thread-3022] INFO  impl.FollowerState (FollowerState.java:run(117)) - a6b2ebfb-69a0-457c-b6cd-a50cc148b564@group-896385CD49EE-FollowerState was interrupted: java.lang.InterruptedException: sleep interrupted
2019-10-17 02:15:06,638 [Thread-3023] INFO  impl.FollowerState (FollowerState.java:run(117)) - 3aea292b-16fb-4e9b-be90-828afa8e8047@group-896385CD49EE-FollowerState was interrupted: java.lang.InterruptedException: sleep interrupted
2019-10-17 02:15:06,638 [grpc-default-executor-0] INFO  impl.RoleInfo (RoleInfo.java:updateAndGet(143)) - 3aea292b-16fb-4e9b-be90-828afa8e8047: start FollowerState
2019-10-17 02:15:06,653 [b32d7882-88db-4fe6-9cca-6a25122d474d@group-896385CD49EE-LeaderElection317] INFO  impl.LeaderElection (LeaderElection.java:logAndReturn(56)) - b32d7882-88db-4fe6-9cca-6a25122d474d@group-896385CD49EE-LeaderElection317: Election REJECTED; received 2 response(s) [b32d7882-88db-4fe6-9cca-6a25122d474d<-3aea292b-16fb-4e9b-be90-828afa8e8047#0:FAIL-t270, b32d7882-88db-4fe6-9cca-6a25122d474d<-a6b2ebfb-69a0-457c-b6cd-a50cc148b564#0:FAIL-t270] and 0 exception(s); b32d7882-88db-4fe6-9cca-6a25122d474d@group-896385CD49EE:t270, leader=null, voted=b32d7882-88db-4fe6-9cca-6a25122d474d, raftlog=b32d7882-88db-4fe6-9cca-6a25122d474d@group-896385CD49EE-SegmentedRaftLog:OPENED:c-1,f-1,i0, conf=-1: [b32d7882-88db-4fe6-9cca-6a25122d474d:192.168.157.194:42206, 3aea292b-16fb-4e9b-be90-828afa8e8047:192.168.157.194:34569, a6b2ebfb-69a0-457c-b6cd-a50cc148b564:192.168.157.194:37298], old=null
2019-10-17 02:15:06,653 [b32d7882-88db-4fe6-9cca-6a25122d474d@group-896385CD49EE-LeaderElection317] INFO  impl.RaftServerImpl (RaftServerImpl.java:setRole(184)) - b32d7882-88db-4fe6-9cca-6a25122d474d@group-896385CD49EE: changes role from CANDIDATE to FOLLOWER at term 270 for DISCOVERED_A_NEW_TERM
2019-10-17 02:15:06,653 [b32d7882-88db-4fe6-9cca-6a25122d474d@group-896385CD49EE-LeaderElection317] INFO  impl.RoleInfo (RoleInfo.java:shutdownLeaderElection(134)) - b32d7882-88db-4fe6-9cca-6a25122d474d: shutdown LeaderElection
2019-10-17 02:15:06,653 [b32d7882-88db-4fe6-9cca-6a25122d474d@group-896385CD49EE-LeaderElection317] INFO  impl.RoleInfo (RoleInfo.java:updateAndGet(143)) - b32d7882-88db-4fe6-9cca-6a25122d474d: start FollowerState
2019-10-17 02:15:06,697 [Thread-3030] INFO  impl.FollowerState (FollowerState.java:run(108)) - b32d7882-88db-4fe6-9cca-6a25122d474d@group-896385CD49EE-FollowerState: change to CANDIDATE, lastRpcTime:44ms, electionTimeout:44ms
2019-10-17 02:15:06,698 [Thread-3030] INFO  impl.RoleInfo (RoleInfo.java:shutdownFollowerState(121)) - b32d7882-88db-4fe6-9cca-6a25122d474d: shutdown FollowerState
2019-10-17 02:15:06,698 [Thread-3030] INFO  impl.RaftServerImpl (RaftServerImpl.java:setRole(184)) - b32d7882-88db-4fe6-9cca-6a25122d474d@group-896385CD49EE: changes role from  FOLLOWER to CANDIDATE at term 270 for changeToCandidate
2019-10-17 02:15:06,698 [Thread-3030] INFO  impl.RoleInfo (RoleInfo.java:updateAndGet(143)) - b32d7882-88db-4fe6-9cca-6a25122d474d: start LeaderElection
2019-10-17 02:15:06,711 [b32d7882-88db-4fe6-9cca-6a25122d474d@group-896385CD49EE-LeaderElection318] INFO  impl.LeaderElection (LeaderElection.java:askForVotes(178)) - b32d7882-88db-4fe6-9cca-6a25122d474d@group-896385CD49EE-LeaderElection318: begin an election at term 271 for -1: [b32d7882-88db-4fe6-9cca-6a25122d474d:192.168.157.194:42206, 3aea292b-16fb-4e9b-be90-828afa8e8047:192.168.157.194:34569, a6b2ebfb-69a0-457c-b6cd-a50cc148b564:192.168.157.194:37298], old=null
2019-10-17 02:15:06,713 [grpc-default-executor-2] INFO  impl.RaftServerImpl (RaftServerImpl.java:setRole(184)) - 3aea292b-16fb-4e9b-be90-828afa8e8047@group-896385CD49EE: changes role from  FOLLOWER to FOLLOWER at term 271 for recognizeCandidate:b32d7882-88db-4fe6-9cca-6a25122d474d
2019-10-17 02:15:06,713 [grpc-default-executor-0] INFO  impl.RaftServerImpl (RaftServerImpl.java:setRole(184)) - a6b2ebfb-69a0-457c-b6cd-a50cc148b564@group-896385CD49EE: changes role from  FOLLOWER to FOLLOWER at term 271 for recognizeCandidate:b32d7882-88db-4fe6-9cca-6a25122d474d
2019-10-17 02:15:06,713 [grpc-default-executor-0] INFO  impl.RoleInfo (RoleInfo.java:shutdownFollowerState(121)) - a6b2ebfb-69a0-457c-b6cd-a50cc148b564: shutdown FollowerState
2019-10-17 02:15:06,713 [grpc-default-executor-2] INFO  impl.RoleInfo (RoleInfo.java:shutdownFollowerState(121)) - 3aea292b-16fb-4e9b-be90-828afa8e8047: shutdown FollowerState
2019-10-17 02:15:06,713 [Thread-3028] INFO  impl.FollowerState (FollowerState.java:run(117)) - a6b2ebfb-69a0-457c-b6cd-a50cc148b564@group-896385CD49EE-FollowerState was interrupted: java.lang.InterruptedException: sleep interrupted
2019-10-17 02:15:06,713 [grpc-default-executor-0] INFO  impl.RoleInfo (RoleInfo.java:updateAndGet(143)) - a6b2ebfb-69a0-457c-b6cd-a50cc148b564: start FollowerState
2019-10-17 02:15:06,713 [Thread-3029] INFO  impl.FollowerState (FollowerState.java:run(117)) - 3aea292b-16fb-4e9b-be90-828afa8e8047@group-896385CD49EE-FollowerState was interrupted: java.lang.InterruptedException: sleep interrupted
2019-10-17 02:15:06,713 [grpc-default-executor-2] INFO  impl.RoleInfo (RoleInfo.java:updateAndGet(143)) - 3aea292b-16fb-4e9b-be90-828afa8e8047: start FollowerState
2019-10-17 02:15:06,729 [b32d7882-88db-4fe6-9cca-6a25122d474d@group-896385CD49EE-LeaderElection318] INFO  impl.LeaderElection (LeaderElection.java:logAndReturn(56)) - b32d7882-88db-4fe6-9cca-6a25122d474d@group-896385CD49EE-LeaderElection318: Election REJECTED; received 2 response(s) [b32d7882-88db-4fe6-9cca-6a25122d474d<-3aea292b-16fb-4e9b-be90-828afa8e8047#0:FAIL-t271, b32d7882-88db-4fe6-9cca-6a25122d474d<-a6b2ebfb-69a0-457c-b6cd-a50cc148b564#0:FAIL-t271] and 0 exception(s); b32d7882-88db-4fe6-9cca-6a25122d474d@group-896385CD49EE:t271, leader=null, voted=b32d7882-88db-4fe6-9cca-6a25122d474d, raftlog=b32d7882-88db-4fe6-9cca-6a25122d474d@group-896385CD49EE-SegmentedRaftLog:OPENED:c-1,f-1,i0, conf=-1: [b32d7882-88db-4fe6-9cca-6a25122d474d:192.168.157.194:42206, 3aea292b-16fb-4e9b-be90-828afa8e8047:192.168.157.194:34569, a6b2ebfb-69a0-457c-b6cd-a50cc148b564:192.168.157.194:37298], old=null
2019-10-17 02:15:06,729 [b32d7882-88db-4fe6-9cca-6a25122d474d@group-896385CD49EE-LeaderElection318] INFO  impl.RaftServerImpl (RaftServerImpl.java:setRole(184)) - b32d7882-88db-4fe6-9cca-6a25122d474d@group-896385CD49EE: changes role from CANDIDATE to FOLLOWER at term 271 for DISCOVERED_A_NEW_TERM
2019-10-17 02:15:06,729 [b32d7882-88db-4fe6-9cca-6a25122d474d@group-896385CD49EE-LeaderElection318] INFO  impl.RoleInfo (RoleInfo.java:shutdownLeaderElection(134)) - b32d7882-88db-4fe6-9cca-6a25122d474d: shutdown LeaderElection
2019-10-17 02:15:06,729 [b32d7882-88db-4fe6-9cca-6a25122d474d@group-896385CD49EE-LeaderElection318] INFO  impl.RoleInfo (RoleInfo.java:updateAndGet(143)) - b32d7882-88db-4fe6-9cca-6a25122d474d: start FollowerState
2019-10-17 02:15:06,779 [Thread-3036] INFO  impl.FollowerState (FollowerState.java:run(108)) - b32d7882-88db-4fe6-9cca-6a25122d474d@group-896385CD49EE-FollowerState: change to CANDIDATE, lastRpcTime:50ms, electionTimeout:50ms
2019-10-17 02:15:06,780 [Thread-3036] INFO  impl.RoleInfo (RoleInfo.java:shutdownFollowerState(121)) - b32d7882-88db-4fe6-9cca-6a25122d474d: shutdown FollowerState
2019-10-17 02:15:06,780 [Thread-3036] INFO  impl.RaftServerImpl (RaftServerImpl.java:setRole(184)) - b32d7882-88db-4fe6-9cca-6a25122d474d@group-896385CD49EE: changes role from  FOLLOWER to CANDIDATE at term 271 for changeToCandidate
2019-10-17 02:15:06,780 [Thread-3036] INFO  impl.RoleInfo (RoleInfo.java:updateAndGet(143)) - b32d7882-88db-4fe6-9cca-6a25122d474d: start LeaderElection
2019-10-17 02:15:06,793 [b32d7882-88db-4fe6-9cca-6a25122d474d@group-896385CD49EE-LeaderElection319] INFO  impl.LeaderElection (LeaderElection.java:askForVotes(178)) - b32d7882-88db-4fe6-9cca-6a25122d474d@group-896385CD49EE-LeaderElection319: begin an election at term 272 for -1: [b32d7882-88db-4fe6-9cca-6a25122d474d:192.168.157.194:42206, 3aea292b-16fb-4e9b-be90-828afa8e8047:192.168.157.194:34569, a6b2ebfb-69a0-457c-b6cd-a50cc148b564:192.168.157.194:37298], old=null
2019-10-17 02:15:06,794 [grpc-default-executor-2] INFO  impl.RaftServerImpl (RaftServerImpl.java:setRole(184)) - 3aea292b-16fb-4e9b-be90-828afa8e8047@group-896385CD49EE: changes role from  FOLLOWER to FOLLOWER at term 272 for recognizeCandidate:b32d7882-88db-4fe6-9cca-6a25122d474d
2019-10-17 02:15:06,795 [grpc-default-executor-0] INFO  impl.RaftServerImpl (RaftServerImpl.java:setRole(184)) - a6b2ebfb-69a0-457c-b6cd-a50cc148b564@group-896385CD49EE: changes role from  FOLLOWER to FOLLOWER at term 272 for recognizeCandidate:b32d7882-88db-4fe6-9cca-6a25122d474d
2019-10-17 02:15:06,795 [grpc-default-executor-0] INFO  impl.RoleInfo (RoleInfo.java:shutdownFollowerState(121)) - a6b2ebfb-69a0-457c-b6cd-a50cc148b564: shutdown FollowerState
2019-10-17 02:15:06,795 [grpc-default-executor-2] INFO  impl.RoleInfo (RoleInfo.java:shutdownFollowerState(121)) - 3aea292b-16fb-4e9b-be90-828afa8e8047: shutdown FollowerState
2019-10-17 02:15:06,795 [Thread-3034] INFO  impl.FollowerState (FollowerState.java:run(117)) - a6b2ebfb-69a0-457c-b6cd-a50cc148b564@group-896385CD49EE-FollowerState was interrupted: java.lang.InterruptedException: sleep interrupted
2019-10-17 02:15:06,795 [Thread-3035] INFO  impl.FollowerState (FollowerState.java:run(117)) - 3aea292b-16fb-4e9b-be90-828afa8e8047@group-896385CD49EE-FollowerState was interrupted: java.lang.InterruptedException: sleep interrupted
2019-10-17 02:15:06,795 [grpc-default-executor-0] INFO  impl.RoleInfo (RoleInfo.java:updateAndGet(143)) - a6b2ebfb-69a0-457c-b6cd-a50cc148b564: start FollowerState
2019-10-17 02:15:06,795 [grpc-default-executor-2] INFO  impl.RoleInfo (RoleInfo.java:updateAndGet(143)) - 3aea292b-16fb-4e9b-be90-828afa8e8047: start FollowerState
2019-10-17 02:15:06,809 [b32d7882-88db-4fe6-9cca-6a25122d474d@group-896385CD49EE-LeaderElection319] INFO  impl.LeaderElection (LeaderElection.java:logAndReturn(56)) - b32d7882-88db-4fe6-9cca-6a25122d474d@group-896385CD49EE-LeaderElection319: Election REJECTED; received 2 response(s) [b32d7882-88db-4fe6-9cca-6a25122d474d<-3aea292b-16fb-4e9b-be90-828afa8e8047#0:FAIL-t272, b32d7882-88db-4fe6-9cca-6a25122d474d<-a6b2ebfb-69a0-457c-b6cd-a50cc148b564#0:FAIL-t272] and 0 exception(s); b32d7882-88db-4fe6-9cca-6a25122d474d@group-896385CD49EE:t272, leader=null, voted=b32d7882-88db-4fe6-9cca-6a25122d474d, raftlog=b32d7882-88db-4fe6-9cca-6a25122d474d@group-896385CD49EE-SegmentedRaftLog:OPENED:c-1,f-1,i0, conf=-1: [b32d7882-88db-4fe6-9cca-6a25122d474d:192.168.157.194:42206, 3aea292b-16fb-4e9b-be90-828afa8e8047:192.168.157.194:34569, a6b2ebfb-69a0-457c-b6cd-a50cc148b564:192.168.157.194:37298], old=null
2019-10-17 02:15:06,809 [b32d7882-88db-4fe6-9cca-6a25122d474d@group-896385CD49EE-LeaderElection319] INFO  impl.RaftServerImpl (RaftServerImpl.java:setRole(184)) - b32d7882-88db-4fe6-9cca-6a25122d474d@group-896385CD49EE: changes role from CANDIDATE to FOLLOWER at term 272 for DISCOVERED_A_NEW_TERM
2019-10-17 02:15:06,809 [b32d7882-88db-4fe6-9cca-6a25122d474d@group-896385CD49EE-LeaderElection319] INFO  impl.RoleInfo (RoleInfo.java:shutdownLeaderElection(134)) - b32d7882-88db-4fe6-9cca-6a25122d474d: shutdown LeaderElection
2019-10-17 02:15:06,810 [b32d7882-88db-4fe6-9cca-6a25122d474d@group-896385CD49EE-LeaderElection319] INFO  impl.RoleInfo (RoleInfo.java:updateAndGet(143)) - b32d7882-88db-4fe6-9cca-6a25122d474d: start FollowerState
2019-10-17 02:15:06,993 [Thread-3042] INFO  impl.FollowerState (FollowerState.java:run(108)) - b32d7882-88db-4fe6-9cca-6a25122d474d@group-896385CD49EE-FollowerState: change to CANDIDATE, lastRpcTime:183ms, electionTimeout:183ms
2019-10-17 02:15:06,993 [Thread-3042] INFO  impl.RoleInfo (RoleInfo.java:shutdownFollowerState(121)) - b32d7882-88db-4fe6-9cca-6a25122d474d: shutdown FollowerState
2019-10-17 02:15:06,993 [Thread-3042] INFO  impl.RaftServerImpl (RaftServerImpl.java:setRole(184)) - b32d7882-88db-4fe6-9cca-6a25122d474d@group-896385CD49EE: changes role from  FOLLOWER to CANDIDATE at term 272 for changeToCandidate
2019-10-17 02:15:06,994 [Thread-3042] INFO  impl.RoleInfo (RoleInfo.java:updateAndGet(143)) - b32d7882-88db-4fe6-9cca-6a25122d474d: start LeaderElection
2019-10-17 02:15:07,007 [b32d7882-88db-4fe6-9cca-6a25122d474d@group-896385CD49EE-LeaderElection320] INFO  impl.LeaderElection (LeaderElection.java:askForVotes(178)) - b32d7882-88db-4fe6-9cca-6a25122d474d@group-896385CD49EE-LeaderElection320: begin an election at term 273 for -1: [b32d7882-88db-4fe6-9cca-6a25122d474d:192.168.157.194:42206, 3aea292b-16fb-4e9b-be90-828afa8e8047:192.168.157.194:34569, a6b2ebfb-69a0-457c-b6cd-a50cc148b564:192.168.157.194:37298], old=null
2019-10-17 02:15:07,009 [grpc-default-executor-2] INFO  impl.RaftServerImpl (RaftServerImpl.java:setRole(184)) - a6b2ebfb-69a0-457c-b6cd-a50cc148b564@group-896385CD49EE: changes role from  FOLLOWER to FOLLOWER at term 273 for recognizeCandidate:b32d7882-88db-4fe6-9cca-6a25122d474d
2019-10-17 02:15:07,009 [grpc-default-executor-2] INFO  impl.RoleInfo (RoleInfo.java:shutdownFollowerState(121)) - a6b2ebfb-69a0-457c-b6cd-a50cc148b564: shutdown FollowerState
2019-10-17 02:15:07,009 [grpc-default-executor-0] INFO  impl.RaftServerImpl (RaftServerImpl.java:setRole(184)) - 3aea292b-16fb-4e9b-be90-828afa8e8047@group-896385CD49EE: changes role from  FOLLOWER to FOLLOWER at term 273 for recognizeCandidate:b32d7882-88db-4fe6-9cca-6a25122d474d
2019-10-17 02:15:07,009 [grpc-default-executor-0] INFO  impl.RoleInfo (RoleInfo.java:shutdownFollowerState(121)) - 3aea292b-16fb-4e9b-be90-828afa8e8047: shutdown FollowerState
2019-10-17 02:15:07,009 [grpc-default-executor-2] INFO  impl.RoleInfo (RoleInfo.java:updateAndGet(143)) - a6b2ebfb-69a0-457c-b6cd-a50cc148b564: start FollowerState
2019-10-17 02:15:07,009 [Thread-3040] INFO  impl.FollowerState (FollowerState.java:run(117)) - a6b2ebfb-69a0-457c-b6cd-a50cc148b564@group-896385CD49EE-FollowerState was interrupted: java.lang.InterruptedException: sleep interrupted
2019-10-17 02:15:07,009 [Thread-3041] INFO  impl.FollowerState (FollowerState.java:run(117)) - 3aea292b-16fb-4e9b-be90-828afa8e8047@group-896385CD49EE-FollowerState was interrupted: java.lang.InterruptedException: sleep interrupted
2019-10-17 02:15:07,009 [grpc-default-executor-0] INFO  impl.RoleInfo (RoleInfo.java:updateAndGet(143)) - 3aea292b-16fb-4e9b-be90-828afa8e8047: start FollowerState
2019-10-17 02:15:07,023 [b32d7882-88db-4fe6-9cca-6a25122d474d@group-896385CD49EE-LeaderElection320] INFO  impl.LeaderElection (LeaderElection.java:logAndReturn(56)) - b32d7882-88db-4fe6-9cca-6a25122d474d@group-896385CD49EE-LeaderElection320: Election REJECTED; received 2 response(s) [b32d7882-88db-4fe6-9cca-6a25122d474d<-3aea292b-16fb-4e9b-be90-828afa8e8047#0:FAIL-t273, b32d7882-88db-4fe6-9cca-6a25122d474d<-a6b2ebfb-69a0-457c-b6cd-a50cc148b564#0:FAIL-t273] and 0 exception(s); b32d7882-88db-4fe6-9cca-6a25122d474d@group-896385CD49EE:t273, leader=null, voted=b32d7882-88db-4fe6-9cca-6a25122d474d, raftlog=b32d7882-88db-4fe6-9cca-6a25122d474d@group-896385CD49EE-SegmentedRaftLog:OPENED:c-1,f-1,i0, conf=-1: [b32d7882-88db-4fe6-9cca-6a25122d474d:192.168.157.194:42206, 3aea292b-16fb-4e9b-be90-828afa8e8047:192.168.157.194:34569, a6b2ebfb-69a0-457c-b6cd-a50cc148b564:192.168.157.194:37298], old=null
2019-10-17 02:15:07,024 [b32d7882-88db-4fe6-9cca-6a25122d474d@group-896385CD49EE-LeaderElection320] INFO  impl.RaftServerImpl (RaftServerImpl.java:setRole(184)) - b32d7882-88db-4fe6-9cca-6a25122d474d@group-896385CD49EE: changes role from CANDIDATE to FOLLOWER at term 273 for DISCOVERED_A_NEW_TERM
2019-10-17 02:15:07,024 [b32d7882-88db-4fe6-9cca-6a25122d474d@group-896385CD49EE-LeaderElection320] INFO  impl.RoleInfo (RoleInfo.java:shutdownLeaderElection(134)) - b32d7882-88db-4fe6-9cca-6a25122d474d: shutdown LeaderElection
2019-10-17 02:15:07,024 [b32d7882-88db-4fe6-9cca-6a25122d474d@group-896385CD49EE-LeaderElection320] INFO  impl.RoleInfo (RoleInfo.java:updateAndGet(143)) - b32d7882-88db-4fe6-9cca-6a25122d474d: start FollowerState
2019-10-17 02:15:07,029 [Thread-3048] INFO  impl.FollowerState (FollowerState.java:run(108)) - b32d7882-88db-4fe6-9cca-6a25122d474d@group-896385CD49EE-FollowerState: change to CANDIDATE, lastRpcTime:5ms, electionTimeout:5ms
2019-10-17 02:15:07,029 [Thread-3048] INFO  impl.RoleInfo (RoleInfo.java:shutdownFollowerState(121)) - b32d7882-88db-4fe6-9cca-6a25122d474d: shutdown FollowerState
2019-10-17 02:15:07,029 [Thread-3048] INFO  impl.RaftServerImpl (RaftServerImpl.java:setRole(184)) - b32d7882-88db-4fe6-9cca-6a25122d474d@group-896385CD49EE: changes role from  FOLLOWER to CANDIDATE at term 273 for changeToCandidate
2019-10-17 02:15:07,029 [Thread-3048] INFO  impl.RoleInfo (RoleInfo.java:updateAndGet(143)) - b32d7882-88db-4fe6-9cca-6a25122d474d: start LeaderElection
2019-10-17 02:15:07,043 [b32d7882-88db-4fe6-9cca-6a25122d474d@group-896385CD49EE-LeaderElection321] INFO  impl.LeaderElection (LeaderElection.java:askForVotes(178)) - b32d7882-88db-4fe6-9cca-6a25122d474d@group-896385CD49EE-LeaderElection321: begin an election at term 274 for -1: [b32d7882-88db-4fe6-9cca-6a25122d474d:192.168.157.194:42206, 3aea292b-16fb-4e9b-be90-828afa8e8047:192.168.157.194:34569, a6b2ebfb-69a0-457c-b6cd-a50cc148b564:192.168.157.194:37298], old=null
2019-10-17 02:15:07,044 [grpc-default-executor-0] INFO  impl.RaftServerImpl (RaftServerImpl.java:setRole(184)) - a6b2ebfb-69a0-457c-b6cd-a50cc148b564@group-896385CD49EE: changes role from  FOLLOWER to FOLLOWER at term 274 for recognizeCandidate:b32d7882-88db-4fe6-9cca-6a25122d474d
2019-10-17 02:15:07,044 [grpc-default-executor-0] INFO  impl.RoleInfo (RoleInfo.java:shutdownFollowerState(121)) - a6b2ebfb-69a0-457c-b6cd-a50cc148b564: shutdown FollowerState
2019-10-17 02:15:07,044 [grpc-default-executor-0] INFO  impl.RoleInfo (RoleInfo.java:updateAndGet(143)) - a6b2ebfb-69a0-457c-b6cd-a50cc148b564: start FollowerState
2019-10-17 02:15:07,044 [Thread-3046] INFO  impl.FollowerState (FollowerState.java:run(117)) - a6b2ebfb-69a0-457c-b6cd-a50cc148b564@group-896385CD49EE-FollowerState was interrupted: java.lang.InterruptedException: sleep interrupted
2019-10-17 02:15:07,045 [grpc-default-executor-2] INFO  impl.RaftServerImpl (RaftServerImpl.java:setRole(184)) - 3aea292b-16fb-4e9b-be90-828afa8e8047@group-896385CD49EE: changes role from  FOLLOWER to FOLLOWER at term 274 for recognizeCandidate:b32d7882-88db-4fe6-9cca-6a25122d474d
2019-10-17 02:15:07,045 [grpc-default-executor-2] INFO  impl.RoleInfo (RoleInfo.java:shutdownFollowerState(121)) - 3aea292b-16fb-4e9b-be90-828afa8e8047: shutdown FollowerState
2019-10-17 02:15:07,045 [grpc-default-executor-2] INFO  impl.RoleInfo (RoleInfo.java:updateAndGet(143)) - 3aea292b-16fb-4e9b-be90-828afa8e8047: start FollowerState
2019-10-17 02:15:07,045 [Thread-3047] INFO  impl.FollowerState (FollowerState.java:run(117)) - 3aea292b-16fb-4e9b-be90-828afa8e8047@group-896385CD49EE-FollowerState was interrupted: java.lang.InterruptedException: sleep interrupted
2019-10-17 02:15:07,058 [b32d7882-88db-4fe6-9cca-6a25122d474d@group-896385CD49EE-LeaderElection321] INFO  impl.LeaderElection (LeaderElection.java:logAndReturn(56)) - b32d7882-88db-4fe6-9cca-6a25122d474d@group-896385CD49EE-LeaderElection321: Election REJECTED; received 2 response(s) [b32d7882-88db-4fe6-9cca-6a25122d474d<-3aea292b-16fb-4e9b-be90-828afa8e8047#0:FAIL-t274, b32d7882-88db-4fe6-9cca-6a25122d474d<-a6b2ebfb-69a0-457c-b6cd-a50cc148b564#0:FAIL-t274] and 0 exception(s); b32d7882-88db-4fe6-9cca-6a25122d474d@group-896385CD49EE:t274, leader=null, voted=b32d7882-88db-4fe6-9cca-6a25122d474d, raftlog=b32d7882-88db-4fe6-9cca-6a25122d474d@group-896385CD49EE-SegmentedRaftLog:OPENED:c-1,f-1,i0, conf=-1: [b32d7882-88db-4fe6-9cca-6a25122d474d:192.168.157.194:42206, 3aea292b-16fb-4e9b-be90-828afa8e8047:192.168.157.194:34569, a6b2ebfb-69a0-457c-b6cd-a50cc148b564:192.168.157.194:37298], old=null
2019-10-17 02:15:07,058 [b32d7882-88db-4fe6-9cca-6a25122d474d@group-896385CD49EE-LeaderElection321] INFO  impl.RaftServerImpl (RaftServerImpl.java:setRole(184)) - b32d7882-88db-4fe6-9cca-6a25122d474d@group-896385CD49EE: changes role from CANDIDATE to FOLLOWER at term 274 for DISCOVERED_A_NEW_TERM
2019-10-17 02:15:07,058 [b32d7882-88db-4fe6-9cca-6a25122d474d@group-896385CD49EE-LeaderElection321] INFO  impl.RoleInfo (RoleInfo.java:shutdownLeaderElection(134)) - b32d7882-88db-4fe6-9cca-6a25122d474d: shutdown LeaderElection
2019-10-17 02:15:07,059 [b32d7882-88db-4fe6-9cca-6a25122d474d@group-896385CD49EE-LeaderElection321] INFO  impl.RoleInfo (RoleInfo.java:updateAndGet(143)) - b32d7882-88db-4fe6-9cca-6a25122d474d: start FollowerState
2019-10-17 02:15:07,171 [main] INFO  ozone.MiniOzoneClusterImpl (MiniOzoneClusterImpl.java:lambda$waitForClusterToBeReady$2(164)) - Waiting for 1 number of pipelines out of 4, to report a leader.
2019-10-17 02:15:07,181 [Thread-3054] INFO  impl.FollowerState (FollowerState.java:run(108)) - b32d7882-88db-4fe6-9cca-6a25122d474d@group-896385CD49EE-FollowerState: change to CANDIDATE, lastRpcTime:122ms, electionTimeout:122ms
2019-10-17 02:15:07,181 [Thread-3054] INFO  impl.RoleInfo (RoleInfo.java:shutdownFollowerState(121)) - b32d7882-88db-4fe6-9cca-6a25122d474d: shutdown FollowerState
2019-10-17 02:15:07,181 [Thread-3054] INFO  impl.RaftServerImpl (RaftServerImpl.java:setRole(184)) - b32d7882-88db-4fe6-9cca-6a25122d474d@group-896385CD49EE: changes role from  FOLLOWER to CANDIDATE at term 274 for changeToCandidate
2019-10-17 02:15:07,181 [Thread-3054] INFO  impl.RoleInfo (RoleInfo.java:updateAndGet(143)) - b32d7882-88db-4fe6-9cca-6a25122d474d: start LeaderElection
2019-10-17 02:15:07,195 [b32d7882-88db-4fe6-9cca-6a25122d474d@group-896385CD49EE-LeaderElection322] INFO  impl.LeaderElection (LeaderElection.java:askForVotes(178)) - b32d7882-88db-4fe6-9cca-6a25122d474d@group-896385CD49EE-LeaderElection322: begin an election at term 275 for -1: [b32d7882-88db-4fe6-9cca-6a25122d474d:192.168.157.194:42206, 3aea292b-16fb-4e9b-be90-828afa8e8047:192.168.157.194:34569, a6b2ebfb-69a0-457c-b6cd-a50cc148b564:192.168.157.194:37298], old=null
2019-10-17 02:15:07,197 [grpc-default-executor-0] INFO  impl.RaftServerImpl (RaftServerImpl.java:setRole(184)) - 3aea292b-16fb-4e9b-be90-828afa8e8047@group-896385CD49EE: changes role from  FOLLOWER to FOLLOWER at term 275 for recognizeCandidate:b32d7882-88db-4fe6-9cca-6a25122d474d
2019-10-17 02:15:07,197 [grpc-default-executor-2] INFO  impl.RaftServerImpl (RaftServerImpl.java:setRole(184)) - a6b2ebfb-69a0-457c-b6cd-a50cc148b564@group-896385CD49EE: changes role from  FOLLOWER to FOLLOWER at term 275 for recognizeCandidate:b32d7882-88db-4fe6-9cca-6a25122d474d
2019-10-17 02:15:07,197 [grpc-default-executor-2] INFO  impl.RoleInfo (RoleInfo.java:shutdownFollowerState(121)) - a6b2ebfb-69a0-457c-b6cd-a50cc148b564: shutdown FollowerState
2019-10-17 02:15:07,197 [grpc-default-executor-0] INFO  impl.RoleInfo (RoleInfo.java:shutdownFollowerState(121)) - 3aea292b-16fb-4e9b-be90-828afa8e8047: shutdown FollowerState
2019-10-17 02:15:07,198 [Thread-3052] INFO  impl.FollowerState (FollowerState.java:run(117)) - a6b2ebfb-69a0-457c-b6cd-a50cc148b564@group-896385CD49EE-FollowerState was interrupted: java.lang.InterruptedException: sleep interrupted
2019-10-17 02:15:07,197 [grpc-default-executor-2] INFO  impl.RoleInfo (RoleInfo.java:updateAndGet(143)) - a6b2ebfb-69a0-457c-b6cd-a50cc148b564: start FollowerState
2019-10-17 02:15:07,198 [Thread-3053] INFO  impl.FollowerState (FollowerState.java:run(117)) - 3aea292b-16fb-4e9b-be90-828afa8e8047@group-896385CD49EE-FollowerState was interrupted: java.lang.InterruptedException: sleep interrupted
2019-10-17 02:15:07,198 [grpc-default-executor-0] INFO  impl.RoleInfo (RoleInfo.java:updateAndGet(143)) - 3aea292b-16fb-4e9b-be90-828afa8e8047: start FollowerState
2019-10-17 02:15:07,212 [b32d7882-88db-4fe6-9cca-6a25122d474d@group-896385CD49EE-LeaderElection322] INFO  impl.LeaderElection (LeaderElection.java:logAndReturn(56)) - b32d7882-88db-4fe6-9cca-6a25122d474d@group-896385CD49EE-LeaderElection322: Election REJECTED; received 2 response(s) [b32d7882-88db-4fe6-9cca-6a25122d474d<-3aea292b-16fb-4e9b-be90-828afa8e8047#0:FAIL-t275, b32d7882-88db-4fe6-9cca-6a25122d474d<-a6b2ebfb-69a0-457c-b6cd-a50cc148b564#0:FAIL-t275] and 0 exception(s); b32d7882-88db-4fe6-9cca-6a25122d474d@group-896385CD49EE:t275, leader=null, voted=b32d7882-88db-4fe6-9cca-6a25122d474d, raftlog=b32d7882-88db-4fe6-9cca-6a25122d474d@group-896385CD49EE-SegmentedRaftLog:OPENED:c-1,f-1,i0, conf=-1: [b32d7882-88db-4fe6-9cca-6a25122d474d:192.168.157.194:42206, 3aea292b-16fb-4e9b-be90-828afa8e8047:192.168.157.194:34569, a6b2ebfb-69a0-457c-b6cd-a50cc148b564:192.168.157.194:37298], old=null
2019-10-17 02:15:07,212 [b32d7882-88db-4fe6-9cca-6a25122d474d@group-896385CD49EE-LeaderElection322] INFO  impl.RaftServerImpl (RaftServerImpl.java:setRole(184)) - b32d7882-88db-4fe6-9cca-6a25122d474d@group-896385CD49EE: changes role from CANDIDATE to FOLLOWER at term 275 for DISCOVERED_A_NEW_TERM
2019-10-17 02:15:07,212 [b32d7882-88db-4fe6-9cca-6a25122d474d@group-896385CD49EE-LeaderElection322] INFO  impl.RoleInfo (RoleInfo.java:shutdownLeaderElection(134)) - b32d7882-88db-4fe6-9cca-6a25122d474d: shutdown LeaderElection
2019-10-17 02:15:07,212 [b32d7882-88db-4fe6-9cca-6a25122d474d@group-896385CD49EE-LeaderElection322] INFO  impl.RoleInfo (RoleInfo.java:updateAndGet(143)) - b32d7882-88db-4fe6-9cca-6a25122d474d: start FollowerState
2019-10-17 02:15:07,234 [Thread-3060] INFO  impl.FollowerState (FollowerState.java:run(108)) - b32d7882-88db-4fe6-9cca-6a25122d474d@group-896385CD49EE-FollowerState: change to CANDIDATE, lastRpcTime:21ms, electionTimeout:21ms
2019-10-17 02:15:07,234 [Thread-3060] INFO  impl.RoleInfo (RoleInfo.java:shutdownFollowerState(121)) - b32d7882-88db-4fe6-9cca-6a25122d474d: shutdown FollowerState
2019-10-17 02:15:07,234 [Thread-3060] INFO  impl.RaftServerImpl (RaftServerImpl.java:setRole(184)) - b32d7882-88db-4fe6-9cca-6a25122d474d@group-896385CD49EE: changes role from  FOLLOWER to CANDIDATE at term 275 for changeToCandidate
2019-10-17 02:15:07,234 [Thread-3060] INFO  impl.RoleInfo (RoleInfo.java:updateAndGet(143)) - b32d7882-88db-4fe6-9cca-6a25122d474d: start LeaderElection
2019-10-17 02:15:07,247 [b32d7882-88db-4fe6-9cca-6a25122d474d@group-896385CD49EE-LeaderElection323] INFO  impl.LeaderElection (LeaderElection.java:askForVotes(178)) - b32d7882-88db-4fe6-9cca-6a25122d474d@group-896385CD49EE-LeaderElection323: begin an election at term 276 for -1: [b32d7882-88db-4fe6-9cca-6a25122d474d:192.168.157.194:42206, 3aea292b-16fb-4e9b-be90-828afa8e8047:192.168.157.194:34569, a6b2ebfb-69a0-457c-b6cd-a50cc148b564:192.168.157.194:37298], old=null
2019-10-17 02:15:07,249 [grpc-default-executor-0] INFO  impl.RaftServerImpl (RaftServerImpl.java:setRole(184)) - 3aea292b-16fb-4e9b-be90-828afa8e8047@group-896385CD49EE: changes role from  FOLLOWER to FOLLOWER at term 276 for recognizeCandidate:b32d7882-88db-4fe6-9cca-6a25122d474d
2019-10-17 02:15:07,249 [grpc-default-executor-0] INFO  impl.RoleInfo (RoleInfo.java:shutdownFollowerState(121)) - 3aea292b-16fb-4e9b-be90-828afa8e8047: shutdown FollowerState
2019-10-17 02:15:07,249 [grpc-default-executor-0] INFO  impl.RoleInfo (RoleInfo.java:updateAndGet(143)) - 3aea292b-16fb-4e9b-be90-828afa8e8047: start FollowerState
2019-10-17 02:15:07,249 [grpc-default-executor-2] INFO  impl.RaftServerImpl (RaftServerImpl.java:setRole(184)) - a6b2ebfb-69a0-457c-b6cd-a50cc148b564@group-896385CD49EE: changes role from  FOLLOWER to FOLLOWER at term 276 for recognizeCandidate:b32d7882-88db-4fe6-9cca-6a25122d474d
2019-10-17 02:15:07,250 [grpc-default-executor-2] INFO  impl.RoleInfo (RoleInfo.java:shutdownFollowerState(121)) - a6b2ebfb-69a0-457c-b6cd-a50cc148b564: shutdown FollowerState
2019-10-17 02:15:07,249 [Thread-3059] INFO  impl.FollowerState (FollowerState.java:run(117)) - 3aea292b-16fb-4e9b-be90-828afa8e8047@group-896385CD49EE-FollowerState was interrupted: java.lang.InterruptedException: sleep interrupted
2019-10-17 02:15:07,250 [Thread-3058] INFO  impl.FollowerState (FollowerState.java:run(117)) - a6b2ebfb-69a0-457c-b6cd-a50cc148b564@group-896385CD49EE-FollowerState was interrupted: java.lang.InterruptedException: sleep interrupted
2019-10-17 02:15:07,250 [grpc-default-executor-2] INFO  impl.RoleInfo (RoleInfo.java:updateAndGet(143)) - a6b2ebfb-69a0-457c-b6cd-a50cc148b564: start FollowerState
2019-10-17 02:15:07,263 [b32d7882-88db-4fe6-9cca-6a25122d474d@group-896385CD49EE-LeaderElection323] INFO  impl.LeaderElection (LeaderElection.java:logAndReturn(56)) - b32d7882-88db-4fe6-9cca-6a25122d474d@group-896385CD49EE-LeaderElection323: Election REJECTED; received 2 response(s) [b32d7882-88db-4fe6-9cca-6a25122d474d<-3aea292b-16fb-4e9b-be90-828afa8e8047#0:FAIL-t276, b32d7882-88db-4fe6-9cca-6a25122d474d<-a6b2ebfb-69a0-457c-b6cd-a50cc148b564#0:FAIL-t276] and 0 exception(s); b32d7882-88db-4fe6-9cca-6a25122d474d@group-896385CD49EE:t276, leader=null, voted=b32d7882-88db-4fe6-9cca-6a25122d474d, raftlog=b32d7882-88db-4fe6-9cca-6a25122d474d@group-896385CD49EE-SegmentedRaftLog:OPENED:c-1,f-1,i0, conf=-1: [b32d7882-88db-4fe6-9cca-6a25122d474d:192.168.157.194:42206, 3aea292b-16fb-4e9b-be90-828afa8e8047:192.168.157.194:34569, a6b2ebfb-69a0-457c-b6cd-a50cc148b564:192.168.157.194:37298], old=null
2019-10-17 02:15:07,263 [b32d7882-88db-4fe6-9cca-6a25122d474d@group-896385CD49EE-LeaderElection323] INFO  impl.RaftServerImpl (RaftServerImpl.java:setRole(184)) - b32d7882-88db-4fe6-9cca-6a25122d474d@group-896385CD49EE: changes role from CANDIDATE to FOLLOWER at term 276 for DISCOVERED_A_NEW_TERM
2019-10-17 02:15:07,264 [b32d7882-88db-4fe6-9cca-6a25122d474d@group-896385CD49EE-LeaderElection323] INFO  impl.RoleInfo (RoleInfo.java:shutdownLeaderElection(134)) - b32d7882-88db-4fe6-9cca-6a25122d474d: shutdown LeaderElection
2019-10-17 02:15:07,264 [b32d7882-88db-4fe6-9cca-6a25122d474d@group-896385CD49EE-LeaderElection323] INFO  impl.RoleInfo (RoleInfo.java:updateAndGet(143)) - b32d7882-88db-4fe6-9cca-6a25122d474d: start FollowerState
2019-10-17 02:15:07,360 [Thread-3066] INFO  impl.FollowerState (FollowerState.java:run(108)) - b32d7882-88db-4fe6-9cca-6a25122d474d@group-896385CD49EE-FollowerState: change to CANDIDATE, lastRpcTime:96ms, electionTimeout:96ms
2019-10-17 02:15:07,360 [Thread-3066] INFO  impl.RoleInfo (RoleInfo.java:shutdownFollowerState(121)) - b32d7882-88db-4fe6-9cca-6a25122d474d: shutdown FollowerState
2019-10-17 02:15:07,360 [Thread-3066] INFO  impl.RaftServerImpl (RaftServerImpl.java:setRole(184)) - b32d7882-88db-4fe6-9cca-6a25122d474d@group-896385CD49EE: changes role from  FOLLOWER to CANDIDATE at term 276 for changeToCandidate
2019-10-17 02:15:07,361 [Thread-3066] INFO  impl.RoleInfo (RoleInfo.java:updateAndGet(143)) - b32d7882-88db-4fe6-9cca-6a25122d474d: start LeaderElection
2019-10-17 02:15:07,374 [b32d7882-88db-4fe6-9cca-6a25122d474d@group-896385CD49EE-LeaderElection324] INFO  impl.LeaderElection (LeaderElection.java:askForVotes(178)) - b32d7882-88db-4fe6-9cca-6a25122d474d@group-896385CD49EE-LeaderElection324: begin an election at term 277 for -1: [b32d7882-88db-4fe6-9cca-6a25122d474d:192.168.157.194:42206, 3aea292b-16fb-4e9b-be90-828afa8e8047:192.168.157.194:34569, a6b2ebfb-69a0-457c-b6cd-a50cc148b564:192.168.157.194:37298], old=null
2019-10-17 02:15:07,376 [grpc-default-executor-2] INFO  impl.RaftServerImpl (RaftServerImpl.java:setRole(184)) - 3aea292b-16fb-4e9b-be90-828afa8e8047@group-896385CD49EE: changes role from  FOLLOWER to FOLLOWER at term 277 for recognizeCandidate:b32d7882-88db-4fe6-9cca-6a25122d474d
2019-10-17 02:15:07,377 [grpc-default-executor-2] INFO  impl.RoleInfo (RoleInfo.java:shutdownFollowerState(121)) - 3aea292b-16fb-4e9b-be90-828afa8e8047: shutdown FollowerState
2019-10-17 02:15:07,377 [grpc-default-executor-2] INFO  impl.RoleInfo (RoleInfo.java:updateAndGet(143)) - 3aea292b-16fb-4e9b-be90-828afa8e8047: start FollowerState
2019-10-17 02:15:07,377 [grpc-default-executor-0] INFO  impl.RaftServerImpl (RaftServerImpl.java:setRole(184)) - a6b2ebfb-69a0-457c-b6cd-a50cc148b564@group-896385CD49EE: changes role from  FOLLOWER to FOLLOWER at term 277 for recognizeCandidate:b32d7882-88db-4fe6-9cca-6a25122d474d
2019-10-17 02:15:07,377 [grpc-default-executor-0] INFO  impl.RoleInfo (RoleInfo.java:shutdownFollowerState(121)) - a6b2ebfb-69a0-457c-b6cd-a50cc148b564: shutdown FollowerState
2019-10-17 02:15:07,377 [Thread-3064] INFO  impl.FollowerState (FollowerState.java:run(117)) - 3aea292b-16fb-4e9b-be90-828afa8e8047@group-896385CD49EE-FollowerState was interrupted: java.lang.InterruptedException: sleep interrupted
2019-10-17 02:15:07,377 [Thread-3065] INFO  impl.FollowerState (FollowerState.java:run(117)) - a6b2ebfb-69a0-457c-b6cd-a50cc148b564@group-896385CD49EE-FollowerState was interrupted: java.lang.InterruptedException: sleep interrupted
2019-10-17 02:15:07,377 [grpc-default-executor-0] INFO  impl.RoleInfo (RoleInfo.java:updateAndGet(143)) - a6b2ebfb-69a0-457c-b6cd-a50cc148b564: start FollowerState
2019-10-17 02:15:07,408 [b32d7882-88db-4fe6-9cca-6a25122d474d@group-896385CD49EE-LeaderElection324] INFO  impl.LeaderElection (LeaderElection.java:logAndReturn(56)) - b32d7882-88db-4fe6-9cca-6a25122d474d@group-896385CD49EE-LeaderElection324: Election REJECTED; received 2 response(s) [b32d7882-88db-4fe6-9cca-6a25122d474d<-3aea292b-16fb-4e9b-be90-828afa8e8047#0:FAIL-t277, b32d7882-88db-4fe6-9cca-6a25122d474d<-a6b2ebfb-69a0-457c-b6cd-a50cc148b564#0:FAIL-t277] and 0 exception(s); b32d7882-88db-4fe6-9cca-6a25122d474d@group-896385CD49EE:t277, leader=null, voted=b32d7882-88db-4fe6-9cca-6a25122d474d, raftlog=b32d7882-88db-4fe6-9cca-6a25122d474d@group-896385CD49EE-SegmentedRaftLog:OPENED:c-1,f-1,i0, conf=-1: [b32d7882-88db-4fe6-9cca-6a25122d474d:192.168.157.194:42206, 3aea292b-16fb-4e9b-be90-828afa8e8047:192.168.157.194:34569, a6b2ebfb-69a0-457c-b6cd-a50cc148b564:192.168.157.194:37298], old=null
2019-10-17 02:15:07,408 [b32d7882-88db-4fe6-9cca-6a25122d474d@group-896385CD49EE-LeaderElection324] INFO  impl.RaftServerImpl (RaftServerImpl.java:setRole(184)) - b32d7882-88db-4fe6-9cca-6a25122d474d@group-896385CD49EE: changes role from CANDIDATE to FOLLOWER at term 277 for DISCOVERED_A_NEW_TERM
2019-10-17 02:15:07,408 [b32d7882-88db-4fe6-9cca-6a25122d474d@group-896385CD49EE-LeaderElection324] INFO  impl.RoleInfo (RoleInfo.java:shutdownLeaderElection(134)) - b32d7882-88db-4fe6-9cca-6a25122d474d: shutdown LeaderElection
2019-10-17 02:15:07,409 [b32d7882-88db-4fe6-9cca-6a25122d474d@group-896385CD49EE-LeaderElection324] INFO  impl.RoleInfo (RoleInfo.java:updateAndGet(143)) - b32d7882-88db-4fe6-9cca-6a25122d474d: start FollowerState
2019-10-17 02:15:07,591 [Thread-3072] INFO  impl.FollowerState (FollowerState.java:run(108)) - b32d7882-88db-4fe6-9cca-6a25122d474d@group-896385CD49EE-FollowerState: change to CANDIDATE, lastRpcTime:182ms, electionTimeout:182ms
2019-10-17 02:15:07,591 [Thread-3072] INFO  impl.RoleInfo (RoleInfo.java:shutdownFollowerState(121)) - b32d7882-88db-4fe6-9cca-6a25122d474d: shutdown FollowerState
2019-10-17 02:15:07,591 [Thread-3072] INFO  impl.RaftServerImpl (RaftServerImpl.java:setRole(184)) - b32d7882-88db-4fe6-9cca-6a25122d474d@group-896385CD49EE: changes role from  FOLLOWER to CANDIDATE at term 277 for changeToCandidate
2019-10-17 02:15:07,591 [Thread-3072] INFO  impl.RoleInfo (RoleInfo.java:updateAndGet(143)) - b32d7882-88db-4fe6-9cca-6a25122d474d: start LeaderElection
2019-10-17 02:15:07,606 [b32d7882-88db-4fe6-9cca-6a25122d474d@group-896385CD49EE-LeaderElection325] INFO  impl.LeaderElection (LeaderElection.java:askForVotes(178)) - b32d7882-88db-4fe6-9cca-6a25122d474d@group-896385CD49EE-LeaderElection325: begin an election at term 278 for -1: [b32d7882-88db-4fe6-9cca-6a25122d474d:192.168.157.194:42206, 3aea292b-16fb-4e9b-be90-828afa8e8047:192.168.157.194:34569, a6b2ebfb-69a0-457c-b6cd-a50cc148b564:192.168.157.194:37298], old=null
2019-10-17 02:15:07,608 [grpc-default-executor-0] INFO  impl.RaftServerImpl (RaftServerImpl.java:setRole(184)) - 3aea292b-16fb-4e9b-be90-828afa8e8047@group-896385CD49EE: changes role from  FOLLOWER to FOLLOWER at term 278 for recognizeCandidate:b32d7882-88db-4fe6-9cca-6a25122d474d
2019-10-17 02:15:07,608 [grpc-default-executor-0] INFO  impl.RoleInfo (RoleInfo.java:shutdownFollowerState(121)) - 3aea292b-16fb-4e9b-be90-828afa8e8047: shutdown FollowerState
2019-10-17 02:15:07,609 [grpc-default-executor-2] INFO  impl.RaftServerImpl (RaftServerImpl.java:setRole(184)) - a6b2ebfb-69a0-457c-b6cd-a50cc148b564@group-896385CD49EE: changes role from  FOLLOWER to FOLLOWER at term 278 for recognizeCandidate:b32d7882-88db-4fe6-9cca-6a25122d474d
2019-10-17 02:15:07,609 [Thread-3070] INFO  impl.FollowerState (FollowerState.java:run(117)) - 3aea292b-16fb-4e9b-be90-828afa8e8047@group-896385CD49EE-FollowerState was interrupted: java.lang.InterruptedException: sleep interrupted
2019-10-17 02:15:07,609 [grpc-default-executor-0] INFO  impl.RoleInfo (RoleInfo.java:updateAndGet(143)) - 3aea292b-16fb-4e9b-be90-828afa8e8047: start FollowerState
2019-10-17 02:15:07,609 [grpc-default-executor-2] INFO  impl.RoleInfo (RoleInfo.java:shutdownFollowerState(121)) - a6b2ebfb-69a0-457c-b6cd-a50cc148b564: shutdown FollowerState
2019-10-17 02:15:07,610 [grpc-default-executor-2] INFO  impl.RoleInfo (RoleInfo.java:updateAndGet(143)) - a6b2ebfb-69a0-457c-b6cd-a50cc148b564: start FollowerState
2019-10-17 02:15:07,610 [Thread-3071] INFO  impl.FollowerState (FollowerState.java:run(117)) - a6b2ebfb-69a0-457c-b6cd-a50cc148b564@group-896385CD49EE-FollowerState was interrupted: java.lang.InterruptedException: sleep interrupted
2019-10-17 02:15:07,624 [b32d7882-88db-4fe6-9cca-6a25122d474d@group-896385CD49EE-LeaderElection325] INFO  impl.LeaderElection (LeaderElection.java:logAndReturn(56)) - b32d7882-88db-4fe6-9cca-6a25122d474d@group-896385CD49EE-LeaderElection325: Election REJECTED; received 2 response(s) [b32d7882-88db-4fe6-9cca-6a25122d474d<-3aea292b-16fb-4e9b-be90-828afa8e8047#0:FAIL-t278, b32d7882-88db-4fe6-9cca-6a25122d474d<-a6b2ebfb-69a0-457c-b6cd-a50cc148b564#0:FAIL-t278] and 0 exception(s); b32d7882-88db-4fe6-9cca-6a25122d474d@group-896385CD49EE:t278, leader=null, voted=b32d7882-88db-4fe6-9cca-6a25122d474d, raftlog=b32d7882-88db-4fe6-9cca-6a25122d474d@group-896385CD49EE-SegmentedRaftLog:OPENED:c-1,f-1,i0, conf=-1: [b32d7882-88db-4fe6-9cca-6a25122d474d:192.168.157.194:42206, 3aea292b-16fb-4e9b-be90-828afa8e8047:192.168.157.194:34569, a6b2ebfb-69a0-457c-b6cd-a50cc148b564:192.168.157.194:37298], old=null
2019-10-17 02:15:07,624 [b32d7882-88db-4fe6-9cca-6a25122d474d@group-896385CD49EE-LeaderElection325] INFO  impl.RaftServerImpl (RaftServerImpl.java:setRole(184)) - b32d7882-88db-4fe6-9cca-6a25122d474d@group-896385CD49EE: changes role from CANDIDATE to FOLLOWER at term 278 for DISCOVERED_A_NEW_TERM
2019-10-17 02:15:07,624 [b32d7882-88db-4fe6-9cca-6a25122d474d@group-896385CD49EE-LeaderElection325] INFO  impl.RoleInfo (RoleInfo.java:shutdownLeaderElection(134)) - b32d7882-88db-4fe6-9cca-6a25122d474d: shutdown LeaderElection
2019-10-17 02:15:07,624 [b32d7882-88db-4fe6-9cca-6a25122d474d@group-896385CD49EE-LeaderElection325] INFO  impl.RoleInfo (RoleInfo.java:updateAndGet(143)) - b32d7882-88db-4fe6-9cca-6a25122d474d: start FollowerState
2019-10-17 02:15:07,645 [Thread-3078] INFO  impl.FollowerState (FollowerState.java:run(108)) - b32d7882-88db-4fe6-9cca-6a25122d474d@group-896385CD49EE-FollowerState: change to CANDIDATE, lastRpcTime:20ms, electionTimeout:20ms
2019-10-17 02:15:07,645 [Thread-3078] INFO  impl.RoleInfo (RoleInfo.java:shutdownFollowerState(121)) - b32d7882-88db-4fe6-9cca-6a25122d474d: shutdown FollowerState
2019-10-17 02:15:07,645 [Thread-3078] INFO  impl.RaftServerImpl (RaftServerImpl.java:setRole(184)) - b32d7882-88db-4fe6-9cca-6a25122d474d@group-896385CD49EE: changes role from  FOLLOWER to CANDIDATE at term 278 for changeToCandidate
2019-10-17 02:15:07,645 [Thread-3078] INFO  impl.RoleInfo (RoleInfo.java:updateAndGet(143)) - b32d7882-88db-4fe6-9cca-6a25122d474d: start LeaderElection
2019-10-17 02:15:07,659 [b32d7882-88db-4fe6-9cca-6a25122d474d@group-896385CD49EE-LeaderElection326] INFO  impl.LeaderElection (LeaderElection.java:askForVotes(178)) - b32d7882-88db-4fe6-9cca-6a25122d474d@group-896385CD49EE-LeaderElection326: begin an election at term 279 for -1: [b32d7882-88db-4fe6-9cca-6a25122d474d:192.168.157.194:42206, 3aea292b-16fb-4e9b-be90-828afa8e8047:192.168.157.194:34569, a6b2ebfb-69a0-457c-b6cd-a50cc148b564:192.168.157.194:37298], old=null
2019-10-17 02:15:07,661 [grpc-default-executor-0] INFO  impl.RaftServerImpl (RaftServerImpl.java:setRole(184)) - 3aea292b-16fb-4e9b-be90-828afa8e8047@group-896385CD49EE: changes role from  FOLLOWER to FOLLOWER at term 279 for recognizeCandidate:b32d7882-88db-4fe6-9cca-6a25122d474d
2019-10-17 02:15:07,661 [grpc-default-executor-0] INFO  impl.RoleInfo (RoleInfo.java:shutdownFollowerState(121)) - 3aea292b-16fb-4e9b-be90-828afa8e8047: shutdown FollowerState
2019-10-17 02:15:07,662 [grpc-default-executor-0] INFO  impl.RoleInfo (RoleInfo.java:updateAndGet(143)) - 3aea292b-16fb-4e9b-be90-828afa8e8047: start FollowerState
2019-10-17 02:15:07,662 [Thread-3076] INFO  impl.FollowerState (FollowerState.java:run(117)) - 3aea292b-16fb-4e9b-be90-828afa8e8047@group-896385CD49EE-FollowerState was interrupted: java.lang.InterruptedException: sleep interrupted
2019-10-17 02:15:07,662 [grpc-default-executor-2] INFO  impl.RaftServerImpl (RaftServerImpl.java:setRole(184)) - a6b2ebfb-69a0-457c-b6cd-a50cc148b564@group-896385CD49EE: changes role from  FOLLOWER to FOLLOWER at term 279 for recognizeCandidate:b32d7882-88db-4fe6-9cca-6a25122d474d
2019-10-17 02:15:07,662 [grpc-default-executor-2] INFO  impl.RoleInfo (RoleInfo.java:shutdownFollowerState(121)) - a6b2ebfb-69a0-457c-b6cd-a50cc148b564: shutdown FollowerState
2019-10-17 02:15:07,662 [grpc-default-executor-2] INFO  impl.RoleInfo (RoleInfo.java:updateAndGet(143)) - a6b2ebfb-69a0-457c-b6cd-a50cc148b564: start FollowerState
2019-10-17 02:15:07,662 [Thread-3077] INFO  impl.FollowerState (FollowerState.java:run(117)) - a6b2ebfb-69a0-457c-b6cd-a50cc148b564@group-896385CD49EE-FollowerState was interrupted: java.lang.InterruptedException: sleep interrupted
2019-10-17 02:15:07,676 [b32d7882-88db-4fe6-9cca-6a25122d474d@group-896385CD49EE-LeaderElection326] INFO  impl.LeaderElection (LeaderElection.java:logAndReturn(56)) - b32d7882-88db-4fe6-9cca-6a25122d474d@group-896385CD49EE-LeaderElection326: Election REJECTED; received 2 response(s) [b32d7882-88db-4fe6-9cca-6a25122d474d<-3aea292b-16fb-4e9b-be90-828afa8e8047#0:FAIL-t279, b32d7882-88db-4fe6-9cca-6a25122d474d<-a6b2ebfb-69a0-457c-b6cd-a50cc148b564#0:FAIL-t279] and 0 exception(s); b32d7882-88db-4fe6-9cca-6a25122d474d@group-896385CD49EE:t279, leader=null, voted=b32d7882-88db-4fe6-9cca-6a25122d474d, raftlog=b32d7882-88db-4fe6-9cca-6a25122d474d@group-896385CD49EE-SegmentedRaftLog:OPENED:c-1,f-1,i0, conf=-1: [b32d7882-88db-4fe6-9cca-6a25122d474d:192.168.157.194:42206, 3aea292b-16fb-4e9b-be90-828afa8e8047:192.168.157.194:34569, a6b2ebfb-69a0-457c-b6cd-a50cc148b564:192.168.157.194:37298], old=null
2019-10-17 02:15:07,676 [b32d7882-88db-4fe6-9cca-6a25122d474d@group-896385CD49EE-LeaderElection326] INFO  impl.RaftServerImpl (RaftServerImpl.java:setRole(184)) - b32d7882-88db-4fe6-9cca-6a25122d474d@group-896385CD49EE: changes role from CANDIDATE to FOLLOWER at term 279 for DISCOVERED_A_NEW_TERM
2019-10-17 02:15:07,676 [b32d7882-88db-4fe6-9cca-6a25122d474d@group-896385CD49EE-LeaderElection326] INFO  impl.RoleInfo (RoleInfo.java:shutdownLeaderElection(134)) - b32d7882-88db-4fe6-9cca-6a25122d474d: shutdown LeaderElection
2019-10-17 02:15:07,676 [b32d7882-88db-4fe6-9cca-6a25122d474d@group-896385CD49EE-LeaderElection326] INFO  impl.RoleInfo (RoleInfo.java:updateAndGet(143)) - b32d7882-88db-4fe6-9cca-6a25122d474d: start FollowerState
2019-10-17 02:15:07,843 [Thread-3084] INFO  impl.FollowerState (FollowerState.java:run(108)) - b32d7882-88db-4fe6-9cca-6a25122d474d@group-896385CD49EE-FollowerState: change to CANDIDATE, lastRpcTime:166ms, electionTimeout:166ms
2019-10-17 02:15:07,843 [Thread-3084] INFO  impl.RoleInfo (RoleInfo.java:shutdownFollowerState(121)) - b32d7882-88db-4fe6-9cca-6a25122d474d: shutdown FollowerState
2019-10-17 02:15:07,843 [Thread-3084] INFO  impl.RaftServerImpl (RaftServerImpl.java:setRole(184)) - b32d7882-88db-4fe6-9cca-6a25122d474d@group-896385CD49EE: changes role from  FOLLOWER to CANDIDATE at term 279 for changeToCandidate
2019-10-17 02:15:07,843 [Thread-3084] INFO  impl.RoleInfo (RoleInfo.java:updateAndGet(143)) - b32d7882-88db-4fe6-9cca-6a25122d474d: start LeaderElection
2019-10-17 02:15:07,857 [b32d7882-88db-4fe6-9cca-6a25122d474d@group-896385CD49EE-LeaderElection327] INFO  impl.LeaderElection (LeaderElection.java:askForVotes(178)) - b32d7882-88db-4fe6-9cca-6a25122d474d@group-896385CD49EE-LeaderElection327: begin an election at term 280 for -1: [b32d7882-88db-4fe6-9cca-6a25122d474d:192.168.157.194:42206, 3aea292b-16fb-4e9b-be90-828afa8e8047:192.168.157.194:34569, a6b2ebfb-69a0-457c-b6cd-a50cc148b564:192.168.157.194:37298], old=null
2019-10-17 02:15:07,859 [grpc-default-executor-0] INFO  impl.RaftServerImpl (RaftServerImpl.java:setRole(184)) - 3aea292b-16fb-4e9b-be90-828afa8e8047@group-896385CD49EE: changes role from  FOLLOWER to FOLLOWER at term 280 for recognizeCandidate:b32d7882-88db-4fe6-9cca-6a25122d474d
2019-10-17 02:15:07,859 [grpc-default-executor-0] INFO  impl.RoleInfo (RoleInfo.java:shutdownFollowerState(121)) - 3aea292b-16fb-4e9b-be90-828afa8e8047: shutdown FollowerState
2019-10-17 02:15:07,859 [grpc-default-executor-0] INFO  impl.RoleInfo (RoleInfo.java:updateAndGet(143)) - 3aea292b-16fb-4e9b-be90-828afa8e8047: start FollowerState
2019-10-17 02:15:07,859 [Thread-3082] INFO  impl.FollowerState (FollowerState.java:run(117)) - 3aea292b-16fb-4e9b-be90-828afa8e8047@group-896385CD49EE-FollowerState was interrupted: java.lang.InterruptedException: sleep interrupted
2019-10-17 02:15:07,860 [grpc-default-executor-2] INFO  impl.RaftServerImpl (RaftServerImpl.java:setRole(184)) - a6b2ebfb-69a0-457c-b6cd-a50cc148b564@group-896385CD49EE: changes role from  FOLLOWER to FOLLOWER at term 280 for recognizeCandidate:b32d7882-88db-4fe6-9cca-6a25122d474d
2019-10-17 02:15:07,860 [grpc-default-executor-2] INFO  impl.RoleInfo (RoleInfo.java:shutdownFollowerState(121)) - a6b2ebfb-69a0-457c-b6cd-a50cc148b564: shutdown FollowerState
2019-10-17 02:15:07,860 [grpc-default-executor-2] INFO  impl.RoleInfo (RoleInfo.java:updateAndGet(143)) - a6b2ebfb-69a0-457c-b6cd-a50cc148b564: start FollowerState
2019-10-17 02:15:07,860 [Thread-3083] INFO  impl.FollowerState (FollowerState.java:run(117)) - a6b2ebfb-69a0-457c-b6cd-a50cc148b564@group-896385CD49EE-FollowerState was interrupted: java.lang.InterruptedException: sleep interrupted
2019-10-17 02:15:07,874 [b32d7882-88db-4fe6-9cca-6a25122d474d@group-896385CD49EE-LeaderElection327] INFO  impl.LeaderElection (LeaderElection.java:logAndReturn(56)) - b32d7882-88db-4fe6-9cca-6a25122d474d@group-896385CD49EE-LeaderElection327: Election REJECTED; received 2 response(s) [b32d7882-88db-4fe6-9cca-6a25122d474d<-3aea292b-16fb-4e9b-be90-828afa8e8047#0:FAIL-t280, b32d7882-88db-4fe6-9cca-6a25122d474d<-a6b2ebfb-69a0-457c-b6cd-a50cc148b564#0:FAIL-t280] and 0 exception(s); b32d7882-88db-4fe6-9cca-6a25122d474d@group-896385CD49EE:t280, leader=null, voted=b32d7882-88db-4fe6-9cca-6a25122d474d, raftlog=b32d7882-88db-4fe6-9cca-6a25122d474d@group-896385CD49EE-SegmentedRaftLog:OPENED:c-1,f-1,i0, conf=-1: [b32d7882-88db-4fe6-9cca-6a25122d474d:192.168.157.194:42206, 3aea292b-16fb-4e9b-be90-828afa8e8047:192.168.157.194:34569, a6b2ebfb-69a0-457c-b6cd-a50cc148b564:192.168.157.194:37298], old=null
2019-10-17 02:15:07,875 [b32d7882-88db-4fe6-9cca-6a25122d474d@group-896385CD49EE-LeaderElection327] INFO  impl.RaftServerImpl (RaftServerImpl.java:setRole(184)) - b32d7882-88db-4fe6-9cca-6a25122d474d@group-896385CD49EE: changes role from CANDIDATE to FOLLOWER at term 280 for DISCOVERED_A_NEW_TERM
2019-10-17 02:15:07,875 [b32d7882-88db-4fe6-9cca-6a25122d474d@group-896385CD49EE-LeaderElection327] INFO  impl.RoleInfo (RoleInfo.java:shutdownLeaderElection(134)) - b32d7882-88db-4fe6-9cca-6a25122d474d: shutdown LeaderElection
2019-10-17 02:15:07,875 [b32d7882-88db-4fe6-9cca-6a25122d474d@group-896385CD49EE-LeaderElection327] INFO  impl.RoleInfo (RoleInfo.java:updateAndGet(143)) - b32d7882-88db-4fe6-9cca-6a25122d474d: start FollowerState
2019-10-17 02:15:07,950 [Thread-3090] INFO  impl.FollowerState (FollowerState.java:run(108)) - b32d7882-88db-4fe6-9cca-6a25122d474d@group-896385CD49EE-FollowerState: change to CANDIDATE, lastRpcTime:75ms, electionTimeout:75ms
2019-10-17 02:15:07,950 [Thread-3090] INFO  impl.RoleInfo (RoleInfo.java:shutdownFollowerState(121)) - b32d7882-88db-4fe6-9cca-6a25122d474d: shutdown FollowerState
2019-10-17 02:15:07,951 [Thread-3090] INFO  impl.RaftServerImpl (RaftServerImpl.java:setRole(184)) - b32d7882-88db-4fe6-9cca-6a25122d474d@group-896385CD49EE: changes role from  FOLLOWER to CANDIDATE at term 280 for changeToCandidate
2019-10-17 02:15:07,951 [Thread-3090] INFO  impl.RoleInfo (RoleInfo.java:updateAndGet(143)) - b32d7882-88db-4fe6-9cca-6a25122d474d: start LeaderElection
2019-10-17 02:15:07,965 [b32d7882-88db-4fe6-9cca-6a25122d474d@group-896385CD49EE-LeaderElection328] INFO  impl.LeaderElection (LeaderElection.java:askForVotes(178)) - b32d7882-88db-4fe6-9cca-6a25122d474d@group-896385CD49EE-LeaderElection328: begin an election at term 281 for -1: [b32d7882-88db-4fe6-9cca-6a25122d474d:192.168.157.194:42206, 3aea292b-16fb-4e9b-be90-828afa8e8047:192.168.157.194:34569, a6b2ebfb-69a0-457c-b6cd-a50cc148b564:192.168.157.194:37298], old=null
2019-10-17 02:15:07,967 [grpc-default-executor-0] INFO  impl.RaftServerImpl (RaftServerImpl.java:setRole(184)) - 3aea292b-16fb-4e9b-be90-828afa8e8047@group-896385CD49EE: changes role from  FOLLOWER to FOLLOWER at term 281 for recognizeCandidate:b32d7882-88db-4fe6-9cca-6a25122d474d
2019-10-17 02:15:07,967 [grpc-default-executor-0] INFO  impl.RoleInfo (RoleInfo.java:shutdownFollowerState(121)) - 3aea292b-16fb-4e9b-be90-828afa8e8047: shutdown FollowerState
2019-10-17 02:15:07,967 [grpc-default-executor-0] INFO  impl.RoleInfo (RoleInfo.java:updateAndGet(143)) - 3aea292b-16fb-4e9b-be90-828afa8e8047: start FollowerState
2019-10-17 02:15:07,967 [Thread-3088] INFO  impl.FollowerState (FollowerState.java:run(117)) - 3aea292b-16fb-4e9b-be90-828afa8e8047@group-896385CD49EE-FollowerState was interrupted: java.lang.InterruptedException: sleep interrupted
2019-10-17 02:15:07,967 [grpc-default-executor-2] INFO  impl.RaftServerImpl (RaftServerImpl.java:setRole(184)) - a6b2ebfb-69a0-457c-b6cd-a50cc148b564@group-896385CD49EE: changes role from  FOLLOWER to FOLLOWER at term 281 for recognizeCandidate:b32d7882-88db-4fe6-9cca-6a25122d474d
2019-10-17 02:15:07,968 [grpc-default-executor-2] INFO  impl.RoleInfo (RoleInfo.java:shutdownFollowerState(121)) - a6b2ebfb-69a0-457c-b6cd-a50cc148b564: shutdown FollowerState
2019-10-17 02:15:07,968 [grpc-default-executor-2] INFO  impl.RoleInfo (RoleInfo.java:updateAndGet(143)) - a6b2ebfb-69a0-457c-b6cd-a50cc148b564: start FollowerState
2019-10-17 02:15:07,968 [Thread-3089] INFO  impl.FollowerState (FollowerState.java:run(117)) - a6b2ebfb-69a0-457c-b6cd-a50cc148b564@group-896385CD49EE-FollowerState was interrupted: java.lang.InterruptedException: sleep interrupted
2019-10-17 02:15:07,982 [b32d7882-88db-4fe6-9cca-6a25122d474d@group-896385CD49EE-LeaderElection328] INFO  impl.LeaderElection (LeaderElection.java:logAndReturn(56)) - b32d7882-88db-4fe6-9cca-6a25122d474d@group-896385CD49EE-LeaderElection328: Election REJECTED; received 2 response(s) [b32d7882-88db-4fe6-9cca-6a25122d474d<-3aea292b-16fb-4e9b-be90-828afa8e8047#0:FAIL-t281, b32d7882-88db-4fe6-9cca-6a25122d474d<-a6b2ebfb-69a0-457c-b6cd-a50cc148b564#0:FAIL-t281] and 0 exception(s); b32d7882-88db-4fe6-9cca-6a25122d474d@group-896385CD49EE:t281, leader=null, voted=b32d7882-88db-4fe6-9cca-6a25122d474d, raftlog=b32d7882-88db-4fe6-9cca-6a25122d474d@group-896385CD49EE-SegmentedRaftLog:OPENED:c-1,f-1,i0, conf=-1: [b32d7882-88db-4fe6-9cca-6a25122d474d:192.168.157.194:42206, 3aea292b-16fb-4e9b-be90-828afa8e8047:192.168.157.194:34569, a6b2ebfb-69a0-457c-b6cd-a50cc148b564:192.168.157.194:37298], old=null
2019-10-17 02:15:07,982 [b32d7882-88db-4fe6-9cca-6a25122d474d@group-896385CD49EE-LeaderElection328] INFO  impl.RaftServerImpl (RaftServerImpl.java:setRole(184)) - b32d7882-88db-4fe6-9cca-6a25122d474d@group-896385CD49EE: changes role from CANDIDATE to FOLLOWER at term 281 for DISCOVERED_A_NEW_TERM
2019-10-17 02:15:07,982 [b32d7882-88db-4fe6-9cca-6a25122d474d@group-896385CD49EE-LeaderElection328] INFO  impl.RoleInfo (RoleInfo.java:shutdownLeaderElection(134)) - b32d7882-88db-4fe6-9cca-6a25122d474d: shutdown LeaderElection
2019-10-17 02:15:07,982 [b32d7882-88db-4fe6-9cca-6a25122d474d@group-896385CD49EE-LeaderElection328] INFO  impl.RoleInfo (RoleInfo.java:updateAndGet(143)) - b32d7882-88db-4fe6-9cca-6a25122d474d: start FollowerState
2019-10-17 02:15:08,056 [Thread-3096] INFO  impl.FollowerState (FollowerState.java:run(108)) - b32d7882-88db-4fe6-9cca-6a25122d474d@group-896385CD49EE-FollowerState: change to CANDIDATE, lastRpcTime:74ms, electionTimeout:74ms
2019-10-17 02:15:08,057 [Thread-3096] INFO  impl.RoleInfo (RoleInfo.java:shutdownFollowerState(121)) - b32d7882-88db-4fe6-9cca-6a25122d474d: shutdown FollowerState
2019-10-17 02:15:08,057 [Thread-3096] INFO  impl.RaftServerImpl (RaftServerImpl.java:setRole(184)) - b32d7882-88db-4fe6-9cca-6a25122d474d@group-896385CD49EE: changes role from  FOLLOWER to CANDIDATE at term 281 for changeToCandidate
2019-10-17 02:15:08,057 [Thread-3096] INFO  impl.RoleInfo (RoleInfo.java:updateAndGet(143)) - b32d7882-88db-4fe6-9cca-6a25122d474d: start LeaderElection
2019-10-17 02:15:08,070 [b32d7882-88db-4fe6-9cca-6a25122d474d@group-896385CD49EE-LeaderElection329] INFO  impl.LeaderElection (LeaderElection.java:askForVotes(178)) - b32d7882-88db-4fe6-9cca-6a25122d474d@group-896385CD49EE-LeaderElection329: begin an election at term 282 for -1: [b32d7882-88db-4fe6-9cca-6a25122d474d:192.168.157.194:42206, 3aea292b-16fb-4e9b-be90-828afa8e8047:192.168.157.194:34569, a6b2ebfb-69a0-457c-b6cd-a50cc148b564:192.168.157.194:37298], old=null
2019-10-17 02:15:08,072 [grpc-default-executor-0] INFO  impl.RaftServerImpl (RaftServerImpl.java:setRole(184)) - 3aea292b-16fb-4e9b-be90-828afa8e8047@group-896385CD49EE: changes role from  FOLLOWER to FOLLOWER at term 282 for recognizeCandidate:b32d7882-88db-4fe6-9cca-6a25122d474d
2019-10-17 02:15:08,072 [grpc-default-executor-0] INFO  impl.RoleInfo (RoleInfo.java:shutdownFollowerState(121)) - 3aea292b-16fb-4e9b-be90-828afa8e8047: shutdown FollowerState
2019-10-17 02:15:08,072 [grpc-default-executor-2] INFO  impl.RaftServerImpl (RaftServerImpl.java:setRole(184)) - a6b2ebfb-69a0-457c-b6cd-a50cc148b564@group-896385CD49EE: changes role from  FOLLOWER to FOLLOWER at term 282 for recognizeCandidate:b32d7882-88db-4fe6-9cca-6a25122d474d
2019-10-17 02:15:08,072 [grpc-default-executor-2] INFO  impl.RoleInfo (RoleInfo.java:shutdownFollowerState(121)) - a6b2ebfb-69a0-457c-b6cd-a50cc148b564: shutdown FollowerState
2019-10-17 02:15:08,072 [Thread-3094] INFO  impl.FollowerState (FollowerState.java:run(117)) - 3aea292b-16fb-4e9b-be90-828afa8e8047@group-896385CD49EE-FollowerState was interrupted: java.lang.InterruptedException: sleep interrupted
2019-10-17 02:15:08,072 [grpc-default-executor-0] INFO  impl.RoleInfo (RoleInfo.java:updateAndGet(143)) - 3aea292b-16fb-4e9b-be90-828afa8e8047: start FollowerState
2019-10-17 02:15:08,073 [Thread-3095] INFO  impl.FollowerState (FollowerState.java:run(117)) - a6b2ebfb-69a0-457c-b6cd-a50cc148b564@group-896385CD49EE-FollowerState was interrupted: java.lang.InterruptedException: sleep interrupted
2019-10-17 02:15:08,073 [grpc-default-executor-2] INFO  impl.RoleInfo (RoleInfo.java:updateAndGet(143)) - a6b2ebfb-69a0-457c-b6cd-a50cc148b564: start FollowerState
2019-10-17 02:15:08,087 [b32d7882-88db-4fe6-9cca-6a25122d474d@group-896385CD49EE-LeaderElection329] INFO  impl.LeaderElection (LeaderElection.java:logAndReturn(56)) - b32d7882-88db-4fe6-9cca-6a25122d474d@group-896385CD49EE-LeaderElection329: Election REJECTED; received 2 response(s) [b32d7882-88db-4fe6-9cca-6a25122d474d<-3aea292b-16fb-4e9b-be90-828afa8e8047#0:FAIL-t282, b32d7882-88db-4fe6-9cca-6a25122d474d<-a6b2ebfb-69a0-457c-b6cd-a50cc148b564#0:FAIL-t282] and 0 exception(s); b32d7882-88db-4fe6-9cca-6a25122d474d@group-896385CD49EE:t282, leader=null, voted=b32d7882-88db-4fe6-9cca-6a25122d474d, raftlog=b32d7882-88db-4fe6-9cca-6a25122d474d@group-896385CD49EE-SegmentedRaftLog:OPENED:c-1,f-1,i0, conf=-1: [b32d7882-88db-4fe6-9cca-6a25122d474d:192.168.157.194:42206, 3aea292b-16fb-4e9b-be90-828afa8e8047:192.168.157.194:34569, a6b2ebfb-69a0-457c-b6cd-a50cc148b564:192.168.157.194:37298], old=null
2019-10-17 02:15:08,088 [b32d7882-88db-4fe6-9cca-6a25122d474d@group-896385CD49EE-LeaderElection329] INFO  impl.RaftServerImpl (RaftServerImpl.java:setRole(184)) - b32d7882-88db-4fe6-9cca-6a25122d474d@group-896385CD49EE: changes role from CANDIDATE to FOLLOWER at term 282 for DISCOVERED_A_NEW_TERM
2019-10-17 02:15:08,088 [b32d7882-88db-4fe6-9cca-6a25122d474d@group-896385CD49EE-LeaderElection329] INFO  impl.RoleInfo (RoleInfo.java:shutdownLeaderElection(134)) - b32d7882-88db-4fe6-9cca-6a25122d474d: shutdown LeaderElection
2019-10-17 02:15:08,088 [b32d7882-88db-4fe6-9cca-6a25122d474d@group-896385CD49EE-LeaderElection329] INFO  impl.RoleInfo (RoleInfo.java:updateAndGet(143)) - b32d7882-88db-4fe6-9cca-6a25122d474d: start FollowerState
2019-10-17 02:15:08,130 [Thread-3102] INFO  impl.FollowerState (FollowerState.java:run(108)) - b32d7882-88db-4fe6-9cca-6a25122d474d@group-896385CD49EE-FollowerState: change to CANDIDATE, lastRpcTime:42ms, electionTimeout:42ms
2019-10-17 02:15:08,130 [Thread-3102] INFO  impl.RoleInfo (RoleInfo.java:shutdownFollowerState(121)) - b32d7882-88db-4fe6-9cca-6a25122d474d: shutdown FollowerState
2019-10-17 02:15:08,131 [Thread-3102] INFO  impl.RaftServerImpl (RaftServerImpl.java:setRole(184)) - b32d7882-88db-4fe6-9cca-6a25122d474d@group-896385CD49EE: changes role from  FOLLOWER to CANDIDATE at term 282 for changeToCandidate
2019-10-17 02:15:08,131 [Thread-3102] INFO  impl.RoleInfo (RoleInfo.java:updateAndGet(143)) - b32d7882-88db-4fe6-9cca-6a25122d474d: start LeaderElection
2019-10-17 02:15:08,145 [b32d7882-88db-4fe6-9cca-6a25122d474d@group-896385CD49EE-LeaderElection330] INFO  impl.LeaderElection (LeaderElection.java:askForVotes(178)) - b32d7882-88db-4fe6-9cca-6a25122d474d@group-896385CD49EE-LeaderElection330: begin an election at term 283 for -1: [b32d7882-88db-4fe6-9cca-6a25122d474d:192.168.157.194:42206, 3aea292b-16fb-4e9b-be90-828afa8e8047:192.168.157.194:34569, a6b2ebfb-69a0-457c-b6cd-a50cc148b564:192.168.157.194:37298], old=null
2019-10-17 02:15:08,146 [grpc-default-executor-0] INFO  impl.RaftServerImpl (RaftServerImpl.java:setRole(184)) - 3aea292b-16fb-4e9b-be90-828afa8e8047@group-896385CD49EE: changes role from  FOLLOWER to FOLLOWER at term 283 for recognizeCandidate:b32d7882-88db-4fe6-9cca-6a25122d474d
2019-10-17 02:15:08,147 [grpc-default-executor-0] INFO  impl.RoleInfo (RoleInfo.java:shutdownFollowerState(121)) - 3aea292b-16fb-4e9b-be90-828afa8e8047: shutdown FollowerState
2019-10-17 02:15:08,147 [grpc-default-executor-2] INFO  impl.RaftServerImpl (RaftServerImpl.java:setRole(184)) - a6b2ebfb-69a0-457c-b6cd-a50cc148b564@group-896385CD49EE: changes role from  FOLLOWER to FOLLOWER at term 283 for recognizeCandidate:b32d7882-88db-4fe6-9cca-6a25122d474d
2019-10-17 02:15:08,147 [grpc-default-executor-2] INFO  impl.RoleInfo (RoleInfo.java:shutdownFollowerState(121)) - a6b2ebfb-69a0-457c-b6cd-a50cc148b564: shutdown FollowerState
2019-10-17 02:15:08,147 [Thread-3100] INFO  impl.FollowerState (FollowerState.java:run(117)) - 3aea292b-16fb-4e9b-be90-828afa8e8047@group-896385CD49EE-FollowerState was interrupted: java.lang.InterruptedException: sleep interrupted
2019-10-17 02:15:08,147 [grpc-default-executor-0] INFO  impl.RoleInfo (RoleInfo.java:updateAndGet(143)) - 3aea292b-16fb-4e9b-be90-828afa8e8047: start FollowerState
2019-10-17 02:15:08,147 [Thread-3101] INFO  impl.FollowerState (FollowerState.java:run(117)) - a6b2ebfb-69a0-457c-b6cd-a50cc148b564@group-896385CD49EE-FollowerState was interrupted: java.lang.InterruptedException: sleep interrupted
2019-10-17 02:15:08,147 [grpc-default-executor-2] INFO  impl.RoleInfo (RoleInfo.java:updateAndGet(143)) - a6b2ebfb-69a0-457c-b6cd-a50cc148b564: start FollowerState
2019-10-17 02:15:08,155 [b32d7882-88db-4fe6-9cca-6a25122d474d@group-896385CD49EE-LeaderElection330] INFO  impl.LeaderElection (LeaderElection.java:logAndReturn(56)) - b32d7882-88db-4fe6-9cca-6a25122d474d@group-896385CD49EE-LeaderElection330: Election REJECTED; received 2 response(s) [b32d7882-88db-4fe6-9cca-6a25122d474d<-3aea292b-16fb-4e9b-be90-828afa8e8047#0:FAIL-t283, b32d7882-88db-4fe6-9cca-6a25122d474d<-a6b2ebfb-69a0-457c-b6cd-a50cc148b564#0:FAIL-t283] and 0 exception(s); b32d7882-88db-4fe6-9cca-6a25122d474d@group-896385CD49EE:t283, leader=null, voted=b32d7882-88db-4fe6-9cca-6a25122d474d, raftlog=b32d7882-88db-4fe6-9cca-6a25122d474d@group-896385CD49EE-SegmentedRaftLog:OPENED:c-1,f-1,i0, conf=-1: [b32d7882-88db-4fe6-9cca-6a25122d474d:192.168.157.194:42206, 3aea292b-16fb-4e9b-be90-828afa8e8047:192.168.157.194:34569, a6b2ebfb-69a0-457c-b6cd-a50cc148b564:192.168.157.194:37298], old=null
2019-10-17 02:15:08,155 [b32d7882-88db-4fe6-9cca-6a25122d474d@group-896385CD49EE-LeaderElection330] INFO  impl.RaftServerImpl (RaftServerImpl.java:setRole(184)) - b32d7882-88db-4fe6-9cca-6a25122d474d@group-896385CD49EE: changes role from CANDIDATE to FOLLOWER at term 283 for DISCOVERED_A_NEW_TERM
2019-10-17 02:15:08,155 [b32d7882-88db-4fe6-9cca-6a25122d474d@group-896385CD49EE-LeaderElection330] INFO  impl.RoleInfo (RoleInfo.java:shutdownLeaderElection(134)) - b32d7882-88db-4fe6-9cca-6a25122d474d: shutdown LeaderElection
2019-10-17 02:15:08,156 [b32d7882-88db-4fe6-9cca-6a25122d474d@group-896385CD49EE-LeaderElection330] INFO  impl.RoleInfo (RoleInfo.java:updateAndGet(143)) - b32d7882-88db-4fe6-9cca-6a25122d474d: start FollowerState
2019-10-17 02:15:08,174 [main] INFO  ozone.MiniOzoneClusterImpl (MiniOzoneClusterImpl.java:lambda$waitForClusterToBeReady$2(164)) - Waiting for 1 number of pipelines out of 4, to report a leader.
2019-10-17 02:15:08,309 [Thread-3108] INFO  impl.FollowerState (FollowerState.java:run(108)) - b32d7882-88db-4fe6-9cca-6a25122d474d@group-896385CD49EE-FollowerState: change to CANDIDATE, lastRpcTime:153ms, electionTimeout:153ms
2019-10-17 02:15:08,309 [Thread-3108] INFO  impl.RoleInfo (RoleInfo.java:shutdownFollowerState(121)) - b32d7882-88db-4fe6-9cca-6a25122d474d: shutdown FollowerState
2019-10-17 02:15:08,309 [Thread-3108] INFO  impl.RaftServerImpl (RaftServerImpl.java:setRole(184)) - b32d7882-88db-4fe6-9cca-6a25122d474d@group-896385CD49EE: changes role from  FOLLOWER to CANDIDATE at term 283 for changeToCandidate
2019-10-17 02:15:08,310 [Thread-3108] INFO  impl.RoleInfo (RoleInfo.java:updateAndGet(143)) - b32d7882-88db-4fe6-9cca-6a25122d474d: start LeaderElection
2019-10-17 02:15:08,323 [b32d7882-88db-4fe6-9cca-6a25122d474d@group-896385CD49EE-LeaderElection331] INFO  impl.LeaderElection (LeaderElection.java:askForVotes(178)) - b32d7882-88db-4fe6-9cca-6a25122d474d@group-896385CD49EE-LeaderElection331: begin an election at term 284 for -1: [b32d7882-88db-4fe6-9cca-6a25122d474d:192.168.157.194:42206, 3aea292b-16fb-4e9b-be90-828afa8e8047:192.168.157.194:34569, a6b2ebfb-69a0-457c-b6cd-a50cc148b564:192.168.157.194:37298], old=null
2019-10-17 02:15:08,325 [grpc-default-executor-2] INFO  impl.RaftServerImpl (RaftServerImpl.java:setRole(184)) - 3aea292b-16fb-4e9b-be90-828afa8e8047@group-896385CD49EE: changes role from  FOLLOWER to FOLLOWER at term 284 for recognizeCandidate:b32d7882-88db-4fe6-9cca-6a25122d474d
2019-10-17 02:15:08,325 [grpc-default-executor-2] INFO  impl.RoleInfo (RoleInfo.java:shutdownFollowerState(121)) - 3aea292b-16fb-4e9b-be90-828afa8e8047: shutdown FollowerState
2019-10-17 02:15:08,325 [grpc-default-executor-0] INFO  impl.RaftServerImpl (RaftServerImpl.java:setRole(184)) - a6b2ebfb-69a0-457c-b6cd-a50cc148b564@group-896385CD49EE: changes role from  FOLLOWER to FOLLOWER at term 284 for recognizeCandidate:b32d7882-88db-4fe6-9cca-6a25122d474d
2019-10-17 02:15:08,325 [grpc-default-executor-0] INFO  impl.RoleInfo (RoleInfo.java:shutdownFollowerState(121)) - a6b2ebfb-69a0-457c-b6cd-a50cc148b564: shutdown FollowerState
2019-10-17 02:15:08,325 [Thread-3106] INFO  impl.FollowerState (FollowerState.java:run(117)) - 3aea292b-16fb-4e9b-be90-828afa8e8047@group-896385CD49EE-FollowerState was interrupted: java.lang.InterruptedException: sleep interrupted
2019-10-17 02:15:08,325 [grpc-default-executor-2] INFO  impl.RoleInfo (RoleInfo.java:updateAndGet(143)) - 3aea292b-16fb-4e9b-be90-828afa8e8047: start FollowerState
2019-10-17 02:15:08,326 [Thread-3107] INFO  impl.FollowerState (FollowerState.java:run(117)) - a6b2ebfb-69a0-457c-b6cd-a50cc148b564@group-896385CD49EE-FollowerState was interrupted: java.lang.InterruptedException: sleep interrupted
2019-10-17 02:15:08,326 [grpc-default-executor-0] INFO  impl.RoleInfo (RoleInfo.java:updateAndGet(143)) - a6b2ebfb-69a0-457c-b6cd-a50cc148b564: start FollowerState
2019-10-17 02:15:08,340 [b32d7882-88db-4fe6-9cca-6a25122d474d@group-896385CD49EE-LeaderElection331] INFO  impl.LeaderElection (LeaderElection.java:logAndReturn(56)) - b32d7882-88db-4fe6-9cca-6a25122d474d@group-896385CD49EE-LeaderElection331: Election REJECTED; received 2 response(s) [b32d7882-88db-4fe6-9cca-6a25122d474d<-3aea292b-16fb-4e9b-be90-828afa8e8047#0:FAIL-t284, b32d7882-88db-4fe6-9cca-6a25122d474d<-a6b2ebfb-69a0-457c-b6cd-a50cc148b564#0:FAIL-t284] and 0 exception(s); b32d7882-88db-4fe6-9cca-6a25122d474d@group-896385CD49EE:t284, leader=null, voted=b32d7882-88db-4fe6-9cca-6a25122d474d, raftlog=b32d7882-88db-4fe6-9cca-6a25122d474d@group-896385CD49EE-SegmentedRaftLog:OPENED:c-1,f-1,i0, conf=-1: [b32d7882-88db-4fe6-9cca-6a25122d474d:192.168.157.194:42206, 3aea292b-16fb-4e9b-be90-828afa8e8047:192.168.157.194:34569, a6b2ebfb-69a0-457c-b6cd-a50cc148b564:192.168.157.194:37298], old=null
2019-10-17 02:15:08,340 [b32d7882-88db-4fe6-9cca-6a25122d474d@group-896385CD49EE-LeaderElection331] INFO  impl.RaftServerImpl (RaftServerImpl.java:setRole(184)) - b32d7882-88db-4fe6-9cca-6a25122d474d@group-896385CD49EE: changes role from CANDIDATE to FOLLOWER at term 284 for DISCOVERED_A_NEW_TERM
2019-10-17 02:15:08,341 [b32d7882-88db-4fe6-9cca-6a25122d474d@group-896385CD49EE-LeaderElection331] INFO  impl.RoleInfo (RoleInfo.java:shutdownLeaderElection(134)) - b32d7882-88db-4fe6-9cca-6a25122d474d: shutdown LeaderElection
2019-10-17 02:15:08,341 [b32d7882-88db-4fe6-9cca-6a25122d474d@group-896385CD49EE-LeaderElection331] INFO  impl.RoleInfo (RoleInfo.java:updateAndGet(143)) - b32d7882-88db-4fe6-9cca-6a25122d474d: start FollowerState
2019-10-17 02:15:08,342 [Thread-3114] INFO  impl.FollowerState (FollowerState.java:run(108)) - b32d7882-88db-4fe6-9cca-6a25122d474d@group-896385CD49EE-FollowerState: change to CANDIDATE, lastRpcTime:1ms, electionTimeout:1ms
2019-10-17 02:15:08,342 [Thread-3114] INFO  impl.RoleInfo (RoleInfo.java:shutdownFollowerState(121)) - b32d7882-88db-4fe6-9cca-6a25122d474d: shutdown FollowerState
2019-10-17 02:15:08,343 [Thread-3114] INFO  impl.RaftServerImpl (RaftServerImpl.java:setRole(184)) - b32d7882-88db-4fe6-9cca-6a25122d474d@group-896385CD49EE: changes role from  FOLLOWER to CANDIDATE at term 284 for changeToCandidate
2019-10-17 02:15:08,343 [Thread-3114] INFO  impl.RoleInfo (RoleInfo.java:updateAndGet(143)) - b32d7882-88db-4fe6-9cca-6a25122d474d: start LeaderElection
2019-10-17 02:15:08,356 [b32d7882-88db-4fe6-9cca-6a25122d474d@group-896385CD49EE-LeaderElection332] INFO  impl.LeaderElection (LeaderElection.java:askForVotes(178)) - b32d7882-88db-4fe6-9cca-6a25122d474d@group-896385CD49EE-LeaderElection332: begin an election at term 285 for -1: [b32d7882-88db-4fe6-9cca-6a25122d474d:192.168.157.194:42206, 3aea292b-16fb-4e9b-be90-828afa8e8047:192.168.157.194:34569, a6b2ebfb-69a0-457c-b6cd-a50cc148b564:192.168.157.194:37298], old=null
2019-10-17 02:15:08,357 [grpc-default-executor-2] INFO  impl.RaftServerImpl (RaftServerImpl.java:setRole(184)) - 3aea292b-16fb-4e9b-be90-828afa8e8047@group-896385CD49EE: changes role from  FOLLOWER to FOLLOWER at term 285 for recognizeCandidate:b32d7882-88db-4fe6-9cca-6a25122d474d
2019-10-17 02:15:08,358 [grpc-default-executor-2] INFO  impl.RoleInfo (RoleInfo.java:shutdownFollowerState(121)) - 3aea292b-16fb-4e9b-be90-828afa8e8047: shutdown FollowerState
2019-10-17 02:15:08,358 [grpc-default-executor-2] INFO  impl.RoleInfo (RoleInfo.java:updateAndGet(143)) - 3aea292b-16fb-4e9b-be90-828afa8e8047: start FollowerState
2019-10-17 02:15:08,358 [Thread-3112] INFO  impl.FollowerState (FollowerState.java:run(117)) - 3aea292b-16fb-4e9b-be90-828afa8e8047@group-896385CD49EE-FollowerState was interrupted: java.lang.InterruptedException: sleep interrupted
2019-10-17 02:15:08,358 [grpc-default-executor-0] INFO  impl.RaftServerImpl (RaftServerImpl.java:setRole(184)) - a6b2ebfb-69a0-457c-b6cd-a50cc148b564@group-896385CD49EE: changes role from  FOLLOWER to FOLLOWER at term 285 for recognizeCandidate:b32d7882-88db-4fe6-9cca-6a25122d474d
2019-10-17 02:15:08,358 [grpc-default-executor-0] INFO  impl.RoleInfo (RoleInfo.java:shutdownFollowerState(121)) - a6b2ebfb-69a0-457c-b6cd-a50cc148b564: shutdown FollowerState
2019-10-17 02:15:08,358 [grpc-default-executor-0] INFO  impl.RoleInfo (RoleInfo.java:updateAndGet(143)) - a6b2ebfb-69a0-457c-b6cd-a50cc148b564: start FollowerState
2019-10-17 02:15:08,358 [Thread-3113] INFO  impl.FollowerState (FollowerState.java:run(117)) - a6b2ebfb-69a0-457c-b6cd-a50cc148b564@group-896385CD49EE-FollowerState was interrupted: java.lang.InterruptedException: sleep interrupted
2019-10-17 02:15:08,372 [b32d7882-88db-4fe6-9cca-6a25122d474d@group-896385CD49EE-LeaderElection332] INFO  impl.LeaderElection (LeaderElection.java:logAndReturn(56)) - b32d7882-88db-4fe6-9cca-6a25122d474d@group-896385CD49EE-LeaderElection332: Election REJECTED; received 2 response(s) [b32d7882-88db-4fe6-9cca-6a25122d474d<-3aea292b-16fb-4e9b-be90-828afa8e8047#0:FAIL-t285, b32d7882-88db-4fe6-9cca-6a25122d474d<-a6b2ebfb-69a0-457c-b6cd-a50cc148b564#0:FAIL-t285] and 0 exception(s); b32d7882-88db-4fe6-9cca-6a25122d474d@group-896385CD49EE:t285, leader=null, voted=b32d7882-88db-4fe6-9cca-6a25122d474d, raftlog=b32d7882-88db-4fe6-9cca-6a25122d474d@group-896385CD49EE-SegmentedRaftLog:OPENED:c-1,f-1,i0, conf=-1: [b32d7882-88db-4fe6-9cca-6a25122d474d:192.168.157.194:42206, 3aea292b-16fb-4e9b-be90-828afa8e8047:192.168.157.194:34569, a6b2ebfb-69a0-457c-b6cd-a50cc148b564:192.168.157.194:37298], old=null
2019-10-17 02:15:08,373 [b32d7882-88db-4fe6-9cca-6a25122d474d@group-896385CD49EE-LeaderElection332] INFO  impl.RaftServerImpl (RaftServerImpl.java:setRole(184)) - b32d7882-88db-4fe6-9cca-6a25122d474d@group-896385CD49EE: changes role from CANDIDATE to FOLLOWER at term 285 for DISCOVERED_A_NEW_TERM
2019-10-17 02:15:08,373 [b32d7882-88db-4fe6-9cca-6a25122d474d@group-896385CD49EE-LeaderElection332] INFO  impl.RoleInfo (RoleInfo.java:shutdownLeaderElection(134)) - b32d7882-88db-4fe6-9cca-6a25122d474d: shutdown LeaderElection
2019-10-17 02:15:08,373 [b32d7882-88db-4fe6-9cca-6a25122d474d@group-896385CD49EE-LeaderElection332] INFO  impl.RoleInfo (RoleInfo.java:updateAndGet(143)) - b32d7882-88db-4fe6-9cca-6a25122d474d: start FollowerState
2019-10-17 02:15:08,485 [Thread-3120] INFO  impl.FollowerState (FollowerState.java:run(108)) - b32d7882-88db-4fe6-9cca-6a25122d474d@group-896385CD49EE-FollowerState: change to CANDIDATE, lastRpcTime:112ms, electionTimeout:112ms
2019-10-17 02:15:08,485 [Thread-3120] INFO  impl.RoleInfo (RoleInfo.java:shutdownFollowerState(121)) - b32d7882-88db-4fe6-9cca-6a25122d474d: shutdown FollowerState
2019-10-17 02:15:08,486 [Thread-3120] INFO  impl.RaftServerImpl (RaftServerImpl.java:setRole(184)) - b32d7882-88db-4fe6-9cca-6a25122d474d@group-896385CD49EE: changes role from  FOLLOWER to CANDIDATE at term 285 for changeToCandidate
2019-10-17 02:15:08,486 [Thread-3120] INFO  impl.RoleInfo (RoleInfo.java:updateAndGet(143)) - b32d7882-88db-4fe6-9cca-6a25122d474d: start LeaderElection
2019-10-17 02:15:08,500 [b32d7882-88db-4fe6-9cca-6a25122d474d@group-896385CD49EE-LeaderElection333] INFO  impl.LeaderElection (LeaderElection.java:askForVotes(178)) - b32d7882-88db-4fe6-9cca-6a25122d474d@group-896385CD49EE-LeaderElection333: begin an election at term 286 for -1: [b32d7882-88db-4fe6-9cca-6a25122d474d:192.168.157.194:42206, 3aea292b-16fb-4e9b-be90-828afa8e8047:192.168.157.194:34569, a6b2ebfb-69a0-457c-b6cd-a50cc148b564:192.168.157.194:37298], old=null
2019-10-17 02:15:08,502 [grpc-default-executor-0] INFO  impl.RaftServerImpl (RaftServerImpl.java:setRole(184)) - 3aea292b-16fb-4e9b-be90-828afa8e8047@group-896385CD49EE: changes role from  FOLLOWER to FOLLOWER at term 286 for recognizeCandidate:b32d7882-88db-4fe6-9cca-6a25122d474d
2019-10-17 02:15:08,502 [grpc-default-executor-0] INFO  impl.RoleInfo (RoleInfo.java:shutdownFollowerState(121)) - 3aea292b-16fb-4e9b-be90-828afa8e8047: shutdown FollowerState
2019-10-17 02:15:08,502 [grpc-default-executor-2] INFO  impl.RaftServerImpl (RaftServerImpl.java:setRole(184)) - a6b2ebfb-69a0-457c-b6cd-a50cc148b564@group-896385CD49EE: changes role from  FOLLOWER to FOLLOWER at term 286 for recognizeCandidate:b32d7882-88db-4fe6-9cca-6a25122d474d
2019-10-17 02:15:08,503 [grpc-default-executor-2] INFO  impl.RoleInfo (RoleInfo.java:shutdownFollowerState(121)) - a6b2ebfb-69a0-457c-b6cd-a50cc148b564: shutdown FollowerState
2019-10-17 02:15:08,502 [Thread-3118] INFO  impl.FollowerState (FollowerState.java:run(117)) - 3aea292b-16fb-4e9b-be90-828afa8e8047@group-896385CD49EE-FollowerState was interrupted: java.lang.InterruptedException: sleep interrupted
2019-10-17 02:15:08,502 [grpc-default-executor-0] INFO  impl.RoleInfo (RoleInfo.java:updateAndGet(143)) - 3aea292b-16fb-4e9b-be90-828afa8e8047: start FollowerState
2019-10-17 02:15:08,503 [Thread-3119] INFO  impl.FollowerState (FollowerState.java:run(117)) - a6b2ebfb-69a0-457c-b6cd-a50cc148b564@group-896385CD49EE-FollowerState was interrupted: java.lang.InterruptedException: sleep interrupted
2019-10-17 02:15:08,503 [grpc-default-executor-2] INFO  impl.RoleInfo (RoleInfo.java:updateAndGet(143)) - a6b2ebfb-69a0-457c-b6cd-a50cc148b564: start FollowerState
2019-10-17 02:15:08,518 [b32d7882-88db-4fe6-9cca-6a25122d474d@group-896385CD49EE-LeaderElection333] INFO  impl.LeaderElection (LeaderElection.java:logAndReturn(56)) - b32d7882-88db-4fe6-9cca-6a25122d474d@group-896385CD49EE-LeaderElection333: Election REJECTED; received 2 response(s) [b32d7882-88db-4fe6-9cca-6a25122d474d<-3aea292b-16fb-4e9b-be90-828afa8e8047#0:FAIL-t286, b32d7882-88db-4fe6-9cca-6a25122d474d<-a6b2ebfb-69a0-457c-b6cd-a50cc148b564#0:FAIL-t286] and 0 exception(s); b32d7882-88db-4fe6-9cca-6a25122d474d@group-896385CD49EE:t286, leader=null, voted=b32d7882-88db-4fe6-9cca-6a25122d474d, raftlog=b32d7882-88db-4fe6-9cca-6a25122d474d@group-896385CD49EE-SegmentedRaftLog:OPENED:c-1,f-1,i0, conf=-1: [b32d7882-88db-4fe6-9cca-6a25122d474d:192.168.157.194:42206, 3aea292b-16fb-4e9b-be90-828afa8e8047:192.168.157.194:34569, a6b2ebfb-69a0-457c-b6cd-a50cc148b564:192.168.157.194:37298], old=null
2019-10-17 02:15:08,518 [b32d7882-88db-4fe6-9cca-6a25122d474d@group-896385CD49EE-LeaderElection333] INFO  impl.RaftServerImpl (RaftServerImpl.java:setRole(184)) - b32d7882-88db-4fe6-9cca-6a25122d474d@group-896385CD49EE: changes role from CANDIDATE to FOLLOWER at term 286 for DISCOVERED_A_NEW_TERM
2019-10-17 02:15:08,518 [b32d7882-88db-4fe6-9cca-6a25122d474d@group-896385CD49EE-LeaderElection333] INFO  impl.RoleInfo (RoleInfo.java:shutdownLeaderElection(134)) - b32d7882-88db-4fe6-9cca-6a25122d474d: shutdown LeaderElection
2019-10-17 02:15:08,518 [b32d7882-88db-4fe6-9cca-6a25122d474d@group-896385CD49EE-LeaderElection333] INFO  impl.RoleInfo (RoleInfo.java:updateAndGet(143)) - b32d7882-88db-4fe6-9cca-6a25122d474d: start FollowerState
2019-10-17 02:15:08,672 [Thread-3126] INFO  impl.FollowerState (FollowerState.java:run(108)) - b32d7882-88db-4fe6-9cca-6a25122d474d@group-896385CD49EE-FollowerState: change to CANDIDATE, lastRpcTime:153ms, electionTimeout:153ms
2019-10-17 02:15:08,672 [Thread-3126] INFO  impl.RoleInfo (RoleInfo.java:shutdownFollowerState(121)) - b32d7882-88db-4fe6-9cca-6a25122d474d: shutdown FollowerState
2019-10-17 02:15:08,672 [Thread-3126] INFO  impl.RaftServerImpl (RaftServerImpl.java:setRole(184)) - b32d7882-88db-4fe6-9cca-6a25122d474d@group-896385CD49EE: changes role from  FOLLOWER to CANDIDATE at term 286 for changeToCandidate
2019-10-17 02:15:08,672 [Thread-3126] INFO  impl.RoleInfo (RoleInfo.java:updateAndGet(143)) - b32d7882-88db-4fe6-9cca-6a25122d474d: start LeaderElection
2019-10-17 02:15:08,686 [b32d7882-88db-4fe6-9cca-6a25122d474d@group-896385CD49EE-LeaderElection334] INFO  impl.LeaderElection (LeaderElection.java:askForVotes(178)) - b32d7882-88db-4fe6-9cca-6a25122d474d@group-896385CD49EE-LeaderElection334: begin an election at term 287 for -1: [b32d7882-88db-4fe6-9cca-6a25122d474d:192.168.157.194:42206, 3aea292b-16fb-4e9b-be90-828afa8e8047:192.168.157.194:34569, a6b2ebfb-69a0-457c-b6cd-a50cc148b564:192.168.157.194:37298], old=null
2019-10-17 02:15:08,688 [grpc-default-executor-2] INFO  impl.RaftServerImpl (RaftServerImpl.java:setRole(184)) - 3aea292b-16fb-4e9b-be90-828afa8e8047@group-896385CD49EE: changes role from  FOLLOWER to FOLLOWER at term 287 for recognizeCandidate:b32d7882-88db-4fe6-9cca-6a25122d474d
2019-10-17 02:15:08,688 [grpc-default-executor-2] INFO  impl.RoleInfo (RoleInfo.java:shutdownFollowerState(121)) - 3aea292b-16fb-4e9b-be90-828afa8e8047: shutdown FollowerState
2019-10-17 02:15:08,688 [grpc-default-executor-0] INFO  impl.RaftServerImpl (RaftServerImpl.java:setRole(184)) - a6b2ebfb-69a0-457c-b6cd-a50cc148b564@group-896385CD49EE: changes role from  FOLLOWER to FOLLOWER at term 287 for recognizeCandidate:b32d7882-88db-4fe6-9cca-6a25122d474d
2019-10-17 02:15:08,688 [Thread-3124] INFO  impl.FollowerState (FollowerState.java:run(117)) - 3aea292b-16fb-4e9b-be90-828afa8e8047@group-896385CD49EE-FollowerState was interrupted: java.lang.InterruptedException: sleep interrupted
2019-10-17 02:15:08,688 [grpc-default-executor-0] INFO  impl.RoleInfo (RoleInfo.java:shutdownFollowerState(121)) - a6b2ebfb-69a0-457c-b6cd-a50cc148b564: shutdown FollowerState
2019-10-17 02:15:08,688 [grpc-default-executor-2] INFO  impl.RoleInfo (RoleInfo.java:updateAndGet(143)) - 3aea292b-16fb-4e9b-be90-828afa8e8047: start FollowerState
2019-10-17 02:15:08,689 [Thread-3125] INFO  impl.FollowerState (FollowerState.java:run(117)) - a6b2ebfb-69a0-457c-b6cd-a50cc148b564@group-896385CD49EE-FollowerState was interrupted: java.lang.InterruptedException: sleep interrupted
2019-10-17 02:15:08,689 [grpc-default-executor-0] INFO  impl.RoleInfo (RoleInfo.java:updateAndGet(143)) - a6b2ebfb-69a0-457c-b6cd-a50cc148b564: start FollowerState
2019-10-17 02:15:08,703 [b32d7882-88db-4fe6-9cca-6a25122d474d@group-896385CD49EE-LeaderElection334] INFO  impl.LeaderElection (LeaderElection.java:logAndReturn(56)) - b32d7882-88db-4fe6-9cca-6a25122d474d@group-896385CD49EE-LeaderElection334: Election REJECTED; received 2 response(s) [b32d7882-88db-4fe6-9cca-6a25122d474d<-3aea292b-16fb-4e9b-be90-828afa8e8047#0:FAIL-t287, b32d7882-88db-4fe6-9cca-6a25122d474d<-a6b2ebfb-69a0-457c-b6cd-a50cc148b564#0:FAIL-t287] and 0 exception(s); b32d7882-88db-4fe6-9cca-6a25122d474d@group-896385CD49EE:t287, leader=null, voted=b32d7882-88db-4fe6-9cca-6a25122d474d, raftlog=b32d7882-88db-4fe6-9cca-6a25122d474d@group-896385CD49EE-SegmentedRaftLog:OPENED:c-1,f-1,i0, conf=-1: [b32d7882-88db-4fe6-9cca-6a25122d474d:192.168.157.194:42206, 3aea292b-16fb-4e9b-be90-828afa8e8047:192.168.157.194:34569, a6b2ebfb-69a0-457c-b6cd-a50cc148b564:192.168.157.194:37298], old=null
2019-10-17 02:15:08,704 [b32d7882-88db-4fe6-9cca-6a25122d474d@group-896385CD49EE-LeaderElection334] INFO  impl.RaftServerImpl (RaftServerImpl.java:setRole(184)) - b32d7882-88db-4fe6-9cca-6a25122d474d@group-896385CD49EE: changes role from CANDIDATE to FOLLOWER at term 287 for DISCOVERED_A_NEW_TERM
2019-10-17 02:15:08,704 [b32d7882-88db-4fe6-9cca-6a25122d474d@group-896385CD49EE-LeaderElection334] INFO  impl.RoleInfo (RoleInfo.java:shutdownLeaderElection(134)) - b32d7882-88db-4fe6-9cca-6a25122d474d: shutdown LeaderElection
2019-10-17 02:15:08,704 [b32d7882-88db-4fe6-9cca-6a25122d474d@group-896385CD49EE-LeaderElection334] INFO  impl.RoleInfo (RoleInfo.java:updateAndGet(143)) - b32d7882-88db-4fe6-9cca-6a25122d474d: start FollowerState
2019-10-17 02:15:08,903 [Thread-3132] INFO  impl.FollowerState (FollowerState.java:run(108)) - b32d7882-88db-4fe6-9cca-6a25122d474d@group-896385CD49EE-FollowerState: change to CANDIDATE, lastRpcTime:199ms, electionTimeout:199ms
2019-10-17 02:15:08,903 [Thread-3132] INFO  impl.RoleInfo (RoleInfo.java:shutdownFollowerState(121)) - b32d7882-88db-4fe6-9cca-6a25122d474d: shutdown FollowerState
2019-10-17 02:15:08,904 [Thread-3132] INFO  impl.RaftServerImpl (RaftServerImpl.java:setRole(184)) - b32d7882-88db-4fe6-9cca-6a25122d474d@group-896385CD49EE: changes role from  FOLLOWER to CANDIDATE at term 287 for changeToCandidate
2019-10-17 02:15:08,904 [Thread-3132] INFO  impl.RoleInfo (RoleInfo.java:updateAndGet(143)) - b32d7882-88db-4fe6-9cca-6a25122d474d: start LeaderElection
2019-10-17 02:15:08,918 [b32d7882-88db-4fe6-9cca-6a25122d474d@group-896385CD49EE-LeaderElection335] INFO  impl.LeaderElection (LeaderElection.java:askForVotes(178)) - b32d7882-88db-4fe6-9cca-6a25122d474d@group-896385CD49EE-LeaderElection335: begin an election at term 288 for -1: [b32d7882-88db-4fe6-9cca-6a25122d474d:192.168.157.194:42206, 3aea292b-16fb-4e9b-be90-828afa8e8047:192.168.157.194:34569, a6b2ebfb-69a0-457c-b6cd-a50cc148b564:192.168.157.194:37298], old=null
2019-10-17 02:15:08,920 [grpc-default-executor-2] INFO  impl.RaftServerImpl (RaftServerImpl.java:setRole(184)) - 3aea292b-16fb-4e9b-be90-828afa8e8047@group-896385CD49EE: changes role from  FOLLOWER to FOLLOWER at term 288 for recognizeCandidate:b32d7882-88db-4fe6-9cca-6a25122d474d
2019-10-17 02:15:08,920 [grpc-default-executor-0] INFO  impl.RaftServerImpl (RaftServerImpl.java:setRole(184)) - a6b2ebfb-69a0-457c-b6cd-a50cc148b564@group-896385CD49EE: changes role from  FOLLOWER to FOLLOWER at term 288 for recognizeCandidate:b32d7882-88db-4fe6-9cca-6a25122d474d
2019-10-17 02:15:08,920 [grpc-default-executor-0] INFO  impl.RoleInfo (RoleInfo.java:shutdownFollowerState(121)) - a6b2ebfb-69a0-457c-b6cd-a50cc148b564: shutdown FollowerState
2019-10-17 02:15:08,920 [grpc-default-executor-2] INFO  impl.RoleInfo (RoleInfo.java:shutdownFollowerState(121)) - 3aea292b-16fb-4e9b-be90-828afa8e8047: shutdown FollowerState
2019-10-17 02:15:08,921 [Thread-3131] INFO  impl.FollowerState (FollowerState.java:run(117)) - a6b2ebfb-69a0-457c-b6cd-a50cc148b564@group-896385CD49EE-FollowerState was interrupted: java.lang.InterruptedException: sleep interrupted
2019-10-17 02:15:08,921 [grpc-default-executor-0] INFO  impl.RoleInfo (RoleInfo.java:updateAndGet(143)) - a6b2ebfb-69a0-457c-b6cd-a50cc148b564: start FollowerState
2019-10-17 02:15:08,921 [Thread-3130] INFO  impl.FollowerState (FollowerState.java:run(117)) - 3aea292b-16fb-4e9b-be90-828afa8e8047@group-896385CD49EE-FollowerState was interrupted: java.lang.InterruptedException: sleep interrupted
2019-10-17 02:15:08,921 [grpc-default-executor-2] INFO  impl.RoleInfo (RoleInfo.java:updateAndGet(143)) - 3aea292b-16fb-4e9b-be90-828afa8e8047: start FollowerState
2019-10-17 02:15:08,935 [b32d7882-88db-4fe6-9cca-6a25122d474d@group-896385CD49EE-LeaderElection335] INFO  impl.LeaderElection (LeaderElection.java:logAndReturn(56)) - b32d7882-88db-4fe6-9cca-6a25122d474d@group-896385CD49EE-LeaderElection335: Election REJECTED; received 2 response(s) [b32d7882-88db-4fe6-9cca-6a25122d474d<-3aea292b-16fb-4e9b-be90-828afa8e8047#0:FAIL-t288, b32d7882-88db-4fe6-9cca-6a25122d474d<-a6b2ebfb-69a0-457c-b6cd-a50cc148b564#0:FAIL-t288] and 0 exception(s); b32d7882-88db-4fe6-9cca-6a25122d474d@group-896385CD49EE:t288, leader=null, voted=b32d7882-88db-4fe6-9cca-6a25122d474d, raftlog=b32d7882-88db-4fe6-9cca-6a25122d474d@group-896385CD49EE-SegmentedRaftLog:OPENED:c-1,f-1,i0, conf=-1: [b32d7882-88db-4fe6-9cca-6a25122d474d:192.168.157.194:42206, 3aea292b-16fb-4e9b-be90-828afa8e8047:192.168.157.194:34569, a6b2ebfb-69a0-457c-b6cd-a50cc148b564:192.168.157.194:37298], old=null
2019-10-17 02:15:08,935 [b32d7882-88db-4fe6-9cca-6a25122d474d@group-896385CD49EE-LeaderElection335] INFO  impl.RaftServerImpl (RaftServerImpl.java:setRole(184)) - b32d7882-88db-4fe6-9cca-6a25122d474d@group-896385CD49EE: changes role from CANDIDATE to FOLLOWER at term 288 for DISCOVERED_A_NEW_TERM
2019-10-17 02:15:08,935 [b32d7882-88db-4fe6-9cca-6a25122d474d@group-896385CD49EE-LeaderElection335] INFO  impl.RoleInfo (RoleInfo.java:shutdownLeaderElection(134)) - b32d7882-88db-4fe6-9cca-6a25122d474d: shutdown LeaderElection
2019-10-17 02:15:08,935 [b32d7882-88db-4fe6-9cca-6a25122d474d@group-896385CD49EE-LeaderElection335] INFO  impl.RoleInfo (RoleInfo.java:updateAndGet(143)) - b32d7882-88db-4fe6-9cca-6a25122d474d: start FollowerState
2019-10-17 02:15:08,935 [Thread-3138] INFO  impl.FollowerState (FollowerState.java:run(108)) - b32d7882-88db-4fe6-9cca-6a25122d474d@group-896385CD49EE-FollowerState: change to CANDIDATE, lastRpcTime:0ms, electionTimeout:0ms
2019-10-17 02:15:08,935 [Thread-3138] INFO  impl.RoleInfo (RoleInfo.java:shutdownFollowerState(121)) - b32d7882-88db-4fe6-9cca-6a25122d474d: shutdown FollowerState
2019-10-17 02:15:08,935 [Thread-3138] INFO  impl.RaftServerImpl (RaftServerImpl.java:setRole(184)) - b32d7882-88db-4fe6-9cca-6a25122d474d@group-896385CD49EE: changes role from  FOLLOWER to CANDIDATE at term 288 for changeToCandidate
2019-10-17 02:15:08,936 [Thread-3138] INFO  impl.RoleInfo (RoleInfo.java:updateAndGet(143)) - b32d7882-88db-4fe6-9cca-6a25122d474d: start LeaderElection
2019-10-17 02:15:08,973 [b32d7882-88db-4fe6-9cca-6a25122d474d@group-896385CD49EE-LeaderElection336] INFO  impl.LeaderElection (LeaderElection.java:askForVotes(178)) - b32d7882-88db-4fe6-9cca-6a25122d474d@group-896385CD49EE-LeaderElection336: begin an election at term 289 for -1: [b32d7882-88db-4fe6-9cca-6a25122d474d:192.168.157.194:42206, 3aea292b-16fb-4e9b-be90-828afa8e8047:192.168.157.194:34569, a6b2ebfb-69a0-457c-b6cd-a50cc148b564:192.168.157.194:37298], old=null
2019-10-17 02:15:08,975 [grpc-default-executor-2] INFO  impl.RaftServerImpl (RaftServerImpl.java:setRole(184)) - 3aea292b-16fb-4e9b-be90-828afa8e8047@group-896385CD49EE: changes role from  FOLLOWER to FOLLOWER at term 289 for recognizeCandidate:b32d7882-88db-4fe6-9cca-6a25122d474d
2019-10-17 02:15:08,975 [grpc-default-executor-0] INFO  impl.RaftServerImpl (RaftServerImpl.java:setRole(184)) - a6b2ebfb-69a0-457c-b6cd-a50cc148b564@group-896385CD49EE: changes role from  FOLLOWER to FOLLOWER at term 289 for recognizeCandidate:b32d7882-88db-4fe6-9cca-6a25122d474d
2019-10-17 02:15:08,975 [grpc-default-executor-0] INFO  impl.RoleInfo (RoleInfo.java:shutdownFollowerState(121)) - a6b2ebfb-69a0-457c-b6cd-a50cc148b564: shutdown FollowerState
2019-10-17 02:15:08,975 [grpc-default-executor-2] INFO  impl.RoleInfo (RoleInfo.java:shutdownFollowerState(121)) - 3aea292b-16fb-4e9b-be90-828afa8e8047: shutdown FollowerState
2019-10-17 02:15:08,975 [Thread-3136] INFO  impl.FollowerState (FollowerState.java:run(117)) - a6b2ebfb-69a0-457c-b6cd-a50cc148b564@group-896385CD49EE-FollowerState was interrupted: java.lang.InterruptedException: sleep interrupted
2019-10-17 02:15:08,975 [Thread-3137] INFO  impl.FollowerState (FollowerState.java:run(117)) - 3aea292b-16fb-4e9b-be90-828afa8e8047@group-896385CD49EE-FollowerState was interrupted: java.lang.InterruptedException: sleep interrupted
2019-10-17 02:15:08,975 [grpc-default-executor-0] INFO  impl.RoleInfo (RoleInfo.java:updateAndGet(143)) - a6b2ebfb-69a0-457c-b6cd-a50cc148b564: start FollowerState
2019-10-17 02:15:08,975 [grpc-default-executor-2] INFO  impl.RoleInfo (RoleInfo.java:updateAndGet(143)) - 3aea292b-16fb-4e9b-be90-828afa8e8047: start FollowerState
2019-10-17 02:15:08,986 [b32d7882-88db-4fe6-9cca-6a25122d474d@group-896385CD49EE-LeaderElection336] INFO  impl.LeaderElection (LeaderElection.java:logAndReturn(56)) - b32d7882-88db-4fe6-9cca-6a25122d474d@group-896385CD49EE-LeaderElection336: Election REJECTED; received 2 response(s) [b32d7882-88db-4fe6-9cca-6a25122d474d<-3aea292b-16fb-4e9b-be90-828afa8e8047#0:FAIL-t289, b32d7882-88db-4fe6-9cca-6a25122d474d<-a6b2ebfb-69a0-457c-b6cd-a50cc148b564#0:FAIL-t289] and 0 exception(s); b32d7882-88db-4fe6-9cca-6a25122d474d@group-896385CD49EE:t289, leader=null, voted=b32d7882-88db-4fe6-9cca-6a25122d474d, raftlog=b32d7882-88db-4fe6-9cca-6a25122d474d@group-896385CD49EE-SegmentedRaftLog:OPENED:c-1,f-1,i0, conf=-1: [b32d7882-88db-4fe6-9cca-6a25122d474d:192.168.157.194:42206, 3aea292b-16fb-4e9b-be90-828afa8e8047:192.168.157.194:34569, a6b2ebfb-69a0-457c-b6cd-a50cc148b564:192.168.157.194:37298], old=null
2019-10-17 02:15:08,986 [b32d7882-88db-4fe6-9cca-6a25122d474d@group-896385CD49EE-LeaderElection336] INFO  impl.RaftServerImpl (RaftServerImpl.java:setRole(184)) - b32d7882-88db-4fe6-9cca-6a25122d474d@group-896385CD49EE: changes role from CANDIDATE to FOLLOWER at term 289 for DISCOVERED_A_NEW_TERM
2019-10-17 02:15:08,986 [b32d7882-88db-4fe6-9cca-6a25122d474d@group-896385CD49EE-LeaderElection336] INFO  impl.RoleInfo (RoleInfo.java:shutdownLeaderElection(134)) - b32d7882-88db-4fe6-9cca-6a25122d474d: shutdown LeaderElection
2019-10-17 02:15:08,986 [b32d7882-88db-4fe6-9cca-6a25122d474d@group-896385CD49EE-LeaderElection336] INFO  impl.RoleInfo (RoleInfo.java:updateAndGet(143)) - b32d7882-88db-4fe6-9cca-6a25122d474d: start FollowerState
2019-10-17 02:15:09,008 [Thread-3144] INFO  impl.FollowerState (FollowerState.java:run(108)) - b32d7882-88db-4fe6-9cca-6a25122d474d@group-896385CD49EE-FollowerState: change to CANDIDATE, lastRpcTime:21ms, electionTimeout:21ms
2019-10-17 02:15:09,008 [Thread-3144] INFO  impl.RoleInfo (RoleInfo.java:shutdownFollowerState(121)) - b32d7882-88db-4fe6-9cca-6a25122d474d: shutdown FollowerState
2019-10-17 02:15:09,008 [Thread-3144] INFO  impl.RaftServerImpl (RaftServerImpl.java:setRole(184)) - b32d7882-88db-4fe6-9cca-6a25122d474d@group-896385CD49EE: changes role from  FOLLOWER to CANDIDATE at term 289 for changeToCandidate
2019-10-17 02:15:09,008 [Thread-3144] INFO  impl.RoleInfo (RoleInfo.java:updateAndGet(143)) - b32d7882-88db-4fe6-9cca-6a25122d474d: start LeaderElection
2019-10-17 02:15:09,022 [b32d7882-88db-4fe6-9cca-6a25122d474d@group-896385CD49EE-LeaderElection337] INFO  impl.LeaderElection (LeaderElection.java:askForVotes(178)) - b32d7882-88db-4fe6-9cca-6a25122d474d@group-896385CD49EE-LeaderElection337: begin an election at term 290 for -1: [b32d7882-88db-4fe6-9cca-6a25122d474d:192.168.157.194:42206, 3aea292b-16fb-4e9b-be90-828afa8e8047:192.168.157.194:34569, a6b2ebfb-69a0-457c-b6cd-a50cc148b564:192.168.157.194:37298], old=null
2019-10-17 02:15:09,024 [grpc-default-executor-0] INFO  impl.RaftServerImpl (RaftServerImpl.java:setRole(184)) - 3aea292b-16fb-4e9b-be90-828afa8e8047@group-896385CD49EE: changes role from  FOLLOWER to FOLLOWER at term 290 for recognizeCandidate:b32d7882-88db-4fe6-9cca-6a25122d474d
2019-10-17 02:15:09,024 [grpc-default-executor-0] INFO  impl.RoleInfo (RoleInfo.java:shutdownFollowerState(121)) - 3aea292b-16fb-4e9b-be90-828afa8e8047: shutdown FollowerState
2019-10-17 02:15:09,024 [grpc-default-executor-0] INFO  impl.RoleInfo (RoleInfo.java:updateAndGet(143)) - 3aea292b-16fb-4e9b-be90-828afa8e8047: start FollowerState
2019-10-17 02:15:09,024 [Thread-3143] INFO  impl.FollowerState (FollowerState.java:run(117)) - 3aea292b-16fb-4e9b-be90-828afa8e8047@group-896385CD49EE-FollowerState was interrupted: java.lang.InterruptedException: sleep interrupted
2019-10-17 02:15:09,024 [grpc-default-executor-2] INFO  impl.RaftServerImpl (RaftServerImpl.java:setRole(184)) - a6b2ebfb-69a0-457c-b6cd-a50cc148b564@group-896385CD49EE: changes role from  FOLLOWER to FOLLOWER at term 290 for recognizeCandidate:b32d7882-88db-4fe6-9cca-6a25122d474d
2019-10-17 02:15:09,024 [grpc-default-executor-2] INFO  impl.RoleInfo (RoleInfo.java:shutdownFollowerState(121)) - a6b2ebfb-69a0-457c-b6cd-a50cc148b564: shutdown FollowerState
2019-10-17 02:15:09,025 [grpc-default-executor-2] INFO  impl.RoleInfo (RoleInfo.java:updateAndGet(143)) - a6b2ebfb-69a0-457c-b6cd-a50cc148b564: start FollowerState
2019-10-17 02:15:09,025 [Thread-3142] INFO  impl.FollowerState (FollowerState.java:run(117)) - a6b2ebfb-69a0-457c-b6cd-a50cc148b564@group-896385CD49EE-FollowerState was interrupted: java.lang.InterruptedException: sleep interrupted
2019-10-17 02:15:09,038 [b32d7882-88db-4fe6-9cca-6a25122d474d@group-896385CD49EE-LeaderElection337] INFO  impl.LeaderElection (LeaderElection.java:logAndReturn(56)) - b32d7882-88db-4fe6-9cca-6a25122d474d@group-896385CD49EE-LeaderElection337: Election REJECTED; received 2 response(s) [b32d7882-88db-4fe6-9cca-6a25122d474d<-3aea292b-16fb-4e9b-be90-828afa8e8047#0:FAIL-t290, b32d7882-88db-4fe6-9cca-6a25122d474d<-a6b2ebfb-69a0-457c-b6cd-a50cc148b564#0:FAIL-t290] and 0 exception(s); b32d7882-88db-4fe6-9cca-6a25122d474d@group-896385CD49EE:t290, leader=null, voted=b32d7882-88db-4fe6-9cca-6a25122d474d, raftlog=b32d7882-88db-4fe6-9cca-6a25122d474d@group-896385CD49EE-SegmentedRaftLog:OPENED:c-1,f-1,i0, conf=-1: [b32d7882-88db-4fe6-9cca-6a25122d474d:192.168.157.194:42206, 3aea292b-16fb-4e9b-be90-828afa8e8047:192.168.157.194:34569, a6b2ebfb-69a0-457c-b6cd-a50cc148b564:192.168.157.194:37298], old=null
2019-10-17 02:15:09,038 [b32d7882-88db-4fe6-9cca-6a25122d474d@group-896385CD49EE-LeaderElection337] INFO  impl.RaftServerImpl (RaftServerImpl.java:setRole(184)) - b32d7882-88db-4fe6-9cca-6a25122d474d@group-896385CD49EE: changes role from CANDIDATE to FOLLOWER at term 290 for DISCOVERED_A_NEW_TERM
2019-10-17 02:15:09,038 [b32d7882-88db-4fe6-9cca-6a25122d474d@group-896385CD49EE-LeaderElection337] INFO  impl.RoleInfo (RoleInfo.java:shutdownLeaderElection(134)) - b32d7882-88db-4fe6-9cca-6a25122d474d: shutdown LeaderElection
2019-10-17 02:15:09,039 [b32d7882-88db-4fe6-9cca-6a25122d474d@group-896385CD49EE-LeaderElection337] INFO  impl.RoleInfo (RoleInfo.java:updateAndGet(143)) - b32d7882-88db-4fe6-9cca-6a25122d474d: start FollowerState
2019-10-17 02:15:09,054 [Thread-3150] INFO  impl.FollowerState (FollowerState.java:run(108)) - b32d7882-88db-4fe6-9cca-6a25122d474d@group-896385CD49EE-FollowerState: change to CANDIDATE, lastRpcTime:15ms, electionTimeout:15ms
2019-10-17 02:15:09,054 [Thread-3150] INFO  impl.RoleInfo (RoleInfo.java:shutdownFollowerState(121)) - b32d7882-88db-4fe6-9cca-6a25122d474d: shutdown FollowerState
2019-10-17 02:15:09,054 [Thread-3150] INFO  impl.RaftServerImpl (RaftServerImpl.java:setRole(184)) - b32d7882-88db-4fe6-9cca-6a25122d474d@group-896385CD49EE: changes role from  FOLLOWER to CANDIDATE at term 290 for changeToCandidate
2019-10-17 02:15:09,055 [Thread-3150] INFO  impl.RoleInfo (RoleInfo.java:updateAndGet(143)) - b32d7882-88db-4fe6-9cca-6a25122d474d: start LeaderElection
2019-10-17 02:15:09,068 [b32d7882-88db-4fe6-9cca-6a25122d474d@group-896385CD49EE-LeaderElection338] INFO  impl.LeaderElection (LeaderElection.java:askForVotes(178)) - b32d7882-88db-4fe6-9cca-6a25122d474d@group-896385CD49EE-LeaderElection338: begin an election at term 291 for -1: [b32d7882-88db-4fe6-9cca-6a25122d474d:192.168.157.194:42206, 3aea292b-16fb-4e9b-be90-828afa8e8047:192.168.157.194:34569, a6b2ebfb-69a0-457c-b6cd-a50cc148b564:192.168.157.194:37298], old=null
2019-10-17 02:15:09,070 [grpc-default-executor-2] INFO  impl.RaftServerImpl (RaftServerImpl.java:setRole(184)) - a6b2ebfb-69a0-457c-b6cd-a50cc148b564@group-896385CD49EE: changes role from  FOLLOWER to FOLLOWER at term 291 for recognizeCandidate:b32d7882-88db-4fe6-9cca-6a25122d474d
2019-10-17 02:15:09,070 [grpc-default-executor-2] INFO  impl.RoleInfo (RoleInfo.java:shutdownFollowerState(121)) - a6b2ebfb-69a0-457c-b6cd-a50cc148b564: shutdown FollowerState
2019-10-17 02:15:09,070 [grpc-default-executor-0] INFO  impl.RaftServerImpl (RaftServerImpl.java:setRole(184)) - 3aea292b-16fb-4e9b-be90-828afa8e8047@group-896385CD49EE: changes role from  FOLLOWER to FOLLOWER at term 291 for recognizeCandidate:b32d7882-88db-4fe6-9cca-6a25122d474d
2019-10-17 02:15:09,070 [grpc-default-executor-0] INFO  impl.RoleInfo (RoleInfo.java:shutdownFollowerState(121)) - 3aea292b-16fb-4e9b-be90-828afa8e8047: shutdown FollowerState
2019-10-17 02:15:09,070 [Thread-3149] INFO  impl.FollowerState (FollowerState.java:run(117)) - a6b2ebfb-69a0-457c-b6cd-a50cc148b564@group-896385CD49EE-FollowerState was interrupted: java.lang.InterruptedException: sleep interrupted
2019-10-17 02:15:09,070 [Thread-3148] INFO  impl.FollowerState (FollowerState.java:run(117)) - 3aea292b-16fb-4e9b-be90-828afa8e8047@group-896385CD49EE-FollowerState was interrupted: java.lang.InterruptedException: sleep interrupted
2019-10-17 02:15:09,070 [grpc-default-executor-2] INFO  impl.RoleInfo (RoleInfo.java:updateAndGet(143)) - a6b2ebfb-69a0-457c-b6cd-a50cc148b564: start FollowerState
2019-10-17 02:15:09,070 [grpc-default-executor-0] INFO  impl.RoleInfo (RoleInfo.java:updateAndGet(143)) - 3aea292b-16fb-4e9b-be90-828afa8e8047: start FollowerState
2019-10-17 02:15:09,084 [b32d7882-88db-4fe6-9cca-6a25122d474d@group-896385CD49EE-LeaderElection338] INFO  impl.LeaderElection (LeaderElection.java:logAndReturn(56)) - b32d7882-88db-4fe6-9cca-6a25122d474d@group-896385CD49EE-LeaderElection338: Election REJECTED; received 2 response(s) [b32d7882-88db-4fe6-9cca-6a25122d474d<-3aea292b-16fb-4e9b-be90-828afa8e8047#0:FAIL-t291, b32d7882-88db-4fe6-9cca-6a25122d474d<-a6b2ebfb-69a0-457c-b6cd-a50cc148b564#0:FAIL-t291] and 0 exception(s); b32d7882-88db-4fe6-9cca-6a25122d474d@group-896385CD49EE:t291, leader=null, voted=b32d7882-88db-4fe6-9cca-6a25122d474d, raftlog=b32d7882-88db-4fe6-9cca-6a25122d474d@group-896385CD49EE-SegmentedRaftLog:OPENED:c-1,f-1,i0, conf=-1: [b32d7882-88db-4fe6-9cca-6a25122d474d:192.168.157.194:42206, 3aea292b-16fb-4e9b-be90-828afa8e8047:192.168.157.194:34569, a6b2ebfb-69a0-457c-b6cd-a50cc148b564:192.168.157.194:37298], old=null
2019-10-17 02:15:09,085 [b32d7882-88db-4fe6-9cca-6a25122d474d@group-896385CD49EE-LeaderElection338] INFO  impl.RaftServerImpl (RaftServerImpl.java:setRole(184)) - b32d7882-88db-4fe6-9cca-6a25122d474d@group-896385CD49EE: changes role from CANDIDATE to FOLLOWER at term 291 for DISCOVERED_A_NEW_TERM
2019-10-17 02:15:09,085 [b32d7882-88db-4fe6-9cca-6a25122d474d@group-896385CD49EE-LeaderElection338] INFO  impl.RoleInfo (RoleInfo.java:shutdownLeaderElection(134)) - b32d7882-88db-4fe6-9cca-6a25122d474d: shutdown LeaderElection
2019-10-17 02:15:09,085 [b32d7882-88db-4fe6-9cca-6a25122d474d@group-896385CD49EE-LeaderElection338] INFO  impl.RoleInfo (RoleInfo.java:updateAndGet(143)) - b32d7882-88db-4fe6-9cca-6a25122d474d: start FollowerState
2019-10-17 02:15:09,175 [main] INFO  ozone.MiniOzoneClusterImpl (MiniOzoneClusterImpl.java:lambda$waitForClusterToBeReady$2(164)) - Waiting for 1 number of pipelines out of 4, to report a leader.
2019-10-17 02:15:09,205 [Thread-3156] INFO  impl.FollowerState (FollowerState.java:run(108)) - b32d7882-88db-4fe6-9cca-6a25122d474d@group-896385CD49EE-FollowerState: change to CANDIDATE, lastRpcTime:120ms, electionTimeout:120ms
2019-10-17 02:15:09,205 [Thread-3156] INFO  impl.RoleInfo (RoleInfo.java:shutdownFollowerState(121)) - b32d7882-88db-4fe6-9cca-6a25122d474d: shutdown FollowerState
2019-10-17 02:15:09,205 [Thread-3156] INFO  impl.RaftServerImpl (RaftServerImpl.java:setRole(184)) - b32d7882-88db-4fe6-9cca-6a25122d474d@group-896385CD49EE: changes role from  FOLLOWER to CANDIDATE at term 291 for changeToCandidate
2019-10-17 02:15:09,206 [Thread-3156] INFO  impl.RoleInfo (RoleInfo.java:updateAndGet(143)) - b32d7882-88db-4fe6-9cca-6a25122d474d: start LeaderElection
2019-10-17 02:15:09,215 [b32d7882-88db-4fe6-9cca-6a25122d474d@group-896385CD49EE-LeaderElection339] INFO  impl.LeaderElection (LeaderElection.java:askForVotes(178)) - b32d7882-88db-4fe6-9cca-6a25122d474d@group-896385CD49EE-LeaderElection339: begin an election at term 292 for -1: [b32d7882-88db-4fe6-9cca-6a25122d474d:192.168.157.194:42206, 3aea292b-16fb-4e9b-be90-828afa8e8047:192.168.157.194:34569, a6b2ebfb-69a0-457c-b6cd-a50cc148b564:192.168.157.194:37298], old=null
2019-10-17 02:15:09,217 [grpc-default-executor-0] INFO  impl.RaftServerImpl (RaftServerImpl.java:setRole(184)) - 3aea292b-16fb-4e9b-be90-828afa8e8047@group-896385CD49EE: changes role from  FOLLOWER to FOLLOWER at term 292 for recognizeCandidate:b32d7882-88db-4fe6-9cca-6a25122d474d
2019-10-17 02:15:09,217 [grpc-default-executor-2] INFO  impl.RaftServerImpl (RaftServerImpl.java:setRole(184)) - a6b2ebfb-69a0-457c-b6cd-a50cc148b564@group-896385CD49EE: changes role from  FOLLOWER to FOLLOWER at term 292 for recognizeCandidate:b32d7882-88db-4fe6-9cca-6a25122d474d
2019-10-17 02:15:09,218 [grpc-default-executor-2] INFO  impl.RoleInfo (RoleInfo.java:shutdownFollowerState(121)) - a6b2ebfb-69a0-457c-b6cd-a50cc148b564: shutdown FollowerState
2019-10-17 02:15:09,218 [grpc-default-executor-0] INFO  impl.RoleInfo (RoleInfo.java:shutdownFollowerState(121)) - 3aea292b-16fb-4e9b-be90-828afa8e8047: shutdown FollowerState
2019-10-17 02:15:09,218 [Thread-3154] INFO  impl.FollowerState (FollowerState.java:run(117)) - a6b2ebfb-69a0-457c-b6cd-a50cc148b564@group-896385CD49EE-FollowerState was interrupted: java.lang.InterruptedException: sleep interrupted
2019-10-17 02:15:09,218 [grpc-default-executor-2] INFO  impl.RoleInfo (RoleInfo.java:updateAndGet(143)) - a6b2ebfb-69a0-457c-b6cd-a50cc148b564: start FollowerState
2019-10-17 02:15:09,218 [Thread-3155] INFO  impl.FollowerState (FollowerState.java:run(117)) - 3aea292b-16fb-4e9b-be90-828afa8e8047@group-896385CD49EE-FollowerState was interrupted: java.lang.InterruptedException: sleep interrupted
2019-10-17 02:15:09,218 [grpc-default-executor-0] INFO  impl.RoleInfo (RoleInfo.java:updateAndGet(143)) - 3aea292b-16fb-4e9b-be90-828afa8e8047: start FollowerState
2019-10-17 02:15:09,227 [b32d7882-88db-4fe6-9cca-6a25122d474d@group-896385CD49EE-LeaderElection339] INFO  impl.LeaderElection (LeaderElection.java:logAndReturn(56)) - b32d7882-88db-4fe6-9cca-6a25122d474d@group-896385CD49EE-LeaderElection339: Election REJECTED; received 2 response(s) [b32d7882-88db-4fe6-9cca-6a25122d474d<-3aea292b-16fb-4e9b-be90-828afa8e8047#0:FAIL-t292, b32d7882-88db-4fe6-9cca-6a25122d474d<-a6b2ebfb-69a0-457c-b6cd-a50cc148b564#0:FAIL-t292] and 0 exception(s); b32d7882-88db-4fe6-9cca-6a25122d474d@group-896385CD49EE:t292, leader=null, voted=b32d7882-88db-4fe6-9cca-6a25122d474d, raftlog=b32d7882-88db-4fe6-9cca-6a25122d474d@group-896385CD49EE-SegmentedRaftLog:OPENED:c-1,f-1,i0, conf=-1: [b32d7882-88db-4fe6-9cca-6a25122d474d:192.168.157.194:42206, 3aea292b-16fb-4e9b-be90-828afa8e8047:192.168.157.194:34569, a6b2ebfb-69a0-457c-b6cd-a50cc148b564:192.168.157.194:37298], old=null
2019-10-17 02:15:09,227 [b32d7882-88db-4fe6-9cca-6a25122d474d@group-896385CD49EE-LeaderElection339] INFO  impl.RaftServerImpl (RaftServerImpl.java:setRole(184)) - b32d7882-88db-4fe6-9cca-6a25122d474d@group-896385CD49EE: changes role from CANDIDATE to FOLLOWER at term 292 for DISCOVERED_A_NEW_TERM
2019-10-17 02:15:09,227 [b32d7882-88db-4fe6-9cca-6a25122d474d@group-896385CD49EE-LeaderElection339] INFO  impl.RoleInfo (RoleInfo.java:shutdownLeaderElection(134)) - b32d7882-88db-4fe6-9cca-6a25122d474d: shutdown LeaderElection
2019-10-17 02:15:09,227 [b32d7882-88db-4fe6-9cca-6a25122d474d@group-896385CD49EE-LeaderElection339] INFO  impl.RoleInfo (RoleInfo.java:updateAndGet(143)) - b32d7882-88db-4fe6-9cca-6a25122d474d: start FollowerState
2019-10-17 02:15:09,370 [Thread-3162] INFO  impl.FollowerState (FollowerState.java:run(108)) - b32d7882-88db-4fe6-9cca-6a25122d474d@group-896385CD49EE-FollowerState: change to CANDIDATE, lastRpcTime:143ms, electionTimeout:143ms
2019-10-17 02:15:09,371 [Thread-3162] INFO  impl.RoleInfo (RoleInfo.java:shutdownFollowerState(121)) - b32d7882-88db-4fe6-9cca-6a25122d474d: shutdown FollowerState
2019-10-17 02:15:09,371 [Thread-3162] INFO  impl.RaftServerImpl (RaftServerImpl.java:setRole(184)) - b32d7882-88db-4fe6-9cca-6a25122d474d@group-896385CD49EE: changes role from  FOLLOWER to CANDIDATE at term 292 for changeToCandidate
2019-10-17 02:15:09,371 [Thread-3162] INFO  impl.RoleInfo (RoleInfo.java:updateAndGet(143)) - b32d7882-88db-4fe6-9cca-6a25122d474d: start LeaderElection
2019-10-17 02:15:09,385 [b32d7882-88db-4fe6-9cca-6a25122d474d@group-896385CD49EE-LeaderElection340] INFO  impl.LeaderElection (LeaderElection.java:askForVotes(178)) - b32d7882-88db-4fe6-9cca-6a25122d474d@group-896385CD49EE-LeaderElection340: begin an election at term 293 for -1: [b32d7882-88db-4fe6-9cca-6a25122d474d:192.168.157.194:42206, 3aea292b-16fb-4e9b-be90-828afa8e8047:192.168.157.194:34569, a6b2ebfb-69a0-457c-b6cd-a50cc148b564:192.168.157.194:37298], old=null
2019-10-17 02:15:09,387 [grpc-default-executor-2] INFO  impl.RaftServerImpl (RaftServerImpl.java:setRole(184)) - a6b2ebfb-69a0-457c-b6cd-a50cc148b564@group-896385CD49EE: changes role from  FOLLOWER to FOLLOWER at term 293 for recognizeCandidate:b32d7882-88db-4fe6-9cca-6a25122d474d
2019-10-17 02:15:09,387 [grpc-default-executor-2] INFO  impl.RoleInfo (RoleInfo.java:shutdownFollowerState(121)) - a6b2ebfb-69a0-457c-b6cd-a50cc148b564: shutdown FollowerState
2019-10-17 02:15:09,387 [grpc-default-executor-0] INFO  impl.RaftServerImpl (RaftServerImpl.java:setRole(184)) - 3aea292b-16fb-4e9b-be90-828afa8e8047@group-896385CD49EE: changes role from  FOLLOWER to FOLLOWER at term 293 for recognizeCandidate:b32d7882-88db-4fe6-9cca-6a25122d474d
2019-10-17 02:15:09,387 [grpc-default-executor-0] INFO  impl.RoleInfo (RoleInfo.java:shutdownFollowerState(121)) - 3aea292b-16fb-4e9b-be90-828afa8e8047: shutdown FollowerState
2019-10-17 02:15:09,387 [Thread-3160] INFO  impl.FollowerState (FollowerState.java:run(117)) - a6b2ebfb-69a0-457c-b6cd-a50cc148b564@group-896385CD49EE-FollowerState was interrupted: java.lang.InterruptedException: sleep interrupted
2019-10-17 02:15:09,387 [grpc-default-executor-2] INFO  impl.RoleInfo (RoleInfo.java:updateAndGet(143)) - a6b2ebfb-69a0-457c-b6cd-a50cc148b564: start FollowerState
2019-10-17 02:15:09,387 [grpc-default-executor-0] INFO  impl.RoleInfo (RoleInfo.java:updateAndGet(143)) - 3aea292b-16fb-4e9b-be90-828afa8e8047: start FollowerState
2019-10-17 02:15:09,387 [Thread-3161] INFO  impl.FollowerState (FollowerState.java:run(117)) - 3aea292b-16fb-4e9b-be90-828afa8e8047@group-896385CD49EE-FollowerState was interrupted: java.lang.InterruptedException: sleep interrupted
2019-10-17 02:15:09,402 [b32d7882-88db-4fe6-9cca-6a25122d474d@group-896385CD49EE-LeaderElection340] INFO  impl.LeaderElection (LeaderElection.java:logAndReturn(56)) - b32d7882-88db-4fe6-9cca-6a25122d474d@group-896385CD49EE-LeaderElection340: Election REJECTED; received 2 response(s) [b32d7882-88db-4fe6-9cca-6a25122d474d<-3aea292b-16fb-4e9b-be90-828afa8e8047#0:FAIL-t293, b32d7882-88db-4fe6-9cca-6a25122d474d<-a6b2ebfb-69a0-457c-b6cd-a50cc148b564#0:FAIL-t293] and 0 exception(s); b32d7882-88db-4fe6-9cca-6a25122d474d@group-896385CD49EE:t293, leader=null, voted=b32d7882-88db-4fe6-9cca-6a25122d474d, raftlog=b32d7882-88db-4fe6-9cca-6a25122d474d@group-896385CD49EE-SegmentedRaftLog:OPENED:c-1,f-1,i0, conf=-1: [b32d7882-88db-4fe6-9cca-6a25122d474d:192.168.157.194:42206, 3aea292b-16fb-4e9b-be90-828afa8e8047:192.168.157.194:34569, a6b2ebfb-69a0-457c-b6cd-a50cc148b564:192.168.157.194:37298], old=null
2019-10-17 02:15:09,403 [b32d7882-88db-4fe6-9cca-6a25122d474d@group-896385CD49EE-LeaderElection340] INFO  impl.RaftServerImpl (RaftServerImpl.java:setRole(184)) - b32d7882-88db-4fe6-9cca-6a25122d474d@group-896385CD49EE: changes role from CANDIDATE to FOLLOWER at term 293 for DISCOVERED_A_NEW_TERM
2019-10-17 02:15:09,403 [b32d7882-88db-4fe6-9cca-6a25122d474d@group-896385CD49EE-LeaderElection340] INFO  impl.RoleInfo (RoleInfo.java:shutdownLeaderElection(134)) - b32d7882-88db-4fe6-9cca-6a25122d474d: shutdown LeaderElection
2019-10-17 02:15:09,403 [b32d7882-88db-4fe6-9cca-6a25122d474d@group-896385CD49EE-LeaderElection340] INFO  impl.RoleInfo (RoleInfo.java:updateAndGet(143)) - b32d7882-88db-4fe6-9cca-6a25122d474d: start FollowerState
2019-10-17 02:15:09,462 [Thread-3168] INFO  impl.FollowerState (FollowerState.java:run(108)) - b32d7882-88db-4fe6-9cca-6a25122d474d@group-896385CD49EE-FollowerState: change to CANDIDATE, lastRpcTime:59ms, electionTimeout:59ms
2019-10-17 02:15:09,463 [Thread-3168] INFO  impl.RoleInfo (RoleInfo.java:shutdownFollowerState(121)) - b32d7882-88db-4fe6-9cca-6a25122d474d: shutdown FollowerState
2019-10-17 02:15:09,463 [Thread-3168] INFO  impl.RaftServerImpl (RaftServerImpl.java:setRole(184)) - b32d7882-88db-4fe6-9cca-6a25122d474d@group-896385CD49EE: changes role from  FOLLOWER to CANDIDATE at term 293 for changeToCandidate
2019-10-17 02:15:09,463 [Thread-3168] INFO  impl.RoleInfo (RoleInfo.java:updateAndGet(143)) - b32d7882-88db-4fe6-9cca-6a25122d474d: start LeaderElection
2019-10-17 02:15:09,476 [b32d7882-88db-4fe6-9cca-6a25122d474d@group-896385CD49EE-LeaderElection341] INFO  impl.LeaderElection (LeaderElection.java:askForVotes(178)) - b32d7882-88db-4fe6-9cca-6a25122d474d@group-896385CD49EE-LeaderElection341: begin an election at term 294 for -1: [b32d7882-88db-4fe6-9cca-6a25122d474d:192.168.157.194:42206, 3aea292b-16fb-4e9b-be90-828afa8e8047:192.168.157.194:34569, a6b2ebfb-69a0-457c-b6cd-a50cc148b564:192.168.157.194:37298], old=null
2019-10-17 02:15:09,478 [grpc-default-executor-0] INFO  impl.RaftServerImpl (RaftServerImpl.java:setRole(184)) - a6b2ebfb-69a0-457c-b6cd-a50cc148b564@group-896385CD49EE: changes role from  FOLLOWER to FOLLOWER at term 294 for recognizeCandidate:b32d7882-88db-4fe6-9cca-6a25122d474d
2019-10-17 02:15:09,478 [grpc-default-executor-0] INFO  impl.RoleInfo (RoleInfo.java:shutdownFollowerState(121)) - a6b2ebfb-69a0-457c-b6cd-a50cc148b564: shutdown FollowerState
2019-10-17 02:15:09,478 [grpc-default-executor-2] INFO  impl.RaftServerImpl (RaftServerImpl.java:setRole(184)) - 3aea292b-16fb-4e9b-be90-828afa8e8047@group-896385CD49EE: changes role from  FOLLOWER to FOLLOWER at term 294 for recognizeCandidate:b32d7882-88db-4fe6-9cca-6a25122d474d
2019-10-17 02:15:09,478 [Thread-3166] INFO  impl.FollowerState (FollowerState.java:run(117)) - a6b2ebfb-69a0-457c-b6cd-a50cc148b564@group-896385CD49EE-FollowerState was interrupted: java.lang.InterruptedException: sleep interrupted
2019-10-17 02:15:09,478 [grpc-default-executor-0] INFO  impl.RoleInfo (RoleInfo.java:updateAndGet(143)) - a6b2ebfb-69a0-457c-b6cd-a50cc148b564: start FollowerState
2019-10-17 02:15:09,479 [grpc-default-executor-2] INFO  impl.RoleInfo (RoleInfo.java:shutdownFollowerState(121)) - 3aea292b-16fb-4e9b-be90-828afa8e8047: shutdown FollowerState
2019-10-17 02:15:09,479 [grpc-default-executor-2] INFO  impl.RoleInfo (RoleInfo.java:updateAndGet(143)) - 3aea292b-16fb-4e9b-be90-828afa8e8047: start FollowerState
2019-10-17 02:15:09,479 [Thread-3167] INFO  impl.FollowerState (FollowerState.java:run(117)) - 3aea292b-16fb-4e9b-be90-828afa8e8047@group-896385CD49EE-FollowerState was interrupted: java.lang.InterruptedException: sleep interrupted
2019-10-17 02:15:09,491 [b32d7882-88db-4fe6-9cca-6a25122d474d@group-896385CD49EE-LeaderElection341] INFO  impl.LeaderElection (LeaderElection.java:logAndReturn(56)) - b32d7882-88db-4fe6-9cca-6a25122d474d@group-896385CD49EE-LeaderElection341: Election TIMEOUT; received 0 response(s) [] and 0 exception(s); b32d7882-88db-4fe6-9cca-6a25122d474d@group-896385CD49EE:t294, leader=null, voted=b32d7882-88db-4fe6-9cca-6a25122d474d, raftlog=b32d7882-88db-4fe6-9cca-6a25122d474d@group-896385CD49EE-SegmentedRaftLog:OPENED:c-1,f-1,i0, conf=-1: [b32d7882-88db-4fe6-9cca-6a25122d474d:192.168.157.194:42206, 3aea292b-16fb-4e9b-be90-828afa8e8047:192.168.157.194:34569, a6b2ebfb-69a0-457c-b6cd-a50cc148b564:192.168.157.194:37298], old=null
2019-10-17 02:15:09,494 [b32d7882-88db-4fe6-9cca-6a25122d474d@group-896385CD49EE-LeaderElection341] INFO  impl.LeaderElection (LeaderElection.java:askForVotes(178)) - b32d7882-88db-4fe6-9cca-6a25122d474d@group-896385CD49EE-LeaderElection341: begin an election at term 295 for -1: [b32d7882-88db-4fe6-9cca-6a25122d474d:192.168.157.194:42206, 3aea292b-16fb-4e9b-be90-828afa8e8047:192.168.157.194:34569, a6b2ebfb-69a0-457c-b6cd-a50cc148b564:192.168.157.194:37298], old=null
2019-10-17 02:15:09,495 [grpc-default-executor-0] INFO  impl.RaftServerImpl (RaftServerImpl.java:setRole(184)) - 3aea292b-16fb-4e9b-be90-828afa8e8047@group-896385CD49EE: changes role from  FOLLOWER to FOLLOWER at term 295 for recognizeCandidate:b32d7882-88db-4fe6-9cca-6a25122d474d
2019-10-17 02:15:09,496 [grpc-default-executor-2] INFO  impl.RaftServerImpl (RaftServerImpl.java:setRole(184)) - a6b2ebfb-69a0-457c-b6cd-a50cc148b564@group-896385CD49EE: changes role from  FOLLOWER to FOLLOWER at term 295 for recognizeCandidate:b32d7882-88db-4fe6-9cca-6a25122d474d
2019-10-17 02:15:09,496 [grpc-default-executor-2] INFO  impl.RoleInfo (RoleInfo.java:shutdownFollowerState(121)) - a6b2ebfb-69a0-457c-b6cd-a50cc148b564: shutdown FollowerState
2019-10-17 02:15:09,496 [grpc-default-executor-0] INFO  impl.RoleInfo (RoleInfo.java:shutdownFollowerState(121)) - 3aea292b-16fb-4e9b-be90-828afa8e8047: shutdown FollowerState
2019-10-17 02:15:09,496 [grpc-default-executor-2] INFO  impl.RoleInfo (RoleInfo.java:updateAndGet(143)) - a6b2ebfb-69a0-457c-b6cd-a50cc148b564: start FollowerState
2019-10-17 02:15:09,496 [Thread-3172] INFO  impl.FollowerState (FollowerState.java:run(117)) - a6b2ebfb-69a0-457c-b6cd-a50cc148b564@group-896385CD49EE-FollowerState was interrupted: java.lang.InterruptedException: sleep interrupted
2019-10-17 02:15:09,496 [Thread-3173] INFO  impl.FollowerState (FollowerState.java:run(117)) - 3aea292b-16fb-4e9b-be90-828afa8e8047@group-896385CD49EE-FollowerState was interrupted: java.lang.InterruptedException: sleep interrupted
2019-10-17 02:15:09,496 [grpc-default-executor-0] INFO  impl.RoleInfo (RoleInfo.java:updateAndGet(143)) - 3aea292b-16fb-4e9b-be90-828afa8e8047: start FollowerState
2019-10-17 02:15:09,504 [b32d7882-88db-4fe6-9cca-6a25122d474d@group-896385CD49EE-LeaderElection341] INFO  impl.LeaderElection (LeaderElection.java:logAndReturn(56)) - b32d7882-88db-4fe6-9cca-6a25122d474d@group-896385CD49EE-LeaderElection341: Election REJECTED; received 2 response(s) [b32d7882-88db-4fe6-9cca-6a25122d474d<-3aea292b-16fb-4e9b-be90-828afa8e8047#0:FAIL-t295, b32d7882-88db-4fe6-9cca-6a25122d474d<-a6b2ebfb-69a0-457c-b6cd-a50cc148b564#0:FAIL-t295] and 0 exception(s); b32d7882-88db-4fe6-9cca-6a25122d474d@group-896385CD49EE:t295, leader=null, voted=b32d7882-88db-4fe6-9cca-6a25122d474d, raftlog=b32d7882-88db-4fe6-9cca-6a25122d474d@group-896385CD49EE-SegmentedRaftLog:OPENED:c-1,f-1,i0, conf=-1: [b32d7882-88db-4fe6-9cca-6a25122d474d:192.168.157.194:42206, 3aea292b-16fb-4e9b-be90-828afa8e8047:192.168.157.194:34569, a6b2ebfb-69a0-457c-b6cd-a50cc148b564:192.168.157.194:37298], old=null
2019-10-17 02:15:09,504 [b32d7882-88db-4fe6-9cca-6a25122d474d@group-896385CD49EE-LeaderElection341] INFO  impl.RaftServerImpl (RaftServerImpl.java:setRole(184)) - b32d7882-88db-4fe6-9cca-6a25122d474d@group-896385CD49EE: changes role from CANDIDATE to FOLLOWER at term 295 for DISCOVERED_A_NEW_TERM
2019-10-17 02:15:09,504 [b32d7882-88db-4fe6-9cca-6a25122d474d@group-896385CD49EE-LeaderElection341] INFO  impl.RoleInfo (RoleInfo.java:shutdownLeaderElection(134)) - b32d7882-88db-4fe6-9cca-6a25122d474d: shutdown LeaderElection
2019-10-17 02:15:09,504 [b32d7882-88db-4fe6-9cca-6a25122d474d@group-896385CD49EE-LeaderElection341] INFO  impl.RoleInfo (RoleInfo.java:updateAndGet(143)) - b32d7882-88db-4fe6-9cca-6a25122d474d: start FollowerState
2019-10-17 02:15:09,527 [Thread-3178] INFO  impl.FollowerState (FollowerState.java:run(108)) - b32d7882-88db-4fe6-9cca-6a25122d474d@group-896385CD49EE-FollowerState: change to CANDIDATE, lastRpcTime:23ms, electionTimeout:23ms
2019-10-17 02:15:09,527 [Thread-3178] INFO  impl.RoleInfo (RoleInfo.java:shutdownFollowerState(121)) - b32d7882-88db-4fe6-9cca-6a25122d474d: shutdown FollowerState
2019-10-17 02:15:09,528 [Thread-3178] INFO  impl.RaftServerImpl (RaftServerImpl.java:setRole(184)) - b32d7882-88db-4fe6-9cca-6a25122d474d@group-896385CD49EE: changes role from  FOLLOWER to CANDIDATE at term 295 for changeToCandidate
2019-10-17 02:15:09,528 [Thread-3178] INFO  impl.RoleInfo (RoleInfo.java:updateAndGet(143)) - b32d7882-88db-4fe6-9cca-6a25122d474d: start LeaderElection
2019-10-17 02:15:09,542 [b32d7882-88db-4fe6-9cca-6a25122d474d@group-896385CD49EE-LeaderElection342] INFO  impl.LeaderElection (LeaderElection.java:askForVotes(178)) - b32d7882-88db-4fe6-9cca-6a25122d474d@group-896385CD49EE-LeaderElection342: begin an election at term 296 for -1: [b32d7882-88db-4fe6-9cca-6a25122d474d:192.168.157.194:42206, 3aea292b-16fb-4e9b-be90-828afa8e8047:192.168.157.194:34569, a6b2ebfb-69a0-457c-b6cd-a50cc148b564:192.168.157.194:37298], old=null
2019-10-17 02:15:09,544 [grpc-default-executor-0] INFO  impl.RaftServerImpl (RaftServerImpl.java:setRole(184)) - 3aea292b-16fb-4e9b-be90-828afa8e8047@group-896385CD49EE: changes role from  FOLLOWER to FOLLOWER at term 296 for recognizeCandidate:b32d7882-88db-4fe6-9cca-6a25122d474d
2019-10-17 02:15:09,544 [grpc-default-executor-0] INFO  impl.RoleInfo (RoleInfo.java:shutdownFollowerState(121)) - 3aea292b-16fb-4e9b-be90-828afa8e8047: shutdown FollowerState
2019-10-17 02:15:09,544 [grpc-default-executor-0] INFO  impl.RoleInfo (RoleInfo.java:updateAndGet(143)) - 3aea292b-16fb-4e9b-be90-828afa8e8047: start FollowerState
2019-10-17 02:15:09,544 [Thread-3177] INFO  impl.FollowerState (FollowerState.java:run(117)) - 3aea292b-16fb-4e9b-be90-828afa8e8047@group-896385CD49EE-FollowerState was interrupted: java.lang.InterruptedException: sleep interrupted
2019-10-17 02:15:09,544 [grpc-default-executor-2] INFO  impl.RaftServerImpl (RaftServerImpl.java:setRole(184)) - a6b2ebfb-69a0-457c-b6cd-a50cc148b564@group-896385CD49EE: changes role from  FOLLOWER to FOLLOWER at term 296 for recognizeCandidate:b32d7882-88db-4fe6-9cca-6a25122d474d
2019-10-17 02:15:09,545 [grpc-default-executor-2] INFO  impl.RoleInfo (RoleInfo.java:shutdownFollowerState(121)) - a6b2ebfb-69a0-457c-b6cd-a50cc148b564: shutdown FollowerState
2019-10-17 02:15:09,545 [grpc-default-executor-2] INFO  impl.RoleInfo (RoleInfo.java:updateAndGet(143)) - a6b2ebfb-69a0-457c-b6cd-a50cc148b564: start FollowerState
2019-10-17 02:15:09,545 [Thread-3176] INFO  impl.FollowerState (FollowerState.java:run(117)) - a6b2ebfb-69a0-457c-b6cd-a50cc148b564@group-896385CD49EE-FollowerState was interrupted: java.lang.InterruptedException: sleep interrupted
2019-10-17 02:15:09,559 [b32d7882-88db-4fe6-9cca-6a25122d474d@group-896385CD49EE-LeaderElection342] INFO  impl.LeaderElection (LeaderElection.java:logAndReturn(56)) - b32d7882-88db-4fe6-9cca-6a25122d474d@group-896385CD49EE-LeaderElection342: Election REJECTED; received 2 response(s) [b32d7882-88db-4fe6-9cca-6a25122d474d<-3aea292b-16fb-4e9b-be90-828afa8e8047#0:FAIL-t296, b32d7882-88db-4fe6-9cca-6a25122d474d<-a6b2ebfb-69a0-457c-b6cd-a50cc148b564#0:FAIL-t296] and 0 exception(s); b32d7882-88db-4fe6-9cca-6a25122d474d@group-896385CD49EE:t296, leader=null, voted=b32d7882-88db-4fe6-9cca-6a25122d474d, raftlog=b32d7882-88db-4fe6-9cca-6a25122d474d@group-896385CD49EE-SegmentedRaftLog:OPENED:c-1,f-1,i0, conf=-1: [b32d7882-88db-4fe6-9cca-6a25122d474d:192.168.157.194:42206, 3aea292b-16fb-4e9b-be90-828afa8e8047:192.168.157.194:34569, a6b2ebfb-69a0-457c-b6cd-a50cc148b564:192.168.157.194:37298], old=null
2019-10-17 02:15:09,559 [b32d7882-88db-4fe6-9cca-6a25122d474d@group-896385CD49EE-LeaderElection342] INFO  impl.RaftServerImpl (RaftServerImpl.java:setRole(184)) - b32d7882-88db-4fe6-9cca-6a25122d474d@group-896385CD49EE: changes role from CANDIDATE to FOLLOWER at term 296 for DISCOVERED_A_NEW_TERM
2019-10-17 02:15:09,559 [b32d7882-88db-4fe6-9cca-6a25122d474d@group-896385CD49EE-LeaderElection342] INFO  impl.RoleInfo (RoleInfo.java:shutdownLeaderElection(134)) - b32d7882-88db-4fe6-9cca-6a25122d474d: shutdown LeaderElection
2019-10-17 02:15:09,559 [b32d7882-88db-4fe6-9cca-6a25122d474d@group-896385CD49EE-LeaderElection342] INFO  impl.RoleInfo (RoleInfo.java:updateAndGet(143)) - b32d7882-88db-4fe6-9cca-6a25122d474d: start FollowerState
2019-10-17 02:15:09,659 [Thread-3184] INFO  impl.FollowerState (FollowerState.java:run(108)) - b32d7882-88db-4fe6-9cca-6a25122d474d@group-896385CD49EE-FollowerState: change to CANDIDATE, lastRpcTime:99ms, electionTimeout:99ms
2019-10-17 02:15:09,659 [Thread-3184] INFO  impl.RoleInfo (RoleInfo.java:shutdownFollowerState(121)) - b32d7882-88db-4fe6-9cca-6a25122d474d: shutdown FollowerState
2019-10-17 02:15:09,659 [Thread-3184] INFO  impl.RaftServerImpl (RaftServerImpl.java:setRole(184)) - b32d7882-88db-4fe6-9cca-6a25122d474d@group-896385CD49EE: changes role from  FOLLOWER to CANDIDATE at term 296 for changeToCandidate
2019-10-17 02:15:09,659 [Thread-3184] INFO  impl.RoleInfo (RoleInfo.java:updateAndGet(143)) - b32d7882-88db-4fe6-9cca-6a25122d474d: start LeaderElection
2019-10-17 02:15:09,672 [b32d7882-88db-4fe6-9cca-6a25122d474d@group-896385CD49EE-LeaderElection343] INFO  impl.LeaderElection (LeaderElection.java:askForVotes(178)) - b32d7882-88db-4fe6-9cca-6a25122d474d@group-896385CD49EE-LeaderElection343: begin an election at term 297 for -1: [b32d7882-88db-4fe6-9cca-6a25122d474d:192.168.157.194:42206, 3aea292b-16fb-4e9b-be90-828afa8e8047:192.168.157.194:34569, a6b2ebfb-69a0-457c-b6cd-a50cc148b564:192.168.157.194:37298], old=null
2019-10-17 02:15:09,674 [grpc-default-executor-2] INFO  impl.RaftServerImpl (RaftServerImpl.java:setRole(184)) - a6b2ebfb-69a0-457c-b6cd-a50cc148b564@group-896385CD49EE: changes role from  FOLLOWER to FOLLOWER at term 297 for recognizeCandidate:b32d7882-88db-4fe6-9cca-6a25122d474d
2019-10-17 02:15:09,674 [grpc-default-executor-0] INFO  impl.RaftServerImpl (RaftServerImpl.java:setRole(184)) - 3aea292b-16fb-4e9b-be90-828afa8e8047@group-896385CD49EE: changes role from  FOLLOWER to FOLLOWER at term 297 for recognizeCandidate:b32d7882-88db-4fe6-9cca-6a25122d474d
2019-10-17 02:15:09,675 [grpc-default-executor-0] INFO  impl.RoleInfo (RoleInfo.java:shutdownFollowerState(121)) - 3aea292b-16fb-4e9b-be90-828afa8e8047: shutdown FollowerState
2019-10-17 02:15:09,675 [grpc-default-executor-2] INFO  impl.RoleInfo (RoleInfo.java:shutdownFollowerState(121)) - a6b2ebfb-69a0-457c-b6cd-a50cc148b564: shutdown FollowerState
2019-10-17 02:15:09,675 [Thread-3182] INFO  impl.FollowerState (FollowerState.java:run(117)) - 3aea292b-16fb-4e9b-be90-828afa8e8047@group-896385CD49EE-FollowerState was interrupted: java.lang.InterruptedException: sleep interrupted
2019-10-17 02:15:09,675 [grpc-default-executor-0] INFO  impl.RoleInfo (RoleInfo.java:updateAndGet(143)) - 3aea292b-16fb-4e9b-be90-828afa8e8047: start FollowerState
2019-10-17 02:15:09,675 [Thread-3183] INFO  impl.FollowerState (FollowerState.java:run(117)) - a6b2ebfb-69a0-457c-b6cd-a50cc148b564@group-896385CD49EE-FollowerState was interrupted: java.lang.InterruptedException: sleep interrupted
2019-10-17 02:15:09,675 [grpc-default-executor-2] INFO  impl.RoleInfo (RoleInfo.java:updateAndGet(143)) - a6b2ebfb-69a0-457c-b6cd-a50cc148b564: start FollowerState
2019-10-17 02:15:09,692 [b32d7882-88db-4fe6-9cca-6a25122d474d@group-896385CD49EE-LeaderElection343] INFO  impl.LeaderElection (LeaderElection.java:logAndReturn(56)) - b32d7882-88db-4fe6-9cca-6a25122d474d@group-896385CD49EE-LeaderElection343: Election REJECTED; received 2 response(s) [b32d7882-88db-4fe6-9cca-6a25122d474d<-3aea292b-16fb-4e9b-be90-828afa8e8047#0:FAIL-t297, b32d7882-88db-4fe6-9cca-6a25122d474d<-a6b2ebfb-69a0-457c-b6cd-a50cc148b564#0:FAIL-t297] and 0 exception(s); b32d7882-88db-4fe6-9cca-6a25122d474d@group-896385CD49EE:t297, leader=null, voted=b32d7882-88db-4fe6-9cca-6a25122d474d, raftlog=b32d7882-88db-4fe6-9cca-6a25122d474d@group-896385CD49EE-SegmentedRaftLog:OPENED:c-1,f-1,i0, conf=-1: [b32d7882-88db-4fe6-9cca-6a25122d474d:192.168.157.194:42206, 3aea292b-16fb-4e9b-be90-828afa8e8047:192.168.157.194:34569, a6b2ebfb-69a0-457c-b6cd-a50cc148b564:192.168.157.194:37298], old=null
2019-10-17 02:15:09,692 [b32d7882-88db-4fe6-9cca-6a25122d474d@group-896385CD49EE-LeaderElection343] INFO  impl.RaftServerImpl (RaftServerImpl.java:setRole(184)) - b32d7882-88db-4fe6-9cca-6a25122d474d@group-896385CD49EE: changes role from CANDIDATE to FOLLOWER at term 297 for DISCOVERED_A_NEW_TERM
2019-10-17 02:15:09,692 [b32d7882-88db-4fe6-9cca-6a25122d474d@group-896385CD49EE-LeaderElection343] INFO  impl.RoleInfo (RoleInfo.java:shutdownLeaderElection(134)) - b32d7882-88db-4fe6-9cca-6a25122d474d: shutdown LeaderElection
2019-10-17 02:15:09,692 [b32d7882-88db-4fe6-9cca-6a25122d474d@group-896385CD49EE-LeaderElection343] INFO  impl.RoleInfo (RoleInfo.java:updateAndGet(143)) - b32d7882-88db-4fe6-9cca-6a25122d474d: start FollowerState
2019-10-17 02:15:09,811 [Thread-3190] INFO  impl.FollowerState (FollowerState.java:run(108)) - b32d7882-88db-4fe6-9cca-6a25122d474d@group-896385CD49EE-FollowerState: change to CANDIDATE, lastRpcTime:118ms, electionTimeout:118ms
2019-10-17 02:15:09,811 [Thread-3190] INFO  impl.RoleInfo (RoleInfo.java:shutdownFollowerState(121)) - b32d7882-88db-4fe6-9cca-6a25122d474d: shutdown FollowerState
2019-10-17 02:15:09,811 [Thread-3190] INFO  impl.RaftServerImpl (RaftServerImpl.java:setRole(184)) - b32d7882-88db-4fe6-9cca-6a25122d474d@group-896385CD49EE: changes role from  FOLLOWER to CANDIDATE at term 297 for changeToCandidate
2019-10-17 02:15:09,811 [Thread-3190] INFO  impl.RoleInfo (RoleInfo.java:updateAndGet(143)) - b32d7882-88db-4fe6-9cca-6a25122d474d: start LeaderElection
2019-10-17 02:15:09,824 [b32d7882-88db-4fe6-9cca-6a25122d474d@group-896385CD49EE-LeaderElection344] INFO  impl.LeaderElection (LeaderElection.java:askForVotes(178)) - b32d7882-88db-4fe6-9cca-6a25122d474d@group-896385CD49EE-LeaderElection344: begin an election at term 298 for -1: [b32d7882-88db-4fe6-9cca-6a25122d474d:192.168.157.194:42206, 3aea292b-16fb-4e9b-be90-828afa8e8047:192.168.157.194:34569, a6b2ebfb-69a0-457c-b6cd-a50cc148b564:192.168.157.194:37298], old=null
2019-10-17 02:15:09,826 [grpc-default-executor-2] INFO  impl.RaftServerImpl (RaftServerImpl.java:setRole(184)) - 3aea292b-16fb-4e9b-be90-828afa8e8047@group-896385CD49EE: changes role from  FOLLOWER to FOLLOWER at term 298 for recognizeCandidate:b32d7882-88db-4fe6-9cca-6a25122d474d
2019-10-17 02:15:09,826 [grpc-default-executor-2] INFO  impl.RoleInfo (RoleInfo.java:shutdownFollowerState(121)) - 3aea292b-16fb-4e9b-be90-828afa8e8047: shutdown FollowerState
2019-10-17 02:15:09,826 [grpc-default-executor-0] INFO  impl.RaftServerImpl (RaftServerImpl.java:setRole(184)) - a6b2ebfb-69a0-457c-b6cd-a50cc148b564@group-896385CD49EE: changes role from  FOLLOWER to FOLLOWER at term 298 for recognizeCandidate:b32d7882-88db-4fe6-9cca-6a25122d474d
2019-10-17 02:15:09,826 [Thread-3188] INFO  impl.FollowerState (FollowerState.java:run(117)) - 3aea292b-16fb-4e9b-be90-828afa8e8047@group-896385CD49EE-FollowerState was interrupted: java.lang.InterruptedException: sleep interrupted
2019-10-17 02:15:09,826 [grpc-default-executor-2] INFO  impl.RoleInfo (RoleInfo.java:updateAndGet(143)) - 3aea292b-16fb-4e9b-be90-828afa8e8047: start FollowerState
2019-10-17 02:15:09,826 [grpc-default-executor-0] INFO  impl.RoleInfo (RoleInfo.java:shutdownFollowerState(121)) - a6b2ebfb-69a0-457c-b6cd-a50cc148b564: shutdown FollowerState
2019-10-17 02:15:09,827 [grpc-default-executor-0] INFO  impl.RoleInfo (RoleInfo.java:updateAndGet(143)) - a6b2ebfb-69a0-457c-b6cd-a50cc148b564: start FollowerState
2019-10-17 02:15:09,827 [Thread-3189] INFO  impl.FollowerState (FollowerState.java:run(117)) - a6b2ebfb-69a0-457c-b6cd-a50cc148b564@group-896385CD49EE-FollowerState was interrupted: java.lang.InterruptedException: sleep interrupted
2019-10-17 02:15:09,841 [b32d7882-88db-4fe6-9cca-6a25122d474d@group-896385CD49EE-LeaderElection344] INFO  impl.LeaderElection (LeaderElection.java:logAndReturn(56)) - b32d7882-88db-4fe6-9cca-6a25122d474d@group-896385CD49EE-LeaderElection344: Election REJECTED; received 2 response(s) [b32d7882-88db-4fe6-9cca-6a25122d474d<-3aea292b-16fb-4e9b-be90-828afa8e8047#0:FAIL-t298, b32d7882-88db-4fe6-9cca-6a25122d474d<-a6b2ebfb-69a0-457c-b6cd-a50cc148b564#0:FAIL-t298] and 0 exception(s); b32d7882-88db-4fe6-9cca-6a25122d474d@group-896385CD49EE:t298, leader=null, voted=b32d7882-88db-4fe6-9cca-6a25122d474d, raftlog=b32d7882-88db-4fe6-9cca-6a25122d474d@group-896385CD49EE-SegmentedRaftLog:OPENED:c-1,f-1,i0, conf=-1: [b32d7882-88db-4fe6-9cca-6a25122d474d:192.168.157.194:42206, 3aea292b-16fb-4e9b-be90-828afa8e8047:192.168.157.194:34569, a6b2ebfb-69a0-457c-b6cd-a50cc148b564:192.168.157.194:37298], old=null
2019-10-17 02:15:09,841 [b32d7882-88db-4fe6-9cca-6a25122d474d@group-896385CD49EE-LeaderElection344] INFO  impl.RaftServerImpl (RaftServerImpl.java:setRole(184)) - b32d7882-88db-4fe6-9cca-6a25122d474d@group-896385CD49EE: changes role from CANDIDATE to FOLLOWER at term 298 for DISCOVERED_A_NEW_TERM
2019-10-17 02:15:09,841 [b32d7882-88db-4fe6-9cca-6a25122d474d@group-896385CD49EE-LeaderElection344] INFO  impl.RoleInfo (RoleInfo.java:shutdownLeaderElection(134)) - b32d7882-88db-4fe6-9cca-6a25122d474d: shutdown LeaderElection
2019-10-17 02:15:09,841 [b32d7882-88db-4fe6-9cca-6a25122d474d@group-896385CD49EE-LeaderElection344] INFO  impl.RoleInfo (RoleInfo.java:updateAndGet(143)) - b32d7882-88db-4fe6-9cca-6a25122d474d: start FollowerState
2019-10-17 02:15:09,961 [Thread-3196] INFO  impl.FollowerState (FollowerState.java:run(108)) - b32d7882-88db-4fe6-9cca-6a25122d474d@group-896385CD49EE-FollowerState: change to CANDIDATE, lastRpcTime:119ms, electionTimeout:119ms
2019-10-17 02:15:09,961 [Thread-3196] INFO  impl.RoleInfo (RoleInfo.java:shutdownFollowerState(121)) - b32d7882-88db-4fe6-9cca-6a25122d474d: shutdown FollowerState
2019-10-17 02:15:09,961 [Thread-3196] INFO  impl.RaftServerImpl (RaftServerImpl.java:setRole(184)) - b32d7882-88db-4fe6-9cca-6a25122d474d@group-896385CD49EE: changes role from  FOLLOWER to CANDIDATE at term 298 for changeToCandidate
2019-10-17 02:15:09,961 [Thread-3196] INFO  impl.RoleInfo (RoleInfo.java:updateAndGet(143)) - b32d7882-88db-4fe6-9cca-6a25122d474d: start LeaderElection
2019-10-17 02:15:09,975 [b32d7882-88db-4fe6-9cca-6a25122d474d@group-896385CD49EE-LeaderElection345] INFO  impl.LeaderElection (LeaderElection.java:askForVotes(178)) - b32d7882-88db-4fe6-9cca-6a25122d474d@group-896385CD49EE-LeaderElection345: begin an election at term 299 for -1: [b32d7882-88db-4fe6-9cca-6a25122d474d:192.168.157.194:42206, 3aea292b-16fb-4e9b-be90-828afa8e8047:192.168.157.194:34569, a6b2ebfb-69a0-457c-b6cd-a50cc148b564:192.168.157.194:37298], old=null
2019-10-17 02:15:09,976 [grpc-default-executor-0] INFO  impl.RaftServerImpl (RaftServerImpl.java:setRole(184)) - a6b2ebfb-69a0-457c-b6cd-a50cc148b564@group-896385CD49EE: changes role from  FOLLOWER to FOLLOWER at term 299 for recognizeCandidate:b32d7882-88db-4fe6-9cca-6a25122d474d
2019-10-17 02:15:09,977 [grpc-default-executor-0] INFO  impl.RoleInfo (RoleInfo.java:shutdownFollowerState(121)) - a6b2ebfb-69a0-457c-b6cd-a50cc148b564: shutdown FollowerState
2019-10-17 02:15:09,977 [grpc-default-executor-0] INFO  impl.RoleInfo (RoleInfo.java:updateAndGet(143)) - a6b2ebfb-69a0-457c-b6cd-a50cc148b564: start FollowerState
2019-10-17 02:15:09,977 [Thread-3195] INFO  impl.FollowerState (FollowerState.java:run(117)) - a6b2ebfb-69a0-457c-b6cd-a50cc148b564@group-896385CD49EE-FollowerState was interrupted: java.lang.InterruptedException: sleep interrupted
2019-10-17 02:15:09,977 [grpc-default-executor-2] INFO  impl.RaftServerImpl (RaftServerImpl.java:setRole(184)) - 3aea292b-16fb-4e9b-be90-828afa8e8047@group-896385CD49EE: changes role from  FOLLOWER to FOLLOWER at term 299 for recognizeCandidate:b32d7882-88db-4fe6-9cca-6a25122d474d
2019-10-17 02:15:09,977 [grpc-default-executor-2] INFO  impl.RoleInfo (RoleInfo.java:shutdownFollowerState(121)) - 3aea292b-16fb-4e9b-be90-828afa8e8047: shutdown FollowerState
2019-10-17 02:15:09,977 [grpc-default-executor-2] INFO  impl.RoleInfo (RoleInfo.java:updateAndGet(143)) - 3aea292b-16fb-4e9b-be90-828afa8e8047: start FollowerState
2019-10-17 02:15:09,977 [Thread-3194] INFO  impl.FollowerState (FollowerState.java:run(117)) - 3aea292b-16fb-4e9b-be90-828afa8e8047@group-896385CD49EE-FollowerState was interrupted: java.lang.InterruptedException: sleep interrupted
2019-10-17 02:15:09,995 [b32d7882-88db-4fe6-9cca-6a25122d474d@group-896385CD49EE-LeaderElection345] INFO  impl.LeaderElection (LeaderElection.java:logAndReturn(56)) - b32d7882-88db-4fe6-9cca-6a25122d474d@group-896385CD49EE-LeaderElection345: Election REJECTED; received 2 response(s) [b32d7882-88db-4fe6-9cca-6a25122d474d<-3aea292b-16fb-4e9b-be90-828afa8e8047#0:FAIL-t299, b32d7882-88db-4fe6-9cca-6a25122d474d<-a6b2ebfb-69a0-457c-b6cd-a50cc148b564#0:FAIL-t299] and 0 exception(s); b32d7882-88db-4fe6-9cca-6a25122d474d@group-896385CD49EE:t299, leader=null, voted=b32d7882-88db-4fe6-9cca-6a25122d474d, raftlog=b32d7882-88db-4fe6-9cca-6a25122d474d@group-896385CD49EE-SegmentedRaftLog:OPENED:c-1,f-1,i0, conf=-1: [b32d7882-88db-4fe6-9cca-6a25122d474d:192.168.157.194:42206, 3aea292b-16fb-4e9b-be90-828afa8e8047:192.168.157.194:34569, a6b2ebfb-69a0-457c-b6cd-a50cc148b564:192.168.157.194:37298], old=null
2019-10-17 02:15:09,996 [b32d7882-88db-4fe6-9cca-6a25122d474d@group-896385CD49EE-LeaderElection345] INFO  impl.RaftServerImpl (RaftServerImpl.java:setRole(184)) - b32d7882-88db-4fe6-9cca-6a25122d474d@group-896385CD49EE: changes role from CANDIDATE to FOLLOWER at term 299 for DISCOVERED_A_NEW_TERM
2019-10-17 02:15:09,996 [b32d7882-88db-4fe6-9cca-6a25122d474d@group-896385CD49EE-LeaderElection345] INFO  impl.RoleInfo (RoleInfo.java:shutdownLeaderElection(134)) - b32d7882-88db-4fe6-9cca-6a25122d474d: shutdown LeaderElection
2019-10-17 02:15:09,996 [b32d7882-88db-4fe6-9cca-6a25122d474d@group-896385CD49EE-LeaderElection345] INFO  impl.RoleInfo (RoleInfo.java:updateAndGet(143)) - b32d7882-88db-4fe6-9cca-6a25122d474d: start FollowerState
2019-10-17 02:15:10,111 [Thread-3202] INFO  impl.FollowerState (FollowerState.java:run(108)) - b32d7882-88db-4fe6-9cca-6a25122d474d@group-896385CD49EE-FollowerState: change to CANDIDATE, lastRpcTime:115ms, electionTimeout:115ms
2019-10-17 02:15:10,112 [Thread-3202] INFO  impl.RoleInfo (RoleInfo.java:shutdownFollowerState(121)) - b32d7882-88db-4fe6-9cca-6a25122d474d: shutdown FollowerState
2019-10-17 02:15:10,112 [Thread-3202] INFO  impl.RaftServerImpl (RaftServerImpl.java:setRole(184)) - b32d7882-88db-4fe6-9cca-6a25122d474d@group-896385CD49EE: changes role from  FOLLOWER to CANDIDATE at term 299 for changeToCandidate
2019-10-17 02:15:10,112 [Thread-3202] INFO  impl.RoleInfo (RoleInfo.java:updateAndGet(143)) - b32d7882-88db-4fe6-9cca-6a25122d474d: start LeaderElection
2019-10-17 02:15:10,126 [b32d7882-88db-4fe6-9cca-6a25122d474d@group-896385CD49EE-LeaderElection346] INFO  impl.LeaderElection (LeaderElection.java:askForVotes(178)) - b32d7882-88db-4fe6-9cca-6a25122d474d@group-896385CD49EE-LeaderElection346: begin an election at term 300 for -1: [b32d7882-88db-4fe6-9cca-6a25122d474d:192.168.157.194:42206, 3aea292b-16fb-4e9b-be90-828afa8e8047:192.168.157.194:34569, a6b2ebfb-69a0-457c-b6cd-a50cc148b564:192.168.157.194:37298], old=null
2019-10-17 02:15:10,128 [grpc-default-executor-2] INFO  impl.RaftServerImpl (RaftServerImpl.java:setRole(184)) - a6b2ebfb-69a0-457c-b6cd-a50cc148b564@group-896385CD49EE: changes role from  FOLLOWER to FOLLOWER at term 300 for recognizeCandidate:b32d7882-88db-4fe6-9cca-6a25122d474d
2019-10-17 02:15:10,128 [grpc-default-executor-2] INFO  impl.RoleInfo (RoleInfo.java:shutdownFollowerState(121)) - a6b2ebfb-69a0-457c-b6cd-a50cc148b564: shutdown FollowerState
2019-10-17 02:15:10,128 [grpc-default-executor-0] INFO  impl.RaftServerImpl (RaftServerImpl.java:setRole(184)) - 3aea292b-16fb-4e9b-be90-828afa8e8047@group-896385CD49EE: changes role from  FOLLOWER to FOLLOWER at term 300 for recognizeCandidate:b32d7882-88db-4fe6-9cca-6a25122d474d
2019-10-17 02:15:10,129 [grpc-default-executor-0] INFO  impl.RoleInfo (RoleInfo.java:shutdownFollowerState(121)) - 3aea292b-16fb-4e9b-be90-828afa8e8047: shutdown FollowerState
2019-10-17 02:15:10,128 [grpc-default-executor-2] INFO  impl.RoleInfo (RoleInfo.java:updateAndGet(143)) - a6b2ebfb-69a0-457c-b6cd-a50cc148b564: start FollowerState
2019-10-17 02:15:10,128 [Thread-3200] INFO  impl.FollowerState (FollowerState.java:run(117)) - a6b2ebfb-69a0-457c-b6cd-a50cc148b564@group-896385CD49EE-FollowerState was interrupted: java.lang.InterruptedException: sleep interrupted
2019-10-17 02:15:10,129 [Thread-3201] INFO  impl.FollowerState (FollowerState.java:run(117)) - 3aea292b-16fb-4e9b-be90-828afa8e8047@group-896385CD49EE-FollowerState was interrupted: java.lang.InterruptedException: sleep interrupted
2019-10-17 02:15:10,129 [grpc-default-executor-0] INFO  impl.RoleInfo (RoleInfo.java:updateAndGet(143)) - 3aea292b-16fb-4e9b-be90-828afa8e8047: start FollowerState
2019-10-17 02:15:10,177 [main] INFO  ozone.MiniOzoneClusterImpl (MiniOzoneClusterImpl.java:lambda$waitForClusterToBeReady$2(164)) - Waiting for 1 number of pipelines out of 4, to report a leader.
2019-10-17 02:15:10,182 [b32d7882-88db-4fe6-9cca-6a25122d474d@group-896385CD49EE-LeaderElection346] INFO  impl.LeaderElection (LeaderElection.java:logAndReturn(56)) - b32d7882-88db-4fe6-9cca-6a25122d474d@group-896385CD49EE-LeaderElection346: Election REJECTED; received 2 response(s) [b32d7882-88db-4fe6-9cca-6a25122d474d<-3aea292b-16fb-4e9b-be90-828afa8e8047#0:FAIL-t300, b32d7882-88db-4fe6-9cca-6a25122d474d<-a6b2ebfb-69a0-457c-b6cd-a50cc148b564#0:FAIL-t300] and 0 exception(s); b32d7882-88db-4fe6-9cca-6a25122d474d@group-896385CD49EE:t300, leader=null, voted=b32d7882-88db-4fe6-9cca-6a25122d474d, raftlog=b32d7882-88db-4fe6-9cca-6a25122d474d@group-896385CD49EE-SegmentedRaftLog:OPENED:c-1,f-1,i0, conf=-1: [b32d7882-88db-4fe6-9cca-6a25122d474d:192.168.157.194:42206, 3aea292b-16fb-4e9b-be90-828afa8e8047:192.168.157.194:34569, a6b2ebfb-69a0-457c-b6cd-a50cc148b564:192.168.157.194:37298], old=null
2019-10-17 02:15:10,182 [b32d7882-88db-4fe6-9cca-6a25122d474d@group-896385CD49EE-LeaderElection346] INFO  impl.RaftServerImpl (RaftServerImpl.java:setRole(184)) - b32d7882-88db-4fe6-9cca-6a25122d474d@group-896385CD49EE: changes role from CANDIDATE to FOLLOWER at term 300 for DISCOVERED_A_NEW_TERM
2019-10-17 02:15:10,182 [b32d7882-88db-4fe6-9cca-6a25122d474d@group-896385CD49EE-LeaderElection346] INFO  impl.RoleInfo (RoleInfo.java:shutdownLeaderElection(134)) - b32d7882-88db-4fe6-9cca-6a25122d474d: shutdown LeaderElection
2019-10-17 02:15:10,183 [b32d7882-88db-4fe6-9cca-6a25122d474d@group-896385CD49EE-LeaderElection346] INFO  impl.RoleInfo (RoleInfo.java:updateAndGet(143)) - b32d7882-88db-4fe6-9cca-6a25122d474d: start FollowerState
2019-10-17 02:15:10,333 [Thread-3208] INFO  impl.FollowerState (FollowerState.java:run(108)) - b32d7882-88db-4fe6-9cca-6a25122d474d@group-896385CD49EE-FollowerState: change to CANDIDATE, lastRpcTime:150ms, electionTimeout:150ms
2019-10-17 02:15:10,333 [Thread-3208] INFO  impl.RoleInfo (RoleInfo.java:shutdownFollowerState(121)) - b32d7882-88db-4fe6-9cca-6a25122d474d: shutdown FollowerState
2019-10-17 02:15:10,333 [Thread-3208] INFO  impl.RaftServerImpl (RaftServerImpl.java:setRole(184)) - b32d7882-88db-4fe6-9cca-6a25122d474d@group-896385CD49EE: changes role from  FOLLOWER to CANDIDATE at term 300 for changeToCandidate
2019-10-17 02:15:10,334 [Thread-3208] INFO  impl.RoleInfo (RoleInfo.java:updateAndGet(143)) - b32d7882-88db-4fe6-9cca-6a25122d474d: start LeaderElection
2019-10-17 02:15:10,347 [b32d7882-88db-4fe6-9cca-6a25122d474d@group-896385CD49EE-LeaderElection347] INFO  impl.LeaderElection (LeaderElection.java:askForVotes(178)) - b32d7882-88db-4fe6-9cca-6a25122d474d@group-896385CD49EE-LeaderElection347: begin an election at term 301 for -1: [b32d7882-88db-4fe6-9cca-6a25122d474d:192.168.157.194:42206, 3aea292b-16fb-4e9b-be90-828afa8e8047:192.168.157.194:34569, a6b2ebfb-69a0-457c-b6cd-a50cc148b564:192.168.157.194:37298], old=null
2019-10-17 02:15:10,350 [grpc-default-executor-0] INFO  impl.RaftServerImpl (RaftServerImpl.java:setRole(184)) - a6b2ebfb-69a0-457c-b6cd-a50cc148b564@group-896385CD49EE: changes role from  FOLLOWER to FOLLOWER at term 301 for recognizeCandidate:b32d7882-88db-4fe6-9cca-6a25122d474d
2019-10-17 02:15:10,350 [grpc-default-executor-0] INFO  impl.RoleInfo (RoleInfo.java:shutdownFollowerState(121)) - a6b2ebfb-69a0-457c-b6cd-a50cc148b564: shutdown FollowerState
2019-10-17 02:15:10,350 [grpc-default-executor-2] INFO  impl.RaftServerImpl (RaftServerImpl.java:setRole(184)) - 3aea292b-16fb-4e9b-be90-828afa8e8047@group-896385CD49EE: changes role from  FOLLOWER to FOLLOWER at term 301 for recognizeCandidate:b32d7882-88db-4fe6-9cca-6a25122d474d
2019-10-17 02:15:10,350 [grpc-default-executor-2] INFO  impl.RoleInfo (RoleInfo.java:shutdownFollowerState(121)) - 3aea292b-16fb-4e9b-be90-828afa8e8047: shutdown FollowerState
2019-10-17 02:15:10,350 [grpc-default-executor-0] INFO  impl.RoleInfo (RoleInfo.java:updateAndGet(143)) - a6b2ebfb-69a0-457c-b6cd-a50cc148b564: start FollowerState
2019-10-17 02:15:10,350 [Thread-3206] INFO  impl.FollowerState (FollowerState.java:run(117)) - a6b2ebfb-69a0-457c-b6cd-a50cc148b564@group-896385CD49EE-FollowerState was interrupted: java.lang.InterruptedException: sleep interrupted
2019-10-17 02:15:10,350 [Thread-3207] INFO  impl.FollowerState (FollowerState.java:run(117)) - 3aea292b-16fb-4e9b-be90-828afa8e8047@group-896385CD49EE-FollowerState was interrupted: java.lang.InterruptedException: sleep interrupted
2019-10-17 02:15:10,350 [grpc-default-executor-2] INFO  impl.RoleInfo (RoleInfo.java:updateAndGet(143)) - 3aea292b-16fb-4e9b-be90-828afa8e8047: start FollowerState
2019-10-17 02:15:10,365 [b32d7882-88db-4fe6-9cca-6a25122d474d@group-896385CD49EE-LeaderElection347] INFO  impl.LeaderElection (LeaderElection.java:logAndReturn(56)) - b32d7882-88db-4fe6-9cca-6a25122d474d@group-896385CD49EE-LeaderElection347: Election REJECTED; received 2 response(s) [b32d7882-88db-4fe6-9cca-6a25122d474d<-3aea292b-16fb-4e9b-be90-828afa8e8047#0:FAIL-t301, b32d7882-88db-4fe6-9cca-6a25122d474d<-a6b2ebfb-69a0-457c-b6cd-a50cc148b564#0:FAIL-t301] and 0 exception(s); b32d7882-88db-4fe6-9cca-6a25122d474d@group-896385CD49EE:t301, leader=null, voted=b32d7882-88db-4fe6-9cca-6a25122d474d, raftlog=b32d7882-88db-4fe6-9cca-6a25122d474d@group-896385CD49EE-SegmentedRaftLog:OPENED:c-1,f-1,i0, conf=-1: [b32d7882-88db-4fe6-9cca-6a25122d474d:192.168.157.194:42206, 3aea292b-16fb-4e9b-be90-828afa8e8047:192.168.157.194:34569, a6b2ebfb-69a0-457c-b6cd-a50cc148b564:192.168.157.194:37298], old=null
2019-10-17 02:15:10,365 [b32d7882-88db-4fe6-9cca-6a25122d474d@group-896385CD49EE-LeaderElection347] INFO  impl.RaftServerImpl (RaftServerImpl.java:setRole(184)) - b32d7882-88db-4fe6-9cca-6a25122d474d@group-896385CD49EE: changes role from CANDIDATE to FOLLOWER at term 301 for DISCOVERED_A_NEW_TERM
2019-10-17 02:15:10,366 [b32d7882-88db-4fe6-9cca-6a25122d474d@group-896385CD49EE-LeaderElection347] INFO  impl.RoleInfo (RoleInfo.java:shutdownLeaderElection(134)) - b32d7882-88db-4fe6-9cca-6a25122d474d: shutdown LeaderElection
2019-10-17 02:15:10,366 [b32d7882-88db-4fe6-9cca-6a25122d474d@group-896385CD49EE-LeaderElection347] INFO  impl.RoleInfo (RoleInfo.java:updateAndGet(143)) - b32d7882-88db-4fe6-9cca-6a25122d474d: start FollowerState
2019-10-17 02:15:10,546 [Thread-3214] INFO  impl.FollowerState (FollowerState.java:run(108)) - b32d7882-88db-4fe6-9cca-6a25122d474d@group-896385CD49EE-FollowerState: change to CANDIDATE, lastRpcTime:180ms, electionTimeout:180ms
2019-10-17 02:15:10,546 [Thread-3214] INFO  impl.RoleInfo (RoleInfo.java:shutdownFollowerState(121)) - b32d7882-88db-4fe6-9cca-6a25122d474d: shutdown FollowerState
2019-10-17 02:15:10,546 [Thread-3214] INFO  impl.RaftServerImpl (RaftServerImpl.java:setRole(184)) - b32d7882-88db-4fe6-9cca-6a25122d474d@group-896385CD49EE: changes role from  FOLLOWER to CANDIDATE at term 301 for changeToCandidate
2019-10-17 02:15:10,547 [Thread-3214] INFO  impl.RoleInfo (RoleInfo.java:updateAndGet(143)) - b32d7882-88db-4fe6-9cca-6a25122d474d: start LeaderElection
2019-10-17 02:15:10,560 [b32d7882-88db-4fe6-9cca-6a25122d474d@group-896385CD49EE-LeaderElection348] INFO  impl.LeaderElection (LeaderElection.java:askForVotes(178)) - b32d7882-88db-4fe6-9cca-6a25122d474d@group-896385CD49EE-LeaderElection348: begin an election at term 302 for -1: [b32d7882-88db-4fe6-9cca-6a25122d474d:192.168.157.194:42206, 3aea292b-16fb-4e9b-be90-828afa8e8047:192.168.157.194:34569, a6b2ebfb-69a0-457c-b6cd-a50cc148b564:192.168.157.194:37298], old=null
2019-10-17 02:15:10,563 [grpc-default-executor-2] INFO  impl.RaftServerImpl (RaftServerImpl.java:setRole(184)) - a6b2ebfb-69a0-457c-b6cd-a50cc148b564@group-896385CD49EE: changes role from  FOLLOWER to FOLLOWER at term 302 for recognizeCandidate:b32d7882-88db-4fe6-9cca-6a25122d474d
2019-10-17 02:15:10,563 [grpc-default-executor-2] INFO  impl.RoleInfo (RoleInfo.java:shutdownFollowerState(121)) - a6b2ebfb-69a0-457c-b6cd-a50cc148b564: shutdown FollowerState
2019-10-17 02:15:10,563 [grpc-default-executor-0] INFO  impl.RaftServerImpl (RaftServerImpl.java:setRole(184)) - 3aea292b-16fb-4e9b-be90-828afa8e8047@group-896385CD49EE: changes role from  FOLLOWER to FOLLOWER at term 302 for recognizeCandidate:b32d7882-88db-4fe6-9cca-6a25122d474d
2019-10-17 02:15:10,563 [Thread-3212] INFO  impl.FollowerState (FollowerState.java:run(117)) - a6b2ebfb-69a0-457c-b6cd-a50cc148b564@group-896385CD49EE-FollowerState was interrupted: java.lang.InterruptedException: sleep interrupted
2019-10-17 02:15:10,563 [grpc-default-executor-2] INFO  impl.RoleInfo (RoleInfo.java:updateAndGet(143)) - a6b2ebfb-69a0-457c-b6cd-a50cc148b564: start FollowerState
2019-10-17 02:15:10,563 [grpc-default-executor-0] INFO  impl.RoleInfo (RoleInfo.java:shutdownFollowerState(121)) - 3aea292b-16fb-4e9b-be90-828afa8e8047: shutdown FollowerState
2019-10-17 02:15:10,564 [Thread-3213] INFO  impl.FollowerState (FollowerState.java:run(117)) - 3aea292b-16fb-4e9b-be90-828afa8e8047@group-896385CD49EE-FollowerState was interrupted: java.lang.InterruptedException: sleep interrupted
2019-10-17 02:15:10,564 [grpc-default-executor-0] INFO  impl.RoleInfo (RoleInfo.java:updateAndGet(143)) - 3aea292b-16fb-4e9b-be90-828afa8e8047: start FollowerState
2019-10-17 02:15:10,577 [b32d7882-88db-4fe6-9cca-6a25122d474d@group-896385CD49EE-LeaderElection348] INFO  impl.LeaderElection (LeaderElection.java:logAndReturn(56)) - b32d7882-88db-4fe6-9cca-6a25122d474d@group-896385CD49EE-LeaderElection348: Election REJECTED; received 2 response(s) [b32d7882-88db-4fe6-9cca-6a25122d474d<-3aea292b-16fb-4e9b-be90-828afa8e8047#0:FAIL-t302, b32d7882-88db-4fe6-9cca-6a25122d474d<-a6b2ebfb-69a0-457c-b6cd-a50cc148b564#0:FAIL-t302] and 0 exception(s); b32d7882-88db-4fe6-9cca-6a25122d474d@group-896385CD49EE:t302, leader=null, voted=b32d7882-88db-4fe6-9cca-6a25122d474d, raftlog=b32d7882-88db-4fe6-9cca-6a25122d474d@group-896385CD49EE-SegmentedRaftLog:OPENED:c-1,f-1,i0, conf=-1: [b32d7882-88db-4fe6-9cca-6a25122d474d:192.168.157.194:42206, 3aea292b-16fb-4e9b-be90-828afa8e8047:192.168.157.194:34569, a6b2ebfb-69a0-457c-b6cd-a50cc148b564:192.168.157.194:37298], old=null
2019-10-17 02:15:10,577 [b32d7882-88db-4fe6-9cca-6a25122d474d@group-896385CD49EE-LeaderElection348] INFO  impl.RaftServerImpl (RaftServerImpl.java:setRole(184)) - b32d7882-88db-4fe6-9cca-6a25122d474d@group-896385CD49EE: changes role from CANDIDATE to FOLLOWER at term 302 for DISCOVERED_A_NEW_TERM
2019-10-17 02:15:10,578 [b32d7882-88db-4fe6-9cca-6a25122d474d@group-896385CD49EE-LeaderElection348] INFO  impl.RoleInfo (RoleInfo.java:shutdownLeaderElection(134)) - b32d7882-88db-4fe6-9cca-6a25122d474d: shutdown LeaderElection
2019-10-17 02:15:10,578 [b32d7882-88db-4fe6-9cca-6a25122d474d@group-896385CD49EE-LeaderElection348] INFO  impl.RoleInfo (RoleInfo.java:updateAndGet(143)) - b32d7882-88db-4fe6-9cca-6a25122d474d: start FollowerState
2019-10-17 02:15:10,641 [Thread-3220] INFO  impl.FollowerState (FollowerState.java:run(108)) - b32d7882-88db-4fe6-9cca-6a25122d474d@group-896385CD49EE-FollowerState: change to CANDIDATE, lastRpcTime:63ms, electionTimeout:63ms
2019-10-17 02:15:10,641 [Thread-3220] INFO  impl.RoleInfo (RoleInfo.java:shutdownFollowerState(121)) - b32d7882-88db-4fe6-9cca-6a25122d474d: shutdown FollowerState
2019-10-17 02:15:10,642 [Thread-3220] INFO  impl.RaftServerImpl (RaftServerImpl.java:setRole(184)) - b32d7882-88db-4fe6-9cca-6a25122d474d@group-896385CD49EE: changes role from  FOLLOWER to CANDIDATE at term 302 for changeToCandidate
2019-10-17 02:15:10,642 [Thread-3220] INFO  impl.RoleInfo (RoleInfo.java:updateAndGet(143)) - b32d7882-88db-4fe6-9cca-6a25122d474d: start LeaderElection
2019-10-17 02:15:10,656 [b32d7882-88db-4fe6-9cca-6a25122d474d@group-896385CD49EE-LeaderElection349] INFO  impl.LeaderElection (LeaderElection.java:askForVotes(178)) - b32d7882-88db-4fe6-9cca-6a25122d474d@group-896385CD49EE-LeaderElection349: begin an election at term 303 for -1: [b32d7882-88db-4fe6-9cca-6a25122d474d:192.168.157.194:42206, 3aea292b-16fb-4e9b-be90-828afa8e8047:192.168.157.194:34569, a6b2ebfb-69a0-457c-b6cd-a50cc148b564:192.168.157.194:37298], old=null
2019-10-17 02:15:10,658 [grpc-default-executor-0] INFO  impl.RaftServerImpl (RaftServerImpl.java:setRole(184)) - a6b2ebfb-69a0-457c-b6cd-a50cc148b564@group-896385CD49EE: changes role from  FOLLOWER to FOLLOWER at term 303 for recognizeCandidate:b32d7882-88db-4fe6-9cca-6a25122d474d
2019-10-17 02:15:10,659 [grpc-default-executor-0] INFO  impl.RoleInfo (RoleInfo.java:shutdownFollowerState(121)) - a6b2ebfb-69a0-457c-b6cd-a50cc148b564: shutdown FollowerState
2019-10-17 02:15:10,658 [grpc-default-executor-2] INFO  impl.RaftServerImpl (RaftServerImpl.java:setRole(184)) - 3aea292b-16fb-4e9b-be90-828afa8e8047@group-896385CD49EE: changes role from  FOLLOWER to FOLLOWER at term 303 for recognizeCandidate:b32d7882-88db-4fe6-9cca-6a25122d474d
2019-10-17 02:15:10,659 [Thread-3218] INFO  impl.FollowerState (FollowerState.java:run(117)) - a6b2ebfb-69a0-457c-b6cd-a50cc148b564@group-896385CD49EE-FollowerState was interrupted: java.lang.InterruptedException: sleep interrupted
2019-10-17 02:15:10,659 [grpc-default-executor-0] INFO  impl.RoleInfo (RoleInfo.java:updateAndGet(143)) - a6b2ebfb-69a0-457c-b6cd-a50cc148b564: start FollowerState
2019-10-17 02:15:10,659 [grpc-default-executor-2] INFO  impl.RoleInfo (RoleInfo.java:shutdownFollowerState(121)) - 3aea292b-16fb-4e9b-be90-828afa8e8047: shutdown FollowerState
2019-10-17 02:15:10,660 [grpc-default-executor-2] INFO  impl.RoleInfo (RoleInfo.java:updateAndGet(143)) - 3aea292b-16fb-4e9b-be90-828afa8e8047: start FollowerState
2019-10-17 02:15:10,660 [Thread-3219] INFO  impl.FollowerState (FollowerState.java:run(117)) - 3aea292b-16fb-4e9b-be90-828afa8e8047@group-896385CD49EE-FollowerState was interrupted: java.lang.InterruptedException: sleep interrupted
2019-10-17 02:15:10,674 [b32d7882-88db-4fe6-9cca-6a25122d474d@group-896385CD49EE-LeaderElection349] INFO  impl.LeaderElection (LeaderElection.java:logAndReturn(56)) - b32d7882-88db-4fe6-9cca-6a25122d474d@group-896385CD49EE-LeaderElection349: Election REJECTED; received 2 response(s) [b32d7882-88db-4fe6-9cca-6a25122d474d<-3aea292b-16fb-4e9b-be90-828afa8e8047#0:FAIL-t303, b32d7882-88db-4fe6-9cca-6a25122d474d<-a6b2ebfb-69a0-457c-b6cd-a50cc148b564#0:FAIL-t303] and 0 exception(s); b32d7882-88db-4fe6-9cca-6a25122d474d@group-896385CD49EE:t303, leader=null, voted=b32d7882-88db-4fe6-9cca-6a25122d474d, raftlog=b32d7882-88db-4fe6-9cca-6a25122d474d@group-896385CD49EE-SegmentedRaftLog:OPENED:c-1,f-1,i0, conf=-1: [b32d7882-88db-4fe6-9cca-6a25122d474d:192.168.157.194:42206, 3aea292b-16fb-4e9b-be90-828afa8e8047:192.168.157.194:34569, a6b2ebfb-69a0-457c-b6cd-a50cc148b564:192.168.157.194:37298], old=null
2019-10-17 02:15:10,674 [b32d7882-88db-4fe6-9cca-6a25122d474d@group-896385CD49EE-LeaderElection349] INFO  impl.RaftServerImpl (RaftServerImpl.java:setRole(184)) - b32d7882-88db-4fe6-9cca-6a25122d474d@group-896385CD49EE: changes role from CANDIDATE to FOLLOWER at term 303 for DISCOVERED_A_NEW_TERM
2019-10-17 02:15:10,674 [b32d7882-88db-4fe6-9cca-6a25122d474d@group-896385CD49EE-LeaderElection349] INFO  impl.RoleInfo (RoleInfo.java:shutdownLeaderElection(134)) - b32d7882-88db-4fe6-9cca-6a25122d474d: shutdown LeaderElection
2019-10-17 02:15:10,674 [b32d7882-88db-4fe6-9cca-6a25122d474d@group-896385CD49EE-LeaderElection349] INFO  impl.RoleInfo (RoleInfo.java:updateAndGet(143)) - b32d7882-88db-4fe6-9cca-6a25122d474d: start FollowerState
2019-10-17 02:15:10,785 [Thread-3226] INFO  impl.FollowerState (FollowerState.java:run(108)) - b32d7882-88db-4fe6-9cca-6a25122d474d@group-896385CD49EE-FollowerState: change to CANDIDATE, lastRpcTime:110ms, electionTimeout:110ms
2019-10-17 02:15:10,785 [Thread-3226] INFO  impl.RoleInfo (RoleInfo.java:shutdownFollowerState(121)) - b32d7882-88db-4fe6-9cca-6a25122d474d: shutdown FollowerState
2019-10-17 02:15:10,785 [Thread-3226] INFO  impl.RaftServerImpl (RaftServerImpl.java:setRole(184)) - b32d7882-88db-4fe6-9cca-6a25122d474d@group-896385CD49EE: changes role from  FOLLOWER to CANDIDATE at term 303 for changeToCandidate
2019-10-17 02:15:10,785 [Thread-3226] INFO  impl.RoleInfo (RoleInfo.java:updateAndGet(143)) - b32d7882-88db-4fe6-9cca-6a25122d474d: start LeaderElection
2019-10-17 02:15:10,799 [b32d7882-88db-4fe6-9cca-6a25122d474d@group-896385CD49EE-LeaderElection350] INFO  impl.LeaderElection (LeaderElection.java:askForVotes(178)) - b32d7882-88db-4fe6-9cca-6a25122d474d@group-896385CD49EE-LeaderElection350: begin an election at term 304 for -1: [b32d7882-88db-4fe6-9cca-6a25122d474d:192.168.157.194:42206, 3aea292b-16fb-4e9b-be90-828afa8e8047:192.168.157.194:34569, a6b2ebfb-69a0-457c-b6cd-a50cc148b564:192.168.157.194:37298], old=null
2019-10-17 02:15:10,801 [grpc-default-executor-2] INFO  impl.RaftServerImpl (RaftServerImpl.java:setRole(184)) - 3aea292b-16fb-4e9b-be90-828afa8e8047@group-896385CD49EE: changes role from  FOLLOWER to FOLLOWER at term 304 for recognizeCandidate:b32d7882-88db-4fe6-9cca-6a25122d474d
2019-10-17 02:15:10,801 [grpc-default-executor-2] INFO  impl.RoleInfo (RoleInfo.java:shutdownFollowerState(121)) - 3aea292b-16fb-4e9b-be90-828afa8e8047: shutdown FollowerState
2019-10-17 02:15:10,801 [grpc-default-executor-0] INFO  impl.RaftServerImpl (RaftServerImpl.java:setRole(184)) - a6b2ebfb-69a0-457c-b6cd-a50cc148b564@group-896385CD49EE: changes role from  FOLLOWER to FOLLOWER at term 304 for recognizeCandidate:b32d7882-88db-4fe6-9cca-6a25122d474d
2019-10-17 02:15:10,802 [grpc-default-executor-0] INFO  impl.RoleInfo (RoleInfo.java:shutdownFollowerState(121)) - a6b2ebfb-69a0-457c-b6cd-a50cc148b564: shutdown FollowerState
2019-10-17 02:15:10,801 [Thread-3225] INFO  impl.FollowerState (FollowerState.java:run(117)) - 3aea292b-16fb-4e9b-be90-828afa8e8047@group-896385CD49EE-FollowerState was interrupted: java.lang.InterruptedException: sleep interrupted
2019-10-17 02:15:10,801 [grpc-default-executor-2] INFO  impl.RoleInfo (RoleInfo.java:updateAndGet(143)) - 3aea292b-16fb-4e9b-be90-828afa8e8047: start FollowerState
2019-10-17 02:15:10,802 [Thread-3224] INFO  impl.FollowerState (FollowerState.java:run(117)) - a6b2ebfb-69a0-457c-b6cd-a50cc148b564@group-896385CD49EE-FollowerState was interrupted: java.lang.InterruptedException: sleep interrupted
2019-10-17 02:15:10,802 [grpc-default-executor-0] INFO  impl.RoleInfo (RoleInfo.java:updateAndGet(143)) - a6b2ebfb-69a0-457c-b6cd-a50cc148b564: start FollowerState
2019-10-17 02:15:10,815 [b32d7882-88db-4fe6-9cca-6a25122d474d@group-896385CD49EE-LeaderElection350] INFO  impl.LeaderElection (LeaderElection.java:logAndReturn(56)) - b32d7882-88db-4fe6-9cca-6a25122d474d@group-896385CD49EE-LeaderElection350: Election TIMEOUT; received 0 response(s) [] and 0 exception(s); b32d7882-88db-4fe6-9cca-6a25122d474d@group-896385CD49EE:t304, leader=null, voted=b32d7882-88db-4fe6-9cca-6a25122d474d, raftlog=b32d7882-88db-4fe6-9cca-6a25122d474d@group-896385CD49EE-SegmentedRaftLog:OPENED:c-1,f-1,i0, conf=-1: [b32d7882-88db-4fe6-9cca-6a25122d474d:192.168.157.194:42206, 3aea292b-16fb-4e9b-be90-828afa8e8047:192.168.157.194:34569, a6b2ebfb-69a0-457c-b6cd-a50cc148b564:192.168.157.194:37298], old=null
2019-10-17 02:15:10,830 [b32d7882-88db-4fe6-9cca-6a25122d474d@group-896385CD49EE-LeaderElection350] INFO  impl.LeaderElection (LeaderElection.java:askForVotes(178)) - b32d7882-88db-4fe6-9cca-6a25122d474d@group-896385CD49EE-LeaderElection350: begin an election at term 305 for -1: [b32d7882-88db-4fe6-9cca-6a25122d474d:192.168.157.194:42206, 3aea292b-16fb-4e9b-be90-828afa8e8047:192.168.157.194:34569, a6b2ebfb-69a0-457c-b6cd-a50cc148b564:192.168.157.194:37298], old=null
2019-10-17 02:15:10,831 [grpc-default-executor-2] INFO  impl.RaftServerImpl (RaftServerImpl.java:setRole(184)) - 3aea292b-16fb-4e9b-be90-828afa8e8047@group-896385CD49EE: changes role from  FOLLOWER to FOLLOWER at term 305 for recognizeCandidate:b32d7882-88db-4fe6-9cca-6a25122d474d
2019-10-17 02:15:10,832 [grpc-default-executor-2] INFO  impl.RoleInfo (RoleInfo.java:shutdownFollowerState(121)) - 3aea292b-16fb-4e9b-be90-828afa8e8047: shutdown FollowerState
2019-10-17 02:15:10,832 [grpc-default-executor-2] INFO  impl.RoleInfo (RoleInfo.java:updateAndGet(143)) - 3aea292b-16fb-4e9b-be90-828afa8e8047: start FollowerState
2019-10-17 02:15:10,832 [Thread-3230] INFO  impl.FollowerState (FollowerState.java:run(117)) - 3aea292b-16fb-4e9b-be90-828afa8e8047@group-896385CD49EE-FollowerState was interrupted: java.lang.InterruptedException: sleep interrupted
2019-10-17 02:15:10,832 [grpc-default-executor-0] INFO  impl.RaftServerImpl (RaftServerImpl.java:setRole(184)) - a6b2ebfb-69a0-457c-b6cd-a50cc148b564@group-896385CD49EE: changes role from  FOLLOWER to FOLLOWER at term 305 for recognizeCandidate:b32d7882-88db-4fe6-9cca-6a25122d474d
2019-10-17 02:15:10,832 [grpc-default-executor-0] INFO  impl.RoleInfo (RoleInfo.java:shutdownFollowerState(121)) - a6b2ebfb-69a0-457c-b6cd-a50cc148b564: shutdown FollowerState
2019-10-17 02:15:10,832 [grpc-default-executor-0] INFO  impl.RoleInfo (RoleInfo.java:updateAndGet(143)) - a6b2ebfb-69a0-457c-b6cd-a50cc148b564: start FollowerState
2019-10-17 02:15:10,832 [Thread-3231] INFO  impl.FollowerState (FollowerState.java:run(117)) - a6b2ebfb-69a0-457c-b6cd-a50cc148b564@group-896385CD49EE-FollowerState was interrupted: java.lang.InterruptedException: sleep interrupted
2019-10-17 02:15:10,846 [b32d7882-88db-4fe6-9cca-6a25122d474d@group-896385CD49EE-LeaderElection350] INFO  impl.LeaderElection (LeaderElection.java:logAndReturn(56)) - b32d7882-88db-4fe6-9cca-6a25122d474d@group-896385CD49EE-LeaderElection350: Election REJECTED; received 2 response(s) [b32d7882-88db-4fe6-9cca-6a25122d474d<-3aea292b-16fb-4e9b-be90-828afa8e8047#0:FAIL-t305, b32d7882-88db-4fe6-9cca-6a25122d474d<-a6b2ebfb-69a0-457c-b6cd-a50cc148b564#0:FAIL-t305] and 0 exception(s); b32d7882-88db-4fe6-9cca-6a25122d474d@group-896385CD49EE:t305, leader=null, voted=b32d7882-88db-4fe6-9cca-6a25122d474d, raftlog=b32d7882-88db-4fe6-9cca-6a25122d474d@group-896385CD49EE-SegmentedRaftLog:OPENED:c-1,f-1,i0, conf=-1: [b32d7882-88db-4fe6-9cca-6a25122d474d:192.168.157.194:42206, 3aea292b-16fb-4e9b-be90-828afa8e8047:192.168.157.194:34569, a6b2ebfb-69a0-457c-b6cd-a50cc148b564:192.168.157.194:37298], old=null
2019-10-17 02:15:10,846 [b32d7882-88db-4fe6-9cca-6a25122d474d@group-896385CD49EE-LeaderElection350] INFO  impl.RaftServerImpl (RaftServerImpl.java:setRole(184)) - b32d7882-88db-4fe6-9cca-6a25122d474d@group-896385CD49EE: changes role from CANDIDATE to FOLLOWER at term 305 for DISCOVERED_A_NEW_TERM
2019-10-17 02:15:10,846 [b32d7882-88db-4fe6-9cca-6a25122d474d@group-896385CD49EE-LeaderElection350] INFO  impl.RoleInfo (RoleInfo.java:shutdownLeaderElection(134)) - b32d7882-88db-4fe6-9cca-6a25122d474d: shutdown LeaderElection
2019-10-17 02:15:10,846 [b32d7882-88db-4fe6-9cca-6a25122d474d@group-896385CD49EE-LeaderElection350] INFO  impl.RoleInfo (RoleInfo.java:updateAndGet(143)) - b32d7882-88db-4fe6-9cca-6a25122d474d: start FollowerState
2019-10-17 02:15:10,936 [Thread-3236] INFO  impl.FollowerState (FollowerState.java:run(108)) - b32d7882-88db-4fe6-9cca-6a25122d474d@group-896385CD49EE-FollowerState: change to CANDIDATE, lastRpcTime:89ms, electionTimeout:89ms
2019-10-17 02:15:10,936 [Thread-3236] INFO  impl.RoleInfo (RoleInfo.java:shutdownFollowerState(121)) - b32d7882-88db-4fe6-9cca-6a25122d474d: shutdown FollowerState
2019-10-17 02:15:10,936 [Thread-3236] INFO  impl.RaftServerImpl (RaftServerImpl.java:setRole(184)) - b32d7882-88db-4fe6-9cca-6a25122d474d@group-896385CD49EE: changes role from  FOLLOWER to CANDIDATE at term 305 for changeToCandidate
2019-10-17 02:15:10,936 [Thread-3236] INFO  impl.RoleInfo (RoleInfo.java:updateAndGet(143)) - b32d7882-88db-4fe6-9cca-6a25122d474d: start LeaderElection
2019-10-17 02:15:10,950 [b32d7882-88db-4fe6-9cca-6a25122d474d@group-896385CD49EE-LeaderElection351] INFO  impl.LeaderElection (LeaderElection.java:askForVotes(178)) - b32d7882-88db-4fe6-9cca-6a25122d474d@group-896385CD49EE-LeaderElection351: begin an election at term 306 for -1: [b32d7882-88db-4fe6-9cca-6a25122d474d:192.168.157.194:42206, 3aea292b-16fb-4e9b-be90-828afa8e8047:192.168.157.194:34569, a6b2ebfb-69a0-457c-b6cd-a50cc148b564:192.168.157.194:37298], old=null
2019-10-17 02:15:10,952 [grpc-default-executor-0] INFO  impl.RaftServerImpl (RaftServerImpl.java:setRole(184)) - 3aea292b-16fb-4e9b-be90-828afa8e8047@group-896385CD49EE: changes role from  FOLLOWER to FOLLOWER at term 306 for recognizeCandidate:b32d7882-88db-4fe6-9cca-6a25122d474d
2019-10-17 02:15:10,952 [grpc-default-executor-0] INFO  impl.RoleInfo (RoleInfo.java:shutdownFollowerState(121)) - 3aea292b-16fb-4e9b-be90-828afa8e8047: shutdown FollowerState
2019-10-17 02:15:10,952 [grpc-default-executor-2] INFO  impl.RaftServerImpl (RaftServerImpl.java:setRole(184)) - a6b2ebfb-69a0-457c-b6cd-a50cc148b564@group-896385CD49EE: changes role from  FOLLOWER to FOLLOWER at term 306 for recognizeCandidate:b32d7882-88db-4fe6-9cca-6a25122d474d
2019-10-17 02:15:10,953 [grpc-default-executor-2] INFO  impl.RoleInfo (RoleInfo.java:shutdownFollowerState(121)) - a6b2ebfb-69a0-457c-b6cd-a50cc148b564: shutdown FollowerState
2019-10-17 02:15:10,953 [Thread-3234] INFO  impl.FollowerState (FollowerState.java:run(117)) - 3aea292b-16fb-4e9b-be90-828afa8e8047@group-896385CD49EE-FollowerState was interrupted: java.lang.InterruptedException: sleep interrupted
2019-10-17 02:15:10,953 [grpc-default-executor-0] INFO  impl.RoleInfo (RoleInfo.java:updateAndGet(143)) - 3aea292b-16fb-4e9b-be90-828afa8e8047: start FollowerState
2019-10-17 02:15:10,953 [Thread-3235] INFO  impl.FollowerState (FollowerState.java:run(117)) - a6b2ebfb-69a0-457c-b6cd-a50cc148b564@group-896385CD49EE-FollowerState was interrupted: java.lang.InterruptedException: sleep interrupted
2019-10-17 02:15:10,953 [grpc-default-executor-2] INFO  impl.RoleInfo (RoleInfo.java:updateAndGet(143)) - a6b2ebfb-69a0-457c-b6cd-a50cc148b564: start FollowerState
2019-10-17 02:15:10,968 [b32d7882-88db-4fe6-9cca-6a25122d474d@group-896385CD49EE-LeaderElection351] INFO  impl.LeaderElection (LeaderElection.java:logAndReturn(56)) - b32d7882-88db-4fe6-9cca-6a25122d474d@group-896385CD49EE-LeaderElection351: Election TIMEOUT; received 0 response(s) [] and 0 exception(s); b32d7882-88db-4fe6-9cca-6a25122d474d@group-896385CD49EE:t306, leader=null, voted=b32d7882-88db-4fe6-9cca-6a25122d474d, raftlog=b32d7882-88db-4fe6-9cca-6a25122d474d@group-896385CD49EE-SegmentedRaftLog:OPENED:c-1,f-1,i0, conf=-1: [b32d7882-88db-4fe6-9cca-6a25122d474d:192.168.157.194:42206, 3aea292b-16fb-4e9b-be90-828afa8e8047:192.168.157.194:34569, a6b2ebfb-69a0-457c-b6cd-a50cc148b564:192.168.157.194:37298], old=null
2019-10-17 02:15:10,981 [b32d7882-88db-4fe6-9cca-6a25122d474d@group-896385CD49EE-LeaderElection351] INFO  impl.LeaderElection (LeaderElection.java:askForVotes(178)) - b32d7882-88db-4fe6-9cca-6a25122d474d@group-896385CD49EE-LeaderElection351: begin an election at term 307 for -1: [b32d7882-88db-4fe6-9cca-6a25122d474d:192.168.157.194:42206, 3aea292b-16fb-4e9b-be90-828afa8e8047:192.168.157.194:34569, a6b2ebfb-69a0-457c-b6cd-a50cc148b564:192.168.157.194:37298], old=null
2019-10-17 02:15:10,983 [grpc-default-executor-2] INFO  impl.RaftServerImpl (RaftServerImpl.java:setRole(184)) - 3aea292b-16fb-4e9b-be90-828afa8e8047@group-896385CD49EE: changes role from  FOLLOWER to FOLLOWER at term 307 for recognizeCandidate:b32d7882-88db-4fe6-9cca-6a25122d474d
2019-10-17 02:15:10,983 [grpc-default-executor-2] INFO  impl.RoleInfo (RoleInfo.java:shutdownFollowerState(121)) - 3aea292b-16fb-4e9b-be90-828afa8e8047: shutdown FollowerState
2019-10-17 02:15:10,983 [grpc-default-executor-2] INFO  impl.RoleInfo (RoleInfo.java:updateAndGet(143)) - 3aea292b-16fb-4e9b-be90-828afa8e8047: start FollowerState
2019-10-17 02:15:10,983 [Thread-3240] INFO  impl.FollowerState (FollowerState.java:run(117)) - 3aea292b-16fb-4e9b-be90-828afa8e8047@group-896385CD49EE-FollowerState was interrupted: java.lang.InterruptedException: sleep interrupted
2019-10-17 02:15:10,984 [grpc-default-executor-0] INFO  impl.RaftServerImpl (RaftServerImpl.java:setRole(184)) - a6b2ebfb-69a0-457c-b6cd-a50cc148b564@group-896385CD49EE: changes role from  FOLLOWER to FOLLOWER at term 307 for recognizeCandidate:b32d7882-88db-4fe6-9cca-6a25122d474d
2019-10-17 02:15:10,984 [grpc-default-executor-0] INFO  impl.RoleInfo (RoleInfo.java:shutdownFollowerState(121)) - a6b2ebfb-69a0-457c-b6cd-a50cc148b564: shutdown FollowerState
2019-10-17 02:15:10,984 [grpc-default-executor-0] INFO  impl.RoleInfo (RoleInfo.java:updateAndGet(143)) - a6b2ebfb-69a0-457c-b6cd-a50cc148b564: start FollowerState
2019-10-17 02:15:10,984 [Thread-3241] INFO  impl.FollowerState (FollowerState.java:run(117)) - a6b2ebfb-69a0-457c-b6cd-a50cc148b564@group-896385CD49EE-FollowerState was interrupted: java.lang.InterruptedException: sleep interrupted
2019-10-17 02:15:10,998 [b32d7882-88db-4fe6-9cca-6a25122d474d@group-896385CD49EE-LeaderElection351] INFO  impl.LeaderElection (LeaderElection.java:logAndReturn(56)) - b32d7882-88db-4fe6-9cca-6a25122d474d@group-896385CD49EE-LeaderElection351: Election REJECTED; received 2 response(s) [b32d7882-88db-4fe6-9cca-6a25122d474d<-3aea292b-16fb-4e9b-be90-828afa8e8047#0:FAIL-t307, b32d7882-88db-4fe6-9cca-6a25122d474d<-a6b2ebfb-69a0-457c-b6cd-a50cc148b564#0:FAIL-t307] and 0 exception(s); b32d7882-88db-4fe6-9cca-6a25122d474d@group-896385CD49EE:t307, leader=null, voted=b32d7882-88db-4fe6-9cca-6a25122d474d, raftlog=b32d7882-88db-4fe6-9cca-6a25122d474d@group-896385CD49EE-SegmentedRaftLog:OPENED:c-1,f-1,i0, conf=-1: [b32d7882-88db-4fe6-9cca-6a25122d474d:192.168.157.194:42206, 3aea292b-16fb-4e9b-be90-828afa8e8047:192.168.157.194:34569, a6b2ebfb-69a0-457c-b6cd-a50cc148b564:192.168.157.194:37298], old=null
2019-10-17 02:15:10,998 [b32d7882-88db-4fe6-9cca-6a25122d474d@group-896385CD49EE-LeaderElection351] INFO  impl.RaftServerImpl (RaftServerImpl.java:setRole(184)) - b32d7882-88db-4fe6-9cca-6a25122d474d@group-896385CD49EE: changes role from CANDIDATE to FOLLOWER at term 307 for DISCOVERED_A_NEW_TERM
2019-10-17 02:15:10,998 [b32d7882-88db-4fe6-9cca-6a25122d474d@group-896385CD49EE-LeaderElection351] INFO  impl.RoleInfo (RoleInfo.java:shutdownLeaderElection(134)) - b32d7882-88db-4fe6-9cca-6a25122d474d: shutdown LeaderElection
2019-10-17 02:15:10,998 [b32d7882-88db-4fe6-9cca-6a25122d474d@group-896385CD49EE-LeaderElection351] INFO  impl.RoleInfo (RoleInfo.java:updateAndGet(143)) - b32d7882-88db-4fe6-9cca-6a25122d474d: start FollowerState
2019-10-17 02:15:11,087 [Thread-3246] INFO  impl.FollowerState (FollowerState.java:run(108)) - b32d7882-88db-4fe6-9cca-6a25122d474d@group-896385CD49EE-FollowerState: change to CANDIDATE, lastRpcTime:88ms, electionTimeout:88ms
2019-10-17 02:15:11,087 [Thread-3246] INFO  impl.RoleInfo (RoleInfo.java:shutdownFollowerState(121)) - b32d7882-88db-4fe6-9cca-6a25122d474d: shutdown FollowerState
2019-10-17 02:15:11,087 [Thread-3246] INFO  impl.RaftServerImpl (RaftServerImpl.java:setRole(184)) - b32d7882-88db-4fe6-9cca-6a25122d474d@group-896385CD49EE: changes role from  FOLLOWER to CANDIDATE at term 307 for changeToCandidate
2019-10-17 02:15:11,087 [Thread-3246] INFO  impl.RoleInfo (RoleInfo.java:updateAndGet(143)) - b32d7882-88db-4fe6-9cca-6a25122d474d: start LeaderElection
2019-10-17 02:15:11,101 [b32d7882-88db-4fe6-9cca-6a25122d474d@group-896385CD49EE-LeaderElection352] INFO  impl.LeaderElection (LeaderElection.java:askForVotes(178)) - b32d7882-88db-4fe6-9cca-6a25122d474d@group-896385CD49EE-LeaderElection352: begin an election at term 308 for -1: [b32d7882-88db-4fe6-9cca-6a25122d474d:192.168.157.194:42206, 3aea292b-16fb-4e9b-be90-828afa8e8047:192.168.157.194:34569, a6b2ebfb-69a0-457c-b6cd-a50cc148b564:192.168.157.194:37298], old=null
2019-10-17 02:15:11,103 [grpc-default-executor-2] INFO  impl.RaftServerImpl (RaftServerImpl.java:setRole(184)) - 3aea292b-16fb-4e9b-be90-828afa8e8047@group-896385CD49EE: changes role from  FOLLOWER to FOLLOWER at term 308 for recognizeCandidate:b32d7882-88db-4fe6-9cca-6a25122d474d
2019-10-17 02:15:11,103 [grpc-default-executor-2] INFO  impl.RoleInfo (RoleInfo.java:shutdownFollowerState(121)) - 3aea292b-16fb-4e9b-be90-828afa8e8047: shutdown FollowerState
2019-10-17 02:15:11,103 [grpc-default-executor-0] INFO  impl.RaftServerImpl (RaftServerImpl.java:setRole(184)) - a6b2ebfb-69a0-457c-b6cd-a50cc148b564@group-896385CD49EE: changes role from  FOLLOWER to FOLLOWER at term 308 for recognizeCandidate:b32d7882-88db-4fe6-9cca-6a25122d474d
2019-10-17 02:15:11,103 [grpc-default-executor-0] INFO  impl.RoleInfo (RoleInfo.java:shutdownFollowerState(121)) - a6b2ebfb-69a0-457c-b6cd-a50cc148b564: shutdown FollowerState
2019-10-17 02:15:11,103 [Thread-3244] INFO  impl.FollowerState (FollowerState.java:run(117)) - 3aea292b-16fb-4e9b-be90-828afa8e8047@group-896385CD49EE-FollowerState was interrupted: java.lang.InterruptedException: sleep interrupted
2019-10-17 02:15:11,103 [grpc-default-executor-2] INFO  impl.RoleInfo (RoleInfo.java:updateAndGet(143)) - 3aea292b-16fb-4e9b-be90-828afa8e8047: start FollowerState
2019-10-17 02:15:11,104 [Thread-3245] INFO  impl.FollowerState (FollowerState.java:run(117)) - a6b2ebfb-69a0-457c-b6cd-a50cc148b564@group-896385CD49EE-FollowerState was interrupted: java.lang.InterruptedException: sleep interrupted
2019-10-17 02:15:11,104 [grpc-default-executor-0] INFO  impl.RoleInfo (RoleInfo.java:updateAndGet(143)) - a6b2ebfb-69a0-457c-b6cd-a50cc148b564: start FollowerState
2019-10-17 02:15:11,118 [b32d7882-88db-4fe6-9cca-6a25122d474d@group-896385CD49EE-LeaderElection352] INFO  impl.LeaderElection (LeaderElection.java:logAndReturn(56)) - b32d7882-88db-4fe6-9cca-6a25122d474d@group-896385CD49EE-LeaderElection352: Election REJECTED; received 2 response(s) [b32d7882-88db-4fe6-9cca-6a25122d474d<-3aea292b-16fb-4e9b-be90-828afa8e8047#0:FAIL-t308, b32d7882-88db-4fe6-9cca-6a25122d474d<-a6b2ebfb-69a0-457c-b6cd-a50cc148b564#0:FAIL-t308] and 0 exception(s); b32d7882-88db-4fe6-9cca-6a25122d474d@group-896385CD49EE:t308, leader=null, voted=b32d7882-88db-4fe6-9cca-6a25122d474d, raftlog=b32d7882-88db-4fe6-9cca-6a25122d474d@group-896385CD49EE-SegmentedRaftLog:OPENED:c-1,f-1,i0, conf=-1: [b32d7882-88db-4fe6-9cca-6a25122d474d:192.168.157.194:42206, 3aea292b-16fb-4e9b-be90-828afa8e8047:192.168.157.194:34569, a6b2ebfb-69a0-457c-b6cd-a50cc148b564:192.168.157.194:37298], old=null
2019-10-17 02:15:11,118 [b32d7882-88db-4fe6-9cca-6a25122d474d@group-896385CD49EE-LeaderElection352] INFO  impl.RaftServerImpl (RaftServerImpl.java:setRole(184)) - b32d7882-88db-4fe6-9cca-6a25122d474d@group-896385CD49EE: changes role from CANDIDATE to FOLLOWER at term 308 for DISCOVERED_A_NEW_TERM
2019-10-17 02:15:11,119 [b32d7882-88db-4fe6-9cca-6a25122d474d@group-896385CD49EE-LeaderElection352] INFO  impl.RoleInfo (RoleInfo.java:shutdownLeaderElection(134)) - b32d7882-88db-4fe6-9cca-6a25122d474d: shutdown LeaderElection
2019-10-17 02:15:11,119 [b32d7882-88db-4fe6-9cca-6a25122d474d@group-896385CD49EE-LeaderElection352] INFO  impl.RoleInfo (RoleInfo.java:updateAndGet(143)) - b32d7882-88db-4fe6-9cca-6a25122d474d: start FollowerState
2019-10-17 02:15:11,133 [Thread-3252] INFO  impl.FollowerState (FollowerState.java:run(108)) - b32d7882-88db-4fe6-9cca-6a25122d474d@group-896385CD49EE-FollowerState: change to CANDIDATE, lastRpcTime:14ms, electionTimeout:14ms
2019-10-17 02:15:11,133 [Thread-3252] INFO  impl.RoleInfo (RoleInfo.java:shutdownFollowerState(121)) - b32d7882-88db-4fe6-9cca-6a25122d474d: shutdown FollowerState
2019-10-17 02:15:11,133 [Thread-3252] INFO  impl.RaftServerImpl (RaftServerImpl.java:setRole(184)) - b32d7882-88db-4fe6-9cca-6a25122d474d@group-896385CD49EE: changes role from  FOLLOWER to CANDIDATE at term 308 for changeToCandidate
2019-10-17 02:15:11,133 [Thread-3252] INFO  impl.RoleInfo (RoleInfo.java:updateAndGet(143)) - b32d7882-88db-4fe6-9cca-6a25122d474d: start LeaderElection
2019-10-17 02:15:11,147 [b32d7882-88db-4fe6-9cca-6a25122d474d@group-896385CD49EE-LeaderElection353] INFO  impl.LeaderElection (LeaderElection.java:askForVotes(178)) - b32d7882-88db-4fe6-9cca-6a25122d474d@group-896385CD49EE-LeaderElection353: begin an election at term 309 for -1: [b32d7882-88db-4fe6-9cca-6a25122d474d:192.168.157.194:42206, 3aea292b-16fb-4e9b-be90-828afa8e8047:192.168.157.194:34569, a6b2ebfb-69a0-457c-b6cd-a50cc148b564:192.168.157.194:37298], old=null
2019-10-17 02:15:11,148 [grpc-default-executor-2] INFO  impl.RaftServerImpl (RaftServerImpl.java:setRole(184)) - 3aea292b-16fb-4e9b-be90-828afa8e8047@group-896385CD49EE: changes role from  FOLLOWER to FOLLOWER at term 309 for recognizeCandidate:b32d7882-88db-4fe6-9cca-6a25122d474d
2019-10-17 02:15:11,149 [grpc-default-executor-2] INFO  impl.RoleInfo (RoleInfo.java:shutdownFollowerState(121)) - 3aea292b-16fb-4e9b-be90-828afa8e8047: shutdown FollowerState
2019-10-17 02:15:11,149 [grpc-default-executor-2] INFO  impl.RoleInfo (RoleInfo.java:updateAndGet(143)) - 3aea292b-16fb-4e9b-be90-828afa8e8047: start FollowerState
2019-10-17 02:15:11,149 [Thread-3250] INFO  impl.FollowerState (FollowerState.java:run(117)) - 3aea292b-16fb-4e9b-be90-828afa8e8047@group-896385CD49EE-FollowerState was interrupted: java.lang.InterruptedException: sleep interrupted
2019-10-17 02:15:11,149 [grpc-default-executor-0] INFO  impl.RaftServerImpl (RaftServerImpl.java:setRole(184)) - a6b2ebfb-69a0-457c-b6cd-a50cc148b564@group-896385CD49EE: changes role from  FOLLOWER to FOLLOWER at term 309 for recognizeCandidate:b32d7882-88db-4fe6-9cca-6a25122d474d
2019-10-17 02:15:11,149 [grpc-default-executor-0] INFO  impl.RoleInfo (RoleInfo.java:shutdownFollowerState(121)) - a6b2ebfb-69a0-457c-b6cd-a50cc148b564: shutdown FollowerState
2019-10-17 02:15:11,149 [grpc-default-executor-0] INFO  impl.RoleInfo (RoleInfo.java:updateAndGet(143)) - a6b2ebfb-69a0-457c-b6cd-a50cc148b564: start FollowerState
2019-10-17 02:15:11,149 [Thread-3251] INFO  impl.FollowerState (FollowerState.java:run(117)) - a6b2ebfb-69a0-457c-b6cd-a50cc148b564@group-896385CD49EE-FollowerState was interrupted: java.lang.InterruptedException: sleep interrupted
2019-10-17 02:15:11,163 [b32d7882-88db-4fe6-9cca-6a25122d474d@group-896385CD49EE-LeaderElection353] INFO  impl.LeaderElection (LeaderElection.java:logAndReturn(56)) - b32d7882-88db-4fe6-9cca-6a25122d474d@group-896385CD49EE-LeaderElection353: Election REJECTED; received 2 response(s) [b32d7882-88db-4fe6-9cca-6a25122d474d<-3aea292b-16fb-4e9b-be90-828afa8e8047#0:FAIL-t309, b32d7882-88db-4fe6-9cca-6a25122d474d<-a6b2ebfb-69a0-457c-b6cd-a50cc148b564#0:FAIL-t309] and 0 exception(s); b32d7882-88db-4fe6-9cca-6a25122d474d@group-896385CD49EE:t309, leader=null, voted=b32d7882-88db-4fe6-9cca-6a25122d474d, raftlog=b32d7882-88db-4fe6-9cca-6a25122d474d@group-896385CD49EE-SegmentedRaftLog:OPENED:c-1,f-1,i0, conf=-1: [b32d7882-88db-4fe6-9cca-6a25122d474d:192.168.157.194:42206, 3aea292b-16fb-4e9b-be90-828afa8e8047:192.168.157.194:34569, a6b2ebfb-69a0-457c-b6cd-a50cc148b564:192.168.157.194:37298], old=null
2019-10-17 02:15:11,163 [b32d7882-88db-4fe6-9cca-6a25122d474d@group-896385CD49EE-LeaderElection353] INFO  impl.RaftServerImpl (RaftServerImpl.java:setRole(184)) - b32d7882-88db-4fe6-9cca-6a25122d474d@group-896385CD49EE: changes role from CANDIDATE to FOLLOWER at term 309 for DISCOVERED_A_NEW_TERM
2019-10-17 02:15:11,163 [b32d7882-88db-4fe6-9cca-6a25122d474d@group-896385CD49EE-LeaderElection353] INFO  impl.RoleInfo (RoleInfo.java:shutdownLeaderElection(134)) - b32d7882-88db-4fe6-9cca-6a25122d474d: shutdown LeaderElection
2019-10-17 02:15:11,164 [b32d7882-88db-4fe6-9cca-6a25122d474d@group-896385CD49EE-LeaderElection353] INFO  impl.RoleInfo (RoleInfo.java:updateAndGet(143)) - b32d7882-88db-4fe6-9cca-6a25122d474d: start FollowerState
2019-10-17 02:15:11,179 [main] INFO  ozone.MiniOzoneClusterImpl (MiniOzoneClusterImpl.java:lambda$waitForClusterToBeReady$2(164)) - Waiting for 1 number of pipelines out of 4, to report a leader.
2019-10-17 02:15:11,304 [Thread-3258] INFO  impl.FollowerState (FollowerState.java:run(108)) - b32d7882-88db-4fe6-9cca-6a25122d474d@group-896385CD49EE-FollowerState: change to CANDIDATE, lastRpcTime:140ms, electionTimeout:136ms
2019-10-17 02:15:11,304 [Thread-3258] INFO  impl.RoleInfo (RoleInfo.java:shutdownFollowerState(121)) - b32d7882-88db-4fe6-9cca-6a25122d474d: shutdown FollowerState
2019-10-17 02:15:11,304 [Thread-3258] INFO  impl.RaftServerImpl (RaftServerImpl.java:setRole(184)) - b32d7882-88db-4fe6-9cca-6a25122d474d@group-896385CD49EE: changes role from  FOLLOWER to CANDIDATE at term 309 for changeToCandidate
2019-10-17 02:15:11,305 [Thread-3258] INFO  impl.RoleInfo (RoleInfo.java:updateAndGet(143)) - b32d7882-88db-4fe6-9cca-6a25122d474d: start LeaderElection
2019-10-17 02:15:11,319 [b32d7882-88db-4fe6-9cca-6a25122d474d@group-896385CD49EE-LeaderElection354] INFO  impl.LeaderElection (LeaderElection.java:askForVotes(178)) - b32d7882-88db-4fe6-9cca-6a25122d474d@group-896385CD49EE-LeaderElection354: begin an election at term 310 for -1: [b32d7882-88db-4fe6-9cca-6a25122d474d:192.168.157.194:42206, 3aea292b-16fb-4e9b-be90-828afa8e8047:192.168.157.194:34569, a6b2ebfb-69a0-457c-b6cd-a50cc148b564:192.168.157.194:37298], old=null
2019-10-17 02:15:11,321 [grpc-default-executor-0] INFO  impl.RaftServerImpl (RaftServerImpl.java:setRole(184)) - 3aea292b-16fb-4e9b-be90-828afa8e8047@group-896385CD49EE: changes role from  FOLLOWER to FOLLOWER at term 310 for recognizeCandidate:b32d7882-88db-4fe6-9cca-6a25122d474d
2019-10-17 02:15:11,321 [grpc-default-executor-2] INFO  impl.RaftServerImpl (RaftServerImpl.java:setRole(184)) - a6b2ebfb-69a0-457c-b6cd-a50cc148b564@group-896385CD49EE: changes role from  FOLLOWER to FOLLOWER at term 310 for recognizeCandidate:b32d7882-88db-4fe6-9cca-6a25122d474d
2019-10-17 02:15:11,321 [grpc-default-executor-2] INFO  impl.RoleInfo (RoleInfo.java:shutdownFollowerState(121)) - a6b2ebfb-69a0-457c-b6cd-a50cc148b564: shutdown FollowerState
2019-10-17 02:15:11,321 [grpc-default-executor-0] INFO  impl.RoleInfo (RoleInfo.java:shutdownFollowerState(121)) - 3aea292b-16fb-4e9b-be90-828afa8e8047: shutdown FollowerState
2019-10-17 02:15:11,322 [grpc-default-executor-2] INFO  impl.RoleInfo (RoleInfo.java:updateAndGet(143)) - a6b2ebfb-69a0-457c-b6cd-a50cc148b564: start FollowerState
2019-10-17 02:15:11,322 [Thread-3257] INFO  impl.FollowerState (FollowerState.java:run(117)) - a6b2ebfb-69a0-457c-b6cd-a50cc148b564@group-896385CD49EE-FollowerState was interrupted: java.lang.InterruptedException: sleep interrupted
2019-10-17 02:15:11,322 [Thread-3256] INFO  impl.FollowerState (FollowerState.java:run(117)) - 3aea292b-16fb-4e9b-be90-828afa8e8047@group-896385CD49EE-FollowerState was interrupted: java.lang.InterruptedException: sleep interrupted
2019-10-17 02:15:11,322 [grpc-default-executor-0] INFO  impl.RoleInfo (RoleInfo.java:updateAndGet(143)) - 3aea292b-16fb-4e9b-be90-828afa8e8047: start FollowerState
2019-10-17 02:15:11,336 [b32d7882-88db-4fe6-9cca-6a25122d474d@group-896385CD49EE-LeaderElection354] INFO  impl.LeaderElection (LeaderElection.java:logAndReturn(56)) - b32d7882-88db-4fe6-9cca-6a25122d474d@group-896385CD49EE-LeaderElection354: Election REJECTED; received 2 response(s) [b32d7882-88db-4fe6-9cca-6a25122d474d<-3aea292b-16fb-4e9b-be90-828afa8e8047#0:FAIL-t310, b32d7882-88db-4fe6-9cca-6a25122d474d<-a6b2ebfb-69a0-457c-b6cd-a50cc148b564#0:FAIL-t310] and 0 exception(s); b32d7882-88db-4fe6-9cca-6a25122d474d@group-896385CD49EE:t310, leader=null, voted=b32d7882-88db-4fe6-9cca-6a25122d474d, raftlog=b32d7882-88db-4fe6-9cca-6a25122d474d@group-896385CD49EE-SegmentedRaftLog:OPENED:c-1,f-1,i0, conf=-1: [b32d7882-88db-4fe6-9cca-6a25122d474d:192.168.157.194:42206, 3aea292b-16fb-4e9b-be90-828afa8e8047:192.168.157.194:34569, a6b2ebfb-69a0-457c-b6cd-a50cc148b564:192.168.157.194:37298], old=null
2019-10-17 02:15:11,337 [b32d7882-88db-4fe6-9cca-6a25122d474d@group-896385CD49EE-LeaderElection354] INFO  impl.RaftServerImpl (RaftServerImpl.java:setRole(184)) - b32d7882-88db-4fe6-9cca-6a25122d474d@group-896385CD49EE: changes role from CANDIDATE to FOLLOWER at term 310 for DISCOVERED_A_NEW_TERM
2019-10-17 02:15:11,337 [b32d7882-88db-4fe6-9cca-6a25122d474d@group-896385CD49EE-LeaderElection354] INFO  impl.RoleInfo (RoleInfo.java:shutdownLeaderElection(134)) - b32d7882-88db-4fe6-9cca-6a25122d474d: shutdown LeaderElection
2019-10-17 02:15:11,337 [b32d7882-88db-4fe6-9cca-6a25122d474d@group-896385CD49EE-LeaderElection354] INFO  impl.RoleInfo (RoleInfo.java:updateAndGet(143)) - b32d7882-88db-4fe6-9cca-6a25122d474d: start FollowerState
2019-10-17 02:15:11,426 [Thread-3264] INFO  impl.FollowerState (FollowerState.java:run(108)) - b32d7882-88db-4fe6-9cca-6a25122d474d@group-896385CD49EE-FollowerState: change to CANDIDATE, lastRpcTime:89ms, electionTimeout:89ms
2019-10-17 02:15:11,426 [Thread-3264] INFO  impl.RoleInfo (RoleInfo.java:shutdownFollowerState(121)) - b32d7882-88db-4fe6-9cca-6a25122d474d: shutdown FollowerState
2019-10-17 02:15:11,426 [Thread-3264] INFO  impl.RaftServerImpl (RaftServerImpl.java:setRole(184)) - b32d7882-88db-4fe6-9cca-6a25122d474d@group-896385CD49EE: changes role from  FOLLOWER to CANDIDATE at term 310 for changeToCandidate
2019-10-17 02:15:11,427 [Thread-3264] INFO  impl.RoleInfo (RoleInfo.java:updateAndGet(143)) - b32d7882-88db-4fe6-9cca-6a25122d474d: start LeaderElection
2019-10-17 02:15:11,440 [b32d7882-88db-4fe6-9cca-6a25122d474d@group-896385CD49EE-LeaderElection355] INFO  impl.LeaderElection (LeaderElection.java:askForVotes(178)) - b32d7882-88db-4fe6-9cca-6a25122d474d@group-896385CD49EE-LeaderElection355: begin an election at term 311 for -1: [b32d7882-88db-4fe6-9cca-6a25122d474d:192.168.157.194:42206, 3aea292b-16fb-4e9b-be90-828afa8e8047:192.168.157.194:34569, a6b2ebfb-69a0-457c-b6cd-a50cc148b564:192.168.157.194:37298], old=null
2019-10-17 02:15:11,442 [grpc-default-executor-0] INFO  impl.RaftServerImpl (RaftServerImpl.java:setRole(184)) - 3aea292b-16fb-4e9b-be90-828afa8e8047@group-896385CD49EE: changes role from  FOLLOWER to FOLLOWER at term 311 for recognizeCandidate:b32d7882-88db-4fe6-9cca-6a25122d474d
2019-10-17 02:15:11,443 [grpc-default-executor-0] INFO  impl.RoleInfo (RoleInfo.java:shutdownFollowerState(121)) - 3aea292b-16fb-4e9b-be90-828afa8e8047: shutdown FollowerState
2019-10-17 02:15:11,442 [grpc-default-executor-2] INFO  impl.RaftServerImpl (RaftServerImpl.java:setRole(184)) - a6b2ebfb-69a0-457c-b6cd-a50cc148b564@group-896385CD49EE: changes role from  FOLLOWER to FOLLOWER at term 311 for recognizeCandidate:b32d7882-88db-4fe6-9cca-6a25122d474d
2019-10-17 02:15:11,443 [Thread-3263] INFO  impl.FollowerState (FollowerState.java:run(117)) - 3aea292b-16fb-4e9b-be90-828afa8e8047@group-896385CD49EE-FollowerState was interrupted: java.lang.InterruptedException: sleep interrupted
2019-10-17 02:15:11,443 [grpc-default-executor-0] INFO  impl.RoleInfo (RoleInfo.java:updateAndGet(143)) - 3aea292b-16fb-4e9b-be90-828afa8e8047: start FollowerState
2019-10-17 02:15:11,443 [grpc-default-executor-2] INFO  impl.RoleInfo (RoleInfo.java:shutdownFollowerState(121)) - a6b2ebfb-69a0-457c-b6cd-a50cc148b564: shutdown FollowerState
2019-10-17 02:15:11,443 [Thread-3262] INFO  impl.FollowerState (FollowerState.java:run(117)) - a6b2ebfb-69a0-457c-b6cd-a50cc148b564@group-896385CD49EE-FollowerState was interrupted: java.lang.InterruptedException: sleep interrupted
2019-10-17 02:15:11,443 [grpc-default-executor-2] INFO  impl.RoleInfo (RoleInfo.java:updateAndGet(143)) - a6b2ebfb-69a0-457c-b6cd-a50cc148b564: start FollowerState
2019-10-17 02:15:11,457 [b32d7882-88db-4fe6-9cca-6a25122d474d@group-896385CD49EE-LeaderElection355] INFO  impl.LeaderElection (LeaderElection.java:logAndReturn(56)) - b32d7882-88db-4fe6-9cca-6a25122d474d@group-896385CD49EE-LeaderElection355: Election REJECTED; received 2 response(s) [b32d7882-88db-4fe6-9cca-6a25122d474d<-3aea292b-16fb-4e9b-be90-828afa8e8047#0:FAIL-t311, b32d7882-88db-4fe6-9cca-6a25122d474d<-a6b2ebfb-69a0-457c-b6cd-a50cc148b564#0:FAIL-t311] and 0 exception(s); b32d7882-88db-4fe6-9cca-6a25122d474d@group-896385CD49EE:t311, leader=null, voted=b32d7882-88db-4fe6-9cca-6a25122d474d, raftlog=b32d7882-88db-4fe6-9cca-6a25122d474d@group-896385CD49EE-SegmentedRaftLog:OPENED:c-1,f-1,i0, conf=-1: [b32d7882-88db-4fe6-9cca-6a25122d474d:192.168.157.194:42206, 3aea292b-16fb-4e9b-be90-828afa8e8047:192.168.157.194:34569, a6b2ebfb-69a0-457c-b6cd-a50cc148b564:192.168.157.194:37298], old=null
2019-10-17 02:15:11,457 [b32d7882-88db-4fe6-9cca-6a25122d474d@group-896385CD49EE-LeaderElection355] INFO  impl.RaftServerImpl (RaftServerImpl.java:setRole(184)) - b32d7882-88db-4fe6-9cca-6a25122d474d@group-896385CD49EE: changes role from CANDIDATE to FOLLOWER at term 311 for DISCOVERED_A_NEW_TERM
2019-10-17 02:15:11,457 [b32d7882-88db-4fe6-9cca-6a25122d474d@group-896385CD49EE-LeaderElection355] INFO  impl.RoleInfo (RoleInfo.java:shutdownLeaderElection(134)) - b32d7882-88db-4fe6-9cca-6a25122d474d: shutdown LeaderElection
2019-10-17 02:15:11,457 [b32d7882-88db-4fe6-9cca-6a25122d474d@group-896385CD49EE-LeaderElection355] INFO  impl.RoleInfo (RoleInfo.java:updateAndGet(143)) - b32d7882-88db-4fe6-9cca-6a25122d474d: start FollowerState
2019-10-17 02:15:11,601 [Thread-3270] INFO  impl.FollowerState (FollowerState.java:run(108)) - b32d7882-88db-4fe6-9cca-6a25122d474d@group-896385CD49EE-FollowerState: change to CANDIDATE, lastRpcTime:144ms, electionTimeout:144ms
2019-10-17 02:15:11,602 [Thread-3270] INFO  impl.RoleInfo (RoleInfo.java:shutdownFollowerState(121)) - b32d7882-88db-4fe6-9cca-6a25122d474d: shutdown FollowerState
2019-10-17 02:15:11,602 [Thread-3270] INFO  impl.RaftServerImpl (RaftServerImpl.java:setRole(184)) - b32d7882-88db-4fe6-9cca-6a25122d474d@group-896385CD49EE: changes role from  FOLLOWER to CANDIDATE at term 311 for changeToCandidate
2019-10-17 02:15:11,602 [Thread-3270] INFO  impl.RoleInfo (RoleInfo.java:updateAndGet(143)) - b32d7882-88db-4fe6-9cca-6a25122d474d: start LeaderElection
2019-10-17 02:15:11,616 [b32d7882-88db-4fe6-9cca-6a25122d474d@group-896385CD49EE-LeaderElection356] INFO  impl.LeaderElection (LeaderElection.java:askForVotes(178)) - b32d7882-88db-4fe6-9cca-6a25122d474d@group-896385CD49EE-LeaderElection356: begin an election at term 312 for -1: [b32d7882-88db-4fe6-9cca-6a25122d474d:192.168.157.194:42206, 3aea292b-16fb-4e9b-be90-828afa8e8047:192.168.157.194:34569, a6b2ebfb-69a0-457c-b6cd-a50cc148b564:192.168.157.194:37298], old=null
2019-10-17 02:15:11,618 [grpc-default-executor-0] INFO  impl.RaftServerImpl (RaftServerImpl.java:setRole(184)) - 3aea292b-16fb-4e9b-be90-828afa8e8047@group-896385CD49EE: changes role from  FOLLOWER to FOLLOWER at term 312 for recognizeCandidate:b32d7882-88db-4fe6-9cca-6a25122d474d
2019-10-17 02:15:11,618 [grpc-default-executor-0] INFO  impl.RoleInfo (RoleInfo.java:shutdownFollowerState(121)) - 3aea292b-16fb-4e9b-be90-828afa8e8047: shutdown FollowerState
2019-10-17 02:15:11,618 [grpc-default-executor-2] INFO  impl.RaftServerImpl (RaftServerImpl.java:setRole(184)) - a6b2ebfb-69a0-457c-b6cd-a50cc148b564@group-896385CD49EE: changes role from  FOLLOWER to FOLLOWER at term 312 for recognizeCandidate:b32d7882-88db-4fe6-9cca-6a25122d474d
2019-10-17 02:15:11,618 [Thread-3268] INFO  impl.FollowerState (FollowerState.java:run(117)) - 3aea292b-16fb-4e9b-be90-828afa8e8047@group-896385CD49EE-FollowerState was interrupted: java.lang.InterruptedException: sleep interrupted
2019-10-17 02:15:11,618 [grpc-default-executor-0] INFO  impl.RoleInfo (RoleInfo.java:updateAndGet(143)) - 3aea292b-16fb-4e9b-be90-828afa8e8047: start FollowerState
2019-10-17 02:15:11,618 [grpc-default-executor-2] INFO  impl.RoleInfo (RoleInfo.java:shutdownFollowerState(121)) - a6b2ebfb-69a0-457c-b6cd-a50cc148b564: shutdown FollowerState
2019-10-17 02:15:11,619 [grpc-default-executor-2] INFO  impl.RoleInfo (RoleInfo.java:updateAndGet(143)) - a6b2ebfb-69a0-457c-b6cd-a50cc148b564: start FollowerState
2019-10-17 02:15:11,619 [Thread-3269] INFO  impl.FollowerState (FollowerState.java:run(117)) - a6b2ebfb-69a0-457c-b6cd-a50cc148b564@group-896385CD49EE-FollowerState was interrupted: java.lang.InterruptedException: sleep interrupted
2019-10-17 02:15:11,632 [b32d7882-88db-4fe6-9cca-6a25122d474d@group-896385CD49EE-LeaderElection356] INFO  impl.LeaderElection (LeaderElection.java:logAndReturn(56)) - b32d7882-88db-4fe6-9cca-6a25122d474d@group-896385CD49EE-LeaderElection356: Election REJECTED; received 2 response(s) [b32d7882-88db-4fe6-9cca-6a25122d474d<-3aea292b-16fb-4e9b-be90-828afa8e8047#0:FAIL-t312, b32d7882-88db-4fe6-9cca-6a25122d474d<-a6b2ebfb-69a0-457c-b6cd-a50cc148b564#0:FAIL-t312] and 0 exception(s); b32d7882-88db-4fe6-9cca-6a25122d474d@group-896385CD49EE:t312, leader=null, voted=b32d7882-88db-4fe6-9cca-6a25122d474d, raftlog=b32d7882-88db-4fe6-9cca-6a25122d474d@group-896385CD49EE-SegmentedRaftLog:OPENED:c-1,f-1,i0, conf=-1: [b32d7882-88db-4fe6-9cca-6a25122d474d:192.168.157.194:42206, 3aea292b-16fb-4e9b-be90-828afa8e8047:192.168.157.194:34569, a6b2ebfb-69a0-457c-b6cd-a50cc148b564:192.168.157.194:37298], old=null
2019-10-17 02:15:11,632 [b32d7882-88db-4fe6-9cca-6a25122d474d@group-896385CD49EE-LeaderElection356] INFO  impl.RaftServerImpl (RaftServerImpl.java:setRole(184)) - b32d7882-88db-4fe6-9cca-6a25122d474d@group-896385CD49EE: changes role from CANDIDATE to FOLLOWER at term 312 for DISCOVERED_A_NEW_TERM
2019-10-17 02:15:11,632 [b32d7882-88db-4fe6-9cca-6a25122d474d@group-896385CD49EE-LeaderElection356] INFO  impl.RoleInfo (RoleInfo.java:shutdownLeaderElection(134)) - b32d7882-88db-4fe6-9cca-6a25122d474d: shutdown LeaderElection
2019-10-17 02:15:11,633 [b32d7882-88db-4fe6-9cca-6a25122d474d@group-896385CD49EE-LeaderElection356] INFO  impl.RoleInfo (RoleInfo.java:updateAndGet(143)) - b32d7882-88db-4fe6-9cca-6a25122d474d: start FollowerState
2019-10-17 02:15:11,753 [Thread-3276] INFO  impl.FollowerState (FollowerState.java:run(108)) - b32d7882-88db-4fe6-9cca-6a25122d474d@group-896385CD49EE-FollowerState: change to CANDIDATE, lastRpcTime:120ms, electionTimeout:120ms
2019-10-17 02:15:11,753 [Thread-3276] INFO  impl.RoleInfo (RoleInfo.java:shutdownFollowerState(121)) - b32d7882-88db-4fe6-9cca-6a25122d474d: shutdown FollowerState
2019-10-17 02:15:11,753 [Thread-3276] INFO  impl.RaftServerImpl (RaftServerImpl.java:setRole(184)) - b32d7882-88db-4fe6-9cca-6a25122d474d@group-896385CD49EE: changes role from  FOLLOWER to CANDIDATE at term 312 for changeToCandidate
2019-10-17 02:15:11,753 [Thread-3276] INFO  impl.RoleInfo (RoleInfo.java:updateAndGet(143)) - b32d7882-88db-4fe6-9cca-6a25122d474d: start LeaderElection
2019-10-17 02:15:11,767 [b32d7882-88db-4fe6-9cca-6a25122d474d@group-896385CD49EE-LeaderElection357] INFO  impl.LeaderElection (LeaderElection.java:askForVotes(178)) - b32d7882-88db-4fe6-9cca-6a25122d474d@group-896385CD49EE-LeaderElection357: begin an election at term 313 for -1: [b32d7882-88db-4fe6-9cca-6a25122d474d:192.168.157.194:42206, 3aea292b-16fb-4e9b-be90-828afa8e8047:192.168.157.194:34569, a6b2ebfb-69a0-457c-b6cd-a50cc148b564:192.168.157.194:37298], old=null
2019-10-17 02:15:11,770 [grpc-default-executor-0] INFO  impl.RaftServerImpl (RaftServerImpl.java:setRole(184)) - 3aea292b-16fb-4e9b-be90-828afa8e8047@group-896385CD49EE: changes role from  FOLLOWER to FOLLOWER at term 313 for recognizeCandidate:b32d7882-88db-4fe6-9cca-6a25122d474d
2019-10-17 02:15:11,770 [grpc-default-executor-0] INFO  impl.RoleInfo (RoleInfo.java:shutdownFollowerState(121)) - 3aea292b-16fb-4e9b-be90-828afa8e8047: shutdown FollowerState
2019-10-17 02:15:11,770 [grpc-default-executor-2] INFO  impl.RaftServerImpl (RaftServerImpl.java:setRole(184)) - a6b2ebfb-69a0-457c-b6cd-a50cc148b564@group-896385CD49EE: changes role from  FOLLOWER to FOLLOWER at term 313 for recognizeCandidate:b32d7882-88db-4fe6-9cca-6a25122d474d
2019-10-17 02:15:11,770 [Thread-3274] INFO  impl.FollowerState (FollowerState.java:run(117)) - 3aea292b-16fb-4e9b-be90-828afa8e8047@group-896385CD49EE-FollowerState was interrupted: java.lang.InterruptedException: sleep interrupted
2019-10-17 02:15:11,770 [grpc-default-executor-0] INFO  impl.RoleInfo (RoleInfo.java:updateAndGet(143)) - 3aea292b-16fb-4e9b-be90-828afa8e8047: start FollowerState
2019-10-17 02:15:11,770 [grpc-default-executor-2] INFO  impl.RoleInfo (RoleInfo.java:shutdownFollowerState(121)) - a6b2ebfb-69a0-457c-b6cd-a50cc148b564: shutdown FollowerState
2019-10-17 02:15:11,771 [grpc-default-executor-2] INFO  impl.RoleInfo (RoleInfo.java:updateAndGet(143)) - a6b2ebfb-69a0-457c-b6cd-a50cc148b564: start FollowerState
2019-10-17 02:15:11,771 [Thread-3275] INFO  impl.FollowerState (FollowerState.java:run(117)) - a6b2ebfb-69a0-457c-b6cd-a50cc148b564@group-896385CD49EE-FollowerState was interrupted: java.lang.InterruptedException: sleep interrupted
2019-10-17 02:15:11,785 [b32d7882-88db-4fe6-9cca-6a25122d474d@group-896385CD49EE-LeaderElection357] INFO  impl.LeaderElection (LeaderElection.java:logAndReturn(56)) - b32d7882-88db-4fe6-9cca-6a25122d474d@group-896385CD49EE-LeaderElection357: Election REJECTED; received 2 response(s) [b32d7882-88db-4fe6-9cca-6a25122d474d<-3aea292b-16fb-4e9b-be90-828afa8e8047#0:FAIL-t313, b32d7882-88db-4fe6-9cca-6a25122d474d<-a6b2ebfb-69a0-457c-b6cd-a50cc148b564#0:FAIL-t313] and 0 exception(s); b32d7882-88db-4fe6-9cca-6a25122d474d@group-896385CD49EE:t313, leader=null, voted=b32d7882-88db-4fe6-9cca-6a25122d474d, raftlog=b32d7882-88db-4fe6-9cca-6a25122d474d@group-896385CD49EE-SegmentedRaftLog:OPENED:c-1,f-1,i0, conf=-1: [b32d7882-88db-4fe6-9cca-6a25122d474d:192.168.157.194:42206, 3aea292b-16fb-4e9b-be90-828afa8e8047:192.168.157.194:34569, a6b2ebfb-69a0-457c-b6cd-a50cc148b564:192.168.157.194:37298], old=null
2019-10-17 02:15:11,785 [b32d7882-88db-4fe6-9cca-6a25122d474d@group-896385CD49EE-LeaderElection357] INFO  impl.RaftServerImpl (RaftServerImpl.java:setRole(184)) - b32d7882-88db-4fe6-9cca-6a25122d474d@group-896385CD49EE: changes role from CANDIDATE to FOLLOWER at term 313 for DISCOVERED_A_NEW_TERM
2019-10-17 02:15:11,785 [b32d7882-88db-4fe6-9cca-6a25122d474d@group-896385CD49EE-LeaderElection357] INFO  impl.RoleInfo (RoleInfo.java:shutdownLeaderElection(134)) - b32d7882-88db-4fe6-9cca-6a25122d474d: shutdown LeaderElection
2019-10-17 02:15:11,785 [b32d7882-88db-4fe6-9cca-6a25122d474d@group-896385CD49EE-LeaderElection357] INFO  impl.RoleInfo (RoleInfo.java:updateAndGet(143)) - b32d7882-88db-4fe6-9cca-6a25122d474d: start FollowerState
2019-10-17 02:15:11,899 [Thread-3282] INFO  impl.FollowerState (FollowerState.java:run(108)) - b32d7882-88db-4fe6-9cca-6a25122d474d@group-896385CD49EE-FollowerState: change to CANDIDATE, lastRpcTime:113ms, electionTimeout:113ms
2019-10-17 02:15:11,899 [Thread-3282] INFO  impl.RoleInfo (RoleInfo.java:shutdownFollowerState(121)) - b32d7882-88db-4fe6-9cca-6a25122d474d: shutdown FollowerState
2019-10-17 02:15:11,899 [Thread-3282] INFO  impl.RaftServerImpl (RaftServerImpl.java:setRole(184)) - b32d7882-88db-4fe6-9cca-6a25122d474d@group-896385CD49EE: changes role from  FOLLOWER to CANDIDATE at term 313 for changeToCandidate
2019-10-17 02:15:11,900 [Thread-3282] INFO  impl.RoleInfo (RoleInfo.java:updateAndGet(143)) - b32d7882-88db-4fe6-9cca-6a25122d474d: start LeaderElection
2019-10-17 02:15:11,910 [b32d7882-88db-4fe6-9cca-6a25122d474d@group-896385CD49EE-LeaderElection358] INFO  impl.LeaderElection (LeaderElection.java:askForVotes(178)) - b32d7882-88db-4fe6-9cca-6a25122d474d@group-896385CD49EE-LeaderElection358: begin an election at term 314 for -1: [b32d7882-88db-4fe6-9cca-6a25122d474d:192.168.157.194:42206, 3aea292b-16fb-4e9b-be90-828afa8e8047:192.168.157.194:34569, a6b2ebfb-69a0-457c-b6cd-a50cc148b564:192.168.157.194:37298], old=null
2019-10-17 02:15:11,911 [grpc-default-executor-2] INFO  impl.RaftServerImpl (RaftServerImpl.java:setRole(184)) - a6b2ebfb-69a0-457c-b6cd-a50cc148b564@group-896385CD49EE: changes role from  FOLLOWER to FOLLOWER at term 314 for recognizeCandidate:b32d7882-88db-4fe6-9cca-6a25122d474d
2019-10-17 02:15:11,912 [grpc-default-executor-2] INFO  impl.RoleInfo (RoleInfo.java:shutdownFollowerState(121)) - a6b2ebfb-69a0-457c-b6cd-a50cc148b564: shutdown FollowerState
2019-10-17 02:15:11,912 [grpc-default-executor-0] INFO  impl.RaftServerImpl (RaftServerImpl.java:setRole(184)) - 3aea292b-16fb-4e9b-be90-828afa8e8047@group-896385CD49EE: changes role from  FOLLOWER to FOLLOWER at term 314 for recognizeCandidate:b32d7882-88db-4fe6-9cca-6a25122d474d
2019-10-17 02:15:11,912 [Thread-3281] INFO  impl.FollowerState (FollowerState.java:run(117)) - a6b2ebfb-69a0-457c-b6cd-a50cc148b564@group-896385CD49EE-FollowerState was interrupted: java.lang.InterruptedException: sleep interrupted
2019-10-17 02:15:11,912 [grpc-default-executor-2] INFO  impl.RoleInfo (RoleInfo.java:updateAndGet(143)) - a6b2ebfb-69a0-457c-b6cd-a50cc148b564: start FollowerState
2019-10-17 02:15:11,912 [grpc-default-executor-0] INFO  impl.RoleInfo (RoleInfo.java:shutdownFollowerState(121)) - 3aea292b-16fb-4e9b-be90-828afa8e8047: shutdown FollowerState
2019-10-17 02:15:11,912 [grpc-default-executor-0] INFO  impl.RoleInfo (RoleInfo.java:updateAndGet(143)) - 3aea292b-16fb-4e9b-be90-828afa8e8047: start FollowerState
2019-10-17 02:15:11,913 [Thread-3280] INFO  impl.FollowerState (FollowerState.java:run(117)) - 3aea292b-16fb-4e9b-be90-828afa8e8047@group-896385CD49EE-FollowerState was interrupted: java.lang.InterruptedException: sleep interrupted
2019-10-17 02:15:11,931 [b32d7882-88db-4fe6-9cca-6a25122d474d@group-896385CD49EE-LeaderElection358] INFO  impl.LeaderElection (LeaderElection.java:logAndReturn(56)) - b32d7882-88db-4fe6-9cca-6a25122d474d@group-896385CD49EE-LeaderElection358: Election REJECTED; received 2 response(s) [b32d7882-88db-4fe6-9cca-6a25122d474d<-3aea292b-16fb-4e9b-be90-828afa8e8047#0:FAIL-t314, b32d7882-88db-4fe6-9cca-6a25122d474d<-a6b2ebfb-69a0-457c-b6cd-a50cc148b564#0:FAIL-t314] and 0 exception(s); b32d7882-88db-4fe6-9cca-6a25122d474d@group-896385CD49EE:t314, leader=null, voted=b32d7882-88db-4fe6-9cca-6a25122d474d, raftlog=b32d7882-88db-4fe6-9cca-6a25122d474d@group-896385CD49EE-SegmentedRaftLog:OPENED:c-1,f-1,i0, conf=-1: [b32d7882-88db-4fe6-9cca-6a25122d474d:192.168.157.194:42206, 3aea292b-16fb-4e9b-be90-828afa8e8047:192.168.157.194:34569, a6b2ebfb-69a0-457c-b6cd-a50cc148b564:192.168.157.194:37298], old=null
2019-10-17 02:15:11,931 [b32d7882-88db-4fe6-9cca-6a25122d474d@group-896385CD49EE-LeaderElection358] INFO  impl.RaftServerImpl (RaftServerImpl.java:setRole(184)) - b32d7882-88db-4fe6-9cca-6a25122d474d@group-896385CD49EE: changes role from CANDIDATE to FOLLOWER at term 314 for DISCOVERED_A_NEW_TERM
2019-10-17 02:15:11,932 [b32d7882-88db-4fe6-9cca-6a25122d474d@group-896385CD49EE-LeaderElection358] INFO  impl.RoleInfo (RoleInfo.java:shutdownLeaderElection(134)) - b32d7882-88db-4fe6-9cca-6a25122d474d: shutdown LeaderElection
2019-10-17 02:15:11,932 [b32d7882-88db-4fe6-9cca-6a25122d474d@group-896385CD49EE-LeaderElection358] INFO  impl.RoleInfo (RoleInfo.java:updateAndGet(143)) - b32d7882-88db-4fe6-9cca-6a25122d474d: start FollowerState
2019-10-17 02:15:12,082 [Thread-3288] INFO  impl.FollowerState (FollowerState.java:run(108)) - b32d7882-88db-4fe6-9cca-6a25122d474d@group-896385CD49EE-FollowerState: change to CANDIDATE, lastRpcTime:150ms, electionTimeout:150ms
2019-10-17 02:15:12,082 [Thread-3288] INFO  impl.RoleInfo (RoleInfo.java:shutdownFollowerState(121)) - b32d7882-88db-4fe6-9cca-6a25122d474d: shutdown FollowerState
2019-10-17 02:15:12,083 [Thread-3288] INFO  impl.RaftServerImpl (RaftServerImpl.java:setRole(184)) - b32d7882-88db-4fe6-9cca-6a25122d474d@group-896385CD49EE: changes role from  FOLLOWER to CANDIDATE at term 314 for changeToCandidate
2019-10-17 02:15:12,083 [Thread-3288] INFO  impl.RoleInfo (RoleInfo.java:updateAndGet(143)) - b32d7882-88db-4fe6-9cca-6a25122d474d: start LeaderElection
2019-10-17 02:15:12,108 [b32d7882-88db-4fe6-9cca-6a25122d474d@group-896385CD49EE-LeaderElection359] INFO  impl.LeaderElection (LeaderElection.java:askForVotes(178)) - b32d7882-88db-4fe6-9cca-6a25122d474d@group-896385CD49EE-LeaderElection359: begin an election at term 315 for -1: [b32d7882-88db-4fe6-9cca-6a25122d474d:192.168.157.194:42206, 3aea292b-16fb-4e9b-be90-828afa8e8047:192.168.157.194:34569, a6b2ebfb-69a0-457c-b6cd-a50cc148b564:192.168.157.194:37298], old=null
2019-10-17 02:15:12,109 [grpc-default-executor-0] INFO  impl.RaftServerImpl (RaftServerImpl.java:setRole(184)) - a6b2ebfb-69a0-457c-b6cd-a50cc148b564@group-896385CD49EE: changes role from  FOLLOWER to FOLLOWER at term 315 for recognizeCandidate:b32d7882-88db-4fe6-9cca-6a25122d474d
2019-10-17 02:15:12,110 [grpc-default-executor-2] INFO  impl.RaftServerImpl (RaftServerImpl.java:setRole(184)) - 3aea292b-16fb-4e9b-be90-828afa8e8047@group-896385CD49EE: changes role from  FOLLOWER to FOLLOWER at term 315 for recognizeCandidate:b32d7882-88db-4fe6-9cca-6a25122d474d
2019-10-17 02:15:12,110 [grpc-default-executor-2] INFO  impl.RoleInfo (RoleInfo.java:shutdownFollowerState(121)) - 3aea292b-16fb-4e9b-be90-828afa8e8047: shutdown FollowerState
2019-10-17 02:15:12,110 [grpc-default-executor-0] INFO  impl.RoleInfo (RoleInfo.java:shutdownFollowerState(121)) - a6b2ebfb-69a0-457c-b6cd-a50cc148b564: shutdown FollowerState
2019-10-17 02:15:12,110 [Thread-3287] INFO  impl.FollowerState (FollowerState.java:run(117)) - 3aea292b-16fb-4e9b-be90-828afa8e8047@group-896385CD49EE-FollowerState was interrupted: java.lang.InterruptedException: sleep interrupted
2019-10-17 02:15:12,110 [grpc-default-executor-2] INFO  impl.RoleInfo (RoleInfo.java:updateAndGet(143)) - 3aea292b-16fb-4e9b-be90-828afa8e8047: start FollowerState
2019-10-17 02:15:12,110 [Thread-3286] INFO  impl.FollowerState (FollowerState.java:run(117)) - a6b2ebfb-69a0-457c-b6cd-a50cc148b564@group-896385CD49EE-FollowerState was interrupted: java.lang.InterruptedException: sleep interrupted
2019-10-17 02:15:12,110 [grpc-default-executor-0] INFO  impl.RoleInfo (RoleInfo.java:updateAndGet(143)) - a6b2ebfb-69a0-457c-b6cd-a50cc148b564: start FollowerState
2019-10-17 02:15:12,126 [b32d7882-88db-4fe6-9cca-6a25122d474d@group-896385CD49EE-LeaderElection359] INFO  impl.LeaderElection (LeaderElection.java:logAndReturn(56)) - b32d7882-88db-4fe6-9cca-6a25122d474d@group-896385CD49EE-LeaderElection359: Election REJECTED; received 2 response(s) [b32d7882-88db-4fe6-9cca-6a25122d474d<-3aea292b-16fb-4e9b-be90-828afa8e8047#0:FAIL-t315, b32d7882-88db-4fe6-9cca-6a25122d474d<-a6b2ebfb-69a0-457c-b6cd-a50cc148b564#0:FAIL-t315] and 0 exception(s); b32d7882-88db-4fe6-9cca-6a25122d474d@group-896385CD49EE:t315, leader=null, voted=b32d7882-88db-4fe6-9cca-6a25122d474d, raftlog=b32d7882-88db-4fe6-9cca-6a25122d474d@group-896385CD49EE-SegmentedRaftLog:OPENED:c-1,f-1,i0, conf=-1: [b32d7882-88db-4fe6-9cca-6a25122d474d:192.168.157.194:42206, 3aea292b-16fb-4e9b-be90-828afa8e8047:192.168.157.194:34569, a6b2ebfb-69a0-457c-b6cd-a50cc148b564:192.168.157.194:37298], old=null
2019-10-17 02:15:12,126 [b32d7882-88db-4fe6-9cca-6a25122d474d@group-896385CD49EE-LeaderElection359] INFO  impl.RaftServerImpl (RaftServerImpl.java:setRole(184)) - b32d7882-88db-4fe6-9cca-6a25122d474d@group-896385CD49EE: changes role from CANDIDATE to FOLLOWER at term 315 for DISCOVERED_A_NEW_TERM
2019-10-17 02:15:12,126 [b32d7882-88db-4fe6-9cca-6a25122d474d@group-896385CD49EE-LeaderElection359] INFO  impl.RoleInfo (RoleInfo.java:shutdownLeaderElection(134)) - b32d7882-88db-4fe6-9cca-6a25122d474d: shutdown LeaderElection
2019-10-17 02:15:12,126 [b32d7882-88db-4fe6-9cca-6a25122d474d@group-896385CD49EE-LeaderElection359] INFO  impl.RoleInfo (RoleInfo.java:updateAndGet(143)) - b32d7882-88db-4fe6-9cca-6a25122d474d: start FollowerState
2019-10-17 02:15:12,181 [main] INFO  ozone.MiniOzoneClusterImpl (MiniOzoneClusterImpl.java:lambda$waitForClusterToBeReady$2(164)) - Waiting for 1 number of pipelines out of 4, to report a leader.
2019-10-17 02:15:12,283 [Thread-3294] INFO  impl.FollowerState (FollowerState.java:run(108)) - b32d7882-88db-4fe6-9cca-6a25122d474d@group-896385CD49EE-FollowerState: change to CANDIDATE, lastRpcTime:156ms, electionTimeout:156ms
2019-10-17 02:15:12,283 [Thread-3294] INFO  impl.RoleInfo (RoleInfo.java:shutdownFollowerState(121)) - b32d7882-88db-4fe6-9cca-6a25122d474d: shutdown FollowerState
2019-10-17 02:15:12,283 [Thread-3294] INFO  impl.RaftServerImpl (RaftServerImpl.java:setRole(184)) - b32d7882-88db-4fe6-9cca-6a25122d474d@group-896385CD49EE: changes role from  FOLLOWER to CANDIDATE at term 315 for changeToCandidate
2019-10-17 02:15:12,283 [Thread-3294] INFO  impl.RoleInfo (RoleInfo.java:updateAndGet(143)) - b32d7882-88db-4fe6-9cca-6a25122d474d: start LeaderElection
2019-10-17 02:15:12,297 [b32d7882-88db-4fe6-9cca-6a25122d474d@group-896385CD49EE-LeaderElection360] INFO  impl.LeaderElection (LeaderElection.java:askForVotes(178)) - b32d7882-88db-4fe6-9cca-6a25122d474d@group-896385CD49EE-LeaderElection360: begin an election at term 316 for -1: [b32d7882-88db-4fe6-9cca-6a25122d474d:192.168.157.194:42206, 3aea292b-16fb-4e9b-be90-828afa8e8047:192.168.157.194:34569, a6b2ebfb-69a0-457c-b6cd-a50cc148b564:192.168.157.194:37298], old=null
2019-10-17 02:15:12,298 [grpc-default-executor-2] INFO  impl.RaftServerImpl (RaftServerImpl.java:setRole(184)) - a6b2ebfb-69a0-457c-b6cd-a50cc148b564@group-896385CD49EE: changes role from  FOLLOWER to FOLLOWER at term 316 for recognizeCandidate:b32d7882-88db-4fe6-9cca-6a25122d474d
2019-10-17 02:15:12,298 [grpc-default-executor-0] INFO  impl.RaftServerImpl (RaftServerImpl.java:setRole(184)) - 3aea292b-16fb-4e9b-be90-828afa8e8047@group-896385CD49EE: changes role from  FOLLOWER to FOLLOWER at term 316 for recognizeCandidate:b32d7882-88db-4fe6-9cca-6a25122d474d
2019-10-17 02:15:12,299 [grpc-default-executor-0] INFO  impl.RoleInfo (RoleInfo.java:shutdownFollowerState(121)) - 3aea292b-16fb-4e9b-be90-828afa8e8047: shutdown FollowerState
2019-10-17 02:15:12,299 [grpc-default-executor-2] INFO  impl.RoleInfo (RoleInfo.java:shutdownFollowerState(121)) - a6b2ebfb-69a0-457c-b6cd-a50cc148b564: shutdown FollowerState
2019-10-17 02:15:12,299 [Thread-3292] INFO  impl.FollowerState (FollowerState.java:run(117)) - 3aea292b-16fb-4e9b-be90-828afa8e8047@group-896385CD49EE-FollowerState was interrupted: java.lang.InterruptedException: sleep interrupted
2019-10-17 02:15:12,299 [grpc-default-executor-0] INFO  impl.RoleInfo (RoleInfo.java:updateAndGet(143)) - 3aea292b-16fb-4e9b-be90-828afa8e8047: start FollowerState
2019-10-17 02:15:12,299 [grpc-default-executor-2] INFO  impl.RoleInfo (RoleInfo.java:updateAndGet(143)) - a6b2ebfb-69a0-457c-b6cd-a50cc148b564: start FollowerState
2019-10-17 02:15:12,299 [Thread-3293] INFO  impl.FollowerState (FollowerState.java:run(117)) - a6b2ebfb-69a0-457c-b6cd-a50cc148b564@group-896385CD49EE-FollowerState was interrupted: java.lang.InterruptedException: sleep interrupted
2019-10-17 02:15:12,317 [b32d7882-88db-4fe6-9cca-6a25122d474d@group-896385CD49EE-LeaderElection360] INFO  impl.LeaderElection (LeaderElection.java:logAndReturn(56)) - b32d7882-88db-4fe6-9cca-6a25122d474d@group-896385CD49EE-LeaderElection360: Election REJECTED; received 2 response(s) [b32d7882-88db-4fe6-9cca-6a25122d474d<-3aea292b-16fb-4e9b-be90-828afa8e8047#0:FAIL-t316, b32d7882-88db-4fe6-9cca-6a25122d474d<-a6b2ebfb-69a0-457c-b6cd-a50cc148b564#0:FAIL-t316] and 0 exception(s); b32d7882-88db-4fe6-9cca-6a25122d474d@group-896385CD49EE:t316, leader=null, voted=b32d7882-88db-4fe6-9cca-6a25122d474d, raftlog=b32d7882-88db-4fe6-9cca-6a25122d474d@group-896385CD49EE-SegmentedRaftLog:OPENED:c-1,f-1,i0, conf=-1: [b32d7882-88db-4fe6-9cca-6a25122d474d:192.168.157.194:42206, 3aea292b-16fb-4e9b-be90-828afa8e8047:192.168.157.194:34569, a6b2ebfb-69a0-457c-b6cd-a50cc148b564:192.168.157.194:37298], old=null
2019-10-17 02:15:12,317 [b32d7882-88db-4fe6-9cca-6a25122d474d@group-896385CD49EE-LeaderElection360] INFO  impl.RaftServerImpl (RaftServerImpl.java:setRole(184)) - b32d7882-88db-4fe6-9cca-6a25122d474d@group-896385CD49EE: changes role from CANDIDATE to FOLLOWER at term 316 for DISCOVERED_A_NEW_TERM
2019-10-17 02:15:12,317 [b32d7882-88db-4fe6-9cca-6a25122d474d@group-896385CD49EE-LeaderElection360] INFO  impl.RoleInfo (RoleInfo.java:shutdownLeaderElection(134)) - b32d7882-88db-4fe6-9cca-6a25122d474d: shutdown LeaderElection
2019-10-17 02:15:12,317 [b32d7882-88db-4fe6-9cca-6a25122d474d@group-896385CD49EE-LeaderElection360] INFO  impl.RoleInfo (RoleInfo.java:updateAndGet(143)) - b32d7882-88db-4fe6-9cca-6a25122d474d: start FollowerState
2019-10-17 02:15:12,461 [Thread-3300] INFO  impl.FollowerState (FollowerState.java:run(108)) - b32d7882-88db-4fe6-9cca-6a25122d474d@group-896385CD49EE-FollowerState: change to CANDIDATE, lastRpcTime:143ms, electionTimeout:143ms
2019-10-17 02:15:12,461 [Thread-3300] INFO  impl.RoleInfo (RoleInfo.java:shutdownFollowerState(121)) - b32d7882-88db-4fe6-9cca-6a25122d474d: shutdown FollowerState
2019-10-17 02:15:12,461 [Thread-3300] INFO  impl.RaftServerImpl (RaftServerImpl.java:setRole(184)) - b32d7882-88db-4fe6-9cca-6a25122d474d@group-896385CD49EE: changes role from  FOLLOWER to CANDIDATE at term 316 for changeToCandidate
2019-10-17 02:15:12,461 [Thread-3300] INFO  impl.RoleInfo (RoleInfo.java:updateAndGet(143)) - b32d7882-88db-4fe6-9cca-6a25122d474d: start LeaderElection
2019-10-17 02:15:12,477 [b32d7882-88db-4fe6-9cca-6a25122d474d@group-896385CD49EE-LeaderElection361] INFO  impl.LeaderElection (LeaderElection.java:askForVotes(178)) - b32d7882-88db-4fe6-9cca-6a25122d474d@group-896385CD49EE-LeaderElection361: begin an election at term 317 for -1: [b32d7882-88db-4fe6-9cca-6a25122d474d:192.168.157.194:42206, 3aea292b-16fb-4e9b-be90-828afa8e8047:192.168.157.194:34569, a6b2ebfb-69a0-457c-b6cd-a50cc148b564:192.168.157.194:37298], old=null
2019-10-17 02:15:12,479 [grpc-default-executor-2] INFO  impl.RaftServerImpl (RaftServerImpl.java:setRole(184)) - 3aea292b-16fb-4e9b-be90-828afa8e8047@group-896385CD49EE: changes role from  FOLLOWER to FOLLOWER at term 317 for recognizeCandidate:b32d7882-88db-4fe6-9cca-6a25122d474d
2019-10-17 02:15:12,479 [grpc-default-executor-0] INFO  impl.RaftServerImpl (RaftServerImpl.java:setRole(184)) - a6b2ebfb-69a0-457c-b6cd-a50cc148b564@group-896385CD49EE: changes role from  FOLLOWER to FOLLOWER at term 317 for recognizeCandidate:b32d7882-88db-4fe6-9cca-6a25122d474d
2019-10-17 02:15:12,479 [grpc-default-executor-0] INFO  impl.RoleInfo (RoleInfo.java:shutdownFollowerState(121)) - a6b2ebfb-69a0-457c-b6cd-a50cc148b564: shutdown FollowerState
2019-10-17 02:15:12,479 [grpc-default-executor-2] INFO  impl.RoleInfo (RoleInfo.java:shutdownFollowerState(121)) - 3aea292b-16fb-4e9b-be90-828afa8e8047: shutdown FollowerState
2019-10-17 02:15:12,480 [Thread-3299] INFO  impl.FollowerState (FollowerState.java:run(117)) - a6b2ebfb-69a0-457c-b6cd-a50cc148b564@group-896385CD49EE-FollowerState was interrupted: java.lang.InterruptedException: sleep interrupted
2019-10-17 02:15:12,480 [grpc-default-executor-0] INFO  impl.RoleInfo (RoleInfo.java:updateAndGet(143)) - a6b2ebfb-69a0-457c-b6cd-a50cc148b564: start FollowerState
2019-10-17 02:15:12,480 [grpc-default-executor-2] INFO  impl.RoleInfo (RoleInfo.java:updateAndGet(143)) - 3aea292b-16fb-4e9b-be90-828afa8e8047: start FollowerState
2019-10-17 02:15:12,480 [Thread-3298] INFO  impl.FollowerState (FollowerState.java:run(117)) - 3aea292b-16fb-4e9b-be90-828afa8e8047@group-896385CD49EE-FollowerState was interrupted: java.lang.InterruptedException: sleep interrupted
2019-10-17 02:15:12,495 [b32d7882-88db-4fe6-9cca-6a25122d474d@group-896385CD49EE-LeaderElection361] INFO  impl.LeaderElection (LeaderElection.java:logAndReturn(56)) - b32d7882-88db-4fe6-9cca-6a25122d474d@group-896385CD49EE-LeaderElection361: Election REJECTED; received 2 response(s) [b32d7882-88db-4fe6-9cca-6a25122d474d<-3aea292b-16fb-4e9b-be90-828afa8e8047#0:FAIL-t317, b32d7882-88db-4fe6-9cca-6a25122d474d<-a6b2ebfb-69a0-457c-b6cd-a50cc148b564#0:FAIL-t317] and 0 exception(s); b32d7882-88db-4fe6-9cca-6a25122d474d@group-896385CD49EE:t317, leader=null, voted=b32d7882-88db-4fe6-9cca-6a25122d474d, raftlog=b32d7882-88db-4fe6-9cca-6a25122d474d@group-896385CD49EE-SegmentedRaftLog:OPENED:c-1,f-1,i0, conf=-1: [b32d7882-88db-4fe6-9cca-6a25122d474d:192.168.157.194:42206, 3aea292b-16fb-4e9b-be90-828afa8e8047:192.168.157.194:34569, a6b2ebfb-69a0-457c-b6cd-a50cc148b564:192.168.157.194:37298], old=null
2019-10-17 02:15:12,495 [b32d7882-88db-4fe6-9cca-6a25122d474d@group-896385CD49EE-LeaderElection361] INFO  impl.RaftServerImpl (RaftServerImpl.java:setRole(184)) - b32d7882-88db-4fe6-9cca-6a25122d474d@group-896385CD49EE: changes role from CANDIDATE to FOLLOWER at term 317 for DISCOVERED_A_NEW_TERM
2019-10-17 02:15:12,495 [b32d7882-88db-4fe6-9cca-6a25122d474d@group-896385CD49EE-LeaderElection361] INFO  impl.RoleInfo (RoleInfo.java:shutdownLeaderElection(134)) - b32d7882-88db-4fe6-9cca-6a25122d474d: shutdown LeaderElection
2019-10-17 02:15:12,496 [b32d7882-88db-4fe6-9cca-6a25122d474d@group-896385CD49EE-LeaderElection361] INFO  impl.RoleInfo (RoleInfo.java:updateAndGet(143)) - b32d7882-88db-4fe6-9cca-6a25122d474d: start FollowerState
2019-10-17 02:15:12,510 [Thread-3306] INFO  impl.FollowerState (FollowerState.java:run(108)) - b32d7882-88db-4fe6-9cca-6a25122d474d@group-896385CD49EE-FollowerState: change to CANDIDATE, lastRpcTime:14ms, electionTimeout:14ms
2019-10-17 02:15:12,510 [Thread-3306] INFO  impl.RoleInfo (RoleInfo.java:shutdownFollowerState(121)) - b32d7882-88db-4fe6-9cca-6a25122d474d: shutdown FollowerState
2019-10-17 02:15:12,510 [Thread-3306] INFO  impl.RaftServerImpl (RaftServerImpl.java:setRole(184)) - b32d7882-88db-4fe6-9cca-6a25122d474d@group-896385CD49EE: changes role from  FOLLOWER to CANDIDATE at term 317 for changeToCandidate
2019-10-17 02:15:12,510 [Thread-3306] INFO  impl.RoleInfo (RoleInfo.java:updateAndGet(143)) - b32d7882-88db-4fe6-9cca-6a25122d474d: start LeaderElection
2019-10-17 02:15:12,515 [b32d7882-88db-4fe6-9cca-6a25122d474d@group-896385CD49EE-LeaderElection362] INFO  impl.LeaderElection (LeaderElection.java:askForVotes(178)) - b32d7882-88db-4fe6-9cca-6a25122d474d@group-896385CD49EE-LeaderElection362: begin an election at term 318 for -1: [b32d7882-88db-4fe6-9cca-6a25122d474d:192.168.157.194:42206, 3aea292b-16fb-4e9b-be90-828afa8e8047:192.168.157.194:34569, a6b2ebfb-69a0-457c-b6cd-a50cc148b564:192.168.157.194:37298], old=null
2019-10-17 02:15:12,883 [b32d7882-88db-4fe6-9cca-6a25122d474d@group-896385CD49EE-LeaderElection362] INFO  impl.LeaderElection (LeaderElection.java:logAndReturn(56)) - b32d7882-88db-4fe6-9cca-6a25122d474d@group-896385CD49EE-LeaderElection362: Election TIMEOUT; received 0 response(s) [] and 0 exception(s); b32d7882-88db-4fe6-9cca-6a25122d474d@group-896385CD49EE:t318, leader=null, voted=b32d7882-88db-4fe6-9cca-6a25122d474d, raftlog=b32d7882-88db-4fe6-9cca-6a25122d474d@group-896385CD49EE-SegmentedRaftLog:OPENED:c-1,f-1,i0, conf=-1: [b32d7882-88db-4fe6-9cca-6a25122d474d:192.168.157.194:42206, 3aea292b-16fb-4e9b-be90-828afa8e8047:192.168.157.194:34569, a6b2ebfb-69a0-457c-b6cd-a50cc148b564:192.168.157.194:37298], old=null
2019-10-17 02:15:12,934 [b32d7882-88db-4fe6-9cca-6a25122d474d@group-896385CD49EE-LeaderElection362] INFO  impl.LeaderElection (LeaderElection.java:askForVotes(178)) - b32d7882-88db-4fe6-9cca-6a25122d474d@group-896385CD49EE-LeaderElection362: begin an election at term 319 for -1: [b32d7882-88db-4fe6-9cca-6a25122d474d:192.168.157.194:42206, 3aea292b-16fb-4e9b-be90-828afa8e8047:192.168.157.194:34569, a6b2ebfb-69a0-457c-b6cd-a50cc148b564:192.168.157.194:37298], old=null
2019-10-17 02:15:12,945 [grpc-default-executor-2] INFO  impl.RaftServerImpl (RaftServerImpl.java:setRole(184)) - 3aea292b-16fb-4e9b-be90-828afa8e8047@group-896385CD49EE: changes role from  FOLLOWER to FOLLOWER at term 318 for recognizeCandidate:b32d7882-88db-4fe6-9cca-6a25122d474d
2019-10-17 02:15:12,962 [grpc-default-executor-2] INFO  impl.RoleInfo (RoleInfo.java:shutdownFollowerState(121)) - 3aea292b-16fb-4e9b-be90-828afa8e8047: shutdown FollowerState
2019-10-17 02:15:12,946 [grpc-default-executor-0] INFO  impl.RaftServerImpl (RaftServerImpl.java:setRole(184)) - a6b2ebfb-69a0-457c-b6cd-a50cc148b564@group-896385CD49EE: changes role from  FOLLOWER to FOLLOWER at term 318 for recognizeCandidate:b32d7882-88db-4fe6-9cca-6a25122d474d
2019-10-17 02:15:12,967 [Thread-3305] INFO  impl.FollowerState (FollowerState.java:run(117)) - 3aea292b-16fb-4e9b-be90-828afa8e8047@group-896385CD49EE-FollowerState was interrupted: java.lang.InterruptedException: sleep interrupted
2019-10-17 02:15:12,967 [grpc-default-executor-2] INFO  impl.RoleInfo (RoleInfo.java:updateAndGet(143)) - 3aea292b-16fb-4e9b-be90-828afa8e8047: start FollowerState
2019-10-17 02:15:12,967 [grpc-default-executor-0] INFO  impl.RoleInfo (RoleInfo.java:shutdownFollowerState(121)) - a6b2ebfb-69a0-457c-b6cd-a50cc148b564: shutdown FollowerState
2019-10-17 02:15:12,967 [grpc-default-executor-0] INFO  impl.RoleInfo (RoleInfo.java:updateAndGet(143)) - a6b2ebfb-69a0-457c-b6cd-a50cc148b564: start FollowerState
2019-10-17 02:15:12,967 [Thread-3304] INFO  impl.FollowerState (FollowerState.java:run(117)) - a6b2ebfb-69a0-457c-b6cd-a50cc148b564@group-896385CD49EE-FollowerState was interrupted: java.lang.InterruptedException: sleep interrupted
2019-10-17 02:15:12,981 [grpc-default-executor-4] INFO  impl.RaftServerImpl (RaftServerImpl.java:setRole(184)) - 3aea292b-16fb-4e9b-be90-828afa8e8047@group-896385CD49EE: changes role from  FOLLOWER to FOLLOWER at term 319 for recognizeCandidate:b32d7882-88db-4fe6-9cca-6a25122d474d
2019-10-17 02:15:12,981 [grpc-default-executor-1] INFO  impl.RaftServerImpl (RaftServerImpl.java:setRole(184)) - a6b2ebfb-69a0-457c-b6cd-a50cc148b564@group-896385CD49EE: changes role from  FOLLOWER to FOLLOWER at term 319 for recognizeCandidate:b32d7882-88db-4fe6-9cca-6a25122d474d
2019-10-17 02:15:12,981 [grpc-default-executor-1] INFO  impl.RoleInfo (RoleInfo.java:shutdownFollowerState(121)) - a6b2ebfb-69a0-457c-b6cd-a50cc148b564: shutdown FollowerState
2019-10-17 02:15:12,981 [grpc-default-executor-4] INFO  impl.RoleInfo (RoleInfo.java:shutdownFollowerState(121)) - 3aea292b-16fb-4e9b-be90-828afa8e8047: shutdown FollowerState
2019-10-17 02:15:12,981 [Thread-3313] INFO  impl.FollowerState (FollowerState.java:run(117)) - a6b2ebfb-69a0-457c-b6cd-a50cc148b564@group-896385CD49EE-FollowerState was interrupted: java.lang.InterruptedException: sleep interrupted
2019-10-17 02:15:12,981 [Thread-3312] INFO  impl.FollowerState (FollowerState.java:run(117)) - 3aea292b-16fb-4e9b-be90-828afa8e8047@group-896385CD49EE-FollowerState was interrupted: java.lang.InterruptedException: sleep interrupted
2019-10-17 02:15:12,981 [grpc-default-executor-1] INFO  impl.RoleInfo (RoleInfo.java:updateAndGet(143)) - a6b2ebfb-69a0-457c-b6cd-a50cc148b564: start FollowerState
2019-10-17 02:15:12,981 [grpc-default-executor-4] INFO  impl.RoleInfo (RoleInfo.java:updateAndGet(143)) - 3aea292b-16fb-4e9b-be90-828afa8e8047: start FollowerState
2019-10-17 02:15:12,995 [b32d7882-88db-4fe6-9cca-6a25122d474d@group-896385CD49EE-LeaderElection362] INFO  impl.LeaderElection (LeaderElection.java:logAndReturn(56)) - b32d7882-88db-4fe6-9cca-6a25122d474d@group-896385CD49EE-LeaderElection362: Election REJECTED; received 2 response(s) [b32d7882-88db-4fe6-9cca-6a25122d474d<-3aea292b-16fb-4e9b-be90-828afa8e8047#0:FAIL-t319, b32d7882-88db-4fe6-9cca-6a25122d474d<-a6b2ebfb-69a0-457c-b6cd-a50cc148b564#0:FAIL-t319] and 0 exception(s); b32d7882-88db-4fe6-9cca-6a25122d474d@group-896385CD49EE:t319, leader=null, voted=b32d7882-88db-4fe6-9cca-6a25122d474d, raftlog=b32d7882-88db-4fe6-9cca-6a25122d474d@group-896385CD49EE-SegmentedRaftLog:OPENED:c-1,f-1,i0, conf=-1: [b32d7882-88db-4fe6-9cca-6a25122d474d:192.168.157.194:42206, 3aea292b-16fb-4e9b-be90-828afa8e8047:192.168.157.194:34569, a6b2ebfb-69a0-457c-b6cd-a50cc148b564:192.168.157.194:37298], old=null
2019-10-17 02:15:12,996 [b32d7882-88db-4fe6-9cca-6a25122d474d@group-896385CD49EE-LeaderElection362] INFO  impl.RaftServerImpl (RaftServerImpl.java:setRole(184)) - b32d7882-88db-4fe6-9cca-6a25122d474d@group-896385CD49EE: changes role from CANDIDATE to FOLLOWER at term 319 for DISCOVERED_A_NEW_TERM
2019-10-17 02:15:12,996 [b32d7882-88db-4fe6-9cca-6a25122d474d@group-896385CD49EE-LeaderElection362] INFO  impl.RoleInfo (RoleInfo.java:shutdownLeaderElection(134)) - b32d7882-88db-4fe6-9cca-6a25122d474d: shutdown LeaderElection
2019-10-17 02:15:12,996 [b32d7882-88db-4fe6-9cca-6a25122d474d@group-896385CD49EE-LeaderElection362] INFO  impl.RoleInfo (RoleInfo.java:updateAndGet(143)) - b32d7882-88db-4fe6-9cca-6a25122d474d: start FollowerState
2019-10-17 02:15:13,080 [Thread-3316] INFO  impl.FollowerState (FollowerState.java:run(108)) - b32d7882-88db-4fe6-9cca-6a25122d474d@group-896385CD49EE-FollowerState: change to CANDIDATE, lastRpcTime:84ms, electionTimeout:84ms
2019-10-17 02:15:13,080 [Thread-3316] INFO  impl.RoleInfo (RoleInfo.java:shutdownFollowerState(121)) - b32d7882-88db-4fe6-9cca-6a25122d474d: shutdown FollowerState
2019-10-17 02:15:13,080 [Thread-3316] INFO  impl.RaftServerImpl (RaftServerImpl.java:setRole(184)) - b32d7882-88db-4fe6-9cca-6a25122d474d@group-896385CD49EE: changes role from  FOLLOWER to CANDIDATE at term 319 for changeToCandidate
2019-10-17 02:15:13,081 [Thread-3316] INFO  impl.RoleInfo (RoleInfo.java:updateAndGet(143)) - b32d7882-88db-4fe6-9cca-6a25122d474d: start LeaderElection
2019-10-17 02:15:13,084 [b32d7882-88db-4fe6-9cca-6a25122d474d@group-896385CD49EE-LeaderElection363] INFO  impl.LeaderElection (LeaderElection.java:askForVotes(178)) - b32d7882-88db-4fe6-9cca-6a25122d474d@group-896385CD49EE-LeaderElection363: begin an election at term 320 for -1: [b32d7882-88db-4fe6-9cca-6a25122d474d:192.168.157.194:42206, 3aea292b-16fb-4e9b-be90-828afa8e8047:192.168.157.194:34569, a6b2ebfb-69a0-457c-b6cd-a50cc148b564:192.168.157.194:37298], old=null
2019-10-17 02:15:13,087 [grpc-default-executor-4] INFO  impl.RaftServerImpl (RaftServerImpl.java:setRole(184)) - a6b2ebfb-69a0-457c-b6cd-a50cc148b564@group-896385CD49EE: changes role from  FOLLOWER to FOLLOWER at term 320 for recognizeCandidate:b32d7882-88db-4fe6-9cca-6a25122d474d
2019-10-17 02:15:13,087 [grpc-default-executor-1] INFO  impl.RaftServerImpl (RaftServerImpl.java:setRole(184)) - 3aea292b-16fb-4e9b-be90-828afa8e8047@group-896385CD49EE: changes role from  FOLLOWER to FOLLOWER at term 320 for recognizeCandidate:b32d7882-88db-4fe6-9cca-6a25122d474d
2019-10-17 02:15:13,087 [grpc-default-executor-1] INFO  impl.RoleInfo (RoleInfo.java:shutdownFollowerState(121)) - 3aea292b-16fb-4e9b-be90-828afa8e8047: shutdown FollowerState
2019-10-17 02:15:13,087 [grpc-default-executor-4] INFO  impl.RoleInfo (RoleInfo.java:shutdownFollowerState(121)) - a6b2ebfb-69a0-457c-b6cd-a50cc148b564: shutdown FollowerState
2019-10-17 02:15:13,087 [Thread-3315] INFO  impl.FollowerState (FollowerState.java:run(117)) - 3aea292b-16fb-4e9b-be90-828afa8e8047@group-896385CD49EE-FollowerState was interrupted: java.lang.InterruptedException: sleep interrupted
2019-10-17 02:15:13,087 [grpc-default-executor-1] INFO  impl.RoleInfo (RoleInfo.java:updateAndGet(143)) - 3aea292b-16fb-4e9b-be90-828afa8e8047: start FollowerState
2019-10-17 02:15:13,087 [Thread-3314] INFO  impl.FollowerState (FollowerState.java:run(117)) - a6b2ebfb-69a0-457c-b6cd-a50cc148b564@group-896385CD49EE-FollowerState was interrupted: java.lang.InterruptedException: sleep interrupted
2019-10-17 02:15:13,087 [grpc-default-executor-4] INFO  impl.RoleInfo (RoleInfo.java:updateAndGet(143)) - a6b2ebfb-69a0-457c-b6cd-a50cc148b564: start FollowerState
2019-10-17 02:15:13,127 [b32d7882-88db-4fe6-9cca-6a25122d474d@group-896385CD49EE-LeaderElection363] INFO  impl.LeaderElection (LeaderElection.java:logAndReturn(56)) - b32d7882-88db-4fe6-9cca-6a25122d474d@group-896385CD49EE-LeaderElection363: Election REJECTED; received 2 response(s) [b32d7882-88db-4fe6-9cca-6a25122d474d<-3aea292b-16fb-4e9b-be90-828afa8e8047#0:FAIL-t320, b32d7882-88db-4fe6-9cca-6a25122d474d<-a6b2ebfb-69a0-457c-b6cd-a50cc148b564#0:FAIL-t320] and 0 exception(s); b32d7882-88db-4fe6-9cca-6a25122d474d@group-896385CD49EE:t320, leader=null, voted=b32d7882-88db-4fe6-9cca-6a25122d474d, raftlog=b32d7882-88db-4fe6-9cca-6a25122d474d@group-896385CD49EE-SegmentedRaftLog:OPENED:c-1,f-1,i0, conf=-1: [b32d7882-88db-4fe6-9cca-6a25122d474d:192.168.157.194:42206, 3aea292b-16fb-4e9b-be90-828afa8e8047:192.168.157.194:34569, a6b2ebfb-69a0-457c-b6cd-a50cc148b564:192.168.157.194:37298], old=null
2019-10-17 02:15:13,128 [b32d7882-88db-4fe6-9cca-6a25122d474d@group-896385CD49EE-LeaderElection363] INFO  impl.RaftServerImpl (RaftServerImpl.java:setRole(184)) - b32d7882-88db-4fe6-9cca-6a25122d474d@group-896385CD49EE: changes role from CANDIDATE to FOLLOWER at term 320 for DISCOVERED_A_NEW_TERM
2019-10-17 02:15:13,128 [b32d7882-88db-4fe6-9cca-6a25122d474d@group-896385CD49EE-LeaderElection363] INFO  impl.RoleInfo (RoleInfo.java:shutdownLeaderElection(134)) - b32d7882-88db-4fe6-9cca-6a25122d474d: shutdown LeaderElection
2019-10-17 02:15:13,128 [b32d7882-88db-4fe6-9cca-6a25122d474d@group-896385CD49EE-LeaderElection363] INFO  impl.RoleInfo (RoleInfo.java:updateAndGet(143)) - b32d7882-88db-4fe6-9cca-6a25122d474d: start FollowerState
2019-10-17 02:15:13,182 [main] INFO  ozone.MiniOzoneClusterImpl (MiniOzoneClusterImpl.java:lambda$waitForClusterToBeReady$2(164)) - Waiting for 1 number of pipelines out of 4, to report a leader.
2019-10-17 02:15:13,271 [Thread-3322] INFO  impl.FollowerState (FollowerState.java:run(108)) - b32d7882-88db-4fe6-9cca-6a25122d474d@group-896385CD49EE-FollowerState: change to CANDIDATE, lastRpcTime:143ms, electionTimeout:143ms
2019-10-17 02:15:13,271 [Thread-3322] INFO  impl.RoleInfo (RoleInfo.java:shutdownFollowerState(121)) - b32d7882-88db-4fe6-9cca-6a25122d474d: shutdown FollowerState
2019-10-17 02:15:13,271 [Thread-3322] INFO  impl.RaftServerImpl (RaftServerImpl.java:setRole(184)) - b32d7882-88db-4fe6-9cca-6a25122d474d@group-896385CD49EE: changes role from  FOLLOWER to CANDIDATE at term 320 for changeToCandidate
2019-10-17 02:15:13,272 [Thread-3322] INFO  impl.RoleInfo (RoleInfo.java:updateAndGet(143)) - b32d7882-88db-4fe6-9cca-6a25122d474d: start LeaderElection
2019-10-17 02:15:13,277 [b32d7882-88db-4fe6-9cca-6a25122d474d@group-896385CD49EE-LeaderElection364] INFO  impl.LeaderElection (LeaderElection.java:askForVotes(178)) - b32d7882-88db-4fe6-9cca-6a25122d474d@group-896385CD49EE-LeaderElection364: begin an election at term 321 for -1: [b32d7882-88db-4fe6-9cca-6a25122d474d:192.168.157.194:42206, 3aea292b-16fb-4e9b-be90-828afa8e8047:192.168.157.194:34569, a6b2ebfb-69a0-457c-b6cd-a50cc148b564:192.168.157.194:37298], old=null
2019-10-17 02:15:13,278 [grpc-default-executor-1] INFO  impl.RaftServerImpl (RaftServerImpl.java:setRole(184)) - 3aea292b-16fb-4e9b-be90-828afa8e8047@group-896385CD49EE: changes role from  FOLLOWER to FOLLOWER at term 321 for recognizeCandidate:b32d7882-88db-4fe6-9cca-6a25122d474d
2019-10-17 02:15:13,278 [grpc-default-executor-4] INFO  impl.RaftServerImpl (RaftServerImpl.java:setRole(184)) - a6b2ebfb-69a0-457c-b6cd-a50cc148b564@group-896385CD49EE: changes role from  FOLLOWER to FOLLOWER at term 321 for recognizeCandidate:b32d7882-88db-4fe6-9cca-6a25122d474d
2019-10-17 02:15:13,278 [grpc-default-executor-1] INFO  impl.RoleInfo (RoleInfo.java:shutdownFollowerState(121)) - 3aea292b-16fb-4e9b-be90-828afa8e8047: shutdown FollowerState
2019-10-17 02:15:13,278 [grpc-default-executor-4] INFO  impl.RoleInfo (RoleInfo.java:shutdownFollowerState(121)) - a6b2ebfb-69a0-457c-b6cd-a50cc148b564: shutdown FollowerState
2019-10-17 02:15:13,279 [Thread-3320] INFO  impl.FollowerState (FollowerState.java:run(117)) - 3aea292b-16fb-4e9b-be90-828afa8e8047@group-896385CD49EE-FollowerState was interrupted: java.lang.InterruptedException: sleep interrupted
2019-10-17 02:15:13,279 [grpc-default-executor-1] INFO  impl.RoleInfo (RoleInfo.java:updateAndGet(143)) - 3aea292b-16fb-4e9b-be90-828afa8e8047: start FollowerState
2019-10-17 02:15:13,279 [grpc-default-executor-4] INFO  impl.RoleInfo (RoleInfo.java:updateAndGet(143)) - a6b2ebfb-69a0-457c-b6cd-a50cc148b564: start FollowerState
2019-10-17 02:15:13,279 [Thread-3321] INFO  impl.FollowerState (FollowerState.java:run(117)) - a6b2ebfb-69a0-457c-b6cd-a50cc148b564@group-896385CD49EE-FollowerState was interrupted: java.lang.InterruptedException: sleep interrupted
2019-10-17 02:15:13,288 [b32d7882-88db-4fe6-9cca-6a25122d474d@group-896385CD49EE-LeaderElection364] INFO  impl.LeaderElection (LeaderElection.java:logAndReturn(56)) - b32d7882-88db-4fe6-9cca-6a25122d474d@group-896385CD49EE-LeaderElection364: Election REJECTED; received 2 response(s) [b32d7882-88db-4fe6-9cca-6a25122d474d<-3aea292b-16fb-4e9b-be90-828afa8e8047#0:FAIL-t321, b32d7882-88db-4fe6-9cca-6a25122d474d<-a6b2ebfb-69a0-457c-b6cd-a50cc148b564#0:FAIL-t321] and 0 exception(s); b32d7882-88db-4fe6-9cca-6a25122d474d@group-896385CD49EE:t321, leader=null, voted=b32d7882-88db-4fe6-9cca-6a25122d474d, raftlog=b32d7882-88db-4fe6-9cca-6a25122d474d@group-896385CD49EE-SegmentedRaftLog:OPENED:c-1,f-1,i0, conf=-1: [b32d7882-88db-4fe6-9cca-6a25122d474d:192.168.157.194:42206, 3aea292b-16fb-4e9b-be90-828afa8e8047:192.168.157.194:34569, a6b2ebfb-69a0-457c-b6cd-a50cc148b564:192.168.157.194:37298], old=null
2019-10-17 02:15:13,288 [b32d7882-88db-4fe6-9cca-6a25122d474d@group-896385CD49EE-LeaderElection364] INFO  impl.RaftServerImpl (RaftServerImpl.java:setRole(184)) - b32d7882-88db-4fe6-9cca-6a25122d474d@group-896385CD49EE: changes role from CANDIDATE to FOLLOWER at term 321 for DISCOVERED_A_NEW_TERM
2019-10-17 02:15:13,288 [b32d7882-88db-4fe6-9cca-6a25122d474d@group-896385CD49EE-LeaderElection364] INFO  impl.RoleInfo (RoleInfo.java:shutdownLeaderElection(134)) - b32d7882-88db-4fe6-9cca-6a25122d474d: shutdown LeaderElection
2019-10-17 02:15:13,288 [b32d7882-88db-4fe6-9cca-6a25122d474d@group-896385CD49EE-LeaderElection364] INFO  impl.RoleInfo (RoleInfo.java:updateAndGet(143)) - b32d7882-88db-4fe6-9cca-6a25122d474d: start FollowerState
2019-10-17 02:15:13,360 [Thread-3328] INFO  impl.FollowerState (FollowerState.java:run(108)) - b32d7882-88db-4fe6-9cca-6a25122d474d@group-896385CD49EE-FollowerState: change to CANDIDATE, lastRpcTime:72ms, electionTimeout:72ms
2019-10-17 02:15:13,360 [Thread-3328] INFO  impl.RoleInfo (RoleInfo.java:shutdownFollowerState(121)) - b32d7882-88db-4fe6-9cca-6a25122d474d: shutdown FollowerState
2019-10-17 02:15:13,360 [Thread-3328] INFO  impl.RaftServerImpl (RaftServerImpl.java:setRole(184)) - b32d7882-88db-4fe6-9cca-6a25122d474d@group-896385CD49EE: changes role from  FOLLOWER to CANDIDATE at term 321 for changeToCandidate
2019-10-17 02:15:13,361 [Thread-3328] INFO  impl.RoleInfo (RoleInfo.java:updateAndGet(143)) - b32d7882-88db-4fe6-9cca-6a25122d474d: start LeaderElection
2019-10-17 02:15:13,382 [b32d7882-88db-4fe6-9cca-6a25122d474d@group-896385CD49EE-LeaderElection365] INFO  impl.LeaderElection (LeaderElection.java:askForVotes(178)) - b32d7882-88db-4fe6-9cca-6a25122d474d@group-896385CD49EE-LeaderElection365: begin an election at term 322 for -1: [b32d7882-88db-4fe6-9cca-6a25122d474d:192.168.157.194:42206, 3aea292b-16fb-4e9b-be90-828afa8e8047:192.168.157.194:34569, a6b2ebfb-69a0-457c-b6cd-a50cc148b564:192.168.157.194:37298], old=null
2019-10-17 02:15:13,383 [grpc-default-executor-4] INFO  impl.RaftServerImpl (RaftServerImpl.java:setRole(184)) - 3aea292b-16fb-4e9b-be90-828afa8e8047@group-896385CD49EE: changes role from  FOLLOWER to FOLLOWER at term 322 for recognizeCandidate:b32d7882-88db-4fe6-9cca-6a25122d474d
2019-10-17 02:15:13,384 [grpc-default-executor-4] INFO  impl.RoleInfo (RoleInfo.java:shutdownFollowerState(121)) - 3aea292b-16fb-4e9b-be90-828afa8e8047: shutdown FollowerState
2019-10-17 02:15:13,384 [grpc-default-executor-1] INFO  impl.RaftServerImpl (RaftServerImpl.java:setRole(184)) - a6b2ebfb-69a0-457c-b6cd-a50cc148b564@group-896385CD49EE: changes role from  FOLLOWER to FOLLOWER at term 322 for recognizeCandidate:b32d7882-88db-4fe6-9cca-6a25122d474d
2019-10-17 02:15:13,384 [Thread-3326] INFO  impl.FollowerState (FollowerState.java:run(117)) - 3aea292b-16fb-4e9b-be90-828afa8e8047@group-896385CD49EE-FollowerState was interrupted: java.lang.InterruptedException: sleep interrupted
2019-10-17 02:15:13,384 [grpc-default-executor-4] INFO  impl.RoleInfo (RoleInfo.java:updateAndGet(143)) - 3aea292b-16fb-4e9b-be90-828afa8e8047: start FollowerState
2019-10-17 02:15:13,384 [grpc-default-executor-1] INFO  impl.RoleInfo (RoleInfo.java:shutdownFollowerState(121)) - a6b2ebfb-69a0-457c-b6cd-a50cc148b564: shutdown FollowerState
2019-10-17 02:15:13,384 [grpc-default-executor-1] INFO  impl.RoleInfo (RoleInfo.java:updateAndGet(143)) - a6b2ebfb-69a0-457c-b6cd-a50cc148b564: start FollowerState
2019-10-17 02:15:13,384 [Thread-3327] INFO  impl.FollowerState (FollowerState.java:run(117)) - a6b2ebfb-69a0-457c-b6cd-a50cc148b564@group-896385CD49EE-FollowerState was interrupted: java.lang.InterruptedException: sleep interrupted
2019-10-17 02:15:13,397 [b32d7882-88db-4fe6-9cca-6a25122d474d@group-896385CD49EE-LeaderElection365] INFO  impl.LeaderElection (LeaderElection.java:logAndReturn(56)) - b32d7882-88db-4fe6-9cca-6a25122d474d@group-896385CD49EE-LeaderElection365: Election REJECTED; received 2 response(s) [b32d7882-88db-4fe6-9cca-6a25122d474d<-3aea292b-16fb-4e9b-be90-828afa8e8047#0:FAIL-t322, b32d7882-88db-4fe6-9cca-6a25122d474d<-a6b2ebfb-69a0-457c-b6cd-a50cc148b564#0:FAIL-t322] and 0 exception(s); b32d7882-88db-4fe6-9cca-6a25122d474d@group-896385CD49EE:t322, leader=null, voted=b32d7882-88db-4fe6-9cca-6a25122d474d, raftlog=b32d7882-88db-4fe6-9cca-6a25122d474d@group-896385CD49EE-SegmentedRaftLog:OPENED:c-1,f-1,i0, conf=-1: [b32d7882-88db-4fe6-9cca-6a25122d474d:192.168.157.194:42206, 3aea292b-16fb-4e9b-be90-828afa8e8047:192.168.157.194:34569, a6b2ebfb-69a0-457c-b6cd-a50cc148b564:192.168.157.194:37298], old=null
2019-10-17 02:15:13,397 [b32d7882-88db-4fe6-9cca-6a25122d474d@group-896385CD49EE-LeaderElection365] INFO  impl.RaftServerImpl (RaftServerImpl.java:setRole(184)) - b32d7882-88db-4fe6-9cca-6a25122d474d@group-896385CD49EE: changes role from CANDIDATE to FOLLOWER at term 322 for DISCOVERED_A_NEW_TERM
2019-10-17 02:15:13,397 [b32d7882-88db-4fe6-9cca-6a25122d474d@group-896385CD49EE-LeaderElection365] INFO  impl.RoleInfo (RoleInfo.java:shutdownLeaderElection(134)) - b32d7882-88db-4fe6-9cca-6a25122d474d: shutdown LeaderElection
2019-10-17 02:15:13,397 [b32d7882-88db-4fe6-9cca-6a25122d474d@group-896385CD49EE-LeaderElection365] INFO  impl.RoleInfo (RoleInfo.java:updateAndGet(143)) - b32d7882-88db-4fe6-9cca-6a25122d474d: start FollowerState
2019-10-17 02:15:13,452 [Thread-3334] INFO  impl.FollowerState (FollowerState.java:run(108)) - b32d7882-88db-4fe6-9cca-6a25122d474d@group-896385CD49EE-FollowerState: change to CANDIDATE, lastRpcTime:55ms, electionTimeout:55ms
2019-10-17 02:15:13,452 [Thread-3334] INFO  impl.RoleInfo (RoleInfo.java:shutdownFollowerState(121)) - b32d7882-88db-4fe6-9cca-6a25122d474d: shutdown FollowerState
2019-10-17 02:15:13,452 [Thread-3334] INFO  impl.RaftServerImpl (RaftServerImpl.java:setRole(184)) - b32d7882-88db-4fe6-9cca-6a25122d474d@group-896385CD49EE: changes role from  FOLLOWER to CANDIDATE at term 322 for changeToCandidate
2019-10-17 02:15:13,453 [Thread-3334] INFO  impl.RoleInfo (RoleInfo.java:updateAndGet(143)) - b32d7882-88db-4fe6-9cca-6a25122d474d: start LeaderElection
2019-10-17 02:15:13,476 [b32d7882-88db-4fe6-9cca-6a25122d474d@group-896385CD49EE-LeaderElection366] INFO  impl.LeaderElection (LeaderElection.java:askForVotes(178)) - b32d7882-88db-4fe6-9cca-6a25122d474d@group-896385CD49EE-LeaderElection366: begin an election at term 323 for -1: [b32d7882-88db-4fe6-9cca-6a25122d474d:192.168.157.194:42206, 3aea292b-16fb-4e9b-be90-828afa8e8047:192.168.157.194:34569, a6b2ebfb-69a0-457c-b6cd-a50cc148b564:192.168.157.194:37298], old=null
2019-10-17 02:15:13,477 [grpc-default-executor-4] INFO  impl.RaftServerImpl (RaftServerImpl.java:setRole(184)) - 3aea292b-16fb-4e9b-be90-828afa8e8047@group-896385CD49EE: changes role from  FOLLOWER to FOLLOWER at term 323 for recognizeCandidate:b32d7882-88db-4fe6-9cca-6a25122d474d
2019-10-17 02:15:13,477 [grpc-default-executor-4] INFO  impl.RoleInfo (RoleInfo.java:shutdownFollowerState(121)) - 3aea292b-16fb-4e9b-be90-828afa8e8047: shutdown FollowerState
2019-10-17 02:15:13,477 [grpc-default-executor-4] INFO  impl.RoleInfo (RoleInfo.java:updateAndGet(143)) - 3aea292b-16fb-4e9b-be90-828afa8e8047: start FollowerState
2019-10-17 02:15:13,478 [Thread-3332] INFO  impl.FollowerState (FollowerState.java:run(117)) - 3aea292b-16fb-4e9b-be90-828afa8e8047@group-896385CD49EE-FollowerState was interrupted: java.lang.InterruptedException: sleep interrupted
2019-10-17 02:15:13,478 [grpc-default-executor-1] INFO  impl.RaftServerImpl (RaftServerImpl.java:setRole(184)) - a6b2ebfb-69a0-457c-b6cd-a50cc148b564@group-896385CD49EE: changes role from  FOLLOWER to FOLLOWER at term 323 for recognizeCandidate:b32d7882-88db-4fe6-9cca-6a25122d474d
2019-10-17 02:15:13,478 [grpc-default-executor-1] INFO  impl.RoleInfo (RoleInfo.java:shutdownFollowerState(121)) - a6b2ebfb-69a0-457c-b6cd-a50cc148b564: shutdown FollowerState
2019-10-17 02:15:13,478 [Thread-3333] INFO  impl.FollowerState (FollowerState.java:run(117)) - a6b2ebfb-69a0-457c-b6cd-a50cc148b564@group-896385CD49EE-FollowerState was interrupted: java.lang.InterruptedException: sleep interrupted
2019-10-17 02:15:13,478 [grpc-default-executor-1] INFO  impl.RoleInfo (RoleInfo.java:updateAndGet(143)) - a6b2ebfb-69a0-457c-b6cd-a50cc148b564: start FollowerState
2019-10-17 02:15:13,497 [b32d7882-88db-4fe6-9cca-6a25122d474d@group-896385CD49EE-LeaderElection366] INFO  impl.LeaderElection (LeaderElection.java:logAndReturn(56)) - b32d7882-88db-4fe6-9cca-6a25122d474d@group-896385CD49EE-LeaderElection366: Election TIMEOUT; received 0 response(s) [] and 0 exception(s); b32d7882-88db-4fe6-9cca-6a25122d474d@group-896385CD49EE:t323, leader=null, voted=b32d7882-88db-4fe6-9cca-6a25122d474d, raftlog=b32d7882-88db-4fe6-9cca-6a25122d474d@group-896385CD49EE-SegmentedRaftLog:OPENED:c-1,f-1,i0, conf=-1: [b32d7882-88db-4fe6-9cca-6a25122d474d:192.168.157.194:42206, 3aea292b-16fb-4e9b-be90-828afa8e8047:192.168.157.194:34569, a6b2ebfb-69a0-457c-b6cd-a50cc148b564:192.168.157.194:37298], old=null
2019-10-17 02:15:13,501 [b32d7882-88db-4fe6-9cca-6a25122d474d@group-896385CD49EE-LeaderElection366] INFO  impl.LeaderElection (LeaderElection.java:askForVotes(178)) - b32d7882-88db-4fe6-9cca-6a25122d474d@group-896385CD49EE-LeaderElection366: begin an election at term 324 for -1: [b32d7882-88db-4fe6-9cca-6a25122d474d:192.168.157.194:42206, 3aea292b-16fb-4e9b-be90-828afa8e8047:192.168.157.194:34569, a6b2ebfb-69a0-457c-b6cd-a50cc148b564:192.168.157.194:37298], old=null
2019-10-17 02:15:13,501 [grpc-default-executor-4] INFO  impl.RaftServerImpl (RaftServerImpl.java:setRole(184)) - 3aea292b-16fb-4e9b-be90-828afa8e8047@group-896385CD49EE: changes role from  FOLLOWER to FOLLOWER at term 324 for recognizeCandidate:b32d7882-88db-4fe6-9cca-6a25122d474d
2019-10-17 02:15:13,502 [grpc-default-executor-4] INFO  impl.RoleInfo (RoleInfo.java:shutdownFollowerState(121)) - 3aea292b-16fb-4e9b-be90-828afa8e8047: shutdown FollowerState
2019-10-17 02:15:13,502 [grpc-default-executor-4] INFO  impl.RoleInfo (RoleInfo.java:updateAndGet(143)) - 3aea292b-16fb-4e9b-be90-828afa8e8047: start FollowerState
2019-10-17 02:15:13,502 [grpc-default-executor-1] INFO  impl.RaftServerImpl (RaftServerImpl.java:setRole(184)) - a6b2ebfb-69a0-457c-b6cd-a50cc148b564@group-896385CD49EE: changes role from  FOLLOWER to FOLLOWER at term 324 for recognizeCandidate:b32d7882-88db-4fe6-9cca-6a25122d474d
2019-10-17 02:15:13,502 [Thread-3338] INFO  impl.FollowerState (FollowerState.java:run(117)) - 3aea292b-16fb-4e9b-be90-828afa8e8047@group-896385CD49EE-FollowerState was interrupted: java.lang.InterruptedException: sleep interrupted
2019-10-17 02:15:13,502 [grpc-default-executor-1] INFO  impl.RoleInfo (RoleInfo.java:shutdownFollowerState(121)) - a6b2ebfb-69a0-457c-b6cd-a50cc148b564: shutdown FollowerState
2019-10-17 02:15:13,502 [grpc-default-executor-1] INFO  impl.RoleInfo (RoleInfo.java:updateAndGet(143)) - a6b2ebfb-69a0-457c-b6cd-a50cc148b564: start FollowerState
2019-10-17 02:15:13,502 [Thread-3339] INFO  impl.FollowerState (FollowerState.java:run(117)) - a6b2ebfb-69a0-457c-b6cd-a50cc148b564@group-896385CD49EE-FollowerState was interrupted: java.lang.InterruptedException: sleep interrupted
2019-10-17 02:15:13,511 [b32d7882-88db-4fe6-9cca-6a25122d474d@group-896385CD49EE-LeaderElection366] INFO  impl.LeaderElection (LeaderElection.java:logAndReturn(56)) - b32d7882-88db-4fe6-9cca-6a25122d474d@group-896385CD49EE-LeaderElection366: Election REJECTED; received 2 response(s) [b32d7882-88db-4fe6-9cca-6a25122d474d<-3aea292b-16fb-4e9b-be90-828afa8e8047#0:FAIL-t324, b32d7882-88db-4fe6-9cca-6a25122d474d<-a6b2ebfb-69a0-457c-b6cd-a50cc148b564#0:FAIL-t324] and 0 exception(s); b32d7882-88db-4fe6-9cca-6a25122d474d@group-896385CD49EE:t324, leader=null, voted=b32d7882-88db-4fe6-9cca-6a25122d474d, raftlog=b32d7882-88db-4fe6-9cca-6a25122d474d@group-896385CD49EE-SegmentedRaftLog:OPENED:c-1,f-1,i0, conf=-1: [b32d7882-88db-4fe6-9cca-6a25122d474d:192.168.157.194:42206, 3aea292b-16fb-4e9b-be90-828afa8e8047:192.168.157.194:34569, a6b2ebfb-69a0-457c-b6cd-a50cc148b564:192.168.157.194:37298], old=null
2019-10-17 02:15:13,512 [b32d7882-88db-4fe6-9cca-6a25122d474d@group-896385CD49EE-LeaderElection366] INFO  impl.RaftServerImpl (RaftServerImpl.java:setRole(184)) - b32d7882-88db-4fe6-9cca-6a25122d474d@group-896385CD49EE: changes role from CANDIDATE to FOLLOWER at term 324 for DISCOVERED_A_NEW_TERM
2019-10-17 02:15:13,512 [b32d7882-88db-4fe6-9cca-6a25122d474d@group-896385CD49EE-LeaderElection366] INFO  impl.RoleInfo (RoleInfo.java:shutdownLeaderElection(134)) - b32d7882-88db-4fe6-9cca-6a25122d474d: shutdown LeaderElection
2019-10-17 02:15:13,512 [b32d7882-88db-4fe6-9cca-6a25122d474d@group-896385CD49EE-LeaderElection366] INFO  impl.RoleInfo (RoleInfo.java:updateAndGet(143)) - b32d7882-88db-4fe6-9cca-6a25122d474d: start FollowerState
2019-10-17 02:15:13,545 [Thread-3344] INFO  impl.FollowerState (FollowerState.java:run(108)) - b32d7882-88db-4fe6-9cca-6a25122d474d@group-896385CD49EE-FollowerState: change to CANDIDATE, lastRpcTime:33ms, electionTimeout:33ms
2019-10-17 02:15:13,545 [Thread-3344] INFO  impl.RoleInfo (RoleInfo.java:shutdownFollowerState(121)) - b32d7882-88db-4fe6-9cca-6a25122d474d: shutdown FollowerState
2019-10-17 02:15:13,545 [Thread-3344] INFO  impl.RaftServerImpl (RaftServerImpl.java:setRole(184)) - b32d7882-88db-4fe6-9cca-6a25122d474d@group-896385CD49EE: changes role from  FOLLOWER to CANDIDATE at term 324 for changeToCandidate
2019-10-17 02:15:13,545 [Thread-3344] INFO  impl.RoleInfo (RoleInfo.java:updateAndGet(143)) - b32d7882-88db-4fe6-9cca-6a25122d474d: start LeaderElection
2019-10-17 02:15:13,555 [b32d7882-88db-4fe6-9cca-6a25122d474d@group-896385CD49EE-LeaderElection367] INFO  impl.LeaderElection (LeaderElection.java:askForVotes(178)) - b32d7882-88db-4fe6-9cca-6a25122d474d@group-896385CD49EE-LeaderElection367: begin an election at term 325 for -1: [b32d7882-88db-4fe6-9cca-6a25122d474d:192.168.157.194:42206, 3aea292b-16fb-4e9b-be90-828afa8e8047:192.168.157.194:34569, a6b2ebfb-69a0-457c-b6cd-a50cc148b564:192.168.157.194:37298], old=null
2019-10-17 02:15:13,556 [grpc-default-executor-4] INFO  impl.RaftServerImpl (RaftServerImpl.java:setRole(184)) - a6b2ebfb-69a0-457c-b6cd-a50cc148b564@group-896385CD49EE: changes role from  FOLLOWER to FOLLOWER at term 325 for recognizeCandidate:b32d7882-88db-4fe6-9cca-6a25122d474d
2019-10-17 02:15:13,556 [grpc-default-executor-1] INFO  impl.RaftServerImpl (RaftServerImpl.java:setRole(184)) - 3aea292b-16fb-4e9b-be90-828afa8e8047@group-896385CD49EE: changes role from  FOLLOWER to FOLLOWER at term 325 for recognizeCandidate:b32d7882-88db-4fe6-9cca-6a25122d474d
2019-10-17 02:15:13,556 [grpc-default-executor-1] INFO  impl.RoleInfo (RoleInfo.java:shutdownFollowerState(121)) - 3aea292b-16fb-4e9b-be90-828afa8e8047: shutdown FollowerState
2019-10-17 02:15:13,556 [grpc-default-executor-4] INFO  impl.RoleInfo (RoleInfo.java:shutdownFollowerState(121)) - a6b2ebfb-69a0-457c-b6cd-a50cc148b564: shutdown FollowerState
2019-10-17 02:15:13,557 [Thread-3342] INFO  impl.FollowerState (FollowerState.java:run(117)) - 3aea292b-16fb-4e9b-be90-828afa8e8047@group-896385CD49EE-FollowerState was interrupted: java.lang.InterruptedException: sleep interrupted
2019-10-17 02:15:13,557 [grpc-default-executor-1] INFO  impl.RoleInfo (RoleInfo.java:updateAndGet(143)) - 3aea292b-16fb-4e9b-be90-828afa8e8047: start FollowerState
2019-10-17 02:15:13,557 [Thread-3343] INFO  impl.FollowerState (FollowerState.java:run(117)) - a6b2ebfb-69a0-457c-b6cd-a50cc148b564@group-896385CD49EE-FollowerState was interrupted: java.lang.InterruptedException: sleep interrupted
2019-10-17 02:15:13,557 [grpc-default-executor-4] INFO  impl.RoleInfo (RoleInfo.java:updateAndGet(143)) - a6b2ebfb-69a0-457c-b6cd-a50cc148b564: start FollowerState
2019-10-17 02:15:13,570 [b32d7882-88db-4fe6-9cca-6a25122d474d@group-896385CD49EE-LeaderElection367] INFO  impl.LeaderElection (LeaderElection.java:logAndReturn(56)) - b32d7882-88db-4fe6-9cca-6a25122d474d@group-896385CD49EE-LeaderElection367: Election REJECTED; received 2 response(s) [b32d7882-88db-4fe6-9cca-6a25122d474d<-3aea292b-16fb-4e9b-be90-828afa8e8047#0:FAIL-t325, b32d7882-88db-4fe6-9cca-6a25122d474d<-a6b2ebfb-69a0-457c-b6cd-a50cc148b564#0:FAIL-t325] and 0 exception(s); b32d7882-88db-4fe6-9cca-6a25122d474d@group-896385CD49EE:t325, leader=null, voted=b32d7882-88db-4fe6-9cca-6a25122d474d, raftlog=b32d7882-88db-4fe6-9cca-6a25122d474d@group-896385CD49EE-SegmentedRaftLog:OPENED:c-1,f-1,i0, conf=-1: [b32d7882-88db-4fe6-9cca-6a25122d474d:192.168.157.194:42206, 3aea292b-16fb-4e9b-be90-828afa8e8047:192.168.157.194:34569, a6b2ebfb-69a0-457c-b6cd-a50cc148b564:192.168.157.194:37298], old=null
2019-10-17 02:15:13,571 [b32d7882-88db-4fe6-9cca-6a25122d474d@group-896385CD49EE-LeaderElection367] INFO  impl.RaftServerImpl (RaftServerImpl.java:setRole(184)) - b32d7882-88db-4fe6-9cca-6a25122d474d@group-896385CD49EE: changes role from CANDIDATE to FOLLOWER at term 325 for DISCOVERED_A_NEW_TERM
2019-10-17 02:15:13,571 [b32d7882-88db-4fe6-9cca-6a25122d474d@group-896385CD49EE-LeaderElection367] INFO  impl.RoleInfo (RoleInfo.java:shutdownLeaderElection(134)) - b32d7882-88db-4fe6-9cca-6a25122d474d: shutdown LeaderElection
2019-10-17 02:15:13,571 [b32d7882-88db-4fe6-9cca-6a25122d474d@group-896385CD49EE-LeaderElection367] INFO  impl.RoleInfo (RoleInfo.java:updateAndGet(143)) - b32d7882-88db-4fe6-9cca-6a25122d474d: start FollowerState
2019-10-17 02:15:13,611 [Thread-3350] INFO  impl.FollowerState (FollowerState.java:run(108)) - b32d7882-88db-4fe6-9cca-6a25122d474d@group-896385CD49EE-FollowerState: change to CANDIDATE, lastRpcTime:40ms, electionTimeout:40ms
2019-10-17 02:15:13,611 [Thread-3350] INFO  impl.RoleInfo (RoleInfo.java:shutdownFollowerState(121)) - b32d7882-88db-4fe6-9cca-6a25122d474d: shutdown FollowerState
2019-10-17 02:15:13,611 [Thread-3350] INFO  impl.RaftServerImpl (RaftServerImpl.java:setRole(184)) - b32d7882-88db-4fe6-9cca-6a25122d474d@group-896385CD49EE: changes role from  FOLLOWER to CANDIDATE at term 325 for changeToCandidate
2019-10-17 02:15:13,611 [Thread-3350] INFO  impl.RoleInfo (RoleInfo.java:updateAndGet(143)) - b32d7882-88db-4fe6-9cca-6a25122d474d: start LeaderElection
2019-10-17 02:15:13,625 [b32d7882-88db-4fe6-9cca-6a25122d474d@group-896385CD49EE-LeaderElection368] INFO  impl.LeaderElection (LeaderElection.java:askForVotes(178)) - b32d7882-88db-4fe6-9cca-6a25122d474d@group-896385CD49EE-LeaderElection368: begin an election at term 326 for -1: [b32d7882-88db-4fe6-9cca-6a25122d474d:192.168.157.194:42206, 3aea292b-16fb-4e9b-be90-828afa8e8047:192.168.157.194:34569, a6b2ebfb-69a0-457c-b6cd-a50cc148b564:192.168.157.194:37298], old=null
2019-10-17 02:15:13,626 [grpc-default-executor-4] INFO  impl.RaftServerImpl (RaftServerImpl.java:setRole(184)) - 3aea292b-16fb-4e9b-be90-828afa8e8047@group-896385CD49EE: changes role from  FOLLOWER to FOLLOWER at term 326 for recognizeCandidate:b32d7882-88db-4fe6-9cca-6a25122d474d
2019-10-17 02:15:13,626 [grpc-default-executor-4] INFO  impl.RoleInfo (RoleInfo.java:shutdownFollowerState(121)) - 3aea292b-16fb-4e9b-be90-828afa8e8047: shutdown FollowerState
2019-10-17 02:15:13,626 [grpc-default-executor-1] INFO  impl.RaftServerImpl (RaftServerImpl.java:setRole(184)) - a6b2ebfb-69a0-457c-b6cd-a50cc148b564@group-896385CD49EE: changes role from  FOLLOWER to FOLLOWER at term 326 for recognizeCandidate:b32d7882-88db-4fe6-9cca-6a25122d474d
2019-10-17 02:15:13,626 [Thread-3348] INFO  impl.FollowerState (FollowerState.java:run(117)) - 3aea292b-16fb-4e9b-be90-828afa8e8047@group-896385CD49EE-FollowerState was interrupted: java.lang.InterruptedException: sleep interrupted
2019-10-17 02:15:13,626 [grpc-default-executor-4] INFO  impl.RoleInfo (RoleInfo.java:updateAndGet(143)) - 3aea292b-16fb-4e9b-be90-828afa8e8047: start FollowerState
2019-10-17 02:15:13,626 [grpc-default-executor-1] INFO  impl.RoleInfo (RoleInfo.java:shutdownFollowerState(121)) - a6b2ebfb-69a0-457c-b6cd-a50cc148b564: shutdown FollowerState
2019-10-17 02:15:13,627 [grpc-default-executor-1] INFO  impl.RoleInfo (RoleInfo.java:updateAndGet(143)) - a6b2ebfb-69a0-457c-b6cd-a50cc148b564: start FollowerState
2019-10-17 02:15:13,627 [Thread-3349] INFO  impl.FollowerState (FollowerState.java:run(117)) - a6b2ebfb-69a0-457c-b6cd-a50cc148b564@group-896385CD49EE-FollowerState was interrupted: java.lang.InterruptedException: sleep interrupted
2019-10-17 02:15:13,640 [b32d7882-88db-4fe6-9cca-6a25122d474d@group-896385CD49EE-LeaderElection368] INFO  impl.LeaderElection (LeaderElection.java:logAndReturn(56)) - b32d7882-88db-4fe6-9cca-6a25122d474d@group-896385CD49EE-LeaderElection368: Election REJECTED; received 2 response(s) [b32d7882-88db-4fe6-9cca-6a25122d474d<-3aea292b-16fb-4e9b-be90-828afa8e8047#0:FAIL-t326, b32d7882-88db-4fe6-9cca-6a25122d474d<-a6b2ebfb-69a0-457c-b6cd-a50cc148b564#0:FAIL-t326] and 0 exception(s); b32d7882-88db-4fe6-9cca-6a25122d474d@group-896385CD49EE:t326, leader=null, voted=b32d7882-88db-4fe6-9cca-6a25122d474d, raftlog=b32d7882-88db-4fe6-9cca-6a25122d474d@group-896385CD49EE-SegmentedRaftLog:OPENED:c-1,f-1,i0, conf=-1: [b32d7882-88db-4fe6-9cca-6a25122d474d:192.168.157.194:42206, 3aea292b-16fb-4e9b-be90-828afa8e8047:192.168.157.194:34569, a6b2ebfb-69a0-457c-b6cd-a50cc148b564:192.168.157.194:37298], old=null
2019-10-17 02:15:13,640 [b32d7882-88db-4fe6-9cca-6a25122d474d@group-896385CD49EE-LeaderElection368] INFO  impl.RaftServerImpl (RaftServerImpl.java:setRole(184)) - b32d7882-88db-4fe6-9cca-6a25122d474d@group-896385CD49EE: changes role from CANDIDATE to FOLLOWER at term 326 for DISCOVERED_A_NEW_TERM
2019-10-17 02:15:13,640 [b32d7882-88db-4fe6-9cca-6a25122d474d@group-896385CD49EE-LeaderElection368] INFO  impl.RoleInfo (RoleInfo.java:shutdownLeaderElection(134)) - b32d7882-88db-4fe6-9cca-6a25122d474d: shutdown LeaderElection
2019-10-17 02:15:13,641 [b32d7882-88db-4fe6-9cca-6a25122d474d@group-896385CD49EE-LeaderElection368] INFO  impl.RoleInfo (RoleInfo.java:updateAndGet(143)) - b32d7882-88db-4fe6-9cca-6a25122d474d: start FollowerState
2019-10-17 02:15:13,669 [Thread-3356] INFO  impl.FollowerState (FollowerState.java:run(108)) - b32d7882-88db-4fe6-9cca-6a25122d474d@group-896385CD49EE-FollowerState: change to CANDIDATE, lastRpcTime:28ms, electionTimeout:28ms
2019-10-17 02:15:13,669 [Thread-3356] INFO  impl.RoleInfo (RoleInfo.java:shutdownFollowerState(121)) - b32d7882-88db-4fe6-9cca-6a25122d474d: shutdown FollowerState
2019-10-17 02:15:13,669 [Thread-3356] INFO  impl.RaftServerImpl (RaftServerImpl.java:setRole(184)) - b32d7882-88db-4fe6-9cca-6a25122d474d@group-896385CD49EE: changes role from  FOLLOWER to CANDIDATE at term 326 for changeToCandidate
2019-10-17 02:15:13,669 [Thread-3356] INFO  impl.RoleInfo (RoleInfo.java:updateAndGet(143)) - b32d7882-88db-4fe6-9cca-6a25122d474d: start LeaderElection
2019-10-17 02:15:13,682 [b32d7882-88db-4fe6-9cca-6a25122d474d@group-896385CD49EE-LeaderElection369] INFO  impl.LeaderElection (LeaderElection.java:askForVotes(178)) - b32d7882-88db-4fe6-9cca-6a25122d474d@group-896385CD49EE-LeaderElection369: begin an election at term 327 for -1: [b32d7882-88db-4fe6-9cca-6a25122d474d:192.168.157.194:42206, 3aea292b-16fb-4e9b-be90-828afa8e8047:192.168.157.194:34569, a6b2ebfb-69a0-457c-b6cd-a50cc148b564:192.168.157.194:37298], old=null
2019-10-17 02:15:13,683 [grpc-default-executor-4] INFO  impl.RaftServerImpl (RaftServerImpl.java:setRole(184)) - 3aea292b-16fb-4e9b-be90-828afa8e8047@group-896385CD49EE: changes role from  FOLLOWER to FOLLOWER at term 327 for recognizeCandidate:b32d7882-88db-4fe6-9cca-6a25122d474d
2019-10-17 02:15:13,683 [grpc-default-executor-4] INFO  impl.RoleInfo (RoleInfo.java:shutdownFollowerState(121)) - 3aea292b-16fb-4e9b-be90-828afa8e8047: shutdown FollowerState
2019-10-17 02:15:13,684 [grpc-default-executor-4] INFO  impl.RoleInfo (RoleInfo.java:updateAndGet(143)) - 3aea292b-16fb-4e9b-be90-828afa8e8047: start FollowerState
2019-10-17 02:15:13,684 [Thread-3354] INFO  impl.FollowerState (FollowerState.java:run(117)) - 3aea292b-16fb-4e9b-be90-828afa8e8047@group-896385CD49EE-FollowerState was interrupted: java.lang.InterruptedException: sleep interrupted
2019-10-17 02:15:13,684 [grpc-default-executor-1] INFO  impl.RaftServerImpl (RaftServerImpl.java:setRole(184)) - a6b2ebfb-69a0-457c-b6cd-a50cc148b564@group-896385CD49EE: changes role from  FOLLOWER to FOLLOWER at term 327 for recognizeCandidate:b32d7882-88db-4fe6-9cca-6a25122d474d
2019-10-17 02:15:13,684 [grpc-default-executor-1] INFO  impl.RoleInfo (RoleInfo.java:shutdownFollowerState(121)) - a6b2ebfb-69a0-457c-b6cd-a50cc148b564: shutdown FollowerState
2019-10-17 02:15:13,684 [grpc-default-executor-1] INFO  impl.RoleInfo (RoleInfo.java:updateAndGet(143)) - a6b2ebfb-69a0-457c-b6cd-a50cc148b564: start FollowerState
2019-10-17 02:15:13,684 [Thread-3355] INFO  impl.FollowerState (FollowerState.java:run(117)) - a6b2ebfb-69a0-457c-b6cd-a50cc148b564@group-896385CD49EE-FollowerState was interrupted: java.lang.InterruptedException: sleep interrupted
2019-10-17 02:15:13,697 [b32d7882-88db-4fe6-9cca-6a25122d474d@group-896385CD49EE-LeaderElection369] INFO  impl.LeaderElection (LeaderElection.java:logAndReturn(56)) - b32d7882-88db-4fe6-9cca-6a25122d474d@group-896385CD49EE-LeaderElection369: Election REJECTED; received 2 response(s) [b32d7882-88db-4fe6-9cca-6a25122d474d<-3aea292b-16fb-4e9b-be90-828afa8e8047#0:FAIL-t327, b32d7882-88db-4fe6-9cca-6a25122d474d<-a6b2ebfb-69a0-457c-b6cd-a50cc148b564#0:FAIL-t327] and 0 exception(s); b32d7882-88db-4fe6-9cca-6a25122d474d@group-896385CD49EE:t327, leader=null, voted=b32d7882-88db-4fe6-9cca-6a25122d474d, raftlog=b32d7882-88db-4fe6-9cca-6a25122d474d@group-896385CD49EE-SegmentedRaftLog:OPENED:c-1,f-1,i0, conf=-1: [b32d7882-88db-4fe6-9cca-6a25122d474d:192.168.157.194:42206, 3aea292b-16fb-4e9b-be90-828afa8e8047:192.168.157.194:34569, a6b2ebfb-69a0-457c-b6cd-a50cc148b564:192.168.157.194:37298], old=null
2019-10-17 02:15:13,697 [b32d7882-88db-4fe6-9cca-6a25122d474d@group-896385CD49EE-LeaderElection369] INFO  impl.RaftServerImpl (RaftServerImpl.java:setRole(184)) - b32d7882-88db-4fe6-9cca-6a25122d474d@group-896385CD49EE: changes role from CANDIDATE to FOLLOWER at term 327 for DISCOVERED_A_NEW_TERM
2019-10-17 02:15:13,698 [b32d7882-88db-4fe6-9cca-6a25122d474d@group-896385CD49EE-LeaderElection369] INFO  impl.RoleInfo (RoleInfo.java:shutdownLeaderElection(134)) - b32d7882-88db-4fe6-9cca-6a25122d474d: shutdown LeaderElection
2019-10-17 02:15:13,698 [b32d7882-88db-4fe6-9cca-6a25122d474d@group-896385CD49EE-LeaderElection369] INFO  impl.RoleInfo (RoleInfo.java:updateAndGet(143)) - b32d7882-88db-4fe6-9cca-6a25122d474d: start FollowerState
2019-10-17 02:15:13,785 [Thread-3362] INFO  impl.FollowerState (FollowerState.java:run(108)) - b32d7882-88db-4fe6-9cca-6a25122d474d@group-896385CD49EE-FollowerState: change to CANDIDATE, lastRpcTime:87ms, electionTimeout:87ms
2019-10-17 02:15:13,785 [Thread-3362] INFO  impl.RoleInfo (RoleInfo.java:shutdownFollowerState(121)) - b32d7882-88db-4fe6-9cca-6a25122d474d: shutdown FollowerState
2019-10-17 02:15:13,785 [Thread-3362] INFO  impl.RaftServerImpl (RaftServerImpl.java:setRole(184)) - b32d7882-88db-4fe6-9cca-6a25122d474d@group-896385CD49EE: changes role from  FOLLOWER to CANDIDATE at term 327 for changeToCandidate
2019-10-17 02:15:13,786 [Thread-3362] INFO  impl.RoleInfo (RoleInfo.java:updateAndGet(143)) - b32d7882-88db-4fe6-9cca-6a25122d474d: start LeaderElection
2019-10-17 02:15:13,800 [b32d7882-88db-4fe6-9cca-6a25122d474d@group-896385CD49EE-LeaderElection370] INFO  impl.LeaderElection (LeaderElection.java:askForVotes(178)) - b32d7882-88db-4fe6-9cca-6a25122d474d@group-896385CD49EE-LeaderElection370: begin an election at term 328 for -1: [b32d7882-88db-4fe6-9cca-6a25122d474d:192.168.157.194:42206, 3aea292b-16fb-4e9b-be90-828afa8e8047:192.168.157.194:34569, a6b2ebfb-69a0-457c-b6cd-a50cc148b564:192.168.157.194:37298], old=null
2019-10-17 02:15:13,801 [grpc-default-executor-1] INFO  impl.RaftServerImpl (RaftServerImpl.java:setRole(184)) - 3aea292b-16fb-4e9b-be90-828afa8e8047@group-896385CD49EE: changes role from  FOLLOWER to FOLLOWER at term 328 for recognizeCandidate:b32d7882-88db-4fe6-9cca-6a25122d474d
2019-10-17 02:15:13,801 [grpc-default-executor-4] INFO  impl.RaftServerImpl (RaftServerImpl.java:setRole(184)) - a6b2ebfb-69a0-457c-b6cd-a50cc148b564@group-896385CD49EE: changes role from  FOLLOWER to FOLLOWER at term 328 for recognizeCandidate:b32d7882-88db-4fe6-9cca-6a25122d474d
2019-10-17 02:15:13,801 [grpc-default-executor-4] INFO  impl.RoleInfo (RoleInfo.java:shutdownFollowerState(121)) - a6b2ebfb-69a0-457c-b6cd-a50cc148b564: shutdown FollowerState
2019-10-17 02:15:13,801 [grpc-default-executor-1] INFO  impl.RoleInfo (RoleInfo.java:shutdownFollowerState(121)) - 3aea292b-16fb-4e9b-be90-828afa8e8047: shutdown FollowerState
2019-10-17 02:15:13,802 [Thread-3361] INFO  impl.FollowerState (FollowerState.java:run(117)) - a6b2ebfb-69a0-457c-b6cd-a50cc148b564@group-896385CD49EE-FollowerState was interrupted: java.lang.InterruptedException: sleep interrupted
2019-10-17 02:15:13,802 [grpc-default-executor-4] INFO  impl.RoleInfo (RoleInfo.java:updateAndGet(143)) - a6b2ebfb-69a0-457c-b6cd-a50cc148b564: start FollowerState
2019-10-17 02:15:13,802 [Thread-3360] INFO  impl.FollowerState (FollowerState.java:run(117)) - 3aea292b-16fb-4e9b-be90-828afa8e8047@group-896385CD49EE-FollowerState was interrupted: java.lang.InterruptedException: sleep interrupted
2019-10-17 02:15:13,802 [grpc-default-executor-1] INFO  impl.RoleInfo (RoleInfo.java:updateAndGet(143)) - 3aea292b-16fb-4e9b-be90-828afa8e8047: start FollowerState
2019-10-17 02:15:13,815 [b32d7882-88db-4fe6-9cca-6a25122d474d@group-896385CD49EE-LeaderElection370] INFO  impl.LeaderElection (LeaderElection.java:logAndReturn(56)) - b32d7882-88db-4fe6-9cca-6a25122d474d@group-896385CD49EE-LeaderElection370: Election REJECTED; received 2 response(s) [b32d7882-88db-4fe6-9cca-6a25122d474d<-3aea292b-16fb-4e9b-be90-828afa8e8047#0:FAIL-t328, b32d7882-88db-4fe6-9cca-6a25122d474d<-a6b2ebfb-69a0-457c-b6cd-a50cc148b564#0:FAIL-t328] and 0 exception(s); b32d7882-88db-4fe6-9cca-6a25122d474d@group-896385CD49EE:t328, leader=null, voted=b32d7882-88db-4fe6-9cca-6a25122d474d, raftlog=b32d7882-88db-4fe6-9cca-6a25122d474d@group-896385CD49EE-SegmentedRaftLog:OPENED:c-1,f-1,i0, conf=-1: [b32d7882-88db-4fe6-9cca-6a25122d474d:192.168.157.194:42206, 3aea292b-16fb-4e9b-be90-828afa8e8047:192.168.157.194:34569, a6b2ebfb-69a0-457c-b6cd-a50cc148b564:192.168.157.194:37298], old=null
2019-10-17 02:15:13,816 [b32d7882-88db-4fe6-9cca-6a25122d474d@group-896385CD49EE-LeaderElection370] INFO  impl.RaftServerImpl (RaftServerImpl.java:setRole(184)) - b32d7882-88db-4fe6-9cca-6a25122d474d@group-896385CD49EE: changes role from CANDIDATE to FOLLOWER at term 328 for DISCOVERED_A_NEW_TERM
2019-10-17 02:15:13,816 [b32d7882-88db-4fe6-9cca-6a25122d474d@group-896385CD49EE-LeaderElection370] INFO  impl.RoleInfo (RoleInfo.java:shutdownLeaderElection(134)) - b32d7882-88db-4fe6-9cca-6a25122d474d: shutdown LeaderElection
2019-10-17 02:15:13,816 [b32d7882-88db-4fe6-9cca-6a25122d474d@group-896385CD49EE-LeaderElection370] INFO  impl.RoleInfo (RoleInfo.java:updateAndGet(143)) - b32d7882-88db-4fe6-9cca-6a25122d474d: start FollowerState
2019-10-17 02:15:13,936 [Thread-3368] INFO  impl.FollowerState (FollowerState.java:run(108)) - b32d7882-88db-4fe6-9cca-6a25122d474d@group-896385CD49EE-FollowerState: change to CANDIDATE, lastRpcTime:120ms, electionTimeout:120ms
2019-10-17 02:15:13,936 [Thread-3368] INFO  impl.RoleInfo (RoleInfo.java:shutdownFollowerState(121)) - b32d7882-88db-4fe6-9cca-6a25122d474d: shutdown FollowerState
2019-10-17 02:15:13,936 [Thread-3368] INFO  impl.RaftServerImpl (RaftServerImpl.java:setRole(184)) - b32d7882-88db-4fe6-9cca-6a25122d474d@group-896385CD49EE: changes role from  FOLLOWER to CANDIDATE at term 328 for changeToCandidate
2019-10-17 02:15:13,937 [Thread-3368] INFO  impl.RoleInfo (RoleInfo.java:updateAndGet(143)) - b32d7882-88db-4fe6-9cca-6a25122d474d: start LeaderElection
2019-10-17 02:15:13,945 [b32d7882-88db-4fe6-9cca-6a25122d474d@group-896385CD49EE-LeaderElection371] INFO  impl.LeaderElection (LeaderElection.java:askForVotes(178)) - b32d7882-88db-4fe6-9cca-6a25122d474d@group-896385CD49EE-LeaderElection371: begin an election at term 329 for -1: [b32d7882-88db-4fe6-9cca-6a25122d474d:192.168.157.194:42206, 3aea292b-16fb-4e9b-be90-828afa8e8047:192.168.157.194:34569, a6b2ebfb-69a0-457c-b6cd-a50cc148b564:192.168.157.194:37298], old=null
2019-10-17 02:15:13,947 [grpc-default-executor-1] INFO  impl.RaftServerImpl (RaftServerImpl.java:setRole(184)) - a6b2ebfb-69a0-457c-b6cd-a50cc148b564@group-896385CD49EE: changes role from  FOLLOWER to FOLLOWER at term 329 for recognizeCandidate:b32d7882-88db-4fe6-9cca-6a25122d474d
2019-10-17 02:15:13,947 [grpc-default-executor-4] INFO  impl.RaftServerImpl (RaftServerImpl.java:setRole(184)) - 3aea292b-16fb-4e9b-be90-828afa8e8047@group-896385CD49EE: changes role from  FOLLOWER to FOLLOWER at term 329 for recognizeCandidate:b32d7882-88db-4fe6-9cca-6a25122d474d
2019-10-17 02:15:13,947 [grpc-default-executor-1] INFO  impl.RoleInfo (RoleInfo.java:shutdownFollowerState(121)) - a6b2ebfb-69a0-457c-b6cd-a50cc148b564: shutdown FollowerState
2019-10-17 02:15:13,947 [grpc-default-executor-4] INFO  impl.RoleInfo (RoleInfo.java:shutdownFollowerState(121)) - 3aea292b-16fb-4e9b-be90-828afa8e8047: shutdown FollowerState
2019-10-17 02:15:13,947 [Thread-3366] INFO  impl.FollowerState (FollowerState.java:run(117)) - a6b2ebfb-69a0-457c-b6cd-a50cc148b564@group-896385CD49EE-FollowerState was interrupted: java.lang.InterruptedException: sleep interrupted
2019-10-17 02:15:13,947 [Thread-3367] INFO  impl.FollowerState (FollowerState.java:run(117)) - 3aea292b-16fb-4e9b-be90-828afa8e8047@group-896385CD49EE-FollowerState was interrupted: java.lang.InterruptedException: sleep interrupted
2019-10-17 02:15:13,947 [grpc-default-executor-1] INFO  impl.RoleInfo (RoleInfo.java:updateAndGet(143)) - a6b2ebfb-69a0-457c-b6cd-a50cc148b564: start FollowerState
2019-10-17 02:15:13,947 [grpc-default-executor-4] INFO  impl.RoleInfo (RoleInfo.java:updateAndGet(143)) - 3aea292b-16fb-4e9b-be90-828afa8e8047: start FollowerState
2019-10-17 02:15:13,970 [b32d7882-88db-4fe6-9cca-6a25122d474d@group-896385CD49EE-LeaderElection371] INFO  impl.LeaderElection (LeaderElection.java:logAndReturn(56)) - b32d7882-88db-4fe6-9cca-6a25122d474d@group-896385CD49EE-LeaderElection371: Election REJECTED; received 2 response(s) [b32d7882-88db-4fe6-9cca-6a25122d474d<-3aea292b-16fb-4e9b-be90-828afa8e8047#0:FAIL-t329, b32d7882-88db-4fe6-9cca-6a25122d474d<-a6b2ebfb-69a0-457c-b6cd-a50cc148b564#0:FAIL-t329] and 0 exception(s); b32d7882-88db-4fe6-9cca-6a25122d474d@group-896385CD49EE:t329, leader=null, voted=b32d7882-88db-4fe6-9cca-6a25122d474d, raftlog=b32d7882-88db-4fe6-9cca-6a25122d474d@group-896385CD49EE-SegmentedRaftLog:OPENED:c-1,f-1,i0, conf=-1: [b32d7882-88db-4fe6-9cca-6a25122d474d:192.168.157.194:42206, 3aea292b-16fb-4e9b-be90-828afa8e8047:192.168.157.194:34569, a6b2ebfb-69a0-457c-b6cd-a50cc148b564:192.168.157.194:37298], old=null
2019-10-17 02:15:13,970 [b32d7882-88db-4fe6-9cca-6a25122d474d@group-896385CD49EE-LeaderElection371] INFO  impl.RaftServerImpl (RaftServerImpl.java:setRole(184)) - b32d7882-88db-4fe6-9cca-6a25122d474d@group-896385CD49EE: changes role from CANDIDATE to FOLLOWER at term 329 for DISCOVERED_A_NEW_TERM
2019-10-17 02:15:13,971 [b32d7882-88db-4fe6-9cca-6a25122d474d@group-896385CD49EE-LeaderElection371] INFO  impl.RoleInfo (RoleInfo.java:shutdownLeaderElection(134)) - b32d7882-88db-4fe6-9cca-6a25122d474d: shutdown LeaderElection
2019-10-17 02:15:13,971 [b32d7882-88db-4fe6-9cca-6a25122d474d@group-896385CD49EE-LeaderElection371] INFO  impl.RoleInfo (RoleInfo.java:updateAndGet(143)) - b32d7882-88db-4fe6-9cca-6a25122d474d: start FollowerState
2019-10-17 02:15:14,006 [Thread-3374] INFO  impl.FollowerState (FollowerState.java:run(108)) - b32d7882-88db-4fe6-9cca-6a25122d474d@group-896385CD49EE-FollowerState: change to CANDIDATE, lastRpcTime:35ms, electionTimeout:35ms
2019-10-17 02:15:14,006 [Thread-3374] INFO  impl.RoleInfo (RoleInfo.java:shutdownFollowerState(121)) - b32d7882-88db-4fe6-9cca-6a25122d474d: shutdown FollowerState
2019-10-17 02:15:14,006 [Thread-3374] INFO  impl.RaftServerImpl (RaftServerImpl.java:setRole(184)) - b32d7882-88db-4fe6-9cca-6a25122d474d@group-896385CD49EE: changes role from  FOLLOWER to CANDIDATE at term 329 for changeToCandidate
2019-10-17 02:15:14,006 [Thread-3374] INFO  impl.RoleInfo (RoleInfo.java:updateAndGet(143)) - b32d7882-88db-4fe6-9cca-6a25122d474d: start LeaderElection
2019-10-17 02:15:14,020 [b32d7882-88db-4fe6-9cca-6a25122d474d@group-896385CD49EE-LeaderElection372] INFO  impl.LeaderElection (LeaderElection.java:askForVotes(178)) - b32d7882-88db-4fe6-9cca-6a25122d474d@group-896385CD49EE-LeaderElection372: begin an election at term 330 for -1: [b32d7882-88db-4fe6-9cca-6a25122d474d:192.168.157.194:42206, 3aea292b-16fb-4e9b-be90-828afa8e8047:192.168.157.194:34569, a6b2ebfb-69a0-457c-b6cd-a50cc148b564:192.168.157.194:37298], old=null
2019-10-17 02:15:14,021 [grpc-default-executor-4] INFO  impl.RaftServerImpl (RaftServerImpl.java:setRole(184)) - 3aea292b-16fb-4e9b-be90-828afa8e8047@group-896385CD49EE: changes role from  FOLLOWER to FOLLOWER at term 330 for recognizeCandidate:b32d7882-88db-4fe6-9cca-6a25122d474d
2019-10-17 02:15:14,021 [grpc-default-executor-4] INFO  impl.RoleInfo (RoleInfo.java:shutdownFollowerState(121)) - 3aea292b-16fb-4e9b-be90-828afa8e8047: shutdown FollowerState
2019-10-17 02:15:14,021 [grpc-default-executor-4] INFO  impl.RoleInfo (RoleInfo.java:updateAndGet(143)) - 3aea292b-16fb-4e9b-be90-828afa8e8047: start FollowerState
2019-10-17 02:15:14,021 [Thread-3373] INFO  impl.FollowerState (FollowerState.java:run(117)) - 3aea292b-16fb-4e9b-be90-828afa8e8047@group-896385CD49EE-FollowerState was interrupted: java.lang.InterruptedException: sleep interrupted
2019-10-17 02:15:14,022 [grpc-default-executor-1] INFO  impl.RaftServerImpl (RaftServerImpl.java:setRole(184)) - a6b2ebfb-69a0-457c-b6cd-a50cc148b564@group-896385CD49EE: changes role from  FOLLOWER to FOLLOWER at term 330 for recognizeCandidate:b32d7882-88db-4fe6-9cca-6a25122d474d
2019-10-17 02:15:14,022 [grpc-default-executor-1] INFO  impl.RoleInfo (RoleInfo.java:shutdownFollowerState(121)) - a6b2ebfb-69a0-457c-b6cd-a50cc148b564: shutdown FollowerState
2019-10-17 02:15:14,022 [grpc-default-executor-1] INFO  impl.RoleInfo (RoleInfo.java:updateAndGet(143)) - a6b2ebfb-69a0-457c-b6cd-a50cc148b564: start FollowerState
2019-10-17 02:15:14,022 [Thread-3372] INFO  impl.FollowerState (FollowerState.java:run(117)) - a6b2ebfb-69a0-457c-b6cd-a50cc148b564@group-896385CD49EE-FollowerState was interrupted: java.lang.InterruptedException: sleep interrupted
2019-10-17 02:15:14,035 [b32d7882-88db-4fe6-9cca-6a25122d474d@group-896385CD49EE-LeaderElection372] INFO  impl.LeaderElection (LeaderElection.java:logAndReturn(56)) - b32d7882-88db-4fe6-9cca-6a25122d474d@group-896385CD49EE-LeaderElection372: Election REJECTED; received 2 response(s) [b32d7882-88db-4fe6-9cca-6a25122d474d<-3aea292b-16fb-4e9b-be90-828afa8e8047#0:FAIL-t330, b32d7882-88db-4fe6-9cca-6a25122d474d<-a6b2ebfb-69a0-457c-b6cd-a50cc148b564#0:FAIL-t330] and 0 exception(s); b32d7882-88db-4fe6-9cca-6a25122d474d@group-896385CD49EE:t330, leader=null, voted=b32d7882-88db-4fe6-9cca-6a25122d474d, raftlog=b32d7882-88db-4fe6-9cca-6a25122d474d@group-896385CD49EE-SegmentedRaftLog:OPENED:c-1,f-1,i0, conf=-1: [b32d7882-88db-4fe6-9cca-6a25122d474d:192.168.157.194:42206, 3aea292b-16fb-4e9b-be90-828afa8e8047:192.168.157.194:34569, a6b2ebfb-69a0-457c-b6cd-a50cc148b564:192.168.157.194:37298], old=null
2019-10-17 02:15:14,035 [b32d7882-88db-4fe6-9cca-6a25122d474d@group-896385CD49EE-LeaderElection372] INFO  impl.RaftServerImpl (RaftServerImpl.java:setRole(184)) - b32d7882-88db-4fe6-9cca-6a25122d474d@group-896385CD49EE: changes role from CANDIDATE to FOLLOWER at term 330 for DISCOVERED_A_NEW_TERM
2019-10-17 02:15:14,035 [b32d7882-88db-4fe6-9cca-6a25122d474d@group-896385CD49EE-LeaderElection372] INFO  impl.RoleInfo (RoleInfo.java:shutdownLeaderElection(134)) - b32d7882-88db-4fe6-9cca-6a25122d474d: shutdown LeaderElection
2019-10-17 02:15:14,035 [b32d7882-88db-4fe6-9cca-6a25122d474d@group-896385CD49EE-LeaderElection372] INFO  impl.RoleInfo (RoleInfo.java:updateAndGet(143)) - b32d7882-88db-4fe6-9cca-6a25122d474d: start FollowerState
2019-10-17 02:15:14,182 [main] INFO  ozone.MiniOzoneClusterImpl (MiniOzoneClusterImpl.java:lambda$waitForClusterToBeReady$2(164)) - Waiting for 1 number of pipelines out of 4, to report a leader.
2019-10-17 02:15:14,216 [Thread-3380] INFO  impl.FollowerState (FollowerState.java:run(108)) - b32d7882-88db-4fe6-9cca-6a25122d474d@group-896385CD49EE-FollowerState: change to CANDIDATE, lastRpcTime:180ms, electionTimeout:180ms
2019-10-17 02:15:14,216 [Thread-3380] INFO  impl.RoleInfo (RoleInfo.java:shutdownFollowerState(121)) - b32d7882-88db-4fe6-9cca-6a25122d474d: shutdown FollowerState
2019-10-17 02:15:14,216 [Thread-3380] INFO  impl.RaftServerImpl (RaftServerImpl.java:setRole(184)) - b32d7882-88db-4fe6-9cca-6a25122d474d@group-896385CD49EE: changes role from  FOLLOWER to CANDIDATE at term 330 for changeToCandidate
2019-10-17 02:15:14,216 [Thread-3380] INFO  impl.RoleInfo (RoleInfo.java:updateAndGet(143)) - b32d7882-88db-4fe6-9cca-6a25122d474d: start LeaderElection
2019-10-17 02:15:14,228 [b32d7882-88db-4fe6-9cca-6a25122d474d@group-896385CD49EE-LeaderElection373] INFO  impl.LeaderElection (LeaderElection.java:askForVotes(178)) - b32d7882-88db-4fe6-9cca-6a25122d474d@group-896385CD49EE-LeaderElection373: begin an election at term 331 for -1: [b32d7882-88db-4fe6-9cca-6a25122d474d:192.168.157.194:42206, 3aea292b-16fb-4e9b-be90-828afa8e8047:192.168.157.194:34569, a6b2ebfb-69a0-457c-b6cd-a50cc148b564:192.168.157.194:37298], old=null
2019-10-17 02:15:14,229 [grpc-default-executor-4] INFO  impl.RaftServerImpl (RaftServerImpl.java:setRole(184)) - 3aea292b-16fb-4e9b-be90-828afa8e8047@group-896385CD49EE: changes role from  FOLLOWER to FOLLOWER at term 331 for recognizeCandidate:b32d7882-88db-4fe6-9cca-6a25122d474d
2019-10-17 02:15:14,230 [grpc-default-executor-4] INFO  impl.RoleInfo (RoleInfo.java:shutdownFollowerState(121)) - 3aea292b-16fb-4e9b-be90-828afa8e8047: shutdown FollowerState
2019-10-17 02:15:14,230 [grpc-default-executor-4] INFO  impl.RoleInfo (RoleInfo.java:updateAndGet(143)) - 3aea292b-16fb-4e9b-be90-828afa8e8047: start FollowerState
2019-10-17 02:15:14,230 [Thread-3378] INFO  impl.FollowerState (FollowerState.java:run(117)) - 3aea292b-16fb-4e9b-be90-828afa8e8047@group-896385CD49EE-FollowerState was interrupted: java.lang.InterruptedException: sleep interrupted
2019-10-17 02:15:14,230 [grpc-default-executor-1] INFO  impl.RaftServerImpl (RaftServerImpl.java:setRole(184)) - a6b2ebfb-69a0-457c-b6cd-a50cc148b564@group-896385CD49EE: changes role from  FOLLOWER to FOLLOWER at term 331 for recognizeCandidate:b32d7882-88db-4fe6-9cca-6a25122d474d
2019-10-17 02:15:14,230 [grpc-default-executor-1] INFO  impl.RoleInfo (RoleInfo.java:shutdownFollowerState(121)) - a6b2ebfb-69a0-457c-b6cd-a50cc148b564: shutdown FollowerState
2019-10-17 02:15:14,230 [Thread-3379] INFO  impl.FollowerState (FollowerState.java:run(117)) - a6b2ebfb-69a0-457c-b6cd-a50cc148b564@group-896385CD49EE-FollowerState was interrupted: java.lang.InterruptedException: sleep interrupted
2019-10-17 02:15:14,230 [grpc-default-executor-1] INFO  impl.RoleInfo (RoleInfo.java:updateAndGet(143)) - a6b2ebfb-69a0-457c-b6cd-a50cc148b564: start FollowerState
2019-10-17 02:15:14,237 [b32d7882-88db-4fe6-9cca-6a25122d474d@group-896385CD49EE-LeaderElection373] INFO  impl.LeaderElection (LeaderElection.java:logAndReturn(56)) - b32d7882-88db-4fe6-9cca-6a25122d474d@group-896385CD49EE-LeaderElection373: Election TIMEOUT; received 0 response(s) [] and 0 exception(s); b32d7882-88db-4fe6-9cca-6a25122d474d@group-896385CD49EE:t331, leader=null, voted=b32d7882-88db-4fe6-9cca-6a25122d474d, raftlog=b32d7882-88db-4fe6-9cca-6a25122d474d@group-896385CD49EE-SegmentedRaftLog:OPENED:c-1,f-1,i0, conf=-1: [b32d7882-88db-4fe6-9cca-6a25122d474d:192.168.157.194:42206, 3aea292b-16fb-4e9b-be90-828afa8e8047:192.168.157.194:34569, a6b2ebfb-69a0-457c-b6cd-a50cc148b564:192.168.157.194:37298], old=null
2019-10-17 02:15:14,242 [b32d7882-88db-4fe6-9cca-6a25122d474d@group-896385CD49EE-LeaderElection373] INFO  impl.LeaderElection (LeaderElection.java:askForVotes(178)) - b32d7882-88db-4fe6-9cca-6a25122d474d@group-896385CD49EE-LeaderElection373: begin an election at term 332 for -1: [b32d7882-88db-4fe6-9cca-6a25122d474d:192.168.157.194:42206, 3aea292b-16fb-4e9b-be90-828afa8e8047:192.168.157.194:34569, a6b2ebfb-69a0-457c-b6cd-a50cc148b564:192.168.157.194:37298], old=null
2019-10-17 02:15:14,243 [grpc-default-executor-1] INFO  impl.RaftServerImpl (RaftServerImpl.java:setRole(184)) - 3aea292b-16fb-4e9b-be90-828afa8e8047@group-896385CD49EE: changes role from  FOLLOWER to FOLLOWER at term 332 for recognizeCandidate:b32d7882-88db-4fe6-9cca-6a25122d474d
2019-10-17 02:15:14,243 [grpc-default-executor-1] INFO  impl.RoleInfo (RoleInfo.java:shutdownFollowerState(121)) - 3aea292b-16fb-4e9b-be90-828afa8e8047: shutdown FollowerState
2019-10-17 02:15:14,244 [Thread-3384] INFO  impl.FollowerState (FollowerState.java:run(117)) - 3aea292b-16fb-4e9b-be90-828afa8e8047@group-896385CD49EE-FollowerState was interrupted: java.lang.InterruptedException: sleep interrupted
2019-10-17 02:15:14,244 [grpc-default-executor-1] INFO  impl.RoleInfo (RoleInfo.java:updateAndGet(143)) - 3aea292b-16fb-4e9b-be90-828afa8e8047: start FollowerState
2019-10-17 02:15:14,244 [grpc-default-executor-4] INFO  impl.RaftServerImpl (RaftServerImpl.java:setRole(184)) - a6b2ebfb-69a0-457c-b6cd-a50cc148b564@group-896385CD49EE: changes role from  FOLLOWER to FOLLOWER at term 332 for recognizeCandidate:b32d7882-88db-4fe6-9cca-6a25122d474d
2019-10-17 02:15:14,244 [grpc-default-executor-4] INFO  impl.RoleInfo (RoleInfo.java:shutdownFollowerState(121)) - a6b2ebfb-69a0-457c-b6cd-a50cc148b564: shutdown FollowerState
2019-10-17 02:15:14,244 [grpc-default-executor-4] INFO  impl.RoleInfo (RoleInfo.java:updateAndGet(143)) - a6b2ebfb-69a0-457c-b6cd-a50cc148b564: start FollowerState
2019-10-17 02:15:14,244 [Thread-3385] INFO  impl.FollowerState (FollowerState.java:run(117)) - a6b2ebfb-69a0-457c-b6cd-a50cc148b564@group-896385CD49EE-FollowerState was interrupted: java.lang.InterruptedException: sleep interrupted
2019-10-17 02:15:14,274 [b32d7882-88db-4fe6-9cca-6a25122d474d@group-896385CD49EE-LeaderElection373] INFO  impl.LeaderElection (LeaderElection.java:logAndReturn(56)) - b32d7882-88db-4fe6-9cca-6a25122d474d@group-896385CD49EE-LeaderElection373: Election REJECTED; received 2 response(s) [b32d7882-88db-4fe6-9cca-6a25122d474d<-3aea292b-16fb-4e9b-be90-828afa8e8047#0:FAIL-t332, b32d7882-88db-4fe6-9cca-6a25122d474d<-a6b2ebfb-69a0-457c-b6cd-a50cc148b564#0:FAIL-t332] and 0 exception(s); b32d7882-88db-4fe6-9cca-6a25122d474d@group-896385CD49EE:t332, leader=null, voted=b32d7882-88db-4fe6-9cca-6a25122d474d, raftlog=b32d7882-88db-4fe6-9cca-6a25122d474d@group-896385CD49EE-SegmentedRaftLog:OPENED:c-1,f-1,i0, conf=-1: [b32d7882-88db-4fe6-9cca-6a25122d474d:192.168.157.194:42206, 3aea292b-16fb-4e9b-be90-828afa8e8047:192.168.157.194:34569, a6b2ebfb-69a0-457c-b6cd-a50cc148b564:192.168.157.194:37298], old=null
2019-10-17 02:15:14,274 [b32d7882-88db-4fe6-9cca-6a25122d474d@group-896385CD49EE-LeaderElection373] INFO  impl.RaftServerImpl (RaftServerImpl.java:setRole(184)) - b32d7882-88db-4fe6-9cca-6a25122d474d@group-896385CD49EE: changes role from CANDIDATE to FOLLOWER at term 332 for DISCOVERED_A_NEW_TERM
2019-10-17 02:15:14,275 [b32d7882-88db-4fe6-9cca-6a25122d474d@group-896385CD49EE-LeaderElection373] INFO  impl.RoleInfo (RoleInfo.java:shutdownLeaderElection(134)) - b32d7882-88db-4fe6-9cca-6a25122d474d: shutdown LeaderElection
2019-10-17 02:15:14,275 [b32d7882-88db-4fe6-9cca-6a25122d474d@group-896385CD49EE-LeaderElection373] INFO  impl.RoleInfo (RoleInfo.java:updateAndGet(143)) - b32d7882-88db-4fe6-9cca-6a25122d474d: start FollowerState
2019-10-17 02:15:14,294 [Thread-3390] INFO  impl.FollowerState (FollowerState.java:run(108)) - b32d7882-88db-4fe6-9cca-6a25122d474d@group-896385CD49EE-FollowerState: change to CANDIDATE, lastRpcTime:19ms, electionTimeout:19ms
2019-10-17 02:15:14,294 [Thread-3390] INFO  impl.RoleInfo (RoleInfo.java:shutdownFollowerState(121)) - b32d7882-88db-4fe6-9cca-6a25122d474d: shutdown FollowerState
2019-10-17 02:15:14,294 [Thread-3390] INFO  impl.RaftServerImpl (RaftServerImpl.java:setRole(184)) - b32d7882-88db-4fe6-9cca-6a25122d474d@group-896385CD49EE: changes role from  FOLLOWER to CANDIDATE at term 332 for changeToCandidate
2019-10-17 02:15:14,294 [Thread-3390] INFO  impl.RoleInfo (RoleInfo.java:updateAndGet(143)) - b32d7882-88db-4fe6-9cca-6a25122d474d: start LeaderElection
2019-10-17 02:15:14,309 [b32d7882-88db-4fe6-9cca-6a25122d474d@group-896385CD49EE-LeaderElection374] INFO  impl.LeaderElection (LeaderElection.java:askForVotes(178)) - b32d7882-88db-4fe6-9cca-6a25122d474d@group-896385CD49EE-LeaderElection374: begin an election at term 333 for -1: [b32d7882-88db-4fe6-9cca-6a25122d474d:192.168.157.194:42206, 3aea292b-16fb-4e9b-be90-828afa8e8047:192.168.157.194:34569, a6b2ebfb-69a0-457c-b6cd-a50cc148b564:192.168.157.194:37298], old=null
2019-10-17 02:15:14,311 [grpc-default-executor-4] INFO  impl.RaftServerImpl (RaftServerImpl.java:setRole(184)) - 3aea292b-16fb-4e9b-be90-828afa8e8047@group-896385CD49EE: changes role from  FOLLOWER to FOLLOWER at term 333 for recognizeCandidate:b32d7882-88db-4fe6-9cca-6a25122d474d
2019-10-17 02:15:14,311 [grpc-default-executor-4] INFO  impl.RoleInfo (RoleInfo.java:shutdownFollowerState(121)) - 3aea292b-16fb-4e9b-be90-828afa8e8047: shutdown FollowerState
2019-10-17 02:15:14,311 [grpc-default-executor-1] INFO  impl.RaftServerImpl (RaftServerImpl.java:setRole(184)) - a6b2ebfb-69a0-457c-b6cd-a50cc148b564@group-896385CD49EE: changes role from  FOLLOWER to FOLLOWER at term 333 for recognizeCandidate:b32d7882-88db-4fe6-9cca-6a25122d474d
2019-10-17 02:15:14,311 [grpc-default-executor-1] INFO  impl.RoleInfo (RoleInfo.java:shutdownFollowerState(121)) - a6b2ebfb-69a0-457c-b6cd-a50cc148b564: shutdown FollowerState
2019-10-17 02:15:14,311 [grpc-default-executor-1] INFO  impl.RoleInfo (RoleInfo.java:updateAndGet(143)) - a6b2ebfb-69a0-457c-b6cd-a50cc148b564: start FollowerState
2019-10-17 02:15:14,311 [Thread-3388] INFO  impl.FollowerState (FollowerState.java:run(117)) - 3aea292b-16fb-4e9b-be90-828afa8e8047@group-896385CD49EE-FollowerState was interrupted: java.lang.InterruptedException: sleep interrupted
2019-10-17 02:15:14,311 [grpc-default-executor-4] INFO  impl.RoleInfo (RoleInfo.java:updateAndGet(143)) - 3aea292b-16fb-4e9b-be90-828afa8e8047: start FollowerState
2019-10-17 02:15:14,311 [Thread-3389] INFO  impl.FollowerState (FollowerState.java:run(117)) - a6b2ebfb-69a0-457c-b6cd-a50cc148b564@group-896385CD49EE-FollowerState was interrupted: java.lang.InterruptedException: sleep interrupted
2019-10-17 02:15:14,312 [b32d7882-88db-4fe6-9cca-6a25122d474d@group-896385CD49EE-LeaderElection374] INFO  impl.LeaderElection (LeaderElection.java:logAndReturn(56)) - b32d7882-88db-4fe6-9cca-6a25122d474d@group-896385CD49EE-LeaderElection374: Election TIMEOUT; received 0 response(s) [] and 0 exception(s); b32d7882-88db-4fe6-9cca-6a25122d474d@group-896385CD49EE:t333, leader=null, voted=b32d7882-88db-4fe6-9cca-6a25122d474d, raftlog=b32d7882-88db-4fe6-9cca-6a25122d474d@group-896385CD49EE-SegmentedRaftLog:OPENED:c-1,f-1,i0, conf=-1: [b32d7882-88db-4fe6-9cca-6a25122d474d:192.168.157.194:42206, 3aea292b-16fb-4e9b-be90-828afa8e8047:192.168.157.194:34569, a6b2ebfb-69a0-457c-b6cd-a50cc148b564:192.168.157.194:37298], old=null
2019-10-17 02:15:14,325 [b32d7882-88db-4fe6-9cca-6a25122d474d@group-896385CD49EE-LeaderElection374] INFO  impl.LeaderElection (LeaderElection.java:askForVotes(178)) - b32d7882-88db-4fe6-9cca-6a25122d474d@group-896385CD49EE-LeaderElection374: begin an election at term 334 for -1: [b32d7882-88db-4fe6-9cca-6a25122d474d:192.168.157.194:42206, 3aea292b-16fb-4e9b-be90-828afa8e8047:192.168.157.194:34569, a6b2ebfb-69a0-457c-b6cd-a50cc148b564:192.168.157.194:37298], old=null
2019-10-17 02:15:14,326 [grpc-default-executor-1] INFO  impl.RaftServerImpl (RaftServerImpl.java:setRole(184)) - 3aea292b-16fb-4e9b-be90-828afa8e8047@group-896385CD49EE: changes role from  FOLLOWER to FOLLOWER at term 334 for recognizeCandidate:b32d7882-88db-4fe6-9cca-6a25122d474d
2019-10-17 02:15:14,327 [grpc-default-executor-1] INFO  impl.RoleInfo (RoleInfo.java:shutdownFollowerState(121)) - 3aea292b-16fb-4e9b-be90-828afa8e8047: shutdown FollowerState
2019-10-17 02:15:14,327 [grpc-default-executor-1] INFO  impl.RoleInfo (RoleInfo.java:updateAndGet(143)) - 3aea292b-16fb-4e9b-be90-828afa8e8047: start FollowerState
2019-10-17 02:15:14,327 [Thread-3394] INFO  impl.FollowerState (FollowerState.java:run(117)) - 3aea292b-16fb-4e9b-be90-828afa8e8047@group-896385CD49EE-FollowerState was interrupted: java.lang.InterruptedException: sleep interrupted
2019-10-17 02:15:14,327 [grpc-default-executor-4] INFO  impl.RaftServerImpl (RaftServerImpl.java:setRole(184)) - a6b2ebfb-69a0-457c-b6cd-a50cc148b564@group-896385CD49EE: changes role from  FOLLOWER to FOLLOWER at term 334 for recognizeCandidate:b32d7882-88db-4fe6-9cca-6a25122d474d
2019-10-17 02:15:14,327 [grpc-default-executor-4] INFO  impl.RoleInfo (RoleInfo.java:shutdownFollowerState(121)) - a6b2ebfb-69a0-457c-b6cd-a50cc148b564: shutdown FollowerState
2019-10-17 02:15:14,327 [grpc-default-executor-4] INFO  impl.RoleInfo (RoleInfo.java:updateAndGet(143)) - a6b2ebfb-69a0-457c-b6cd-a50cc148b564: start FollowerState
2019-10-17 02:15:14,327 [Thread-3395] INFO  impl.FollowerState (FollowerState.java:run(117)) - a6b2ebfb-69a0-457c-b6cd-a50cc148b564@group-896385CD49EE-FollowerState was interrupted: java.lang.InterruptedException: sleep interrupted
2019-10-17 02:15:14,340 [b32d7882-88db-4fe6-9cca-6a25122d474d@group-896385CD49EE-LeaderElection374] INFO  impl.LeaderElection (LeaderElection.java:logAndReturn(56)) - b32d7882-88db-4fe6-9cca-6a25122d474d@group-896385CD49EE-LeaderElection374: Election REJECTED; received 2 response(s) [b32d7882-88db-4fe6-9cca-6a25122d474d<-3aea292b-16fb-4e9b-be90-828afa8e8047#0:FAIL-t334, b32d7882-88db-4fe6-9cca-6a25122d474d<-a6b2ebfb-69a0-457c-b6cd-a50cc148b564#0:FAIL-t334] and 0 exception(s); b32d7882-88db-4fe6-9cca-6a25122d474d@group-896385CD49EE:t334, leader=null, voted=b32d7882-88db-4fe6-9cca-6a25122d474d, raftlog=b32d7882-88db-4fe6-9cca-6a25122d474d@group-896385CD49EE-SegmentedRaftLog:OPENED:c-1,f-1,i0, conf=-1: [b32d7882-88db-4fe6-9cca-6a25122d474d:192.168.157.194:42206, 3aea292b-16fb-4e9b-be90-828afa8e8047:192.168.157.194:34569, a6b2ebfb-69a0-457c-b6cd-a50cc148b564:192.168.157.194:37298], old=null
2019-10-17 02:15:14,340 [b32d7882-88db-4fe6-9cca-6a25122d474d@group-896385CD49EE-LeaderElection374] INFO  impl.RaftServerImpl (RaftServerImpl.java:setRole(184)) - b32d7882-88db-4fe6-9cca-6a25122d474d@group-896385CD49EE: changes role from CANDIDATE to FOLLOWER at term 334 for DISCOVERED_A_NEW_TERM
2019-10-17 02:15:14,340 [b32d7882-88db-4fe6-9cca-6a25122d474d@group-896385CD49EE-LeaderElection374] INFO  impl.RoleInfo (RoleInfo.java:shutdownLeaderElection(134)) - b32d7882-88db-4fe6-9cca-6a25122d474d: shutdown LeaderElection
2019-10-17 02:15:14,340 [b32d7882-88db-4fe6-9cca-6a25122d474d@group-896385CD49EE-LeaderElection374] INFO  impl.RoleInfo (RoleInfo.java:updateAndGet(143)) - b32d7882-88db-4fe6-9cca-6a25122d474d: start FollowerState
2019-10-17 02:15:14,479 [Thread-3400] INFO  impl.FollowerState (FollowerState.java:run(108)) - b32d7882-88db-4fe6-9cca-6a25122d474d@group-896385CD49EE-FollowerState: change to CANDIDATE, lastRpcTime:138ms, electionTimeout:138ms
2019-10-17 02:15:14,479 [Thread-3400] INFO  impl.RoleInfo (RoleInfo.java:shutdownFollowerState(121)) - b32d7882-88db-4fe6-9cca-6a25122d474d: shutdown FollowerState
2019-10-17 02:15:14,479 [Thread-3400] INFO  impl.RaftServerImpl (RaftServerImpl.java:setRole(184)) - b32d7882-88db-4fe6-9cca-6a25122d474d@group-896385CD49EE: changes role from  FOLLOWER to CANDIDATE at term 334 for changeToCandidate
2019-10-17 02:15:14,479 [Thread-3400] INFO  impl.RoleInfo (RoleInfo.java:updateAndGet(143)) - b32d7882-88db-4fe6-9cca-6a25122d474d: start LeaderElection
2019-10-17 02:15:14,493 [b32d7882-88db-4fe6-9cca-6a25122d474d@group-896385CD49EE-LeaderElection375] INFO  impl.LeaderElection (LeaderElection.java:askForVotes(178)) - b32d7882-88db-4fe6-9cca-6a25122d474d@group-896385CD49EE-LeaderElection375: begin an election at term 335 for -1: [b32d7882-88db-4fe6-9cca-6a25122d474d:192.168.157.194:42206, 3aea292b-16fb-4e9b-be90-828afa8e8047:192.168.157.194:34569, a6b2ebfb-69a0-457c-b6cd-a50cc148b564:192.168.157.194:37298], old=null
2019-10-17 02:15:14,495 [grpc-default-executor-4] INFO  impl.RaftServerImpl (RaftServerImpl.java:setRole(184)) - a6b2ebfb-69a0-457c-b6cd-a50cc148b564@group-896385CD49EE: changes role from  FOLLOWER to FOLLOWER at term 335 for recognizeCandidate:b32d7882-88db-4fe6-9cca-6a25122d474d
2019-10-17 02:15:14,495 [grpc-default-executor-1] INFO  impl.RaftServerImpl (RaftServerImpl.java:setRole(184)) - 3aea292b-16fb-4e9b-be90-828afa8e8047@group-896385CD49EE: changes role from  FOLLOWER to FOLLOWER at term 335 for recognizeCandidate:b32d7882-88db-4fe6-9cca-6a25122d474d
2019-10-17 02:15:14,495 [grpc-default-executor-1] INFO  impl.RoleInfo (RoleInfo.java:shutdownFollowerState(121)) - 3aea292b-16fb-4e9b-be90-828afa8e8047: shutdown FollowerState
2019-10-17 02:15:14,495 [grpc-default-executor-4] INFO  impl.RoleInfo (RoleInfo.java:shutdownFollowerState(121)) - a6b2ebfb-69a0-457c-b6cd-a50cc148b564: shutdown FollowerState
2019-10-17 02:15:14,495 [Thread-3398] INFO  impl.FollowerState (FollowerState.java:run(117)) - 3aea292b-16fb-4e9b-be90-828afa8e8047@group-896385CD49EE-FollowerState was interrupted: java.lang.InterruptedException: sleep interrupted
2019-10-17 02:15:14,495 [grpc-default-executor-1] INFO  impl.RoleInfo (RoleInfo.java:updateAndGet(143)) - 3aea292b-16fb-4e9b-be90-828afa8e8047: start FollowerState
2019-10-17 02:15:14,495 [Thread-3399] INFO  impl.FollowerState (FollowerState.java:run(117)) - a6b2ebfb-69a0-457c-b6cd-a50cc148b564@group-896385CD49EE-FollowerState was interrupted: java.lang.InterruptedException: sleep interrupted
2019-10-17 02:15:14,495 [grpc-default-executor-4] INFO  impl.RoleInfo (RoleInfo.java:updateAndGet(143)) - a6b2ebfb-69a0-457c-b6cd-a50cc148b564: start FollowerState
2019-10-17 02:15:14,533 [b32d7882-88db-4fe6-9cca-6a25122d474d@group-896385CD49EE-LeaderElection375] INFO  impl.LeaderElection (LeaderElection.java:logAndReturn(56)) - b32d7882-88db-4fe6-9cca-6a25122d474d@group-896385CD49EE-LeaderElection375: Election REJECTED; received 2 response(s) [b32d7882-88db-4fe6-9cca-6a25122d474d<-3aea292b-16fb-4e9b-be90-828afa8e8047#0:FAIL-t335, b32d7882-88db-4fe6-9cca-6a25122d474d<-a6b2ebfb-69a0-457c-b6cd-a50cc148b564#0:FAIL-t335] and 0 exception(s); b32d7882-88db-4fe6-9cca-6a25122d474d@group-896385CD49EE:t335, leader=null, voted=b32d7882-88db-4fe6-9cca-6a25122d474d, raftlog=b32d7882-88db-4fe6-9cca-6a25122d474d@group-896385CD49EE-SegmentedRaftLog:OPENED:c-1,f-1,i0, conf=-1: [b32d7882-88db-4fe6-9cca-6a25122d474d:192.168.157.194:42206, 3aea292b-16fb-4e9b-be90-828afa8e8047:192.168.157.194:34569, a6b2ebfb-69a0-457c-b6cd-a50cc148b564:192.168.157.194:37298], old=null
2019-10-17 02:15:14,533 [b32d7882-88db-4fe6-9cca-6a25122d474d@group-896385CD49EE-LeaderElection375] INFO  impl.RaftServerImpl (RaftServerImpl.java:setRole(184)) - b32d7882-88db-4fe6-9cca-6a25122d474d@group-896385CD49EE: changes role from CANDIDATE to FOLLOWER at term 335 for DISCOVERED_A_NEW_TERM
2019-10-17 02:15:14,533 [b32d7882-88db-4fe6-9cca-6a25122d474d@group-896385CD49EE-LeaderElection375] INFO  impl.RoleInfo (RoleInfo.java:shutdownLeaderElection(134)) - b32d7882-88db-4fe6-9cca-6a25122d474d: shutdown LeaderElection
2019-10-17 02:15:14,533 [b32d7882-88db-4fe6-9cca-6a25122d474d@group-896385CD49EE-LeaderElection375] INFO  impl.RoleInfo (RoleInfo.java:updateAndGet(143)) - b32d7882-88db-4fe6-9cca-6a25122d474d: start FollowerState
2019-10-17 02:15:14,536 [Thread-3406] INFO  impl.FollowerState (FollowerState.java:run(108)) - b32d7882-88db-4fe6-9cca-6a25122d474d@group-896385CD49EE-FollowerState: change to CANDIDATE, lastRpcTime:3ms, electionTimeout:3ms
2019-10-17 02:15:14,537 [Thread-3406] INFO  impl.RoleInfo (RoleInfo.java:shutdownFollowerState(121)) - b32d7882-88db-4fe6-9cca-6a25122d474d: shutdown FollowerState
2019-10-17 02:15:14,537 [Thread-3406] INFO  impl.RaftServerImpl (RaftServerImpl.java:setRole(184)) - b32d7882-88db-4fe6-9cca-6a25122d474d@group-896385CD49EE: changes role from  FOLLOWER to CANDIDATE at term 335 for changeToCandidate
2019-10-17 02:15:14,537 [Thread-3406] INFO  impl.RoleInfo (RoleInfo.java:updateAndGet(143)) - b32d7882-88db-4fe6-9cca-6a25122d474d: start LeaderElection
2019-10-17 02:15:14,547 [b32d7882-88db-4fe6-9cca-6a25122d474d@group-896385CD49EE-LeaderElection376] INFO  impl.LeaderElection (LeaderElection.java:askForVotes(178)) - b32d7882-88db-4fe6-9cca-6a25122d474d@group-896385CD49EE-LeaderElection376: begin an election at term 336 for -1: [b32d7882-88db-4fe6-9cca-6a25122d474d:192.168.157.194:42206, 3aea292b-16fb-4e9b-be90-828afa8e8047:192.168.157.194:34569, a6b2ebfb-69a0-457c-b6cd-a50cc148b564:192.168.157.194:37298], old=null
2019-10-17 02:15:14,549 [grpc-default-executor-1] INFO  impl.RaftServerImpl (RaftServerImpl.java:setRole(184)) - 3aea292b-16fb-4e9b-be90-828afa8e8047@group-896385CD49EE: changes role from  FOLLOWER to FOLLOWER at term 336 for recognizeCandidate:b32d7882-88db-4fe6-9cca-6a25122d474d
2019-10-17 02:15:14,549 [grpc-default-executor-1] INFO  impl.RoleInfo (RoleInfo.java:shutdownFollowerState(121)) - 3aea292b-16fb-4e9b-be90-828afa8e8047: shutdown FollowerState
2019-10-17 02:15:14,549 [grpc-default-executor-1] INFO  impl.RoleInfo (RoleInfo.java:updateAndGet(143)) - 3aea292b-16fb-4e9b-be90-828afa8e8047: start FollowerState
2019-10-17 02:15:14,549 [grpc-default-executor-4] INFO  impl.RaftServerImpl (RaftServerImpl.java:setRole(184)) - a6b2ebfb-69a0-457c-b6cd-a50cc148b564@group-896385CD49EE: changes role from  FOLLOWER to FOLLOWER at term 336 for recognizeCandidate:b32d7882-88db-4fe6-9cca-6a25122d474d
2019-10-17 02:15:14,549 [Thread-3404] INFO  impl.FollowerState (FollowerState.java:run(117)) - 3aea292b-16fb-4e9b-be90-828afa8e8047@group-896385CD49EE-FollowerState was interrupted: java.lang.InterruptedException: sleep interrupted
2019-10-17 02:15:14,550 [grpc-default-executor-4] INFO  impl.RoleInfo (RoleInfo.java:shutdownFollowerState(121)) - a6b2ebfb-69a0-457c-b6cd-a50cc148b564: shutdown FollowerState
2019-10-17 02:15:14,550 [grpc-default-executor-4] INFO  impl.RoleInfo (RoleInfo.java:updateAndGet(143)) - a6b2ebfb-69a0-457c-b6cd-a50cc148b564: start FollowerState
2019-10-17 02:15:14,550 [Thread-3405] INFO  impl.FollowerState (FollowerState.java:run(117)) - a6b2ebfb-69a0-457c-b6cd-a50cc148b564@group-896385CD49EE-FollowerState was interrupted: java.lang.InterruptedException: sleep interrupted
2019-10-17 02:15:14,564 [b32d7882-88db-4fe6-9cca-6a25122d474d@group-896385CD49EE-LeaderElection376] INFO  impl.LeaderElection (LeaderElection.java:logAndReturn(56)) - b32d7882-88db-4fe6-9cca-6a25122d474d@group-896385CD49EE-LeaderElection376: Election REJECTED; received 2 response(s) [b32d7882-88db-4fe6-9cca-6a25122d474d<-3aea292b-16fb-4e9b-be90-828afa8e8047#0:FAIL-t336, b32d7882-88db-4fe6-9cca-6a25122d474d<-a6b2ebfb-69a0-457c-b6cd-a50cc148b564#0:FAIL-t336] and 0 exception(s); b32d7882-88db-4fe6-9cca-6a25122d474d@group-896385CD49EE:t336, leader=null, voted=b32d7882-88db-4fe6-9cca-6a25122d474d, raftlog=b32d7882-88db-4fe6-9cca-6a25122d474d@group-896385CD49EE-SegmentedRaftLog:OPENED:c-1,f-1,i0, conf=-1: [b32d7882-88db-4fe6-9cca-6a25122d474d:192.168.157.194:42206, 3aea292b-16fb-4e9b-be90-828afa8e8047:192.168.157.194:34569, a6b2ebfb-69a0-457c-b6cd-a50cc148b564:192.168.157.194:37298], old=null
2019-10-17 02:15:14,564 [b32d7882-88db-4fe6-9cca-6a25122d474d@group-896385CD49EE-LeaderElection376] INFO  impl.RaftServerImpl (RaftServerImpl.java:setRole(184)) - b32d7882-88db-4fe6-9cca-6a25122d474d@group-896385CD49EE: changes role from CANDIDATE to FOLLOWER at term 336 for DISCOVERED_A_NEW_TERM
2019-10-17 02:15:14,564 [b32d7882-88db-4fe6-9cca-6a25122d474d@group-896385CD49EE-LeaderElection376] INFO  impl.RoleInfo (RoleInfo.java:shutdownLeaderElection(134)) - b32d7882-88db-4fe6-9cca-6a25122d474d: shutdown LeaderElection
2019-10-17 02:15:14,564 [b32d7882-88db-4fe6-9cca-6a25122d474d@group-896385CD49EE-LeaderElection376] INFO  impl.RoleInfo (RoleInfo.java:updateAndGet(143)) - b32d7882-88db-4fe6-9cca-6a25122d474d: start FollowerState
2019-10-17 02:15:14,655 [Thread-3412] INFO  impl.FollowerState (FollowerState.java:run(108)) - b32d7882-88db-4fe6-9cca-6a25122d474d@group-896385CD49EE-FollowerState: change to CANDIDATE, lastRpcTime:91ms, electionTimeout:91ms
2019-10-17 02:15:14,655 [Thread-3412] INFO  impl.RoleInfo (RoleInfo.java:shutdownFollowerState(121)) - b32d7882-88db-4fe6-9cca-6a25122d474d: shutdown FollowerState
2019-10-17 02:15:14,656 [Thread-3412] INFO  impl.RaftServerImpl (RaftServerImpl.java:setRole(184)) - b32d7882-88db-4fe6-9cca-6a25122d474d@group-896385CD49EE: changes role from  FOLLOWER to CANDIDATE at term 336 for changeToCandidate
2019-10-17 02:15:14,656 [Thread-3412] INFO  impl.RoleInfo (RoleInfo.java:updateAndGet(143)) - b32d7882-88db-4fe6-9cca-6a25122d474d: start LeaderElection
2019-10-17 02:15:14,659 [b32d7882-88db-4fe6-9cca-6a25122d474d@group-896385CD49EE-LeaderElection377] INFO  impl.LeaderElection (LeaderElection.java:askForVotes(178)) - b32d7882-88db-4fe6-9cca-6a25122d474d@group-896385CD49EE-LeaderElection377: begin an election at term 337 for -1: [b32d7882-88db-4fe6-9cca-6a25122d474d:192.168.157.194:42206, 3aea292b-16fb-4e9b-be90-828afa8e8047:192.168.157.194:34569, a6b2ebfb-69a0-457c-b6cd-a50cc148b564:192.168.157.194:37298], old=null
2019-10-17 02:15:14,661 [grpc-default-executor-1] INFO  impl.RaftServerImpl (RaftServerImpl.java:setRole(184)) - a6b2ebfb-69a0-457c-b6cd-a50cc148b564@group-896385CD49EE: changes role from  FOLLOWER to FOLLOWER at term 337 for recognizeCandidate:b32d7882-88db-4fe6-9cca-6a25122d474d
2019-10-17 02:15:14,661 [grpc-default-executor-1] INFO  impl.RoleInfo (RoleInfo.java:shutdownFollowerState(121)) - a6b2ebfb-69a0-457c-b6cd-a50cc148b564: shutdown FollowerState
2019-10-17 02:15:14,661 [grpc-default-executor-1] INFO  impl.RoleInfo (RoleInfo.java:updateAndGet(143)) - a6b2ebfb-69a0-457c-b6cd-a50cc148b564: start FollowerState
2019-10-17 02:15:14,661 [grpc-default-executor-0] INFO  impl.RaftServerImpl (RaftServerImpl.java:setRole(184)) - 3aea292b-16fb-4e9b-be90-828afa8e8047@group-896385CD49EE: changes role from  FOLLOWER to FOLLOWER at term 337 for recognizeCandidate:b32d7882-88db-4fe6-9cca-6a25122d474d
2019-10-17 02:15:14,661 [Thread-3411] INFO  impl.FollowerState (FollowerState.java:run(117)) - a6b2ebfb-69a0-457c-b6cd-a50cc148b564@group-896385CD49EE-FollowerState was interrupted: java.lang.InterruptedException: sleep interrupted
2019-10-17 02:15:14,662 [grpc-default-executor-0] INFO  impl.RoleInfo (RoleInfo.java:shutdownFollowerState(121)) - 3aea292b-16fb-4e9b-be90-828afa8e8047: shutdown FollowerState
2019-10-17 02:15:14,662 [grpc-default-executor-0] INFO  impl.RoleInfo (RoleInfo.java:updateAndGet(143)) - 3aea292b-16fb-4e9b-be90-828afa8e8047: start FollowerState
2019-10-17 02:15:14,662 [Thread-3410] INFO  impl.FollowerState (FollowerState.java:run(117)) - 3aea292b-16fb-4e9b-be90-828afa8e8047@group-896385CD49EE-FollowerState was interrupted: java.lang.InterruptedException: sleep interrupted
2019-10-17 02:15:14,675 [b32d7882-88db-4fe6-9cca-6a25122d474d@group-896385CD49EE-LeaderElection377] INFO  impl.LeaderElection (LeaderElection.java:logAndReturn(56)) - b32d7882-88db-4fe6-9cca-6a25122d474d@group-896385CD49EE-LeaderElection377: Election REJECTED; received 2 response(s) [b32d7882-88db-4fe6-9cca-6a25122d474d<-3aea292b-16fb-4e9b-be90-828afa8e8047#0:FAIL-t337, b32d7882-88db-4fe6-9cca-6a25122d474d<-a6b2ebfb-69a0-457c-b6cd-a50cc148b564#0:FAIL-t337] and 0 exception(s); b32d7882-88db-4fe6-9cca-6a25122d474d@group-896385CD49EE:t337, leader=null, voted=b32d7882-88db-4fe6-9cca-6a25122d474d, raftlog=b32d7882-88db-4fe6-9cca-6a25122d474d@group-896385CD49EE-SegmentedRaftLog:OPENED:c-1,f-1,i0, conf=-1: [b32d7882-88db-4fe6-9cca-6a25122d474d:192.168.157.194:42206, 3aea292b-16fb-4e9b-be90-828afa8e8047:192.168.157.194:34569, a6b2ebfb-69a0-457c-b6cd-a50cc148b564:192.168.157.194:37298], old=null
2019-10-17 02:15:14,675 [b32d7882-88db-4fe6-9cca-6a25122d474d@group-896385CD49EE-LeaderElection377] INFO  impl.RaftServerImpl (RaftServerImpl.java:setRole(184)) - b32d7882-88db-4fe6-9cca-6a25122d474d@group-896385CD49EE: changes role from CANDIDATE to FOLLOWER at term 337 for DISCOVERED_A_NEW_TERM
2019-10-17 02:15:14,675 [b32d7882-88db-4fe6-9cca-6a25122d474d@group-896385CD49EE-LeaderElection377] INFO  impl.RoleInfo (RoleInfo.java:shutdownLeaderElection(134)) - b32d7882-88db-4fe6-9cca-6a25122d474d: shutdown LeaderElection
2019-10-17 02:15:14,675 [b32d7882-88db-4fe6-9cca-6a25122d474d@group-896385CD49EE-LeaderElection377] INFO  impl.RoleInfo (RoleInfo.java:updateAndGet(143)) - b32d7882-88db-4fe6-9cca-6a25122d474d: start FollowerState
2019-10-17 02:15:14,820 [Thread-3418] INFO  impl.FollowerState (FollowerState.java:run(108)) - b32d7882-88db-4fe6-9cca-6a25122d474d@group-896385CD49EE-FollowerState: change to CANDIDATE, lastRpcTime:145ms, electionTimeout:145ms
2019-10-17 02:15:14,820 [Thread-3418] INFO  impl.RoleInfo (RoleInfo.java:shutdownFollowerState(121)) - b32d7882-88db-4fe6-9cca-6a25122d474d: shutdown FollowerState
2019-10-17 02:15:14,820 [Thread-3418] INFO  impl.RaftServerImpl (RaftServerImpl.java:setRole(184)) - b32d7882-88db-4fe6-9cca-6a25122d474d@group-896385CD49EE: changes role from  FOLLOWER to CANDIDATE at term 337 for changeToCandidate
2019-10-17 02:15:14,821 [Thread-3418] INFO  impl.RoleInfo (RoleInfo.java:updateAndGet(143)) - b32d7882-88db-4fe6-9cca-6a25122d474d: start LeaderElection
2019-10-17 02:15:14,827 [b32d7882-88db-4fe6-9cca-6a25122d474d@group-896385CD49EE-LeaderElection378] INFO  impl.LeaderElection (LeaderElection.java:askForVotes(178)) - b32d7882-88db-4fe6-9cca-6a25122d474d@group-896385CD49EE-LeaderElection378: begin an election at term 338 for -1: [b32d7882-88db-4fe6-9cca-6a25122d474d:192.168.157.194:42206, 3aea292b-16fb-4e9b-be90-828afa8e8047:192.168.157.194:34569, a6b2ebfb-69a0-457c-b6cd-a50cc148b564:192.168.157.194:37298], old=null
2019-10-17 02:15:14,828 [grpc-default-executor-0] INFO  impl.RaftServerImpl (RaftServerImpl.java:setRole(184)) - 3aea292b-16fb-4e9b-be90-828afa8e8047@group-896385CD49EE: changes role from  FOLLOWER to FOLLOWER at term 338 for recognizeCandidate:b32d7882-88db-4fe6-9cca-6a25122d474d
2019-10-17 02:15:14,828 [grpc-default-executor-0] INFO  impl.RoleInfo (RoleInfo.java:shutdownFollowerState(121)) - 3aea292b-16fb-4e9b-be90-828afa8e8047: shutdown FollowerState
2019-10-17 02:15:14,828 [grpc-default-executor-1] INFO  impl.RaftServerImpl (RaftServerImpl.java:setRole(184)) - a6b2ebfb-69a0-457c-b6cd-a50cc148b564@group-896385CD49EE: changes role from  FOLLOWER to FOLLOWER at term 338 for recognizeCandidate:b32d7882-88db-4fe6-9cca-6a25122d474d
2019-10-17 02:15:14,828 [Thread-3417] INFO  impl.FollowerState (FollowerState.java:run(117)) - 3aea292b-16fb-4e9b-be90-828afa8e8047@group-896385CD49EE-FollowerState was interrupted: java.lang.InterruptedException: sleep interrupted
2019-10-17 02:15:14,828 [grpc-default-executor-0] INFO  impl.RoleInfo (RoleInfo.java:updateAndGet(143)) - 3aea292b-16fb-4e9b-be90-828afa8e8047: start FollowerState
2019-10-17 02:15:14,828 [grpc-default-executor-1] INFO  impl.RoleInfo (RoleInfo.java:shutdownFollowerState(121)) - a6b2ebfb-69a0-457c-b6cd-a50cc148b564: shutdown FollowerState
2019-10-17 02:15:14,829 [grpc-default-executor-1] INFO  impl.RoleInfo (RoleInfo.java:updateAndGet(143)) - a6b2ebfb-69a0-457c-b6cd-a50cc148b564: start FollowerState
2019-10-17 02:15:14,829 [Thread-3416] INFO  impl.FollowerState (FollowerState.java:run(117)) - a6b2ebfb-69a0-457c-b6cd-a50cc148b564@group-896385CD49EE-FollowerState was interrupted: java.lang.InterruptedException: sleep interrupted
2019-10-17 02:15:14,836 [b32d7882-88db-4fe6-9cca-6a25122d474d@group-896385CD49EE-LeaderElection378] INFO  impl.LeaderElection (LeaderElection.java:logAndReturn(56)) - b32d7882-88db-4fe6-9cca-6a25122d474d@group-896385CD49EE-LeaderElection378: Election REJECTED; received 2 response(s) [b32d7882-88db-4fe6-9cca-6a25122d474d<-3aea292b-16fb-4e9b-be90-828afa8e8047#0:FAIL-t338, b32d7882-88db-4fe6-9cca-6a25122d474d<-a6b2ebfb-69a0-457c-b6cd-a50cc148b564#0:FAIL-t338] and 0 exception(s); b32d7882-88db-4fe6-9cca-6a25122d474d@group-896385CD49EE:t338, leader=null, voted=b32d7882-88db-4fe6-9cca-6a25122d474d, raftlog=b32d7882-88db-4fe6-9cca-6a25122d474d@group-896385CD49EE-SegmentedRaftLog:OPENED:c-1,f-1,i0, conf=-1: [b32d7882-88db-4fe6-9cca-6a25122d474d:192.168.157.194:42206, 3aea292b-16fb-4e9b-be90-828afa8e8047:192.168.157.194:34569, a6b2ebfb-69a0-457c-b6cd-a50cc148b564:192.168.157.194:37298], old=null
2019-10-17 02:15:14,836 [b32d7882-88db-4fe6-9cca-6a25122d474d@group-896385CD49EE-LeaderElection378] INFO  impl.RaftServerImpl (RaftServerImpl.java:setRole(184)) - b32d7882-88db-4fe6-9cca-6a25122d474d@group-896385CD49EE: changes role from CANDIDATE to FOLLOWER at term 338 for DISCOVERED_A_NEW_TERM
2019-10-17 02:15:14,836 [b32d7882-88db-4fe6-9cca-6a25122d474d@group-896385CD49EE-LeaderElection378] INFO  impl.RoleInfo (RoleInfo.java:shutdownLeaderElection(134)) - b32d7882-88db-4fe6-9cca-6a25122d474d: shutdown LeaderElection
2019-10-17 02:15:14,836 [b32d7882-88db-4fe6-9cca-6a25122d474d@group-896385CD49EE-LeaderElection378] INFO  impl.RoleInfo (RoleInfo.java:updateAndGet(143)) - b32d7882-88db-4fe6-9cca-6a25122d474d: start FollowerState
2019-10-17 02:15:14,939 [Thread-3424] INFO  impl.FollowerState (FollowerState.java:run(108)) - b32d7882-88db-4fe6-9cca-6a25122d474d@group-896385CD49EE-FollowerState: change to CANDIDATE, lastRpcTime:102ms, electionTimeout:102ms
2019-10-17 02:15:14,939 [Thread-3424] INFO  impl.RoleInfo (RoleInfo.java:shutdownFollowerState(121)) - b32d7882-88db-4fe6-9cca-6a25122d474d: shutdown FollowerState
2019-10-17 02:15:14,939 [Thread-3424] INFO  impl.RaftServerImpl (RaftServerImpl.java:setRole(184)) - b32d7882-88db-4fe6-9cca-6a25122d474d@group-896385CD49EE: changes role from  FOLLOWER to CANDIDATE at term 338 for changeToCandidate
2019-10-17 02:15:14,939 [Thread-3424] INFO  impl.RoleInfo (RoleInfo.java:updateAndGet(143)) - b32d7882-88db-4fe6-9cca-6a25122d474d: start LeaderElection
2019-10-17 02:15:14,953 [b32d7882-88db-4fe6-9cca-6a25122d474d@group-896385CD49EE-LeaderElection379] INFO  impl.LeaderElection (LeaderElection.java:askForVotes(178)) - b32d7882-88db-4fe6-9cca-6a25122d474d@group-896385CD49EE-LeaderElection379: begin an election at term 339 for -1: [b32d7882-88db-4fe6-9cca-6a25122d474d:192.168.157.194:42206, 3aea292b-16fb-4e9b-be90-828afa8e8047:192.168.157.194:34569, a6b2ebfb-69a0-457c-b6cd-a50cc148b564:192.168.157.194:37298], old=null
2019-10-17 02:15:14,955 [grpc-default-executor-0] INFO  impl.RaftServerImpl (RaftServerImpl.java:setRole(184)) - 3aea292b-16fb-4e9b-be90-828afa8e8047@group-896385CD49EE: changes role from  FOLLOWER to FOLLOWER at term 339 for recognizeCandidate:b32d7882-88db-4fe6-9cca-6a25122d474d
2019-10-17 02:15:14,955 [grpc-default-executor-1] INFO  impl.RaftServerImpl (RaftServerImpl.java:setRole(184)) - a6b2ebfb-69a0-457c-b6cd-a50cc148b564@group-896385CD49EE: changes role from  FOLLOWER to FOLLOWER at term 339 for recognizeCandidate:b32d7882-88db-4fe6-9cca-6a25122d474d
2019-10-17 02:15:14,955 [grpc-default-executor-1] INFO  impl.RoleInfo (RoleInfo.java:shutdownFollowerState(121)) - a6b2ebfb-69a0-457c-b6cd-a50cc148b564: shutdown FollowerState
2019-10-17 02:15:14,955 [grpc-default-executor-0] INFO  impl.RoleInfo (RoleInfo.java:shutdownFollowerState(121)) - 3aea292b-16fb-4e9b-be90-828afa8e8047: shutdown FollowerState
2019-10-17 02:15:14,955 [grpc-default-executor-1] INFO  impl.RoleInfo (RoleInfo.java:updateAndGet(143)) - a6b2ebfb-69a0-457c-b6cd-a50cc148b564: start FollowerState
2019-10-17 02:15:14,955 [Thread-3423] INFO  impl.FollowerState (FollowerState.java:run(117)) - a6b2ebfb-69a0-457c-b6cd-a50cc148b564@group-896385CD49EE-FollowerState was interrupted: java.lang.InterruptedException: sleep interrupted
2019-10-17 02:15:14,955 [grpc-default-executor-0] INFO  impl.RoleInfo (RoleInfo.java:updateAndGet(143)) - 3aea292b-16fb-4e9b-be90-828afa8e8047: start FollowerState
2019-10-17 02:15:14,955 [Thread-3422] INFO  impl.FollowerState (FollowerState.java:run(117)) - 3aea292b-16fb-4e9b-be90-828afa8e8047@group-896385CD49EE-FollowerState was interrupted: java.lang.InterruptedException: sleep interrupted
2019-10-17 02:15:14,963 [b32d7882-88db-4fe6-9cca-6a25122d474d@group-896385CD49EE-LeaderElection379] INFO  impl.LeaderElection (LeaderElection.java:logAndReturn(56)) - b32d7882-88db-4fe6-9cca-6a25122d474d@group-896385CD49EE-LeaderElection379: Election REJECTED; received 2 response(s) [b32d7882-88db-4fe6-9cca-6a25122d474d<-3aea292b-16fb-4e9b-be90-828afa8e8047#0:FAIL-t339, b32d7882-88db-4fe6-9cca-6a25122d474d<-a6b2ebfb-69a0-457c-b6cd-a50cc148b564#0:FAIL-t339] and 0 exception(s); b32d7882-88db-4fe6-9cca-6a25122d474d@group-896385CD49EE:t339, leader=null, voted=b32d7882-88db-4fe6-9cca-6a25122d474d, raftlog=b32d7882-88db-4fe6-9cca-6a25122d474d@group-896385CD49EE-SegmentedRaftLog:OPENED:c-1,f-1,i0, conf=-1: [b32d7882-88db-4fe6-9cca-6a25122d474d:192.168.157.194:42206, 3aea292b-16fb-4e9b-be90-828afa8e8047:192.168.157.194:34569, a6b2ebfb-69a0-457c-b6cd-a50cc148b564:192.168.157.194:37298], old=null
2019-10-17 02:15:14,963 [b32d7882-88db-4fe6-9cca-6a25122d474d@group-896385CD49EE-LeaderElection379] INFO  impl.RaftServerImpl (RaftServerImpl.java:setRole(184)) - b32d7882-88db-4fe6-9cca-6a25122d474d@group-896385CD49EE: changes role from CANDIDATE to FOLLOWER at term 339 for DISCOVERED_A_NEW_TERM
2019-10-17 02:15:14,963 [b32d7882-88db-4fe6-9cca-6a25122d474d@group-896385CD49EE-LeaderElection379] INFO  impl.RoleInfo (RoleInfo.java:shutdownLeaderElection(134)) - b32d7882-88db-4fe6-9cca-6a25122d474d: shutdown LeaderElection
2019-10-17 02:15:14,963 [b32d7882-88db-4fe6-9cca-6a25122d474d@group-896385CD49EE-LeaderElection379] INFO  impl.RoleInfo (RoleInfo.java:updateAndGet(143)) - b32d7882-88db-4fe6-9cca-6a25122d474d: start FollowerState
2019-10-17 02:15:15,127 [Thread-3430] INFO  impl.FollowerState (FollowerState.java:run(108)) - b32d7882-88db-4fe6-9cca-6a25122d474d@group-896385CD49EE-FollowerState: change to CANDIDATE, lastRpcTime:164ms, electionTimeout:164ms
2019-10-17 02:15:15,128 [Thread-3430] INFO  impl.RoleInfo (RoleInfo.java:shutdownFollowerState(121)) - b32d7882-88db-4fe6-9cca-6a25122d474d: shutdown FollowerState
2019-10-17 02:15:15,128 [Thread-3430] INFO  impl.RaftServerImpl (RaftServerImpl.java:setRole(184)) - b32d7882-88db-4fe6-9cca-6a25122d474d@group-896385CD49EE: changes role from  FOLLOWER to CANDIDATE at term 339 for changeToCandidate
2019-10-17 02:15:15,128 [Thread-3430] INFO  impl.RoleInfo (RoleInfo.java:updateAndGet(143)) - b32d7882-88db-4fe6-9cca-6a25122d474d: start LeaderElection
2019-10-17 02:15:15,151 [b32d7882-88db-4fe6-9cca-6a25122d474d@group-896385CD49EE-LeaderElection380] INFO  impl.LeaderElection (LeaderElection.java:askForVotes(178)) - b32d7882-88db-4fe6-9cca-6a25122d474d@group-896385CD49EE-LeaderElection380: begin an election at term 340 for -1: [b32d7882-88db-4fe6-9cca-6a25122d474d:192.168.157.194:42206, 3aea292b-16fb-4e9b-be90-828afa8e8047:192.168.157.194:34569, a6b2ebfb-69a0-457c-b6cd-a50cc148b564:192.168.157.194:37298], old=null
2019-10-17 02:15:15,153 [grpc-default-executor-0] INFO  impl.RaftServerImpl (RaftServerImpl.java:setRole(184)) - a6b2ebfb-69a0-457c-b6cd-a50cc148b564@group-896385CD49EE: changes role from  FOLLOWER to FOLLOWER at term 340 for recognizeCandidate:b32d7882-88db-4fe6-9cca-6a25122d474d
2019-10-17 02:15:15,153 [grpc-default-executor-0] INFO  impl.RoleInfo (RoleInfo.java:shutdownFollowerState(121)) - a6b2ebfb-69a0-457c-b6cd-a50cc148b564: shutdown FollowerState
2019-10-17 02:15:15,153 [grpc-default-executor-1] INFO  impl.RaftServerImpl (RaftServerImpl.java:setRole(184)) - 3aea292b-16fb-4e9b-be90-828afa8e8047@group-896385CD49EE: changes role from  FOLLOWER to FOLLOWER at term 340 for recognizeCandidate:b32d7882-88db-4fe6-9cca-6a25122d474d
2019-10-17 02:15:15,153 [Thread-3428] INFO  impl.FollowerState (FollowerState.java:run(117)) - a6b2ebfb-69a0-457c-b6cd-a50cc148b564@group-896385CD49EE-FollowerState was interrupted: java.lang.InterruptedException: sleep interrupted
2019-10-17 02:15:15,153 [grpc-default-executor-0] INFO  impl.RoleInfo (RoleInfo.java:updateAndGet(143)) - a6b2ebfb-69a0-457c-b6cd-a50cc148b564: start FollowerState
2019-10-17 02:15:15,153 [grpc-default-executor-1] INFO  impl.RoleInfo (RoleInfo.java:shutdownFollowerState(121)) - 3aea292b-16fb-4e9b-be90-828afa8e8047: shutdown FollowerState
2019-10-17 02:15:15,153 [grpc-default-executor-1] INFO  impl.RoleInfo (RoleInfo.java:updateAndGet(143)) - 3aea292b-16fb-4e9b-be90-828afa8e8047: start FollowerState
2019-10-17 02:15:15,153 [Thread-3429] INFO  impl.FollowerState (FollowerState.java:run(117)) - 3aea292b-16fb-4e9b-be90-828afa8e8047@group-896385CD49EE-FollowerState was interrupted: java.lang.InterruptedException: sleep interrupted
2019-10-17 02:15:15,155 [b32d7882-88db-4fe6-9cca-6a25122d474d@group-896385CD49EE-LeaderElection380] INFO  impl.LeaderElection (LeaderElection.java:logAndReturn(56)) - b32d7882-88db-4fe6-9cca-6a25122d474d@group-896385CD49EE-LeaderElection380: Election TIMEOUT; received 0 response(s) [] and 0 exception(s); b32d7882-88db-4fe6-9cca-6a25122d474d@group-896385CD49EE:t340, leader=null, voted=b32d7882-88db-4fe6-9cca-6a25122d474d, raftlog=b32d7882-88db-4fe6-9cca-6a25122d474d@group-896385CD49EE-SegmentedRaftLog:OPENED:c-1,f-1,i0, conf=-1: [b32d7882-88db-4fe6-9cca-6a25122d474d:192.168.157.194:42206, 3aea292b-16fb-4e9b-be90-828afa8e8047:192.168.157.194:34569, a6b2ebfb-69a0-457c-b6cd-a50cc148b564:192.168.157.194:37298], old=null
2019-10-17 02:15:15,163 [b32d7882-88db-4fe6-9cca-6a25122d474d@group-896385CD49EE-LeaderElection380] INFO  impl.LeaderElection (LeaderElection.java:askForVotes(178)) - b32d7882-88db-4fe6-9cca-6a25122d474d@group-896385CD49EE-LeaderElection380: begin an election at term 341 for -1: [b32d7882-88db-4fe6-9cca-6a25122d474d:192.168.157.194:42206, 3aea292b-16fb-4e9b-be90-828afa8e8047:192.168.157.194:34569, a6b2ebfb-69a0-457c-b6cd-a50cc148b564:192.168.157.194:37298], old=null
2019-10-17 02:15:15,164 [grpc-default-executor-1] INFO  impl.RaftServerImpl (RaftServerImpl.java:setRole(184)) - 3aea292b-16fb-4e9b-be90-828afa8e8047@group-896385CD49EE: changes role from  FOLLOWER to FOLLOWER at term 341 for recognizeCandidate:b32d7882-88db-4fe6-9cca-6a25122d474d
2019-10-17 02:15:15,164 [grpc-default-executor-1] INFO  impl.RoleInfo (RoleInfo.java:shutdownFollowerState(121)) - 3aea292b-16fb-4e9b-be90-828afa8e8047: shutdown FollowerState
2019-10-17 02:15:15,165 [grpc-default-executor-1] INFO  impl.RoleInfo (RoleInfo.java:updateAndGet(143)) - 3aea292b-16fb-4e9b-be90-828afa8e8047: start FollowerState
2019-10-17 02:15:15,165 [Thread-3435] INFO  impl.FollowerState (FollowerState.java:run(117)) - 3aea292b-16fb-4e9b-be90-828afa8e8047@group-896385CD49EE-FollowerState was interrupted: java.lang.InterruptedException: sleep interrupted
2019-10-17 02:15:15,165 [grpc-default-executor-0] INFO  impl.RaftServerImpl (RaftServerImpl.java:setRole(184)) - a6b2ebfb-69a0-457c-b6cd-a50cc148b564@group-896385CD49EE: changes role from  FOLLOWER to FOLLOWER at term 341 for recognizeCandidate:b32d7882-88db-4fe6-9cca-6a25122d474d
2019-10-17 02:15:15,165 [grpc-default-executor-0] INFO  impl.RoleInfo (RoleInfo.java:shutdownFollowerState(121)) - a6b2ebfb-69a0-457c-b6cd-a50cc148b564: shutdown FollowerState
2019-10-17 02:15:15,165 [grpc-default-executor-0] INFO  impl.RoleInfo (RoleInfo.java:updateAndGet(143)) - a6b2ebfb-69a0-457c-b6cd-a50cc148b564: start FollowerState
2019-10-17 02:15:15,165 [Thread-3434] INFO  impl.FollowerState (FollowerState.java:run(117)) - a6b2ebfb-69a0-457c-b6cd-a50cc148b564@group-896385CD49EE-FollowerState was interrupted: java.lang.InterruptedException: sleep interrupted
2019-10-17 02:15:15,171 [b32d7882-88db-4fe6-9cca-6a25122d474d@group-896385CD49EE-LeaderElection380] INFO  impl.LeaderElection (LeaderElection.java:logAndReturn(56)) - b32d7882-88db-4fe6-9cca-6a25122d474d@group-896385CD49EE-LeaderElection380: Election TIMEOUT; received 0 response(s) [] and 0 exception(s); b32d7882-88db-4fe6-9cca-6a25122d474d@group-896385CD49EE:t341, leader=null, voted=b32d7882-88db-4fe6-9cca-6a25122d474d, raftlog=b32d7882-88db-4fe6-9cca-6a25122d474d@group-896385CD49EE-SegmentedRaftLog:OPENED:c-1,f-1,i0, conf=-1: [b32d7882-88db-4fe6-9cca-6a25122d474d:192.168.157.194:42206, 3aea292b-16fb-4e9b-be90-828afa8e8047:192.168.157.194:34569, a6b2ebfb-69a0-457c-b6cd-a50cc148b564:192.168.157.194:37298], old=null
2019-10-17 02:15:15,174 [b32d7882-88db-4fe6-9cca-6a25122d474d@group-896385CD49EE-LeaderElection380] INFO  impl.LeaderElection (LeaderElection.java:askForVotes(178)) - b32d7882-88db-4fe6-9cca-6a25122d474d@group-896385CD49EE-LeaderElection380: begin an election at term 342 for -1: [b32d7882-88db-4fe6-9cca-6a25122d474d:192.168.157.194:42206, 3aea292b-16fb-4e9b-be90-828afa8e8047:192.168.157.194:34569, a6b2ebfb-69a0-457c-b6cd-a50cc148b564:192.168.157.194:37298], old=null
2019-10-17 02:15:15,176 [grpc-default-executor-1] INFO  impl.RaftServerImpl (RaftServerImpl.java:setRole(184)) - 3aea292b-16fb-4e9b-be90-828afa8e8047@group-896385CD49EE: changes role from  FOLLOWER to FOLLOWER at term 342 for recognizeCandidate:b32d7882-88db-4fe6-9cca-6a25122d474d
2019-10-17 02:15:15,176 [grpc-default-executor-1] INFO  impl.RoleInfo (RoleInfo.java:shutdownFollowerState(121)) - 3aea292b-16fb-4e9b-be90-828afa8e8047: shutdown FollowerState
2019-10-17 02:15:15,176 [grpc-default-executor-1] INFO  impl.RoleInfo (RoleInfo.java:updateAndGet(143)) - 3aea292b-16fb-4e9b-be90-828afa8e8047: start FollowerState
2019-10-17 02:15:15,176 [Thread-3438] INFO  impl.FollowerState (FollowerState.java:run(117)) - 3aea292b-16fb-4e9b-be90-828afa8e8047@group-896385CD49EE-FollowerState was interrupted: java.lang.InterruptedException: sleep interrupted
2019-10-17 02:15:15,177 [grpc-default-executor-0] INFO  impl.RaftServerImpl (RaftServerImpl.java:setRole(184)) - a6b2ebfb-69a0-457c-b6cd-a50cc148b564@group-896385CD49EE: changes role from  FOLLOWER to FOLLOWER at term 342 for recognizeCandidate:b32d7882-88db-4fe6-9cca-6a25122d474d
2019-10-17 02:15:15,177 [grpc-default-executor-0] INFO  impl.RoleInfo (RoleInfo.java:shutdownFollowerState(121)) - a6b2ebfb-69a0-457c-b6cd-a50cc148b564: shutdown FollowerState
2019-10-17 02:15:15,177 [grpc-default-executor-0] INFO  impl.RoleInfo (RoleInfo.java:updateAndGet(143)) - a6b2ebfb-69a0-457c-b6cd-a50cc148b564: start FollowerState
2019-10-17 02:15:15,177 [Thread-3439] INFO  impl.FollowerState (FollowerState.java:run(117)) - a6b2ebfb-69a0-457c-b6cd-a50cc148b564@group-896385CD49EE-FollowerState was interrupted: java.lang.InterruptedException: sleep interrupted
2019-10-17 02:15:15,183 [main] INFO  ozone.MiniOzoneClusterImpl (MiniOzoneClusterImpl.java:lambda$waitForClusterToBeReady$2(164)) - Waiting for 1 number of pipelines out of 4, to report a leader.
2019-10-17 02:15:15,185 [b32d7882-88db-4fe6-9cca-6a25122d474d@group-896385CD49EE-LeaderElection380] INFO  impl.LeaderElection (LeaderElection.java:logAndReturn(56)) - b32d7882-88db-4fe6-9cca-6a25122d474d@group-896385CD49EE-LeaderElection380: Election REJECTED; received 2 response(s) [b32d7882-88db-4fe6-9cca-6a25122d474d<-3aea292b-16fb-4e9b-be90-828afa8e8047#0:FAIL-t342, b32d7882-88db-4fe6-9cca-6a25122d474d<-a6b2ebfb-69a0-457c-b6cd-a50cc148b564#0:FAIL-t342] and 0 exception(s); b32d7882-88db-4fe6-9cca-6a25122d474d@group-896385CD49EE:t342, leader=null, voted=b32d7882-88db-4fe6-9cca-6a25122d474d, raftlog=b32d7882-88db-4fe6-9cca-6a25122d474d@group-896385CD49EE-SegmentedRaftLog:OPENED:c-1,f-1,i0, conf=-1: [b32d7882-88db-4fe6-9cca-6a25122d474d:192.168.157.194:42206, 3aea292b-16fb-4e9b-be90-828afa8e8047:192.168.157.194:34569, a6b2ebfb-69a0-457c-b6cd-a50cc148b564:192.168.157.194:37298], old=null
2019-10-17 02:15:15,185 [b32d7882-88db-4fe6-9cca-6a25122d474d@group-896385CD49EE-LeaderElection380] INFO  impl.RaftServerImpl (RaftServerImpl.java:setRole(184)) - b32d7882-88db-4fe6-9cca-6a25122d474d@group-896385CD49EE: changes role from CANDIDATE to FOLLOWER at term 342 for DISCOVERED_A_NEW_TERM
2019-10-17 02:15:15,186 [b32d7882-88db-4fe6-9cca-6a25122d474d@group-896385CD49EE-LeaderElection380] INFO  impl.RoleInfo (RoleInfo.java:shutdownLeaderElection(134)) - b32d7882-88db-4fe6-9cca-6a25122d474d: shutdown LeaderElection
2019-10-17 02:15:15,186 [b32d7882-88db-4fe6-9cca-6a25122d474d@group-896385CD49EE-LeaderElection380] INFO  impl.RoleInfo (RoleInfo.java:updateAndGet(143)) - b32d7882-88db-4fe6-9cca-6a25122d474d: start FollowerState
2019-10-17 02:15:15,288 [Thread-3444] INFO  impl.FollowerState (FollowerState.java:run(108)) - b32d7882-88db-4fe6-9cca-6a25122d474d@group-896385CD49EE-FollowerState: change to CANDIDATE, lastRpcTime:102ms, electionTimeout:102ms
2019-10-17 02:15:15,288 [Thread-3444] INFO  impl.RoleInfo (RoleInfo.java:shutdownFollowerState(121)) - b32d7882-88db-4fe6-9cca-6a25122d474d: shutdown FollowerState
2019-10-17 02:15:15,288 [Thread-3444] INFO  impl.RaftServerImpl (RaftServerImpl.java:setRole(184)) - b32d7882-88db-4fe6-9cca-6a25122d474d@group-896385CD49EE: changes role from  FOLLOWER to CANDIDATE at term 342 for changeToCandidate
2019-10-17 02:15:15,288 [Thread-3444] INFO  impl.RoleInfo (RoleInfo.java:updateAndGet(143)) - b32d7882-88db-4fe6-9cca-6a25122d474d: start LeaderElection
2019-10-17 02:15:15,308 [b32d7882-88db-4fe6-9cca-6a25122d474d@group-896385CD49EE-LeaderElection381] INFO  impl.LeaderElection (LeaderElection.java:askForVotes(178)) - b32d7882-88db-4fe6-9cca-6a25122d474d@group-896385CD49EE-LeaderElection381: begin an election at term 343 for -1: [b32d7882-88db-4fe6-9cca-6a25122d474d:192.168.157.194:42206, 3aea292b-16fb-4e9b-be90-828afa8e8047:192.168.157.194:34569, a6b2ebfb-69a0-457c-b6cd-a50cc148b564:192.168.157.194:37298], old=null
2019-10-17 02:15:15,309 [grpc-default-executor-0] INFO  impl.RaftServerImpl (RaftServerImpl.java:setRole(184)) - 3aea292b-16fb-4e9b-be90-828afa8e8047@group-896385CD49EE: changes role from  FOLLOWER to FOLLOWER at term 343 for recognizeCandidate:b32d7882-88db-4fe6-9cca-6a25122d474d
2019-10-17 02:15:15,309 [grpc-default-executor-0] INFO  impl.RoleInfo (RoleInfo.java:shutdownFollowerState(121)) - 3aea292b-16fb-4e9b-be90-828afa8e8047: shutdown FollowerState
2019-10-17 02:15:15,309 [grpc-default-executor-1] INFO  impl.RaftServerImpl (RaftServerImpl.java:setRole(184)) - a6b2ebfb-69a0-457c-b6cd-a50cc148b564@group-896385CD49EE: changes role from  FOLLOWER to FOLLOWER at term 343 for recognizeCandidate:b32d7882-88db-4fe6-9cca-6a25122d474d
2019-10-17 02:15:15,310 [grpc-default-executor-1] INFO  impl.RoleInfo (RoleInfo.java:shutdownFollowerState(121)) - a6b2ebfb-69a0-457c-b6cd-a50cc148b564: shutdown FollowerState
2019-10-17 02:15:15,310 [Thread-3442] INFO  impl.FollowerState (FollowerState.java:run(117)) - 3aea292b-16fb-4e9b-be90-828afa8e8047@group-896385CD49EE-FollowerState was interrupted: java.lang.InterruptedException: sleep interrupted
2019-10-17 02:15:15,310 [grpc-default-executor-0] INFO  impl.RoleInfo (RoleInfo.java:updateAndGet(143)) - 3aea292b-16fb-4e9b-be90-828afa8e8047: start FollowerState
2019-10-17 02:15:15,310 [grpc-default-executor-1] INFO  impl.RoleInfo (RoleInfo.java:updateAndGet(143)) - a6b2ebfb-69a0-457c-b6cd-a50cc148b564: start FollowerState
2019-10-17 02:15:15,310 [Thread-3443] INFO  impl.FollowerState (FollowerState.java:run(117)) - a6b2ebfb-69a0-457c-b6cd-a50cc148b564@group-896385CD49EE-FollowerState was interrupted: java.lang.InterruptedException: sleep interrupted
2019-10-17 02:15:15,332 [b32d7882-88db-4fe6-9cca-6a25122d474d@group-896385CD49EE-LeaderElection381] INFO  impl.LeaderElection (LeaderElection.java:logAndReturn(56)) - b32d7882-88db-4fe6-9cca-6a25122d474d@group-896385CD49EE-LeaderElection381: Election REJECTED; received 2 response(s) [b32d7882-88db-4fe6-9cca-6a25122d474d<-3aea292b-16fb-4e9b-be90-828afa8e8047#0:FAIL-t343, b32d7882-88db-4fe6-9cca-6a25122d474d<-a6b2ebfb-69a0-457c-b6cd-a50cc148b564#0:FAIL-t343] and 0 exception(s); b32d7882-88db-4fe6-9cca-6a25122d474d@group-896385CD49EE:t343, leader=null, voted=b32d7882-88db-4fe6-9cca-6a25122d474d, raftlog=b32d7882-88db-4fe6-9cca-6a25122d474d@group-896385CD49EE-SegmentedRaftLog:OPENED:c-1,f-1,i0, conf=-1: [b32d7882-88db-4fe6-9cca-6a25122d474d:192.168.157.194:42206, 3aea292b-16fb-4e9b-be90-828afa8e8047:192.168.157.194:34569, a6b2ebfb-69a0-457c-b6cd-a50cc148b564:192.168.157.194:37298], old=null
2019-10-17 02:15:15,332 [b32d7882-88db-4fe6-9cca-6a25122d474d@group-896385CD49EE-LeaderElection381] INFO  impl.RaftServerImpl (RaftServerImpl.java:setRole(184)) - b32d7882-88db-4fe6-9cca-6a25122d474d@group-896385CD49EE: changes role from CANDIDATE to FOLLOWER at term 343 for DISCOVERED_A_NEW_TERM
2019-10-17 02:15:15,332 [b32d7882-88db-4fe6-9cca-6a25122d474d@group-896385CD49EE-LeaderElection381] INFO  impl.RoleInfo (RoleInfo.java:shutdownLeaderElection(134)) - b32d7882-88db-4fe6-9cca-6a25122d474d: shutdown LeaderElection
2019-10-17 02:15:15,332 [b32d7882-88db-4fe6-9cca-6a25122d474d@group-896385CD49EE-LeaderElection381] INFO  impl.RoleInfo (RoleInfo.java:updateAndGet(143)) - b32d7882-88db-4fe6-9cca-6a25122d474d: start FollowerState
2019-10-17 02:15:15,500 [Thread-3450] INFO  impl.FollowerState (FollowerState.java:run(108)) - b32d7882-88db-4fe6-9cca-6a25122d474d@group-896385CD49EE-FollowerState: change to CANDIDATE, lastRpcTime:168ms, electionTimeout:168ms
2019-10-17 02:15:15,500 [Thread-3450] INFO  impl.RoleInfo (RoleInfo.java:shutdownFollowerState(121)) - b32d7882-88db-4fe6-9cca-6a25122d474d: shutdown FollowerState
2019-10-17 02:15:15,501 [Thread-3450] INFO  impl.RaftServerImpl (RaftServerImpl.java:setRole(184)) - b32d7882-88db-4fe6-9cca-6a25122d474d@group-896385CD49EE: changes role from  FOLLOWER to CANDIDATE at term 343 for changeToCandidate
2019-10-17 02:15:15,501 [Thread-3450] INFO  impl.RoleInfo (RoleInfo.java:updateAndGet(143)) - b32d7882-88db-4fe6-9cca-6a25122d474d: start LeaderElection
2019-10-17 02:15:15,506 [b32d7882-88db-4fe6-9cca-6a25122d474d@group-896385CD49EE-LeaderElection382] INFO  impl.LeaderElection (LeaderElection.java:askForVotes(178)) - b32d7882-88db-4fe6-9cca-6a25122d474d@group-896385CD49EE-LeaderElection382: begin an election at term 344 for -1: [b32d7882-88db-4fe6-9cca-6a25122d474d:192.168.157.194:42206, 3aea292b-16fb-4e9b-be90-828afa8e8047:192.168.157.194:34569, a6b2ebfb-69a0-457c-b6cd-a50cc148b564:192.168.157.194:37298], old=null
2019-10-17 02:15:15,508 [grpc-default-executor-1] INFO  impl.RaftServerImpl (RaftServerImpl.java:setRole(184)) - a6b2ebfb-69a0-457c-b6cd-a50cc148b564@group-896385CD49EE: changes role from  FOLLOWER to FOLLOWER at term 344 for recognizeCandidate:b32d7882-88db-4fe6-9cca-6a25122d474d
2019-10-17 02:15:15,508 [grpc-default-executor-1] INFO  impl.RoleInfo (RoleInfo.java:shutdownFollowerState(121)) - a6b2ebfb-69a0-457c-b6cd-a50cc148b564: shutdown FollowerState
2019-10-17 02:15:15,508 [grpc-default-executor-1] INFO  impl.RoleInfo (RoleInfo.java:updateAndGet(143)) - a6b2ebfb-69a0-457c-b6cd-a50cc148b564: start FollowerState
2019-10-17 02:15:15,508 [Thread-3449] INFO  impl.FollowerState (FollowerState.java:run(117)) - a6b2ebfb-69a0-457c-b6cd-a50cc148b564@group-896385CD49EE-FollowerState was interrupted: java.lang.InterruptedException: sleep interrupted
2019-10-17 02:15:15,508 [grpc-default-executor-0] INFO  impl.RaftServerImpl (RaftServerImpl.java:setRole(184)) - 3aea292b-16fb-4e9b-be90-828afa8e8047@group-896385CD49EE: changes role from  FOLLOWER to FOLLOWER at term 344 for recognizeCandidate:b32d7882-88db-4fe6-9cca-6a25122d474d
2019-10-17 02:15:15,509 [grpc-default-executor-0] INFO  impl.RoleInfo (RoleInfo.java:shutdownFollowerState(121)) - 3aea292b-16fb-4e9b-be90-828afa8e8047: shutdown FollowerState
2019-10-17 02:15:15,509 [grpc-default-executor-0] INFO  impl.RoleInfo (RoleInfo.java:updateAndGet(143)) - 3aea292b-16fb-4e9b-be90-828afa8e8047: start FollowerState
2019-10-17 02:15:15,509 [Thread-3448] INFO  impl.FollowerState (FollowerState.java:run(117)) - 3aea292b-16fb-4e9b-be90-828afa8e8047@group-896385CD49EE-FollowerState was interrupted: java.lang.InterruptedException: sleep interrupted
2019-10-17 02:15:15,523 [b32d7882-88db-4fe6-9cca-6a25122d474d@group-896385CD49EE-LeaderElection382] INFO  impl.LeaderElection (LeaderElection.java:logAndReturn(56)) - b32d7882-88db-4fe6-9cca-6a25122d474d@group-896385CD49EE-LeaderElection382: Election REJECTED; received 2 response(s) [b32d7882-88db-4fe6-9cca-6a25122d474d<-3aea292b-16fb-4e9b-be90-828afa8e8047#0:FAIL-t344, b32d7882-88db-4fe6-9cca-6a25122d474d<-a6b2ebfb-69a0-457c-b6cd-a50cc148b564#0:FAIL-t344] and 0 exception(s); b32d7882-88db-4fe6-9cca-6a25122d474d@group-896385CD49EE:t344, leader=null, voted=b32d7882-88db-4fe6-9cca-6a25122d474d, raftlog=b32d7882-88db-4fe6-9cca-6a25122d474d@group-896385CD49EE-SegmentedRaftLog:OPENED:c-1,f-1,i0, conf=-1: [b32d7882-88db-4fe6-9cca-6a25122d474d:192.168.157.194:42206, 3aea292b-16fb-4e9b-be90-828afa8e8047:192.168.157.194:34569, a6b2ebfb-69a0-457c-b6cd-a50cc148b564:192.168.157.194:37298], old=null
2019-10-17 02:15:15,523 [b32d7882-88db-4fe6-9cca-6a25122d474d@group-896385CD49EE-LeaderElection382] INFO  impl.RaftServerImpl (RaftServerImpl.java:setRole(184)) - b32d7882-88db-4fe6-9cca-6a25122d474d@group-896385CD49EE: changes role from CANDIDATE to FOLLOWER at term 344 for DISCOVERED_A_NEW_TERM
2019-10-17 02:15:15,523 [b32d7882-88db-4fe6-9cca-6a25122d474d@group-896385CD49EE-LeaderElection382] INFO  impl.RoleInfo (RoleInfo.java:shutdownLeaderElection(134)) - b32d7882-88db-4fe6-9cca-6a25122d474d: shutdown LeaderElection
2019-10-17 02:15:15,523 [b32d7882-88db-4fe6-9cca-6a25122d474d@group-896385CD49EE-LeaderElection382] INFO  impl.RoleInfo (RoleInfo.java:updateAndGet(143)) - b32d7882-88db-4fe6-9cca-6a25122d474d: start FollowerState
2019-10-17 02:15:15,576 [Thread-3456] INFO  impl.FollowerState (FollowerState.java:run(108)) - b32d7882-88db-4fe6-9cca-6a25122d474d@group-896385CD49EE-FollowerState: change to CANDIDATE, lastRpcTime:53ms, electionTimeout:53ms
2019-10-17 02:15:15,577 [Thread-3456] INFO  impl.RoleInfo (RoleInfo.java:shutdownFollowerState(121)) - b32d7882-88db-4fe6-9cca-6a25122d474d: shutdown FollowerState
2019-10-17 02:15:15,577 [Thread-3456] INFO  impl.RaftServerImpl (RaftServerImpl.java:setRole(184)) - b32d7882-88db-4fe6-9cca-6a25122d474d@group-896385CD49EE: changes role from  FOLLOWER to CANDIDATE at term 344 for changeToCandidate
2019-10-17 02:15:15,577 [Thread-3456] INFO  impl.RoleInfo (RoleInfo.java:updateAndGet(143)) - b32d7882-88db-4fe6-9cca-6a25122d474d: start LeaderElection
2019-10-17 02:15:15,590 [b32d7882-88db-4fe6-9cca-6a25122d474d@group-896385CD49EE-LeaderElection383] INFO  impl.LeaderElection (LeaderElection.java:askForVotes(178)) - b32d7882-88db-4fe6-9cca-6a25122d474d@group-896385CD49EE-LeaderElection383: begin an election at term 345 for -1: [b32d7882-88db-4fe6-9cca-6a25122d474d:192.168.157.194:42206, 3aea292b-16fb-4e9b-be90-828afa8e8047:192.168.157.194:34569, a6b2ebfb-69a0-457c-b6cd-a50cc148b564:192.168.157.194:37298], old=null
2019-10-17 02:15:15,593 [grpc-default-executor-1] INFO  impl.RaftServerImpl (RaftServerImpl.java:setRole(184)) - a6b2ebfb-69a0-457c-b6cd-a50cc148b564@group-896385CD49EE: changes role from  FOLLOWER to FOLLOWER at term 345 for recognizeCandidate:b32d7882-88db-4fe6-9cca-6a25122d474d
2019-10-17 02:15:15,593 [grpc-default-executor-1] INFO  impl.RoleInfo (RoleInfo.java:shutdownFollowerState(121)) - a6b2ebfb-69a0-457c-b6cd-a50cc148b564: shutdown FollowerState
2019-10-17 02:15:15,593 [grpc-default-executor-1] INFO  impl.RoleInfo (RoleInfo.java:updateAndGet(143)) - a6b2ebfb-69a0-457c-b6cd-a50cc148b564: start FollowerState
2019-10-17 02:15:15,593 [Thread-3454] INFO  impl.FollowerState (FollowerState.java:run(117)) - a6b2ebfb-69a0-457c-b6cd-a50cc148b564@group-896385CD49EE-FollowerState was interrupted: java.lang.InterruptedException: sleep interrupted
2019-10-17 02:15:15,593 [grpc-default-executor-0] INFO  impl.RaftServerImpl (RaftServerImpl.java:setRole(184)) - 3aea292b-16fb-4e9b-be90-828afa8e8047@group-896385CD49EE: changes role from  FOLLOWER to FOLLOWER at term 345 for recognizeCandidate:b32d7882-88db-4fe6-9cca-6a25122d474d
2019-10-17 02:15:15,594 [grpc-default-executor-0] INFO  impl.RoleInfo (RoleInfo.java:shutdownFollowerState(121)) - 3aea292b-16fb-4e9b-be90-828afa8e8047: shutdown FollowerState
2019-10-17 02:15:15,594 [grpc-default-executor-0] INFO  impl.RoleInfo (RoleInfo.java:updateAndGet(143)) - 3aea292b-16fb-4e9b-be90-828afa8e8047: start FollowerState
2019-10-17 02:15:15,594 [Thread-3455] INFO  impl.FollowerState (FollowerState.java:run(117)) - 3aea292b-16fb-4e9b-be90-828afa8e8047@group-896385CD49EE-FollowerState was interrupted: java.lang.InterruptedException: sleep interrupted
2019-10-17 02:15:15,610 [b32d7882-88db-4fe6-9cca-6a25122d474d@group-896385CD49EE-LeaderElection383] INFO  impl.LeaderElection (LeaderElection.java:logAndReturn(56)) - b32d7882-88db-4fe6-9cca-6a25122d474d@group-896385CD49EE-LeaderElection383: Election REJECTED; received 2 response(s) [b32d7882-88db-4fe6-9cca-6a25122d474d<-3aea292b-16fb-4e9b-be90-828afa8e8047#0:FAIL-t345, b32d7882-88db-4fe6-9cca-6a25122d474d<-a6b2ebfb-69a0-457c-b6cd-a50cc148b564#0:FAIL-t345] and 0 exception(s); b32d7882-88db-4fe6-9cca-6a25122d474d@group-896385CD49EE:t345, leader=null, voted=b32d7882-88db-4fe6-9cca-6a25122d474d, raftlog=b32d7882-88db-4fe6-9cca-6a25122d474d@group-896385CD49EE-SegmentedRaftLog:OPENED:c-1,f-1,i0, conf=-1: [b32d7882-88db-4fe6-9cca-6a25122d474d:192.168.157.194:42206, 3aea292b-16fb-4e9b-be90-828afa8e8047:192.168.157.194:34569, a6b2ebfb-69a0-457c-b6cd-a50cc148b564:192.168.157.194:37298], old=null
2019-10-17 02:15:15,610 [b32d7882-88db-4fe6-9cca-6a25122d474d@group-896385CD49EE-LeaderElection383] INFO  impl.RaftServerImpl (RaftServerImpl.java:setRole(184)) - b32d7882-88db-4fe6-9cca-6a25122d474d@group-896385CD49EE: changes role from CANDIDATE to FOLLOWER at term 345 for DISCOVERED_A_NEW_TERM
2019-10-17 02:15:15,610 [b32d7882-88db-4fe6-9cca-6a25122d474d@group-896385CD49EE-LeaderElection383] INFO  impl.RoleInfo (RoleInfo.java:shutdownLeaderElection(134)) - b32d7882-88db-4fe6-9cca-6a25122d474d: shutdown LeaderElection
2019-10-17 02:15:15,610 [b32d7882-88db-4fe6-9cca-6a25122d474d@group-896385CD49EE-LeaderElection383] INFO  impl.RoleInfo (RoleInfo.java:updateAndGet(143)) - b32d7882-88db-4fe6-9cca-6a25122d474d: start FollowerState
2019-10-17 02:15:15,791 [Thread-3462] INFO  impl.FollowerState (FollowerState.java:run(108)) - b32d7882-88db-4fe6-9cca-6a25122d474d@group-896385CD49EE-FollowerState: change to CANDIDATE, lastRpcTime:180ms, electionTimeout:179ms
2019-10-17 02:15:15,791 [Thread-3462] INFO  impl.RoleInfo (RoleInfo.java:shutdownFollowerState(121)) - b32d7882-88db-4fe6-9cca-6a25122d474d: shutdown FollowerState
2019-10-17 02:15:15,791 [Thread-3462] INFO  impl.RaftServerImpl (RaftServerImpl.java:setRole(184)) - b32d7882-88db-4fe6-9cca-6a25122d474d@group-896385CD49EE: changes role from  FOLLOWER to CANDIDATE at term 345 for changeToCandidate
2019-10-17 02:15:15,791 [Thread-3462] INFO  impl.RoleInfo (RoleInfo.java:updateAndGet(143)) - b32d7882-88db-4fe6-9cca-6a25122d474d: start LeaderElection
2019-10-17 02:15:15,805 [b32d7882-88db-4fe6-9cca-6a25122d474d@group-896385CD49EE-LeaderElection384] INFO  impl.LeaderElection (LeaderElection.java:askForVotes(178)) - b32d7882-88db-4fe6-9cca-6a25122d474d@group-896385CD49EE-LeaderElection384: begin an election at term 346 for -1: [b32d7882-88db-4fe6-9cca-6a25122d474d:192.168.157.194:42206, 3aea292b-16fb-4e9b-be90-828afa8e8047:192.168.157.194:34569, a6b2ebfb-69a0-457c-b6cd-a50cc148b564:192.168.157.194:37298], old=null
2019-10-17 02:15:15,806 [grpc-default-executor-0] INFO  impl.RaftServerImpl (RaftServerImpl.java:setRole(184)) - 3aea292b-16fb-4e9b-be90-828afa8e8047@group-896385CD49EE: changes role from  FOLLOWER to FOLLOWER at term 346 for recognizeCandidate:b32d7882-88db-4fe6-9cca-6a25122d474d
2019-10-17 02:15:15,807 [grpc-default-executor-0] INFO  impl.RoleInfo (RoleInfo.java:shutdownFollowerState(121)) - 3aea292b-16fb-4e9b-be90-828afa8e8047: shutdown FollowerState
2019-10-17 02:15:15,807 [grpc-default-executor-1] INFO  impl.RaftServerImpl (RaftServerImpl.java:setRole(184)) - a6b2ebfb-69a0-457c-b6cd-a50cc148b564@group-896385CD49EE: changes role from  FOLLOWER to FOLLOWER at term 346 for recognizeCandidate:b32d7882-88db-4fe6-9cca-6a25122d474d
2019-10-17 02:15:15,807 [grpc-default-executor-0] INFO  impl.RoleInfo (RoleInfo.java:updateAndGet(143)) - 3aea292b-16fb-4e9b-be90-828afa8e8047: start FollowerState
2019-10-17 02:15:15,807 [Thread-3461] INFO  impl.FollowerState (FollowerState.java:run(117)) - 3aea292b-16fb-4e9b-be90-828afa8e8047@group-896385CD49EE-FollowerState was interrupted: java.lang.InterruptedException: sleep interrupted
2019-10-17 02:15:15,807 [grpc-default-executor-1] INFO  impl.RoleInfo (RoleInfo.java:shutdownFollowerState(121)) - a6b2ebfb-69a0-457c-b6cd-a50cc148b564: shutdown FollowerState
2019-10-17 02:15:15,807 [grpc-default-executor-1] INFO  impl.RoleInfo (RoleInfo.java:updateAndGet(143)) - a6b2ebfb-69a0-457c-b6cd-a50cc148b564: start FollowerState
2019-10-17 02:15:15,807 [Thread-3460] INFO  impl.FollowerState (FollowerState.java:run(117)) - a6b2ebfb-69a0-457c-b6cd-a50cc148b564@group-896385CD49EE-FollowerState was interrupted: java.lang.InterruptedException: sleep interrupted
2019-10-17 02:15:15,830 [b32d7882-88db-4fe6-9cca-6a25122d474d@group-896385CD49EE-LeaderElection384] INFO  impl.LeaderElection (LeaderElection.java:logAndReturn(56)) - b32d7882-88db-4fe6-9cca-6a25122d474d@group-896385CD49EE-LeaderElection384: Election REJECTED; received 2 response(s) [b32d7882-88db-4fe6-9cca-6a25122d474d<-3aea292b-16fb-4e9b-be90-828afa8e8047#0:FAIL-t346, b32d7882-88db-4fe6-9cca-6a25122d474d<-a6b2ebfb-69a0-457c-b6cd-a50cc148b564#0:FAIL-t346] and 0 exception(s); b32d7882-88db-4fe6-9cca-6a25122d474d@group-896385CD49EE:t346, leader=null, voted=b32d7882-88db-4fe6-9cca-6a25122d474d, raftlog=b32d7882-88db-4fe6-9cca-6a25122d474d@group-896385CD49EE-SegmentedRaftLog:OPENED:c-1,f-1,i0, conf=-1: [b32d7882-88db-4fe6-9cca-6a25122d474d:192.168.157.194:42206, 3aea292b-16fb-4e9b-be90-828afa8e8047:192.168.157.194:34569, a6b2ebfb-69a0-457c-b6cd-a50cc148b564:192.168.157.194:37298], old=null
2019-10-17 02:15:15,831 [b32d7882-88db-4fe6-9cca-6a25122d474d@group-896385CD49EE-LeaderElection384] INFO  impl.RaftServerImpl (RaftServerImpl.java:setRole(184)) - b32d7882-88db-4fe6-9cca-6a25122d474d@group-896385CD49EE: changes role from CANDIDATE to FOLLOWER at term 346 for DISCOVERED_A_NEW_TERM
2019-10-17 02:15:15,831 [b32d7882-88db-4fe6-9cca-6a25122d474d@group-896385CD49EE-LeaderElection384] INFO  impl.RoleInfo (RoleInfo.java:shutdownLeaderElection(134)) - b32d7882-88db-4fe6-9cca-6a25122d474d: shutdown LeaderElection
2019-10-17 02:15:15,831 [b32d7882-88db-4fe6-9cca-6a25122d474d@group-896385CD49EE-LeaderElection384] INFO  impl.RoleInfo (RoleInfo.java:updateAndGet(143)) - b32d7882-88db-4fe6-9cca-6a25122d474d: start FollowerState
2019-10-17 02:15:16,004 [Thread-3468] INFO  impl.FollowerState (FollowerState.java:run(108)) - b32d7882-88db-4fe6-9cca-6a25122d474d@group-896385CD49EE-FollowerState: change to CANDIDATE, lastRpcTime:173ms, electionTimeout:173ms
2019-10-17 02:15:16,004 [Thread-3468] INFO  impl.RoleInfo (RoleInfo.java:shutdownFollowerState(121)) - b32d7882-88db-4fe6-9cca-6a25122d474d: shutdown FollowerState
2019-10-17 02:15:16,005 [Thread-3468] INFO  impl.RaftServerImpl (RaftServerImpl.java:setRole(184)) - b32d7882-88db-4fe6-9cca-6a25122d474d@group-896385CD49EE: changes role from  FOLLOWER to CANDIDATE at term 346 for changeToCandidate
2019-10-17 02:15:16,005 [Thread-3468] INFO  impl.RoleInfo (RoleInfo.java:updateAndGet(143)) - b32d7882-88db-4fe6-9cca-6a25122d474d: start LeaderElection
2019-10-17 02:15:16,017 [b32d7882-88db-4fe6-9cca-6a25122d474d@group-896385CD49EE-LeaderElection385] INFO  impl.LeaderElection (LeaderElection.java:askForVotes(178)) - b32d7882-88db-4fe6-9cca-6a25122d474d@group-896385CD49EE-LeaderElection385: begin an election at term 347 for -1: [b32d7882-88db-4fe6-9cca-6a25122d474d:192.168.157.194:42206, 3aea292b-16fb-4e9b-be90-828afa8e8047:192.168.157.194:34569, a6b2ebfb-69a0-457c-b6cd-a50cc148b564:192.168.157.194:37298], old=null
2019-10-17 02:15:16,019 [grpc-default-executor-0] INFO  impl.RaftServerImpl (RaftServerImpl.java:setRole(184)) - 3aea292b-16fb-4e9b-be90-828afa8e8047@group-896385CD49EE: changes role from  FOLLOWER to FOLLOWER at term 347 for recognizeCandidate:b32d7882-88db-4fe6-9cca-6a25122d474d
2019-10-17 02:15:16,019 [grpc-default-executor-0] INFO  impl.RoleInfo (RoleInfo.java:shutdownFollowerState(121)) - 3aea292b-16fb-4e9b-be90-828afa8e8047: shutdown FollowerState
2019-10-17 02:15:16,019 [grpc-default-executor-1] INFO  impl.RaftServerImpl (RaftServerImpl.java:setRole(184)) - a6b2ebfb-69a0-457c-b6cd-a50cc148b564@group-896385CD49EE: changes role from  FOLLOWER to FOLLOWER at term 347 for recognizeCandidate:b32d7882-88db-4fe6-9cca-6a25122d474d
2019-10-17 02:15:16,019 [grpc-default-executor-1] INFO  impl.RoleInfo (RoleInfo.java:shutdownFollowerState(121)) - a6b2ebfb-69a0-457c-b6cd-a50cc148b564: shutdown FollowerState
2019-10-17 02:15:16,019 [Thread-3466] INFO  impl.FollowerState (FollowerState.java:run(117)) - 3aea292b-16fb-4e9b-be90-828afa8e8047@group-896385CD49EE-FollowerState was interrupted: java.lang.InterruptedException: sleep interrupted
2019-10-17 02:15:16,019 [grpc-default-executor-0] INFO  impl.RoleInfo (RoleInfo.java:updateAndGet(143)) - 3aea292b-16fb-4e9b-be90-828afa8e8047: start FollowerState
2019-10-17 02:15:16,019 [Thread-3467] INFO  impl.FollowerState (FollowerState.java:run(117)) - a6b2ebfb-69a0-457c-b6cd-a50cc148b564@group-896385CD49EE-FollowerState was interrupted: java.lang.InterruptedException: sleep interrupted
2019-10-17 02:15:16,019 [grpc-default-executor-1] INFO  impl.RoleInfo (RoleInfo.java:updateAndGet(143)) - a6b2ebfb-69a0-457c-b6cd-a50cc148b564: start FollowerState
2019-10-17 02:15:16,033 [b32d7882-88db-4fe6-9cca-6a25122d474d@group-896385CD49EE-LeaderElection385] INFO  impl.LeaderElection (LeaderElection.java:logAndReturn(56)) - b32d7882-88db-4fe6-9cca-6a25122d474d@group-896385CD49EE-LeaderElection385: Election REJECTED; received 2 response(s) [b32d7882-88db-4fe6-9cca-6a25122d474d<-3aea292b-16fb-4e9b-be90-828afa8e8047#0:FAIL-t347, b32d7882-88db-4fe6-9cca-6a25122d474d<-a6b2ebfb-69a0-457c-b6cd-a50cc148b564#0:FAIL-t347] and 0 exception(s); b32d7882-88db-4fe6-9cca-6a25122d474d@group-896385CD49EE:t347, leader=null, voted=b32d7882-88db-4fe6-9cca-6a25122d474d, raftlog=b32d7882-88db-4fe6-9cca-6a25122d474d@group-896385CD49EE-SegmentedRaftLog:OPENED:c-1,f-1,i0, conf=-1: [b32d7882-88db-4fe6-9cca-6a25122d474d:192.168.157.194:42206, 3aea292b-16fb-4e9b-be90-828afa8e8047:192.168.157.194:34569, a6b2ebfb-69a0-457c-b6cd-a50cc148b564:192.168.157.194:37298], old=null
2019-10-17 02:15:16,034 [b32d7882-88db-4fe6-9cca-6a25122d474d@group-896385CD49EE-LeaderElection385] INFO  impl.RaftServerImpl (RaftServerImpl.java:setRole(184)) - b32d7882-88db-4fe6-9cca-6a25122d474d@group-896385CD49EE: changes role from CANDIDATE to FOLLOWER at term 347 for DISCOVERED_A_NEW_TERM
2019-10-17 02:15:16,034 [b32d7882-88db-4fe6-9cca-6a25122d474d@group-896385CD49EE-LeaderElection385] INFO  impl.RoleInfo (RoleInfo.java:shutdownLeaderElection(134)) - b32d7882-88db-4fe6-9cca-6a25122d474d: shutdown LeaderElection
2019-10-17 02:15:16,034 [b32d7882-88db-4fe6-9cca-6a25122d474d@group-896385CD49EE-LeaderElection385] INFO  impl.RoleInfo (RoleInfo.java:updateAndGet(143)) - b32d7882-88db-4fe6-9cca-6a25122d474d: start FollowerState
2019-10-17 02:15:16,168 [Thread-3474] INFO  impl.FollowerState (FollowerState.java:run(108)) - b32d7882-88db-4fe6-9cca-6a25122d474d@group-896385CD49EE-FollowerState: change to CANDIDATE, lastRpcTime:134ms, electionTimeout:134ms
2019-10-17 02:15:16,168 [Thread-3474] INFO  impl.RoleInfo (RoleInfo.java:shutdownFollowerState(121)) - b32d7882-88db-4fe6-9cca-6a25122d474d: shutdown FollowerState
2019-10-17 02:15:16,168 [Thread-3474] INFO  impl.RaftServerImpl (RaftServerImpl.java:setRole(184)) - b32d7882-88db-4fe6-9cca-6a25122d474d@group-896385CD49EE: changes role from  FOLLOWER to CANDIDATE at term 347 for changeToCandidate
2019-10-17 02:15:16,169 [Thread-3474] INFO  impl.RoleInfo (RoleInfo.java:updateAndGet(143)) - b32d7882-88db-4fe6-9cca-6a25122d474d: start LeaderElection
2019-10-17 02:15:16,183 [b32d7882-88db-4fe6-9cca-6a25122d474d@group-896385CD49EE-LeaderElection386] INFO  impl.LeaderElection (LeaderElection.java:askForVotes(178)) - b32d7882-88db-4fe6-9cca-6a25122d474d@group-896385CD49EE-LeaderElection386: begin an election at term 348 for -1: [b32d7882-88db-4fe6-9cca-6a25122d474d:192.168.157.194:42206, 3aea292b-16fb-4e9b-be90-828afa8e8047:192.168.157.194:34569, a6b2ebfb-69a0-457c-b6cd-a50cc148b564:192.168.157.194:37298], old=null
2019-10-17 02:15:16,183 [main] INFO  ozone.MiniOzoneClusterImpl (MiniOzoneClusterImpl.java:lambda$waitForClusterToBeReady$2(164)) - Waiting for 1 number of pipelines out of 4, to report a leader.
2019-10-17 02:15:16,185 [grpc-default-executor-0] INFO  impl.RaftServerImpl (RaftServerImpl.java:setRole(184)) - 3aea292b-16fb-4e9b-be90-828afa8e8047@group-896385CD49EE: changes role from  FOLLOWER to FOLLOWER at term 348 for recognizeCandidate:b32d7882-88db-4fe6-9cca-6a25122d474d
2019-10-17 02:15:16,185 [grpc-default-executor-0] INFO  impl.RoleInfo (RoleInfo.java:shutdownFollowerState(121)) - 3aea292b-16fb-4e9b-be90-828afa8e8047: shutdown FollowerState
2019-10-17 02:15:16,185 [grpc-default-executor-1] INFO  impl.RaftServerImpl (RaftServerImpl.java:setRole(184)) - a6b2ebfb-69a0-457c-b6cd-a50cc148b564@group-896385CD49EE: changes role from  FOLLOWER to FOLLOWER at term 348 for recognizeCandidate:b32d7882-88db-4fe6-9cca-6a25122d474d
2019-10-17 02:15:16,185 [Thread-3472] INFO  impl.FollowerState (FollowerState.java:run(117)) - 3aea292b-16fb-4e9b-be90-828afa8e8047@group-896385CD49EE-FollowerState was interrupted: java.lang.InterruptedException: sleep interrupted
2019-10-17 02:15:16,185 [grpc-default-executor-0] INFO  impl.RoleInfo (RoleInfo.java:updateAndGet(143)) - 3aea292b-16fb-4e9b-be90-828afa8e8047: start FollowerState
2019-10-17 02:15:16,185 [grpc-default-executor-1] INFO  impl.RoleInfo (RoleInfo.java:shutdownFollowerState(121)) - a6b2ebfb-69a0-457c-b6cd-a50cc148b564: shutdown FollowerState
2019-10-17 02:15:16,185 [grpc-default-executor-1] INFO  impl.RoleInfo (RoleInfo.java:updateAndGet(143)) - a6b2ebfb-69a0-457c-b6cd-a50cc148b564: start FollowerState
2019-10-17 02:15:16,185 [Thread-3473] INFO  impl.FollowerState (FollowerState.java:run(117)) - a6b2ebfb-69a0-457c-b6cd-a50cc148b564@group-896385CD49EE-FollowerState was interrupted: java.lang.InterruptedException: sleep interrupted
2019-10-17 02:15:16,201 [b32d7882-88db-4fe6-9cca-6a25122d474d@group-896385CD49EE-LeaderElection386] INFO  impl.LeaderElection (LeaderElection.java:logAndReturn(56)) - b32d7882-88db-4fe6-9cca-6a25122d474d@group-896385CD49EE-LeaderElection386: Election REJECTED; received 2 response(s) [b32d7882-88db-4fe6-9cca-6a25122d474d<-3aea292b-16fb-4e9b-be90-828afa8e8047#0:FAIL-t348, b32d7882-88db-4fe6-9cca-6a25122d474d<-a6b2ebfb-69a0-457c-b6cd-a50cc148b564#0:FAIL-t348] and 0 exception(s); b32d7882-88db-4fe6-9cca-6a25122d474d@group-896385CD49EE:t348, leader=null, voted=b32d7882-88db-4fe6-9cca-6a25122d474d, raftlog=b32d7882-88db-4fe6-9cca-6a25122d474d@group-896385CD49EE-SegmentedRaftLog:OPENED:c-1,f-1,i0, conf=-1: [b32d7882-88db-4fe6-9cca-6a25122d474d:192.168.157.194:42206, 3aea292b-16fb-4e9b-be90-828afa8e8047:192.168.157.194:34569, a6b2ebfb-69a0-457c-b6cd-a50cc148b564:192.168.157.194:37298], old=null
2019-10-17 02:15:16,201 [b32d7882-88db-4fe6-9cca-6a25122d474d@group-896385CD49EE-LeaderElection386] INFO  impl.RaftServerImpl (RaftServerImpl.java:setRole(184)) - b32d7882-88db-4fe6-9cca-6a25122d474d@group-896385CD49EE: changes role from CANDIDATE to FOLLOWER at term 348 for DISCOVERED_A_NEW_TERM
2019-10-17 02:15:16,202 [b32d7882-88db-4fe6-9cca-6a25122d474d@group-896385CD49EE-LeaderElection386] INFO  impl.RoleInfo (RoleInfo.java:shutdownLeaderElection(134)) - b32d7882-88db-4fe6-9cca-6a25122d474d: shutdown LeaderElection
2019-10-17 02:15:16,202 [b32d7882-88db-4fe6-9cca-6a25122d474d@group-896385CD49EE-LeaderElection386] INFO  impl.RoleInfo (RoleInfo.java:updateAndGet(143)) - b32d7882-88db-4fe6-9cca-6a25122d474d: start FollowerState
2019-10-17 02:15:16,327 [Thread-3480] INFO  impl.FollowerState (FollowerState.java:run(108)) - b32d7882-88db-4fe6-9cca-6a25122d474d@group-896385CD49EE-FollowerState: change to CANDIDATE, lastRpcTime:125ms, electionTimeout:125ms
2019-10-17 02:15:16,327 [Thread-3480] INFO  impl.RoleInfo (RoleInfo.java:shutdownFollowerState(121)) - b32d7882-88db-4fe6-9cca-6a25122d474d: shutdown FollowerState
2019-10-17 02:15:16,327 [Thread-3480] INFO  impl.RaftServerImpl (RaftServerImpl.java:setRole(184)) - b32d7882-88db-4fe6-9cca-6a25122d474d@group-896385CD49EE: changes role from  FOLLOWER to CANDIDATE at term 348 for changeToCandidate
2019-10-17 02:15:16,327 [Thread-3480] INFO  impl.RoleInfo (RoleInfo.java:updateAndGet(143)) - b32d7882-88db-4fe6-9cca-6a25122d474d: start LeaderElection
2019-10-17 02:15:16,341 [b32d7882-88db-4fe6-9cca-6a25122d474d@group-896385CD49EE-LeaderElection387] INFO  impl.LeaderElection (LeaderElection.java:askForVotes(178)) - b32d7882-88db-4fe6-9cca-6a25122d474d@group-896385CD49EE-LeaderElection387: begin an election at term 349 for -1: [b32d7882-88db-4fe6-9cca-6a25122d474d:192.168.157.194:42206, 3aea292b-16fb-4e9b-be90-828afa8e8047:192.168.157.194:34569, a6b2ebfb-69a0-457c-b6cd-a50cc148b564:192.168.157.194:37298], old=null
2019-10-17 02:15:16,343 [grpc-default-executor-0] INFO  impl.RaftServerImpl (RaftServerImpl.java:setRole(184)) - a6b2ebfb-69a0-457c-b6cd-a50cc148b564@group-896385CD49EE: changes role from  FOLLOWER to FOLLOWER at term 349 for recognizeCandidate:b32d7882-88db-4fe6-9cca-6a25122d474d
2019-10-17 02:15:16,343 [grpc-default-executor-0] INFO  impl.RoleInfo (RoleInfo.java:shutdownFollowerState(121)) - a6b2ebfb-69a0-457c-b6cd-a50cc148b564: shutdown FollowerState
2019-10-17 02:15:16,343 [grpc-default-executor-0] INFO  impl.RoleInfo (RoleInfo.java:updateAndGet(143)) - a6b2ebfb-69a0-457c-b6cd-a50cc148b564: start FollowerState
2019-10-17 02:15:16,343 [Thread-3479] INFO  impl.FollowerState (FollowerState.java:run(117)) - a6b2ebfb-69a0-457c-b6cd-a50cc148b564@group-896385CD49EE-FollowerState was interrupted: java.lang.InterruptedException: sleep interrupted
2019-10-17 02:15:16,344 [grpc-default-executor-1] INFO  impl.RaftServerImpl (RaftServerImpl.java:setRole(184)) - 3aea292b-16fb-4e9b-be90-828afa8e8047@group-896385CD49EE: changes role from  FOLLOWER to FOLLOWER at term 349 for recognizeCandidate:b32d7882-88db-4fe6-9cca-6a25122d474d
2019-10-17 02:15:16,344 [grpc-default-executor-1] INFO  impl.RoleInfo (RoleInfo.java:shutdownFollowerState(121)) - 3aea292b-16fb-4e9b-be90-828afa8e8047: shutdown FollowerState
2019-10-17 02:15:16,344 [grpc-default-executor-1] INFO  impl.RoleInfo (RoleInfo.java:updateAndGet(143)) - 3aea292b-16fb-4e9b-be90-828afa8e8047: start FollowerState
2019-10-17 02:15:16,344 [Thread-3478] INFO  impl.FollowerState (FollowerState.java:run(117)) - 3aea292b-16fb-4e9b-be90-828afa8e8047@group-896385CD49EE-FollowerState was interrupted: java.lang.InterruptedException: sleep interrupted
2019-10-17 02:15:16,361 [b32d7882-88db-4fe6-9cca-6a25122d474d@group-896385CD49EE-LeaderElection387] INFO  impl.LeaderElection (LeaderElection.java:logAndReturn(56)) - b32d7882-88db-4fe6-9cca-6a25122d474d@group-896385CD49EE-LeaderElection387: Election REJECTED; received 2 response(s) [b32d7882-88db-4fe6-9cca-6a25122d474d<-3aea292b-16fb-4e9b-be90-828afa8e8047#0:FAIL-t349, b32d7882-88db-4fe6-9cca-6a25122d474d<-a6b2ebfb-69a0-457c-b6cd-a50cc148b564#0:FAIL-t349] and 0 exception(s); b32d7882-88db-4fe6-9cca-6a25122d474d@group-896385CD49EE:t349, leader=null, voted=b32d7882-88db-4fe6-9cca-6a25122d474d, raftlog=b32d7882-88db-4fe6-9cca-6a25122d474d@group-896385CD49EE-SegmentedRaftLog:OPENED:c-1,f-1,i0, conf=-1: [b32d7882-88db-4fe6-9cca-6a25122d474d:192.168.157.194:42206, 3aea292b-16fb-4e9b-be90-828afa8e8047:192.168.157.194:34569, a6b2ebfb-69a0-457c-b6cd-a50cc148b564:192.168.157.194:37298], old=null
2019-10-17 02:15:16,362 [b32d7882-88db-4fe6-9cca-6a25122d474d@group-896385CD49EE-LeaderElection387] INFO  impl.RaftServerImpl (RaftServerImpl.java:setRole(184)) - b32d7882-88db-4fe6-9cca-6a25122d474d@group-896385CD49EE: changes role from CANDIDATE to FOLLOWER at term 349 for DISCOVERED_A_NEW_TERM
2019-10-17 02:15:16,362 [b32d7882-88db-4fe6-9cca-6a25122d474d@group-896385CD49EE-LeaderElection387] INFO  impl.RoleInfo (RoleInfo.java:shutdownLeaderElection(134)) - b32d7882-88db-4fe6-9cca-6a25122d474d: shutdown LeaderElection
2019-10-17 02:15:16,362 [b32d7882-88db-4fe6-9cca-6a25122d474d@group-896385CD49EE-LeaderElection387] INFO  impl.RoleInfo (RoleInfo.java:updateAndGet(143)) - b32d7882-88db-4fe6-9cca-6a25122d474d: start FollowerState
2019-10-17 02:15:16,502 [Thread-3486] INFO  impl.FollowerState (FollowerState.java:run(108)) - b32d7882-88db-4fe6-9cca-6a25122d474d@group-896385CD49EE-FollowerState: change to CANDIDATE, lastRpcTime:140ms, electionTimeout:140ms
2019-10-17 02:15:16,502 [Thread-3486] INFO  impl.RoleInfo (RoleInfo.java:shutdownFollowerState(121)) - b32d7882-88db-4fe6-9cca-6a25122d474d: shutdown FollowerState
2019-10-17 02:15:16,502 [Thread-3486] INFO  impl.RaftServerImpl (RaftServerImpl.java:setRole(184)) - b32d7882-88db-4fe6-9cca-6a25122d474d@group-896385CD49EE: changes role from  FOLLOWER to CANDIDATE at term 349 for changeToCandidate
2019-10-17 02:15:16,503 [Thread-3486] INFO  impl.RoleInfo (RoleInfo.java:updateAndGet(143)) - b32d7882-88db-4fe6-9cca-6a25122d474d: start LeaderElection
2019-10-17 02:15:16,516 [b32d7882-88db-4fe6-9cca-6a25122d474d@group-896385CD49EE-LeaderElection388] INFO  impl.LeaderElection (LeaderElection.java:askForVotes(178)) - b32d7882-88db-4fe6-9cca-6a25122d474d@group-896385CD49EE-LeaderElection388: begin an election at term 350 for -1: [b32d7882-88db-4fe6-9cca-6a25122d474d:192.168.157.194:42206, 3aea292b-16fb-4e9b-be90-828afa8e8047:192.168.157.194:34569, a6b2ebfb-69a0-457c-b6cd-a50cc148b564:192.168.157.194:37298], old=null
2019-10-17 02:15:16,517 [grpc-default-executor-1] INFO  impl.RaftServerImpl (RaftServerImpl.java:setRole(184)) - 3aea292b-16fb-4e9b-be90-828afa8e8047@group-896385CD49EE: changes role from  FOLLOWER to FOLLOWER at term 350 for recognizeCandidate:b32d7882-88db-4fe6-9cca-6a25122d474d
2019-10-17 02:15:16,517 [grpc-default-executor-1] INFO  impl.RoleInfo (RoleInfo.java:shutdownFollowerState(121)) - 3aea292b-16fb-4e9b-be90-828afa8e8047: shutdown FollowerState
2019-10-17 02:15:16,517 [grpc-default-executor-0] INFO  impl.RaftServerImpl (RaftServerImpl.java:setRole(184)) - a6b2ebfb-69a0-457c-b6cd-a50cc148b564@group-896385CD49EE: changes role from  FOLLOWER to FOLLOWER at term 350 for recognizeCandidate:b32d7882-88db-4fe6-9cca-6a25122d474d
2019-10-17 02:15:16,517 [grpc-default-executor-0] INFO  impl.RoleInfo (RoleInfo.java:shutdownFollowerState(121)) - a6b2ebfb-69a0-457c-b6cd-a50cc148b564: shutdown FollowerState
2019-10-17 02:15:16,517 [Thread-3485] INFO  impl.FollowerState (FollowerState.java:run(117)) - 3aea292b-16fb-4e9b-be90-828afa8e8047@group-896385CD49EE-FollowerState was interrupted: java.lang.InterruptedException: sleep interrupted
2019-10-17 02:15:16,517 [grpc-default-executor-1] INFO  impl.RoleInfo (RoleInfo.java:updateAndGet(143)) - 3aea292b-16fb-4e9b-be90-828afa8e8047: start FollowerState
2019-10-17 02:15:16,517 [grpc-default-executor-0] INFO  impl.RoleInfo (RoleInfo.java:updateAndGet(143)) - a6b2ebfb-69a0-457c-b6cd-a50cc148b564: start FollowerState
2019-10-17 02:15:16,517 [Thread-3484] INFO  impl.FollowerState (FollowerState.java:run(117)) - a6b2ebfb-69a0-457c-b6cd-a50cc148b564@group-896385CD49EE-FollowerState was interrupted: java.lang.InterruptedException: sleep interrupted
2019-10-17 02:15:16,532 [b32d7882-88db-4fe6-9cca-6a25122d474d@group-896385CD49EE-LeaderElection388] INFO  impl.LeaderElection (LeaderElection.java:logAndReturn(56)) - b32d7882-88db-4fe6-9cca-6a25122d474d@group-896385CD49EE-LeaderElection388: Election REJECTED; received 2 response(s) [b32d7882-88db-4fe6-9cca-6a25122d474d<-3aea292b-16fb-4e9b-be90-828afa8e8047#0:FAIL-t350, b32d7882-88db-4fe6-9cca-6a25122d474d<-a6b2ebfb-69a0-457c-b6cd-a50cc148b564#0:FAIL-t350] and 0 exception(s); b32d7882-88db-4fe6-9cca-6a25122d474d@group-896385CD49EE:t350, leader=null, voted=b32d7882-88db-4fe6-9cca-6a25122d474d, raftlog=b32d7882-88db-4fe6-9cca-6a25122d474d@group-896385CD49EE-SegmentedRaftLog:OPENED:c-1,f-1,i0, conf=-1: [b32d7882-88db-4fe6-9cca-6a25122d474d:192.168.157.194:42206, 3aea292b-16fb-4e9b-be90-828afa8e8047:192.168.157.194:34569, a6b2ebfb-69a0-457c-b6cd-a50cc148b564:192.168.157.194:37298], old=null
2019-10-17 02:15:16,532 [b32d7882-88db-4fe6-9cca-6a25122d474d@group-896385CD49EE-LeaderElection388] INFO  impl.RaftServerImpl (RaftServerImpl.java:setRole(184)) - b32d7882-88db-4fe6-9cca-6a25122d474d@group-896385CD49EE: changes role from CANDIDATE to FOLLOWER at term 350 for DISCOVERED_A_NEW_TERM
2019-10-17 02:15:16,532 [b32d7882-88db-4fe6-9cca-6a25122d474d@group-896385CD49EE-LeaderElection388] INFO  impl.RoleInfo (RoleInfo.java:shutdownLeaderElection(134)) - b32d7882-88db-4fe6-9cca-6a25122d474d: shutdown LeaderElection
2019-10-17 02:15:16,532 [b32d7882-88db-4fe6-9cca-6a25122d474d@group-896385CD49EE-LeaderElection388] INFO  impl.RoleInfo (RoleInfo.java:updateAndGet(143)) - b32d7882-88db-4fe6-9cca-6a25122d474d: start FollowerState
2019-10-17 02:15:16,562 [Thread-3492] INFO  impl.FollowerState (FollowerState.java:run(108)) - b32d7882-88db-4fe6-9cca-6a25122d474d@group-896385CD49EE-FollowerState: change to CANDIDATE, lastRpcTime:30ms, electionTimeout:30ms
2019-10-17 02:15:16,563 [Thread-3492] INFO  impl.RoleInfo (RoleInfo.java:shutdownFollowerState(121)) - b32d7882-88db-4fe6-9cca-6a25122d474d: shutdown FollowerState
2019-10-17 02:15:16,563 [Thread-3492] INFO  impl.RaftServerImpl (RaftServerImpl.java:setRole(184)) - b32d7882-88db-4fe6-9cca-6a25122d474d@group-896385CD49EE: changes role from  FOLLOWER to CANDIDATE at term 350 for changeToCandidate
2019-10-17 02:15:16,563 [Thread-3492] INFO  impl.RoleInfo (RoleInfo.java:updateAndGet(143)) - b32d7882-88db-4fe6-9cca-6a25122d474d: start LeaderElection
2019-10-17 02:15:16,576 [b32d7882-88db-4fe6-9cca-6a25122d474d@group-896385CD49EE-LeaderElection389] INFO  impl.LeaderElection (LeaderElection.java:askForVotes(178)) - b32d7882-88db-4fe6-9cca-6a25122d474d@group-896385CD49EE-LeaderElection389: begin an election at term 351 for -1: [b32d7882-88db-4fe6-9cca-6a25122d474d:192.168.157.194:42206, 3aea292b-16fb-4e9b-be90-828afa8e8047:192.168.157.194:34569, a6b2ebfb-69a0-457c-b6cd-a50cc148b564:192.168.157.194:37298], old=null
2019-10-17 02:15:16,578 [grpc-default-executor-0] INFO  impl.RaftServerImpl (RaftServerImpl.java:setRole(184)) - a6b2ebfb-69a0-457c-b6cd-a50cc148b564@group-896385CD49EE: changes role from  FOLLOWER to FOLLOWER at term 351 for recognizeCandidate:b32d7882-88db-4fe6-9cca-6a25122d474d
2019-10-17 02:15:16,578 [grpc-default-executor-0] INFO  impl.RoleInfo (RoleInfo.java:shutdownFollowerState(121)) - a6b2ebfb-69a0-457c-b6cd-a50cc148b564: shutdown FollowerState
2019-10-17 02:15:16,578 [grpc-default-executor-1] INFO  impl.RaftServerImpl (RaftServerImpl.java:setRole(184)) - 3aea292b-16fb-4e9b-be90-828afa8e8047@group-896385CD49EE: changes role from  FOLLOWER to FOLLOWER at term 351 for recognizeCandidate:b32d7882-88db-4fe6-9cca-6a25122d474d
2019-10-17 02:15:16,578 [grpc-default-executor-1] INFO  impl.RoleInfo (RoleInfo.java:shutdownFollowerState(121)) - 3aea292b-16fb-4e9b-be90-828afa8e8047: shutdown FollowerState
2019-10-17 02:15:16,578 [Thread-3491] INFO  impl.FollowerState (FollowerState.java:run(117)) - a6b2ebfb-69a0-457c-b6cd-a50cc148b564@group-896385CD49EE-FollowerState was interrupted: java.lang.InterruptedException: sleep interrupted
2019-10-17 02:15:16,578 [Thread-3490] INFO  impl.FollowerState (FollowerState.java:run(117)) - 3aea292b-16fb-4e9b-be90-828afa8e8047@group-896385CD49EE-FollowerState was interrupted: java.lang.InterruptedException: sleep interrupted
2019-10-17 02:15:16,578 [grpc-default-executor-0] INFO  impl.RoleInfo (RoleInfo.java:updateAndGet(143)) - a6b2ebfb-69a0-457c-b6cd-a50cc148b564: start FollowerState
2019-10-17 02:15:16,578 [grpc-default-executor-1] INFO  impl.RoleInfo (RoleInfo.java:updateAndGet(143)) - 3aea292b-16fb-4e9b-be90-828afa8e8047: start FollowerState
2019-10-17 02:15:16,592 [b32d7882-88db-4fe6-9cca-6a25122d474d@group-896385CD49EE-LeaderElection389] INFO  impl.LeaderElection (LeaderElection.java:logAndReturn(56)) - b32d7882-88db-4fe6-9cca-6a25122d474d@group-896385CD49EE-LeaderElection389: Election REJECTED; received 2 response(s) [b32d7882-88db-4fe6-9cca-6a25122d474d<-3aea292b-16fb-4e9b-be90-828afa8e8047#0:FAIL-t351, b32d7882-88db-4fe6-9cca-6a25122d474d<-a6b2ebfb-69a0-457c-b6cd-a50cc148b564#0:FAIL-t351] and 0 exception(s); b32d7882-88db-4fe6-9cca-6a25122d474d@group-896385CD49EE:t351, leader=null, voted=b32d7882-88db-4fe6-9cca-6a25122d474d, raftlog=b32d7882-88db-4fe6-9cca-6a25122d474d@group-896385CD49EE-SegmentedRaftLog:OPENED:c-1,f-1,i0, conf=-1: [b32d7882-88db-4fe6-9cca-6a25122d474d:192.168.157.194:42206, 3aea292b-16fb-4e9b-be90-828afa8e8047:192.168.157.194:34569, a6b2ebfb-69a0-457c-b6cd-a50cc148b564:192.168.157.194:37298], old=null
2019-10-17 02:15:16,592 [b32d7882-88db-4fe6-9cca-6a25122d474d@group-896385CD49EE-LeaderElection389] INFO  impl.RaftServerImpl (RaftServerImpl.java:setRole(184)) - b32d7882-88db-4fe6-9cca-6a25122d474d@group-896385CD49EE: changes role from CANDIDATE to FOLLOWER at term 351 for DISCOVERED_A_NEW_TERM
2019-10-17 02:15:16,592 [b32d7882-88db-4fe6-9cca-6a25122d474d@group-896385CD49EE-LeaderElection389] INFO  impl.RoleInfo (RoleInfo.java:shutdownLeaderElection(134)) - b32d7882-88db-4fe6-9cca-6a25122d474d: shutdown LeaderElection
2019-10-17 02:15:16,593 [b32d7882-88db-4fe6-9cca-6a25122d474d@group-896385CD49EE-LeaderElection389] INFO  impl.RoleInfo (RoleInfo.java:updateAndGet(143)) - b32d7882-88db-4fe6-9cca-6a25122d474d: start FollowerState
2019-10-17 02:15:16,624 [Thread-3498] INFO  impl.FollowerState (FollowerState.java:run(108)) - b32d7882-88db-4fe6-9cca-6a25122d474d@group-896385CD49EE-FollowerState: change to CANDIDATE, lastRpcTime:31ms, electionTimeout:31ms
2019-10-17 02:15:16,624 [Thread-3498] INFO  impl.RoleInfo (RoleInfo.java:shutdownFollowerState(121)) - b32d7882-88db-4fe6-9cca-6a25122d474d: shutdown FollowerState
2019-10-17 02:15:16,624 [Thread-3498] INFO  impl.RaftServerImpl (RaftServerImpl.java:setRole(184)) - b32d7882-88db-4fe6-9cca-6a25122d474d@group-896385CD49EE: changes role from  FOLLOWER to CANDIDATE at term 351 for changeToCandidate
2019-10-17 02:15:16,624 [Thread-3498] INFO  impl.RoleInfo (RoleInfo.java:updateAndGet(143)) - b32d7882-88db-4fe6-9cca-6a25122d474d: start LeaderElection
2019-10-17 02:15:16,637 [b32d7882-88db-4fe6-9cca-6a25122d474d@group-896385CD49EE-LeaderElection390] INFO  impl.LeaderElection (LeaderElection.java:askForVotes(178)) - b32d7882-88db-4fe6-9cca-6a25122d474d@group-896385CD49EE-LeaderElection390: begin an election at term 352 for -1: [b32d7882-88db-4fe6-9cca-6a25122d474d:192.168.157.194:42206, 3aea292b-16fb-4e9b-be90-828afa8e8047:192.168.157.194:34569, a6b2ebfb-69a0-457c-b6cd-a50cc148b564:192.168.157.194:37298], old=null
2019-10-17 02:15:16,638 [grpc-default-executor-0] INFO  impl.RaftServerImpl (RaftServerImpl.java:setRole(184)) - 3aea292b-16fb-4e9b-be90-828afa8e8047@group-896385CD49EE: changes role from  FOLLOWER to FOLLOWER at term 352 for recognizeCandidate:b32d7882-88db-4fe6-9cca-6a25122d474d
2019-10-17 02:15:16,638 [grpc-default-executor-0] INFO  impl.RoleInfo (RoleInfo.java:shutdownFollowerState(121)) - 3aea292b-16fb-4e9b-be90-828afa8e8047: shutdown FollowerState
2019-10-17 02:15:16,638 [grpc-default-executor-1] INFO  impl.RaftServerImpl (RaftServerImpl.java:setRole(184)) - a6b2ebfb-69a0-457c-b6cd-a50cc148b564@group-896385CD49EE: changes role from  FOLLOWER to FOLLOWER at term 352 for recognizeCandidate:b32d7882-88db-4fe6-9cca-6a25122d474d
2019-10-17 02:15:16,638 [grpc-default-executor-1] INFO  impl.RoleInfo (RoleInfo.java:shutdownFollowerState(121)) - a6b2ebfb-69a0-457c-b6cd-a50cc148b564: shutdown FollowerState
2019-10-17 02:15:16,638 [Thread-3497] INFO  impl.FollowerState (FollowerState.java:run(117)) - 3aea292b-16fb-4e9b-be90-828afa8e8047@group-896385CD49EE-FollowerState was interrupted: java.lang.InterruptedException: sleep interrupted
2019-10-17 02:15:16,638 [grpc-default-executor-0] INFO  impl.RoleInfo (RoleInfo.java:updateAndGet(143)) - 3aea292b-16fb-4e9b-be90-828afa8e8047: start FollowerState
2019-10-17 02:15:16,639 [Thread-3496] INFO  impl.FollowerState (FollowerState.java:run(117)) - a6b2ebfb-69a0-457c-b6cd-a50cc148b564@group-896385CD49EE-FollowerState was interrupted: java.lang.InterruptedException: sleep interrupted
2019-10-17 02:15:16,639 [grpc-default-executor-1] INFO  impl.RoleInfo (RoleInfo.java:updateAndGet(143)) - a6b2ebfb-69a0-457c-b6cd-a50cc148b564: start FollowerState
2019-10-17 02:15:16,652 [b32d7882-88db-4fe6-9cca-6a25122d474d@group-896385CD49EE-LeaderElection390] INFO  impl.LeaderElection (LeaderElection.java:logAndReturn(56)) - b32d7882-88db-4fe6-9cca-6a25122d474d@group-896385CD49EE-LeaderElection390: Election REJECTED; received 2 response(s) [b32d7882-88db-4fe6-9cca-6a25122d474d<-3aea292b-16fb-4e9b-be90-828afa8e8047#0:FAIL-t352, b32d7882-88db-4fe6-9cca-6a25122d474d<-a6b2ebfb-69a0-457c-b6cd-a50cc148b564#0:FAIL-t352] and 0 exception(s); b32d7882-88db-4fe6-9cca-6a25122d474d@group-896385CD49EE:t352, leader=null, voted=b32d7882-88db-4fe6-9cca-6a25122d474d, raftlog=b32d7882-88db-4fe6-9cca-6a25122d474d@group-896385CD49EE-SegmentedRaftLog:OPENED:c-1,f-1,i0, conf=-1: [b32d7882-88db-4fe6-9cca-6a25122d474d:192.168.157.194:42206, 3aea292b-16fb-4e9b-be90-828afa8e8047:192.168.157.194:34569, a6b2ebfb-69a0-457c-b6cd-a50cc148b564:192.168.157.194:37298], old=null
2019-10-17 02:15:16,653 [b32d7882-88db-4fe6-9cca-6a25122d474d@group-896385CD49EE-LeaderElection390] INFO  impl.RaftServerImpl (RaftServerImpl.java:setRole(184)) - b32d7882-88db-4fe6-9cca-6a25122d474d@group-896385CD49EE: changes role from CANDIDATE to FOLLOWER at term 352 for DISCOVERED_A_NEW_TERM
2019-10-17 02:15:16,653 [b32d7882-88db-4fe6-9cca-6a25122d474d@group-896385CD49EE-LeaderElection390] INFO  impl.RoleInfo (RoleInfo.java:shutdownLeaderElection(134)) - b32d7882-88db-4fe6-9cca-6a25122d474d: shutdown LeaderElection
2019-10-17 02:15:16,653 [b32d7882-88db-4fe6-9cca-6a25122d474d@group-896385CD49EE-LeaderElection390] INFO  impl.RoleInfo (RoleInfo.java:updateAndGet(143)) - b32d7882-88db-4fe6-9cca-6a25122d474d: start FollowerState
2019-10-17 02:15:16,825 [Thread-3504] INFO  impl.FollowerState (FollowerState.java:run(108)) - b32d7882-88db-4fe6-9cca-6a25122d474d@group-896385CD49EE-FollowerState: change to CANDIDATE, lastRpcTime:172ms, electionTimeout:172ms
2019-10-17 02:15:16,825 [Thread-3504] INFO  impl.RoleInfo (RoleInfo.java:shutdownFollowerState(121)) - b32d7882-88db-4fe6-9cca-6a25122d474d: shutdown FollowerState
2019-10-17 02:15:16,825 [Thread-3504] INFO  impl.RaftServerImpl (RaftServerImpl.java:setRole(184)) - b32d7882-88db-4fe6-9cca-6a25122d474d@group-896385CD49EE: changes role from  FOLLOWER to CANDIDATE at term 352 for changeToCandidate
2019-10-17 02:15:16,826 [Thread-3504] INFO  impl.RoleInfo (RoleInfo.java:updateAndGet(143)) - b32d7882-88db-4fe6-9cca-6a25122d474d: start LeaderElection
2019-10-17 02:15:16,839 [b32d7882-88db-4fe6-9cca-6a25122d474d@group-896385CD49EE-LeaderElection391] INFO  impl.LeaderElection (LeaderElection.java:askForVotes(178)) - b32d7882-88db-4fe6-9cca-6a25122d474d@group-896385CD49EE-LeaderElection391: begin an election at term 353 for -1: [b32d7882-88db-4fe6-9cca-6a25122d474d:192.168.157.194:42206, 3aea292b-16fb-4e9b-be90-828afa8e8047:192.168.157.194:34569, a6b2ebfb-69a0-457c-b6cd-a50cc148b564:192.168.157.194:37298], old=null
2019-10-17 02:15:16,841 [grpc-default-executor-1] INFO  impl.RaftServerImpl (RaftServerImpl.java:setRole(184)) - a6b2ebfb-69a0-457c-b6cd-a50cc148b564@group-896385CD49EE: changes role from  FOLLOWER to FOLLOWER at term 353 for recognizeCandidate:b32d7882-88db-4fe6-9cca-6a25122d474d
2019-10-17 02:15:16,841 [grpc-default-executor-0] INFO  impl.RaftServerImpl (RaftServerImpl.java:setRole(184)) - 3aea292b-16fb-4e9b-be90-828afa8e8047@group-896385CD49EE: changes role from  FOLLOWER to FOLLOWER at term 353 for recognizeCandidate:b32d7882-88db-4fe6-9cca-6a25122d474d
2019-10-17 02:15:16,841 [grpc-default-executor-1] INFO  impl.RoleInfo (RoleInfo.java:shutdownFollowerState(121)) - a6b2ebfb-69a0-457c-b6cd-a50cc148b564: shutdown FollowerState
2019-10-17 02:15:16,841 [grpc-default-executor-0] INFO  impl.RoleInfo (RoleInfo.java:shutdownFollowerState(121)) - 3aea292b-16fb-4e9b-be90-828afa8e8047: shutdown FollowerState
2019-10-17 02:15:16,841 [grpc-default-executor-1] INFO  impl.RoleInfo (RoleInfo.java:updateAndGet(143)) - a6b2ebfb-69a0-457c-b6cd-a50cc148b564: start FollowerState
2019-10-17 02:15:16,841 [Thread-3503] INFO  impl.FollowerState (FollowerState.java:run(117)) - a6b2ebfb-69a0-457c-b6cd-a50cc148b564@group-896385CD49EE-FollowerState was interrupted: java.lang.InterruptedException: sleep interrupted
2019-10-17 02:15:16,841 [Thread-3502] INFO  impl.FollowerState (FollowerState.java:run(117)) - 3aea292b-16fb-4e9b-be90-828afa8e8047@group-896385CD49EE-FollowerState was interrupted: java.lang.InterruptedException: sleep interrupted
2019-10-17 02:15:16,841 [grpc-default-executor-0] INFO  impl.RoleInfo (RoleInfo.java:updateAndGet(143)) - 3aea292b-16fb-4e9b-be90-828afa8e8047: start FollowerState
2019-10-17 02:15:16,856 [b32d7882-88db-4fe6-9cca-6a25122d474d@group-896385CD49EE-LeaderElection391] INFO  impl.LeaderElection (LeaderElection.java:logAndReturn(56)) - b32d7882-88db-4fe6-9cca-6a25122d474d@group-896385CD49EE-LeaderElection391: Election REJECTED; received 2 response(s) [b32d7882-88db-4fe6-9cca-6a25122d474d<-3aea292b-16fb-4e9b-be90-828afa8e8047#0:FAIL-t353, b32d7882-88db-4fe6-9cca-6a25122d474d<-a6b2ebfb-69a0-457c-b6cd-a50cc148b564#0:FAIL-t353] and 0 exception(s); b32d7882-88db-4fe6-9cca-6a25122d474d@group-896385CD49EE:t353, leader=null, voted=b32d7882-88db-4fe6-9cca-6a25122d474d, raftlog=b32d7882-88db-4fe6-9cca-6a25122d474d@group-896385CD49EE-SegmentedRaftLog:OPENED:c-1,f-1,i0, conf=-1: [b32d7882-88db-4fe6-9cca-6a25122d474d:192.168.157.194:42206, 3aea292b-16fb-4e9b-be90-828afa8e8047:192.168.157.194:34569, a6b2ebfb-69a0-457c-b6cd-a50cc148b564:192.168.157.194:37298], old=null
2019-10-17 02:15:16,856 [b32d7882-88db-4fe6-9cca-6a25122d474d@group-896385CD49EE-LeaderElection391] INFO  impl.RaftServerImpl (RaftServerImpl.java:setRole(184)) - b32d7882-88db-4fe6-9cca-6a25122d474d@group-896385CD49EE: changes role from CANDIDATE to FOLLOWER at term 353 for DISCOVERED_A_NEW_TERM
2019-10-17 02:15:16,856 [b32d7882-88db-4fe6-9cca-6a25122d474d@group-896385CD49EE-LeaderElection391] INFO  impl.RoleInfo (RoleInfo.java:shutdownLeaderElection(134)) - b32d7882-88db-4fe6-9cca-6a25122d474d: shutdown LeaderElection
2019-10-17 02:15:16,856 [b32d7882-88db-4fe6-9cca-6a25122d474d@group-896385CD49EE-LeaderElection391] INFO  impl.RoleInfo (RoleInfo.java:updateAndGet(143)) - b32d7882-88db-4fe6-9cca-6a25122d474d: start FollowerState
2019-10-17 02:15:16,955 [Thread-3510] INFO  impl.FollowerState (FollowerState.java:run(108)) - b32d7882-88db-4fe6-9cca-6a25122d474d@group-896385CD49EE-FollowerState: change to CANDIDATE, lastRpcTime:99ms, electionTimeout:99ms
2019-10-17 02:15:16,955 [Thread-3510] INFO  impl.RoleInfo (RoleInfo.java:shutdownFollowerState(121)) - b32d7882-88db-4fe6-9cca-6a25122d474d: shutdown FollowerState
2019-10-17 02:15:16,955 [Thread-3510] INFO  impl.RaftServerImpl (RaftServerImpl.java:setRole(184)) - b32d7882-88db-4fe6-9cca-6a25122d474d@group-896385CD49EE: changes role from  FOLLOWER to CANDIDATE at term 353 for changeToCandidate
2019-10-17 02:15:16,956 [Thread-3510] INFO  impl.RoleInfo (RoleInfo.java:updateAndGet(143)) - b32d7882-88db-4fe6-9cca-6a25122d474d: start LeaderElection
2019-10-17 02:15:16,969 [b32d7882-88db-4fe6-9cca-6a25122d474d@group-896385CD49EE-LeaderElection392] INFO  impl.LeaderElection (LeaderElection.java:askForVotes(178)) - b32d7882-88db-4fe6-9cca-6a25122d474d@group-896385CD49EE-LeaderElection392: begin an election at term 354 for -1: [b32d7882-88db-4fe6-9cca-6a25122d474d:192.168.157.194:42206, 3aea292b-16fb-4e9b-be90-828afa8e8047:192.168.157.194:34569, a6b2ebfb-69a0-457c-b6cd-a50cc148b564:192.168.157.194:37298], old=null
2019-10-17 02:15:16,971 [grpc-default-executor-1] INFO  impl.RaftServerImpl (RaftServerImpl.java:setRole(184)) - a6b2ebfb-69a0-457c-b6cd-a50cc148b564@group-896385CD49EE: changes role from  FOLLOWER to FOLLOWER at term 354 for recognizeCandidate:b32d7882-88db-4fe6-9cca-6a25122d474d
2019-10-17 02:15:16,971 [grpc-default-executor-1] INFO  impl.RoleInfo (RoleInfo.java:shutdownFollowerState(121)) - a6b2ebfb-69a0-457c-b6cd-a50cc148b564: shutdown FollowerState
2019-10-17 02:15:16,971 [grpc-default-executor-0] INFO  impl.RaftServerImpl (RaftServerImpl.java:setRole(184)) - 3aea292b-16fb-4e9b-be90-828afa8e8047@group-896385CD49EE: changes role from  FOLLOWER to FOLLOWER at term 354 for recognizeCandidate:b32d7882-88db-4fe6-9cca-6a25122d474d
2019-10-17 02:15:16,971 [Thread-3508] INFO  impl.FollowerState (FollowerState.java:run(117)) - a6b2ebfb-69a0-457c-b6cd-a50cc148b564@group-896385CD49EE-FollowerState was interrupted: java.lang.InterruptedException: sleep interrupted
2019-10-17 02:15:16,971 [grpc-default-executor-1] INFO  impl.RoleInfo (RoleInfo.java:updateAndGet(143)) - a6b2ebfb-69a0-457c-b6cd-a50cc148b564: start FollowerState
2019-10-17 02:15:16,971 [grpc-default-executor-0] INFO  impl.RoleInfo (RoleInfo.java:shutdownFollowerState(121)) - 3aea292b-16fb-4e9b-be90-828afa8e8047: shutdown FollowerState
2019-10-17 02:15:16,971 [grpc-default-executor-0] INFO  impl.RoleInfo (RoleInfo.java:updateAndGet(143)) - 3aea292b-16fb-4e9b-be90-828afa8e8047: start FollowerState
2019-10-17 02:15:16,971 [Thread-3509] INFO  impl.FollowerState (FollowerState.java:run(117)) - 3aea292b-16fb-4e9b-be90-828afa8e8047@group-896385CD49EE-FollowerState was interrupted: java.lang.InterruptedException: sleep interrupted
2019-10-17 02:15:16,984 [b32d7882-88db-4fe6-9cca-6a25122d474d@group-896385CD49EE-LeaderElection392] INFO  impl.LeaderElection (LeaderElection.java:logAndReturn(56)) - b32d7882-88db-4fe6-9cca-6a25122d474d@group-896385CD49EE-LeaderElection392: Election REJECTED; received 2 response(s) [b32d7882-88db-4fe6-9cca-6a25122d474d<-3aea292b-16fb-4e9b-be90-828afa8e8047#0:FAIL-t354, b32d7882-88db-4fe6-9cca-6a25122d474d<-a6b2ebfb-69a0-457c-b6cd-a50cc148b564#0:FAIL-t354] and 0 exception(s); b32d7882-88db-4fe6-9cca-6a25122d474d@group-896385CD49EE:t354, leader=null, voted=b32d7882-88db-4fe6-9cca-6a25122d474d, raftlog=b32d7882-88db-4fe6-9cca-6a25122d474d@group-896385CD49EE-SegmentedRaftLog:OPENED:c-1,f-1,i0, conf=-1: [b32d7882-88db-4fe6-9cca-6a25122d474d:192.168.157.194:42206, 3aea292b-16fb-4e9b-be90-828afa8e8047:192.168.157.194:34569, a6b2ebfb-69a0-457c-b6cd-a50cc148b564:192.168.157.194:37298], old=null
2019-10-17 02:15:16,984 [b32d7882-88db-4fe6-9cca-6a25122d474d@group-896385CD49EE-LeaderElection392] INFO  impl.RaftServerImpl (RaftServerImpl.java:setRole(184)) - b32d7882-88db-4fe6-9cca-6a25122d474d@group-896385CD49EE: changes role from CANDIDATE to FOLLOWER at term 354 for DISCOVERED_A_NEW_TERM
2019-10-17 02:15:16,984 [b32d7882-88db-4fe6-9cca-6a25122d474d@group-896385CD49EE-LeaderElection392] INFO  impl.RoleInfo (RoleInfo.java:shutdownLeaderElection(134)) - b32d7882-88db-4fe6-9cca-6a25122d474d: shutdown LeaderElection
2019-10-17 02:15:16,985 [b32d7882-88db-4fe6-9cca-6a25122d474d@group-896385CD49EE-LeaderElection392] INFO  impl.RoleInfo (RoleInfo.java:updateAndGet(143)) - b32d7882-88db-4fe6-9cca-6a25122d474d: start FollowerState
2019-10-17 02:15:17,134 [Thread-3516] INFO  impl.FollowerState (FollowerState.java:run(108)) - b32d7882-88db-4fe6-9cca-6a25122d474d@group-896385CD49EE-FollowerState: change to CANDIDATE, lastRpcTime:149ms, electionTimeout:149ms
2019-10-17 02:15:17,134 [Thread-3516] INFO  impl.RoleInfo (RoleInfo.java:shutdownFollowerState(121)) - b32d7882-88db-4fe6-9cca-6a25122d474d: shutdown FollowerState
2019-10-17 02:15:17,134 [Thread-3516] INFO  impl.RaftServerImpl (RaftServerImpl.java:setRole(184)) - b32d7882-88db-4fe6-9cca-6a25122d474d@group-896385CD49EE: changes role from  FOLLOWER to CANDIDATE at term 354 for changeToCandidate
2019-10-17 02:15:17,134 [Thread-3516] INFO  impl.RoleInfo (RoleInfo.java:updateAndGet(143)) - b32d7882-88db-4fe6-9cca-6a25122d474d: start LeaderElection
2019-10-17 02:15:17,148 [b32d7882-88db-4fe6-9cca-6a25122d474d@group-896385CD49EE-LeaderElection393] INFO  impl.LeaderElection (LeaderElection.java:askForVotes(178)) - b32d7882-88db-4fe6-9cca-6a25122d474d@group-896385CD49EE-LeaderElection393: begin an election at term 355 for -1: [b32d7882-88db-4fe6-9cca-6a25122d474d:192.168.157.194:42206, 3aea292b-16fb-4e9b-be90-828afa8e8047:192.168.157.194:34569, a6b2ebfb-69a0-457c-b6cd-a50cc148b564:192.168.157.194:37298], old=null
2019-10-17 02:15:17,150 [grpc-default-executor-1] INFO  impl.RaftServerImpl (RaftServerImpl.java:setRole(184)) - 3aea292b-16fb-4e9b-be90-828afa8e8047@group-896385CD49EE: changes role from  FOLLOWER to FOLLOWER at term 355 for recognizeCandidate:b32d7882-88db-4fe6-9cca-6a25122d474d
2019-10-17 02:15:17,150 [grpc-default-executor-1] INFO  impl.RoleInfo (RoleInfo.java:shutdownFollowerState(121)) - 3aea292b-16fb-4e9b-be90-828afa8e8047: shutdown FollowerState
2019-10-17 02:15:17,150 [grpc-default-executor-1] INFO  impl.RoleInfo (RoleInfo.java:updateAndGet(143)) - 3aea292b-16fb-4e9b-be90-828afa8e8047: start FollowerState
2019-10-17 02:15:17,150 [Thread-3515] INFO  impl.FollowerState (FollowerState.java:run(117)) - 3aea292b-16fb-4e9b-be90-828afa8e8047@group-896385CD49EE-FollowerState was interrupted: java.lang.InterruptedException: sleep interrupted
2019-10-17 02:15:17,151 [grpc-default-executor-0] INFO  impl.RaftServerImpl (RaftServerImpl.java:setRole(184)) - a6b2ebfb-69a0-457c-b6cd-a50cc148b564@group-896385CD49EE: changes role from  FOLLOWER to FOLLOWER at term 355 for recognizeCandidate:b32d7882-88db-4fe6-9cca-6a25122d474d
2019-10-17 02:15:17,151 [grpc-default-executor-0] INFO  impl.RoleInfo (RoleInfo.java:shutdownFollowerState(121)) - a6b2ebfb-69a0-457c-b6cd-a50cc148b564: shutdown FollowerState
2019-10-17 02:15:17,151 [grpc-default-executor-0] INFO  impl.RoleInfo (RoleInfo.java:updateAndGet(143)) - a6b2ebfb-69a0-457c-b6cd-a50cc148b564: start FollowerState
2019-10-17 02:15:17,151 [Thread-3514] INFO  impl.FollowerState (FollowerState.java:run(117)) - a6b2ebfb-69a0-457c-b6cd-a50cc148b564@group-896385CD49EE-FollowerState was interrupted: java.lang.InterruptedException: sleep interrupted
2019-10-17 02:15:17,164 [b32d7882-88db-4fe6-9cca-6a25122d474d@group-896385CD49EE-LeaderElection393] INFO  impl.LeaderElection (LeaderElection.java:logAndReturn(56)) - b32d7882-88db-4fe6-9cca-6a25122d474d@group-896385CD49EE-LeaderElection393: Election REJECTED; received 2 response(s) [b32d7882-88db-4fe6-9cca-6a25122d474d<-3aea292b-16fb-4e9b-be90-828afa8e8047#0:FAIL-t355, b32d7882-88db-4fe6-9cca-6a25122d474d<-a6b2ebfb-69a0-457c-b6cd-a50cc148b564#0:FAIL-t355] and 0 exception(s); b32d7882-88db-4fe6-9cca-6a25122d474d@group-896385CD49EE:t355, leader=null, voted=b32d7882-88db-4fe6-9cca-6a25122d474d, raftlog=b32d7882-88db-4fe6-9cca-6a25122d474d@group-896385CD49EE-SegmentedRaftLog:OPENED:c-1,f-1,i0, conf=-1: [b32d7882-88db-4fe6-9cca-6a25122d474d:192.168.157.194:42206, 3aea292b-16fb-4e9b-be90-828afa8e8047:192.168.157.194:34569, a6b2ebfb-69a0-457c-b6cd-a50cc148b564:192.168.157.194:37298], old=null
2019-10-17 02:15:17,164 [b32d7882-88db-4fe6-9cca-6a25122d474d@group-896385CD49EE-LeaderElection393] INFO  impl.RaftServerImpl (RaftServerImpl.java:setRole(184)) - b32d7882-88db-4fe6-9cca-6a25122d474d@group-896385CD49EE: changes role from CANDIDATE to FOLLOWER at term 355 for DISCOVERED_A_NEW_TERM
2019-10-17 02:15:17,164 [b32d7882-88db-4fe6-9cca-6a25122d474d@group-896385CD49EE-LeaderElection393] INFO  impl.RoleInfo (RoleInfo.java:shutdownLeaderElection(134)) - b32d7882-88db-4fe6-9cca-6a25122d474d: shutdown LeaderElection
2019-10-17 02:15:17,164 [b32d7882-88db-4fe6-9cca-6a25122d474d@group-896385CD49EE-LeaderElection393] INFO  impl.RoleInfo (RoleInfo.java:updateAndGet(143)) - b32d7882-88db-4fe6-9cca-6a25122d474d: start FollowerState
2019-10-17 02:15:17,183 [main] INFO  ozone.MiniOzoneClusterImpl (MiniOzoneClusterImpl.java:lambda$waitForClusterToBeReady$2(164)) - Waiting for 1 number of pipelines out of 4, to report a leader.
2019-10-17 02:15:17,185 [Thread-3522] INFO  impl.FollowerState (FollowerState.java:run(108)) - b32d7882-88db-4fe6-9cca-6a25122d474d@group-896385CD49EE-FollowerState: change to CANDIDATE, lastRpcTime:20ms, electionTimeout:20ms
2019-10-17 02:15:17,185 [Thread-3522] INFO  impl.RoleInfo (RoleInfo.java:shutdownFollowerState(121)) - b32d7882-88db-4fe6-9cca-6a25122d474d: shutdown FollowerState
2019-10-17 02:15:17,185 [Thread-3522] INFO  impl.RaftServerImpl (RaftServerImpl.java:setRole(184)) - b32d7882-88db-4fe6-9cca-6a25122d474d@group-896385CD49EE: changes role from  FOLLOWER to CANDIDATE at term 355 for changeToCandidate
2019-10-17 02:15:17,185 [Thread-3522] INFO  impl.RoleInfo (RoleInfo.java:updateAndGet(143)) - b32d7882-88db-4fe6-9cca-6a25122d474d: start LeaderElection
2019-10-17 02:15:17,198 [b32d7882-88db-4fe6-9cca-6a25122d474d@group-896385CD49EE-LeaderElection394] INFO  impl.LeaderElection (LeaderElection.java:askForVotes(178)) - b32d7882-88db-4fe6-9cca-6a25122d474d@group-896385CD49EE-LeaderElection394: begin an election at term 356 for -1: [b32d7882-88db-4fe6-9cca-6a25122d474d:192.168.157.194:42206, 3aea292b-16fb-4e9b-be90-828afa8e8047:192.168.157.194:34569, a6b2ebfb-69a0-457c-b6cd-a50cc148b564:192.168.157.194:37298], old=null
2019-10-17 02:15:17,199 [grpc-default-executor-0] INFO  impl.RaftServerImpl (RaftServerImpl.java:setRole(184)) - 3aea292b-16fb-4e9b-be90-828afa8e8047@group-896385CD49EE: changes role from  FOLLOWER to FOLLOWER at term 356 for recognizeCandidate:b32d7882-88db-4fe6-9cca-6a25122d474d
2019-10-17 02:15:17,199 [grpc-default-executor-0] INFO  impl.RoleInfo (RoleInfo.java:shutdownFollowerState(121)) - 3aea292b-16fb-4e9b-be90-828afa8e8047: shutdown FollowerState
2019-10-17 02:15:17,199 [grpc-default-executor-1] INFO  impl.RaftServerImpl (RaftServerImpl.java:setRole(184)) - a6b2ebfb-69a0-457c-b6cd-a50cc148b564@group-896385CD49EE: changes role from  FOLLOWER to FOLLOWER at term 356 for recognizeCandidate:b32d7882-88db-4fe6-9cca-6a25122d474d
2019-10-17 02:15:17,200 [Thread-3520] INFO  impl.FollowerState (FollowerState.java:run(117)) - 3aea292b-16fb-4e9b-be90-828afa8e8047@group-896385CD49EE-FollowerState was interrupted: java.lang.InterruptedException: sleep interrupted
2019-10-17 02:15:17,200 [grpc-default-executor-0] INFO  impl.RoleInfo (RoleInfo.java:updateAndGet(143)) - 3aea292b-16fb-4e9b-be90-828afa8e8047: start FollowerState
2019-10-17 02:15:17,200 [grpc-default-executor-1] INFO  impl.RoleInfo (RoleInfo.java:shutdownFollowerState(121)) - a6b2ebfb-69a0-457c-b6cd-a50cc148b564: shutdown FollowerState
2019-10-17 02:15:17,200 [grpc-default-executor-1] INFO  impl.RoleInfo (RoleInfo.java:updateAndGet(143)) - a6b2ebfb-69a0-457c-b6cd-a50cc148b564: start FollowerState
2019-10-17 02:15:17,200 [Thread-3521] INFO  impl.FollowerState (FollowerState.java:run(117)) - a6b2ebfb-69a0-457c-b6cd-a50cc148b564@group-896385CD49EE-FollowerState was interrupted: java.lang.InterruptedException: sleep interrupted
2019-10-17 02:15:17,214 [b32d7882-88db-4fe6-9cca-6a25122d474d@group-896385CD49EE-LeaderElection394] INFO  impl.LeaderElection (LeaderElection.java:logAndReturn(56)) - b32d7882-88db-4fe6-9cca-6a25122d474d@group-896385CD49EE-LeaderElection394: Election REJECTED; received 2 response(s) [b32d7882-88db-4fe6-9cca-6a25122d474d<-3aea292b-16fb-4e9b-be90-828afa8e8047#0:FAIL-t356, b32d7882-88db-4fe6-9cca-6a25122d474d<-a6b2ebfb-69a0-457c-b6cd-a50cc148b564#0:FAIL-t356] and 0 exception(s); b32d7882-88db-4fe6-9cca-6a25122d474d@group-896385CD49EE:t356, leader=null, voted=b32d7882-88db-4fe6-9cca-6a25122d474d, raftlog=b32d7882-88db-4fe6-9cca-6a25122d474d@group-896385CD49EE-SegmentedRaftLog:OPENED:c-1,f-1,i0, conf=-1: [b32d7882-88db-4fe6-9cca-6a25122d474d:192.168.157.194:42206, 3aea292b-16fb-4e9b-be90-828afa8e8047:192.168.157.194:34569, a6b2ebfb-69a0-457c-b6cd-a50cc148b564:192.168.157.194:37298], old=null
2019-10-17 02:15:17,214 [b32d7882-88db-4fe6-9cca-6a25122d474d@group-896385CD49EE-LeaderElection394] INFO  impl.RaftServerImpl (RaftServerImpl.java:setRole(184)) - b32d7882-88db-4fe6-9cca-6a25122d474d@group-896385CD49EE: changes role from CANDIDATE to FOLLOWER at term 356 for DISCOVERED_A_NEW_TERM
2019-10-17 02:15:17,214 [b32d7882-88db-4fe6-9cca-6a25122d474d@group-896385CD49EE-LeaderElection394] INFO  impl.RoleInfo (RoleInfo.java:shutdownLeaderElection(134)) - b32d7882-88db-4fe6-9cca-6a25122d474d: shutdown LeaderElection
2019-10-17 02:15:17,214 [b32d7882-88db-4fe6-9cca-6a25122d474d@group-896385CD49EE-LeaderElection394] INFO  impl.RoleInfo (RoleInfo.java:updateAndGet(143)) - b32d7882-88db-4fe6-9cca-6a25122d474d: start FollowerState
2019-10-17 02:15:17,254 [Thread-3528] INFO  impl.FollowerState (FollowerState.java:run(108)) - b32d7882-88db-4fe6-9cca-6a25122d474d@group-896385CD49EE-FollowerState: change to CANDIDATE, lastRpcTime:39ms, electionTimeout:39ms
2019-10-17 02:15:17,254 [Thread-3528] INFO  impl.RoleInfo (RoleInfo.java:shutdownFollowerState(121)) - b32d7882-88db-4fe6-9cca-6a25122d474d: shutdown FollowerState
2019-10-17 02:15:17,254 [Thread-3528] INFO  impl.RaftServerImpl (RaftServerImpl.java:setRole(184)) - b32d7882-88db-4fe6-9cca-6a25122d474d@group-896385CD49EE: changes role from  FOLLOWER to CANDIDATE at term 356 for changeToCandidate
2019-10-17 02:15:17,254 [Thread-3528] INFO  impl.RoleInfo (RoleInfo.java:updateAndGet(143)) - b32d7882-88db-4fe6-9cca-6a25122d474d: start LeaderElection
2019-10-17 02:15:17,267 [b32d7882-88db-4fe6-9cca-6a25122d474d@group-896385CD49EE-LeaderElection395] INFO  impl.LeaderElection (LeaderElection.java:askForVotes(178)) - b32d7882-88db-4fe6-9cca-6a25122d474d@group-896385CD49EE-LeaderElection395: begin an election at term 357 for -1: [b32d7882-88db-4fe6-9cca-6a25122d474d:192.168.157.194:42206, 3aea292b-16fb-4e9b-be90-828afa8e8047:192.168.157.194:34569, a6b2ebfb-69a0-457c-b6cd-a50cc148b564:192.168.157.194:37298], old=null
2019-10-17 02:15:17,269 [grpc-default-executor-1] INFO  impl.RaftServerImpl (RaftServerImpl.java:setRole(184)) - 3aea292b-16fb-4e9b-be90-828afa8e8047@group-896385CD49EE: changes role from  FOLLOWER to FOLLOWER at term 357 for recognizeCandidate:b32d7882-88db-4fe6-9cca-6a25122d474d
2019-10-17 02:15:17,269 [grpc-default-executor-1] INFO  impl.RoleInfo (RoleInfo.java:shutdownFollowerState(121)) - 3aea292b-16fb-4e9b-be90-828afa8e8047: shutdown FollowerState
2019-10-17 02:15:17,269 [grpc-default-executor-1] INFO  impl.RoleInfo (RoleInfo.java:updateAndGet(143)) - 3aea292b-16fb-4e9b-be90-828afa8e8047: start FollowerState
2019-10-17 02:15:17,269 [Thread-3526] INFO  impl.FollowerState (FollowerState.java:run(117)) - 3aea292b-16fb-4e9b-be90-828afa8e8047@group-896385CD49EE-FollowerState was interrupted: java.lang.InterruptedException: sleep interrupted
2019-10-17 02:15:17,269 [grpc-default-executor-0] INFO  impl.RaftServerImpl (RaftServerImpl.java:setRole(184)) - a6b2ebfb-69a0-457c-b6cd-a50cc148b564@group-896385CD49EE: changes role from  FOLLOWER to FOLLOWER at term 357 for recognizeCandidate:b32d7882-88db-4fe6-9cca-6a25122d474d
2019-10-17 02:15:17,269 [grpc-default-executor-0] INFO  impl.RoleInfo (RoleInfo.java:shutdownFollowerState(121)) - a6b2ebfb-69a0-457c-b6cd-a50cc148b564: shutdown FollowerState
2019-10-17 02:15:17,269 [grpc-default-executor-0] INFO  impl.RoleInfo (RoleInfo.java:updateAndGet(143)) - a6b2ebfb-69a0-457c-b6cd-a50cc148b564: start FollowerState
2019-10-17 02:15:17,269 [Thread-3527] INFO  impl.FollowerState (FollowerState.java:run(117)) - a6b2ebfb-69a0-457c-b6cd-a50cc148b564@group-896385CD49EE-FollowerState was interrupted: java.lang.InterruptedException: sleep interrupted
2019-10-17 02:15:17,283 [b32d7882-88db-4fe6-9cca-6a25122d474d@group-896385CD49EE-LeaderElection395] INFO  impl.LeaderElection (LeaderElection.java:logAndReturn(56)) - b32d7882-88db-4fe6-9cca-6a25122d474d@group-896385CD49EE-LeaderElection395: Election REJECTED; received 2 response(s) [b32d7882-88db-4fe6-9cca-6a25122d474d<-3aea292b-16fb-4e9b-be90-828afa8e8047#0:FAIL-t357, b32d7882-88db-4fe6-9cca-6a25122d474d<-a6b2ebfb-69a0-457c-b6cd-a50cc148b564#0:FAIL-t357] and 0 exception(s); b32d7882-88db-4fe6-9cca-6a25122d474d@group-896385CD49EE:t357, leader=null, voted=b32d7882-88db-4fe6-9cca-6a25122d474d, raftlog=b32d7882-88db-4fe6-9cca-6a25122d474d@group-896385CD49EE-SegmentedRaftLog:OPENED:c-1,f-1,i0, conf=-1: [b32d7882-88db-4fe6-9cca-6a25122d474d:192.168.157.194:42206, 3aea292b-16fb-4e9b-be90-828afa8e8047:192.168.157.194:34569, a6b2ebfb-69a0-457c-b6cd-a50cc148b564:192.168.157.194:37298], old=null
2019-10-17 02:15:17,283 [b32d7882-88db-4fe6-9cca-6a25122d474d@group-896385CD49EE-LeaderElection395] INFO  impl.RaftServerImpl (RaftServerImpl.java:setRole(184)) - b32d7882-88db-4fe6-9cca-6a25122d474d@group-896385CD49EE: changes role from CANDIDATE to FOLLOWER at term 357 for DISCOVERED_A_NEW_TERM
2019-10-17 02:15:17,283 [b32d7882-88db-4fe6-9cca-6a25122d474d@group-896385CD49EE-LeaderElection395] INFO  impl.RoleInfo (RoleInfo.java:shutdownLeaderElection(134)) - b32d7882-88db-4fe6-9cca-6a25122d474d: shutdown LeaderElection
2019-10-17 02:15:17,283 [b32d7882-88db-4fe6-9cca-6a25122d474d@group-896385CD49EE-LeaderElection395] INFO  impl.RoleInfo (RoleInfo.java:updateAndGet(143)) - b32d7882-88db-4fe6-9cca-6a25122d474d: start FollowerState
2019-10-17 02:15:17,344 [Thread-3534] INFO  impl.FollowerState (FollowerState.java:run(108)) - b32d7882-88db-4fe6-9cca-6a25122d474d@group-896385CD49EE-FollowerState: change to CANDIDATE, lastRpcTime:61ms, electionTimeout:61ms
2019-10-17 02:15:17,345 [Thread-3534] INFO  impl.RoleInfo (RoleInfo.java:shutdownFollowerState(121)) - b32d7882-88db-4fe6-9cca-6a25122d474d: shutdown FollowerState
2019-10-17 02:15:17,345 [Thread-3534] INFO  impl.RaftServerImpl (RaftServerImpl.java:setRole(184)) - b32d7882-88db-4fe6-9cca-6a25122d474d@group-896385CD49EE: changes role from  FOLLOWER to CANDIDATE at term 357 for changeToCandidate
2019-10-17 02:15:17,345 [Thread-3534] INFO  impl.RoleInfo (RoleInfo.java:updateAndGet(143)) - b32d7882-88db-4fe6-9cca-6a25122d474d: start LeaderElection
2019-10-17 02:15:17,358 [b32d7882-88db-4fe6-9cca-6a25122d474d@group-896385CD49EE-LeaderElection396] INFO  impl.LeaderElection (LeaderElection.java:askForVotes(178)) - b32d7882-88db-4fe6-9cca-6a25122d474d@group-896385CD49EE-LeaderElection396: begin an election at term 358 for -1: [b32d7882-88db-4fe6-9cca-6a25122d474d:192.168.157.194:42206, 3aea292b-16fb-4e9b-be90-828afa8e8047:192.168.157.194:34569, a6b2ebfb-69a0-457c-b6cd-a50cc148b564:192.168.157.194:37298], old=null
2019-10-17 02:15:17,359 [grpc-default-executor-1] INFO  impl.RaftServerImpl (RaftServerImpl.java:setRole(184)) - 3aea292b-16fb-4e9b-be90-828afa8e8047@group-896385CD49EE: changes role from  FOLLOWER to FOLLOWER at term 358 for recognizeCandidate:b32d7882-88db-4fe6-9cca-6a25122d474d
2019-10-17 02:15:17,359 [grpc-default-executor-1] INFO  impl.RoleInfo (RoleInfo.java:shutdownFollowerState(121)) - 3aea292b-16fb-4e9b-be90-828afa8e8047: shutdown FollowerState
2019-10-17 02:15:17,360 [grpc-default-executor-1] INFO  impl.RoleInfo (RoleInfo.java:updateAndGet(143)) - 3aea292b-16fb-4e9b-be90-828afa8e8047: start FollowerState
2019-10-17 02:15:17,360 [Thread-3532] INFO  impl.FollowerState (FollowerState.java:run(117)) - 3aea292b-16fb-4e9b-be90-828afa8e8047@group-896385CD49EE-FollowerState was interrupted: java.lang.InterruptedException: sleep interrupted
2019-10-17 02:15:17,360 [grpc-default-executor-0] INFO  impl.RaftServerImpl (RaftServerImpl.java:setRole(184)) - a6b2ebfb-69a0-457c-b6cd-a50cc148b564@group-896385CD49EE: changes role from  FOLLOWER to FOLLOWER at term 358 for recognizeCandidate:b32d7882-88db-4fe6-9cca-6a25122d474d
2019-10-17 02:15:17,360 [grpc-default-executor-0] INFO  impl.RoleInfo (RoleInfo.java:shutdownFollowerState(121)) - a6b2ebfb-69a0-457c-b6cd-a50cc148b564: shutdown FollowerState
2019-10-17 02:15:17,360 [grpc-default-executor-0] INFO  impl.RoleInfo (RoleInfo.java:updateAndGet(143)) - a6b2ebfb-69a0-457c-b6cd-a50cc148b564: start FollowerState
2019-10-17 02:15:17,360 [Thread-3533] INFO  impl.FollowerState (FollowerState.java:run(117)) - a6b2ebfb-69a0-457c-b6cd-a50cc148b564@group-896385CD49EE-FollowerState was interrupted: java.lang.InterruptedException: sleep interrupted
2019-10-17 02:15:17,383 [b32d7882-88db-4fe6-9cca-6a25122d474d@group-896385CD49EE-LeaderElection396] INFO  impl.LeaderElection (LeaderElection.java:logAndReturn(56)) - b32d7882-88db-4fe6-9cca-6a25122d474d@group-896385CD49EE-LeaderElection396: Election REJECTED; received 2 response(s) [b32d7882-88db-4fe6-9cca-6a25122d474d<-3aea292b-16fb-4e9b-be90-828afa8e8047#0:FAIL-t358, b32d7882-88db-4fe6-9cca-6a25122d474d<-a6b2ebfb-69a0-457c-b6cd-a50cc148b564#0:FAIL-t358] and 0 exception(s); b32d7882-88db-4fe6-9cca-6a25122d474d@group-896385CD49EE:t358, leader=null, voted=b32d7882-88db-4fe6-9cca-6a25122d474d, raftlog=b32d7882-88db-4fe6-9cca-6a25122d474d@group-896385CD49EE-SegmentedRaftLog:OPENED:c-1,f-1,i0, conf=-1: [b32d7882-88db-4fe6-9cca-6a25122d474d:192.168.157.194:42206, 3aea292b-16fb-4e9b-be90-828afa8e8047:192.168.157.194:34569, a6b2ebfb-69a0-457c-b6cd-a50cc148b564:192.168.157.194:37298], old=null
2019-10-17 02:15:17,383 [b32d7882-88db-4fe6-9cca-6a25122d474d@group-896385CD49EE-LeaderElection396] INFO  impl.RaftServerImpl (RaftServerImpl.java:setRole(184)) - b32d7882-88db-4fe6-9cca-6a25122d474d@group-896385CD49EE: changes role from CANDIDATE to FOLLOWER at term 358 for DISCOVERED_A_NEW_TERM
2019-10-17 02:15:17,383 [b32d7882-88db-4fe6-9cca-6a25122d474d@group-896385CD49EE-LeaderElection396] INFO  impl.RoleInfo (RoleInfo.java:shutdownLeaderElection(134)) - b32d7882-88db-4fe6-9cca-6a25122d474d: shutdown LeaderElection
2019-10-17 02:15:17,383 [b32d7882-88db-4fe6-9cca-6a25122d474d@group-896385CD49EE-LeaderElection396] INFO  impl.RoleInfo (RoleInfo.java:updateAndGet(143)) - b32d7882-88db-4fe6-9cca-6a25122d474d: start FollowerState
2019-10-17 02:15:17,393 [Thread-3540] INFO  impl.FollowerState (FollowerState.java:run(108)) - b32d7882-88db-4fe6-9cca-6a25122d474d@group-896385CD49EE-FollowerState: change to CANDIDATE, lastRpcTime:10ms, electionTimeout:10ms
2019-10-17 02:15:17,393 [Thread-3540] INFO  impl.RoleInfo (RoleInfo.java:shutdownFollowerState(121)) - b32d7882-88db-4fe6-9cca-6a25122d474d: shutdown FollowerState
2019-10-17 02:15:17,394 [Thread-3540] INFO  impl.RaftServerImpl (RaftServerImpl.java:setRole(184)) - b32d7882-88db-4fe6-9cca-6a25122d474d@group-896385CD49EE: changes role from  FOLLOWER to CANDIDATE at term 358 for changeToCandidate
2019-10-17 02:15:17,394 [Thread-3540] INFO  impl.RoleInfo (RoleInfo.java:updateAndGet(143)) - b32d7882-88db-4fe6-9cca-6a25122d474d: start LeaderElection
2019-10-17 02:15:17,405 [b32d7882-88db-4fe6-9cca-6a25122d474d@group-896385CD49EE-LeaderElection397] INFO  impl.LeaderElection (LeaderElection.java:askForVotes(178)) - b32d7882-88db-4fe6-9cca-6a25122d474d@group-896385CD49EE-LeaderElection397: begin an election at term 359 for -1: [b32d7882-88db-4fe6-9cca-6a25122d474d:192.168.157.194:42206, 3aea292b-16fb-4e9b-be90-828afa8e8047:192.168.157.194:34569, a6b2ebfb-69a0-457c-b6cd-a50cc148b564:192.168.157.194:37298], old=null
2019-10-17 02:15:17,407 [grpc-default-executor-0] INFO  impl.RaftServerImpl (RaftServerImpl.java:setRole(184)) - a6b2ebfb-69a0-457c-b6cd-a50cc148b564@group-896385CD49EE: changes role from  FOLLOWER to FOLLOWER at term 359 for recognizeCandidate:b32d7882-88db-4fe6-9cca-6a25122d474d
2019-10-17 02:15:17,407 [grpc-default-executor-0] INFO  impl.RoleInfo (RoleInfo.java:shutdownFollowerState(121)) - a6b2ebfb-69a0-457c-b6cd-a50cc148b564: shutdown FollowerState
2019-10-17 02:15:17,407 [grpc-default-executor-1] INFO  impl.RaftServerImpl (RaftServerImpl.java:setRole(184)) - 3aea292b-16fb-4e9b-be90-828afa8e8047@group-896385CD49EE: changes role from  FOLLOWER to FOLLOWER at term 359 for recognizeCandidate:b32d7882-88db-4fe6-9cca-6a25122d474d
2019-10-17 02:15:17,407 [grpc-default-executor-1] INFO  impl.RoleInfo (RoleInfo.java:shutdownFollowerState(121)) - 3aea292b-16fb-4e9b-be90-828afa8e8047: shutdown FollowerState
2019-10-17 02:15:17,407 [Thread-3539] INFO  impl.FollowerState (FollowerState.java:run(117)) - a6b2ebfb-69a0-457c-b6cd-a50cc148b564@group-896385CD49EE-FollowerState was interrupted: java.lang.InterruptedException: sleep interrupted
2019-10-17 02:15:17,407 [grpc-default-executor-0] INFO  impl.RoleInfo (RoleInfo.java:updateAndGet(143)) - a6b2ebfb-69a0-457c-b6cd-a50cc148b564: start FollowerState
2019-10-17 02:15:17,407 [Thread-3538] INFO  impl.FollowerState (FollowerState.java:run(117)) - 3aea292b-16fb-4e9b-be90-828afa8e8047@group-896385CD49EE-FollowerState was interrupted: java.lang.InterruptedException: sleep interrupted
2019-10-17 02:15:17,407 [grpc-default-executor-1] INFO  impl.RoleInfo (RoleInfo.java:updateAndGet(143)) - 3aea292b-16fb-4e9b-be90-828afa8e8047: start FollowerState
2019-10-17 02:15:17,421 [b32d7882-88db-4fe6-9cca-6a25122d474d@group-896385CD49EE-LeaderElection397] INFO  impl.LeaderElection (LeaderElection.java:logAndReturn(56)) - b32d7882-88db-4fe6-9cca-6a25122d474d@group-896385CD49EE-LeaderElection397: Election REJECTED; received 2 response(s) [b32d7882-88db-4fe6-9cca-6a25122d474d<-3aea292b-16fb-4e9b-be90-828afa8e8047#0:FAIL-t359, b32d7882-88db-4fe6-9cca-6a25122d474d<-a6b2ebfb-69a0-457c-b6cd-a50cc148b564#0:FAIL-t359] and 0 exception(s); b32d7882-88db-4fe6-9cca-6a25122d474d@group-896385CD49EE:t359, leader=null, voted=b32d7882-88db-4fe6-9cca-6a25122d474d, raftlog=b32d7882-88db-4fe6-9cca-6a25122d474d@group-896385CD49EE-SegmentedRaftLog:OPENED:c-1,f-1,i0, conf=-1: [b32d7882-88db-4fe6-9cca-6a25122d474d:192.168.157.194:42206, 3aea292b-16fb-4e9b-be90-828afa8e8047:192.168.157.194:34569, a6b2ebfb-69a0-457c-b6cd-a50cc148b564:192.168.157.194:37298], old=null
2019-10-17 02:15:17,421 [b32d7882-88db-4fe6-9cca-6a25122d474d@group-896385CD49EE-LeaderElection397] INFO  impl.RaftServerImpl (RaftServerImpl.java:setRole(184)) - b32d7882-88db-4fe6-9cca-6a25122d474d@group-896385CD49EE: changes role from CANDIDATE to FOLLOWER at term 359 for DISCOVERED_A_NEW_TERM
2019-10-17 02:15:17,421 [b32d7882-88db-4fe6-9cca-6a25122d474d@group-896385CD49EE-LeaderElection397] INFO  impl.RoleInfo (RoleInfo.java:shutdownLeaderElection(134)) - b32d7882-88db-4fe6-9cca-6a25122d474d: shutdown LeaderElection
2019-10-17 02:15:17,421 [b32d7882-88db-4fe6-9cca-6a25122d474d@group-896385CD49EE-LeaderElection397] INFO  impl.RoleInfo (RoleInfo.java:updateAndGet(143)) - b32d7882-88db-4fe6-9cca-6a25122d474d: start FollowerState
2019-10-17 02:15:17,619 [Thread-3546] INFO  impl.FollowerState (FollowerState.java:run(108)) - b32d7882-88db-4fe6-9cca-6a25122d474d@group-896385CD49EE-FollowerState: change to CANDIDATE, lastRpcTime:197ms, electionTimeout:197ms
2019-10-17 02:15:17,619 [Thread-3546] INFO  impl.RoleInfo (RoleInfo.java:shutdownFollowerState(121)) - b32d7882-88db-4fe6-9cca-6a25122d474d: shutdown FollowerState
2019-10-17 02:15:17,619 [Thread-3546] INFO  impl.RaftServerImpl (RaftServerImpl.java:setRole(184)) - b32d7882-88db-4fe6-9cca-6a25122d474d@group-896385CD49EE: changes role from  FOLLOWER to CANDIDATE at term 359 for changeToCandidate
2019-10-17 02:15:17,619 [Thread-3546] INFO  impl.RoleInfo (RoleInfo.java:updateAndGet(143)) - b32d7882-88db-4fe6-9cca-6a25122d474d: start LeaderElection
2019-10-17 02:15:17,634 [b32d7882-88db-4fe6-9cca-6a25122d474d@group-896385CD49EE-LeaderElection398] INFO  impl.LeaderElection (LeaderElection.java:askForVotes(178)) - b32d7882-88db-4fe6-9cca-6a25122d474d@group-896385CD49EE-LeaderElection398: begin an election at term 360 for -1: [b32d7882-88db-4fe6-9cca-6a25122d474d:192.168.157.194:42206, 3aea292b-16fb-4e9b-be90-828afa8e8047:192.168.157.194:34569, a6b2ebfb-69a0-457c-b6cd-a50cc148b564:192.168.157.194:37298], old=null
2019-10-17 02:15:17,636 [grpc-default-executor-1] INFO  impl.RaftServerImpl (RaftServerImpl.java:setRole(184)) - a6b2ebfb-69a0-457c-b6cd-a50cc148b564@group-896385CD49EE: changes role from  FOLLOWER to FOLLOWER at term 360 for recognizeCandidate:b32d7882-88db-4fe6-9cca-6a25122d474d
2019-10-17 02:15:17,636 [grpc-default-executor-1] INFO  impl.RoleInfo (RoleInfo.java:shutdownFollowerState(121)) - a6b2ebfb-69a0-457c-b6cd-a50cc148b564: shutdown FollowerState
2019-10-17 02:15:17,636 [grpc-default-executor-0] INFO  impl.RaftServerImpl (RaftServerImpl.java:setRole(184)) - 3aea292b-16fb-4e9b-be90-828afa8e8047@group-896385CD49EE: changes role from  FOLLOWER to FOLLOWER at term 360 for recognizeCandidate:b32d7882-88db-4fe6-9cca-6a25122d474d
2019-10-17 02:15:17,636 [grpc-default-executor-0] INFO  impl.RoleInfo (RoleInfo.java:shutdownFollowerState(121)) - 3aea292b-16fb-4e9b-be90-828afa8e8047: shutdown FollowerState
2019-10-17 02:15:17,636 [Thread-3544] INFO  impl.FollowerState (FollowerState.java:run(117)) - a6b2ebfb-69a0-457c-b6cd-a50cc148b564@group-896385CD49EE-FollowerState was interrupted: java.lang.InterruptedException: sleep interrupted
2019-10-17 02:15:17,636 [Thread-3545] INFO  impl.FollowerState (FollowerState.java:run(117)) - 3aea292b-16fb-4e9b-be90-828afa8e8047@group-896385CD49EE-FollowerState was interrupted: java.lang.InterruptedException: sleep interrupted
2019-10-17 02:15:17,636 [grpc-default-executor-1] INFO  impl.RoleInfo (RoleInfo.java:updateAndGet(143)) - a6b2ebfb-69a0-457c-b6cd-a50cc148b564: start FollowerState
2019-10-17 02:15:17,636 [grpc-default-executor-0] INFO  impl.RoleInfo (RoleInfo.java:updateAndGet(143)) - 3aea292b-16fb-4e9b-be90-828afa8e8047: start FollowerState
2019-10-17 02:15:17,679 [b32d7882-88db-4fe6-9cca-6a25122d474d@group-896385CD49EE-LeaderElection398] INFO  impl.LeaderElection (LeaderElection.java:logAndReturn(56)) - b32d7882-88db-4fe6-9cca-6a25122d474d@group-896385CD49EE-LeaderElection398: Election REJECTED; received 2 response(s) [b32d7882-88db-4fe6-9cca-6a25122d474d<-3aea292b-16fb-4e9b-be90-828afa8e8047#0:FAIL-t360, b32d7882-88db-4fe6-9cca-6a25122d474d<-a6b2ebfb-69a0-457c-b6cd-a50cc148b564#0:FAIL-t360] and 0 exception(s); b32d7882-88db-4fe6-9cca-6a25122d474d@group-896385CD49EE:t360, leader=null, voted=b32d7882-88db-4fe6-9cca-6a25122d474d, raftlog=b32d7882-88db-4fe6-9cca-6a25122d474d@group-896385CD49EE-SegmentedRaftLog:OPENED:c-1,f-1,i0, conf=-1: [b32d7882-88db-4fe6-9cca-6a25122d474d:192.168.157.194:42206, 3aea292b-16fb-4e9b-be90-828afa8e8047:192.168.157.194:34569, a6b2ebfb-69a0-457c-b6cd-a50cc148b564:192.168.157.194:37298], old=null
2019-10-17 02:15:17,679 [b32d7882-88db-4fe6-9cca-6a25122d474d@group-896385CD49EE-LeaderElection398] INFO  impl.RaftServerImpl (RaftServerImpl.java:setRole(184)) - b32d7882-88db-4fe6-9cca-6a25122d474d@group-896385CD49EE: changes role from CANDIDATE to FOLLOWER at term 360 for DISCOVERED_A_NEW_TERM
2019-10-17 02:15:17,679 [b32d7882-88db-4fe6-9cca-6a25122d474d@group-896385CD49EE-LeaderElection398] INFO  impl.RoleInfo (RoleInfo.java:shutdownLeaderElection(134)) - b32d7882-88db-4fe6-9cca-6a25122d474d: shutdown LeaderElection
2019-10-17 02:15:17,679 [b32d7882-88db-4fe6-9cca-6a25122d474d@group-896385CD49EE-LeaderElection398] INFO  impl.RoleInfo (RoleInfo.java:updateAndGet(143)) - b32d7882-88db-4fe6-9cca-6a25122d474d: start FollowerState
2019-10-17 02:15:17,731 [Thread-3552] INFO  impl.FollowerState (FollowerState.java:run(108)) - b32d7882-88db-4fe6-9cca-6a25122d474d@group-896385CD49EE-FollowerState: change to CANDIDATE, lastRpcTime:52ms, electionTimeout:52ms
2019-10-17 02:15:17,732 [Thread-3552] INFO  impl.RoleInfo (RoleInfo.java:shutdownFollowerState(121)) - b32d7882-88db-4fe6-9cca-6a25122d474d: shutdown FollowerState
2019-10-17 02:15:17,732 [Thread-3552] INFO  impl.RaftServerImpl (RaftServerImpl.java:setRole(184)) - b32d7882-88db-4fe6-9cca-6a25122d474d@group-896385CD49EE: changes role from  FOLLOWER to CANDIDATE at term 360 for changeToCandidate
2019-10-17 02:15:17,732 [Thread-3552] INFO  impl.RoleInfo (RoleInfo.java:updateAndGet(143)) - b32d7882-88db-4fe6-9cca-6a25122d474d: start LeaderElection
2019-10-17 02:15:17,745 [b32d7882-88db-4fe6-9cca-6a25122d474d@group-896385CD49EE-LeaderElection399] INFO  impl.LeaderElection (LeaderElection.java:askForVotes(178)) - b32d7882-88db-4fe6-9cca-6a25122d474d@group-896385CD49EE-LeaderElection399: begin an election at term 361 for -1: [b32d7882-88db-4fe6-9cca-6a25122d474d:192.168.157.194:42206, 3aea292b-16fb-4e9b-be90-828afa8e8047:192.168.157.194:34569, a6b2ebfb-69a0-457c-b6cd-a50cc148b564:192.168.157.194:37298], old=null
2019-10-17 02:15:17,746 [grpc-default-executor-1] INFO  impl.RaftServerImpl (RaftServerImpl.java:setRole(184)) - 3aea292b-16fb-4e9b-be90-828afa8e8047@group-896385CD49EE: changes role from  FOLLOWER to FOLLOWER at term 361 for recognizeCandidate:b32d7882-88db-4fe6-9cca-6a25122d474d
2019-10-17 02:15:17,746 [grpc-default-executor-1] INFO  impl.RoleInfo (RoleInfo.java:shutdownFollowerState(121)) - 3aea292b-16fb-4e9b-be90-828afa8e8047: shutdown FollowerState
2019-10-17 02:15:17,746 [grpc-default-executor-0] INFO  impl.RaftServerImpl (RaftServerImpl.java:setRole(184)) - a6b2ebfb-69a0-457c-b6cd-a50cc148b564@group-896385CD49EE: changes role from  FOLLOWER to FOLLOWER at term 361 for recognizeCandidate:b32d7882-88db-4fe6-9cca-6a25122d474d
2019-10-17 02:15:17,747 [grpc-default-executor-0] INFO  impl.RoleInfo (RoleInfo.java:shutdownFollowerState(121)) - a6b2ebfb-69a0-457c-b6cd-a50cc148b564: shutdown FollowerState
2019-10-17 02:15:17,747 [grpc-default-executor-1] INFO  impl.RoleInfo (RoleInfo.java:updateAndGet(143)) - 3aea292b-16fb-4e9b-be90-828afa8e8047: start FollowerState
2019-10-17 02:15:17,747 [Thread-3551] INFO  impl.FollowerState (FollowerState.java:run(117)) - 3aea292b-16fb-4e9b-be90-828afa8e8047@group-896385CD49EE-FollowerState was interrupted: java.lang.InterruptedException: sleep interrupted
2019-10-17 02:15:17,747 [Thread-3550] INFO  impl.FollowerState (FollowerState.java:run(117)) - a6b2ebfb-69a0-457c-b6cd-a50cc148b564@group-896385CD49EE-FollowerState was interrupted: java.lang.InterruptedException: sleep interrupted
2019-10-17 02:15:17,747 [grpc-default-executor-0] INFO  impl.RoleInfo (RoleInfo.java:updateAndGet(143)) - a6b2ebfb-69a0-457c-b6cd-a50cc148b564: start FollowerState
2019-10-17 02:15:17,760 [b32d7882-88db-4fe6-9cca-6a25122d474d@group-896385CD49EE-LeaderElection399] INFO  impl.LeaderElection (LeaderElection.java:logAndReturn(56)) - b32d7882-88db-4fe6-9cca-6a25122d474d@group-896385CD49EE-LeaderElection399: Election REJECTED; received 2 response(s) [b32d7882-88db-4fe6-9cca-6a25122d474d<-3aea292b-16fb-4e9b-be90-828afa8e8047#0:FAIL-t361, b32d7882-88db-4fe6-9cca-6a25122d474d<-a6b2ebfb-69a0-457c-b6cd-a50cc148b564#0:FAIL-t361] and 0 exception(s); b32d7882-88db-4fe6-9cca-6a25122d474d@group-896385CD49EE:t361, leader=null, voted=b32d7882-88db-4fe6-9cca-6a25122d474d, raftlog=b32d7882-88db-4fe6-9cca-6a25122d474d@group-896385CD49EE-SegmentedRaftLog:OPENED:c-1,f-1,i0, conf=-1: [b32d7882-88db-4fe6-9cca-6a25122d474d:192.168.157.194:42206, 3aea292b-16fb-4e9b-be90-828afa8e8047:192.168.157.194:34569, a6b2ebfb-69a0-457c-b6cd-a50cc148b564:192.168.157.194:37298], old=null
2019-10-17 02:15:17,761 [b32d7882-88db-4fe6-9cca-6a25122d474d@group-896385CD49EE-LeaderElection399] INFO  impl.RaftServerImpl (RaftServerImpl.java:setRole(184)) - b32d7882-88db-4fe6-9cca-6a25122d474d@group-896385CD49EE: changes role from CANDIDATE to FOLLOWER at term 361 for DISCOVERED_A_NEW_TERM
2019-10-17 02:15:17,761 [b32d7882-88db-4fe6-9cca-6a25122d474d@group-896385CD49EE-LeaderElection399] INFO  impl.RoleInfo (RoleInfo.java:shutdownLeaderElection(134)) - b32d7882-88db-4fe6-9cca-6a25122d474d: shutdown LeaderElection
2019-10-17 02:15:17,761 [b32d7882-88db-4fe6-9cca-6a25122d474d@group-896385CD49EE-LeaderElection399] INFO  impl.RoleInfo (RoleInfo.java:updateAndGet(143)) - b32d7882-88db-4fe6-9cca-6a25122d474d: start FollowerState
2019-10-17 02:15:17,821 [Thread-3558] INFO  impl.FollowerState (FollowerState.java:run(108)) - b32d7882-88db-4fe6-9cca-6a25122d474d@group-896385CD49EE-FollowerState: change to CANDIDATE, lastRpcTime:60ms, electionTimeout:60ms
2019-10-17 02:15:17,821 [Thread-3558] INFO  impl.RoleInfo (RoleInfo.java:shutdownFollowerState(121)) - b32d7882-88db-4fe6-9cca-6a25122d474d: shutdown FollowerState
2019-10-17 02:15:17,821 [Thread-3558] INFO  impl.RaftServerImpl (RaftServerImpl.java:setRole(184)) - b32d7882-88db-4fe6-9cca-6a25122d474d@group-896385CD49EE: changes role from  FOLLOWER to CANDIDATE at term 361 for changeToCandidate
2019-10-17 02:15:17,821 [Thread-3558] INFO  impl.RoleInfo (RoleInfo.java:updateAndGet(143)) - b32d7882-88db-4fe6-9cca-6a25122d474d: start LeaderElection
2019-10-17 02:15:17,835 [b32d7882-88db-4fe6-9cca-6a25122d474d@group-896385CD49EE-LeaderElection400] INFO  impl.LeaderElection (LeaderElection.java:askForVotes(178)) - b32d7882-88db-4fe6-9cca-6a25122d474d@group-896385CD49EE-LeaderElection400: begin an election at term 362 for -1: [b32d7882-88db-4fe6-9cca-6a25122d474d:192.168.157.194:42206, 3aea292b-16fb-4e9b-be90-828afa8e8047:192.168.157.194:34569, a6b2ebfb-69a0-457c-b6cd-a50cc148b564:192.168.157.194:37298], old=null
2019-10-17 02:15:17,836 [grpc-default-executor-1] INFO  impl.RaftServerImpl (RaftServerImpl.java:setRole(184)) - 3aea292b-16fb-4e9b-be90-828afa8e8047@group-896385CD49EE: changes role from  FOLLOWER to FOLLOWER at term 362 for recognizeCandidate:b32d7882-88db-4fe6-9cca-6a25122d474d
2019-10-17 02:15:17,836 [grpc-default-executor-1] INFO  impl.RoleInfo (RoleInfo.java:shutdownFollowerState(121)) - 3aea292b-16fb-4e9b-be90-828afa8e8047: shutdown FollowerState
2019-10-17 02:15:17,836 [grpc-default-executor-0] INFO  impl.RaftServerImpl (RaftServerImpl.java:setRole(184)) - a6b2ebfb-69a0-457c-b6cd-a50cc148b564@group-896385CD49EE: changes role from  FOLLOWER to FOLLOWER at term 362 for recognizeCandidate:b32d7882-88db-4fe6-9cca-6a25122d474d
2019-10-17 02:15:17,836 [grpc-default-executor-0] INFO  impl.RoleInfo (RoleInfo.java:shutdownFollowerState(121)) - a6b2ebfb-69a0-457c-b6cd-a50cc148b564: shutdown FollowerState
2019-10-17 02:15:17,836 [Thread-3556] INFO  impl.FollowerState (FollowerState.java:run(117)) - 3aea292b-16fb-4e9b-be90-828afa8e8047@group-896385CD49EE-FollowerState was interrupted: java.lang.InterruptedException: sleep interrupted
2019-10-17 02:15:17,836 [grpc-default-executor-1] INFO  impl.RoleInfo (RoleInfo.java:updateAndGet(143)) - 3aea292b-16fb-4e9b-be90-828afa8e8047: start FollowerState
2019-10-17 02:15:17,836 [Thread-3557] INFO  impl.FollowerState (FollowerState.java:run(117)) - a6b2ebfb-69a0-457c-b6cd-a50cc148b564@group-896385CD49EE-FollowerState was interrupted: java.lang.InterruptedException: sleep interrupted
2019-10-17 02:15:17,836 [grpc-default-executor-0] INFO  impl.RoleInfo (RoleInfo.java:updateAndGet(143)) - a6b2ebfb-69a0-457c-b6cd-a50cc148b564: start FollowerState
2019-10-17 02:15:17,850 [b32d7882-88db-4fe6-9cca-6a25122d474d@group-896385CD49EE-LeaderElection400] INFO  impl.LeaderElection (LeaderElection.java:logAndReturn(56)) - b32d7882-88db-4fe6-9cca-6a25122d474d@group-896385CD49EE-LeaderElection400: Election REJECTED; received 2 response(s) [b32d7882-88db-4fe6-9cca-6a25122d474d<-3aea292b-16fb-4e9b-be90-828afa8e8047#0:FAIL-t362, b32d7882-88db-4fe6-9cca-6a25122d474d<-a6b2ebfb-69a0-457c-b6cd-a50cc148b564#0:FAIL-t362] and 0 exception(s); b32d7882-88db-4fe6-9cca-6a25122d474d@group-896385CD49EE:t362, leader=null, voted=b32d7882-88db-4fe6-9cca-6a25122d474d, raftlog=b32d7882-88db-4fe6-9cca-6a25122d474d@group-896385CD49EE-SegmentedRaftLog:OPENED:c-1,f-1,i0, conf=-1: [b32d7882-88db-4fe6-9cca-6a25122d474d:192.168.157.194:42206, 3aea292b-16fb-4e9b-be90-828afa8e8047:192.168.157.194:34569, a6b2ebfb-69a0-457c-b6cd-a50cc148b564:192.168.157.194:37298], old=null
2019-10-17 02:15:17,851 [b32d7882-88db-4fe6-9cca-6a25122d474d@group-896385CD49EE-LeaderElection400] INFO  impl.RaftServerImpl (RaftServerImpl.java:setRole(184)) - b32d7882-88db-4fe6-9cca-6a25122d474d@group-896385CD49EE: changes role from CANDIDATE to FOLLOWER at term 362 for DISCOVERED_A_NEW_TERM
2019-10-17 02:15:17,851 [b32d7882-88db-4fe6-9cca-6a25122d474d@group-896385CD49EE-LeaderElection400] INFO  impl.RoleInfo (RoleInfo.java:shutdownLeaderElection(134)) - b32d7882-88db-4fe6-9cca-6a25122d474d: shutdown LeaderElection
2019-10-17 02:15:17,851 [b32d7882-88db-4fe6-9cca-6a25122d474d@group-896385CD49EE-LeaderElection400] INFO  impl.RoleInfo (RoleInfo.java:updateAndGet(143)) - b32d7882-88db-4fe6-9cca-6a25122d474d: start FollowerState
2019-10-17 02:15:17,922 [Thread-3564] INFO  impl.FollowerState (FollowerState.java:run(108)) - b32d7882-88db-4fe6-9cca-6a25122d474d@group-896385CD49EE-FollowerState: change to CANDIDATE, lastRpcTime:71ms, electionTimeout:71ms
2019-10-17 02:15:17,922 [Thread-3564] INFO  impl.RoleInfo (RoleInfo.java:shutdownFollowerState(121)) - b32d7882-88db-4fe6-9cca-6a25122d474d: shutdown FollowerState
2019-10-17 02:15:17,922 [Thread-3564] INFO  impl.RaftServerImpl (RaftServerImpl.java:setRole(184)) - b32d7882-88db-4fe6-9cca-6a25122d474d@group-896385CD49EE: changes role from  FOLLOWER to CANDIDATE at term 362 for changeToCandidate
2019-10-17 02:15:17,922 [Thread-3564] INFO  impl.RoleInfo (RoleInfo.java:updateAndGet(143)) - b32d7882-88db-4fe6-9cca-6a25122d474d: start LeaderElection
2019-10-17 02:15:17,935 [b32d7882-88db-4fe6-9cca-6a25122d474d@group-896385CD49EE-LeaderElection401] INFO  impl.LeaderElection (LeaderElection.java:askForVotes(178)) - b32d7882-88db-4fe6-9cca-6a25122d474d@group-896385CD49EE-LeaderElection401: begin an election at term 363 for -1: [b32d7882-88db-4fe6-9cca-6a25122d474d:192.168.157.194:42206, 3aea292b-16fb-4e9b-be90-828afa8e8047:192.168.157.194:34569, a6b2ebfb-69a0-457c-b6cd-a50cc148b564:192.168.157.194:37298], old=null
2019-10-17 02:15:17,936 [grpc-default-executor-0] INFO  impl.RaftServerImpl (RaftServerImpl.java:setRole(184)) - 3aea292b-16fb-4e9b-be90-828afa8e8047@group-896385CD49EE: changes role from  FOLLOWER to FOLLOWER at term 363 for recognizeCandidate:b32d7882-88db-4fe6-9cca-6a25122d474d
2019-10-17 02:15:17,936 [grpc-default-executor-0] INFO  impl.RoleInfo (RoleInfo.java:shutdownFollowerState(121)) - 3aea292b-16fb-4e9b-be90-828afa8e8047: shutdown FollowerState
2019-10-17 02:15:17,936 [grpc-default-executor-1] INFO  impl.RaftServerImpl (RaftServerImpl.java:setRole(184)) - a6b2ebfb-69a0-457c-b6cd-a50cc148b564@group-896385CD49EE: changes role from  FOLLOWER to FOLLOWER at term 363 for recognizeCandidate:b32d7882-88db-4fe6-9cca-6a25122d474d
2019-10-17 02:15:17,937 [grpc-default-executor-1] INFO  impl.RoleInfo (RoleInfo.java:shutdownFollowerState(121)) - a6b2ebfb-69a0-457c-b6cd-a50cc148b564: shutdown FollowerState
2019-10-17 02:15:17,936 [Thread-3562] INFO  impl.FollowerState (FollowerState.java:run(117)) - 3aea292b-16fb-4e9b-be90-828afa8e8047@group-896385CD49EE-FollowerState was interrupted: java.lang.InterruptedException: sleep interrupted
2019-10-17 02:15:17,936 [grpc-default-executor-0] INFO  impl.RoleInfo (RoleInfo.java:updateAndGet(143)) - 3aea292b-16fb-4e9b-be90-828afa8e8047: start FollowerState
2019-10-17 02:15:17,937 [grpc-default-executor-1] INFO  impl.RoleInfo (RoleInfo.java:updateAndGet(143)) - a6b2ebfb-69a0-457c-b6cd-a50cc148b564: start FollowerState
2019-10-17 02:15:17,949 [Thread-3563] INFO  impl.FollowerState (FollowerState.java:run(117)) - a6b2ebfb-69a0-457c-b6cd-a50cc148b564@group-896385CD49EE-FollowerState was interrupted: java.lang.InterruptedException: sleep interrupted
2019-10-17 02:15:17,951 [b32d7882-88db-4fe6-9cca-6a25122d474d@group-896385CD49EE-LeaderElection401] INFO  impl.LeaderElection (LeaderElection.java:logAndReturn(56)) - b32d7882-88db-4fe6-9cca-6a25122d474d@group-896385CD49EE-LeaderElection401: Election REJECTED; received 2 response(s) [b32d7882-88db-4fe6-9cca-6a25122d474d<-3aea292b-16fb-4e9b-be90-828afa8e8047#0:FAIL-t363, b32d7882-88db-4fe6-9cca-6a25122d474d<-a6b2ebfb-69a0-457c-b6cd-a50cc148b564#0:FAIL-t363] and 0 exception(s); b32d7882-88db-4fe6-9cca-6a25122d474d@group-896385CD49EE:t363, leader=null, voted=b32d7882-88db-4fe6-9cca-6a25122d474d, raftlog=b32d7882-88db-4fe6-9cca-6a25122d474d@group-896385CD49EE-SegmentedRaftLog:OPENED:c-1,f-1,i0, conf=-1: [b32d7882-88db-4fe6-9cca-6a25122d474d:192.168.157.194:42206, 3aea292b-16fb-4e9b-be90-828afa8e8047:192.168.157.194:34569, a6b2ebfb-69a0-457c-b6cd-a50cc148b564:192.168.157.194:37298], old=null
2019-10-17 02:15:17,951 [b32d7882-88db-4fe6-9cca-6a25122d474d@group-896385CD49EE-LeaderElection401] INFO  impl.RaftServerImpl (RaftServerImpl.java:setRole(184)) - b32d7882-88db-4fe6-9cca-6a25122d474d@group-896385CD49EE: changes role from CANDIDATE to FOLLOWER at term 363 for DISCOVERED_A_NEW_TERM
2019-10-17 02:15:17,951 [b32d7882-88db-4fe6-9cca-6a25122d474d@group-896385CD49EE-LeaderElection401] INFO  impl.RoleInfo (RoleInfo.java:shutdownLeaderElection(134)) - b32d7882-88db-4fe6-9cca-6a25122d474d: shutdown LeaderElection
2019-10-17 02:15:17,951 [b32d7882-88db-4fe6-9cca-6a25122d474d@group-896385CD49EE-LeaderElection401] INFO  impl.RoleInfo (RoleInfo.java:updateAndGet(143)) - b32d7882-88db-4fe6-9cca-6a25122d474d: start FollowerState
2019-10-17 02:15:18,023 [Thread-3570] INFO  impl.FollowerState (FollowerState.java:run(108)) - b32d7882-88db-4fe6-9cca-6a25122d474d@group-896385CD49EE-FollowerState: change to CANDIDATE, lastRpcTime:72ms, electionTimeout:72ms
2019-10-17 02:15:18,023 [Thread-3570] INFO  impl.RoleInfo (RoleInfo.java:shutdownFollowerState(121)) - b32d7882-88db-4fe6-9cca-6a25122d474d: shutdown FollowerState
2019-10-17 02:15:18,023 [Thread-3570] INFO  impl.RaftServerImpl (RaftServerImpl.java:setRole(184)) - b32d7882-88db-4fe6-9cca-6a25122d474d@group-896385CD49EE: changes role from  FOLLOWER to CANDIDATE at term 363 for changeToCandidate
2019-10-17 02:15:18,023 [Thread-3570] INFO  impl.RoleInfo (RoleInfo.java:updateAndGet(143)) - b32d7882-88db-4fe6-9cca-6a25122d474d: start LeaderElection
2019-10-17 02:15:18,037 [b32d7882-88db-4fe6-9cca-6a25122d474d@group-896385CD49EE-LeaderElection402] INFO  impl.LeaderElection (LeaderElection.java:askForVotes(178)) - b32d7882-88db-4fe6-9cca-6a25122d474d@group-896385CD49EE-LeaderElection402: begin an election at term 364 for -1: [b32d7882-88db-4fe6-9cca-6a25122d474d:192.168.157.194:42206, 3aea292b-16fb-4e9b-be90-828afa8e8047:192.168.157.194:34569, a6b2ebfb-69a0-457c-b6cd-a50cc148b564:192.168.157.194:37298], old=null
2019-10-17 02:15:18,038 [grpc-default-executor-1] INFO  impl.RaftServerImpl (RaftServerImpl.java:setRole(184)) - a6b2ebfb-69a0-457c-b6cd-a50cc148b564@group-896385CD49EE: changes role from  FOLLOWER to FOLLOWER at term 364 for recognizeCandidate:b32d7882-88db-4fe6-9cca-6a25122d474d
2019-10-17 02:15:18,038 [grpc-default-executor-1] INFO  impl.RoleInfo (RoleInfo.java:shutdownFollowerState(121)) - a6b2ebfb-69a0-457c-b6cd-a50cc148b564: shutdown FollowerState
2019-10-17 02:15:18,038 [grpc-default-executor-0] INFO  impl.RaftServerImpl (RaftServerImpl.java:setRole(184)) - 3aea292b-16fb-4e9b-be90-828afa8e8047@group-896385CD49EE: changes role from  FOLLOWER to FOLLOWER at term 364 for recognizeCandidate:b32d7882-88db-4fe6-9cca-6a25122d474d
2019-10-17 02:15:18,038 [grpc-default-executor-0] INFO  impl.RoleInfo (RoleInfo.java:shutdownFollowerState(121)) - 3aea292b-16fb-4e9b-be90-828afa8e8047: shutdown FollowerState
2019-10-17 02:15:18,038 [grpc-default-executor-1] INFO  impl.RoleInfo (RoleInfo.java:updateAndGet(143)) - a6b2ebfb-69a0-457c-b6cd-a50cc148b564: start FollowerState
2019-10-17 02:15:18,038 [Thread-3569] INFO  impl.FollowerState (FollowerState.java:run(117)) - a6b2ebfb-69a0-457c-b6cd-a50cc148b564@group-896385CD49EE-FollowerState was interrupted: java.lang.InterruptedException: sleep interrupted
2019-10-17 02:15:18,038 [Thread-3568] INFO  impl.FollowerState (FollowerState.java:run(117)) - 3aea292b-16fb-4e9b-be90-828afa8e8047@group-896385CD49EE-FollowerState was interrupted: java.lang.InterruptedException: sleep interrupted
2019-10-17 02:15:18,038 [grpc-default-executor-0] INFO  impl.RoleInfo (RoleInfo.java:updateAndGet(143)) - 3aea292b-16fb-4e9b-be90-828afa8e8047: start FollowerState
2019-10-17 02:15:18,052 [b32d7882-88db-4fe6-9cca-6a25122d474d@group-896385CD49EE-LeaderElection402] INFO  impl.LeaderElection (LeaderElection.java:logAndReturn(56)) - b32d7882-88db-4fe6-9cca-6a25122d474d@group-896385CD49EE-LeaderElection402: Election REJECTED; received 2 response(s) [b32d7882-88db-4fe6-9cca-6a25122d474d<-3aea292b-16fb-4e9b-be90-828afa8e8047#0:FAIL-t364, b32d7882-88db-4fe6-9cca-6a25122d474d<-a6b2ebfb-69a0-457c-b6cd-a50cc148b564#0:FAIL-t364] and 0 exception(s); b32d7882-88db-4fe6-9cca-6a25122d474d@group-896385CD49EE:t364, leader=null, voted=b32d7882-88db-4fe6-9cca-6a25122d474d, raftlog=b32d7882-88db-4fe6-9cca-6a25122d474d@group-896385CD49EE-SegmentedRaftLog:OPENED:c-1,f-1,i0, conf=-1: [b32d7882-88db-4fe6-9cca-6a25122d474d:192.168.157.194:42206, 3aea292b-16fb-4e9b-be90-828afa8e8047:192.168.157.194:34569, a6b2ebfb-69a0-457c-b6cd-a50cc148b564:192.168.157.194:37298], old=null
2019-10-17 02:15:18,052 [b32d7882-88db-4fe6-9cca-6a25122d474d@group-896385CD49EE-LeaderElection402] INFO  impl.RaftServerImpl (RaftServerImpl.java:setRole(184)) - b32d7882-88db-4fe6-9cca-6a25122d474d@group-896385CD49EE: changes role from CANDIDATE to FOLLOWER at term 364 for DISCOVERED_A_NEW_TERM
2019-10-17 02:15:18,052 [b32d7882-88db-4fe6-9cca-6a25122d474d@group-896385CD49EE-LeaderElection402] INFO  impl.RoleInfo (RoleInfo.java:shutdownLeaderElection(134)) - b32d7882-88db-4fe6-9cca-6a25122d474d: shutdown LeaderElection
2019-10-17 02:15:18,052 [b32d7882-88db-4fe6-9cca-6a25122d474d@group-896385CD49EE-LeaderElection402] INFO  impl.RoleInfo (RoleInfo.java:updateAndGet(143)) - b32d7882-88db-4fe6-9cca-6a25122d474d: start FollowerState
2019-10-17 02:15:18,184 [main] INFO  ozone.MiniOzoneClusterImpl (MiniOzoneClusterImpl.java:lambda$waitForClusterToBeReady$2(164)) - Waiting for 1 number of pipelines out of 4, to report a leader.
2019-10-17 02:15:18,190 [Thread-3576] INFO  impl.FollowerState (FollowerState.java:run(108)) - b32d7882-88db-4fe6-9cca-6a25122d474d@group-896385CD49EE-FollowerState: change to CANDIDATE, lastRpcTime:138ms, electionTimeout:138ms
2019-10-17 02:15:18,191 [Thread-3576] INFO  impl.RoleInfo (RoleInfo.java:shutdownFollowerState(121)) - b32d7882-88db-4fe6-9cca-6a25122d474d: shutdown FollowerState
2019-10-17 02:15:18,191 [Thread-3576] INFO  impl.RaftServerImpl (RaftServerImpl.java:setRole(184)) - b32d7882-88db-4fe6-9cca-6a25122d474d@group-896385CD49EE: changes role from  FOLLOWER to CANDIDATE at term 364 for changeToCandidate
2019-10-17 02:15:18,191 [Thread-3576] INFO  impl.RoleInfo (RoleInfo.java:updateAndGet(143)) - b32d7882-88db-4fe6-9cca-6a25122d474d: start LeaderElection
2019-10-17 02:15:18,204 [b32d7882-88db-4fe6-9cca-6a25122d474d@group-896385CD49EE-LeaderElection403] INFO  impl.LeaderElection (LeaderElection.java:askForVotes(178)) - b32d7882-88db-4fe6-9cca-6a25122d474d@group-896385CD49EE-LeaderElection403: begin an election at term 365 for -1: [b32d7882-88db-4fe6-9cca-6a25122d474d:192.168.157.194:42206, 3aea292b-16fb-4e9b-be90-828afa8e8047:192.168.157.194:34569, a6b2ebfb-69a0-457c-b6cd-a50cc148b564:192.168.157.194:37298], old=null
2019-10-17 02:15:18,205 [grpc-default-executor-0] INFO  impl.RaftServerImpl (RaftServerImpl.java:setRole(184)) - a6b2ebfb-69a0-457c-b6cd-a50cc148b564@group-896385CD49EE: changes role from  FOLLOWER to FOLLOWER at term 365 for recognizeCandidate:b32d7882-88db-4fe6-9cca-6a25122d474d
2019-10-17 02:15:18,205 [grpc-default-executor-0] INFO  impl.RoleInfo (RoleInfo.java:shutdownFollowerState(121)) - a6b2ebfb-69a0-457c-b6cd-a50cc148b564: shutdown FollowerState
2019-10-17 02:15:18,205 [grpc-default-executor-1] INFO  impl.RaftServerImpl (RaftServerImpl.java:setRole(184)) - 3aea292b-16fb-4e9b-be90-828afa8e8047@group-896385CD49EE: changes role from  FOLLOWER to FOLLOWER at term 365 for recognizeCandidate:b32d7882-88db-4fe6-9cca-6a25122d474d
2019-10-17 02:15:18,205 [grpc-default-executor-1] INFO  impl.RoleInfo (RoleInfo.java:shutdownFollowerState(121)) - 3aea292b-16fb-4e9b-be90-828afa8e8047: shutdown FollowerState
2019-10-17 02:15:18,205 [Thread-3574] INFO  impl.FollowerState (FollowerState.java:run(117)) - a6b2ebfb-69a0-457c-b6cd-a50cc148b564@group-896385CD49EE-FollowerState was interrupted: java.lang.InterruptedException: sleep interrupted
2019-10-17 02:15:18,205 [grpc-default-executor-0] INFO  impl.RoleInfo (RoleInfo.java:updateAndGet(143)) - a6b2ebfb-69a0-457c-b6cd-a50cc148b564: start FollowerState
2019-10-17 02:15:18,206 [Thread-3575] INFO  impl.FollowerState (FollowerState.java:run(117)) - 3aea292b-16fb-4e9b-be90-828afa8e8047@group-896385CD49EE-FollowerState was interrupted: java.lang.InterruptedException: sleep interrupted
2019-10-17 02:15:18,205 [grpc-default-executor-1] INFO  impl.RoleInfo (RoleInfo.java:updateAndGet(143)) - 3aea292b-16fb-4e9b-be90-828afa8e8047: start FollowerState
2019-10-17 02:15:18,220 [b32d7882-88db-4fe6-9cca-6a25122d474d@group-896385CD49EE-LeaderElection403] INFO  impl.LeaderElection (LeaderElection.java:logAndReturn(56)) - b32d7882-88db-4fe6-9cca-6a25122d474d@group-896385CD49EE-LeaderElection403: Election REJECTED; received 2 response(s) [b32d7882-88db-4fe6-9cca-6a25122d474d<-3aea292b-16fb-4e9b-be90-828afa8e8047#0:FAIL-t365, b32d7882-88db-4fe6-9cca-6a25122d474d<-a6b2ebfb-69a0-457c-b6cd-a50cc148b564#0:FAIL-t365] and 0 exception(s); b32d7882-88db-4fe6-9cca-6a25122d474d@group-896385CD49EE:t365, leader=null, voted=b32d7882-88db-4fe6-9cca-6a25122d474d, raftlog=b32d7882-88db-4fe6-9cca-6a25122d474d@group-896385CD49EE-SegmentedRaftLog:OPENED:c-1,f-1,i0, conf=-1: [b32d7882-88db-4fe6-9cca-6a25122d474d:192.168.157.194:42206, 3aea292b-16fb-4e9b-be90-828afa8e8047:192.168.157.194:34569, a6b2ebfb-69a0-457c-b6cd-a50cc148b564:192.168.157.194:37298], old=null
2019-10-17 02:15:18,220 [b32d7882-88db-4fe6-9cca-6a25122d474d@group-896385CD49EE-LeaderElection403] INFO  impl.RaftServerImpl (RaftServerImpl.java:setRole(184)) - b32d7882-88db-4fe6-9cca-6a25122d474d@group-896385CD49EE: changes role from CANDIDATE to FOLLOWER at term 365 for DISCOVERED_A_NEW_TERM
2019-10-17 02:15:18,221 [b32d7882-88db-4fe6-9cca-6a25122d474d@group-896385CD49EE-LeaderElection403] INFO  impl.RoleInfo (RoleInfo.java:shutdownLeaderElection(134)) - b32d7882-88db-4fe6-9cca-6a25122d474d: shutdown LeaderElection
2019-10-17 02:15:18,221 [b32d7882-88db-4fe6-9cca-6a25122d474d@group-896385CD49EE-LeaderElection403] INFO  impl.RoleInfo (RoleInfo.java:updateAndGet(143)) - b32d7882-88db-4fe6-9cca-6a25122d474d: start FollowerState
2019-10-17 02:15:18,385 [Thread-3582] INFO  impl.FollowerState (FollowerState.java:run(108)) - b32d7882-88db-4fe6-9cca-6a25122d474d@group-896385CD49EE-FollowerState: change to CANDIDATE, lastRpcTime:164ms, electionTimeout:164ms
2019-10-17 02:15:18,385 [Thread-3582] INFO  impl.RoleInfo (RoleInfo.java:shutdownFollowerState(121)) - b32d7882-88db-4fe6-9cca-6a25122d474d: shutdown FollowerState
2019-10-17 02:15:18,385 [Thread-3582] INFO  impl.RaftServerImpl (RaftServerImpl.java:setRole(184)) - b32d7882-88db-4fe6-9cca-6a25122d474d@group-896385CD49EE: changes role from  FOLLOWER to CANDIDATE at term 365 for changeToCandidate
2019-10-17 02:15:18,385 [Thread-3582] INFO  impl.RoleInfo (RoleInfo.java:updateAndGet(143)) - b32d7882-88db-4fe6-9cca-6a25122d474d: start LeaderElection
2019-10-17 02:15:18,399 [b32d7882-88db-4fe6-9cca-6a25122d474d@group-896385CD49EE-LeaderElection404] INFO  impl.LeaderElection (LeaderElection.java:askForVotes(178)) - b32d7882-88db-4fe6-9cca-6a25122d474d@group-896385CD49EE-LeaderElection404: begin an election at term 366 for -1: [b32d7882-88db-4fe6-9cca-6a25122d474d:192.168.157.194:42206, 3aea292b-16fb-4e9b-be90-828afa8e8047:192.168.157.194:34569, a6b2ebfb-69a0-457c-b6cd-a50cc148b564:192.168.157.194:37298], old=null
2019-10-17 02:15:18,400 [grpc-default-executor-0] INFO  impl.RaftServerImpl (RaftServerImpl.java:setRole(184)) - a6b2ebfb-69a0-457c-b6cd-a50cc148b564@group-896385CD49EE: changes role from  FOLLOWER to FOLLOWER at term 366 for recognizeCandidate:b32d7882-88db-4fe6-9cca-6a25122d474d
2019-10-17 02:15:18,400 [grpc-default-executor-0] INFO  impl.RoleInfo (RoleInfo.java:shutdownFollowerState(121)) - a6b2ebfb-69a0-457c-b6cd-a50cc148b564: shutdown FollowerState
2019-10-17 02:15:18,400 [grpc-default-executor-1] INFO  impl.RaftServerImpl (RaftServerImpl.java:setRole(184)) - 3aea292b-16fb-4e9b-be90-828afa8e8047@group-896385CD49EE: changes role from  FOLLOWER to FOLLOWER at term 366 for recognizeCandidate:b32d7882-88db-4fe6-9cca-6a25122d474d
2019-10-17 02:15:18,400 [Thread-3580] INFO  impl.FollowerState (FollowerState.java:run(117)) - a6b2ebfb-69a0-457c-b6cd-a50cc148b564@group-896385CD49EE-FollowerState was interrupted: java.lang.InterruptedException: sleep interrupted
2019-10-17 02:15:18,400 [grpc-default-executor-0] INFO  impl.RoleInfo (RoleInfo.java:updateAndGet(143)) - a6b2ebfb-69a0-457c-b6cd-a50cc148b564: start FollowerState
2019-10-17 02:15:18,400 [grpc-default-executor-1] INFO  impl.RoleInfo (RoleInfo.java:shutdownFollowerState(121)) - 3aea292b-16fb-4e9b-be90-828afa8e8047: shutdown FollowerState
2019-10-17 02:15:18,401 [grpc-default-executor-1] INFO  impl.RoleInfo (RoleInfo.java:updateAndGet(143)) - 3aea292b-16fb-4e9b-be90-828afa8e8047: start FollowerState
2019-10-17 02:15:18,401 [Thread-3581] INFO  impl.FollowerState (FollowerState.java:run(117)) - 3aea292b-16fb-4e9b-be90-828afa8e8047@group-896385CD49EE-FollowerState was interrupted: java.lang.InterruptedException: sleep interrupted
2019-10-17 02:15:18,414 [b32d7882-88db-4fe6-9cca-6a25122d474d@group-896385CD49EE-LeaderElection404] INFO  impl.LeaderElection (LeaderElection.java:logAndReturn(56)) - b32d7882-88db-4fe6-9cca-6a25122d474d@group-896385CD49EE-LeaderElection404: Election REJECTED; received 2 response(s) [b32d7882-88db-4fe6-9cca-6a25122d474d<-3aea292b-16fb-4e9b-be90-828afa8e8047#0:FAIL-t366, b32d7882-88db-4fe6-9cca-6a25122d474d<-a6b2ebfb-69a0-457c-b6cd-a50cc148b564#0:FAIL-t366] and 0 exception(s); b32d7882-88db-4fe6-9cca-6a25122d474d@group-896385CD49EE:t366, leader=null, voted=b32d7882-88db-4fe6-9cca-6a25122d474d, raftlog=b32d7882-88db-4fe6-9cca-6a25122d474d@group-896385CD49EE-SegmentedRaftLog:OPENED:c-1,f-1,i0, conf=-1: [b32d7882-88db-4fe6-9cca-6a25122d474d:192.168.157.194:42206, 3aea292b-16fb-4e9b-be90-828afa8e8047:192.168.157.194:34569, a6b2ebfb-69a0-457c-b6cd-a50cc148b564:192.168.157.194:37298], old=null
2019-10-17 02:15:18,414 [b32d7882-88db-4fe6-9cca-6a25122d474d@group-896385CD49EE-LeaderElection404] INFO  impl.RaftServerImpl (RaftServerImpl.java:setRole(184)) - b32d7882-88db-4fe6-9cca-6a25122d474d@group-896385CD49EE: changes role from CANDIDATE to FOLLOWER at term 366 for DISCOVERED_A_NEW_TERM
2019-10-17 02:15:18,414 [b32d7882-88db-4fe6-9cca-6a25122d474d@group-896385CD49EE-LeaderElection404] INFO  impl.RoleInfo (RoleInfo.java:shutdownLeaderElection(134)) - b32d7882-88db-4fe6-9cca-6a25122d474d: shutdown LeaderElection
2019-10-17 02:15:18,414 [b32d7882-88db-4fe6-9cca-6a25122d474d@group-896385CD49EE-LeaderElection404] INFO  impl.RoleInfo (RoleInfo.java:updateAndGet(143)) - b32d7882-88db-4fe6-9cca-6a25122d474d: start FollowerState
2019-10-17 02:15:18,599 [Thread-3588] INFO  impl.FollowerState (FollowerState.java:run(108)) - b32d7882-88db-4fe6-9cca-6a25122d474d@group-896385CD49EE-FollowerState: change to CANDIDATE, lastRpcTime:184ms, electionTimeout:184ms
2019-10-17 02:15:18,599 [Thread-3588] INFO  impl.RoleInfo (RoleInfo.java:shutdownFollowerState(121)) - b32d7882-88db-4fe6-9cca-6a25122d474d: shutdown FollowerState
2019-10-17 02:15:18,599 [Thread-3588] INFO  impl.RaftServerImpl (RaftServerImpl.java:setRole(184)) - b32d7882-88db-4fe6-9cca-6a25122d474d@group-896385CD49EE: changes role from  FOLLOWER to CANDIDATE at term 366 for changeToCandidate
2019-10-17 02:15:18,599 [Thread-3588] INFO  impl.RoleInfo (RoleInfo.java:updateAndGet(143)) - b32d7882-88db-4fe6-9cca-6a25122d474d: start LeaderElection
2019-10-17 02:15:18,612 [b32d7882-88db-4fe6-9cca-6a25122d474d@group-896385CD49EE-LeaderElection405] INFO  impl.LeaderElection (LeaderElection.java:askForVotes(178)) - b32d7882-88db-4fe6-9cca-6a25122d474d@group-896385CD49EE-LeaderElection405: begin an election at term 367 for -1: [b32d7882-88db-4fe6-9cca-6a25122d474d:192.168.157.194:42206, 3aea292b-16fb-4e9b-be90-828afa8e8047:192.168.157.194:34569, a6b2ebfb-69a0-457c-b6cd-a50cc148b564:192.168.157.194:37298], old=null
2019-10-17 02:15:18,613 [grpc-default-executor-1] INFO  impl.RaftServerImpl (RaftServerImpl.java:setRole(184)) - 3aea292b-16fb-4e9b-be90-828afa8e8047@group-896385CD49EE: changes role from  FOLLOWER to FOLLOWER at term 367 for recognizeCandidate:b32d7882-88db-4fe6-9cca-6a25122d474d
2019-10-17 02:15:18,613 [grpc-default-executor-1] INFO  impl.RoleInfo (RoleInfo.java:shutdownFollowerState(121)) - 3aea292b-16fb-4e9b-be90-828afa8e8047: shutdown FollowerState
2019-10-17 02:15:18,613 [grpc-default-executor-0] INFO  impl.RaftServerImpl (RaftServerImpl.java:setRole(184)) - a6b2ebfb-69a0-457c-b6cd-a50cc148b564@group-896385CD49EE: changes role from  FOLLOWER to FOLLOWER at term 367 for recognizeCandidate:b32d7882-88db-4fe6-9cca-6a25122d474d
2019-10-17 02:15:18,613 [Thread-3587] INFO  impl.FollowerState (FollowerState.java:run(117)) - 3aea292b-16fb-4e9b-be90-828afa8e8047@group-896385CD49EE-FollowerState was interrupted: java.lang.InterruptedException: sleep interrupted
2019-10-17 02:15:18,613 [grpc-default-executor-1] INFO  impl.RoleInfo (RoleInfo.java:updateAndGet(143)) - 3aea292b-16fb-4e9b-be90-828afa8e8047: start FollowerState
2019-10-17 02:15:18,614 [grpc-default-executor-0] INFO  impl.RoleInfo (RoleInfo.java:shutdownFollowerState(121)) - a6b2ebfb-69a0-457c-b6cd-a50cc148b564: shutdown FollowerState
2019-10-17 02:15:18,614 [grpc-default-executor-0] INFO  impl.RoleInfo (RoleInfo.java:updateAndGet(143)) - a6b2ebfb-69a0-457c-b6cd-a50cc148b564: start FollowerState
2019-10-17 02:15:18,614 [Thread-3586] INFO  impl.FollowerState (FollowerState.java:run(117)) - a6b2ebfb-69a0-457c-b6cd-a50cc148b564@group-896385CD49EE-FollowerState was interrupted: java.lang.InterruptedException: sleep interrupted
2019-10-17 02:15:18,627 [b32d7882-88db-4fe6-9cca-6a25122d474d@group-896385CD49EE-LeaderElection405] INFO  impl.LeaderElection (LeaderElection.java:logAndReturn(56)) - b32d7882-88db-4fe6-9cca-6a25122d474d@group-896385CD49EE-LeaderElection405: Election REJECTED; received 2 response(s) [b32d7882-88db-4fe6-9cca-6a25122d474d<-3aea292b-16fb-4e9b-be90-828afa8e8047#0:FAIL-t367, b32d7882-88db-4fe6-9cca-6a25122d474d<-a6b2ebfb-69a0-457c-b6cd-a50cc148b564#0:FAIL-t367] and 0 exception(s); b32d7882-88db-4fe6-9cca-6a25122d474d@group-896385CD49EE:t367, leader=null, voted=b32d7882-88db-4fe6-9cca-6a25122d474d, raftlog=b32d7882-88db-4fe6-9cca-6a25122d474d@group-896385CD49EE-SegmentedRaftLog:OPENED:c-1,f-1,i0, conf=-1: [b32d7882-88db-4fe6-9cca-6a25122d474d:192.168.157.194:42206, 3aea292b-16fb-4e9b-be90-828afa8e8047:192.168.157.194:34569, a6b2ebfb-69a0-457c-b6cd-a50cc148b564:192.168.157.194:37298], old=null
2019-10-17 02:15:18,627 [b32d7882-88db-4fe6-9cca-6a25122d474d@group-896385CD49EE-LeaderElection405] INFO  impl.RaftServerImpl (RaftServerImpl.java:setRole(184)) - b32d7882-88db-4fe6-9cca-6a25122d474d@group-896385CD49EE: changes role from CANDIDATE to FOLLOWER at term 367 for DISCOVERED_A_NEW_TERM
2019-10-17 02:15:18,628 [b32d7882-88db-4fe6-9cca-6a25122d474d@group-896385CD49EE-LeaderElection405] INFO  impl.RoleInfo (RoleInfo.java:shutdownLeaderElection(134)) - b32d7882-88db-4fe6-9cca-6a25122d474d: shutdown LeaderElection
2019-10-17 02:15:18,628 [b32d7882-88db-4fe6-9cca-6a25122d474d@group-896385CD49EE-LeaderElection405] INFO  impl.RoleInfo (RoleInfo.java:updateAndGet(143)) - b32d7882-88db-4fe6-9cca-6a25122d474d: start FollowerState
2019-10-17 02:15:18,712 [Thread-3594] INFO  impl.FollowerState (FollowerState.java:run(108)) - b32d7882-88db-4fe6-9cca-6a25122d474d@group-896385CD49EE-FollowerState: change to CANDIDATE, lastRpcTime:84ms, electionTimeout:84ms
2019-10-17 02:15:18,712 [Thread-3594] INFO  impl.RoleInfo (RoleInfo.java:shutdownFollowerState(121)) - b32d7882-88db-4fe6-9cca-6a25122d474d: shutdown FollowerState
2019-10-17 02:15:18,712 [Thread-3594] INFO  impl.RaftServerImpl (RaftServerImpl.java:setRole(184)) - b32d7882-88db-4fe6-9cca-6a25122d474d@group-896385CD49EE: changes role from  FOLLOWER to CANDIDATE at term 367 for changeToCandidate
2019-10-17 02:15:18,712 [Thread-3594] INFO  impl.RoleInfo (RoleInfo.java:updateAndGet(143)) - b32d7882-88db-4fe6-9cca-6a25122d474d: start LeaderElection
2019-10-17 02:15:18,725 [b32d7882-88db-4fe6-9cca-6a25122d474d@group-896385CD49EE-LeaderElection406] INFO  impl.LeaderElection (LeaderElection.java:askForVotes(178)) - b32d7882-88db-4fe6-9cca-6a25122d474d@group-896385CD49EE-LeaderElection406: begin an election at term 368 for -1: [b32d7882-88db-4fe6-9cca-6a25122d474d:192.168.157.194:42206, 3aea292b-16fb-4e9b-be90-828afa8e8047:192.168.157.194:34569, a6b2ebfb-69a0-457c-b6cd-a50cc148b564:192.168.157.194:37298], old=null
2019-10-17 02:15:18,726 [grpc-default-executor-0] INFO  impl.RaftServerImpl (RaftServerImpl.java:setRole(184)) - 3aea292b-16fb-4e9b-be90-828afa8e8047@group-896385CD49EE: changes role from  FOLLOWER to FOLLOWER at term 368 for recognizeCandidate:b32d7882-88db-4fe6-9cca-6a25122d474d
2019-10-17 02:15:18,726 [grpc-default-executor-0] INFO  impl.RoleInfo (RoleInfo.java:shutdownFollowerState(121)) - 3aea292b-16fb-4e9b-be90-828afa8e8047: shutdown FollowerState
2019-10-17 02:15:18,726 [grpc-default-executor-1] INFO  impl.RaftServerImpl (RaftServerImpl.java:setRole(184)) - a6b2ebfb-69a0-457c-b6cd-a50cc148b564@group-896385CD49EE: changes role from  FOLLOWER to FOLLOWER at term 368 for recognizeCandidate:b32d7882-88db-4fe6-9cca-6a25122d474d
2019-10-17 02:15:18,727 [grpc-default-executor-1] INFO  impl.RoleInfo (RoleInfo.java:shutdownFollowerState(121)) - a6b2ebfb-69a0-457c-b6cd-a50cc148b564: shutdown FollowerState
2019-10-17 02:15:18,727 [grpc-default-executor-0] INFO  impl.RoleInfo (RoleInfo.java:updateAndGet(143)) - 3aea292b-16fb-4e9b-be90-828afa8e8047: start FollowerState
2019-10-17 02:15:18,727 [Thread-3592] INFO  impl.FollowerState (FollowerState.java:run(117)) - 3aea292b-16fb-4e9b-be90-828afa8e8047@group-896385CD49EE-FollowerState was interrupted: java.lang.InterruptedException: sleep interrupted
2019-10-17 02:15:18,727 [grpc-default-executor-1] INFO  impl.RoleInfo (RoleInfo.java:updateAndGet(143)) - a6b2ebfb-69a0-457c-b6cd-a50cc148b564: start FollowerState
2019-10-17 02:15:18,727 [Thread-3593] INFO  impl.FollowerState (FollowerState.java:run(117)) - a6b2ebfb-69a0-457c-b6cd-a50cc148b564@group-896385CD49EE-FollowerState was interrupted: java.lang.InterruptedException: sleep interrupted
2019-10-17 02:15:18,742 [b32d7882-88db-4fe6-9cca-6a25122d474d@group-896385CD49EE-LeaderElection406] INFO  impl.LeaderElection (LeaderElection.java:logAndReturn(56)) - b32d7882-88db-4fe6-9cca-6a25122d474d@group-896385CD49EE-LeaderElection406: Election REJECTED; received 2 response(s) [b32d7882-88db-4fe6-9cca-6a25122d474d<-3aea292b-16fb-4e9b-be90-828afa8e8047#0:FAIL-t368, b32d7882-88db-4fe6-9cca-6a25122d474d<-a6b2ebfb-69a0-457c-b6cd-a50cc148b564#0:FAIL-t368] and 0 exception(s); b32d7882-88db-4fe6-9cca-6a25122d474d@group-896385CD49EE:t368, leader=null, voted=b32d7882-88db-4fe6-9cca-6a25122d474d, raftlog=b32d7882-88db-4fe6-9cca-6a25122d474d@group-896385CD49EE-SegmentedRaftLog:OPENED:c-1,f-1,i0, conf=-1: [b32d7882-88db-4fe6-9cca-6a25122d474d:192.168.157.194:42206, 3aea292b-16fb-4e9b-be90-828afa8e8047:192.168.157.194:34569, a6b2ebfb-69a0-457c-b6cd-a50cc148b564:192.168.157.194:37298], old=null
2019-10-17 02:15:18,742 [b32d7882-88db-4fe6-9cca-6a25122d474d@group-896385CD49EE-LeaderElection406] INFO  impl.RaftServerImpl (RaftServerImpl.java:setRole(184)) - b32d7882-88db-4fe6-9cca-6a25122d474d@group-896385CD49EE: changes role from CANDIDATE to FOLLOWER at term 368 for DISCOVERED_A_NEW_TERM
2019-10-17 02:15:18,743 [b32d7882-88db-4fe6-9cca-6a25122d474d@group-896385CD49EE-LeaderElection406] INFO  impl.RoleInfo (RoleInfo.java:shutdownLeaderElection(134)) - b32d7882-88db-4fe6-9cca-6a25122d474d: shutdown LeaderElection
2019-10-17 02:15:18,743 [b32d7882-88db-4fe6-9cca-6a25122d474d@group-896385CD49EE-LeaderElection406] INFO  impl.RoleInfo (RoleInfo.java:updateAndGet(143)) - b32d7882-88db-4fe6-9cca-6a25122d474d: start FollowerState
2019-10-17 02:15:18,746 [Thread-3600] INFO  impl.FollowerState (FollowerState.java:run(108)) - b32d7882-88db-4fe6-9cca-6a25122d474d@group-896385CD49EE-FollowerState: change to CANDIDATE, lastRpcTime:3ms, electionTimeout:3ms
2019-10-17 02:15:18,746 [Thread-3600] INFO  impl.RoleInfo (RoleInfo.java:shutdownFollowerState(121)) - b32d7882-88db-4fe6-9cca-6a25122d474d: shutdown FollowerState
2019-10-17 02:15:18,746 [Thread-3600] INFO  impl.RaftServerImpl (RaftServerImpl.java:setRole(184)) - b32d7882-88db-4fe6-9cca-6a25122d474d@group-896385CD49EE: changes role from  FOLLOWER to CANDIDATE at term 368 for changeToCandidate
2019-10-17 02:15:18,746 [Thread-3600] INFO  impl.RoleInfo (RoleInfo.java:updateAndGet(143)) - b32d7882-88db-4fe6-9cca-6a25122d474d: start LeaderElection
2019-10-17 02:15:18,755 [b32d7882-88db-4fe6-9cca-6a25122d474d@group-896385CD49EE-LeaderElection407] INFO  impl.LeaderElection (LeaderElection.java:askForVotes(178)) - b32d7882-88db-4fe6-9cca-6a25122d474d@group-896385CD49EE-LeaderElection407: begin an election at term 369 for -1: [b32d7882-88db-4fe6-9cca-6a25122d474d:192.168.157.194:42206, 3aea292b-16fb-4e9b-be90-828afa8e8047:192.168.157.194:34569, a6b2ebfb-69a0-457c-b6cd-a50cc148b564:192.168.157.194:37298], old=null
2019-10-17 02:15:18,756 [grpc-default-executor-0] INFO  impl.RaftServerImpl (RaftServerImpl.java:setRole(184)) - 3aea292b-16fb-4e9b-be90-828afa8e8047@group-896385CD49EE: changes role from  FOLLOWER to FOLLOWER at term 369 for recognizeCandidate:b32d7882-88db-4fe6-9cca-6a25122d474d
2019-10-17 02:15:18,756 [grpc-default-executor-0] INFO  impl.RoleInfo (RoleInfo.java:shutdownFollowerState(121)) - 3aea292b-16fb-4e9b-be90-828afa8e8047: shutdown FollowerState
2019-10-17 02:15:18,756 [grpc-default-executor-1] INFO  impl.RaftServerImpl (RaftServerImpl.java:setRole(184)) - a6b2ebfb-69a0-457c-b6cd-a50cc148b564@group-896385CD49EE: changes role from  FOLLOWER to FOLLOWER at term 369 for recognizeCandidate:b32d7882-88db-4fe6-9cca-6a25122d474d
2019-10-17 02:15:18,756 [Thread-3598] INFO  impl.FollowerState (FollowerState.java:run(117)) - 3aea292b-16fb-4e9b-be90-828afa8e8047@group-896385CD49EE-FollowerState was interrupted: java.lang.InterruptedException: sleep interrupted
2019-10-17 02:15:18,756 [grpc-default-executor-0] INFO  impl.RoleInfo (RoleInfo.java:updateAndGet(143)) - 3aea292b-16fb-4e9b-be90-828afa8e8047: start FollowerState
2019-10-17 02:15:18,757 [grpc-default-executor-1] INFO  impl.RoleInfo (RoleInfo.java:shutdownFollowerState(121)) - a6b2ebfb-69a0-457c-b6cd-a50cc148b564: shutdown FollowerState
2019-10-17 02:15:18,757 [grpc-default-executor-1] INFO  impl.RoleInfo (RoleInfo.java:updateAndGet(143)) - a6b2ebfb-69a0-457c-b6cd-a50cc148b564: start FollowerState
2019-10-17 02:15:18,757 [Thread-3599] INFO  impl.FollowerState (FollowerState.java:run(117)) - a6b2ebfb-69a0-457c-b6cd-a50cc148b564@group-896385CD49EE-FollowerState was interrupted: java.lang.InterruptedException: sleep interrupted
2019-10-17 02:15:18,762 [b32d7882-88db-4fe6-9cca-6a25122d474d@group-896385CD49EE-LeaderElection407] INFO  impl.LeaderElection (LeaderElection.java:logAndReturn(56)) - b32d7882-88db-4fe6-9cca-6a25122d474d@group-896385CD49EE-LeaderElection407: Election TIMEOUT; received 0 response(s) [] and 0 exception(s); b32d7882-88db-4fe6-9cca-6a25122d474d@group-896385CD49EE:t369, leader=null, voted=b32d7882-88db-4fe6-9cca-6a25122d474d, raftlog=b32d7882-88db-4fe6-9cca-6a25122d474d@group-896385CD49EE-SegmentedRaftLog:OPENED:c-1,f-1,i0, conf=-1: [b32d7882-88db-4fe6-9cca-6a25122d474d:192.168.157.194:42206, 3aea292b-16fb-4e9b-be90-828afa8e8047:192.168.157.194:34569, a6b2ebfb-69a0-457c-b6cd-a50cc148b564:192.168.157.194:37298], old=null
2019-10-17 02:15:18,770 [b32d7882-88db-4fe6-9cca-6a25122d474d@group-896385CD49EE-LeaderElection407] INFO  impl.LeaderElection (LeaderElection.java:askForVotes(178)) - b32d7882-88db-4fe6-9cca-6a25122d474d@group-896385CD49EE-LeaderElection407: begin an election at term 370 for -1: [b32d7882-88db-4fe6-9cca-6a25122d474d:192.168.157.194:42206, 3aea292b-16fb-4e9b-be90-828afa8e8047:192.168.157.194:34569, a6b2ebfb-69a0-457c-b6cd-a50cc148b564:192.168.157.194:37298], old=null
2019-10-17 02:15:18,771 [grpc-default-executor-1] INFO  impl.RaftServerImpl (RaftServerImpl.java:setRole(184)) - 3aea292b-16fb-4e9b-be90-828afa8e8047@group-896385CD49EE: changes role from  FOLLOWER to FOLLOWER at term 370 for recognizeCandidate:b32d7882-88db-4fe6-9cca-6a25122d474d
2019-10-17 02:15:18,771 [grpc-default-executor-1] INFO  impl.RoleInfo (RoleInfo.java:shutdownFollowerState(121)) - 3aea292b-16fb-4e9b-be90-828afa8e8047: shutdown FollowerState
2019-10-17 02:15:18,771 [grpc-default-executor-0] INFO  impl.RaftServerImpl (RaftServerImpl.java:setRole(184)) - a6b2ebfb-69a0-457c-b6cd-a50cc148b564@group-896385CD49EE: changes role from  FOLLOWER to FOLLOWER at term 370 for recognizeCandidate:b32d7882-88db-4fe6-9cca-6a25122d474d
2019-10-17 02:15:18,772 [grpc-default-executor-0] INFO  impl.RoleInfo (RoleInfo.java:shutdownFollowerState(121)) - a6b2ebfb-69a0-457c-b6cd-a50cc148b564: shutdown FollowerState
2019-10-17 02:15:18,772 [Thread-3604] INFO  impl.FollowerState (FollowerState.java:run(117)) - 3aea292b-16fb-4e9b-be90-828afa8e8047@group-896385CD49EE-FollowerState was interrupted: java.lang.InterruptedException: sleep interrupted
2019-10-17 02:15:18,772 [grpc-default-executor-1] INFO  impl.RoleInfo (RoleInfo.java:updateAndGet(143)) - 3aea292b-16fb-4e9b-be90-828afa8e8047: start FollowerState
2019-10-17 02:15:18,772 [Thread-3605] INFO  impl.FollowerState (FollowerState.java:run(117)) - a6b2ebfb-69a0-457c-b6cd-a50cc148b564@group-896385CD49EE-FollowerState was interrupted: java.lang.InterruptedException: sleep interrupted
2019-10-17 02:15:18,772 [grpc-default-executor-0] INFO  impl.RoleInfo (RoleInfo.java:updateAndGet(143)) - a6b2ebfb-69a0-457c-b6cd-a50cc148b564: start FollowerState
2019-10-17 02:15:18,785 [b32d7882-88db-4fe6-9cca-6a25122d474d@group-896385CD49EE-LeaderElection407] INFO  impl.LeaderElection (LeaderElection.java:logAndReturn(56)) - b32d7882-88db-4fe6-9cca-6a25122d474d@group-896385CD49EE-LeaderElection407: Election REJECTED; received 2 response(s) [b32d7882-88db-4fe6-9cca-6a25122d474d<-3aea292b-16fb-4e9b-be90-828afa8e8047#0:FAIL-t370, b32d7882-88db-4fe6-9cca-6a25122d474d<-a6b2ebfb-69a0-457c-b6cd-a50cc148b564#0:FAIL-t370] and 0 exception(s); b32d7882-88db-4fe6-9cca-6a25122d474d@group-896385CD49EE:t370, leader=null, voted=b32d7882-88db-4fe6-9cca-6a25122d474d, raftlog=b32d7882-88db-4fe6-9cca-6a25122d474d@group-896385CD49EE-SegmentedRaftLog:OPENED:c-1,f-1,i0, conf=-1: [b32d7882-88db-4fe6-9cca-6a25122d474d:192.168.157.194:42206, 3aea292b-16fb-4e9b-be90-828afa8e8047:192.168.157.194:34569, a6b2ebfb-69a0-457c-b6cd-a50cc148b564:192.168.157.194:37298], old=null
2019-10-17 02:15:18,785 [b32d7882-88db-4fe6-9cca-6a25122d474d@group-896385CD49EE-LeaderElection407] INFO  impl.RaftServerImpl (RaftServerImpl.java:setRole(184)) - b32d7882-88db-4fe6-9cca-6a25122d474d@group-896385CD49EE: changes role from CANDIDATE to FOLLOWER at term 370 for DISCOVERED_A_NEW_TERM
2019-10-17 02:15:18,786 [b32d7882-88db-4fe6-9cca-6a25122d474d@group-896385CD49EE-LeaderElection407] INFO  impl.RoleInfo (RoleInfo.java:shutdownLeaderElection(134)) - b32d7882-88db-4fe6-9cca-6a25122d474d: shutdown LeaderElection
2019-10-17 02:15:18,786 [b32d7882-88db-4fe6-9cca-6a25122d474d@group-896385CD49EE-LeaderElection407] INFO  impl.RoleInfo (RoleInfo.java:updateAndGet(143)) - b32d7882-88db-4fe6-9cca-6a25122d474d: start FollowerState
2019-10-17 02:15:18,833 [Thread-3610] INFO  impl.FollowerState (FollowerState.java:run(108)) - b32d7882-88db-4fe6-9cca-6a25122d474d@group-896385CD49EE-FollowerState: change to CANDIDATE, lastRpcTime:47ms, electionTimeout:47ms
2019-10-17 02:15:18,833 [Thread-3610] INFO  impl.RoleInfo (RoleInfo.java:shutdownFollowerState(121)) - b32d7882-88db-4fe6-9cca-6a25122d474d: shutdown FollowerState
2019-10-17 02:15:18,833 [Thread-3610] INFO  impl.RaftServerImpl (RaftServerImpl.java:setRole(184)) - b32d7882-88db-4fe6-9cca-6a25122d474d@group-896385CD49EE: changes role from  FOLLOWER to CANDIDATE at term 370 for changeToCandidate
2019-10-17 02:15:18,833 [Thread-3610] INFO  impl.RoleInfo (RoleInfo.java:updateAndGet(143)) - b32d7882-88db-4fe6-9cca-6a25122d474d: start LeaderElection
2019-10-17 02:15:18,846 [b32d7882-88db-4fe6-9cca-6a25122d474d@group-896385CD49EE-LeaderElection408] INFO  impl.LeaderElection (LeaderElection.java:askForVotes(178)) - b32d7882-88db-4fe6-9cca-6a25122d474d@group-896385CD49EE-LeaderElection408: begin an election at term 371 for -1: [b32d7882-88db-4fe6-9cca-6a25122d474d:192.168.157.194:42206, 3aea292b-16fb-4e9b-be90-828afa8e8047:192.168.157.194:34569, a6b2ebfb-69a0-457c-b6cd-a50cc148b564:192.168.157.194:37298], old=null
2019-10-17 02:15:18,847 [grpc-default-executor-0] INFO  impl.RaftServerImpl (RaftServerImpl.java:setRole(184)) - 3aea292b-16fb-4e9b-be90-828afa8e8047@group-896385CD49EE: changes role from  FOLLOWER to FOLLOWER at term 371 for recognizeCandidate:b32d7882-88db-4fe6-9cca-6a25122d474d
2019-10-17 02:15:18,847 [grpc-default-executor-0] INFO  impl.RoleInfo (RoleInfo.java:shutdownFollowerState(121)) - 3aea292b-16fb-4e9b-be90-828afa8e8047: shutdown FollowerState
2019-10-17 02:15:18,848 [grpc-default-executor-0] INFO  impl.RoleInfo (RoleInfo.java:updateAndGet(143)) - 3aea292b-16fb-4e9b-be90-828afa8e8047: start FollowerState
2019-10-17 02:15:18,848 [grpc-default-executor-1] INFO  impl.RaftServerImpl (RaftServerImpl.java:setRole(184)) - a6b2ebfb-69a0-457c-b6cd-a50cc148b564@group-896385CD49EE: changes role from  FOLLOWER to FOLLOWER at term 371 for recognizeCandidate:b32d7882-88db-4fe6-9cca-6a25122d474d
2019-10-17 02:15:18,848 [grpc-default-executor-1] INFO  impl.RoleInfo (RoleInfo.java:shutdownFollowerState(121)) - a6b2ebfb-69a0-457c-b6cd-a50cc148b564: shutdown FollowerState
2019-10-17 02:15:18,848 [Thread-3608] INFO  impl.FollowerState (FollowerState.java:run(117)) - 3aea292b-16fb-4e9b-be90-828afa8e8047@group-896385CD49EE-FollowerState was interrupted: java.lang.InterruptedException: sleep interrupted
2019-10-17 02:15:18,848 [Thread-3609] INFO  impl.FollowerState (FollowerState.java:run(117)) - a6b2ebfb-69a0-457c-b6cd-a50cc148b564@group-896385CD49EE-FollowerState was interrupted: java.lang.InterruptedException: sleep interrupted
2019-10-17 02:15:18,848 [grpc-default-executor-1] INFO  impl.RoleInfo (RoleInfo.java:updateAndGet(143)) - a6b2ebfb-69a0-457c-b6cd-a50cc148b564: start FollowerState
2019-10-17 02:15:18,861 [b32d7882-88db-4fe6-9cca-6a25122d474d@group-896385CD49EE-LeaderElection408] INFO  impl.LeaderElection (LeaderElection.java:logAndReturn(56)) - b32d7882-88db-4fe6-9cca-6a25122d474d@group-896385CD49EE-LeaderElection408: Election REJECTED; received 2 response(s) [b32d7882-88db-4fe6-9cca-6a25122d474d<-3aea292b-16fb-4e9b-be90-828afa8e8047#0:FAIL-t371, b32d7882-88db-4fe6-9cca-6a25122d474d<-a6b2ebfb-69a0-457c-b6cd-a50cc148b564#0:FAIL-t371] and 0 exception(s); b32d7882-88db-4fe6-9cca-6a25122d474d@group-896385CD49EE:t371, leader=null, voted=b32d7882-88db-4fe6-9cca-6a25122d474d, raftlog=b32d7882-88db-4fe6-9cca-6a25122d474d@group-896385CD49EE-SegmentedRaftLog:OPENED:c-1,f-1,i0, conf=-1: [b32d7882-88db-4fe6-9cca-6a25122d474d:192.168.157.194:42206, 3aea292b-16fb-4e9b-be90-828afa8e8047:192.168.157.194:34569, a6b2ebfb-69a0-457c-b6cd-a50cc148b564:192.168.157.194:37298], old=null
2019-10-17 02:15:18,861 [b32d7882-88db-4fe6-9cca-6a25122d474d@group-896385CD49EE-LeaderElection408] INFO  impl.RaftServerImpl (RaftServerImpl.java:setRole(184)) - b32d7882-88db-4fe6-9cca-6a25122d474d@group-896385CD49EE: changes role from CANDIDATE to FOLLOWER at term 371 for DISCOVERED_A_NEW_TERM
2019-10-17 02:15:18,861 [b32d7882-88db-4fe6-9cca-6a25122d474d@group-896385CD49EE-LeaderElection408] INFO  impl.RoleInfo (RoleInfo.java:shutdownLeaderElection(134)) - b32d7882-88db-4fe6-9cca-6a25122d474d: shutdown LeaderElection
2019-10-17 02:15:18,862 [b32d7882-88db-4fe6-9cca-6a25122d474d@group-896385CD49EE-LeaderElection408] INFO  impl.RoleInfo (RoleInfo.java:updateAndGet(143)) - b32d7882-88db-4fe6-9cca-6a25122d474d: start FollowerState
2019-10-17 02:15:18,932 [Thread-3616] INFO  impl.FollowerState (FollowerState.java:run(108)) - b32d7882-88db-4fe6-9cca-6a25122d474d@group-896385CD49EE-FollowerState: change to CANDIDATE, lastRpcTime:70ms, electionTimeout:70ms
2019-10-17 02:15:18,932 [Thread-3616] INFO  impl.RoleInfo (RoleInfo.java:shutdownFollowerState(121)) - b32d7882-88db-4fe6-9cca-6a25122d474d: shutdown FollowerState
2019-10-17 02:15:18,932 [Thread-3616] INFO  impl.RaftServerImpl (RaftServerImpl.java:setRole(184)) - b32d7882-88db-4fe6-9cca-6a25122d474d@group-896385CD49EE: changes role from  FOLLOWER to CANDIDATE at term 371 for changeToCandidate
2019-10-17 02:15:18,932 [Thread-3616] INFO  impl.RoleInfo (RoleInfo.java:updateAndGet(143)) - b32d7882-88db-4fe6-9cca-6a25122d474d: start LeaderElection
2019-10-17 02:15:18,945 [b32d7882-88db-4fe6-9cca-6a25122d474d@group-896385CD49EE-LeaderElection409] INFO  impl.LeaderElection (LeaderElection.java:askForVotes(178)) - b32d7882-88db-4fe6-9cca-6a25122d474d@group-896385CD49EE-LeaderElection409: begin an election at term 372 for -1: [b32d7882-88db-4fe6-9cca-6a25122d474d:192.168.157.194:42206, 3aea292b-16fb-4e9b-be90-828afa8e8047:192.168.157.194:34569, a6b2ebfb-69a0-457c-b6cd-a50cc148b564:192.168.157.194:37298], old=null
2019-10-17 02:15:18,946 [grpc-default-executor-1] INFO  impl.RaftServerImpl (RaftServerImpl.java:setRole(184)) - 3aea292b-16fb-4e9b-be90-828afa8e8047@group-896385CD49EE: changes role from  FOLLOWER to FOLLOWER at term 372 for recognizeCandidate:b32d7882-88db-4fe6-9cca-6a25122d474d
2019-10-17 02:15:18,946 [grpc-default-executor-1] INFO  impl.RoleInfo (RoleInfo.java:shutdownFollowerState(121)) - 3aea292b-16fb-4e9b-be90-828afa8e8047: shutdown FollowerState
2019-10-17 02:15:18,946 [grpc-default-executor-0] INFO  impl.RaftServerImpl (RaftServerImpl.java:setRole(184)) - a6b2ebfb-69a0-457c-b6cd-a50cc148b564@group-896385CD49EE: changes role from  FOLLOWER to FOLLOWER at term 372 for recognizeCandidate:b32d7882-88db-4fe6-9cca-6a25122d474d
2019-10-17 02:15:18,947 [Thread-3614] INFO  impl.FollowerState (FollowerState.java:run(117)) - 3aea292b-16fb-4e9b-be90-828afa8e8047@group-896385CD49EE-FollowerState was interrupted: java.lang.InterruptedException: sleep interrupted
2019-10-17 02:15:18,947 [grpc-default-executor-1] INFO  impl.RoleInfo (RoleInfo.java:updateAndGet(143)) - 3aea292b-16fb-4e9b-be90-828afa8e8047: start FollowerState
2019-10-17 02:15:18,947 [grpc-default-executor-0] INFO  impl.RoleInfo (RoleInfo.java:shutdownFollowerState(121)) - a6b2ebfb-69a0-457c-b6cd-a50cc148b564: shutdown FollowerState
2019-10-17 02:15:18,947 [grpc-default-executor-0] INFO  impl.RoleInfo (RoleInfo.java:updateAndGet(143)) - a6b2ebfb-69a0-457c-b6cd-a50cc148b564: start FollowerState
2019-10-17 02:15:18,947 [Thread-3615] INFO  impl.FollowerState (FollowerState.java:run(117)) - a6b2ebfb-69a0-457c-b6cd-a50cc148b564@group-896385CD49EE-FollowerState was interrupted: java.lang.InterruptedException: sleep interrupted
2019-10-17 02:15:18,960 [b32d7882-88db-4fe6-9cca-6a25122d474d@group-896385CD49EE-LeaderElection409] INFO  impl.LeaderElection (LeaderElection.java:logAndReturn(56)) - b32d7882-88db-4fe6-9cca-6a25122d474d@group-896385CD49EE-LeaderElection409: Election REJECTED; received 2 response(s) [b32d7882-88db-4fe6-9cca-6a25122d474d<-3aea292b-16fb-4e9b-be90-828afa8e8047#0:FAIL-t372, b32d7882-88db-4fe6-9cca-6a25122d474d<-a6b2ebfb-69a0-457c-b6cd-a50cc148b564#0:FAIL-t372] and 0 exception(s); b32d7882-88db-4fe6-9cca-6a25122d474d@group-896385CD49EE:t372, leader=null, voted=b32d7882-88db-4fe6-9cca-6a25122d474d, raftlog=b32d7882-88db-4fe6-9cca-6a25122d474d@group-896385CD49EE-SegmentedRaftLog:OPENED:c-1,f-1,i0, conf=-1: [b32d7882-88db-4fe6-9cca-6a25122d474d:192.168.157.194:42206, 3aea292b-16fb-4e9b-be90-828afa8e8047:192.168.157.194:34569, a6b2ebfb-69a0-457c-b6cd-a50cc148b564:192.168.157.194:37298], old=null
2019-10-17 02:15:18,961 [b32d7882-88db-4fe6-9cca-6a25122d474d@group-896385CD49EE-LeaderElection409] INFO  impl.RaftServerImpl (RaftServerImpl.java:setRole(184)) - b32d7882-88db-4fe6-9cca-6a25122d474d@group-896385CD49EE: changes role from CANDIDATE to FOLLOWER at term 372 for DISCOVERED_A_NEW_TERM
2019-10-17 02:15:18,961 [b32d7882-88db-4fe6-9cca-6a25122d474d@group-896385CD49EE-LeaderElection409] INFO  impl.RoleInfo (RoleInfo.java:shutdownLeaderElection(134)) - b32d7882-88db-4fe6-9cca-6a25122d474d: shutdown LeaderElection
2019-10-17 02:15:18,961 [b32d7882-88db-4fe6-9cca-6a25122d474d@group-896385CD49EE-LeaderElection409] INFO  impl.RoleInfo (RoleInfo.java:updateAndGet(143)) - b32d7882-88db-4fe6-9cca-6a25122d474d: start FollowerState
2019-10-17 02:15:19,131 [Thread-3622] INFO  impl.FollowerState (FollowerState.java:run(108)) - b32d7882-88db-4fe6-9cca-6a25122d474d@group-896385CD49EE-FollowerState: change to CANDIDATE, lastRpcTime:170ms, electionTimeout:170ms
2019-10-17 02:15:19,131 [Thread-3622] INFO  impl.RoleInfo (RoleInfo.java:shutdownFollowerState(121)) - b32d7882-88db-4fe6-9cca-6a25122d474d: shutdown FollowerState
2019-10-17 02:15:19,131 [Thread-3622] INFO  impl.RaftServerImpl (RaftServerImpl.java:setRole(184)) - b32d7882-88db-4fe6-9cca-6a25122d474d@group-896385CD49EE: changes role from  FOLLOWER to CANDIDATE at term 372 for changeToCandidate
2019-10-17 02:15:19,132 [Thread-3622] INFO  impl.RoleInfo (RoleInfo.java:updateAndGet(143)) - b32d7882-88db-4fe6-9cca-6a25122d474d: start LeaderElection
2019-10-17 02:15:19,145 [b32d7882-88db-4fe6-9cca-6a25122d474d@group-896385CD49EE-LeaderElection410] INFO  impl.LeaderElection (LeaderElection.java:askForVotes(178)) - b32d7882-88db-4fe6-9cca-6a25122d474d@group-896385CD49EE-LeaderElection410: begin an election at term 373 for -1: [b32d7882-88db-4fe6-9cca-6a25122d474d:192.168.157.194:42206, 3aea292b-16fb-4e9b-be90-828afa8e8047:192.168.157.194:34569, a6b2ebfb-69a0-457c-b6cd-a50cc148b564:192.168.157.194:37298], old=null
2019-10-17 02:15:19,147 [grpc-default-executor-1] INFO  impl.RaftServerImpl (RaftServerImpl.java:setRole(184)) - a6b2ebfb-69a0-457c-b6cd-a50cc148b564@group-896385CD49EE: changes role from  FOLLOWER to FOLLOWER at term 373 for recognizeCandidate:b32d7882-88db-4fe6-9cca-6a25122d474d
2019-10-17 02:15:19,147 [grpc-default-executor-1] INFO  impl.RoleInfo (RoleInfo.java:shutdownFollowerState(121)) - a6b2ebfb-69a0-457c-b6cd-a50cc148b564: shutdown FollowerState
2019-10-17 02:15:19,147 [grpc-default-executor-0] INFO  impl.RaftServerImpl (RaftServerImpl.java:setRole(184)) - 3aea292b-16fb-4e9b-be90-828afa8e8047@group-896385CD49EE: changes role from  FOLLOWER to FOLLOWER at term 373 for recognizeCandidate:b32d7882-88db-4fe6-9cca-6a25122d474d
2019-10-17 02:15:19,147 [grpc-default-executor-0] INFO  impl.RoleInfo (RoleInfo.java:shutdownFollowerState(121)) - 3aea292b-16fb-4e9b-be90-828afa8e8047: shutdown FollowerState
2019-10-17 02:15:19,147 [grpc-default-executor-1] INFO  impl.RoleInfo (RoleInfo.java:updateAndGet(143)) - a6b2ebfb-69a0-457c-b6cd-a50cc148b564: start FollowerState
2019-10-17 02:15:19,147 [Thread-3621] INFO  impl.FollowerState (FollowerState.java:run(117)) - a6b2ebfb-69a0-457c-b6cd-a50cc148b564@group-896385CD49EE-FollowerState was interrupted: java.lang.InterruptedException: sleep interrupted
2019-10-17 02:15:19,147 [Thread-3620] INFO  impl.FollowerState (FollowerState.java:run(117)) - 3aea292b-16fb-4e9b-be90-828afa8e8047@group-896385CD49EE-FollowerState was interrupted: java.lang.InterruptedException: sleep interrupted
2019-10-17 02:15:19,147 [grpc-default-executor-0] INFO  impl.RoleInfo (RoleInfo.java:updateAndGet(143)) - 3aea292b-16fb-4e9b-be90-828afa8e8047: start FollowerState
2019-10-17 02:15:19,161 [b32d7882-88db-4fe6-9cca-6a25122d474d@group-896385CD49EE-LeaderElection410] INFO  impl.LeaderElection (LeaderElection.java:logAndReturn(56)) - b32d7882-88db-4fe6-9cca-6a25122d474d@group-896385CD49EE-LeaderElection410: Election REJECTED; received 2 response(s) [b32d7882-88db-4fe6-9cca-6a25122d474d<-3aea292b-16fb-4e9b-be90-828afa8e8047#0:FAIL-t373, b32d7882-88db-4fe6-9cca-6a25122d474d<-a6b2ebfb-69a0-457c-b6cd-a50cc148b564#0:FAIL-t373] and 0 exception(s); b32d7882-88db-4fe6-9cca-6a25122d474d@group-896385CD49EE:t373, leader=null, voted=b32d7882-88db-4fe6-9cca-6a25122d474d, raftlog=b32d7882-88db-4fe6-9cca-6a25122d474d@group-896385CD49EE-SegmentedRaftLog:OPENED:c-1,f-1,i0, conf=-1: [b32d7882-88db-4fe6-9cca-6a25122d474d:192.168.157.194:42206, 3aea292b-16fb-4e9b-be90-828afa8e8047:192.168.157.194:34569, a6b2ebfb-69a0-457c-b6cd-a50cc148b564:192.168.157.194:37298], old=null
2019-10-17 02:15:19,162 [b32d7882-88db-4fe6-9cca-6a25122d474d@group-896385CD49EE-LeaderElection410] INFO  impl.RaftServerImpl (RaftServerImpl.java:setRole(184)) - b32d7882-88db-4fe6-9cca-6a25122d474d@group-896385CD49EE: changes role from CANDIDATE to FOLLOWER at term 373 for DISCOVERED_A_NEW_TERM
2019-10-17 02:15:19,162 [b32d7882-88db-4fe6-9cca-6a25122d474d@group-896385CD49EE-LeaderElection410] INFO  impl.RoleInfo (RoleInfo.java:shutdownLeaderElection(134)) - b32d7882-88db-4fe6-9cca-6a25122d474d: shutdown LeaderElection
2019-10-17 02:15:19,162 [b32d7882-88db-4fe6-9cca-6a25122d474d@group-896385CD49EE-LeaderElection410] INFO  impl.RoleInfo (RoleInfo.java:updateAndGet(143)) - b32d7882-88db-4fe6-9cca-6a25122d474d: start FollowerState
2019-10-17 02:15:19,184 [main] INFO  ozone.MiniOzoneClusterImpl (MiniOzoneClusterImpl.java:lambda$waitForClusterToBeReady$2(164)) - Waiting for 1 number of pipelines out of 4, to report a leader.
2019-10-17 02:15:19,344 [Thread-3628] INFO  impl.FollowerState (FollowerState.java:run(108)) - b32d7882-88db-4fe6-9cca-6a25122d474d@group-896385CD49EE-FollowerState: change to CANDIDATE, lastRpcTime:182ms, electionTimeout:182ms
2019-10-17 02:15:19,344 [Thread-3628] INFO  impl.RoleInfo (RoleInfo.java:shutdownFollowerState(121)) - b32d7882-88db-4fe6-9cca-6a25122d474d: shutdown FollowerState
2019-10-17 02:15:19,345 [Thread-3628] INFO  impl.RaftServerImpl (RaftServerImpl.java:setRole(184)) - b32d7882-88db-4fe6-9cca-6a25122d474d@group-896385CD49EE: changes role from  FOLLOWER to CANDIDATE at term 373 for changeToCandidate
2019-10-17 02:15:19,345 [Thread-3628] INFO  impl.RoleInfo (RoleInfo.java:updateAndGet(143)) - b32d7882-88db-4fe6-9cca-6a25122d474d: start LeaderElection
2019-10-17 02:15:19,358 [b32d7882-88db-4fe6-9cca-6a25122d474d@group-896385CD49EE-LeaderElection411] INFO  impl.LeaderElection (LeaderElection.java:askForVotes(178)) - b32d7882-88db-4fe6-9cca-6a25122d474d@group-896385CD49EE-LeaderElection411: begin an election at term 374 for -1: [b32d7882-88db-4fe6-9cca-6a25122d474d:192.168.157.194:42206, 3aea292b-16fb-4e9b-be90-828afa8e8047:192.168.157.194:34569, a6b2ebfb-69a0-457c-b6cd-a50cc148b564:192.168.157.194:37298], old=null
2019-10-17 02:15:19,360 [grpc-default-executor-1] INFO  impl.RaftServerImpl (RaftServerImpl.java:setRole(184)) - 3aea292b-16fb-4e9b-be90-828afa8e8047@group-896385CD49EE: changes role from  FOLLOWER to FOLLOWER at term 374 for recognizeCandidate:b32d7882-88db-4fe6-9cca-6a25122d474d
2019-10-17 02:15:19,360 [grpc-default-executor-1] INFO  impl.RoleInfo (RoleInfo.java:shutdownFollowerState(121)) - 3aea292b-16fb-4e9b-be90-828afa8e8047: shutdown FollowerState
2019-10-17 02:15:19,360 [grpc-default-executor-0] INFO  impl.RaftServerImpl (RaftServerImpl.java:setRole(184)) - a6b2ebfb-69a0-457c-b6cd-a50cc148b564@group-896385CD49EE: changes role from  FOLLOWER to FOLLOWER at term 374 for recognizeCandidate:b32d7882-88db-4fe6-9cca-6a25122d474d
2019-10-17 02:15:19,360 [grpc-default-executor-0] INFO  impl.RoleInfo (RoleInfo.java:shutdownFollowerState(121)) - a6b2ebfb-69a0-457c-b6cd-a50cc148b564: shutdown FollowerState
2019-10-17 02:15:19,360 [grpc-default-executor-1] INFO  impl.RoleInfo (RoleInfo.java:updateAndGet(143)) - 3aea292b-16fb-4e9b-be90-828afa8e8047: start FollowerState
2019-10-17 02:15:19,360 [Thread-3627] INFO  impl.FollowerState (FollowerState.java:run(117)) - 3aea292b-16fb-4e9b-be90-828afa8e8047@group-896385CD49EE-FollowerState was interrupted: java.lang.InterruptedException: sleep interrupted
2019-10-17 02:15:19,360 [Thread-3626] INFO  impl.FollowerState (FollowerState.java:run(117)) - a6b2ebfb-69a0-457c-b6cd-a50cc148b564@group-896385CD49EE-FollowerState was interrupted: java.lang.InterruptedException: sleep interrupted
2019-10-17 02:15:19,360 [grpc-default-executor-0] INFO  impl.RoleInfo (RoleInfo.java:updateAndGet(143)) - a6b2ebfb-69a0-457c-b6cd-a50cc148b564: start FollowerState
2019-10-17 02:15:19,375 [b32d7882-88db-4fe6-9cca-6a25122d474d@group-896385CD49EE-LeaderElection411] INFO  impl.LeaderElection (LeaderElection.java:logAndReturn(56)) - b32d7882-88db-4fe6-9cca-6a25122d474d@group-896385CD49EE-LeaderElection411: Election REJECTED; received 2 response(s) [b32d7882-88db-4fe6-9cca-6a25122d474d<-3aea292b-16fb-4e9b-be90-828afa8e8047#0:FAIL-t374, b32d7882-88db-4fe6-9cca-6a25122d474d<-a6b2ebfb-69a0-457c-b6cd-a50cc148b564#0:FAIL-t374] and 0 exception(s); b32d7882-88db-4fe6-9cca-6a25122d474d@group-896385CD49EE:t374, leader=null, voted=b32d7882-88db-4fe6-9cca-6a25122d474d, raftlog=b32d7882-88db-4fe6-9cca-6a25122d474d@group-896385CD49EE-SegmentedRaftLog:OPENED:c-1,f-1,i0, conf=-1: [b32d7882-88db-4fe6-9cca-6a25122d474d:192.168.157.194:42206, 3aea292b-16fb-4e9b-be90-828afa8e8047:192.168.157.194:34569, a6b2ebfb-69a0-457c-b6cd-a50cc148b564:192.168.157.194:37298], old=null
2019-10-17 02:15:19,375 [b32d7882-88db-4fe6-9cca-6a25122d474d@group-896385CD49EE-LeaderElection411] INFO  impl.RaftServerImpl (RaftServerImpl.java:setRole(184)) - b32d7882-88db-4fe6-9cca-6a25122d474d@group-896385CD49EE: changes role from CANDIDATE to FOLLOWER at term 374 for DISCOVERED_A_NEW_TERM
2019-10-17 02:15:19,375 [b32d7882-88db-4fe6-9cca-6a25122d474d@group-896385CD49EE-LeaderElection411] INFO  impl.RoleInfo (RoleInfo.java:shutdownLeaderElection(134)) - b32d7882-88db-4fe6-9cca-6a25122d474d: shutdown LeaderElection
2019-10-17 02:15:19,375 [b32d7882-88db-4fe6-9cca-6a25122d474d@group-896385CD49EE-LeaderElection411] INFO  impl.RoleInfo (RoleInfo.java:updateAndGet(143)) - b32d7882-88db-4fe6-9cca-6a25122d474d: start FollowerState
2019-10-17 02:15:19,474 [Thread-3634] INFO  impl.FollowerState (FollowerState.java:run(108)) - b32d7882-88db-4fe6-9cca-6a25122d474d@group-896385CD49EE-FollowerState: change to CANDIDATE, lastRpcTime:98ms, electionTimeout:98ms
2019-10-17 02:15:19,474 [Thread-3634] INFO  impl.RoleInfo (RoleInfo.java:shutdownFollowerState(121)) - b32d7882-88db-4fe6-9cca-6a25122d474d: shutdown FollowerState
2019-10-17 02:15:19,474 [Thread-3634] INFO  impl.RaftServerImpl (RaftServerImpl.java:setRole(184)) - b32d7882-88db-4fe6-9cca-6a25122d474d@group-896385CD49EE: changes role from  FOLLOWER to CANDIDATE at term 374 for changeToCandidate
2019-10-17 02:15:19,474 [Thread-3634] INFO  impl.RoleInfo (RoleInfo.java:updateAndGet(143)) - b32d7882-88db-4fe6-9cca-6a25122d474d: start LeaderElection
2019-10-17 02:15:19,487 [b32d7882-88db-4fe6-9cca-6a25122d474d@group-896385CD49EE-LeaderElection412] INFO  impl.LeaderElection (LeaderElection.java:askForVotes(178)) - b32d7882-88db-4fe6-9cca-6a25122d474d@group-896385CD49EE-LeaderElection412: begin an election at term 375 for -1: [b32d7882-88db-4fe6-9cca-6a25122d474d:192.168.157.194:42206, 3aea292b-16fb-4e9b-be90-828afa8e8047:192.168.157.194:34569, a6b2ebfb-69a0-457c-b6cd-a50cc148b564:192.168.157.194:37298], old=null
2019-10-17 02:15:19,489 [grpc-default-executor-1] INFO  impl.RaftServerImpl (RaftServerImpl.java:setRole(184)) - 3aea292b-16fb-4e9b-be90-828afa8e8047@group-896385CD49EE: changes role from  FOLLOWER to FOLLOWER at term 375 for recognizeCandidate:b32d7882-88db-4fe6-9cca-6a25122d474d
2019-10-17 02:15:19,489 [grpc-default-executor-1] INFO  impl.RoleInfo (RoleInfo.java:shutdownFollowerState(121)) - 3aea292b-16fb-4e9b-be90-828afa8e8047: shutdown FollowerState
2019-10-17 02:15:19,489 [grpc-default-executor-0] INFO  impl.RaftServerImpl (RaftServerImpl.java:setRole(184)) - a6b2ebfb-69a0-457c-b6cd-a50cc148b564@group-896385CD49EE: changes role from  FOLLOWER to FOLLOWER at term 375 for recognizeCandidate:b32d7882-88db-4fe6-9cca-6a25122d474d
2019-10-17 02:15:19,489 [Thread-3632] INFO  impl.FollowerState (FollowerState.java:run(117)) - 3aea292b-16fb-4e9b-be90-828afa8e8047@group-896385CD49EE-FollowerState was interrupted: java.lang.InterruptedException: sleep interrupted
2019-10-17 02:15:19,489 [grpc-default-executor-1] INFO  impl.RoleInfo (RoleInfo.java:updateAndGet(143)) - 3aea292b-16fb-4e9b-be90-828afa8e8047: start FollowerState
2019-10-17 02:15:19,489 [grpc-default-executor-0] INFO  impl.RoleInfo (RoleInfo.java:shutdownFollowerState(121)) - a6b2ebfb-69a0-457c-b6cd-a50cc148b564: shutdown FollowerState
2019-10-17 02:15:19,489 [grpc-default-executor-0] INFO  impl.RoleInfo (RoleInfo.java:updateAndGet(143)) - a6b2ebfb-69a0-457c-b6cd-a50cc148b564: start FollowerState
2019-10-17 02:15:19,489 [Thread-3633] INFO  impl.FollowerState (FollowerState.java:run(117)) - a6b2ebfb-69a0-457c-b6cd-a50cc148b564@group-896385CD49EE-FollowerState was interrupted: java.lang.InterruptedException: sleep interrupted
2019-10-17 02:15:19,503 [b32d7882-88db-4fe6-9cca-6a25122d474d@group-896385CD49EE-LeaderElection412] INFO  impl.LeaderElection (LeaderElection.java:logAndReturn(56)) - b32d7882-88db-4fe6-9cca-6a25122d474d@group-896385CD49EE-LeaderElection412: Election REJECTED; received 2 response(s) [b32d7882-88db-4fe6-9cca-6a25122d474d<-3aea292b-16fb-4e9b-be90-828afa8e8047#0:FAIL-t375, b32d7882-88db-4fe6-9cca-6a25122d474d<-a6b2ebfb-69a0-457c-b6cd-a50cc148b564#0:FAIL-t375] and 0 exception(s); b32d7882-88db-4fe6-9cca-6a25122d474d@group-896385CD49EE:t375, leader=null, voted=b32d7882-88db-4fe6-9cca-6a25122d474d, raftlog=b32d7882-88db-4fe6-9cca-6a25122d474d@group-896385CD49EE-SegmentedRaftLog:OPENED:c-1,f-1,i0, conf=-1: [b32d7882-88db-4fe6-9cca-6a25122d474d:192.168.157.194:42206, 3aea292b-16fb-4e9b-be90-828afa8e8047:192.168.157.194:34569, a6b2ebfb-69a0-457c-b6cd-a50cc148b564:192.168.157.194:37298], old=null
2019-10-17 02:15:19,503 [b32d7882-88db-4fe6-9cca-6a25122d474d@group-896385CD49EE-LeaderElection412] INFO  impl.RaftServerImpl (RaftServerImpl.java:setRole(184)) - b32d7882-88db-4fe6-9cca-6a25122d474d@group-896385CD49EE: changes role from CANDIDATE to FOLLOWER at term 375 for DISCOVERED_A_NEW_TERM
2019-10-17 02:15:19,503 [b32d7882-88db-4fe6-9cca-6a25122d474d@group-896385CD49EE-LeaderElection412] INFO  impl.RoleInfo (RoleInfo.java:shutdownLeaderElection(134)) - b32d7882-88db-4fe6-9cca-6a25122d474d: shutdown LeaderElection
2019-10-17 02:15:19,503 [b32d7882-88db-4fe6-9cca-6a25122d474d@group-896385CD49EE-LeaderElection412] INFO  impl.RoleInfo (RoleInfo.java:updateAndGet(143)) - b32d7882-88db-4fe6-9cca-6a25122d474d: start FollowerState
2019-10-17 02:15:19,527 [Thread-3640] INFO  impl.FollowerState (FollowerState.java:run(108)) - b32d7882-88db-4fe6-9cca-6a25122d474d@group-896385CD49EE-FollowerState: change to CANDIDATE, lastRpcTime:23ms, electionTimeout:23ms
2019-10-17 02:15:19,527 [Thread-3640] INFO  impl.RoleInfo (RoleInfo.java:shutdownFollowerState(121)) - b32d7882-88db-4fe6-9cca-6a25122d474d: shutdown FollowerState
2019-10-17 02:15:19,527 [Thread-3640] INFO  impl.RaftServerImpl (RaftServerImpl.java:setRole(184)) - b32d7882-88db-4fe6-9cca-6a25122d474d@group-896385CD49EE: changes role from  FOLLOWER to CANDIDATE at term 375 for changeToCandidate
2019-10-17 02:15:19,527 [Thread-3640] INFO  impl.RoleInfo (RoleInfo.java:updateAndGet(143)) - b32d7882-88db-4fe6-9cca-6a25122d474d: start LeaderElection
2019-10-17 02:15:19,541 [b32d7882-88db-4fe6-9cca-6a25122d474d@group-896385CD49EE-LeaderElection413] INFO  impl.LeaderElection (LeaderElection.java:askForVotes(178)) - b32d7882-88db-4fe6-9cca-6a25122d474d@group-896385CD49EE-LeaderElection413: begin an election at term 376 for -1: [b32d7882-88db-4fe6-9cca-6a25122d474d:192.168.157.194:42206, 3aea292b-16fb-4e9b-be90-828afa8e8047:192.168.157.194:34569, a6b2ebfb-69a0-457c-b6cd-a50cc148b564:192.168.157.194:37298], old=null
2019-10-17 02:15:19,541 [grpc-default-executor-1] INFO  impl.RaftServerImpl (RaftServerImpl.java:setRole(184)) - 3aea292b-16fb-4e9b-be90-828afa8e8047@group-896385CD49EE: changes role from  FOLLOWER to FOLLOWER at term 376 for recognizeCandidate:b32d7882-88db-4fe6-9cca-6a25122d474d
2019-10-17 02:15:19,542 [grpc-default-executor-1] INFO  impl.RoleInfo (RoleInfo.java:shutdownFollowerState(121)) - 3aea292b-16fb-4e9b-be90-828afa8e8047: shutdown FollowerState
2019-10-17 02:15:19,542 [grpc-default-executor-1] INFO  impl.RoleInfo (RoleInfo.java:updateAndGet(143)) - 3aea292b-16fb-4e9b-be90-828afa8e8047: start FollowerState
2019-10-17 02:15:19,542 [Thread-3638] INFO  impl.FollowerState (FollowerState.java:run(117)) - 3aea292b-16fb-4e9b-be90-828afa8e8047@group-896385CD49EE-FollowerState was interrupted: java.lang.InterruptedException: sleep interrupted
2019-10-17 02:15:19,542 [grpc-default-executor-0] INFO  impl.RaftServerImpl (RaftServerImpl.java:setRole(184)) - a6b2ebfb-69a0-457c-b6cd-a50cc148b564@group-896385CD49EE: changes role from  FOLLOWER to FOLLOWER at term 376 for recognizeCandidate:b32d7882-88db-4fe6-9cca-6a25122d474d
2019-10-17 02:15:19,542 [grpc-default-executor-0] INFO  impl.RoleInfo (RoleInfo.java:shutdownFollowerState(121)) - a6b2ebfb-69a0-457c-b6cd-a50cc148b564: shutdown FollowerState
2019-10-17 02:15:19,542 [grpc-default-executor-0] INFO  impl.RoleInfo (RoleInfo.java:updateAndGet(143)) - a6b2ebfb-69a0-457c-b6cd-a50cc148b564: start FollowerState
2019-10-17 02:15:19,542 [Thread-3639] INFO  impl.FollowerState (FollowerState.java:run(117)) - a6b2ebfb-69a0-457c-b6cd-a50cc148b564@group-896385CD49EE-FollowerState was interrupted: java.lang.InterruptedException: sleep interrupted
2019-10-17 02:15:19,548 [b32d7882-88db-4fe6-9cca-6a25122d474d@group-896385CD49EE-LeaderElection413] INFO  impl.LeaderElection (LeaderElection.java:logAndReturn(56)) - b32d7882-88db-4fe6-9cca-6a25122d474d@group-896385CD49EE-LeaderElection413: Election TIMEOUT; received 0 response(s) [] and 0 exception(s); b32d7882-88db-4fe6-9cca-6a25122d474d@group-896385CD49EE:t376, leader=null, voted=b32d7882-88db-4fe6-9cca-6a25122d474d, raftlog=b32d7882-88db-4fe6-9cca-6a25122d474d@group-896385CD49EE-SegmentedRaftLog:OPENED:c-1,f-1,i0, conf=-1: [b32d7882-88db-4fe6-9cca-6a25122d474d:192.168.157.194:42206, 3aea292b-16fb-4e9b-be90-828afa8e8047:192.168.157.194:34569, a6b2ebfb-69a0-457c-b6cd-a50cc148b564:192.168.157.194:37298], old=null
2019-10-17 02:15:19,555 [b32d7882-88db-4fe6-9cca-6a25122d474d@group-896385CD49EE-LeaderElection413] INFO  impl.LeaderElection (LeaderElection.java:askForVotes(178)) - b32d7882-88db-4fe6-9cca-6a25122d474d@group-896385CD49EE-LeaderElection413: begin an election at term 377 for -1: [b32d7882-88db-4fe6-9cca-6a25122d474d:192.168.157.194:42206, 3aea292b-16fb-4e9b-be90-828afa8e8047:192.168.157.194:34569, a6b2ebfb-69a0-457c-b6cd-a50cc148b564:192.168.157.194:37298], old=null
2019-10-17 02:15:19,556 [grpc-default-executor-1] INFO  impl.RaftServerImpl (RaftServerImpl.java:setRole(184)) - 3aea292b-16fb-4e9b-be90-828afa8e8047@group-896385CD49EE: changes role from  FOLLOWER to FOLLOWER at term 377 for recognizeCandidate:b32d7882-88db-4fe6-9cca-6a25122d474d
2019-10-17 02:15:19,556 [grpc-default-executor-1] INFO  impl.RoleInfo (RoleInfo.java:shutdownFollowerState(121)) - 3aea292b-16fb-4e9b-be90-828afa8e8047: shutdown FollowerState
2019-10-17 02:15:19,556 [grpc-default-executor-0] INFO  impl.RaftServerImpl (RaftServerImpl.java:setRole(184)) - a6b2ebfb-69a0-457c-b6cd-a50cc148b564@group-896385CD49EE: changes role from  FOLLOWER to FOLLOWER at term 377 for recognizeCandidate:b32d7882-88db-4fe6-9cca-6a25122d474d
2019-10-17 02:15:19,556 [Thread-3644] INFO  impl.FollowerState (FollowerState.java:run(117)) - 3aea292b-16fb-4e9b-be90-828afa8e8047@group-896385CD49EE-FollowerState was interrupted: java.lang.InterruptedException: sleep interrupted
2019-10-17 02:15:19,556 [grpc-default-executor-1] INFO  impl.RoleInfo (RoleInfo.java:updateAndGet(143)) - 3aea292b-16fb-4e9b-be90-828afa8e8047: start FollowerState
2019-10-17 02:15:19,556 [grpc-default-executor-0] INFO  impl.RoleInfo (RoleInfo.java:shutdownFollowerState(121)) - a6b2ebfb-69a0-457c-b6cd-a50cc148b564: shutdown FollowerState
2019-10-17 02:15:19,557 [grpc-default-executor-0] INFO  impl.RoleInfo (RoleInfo.java:updateAndGet(143)) - a6b2ebfb-69a0-457c-b6cd-a50cc148b564: start FollowerState
2019-10-17 02:15:19,557 [Thread-3645] INFO  impl.FollowerState (FollowerState.java:run(117)) - a6b2ebfb-69a0-457c-b6cd-a50cc148b564@group-896385CD49EE-FollowerState was interrupted: java.lang.InterruptedException: sleep interrupted
2019-10-17 02:15:19,577 [b32d7882-88db-4fe6-9cca-6a25122d474d@group-896385CD49EE-LeaderElection413] INFO  impl.LeaderElection (LeaderElection.java:logAndReturn(56)) - b32d7882-88db-4fe6-9cca-6a25122d474d@group-896385CD49EE-LeaderElection413: Election REJECTED; received 2 response(s) [b32d7882-88db-4fe6-9cca-6a25122d474d<-3aea292b-16fb-4e9b-be90-828afa8e8047#0:FAIL-t377, b32d7882-88db-4fe6-9cca-6a25122d474d<-a6b2ebfb-69a0-457c-b6cd-a50cc148b564#0:FAIL-t377] and 0 exception(s); b32d7882-88db-4fe6-9cca-6a25122d474d@group-896385CD49EE:t377, leader=null, voted=b32d7882-88db-4fe6-9cca-6a25122d474d, raftlog=b32d7882-88db-4fe6-9cca-6a25122d474d@group-896385CD49EE-SegmentedRaftLog:OPENED:c-1,f-1,i0, conf=-1: [b32d7882-88db-4fe6-9cca-6a25122d474d:192.168.157.194:42206, 3aea292b-16fb-4e9b-be90-828afa8e8047:192.168.157.194:34569, a6b2ebfb-69a0-457c-b6cd-a50cc148b564:192.168.157.194:37298], old=null
2019-10-17 02:15:19,577 [b32d7882-88db-4fe6-9cca-6a25122d474d@group-896385CD49EE-LeaderElection413] INFO  impl.RaftServerImpl (RaftServerImpl.java:setRole(184)) - b32d7882-88db-4fe6-9cca-6a25122d474d@group-896385CD49EE: changes role from CANDIDATE to FOLLOWER at term 377 for DISCOVERED_A_NEW_TERM
2019-10-17 02:15:19,577 [b32d7882-88db-4fe6-9cca-6a25122d474d@group-896385CD49EE-LeaderElection413] INFO  impl.RoleInfo (RoleInfo.java:shutdownLeaderElection(134)) - b32d7882-88db-4fe6-9cca-6a25122d474d: shutdown LeaderElection
2019-10-17 02:15:19,578 [b32d7882-88db-4fe6-9cca-6a25122d474d@group-896385CD49EE-LeaderElection413] INFO  impl.RoleInfo (RoleInfo.java:updateAndGet(143)) - b32d7882-88db-4fe6-9cca-6a25122d474d: start FollowerState
2019-10-17 02:15:19,751 [Thread-3650] INFO  impl.FollowerState (FollowerState.java:run(108)) - b32d7882-88db-4fe6-9cca-6a25122d474d@group-896385CD49EE-FollowerState: change to CANDIDATE, lastRpcTime:173ms, electionTimeout:173ms
2019-10-17 02:15:19,751 [Thread-3650] INFO  impl.RoleInfo (RoleInfo.java:shutdownFollowerState(121)) - b32d7882-88db-4fe6-9cca-6a25122d474d: shutdown FollowerState
2019-10-17 02:15:19,751 [Thread-3650] INFO  impl.RaftServerImpl (RaftServerImpl.java:setRole(184)) - b32d7882-88db-4fe6-9cca-6a25122d474d@group-896385CD49EE: changes role from  FOLLOWER to CANDIDATE at term 377 for changeToCandidate
2019-10-17 02:15:19,751 [Thread-3650] INFO  impl.RoleInfo (RoleInfo.java:updateAndGet(143)) - b32d7882-88db-4fe6-9cca-6a25122d474d: start LeaderElection
2019-10-17 02:15:19,764 [b32d7882-88db-4fe6-9cca-6a25122d474d@group-896385CD49EE-LeaderElection414] INFO  impl.LeaderElection (LeaderElection.java:askForVotes(178)) - b32d7882-88db-4fe6-9cca-6a25122d474d@group-896385CD49EE-LeaderElection414: begin an election at term 378 for -1: [b32d7882-88db-4fe6-9cca-6a25122d474d:192.168.157.194:42206, 3aea292b-16fb-4e9b-be90-828afa8e8047:192.168.157.194:34569, a6b2ebfb-69a0-457c-b6cd-a50cc148b564:192.168.157.194:37298], old=null
2019-10-17 02:15:19,766 [grpc-default-executor-1] INFO  impl.RaftServerImpl (RaftServerImpl.java:setRole(184)) - 3aea292b-16fb-4e9b-be90-828afa8e8047@group-896385CD49EE: changes role from  FOLLOWER to FOLLOWER at term 378 for recognizeCandidate:b32d7882-88db-4fe6-9cca-6a25122d474d
2019-10-17 02:15:19,766 [grpc-default-executor-1] INFO  impl.RoleInfo (RoleInfo.java:shutdownFollowerState(121)) - 3aea292b-16fb-4e9b-be90-828afa8e8047: shutdown FollowerState
2019-10-17 02:15:19,766 [grpc-default-executor-0] INFO  impl.RaftServerImpl (RaftServerImpl.java:setRole(184)) - a6b2ebfb-69a0-457c-b6cd-a50cc148b564@group-896385CD49EE: changes role from  FOLLOWER to FOLLOWER at term 378 for recognizeCandidate:b32d7882-88db-4fe6-9cca-6a25122d474d
2019-10-17 02:15:19,766 [grpc-default-executor-0] INFO  impl.RoleInfo (RoleInfo.java:shutdownFollowerState(121)) - a6b2ebfb-69a0-457c-b6cd-a50cc148b564: shutdown FollowerState
2019-10-17 02:15:19,766 [Thread-3648] INFO  impl.FollowerState (FollowerState.java:run(117)) - 3aea292b-16fb-4e9b-be90-828afa8e8047@group-896385CD49EE-FollowerState was interrupted: java.lang.InterruptedException: sleep interrupted
2019-10-17 02:15:19,766 [grpc-default-executor-1] INFO  impl.RoleInfo (RoleInfo.java:updateAndGet(143)) - 3aea292b-16fb-4e9b-be90-828afa8e8047: start FollowerState
2019-10-17 02:15:19,767 [Thread-3649] INFO  impl.FollowerState (FollowerState.java:run(117)) - a6b2ebfb-69a0-457c-b6cd-a50cc148b564@group-896385CD49EE-FollowerState was interrupted: java.lang.InterruptedException: sleep interrupted
2019-10-17 02:15:19,767 [grpc-default-executor-0] INFO  impl.RoleInfo (RoleInfo.java:updateAndGet(143)) - a6b2ebfb-69a0-457c-b6cd-a50cc148b564: start FollowerState
2019-10-17 02:15:19,780 [b32d7882-88db-4fe6-9cca-6a25122d474d@group-896385CD49EE-LeaderElection414] INFO  impl.LeaderElection (LeaderElection.java:logAndReturn(56)) - b32d7882-88db-4fe6-9cca-6a25122d474d@group-896385CD49EE-LeaderElection414: Election REJECTED; received 2 response(s) [b32d7882-88db-4fe6-9cca-6a25122d474d<-3aea292b-16fb-4e9b-be90-828afa8e8047#0:FAIL-t378, b32d7882-88db-4fe6-9cca-6a25122d474d<-a6b2ebfb-69a0-457c-b6cd-a50cc148b564#0:FAIL-t378] and 0 exception(s); b32d7882-88db-4fe6-9cca-6a25122d474d@group-896385CD49EE:t378, leader=null, voted=b32d7882-88db-4fe6-9cca-6a25122d474d, raftlog=b32d7882-88db-4fe6-9cca-6a25122d474d@group-896385CD49EE-SegmentedRaftLog:OPENED:c-1,f-1,i0, conf=-1: [b32d7882-88db-4fe6-9cca-6a25122d474d:192.168.157.194:42206, 3aea292b-16fb-4e9b-be90-828afa8e8047:192.168.157.194:34569, a6b2ebfb-69a0-457c-b6cd-a50cc148b564:192.168.157.194:37298], old=null
2019-10-17 02:15:19,780 [b32d7882-88db-4fe6-9cca-6a25122d474d@group-896385CD49EE-LeaderElection414] INFO  impl.RaftServerImpl (RaftServerImpl.java:setRole(184)) - b32d7882-88db-4fe6-9cca-6a25122d474d@group-896385CD49EE: changes role from CANDIDATE to FOLLOWER at term 378 for DISCOVERED_A_NEW_TERM
2019-10-17 02:15:19,781 [b32d7882-88db-4fe6-9cca-6a25122d474d@group-896385CD49EE-LeaderElection414] INFO  impl.RoleInfo (RoleInfo.java:shutdownLeaderElection(134)) - b32d7882-88db-4fe6-9cca-6a25122d474d: shutdown LeaderElection
2019-10-17 02:15:19,781 [b32d7882-88db-4fe6-9cca-6a25122d474d@group-896385CD49EE-LeaderElection414] INFO  impl.RoleInfo (RoleInfo.java:updateAndGet(143)) - b32d7882-88db-4fe6-9cca-6a25122d474d: start FollowerState
2019-10-17 02:15:19,928 [Thread-3656] INFO  impl.FollowerState (FollowerState.java:run(108)) - b32d7882-88db-4fe6-9cca-6a25122d474d@group-896385CD49EE-FollowerState: change to CANDIDATE, lastRpcTime:147ms, electionTimeout:147ms
2019-10-17 02:15:19,928 [Thread-3656] INFO  impl.RoleInfo (RoleInfo.java:shutdownFollowerState(121)) - b32d7882-88db-4fe6-9cca-6a25122d474d: shutdown FollowerState
2019-10-17 02:15:19,928 [Thread-3656] INFO  impl.RaftServerImpl (RaftServerImpl.java:setRole(184)) - b32d7882-88db-4fe6-9cca-6a25122d474d@group-896385CD49EE: changes role from  FOLLOWER to CANDIDATE at term 378 for changeToCandidate
2019-10-17 02:15:19,928 [Thread-3656] INFO  impl.RoleInfo (RoleInfo.java:updateAndGet(143)) - b32d7882-88db-4fe6-9cca-6a25122d474d: start LeaderElection
2019-10-17 02:15:19,941 [b32d7882-88db-4fe6-9cca-6a25122d474d@group-896385CD49EE-LeaderElection415] INFO  impl.LeaderElection (LeaderElection.java:askForVotes(178)) - b32d7882-88db-4fe6-9cca-6a25122d474d@group-896385CD49EE-LeaderElection415: begin an election at term 379 for -1: [b32d7882-88db-4fe6-9cca-6a25122d474d:192.168.157.194:42206, 3aea292b-16fb-4e9b-be90-828afa8e8047:192.168.157.194:34569, a6b2ebfb-69a0-457c-b6cd-a50cc148b564:192.168.157.194:37298], old=null
2019-10-17 02:15:19,943 [grpc-default-executor-1] INFO  impl.RaftServerImpl (RaftServerImpl.java:setRole(184)) - a6b2ebfb-69a0-457c-b6cd-a50cc148b564@group-896385CD49EE: changes role from  FOLLOWER to FOLLOWER at term 379 for recognizeCandidate:b32d7882-88db-4fe6-9cca-6a25122d474d
2019-10-17 02:15:19,943 [grpc-default-executor-1] INFO  impl.RoleInfo (RoleInfo.java:shutdownFollowerState(121)) - a6b2ebfb-69a0-457c-b6cd-a50cc148b564: shutdown FollowerState
2019-10-17 02:15:19,943 [grpc-default-executor-0] INFO  impl.RaftServerImpl (RaftServerImpl.java:setRole(184)) - 3aea292b-16fb-4e9b-be90-828afa8e8047@group-896385CD49EE: changes role from  FOLLOWER to FOLLOWER at term 379 for recognizeCandidate:b32d7882-88db-4fe6-9cca-6a25122d474d
2019-10-17 02:15:19,943 [grpc-default-executor-0] INFO  impl.RoleInfo (RoleInfo.java:shutdownFollowerState(121)) - 3aea292b-16fb-4e9b-be90-828afa8e8047: shutdown FollowerState
2019-10-17 02:15:19,943 [Thread-3655] INFO  impl.FollowerState (FollowerState.java:run(117)) - a6b2ebfb-69a0-457c-b6cd-a50cc148b564@group-896385CD49EE-FollowerState was interrupted: java.lang.InterruptedException: sleep interrupted
2019-10-17 02:15:19,943 [grpc-default-executor-1] INFO  impl.RoleInfo (RoleInfo.java:updateAndGet(143)) - a6b2ebfb-69a0-457c-b6cd-a50cc148b564: start FollowerState
2019-10-17 02:15:19,943 [Thread-3654] INFO  impl.FollowerState (FollowerState.java:run(117)) - 3aea292b-16fb-4e9b-be90-828afa8e8047@group-896385CD49EE-FollowerState was interrupted: java.lang.InterruptedException: sleep interrupted
2019-10-17 02:15:19,943 [grpc-default-executor-0] INFO  impl.RoleInfo (RoleInfo.java:updateAndGet(143)) - 3aea292b-16fb-4e9b-be90-828afa8e8047: start FollowerState
2019-10-17 02:15:19,951 [b32d7882-88db-4fe6-9cca-6a25122d474d@group-896385CD49EE-LeaderElection415] INFO  impl.LeaderElection (LeaderElection.java:logAndReturn(56)) - b32d7882-88db-4fe6-9cca-6a25122d474d@group-896385CD49EE-LeaderElection415: Election TIMEOUT; received 0 response(s) [] and 0 exception(s); b32d7882-88db-4fe6-9cca-6a25122d474d@group-896385CD49EE:t379, leader=null, voted=b32d7882-88db-4fe6-9cca-6a25122d474d, raftlog=b32d7882-88db-4fe6-9cca-6a25122d474d@group-896385CD49EE-SegmentedRaftLog:OPENED:c-1,f-1,i0, conf=-1: [b32d7882-88db-4fe6-9cca-6a25122d474d:192.168.157.194:42206, 3aea292b-16fb-4e9b-be90-828afa8e8047:192.168.157.194:34569, a6b2ebfb-69a0-457c-b6cd-a50cc148b564:192.168.157.194:37298], old=null
2019-10-17 02:15:19,957 [b32d7882-88db-4fe6-9cca-6a25122d474d@group-896385CD49EE-LeaderElection415] INFO  impl.LeaderElection (LeaderElection.java:askForVotes(178)) - b32d7882-88db-4fe6-9cca-6a25122d474d@group-896385CD49EE-LeaderElection415: begin an election at term 380 for -1: [b32d7882-88db-4fe6-9cca-6a25122d474d:192.168.157.194:42206, 3aea292b-16fb-4e9b-be90-828afa8e8047:192.168.157.194:34569, a6b2ebfb-69a0-457c-b6cd-a50cc148b564:192.168.157.194:37298], old=null
2019-10-17 02:15:19,958 [grpc-default-executor-0] INFO  impl.RaftServerImpl (RaftServerImpl.java:setRole(184)) - 3aea292b-16fb-4e9b-be90-828afa8e8047@group-896385CD49EE: changes role from  FOLLOWER to FOLLOWER at term 380 for recognizeCandidate:b32d7882-88db-4fe6-9cca-6a25122d474d
2019-10-17 02:15:19,958 [grpc-default-executor-0] INFO  impl.RoleInfo (RoleInfo.java:shutdownFollowerState(121)) - 3aea292b-16fb-4e9b-be90-828afa8e8047: shutdown FollowerState
2019-10-17 02:15:19,958 [grpc-default-executor-0] INFO  impl.RoleInfo (RoleInfo.java:updateAndGet(143)) - 3aea292b-16fb-4e9b-be90-828afa8e8047: start FollowerState
2019-10-17 02:15:19,958 [Thread-3661] INFO  impl.FollowerState (FollowerState.java:run(117)) - 3aea292b-16fb-4e9b-be90-828afa8e8047@group-896385CD49EE-FollowerState was interrupted: java.lang.InterruptedException: sleep interrupted
2019-10-17 02:15:19,958 [grpc-default-executor-1] INFO  impl.RaftServerImpl (RaftServerImpl.java:setRole(184)) - a6b2ebfb-69a0-457c-b6cd-a50cc148b564@group-896385CD49EE: changes role from  FOLLOWER to FOLLOWER at term 380 for recognizeCandidate:b32d7882-88db-4fe6-9cca-6a25122d474d
2019-10-17 02:15:19,958 [grpc-default-executor-1] INFO  impl.RoleInfo (RoleInfo.java:shutdownFollowerState(121)) - a6b2ebfb-69a0-457c-b6cd-a50cc148b564: shutdown FollowerState
2019-10-17 02:15:19,958 [grpc-default-executor-1] INFO  impl.RoleInfo (RoleInfo.java:updateAndGet(143)) - a6b2ebfb-69a0-457c-b6cd-a50cc148b564: start FollowerState
2019-10-17 02:15:19,958 [Thread-3660] INFO  impl.FollowerState (FollowerState.java:run(117)) - a6b2ebfb-69a0-457c-b6cd-a50cc148b564@group-896385CD49EE-FollowerState was interrupted: java.lang.InterruptedException: sleep interrupted
2019-10-17 02:15:19,972 [b32d7882-88db-4fe6-9cca-6a25122d474d@group-896385CD49EE-LeaderElection415] INFO  impl.LeaderElection (LeaderElection.java:logAndReturn(56)) - b32d7882-88db-4fe6-9cca-6a25122d474d@group-896385CD49EE-LeaderElection415: Election REJECTED; received 2 response(s) [b32d7882-88db-4fe6-9cca-6a25122d474d<-3aea292b-16fb-4e9b-be90-828afa8e8047#0:FAIL-t380, b32d7882-88db-4fe6-9cca-6a25122d474d<-a6b2ebfb-69a0-457c-b6cd-a50cc148b564#0:FAIL-t380] and 0 exception(s); b32d7882-88db-4fe6-9cca-6a25122d474d@group-896385CD49EE:t380, leader=null, voted=b32d7882-88db-4fe6-9cca-6a25122d474d, raftlog=b32d7882-88db-4fe6-9cca-6a25122d474d@group-896385CD49EE-SegmentedRaftLog:OPENED:c-1,f-1,i0, conf=-1: [b32d7882-88db-4fe6-9cca-6a25122d474d:192.168.157.194:42206, 3aea292b-16fb-4e9b-be90-828afa8e8047:192.168.157.194:34569, a6b2ebfb-69a0-457c-b6cd-a50cc148b564:192.168.157.194:37298], old=null
2019-10-17 02:15:19,972 [b32d7882-88db-4fe6-9cca-6a25122d474d@group-896385CD49EE-LeaderElection415] INFO  impl.RaftServerImpl (RaftServerImpl.java:setRole(184)) - b32d7882-88db-4fe6-9cca-6a25122d474d@group-896385CD49EE: changes role from CANDIDATE to FOLLOWER at term 380 for DISCOVERED_A_NEW_TERM
2019-10-17 02:15:19,972 [b32d7882-88db-4fe6-9cca-6a25122d474d@group-896385CD49EE-LeaderElection415] INFO  impl.RoleInfo (RoleInfo.java:shutdownLeaderElection(134)) - b32d7882-88db-4fe6-9cca-6a25122d474d: shutdown LeaderElection
2019-10-17 02:15:19,972 [b32d7882-88db-4fe6-9cca-6a25122d474d@group-896385CD49EE-LeaderElection415] INFO  impl.RoleInfo (RoleInfo.java:updateAndGet(143)) - b32d7882-88db-4fe6-9cca-6a25122d474d: start FollowerState
2019-10-17 02:15:20,071 [Thread-3666] INFO  impl.FollowerState (FollowerState.java:run(108)) - b32d7882-88db-4fe6-9cca-6a25122d474d@group-896385CD49EE-FollowerState: change to CANDIDATE, lastRpcTime:99ms, electionTimeout:99ms
2019-10-17 02:15:20,072 [Thread-3666] INFO  impl.RoleInfo (RoleInfo.java:shutdownFollowerState(121)) - b32d7882-88db-4fe6-9cca-6a25122d474d: shutdown FollowerState
2019-10-17 02:15:20,072 [Thread-3666] INFO  impl.RaftServerImpl (RaftServerImpl.java:setRole(184)) - b32d7882-88db-4fe6-9cca-6a25122d474d@group-896385CD49EE: changes role from  FOLLOWER to CANDIDATE at term 380 for changeToCandidate
2019-10-17 02:15:20,072 [Thread-3666] INFO  impl.RoleInfo (RoleInfo.java:updateAndGet(143)) - b32d7882-88db-4fe6-9cca-6a25122d474d: start LeaderElection
2019-10-17 02:15:20,085 [b32d7882-88db-4fe6-9cca-6a25122d474d@group-896385CD49EE-LeaderElection416] INFO  impl.LeaderElection (LeaderElection.java:askForVotes(178)) - b32d7882-88db-4fe6-9cca-6a25122d474d@group-896385CD49EE-LeaderElection416: begin an election at term 381 for -1: [b32d7882-88db-4fe6-9cca-6a25122d474d:192.168.157.194:42206, 3aea292b-16fb-4e9b-be90-828afa8e8047:192.168.157.194:34569, a6b2ebfb-69a0-457c-b6cd-a50cc148b564:192.168.157.194:37298], old=null
2019-10-17 02:15:20,086 [grpc-default-executor-0] INFO  impl.RaftServerImpl (RaftServerImpl.java:setRole(184)) - a6b2ebfb-69a0-457c-b6cd-a50cc148b564@group-896385CD49EE: changes role from  FOLLOWER to FOLLOWER at term 381 for recognizeCandidate:b32d7882-88db-4fe6-9cca-6a25122d474d
2019-10-17 02:15:20,086 [grpc-default-executor-0] INFO  impl.RoleInfo (RoleInfo.java:shutdownFollowerState(121)) - a6b2ebfb-69a0-457c-b6cd-a50cc148b564: shutdown FollowerState
2019-10-17 02:15:20,086 [grpc-default-executor-0] INFO  impl.RoleInfo (RoleInfo.java:updateAndGet(143)) - a6b2ebfb-69a0-457c-b6cd-a50cc148b564: start FollowerState
2019-10-17 02:15:20,086 [grpc-default-executor-1] INFO  impl.RaftServerImpl (RaftServerImpl.java:setRole(184)) - 3aea292b-16fb-4e9b-be90-828afa8e8047@group-896385CD49EE: changes role from  FOLLOWER to FOLLOWER at term 381 for recognizeCandidate:b32d7882-88db-4fe6-9cca-6a25122d474d
2019-10-17 02:15:20,086 [Thread-3665] INFO  impl.FollowerState (FollowerState.java:run(117)) - a6b2ebfb-69a0-457c-b6cd-a50cc148b564@group-896385CD49EE-FollowerState was interrupted: java.lang.InterruptedException: sleep interrupted
2019-10-17 02:15:20,086 [grpc-default-executor-1] INFO  impl.RoleInfo (RoleInfo.java:shutdownFollowerState(121)) - 3aea292b-16fb-4e9b-be90-828afa8e8047: shutdown FollowerState
2019-10-17 02:15:20,087 [grpc-default-executor-1] INFO  impl.RoleInfo (RoleInfo.java:updateAndGet(143)) - 3aea292b-16fb-4e9b-be90-828afa8e8047: start FollowerState
2019-10-17 02:15:20,087 [Thread-3664] INFO  impl.FollowerState (FollowerState.java:run(117)) - 3aea292b-16fb-4e9b-be90-828afa8e8047@group-896385CD49EE-FollowerState was interrupted: java.lang.InterruptedException: sleep interrupted
2019-10-17 02:15:20,100 [b32d7882-88db-4fe6-9cca-6a25122d474d@group-896385CD49EE-LeaderElection416] INFO  impl.LeaderElection (LeaderElection.java:logAndReturn(56)) - b32d7882-88db-4fe6-9cca-6a25122d474d@group-896385CD49EE-LeaderElection416: Election REJECTED; received 2 response(s) [b32d7882-88db-4fe6-9cca-6a25122d474d<-3aea292b-16fb-4e9b-be90-828afa8e8047#0:FAIL-t381, b32d7882-88db-4fe6-9cca-6a25122d474d<-a6b2ebfb-69a0-457c-b6cd-a50cc148b564#0:FAIL-t381] and 0 exception(s); b32d7882-88db-4fe6-9cca-6a25122d474d@group-896385CD49EE:t381, leader=null, voted=b32d7882-88db-4fe6-9cca-6a25122d474d, raftlog=b32d7882-88db-4fe6-9cca-6a25122d474d@group-896385CD49EE-SegmentedRaftLog:OPENED:c-1,f-1,i0, conf=-1: [b32d7882-88db-4fe6-9cca-6a25122d474d:192.168.157.194:42206, 3aea292b-16fb-4e9b-be90-828afa8e8047:192.168.157.194:34569, a6b2ebfb-69a0-457c-b6cd-a50cc148b564:192.168.157.194:37298], old=null
2019-10-17 02:15:20,100 [b32d7882-88db-4fe6-9cca-6a25122d474d@group-896385CD49EE-LeaderElection416] INFO  impl.RaftServerImpl (RaftServerImpl.java:setRole(184)) - b32d7882-88db-4fe6-9cca-6a25122d474d@group-896385CD49EE: changes role from CANDIDATE to FOLLOWER at term 381 for DISCOVERED_A_NEW_TERM
2019-10-17 02:15:20,100 [b32d7882-88db-4fe6-9cca-6a25122d474d@group-896385CD49EE-LeaderElection416] INFO  impl.RoleInfo (RoleInfo.java:shutdownLeaderElection(134)) - b32d7882-88db-4fe6-9cca-6a25122d474d: shutdown LeaderElection
2019-10-17 02:15:20,100 [b32d7882-88db-4fe6-9cca-6a25122d474d@group-896385CD49EE-LeaderElection416] INFO  impl.RoleInfo (RoleInfo.java:updateAndGet(143)) - b32d7882-88db-4fe6-9cca-6a25122d474d: start FollowerState
2019-10-17 02:15:20,168 [Thread-3672] INFO  impl.FollowerState (FollowerState.java:run(108)) - b32d7882-88db-4fe6-9cca-6a25122d474d@group-896385CD49EE-FollowerState: change to CANDIDATE, lastRpcTime:67ms, electionTimeout:67ms
2019-10-17 02:15:20,168 [Thread-3672] INFO  impl.RoleInfo (RoleInfo.java:shutdownFollowerState(121)) - b32d7882-88db-4fe6-9cca-6a25122d474d: shutdown FollowerState
2019-10-17 02:15:20,168 [Thread-3672] INFO  impl.RaftServerImpl (RaftServerImpl.java:setRole(184)) - b32d7882-88db-4fe6-9cca-6a25122d474d@group-896385CD49EE: changes role from  FOLLOWER to CANDIDATE at term 381 for changeToCandidate
2019-10-17 02:15:20,168 [Thread-3672] INFO  impl.RoleInfo (RoleInfo.java:updateAndGet(143)) - b32d7882-88db-4fe6-9cca-6a25122d474d: start LeaderElection
2019-10-17 02:15:20,183 [b32d7882-88db-4fe6-9cca-6a25122d474d@group-896385CD49EE-LeaderElection417] INFO  impl.LeaderElection (LeaderElection.java:askForVotes(178)) - b32d7882-88db-4fe6-9cca-6a25122d474d@group-896385CD49EE-LeaderElection417: begin an election at term 382 for -1: [b32d7882-88db-4fe6-9cca-6a25122d474d:192.168.157.194:42206, 3aea292b-16fb-4e9b-be90-828afa8e8047:192.168.157.194:34569, a6b2ebfb-69a0-457c-b6cd-a50cc148b564:192.168.157.194:37298], old=null
2019-10-17 02:15:20,184 [main] INFO  ozone.MiniOzoneClusterImpl (MiniOzoneClusterImpl.java:lambda$waitForClusterToBeReady$2(164)) - Waiting for 1 number of pipelines out of 4, to report a leader.
2019-10-17 02:15:20,185 [grpc-default-executor-0] INFO  impl.RaftServerImpl (RaftServerImpl.java:setRole(184)) - 3aea292b-16fb-4e9b-be90-828afa8e8047@group-896385CD49EE: changes role from  FOLLOWER to FOLLOWER at term 382 for recognizeCandidate:b32d7882-88db-4fe6-9cca-6a25122d474d
2019-10-17 02:15:20,185 [grpc-default-executor-1] INFO  impl.RaftServerImpl (RaftServerImpl.java:setRole(184)) - a6b2ebfb-69a0-457c-b6cd-a50cc148b564@group-896385CD49EE: changes role from  FOLLOWER to FOLLOWER at term 382 for recognizeCandidate:b32d7882-88db-4fe6-9cca-6a25122d474d
2019-10-17 02:15:20,185 [grpc-default-executor-1] INFO  impl.RoleInfo (RoleInfo.java:shutdownFollowerState(121)) - a6b2ebfb-69a0-457c-b6cd-a50cc148b564: shutdown FollowerState
2019-10-17 02:15:20,185 [grpc-default-executor-0] INFO  impl.RoleInfo (RoleInfo.java:shutdownFollowerState(121)) - 3aea292b-16fb-4e9b-be90-828afa8e8047: shutdown FollowerState
2019-10-17 02:15:20,185 [Thread-3670] INFO  impl.FollowerState (FollowerState.java:run(117)) - a6b2ebfb-69a0-457c-b6cd-a50cc148b564@group-896385CD49EE-FollowerState was interrupted: java.lang.InterruptedException: sleep interrupted
2019-10-17 02:15:20,185 [grpc-default-executor-1] INFO  impl.RoleInfo (RoleInfo.java:updateAndGet(143)) - a6b2ebfb-69a0-457c-b6cd-a50cc148b564: start FollowerState
2019-10-17 02:15:20,185 [Thread-3671] INFO  impl.FollowerState (FollowerState.java:run(117)) - 3aea292b-16fb-4e9b-be90-828afa8e8047@group-896385CD49EE-FollowerState was interrupted: java.lang.InterruptedException: sleep interrupted
2019-10-17 02:15:20,185 [grpc-default-executor-0] INFO  impl.RoleInfo (RoleInfo.java:updateAndGet(143)) - 3aea292b-16fb-4e9b-be90-828afa8e8047: start FollowerState
2019-10-17 02:15:20,205 [b32d7882-88db-4fe6-9cca-6a25122d474d@group-896385CD49EE-LeaderElection417] INFO  impl.LeaderElection (LeaderElection.java:logAndReturn(56)) - b32d7882-88db-4fe6-9cca-6a25122d474d@group-896385CD49EE-LeaderElection417: Election REJECTED; received 2 response(s) [b32d7882-88db-4fe6-9cca-6a25122d474d<-3aea292b-16fb-4e9b-be90-828afa8e8047#0:FAIL-t382, b32d7882-88db-4fe6-9cca-6a25122d474d<-a6b2ebfb-69a0-457c-b6cd-a50cc148b564#0:FAIL-t382] and 0 exception(s); b32d7882-88db-4fe6-9cca-6a25122d474d@group-896385CD49EE:t382, leader=null, voted=b32d7882-88db-4fe6-9cca-6a25122d474d, raftlog=b32d7882-88db-4fe6-9cca-6a25122d474d@group-896385CD49EE-SegmentedRaftLog:OPENED:c-1,f-1,i0, conf=-1: [b32d7882-88db-4fe6-9cca-6a25122d474d:192.168.157.194:42206, 3aea292b-16fb-4e9b-be90-828afa8e8047:192.168.157.194:34569, a6b2ebfb-69a0-457c-b6cd-a50cc148b564:192.168.157.194:37298], old=null
2019-10-17 02:15:20,205 [b32d7882-88db-4fe6-9cca-6a25122d474d@group-896385CD49EE-LeaderElection417] INFO  impl.RaftServerImpl (RaftServerImpl.java:setRole(184)) - b32d7882-88db-4fe6-9cca-6a25122d474d@group-896385CD49EE: changes role from CANDIDATE to FOLLOWER at term 382 for DISCOVERED_A_NEW_TERM
2019-10-17 02:15:20,205 [b32d7882-88db-4fe6-9cca-6a25122d474d@group-896385CD49EE-LeaderElection417] INFO  impl.RoleInfo (RoleInfo.java:shutdownLeaderElection(134)) - b32d7882-88db-4fe6-9cca-6a25122d474d: shutdown LeaderElection
2019-10-17 02:15:20,205 [b32d7882-88db-4fe6-9cca-6a25122d474d@group-896385CD49EE-LeaderElection417] INFO  impl.RoleInfo (RoleInfo.java:updateAndGet(143)) - b32d7882-88db-4fe6-9cca-6a25122d474d: start FollowerState
2019-10-17 02:15:20,362 [Thread-3678] INFO  impl.FollowerState (FollowerState.java:run(108)) - b32d7882-88db-4fe6-9cca-6a25122d474d@group-896385CD49EE-FollowerState: change to CANDIDATE, lastRpcTime:156ms, electionTimeout:156ms
2019-10-17 02:15:20,362 [Thread-3678] INFO  impl.RoleInfo (RoleInfo.java:shutdownFollowerState(121)) - b32d7882-88db-4fe6-9cca-6a25122d474d: shutdown FollowerState
2019-10-17 02:15:20,362 [Thread-3678] INFO  impl.RaftServerImpl (RaftServerImpl.java:setRole(184)) - b32d7882-88db-4fe6-9cca-6a25122d474d@group-896385CD49EE: changes role from  FOLLOWER to CANDIDATE at term 382 for changeToCandidate
2019-10-17 02:15:20,362 [Thread-3678] INFO  impl.RoleInfo (RoleInfo.java:updateAndGet(143)) - b32d7882-88db-4fe6-9cca-6a25122d474d: start LeaderElection
2019-10-17 02:15:20,389 [b32d7882-88db-4fe6-9cca-6a25122d474d@group-896385CD49EE-LeaderElection418] INFO  impl.LeaderElection (LeaderElection.java:askForVotes(178)) - b32d7882-88db-4fe6-9cca-6a25122d474d@group-896385CD49EE-LeaderElection418: begin an election at term 383 for -1: [b32d7882-88db-4fe6-9cca-6a25122d474d:192.168.157.194:42206, 3aea292b-16fb-4e9b-be90-828afa8e8047:192.168.157.194:34569, a6b2ebfb-69a0-457c-b6cd-a50cc148b564:192.168.157.194:37298], old=null
2019-10-17 02:15:20,391 [grpc-default-executor-0] INFO  impl.RaftServerImpl (RaftServerImpl.java:setRole(184)) - a6b2ebfb-69a0-457c-b6cd-a50cc148b564@group-896385CD49EE: changes role from  FOLLOWER to FOLLOWER at term 383 for recognizeCandidate:b32d7882-88db-4fe6-9cca-6a25122d474d
2019-10-17 02:15:20,391 [grpc-default-executor-1] INFO  impl.RaftServerImpl (RaftServerImpl.java:setRole(184)) - 3aea292b-16fb-4e9b-be90-828afa8e8047@group-896385CD49EE: changes role from  FOLLOWER to FOLLOWER at term 383 for recognizeCandidate:b32d7882-88db-4fe6-9cca-6a25122d474d
2019-10-17 02:15:20,391 [grpc-default-executor-1] INFO  impl.RoleInfo (RoleInfo.java:shutdownFollowerState(121)) - 3aea292b-16fb-4e9b-be90-828afa8e8047: shutdown FollowerState
2019-10-17 02:15:20,391 [grpc-default-executor-0] INFO  impl.RoleInfo (RoleInfo.java:shutdownFollowerState(121)) - a6b2ebfb-69a0-457c-b6cd-a50cc148b564: shutdown FollowerState
2019-10-17 02:15:20,392 [Thread-3677] INFO  impl.FollowerState (FollowerState.java:run(117)) - 3aea292b-16fb-4e9b-be90-828afa8e8047@group-896385CD49EE-FollowerState was interrupted: java.lang.InterruptedException: sleep interrupted
2019-10-17 02:15:20,392 [Thread-3676] INFO  impl.FollowerState (FollowerState.java:run(117)) - a6b2ebfb-69a0-457c-b6cd-a50cc148b564@group-896385CD49EE-FollowerState was interrupted: java.lang.InterruptedException: sleep interrupted
2019-10-17 02:15:20,392 [grpc-default-executor-1] INFO  impl.RoleInfo (RoleInfo.java:updateAndGet(143)) - 3aea292b-16fb-4e9b-be90-828afa8e8047: start FollowerState
2019-10-17 02:15:20,392 [grpc-default-executor-0] INFO  impl.RoleInfo (RoleInfo.java:updateAndGet(143)) - a6b2ebfb-69a0-457c-b6cd-a50cc148b564: start FollowerState
2019-10-17 02:15:20,404 [b32d7882-88db-4fe6-9cca-6a25122d474d@group-896385CD49EE-LeaderElection418] INFO  impl.LeaderElection (LeaderElection.java:logAndReturn(56)) - b32d7882-88db-4fe6-9cca-6a25122d474d@group-896385CD49EE-LeaderElection418: Election REJECTED; received 2 response(s) [b32d7882-88db-4fe6-9cca-6a25122d474d<-3aea292b-16fb-4e9b-be90-828afa8e8047#0:FAIL-t383, b32d7882-88db-4fe6-9cca-6a25122d474d<-a6b2ebfb-69a0-457c-b6cd-a50cc148b564#0:FAIL-t383] and 0 exception(s); b32d7882-88db-4fe6-9cca-6a25122d474d@group-896385CD49EE:t383, leader=null, voted=b32d7882-88db-4fe6-9cca-6a25122d474d, raftlog=b32d7882-88db-4fe6-9cca-6a25122d474d@group-896385CD49EE-SegmentedRaftLog:OPENED:c-1,f-1,i0, conf=-1: [b32d7882-88db-4fe6-9cca-6a25122d474d:192.168.157.194:42206, 3aea292b-16fb-4e9b-be90-828afa8e8047:192.168.157.194:34569, a6b2ebfb-69a0-457c-b6cd-a50cc148b564:192.168.157.194:37298], old=null
2019-10-17 02:15:20,404 [b32d7882-88db-4fe6-9cca-6a25122d474d@group-896385CD49EE-LeaderElection418] INFO  impl.RaftServerImpl (RaftServerImpl.java:setRole(184)) - b32d7882-88db-4fe6-9cca-6a25122d474d@group-896385CD49EE: changes role from CANDIDATE to FOLLOWER at term 383 for DISCOVERED_A_NEW_TERM
2019-10-17 02:15:20,405 [b32d7882-88db-4fe6-9cca-6a25122d474d@group-896385CD49EE-LeaderElection418] INFO  impl.RoleInfo (RoleInfo.java:shutdownLeaderElection(134)) - b32d7882-88db-4fe6-9cca-6a25122d474d: shutdown LeaderElection
2019-10-17 02:15:20,405 [b32d7882-88db-4fe6-9cca-6a25122d474d@group-896385CD49EE-LeaderElection418] INFO  impl.RoleInfo (RoleInfo.java:updateAndGet(143)) - b32d7882-88db-4fe6-9cca-6a25122d474d: start FollowerState
2019-10-17 02:15:20,549 [Thread-3684] INFO  impl.FollowerState (FollowerState.java:run(108)) - b32d7882-88db-4fe6-9cca-6a25122d474d@group-896385CD49EE-FollowerState: change to CANDIDATE, lastRpcTime:144ms, electionTimeout:144ms
2019-10-17 02:15:20,549 [Thread-3684] INFO  impl.RoleInfo (RoleInfo.java:shutdownFollowerState(121)) - b32d7882-88db-4fe6-9cca-6a25122d474d: shutdown FollowerState
2019-10-17 02:15:20,549 [Thread-3684] INFO  impl.RaftServerImpl (RaftServerImpl.java:setRole(184)) - b32d7882-88db-4fe6-9cca-6a25122d474d@group-896385CD49EE: changes role from  FOLLOWER to CANDIDATE at term 383 for changeToCandidate
2019-10-17 02:15:20,549 [Thread-3684] INFO  impl.RoleInfo (RoleInfo.java:updateAndGet(143)) - b32d7882-88db-4fe6-9cca-6a25122d474d: start LeaderElection
2019-10-17 02:15:20,577 [b32d7882-88db-4fe6-9cca-6a25122d474d@group-896385CD49EE-LeaderElection419] INFO  impl.LeaderElection (LeaderElection.java:askForVotes(178)) - b32d7882-88db-4fe6-9cca-6a25122d474d@group-896385CD49EE-LeaderElection419: begin an election at term 384 for -1: [b32d7882-88db-4fe6-9cca-6a25122d474d:192.168.157.194:42206, 3aea292b-16fb-4e9b-be90-828afa8e8047:192.168.157.194:34569, a6b2ebfb-69a0-457c-b6cd-a50cc148b564:192.168.157.194:37298], old=null
2019-10-17 02:15:20,578 [grpc-default-executor-0] INFO  impl.RaftServerImpl (RaftServerImpl.java:setRole(184)) - 3aea292b-16fb-4e9b-be90-828afa8e8047@group-896385CD49EE: changes role from  FOLLOWER to FOLLOWER at term 384 for recognizeCandidate:b32d7882-88db-4fe6-9cca-6a25122d474d
2019-10-17 02:15:20,578 [grpc-default-executor-1] INFO  impl.RaftServerImpl (RaftServerImpl.java:setRole(184)) - a6b2ebfb-69a0-457c-b6cd-a50cc148b564@group-896385CD49EE: changes role from  FOLLOWER to FOLLOWER at term 384 for recognizeCandidate:b32d7882-88db-4fe6-9cca-6a25122d474d
2019-10-17 02:15:20,579 [grpc-default-executor-1] INFO  impl.RoleInfo (RoleInfo.java:shutdownFollowerState(121)) - a6b2ebfb-69a0-457c-b6cd-a50cc148b564: shutdown FollowerState
2019-10-17 02:15:20,578 [grpc-default-executor-0] INFO  impl.RoleInfo (RoleInfo.java:shutdownFollowerState(121)) - 3aea292b-16fb-4e9b-be90-828afa8e8047: shutdown FollowerState
2019-10-17 02:15:20,579 [Thread-3683] INFO  impl.FollowerState (FollowerState.java:run(117)) - a6b2ebfb-69a0-457c-b6cd-a50cc148b564@group-896385CD49EE-FollowerState was interrupted: java.lang.InterruptedException: sleep interrupted
2019-10-17 02:15:20,579 [grpc-default-executor-1] INFO  impl.RoleInfo (RoleInfo.java:updateAndGet(143)) - a6b2ebfb-69a0-457c-b6cd-a50cc148b564: start FollowerState
2019-10-17 02:15:20,579 [Thread-3682] INFO  impl.FollowerState (FollowerState.java:run(117)) - 3aea292b-16fb-4e9b-be90-828afa8e8047@group-896385CD49EE-FollowerState was interrupted: java.lang.InterruptedException: sleep interrupted
2019-10-17 02:15:20,579 [grpc-default-executor-0] INFO  impl.RoleInfo (RoleInfo.java:updateAndGet(143)) - 3aea292b-16fb-4e9b-be90-828afa8e8047: start FollowerState
2019-10-17 02:15:20,593 [b32d7882-88db-4fe6-9cca-6a25122d474d@group-896385CD49EE-LeaderElection419] INFO  impl.LeaderElection (LeaderElection.java:logAndReturn(56)) - b32d7882-88db-4fe6-9cca-6a25122d474d@group-896385CD49EE-LeaderElection419: Election REJECTED; received 2 response(s) [b32d7882-88db-4fe6-9cca-6a25122d474d<-3aea292b-16fb-4e9b-be90-828afa8e8047#0:FAIL-t384, b32d7882-88db-4fe6-9cca-6a25122d474d<-a6b2ebfb-69a0-457c-b6cd-a50cc148b564#0:FAIL-t384] and 0 exception(s); b32d7882-88db-4fe6-9cca-6a25122d474d@group-896385CD49EE:t384, leader=null, voted=b32d7882-88db-4fe6-9cca-6a25122d474d, raftlog=b32d7882-88db-4fe6-9cca-6a25122d474d@group-896385CD49EE-SegmentedRaftLog:OPENED:c-1,f-1,i0, conf=-1: [b32d7882-88db-4fe6-9cca-6a25122d474d:192.168.157.194:42206, 3aea292b-16fb-4e9b-be90-828afa8e8047:192.168.157.194:34569, a6b2ebfb-69a0-457c-b6cd-a50cc148b564:192.168.157.194:37298], old=null
2019-10-17 02:15:20,593 [b32d7882-88db-4fe6-9cca-6a25122d474d@group-896385CD49EE-LeaderElection419] INFO  impl.RaftServerImpl (RaftServerImpl.java:setRole(184)) - b32d7882-88db-4fe6-9cca-6a25122d474d@group-896385CD49EE: changes role from CANDIDATE to FOLLOWER at term 384 for DISCOVERED_A_NEW_TERM
2019-10-17 02:15:20,593 [b32d7882-88db-4fe6-9cca-6a25122d474d@group-896385CD49EE-LeaderElection419] INFO  impl.RoleInfo (RoleInfo.java:shutdownLeaderElection(134)) - b32d7882-88db-4fe6-9cca-6a25122d474d: shutdown LeaderElection
2019-10-17 02:15:20,593 [b32d7882-88db-4fe6-9cca-6a25122d474d@group-896385CD49EE-LeaderElection419] INFO  impl.RoleInfo (RoleInfo.java:updateAndGet(143)) - b32d7882-88db-4fe6-9cca-6a25122d474d: start FollowerState
2019-10-17 02:15:20,785 [Thread-3690] INFO  impl.FollowerState (FollowerState.java:run(108)) - b32d7882-88db-4fe6-9cca-6a25122d474d@group-896385CD49EE-FollowerState: change to CANDIDATE, lastRpcTime:191ms, electionTimeout:191ms
2019-10-17 02:15:20,785 [Thread-3690] INFO  impl.RoleInfo (RoleInfo.java:shutdownFollowerState(121)) - b32d7882-88db-4fe6-9cca-6a25122d474d: shutdown FollowerState
2019-10-17 02:15:20,785 [Thread-3690] INFO  impl.RaftServerImpl (RaftServerImpl.java:setRole(184)) - b32d7882-88db-4fe6-9cca-6a25122d474d@group-896385CD49EE: changes role from  FOLLOWER to CANDIDATE at term 384 for changeToCandidate
2019-10-17 02:15:20,785 [Thread-3690] INFO  impl.RoleInfo (RoleInfo.java:updateAndGet(143)) - b32d7882-88db-4fe6-9cca-6a25122d474d: start LeaderElection
2019-10-17 02:15:20,798 [b32d7882-88db-4fe6-9cca-6a25122d474d@group-896385CD49EE-LeaderElection420] INFO  impl.LeaderElection (LeaderElection.java:askForVotes(178)) - b32d7882-88db-4fe6-9cca-6a25122d474d@group-896385CD49EE-LeaderElection420: begin an election at term 385 for -1: [b32d7882-88db-4fe6-9cca-6a25122d474d:192.168.157.194:42206, 3aea292b-16fb-4e9b-be90-828afa8e8047:192.168.157.194:34569, a6b2ebfb-69a0-457c-b6cd-a50cc148b564:192.168.157.194:37298], old=null
2019-10-17 02:15:20,800 [grpc-default-executor-0] INFO  impl.RaftServerImpl (RaftServerImpl.java:setRole(184)) - 3aea292b-16fb-4e9b-be90-828afa8e8047@group-896385CD49EE: changes role from  FOLLOWER to FOLLOWER at term 385 for recognizeCandidate:b32d7882-88db-4fe6-9cca-6a25122d474d
2019-10-17 02:15:20,800 [grpc-default-executor-1] INFO  impl.RaftServerImpl (RaftServerImpl.java:setRole(184)) - a6b2ebfb-69a0-457c-b6cd-a50cc148b564@group-896385CD49EE: changes role from  FOLLOWER to FOLLOWER at term 385 for recognizeCandidate:b32d7882-88db-4fe6-9cca-6a25122d474d
2019-10-17 02:15:20,800 [grpc-default-executor-1] INFO  impl.RoleInfo (RoleInfo.java:shutdownFollowerState(121)) - a6b2ebfb-69a0-457c-b6cd-a50cc148b564: shutdown FollowerState
2019-10-17 02:15:20,800 [grpc-default-executor-0] INFO  impl.RoleInfo (RoleInfo.java:shutdownFollowerState(121)) - 3aea292b-16fb-4e9b-be90-828afa8e8047: shutdown FollowerState
2019-10-17 02:15:20,800 [Thread-3688] INFO  impl.FollowerState (FollowerState.java:run(117)) - a6b2ebfb-69a0-457c-b6cd-a50cc148b564@group-896385CD49EE-FollowerState was interrupted: java.lang.InterruptedException: sleep interrupted
2019-10-17 02:15:20,800 [Thread-3689] INFO  impl.FollowerState (FollowerState.java:run(117)) - 3aea292b-16fb-4e9b-be90-828afa8e8047@group-896385CD49EE-FollowerState was interrupted: java.lang.InterruptedException: sleep interrupted
2019-10-17 02:15:20,800 [grpc-default-executor-1] INFO  impl.RoleInfo (RoleInfo.java:updateAndGet(143)) - a6b2ebfb-69a0-457c-b6cd-a50cc148b564: start FollowerState
2019-10-17 02:15:20,800 [grpc-default-executor-0] INFO  impl.RoleInfo (RoleInfo.java:updateAndGet(143)) - 3aea292b-16fb-4e9b-be90-828afa8e8047: start FollowerState
2019-10-17 02:15:20,815 [b32d7882-88db-4fe6-9cca-6a25122d474d@group-896385CD49EE-LeaderElection420] INFO  impl.LeaderElection (LeaderElection.java:logAndReturn(56)) - b32d7882-88db-4fe6-9cca-6a25122d474d@group-896385CD49EE-LeaderElection420: Election REJECTED; received 2 response(s) [b32d7882-88db-4fe6-9cca-6a25122d474d<-3aea292b-16fb-4e9b-be90-828afa8e8047#0:FAIL-t385, b32d7882-88db-4fe6-9cca-6a25122d474d<-a6b2ebfb-69a0-457c-b6cd-a50cc148b564#0:FAIL-t385] and 0 exception(s); b32d7882-88db-4fe6-9cca-6a25122d474d@group-896385CD49EE:t385, leader=null, voted=b32d7882-88db-4fe6-9cca-6a25122d474d, raftlog=b32d7882-88db-4fe6-9cca-6a25122d474d@group-896385CD49EE-SegmentedRaftLog:OPENED:c-1,f-1,i0, conf=-1: [b32d7882-88db-4fe6-9cca-6a25122d474d:192.168.157.194:42206, 3aea292b-16fb-4e9b-be90-828afa8e8047:192.168.157.194:34569, a6b2ebfb-69a0-457c-b6cd-a50cc148b564:192.168.157.194:37298], old=null
2019-10-17 02:15:20,815 [b32d7882-88db-4fe6-9cca-6a25122d474d@group-896385CD49EE-LeaderElection420] INFO  impl.RaftServerImpl (RaftServerImpl.java:setRole(184)) - b32d7882-88db-4fe6-9cca-6a25122d474d@group-896385CD49EE: changes role from CANDIDATE to FOLLOWER at term 385 for DISCOVERED_A_NEW_TERM
2019-10-17 02:15:20,815 [b32d7882-88db-4fe6-9cca-6a25122d474d@group-896385CD49EE-LeaderElection420] INFO  impl.RoleInfo (RoleInfo.java:shutdownLeaderElection(134)) - b32d7882-88db-4fe6-9cca-6a25122d474d: shutdown LeaderElection
2019-10-17 02:15:20,815 [b32d7882-88db-4fe6-9cca-6a25122d474d@group-896385CD49EE-LeaderElection420] INFO  impl.RoleInfo (RoleInfo.java:updateAndGet(143)) - b32d7882-88db-4fe6-9cca-6a25122d474d: start FollowerState
2019-10-17 02:15:20,922 [Thread-3696] INFO  impl.FollowerState (FollowerState.java:run(108)) - b32d7882-88db-4fe6-9cca-6a25122d474d@group-896385CD49EE-FollowerState: change to CANDIDATE, lastRpcTime:106ms, electionTimeout:106ms
2019-10-17 02:15:20,922 [Thread-3696] INFO  impl.RoleInfo (RoleInfo.java:shutdownFollowerState(121)) - b32d7882-88db-4fe6-9cca-6a25122d474d: shutdown FollowerState
2019-10-17 02:15:20,922 [Thread-3696] INFO  impl.RaftServerImpl (RaftServerImpl.java:setRole(184)) - b32d7882-88db-4fe6-9cca-6a25122d474d@group-896385CD49EE: changes role from  FOLLOWER to CANDIDATE at term 385 for changeToCandidate
2019-10-17 02:15:20,922 [Thread-3696] INFO  impl.RoleInfo (RoleInfo.java:updateAndGet(143)) - b32d7882-88db-4fe6-9cca-6a25122d474d: start LeaderElection
2019-10-17 02:15:20,935 [b32d7882-88db-4fe6-9cca-6a25122d474d@group-896385CD49EE-LeaderElection421] INFO  impl.LeaderElection (LeaderElection.java:askForVotes(178)) - b32d7882-88db-4fe6-9cca-6a25122d474d@group-896385CD49EE-LeaderElection421: begin an election at term 386 for -1: [b32d7882-88db-4fe6-9cca-6a25122d474d:192.168.157.194:42206, 3aea292b-16fb-4e9b-be90-828afa8e8047:192.168.157.194:34569, a6b2ebfb-69a0-457c-b6cd-a50cc148b564:192.168.157.194:37298], old=null
2019-10-17 02:15:20,936 [grpc-default-executor-0] INFO  impl.RaftServerImpl (RaftServerImpl.java:setRole(184)) - 3aea292b-16fb-4e9b-be90-828afa8e8047@group-896385CD49EE: changes role from  FOLLOWER to FOLLOWER at term 386 for recognizeCandidate:b32d7882-88db-4fe6-9cca-6a25122d474d
2019-10-17 02:15:20,936 [grpc-default-executor-0] INFO  impl.RoleInfo (RoleInfo.java:shutdownFollowerState(121)) - 3aea292b-16fb-4e9b-be90-828afa8e8047: shutdown FollowerState
2019-10-17 02:15:20,936 [grpc-default-executor-1] INFO  impl.RaftServerImpl (RaftServerImpl.java:setRole(184)) - a6b2ebfb-69a0-457c-b6cd-a50cc148b564@group-896385CD49EE: changes role from  FOLLOWER to FOLLOWER at term 386 for recognizeCandidate:b32d7882-88db-4fe6-9cca-6a25122d474d
2019-10-17 02:15:20,937 [grpc-default-executor-1] INFO  impl.RoleInfo (RoleInfo.java:shutdownFollowerState(121)) - a6b2ebfb-69a0-457c-b6cd-a50cc148b564: shutdown FollowerState
2019-10-17 02:15:20,937 [Thread-3695] INFO  impl.FollowerState (FollowerState.java:run(117)) - 3aea292b-16fb-4e9b-be90-828afa8e8047@group-896385CD49EE-FollowerState was interrupted: java.lang.InterruptedException: sleep interrupted
2019-10-17 02:15:20,936 [grpc-default-executor-0] INFO  impl.RoleInfo (RoleInfo.java:updateAndGet(143)) - 3aea292b-16fb-4e9b-be90-828afa8e8047: start FollowerState
2019-10-17 02:15:20,937 [Thread-3694] INFO  impl.FollowerState (FollowerState.java:run(117)) - a6b2ebfb-69a0-457c-b6cd-a50cc148b564@group-896385CD49EE-FollowerState was interrupted: java.lang.InterruptedException: sleep interrupted
2019-10-17 02:15:20,937 [grpc-default-executor-1] INFO  impl.RoleInfo (RoleInfo.java:updateAndGet(143)) - a6b2ebfb-69a0-457c-b6cd-a50cc148b564: start FollowerState
2019-10-17 02:15:20,951 [b32d7882-88db-4fe6-9cca-6a25122d474d@group-896385CD49EE-LeaderElection421] INFO  impl.LeaderElection (LeaderElection.java:logAndReturn(56)) - b32d7882-88db-4fe6-9cca-6a25122d474d@group-896385CD49EE-LeaderElection421: Election REJECTED; received 2 response(s) [b32d7882-88db-4fe6-9cca-6a25122d474d<-3aea292b-16fb-4e9b-be90-828afa8e8047#0:FAIL-t386, b32d7882-88db-4fe6-9cca-6a25122d474d<-a6b2ebfb-69a0-457c-b6cd-a50cc148b564#0:FAIL-t386] and 0 exception(s); b32d7882-88db-4fe6-9cca-6a25122d474d@group-896385CD49EE:t386, leader=null, voted=b32d7882-88db-4fe6-9cca-6a25122d474d, raftlog=b32d7882-88db-4fe6-9cca-6a25122d474d@group-896385CD49EE-SegmentedRaftLog:OPENED:c-1,f-1,i0, conf=-1: [b32d7882-88db-4fe6-9cca-6a25122d474d:192.168.157.194:42206, 3aea292b-16fb-4e9b-be90-828afa8e8047:192.168.157.194:34569, a6b2ebfb-69a0-457c-b6cd-a50cc148b564:192.168.157.194:37298], old=null
2019-10-17 02:15:20,951 [b32d7882-88db-4fe6-9cca-6a25122d474d@group-896385CD49EE-LeaderElection421] INFO  impl.RaftServerImpl (RaftServerImpl.java:setRole(184)) - b32d7882-88db-4fe6-9cca-6a25122d474d@group-896385CD49EE: changes role from CANDIDATE to FOLLOWER at term 386 for DISCOVERED_A_NEW_TERM
2019-10-17 02:15:20,951 [b32d7882-88db-4fe6-9cca-6a25122d474d@group-896385CD49EE-LeaderElection421] INFO  impl.RoleInfo (RoleInfo.java:shutdownLeaderElection(134)) - b32d7882-88db-4fe6-9cca-6a25122d474d: shutdown LeaderElection
2019-10-17 02:15:20,951 [b32d7882-88db-4fe6-9cca-6a25122d474d@group-896385CD49EE-LeaderElection421] INFO  impl.RoleInfo (RoleInfo.java:updateAndGet(143)) - b32d7882-88db-4fe6-9cca-6a25122d474d: start FollowerState
2019-10-17 02:15:21,045 [Thread-3702] INFO  impl.FollowerState (FollowerState.java:run(108)) - b32d7882-88db-4fe6-9cca-6a25122d474d@group-896385CD49EE-FollowerState: change to CANDIDATE, lastRpcTime:93ms, electionTimeout:93ms
2019-10-17 02:15:21,045 [Thread-3702] INFO  impl.RoleInfo (RoleInfo.java:shutdownFollowerState(121)) - b32d7882-88db-4fe6-9cca-6a25122d474d: shutdown FollowerState
2019-10-17 02:15:21,045 [Thread-3702] INFO  impl.RaftServerImpl (RaftServerImpl.java:setRole(184)) - b32d7882-88db-4fe6-9cca-6a25122d474d@group-896385CD49EE: changes role from  FOLLOWER to CANDIDATE at term 386 for changeToCandidate
2019-10-17 02:15:21,045 [Thread-3702] INFO  impl.RoleInfo (RoleInfo.java:updateAndGet(143)) - b32d7882-88db-4fe6-9cca-6a25122d474d: start LeaderElection
2019-10-17 02:15:21,059 [b32d7882-88db-4fe6-9cca-6a25122d474d@group-896385CD49EE-LeaderElection422] INFO  impl.LeaderElection (LeaderElection.java:askForVotes(178)) - b32d7882-88db-4fe6-9cca-6a25122d474d@group-896385CD49EE-LeaderElection422: begin an election at term 387 for -1: [b32d7882-88db-4fe6-9cca-6a25122d474d:192.168.157.194:42206, 3aea292b-16fb-4e9b-be90-828afa8e8047:192.168.157.194:34569, a6b2ebfb-69a0-457c-b6cd-a50cc148b564:192.168.157.194:37298], old=null
2019-10-17 02:15:21,060 [grpc-default-executor-0] INFO  impl.RaftServerImpl (RaftServerImpl.java:setRole(184)) - 3aea292b-16fb-4e9b-be90-828afa8e8047@group-896385CD49EE: changes role from  FOLLOWER to FOLLOWER at term 387 for recognizeCandidate:b32d7882-88db-4fe6-9cca-6a25122d474d
2019-10-17 02:15:21,060 [grpc-default-executor-1] INFO  impl.RaftServerImpl (RaftServerImpl.java:setRole(184)) - a6b2ebfb-69a0-457c-b6cd-a50cc148b564@group-896385CD49EE: changes role from  FOLLOWER to FOLLOWER at term 387 for recognizeCandidate:b32d7882-88db-4fe6-9cca-6a25122d474d
2019-10-17 02:15:21,061 [grpc-default-executor-1] INFO  impl.RoleInfo (RoleInfo.java:shutdownFollowerState(121)) - a6b2ebfb-69a0-457c-b6cd-a50cc148b564: shutdown FollowerState
2019-10-17 02:15:21,061 [grpc-default-executor-0] INFO  impl.RoleInfo (RoleInfo.java:shutdownFollowerState(121)) - 3aea292b-16fb-4e9b-be90-828afa8e8047: shutdown FollowerState
2019-10-17 02:15:21,061 [Thread-3701] INFO  impl.FollowerState (FollowerState.java:run(117)) - a6b2ebfb-69a0-457c-b6cd-a50cc148b564@group-896385CD49EE-FollowerState was interrupted: java.lang.InterruptedException: sleep interrupted
2019-10-17 02:15:21,061 [grpc-default-executor-1] INFO  impl.RoleInfo (RoleInfo.java:updateAndGet(143)) - a6b2ebfb-69a0-457c-b6cd-a50cc148b564: start FollowerState
2019-10-17 02:15:21,061 [grpc-default-executor-0] INFO  impl.RoleInfo (RoleInfo.java:updateAndGet(143)) - 3aea292b-16fb-4e9b-be90-828afa8e8047: start FollowerState
2019-10-17 02:15:21,061 [Thread-3700] INFO  impl.FollowerState (FollowerState.java:run(117)) - 3aea292b-16fb-4e9b-be90-828afa8e8047@group-896385CD49EE-FollowerState was interrupted: java.lang.InterruptedException: sleep interrupted
2019-10-17 02:15:21,075 [b32d7882-88db-4fe6-9cca-6a25122d474d@group-896385CD49EE-LeaderElection422] INFO  impl.LeaderElection (LeaderElection.java:logAndReturn(56)) - b32d7882-88db-4fe6-9cca-6a25122d474d@group-896385CD49EE-LeaderElection422: Election REJECTED; received 2 response(s) [b32d7882-88db-4fe6-9cca-6a25122d474d<-3aea292b-16fb-4e9b-be90-828afa8e8047#0:FAIL-t387, b32d7882-88db-4fe6-9cca-6a25122d474d<-a6b2ebfb-69a0-457c-b6cd-a50cc148b564#0:FAIL-t387] and 0 exception(s); b32d7882-88db-4fe6-9cca-6a25122d474d@group-896385CD49EE:t387, leader=null, voted=b32d7882-88db-4fe6-9cca-6a25122d474d, raftlog=b32d7882-88db-4fe6-9cca-6a25122d474d@group-896385CD49EE-SegmentedRaftLog:OPENED:c-1,f-1,i0, conf=-1: [b32d7882-88db-4fe6-9cca-6a25122d474d:192.168.157.194:42206, 3aea292b-16fb-4e9b-be90-828afa8e8047:192.168.157.194:34569, a6b2ebfb-69a0-457c-b6cd-a50cc148b564:192.168.157.194:37298], old=null
2019-10-17 02:15:21,075 [b32d7882-88db-4fe6-9cca-6a25122d474d@group-896385CD49EE-LeaderElection422] INFO  impl.RaftServerImpl (RaftServerImpl.java:setRole(184)) - b32d7882-88db-4fe6-9cca-6a25122d474d@group-896385CD49EE: changes role from CANDIDATE to FOLLOWER at term 387 for DISCOVERED_A_NEW_TERM
2019-10-17 02:15:21,075 [b32d7882-88db-4fe6-9cca-6a25122d474d@group-896385CD49EE-LeaderElection422] INFO  impl.RoleInfo (RoleInfo.java:shutdownLeaderElection(134)) - b32d7882-88db-4fe6-9cca-6a25122d474d: shutdown LeaderElection
2019-10-17 02:15:21,075 [b32d7882-88db-4fe6-9cca-6a25122d474d@group-896385CD49EE-LeaderElection422] INFO  impl.RoleInfo (RoleInfo.java:updateAndGet(143)) - b32d7882-88db-4fe6-9cca-6a25122d474d: start FollowerState
2019-10-17 02:15:21,098 [Thread-3708] INFO  impl.FollowerState (FollowerState.java:run(108)) - b32d7882-88db-4fe6-9cca-6a25122d474d@group-896385CD49EE-FollowerState: change to CANDIDATE, lastRpcTime:22ms, electionTimeout:22ms
2019-10-17 02:15:21,098 [Thread-3708] INFO  impl.RoleInfo (RoleInfo.java:shutdownFollowerState(121)) - b32d7882-88db-4fe6-9cca-6a25122d474d: shutdown FollowerState
2019-10-17 02:15:21,098 [Thread-3708] INFO  impl.RaftServerImpl (RaftServerImpl.java:setRole(184)) - b32d7882-88db-4fe6-9cca-6a25122d474d@group-896385CD49EE: changes role from  FOLLOWER to CANDIDATE at term 387 for changeToCandidate
2019-10-17 02:15:21,098 [Thread-3708] INFO  impl.RoleInfo (RoleInfo.java:updateAndGet(143)) - b32d7882-88db-4fe6-9cca-6a25122d474d: start LeaderElection
2019-10-17 02:15:21,111 [b32d7882-88db-4fe6-9cca-6a25122d474d@group-896385CD49EE-LeaderElection423] INFO  impl.LeaderElection (LeaderElection.java:askForVotes(178)) - b32d7882-88db-4fe6-9cca-6a25122d474d@group-896385CD49EE-LeaderElection423: begin an election at term 388 for -1: [b32d7882-88db-4fe6-9cca-6a25122d474d:192.168.157.194:42206, 3aea292b-16fb-4e9b-be90-828afa8e8047:192.168.157.194:34569, a6b2ebfb-69a0-457c-b6cd-a50cc148b564:192.168.157.194:37298], old=null
2019-10-17 02:15:21,112 [grpc-default-executor-1] INFO  impl.RaftServerImpl (RaftServerImpl.java:setRole(184)) - a6b2ebfb-69a0-457c-b6cd-a50cc148b564@group-896385CD49EE: changes role from  FOLLOWER to FOLLOWER at term 388 for recognizeCandidate:b32d7882-88db-4fe6-9cca-6a25122d474d
2019-10-17 02:15:21,113 [grpc-default-executor-1] INFO  impl.RoleInfo (RoleInfo.java:shutdownFollowerState(121)) - a6b2ebfb-69a0-457c-b6cd-a50cc148b564: shutdown FollowerState
2019-10-17 02:15:21,113 [grpc-default-executor-1] INFO  impl.RoleInfo (RoleInfo.java:updateAndGet(143)) - a6b2ebfb-69a0-457c-b6cd-a50cc148b564: start FollowerState
2019-10-17 02:15:21,113 [Thread-3706] INFO  impl.FollowerState (FollowerState.java:run(117)) - a6b2ebfb-69a0-457c-b6cd-a50cc148b564@group-896385CD49EE-FollowerState was interrupted: java.lang.InterruptedException: sleep interrupted
2019-10-17 02:15:21,114 [grpc-default-executor-0] INFO  impl.RaftServerImpl (RaftServerImpl.java:setRole(184)) - 3aea292b-16fb-4e9b-be90-828afa8e8047@group-896385CD49EE: changes role from  FOLLOWER to FOLLOWER at term 388 for recognizeCandidate:b32d7882-88db-4fe6-9cca-6a25122d474d
2019-10-17 02:15:21,114 [grpc-default-executor-0] INFO  impl.RoleInfo (RoleInfo.java:shutdownFollowerState(121)) - 3aea292b-16fb-4e9b-be90-828afa8e8047: shutdown FollowerState
2019-10-17 02:15:21,114 [grpc-default-executor-0] INFO  impl.RoleInfo (RoleInfo.java:updateAndGet(143)) - 3aea292b-16fb-4e9b-be90-828afa8e8047: start FollowerState
2019-10-17 02:15:21,114 [Thread-3707] INFO  impl.FollowerState (FollowerState.java:run(117)) - 3aea292b-16fb-4e9b-be90-828afa8e8047@group-896385CD49EE-FollowerState was interrupted: java.lang.InterruptedException: sleep interrupted
2019-10-17 02:15:21,127 [b32d7882-88db-4fe6-9cca-6a25122d474d@group-896385CD49EE-LeaderElection423] INFO  impl.LeaderElection (LeaderElection.java:logAndReturn(56)) - b32d7882-88db-4fe6-9cca-6a25122d474d@group-896385CD49EE-LeaderElection423: Election REJECTED; received 2 response(s) [b32d7882-88db-4fe6-9cca-6a25122d474d<-3aea292b-16fb-4e9b-be90-828afa8e8047#0:FAIL-t388, b32d7882-88db-4fe6-9cca-6a25122d474d<-a6b2ebfb-69a0-457c-b6cd-a50cc148b564#0:FAIL-t388] and 0 exception(s); b32d7882-88db-4fe6-9cca-6a25122d474d@group-896385CD49EE:t388, leader=null, voted=b32d7882-88db-4fe6-9cca-6a25122d474d, raftlog=b32d7882-88db-4fe6-9cca-6a25122d474d@group-896385CD49EE-SegmentedRaftLog:OPENED:c-1,f-1,i0, conf=-1: [b32d7882-88db-4fe6-9cca-6a25122d474d:192.168.157.194:42206, 3aea292b-16fb-4e9b-be90-828afa8e8047:192.168.157.194:34569, a6b2ebfb-69a0-457c-b6cd-a50cc148b564:192.168.157.194:37298], old=null
2019-10-17 02:15:21,127 [b32d7882-88db-4fe6-9cca-6a25122d474d@group-896385CD49EE-LeaderElection423] INFO  impl.RaftServerImpl (RaftServerImpl.java:setRole(184)) - b32d7882-88db-4fe6-9cca-6a25122d474d@group-896385CD49EE: changes role from CANDIDATE to FOLLOWER at term 388 for DISCOVERED_A_NEW_TERM
2019-10-17 02:15:21,127 [b32d7882-88db-4fe6-9cca-6a25122d474d@group-896385CD49EE-LeaderElection423] INFO  impl.RoleInfo (RoleInfo.java:shutdownLeaderElection(134)) - b32d7882-88db-4fe6-9cca-6a25122d474d: shutdown LeaderElection
2019-10-17 02:15:21,127 [b32d7882-88db-4fe6-9cca-6a25122d474d@group-896385CD49EE-LeaderElection423] INFO  impl.RoleInfo (RoleInfo.java:updateAndGet(143)) - b32d7882-88db-4fe6-9cca-6a25122d474d: start FollowerState
2019-10-17 02:15:21,185 [main] INFO  ozone.MiniOzoneClusterImpl (MiniOzoneClusterImpl.java:lambda$waitForClusterToBeReady$2(164)) - Waiting for 1 number of pipelines out of 4, to report a leader.
2019-10-17 02:15:21,226 [Thread-3714] INFO  impl.FollowerState (FollowerState.java:run(108)) - b32d7882-88db-4fe6-9cca-6a25122d474d@group-896385CD49EE-FollowerState: change to CANDIDATE, lastRpcTime:98ms, electionTimeout:98ms
2019-10-17 02:15:21,226 [Thread-3714] INFO  impl.RoleInfo (RoleInfo.java:shutdownFollowerState(121)) - b32d7882-88db-4fe6-9cca-6a25122d474d: shutdown FollowerState
2019-10-17 02:15:21,226 [Thread-3714] INFO  impl.RaftServerImpl (RaftServerImpl.java:setRole(184)) - b32d7882-88db-4fe6-9cca-6a25122d474d@group-896385CD49EE: changes role from  FOLLOWER to CANDIDATE at term 388 for changeToCandidate
2019-10-17 02:15:21,226 [Thread-3714] INFO  impl.RoleInfo (RoleInfo.java:updateAndGet(143)) - b32d7882-88db-4fe6-9cca-6a25122d474d: start LeaderElection
2019-10-17 02:15:21,250 [b32d7882-88db-4fe6-9cca-6a25122d474d@group-896385CD49EE-LeaderElection424] INFO  impl.LeaderElection (LeaderElection.java:askForVotes(178)) - b32d7882-88db-4fe6-9cca-6a25122d474d@group-896385CD49EE-LeaderElection424: begin an election at term 389 for -1: [b32d7882-88db-4fe6-9cca-6a25122d474d:192.168.157.194:42206, 3aea292b-16fb-4e9b-be90-828afa8e8047:192.168.157.194:34569, a6b2ebfb-69a0-457c-b6cd-a50cc148b564:192.168.157.194:37298], old=null
2019-10-17 02:15:21,251 [grpc-default-executor-1] INFO  impl.RaftServerImpl (RaftServerImpl.java:setRole(184)) - 3aea292b-16fb-4e9b-be90-828afa8e8047@group-896385CD49EE: changes role from  FOLLOWER to FOLLOWER at term 389 for recognizeCandidate:b32d7882-88db-4fe6-9cca-6a25122d474d
2019-10-17 02:15:21,251 [grpc-default-executor-1] INFO  impl.RoleInfo (RoleInfo.java:shutdownFollowerState(121)) - 3aea292b-16fb-4e9b-be90-828afa8e8047: shutdown FollowerState
2019-10-17 02:15:21,251 [grpc-default-executor-0] INFO  impl.RaftServerImpl (RaftServerImpl.java:setRole(184)) - a6b2ebfb-69a0-457c-b6cd-a50cc148b564@group-896385CD49EE: changes role from  FOLLOWER to FOLLOWER at term 389 for recognizeCandidate:b32d7882-88db-4fe6-9cca-6a25122d474d
2019-10-17 02:15:21,252 [grpc-default-executor-0] INFO  impl.RoleInfo (RoleInfo.java:shutdownFollowerState(121)) - a6b2ebfb-69a0-457c-b6cd-a50cc148b564: shutdown FollowerState
2019-10-17 02:15:21,252 [Thread-3713] INFO  impl.FollowerState (FollowerState.java:run(117)) - 3aea292b-16fb-4e9b-be90-828afa8e8047@group-896385CD49EE-FollowerState was interrupted: java.lang.InterruptedException: sleep interrupted
2019-10-17 02:15:21,252 [grpc-default-executor-1] INFO  impl.RoleInfo (RoleInfo.java:updateAndGet(143)) - 3aea292b-16fb-4e9b-be90-828afa8e8047: start FollowerState
2019-10-17 02:15:21,252 [Thread-3712] INFO  impl.FollowerState (FollowerState.java:run(117)) - a6b2ebfb-69a0-457c-b6cd-a50cc148b564@group-896385CD49EE-FollowerState was interrupted: java.lang.InterruptedException: sleep interrupted
2019-10-17 02:15:21,252 [grpc-default-executor-0] INFO  impl.RoleInfo (RoleInfo.java:updateAndGet(143)) - a6b2ebfb-69a0-457c-b6cd-a50cc148b564: start FollowerState
2019-10-17 02:15:21,266 [b32d7882-88db-4fe6-9cca-6a25122d474d@group-896385CD49EE-LeaderElection424] INFO  impl.LeaderElection (LeaderElection.java:logAndReturn(56)) - b32d7882-88db-4fe6-9cca-6a25122d474d@group-896385CD49EE-LeaderElection424: Election REJECTED; received 2 response(s) [b32d7882-88db-4fe6-9cca-6a25122d474d<-3aea292b-16fb-4e9b-be90-828afa8e8047#0:FAIL-t389, b32d7882-88db-4fe6-9cca-6a25122d474d<-a6b2ebfb-69a0-457c-b6cd-a50cc148b564#0:FAIL-t389] and 0 exception(s); b32d7882-88db-4fe6-9cca-6a25122d474d@group-896385CD49EE:t389, leader=null, voted=b32d7882-88db-4fe6-9cca-6a25122d474d, raftlog=b32d7882-88db-4fe6-9cca-6a25122d474d@group-896385CD49EE-SegmentedRaftLog:OPENED:c-1,f-1,i0, conf=-1: [b32d7882-88db-4fe6-9cca-6a25122d474d:192.168.157.194:42206, 3aea292b-16fb-4e9b-be90-828afa8e8047:192.168.157.194:34569, a6b2ebfb-69a0-457c-b6cd-a50cc148b564:192.168.157.194:37298], old=null
2019-10-17 02:15:21,266 [b32d7882-88db-4fe6-9cca-6a25122d474d@group-896385CD49EE-LeaderElection424] INFO  impl.RaftServerImpl (RaftServerImpl.java:setRole(184)) - b32d7882-88db-4fe6-9cca-6a25122d474d@group-896385CD49EE: changes role from CANDIDATE to FOLLOWER at term 389 for DISCOVERED_A_NEW_TERM
2019-10-17 02:15:21,266 [b32d7882-88db-4fe6-9cca-6a25122d474d@group-896385CD49EE-LeaderElection424] INFO  impl.RoleInfo (RoleInfo.java:shutdownLeaderElection(134)) - b32d7882-88db-4fe6-9cca-6a25122d474d: shutdown LeaderElection
2019-10-17 02:15:21,266 [b32d7882-88db-4fe6-9cca-6a25122d474d@group-896385CD49EE-LeaderElection424] INFO  impl.RoleInfo (RoleInfo.java:updateAndGet(143)) - b32d7882-88db-4fe6-9cca-6a25122d474d: start FollowerState
2019-10-17 02:15:21,380 [Thread-3720] INFO  impl.FollowerState (FollowerState.java:run(108)) - b32d7882-88db-4fe6-9cca-6a25122d474d@group-896385CD49EE-FollowerState: change to CANDIDATE, lastRpcTime:114ms, electionTimeout:114ms
2019-10-17 02:15:21,381 [Thread-3720] INFO  impl.RoleInfo (RoleInfo.java:shutdownFollowerState(121)) - b32d7882-88db-4fe6-9cca-6a25122d474d: shutdown FollowerState
2019-10-17 02:15:21,381 [Thread-3720] INFO  impl.RaftServerImpl (RaftServerImpl.java:setRole(184)) - b32d7882-88db-4fe6-9cca-6a25122d474d@group-896385CD49EE: changes role from  FOLLOWER to CANDIDATE at term 389 for changeToCandidate
2019-10-17 02:15:21,381 [Thread-3720] INFO  impl.RoleInfo (RoleInfo.java:updateAndGet(143)) - b32d7882-88db-4fe6-9cca-6a25122d474d: start LeaderElection
2019-10-17 02:15:21,395 [b32d7882-88db-4fe6-9cca-6a25122d474d@group-896385CD49EE-LeaderElection425] INFO  impl.LeaderElection (LeaderElection.java:askForVotes(178)) - b32d7882-88db-4fe6-9cca-6a25122d474d@group-896385CD49EE-LeaderElection425: begin an election at term 390 for -1: [b32d7882-88db-4fe6-9cca-6a25122d474d:192.168.157.194:42206, 3aea292b-16fb-4e9b-be90-828afa8e8047:192.168.157.194:34569, a6b2ebfb-69a0-457c-b6cd-a50cc148b564:192.168.157.194:37298], old=null
2019-10-17 02:15:21,397 [grpc-default-executor-1] INFO  impl.RaftServerImpl (RaftServerImpl.java:setRole(184)) - 3aea292b-16fb-4e9b-be90-828afa8e8047@group-896385CD49EE: changes role from  FOLLOWER to FOLLOWER at term 390 for recognizeCandidate:b32d7882-88db-4fe6-9cca-6a25122d474d
2019-10-17 02:15:21,397 [grpc-default-executor-0] INFO  impl.RaftServerImpl (RaftServerImpl.java:setRole(184)) - a6b2ebfb-69a0-457c-b6cd-a50cc148b564@group-896385CD49EE: changes role from  FOLLOWER to FOLLOWER at term 390 for recognizeCandidate:b32d7882-88db-4fe6-9cca-6a25122d474d
2019-10-17 02:15:21,397 [grpc-default-executor-0] INFO  impl.RoleInfo (RoleInfo.java:shutdownFollowerState(121)) - a6b2ebfb-69a0-457c-b6cd-a50cc148b564: shutdown FollowerState
2019-10-17 02:15:21,397 [grpc-default-executor-1] INFO  impl.RoleInfo (RoleInfo.java:shutdownFollowerState(121)) - 3aea292b-16fb-4e9b-be90-828afa8e8047: shutdown FollowerState
2019-10-17 02:15:21,397 [grpc-default-executor-1] INFO  impl.RoleInfo (RoleInfo.java:updateAndGet(143)) - 3aea292b-16fb-4e9b-be90-828afa8e8047: start FollowerState
2019-10-17 02:15:21,397 [Thread-3719] INFO  impl.FollowerState (FollowerState.java:run(117)) - a6b2ebfb-69a0-457c-b6cd-a50cc148b564@group-896385CD49EE-FollowerState was interrupted: java.lang.InterruptedException: sleep interrupted
2019-10-17 02:15:21,397 [grpc-default-executor-0] INFO  impl.RoleInfo (RoleInfo.java:updateAndGet(143)) - a6b2ebfb-69a0-457c-b6cd-a50cc148b564: start FollowerState
2019-10-17 02:15:21,397 [Thread-3718] INFO  impl.FollowerState (FollowerState.java:run(117)) - 3aea292b-16fb-4e9b-be90-828afa8e8047@group-896385CD49EE-FollowerState was interrupted: java.lang.InterruptedException: sleep interrupted
2019-10-17 02:15:21,411 [b32d7882-88db-4fe6-9cca-6a25122d474d@group-896385CD49EE-LeaderElection425] INFO  impl.LeaderElection (LeaderElection.java:logAndReturn(56)) - b32d7882-88db-4fe6-9cca-6a25122d474d@group-896385CD49EE-LeaderElection425: Election REJECTED; received 2 response(s) [b32d7882-88db-4fe6-9cca-6a25122d474d<-3aea292b-16fb-4e9b-be90-828afa8e8047#0:FAIL-t390, b32d7882-88db-4fe6-9cca-6a25122d474d<-a6b2ebfb-69a0-457c-b6cd-a50cc148b564#0:FAIL-t390] and 0 exception(s); b32d7882-88db-4fe6-9cca-6a25122d474d@group-896385CD49EE:t390, leader=null, voted=b32d7882-88db-4fe6-9cca-6a25122d474d, raftlog=b32d7882-88db-4fe6-9cca-6a25122d474d@group-896385CD49EE-SegmentedRaftLog:OPENED:c-1,f-1,i0, conf=-1: [b32d7882-88db-4fe6-9cca-6a25122d474d:192.168.157.194:42206, 3aea292b-16fb-4e9b-be90-828afa8e8047:192.168.157.194:34569, a6b2ebfb-69a0-457c-b6cd-a50cc148b564:192.168.157.194:37298], old=null
2019-10-17 02:15:21,412 [b32d7882-88db-4fe6-9cca-6a25122d474d@group-896385CD49EE-LeaderElection425] INFO  impl.RaftServerImpl (RaftServerImpl.java:setRole(184)) - b32d7882-88db-4fe6-9cca-6a25122d474d@group-896385CD49EE: changes role from CANDIDATE to FOLLOWER at term 390 for DISCOVERED_A_NEW_TERM
2019-10-17 02:15:21,412 [b32d7882-88db-4fe6-9cca-6a25122d474d@group-896385CD49EE-LeaderElection425] INFO  impl.RoleInfo (RoleInfo.java:shutdownLeaderElection(134)) - b32d7882-88db-4fe6-9cca-6a25122d474d: shutdown LeaderElection
2019-10-17 02:15:21,412 [b32d7882-88db-4fe6-9cca-6a25122d474d@group-896385CD49EE-LeaderElection425] INFO  impl.RoleInfo (RoleInfo.java:updateAndGet(143)) - b32d7882-88db-4fe6-9cca-6a25122d474d: start FollowerState
2019-10-17 02:15:21,506 [Thread-3726] INFO  impl.FollowerState (FollowerState.java:run(108)) - b32d7882-88db-4fe6-9cca-6a25122d474d@group-896385CD49EE-FollowerState: change to CANDIDATE, lastRpcTime:94ms, electionTimeout:94ms
2019-10-17 02:15:21,507 [Thread-3726] INFO  impl.RoleInfo (RoleInfo.java:shutdownFollowerState(121)) - b32d7882-88db-4fe6-9cca-6a25122d474d: shutdown FollowerState
2019-10-17 02:15:21,507 [Thread-3726] INFO  impl.RaftServerImpl (RaftServerImpl.java:setRole(184)) - b32d7882-88db-4fe6-9cca-6a25122d474d@group-896385CD49EE: changes role from  FOLLOWER to CANDIDATE at term 390 for changeToCandidate
2019-10-17 02:15:21,507 [Thread-3726] INFO  impl.RoleInfo (RoleInfo.java:updateAndGet(143)) - b32d7882-88db-4fe6-9cca-6a25122d474d: start LeaderElection
2019-10-17 02:15:21,525 [b32d7882-88db-4fe6-9cca-6a25122d474d@group-896385CD49EE-LeaderElection426] INFO  impl.LeaderElection (LeaderElection.java:askForVotes(178)) - b32d7882-88db-4fe6-9cca-6a25122d474d@group-896385CD49EE-LeaderElection426: begin an election at term 391 for -1: [b32d7882-88db-4fe6-9cca-6a25122d474d:192.168.157.194:42206, 3aea292b-16fb-4e9b-be90-828afa8e8047:192.168.157.194:34569, a6b2ebfb-69a0-457c-b6cd-a50cc148b564:192.168.157.194:37298], old=null
2019-10-17 02:15:21,526 [grpc-default-executor-1] INFO  impl.RaftServerImpl (RaftServerImpl.java:setRole(184)) - 3aea292b-16fb-4e9b-be90-828afa8e8047@group-896385CD49EE: changes role from  FOLLOWER to FOLLOWER at term 391 for recognizeCandidate:b32d7882-88db-4fe6-9cca-6a25122d474d
2019-10-17 02:15:21,526 [grpc-default-executor-0] INFO  impl.RaftServerImpl (RaftServerImpl.java:setRole(184)) - a6b2ebfb-69a0-457c-b6cd-a50cc148b564@group-896385CD49EE: changes role from  FOLLOWER to FOLLOWER at term 391 for recognizeCandidate:b32d7882-88db-4fe6-9cca-6a25122d474d
2019-10-17 02:15:21,526 [grpc-default-executor-0] INFO  impl.RoleInfo (RoleInfo.java:shutdownFollowerState(121)) - a6b2ebfb-69a0-457c-b6cd-a50cc148b564: shutdown FollowerState
2019-10-17 02:15:21,526 [grpc-default-executor-1] INFO  impl.RoleInfo (RoleInfo.java:shutdownFollowerState(121)) - 3aea292b-16fb-4e9b-be90-828afa8e8047: shutdown FollowerState
2019-10-17 02:15:21,526 [Thread-3724] INFO  impl.FollowerState (FollowerState.java:run(117)) - a6b2ebfb-69a0-457c-b6cd-a50cc148b564@group-896385CD49EE-FollowerState was interrupted: java.lang.InterruptedException: sleep interrupted
2019-10-17 02:15:21,526 [grpc-default-executor-0] INFO  impl.RoleInfo (RoleInfo.java:updateAndGet(143)) - a6b2ebfb-69a0-457c-b6cd-a50cc148b564: start FollowerState
2019-10-17 02:15:21,526 [Thread-3725] INFO  impl.FollowerState (FollowerState.java:run(117)) - 3aea292b-16fb-4e9b-be90-828afa8e8047@group-896385CD49EE-FollowerState was interrupted: java.lang.InterruptedException: sleep interrupted
2019-10-17 02:15:21,526 [grpc-default-executor-1] INFO  impl.RoleInfo (RoleInfo.java:updateAndGet(143)) - 3aea292b-16fb-4e9b-be90-828afa8e8047: start FollowerState
2019-10-17 02:15:21,541 [b32d7882-88db-4fe6-9cca-6a25122d474d@group-896385CD49EE-LeaderElection426] INFO  impl.LeaderElection (LeaderElection.java:logAndReturn(56)) - b32d7882-88db-4fe6-9cca-6a25122d474d@group-896385CD49EE-LeaderElection426: Election REJECTED; received 2 response(s) [b32d7882-88db-4fe6-9cca-6a25122d474d<-3aea292b-16fb-4e9b-be90-828afa8e8047#0:FAIL-t391, b32d7882-88db-4fe6-9cca-6a25122d474d<-a6b2ebfb-69a0-457c-b6cd-a50cc148b564#0:FAIL-t391] and 0 exception(s); b32d7882-88db-4fe6-9cca-6a25122d474d@group-896385CD49EE:t391, leader=null, voted=b32d7882-88db-4fe6-9cca-6a25122d474d, raftlog=b32d7882-88db-4fe6-9cca-6a25122d474d@group-896385CD49EE-SegmentedRaftLog:OPENED:c-1,f-1,i0, conf=-1: [b32d7882-88db-4fe6-9cca-6a25122d474d:192.168.157.194:42206, 3aea292b-16fb-4e9b-be90-828afa8e8047:192.168.157.194:34569, a6b2ebfb-69a0-457c-b6cd-a50cc148b564:192.168.157.194:37298], old=null
2019-10-17 02:15:21,541 [b32d7882-88db-4fe6-9cca-6a25122d474d@group-896385CD49EE-LeaderElection426] INFO  impl.RaftServerImpl (RaftServerImpl.java:setRole(184)) - b32d7882-88db-4fe6-9cca-6a25122d474d@group-896385CD49EE: changes role from CANDIDATE to FOLLOWER at term 391 for DISCOVERED_A_NEW_TERM
2019-10-17 02:15:21,541 [b32d7882-88db-4fe6-9cca-6a25122d474d@group-896385CD49EE-LeaderElection426] INFO  impl.RoleInfo (RoleInfo.java:shutdownLeaderElection(134)) - b32d7882-88db-4fe6-9cca-6a25122d474d: shutdown LeaderElection
2019-10-17 02:15:21,541 [b32d7882-88db-4fe6-9cca-6a25122d474d@group-896385CD49EE-LeaderElection426] INFO  impl.RoleInfo (RoleInfo.java:updateAndGet(143)) - b32d7882-88db-4fe6-9cca-6a25122d474d: start FollowerState
2019-10-17 02:15:21,688 [Thread-3732] INFO  impl.FollowerState (FollowerState.java:run(108)) - b32d7882-88db-4fe6-9cca-6a25122d474d@group-896385CD49EE-FollowerState: change to CANDIDATE, lastRpcTime:147ms, electionTimeout:147ms
2019-10-17 02:15:21,689 [Thread-3732] INFO  impl.RoleInfo (RoleInfo.java:shutdownFollowerState(121)) - b32d7882-88db-4fe6-9cca-6a25122d474d: shutdown FollowerState
2019-10-17 02:15:21,689 [Thread-3732] INFO  impl.RaftServerImpl (RaftServerImpl.java:setRole(184)) - b32d7882-88db-4fe6-9cca-6a25122d474d@group-896385CD49EE: changes role from  FOLLOWER to CANDIDATE at term 391 for changeToCandidate
2019-10-17 02:15:21,689 [Thread-3732] INFO  impl.RoleInfo (RoleInfo.java:updateAndGet(143)) - b32d7882-88db-4fe6-9cca-6a25122d474d: start LeaderElection
2019-10-17 02:15:21,702 [b32d7882-88db-4fe6-9cca-6a25122d474d@group-896385CD49EE-LeaderElection427] INFO  impl.LeaderElection (LeaderElection.java:askForVotes(178)) - b32d7882-88db-4fe6-9cca-6a25122d474d@group-896385CD49EE-LeaderElection427: begin an election at term 392 for -1: [b32d7882-88db-4fe6-9cca-6a25122d474d:192.168.157.194:42206, 3aea292b-16fb-4e9b-be90-828afa8e8047:192.168.157.194:34569, a6b2ebfb-69a0-457c-b6cd-a50cc148b564:192.168.157.194:37298], old=null
2019-10-17 02:15:21,703 [grpc-default-executor-1] INFO  impl.RaftServerImpl (RaftServerImpl.java:setRole(184)) - 3aea292b-16fb-4e9b-be90-828afa8e8047@group-896385CD49EE: changes role from  FOLLOWER to FOLLOWER at term 392 for recognizeCandidate:b32d7882-88db-4fe6-9cca-6a25122d474d
2019-10-17 02:15:21,703 [grpc-default-executor-0] INFO  impl.RaftServerImpl (RaftServerImpl.java:setRole(184)) - a6b2ebfb-69a0-457c-b6cd-a50cc148b564@group-896385CD49EE: changes role from  FOLLOWER to FOLLOWER at term 392 for recognizeCandidate:b32d7882-88db-4fe6-9cca-6a25122d474d
2019-10-17 02:15:21,704 [grpc-default-executor-1] INFO  impl.RoleInfo (RoleInfo.java:shutdownFollowerState(121)) - 3aea292b-16fb-4e9b-be90-828afa8e8047: shutdown FollowerState
2019-10-17 02:15:21,704 [grpc-default-executor-0] INFO  impl.RoleInfo (RoleInfo.java:shutdownFollowerState(121)) - a6b2ebfb-69a0-457c-b6cd-a50cc148b564: shutdown FollowerState
2019-10-17 02:15:21,704 [grpc-default-executor-0] INFO  impl.RoleInfo (RoleInfo.java:updateAndGet(143)) - a6b2ebfb-69a0-457c-b6cd-a50cc148b564: start FollowerState
2019-10-17 02:15:21,704 [Thread-3731] INFO  impl.FollowerState (FollowerState.java:run(117)) - 3aea292b-16fb-4e9b-be90-828afa8e8047@group-896385CD49EE-FollowerState was interrupted: java.lang.InterruptedException: sleep interrupted
2019-10-17 02:15:21,704 [grpc-default-executor-1] INFO  impl.RoleInfo (RoleInfo.java:updateAndGet(143)) - 3aea292b-16fb-4e9b-be90-828afa8e8047: start FollowerState
2019-10-17 02:15:21,704 [Thread-3730] INFO  impl.FollowerState (FollowerState.java:run(117)) - a6b2ebfb-69a0-457c-b6cd-a50cc148b564@group-896385CD49EE-FollowerState was interrupted: java.lang.InterruptedException: sleep interrupted
2019-10-17 02:15:21,718 [b32d7882-88db-4fe6-9cca-6a25122d474d@group-896385CD49EE-LeaderElection427] INFO  impl.LeaderElection (LeaderElection.java:logAndReturn(56)) - b32d7882-88db-4fe6-9cca-6a25122d474d@group-896385CD49EE-LeaderElection427: Election REJECTED; received 2 response(s) [b32d7882-88db-4fe6-9cca-6a25122d474d<-3aea292b-16fb-4e9b-be90-828afa8e8047#0:FAIL-t392, b32d7882-88db-4fe6-9cca-6a25122d474d<-a6b2ebfb-69a0-457c-b6cd-a50cc148b564#0:FAIL-t392] and 0 exception(s); b32d7882-88db-4fe6-9cca-6a25122d474d@group-896385CD49EE:t392, leader=null, voted=b32d7882-88db-4fe6-9cca-6a25122d474d, raftlog=b32d7882-88db-4fe6-9cca-6a25122d474d@group-896385CD49EE-SegmentedRaftLog:OPENED:c-1,f-1,i0, conf=-1: [b32d7882-88db-4fe6-9cca-6a25122d474d:192.168.157.194:42206, 3aea292b-16fb-4e9b-be90-828afa8e8047:192.168.157.194:34569, a6b2ebfb-69a0-457c-b6cd-a50cc148b564:192.168.157.194:37298], old=null
2019-10-17 02:15:21,718 [b32d7882-88db-4fe6-9cca-6a25122d474d@group-896385CD49EE-LeaderElection427] INFO  impl.RaftServerImpl (RaftServerImpl.java:setRole(184)) - b32d7882-88db-4fe6-9cca-6a25122d474d@group-896385CD49EE: changes role from CANDIDATE to FOLLOWER at term 392 for DISCOVERED_A_NEW_TERM
2019-10-17 02:15:21,718 [b32d7882-88db-4fe6-9cca-6a25122d474d@group-896385CD49EE-LeaderElection427] INFO  impl.RoleInfo (RoleInfo.java:shutdownLeaderElection(134)) - b32d7882-88db-4fe6-9cca-6a25122d474d: shutdown LeaderElection
2019-10-17 02:15:21,718 [b32d7882-88db-4fe6-9cca-6a25122d474d@group-896385CD49EE-LeaderElection427] INFO  impl.RoleInfo (RoleInfo.java:updateAndGet(143)) - b32d7882-88db-4fe6-9cca-6a25122d474d: start FollowerState
2019-10-17 02:15:21,761 [Thread-3738] INFO  impl.FollowerState (FollowerState.java:run(108)) - b32d7882-88db-4fe6-9cca-6a25122d474d@group-896385CD49EE-FollowerState: change to CANDIDATE, lastRpcTime:42ms, electionTimeout:42ms
2019-10-17 02:15:21,761 [Thread-3738] INFO  impl.RoleInfo (RoleInfo.java:shutdownFollowerState(121)) - b32d7882-88db-4fe6-9cca-6a25122d474d: shutdown FollowerState
2019-10-17 02:15:21,761 [Thread-3738] INFO  impl.RaftServerImpl (RaftServerImpl.java:setRole(184)) - b32d7882-88db-4fe6-9cca-6a25122d474d@group-896385CD49EE: changes role from  FOLLOWER to CANDIDATE at term 392 for changeToCandidate
2019-10-17 02:15:21,761 [Thread-3738] INFO  impl.RoleInfo (RoleInfo.java:updateAndGet(143)) - b32d7882-88db-4fe6-9cca-6a25122d474d: start LeaderElection
2019-10-17 02:15:21,774 [b32d7882-88db-4fe6-9cca-6a25122d474d@group-896385CD49EE-LeaderElection428] INFO  impl.LeaderElection (LeaderElection.java:askForVotes(178)) - b32d7882-88db-4fe6-9cca-6a25122d474d@group-896385CD49EE-LeaderElection428: begin an election at term 393 for -1: [b32d7882-88db-4fe6-9cca-6a25122d474d:192.168.157.194:42206, 3aea292b-16fb-4e9b-be90-828afa8e8047:192.168.157.194:34569, a6b2ebfb-69a0-457c-b6cd-a50cc148b564:192.168.157.194:37298], old=null
2019-10-17 02:15:21,775 [grpc-default-executor-1] INFO  impl.RaftServerImpl (RaftServerImpl.java:setRole(184)) - 3aea292b-16fb-4e9b-be90-828afa8e8047@group-896385CD49EE: changes role from  FOLLOWER to FOLLOWER at term 393 for recognizeCandidate:b32d7882-88db-4fe6-9cca-6a25122d474d
2019-10-17 02:15:21,775 [grpc-default-executor-0] INFO  impl.RaftServerImpl (RaftServerImpl.java:setRole(184)) - a6b2ebfb-69a0-457c-b6cd-a50cc148b564@group-896385CD49EE: changes role from  FOLLOWER to FOLLOWER at term 393 for recognizeCandidate:b32d7882-88db-4fe6-9cca-6a25122d474d
2019-10-17 02:15:21,775 [grpc-default-executor-0] INFO  impl.RoleInfo (RoleInfo.java:shutdownFollowerState(121)) - a6b2ebfb-69a0-457c-b6cd-a50cc148b564: shutdown FollowerState
2019-10-17 02:15:21,775 [grpc-default-executor-1] INFO  impl.RoleInfo (RoleInfo.java:shutdownFollowerState(121)) - 3aea292b-16fb-4e9b-be90-828afa8e8047: shutdown FollowerState
2019-10-17 02:15:21,775 [Thread-3737] INFO  impl.FollowerState (FollowerState.java:run(117)) - a6b2ebfb-69a0-457c-b6cd-a50cc148b564@group-896385CD49EE-FollowerState was interrupted: java.lang.InterruptedException: sleep interrupted
2019-10-17 02:15:21,775 [grpc-default-executor-0] INFO  impl.RoleInfo (RoleInfo.java:updateAndGet(143)) - a6b2ebfb-69a0-457c-b6cd-a50cc148b564: start FollowerState
2019-10-17 02:15:21,775 [grpc-default-executor-1] INFO  impl.RoleInfo (RoleInfo.java:updateAndGet(143)) - 3aea292b-16fb-4e9b-be90-828afa8e8047: start FollowerState
2019-10-17 02:15:21,775 [Thread-3736] INFO  impl.FollowerState (FollowerState.java:run(117)) - 3aea292b-16fb-4e9b-be90-828afa8e8047@group-896385CD49EE-FollowerState was interrupted: java.lang.InterruptedException: sleep interrupted
2019-10-17 02:15:21,794 [b32d7882-88db-4fe6-9cca-6a25122d474d@group-896385CD49EE-LeaderElection428] INFO  impl.LeaderElection (LeaderElection.java:logAndReturn(56)) - b32d7882-88db-4fe6-9cca-6a25122d474d@group-896385CD49EE-LeaderElection428: Election REJECTED; received 2 response(s) [b32d7882-88db-4fe6-9cca-6a25122d474d<-3aea292b-16fb-4e9b-be90-828afa8e8047#0:FAIL-t393, b32d7882-88db-4fe6-9cca-6a25122d474d<-a6b2ebfb-69a0-457c-b6cd-a50cc148b564#0:FAIL-t393] and 0 exception(s); b32d7882-88db-4fe6-9cca-6a25122d474d@group-896385CD49EE:t393, leader=null, voted=b32d7882-88db-4fe6-9cca-6a25122d474d, raftlog=b32d7882-88db-4fe6-9cca-6a25122d474d@group-896385CD49EE-SegmentedRaftLog:OPENED:c-1,f-1,i0, conf=-1: [b32d7882-88db-4fe6-9cca-6a25122d474d:192.168.157.194:42206, 3aea292b-16fb-4e9b-be90-828afa8e8047:192.168.157.194:34569, a6b2ebfb-69a0-457c-b6cd-a50cc148b564:192.168.157.194:37298], old=null
2019-10-17 02:15:21,795 [b32d7882-88db-4fe6-9cca-6a25122d474d@group-896385CD49EE-LeaderElection428] INFO  impl.RaftServerImpl (RaftServerImpl.java:setRole(184)) - b32d7882-88db-4fe6-9cca-6a25122d474d@group-896385CD49EE: changes role from CANDIDATE to FOLLOWER at term 393 for DISCOVERED_A_NEW_TERM
2019-10-17 02:15:21,795 [b32d7882-88db-4fe6-9cca-6a25122d474d@group-896385CD49EE-LeaderElection428] INFO  impl.RoleInfo (RoleInfo.java:shutdownLeaderElection(134)) - b32d7882-88db-4fe6-9cca-6a25122d474d: shutdown LeaderElection
2019-10-17 02:15:21,795 [b32d7882-88db-4fe6-9cca-6a25122d474d@group-896385CD49EE-LeaderElection428] INFO  impl.RoleInfo (RoleInfo.java:updateAndGet(143)) - b32d7882-88db-4fe6-9cca-6a25122d474d: start FollowerState
2019-10-17 02:15:21,851 [Thread-3744] INFO  impl.FollowerState (FollowerState.java:run(108)) - b32d7882-88db-4fe6-9cca-6a25122d474d@group-896385CD49EE-FollowerState: change to CANDIDATE, lastRpcTime:56ms, electionTimeout:56ms
2019-10-17 02:15:21,851 [Thread-3744] INFO  impl.RoleInfo (RoleInfo.java:shutdownFollowerState(121)) - b32d7882-88db-4fe6-9cca-6a25122d474d: shutdown FollowerState
2019-10-17 02:15:21,851 [Thread-3744] INFO  impl.RaftServerImpl (RaftServerImpl.java:setRole(184)) - b32d7882-88db-4fe6-9cca-6a25122d474d@group-896385CD49EE: changes role from  FOLLOWER to CANDIDATE at term 393 for changeToCandidate
2019-10-17 02:15:21,851 [Thread-3744] INFO  impl.RoleInfo (RoleInfo.java:updateAndGet(143)) - b32d7882-88db-4fe6-9cca-6a25122d474d: start LeaderElection
2019-10-17 02:15:21,865 [b32d7882-88db-4fe6-9cca-6a25122d474d@group-896385CD49EE-LeaderElection429] INFO  impl.LeaderElection (LeaderElection.java:askForVotes(178)) - b32d7882-88db-4fe6-9cca-6a25122d474d@group-896385CD49EE-LeaderElection429: begin an election at term 394 for -1: [b32d7882-88db-4fe6-9cca-6a25122d474d:192.168.157.194:42206, 3aea292b-16fb-4e9b-be90-828afa8e8047:192.168.157.194:34569, a6b2ebfb-69a0-457c-b6cd-a50cc148b564:192.168.157.194:37298], old=null
2019-10-17 02:15:21,866 [grpc-default-executor-1] INFO  impl.RaftServerImpl (RaftServerImpl.java:setRole(184)) - 3aea292b-16fb-4e9b-be90-828afa8e8047@group-896385CD49EE: changes role from  FOLLOWER to FOLLOWER at term 394 for recognizeCandidate:b32d7882-88db-4fe6-9cca-6a25122d474d
2019-10-17 02:15:21,866 [grpc-default-executor-1] INFO  impl.RoleInfo (RoleInfo.java:shutdownFollowerState(121)) - 3aea292b-16fb-4e9b-be90-828afa8e8047: shutdown FollowerState
2019-10-17 02:15:21,866 [grpc-default-executor-0] INFO  impl.RaftServerImpl (RaftServerImpl.java:setRole(184)) - a6b2ebfb-69a0-457c-b6cd-a50cc148b564@group-896385CD49EE: changes role from  FOLLOWER to FOLLOWER at term 394 for recognizeCandidate:b32d7882-88db-4fe6-9cca-6a25122d474d
2019-10-17 02:15:21,866 [grpc-default-executor-0] INFO  impl.RoleInfo (RoleInfo.java:shutdownFollowerState(121)) - a6b2ebfb-69a0-457c-b6cd-a50cc148b564: shutdown FollowerState
2019-10-17 02:15:21,866 [Thread-3743] INFO  impl.FollowerState (FollowerState.java:run(117)) - 3aea292b-16fb-4e9b-be90-828afa8e8047@group-896385CD49EE-FollowerState was interrupted: java.lang.InterruptedException: sleep interrupted
2019-10-17 02:15:21,866 [grpc-default-executor-1] INFO  impl.RoleInfo (RoleInfo.java:updateAndGet(143)) - 3aea292b-16fb-4e9b-be90-828afa8e8047: start FollowerState
2019-10-17 02:15:21,866 [Thread-3742] INFO  impl.FollowerState (FollowerState.java:run(117)) - a6b2ebfb-69a0-457c-b6cd-a50cc148b564@group-896385CD49EE-FollowerState was interrupted: java.lang.InterruptedException: sleep interrupted
2019-10-17 02:15:21,866 [grpc-default-executor-0] INFO  impl.RoleInfo (RoleInfo.java:updateAndGet(143)) - a6b2ebfb-69a0-457c-b6cd-a50cc148b564: start FollowerState
2019-10-17 02:15:21,880 [b32d7882-88db-4fe6-9cca-6a25122d474d@group-896385CD49EE-LeaderElection429] INFO  impl.LeaderElection (LeaderElection.java:logAndReturn(56)) - b32d7882-88db-4fe6-9cca-6a25122d474d@group-896385CD49EE-LeaderElection429: Election REJECTED; received 2 response(s) [b32d7882-88db-4fe6-9cca-6a25122d474d<-3aea292b-16fb-4e9b-be90-828afa8e8047#0:FAIL-t394, b32d7882-88db-4fe6-9cca-6a25122d474d<-a6b2ebfb-69a0-457c-b6cd-a50cc148b564#0:FAIL-t394] and 0 exception(s); b32d7882-88db-4fe6-9cca-6a25122d474d@group-896385CD49EE:t394, leader=null, voted=b32d7882-88db-4fe6-9cca-6a25122d474d, raftlog=b32d7882-88db-4fe6-9cca-6a25122d474d@group-896385CD49EE-SegmentedRaftLog:OPENED:c-1,f-1,i0, conf=-1: [b32d7882-88db-4fe6-9cca-6a25122d474d:192.168.157.194:42206, 3aea292b-16fb-4e9b-be90-828afa8e8047:192.168.157.194:34569, a6b2ebfb-69a0-457c-b6cd-a50cc148b564:192.168.157.194:37298], old=null
2019-10-17 02:15:21,880 [b32d7882-88db-4fe6-9cca-6a25122d474d@group-896385CD49EE-LeaderElection429] INFO  impl.RaftServerImpl (RaftServerImpl.java:setRole(184)) - b32d7882-88db-4fe6-9cca-6a25122d474d@group-896385CD49EE: changes role from CANDIDATE to FOLLOWER at term 394 for DISCOVERED_A_NEW_TERM
2019-10-17 02:15:21,881 [b32d7882-88db-4fe6-9cca-6a25122d474d@group-896385CD49EE-LeaderElection429] INFO  impl.RoleInfo (RoleInfo.java:shutdownLeaderElection(134)) - b32d7882-88db-4fe6-9cca-6a25122d474d: shutdown LeaderElection
2019-10-17 02:15:21,881 [b32d7882-88db-4fe6-9cca-6a25122d474d@group-896385CD49EE-LeaderElection429] INFO  impl.RoleInfo (RoleInfo.java:updateAndGet(143)) - b32d7882-88db-4fe6-9cca-6a25122d474d: start FollowerState
2019-10-17 02:15:21,996 [Thread-3750] INFO  impl.FollowerState (FollowerState.java:run(108)) - b32d7882-88db-4fe6-9cca-6a25122d474d@group-896385CD49EE-FollowerState: change to CANDIDATE, lastRpcTime:115ms, electionTimeout:115ms
2019-10-17 02:15:21,996 [Thread-3750] INFO  impl.RoleInfo (RoleInfo.java:shutdownFollowerState(121)) - b32d7882-88db-4fe6-9cca-6a25122d474d: shutdown FollowerState
2019-10-17 02:15:21,996 [Thread-3750] INFO  impl.RaftServerImpl (RaftServerImpl.java:setRole(184)) - b32d7882-88db-4fe6-9cca-6a25122d474d@group-896385CD49EE: changes role from  FOLLOWER to CANDIDATE at term 394 for changeToCandidate
2019-10-17 02:15:21,996 [Thread-3750] INFO  impl.RoleInfo (RoleInfo.java:updateAndGet(143)) - b32d7882-88db-4fe6-9cca-6a25122d474d: start LeaderElection
2019-10-17 02:15:22,010 [b32d7882-88db-4fe6-9cca-6a25122d474d@group-896385CD49EE-LeaderElection430] INFO  impl.LeaderElection (LeaderElection.java:askForVotes(178)) - b32d7882-88db-4fe6-9cca-6a25122d474d@group-896385CD49EE-LeaderElection430: begin an election at term 395 for -1: [b32d7882-88db-4fe6-9cca-6a25122d474d:192.168.157.194:42206, 3aea292b-16fb-4e9b-be90-828afa8e8047:192.168.157.194:34569, a6b2ebfb-69a0-457c-b6cd-a50cc148b564:192.168.157.194:37298], old=null
2019-10-17 02:15:22,012 [grpc-default-executor-0] INFO  impl.RaftServerImpl (RaftServerImpl.java:setRole(184)) - a6b2ebfb-69a0-457c-b6cd-a50cc148b564@group-896385CD49EE: changes role from  FOLLOWER to FOLLOWER at term 395 for recognizeCandidate:b32d7882-88db-4fe6-9cca-6a25122d474d
2019-10-17 02:15:22,012 [grpc-default-executor-0] INFO  impl.RoleInfo (RoleInfo.java:shutdownFollowerState(121)) - a6b2ebfb-69a0-457c-b6cd-a50cc148b564: shutdown FollowerState
2019-10-17 02:15:22,012 [grpc-default-executor-1] INFO  impl.RaftServerImpl (RaftServerImpl.java:setRole(184)) - 3aea292b-16fb-4e9b-be90-828afa8e8047@group-896385CD49EE: changes role from  FOLLOWER to FOLLOWER at term 395 for recognizeCandidate:b32d7882-88db-4fe6-9cca-6a25122d474d
2019-10-17 02:15:22,012 [grpc-default-executor-1] INFO  impl.RoleInfo (RoleInfo.java:shutdownFollowerState(121)) - 3aea292b-16fb-4e9b-be90-828afa8e8047: shutdown FollowerState
2019-10-17 02:15:22,012 [grpc-default-executor-0] INFO  impl.RoleInfo (RoleInfo.java:updateAndGet(143)) - a6b2ebfb-69a0-457c-b6cd-a50cc148b564: start FollowerState
2019-10-17 02:15:22,012 [Thread-3748] INFO  impl.FollowerState (FollowerState.java:run(117)) - 3aea292b-16fb-4e9b-be90-828afa8e8047@group-896385CD49EE-FollowerState was interrupted: java.lang.InterruptedException: sleep interrupted
2019-10-17 02:15:22,012 [grpc-default-executor-1] INFO  impl.RoleInfo (RoleInfo.java:updateAndGet(143)) - 3aea292b-16fb-4e9b-be90-828afa8e8047: start FollowerState
2019-10-17 02:15:22,016 [Thread-3749] INFO  impl.FollowerState (FollowerState.java:run(117)) - a6b2ebfb-69a0-457c-b6cd-a50cc148b564@group-896385CD49EE-FollowerState was interrupted: java.lang.InterruptedException: sleep interrupted
2019-10-17 02:15:22,026 [b32d7882-88db-4fe6-9cca-6a25122d474d@group-896385CD49EE-LeaderElection430] INFO  impl.LeaderElection (LeaderElection.java:logAndReturn(56)) - b32d7882-88db-4fe6-9cca-6a25122d474d@group-896385CD49EE-LeaderElection430: Election REJECTED; received 2 response(s) [b32d7882-88db-4fe6-9cca-6a25122d474d<-3aea292b-16fb-4e9b-be90-828afa8e8047#0:FAIL-t395, b32d7882-88db-4fe6-9cca-6a25122d474d<-a6b2ebfb-69a0-457c-b6cd-a50cc148b564#0:FAIL-t395] and 0 exception(s); b32d7882-88db-4fe6-9cca-6a25122d474d@group-896385CD49EE:t395, leader=null, voted=b32d7882-88db-4fe6-9cca-6a25122d474d, raftlog=b32d7882-88db-4fe6-9cca-6a25122d474d@group-896385CD49EE-SegmentedRaftLog:OPENED:c-1,f-1,i0, conf=-1: [b32d7882-88db-4fe6-9cca-6a25122d474d:192.168.157.194:42206, 3aea292b-16fb-4e9b-be90-828afa8e8047:192.168.157.194:34569, a6b2ebfb-69a0-457c-b6cd-a50cc148b564:192.168.157.194:37298], old=null
2019-10-17 02:15:22,026 [b32d7882-88db-4fe6-9cca-6a25122d474d@group-896385CD49EE-LeaderElection430] INFO  impl.RaftServerImpl (RaftServerImpl.java:setRole(184)) - b32d7882-88db-4fe6-9cca-6a25122d474d@group-896385CD49EE: changes role from CANDIDATE to FOLLOWER at term 395 for DISCOVERED_A_NEW_TERM
2019-10-17 02:15:22,026 [b32d7882-88db-4fe6-9cca-6a25122d474d@group-896385CD49EE-LeaderElection430] INFO  impl.RoleInfo (RoleInfo.java:shutdownLeaderElection(134)) - b32d7882-88db-4fe6-9cca-6a25122d474d: shutdown LeaderElection
2019-10-17 02:15:22,027 [b32d7882-88db-4fe6-9cca-6a25122d474d@group-896385CD49EE-LeaderElection430] INFO  impl.RoleInfo (RoleInfo.java:updateAndGet(143)) - b32d7882-88db-4fe6-9cca-6a25122d474d: start FollowerState
2019-10-17 02:15:22,101 [Thread-3756] INFO  impl.FollowerState (FollowerState.java:run(108)) - b32d7882-88db-4fe6-9cca-6a25122d474d@group-896385CD49EE-FollowerState: change to CANDIDATE, lastRpcTime:74ms, electionTimeout:74ms
2019-10-17 02:15:22,101 [Thread-3756] INFO  impl.RoleInfo (RoleInfo.java:shutdownFollowerState(121)) - b32d7882-88db-4fe6-9cca-6a25122d474d: shutdown FollowerState
2019-10-17 02:15:22,101 [Thread-3756] INFO  impl.RaftServerImpl (RaftServerImpl.java:setRole(184)) - b32d7882-88db-4fe6-9cca-6a25122d474d@group-896385CD49EE: changes role from  FOLLOWER to CANDIDATE at term 395 for changeToCandidate
2019-10-17 02:15:22,101 [Thread-3756] INFO  impl.RoleInfo (RoleInfo.java:updateAndGet(143)) - b32d7882-88db-4fe6-9cca-6a25122d474d: start LeaderElection
2019-10-17 02:15:22,116 [b32d7882-88db-4fe6-9cca-6a25122d474d@group-896385CD49EE-LeaderElection431] INFO  impl.LeaderElection (LeaderElection.java:askForVotes(178)) - b32d7882-88db-4fe6-9cca-6a25122d474d@group-896385CD49EE-LeaderElection431: begin an election at term 396 for -1: [b32d7882-88db-4fe6-9cca-6a25122d474d:192.168.157.194:42206, 3aea292b-16fb-4e9b-be90-828afa8e8047:192.168.157.194:34569, a6b2ebfb-69a0-457c-b6cd-a50cc148b564:192.168.157.194:37298], old=null
2019-10-17 02:15:22,116 [grpc-default-executor-1] INFO  impl.RaftServerImpl (RaftServerImpl.java:setRole(184)) - 3aea292b-16fb-4e9b-be90-828afa8e8047@group-896385CD49EE: changes role from  FOLLOWER to FOLLOWER at term 396 for recognizeCandidate:b32d7882-88db-4fe6-9cca-6a25122d474d
2019-10-17 02:15:22,117 [grpc-default-executor-1] INFO  impl.RoleInfo (RoleInfo.java:shutdownFollowerState(121)) - 3aea292b-16fb-4e9b-be90-828afa8e8047: shutdown FollowerState
2019-10-17 02:15:22,117 [grpc-default-executor-0] INFO  impl.RaftServerImpl (RaftServerImpl.java:setRole(184)) - a6b2ebfb-69a0-457c-b6cd-a50cc148b564@group-896385CD49EE: changes role from  FOLLOWER to FOLLOWER at term 396 for recognizeCandidate:b32d7882-88db-4fe6-9cca-6a25122d474d
2019-10-17 02:15:22,117 [Thread-3755] INFO  impl.FollowerState (FollowerState.java:run(117)) - 3aea292b-16fb-4e9b-be90-828afa8e8047@group-896385CD49EE-FollowerState was interrupted: java.lang.InterruptedException: sleep interrupted
2019-10-17 02:15:22,117 [grpc-default-executor-1] INFO  impl.RoleInfo (RoleInfo.java:updateAndGet(143)) - 3aea292b-16fb-4e9b-be90-828afa8e8047: start FollowerState
2019-10-17 02:15:22,117 [grpc-default-executor-0] INFO  impl.RoleInfo (RoleInfo.java:shutdownFollowerState(121)) - a6b2ebfb-69a0-457c-b6cd-a50cc148b564: shutdown FollowerState
2019-10-17 02:15:22,117 [grpc-default-executor-0] INFO  impl.RoleInfo (RoleInfo.java:updateAndGet(143)) - a6b2ebfb-69a0-457c-b6cd-a50cc148b564: start FollowerState
2019-10-17 02:15:22,117 [Thread-3754] INFO  impl.FollowerState (FollowerState.java:run(117)) - a6b2ebfb-69a0-457c-b6cd-a50cc148b564@group-896385CD49EE-FollowerState was interrupted: java.lang.InterruptedException: sleep interrupted
2019-10-17 02:15:22,131 [b32d7882-88db-4fe6-9cca-6a25122d474d@group-896385CD49EE-LeaderElection431] INFO  impl.LeaderElection (LeaderElection.java:logAndReturn(56)) - b32d7882-88db-4fe6-9cca-6a25122d474d@group-896385CD49EE-LeaderElection431: Election REJECTED; received 2 response(s) [b32d7882-88db-4fe6-9cca-6a25122d474d<-3aea292b-16fb-4e9b-be90-828afa8e8047#0:FAIL-t396, b32d7882-88db-4fe6-9cca-6a25122d474d<-a6b2ebfb-69a0-457c-b6cd-a50cc148b564#0:FAIL-t396] and 0 exception(s); b32d7882-88db-4fe6-9cca-6a25122d474d@group-896385CD49EE:t396, leader=null, voted=b32d7882-88db-4fe6-9cca-6a25122d474d, raftlog=b32d7882-88db-4fe6-9cca-6a25122d474d@group-896385CD49EE-SegmentedRaftLog:OPENED:c-1,f-1,i0, conf=-1: [b32d7882-88db-4fe6-9cca-6a25122d474d:192.168.157.194:42206, 3aea292b-16fb-4e9b-be90-828afa8e8047:192.168.157.194:34569, a6b2ebfb-69a0-457c-b6cd-a50cc148b564:192.168.157.194:37298], old=null
2019-10-17 02:15:22,131 [b32d7882-88db-4fe6-9cca-6a25122d474d@group-896385CD49EE-LeaderElection431] INFO  impl.RaftServerImpl (RaftServerImpl.java:setRole(184)) - b32d7882-88db-4fe6-9cca-6a25122d474d@group-896385CD49EE: changes role from CANDIDATE to FOLLOWER at term 396 for DISCOVERED_A_NEW_TERM
2019-10-17 02:15:22,131 [b32d7882-88db-4fe6-9cca-6a25122d474d@group-896385CD49EE-LeaderElection431] INFO  impl.RoleInfo (RoleInfo.java:shutdownLeaderElection(134)) - b32d7882-88db-4fe6-9cca-6a25122d474d: shutdown LeaderElection
2019-10-17 02:15:22,131 [b32d7882-88db-4fe6-9cca-6a25122d474d@group-896385CD49EE-LeaderElection431] INFO  impl.RoleInfo (RoleInfo.java:updateAndGet(143)) - b32d7882-88db-4fe6-9cca-6a25122d474d: start FollowerState
2019-10-17 02:15:22,185 [main] INFO  ozone.MiniOzoneClusterImpl (MiniOzoneClusterImpl.java:lambda$waitForClusterToBeReady$2(164)) - Waiting for 1 number of pipelines out of 4, to report a leader.
2019-10-17 02:15:22,276 [Thread-3762] INFO  impl.FollowerState (FollowerState.java:run(108)) - b32d7882-88db-4fe6-9cca-6a25122d474d@group-896385CD49EE-FollowerState: change to CANDIDATE, lastRpcTime:144ms, electionTimeout:144ms
2019-10-17 02:15:22,276 [Thread-3762] INFO  impl.RoleInfo (RoleInfo.java:shutdownFollowerState(121)) - b32d7882-88db-4fe6-9cca-6a25122d474d: shutdown FollowerState
2019-10-17 02:15:22,276 [Thread-3762] INFO  impl.RaftServerImpl (RaftServerImpl.java:setRole(184)) - b32d7882-88db-4fe6-9cca-6a25122d474d@group-896385CD49EE: changes role from  FOLLOWER to CANDIDATE at term 396 for changeToCandidate
2019-10-17 02:15:22,276 [Thread-3762] INFO  impl.RoleInfo (RoleInfo.java:updateAndGet(143)) - b32d7882-88db-4fe6-9cca-6a25122d474d: start LeaderElection
2019-10-17 02:15:22,289 [b32d7882-88db-4fe6-9cca-6a25122d474d@group-896385CD49EE-LeaderElection432] INFO  impl.LeaderElection (LeaderElection.java:askForVotes(178)) - b32d7882-88db-4fe6-9cca-6a25122d474d@group-896385CD49EE-LeaderElection432: begin an election at term 397 for -1: [b32d7882-88db-4fe6-9cca-6a25122d474d:192.168.157.194:42206, 3aea292b-16fb-4e9b-be90-828afa8e8047:192.168.157.194:34569, a6b2ebfb-69a0-457c-b6cd-a50cc148b564:192.168.157.194:37298], old=null
2019-10-17 02:15:22,290 [grpc-default-executor-1] INFO  impl.RaftServerImpl (RaftServerImpl.java:setRole(184)) - a6b2ebfb-69a0-457c-b6cd-a50cc148b564@group-896385CD49EE: changes role from  FOLLOWER to FOLLOWER at term 397 for recognizeCandidate:b32d7882-88db-4fe6-9cca-6a25122d474d
2019-10-17 02:15:22,291 [grpc-default-executor-1] INFO  impl.RoleInfo (RoleInfo.java:shutdownFollowerState(121)) - a6b2ebfb-69a0-457c-b6cd-a50cc148b564: shutdown FollowerState
2019-10-17 02:15:22,291 [grpc-default-executor-1] INFO  impl.RoleInfo (RoleInfo.java:updateAndGet(143)) - a6b2ebfb-69a0-457c-b6cd-a50cc148b564: start FollowerState
2019-10-17 02:15:22,291 [Thread-3761] INFO  impl.FollowerState (FollowerState.java:run(117)) - a6b2ebfb-69a0-457c-b6cd-a50cc148b564@group-896385CD49EE-FollowerState was interrupted: java.lang.InterruptedException: sleep interrupted
2019-10-17 02:15:22,291 [grpc-default-executor-0] INFO  impl.RaftServerImpl (RaftServerImpl.java:setRole(184)) - 3aea292b-16fb-4e9b-be90-828afa8e8047@group-896385CD49EE: changes role from  FOLLOWER to FOLLOWER at term 397 for recognizeCandidate:b32d7882-88db-4fe6-9cca-6a25122d474d
2019-10-17 02:15:22,291 [grpc-default-executor-0] INFO  impl.RoleInfo (RoleInfo.java:shutdownFollowerState(121)) - 3aea292b-16fb-4e9b-be90-828afa8e8047: shutdown FollowerState
2019-10-17 02:15:22,291 [grpc-default-executor-0] INFO  impl.RoleInfo (RoleInfo.java:updateAndGet(143)) - 3aea292b-16fb-4e9b-be90-828afa8e8047: start FollowerState
2019-10-17 02:15:22,291 [Thread-3760] INFO  impl.FollowerState (FollowerState.java:run(117)) - 3aea292b-16fb-4e9b-be90-828afa8e8047@group-896385CD49EE-FollowerState was interrupted: java.lang.InterruptedException: sleep interrupted
2019-10-17 02:15:22,313 [b32d7882-88db-4fe6-9cca-6a25122d474d@group-896385CD49EE-LeaderElection432] INFO  impl.LeaderElection (LeaderElection.java:logAndReturn(56)) - b32d7882-88db-4fe6-9cca-6a25122d474d@group-896385CD49EE-LeaderElection432: Election TIMEOUT; received 0 response(s) [] and 0 exception(s); b32d7882-88db-4fe6-9cca-6a25122d474d@group-896385CD49EE:t397, leader=null, voted=b32d7882-88db-4fe6-9cca-6a25122d474d, raftlog=b32d7882-88db-4fe6-9cca-6a25122d474d@group-896385CD49EE-SegmentedRaftLog:OPENED:c-1,f-1,i0, conf=-1: [b32d7882-88db-4fe6-9cca-6a25122d474d:192.168.157.194:42206, 3aea292b-16fb-4e9b-be90-828afa8e8047:192.168.157.194:34569, a6b2ebfb-69a0-457c-b6cd-a50cc148b564:192.168.157.194:37298], old=null
2019-10-17 02:15:22,326 [b32d7882-88db-4fe6-9cca-6a25122d474d@group-896385CD49EE-LeaderElection432] INFO  impl.LeaderElection (LeaderElection.java:askForVotes(178)) - b32d7882-88db-4fe6-9cca-6a25122d474d@group-896385CD49EE-LeaderElection432: begin an election at term 398 for -1: [b32d7882-88db-4fe6-9cca-6a25122d474d:192.168.157.194:42206, 3aea292b-16fb-4e9b-be90-828afa8e8047:192.168.157.194:34569, a6b2ebfb-69a0-457c-b6cd-a50cc148b564:192.168.157.194:37298], old=null
2019-10-17 02:15:22,327 [grpc-default-executor-1] INFO  impl.RaftServerImpl (RaftServerImpl.java:setRole(184)) - 3aea292b-16fb-4e9b-be90-828afa8e8047@group-896385CD49EE: changes role from  FOLLOWER to FOLLOWER at term 398 for recognizeCandidate:b32d7882-88db-4fe6-9cca-6a25122d474d
2019-10-17 02:15:22,327 [grpc-default-executor-1] INFO  impl.RoleInfo (RoleInfo.java:shutdownFollowerState(121)) - 3aea292b-16fb-4e9b-be90-828afa8e8047: shutdown FollowerState
2019-10-17 02:15:22,327 [grpc-default-executor-0] INFO  impl.RaftServerImpl (RaftServerImpl.java:setRole(184)) - a6b2ebfb-69a0-457c-b6cd-a50cc148b564@group-896385CD49EE: changes role from  FOLLOWER to FOLLOWER at term 398 for recognizeCandidate:b32d7882-88db-4fe6-9cca-6a25122d474d
2019-10-17 02:15:22,327 [Thread-3767] INFO  impl.FollowerState (FollowerState.java:run(117)) - 3aea292b-16fb-4e9b-be90-828afa8e8047@group-896385CD49EE-FollowerState was interrupted: java.lang.InterruptedException: sleep interrupted
2019-10-17 02:15:22,327 [grpc-default-executor-1] INFO  impl.RoleInfo (RoleInfo.java:updateAndGet(143)) - 3aea292b-16fb-4e9b-be90-828afa8e8047: start FollowerState
2019-10-17 02:15:22,327 [grpc-default-executor-0] INFO  impl.RoleInfo (RoleInfo.java:shutdownFollowerState(121)) - a6b2ebfb-69a0-457c-b6cd-a50cc148b564: shutdown FollowerState
2019-10-17 02:15:22,328 [grpc-default-executor-0] INFO  impl.RoleInfo (RoleInfo.java:updateAndGet(143)) - a6b2ebfb-69a0-457c-b6cd-a50cc148b564: start FollowerState
2019-10-17 02:15:22,328 [Thread-3766] INFO  impl.FollowerState (FollowerState.java:run(117)) - a6b2ebfb-69a0-457c-b6cd-a50cc148b564@group-896385CD49EE-FollowerState was interrupted: java.lang.InterruptedException: sleep interrupted
2019-10-17 02:15:22,342 [b32d7882-88db-4fe6-9cca-6a25122d474d@group-896385CD49EE-LeaderElection432] INFO  impl.LeaderElection (LeaderElection.java:logAndReturn(56)) - b32d7882-88db-4fe6-9cca-6a25122d474d@group-896385CD49EE-LeaderElection432: Election REJECTED; received 2 response(s) [b32d7882-88db-4fe6-9cca-6a25122d474d<-3aea292b-16fb-4e9b-be90-828afa8e8047#0:FAIL-t398, b32d7882-88db-4fe6-9cca-6a25122d474d<-a6b2ebfb-69a0-457c-b6cd-a50cc148b564#0:FAIL-t398] and 0 exception(s); b32d7882-88db-4fe6-9cca-6a25122d474d@group-896385CD49EE:t398, leader=null, voted=b32d7882-88db-4fe6-9cca-6a25122d474d, raftlog=b32d7882-88db-4fe6-9cca-6a25122d474d@group-896385CD49EE-SegmentedRaftLog:OPENED:c-1,f-1,i0, conf=-1: [b32d7882-88db-4fe6-9cca-6a25122d474d:192.168.157.194:42206, 3aea292b-16fb-4e9b-be90-828afa8e8047:192.168.157.194:34569, a6b2ebfb-69a0-457c-b6cd-a50cc148b564:192.168.157.194:37298], old=null
2019-10-17 02:15:22,342 [b32d7882-88db-4fe6-9cca-6a25122d474d@group-896385CD49EE-LeaderElection432] INFO  impl.RaftServerImpl (RaftServerImpl.java:setRole(184)) - b32d7882-88db-4fe6-9cca-6a25122d474d@group-896385CD49EE: changes role from CANDIDATE to FOLLOWER at term 398 for DISCOVERED_A_NEW_TERM
2019-10-17 02:15:22,343 [b32d7882-88db-4fe6-9cca-6a25122d474d@group-896385CD49EE-LeaderElection432] INFO  impl.RoleInfo (RoleInfo.java:shutdownLeaderElection(134)) - b32d7882-88db-4fe6-9cca-6a25122d474d: shutdown LeaderElection
2019-10-17 02:15:22,343 [b32d7882-88db-4fe6-9cca-6a25122d474d@group-896385CD49EE-LeaderElection432] INFO  impl.RoleInfo (RoleInfo.java:updateAndGet(143)) - b32d7882-88db-4fe6-9cca-6a25122d474d: start FollowerState
2019-10-17 02:15:22,346 [Thread-3772] INFO  impl.FollowerState (FollowerState.java:run(108)) - b32d7882-88db-4fe6-9cca-6a25122d474d@group-896385CD49EE-FollowerState: change to CANDIDATE, lastRpcTime:3ms, electionTimeout:3ms
2019-10-17 02:15:22,346 [Thread-3772] INFO  impl.RoleInfo (RoleInfo.java:shutdownFollowerState(121)) - b32d7882-88db-4fe6-9cca-6a25122d474d: shutdown FollowerState
2019-10-17 02:15:22,347 [Thread-3772] INFO  impl.RaftServerImpl (RaftServerImpl.java:setRole(184)) - b32d7882-88db-4fe6-9cca-6a25122d474d@group-896385CD49EE: changes role from  FOLLOWER to CANDIDATE at term 398 for changeToCandidate
2019-10-17 02:15:22,347 [Thread-3772] INFO  impl.RoleInfo (RoleInfo.java:updateAndGet(143)) - b32d7882-88db-4fe6-9cca-6a25122d474d: start LeaderElection
2019-10-17 02:15:22,360 [b32d7882-88db-4fe6-9cca-6a25122d474d@group-896385CD49EE-LeaderElection433] INFO  impl.LeaderElection (LeaderElection.java:askForVotes(178)) - b32d7882-88db-4fe6-9cca-6a25122d474d@group-896385CD49EE-LeaderElection433: begin an election at term 399 for -1: [b32d7882-88db-4fe6-9cca-6a25122d474d:192.168.157.194:42206, 3aea292b-16fb-4e9b-be90-828afa8e8047:192.168.157.194:34569, a6b2ebfb-69a0-457c-b6cd-a50cc148b564:192.168.157.194:37298], old=null
2019-10-17 02:15:22,361 [grpc-default-executor-1] INFO  impl.RaftServerImpl (RaftServerImpl.java:setRole(184)) - 3aea292b-16fb-4e9b-be90-828afa8e8047@group-896385CD49EE: changes role from  FOLLOWER to FOLLOWER at term 399 for recognizeCandidate:b32d7882-88db-4fe6-9cca-6a25122d474d
2019-10-17 02:15:22,361 [grpc-default-executor-1] INFO  impl.RoleInfo (RoleInfo.java:shutdownFollowerState(121)) - 3aea292b-16fb-4e9b-be90-828afa8e8047: shutdown FollowerState
2019-10-17 02:15:22,361 [grpc-default-executor-0] INFO  impl.RaftServerImpl (RaftServerImpl.java:setRole(184)) - a6b2ebfb-69a0-457c-b6cd-a50cc148b564@group-896385CD49EE: changes role from  FOLLOWER to FOLLOWER at term 399 for recognizeCandidate:b32d7882-88db-4fe6-9cca-6a25122d474d
2019-10-17 02:15:22,361 [grpc-default-executor-0] INFO  impl.RoleInfo (RoleInfo.java:shutdownFollowerState(121)) - a6b2ebfb-69a0-457c-b6cd-a50cc148b564: shutdown FollowerState
2019-10-17 02:15:22,361 [Thread-3770] INFO  impl.FollowerState (FollowerState.java:run(117)) - 3aea292b-16fb-4e9b-be90-828afa8e8047@group-896385CD49EE-FollowerState was interrupted: java.lang.InterruptedException: sleep interrupted
2019-10-17 02:15:22,361 [grpc-default-executor-1] INFO  impl.RoleInfo (RoleInfo.java:updateAndGet(143)) - 3aea292b-16fb-4e9b-be90-828afa8e8047: start FollowerState
2019-10-17 02:15:22,361 [Thread-3771] INFO  impl.FollowerState (FollowerState.java:run(117)) - a6b2ebfb-69a0-457c-b6cd-a50cc148b564@group-896385CD49EE-FollowerState was interrupted: java.lang.InterruptedException: sleep interrupted
2019-10-17 02:15:22,361 [grpc-default-executor-0] INFO  impl.RoleInfo (RoleInfo.java:updateAndGet(143)) - a6b2ebfb-69a0-457c-b6cd-a50cc148b564: start FollowerState
2019-10-17 02:15:22,375 [b32d7882-88db-4fe6-9cca-6a25122d474d@group-896385CD49EE-LeaderElection433] INFO  impl.LeaderElection (LeaderElection.java:logAndReturn(56)) - b32d7882-88db-4fe6-9cca-6a25122d474d@group-896385CD49EE-LeaderElection433: Election REJECTED; received 2 response(s) [b32d7882-88db-4fe6-9cca-6a25122d474d<-3aea292b-16fb-4e9b-be90-828afa8e8047#0:FAIL-t399, b32d7882-88db-4fe6-9cca-6a25122d474d<-a6b2ebfb-69a0-457c-b6cd-a50cc148b564#0:FAIL-t399] and 0 exception(s); b32d7882-88db-4fe6-9cca-6a25122d474d@group-896385CD49EE:t399, leader=null, voted=b32d7882-88db-4fe6-9cca-6a25122d474d, raftlog=b32d7882-88db-4fe6-9cca-6a25122d474d@group-896385CD49EE-SegmentedRaftLog:OPENED:c-1,f-1,i0, conf=-1: [b32d7882-88db-4fe6-9cca-6a25122d474d:192.168.157.194:42206, 3aea292b-16fb-4e9b-be90-828afa8e8047:192.168.157.194:34569, a6b2ebfb-69a0-457c-b6cd-a50cc148b564:192.168.157.194:37298], old=null
2019-10-17 02:15:22,375 [b32d7882-88db-4fe6-9cca-6a25122d474d@group-896385CD49EE-LeaderElection433] INFO  impl.RaftServerImpl (RaftServerImpl.java:setRole(184)) - b32d7882-88db-4fe6-9cca-6a25122d474d@group-896385CD49EE: changes role from CANDIDATE to FOLLOWER at term 399 for DISCOVERED_A_NEW_TERM
2019-10-17 02:15:22,375 [b32d7882-88db-4fe6-9cca-6a25122d474d@group-896385CD49EE-LeaderElection433] INFO  impl.RoleInfo (RoleInfo.java:shutdownLeaderElection(134)) - b32d7882-88db-4fe6-9cca-6a25122d474d: shutdown LeaderElection
2019-10-17 02:15:22,375 [b32d7882-88db-4fe6-9cca-6a25122d474d@group-896385CD49EE-LeaderElection433] INFO  impl.RoleInfo (RoleInfo.java:updateAndGet(143)) - b32d7882-88db-4fe6-9cca-6a25122d474d: start FollowerState
2019-10-17 02:15:22,404 [Thread-3778] INFO  impl.FollowerState (FollowerState.java:run(108)) - b32d7882-88db-4fe6-9cca-6a25122d474d@group-896385CD49EE-FollowerState: change to CANDIDATE, lastRpcTime:29ms, electionTimeout:29ms
2019-10-17 02:15:22,404 [Thread-3778] INFO  impl.RoleInfo (RoleInfo.java:shutdownFollowerState(121)) - b32d7882-88db-4fe6-9cca-6a25122d474d: shutdown FollowerState
2019-10-17 02:15:22,404 [Thread-3778] INFO  impl.RaftServerImpl (RaftServerImpl.java:setRole(184)) - b32d7882-88db-4fe6-9cca-6a25122d474d@group-896385CD49EE: changes role from  FOLLOWER to CANDIDATE at term 399 for changeToCandidate
2019-10-17 02:15:22,405 [Thread-3778] INFO  impl.RoleInfo (RoleInfo.java:updateAndGet(143)) - b32d7882-88db-4fe6-9cca-6a25122d474d: start LeaderElection
2019-10-17 02:15:22,419 [b32d7882-88db-4fe6-9cca-6a25122d474d@group-896385CD49EE-LeaderElection434] INFO  impl.LeaderElection (LeaderElection.java:askForVotes(178)) - b32d7882-88db-4fe6-9cca-6a25122d474d@group-896385CD49EE-LeaderElection434: begin an election at term 400 for -1: [b32d7882-88db-4fe6-9cca-6a25122d474d:192.168.157.194:42206, 3aea292b-16fb-4e9b-be90-828afa8e8047:192.168.157.194:34569, a6b2ebfb-69a0-457c-b6cd-a50cc148b564:192.168.157.194:37298], old=null
2019-10-17 02:15:22,420 [grpc-default-executor-1] INFO  impl.RaftServerImpl (RaftServerImpl.java:setRole(184)) - 3aea292b-16fb-4e9b-be90-828afa8e8047@group-896385CD49EE: changes role from  FOLLOWER to FOLLOWER at term 400 for recognizeCandidate:b32d7882-88db-4fe6-9cca-6a25122d474d
2019-10-17 02:15:22,420 [grpc-default-executor-1] INFO  impl.RoleInfo (RoleInfo.java:shutdownFollowerState(121)) - 3aea292b-16fb-4e9b-be90-828afa8e8047: shutdown FollowerState
2019-10-17 02:15:22,420 [grpc-default-executor-0] INFO  impl.RaftServerImpl (RaftServerImpl.java:setRole(184)) - a6b2ebfb-69a0-457c-b6cd-a50cc148b564@group-896385CD49EE: changes role from  FOLLOWER to FOLLOWER at term 400 for recognizeCandidate:b32d7882-88db-4fe6-9cca-6a25122d474d
2019-10-17 02:15:22,420 [grpc-default-executor-0] INFO  impl.RoleInfo (RoleInfo.java:shutdownFollowerState(121)) - a6b2ebfb-69a0-457c-b6cd-a50cc148b564: shutdown FollowerState
2019-10-17 02:15:22,420 [Thread-3776] INFO  impl.FollowerState (FollowerState.java:run(117)) - 3aea292b-16fb-4e9b-be90-828afa8e8047@group-896385CD49EE-FollowerState was interrupted: java.lang.InterruptedException: sleep interrupted
2019-10-17 02:15:22,420 [grpc-default-executor-1] INFO  impl.RoleInfo (RoleInfo.java:updateAndGet(143)) - 3aea292b-16fb-4e9b-be90-828afa8e8047: start FollowerState
2019-10-17 02:15:22,420 [grpc-default-executor-0] INFO  impl.RoleInfo (RoleInfo.java:updateAndGet(143)) - a6b2ebfb-69a0-457c-b6cd-a50cc148b564: start FollowerState
2019-10-17 02:15:22,420 [Thread-3777] INFO  impl.FollowerState (FollowerState.java:run(117)) - a6b2ebfb-69a0-457c-b6cd-a50cc148b564@group-896385CD49EE-FollowerState was interrupted: java.lang.InterruptedException: sleep interrupted
2019-10-17 02:15:22,434 [b32d7882-88db-4fe6-9cca-6a25122d474d@group-896385CD49EE-LeaderElection434] INFO  impl.LeaderElection (LeaderElection.java:logAndReturn(56)) - b32d7882-88db-4fe6-9cca-6a25122d474d@group-896385CD49EE-LeaderElection434: Election REJECTED; received 2 response(s) [b32d7882-88db-4fe6-9cca-6a25122d474d<-3aea292b-16fb-4e9b-be90-828afa8e8047#0:FAIL-t400, b32d7882-88db-4fe6-9cca-6a25122d474d<-a6b2ebfb-69a0-457c-b6cd-a50cc148b564#0:FAIL-t400] and 0 exception(s); b32d7882-88db-4fe6-9cca-6a25122d474d@group-896385CD49EE:t400, leader=null, voted=b32d7882-88db-4fe6-9cca-6a25122d474d, raftlog=b32d7882-88db-4fe6-9cca-6a25122d474d@group-896385CD49EE-SegmentedRaftLog:OPENED:c-1,f-1,i0, conf=-1: [b32d7882-88db-4fe6-9cca-6a25122d474d:192.168.157.194:42206, 3aea292b-16fb-4e9b-be90-828afa8e8047:192.168.157.194:34569, a6b2ebfb-69a0-457c-b6cd-a50cc148b564:192.168.157.194:37298], old=null
2019-10-17 02:15:22,434 [b32d7882-88db-4fe6-9cca-6a25122d474d@group-896385CD49EE-LeaderElection434] INFO  impl.RaftServerImpl (RaftServerImpl.java:setRole(184)) - b32d7882-88db-4fe6-9cca-6a25122d474d@group-896385CD49EE: changes role from CANDIDATE to FOLLOWER at term 400 for DISCOVERED_A_NEW_TERM
2019-10-17 02:15:22,435 [b32d7882-88db-4fe6-9cca-6a25122d474d@group-896385CD49EE-LeaderElection434] INFO  impl.RoleInfo (RoleInfo.java:shutdownLeaderElection(134)) - b32d7882-88db-4fe6-9cca-6a25122d474d: shutdown LeaderElection
2019-10-17 02:15:22,435 [b32d7882-88db-4fe6-9cca-6a25122d474d@group-896385CD49EE-LeaderElection434] INFO  impl.RoleInfo (RoleInfo.java:updateAndGet(143)) - b32d7882-88db-4fe6-9cca-6a25122d474d: start FollowerState
2019-10-17 02:15:22,479 [Thread-3784] INFO  impl.FollowerState (FollowerState.java:run(108)) - b32d7882-88db-4fe6-9cca-6a25122d474d@group-896385CD49EE-FollowerState: change to CANDIDATE, lastRpcTime:44ms, electionTimeout:44ms
2019-10-17 02:15:22,479 [Thread-3784] INFO  impl.RoleInfo (RoleInfo.java:shutdownFollowerState(121)) - b32d7882-88db-4fe6-9cca-6a25122d474d: shutdown FollowerState
2019-10-17 02:15:22,479 [Thread-3784] INFO  impl.RaftServerImpl (RaftServerImpl.java:setRole(184)) - b32d7882-88db-4fe6-9cca-6a25122d474d@group-896385CD49EE: changes role from  FOLLOWER to CANDIDATE at term 400 for changeToCandidate
2019-10-17 02:15:22,479 [Thread-3784] INFO  impl.RoleInfo (RoleInfo.java:updateAndGet(143)) - b32d7882-88db-4fe6-9cca-6a25122d474d: start LeaderElection
2019-10-17 02:15:22,493 [b32d7882-88db-4fe6-9cca-6a25122d474d@group-896385CD49EE-LeaderElection435] INFO  impl.LeaderElection (LeaderElection.java:askForVotes(178)) - b32d7882-88db-4fe6-9cca-6a25122d474d@group-896385CD49EE-LeaderElection435: begin an election at term 401 for -1: [b32d7882-88db-4fe6-9cca-6a25122d474d:192.168.157.194:42206, 3aea292b-16fb-4e9b-be90-828afa8e8047:192.168.157.194:34569, a6b2ebfb-69a0-457c-b6cd-a50cc148b564:192.168.157.194:37298], old=null
2019-10-17 02:15:22,494 [grpc-default-executor-1] INFO  impl.RaftServerImpl (RaftServerImpl.java:setRole(184)) - 3aea292b-16fb-4e9b-be90-828afa8e8047@group-896385CD49EE: changes role from  FOLLOWER to FOLLOWER at term 401 for recognizeCandidate:b32d7882-88db-4fe6-9cca-6a25122d474d
2019-10-17 02:15:22,494 [grpc-default-executor-1] INFO  impl.RoleInfo (RoleInfo.java:shutdownFollowerState(121)) - 3aea292b-16fb-4e9b-be90-828afa8e8047: shutdown FollowerState
2019-10-17 02:15:22,494 [grpc-default-executor-0] INFO  impl.RaftServerImpl (RaftServerImpl.java:setRole(184)) - a6b2ebfb-69a0-457c-b6cd-a50cc148b564@group-896385CD49EE: changes role from  FOLLOWER to FOLLOWER at term 401 for recognizeCandidate:b32d7882-88db-4fe6-9cca-6a25122d474d
2019-10-17 02:15:22,494 [grpc-default-executor-0] INFO  impl.RoleInfo (RoleInfo.java:shutdownFollowerState(121)) - a6b2ebfb-69a0-457c-b6cd-a50cc148b564: shutdown FollowerState
2019-10-17 02:15:22,494 [Thread-3782] INFO  impl.FollowerState (FollowerState.java:run(117)) - 3aea292b-16fb-4e9b-be90-828afa8e8047@group-896385CD49EE-FollowerState was interrupted: java.lang.InterruptedException: sleep interrupted
2019-10-17 02:15:22,494 [grpc-default-executor-1] INFO  impl.RoleInfo (RoleInfo.java:updateAndGet(143)) - 3aea292b-16fb-4e9b-be90-828afa8e8047: start FollowerState
2019-10-17 02:15:22,494 [grpc-default-executor-0] INFO  impl.RoleInfo (RoleInfo.java:updateAndGet(143)) - a6b2ebfb-69a0-457c-b6cd-a50cc148b564: start FollowerState
2019-10-17 02:15:22,494 [Thread-3783] INFO  impl.FollowerState (FollowerState.java:run(117)) - a6b2ebfb-69a0-457c-b6cd-a50cc148b564@group-896385CD49EE-FollowerState was interrupted: java.lang.InterruptedException: sleep interrupted
2019-10-17 02:15:22,508 [b32d7882-88db-4fe6-9cca-6a25122d474d@group-896385CD49EE-LeaderElection435] INFO  impl.LeaderElection (LeaderElection.java:logAndReturn(56)) - b32d7882-88db-4fe6-9cca-6a25122d474d@group-896385CD49EE-LeaderElection435: Election REJECTED; received 2 response(s) [b32d7882-88db-4fe6-9cca-6a25122d474d<-3aea292b-16fb-4e9b-be90-828afa8e8047#0:FAIL-t401, b32d7882-88db-4fe6-9cca-6a25122d474d<-a6b2ebfb-69a0-457c-b6cd-a50cc148b564#0:FAIL-t401] and 0 exception(s); b32d7882-88db-4fe6-9cca-6a25122d474d@group-896385CD49EE:t401, leader=null, voted=b32d7882-88db-4fe6-9cca-6a25122d474d, raftlog=b32d7882-88db-4fe6-9cca-6a25122d474d@group-896385CD49EE-SegmentedRaftLog:OPENED:c-1,f-1,i0, conf=-1: [b32d7882-88db-4fe6-9cca-6a25122d474d:192.168.157.194:42206, 3aea292b-16fb-4e9b-be90-828afa8e8047:192.168.157.194:34569, a6b2ebfb-69a0-457c-b6cd-a50cc148b564:192.168.157.194:37298], old=null
2019-10-17 02:15:22,510 [b32d7882-88db-4fe6-9cca-6a25122d474d@group-896385CD49EE-LeaderElection435] INFO  impl.RaftServerImpl (RaftServerImpl.java:setRole(184)) - b32d7882-88db-4fe6-9cca-6a25122d474d@group-896385CD49EE: changes role from CANDIDATE to FOLLOWER at term 401 for DISCOVERED_A_NEW_TERM
2019-10-17 02:15:22,510 [b32d7882-88db-4fe6-9cca-6a25122d474d@group-896385CD49EE-LeaderElection435] INFO  impl.RoleInfo (RoleInfo.java:shutdownLeaderElection(134)) - b32d7882-88db-4fe6-9cca-6a25122d474d: shutdown LeaderElection
2019-10-17 02:15:22,510 [b32d7882-88db-4fe6-9cca-6a25122d474d@group-896385CD49EE-LeaderElection435] INFO  impl.RoleInfo (RoleInfo.java:updateAndGet(143)) - b32d7882-88db-4fe6-9cca-6a25122d474d: start FollowerState
2019-10-17 02:15:22,561 [Thread-3790] INFO  impl.FollowerState (FollowerState.java:run(108)) - b32d7882-88db-4fe6-9cca-6a25122d474d@group-896385CD49EE-FollowerState: change to CANDIDATE, lastRpcTime:51ms, electionTimeout:51ms
2019-10-17 02:15:22,561 [Thread-3790] INFO  impl.RoleInfo (RoleInfo.java:shutdownFollowerState(121)) - b32d7882-88db-4fe6-9cca-6a25122d474d: shutdown FollowerState
2019-10-17 02:15:22,561 [Thread-3790] INFO  impl.RaftServerImpl (RaftServerImpl.java:setRole(184)) - b32d7882-88db-4fe6-9cca-6a25122d474d@group-896385CD49EE: changes role from  FOLLOWER to CANDIDATE at term 401 for changeToCandidate
2019-10-17 02:15:22,562 [Thread-3790] INFO  impl.RoleInfo (RoleInfo.java:updateAndGet(143)) - b32d7882-88db-4fe6-9cca-6a25122d474d: start LeaderElection
2019-10-17 02:15:22,574 [b32d7882-88db-4fe6-9cca-6a25122d474d@group-896385CD49EE-LeaderElection436] INFO  impl.LeaderElection (LeaderElection.java:askForVotes(178)) - b32d7882-88db-4fe6-9cca-6a25122d474d@group-896385CD49EE-LeaderElection436: begin an election at term 402 for -1: [b32d7882-88db-4fe6-9cca-6a25122d474d:192.168.157.194:42206, 3aea292b-16fb-4e9b-be90-828afa8e8047:192.168.157.194:34569, a6b2ebfb-69a0-457c-b6cd-a50cc148b564:192.168.157.194:37298], old=null
2019-10-17 02:15:22,575 [grpc-default-executor-0] INFO  impl.RaftServerImpl (RaftServerImpl.java:setRole(184)) - 3aea292b-16fb-4e9b-be90-828afa8e8047@group-896385CD49EE: changes role from  FOLLOWER to FOLLOWER at term 402 for recognizeCandidate:b32d7882-88db-4fe6-9cca-6a25122d474d
2019-10-17 02:15:22,575 [grpc-default-executor-0] INFO  impl.RoleInfo (RoleInfo.java:shutdownFollowerState(121)) - 3aea292b-16fb-4e9b-be90-828afa8e8047: shutdown FollowerState
2019-10-17 02:15:22,575 [grpc-default-executor-1] INFO  impl.RaftServerImpl (RaftServerImpl.java:setRole(184)) - a6b2ebfb-69a0-457c-b6cd-a50cc148b564@group-896385CD49EE: changes role from  FOLLOWER to FOLLOWER at term 402 for recognizeCandidate:b32d7882-88db-4fe6-9cca-6a25122d474d
2019-10-17 02:15:22,576 [grpc-default-executor-1] INFO  impl.RoleInfo (RoleInfo.java:shutdownFollowerState(121)) - a6b2ebfb-69a0-457c-b6cd-a50cc148b564: shutdown FollowerState
2019-10-17 02:15:22,576 [Thread-3788] INFO  impl.FollowerState (FollowerState.java:run(117)) - 3aea292b-16fb-4e9b-be90-828afa8e8047@group-896385CD49EE-FollowerState was interrupted: java.lang.InterruptedException: sleep interrupted
2019-10-17 02:15:22,575 [grpc-default-executor-0] INFO  impl.RoleInfo (RoleInfo.java:updateAndGet(143)) - 3aea292b-16fb-4e9b-be90-828afa8e8047: start FollowerState
2019-10-17 02:15:22,576 [Thread-3789] INFO  impl.FollowerState (FollowerState.java:run(117)) - a6b2ebfb-69a0-457c-b6cd-a50cc148b564@group-896385CD49EE-FollowerState was interrupted: java.lang.InterruptedException: sleep interrupted
2019-10-17 02:15:22,576 [grpc-default-executor-1] INFO  impl.RoleInfo (RoleInfo.java:updateAndGet(143)) - a6b2ebfb-69a0-457c-b6cd-a50cc148b564: start FollowerState
2019-10-17 02:15:22,590 [b32d7882-88db-4fe6-9cca-6a25122d474d@group-896385CD49EE-LeaderElection436] INFO  impl.LeaderElection (LeaderElection.java:logAndReturn(56)) - b32d7882-88db-4fe6-9cca-6a25122d474d@group-896385CD49EE-LeaderElection436: Election REJECTED; received 2 response(s) [b32d7882-88db-4fe6-9cca-6a25122d474d<-3aea292b-16fb-4e9b-be90-828afa8e8047#0:FAIL-t402, b32d7882-88db-4fe6-9cca-6a25122d474d<-a6b2ebfb-69a0-457c-b6cd-a50cc148b564#0:FAIL-t402] and 0 exception(s); b32d7882-88db-4fe6-9cca-6a25122d474d@group-896385CD49EE:t402, leader=null, voted=b32d7882-88db-4fe6-9cca-6a25122d474d, raftlog=b32d7882-88db-4fe6-9cca-6a25122d474d@group-896385CD49EE-SegmentedRaftLog:OPENED:c-1,f-1,i0, conf=-1: [b32d7882-88db-4fe6-9cca-6a25122d474d:192.168.157.194:42206, 3aea292b-16fb-4e9b-be90-828afa8e8047:192.168.157.194:34569, a6b2ebfb-69a0-457c-b6cd-a50cc148b564:192.168.157.194:37298], old=null
2019-10-17 02:15:22,590 [b32d7882-88db-4fe6-9cca-6a25122d474d@group-896385CD49EE-LeaderElection436] INFO  impl.RaftServerImpl (RaftServerImpl.java:setRole(184)) - b32d7882-88db-4fe6-9cca-6a25122d474d@group-896385CD49EE: changes role from CANDIDATE to FOLLOWER at term 402 for DISCOVERED_A_NEW_TERM
2019-10-17 02:15:22,590 [b32d7882-88db-4fe6-9cca-6a25122d474d@group-896385CD49EE-LeaderElection436] INFO  impl.RoleInfo (RoleInfo.java:shutdownLeaderElection(134)) - b32d7882-88db-4fe6-9cca-6a25122d474d: shutdown LeaderElection
2019-10-17 02:15:22,590 [b32d7882-88db-4fe6-9cca-6a25122d474d@group-896385CD49EE-LeaderElection436] INFO  impl.RoleInfo (RoleInfo.java:updateAndGet(143)) - b32d7882-88db-4fe6-9cca-6a25122d474d: start FollowerState
2019-10-17 02:15:22,649 [Thread-3796] INFO  impl.FollowerState (FollowerState.java:run(108)) - b32d7882-88db-4fe6-9cca-6a25122d474d@group-896385CD49EE-FollowerState: change to CANDIDATE, lastRpcTime:59ms, electionTimeout:59ms
2019-10-17 02:15:22,650 [Thread-3796] INFO  impl.RoleInfo (RoleInfo.java:shutdownFollowerState(121)) - b32d7882-88db-4fe6-9cca-6a25122d474d: shutdown FollowerState
2019-10-17 02:15:22,650 [Thread-3796] INFO  impl.RaftServerImpl (RaftServerImpl.java:setRole(184)) - b32d7882-88db-4fe6-9cca-6a25122d474d@group-896385CD49EE: changes role from  FOLLOWER to CANDIDATE at term 402 for changeToCandidate
2019-10-17 02:15:22,650 [Thread-3796] INFO  impl.RoleInfo (RoleInfo.java:updateAndGet(143)) - b32d7882-88db-4fe6-9cca-6a25122d474d: start LeaderElection
2019-10-17 02:15:22,662 [b32d7882-88db-4fe6-9cca-6a25122d474d@group-896385CD49EE-LeaderElection437] INFO  impl.LeaderElection (LeaderElection.java:askForVotes(178)) - b32d7882-88db-4fe6-9cca-6a25122d474d@group-896385CD49EE-LeaderElection437: begin an election at term 403 for -1: [b32d7882-88db-4fe6-9cca-6a25122d474d:192.168.157.194:42206, 3aea292b-16fb-4e9b-be90-828afa8e8047:192.168.157.194:34569, a6b2ebfb-69a0-457c-b6cd-a50cc148b564:192.168.157.194:37298], old=null
2019-10-17 02:15:22,663 [grpc-default-executor-1] INFO  impl.RaftServerImpl (RaftServerImpl.java:setRole(184)) - 3aea292b-16fb-4e9b-be90-828afa8e8047@group-896385CD49EE: changes role from  FOLLOWER to FOLLOWER at term 403 for recognizeCandidate:b32d7882-88db-4fe6-9cca-6a25122d474d
2019-10-17 02:15:22,663 [grpc-default-executor-0] INFO  impl.RaftServerImpl (RaftServerImpl.java:setRole(184)) - a6b2ebfb-69a0-457c-b6cd-a50cc148b564@group-896385CD49EE: changes role from  FOLLOWER to FOLLOWER at term 403 for recognizeCandidate:b32d7882-88db-4fe6-9cca-6a25122d474d
2019-10-17 02:15:22,664 [grpc-default-executor-1] INFO  impl.RoleInfo (RoleInfo.java:shutdownFollowerState(121)) - 3aea292b-16fb-4e9b-be90-828afa8e8047: shutdown FollowerState
2019-10-17 02:15:22,664 [grpc-default-executor-0] INFO  impl.RoleInfo (RoleInfo.java:shutdownFollowerState(121)) - a6b2ebfb-69a0-457c-b6cd-a50cc148b564: shutdown FollowerState
2019-10-17 02:15:22,664 [Thread-3794] INFO  impl.FollowerState (FollowerState.java:run(117)) - 3aea292b-16fb-4e9b-be90-828afa8e8047@group-896385CD49EE-FollowerState was interrupted: java.lang.InterruptedException: sleep interrupted
2019-10-17 02:15:22,664 [grpc-default-executor-1] INFO  impl.RoleInfo (RoleInfo.java:updateAndGet(143)) - 3aea292b-16fb-4e9b-be90-828afa8e8047: start FollowerState
2019-10-17 02:15:22,664 [grpc-default-executor-0] INFO  impl.RoleInfo (RoleInfo.java:updateAndGet(143)) - a6b2ebfb-69a0-457c-b6cd-a50cc148b564: start FollowerState
2019-10-17 02:15:22,664 [Thread-3795] INFO  impl.FollowerState (FollowerState.java:run(117)) - a6b2ebfb-69a0-457c-b6cd-a50cc148b564@group-896385CD49EE-FollowerState was interrupted: java.lang.InterruptedException: sleep interrupted
2019-10-17 02:15:22,678 [b32d7882-88db-4fe6-9cca-6a25122d474d@group-896385CD49EE-LeaderElection437] INFO  impl.LeaderElection (LeaderElection.java:logAndReturn(56)) - b32d7882-88db-4fe6-9cca-6a25122d474d@group-896385CD49EE-LeaderElection437: Election REJECTED; received 2 response(s) [b32d7882-88db-4fe6-9cca-6a25122d474d<-3aea292b-16fb-4e9b-be90-828afa8e8047#0:FAIL-t403, b32d7882-88db-4fe6-9cca-6a25122d474d<-a6b2ebfb-69a0-457c-b6cd-a50cc148b564#0:FAIL-t403] and 0 exception(s); b32d7882-88db-4fe6-9cca-6a25122d474d@group-896385CD49EE:t403, leader=null, voted=b32d7882-88db-4fe6-9cca-6a25122d474d, raftlog=b32d7882-88db-4fe6-9cca-6a25122d474d@group-896385CD49EE-SegmentedRaftLog:OPENED:c-1,f-1,i0, conf=-1: [b32d7882-88db-4fe6-9cca-6a25122d474d:192.168.157.194:42206, 3aea292b-16fb-4e9b-be90-828afa8e8047:192.168.157.194:34569, a6b2ebfb-69a0-457c-b6cd-a50cc148b564:192.168.157.194:37298], old=null
2019-10-17 02:15:22,678 [b32d7882-88db-4fe6-9cca-6a25122d474d@group-896385CD49EE-LeaderElection437] INFO  impl.RaftServerImpl (RaftServerImpl.java:setRole(184)) - b32d7882-88db-4fe6-9cca-6a25122d474d@group-896385CD49EE: changes role from CANDIDATE to FOLLOWER at term 403 for DISCOVERED_A_NEW_TERM
2019-10-17 02:15:22,678 [b32d7882-88db-4fe6-9cca-6a25122d474d@group-896385CD49EE-LeaderElection437] INFO  impl.RoleInfo (RoleInfo.java:shutdownLeaderElection(134)) - b32d7882-88db-4fe6-9cca-6a25122d474d: shutdown LeaderElection
2019-10-17 02:15:22,679 [b32d7882-88db-4fe6-9cca-6a25122d474d@group-896385CD49EE-LeaderElection437] INFO  impl.RoleInfo (RoleInfo.java:updateAndGet(143)) - b32d7882-88db-4fe6-9cca-6a25122d474d: start FollowerState
2019-10-17 02:15:22,742 [Thread-3802] INFO  impl.FollowerState (FollowerState.java:run(108)) - b32d7882-88db-4fe6-9cca-6a25122d474d@group-896385CD49EE-FollowerState: change to CANDIDATE, lastRpcTime:63ms, electionTimeout:63ms
2019-10-17 02:15:22,742 [Thread-3802] INFO  impl.RoleInfo (RoleInfo.java:shutdownFollowerState(121)) - b32d7882-88db-4fe6-9cca-6a25122d474d: shutdown FollowerState
2019-10-17 02:15:22,742 [Thread-3802] INFO  impl.RaftServerImpl (RaftServerImpl.java:setRole(184)) - b32d7882-88db-4fe6-9cca-6a25122d474d@group-896385CD49EE: changes role from  FOLLOWER to CANDIDATE at term 403 for changeToCandidate
2019-10-17 02:15:22,742 [Thread-3802] INFO  impl.RoleInfo (RoleInfo.java:updateAndGet(143)) - b32d7882-88db-4fe6-9cca-6a25122d474d: start LeaderElection
2019-10-17 02:15:22,751 [b32d7882-88db-4fe6-9cca-6a25122d474d@group-896385CD49EE-LeaderElection438] INFO  impl.LeaderElection (LeaderElection.java:askForVotes(178)) - b32d7882-88db-4fe6-9cca-6a25122d474d@group-896385CD49EE-LeaderElection438: begin an election at term 404 for -1: [b32d7882-88db-4fe6-9cca-6a25122d474d:192.168.157.194:42206, 3aea292b-16fb-4e9b-be90-828afa8e8047:192.168.157.194:34569, a6b2ebfb-69a0-457c-b6cd-a50cc148b564:192.168.157.194:37298], old=null
2019-10-17 02:15:22,752 [grpc-default-executor-1] INFO  impl.RaftServerImpl (RaftServerImpl.java:setRole(184)) - a6b2ebfb-69a0-457c-b6cd-a50cc148b564@group-896385CD49EE: changes role from  FOLLOWER to FOLLOWER at term 404 for recognizeCandidate:b32d7882-88db-4fe6-9cca-6a25122d474d
2019-10-17 02:15:22,752 [grpc-default-executor-0] INFO  impl.RaftServerImpl (RaftServerImpl.java:setRole(184)) - 3aea292b-16fb-4e9b-be90-828afa8e8047@group-896385CD49EE: changes role from  FOLLOWER to FOLLOWER at term 404 for recognizeCandidate:b32d7882-88db-4fe6-9cca-6a25122d474d
2019-10-17 02:15:22,752 [grpc-default-executor-1] INFO  impl.RoleInfo (RoleInfo.java:shutdownFollowerState(121)) - a6b2ebfb-69a0-457c-b6cd-a50cc148b564: shutdown FollowerState
2019-10-17 02:15:22,752 [grpc-default-executor-0] INFO  impl.RoleInfo (RoleInfo.java:shutdownFollowerState(121)) - 3aea292b-16fb-4e9b-be90-828afa8e8047: shutdown FollowerState
2019-10-17 02:15:22,752 [Thread-3801] INFO  impl.FollowerState (FollowerState.java:run(117)) - a6b2ebfb-69a0-457c-b6cd-a50cc148b564@group-896385CD49EE-FollowerState was interrupted: java.lang.InterruptedException: sleep interrupted
2019-10-17 02:15:22,752 [grpc-default-executor-1] INFO  impl.RoleInfo (RoleInfo.java:updateAndGet(143)) - a6b2ebfb-69a0-457c-b6cd-a50cc148b564: start FollowerState
2019-10-17 02:15:22,752 [Thread-3800] INFO  impl.FollowerState (FollowerState.java:run(117)) - 3aea292b-16fb-4e9b-be90-828afa8e8047@group-896385CD49EE-FollowerState was interrupted: java.lang.InterruptedException: sleep interrupted
2019-10-17 02:15:22,752 [grpc-default-executor-0] INFO  impl.RoleInfo (RoleInfo.java:updateAndGet(143)) - 3aea292b-16fb-4e9b-be90-828afa8e8047: start FollowerState
2019-10-17 02:15:22,766 [b32d7882-88db-4fe6-9cca-6a25122d474d@group-896385CD49EE-LeaderElection438] INFO  impl.LeaderElection (LeaderElection.java:logAndReturn(56)) - b32d7882-88db-4fe6-9cca-6a25122d474d@group-896385CD49EE-LeaderElection438: Election REJECTED; received 2 response(s) [b32d7882-88db-4fe6-9cca-6a25122d474d<-3aea292b-16fb-4e9b-be90-828afa8e8047#0:FAIL-t404, b32d7882-88db-4fe6-9cca-6a25122d474d<-a6b2ebfb-69a0-457c-b6cd-a50cc148b564#0:FAIL-t404] and 0 exception(s); b32d7882-88db-4fe6-9cca-6a25122d474d@group-896385CD49EE:t404, leader=null, voted=b32d7882-88db-4fe6-9cca-6a25122d474d, raftlog=b32d7882-88db-4fe6-9cca-6a25122d474d@group-896385CD49EE-SegmentedRaftLog:OPENED:c-1,f-1,i0, conf=-1: [b32d7882-88db-4fe6-9cca-6a25122d474d:192.168.157.194:42206, 3aea292b-16fb-4e9b-be90-828afa8e8047:192.168.157.194:34569, a6b2ebfb-69a0-457c-b6cd-a50cc148b564:192.168.157.194:37298], old=null
2019-10-17 02:15:22,766 [b32d7882-88db-4fe6-9cca-6a25122d474d@group-896385CD49EE-LeaderElection438] INFO  impl.RaftServerImpl (RaftServerImpl.java:setRole(184)) - b32d7882-88db-4fe6-9cca-6a25122d474d@group-896385CD49EE: changes role from CANDIDATE to FOLLOWER at term 404 for DISCOVERED_A_NEW_TERM
2019-10-17 02:15:22,766 [b32d7882-88db-4fe6-9cca-6a25122d474d@group-896385CD49EE-LeaderElection438] INFO  impl.RoleInfo (RoleInfo.java:shutdownLeaderElection(134)) - b32d7882-88db-4fe6-9cca-6a25122d474d: shutdown LeaderElection
2019-10-17 02:15:22,767 [b32d7882-88db-4fe6-9cca-6a25122d474d@group-896385CD49EE-LeaderElection438] INFO  impl.RoleInfo (RoleInfo.java:updateAndGet(143)) - b32d7882-88db-4fe6-9cca-6a25122d474d: start FollowerState
2019-10-17 02:15:22,861 [Thread-3808] INFO  impl.FollowerState (FollowerState.java:run(108)) - b32d7882-88db-4fe6-9cca-6a25122d474d@group-896385CD49EE-FollowerState: change to CANDIDATE, lastRpcTime:94ms, electionTimeout:94ms
2019-10-17 02:15:22,861 [Thread-3808] INFO  impl.RoleInfo (RoleInfo.java:shutdownFollowerState(121)) - b32d7882-88db-4fe6-9cca-6a25122d474d: shutdown FollowerState
2019-10-17 02:15:22,861 [Thread-3808] INFO  impl.RaftServerImpl (RaftServerImpl.java:setRole(184)) - b32d7882-88db-4fe6-9cca-6a25122d474d@group-896385CD49EE: changes role from  FOLLOWER to CANDIDATE at term 404 for changeToCandidate
2019-10-17 02:15:22,861 [Thread-3808] INFO  impl.RoleInfo (RoleInfo.java:updateAndGet(143)) - b32d7882-88db-4fe6-9cca-6a25122d474d: start LeaderElection
2019-10-17 02:15:22,877 [b32d7882-88db-4fe6-9cca-6a25122d474d@group-896385CD49EE-LeaderElection439] INFO  impl.LeaderElection (LeaderElection.java:askForVotes(178)) - b32d7882-88db-4fe6-9cca-6a25122d474d@group-896385CD49EE-LeaderElection439: begin an election at term 405 for -1: [b32d7882-88db-4fe6-9cca-6a25122d474d:192.168.157.194:42206, 3aea292b-16fb-4e9b-be90-828afa8e8047:192.168.157.194:34569, a6b2ebfb-69a0-457c-b6cd-a50cc148b564:192.168.157.194:37298], old=null
2019-10-17 02:15:22,878 [grpc-default-executor-0] INFO  impl.RaftServerImpl (RaftServerImpl.java:setRole(184)) - a6b2ebfb-69a0-457c-b6cd-a50cc148b564@group-896385CD49EE: changes role from  FOLLOWER to FOLLOWER at term 405 for recognizeCandidate:b32d7882-88db-4fe6-9cca-6a25122d474d
2019-10-17 02:15:22,878 [grpc-default-executor-0] INFO  impl.RoleInfo (RoleInfo.java:shutdownFollowerState(121)) - a6b2ebfb-69a0-457c-b6cd-a50cc148b564: shutdown FollowerState
2019-10-17 02:15:22,878 [grpc-default-executor-1] INFO  impl.RaftServerImpl (RaftServerImpl.java:setRole(184)) - 3aea292b-16fb-4e9b-be90-828afa8e8047@group-896385CD49EE: changes role from  FOLLOWER to FOLLOWER at term 405 for recognizeCandidate:b32d7882-88db-4fe6-9cca-6a25122d474d
2019-10-17 02:15:22,878 [Thread-3806] INFO  impl.FollowerState (FollowerState.java:run(117)) - a6b2ebfb-69a0-457c-b6cd-a50cc148b564@group-896385CD49EE-FollowerState was interrupted: java.lang.InterruptedException: sleep interrupted
2019-10-17 02:15:22,878 [grpc-default-executor-0] INFO  impl.RoleInfo (RoleInfo.java:updateAndGet(143)) - a6b2ebfb-69a0-457c-b6cd-a50cc148b564: start FollowerState
2019-10-17 02:15:22,878 [grpc-default-executor-1] INFO  impl.RoleInfo (RoleInfo.java:shutdownFollowerState(121)) - 3aea292b-16fb-4e9b-be90-828afa8e8047: shutdown FollowerState
2019-10-17 02:15:22,879 [grpc-default-executor-1] INFO  impl.RoleInfo (RoleInfo.java:updateAndGet(143)) - 3aea292b-16fb-4e9b-be90-828afa8e8047: start FollowerState
2019-10-17 02:15:22,879 [Thread-3807] INFO  impl.FollowerState (FollowerState.java:run(117)) - 3aea292b-16fb-4e9b-be90-828afa8e8047@group-896385CD49EE-FollowerState was interrupted: java.lang.InterruptedException: sleep interrupted
2019-10-17 02:15:22,893 [b32d7882-88db-4fe6-9cca-6a25122d474d@group-896385CD49EE-LeaderElection439] INFO  impl.LeaderElection (LeaderElection.java:logAndReturn(56)) - b32d7882-88db-4fe6-9cca-6a25122d474d@group-896385CD49EE-LeaderElection439: Election REJECTED; received 2 response(s) [b32d7882-88db-4fe6-9cca-6a25122d474d<-3aea292b-16fb-4e9b-be90-828afa8e8047#0:FAIL-t405, b32d7882-88db-4fe6-9cca-6a25122d474d<-a6b2ebfb-69a0-457c-b6cd-a50cc148b564#0:FAIL-t405] and 0 exception(s); b32d7882-88db-4fe6-9cca-6a25122d474d@group-896385CD49EE:t405, leader=null, voted=b32d7882-88db-4fe6-9cca-6a25122d474d, raftlog=b32d7882-88db-4fe6-9cca-6a25122d474d@group-896385CD49EE-SegmentedRaftLog:OPENED:c-1,f-1,i0, conf=-1: [b32d7882-88db-4fe6-9cca-6a25122d474d:192.168.157.194:42206, 3aea292b-16fb-4e9b-be90-828afa8e8047:192.168.157.194:34569, a6b2ebfb-69a0-457c-b6cd-a50cc148b564:192.168.157.194:37298], old=null
2019-10-17 02:15:22,893 [b32d7882-88db-4fe6-9cca-6a25122d474d@group-896385CD49EE-LeaderElection439] INFO  impl.RaftServerImpl (RaftServerImpl.java:setRole(184)) - b32d7882-88db-4fe6-9cca-6a25122d474d@group-896385CD49EE: changes role from CANDIDATE to FOLLOWER at term 405 for DISCOVERED_A_NEW_TERM
2019-10-17 02:15:22,893 [b32d7882-88db-4fe6-9cca-6a25122d474d@group-896385CD49EE-LeaderElection439] INFO  impl.RoleInfo (RoleInfo.java:shutdownLeaderElection(134)) - b32d7882-88db-4fe6-9cca-6a25122d474d: shutdown LeaderElection
2019-10-17 02:15:22,893 [b32d7882-88db-4fe6-9cca-6a25122d474d@group-896385CD49EE-LeaderElection439] INFO  impl.RoleInfo (RoleInfo.java:updateAndGet(143)) - b32d7882-88db-4fe6-9cca-6a25122d474d: start FollowerState
2019-10-17 02:15:22,951 [Thread-3814] INFO  impl.FollowerState (FollowerState.java:run(108)) - b32d7882-88db-4fe6-9cca-6a25122d474d@group-896385CD49EE-FollowerState: change to CANDIDATE, lastRpcTime:58ms, electionTimeout:58ms
2019-10-17 02:15:22,951 [Thread-3814] INFO  impl.RoleInfo (RoleInfo.java:shutdownFollowerState(121)) - b32d7882-88db-4fe6-9cca-6a25122d474d: shutdown FollowerState
2019-10-17 02:15:22,952 [Thread-3814] INFO  impl.RaftServerImpl (RaftServerImpl.java:setRole(184)) - b32d7882-88db-4fe6-9cca-6a25122d474d@group-896385CD49EE: changes role from  FOLLOWER to CANDIDATE at term 405 for changeToCandidate
2019-10-17 02:15:22,952 [Thread-3814] INFO  impl.RoleInfo (RoleInfo.java:updateAndGet(143)) - b32d7882-88db-4fe6-9cca-6a25122d474d: start LeaderElection
2019-10-17 02:15:22,965 [b32d7882-88db-4fe6-9cca-6a25122d474d@group-896385CD49EE-LeaderElection440] INFO  impl.LeaderElection (LeaderElection.java:askForVotes(178)) - b32d7882-88db-4fe6-9cca-6a25122d474d@group-896385CD49EE-LeaderElection440: begin an election at term 406 for -1: [b32d7882-88db-4fe6-9cca-6a25122d474d:192.168.157.194:42206, 3aea292b-16fb-4e9b-be90-828afa8e8047:192.168.157.194:34569, a6b2ebfb-69a0-457c-b6cd-a50cc148b564:192.168.157.194:37298], old=null
2019-10-17 02:15:22,966 [grpc-default-executor-1] INFO  impl.RaftServerImpl (RaftServerImpl.java:setRole(184)) - a6b2ebfb-69a0-457c-b6cd-a50cc148b564@group-896385CD49EE: changes role from  FOLLOWER to FOLLOWER at term 406 for recognizeCandidate:b32d7882-88db-4fe6-9cca-6a25122d474d
2019-10-17 02:15:22,966 [grpc-default-executor-1] INFO  impl.RoleInfo (RoleInfo.java:shutdownFollowerState(121)) - a6b2ebfb-69a0-457c-b6cd-a50cc148b564: shutdown FollowerState
2019-10-17 02:15:22,966 [grpc-default-executor-1] INFO  impl.RoleInfo (RoleInfo.java:updateAndGet(143)) - a6b2ebfb-69a0-457c-b6cd-a50cc148b564: start FollowerState
2019-10-17 02:15:22,966 [Thread-3812] INFO  impl.FollowerState (FollowerState.java:run(117)) - a6b2ebfb-69a0-457c-b6cd-a50cc148b564@group-896385CD49EE-FollowerState was interrupted: java.lang.InterruptedException: sleep interrupted
2019-10-17 02:15:22,966 [grpc-default-executor-0] INFO  impl.RaftServerImpl (RaftServerImpl.java:setRole(184)) - 3aea292b-16fb-4e9b-be90-828afa8e8047@group-896385CD49EE: changes role from  FOLLOWER to FOLLOWER at term 406 for recognizeCandidate:b32d7882-88db-4fe6-9cca-6a25122d474d
2019-10-17 02:15:22,966 [grpc-default-executor-0] INFO  impl.RoleInfo (RoleInfo.java:shutdownFollowerState(121)) - 3aea292b-16fb-4e9b-be90-828afa8e8047: shutdown FollowerState
2019-10-17 02:15:22,966 [grpc-default-executor-0] INFO  impl.RoleInfo (RoleInfo.java:updateAndGet(143)) - 3aea292b-16fb-4e9b-be90-828afa8e8047: start FollowerState
2019-10-17 02:15:22,966 [Thread-3813] INFO  impl.FollowerState (FollowerState.java:run(117)) - 3aea292b-16fb-4e9b-be90-828afa8e8047@group-896385CD49EE-FollowerState was interrupted: java.lang.InterruptedException: sleep interrupted
2019-10-17 02:15:22,980 [b32d7882-88db-4fe6-9cca-6a25122d474d@group-896385CD49EE-LeaderElection440] INFO  impl.LeaderElection (LeaderElection.java:logAndReturn(56)) - b32d7882-88db-4fe6-9cca-6a25122d474d@group-896385CD49EE-LeaderElection440: Election REJECTED; received 2 response(s) [b32d7882-88db-4fe6-9cca-6a25122d474d<-3aea292b-16fb-4e9b-be90-828afa8e8047#0:FAIL-t406, b32d7882-88db-4fe6-9cca-6a25122d474d<-a6b2ebfb-69a0-457c-b6cd-a50cc148b564#0:FAIL-t406] and 0 exception(s); b32d7882-88db-4fe6-9cca-6a25122d474d@group-896385CD49EE:t406, leader=null, voted=b32d7882-88db-4fe6-9cca-6a25122d474d, raftlog=b32d7882-88db-4fe6-9cca-6a25122d474d@group-896385CD49EE-SegmentedRaftLog:OPENED:c-1,f-1,i0, conf=-1: [b32d7882-88db-4fe6-9cca-6a25122d474d:192.168.157.194:42206, 3aea292b-16fb-4e9b-be90-828afa8e8047:192.168.157.194:34569, a6b2ebfb-69a0-457c-b6cd-a50cc148b564:192.168.157.194:37298], old=null
2019-10-17 02:15:22,980 [b32d7882-88db-4fe6-9cca-6a25122d474d@group-896385CD49EE-LeaderElection440] INFO  impl.RaftServerImpl (RaftServerImpl.java:setRole(184)) - b32d7882-88db-4fe6-9cca-6a25122d474d@group-896385CD49EE: changes role from CANDIDATE to FOLLOWER at term 406 for DISCOVERED_A_NEW_TERM
2019-10-17 02:15:22,980 [b32d7882-88db-4fe6-9cca-6a25122d474d@group-896385CD49EE-LeaderElection440] INFO  impl.RoleInfo (RoleInfo.java:shutdownLeaderElection(134)) - b32d7882-88db-4fe6-9cca-6a25122d474d: shutdown LeaderElection
2019-10-17 02:15:22,980 [b32d7882-88db-4fe6-9cca-6a25122d474d@group-896385CD49EE-LeaderElection440] INFO  impl.RoleInfo (RoleInfo.java:updateAndGet(143)) - b32d7882-88db-4fe6-9cca-6a25122d474d: start FollowerState
2019-10-17 02:15:23,122 [Thread-3820] INFO  impl.FollowerState (FollowerState.java:run(108)) - b32d7882-88db-4fe6-9cca-6a25122d474d@group-896385CD49EE-FollowerState: change to CANDIDATE, lastRpcTime:142ms, electionTimeout:142ms
2019-10-17 02:15:23,123 [Thread-3820] INFO  impl.RoleInfo (RoleInfo.java:shutdownFollowerState(121)) - b32d7882-88db-4fe6-9cca-6a25122d474d: shutdown FollowerState
2019-10-17 02:15:23,123 [Thread-3820] INFO  impl.RaftServerImpl (RaftServerImpl.java:setRole(184)) - b32d7882-88db-4fe6-9cca-6a25122d474d@group-896385CD49EE: changes role from  FOLLOWER to CANDIDATE at term 406 for changeToCandidate
2019-10-17 02:15:23,123 [Thread-3820] INFO  impl.RoleInfo (RoleInfo.java:updateAndGet(143)) - b32d7882-88db-4fe6-9cca-6a25122d474d: start LeaderElection
2019-10-17 02:15:23,136 [b32d7882-88db-4fe6-9cca-6a25122d474d@group-896385CD49EE-LeaderElection441] INFO  impl.LeaderElection (LeaderElection.java:askForVotes(178)) - b32d7882-88db-4fe6-9cca-6a25122d474d@group-896385CD49EE-LeaderElection441: begin an election at term 407 for -1: [b32d7882-88db-4fe6-9cca-6a25122d474d:192.168.157.194:42206, 3aea292b-16fb-4e9b-be90-828afa8e8047:192.168.157.194:34569, a6b2ebfb-69a0-457c-b6cd-a50cc148b564:192.168.157.194:37298], old=null
2019-10-17 02:15:23,138 [grpc-default-executor-0] INFO  impl.RaftServerImpl (RaftServerImpl.java:setRole(184)) - a6b2ebfb-69a0-457c-b6cd-a50cc148b564@group-896385CD49EE: changes role from  FOLLOWER to FOLLOWER at term 407 for recognizeCandidate:b32d7882-88db-4fe6-9cca-6a25122d474d
2019-10-17 02:15:23,138 [grpc-default-executor-1] INFO  impl.RaftServerImpl (RaftServerImpl.java:setRole(184)) - 3aea292b-16fb-4e9b-be90-828afa8e8047@group-896385CD49EE: changes role from  FOLLOWER to FOLLOWER at term 407 for recognizeCandidate:b32d7882-88db-4fe6-9cca-6a25122d474d
2019-10-17 02:15:23,138 [grpc-default-executor-1] INFO  impl.RoleInfo (RoleInfo.java:shutdownFollowerState(121)) - 3aea292b-16fb-4e9b-be90-828afa8e8047: shutdown FollowerState
2019-10-17 02:15:23,138 [grpc-default-executor-0] INFO  impl.RoleInfo (RoleInfo.java:shutdownFollowerState(121)) - a6b2ebfb-69a0-457c-b6cd-a50cc148b564: shutdown FollowerState
2019-10-17 02:15:23,138 [Thread-3819] INFO  impl.FollowerState (FollowerState.java:run(117)) - 3aea292b-16fb-4e9b-be90-828afa8e8047@group-896385CD49EE-FollowerState was interrupted: java.lang.InterruptedException: sleep interrupted
2019-10-17 02:15:23,138 [grpc-default-executor-1] INFO  impl.RoleInfo (RoleInfo.java:updateAndGet(143)) - 3aea292b-16fb-4e9b-be90-828afa8e8047: start FollowerState
2019-10-17 02:15:23,138 [Thread-3818] INFO  impl.FollowerState (FollowerState.java:run(117)) - a6b2ebfb-69a0-457c-b6cd-a50cc148b564@group-896385CD49EE-FollowerState was interrupted: java.lang.InterruptedException: sleep interrupted
2019-10-17 02:15:23,138 [grpc-default-executor-0] INFO  impl.RoleInfo (RoleInfo.java:updateAndGet(143)) - a6b2ebfb-69a0-457c-b6cd-a50cc148b564: start FollowerState
2019-10-17 02:15:23,152 [b32d7882-88db-4fe6-9cca-6a25122d474d@group-896385CD49EE-LeaderElection441] INFO  impl.LeaderElection (LeaderElection.java:logAndReturn(56)) - b32d7882-88db-4fe6-9cca-6a25122d474d@group-896385CD49EE-LeaderElection441: Election REJECTED; received 2 response(s) [b32d7882-88db-4fe6-9cca-6a25122d474d<-3aea292b-16fb-4e9b-be90-828afa8e8047#0:FAIL-t407, b32d7882-88db-4fe6-9cca-6a25122d474d<-a6b2ebfb-69a0-457c-b6cd-a50cc148b564#0:FAIL-t407] and 0 exception(s); b32d7882-88db-4fe6-9cca-6a25122d474d@group-896385CD49EE:t407, leader=null, voted=b32d7882-88db-4fe6-9cca-6a25122d474d, raftlog=b32d7882-88db-4fe6-9cca-6a25122d474d@group-896385CD49EE-SegmentedRaftLog:OPENED:c-1,f-1,i0, conf=-1: [b32d7882-88db-4fe6-9cca-6a25122d474d:192.168.157.194:42206, 3aea292b-16fb-4e9b-be90-828afa8e8047:192.168.157.194:34569, a6b2ebfb-69a0-457c-b6cd-a50cc148b564:192.168.157.194:37298], old=null
2019-10-17 02:15:23,152 [b32d7882-88db-4fe6-9cca-6a25122d474d@group-896385CD49EE-LeaderElection441] INFO  impl.RaftServerImpl (RaftServerImpl.java:setRole(184)) - b32d7882-88db-4fe6-9cca-6a25122d474d@group-896385CD49EE: changes role from CANDIDATE to FOLLOWER at term 407 for DISCOVERED_A_NEW_TERM
2019-10-17 02:15:23,153 [b32d7882-88db-4fe6-9cca-6a25122d474d@group-896385CD49EE-LeaderElection441] INFO  impl.RoleInfo (RoleInfo.java:shutdownLeaderElection(134)) - b32d7882-88db-4fe6-9cca-6a25122d474d: shutdown LeaderElection
2019-10-17 02:15:23,153 [b32d7882-88db-4fe6-9cca-6a25122d474d@group-896385CD49EE-LeaderElection441] INFO  impl.RoleInfo (RoleInfo.java:updateAndGet(143)) - b32d7882-88db-4fe6-9cca-6a25122d474d: start FollowerState
2019-10-17 02:15:23,185 [main] INFO  ozone.MiniOzoneClusterImpl (MiniOzoneClusterImpl.java:lambda$waitForClusterToBeReady$2(164)) - Waiting for 1 number of pipelines out of 4, to report a leader.
2019-10-17 02:15:23,318 [Thread-3826] INFO  impl.FollowerState (FollowerState.java:run(108)) - b32d7882-88db-4fe6-9cca-6a25122d474d@group-896385CD49EE-FollowerState: change to CANDIDATE, lastRpcTime:165ms, electionTimeout:165ms
2019-10-17 02:15:23,318 [Thread-3826] INFO  impl.RoleInfo (RoleInfo.java:shutdownFollowerState(121)) - b32d7882-88db-4fe6-9cca-6a25122d474d: shutdown FollowerState
2019-10-17 02:15:23,318 [Thread-3826] INFO  impl.RaftServerImpl (RaftServerImpl.java:setRole(184)) - b32d7882-88db-4fe6-9cca-6a25122d474d@group-896385CD49EE: changes role from  FOLLOWER to CANDIDATE at term 407 for changeToCandidate
2019-10-17 02:15:23,318 [Thread-3826] INFO  impl.RoleInfo (RoleInfo.java:updateAndGet(143)) - b32d7882-88db-4fe6-9cca-6a25122d474d: start LeaderElection
2019-10-17 02:15:23,332 [b32d7882-88db-4fe6-9cca-6a25122d474d@group-896385CD49EE-LeaderElection442] INFO  impl.LeaderElection (LeaderElection.java:askForVotes(178)) - b32d7882-88db-4fe6-9cca-6a25122d474d@group-896385CD49EE-LeaderElection442: begin an election at term 408 for -1: [b32d7882-88db-4fe6-9cca-6a25122d474d:192.168.157.194:42206, 3aea292b-16fb-4e9b-be90-828afa8e8047:192.168.157.194:34569, a6b2ebfb-69a0-457c-b6cd-a50cc148b564:192.168.157.194:37298], old=null
2019-10-17 02:15:23,333 [grpc-default-executor-1] INFO  impl.RaftServerImpl (RaftServerImpl.java:setRole(184)) - 3aea292b-16fb-4e9b-be90-828afa8e8047@group-896385CD49EE: changes role from  FOLLOWER to FOLLOWER at term 408 for recognizeCandidate:b32d7882-88db-4fe6-9cca-6a25122d474d
2019-10-17 02:15:23,333 [grpc-default-executor-0] INFO  impl.RaftServerImpl (RaftServerImpl.java:setRole(184)) - a6b2ebfb-69a0-457c-b6cd-a50cc148b564@group-896385CD49EE: changes role from  FOLLOWER to FOLLOWER at term 408 for recognizeCandidate:b32d7882-88db-4fe6-9cca-6a25122d474d
2019-10-17 02:15:23,334 [grpc-default-executor-1] INFO  impl.RoleInfo (RoleInfo.java:shutdownFollowerState(121)) - 3aea292b-16fb-4e9b-be90-828afa8e8047: shutdown FollowerState
2019-10-17 02:15:23,334 [grpc-default-executor-0] INFO  impl.RoleInfo (RoleInfo.java:shutdownFollowerState(121)) - a6b2ebfb-69a0-457c-b6cd-a50cc148b564: shutdown FollowerState
2019-10-17 02:15:23,334 [Thread-3824] INFO  impl.FollowerState (FollowerState.java:run(117)) - 3aea292b-16fb-4e9b-be90-828afa8e8047@group-896385CD49EE-FollowerState was interrupted: java.lang.InterruptedException: sleep interrupted
2019-10-17 02:15:23,334 [grpc-default-executor-1] INFO  impl.RoleInfo (RoleInfo.java:updateAndGet(143)) - 3aea292b-16fb-4e9b-be90-828afa8e8047: start FollowerState
2019-10-17 02:15:23,334 [grpc-default-executor-0] INFO  impl.RoleInfo (RoleInfo.java:updateAndGet(143)) - a6b2ebfb-69a0-457c-b6cd-a50cc148b564: start FollowerState
2019-10-17 02:15:23,334 [Thread-3825] INFO  impl.FollowerState (FollowerState.java:run(117)) - a6b2ebfb-69a0-457c-b6cd-a50cc148b564@group-896385CD49EE-FollowerState was interrupted: java.lang.InterruptedException: sleep interrupted
2019-10-17 02:15:23,348 [b32d7882-88db-4fe6-9cca-6a25122d474d@group-896385CD49EE-LeaderElection442] INFO  impl.LeaderElection (LeaderElection.java:logAndReturn(56)) - b32d7882-88db-4fe6-9cca-6a25122d474d@group-896385CD49EE-LeaderElection442: Election REJECTED; received 2 response(s) [b32d7882-88db-4fe6-9cca-6a25122d474d<-3aea292b-16fb-4e9b-be90-828afa8e8047#0:FAIL-t408, b32d7882-88db-4fe6-9cca-6a25122d474d<-a6b2ebfb-69a0-457c-b6cd-a50cc148b564#0:FAIL-t408] and 0 exception(s); b32d7882-88db-4fe6-9cca-6a25122d474d@group-896385CD49EE:t408, leader=null, voted=b32d7882-88db-4fe6-9cca-6a25122d474d, raftlog=b32d7882-88db-4fe6-9cca-6a25122d474d@group-896385CD49EE-SegmentedRaftLog:OPENED:c-1,f-1,i0, conf=-1: [b32d7882-88db-4fe6-9cca-6a25122d474d:192.168.157.194:42206, 3aea292b-16fb-4e9b-be90-828afa8e8047:192.168.157.194:34569, a6b2ebfb-69a0-457c-b6cd-a50cc148b564:192.168.157.194:37298], old=null
2019-10-17 02:15:23,348 [b32d7882-88db-4fe6-9cca-6a25122d474d@group-896385CD49EE-LeaderElection442] INFO  impl.RaftServerImpl (RaftServerImpl.java:setRole(184)) - b32d7882-88db-4fe6-9cca-6a25122d474d@group-896385CD49EE: changes role from CANDIDATE to FOLLOWER at term 408 for DISCOVERED_A_NEW_TERM
2019-10-17 02:15:23,348 [b32d7882-88db-4fe6-9cca-6a25122d474d@group-896385CD49EE-LeaderElection442] INFO  impl.RoleInfo (RoleInfo.java:shutdownLeaderElection(134)) - b32d7882-88db-4fe6-9cca-6a25122d474d: shutdown LeaderElection
2019-10-17 02:15:23,348 [b32d7882-88db-4fe6-9cca-6a25122d474d@group-896385CD49EE-LeaderElection442] INFO  impl.RoleInfo (RoleInfo.java:updateAndGet(143)) - b32d7882-88db-4fe6-9cca-6a25122d474d: start FollowerState
2019-10-17 02:15:23,478 [Thread-3832] INFO  impl.FollowerState (FollowerState.java:run(108)) - b32d7882-88db-4fe6-9cca-6a25122d474d@group-896385CD49EE-FollowerState: change to CANDIDATE, lastRpcTime:130ms, electionTimeout:130ms
2019-10-17 02:15:23,478 [Thread-3832] INFO  impl.RoleInfo (RoleInfo.java:shutdownFollowerState(121)) - b32d7882-88db-4fe6-9cca-6a25122d474d: shutdown FollowerState
2019-10-17 02:15:23,479 [Thread-3832] INFO  impl.RaftServerImpl (RaftServerImpl.java:setRole(184)) - b32d7882-88db-4fe6-9cca-6a25122d474d@group-896385CD49EE: changes role from  FOLLOWER to CANDIDATE at term 408 for changeToCandidate
2019-10-17 02:15:23,479 [Thread-3832] INFO  impl.RoleInfo (RoleInfo.java:updateAndGet(143)) - b32d7882-88db-4fe6-9cca-6a25122d474d: start LeaderElection
2019-10-17 02:15:23,493 [b32d7882-88db-4fe6-9cca-6a25122d474d@group-896385CD49EE-LeaderElection443] INFO  impl.LeaderElection (LeaderElection.java:askForVotes(178)) - b32d7882-88db-4fe6-9cca-6a25122d474d@group-896385CD49EE-LeaderElection443: begin an election at term 409 for -1: [b32d7882-88db-4fe6-9cca-6a25122d474d:192.168.157.194:42206, 3aea292b-16fb-4e9b-be90-828afa8e8047:192.168.157.194:34569, a6b2ebfb-69a0-457c-b6cd-a50cc148b564:192.168.157.194:37298], old=null
2019-10-17 02:15:23,494 [grpc-default-executor-0] INFO  impl.RaftServerImpl (RaftServerImpl.java:setRole(184)) - 3aea292b-16fb-4e9b-be90-828afa8e8047@group-896385CD49EE: changes role from  FOLLOWER to FOLLOWER at term 409 for recognizeCandidate:b32d7882-88db-4fe6-9cca-6a25122d474d
2019-10-17 02:15:23,494 [grpc-default-executor-0] INFO  impl.RoleInfo (RoleInfo.java:shutdownFollowerState(121)) - 3aea292b-16fb-4e9b-be90-828afa8e8047: shutdown FollowerState
2019-10-17 02:15:23,494 [grpc-default-executor-0] INFO  impl.RoleInfo (RoleInfo.java:updateAndGet(143)) - 3aea292b-16fb-4e9b-be90-828afa8e8047: start FollowerState
2019-10-17 02:15:23,494 [grpc-default-executor-1] INFO  impl.RaftServerImpl (RaftServerImpl.java:setRole(184)) - a6b2ebfb-69a0-457c-b6cd-a50cc148b564@group-896385CD49EE: changes role from  FOLLOWER to FOLLOWER at term 409 for recognizeCandidate:b32d7882-88db-4fe6-9cca-6a25122d474d
2019-10-17 02:15:23,494 [grpc-default-executor-1] INFO  impl.RoleInfo (RoleInfo.java:shutdownFollowerState(121)) - a6b2ebfb-69a0-457c-b6cd-a50cc148b564: shutdown FollowerState
2019-10-17 02:15:23,494 [Thread-3830] INFO  impl.FollowerState (FollowerState.java:run(117)) - 3aea292b-16fb-4e9b-be90-828afa8e8047@group-896385CD49EE-FollowerState was interrupted: java.lang.InterruptedException: sleep interrupted
2019-10-17 02:15:23,494 [grpc-default-executor-1] INFO  impl.RoleInfo (RoleInfo.java:updateAndGet(143)) - a6b2ebfb-69a0-457c-b6cd-a50cc148b564: start FollowerState
2019-10-17 02:15:23,495 [Thread-3831] INFO  impl.FollowerState (FollowerState.java:run(117)) - a6b2ebfb-69a0-457c-b6cd-a50cc148b564@group-896385CD49EE-FollowerState was interrupted: java.lang.InterruptedException: sleep interrupted
2019-10-17 02:15:23,496 [b32d7882-88db-4fe6-9cca-6a25122d474d@group-896385CD49EE-LeaderElection443] INFO  impl.LeaderElection (LeaderElection.java:logAndReturn(56)) - b32d7882-88db-4fe6-9cca-6a25122d474d@group-896385CD49EE-LeaderElection443: Election TIMEOUT; received 0 response(s) [] and 0 exception(s); b32d7882-88db-4fe6-9cca-6a25122d474d@group-896385CD49EE:t409, leader=null, voted=b32d7882-88db-4fe6-9cca-6a25122d474d, raftlog=b32d7882-88db-4fe6-9cca-6a25122d474d@group-896385CD49EE-SegmentedRaftLog:OPENED:c-1,f-1,i0, conf=-1: [b32d7882-88db-4fe6-9cca-6a25122d474d:192.168.157.194:42206, 3aea292b-16fb-4e9b-be90-828afa8e8047:192.168.157.194:34569, a6b2ebfb-69a0-457c-b6cd-a50cc148b564:192.168.157.194:37298], old=null
2019-10-17 02:15:23,508 [b32d7882-88db-4fe6-9cca-6a25122d474d@group-896385CD49EE-LeaderElection443] INFO  impl.LeaderElection (LeaderElection.java:askForVotes(178)) - b32d7882-88db-4fe6-9cca-6a25122d474d@group-896385CD49EE-LeaderElection443: begin an election at term 410 for -1: [b32d7882-88db-4fe6-9cca-6a25122d474d:192.168.157.194:42206, 3aea292b-16fb-4e9b-be90-828afa8e8047:192.168.157.194:34569, a6b2ebfb-69a0-457c-b6cd-a50cc148b564:192.168.157.194:37298], old=null
2019-10-17 02:15:23,509 [grpc-default-executor-0] INFO  impl.RaftServerImpl (RaftServerImpl.java:setRole(184)) - 3aea292b-16fb-4e9b-be90-828afa8e8047@group-896385CD49EE: changes role from  FOLLOWER to FOLLOWER at term 410 for recognizeCandidate:b32d7882-88db-4fe6-9cca-6a25122d474d
2019-10-17 02:15:23,509 [grpc-default-executor-0] INFO  impl.RoleInfo (RoleInfo.java:shutdownFollowerState(121)) - 3aea292b-16fb-4e9b-be90-828afa8e8047: shutdown FollowerState
2019-10-17 02:15:23,510 [grpc-default-executor-0] INFO  impl.RoleInfo (RoleInfo.java:updateAndGet(143)) - 3aea292b-16fb-4e9b-be90-828afa8e8047: start FollowerState
2019-10-17 02:15:23,510 [grpc-default-executor-1] INFO  impl.RaftServerImpl (RaftServerImpl.java:setRole(184)) - a6b2ebfb-69a0-457c-b6cd-a50cc148b564@group-896385CD49EE: changes role from  FOLLOWER to FOLLOWER at term 410 for recognizeCandidate:b32d7882-88db-4fe6-9cca-6a25122d474d
2019-10-17 02:15:23,510 [grpc-default-executor-1] INFO  impl.RoleInfo (RoleInfo.java:shutdownFollowerState(121)) - a6b2ebfb-69a0-457c-b6cd-a50cc148b564: shutdown FollowerState
2019-10-17 02:15:23,510 [Thread-3836] INFO  impl.FollowerState (FollowerState.java:run(117)) - 3aea292b-16fb-4e9b-be90-828afa8e8047@group-896385CD49EE-FollowerState was interrupted: java.lang.InterruptedException: sleep interrupted
2019-10-17 02:15:23,513 [grpc-default-executor-1] INFO  impl.RoleInfo (RoleInfo.java:updateAndGet(143)) - a6b2ebfb-69a0-457c-b6cd-a50cc148b564: start FollowerState
2019-10-17 02:15:23,513 [Thread-3837] INFO  impl.FollowerState (FollowerState.java:run(117)) - a6b2ebfb-69a0-457c-b6cd-a50cc148b564@group-896385CD49EE-FollowerState was interrupted: java.lang.InterruptedException: sleep interrupted
2019-10-17 02:15:23,525 [b32d7882-88db-4fe6-9cca-6a25122d474d@group-896385CD49EE-LeaderElection443] INFO  impl.LeaderElection (LeaderElection.java:logAndReturn(56)) - b32d7882-88db-4fe6-9cca-6a25122d474d@group-896385CD49EE-LeaderElection443: Election REJECTED; received 2 response(s) [b32d7882-88db-4fe6-9cca-6a25122d474d<-3aea292b-16fb-4e9b-be90-828afa8e8047#0:FAIL-t410, b32d7882-88db-4fe6-9cca-6a25122d474d<-a6b2ebfb-69a0-457c-b6cd-a50cc148b564#0:FAIL-t410] and 0 exception(s); b32d7882-88db-4fe6-9cca-6a25122d474d@group-896385CD49EE:t410, leader=null, voted=b32d7882-88db-4fe6-9cca-6a25122d474d, raftlog=b32d7882-88db-4fe6-9cca-6a25122d474d@group-896385CD49EE-SegmentedRaftLog:OPENED:c-1,f-1,i0, conf=-1: [b32d7882-88db-4fe6-9cca-6a25122d474d:192.168.157.194:42206, 3aea292b-16fb-4e9b-be90-828afa8e8047:192.168.157.194:34569, a6b2ebfb-69a0-457c-b6cd-a50cc148b564:192.168.157.194:37298], old=null
2019-10-17 02:15:23,526 [b32d7882-88db-4fe6-9cca-6a25122d474d@group-896385CD49EE-LeaderElection443] INFO  impl.RaftServerImpl (RaftServerImpl.java:setRole(184)) - b32d7882-88db-4fe6-9cca-6a25122d474d@group-896385CD49EE: changes role from CANDIDATE to FOLLOWER at term 410 for DISCOVERED_A_NEW_TERM
2019-10-17 02:15:23,526 [b32d7882-88db-4fe6-9cca-6a25122d474d@group-896385CD49EE-LeaderElection443] INFO  impl.RoleInfo (RoleInfo.java:shutdownLeaderElection(134)) - b32d7882-88db-4fe6-9cca-6a25122d474d: shutdown LeaderElection
2019-10-17 02:15:23,526 [b32d7882-88db-4fe6-9cca-6a25122d474d@group-896385CD49EE-LeaderElection443] INFO  impl.RoleInfo (RoleInfo.java:updateAndGet(143)) - b32d7882-88db-4fe6-9cca-6a25122d474d: start FollowerState
2019-10-17 02:15:23,715 [Thread-3842] INFO  impl.FollowerState (FollowerState.java:run(108)) - b32d7882-88db-4fe6-9cca-6a25122d474d@group-896385CD49EE-FollowerState: change to CANDIDATE, lastRpcTime:189ms, electionTimeout:189ms
2019-10-17 02:15:23,716 [Thread-3842] INFO  impl.RoleInfo (RoleInfo.java:shutdownFollowerState(121)) - b32d7882-88db-4fe6-9cca-6a25122d474d: shutdown FollowerState
2019-10-17 02:15:23,716 [Thread-3842] INFO  impl.RaftServerImpl (RaftServerImpl.java:setRole(184)) - b32d7882-88db-4fe6-9cca-6a25122d474d@group-896385CD49EE: changes role from  FOLLOWER to CANDIDATE at term 410 for changeToCandidate
2019-10-17 02:15:23,716 [Thread-3842] INFO  impl.RoleInfo (RoleInfo.java:updateAndGet(143)) - b32d7882-88db-4fe6-9cca-6a25122d474d: start LeaderElection
2019-10-17 02:15:23,729 [b32d7882-88db-4fe6-9cca-6a25122d474d@group-896385CD49EE-LeaderElection444] INFO  impl.LeaderElection (LeaderElection.java:askForVotes(178)) - b32d7882-88db-4fe6-9cca-6a25122d474d@group-896385CD49EE-LeaderElection444: begin an election at term 411 for -1: [b32d7882-88db-4fe6-9cca-6a25122d474d:192.168.157.194:42206, 3aea292b-16fb-4e9b-be90-828afa8e8047:192.168.157.194:34569, a6b2ebfb-69a0-457c-b6cd-a50cc148b564:192.168.157.194:37298], old=null
2019-10-17 02:15:23,731 [grpc-default-executor-0] INFO  impl.RaftServerImpl (RaftServerImpl.java:setRole(184)) - 3aea292b-16fb-4e9b-be90-828afa8e8047@group-896385CD49EE: changes role from  FOLLOWER to FOLLOWER at term 411 for recognizeCandidate:b32d7882-88db-4fe6-9cca-6a25122d474d
2019-10-17 02:15:23,731 [grpc-default-executor-1] INFO  impl.RaftServerImpl (RaftServerImpl.java:setRole(184)) - a6b2ebfb-69a0-457c-b6cd-a50cc148b564@group-896385CD49EE: changes role from  FOLLOWER to FOLLOWER at term 411 for recognizeCandidate:b32d7882-88db-4fe6-9cca-6a25122d474d
2019-10-17 02:15:23,731 [grpc-default-executor-0] INFO  impl.RoleInfo (RoleInfo.java:shutdownFollowerState(121)) - 3aea292b-16fb-4e9b-be90-828afa8e8047: shutdown FollowerState
2019-10-17 02:15:23,732 [grpc-default-executor-1] INFO  impl.RoleInfo (RoleInfo.java:shutdownFollowerState(121)) - a6b2ebfb-69a0-457c-b6cd-a50cc148b564: shutdown FollowerState
2019-10-17 02:15:23,732 [Thread-3840] INFO  impl.FollowerState (FollowerState.java:run(117)) - 3aea292b-16fb-4e9b-be90-828afa8e8047@group-896385CD49EE-FollowerState was interrupted: java.lang.InterruptedException: sleep interrupted
2019-10-17 02:15:23,732 [grpc-default-executor-0] INFO  impl.RoleInfo (RoleInfo.java:updateAndGet(143)) - 3aea292b-16fb-4e9b-be90-828afa8e8047: start FollowerState
2019-10-17 02:15:23,732 [grpc-default-executor-1] INFO  impl.RoleInfo (RoleInfo.java:updateAndGet(143)) - a6b2ebfb-69a0-457c-b6cd-a50cc148b564: start FollowerState
2019-10-17 02:15:23,732 [Thread-3841] INFO  impl.FollowerState (FollowerState.java:run(117)) - a6b2ebfb-69a0-457c-b6cd-a50cc148b564@group-896385CD49EE-FollowerState was interrupted: java.lang.InterruptedException: sleep interrupted
2019-10-17 02:15:23,746 [b32d7882-88db-4fe6-9cca-6a25122d474d@group-896385CD49EE-LeaderElection444] INFO  impl.LeaderElection (LeaderElection.java:logAndReturn(56)) - b32d7882-88db-4fe6-9cca-6a25122d474d@group-896385CD49EE-LeaderElection444: Election REJECTED; received 2 response(s) [b32d7882-88db-4fe6-9cca-6a25122d474d<-3aea292b-16fb-4e9b-be90-828afa8e8047#0:FAIL-t411, b32d7882-88db-4fe6-9cca-6a25122d474d<-a6b2ebfb-69a0-457c-b6cd-a50cc148b564#0:FAIL-t411] and 0 exception(s); b32d7882-88db-4fe6-9cca-6a25122d474d@group-896385CD49EE:t411, leader=null, voted=b32d7882-88db-4fe6-9cca-6a25122d474d, raftlog=b32d7882-88db-4fe6-9cca-6a25122d474d@group-896385CD49EE-SegmentedRaftLog:OPENED:c-1,f-1,i0, conf=-1: [b32d7882-88db-4fe6-9cca-6a25122d474d:192.168.157.194:42206, 3aea292b-16fb-4e9b-be90-828afa8e8047:192.168.157.194:34569, a6b2ebfb-69a0-457c-b6cd-a50cc148b564:192.168.157.194:37298], old=null
2019-10-17 02:15:23,746 [b32d7882-88db-4fe6-9cca-6a25122d474d@group-896385CD49EE-LeaderElection444] INFO  impl.RaftServerImpl (RaftServerImpl.java:setRole(184)) - b32d7882-88db-4fe6-9cca-6a25122d474d@group-896385CD49EE: changes role from CANDIDATE to FOLLOWER at term 411 for DISCOVERED_A_NEW_TERM
2019-10-17 02:15:23,746 [b32d7882-88db-4fe6-9cca-6a25122d474d@group-896385CD49EE-LeaderElection444] INFO  impl.RoleInfo (RoleInfo.java:shutdownLeaderElection(134)) - b32d7882-88db-4fe6-9cca-6a25122d474d: shutdown LeaderElection
2019-10-17 02:15:23,746 [b32d7882-88db-4fe6-9cca-6a25122d474d@group-896385CD49EE-LeaderElection444] INFO  impl.RoleInfo (RoleInfo.java:updateAndGet(143)) - b32d7882-88db-4fe6-9cca-6a25122d474d: start FollowerState
2019-10-17 02:15:23,800 [Thread-3848] INFO  impl.FollowerState (FollowerState.java:run(108)) - b32d7882-88db-4fe6-9cca-6a25122d474d@group-896385CD49EE-FollowerState: change to CANDIDATE, lastRpcTime:54ms, electionTimeout:54ms
2019-10-17 02:15:23,800 [Thread-3848] INFO  impl.RoleInfo (RoleInfo.java:shutdownFollowerState(121)) - b32d7882-88db-4fe6-9cca-6a25122d474d: shutdown FollowerState
2019-10-17 02:15:23,800 [Thread-3848] INFO  impl.RaftServerImpl (RaftServerImpl.java:setRole(184)) - b32d7882-88db-4fe6-9cca-6a25122d474d@group-896385CD49EE: changes role from  FOLLOWER to CANDIDATE at term 411 for changeToCandidate
2019-10-17 02:15:23,801 [Thread-3848] INFO  impl.RoleInfo (RoleInfo.java:updateAndGet(143)) - b32d7882-88db-4fe6-9cca-6a25122d474d: start LeaderElection
2019-10-17 02:15:23,814 [b32d7882-88db-4fe6-9cca-6a25122d474d@group-896385CD49EE-LeaderElection445] INFO  impl.LeaderElection (LeaderElection.java:askForVotes(178)) - b32d7882-88db-4fe6-9cca-6a25122d474d@group-896385CD49EE-LeaderElection445: begin an election at term 412 for -1: [b32d7882-88db-4fe6-9cca-6a25122d474d:192.168.157.194:42206, 3aea292b-16fb-4e9b-be90-828afa8e8047:192.168.157.194:34569, a6b2ebfb-69a0-457c-b6cd-a50cc148b564:192.168.157.194:37298], old=null
2019-10-17 02:15:23,815 [grpc-default-executor-0] INFO  impl.RaftServerImpl (RaftServerImpl.java:setRole(184)) - 3aea292b-16fb-4e9b-be90-828afa8e8047@group-896385CD49EE: changes role from  FOLLOWER to FOLLOWER at term 412 for recognizeCandidate:b32d7882-88db-4fe6-9cca-6a25122d474d
2019-10-17 02:15:23,815 [grpc-default-executor-1] INFO  impl.RaftServerImpl (RaftServerImpl.java:setRole(184)) - a6b2ebfb-69a0-457c-b6cd-a50cc148b564@group-896385CD49EE: changes role from  FOLLOWER to FOLLOWER at term 412 for recognizeCandidate:b32d7882-88db-4fe6-9cca-6a25122d474d
2019-10-17 02:15:23,815 [grpc-default-executor-0] INFO  impl.RoleInfo (RoleInfo.java:shutdownFollowerState(121)) - 3aea292b-16fb-4e9b-be90-828afa8e8047: shutdown FollowerState
2019-10-17 02:15:23,815 [grpc-default-executor-1] INFO  impl.RoleInfo (RoleInfo.java:shutdownFollowerState(121)) - a6b2ebfb-69a0-457c-b6cd-a50cc148b564: shutdown FollowerState
2019-10-17 02:15:23,816 [Thread-3846] INFO  impl.FollowerState (FollowerState.java:run(117)) - 3aea292b-16fb-4e9b-be90-828afa8e8047@group-896385CD49EE-FollowerState was interrupted: java.lang.InterruptedException: sleep interrupted
2019-10-17 02:15:23,816 [grpc-default-executor-0] INFO  impl.RoleInfo (RoleInfo.java:updateAndGet(143)) - 3aea292b-16fb-4e9b-be90-828afa8e8047: start FollowerState
2019-10-17 02:15:23,816 [Thread-3847] INFO  impl.FollowerState (FollowerState.java:run(117)) - a6b2ebfb-69a0-457c-b6cd-a50cc148b564@group-896385CD49EE-FollowerState was interrupted: java.lang.InterruptedException: sleep interrupted
2019-10-17 02:15:23,816 [grpc-default-executor-1] INFO  impl.RoleInfo (RoleInfo.java:updateAndGet(143)) - a6b2ebfb-69a0-457c-b6cd-a50cc148b564: start FollowerState
2019-10-17 02:15:23,829 [b32d7882-88db-4fe6-9cca-6a25122d474d@group-896385CD49EE-LeaderElection445] INFO  impl.LeaderElection (LeaderElection.java:logAndReturn(56)) - b32d7882-88db-4fe6-9cca-6a25122d474d@group-896385CD49EE-LeaderElection445: Election REJECTED; received 2 response(s) [b32d7882-88db-4fe6-9cca-6a25122d474d<-3aea292b-16fb-4e9b-be90-828afa8e8047#0:FAIL-t412, b32d7882-88db-4fe6-9cca-6a25122d474d<-a6b2ebfb-69a0-457c-b6cd-a50cc148b564#0:FAIL-t412] and 0 exception(s); b32d7882-88db-4fe6-9cca-6a25122d474d@group-896385CD49EE:t412, leader=null, voted=b32d7882-88db-4fe6-9cca-6a25122d474d, raftlog=b32d7882-88db-4fe6-9cca-6a25122d474d@group-896385CD49EE-SegmentedRaftLog:OPENED:c-1,f-1,i0, conf=-1: [b32d7882-88db-4fe6-9cca-6a25122d474d:192.168.157.194:42206, 3aea292b-16fb-4e9b-be90-828afa8e8047:192.168.157.194:34569, a6b2ebfb-69a0-457c-b6cd-a50cc148b564:192.168.157.194:37298], old=null
2019-10-17 02:15:23,830 [b32d7882-88db-4fe6-9cca-6a25122d474d@group-896385CD49EE-LeaderElection445] INFO  impl.RaftServerImpl (RaftServerImpl.java:setRole(184)) - b32d7882-88db-4fe6-9cca-6a25122d474d@group-896385CD49EE: changes role from CANDIDATE to FOLLOWER at term 412 for DISCOVERED_A_NEW_TERM
2019-10-17 02:15:23,830 [b32d7882-88db-4fe6-9cca-6a25122d474d@group-896385CD49EE-LeaderElection445] INFO  impl.RoleInfo (RoleInfo.java:shutdownLeaderElection(134)) - b32d7882-88db-4fe6-9cca-6a25122d474d: shutdown LeaderElection
2019-10-17 02:15:23,830 [b32d7882-88db-4fe6-9cca-6a25122d474d@group-896385CD49EE-LeaderElection445] INFO  impl.RoleInfo (RoleInfo.java:updateAndGet(143)) - b32d7882-88db-4fe6-9cca-6a25122d474d: start FollowerState
2019-10-17 02:15:23,900 [Thread-3854] INFO  impl.FollowerState (FollowerState.java:run(108)) - b32d7882-88db-4fe6-9cca-6a25122d474d@group-896385CD49EE-FollowerState: change to CANDIDATE, lastRpcTime:70ms, electionTimeout:70ms
2019-10-17 02:15:23,900 [Thread-3854] INFO  impl.RoleInfo (RoleInfo.java:shutdownFollowerState(121)) - b32d7882-88db-4fe6-9cca-6a25122d474d: shutdown FollowerState
2019-10-17 02:15:23,900 [Thread-3854] INFO  impl.RaftServerImpl (RaftServerImpl.java:setRole(184)) - b32d7882-88db-4fe6-9cca-6a25122d474d@group-896385CD49EE: changes role from  FOLLOWER to CANDIDATE at term 412 for changeToCandidate
2019-10-17 02:15:23,900 [Thread-3854] INFO  impl.RoleInfo (RoleInfo.java:updateAndGet(143)) - b32d7882-88db-4fe6-9cca-6a25122d474d: start LeaderElection
2019-10-17 02:15:23,913 [b32d7882-88db-4fe6-9cca-6a25122d474d@group-896385CD49EE-LeaderElection446] INFO  impl.LeaderElection (LeaderElection.java:askForVotes(178)) - b32d7882-88db-4fe6-9cca-6a25122d474d@group-896385CD49EE-LeaderElection446: begin an election at term 413 for -1: [b32d7882-88db-4fe6-9cca-6a25122d474d:192.168.157.194:42206, 3aea292b-16fb-4e9b-be90-828afa8e8047:192.168.157.194:34569, a6b2ebfb-69a0-457c-b6cd-a50cc148b564:192.168.157.194:37298], old=null
2019-10-17 02:15:23,914 [grpc-default-executor-1] INFO  impl.RaftServerImpl (RaftServerImpl.java:setRole(184)) - 3aea292b-16fb-4e9b-be90-828afa8e8047@group-896385CD49EE: changes role from  FOLLOWER to FOLLOWER at term 413 for recognizeCandidate:b32d7882-88db-4fe6-9cca-6a25122d474d
2019-10-17 02:15:23,914 [grpc-default-executor-1] INFO  impl.RoleInfo (RoleInfo.java:shutdownFollowerState(121)) - 3aea292b-16fb-4e9b-be90-828afa8e8047: shutdown FollowerState
2019-10-17 02:15:23,914 [grpc-default-executor-1] INFO  impl.RoleInfo (RoleInfo.java:updateAndGet(143)) - 3aea292b-16fb-4e9b-be90-828afa8e8047: start FollowerState
2019-10-17 02:15:23,914 [Thread-3852] INFO  impl.FollowerState (FollowerState.java:run(117)) - 3aea292b-16fb-4e9b-be90-828afa8e8047@group-896385CD49EE-FollowerState was interrupted: java.lang.InterruptedException: sleep interrupted
2019-10-17 02:15:23,917 [grpc-default-executor-0] INFO  impl.RaftServerImpl (RaftServerImpl.java:setRole(184)) - a6b2ebfb-69a0-457c-b6cd-a50cc148b564@group-896385CD49EE: changes role from  FOLLOWER to FOLLOWER at term 413 for recognizeCandidate:b32d7882-88db-4fe6-9cca-6a25122d474d
2019-10-17 02:15:23,918 [grpc-default-executor-0] INFO  impl.RoleInfo (RoleInfo.java:shutdownFollowerState(121)) - a6b2ebfb-69a0-457c-b6cd-a50cc148b564: shutdown FollowerState
2019-10-17 02:15:23,921 [grpc-default-executor-0] INFO  impl.RoleInfo (RoleInfo.java:updateAndGet(143)) - a6b2ebfb-69a0-457c-b6cd-a50cc148b564: start FollowerState
2019-10-17 02:15:23,922 [Thread-3853] INFO  impl.FollowerState (FollowerState.java:run(117)) - a6b2ebfb-69a0-457c-b6cd-a50cc148b564@group-896385CD49EE-FollowerState was interrupted: java.lang.InterruptedException: sleep interrupted
2019-10-17 02:15:23,932 [b32d7882-88db-4fe6-9cca-6a25122d474d@group-896385CD49EE-LeaderElection446] INFO  impl.LeaderElection (LeaderElection.java:logAndReturn(56)) - b32d7882-88db-4fe6-9cca-6a25122d474d@group-896385CD49EE-LeaderElection446: Election REJECTED; received 2 response(s) [b32d7882-88db-4fe6-9cca-6a25122d474d<-3aea292b-16fb-4e9b-be90-828afa8e8047#0:FAIL-t413, b32d7882-88db-4fe6-9cca-6a25122d474d<-a6b2ebfb-69a0-457c-b6cd-a50cc148b564#0:FAIL-t413] and 0 exception(s); b32d7882-88db-4fe6-9cca-6a25122d474d@group-896385CD49EE:t413, leader=null, voted=b32d7882-88db-4fe6-9cca-6a25122d474d, raftlog=b32d7882-88db-4fe6-9cca-6a25122d474d@group-896385CD49EE-SegmentedRaftLog:OPENED:c-1,f-1,i0, conf=-1: [b32d7882-88db-4fe6-9cca-6a25122d474d:192.168.157.194:42206, 3aea292b-16fb-4e9b-be90-828afa8e8047:192.168.157.194:34569, a6b2ebfb-69a0-457c-b6cd-a50cc148b564:192.168.157.194:37298], old=null
2019-10-17 02:15:23,933 [b32d7882-88db-4fe6-9cca-6a25122d474d@group-896385CD49EE-LeaderElection446] INFO  impl.RaftServerImpl (RaftServerImpl.java:setRole(184)) - b32d7882-88db-4fe6-9cca-6a25122d474d@group-896385CD49EE: changes role from CANDIDATE to FOLLOWER at term 413 for DISCOVERED_A_NEW_TERM
2019-10-17 02:15:23,933 [b32d7882-88db-4fe6-9cca-6a25122d474d@group-896385CD49EE-LeaderElection446] INFO  impl.RoleInfo (RoleInfo.java:shutdownLeaderElection(134)) - b32d7882-88db-4fe6-9cca-6a25122d474d: shutdown LeaderElection
2019-10-17 02:15:23,933 [b32d7882-88db-4fe6-9cca-6a25122d474d@group-896385CD49EE-LeaderElection446] INFO  impl.RoleInfo (RoleInfo.java:updateAndGet(143)) - b32d7882-88db-4fe6-9cca-6a25122d474d: start FollowerState
2019-10-17 02:15:24,097 [Thread-3860] INFO  impl.FollowerState (FollowerState.java:run(108)) - b32d7882-88db-4fe6-9cca-6a25122d474d@group-896385CD49EE-FollowerState: change to CANDIDATE, lastRpcTime:164ms, electionTimeout:160ms
2019-10-17 02:15:24,097 [Thread-3860] INFO  impl.RoleInfo (RoleInfo.java:shutdownFollowerState(121)) - b32d7882-88db-4fe6-9cca-6a25122d474d: shutdown FollowerState
2019-10-17 02:15:24,097 [Thread-3860] INFO  impl.RaftServerImpl (RaftServerImpl.java:setRole(184)) - b32d7882-88db-4fe6-9cca-6a25122d474d@group-896385CD49EE: changes role from  FOLLOWER to CANDIDATE at term 413 for changeToCandidate
2019-10-17 02:15:24,098 [Thread-3860] INFO  impl.RoleInfo (RoleInfo.java:updateAndGet(143)) - b32d7882-88db-4fe6-9cca-6a25122d474d: start LeaderElection
2019-10-17 02:15:24,111 [b32d7882-88db-4fe6-9cca-6a25122d474d@group-896385CD49EE-LeaderElection447] INFO  impl.LeaderElection (LeaderElection.java:askForVotes(178)) - b32d7882-88db-4fe6-9cca-6a25122d474d@group-896385CD49EE-LeaderElection447: begin an election at term 414 for -1: [b32d7882-88db-4fe6-9cca-6a25122d474d:192.168.157.194:42206, 3aea292b-16fb-4e9b-be90-828afa8e8047:192.168.157.194:34569, a6b2ebfb-69a0-457c-b6cd-a50cc148b564:192.168.157.194:37298], old=null
2019-10-17 02:15:24,113 [grpc-default-executor-1] INFO  impl.RaftServerImpl (RaftServerImpl.java:setRole(184)) - a6b2ebfb-69a0-457c-b6cd-a50cc148b564@group-896385CD49EE: changes role from  FOLLOWER to FOLLOWER at term 414 for recognizeCandidate:b32d7882-88db-4fe6-9cca-6a25122d474d
2019-10-17 02:15:24,113 [grpc-default-executor-1] INFO  impl.RoleInfo (RoleInfo.java:shutdownFollowerState(121)) - a6b2ebfb-69a0-457c-b6cd-a50cc148b564: shutdown FollowerState
2019-10-17 02:15:24,113 [grpc-default-executor-0] INFO  impl.RaftServerImpl (RaftServerImpl.java:setRole(184)) - 3aea292b-16fb-4e9b-be90-828afa8e8047@group-896385CD49EE: changes role from  FOLLOWER to FOLLOWER at term 414 for recognizeCandidate:b32d7882-88db-4fe6-9cca-6a25122d474d
2019-10-17 02:15:24,113 [grpc-default-executor-0] INFO  impl.RoleInfo (RoleInfo.java:shutdownFollowerState(121)) - 3aea292b-16fb-4e9b-be90-828afa8e8047: shutdown FollowerState
2019-10-17 02:15:24,113 [Thread-3859] INFO  impl.FollowerState (FollowerState.java:run(117)) - a6b2ebfb-69a0-457c-b6cd-a50cc148b564@group-896385CD49EE-FollowerState was interrupted: java.lang.InterruptedException: sleep interrupted
2019-10-17 02:15:24,113 [grpc-default-executor-1] INFO  impl.RoleInfo (RoleInfo.java:updateAndGet(143)) - a6b2ebfb-69a0-457c-b6cd-a50cc148b564: start FollowerState
2019-10-17 02:15:24,113 [Thread-3858] INFO  impl.FollowerState (FollowerState.java:run(117)) - 3aea292b-16fb-4e9b-be90-828afa8e8047@group-896385CD49EE-FollowerState was interrupted: java.lang.InterruptedException: sleep interrupted
2019-10-17 02:15:24,113 [grpc-default-executor-0] INFO  impl.RoleInfo (RoleInfo.java:updateAndGet(143)) - 3aea292b-16fb-4e9b-be90-828afa8e8047: start FollowerState
2019-10-17 02:15:24,127 [b32d7882-88db-4fe6-9cca-6a25122d474d@group-896385CD49EE-LeaderElection447] INFO  impl.LeaderElection (LeaderElection.java:logAndReturn(56)) - b32d7882-88db-4fe6-9cca-6a25122d474d@group-896385CD49EE-LeaderElection447: Election REJECTED; received 2 response(s) [b32d7882-88db-4fe6-9cca-6a25122d474d<-3aea292b-16fb-4e9b-be90-828afa8e8047#0:FAIL-t414, b32d7882-88db-4fe6-9cca-6a25122d474d<-a6b2ebfb-69a0-457c-b6cd-a50cc148b564#0:FAIL-t414] and 0 exception(s); b32d7882-88db-4fe6-9cca-6a25122d474d@group-896385CD49EE:t414, leader=null, voted=b32d7882-88db-4fe6-9cca-6a25122d474d, raftlog=b32d7882-88db-4fe6-9cca-6a25122d474d@group-896385CD49EE-SegmentedRaftLog:OPENED:c-1,f-1,i0, conf=-1: [b32d7882-88db-4fe6-9cca-6a25122d474d:192.168.157.194:42206, 3aea292b-16fb-4e9b-be90-828afa8e8047:192.168.157.194:34569, a6b2ebfb-69a0-457c-b6cd-a50cc148b564:192.168.157.194:37298], old=null
2019-10-17 02:15:24,128 [b32d7882-88db-4fe6-9cca-6a25122d474d@group-896385CD49EE-LeaderElection447] INFO  impl.RaftServerImpl (RaftServerImpl.java:setRole(184)) - b32d7882-88db-4fe6-9cca-6a25122d474d@group-896385CD49EE: changes role from CANDIDATE to FOLLOWER at term 414 for DISCOVERED_A_NEW_TERM
2019-10-17 02:15:24,128 [b32d7882-88db-4fe6-9cca-6a25122d474d@group-896385CD49EE-LeaderElection447] INFO  impl.RoleInfo (RoleInfo.java:shutdownLeaderElection(134)) - b32d7882-88db-4fe6-9cca-6a25122d474d: shutdown LeaderElection
2019-10-17 02:15:24,128 [b32d7882-88db-4fe6-9cca-6a25122d474d@group-896385CD49EE-LeaderElection447] INFO  impl.RoleInfo (RoleInfo.java:updateAndGet(143)) - b32d7882-88db-4fe6-9cca-6a25122d474d: start FollowerState
2019-10-17 02:15:24,186 [main] INFO  ozone.MiniOzoneClusterImpl (MiniOzoneClusterImpl.java:lambda$waitForClusterToBeReady$2(164)) - Waiting for 1 number of pipelines out of 4, to report a leader.
2019-10-17 02:15:24,227 [Thread-3866] INFO  impl.FollowerState (FollowerState.java:run(108)) - b32d7882-88db-4fe6-9cca-6a25122d474d@group-896385CD49EE-FollowerState: change to CANDIDATE, lastRpcTime:99ms, electionTimeout:99ms
2019-10-17 02:15:24,227 [Thread-3866] INFO  impl.RoleInfo (RoleInfo.java:shutdownFollowerState(121)) - b32d7882-88db-4fe6-9cca-6a25122d474d: shutdown FollowerState
2019-10-17 02:15:24,227 [Thread-3866] INFO  impl.RaftServerImpl (RaftServerImpl.java:setRole(184)) - b32d7882-88db-4fe6-9cca-6a25122d474d@group-896385CD49EE: changes role from  FOLLOWER to CANDIDATE at term 414 for changeToCandidate
2019-10-17 02:15:24,228 [Thread-3866] INFO  impl.RoleInfo (RoleInfo.java:updateAndGet(143)) - b32d7882-88db-4fe6-9cca-6a25122d474d: start LeaderElection
2019-10-17 02:15:24,240 [b32d7882-88db-4fe6-9cca-6a25122d474d@group-896385CD49EE-LeaderElection448] INFO  impl.LeaderElection (LeaderElection.java:askForVotes(178)) - b32d7882-88db-4fe6-9cca-6a25122d474d@group-896385CD49EE-LeaderElection448: begin an election at term 415 for -1: [b32d7882-88db-4fe6-9cca-6a25122d474d:192.168.157.194:42206, 3aea292b-16fb-4e9b-be90-828afa8e8047:192.168.157.194:34569, a6b2ebfb-69a0-457c-b6cd-a50cc148b564:192.168.157.194:37298], old=null
2019-10-17 02:15:24,241 [grpc-default-executor-1] INFO  impl.RaftServerImpl (RaftServerImpl.java:setRole(184)) - a6b2ebfb-69a0-457c-b6cd-a50cc148b564@group-896385CD49EE: changes role from  FOLLOWER to FOLLOWER at term 415 for recognizeCandidate:b32d7882-88db-4fe6-9cca-6a25122d474d
2019-10-17 02:15:24,241 [grpc-default-executor-1] INFO  impl.RoleInfo (RoleInfo.java:shutdownFollowerState(121)) - a6b2ebfb-69a0-457c-b6cd-a50cc148b564: shutdown FollowerState
2019-10-17 02:15:24,242 [grpc-default-executor-1] INFO  impl.RoleInfo (RoleInfo.java:updateAndGet(143)) - a6b2ebfb-69a0-457c-b6cd-a50cc148b564: start FollowerState
2019-10-17 02:15:24,241 [grpc-default-executor-0] INFO  impl.RaftServerImpl (RaftServerImpl.java:setRole(184)) - 3aea292b-16fb-4e9b-be90-828afa8e8047@group-896385CD49EE: changes role from  FOLLOWER to FOLLOWER at term 415 for recognizeCandidate:b32d7882-88db-4fe6-9cca-6a25122d474d
2019-10-17 02:15:24,242 [grpc-default-executor-0] INFO  impl.RoleInfo (RoleInfo.java:shutdownFollowerState(121)) - 3aea292b-16fb-4e9b-be90-828afa8e8047: shutdown FollowerState
2019-10-17 02:15:24,242 [Thread-3864] INFO  impl.FollowerState (FollowerState.java:run(117)) - a6b2ebfb-69a0-457c-b6cd-a50cc148b564@group-896385CD49EE-FollowerState was interrupted: java.lang.InterruptedException: sleep interrupted
2019-10-17 02:15:24,242 [Thread-3865] INFO  impl.FollowerState (FollowerState.java:run(117)) - 3aea292b-16fb-4e9b-be90-828afa8e8047@group-896385CD49EE-FollowerState was interrupted: java.lang.InterruptedException: sleep interrupted
2019-10-17 02:15:24,242 [grpc-default-executor-0] INFO  impl.RoleInfo (RoleInfo.java:updateAndGet(143)) - 3aea292b-16fb-4e9b-be90-828afa8e8047: start FollowerState
2019-10-17 02:15:24,255 [b32d7882-88db-4fe6-9cca-6a25122d474d@group-896385CD49EE-LeaderElection448] INFO  impl.LeaderElection (LeaderElection.java:logAndReturn(56)) - b32d7882-88db-4fe6-9cca-6a25122d474d@group-896385CD49EE-LeaderElection448: Election REJECTED; received 2 response(s) [b32d7882-88db-4fe6-9cca-6a25122d474d<-3aea292b-16fb-4e9b-be90-828afa8e8047#0:FAIL-t415, b32d7882-88db-4fe6-9cca-6a25122d474d<-a6b2ebfb-69a0-457c-b6cd-a50cc148b564#0:FAIL-t415] and 0 exception(s); b32d7882-88db-4fe6-9cca-6a25122d474d@group-896385CD49EE:t415, leader=null, voted=b32d7882-88db-4fe6-9cca-6a25122d474d, raftlog=b32d7882-88db-4fe6-9cca-6a25122d474d@group-896385CD49EE-SegmentedRaftLog:OPENED:c-1,f-1,i0, conf=-1: [b32d7882-88db-4fe6-9cca-6a25122d474d:192.168.157.194:42206, 3aea292b-16fb-4e9b-be90-828afa8e8047:192.168.157.194:34569, a6b2ebfb-69a0-457c-b6cd-a50cc148b564:192.168.157.194:37298], old=null
2019-10-17 02:15:24,255 [b32d7882-88db-4fe6-9cca-6a25122d474d@group-896385CD49EE-LeaderElection448] INFO  impl.RaftServerImpl (RaftServerImpl.java:setRole(184)) - b32d7882-88db-4fe6-9cca-6a25122d474d@group-896385CD49EE: changes role from CANDIDATE to FOLLOWER at term 415 for DISCOVERED_A_NEW_TERM
2019-10-17 02:15:24,255 [b32d7882-88db-4fe6-9cca-6a25122d474d@group-896385CD49EE-LeaderElection448] INFO  impl.RoleInfo (RoleInfo.java:shutdownLeaderElection(134)) - b32d7882-88db-4fe6-9cca-6a25122d474d: shutdown LeaderElection
2019-10-17 02:15:24,256 [b32d7882-88db-4fe6-9cca-6a25122d474d@group-896385CD49EE-LeaderElection448] INFO  impl.RoleInfo (RoleInfo.java:updateAndGet(143)) - b32d7882-88db-4fe6-9cca-6a25122d474d: start FollowerState
2019-10-17 02:15:24,360 [Thread-3872] INFO  impl.FollowerState (FollowerState.java:run(108)) - b32d7882-88db-4fe6-9cca-6a25122d474d@group-896385CD49EE-FollowerState: change to CANDIDATE, lastRpcTime:104ms, electionTimeout:104ms
2019-10-17 02:15:24,360 [Thread-3872] INFO  impl.RoleInfo (RoleInfo.java:shutdownFollowerState(121)) - b32d7882-88db-4fe6-9cca-6a25122d474d: shutdown FollowerState
2019-10-17 02:15:24,360 [Thread-3872] INFO  impl.RaftServerImpl (RaftServerImpl.java:setRole(184)) - b32d7882-88db-4fe6-9cca-6a25122d474d@group-896385CD49EE: changes role from  FOLLOWER to CANDIDATE at term 415 for changeToCandidate
2019-10-17 02:15:24,360 [Thread-3872] INFO  impl.RoleInfo (RoleInfo.java:updateAndGet(143)) - b32d7882-88db-4fe6-9cca-6a25122d474d: start LeaderElection
2019-10-17 02:15:24,373 [b32d7882-88db-4fe6-9cca-6a25122d474d@group-896385CD49EE-LeaderElection449] INFO  impl.LeaderElection (LeaderElection.java:askForVotes(178)) - b32d7882-88db-4fe6-9cca-6a25122d474d@group-896385CD49EE-LeaderElection449: begin an election at term 416 for -1: [b32d7882-88db-4fe6-9cca-6a25122d474d:192.168.157.194:42206, 3aea292b-16fb-4e9b-be90-828afa8e8047:192.168.157.194:34569, a6b2ebfb-69a0-457c-b6cd-a50cc148b564:192.168.157.194:37298], old=null
2019-10-17 02:15:24,374 [grpc-default-executor-1] INFO  impl.RaftServerImpl (RaftServerImpl.java:setRole(184)) - 3aea292b-16fb-4e9b-be90-828afa8e8047@group-896385CD49EE: changes role from  FOLLOWER to FOLLOWER at term 416 for recognizeCandidate:b32d7882-88db-4fe6-9cca-6a25122d474d
2019-10-17 02:15:24,375 [grpc-default-executor-1] INFO  impl.RoleInfo (RoleInfo.java:shutdownFollowerState(121)) - 3aea292b-16fb-4e9b-be90-828afa8e8047: shutdown FollowerState
2019-10-17 02:15:24,375 [grpc-default-executor-0] INFO  impl.RaftServerImpl (RaftServerImpl.java:setRole(184)) - a6b2ebfb-69a0-457c-b6cd-a50cc148b564@group-896385CD49EE: changes role from  FOLLOWER to FOLLOWER at term 416 for recognizeCandidate:b32d7882-88db-4fe6-9cca-6a25122d474d
2019-10-17 02:15:24,375 [Thread-3871] INFO  impl.FollowerState (FollowerState.java:run(117)) - 3aea292b-16fb-4e9b-be90-828afa8e8047@group-896385CD49EE-FollowerState was interrupted: java.lang.InterruptedException: sleep interrupted
2019-10-17 02:15:24,375 [grpc-default-executor-1] INFO  impl.RoleInfo (RoleInfo.java:updateAndGet(143)) - 3aea292b-16fb-4e9b-be90-828afa8e8047: start FollowerState
2019-10-17 02:15:24,375 [grpc-default-executor-0] INFO  impl.RoleInfo (RoleInfo.java:shutdownFollowerState(121)) - a6b2ebfb-69a0-457c-b6cd-a50cc148b564: shutdown FollowerState
2019-10-17 02:15:24,375 [grpc-default-executor-0] INFO  impl.RoleInfo (RoleInfo.java:updateAndGet(143)) - a6b2ebfb-69a0-457c-b6cd-a50cc148b564: start FollowerState
2019-10-17 02:15:24,375 [Thread-3870] INFO  impl.FollowerState (FollowerState.java:run(117)) - a6b2ebfb-69a0-457c-b6cd-a50cc148b564@group-896385CD49EE-FollowerState was interrupted: java.lang.InterruptedException: sleep interrupted
2019-10-17 02:15:24,389 [b32d7882-88db-4fe6-9cca-6a25122d474d@group-896385CD49EE-LeaderElection449] INFO  impl.LeaderElection (LeaderElection.java:logAndReturn(56)) - b32d7882-88db-4fe6-9cca-6a25122d474d@group-896385CD49EE-LeaderElection449: Election REJECTED; received 2 response(s) [b32d7882-88db-4fe6-9cca-6a25122d474d<-3aea292b-16fb-4e9b-be90-828afa8e8047#0:FAIL-t416, b32d7882-88db-4fe6-9cca-6a25122d474d<-a6b2ebfb-69a0-457c-b6cd-a50cc148b564#0:FAIL-t416] and 0 exception(s); b32d7882-88db-4fe6-9cca-6a25122d474d@group-896385CD49EE:t416, leader=null, voted=b32d7882-88db-4fe6-9cca-6a25122d474d, raftlog=b32d7882-88db-4fe6-9cca-6a25122d474d@group-896385CD49EE-SegmentedRaftLog:OPENED:c-1,f-1,i0, conf=-1: [b32d7882-88db-4fe6-9cca-6a25122d474d:192.168.157.194:42206, 3aea292b-16fb-4e9b-be90-828afa8e8047:192.168.157.194:34569, a6b2ebfb-69a0-457c-b6cd-a50cc148b564:192.168.157.194:37298], old=null
2019-10-17 02:15:24,389 [b32d7882-88db-4fe6-9cca-6a25122d474d@group-896385CD49EE-LeaderElection449] INFO  impl.RaftServerImpl (RaftServerImpl.java:setRole(184)) - b32d7882-88db-4fe6-9cca-6a25122d474d@group-896385CD49EE: changes role from CANDIDATE to FOLLOWER at term 416 for DISCOVERED_A_NEW_TERM
2019-10-17 02:15:24,389 [b32d7882-88db-4fe6-9cca-6a25122d474d@group-896385CD49EE-LeaderElection449] INFO  impl.RoleInfo (RoleInfo.java:shutdownLeaderElection(134)) - b32d7882-88db-4fe6-9cca-6a25122d474d: shutdown LeaderElection
2019-10-17 02:15:24,389 [b32d7882-88db-4fe6-9cca-6a25122d474d@group-896385CD49EE-LeaderElection449] INFO  impl.RoleInfo (RoleInfo.java:updateAndGet(143)) - b32d7882-88db-4fe6-9cca-6a25122d474d: start FollowerState
2019-10-17 02:15:24,519 [Thread-3878] INFO  impl.FollowerState (FollowerState.java:run(108)) - b32d7882-88db-4fe6-9cca-6a25122d474d@group-896385CD49EE-FollowerState: change to CANDIDATE, lastRpcTime:130ms, electionTimeout:130ms
2019-10-17 02:15:24,520 [Thread-3878] INFO  impl.RoleInfo (RoleInfo.java:shutdownFollowerState(121)) - b32d7882-88db-4fe6-9cca-6a25122d474d: shutdown FollowerState
2019-10-17 02:15:24,520 [Thread-3878] INFO  impl.RaftServerImpl (RaftServerImpl.java:setRole(184)) - b32d7882-88db-4fe6-9cca-6a25122d474d@group-896385CD49EE: changes role from  FOLLOWER to CANDIDATE at term 416 for changeToCandidate
2019-10-17 02:15:24,520 [Thread-3878] INFO  impl.RoleInfo (RoleInfo.java:updateAndGet(143)) - b32d7882-88db-4fe6-9cca-6a25122d474d: start LeaderElection
2019-10-17 02:15:24,539 [b32d7882-88db-4fe6-9cca-6a25122d474d@group-896385CD49EE-LeaderElection450] INFO  impl.LeaderElection (LeaderElection.java:askForVotes(178)) - b32d7882-88db-4fe6-9cca-6a25122d474d@group-896385CD49EE-LeaderElection450: begin an election at term 417 for -1: [b32d7882-88db-4fe6-9cca-6a25122d474d:192.168.157.194:42206, 3aea292b-16fb-4e9b-be90-828afa8e8047:192.168.157.194:34569, a6b2ebfb-69a0-457c-b6cd-a50cc148b564:192.168.157.194:37298], old=null
2019-10-17 02:15:24,540 [grpc-default-executor-1] INFO  impl.RaftServerImpl (RaftServerImpl.java:setRole(184)) - 3aea292b-16fb-4e9b-be90-828afa8e8047@group-896385CD49EE: changes role from  FOLLOWER to FOLLOWER at term 417 for recognizeCandidate:b32d7882-88db-4fe6-9cca-6a25122d474d
2019-10-17 02:15:24,540 [grpc-default-executor-1] INFO  impl.RoleInfo (RoleInfo.java:shutdownFollowerState(121)) - 3aea292b-16fb-4e9b-be90-828afa8e8047: shutdown FollowerState
2019-10-17 02:15:24,540 [grpc-default-executor-0] INFO  impl.RaftServerImpl (RaftServerImpl.java:setRole(184)) - a6b2ebfb-69a0-457c-b6cd-a50cc148b564@group-896385CD49EE: changes role from  FOLLOWER to FOLLOWER at term 417 for recognizeCandidate:b32d7882-88db-4fe6-9cca-6a25122d474d
2019-10-17 02:15:24,540 [grpc-default-executor-0] INFO  impl.RoleInfo (RoleInfo.java:shutdownFollowerState(121)) - a6b2ebfb-69a0-457c-b6cd-a50cc148b564: shutdown FollowerState
2019-10-17 02:15:24,540 [Thread-3876] INFO  impl.FollowerState (FollowerState.java:run(117)) - 3aea292b-16fb-4e9b-be90-828afa8e8047@group-896385CD49EE-FollowerState was interrupted: java.lang.InterruptedException: sleep interrupted
2019-10-17 02:15:24,540 [grpc-default-executor-1] INFO  impl.RoleInfo (RoleInfo.java:updateAndGet(143)) - 3aea292b-16fb-4e9b-be90-828afa8e8047: start FollowerState
2019-10-17 02:15:24,541 [grpc-default-executor-0] INFO  impl.RoleInfo (RoleInfo.java:updateAndGet(143)) - a6b2ebfb-69a0-457c-b6cd-a50cc148b564: start FollowerState
2019-10-17 02:15:24,541 [Thread-3877] INFO  impl.FollowerState (FollowerState.java:run(117)) - a6b2ebfb-69a0-457c-b6cd-a50cc148b564@group-896385CD49EE-FollowerState was interrupted: java.lang.InterruptedException: sleep interrupted
2019-10-17 02:15:24,557 [b32d7882-88db-4fe6-9cca-6a25122d474d@group-896385CD49EE-LeaderElection450] INFO  impl.LeaderElection (LeaderElection.java:logAndReturn(56)) - b32d7882-88db-4fe6-9cca-6a25122d474d@group-896385CD49EE-LeaderElection450: Election REJECTED; received 2 response(s) [b32d7882-88db-4fe6-9cca-6a25122d474d<-3aea292b-16fb-4e9b-be90-828afa8e8047#0:FAIL-t417, b32d7882-88db-4fe6-9cca-6a25122d474d<-a6b2ebfb-69a0-457c-b6cd-a50cc148b564#0:FAIL-t417] and 0 exception(s); b32d7882-88db-4fe6-9cca-6a25122d474d@group-896385CD49EE:t417, leader=null, voted=b32d7882-88db-4fe6-9cca-6a25122d474d, raftlog=b32d7882-88db-4fe6-9cca-6a25122d474d@group-896385CD49EE-SegmentedRaftLog:OPENED:c-1,f-1,i0, conf=-1: [b32d7882-88db-4fe6-9cca-6a25122d474d:192.168.157.194:42206, 3aea292b-16fb-4e9b-be90-828afa8e8047:192.168.157.194:34569, a6b2ebfb-69a0-457c-b6cd-a50cc148b564:192.168.157.194:37298], old=null
2019-10-17 02:15:24,557 [b32d7882-88db-4fe6-9cca-6a25122d474d@group-896385CD49EE-LeaderElection450] INFO  impl.RaftServerImpl (RaftServerImpl.java:setRole(184)) - b32d7882-88db-4fe6-9cca-6a25122d474d@group-896385CD49EE: changes role from CANDIDATE to FOLLOWER at term 417 for DISCOVERED_A_NEW_TERM
2019-10-17 02:15:24,558 [b32d7882-88db-4fe6-9cca-6a25122d474d@group-896385CD49EE-LeaderElection450] INFO  impl.RoleInfo (RoleInfo.java:shutdownLeaderElection(134)) - b32d7882-88db-4fe6-9cca-6a25122d474d: shutdown LeaderElection
2019-10-17 02:15:24,558 [b32d7882-88db-4fe6-9cca-6a25122d474d@group-896385CD49EE-LeaderElection450] INFO  impl.RoleInfo (RoleInfo.java:updateAndGet(143)) - b32d7882-88db-4fe6-9cca-6a25122d474d: start FollowerState
2019-10-17 02:15:24,581 [Thread-3884] INFO  impl.FollowerState (FollowerState.java:run(108)) - b32d7882-88db-4fe6-9cca-6a25122d474d@group-896385CD49EE-FollowerState: change to CANDIDATE, lastRpcTime:23ms, electionTimeout:23ms
2019-10-17 02:15:24,581 [Thread-3884] INFO  impl.RoleInfo (RoleInfo.java:shutdownFollowerState(121)) - b32d7882-88db-4fe6-9cca-6a25122d474d: shutdown FollowerState
2019-10-17 02:15:24,581 [Thread-3884] INFO  impl.RaftServerImpl (RaftServerImpl.java:setRole(184)) - b32d7882-88db-4fe6-9cca-6a25122d474d@group-896385CD49EE: changes role from  FOLLOWER to CANDIDATE at term 417 for changeToCandidate
2019-10-17 02:15:24,581 [Thread-3884] INFO  impl.RoleInfo (RoleInfo.java:updateAndGet(143)) - b32d7882-88db-4fe6-9cca-6a25122d474d: start LeaderElection
2019-10-17 02:15:24,595 [b32d7882-88db-4fe6-9cca-6a25122d474d@group-896385CD49EE-LeaderElection451] INFO  impl.LeaderElection (LeaderElection.java:askForVotes(178)) - b32d7882-88db-4fe6-9cca-6a25122d474d@group-896385CD49EE-LeaderElection451: begin an election at term 418 for -1: [b32d7882-88db-4fe6-9cca-6a25122d474d:192.168.157.194:42206, 3aea292b-16fb-4e9b-be90-828afa8e8047:192.168.157.194:34569, a6b2ebfb-69a0-457c-b6cd-a50cc148b564:192.168.157.194:37298], old=null
2019-10-17 02:15:24,596 [grpc-default-executor-1] INFO  impl.RaftServerImpl (RaftServerImpl.java:setRole(184)) - 3aea292b-16fb-4e9b-be90-828afa8e8047@group-896385CD49EE: changes role from  FOLLOWER to FOLLOWER at term 418 for recognizeCandidate:b32d7882-88db-4fe6-9cca-6a25122d474d
2019-10-17 02:15:24,596 [grpc-default-executor-1] INFO  impl.RoleInfo (RoleInfo.java:shutdownFollowerState(121)) - 3aea292b-16fb-4e9b-be90-828afa8e8047: shutdown FollowerState
2019-10-17 02:15:24,596 [Thread-3882] INFO  impl.FollowerState (FollowerState.java:run(117)) - 3aea292b-16fb-4e9b-be90-828afa8e8047@group-896385CD49EE-FollowerState was interrupted: java.lang.InterruptedException: sleep interrupted
2019-10-17 02:15:24,596 [grpc-default-executor-0] INFO  impl.RaftServerImpl (RaftServerImpl.java:setRole(184)) - a6b2ebfb-69a0-457c-b6cd-a50cc148b564@group-896385CD49EE: changes role from  FOLLOWER to FOLLOWER at term 418 for recognizeCandidate:b32d7882-88db-4fe6-9cca-6a25122d474d
2019-10-17 02:15:24,596 [grpc-default-executor-0] INFO  impl.RoleInfo (RoleInfo.java:shutdownFollowerState(121)) - a6b2ebfb-69a0-457c-b6cd-a50cc148b564: shutdown FollowerState
2019-10-17 02:15:24,596 [grpc-default-executor-1] INFO  impl.RoleInfo (RoleInfo.java:updateAndGet(143)) - 3aea292b-16fb-4e9b-be90-828afa8e8047: start FollowerState
2019-10-17 02:15:24,596 [Thread-3883] INFO  impl.FollowerState (FollowerState.java:run(117)) - a6b2ebfb-69a0-457c-b6cd-a50cc148b564@group-896385CD49EE-FollowerState was interrupted: java.lang.InterruptedException: sleep interrupted
2019-10-17 02:15:24,596 [grpc-default-executor-0] INFO  impl.RoleInfo (RoleInfo.java:updateAndGet(143)) - a6b2ebfb-69a0-457c-b6cd-a50cc148b564: start FollowerState
2019-10-17 02:15:24,610 [b32d7882-88db-4fe6-9cca-6a25122d474d@group-896385CD49EE-LeaderElection451] INFO  impl.LeaderElection (LeaderElection.java:logAndReturn(56)) - b32d7882-88db-4fe6-9cca-6a25122d474d@group-896385CD49EE-LeaderElection451: Election REJECTED; received 2 response(s) [b32d7882-88db-4fe6-9cca-6a25122d474d<-3aea292b-16fb-4e9b-be90-828afa8e8047#0:FAIL-t418, b32d7882-88db-4fe6-9cca-6a25122d474d<-a6b2ebfb-69a0-457c-b6cd-a50cc148b564#0:FAIL-t418] and 0 exception(s); b32d7882-88db-4fe6-9cca-6a25122d474d@group-896385CD49EE:t418, leader=null, voted=b32d7882-88db-4fe6-9cca-6a25122d474d, raftlog=b32d7882-88db-4fe6-9cca-6a25122d474d@group-896385CD49EE-SegmentedRaftLog:OPENED:c-1,f-1,i0, conf=-1: [b32d7882-88db-4fe6-9cca-6a25122d474d:192.168.157.194:42206, 3aea292b-16fb-4e9b-be90-828afa8e8047:192.168.157.194:34569, a6b2ebfb-69a0-457c-b6cd-a50cc148b564:192.168.157.194:37298], old=null
2019-10-17 02:15:24,611 [b32d7882-88db-4fe6-9cca-6a25122d474d@group-896385CD49EE-LeaderElection451] INFO  impl.RaftServerImpl (RaftServerImpl.java:setRole(184)) - b32d7882-88db-4fe6-9cca-6a25122d474d@group-896385CD49EE: changes role from CANDIDATE to FOLLOWER at term 418 for DISCOVERED_A_NEW_TERM
2019-10-17 02:15:24,611 [b32d7882-88db-4fe6-9cca-6a25122d474d@group-896385CD49EE-LeaderElection451] INFO  impl.RoleInfo (RoleInfo.java:shutdownLeaderElection(134)) - b32d7882-88db-4fe6-9cca-6a25122d474d: shutdown LeaderElection
2019-10-17 02:15:24,611 [b32d7882-88db-4fe6-9cca-6a25122d474d@group-896385CD49EE-LeaderElection451] INFO  impl.RoleInfo (RoleInfo.java:updateAndGet(143)) - b32d7882-88db-4fe6-9cca-6a25122d474d: start FollowerState
2019-10-17 02:15:24,652 [Thread-3890] INFO  impl.FollowerState (FollowerState.java:run(108)) - b32d7882-88db-4fe6-9cca-6a25122d474d@group-896385CD49EE-FollowerState: change to CANDIDATE, lastRpcTime:41ms, electionTimeout:41ms
2019-10-17 02:15:24,652 [Thread-3890] INFO  impl.RoleInfo (RoleInfo.java:shutdownFollowerState(121)) - b32d7882-88db-4fe6-9cca-6a25122d474d: shutdown FollowerState
2019-10-17 02:15:24,652 [Thread-3890] INFO  impl.RaftServerImpl (RaftServerImpl.java:setRole(184)) - b32d7882-88db-4fe6-9cca-6a25122d474d@group-896385CD49EE: changes role from  FOLLOWER to CANDIDATE at term 418 for changeToCandidate
2019-10-17 02:15:24,652 [Thread-3890] INFO  impl.RoleInfo (RoleInfo.java:updateAndGet(143)) - b32d7882-88db-4fe6-9cca-6a25122d474d: start LeaderElection
2019-10-17 02:15:24,666 [b32d7882-88db-4fe6-9cca-6a25122d474d@group-896385CD49EE-LeaderElection452] INFO  impl.LeaderElection (LeaderElection.java:askForVotes(178)) - b32d7882-88db-4fe6-9cca-6a25122d474d@group-896385CD49EE-LeaderElection452: begin an election at term 419 for -1: [b32d7882-88db-4fe6-9cca-6a25122d474d:192.168.157.194:42206, 3aea292b-16fb-4e9b-be90-828afa8e8047:192.168.157.194:34569, a6b2ebfb-69a0-457c-b6cd-a50cc148b564:192.168.157.194:37298], old=null
2019-10-17 02:15:24,667 [grpc-default-executor-1] INFO  impl.RaftServerImpl (RaftServerImpl.java:setRole(184)) - 3aea292b-16fb-4e9b-be90-828afa8e8047@group-896385CD49EE: changes role from  FOLLOWER to FOLLOWER at term 419 for recognizeCandidate:b32d7882-88db-4fe6-9cca-6a25122d474d
2019-10-17 02:15:24,667 [grpc-default-executor-1] INFO  impl.RoleInfo (RoleInfo.java:shutdownFollowerState(121)) - 3aea292b-16fb-4e9b-be90-828afa8e8047: shutdown FollowerState
2019-10-17 02:15:24,667 [Thread-3888] INFO  impl.FollowerState (FollowerState.java:run(117)) - 3aea292b-16fb-4e9b-be90-828afa8e8047@group-896385CD49EE-FollowerState was interrupted: java.lang.InterruptedException: sleep interrupted
2019-10-17 02:15:24,667 [grpc-default-executor-0] INFO  impl.RaftServerImpl (RaftServerImpl.java:setRole(184)) - a6b2ebfb-69a0-457c-b6cd-a50cc148b564@group-896385CD49EE: changes role from  FOLLOWER to FOLLOWER at term 419 for recognizeCandidate:b32d7882-88db-4fe6-9cca-6a25122d474d
2019-10-17 02:15:24,667 [grpc-default-executor-0] INFO  impl.RoleInfo (RoleInfo.java:shutdownFollowerState(121)) - a6b2ebfb-69a0-457c-b6cd-a50cc148b564: shutdown FollowerState
2019-10-17 02:15:24,667 [grpc-default-executor-1] INFO  impl.RoleInfo (RoleInfo.java:updateAndGet(143)) - 3aea292b-16fb-4e9b-be90-828afa8e8047: start FollowerState
2019-10-17 02:15:24,667 [Thread-3889] INFO  impl.FollowerState (FollowerState.java:run(117)) - a6b2ebfb-69a0-457c-b6cd-a50cc148b564@group-896385CD49EE-FollowerState was interrupted: java.lang.InterruptedException: sleep interrupted
2019-10-17 02:15:24,667 [grpc-default-executor-0] INFO  impl.RoleInfo (RoleInfo.java:updateAndGet(143)) - a6b2ebfb-69a0-457c-b6cd-a50cc148b564: start FollowerState
2019-10-17 02:15:24,681 [b32d7882-88db-4fe6-9cca-6a25122d474d@group-896385CD49EE-LeaderElection452] INFO  impl.LeaderElection (LeaderElection.java:logAndReturn(56)) - b32d7882-88db-4fe6-9cca-6a25122d474d@group-896385CD49EE-LeaderElection452: Election REJECTED; received 2 response(s) [b32d7882-88db-4fe6-9cca-6a25122d474d<-3aea292b-16fb-4e9b-be90-828afa8e8047#0:FAIL-t419, b32d7882-88db-4fe6-9cca-6a25122d474d<-a6b2ebfb-69a0-457c-b6cd-a50cc148b564#0:FAIL-t419] and 0 exception(s); b32d7882-88db-4fe6-9cca-6a25122d474d@group-896385CD49EE:t419, leader=null, voted=b32d7882-88db-4fe6-9cca-6a25122d474d, raftlog=b32d7882-88db-4fe6-9cca-6a25122d474d@group-896385CD49EE-SegmentedRaftLog:OPENED:c-1,f-1,i0, conf=-1: [b32d7882-88db-4fe6-9cca-6a25122d474d:192.168.157.194:42206, 3aea292b-16fb-4e9b-be90-828afa8e8047:192.168.157.194:34569, a6b2ebfb-69a0-457c-b6cd-a50cc148b564:192.168.157.194:37298], old=null
2019-10-17 02:15:24,681 [b32d7882-88db-4fe6-9cca-6a25122d474d@group-896385CD49EE-LeaderElection452] INFO  impl.RaftServerImpl (RaftServerImpl.java:setRole(184)) - b32d7882-88db-4fe6-9cca-6a25122d474d@group-896385CD49EE: changes role from CANDIDATE to FOLLOWER at term 419 for DISCOVERED_A_NEW_TERM
2019-10-17 02:15:24,681 [b32d7882-88db-4fe6-9cca-6a25122d474d@group-896385CD49EE-LeaderElection452] INFO  impl.RoleInfo (RoleInfo.java:shutdownLeaderElection(134)) - b32d7882-88db-4fe6-9cca-6a25122d474d: shutdown LeaderElection
2019-10-17 02:15:24,681 [b32d7882-88db-4fe6-9cca-6a25122d474d@group-896385CD49EE-LeaderElection452] INFO  impl.RoleInfo (RoleInfo.java:updateAndGet(143)) - b32d7882-88db-4fe6-9cca-6a25122d474d: start FollowerState
2019-10-17 02:15:24,716 [Thread-3896] INFO  impl.FollowerState (FollowerState.java:run(108)) - b32d7882-88db-4fe6-9cca-6a25122d474d@group-896385CD49EE-FollowerState: change to CANDIDATE, lastRpcTime:35ms, electionTimeout:35ms
2019-10-17 02:15:24,716 [Thread-3896] INFO  impl.RoleInfo (RoleInfo.java:shutdownFollowerState(121)) - b32d7882-88db-4fe6-9cca-6a25122d474d: shutdown FollowerState
2019-10-17 02:15:24,716 [Thread-3896] INFO  impl.RaftServerImpl (RaftServerImpl.java:setRole(184)) - b32d7882-88db-4fe6-9cca-6a25122d474d@group-896385CD49EE: changes role from  FOLLOWER to CANDIDATE at term 419 for changeToCandidate
2019-10-17 02:15:24,717 [Thread-3896] INFO  impl.RoleInfo (RoleInfo.java:updateAndGet(143)) - b32d7882-88db-4fe6-9cca-6a25122d474d: start LeaderElection
2019-10-17 02:15:24,730 [b32d7882-88db-4fe6-9cca-6a25122d474d@group-896385CD49EE-LeaderElection453] INFO  impl.LeaderElection (LeaderElection.java:askForVotes(178)) - b32d7882-88db-4fe6-9cca-6a25122d474d@group-896385CD49EE-LeaderElection453: begin an election at term 420 for -1: [b32d7882-88db-4fe6-9cca-6a25122d474d:192.168.157.194:42206, 3aea292b-16fb-4e9b-be90-828afa8e8047:192.168.157.194:34569, a6b2ebfb-69a0-457c-b6cd-a50cc148b564:192.168.157.194:37298], old=null
2019-10-17 02:15:24,731 [grpc-default-executor-1] INFO  impl.RaftServerImpl (RaftServerImpl.java:setRole(184)) - 3aea292b-16fb-4e9b-be90-828afa8e8047@group-896385CD49EE: changes role from  FOLLOWER to FOLLOWER at term 420 for recognizeCandidate:b32d7882-88db-4fe6-9cca-6a25122d474d
2019-10-17 02:15:24,731 [grpc-default-executor-1] INFO  impl.RoleInfo (RoleInfo.java:shutdownFollowerState(121)) - 3aea292b-16fb-4e9b-be90-828afa8e8047: shutdown FollowerState
2019-10-17 02:15:24,731 [grpc-default-executor-1] INFO  impl.RoleInfo (RoleInfo.java:updateAndGet(143)) - 3aea292b-16fb-4e9b-be90-828afa8e8047: start FollowerState
2019-10-17 02:15:24,731 [Thread-3894] INFO  impl.FollowerState (FollowerState.java:run(117)) - 3aea292b-16fb-4e9b-be90-828afa8e8047@group-896385CD49EE-FollowerState was interrupted: java.lang.InterruptedException: sleep interrupted
2019-10-17 02:15:24,731 [grpc-default-executor-0] INFO  impl.RaftServerImpl (RaftServerImpl.java:setRole(184)) - a6b2ebfb-69a0-457c-b6cd-a50cc148b564@group-896385CD49EE: changes role from  FOLLOWER to FOLLOWER at term 420 for recognizeCandidate:b32d7882-88db-4fe6-9cca-6a25122d474d
2019-10-17 02:15:24,732 [grpc-default-executor-0] INFO  impl.RoleInfo (RoleInfo.java:shutdownFollowerState(121)) - a6b2ebfb-69a0-457c-b6cd-a50cc148b564: shutdown FollowerState
2019-10-17 02:15:24,732 [grpc-default-executor-0] INFO  impl.RoleInfo (RoleInfo.java:updateAndGet(143)) - a6b2ebfb-69a0-457c-b6cd-a50cc148b564: start FollowerState
2019-10-17 02:15:24,732 [Thread-3895] INFO  impl.FollowerState (FollowerState.java:run(117)) - a6b2ebfb-69a0-457c-b6cd-a50cc148b564@group-896385CD49EE-FollowerState was interrupted: java.lang.InterruptedException: sleep interrupted
2019-10-17 02:15:24,745 [b32d7882-88db-4fe6-9cca-6a25122d474d@group-896385CD49EE-LeaderElection453] INFO  impl.LeaderElection (LeaderElection.java:logAndReturn(56)) - b32d7882-88db-4fe6-9cca-6a25122d474d@group-896385CD49EE-LeaderElection453: Election REJECTED; received 2 response(s) [b32d7882-88db-4fe6-9cca-6a25122d474d<-3aea292b-16fb-4e9b-be90-828afa8e8047#0:FAIL-t420, b32d7882-88db-4fe6-9cca-6a25122d474d<-a6b2ebfb-69a0-457c-b6cd-a50cc148b564#0:FAIL-t420] and 0 exception(s); b32d7882-88db-4fe6-9cca-6a25122d474d@group-896385CD49EE:t420, leader=null, voted=b32d7882-88db-4fe6-9cca-6a25122d474d, raftlog=b32d7882-88db-4fe6-9cca-6a25122d474d@group-896385CD49EE-SegmentedRaftLog:OPENED:c-1,f-1,i0, conf=-1: [b32d7882-88db-4fe6-9cca-6a25122d474d:192.168.157.194:42206, 3aea292b-16fb-4e9b-be90-828afa8e8047:192.168.157.194:34569, a6b2ebfb-69a0-457c-b6cd-a50cc148b564:192.168.157.194:37298], old=null
2019-10-17 02:15:24,745 [b32d7882-88db-4fe6-9cca-6a25122d474d@group-896385CD49EE-LeaderElection453] INFO  impl.RaftServerImpl (RaftServerImpl.java:setRole(184)) - b32d7882-88db-4fe6-9cca-6a25122d474d@group-896385CD49EE: changes role from CANDIDATE to FOLLOWER at term 420 for DISCOVERED_A_NEW_TERM
2019-10-17 02:15:24,745 [b32d7882-88db-4fe6-9cca-6a25122d474d@group-896385CD49EE-LeaderElection453] INFO  impl.RoleInfo (RoleInfo.java:shutdownLeaderElection(134)) - b32d7882-88db-4fe6-9cca-6a25122d474d: shutdown LeaderElection
2019-10-17 02:15:24,745 [b32d7882-88db-4fe6-9cca-6a25122d474d@group-896385CD49EE-LeaderElection453] INFO  impl.RoleInfo (RoleInfo.java:updateAndGet(143)) - b32d7882-88db-4fe6-9cca-6a25122d474d: start FollowerState
2019-10-17 02:15:24,795 [Thread-3902] INFO  impl.FollowerState (FollowerState.java:run(108)) - b32d7882-88db-4fe6-9cca-6a25122d474d@group-896385CD49EE-FollowerState: change to CANDIDATE, lastRpcTime:49ms, electionTimeout:49ms
2019-10-17 02:15:24,795 [Thread-3902] INFO  impl.RoleInfo (RoleInfo.java:shutdownFollowerState(121)) - b32d7882-88db-4fe6-9cca-6a25122d474d: shutdown FollowerState
2019-10-17 02:15:24,795 [Thread-3902] INFO  impl.RaftServerImpl (RaftServerImpl.java:setRole(184)) - b32d7882-88db-4fe6-9cca-6a25122d474d@group-896385CD49EE: changes role from  FOLLOWER to CANDIDATE at term 420 for changeToCandidate
2019-10-17 02:15:24,795 [Thread-3902] INFO  impl.RoleInfo (RoleInfo.java:updateAndGet(143)) - b32d7882-88db-4fe6-9cca-6a25122d474d: start LeaderElection
2019-10-17 02:15:24,807 [b32d7882-88db-4fe6-9cca-6a25122d474d@group-896385CD49EE-LeaderElection454] INFO  impl.LeaderElection (LeaderElection.java:askForVotes(178)) - b32d7882-88db-4fe6-9cca-6a25122d474d@group-896385CD49EE-LeaderElection454: begin an election at term 421 for -1: [b32d7882-88db-4fe6-9cca-6a25122d474d:192.168.157.194:42206, 3aea292b-16fb-4e9b-be90-828afa8e8047:192.168.157.194:34569, a6b2ebfb-69a0-457c-b6cd-a50cc148b564:192.168.157.194:37298], old=null
2019-10-17 02:15:24,809 [grpc-default-executor-0] INFO  impl.RaftServerImpl (RaftServerImpl.java:setRole(184)) - a6b2ebfb-69a0-457c-b6cd-a50cc148b564@group-896385CD49EE: changes role from  FOLLOWER to FOLLOWER at term 421 for recognizeCandidate:b32d7882-88db-4fe6-9cca-6a25122d474d
2019-10-17 02:15:24,809 [grpc-default-executor-0] INFO  impl.RoleInfo (RoleInfo.java:shutdownFollowerState(121)) - a6b2ebfb-69a0-457c-b6cd-a50cc148b564: shutdown FollowerState
2019-10-17 02:15:24,809 [grpc-default-executor-0] INFO  impl.RoleInfo (RoleInfo.java:updateAndGet(143)) - a6b2ebfb-69a0-457c-b6cd-a50cc148b564: start FollowerState
2019-10-17 02:15:24,809 [Thread-3901] INFO  impl.FollowerState (FollowerState.java:run(117)) - a6b2ebfb-69a0-457c-b6cd-a50cc148b564@group-896385CD49EE-FollowerState was interrupted: java.lang.InterruptedException: sleep interrupted
2019-10-17 02:15:24,812 [grpc-default-executor-1] INFO  impl.RaftServerImpl (RaftServerImpl.java:setRole(184)) - 3aea292b-16fb-4e9b-be90-828afa8e8047@group-896385CD49EE: changes role from  FOLLOWER to FOLLOWER at term 421 for recognizeCandidate:b32d7882-88db-4fe6-9cca-6a25122d474d
2019-10-17 02:15:24,813 [grpc-default-executor-1] INFO  impl.RoleInfo (RoleInfo.java:shutdownFollowerState(121)) - 3aea292b-16fb-4e9b-be90-828afa8e8047: shutdown FollowerState
2019-10-17 02:15:24,813 [grpc-default-executor-1] INFO  impl.RoleInfo (RoleInfo.java:updateAndGet(143)) - 3aea292b-16fb-4e9b-be90-828afa8e8047: start FollowerState
2019-10-17 02:15:24,813 [Thread-3900] INFO  impl.FollowerState (FollowerState.java:run(117)) - 3aea292b-16fb-4e9b-be90-828afa8e8047@group-896385CD49EE-FollowerState was interrupted: java.lang.InterruptedException: sleep interrupted
2019-10-17 02:15:24,818 [b32d7882-88db-4fe6-9cca-6a25122d474d@group-896385CD49EE-LeaderElection454] INFO  impl.LeaderElection (LeaderElection.java:logAndReturn(56)) - b32d7882-88db-4fe6-9cca-6a25122d474d@group-896385CD49EE-LeaderElection454: Election TIMEOUT; received 0 response(s) [] and 0 exception(s); b32d7882-88db-4fe6-9cca-6a25122d474d@group-896385CD49EE:t421, leader=null, voted=b32d7882-88db-4fe6-9cca-6a25122d474d, raftlog=b32d7882-88db-4fe6-9cca-6a25122d474d@group-896385CD49EE-SegmentedRaftLog:OPENED:c-1,f-1,i0, conf=-1: [b32d7882-88db-4fe6-9cca-6a25122d474d:192.168.157.194:42206, 3aea292b-16fb-4e9b-be90-828afa8e8047:192.168.157.194:34569, a6b2ebfb-69a0-457c-b6cd-a50cc148b564:192.168.157.194:37298], old=null
2019-10-17 02:15:24,821 [b32d7882-88db-4fe6-9cca-6a25122d474d@group-896385CD49EE-LeaderElection454] INFO  impl.LeaderElection (LeaderElection.java:askForVotes(178)) - b32d7882-88db-4fe6-9cca-6a25122d474d@group-896385CD49EE-LeaderElection454: begin an election at term 422 for -1: [b32d7882-88db-4fe6-9cca-6a25122d474d:192.168.157.194:42206, 3aea292b-16fb-4e9b-be90-828afa8e8047:192.168.157.194:34569, a6b2ebfb-69a0-457c-b6cd-a50cc148b564:192.168.157.194:37298], old=null
2019-10-17 02:15:24,822 [grpc-default-executor-0] INFO  impl.RaftServerImpl (RaftServerImpl.java:setRole(184)) - 3aea292b-16fb-4e9b-be90-828afa8e8047@group-896385CD49EE: changes role from  FOLLOWER to FOLLOWER at term 422 for recognizeCandidate:b32d7882-88db-4fe6-9cca-6a25122d474d
2019-10-17 02:15:24,822 [grpc-default-executor-0] INFO  impl.RoleInfo (RoleInfo.java:shutdownFollowerState(121)) - 3aea292b-16fb-4e9b-be90-828afa8e8047: shutdown FollowerState
2019-10-17 02:15:24,822 [grpc-default-executor-0] INFO  impl.RoleInfo (RoleInfo.java:updateAndGet(143)) - 3aea292b-16fb-4e9b-be90-828afa8e8047: start FollowerState
2019-10-17 02:15:24,822 [Thread-3907] INFO  impl.FollowerState (FollowerState.java:run(117)) - 3aea292b-16fb-4e9b-be90-828afa8e8047@group-896385CD49EE-FollowerState was interrupted: java.lang.InterruptedException: sleep interrupted
2019-10-17 02:15:24,822 [grpc-default-executor-1] INFO  impl.RaftServerImpl (RaftServerImpl.java:setRole(184)) - a6b2ebfb-69a0-457c-b6cd-a50cc148b564@group-896385CD49EE: changes role from  FOLLOWER to FOLLOWER at term 422 for recognizeCandidate:b32d7882-88db-4fe6-9cca-6a25122d474d
2019-10-17 02:15:24,823 [grpc-default-executor-1] INFO  impl.RoleInfo (RoleInfo.java:shutdownFollowerState(121)) - a6b2ebfb-69a0-457c-b6cd-a50cc148b564: shutdown FollowerState
2019-10-17 02:15:24,823 [grpc-default-executor-1] INFO  impl.RoleInfo (RoleInfo.java:updateAndGet(143)) - a6b2ebfb-69a0-457c-b6cd-a50cc148b564: start FollowerState
2019-10-17 02:15:24,823 [Thread-3906] INFO  impl.FollowerState (FollowerState.java:run(117)) - a6b2ebfb-69a0-457c-b6cd-a50cc148b564@group-896385CD49EE-FollowerState was interrupted: java.lang.InterruptedException: sleep interrupted
2019-10-17 02:15:24,838 [b32d7882-88db-4fe6-9cca-6a25122d474d@group-896385CD49EE-LeaderElection454] INFO  impl.LeaderElection (LeaderElection.java:logAndReturn(56)) - b32d7882-88db-4fe6-9cca-6a25122d474d@group-896385CD49EE-LeaderElection454: Election REJECTED; received 2 response(s) [b32d7882-88db-4fe6-9cca-6a25122d474d<-3aea292b-16fb-4e9b-be90-828afa8e8047#0:FAIL-t422, b32d7882-88db-4fe6-9cca-6a25122d474d<-a6b2ebfb-69a0-457c-b6cd-a50cc148b564#0:FAIL-t422] and 0 exception(s); b32d7882-88db-4fe6-9cca-6a25122d474d@group-896385CD49EE:t422, leader=null, voted=b32d7882-88db-4fe6-9cca-6a25122d474d, raftlog=b32d7882-88db-4fe6-9cca-6a25122d474d@group-896385CD49EE-SegmentedRaftLog:OPENED:c-1,f-1,i0, conf=-1: [b32d7882-88db-4fe6-9cca-6a25122d474d:192.168.157.194:42206, 3aea292b-16fb-4e9b-be90-828afa8e8047:192.168.157.194:34569, a6b2ebfb-69a0-457c-b6cd-a50cc148b564:192.168.157.194:37298], old=null
2019-10-17 02:15:24,839 [b32d7882-88db-4fe6-9cca-6a25122d474d@group-896385CD49EE-LeaderElection454] INFO  impl.RaftServerImpl (RaftServerImpl.java:setRole(184)) - b32d7882-88db-4fe6-9cca-6a25122d474d@group-896385CD49EE: changes role from CANDIDATE to FOLLOWER at term 422 for DISCOVERED_A_NEW_TERM
2019-10-17 02:15:24,839 [b32d7882-88db-4fe6-9cca-6a25122d474d@group-896385CD49EE-LeaderElection454] INFO  impl.RoleInfo (RoleInfo.java:shutdownLeaderElection(134)) - b32d7882-88db-4fe6-9cca-6a25122d474d: shutdown LeaderElection
2019-10-17 02:15:24,839 [b32d7882-88db-4fe6-9cca-6a25122d474d@group-896385CD49EE-LeaderElection454] INFO  impl.RoleInfo (RoleInfo.java:updateAndGet(143)) - b32d7882-88db-4fe6-9cca-6a25122d474d: start FollowerState
2019-10-17 02:15:24,985 [Thread-3912] INFO  impl.FollowerState (FollowerState.java:run(108)) - b32d7882-88db-4fe6-9cca-6a25122d474d@group-896385CD49EE-FollowerState: change to CANDIDATE, lastRpcTime:146ms, electionTimeout:146ms
2019-10-17 02:15:24,985 [Thread-3912] INFO  impl.RoleInfo (RoleInfo.java:shutdownFollowerState(121)) - b32d7882-88db-4fe6-9cca-6a25122d474d: shutdown FollowerState
2019-10-17 02:15:24,985 [Thread-3912] INFO  impl.RaftServerImpl (RaftServerImpl.java:setRole(184)) - b32d7882-88db-4fe6-9cca-6a25122d474d@group-896385CD49EE: changes role from  FOLLOWER to CANDIDATE at term 422 for changeToCandidate
2019-10-17 02:15:24,985 [Thread-3912] INFO  impl.RoleInfo (RoleInfo.java:updateAndGet(143)) - b32d7882-88db-4fe6-9cca-6a25122d474d: start LeaderElection
2019-10-17 02:15:24,999 [b32d7882-88db-4fe6-9cca-6a25122d474d@group-896385CD49EE-LeaderElection455] INFO  impl.LeaderElection (LeaderElection.java:askForVotes(178)) - b32d7882-88db-4fe6-9cca-6a25122d474d@group-896385CD49EE-LeaderElection455: begin an election at term 423 for -1: [b32d7882-88db-4fe6-9cca-6a25122d474d:192.168.157.194:42206, 3aea292b-16fb-4e9b-be90-828afa8e8047:192.168.157.194:34569, a6b2ebfb-69a0-457c-b6cd-a50cc148b564:192.168.157.194:37298], old=null
2019-10-17 02:15:25,000 [grpc-default-executor-0] INFO  impl.RaftServerImpl (RaftServerImpl.java:setRole(184)) - 3aea292b-16fb-4e9b-be90-828afa8e8047@group-896385CD49EE: changes role from  FOLLOWER to FOLLOWER at term 423 for recognizeCandidate:b32d7882-88db-4fe6-9cca-6a25122d474d
2019-10-17 02:15:25,000 [grpc-default-executor-0] INFO  impl.RoleInfo (RoleInfo.java:shutdownFollowerState(121)) - 3aea292b-16fb-4e9b-be90-828afa8e8047: shutdown FollowerState
2019-10-17 02:15:25,001 [grpc-default-executor-0] INFO  impl.RoleInfo (RoleInfo.java:updateAndGet(143)) - 3aea292b-16fb-4e9b-be90-828afa8e8047: start FollowerState
2019-10-17 02:15:25,001 [Thread-3910] INFO  impl.FollowerState (FollowerState.java:run(117)) - 3aea292b-16fb-4e9b-be90-828afa8e8047@group-896385CD49EE-FollowerState was interrupted: java.lang.InterruptedException: sleep interrupted
2019-10-17 02:15:25,001 [grpc-default-executor-1] INFO  impl.RaftServerImpl (RaftServerImpl.java:setRole(184)) - a6b2ebfb-69a0-457c-b6cd-a50cc148b564@group-896385CD49EE: changes role from  FOLLOWER to FOLLOWER at term 423 for recognizeCandidate:b32d7882-88db-4fe6-9cca-6a25122d474d
2019-10-17 02:15:25,001 [grpc-default-executor-1] INFO  impl.RoleInfo (RoleInfo.java:shutdownFollowerState(121)) - a6b2ebfb-69a0-457c-b6cd-a50cc148b564: shutdown FollowerState
2019-10-17 02:15:25,001 [grpc-default-executor-1] INFO  impl.RoleInfo (RoleInfo.java:updateAndGet(143)) - a6b2ebfb-69a0-457c-b6cd-a50cc148b564: start FollowerState
2019-10-17 02:15:25,001 [Thread-3911] INFO  impl.FollowerState (FollowerState.java:run(117)) - a6b2ebfb-69a0-457c-b6cd-a50cc148b564@group-896385CD49EE-FollowerState was interrupted: java.lang.InterruptedException: sleep interrupted
2019-10-17 02:15:25,013 [b32d7882-88db-4fe6-9cca-6a25122d474d@group-896385CD49EE-LeaderElection455] INFO  impl.LeaderElection (LeaderElection.java:logAndReturn(56)) - b32d7882-88db-4fe6-9cca-6a25122d474d@group-896385CD49EE-LeaderElection455: Election REJECTED; received 2 response(s) [b32d7882-88db-4fe6-9cca-6a25122d474d<-3aea292b-16fb-4e9b-be90-828afa8e8047#0:FAIL-t423, b32d7882-88db-4fe6-9cca-6a25122d474d<-a6b2ebfb-69a0-457c-b6cd-a50cc148b564#0:FAIL-t423] and 0 exception(s); b32d7882-88db-4fe6-9cca-6a25122d474d@group-896385CD49EE:t423, leader=null, voted=b32d7882-88db-4fe6-9cca-6a25122d474d, raftlog=b32d7882-88db-4fe6-9cca-6a25122d474d@group-896385CD49EE-SegmentedRaftLog:OPENED:c-1,f-1,i0, conf=-1: [b32d7882-88db-4fe6-9cca-6a25122d474d:192.168.157.194:42206, 3aea292b-16fb-4e9b-be90-828afa8e8047:192.168.157.194:34569, a6b2ebfb-69a0-457c-b6cd-a50cc148b564:192.168.157.194:37298], old=null
2019-10-17 02:15:25,013 [b32d7882-88db-4fe6-9cca-6a25122d474d@group-896385CD49EE-LeaderElection455] INFO  impl.RaftServerImpl (RaftServerImpl.java:setRole(184)) - b32d7882-88db-4fe6-9cca-6a25122d474d@group-896385CD49EE: changes role from CANDIDATE to FOLLOWER at term 423 for DISCOVERED_A_NEW_TERM
2019-10-17 02:15:25,014 [b32d7882-88db-4fe6-9cca-6a25122d474d@group-896385CD49EE-LeaderElection455] INFO  impl.RoleInfo (RoleInfo.java:shutdownLeaderElection(134)) - b32d7882-88db-4fe6-9cca-6a25122d474d: shutdown LeaderElection
2019-10-17 02:15:25,014 [b32d7882-88db-4fe6-9cca-6a25122d474d@group-896385CD49EE-LeaderElection455] INFO  impl.RoleInfo (RoleInfo.java:updateAndGet(143)) - b32d7882-88db-4fe6-9cca-6a25122d474d: start FollowerState
2019-10-17 02:15:25,177 [Thread-3918] INFO  impl.FollowerState (FollowerState.java:run(108)) - b32d7882-88db-4fe6-9cca-6a25122d474d@group-896385CD49EE-FollowerState: change to CANDIDATE, lastRpcTime:163ms, electionTimeout:163ms
2019-10-17 02:15:25,177 [Thread-3918] INFO  impl.RoleInfo (RoleInfo.java:shutdownFollowerState(121)) - b32d7882-88db-4fe6-9cca-6a25122d474d: shutdown FollowerState
2019-10-17 02:15:25,177 [Thread-3918] INFO  impl.RaftServerImpl (RaftServerImpl.java:setRole(184)) - b32d7882-88db-4fe6-9cca-6a25122d474d@group-896385CD49EE: changes role from  FOLLOWER to CANDIDATE at term 423 for changeToCandidate
2019-10-17 02:15:25,177 [Thread-3918] INFO  impl.RoleInfo (RoleInfo.java:updateAndGet(143)) - b32d7882-88db-4fe6-9cca-6a25122d474d: start LeaderElection
2019-10-17 02:15:25,186 [main] INFO  ozone.MiniOzoneClusterImpl (MiniOzoneClusterImpl.java:lambda$waitForClusterToBeReady$2(164)) - Waiting for 1 number of pipelines out of 4, to report a leader.
2019-10-17 02:15:25,191 [b32d7882-88db-4fe6-9cca-6a25122d474d@group-896385CD49EE-LeaderElection456] INFO  impl.LeaderElection (LeaderElection.java:askForVotes(178)) - b32d7882-88db-4fe6-9cca-6a25122d474d@group-896385CD49EE-LeaderElection456: begin an election at term 424 for -1: [b32d7882-88db-4fe6-9cca-6a25122d474d:192.168.157.194:42206, 3aea292b-16fb-4e9b-be90-828afa8e8047:192.168.157.194:34569, a6b2ebfb-69a0-457c-b6cd-a50cc148b564:192.168.157.194:37298], old=null
2019-10-17 02:15:25,193 [grpc-default-executor-1] INFO  impl.RaftServerImpl (RaftServerImpl.java:setRole(184)) - a6b2ebfb-69a0-457c-b6cd-a50cc148b564@group-896385CD49EE: changes role from  FOLLOWER to FOLLOWER at term 424 for recognizeCandidate:b32d7882-88db-4fe6-9cca-6a25122d474d
2019-10-17 02:15:25,193 [grpc-default-executor-0] INFO  impl.RaftServerImpl (RaftServerImpl.java:setRole(184)) - 3aea292b-16fb-4e9b-be90-828afa8e8047@group-896385CD49EE: changes role from  FOLLOWER to FOLLOWER at term 424 for recognizeCandidate:b32d7882-88db-4fe6-9cca-6a25122d474d
2019-10-17 02:15:25,193 [grpc-default-executor-0] INFO  impl.RoleInfo (RoleInfo.java:shutdownFollowerState(121)) - 3aea292b-16fb-4e9b-be90-828afa8e8047: shutdown FollowerState
2019-10-17 02:15:25,193 [grpc-default-executor-1] INFO  impl.RoleInfo (RoleInfo.java:shutdownFollowerState(121)) - a6b2ebfb-69a0-457c-b6cd-a50cc148b564: shutdown FollowerState
2019-10-17 02:15:25,193 [grpc-default-executor-1] INFO  impl.RoleInfo (RoleInfo.java:updateAndGet(143)) - a6b2ebfb-69a0-457c-b6cd-a50cc148b564: start FollowerState
2019-10-17 02:15:25,193 [grpc-default-executor-0] INFO  impl.RoleInfo (RoleInfo.java:updateAndGet(143)) - 3aea292b-16fb-4e9b-be90-828afa8e8047: start FollowerState
2019-10-17 02:15:25,193 [Thread-3916] INFO  impl.FollowerState (FollowerState.java:run(117)) - 3aea292b-16fb-4e9b-be90-828afa8e8047@group-896385CD49EE-FollowerState was interrupted: java.lang.InterruptedException: sleep interrupted
2019-10-17 02:15:25,193 [Thread-3917] INFO  impl.FollowerState (FollowerState.java:run(117)) - a6b2ebfb-69a0-457c-b6cd-a50cc148b564@group-896385CD49EE-FollowerState was interrupted: java.lang.InterruptedException: sleep interrupted
2019-10-17 02:15:25,207 [b32d7882-88db-4fe6-9cca-6a25122d474d@group-896385CD49EE-LeaderElection456] INFO  impl.LeaderElection (LeaderElection.java:logAndReturn(56)) - b32d7882-88db-4fe6-9cca-6a25122d474d@group-896385CD49EE-LeaderElection456: Election REJECTED; received 2 response(s) [b32d7882-88db-4fe6-9cca-6a25122d474d<-3aea292b-16fb-4e9b-be90-828afa8e8047#0:FAIL-t424, b32d7882-88db-4fe6-9cca-6a25122d474d<-a6b2ebfb-69a0-457c-b6cd-a50cc148b564#0:FAIL-t424] and 0 exception(s); b32d7882-88db-4fe6-9cca-6a25122d474d@group-896385CD49EE:t424, leader=null, voted=b32d7882-88db-4fe6-9cca-6a25122d474d, raftlog=b32d7882-88db-4fe6-9cca-6a25122d474d@group-896385CD49EE-SegmentedRaftLog:OPENED:c-1,f-1,i0, conf=-1: [b32d7882-88db-4fe6-9cca-6a25122d474d:192.168.157.194:42206, 3aea292b-16fb-4e9b-be90-828afa8e8047:192.168.157.194:34569, a6b2ebfb-69a0-457c-b6cd-a50cc148b564:192.168.157.194:37298], old=null
2019-10-17 02:15:25,207 [b32d7882-88db-4fe6-9cca-6a25122d474d@group-896385CD49EE-LeaderElection456] INFO  impl.RaftServerImpl (RaftServerImpl.java:setRole(184)) - b32d7882-88db-4fe6-9cca-6a25122d474d@group-896385CD49EE: changes role from CANDIDATE to FOLLOWER at term 424 for DISCOVERED_A_NEW_TERM
2019-10-17 02:15:25,207 [b32d7882-88db-4fe6-9cca-6a25122d474d@group-896385CD49EE-LeaderElection456] INFO  impl.RoleInfo (RoleInfo.java:shutdownLeaderElection(134)) - b32d7882-88db-4fe6-9cca-6a25122d474d: shutdown LeaderElection
2019-10-17 02:15:25,207 [b32d7882-88db-4fe6-9cca-6a25122d474d@group-896385CD49EE-LeaderElection456] INFO  impl.RoleInfo (RoleInfo.java:updateAndGet(143)) - b32d7882-88db-4fe6-9cca-6a25122d474d: start FollowerState
2019-10-17 02:15:25,235 [Thread-3924] INFO  impl.FollowerState (FollowerState.java:run(108)) - b32d7882-88db-4fe6-9cca-6a25122d474d@group-896385CD49EE-FollowerState: change to CANDIDATE, lastRpcTime:27ms, electionTimeout:27ms
2019-10-17 02:15:25,235 [Thread-3924] INFO  impl.RoleInfo (RoleInfo.java:shutdownFollowerState(121)) - b32d7882-88db-4fe6-9cca-6a25122d474d: shutdown FollowerState
2019-10-17 02:15:25,235 [Thread-3924] INFO  impl.RaftServerImpl (RaftServerImpl.java:setRole(184)) - b32d7882-88db-4fe6-9cca-6a25122d474d@group-896385CD49EE: changes role from  FOLLOWER to CANDIDATE at term 424 for changeToCandidate
2019-10-17 02:15:25,235 [Thread-3924] INFO  impl.RoleInfo (RoleInfo.java:updateAndGet(143)) - b32d7882-88db-4fe6-9cca-6a25122d474d: start LeaderElection
2019-10-17 02:15:25,248 [b32d7882-88db-4fe6-9cca-6a25122d474d@group-896385CD49EE-LeaderElection457] INFO  impl.LeaderElection (LeaderElection.java:askForVotes(178)) - b32d7882-88db-4fe6-9cca-6a25122d474d@group-896385CD49EE-LeaderElection457: begin an election at term 425 for -1: [b32d7882-88db-4fe6-9cca-6a25122d474d:192.168.157.194:42206, 3aea292b-16fb-4e9b-be90-828afa8e8047:192.168.157.194:34569, a6b2ebfb-69a0-457c-b6cd-a50cc148b564:192.168.157.194:37298], old=null
2019-10-17 02:15:25,249 [grpc-default-executor-1] INFO  impl.RaftServerImpl (RaftServerImpl.java:setRole(184)) - 3aea292b-16fb-4e9b-be90-828afa8e8047@group-896385CD49EE: changes role from  FOLLOWER to FOLLOWER at term 425 for recognizeCandidate:b32d7882-88db-4fe6-9cca-6a25122d474d
2019-10-17 02:15:25,249 [grpc-default-executor-1] INFO  impl.RoleInfo (RoleInfo.java:shutdownFollowerState(121)) - 3aea292b-16fb-4e9b-be90-828afa8e8047: shutdown FollowerState
2019-10-17 02:15:25,250 [grpc-default-executor-1] INFO  impl.RoleInfo (RoleInfo.java:updateAndGet(143)) - 3aea292b-16fb-4e9b-be90-828afa8e8047: start FollowerState
2019-10-17 02:15:25,249 [grpc-default-executor-0] INFO  impl.RaftServerImpl (RaftServerImpl.java:setRole(184)) - a6b2ebfb-69a0-457c-b6cd-a50cc148b564@group-896385CD49EE: changes role from  FOLLOWER to FOLLOWER at term 425 for recognizeCandidate:b32d7882-88db-4fe6-9cca-6a25122d474d
2019-10-17 02:15:25,250 [grpc-default-executor-0] INFO  impl.RoleInfo (RoleInfo.java:shutdownFollowerState(121)) - a6b2ebfb-69a0-457c-b6cd-a50cc148b564: shutdown FollowerState
2019-10-17 02:15:25,250 [Thread-3922] INFO  impl.FollowerState (FollowerState.java:run(117)) - 3aea292b-16fb-4e9b-be90-828afa8e8047@group-896385CD49EE-FollowerState was interrupted: java.lang.InterruptedException: sleep interrupted
2019-10-17 02:15:25,250 [Thread-3923] INFO  impl.FollowerState (FollowerState.java:run(117)) - a6b2ebfb-69a0-457c-b6cd-a50cc148b564@group-896385CD49EE-FollowerState was interrupted: java.lang.InterruptedException: sleep interrupted
2019-10-17 02:15:25,250 [grpc-default-executor-0] INFO  impl.RoleInfo (RoleInfo.java:updateAndGet(143)) - a6b2ebfb-69a0-457c-b6cd-a50cc148b564: start FollowerState
2019-10-17 02:15:25,263 [b32d7882-88db-4fe6-9cca-6a25122d474d@group-896385CD49EE-LeaderElection457] INFO  impl.LeaderElection (LeaderElection.java:logAndReturn(56)) - b32d7882-88db-4fe6-9cca-6a25122d474d@group-896385CD49EE-LeaderElection457: Election REJECTED; received 2 response(s) [b32d7882-88db-4fe6-9cca-6a25122d474d<-3aea292b-16fb-4e9b-be90-828afa8e8047#0:FAIL-t425, b32d7882-88db-4fe6-9cca-6a25122d474d<-a6b2ebfb-69a0-457c-b6cd-a50cc148b564#0:FAIL-t425] and 0 exception(s); b32d7882-88db-4fe6-9cca-6a25122d474d@group-896385CD49EE:t425, leader=null, voted=b32d7882-88db-4fe6-9cca-6a25122d474d, raftlog=b32d7882-88db-4fe6-9cca-6a25122d474d@group-896385CD49EE-SegmentedRaftLog:OPENED:c-1,f-1,i0, conf=-1: [b32d7882-88db-4fe6-9cca-6a25122d474d:192.168.157.194:42206, 3aea292b-16fb-4e9b-be90-828afa8e8047:192.168.157.194:34569, a6b2ebfb-69a0-457c-b6cd-a50cc148b564:192.168.157.194:37298], old=null
2019-10-17 02:15:25,264 [b32d7882-88db-4fe6-9cca-6a25122d474d@group-896385CD49EE-LeaderElection457] INFO  impl.RaftServerImpl (RaftServerImpl.java:setRole(184)) - b32d7882-88db-4fe6-9cca-6a25122d474d@group-896385CD49EE: changes role from CANDIDATE to FOLLOWER at term 425 for DISCOVERED_A_NEW_TERM
2019-10-17 02:15:25,264 [b32d7882-88db-4fe6-9cca-6a25122d474d@group-896385CD49EE-LeaderElection457] INFO  impl.RoleInfo (RoleInfo.java:shutdownLeaderElection(134)) - b32d7882-88db-4fe6-9cca-6a25122d474d: shutdown LeaderElection
2019-10-17 02:15:25,264 [b32d7882-88db-4fe6-9cca-6a25122d474d@group-896385CD49EE-LeaderElection457] INFO  impl.RoleInfo (RoleInfo.java:updateAndGet(143)) - b32d7882-88db-4fe6-9cca-6a25122d474d: start FollowerState
2019-10-17 02:15:25,445 [Thread-3930] INFO  impl.FollowerState (FollowerState.java:run(108)) - b32d7882-88db-4fe6-9cca-6a25122d474d@group-896385CD49EE-FollowerState: change to CANDIDATE, lastRpcTime:181ms, electionTimeout:181ms
2019-10-17 02:15:25,445 [Thread-3930] INFO  impl.RoleInfo (RoleInfo.java:shutdownFollowerState(121)) - b32d7882-88db-4fe6-9cca-6a25122d474d: shutdown FollowerState
2019-10-17 02:15:25,446 [Thread-3930] INFO  impl.RaftServerImpl (RaftServerImpl.java:setRole(184)) - b32d7882-88db-4fe6-9cca-6a25122d474d@group-896385CD49EE: changes role from  FOLLOWER to CANDIDATE at term 425 for changeToCandidate
2019-10-17 02:15:25,446 [Thread-3930] INFO  impl.RoleInfo (RoleInfo.java:updateAndGet(143)) - b32d7882-88db-4fe6-9cca-6a25122d474d: start LeaderElection
2019-10-17 02:15:25,459 [b32d7882-88db-4fe6-9cca-6a25122d474d@group-896385CD49EE-LeaderElection458] INFO  impl.LeaderElection (LeaderElection.java:askForVotes(178)) - b32d7882-88db-4fe6-9cca-6a25122d474d@group-896385CD49EE-LeaderElection458: begin an election at term 426 for -1: [b32d7882-88db-4fe6-9cca-6a25122d474d:192.168.157.194:42206, 3aea292b-16fb-4e9b-be90-828afa8e8047:192.168.157.194:34569, a6b2ebfb-69a0-457c-b6cd-a50cc148b564:192.168.157.194:37298], old=null
2019-10-17 02:15:25,460 [grpc-default-executor-1] INFO  impl.RaftServerImpl (RaftServerImpl.java:setRole(184)) - a6b2ebfb-69a0-457c-b6cd-a50cc148b564@group-896385CD49EE: changes role from  FOLLOWER to FOLLOWER at term 426 for recognizeCandidate:b32d7882-88db-4fe6-9cca-6a25122d474d
2019-10-17 02:15:25,461 [grpc-default-executor-1] INFO  impl.RoleInfo (RoleInfo.java:shutdownFollowerState(121)) - a6b2ebfb-69a0-457c-b6cd-a50cc148b564: shutdown FollowerState
2019-10-17 02:15:25,461 [grpc-default-executor-0] INFO  impl.RaftServerImpl (RaftServerImpl.java:setRole(184)) - 3aea292b-16fb-4e9b-be90-828afa8e8047@group-896385CD49EE: changes role from  FOLLOWER to FOLLOWER at term 426 for recognizeCandidate:b32d7882-88db-4fe6-9cca-6a25122d474d
2019-10-17 02:15:25,461 [grpc-default-executor-0] INFO  impl.RoleInfo (RoleInfo.java:shutdownFollowerState(121)) - 3aea292b-16fb-4e9b-be90-828afa8e8047: shutdown FollowerState
2019-10-17 02:15:25,461 [Thread-3929] INFO  impl.FollowerState (FollowerState.java:run(117)) - a6b2ebfb-69a0-457c-b6cd-a50cc148b564@group-896385CD49EE-FollowerState was interrupted: java.lang.InterruptedException: sleep interrupted
2019-10-17 02:15:25,461 [grpc-default-executor-1] INFO  impl.RoleInfo (RoleInfo.java:updateAndGet(143)) - a6b2ebfb-69a0-457c-b6cd-a50cc148b564: start FollowerState
2019-10-17 02:15:25,461 [Thread-3928] INFO  impl.FollowerState (FollowerState.java:run(117)) - 3aea292b-16fb-4e9b-be90-828afa8e8047@group-896385CD49EE-FollowerState was interrupted: java.lang.InterruptedException: sleep interrupted
2019-10-17 02:15:25,461 [grpc-default-executor-0] INFO  impl.RoleInfo (RoleInfo.java:updateAndGet(143)) - 3aea292b-16fb-4e9b-be90-828afa8e8047: start FollowerState
2019-10-17 02:15:25,476 [b32d7882-88db-4fe6-9cca-6a25122d474d@group-896385CD49EE-LeaderElection458] INFO  impl.LeaderElection (LeaderElection.java:logAndReturn(56)) - b32d7882-88db-4fe6-9cca-6a25122d474d@group-896385CD49EE-LeaderElection458: Election REJECTED; received 2 response(s) [b32d7882-88db-4fe6-9cca-6a25122d474d<-3aea292b-16fb-4e9b-be90-828afa8e8047#0:FAIL-t426, b32d7882-88db-4fe6-9cca-6a25122d474d<-a6b2ebfb-69a0-457c-b6cd-a50cc148b564#0:FAIL-t426] and 0 exception(s); b32d7882-88db-4fe6-9cca-6a25122d474d@group-896385CD49EE:t426, leader=null, voted=b32d7882-88db-4fe6-9cca-6a25122d474d, raftlog=b32d7882-88db-4fe6-9cca-6a25122d474d@group-896385CD49EE-SegmentedRaftLog:OPENED:c-1,f-1,i0, conf=-1: [b32d7882-88db-4fe6-9cca-6a25122d474d:192.168.157.194:42206, 3aea292b-16fb-4e9b-be90-828afa8e8047:192.168.157.194:34569, a6b2ebfb-69a0-457c-b6cd-a50cc148b564:192.168.157.194:37298], old=null
2019-10-17 02:15:25,476 [b32d7882-88db-4fe6-9cca-6a25122d474d@group-896385CD49EE-LeaderElection458] INFO  impl.RaftServerImpl (RaftServerImpl.java:setRole(184)) - b32d7882-88db-4fe6-9cca-6a25122d474d@group-896385CD49EE: changes role from CANDIDATE to FOLLOWER at term 426 for DISCOVERED_A_NEW_TERM
2019-10-17 02:15:25,476 [b32d7882-88db-4fe6-9cca-6a25122d474d@group-896385CD49EE-LeaderElection458] INFO  impl.RoleInfo (RoleInfo.java:shutdownLeaderElection(134)) - b32d7882-88db-4fe6-9cca-6a25122d474d: shutdown LeaderElection
2019-10-17 02:15:25,476 [b32d7882-88db-4fe6-9cca-6a25122d474d@group-896385CD49EE-LeaderElection458] INFO  impl.RoleInfo (RoleInfo.java:updateAndGet(143)) - b32d7882-88db-4fe6-9cca-6a25122d474d: start FollowerState
2019-10-17 02:15:25,619 [Thread-3936] INFO  impl.FollowerState (FollowerState.java:run(108)) - b32d7882-88db-4fe6-9cca-6a25122d474d@group-896385CD49EE-FollowerState: change to CANDIDATE, lastRpcTime:142ms, electionTimeout:142ms
2019-10-17 02:15:25,619 [Thread-3936] INFO  impl.RoleInfo (RoleInfo.java:shutdownFollowerState(121)) - b32d7882-88db-4fe6-9cca-6a25122d474d: shutdown FollowerState
2019-10-17 02:15:25,619 [Thread-3936] INFO  impl.RaftServerImpl (RaftServerImpl.java:setRole(184)) - b32d7882-88db-4fe6-9cca-6a25122d474d@group-896385CD49EE: changes role from  FOLLOWER to CANDIDATE at term 426 for changeToCandidate
2019-10-17 02:15:25,619 [Thread-3936] INFO  impl.RoleInfo (RoleInfo.java:updateAndGet(143)) - b32d7882-88db-4fe6-9cca-6a25122d474d: start LeaderElection
2019-10-17 02:15:25,633 [b32d7882-88db-4fe6-9cca-6a25122d474d@group-896385CD49EE-LeaderElection459] INFO  impl.LeaderElection (LeaderElection.java:askForVotes(178)) - b32d7882-88db-4fe6-9cca-6a25122d474d@group-896385CD49EE-LeaderElection459: begin an election at term 427 for -1: [b32d7882-88db-4fe6-9cca-6a25122d474d:192.168.157.194:42206, 3aea292b-16fb-4e9b-be90-828afa8e8047:192.168.157.194:34569, a6b2ebfb-69a0-457c-b6cd-a50cc148b564:192.168.157.194:37298], old=null
2019-10-17 02:15:25,634 [grpc-default-executor-1] INFO  impl.RaftServerImpl (RaftServerImpl.java:setRole(184)) - 3aea292b-16fb-4e9b-be90-828afa8e8047@group-896385CD49EE: changes role from  FOLLOWER to FOLLOWER at term 427 for recognizeCandidate:b32d7882-88db-4fe6-9cca-6a25122d474d
2019-10-17 02:15:25,635 [grpc-default-executor-1] INFO  impl.RoleInfo (RoleInfo.java:shutdownFollowerState(121)) - 3aea292b-16fb-4e9b-be90-828afa8e8047: shutdown FollowerState
2019-10-17 02:15:25,634 [grpc-default-executor-0] INFO  impl.RaftServerImpl (RaftServerImpl.java:setRole(184)) - a6b2ebfb-69a0-457c-b6cd-a50cc148b564@group-896385CD49EE: changes role from  FOLLOWER to FOLLOWER at term 427 for recognizeCandidate:b32d7882-88db-4fe6-9cca-6a25122d474d
2019-10-17 02:15:25,635 [Thread-3935] INFO  impl.FollowerState (FollowerState.java:run(117)) - 3aea292b-16fb-4e9b-be90-828afa8e8047@group-896385CD49EE-FollowerState was interrupted: java.lang.InterruptedException: sleep interrupted
2019-10-17 02:15:25,635 [grpc-default-executor-1] INFO  impl.RoleInfo (RoleInfo.java:updateAndGet(143)) - 3aea292b-16fb-4e9b-be90-828afa8e8047: start FollowerState
2019-10-17 02:15:25,635 [grpc-default-executor-0] INFO  impl.RoleInfo (RoleInfo.java:shutdownFollowerState(121)) - a6b2ebfb-69a0-457c-b6cd-a50cc148b564: shutdown FollowerState
2019-10-17 02:15:25,635 [grpc-default-executor-0] INFO  impl.RoleInfo (RoleInfo.java:updateAndGet(143)) - a6b2ebfb-69a0-457c-b6cd-a50cc148b564: start FollowerState
2019-10-17 02:15:25,635 [b32d7882-88db-4fe6-9cca-6a25122d474d@group-896385CD49EE-LeaderElection459] INFO  impl.LeaderElection (LeaderElection.java:logAndReturn(56)) - b32d7882-88db-4fe6-9cca-6a25122d474d@group-896385CD49EE-LeaderElection459: Election TIMEOUT; received 0 response(s) [] and 0 exception(s); b32d7882-88db-4fe6-9cca-6a25122d474d@group-896385CD49EE:t427, leader=null, voted=b32d7882-88db-4fe6-9cca-6a25122d474d, raftlog=b32d7882-88db-4fe6-9cca-6a25122d474d@group-896385CD49EE-SegmentedRaftLog:OPENED:c-1,f-1,i0, conf=-1: [b32d7882-88db-4fe6-9cca-6a25122d474d:192.168.157.194:42206, 3aea292b-16fb-4e9b-be90-828afa8e8047:192.168.157.194:34569, a6b2ebfb-69a0-457c-b6cd-a50cc148b564:192.168.157.194:37298], old=null
2019-10-17 02:15:25,635 [Thread-3934] INFO  impl.FollowerState (FollowerState.java:run(117)) - a6b2ebfb-69a0-457c-b6cd-a50cc148b564@group-896385CD49EE-FollowerState was interrupted: java.lang.InterruptedException: sleep interrupted
2019-10-17 02:15:25,646 [b32d7882-88db-4fe6-9cca-6a25122d474d@group-896385CD49EE-LeaderElection459] INFO  impl.LeaderElection (LeaderElection.java:askForVotes(178)) - b32d7882-88db-4fe6-9cca-6a25122d474d@group-896385CD49EE-LeaderElection459: begin an election at term 428 for -1: [b32d7882-88db-4fe6-9cca-6a25122d474d:192.168.157.194:42206, 3aea292b-16fb-4e9b-be90-828afa8e8047:192.168.157.194:34569, a6b2ebfb-69a0-457c-b6cd-a50cc148b564:192.168.157.194:37298], old=null
2019-10-17 02:15:25,647 [grpc-default-executor-1] INFO  impl.RaftServerImpl (RaftServerImpl.java:setRole(184)) - 3aea292b-16fb-4e9b-be90-828afa8e8047@group-896385CD49EE: changes role from  FOLLOWER to FOLLOWER at term 428 for recognizeCandidate:b32d7882-88db-4fe6-9cca-6a25122d474d
2019-10-17 02:15:25,647 [grpc-default-executor-1] INFO  impl.RoleInfo (RoleInfo.java:shutdownFollowerState(121)) - 3aea292b-16fb-4e9b-be90-828afa8e8047: shutdown FollowerState
2019-10-17 02:15:25,647 [grpc-default-executor-1] INFO  impl.RoleInfo (RoleInfo.java:updateAndGet(143)) - 3aea292b-16fb-4e9b-be90-828afa8e8047: start FollowerState
2019-10-17 02:15:25,647 [Thread-3940] INFO  impl.FollowerState (FollowerState.java:run(117)) - 3aea292b-16fb-4e9b-be90-828afa8e8047@group-896385CD49EE-FollowerState was interrupted: java.lang.InterruptedException: sleep interrupted
2019-10-17 02:15:25,647 [grpc-default-executor-0] INFO  impl.RaftServerImpl (RaftServerImpl.java:setRole(184)) - a6b2ebfb-69a0-457c-b6cd-a50cc148b564@group-896385CD49EE: changes role from  FOLLOWER to FOLLOWER at term 428 for recognizeCandidate:b32d7882-88db-4fe6-9cca-6a25122d474d
2019-10-17 02:15:25,647 [grpc-default-executor-0] INFO  impl.RoleInfo (RoleInfo.java:shutdownFollowerState(121)) - a6b2ebfb-69a0-457c-b6cd-a50cc148b564: shutdown FollowerState
2019-10-17 02:15:25,648 [grpc-default-executor-0] INFO  impl.RoleInfo (RoleInfo.java:updateAndGet(143)) - a6b2ebfb-69a0-457c-b6cd-a50cc148b564: start FollowerState
2019-10-17 02:15:25,648 [Thread-3941] INFO  impl.FollowerState (FollowerState.java:run(117)) - a6b2ebfb-69a0-457c-b6cd-a50cc148b564@group-896385CD49EE-FollowerState was interrupted: java.lang.InterruptedException: sleep interrupted
2019-10-17 02:15:25,656 [b32d7882-88db-4fe6-9cca-6a25122d474d@group-896385CD49EE-LeaderElection459] INFO  impl.LeaderElection (LeaderElection.java:logAndReturn(56)) - b32d7882-88db-4fe6-9cca-6a25122d474d@group-896385CD49EE-LeaderElection459: Election REJECTED; received 2 response(s) [b32d7882-88db-4fe6-9cca-6a25122d474d<-3aea292b-16fb-4e9b-be90-828afa8e8047#0:FAIL-t428, b32d7882-88db-4fe6-9cca-6a25122d474d<-a6b2ebfb-69a0-457c-b6cd-a50cc148b564#0:FAIL-t428] and 0 exception(s); b32d7882-88db-4fe6-9cca-6a25122d474d@group-896385CD49EE:t428, leader=null, voted=b32d7882-88db-4fe6-9cca-6a25122d474d, raftlog=b32d7882-88db-4fe6-9cca-6a25122d474d@group-896385CD49EE-SegmentedRaftLog:OPENED:c-1,f-1,i0, conf=-1: [b32d7882-88db-4fe6-9cca-6a25122d474d:192.168.157.194:42206, 3aea292b-16fb-4e9b-be90-828afa8e8047:192.168.157.194:34569, a6b2ebfb-69a0-457c-b6cd-a50cc148b564:192.168.157.194:37298], old=null
2019-10-17 02:15:25,656 [b32d7882-88db-4fe6-9cca-6a25122d474d@group-896385CD49EE-LeaderElection459] INFO  impl.RaftServerImpl (RaftServerImpl.java:setRole(184)) - b32d7882-88db-4fe6-9cca-6a25122d474d@group-896385CD49EE: changes role from CANDIDATE to FOLLOWER at term 428 for DISCOVERED_A_NEW_TERM
2019-10-17 02:15:25,656 [b32d7882-88db-4fe6-9cca-6a25122d474d@group-896385CD49EE-LeaderElection459] INFO  impl.RoleInfo (RoleInfo.java:shutdownLeaderElection(134)) - b32d7882-88db-4fe6-9cca-6a25122d474d: shutdown LeaderElection
2019-10-17 02:15:25,656 [b32d7882-88db-4fe6-9cca-6a25122d474d@group-896385CD49EE-LeaderElection459] INFO  impl.RoleInfo (RoleInfo.java:updateAndGet(143)) - b32d7882-88db-4fe6-9cca-6a25122d474d: start FollowerState
2019-10-17 02:15:25,803 [Thread-3946] INFO  impl.FollowerState (FollowerState.java:run(108)) - b32d7882-88db-4fe6-9cca-6a25122d474d@group-896385CD49EE-FollowerState: change to CANDIDATE, lastRpcTime:146ms, electionTimeout:146ms
2019-10-17 02:15:25,803 [Thread-3946] INFO  impl.RoleInfo (RoleInfo.java:shutdownFollowerState(121)) - b32d7882-88db-4fe6-9cca-6a25122d474d: shutdown FollowerState
2019-10-17 02:15:25,803 [Thread-3946] INFO  impl.RaftServerImpl (RaftServerImpl.java:setRole(184)) - b32d7882-88db-4fe6-9cca-6a25122d474d@group-896385CD49EE: changes role from  FOLLOWER to CANDIDATE at term 428 for changeToCandidate
2019-10-17 02:15:25,803 [Thread-3946] INFO  impl.RoleInfo (RoleInfo.java:updateAndGet(143)) - b32d7882-88db-4fe6-9cca-6a25122d474d: start LeaderElection
2019-10-17 02:15:25,816 [b32d7882-88db-4fe6-9cca-6a25122d474d@group-896385CD49EE-LeaderElection460] INFO  impl.LeaderElection (LeaderElection.java:askForVotes(178)) - b32d7882-88db-4fe6-9cca-6a25122d474d@group-896385CD49EE-LeaderElection460: begin an election at term 429 for -1: [b32d7882-88db-4fe6-9cca-6a25122d474d:192.168.157.194:42206, 3aea292b-16fb-4e9b-be90-828afa8e8047:192.168.157.194:34569, a6b2ebfb-69a0-457c-b6cd-a50cc148b564:192.168.157.194:37298], old=null
2019-10-17 02:15:25,817 [grpc-default-executor-0] INFO  impl.RaftServerImpl (RaftServerImpl.java:setRole(184)) - 3aea292b-16fb-4e9b-be90-828afa8e8047@group-896385CD49EE: changes role from  FOLLOWER to FOLLOWER at term 429 for recognizeCandidate:b32d7882-88db-4fe6-9cca-6a25122d474d
2019-10-17 02:15:25,818 [grpc-default-executor-0] INFO  impl.RoleInfo (RoleInfo.java:shutdownFollowerState(121)) - 3aea292b-16fb-4e9b-be90-828afa8e8047: shutdown FollowerState
2019-10-17 02:15:25,818 [grpc-default-executor-0] INFO  impl.RoleInfo (RoleInfo.java:updateAndGet(143)) - 3aea292b-16fb-4e9b-be90-828afa8e8047: start FollowerState
2019-10-17 02:15:25,818 [Thread-3944] INFO  impl.FollowerState (FollowerState.java:run(117)) - 3aea292b-16fb-4e9b-be90-828afa8e8047@group-896385CD49EE-FollowerState was interrupted: java.lang.InterruptedException: sleep interrupted
2019-10-17 02:15:25,818 [grpc-default-executor-1] INFO  impl.RaftServerImpl (RaftServerImpl.java:setRole(184)) - a6b2ebfb-69a0-457c-b6cd-a50cc148b564@group-896385CD49EE: changes role from  FOLLOWER to FOLLOWER at term 429 for recognizeCandidate:b32d7882-88db-4fe6-9cca-6a25122d474d
2019-10-17 02:15:25,818 [grpc-default-executor-1] INFO  impl.RoleInfo (RoleInfo.java:shutdownFollowerState(121)) - a6b2ebfb-69a0-457c-b6cd-a50cc148b564: shutdown FollowerState
2019-10-17 02:15:25,818 [grpc-default-executor-1] INFO  impl.RoleInfo (RoleInfo.java:updateAndGet(143)) - a6b2ebfb-69a0-457c-b6cd-a50cc148b564: start FollowerState
2019-10-17 02:15:25,819 [Thread-3945] INFO  impl.FollowerState (FollowerState.java:run(117)) - a6b2ebfb-69a0-457c-b6cd-a50cc148b564@group-896385CD49EE-FollowerState was interrupted: java.lang.InterruptedException: sleep interrupted
2019-10-17 02:15:25,832 [b32d7882-88db-4fe6-9cca-6a25122d474d@group-896385CD49EE-LeaderElection460] INFO  impl.LeaderElection (LeaderElection.java:logAndReturn(56)) - b32d7882-88db-4fe6-9cca-6a25122d474d@group-896385CD49EE-LeaderElection460: Election REJECTED; received 2 response(s) [b32d7882-88db-4fe6-9cca-6a25122d474d<-3aea292b-16fb-4e9b-be90-828afa8e8047#0:FAIL-t429, b32d7882-88db-4fe6-9cca-6a25122d474d<-a6b2ebfb-69a0-457c-b6cd-a50cc148b564#0:FAIL-t429] and 0 exception(s); b32d7882-88db-4fe6-9cca-6a25122d474d@group-896385CD49EE:t429, leader=null, voted=b32d7882-88db-4fe6-9cca-6a25122d474d, raftlog=b32d7882-88db-4fe6-9cca-6a25122d474d@group-896385CD49EE-SegmentedRaftLog:OPENED:c-1,f-1,i0, conf=-1: [b32d7882-88db-4fe6-9cca-6a25122d474d:192.168.157.194:42206, 3aea292b-16fb-4e9b-be90-828afa8e8047:192.168.157.194:34569, a6b2ebfb-69a0-457c-b6cd-a50cc148b564:192.168.157.194:37298], old=null
2019-10-17 02:15:25,832 [b32d7882-88db-4fe6-9cca-6a25122d474d@group-896385CD49EE-LeaderElection460] INFO  impl.RaftServerImpl (RaftServerImpl.java:setRole(184)) - b32d7882-88db-4fe6-9cca-6a25122d474d@group-896385CD49EE: changes role from CANDIDATE to FOLLOWER at term 429 for DISCOVERED_A_NEW_TERM
2019-10-17 02:15:25,832 [b32d7882-88db-4fe6-9cca-6a25122d474d@group-896385CD49EE-LeaderElection460] INFO  impl.RoleInfo (RoleInfo.java:shutdownLeaderElection(134)) - b32d7882-88db-4fe6-9cca-6a25122d474d: shutdown LeaderElection
2019-10-17 02:15:25,832 [b32d7882-88db-4fe6-9cca-6a25122d474d@group-896385CD49EE-LeaderElection460] INFO  impl.RoleInfo (RoleInfo.java:updateAndGet(143)) - b32d7882-88db-4fe6-9cca-6a25122d474d: start FollowerState
2019-10-17 02:15:25,843 [Thread-3952] INFO  impl.FollowerState (FollowerState.java:run(108)) - b32d7882-88db-4fe6-9cca-6a25122d474d@group-896385CD49EE-FollowerState: change to CANDIDATE, lastRpcTime:11ms, electionTimeout:11ms
2019-10-17 02:15:25,843 [Thread-3952] INFO  impl.RoleInfo (RoleInfo.java:shutdownFollowerState(121)) - b32d7882-88db-4fe6-9cca-6a25122d474d: shutdown FollowerState
2019-10-17 02:15:25,844 [Thread-3952] INFO  impl.RaftServerImpl (RaftServerImpl.java:setRole(184)) - b32d7882-88db-4fe6-9cca-6a25122d474d@group-896385CD49EE: changes role from  FOLLOWER to CANDIDATE at term 429 for changeToCandidate
2019-10-17 02:15:25,844 [Thread-3952] INFO  impl.RoleInfo (RoleInfo.java:updateAndGet(143)) - b32d7882-88db-4fe6-9cca-6a25122d474d: start LeaderElection
2019-10-17 02:15:25,856 [b32d7882-88db-4fe6-9cca-6a25122d474d@group-896385CD49EE-LeaderElection461] INFO  impl.LeaderElection (LeaderElection.java:askForVotes(178)) - b32d7882-88db-4fe6-9cca-6a25122d474d@group-896385CD49EE-LeaderElection461: begin an election at term 430 for -1: [b32d7882-88db-4fe6-9cca-6a25122d474d:192.168.157.194:42206, 3aea292b-16fb-4e9b-be90-828afa8e8047:192.168.157.194:34569, a6b2ebfb-69a0-457c-b6cd-a50cc148b564:192.168.157.194:37298], old=null
2019-10-17 02:15:25,857 [grpc-default-executor-0] INFO  impl.RaftServerImpl (RaftServerImpl.java:setRole(184)) - 3aea292b-16fb-4e9b-be90-828afa8e8047@group-896385CD49EE: changes role from  FOLLOWER to FOLLOWER at term 430 for recognizeCandidate:b32d7882-88db-4fe6-9cca-6a25122d474d
2019-10-17 02:15:25,857 [grpc-default-executor-0] INFO  impl.RoleInfo (RoleInfo.java:shutdownFollowerState(121)) - 3aea292b-16fb-4e9b-be90-828afa8e8047: shutdown FollowerState
2019-10-17 02:15:25,858 [grpc-default-executor-0] INFO  impl.RoleInfo (RoleInfo.java:updateAndGet(143)) - 3aea292b-16fb-4e9b-be90-828afa8e8047: start FollowerState
2019-10-17 02:15:25,858 [grpc-default-executor-1] INFO  impl.RaftServerImpl (RaftServerImpl.java:setRole(184)) - a6b2ebfb-69a0-457c-b6cd-a50cc148b564@group-896385CD49EE: changes role from  FOLLOWER to FOLLOWER at term 430 for recognizeCandidate:b32d7882-88db-4fe6-9cca-6a25122d474d
2019-10-17 02:15:25,858 [Thread-3950] INFO  impl.FollowerState (FollowerState.java:run(117)) - 3aea292b-16fb-4e9b-be90-828afa8e8047@group-896385CD49EE-FollowerState was interrupted: java.lang.InterruptedException: sleep interrupted
2019-10-17 02:15:25,858 [grpc-default-executor-1] INFO  impl.RoleInfo (RoleInfo.java:shutdownFollowerState(121)) - a6b2ebfb-69a0-457c-b6cd-a50cc148b564: shutdown FollowerState
2019-10-17 02:15:25,858 [grpc-default-executor-1] INFO  impl.RoleInfo (RoleInfo.java:updateAndGet(143)) - a6b2ebfb-69a0-457c-b6cd-a50cc148b564: start FollowerState
2019-10-17 02:15:25,858 [Thread-3951] INFO  impl.FollowerState (FollowerState.java:run(117)) - a6b2ebfb-69a0-457c-b6cd-a50cc148b564@group-896385CD49EE-FollowerState was interrupted: java.lang.InterruptedException: sleep interrupted
2019-10-17 02:15:25,871 [b32d7882-88db-4fe6-9cca-6a25122d474d@group-896385CD49EE-LeaderElection461] INFO  impl.LeaderElection (LeaderElection.java:logAndReturn(56)) - b32d7882-88db-4fe6-9cca-6a25122d474d@group-896385CD49EE-LeaderElection461: Election REJECTED; received 2 response(s) [b32d7882-88db-4fe6-9cca-6a25122d474d<-3aea292b-16fb-4e9b-be90-828afa8e8047#0:FAIL-t430, b32d7882-88db-4fe6-9cca-6a25122d474d<-a6b2ebfb-69a0-457c-b6cd-a50cc148b564#0:FAIL-t430] and 0 exception(s); b32d7882-88db-4fe6-9cca-6a25122d474d@group-896385CD49EE:t430, leader=null, voted=b32d7882-88db-4fe6-9cca-6a25122d474d, raftlog=b32d7882-88db-4fe6-9cca-6a25122d474d@group-896385CD49EE-SegmentedRaftLog:OPENED:c-1,f-1,i0, conf=-1: [b32d7882-88db-4fe6-9cca-6a25122d474d:192.168.157.194:42206, 3aea292b-16fb-4e9b-be90-828afa8e8047:192.168.157.194:34569, a6b2ebfb-69a0-457c-b6cd-a50cc148b564:192.168.157.194:37298], old=null
2019-10-17 02:15:25,871 [b32d7882-88db-4fe6-9cca-6a25122d474d@group-896385CD49EE-LeaderElection461] INFO  impl.RaftServerImpl (RaftServerImpl.java:setRole(184)) - b32d7882-88db-4fe6-9cca-6a25122d474d@group-896385CD49EE: changes role from CANDIDATE to FOLLOWER at term 430 for DISCOVERED_A_NEW_TERM
2019-10-17 02:15:25,871 [b32d7882-88db-4fe6-9cca-6a25122d474d@group-896385CD49EE-LeaderElection461] INFO  impl.RoleInfo (RoleInfo.java:shutdownLeaderElection(134)) - b32d7882-88db-4fe6-9cca-6a25122d474d: shutdown LeaderElection
2019-10-17 02:15:25,871 [b32d7882-88db-4fe6-9cca-6a25122d474d@group-896385CD49EE-LeaderElection461] INFO  impl.RoleInfo (RoleInfo.java:updateAndGet(143)) - b32d7882-88db-4fe6-9cca-6a25122d474d: start FollowerState
2019-10-17 02:15:26,036 [Thread-3958] INFO  impl.FollowerState (FollowerState.java:run(108)) - b32d7882-88db-4fe6-9cca-6a25122d474d@group-896385CD49EE-FollowerState: change to CANDIDATE, lastRpcTime:165ms, electionTimeout:165ms
2019-10-17 02:15:26,037 [Thread-3958] INFO  impl.RoleInfo (RoleInfo.java:shutdownFollowerState(121)) - b32d7882-88db-4fe6-9cca-6a25122d474d: shutdown FollowerState
2019-10-17 02:15:26,037 [Thread-3958] INFO  impl.RaftServerImpl (RaftServerImpl.java:setRole(184)) - b32d7882-88db-4fe6-9cca-6a25122d474d@group-896385CD49EE: changes role from  FOLLOWER to CANDIDATE at term 430 for changeToCandidate
2019-10-17 02:15:26,037 [Thread-3958] INFO  impl.RoleInfo (RoleInfo.java:updateAndGet(143)) - b32d7882-88db-4fe6-9cca-6a25122d474d: start LeaderElection
2019-10-17 02:15:26,050 [b32d7882-88db-4fe6-9cca-6a25122d474d@group-896385CD49EE-LeaderElection462] INFO  impl.LeaderElection (LeaderElection.java:askForVotes(178)) - b32d7882-88db-4fe6-9cca-6a25122d474d@group-896385CD49EE-LeaderElection462: begin an election at term 431 for -1: [b32d7882-88db-4fe6-9cca-6a25122d474d:192.168.157.194:42206, 3aea292b-16fb-4e9b-be90-828afa8e8047:192.168.157.194:34569, a6b2ebfb-69a0-457c-b6cd-a50cc148b564:192.168.157.194:37298], old=null
2019-10-17 02:15:26,051 [grpc-default-executor-1] INFO  impl.RaftServerImpl (RaftServerImpl.java:setRole(184)) - a6b2ebfb-69a0-457c-b6cd-a50cc148b564@group-896385CD49EE: changes role from  FOLLOWER to FOLLOWER at term 431 for recognizeCandidate:b32d7882-88db-4fe6-9cca-6a25122d474d
2019-10-17 02:15:26,051 [grpc-default-executor-1] INFO  impl.RoleInfo (RoleInfo.java:shutdownFollowerState(121)) - a6b2ebfb-69a0-457c-b6cd-a50cc148b564: shutdown FollowerState
2019-10-17 02:15:26,051 [grpc-default-executor-1] INFO  impl.RoleInfo (RoleInfo.java:updateAndGet(143)) - a6b2ebfb-69a0-457c-b6cd-a50cc148b564: start FollowerState
2019-10-17 02:15:26,051 [Thread-3957] INFO  impl.FollowerState (FollowerState.java:run(117)) - a6b2ebfb-69a0-457c-b6cd-a50cc148b564@group-896385CD49EE-FollowerState was interrupted: java.lang.InterruptedException: sleep interrupted
2019-10-17 02:15:26,056 [grpc-default-executor-0] INFO  impl.RaftServerImpl (RaftServerImpl.java:setRole(184)) - 3aea292b-16fb-4e9b-be90-828afa8e8047@group-896385CD49EE: changes role from  FOLLOWER to FOLLOWER at term 431 for recognizeCandidate:b32d7882-88db-4fe6-9cca-6a25122d474d
2019-10-17 02:15:26,056 [grpc-default-executor-0] INFO  impl.RoleInfo (RoleInfo.java:shutdownFollowerState(121)) - 3aea292b-16fb-4e9b-be90-828afa8e8047: shutdown FollowerState
2019-10-17 02:15:26,056 [grpc-default-executor-0] INFO  impl.RoleInfo (RoleInfo.java:updateAndGet(143)) - 3aea292b-16fb-4e9b-be90-828afa8e8047: start FollowerState
2019-10-17 02:15:26,056 [Thread-3956] INFO  impl.FollowerState (FollowerState.java:run(117)) - 3aea292b-16fb-4e9b-be90-828afa8e8047@group-896385CD49EE-FollowerState was interrupted: java.lang.InterruptedException: sleep interrupted
2019-10-17 02:15:26,065 [b32d7882-88db-4fe6-9cca-6a25122d474d@group-896385CD49EE-LeaderElection462] INFO  impl.LeaderElection (LeaderElection.java:logAndReturn(56)) - b32d7882-88db-4fe6-9cca-6a25122d474d@group-896385CD49EE-LeaderElection462: Election REJECTED; received 2 response(s) [b32d7882-88db-4fe6-9cca-6a25122d474d<-3aea292b-16fb-4e9b-be90-828afa8e8047#0:FAIL-t431, b32d7882-88db-4fe6-9cca-6a25122d474d<-a6b2ebfb-69a0-457c-b6cd-a50cc148b564#0:FAIL-t431] and 0 exception(s); b32d7882-88db-4fe6-9cca-6a25122d474d@group-896385CD49EE:t431, leader=null, voted=b32d7882-88db-4fe6-9cca-6a25122d474d, raftlog=b32d7882-88db-4fe6-9cca-6a25122d474d@group-896385CD49EE-SegmentedRaftLog:OPENED:c-1,f-1,i0, conf=-1: [b32d7882-88db-4fe6-9cca-6a25122d474d:192.168.157.194:42206, 3aea292b-16fb-4e9b-be90-828afa8e8047:192.168.157.194:34569, a6b2ebfb-69a0-457c-b6cd-a50cc148b564:192.168.157.194:37298], old=null
2019-10-17 02:15:26,065 [b32d7882-88db-4fe6-9cca-6a25122d474d@group-896385CD49EE-LeaderElection462] INFO  impl.RaftServerImpl (RaftServerImpl.java:setRole(184)) - b32d7882-88db-4fe6-9cca-6a25122d474d@group-896385CD49EE: changes role from CANDIDATE to FOLLOWER at term 431 for DISCOVERED_A_NEW_TERM
2019-10-17 02:15:26,065 [b32d7882-88db-4fe6-9cca-6a25122d474d@group-896385CD49EE-LeaderElection462] INFO  impl.RoleInfo (RoleInfo.java:shutdownLeaderElection(134)) - b32d7882-88db-4fe6-9cca-6a25122d474d: shutdown LeaderElection
2019-10-17 02:15:26,065 [b32d7882-88db-4fe6-9cca-6a25122d474d@group-896385CD49EE-LeaderElection462] INFO  impl.RoleInfo (RoleInfo.java:updateAndGet(143)) - b32d7882-88db-4fe6-9cca-6a25122d474d: start FollowerState
2019-10-17 02:15:26,187 [main] INFO  ozone.MiniOzoneClusterImpl (MiniOzoneClusterImpl.java:lambda$waitForClusterToBeReady$2(164)) - Waiting for 1 number of pipelines out of 4, to report a leader.
2019-10-17 02:15:26,223 [Thread-3964] INFO  impl.FollowerState (FollowerState.java:run(108)) - b32d7882-88db-4fe6-9cca-6a25122d474d@group-896385CD49EE-FollowerState: change to CANDIDATE, lastRpcTime:158ms, electionTimeout:158ms
2019-10-17 02:15:26,224 [Thread-3964] INFO  impl.RoleInfo (RoleInfo.java:shutdownFollowerState(121)) - b32d7882-88db-4fe6-9cca-6a25122d474d: shutdown FollowerState
2019-10-17 02:15:26,224 [Thread-3964] INFO  impl.RaftServerImpl (RaftServerImpl.java:setRole(184)) - b32d7882-88db-4fe6-9cca-6a25122d474d@group-896385CD49EE: changes role from  FOLLOWER to CANDIDATE at term 431 for changeToCandidate
2019-10-17 02:15:26,224 [Thread-3964] INFO  impl.RoleInfo (RoleInfo.java:updateAndGet(143)) - b32d7882-88db-4fe6-9cca-6a25122d474d: start LeaderElection
2019-10-17 02:15:26,238 [b32d7882-88db-4fe6-9cca-6a25122d474d@group-896385CD49EE-LeaderElection463] INFO  impl.LeaderElection (LeaderElection.java:askForVotes(178)) - b32d7882-88db-4fe6-9cca-6a25122d474d@group-896385CD49EE-LeaderElection463: begin an election at term 432 for -1: [b32d7882-88db-4fe6-9cca-6a25122d474d:192.168.157.194:42206, 3aea292b-16fb-4e9b-be90-828afa8e8047:192.168.157.194:34569, a6b2ebfb-69a0-457c-b6cd-a50cc148b564:192.168.157.194:37298], old=null
2019-10-17 02:15:26,242 [grpc-default-executor-1] INFO  impl.RaftServerImpl (RaftServerImpl.java:setRole(184)) - 3aea292b-16fb-4e9b-be90-828afa8e8047@group-896385CD49EE: changes role from  FOLLOWER to FOLLOWER at term 432 for recognizeCandidate:b32d7882-88db-4fe6-9cca-6a25122d474d
2019-10-17 02:15:26,242 [grpc-default-executor-1] INFO  impl.RoleInfo (RoleInfo.java:shutdownFollowerState(121)) - 3aea292b-16fb-4e9b-be90-828afa8e8047: shutdown FollowerState
2019-10-17 02:15:26,242 [grpc-default-executor-1] INFO  impl.RoleInfo (RoleInfo.java:updateAndGet(143)) - 3aea292b-16fb-4e9b-be90-828afa8e8047: start FollowerState
2019-10-17 02:15:26,242 [Thread-3963] INFO  impl.FollowerState (FollowerState.java:run(117)) - 3aea292b-16fb-4e9b-be90-828afa8e8047@group-896385CD49EE-FollowerState was interrupted: java.lang.InterruptedException: sleep interrupted
2019-10-17 02:15:26,243 [grpc-default-executor-0] INFO  impl.RaftServerImpl (RaftServerImpl.java:setRole(184)) - a6b2ebfb-69a0-457c-b6cd-a50cc148b564@group-896385CD49EE: changes role from  FOLLOWER to FOLLOWER at term 432 for recognizeCandidate:b32d7882-88db-4fe6-9cca-6a25122d474d
2019-10-17 02:15:26,243 [grpc-default-executor-0] INFO  impl.RoleInfo (RoleInfo.java:shutdownFollowerState(121)) - a6b2ebfb-69a0-457c-b6cd-a50cc148b564: shutdown FollowerState
2019-10-17 02:15:26,243 [main] INFO  ozone.MiniOzoneClusterImpl (MiniOzoneClusterImpl.java:shutdown(352)) - Shutting down the Mini Ozone Cluster
2019-10-17 02:15:26,244 [main] INFO  ozone.MiniOzoneClusterImpl (MiniOzoneClusterImpl.java:stop(368)) - Stopping the Mini Ozone Cluster
2019-10-17 02:15:26,244 [main] INFO  ozone.MiniOzoneClusterImpl (MiniOzoneClusterImpl.java:stopOM(438)) - Stopping the OzoneManager
2019-10-17 02:15:26,244 [main] INFO  ipc.Server (Server.java:stop(3082)) - Stopping server on 45250
2019-10-17 02:15:26,246 [grpc-default-executor-0] INFO  impl.RoleInfo (RoleInfo.java:updateAndGet(143)) - a6b2ebfb-69a0-457c-b6cd-a50cc148b564: start FollowerState
2019-10-17 02:15:26,246 [Thread-3962] INFO  impl.FollowerState (FollowerState.java:run(117)) - a6b2ebfb-69a0-457c-b6cd-a50cc148b564@group-896385CD49EE-FollowerState was interrupted: java.lang.InterruptedException: sleep interrupted
2019-10-17 02:15:26,251 [IPC Server listener on 45250] INFO  ipc.Server (Server.java:run(1185)) - Stopping IPC Server listener on 45250
2019-10-17 02:15:26,255 [main] INFO  ratis.OzoneManagerDoubleBuffer (OzoneManagerDoubleBuffer.java:stop(250)) - Stopping OMDoubleBuffer flush thread
2019-10-17 02:15:26,255 [IPC Server Responder] INFO  ipc.Server (Server.java:run(1319)) - Stopping IPC Server Responder
2019-10-17 02:15:26,256 [OMDoubleBufferFlushThread] INFO  ratis.OzoneManagerDoubleBuffer (OzoneManagerDoubleBuffer.java:flushTransactions(193)) - OMDoubleBuffer flush thread OMDoubleBufferFlushThread is interrupted and will exit. OMDoubleBufferFlushThread
2019-10-17 02:15:26,256 [main] INFO  utils.BackgroundService (BackgroundService.java:shutdown(151)) - Shutting down service KeyDeletingService
2019-10-17 02:15:26,259 [main] INFO  handler.ContextHandler (ContextHandler.java:doStop(910)) - Stopped o.e.j.w.WebAppContext@20d19f2c{/,null,UNAVAILABLE}{/ozoneManager}
2019-10-17 02:15:26,260 [main] INFO  server.AbstractConnector (AbstractConnector.java:doStop(318)) - Stopped ServerConnector@45592af7{HTTP/1.1,[http/1.1]}{0.0.0.0:0}
2019-10-17 02:15:26,261 [main] INFO  handler.ContextHandler (ContextHandler.java:doStop(910)) - Stopped o.e.j.s.ServletContextHandler@1f7cec93{/static,jar:file:/home/user/.m2/repository/org/apache/hadoop/hadoop-ozone-ozone-manager/0.5.0-SNAPSHOT/hadoop-ozone-ozone-manager-0.5.0-SNAPSHOT.jar!/webapps/static,UNAVAILABLE}
2019-10-17 02:15:26,261 [b32d7882-88db-4fe6-9cca-6a25122d474d@group-896385CD49EE-LeaderElection463] INFO  impl.LeaderElection (LeaderElection.java:logAndReturn(56)) - b32d7882-88db-4fe6-9cca-6a25122d474d@group-896385CD49EE-LeaderElection463: Election REJECTED; received 2 response(s) [b32d7882-88db-4fe6-9cca-6a25122d474d<-3aea292b-16fb-4e9b-be90-828afa8e8047#0:FAIL-t432, b32d7882-88db-4fe6-9cca-6a25122d474d<-a6b2ebfb-69a0-457c-b6cd-a50cc148b564#0:FAIL-t432] and 0 exception(s); b32d7882-88db-4fe6-9cca-6a25122d474d@group-896385CD49EE:t432, leader=null, voted=b32d7882-88db-4fe6-9cca-6a25122d474d, raftlog=b32d7882-88db-4fe6-9cca-6a25122d474d@group-896385CD49EE-SegmentedRaftLog:OPENED:c-1,f-1,i0, conf=-1: [b32d7882-88db-4fe6-9cca-6a25122d474d:192.168.157.194:42206, 3aea292b-16fb-4e9b-be90-828afa8e8047:192.168.157.194:34569, a6b2ebfb-69a0-457c-b6cd-a50cc148b564:192.168.157.194:37298], old=null
2019-10-17 02:15:26,261 [main] INFO  handler.ContextHandler (ContextHandler.java:doStop(910)) - Stopped o.e.j.s.ServletContextHandler@668cc9a2{/logs,file:///workdir/hadoop-ozone/ozonefs/target/log,UNAVAILABLE}
2019-10-17 02:15:26,261 [b32d7882-88db-4fe6-9cca-6a25122d474d@group-896385CD49EE-LeaderElection463] INFO  impl.RaftServerImpl (RaftServerImpl.java:setRole(184)) - b32d7882-88db-4fe6-9cca-6a25122d474d@group-896385CD49EE: changes role from CANDIDATE to FOLLOWER at term 432 for DISCOVERED_A_NEW_TERM
2019-10-17 02:15:26,261 [b32d7882-88db-4fe6-9cca-6a25122d474d@group-896385CD49EE-LeaderElection463] INFO  impl.RoleInfo (RoleInfo.java:shutdownLeaderElection(134)) - b32d7882-88db-4fe6-9cca-6a25122d474d: shutdown LeaderElection
2019-10-17 02:15:26,262 [b32d7882-88db-4fe6-9cca-6a25122d474d@group-896385CD49EE-LeaderElection463] INFO  impl.RoleInfo (RoleInfo.java:updateAndGet(143)) - b32d7882-88db-4fe6-9cca-6a25122d474d: start FollowerState
2019-10-17 02:15:26,265 [main] INFO  ozone.MiniOzoneClusterImpl (MiniOzoneClusterImpl.java:stopDatanodes(415)) - Stopping the HddsDatanodes
2019-10-17 02:15:26,419 [Thread-3971] INFO  impl.FollowerState (FollowerState.java:run(108)) - b32d7882-88db-4fe6-9cca-6a25122d474d@group-896385CD49EE-FollowerState: change to CANDIDATE, lastRpcTime:157ms, electionTimeout:153ms
2019-10-17 02:15:26,419 [Thread-3971] INFO  impl.RoleInfo (RoleInfo.java:shutdownFollowerState(121)) - b32d7882-88db-4fe6-9cca-6a25122d474d: shutdown FollowerState
2019-10-17 02:15:26,419 [Thread-3971] INFO  impl.RaftServerImpl (RaftServerImpl.java:setRole(184)) - b32d7882-88db-4fe6-9cca-6a25122d474d@group-896385CD49EE: changes role from  FOLLOWER to CANDIDATE at term 432 for changeToCandidate
2019-10-17 02:15:26,419 [Thread-3971] INFO  impl.RoleInfo (RoleInfo.java:updateAndGet(143)) - b32d7882-88db-4fe6-9cca-6a25122d474d: start LeaderElection
2019-10-17 02:15:26,422 [Datanode State Machine Thread - 0] INFO  statemachine.DatanodeStateMachine (DatanodeStateMachine.java:lambda$startDaemon$0(350)) - Ozone container server started.
2019-10-17 02:15:26,433 [b32d7882-88db-4fe6-9cca-6a25122d474d@group-896385CD49EE-LeaderElection464] INFO  impl.LeaderElection (LeaderElection.java:askForVotes(178)) - b32d7882-88db-4fe6-9cca-6a25122d474d@group-896385CD49EE-LeaderElection464: begin an election at term 433 for -1: [b32d7882-88db-4fe6-9cca-6a25122d474d:192.168.157.194:42206, 3aea292b-16fb-4e9b-be90-828afa8e8047:192.168.157.194:34569, a6b2ebfb-69a0-457c-b6cd-a50cc148b564:192.168.157.194:37298], old=null
2019-10-17 02:15:26,435 [grpc-default-executor-1] INFO  impl.RaftServerImpl (RaftServerImpl.java:setRole(184)) - a6b2ebfb-69a0-457c-b6cd-a50cc148b564@group-896385CD49EE: changes role from  FOLLOWER to FOLLOWER at term 433 for recognizeCandidate:b32d7882-88db-4fe6-9cca-6a25122d474d
2019-10-17 02:15:26,435 [grpc-default-executor-1] INFO  impl.RoleInfo (RoleInfo.java:shutdownFollowerState(121)) - a6b2ebfb-69a0-457c-b6cd-a50cc148b564: shutdown FollowerState
2019-10-17 02:15:26,435 [grpc-default-executor-0] INFO  impl.RaftServerImpl (RaftServerImpl.java:setRole(184)) - 3aea292b-16fb-4e9b-be90-828afa8e8047@group-896385CD49EE: changes role from  FOLLOWER to FOLLOWER at term 433 for recognizeCandidate:b32d7882-88db-4fe6-9cca-6a25122d474d
2019-10-17 02:15:26,435 [grpc-default-executor-0] INFO  impl.RoleInfo (RoleInfo.java:shutdownFollowerState(121)) - 3aea292b-16fb-4e9b-be90-828afa8e8047: shutdown FollowerState
2019-10-17 02:15:26,435 [Thread-3970] INFO  impl.FollowerState (FollowerState.java:run(117)) - a6b2ebfb-69a0-457c-b6cd-a50cc148b564@group-896385CD49EE-FollowerState was interrupted: java.lang.InterruptedException: sleep interrupted
2019-10-17 02:15:26,435 [grpc-default-executor-1] INFO  impl.RoleInfo (RoleInfo.java:updateAndGet(143)) - a6b2ebfb-69a0-457c-b6cd-a50cc148b564: start FollowerState
2019-10-17 02:15:26,435 [Thread-3969] INFO  impl.FollowerState (FollowerState.java:run(117)) - 3aea292b-16fb-4e9b-be90-828afa8e8047@group-896385CD49EE-FollowerState was interrupted: java.lang.InterruptedException: sleep interrupted
2019-10-17 02:15:26,435 [grpc-default-executor-0] INFO  impl.RoleInfo (RoleInfo.java:updateAndGet(143)) - 3aea292b-16fb-4e9b-be90-828afa8e8047: start FollowerState
2019-10-17 02:15:26,451 [b32d7882-88db-4fe6-9cca-6a25122d474d@group-896385CD49EE-LeaderElection464] INFO  impl.LeaderElection (LeaderElection.java:logAndReturn(56)) - b32d7882-88db-4fe6-9cca-6a25122d474d@group-896385CD49EE-LeaderElection464: Election REJECTED; received 2 response(s) [b32d7882-88db-4fe6-9cca-6a25122d474d<-3aea292b-16fb-4e9b-be90-828afa8e8047#0:FAIL-t433, b32d7882-88db-4fe6-9cca-6a25122d474d<-a6b2ebfb-69a0-457c-b6cd-a50cc148b564#0:FAIL-t433] and 0 exception(s); b32d7882-88db-4fe6-9cca-6a25122d474d@group-896385CD49EE:t433, leader=null, voted=b32d7882-88db-4fe6-9cca-6a25122d474d, raftlog=b32d7882-88db-4fe6-9cca-6a25122d474d@group-896385CD49EE-SegmentedRaftLog:OPENED:c-1,f-1,i0, conf=-1: [b32d7882-88db-4fe6-9cca-6a25122d474d:192.168.157.194:42206, 3aea292b-16fb-4e9b-be90-828afa8e8047:192.168.157.194:34569, a6b2ebfb-69a0-457c-b6cd-a50cc148b564:192.168.157.194:37298], old=null
2019-10-17 02:15:26,451 [b32d7882-88db-4fe6-9cca-6a25122d474d@group-896385CD49EE-LeaderElection464] INFO  impl.RaftServerImpl (RaftServerImpl.java:setRole(184)) - b32d7882-88db-4fe6-9cca-6a25122d474d@group-896385CD49EE: changes role from CANDIDATE to FOLLOWER at term 433 for DISCOVERED_A_NEW_TERM
2019-10-17 02:15:26,451 [b32d7882-88db-4fe6-9cca-6a25122d474d@group-896385CD49EE-LeaderElection464] INFO  impl.RoleInfo (RoleInfo.java:shutdownLeaderElection(134)) - b32d7882-88db-4fe6-9cca-6a25122d474d: shutdown LeaderElection
2019-10-17 02:15:26,451 [b32d7882-88db-4fe6-9cca-6a25122d474d@group-896385CD49EE-LeaderElection464] INFO  impl.RoleInfo (RoleInfo.java:updateAndGet(143)) - b32d7882-88db-4fe6-9cca-6a25122d474d: start FollowerState
2019-10-17 02:15:26,650 [Thread-3977] INFO  impl.FollowerState (FollowerState.java:run(108)) - b32d7882-88db-4fe6-9cca-6a25122d474d@group-896385CD49EE-FollowerState: change to CANDIDATE, lastRpcTime:198ms, electionTimeout:198ms
2019-10-17 02:15:26,650 [Thread-3977] INFO  impl.RoleInfo (RoleInfo.java:shutdownFollowerState(121)) - b32d7882-88db-4fe6-9cca-6a25122d474d: shutdown FollowerState
2019-10-17 02:15:26,650 [Thread-3977] INFO  impl.RaftServerImpl (RaftServerImpl.java:setRole(184)) - b32d7882-88db-4fe6-9cca-6a25122d474d@group-896385CD49EE: changes role from  FOLLOWER to CANDIDATE at term 433 for changeToCandidate
2019-10-17 02:15:26,650 [Thread-3977] INFO  impl.RoleInfo (RoleInfo.java:updateAndGet(143)) - b32d7882-88db-4fe6-9cca-6a25122d474d: start LeaderElection
2019-10-17 02:15:26,663 [b32d7882-88db-4fe6-9cca-6a25122d474d@group-896385CD49EE-LeaderElection465] INFO  impl.LeaderElection (LeaderElection.java:askForVotes(178)) - b32d7882-88db-4fe6-9cca-6a25122d474d@group-896385CD49EE-LeaderElection465: begin an election at term 434 for -1: [b32d7882-88db-4fe6-9cca-6a25122d474d:192.168.157.194:42206, 3aea292b-16fb-4e9b-be90-828afa8e8047:192.168.157.194:34569, a6b2ebfb-69a0-457c-b6cd-a50cc148b564:192.168.157.194:37298], old=null
2019-10-17 02:15:26,664 [grpc-default-executor-0] INFO  impl.RaftServerImpl (RaftServerImpl.java:setRole(184)) - a6b2ebfb-69a0-457c-b6cd-a50cc148b564@group-896385CD49EE: changes role from  FOLLOWER to FOLLOWER at term 434 for recognizeCandidate:b32d7882-88db-4fe6-9cca-6a25122d474d
2019-10-17 02:15:26,664 [grpc-default-executor-4] INFO  impl.RaftServerImpl (RaftServerImpl.java:setRole(184)) - 3aea292b-16fb-4e9b-be90-828afa8e8047@group-896385CD49EE: changes role from  FOLLOWER to FOLLOWER at term 434 for recognizeCandidate:b32d7882-88db-4fe6-9cca-6a25122d474d
2019-10-17 02:15:26,664 [grpc-default-executor-0] INFO  impl.RoleInfo (RoleInfo.java:shutdownFollowerState(121)) - a6b2ebfb-69a0-457c-b6cd-a50cc148b564: shutdown FollowerState
2019-10-17 02:15:26,665 [grpc-default-executor-4] INFO  impl.RoleInfo (RoleInfo.java:shutdownFollowerState(121)) - 3aea292b-16fb-4e9b-be90-828afa8e8047: shutdown FollowerState
2019-10-17 02:15:26,665 [Thread-3975] INFO  impl.FollowerState (FollowerState.java:run(117)) - a6b2ebfb-69a0-457c-b6cd-a50cc148b564@group-896385CD49EE-FollowerState was interrupted: java.lang.InterruptedException: sleep interrupted
2019-10-17 02:15:26,665 [grpc-default-executor-0] INFO  impl.RoleInfo (RoleInfo.java:updateAndGet(143)) - a6b2ebfb-69a0-457c-b6cd-a50cc148b564: start FollowerState
2019-10-17 02:15:26,665 [Thread-3976] INFO  impl.FollowerState (FollowerState.java:run(117)) - 3aea292b-16fb-4e9b-be90-828afa8e8047@group-896385CD49EE-FollowerState was interrupted: java.lang.InterruptedException: sleep interrupted
2019-10-17 02:15:26,665 [grpc-default-executor-4] INFO  impl.RoleInfo (RoleInfo.java:updateAndGet(143)) - 3aea292b-16fb-4e9b-be90-828afa8e8047: start FollowerState
2019-10-17 02:15:26,679 [b32d7882-88db-4fe6-9cca-6a25122d474d@group-896385CD49EE-LeaderElection465] INFO  impl.LeaderElection (LeaderElection.java:logAndReturn(56)) - b32d7882-88db-4fe6-9cca-6a25122d474d@group-896385CD49EE-LeaderElection465: Election REJECTED; received 2 response(s) [b32d7882-88db-4fe6-9cca-6a25122d474d<-3aea292b-16fb-4e9b-be90-828afa8e8047#0:FAIL-t434, b32d7882-88db-4fe6-9cca-6a25122d474d<-a6b2ebfb-69a0-457c-b6cd-a50cc148b564#0:FAIL-t434] and 0 exception(s); b32d7882-88db-4fe6-9cca-6a25122d474d@group-896385CD49EE:t434, leader=null, voted=b32d7882-88db-4fe6-9cca-6a25122d474d, raftlog=b32d7882-88db-4fe6-9cca-6a25122d474d@group-896385CD49EE-SegmentedRaftLog:OPENED:c-1,f-1,i0, conf=-1: [b32d7882-88db-4fe6-9cca-6a25122d474d:192.168.157.194:42206, 3aea292b-16fb-4e9b-be90-828afa8e8047:192.168.157.194:34569, a6b2ebfb-69a0-457c-b6cd-a50cc148b564:192.168.157.194:37298], old=null
2019-10-17 02:15:26,679 [b32d7882-88db-4fe6-9cca-6a25122d474d@group-896385CD49EE-LeaderElection465] INFO  impl.RaftServerImpl (RaftServerImpl.java:setRole(184)) - b32d7882-88db-4fe6-9cca-6a25122d474d@group-896385CD49EE: changes role from CANDIDATE to FOLLOWER at term 434 for DISCOVERED_A_NEW_TERM
2019-10-17 02:15:26,679 [b32d7882-88db-4fe6-9cca-6a25122d474d@group-896385CD49EE-LeaderElection465] INFO  impl.RoleInfo (RoleInfo.java:shutdownLeaderElection(134)) - b32d7882-88db-4fe6-9cca-6a25122d474d: shutdown LeaderElection
2019-10-17 02:15:26,680 [b32d7882-88db-4fe6-9cca-6a25122d474d@group-896385CD49EE-LeaderElection465] INFO  impl.RoleInfo (RoleInfo.java:updateAndGet(143)) - b32d7882-88db-4fe6-9cca-6a25122d474d: start FollowerState
2019-10-17 02:15:26,806 [Thread-3983] INFO  impl.FollowerState (FollowerState.java:run(108)) - b32d7882-88db-4fe6-9cca-6a25122d474d@group-896385CD49EE-FollowerState: change to CANDIDATE, lastRpcTime:126ms, electionTimeout:126ms
2019-10-17 02:15:26,806 [Thread-3983] INFO  impl.RoleInfo (RoleInfo.java:shutdownFollowerState(121)) - b32d7882-88db-4fe6-9cca-6a25122d474d: shutdown FollowerState
2019-10-17 02:15:26,806 [Thread-3983] INFO  impl.RaftServerImpl (RaftServerImpl.java:setRole(184)) - b32d7882-88db-4fe6-9cca-6a25122d474d@group-896385CD49EE: changes role from  FOLLOWER to CANDIDATE at term 434 for changeToCandidate
2019-10-17 02:15:26,806 [Thread-3983] INFO  impl.RoleInfo (RoleInfo.java:updateAndGet(143)) - b32d7882-88db-4fe6-9cca-6a25122d474d: start LeaderElection
2019-10-17 02:15:26,820 [b32d7882-88db-4fe6-9cca-6a25122d474d@group-896385CD49EE-LeaderElection466] INFO  impl.LeaderElection (LeaderElection.java:askForVotes(178)) - b32d7882-88db-4fe6-9cca-6a25122d474d@group-896385CD49EE-LeaderElection466: begin an election at term 435 for -1: [b32d7882-88db-4fe6-9cca-6a25122d474d:192.168.157.194:42206, 3aea292b-16fb-4e9b-be90-828afa8e8047:192.168.157.194:34569, a6b2ebfb-69a0-457c-b6cd-a50cc148b564:192.168.157.194:37298], old=null
2019-10-17 02:15:26,821 [grpc-default-executor-4] INFO  impl.RaftServerImpl (RaftServerImpl.java:setRole(184)) - 3aea292b-16fb-4e9b-be90-828afa8e8047@group-896385CD49EE: changes role from  FOLLOWER to FOLLOWER at term 435 for recognizeCandidate:b32d7882-88db-4fe6-9cca-6a25122d474d
2019-10-17 02:15:26,821 [grpc-default-executor-4] INFO  impl.RoleInfo (RoleInfo.java:shutdownFollowerState(121)) - 3aea292b-16fb-4e9b-be90-828afa8e8047: shutdown FollowerState
2019-10-17 02:15:26,821 [grpc-default-executor-4] INFO  impl.RoleInfo (RoleInfo.java:updateAndGet(143)) - 3aea292b-16fb-4e9b-be90-828afa8e8047: start FollowerState
2019-10-17 02:15:26,821 [Thread-3982] INFO  impl.FollowerState (FollowerState.java:run(117)) - 3aea292b-16fb-4e9b-be90-828afa8e8047@group-896385CD49EE-FollowerState was interrupted: java.lang.InterruptedException: sleep interrupted
2019-10-17 02:15:26,822 [grpc-default-executor-0] INFO  impl.RaftServerImpl (RaftServerImpl.java:setRole(184)) - a6b2ebfb-69a0-457c-b6cd-a50cc148b564@group-896385CD49EE: changes role from  FOLLOWER to FOLLOWER at term 435 for recognizeCandidate:b32d7882-88db-4fe6-9cca-6a25122d474d
2019-10-17 02:15:26,822 [grpc-default-executor-0] INFO  impl.RoleInfo (RoleInfo.java:shutdownFollowerState(121)) - a6b2ebfb-69a0-457c-b6cd-a50cc148b564: shutdown FollowerState
2019-10-17 02:15:26,823 [grpc-default-executor-0] INFO  impl.RoleInfo (RoleInfo.java:updateAndGet(143)) - a6b2ebfb-69a0-457c-b6cd-a50cc148b564: start FollowerState
2019-10-17 02:15:26,823 [Thread-3981] INFO  impl.FollowerState (FollowerState.java:run(117)) - a6b2ebfb-69a0-457c-b6cd-a50cc148b564@group-896385CD49EE-FollowerState was interrupted: java.lang.InterruptedException: sleep interrupted
2019-10-17 02:15:26,835 [b32d7882-88db-4fe6-9cca-6a25122d474d@group-896385CD49EE-LeaderElection466] INFO  impl.LeaderElection (LeaderElection.java:logAndReturn(56)) - b32d7882-88db-4fe6-9cca-6a25122d474d@group-896385CD49EE-LeaderElection466: Election REJECTED; received 2 response(s) [b32d7882-88db-4fe6-9cca-6a25122d474d<-3aea292b-16fb-4e9b-be90-828afa8e8047#0:FAIL-t435, b32d7882-88db-4fe6-9cca-6a25122d474d<-a6b2ebfb-69a0-457c-b6cd-a50cc148b564#0:FAIL-t435] and 0 exception(s); b32d7882-88db-4fe6-9cca-6a25122d474d@group-896385CD49EE:t435, leader=null, voted=b32d7882-88db-4fe6-9cca-6a25122d474d, raftlog=b32d7882-88db-4fe6-9cca-6a25122d474d@group-896385CD49EE-SegmentedRaftLog:OPENED:c-1,f-1,i0, conf=-1: [b32d7882-88db-4fe6-9cca-6a25122d474d:192.168.157.194:42206, 3aea292b-16fb-4e9b-be90-828afa8e8047:192.168.157.194:34569, a6b2ebfb-69a0-457c-b6cd-a50cc148b564:192.168.157.194:37298], old=null
2019-10-17 02:15:26,835 [b32d7882-88db-4fe6-9cca-6a25122d474d@group-896385CD49EE-LeaderElection466] INFO  impl.RaftServerImpl (RaftServerImpl.java:setRole(184)) - b32d7882-88db-4fe6-9cca-6a25122d474d@group-896385CD49EE: changes role from CANDIDATE to FOLLOWER at term 435 for DISCOVERED_A_NEW_TERM
2019-10-17 02:15:26,835 [b32d7882-88db-4fe6-9cca-6a25122d474d@group-896385CD49EE-LeaderElection466] INFO  impl.RoleInfo (RoleInfo.java:shutdownLeaderElection(134)) - b32d7882-88db-4fe6-9cca-6a25122d474d: shutdown LeaderElection
2019-10-17 02:15:26,835 [b32d7882-88db-4fe6-9cca-6a25122d474d@group-896385CD49EE-LeaderElection466] INFO  impl.RoleInfo (RoleInfo.java:updateAndGet(143)) - b32d7882-88db-4fe6-9cca-6a25122d474d: start FollowerState
2019-10-17 02:15:26,955 [Thread-3989] INFO  impl.FollowerState (FollowerState.java:run(108)) - b32d7882-88db-4fe6-9cca-6a25122d474d@group-896385CD49EE-FollowerState: change to CANDIDATE, lastRpcTime:119ms, electionTimeout:119ms
2019-10-17 02:15:26,955 [Thread-3989] INFO  impl.RoleInfo (RoleInfo.java:shutdownFollowerState(121)) - b32d7882-88db-4fe6-9cca-6a25122d474d: shutdown FollowerState
2019-10-17 02:15:26,955 [Thread-3989] INFO  impl.RaftServerImpl (RaftServerImpl.java:setRole(184)) - b32d7882-88db-4fe6-9cca-6a25122d474d@group-896385CD49EE: changes role from  FOLLOWER to CANDIDATE at term 435 for changeToCandidate
2019-10-17 02:15:26,955 [Thread-3989] INFO  impl.RoleInfo (RoleInfo.java:updateAndGet(143)) - b32d7882-88db-4fe6-9cca-6a25122d474d: start LeaderElection
2019-10-17 02:15:26,985 [b32d7882-88db-4fe6-9cca-6a25122d474d@group-896385CD49EE-LeaderElection467] INFO  impl.LeaderElection (LeaderElection.java:askForVotes(178)) - b32d7882-88db-4fe6-9cca-6a25122d474d@group-896385CD49EE-LeaderElection467: begin an election at term 436 for -1: [b32d7882-88db-4fe6-9cca-6a25122d474d:192.168.157.194:42206, 3aea292b-16fb-4e9b-be90-828afa8e8047:192.168.157.194:34569, a6b2ebfb-69a0-457c-b6cd-a50cc148b564:192.168.157.194:37298], old=null
2019-10-17 02:15:26,987 [grpc-default-executor-0] INFO  impl.RaftServerImpl (RaftServerImpl.java:setRole(184)) - 3aea292b-16fb-4e9b-be90-828afa8e8047@group-896385CD49EE: changes role from  FOLLOWER to FOLLOWER at term 436 for recognizeCandidate:b32d7882-88db-4fe6-9cca-6a25122d474d
2019-10-17 02:15:26,987 [grpc-default-executor-0] INFO  impl.RoleInfo (RoleInfo.java:shutdownFollowerState(121)) - 3aea292b-16fb-4e9b-be90-828afa8e8047: shutdown FollowerState
2019-10-17 02:15:26,987 [grpc-default-executor-0] INFO  impl.RoleInfo (RoleInfo.java:updateAndGet(143)) - 3aea292b-16fb-4e9b-be90-828afa8e8047: start FollowerState
2019-10-17 02:15:26,987 [Thread-3987] INFO  impl.FollowerState (FollowerState.java:run(117)) - 3aea292b-16fb-4e9b-be90-828afa8e8047@group-896385CD49EE-FollowerState was interrupted: java.lang.InterruptedException: sleep interrupted
2019-10-17 02:15:26,987 [grpc-default-executor-4] INFO  impl.RaftServerImpl (RaftServerImpl.java:setRole(184)) - a6b2ebfb-69a0-457c-b6cd-a50cc148b564@group-896385CD49EE: changes role from  FOLLOWER to FOLLOWER at term 436 for recognizeCandidate:b32d7882-88db-4fe6-9cca-6a25122d474d
2019-10-17 02:15:26,987 [grpc-default-executor-4] INFO  impl.RoleInfo (RoleInfo.java:shutdownFollowerState(121)) - a6b2ebfb-69a0-457c-b6cd-a50cc148b564: shutdown FollowerState
2019-10-17 02:15:26,987 [grpc-default-executor-4] INFO  impl.RoleInfo (RoleInfo.java:updateAndGet(143)) - a6b2ebfb-69a0-457c-b6cd-a50cc148b564: start FollowerState
2019-10-17 02:15:26,987 [Thread-3988] INFO  impl.FollowerState (FollowerState.java:run(117)) - a6b2ebfb-69a0-457c-b6cd-a50cc148b564@group-896385CD49EE-FollowerState was interrupted: java.lang.InterruptedException: sleep interrupted
2019-10-17 02:15:26,998 [b32d7882-88db-4fe6-9cca-6a25122d474d@group-896385CD49EE-LeaderElection467] INFO  impl.LeaderElection (LeaderElection.java:logAndReturn(56)) - b32d7882-88db-4fe6-9cca-6a25122d474d@group-896385CD49EE-LeaderElection467: Election REJECTED; received 2 response(s) [b32d7882-88db-4fe6-9cca-6a25122d474d<-3aea292b-16fb-4e9b-be90-828afa8e8047#0:FAIL-t436, b32d7882-88db-4fe6-9cca-6a25122d474d<-a6b2ebfb-69a0-457c-b6cd-a50cc148b564#0:FAIL-t436] and 0 exception(s); b32d7882-88db-4fe6-9cca-6a25122d474d@group-896385CD49EE:t436, leader=null, voted=b32d7882-88db-4fe6-9cca-6a25122d474d, raftlog=b32d7882-88db-4fe6-9cca-6a25122d474d@group-896385CD49EE-SegmentedRaftLog:OPENED:c-1,f-1,i0, conf=-1: [b32d7882-88db-4fe6-9cca-6a25122d474d:192.168.157.194:42206, 3aea292b-16fb-4e9b-be90-828afa8e8047:192.168.157.194:34569, a6b2ebfb-69a0-457c-b6cd-a50cc148b564:192.168.157.194:37298], old=null
2019-10-17 02:15:26,998 [b32d7882-88db-4fe6-9cca-6a25122d474d@group-896385CD49EE-LeaderElection467] INFO  impl.RaftServerImpl (RaftServerImpl.java:setRole(184)) - b32d7882-88db-4fe6-9cca-6a25122d474d@group-896385CD49EE: changes role from CANDIDATE to FOLLOWER at term 436 for DISCOVERED_A_NEW_TERM
2019-10-17 02:15:26,998 [b32d7882-88db-4fe6-9cca-6a25122d474d@group-896385CD49EE-LeaderElection467] INFO  impl.RoleInfo (RoleInfo.java:shutdownLeaderElection(134)) - b32d7882-88db-4fe6-9cca-6a25122d474d: shutdown LeaderElection
2019-10-17 02:15:26,998 [b32d7882-88db-4fe6-9cca-6a25122d474d@group-896385CD49EE-LeaderElection467] INFO  impl.RoleInfo (RoleInfo.java:updateAndGet(143)) - b32d7882-88db-4fe6-9cca-6a25122d474d: start FollowerState
2019-10-17 02:15:27,101 [Thread-3995] INFO  impl.FollowerState (FollowerState.java:run(108)) - b32d7882-88db-4fe6-9cca-6a25122d474d@group-896385CD49EE-FollowerState: change to CANDIDATE, lastRpcTime:102ms, electionTimeout:102ms
2019-10-17 02:15:27,101 [Thread-3995] INFO  impl.RoleInfo (RoleInfo.java:shutdownFollowerState(121)) - b32d7882-88db-4fe6-9cca-6a25122d474d: shutdown FollowerState
2019-10-17 02:15:27,101 [Thread-3995] INFO  impl.RaftServerImpl (RaftServerImpl.java:setRole(184)) - b32d7882-88db-4fe6-9cca-6a25122d474d@group-896385CD49EE: changes role from  FOLLOWER to CANDIDATE at term 436 for changeToCandidate
2019-10-17 02:15:27,101 [Thread-3995] INFO  impl.RoleInfo (RoleInfo.java:updateAndGet(143)) - b32d7882-88db-4fe6-9cca-6a25122d474d: start LeaderElection
2019-10-17 02:15:27,114 [b32d7882-88db-4fe6-9cca-6a25122d474d@group-896385CD49EE-LeaderElection468] INFO  impl.LeaderElection (LeaderElection.java:askForVotes(178)) - b32d7882-88db-4fe6-9cca-6a25122d474d@group-896385CD49EE-LeaderElection468: begin an election at term 437 for -1: [b32d7882-88db-4fe6-9cca-6a25122d474d:192.168.157.194:42206, 3aea292b-16fb-4e9b-be90-828afa8e8047:192.168.157.194:34569, a6b2ebfb-69a0-457c-b6cd-a50cc148b564:192.168.157.194:37298], old=null
2019-10-17 02:15:27,116 [grpc-default-executor-4] INFO  impl.RaftServerImpl (RaftServerImpl.java:setRole(184)) - a6b2ebfb-69a0-457c-b6cd-a50cc148b564@group-896385CD49EE: changes role from  FOLLOWER to FOLLOWER at term 437 for recognizeCandidate:b32d7882-88db-4fe6-9cca-6a25122d474d
2019-10-17 02:15:27,116 [grpc-default-executor-0] INFO  impl.RaftServerImpl (RaftServerImpl.java:setRole(184)) - 3aea292b-16fb-4e9b-be90-828afa8e8047@group-896385CD49EE: changes role from  FOLLOWER to FOLLOWER at term 437 for recognizeCandidate:b32d7882-88db-4fe6-9cca-6a25122d474d
2019-10-17 02:15:27,116 [grpc-default-executor-0] INFO  impl.RoleInfo (RoleInfo.java:shutdownFollowerState(121)) - 3aea292b-16fb-4e9b-be90-828afa8e8047: shutdown FollowerState
2019-10-17 02:15:27,116 [grpc-default-executor-4] INFO  impl.RoleInfo (RoleInfo.java:shutdownFollowerState(121)) - a6b2ebfb-69a0-457c-b6cd-a50cc148b564: shutdown FollowerState
2019-10-17 02:15:27,116 [Thread-3993] INFO  impl.FollowerState (FollowerState.java:run(117)) - 3aea292b-16fb-4e9b-be90-828afa8e8047@group-896385CD49EE-FollowerState was interrupted: java.lang.InterruptedException: sleep interrupted
2019-10-17 02:15:27,116 [grpc-default-executor-0] INFO  impl.RoleInfo (RoleInfo.java:updateAndGet(143)) - 3aea292b-16fb-4e9b-be90-828afa8e8047: start FollowerState
2019-10-17 02:15:27,116 [Thread-3994] INFO  impl.FollowerState (FollowerState.java:run(117)) - a6b2ebfb-69a0-457c-b6cd-a50cc148b564@group-896385CD49EE-FollowerState was interrupted: java.lang.InterruptedException: sleep interrupted
2019-10-17 02:15:27,116 [grpc-default-executor-4] INFO  impl.RoleInfo (RoleInfo.java:updateAndGet(143)) - a6b2ebfb-69a0-457c-b6cd-a50cc148b564: start FollowerState
2019-10-17 02:15:27,130 [b32d7882-88db-4fe6-9cca-6a25122d474d@group-896385CD49EE-LeaderElection468] INFO  impl.LeaderElection (LeaderElection.java:logAndReturn(56)) - b32d7882-88db-4fe6-9cca-6a25122d474d@group-896385CD49EE-LeaderElection468: Election REJECTED; received 2 response(s) [b32d7882-88db-4fe6-9cca-6a25122d474d<-3aea292b-16fb-4e9b-be90-828afa8e8047#0:FAIL-t437, b32d7882-88db-4fe6-9cca-6a25122d474d<-a6b2ebfb-69a0-457c-b6cd-a50cc148b564#0:FAIL-t437] and 0 exception(s); b32d7882-88db-4fe6-9cca-6a25122d474d@group-896385CD49EE:t437, leader=null, voted=b32d7882-88db-4fe6-9cca-6a25122d474d, raftlog=b32d7882-88db-4fe6-9cca-6a25122d474d@group-896385CD49EE-SegmentedRaftLog:OPENED:c-1,f-1,i0, conf=-1: [b32d7882-88db-4fe6-9cca-6a25122d474d:192.168.157.194:42206, 3aea292b-16fb-4e9b-be90-828afa8e8047:192.168.157.194:34569, a6b2ebfb-69a0-457c-b6cd-a50cc148b564:192.168.157.194:37298], old=null
2019-10-17 02:15:27,130 [b32d7882-88db-4fe6-9cca-6a25122d474d@group-896385CD49EE-LeaderElection468] INFO  impl.RaftServerImpl (RaftServerImpl.java:setRole(184)) - b32d7882-88db-4fe6-9cca-6a25122d474d@group-896385CD49EE: changes role from CANDIDATE to FOLLOWER at term 437 for DISCOVERED_A_NEW_TERM
2019-10-17 02:15:27,130 [b32d7882-88db-4fe6-9cca-6a25122d474d@group-896385CD49EE-LeaderElection468] INFO  impl.RoleInfo (RoleInfo.java:shutdownLeaderElection(134)) - b32d7882-88db-4fe6-9cca-6a25122d474d: shutdown LeaderElection
2019-10-17 02:15:27,131 [b32d7882-88db-4fe6-9cca-6a25122d474d@group-896385CD49EE-LeaderElection468] INFO  impl.RoleInfo (RoleInfo.java:updateAndGet(143)) - b32d7882-88db-4fe6-9cca-6a25122d474d: start FollowerState
2019-10-17 02:15:27,164 [Datanode State Machine Thread - 0] INFO  statemachine.DatanodeStateMachine (DatanodeStateMachine.java:lambda$startDaemon$0(350)) - Ozone container server started.
2019-10-17 02:15:27,178 [Thread-4001] INFO  impl.FollowerState (FollowerState.java:run(108)) - b32d7882-88db-4fe6-9cca-6a25122d474d@group-896385CD49EE-FollowerState: change to CANDIDATE, lastRpcTime:47ms, electionTimeout:47ms
2019-10-17 02:15:27,178 [Thread-4001] INFO  impl.RoleInfo (RoleInfo.java:shutdownFollowerState(121)) - b32d7882-88db-4fe6-9cca-6a25122d474d: shutdown FollowerState
2019-10-17 02:15:27,178 [Thread-4001] INFO  impl.RaftServerImpl (RaftServerImpl.java:setRole(184)) - b32d7882-88db-4fe6-9cca-6a25122d474d@group-896385CD49EE: changes role from  FOLLOWER to CANDIDATE at term 437 for changeToCandidate
2019-10-17 02:15:27,178 [Thread-4001] INFO  impl.RoleInfo (RoleInfo.java:updateAndGet(143)) - b32d7882-88db-4fe6-9cca-6a25122d474d: start LeaderElection
2019-10-17 02:15:27,191 [b32d7882-88db-4fe6-9cca-6a25122d474d@group-896385CD49EE-LeaderElection469] INFO  impl.LeaderElection (LeaderElection.java:askForVotes(178)) - b32d7882-88db-4fe6-9cca-6a25122d474d@group-896385CD49EE-LeaderElection469: begin an election at term 438 for -1: [b32d7882-88db-4fe6-9cca-6a25122d474d:192.168.157.194:42206, 3aea292b-16fb-4e9b-be90-828afa8e8047:192.168.157.194:34569, a6b2ebfb-69a0-457c-b6cd-a50cc148b564:192.168.157.194:37298], old=null
2019-10-17 02:15:27,192 [grpc-default-executor-0] INFO  impl.RaftServerImpl (RaftServerImpl.java:setRole(184)) - 3aea292b-16fb-4e9b-be90-828afa8e8047@group-896385CD49EE: changes role from  FOLLOWER to FOLLOWER at term 438 for recognizeCandidate:b32d7882-88db-4fe6-9cca-6a25122d474d
2019-10-17 02:15:27,192 [grpc-default-executor-4] INFO  impl.RaftServerImpl (RaftServerImpl.java:setRole(184)) - a6b2ebfb-69a0-457c-b6cd-a50cc148b564@group-896385CD49EE: changes role from  FOLLOWER to FOLLOWER at term 438 for recognizeCandidate:b32d7882-88db-4fe6-9cca-6a25122d474d
2019-10-17 02:15:27,192 [grpc-default-executor-0] INFO  impl.RoleInfo (RoleInfo.java:shutdownFollowerState(121)) - 3aea292b-16fb-4e9b-be90-828afa8e8047: shutdown FollowerState
2019-10-17 02:15:27,193 [grpc-default-executor-4] INFO  impl.RoleInfo (RoleInfo.java:shutdownFollowerState(121)) - a6b2ebfb-69a0-457c-b6cd-a50cc148b564: shutdown FollowerState
2019-10-17 02:15:27,193 [Thread-3999] INFO  impl.FollowerState (FollowerState.java:run(117)) - 3aea292b-16fb-4e9b-be90-828afa8e8047@group-896385CD49EE-FollowerState was interrupted: java.lang.InterruptedException: sleep interrupted
2019-10-17 02:15:27,193 [grpc-default-executor-0] INFO  impl.RoleInfo (RoleInfo.java:updateAndGet(143)) - 3aea292b-16fb-4e9b-be90-828afa8e8047: start FollowerState
2019-10-17 02:15:27,193 [Thread-4000] INFO  impl.FollowerState (FollowerState.java:run(117)) - a6b2ebfb-69a0-457c-b6cd-a50cc148b564@group-896385CD49EE-FollowerState was interrupted: java.lang.InterruptedException: sleep interrupted
2019-10-17 02:15:27,193 [grpc-default-executor-4] INFO  impl.RoleInfo (RoleInfo.java:updateAndGet(143)) - a6b2ebfb-69a0-457c-b6cd-a50cc148b564: start FollowerState
2019-10-17 02:15:27,200 [b32d7882-88db-4fe6-9cca-6a25122d474d@group-896385CD49EE-LeaderElection469] INFO  impl.LeaderElection (LeaderElection.java:logAndReturn(56)) - b32d7882-88db-4fe6-9cca-6a25122d474d@group-896385CD49EE-LeaderElection469: Election TIMEOUT; received 0 response(s) [] and 0 exception(s); b32d7882-88db-4fe6-9cca-6a25122d474d@group-896385CD49EE:t438, leader=null, voted=b32d7882-88db-4fe6-9cca-6a25122d474d, raftlog=b32d7882-88db-4fe6-9cca-6a25122d474d@group-896385CD49EE-SegmentedRaftLog:OPENED:c-1,f-1,i0, conf=-1: [b32d7882-88db-4fe6-9cca-6a25122d474d:192.168.157.194:42206, 3aea292b-16fb-4e9b-be90-828afa8e8047:192.168.157.194:34569, a6b2ebfb-69a0-457c-b6cd-a50cc148b564:192.168.157.194:37298], old=null
2019-10-17 02:15:27,206 [b32d7882-88db-4fe6-9cca-6a25122d474d@group-896385CD49EE-LeaderElection469] INFO  impl.LeaderElection (LeaderElection.java:askForVotes(178)) - b32d7882-88db-4fe6-9cca-6a25122d474d@group-896385CD49EE-LeaderElection469: begin an election at term 439 for -1: [b32d7882-88db-4fe6-9cca-6a25122d474d:192.168.157.194:42206, 3aea292b-16fb-4e9b-be90-828afa8e8047:192.168.157.194:34569, a6b2ebfb-69a0-457c-b6cd-a50cc148b564:192.168.157.194:37298], old=null
2019-10-17 02:15:27,207 [grpc-default-executor-0] INFO  impl.RaftServerImpl (RaftServerImpl.java:setRole(184)) - 3aea292b-16fb-4e9b-be90-828afa8e8047@group-896385CD49EE: changes role from  FOLLOWER to FOLLOWER at term 439 for recognizeCandidate:b32d7882-88db-4fe6-9cca-6a25122d474d
2019-10-17 02:15:27,207 [grpc-default-executor-0] INFO  impl.RoleInfo (RoleInfo.java:shutdownFollowerState(121)) - 3aea292b-16fb-4e9b-be90-828afa8e8047: shutdown FollowerState
2019-10-17 02:15:27,208 [grpc-default-executor-0] INFO  impl.RoleInfo (RoleInfo.java:updateAndGet(143)) - 3aea292b-16fb-4e9b-be90-828afa8e8047: start FollowerState
2019-10-17 02:15:27,208 [Thread-4005] INFO  impl.FollowerState (FollowerState.java:run(117)) - 3aea292b-16fb-4e9b-be90-828afa8e8047@group-896385CD49EE-FollowerState was interrupted: java.lang.InterruptedException: sleep interrupted
2019-10-17 02:15:27,208 [grpc-default-executor-1] INFO  impl.RaftServerImpl (RaftServerImpl.java:setRole(184)) - a6b2ebfb-69a0-457c-b6cd-a50cc148b564@group-896385CD49EE: changes role from  FOLLOWER to FOLLOWER at term 439 for recognizeCandidate:b32d7882-88db-4fe6-9cca-6a25122d474d
2019-10-17 02:15:27,208 [grpc-default-executor-1] INFO  impl.RoleInfo (RoleInfo.java:shutdownFollowerState(121)) - a6b2ebfb-69a0-457c-b6cd-a50cc148b564: shutdown FollowerState
2019-10-17 02:15:27,208 [grpc-default-executor-1] INFO  impl.RoleInfo (RoleInfo.java:updateAndGet(143)) - a6b2ebfb-69a0-457c-b6cd-a50cc148b564: start FollowerState
2019-10-17 02:15:27,208 [Thread-4006] INFO  impl.FollowerState (FollowerState.java:run(117)) - a6b2ebfb-69a0-457c-b6cd-a50cc148b564@group-896385CD49EE-FollowerState was interrupted: java.lang.InterruptedException: sleep interrupted
2019-10-17 02:15:27,228 [b32d7882-88db-4fe6-9cca-6a25122d474d@group-896385CD49EE-LeaderElection469] INFO  impl.LeaderElection (LeaderElection.java:logAndReturn(56)) - b32d7882-88db-4fe6-9cca-6a25122d474d@group-896385CD49EE-LeaderElection469: Election REJECTED; received 2 response(s) [b32d7882-88db-4fe6-9cca-6a25122d474d<-3aea292b-16fb-4e9b-be90-828afa8e8047#0:FAIL-t439, b32d7882-88db-4fe6-9cca-6a25122d474d<-a6b2ebfb-69a0-457c-b6cd-a50cc148b564#0:FAIL-t439] and 0 exception(s); b32d7882-88db-4fe6-9cca-6a25122d474d@group-896385CD49EE:t439, leader=null, voted=b32d7882-88db-4fe6-9cca-6a25122d474d, raftlog=b32d7882-88db-4fe6-9cca-6a25122d474d@group-896385CD49EE-SegmentedRaftLog:OPENED:c-1,f-1,i0, conf=-1: [b32d7882-88db-4fe6-9cca-6a25122d474d:192.168.157.194:42206, 3aea292b-16fb-4e9b-be90-828afa8e8047:192.168.157.194:34569, a6b2ebfb-69a0-457c-b6cd-a50cc148b564:192.168.157.194:37298], old=null
2019-10-17 02:15:27,228 [b32d7882-88db-4fe6-9cca-6a25122d474d@group-896385CD49EE-LeaderElection469] INFO  impl.RaftServerImpl (RaftServerImpl.java:setRole(184)) - b32d7882-88db-4fe6-9cca-6a25122d474d@group-896385CD49EE: changes role from CANDIDATE to FOLLOWER at term 439 for DISCOVERED_A_NEW_TERM
2019-10-17 02:15:27,228 [b32d7882-88db-4fe6-9cca-6a25122d474d@group-896385CD49EE-LeaderElection469] INFO  impl.RoleInfo (RoleInfo.java:shutdownLeaderElection(134)) - b32d7882-88db-4fe6-9cca-6a25122d474d: shutdown LeaderElection
2019-10-17 02:15:27,228 [b32d7882-88db-4fe6-9cca-6a25122d474d@group-896385CD49EE-LeaderElection469] INFO  impl.RoleInfo (RoleInfo.java:updateAndGet(143)) - b32d7882-88db-4fe6-9cca-6a25122d474d: start FollowerState
2019-10-17 02:15:27,350 [Thread-4011] INFO  impl.FollowerState (FollowerState.java:run(108)) - b32d7882-88db-4fe6-9cca-6a25122d474d@group-896385CD49EE-FollowerState: change to CANDIDATE, lastRpcTime:121ms, electionTimeout:121ms
2019-10-17 02:15:27,350 [Thread-4011] INFO  impl.RoleInfo (RoleInfo.java:shutdownFollowerState(121)) - b32d7882-88db-4fe6-9cca-6a25122d474d: shutdown FollowerState
2019-10-17 02:15:27,350 [Thread-4011] INFO  impl.RaftServerImpl (RaftServerImpl.java:setRole(184)) - b32d7882-88db-4fe6-9cca-6a25122d474d@group-896385CD49EE: changes role from  FOLLOWER to CANDIDATE at term 439 for changeToCandidate
2019-10-17 02:15:27,350 [Thread-4011] INFO  impl.RoleInfo (RoleInfo.java:updateAndGet(143)) - b32d7882-88db-4fe6-9cca-6a25122d474d: start LeaderElection
2019-10-17 02:15:27,364 [b32d7882-88db-4fe6-9cca-6a25122d474d@group-896385CD49EE-LeaderElection470] INFO  impl.LeaderElection (LeaderElection.java:askForVotes(178)) - b32d7882-88db-4fe6-9cca-6a25122d474d@group-896385CD49EE-LeaderElection470: begin an election at term 440 for -1: [b32d7882-88db-4fe6-9cca-6a25122d474d:192.168.157.194:42206, 3aea292b-16fb-4e9b-be90-828afa8e8047:192.168.157.194:34569, a6b2ebfb-69a0-457c-b6cd-a50cc148b564:192.168.157.194:37298], old=null
2019-10-17 02:15:27,365 [grpc-default-executor-1] INFO  impl.RaftServerImpl (RaftServerImpl.java:setRole(184)) - 3aea292b-16fb-4e9b-be90-828afa8e8047@group-896385CD49EE: changes role from  FOLLOWER to FOLLOWER at term 440 for recognizeCandidate:b32d7882-88db-4fe6-9cca-6a25122d474d
2019-10-17 02:15:27,366 [grpc-default-executor-1] INFO  impl.RoleInfo (RoleInfo.java:shutdownFollowerState(121)) - 3aea292b-16fb-4e9b-be90-828afa8e8047: shutdown FollowerState
2019-10-17 02:15:27,365 [grpc-default-executor-0] INFO  impl.RaftServerImpl (RaftServerImpl.java:setRole(184)) - a6b2ebfb-69a0-457c-b6cd-a50cc148b564@group-896385CD49EE: changes role from  FOLLOWER to FOLLOWER at term 440 for recognizeCandidate:b32d7882-88db-4fe6-9cca-6a25122d474d
2019-10-17 02:15:27,366 [grpc-default-executor-0] INFO  impl.RoleInfo (RoleInfo.java:shutdownFollowerState(121)) - a6b2ebfb-69a0-457c-b6cd-a50cc148b564: shutdown FollowerState
2019-10-17 02:15:27,366 [Thread-4009] INFO  impl.FollowerState (FollowerState.java:run(117)) - 3aea292b-16fb-4e9b-be90-828afa8e8047@group-896385CD49EE-FollowerState was interrupted: java.lang.InterruptedException: sleep interrupted
2019-10-17 02:15:27,366 [grpc-default-executor-1] INFO  impl.RoleInfo (RoleInfo.java:updateAndGet(143)) - 3aea292b-16fb-4e9b-be90-828afa8e8047: start FollowerState
2019-10-17 02:15:27,366 [Thread-4010] INFO  impl.FollowerState (FollowerState.java:run(117)) - a6b2ebfb-69a0-457c-b6cd-a50cc148b564@group-896385CD49EE-FollowerState was interrupted: java.lang.InterruptedException: sleep interrupted
2019-10-17 02:15:27,366 [grpc-default-executor-0] INFO  impl.RoleInfo (RoleInfo.java:updateAndGet(143)) - a6b2ebfb-69a0-457c-b6cd-a50cc148b564: start FollowerState
2019-10-17 02:15:27,380 [b32d7882-88db-4fe6-9cca-6a25122d474d@group-896385CD49EE-LeaderElection470] INFO  impl.LeaderElection (LeaderElection.java:logAndReturn(56)) - b32d7882-88db-4fe6-9cca-6a25122d474d@group-896385CD49EE-LeaderElection470: Election REJECTED; received 2 response(s) [b32d7882-88db-4fe6-9cca-6a25122d474d<-3aea292b-16fb-4e9b-be90-828afa8e8047#0:FAIL-t440, b32d7882-88db-4fe6-9cca-6a25122d474d<-a6b2ebfb-69a0-457c-b6cd-a50cc148b564#0:FAIL-t440] and 0 exception(s); b32d7882-88db-4fe6-9cca-6a25122d474d@group-896385CD49EE:t440, leader=null, voted=b32d7882-88db-4fe6-9cca-6a25122d474d, raftlog=b32d7882-88db-4fe6-9cca-6a25122d474d@group-896385CD49EE-SegmentedRaftLog:OPENED:c-1,f-1,i0, conf=-1: [b32d7882-88db-4fe6-9cca-6a25122d474d:192.168.157.194:42206, 3aea292b-16fb-4e9b-be90-828afa8e8047:192.168.157.194:34569, a6b2ebfb-69a0-457c-b6cd-a50cc148b564:192.168.157.194:37298], old=null
2019-10-17 02:15:27,381 [b32d7882-88db-4fe6-9cca-6a25122d474d@group-896385CD49EE-LeaderElection470] INFO  impl.RaftServerImpl (RaftServerImpl.java:setRole(184)) - b32d7882-88db-4fe6-9cca-6a25122d474d@group-896385CD49EE: changes role from CANDIDATE to FOLLOWER at term 440 for DISCOVERED_A_NEW_TERM
2019-10-17 02:15:27,381 [b32d7882-88db-4fe6-9cca-6a25122d474d@group-896385CD49EE-LeaderElection470] INFO  impl.RoleInfo (RoleInfo.java:shutdownLeaderElection(134)) - b32d7882-88db-4fe6-9cca-6a25122d474d: shutdown LeaderElection
2019-10-17 02:15:27,381 [b32d7882-88db-4fe6-9cca-6a25122d474d@group-896385CD49EE-LeaderElection470] INFO  impl.RoleInfo (RoleInfo.java:updateAndGet(143)) - b32d7882-88db-4fe6-9cca-6a25122d474d: start FollowerState
2019-10-17 02:15:27,476 [Thread-4017] INFO  impl.FollowerState (FollowerState.java:run(108)) - b32d7882-88db-4fe6-9cca-6a25122d474d@group-896385CD49EE-FollowerState: change to CANDIDATE, lastRpcTime:95ms, electionTimeout:95ms
2019-10-17 02:15:27,476 [Thread-4017] INFO  impl.RoleInfo (RoleInfo.java:shutdownFollowerState(121)) - b32d7882-88db-4fe6-9cca-6a25122d474d: shutdown FollowerState
2019-10-17 02:15:27,476 [Thread-4017] INFO  impl.RaftServerImpl (RaftServerImpl.java:setRole(184)) - b32d7882-88db-4fe6-9cca-6a25122d474d@group-896385CD49EE: changes role from  FOLLOWER to CANDIDATE at term 440 for changeToCandidate
2019-10-17 02:15:27,476 [Thread-4017] INFO  impl.RoleInfo (RoleInfo.java:updateAndGet(143)) - b32d7882-88db-4fe6-9cca-6a25122d474d: start LeaderElection
2019-10-17 02:15:27,490 [b32d7882-88db-4fe6-9cca-6a25122d474d@group-896385CD49EE-LeaderElection471] INFO  impl.LeaderElection (LeaderElection.java:askForVotes(178)) - b32d7882-88db-4fe6-9cca-6a25122d474d@group-896385CD49EE-LeaderElection471: begin an election at term 441 for -1: [b32d7882-88db-4fe6-9cca-6a25122d474d:192.168.157.194:42206, 3aea292b-16fb-4e9b-be90-828afa8e8047:192.168.157.194:34569, a6b2ebfb-69a0-457c-b6cd-a50cc148b564:192.168.157.194:37298], old=null
2019-10-17 02:15:27,491 [grpc-default-executor-1] INFO  impl.RaftServerImpl (RaftServerImpl.java:setRole(184)) - a6b2ebfb-69a0-457c-b6cd-a50cc148b564@group-896385CD49EE: changes role from  FOLLOWER to FOLLOWER at term 441 for recognizeCandidate:b32d7882-88db-4fe6-9cca-6a25122d474d
2019-10-17 02:15:27,491 [grpc-default-executor-1] INFO  impl.RoleInfo (RoleInfo.java:shutdownFollowerState(121)) - a6b2ebfb-69a0-457c-b6cd-a50cc148b564: shutdown FollowerState
2019-10-17 02:15:27,491 [grpc-default-executor-0] INFO  impl.RaftServerImpl (RaftServerImpl.java:setRole(184)) - 3aea292b-16fb-4e9b-be90-828afa8e8047@group-896385CD49EE: changes role from  FOLLOWER to FOLLOWER at term 441 for recognizeCandidate:b32d7882-88db-4fe6-9cca-6a25122d474d
2019-10-17 02:15:27,492 [grpc-default-executor-1] INFO  impl.RoleInfo (RoleInfo.java:updateAndGet(143)) - a6b2ebfb-69a0-457c-b6cd-a50cc148b564: start FollowerState
2019-10-17 02:15:27,492 [Thread-4016] INFO  impl.FollowerState (FollowerState.java:run(117)) - a6b2ebfb-69a0-457c-b6cd-a50cc148b564@group-896385CD49EE-FollowerState was interrupted: java.lang.InterruptedException: sleep interrupted
2019-10-17 02:15:27,492 [grpc-default-executor-0] INFO  impl.RoleInfo (RoleInfo.java:shutdownFollowerState(121)) - 3aea292b-16fb-4e9b-be90-828afa8e8047: shutdown FollowerState
2019-10-17 02:15:27,492 [grpc-default-executor-0] INFO  impl.RoleInfo (RoleInfo.java:updateAndGet(143)) - 3aea292b-16fb-4e9b-be90-828afa8e8047: start FollowerState
2019-10-17 02:15:27,492 [Thread-4015] INFO  impl.FollowerState (FollowerState.java:run(117)) - 3aea292b-16fb-4e9b-be90-828afa8e8047@group-896385CD49EE-FollowerState was interrupted: java.lang.InterruptedException: sleep interrupted
2019-10-17 02:15:27,517 [b32d7882-88db-4fe6-9cca-6a25122d474d@group-896385CD49EE-LeaderElection471] INFO  impl.LeaderElection (LeaderElection.java:logAndReturn(56)) - b32d7882-88db-4fe6-9cca-6a25122d474d@group-896385CD49EE-LeaderElection471: Election REJECTED; received 2 response(s) [b32d7882-88db-4fe6-9cca-6a25122d474d<-3aea292b-16fb-4e9b-be90-828afa8e8047#0:FAIL-t441, b32d7882-88db-4fe6-9cca-6a25122d474d<-a6b2ebfb-69a0-457c-b6cd-a50cc148b564#0:FAIL-t441] and 0 exception(s); b32d7882-88db-4fe6-9cca-6a25122d474d@group-896385CD49EE:t441, leader=null, voted=b32d7882-88db-4fe6-9cca-6a25122d474d, raftlog=b32d7882-88db-4fe6-9cca-6a25122d474d@group-896385CD49EE-SegmentedRaftLog:OPENED:c-1,f-1,i0, conf=-1: [b32d7882-88db-4fe6-9cca-6a25122d474d:192.168.157.194:42206, 3aea292b-16fb-4e9b-be90-828afa8e8047:192.168.157.194:34569, a6b2ebfb-69a0-457c-b6cd-a50cc148b564:192.168.157.194:37298], old=null
2019-10-17 02:15:27,518 [b32d7882-88db-4fe6-9cca-6a25122d474d@group-896385CD49EE-LeaderElection471] INFO  impl.RaftServerImpl (RaftServerImpl.java:setRole(184)) - b32d7882-88db-4fe6-9cca-6a25122d474d@group-896385CD49EE: changes role from CANDIDATE to FOLLOWER at term 441 for DISCOVERED_A_NEW_TERM
2019-10-17 02:15:27,518 [b32d7882-88db-4fe6-9cca-6a25122d474d@group-896385CD49EE-LeaderElection471] INFO  impl.RoleInfo (RoleInfo.java:shutdownLeaderElection(134)) - b32d7882-88db-4fe6-9cca-6a25122d474d: shutdown LeaderElection
2019-10-17 02:15:27,518 [b32d7882-88db-4fe6-9cca-6a25122d474d@group-896385CD49EE-LeaderElection471] INFO  impl.RoleInfo (RoleInfo.java:updateAndGet(143)) - b32d7882-88db-4fe6-9cca-6a25122d474d: start FollowerState
2019-10-17 02:15:27,545 [Thread-4023] INFO  impl.FollowerState (FollowerState.java:run(108)) - b32d7882-88db-4fe6-9cca-6a25122d474d@group-896385CD49EE-FollowerState: change to CANDIDATE, lastRpcTime:27ms, electionTimeout:27ms
2019-10-17 02:15:27,545 [Thread-4023] INFO  impl.RoleInfo (RoleInfo.java:shutdownFollowerState(121)) - b32d7882-88db-4fe6-9cca-6a25122d474d: shutdown FollowerState
2019-10-17 02:15:27,545 [Thread-4023] INFO  impl.RaftServerImpl (RaftServerImpl.java:setRole(184)) - b32d7882-88db-4fe6-9cca-6a25122d474d@group-896385CD49EE: changes role from  FOLLOWER to CANDIDATE at term 441 for changeToCandidate
2019-10-17 02:15:27,545 [Thread-4023] INFO  impl.RoleInfo (RoleInfo.java:updateAndGet(143)) - b32d7882-88db-4fe6-9cca-6a25122d474d: start LeaderElection
2019-10-17 02:15:27,559 [b32d7882-88db-4fe6-9cca-6a25122d474d@group-896385CD49EE-LeaderElection472] INFO  impl.LeaderElection (LeaderElection.java:askForVotes(178)) - b32d7882-88db-4fe6-9cca-6a25122d474d@group-896385CD49EE-LeaderElection472: begin an election at term 442 for -1: [b32d7882-88db-4fe6-9cca-6a25122d474d:192.168.157.194:42206, 3aea292b-16fb-4e9b-be90-828afa8e8047:192.168.157.194:34569, a6b2ebfb-69a0-457c-b6cd-a50cc148b564:192.168.157.194:37298], old=null
2019-10-17 02:15:27,560 [grpc-default-executor-1] INFO  impl.RaftServerImpl (RaftServerImpl.java:setRole(184)) - a6b2ebfb-69a0-457c-b6cd-a50cc148b564@group-896385CD49EE: changes role from  FOLLOWER to FOLLOWER at term 442 for recognizeCandidate:b32d7882-88db-4fe6-9cca-6a25122d474d
2019-10-17 02:15:27,560 [grpc-default-executor-1] INFO  impl.RoleInfo (RoleInfo.java:shutdownFollowerState(121)) - a6b2ebfb-69a0-457c-b6cd-a50cc148b564: shutdown FollowerState
2019-10-17 02:15:27,560 [grpc-default-executor-0] INFO  impl.RaftServerImpl (RaftServerImpl.java:setRole(184)) - 3aea292b-16fb-4e9b-be90-828afa8e8047@group-896385CD49EE: changes role from  FOLLOWER to FOLLOWER at term 442 for recognizeCandidate:b32d7882-88db-4fe6-9cca-6a25122d474d
2019-10-17 02:15:27,560 [Thread-4021] INFO  impl.FollowerState (FollowerState.java:run(117)) - a6b2ebfb-69a0-457c-b6cd-a50cc148b564@group-896385CD49EE-FollowerState was interrupted: java.lang.InterruptedException: sleep interrupted
2019-10-17 02:15:27,560 [grpc-default-executor-1] INFO  impl.RoleInfo (RoleInfo.java:updateAndGet(143)) - a6b2ebfb-69a0-457c-b6cd-a50cc148b564: start FollowerState
2019-10-17 02:15:27,560 [grpc-default-executor-0] INFO  impl.RoleInfo (RoleInfo.java:shutdownFollowerState(121)) - 3aea292b-16fb-4e9b-be90-828afa8e8047: shutdown FollowerState
2019-10-17 02:15:27,561 [grpc-default-executor-0] INFO  impl.RoleInfo (RoleInfo.java:updateAndGet(143)) - 3aea292b-16fb-4e9b-be90-828afa8e8047: start FollowerState
2019-10-17 02:15:27,561 [Thread-4022] INFO  impl.FollowerState (FollowerState.java:run(117)) - 3aea292b-16fb-4e9b-be90-828afa8e8047@group-896385CD49EE-FollowerState was interrupted: java.lang.InterruptedException: sleep interrupted
2019-10-17 02:15:27,574 [b32d7882-88db-4fe6-9cca-6a25122d474d@group-896385CD49EE-LeaderElection472] INFO  impl.LeaderElection (LeaderElection.java:logAndReturn(56)) - b32d7882-88db-4fe6-9cca-6a25122d474d@group-896385CD49EE-LeaderElection472: Election REJECTED; received 2 response(s) [b32d7882-88db-4fe6-9cca-6a25122d474d<-3aea292b-16fb-4e9b-be90-828afa8e8047#0:FAIL-t442, b32d7882-88db-4fe6-9cca-6a25122d474d<-a6b2ebfb-69a0-457c-b6cd-a50cc148b564#0:FAIL-t442] and 0 exception(s); b32d7882-88db-4fe6-9cca-6a25122d474d@group-896385CD49EE:t442, leader=null, voted=b32d7882-88db-4fe6-9cca-6a25122d474d, raftlog=b32d7882-88db-4fe6-9cca-6a25122d474d@group-896385CD49EE-SegmentedRaftLog:OPENED:c-1,f-1,i0, conf=-1: [b32d7882-88db-4fe6-9cca-6a25122d474d:192.168.157.194:42206, 3aea292b-16fb-4e9b-be90-828afa8e8047:192.168.157.194:34569, a6b2ebfb-69a0-457c-b6cd-a50cc148b564:192.168.157.194:37298], old=null
2019-10-17 02:15:27,575 [b32d7882-88db-4fe6-9cca-6a25122d474d@group-896385CD49EE-LeaderElection472] INFO  impl.RaftServerImpl (RaftServerImpl.java:setRole(184)) - b32d7882-88db-4fe6-9cca-6a25122d474d@group-896385CD49EE: changes role from CANDIDATE to FOLLOWER at term 442 for DISCOVERED_A_NEW_TERM
2019-10-17 02:15:27,575 [b32d7882-88db-4fe6-9cca-6a25122d474d@group-896385CD49EE-LeaderElection472] INFO  impl.RoleInfo (RoleInfo.java:shutdownLeaderElection(134)) - b32d7882-88db-4fe6-9cca-6a25122d474d: shutdown LeaderElection
2019-10-17 02:15:27,575 [b32d7882-88db-4fe6-9cca-6a25122d474d@group-896385CD49EE-LeaderElection472] INFO  impl.RoleInfo (RoleInfo.java:updateAndGet(143)) - b32d7882-88db-4fe6-9cca-6a25122d474d: start FollowerState
2019-10-17 02:15:27,753 [Thread-4029] INFO  impl.FollowerState (FollowerState.java:run(108)) - b32d7882-88db-4fe6-9cca-6a25122d474d@group-896385CD49EE-FollowerState: change to CANDIDATE, lastRpcTime:178ms, electionTimeout:178ms
2019-10-17 02:15:27,753 [Thread-4029] INFO  impl.RoleInfo (RoleInfo.java:shutdownFollowerState(121)) - b32d7882-88db-4fe6-9cca-6a25122d474d: shutdown FollowerState
2019-10-17 02:15:27,753 [Thread-4029] INFO  impl.RaftServerImpl (RaftServerImpl.java:setRole(184)) - b32d7882-88db-4fe6-9cca-6a25122d474d@group-896385CD49EE: changes role from  FOLLOWER to CANDIDATE at term 442 for changeToCandidate
2019-10-17 02:15:27,754 [Thread-4029] INFO  impl.RoleInfo (RoleInfo.java:updateAndGet(143)) - b32d7882-88db-4fe6-9cca-6a25122d474d: start LeaderElection
2019-10-17 02:15:27,776 [b32d7882-88db-4fe6-9cca-6a25122d474d@group-896385CD49EE-LeaderElection473] INFO  impl.LeaderElection (LeaderElection.java:askForVotes(178)) - b32d7882-88db-4fe6-9cca-6a25122d474d@group-896385CD49EE-LeaderElection473: begin an election at term 443 for -1: [b32d7882-88db-4fe6-9cca-6a25122d474d:192.168.157.194:42206, 3aea292b-16fb-4e9b-be90-828afa8e8047:192.168.157.194:34569, a6b2ebfb-69a0-457c-b6cd-a50cc148b564:192.168.157.194:37298], old=null
2019-10-17 02:15:27,778 [grpc-default-executor-1] INFO  impl.RaftServerImpl (RaftServerImpl.java:setRole(184)) - 3aea292b-16fb-4e9b-be90-828afa8e8047@group-896385CD49EE: changes role from  FOLLOWER to FOLLOWER at term 443 for recognizeCandidate:b32d7882-88db-4fe6-9cca-6a25122d474d
2019-10-17 02:15:27,778 [grpc-default-executor-1] INFO  impl.RoleInfo (RoleInfo.java:shutdownFollowerState(121)) - 3aea292b-16fb-4e9b-be90-828afa8e8047: shutdown FollowerState
2019-10-17 02:15:27,778 [grpc-default-executor-0] INFO  impl.RaftServerImpl (RaftServerImpl.java:setRole(184)) - a6b2ebfb-69a0-457c-b6cd-a50cc148b564@group-896385CD49EE: changes role from  FOLLOWER to FOLLOWER at term 443 for recognizeCandidate:b32d7882-88db-4fe6-9cca-6a25122d474d
2019-10-17 02:15:27,778 [Thread-4028] INFO  impl.FollowerState (FollowerState.java:run(117)) - 3aea292b-16fb-4e9b-be90-828afa8e8047@group-896385CD49EE-FollowerState was interrupted: java.lang.InterruptedException: sleep interrupted
2019-10-17 02:15:27,778 [grpc-default-executor-1] INFO  impl.RoleInfo (RoleInfo.java:updateAndGet(143)) - 3aea292b-16fb-4e9b-be90-828afa8e8047: start FollowerState
2019-10-17 02:15:27,778 [grpc-default-executor-0] INFO  impl.RoleInfo (RoleInfo.java:shutdownFollowerState(121)) - a6b2ebfb-69a0-457c-b6cd-a50cc148b564: shutdown FollowerState
2019-10-17 02:15:27,779 [grpc-default-executor-0] INFO  impl.RoleInfo (RoleInfo.java:updateAndGet(143)) - a6b2ebfb-69a0-457c-b6cd-a50cc148b564: start FollowerState
2019-10-17 02:15:27,779 [Thread-4027] INFO  impl.FollowerState (FollowerState.java:run(117)) - a6b2ebfb-69a0-457c-b6cd-a50cc148b564@group-896385CD49EE-FollowerState was interrupted: java.lang.InterruptedException: sleep interrupted
2019-10-17 02:15:27,793 [b32d7882-88db-4fe6-9cca-6a25122d474d@group-896385CD49EE-LeaderElection473] INFO  impl.LeaderElection (LeaderElection.java:logAndReturn(56)) - b32d7882-88db-4fe6-9cca-6a25122d474d@group-896385CD49EE-LeaderElection473: Election REJECTED; received 2 response(s) [b32d7882-88db-4fe6-9cca-6a25122d474d<-3aea292b-16fb-4e9b-be90-828afa8e8047#0:FAIL-t443, b32d7882-88db-4fe6-9cca-6a25122d474d<-a6b2ebfb-69a0-457c-b6cd-a50cc148b564#0:FAIL-t443] and 0 exception(s); b32d7882-88db-4fe6-9cca-6a25122d474d@group-896385CD49EE:t443, leader=null, voted=b32d7882-88db-4fe6-9cca-6a25122d474d, raftlog=b32d7882-88db-4fe6-9cca-6a25122d474d@group-896385CD49EE-SegmentedRaftLog:OPENED:c-1,f-1,i0, conf=-1: [b32d7882-88db-4fe6-9cca-6a25122d474d:192.168.157.194:42206, 3aea292b-16fb-4e9b-be90-828afa8e8047:192.168.157.194:34569, a6b2ebfb-69a0-457c-b6cd-a50cc148b564:192.168.157.194:37298], old=null
2019-10-17 02:15:27,793 [b32d7882-88db-4fe6-9cca-6a25122d474d@group-896385CD49EE-LeaderElection473] INFO  impl.RaftServerImpl (RaftServerImpl.java:setRole(184)) - b32d7882-88db-4fe6-9cca-6a25122d474d@group-896385CD49EE: changes role from CANDIDATE to FOLLOWER at term 443 for DISCOVERED_A_NEW_TERM
2019-10-17 02:15:27,793 [b32d7882-88db-4fe6-9cca-6a25122d474d@group-896385CD49EE-LeaderElection473] INFO  impl.RoleInfo (RoleInfo.java:shutdownLeaderElection(134)) - b32d7882-88db-4fe6-9cca-6a25122d474d: shutdown LeaderElection
2019-10-17 02:15:27,793 [b32d7882-88db-4fe6-9cca-6a25122d474d@group-896385CD49EE-LeaderElection473] INFO  impl.RoleInfo (RoleInfo.java:updateAndGet(143)) - b32d7882-88db-4fe6-9cca-6a25122d474d: start FollowerState
2019-10-17 02:15:27,916 [Thread-4035] INFO  impl.FollowerState (FollowerState.java:run(108)) - b32d7882-88db-4fe6-9cca-6a25122d474d@group-896385CD49EE-FollowerState: change to CANDIDATE, lastRpcTime:123ms, electionTimeout:123ms
2019-10-17 02:15:27,916 [Thread-4035] INFO  impl.RoleInfo (RoleInfo.java:shutdownFollowerState(121)) - b32d7882-88db-4fe6-9cca-6a25122d474d: shutdown FollowerState
2019-10-17 02:15:27,917 [Thread-4035] INFO  impl.RaftServerImpl (RaftServerImpl.java:setRole(184)) - b32d7882-88db-4fe6-9cca-6a25122d474d@group-896385CD49EE: changes role from  FOLLOWER to CANDIDATE at term 443 for changeToCandidate
2019-10-17 02:15:27,917 [Thread-4035] INFO  impl.RoleInfo (RoleInfo.java:updateAndGet(143)) - b32d7882-88db-4fe6-9cca-6a25122d474d: start LeaderElection
2019-10-17 02:15:27,930 [b32d7882-88db-4fe6-9cca-6a25122d474d@group-896385CD49EE-LeaderElection474] INFO  impl.LeaderElection (LeaderElection.java:askForVotes(178)) - b32d7882-88db-4fe6-9cca-6a25122d474d@group-896385CD49EE-LeaderElection474: begin an election at term 444 for -1: [b32d7882-88db-4fe6-9cca-6a25122d474d:192.168.157.194:42206, 3aea292b-16fb-4e9b-be90-828afa8e8047:192.168.157.194:34569, a6b2ebfb-69a0-457c-b6cd-a50cc148b564:192.168.157.194:37298], old=null
2019-10-17 02:15:27,932 [grpc-default-executor-0] INFO  impl.RaftServerImpl (RaftServerImpl.java:setRole(184)) - 3aea292b-16fb-4e9b-be90-828afa8e8047@group-896385CD49EE: changes role from  FOLLOWER to FOLLOWER at term 444 for recognizeCandidate:b32d7882-88db-4fe6-9cca-6a25122d474d
2019-10-17 02:15:27,932 [grpc-default-executor-0] INFO  impl.RoleInfo (RoleInfo.java:shutdownFollowerState(121)) - 3aea292b-16fb-4e9b-be90-828afa8e8047: shutdown FollowerState
2019-10-17 02:15:27,932 [grpc-default-executor-1] INFO  impl.RaftServerImpl (RaftServerImpl.java:setRole(184)) - a6b2ebfb-69a0-457c-b6cd-a50cc148b564@group-896385CD49EE: changes role from  FOLLOWER to FOLLOWER at term 444 for recognizeCandidate:b32d7882-88db-4fe6-9cca-6a25122d474d
2019-10-17 02:15:27,932 [Thread-4033] INFO  impl.FollowerState (FollowerState.java:run(117)) - 3aea292b-16fb-4e9b-be90-828afa8e8047@group-896385CD49EE-FollowerState was interrupted: java.lang.InterruptedException: sleep interrupted
2019-10-17 02:15:27,932 [grpc-default-executor-0] INFO  impl.RoleInfo (RoleInfo.java:updateAndGet(143)) - 3aea292b-16fb-4e9b-be90-828afa8e8047: start FollowerState
2019-10-17 02:15:27,932 [grpc-default-executor-1] INFO  impl.RoleInfo (RoleInfo.java:shutdownFollowerState(121)) - a6b2ebfb-69a0-457c-b6cd-a50cc148b564: shutdown FollowerState
2019-10-17 02:15:27,933 [grpc-default-executor-1] INFO  impl.RoleInfo (RoleInfo.java:updateAndGet(143)) - a6b2ebfb-69a0-457c-b6cd-a50cc148b564: start FollowerState
2019-10-17 02:15:27,933 [Thread-4034] INFO  impl.FollowerState (FollowerState.java:run(117)) - a6b2ebfb-69a0-457c-b6cd-a50cc148b564@group-896385CD49EE-FollowerState was interrupted: java.lang.InterruptedException: sleep interrupted
2019-10-17 02:15:27,947 [b32d7882-88db-4fe6-9cca-6a25122d474d@group-896385CD49EE-LeaderElection474] INFO  impl.LeaderElection (LeaderElection.java:logAndReturn(56)) - b32d7882-88db-4fe6-9cca-6a25122d474d@group-896385CD49EE-LeaderElection474: Election REJECTED; received 2 response(s) [b32d7882-88db-4fe6-9cca-6a25122d474d<-3aea292b-16fb-4e9b-be90-828afa8e8047#0:FAIL-t444, b32d7882-88db-4fe6-9cca-6a25122d474d<-a6b2ebfb-69a0-457c-b6cd-a50cc148b564#0:FAIL-t444] and 0 exception(s); b32d7882-88db-4fe6-9cca-6a25122d474d@group-896385CD49EE:t444, leader=null, voted=b32d7882-88db-4fe6-9cca-6a25122d474d, raftlog=b32d7882-88db-4fe6-9cca-6a25122d474d@group-896385CD49EE-SegmentedRaftLog:OPENED:c-1,f-1,i0, conf=-1: [b32d7882-88db-4fe6-9cca-6a25122d474d:192.168.157.194:42206, 3aea292b-16fb-4e9b-be90-828afa8e8047:192.168.157.194:34569, a6b2ebfb-69a0-457c-b6cd-a50cc148b564:192.168.157.194:37298], old=null
2019-10-17 02:15:27,947 [b32d7882-88db-4fe6-9cca-6a25122d474d@group-896385CD49EE-LeaderElection474] INFO  impl.RaftServerImpl (RaftServerImpl.java:setRole(184)) - b32d7882-88db-4fe6-9cca-6a25122d474d@group-896385CD49EE: changes role from CANDIDATE to FOLLOWER at term 444 for DISCOVERED_A_NEW_TERM
2019-10-17 02:15:27,947 [b32d7882-88db-4fe6-9cca-6a25122d474d@group-896385CD49EE-LeaderElection474] INFO  impl.RoleInfo (RoleInfo.java:shutdownLeaderElection(134)) - b32d7882-88db-4fe6-9cca-6a25122d474d: shutdown LeaderElection
2019-10-17 02:15:27,947 [b32d7882-88db-4fe6-9cca-6a25122d474d@group-896385CD49EE-LeaderElection474] INFO  impl.RoleInfo (RoleInfo.java:updateAndGet(143)) - b32d7882-88db-4fe6-9cca-6a25122d474d: start FollowerState
2019-10-17 02:15:28,028 [Thread-4041] INFO  impl.FollowerState (FollowerState.java:run(108)) - b32d7882-88db-4fe6-9cca-6a25122d474d@group-896385CD49EE-FollowerState: change to CANDIDATE, lastRpcTime:81ms, electionTimeout:81ms
2019-10-17 02:15:28,028 [Thread-4041] INFO  impl.RoleInfo (RoleInfo.java:shutdownFollowerState(121)) - b32d7882-88db-4fe6-9cca-6a25122d474d: shutdown FollowerState
2019-10-17 02:15:28,029 [Thread-4041] INFO  impl.RaftServerImpl (RaftServerImpl.java:setRole(184)) - b32d7882-88db-4fe6-9cca-6a25122d474d@group-896385CD49EE: changes role from  FOLLOWER to CANDIDATE at term 444 for changeToCandidate
2019-10-17 02:15:28,029 [Thread-4041] INFO  impl.RoleInfo (RoleInfo.java:updateAndGet(143)) - b32d7882-88db-4fe6-9cca-6a25122d474d: start LeaderElection
2019-10-17 02:15:28,041 [b32d7882-88db-4fe6-9cca-6a25122d474d@group-896385CD49EE-LeaderElection475] INFO  impl.LeaderElection (LeaderElection.java:askForVotes(178)) - b32d7882-88db-4fe6-9cca-6a25122d474d@group-896385CD49EE-LeaderElection475: begin an election at term 445 for -1: [b32d7882-88db-4fe6-9cca-6a25122d474d:192.168.157.194:42206, 3aea292b-16fb-4e9b-be90-828afa8e8047:192.168.157.194:34569, a6b2ebfb-69a0-457c-b6cd-a50cc148b564:192.168.157.194:37298], old=null
2019-10-17 02:15:28,043 [grpc-default-executor-0] INFO  impl.RaftServerImpl (RaftServerImpl.java:setRole(184)) - a6b2ebfb-69a0-457c-b6cd-a50cc148b564@group-896385CD49EE: changes role from  FOLLOWER to FOLLOWER at term 445 for recognizeCandidate:b32d7882-88db-4fe6-9cca-6a25122d474d
2019-10-17 02:15:28,043 [grpc-default-executor-0] INFO  impl.RoleInfo (RoleInfo.java:shutdownFollowerState(121)) - a6b2ebfb-69a0-457c-b6cd-a50cc148b564: shutdown FollowerState
2019-10-17 02:15:28,043 [grpc-default-executor-1] INFO  impl.RaftServerImpl (RaftServerImpl.java:setRole(184)) - 3aea292b-16fb-4e9b-be90-828afa8e8047@group-896385CD49EE: changes role from  FOLLOWER to FOLLOWER at term 445 for recognizeCandidate:b32d7882-88db-4fe6-9cca-6a25122d474d
2019-10-17 02:15:28,043 [Thread-4040] INFO  impl.FollowerState (FollowerState.java:run(117)) - a6b2ebfb-69a0-457c-b6cd-a50cc148b564@group-896385CD49EE-FollowerState was interrupted: java.lang.InterruptedException: sleep interrupted
2019-10-17 02:15:28,043 [grpc-default-executor-0] INFO  impl.RoleInfo (RoleInfo.java:updateAndGet(143)) - a6b2ebfb-69a0-457c-b6cd-a50cc148b564: start FollowerState
2019-10-17 02:15:28,043 [grpc-default-executor-1] INFO  impl.RoleInfo (RoleInfo.java:shutdownFollowerState(121)) - 3aea292b-16fb-4e9b-be90-828afa8e8047: shutdown FollowerState
2019-10-17 02:15:28,043 [grpc-default-executor-1] INFO  impl.RoleInfo (RoleInfo.java:updateAndGet(143)) - 3aea292b-16fb-4e9b-be90-828afa8e8047: start FollowerState
2019-10-17 02:15:28,043 [Thread-4039] INFO  impl.FollowerState (FollowerState.java:run(117)) - 3aea292b-16fb-4e9b-be90-828afa8e8047@group-896385CD49EE-FollowerState was interrupted: java.lang.InterruptedException: sleep interrupted
2019-10-17 02:15:28,062 [b32d7882-88db-4fe6-9cca-6a25122d474d@group-896385CD49EE-LeaderElection475] INFO  impl.LeaderElection (LeaderElection.java:logAndReturn(56)) - b32d7882-88db-4fe6-9cca-6a25122d474d@group-896385CD49EE-LeaderElection475: Election REJECTED; received 2 response(s) [b32d7882-88db-4fe6-9cca-6a25122d474d<-3aea292b-16fb-4e9b-be90-828afa8e8047#0:FAIL-t445, b32d7882-88db-4fe6-9cca-6a25122d474d<-a6b2ebfb-69a0-457c-b6cd-a50cc148b564#0:FAIL-t445] and 0 exception(s); b32d7882-88db-4fe6-9cca-6a25122d474d@group-896385CD49EE:t445, leader=null, voted=b32d7882-88db-4fe6-9cca-6a25122d474d, raftlog=b32d7882-88db-4fe6-9cca-6a25122d474d@group-896385CD49EE-SegmentedRaftLog:OPENED:c-1,f-1,i0, conf=-1: [b32d7882-88db-4fe6-9cca-6a25122d474d:192.168.157.194:42206, 3aea292b-16fb-4e9b-be90-828afa8e8047:192.168.157.194:34569, a6b2ebfb-69a0-457c-b6cd-a50cc148b564:192.168.157.194:37298], old=null
2019-10-17 02:15:28,063 [b32d7882-88db-4fe6-9cca-6a25122d474d@group-896385CD49EE-LeaderElection475] INFO  impl.RaftServerImpl (RaftServerImpl.java:setRole(184)) - b32d7882-88db-4fe6-9cca-6a25122d474d@group-896385CD49EE: changes role from CANDIDATE to FOLLOWER at term 445 for DISCOVERED_A_NEW_TERM
2019-10-17 02:15:28,063 [b32d7882-88db-4fe6-9cca-6a25122d474d@group-896385CD49EE-LeaderElection475] INFO  impl.RoleInfo (RoleInfo.java:shutdownLeaderElection(134)) - b32d7882-88db-4fe6-9cca-6a25122d474d: shutdown LeaderElection
2019-10-17 02:15:28,063 [b32d7882-88db-4fe6-9cca-6a25122d474d@group-896385CD49EE-LeaderElection475] INFO  impl.RoleInfo (RoleInfo.java:updateAndGet(143)) - b32d7882-88db-4fe6-9cca-6a25122d474d: start FollowerState
2019-10-17 02:15:28,214 [Thread-4048] INFO  impl.FollowerState (FollowerState.java:run(108)) - b32d7882-88db-4fe6-9cca-6a25122d474d@group-896385CD49EE-FollowerState: change to CANDIDATE, lastRpcTime:151ms, electionTimeout:151ms
2019-10-17 02:15:28,214 [Thread-4048] INFO  impl.RoleInfo (RoleInfo.java:shutdownFollowerState(121)) - b32d7882-88db-4fe6-9cca-6a25122d474d: shutdown FollowerState
2019-10-17 02:15:28,214 [Thread-4048] INFO  impl.RaftServerImpl (RaftServerImpl.java:setRole(184)) - b32d7882-88db-4fe6-9cca-6a25122d474d@group-896385CD49EE: changes role from  FOLLOWER to CANDIDATE at term 445 for changeToCandidate
2019-10-17 02:15:28,214 [Thread-4048] INFO  impl.RoleInfo (RoleInfo.java:updateAndGet(143)) - b32d7882-88db-4fe6-9cca-6a25122d474d: start LeaderElection
2019-10-17 02:15:28,228 [b32d7882-88db-4fe6-9cca-6a25122d474d@group-896385CD49EE-LeaderElection476] INFO  impl.LeaderElection (LeaderElection.java:askForVotes(178)) - b32d7882-88db-4fe6-9cca-6a25122d474d@group-896385CD49EE-LeaderElection476: begin an election at term 446 for -1: [b32d7882-88db-4fe6-9cca-6a25122d474d:192.168.157.194:42206, 3aea292b-16fb-4e9b-be90-828afa8e8047:192.168.157.194:34569, a6b2ebfb-69a0-457c-b6cd-a50cc148b564:192.168.157.194:37298], old=null
2019-10-17 02:15:28,229 [grpc-default-executor-1] INFO  impl.RaftServerImpl (RaftServerImpl.java:setRole(184)) - 3aea292b-16fb-4e9b-be90-828afa8e8047@group-896385CD49EE: changes role from  FOLLOWER to FOLLOWER at term 446 for recognizeCandidate:b32d7882-88db-4fe6-9cca-6a25122d474d
2019-10-17 02:15:28,229 [grpc-default-executor-1] INFO  impl.RoleInfo (RoleInfo.java:shutdownFollowerState(121)) - 3aea292b-16fb-4e9b-be90-828afa8e8047: shutdown FollowerState
2019-10-17 02:15:28,229 [grpc-default-executor-0] INFO  impl.RaftServerImpl (RaftServerImpl.java:setRole(184)) - a6b2ebfb-69a0-457c-b6cd-a50cc148b564@group-896385CD49EE: changes role from  FOLLOWER to FOLLOWER at term 446 for recognizeCandidate:b32d7882-88db-4fe6-9cca-6a25122d474d
2019-10-17 02:15:28,229 [grpc-default-executor-0] INFO  impl.RoleInfo (RoleInfo.java:shutdownFollowerState(121)) - a6b2ebfb-69a0-457c-b6cd-a50cc148b564: shutdown FollowerState
2019-10-17 02:15:28,229 [Thread-4047] INFO  impl.FollowerState (FollowerState.java:run(117)) - 3aea292b-16fb-4e9b-be90-828afa8e8047@group-896385CD49EE-FollowerState was interrupted: java.lang.InterruptedException: sleep interrupted
2019-10-17 02:15:28,229 [grpc-default-executor-1] INFO  impl.RoleInfo (RoleInfo.java:updateAndGet(143)) - 3aea292b-16fb-4e9b-be90-828afa8e8047: start FollowerState
2019-10-17 02:15:28,229 [Thread-4046] INFO  impl.FollowerState (FollowerState.java:run(117)) - a6b2ebfb-69a0-457c-b6cd-a50cc148b564@group-896385CD49EE-FollowerState was interrupted: java.lang.InterruptedException: sleep interrupted
2019-10-17 02:15:28,229 [grpc-default-executor-0] INFO  impl.RoleInfo (RoleInfo.java:updateAndGet(143)) - a6b2ebfb-69a0-457c-b6cd-a50cc148b564: start FollowerState
2019-10-17 02:15:28,243 [b32d7882-88db-4fe6-9cca-6a25122d474d@group-896385CD49EE-LeaderElection476] INFO  impl.LeaderElection (LeaderElection.java:logAndReturn(56)) - b32d7882-88db-4fe6-9cca-6a25122d474d@group-896385CD49EE-LeaderElection476: Election REJECTED; received 2 response(s) [b32d7882-88db-4fe6-9cca-6a25122d474d<-3aea292b-16fb-4e9b-be90-828afa8e8047#0:FAIL-t446, b32d7882-88db-4fe6-9cca-6a25122d474d<-a6b2ebfb-69a0-457c-b6cd-a50cc148b564#0:FAIL-t446] and 0 exception(s); b32d7882-88db-4fe6-9cca-6a25122d474d@group-896385CD49EE:t446, leader=null, voted=b32d7882-88db-4fe6-9cca-6a25122d474d, raftlog=b32d7882-88db-4fe6-9cca-6a25122d474d@group-896385CD49EE-SegmentedRaftLog:OPENED:c-1,f-1,i0, conf=-1: [b32d7882-88db-4fe6-9cca-6a25122d474d:192.168.157.194:42206, 3aea292b-16fb-4e9b-be90-828afa8e8047:192.168.157.194:34569, a6b2ebfb-69a0-457c-b6cd-a50cc148b564:192.168.157.194:37298], old=null
2019-10-17 02:15:28,243 [b32d7882-88db-4fe6-9cca-6a25122d474d@group-896385CD49EE-LeaderElection476] INFO  impl.RaftServerImpl (RaftServerImpl.java:setRole(184)) - b32d7882-88db-4fe6-9cca-6a25122d474d@group-896385CD49EE: changes role from CANDIDATE to FOLLOWER at term 446 for DISCOVERED_A_NEW_TERM
2019-10-17 02:15:28,244 [b32d7882-88db-4fe6-9cca-6a25122d474d@group-896385CD49EE-LeaderElection476] INFO  impl.RoleInfo (RoleInfo.java:shutdownLeaderElection(134)) - b32d7882-88db-4fe6-9cca-6a25122d474d: shutdown LeaderElection
2019-10-17 02:15:28,244 [b32d7882-88db-4fe6-9cca-6a25122d474d@group-896385CD49EE-LeaderElection476] INFO  impl.RoleInfo (RoleInfo.java:updateAndGet(143)) - b32d7882-88db-4fe6-9cca-6a25122d474d: start FollowerState
2019-10-17 02:15:28,319 [Thread-4056] INFO  impl.FollowerState (FollowerState.java:run(108)) - b32d7882-88db-4fe6-9cca-6a25122d474d@group-896385CD49EE-FollowerState: change to CANDIDATE, lastRpcTime:75ms, electionTimeout:75ms
2019-10-17 02:15:28,319 [Thread-4056] INFO  impl.RoleInfo (RoleInfo.java:shutdownFollowerState(121)) - b32d7882-88db-4fe6-9cca-6a25122d474d: shutdown FollowerState
2019-10-17 02:15:28,319 [Thread-4056] INFO  impl.RaftServerImpl (RaftServerImpl.java:setRole(184)) - b32d7882-88db-4fe6-9cca-6a25122d474d@group-896385CD49EE: changes role from  FOLLOWER to CANDIDATE at term 446 for changeToCandidate
2019-10-17 02:15:28,319 [Thread-4056] INFO  impl.RoleInfo (RoleInfo.java:updateAndGet(143)) - b32d7882-88db-4fe6-9cca-6a25122d474d: start LeaderElection
2019-10-17 02:15:28,325 [b32d7882-88db-4fe6-9cca-6a25122d474d@group-896385CD49EE-LeaderElection477] INFO  impl.LeaderElection (LeaderElection.java:askForVotes(178)) - b32d7882-88db-4fe6-9cca-6a25122d474d@group-896385CD49EE-LeaderElection477: begin an election at term 447 for -1: [b32d7882-88db-4fe6-9cca-6a25122d474d:192.168.157.194:42206, 3aea292b-16fb-4e9b-be90-828afa8e8047:192.168.157.194:34569, a6b2ebfb-69a0-457c-b6cd-a50cc148b564:192.168.157.194:37298], old=null
2019-10-17 02:15:28,326 [grpc-default-executor-0] INFO  impl.RaftServerImpl (RaftServerImpl.java:setRole(184)) - 3aea292b-16fb-4e9b-be90-828afa8e8047@group-896385CD49EE: changes role from  FOLLOWER to FOLLOWER at term 447 for recognizeCandidate:b32d7882-88db-4fe6-9cca-6a25122d474d
2019-10-17 02:15:28,326 [grpc-default-executor-1] INFO  impl.RaftServerImpl (RaftServerImpl.java:setRole(184)) - a6b2ebfb-69a0-457c-b6cd-a50cc148b564@group-896385CD49EE: changes role from  FOLLOWER to FOLLOWER at term 447 for recognizeCandidate:b32d7882-88db-4fe6-9cca-6a25122d474d
2019-10-17 02:15:28,326 [grpc-default-executor-1] INFO  impl.RoleInfo (RoleInfo.java:shutdownFollowerState(121)) - a6b2ebfb-69a0-457c-b6cd-a50cc148b564: shutdown FollowerState
2019-10-17 02:15:28,326 [grpc-default-executor-0] INFO  impl.RoleInfo (RoleInfo.java:shutdownFollowerState(121)) - 3aea292b-16fb-4e9b-be90-828afa8e8047: shutdown FollowerState
2019-10-17 02:15:28,326 [Thread-4055] INFO  impl.FollowerState (FollowerState.java:run(117)) - a6b2ebfb-69a0-457c-b6cd-a50cc148b564@group-896385CD49EE-FollowerState was interrupted: java.lang.InterruptedException: sleep interrupted
2019-10-17 02:15:28,326 [grpc-default-executor-1] INFO  impl.RoleInfo (RoleInfo.java:updateAndGet(143)) - a6b2ebfb-69a0-457c-b6cd-a50cc148b564: start FollowerState
2019-10-17 02:15:28,326 [Thread-4054] INFO  impl.FollowerState (FollowerState.java:run(117)) - 3aea292b-16fb-4e9b-be90-828afa8e8047@group-896385CD49EE-FollowerState was interrupted: java.lang.InterruptedException: sleep interrupted
2019-10-17 02:15:28,326 [grpc-default-executor-0] INFO  impl.RoleInfo (RoleInfo.java:updateAndGet(143)) - 3aea292b-16fb-4e9b-be90-828afa8e8047: start FollowerState
2019-10-17 02:15:28,340 [b32d7882-88db-4fe6-9cca-6a25122d474d@group-896385CD49EE-LeaderElection477] INFO  impl.LeaderElection (LeaderElection.java:logAndReturn(56)) - b32d7882-88db-4fe6-9cca-6a25122d474d@group-896385CD49EE-LeaderElection477: Election REJECTED; received 2 response(s) [b32d7882-88db-4fe6-9cca-6a25122d474d<-3aea292b-16fb-4e9b-be90-828afa8e8047#0:FAIL-t447, b32d7882-88db-4fe6-9cca-6a25122d474d<-a6b2ebfb-69a0-457c-b6cd-a50cc148b564#0:FAIL-t447] and 0 exception(s); b32d7882-88db-4fe6-9cca-6a25122d474d@group-896385CD49EE:t447, leader=null, voted=b32d7882-88db-4fe6-9cca-6a25122d474d, raftlog=b32d7882-88db-4fe6-9cca-6a25122d474d@group-896385CD49EE-SegmentedRaftLog:OPENED:c-1,f-1,i0, conf=-1: [b32d7882-88db-4fe6-9cca-6a25122d474d:192.168.157.194:42206, 3aea292b-16fb-4e9b-be90-828afa8e8047:192.168.157.194:34569, a6b2ebfb-69a0-457c-b6cd-a50cc148b564:192.168.157.194:37298], old=null
2019-10-17 02:15:28,340 [b32d7882-88db-4fe6-9cca-6a25122d474d@group-896385CD49EE-LeaderElection477] INFO  impl.RaftServerImpl (RaftServerImpl.java:setRole(184)) - b32d7882-88db-4fe6-9cca-6a25122d474d@group-896385CD49EE: changes role from CANDIDATE to FOLLOWER at term 447 for DISCOVERED_A_NEW_TERM
2019-10-17 02:15:28,341 [b32d7882-88db-4fe6-9cca-6a25122d474d@group-896385CD49EE-LeaderElection477] INFO  impl.RoleInfo (RoleInfo.java:shutdownLeaderElection(134)) - b32d7882-88db-4fe6-9cca-6a25122d474d: shutdown LeaderElection
2019-10-17 02:15:28,341 [b32d7882-88db-4fe6-9cca-6a25122d474d@group-896385CD49EE-LeaderElection477] INFO  impl.RoleInfo (RoleInfo.java:updateAndGet(143)) - b32d7882-88db-4fe6-9cca-6a25122d474d: start FollowerState
2019-10-17 02:15:28,447 [Thread-4062] INFO  impl.FollowerState (FollowerState.java:run(108)) - b32d7882-88db-4fe6-9cca-6a25122d474d@group-896385CD49EE-FollowerState: change to CANDIDATE, lastRpcTime:106ms, electionTimeout:106ms
2019-10-17 02:15:28,447 [Thread-4062] INFO  impl.RoleInfo (RoleInfo.java:shutdownFollowerState(121)) - b32d7882-88db-4fe6-9cca-6a25122d474d: shutdown FollowerState
2019-10-17 02:15:28,447 [Thread-4062] INFO  impl.RaftServerImpl (RaftServerImpl.java:setRole(184)) - b32d7882-88db-4fe6-9cca-6a25122d474d@group-896385CD49EE: changes role from  FOLLOWER to CANDIDATE at term 447 for changeToCandidate
2019-10-17 02:15:28,447 [Thread-4062] INFO  impl.RoleInfo (RoleInfo.java:updateAndGet(143)) - b32d7882-88db-4fe6-9cca-6a25122d474d: start LeaderElection
2019-10-17 02:15:28,461 [b32d7882-88db-4fe6-9cca-6a25122d474d@group-896385CD49EE-LeaderElection478] INFO  impl.LeaderElection (LeaderElection.java:askForVotes(178)) - b32d7882-88db-4fe6-9cca-6a25122d474d@group-896385CD49EE-LeaderElection478: begin an election at term 448 for -1: [b32d7882-88db-4fe6-9cca-6a25122d474d:192.168.157.194:42206, 3aea292b-16fb-4e9b-be90-828afa8e8047:192.168.157.194:34569, a6b2ebfb-69a0-457c-b6cd-a50cc148b564:192.168.157.194:37298], old=null
2019-10-17 02:15:28,462 [grpc-default-executor-0] INFO  impl.RaftServerImpl (RaftServerImpl.java:setRole(184)) - a6b2ebfb-69a0-457c-b6cd-a50cc148b564@group-896385CD49EE: changes role from  FOLLOWER to FOLLOWER at term 448 for recognizeCandidate:b32d7882-88db-4fe6-9cca-6a25122d474d
2019-10-17 02:15:28,462 [grpc-default-executor-0] INFO  impl.RoleInfo (RoleInfo.java:shutdownFollowerState(121)) - a6b2ebfb-69a0-457c-b6cd-a50cc148b564: shutdown FollowerState
2019-10-17 02:15:28,462 [grpc-default-executor-1] INFO  impl.RaftServerImpl (RaftServerImpl.java:setRole(184)) - 3aea292b-16fb-4e9b-be90-828afa8e8047@group-896385CD49EE: changes role from  FOLLOWER to FOLLOWER at term 448 for recognizeCandidate:b32d7882-88db-4fe6-9cca-6a25122d474d
2019-10-17 02:15:28,462 [grpc-default-executor-1] INFO  impl.RoleInfo (RoleInfo.java:shutdownFollowerState(121)) - 3aea292b-16fb-4e9b-be90-828afa8e8047: shutdown FollowerState
2019-10-17 02:15:28,462 [Thread-4060] INFO  impl.FollowerState (FollowerState.java:run(117)) - a6b2ebfb-69a0-457c-b6cd-a50cc148b564@group-896385CD49EE-FollowerState was interrupted: java.lang.InterruptedException: sleep interrupted
2019-10-17 02:15:28,462 [grpc-default-executor-0] INFO  impl.RoleInfo (RoleInfo.java:updateAndGet(143)) - a6b2ebfb-69a0-457c-b6cd-a50cc148b564: start FollowerState
2019-10-17 02:15:28,462 [Thread-4061] INFO  impl.FollowerState (FollowerState.java:run(117)) - 3aea292b-16fb-4e9b-be90-828afa8e8047@group-896385CD49EE-FollowerState was interrupted: java.lang.InterruptedException: sleep interrupted
2019-10-17 02:15:28,462 [grpc-default-executor-1] INFO  impl.RoleInfo (RoleInfo.java:updateAndGet(143)) - 3aea292b-16fb-4e9b-be90-828afa8e8047: start FollowerState
2019-10-17 02:15:28,477 [b32d7882-88db-4fe6-9cca-6a25122d474d@group-896385CD49EE-LeaderElection478] INFO  impl.LeaderElection (LeaderElection.java:logAndReturn(56)) - b32d7882-88db-4fe6-9cca-6a25122d474d@group-896385CD49EE-LeaderElection478: Election REJECTED; received 2 response(s) [b32d7882-88db-4fe6-9cca-6a25122d474d<-3aea292b-16fb-4e9b-be90-828afa8e8047#0:FAIL-t448, b32d7882-88db-4fe6-9cca-6a25122d474d<-a6b2ebfb-69a0-457c-b6cd-a50cc148b564#0:FAIL-t448] and 0 exception(s); b32d7882-88db-4fe6-9cca-6a25122d474d@group-896385CD49EE:t448, leader=null, voted=b32d7882-88db-4fe6-9cca-6a25122d474d, raftlog=b32d7882-88db-4fe6-9cca-6a25122d474d@group-896385CD49EE-SegmentedRaftLog:OPENED:c-1,f-1,i0, conf=-1: [b32d7882-88db-4fe6-9cca-6a25122d474d:192.168.157.194:42206, 3aea292b-16fb-4e9b-be90-828afa8e8047:192.168.157.194:34569, a6b2ebfb-69a0-457c-b6cd-a50cc148b564:192.168.157.194:37298], old=null
2019-10-17 02:15:28,477 [b32d7882-88db-4fe6-9cca-6a25122d474d@group-896385CD49EE-LeaderElection478] INFO  impl.RaftServerImpl (RaftServerImpl.java:setRole(184)) - b32d7882-88db-4fe6-9cca-6a25122d474d@group-896385CD49EE: changes role from CANDIDATE to FOLLOWER at term 448 for DISCOVERED_A_NEW_TERM
2019-10-17 02:15:28,477 [b32d7882-88db-4fe6-9cca-6a25122d474d@group-896385CD49EE-LeaderElection478] INFO  impl.RoleInfo (RoleInfo.java:shutdownLeaderElection(134)) - b32d7882-88db-4fe6-9cca-6a25122d474d: shutdown LeaderElection
2019-10-17 02:15:28,477 [b32d7882-88db-4fe6-9cca-6a25122d474d@group-896385CD49EE-LeaderElection478] INFO  impl.RoleInfo (RoleInfo.java:updateAndGet(143)) - b32d7882-88db-4fe6-9cca-6a25122d474d: start FollowerState
2019-10-17 02:15:28,502 [Thread-4068] INFO  impl.FollowerState (FollowerState.java:run(108)) - b32d7882-88db-4fe6-9cca-6a25122d474d@group-896385CD49EE-FollowerState: change to CANDIDATE, lastRpcTime:25ms, electionTimeout:25ms
2019-10-17 02:15:28,502 [Thread-4068] INFO  impl.RoleInfo (RoleInfo.java:shutdownFollowerState(121)) - b32d7882-88db-4fe6-9cca-6a25122d474d: shutdown FollowerState
2019-10-17 02:15:28,502 [Thread-4068] INFO  impl.RaftServerImpl (RaftServerImpl.java:setRole(184)) - b32d7882-88db-4fe6-9cca-6a25122d474d@group-896385CD49EE: changes role from  FOLLOWER to CANDIDATE at term 448 for changeToCandidate
2019-10-17 02:15:28,503 [Thread-4068] INFO  impl.RoleInfo (RoleInfo.java:updateAndGet(143)) - b32d7882-88db-4fe6-9cca-6a25122d474d: start LeaderElection
2019-10-17 02:15:28,515 [b32d7882-88db-4fe6-9cca-6a25122d474d@group-896385CD49EE-LeaderElection479] INFO  impl.LeaderElection (LeaderElection.java:askForVotes(178)) - b32d7882-88db-4fe6-9cca-6a25122d474d@group-896385CD49EE-LeaderElection479: begin an election at term 449 for -1: [b32d7882-88db-4fe6-9cca-6a25122d474d:192.168.157.194:42206, 3aea292b-16fb-4e9b-be90-828afa8e8047:192.168.157.194:34569, a6b2ebfb-69a0-457c-b6cd-a50cc148b564:192.168.157.194:37298], old=null
2019-10-17 02:15:28,516 [grpc-default-executor-0] INFO  impl.RaftServerImpl (RaftServerImpl.java:setRole(184)) - 3aea292b-16fb-4e9b-be90-828afa8e8047@group-896385CD49EE: changes role from  FOLLOWER to FOLLOWER at term 449 for recognizeCandidate:b32d7882-88db-4fe6-9cca-6a25122d474d
2019-10-17 02:15:28,516 [grpc-default-executor-0] INFO  impl.RoleInfo (RoleInfo.java:shutdownFollowerState(121)) - 3aea292b-16fb-4e9b-be90-828afa8e8047: shutdown FollowerState
2019-10-17 02:15:28,516 [grpc-default-executor-0] INFO  impl.RoleInfo (RoleInfo.java:updateAndGet(143)) - 3aea292b-16fb-4e9b-be90-828afa8e8047: start FollowerState
2019-10-17 02:15:28,517 [grpc-default-executor-1] INFO  impl.RaftServerImpl (RaftServerImpl.java:setRole(184)) - a6b2ebfb-69a0-457c-b6cd-a50cc148b564@group-896385CD49EE: changes role from  FOLLOWER to FOLLOWER at term 449 for recognizeCandidate:b32d7882-88db-4fe6-9cca-6a25122d474d
2019-10-17 02:15:28,516 [Thread-4067] INFO  impl.FollowerState (FollowerState.java:run(117)) - 3aea292b-16fb-4e9b-be90-828afa8e8047@group-896385CD49EE-FollowerState was interrupted: java.lang.InterruptedException: sleep interrupted
2019-10-17 02:15:28,517 [grpc-default-executor-1] INFO  impl.RoleInfo (RoleInfo.java:shutdownFollowerState(121)) - a6b2ebfb-69a0-457c-b6cd-a50cc148b564: shutdown FollowerState
2019-10-17 02:15:28,517 [grpc-default-executor-1] INFO  impl.RoleInfo (RoleInfo.java:updateAndGet(143)) - a6b2ebfb-69a0-457c-b6cd-a50cc148b564: start FollowerState
2019-10-17 02:15:28,517 [Thread-4066] INFO  impl.FollowerState (FollowerState.java:run(117)) - a6b2ebfb-69a0-457c-b6cd-a50cc148b564@group-896385CD49EE-FollowerState was interrupted: java.lang.InterruptedException: sleep interrupted
2019-10-17 02:15:28,531 [b32d7882-88db-4fe6-9cca-6a25122d474d@group-896385CD49EE-LeaderElection479] INFO  impl.LeaderElection (LeaderElection.java:logAndReturn(56)) - b32d7882-88db-4fe6-9cca-6a25122d474d@group-896385CD49EE-LeaderElection479: Election REJECTED; received 2 response(s) [b32d7882-88db-4fe6-9cca-6a25122d474d<-3aea292b-16fb-4e9b-be90-828afa8e8047#0:FAIL-t449, b32d7882-88db-4fe6-9cca-6a25122d474d<-a6b2ebfb-69a0-457c-b6cd-a50cc148b564#0:FAIL-t449] and 0 exception(s); b32d7882-88db-4fe6-9cca-6a25122d474d@group-896385CD49EE:t449, leader=null, voted=b32d7882-88db-4fe6-9cca-6a25122d474d, raftlog=b32d7882-88db-4fe6-9cca-6a25122d474d@group-896385CD49EE-SegmentedRaftLog:OPENED:c-1,f-1,i0, conf=-1: [b32d7882-88db-4fe6-9cca-6a25122d474d:192.168.157.194:42206, 3aea292b-16fb-4e9b-be90-828afa8e8047:192.168.157.194:34569, a6b2ebfb-69a0-457c-b6cd-a50cc148b564:192.168.157.194:37298], old=null
2019-10-17 02:15:28,531 [b32d7882-88db-4fe6-9cca-6a25122d474d@group-896385CD49EE-LeaderElection479] INFO  impl.RaftServerImpl (RaftServerImpl.java:setRole(184)) - b32d7882-88db-4fe6-9cca-6a25122d474d@group-896385CD49EE: changes role from CANDIDATE to FOLLOWER at term 449 for DISCOVERED_A_NEW_TERM
2019-10-17 02:15:28,531 [b32d7882-88db-4fe6-9cca-6a25122d474d@group-896385CD49EE-LeaderElection479] INFO  impl.RoleInfo (RoleInfo.java:shutdownLeaderElection(134)) - b32d7882-88db-4fe6-9cca-6a25122d474d: shutdown LeaderElection
2019-10-17 02:15:28,532 [b32d7882-88db-4fe6-9cca-6a25122d474d@group-896385CD49EE-LeaderElection479] INFO  impl.RoleInfo (RoleInfo.java:updateAndGet(143)) - b32d7882-88db-4fe6-9cca-6a25122d474d: start FollowerState
2019-10-17 02:15:28,585 [Thread-4074] INFO  impl.FollowerState (FollowerState.java:run(108)) - b32d7882-88db-4fe6-9cca-6a25122d474d@group-896385CD49EE-FollowerState: change to CANDIDATE, lastRpcTime:53ms, electionTimeout:53ms
2019-10-17 02:15:28,585 [Thread-4074] INFO  impl.RoleInfo (RoleInfo.java:shutdownFollowerState(121)) - b32d7882-88db-4fe6-9cca-6a25122d474d: shutdown FollowerState
2019-10-17 02:15:28,585 [Thread-4074] INFO  impl.RaftServerImpl (RaftServerImpl.java:setRole(184)) - b32d7882-88db-4fe6-9cca-6a25122d474d@group-896385CD49EE: changes role from  FOLLOWER to CANDIDATE at term 449 for changeToCandidate
2019-10-17 02:15:28,585 [Thread-4074] INFO  impl.RoleInfo (RoleInfo.java:updateAndGet(143)) - b32d7882-88db-4fe6-9cca-6a25122d474d: start LeaderElection
2019-10-17 02:15:28,598 [b32d7882-88db-4fe6-9cca-6a25122d474d@group-896385CD49EE-LeaderElection480] INFO  impl.LeaderElection (LeaderElection.java:askForVotes(178)) - b32d7882-88db-4fe6-9cca-6a25122d474d@group-896385CD49EE-LeaderElection480: begin an election at term 450 for -1: [b32d7882-88db-4fe6-9cca-6a25122d474d:192.168.157.194:42206, 3aea292b-16fb-4e9b-be90-828afa8e8047:192.168.157.194:34569, a6b2ebfb-69a0-457c-b6cd-a50cc148b564:192.168.157.194:37298], old=null
2019-10-17 02:15:28,600 [grpc-default-executor-1] INFO  impl.RaftServerImpl (RaftServerImpl.java:setRole(184)) - 3aea292b-16fb-4e9b-be90-828afa8e8047@group-896385CD49EE: changes role from  FOLLOWER to FOLLOWER at term 450 for recognizeCandidate:b32d7882-88db-4fe6-9cca-6a25122d474d
2019-10-17 02:15:28,600 [grpc-default-executor-1] INFO  impl.RoleInfo (RoleInfo.java:shutdownFollowerState(121)) - 3aea292b-16fb-4e9b-be90-828afa8e8047: shutdown FollowerState
2019-10-17 02:15:28,600 [grpc-default-executor-0] INFO  impl.RaftServerImpl (RaftServerImpl.java:setRole(184)) - a6b2ebfb-69a0-457c-b6cd-a50cc148b564@group-896385CD49EE: changes role from  FOLLOWER to FOLLOWER at term 450 for recognizeCandidate:b32d7882-88db-4fe6-9cca-6a25122d474d
2019-10-17 02:15:28,600 [grpc-default-executor-0] INFO  impl.RoleInfo (RoleInfo.java:shutdownFollowerState(121)) - a6b2ebfb-69a0-457c-b6cd-a50cc148b564: shutdown FollowerState
2019-10-17 02:15:28,600 [Thread-4072] INFO  impl.FollowerState (FollowerState.java:run(117)) - 3aea292b-16fb-4e9b-be90-828afa8e8047@group-896385CD49EE-FollowerState was interrupted: java.lang.InterruptedException: sleep interrupted
2019-10-17 02:15:28,600 [grpc-default-executor-1] INFO  impl.RoleInfo (RoleInfo.java:updateAndGet(143)) - 3aea292b-16fb-4e9b-be90-828afa8e8047: start FollowerState
2019-10-17 02:15:28,600 [grpc-default-executor-0] INFO  impl.RoleInfo (RoleInfo.java:updateAndGet(143)) - a6b2ebfb-69a0-457c-b6cd-a50cc148b564: start FollowerState
2019-10-17 02:15:28,600 [Thread-4073] INFO  impl.FollowerState (FollowerState.java:run(117)) - a6b2ebfb-69a0-457c-b6cd-a50cc148b564@group-896385CD49EE-FollowerState was interrupted: java.lang.InterruptedException: sleep interrupted
2019-10-17 02:15:28,642 [b32d7882-88db-4fe6-9cca-6a25122d474d@group-896385CD49EE-LeaderElection480] INFO  impl.LeaderElection (LeaderElection.java:logAndReturn(56)) - b32d7882-88db-4fe6-9cca-6a25122d474d@group-896385CD49EE-LeaderElection480: Election REJECTED; received 2 response(s) [b32d7882-88db-4fe6-9cca-6a25122d474d<-3aea292b-16fb-4e9b-be90-828afa8e8047#0:FAIL-t450, b32d7882-88db-4fe6-9cca-6a25122d474d<-a6b2ebfb-69a0-457c-b6cd-a50cc148b564#0:FAIL-t450] and 0 exception(s); b32d7882-88db-4fe6-9cca-6a25122d474d@group-896385CD49EE:t450, leader=null, voted=b32d7882-88db-4fe6-9cca-6a25122d474d, raftlog=b32d7882-88db-4fe6-9cca-6a25122d474d@group-896385CD49EE-SegmentedRaftLog:OPENED:c-1,f-1,i0, conf=-1: [b32d7882-88db-4fe6-9cca-6a25122d474d:192.168.157.194:42206, 3aea292b-16fb-4e9b-be90-828afa8e8047:192.168.157.194:34569, a6b2ebfb-69a0-457c-b6cd-a50cc148b564:192.168.157.194:37298], old=null
2019-10-17 02:15:28,642 [b32d7882-88db-4fe6-9cca-6a25122d474d@group-896385CD49EE-LeaderElection480] INFO  impl.RaftServerImpl (RaftServerImpl.java:setRole(184)) - b32d7882-88db-4fe6-9cca-6a25122d474d@group-896385CD49EE: changes role from CANDIDATE to FOLLOWER at term 450 for DISCOVERED_A_NEW_TERM
2019-10-17 02:15:28,642 [b32d7882-88db-4fe6-9cca-6a25122d474d@group-896385CD49EE-LeaderElection480] INFO  impl.RoleInfo (RoleInfo.java:shutdownLeaderElection(134)) - b32d7882-88db-4fe6-9cca-6a25122d474d: shutdown LeaderElection
2019-10-17 02:15:28,642 [b32d7882-88db-4fe6-9cca-6a25122d474d@group-896385CD49EE-LeaderElection480] INFO  impl.RoleInfo (RoleInfo.java:updateAndGet(143)) - b32d7882-88db-4fe6-9cca-6a25122d474d: start FollowerState
2019-10-17 02:15:28,824 [Thread-4080] INFO  impl.FollowerState (FollowerState.java:run(108)) - b32d7882-88db-4fe6-9cca-6a25122d474d@group-896385CD49EE-FollowerState: change to CANDIDATE, lastRpcTime:182ms, electionTimeout:182ms
2019-10-17 02:15:28,824 [Thread-4080] INFO  impl.RoleInfo (RoleInfo.java:shutdownFollowerState(121)) - b32d7882-88db-4fe6-9cca-6a25122d474d: shutdown FollowerState
2019-10-17 02:15:28,824 [Thread-4080] INFO  impl.RaftServerImpl (RaftServerImpl.java:setRole(184)) - b32d7882-88db-4fe6-9cca-6a25122d474d@group-896385CD49EE: changes role from  FOLLOWER to CANDIDATE at term 450 for changeToCandidate
2019-10-17 02:15:28,825 [Thread-4080] INFO  impl.RoleInfo (RoleInfo.java:updateAndGet(143)) - b32d7882-88db-4fe6-9cca-6a25122d474d: start LeaderElection
2019-10-17 02:15:28,837 [b32d7882-88db-4fe6-9cca-6a25122d474d@group-896385CD49EE-LeaderElection481] INFO  impl.LeaderElection (LeaderElection.java:askForVotes(178)) - b32d7882-88db-4fe6-9cca-6a25122d474d@group-896385CD49EE-LeaderElection481: begin an election at term 451 for -1: [b32d7882-88db-4fe6-9cca-6a25122d474d:192.168.157.194:42206, 3aea292b-16fb-4e9b-be90-828afa8e8047:192.168.157.194:34569, a6b2ebfb-69a0-457c-b6cd-a50cc148b564:192.168.157.194:37298], old=null
2019-10-17 02:15:28,839 [grpc-default-executor-0] INFO  impl.RaftServerImpl (RaftServerImpl.java:setRole(184)) - a6b2ebfb-69a0-457c-b6cd-a50cc148b564@group-896385CD49EE: changes role from  FOLLOWER to FOLLOWER at term 451 for recognizeCandidate:b32d7882-88db-4fe6-9cca-6a25122d474d
2019-10-17 02:15:28,839 [grpc-default-executor-0] INFO  impl.RoleInfo (RoleInfo.java:shutdownFollowerState(121)) - a6b2ebfb-69a0-457c-b6cd-a50cc148b564: shutdown FollowerState
2019-10-17 02:15:28,839 [grpc-default-executor-0] INFO  impl.RoleInfo (RoleInfo.java:updateAndGet(143)) - a6b2ebfb-69a0-457c-b6cd-a50cc148b564: start FollowerState
2019-10-17 02:15:28,839 [grpc-default-executor-1] INFO  impl.RaftServerImpl (RaftServerImpl.java:setRole(184)) - 3aea292b-16fb-4e9b-be90-828afa8e8047@group-896385CD49EE: changes role from  FOLLOWER to FOLLOWER at term 451 for recognizeCandidate:b32d7882-88db-4fe6-9cca-6a25122d474d
2019-10-17 02:15:28,839 [grpc-default-executor-1] INFO  impl.RoleInfo (RoleInfo.java:shutdownFollowerState(121)) - 3aea292b-16fb-4e9b-be90-828afa8e8047: shutdown FollowerState
2019-10-17 02:15:28,839 [Thread-4079] INFO  impl.FollowerState (FollowerState.java:run(117)) - a6b2ebfb-69a0-457c-b6cd-a50cc148b564@group-896385CD49EE-FollowerState was interrupted: java.lang.InterruptedException: sleep interrupted
2019-10-17 02:15:28,839 [grpc-default-executor-1] INFO  impl.RoleInfo (RoleInfo.java:updateAndGet(143)) - 3aea292b-16fb-4e9b-be90-828afa8e8047: start FollowerState
2019-10-17 02:15:28,839 [Thread-4078] INFO  impl.FollowerState (FollowerState.java:run(117)) - 3aea292b-16fb-4e9b-be90-828afa8e8047@group-896385CD49EE-FollowerState was interrupted: java.lang.InterruptedException: sleep interrupted
2019-10-17 02:15:28,857 [b32d7882-88db-4fe6-9cca-6a25122d474d@group-896385CD49EE-LeaderElection481] INFO  impl.LeaderElection (LeaderElection.java:logAndReturn(56)) - b32d7882-88db-4fe6-9cca-6a25122d474d@group-896385CD49EE-LeaderElection481: Election REJECTED; received 2 response(s) [b32d7882-88db-4fe6-9cca-6a25122d474d<-3aea292b-16fb-4e9b-be90-828afa8e8047#0:FAIL-t451, b32d7882-88db-4fe6-9cca-6a25122d474d<-a6b2ebfb-69a0-457c-b6cd-a50cc148b564#0:FAIL-t451] and 0 exception(s); b32d7882-88db-4fe6-9cca-6a25122d474d@group-896385CD49EE:t451, leader=null, voted=b32d7882-88db-4fe6-9cca-6a25122d474d, raftlog=b32d7882-88db-4fe6-9cca-6a25122d474d@group-896385CD49EE-SegmentedRaftLog:OPENED:c-1,f-1,i0, conf=-1: [b32d7882-88db-4fe6-9cca-6a25122d474d:192.168.157.194:42206, 3aea292b-16fb-4e9b-be90-828afa8e8047:192.168.157.194:34569, a6b2ebfb-69a0-457c-b6cd-a50cc148b564:192.168.157.194:37298], old=null
2019-10-17 02:15:28,857 [b32d7882-88db-4fe6-9cca-6a25122d474d@group-896385CD49EE-LeaderElection481] INFO  impl.RaftServerImpl (RaftServerImpl.java:setRole(184)) - b32d7882-88db-4fe6-9cca-6a25122d474d@group-896385CD49EE: changes role from CANDIDATE to FOLLOWER at term 451 for DISCOVERED_A_NEW_TERM
2019-10-17 02:15:28,857 [b32d7882-88db-4fe6-9cca-6a25122d474d@group-896385CD49EE-LeaderElection481] INFO  impl.RoleInfo (RoleInfo.java:shutdownLeaderElection(134)) - b32d7882-88db-4fe6-9cca-6a25122d474d: shutdown LeaderElection
2019-10-17 02:15:28,858 [b32d7882-88db-4fe6-9cca-6a25122d474d@group-896385CD49EE-LeaderElection481] INFO  impl.RoleInfo (RoleInfo.java:updateAndGet(143)) - b32d7882-88db-4fe6-9cca-6a25122d474d: start FollowerState
2019-10-17 02:15:28,902 [Thread-4086] INFO  impl.FollowerState (FollowerState.java:run(108)) - b32d7882-88db-4fe6-9cca-6a25122d474d@group-896385CD49EE-FollowerState: change to CANDIDATE, lastRpcTime:44ms, electionTimeout:44ms
2019-10-17 02:15:28,902 [Thread-4086] INFO  impl.RoleInfo (RoleInfo.java:shutdownFollowerState(121)) - b32d7882-88db-4fe6-9cca-6a25122d474d: shutdown FollowerState
2019-10-17 02:15:28,902 [Thread-4086] INFO  impl.RaftServerImpl (RaftServerImpl.java:setRole(184)) - b32d7882-88db-4fe6-9cca-6a25122d474d@group-896385CD49EE: changes role from  FOLLOWER to CANDIDATE at term 451 for changeToCandidate
2019-10-17 02:15:28,902 [Thread-4086] INFO  impl.RoleInfo (RoleInfo.java:updateAndGet(143)) - b32d7882-88db-4fe6-9cca-6a25122d474d: start LeaderElection
2019-10-17 02:15:28,915 [b32d7882-88db-4fe6-9cca-6a25122d474d@group-896385CD49EE-LeaderElection482] INFO  impl.LeaderElection (LeaderElection.java:askForVotes(178)) - b32d7882-88db-4fe6-9cca-6a25122d474d@group-896385CD49EE-LeaderElection482: begin an election at term 452 for -1: [b32d7882-88db-4fe6-9cca-6a25122d474d:192.168.157.194:42206, 3aea292b-16fb-4e9b-be90-828afa8e8047:192.168.157.194:34569, a6b2ebfb-69a0-457c-b6cd-a50cc148b564:192.168.157.194:37298], old=null
2019-10-17 02:15:28,916 [grpc-default-executor-1] INFO  impl.RaftServerImpl (RaftServerImpl.java:setRole(184)) - 3aea292b-16fb-4e9b-be90-828afa8e8047@group-896385CD49EE: changes role from  FOLLOWER to FOLLOWER at term 452 for recognizeCandidate:b32d7882-88db-4fe6-9cca-6a25122d474d
2019-10-17 02:15:28,916 [grpc-default-executor-1] INFO  impl.RoleInfo (RoleInfo.java:shutdownFollowerState(121)) - 3aea292b-16fb-4e9b-be90-828afa8e8047: shutdown FollowerState
2019-10-17 02:15:28,916 [grpc-default-executor-0] INFO  impl.RaftServerImpl (RaftServerImpl.java:setRole(184)) - a6b2ebfb-69a0-457c-b6cd-a50cc148b564@group-896385CD49EE: changes role from  FOLLOWER to FOLLOWER at term 452 for recognizeCandidate:b32d7882-88db-4fe6-9cca-6a25122d474d
2019-10-17 02:15:28,917 [grpc-default-executor-0] INFO  impl.RoleInfo (RoleInfo.java:shutdownFollowerState(121)) - a6b2ebfb-69a0-457c-b6cd-a50cc148b564: shutdown FollowerState
2019-10-17 02:15:28,917 [grpc-default-executor-1] INFO  impl.RoleInfo (RoleInfo.java:updateAndGet(143)) - 3aea292b-16fb-4e9b-be90-828afa8e8047: start FollowerState
2019-10-17 02:15:28,917 [Thread-4085] INFO  impl.FollowerState (FollowerState.java:run(117)) - 3aea292b-16fb-4e9b-be90-828afa8e8047@group-896385CD49EE-FollowerState was interrupted: java.lang.InterruptedException: sleep interrupted
2019-10-17 02:15:28,917 [grpc-default-executor-0] INFO  impl.RoleInfo (RoleInfo.java:updateAndGet(143)) - a6b2ebfb-69a0-457c-b6cd-a50cc148b564: start FollowerState
2019-10-17 02:15:28,917 [Thread-4084] INFO  impl.FollowerState (FollowerState.java:run(117)) - a6b2ebfb-69a0-457c-b6cd-a50cc148b564@group-896385CD49EE-FollowerState was interrupted: java.lang.InterruptedException: sleep interrupted
2019-10-17 02:15:28,931 [b32d7882-88db-4fe6-9cca-6a25122d474d@group-896385CD49EE-LeaderElection482] INFO  impl.LeaderElection (LeaderElection.java:logAndReturn(56)) - b32d7882-88db-4fe6-9cca-6a25122d474d@group-896385CD49EE-LeaderElection482: Election REJECTED; received 2 response(s) [b32d7882-88db-4fe6-9cca-6a25122d474d<-3aea292b-16fb-4e9b-be90-828afa8e8047#0:FAIL-t452, b32d7882-88db-4fe6-9cca-6a25122d474d<-a6b2ebfb-69a0-457c-b6cd-a50cc148b564#0:FAIL-t452] and 0 exception(s); b32d7882-88db-4fe6-9cca-6a25122d474d@group-896385CD49EE:t452, leader=null, voted=b32d7882-88db-4fe6-9cca-6a25122d474d, raftlog=b32d7882-88db-4fe6-9cca-6a25122d474d@group-896385CD49EE-SegmentedRaftLog:OPENED:c-1,f-1,i0, conf=-1: [b32d7882-88db-4fe6-9cca-6a25122d474d:192.168.157.194:42206, 3aea292b-16fb-4e9b-be90-828afa8e8047:192.168.157.194:34569, a6b2ebfb-69a0-457c-b6cd-a50cc148b564:192.168.157.194:37298], old=null
2019-10-17 02:15:28,931 [b32d7882-88db-4fe6-9cca-6a25122d474d@group-896385CD49EE-LeaderElection482] INFO  impl.RaftServerImpl (RaftServerImpl.java:setRole(184)) - b32d7882-88db-4fe6-9cca-6a25122d474d@group-896385CD49EE: changes role from CANDIDATE to FOLLOWER at term 452 for DISCOVERED_A_NEW_TERM
2019-10-17 02:15:28,931 [b32d7882-88db-4fe6-9cca-6a25122d474d@group-896385CD49EE-LeaderElection482] INFO  impl.RoleInfo (RoleInfo.java:shutdownLeaderElection(134)) - b32d7882-88db-4fe6-9cca-6a25122d474d: shutdown LeaderElection
2019-10-17 02:15:28,932 [b32d7882-88db-4fe6-9cca-6a25122d474d@group-896385CD49EE-LeaderElection482] INFO  impl.RoleInfo (RoleInfo.java:updateAndGet(143)) - b32d7882-88db-4fe6-9cca-6a25122d474d: start FollowerState
2019-10-17 02:15:29,131 [Thread-4092] INFO  impl.FollowerState (FollowerState.java:run(108)) - b32d7882-88db-4fe6-9cca-6a25122d474d@group-896385CD49EE-FollowerState: change to CANDIDATE, lastRpcTime:199ms, electionTimeout:199ms
2019-10-17 02:15:29,131 [Thread-4092] INFO  impl.RoleInfo (RoleInfo.java:shutdownFollowerState(121)) - b32d7882-88db-4fe6-9cca-6a25122d474d: shutdown FollowerState
2019-10-17 02:15:29,131 [Thread-4092] INFO  impl.RaftServerImpl (RaftServerImpl.java:setRole(184)) - b32d7882-88db-4fe6-9cca-6a25122d474d@group-896385CD49EE: changes role from  FOLLOWER to CANDIDATE at term 452 for changeToCandidate
2019-10-17 02:15:29,131 [Thread-4092] INFO  impl.RoleInfo (RoleInfo.java:updateAndGet(143)) - b32d7882-88db-4fe6-9cca-6a25122d474d: start LeaderElection
2019-10-17 02:15:29,145 [b32d7882-88db-4fe6-9cca-6a25122d474d@group-896385CD49EE-LeaderElection483] INFO  impl.LeaderElection (LeaderElection.java:askForVotes(178)) - b32d7882-88db-4fe6-9cca-6a25122d474d@group-896385CD49EE-LeaderElection483: begin an election at term 453 for -1: [b32d7882-88db-4fe6-9cca-6a25122d474d:192.168.157.194:42206, 3aea292b-16fb-4e9b-be90-828afa8e8047:192.168.157.194:34569, a6b2ebfb-69a0-457c-b6cd-a50cc148b564:192.168.157.194:37298], old=null
2019-10-17 02:15:29,147 [grpc-default-executor-1] INFO  impl.RaftServerImpl (RaftServerImpl.java:setRole(184)) - 3aea292b-16fb-4e9b-be90-828afa8e8047@group-896385CD49EE: changes role from  FOLLOWER to FOLLOWER at term 453 for recognizeCandidate:b32d7882-88db-4fe6-9cca-6a25122d474d
2019-10-17 02:15:29,147 [grpc-default-executor-1] INFO  impl.RoleInfo (RoleInfo.java:shutdownFollowerState(121)) - 3aea292b-16fb-4e9b-be90-828afa8e8047: shutdown FollowerState
2019-10-17 02:15:29,147 [grpc-default-executor-1] INFO  impl.RoleInfo (RoleInfo.java:updateAndGet(143)) - 3aea292b-16fb-4e9b-be90-828afa8e8047: start FollowerState
2019-10-17 02:15:29,147 [Thread-4090] INFO  impl.FollowerState (FollowerState.java:run(117)) - 3aea292b-16fb-4e9b-be90-828afa8e8047@group-896385CD49EE-FollowerState was interrupted: java.lang.InterruptedException: sleep interrupted
2019-10-17 02:15:29,160 [grpc-default-executor-0] INFO  impl.RaftServerImpl (RaftServerImpl.java:setRole(184)) - a6b2ebfb-69a0-457c-b6cd-a50cc148b564@group-896385CD49EE: changes role from  FOLLOWER to FOLLOWER at term 453 for recognizeCandidate:b32d7882-88db-4fe6-9cca-6a25122d474d
2019-10-17 02:15:29,160 [grpc-default-executor-0] INFO  impl.RoleInfo (RoleInfo.java:shutdownFollowerState(121)) - a6b2ebfb-69a0-457c-b6cd-a50cc148b564: shutdown FollowerState
2019-10-17 02:15:29,160 [grpc-default-executor-0] INFO  impl.RoleInfo (RoleInfo.java:updateAndGet(143)) - a6b2ebfb-69a0-457c-b6cd-a50cc148b564: start FollowerState
2019-10-17 02:15:29,160 [Thread-4091] INFO  impl.FollowerState (FollowerState.java:run(117)) - a6b2ebfb-69a0-457c-b6cd-a50cc148b564@group-896385CD49EE-FollowerState was interrupted: java.lang.InterruptedException: sleep interrupted
2019-10-17 02:15:29,173 [b32d7882-88db-4fe6-9cca-6a25122d474d@group-896385CD49EE-LeaderElection483] INFO  impl.LeaderElection (LeaderElection.java:logAndReturn(56)) - b32d7882-88db-4fe6-9cca-6a25122d474d@group-896385CD49EE-LeaderElection483: Election REJECTED; received 2 response(s) [b32d7882-88db-4fe6-9cca-6a25122d474d<-3aea292b-16fb-4e9b-be90-828afa8e8047#0:FAIL-t453, b32d7882-88db-4fe6-9cca-6a25122d474d<-a6b2ebfb-69a0-457c-b6cd-a50cc148b564#0:FAIL-t453] and 0 exception(s); b32d7882-88db-4fe6-9cca-6a25122d474d@group-896385CD49EE:t453, leader=null, voted=b32d7882-88db-4fe6-9cca-6a25122d474d, raftlog=b32d7882-88db-4fe6-9cca-6a25122d474d@group-896385CD49EE-SegmentedRaftLog:OPENED:c-1,f-1,i0, conf=-1: [b32d7882-88db-4fe6-9cca-6a25122d474d:192.168.157.194:42206, 3aea292b-16fb-4e9b-be90-828afa8e8047:192.168.157.194:34569, a6b2ebfb-69a0-457c-b6cd-a50cc148b564:192.168.157.194:37298], old=null
2019-10-17 02:15:29,173 [b32d7882-88db-4fe6-9cca-6a25122d474d@group-896385CD49EE-LeaderElection483] INFO  impl.RaftServerImpl (RaftServerImpl.java:setRole(184)) - b32d7882-88db-4fe6-9cca-6a25122d474d@group-896385CD49EE: changes role from CANDIDATE to FOLLOWER at term 453 for DISCOVERED_A_NEW_TERM
2019-10-17 02:15:29,173 [b32d7882-88db-4fe6-9cca-6a25122d474d@group-896385CD49EE-LeaderElection483] INFO  impl.RoleInfo (RoleInfo.java:shutdownLeaderElection(134)) - b32d7882-88db-4fe6-9cca-6a25122d474d: shutdown LeaderElection
2019-10-17 02:15:29,173 [b32d7882-88db-4fe6-9cca-6a25122d474d@group-896385CD49EE-LeaderElection483] INFO  impl.RoleInfo (RoleInfo.java:updateAndGet(143)) - b32d7882-88db-4fe6-9cca-6a25122d474d: start FollowerState
2019-10-17 02:15:29,340 [Thread-4098] INFO  impl.FollowerState (FollowerState.java:run(108)) - b32d7882-88db-4fe6-9cca-6a25122d474d@group-896385CD49EE-FollowerState: change to CANDIDATE, lastRpcTime:166ms, electionTimeout:166ms
2019-10-17 02:15:29,340 [Thread-4098] INFO  impl.RoleInfo (RoleInfo.java:shutdownFollowerState(121)) - b32d7882-88db-4fe6-9cca-6a25122d474d: shutdown FollowerState
2019-10-17 02:15:29,340 [Thread-4098] INFO  impl.RaftServerImpl (RaftServerImpl.java:setRole(184)) - b32d7882-88db-4fe6-9cca-6a25122d474d@group-896385CD49EE: changes role from  FOLLOWER to CANDIDATE at term 453 for changeToCandidate
2019-10-17 02:15:29,340 [Thread-4098] INFO  impl.RoleInfo (RoleInfo.java:updateAndGet(143)) - b32d7882-88db-4fe6-9cca-6a25122d474d: start LeaderElection
2019-10-17 02:15:29,372 [b32d7882-88db-4fe6-9cca-6a25122d474d@group-896385CD49EE-LeaderElection484] INFO  impl.LeaderElection (LeaderElection.java:askForVotes(178)) - b32d7882-88db-4fe6-9cca-6a25122d474d@group-896385CD49EE-LeaderElection484: begin an election at term 454 for -1: [b32d7882-88db-4fe6-9cca-6a25122d474d:192.168.157.194:42206, 3aea292b-16fb-4e9b-be90-828afa8e8047:192.168.157.194:34569, a6b2ebfb-69a0-457c-b6cd-a50cc148b564:192.168.157.194:37298], old=null
2019-10-17 02:15:29,374 [grpc-default-executor-0] INFO  impl.RaftServerImpl (RaftServerImpl.java:setRole(184)) - 3aea292b-16fb-4e9b-be90-828afa8e8047@group-896385CD49EE: changes role from  FOLLOWER to FOLLOWER at term 454 for recognizeCandidate:b32d7882-88db-4fe6-9cca-6a25122d474d
2019-10-17 02:15:29,374 [grpc-default-executor-0] INFO  impl.RoleInfo (RoleInfo.java:shutdownFollowerState(121)) - 3aea292b-16fb-4e9b-be90-828afa8e8047: shutdown FollowerState
2019-10-17 02:15:29,374 [grpc-default-executor-1] INFO  impl.RaftServerImpl (RaftServerImpl.java:setRole(184)) - a6b2ebfb-69a0-457c-b6cd-a50cc148b564@group-896385CD49EE: changes role from  FOLLOWER to FOLLOWER at term 454 for recognizeCandidate:b32d7882-88db-4fe6-9cca-6a25122d474d
2019-10-17 02:15:29,374 [grpc-default-executor-1] INFO  impl.RoleInfo (RoleInfo.java:shutdownFollowerState(121)) - a6b2ebfb-69a0-457c-b6cd-a50cc148b564: shutdown FollowerState
2019-10-17 02:15:29,374 [grpc-default-executor-0] INFO  impl.RoleInfo (RoleInfo.java:updateAndGet(143)) - 3aea292b-16fb-4e9b-be90-828afa8e8047: start FollowerState
2019-10-17 02:15:29,374 [Thread-4096] INFO  impl.FollowerState (FollowerState.java:run(117)) - 3aea292b-16fb-4e9b-be90-828afa8e8047@group-896385CD49EE-FollowerState was interrupted: java.lang.InterruptedException: sleep interrupted
2019-10-17 02:15:29,374 [grpc-default-executor-1] INFO  impl.RoleInfo (RoleInfo.java:updateAndGet(143)) - a6b2ebfb-69a0-457c-b6cd-a50cc148b564: start FollowerState
2019-10-17 02:15:29,374 [Thread-4097] INFO  impl.FollowerState (FollowerState.java:run(117)) - a6b2ebfb-69a0-457c-b6cd-a50cc148b564@group-896385CD49EE-FollowerState was interrupted: java.lang.InterruptedException: sleep interrupted
2019-10-17 02:15:29,386 [b32d7882-88db-4fe6-9cca-6a25122d474d@group-896385CD49EE-LeaderElection484] INFO  impl.LeaderElection (LeaderElection.java:logAndReturn(56)) - b32d7882-88db-4fe6-9cca-6a25122d474d@group-896385CD49EE-LeaderElection484: Election REJECTED; received 2 response(s) [b32d7882-88db-4fe6-9cca-6a25122d474d<-3aea292b-16fb-4e9b-be90-828afa8e8047#0:FAIL-t454, b32d7882-88db-4fe6-9cca-6a25122d474d<-a6b2ebfb-69a0-457c-b6cd-a50cc148b564#0:FAIL-t454] and 0 exception(s); b32d7882-88db-4fe6-9cca-6a25122d474d@group-896385CD49EE:t454, leader=null, voted=b32d7882-88db-4fe6-9cca-6a25122d474d, raftlog=b32d7882-88db-4fe6-9cca-6a25122d474d@group-896385CD49EE-SegmentedRaftLog:OPENED:c-1,f-1,i0, conf=-1: [b32d7882-88db-4fe6-9cca-6a25122d474d:192.168.157.194:42206, 3aea292b-16fb-4e9b-be90-828afa8e8047:192.168.157.194:34569, a6b2ebfb-69a0-457c-b6cd-a50cc148b564:192.168.157.194:37298], old=null
2019-10-17 02:15:29,387 [b32d7882-88db-4fe6-9cca-6a25122d474d@group-896385CD49EE-LeaderElection484] INFO  impl.RaftServerImpl (RaftServerImpl.java:setRole(184)) - b32d7882-88db-4fe6-9cca-6a25122d474d@group-896385CD49EE: changes role from CANDIDATE to FOLLOWER at term 454 for DISCOVERED_A_NEW_TERM
2019-10-17 02:15:29,387 [b32d7882-88db-4fe6-9cca-6a25122d474d@group-896385CD49EE-LeaderElection484] INFO  impl.RoleInfo (RoleInfo.java:shutdownLeaderElection(134)) - b32d7882-88db-4fe6-9cca-6a25122d474d: shutdown LeaderElection
2019-10-17 02:15:29,387 [b32d7882-88db-4fe6-9cca-6a25122d474d@group-896385CD49EE-LeaderElection484] INFO  impl.RoleInfo (RoleInfo.java:updateAndGet(143)) - b32d7882-88db-4fe6-9cca-6a25122d474d: start FollowerState
2019-10-17 02:15:29,571 [Thread-4104] INFO  impl.FollowerState (FollowerState.java:run(108)) - b32d7882-88db-4fe6-9cca-6a25122d474d@group-896385CD49EE-FollowerState: change to CANDIDATE, lastRpcTime:184ms, electionTimeout:184ms
2019-10-17 02:15:29,571 [Thread-4104] INFO  impl.RoleInfo (RoleInfo.java:shutdownFollowerState(121)) - b32d7882-88db-4fe6-9cca-6a25122d474d: shutdown FollowerState
2019-10-17 02:15:29,571 [Thread-4104] INFO  impl.RaftServerImpl (RaftServerImpl.java:setRole(184)) - b32d7882-88db-4fe6-9cca-6a25122d474d@group-896385CD49EE: changes role from  FOLLOWER to CANDIDATE at term 454 for changeToCandidate
2019-10-17 02:15:29,572 [Thread-4104] INFO  impl.RoleInfo (RoleInfo.java:updateAndGet(143)) - b32d7882-88db-4fe6-9cca-6a25122d474d: start LeaderElection
2019-10-17 02:15:29,585 [b32d7882-88db-4fe6-9cca-6a25122d474d@group-896385CD49EE-LeaderElection485] INFO  impl.LeaderElection (LeaderElection.java:askForVotes(178)) - b32d7882-88db-4fe6-9cca-6a25122d474d@group-896385CD49EE-LeaderElection485: begin an election at term 455 for -1: [b32d7882-88db-4fe6-9cca-6a25122d474d:192.168.157.194:42206, 3aea292b-16fb-4e9b-be90-828afa8e8047:192.168.157.194:34569, a6b2ebfb-69a0-457c-b6cd-a50cc148b564:192.168.157.194:37298], old=null
2019-10-17 02:15:29,587 [grpc-default-executor-1] INFO  impl.RaftServerImpl (RaftServerImpl.java:setRole(184)) - 3aea292b-16fb-4e9b-be90-828afa8e8047@group-896385CD49EE: changes role from  FOLLOWER to FOLLOWER at term 455 for recognizeCandidate:b32d7882-88db-4fe6-9cca-6a25122d474d
2019-10-17 02:15:29,587 [grpc-default-executor-1] INFO  impl.RoleInfo (RoleInfo.java:shutdownFollowerState(121)) - 3aea292b-16fb-4e9b-be90-828afa8e8047: shutdown FollowerState
2019-10-17 02:15:29,587 [grpc-default-executor-0] INFO  impl.RaftServerImpl (RaftServerImpl.java:setRole(184)) - a6b2ebfb-69a0-457c-b6cd-a50cc148b564@group-896385CD49EE: changes role from  FOLLOWER to FOLLOWER at term 455 for recognizeCandidate:b32d7882-88db-4fe6-9cca-6a25122d474d
2019-10-17 02:15:29,587 [grpc-default-executor-0] INFO  impl.RoleInfo (RoleInfo.java:shutdownFollowerState(121)) - a6b2ebfb-69a0-457c-b6cd-a50cc148b564: shutdown FollowerState
2019-10-17 02:15:29,587 [Thread-4102] INFO  impl.FollowerState (FollowerState.java:run(117)) - 3aea292b-16fb-4e9b-be90-828afa8e8047@group-896385CD49EE-FollowerState was interrupted: java.lang.InterruptedException: sleep interrupted
2019-10-17 02:15:29,587 [grpc-default-executor-1] INFO  impl.RoleInfo (RoleInfo.java:updateAndGet(143)) - 3aea292b-16fb-4e9b-be90-828afa8e8047: start FollowerState
2019-10-17 02:15:29,587 [Thread-4103] INFO  impl.FollowerState (FollowerState.java:run(117)) - a6b2ebfb-69a0-457c-b6cd-a50cc148b564@group-896385CD49EE-FollowerState was interrupted: java.lang.InterruptedException: sleep interrupted
2019-10-17 02:15:29,587 [grpc-default-executor-0] INFO  impl.RoleInfo (RoleInfo.java:updateAndGet(143)) - a6b2ebfb-69a0-457c-b6cd-a50cc148b564: start FollowerState
2019-10-17 02:15:29,601 [b32d7882-88db-4fe6-9cca-6a25122d474d@group-896385CD49EE-LeaderElection485] INFO  impl.LeaderElection (LeaderElection.java:logAndReturn(56)) - b32d7882-88db-4fe6-9cca-6a25122d474d@group-896385CD49EE-LeaderElection485: Election REJECTED; received 2 response(s) [b32d7882-88db-4fe6-9cca-6a25122d474d<-3aea292b-16fb-4e9b-be90-828afa8e8047#0:FAIL-t455, b32d7882-88db-4fe6-9cca-6a25122d474d<-a6b2ebfb-69a0-457c-b6cd-a50cc148b564#0:FAIL-t455] and 0 exception(s); b32d7882-88db-4fe6-9cca-6a25122d474d@group-896385CD49EE:t455, leader=null, voted=b32d7882-88db-4fe6-9cca-6a25122d474d, raftlog=b32d7882-88db-4fe6-9cca-6a25122d474d@group-896385CD49EE-SegmentedRaftLog:OPENED:c-1,f-1,i0, conf=-1: [b32d7882-88db-4fe6-9cca-6a25122d474d:192.168.157.194:42206, 3aea292b-16fb-4e9b-be90-828afa8e8047:192.168.157.194:34569, a6b2ebfb-69a0-457c-b6cd-a50cc148b564:192.168.157.194:37298], old=null
2019-10-17 02:15:29,601 [b32d7882-88db-4fe6-9cca-6a25122d474d@group-896385CD49EE-LeaderElection485] INFO  impl.RaftServerImpl (RaftServerImpl.java:setRole(184)) - b32d7882-88db-4fe6-9cca-6a25122d474d@group-896385CD49EE: changes role from CANDIDATE to FOLLOWER at term 455 for DISCOVERED_A_NEW_TERM
2019-10-17 02:15:29,601 [b32d7882-88db-4fe6-9cca-6a25122d474d@group-896385CD49EE-LeaderElection485] INFO  impl.RoleInfo (RoleInfo.java:shutdownLeaderElection(134)) - b32d7882-88db-4fe6-9cca-6a25122d474d: shutdown LeaderElection
2019-10-17 02:15:29,601 [b32d7882-88db-4fe6-9cca-6a25122d474d@group-896385CD49EE-LeaderElection485] INFO  impl.RoleInfo (RoleInfo.java:updateAndGet(143)) - b32d7882-88db-4fe6-9cca-6a25122d474d: start FollowerState
2019-10-17 02:15:29,707 [Thread-4110] INFO  impl.FollowerState (FollowerState.java:run(108)) - b32d7882-88db-4fe6-9cca-6a25122d474d@group-896385CD49EE-FollowerState: change to CANDIDATE, lastRpcTime:105ms, electionTimeout:105ms
2019-10-17 02:15:29,707 [Thread-4110] INFO  impl.RoleInfo (RoleInfo.java:shutdownFollowerState(121)) - b32d7882-88db-4fe6-9cca-6a25122d474d: shutdown FollowerState
2019-10-17 02:15:29,707 [Thread-4110] INFO  impl.RaftServerImpl (RaftServerImpl.java:setRole(184)) - b32d7882-88db-4fe6-9cca-6a25122d474d@group-896385CD49EE: changes role from  FOLLOWER to CANDIDATE at term 455 for changeToCandidate
2019-10-17 02:15:29,707 [Thread-4110] INFO  impl.RoleInfo (RoleInfo.java:updateAndGet(143)) - b32d7882-88db-4fe6-9cca-6a25122d474d: start LeaderElection
2019-10-17 02:15:29,720 [b32d7882-88db-4fe6-9cca-6a25122d474d@group-896385CD49EE-LeaderElection486] INFO  impl.LeaderElection (LeaderElection.java:askForVotes(178)) - b32d7882-88db-4fe6-9cca-6a25122d474d@group-896385CD49EE-LeaderElection486: begin an election at term 456 for -1: [b32d7882-88db-4fe6-9cca-6a25122d474d:192.168.157.194:42206, 3aea292b-16fb-4e9b-be90-828afa8e8047:192.168.157.194:34569, a6b2ebfb-69a0-457c-b6cd-a50cc148b564:192.168.157.194:37298], old=null
2019-10-17 02:15:29,721 [grpc-default-executor-0] INFO  impl.RaftServerImpl (RaftServerImpl.java:setRole(184)) - 3aea292b-16fb-4e9b-be90-828afa8e8047@group-896385CD49EE: changes role from  FOLLOWER to FOLLOWER at term 456 for recognizeCandidate:b32d7882-88db-4fe6-9cca-6a25122d474d
2019-10-17 02:15:29,721 [grpc-default-executor-0] INFO  impl.RoleInfo (RoleInfo.java:shutdownFollowerState(121)) - 3aea292b-16fb-4e9b-be90-828afa8e8047: shutdown FollowerState
2019-10-17 02:15:29,721 [grpc-default-executor-1] INFO  impl.RaftServerImpl (RaftServerImpl.java:setRole(184)) - a6b2ebfb-69a0-457c-b6cd-a50cc148b564@group-896385CD49EE: changes role from  FOLLOWER to FOLLOWER at term 456 for recognizeCandidate:b32d7882-88db-4fe6-9cca-6a25122d474d
2019-10-17 02:15:29,721 [Thread-4108] INFO  impl.FollowerState (FollowerState.java:run(117)) - 3aea292b-16fb-4e9b-be90-828afa8e8047@group-896385CD49EE-FollowerState was interrupted: java.lang.InterruptedException: sleep interrupted
2019-10-17 02:15:29,721 [grpc-default-executor-0] INFO  impl.RoleInfo (RoleInfo.java:updateAndGet(143)) - 3aea292b-16fb-4e9b-be90-828afa8e8047: start FollowerState
2019-10-17 02:15:29,721 [grpc-default-executor-1] INFO  impl.RoleInfo (RoleInfo.java:shutdownFollowerState(121)) - a6b2ebfb-69a0-457c-b6cd-a50cc148b564: shutdown FollowerState
2019-10-17 02:15:29,722 [grpc-default-executor-1] INFO  impl.RoleInfo (RoleInfo.java:updateAndGet(143)) - a6b2ebfb-69a0-457c-b6cd-a50cc148b564: start FollowerState
2019-10-17 02:15:29,722 [Thread-4109] INFO  impl.FollowerState (FollowerState.java:run(117)) - a6b2ebfb-69a0-457c-b6cd-a50cc148b564@group-896385CD49EE-FollowerState was interrupted: java.lang.InterruptedException: sleep interrupted
2019-10-17 02:15:29,735 [b32d7882-88db-4fe6-9cca-6a25122d474d@group-896385CD49EE-LeaderElection486] INFO  impl.LeaderElection (LeaderElection.java:logAndReturn(56)) - b32d7882-88db-4fe6-9cca-6a25122d474d@group-896385CD49EE-LeaderElection486: Election REJECTED; received 2 response(s) [b32d7882-88db-4fe6-9cca-6a25122d474d<-3aea292b-16fb-4e9b-be90-828afa8e8047#0:FAIL-t456, b32d7882-88db-4fe6-9cca-6a25122d474d<-a6b2ebfb-69a0-457c-b6cd-a50cc148b564#0:FAIL-t456] and 0 exception(s); b32d7882-88db-4fe6-9cca-6a25122d474d@group-896385CD49EE:t456, leader=null, voted=b32d7882-88db-4fe6-9cca-6a25122d474d, raftlog=b32d7882-88db-4fe6-9cca-6a25122d474d@group-896385CD49EE-SegmentedRaftLog:OPENED:c-1,f-1,i0, conf=-1: [b32d7882-88db-4fe6-9cca-6a25122d474d:192.168.157.194:42206, 3aea292b-16fb-4e9b-be90-828afa8e8047:192.168.157.194:34569, a6b2ebfb-69a0-457c-b6cd-a50cc148b564:192.168.157.194:37298], old=null
2019-10-17 02:15:29,735 [b32d7882-88db-4fe6-9cca-6a25122d474d@group-896385CD49EE-LeaderElection486] INFO  impl.RaftServerImpl (RaftServerImpl.java:setRole(184)) - b32d7882-88db-4fe6-9cca-6a25122d474d@group-896385CD49EE: changes role from CANDIDATE to FOLLOWER at term 456 for DISCOVERED_A_NEW_TERM
2019-10-17 02:15:29,735 [b32d7882-88db-4fe6-9cca-6a25122d474d@group-896385CD49EE-LeaderElection486] INFO  impl.RoleInfo (RoleInfo.java:shutdownLeaderElection(134)) - b32d7882-88db-4fe6-9cca-6a25122d474d: shutdown LeaderElection
2019-10-17 02:15:29,735 [b32d7882-88db-4fe6-9cca-6a25122d474d@group-896385CD49EE-LeaderElection486] INFO  impl.RoleInfo (RoleInfo.java:updateAndGet(143)) - b32d7882-88db-4fe6-9cca-6a25122d474d: start FollowerState
2019-10-17 02:15:29,936 [Thread-4116] INFO  impl.FollowerState (FollowerState.java:run(108)) - b32d7882-88db-4fe6-9cca-6a25122d474d@group-896385CD49EE-FollowerState: change to CANDIDATE, lastRpcTime:200ms, electionTimeout:200ms
2019-10-17 02:15:29,936 [Thread-4116] INFO  impl.RoleInfo (RoleInfo.java:shutdownFollowerState(121)) - b32d7882-88db-4fe6-9cca-6a25122d474d: shutdown FollowerState
2019-10-17 02:15:29,936 [Thread-4116] INFO  impl.RaftServerImpl (RaftServerImpl.java:setRole(184)) - b32d7882-88db-4fe6-9cca-6a25122d474d@group-896385CD49EE: changes role from  FOLLOWER to CANDIDATE at term 456 for changeToCandidate
2019-10-17 02:15:29,936 [Thread-4116] INFO  impl.RoleInfo (RoleInfo.java:updateAndGet(143)) - b32d7882-88db-4fe6-9cca-6a25122d474d: start LeaderElection
2019-10-17 02:15:29,949 [b32d7882-88db-4fe6-9cca-6a25122d474d@group-896385CD49EE-LeaderElection487] INFO  impl.LeaderElection (LeaderElection.java:askForVotes(178)) - b32d7882-88db-4fe6-9cca-6a25122d474d@group-896385CD49EE-LeaderElection487: begin an election at term 457 for -1: [b32d7882-88db-4fe6-9cca-6a25122d474d:192.168.157.194:42206, 3aea292b-16fb-4e9b-be90-828afa8e8047:192.168.157.194:34569, a6b2ebfb-69a0-457c-b6cd-a50cc148b564:192.168.157.194:37298], old=null
2019-10-17 02:15:29,951 [grpc-default-executor-1] INFO  impl.RaftServerImpl (RaftServerImpl.java:setRole(184)) - 3aea292b-16fb-4e9b-be90-828afa8e8047@group-896385CD49EE: changes role from  FOLLOWER to FOLLOWER at term 457 for recognizeCandidate:b32d7882-88db-4fe6-9cca-6a25122d474d
2019-10-17 02:15:29,951 [grpc-default-executor-1] INFO  impl.RoleInfo (RoleInfo.java:shutdownFollowerState(121)) - 3aea292b-16fb-4e9b-be90-828afa8e8047: shutdown FollowerState
2019-10-17 02:15:29,951 [grpc-default-executor-0] INFO  impl.RaftServerImpl (RaftServerImpl.java:setRole(184)) - a6b2ebfb-69a0-457c-b6cd-a50cc148b564@group-896385CD49EE: changes role from  FOLLOWER to FOLLOWER at term 457 for recognizeCandidate:b32d7882-88db-4fe6-9cca-6a25122d474d
2019-10-17 02:15:29,951 [Thread-4114] INFO  impl.FollowerState (FollowerState.java:run(117)) - 3aea292b-16fb-4e9b-be90-828afa8e8047@group-896385CD49EE-FollowerState was interrupted: java.lang.InterruptedException: sleep interrupted
2019-10-17 02:15:29,951 [grpc-default-executor-1] INFO  impl.RoleInfo (RoleInfo.java:updateAndGet(143)) - 3aea292b-16fb-4e9b-be90-828afa8e8047: start FollowerState
2019-10-17 02:15:29,951 [grpc-default-executor-0] INFO  impl.RoleInfo (RoleInfo.java:shutdownFollowerState(121)) - a6b2ebfb-69a0-457c-b6cd-a50cc148b564: shutdown FollowerState
2019-10-17 02:15:29,951 [grpc-default-executor-0] INFO  impl.RoleInfo (RoleInfo.java:updateAndGet(143)) - a6b2ebfb-69a0-457c-b6cd-a50cc148b564: start FollowerState
2019-10-17 02:15:29,951 [Thread-4115] INFO  impl.FollowerState (FollowerState.java:run(117)) - a6b2ebfb-69a0-457c-b6cd-a50cc148b564@group-896385CD49EE-FollowerState was interrupted: java.lang.InterruptedException: sleep interrupted
2019-10-17 02:15:29,967 [b32d7882-88db-4fe6-9cca-6a25122d474d@group-896385CD49EE-LeaderElection487] INFO  impl.LeaderElection (LeaderElection.java:logAndReturn(56)) - b32d7882-88db-4fe6-9cca-6a25122d474d@group-896385CD49EE-LeaderElection487: Election REJECTED; received 2 response(s) [b32d7882-88db-4fe6-9cca-6a25122d474d<-3aea292b-16fb-4e9b-be90-828afa8e8047#0:FAIL-t457, b32d7882-88db-4fe6-9cca-6a25122d474d<-a6b2ebfb-69a0-457c-b6cd-a50cc148b564#0:FAIL-t457] and 0 exception(s); b32d7882-88db-4fe6-9cca-6a25122d474d@group-896385CD49EE:t457, leader=null, voted=b32d7882-88db-4fe6-9cca-6a25122d474d, raftlog=b32d7882-88db-4fe6-9cca-6a25122d474d@group-896385CD49EE-SegmentedRaftLog:OPENED:c-1,f-1,i0, conf=-1: [b32d7882-88db-4fe6-9cca-6a25122d474d:192.168.157.194:42206, 3aea292b-16fb-4e9b-be90-828afa8e8047:192.168.157.194:34569, a6b2ebfb-69a0-457c-b6cd-a50cc148b564:192.168.157.194:37298], old=null
2019-10-17 02:15:29,967 [b32d7882-88db-4fe6-9cca-6a25122d474d@group-896385CD49EE-LeaderElection487] INFO  impl.RaftServerImpl (RaftServerImpl.java:setRole(184)) - b32d7882-88db-4fe6-9cca-6a25122d474d@group-896385CD49EE: changes role from CANDIDATE to FOLLOWER at term 457 for DISCOVERED_A_NEW_TERM
2019-10-17 02:15:29,967 [b32d7882-88db-4fe6-9cca-6a25122d474d@group-896385CD49EE-LeaderElection487] INFO  impl.RoleInfo (RoleInfo.java:shutdownLeaderElection(134)) - b32d7882-88db-4fe6-9cca-6a25122d474d: shutdown LeaderElection
2019-10-17 02:15:29,967 [b32d7882-88db-4fe6-9cca-6a25122d474d@group-896385CD49EE-LeaderElection487] INFO  impl.RoleInfo (RoleInfo.java:updateAndGet(143)) - b32d7882-88db-4fe6-9cca-6a25122d474d: start FollowerState
2019-10-17 02:15:29,993 [Thread-4122] INFO  impl.FollowerState (FollowerState.java:run(108)) - b32d7882-88db-4fe6-9cca-6a25122d474d@group-896385CD49EE-FollowerState: change to CANDIDATE, lastRpcTime:25ms, electionTimeout:25ms
2019-10-17 02:15:29,993 [Thread-4122] INFO  impl.RoleInfo (RoleInfo.java:shutdownFollowerState(121)) - b32d7882-88db-4fe6-9cca-6a25122d474d: shutdown FollowerState
2019-10-17 02:15:29,993 [Thread-4122] INFO  impl.RaftServerImpl (RaftServerImpl.java:setRole(184)) - b32d7882-88db-4fe6-9cca-6a25122d474d@group-896385CD49EE: changes role from  FOLLOWER to CANDIDATE at term 457 for changeToCandidate
2019-10-17 02:15:29,993 [Thread-4122] INFO  impl.RoleInfo (RoleInfo.java:updateAndGet(143)) - b32d7882-88db-4fe6-9cca-6a25122d474d: start LeaderElection
2019-10-17 02:15:30,006 [b32d7882-88db-4fe6-9cca-6a25122d474d@group-896385CD49EE-LeaderElection488] INFO  impl.LeaderElection (LeaderElection.java:askForVotes(178)) - b32d7882-88db-4fe6-9cca-6a25122d474d@group-896385CD49EE-LeaderElection488: begin an election at term 458 for -1: [b32d7882-88db-4fe6-9cca-6a25122d474d:192.168.157.194:42206, 3aea292b-16fb-4e9b-be90-828afa8e8047:192.168.157.194:34569, a6b2ebfb-69a0-457c-b6cd-a50cc148b564:192.168.157.194:37298], old=null
2019-10-17 02:15:30,007 [grpc-default-executor-0] INFO  impl.RaftServerImpl (RaftServerImpl.java:setRole(184)) - 3aea292b-16fb-4e9b-be90-828afa8e8047@group-896385CD49EE: changes role from  FOLLOWER to FOLLOWER at term 458 for recognizeCandidate:b32d7882-88db-4fe6-9cca-6a25122d474d
2019-10-17 02:15:30,007 [grpc-default-executor-0] INFO  impl.RoleInfo (RoleInfo.java:shutdownFollowerState(121)) - 3aea292b-16fb-4e9b-be90-828afa8e8047: shutdown FollowerState
2019-10-17 02:15:30,007 [grpc-default-executor-0] INFO  impl.RoleInfo (RoleInfo.java:updateAndGet(143)) - 3aea292b-16fb-4e9b-be90-828afa8e8047: start FollowerState
2019-10-17 02:15:30,007 [Thread-4120] INFO  impl.FollowerState (FollowerState.java:run(117)) - 3aea292b-16fb-4e9b-be90-828afa8e8047@group-896385CD49EE-FollowerState was interrupted: java.lang.InterruptedException: sleep interrupted
2019-10-17 02:15:30,008 [grpc-default-executor-1] INFO  impl.RaftServerImpl (RaftServerImpl.java:setRole(184)) - a6b2ebfb-69a0-457c-b6cd-a50cc148b564@group-896385CD49EE: changes role from  FOLLOWER to FOLLOWER at term 458 for recognizeCandidate:b32d7882-88db-4fe6-9cca-6a25122d474d
2019-10-17 02:15:30,008 [grpc-default-executor-1] INFO  impl.RoleInfo (RoleInfo.java:shutdownFollowerState(121)) - a6b2ebfb-69a0-457c-b6cd-a50cc148b564: shutdown FollowerState
2019-10-17 02:15:30,008 [grpc-default-executor-1] INFO  impl.RoleInfo (RoleInfo.java:updateAndGet(143)) - a6b2ebfb-69a0-457c-b6cd-a50cc148b564: start FollowerState
2019-10-17 02:15:30,008 [Thread-4121] INFO  impl.FollowerState (FollowerState.java:run(117)) - a6b2ebfb-69a0-457c-b6cd-a50cc148b564@group-896385CD49EE-FollowerState was interrupted: java.lang.InterruptedException: sleep interrupted
2019-10-17 02:15:30,020 [b32d7882-88db-4fe6-9cca-6a25122d474d@group-896385CD49EE-LeaderElection488] INFO  impl.LeaderElection (LeaderElection.java:logAndReturn(56)) - b32d7882-88db-4fe6-9cca-6a25122d474d@group-896385CD49EE-LeaderElection488: Election REJECTED; received 2 response(s) [b32d7882-88db-4fe6-9cca-6a25122d474d<-3aea292b-16fb-4e9b-be90-828afa8e8047#0:FAIL-t458, b32d7882-88db-4fe6-9cca-6a25122d474d<-a6b2ebfb-69a0-457c-b6cd-a50cc148b564#0:FAIL-t458] and 0 exception(s); b32d7882-88db-4fe6-9cca-6a25122d474d@group-896385CD49EE:t458, leader=null, voted=b32d7882-88db-4fe6-9cca-6a25122d474d, raftlog=b32d7882-88db-4fe6-9cca-6a25122d474d@group-896385CD49EE-SegmentedRaftLog:OPENED:c-1,f-1,i0, conf=-1: [b32d7882-88db-4fe6-9cca-6a25122d474d:192.168.157.194:42206, 3aea292b-16fb-4e9b-be90-828afa8e8047:192.168.157.194:34569, a6b2ebfb-69a0-457c-b6cd-a50cc148b564:192.168.157.194:37298], old=null
2019-10-17 02:15:30,020 [b32d7882-88db-4fe6-9cca-6a25122d474d@group-896385CD49EE-LeaderElection488] INFO  impl.RaftServerImpl (RaftServerImpl.java:setRole(184)) - b32d7882-88db-4fe6-9cca-6a25122d474d@group-896385CD49EE: changes role from CANDIDATE to FOLLOWER at term 458 for DISCOVERED_A_NEW_TERM
2019-10-17 02:15:30,021 [b32d7882-88db-4fe6-9cca-6a25122d474d@group-896385CD49EE-LeaderElection488] INFO  impl.RoleInfo (RoleInfo.java:shutdownLeaderElection(134)) - b32d7882-88db-4fe6-9cca-6a25122d474d: shutdown LeaderElection
2019-10-17 02:15:30,021 [b32d7882-88db-4fe6-9cca-6a25122d474d@group-896385CD49EE-LeaderElection488] INFO  impl.RoleInfo (RoleInfo.java:updateAndGet(143)) - b32d7882-88db-4fe6-9cca-6a25122d474d: start FollowerState
2019-10-17 02:15:30,132 [Thread-4128] INFO  impl.FollowerState (FollowerState.java:run(108)) - b32d7882-88db-4fe6-9cca-6a25122d474d@group-896385CD49EE-FollowerState: change to CANDIDATE, lastRpcTime:111ms, electionTimeout:111ms
2019-10-17 02:15:30,132 [Thread-4128] INFO  impl.RoleInfo (RoleInfo.java:shutdownFollowerState(121)) - b32d7882-88db-4fe6-9cca-6a25122d474d: shutdown FollowerState
2019-10-17 02:15:30,132 [Thread-4128] INFO  impl.RaftServerImpl (RaftServerImpl.java:setRole(184)) - b32d7882-88db-4fe6-9cca-6a25122d474d@group-896385CD49EE: changes role from  FOLLOWER to CANDIDATE at term 458 for changeToCandidate
2019-10-17 02:15:30,132 [Thread-4128] INFO  impl.RoleInfo (RoleInfo.java:updateAndGet(143)) - b32d7882-88db-4fe6-9cca-6a25122d474d: start LeaderElection
2019-10-17 02:15:30,145 [b32d7882-88db-4fe6-9cca-6a25122d474d@group-896385CD49EE-LeaderElection489] INFO  impl.LeaderElection (LeaderElection.java:askForVotes(178)) - b32d7882-88db-4fe6-9cca-6a25122d474d@group-896385CD49EE-LeaderElection489: begin an election at term 459 for -1: [b32d7882-88db-4fe6-9cca-6a25122d474d:192.168.157.194:42206, 3aea292b-16fb-4e9b-be90-828afa8e8047:192.168.157.194:34569, a6b2ebfb-69a0-457c-b6cd-a50cc148b564:192.168.157.194:37298], old=null
2019-10-17 02:15:30,146 [grpc-default-executor-0] INFO  impl.RaftServerImpl (RaftServerImpl.java:setRole(184)) - 3aea292b-16fb-4e9b-be90-828afa8e8047@group-896385CD49EE: changes role from  FOLLOWER to FOLLOWER at term 459 for recognizeCandidate:b32d7882-88db-4fe6-9cca-6a25122d474d
2019-10-17 02:15:30,147 [grpc-default-executor-0] INFO  impl.RoleInfo (RoleInfo.java:shutdownFollowerState(121)) - 3aea292b-16fb-4e9b-be90-828afa8e8047: shutdown FollowerState
2019-10-17 02:15:30,147 [grpc-default-executor-0] INFO  impl.RoleInfo (RoleInfo.java:updateAndGet(143)) - 3aea292b-16fb-4e9b-be90-828afa8e8047: start FollowerState
2019-10-17 02:15:30,147 [grpc-default-executor-1] INFO  impl.RaftServerImpl (RaftServerImpl.java:setRole(184)) - a6b2ebfb-69a0-457c-b6cd-a50cc148b564@group-896385CD49EE: changes role from  FOLLOWER to FOLLOWER at term 459 for recognizeCandidate:b32d7882-88db-4fe6-9cca-6a25122d474d
2019-10-17 02:15:30,147 [grpc-default-executor-1] INFO  impl.RoleInfo (RoleInfo.java:shutdownFollowerState(121)) - a6b2ebfb-69a0-457c-b6cd-a50cc148b564: shutdown FollowerState
2019-10-17 02:15:30,147 [Thread-4126] INFO  impl.FollowerState (FollowerState.java:run(117)) - 3aea292b-16fb-4e9b-be90-828afa8e8047@group-896385CD49EE-FollowerState was interrupted: java.lang.InterruptedException: sleep interrupted
2019-10-17 02:15:30,147 [Thread-4127] INFO  impl.FollowerState (FollowerState.java:run(117)) - a6b2ebfb-69a0-457c-b6cd-a50cc148b564@group-896385CD49EE-FollowerState was interrupted: java.lang.InterruptedException: sleep interrupted
2019-10-17 02:15:30,147 [grpc-default-executor-1] INFO  impl.RoleInfo (RoleInfo.java:updateAndGet(143)) - a6b2ebfb-69a0-457c-b6cd-a50cc148b564: start FollowerState
2019-10-17 02:15:30,161 [b32d7882-88db-4fe6-9cca-6a25122d474d@group-896385CD49EE-LeaderElection489] INFO  impl.LeaderElection (LeaderElection.java:logAndReturn(56)) - b32d7882-88db-4fe6-9cca-6a25122d474d@group-896385CD49EE-LeaderElection489: Election REJECTED; received 2 response(s) [b32d7882-88db-4fe6-9cca-6a25122d474d<-3aea292b-16fb-4e9b-be90-828afa8e8047#0:FAIL-t459, b32d7882-88db-4fe6-9cca-6a25122d474d<-a6b2ebfb-69a0-457c-b6cd-a50cc148b564#0:FAIL-t459] and 0 exception(s); b32d7882-88db-4fe6-9cca-6a25122d474d@group-896385CD49EE:t459, leader=null, voted=b32d7882-88db-4fe6-9cca-6a25122d474d, raftlog=b32d7882-88db-4fe6-9cca-6a25122d474d@group-896385CD49EE-SegmentedRaftLog:OPENED:c-1,f-1,i0, conf=-1: [b32d7882-88db-4fe6-9cca-6a25122d474d:192.168.157.194:42206, 3aea292b-16fb-4e9b-be90-828afa8e8047:192.168.157.194:34569, a6b2ebfb-69a0-457c-b6cd-a50cc148b564:192.168.157.194:37298], old=null
2019-10-17 02:15:30,161 [b32d7882-88db-4fe6-9cca-6a25122d474d@group-896385CD49EE-LeaderElection489] INFO  impl.RaftServerImpl (RaftServerImpl.java:setRole(184)) - b32d7882-88db-4fe6-9cca-6a25122d474d@group-896385CD49EE: changes role from CANDIDATE to FOLLOWER at term 459 for DISCOVERED_A_NEW_TERM
2019-10-17 02:15:30,161 [b32d7882-88db-4fe6-9cca-6a25122d474d@group-896385CD49EE-LeaderElection489] INFO  impl.RoleInfo (RoleInfo.java:shutdownLeaderElection(134)) - b32d7882-88db-4fe6-9cca-6a25122d474d: shutdown LeaderElection
2019-10-17 02:15:30,161 [b32d7882-88db-4fe6-9cca-6a25122d474d@group-896385CD49EE-LeaderElection489] INFO  impl.RoleInfo (RoleInfo.java:updateAndGet(143)) - b32d7882-88db-4fe6-9cca-6a25122d474d: start FollowerState
2019-10-17 02:15:30,208 [Thread-4134] INFO  impl.FollowerState (FollowerState.java:run(108)) - b32d7882-88db-4fe6-9cca-6a25122d474d@group-896385CD49EE-FollowerState: change to CANDIDATE, lastRpcTime:47ms, electionTimeout:47ms
2019-10-17 02:15:30,208 [Thread-4134] INFO  impl.RoleInfo (RoleInfo.java:shutdownFollowerState(121)) - b32d7882-88db-4fe6-9cca-6a25122d474d: shutdown FollowerState
2019-10-17 02:15:30,209 [Thread-4134] INFO  impl.RaftServerImpl (RaftServerImpl.java:setRole(184)) - b32d7882-88db-4fe6-9cca-6a25122d474d@group-896385CD49EE: changes role from  FOLLOWER to CANDIDATE at term 459 for changeToCandidate
2019-10-17 02:15:30,209 [Thread-4134] INFO  impl.RoleInfo (RoleInfo.java:updateAndGet(143)) - b32d7882-88db-4fe6-9cca-6a25122d474d: start LeaderElection
2019-10-17 02:15:30,219 [b32d7882-88db-4fe6-9cca-6a25122d474d@group-896385CD49EE-LeaderElection490] INFO  impl.LeaderElection (LeaderElection.java:askForVotes(178)) - b32d7882-88db-4fe6-9cca-6a25122d474d@group-896385CD49EE-LeaderElection490: begin an election at term 460 for -1: [b32d7882-88db-4fe6-9cca-6a25122d474d:192.168.157.194:42206, 3aea292b-16fb-4e9b-be90-828afa8e8047:192.168.157.194:34569, a6b2ebfb-69a0-457c-b6cd-a50cc148b564:192.168.157.194:37298], old=null
2019-10-17 02:15:30,221 [grpc-default-executor-0] INFO  impl.RaftServerImpl (RaftServerImpl.java:setRole(184)) - 3aea292b-16fb-4e9b-be90-828afa8e8047@group-896385CD49EE: changes role from  FOLLOWER to FOLLOWER at term 460 for recognizeCandidate:b32d7882-88db-4fe6-9cca-6a25122d474d
2019-10-17 02:15:30,221 [grpc-default-executor-0] INFO  impl.RoleInfo (RoleInfo.java:shutdownFollowerState(121)) - 3aea292b-16fb-4e9b-be90-828afa8e8047: shutdown FollowerState
2019-10-17 02:15:30,221 [grpc-default-executor-1] INFO  impl.RaftServerImpl (RaftServerImpl.java:setRole(184)) - a6b2ebfb-69a0-457c-b6cd-a50cc148b564@group-896385CD49EE: changes role from  FOLLOWER to FOLLOWER at term 460 for recognizeCandidate:b32d7882-88db-4fe6-9cca-6a25122d474d
2019-10-17 02:15:30,221 [grpc-default-executor-1] INFO  impl.RoleInfo (RoleInfo.java:shutdownFollowerState(121)) - a6b2ebfb-69a0-457c-b6cd-a50cc148b564: shutdown FollowerState
2019-10-17 02:15:30,221 [Thread-4132] INFO  impl.FollowerState (FollowerState.java:run(117)) - 3aea292b-16fb-4e9b-be90-828afa8e8047@group-896385CD49EE-FollowerState was interrupted: java.lang.InterruptedException: sleep interrupted
2019-10-17 02:15:30,221 [grpc-default-executor-0] INFO  impl.RoleInfo (RoleInfo.java:updateAndGet(143)) - 3aea292b-16fb-4e9b-be90-828afa8e8047: start FollowerState
2019-10-17 02:15:30,221 [Thread-4133] INFO  impl.FollowerState (FollowerState.java:run(117)) - a6b2ebfb-69a0-457c-b6cd-a50cc148b564@group-896385CD49EE-FollowerState was interrupted: java.lang.InterruptedException: sleep interrupted
2019-10-17 02:15:30,221 [grpc-default-executor-1] INFO  impl.RoleInfo (RoleInfo.java:updateAndGet(143)) - a6b2ebfb-69a0-457c-b6cd-a50cc148b564: start FollowerState
2019-10-17 02:15:30,235 [b32d7882-88db-4fe6-9cca-6a25122d474d@group-896385CD49EE-LeaderElection490] INFO  impl.LeaderElection (LeaderElection.java:logAndReturn(56)) - b32d7882-88db-4fe6-9cca-6a25122d474d@group-896385CD49EE-LeaderElection490: Election REJECTED; received 2 response(s) [b32d7882-88db-4fe6-9cca-6a25122d474d<-3aea292b-16fb-4e9b-be90-828afa8e8047#0:FAIL-t460, b32d7882-88db-4fe6-9cca-6a25122d474d<-a6b2ebfb-69a0-457c-b6cd-a50cc148b564#0:FAIL-t460] and 0 exception(s); b32d7882-88db-4fe6-9cca-6a25122d474d@group-896385CD49EE:t460, leader=null, voted=b32d7882-88db-4fe6-9cca-6a25122d474d, raftlog=b32d7882-88db-4fe6-9cca-6a25122d474d@group-896385CD49EE-SegmentedRaftLog:OPENED:c-1,f-1,i0, conf=-1: [b32d7882-88db-4fe6-9cca-6a25122d474d:192.168.157.194:42206, 3aea292b-16fb-4e9b-be90-828afa8e8047:192.168.157.194:34569, a6b2ebfb-69a0-457c-b6cd-a50cc148b564:192.168.157.194:37298], old=null
2019-10-17 02:15:30,235 [b32d7882-88db-4fe6-9cca-6a25122d474d@group-896385CD49EE-LeaderElection490] INFO  impl.RaftServerImpl (RaftServerImpl.java:setRole(184)) - b32d7882-88db-4fe6-9cca-6a25122d474d@group-896385CD49EE: changes role from CANDIDATE to FOLLOWER at term 460 for DISCOVERED_A_NEW_TERM
2019-10-17 02:15:30,235 [b32d7882-88db-4fe6-9cca-6a25122d474d@group-896385CD49EE-LeaderElection490] INFO  impl.RoleInfo (RoleInfo.java:shutdownLeaderElection(134)) - b32d7882-88db-4fe6-9cca-6a25122d474d: shutdown LeaderElection
2019-10-17 02:15:30,235 [b32d7882-88db-4fe6-9cca-6a25122d474d@group-896385CD49EE-LeaderElection490] INFO  impl.RoleInfo (RoleInfo.java:updateAndGet(143)) - b32d7882-88db-4fe6-9cca-6a25122d474d: start FollowerState
2019-10-17 02:15:30,265 [Thread-4140] INFO  impl.FollowerState (FollowerState.java:run(108)) - b32d7882-88db-4fe6-9cca-6a25122d474d@group-896385CD49EE-FollowerState: change to CANDIDATE, lastRpcTime:29ms, electionTimeout:29ms
2019-10-17 02:15:30,266 [Thread-4140] INFO  impl.RoleInfo (RoleInfo.java:shutdownFollowerState(121)) - b32d7882-88db-4fe6-9cca-6a25122d474d: shutdown FollowerState
2019-10-17 02:15:30,266 [Thread-4140] INFO  impl.RaftServerImpl (RaftServerImpl.java:setRole(184)) - b32d7882-88db-4fe6-9cca-6a25122d474d@group-896385CD49EE: changes role from  FOLLOWER to CANDIDATE at term 460 for changeToCandidate
2019-10-17 02:15:30,266 [Thread-4140] INFO  impl.RoleInfo (RoleInfo.java:updateAndGet(143)) - b32d7882-88db-4fe6-9cca-6a25122d474d: start LeaderElection
2019-10-17 02:15:30,279 [b32d7882-88db-4fe6-9cca-6a25122d474d@group-896385CD49EE-LeaderElection491] INFO  impl.LeaderElection (LeaderElection.java:askForVotes(178)) - b32d7882-88db-4fe6-9cca-6a25122d474d@group-896385CD49EE-LeaderElection491: begin an election at term 461 for -1: [b32d7882-88db-4fe6-9cca-6a25122d474d:192.168.157.194:42206, 3aea292b-16fb-4e9b-be90-828afa8e8047:192.168.157.194:34569, a6b2ebfb-69a0-457c-b6cd-a50cc148b564:192.168.157.194:37298], old=null
2019-10-17 02:15:30,281 [grpc-default-executor-0] INFO  impl.RaftServerImpl (RaftServerImpl.java:setRole(184)) - 3aea292b-16fb-4e9b-be90-828afa8e8047@group-896385CD49EE: changes role from  FOLLOWER to FOLLOWER at term 461 for recognizeCandidate:b32d7882-88db-4fe6-9cca-6a25122d474d
2019-10-17 02:15:30,281 [grpc-default-executor-0] INFO  impl.RoleInfo (RoleInfo.java:shutdownFollowerState(121)) - 3aea292b-16fb-4e9b-be90-828afa8e8047: shutdown FollowerState
2019-10-17 02:15:30,281 [grpc-default-executor-0] INFO  impl.RoleInfo (RoleInfo.java:updateAndGet(143)) - 3aea292b-16fb-4e9b-be90-828afa8e8047: start FollowerState
2019-10-17 02:15:30,281 [Thread-4138] INFO  impl.FollowerState (FollowerState.java:run(117)) - 3aea292b-16fb-4e9b-be90-828afa8e8047@group-896385CD49EE-FollowerState was interrupted: java.lang.InterruptedException: sleep interrupted
2019-10-17 02:15:30,281 [grpc-default-executor-1] INFO  impl.RaftServerImpl (RaftServerImpl.java:setRole(184)) - a6b2ebfb-69a0-457c-b6cd-a50cc148b564@group-896385CD49EE: changes role from  FOLLOWER to FOLLOWER at term 461 for recognizeCandidate:b32d7882-88db-4fe6-9cca-6a25122d474d
2019-10-17 02:15:30,281 [grpc-default-executor-1] INFO  impl.RoleInfo (RoleInfo.java:shutdownFollowerState(121)) - a6b2ebfb-69a0-457c-b6cd-a50cc148b564: shutdown FollowerState
2019-10-17 02:15:30,281 [grpc-default-executor-1] INFO  impl.RoleInfo (RoleInfo.java:updateAndGet(143)) - a6b2ebfb-69a0-457c-b6cd-a50cc148b564: start FollowerState
2019-10-17 02:15:30,281 [Thread-4139] INFO  impl.FollowerState (FollowerState.java:run(117)) - a6b2ebfb-69a0-457c-b6cd-a50cc148b564@group-896385CD49EE-FollowerState was interrupted: java.lang.InterruptedException: sleep interrupted
2019-10-17 02:15:30,296 [b32d7882-88db-4fe6-9cca-6a25122d474d@group-896385CD49EE-LeaderElection491] INFO  impl.LeaderElection (LeaderElection.java:logAndReturn(56)) - b32d7882-88db-4fe6-9cca-6a25122d474d@group-896385CD49EE-LeaderElection491: Election REJECTED; received 2 response(s) [b32d7882-88db-4fe6-9cca-6a25122d474d<-3aea292b-16fb-4e9b-be90-828afa8e8047#0:FAIL-t461, b32d7882-88db-4fe6-9cca-6a25122d474d<-a6b2ebfb-69a0-457c-b6cd-a50cc148b564#0:FAIL-t461] and 0 exception(s); b32d7882-88db-4fe6-9cca-6a25122d474d@group-896385CD49EE:t461, leader=null, voted=b32d7882-88db-4fe6-9cca-6a25122d474d, raftlog=b32d7882-88db-4fe6-9cca-6a25122d474d@group-896385CD49EE-SegmentedRaftLog:OPENED:c-1,f-1,i0, conf=-1: [b32d7882-88db-4fe6-9cca-6a25122d474d:192.168.157.194:42206, 3aea292b-16fb-4e9b-be90-828afa8e8047:192.168.157.194:34569, a6b2ebfb-69a0-457c-b6cd-a50cc148b564:192.168.157.194:37298], old=null
2019-10-17 02:15:30,296 [b32d7882-88db-4fe6-9cca-6a25122d474d@group-896385CD49EE-LeaderElection491] INFO  impl.RaftServerImpl (RaftServerImpl.java:setRole(184)) - b32d7882-88db-4fe6-9cca-6a25122d474d@group-896385CD49EE: changes role from CANDIDATE to FOLLOWER at term 461 for DISCOVERED_A_NEW_TERM
2019-10-17 02:15:30,296 [b32d7882-88db-4fe6-9cca-6a25122d474d@group-896385CD49EE-LeaderElection491] INFO  impl.RoleInfo (RoleInfo.java:shutdownLeaderElection(134)) - b32d7882-88db-4fe6-9cca-6a25122d474d: shutdown LeaderElection
2019-10-17 02:15:30,296 [b32d7882-88db-4fe6-9cca-6a25122d474d@group-896385CD49EE-LeaderElection491] INFO  impl.RoleInfo (RoleInfo.java:updateAndGet(143)) - b32d7882-88db-4fe6-9cca-6a25122d474d: start FollowerState
2019-10-17 02:15:30,395 [Thread-4146] INFO  impl.FollowerState (FollowerState.java:run(108)) - b32d7882-88db-4fe6-9cca-6a25122d474d@group-896385CD49EE-FollowerState: change to CANDIDATE, lastRpcTime:99ms, electionTimeout:99ms
2019-10-17 02:15:30,395 [Thread-4146] INFO  impl.RoleInfo (RoleInfo.java:shutdownFollowerState(121)) - b32d7882-88db-4fe6-9cca-6a25122d474d: shutdown FollowerState
2019-10-17 02:15:30,396 [Thread-4146] INFO  impl.RaftServerImpl (RaftServerImpl.java:setRole(184)) - b32d7882-88db-4fe6-9cca-6a25122d474d@group-896385CD49EE: changes role from  FOLLOWER to CANDIDATE at term 461 for changeToCandidate
2019-10-17 02:15:30,396 [Thread-4146] INFO  impl.RoleInfo (RoleInfo.java:updateAndGet(143)) - b32d7882-88db-4fe6-9cca-6a25122d474d: start LeaderElection
2019-10-17 02:15:30,409 [b32d7882-88db-4fe6-9cca-6a25122d474d@group-896385CD49EE-LeaderElection492] INFO  impl.LeaderElection (LeaderElection.java:askForVotes(178)) - b32d7882-88db-4fe6-9cca-6a25122d474d@group-896385CD49EE-LeaderElection492: begin an election at term 462 for -1: [b32d7882-88db-4fe6-9cca-6a25122d474d:192.168.157.194:42206, 3aea292b-16fb-4e9b-be90-828afa8e8047:192.168.157.194:34569, a6b2ebfb-69a0-457c-b6cd-a50cc148b564:192.168.157.194:37298], old=null
2019-10-17 02:15:30,410 [grpc-default-executor-0] INFO  impl.RaftServerImpl (RaftServerImpl.java:setRole(184)) - 3aea292b-16fb-4e9b-be90-828afa8e8047@group-896385CD49EE: changes role from  FOLLOWER to FOLLOWER at term 462 for recognizeCandidate:b32d7882-88db-4fe6-9cca-6a25122d474d
2019-10-17 02:15:30,410 [grpc-default-executor-0] INFO  impl.RoleInfo (RoleInfo.java:shutdownFollowerState(121)) - 3aea292b-16fb-4e9b-be90-828afa8e8047: shutdown FollowerState
2019-10-17 02:15:30,410 [grpc-default-executor-0] INFO  impl.RoleInfo (RoleInfo.java:updateAndGet(143)) - 3aea292b-16fb-4e9b-be90-828afa8e8047: start FollowerState
2019-10-17 02:15:30,410 [Thread-4144] INFO  impl.FollowerState (FollowerState.java:run(117)) - 3aea292b-16fb-4e9b-be90-828afa8e8047@group-896385CD49EE-FollowerState was interrupted: java.lang.InterruptedException: sleep interrupted
2019-10-17 02:15:30,411 [grpc-default-executor-1] INFO  impl.RaftServerImpl (RaftServerImpl.java:setRole(184)) - a6b2ebfb-69a0-457c-b6cd-a50cc148b564@group-896385CD49EE: changes role from  FOLLOWER to FOLLOWER at term 462 for recognizeCandidate:b32d7882-88db-4fe6-9cca-6a25122d474d
2019-10-17 02:15:30,411 [grpc-default-executor-1] INFO  impl.RoleInfo (RoleInfo.java:shutdownFollowerState(121)) - a6b2ebfb-69a0-457c-b6cd-a50cc148b564: shutdown FollowerState
2019-10-17 02:15:30,411 [grpc-default-executor-1] INFO  impl.RoleInfo (RoleInfo.java:updateAndGet(143)) - a6b2ebfb-69a0-457c-b6cd-a50cc148b564: start FollowerState
2019-10-17 02:15:30,411 [Thread-4145] INFO  impl.FollowerState (FollowerState.java:run(117)) - a6b2ebfb-69a0-457c-b6cd-a50cc148b564@group-896385CD49EE-FollowerState was interrupted: java.lang.InterruptedException: sleep interrupted
2019-10-17 02:15:30,424 [b32d7882-88db-4fe6-9cca-6a25122d474d@group-896385CD49EE-LeaderElection492] INFO  impl.LeaderElection (LeaderElection.java:logAndReturn(56)) - b32d7882-88db-4fe6-9cca-6a25122d474d@group-896385CD49EE-LeaderElection492: Election REJECTED; received 2 response(s) [b32d7882-88db-4fe6-9cca-6a25122d474d<-3aea292b-16fb-4e9b-be90-828afa8e8047#0:FAIL-t462, b32d7882-88db-4fe6-9cca-6a25122d474d<-a6b2ebfb-69a0-457c-b6cd-a50cc148b564#0:FAIL-t462] and 0 exception(s); b32d7882-88db-4fe6-9cca-6a25122d474d@group-896385CD49EE:t462, leader=null, voted=b32d7882-88db-4fe6-9cca-6a25122d474d, raftlog=b32d7882-88db-4fe6-9cca-6a25122d474d@group-896385CD49EE-SegmentedRaftLog:OPENED:c-1,f-1,i0, conf=-1: [b32d7882-88db-4fe6-9cca-6a25122d474d:192.168.157.194:42206, 3aea292b-16fb-4e9b-be90-828afa8e8047:192.168.157.194:34569, a6b2ebfb-69a0-457c-b6cd-a50cc148b564:192.168.157.194:37298], old=null
2019-10-17 02:15:30,424 [b32d7882-88db-4fe6-9cca-6a25122d474d@group-896385CD49EE-LeaderElection492] INFO  impl.RaftServerImpl (RaftServerImpl.java:setRole(184)) - b32d7882-88db-4fe6-9cca-6a25122d474d@group-896385CD49EE: changes role from CANDIDATE to FOLLOWER at term 462 for DISCOVERED_A_NEW_TERM
2019-10-17 02:15:30,424 [b32d7882-88db-4fe6-9cca-6a25122d474d@group-896385CD49EE-LeaderElection492] INFO  impl.RoleInfo (RoleInfo.java:shutdownLeaderElection(134)) - b32d7882-88db-4fe6-9cca-6a25122d474d: shutdown LeaderElection
2019-10-17 02:15:30,425 [b32d7882-88db-4fe6-9cca-6a25122d474d@group-896385CD49EE-LeaderElection492] INFO  impl.RoleInfo (RoleInfo.java:updateAndGet(143)) - b32d7882-88db-4fe6-9cca-6a25122d474d: start FollowerState
2019-10-17 02:15:30,619 [Thread-4152] INFO  impl.FollowerState (FollowerState.java:run(108)) - b32d7882-88db-4fe6-9cca-6a25122d474d@group-896385CD49EE-FollowerState: change to CANDIDATE, lastRpcTime:194ms, electionTimeout:194ms
2019-10-17 02:15:30,619 [Thread-4152] INFO  impl.RoleInfo (RoleInfo.java:shutdownFollowerState(121)) - b32d7882-88db-4fe6-9cca-6a25122d474d: shutdown FollowerState
2019-10-17 02:15:30,619 [Thread-4152] INFO  impl.RaftServerImpl (RaftServerImpl.java:setRole(184)) - b32d7882-88db-4fe6-9cca-6a25122d474d@group-896385CD49EE: changes role from  FOLLOWER to CANDIDATE at term 462 for changeToCandidate
2019-10-17 02:15:30,619 [Thread-4152] INFO  impl.RoleInfo (RoleInfo.java:updateAndGet(143)) - b32d7882-88db-4fe6-9cca-6a25122d474d: start LeaderElection
2019-10-17 02:15:30,633 [b32d7882-88db-4fe6-9cca-6a25122d474d@group-896385CD49EE-LeaderElection493] INFO  impl.LeaderElection (LeaderElection.java:askForVotes(178)) - b32d7882-88db-4fe6-9cca-6a25122d474d@group-896385CD49EE-LeaderElection493: begin an election at term 463 for -1: [b32d7882-88db-4fe6-9cca-6a25122d474d:192.168.157.194:42206, 3aea292b-16fb-4e9b-be90-828afa8e8047:192.168.157.194:34569, a6b2ebfb-69a0-457c-b6cd-a50cc148b564:192.168.157.194:37298], old=null
2019-10-17 02:15:30,634 [grpc-default-executor-0] INFO  impl.RaftServerImpl (RaftServerImpl.java:setRole(184)) - 3aea292b-16fb-4e9b-be90-828afa8e8047@group-896385CD49EE: changes role from  FOLLOWER to FOLLOWER at term 463 for recognizeCandidate:b32d7882-88db-4fe6-9cca-6a25122d474d
2019-10-17 02:15:30,635 [grpc-default-executor-0] INFO  impl.RoleInfo (RoleInfo.java:shutdownFollowerState(121)) - 3aea292b-16fb-4e9b-be90-828afa8e8047: shutdown FollowerState
2019-10-17 02:15:30,634 [grpc-default-executor-1] INFO  impl.RaftServerImpl (RaftServerImpl.java:setRole(184)) - a6b2ebfb-69a0-457c-b6cd-a50cc148b564@group-896385CD49EE: changes role from  FOLLOWER to FOLLOWER at term 463 for recognizeCandidate:b32d7882-88db-4fe6-9cca-6a25122d474d
2019-10-17 02:15:30,635 [grpc-default-executor-1] INFO  impl.RoleInfo (RoleInfo.java:shutdownFollowerState(121)) - a6b2ebfb-69a0-457c-b6cd-a50cc148b564: shutdown FollowerState
2019-10-17 02:15:30,635 [Thread-4150] INFO  impl.FollowerState (FollowerState.java:run(117)) - 3aea292b-16fb-4e9b-be90-828afa8e8047@group-896385CD49EE-FollowerState was interrupted: java.lang.InterruptedException: sleep interrupted
2019-10-17 02:15:30,635 [grpc-default-executor-0] INFO  impl.RoleInfo (RoleInfo.java:updateAndGet(143)) - 3aea292b-16fb-4e9b-be90-828afa8e8047: start FollowerState
2019-10-17 02:15:30,635 [Thread-4151] INFO  impl.FollowerState (FollowerState.java:run(117)) - a6b2ebfb-69a0-457c-b6cd-a50cc148b564@group-896385CD49EE-FollowerState was interrupted: java.lang.InterruptedException: sleep interrupted
2019-10-17 02:15:30,635 [grpc-default-executor-1] INFO  impl.RoleInfo (RoleInfo.java:updateAndGet(143)) - a6b2ebfb-69a0-457c-b6cd-a50cc148b564: start FollowerState
2019-10-17 02:15:30,650 [b32d7882-88db-4fe6-9cca-6a25122d474d@group-896385CD49EE-LeaderElection493] INFO  impl.LeaderElection (LeaderElection.java:logAndReturn(56)) - b32d7882-88db-4fe6-9cca-6a25122d474d@group-896385CD49EE-LeaderElection493: Election REJECTED; received 2 response(s) [b32d7882-88db-4fe6-9cca-6a25122d474d<-3aea292b-16fb-4e9b-be90-828afa8e8047#0:FAIL-t463, b32d7882-88db-4fe6-9cca-6a25122d474d<-a6b2ebfb-69a0-457c-b6cd-a50cc148b564#0:FAIL-t463] and 0 exception(s); b32d7882-88db-4fe6-9cca-6a25122d474d@group-896385CD49EE:t463, leader=null, voted=b32d7882-88db-4fe6-9cca-6a25122d474d, raftlog=b32d7882-88db-4fe6-9cca-6a25122d474d@group-896385CD49EE-SegmentedRaftLog:OPENED:c-1,f-1,i0, conf=-1: [b32d7882-88db-4fe6-9cca-6a25122d474d:192.168.157.194:42206, 3aea292b-16fb-4e9b-be90-828afa8e8047:192.168.157.194:34569, a6b2ebfb-69a0-457c-b6cd-a50cc148b564:192.168.157.194:37298], old=null
2019-10-17 02:15:30,650 [b32d7882-88db-4fe6-9cca-6a25122d474d@group-896385CD49EE-LeaderElection493] INFO  impl.RaftServerImpl (RaftServerImpl.java:setRole(184)) - b32d7882-88db-4fe6-9cca-6a25122d474d@group-896385CD49EE: changes role from CANDIDATE to FOLLOWER at term 463 for DISCOVERED_A_NEW_TERM
2019-10-17 02:15:30,650 [b32d7882-88db-4fe6-9cca-6a25122d474d@group-896385CD49EE-LeaderElection493] INFO  impl.RoleInfo (RoleInfo.java:shutdownLeaderElection(134)) - b32d7882-88db-4fe6-9cca-6a25122d474d: shutdown LeaderElection
2019-10-17 02:15:30,651 [b32d7882-88db-4fe6-9cca-6a25122d474d@group-896385CD49EE-LeaderElection493] INFO  impl.RoleInfo (RoleInfo.java:updateAndGet(143)) - b32d7882-88db-4fe6-9cca-6a25122d474d: start FollowerState
2019-10-17 02:15:30,821 [Thread-4158] INFO  impl.FollowerState (FollowerState.java:run(108)) - b32d7882-88db-4fe6-9cca-6a25122d474d@group-896385CD49EE-FollowerState: change to CANDIDATE, lastRpcTime:170ms, electionTimeout:170ms
2019-10-17 02:15:30,821 [Thread-4158] INFO  impl.RoleInfo (RoleInfo.java:shutdownFollowerState(121)) - b32d7882-88db-4fe6-9cca-6a25122d474d: shutdown FollowerState
2019-10-17 02:15:30,821 [Thread-4158] INFO  impl.RaftServerImpl (RaftServerImpl.java:setRole(184)) - b32d7882-88db-4fe6-9cca-6a25122d474d@group-896385CD49EE: changes role from  FOLLOWER to CANDIDATE at term 463 for changeToCandidate
2019-10-17 02:15:30,821 [Thread-4158] INFO  impl.RoleInfo (RoleInfo.java:updateAndGet(143)) - b32d7882-88db-4fe6-9cca-6a25122d474d: start LeaderElection
2019-10-17 02:15:30,835 [b32d7882-88db-4fe6-9cca-6a25122d474d@group-896385CD49EE-LeaderElection494] INFO  impl.LeaderElection (LeaderElection.java:askForVotes(178)) - b32d7882-88db-4fe6-9cca-6a25122d474d@group-896385CD49EE-LeaderElection494: begin an election at term 464 for -1: [b32d7882-88db-4fe6-9cca-6a25122d474d:192.168.157.194:42206, 3aea292b-16fb-4e9b-be90-828afa8e8047:192.168.157.194:34569, a6b2ebfb-69a0-457c-b6cd-a50cc148b564:192.168.157.194:37298], old=null
2019-10-17 02:15:30,836 [grpc-default-executor-0] INFO  impl.RaftServerImpl (RaftServerImpl.java:setRole(184)) - a6b2ebfb-69a0-457c-b6cd-a50cc148b564@group-896385CD49EE: changes role from  FOLLOWER to FOLLOWER at term 464 for recognizeCandidate:b32d7882-88db-4fe6-9cca-6a25122d474d
2019-10-17 02:15:30,836 [grpc-default-executor-0] INFO  impl.RoleInfo (RoleInfo.java:shutdownFollowerState(121)) - a6b2ebfb-69a0-457c-b6cd-a50cc148b564: shutdown FollowerState
2019-10-17 02:15:30,836 [grpc-default-executor-1] INFO  impl.RaftServerImpl (RaftServerImpl.java:setRole(184)) - 3aea292b-16fb-4e9b-be90-828afa8e8047@group-896385CD49EE: changes role from  FOLLOWER to FOLLOWER at term 464 for recognizeCandidate:b32d7882-88db-4fe6-9cca-6a25122d474d
2019-10-17 02:15:30,836 [Thread-4157] INFO  impl.FollowerState (FollowerState.java:run(117)) - a6b2ebfb-69a0-457c-b6cd-a50cc148b564@group-896385CD49EE-FollowerState was interrupted: java.lang.InterruptedException: sleep interrupted
2019-10-17 02:15:30,836 [grpc-default-executor-0] INFO  impl.RoleInfo (RoleInfo.java:updateAndGet(143)) - a6b2ebfb-69a0-457c-b6cd-a50cc148b564: start FollowerState
2019-10-17 02:15:30,837 [grpc-default-executor-1] INFO  impl.RoleInfo (RoleInfo.java:shutdownFollowerState(121)) - 3aea292b-16fb-4e9b-be90-828afa8e8047: shutdown FollowerState
2019-10-17 02:15:30,837 [grpc-default-executor-1] INFO  impl.RoleInfo (RoleInfo.java:updateAndGet(143)) - 3aea292b-16fb-4e9b-be90-828afa8e8047: start FollowerState
2019-10-17 02:15:30,837 [Thread-4156] INFO  impl.FollowerState (FollowerState.java:run(117)) - 3aea292b-16fb-4e9b-be90-828afa8e8047@group-896385CD49EE-FollowerState was interrupted: java.lang.InterruptedException: sleep interrupted
2019-10-17 02:15:30,851 [b32d7882-88db-4fe6-9cca-6a25122d474d@group-896385CD49EE-LeaderElection494] INFO  impl.LeaderElection (LeaderElection.java:logAndReturn(56)) - b32d7882-88db-4fe6-9cca-6a25122d474d@group-896385CD49EE-LeaderElection494: Election REJECTED; received 2 response(s) [b32d7882-88db-4fe6-9cca-6a25122d474d<-3aea292b-16fb-4e9b-be90-828afa8e8047#0:FAIL-t464, b32d7882-88db-4fe6-9cca-6a25122d474d<-a6b2ebfb-69a0-457c-b6cd-a50cc148b564#0:FAIL-t464] and 0 exception(s); b32d7882-88db-4fe6-9cca-6a25122d474d@group-896385CD49EE:t464, leader=null, voted=b32d7882-88db-4fe6-9cca-6a25122d474d, raftlog=b32d7882-88db-4fe6-9cca-6a25122d474d@group-896385CD49EE-SegmentedRaftLog:OPENED:c-1,f-1,i0, conf=-1: [b32d7882-88db-4fe6-9cca-6a25122d474d:192.168.157.194:42206, 3aea292b-16fb-4e9b-be90-828afa8e8047:192.168.157.194:34569, a6b2ebfb-69a0-457c-b6cd-a50cc148b564:192.168.157.194:37298], old=null
2019-10-17 02:15:30,851 [b32d7882-88db-4fe6-9cca-6a25122d474d@group-896385CD49EE-LeaderElection494] INFO  impl.RaftServerImpl (RaftServerImpl.java:setRole(184)) - b32d7882-88db-4fe6-9cca-6a25122d474d@group-896385CD49EE: changes role from CANDIDATE to FOLLOWER at term 464 for DISCOVERED_A_NEW_TERM
2019-10-17 02:15:30,851 [b32d7882-88db-4fe6-9cca-6a25122d474d@group-896385CD49EE-LeaderElection494] INFO  impl.RoleInfo (RoleInfo.java:shutdownLeaderElection(134)) - b32d7882-88db-4fe6-9cca-6a25122d474d: shutdown LeaderElection
2019-10-17 02:15:30,851 [b32d7882-88db-4fe6-9cca-6a25122d474d@group-896385CD49EE-LeaderElection494] INFO  impl.RoleInfo (RoleInfo.java:updateAndGet(143)) - b32d7882-88db-4fe6-9cca-6a25122d474d: start FollowerState
2019-10-17 02:15:30,948 [Thread-4164] INFO  impl.FollowerState (FollowerState.java:run(108)) - b32d7882-88db-4fe6-9cca-6a25122d474d@group-896385CD49EE-FollowerState: change to CANDIDATE, lastRpcTime:96ms, electionTimeout:96ms
2019-10-17 02:15:30,948 [Thread-4164] INFO  impl.RoleInfo (RoleInfo.java:shutdownFollowerState(121)) - b32d7882-88db-4fe6-9cca-6a25122d474d: shutdown FollowerState
2019-10-17 02:15:30,948 [Thread-4164] INFO  impl.RaftServerImpl (RaftServerImpl.java:setRole(184)) - b32d7882-88db-4fe6-9cca-6a25122d474d@group-896385CD49EE: changes role from  FOLLOWER to CANDIDATE at term 464 for changeToCandidate
2019-10-17 02:15:30,948 [Thread-4164] INFO  impl.RoleInfo (RoleInfo.java:updateAndGet(143)) - b32d7882-88db-4fe6-9cca-6a25122d474d: start LeaderElection
2019-10-17 02:15:30,961 [b32d7882-88db-4fe6-9cca-6a25122d474d@group-896385CD49EE-LeaderElection495] INFO  impl.LeaderElection (LeaderElection.java:askForVotes(178)) - b32d7882-88db-4fe6-9cca-6a25122d474d@group-896385CD49EE-LeaderElection495: begin an election at term 465 for -1: [b32d7882-88db-4fe6-9cca-6a25122d474d:192.168.157.194:42206, 3aea292b-16fb-4e9b-be90-828afa8e8047:192.168.157.194:34569, a6b2ebfb-69a0-457c-b6cd-a50cc148b564:192.168.157.194:37298], old=null
2019-10-17 02:15:30,962 [grpc-default-executor-0] INFO  impl.RaftServerImpl (RaftServerImpl.java:setRole(184)) - 3aea292b-16fb-4e9b-be90-828afa8e8047@group-896385CD49EE: changes role from  FOLLOWER to FOLLOWER at term 465 for recognizeCandidate:b32d7882-88db-4fe6-9cca-6a25122d474d
2019-10-17 02:15:30,962 [grpc-default-executor-0] INFO  impl.RoleInfo (RoleInfo.java:shutdownFollowerState(121)) - 3aea292b-16fb-4e9b-be90-828afa8e8047: shutdown FollowerState
2019-10-17 02:15:30,962 [grpc-default-executor-0] INFO  impl.RoleInfo (RoleInfo.java:updateAndGet(143)) - 3aea292b-16fb-4e9b-be90-828afa8e8047: start FollowerState
2019-10-17 02:15:30,962 [Thread-4163] INFO  impl.FollowerState (FollowerState.java:run(117)) - 3aea292b-16fb-4e9b-be90-828afa8e8047@group-896385CD49EE-FollowerState was interrupted: java.lang.InterruptedException: sleep interrupted
2019-10-17 02:15:30,962 [grpc-default-executor-1] INFO  impl.RaftServerImpl (RaftServerImpl.java:setRole(184)) - a6b2ebfb-69a0-457c-b6cd-a50cc148b564@group-896385CD49EE: changes role from  FOLLOWER to FOLLOWER at term 465 for recognizeCandidate:b32d7882-88db-4fe6-9cca-6a25122d474d
2019-10-17 02:15:30,962 [grpc-default-executor-1] INFO  impl.RoleInfo (RoleInfo.java:shutdownFollowerState(121)) - a6b2ebfb-69a0-457c-b6cd-a50cc148b564: shutdown FollowerState
2019-10-17 02:15:30,963 [grpc-default-executor-1] INFO  impl.RoleInfo (RoleInfo.java:updateAndGet(143)) - a6b2ebfb-69a0-457c-b6cd-a50cc148b564: start FollowerState
2019-10-17 02:15:30,963 [Thread-4162] INFO  impl.FollowerState (FollowerState.java:run(117)) - a6b2ebfb-69a0-457c-b6cd-a50cc148b564@group-896385CD49EE-FollowerState was interrupted: java.lang.InterruptedException: sleep interrupted
2019-10-17 02:15:30,977 [b32d7882-88db-4fe6-9cca-6a25122d474d@group-896385CD49EE-LeaderElection495] INFO  impl.LeaderElection (LeaderElection.java:logAndReturn(56)) - b32d7882-88db-4fe6-9cca-6a25122d474d@group-896385CD49EE-LeaderElection495: Election REJECTED; received 2 response(s) [b32d7882-88db-4fe6-9cca-6a25122d474d<-3aea292b-16fb-4e9b-be90-828afa8e8047#0:FAIL-t465, b32d7882-88db-4fe6-9cca-6a25122d474d<-a6b2ebfb-69a0-457c-b6cd-a50cc148b564#0:FAIL-t465] and 0 exception(s); b32d7882-88db-4fe6-9cca-6a25122d474d@group-896385CD49EE:t465, leader=null, voted=b32d7882-88db-4fe6-9cca-6a25122d474d, raftlog=b32d7882-88db-4fe6-9cca-6a25122d474d@group-896385CD49EE-SegmentedRaftLog:OPENED:c-1,f-1,i0, conf=-1: [b32d7882-88db-4fe6-9cca-6a25122d474d:192.168.157.194:42206, 3aea292b-16fb-4e9b-be90-828afa8e8047:192.168.157.194:34569, a6b2ebfb-69a0-457c-b6cd-a50cc148b564:192.168.157.194:37298], old=null
2019-10-17 02:15:30,977 [b32d7882-88db-4fe6-9cca-6a25122d474d@group-896385CD49EE-LeaderElection495] INFO  impl.RaftServerImpl (RaftServerImpl.java:setRole(184)) - b32d7882-88db-4fe6-9cca-6a25122d474d@group-896385CD49EE: changes role from CANDIDATE to FOLLOWER at term 465 for DISCOVERED_A_NEW_TERM
2019-10-17 02:15:30,977 [b32d7882-88db-4fe6-9cca-6a25122d474d@group-896385CD49EE-LeaderElection495] INFO  impl.RoleInfo (RoleInfo.java:shutdownLeaderElection(134)) - b32d7882-88db-4fe6-9cca-6a25122d474d: shutdown LeaderElection
2019-10-17 02:15:30,977 [b32d7882-88db-4fe6-9cca-6a25122d474d@group-896385CD49EE-LeaderElection495] INFO  impl.RoleInfo (RoleInfo.java:updateAndGet(143)) - b32d7882-88db-4fe6-9cca-6a25122d474d: start FollowerState
2019-10-17 02:15:31,020 [Thread-4170] INFO  impl.FollowerState (FollowerState.java:run(108)) - b32d7882-88db-4fe6-9cca-6a25122d474d@group-896385CD49EE-FollowerState: change to CANDIDATE, lastRpcTime:43ms, electionTimeout:43ms
2019-10-17 02:15:31,021 [Thread-4170] INFO  impl.RoleInfo (RoleInfo.java:shutdownFollowerState(121)) - b32d7882-88db-4fe6-9cca-6a25122d474d: shutdown FollowerState
2019-10-17 02:15:31,021 [Thread-4170] INFO  impl.RaftServerImpl (RaftServerImpl.java:setRole(184)) - b32d7882-88db-4fe6-9cca-6a25122d474d@group-896385CD49EE: changes role from  FOLLOWER to CANDIDATE at term 465 for changeToCandidate
2019-10-17 02:15:31,021 [Thread-4170] INFO  impl.RoleInfo (RoleInfo.java:updateAndGet(143)) - b32d7882-88db-4fe6-9cca-6a25122d474d: start LeaderElection
2019-10-17 02:15:31,034 [b32d7882-88db-4fe6-9cca-6a25122d474d@group-896385CD49EE-LeaderElection496] INFO  impl.LeaderElection (LeaderElection.java:askForVotes(178)) - b32d7882-88db-4fe6-9cca-6a25122d474d@group-896385CD49EE-LeaderElection496: begin an election at term 466 for -1: [b32d7882-88db-4fe6-9cca-6a25122d474d:192.168.157.194:42206, 3aea292b-16fb-4e9b-be90-828afa8e8047:192.168.157.194:34569, a6b2ebfb-69a0-457c-b6cd-a50cc148b564:192.168.157.194:37298], old=null
2019-10-17 02:15:31,035 [grpc-default-executor-0] INFO  impl.RaftServerImpl (RaftServerImpl.java:setRole(184)) - 3aea292b-16fb-4e9b-be90-828afa8e8047@group-896385CD49EE: changes role from  FOLLOWER to FOLLOWER at term 466 for recognizeCandidate:b32d7882-88db-4fe6-9cca-6a25122d474d
2019-10-17 02:15:31,035 [grpc-default-executor-0] INFO  impl.RoleInfo (RoleInfo.java:shutdownFollowerState(121)) - 3aea292b-16fb-4e9b-be90-828afa8e8047: shutdown FollowerState
2019-10-17 02:15:31,035 [grpc-default-executor-1] INFO  impl.RaftServerImpl (RaftServerImpl.java:setRole(184)) - a6b2ebfb-69a0-457c-b6cd-a50cc148b564@group-896385CD49EE: changes role from  FOLLOWER to FOLLOWER at term 466 for recognizeCandidate:b32d7882-88db-4fe6-9cca-6a25122d474d
2019-10-17 02:15:31,035 [Thread-4168] INFO  impl.FollowerState (FollowerState.java:run(117)) - 3aea292b-16fb-4e9b-be90-828afa8e8047@group-896385CD49EE-FollowerState was interrupted: java.lang.InterruptedException: sleep interrupted
2019-10-17 02:15:31,035 [grpc-default-executor-0] INFO  impl.RoleInfo (RoleInfo.java:updateAndGet(143)) - 3aea292b-16fb-4e9b-be90-828afa8e8047: start FollowerState
2019-10-17 02:15:31,035 [grpc-default-executor-1] INFO  impl.RoleInfo (RoleInfo.java:shutdownFollowerState(121)) - a6b2ebfb-69a0-457c-b6cd-a50cc148b564: shutdown FollowerState
2019-10-17 02:15:31,036 [grpc-default-executor-1] INFO  impl.RoleInfo (RoleInfo.java:updateAndGet(143)) - a6b2ebfb-69a0-457c-b6cd-a50cc148b564: start FollowerState
2019-10-17 02:15:31,036 [Thread-4169] INFO  impl.FollowerState (FollowerState.java:run(117)) - a6b2ebfb-69a0-457c-b6cd-a50cc148b564@group-896385CD49EE-FollowerState was interrupted: java.lang.InterruptedException: sleep interrupted
2019-10-17 02:15:31,049 [b32d7882-88db-4fe6-9cca-6a25122d474d@group-896385CD49EE-LeaderElection496] INFO  impl.LeaderElection (LeaderElection.java:logAndReturn(56)) - b32d7882-88db-4fe6-9cca-6a25122d474d@group-896385CD49EE-LeaderElection496: Election REJECTED; received 2 response(s) [b32d7882-88db-4fe6-9cca-6a25122d474d<-3aea292b-16fb-4e9b-be90-828afa8e8047#0:FAIL-t466, b32d7882-88db-4fe6-9cca-6a25122d474d<-a6b2ebfb-69a0-457c-b6cd-a50cc148b564#0:FAIL-t466] and 0 exception(s); b32d7882-88db-4fe6-9cca-6a25122d474d@group-896385CD49EE:t466, leader=null, voted=b32d7882-88db-4fe6-9cca-6a25122d474d, raftlog=b32d7882-88db-4fe6-9cca-6a25122d474d@group-896385CD49EE-SegmentedRaftLog:OPENED:c-1,f-1,i0, conf=-1: [b32d7882-88db-4fe6-9cca-6a25122d474d:192.168.157.194:42206, 3aea292b-16fb-4e9b-be90-828afa8e8047:192.168.157.194:34569, a6b2ebfb-69a0-457c-b6cd-a50cc148b564:192.168.157.194:37298], old=null
2019-10-17 02:15:31,049 [b32d7882-88db-4fe6-9cca-6a25122d474d@group-896385CD49EE-LeaderElection496] INFO  impl.RaftServerImpl (RaftServerImpl.java:setRole(184)) - b32d7882-88db-4fe6-9cca-6a25122d474d@group-896385CD49EE: changes role from CANDIDATE to FOLLOWER at term 466 for DISCOVERED_A_NEW_TERM
2019-10-17 02:15:31,049 [b32d7882-88db-4fe6-9cca-6a25122d474d@group-896385CD49EE-LeaderElection496] INFO  impl.RoleInfo (RoleInfo.java:shutdownLeaderElection(134)) - b32d7882-88db-4fe6-9cca-6a25122d474d: shutdown LeaderElection
2019-10-17 02:15:31,049 [b32d7882-88db-4fe6-9cca-6a25122d474d@group-896385CD49EE-LeaderElection496] INFO  impl.RoleInfo (RoleInfo.java:updateAndGet(143)) - b32d7882-88db-4fe6-9cca-6a25122d474d: start FollowerState
2019-10-17 02:15:31,128 [Thread-4176] INFO  impl.FollowerState (FollowerState.java:run(108)) - b32d7882-88db-4fe6-9cca-6a25122d474d@group-896385CD49EE-FollowerState: change to CANDIDATE, lastRpcTime:78ms, electionTimeout:78ms
2019-10-17 02:15:31,128 [Thread-4176] INFO  impl.RoleInfo (RoleInfo.java:shutdownFollowerState(121)) - b32d7882-88db-4fe6-9cca-6a25122d474d: shutdown FollowerState
2019-10-17 02:15:31,128 [Thread-4176] INFO  impl.RaftServerImpl (RaftServerImpl.java:setRole(184)) - b32d7882-88db-4fe6-9cca-6a25122d474d@group-896385CD49EE: changes role from  FOLLOWER to CANDIDATE at term 466 for changeToCandidate
2019-10-17 02:15:31,128 [Thread-4176] INFO  impl.RoleInfo (RoleInfo.java:updateAndGet(143)) - b32d7882-88db-4fe6-9cca-6a25122d474d: start LeaderElection
2019-10-17 02:15:31,142 [b32d7882-88db-4fe6-9cca-6a25122d474d@group-896385CD49EE-LeaderElection497] INFO  impl.LeaderElection (LeaderElection.java:askForVotes(178)) - b32d7882-88db-4fe6-9cca-6a25122d474d@group-896385CD49EE-LeaderElection497: begin an election at term 467 for -1: [b32d7882-88db-4fe6-9cca-6a25122d474d:192.168.157.194:42206, 3aea292b-16fb-4e9b-be90-828afa8e8047:192.168.157.194:34569, a6b2ebfb-69a0-457c-b6cd-a50cc148b564:192.168.157.194:37298], old=null
2019-10-17 02:15:31,143 [grpc-default-executor-0] INFO  impl.RaftServerImpl (RaftServerImpl.java:setRole(184)) - 3aea292b-16fb-4e9b-be90-828afa8e8047@group-896385CD49EE: changes role from  FOLLOWER to FOLLOWER at term 467 for recognizeCandidate:b32d7882-88db-4fe6-9cca-6a25122d474d
2019-10-17 02:15:31,143 [grpc-default-executor-0] INFO  impl.RoleInfo (RoleInfo.java:shutdownFollowerState(121)) - 3aea292b-16fb-4e9b-be90-828afa8e8047: shutdown FollowerState
2019-10-17 02:15:31,143 [grpc-default-executor-1] INFO  impl.RaftServerImpl (RaftServerImpl.java:setRole(184)) - a6b2ebfb-69a0-457c-b6cd-a50cc148b564@group-896385CD49EE: changes role from  FOLLOWER to FOLLOWER at term 467 for recognizeCandidate:b32d7882-88db-4fe6-9cca-6a25122d474d
2019-10-17 02:15:31,143 [Thread-4174] INFO  impl.FollowerState (FollowerState.java:run(117)) - 3aea292b-16fb-4e9b-be90-828afa8e8047@group-896385CD49EE-FollowerState was interrupted: java.lang.InterruptedException: sleep interrupted
2019-10-17 02:15:31,143 [grpc-default-executor-0] INFO  impl.RoleInfo (RoleInfo.java:updateAndGet(143)) - 3aea292b-16fb-4e9b-be90-828afa8e8047: start FollowerState
2019-10-17 02:15:31,144 [grpc-default-executor-1] INFO  impl.RoleInfo (RoleInfo.java:shutdownFollowerState(121)) - a6b2ebfb-69a0-457c-b6cd-a50cc148b564: shutdown FollowerState
2019-10-17 02:15:31,144 [grpc-default-executor-1] INFO  impl.RoleInfo (RoleInfo.java:updateAndGet(143)) - a6b2ebfb-69a0-457c-b6cd-a50cc148b564: start FollowerState
2019-10-17 02:15:31,144 [Thread-4175] INFO  impl.FollowerState (FollowerState.java:run(117)) - a6b2ebfb-69a0-457c-b6cd-a50cc148b564@group-896385CD49EE-FollowerState was interrupted: java.lang.InterruptedException: sleep interrupted
2019-10-17 02:15:31,159 [b32d7882-88db-4fe6-9cca-6a25122d474d@group-896385CD49EE-LeaderElection497] INFO  impl.LeaderElection (LeaderElection.java:logAndReturn(56)) - b32d7882-88db-4fe6-9cca-6a25122d474d@group-896385CD49EE-LeaderElection497: Election REJECTED; received 2 response(s) [b32d7882-88db-4fe6-9cca-6a25122d474d<-3aea292b-16fb-4e9b-be90-828afa8e8047#0:FAIL-t467, b32d7882-88db-4fe6-9cca-6a25122d474d<-a6b2ebfb-69a0-457c-b6cd-a50cc148b564#0:FAIL-t467] and 0 exception(s); b32d7882-88db-4fe6-9cca-6a25122d474d@group-896385CD49EE:t467, leader=null, voted=b32d7882-88db-4fe6-9cca-6a25122d474d, raftlog=b32d7882-88db-4fe6-9cca-6a25122d474d@group-896385CD49EE-SegmentedRaftLog:OPENED:c-1,f-1,i0, conf=-1: [b32d7882-88db-4fe6-9cca-6a25122d474d:192.168.157.194:42206, 3aea292b-16fb-4e9b-be90-828afa8e8047:192.168.157.194:34569, a6b2ebfb-69a0-457c-b6cd-a50cc148b564:192.168.157.194:37298], old=null
2019-10-17 02:15:31,159 [b32d7882-88db-4fe6-9cca-6a25122d474d@group-896385CD49EE-LeaderElection497] INFO  impl.RaftServerImpl (RaftServerImpl.java:setRole(184)) - b32d7882-88db-4fe6-9cca-6a25122d474d@group-896385CD49EE: changes role from CANDIDATE to FOLLOWER at term 467 for DISCOVERED_A_NEW_TERM
2019-10-17 02:15:31,160 [b32d7882-88db-4fe6-9cca-6a25122d474d@group-896385CD49EE-LeaderElection497] INFO  impl.RoleInfo (RoleInfo.java:shutdownLeaderElection(134)) - b32d7882-88db-4fe6-9cca-6a25122d474d: shutdown LeaderElection
2019-10-17 02:15:31,160 [b32d7882-88db-4fe6-9cca-6a25122d474d@group-896385CD49EE-LeaderElection497] INFO  impl.RoleInfo (RoleInfo.java:updateAndGet(143)) - b32d7882-88db-4fe6-9cca-6a25122d474d: start FollowerState
2019-10-17 02:15:31,243 [Thread-4182] INFO  impl.FollowerState (FollowerState.java:run(108)) - b32d7882-88db-4fe6-9cca-6a25122d474d@group-896385CD49EE-FollowerState: change to CANDIDATE, lastRpcTime:83ms, electionTimeout:83ms
2019-10-17 02:15:31,243 [Thread-4182] INFO  impl.RoleInfo (RoleInfo.java:shutdownFollowerState(121)) - b32d7882-88db-4fe6-9cca-6a25122d474d: shutdown FollowerState
2019-10-17 02:15:31,243 [Thread-4182] INFO  impl.RaftServerImpl (RaftServerImpl.java:setRole(184)) - b32d7882-88db-4fe6-9cca-6a25122d474d@group-896385CD49EE: changes role from  FOLLOWER to CANDIDATE at term 467 for changeToCandidate
2019-10-17 02:15:31,243 [Thread-4182] INFO  impl.RoleInfo (RoleInfo.java:updateAndGet(143)) - b32d7882-88db-4fe6-9cca-6a25122d474d: start LeaderElection
2019-10-17 02:15:31,257 [b32d7882-88db-4fe6-9cca-6a25122d474d@group-896385CD49EE-LeaderElection498] INFO  impl.LeaderElection (LeaderElection.java:askForVotes(178)) - b32d7882-88db-4fe6-9cca-6a25122d474d@group-896385CD49EE-LeaderElection498: begin an election at term 468 for -1: [b32d7882-88db-4fe6-9cca-6a25122d474d:192.168.157.194:42206, 3aea292b-16fb-4e9b-be90-828afa8e8047:192.168.157.194:34569, a6b2ebfb-69a0-457c-b6cd-a50cc148b564:192.168.157.194:37298], old=null
2019-10-17 02:15:31,258 [grpc-default-executor-0] INFO  impl.RaftServerImpl (RaftServerImpl.java:setRole(184)) - 3aea292b-16fb-4e9b-be90-828afa8e8047@group-896385CD49EE: changes role from  FOLLOWER to FOLLOWER at term 468 for recognizeCandidate:b32d7882-88db-4fe6-9cca-6a25122d474d
2019-10-17 02:15:31,258 [grpc-default-executor-0] INFO  impl.RoleInfo (RoleInfo.java:shutdownFollowerState(121)) - 3aea292b-16fb-4e9b-be90-828afa8e8047: shutdown FollowerState
2019-10-17 02:15:31,258 [grpc-default-executor-1] INFO  impl.RaftServerImpl (RaftServerImpl.java:setRole(184)) - a6b2ebfb-69a0-457c-b6cd-a50cc148b564@group-896385CD49EE: changes role from  FOLLOWER to FOLLOWER at term 468 for recognizeCandidate:b32d7882-88db-4fe6-9cca-6a25122d474d
2019-10-17 02:15:31,259 [grpc-default-executor-1] INFO  impl.RoleInfo (RoleInfo.java:shutdownFollowerState(121)) - a6b2ebfb-69a0-457c-b6cd-a50cc148b564: shutdown FollowerState
2019-10-17 02:15:31,259 [Thread-4180] INFO  impl.FollowerState (FollowerState.java:run(117)) - 3aea292b-16fb-4e9b-be90-828afa8e8047@group-896385CD49EE-FollowerState was interrupted: java.lang.InterruptedException: sleep interrupted
2019-10-17 02:15:31,259 [grpc-default-executor-0] INFO  impl.RoleInfo (RoleInfo.java:updateAndGet(143)) - 3aea292b-16fb-4e9b-be90-828afa8e8047: start FollowerState
2019-10-17 02:15:31,259 [Thread-4181] INFO  impl.FollowerState (FollowerState.java:run(117)) - a6b2ebfb-69a0-457c-b6cd-a50cc148b564@group-896385CD49EE-FollowerState was interrupted: java.lang.InterruptedException: sleep interrupted
2019-10-17 02:15:31,259 [grpc-default-executor-1] INFO  impl.RoleInfo (RoleInfo.java:updateAndGet(143)) - a6b2ebfb-69a0-457c-b6cd-a50cc148b564: start FollowerState
2019-10-17 02:15:31,268 [ForkJoinPool.commonPool-worker-0] INFO  ozoneimpl.OzoneContainer (OzoneContainer.java:stop(227)) - Attempting to stop container services.
2019-10-17 02:15:31,268 [main] INFO  ozoneimpl.OzoneContainer (OzoneContainer.java:stop(227)) - Attempting to stop container services.
2019-10-17 02:15:31,268 [ForkJoinPool.commonPool-worker-0] INFO  impl.RaftServerProxy (RaftServerProxy.java:lambda$close$4(314)) - a6b2ebfb-69a0-457c-b6cd-a50cc148b564: close
2019-10-17 02:15:31,269 [main] INFO  impl.RaftServerProxy (RaftServerProxy.java:lambda$close$4(314)) - b32d7882-88db-4fe6-9cca-6a25122d474d: close
2019-10-17 02:15:31,269 [ForkJoinPool.commonPool-worker-0] INFO  impl.RaftServerImpl (RaftServerImpl.java:lambda$shutdown$3(261)) - a6b2ebfb-69a0-457c-b6cd-a50cc148b564@group-916737655080: shutdown
2019-10-17 02:15:31,269 [main] INFO  impl.RaftServerImpl (RaftServerImpl.java:lambda$shutdown$3(261)) - b32d7882-88db-4fe6-9cca-6a25122d474d@group-896385CD49EE: shutdown
2019-10-17 02:15:31,269 [ForkJoinPool.commonPool-worker-0] INFO  util.JmxRegister (JmxRegister.java:unregister(73)) - Successfully un-registered JMX Bean with object name Ratis:service=RaftServer,group=group-916737655080,id=a6b2ebfb-69a0-457c-b6cd-a50cc148b564
2019-10-17 02:15:31,270 [ForkJoinPool.commonPool-worker-0] INFO  impl.RoleInfo (RoleInfo.java:shutdownLeaderState(104)) - a6b2ebfb-69a0-457c-b6cd-a50cc148b564: shutdown LeaderState
2019-10-17 02:15:31,269 [main] INFO  util.JmxRegister (JmxRegister.java:unregister(73)) - Successfully un-registered JMX Bean with object name Ratis:service=RaftServer,group=group-896385CD49EE,id=b32d7882-88db-4fe6-9cca-6a25122d474d
2019-10-17 02:15:31,270 [main] INFO  impl.RoleInfo (RoleInfo.java:shutdownLeaderElection(134)) - b32d7882-88db-4fe6-9cca-6a25122d474d: shutdown LeaderElection
2019-10-17 02:15:31,270 [ForkJoinPool.commonPool-worker-0] INFO  impl.PendingRequests (PendingRequests.java:sendNotLeaderResponses(202)) - a6b2ebfb-69a0-457c-b6cd-a50cc148b564@group-916737655080-PendingRequests: sendNotLeaderResponses
2019-10-17 02:15:31,270 [main] INFO  impl.StateMachineUpdater (StateMachineUpdater.java:stopAndJoin(136)) - b32d7882-88db-4fe6-9cca-6a25122d474d@group-896385CD49EE-StateMachineUpdater: set stopIndex = -1
2019-10-17 02:15:31,271 [main] INFO  impl.RaftServerImpl (ServerState.java:close(388)) - b32d7882-88db-4fe6-9cca-6a25122d474d@group-896385CD49EE: closes. applyIndex: -1
2019-10-17 02:15:31,271 [ForkJoinPool.commonPool-worker-0] INFO  impl.StateMachineUpdater (StateMachineUpdater.java:stopAndJoin(136)) - a6b2ebfb-69a0-457c-b6cd-a50cc148b564@group-916737655080-StateMachineUpdater: set stopIndex = 0
2019-10-17 02:15:31,271 [ForkJoinPool.commonPool-worker-0] INFO  impl.RaftServerImpl (ServerState.java:close(388)) - a6b2ebfb-69a0-457c-b6cd-a50cc148b564@group-916737655080: closes. applyIndex: 0
2019-10-17 02:15:31,271 [b32d7882-88db-4fe6-9cca-6a25122d474d@group-896385CD49EE-SegmentedRaftLogWorker] INFO  segmented.SegmentedRaftLogWorker (SegmentedRaftLogWorker.java:run(316)) - b32d7882-88db-4fe6-9cca-6a25122d474d@group-896385CD49EE-SegmentedRaftLogWorker was interrupted, exiting. There are 0 tasks remaining in the queue.
2019-10-17 02:15:31,271 [main] INFO  segmented.SegmentedRaftLogWorker (SegmentedRaftLogWorker.java:close(224)) - b32d7882-88db-4fe6-9cca-6a25122d474d@group-896385CD49EE-SegmentedRaftLogWorker close()
2019-10-17 02:15:31,271 [a6b2ebfb-69a0-457c-b6cd-a50cc148b564@group-916737655080-SegmentedRaftLogWorker] INFO  segmented.SegmentedRaftLogWorker (SegmentedRaftLogWorker.java:run(316)) - a6b2ebfb-69a0-457c-b6cd-a50cc148b564@group-916737655080-SegmentedRaftLogWorker was interrupted, exiting. There are 0 tasks remaining in the queue.
2019-10-17 02:15:31,274 [main] INFO  impl.RaftServerImpl (RaftServerImpl.java:lambda$shutdown$3(261)) - b32d7882-88db-4fe6-9cca-6a25122d474d@group-26D4B34233DA: shutdown
2019-10-17 02:15:31,275 [ForkJoinPool.commonPool-worker-0] INFO  segmented.SegmentedRaftLogWorker (SegmentedRaftLogWorker.java:close(224)) - a6b2ebfb-69a0-457c-b6cd-a50cc148b564@group-916737655080-SegmentedRaftLogWorker close()
2019-10-17 02:15:31,275 [main] INFO  util.JmxRegister (JmxRegister.java:unregister(73)) - Successfully un-registered JMX Bean with object name Ratis:service=RaftServer,group=group-26D4B34233DA,id=b32d7882-88db-4fe6-9cca-6a25122d474d
2019-10-17 02:15:31,280 [b32d7882-88db-4fe6-9cca-6a25122d474d@group-896385CD49EE-LeaderElection498] INFO  impl.LeaderElection (LeaderElection.java:logAndReturn(56)) - b32d7882-88db-4fe6-9cca-6a25122d474d@group-896385CD49EE-LeaderElection498: Election REJECTED; received 1 response(s) [b32d7882-88db-4fe6-9cca-6a25122d474d<-a6b2ebfb-69a0-457c-b6cd-a50cc148b564#0:FAIL-t468] and 0 exception(s); b32d7882-88db-4fe6-9cca-6a25122d474d@group-896385CD49EE:t468, leader=null, voted=b32d7882-88db-4fe6-9cca-6a25122d474d, raftlog=b32d7882-88db-4fe6-9cca-6a25122d474d@group-896385CD49EE-SegmentedRaftLog:CLOSED:c-1, conf=-1: [b32d7882-88db-4fe6-9cca-6a25122d474d:192.168.157.194:42206, 3aea292b-16fb-4e9b-be90-828afa8e8047:192.168.157.194:34569, a6b2ebfb-69a0-457c-b6cd-a50cc148b564:192.168.157.194:37298], old=null
2019-10-17 02:15:31,280 [ForkJoinPool.commonPool-worker-0] INFO  impl.RaftServerImpl (RaftServerImpl.java:lambda$shutdown$3(261)) - a6b2ebfb-69a0-457c-b6cd-a50cc148b564@group-896385CD49EE: shutdown
2019-10-17 02:15:31,280 [main] INFO  impl.RoleInfo (RoleInfo.java:shutdownLeaderState(104)) - b32d7882-88db-4fe6-9cca-6a25122d474d: shutdown LeaderState
2019-10-17 02:15:31,281 [ForkJoinPool.commonPool-worker-0] INFO  util.JmxRegister (JmxRegister.java:unregister(73)) - Successfully un-registered JMX Bean with object name Ratis:service=RaftServer,group=group-896385CD49EE,id=a6b2ebfb-69a0-457c-b6cd-a50cc148b564
2019-10-17 02:15:31,281 [ForkJoinPool.commonPool-worker-0] INFO  impl.RoleInfo (RoleInfo.java:shutdownFollowerState(121)) - a6b2ebfb-69a0-457c-b6cd-a50cc148b564: shutdown FollowerState
2019-10-17 02:15:31,281 [ForkJoinPool.commonPool-worker-0] INFO  impl.StateMachineUpdater (StateMachineUpdater.java:stopAndJoin(136)) - a6b2ebfb-69a0-457c-b6cd-a50cc148b564@group-896385CD49EE-StateMachineUpdater: set stopIndex = -1
2019-10-17 02:15:31,281 [main] INFO  impl.PendingRequests (PendingRequests.java:sendNotLeaderResponses(202)) - b32d7882-88db-4fe6-9cca-6a25122d474d@group-26D4B34233DA-PendingRequests: sendNotLeaderResponses
2019-10-17 02:15:31,282 [ForkJoinPool.commonPool-worker-0] INFO  impl.RaftServerImpl (ServerState.java:close(388)) - a6b2ebfb-69a0-457c-b6cd-a50cc148b564@group-896385CD49EE: closes. applyIndex: -1
2019-10-17 02:15:31,281 [Thread-4187] INFO  impl.FollowerState (FollowerState.java:run(117)) - a6b2ebfb-69a0-457c-b6cd-a50cc148b564@group-896385CD49EE-FollowerState was interrupted: java.lang.InterruptedException: sleep interrupted
2019-10-17 02:15:31,282 [main] INFO  impl.StateMachineUpdater (StateMachineUpdater.java:stopAndJoin(136)) - b32d7882-88db-4fe6-9cca-6a25122d474d@group-26D4B34233DA-StateMachineUpdater: set stopIndex = 0
2019-10-17 02:15:31,282 [main] INFO  impl.RaftServerImpl (ServerState.java:close(388)) - b32d7882-88db-4fe6-9cca-6a25122d474d@group-26D4B34233DA: closes. applyIndex: 0
2019-10-17 02:15:31,282 [a6b2ebfb-69a0-457c-b6cd-a50cc148b564@group-896385CD49EE-SegmentedRaftLogWorker] INFO  segmented.SegmentedRaftLogWorker (SegmentedRaftLogWorker.java:run(316)) - a6b2ebfb-69a0-457c-b6cd-a50cc148b564@group-896385CD49EE-SegmentedRaftLogWorker was interrupted, exiting. There are 0 tasks remaining in the queue.
2019-10-17 02:15:31,283 [ForkJoinPool.commonPool-worker-0] INFO  segmented.SegmentedRaftLogWorker (SegmentedRaftLogWorker.java:close(224)) - a6b2ebfb-69a0-457c-b6cd-a50cc148b564@group-896385CD49EE-SegmentedRaftLogWorker close()
2019-10-17 02:15:31,283 [b32d7882-88db-4fe6-9cca-6a25122d474d@group-26D4B34233DA-SegmentedRaftLogWorker] INFO  segmented.SegmentedRaftLogWorker (SegmentedRaftLogWorker.java:run(316)) - b32d7882-88db-4fe6-9cca-6a25122d474d@group-26D4B34233DA-SegmentedRaftLogWorker was interrupted, exiting. There are 0 tasks remaining in the queue.
2019-10-17 02:15:31,284 [ForkJoinPool.commonPool-worker-0] INFO  server.GrpcService (GrpcService.java:closeImpl(164)) - a6b2ebfb-69a0-457c-b6cd-a50cc148b564: shutdown server with port 37298 now
2019-10-17 02:15:31,284 [main] INFO  segmented.SegmentedRaftLogWorker (SegmentedRaftLogWorker.java:close(224)) - b32d7882-88db-4fe6-9cca-6a25122d474d@group-26D4B34233DA-SegmentedRaftLogWorker close()
2019-10-17 02:15:31,285 [main] INFO  server.GrpcService (GrpcService.java:closeImpl(164)) - b32d7882-88db-4fe6-9cca-6a25122d474d: shutdown server with port 42206 now
2019-10-17 02:15:31,288 [ForkJoinPool.commonPool-worker-0] INFO  server.GrpcService (GrpcService.java:closeImpl(172)) - a6b2ebfb-69a0-457c-b6cd-a50cc148b564: shutdown server with port 37298 successfully
2019-10-17 02:15:31,288 [main] INFO  server.GrpcService (GrpcService.java:closeImpl(172)) - b32d7882-88db-4fe6-9cca-6a25122d474d: shutdown server with port 42206 successfully
2019-10-17 02:15:31,290 [refreshUsed-/workdir/hadoop-ozone/ozonefs/target/test-dir/MiniOzoneClusterImpl-a3991107-2db4-4ed9-b586-01161be3d184/datanode-1/data/containers] WARN  fs.CachingGetSpaceUsed (CachingGetSpaceUsed.java:run(183)) - Thread Interrupted waiting to refresh disk information: sleep interrupted
2019-10-17 02:15:31,291 [refreshUsed-/workdir/hadoop-ozone/ozonefs/target/test-dir/MiniOzoneClusterImpl-a3991107-2db4-4ed9-b586-01161be3d184/datanode-0/data/containers] WARN  fs.CachingGetSpaceUsed (CachingGetSpaceUsed.java:run(183)) - Thread Interrupted waiting to refresh disk information: sleep interrupted
2019-10-17 02:15:31,323 [main] INFO  utils.BackgroundService (BackgroundService.java:shutdown(151)) - Shutting down service BlockDeletingService
2019-10-17 02:15:31,323 [ForkJoinPool.commonPool-worker-0] INFO  utils.BackgroundService (BackgroundService.java:shutdown(151)) - Shutting down service BlockDeletingService
2019-10-17 02:15:31,326 [ForkJoinPool.commonPool-worker-0] INFO  statemachine.DatanodeStateMachine (DatanodeStateMachine.java:stopDaemon(395)) - Ozone container server stopped.
2019-10-17 02:15:31,326 [main] INFO  statemachine.DatanodeStateMachine (DatanodeStateMachine.java:stopDaemon(395)) - Ozone container server stopped.
2019-10-17 02:15:31,329 [main] INFO  handler.ContextHandler (ContextHandler.java:doStop(910)) - Stopped o.e.j.w.WebAppContext@491cafec{/,null,UNAVAILABLE}{/hddsDatanode}
2019-10-17 02:15:31,329 [ForkJoinPool.commonPool-worker-0] INFO  handler.ContextHandler (ContextHandler.java:doStop(910)) - Stopped o.e.j.w.WebAppContext@587c5c1{/,null,UNAVAILABLE}{/hddsDatanode}
2019-10-17 02:15:31,330 [main] INFO  server.AbstractConnector (AbstractConnector.java:doStop(318)) - Stopped ServerConnector@cbd40c1{HTTP/1.1,[http/1.1]}{0.0.0.0:0}
2019-10-17 02:15:31,330 [ForkJoinPool.commonPool-worker-0] INFO  server.AbstractConnector (AbstractConnector.java:doStop(318)) - Stopped ServerConnector@528c8c1{HTTP/1.1,[http/1.1]}{0.0.0.0:0}
2019-10-17 02:15:31,330 [main] INFO  handler.ContextHandler (ContextHandler.java:doStop(910)) - Stopped o.e.j.s.ServletContextHandler@28ee0a3c{/static,jar:file:/home/user/.m2/repository/org/apache/hadoop/hadoop-hdds-container-service/0.5.0-SNAPSHOT/hadoop-hdds-container-service-0.5.0-SNAPSHOT.jar!/webapps/static,UNAVAILABLE}
2019-10-17 02:15:31,331 [ForkJoinPool.commonPool-worker-0] INFO  handler.ContextHandler (ContextHandler.java:doStop(910)) - Stopped o.e.j.s.ServletContextHandler@15d3793b{/static,jar:file:/home/user/.m2/repository/org/apache/hadoop/hadoop-hdds-container-service/0.5.0-SNAPSHOT/hadoop-hdds-container-service-0.5.0-SNAPSHOT.jar!/webapps/static,UNAVAILABLE}
2019-10-17 02:15:31,331 [main] INFO  handler.ContextHandler (ContextHandler.java:doStop(910)) - Stopped o.e.j.s.ServletContextHandler@78d23d6a{/logs,file:///workdir/hadoop-ozone/ozonefs/target/log,UNAVAILABLE}
2019-10-17 02:15:31,332 [ForkJoinPool.commonPool-worker-0] INFO  handler.ContextHandler (ContextHandler.java:doStop(910)) - Stopped o.e.j.s.ServletContextHandler@6a3fbcb1{/logs,file:///workdir/hadoop-ozone/ozonefs/target/log,UNAVAILABLE}
2019-10-17 02:15:32,209 [Datanode State Machine Thread - 0] INFO  statemachine.DatanodeStateMachine (DatanodeStateMachine.java:lambda$startDaemon$0(350)) - Ozone container server started.
2019-10-17 02:15:36,333 [ForkJoinPool.commonPool-worker-0] INFO  ozoneimpl.OzoneContainer (OzoneContainer.java:stop(227)) - Attempting to stop container services.
2019-10-17 02:15:36,334 [ForkJoinPool.commonPool-worker-0] INFO  impl.RaftServerProxy (RaftServerProxy.java:lambda$close$4(314)) - 3aea292b-16fb-4e9b-be90-828afa8e8047: close
2019-10-17 02:15:36,334 [ForkJoinPool.commonPool-worker-0] INFO  impl.RaftServerImpl (RaftServerImpl.java:lambda$shutdown$3(261)) - 3aea292b-16fb-4e9b-be90-828afa8e8047@group-896385CD49EE: shutdown
2019-10-17 02:15:36,334 [ForkJoinPool.commonPool-worker-0] INFO  util.JmxRegister (JmxRegister.java:unregister(73)) - Successfully un-registered JMX Bean with object name Ratis:service=RaftServer,group=group-896385CD49EE,id=3aea292b-16fb-4e9b-be90-828afa8e8047
2019-10-17 02:15:36,335 [ForkJoinPool.commonPool-worker-0] INFO  impl.RoleInfo (RoleInfo.java:shutdownFollowerState(121)) - 3aea292b-16fb-4e9b-be90-828afa8e8047: shutdown FollowerState
2019-10-17 02:15:36,335 [ForkJoinPool.commonPool-worker-0] INFO  impl.StateMachineUpdater (StateMachineUpdater.java:stopAndJoin(136)) - 3aea292b-16fb-4e9b-be90-828afa8e8047@group-896385CD49EE-StateMachineUpdater: set stopIndex = -1
2019-10-17 02:15:36,335 [Thread-4186] INFO  impl.FollowerState (FollowerState.java:run(117)) - 3aea292b-16fb-4e9b-be90-828afa8e8047@group-896385CD49EE-FollowerState was interrupted: java.lang.InterruptedException: sleep interrupted
2019-10-17 02:15:36,335 [ForkJoinPool.commonPool-worker-0] INFO  impl.RaftServerImpl (ServerState.java:close(388)) - 3aea292b-16fb-4e9b-be90-828afa8e8047@group-896385CD49EE: closes. applyIndex: -1
2019-10-17 02:15:36,336 [3aea292b-16fb-4e9b-be90-828afa8e8047@group-896385CD49EE-SegmentedRaftLogWorker] INFO  segmented.SegmentedRaftLogWorker (SegmentedRaftLogWorker.java:run(316)) - 3aea292b-16fb-4e9b-be90-828afa8e8047@group-896385CD49EE-SegmentedRaftLogWorker was interrupted, exiting. There are 0 tasks remaining in the queue.
2019-10-17 02:15:36,336 [ForkJoinPool.commonPool-worker-0] INFO  segmented.SegmentedRaftLogWorker (SegmentedRaftLogWorker.java:close(224)) - 3aea292b-16fb-4e9b-be90-828afa8e8047@group-896385CD49EE-SegmentedRaftLogWorker close()
2019-10-17 02:15:36,338 [ForkJoinPool.commonPool-worker-0] INFO  impl.RaftServerImpl (RaftServerImpl.java:lambda$shutdown$3(261)) - 3aea292b-16fb-4e9b-be90-828afa8e8047@group-475F4F9EA4AD: shutdown
2019-10-17 02:15:36,338 [ForkJoinPool.commonPool-worker-0] INFO  util.JmxRegister (JmxRegister.java:unregister(73)) - Successfully un-registered JMX Bean with object name Ratis:service=RaftServer,group=group-475F4F9EA4AD,id=3aea292b-16fb-4e9b-be90-828afa8e8047
2019-10-17 02:15:36,338 [ForkJoinPool.commonPool-worker-0] INFO  impl.RoleInfo (RoleInfo.java:shutdownLeaderState(104)) - 3aea292b-16fb-4e9b-be90-828afa8e8047: shutdown LeaderState
2019-10-17 02:15:36,339 [ForkJoinPool.commonPool-worker-0] INFO  impl.PendingRequests (PendingRequests.java:sendNotLeaderResponses(202)) - 3aea292b-16fb-4e9b-be90-828afa8e8047@group-475F4F9EA4AD-PendingRequests: sendNotLeaderResponses
2019-10-17 02:15:36,339 [ForkJoinPool.commonPool-worker-0] INFO  impl.StateMachineUpdater (StateMachineUpdater.java:stopAndJoin(136)) - 3aea292b-16fb-4e9b-be90-828afa8e8047@group-475F4F9EA4AD-StateMachineUpdater: set stopIndex = 0
2019-10-17 02:15:36,340 [ForkJoinPool.commonPool-worker-0] INFO  impl.RaftServerImpl (ServerState.java:close(388)) - 3aea292b-16fb-4e9b-be90-828afa8e8047@group-475F4F9EA4AD: closes. applyIndex: 0
2019-10-17 02:15:36,340 [3aea292b-16fb-4e9b-be90-828afa8e8047@group-475F4F9EA4AD-SegmentedRaftLogWorker] INFO  segmented.SegmentedRaftLogWorker (SegmentedRaftLogWorker.java:run(316)) - 3aea292b-16fb-4e9b-be90-828afa8e8047@group-475F4F9EA4AD-SegmentedRaftLogWorker was interrupted, exiting. There are 0 tasks remaining in the queue.
2019-10-17 02:15:36,340 [ForkJoinPool.commonPool-worker-0] INFO  segmented.SegmentedRaftLogWorker (SegmentedRaftLogWorker.java:close(224)) - 3aea292b-16fb-4e9b-be90-828afa8e8047@group-475F4F9EA4AD-SegmentedRaftLogWorker close()
2019-10-17 02:15:36,341 [ForkJoinPool.commonPool-worker-0] INFO  server.GrpcService (GrpcService.java:closeImpl(164)) - 3aea292b-16fb-4e9b-be90-828afa8e8047: shutdown server with port 34569 now
2019-10-17 02:15:36,342 [ForkJoinPool.commonPool-worker-0] INFO  server.GrpcService (GrpcService.java:closeImpl(172)) - 3aea292b-16fb-4e9b-be90-828afa8e8047: shutdown server with port 34569 successfully
2019-10-17 02:15:36,345 [refreshUsed-/workdir/hadoop-ozone/ozonefs/target/test-dir/MiniOzoneClusterImpl-a3991107-2db4-4ed9-b586-01161be3d184/datanode-2/data/containers] WARN  fs.CachingGetSpaceUsed (CachingGetSpaceUsed.java:run(183)) - Thread Interrupted waiting to refresh disk information: sleep interrupted
2019-10-17 02:15:36,368 [ForkJoinPool.commonPool-worker-0] INFO  utils.BackgroundService (BackgroundService.java:shutdown(151)) - Shutting down service BlockDeletingService
2019-10-17 02:15:36,370 [ForkJoinPool.commonPool-worker-0] INFO  statemachine.DatanodeStateMachine (DatanodeStateMachine.java:stopDaemon(395)) - Ozone container server stopped.
2019-10-17 02:15:36,374 [ForkJoinPool.commonPool-worker-0] INFO  handler.ContextHandler (ContextHandler.java:doStop(910)) - Stopped o.e.j.w.WebAppContext@6a55594b{/,null,UNAVAILABLE}{/hddsDatanode}
2019-10-17 02:15:36,375 [ForkJoinPool.commonPool-worker-0] INFO  server.AbstractConnector (AbstractConnector.java:doStop(318)) - Stopped ServerConnector@632b305d{HTTP/1.1,[http/1.1]}{0.0.0.0:0}
2019-10-17 02:15:36,379 [ForkJoinPool.commonPool-worker-0] INFO  handler.ContextHandler (ContextHandler.java:doStop(910)) - Stopped o.e.j.s.ServletContextHandler@372461a9{/static,jar:file:/home/user/.m2/repository/org/apache/hadoop/hadoop-hdds-container-service/0.5.0-SNAPSHOT/hadoop-hdds-container-service-0.5.0-SNAPSHOT.jar!/webapps/static,UNAVAILABLE}
2019-10-17 02:15:36,379 [ForkJoinPool.commonPool-worker-0] INFO  handler.ContextHandler (ContextHandler.java:doStop(910)) - Stopped o.e.j.s.ServletContextHandler@457a5b2d{/logs,file:///workdir/hadoop-ozone/ozonefs/target/log,UNAVAILABLE}
2019-10-17 02:15:36,380 [main] INFO  ozone.MiniOzoneClusterImpl (MiniOzoneClusterImpl.java:stopSCM(430)) - Stopping the StorageContainerManager
2019-10-17 02:15:36,380 [main] INFO  server.StorageContainerManager (StorageContainerManager.java:stop(810)) - Stopping Replication Manager Service.
2019-10-17 02:15:36,381 [main] INFO  container.ReplicationManager (ReplicationManager.java:stop(203)) - Stopping Replication Monitor Thread.
2019-10-17 02:15:36,381 [main] INFO  server.StorageContainerManager (StorageContainerManager.java:stop(817)) - Stopping Lease Manager of the command watchers
2019-10-17 02:15:36,381 [main] INFO  server.StorageContainerManager (StorageContainerManager.java:stop(824)) - Stopping datanode service RPC server
2019-10-17 02:15:36,381 [main] INFO  server.SCMDatanodeProtocolServer (SCMDatanodeProtocolServer.java:stop(346)) - Stopping the RPC server for DataNodes
2019-10-17 02:15:36,381 [main] INFO  ipc.Server (Server.java:stop(3082)) - Stopping server on 38076
2019-10-17 02:15:36,383 [IPC Server listener on 38076] INFO  ipc.Server (Server.java:run(1185)) - Stopping IPC Server listener on 38076
2019-10-17 02:15:36,384 [IPC Server Responder] INFO  ipc.Server (Server.java:run(1319)) - Stopping IPC Server Responder
2019-10-17 02:15:36,422 [SCM Heartbeat Processing Thread - 0] WARN  node.NodeStateManager (NodeStateManager.java:scheduleNextHealthCheck(646)) - Current Thread is interrupted, shutting down HB processing thread for Node Manager.
2019-10-17 02:15:36,422 [main] INFO  server.StorageContainerManager (StorageContainerManager.java:stop(832)) - Stopping block service RPC server
2019-10-17 02:15:36,423 [main] INFO  server.SCMBlockProtocolServer (SCMBlockProtocolServer.java:stop(155)) - Stopping the RPC server for Block Protocol
2019-10-17 02:15:36,423 [main] INFO  ipc.Server (Server.java:stop(3082)) - Stopping server on 35795
2019-10-17 02:15:36,425 [IPC Server listener on 35795] INFO  ipc.Server (Server.java:run(1185)) - Stopping IPC Server listener on 35795
2019-10-17 02:15:36,425 [main] INFO  server.StorageContainerManager (StorageContainerManager.java:stop(839)) - Stopping the StorageContainerLocationProtocol RPC server
2019-10-17 02:15:36,425 [IPC Server Responder] INFO  ipc.Server (Server.java:run(1319)) - Stopping IPC Server Responder
2019-10-17 02:15:36,425 [main] INFO  server.SCMClientProtocolServer (SCMClientProtocolServer.java:stop(168)) - Stopping the RPC server for Client Protocol
2019-10-17 02:15:36,426 [main] INFO  ipc.Server (Server.java:stop(3082)) - Stopping server on 40756
2019-10-17 02:15:36,429 [IPC Server listener on 40756] INFO  ipc.Server (Server.java:run(1185)) - Stopping IPC Server listener on 40756
2019-10-17 02:15:36,430 [main] INFO  server.StorageContainerManager (StorageContainerManager.java:stop(846)) - Stopping Storage Container Manager HTTP server.
2019-10-17 02:15:36,430 [IPC Server Responder] INFO  ipc.Server (Server.java:run(1319)) - Stopping IPC Server Responder
2019-10-17 02:15:36,432 [main] INFO  handler.ContextHandler (ContextHandler.java:doStop(910)) - Stopped o.e.j.w.WebAppContext@4f820f42{/,null,UNAVAILABLE}{/scm}
2019-10-17 02:15:36,433 [main] INFO  server.AbstractConnector (AbstractConnector.java:doStop(318)) - Stopped ServerConnector@4b325930{HTTP/1.1,[http/1.1]}{0.0.0.0:0}
2019-10-17 02:15:36,434 [main] INFO  handler.ContextHandler (ContextHandler.java:doStop(910)) - Stopped o.e.j.s.ServletContextHandler@11d4d979{/static,jar:file:/home/user/.m2/repository/org/apache/hadoop/hadoop-hdds-server-scm/0.5.0-SNAPSHOT/hadoop-hdds-server-scm-0.5.0-SNAPSHOT.jar!/webapps/static,UNAVAILABLE}
2019-10-17 02:15:36,434 [main] INFO  handler.ContextHandler (ContextHandler.java:doStop(910)) - Stopped o.e.j.s.ServletContextHandler@531ec978{/logs,file:///workdir/hadoop-ozone/ozonefs/target/log,UNAVAILABLE}
2019-10-17 02:15:36,435 [main] INFO  server.StorageContainerManager (StorageContainerManager.java:stop(857)) - Stopping Block Manager Service.
2019-10-17 02:15:36,435 [main] INFO  utils.BackgroundService (BackgroundService.java:shutdown(151)) - Shutting down service SCMBlockDeletingService
2019-10-17 02:15:36,435 [main] INFO  utils.BackgroundService (BackgroundService.java:shutdown(151)) - Shutting down service SCMBlockDeletingService
2019-10-17 02:15:36,436 [main] INFO  server.StorageContainerManager (StorageContainerManager.java:stop(879)) - Stopping SCM Event Queue.
2019-10-17 02:15:36,441 [main] INFO  impl.MetricsSystemImpl (MetricsSystemImpl.java:stop(210)) - Stopping HddsDatanode metrics system...
2019-10-17 02:15:36,445 [main] INFO  impl.MetricsSystemImpl (MetricsSystemImpl.java:stop(216)) - HddsDatanode metrics system stopped.
]]></system-out>
  </testcase>
  <testcase name="testOzFsReadWrite[0]" classname="org.apache.hadoop.fs.ozone.TestOzoneFileInterfaces" time="17.432"/>
  <testcase name="testOzoneManagerFileSystemInterface[1]" classname="org.apache.hadoop.fs.ozone.TestOzoneFileInterfaces" time="16.996"/>
  <testcase name="testListStatus[1]" classname="org.apache.hadoop.fs.ozone.TestOzoneFileInterfaces" time="16.899"/>
  <testcase name="testDirectory[1]" classname="org.apache.hadoop.fs.ozone.TestOzoneFileInterfaces" time="16.851"/>
  <testcase name="testPathToKey[1]" classname="org.apache.hadoop.fs.ozone.TestOzoneFileInterfaces" time="16.285"/>
  <testcase name="testFileSystemInit[1]" classname="org.apache.hadoop.fs.ozone.TestOzoneFileInterfaces" time="16.99"/>
  <testcase name="testOzFsReadWrite[1]" classname="org.apache.hadoop.fs.ozone.TestOzoneFileInterfaces" time="17.577"/>
</testsuite>