<?xml version="1.0" encoding="UTF-8"?>
<testsuite xmlns:xsi="http://www.w3.org/2001/XMLSchema-instance" xsi:noNamespaceSchemaLocation="https://maven.apache.org/surefire/maven-surefire-plugin/xsd/surefire-test-report.xsd" name="org.apache.hadoop.fs.ozone.contract.ITestOzoneContractMkdir" time="387.934" tests="8" errors="2" skipped="0" failures="0">
  <properties>
    <property name="awt.toolkit" value="sun.awt.X11.XToolkit"/>
    <property name="file.encoding.pkg" value="sun.io"/>
    <property name="java.specification.version" value="1.8"/>
    <property name="sun.cpu.isalist" value=""/>
    <property name="sun.jnu.encoding" value="UTF-8"/>
    <property name="java.class.path" value="/workdir/hadoop-ozone/ozonefs/target/test-classes:/workdir/hadoop-ozone/ozonefs/target/classes:/home/user/.m2/repository/org/apache/hadoop/hadoop-common/3.2.0/hadoop-common-3.2.0.jar:/home/user/.m2/repository/org/apache/hadoop/hadoop-annotations/3.2.0/hadoop-annotations-3.2.0.jar:/usr/lib/jvm/java-1.8-openjdk/jre/../lib/tools.jar:/home/user/.m2/repository/com/google/guava/guava/11.0.2/guava-11.0.2.jar:/home/user/.m2/repository/commons-cli/commons-cli/1.2/commons-cli-1.2.jar:/home/user/.m2/repository/org/apache/commons/commons-math3/3.1.1/commons-math3-3.1.1.jar:/home/user/.m2/repository/commons-codec/commons-codec/1.11/commons-codec-1.11.jar:/home/user/.m2/repository/commons-io/commons-io/2.5/commons-io-2.5.jar:/home/user/.m2/repository/commons-net/commons-net/3.6/commons-net-3.6.jar:/home/user/.m2/repository/commons-collections/commons-collections/3.2.2/commons-collections-3.2.2.jar:/home/user/.m2/repository/javax/servlet/javax.servlet-api/3.1.0/javax.servlet-api-3.1.0.jar:/home/user/.m2/repository/org/eclipse/jetty/jetty-server/9.3.25.v20180904/jetty-server-9.3.25.v20180904.jar:/home/user/.m2/repository/org/eclipse/jetty/jetty-http/9.3.25.v20180904/jetty-http-9.3.25.v20180904.jar:/home/user/.m2/repository/org/eclipse/jetty/jetty-io/9.3.25.v20180904/jetty-io-9.3.25.v20180904.jar:/home/user/.m2/repository/org/eclipse/jetty/jetty-util/9.3.25.v20180904/jetty-util-9.3.25.v20180904.jar:/home/user/.m2/repository/org/eclipse/jetty/jetty-servlet/9.3.25.v20180904/jetty-servlet-9.3.25.v20180904.jar:/home/user/.m2/repository/org/eclipse/jetty/jetty-security/9.3.25.v20180904/jetty-security-9.3.25.v20180904.jar:/home/user/.m2/repository/org/eclipse/jetty/jetty-webapp/9.3.25.v20180904/jetty-webapp-9.3.25.v20180904.jar:/home/user/.m2/repository/org/eclipse/jetty/jetty-xml/9.3.25.v20180904/jetty-xml-9.3.25.v20180904.jar:/home/user/.m2/repository/javax/servlet/jsp/jsp-api/2.1/jsp-api-2.1.jar:/home/user/.m2/repository/com/sun/jersey/jersey-core/1.19/jersey-core-1.19.jar:/home/user/.m2/repository/javax/ws/rs/jsr311-api/1.1.1/jsr311-api-1.1.1.jar:/home/user/.m2/repository/com/sun/jersey/jersey-servlet/1.19/jersey-servlet-1.19.jar:/home/user/.m2/repository/com/sun/jersey/jersey-json/1.19/jersey-json-1.19.jar:/home/user/.m2/repository/org/codehaus/jettison/jettison/1.1/jettison-1.1.jar:/home/user/.m2/repository/com/sun/xml/bind/jaxb-impl/2.3.0.1/jaxb-impl-2.3.0.1.jar:/home/user/.m2/repository/org/codehaus/jackson/jackson-core-asl/1.9.13/jackson-core-asl-1.9.13.jar:/home/user/.m2/repository/org/codehaus/jackson/jackson-mapper-asl/1.9.13/jackson-mapper-asl-1.9.13.jar:/home/user/.m2/repository/org/codehaus/jackson/jackson-jaxrs/1.9.13/jackson-jaxrs-1.9.13.jar:/home/user/.m2/repository/org/codehaus/jackson/jackson-xc/1.9.13/jackson-xc-1.9.13.jar:/home/user/.m2/repository/com/sun/jersey/jersey-server/1.19/jersey-server-1.19.jar:/home/user/.m2/repository/commons-logging/commons-logging/1.1.3/commons-logging-1.1.3.jar:/home/user/.m2/repository/log4j/log4j/1.2.17/log4j-1.2.17.jar:/home/user/.m2/repository/commons-beanutils/commons-beanutils/1.9.4/commons-beanutils-1.9.4.jar:/home/user/.m2/repository/org/apache/commons/commons-configuration2/2.1.1/commons-configuration2-2.1.1.jar:/home/user/.m2/repository/org/apache/commons/commons-lang3/3.7/commons-lang3-3.7.jar:/home/user/.m2/repository/org/apache/commons/commons-text/1.4/commons-text-1.4.jar:/home/user/.m2/repository/org/slf4j/slf4j-api/1.7.25/slf4j-api-1.7.25.jar:/home/user/.m2/repository/org/slf4j/slf4j-log4j12/1.7.25/slf4j-log4j12-1.7.25.jar:/home/user/.m2/repository/org/apache/avro/avro/1.7.7/avro-1.7.7.jar:/home/user/.m2/repository/com/thoughtworks/paranamer/paranamer/2.3/paranamer-2.3.jar:/home/user/.m2/repository/org/xerial/snappy/snappy-java/1.0.5/snappy-java-1.0.5.jar:/home/user/.m2/repository/com/google/re2j/re2j/1.1/re2j-1.1.jar:/home/user/.m2/repository/com/google/protobuf/protobuf-java/2.5.0/protobuf-java-2.5.0.jar:/home/user/.m2/repository/com/google/code/gson/gson/2.2.4/gson-2.2.4.jar:/home/user/.m2/repository/org/apache/hadoop/hadoop-auth/3.2.0/hadoop-auth-3.2.0.jar:/home/user/.m2/repository/com/nimbusds/nimbus-jose-jwt/4.41.1/nimbus-jose-jwt-4.41.1.jar:/home/user/.m2/repository/com/github/stephenc/jcip/jcip-annotations/1.0-1/jcip-annotations-1.0-1.jar:/home/user/.m2/repository/net/minidev/json-smart/2.3/json-smart-2.3.jar:/home/user/.m2/repository/net/minidev/accessors-smart/1.2/accessors-smart-1.2.jar:/home/user/.m2/repository/org/apache/curator/curator-framework/2.12.0/curator-framework-2.12.0.jar:/home/user/.m2/repository/com/jcraft/jsch/0.1.54/jsch-0.1.54.jar:/home/user/.m2/repository/org/apache/curator/curator-client/2.12.0/curator-client-2.12.0.jar:/home/user/.m2/repository/org/apache/curator/curator-recipes/2.12.0/curator-recipes-2.12.0.jar:/home/user/.m2/repository/com/google/code/findbugs/jsr305/3.0.0/jsr305-3.0.0.jar:/home/user/.m2/repository/org/apache/htrace/htrace-core4/4.1.0-incubating/htrace-core4-4.1.0-incubating.jar:/home/user/.m2/repository/org/apache/zookeeper/zookeeper/3.4.13/zookeeper-3.4.13.jar:/home/user/.m2/repository/jline/jline/0.9.94/jline-0.9.94.jar:/home/user/.m2/repository/org/apache/yetus/audience-annotations/0.5.0/audience-annotations-0.5.0.jar:/home/user/.m2/repository/org/apache/commons/commons-compress/1.4.1/commons-compress-1.4.1.jar:/home/user/.m2/repository/org/tukaani/xz/1.0/xz-1.0.jar:/home/user/.m2/repository/org/apache/kerby/kerb-simplekdc/1.0.1/kerb-simplekdc-1.0.1.jar:/home/user/.m2/repository/org/apache/kerby/kerb-client/1.0.1/kerb-client-1.0.1.jar:/home/user/.m2/repository/org/apache/kerby/kerby-config/1.0.1/kerby-config-1.0.1.jar:/home/user/.m2/repository/org/apache/kerby/kerb-core/1.0.1/kerb-core-1.0.1.jar:/home/user/.m2/repository/org/apache/kerby/kerby-pkix/1.0.1/kerby-pkix-1.0.1.jar:/home/user/.m2/repository/org/apache/kerby/kerby-asn1/1.0.1/kerby-asn1-1.0.1.jar:/home/user/.m2/repository/org/apache/kerby/kerby-util/1.0.1/kerby-util-1.0.1.jar:/home/user/.m2/repository/org/apache/kerby/kerb-common/1.0.1/kerb-common-1.0.1.jar:/home/user/.m2/repository/org/apache/kerby/kerb-crypto/1.0.1/kerb-crypto-1.0.1.jar:/home/user/.m2/repository/org/apache/kerby/kerb-util/1.0.1/kerb-util-1.0.1.jar:/home/user/.m2/repository/org/apache/kerby/token-provider/1.0.1/token-provider-1.0.1.jar:/home/user/.m2/repository/org/apache/kerby/kerb-admin/1.0.1/kerb-admin-1.0.1.jar:/home/user/.m2/repository/org/apache/kerby/kerb-server/1.0.1/kerb-server-1.0.1.jar:/home/user/.m2/repository/org/apache/kerby/kerb-identity/1.0.1/kerb-identity-1.0.1.jar:/home/user/.m2/repository/org/apache/kerby/kerby-xdr/1.0.1/kerby-xdr-1.0.1.jar:/home/user/.m2/repository/com/fasterxml/jackson/core/jackson-databind/2.9.9/jackson-databind-2.9.9.jar:/home/user/.m2/repository/com/fasterxml/jackson/core/jackson-annotations/2.9.9/jackson-annotations-2.9.9.jar:/home/user/.m2/repository/com/fasterxml/jackson/core/jackson-core/2.9.9/jackson-core-2.9.9.jar:/home/user/.m2/repository/org/codehaus/woodstox/stax2-api/3.1.4/stax2-api-3.1.4.jar:/home/user/.m2/repository/com/fasterxml/woodstox/woodstox-core/5.0.3/woodstox-core-5.0.3.jar:/home/user/.m2/repository/dnsjava/dnsjava/2.1.7/dnsjava-2.1.7.jar:/home/user/.m2/repository/org/apache/hadoop/hadoop-hdfs/3.2.0/hadoop-hdfs-3.2.0.jar:/home/user/.m2/repository/org/eclipse/jetty/jetty-util-ajax/9.3.25.v20180904/jetty-util-ajax-9.3.25.v20180904.jar:/home/user/.m2/repository/commons-daemon/commons-daemon/1.0.13/commons-daemon-1.0.13.jar:/home/user/.m2/repository/io/netty/netty/3.10.5.Final/netty-3.10.5.Final.jar:/home/user/.m2/repository/io/netty/netty-all/4.0.52.Final/netty-all-4.0.52.Final.jar:/home/user/.m2/repository/org/fusesource/leveldbjni/leveldbjni-all/1.8/leveldbjni-all-1.8.jar:/home/user/.m2/repository/org/apache/hadoop/hadoop-hdds-common/0.5.0-SNAPSHOT/hadoop-hdds-common-0.5.0-SNAPSHOT.jar:/home/user/.m2/repository/org/apache/hadoop/hadoop-hdds-config/0.5.0-SNAPSHOT/hadoop-hdds-config-0.5.0-SNAPSHOT.jar:/home/user/.m2/repository/javax/annotation/javax.annotation-api/1.2/javax.annotation-api-1.2.jar:/home/user/.m2/repository/org/apache/ratis/ratis-server/0.4.0/ratis-server-0.4.0.jar:/home/user/.m2/repository/org/apache/ratis/ratis-thirdparty-misc/0.2.0/ratis-thirdparty-misc-0.2.0.jar:/home/user/.m2/repository/org/apache/ratis/ratis-proto/0.4.0/ratis-proto-0.4.0.jar:/home/user/.m2/repository/org/apache/ratis/ratis-common/0.4.0/ratis-common-0.4.0.jar:/home/user/.m2/repository/org/apache/ratis/ratis-client/0.4.0/ratis-client-0.4.0.jar:/home/user/.m2/repository/org/apache/ratis/ratis-metrics/0.4.0/ratis-metrics-0.4.0.jar:/home/user/.m2/repository/com/github/joshelser/dropwizard-metrics-hadoop-metrics2-reporter/0.1.2/dropwizard-metrics-hadoop-metrics2-reporter-0.1.2.jar:/home/user/.m2/repository/io/dropwizard/metrics/metrics-jvm/3.2.5/metrics-jvm-3.2.5.jar:/home/user/.m2/repository/io/dropwizard/metrics/metrics-ganglia/3.2.5/metrics-ganglia-3.2.5.jar:/home/user/.m2/repository/info/ganglia/gmetric4j/gmetric4j/1.0.7/gmetric4j-1.0.7.jar:/home/user/.m2/repository/org/apache/ratis/ratis-netty/0.4.0/ratis-netty-0.4.0.jar:/home/user/.m2/repository/org/apache/ratis/ratis-grpc/0.4.0/ratis-grpc-0.4.0.jar:/home/user/.m2/repository/org/rocksdb/rocksdbjni/6.0.1/rocksdbjni-6.0.1.jar:/home/user/.m2/repository/org/apache/logging/log4j/log4j-api/2.11.0/log4j-api-2.11.0.jar:/home/user/.m2/repository/org/apache/logging/log4j/log4j-core/2.11.0/log4j-core-2.11.0.jar:/home/user/.m2/repository/com/lmax/disruptor/3.4.2/disruptor-3.4.2.jar:/home/user/.m2/repository/org/apache/commons/commons-pool2/2.6.0/commons-pool2-2.6.0.jar:/home/user/.m2/repository/org/bouncycastle/bcpkix-jdk15on/1.60/bcpkix-jdk15on-1.60.jar:/home/user/.m2/repository/commons-validator/commons-validator/1.6/commons-validator-1.6.jar:/home/user/.m2/repository/commons-digester/commons-digester/1.8.1/commons-digester-1.8.1.jar:/home/user/.m2/repository/io/jaegertracing/jaeger-client/0.34.0/jaeger-client-0.34.0.jar:/home/user/.m2/repository/io/jaegertracing/jaeger-thrift/0.34.0/jaeger-thrift-0.34.0.jar:/home/user/.m2/repository/org/apache/thrift/libthrift/0.12.0/libthrift-0.12.0.jar:/home/user/.m2/repository/com/squareup/okhttp3/okhttp/3.9.0/okhttp-3.9.0.jar:/home/user/.m2/repository/com/squareup/okio/okio/1.13.0/okio-1.13.0.jar:/home/user/.m2/repository/io/jaegertracing/jaeger-core/0.34.0/jaeger-core-0.34.0.jar:/home/user/.m2/repository/io/jaegertracing/jaeger-tracerresolver/0.34.0/jaeger-tracerresolver-0.34.0.jar:/home/user/.m2/repository/io/opentracing/contrib/opentracing-tracerresolver/0.1.5/opentracing-tracerresolver-0.1.5.jar:/home/user/.m2/repository/io/opentracing/opentracing-util/0.31.0/opentracing-util-0.31.0.jar:/home/user/.m2/repository/io/opentracing/opentracing-api/0.31.0/opentracing-api-0.31.0.jar:/home/user/.m2/repository/io/opentracing/opentracing-noop/0.31.0/opentracing-noop-0.31.0.jar:/home/user/.m2/repository/org/yaml/snakeyaml/1.16/snakeyaml-1.16.jar:/home/user/.m2/repository/org/apache/hadoop/hadoop-hdfs-client/3.2.0/hadoop-hdfs-client-3.2.0.jar:/home/user/.m2/repository/info/picocli/picocli/3.9.6/picocli-3.9.6.jar:/home/user/.m2/repository/org/apache/hadoop/hadoop-hdds-server-scm/0.5.0-SNAPSHOT/hadoop-hdds-server-scm-0.5.0-SNAPSHOT.jar:/home/user/.m2/repository/org/apache/hadoop/hadoop-hdds-docs/0.5.0-SNAPSHOT/hadoop-hdds-docs-0.5.0-SNAPSHOT.jar:/home/user/.m2/repository/io/dropwizard/metrics/metrics-core/3.2.4/metrics-core-3.2.4.jar:/home/user/.m2/repository/org/hamcrest/hamcrest-all/1.3/hamcrest-all-1.3.jar:/home/user/.m2/repository/org/bouncycastle/bcprov-jdk15on/1.60/bcprov-jdk15on-1.60.jar:/home/user/.m2/repository/org/apache/hadoop/hadoop-hdds-server-framework/0.5.0-SNAPSHOT/hadoop-hdds-server-framework-0.5.0-SNAPSHOT.jar:/home/user/.m2/repository/org/apache/hadoop/hadoop-ozone-ozone-manager/0.5.0-SNAPSHOT/hadoop-ozone-ozone-manager-0.5.0-SNAPSHOT.jar:/home/user/.m2/repository/org/apache/hadoop/hadoop-hdds-container-service/0.5.0-SNAPSHOT/hadoop-hdds-container-service-0.5.0-SNAPSHOT.jar:/home/user/.m2/repository/org/apache/hadoop/hadoop-hdds-client/0.5.0-SNAPSHOT/hadoop-hdds-client-0.5.0-SNAPSHOT.jar:/home/user/.m2/repository/org/apache/hadoop/hadoop-ozone-common/0.5.0-SNAPSHOT/hadoop-ozone-common-0.5.0-SNAPSHOT.jar:/home/user/.m2/repository/org/apache/hadoop/hadoop-hdds-tools/0.5.0-SNAPSHOT/hadoop-hdds-tools-0.5.0-SNAPSHOT.jar:/home/user/.m2/repository/org/xerial/sqlite-jdbc/3.25.2/sqlite-jdbc-3.25.2.jar:/home/user/.m2/repository/org/apache/httpcomponents/httpclient/4.5.2/httpclient-4.5.2.jar:/home/user/.m2/repository/org/apache/httpcomponents/httpcore/4.4.4/httpcore-4.4.4.jar:/home/user/.m2/repository/com/github/spotbugs/spotbugs/3.1.12/spotbugs-3.1.12.jar:/home/user/.m2/repository/org/ow2/asm/asm/5.0.4/asm-5.0.4.jar:/home/user/.m2/repository/org/ow2/asm/asm-analysis/7.0/asm-analysis-7.0.jar:/home/user/.m2/repository/org/ow2/asm/asm-commons/7.0/asm-commons-7.0.jar:/home/user/.m2/repository/org/ow2/asm/asm-tree/7.0/asm-tree-7.0.jar:/home/user/.m2/repository/org/ow2/asm/asm-util/7.0/asm-util-7.0.jar:/home/user/.m2/repository/org/apache/bcel/bcel/6.3/bcel-6.3.jar:/home/user/.m2/repository/net/jcip/jcip-annotations/1.0/jcip-annotations-1.0.jar:/home/user/.m2/repository/org/dom4j/dom4j/2.1.1/dom4j-2.1.1.jar:/home/user/.m2/repository/jaxen/jaxen/1.1.6/jaxen-1.1.6.jar:/home/user/.m2/repository/commons-lang/commons-lang/2.6/commons-lang-2.6.jar:/home/user/.m2/repository/com/github/spotbugs/spotbugs-annotations/3.1.12/spotbugs-annotations-3.1.12.jar:/home/user/.m2/repository/org/apache/hadoop/hadoop-common/3.2.0/hadoop-common-3.2.0-tests.jar:/home/user/.m2/repository/org/apache/hadoop/hadoop-ozone-client/0.5.0-SNAPSHOT/hadoop-ozone-client-0.5.0-SNAPSHOT.jar:/home/user/.m2/repository/org/apache/hadoop/hadoop-hdfs/3.2.0/hadoop-hdfs-3.2.0-tests.jar:/workdir/hadoop-ozone/integration-test/target/test-classes:/home/user/.m2/repository/org/apache/hadoop/hadoop-ozone-s3gateway/0.5.0-SNAPSHOT/hadoop-ozone-s3gateway-0.5.0-SNAPSHOT.jar:/home/user/.m2/repository/org/jboss/weld/servlet/weld-servlet/2.4.7.Final/weld-servlet-2.4.7.Final.jar:/home/user/.m2/repository/org/glassfish/jersey/containers/jersey-container-servlet-core/2.27/jersey-container-servlet-core-2.27.jar:/home/user/.m2/repository/org/glassfish/hk2/external/javax.inject/2.5.0-b42/javax.inject-2.5.0-b42.jar:/home/user/.m2/repository/org/glassfish/jersey/core/jersey-common/2.27/jersey-common-2.27.jar:/home/user/.m2/repository/org/glassfish/hk2/osgi-resource-locator/1.0.1/osgi-resource-locator-1.0.1.jar:/home/user/.m2/repository/javax/ws/rs/javax.ws.rs-api/2.1/javax.ws.rs-api-2.1.jar:/home/user/.m2/repository/org/glassfish/jersey/ext/cdi/jersey-cdi1x/2.27/jersey-cdi1x-2.27.jar:/home/user/.m2/repository/org/glassfish/jersey/inject/jersey-hk2/2.27/jersey-hk2-2.27.jar:/home/user/.m2/repository/org/glassfish/hk2/hk2-locator/2.5.0-b42/hk2-locator-2.5.0-b42.jar:/home/user/.m2/repository/org/javassist/javassist/3.22.0-CR2/javassist-3.22.0-CR2.jar:/home/user/.m2/repository/org/glassfish/hk2/hk2-api/2.5.0/hk2-api-2.5.0.jar:/home/user/.m2/repository/org/glassfish/hk2/external/jakarta.inject/2.5.0/jakarta.inject-2.5.0.jar:/home/user/.m2/repository/org/glassfish/hk2/hk2-utils/2.5.0/hk2-utils-2.5.0.jar:/home/user/.m2/repository/jakarta/annotation/jakarta.annotation-api/1.3.4/jakarta.annotation-api-1.3.4.jar:/home/user/.m2/repository/org/glassfish/hk2/external/aopalliance-repackaged/2.5.0/aopalliance-repackaged-2.5.0.jar:/home/user/.m2/repository/com/fasterxml/jackson/dataformat/jackson-dataformat-xml/2.9.0/jackson-dataformat-xml-2.9.0.jar:/home/user/.m2/repository/com/fasterxml/jackson/module/jackson-module-jaxb-annotations/2.9.9/jackson-module-jaxb-annotations-2.9.9.jar:/home/user/.m2/repository/javax/enterprise/cdi-api/1.2/cdi-api-1.2.jar:/home/user/.m2/repository/javax/el/javax.el-api/3.0.0/javax.el-api-3.0.0.jar:/home/user/.m2/repository/javax/interceptor/javax.interceptor-api/1.2/javax.interceptor-api-1.2.jar:/home/user/.m2/repository/javax/inject/javax.inject/1/javax.inject-1.jar:/home/user/.m2/repository/com/sun/xml/bind/jaxb-core/2.3.0.1/jaxb-core-2.3.0.1.jar:/home/user/.m2/repository/javax/xml/bind/jaxb-api/2.3.0/jaxb-api-2.3.0.jar:/home/user/.m2/repository/javax/activation/activation/1.1.1/activation-1.1.1.jar:/home/user/.m2/repository/org/apache/hadoop/hadoop-ozone-csi/0.5.0-SNAPSHOT/hadoop-ozone-csi-0.5.0-SNAPSHOT.jar:/home/user/.m2/repository/com/google/protobuf/protobuf-java-util/3.5.1/protobuf-java-util-3.5.1.jar:/home/user/.m2/repository/io/grpc/grpc-netty/1.17.1/grpc-netty-1.17.1.jar:/home/user/.m2/repository/io/grpc/grpc-core/1.17.1/grpc-core-1.17.1.jar:/home/user/.m2/repository/io/grpc/grpc-context/1.17.1/grpc-context-1.17.1.jar:/home/user/.m2/repository/com/google/errorprone/error_prone_annotations/2.2.0/error_prone_annotations-2.2.0.jar:/home/user/.m2/repository/org/codehaus/mojo/animal-sniffer-annotations/1.17/animal-sniffer-annotations-1.17.jar:/home/user/.m2/repository/io/opencensus/opencensus-api/0.17.0/opencensus-api-0.17.0.jar:/home/user/.m2/repository/io/opencensus/opencensus-contrib-grpc-metrics/0.17.0/opencensus-contrib-grpc-metrics-0.17.0.jar:/home/user/.m2/repository/io/netty/netty-codec-http2/4.1.30.Final/netty-codec-http2-4.1.30.Final.jar:/home/user/.m2/repository/io/netty/netty-codec-http/4.1.30.Final/netty-codec-http-4.1.30.Final.jar:/home/user/.m2/repository/io/netty/netty-codec/4.1.30.Final/netty-codec-4.1.30.Final.jar:/home/user/.m2/repository/io/netty/netty-handler/4.1.30.Final/netty-handler-4.1.30.Final.jar:/home/user/.m2/repository/io/netty/netty-handler-proxy/4.1.30.Final/netty-handler-proxy-4.1.30.Final.jar:/home/user/.m2/repository/io/netty/netty-codec-socks/4.1.30.Final/netty-codec-socks-4.1.30.Final.jar:/home/user/.m2/repository/io/netty/netty-transport-native-epoll/4.1.30.Final/netty-transport-native-epoll-4.1.30.Final.jar:/home/user/.m2/repository/io/netty/netty-common/4.1.30.Final/netty-common-4.1.30.Final.jar:/home/user/.m2/repository/io/netty/netty-buffer/4.1.30.Final/netty-buffer-4.1.30.Final.jar:/home/user/.m2/repository/io/netty/netty-transport/4.1.30.Final/netty-transport-4.1.30.Final.jar:/home/user/.m2/repository/io/netty/netty-resolver/4.1.30.Final/netty-resolver-4.1.30.Final.jar:/home/user/.m2/repository/io/netty/netty-transport-native-unix-common/4.1.30.Final/netty-transport-native-unix-common-4.1.30.Final.jar:/home/user/.m2/repository/io/grpc/grpc-protobuf/1.17.1/grpc-protobuf-1.17.1.jar:/home/user/.m2/repository/com/google/api/grpc/proto-google-common-protos/1.0.0/proto-google-common-protos-1.0.0.jar:/home/user/.m2/repository/io/grpc/grpc-protobuf-lite/1.17.1/grpc-protobuf-lite-1.17.1.jar:/home/user/.m2/repository/io/grpc/grpc-stub/1.17.1/grpc-stub-1.17.1.jar:/home/user/.m2/repository/org/apache/hadoop/hadoop-ozone-recon/0.5.0-SNAPSHOT/hadoop-ozone-recon-0.5.0-SNAPSHOT.jar:/home/user/.m2/repository/org/apache/hadoop/hadoop-ozone-reconcodegen/0.5.0-SNAPSHOT/hadoop-ozone-reconcodegen-0.5.0-SNAPSHOT.jar:/home/user/.m2/repository/com/google/inject/extensions/guice-multibindings/4.0/guice-multibindings-4.0.jar:/home/user/.m2/repository/com/google/inject/guice/4.0/guice-4.0.jar:/home/user/.m2/repository/aopalliance/aopalliance/1.0/aopalliance-1.0.jar:/home/user/.m2/repository/org/glassfish/jersey/containers/jersey-container-servlet/2.27/jersey-container-servlet-2.27.jar:/home/user/.m2/repository/org/glassfish/hk2/guice-bridge/2.5.0/guice-bridge-2.5.0.jar:/home/user/.m2/repository/org/glassfish/jersey/core/jersey-server/2.27/jersey-server-2.27.jar:/home/user/.m2/repository/org/glassfish/jersey/core/jersey-client/2.27/jersey-client-2.27.jar:/home/user/.m2/repository/org/glassfish/jersey/media/jersey-media-jaxb/2.27/jersey-media-jaxb-2.27.jar:/home/user/.m2/repository/javax/validation/validation-api/1.1.0.Final/validation-api-1.1.0.Final.jar:/home/user/.m2/repository/org/glassfish/jersey/media/jersey-media-json-jackson/2.27/jersey-media-json-jackson-2.27.jar:/home/user/.m2/repository/org/glassfish/jersey/ext/jersey-entity-filtering/2.27/jersey-entity-filtering-2.27.jar:/home/user/.m2/repository/com/google/inject/extensions/guice-assistedinject/4.0/guice-assistedinject-4.0.jar:/home/user/.m2/repository/org/jooq/jooq/3.11.10/jooq-3.11.10.jar:/home/user/.m2/repository/org/jooq/jooq-meta/3.11.10/jooq-meta-3.11.10.jar:/home/user/.m2/repository/org/jooq/jooq-codegen/3.11.10/jooq-codegen-3.11.10.jar:/home/user/.m2/repository/com/jolbox/bonecp/0.8.0.RELEASE/bonecp-0.8.0.RELEASE.jar:/home/user/.m2/repository/org/springframework/spring-jdbc/5.1.3.RELEASE/spring-jdbc-5.1.3.RELEASE.jar:/home/user/.m2/repository/org/springframework/spring-beans/5.1.3.RELEASE/spring-beans-5.1.3.RELEASE.jar:/home/user/.m2/repository/org/springframework/spring-core/5.1.3.RELEASE/spring-core-5.1.3.RELEASE.jar:/home/user/.m2/repository/org/springframework/spring-jcl/5.1.3.RELEASE/spring-jcl-5.1.3.RELEASE.jar:/home/user/.m2/repository/org/springframework/spring-tx/5.1.3.RELEASE/spring-tx-5.1.3.RELEASE.jar:/home/user/.m2/repository/org/mockito/mockito-all/1.10.19/mockito-all-1.10.19.jar:/home/user/.m2/repository/junit/junit/4.11/junit-4.11.jar:/home/user/.m2/repository/org/hamcrest/hamcrest-core/1.3/hamcrest-core-1.3.jar:/home/user/.m2/repository/org/apache/hadoop/hadoop-distcp/3.2.0/hadoop-distcp-3.2.0.jar:/home/user/.m2/repository/org/apache/hadoop/hadoop-distcp/3.2.0/hadoop-distcp-3.2.0-tests.jar:/home/user/.m2/repository/org/apache/hadoop/hadoop-mapreduce-client-jobclient/3.2.0/hadoop-mapreduce-client-jobclient-3.2.0.jar:/home/user/.m2/repository/org/apache/hadoop/hadoop-mapreduce-client-common/3.2.0/hadoop-mapreduce-client-common-3.2.0.jar:/home/user/.m2/repository/org/apache/hadoop/hadoop-yarn-common/3.2.0/hadoop-yarn-common-3.2.0.jar:/home/user/.m2/repository/org/apache/hadoop/hadoop-yarn-api/3.2.0/hadoop-yarn-api-3.2.0.jar:/home/user/.m2/repository/com/sun/jersey/jersey-client/1.19/jersey-client-1.19.jar:/home/user/.m2/repository/com/sun/jersey/contribs/jersey-guice/1.19/jersey-guice-1.19.jar:/home/user/.m2/repository/com/fasterxml/jackson/jaxrs/jackson-jaxrs-json-provider/2.9.9/jackson-jaxrs-json-provider-2.9.9.jar:/home/user/.m2/repository/com/fasterxml/jackson/jaxrs/jackson-jaxrs-base/2.9.9/jackson-jaxrs-base-2.9.9.jar:/home/user/.m2/repository/org/apache/hadoop/hadoop-yarn-client/3.2.0/hadoop-yarn-client-3.2.0.jar:/home/user/.m2/repository/org/apache/hadoop/hadoop-mapreduce-client-core/3.2.0/hadoop-mapreduce-client-core-3.2.0.jar:/home/user/.m2/repository/com/google/inject/extensions/guice-servlet/4.0/guice-servlet-4.0.jar:/home/user/.m2/repository/org/powermock/powermock-module-junit4/1.6.5/powermock-module-junit4-1.6.5.jar:/home/user/.m2/repository/org/powermock/powermock-module-junit4-common/1.6.5/powermock-module-junit4-common-1.6.5.jar:/home/user/.m2/repository/org/powermock/powermock-core/1.6.5/powermock-core-1.6.5.jar:/home/user/.m2/repository/org/powermock/powermock-reflect/1.6.5/powermock-reflect-1.6.5.jar:/home/user/.m2/repository/org/powermock/powermock-api-mockito/1.6.5/powermock-api-mockito-1.6.5.jar:/home/user/.m2/repository/org/mockito/mockito-core/1.10.19/mockito-core-1.10.19.jar:/home/user/.m2/repository/org/objenesis/objenesis/1.0/objenesis-1.0.jar:/home/user/.m2/repository/org/powermock/powermock-api-mockito-common/1.6.5/powermock-api-mockito-common-1.6.5.jar:/home/user/.m2/repository/org/powermock/powermock-api-support/1.6.5/powermock-api-support-1.6.5.jar:"/>
    <property name="java.vm.vendor" value="IcedTea"/>
    <property name="sun.arch.data.model" value="64"/>
    <property name="test.build.dir" value="/workdir/hadoop-ozone/ozonefs/target/test-dir"/>
    <property name="test.cache.data" value=""/>
    <property name="java.vendor.url" value="https://icedtea.classpath.org"/>
    <property name="user.timezone" value=""/>
    <property name="java.vm.specification.version" value="1.8"/>
    <property name="os.name" value="Linux"/>
    <property name="test.build.data" value="/workdir/hadoop-ozone/ozonefs/target/test-dir"/>
    <property name="user.country" value="US"/>
    <property name="sun.java.launcher" value="SUN_STANDARD"/>
    <property name="sun.boot.library.path" value="/usr/lib/jvm/java-1.8-openjdk/jre/lib/amd64"/>
    <property name="sun.java.command" value="/workdir/hadoop-ozone/ozonefs/target/surefire/surefirebooter8606656941095341735.jar /workdir/hadoop-ozone/ozonefs/target/surefire 2019-10-01T13-06-33_442-jvmRun1 surefire4196109211439372014tmp surefire_974626546137067463322tmp"/>
    <property name="test" value="!TestMiniChaosOzoneCluster"/>
    <property name="surefire.test.class.path" value="/workdir/hadoop-ozone/ozonefs/target/test-classes:/workdir/hadoop-ozone/ozonefs/target/classes:/home/user/.m2/repository/org/apache/hadoop/hadoop-common/3.2.0/hadoop-common-3.2.0.jar:/home/user/.m2/repository/org/apache/hadoop/hadoop-annotations/3.2.0/hadoop-annotations-3.2.0.jar:/usr/lib/jvm/java-1.8-openjdk/jre/../lib/tools.jar:/home/user/.m2/repository/com/google/guava/guava/11.0.2/guava-11.0.2.jar:/home/user/.m2/repository/commons-cli/commons-cli/1.2/commons-cli-1.2.jar:/home/user/.m2/repository/org/apache/commons/commons-math3/3.1.1/commons-math3-3.1.1.jar:/home/user/.m2/repository/commons-codec/commons-codec/1.11/commons-codec-1.11.jar:/home/user/.m2/repository/commons-io/commons-io/2.5/commons-io-2.5.jar:/home/user/.m2/repository/commons-net/commons-net/3.6/commons-net-3.6.jar:/home/user/.m2/repository/commons-collections/commons-collections/3.2.2/commons-collections-3.2.2.jar:/home/user/.m2/repository/javax/servlet/javax.servlet-api/3.1.0/javax.servlet-api-3.1.0.jar:/home/user/.m2/repository/org/eclipse/jetty/jetty-server/9.3.25.v20180904/jetty-server-9.3.25.v20180904.jar:/home/user/.m2/repository/org/eclipse/jetty/jetty-http/9.3.25.v20180904/jetty-http-9.3.25.v20180904.jar:/home/user/.m2/repository/org/eclipse/jetty/jetty-io/9.3.25.v20180904/jetty-io-9.3.25.v20180904.jar:/home/user/.m2/repository/org/eclipse/jetty/jetty-util/9.3.25.v20180904/jetty-util-9.3.25.v20180904.jar:/home/user/.m2/repository/org/eclipse/jetty/jetty-servlet/9.3.25.v20180904/jetty-servlet-9.3.25.v20180904.jar:/home/user/.m2/repository/org/eclipse/jetty/jetty-security/9.3.25.v20180904/jetty-security-9.3.25.v20180904.jar:/home/user/.m2/repository/org/eclipse/jetty/jetty-webapp/9.3.25.v20180904/jetty-webapp-9.3.25.v20180904.jar:/home/user/.m2/repository/org/eclipse/jetty/jetty-xml/9.3.25.v20180904/jetty-xml-9.3.25.v20180904.jar:/home/user/.m2/repository/javax/servlet/jsp/jsp-api/2.1/jsp-api-2.1.jar:/home/user/.m2/repository/com/sun/jersey/jersey-core/1.19/jersey-core-1.19.jar:/home/user/.m2/repository/javax/ws/rs/jsr311-api/1.1.1/jsr311-api-1.1.1.jar:/home/user/.m2/repository/com/sun/jersey/jersey-servlet/1.19/jersey-servlet-1.19.jar:/home/user/.m2/repository/com/sun/jersey/jersey-json/1.19/jersey-json-1.19.jar:/home/user/.m2/repository/org/codehaus/jettison/jettison/1.1/jettison-1.1.jar:/home/user/.m2/repository/com/sun/xml/bind/jaxb-impl/2.3.0.1/jaxb-impl-2.3.0.1.jar:/home/user/.m2/repository/org/codehaus/jackson/jackson-core-asl/1.9.13/jackson-core-asl-1.9.13.jar:/home/user/.m2/repository/org/codehaus/jackson/jackson-mapper-asl/1.9.13/jackson-mapper-asl-1.9.13.jar:/home/user/.m2/repository/org/codehaus/jackson/jackson-jaxrs/1.9.13/jackson-jaxrs-1.9.13.jar:/home/user/.m2/repository/org/codehaus/jackson/jackson-xc/1.9.13/jackson-xc-1.9.13.jar:/home/user/.m2/repository/com/sun/jersey/jersey-server/1.19/jersey-server-1.19.jar:/home/user/.m2/repository/commons-logging/commons-logging/1.1.3/commons-logging-1.1.3.jar:/home/user/.m2/repository/log4j/log4j/1.2.17/log4j-1.2.17.jar:/home/user/.m2/repository/commons-beanutils/commons-beanutils/1.9.4/commons-beanutils-1.9.4.jar:/home/user/.m2/repository/org/apache/commons/commons-configuration2/2.1.1/commons-configuration2-2.1.1.jar:/home/user/.m2/repository/org/apache/commons/commons-lang3/3.7/commons-lang3-3.7.jar:/home/user/.m2/repository/org/apache/commons/commons-text/1.4/commons-text-1.4.jar:/home/user/.m2/repository/org/slf4j/slf4j-api/1.7.25/slf4j-api-1.7.25.jar:/home/user/.m2/repository/org/slf4j/slf4j-log4j12/1.7.25/slf4j-log4j12-1.7.25.jar:/home/user/.m2/repository/org/apache/avro/avro/1.7.7/avro-1.7.7.jar:/home/user/.m2/repository/com/thoughtworks/paranamer/paranamer/2.3/paranamer-2.3.jar:/home/user/.m2/repository/org/xerial/snappy/snappy-java/1.0.5/snappy-java-1.0.5.jar:/home/user/.m2/repository/com/google/re2j/re2j/1.1/re2j-1.1.jar:/home/user/.m2/repository/com/google/protobuf/protobuf-java/2.5.0/protobuf-java-2.5.0.jar:/home/user/.m2/repository/com/google/code/gson/gson/2.2.4/gson-2.2.4.jar:/home/user/.m2/repository/org/apache/hadoop/hadoop-auth/3.2.0/hadoop-auth-3.2.0.jar:/home/user/.m2/repository/com/nimbusds/nimbus-jose-jwt/4.41.1/nimbus-jose-jwt-4.41.1.jar:/home/user/.m2/repository/com/github/stephenc/jcip/jcip-annotations/1.0-1/jcip-annotations-1.0-1.jar:/home/user/.m2/repository/net/minidev/json-smart/2.3/json-smart-2.3.jar:/home/user/.m2/repository/net/minidev/accessors-smart/1.2/accessors-smart-1.2.jar:/home/user/.m2/repository/org/apache/curator/curator-framework/2.12.0/curator-framework-2.12.0.jar:/home/user/.m2/repository/com/jcraft/jsch/0.1.54/jsch-0.1.54.jar:/home/user/.m2/repository/org/apache/curator/curator-client/2.12.0/curator-client-2.12.0.jar:/home/user/.m2/repository/org/apache/curator/curator-recipes/2.12.0/curator-recipes-2.12.0.jar:/home/user/.m2/repository/com/google/code/findbugs/jsr305/3.0.0/jsr305-3.0.0.jar:/home/user/.m2/repository/org/apache/htrace/htrace-core4/4.1.0-incubating/htrace-core4-4.1.0-incubating.jar:/home/user/.m2/repository/org/apache/zookeeper/zookeeper/3.4.13/zookeeper-3.4.13.jar:/home/user/.m2/repository/jline/jline/0.9.94/jline-0.9.94.jar:/home/user/.m2/repository/org/apache/yetus/audience-annotations/0.5.0/audience-annotations-0.5.0.jar:/home/user/.m2/repository/org/apache/commons/commons-compress/1.4.1/commons-compress-1.4.1.jar:/home/user/.m2/repository/org/tukaani/xz/1.0/xz-1.0.jar:/home/user/.m2/repository/org/apache/kerby/kerb-simplekdc/1.0.1/kerb-simplekdc-1.0.1.jar:/home/user/.m2/repository/org/apache/kerby/kerb-client/1.0.1/kerb-client-1.0.1.jar:/home/user/.m2/repository/org/apache/kerby/kerby-config/1.0.1/kerby-config-1.0.1.jar:/home/user/.m2/repository/org/apache/kerby/kerb-core/1.0.1/kerb-core-1.0.1.jar:/home/user/.m2/repository/org/apache/kerby/kerby-pkix/1.0.1/kerby-pkix-1.0.1.jar:/home/user/.m2/repository/org/apache/kerby/kerby-asn1/1.0.1/kerby-asn1-1.0.1.jar:/home/user/.m2/repository/org/apache/kerby/kerby-util/1.0.1/kerby-util-1.0.1.jar:/home/user/.m2/repository/org/apache/kerby/kerb-common/1.0.1/kerb-common-1.0.1.jar:/home/user/.m2/repository/org/apache/kerby/kerb-crypto/1.0.1/kerb-crypto-1.0.1.jar:/home/user/.m2/repository/org/apache/kerby/kerb-util/1.0.1/kerb-util-1.0.1.jar:/home/user/.m2/repository/org/apache/kerby/token-provider/1.0.1/token-provider-1.0.1.jar:/home/user/.m2/repository/org/apache/kerby/kerb-admin/1.0.1/kerb-admin-1.0.1.jar:/home/user/.m2/repository/org/apache/kerby/kerb-server/1.0.1/kerb-server-1.0.1.jar:/home/user/.m2/repository/org/apache/kerby/kerb-identity/1.0.1/kerb-identity-1.0.1.jar:/home/user/.m2/repository/org/apache/kerby/kerby-xdr/1.0.1/kerby-xdr-1.0.1.jar:/home/user/.m2/repository/com/fasterxml/jackson/core/jackson-databind/2.9.9/jackson-databind-2.9.9.jar:/home/user/.m2/repository/com/fasterxml/jackson/core/jackson-annotations/2.9.9/jackson-annotations-2.9.9.jar:/home/user/.m2/repository/com/fasterxml/jackson/core/jackson-core/2.9.9/jackson-core-2.9.9.jar:/home/user/.m2/repository/org/codehaus/woodstox/stax2-api/3.1.4/stax2-api-3.1.4.jar:/home/user/.m2/repository/com/fasterxml/woodstox/woodstox-core/5.0.3/woodstox-core-5.0.3.jar:/home/user/.m2/repository/dnsjava/dnsjava/2.1.7/dnsjava-2.1.7.jar:/home/user/.m2/repository/org/apache/hadoop/hadoop-hdfs/3.2.0/hadoop-hdfs-3.2.0.jar:/home/user/.m2/repository/org/eclipse/jetty/jetty-util-ajax/9.3.25.v20180904/jetty-util-ajax-9.3.25.v20180904.jar:/home/user/.m2/repository/commons-daemon/commons-daemon/1.0.13/commons-daemon-1.0.13.jar:/home/user/.m2/repository/io/netty/netty/3.10.5.Final/netty-3.10.5.Final.jar:/home/user/.m2/repository/io/netty/netty-all/4.0.52.Final/netty-all-4.0.52.Final.jar:/home/user/.m2/repository/org/fusesource/leveldbjni/leveldbjni-all/1.8/leveldbjni-all-1.8.jar:/home/user/.m2/repository/org/apache/hadoop/hadoop-hdds-common/0.5.0-SNAPSHOT/hadoop-hdds-common-0.5.0-SNAPSHOT.jar:/home/user/.m2/repository/org/apache/hadoop/hadoop-hdds-config/0.5.0-SNAPSHOT/hadoop-hdds-config-0.5.0-SNAPSHOT.jar:/home/user/.m2/repository/javax/annotation/javax.annotation-api/1.2/javax.annotation-api-1.2.jar:/home/user/.m2/repository/org/apache/ratis/ratis-server/0.4.0/ratis-server-0.4.0.jar:/home/user/.m2/repository/org/apache/ratis/ratis-thirdparty-misc/0.2.0/ratis-thirdparty-misc-0.2.0.jar:/home/user/.m2/repository/org/apache/ratis/ratis-proto/0.4.0/ratis-proto-0.4.0.jar:/home/user/.m2/repository/org/apache/ratis/ratis-common/0.4.0/ratis-common-0.4.0.jar:/home/user/.m2/repository/org/apache/ratis/ratis-client/0.4.0/ratis-client-0.4.0.jar:/home/user/.m2/repository/org/apache/ratis/ratis-metrics/0.4.0/ratis-metrics-0.4.0.jar:/home/user/.m2/repository/com/github/joshelser/dropwizard-metrics-hadoop-metrics2-reporter/0.1.2/dropwizard-metrics-hadoop-metrics2-reporter-0.1.2.jar:/home/user/.m2/repository/io/dropwizard/metrics/metrics-jvm/3.2.5/metrics-jvm-3.2.5.jar:/home/user/.m2/repository/io/dropwizard/metrics/metrics-ganglia/3.2.5/metrics-ganglia-3.2.5.jar:/home/user/.m2/repository/info/ganglia/gmetric4j/gmetric4j/1.0.7/gmetric4j-1.0.7.jar:/home/user/.m2/repository/org/apache/ratis/ratis-netty/0.4.0/ratis-netty-0.4.0.jar:/home/user/.m2/repository/org/apache/ratis/ratis-grpc/0.4.0/ratis-grpc-0.4.0.jar:/home/user/.m2/repository/org/rocksdb/rocksdbjni/6.0.1/rocksdbjni-6.0.1.jar:/home/user/.m2/repository/org/apache/logging/log4j/log4j-api/2.11.0/log4j-api-2.11.0.jar:/home/user/.m2/repository/org/apache/logging/log4j/log4j-core/2.11.0/log4j-core-2.11.0.jar:/home/user/.m2/repository/com/lmax/disruptor/3.4.2/disruptor-3.4.2.jar:/home/user/.m2/repository/org/apache/commons/commons-pool2/2.6.0/commons-pool2-2.6.0.jar:/home/user/.m2/repository/org/bouncycastle/bcpkix-jdk15on/1.60/bcpkix-jdk15on-1.60.jar:/home/user/.m2/repository/commons-validator/commons-validator/1.6/commons-validator-1.6.jar:/home/user/.m2/repository/commons-digester/commons-digester/1.8.1/commons-digester-1.8.1.jar:/home/user/.m2/repository/io/jaegertracing/jaeger-client/0.34.0/jaeger-client-0.34.0.jar:/home/user/.m2/repository/io/jaegertracing/jaeger-thrift/0.34.0/jaeger-thrift-0.34.0.jar:/home/user/.m2/repository/org/apache/thrift/libthrift/0.12.0/libthrift-0.12.0.jar:/home/user/.m2/repository/com/squareup/okhttp3/okhttp/3.9.0/okhttp-3.9.0.jar:/home/user/.m2/repository/com/squareup/okio/okio/1.13.0/okio-1.13.0.jar:/home/user/.m2/repository/io/jaegertracing/jaeger-core/0.34.0/jaeger-core-0.34.0.jar:/home/user/.m2/repository/io/jaegertracing/jaeger-tracerresolver/0.34.0/jaeger-tracerresolver-0.34.0.jar:/home/user/.m2/repository/io/opentracing/contrib/opentracing-tracerresolver/0.1.5/opentracing-tracerresolver-0.1.5.jar:/home/user/.m2/repository/io/opentracing/opentracing-util/0.31.0/opentracing-util-0.31.0.jar:/home/user/.m2/repository/io/opentracing/opentracing-api/0.31.0/opentracing-api-0.31.0.jar:/home/user/.m2/repository/io/opentracing/opentracing-noop/0.31.0/opentracing-noop-0.31.0.jar:/home/user/.m2/repository/org/yaml/snakeyaml/1.16/snakeyaml-1.16.jar:/home/user/.m2/repository/org/apache/hadoop/hadoop-hdfs-client/3.2.0/hadoop-hdfs-client-3.2.0.jar:/home/user/.m2/repository/info/picocli/picocli/3.9.6/picocli-3.9.6.jar:/home/user/.m2/repository/org/apache/hadoop/hadoop-hdds-server-scm/0.5.0-SNAPSHOT/hadoop-hdds-server-scm-0.5.0-SNAPSHOT.jar:/home/user/.m2/repository/org/apache/hadoop/hadoop-hdds-docs/0.5.0-SNAPSHOT/hadoop-hdds-docs-0.5.0-SNAPSHOT.jar:/home/user/.m2/repository/io/dropwizard/metrics/metrics-core/3.2.4/metrics-core-3.2.4.jar:/home/user/.m2/repository/org/hamcrest/hamcrest-all/1.3/hamcrest-all-1.3.jar:/home/user/.m2/repository/org/bouncycastle/bcprov-jdk15on/1.60/bcprov-jdk15on-1.60.jar:/home/user/.m2/repository/org/apache/hadoop/hadoop-hdds-server-framework/0.5.0-SNAPSHOT/hadoop-hdds-server-framework-0.5.0-SNAPSHOT.jar:/home/user/.m2/repository/org/apache/hadoop/hadoop-ozone-ozone-manager/0.5.0-SNAPSHOT/hadoop-ozone-ozone-manager-0.5.0-SNAPSHOT.jar:/home/user/.m2/repository/org/apache/hadoop/hadoop-hdds-container-service/0.5.0-SNAPSHOT/hadoop-hdds-container-service-0.5.0-SNAPSHOT.jar:/home/user/.m2/repository/org/apache/hadoop/hadoop-hdds-client/0.5.0-SNAPSHOT/hadoop-hdds-client-0.5.0-SNAPSHOT.jar:/home/user/.m2/repository/org/apache/hadoop/hadoop-ozone-common/0.5.0-SNAPSHOT/hadoop-ozone-common-0.5.0-SNAPSHOT.jar:/home/user/.m2/repository/org/apache/hadoop/hadoop-hdds-tools/0.5.0-SNAPSHOT/hadoop-hdds-tools-0.5.0-SNAPSHOT.jar:/home/user/.m2/repository/org/xerial/sqlite-jdbc/3.25.2/sqlite-jdbc-3.25.2.jar:/home/user/.m2/repository/org/apache/httpcomponents/httpclient/4.5.2/httpclient-4.5.2.jar:/home/user/.m2/repository/org/apache/httpcomponents/httpcore/4.4.4/httpcore-4.4.4.jar:/home/user/.m2/repository/com/github/spotbugs/spotbugs/3.1.12/spotbugs-3.1.12.jar:/home/user/.m2/repository/org/ow2/asm/asm/5.0.4/asm-5.0.4.jar:/home/user/.m2/repository/org/ow2/asm/asm-analysis/7.0/asm-analysis-7.0.jar:/home/user/.m2/repository/org/ow2/asm/asm-commons/7.0/asm-commons-7.0.jar:/home/user/.m2/repository/org/ow2/asm/asm-tree/7.0/asm-tree-7.0.jar:/home/user/.m2/repository/org/ow2/asm/asm-util/7.0/asm-util-7.0.jar:/home/user/.m2/repository/org/apache/bcel/bcel/6.3/bcel-6.3.jar:/home/user/.m2/repository/net/jcip/jcip-annotations/1.0/jcip-annotations-1.0.jar:/home/user/.m2/repository/org/dom4j/dom4j/2.1.1/dom4j-2.1.1.jar:/home/user/.m2/repository/jaxen/jaxen/1.1.6/jaxen-1.1.6.jar:/home/user/.m2/repository/commons-lang/commons-lang/2.6/commons-lang-2.6.jar:/home/user/.m2/repository/com/github/spotbugs/spotbugs-annotations/3.1.12/spotbugs-annotations-3.1.12.jar:/home/user/.m2/repository/org/apache/hadoop/hadoop-common/3.2.0/hadoop-common-3.2.0-tests.jar:/home/user/.m2/repository/org/apache/hadoop/hadoop-ozone-client/0.5.0-SNAPSHOT/hadoop-ozone-client-0.5.0-SNAPSHOT.jar:/home/user/.m2/repository/org/apache/hadoop/hadoop-hdfs/3.2.0/hadoop-hdfs-3.2.0-tests.jar:/workdir/hadoop-ozone/integration-test/target/test-classes:/home/user/.m2/repository/org/apache/hadoop/hadoop-ozone-s3gateway/0.5.0-SNAPSHOT/hadoop-ozone-s3gateway-0.5.0-SNAPSHOT.jar:/home/user/.m2/repository/org/jboss/weld/servlet/weld-servlet/2.4.7.Final/weld-servlet-2.4.7.Final.jar:/home/user/.m2/repository/org/glassfish/jersey/containers/jersey-container-servlet-core/2.27/jersey-container-servlet-core-2.27.jar:/home/user/.m2/repository/org/glassfish/hk2/external/javax.inject/2.5.0-b42/javax.inject-2.5.0-b42.jar:/home/user/.m2/repository/org/glassfish/jersey/core/jersey-common/2.27/jersey-common-2.27.jar:/home/user/.m2/repository/org/glassfish/hk2/osgi-resource-locator/1.0.1/osgi-resource-locator-1.0.1.jar:/home/user/.m2/repository/javax/ws/rs/javax.ws.rs-api/2.1/javax.ws.rs-api-2.1.jar:/home/user/.m2/repository/org/glassfish/jersey/ext/cdi/jersey-cdi1x/2.27/jersey-cdi1x-2.27.jar:/home/user/.m2/repository/org/glassfish/jersey/inject/jersey-hk2/2.27/jersey-hk2-2.27.jar:/home/user/.m2/repository/org/glassfish/hk2/hk2-locator/2.5.0-b42/hk2-locator-2.5.0-b42.jar:/home/user/.m2/repository/org/javassist/javassist/3.22.0-CR2/javassist-3.22.0-CR2.jar:/home/user/.m2/repository/org/glassfish/hk2/hk2-api/2.5.0/hk2-api-2.5.0.jar:/home/user/.m2/repository/org/glassfish/hk2/external/jakarta.inject/2.5.0/jakarta.inject-2.5.0.jar:/home/user/.m2/repository/org/glassfish/hk2/hk2-utils/2.5.0/hk2-utils-2.5.0.jar:/home/user/.m2/repository/jakarta/annotation/jakarta.annotation-api/1.3.4/jakarta.annotation-api-1.3.4.jar:/home/user/.m2/repository/org/glassfish/hk2/external/aopalliance-repackaged/2.5.0/aopalliance-repackaged-2.5.0.jar:/home/user/.m2/repository/com/fasterxml/jackson/dataformat/jackson-dataformat-xml/2.9.0/jackson-dataformat-xml-2.9.0.jar:/home/user/.m2/repository/com/fasterxml/jackson/module/jackson-module-jaxb-annotations/2.9.9/jackson-module-jaxb-annotations-2.9.9.jar:/home/user/.m2/repository/javax/enterprise/cdi-api/1.2/cdi-api-1.2.jar:/home/user/.m2/repository/javax/el/javax.el-api/3.0.0/javax.el-api-3.0.0.jar:/home/user/.m2/repository/javax/interceptor/javax.interceptor-api/1.2/javax.interceptor-api-1.2.jar:/home/user/.m2/repository/javax/inject/javax.inject/1/javax.inject-1.jar:/home/user/.m2/repository/com/sun/xml/bind/jaxb-core/2.3.0.1/jaxb-core-2.3.0.1.jar:/home/user/.m2/repository/javax/xml/bind/jaxb-api/2.3.0/jaxb-api-2.3.0.jar:/home/user/.m2/repository/javax/activation/activation/1.1.1/activation-1.1.1.jar:/home/user/.m2/repository/org/apache/hadoop/hadoop-ozone-csi/0.5.0-SNAPSHOT/hadoop-ozone-csi-0.5.0-SNAPSHOT.jar:/home/user/.m2/repository/com/google/protobuf/protobuf-java-util/3.5.1/protobuf-java-util-3.5.1.jar:/home/user/.m2/repository/io/grpc/grpc-netty/1.17.1/grpc-netty-1.17.1.jar:/home/user/.m2/repository/io/grpc/grpc-core/1.17.1/grpc-core-1.17.1.jar:/home/user/.m2/repository/io/grpc/grpc-context/1.17.1/grpc-context-1.17.1.jar:/home/user/.m2/repository/com/google/errorprone/error_prone_annotations/2.2.0/error_prone_annotations-2.2.0.jar:/home/user/.m2/repository/org/codehaus/mojo/animal-sniffer-annotations/1.17/animal-sniffer-annotations-1.17.jar:/home/user/.m2/repository/io/opencensus/opencensus-api/0.17.0/opencensus-api-0.17.0.jar:/home/user/.m2/repository/io/opencensus/opencensus-contrib-grpc-metrics/0.17.0/opencensus-contrib-grpc-metrics-0.17.0.jar:/home/user/.m2/repository/io/netty/netty-codec-http2/4.1.30.Final/netty-codec-http2-4.1.30.Final.jar:/home/user/.m2/repository/io/netty/netty-codec-http/4.1.30.Final/netty-codec-http-4.1.30.Final.jar:/home/user/.m2/repository/io/netty/netty-codec/4.1.30.Final/netty-codec-4.1.30.Final.jar:/home/user/.m2/repository/io/netty/netty-handler/4.1.30.Final/netty-handler-4.1.30.Final.jar:/home/user/.m2/repository/io/netty/netty-handler-proxy/4.1.30.Final/netty-handler-proxy-4.1.30.Final.jar:/home/user/.m2/repository/io/netty/netty-codec-socks/4.1.30.Final/netty-codec-socks-4.1.30.Final.jar:/home/user/.m2/repository/io/netty/netty-transport-native-epoll/4.1.30.Final/netty-transport-native-epoll-4.1.30.Final.jar:/home/user/.m2/repository/io/netty/netty-common/4.1.30.Final/netty-common-4.1.30.Final.jar:/home/user/.m2/repository/io/netty/netty-buffer/4.1.30.Final/netty-buffer-4.1.30.Final.jar:/home/user/.m2/repository/io/netty/netty-transport/4.1.30.Final/netty-transport-4.1.30.Final.jar:/home/user/.m2/repository/io/netty/netty-resolver/4.1.30.Final/netty-resolver-4.1.30.Final.jar:/home/user/.m2/repository/io/netty/netty-transport-native-unix-common/4.1.30.Final/netty-transport-native-unix-common-4.1.30.Final.jar:/home/user/.m2/repository/io/grpc/grpc-protobuf/1.17.1/grpc-protobuf-1.17.1.jar:/home/user/.m2/repository/com/google/api/grpc/proto-google-common-protos/1.0.0/proto-google-common-protos-1.0.0.jar:/home/user/.m2/repository/io/grpc/grpc-protobuf-lite/1.17.1/grpc-protobuf-lite-1.17.1.jar:/home/user/.m2/repository/io/grpc/grpc-stub/1.17.1/grpc-stub-1.17.1.jar:/home/user/.m2/repository/org/apache/hadoop/hadoop-ozone-recon/0.5.0-SNAPSHOT/hadoop-ozone-recon-0.5.0-SNAPSHOT.jar:/home/user/.m2/repository/org/apache/hadoop/hadoop-ozone-reconcodegen/0.5.0-SNAPSHOT/hadoop-ozone-reconcodegen-0.5.0-SNAPSHOT.jar:/home/user/.m2/repository/com/google/inject/extensions/guice-multibindings/4.0/guice-multibindings-4.0.jar:/home/user/.m2/repository/com/google/inject/guice/4.0/guice-4.0.jar:/home/user/.m2/repository/aopalliance/aopalliance/1.0/aopalliance-1.0.jar:/home/user/.m2/repository/org/glassfish/jersey/containers/jersey-container-servlet/2.27/jersey-container-servlet-2.27.jar:/home/user/.m2/repository/org/glassfish/hk2/guice-bridge/2.5.0/guice-bridge-2.5.0.jar:/home/user/.m2/repository/org/glassfish/jersey/core/jersey-server/2.27/jersey-server-2.27.jar:/home/user/.m2/repository/org/glassfish/jersey/core/jersey-client/2.27/jersey-client-2.27.jar:/home/user/.m2/repository/org/glassfish/jersey/media/jersey-media-jaxb/2.27/jersey-media-jaxb-2.27.jar:/home/user/.m2/repository/javax/validation/validation-api/1.1.0.Final/validation-api-1.1.0.Final.jar:/home/user/.m2/repository/org/glassfish/jersey/media/jersey-media-json-jackson/2.27/jersey-media-json-jackson-2.27.jar:/home/user/.m2/repository/org/glassfish/jersey/ext/jersey-entity-filtering/2.27/jersey-entity-filtering-2.27.jar:/home/user/.m2/repository/com/google/inject/extensions/guice-assistedinject/4.0/guice-assistedinject-4.0.jar:/home/user/.m2/repository/org/jooq/jooq/3.11.10/jooq-3.11.10.jar:/home/user/.m2/repository/org/jooq/jooq-meta/3.11.10/jooq-meta-3.11.10.jar:/home/user/.m2/repository/org/jooq/jooq-codegen/3.11.10/jooq-codegen-3.11.10.jar:/home/user/.m2/repository/com/jolbox/bonecp/0.8.0.RELEASE/bonecp-0.8.0.RELEASE.jar:/home/user/.m2/repository/org/springframework/spring-jdbc/5.1.3.RELEASE/spring-jdbc-5.1.3.RELEASE.jar:/home/user/.m2/repository/org/springframework/spring-beans/5.1.3.RELEASE/spring-beans-5.1.3.RELEASE.jar:/home/user/.m2/repository/org/springframework/spring-core/5.1.3.RELEASE/spring-core-5.1.3.RELEASE.jar:/home/user/.m2/repository/org/springframework/spring-jcl/5.1.3.RELEASE/spring-jcl-5.1.3.RELEASE.jar:/home/user/.m2/repository/org/springframework/spring-tx/5.1.3.RELEASE/spring-tx-5.1.3.RELEASE.jar:/home/user/.m2/repository/org/mockito/mockito-all/1.10.19/mockito-all-1.10.19.jar:/home/user/.m2/repository/junit/junit/4.11/junit-4.11.jar:/home/user/.m2/repository/org/hamcrest/hamcrest-core/1.3/hamcrest-core-1.3.jar:/home/user/.m2/repository/org/apache/hadoop/hadoop-distcp/3.2.0/hadoop-distcp-3.2.0.jar:/home/user/.m2/repository/org/apache/hadoop/hadoop-distcp/3.2.0/hadoop-distcp-3.2.0-tests.jar:/home/user/.m2/repository/org/apache/hadoop/hadoop-mapreduce-client-jobclient/3.2.0/hadoop-mapreduce-client-jobclient-3.2.0.jar:/home/user/.m2/repository/org/apache/hadoop/hadoop-mapreduce-client-common/3.2.0/hadoop-mapreduce-client-common-3.2.0.jar:/home/user/.m2/repository/org/apache/hadoop/hadoop-yarn-common/3.2.0/hadoop-yarn-common-3.2.0.jar:/home/user/.m2/repository/org/apache/hadoop/hadoop-yarn-api/3.2.0/hadoop-yarn-api-3.2.0.jar:/home/user/.m2/repository/com/sun/jersey/jersey-client/1.19/jersey-client-1.19.jar:/home/user/.m2/repository/com/sun/jersey/contribs/jersey-guice/1.19/jersey-guice-1.19.jar:/home/user/.m2/repository/com/fasterxml/jackson/jaxrs/jackson-jaxrs-json-provider/2.9.9/jackson-jaxrs-json-provider-2.9.9.jar:/home/user/.m2/repository/com/fasterxml/jackson/jaxrs/jackson-jaxrs-base/2.9.9/jackson-jaxrs-base-2.9.9.jar:/home/user/.m2/repository/org/apache/hadoop/hadoop-yarn-client/3.2.0/hadoop-yarn-client-3.2.0.jar:/home/user/.m2/repository/org/apache/hadoop/hadoop-mapreduce-client-core/3.2.0/hadoop-mapreduce-client-core-3.2.0.jar:/home/user/.m2/repository/com/google/inject/extensions/guice-servlet/4.0/guice-servlet-4.0.jar:/home/user/.m2/repository/org/powermock/powermock-module-junit4/1.6.5/powermock-module-junit4-1.6.5.jar:/home/user/.m2/repository/org/powermock/powermock-module-junit4-common/1.6.5/powermock-module-junit4-common-1.6.5.jar:/home/user/.m2/repository/org/powermock/powermock-core/1.6.5/powermock-core-1.6.5.jar:/home/user/.m2/repository/org/powermock/powermock-reflect/1.6.5/powermock-reflect-1.6.5.jar:/home/user/.m2/repository/org/powermock/powermock-api-mockito/1.6.5/powermock-api-mockito-1.6.5.jar:/home/user/.m2/repository/org/mockito/mockito-core/1.10.19/mockito-core-1.10.19.jar:/home/user/.m2/repository/org/objenesis/objenesis/1.0/objenesis-1.0.jar:/home/user/.m2/repository/org/powermock/powermock-api-mockito-common/1.6.5/powermock-api-mockito-common-1.6.5.jar:/home/user/.m2/repository/org/powermock/powermock-api-support/1.6.5/powermock-api-support-1.6.5.jar:"/>
    <property name="sun.cpu.endian" value="little"/>
    <property name="user.home" value="/home/user"/>
    <property name="user.language" value="en"/>
    <property name="java.specification.vendor" value="Oracle Corporation"/>
    <property name="java.home" value="/usr/lib/jvm/java-1.8-openjdk/jre"/>
    <property name="java.security.krb5.conf" value="/workdir/hadoop-ozone/ozonefs/target/test-classes/krb5.conf"/>
    <property name="basedir" value="/workdir/hadoop-ozone/ozonefs"/>
    <property name="file.separator" value="/"/>
    <property name="line.separator" value="&#10;"/>
    <property name="java.vm.specification.vendor" value="Oracle Corporation"/>
    <property name="java.specification.name" value="Java Platform API Specification"/>
    <property name="java.awt.graphicsenv" value="sun.awt.X11GraphicsEnvironment"/>
    <property name="surefire.real.class.path" value="/workdir/hadoop-ozone/ozonefs/target/surefire/surefirebooter8606656941095341735.jar"/>
    <property name="hadoop.log.dir" value="/workdir/hadoop-ozone/ozonefs/target/log"/>
    <property name="sun.boot.class.path" value="/usr/lib/jvm/java-1.8-openjdk/jre/lib/resources.jar:/usr/lib/jvm/java-1.8-openjdk/jre/lib/rt.jar:/usr/lib/jvm/java-1.8-openjdk/jre/lib/sunrsasign.jar:/usr/lib/jvm/java-1.8-openjdk/jre/lib/jsse.jar:/usr/lib/jvm/java-1.8-openjdk/jre/lib/jce.jar:/usr/lib/jvm/java-1.8-openjdk/jre/lib/charsets.jar:/usr/lib/jvm/java-1.8-openjdk/jre/lib/jfr.jar:/usr/lib/jvm/java-1.8-openjdk/jre/classes"/>
    <property name="sun.management.compiler" value="HotSpot 64-Bit Tiered Compilers"/>
    <property name="java.runtime.version" value="1.8.0_212-b04"/>
    <property name="java.net.preferIPv4Stack" value="true"/>
    <property name="user.name" value="jenkins1000"/>
    <property name="path.separator" value=":"/>
    <property name="java.security.egd" value="file:///dev/urandom"/>
    <property name="os.version" value="3.10.0-957.12.2.el7.x86_64"/>
    <property name="java.endorsed.dirs" value="/usr/lib/jvm/java-1.8-openjdk/jre/lib/endorsed"/>
    <property name="java.runtime.name" value="OpenJDK Runtime Environment"/>
    <property name="file.encoding" value="UTF-8"/>
    <property name="java.vm.name" value="OpenJDK 64-Bit Server VM"/>
    <property name="test.build.webapps" value=""/>
    <property name="localRepository" value="/home/user/.m2/repository"/>
    <property name="java.vendor.url.bug" value="https://icedtea.classpath.org/bugzilla"/>
    <property name="java.io.tmpdir" value="/tmp"/>
    <property name="require.test.libhadoop" value=""/>
    <property name="java.version" value="1.8.0_212"/>
    <property name="user.dir" value="/workdir/hadoop-ozone/ozonefs"/>
    <property name="os.arch" value="amd64"/>
    <property name="java.vm.specification.name" value="Java Virtual Machine Specification"/>
    <property name="test.build.classes" value="/workdir/hadoop-ozone/ozonefs/target/test-classes"/>
    <property name="java.awt.printerjob" value="sun.print.PSPrinterJob"/>
    <property name="sun.os.patch.level" value="unknown"/>
    <property name="hadoop.tmp.dir" value="/workdir/hadoop-ozone/ozonefs/target/tmp"/>
    <property name="java.library.path" value="/usr/lib/jvm/java-1.8-openjdk/jre/lib/amd64/server:/usr/lib/jvm/java-1.8-openjdk/jre/lib/amd64:/usr/lib/jvm/java-1.8-openjdk/jre/../lib/amd64:/workdir/hadoop-ozone/ozonefs/target/native/target/usr/local/lib:/workdir/hadoop-ozone/ozonefs/../../hadoop-common-project/hadoop-common/target/native/target/usr/local/lib:/usr/java/packages/lib/amd64:/usr/lib64:/lib64:/lib:/usr/lib"/>
    <property name="java.vm.info" value="mixed mode"/>
    <property name="java.vendor" value="IcedTea"/>
    <property name="java.vm.version" value="25.212-b04"/>
    <property name="java.ext.dirs" value="/usr/lib/jvm/java-1.8-openjdk/jre/lib/ext:/usr/java/packages/lib/ext"/>
    <property name="sun.io.unicode.encoding" value="UnicodeLittle"/>
    <property name="java.class.version" value="52.0"/>
  </properties>
  <testcase name="testMkdirSlashHandling" classname="org.apache.hadoop.fs.ozone.contract.ITestOzoneContractMkdir" time="1.399"/>
  <testcase name="testMkdirsDoesNotRemoveParentDirectories" classname="org.apache.hadoop.fs.ozone.contract.ITestOzoneContractMkdir" time="0.211"/>
  <testcase name="testMkdirOverParentFile" classname="org.apache.hadoop.fs.ozone.contract.ITestOzoneContractMkdir" time="180.028">
    <error message="test timed out after 180000 milliseconds" type="java.lang.Exception">java.lang.Exception: test timed out after 180000 milliseconds
	at sun.misc.Unsafe.park(Native Method)
	at java.util.concurrent.locks.LockSupport.park(LockSupport.java:175)
	at java.util.concurrent.CompletableFuture$Signaller.block(CompletableFuture.java:1693)
	at java.util.concurrent.ForkJoinPool.managedBlock(ForkJoinPool.java:3323)
	at java.util.concurrent.CompletableFuture.waitingGet(CompletableFuture.java:1729)
	at java.util.concurrent.CompletableFuture.get(CompletableFuture.java:1895)
	at org.apache.hadoop.hdds.scm.storage.BlockOutputStream.waitOnFlushFutures(BlockOutputStream.java:515)
	at org.apache.hadoop.hdds.scm.storage.BlockOutputStream.handleFlush(BlockOutputStream.java:478)
	at org.apache.hadoop.hdds.scm.storage.BlockOutputStream.close(BlockOutputStream.java:493)
	at org.apache.hadoop.ozone.client.io.BlockOutputStreamEntry.close(BlockOutputStreamEntry.java:143)
	at org.apache.hadoop.ozone.client.io.KeyOutputStream.handleFlushOrClose(KeyOutputStream.java:435)
	at org.apache.hadoop.ozone.client.io.KeyOutputStream.close(KeyOutputStream.java:473)
	at org.apache.hadoop.fs.ozone.OzoneFSOutputStream.close(OzoneFSOutputStream.java:56)
	at org.apache.hadoop.fs.FSDataOutputStream$PositionCache.close(FSDataOutputStream.java:72)
	at org.apache.hadoop.fs.FSDataOutputStream.close(FSDataOutputStream.java:101)
	at org.apache.hadoop.fs.contract.ContractTestUtils.createFile(ContractTestUtils.java:638)
	at org.apache.hadoop.fs.contract.AbstractContractMkdirTest.testMkdirOverParentFile(AbstractContractMkdirTest.java:92)
	at sun.reflect.NativeMethodAccessorImpl.invoke0(Native Method)
	at sun.reflect.NativeMethodAccessorImpl.invoke(NativeMethodAccessorImpl.java:62)
	at sun.reflect.DelegatingMethodAccessorImpl.invoke(DelegatingMethodAccessorImpl.java:43)
	at java.lang.reflect.Method.invoke(Method.java:498)
	at org.junit.runners.model.FrameworkMethod$1.runReflectiveCall(FrameworkMethod.java:47)
	at org.junit.internal.runners.model.ReflectiveCallable.run(ReflectiveCallable.java:12)
	at org.junit.runners.model.FrameworkMethod.invokeExplosively(FrameworkMethod.java:44)
	at org.junit.internal.runners.statements.InvokeMethod.evaluate(InvokeMethod.java:17)
	at org.junit.internal.runners.statements.RunBefores.evaluate(RunBefores.java:26)
	at org.junit.internal.runners.statements.RunAfters.evaluate(RunAfters.java:27)
	at org.junit.rules.TestWatcher$1.evaluate(TestWatcher.java:55)
	at org.junit.internal.runners.statements.FailOnTimeout$StatementThread.run(FailOnTimeout.java:74)
</error>
    <system-out><![CDATA[2019-10-01 19:47:21,278 [Thread-241] INFO  rpc.RpcClient (RpcClient.java:createVolume(276)) - Creating Volume: volume30320, with user20842 as owner.
2019-10-01 19:47:21,281 [IPC Server handler 1 on 44546] INFO  volume.OMVolumeCreateRequest (OMVolumeCreateRequest.java:validateAndUpdateCache(194)) - created volume:volume30320 for user:user20842
2019-10-01 19:47:21,283 [Thread-241] INFO  rpc.RpcClient (RpcClient.java:createBucket(415)) - Creating Bucket: volume30320/bucket30275, with Versioning false and Storage Type set to DISK and Encryption set to false 
2019-10-01 19:47:21,337 [Thread-241] INFO  contract.AbstractFSContractTestBase (AbstractFSContractTestBase.java:setup(184)) - Test filesystem = o3fs://bucket30275.volume30320 implemented by OzoneFileSystem{URI=o3fs://bucket30275.volume30320, workingDir=o3fs://bucket30275.volume30320/user/jenkins1000, userName=jenkins1000, statistics=0 bytes read, 0 bytes written, 45 read ops, 0 large read ops, 2 write ops}
2019-10-01 19:47:21,340 [Thread-241] INFO  contract.AbstractFSContractTestBase (AbstractFSContractTestBase.java:describe(255)) - try to mkdir where a parent is a file
2019-10-01 19:47:21,349 [Thread-208] INFO  container.ReplicationManager (ReplicationManager.java:start(162)) - Starting Replication Monitor Thread.
2019-10-01 19:47:21,351 [ReplicationMonitor] INFO  container.ReplicationManager (ReplicationManager.java:run(225)) - Replication Monitor Thread took 1 milliseconds for processing 0 containers.
2019-10-01 19:47:21,459 [Thread-241] INFO  impl.MetricsSystemImpl (MetricsSystemImpl.java:init(158)) - XceiverClientMetrics metrics system started (again)
2019-10-01 19:47:24,225 [Thread-210] INFO  impl.FollowerState (FollowerState.java:run(106)) - 008e7f89-814f-419b-8e84-495a96fd3460:group-92B757F11C58 changes to CANDIDATE, lastRpcTime:5051, electionTimeout:5051ms
2019-10-01 19:47:24,230 [Thread-210] INFO  impl.RoleInfo (RoleInfo.java:shutdownFollowerState(121)) - 008e7f89-814f-419b-8e84-495a96fd3460: shutdown FollowerState
2019-10-01 19:47:24,230 [Thread-210] INFO  impl.RaftServerImpl (RaftServerImpl.java:setRole(174)) - 008e7f89-814f-419b-8e84-495a96fd3460@group-92B757F11C58: changes role from  FOLLOWER to CANDIDATE at term 0 for changeToCandidate
2019-10-01 19:47:24,233 [Thread-210] INFO  impl.RoleInfo (RoleInfo.java:updateAndGet(143)) - 008e7f89-814f-419b-8e84-495a96fd3460: start LeaderElection
2019-10-01 19:47:24,261 [008e7f89-814f-419b-8e84-495a96fd3460@group-92B757F11C58:LeaderElection1] INFO  impl.LeaderElection (LeaderElection.java:askForVotes(182)) - 008e7f89-814f-419b-8e84-495a96fd3460@group-92B757F11C58:LeaderElection1: begin an election at term 1 for -1: [008e7f89-814f-419b-8e84-495a96fd3460:192.168.151.103:43923], old=null
2019-10-01 19:47:24,263 [008e7f89-814f-419b-8e84-495a96fd3460@group-92B757F11C58:LeaderElection1] INFO  impl.RoleInfo (RoleInfo.java:shutdownLeaderElection(134)) - 008e7f89-814f-419b-8e84-495a96fd3460: shutdown LeaderElection
2019-10-01 19:47:24,264 [008e7f89-814f-419b-8e84-495a96fd3460@group-92B757F11C58:LeaderElection1] INFO  impl.RaftServerImpl (RaftServerImpl.java:setRole(174)) - 008e7f89-814f-419b-8e84-495a96fd3460@group-92B757F11C58: changes role from CANDIDATE to LEADER at term 1 for changeToLeader
2019-10-01 19:47:24,264 [008e7f89-814f-419b-8e84-495a96fd3460@group-92B757F11C58:LeaderElection1] INFO  impl.RaftServerImpl (ServerState.java:setLeader(253)) - 008e7f89-814f-419b-8e84-495a96fd3460@group-92B757F11C58: change Leader from null to 008e7f89-814f-419b-8e84-495a96fd3460 at term 1 for becomeLeader, leader elected after 5229ms
2019-10-01 19:47:24,272 [008e7f89-814f-419b-8e84-495a96fd3460@group-92B757F11C58:LeaderElection1] INFO  server.RaftServerConfigKeys (ConfUtils.java:logGet(43)) - raft.server.staging.catchup.gap = 1000 (default)
2019-10-01 19:47:24,272 [008e7f89-814f-419b-8e84-495a96fd3460@group-92B757F11C58:LeaderElection1] INFO  server.RaftServerConfigKeys (ConfUtils.java:logGet(43)) - raft.server.rpc.sleep.time = 25ms (default)
2019-10-01 19:47:24,276 [008e7f89-814f-419b-8e84-495a96fd3460@group-92B757F11C58:LeaderElection1] INFO  server.RaftServerConfigKeys (ConfUtils.java:logGet(43)) - raft.server.write.element-limit = 4096 (default)
2019-10-01 19:47:24,279 [008e7f89-814f-419b-8e84-495a96fd3460@group-92B757F11C58:LeaderElection1] INFO  server.RaftServerConfigKeys (ConfUtils.java:logGet(43)) - raft.server.watch.timeout = 10s (default)
2019-10-01 19:47:24,279 [008e7f89-814f-419b-8e84-495a96fd3460@group-92B757F11C58:LeaderElection1] INFO  server.RaftServerConfigKeys (ConfUtils.java:logGet(43)) - raft.server.watch.timeout.denomination = 1s (default)
2019-10-01 19:47:24,280 [008e7f89-814f-419b-8e84-495a96fd3460@group-92B757F11C58:LeaderElection1] INFO  server.RaftServerConfigKeys (ConfUtils.java:logGet(43)) - raft.server.watch.element-limit = 65536 (default)
2019-10-01 19:47:24,292 [008e7f89-814f-419b-8e84-495a96fd3460@group-92B757F11C58:LeaderElection1] INFO  impl.RoleInfo (RoleInfo.java:updateAndGet(143)) - 008e7f89-814f-419b-8e84-495a96fd3460: start LeaderState
2019-10-01 19:47:24,314 [008e7f89-814f-419b-8e84-495a96fd3460@group-92B757F11C58:LeaderElection1] INFO  segmented.SegmentedRaftLogWorker (SegmentedRaftLogWorker.java:startLogSegment(380)) - 008e7f89-814f-419b-8e84-495a96fd3460@group-92B757F11C58-SegmentedRaftLogWorker: Starting segment from index:0
2019-10-01 19:47:24,322 [008e7f89-814f-419b-8e84-495a96fd3460@group-92B757F11C58:LeaderElection1] INFO  impl.RaftServerImpl (ServerState.java:setRaftConf(354)) - 008e7f89-814f-419b-8e84-495a96fd3460@group-92B757F11C58: set configuration 0: [008e7f89-814f-419b-8e84-495a96fd3460:192.168.151.103:43923], old=null at 0
2019-10-01 19:47:24,498 [Thread-213] INFO  impl.FollowerState (FollowerState.java:run(106)) - c4a805b6-0512-42dc-ba1a-ae9d1a888919:group-604C13000BFC changes to CANDIDATE, lastRpcTime:5121, electionTimeout:5119ms
2019-10-01 19:47:24,527 [Thread-213] INFO  impl.RoleInfo (RoleInfo.java:shutdownFollowerState(121)) - c4a805b6-0512-42dc-ba1a-ae9d1a888919: shutdown FollowerState
2019-10-01 19:47:24,527 [Thread-213] INFO  impl.RaftServerImpl (RaftServerImpl.java:setRole(174)) - c4a805b6-0512-42dc-ba1a-ae9d1a888919@group-604C13000BFC: changes role from  FOLLOWER to CANDIDATE at term 0 for changeToCandidate
2019-10-01 19:47:24,527 [Thread-213] INFO  impl.RoleInfo (RoleInfo.java:updateAndGet(143)) - c4a805b6-0512-42dc-ba1a-ae9d1a888919: start LeaderElection
2019-10-01 19:47:24,535 [Thread-216] INFO  impl.FollowerState (FollowerState.java:run(106)) - d2ea576c-2d73-4d25-8c74-f5f422f1c1ea:group-B5EBAE466E12 changes to CANDIDATE, lastRpcTime:5025, electionTimeout:5025ms
2019-10-01 19:47:24,535 [Thread-216] INFO  impl.RoleInfo (RoleInfo.java:shutdownFollowerState(121)) - d2ea576c-2d73-4d25-8c74-f5f422f1c1ea: shutdown FollowerState
2019-10-01 19:47:24,535 [Thread-216] INFO  impl.RaftServerImpl (RaftServerImpl.java:setRole(174)) - d2ea576c-2d73-4d25-8c74-f5f422f1c1ea@group-B5EBAE466E12: changes role from  FOLLOWER to CANDIDATE at term 0 for changeToCandidate
2019-10-01 19:47:24,535 [008e7f89-814f-419b-8e84-495a96fd3460@group-92B757F11C58-SegmentedRaftLogWorker] INFO  segmented.SegmentedRaftLogWorker (SegmentedRaftLogWorker.java:execute(569)) - 008e7f89-814f-419b-8e84-495a96fd3460@group-92B757F11C58-SegmentedRaftLogWorker: created new log segment /workdir/hadoop-ozone/ozonefs/target/test-dir/MiniOzoneClusterImpl-76701839-624f-4b6b-affa-460efe4f7a11/datanode-0/data/ratis/f39bfdb9-f850-4b9d-89b9-92b757f11c58/current/log_inprogress_0
2019-10-01 19:47:24,535 [c4a805b6-0512-42dc-ba1a-ae9d1a888919@group-604C13000BFC:LeaderElection2] INFO  impl.LeaderElection (LeaderElection.java:askForVotes(182)) - c4a805b6-0512-42dc-ba1a-ae9d1a888919@group-604C13000BFC:LeaderElection2: begin an election at term 1 for -1: [c4a805b6-0512-42dc-ba1a-ae9d1a888919:192.168.151.103:33670], old=null
2019-10-01 19:47:24,535 [Thread-216] INFO  impl.RoleInfo (RoleInfo.java:updateAndGet(143)) - d2ea576c-2d73-4d25-8c74-f5f422f1c1ea: start LeaderElection
2019-10-01 19:47:24,543 [c4a805b6-0512-42dc-ba1a-ae9d1a888919@group-604C13000BFC:LeaderElection2] INFO  impl.RoleInfo (RoleInfo.java:shutdownLeaderElection(134)) - c4a805b6-0512-42dc-ba1a-ae9d1a888919: shutdown LeaderElection
2019-10-01 19:47:24,543 [c4a805b6-0512-42dc-ba1a-ae9d1a888919@group-604C13000BFC:LeaderElection2] INFO  impl.RaftServerImpl (RaftServerImpl.java:setRole(174)) - c4a805b6-0512-42dc-ba1a-ae9d1a888919@group-604C13000BFC: changes role from CANDIDATE to LEADER at term 1 for changeToLeader
2019-10-01 19:47:24,547 [c4a805b6-0512-42dc-ba1a-ae9d1a888919@group-604C13000BFC:LeaderElection2] INFO  impl.RaftServerImpl (ServerState.java:setLeader(253)) - c4a805b6-0512-42dc-ba1a-ae9d1a888919@group-604C13000BFC: change Leader from null to c4a805b6-0512-42dc-ba1a-ae9d1a888919 at term 1 for becomeLeader, leader elected after 5196ms
2019-10-01 19:47:24,548 [c4a805b6-0512-42dc-ba1a-ae9d1a888919@group-604C13000BFC:LeaderElection2] INFO  server.RaftServerConfigKeys (ConfUtils.java:logGet(43)) - raft.server.staging.catchup.gap = 1000 (default)
2019-10-01 19:47:24,549 [c4a805b6-0512-42dc-ba1a-ae9d1a888919@group-604C13000BFC:LeaderElection2] INFO  server.RaftServerConfigKeys (ConfUtils.java:logGet(43)) - raft.server.rpc.sleep.time = 25ms (default)
2019-10-01 19:47:24,549 [c4a805b6-0512-42dc-ba1a-ae9d1a888919@group-604C13000BFC:LeaderElection2] INFO  server.RaftServerConfigKeys (ConfUtils.java:logGet(43)) - raft.server.write.element-limit = 4096 (default)
2019-10-01 19:47:24,549 [c4a805b6-0512-42dc-ba1a-ae9d1a888919@group-604C13000BFC:LeaderElection2] INFO  server.RaftServerConfigKeys (ConfUtils.java:logGet(43)) - raft.server.watch.timeout = 10s (default)
2019-10-01 19:47:24,549 [c4a805b6-0512-42dc-ba1a-ae9d1a888919@group-604C13000BFC:LeaderElection2] INFO  server.RaftServerConfigKeys (ConfUtils.java:logGet(43)) - raft.server.watch.timeout.denomination = 1s (default)
2019-10-01 19:47:24,549 [c4a805b6-0512-42dc-ba1a-ae9d1a888919@group-604C13000BFC:LeaderElection2] INFO  server.RaftServerConfigKeys (ConfUtils.java:logGet(43)) - raft.server.watch.element-limit = 65536 (default)
2019-10-01 19:47:24,553 [c4a805b6-0512-42dc-ba1a-ae9d1a888919@group-604C13000BFC:LeaderElection2] INFO  impl.RoleInfo (RoleInfo.java:updateAndGet(143)) - c4a805b6-0512-42dc-ba1a-ae9d1a888919: start LeaderState
2019-10-01 19:47:24,553 [c4a805b6-0512-42dc-ba1a-ae9d1a888919@group-604C13000BFC:LeaderElection2] INFO  segmented.SegmentedRaftLogWorker (SegmentedRaftLogWorker.java:startLogSegment(380)) - c4a805b6-0512-42dc-ba1a-ae9d1a888919@group-604C13000BFC-SegmentedRaftLogWorker: Starting segment from index:0
2019-10-01 19:47:24,554 [c4a805b6-0512-42dc-ba1a-ae9d1a888919@group-604C13000BFC:LeaderElection2] INFO  impl.RaftServerImpl (ServerState.java:setRaftConf(354)) - c4a805b6-0512-42dc-ba1a-ae9d1a888919@group-604C13000BFC: set configuration 0: [c4a805b6-0512-42dc-ba1a-ae9d1a888919:192.168.151.103:33670], old=null at 0
2019-10-01 19:47:24,582 [d2ea576c-2d73-4d25-8c74-f5f422f1c1ea@group-B5EBAE466E12:LeaderElection3] INFO  impl.LeaderElection (LeaderElection.java:askForVotes(182)) - d2ea576c-2d73-4d25-8c74-f5f422f1c1ea@group-B5EBAE466E12:LeaderElection3: begin an election at term 1 for -1: [d2ea576c-2d73-4d25-8c74-f5f422f1c1ea:192.168.151.103:44771], old=null
2019-10-01 19:47:24,583 [d2ea576c-2d73-4d25-8c74-f5f422f1c1ea@group-B5EBAE466E12:LeaderElection3] INFO  impl.RoleInfo (RoleInfo.java:shutdownLeaderElection(134)) - d2ea576c-2d73-4d25-8c74-f5f422f1c1ea: shutdown LeaderElection
2019-10-01 19:47:24,583 [d2ea576c-2d73-4d25-8c74-f5f422f1c1ea@group-B5EBAE466E12:LeaderElection3] INFO  impl.RaftServerImpl (RaftServerImpl.java:setRole(174)) - d2ea576c-2d73-4d25-8c74-f5f422f1c1ea@group-B5EBAE466E12: changes role from CANDIDATE to LEADER at term 1 for changeToLeader
2019-10-01 19:47:24,583 [d2ea576c-2d73-4d25-8c74-f5f422f1c1ea@group-B5EBAE466E12:LeaderElection3] INFO  impl.RaftServerImpl (ServerState.java:setLeader(253)) - d2ea576c-2d73-4d25-8c74-f5f422f1c1ea@group-B5EBAE466E12: change Leader from null to d2ea576c-2d73-4d25-8c74-f5f422f1c1ea at term 1 for becomeLeader, leader elected after 5109ms
2019-10-01 19:47:24,584 [d2ea576c-2d73-4d25-8c74-f5f422f1c1ea@group-B5EBAE466E12:LeaderElection3] INFO  server.RaftServerConfigKeys (ConfUtils.java:logGet(43)) - raft.server.staging.catchup.gap = 1000 (default)
2019-10-01 19:47:24,585 [d2ea576c-2d73-4d25-8c74-f5f422f1c1ea@group-B5EBAE466E12:LeaderElection3] INFO  server.RaftServerConfigKeys (ConfUtils.java:logGet(43)) - raft.server.rpc.sleep.time = 25ms (default)
2019-10-01 19:47:24,585 [d2ea576c-2d73-4d25-8c74-f5f422f1c1ea@group-B5EBAE466E12:LeaderElection3] INFO  server.RaftServerConfigKeys (ConfUtils.java:logGet(43)) - raft.server.write.element-limit = 4096 (default)
2019-10-01 19:47:24,585 [d2ea576c-2d73-4d25-8c74-f5f422f1c1ea@group-B5EBAE466E12:LeaderElection3] INFO  server.RaftServerConfigKeys (ConfUtils.java:logGet(43)) - raft.server.watch.timeout = 10s (default)
2019-10-01 19:47:24,585 [d2ea576c-2d73-4d25-8c74-f5f422f1c1ea@group-B5EBAE466E12:LeaderElection3] INFO  server.RaftServerConfigKeys (ConfUtils.java:logGet(43)) - raft.server.watch.timeout.denomination = 1s (default)
2019-10-01 19:47:24,585 [d2ea576c-2d73-4d25-8c74-f5f422f1c1ea@group-B5EBAE466E12:LeaderElection3] INFO  server.RaftServerConfigKeys (ConfUtils.java:logGet(43)) - raft.server.watch.element-limit = 65536 (default)
2019-10-01 19:47:24,588 [d2ea576c-2d73-4d25-8c74-f5f422f1c1ea@group-B5EBAE466E12:LeaderElection3] INFO  impl.RoleInfo (RoleInfo.java:updateAndGet(143)) - d2ea576c-2d73-4d25-8c74-f5f422f1c1ea: start LeaderState
2019-10-01 19:47:24,588 [d2ea576c-2d73-4d25-8c74-f5f422f1c1ea@group-B5EBAE466E12:LeaderElection3] INFO  segmented.SegmentedRaftLogWorker (SegmentedRaftLogWorker.java:startLogSegment(380)) - d2ea576c-2d73-4d25-8c74-f5f422f1c1ea@group-B5EBAE466E12-SegmentedRaftLogWorker: Starting segment from index:0
2019-10-01 19:47:24,588 [d2ea576c-2d73-4d25-8c74-f5f422f1c1ea@group-B5EBAE466E12:LeaderElection3] INFO  impl.RaftServerImpl (ServerState.java:setRaftConf(354)) - d2ea576c-2d73-4d25-8c74-f5f422f1c1ea@group-B5EBAE466E12: set configuration 0: [d2ea576c-2d73-4d25-8c74-f5f422f1c1ea:192.168.151.103:44771], old=null at 0
2019-10-01 19:47:24,615 [c4a805b6-0512-42dc-ba1a-ae9d1a888919@group-604C13000BFC-SegmentedRaftLogWorker] INFO  segmented.SegmentedRaftLogWorker (SegmentedRaftLogWorker.java:execute(569)) - c4a805b6-0512-42dc-ba1a-ae9d1a888919@group-604C13000BFC-SegmentedRaftLogWorker: created new log segment /workdir/hadoop-ozone/ozonefs/target/test-dir/MiniOzoneClusterImpl-76701839-624f-4b6b-affa-460efe4f7a11/datanode-4/data/ratis/f07973e2-1fbd-48d1-b8ac-604c13000bfc/current/log_inprogress_0
2019-10-01 19:47:24,627 [d2ea576c-2d73-4d25-8c74-f5f422f1c1ea@group-B5EBAE466E12-SegmentedRaftLogWorker] INFO  segmented.SegmentedRaftLogWorker (SegmentedRaftLogWorker.java:execute(569)) - d2ea576c-2d73-4d25-8c74-f5f422f1c1ea@group-B5EBAE466E12-SegmentedRaftLogWorker: created new log segment /workdir/hadoop-ozone/ozonefs/target/test-dir/MiniOzoneClusterImpl-76701839-624f-4b6b-affa-460efe4f7a11/datanode-2/data/ratis/2edc5873-d69f-4c93-8539-b5ebae466e12/current/log_inprogress_0
2019-10-01 19:47:24,696 [Thread-219] INFO  impl.FollowerState (FollowerState.java:run(106)) - 6fa9e608-e0d7-4b5d-ab3b-22277986c99d:group-4499652F142B changes to CANDIDATE, lastRpcTime:5121, electionTimeout:5121ms
2019-10-01 19:47:24,696 [Thread-219] INFO  impl.RoleInfo (RoleInfo.java:shutdownFollowerState(121)) - 6fa9e608-e0d7-4b5d-ab3b-22277986c99d: shutdown FollowerState
2019-10-01 19:47:24,696 [Thread-219] INFO  impl.RaftServerImpl (RaftServerImpl.java:setRole(174)) - 6fa9e608-e0d7-4b5d-ab3b-22277986c99d@group-4499652F142B: changes role from  FOLLOWER to CANDIDATE at term 0 for changeToCandidate
2019-10-01 19:47:24,696 [Thread-219] INFO  impl.RoleInfo (RoleInfo.java:updateAndGet(143)) - 6fa9e608-e0d7-4b5d-ab3b-22277986c99d: start LeaderElection
2019-10-01 19:47:24,718 [6fa9e608-e0d7-4b5d-ab3b-22277986c99d@group-4499652F142B:LeaderElection4] INFO  impl.LeaderElection (LeaderElection.java:askForVotes(182)) - 6fa9e608-e0d7-4b5d-ab3b-22277986c99d@group-4499652F142B:LeaderElection4: begin an election at term 1 for -1: [6fa9e608-e0d7-4b5d-ab3b-22277986c99d:192.168.151.103:43257], old=null
2019-10-01 19:47:24,718 [6fa9e608-e0d7-4b5d-ab3b-22277986c99d@group-4499652F142B:LeaderElection4] INFO  impl.RoleInfo (RoleInfo.java:shutdownLeaderElection(134)) - 6fa9e608-e0d7-4b5d-ab3b-22277986c99d: shutdown LeaderElection
2019-10-01 19:47:24,718 [6fa9e608-e0d7-4b5d-ab3b-22277986c99d@group-4499652F142B:LeaderElection4] INFO  impl.RaftServerImpl (RaftServerImpl.java:setRole(174)) - 6fa9e608-e0d7-4b5d-ab3b-22277986c99d@group-4499652F142B: changes role from CANDIDATE to LEADER at term 1 for changeToLeader
2019-10-01 19:47:24,718 [6fa9e608-e0d7-4b5d-ab3b-22277986c99d@group-4499652F142B:LeaderElection4] INFO  impl.RaftServerImpl (ServerState.java:setLeader(253)) - 6fa9e608-e0d7-4b5d-ab3b-22277986c99d@group-4499652F142B: change Leader from null to 6fa9e608-e0d7-4b5d-ab3b-22277986c99d at term 1 for becomeLeader, leader elected after 5154ms
2019-10-01 19:47:24,719 [6fa9e608-e0d7-4b5d-ab3b-22277986c99d@group-4499652F142B:LeaderElection4] INFO  server.RaftServerConfigKeys (ConfUtils.java:logGet(43)) - raft.server.staging.catchup.gap = 1000 (default)
2019-10-01 19:47:24,719 [6fa9e608-e0d7-4b5d-ab3b-22277986c99d@group-4499652F142B:LeaderElection4] INFO  server.RaftServerConfigKeys (ConfUtils.java:logGet(43)) - raft.server.rpc.sleep.time = 25ms (default)
2019-10-01 19:47:24,720 [6fa9e608-e0d7-4b5d-ab3b-22277986c99d@group-4499652F142B:LeaderElection4] INFO  server.RaftServerConfigKeys (ConfUtils.java:logGet(43)) - raft.server.write.element-limit = 4096 (default)
2019-10-01 19:47:24,720 [6fa9e608-e0d7-4b5d-ab3b-22277986c99d@group-4499652F142B:LeaderElection4] INFO  server.RaftServerConfigKeys (ConfUtils.java:logGet(43)) - raft.server.watch.timeout = 10s (default)
2019-10-01 19:47:24,720 [6fa9e608-e0d7-4b5d-ab3b-22277986c99d@group-4499652F142B:LeaderElection4] INFO  server.RaftServerConfigKeys (ConfUtils.java:logGet(43)) - raft.server.watch.timeout.denomination = 1s (default)
2019-10-01 19:47:24,720 [6fa9e608-e0d7-4b5d-ab3b-22277986c99d@group-4499652F142B:LeaderElection4] INFO  server.RaftServerConfigKeys (ConfUtils.java:logGet(43)) - raft.server.watch.element-limit = 65536 (default)
2019-10-01 19:47:24,727 [6fa9e608-e0d7-4b5d-ab3b-22277986c99d@group-4499652F142B:LeaderElection4] INFO  impl.RoleInfo (RoleInfo.java:updateAndGet(143)) - 6fa9e608-e0d7-4b5d-ab3b-22277986c99d: start LeaderState
2019-10-01 19:47:24,728 [6fa9e608-e0d7-4b5d-ab3b-22277986c99d@group-4499652F142B:LeaderElection4] INFO  segmented.SegmentedRaftLogWorker (SegmentedRaftLogWorker.java:startLogSegment(380)) - 6fa9e608-e0d7-4b5d-ab3b-22277986c99d@group-4499652F142B-SegmentedRaftLogWorker: Starting segment from index:0
2019-10-01 19:47:24,729 [6fa9e608-e0d7-4b5d-ab3b-22277986c99d@group-4499652F142B:LeaderElection4] INFO  impl.RaftServerImpl (ServerState.java:setRaftConf(354)) - 6fa9e608-e0d7-4b5d-ab3b-22277986c99d@group-4499652F142B: set configuration 0: [6fa9e608-e0d7-4b5d-ab3b-22277986c99d:192.168.151.103:43257], old=null at 0
2019-10-01 19:47:24,771 [6fa9e608-e0d7-4b5d-ab3b-22277986c99d@group-4499652F142B-SegmentedRaftLogWorker] INFO  segmented.SegmentedRaftLogWorker (SegmentedRaftLogWorker.java:execute(569)) - 6fa9e608-e0d7-4b5d-ab3b-22277986c99d@group-4499652F142B-SegmentedRaftLogWorker: created new log segment /workdir/hadoop-ozone/ozonefs/target/test-dir/MiniOzoneClusterImpl-76701839-624f-4b6b-affa-460efe4f7a11/datanode-1/data/ratis/dc79ef25-c402-4bc7-8646-4499652f142b/current/log_inprogress_0
2019-10-01 19:47:24,773 [Thread-223] INFO  impl.FollowerState (FollowerState.java:run(106)) - 0ef26c84-dd7f-47b5-99b0-88dba1f2e17b:group-0CC3D7AA0BE6 changes to CANDIDATE, lastRpcTime:5133, electionTimeout:5133ms
2019-10-01 19:47:24,773 [Thread-223] INFO  impl.RoleInfo (RoleInfo.java:shutdownFollowerState(121)) - 0ef26c84-dd7f-47b5-99b0-88dba1f2e17b: shutdown FollowerState
2019-10-01 19:47:24,773 [Thread-223] INFO  impl.RaftServerImpl (RaftServerImpl.java:setRole(174)) - 0ef26c84-dd7f-47b5-99b0-88dba1f2e17b@group-0CC3D7AA0BE6: changes role from  FOLLOWER to CANDIDATE at term 0 for changeToCandidate
2019-10-01 19:47:24,774 [Thread-223] INFO  impl.RoleInfo (RoleInfo.java:updateAndGet(143)) - 0ef26c84-dd7f-47b5-99b0-88dba1f2e17b: start LeaderElection
2019-10-01 19:47:24,795 [0ef26c84-dd7f-47b5-99b0-88dba1f2e17b@group-0CC3D7AA0BE6:LeaderElection5] INFO  impl.LeaderElection (LeaderElection.java:askForVotes(182)) - 0ef26c84-dd7f-47b5-99b0-88dba1f2e17b@group-0CC3D7AA0BE6:LeaderElection5: begin an election at term 1 for -1: [0ef26c84-dd7f-47b5-99b0-88dba1f2e17b:192.168.151.103:34104], old=null
2019-10-01 19:47:24,796 [0ef26c84-dd7f-47b5-99b0-88dba1f2e17b@group-0CC3D7AA0BE6:LeaderElection5] INFO  impl.RoleInfo (RoleInfo.java:shutdownLeaderElection(134)) - 0ef26c84-dd7f-47b5-99b0-88dba1f2e17b: shutdown LeaderElection
2019-10-01 19:47:24,796 [0ef26c84-dd7f-47b5-99b0-88dba1f2e17b@group-0CC3D7AA0BE6:LeaderElection5] INFO  impl.RaftServerImpl (RaftServerImpl.java:setRole(174)) - 0ef26c84-dd7f-47b5-99b0-88dba1f2e17b@group-0CC3D7AA0BE6: changes role from CANDIDATE to LEADER at term 1 for changeToLeader
2019-10-01 19:47:24,796 [0ef26c84-dd7f-47b5-99b0-88dba1f2e17b@group-0CC3D7AA0BE6:LeaderElection5] INFO  impl.RaftServerImpl (ServerState.java:setLeader(253)) - 0ef26c84-dd7f-47b5-99b0-88dba1f2e17b@group-0CC3D7AA0BE6: change Leader from null to 0ef26c84-dd7f-47b5-99b0-88dba1f2e17b at term 1 for becomeLeader, leader elected after 5166ms
2019-10-01 19:47:24,797 [0ef26c84-dd7f-47b5-99b0-88dba1f2e17b@group-0CC3D7AA0BE6:LeaderElection5] INFO  server.RaftServerConfigKeys (ConfUtils.java:logGet(43)) - raft.server.staging.catchup.gap = 1000 (default)
2019-10-01 19:47:24,797 [0ef26c84-dd7f-47b5-99b0-88dba1f2e17b@group-0CC3D7AA0BE6:LeaderElection5] INFO  server.RaftServerConfigKeys (ConfUtils.java:logGet(43)) - raft.server.rpc.sleep.time = 25ms (default)
2019-10-01 19:47:24,797 [0ef26c84-dd7f-47b5-99b0-88dba1f2e17b@group-0CC3D7AA0BE6:LeaderElection5] INFO  server.RaftServerConfigKeys (ConfUtils.java:logGet(43)) - raft.server.write.element-limit = 4096 (default)
2019-10-01 19:47:24,797 [0ef26c84-dd7f-47b5-99b0-88dba1f2e17b@group-0CC3D7AA0BE6:LeaderElection5] INFO  server.RaftServerConfigKeys (ConfUtils.java:logGet(43)) - raft.server.watch.timeout = 10s (default)
2019-10-01 19:47:24,797 [0ef26c84-dd7f-47b5-99b0-88dba1f2e17b@group-0CC3D7AA0BE6:LeaderElection5] INFO  server.RaftServerConfigKeys (ConfUtils.java:logGet(43)) - raft.server.watch.timeout.denomination = 1s (default)
2019-10-01 19:47:24,798 [0ef26c84-dd7f-47b5-99b0-88dba1f2e17b@group-0CC3D7AA0BE6:LeaderElection5] INFO  server.RaftServerConfigKeys (ConfUtils.java:logGet(43)) - raft.server.watch.element-limit = 65536 (default)
2019-10-01 19:47:24,798 [Thread-229] INFO  impl.FollowerState (FollowerState.java:run(106)) - c4a805b6-0512-42dc-ba1a-ae9d1a888919:group-B2E170273611 changes to CANDIDATE, lastRpcTime:5047, electionTimeout:5047ms
2019-10-01 19:47:24,798 [Thread-229] INFO  impl.RoleInfo (RoleInfo.java:shutdownFollowerState(121)) - c4a805b6-0512-42dc-ba1a-ae9d1a888919: shutdown FollowerState
2019-10-01 19:47:24,798 [Thread-229] INFO  impl.RaftServerImpl (RaftServerImpl.java:setRole(174)) - c4a805b6-0512-42dc-ba1a-ae9d1a888919@group-B2E170273611: changes role from  FOLLOWER to CANDIDATE at term 0 for changeToCandidate
2019-10-01 19:47:24,799 [Thread-229] INFO  impl.RoleInfo (RoleInfo.java:updateAndGet(143)) - c4a805b6-0512-42dc-ba1a-ae9d1a888919: start LeaderElection
2019-10-01 19:47:24,801 [0ef26c84-dd7f-47b5-99b0-88dba1f2e17b@group-0CC3D7AA0BE6:LeaderElection5] INFO  impl.RoleInfo (RoleInfo.java:updateAndGet(143)) - 0ef26c84-dd7f-47b5-99b0-88dba1f2e17b: start LeaderState
2019-10-01 19:47:24,802 [0ef26c84-dd7f-47b5-99b0-88dba1f2e17b@group-0CC3D7AA0BE6:LeaderElection5] INFO  segmented.SegmentedRaftLogWorker (SegmentedRaftLogWorker.java:startLogSegment(380)) - 0ef26c84-dd7f-47b5-99b0-88dba1f2e17b@group-0CC3D7AA0BE6-SegmentedRaftLogWorker: Starting segment from index:0
2019-10-01 19:47:24,802 [0ef26c84-dd7f-47b5-99b0-88dba1f2e17b@group-0CC3D7AA0BE6:LeaderElection5] INFO  impl.RaftServerImpl (ServerState.java:setRaftConf(354)) - 0ef26c84-dd7f-47b5-99b0-88dba1f2e17b@group-0CC3D7AA0BE6: set configuration 0: [0ef26c84-dd7f-47b5-99b0-88dba1f2e17b:192.168.151.103:34104], old=null at 0
2019-10-01 19:47:24,823 [c4a805b6-0512-42dc-ba1a-ae9d1a888919@group-B2E170273611:LeaderElection6] INFO  impl.LeaderElection (LeaderElection.java:askForVotes(182)) - c4a805b6-0512-42dc-ba1a-ae9d1a888919@group-B2E170273611:LeaderElection6: begin an election at term 1 for -1: [008e7f89-814f-419b-8e84-495a96fd3460:192.168.151.103:43923, c4a805b6-0512-42dc-ba1a-ae9d1a888919:192.168.151.103:33670, d2ea576c-2d73-4d25-8c74-f5f422f1c1ea:192.168.151.103:44771], old=null
2019-10-01 19:47:24,830 [0ef26c84-dd7f-47b5-99b0-88dba1f2e17b@group-0CC3D7AA0BE6-SegmentedRaftLogWorker] INFO  segmented.SegmentedRaftLogWorker (SegmentedRaftLogWorker.java:execute(569)) - 0ef26c84-dd7f-47b5-99b0-88dba1f2e17b@group-0CC3D7AA0BE6-SegmentedRaftLogWorker: created new log segment /workdir/hadoop-ozone/ozonefs/target/test-dir/MiniOzoneClusterImpl-76701839-624f-4b6b-affa-460efe4f7a11/datanode-3/data/ratis/dfb966bf-c72a-4a76-8da6-0cc3d7aa0be6/current/log_inprogress_0
2019-10-01 19:47:24,848 [grpc-default-executor-2] INFO  impl.RaftServerImpl (RaftServerImpl.java:setRole(174)) - 008e7f89-814f-419b-8e84-495a96fd3460@group-B2E170273611: changes role from  FOLLOWER to FOLLOWER at term 1 for recognizeCandidate:c4a805b6-0512-42dc-ba1a-ae9d1a888919
2019-10-01 19:47:24,848 [grpc-default-executor-1] INFO  impl.RaftServerImpl (RaftServerImpl.java:setRole(174)) - d2ea576c-2d73-4d25-8c74-f5f422f1c1ea@group-B2E170273611: changes role from  FOLLOWER to FOLLOWER at term 1 for recognizeCandidate:c4a805b6-0512-42dc-ba1a-ae9d1a888919
2019-10-01 19:47:24,848 [grpc-default-executor-2] INFO  impl.RoleInfo (RoleInfo.java:shutdownFollowerState(121)) - 008e7f89-814f-419b-8e84-495a96fd3460: shutdown FollowerState
2019-10-01 19:47:24,848 [grpc-default-executor-1] INFO  impl.RoleInfo (RoleInfo.java:shutdownFollowerState(121)) - d2ea576c-2d73-4d25-8c74-f5f422f1c1ea: shutdown FollowerState
2019-10-01 19:47:24,848 [Thread-230] INFO  impl.FollowerState (FollowerState.java:run(115)) - 008e7f89-814f-419b-8e84-495a96fd3460: FollowerState was interrupted: java.lang.InterruptedException: sleep interrupted
2019-10-01 19:47:24,848 [grpc-default-executor-2] INFO  impl.RoleInfo (RoleInfo.java:updateAndGet(143)) - 008e7f89-814f-419b-8e84-495a96fd3460: start FollowerState
2019-10-01 19:47:24,848 [grpc-default-executor-1] INFO  impl.RoleInfo (RoleInfo.java:updateAndGet(143)) - d2ea576c-2d73-4d25-8c74-f5f422f1c1ea: start FollowerState
2019-10-01 19:47:24,848 [Thread-228] INFO  impl.FollowerState (FollowerState.java:run(115)) - d2ea576c-2d73-4d25-8c74-f5f422f1c1ea: FollowerState was interrupted: java.lang.InterruptedException: sleep interrupted
2019-10-01 19:47:24,879 [c4a805b6-0512-42dc-ba1a-ae9d1a888919@group-B2E170273611:LeaderElection6] INFO  impl.LeaderElection (LeaderElection.java:logAndReturn(56)) - c4a805b6-0512-42dc-ba1a-ae9d1a888919@group-B2E170273611:LeaderElection6: Election PASSED; received 1 response(s) [c4a805b6-0512-42dc-ba1a-ae9d1a888919<-008e7f89-814f-419b-8e84-495a96fd3460#0:OK-t1] and 0 exception(s); c4a805b6-0512-42dc-ba1a-ae9d1a888919@group-B2E170273611:t1, leader=null, voted=c4a805b6-0512-42dc-ba1a-ae9d1a888919, raftlog=c4a805b6-0512-42dc-ba1a-ae9d1a888919@group-B2E170273611-SegmentedRaftLog:OPENED:c-1,f-1,i0, conf=-1: [008e7f89-814f-419b-8e84-495a96fd3460:192.168.151.103:43923, c4a805b6-0512-42dc-ba1a-ae9d1a888919:192.168.151.103:33670, d2ea576c-2d73-4d25-8c74-f5f422f1c1ea:192.168.151.103:44771], old=null
2019-10-01 19:47:24,879 [c4a805b6-0512-42dc-ba1a-ae9d1a888919@group-B2E170273611:LeaderElection6] INFO  impl.RoleInfo (RoleInfo.java:shutdownLeaderElection(134)) - c4a805b6-0512-42dc-ba1a-ae9d1a888919: shutdown LeaderElection
2019-10-01 19:47:24,879 [c4a805b6-0512-42dc-ba1a-ae9d1a888919@group-B2E170273611:LeaderElection6] INFO  impl.RaftServerImpl (RaftServerImpl.java:setRole(174)) - c4a805b6-0512-42dc-ba1a-ae9d1a888919@group-B2E170273611: changes role from CANDIDATE to LEADER at term 1 for changeToLeader
2019-10-01 19:47:24,880 [c4a805b6-0512-42dc-ba1a-ae9d1a888919@group-B2E170273611:LeaderElection6] INFO  impl.RaftServerImpl (ServerState.java:setLeader(253)) - c4a805b6-0512-42dc-ba1a-ae9d1a888919@group-B2E170273611: change Leader from null to c4a805b6-0512-42dc-ba1a-ae9d1a888919 at term 1 for becomeLeader, leader elected after 5140ms
2019-10-01 19:47:24,880 [c4a805b6-0512-42dc-ba1a-ae9d1a888919@group-B2E170273611:LeaderElection6] INFO  server.RaftServerConfigKeys (ConfUtils.java:logGet(43)) - raft.server.staging.catchup.gap = 1000 (default)
2019-10-01 19:47:24,880 [c4a805b6-0512-42dc-ba1a-ae9d1a888919@group-B2E170273611:LeaderElection6] INFO  server.RaftServerConfigKeys (ConfUtils.java:logGet(43)) - raft.server.rpc.sleep.time = 25ms (default)
2019-10-01 19:47:24,881 [c4a805b6-0512-42dc-ba1a-ae9d1a888919@group-B2E170273611:LeaderElection6] INFO  server.RaftServerConfigKeys (ConfUtils.java:logGet(43)) - raft.server.write.element-limit = 4096 (default)
2019-10-01 19:47:24,881 [c4a805b6-0512-42dc-ba1a-ae9d1a888919@group-B2E170273611:LeaderElection6] INFO  server.RaftServerConfigKeys (ConfUtils.java:logGet(43)) - raft.server.watch.timeout = 10s (default)
2019-10-01 19:47:24,881 [c4a805b6-0512-42dc-ba1a-ae9d1a888919@group-B2E170273611:LeaderElection6] INFO  server.RaftServerConfigKeys (ConfUtils.java:logGet(43)) - raft.server.watch.timeout.denomination = 1s (default)
2019-10-01 19:47:24,881 [c4a805b6-0512-42dc-ba1a-ae9d1a888919@group-B2E170273611:LeaderElection6] INFO  server.RaftServerConfigKeys (ConfUtils.java:logGet(43)) - raft.server.watch.element-limit = 65536 (default)
2019-10-01 19:47:24,886 [c4a805b6-0512-42dc-ba1a-ae9d1a888919@group-B2E170273611:LeaderElection6] INFO  server.RaftServerConfigKeys (ConfUtils.java:logGet(43)) - raft.server.log.appender.snapshot.chunk.size.max = 16MB (=16777216) (default)
2019-10-01 19:47:24,886 [c4a805b6-0512-42dc-ba1a-ae9d1a888919@group-B2E170273611:LeaderElection6] INFO  server.RaftServerConfigKeys (ConfUtils.java:logGet(43)) - raft.server.log.appender.buffer.byte-limit = 33554432 (custom)
2019-10-01 19:47:24,887 [c4a805b6-0512-42dc-ba1a-ae9d1a888919@group-B2E170273611:LeaderElection6] INFO  server.RaftServerConfigKeys (ConfUtils.java:logGet(43)) - raft.server.log.appender.buffer.element-limit = 1 (custom)
2019-10-01 19:47:24,890 [c4a805b6-0512-42dc-ba1a-ae9d1a888919@group-B2E170273611:LeaderElection6] INFO  grpc.GrpcConfigKeys$Server (ConfUtils.java:logGet(43)) - raft.grpc.server.leader.outstanding.appends.max = 128 (default)
2019-10-01 19:47:24,890 [c4a805b6-0512-42dc-ba1a-ae9d1a888919@group-B2E170273611:LeaderElection6] INFO  server.RaftServerConfigKeys (ConfUtils.java:logGet(43)) - raft.server.rpc.request.timeout = 3000ms (default)
2019-10-01 19:47:24,890 [c4a805b6-0512-42dc-ba1a-ae9d1a888919@group-B2E170273611:LeaderElection6] INFO  server.RaftServerConfigKeys (ConfUtils.java:logGet(43)) - raft.server.log.appender.install.snapshot.enabled = false (custom)
2019-10-01 19:47:24,891 [c4a805b6-0512-42dc-ba1a-ae9d1a888919@group-B2E170273611:LeaderElection6] INFO  server.RaftServerConfigKeys (ConfUtils.java:logGet(43)) - raft.server.log.appender.snapshot.chunk.size.max = 16MB (=16777216) (default)
2019-10-01 19:47:24,892 [c4a805b6-0512-42dc-ba1a-ae9d1a888919@group-B2E170273611:LeaderElection6] INFO  server.RaftServerConfigKeys (ConfUtils.java:logGet(43)) - raft.server.log.appender.buffer.byte-limit = 33554432 (custom)
2019-10-01 19:47:24,892 [c4a805b6-0512-42dc-ba1a-ae9d1a888919@group-B2E170273611:LeaderElection6] INFO  server.RaftServerConfigKeys (ConfUtils.java:logGet(43)) - raft.server.log.appender.buffer.element-limit = 1 (custom)
2019-10-01 19:47:24,892 [c4a805b6-0512-42dc-ba1a-ae9d1a888919@group-B2E170273611:LeaderElection6] INFO  grpc.GrpcConfigKeys$Server (ConfUtils.java:logGet(43)) - raft.grpc.server.leader.outstanding.appends.max = 128 (default)
2019-10-01 19:47:24,892 [c4a805b6-0512-42dc-ba1a-ae9d1a888919@group-B2E170273611:LeaderElection6] INFO  server.RaftServerConfigKeys (ConfUtils.java:logGet(43)) - raft.server.rpc.request.timeout = 3000ms (default)
2019-10-01 19:47:24,892 [c4a805b6-0512-42dc-ba1a-ae9d1a888919@group-B2E170273611:LeaderElection6] INFO  server.RaftServerConfigKeys (ConfUtils.java:logGet(43)) - raft.server.log.appender.install.snapshot.enabled = false (custom)
2019-10-01 19:47:24,893 [c4a805b6-0512-42dc-ba1a-ae9d1a888919@group-B2E170273611:LeaderElection6] INFO  impl.RoleInfo (RoleInfo.java:updateAndGet(143)) - c4a805b6-0512-42dc-ba1a-ae9d1a888919: start LeaderState
2019-10-01 19:47:24,894 [c4a805b6-0512-42dc-ba1a-ae9d1a888919@group-B2E170273611:LeaderElection6] INFO  segmented.SegmentedRaftLogWorker (SegmentedRaftLogWorker.java:startLogSegment(380)) - c4a805b6-0512-42dc-ba1a-ae9d1a888919@group-B2E170273611-SegmentedRaftLogWorker: Starting segment from index:0
2019-10-01 19:47:24,894 [c4a805b6-0512-42dc-ba1a-ae9d1a888919@group-B2E170273611:LeaderElection6] INFO  impl.RaftServerImpl (ServerState.java:setRaftConf(354)) - c4a805b6-0512-42dc-ba1a-ae9d1a888919@group-B2E170273611: set configuration 0: [008e7f89-814f-419b-8e84-495a96fd3460:192.168.151.103:43923, c4a805b6-0512-42dc-ba1a-ae9d1a888919:192.168.151.103:33670, d2ea576c-2d73-4d25-8c74-f5f422f1c1ea:192.168.151.103:44771], old=null at 0
2019-10-01 19:47:24,938 [grpc-default-executor-1] INFO  impl.RaftServerImpl (ServerState.java:setLeader(253)) - d2ea576c-2d73-4d25-8c74-f5f422f1c1ea@group-B2E170273611: change Leader from null to c4a805b6-0512-42dc-ba1a-ae9d1a888919 at term 1 for appendEntries, leader elected after 5198ms
2019-10-01 19:47:24,938 [grpc-default-executor-2] INFO  impl.RaftServerImpl (ServerState.java:setLeader(253)) - 008e7f89-814f-419b-8e84-495a96fd3460@group-B2E170273611: change Leader from null to c4a805b6-0512-42dc-ba1a-ae9d1a888919 at term 1 for appendEntries, leader elected after 5197ms
2019-10-01 19:47:24,941 [c4a805b6-0512-42dc-ba1a-ae9d1a888919@group-B2E170273611-SegmentedRaftLogWorker] INFO  segmented.SegmentedRaftLogWorker (SegmentedRaftLogWorker.java:execute(569)) - c4a805b6-0512-42dc-ba1a-ae9d1a888919@group-B2E170273611-SegmentedRaftLogWorker: created new log segment /workdir/hadoop-ozone/ozonefs/target/test-dir/MiniOzoneClusterImpl-76701839-624f-4b6b-affa-460efe4f7a11/datanode-4/data/ratis/5e6d30af-3c7b-4344-a942-b2e170273611/current/log_inprogress_0
2019-10-01 19:47:24,966 [grpc-default-executor-1] INFO  impl.RaftServerImpl (ServerState.java:setRaftConf(354)) - 008e7f89-814f-419b-8e84-495a96fd3460@group-B2E170273611: set configuration 0: [008e7f89-814f-419b-8e84-495a96fd3460:192.168.151.103:43923, c4a805b6-0512-42dc-ba1a-ae9d1a888919:192.168.151.103:33670, d2ea576c-2d73-4d25-8c74-f5f422f1c1ea:192.168.151.103:44771], old=null at 0
2019-10-01 19:47:24,966 [grpc-default-executor-2] INFO  impl.RaftServerImpl (ServerState.java:setRaftConf(354)) - d2ea576c-2d73-4d25-8c74-f5f422f1c1ea@group-B2E170273611: set configuration 0: [008e7f89-814f-419b-8e84-495a96fd3460:192.168.151.103:43923, c4a805b6-0512-42dc-ba1a-ae9d1a888919:192.168.151.103:33670, d2ea576c-2d73-4d25-8c74-f5f422f1c1ea:192.168.151.103:44771], old=null at 0
2019-10-01 19:47:24,966 [grpc-default-executor-1] INFO  segmented.SegmentedRaftLogWorker (SegmentedRaftLogWorker.java:startLogSegment(380)) - 008e7f89-814f-419b-8e84-495a96fd3460@group-B2E170273611-SegmentedRaftLogWorker: Starting segment from index:0
2019-10-01 19:47:24,966 [grpc-default-executor-2] INFO  segmented.SegmentedRaftLogWorker (SegmentedRaftLogWorker.java:startLogSegment(380)) - d2ea576c-2d73-4d25-8c74-f5f422f1c1ea@group-B2E170273611-SegmentedRaftLogWorker: Starting segment from index:0
2019-10-01 19:47:25,006 [008e7f89-814f-419b-8e84-495a96fd3460@group-B2E170273611-SegmentedRaftLogWorker] INFO  segmented.SegmentedRaftLogWorker (SegmentedRaftLogWorker.java:execute(569)) - 008e7f89-814f-419b-8e84-495a96fd3460@group-B2E170273611-SegmentedRaftLogWorker: created new log segment /workdir/hadoop-ozone/ozonefs/target/test-dir/MiniOzoneClusterImpl-76701839-624f-4b6b-affa-460efe4f7a11/datanode-0/data/ratis/5e6d30af-3c7b-4344-a942-b2e170273611/current/log_inprogress_0
2019-10-01 19:47:25,006 [d2ea576c-2d73-4d25-8c74-f5f422f1c1ea@group-B2E170273611-SegmentedRaftLogWorker] INFO  segmented.SegmentedRaftLogWorker (SegmentedRaftLogWorker.java:execute(569)) - d2ea576c-2d73-4d25-8c74-f5f422f1c1ea@group-B2E170273611-SegmentedRaftLogWorker: created new log segment /workdir/hadoop-ozone/ozonefs/target/test-dir/MiniOzoneClusterImpl-76701839-624f-4b6b-affa-460efe4f7a11/datanode-2/data/ratis/5e6d30af-3c7b-4344-a942-b2e170273611/current/log_inprogress_0
2019-10-01 19:47:25,975 [pool-66-thread-1] ERROR impl.ChunkManagerImpl (ChunkUtils.java:writeData(89)) - data array does not match the length specified. DataLen: 1024 Byte Array: 1181
2019-10-01 19:47:25,976 [pool-66-thread-1] INFO  keyvalue.KeyValueHandler (ContainerUtils.java:logAndReturnError(146)) - Operation: WriteChunk : Trace ID: 6a5bc30975004ee4:6a5bc30975004ee4:0:0 : Message: data array does not match the length specified. DataLen: 1024 Byte Array: 1181 : Result: INVALID_WRITE_SIZE
2019-10-01 19:47:26,009 [EventQueue-IncrementalContainerReportForIncrementalContainerReportHandler] WARN  container.IncrementalContainerReportHandler (AbstractContainerReportHandler.java:updateContainerState(143)) - Container #1 is in OPEN state, but the datanode c4a805b6-0512-42dc-ba1a-ae9d1a888919{ip: 192.168.151.103, host: pr-trunk-878pl-325597374, networkLocation: /default-rack, certSerialId: null} reports an UNHEALTHY replica.
19:47:26.018 [pool-66-thread-1] ERROR DNAudit - user=null | ip=null | op=WRITE_CHUNK {blockData=conID: 1 locID: 102888848842817536 bcsId: 0} | ret=FAILURE
java.lang.Exception: data array does not match the length specified. DataLen: 1024 Byte Array: 1181
	at org.apache.hadoop.ozone.container.common.impl.HddsDispatcher.dispatchRequest(HddsDispatcher.java:330) ~[hadoop-hdds-container-service-0.5.0-SNAPSHOT.jar:?]
	at org.apache.hadoop.ozone.container.common.impl.HddsDispatcher.dispatch(HddsDispatcher.java:150) ~[hadoop-hdds-container-service-0.5.0-SNAPSHOT.jar:?]
	at org.apache.hadoop.ozone.container.common.transport.server.ratis.ContainerStateMachine.dispatchCommand(ContainerStateMachine.java:407) ~[hadoop-hdds-container-service-0.5.0-SNAPSHOT.jar:?]
	at org.apache.hadoop.ozone.container.common.transport.server.ratis.ContainerStateMachine.runCommand(ContainerStateMachine.java:415) ~[hadoop-hdds-container-service-0.5.0-SNAPSHOT.jar:?]
	at org.apache.hadoop.ozone.container.common.transport.server.ratis.ContainerStateMachine.lambda$handleWriteChunk$1(ContainerStateMachine.java:450) ~[hadoop-hdds-container-service-0.5.0-SNAPSHOT.jar:?]
	at java.util.concurrent.CompletableFuture$AsyncSupply.run(CompletableFuture.java:1590) [?:1.8.0_212]
	at java.util.concurrent.ThreadPoolExecutor.runWorker(ThreadPoolExecutor.java:1149) [?:1.8.0_212]
	at java.util.concurrent.ThreadPoolExecutor$Worker.run(ThreadPoolExecutor.java:624) [?:1.8.0_212]
	at java.lang.Thread.run(Thread.java:748) [?:1.8.0_212]
2019-10-01 19:47:26,030 [pool-66-thread-1] ERROR ratis.ContainerStateMachine (ContainerStateMachine.java:lambda$handleWriteChunk$2(470)) - group-B2E170273611: writeChunk writeStateMachineData failed: blockIdcontainerID: 1
localID: 102888848842817536
blockCommitSequenceId: 0
 logIndex 1 chunkName 102888848842817536_chunk_1 Error message: data array does not match the length specified. DataLen: 1024 Byte Array: 1181 Container Result: INVALID_WRITE_SIZE
2019-10-01 19:47:26,041 [c4a805b6-0512-42dc-ba1a-ae9d1a888919@group-B2E170273611-SegmentedRaftLogWorker] ERROR ratis.XceiverServerRatis (XceiverServerRatis.java:triggerPipelineClose(575)) - pipeline Action CLOSE  on pipeline PipelineID=5e6d30af-3c7b-4344-a942-b2e170273611.Reason : data array does not match the length specified. DataLen: 1024 Byte Array: 1181
2019-10-01 19:47:26,046 [EventQueue-PipelineActionsForPipelineActionHandler] ERROR pipeline.PipelineActionHandler (PipelineActionHandler.java:onMessage(60)) - Received pipeline action CLOSE for Pipeline[ Id: 5e6d30af-3c7b-4344-a942-b2e170273611, Nodes: 008e7f89-814f-419b-8e84-495a96fd3460{ip: 192.168.151.103, host: pr-trunk-878pl-325597374, networkLocation: /default-rack, certSerialId: null}c4a805b6-0512-42dc-ba1a-ae9d1a888919{ip: 192.168.151.103, host: pr-trunk-878pl-325597374, networkLocation: /default-rack, certSerialId: null}d2ea576c-2d73-4d25-8c74-f5f422f1c1ea{ip: 192.168.151.103, host: pr-trunk-878pl-325597374, networkLocation: /default-rack, certSerialId: null}, Type:RATIS, Factor:THREE, State:OPEN] from datanode c4a805b6-0512-42dc-ba1a-ae9d1a888919{ip: 192.168.151.103, host: pr-trunk-878pl-325597374, networkLocation: /default-rack, certSerialId: null}. Reason : data array does not match the length specified. DataLen: 1024 Byte Array: 1181
2019-10-01 19:47:26,046 [EventQueue-PipelineActionsForPipelineActionHandler] INFO  pipeline.SCMPipelineManager (SCMPipelineManager.java:finalizeAndDestroyPipeline(315)) - destroying pipeline:Pipeline[ Id: 5e6d30af-3c7b-4344-a942-b2e170273611, Nodes: 008e7f89-814f-419b-8e84-495a96fd3460{ip: 192.168.151.103, host: pr-trunk-878pl-325597374, networkLocation: /default-rack, certSerialId: null}c4a805b6-0512-42dc-ba1a-ae9d1a888919{ip: 192.168.151.103, host: pr-trunk-878pl-325597374, networkLocation: /default-rack, certSerialId: null}d2ea576c-2d73-4d25-8c74-f5f422f1c1ea{ip: 192.168.151.103, host: pr-trunk-878pl-325597374, networkLocation: /default-rack, certSerialId: null}, Type:RATIS, Factor:THREE, State:OPEN]
2019-10-01 19:47:26,047 [EventQueue-CloseContainerForCloseContainerEventHandler] INFO  container.CloseContainerEventHandler (CloseContainerEventHandler.java:onMessage(61)) - Close container Event triggered for container : #1
2019-10-01 19:47:26,049 [EventQueue-PipelineActionsForPipelineActionHandler] INFO  pipeline.PipelineStateManager (PipelineStateManager.java:finalizePipeline(123)) - Pipeline Pipeline[ Id: 5e6d30af-3c7b-4344-a942-b2e170273611, Nodes: 008e7f89-814f-419b-8e84-495a96fd3460{ip: 192.168.151.103, host: pr-trunk-878pl-325597374, networkLocation: /default-rack, certSerialId: null}c4a805b6-0512-42dc-ba1a-ae9d1a888919{ip: 192.168.151.103, host: pr-trunk-878pl-325597374, networkLocation: /default-rack, certSerialId: null}d2ea576c-2d73-4d25-8c74-f5f422f1c1ea{ip: 192.168.151.103, host: pr-trunk-878pl-325597374, networkLocation: /default-rack, certSerialId: null}, Type:RATIS, Factor:THREE, State:CLOSED] moved to CLOSED state
2019-10-01 19:47:26,053 [EventQueue-CloseContainerForCloseContainerEventHandler] INFO  container.CloseContainerEventHandler (CloseContainerEventHandler.java:onMessage(61)) - Close container Event triggered for container : #1
2019-10-01 19:47:26,092 [c4a805b6-0512-42dc-ba1a-ae9d1a888919@group-B2E170273611-SegmentedRaftLogWorker] ERROR ratis.XceiverServerRatis (XceiverServerRatis.java:triggerPipelineClose(575)) - pipeline Action CLOSE  on pipeline PipelineID=5e6d30af-3c7b-4344-a942-b2e170273611.Reason : Log already failed at index 1 for task WriteLog:1: (t:1, i:1), STATEMACHINELOGENTRY, client-7D374A3122A6, cid=8
2019-10-01 19:47:26,097 [EventQueue-PipelineActionsForPipelineActionHandler] ERROR pipeline.PipelineActionHandler (PipelineActionHandler.java:onMessage(60)) - Received pipeline action CLOSE for Pipeline[ Id: 5e6d30af-3c7b-4344-a942-b2e170273611, Nodes: 008e7f89-814f-419b-8e84-495a96fd3460{ip: 192.168.151.103, host: pr-trunk-878pl-325597374, networkLocation: /default-rack, certSerialId: null}c4a805b6-0512-42dc-ba1a-ae9d1a888919{ip: 192.168.151.103, host: pr-trunk-878pl-325597374, networkLocation: /default-rack, certSerialId: null}d2ea576c-2d73-4d25-8c74-f5f422f1c1ea{ip: 192.168.151.103, host: pr-trunk-878pl-325597374, networkLocation: /default-rack, certSerialId: null}, Type:RATIS, Factor:THREE, State:CLOSED] from datanode c4a805b6-0512-42dc-ba1a-ae9d1a888919{ip: 192.168.151.103, host: pr-trunk-878pl-325597374, networkLocation: /default-rack, certSerialId: null}. Reason : Log already failed at index 1 for task WriteLog:1: (t:1, i:1), STATEMACHINELOGENTRY, client-7D374A3122A6, cid=8
2019-10-01 19:47:26,097 [EventQueue-PipelineActionsForPipelineActionHandler] INFO  pipeline.SCMPipelineManager (SCMPipelineManager.java:finalizeAndDestroyPipeline(315)) - destroying pipeline:Pipeline[ Id: 5e6d30af-3c7b-4344-a942-b2e170273611, Nodes: 008e7f89-814f-419b-8e84-495a96fd3460{ip: 192.168.151.103, host: pr-trunk-878pl-325597374, networkLocation: /default-rack, certSerialId: null}c4a805b6-0512-42dc-ba1a-ae9d1a888919{ip: 192.168.151.103, host: pr-trunk-878pl-325597374, networkLocation: /default-rack, certSerialId: null}d2ea576c-2d73-4d25-8c74-f5f422f1c1ea{ip: 192.168.151.103, host: pr-trunk-878pl-325597374, networkLocation: /default-rack, certSerialId: null}, Type:RATIS, Factor:THREE, State:CLOSED]
2019-10-01 19:48:32,067 [grpc-default-executor-1] INFO  impl.RaftServerProxy (RaftServerProxy.java:remove(95)) - 008e7f89-814f-419b-8e84-495a96fd3460: remove  FOLLOWER 008e7f89-814f-419b-8e84-495a96fd3460@group-B2E170273611:t1, leader=c4a805b6-0512-42dc-ba1a-ae9d1a888919, voted=c4a805b6-0512-42dc-ba1a-ae9d1a888919, raftlog=008e7f89-814f-419b-8e84-495a96fd3460@group-B2E170273611-SegmentedRaftLog:OPENED:c0,f2,i2, conf=0: [008e7f89-814f-419b-8e84-495a96fd3460:192.168.151.103:43923, c4a805b6-0512-42dc-ba1a-ae9d1a888919:192.168.151.103:33670, d2ea576c-2d73-4d25-8c74-f5f422f1c1ea:192.168.151.103:44771], old=null RUNNING
2019-10-01 19:48:32,074 [grpc-default-executor-1] INFO  impl.RaftServerImpl (RaftServerImpl.java:lambda$shutdown$3(251)) - 008e7f89-814f-419b-8e84-495a96fd3460@group-B2E170273611: shutdown
2019-10-01 19:48:32,075 [grpc-default-executor-1] INFO  util.JmxRegister (JmxRegister.java:unregister(73)) - Successfully un-registered JMX Bean with object name Ratis:service=RaftServer,group=group-B2E170273611,id=008e7f89-814f-419b-8e84-495a96fd3460
2019-10-01 19:48:32,075 [grpc-default-executor-1] INFO  impl.RoleInfo (RoleInfo.java:shutdownFollowerState(121)) - 008e7f89-814f-419b-8e84-495a96fd3460: shutdown FollowerState
2019-10-01 19:48:32,075 [Thread-266] INFO  impl.FollowerState (FollowerState.java:run(115)) - 008e7f89-814f-419b-8e84-495a96fd3460: FollowerState was interrupted: java.lang.InterruptedException: sleep interrupted
2019-10-01 19:48:32,076 [grpc-default-executor-1] INFO  impl.StateMachineUpdater (StateMachineUpdater.java:stopAndJoin(125)) - 008e7f89-814f-419b-8e84-495a96fd3460@group-B2E170273611-StateMachineUpdater: set stopIndex = 0
2019-10-01 19:48:32,078 [grpc-default-executor-1] INFO  impl.RaftServerImpl (ServerState.java:close(385)) - 008e7f89-814f-419b-8e84-495a96fd3460@group-B2E170273611: closes. applyIndex: 0
2019-10-01 19:48:32,080 [008e7f89-814f-419b-8e84-495a96fd3460@group-B2E170273611-SegmentedRaftLogWorker] INFO  segmented.SegmentedRaftLogWorker (SegmentedRaftLogWorker.java:run(313)) - 008e7f89-814f-419b-8e84-495a96fd3460@group-B2E170273611-SegmentedRaftLogWorker was interrupted, exiting. There are 0 tasks remaining in the queue.
2019-10-01 19:48:32,082 [grpc-default-executor-1] INFO  segmented.SegmentedRaftLogWorker (SegmentedRaftLogWorker.java:close(228)) - 008e7f89-814f-419b-8e84-495a96fd3460@group-B2E170273611-SegmentedRaftLogWorker close()
2019-10-01 19:48:32,170 [grpc-default-executor-1] INFO  interfaces.Container (KeyValueContainer.java:flushAndSyncDB(386)) - Container 1 is synced with bcsId 0.
2019-10-01 19:48:32,170 [grpc-default-executor-1] INFO  interfaces.Container (KeyValueContainer.java:flushAndSyncDB(386)) - Container 1 is synced with bcsId 0.
2019-10-01 19:48:32,193 [EventQueue-IncrementalContainerReportForIncrementalContainerReportHandler] INFO  container.IncrementalContainerReportHandler (AbstractContainerReportHandler.java:updateContainerState(169)) - Moving container #1 to QUASI_CLOSED state, datanode 008e7f89-814f-419b-8e84-495a96fd3460{ip: 192.168.151.103, host: pr-trunk-878pl-325597374, networkLocation: /default-rack, certSerialId: null} reported QUASI_CLOSED replica.
2019-10-01 19:48:32,205 [grpc-default-executor-1] INFO  impl.RaftServerProxy (RaftServerProxy.java:remove(95)) - c4a805b6-0512-42dc-ba1a-ae9d1a888919: remove    LEADER c4a805b6-0512-42dc-ba1a-ae9d1a888919@group-B2E170273611:t1, leader=c4a805b6-0512-42dc-ba1a-ae9d1a888919, voted=c4a805b6-0512-42dc-ba1a-ae9d1a888919, raftlog=c4a805b6-0512-42dc-ba1a-ae9d1a888919@group-B2E170273611-SegmentedRaftLog:OPENED:c0,f0,i2, conf=0: [008e7f89-814f-419b-8e84-495a96fd3460:192.168.151.103:43923, c4a805b6-0512-42dc-ba1a-ae9d1a888919:192.168.151.103:33670, d2ea576c-2d73-4d25-8c74-f5f422f1c1ea:192.168.151.103:44771], old=null RUNNING
2019-10-01 19:48:32,205 [grpc-default-executor-1] INFO  impl.RaftServerImpl (RaftServerImpl.java:lambda$shutdown$3(251)) - c4a805b6-0512-42dc-ba1a-ae9d1a888919@group-B2E170273611: shutdown
2019-10-01 19:48:32,206 [grpc-default-executor-1] INFO  util.JmxRegister (JmxRegister.java:unregister(73)) - Successfully un-registered JMX Bean with object name Ratis:service=RaftServer,group=group-B2E170273611,id=c4a805b6-0512-42dc-ba1a-ae9d1a888919
2019-10-01 19:48:32,206 [grpc-default-executor-1] INFO  impl.RoleInfo (RoleInfo.java:shutdownLeaderState(104)) - c4a805b6-0512-42dc-ba1a-ae9d1a888919: shutdown LeaderState
2019-10-01 19:48:32,210 [grpc-default-executor-1] INFO  impl.PendingRequests (PendingRequests.java:sendNotLeaderResponses(202)) - c4a805b6-0512-42dc-ba1a-ae9d1a888919-PendingRequests: sendNotLeaderResponses
2019-10-01 19:48:32,210 [org.apache.ratis.server.impl.LogAppender$AppenderDaemon$$Lambda$490/993546980@190ddec8] WARN  server.GrpcLogAppender (GrpcLogAppender.java:mayWait(143)) - c4a805b6-0512-42dc-ba1a-ae9d1a888919@group-B2E170273611->008e7f89-814f-419b-8e84-495a96fd3460-GrpcLogAppender: Wait interrupted by java.lang.InterruptedException
2019-10-01 19:48:32,210 [org.apache.ratis.server.impl.LogAppender$AppenderDaemon$$Lambda$490/993546980@995b00a] WARN  server.GrpcLogAppender (GrpcLogAppender.java:mayWait(143)) - c4a805b6-0512-42dc-ba1a-ae9d1a888919@group-B2E170273611->d2ea576c-2d73-4d25-8c74-f5f422f1c1ea-GrpcLogAppender: Wait interrupted by java.lang.InterruptedException
2019-10-01 19:48:32,218 [grpc-default-executor-3] INFO  server.GrpcServerProtocolService (GrpcServerProtocolService.java:onCompleted(113)) - d2ea576c-2d73-4d25-8c74-f5f422f1c1ea: Completed APPEND_ENTRIES, lastRequest: c4a805b6-0512-42dc-ba1a-ae9d1a888919->d2ea576c-2d73-4d25-8c74-f5f422f1c1ea#29-t1, previous=(t:1, i:2), leaderCommit=0, initializing? false, entries: <empty>
2019-10-01 19:48:32,218 [grpc-default-executor-2] INFO  server.GrpcServerProtocolService (GrpcServerProtocolService.java:onCompleted(113)) - 008e7f89-814f-419b-8e84-495a96fd3460: Completed APPEND_ENTRIES, lastRequest: c4a805b6-0512-42dc-ba1a-ae9d1a888919->008e7f89-814f-419b-8e84-495a96fd3460#29-t1, previous=(t:1, i:2), leaderCommit=0, initializing? false, entries: <empty>
2019-10-01 19:48:32,220 [grpc-default-executor-2] INFO  server.GrpcLogAppender (GrpcLogAppender.java:onCompleted(293)) - c4a805b6-0512-42dc-ba1a-ae9d1a888919@group-B2E170273611->d2ea576c-2d73-4d25-8c74-f5f422f1c1ea-AppendLogResponseHandler: follower responses appendEntries COMPLETED
2019-10-01 19:48:32,220 [grpc-default-executor-3] INFO  server.GrpcLogAppender (GrpcLogAppender.java:onCompleted(293)) - c4a805b6-0512-42dc-ba1a-ae9d1a888919@group-B2E170273611->008e7f89-814f-419b-8e84-495a96fd3460-AppendLogResponseHandler: follower responses appendEntries COMPLETED
2019-10-01 19:48:32,234 [grpc-default-executor-3] INFO  impl.FollowerInfo (FollowerInfo.java:lambda$new$0(51)) - c4a805b6-0512-42dc-ba1a-ae9d1a888919@group-B2E170273611->008e7f89-814f-419b-8e84-495a96fd3460: nextIndex: updateUnconditionally 3 -> 2
2019-10-01 19:48:32,234 [grpc-default-executor-2] INFO  impl.FollowerInfo (FollowerInfo.java:lambda$new$0(51)) - c4a805b6-0512-42dc-ba1a-ae9d1a888919@group-B2E170273611->d2ea576c-2d73-4d25-8c74-f5f422f1c1ea: nextIndex: updateUnconditionally 3 -> 2
2019-10-01 19:48:32,235 [grpc-default-executor-1] INFO  impl.StateMachineUpdater (StateMachineUpdater.java:stopAndJoin(125)) - c4a805b6-0512-42dc-ba1a-ae9d1a888919@group-B2E170273611-StateMachineUpdater: set stopIndex = 0
2019-10-01 19:48:32,240 [grpc-default-executor-1] INFO  impl.RaftServerImpl (ServerState.java:close(385)) - c4a805b6-0512-42dc-ba1a-ae9d1a888919@group-B2E170273611: closes. applyIndex: 0
2019-10-01 19:48:32,247 [c4a805b6-0512-42dc-ba1a-ae9d1a888919@group-B2E170273611-SegmentedRaftLogWorker] INFO  segmented.SegmentedRaftLogWorker (SegmentedRaftLogWorker.java:run(313)) - c4a805b6-0512-42dc-ba1a-ae9d1a888919@group-B2E170273611-SegmentedRaftLogWorker was interrupted, exiting. There are 0 tasks remaining in the queue.
2019-10-01 19:48:32,249 [grpc-default-executor-1] INFO  segmented.SegmentedRaftLogWorker (SegmentedRaftLogWorker.java:close(228)) - c4a805b6-0512-42dc-ba1a-ae9d1a888919@group-B2E170273611-SegmentedRaftLogWorker close()
2019-10-01 19:48:32,269 [grpc-default-executor-1] INFO  impl.RaftServerProxy (RaftServerProxy.java:remove(95)) - d2ea576c-2d73-4d25-8c74-f5f422f1c1ea: remove  FOLLOWER d2ea576c-2d73-4d25-8c74-f5f422f1c1ea@group-B2E170273611:t1, leader=c4a805b6-0512-42dc-ba1a-ae9d1a888919, voted=c4a805b6-0512-42dc-ba1a-ae9d1a888919, raftlog=d2ea576c-2d73-4d25-8c74-f5f422f1c1ea@group-B2E170273611-SegmentedRaftLog:OPENED:c0,f2,i2, conf=0: [008e7f89-814f-419b-8e84-495a96fd3460:192.168.151.103:43923, c4a805b6-0512-42dc-ba1a-ae9d1a888919:192.168.151.103:33670, d2ea576c-2d73-4d25-8c74-f5f422f1c1ea:192.168.151.103:44771], old=null RUNNING
2019-10-01 19:48:32,269 [grpc-default-executor-1] INFO  impl.RaftServerImpl (RaftServerImpl.java:lambda$shutdown$3(251)) - d2ea576c-2d73-4d25-8c74-f5f422f1c1ea@group-B2E170273611: shutdown
2019-10-01 19:48:32,269 [grpc-default-executor-1] INFO  util.JmxRegister (JmxRegister.java:unregister(73)) - Successfully un-registered JMX Bean with object name Ratis:service=RaftServer,group=group-B2E170273611,id=d2ea576c-2d73-4d25-8c74-f5f422f1c1ea
2019-10-01 19:48:32,270 [grpc-default-executor-1] INFO  impl.RoleInfo (RoleInfo.java:shutdownFollowerState(121)) - d2ea576c-2d73-4d25-8c74-f5f422f1c1ea: shutdown FollowerState
2019-10-01 19:48:32,270 [grpc-default-executor-1] INFO  impl.StateMachineUpdater (StateMachineUpdater.java:stopAndJoin(125)) - d2ea576c-2d73-4d25-8c74-f5f422f1c1ea@group-B2E170273611-StateMachineUpdater: set stopIndex = 0
2019-10-01 19:48:32,270 [Thread-267] INFO  impl.FollowerState (FollowerState.java:run(115)) - d2ea576c-2d73-4d25-8c74-f5f422f1c1ea: FollowerState was interrupted: java.lang.InterruptedException: sleep interrupted
2019-10-01 19:48:32,273 [grpc-default-executor-1] INFO  impl.RaftServerImpl (ServerState.java:close(385)) - d2ea576c-2d73-4d25-8c74-f5f422f1c1ea@group-B2E170273611: closes. applyIndex: 0
2019-10-01 19:48:32,273 [d2ea576c-2d73-4d25-8c74-f5f422f1c1ea@group-B2E170273611-SegmentedRaftLogWorker] INFO  segmented.SegmentedRaftLogWorker (SegmentedRaftLogWorker.java:run(313)) - d2ea576c-2d73-4d25-8c74-f5f422f1c1ea@group-B2E170273611-SegmentedRaftLogWorker was interrupted, exiting. There are 0 tasks remaining in the queue.
2019-10-01 19:48:32,274 [grpc-default-executor-1] INFO  segmented.SegmentedRaftLogWorker (SegmentedRaftLogWorker.java:close(228)) - d2ea576c-2d73-4d25-8c74-f5f422f1c1ea@group-B2E170273611-SegmentedRaftLogWorker close()
2019-10-01 19:48:32,333 [grpc-default-executor-1] INFO  interfaces.Container (KeyValueContainer.java:flushAndSyncDB(386)) - Container 1 is synced with bcsId 0.
2019-10-01 19:48:32,333 [grpc-default-executor-1] INFO  interfaces.Container (KeyValueContainer.java:flushAndSyncDB(386)) - Container 1 is synced with bcsId 0.
2019-10-01 19:48:32,356 [RatisPipelineUtilsThread] INFO  pipeline.PipelineStateManager (PipelineStateManager.java:removePipeline(108)) - Pipeline Pipeline[ Id: 5e6d30af-3c7b-4344-a942-b2e170273611, Nodes: 008e7f89-814f-419b-8e84-495a96fd3460{ip: 192.168.151.103, host: pr-trunk-878pl-325597374, networkLocation: /default-rack, certSerialId: null}c4a805b6-0512-42dc-ba1a-ae9d1a888919{ip: 192.168.151.103, host: pr-trunk-878pl-325597374, networkLocation: /default-rack, certSerialId: null}d2ea576c-2d73-4d25-8c74-f5f422f1c1ea{ip: 192.168.151.103, host: pr-trunk-878pl-325597374, networkLocation: /default-rack, certSerialId: null}, Type:RATIS, Factor:THREE, State:CLOSED] removed from db
2019-10-01 19:48:32,364 [grpc-default-executor-1] INFO  impl.RaftServerProxy (RaftServerProxy.java:remove(95)) - 008e7f89-814f-419b-8e84-495a96fd3460: remove group-B2E170273611:null
2019-10-01 19:48:32,385 [RatisPipelineUtilsThread] WARN  pipeline.RatisPipelineUtils (RatisPipelineUtils.java:destroyPipeline(67)) - Pipeline destroy failed for pipeline=PipelineID=5e6d30af-3c7b-4344-a942-b2e170273611 dn=008e7f89-814f-419b-8e84-495a96fd3460{ip: 192.168.151.103, host: pr-trunk-878pl-325597374, networkLocation: /default-rack, certSerialId: null}
2019-10-01 19:48:32,392 [grpc-default-executor-1] INFO  impl.RaftServerProxy (RaftServerProxy.java:remove(95)) - c4a805b6-0512-42dc-ba1a-ae9d1a888919: remove group-B2E170273611:null
2019-10-01 19:48:32,400 [RatisPipelineUtilsThread] WARN  pipeline.RatisPipelineUtils (RatisPipelineUtils.java:destroyPipeline(67)) - Pipeline destroy failed for pipeline=PipelineID=5e6d30af-3c7b-4344-a942-b2e170273611 dn=c4a805b6-0512-42dc-ba1a-ae9d1a888919{ip: 192.168.151.103, host: pr-trunk-878pl-325597374, networkLocation: /default-rack, certSerialId: null}
2019-10-01 19:48:32,412 [grpc-default-executor-1] INFO  impl.RaftServerProxy (RaftServerProxy.java:remove(95)) - d2ea576c-2d73-4d25-8c74-f5f422f1c1ea: remove group-B2E170273611:null
2019-10-01 19:48:32,424 [RatisPipelineUtilsThread] WARN  pipeline.RatisPipelineUtils (RatisPipelineUtils.java:destroyPipeline(67)) - Pipeline destroy failed for pipeline=PipelineID=5e6d30af-3c7b-4344-a942-b2e170273611 dn=d2ea576c-2d73-4d25-8c74-f5f422f1c1ea{ip: 192.168.151.103, host: pr-trunk-878pl-325597374, networkLocation: /default-rack, certSerialId: null}
2019-10-01 19:48:32,426 [RatisPipelineUtilsThread] ERROR pipeline.SCMPipelineManager (Scheduler.java:lambda$schedule$1(70)) - Destroy pipeline failed for pipeline:Pipeline[ Id: 5e6d30af-3c7b-4344-a942-b2e170273611, Nodes: 008e7f89-814f-419b-8e84-495a96fd3460{ip: 192.168.151.103, host: pr-trunk-878pl-325597374, networkLocation: /default-rack, certSerialId: null}c4a805b6-0512-42dc-ba1a-ae9d1a888919{ip: 192.168.151.103, host: pr-trunk-878pl-325597374, networkLocation: /default-rack, certSerialId: null}d2ea576c-2d73-4d25-8c74-f5f422f1c1ea{ip: 192.168.151.103, host: pr-trunk-878pl-325597374, networkLocation: /default-rack, certSerialId: null}, Type:RATIS, Factor:THREE, State:CLOSED]
org.apache.hadoop.hdds.scm.pipeline.PipelineNotFoundException: PipelineID=5e6d30af-3c7b-4344-a942-b2e170273611 not found
	at org.apache.hadoop.hdds.scm.pipeline.PipelineStateMap.getPipeline(PipelineStateMap.java:132)
	at org.apache.hadoop.hdds.scm.pipeline.PipelineStateMap.removePipeline(PipelineStateMap.java:322)
	at org.apache.hadoop.hdds.scm.pipeline.PipelineStateManager.removePipeline(PipelineStateManager.java:107)
	at org.apache.hadoop.hdds.scm.pipeline.SCMPipelineManager.removePipeline(SCMPipelineManager.java:427)
	at org.apache.hadoop.hdds.scm.pipeline.SCMPipelineManager.destroyPipeline(SCMPipelineManager.java:413)
	at org.apache.hadoop.hdds.scm.pipeline.SCMPipelineManager.lambda$finalizeAndDestroyPipeline$0(SCMPipelineManager.java:322)
	at org.apache.hadoop.hdds.utils.Scheduler.lambda$schedule$1(Scheduler.java:68)
	at java.util.concurrent.Executors$RunnableAdapter.call(Executors.java:511)
	at java.util.concurrent.FutureTask.run(FutureTask.java:266)
	at java.util.concurrent.ScheduledThreadPoolExecutor$ScheduledFutureTask.access$201(ScheduledThreadPoolExecutor.java:180)
	at java.util.concurrent.ScheduledThreadPoolExecutor$ScheduledFutureTask.run(ScheduledThreadPoolExecutor.java:293)
	at java.util.concurrent.ThreadPoolExecutor.runWorker(ThreadPoolExecutor.java:1149)
	at java.util.concurrent.ThreadPoolExecutor$Worker.run(ThreadPoolExecutor.java:624)
	at java.lang.Thread.run(Thread.java:748)
2019-10-01 19:48:32,442 [grpc-default-executor-1] INFO  impl.RaftServerProxy (RaftServerProxy.java:addNew(89)) - 008e7f89-814f-419b-8e84-495a96fd3460: addNew group-1609557BAE4F:[008e7f89-814f-419b-8e84-495a96fd3460:192.168.151.103:43923, c4a805b6-0512-42dc-ba1a-ae9d1a888919:192.168.151.103:33670, d2ea576c-2d73-4d25-8c74-f5f422f1c1ea:192.168.151.103:44771] returns group-1609557BAE4F:java.util.concurrent.CompletableFuture@37920af4[Not completed]
2019-10-01 19:48:32,443 [grpc-default-executor-2] INFO  impl.RaftServerProxy (RaftServerProxy.java:addNew(89)) - c4a805b6-0512-42dc-ba1a-ae9d1a888919: addNew group-1609557BAE4F:[008e7f89-814f-419b-8e84-495a96fd3460:192.168.151.103:43923, c4a805b6-0512-42dc-ba1a-ae9d1a888919:192.168.151.103:33670, d2ea576c-2d73-4d25-8c74-f5f422f1c1ea:192.168.151.103:44771] returns group-1609557BAE4F:java.util.concurrent.CompletableFuture@1dfd48a5[Not completed]
2019-10-01 19:48:32,444 [grpc-default-executor-2] INFO  impl.RaftServerProxy (RaftServerProxy.java:addNew(89)) - d2ea576c-2d73-4d25-8c74-f5f422f1c1ea: addNew group-1609557BAE4F:[008e7f89-814f-419b-8e84-495a96fd3460:192.168.151.103:43923, c4a805b6-0512-42dc-ba1a-ae9d1a888919:192.168.151.103:33670, d2ea576c-2d73-4d25-8c74-f5f422f1c1ea:192.168.151.103:44771] returns group-1609557BAE4F:java.util.concurrent.CompletableFuture@9054e92[Not completed]
2019-10-01 19:48:32,445 [pool-27-thread-1] INFO  impl.RaftServerImpl (RaftServerImpl.java:<init>(95)) - 008e7f89-814f-419b-8e84-495a96fd3460: new RaftServerImpl for group-1609557BAE4F:[008e7f89-814f-419b-8e84-495a96fd3460:192.168.151.103:43923, c4a805b6-0512-42dc-ba1a-ae9d1a888919:192.168.151.103:33670, d2ea576c-2d73-4d25-8c74-f5f422f1c1ea:192.168.151.103:44771] with ContainerStateMachine:uninitialized
2019-10-01 19:48:32,446 [pool-27-thread-1] INFO  server.RaftServerConfigKeys (ConfUtils.java:logGet(43)) - raft.server.rpc.timeout.min = 5s (custom)
2019-10-01 19:48:32,446 [pool-27-thread-1] INFO  server.RaftServerConfigKeys (ConfUtils.java:logGet(43)) - raft.server.rpc.timeout.max = 5200ms (custom)
2019-10-01 19:48:32,446 [pool-27-thread-1] INFO  server.RaftServerConfigKeys (ConfUtils.java:logGet(43)) - raft.server.rpcslowness.timeout = 120s (custom)
2019-10-01 19:48:32,446 [pool-27-thread-1] INFO  server.RaftServerConfigKeys (ConfUtils.java:logGet(43)) - raft.server.sleep.deviation.threshold = 300 (default)
2019-10-01 19:48:32,446 [pool-27-thread-1] INFO  server.RaftServerConfigKeys (ConfUtils.java:logGet(43)) - raft.server.log.appender.install.snapshot.enabled = false (custom)
2019-10-01 19:48:32,446 [pool-27-thread-1] INFO  impl.RaftServerImpl (ServerState.java:<init>(103)) - 008e7f89-814f-419b-8e84-495a96fd3460@group-1609557BAE4F: ConfigurationManager, init=-1: [008e7f89-814f-419b-8e84-495a96fd3460:192.168.151.103:43923, c4a805b6-0512-42dc-ba1a-ae9d1a888919:192.168.151.103:33670, d2ea576c-2d73-4d25-8c74-f5f422f1c1ea:192.168.151.103:44771], old=null, confs=<EMPTY_MAP>
2019-10-01 19:48:32,446 [pool-27-thread-1] INFO  server.RaftServerConfigKeys (ConfUtils.java:logGet(43)) - raft.server.storage.dir = [/workdir/hadoop-ozone/ozonefs/target/test-dir/MiniOzoneClusterImpl-76701839-624f-4b6b-affa-460efe4f7a11/datanode-0/data/ratis] (custom)
2019-10-01 19:48:32,447 [pool-27-thread-1] INFO  storage.RaftStorageDirectory (RaftStorageDirectory.java:analyzeStorage(246)) - The storage directory /workdir/hadoop-ozone/ozonefs/target/test-dir/MiniOzoneClusterImpl-76701839-624f-4b6b-affa-460efe4f7a11/datanode-0/data/ratis/f242889b-3865-4645-a9f8-1609557bae4f does not exist. Creating ...
2019-10-01 19:48:32,447 [pool-47-thread-1] INFO  impl.RaftServerImpl (RaftServerImpl.java:<init>(95)) - d2ea576c-2d73-4d25-8c74-f5f422f1c1ea: new RaftServerImpl for group-1609557BAE4F:[008e7f89-814f-419b-8e84-495a96fd3460:192.168.151.103:43923, c4a805b6-0512-42dc-ba1a-ae9d1a888919:192.168.151.103:33670, d2ea576c-2d73-4d25-8c74-f5f422f1c1ea:192.168.151.103:44771] with ContainerStateMachine:uninitialized
2019-10-01 19:48:32,447 [pool-47-thread-1] INFO  server.RaftServerConfigKeys (ConfUtils.java:logGet(43)) - raft.server.rpc.timeout.min = 5s (custom)
2019-10-01 19:48:32,448 [pool-47-thread-1] INFO  server.RaftServerConfigKeys (ConfUtils.java:logGet(43)) - raft.server.rpc.timeout.max = 5200ms (custom)
2019-10-01 19:48:32,448 [pool-47-thread-1] INFO  server.RaftServerConfigKeys (ConfUtils.java:logGet(43)) - raft.server.rpcslowness.timeout = 120s (custom)
2019-10-01 19:48:32,448 [pool-67-thread-1] INFO  impl.RaftServerImpl (RaftServerImpl.java:<init>(95)) - c4a805b6-0512-42dc-ba1a-ae9d1a888919: new RaftServerImpl for group-1609557BAE4F:[008e7f89-814f-419b-8e84-495a96fd3460:192.168.151.103:43923, c4a805b6-0512-42dc-ba1a-ae9d1a888919:192.168.151.103:33670, d2ea576c-2d73-4d25-8c74-f5f422f1c1ea:192.168.151.103:44771] with ContainerStateMachine:uninitialized
2019-10-01 19:48:32,448 [pool-47-thread-1] INFO  server.RaftServerConfigKeys (ConfUtils.java:logGet(43)) - raft.server.sleep.deviation.threshold = 300 (default)
2019-10-01 19:48:32,448 [pool-67-thread-1] INFO  server.RaftServerConfigKeys (ConfUtils.java:logGet(43)) - raft.server.rpc.timeout.min = 5s (custom)
2019-10-01 19:48:32,448 [pool-47-thread-1] INFO  server.RaftServerConfigKeys (ConfUtils.java:logGet(43)) - raft.server.log.appender.install.snapshot.enabled = false (custom)
2019-10-01 19:48:32,448 [pool-67-thread-1] INFO  server.RaftServerConfigKeys (ConfUtils.java:logGet(43)) - raft.server.rpc.timeout.max = 5200ms (custom)
2019-10-01 19:48:32,448 [pool-47-thread-1] INFO  impl.RaftServerImpl (ServerState.java:<init>(103)) - d2ea576c-2d73-4d25-8c74-f5f422f1c1ea@group-1609557BAE4F: ConfigurationManager, init=-1: [008e7f89-814f-419b-8e84-495a96fd3460:192.168.151.103:43923, c4a805b6-0512-42dc-ba1a-ae9d1a888919:192.168.151.103:33670, d2ea576c-2d73-4d25-8c74-f5f422f1c1ea:192.168.151.103:44771], old=null, confs=<EMPTY_MAP>
2019-10-01 19:48:32,449 [pool-67-thread-1] INFO  server.RaftServerConfigKeys (ConfUtils.java:logGet(43)) - raft.server.rpcslowness.timeout = 120s (custom)
2019-10-01 19:48:32,449 [pool-47-thread-1] INFO  server.RaftServerConfigKeys (ConfUtils.java:logGet(43)) - raft.server.storage.dir = [/workdir/hadoop-ozone/ozonefs/target/test-dir/MiniOzoneClusterImpl-76701839-624f-4b6b-affa-460efe4f7a11/datanode-2/data/ratis] (custom)
2019-10-01 19:48:32,449 [pool-67-thread-1] INFO  server.RaftServerConfigKeys (ConfUtils.java:logGet(43)) - raft.server.sleep.deviation.threshold = 300 (default)
2019-10-01 19:48:32,449 [pool-67-thread-1] INFO  server.RaftServerConfigKeys (ConfUtils.java:logGet(43)) - raft.server.log.appender.install.snapshot.enabled = false (custom)
2019-10-01 19:48:32,449 [pool-67-thread-1] INFO  impl.RaftServerImpl (ServerState.java:<init>(103)) - c4a805b6-0512-42dc-ba1a-ae9d1a888919@group-1609557BAE4F: ConfigurationManager, init=-1: [008e7f89-814f-419b-8e84-495a96fd3460:192.168.151.103:43923, c4a805b6-0512-42dc-ba1a-ae9d1a888919:192.168.151.103:33670, d2ea576c-2d73-4d25-8c74-f5f422f1c1ea:192.168.151.103:44771], old=null, confs=<EMPTY_MAP>
2019-10-01 19:48:32,449 [pool-47-thread-1] INFO  storage.RaftStorageDirectory (RaftStorageDirectory.java:analyzeStorage(246)) - The storage directory /workdir/hadoop-ozone/ozonefs/target/test-dir/MiniOzoneClusterImpl-76701839-624f-4b6b-affa-460efe4f7a11/datanode-2/data/ratis/f242889b-3865-4645-a9f8-1609557bae4f does not exist. Creating ...
2019-10-01 19:48:32,449 [pool-67-thread-1] INFO  server.RaftServerConfigKeys (ConfUtils.java:logGet(43)) - raft.server.storage.dir = [/workdir/hadoop-ozone/ozonefs/target/test-dir/MiniOzoneClusterImpl-76701839-624f-4b6b-affa-460efe4f7a11/datanode-4/data/ratis] (custom)
2019-10-01 19:48:32,450 [pool-67-thread-1] INFO  storage.RaftStorageDirectory (RaftStorageDirectory.java:analyzeStorage(246)) - The storage directory /workdir/hadoop-ozone/ozonefs/target/test-dir/MiniOzoneClusterImpl-76701839-624f-4b6b-affa-460efe4f7a11/datanode-4/data/ratis/f242889b-3865-4645-a9f8-1609557bae4f does not exist. Creating ...
2019-10-01 19:48:32,462 [pool-47-thread-1] INFO  storage.RaftStorageDirectory (RaftStorageDirectory.java:tryLock(328)) - Lock on /workdir/hadoop-ozone/ozonefs/target/test-dir/MiniOzoneClusterImpl-76701839-624f-4b6b-affa-460efe4f7a11/datanode-2/data/ratis/f242889b-3865-4645-a9f8-1609557bae4f/in_use.lock acquired by nodename 18872@pr-trunk-878pl-325597374
2019-10-01 19:48:32,462 [pool-67-thread-1] INFO  storage.RaftStorageDirectory (RaftStorageDirectory.java:tryLock(328)) - Lock on /workdir/hadoop-ozone/ozonefs/target/test-dir/MiniOzoneClusterImpl-76701839-624f-4b6b-affa-460efe4f7a11/datanode-4/data/ratis/f242889b-3865-4645-a9f8-1609557bae4f/in_use.lock acquired by nodename 18872@pr-trunk-878pl-325597374
2019-10-01 19:48:32,462 [pool-27-thread-1] INFO  storage.RaftStorageDirectory (RaftStorageDirectory.java:tryLock(328)) - Lock on /workdir/hadoop-ozone/ozonefs/target/test-dir/MiniOzoneClusterImpl-76701839-624f-4b6b-affa-460efe4f7a11/datanode-0/data/ratis/f242889b-3865-4645-a9f8-1609557bae4f/in_use.lock acquired by nodename 18872@pr-trunk-878pl-325597374
2019-10-01 19:48:32,476 [pool-27-thread-1] INFO  storage.RaftStorage (RaftStorage.java:format(72)) - Storage directory /workdir/hadoop-ozone/ozonefs/target/test-dir/MiniOzoneClusterImpl-76701839-624f-4b6b-affa-460efe4f7a11/datanode-0/data/ratis/f242889b-3865-4645-a9f8-1609557bae4f has been successfully formatted.
2019-10-01 19:48:32,476 [pool-47-thread-1] INFO  storage.RaftStorage (RaftStorage.java:format(72)) - Storage directory /workdir/hadoop-ozone/ozonefs/target/test-dir/MiniOzoneClusterImpl-76701839-624f-4b6b-affa-460efe4f7a11/datanode-2/data/ratis/f242889b-3865-4645-a9f8-1609557bae4f has been successfully formatted.
2019-10-01 19:48:32,476 [pool-67-thread-1] INFO  storage.RaftStorage (RaftStorage.java:format(72)) - Storage directory /workdir/hadoop-ozone/ozonefs/target/test-dir/MiniOzoneClusterImpl-76701839-624f-4b6b-affa-460efe4f7a11/datanode-4/data/ratis/f242889b-3865-4645-a9f8-1609557bae4f has been successfully formatted.
2019-10-01 19:48:32,476 [pool-27-thread-1] INFO  ratis.ContainerStateMachine (ContainerStateMachine.java:loadSnapshot(231)) - group-1609557BAE4F: The snapshot info is null. Setting the last applied indexto:(t:0, i:~)
2019-10-01 19:48:32,476 [pool-47-thread-1] INFO  ratis.ContainerStateMachine (ContainerStateMachine.java:loadSnapshot(231)) - group-1609557BAE4F: The snapshot info is null. Setting the last applied indexto:(t:0, i:~)
2019-10-01 19:48:32,477 [pool-27-thread-1] INFO  server.RaftServerConfigKeys (ConfUtils.java:logGet(43)) - raft.server.notification.no-leader.timeout = 120s (custom)
2019-10-01 19:48:32,477 [pool-67-thread-1] INFO  ratis.ContainerStateMachine (ContainerStateMachine.java:loadSnapshot(231)) - group-1609557BAE4F: The snapshot info is null. Setting the last applied indexto:(t:0, i:~)
2019-10-01 19:48:32,477 [pool-27-thread-1] INFO  server.RaftServerConfigKeys (ConfUtils.java:logGet(43)) - raft.server.log.use.memory = false (default)
2019-10-01 19:48:32,477 [pool-47-thread-1] INFO  server.RaftServerConfigKeys (ConfUtils.java:logGet(43)) - raft.server.notification.no-leader.timeout = 120s (custom)
2019-10-01 19:48:32,477 [pool-27-thread-1] INFO  server.RaftServerConfigKeys (ConfUtils.java:logGet(43)) - raft.server.log.purge.gap = 1000000 (custom)
2019-10-01 19:48:32,477 [pool-67-thread-1] INFO  server.RaftServerConfigKeys (ConfUtils.java:logGet(43)) - raft.server.notification.no-leader.timeout = 120s (custom)
2019-10-01 19:48:32,477 [pool-27-thread-1] INFO  server.RaftServerConfigKeys (ConfUtils.java:logGet(43)) - raft.server.log.appender.buffer.byte-limit = 33554432 (custom)
2019-10-01 19:48:32,477 [pool-47-thread-1] INFO  server.RaftServerConfigKeys (ConfUtils.java:logGet(43)) - raft.server.log.use.memory = false (default)
2019-10-01 19:48:32,477 [pool-27-thread-1] INFO  server.RaftServerConfigKeys (ConfUtils.java:logGet(43)) - raft.server.log.segment.size.max = 1048576 (custom)
2019-10-01 19:48:32,477 [pool-67-thread-1] INFO  server.RaftServerConfigKeys (ConfUtils.java:logGet(43)) - raft.server.log.use.memory = false (default)
2019-10-01 19:48:32,478 [pool-27-thread-1] INFO  server.RaftServerConfigKeys (ConfUtils.java:logGet(43)) - raft.server.log.segment.cache.num.max = 2 (custom)
2019-10-01 19:48:32,477 [pool-47-thread-1] INFO  server.RaftServerConfigKeys (ConfUtils.java:logGet(43)) - raft.server.log.purge.gap = 1000000 (custom)
2019-10-01 19:48:32,478 [pool-27-thread-1] INFO  segmented.SegmentedRaftLogWorker (SegmentedRaftLogWorker.java:<init>(172)) - new 008e7f89-814f-419b-8e84-495a96fd3460@group-1609557BAE4F-SegmentedRaftLogWorker for RaftStorage:Storage Directory /workdir/hadoop-ozone/ozonefs/target/test-dir/MiniOzoneClusterImpl-76701839-624f-4b6b-affa-460efe4f7a11/datanode-0/data/ratis/f242889b-3865-4645-a9f8-1609557bae4f
2019-10-01 19:48:32,478 [pool-67-thread-1] INFO  server.RaftServerConfigKeys (ConfUtils.java:logGet(43)) - raft.server.log.purge.gap = 1000000 (custom)
2019-10-01 19:48:32,478 [pool-27-thread-1] INFO  server.RaftServerConfigKeys (ConfUtils.java:logGet(43)) - raft.server.log.queue.byte-limit = 2147483647 (custom)
2019-10-01 19:48:32,478 [pool-47-thread-1] INFO  server.RaftServerConfigKeys (ConfUtils.java:logGet(43)) - raft.server.log.appender.buffer.byte-limit = 33554432 (custom)
2019-10-01 19:48:32,478 [pool-27-thread-1] INFO  server.RaftServerConfigKeys (ConfUtils.java:logGet(43)) - raft.server.log.queue.element-limit = 1024 (custom)
2019-10-01 19:48:32,478 [pool-67-thread-1] INFO  server.RaftServerConfigKeys (ConfUtils.java:logGet(43)) - raft.server.log.appender.buffer.byte-limit = 33554432 (custom)
2019-10-01 19:48:32,478 [pool-27-thread-1] INFO  server.RaftServerConfigKeys (ConfUtils.java:logGet(43)) - raft.server.log.segment.size.max = 1048576 (custom)
2019-10-01 19:48:32,478 [pool-47-thread-1] INFO  server.RaftServerConfigKeys (ConfUtils.java:logGet(43)) - raft.server.log.segment.size.max = 1048576 (custom)
2019-10-01 19:48:32,478 [pool-27-thread-1] INFO  server.RaftServerConfigKeys (ConfUtils.java:logGet(43)) - raft.server.log.preallocated.size = 16384 (custom)
2019-10-01 19:48:32,478 [pool-67-thread-1] INFO  server.RaftServerConfigKeys (ConfUtils.java:logGet(43)) - raft.server.log.segment.size.max = 1048576 (custom)
2019-10-01 19:48:32,479 [pool-27-thread-1] INFO  server.RaftServerConfigKeys (ConfUtils.java:logGet(43)) - raft.server.log.write.buffer.size = 33554432 (custom)
2019-10-01 19:48:32,479 [pool-47-thread-1] INFO  server.RaftServerConfigKeys (ConfUtils.java:logGet(43)) - raft.server.log.segment.cache.num.max = 2 (custom)
2019-10-01 19:48:32,479 [pool-27-thread-1] INFO  server.RaftServerConfigKeys (ConfUtils.java:logGet(43)) - raft.server.log.force.sync.num = 128 (default)
2019-10-01 19:48:32,479 [pool-67-thread-1] INFO  server.RaftServerConfigKeys (ConfUtils.java:logGet(43)) - raft.server.log.segment.cache.num.max = 2 (custom)
2019-10-01 19:48:32,479 [pool-27-thread-1] INFO  server.RaftServerConfigKeys (ConfUtils.java:logGet(43)) - raft.server.log.statemachine.data.sync = true (default)
2019-10-01 19:48:32,479 [pool-47-thread-1] INFO  segmented.SegmentedRaftLogWorker (SegmentedRaftLogWorker.java:<init>(172)) - new d2ea576c-2d73-4d25-8c74-f5f422f1c1ea@group-1609557BAE4F-SegmentedRaftLogWorker for RaftStorage:Storage Directory /workdir/hadoop-ozone/ozonefs/target/test-dir/MiniOzoneClusterImpl-76701839-624f-4b6b-affa-460efe4f7a11/datanode-2/data/ratis/f242889b-3865-4645-a9f8-1609557bae4f
2019-10-01 19:48:32,479 [pool-27-thread-1] INFO  server.RaftServerConfigKeys (ConfUtils.java:logGet(43)) - raft.server.log.statemachine.data.sync.timeout = 10s (default)
2019-10-01 19:48:32,479 [pool-67-thread-1] INFO  segmented.SegmentedRaftLogWorker (SegmentedRaftLogWorker.java:<init>(172)) - new c4a805b6-0512-42dc-ba1a-ae9d1a888919@group-1609557BAE4F-SegmentedRaftLogWorker for RaftStorage:Storage Directory /workdir/hadoop-ozone/ozonefs/target/test-dir/MiniOzoneClusterImpl-76701839-624f-4b6b-affa-460efe4f7a11/datanode-4/data/ratis/f242889b-3865-4645-a9f8-1609557bae4f
2019-10-01 19:48:32,479 [pool-27-thread-1] INFO  server.RaftServerConfigKeys (ConfUtils.java:logGet(43)) - raft.server.log.statemachine.data.sync.timeout.retry = -1 (default)
2019-10-01 19:48:32,479 [pool-47-thread-1] INFO  server.RaftServerConfigKeys (ConfUtils.java:logGet(43)) - raft.server.log.queue.byte-limit = 2147483647 (custom)
2019-10-01 19:48:32,480 [pool-27-thread-1] INFO  server.RaftServerConfigKeys (ConfUtils.java:logGet(43)) - raft.server.log.statemachine.data.caching.enabled = true (custom)
2019-10-01 19:48:32,480 [pool-67-thread-1] INFO  server.RaftServerConfigKeys (ConfUtils.java:logGet(43)) - raft.server.log.queue.byte-limit = 2147483647 (custom)
2019-10-01 19:48:32,480 [pool-47-thread-1] INFO  server.RaftServerConfigKeys (ConfUtils.java:logGet(43)) - raft.server.log.queue.element-limit = 1024 (custom)
2019-10-01 19:48:32,480 [pool-27-thread-1] INFO  segmented.SegmentedRaftLogWorker (SegmentedRaftLogWorker.java:lambda$new$0(132)) - 008e7f89-814f-419b-8e84-495a96fd3460@group-1609557BAE4F-SegmentedRaftLogWorker: flushIndex: setUnconditionally 0 -> -1
2019-10-01 19:48:32,480 [pool-67-thread-1] INFO  server.RaftServerConfigKeys (ConfUtils.java:logGet(43)) - raft.server.log.queue.element-limit = 1024 (custom)
2019-10-01 19:48:32,480 [pool-47-thread-1] INFO  server.RaftServerConfigKeys (ConfUtils.java:logGet(43)) - raft.server.log.segment.size.max = 1048576 (custom)
2019-10-01 19:48:32,480 [pool-27-thread-1] INFO  server.RaftServerConfigKeys (ConfUtils.java:logGet(43)) - raft.server.snapshot.auto.trigger.enabled = true (custom)
2019-10-01 19:48:32,480 [pool-67-thread-1] INFO  server.RaftServerConfigKeys (ConfUtils.java:logGet(43)) - raft.server.log.segment.size.max = 1048576 (custom)
2019-10-01 19:48:32,480 [pool-27-thread-1] INFO  server.RaftServerConfigKeys (ConfUtils.java:logGet(43)) - raft.server.snapshot.auto.trigger.threshold = 10000 (custom)
2019-10-01 19:48:32,480 [pool-47-thread-1] INFO  server.RaftServerConfigKeys (ConfUtils.java:logGet(43)) - raft.server.log.preallocated.size = 16384 (custom)
2019-10-01 19:48:32,481 [pool-27-thread-1] INFO  server.RaftServerConfigKeys (ConfUtils.java:logGet(43)) - raft.server.snapshot.retention.num.files = 5 (custom)
2019-10-01 19:48:32,481 [pool-67-thread-1] INFO  server.RaftServerConfigKeys (ConfUtils.java:logGet(43)) - raft.server.log.preallocated.size = 16384 (custom)
2019-10-01 19:48:32,481 [pool-27-thread-1] INFO  server.RaftServerConfigKeys (ConfUtils.java:logGet(43)) - raft.server.retrycache.expirytime = 600000ms (custom)
2019-10-01 19:48:32,481 [pool-47-thread-1] INFO  server.RaftServerConfigKeys (ConfUtils.java:logGet(43)) - raft.server.log.write.buffer.size = 33554432 (custom)
2019-10-01 19:48:32,481 [pool-67-thread-1] INFO  server.RaftServerConfigKeys (ConfUtils.java:logGet(43)) - raft.server.log.write.buffer.size = 33554432 (custom)
2019-10-01 19:48:32,481 [pool-47-thread-1] INFO  server.RaftServerConfigKeys (ConfUtils.java:logGet(43)) - raft.server.log.force.sync.num = 128 (default)
2019-10-01 19:48:32,481 [pool-67-thread-1] INFO  server.RaftServerConfigKeys (ConfUtils.java:logGet(43)) - raft.server.log.force.sync.num = 128 (default)
2019-10-01 19:48:32,481 [pool-47-thread-1] INFO  server.RaftServerConfigKeys (ConfUtils.java:logGet(43)) - raft.server.log.statemachine.data.sync = true (default)
2019-10-01 19:48:32,482 [pool-67-thread-1] INFO  server.RaftServerConfigKeys (ConfUtils.java:logGet(43)) - raft.server.log.statemachine.data.sync = true (default)
2019-10-01 19:48:32,482 [pool-47-thread-1] INFO  server.RaftServerConfigKeys (ConfUtils.java:logGet(43)) - raft.server.log.statemachine.data.sync.timeout = 10s (default)
2019-10-01 19:48:32,482 [pool-67-thread-1] INFO  server.RaftServerConfigKeys (ConfUtils.java:logGet(43)) - raft.server.log.statemachine.data.sync.timeout = 10s (default)
2019-10-01 19:48:32,482 [pool-47-thread-1] INFO  server.RaftServerConfigKeys (ConfUtils.java:logGet(43)) - raft.server.log.statemachine.data.sync.timeout.retry = -1 (default)
2019-10-01 19:48:32,482 [pool-67-thread-1] INFO  server.RaftServerConfigKeys (ConfUtils.java:logGet(43)) - raft.server.log.statemachine.data.sync.timeout.retry = -1 (default)
2019-10-01 19:48:32,482 [pool-47-thread-1] INFO  server.RaftServerConfigKeys (ConfUtils.java:logGet(43)) - raft.server.log.statemachine.data.caching.enabled = true (custom)
2019-10-01 19:48:32,482 [pool-67-thread-1] INFO  server.RaftServerConfigKeys (ConfUtils.java:logGet(43)) - raft.server.log.statemachine.data.caching.enabled = true (custom)
2019-10-01 19:48:32,482 [pool-47-thread-1] INFO  segmented.SegmentedRaftLogWorker (SegmentedRaftLogWorker.java:lambda$new$0(132)) - d2ea576c-2d73-4d25-8c74-f5f422f1c1ea@group-1609557BAE4F-SegmentedRaftLogWorker: flushIndex: setUnconditionally 0 -> -1
2019-10-01 19:48:32,483 [pool-67-thread-1] INFO  segmented.SegmentedRaftLogWorker (SegmentedRaftLogWorker.java:lambda$new$0(132)) - c4a805b6-0512-42dc-ba1a-ae9d1a888919@group-1609557BAE4F-SegmentedRaftLogWorker: flushIndex: setUnconditionally 0 -> -1
2019-10-01 19:48:32,483 [pool-47-thread-1] INFO  server.RaftServerConfigKeys (ConfUtils.java:logGet(43)) - raft.server.snapshot.auto.trigger.enabled = true (custom)
2019-10-01 19:48:32,483 [pool-67-thread-1] INFO  server.RaftServerConfigKeys (ConfUtils.java:logGet(43)) - raft.server.snapshot.auto.trigger.enabled = true (custom)
2019-10-01 19:48:32,483 [pool-47-thread-1] INFO  server.RaftServerConfigKeys (ConfUtils.java:logGet(43)) - raft.server.snapshot.auto.trigger.threshold = 10000 (custom)
2019-10-01 19:48:32,483 [pool-67-thread-1] INFO  server.RaftServerConfigKeys (ConfUtils.java:logGet(43)) - raft.server.snapshot.auto.trigger.threshold = 10000 (custom)
2019-10-01 19:48:32,483 [pool-47-thread-1] INFO  server.RaftServerConfigKeys (ConfUtils.java:logGet(43)) - raft.server.snapshot.retention.num.files = 5 (custom)
2019-10-01 19:48:32,483 [pool-27-thread-1] INFO  impl.RaftServerImpl (RaftServerImpl.java:start(185)) - 008e7f89-814f-419b-8e84-495a96fd3460@group-1609557BAE4F: start as a follower, conf=-1: [008e7f89-814f-419b-8e84-495a96fd3460:192.168.151.103:43923, c4a805b6-0512-42dc-ba1a-ae9d1a888919:192.168.151.103:33670, d2ea576c-2d73-4d25-8c74-f5f422f1c1ea:192.168.151.103:44771], old=null
2019-10-01 19:48:32,483 [pool-67-thread-1] INFO  server.RaftServerConfigKeys (ConfUtils.java:logGet(43)) - raft.server.snapshot.retention.num.files = 5 (custom)
2019-10-01 19:48:32,483 [pool-27-thread-1] INFO  impl.RaftServerImpl (RaftServerImpl.java:setRole(174)) - 008e7f89-814f-419b-8e84-495a96fd3460@group-1609557BAE4F: changes role from      null to FOLLOWER at term 0 for startAsFollower
2019-10-01 19:48:32,483 [pool-47-thread-1] INFO  server.RaftServerConfigKeys (ConfUtils.java:logGet(43)) - raft.server.retrycache.expirytime = 600000ms (custom)
2019-10-01 19:48:32,484 [pool-27-thread-1] INFO  impl.RoleInfo (RoleInfo.java:updateAndGet(143)) - 008e7f89-814f-419b-8e84-495a96fd3460: start FollowerState
2019-10-01 19:48:32,484 [pool-67-thread-1] INFO  server.RaftServerConfigKeys (ConfUtils.java:logGet(43)) - raft.server.retrycache.expirytime = 600000ms (custom)
2019-10-01 19:48:32,484 [pool-27-thread-1] INFO  util.JmxRegister (JmxRegister.java:tryRegister(44)) - Successfully registered JMX Bean with object name Ratis:service=RaftServer,group=group-1609557BAE4F,id=008e7f89-814f-419b-8e84-495a96fd3460
2019-10-01 19:48:32,493 [pool-67-thread-1] INFO  impl.RaftServerImpl (RaftServerImpl.java:start(185)) - c4a805b6-0512-42dc-ba1a-ae9d1a888919@group-1609557BAE4F: start as a follower, conf=-1: [008e7f89-814f-419b-8e84-495a96fd3460:192.168.151.103:43923, c4a805b6-0512-42dc-ba1a-ae9d1a888919:192.168.151.103:33670, d2ea576c-2d73-4d25-8c74-f5f422f1c1ea:192.168.151.103:44771], old=null
2019-10-01 19:48:32,493 [pool-67-thread-1] INFO  impl.RaftServerImpl (RaftServerImpl.java:setRole(174)) - c4a805b6-0512-42dc-ba1a-ae9d1a888919@group-1609557BAE4F: changes role from      null to FOLLOWER at term 0 for startAsFollower
2019-10-01 19:48:32,493 [pool-47-thread-1] INFO  impl.RaftServerImpl (RaftServerImpl.java:start(185)) - d2ea576c-2d73-4d25-8c74-f5f422f1c1ea@group-1609557BAE4F: start as a follower, conf=-1: [008e7f89-814f-419b-8e84-495a96fd3460:192.168.151.103:43923, c4a805b6-0512-42dc-ba1a-ae9d1a888919:192.168.151.103:33670, d2ea576c-2d73-4d25-8c74-f5f422f1c1ea:192.168.151.103:44771], old=null
2019-10-01 19:48:32,493 [pool-67-thread-1] INFO  impl.RoleInfo (RoleInfo.java:updateAndGet(143)) - c4a805b6-0512-42dc-ba1a-ae9d1a888919: start FollowerState
2019-10-01 19:48:32,493 [pool-47-thread-1] INFO  impl.RaftServerImpl (RaftServerImpl.java:setRole(174)) - d2ea576c-2d73-4d25-8c74-f5f422f1c1ea@group-1609557BAE4F: changes role from      null to FOLLOWER at term 0 for startAsFollower
2019-10-01 19:48:32,494 [pool-47-thread-1] INFO  impl.RoleInfo (RoleInfo.java:updateAndGet(143)) - d2ea576c-2d73-4d25-8c74-f5f422f1c1ea: start FollowerState
2019-10-01 19:48:32,494 [pool-67-thread-1] INFO  util.JmxRegister (JmxRegister.java:tryRegister(44)) - Successfully registered JMX Bean with object name Ratis:service=RaftServer,group=group-1609557BAE4F,id=c4a805b6-0512-42dc-ba1a-ae9d1a888919
2019-10-01 19:48:32,494 [pool-47-thread-1] INFO  util.JmxRegister (JmxRegister.java:tryRegister(44)) - Successfully registered JMX Bean with object name Ratis:service=RaftServer,group=group-1609557BAE4F,id=d2ea576c-2d73-4d25-8c74-f5f422f1c1ea
2019-10-01 19:48:32,496 [RatisPipelineUtilsThread] INFO  pipeline.PipelineStateManager (PipelineStateManager.java:addPipeline(56)) - Created pipeline Pipeline[ Id: f242889b-3865-4645-a9f8-1609557bae4f, Nodes: 008e7f89-814f-419b-8e84-495a96fd3460{ip: 192.168.151.103, host: pr-trunk-878pl-325597374, networkLocation: /default-rack, certSerialId: null}c4a805b6-0512-42dc-ba1a-ae9d1a888919{ip: 192.168.151.103, host: pr-trunk-878pl-325597374, networkLocation: /default-rack, certSerialId: null}d2ea576c-2d73-4d25-8c74-f5f422f1c1ea{ip: 192.168.151.103, host: pr-trunk-878pl-325597374, networkLocation: /default-rack, certSerialId: null}, Type:RATIS, Factor:THREE, State:OPEN]
2019-10-01 19:48:33,275 [Thread-241] WARN  io.KeyOutputStream (KeyOutputStream.java:handleException(274)) - Encountered exception java.io.IOException: Unexpected Storage Container Exception: java.util.concurrent.CompletionException: java.util.concurrent.CompletionException: org.apache.ratis.protocol.GroupMismatchException: c4a805b6-0512-42dc-ba1a-ae9d1a888919: group-B2E170273611 not found. on the pipeline Pipeline[ Id: 5e6d30af-3c7b-4344-a942-b2e170273611, Nodes: 008e7f89-814f-419b-8e84-495a96fd3460{ip: 192.168.151.103, host: pr-trunk-878pl-325597374, networkLocation: /default-rack, certSerialId: null}c4a805b6-0512-42dc-ba1a-ae9d1a888919{ip: 192.168.151.103, host: pr-trunk-878pl-325597374, networkLocation: /default-rack, certSerialId: null}d2ea576c-2d73-4d25-8c74-f5f422f1c1ea{ip: 192.168.151.103, host: pr-trunk-878pl-325597374, networkLocation: /default-rack, certSerialId: null}, Type:RATIS, Factor:THREE, State:OPEN]. The last committed block length is 0, uncommitted data length is 1024 retry count 0
2019-10-01 19:48:37,489 [Thread-396] INFO  impl.FollowerState (FollowerState.java:run(106)) - 008e7f89-814f-419b-8e84-495a96fd3460:group-1609557BAE4F changes to CANDIDATE, lastRpcTime:5005, electionTimeout:5005ms
2019-10-01 19:48:37,492 [Thread-396] INFO  impl.RoleInfo (RoleInfo.java:shutdownFollowerState(121)) - 008e7f89-814f-419b-8e84-495a96fd3460: shutdown FollowerState
2019-10-01 19:48:37,492 [Thread-396] INFO  impl.RaftServerImpl (RaftServerImpl.java:setRole(174)) - 008e7f89-814f-419b-8e84-495a96fd3460@group-1609557BAE4F: changes role from  FOLLOWER to CANDIDATE at term 0 for changeToCandidate
2019-10-01 19:48:37,493 [Thread-396] INFO  impl.RoleInfo (RoleInfo.java:updateAndGet(143)) - 008e7f89-814f-419b-8e84-495a96fd3460: start LeaderElection
2019-10-01 19:48:37,510 [008e7f89-814f-419b-8e84-495a96fd3460@group-1609557BAE4F:LeaderElection7] INFO  impl.LeaderElection (LeaderElection.java:askForVotes(182)) - 008e7f89-814f-419b-8e84-495a96fd3460@group-1609557BAE4F:LeaderElection7: begin an election at term 1 for -1: [008e7f89-814f-419b-8e84-495a96fd3460:192.168.151.103:43923, c4a805b6-0512-42dc-ba1a-ae9d1a888919:192.168.151.103:33670, d2ea576c-2d73-4d25-8c74-f5f422f1c1ea:192.168.151.103:44771], old=null
2019-10-01 19:48:37,523 [grpc-default-executor-2] INFO  impl.RaftServerImpl (RaftServerImpl.java:setRole(174)) - d2ea576c-2d73-4d25-8c74-f5f422f1c1ea@group-1609557BAE4F: changes role from  FOLLOWER to FOLLOWER at term 1 for recognizeCandidate:008e7f89-814f-419b-8e84-495a96fd3460
2019-10-01 19:48:37,523 [grpc-default-executor-2] INFO  impl.RoleInfo (RoleInfo.java:shutdownFollowerState(121)) - d2ea576c-2d73-4d25-8c74-f5f422f1c1ea: shutdown FollowerState
2019-10-01 19:48:37,524 [grpc-default-executor-2] INFO  impl.RoleInfo (RoleInfo.java:updateAndGet(143)) - d2ea576c-2d73-4d25-8c74-f5f422f1c1ea: start FollowerState
2019-10-01 19:48:37,524 [Thread-399] INFO  impl.FollowerState (FollowerState.java:run(115)) - d2ea576c-2d73-4d25-8c74-f5f422f1c1ea: FollowerState was interrupted: java.lang.InterruptedException: sleep interrupted
2019-10-01 19:48:37,526 [grpc-default-executor-1] INFO  impl.RaftServerImpl (RaftServerImpl.java:setRole(174)) - c4a805b6-0512-42dc-ba1a-ae9d1a888919@group-1609557BAE4F: changes role from  FOLLOWER to FOLLOWER at term 1 for recognizeCandidate:008e7f89-814f-419b-8e84-495a96fd3460
2019-10-01 19:48:37,526 [grpc-default-executor-1] INFO  impl.RoleInfo (RoleInfo.java:shutdownFollowerState(121)) - c4a805b6-0512-42dc-ba1a-ae9d1a888919: shutdown FollowerState
2019-10-01 19:48:37,527 [grpc-default-executor-1] INFO  impl.RoleInfo (RoleInfo.java:updateAndGet(143)) - c4a805b6-0512-42dc-ba1a-ae9d1a888919: start FollowerState
2019-10-01 19:48:37,527 [Thread-398] INFO  impl.FollowerState (FollowerState.java:run(115)) - c4a805b6-0512-42dc-ba1a-ae9d1a888919: FollowerState was interrupted: java.lang.InterruptedException: sleep interrupted
2019-10-01 19:48:37,543 [008e7f89-814f-419b-8e84-495a96fd3460@group-1609557BAE4F:LeaderElection7] INFO  impl.LeaderElection (LeaderElection.java:logAndReturn(56)) - 008e7f89-814f-419b-8e84-495a96fd3460@group-1609557BAE4F:LeaderElection7: Election PASSED; received 1 response(s) [008e7f89-814f-419b-8e84-495a96fd3460<-d2ea576c-2d73-4d25-8c74-f5f422f1c1ea#0:OK-t1] and 0 exception(s); 008e7f89-814f-419b-8e84-495a96fd3460@group-1609557BAE4F:t1, leader=null, voted=008e7f89-814f-419b-8e84-495a96fd3460, raftlog=008e7f89-814f-419b-8e84-495a96fd3460@group-1609557BAE4F-SegmentedRaftLog:OPENED:c-1,f-1,i0, conf=-1: [008e7f89-814f-419b-8e84-495a96fd3460:192.168.151.103:43923, c4a805b6-0512-42dc-ba1a-ae9d1a888919:192.168.151.103:33670, d2ea576c-2d73-4d25-8c74-f5f422f1c1ea:192.168.151.103:44771], old=null
2019-10-01 19:48:37,544 [008e7f89-814f-419b-8e84-495a96fd3460@group-1609557BAE4F:LeaderElection7] INFO  impl.RoleInfo (RoleInfo.java:shutdownLeaderElection(134)) - 008e7f89-814f-419b-8e84-495a96fd3460: shutdown LeaderElection
2019-10-01 19:48:37,554 [008e7f89-814f-419b-8e84-495a96fd3460@group-1609557BAE4F:LeaderElection7] INFO  impl.RaftServerImpl (RaftServerImpl.java:setRole(174)) - 008e7f89-814f-419b-8e84-495a96fd3460@group-1609557BAE4F: changes role from CANDIDATE to LEADER at term 1 for changeToLeader
2019-10-01 19:48:37,554 [008e7f89-814f-419b-8e84-495a96fd3460@group-1609557BAE4F:LeaderElection7] INFO  impl.RaftServerImpl (ServerState.java:setLeader(253)) - 008e7f89-814f-419b-8e84-495a96fd3460@group-1609557BAE4F: change Leader from null to 008e7f89-814f-419b-8e84-495a96fd3460 at term 1 for becomeLeader, leader elected after 5077ms
2019-10-01 19:48:37,554 [008e7f89-814f-419b-8e84-495a96fd3460@group-1609557BAE4F:LeaderElection7] INFO  server.RaftServerConfigKeys (ConfUtils.java:logGet(43)) - raft.server.staging.catchup.gap = 1000 (default)
2019-10-01 19:48:37,555 [008e7f89-814f-419b-8e84-495a96fd3460@group-1609557BAE4F:LeaderElection7] INFO  server.RaftServerConfigKeys (ConfUtils.java:logGet(43)) - raft.server.rpc.sleep.time = 25ms (default)
2019-10-01 19:48:37,555 [008e7f89-814f-419b-8e84-495a96fd3460@group-1609557BAE4F:LeaderElection7] INFO  server.RaftServerConfigKeys (ConfUtils.java:logGet(43)) - raft.server.write.element-limit = 4096 (default)
2019-10-01 19:48:37,555 [008e7f89-814f-419b-8e84-495a96fd3460@group-1609557BAE4F:LeaderElection7] INFO  server.RaftServerConfigKeys (ConfUtils.java:logGet(43)) - raft.server.watch.timeout = 10s (default)
2019-10-01 19:48:37,555 [008e7f89-814f-419b-8e84-495a96fd3460@group-1609557BAE4F:LeaderElection7] INFO  server.RaftServerConfigKeys (ConfUtils.java:logGet(43)) - raft.server.watch.timeout.denomination = 1s (default)
2019-10-01 19:48:37,555 [008e7f89-814f-419b-8e84-495a96fd3460@group-1609557BAE4F:LeaderElection7] INFO  server.RaftServerConfigKeys (ConfUtils.java:logGet(43)) - raft.server.watch.element-limit = 65536 (default)
2019-10-01 19:48:37,559 [008e7f89-814f-419b-8e84-495a96fd3460@group-1609557BAE4F:LeaderElection7] INFO  server.RaftServerConfigKeys (ConfUtils.java:logGet(43)) - raft.server.log.appender.snapshot.chunk.size.max = 16MB (=16777216) (default)
2019-10-01 19:48:37,559 [008e7f89-814f-419b-8e84-495a96fd3460@group-1609557BAE4F:LeaderElection7] INFO  server.RaftServerConfigKeys (ConfUtils.java:logGet(43)) - raft.server.log.appender.buffer.byte-limit = 33554432 (custom)
2019-10-01 19:48:37,560 [008e7f89-814f-419b-8e84-495a96fd3460@group-1609557BAE4F:LeaderElection7] INFO  server.RaftServerConfigKeys (ConfUtils.java:logGet(43)) - raft.server.log.appender.buffer.element-limit = 1 (custom)
2019-10-01 19:48:37,560 [008e7f89-814f-419b-8e84-495a96fd3460@group-1609557BAE4F:LeaderElection7] INFO  grpc.GrpcConfigKeys$Server (ConfUtils.java:logGet(43)) - raft.grpc.server.leader.outstanding.appends.max = 128 (default)
2019-10-01 19:48:37,561 [008e7f89-814f-419b-8e84-495a96fd3460@group-1609557BAE4F:LeaderElection7] INFO  server.RaftServerConfigKeys (ConfUtils.java:logGet(43)) - raft.server.rpc.request.timeout = 3000ms (default)
2019-10-01 19:48:37,562 [008e7f89-814f-419b-8e84-495a96fd3460@group-1609557BAE4F:LeaderElection7] INFO  server.RaftServerConfigKeys (ConfUtils.java:logGet(43)) - raft.server.log.appender.install.snapshot.enabled = false (custom)
2019-10-01 19:48:37,562 [008e7f89-814f-419b-8e84-495a96fd3460@group-1609557BAE4F:LeaderElection7] INFO  server.RaftServerConfigKeys (ConfUtils.java:logGet(43)) - raft.server.log.appender.snapshot.chunk.size.max = 16MB (=16777216) (default)
2019-10-01 19:48:37,562 [008e7f89-814f-419b-8e84-495a96fd3460@group-1609557BAE4F:LeaderElection7] INFO  server.RaftServerConfigKeys (ConfUtils.java:logGet(43)) - raft.server.log.appender.buffer.byte-limit = 33554432 (custom)
2019-10-01 19:48:37,562 [008e7f89-814f-419b-8e84-495a96fd3460@group-1609557BAE4F:LeaderElection7] INFO  server.RaftServerConfigKeys (ConfUtils.java:logGet(43)) - raft.server.log.appender.buffer.element-limit = 1 (custom)
2019-10-01 19:48:37,563 [008e7f89-814f-419b-8e84-495a96fd3460@group-1609557BAE4F:LeaderElection7] INFO  grpc.GrpcConfigKeys$Server (ConfUtils.java:logGet(43)) - raft.grpc.server.leader.outstanding.appends.max = 128 (default)
2019-10-01 19:48:37,563 [008e7f89-814f-419b-8e84-495a96fd3460@group-1609557BAE4F:LeaderElection7] INFO  server.RaftServerConfigKeys (ConfUtils.java:logGet(43)) - raft.server.rpc.request.timeout = 3000ms (default)
2019-10-01 19:48:37,563 [008e7f89-814f-419b-8e84-495a96fd3460@group-1609557BAE4F:LeaderElection7] INFO  server.RaftServerConfigKeys (ConfUtils.java:logGet(43)) - raft.server.log.appender.install.snapshot.enabled = false (custom)
2019-10-01 19:48:37,563 [008e7f89-814f-419b-8e84-495a96fd3460@group-1609557BAE4F:LeaderElection7] INFO  impl.RoleInfo (RoleInfo.java:updateAndGet(143)) - 008e7f89-814f-419b-8e84-495a96fd3460: start LeaderState
2019-10-01 19:48:37,564 [008e7f89-814f-419b-8e84-495a96fd3460@group-1609557BAE4F:LeaderElection7] INFO  segmented.SegmentedRaftLogWorker (SegmentedRaftLogWorker.java:startLogSegment(380)) - 008e7f89-814f-419b-8e84-495a96fd3460@group-1609557BAE4F-SegmentedRaftLogWorker: Starting segment from index:0
2019-10-01 19:48:37,565 [008e7f89-814f-419b-8e84-495a96fd3460@group-1609557BAE4F:LeaderElection7] INFO  impl.RaftServerImpl (ServerState.java:setRaftConf(354)) - 008e7f89-814f-419b-8e84-495a96fd3460@group-1609557BAE4F: set configuration 0: [008e7f89-814f-419b-8e84-495a96fd3460:192.168.151.103:43923, c4a805b6-0512-42dc-ba1a-ae9d1a888919:192.168.151.103:33670, d2ea576c-2d73-4d25-8c74-f5f422f1c1ea:192.168.151.103:44771], old=null at 0
2019-10-01 19:48:37,590 [grpc-default-executor-1] INFO  impl.RaftServerImpl (ServerState.java:setLeader(253)) - c4a805b6-0512-42dc-ba1a-ae9d1a888919@group-1609557BAE4F: change Leader from null to 008e7f89-814f-419b-8e84-495a96fd3460 at term 1 for appendEntries, leader elected after 5112ms
2019-10-01 19:48:37,591 [grpc-default-executor-2] INFO  impl.RaftServerImpl (ServerState.java:setLeader(253)) - d2ea576c-2d73-4d25-8c74-f5f422f1c1ea@group-1609557BAE4F: change Leader from null to 008e7f89-814f-419b-8e84-495a96fd3460 at term 1 for appendEntries, leader elected after 5114ms
2019-10-01 19:48:37,597 [grpc-default-executor-1] INFO  impl.RaftServerImpl (ServerState.java:setRaftConf(354)) - d2ea576c-2d73-4d25-8c74-f5f422f1c1ea@group-1609557BAE4F: set configuration 0: [008e7f89-814f-419b-8e84-495a96fd3460:192.168.151.103:43923, c4a805b6-0512-42dc-ba1a-ae9d1a888919:192.168.151.103:33670, d2ea576c-2d73-4d25-8c74-f5f422f1c1ea:192.168.151.103:44771], old=null at 0
2019-10-01 19:48:37,597 [grpc-default-executor-2] INFO  impl.RaftServerImpl (ServerState.java:setRaftConf(354)) - c4a805b6-0512-42dc-ba1a-ae9d1a888919@group-1609557BAE4F: set configuration 0: [008e7f89-814f-419b-8e84-495a96fd3460:192.168.151.103:43923, c4a805b6-0512-42dc-ba1a-ae9d1a888919:192.168.151.103:33670, d2ea576c-2d73-4d25-8c74-f5f422f1c1ea:192.168.151.103:44771], old=null at 0
2019-10-01 19:48:37,597 [grpc-default-executor-1] INFO  segmented.SegmentedRaftLogWorker (SegmentedRaftLogWorker.java:startLogSegment(380)) - d2ea576c-2d73-4d25-8c74-f5f422f1c1ea@group-1609557BAE4F-SegmentedRaftLogWorker: Starting segment from index:0
2019-10-01 19:48:37,597 [grpc-default-executor-2] INFO  segmented.SegmentedRaftLogWorker (SegmentedRaftLogWorker.java:startLogSegment(380)) - c4a805b6-0512-42dc-ba1a-ae9d1a888919@group-1609557BAE4F-SegmentedRaftLogWorker: Starting segment from index:0
2019-10-01 19:48:37,601 [008e7f89-814f-419b-8e84-495a96fd3460@group-1609557BAE4F-SegmentedRaftLogWorker] INFO  segmented.SegmentedRaftLogWorker (SegmentedRaftLogWorker.java:execute(569)) - 008e7f89-814f-419b-8e84-495a96fd3460@group-1609557BAE4F-SegmentedRaftLogWorker: created new log segment /workdir/hadoop-ozone/ozonefs/target/test-dir/MiniOzoneClusterImpl-76701839-624f-4b6b-affa-460efe4f7a11/datanode-0/data/ratis/f242889b-3865-4645-a9f8-1609557bae4f/current/log_inprogress_0
2019-10-01 19:48:37,651 [c4a805b6-0512-42dc-ba1a-ae9d1a888919@group-1609557BAE4F-SegmentedRaftLogWorker] INFO  segmented.SegmentedRaftLogWorker (SegmentedRaftLogWorker.java:execute(569)) - c4a805b6-0512-42dc-ba1a-ae9d1a888919@group-1609557BAE4F-SegmentedRaftLogWorker: created new log segment /workdir/hadoop-ozone/ozonefs/target/test-dir/MiniOzoneClusterImpl-76701839-624f-4b6b-affa-460efe4f7a11/datanode-4/data/ratis/f242889b-3865-4645-a9f8-1609557bae4f/current/log_inprogress_0
2019-10-01 19:48:37,651 [d2ea576c-2d73-4d25-8c74-f5f422f1c1ea@group-1609557BAE4F-SegmentedRaftLogWorker] INFO  segmented.SegmentedRaftLogWorker (SegmentedRaftLogWorker.java:execute(569)) - d2ea576c-2d73-4d25-8c74-f5f422f1c1ea@group-1609557BAE4F-SegmentedRaftLogWorker: created new log segment /workdir/hadoop-ozone/ozonefs/target/test-dir/MiniOzoneClusterImpl-76701839-624f-4b6b-affa-460efe4f7a11/datanode-2/data/ratis/f242889b-3865-4645-a9f8-1609557bae4f/current/log_inprogress_0
2019-10-01 19:48:38,536 [pool-26-thread-2] ERROR impl.ChunkManagerImpl (ChunkUtils.java:writeData(89)) - data array does not match the length specified. DataLen: 1024 Byte Array: 1181
2019-10-01 19:48:38,544 [pool-26-thread-2] INFO  keyvalue.KeyValueHandler (ContainerUtils.java:logAndReturnError(146)) - Operation: WriteChunk : Trace ID: c3f6813e21afcd19:c3f6813e21afcd19:0:0 : Message: data array does not match the length specified. DataLen: 1024 Byte Array: 1181 : Result: INVALID_WRITE_SIZE
2019-10-01 19:48:38,561 [EventQueue-IncrementalContainerReportForIncrementalContainerReportHandler] WARN  container.IncrementalContainerReportHandler (AbstractContainerReportHandler.java:updateContainerState(143)) - Container #2 is in OPEN state, but the datanode 008e7f89-814f-419b-8e84-495a96fd3460{ip: 192.168.151.103, host: pr-trunk-878pl-325597374, networkLocation: /default-rack, certSerialId: null} reports an UNHEALTHY replica.
19:48:38.559 [pool-26-thread-2] ERROR DNAudit - user=null | ip=null | op=WRITE_CHUNK {blockData=conID: 2 locID: 102888853556887554 bcsId: 0} | ret=FAILURE
java.lang.Exception: data array does not match the length specified. DataLen: 1024 Byte Array: 1181
	at org.apache.hadoop.ozone.container.common.impl.HddsDispatcher.dispatchRequest(HddsDispatcher.java:330) ~[hadoop-hdds-container-service-0.5.0-SNAPSHOT.jar:?]
	at org.apache.hadoop.ozone.container.common.impl.HddsDispatcher.dispatch(HddsDispatcher.java:150) ~[hadoop-hdds-container-service-0.5.0-SNAPSHOT.jar:?]
	at org.apache.hadoop.ozone.container.common.transport.server.ratis.ContainerStateMachine.dispatchCommand(ContainerStateMachine.java:407) ~[hadoop-hdds-container-service-0.5.0-SNAPSHOT.jar:?]
	at org.apache.hadoop.ozone.container.common.transport.server.ratis.ContainerStateMachine.runCommand(ContainerStateMachine.java:415) ~[hadoop-hdds-container-service-0.5.0-SNAPSHOT.jar:?]
	at org.apache.hadoop.ozone.container.common.transport.server.ratis.ContainerStateMachine.lambda$handleWriteChunk$1(ContainerStateMachine.java:450) ~[hadoop-hdds-container-service-0.5.0-SNAPSHOT.jar:?]
	at java.util.concurrent.CompletableFuture$AsyncSupply.run(CompletableFuture.java:1590) [?:1.8.0_212]
	at java.util.concurrent.ThreadPoolExecutor.runWorker(ThreadPoolExecutor.java:1149) [?:1.8.0_212]
	at java.util.concurrent.ThreadPoolExecutor$Worker.run(ThreadPoolExecutor.java:624) [?:1.8.0_212]
	at java.lang.Thread.run(Thread.java:748) [?:1.8.0_212]
2019-10-01 19:48:38,561 [EventQueue-CloseContainerForCloseContainerEventHandler] INFO  container.CloseContainerEventHandler (CloseContainerEventHandler.java:onMessage(61)) - Close container Event triggered for container : #2
2019-10-01 19:48:38,561 [pool-26-thread-2] ERROR ratis.ContainerStateMachine (ContainerStateMachine.java:lambda$handleWriteChunk$2(470)) - group-1609557BAE4F: writeChunk writeStateMachineData failed: blockIdcontainerID: 2
localID: 102888853556887554
blockCommitSequenceId: 0
 logIndex 1 chunkName 102888853556887554_chunk_1 Error message: data array does not match the length specified. DataLen: 1024 Byte Array: 1181 Container Result: INVALID_WRITE_SIZE
2019-10-01 19:48:38,563 [008e7f89-814f-419b-8e84-495a96fd3460@group-1609557BAE4F-SegmentedRaftLogWorker] ERROR ratis.XceiverServerRatis (XceiverServerRatis.java:triggerPipelineClose(575)) - pipeline Action CLOSE  on pipeline PipelineID=f242889b-3865-4645-a9f8-1609557bae4f.Reason : data array does not match the length specified. DataLen: 1024 Byte Array: 1181
2019-10-01 19:48:38,564 [008e7f89-814f-419b-8e84-495a96fd3460@group-1609557BAE4F-SegmentedRaftLogWorker] ERROR ratis.XceiverServerRatis (XceiverServerRatis.java:triggerPipelineClose(575)) - pipeline Action CLOSE  on pipeline PipelineID=f242889b-3865-4645-a9f8-1609557bae4f.Reason : Log already failed at index 1 for task WriteLog:1: (t:1, i:1), STATEMACHINELOGENTRY, client-788CEE4A530F, cid=19
2019-10-01 19:48:38,564 [EventQueue-PipelineActionsForPipelineActionHandler] ERROR pipeline.PipelineActionHandler (PipelineActionHandler.java:onMessage(60)) - Received pipeline action CLOSE for Pipeline[ Id: f242889b-3865-4645-a9f8-1609557bae4f, Nodes: 008e7f89-814f-419b-8e84-495a96fd3460{ip: 192.168.151.103, host: pr-trunk-878pl-325597374, networkLocation: /default-rack, certSerialId: null}c4a805b6-0512-42dc-ba1a-ae9d1a888919{ip: 192.168.151.103, host: pr-trunk-878pl-325597374, networkLocation: /default-rack, certSerialId: null}d2ea576c-2d73-4d25-8c74-f5f422f1c1ea{ip: 192.168.151.103, host: pr-trunk-878pl-325597374, networkLocation: /default-rack, certSerialId: null}, Type:RATIS, Factor:THREE, State:OPEN] from datanode 008e7f89-814f-419b-8e84-495a96fd3460{ip: 192.168.151.103, host: pr-trunk-878pl-325597374, networkLocation: /default-rack, certSerialId: null}. Reason : data array does not match the length specified. DataLen: 1024 Byte Array: 1181
2019-10-01 19:48:38,565 [EventQueue-PipelineActionsForPipelineActionHandler] INFO  pipeline.SCMPipelineManager (SCMPipelineManager.java:finalizeAndDestroyPipeline(315)) - destroying pipeline:Pipeline[ Id: f242889b-3865-4645-a9f8-1609557bae4f, Nodes: 008e7f89-814f-419b-8e84-495a96fd3460{ip: 192.168.151.103, host: pr-trunk-878pl-325597374, networkLocation: /default-rack, certSerialId: null}c4a805b6-0512-42dc-ba1a-ae9d1a888919{ip: 192.168.151.103, host: pr-trunk-878pl-325597374, networkLocation: /default-rack, certSerialId: null}d2ea576c-2d73-4d25-8c74-f5f422f1c1ea{ip: 192.168.151.103, host: pr-trunk-878pl-325597374, networkLocation: /default-rack, certSerialId: null}, Type:RATIS, Factor:THREE, State:OPEN]
2019-10-01 19:48:38,565 [EventQueue-PipelineActionsForPipelineActionHandler] INFO  pipeline.PipelineStateManager (PipelineStateManager.java:finalizePipeline(123)) - Pipeline Pipeline[ Id: f242889b-3865-4645-a9f8-1609557bae4f, Nodes: 008e7f89-814f-419b-8e84-495a96fd3460{ip: 192.168.151.103, host: pr-trunk-878pl-325597374, networkLocation: /default-rack, certSerialId: null}c4a805b6-0512-42dc-ba1a-ae9d1a888919{ip: 192.168.151.103, host: pr-trunk-878pl-325597374, networkLocation: /default-rack, certSerialId: null}d2ea576c-2d73-4d25-8c74-f5f422f1c1ea{ip: 192.168.151.103, host: pr-trunk-878pl-325597374, networkLocation: /default-rack, certSerialId: null}, Type:RATIS, Factor:THREE, State:CLOSED] moved to CLOSED state
2019-10-01 19:48:38,566 [EventQueue-PipelineActionsForPipelineActionHandler] ERROR pipeline.PipelineActionHandler (PipelineActionHandler.java:onMessage(60)) - Received pipeline action CLOSE for Pipeline[ Id: f242889b-3865-4645-a9f8-1609557bae4f, Nodes: 008e7f89-814f-419b-8e84-495a96fd3460{ip: 192.168.151.103, host: pr-trunk-878pl-325597374, networkLocation: /default-rack, certSerialId: null}c4a805b6-0512-42dc-ba1a-ae9d1a888919{ip: 192.168.151.103, host: pr-trunk-878pl-325597374, networkLocation: /default-rack, certSerialId: null}d2ea576c-2d73-4d25-8c74-f5f422f1c1ea{ip: 192.168.151.103, host: pr-trunk-878pl-325597374, networkLocation: /default-rack, certSerialId: null}, Type:RATIS, Factor:THREE, State:CLOSED] from datanode 008e7f89-814f-419b-8e84-495a96fd3460{ip: 192.168.151.103, host: pr-trunk-878pl-325597374, networkLocation: /default-rack, certSerialId: null}. Reason : Log already failed at index 1 for task WriteLog:1: (t:1, i:1), STATEMACHINELOGENTRY, client-788CEE4A530F, cid=19
2019-10-01 19:48:38,566 [EventQueue-PipelineActionsForPipelineActionHandler] INFO  pipeline.SCMPipelineManager (SCMPipelineManager.java:finalizeAndDestroyPipeline(315)) - destroying pipeline:Pipeline[ Id: f242889b-3865-4645-a9f8-1609557bae4f, Nodes: 008e7f89-814f-419b-8e84-495a96fd3460{ip: 192.168.151.103, host: pr-trunk-878pl-325597374, networkLocation: /default-rack, certSerialId: null}c4a805b6-0512-42dc-ba1a-ae9d1a888919{ip: 192.168.151.103, host: pr-trunk-878pl-325597374, networkLocation: /default-rack, certSerialId: null}d2ea576c-2d73-4d25-8c74-f5f422f1c1ea{ip: 192.168.151.103, host: pr-trunk-878pl-325597374, networkLocation: /default-rack, certSerialId: null}, Type:RATIS, Factor:THREE, State:CLOSED]
2019-10-01 19:49:19,808 [grpc-default-executor-1] INFO  impl.RaftServerProxy (RaftServerProxy.java:addNew(89)) - c4a805b6-0512-42dc-ba1a-ae9d1a888919: addNew group-83DFE497CA30:[008e7f89-814f-419b-8e84-495a96fd3460:192.168.151.103:43923, c4a805b6-0512-42dc-ba1a-ae9d1a888919:192.168.151.103:33670, d2ea576c-2d73-4d25-8c74-f5f422f1c1ea:192.168.151.103:44771] returns group-83DFE497CA30:java.util.concurrent.CompletableFuture@5ea01285[Not completed]
2019-10-01 19:49:19,812 [grpc-default-executor-4] INFO  impl.RaftServerProxy (RaftServerProxy.java:addNew(89)) - d2ea576c-2d73-4d25-8c74-f5f422f1c1ea: addNew group-83DFE497CA30:[008e7f89-814f-419b-8e84-495a96fd3460:192.168.151.103:43923, c4a805b6-0512-42dc-ba1a-ae9d1a888919:192.168.151.103:33670, d2ea576c-2d73-4d25-8c74-f5f422f1c1ea:192.168.151.103:44771] returns group-83DFE497CA30:java.util.concurrent.CompletableFuture@1a903f66[Not completed]
2019-10-01 19:49:19,811 [grpc-default-executor-2] INFO  impl.RaftServerProxy (RaftServerProxy.java:addNew(89)) - 008e7f89-814f-419b-8e84-495a96fd3460: addNew group-83DFE497CA30:[008e7f89-814f-419b-8e84-495a96fd3460:192.168.151.103:43923, c4a805b6-0512-42dc-ba1a-ae9d1a888919:192.168.151.103:33670, d2ea576c-2d73-4d25-8c74-f5f422f1c1ea:192.168.151.103:44771] returns group-83DFE497CA30:java.util.concurrent.CompletableFuture@13bca730[Not completed]
2019-10-01 19:49:19,816 [pool-27-thread-1] INFO  impl.RaftServerImpl (RaftServerImpl.java:<init>(95)) - 008e7f89-814f-419b-8e84-495a96fd3460: new RaftServerImpl for group-83DFE497CA30:[008e7f89-814f-419b-8e84-495a96fd3460:192.168.151.103:43923, c4a805b6-0512-42dc-ba1a-ae9d1a888919:192.168.151.103:33670, d2ea576c-2d73-4d25-8c74-f5f422f1c1ea:192.168.151.103:44771] with ContainerStateMachine:uninitialized
2019-10-01 19:49:19,816 [pool-27-thread-1] INFO  server.RaftServerConfigKeys (ConfUtils.java:logGet(43)) - raft.server.rpc.timeout.min = 5s (custom)
2019-10-01 19:49:19,816 [pool-27-thread-1] INFO  server.RaftServerConfigKeys (ConfUtils.java:logGet(43)) - raft.server.rpc.timeout.max = 5200ms (custom)
2019-10-01 19:49:19,816 [pool-27-thread-1] INFO  server.RaftServerConfigKeys (ConfUtils.java:logGet(43)) - raft.server.rpcslowness.timeout = 120s (custom)
2019-10-01 19:49:19,816 [pool-27-thread-1] INFO  server.RaftServerConfigKeys (ConfUtils.java:logGet(43)) - raft.server.sleep.deviation.threshold = 300 (default)
2019-10-01 19:49:19,816 [pool-27-thread-1] INFO  server.RaftServerConfigKeys (ConfUtils.java:logGet(43)) - raft.server.log.appender.install.snapshot.enabled = false (custom)
2019-10-01 19:49:19,817 [pool-27-thread-1] INFO  impl.RaftServerImpl (ServerState.java:<init>(103)) - 008e7f89-814f-419b-8e84-495a96fd3460@group-83DFE497CA30: ConfigurationManager, init=-1: [008e7f89-814f-419b-8e84-495a96fd3460:192.168.151.103:43923, c4a805b6-0512-42dc-ba1a-ae9d1a888919:192.168.151.103:33670, d2ea576c-2d73-4d25-8c74-f5f422f1c1ea:192.168.151.103:44771], old=null, confs=<EMPTY_MAP>
2019-10-01 19:49:19,817 [pool-47-thread-1] INFO  impl.RaftServerImpl (RaftServerImpl.java:<init>(95)) - d2ea576c-2d73-4d25-8c74-f5f422f1c1ea: new RaftServerImpl for group-83DFE497CA30:[008e7f89-814f-419b-8e84-495a96fd3460:192.168.151.103:43923, c4a805b6-0512-42dc-ba1a-ae9d1a888919:192.168.151.103:33670, d2ea576c-2d73-4d25-8c74-f5f422f1c1ea:192.168.151.103:44771] with ContainerStateMachine:uninitialized
2019-10-01 19:49:19,817 [pool-27-thread-1] INFO  server.RaftServerConfigKeys (ConfUtils.java:logGet(43)) - raft.server.storage.dir = [/workdir/hadoop-ozone/ozonefs/target/test-dir/MiniOzoneClusterImpl-76701839-624f-4b6b-affa-460efe4f7a11/datanode-0/data/ratis] (custom)
2019-10-01 19:49:19,817 [pool-47-thread-1] INFO  server.RaftServerConfigKeys (ConfUtils.java:logGet(43)) - raft.server.rpc.timeout.min = 5s (custom)
2019-10-01 19:49:19,817 [pool-47-thread-1] INFO  server.RaftServerConfigKeys (ConfUtils.java:logGet(43)) - raft.server.rpc.timeout.max = 5200ms (custom)
2019-10-01 19:49:19,817 [pool-47-thread-1] INFO  server.RaftServerConfigKeys (ConfUtils.java:logGet(43)) - raft.server.rpcslowness.timeout = 120s (custom)
2019-10-01 19:49:19,817 [pool-27-thread-1] INFO  storage.RaftStorageDirectory (RaftStorageDirectory.java:analyzeStorage(246)) - The storage directory /workdir/hadoop-ozone/ozonefs/target/test-dir/MiniOzoneClusterImpl-76701839-624f-4b6b-affa-460efe4f7a11/datanode-0/data/ratis/62040400-025c-49bf-bcc7-83dfe497ca30 does not exist. Creating ...
2019-10-01 19:49:19,817 [pool-47-thread-1] INFO  server.RaftServerConfigKeys (ConfUtils.java:logGet(43)) - raft.server.sleep.deviation.threshold = 300 (default)
2019-10-01 19:49:19,817 [pool-47-thread-1] INFO  server.RaftServerConfigKeys (ConfUtils.java:logGet(43)) - raft.server.log.appender.install.snapshot.enabled = false (custom)
2019-10-01 19:49:19,818 [pool-47-thread-1] INFO  impl.RaftServerImpl (ServerState.java:<init>(103)) - d2ea576c-2d73-4d25-8c74-f5f422f1c1ea@group-83DFE497CA30: ConfigurationManager, init=-1: [008e7f89-814f-419b-8e84-495a96fd3460:192.168.151.103:43923, c4a805b6-0512-42dc-ba1a-ae9d1a888919:192.168.151.103:33670, d2ea576c-2d73-4d25-8c74-f5f422f1c1ea:192.168.151.103:44771], old=null, confs=<EMPTY_MAP>
2019-10-01 19:49:19,818 [pool-47-thread-1] INFO  server.RaftServerConfigKeys (ConfUtils.java:logGet(43)) - raft.server.storage.dir = [/workdir/hadoop-ozone/ozonefs/target/test-dir/MiniOzoneClusterImpl-76701839-624f-4b6b-affa-460efe4f7a11/datanode-2/data/ratis] (custom)
2019-10-01 19:49:19,818 [pool-67-thread-1] INFO  impl.RaftServerImpl (RaftServerImpl.java:<init>(95)) - c4a805b6-0512-42dc-ba1a-ae9d1a888919: new RaftServerImpl for group-83DFE497CA30:[008e7f89-814f-419b-8e84-495a96fd3460:192.168.151.103:43923, c4a805b6-0512-42dc-ba1a-ae9d1a888919:192.168.151.103:33670, d2ea576c-2d73-4d25-8c74-f5f422f1c1ea:192.168.151.103:44771] with ContainerStateMachine:uninitialized
2019-10-01 19:49:19,818 [pool-47-thread-1] INFO  storage.RaftStorageDirectory (RaftStorageDirectory.java:analyzeStorage(246)) - The storage directory /workdir/hadoop-ozone/ozonefs/target/test-dir/MiniOzoneClusterImpl-76701839-624f-4b6b-affa-460efe4f7a11/datanode-2/data/ratis/62040400-025c-49bf-bcc7-83dfe497ca30 does not exist. Creating ...
2019-10-01 19:49:19,818 [pool-67-thread-1] INFO  server.RaftServerConfigKeys (ConfUtils.java:logGet(43)) - raft.server.rpc.timeout.min = 5s (custom)
2019-10-01 19:49:19,818 [pool-67-thread-1] INFO  server.RaftServerConfigKeys (ConfUtils.java:logGet(43)) - raft.server.rpc.timeout.max = 5200ms (custom)
2019-10-01 19:49:19,818 [pool-67-thread-1] INFO  server.RaftServerConfigKeys (ConfUtils.java:logGet(43)) - raft.server.rpcslowness.timeout = 120s (custom)
2019-10-01 19:49:19,819 [pool-67-thread-1] INFO  server.RaftServerConfigKeys (ConfUtils.java:logGet(43)) - raft.server.sleep.deviation.threshold = 300 (default)
2019-10-01 19:49:19,819 [pool-67-thread-1] INFO  server.RaftServerConfigKeys (ConfUtils.java:logGet(43)) - raft.server.log.appender.install.snapshot.enabled = false (custom)
2019-10-01 19:49:19,819 [pool-67-thread-1] INFO  impl.RaftServerImpl (ServerState.java:<init>(103)) - c4a805b6-0512-42dc-ba1a-ae9d1a888919@group-83DFE497CA30: ConfigurationManager, init=-1: [008e7f89-814f-419b-8e84-495a96fd3460:192.168.151.103:43923, c4a805b6-0512-42dc-ba1a-ae9d1a888919:192.168.151.103:33670, d2ea576c-2d73-4d25-8c74-f5f422f1c1ea:192.168.151.103:44771], old=null, confs=<EMPTY_MAP>
2019-10-01 19:49:19,819 [pool-67-thread-1] INFO  server.RaftServerConfigKeys (ConfUtils.java:logGet(43)) - raft.server.storage.dir = [/workdir/hadoop-ozone/ozonefs/target/test-dir/MiniOzoneClusterImpl-76701839-624f-4b6b-affa-460efe4f7a11/datanode-4/data/ratis] (custom)
2019-10-01 19:49:19,820 [pool-67-thread-1] INFO  storage.RaftStorageDirectory (RaftStorageDirectory.java:analyzeStorage(246)) - The storage directory /workdir/hadoop-ozone/ozonefs/target/test-dir/MiniOzoneClusterImpl-76701839-624f-4b6b-affa-460efe4f7a11/datanode-4/data/ratis/62040400-025c-49bf-bcc7-83dfe497ca30 does not exist. Creating ...
2019-10-01 19:49:19,832 [pool-47-thread-1] INFO  storage.RaftStorageDirectory (RaftStorageDirectory.java:tryLock(328)) - Lock on /workdir/hadoop-ozone/ozonefs/target/test-dir/MiniOzoneClusterImpl-76701839-624f-4b6b-affa-460efe4f7a11/datanode-2/data/ratis/62040400-025c-49bf-bcc7-83dfe497ca30/in_use.lock acquired by nodename 18872@pr-trunk-878pl-325597374
2019-10-01 19:49:19,832 [pool-67-thread-1] INFO  storage.RaftStorageDirectory (RaftStorageDirectory.java:tryLock(328)) - Lock on /workdir/hadoop-ozone/ozonefs/target/test-dir/MiniOzoneClusterImpl-76701839-624f-4b6b-affa-460efe4f7a11/datanode-4/data/ratis/62040400-025c-49bf-bcc7-83dfe497ca30/in_use.lock acquired by nodename 18872@pr-trunk-878pl-325597374
2019-10-01 19:49:19,832 [pool-27-thread-1] INFO  storage.RaftStorageDirectory (RaftStorageDirectory.java:tryLock(328)) - Lock on /workdir/hadoop-ozone/ozonefs/target/test-dir/MiniOzoneClusterImpl-76701839-624f-4b6b-affa-460efe4f7a11/datanode-0/data/ratis/62040400-025c-49bf-bcc7-83dfe497ca30/in_use.lock acquired by nodename 18872@pr-trunk-878pl-325597374
2019-10-01 19:49:19,846 [pool-47-thread-1] INFO  storage.RaftStorage (RaftStorage.java:format(72)) - Storage directory /workdir/hadoop-ozone/ozonefs/target/test-dir/MiniOzoneClusterImpl-76701839-624f-4b6b-affa-460efe4f7a11/datanode-2/data/ratis/62040400-025c-49bf-bcc7-83dfe497ca30 has been successfully formatted.
2019-10-01 19:49:19,846 [pool-67-thread-1] INFO  storage.RaftStorage (RaftStorage.java:format(72)) - Storage directory /workdir/hadoop-ozone/ozonefs/target/test-dir/MiniOzoneClusterImpl-76701839-624f-4b6b-affa-460efe4f7a11/datanode-4/data/ratis/62040400-025c-49bf-bcc7-83dfe497ca30 has been successfully formatted.
2019-10-01 19:49:19,846 [pool-27-thread-1] INFO  storage.RaftStorage (RaftStorage.java:format(72)) - Storage directory /workdir/hadoop-ozone/ozonefs/target/test-dir/MiniOzoneClusterImpl-76701839-624f-4b6b-affa-460efe4f7a11/datanode-0/data/ratis/62040400-025c-49bf-bcc7-83dfe497ca30 has been successfully formatted.
2019-10-01 19:49:19,847 [pool-47-thread-1] INFO  ratis.ContainerStateMachine (ContainerStateMachine.java:loadSnapshot(231)) - group-83DFE497CA30: The snapshot info is null. Setting the last applied indexto:(t:0, i:~)
2019-10-01 19:49:19,847 [pool-27-thread-1] INFO  ratis.ContainerStateMachine (ContainerStateMachine.java:loadSnapshot(231)) - group-83DFE497CA30: The snapshot info is null. Setting the last applied indexto:(t:0, i:~)
2019-10-01 19:49:19,847 [pool-67-thread-1] INFO  ratis.ContainerStateMachine (ContainerStateMachine.java:loadSnapshot(231)) - group-83DFE497CA30: The snapshot info is null. Setting the last applied indexto:(t:0, i:~)
2019-10-01 19:49:19,847 [pool-27-thread-1] INFO  server.RaftServerConfigKeys (ConfUtils.java:logGet(43)) - raft.server.notification.no-leader.timeout = 120s (custom)
2019-10-01 19:49:19,847 [pool-47-thread-1] INFO  server.RaftServerConfigKeys (ConfUtils.java:logGet(43)) - raft.server.notification.no-leader.timeout = 120s (custom)
2019-10-01 19:49:19,847 [pool-27-thread-1] INFO  server.RaftServerConfigKeys (ConfUtils.java:logGet(43)) - raft.server.log.use.memory = false (default)
2019-10-01 19:49:19,847 [pool-67-thread-1] INFO  server.RaftServerConfigKeys (ConfUtils.java:logGet(43)) - raft.server.notification.no-leader.timeout = 120s (custom)
2019-10-01 19:49:19,847 [pool-27-thread-1] INFO  server.RaftServerConfigKeys (ConfUtils.java:logGet(43)) - raft.server.log.purge.gap = 1000000 (custom)
2019-10-01 19:49:19,847 [pool-47-thread-1] INFO  server.RaftServerConfigKeys (ConfUtils.java:logGet(43)) - raft.server.log.use.memory = false (default)
2019-10-01 19:49:19,848 [pool-27-thread-1] INFO  server.RaftServerConfigKeys (ConfUtils.java:logGet(43)) - raft.server.log.appender.buffer.byte-limit = 33554432 (custom)
2019-10-01 19:49:19,848 [pool-67-thread-1] INFO  server.RaftServerConfigKeys (ConfUtils.java:logGet(43)) - raft.server.log.use.memory = false (default)
2019-10-01 19:49:19,848 [pool-27-thread-1] INFO  server.RaftServerConfigKeys (ConfUtils.java:logGet(43)) - raft.server.log.segment.size.max = 1048576 (custom)
2019-10-01 19:49:19,848 [pool-47-thread-1] INFO  server.RaftServerConfigKeys (ConfUtils.java:logGet(43)) - raft.server.log.purge.gap = 1000000 (custom)
2019-10-01 19:49:19,848 [pool-27-thread-1] INFO  server.RaftServerConfigKeys (ConfUtils.java:logGet(43)) - raft.server.log.segment.cache.num.max = 2 (custom)
2019-10-01 19:49:19,848 [pool-67-thread-1] INFO  server.RaftServerConfigKeys (ConfUtils.java:logGet(43)) - raft.server.log.purge.gap = 1000000 (custom)
2019-10-01 19:49:19,848 [pool-27-thread-1] INFO  segmented.SegmentedRaftLogWorker (SegmentedRaftLogWorker.java:<init>(172)) - new 008e7f89-814f-419b-8e84-495a96fd3460@group-83DFE497CA30-SegmentedRaftLogWorker for RaftStorage:Storage Directory /workdir/hadoop-ozone/ozonefs/target/test-dir/MiniOzoneClusterImpl-76701839-624f-4b6b-affa-460efe4f7a11/datanode-0/data/ratis/62040400-025c-49bf-bcc7-83dfe497ca30
2019-10-01 19:49:19,848 [pool-47-thread-1] INFO  server.RaftServerConfigKeys (ConfUtils.java:logGet(43)) - raft.server.log.appender.buffer.byte-limit = 33554432 (custom)
2019-10-01 19:49:19,849 [pool-27-thread-1] INFO  server.RaftServerConfigKeys (ConfUtils.java:logGet(43)) - raft.server.log.queue.byte-limit = 2147483647 (custom)
2019-10-01 19:49:19,848 [pool-67-thread-1] INFO  server.RaftServerConfigKeys (ConfUtils.java:logGet(43)) - raft.server.log.appender.buffer.byte-limit = 33554432 (custom)
2019-10-01 19:49:19,849 [pool-27-thread-1] INFO  server.RaftServerConfigKeys (ConfUtils.java:logGet(43)) - raft.server.log.queue.element-limit = 1024 (custom)
2019-10-01 19:49:19,849 [pool-47-thread-1] INFO  server.RaftServerConfigKeys (ConfUtils.java:logGet(43)) - raft.server.log.segment.size.max = 1048576 (custom)
2019-10-01 19:49:19,849 [pool-27-thread-1] INFO  server.RaftServerConfigKeys (ConfUtils.java:logGet(43)) - raft.server.log.segment.size.max = 1048576 (custom)
2019-10-01 19:49:19,849 [pool-27-thread-1] INFO  server.RaftServerConfigKeys (ConfUtils.java:logGet(43)) - raft.server.log.preallocated.size = 16384 (custom)
2019-10-01 19:49:19,849 [pool-67-thread-1] INFO  server.RaftServerConfigKeys (ConfUtils.java:logGet(43)) - raft.server.log.segment.size.max = 1048576 (custom)
2019-10-01 19:49:19,849 [pool-27-thread-1] INFO  server.RaftServerConfigKeys (ConfUtils.java:logGet(43)) - raft.server.log.write.buffer.size = 33554432 (custom)
2019-10-01 19:49:19,849 [pool-47-thread-1] INFO  server.RaftServerConfigKeys (ConfUtils.java:logGet(43)) - raft.server.log.segment.cache.num.max = 2 (custom)
2019-10-01 19:49:19,850 [pool-27-thread-1] INFO  server.RaftServerConfigKeys (ConfUtils.java:logGet(43)) - raft.server.log.force.sync.num = 128 (default)
2019-10-01 19:49:19,850 [pool-67-thread-1] INFO  server.RaftServerConfigKeys (ConfUtils.java:logGet(43)) - raft.server.log.segment.cache.num.max = 2 (custom)
2019-10-01 19:49:19,850 [pool-27-thread-1] INFO  server.RaftServerConfigKeys (ConfUtils.java:logGet(43)) - raft.server.log.statemachine.data.sync = true (default)
2019-10-01 19:49:19,850 [pool-47-thread-1] INFO  segmented.SegmentedRaftLogWorker (SegmentedRaftLogWorker.java:<init>(172)) - new d2ea576c-2d73-4d25-8c74-f5f422f1c1ea@group-83DFE497CA30-SegmentedRaftLogWorker for RaftStorage:Storage Directory /workdir/hadoop-ozone/ozonefs/target/test-dir/MiniOzoneClusterImpl-76701839-624f-4b6b-affa-460efe4f7a11/datanode-2/data/ratis/62040400-025c-49bf-bcc7-83dfe497ca30
2019-10-01 19:49:19,850 [pool-27-thread-1] INFO  server.RaftServerConfigKeys (ConfUtils.java:logGet(43)) - raft.server.log.statemachine.data.sync.timeout = 10s (default)
2019-10-01 19:49:19,850 [pool-27-thread-1] INFO  server.RaftServerConfigKeys (ConfUtils.java:logGet(43)) - raft.server.log.statemachine.data.sync.timeout.retry = -1 (default)
2019-10-01 19:49:19,850 [pool-67-thread-1] INFO  segmented.SegmentedRaftLogWorker (SegmentedRaftLogWorker.java:<init>(172)) - new c4a805b6-0512-42dc-ba1a-ae9d1a888919@group-83DFE497CA30-SegmentedRaftLogWorker for RaftStorage:Storage Directory /workdir/hadoop-ozone/ozonefs/target/test-dir/MiniOzoneClusterImpl-76701839-624f-4b6b-affa-460efe4f7a11/datanode-4/data/ratis/62040400-025c-49bf-bcc7-83dfe497ca30
2019-10-01 19:49:19,850 [pool-47-thread-1] INFO  server.RaftServerConfigKeys (ConfUtils.java:logGet(43)) - raft.server.log.queue.byte-limit = 2147483647 (custom)
2019-10-01 19:49:19,851 [pool-67-thread-1] INFO  server.RaftServerConfigKeys (ConfUtils.java:logGet(43)) - raft.server.log.queue.byte-limit = 2147483647 (custom)
2019-10-01 19:49:19,851 [pool-27-thread-1] INFO  server.RaftServerConfigKeys (ConfUtils.java:logGet(43)) - raft.server.log.statemachine.data.caching.enabled = true (custom)
2019-10-01 19:49:19,851 [pool-67-thread-1] INFO  server.RaftServerConfigKeys (ConfUtils.java:logGet(43)) - raft.server.log.queue.element-limit = 1024 (custom)
2019-10-01 19:49:19,851 [pool-47-thread-1] INFO  server.RaftServerConfigKeys (ConfUtils.java:logGet(43)) - raft.server.log.queue.element-limit = 1024 (custom)
2019-10-01 19:49:19,851 [pool-67-thread-1] INFO  server.RaftServerConfigKeys (ConfUtils.java:logGet(43)) - raft.server.log.segment.size.max = 1048576 (custom)
2019-10-01 19:49:19,851 [pool-47-thread-1] INFO  server.RaftServerConfigKeys (ConfUtils.java:logGet(43)) - raft.server.log.segment.size.max = 1048576 (custom)
2019-10-01 19:49:19,851 [pool-67-thread-1] INFO  server.RaftServerConfigKeys (ConfUtils.java:logGet(43)) - raft.server.log.preallocated.size = 16384 (custom)
2019-10-01 19:49:19,851 [pool-27-thread-1] INFO  segmented.SegmentedRaftLogWorker (SegmentedRaftLogWorker.java:lambda$new$0(132)) - 008e7f89-814f-419b-8e84-495a96fd3460@group-83DFE497CA30-SegmentedRaftLogWorker: flushIndex: setUnconditionally 0 -> -1
2019-10-01 19:49:19,851 [pool-47-thread-1] INFO  server.RaftServerConfigKeys (ConfUtils.java:logGet(43)) - raft.server.log.preallocated.size = 16384 (custom)
2019-10-01 19:49:19,851 [pool-67-thread-1] INFO  server.RaftServerConfigKeys (ConfUtils.java:logGet(43)) - raft.server.log.write.buffer.size = 33554432 (custom)
2019-10-01 19:49:19,852 [pool-27-thread-1] INFO  server.RaftServerConfigKeys (ConfUtils.java:logGet(43)) - raft.server.snapshot.auto.trigger.enabled = true (custom)
2019-10-01 19:49:19,852 [pool-47-thread-1] INFO  server.RaftServerConfigKeys (ConfUtils.java:logGet(43)) - raft.server.log.write.buffer.size = 33554432 (custom)
2019-10-01 19:49:19,852 [pool-27-thread-1] INFO  server.RaftServerConfigKeys (ConfUtils.java:logGet(43)) - raft.server.snapshot.auto.trigger.threshold = 10000 (custom)
2019-10-01 19:49:19,852 [pool-67-thread-1] INFO  server.RaftServerConfigKeys (ConfUtils.java:logGet(43)) - raft.server.log.force.sync.num = 128 (default)
2019-10-01 19:49:19,852 [pool-27-thread-1] INFO  server.RaftServerConfigKeys (ConfUtils.java:logGet(43)) - raft.server.snapshot.retention.num.files = 5 (custom)
2019-10-01 19:49:19,852 [pool-47-thread-1] INFO  server.RaftServerConfigKeys (ConfUtils.java:logGet(43)) - raft.server.log.force.sync.num = 128 (default)
2019-10-01 19:49:19,852 [pool-27-thread-1] INFO  server.RaftServerConfigKeys (ConfUtils.java:logGet(43)) - raft.server.retrycache.expirytime = 600000ms (custom)
2019-10-01 19:49:19,852 [pool-67-thread-1] INFO  server.RaftServerConfigKeys (ConfUtils.java:logGet(43)) - raft.server.log.statemachine.data.sync = true (default)
2019-10-01 19:49:19,852 [pool-47-thread-1] INFO  server.RaftServerConfigKeys (ConfUtils.java:logGet(43)) - raft.server.log.statemachine.data.sync = true (default)
2019-10-01 19:49:19,853 [pool-67-thread-1] INFO  server.RaftServerConfigKeys (ConfUtils.java:logGet(43)) - raft.server.log.statemachine.data.sync.timeout = 10s (default)
2019-10-01 19:49:19,853 [pool-47-thread-1] INFO  server.RaftServerConfigKeys (ConfUtils.java:logGet(43)) - raft.server.log.statemachine.data.sync.timeout = 10s (default)
2019-10-01 19:49:19,853 [pool-67-thread-1] INFO  server.RaftServerConfigKeys (ConfUtils.java:logGet(43)) - raft.server.log.statemachine.data.sync.timeout.retry = -1 (default)
2019-10-01 19:49:19,853 [pool-47-thread-1] INFO  server.RaftServerConfigKeys (ConfUtils.java:logGet(43)) - raft.server.log.statemachine.data.sync.timeout.retry = -1 (default)
2019-10-01 19:49:19,853 [pool-67-thread-1] INFO  server.RaftServerConfigKeys (ConfUtils.java:logGet(43)) - raft.server.log.statemachine.data.caching.enabled = true (custom)
2019-10-01 19:49:19,853 [pool-47-thread-1] INFO  server.RaftServerConfigKeys (ConfUtils.java:logGet(43)) - raft.server.log.statemachine.data.caching.enabled = true (custom)
2019-10-01 19:49:19,853 [pool-67-thread-1] INFO  segmented.SegmentedRaftLogWorker (SegmentedRaftLogWorker.java:lambda$new$0(132)) - c4a805b6-0512-42dc-ba1a-ae9d1a888919@group-83DFE497CA30-SegmentedRaftLogWorker: flushIndex: setUnconditionally 0 -> -1
2019-10-01 19:49:19,853 [pool-47-thread-1] INFO  segmented.SegmentedRaftLogWorker (SegmentedRaftLogWorker.java:lambda$new$0(132)) - d2ea576c-2d73-4d25-8c74-f5f422f1c1ea@group-83DFE497CA30-SegmentedRaftLogWorker: flushIndex: setUnconditionally 0 -> -1
2019-10-01 19:49:19,854 [pool-67-thread-1] INFO  server.RaftServerConfigKeys (ConfUtils.java:logGet(43)) - raft.server.snapshot.auto.trigger.enabled = true (custom)
2019-10-01 19:49:19,854 [pool-67-thread-1] INFO  server.RaftServerConfigKeys (ConfUtils.java:logGet(43)) - raft.server.snapshot.auto.trigger.threshold = 10000 (custom)
2019-10-01 19:49:19,854 [pool-47-thread-1] INFO  server.RaftServerConfigKeys (ConfUtils.java:logGet(43)) - raft.server.snapshot.auto.trigger.enabled = true (custom)
2019-10-01 19:49:19,854 [pool-67-thread-1] INFO  server.RaftServerConfigKeys (ConfUtils.java:logGet(43)) - raft.server.snapshot.retention.num.files = 5 (custom)
2019-10-01 19:49:19,854 [pool-47-thread-1] INFO  server.RaftServerConfigKeys (ConfUtils.java:logGet(43)) - raft.server.snapshot.auto.trigger.threshold = 10000 (custom)
2019-10-01 19:49:19,854 [pool-67-thread-1] INFO  server.RaftServerConfigKeys (ConfUtils.java:logGet(43)) - raft.server.retrycache.expirytime = 600000ms (custom)
2019-10-01 19:49:19,854 [pool-47-thread-1] INFO  server.RaftServerConfigKeys (ConfUtils.java:logGet(43)) - raft.server.snapshot.retention.num.files = 5 (custom)
2019-10-01 19:49:19,855 [pool-47-thread-1] INFO  server.RaftServerConfigKeys (ConfUtils.java:logGet(43)) - raft.server.retrycache.expirytime = 600000ms (custom)
2019-10-01 19:49:19,857 [pool-27-thread-1] INFO  impl.RaftServerImpl (RaftServerImpl.java:start(185)) - 008e7f89-814f-419b-8e84-495a96fd3460@group-83DFE497CA30: start as a follower, conf=-1: [008e7f89-814f-419b-8e84-495a96fd3460:192.168.151.103:43923, c4a805b6-0512-42dc-ba1a-ae9d1a888919:192.168.151.103:33670, d2ea576c-2d73-4d25-8c74-f5f422f1c1ea:192.168.151.103:44771], old=null
2019-10-01 19:49:19,857 [pool-27-thread-1] INFO  impl.RaftServerImpl (RaftServerImpl.java:setRole(174)) - 008e7f89-814f-419b-8e84-495a96fd3460@group-83DFE497CA30: changes role from      null to FOLLOWER at term 0 for startAsFollower
2019-10-01 19:49:19,857 [pool-27-thread-1] INFO  impl.RoleInfo (RoleInfo.java:updateAndGet(143)) - 008e7f89-814f-419b-8e84-495a96fd3460: start FollowerState
2019-10-01 19:49:19,858 [pool-27-thread-1] INFO  util.JmxRegister (JmxRegister.java:tryRegister(44)) - Successfully registered JMX Bean with object name Ratis:service=RaftServer,group=group-83DFE497CA30,id=008e7f89-814f-419b-8e84-495a96fd3460
2019-10-01 19:49:19,858 [pool-67-thread-1] INFO  impl.RaftServerImpl (RaftServerImpl.java:start(185)) - c4a805b6-0512-42dc-ba1a-ae9d1a888919@group-83DFE497CA30: start as a follower, conf=-1: [008e7f89-814f-419b-8e84-495a96fd3460:192.168.151.103:43923, c4a805b6-0512-42dc-ba1a-ae9d1a888919:192.168.151.103:33670, d2ea576c-2d73-4d25-8c74-f5f422f1c1ea:192.168.151.103:44771], old=null
2019-10-01 19:49:19,858 [pool-67-thread-1] INFO  impl.RaftServerImpl (RaftServerImpl.java:setRole(174)) - c4a805b6-0512-42dc-ba1a-ae9d1a888919@group-83DFE497CA30: changes role from      null to FOLLOWER at term 0 for startAsFollower
2019-10-01 19:49:19,858 [pool-67-thread-1] INFO  impl.RoleInfo (RoleInfo.java:updateAndGet(143)) - c4a805b6-0512-42dc-ba1a-ae9d1a888919: start FollowerState
2019-10-01 19:49:19,859 [pool-67-thread-1] INFO  util.JmxRegister (JmxRegister.java:tryRegister(44)) - Successfully registered JMX Bean with object name Ratis:service=RaftServer,group=group-83DFE497CA30,id=c4a805b6-0512-42dc-ba1a-ae9d1a888919
2019-10-01 19:49:19,859 [pool-47-thread-1] INFO  impl.RaftServerImpl (RaftServerImpl.java:start(185)) - d2ea576c-2d73-4d25-8c74-f5f422f1c1ea@group-83DFE497CA30: start as a follower, conf=-1: [008e7f89-814f-419b-8e84-495a96fd3460:192.168.151.103:43923, c4a805b6-0512-42dc-ba1a-ae9d1a888919:192.168.151.103:33670, d2ea576c-2d73-4d25-8c74-f5f422f1c1ea:192.168.151.103:44771], old=null
2019-10-01 19:49:19,859 [pool-47-thread-1] INFO  impl.RaftServerImpl (RaftServerImpl.java:setRole(174)) - d2ea576c-2d73-4d25-8c74-f5f422f1c1ea@group-83DFE497CA30: changes role from      null to FOLLOWER at term 0 for startAsFollower
2019-10-01 19:49:19,861 [pool-47-thread-1] INFO  impl.RoleInfo (RoleInfo.java:updateAndGet(143)) - d2ea576c-2d73-4d25-8c74-f5f422f1c1ea: start FollowerState
2019-10-01 19:49:19,863 [pool-47-thread-1] INFO  util.JmxRegister (JmxRegister.java:tryRegister(44)) - Successfully registered JMX Bean with object name Ratis:service=RaftServer,group=group-83DFE497CA30,id=d2ea576c-2d73-4d25-8c74-f5f422f1c1ea
2019-10-01 19:49:19,866 [RatisPipelineUtilsThread] INFO  pipeline.PipelineStateManager (PipelineStateManager.java:addPipeline(56)) - Created pipeline Pipeline[ Id: 62040400-025c-49bf-bcc7-83dfe497ca30, Nodes: 008e7f89-814f-419b-8e84-495a96fd3460{ip: 192.168.151.103, host: pr-trunk-878pl-325597374, networkLocation: /default-rack, certSerialId: null}c4a805b6-0512-42dc-ba1a-ae9d1a888919{ip: 192.168.151.103, host: pr-trunk-878pl-325597374, networkLocation: /default-rack, certSerialId: null}d2ea576c-2d73-4d25-8c74-f5f422f1c1ea{ip: 192.168.151.103, host: pr-trunk-878pl-325597374, networkLocation: /default-rack, certSerialId: null}, Type:RATIS, Factor:THREE, State:OPEN]
2019-10-01 19:49:23,841 [grpc-default-executor-4] WARN  client.GrpcClientProtocolService (LogUtils.java:warn(134)) - 13-OrderedRequestStreamObserver13: onError: org.apache.ratis.thirdparty.io.grpc.StatusRuntimeException: CANCELLED: cancelled before receiving half close
2019-10-01 19:49:24,882 [Thread-500] INFO  impl.FollowerState (FollowerState.java:run(106)) - c4a805b6-0512-42dc-ba1a-ae9d1a888919:group-83DFE497CA30 changes to CANDIDATE, lastRpcTime:5023, electionTimeout:5023ms
2019-10-01 19:49:24,889 [Thread-500] INFO  impl.RoleInfo (RoleInfo.java:shutdownFollowerState(121)) - c4a805b6-0512-42dc-ba1a-ae9d1a888919: shutdown FollowerState
2019-10-01 19:49:24,889 [Thread-500] INFO  impl.RaftServerImpl (RaftServerImpl.java:setRole(174)) - c4a805b6-0512-42dc-ba1a-ae9d1a888919@group-83DFE497CA30: changes role from  FOLLOWER to CANDIDATE at term 0 for changeToCandidate
2019-10-01 19:49:24,889 [Thread-500] INFO  impl.RoleInfo (RoleInfo.java:updateAndGet(143)) - c4a805b6-0512-42dc-ba1a-ae9d1a888919: start LeaderElection
2019-10-01 19:49:24,905 [c4a805b6-0512-42dc-ba1a-ae9d1a888919@group-83DFE497CA30:LeaderElection8] INFO  impl.LeaderElection (LeaderElection.java:askForVotes(182)) - c4a805b6-0512-42dc-ba1a-ae9d1a888919@group-83DFE497CA30:LeaderElection8: begin an election at term 1 for -1: [008e7f89-814f-419b-8e84-495a96fd3460:192.168.151.103:43923, c4a805b6-0512-42dc-ba1a-ae9d1a888919:192.168.151.103:33670, d2ea576c-2d73-4d25-8c74-f5f422f1c1ea:192.168.151.103:44771], old=null
2019-10-01 19:49:24,915 [grpc-default-executor-4] INFO  impl.RaftServerImpl (RaftServerImpl.java:setRole(174)) - d2ea576c-2d73-4d25-8c74-f5f422f1c1ea@group-83DFE497CA30: changes role from  FOLLOWER to FOLLOWER at term 1 for recognizeCandidate:c4a805b6-0512-42dc-ba1a-ae9d1a888919
2019-10-01 19:49:24,916 [grpc-default-executor-4] INFO  impl.RoleInfo (RoleInfo.java:shutdownFollowerState(121)) - d2ea576c-2d73-4d25-8c74-f5f422f1c1ea: shutdown FollowerState
2019-10-01 19:49:24,917 [grpc-default-executor-1] INFO  impl.RaftServerImpl (RaftServerImpl.java:setRole(174)) - 008e7f89-814f-419b-8e84-495a96fd3460@group-83DFE497CA30: changes role from  FOLLOWER to FOLLOWER at term 1 for recognizeCandidate:c4a805b6-0512-42dc-ba1a-ae9d1a888919
2019-10-01 19:49:24,917 [grpc-default-executor-4] INFO  impl.RoleInfo (RoleInfo.java:updateAndGet(143)) - d2ea576c-2d73-4d25-8c74-f5f422f1c1ea: start FollowerState
2019-10-01 19:49:24,917 [Thread-503] INFO  impl.FollowerState (FollowerState.java:run(115)) - d2ea576c-2d73-4d25-8c74-f5f422f1c1ea: FollowerState was interrupted: java.lang.InterruptedException: sleep interrupted
2019-10-01 19:49:24,917 [grpc-default-executor-1] INFO  impl.RoleInfo (RoleInfo.java:shutdownFollowerState(121)) - 008e7f89-814f-419b-8e84-495a96fd3460: shutdown FollowerState
2019-10-01 19:49:24,918 [Thread-499] INFO  impl.FollowerState (FollowerState.java:run(115)) - 008e7f89-814f-419b-8e84-495a96fd3460: FollowerState was interrupted: java.lang.InterruptedException: sleep interrupted
2019-10-01 19:49:24,918 [grpc-default-executor-1] INFO  impl.RoleInfo (RoleInfo.java:updateAndGet(143)) - 008e7f89-814f-419b-8e84-495a96fd3460: start FollowerState
2019-10-01 19:49:24,947 [c4a805b6-0512-42dc-ba1a-ae9d1a888919@group-83DFE497CA30:LeaderElection8] INFO  impl.LeaderElection (LeaderElection.java:logAndReturn(56)) - c4a805b6-0512-42dc-ba1a-ae9d1a888919@group-83DFE497CA30:LeaderElection8: Election PASSED; received 1 response(s) [c4a805b6-0512-42dc-ba1a-ae9d1a888919<-008e7f89-814f-419b-8e84-495a96fd3460#0:OK-t1] and 0 exception(s); c4a805b6-0512-42dc-ba1a-ae9d1a888919@group-83DFE497CA30:t1, leader=null, voted=c4a805b6-0512-42dc-ba1a-ae9d1a888919, raftlog=c4a805b6-0512-42dc-ba1a-ae9d1a888919@group-83DFE497CA30-SegmentedRaftLog:OPENED:c-1,f-1,i0, conf=-1: [008e7f89-814f-419b-8e84-495a96fd3460:192.168.151.103:43923, c4a805b6-0512-42dc-ba1a-ae9d1a888919:192.168.151.103:33670, d2ea576c-2d73-4d25-8c74-f5f422f1c1ea:192.168.151.103:44771], old=null
2019-10-01 19:49:24,947 [c4a805b6-0512-42dc-ba1a-ae9d1a888919@group-83DFE497CA30:LeaderElection8] INFO  impl.RoleInfo (RoleInfo.java:shutdownLeaderElection(134)) - c4a805b6-0512-42dc-ba1a-ae9d1a888919: shutdown LeaderElection
2019-10-01 19:49:24,951 [c4a805b6-0512-42dc-ba1a-ae9d1a888919@group-83DFE497CA30:LeaderElection8] INFO  impl.RaftServerImpl (RaftServerImpl.java:setRole(174)) - c4a805b6-0512-42dc-ba1a-ae9d1a888919@group-83DFE497CA30: changes role from CANDIDATE to LEADER at term 1 for changeToLeader
2019-10-01 19:49:24,952 [c4a805b6-0512-42dc-ba1a-ae9d1a888919@group-83DFE497CA30:LeaderElection8] INFO  impl.RaftServerImpl (ServerState.java:setLeader(253)) - c4a805b6-0512-42dc-ba1a-ae9d1a888919@group-83DFE497CA30: change Leader from null to c4a805b6-0512-42dc-ba1a-ae9d1a888919 at term 1 for becomeLeader, leader elected after 5104ms
2019-10-01 19:49:24,952 [c4a805b6-0512-42dc-ba1a-ae9d1a888919@group-83DFE497CA30:LeaderElection8] INFO  server.RaftServerConfigKeys (ConfUtils.java:logGet(43)) - raft.server.staging.catchup.gap = 1000 (default)
2019-10-01 19:49:24,952 [c4a805b6-0512-42dc-ba1a-ae9d1a888919@group-83DFE497CA30:LeaderElection8] INFO  server.RaftServerConfigKeys (ConfUtils.java:logGet(43)) - raft.server.rpc.sleep.time = 25ms (default)
2019-10-01 19:49:24,952 [c4a805b6-0512-42dc-ba1a-ae9d1a888919@group-83DFE497CA30:LeaderElection8] INFO  server.RaftServerConfigKeys (ConfUtils.java:logGet(43)) - raft.server.write.element-limit = 4096 (default)
2019-10-01 19:49:24,952 [c4a805b6-0512-42dc-ba1a-ae9d1a888919@group-83DFE497CA30:LeaderElection8] INFO  server.RaftServerConfigKeys (ConfUtils.java:logGet(43)) - raft.server.watch.timeout = 10s (default)
2019-10-01 19:49:24,952 [c4a805b6-0512-42dc-ba1a-ae9d1a888919@group-83DFE497CA30:LeaderElection8] INFO  server.RaftServerConfigKeys (ConfUtils.java:logGet(43)) - raft.server.watch.timeout.denomination = 1s (default)
2019-10-01 19:49:24,953 [c4a805b6-0512-42dc-ba1a-ae9d1a888919@group-83DFE497CA30:LeaderElection8] INFO  server.RaftServerConfigKeys (ConfUtils.java:logGet(43)) - raft.server.watch.element-limit = 65536 (default)
2019-10-01 19:49:24,955 [c4a805b6-0512-42dc-ba1a-ae9d1a888919@group-83DFE497CA30:LeaderElection8] INFO  server.RaftServerConfigKeys (ConfUtils.java:logGet(43)) - raft.server.log.appender.snapshot.chunk.size.max = 16MB (=16777216) (default)
2019-10-01 19:49:24,955 [c4a805b6-0512-42dc-ba1a-ae9d1a888919@group-83DFE497CA30:LeaderElection8] INFO  server.RaftServerConfigKeys (ConfUtils.java:logGet(43)) - raft.server.log.appender.buffer.byte-limit = 33554432 (custom)
2019-10-01 19:49:24,955 [c4a805b6-0512-42dc-ba1a-ae9d1a888919@group-83DFE497CA30:LeaderElection8] INFO  server.RaftServerConfigKeys (ConfUtils.java:logGet(43)) - raft.server.log.appender.buffer.element-limit = 1 (custom)
2019-10-01 19:49:24,955 [c4a805b6-0512-42dc-ba1a-ae9d1a888919@group-83DFE497CA30:LeaderElection8] INFO  grpc.GrpcConfigKeys$Server (ConfUtils.java:logGet(43)) - raft.grpc.server.leader.outstanding.appends.max = 128 (default)
2019-10-01 19:49:24,955 [c4a805b6-0512-42dc-ba1a-ae9d1a888919@group-83DFE497CA30:LeaderElection8] INFO  server.RaftServerConfigKeys (ConfUtils.java:logGet(43)) - raft.server.rpc.request.timeout = 3000ms (default)
2019-10-01 19:49:24,955 [c4a805b6-0512-42dc-ba1a-ae9d1a888919@group-83DFE497CA30:LeaderElection8] INFO  server.RaftServerConfigKeys (ConfUtils.java:logGet(43)) - raft.server.log.appender.install.snapshot.enabled = false (custom)
2019-10-01 19:49:24,956 [c4a805b6-0512-42dc-ba1a-ae9d1a888919@group-83DFE497CA30:LeaderElection8] INFO  server.RaftServerConfigKeys (ConfUtils.java:logGet(43)) - raft.server.log.appender.snapshot.chunk.size.max = 16MB (=16777216) (default)
2019-10-01 19:49:24,956 [c4a805b6-0512-42dc-ba1a-ae9d1a888919@group-83DFE497CA30:LeaderElection8] INFO  server.RaftServerConfigKeys (ConfUtils.java:logGet(43)) - raft.server.log.appender.buffer.byte-limit = 33554432 (custom)
2019-10-01 19:49:24,956 [c4a805b6-0512-42dc-ba1a-ae9d1a888919@group-83DFE497CA30:LeaderElection8] INFO  server.RaftServerConfigKeys (ConfUtils.java:logGet(43)) - raft.server.log.appender.buffer.element-limit = 1 (custom)
2019-10-01 19:49:24,956 [c4a805b6-0512-42dc-ba1a-ae9d1a888919@group-83DFE497CA30:LeaderElection8] INFO  grpc.GrpcConfigKeys$Server (ConfUtils.java:logGet(43)) - raft.grpc.server.leader.outstanding.appends.max = 128 (default)
2019-10-01 19:49:24,956 [c4a805b6-0512-42dc-ba1a-ae9d1a888919@group-83DFE497CA30:LeaderElection8] INFO  server.RaftServerConfigKeys (ConfUtils.java:logGet(43)) - raft.server.rpc.request.timeout = 3000ms (default)
2019-10-01 19:49:24,956 [c4a805b6-0512-42dc-ba1a-ae9d1a888919@group-83DFE497CA30:LeaderElection8] INFO  server.RaftServerConfigKeys (ConfUtils.java:logGet(43)) - raft.server.log.appender.install.snapshot.enabled = false (custom)
2019-10-01 19:49:24,956 [c4a805b6-0512-42dc-ba1a-ae9d1a888919@group-83DFE497CA30:LeaderElection8] INFO  impl.RoleInfo (RoleInfo.java:updateAndGet(143)) - c4a805b6-0512-42dc-ba1a-ae9d1a888919: start LeaderState
2019-10-01 19:49:24,957 [c4a805b6-0512-42dc-ba1a-ae9d1a888919@group-83DFE497CA30:LeaderElection8] INFO  segmented.SegmentedRaftLogWorker (SegmentedRaftLogWorker.java:startLogSegment(380)) - c4a805b6-0512-42dc-ba1a-ae9d1a888919@group-83DFE497CA30-SegmentedRaftLogWorker: Starting segment from index:0
2019-10-01 19:49:24,957 [c4a805b6-0512-42dc-ba1a-ae9d1a888919@group-83DFE497CA30:LeaderElection8] INFO  impl.RaftServerImpl (ServerState.java:setRaftConf(354)) - c4a805b6-0512-42dc-ba1a-ae9d1a888919@group-83DFE497CA30: set configuration 0: [008e7f89-814f-419b-8e84-495a96fd3460:192.168.151.103:43923, c4a805b6-0512-42dc-ba1a-ae9d1a888919:192.168.151.103:33670, d2ea576c-2d73-4d25-8c74-f5f422f1c1ea:192.168.151.103:44771], old=null at 0
2019-10-01 19:49:24,985 [grpc-default-executor-4] INFO  impl.RaftServerImpl (ServerState.java:setLeader(253)) - 008e7f89-814f-419b-8e84-495a96fd3460@group-83DFE497CA30: change Leader from null to c4a805b6-0512-42dc-ba1a-ae9d1a888919 at term 1 for appendEntries, leader elected after 5137ms
2019-10-01 19:49:24,985 [grpc-default-executor-1] INFO  impl.RaftServerImpl (ServerState.java:setLeader(253)) - d2ea576c-2d73-4d25-8c74-f5f422f1c1ea@group-83DFE497CA30: change Leader from null to c4a805b6-0512-42dc-ba1a-ae9d1a888919 at term 1 for appendEntries, leader elected after 5137ms
2019-10-01 19:49:24,987 [c4a805b6-0512-42dc-ba1a-ae9d1a888919@group-83DFE497CA30-SegmentedRaftLogWorker] INFO  segmented.SegmentedRaftLogWorker (SegmentedRaftLogWorker.java:execute(569)) - c4a805b6-0512-42dc-ba1a-ae9d1a888919@group-83DFE497CA30-SegmentedRaftLogWorker: created new log segment /workdir/hadoop-ozone/ozonefs/target/test-dir/MiniOzoneClusterImpl-76701839-624f-4b6b-affa-460efe4f7a11/datanode-4/data/ratis/62040400-025c-49bf-bcc7-83dfe497ca30/current/log_inprogress_0
2019-10-01 19:49:24,988 [grpc-default-executor-4] INFO  impl.RaftServerImpl (ServerState.java:setRaftConf(354)) - d2ea576c-2d73-4d25-8c74-f5f422f1c1ea@group-83DFE497CA30: set configuration 0: [008e7f89-814f-419b-8e84-495a96fd3460:192.168.151.103:43923, c4a805b6-0512-42dc-ba1a-ae9d1a888919:192.168.151.103:33670, d2ea576c-2d73-4d25-8c74-f5f422f1c1ea:192.168.151.103:44771], old=null at 0
2019-10-01 19:49:24,988 [grpc-default-executor-1] INFO  impl.RaftServerImpl (ServerState.java:setRaftConf(354)) - 008e7f89-814f-419b-8e84-495a96fd3460@group-83DFE497CA30: set configuration 0: [008e7f89-814f-419b-8e84-495a96fd3460:192.168.151.103:43923, c4a805b6-0512-42dc-ba1a-ae9d1a888919:192.168.151.103:33670, d2ea576c-2d73-4d25-8c74-f5f422f1c1ea:192.168.151.103:44771], old=null at 0
2019-10-01 19:49:24,988 [grpc-default-executor-4] INFO  segmented.SegmentedRaftLogWorker (SegmentedRaftLogWorker.java:startLogSegment(380)) - d2ea576c-2d73-4d25-8c74-f5f422f1c1ea@group-83DFE497CA30-SegmentedRaftLogWorker: Starting segment from index:0
2019-10-01 19:49:24,988 [grpc-default-executor-1] INFO  segmented.SegmentedRaftLogWorker (SegmentedRaftLogWorker.java:startLogSegment(380)) - 008e7f89-814f-419b-8e84-495a96fd3460@group-83DFE497CA30-SegmentedRaftLogWorker: Starting segment from index:0
2019-10-01 19:49:25,017 [008e7f89-814f-419b-8e84-495a96fd3460@group-83DFE497CA30-SegmentedRaftLogWorker] INFO  segmented.SegmentedRaftLogWorker (SegmentedRaftLogWorker.java:execute(569)) - 008e7f89-814f-419b-8e84-495a96fd3460@group-83DFE497CA30-SegmentedRaftLogWorker: created new log segment /workdir/hadoop-ozone/ozonefs/target/test-dir/MiniOzoneClusterImpl-76701839-624f-4b6b-affa-460efe4f7a11/datanode-0/data/ratis/62040400-025c-49bf-bcc7-83dfe497ca30/current/log_inprogress_0
2019-10-01 19:49:25,030 [d2ea576c-2d73-4d25-8c74-f5f422f1c1ea@group-83DFE497CA30-SegmentedRaftLogWorker] INFO  segmented.SegmentedRaftLogWorker (SegmentedRaftLogWorker.java:execute(569)) - d2ea576c-2d73-4d25-8c74-f5f422f1c1ea@group-83DFE497CA30-SegmentedRaftLogWorker: created new log segment /workdir/hadoop-ozone/ozonefs/target/test-dir/MiniOzoneClusterImpl-76701839-624f-4b6b-affa-460efe4f7a11/datanode-2/data/ratis/62040400-025c-49bf-bcc7-83dfe497ca30/current/log_inprogress_0
2019-10-01 19:49:44,584 [grpc-default-executor-1] INFO  impl.RaftServerProxy (RaftServerProxy.java:remove(95)) - 008e7f89-814f-419b-8e84-495a96fd3460: remove    LEADER 008e7f89-814f-419b-8e84-495a96fd3460@group-1609557BAE4F:t1, leader=008e7f89-814f-419b-8e84-495a96fd3460, voted=008e7f89-814f-419b-8e84-495a96fd3460, raftlog=008e7f89-814f-419b-8e84-495a96fd3460@group-1609557BAE4F-SegmentedRaftLog:OPENED:c0,f0,i2, conf=0: [008e7f89-814f-419b-8e84-495a96fd3460:192.168.151.103:43923, c4a805b6-0512-42dc-ba1a-ae9d1a888919:192.168.151.103:33670, d2ea576c-2d73-4d25-8c74-f5f422f1c1ea:192.168.151.103:44771], old=null RUNNING
2019-10-01 19:49:44,585 [grpc-default-executor-1] INFO  impl.RaftServerImpl (RaftServerImpl.java:lambda$shutdown$3(251)) - 008e7f89-814f-419b-8e84-495a96fd3460@group-1609557BAE4F: shutdown
2019-10-01 19:49:44,585 [grpc-default-executor-1] INFO  util.JmxRegister (JmxRegister.java:unregister(73)) - Successfully un-registered JMX Bean with object name Ratis:service=RaftServer,group=group-1609557BAE4F,id=008e7f89-814f-419b-8e84-495a96fd3460
2019-10-01 19:49:44,585 [grpc-default-executor-1] INFO  impl.RoleInfo (RoleInfo.java:shutdownLeaderState(104)) - 008e7f89-814f-419b-8e84-495a96fd3460: shutdown LeaderState
2019-10-01 19:49:44,588 [grpc-default-executor-1] INFO  impl.PendingRequests (PendingRequests.java:sendNotLeaderResponses(202)) - 008e7f89-814f-419b-8e84-495a96fd3460-PendingRequests: sendNotLeaderResponses
2019-10-01 19:49:44,588 [org.apache.ratis.server.impl.LogAppender$AppenderDaemon$$Lambda$490/993546980@71b38a77] WARN  server.GrpcLogAppender (GrpcLogAppender.java:mayWait(143)) - 008e7f89-814f-419b-8e84-495a96fd3460@group-1609557BAE4F->c4a805b6-0512-42dc-ba1a-ae9d1a888919-GrpcLogAppender: Wait interrupted by java.lang.InterruptedException
2019-10-01 19:49:44,588 [org.apache.ratis.server.impl.LogAppender$AppenderDaemon$$Lambda$490/993546980@4404375] WARN  server.GrpcLogAppender (GrpcLogAppender.java:mayWait(143)) - 008e7f89-814f-419b-8e84-495a96fd3460@group-1609557BAE4F->d2ea576c-2d73-4d25-8c74-f5f422f1c1ea-GrpcLogAppender: Wait interrupted by java.lang.InterruptedException
2019-10-01 19:49:44,593 [grpc-default-executor-4] INFO  server.GrpcServerProtocolService (GrpcServerProtocolService.java:onCompleted(113)) - d2ea576c-2d73-4d25-8c74-f5f422f1c1ea: Completed APPEND_ENTRIES, lastRequest: 008e7f89-814f-419b-8e84-495a96fd3460->d2ea576c-2d73-4d25-8c74-f5f422f1c1ea#29-t1, previous=(t:1, i:2), leaderCommit=0, initializing? false, entries: <empty>
2019-10-01 19:49:44,593 [grpc-default-executor-1] INFO  impl.StateMachineUpdater (StateMachineUpdater.java:stopAndJoin(125)) - 008e7f89-814f-419b-8e84-495a96fd3460@group-1609557BAE4F-StateMachineUpdater: set stopIndex = 0
2019-10-01 19:49:44,593 [grpc-default-executor-2] INFO  server.GrpcServerProtocolService (GrpcServerProtocolService.java:onCompleted(113)) - c4a805b6-0512-42dc-ba1a-ae9d1a888919: Completed APPEND_ENTRIES, lastRequest: 008e7f89-814f-419b-8e84-495a96fd3460->c4a805b6-0512-42dc-ba1a-ae9d1a888919#29-t1, previous=(t:1, i:2), leaderCommit=0, initializing? false, entries: <empty>
2019-10-01 19:49:44,594 [grpc-default-executor-4] INFO  server.GrpcLogAppender (GrpcLogAppender.java:onCompleted(293)) - 008e7f89-814f-419b-8e84-495a96fd3460@group-1609557BAE4F->d2ea576c-2d73-4d25-8c74-f5f422f1c1ea-AppendLogResponseHandler: follower responses appendEntries COMPLETED
2019-10-01 19:49:44,601 [grpc-default-executor-3] INFO  server.GrpcLogAppender (GrpcLogAppender.java:onCompleted(293)) - 008e7f89-814f-419b-8e84-495a96fd3460@group-1609557BAE4F->c4a805b6-0512-42dc-ba1a-ae9d1a888919-AppendLogResponseHandler: follower responses appendEntries COMPLETED
2019-10-01 19:49:44,601 [grpc-default-executor-1] INFO  impl.RaftServerImpl (ServerState.java:close(385)) - 008e7f89-814f-419b-8e84-495a96fd3460@group-1609557BAE4F: closes. applyIndex: 0
2019-10-01 19:49:44,603 [grpc-default-executor-4] INFO  impl.FollowerInfo (FollowerInfo.java:lambda$new$0(51)) - 008e7f89-814f-419b-8e84-495a96fd3460@group-1609557BAE4F->d2ea576c-2d73-4d25-8c74-f5f422f1c1ea: nextIndex: updateUnconditionally 3 -> 2
2019-10-01 19:49:44,603 [grpc-default-executor-3] INFO  impl.FollowerInfo (FollowerInfo.java:lambda$new$0(51)) - 008e7f89-814f-419b-8e84-495a96fd3460@group-1609557BAE4F->c4a805b6-0512-42dc-ba1a-ae9d1a888919: nextIndex: updateUnconditionally 3 -> 2
2019-10-01 19:49:44,604 [008e7f89-814f-419b-8e84-495a96fd3460@group-1609557BAE4F-SegmentedRaftLogWorker] INFO  segmented.SegmentedRaftLogWorker (SegmentedRaftLogWorker.java:run(313)) - 008e7f89-814f-419b-8e84-495a96fd3460@group-1609557BAE4F-SegmentedRaftLogWorker was interrupted, exiting. There are 0 tasks remaining in the queue.
2019-10-01 19:49:44,605 [grpc-default-executor-1] INFO  segmented.SegmentedRaftLogWorker (SegmentedRaftLogWorker.java:close(228)) - 008e7f89-814f-419b-8e84-495a96fd3460@group-1609557BAE4F-SegmentedRaftLogWorker close()
2019-10-01 19:49:44,622 [grpc-default-executor-1] INFO  impl.RaftServerProxy (RaftServerProxy.java:remove(95)) - c4a805b6-0512-42dc-ba1a-ae9d1a888919: remove  FOLLOWER c4a805b6-0512-42dc-ba1a-ae9d1a888919@group-1609557BAE4F:t1, leader=008e7f89-814f-419b-8e84-495a96fd3460, voted=008e7f89-814f-419b-8e84-495a96fd3460, raftlog=c4a805b6-0512-42dc-ba1a-ae9d1a888919@group-1609557BAE4F-SegmentedRaftLog:OPENED:c0,f2,i2, conf=0: [008e7f89-814f-419b-8e84-495a96fd3460:192.168.151.103:43923, c4a805b6-0512-42dc-ba1a-ae9d1a888919:192.168.151.103:33670, d2ea576c-2d73-4d25-8c74-f5f422f1c1ea:192.168.151.103:44771], old=null RUNNING
2019-10-01 19:49:44,622 [grpc-default-executor-1] INFO  impl.RaftServerImpl (RaftServerImpl.java:lambda$shutdown$3(251)) - c4a805b6-0512-42dc-ba1a-ae9d1a888919@group-1609557BAE4F: shutdown
2019-10-01 19:49:44,622 [grpc-default-executor-1] INFO  util.JmxRegister (JmxRegister.java:unregister(73)) - Successfully un-registered JMX Bean with object name Ratis:service=RaftServer,group=group-1609557BAE4F,id=c4a805b6-0512-42dc-ba1a-ae9d1a888919
2019-10-01 19:49:44,623 [grpc-default-executor-1] INFO  impl.RoleInfo (RoleInfo.java:shutdownFollowerState(121)) - c4a805b6-0512-42dc-ba1a-ae9d1a888919: shutdown FollowerState
2019-10-01 19:49:44,623 [grpc-default-executor-1] INFO  impl.StateMachineUpdater (StateMachineUpdater.java:stopAndJoin(125)) - c4a805b6-0512-42dc-ba1a-ae9d1a888919@group-1609557BAE4F-StateMachineUpdater: set stopIndex = 0
2019-10-01 19:49:44,623 [Thread-420] INFO  impl.FollowerState (FollowerState.java:run(115)) - c4a805b6-0512-42dc-ba1a-ae9d1a888919: FollowerState was interrupted: java.lang.InterruptedException: sleep interrupted
2019-10-01 19:49:44,626 [grpc-default-executor-1] INFO  impl.RaftServerImpl (ServerState.java:close(385)) - c4a805b6-0512-42dc-ba1a-ae9d1a888919@group-1609557BAE4F: closes. applyIndex: 0
2019-10-01 19:49:44,627 [c4a805b6-0512-42dc-ba1a-ae9d1a888919@group-1609557BAE4F-SegmentedRaftLogWorker] INFO  segmented.SegmentedRaftLogWorker (SegmentedRaftLogWorker.java:run(313)) - c4a805b6-0512-42dc-ba1a-ae9d1a888919@group-1609557BAE4F-SegmentedRaftLogWorker was interrupted, exiting. There are 0 tasks remaining in the queue.
2019-10-01 19:49:44,628 [grpc-default-executor-1] INFO  segmented.SegmentedRaftLogWorker (SegmentedRaftLogWorker.java:close(228)) - c4a805b6-0512-42dc-ba1a-ae9d1a888919@group-1609557BAE4F-SegmentedRaftLogWorker close()
2019-10-01 19:49:44,676 [grpc-default-executor-1] INFO  interfaces.Container (KeyValueContainer.java:flushAndSyncDB(386)) - Container 2 is synced with bcsId 0.
2019-10-01 19:49:44,676 [grpc-default-executor-1] INFO  interfaces.Container (KeyValueContainer.java:flushAndSyncDB(386)) - Container 2 is synced with bcsId 0.
2019-10-01 19:49:44,693 [EventQueue-IncrementalContainerReportForIncrementalContainerReportHandler] INFO  container.IncrementalContainerReportHandler (AbstractContainerReportHandler.java:updateContainerState(169)) - Moving container #2 to QUASI_CLOSED state, datanode c4a805b6-0512-42dc-ba1a-ae9d1a888919{ip: 192.168.151.103, host: pr-trunk-878pl-325597374, networkLocation: /default-rack, certSerialId: null} reported QUASI_CLOSED replica.
2019-10-01 19:49:44,701 [grpc-default-executor-1] INFO  impl.RaftServerProxy (RaftServerProxy.java:remove(95)) - d2ea576c-2d73-4d25-8c74-f5f422f1c1ea: remove  FOLLOWER d2ea576c-2d73-4d25-8c74-f5f422f1c1ea@group-1609557BAE4F:t1, leader=008e7f89-814f-419b-8e84-495a96fd3460, voted=008e7f89-814f-419b-8e84-495a96fd3460, raftlog=d2ea576c-2d73-4d25-8c74-f5f422f1c1ea@group-1609557BAE4F-SegmentedRaftLog:OPENED:c0,f2,i2, conf=0: [008e7f89-814f-419b-8e84-495a96fd3460:192.168.151.103:43923, c4a805b6-0512-42dc-ba1a-ae9d1a888919:192.168.151.103:33670, d2ea576c-2d73-4d25-8c74-f5f422f1c1ea:192.168.151.103:44771], old=null RUNNING
2019-10-01 19:49:44,701 [grpc-default-executor-1] INFO  impl.RaftServerImpl (RaftServerImpl.java:lambda$shutdown$3(251)) - d2ea576c-2d73-4d25-8c74-f5f422f1c1ea@group-1609557BAE4F: shutdown
2019-10-01 19:49:44,701 [grpc-default-executor-1] INFO  util.JmxRegister (JmxRegister.java:unregister(73)) - Successfully un-registered JMX Bean with object name Ratis:service=RaftServer,group=group-1609557BAE4F,id=d2ea576c-2d73-4d25-8c74-f5f422f1c1ea
2019-10-01 19:49:44,701 [grpc-default-executor-1] INFO  impl.RoleInfo (RoleInfo.java:shutdownFollowerState(121)) - d2ea576c-2d73-4d25-8c74-f5f422f1c1ea: shutdown FollowerState
2019-10-01 19:49:44,701 [grpc-default-executor-1] INFO  impl.StateMachineUpdater (StateMachineUpdater.java:stopAndJoin(125)) - d2ea576c-2d73-4d25-8c74-f5f422f1c1ea@group-1609557BAE4F-StateMachineUpdater: set stopIndex = 0
2019-10-01 19:49:44,701 [Thread-419] INFO  impl.FollowerState (FollowerState.java:run(115)) - d2ea576c-2d73-4d25-8c74-f5f422f1c1ea: FollowerState was interrupted: java.lang.InterruptedException: sleep interrupted
2019-10-01 19:49:44,704 [grpc-default-executor-1] INFO  impl.RaftServerImpl (ServerState.java:close(385)) - d2ea576c-2d73-4d25-8c74-f5f422f1c1ea@group-1609557BAE4F: closes. applyIndex: 0
2019-10-01 19:49:44,704 [d2ea576c-2d73-4d25-8c74-f5f422f1c1ea@group-1609557BAE4F-SegmentedRaftLogWorker] INFO  segmented.SegmentedRaftLogWorker (SegmentedRaftLogWorker.java:run(313)) - d2ea576c-2d73-4d25-8c74-f5f422f1c1ea@group-1609557BAE4F-SegmentedRaftLogWorker was interrupted, exiting. There are 0 tasks remaining in the queue.
2019-10-01 19:49:44,705 [grpc-default-executor-1] INFO  segmented.SegmentedRaftLogWorker (SegmentedRaftLogWorker.java:close(228)) - d2ea576c-2d73-4d25-8c74-f5f422f1c1ea@group-1609557BAE4F-SegmentedRaftLogWorker close()
2019-10-01 19:49:44,775 [grpc-default-executor-1] INFO  interfaces.Container (KeyValueContainer.java:flushAndSyncDB(386)) - Container 2 is synced with bcsId 0.
2019-10-01 19:49:44,776 [grpc-default-executor-1] INFO  interfaces.Container (KeyValueContainer.java:flushAndSyncDB(386)) - Container 2 is synced with bcsId 0.
2019-10-01 19:49:44,793 [RatisPipelineUtilsThread] INFO  pipeline.PipelineStateManager (PipelineStateManager.java:removePipeline(108)) - Pipeline Pipeline[ Id: f242889b-3865-4645-a9f8-1609557bae4f, Nodes: 008e7f89-814f-419b-8e84-495a96fd3460{ip: 192.168.151.103, host: pr-trunk-878pl-325597374, networkLocation: /default-rack, certSerialId: null}c4a805b6-0512-42dc-ba1a-ae9d1a888919{ip: 192.168.151.103, host: pr-trunk-878pl-325597374, networkLocation: /default-rack, certSerialId: null}d2ea576c-2d73-4d25-8c74-f5f422f1c1ea{ip: 192.168.151.103, host: pr-trunk-878pl-325597374, networkLocation: /default-rack, certSerialId: null}, Type:RATIS, Factor:THREE, State:CLOSED] removed from db
2019-10-01 19:49:44,799 [grpc-default-executor-1] INFO  impl.RaftServerProxy (RaftServerProxy.java:remove(95)) - 008e7f89-814f-419b-8e84-495a96fd3460: remove group-1609557BAE4F:null
2019-10-01 19:49:44,803 [RatisPipelineUtilsThread] WARN  pipeline.RatisPipelineUtils (RatisPipelineUtils.java:destroyPipeline(67)) - Pipeline destroy failed for pipeline=PipelineID=f242889b-3865-4645-a9f8-1609557bae4f dn=008e7f89-814f-419b-8e84-495a96fd3460{ip: 192.168.151.103, host: pr-trunk-878pl-325597374, networkLocation: /default-rack, certSerialId: null}
2019-10-01 19:49:44,808 [grpc-default-executor-1] INFO  impl.RaftServerProxy (RaftServerProxy.java:remove(95)) - c4a805b6-0512-42dc-ba1a-ae9d1a888919: remove group-1609557BAE4F:null
2019-10-01 19:49:44,813 [RatisPipelineUtilsThread] WARN  pipeline.RatisPipelineUtils (RatisPipelineUtils.java:destroyPipeline(67)) - Pipeline destroy failed for pipeline=PipelineID=f242889b-3865-4645-a9f8-1609557bae4f dn=c4a805b6-0512-42dc-ba1a-ae9d1a888919{ip: 192.168.151.103, host: pr-trunk-878pl-325597374, networkLocation: /default-rack, certSerialId: null}
2019-10-01 19:49:44,817 [grpc-default-executor-1] INFO  impl.RaftServerProxy (RaftServerProxy.java:remove(95)) - d2ea576c-2d73-4d25-8c74-f5f422f1c1ea: remove group-1609557BAE4F:null
2019-10-01 19:49:44,822 [RatisPipelineUtilsThread] WARN  pipeline.RatisPipelineUtils (RatisPipelineUtils.java:destroyPipeline(67)) - Pipeline destroy failed for pipeline=PipelineID=f242889b-3865-4645-a9f8-1609557bae4f dn=d2ea576c-2d73-4d25-8c74-f5f422f1c1ea{ip: 192.168.151.103, host: pr-trunk-878pl-325597374, networkLocation: /default-rack, certSerialId: null}
2019-10-01 19:49:44,822 [RatisPipelineUtilsThread] ERROR pipeline.SCMPipelineManager (Scheduler.java:lambda$schedule$1(70)) - Destroy pipeline failed for pipeline:Pipeline[ Id: f242889b-3865-4645-a9f8-1609557bae4f, Nodes: 008e7f89-814f-419b-8e84-495a96fd3460{ip: 192.168.151.103, host: pr-trunk-878pl-325597374, networkLocation: /default-rack, certSerialId: null}c4a805b6-0512-42dc-ba1a-ae9d1a888919{ip: 192.168.151.103, host: pr-trunk-878pl-325597374, networkLocation: /default-rack, certSerialId: null}d2ea576c-2d73-4d25-8c74-f5f422f1c1ea{ip: 192.168.151.103, host: pr-trunk-878pl-325597374, networkLocation: /default-rack, certSerialId: null}, Type:RATIS, Factor:THREE, State:CLOSED]
org.apache.hadoop.hdds.scm.pipeline.PipelineNotFoundException: PipelineID=f242889b-3865-4645-a9f8-1609557bae4f not found
	at org.apache.hadoop.hdds.scm.pipeline.PipelineStateMap.getPipeline(PipelineStateMap.java:132)
	at org.apache.hadoop.hdds.scm.pipeline.PipelineStateMap.removePipeline(PipelineStateMap.java:322)
	at org.apache.hadoop.hdds.scm.pipeline.PipelineStateManager.removePipeline(PipelineStateManager.java:107)
	at org.apache.hadoop.hdds.scm.pipeline.SCMPipelineManager.removePipeline(SCMPipelineManager.java:427)
	at org.apache.hadoop.hdds.scm.pipeline.SCMPipelineManager.destroyPipeline(SCMPipelineManager.java:413)
	at org.apache.hadoop.hdds.scm.pipeline.SCMPipelineManager.lambda$finalizeAndDestroyPipeline$0(SCMPipelineManager.java:322)
	at org.apache.hadoop.hdds.utils.Scheduler.lambda$schedule$1(Scheduler.java:68)
	at java.util.concurrent.Executors$RunnableAdapter.call(Executors.java:511)
	at java.util.concurrent.FutureTask.run(FutureTask.java:266)
	at java.util.concurrent.ScheduledThreadPoolExecutor$ScheduledFutureTask.access$201(ScheduledThreadPoolExecutor.java:180)
	at java.util.concurrent.ScheduledThreadPoolExecutor$ScheduledFutureTask.run(ScheduledThreadPoolExecutor.java:293)
	at java.util.concurrent.ThreadPoolExecutor.runWorker(ThreadPoolExecutor.java:1149)
	at java.util.concurrent.ThreadPoolExecutor$Worker.run(ThreadPoolExecutor.java:624)
	at java.lang.Thread.run(Thread.java:748)
2019-10-01 19:49:45,618 [Thread-241] WARN  io.KeyOutputStream (KeyOutputStream.java:handleException(274)) - Encountered exception java.io.IOException: Unexpected Storage Container Exception: java.util.concurrent.CompletionException: java.util.concurrent.CompletionException: org.apache.ratis.protocol.GroupMismatchException: 008e7f89-814f-419b-8e84-495a96fd3460: group-1609557BAE4F not found. on the pipeline Pipeline[ Id: f242889b-3865-4645-a9f8-1609557bae4f, Nodes: 008e7f89-814f-419b-8e84-495a96fd3460{ip: 192.168.151.103, host: pr-trunk-878pl-325597374, networkLocation: /default-rack, certSerialId: null}c4a805b6-0512-42dc-ba1a-ae9d1a888919{ip: 192.168.151.103, host: pr-trunk-878pl-325597374, networkLocation: /default-rack, certSerialId: null}d2ea576c-2d73-4d25-8c74-f5f422f1c1ea{ip: 192.168.151.103, host: pr-trunk-878pl-325597374, networkLocation: /default-rack, certSerialId: null}, Type:RATIS, Factor:THREE, State:OPEN]. The last committed block length is 0, uncommitted data length is 1024 retry count 0
2019-10-01 19:49:45,794 [pool-66-thread-5] ERROR impl.ChunkManagerImpl (ChunkUtils.java:writeData(89)) - data array does not match the length specified. DataLen: 1024 Byte Array: 1181
2019-10-01 19:49:45,797 [pool-66-thread-5] INFO  keyvalue.KeyValueHandler (ContainerUtils.java:logAndReturnError(146)) - Operation: WriteChunk : Trace ID: 543fa52feb3b25de:543fa52feb3b25de:0:0 : Message: data array does not match the length specified. DataLen: 1024 Byte Array: 1181 : Result: INVALID_WRITE_SIZE
2019-10-01 19:49:45,814 [EventQueue-IncrementalContainerReportForIncrementalContainerReportHandler] WARN  container.IncrementalContainerReportHandler (AbstractContainerReportHandler.java:updateContainerState(143)) - Container #3 is in OPEN state, but the datanode c4a805b6-0512-42dc-ba1a-ae9d1a888919{ip: 192.168.151.103, host: pr-trunk-878pl-325597374, networkLocation: /default-rack, certSerialId: null} reports an UNHEALTHY replica.
2019-10-01 19:49:45,816 [EventQueue-CloseContainerForCloseContainerEventHandler] INFO  container.CloseContainerEventHandler (CloseContainerEventHandler.java:onMessage(61)) - Close container Event triggered for container : #3
19:49:45.813 [pool-66-thread-5] ERROR DNAudit - user=null | ip=null | op=WRITE_CHUNK {blockData=conID: 3 locID: 102888858297106435 bcsId: 0} | ret=FAILURE
java.lang.Exception: data array does not match the length specified. DataLen: 1024 Byte Array: 1181
	at org.apache.hadoop.ozone.container.common.impl.HddsDispatcher.dispatchRequest(HddsDispatcher.java:330) ~[hadoop-hdds-container-service-0.5.0-SNAPSHOT.jar:?]
	at org.apache.hadoop.ozone.container.common.impl.HddsDispatcher.dispatch(HddsDispatcher.java:150) ~[hadoop-hdds-container-service-0.5.0-SNAPSHOT.jar:?]
	at org.apache.hadoop.ozone.container.common.transport.server.ratis.ContainerStateMachine.dispatchCommand(ContainerStateMachine.java:407) ~[hadoop-hdds-container-service-0.5.0-SNAPSHOT.jar:?]
	at org.apache.hadoop.ozone.container.common.transport.server.ratis.ContainerStateMachine.runCommand(ContainerStateMachine.java:415) ~[hadoop-hdds-container-service-0.5.0-SNAPSHOT.jar:?]
	at org.apache.hadoop.ozone.container.common.transport.server.ratis.ContainerStateMachine.lambda$handleWriteChunk$1(ContainerStateMachine.java:450) ~[hadoop-hdds-container-service-0.5.0-SNAPSHOT.jar:?]
	at java.util.concurrent.CompletableFuture$AsyncSupply.run(CompletableFuture.java:1590) [?:1.8.0_212]
	at java.util.concurrent.ThreadPoolExecutor.runWorker(ThreadPoolExecutor.java:1149) [?:1.8.0_212]
	at java.util.concurrent.ThreadPoolExecutor$Worker.run(ThreadPoolExecutor.java:624) [?:1.8.0_212]
	at java.lang.Thread.run(Thread.java:748) [?:1.8.0_212]
2019-10-01 19:49:45,816 [pool-66-thread-5] ERROR ratis.ContainerStateMachine (ContainerStateMachine.java:lambda$handleWriteChunk$2(470)) - group-83DFE497CA30: writeChunk writeStateMachineData failed: blockIdcontainerID: 3
localID: 102888858297106435
blockCommitSequenceId: 0
 logIndex 1 chunkName 102888858297106435_chunk_1 Error message: data array does not match the length specified. DataLen: 1024 Byte Array: 1181 Container Result: INVALID_WRITE_SIZE
2019-10-01 19:49:45,817 [c4a805b6-0512-42dc-ba1a-ae9d1a888919@group-83DFE497CA30-SegmentedRaftLogWorker] ERROR ratis.XceiverServerRatis (XceiverServerRatis.java:triggerPipelineClose(575)) - pipeline Action CLOSE  on pipeline PipelineID=62040400-025c-49bf-bcc7-83dfe497ca30.Reason : data array does not match the length specified. DataLen: 1024 Byte Array: 1181
2019-10-01 19:49:45,817 [c4a805b6-0512-42dc-ba1a-ae9d1a888919@group-83DFE497CA30-SegmentedRaftLogWorker] ERROR ratis.XceiverServerRatis (XceiverServerRatis.java:triggerPipelineClose(575)) - pipeline Action CLOSE  on pipeline PipelineID=62040400-025c-49bf-bcc7-83dfe497ca30.Reason : Log already failed at index 1 for task WriteLog:1: (t:1, i:1), STATEMACHINELOGENTRY, client-57BAA03A9710, cid=30
2019-10-01 19:49:45,817 [EventQueue-PipelineActionsForPipelineActionHandler] ERROR pipeline.PipelineActionHandler (PipelineActionHandler.java:onMessage(60)) - Received pipeline action CLOSE for Pipeline[ Id: 62040400-025c-49bf-bcc7-83dfe497ca30, Nodes: 008e7f89-814f-419b-8e84-495a96fd3460{ip: 192.168.151.103, host: pr-trunk-878pl-325597374, networkLocation: /default-rack, certSerialId: null}c4a805b6-0512-42dc-ba1a-ae9d1a888919{ip: 192.168.151.103, host: pr-trunk-878pl-325597374, networkLocation: /default-rack, certSerialId: null}d2ea576c-2d73-4d25-8c74-f5f422f1c1ea{ip: 192.168.151.103, host: pr-trunk-878pl-325597374, networkLocation: /default-rack, certSerialId: null}, Type:RATIS, Factor:THREE, State:OPEN] from datanode c4a805b6-0512-42dc-ba1a-ae9d1a888919{ip: 192.168.151.103, host: pr-trunk-878pl-325597374, networkLocation: /default-rack, certSerialId: null}. Reason : data array does not match the length specified. DataLen: 1024 Byte Array: 1181
2019-10-01 19:49:45,818 [EventQueue-PipelineActionsForPipelineActionHandler] INFO  pipeline.SCMPipelineManager (SCMPipelineManager.java:finalizeAndDestroyPipeline(315)) - destroying pipeline:Pipeline[ Id: 62040400-025c-49bf-bcc7-83dfe497ca30, Nodes: 008e7f89-814f-419b-8e84-495a96fd3460{ip: 192.168.151.103, host: pr-trunk-878pl-325597374, networkLocation: /default-rack, certSerialId: null}c4a805b6-0512-42dc-ba1a-ae9d1a888919{ip: 192.168.151.103, host: pr-trunk-878pl-325597374, networkLocation: /default-rack, certSerialId: null}d2ea576c-2d73-4d25-8c74-f5f422f1c1ea{ip: 192.168.151.103, host: pr-trunk-878pl-325597374, networkLocation: /default-rack, certSerialId: null}, Type:RATIS, Factor:THREE, State:OPEN]
2019-10-01 19:49:45,818 [EventQueue-PipelineActionsForPipelineActionHandler] INFO  pipeline.PipelineStateManager (PipelineStateManager.java:finalizePipeline(123)) - Pipeline Pipeline[ Id: 62040400-025c-49bf-bcc7-83dfe497ca30, Nodes: 008e7f89-814f-419b-8e84-495a96fd3460{ip: 192.168.151.103, host: pr-trunk-878pl-325597374, networkLocation: /default-rack, certSerialId: null}c4a805b6-0512-42dc-ba1a-ae9d1a888919{ip: 192.168.151.103, host: pr-trunk-878pl-325597374, networkLocation: /default-rack, certSerialId: null}d2ea576c-2d73-4d25-8c74-f5f422f1c1ea{ip: 192.168.151.103, host: pr-trunk-878pl-325597374, networkLocation: /default-rack, certSerialId: null}, Type:RATIS, Factor:THREE, State:CLOSED] moved to CLOSED state
2019-10-01 19:49:45,819 [EventQueue-PipelineActionsForPipelineActionHandler] ERROR pipeline.PipelineActionHandler (PipelineActionHandler.java:onMessage(60)) - Received pipeline action CLOSE for Pipeline[ Id: 62040400-025c-49bf-bcc7-83dfe497ca30, Nodes: 008e7f89-814f-419b-8e84-495a96fd3460{ip: 192.168.151.103, host: pr-trunk-878pl-325597374, networkLocation: /default-rack, certSerialId: null}c4a805b6-0512-42dc-ba1a-ae9d1a888919{ip: 192.168.151.103, host: pr-trunk-878pl-325597374, networkLocation: /default-rack, certSerialId: null}d2ea576c-2d73-4d25-8c74-f5f422f1c1ea{ip: 192.168.151.103, host: pr-trunk-878pl-325597374, networkLocation: /default-rack, certSerialId: null}, Type:RATIS, Factor:THREE, State:CLOSED] from datanode c4a805b6-0512-42dc-ba1a-ae9d1a888919{ip: 192.168.151.103, host: pr-trunk-878pl-325597374, networkLocation: /default-rack, certSerialId: null}. Reason : Log already failed at index 1 for task WriteLog:1: (t:1, i:1), STATEMACHINELOGENTRY, client-57BAA03A9710, cid=30
2019-10-01 19:49:45,819 [EventQueue-PipelineActionsForPipelineActionHandler] INFO  pipeline.SCMPipelineManager (SCMPipelineManager.java:finalizeAndDestroyPipeline(315)) - destroying pipeline:Pipeline[ Id: 62040400-025c-49bf-bcc7-83dfe497ca30, Nodes: 008e7f89-814f-419b-8e84-495a96fd3460{ip: 192.168.151.103, host: pr-trunk-878pl-325597374, networkLocation: /default-rack, certSerialId: null}c4a805b6-0512-42dc-ba1a-ae9d1a888919{ip: 192.168.151.103, host: pr-trunk-878pl-325597374, networkLocation: /default-rack, certSerialId: null}d2ea576c-2d73-4d25-8c74-f5f422f1c1ea{ip: 192.168.151.103, host: pr-trunk-878pl-325597374, networkLocation: /default-rack, certSerialId: null}, Type:RATIS, Factor:THREE, State:CLOSED]
]]></system-out>
  </testcase>
  <testcase name="testMkdirsPopulatingAllNonexistentAncestors" classname="org.apache.hadoop.fs.ozone.contract.ITestOzoneContractMkdir" time="0.142"/>
  <testcase name="testMkDirRmDir" classname="org.apache.hadoop.fs.ozone.contract.ITestOzoneContractMkdir" time="0.114"/>
  <testcase name="testNoMkdirOverFile" classname="org.apache.hadoop.fs.ozone.contract.ITestOzoneContractMkdir" time="180.01">
    <error message="test timed out after 180000 milliseconds" type="java.lang.Exception">java.lang.Exception: test timed out after 180000 milliseconds
	at sun.misc.Unsafe.park(Native Method)
	at java.util.concurrent.locks.LockSupport.park(LockSupport.java:175)
	at java.util.concurrent.CompletableFuture$Signaller.block(CompletableFuture.java:1693)
	at java.util.concurrent.ForkJoinPool.managedBlock(ForkJoinPool.java:3323)
	at java.util.concurrent.CompletableFuture.waitingGet(CompletableFuture.java:1729)
	at java.util.concurrent.CompletableFuture.get(CompletableFuture.java:1895)
	at org.apache.hadoop.hdds.scm.storage.BlockOutputStream.waitOnFlushFutures(BlockOutputStream.java:515)
	at org.apache.hadoop.hdds.scm.storage.BlockOutputStream.handleFlush(BlockOutputStream.java:478)
	at org.apache.hadoop.hdds.scm.storage.BlockOutputStream.close(BlockOutputStream.java:493)
	at org.apache.hadoop.ozone.client.io.BlockOutputStreamEntry.close(BlockOutputStreamEntry.java:143)
	at org.apache.hadoop.ozone.client.io.KeyOutputStream.handleFlushOrClose(KeyOutputStream.java:435)
	at org.apache.hadoop.ozone.client.io.KeyOutputStream.close(KeyOutputStream.java:473)
	at org.apache.hadoop.fs.ozone.OzoneFSOutputStream.close(OzoneFSOutputStream.java:56)
	at org.apache.hadoop.fs.FSDataOutputStream$PositionCache.close(FSDataOutputStream.java:72)
	at org.apache.hadoop.fs.FSDataOutputStream.close(FSDataOutputStream.java:101)
	at org.apache.hadoop.fs.contract.ContractTestUtils.createFile(ContractTestUtils.java:638)
	at org.apache.hadoop.fs.contract.AbstractContractMkdirTest.testNoMkdirOverFile(AbstractContractMkdirTest.java:66)
	at sun.reflect.NativeMethodAccessorImpl.invoke0(Native Method)
	at sun.reflect.NativeMethodAccessorImpl.invoke(NativeMethodAccessorImpl.java:62)
	at sun.reflect.DelegatingMethodAccessorImpl.invoke(DelegatingMethodAccessorImpl.java:43)
	at java.lang.reflect.Method.invoke(Method.java:498)
	at org.junit.runners.model.FrameworkMethod$1.runReflectiveCall(FrameworkMethod.java:47)
	at org.junit.internal.runners.model.ReflectiveCallable.run(ReflectiveCallable.java:12)
	at org.junit.runners.model.FrameworkMethod.invokeExplosively(FrameworkMethod.java:44)
	at org.junit.internal.runners.statements.InvokeMethod.evaluate(InvokeMethod.java:17)
	at org.junit.internal.runners.statements.RunBefores.evaluate(RunBefores.java:26)
	at org.junit.internal.runners.statements.RunAfters.evaluate(RunAfters.java:27)
	at org.junit.rules.TestWatcher$1.evaluate(TestWatcher.java:55)
	at org.junit.internal.runners.statements.FailOnTimeout$StatementThread.run(FailOnTimeout.java:74)
</error>
    <system-out><![CDATA[2019-10-01 19:50:21,563 [Thread-648] INFO  rpc.RpcClient (RpcClient.java:createVolume(276)) - Creating Volume: volume19677, with user12932 as owner.
2019-10-01 19:50:21,565 [IPC Server handler 6 on 44546] INFO  volume.OMVolumeCreateRequest (OMVolumeCreateRequest.java:validateAndUpdateCache(194)) - created volume:volume19677 for user:user12932
2019-10-01 19:50:21,566 [Thread-648] INFO  rpc.RpcClient (RpcClient.java:createBucket(415)) - Creating Bucket: volume19677/bucket95972, with Versioning false and Storage Type set to DISK and Encryption set to false 
2019-10-01 19:50:21,632 [Thread-648] INFO  contract.AbstractFSContractTestBase (AbstractFSContractTestBase.java:setup(184)) - Test filesystem = o3fs://bucket95972.volume19677 implemented by OzoneFileSystem{URI=o3fs://bucket95972.volume19677, workingDir=o3fs://bucket95972.volume19677/user/jenkins1000, userName=jenkins1000, statistics=0 bytes read, 1024 bytes written, 76 read ops, 0 large read ops, 7 write ops}
2019-10-01 19:50:21,633 [Thread-648] INFO  contract.AbstractFSContractTestBase (AbstractFSContractTestBase.java:describe(255)) - try to mkdir over a file
2019-10-01 19:50:21,655 [grpc-default-executor-3] INFO  impl.RaftServerProxy (RaftServerProxy.java:addNew(89)) - d2ea576c-2d73-4d25-8c74-f5f422f1c1ea: addNew group-42C25C36F816:[008e7f89-814f-419b-8e84-495a96fd3460:192.168.151.103:43923, c4a805b6-0512-42dc-ba1a-ae9d1a888919:192.168.151.103:33670, d2ea576c-2d73-4d25-8c74-f5f422f1c1ea:192.168.151.103:44771] returns group-42C25C36F816:java.util.concurrent.CompletableFuture@5d87b83b[Not completed]
2019-10-01 19:50:21,655 [grpc-default-executor-1] INFO  impl.RaftServerProxy (RaftServerProxy.java:addNew(89)) - c4a805b6-0512-42dc-ba1a-ae9d1a888919: addNew group-42C25C36F816:[008e7f89-814f-419b-8e84-495a96fd3460:192.168.151.103:43923, c4a805b6-0512-42dc-ba1a-ae9d1a888919:192.168.151.103:33670, d2ea576c-2d73-4d25-8c74-f5f422f1c1ea:192.168.151.103:44771] returns group-42C25C36F816:java.util.concurrent.CompletableFuture@361e9776[Not completed]
2019-10-01 19:50:21,656 [grpc-default-executor-4] INFO  impl.RaftServerProxy (RaftServerProxy.java:addNew(89)) - 008e7f89-814f-419b-8e84-495a96fd3460: addNew group-42C25C36F816:[008e7f89-814f-419b-8e84-495a96fd3460:192.168.151.103:43923, c4a805b6-0512-42dc-ba1a-ae9d1a888919:192.168.151.103:33670, d2ea576c-2d73-4d25-8c74-f5f422f1c1ea:192.168.151.103:44771] returns group-42C25C36F816:java.util.concurrent.CompletableFuture@3df96240[Not completed]
2019-10-01 19:50:21,659 [pool-67-thread-1] INFO  impl.RaftServerImpl (RaftServerImpl.java:<init>(95)) - c4a805b6-0512-42dc-ba1a-ae9d1a888919: new RaftServerImpl for group-42C25C36F816:[008e7f89-814f-419b-8e84-495a96fd3460:192.168.151.103:43923, c4a805b6-0512-42dc-ba1a-ae9d1a888919:192.168.151.103:33670, d2ea576c-2d73-4d25-8c74-f5f422f1c1ea:192.168.151.103:44771] with ContainerStateMachine:uninitialized
2019-10-01 19:50:21,659 [pool-67-thread-1] INFO  server.RaftServerConfigKeys (ConfUtils.java:logGet(43)) - raft.server.rpc.timeout.min = 5s (custom)
2019-10-01 19:50:21,659 [pool-67-thread-1] INFO  server.RaftServerConfigKeys (ConfUtils.java:logGet(43)) - raft.server.rpc.timeout.max = 5200ms (custom)
2019-10-01 19:50:21,659 [pool-67-thread-1] INFO  server.RaftServerConfigKeys (ConfUtils.java:logGet(43)) - raft.server.rpcslowness.timeout = 120s (custom)
2019-10-01 19:50:21,659 [pool-67-thread-1] INFO  server.RaftServerConfigKeys (ConfUtils.java:logGet(43)) - raft.server.sleep.deviation.threshold = 300 (default)
2019-10-01 19:50:21,659 [pool-67-thread-1] INFO  server.RaftServerConfigKeys (ConfUtils.java:logGet(43)) - raft.server.log.appender.install.snapshot.enabled = false (custom)
2019-10-01 19:50:21,660 [pool-67-thread-1] INFO  impl.RaftServerImpl (ServerState.java:<init>(103)) - c4a805b6-0512-42dc-ba1a-ae9d1a888919@group-42C25C36F816: ConfigurationManager, init=-1: [008e7f89-814f-419b-8e84-495a96fd3460:192.168.151.103:43923, c4a805b6-0512-42dc-ba1a-ae9d1a888919:192.168.151.103:33670, d2ea576c-2d73-4d25-8c74-f5f422f1c1ea:192.168.151.103:44771], old=null, confs=<EMPTY_MAP>
2019-10-01 19:50:21,660 [pool-67-thread-1] INFO  server.RaftServerConfigKeys (ConfUtils.java:logGet(43)) - raft.server.storage.dir = [/workdir/hadoop-ozone/ozonefs/target/test-dir/MiniOzoneClusterImpl-76701839-624f-4b6b-affa-460efe4f7a11/datanode-4/data/ratis] (custom)
2019-10-01 19:50:21,660 [pool-27-thread-1] INFO  impl.RaftServerImpl (RaftServerImpl.java:<init>(95)) - 008e7f89-814f-419b-8e84-495a96fd3460: new RaftServerImpl for group-42C25C36F816:[008e7f89-814f-419b-8e84-495a96fd3460:192.168.151.103:43923, c4a805b6-0512-42dc-ba1a-ae9d1a888919:192.168.151.103:33670, d2ea576c-2d73-4d25-8c74-f5f422f1c1ea:192.168.151.103:44771] with ContainerStateMachine:uninitialized
2019-10-01 19:50:21,660 [pool-67-thread-1] INFO  storage.RaftStorageDirectory (RaftStorageDirectory.java:analyzeStorage(246)) - The storage directory /workdir/hadoop-ozone/ozonefs/target/test-dir/MiniOzoneClusterImpl-76701839-624f-4b6b-affa-460efe4f7a11/datanode-4/data/ratis/cb3d1bd9-bbe1-402b-a222-42c25c36f816 does not exist. Creating ...
2019-10-01 19:50:21,661 [pool-27-thread-1] INFO  server.RaftServerConfigKeys (ConfUtils.java:logGet(43)) - raft.server.rpc.timeout.min = 5s (custom)
2019-10-01 19:50:21,661 [pool-27-thread-1] INFO  server.RaftServerConfigKeys (ConfUtils.java:logGet(43)) - raft.server.rpc.timeout.max = 5200ms (custom)
2019-10-01 19:50:21,661 [pool-27-thread-1] INFO  server.RaftServerConfigKeys (ConfUtils.java:logGet(43)) - raft.server.rpcslowness.timeout = 120s (custom)
2019-10-01 19:50:21,661 [pool-27-thread-1] INFO  server.RaftServerConfigKeys (ConfUtils.java:logGet(43)) - raft.server.sleep.deviation.threshold = 300 (default)
2019-10-01 19:50:21,661 [pool-27-thread-1] INFO  server.RaftServerConfigKeys (ConfUtils.java:logGet(43)) - raft.server.log.appender.install.snapshot.enabled = false (custom)
2019-10-01 19:50:21,661 [pool-27-thread-1] INFO  impl.RaftServerImpl (ServerState.java:<init>(103)) - 008e7f89-814f-419b-8e84-495a96fd3460@group-42C25C36F816: ConfigurationManager, init=-1: [008e7f89-814f-419b-8e84-495a96fd3460:192.168.151.103:43923, c4a805b6-0512-42dc-ba1a-ae9d1a888919:192.168.151.103:33670, d2ea576c-2d73-4d25-8c74-f5f422f1c1ea:192.168.151.103:44771], old=null, confs=<EMPTY_MAP>
2019-10-01 19:50:21,662 [pool-47-thread-1] INFO  impl.RaftServerImpl (RaftServerImpl.java:<init>(95)) - d2ea576c-2d73-4d25-8c74-f5f422f1c1ea: new RaftServerImpl for group-42C25C36F816:[008e7f89-814f-419b-8e84-495a96fd3460:192.168.151.103:43923, c4a805b6-0512-42dc-ba1a-ae9d1a888919:192.168.151.103:33670, d2ea576c-2d73-4d25-8c74-f5f422f1c1ea:192.168.151.103:44771] with ContainerStateMachine:uninitialized
2019-10-01 19:50:21,662 [pool-27-thread-1] INFO  server.RaftServerConfigKeys (ConfUtils.java:logGet(43)) - raft.server.storage.dir = [/workdir/hadoop-ozone/ozonefs/target/test-dir/MiniOzoneClusterImpl-76701839-624f-4b6b-affa-460efe4f7a11/datanode-0/data/ratis] (custom)
2019-10-01 19:50:21,662 [pool-47-thread-1] INFO  server.RaftServerConfigKeys (ConfUtils.java:logGet(43)) - raft.server.rpc.timeout.min = 5s (custom)
2019-10-01 19:50:21,662 [pool-47-thread-1] INFO  server.RaftServerConfigKeys (ConfUtils.java:logGet(43)) - raft.server.rpc.timeout.max = 5200ms (custom)
2019-10-01 19:50:21,662 [pool-27-thread-1] INFO  storage.RaftStorageDirectory (RaftStorageDirectory.java:analyzeStorage(246)) - The storage directory /workdir/hadoop-ozone/ozonefs/target/test-dir/MiniOzoneClusterImpl-76701839-624f-4b6b-affa-460efe4f7a11/datanode-0/data/ratis/cb3d1bd9-bbe1-402b-a222-42c25c36f816 does not exist. Creating ...
2019-10-01 19:50:21,662 [pool-47-thread-1] INFO  server.RaftServerConfigKeys (ConfUtils.java:logGet(43)) - raft.server.rpcslowness.timeout = 120s (custom)
2019-10-01 19:50:21,662 [pool-47-thread-1] INFO  server.RaftServerConfigKeys (ConfUtils.java:logGet(43)) - raft.server.sleep.deviation.threshold = 300 (default)
2019-10-01 19:50:21,663 [pool-47-thread-1] INFO  server.RaftServerConfigKeys (ConfUtils.java:logGet(43)) - raft.server.log.appender.install.snapshot.enabled = false (custom)
2019-10-01 19:50:21,663 [pool-47-thread-1] INFO  impl.RaftServerImpl (ServerState.java:<init>(103)) - d2ea576c-2d73-4d25-8c74-f5f422f1c1ea@group-42C25C36F816: ConfigurationManager, init=-1: [008e7f89-814f-419b-8e84-495a96fd3460:192.168.151.103:43923, c4a805b6-0512-42dc-ba1a-ae9d1a888919:192.168.151.103:33670, d2ea576c-2d73-4d25-8c74-f5f422f1c1ea:192.168.151.103:44771], old=null, confs=<EMPTY_MAP>
2019-10-01 19:50:21,663 [pool-47-thread-1] INFO  server.RaftServerConfigKeys (ConfUtils.java:logGet(43)) - raft.server.storage.dir = [/workdir/hadoop-ozone/ozonefs/target/test-dir/MiniOzoneClusterImpl-76701839-624f-4b6b-affa-460efe4f7a11/datanode-2/data/ratis] (custom)
2019-10-01 19:50:21,663 [pool-47-thread-1] INFO  storage.RaftStorageDirectory (RaftStorageDirectory.java:analyzeStorage(246)) - The storage directory /workdir/hadoop-ozone/ozonefs/target/test-dir/MiniOzoneClusterImpl-76701839-624f-4b6b-affa-460efe4f7a11/datanode-2/data/ratis/cb3d1bd9-bbe1-402b-a222-42c25c36f816 does not exist. Creating ...
2019-10-01 19:50:21,686 [pool-27-thread-1] INFO  storage.RaftStorageDirectory (RaftStorageDirectory.java:tryLock(328)) - Lock on /workdir/hadoop-ozone/ozonefs/target/test-dir/MiniOzoneClusterImpl-76701839-624f-4b6b-affa-460efe4f7a11/datanode-0/data/ratis/cb3d1bd9-bbe1-402b-a222-42c25c36f816/in_use.lock acquired by nodename 18872@pr-trunk-878pl-325597374
2019-10-01 19:50:21,686 [pool-67-thread-1] INFO  storage.RaftStorageDirectory (RaftStorageDirectory.java:tryLock(328)) - Lock on /workdir/hadoop-ozone/ozonefs/target/test-dir/MiniOzoneClusterImpl-76701839-624f-4b6b-affa-460efe4f7a11/datanode-4/data/ratis/cb3d1bd9-bbe1-402b-a222-42c25c36f816/in_use.lock acquired by nodename 18872@pr-trunk-878pl-325597374
2019-10-01 19:50:21,686 [pool-47-thread-1] INFO  storage.RaftStorageDirectory (RaftStorageDirectory.java:tryLock(328)) - Lock on /workdir/hadoop-ozone/ozonefs/target/test-dir/MiniOzoneClusterImpl-76701839-624f-4b6b-affa-460efe4f7a11/datanode-2/data/ratis/cb3d1bd9-bbe1-402b-a222-42c25c36f816/in_use.lock acquired by nodename 18872@pr-trunk-878pl-325597374
2019-10-01 19:50:21,699 [pool-27-thread-1] INFO  storage.RaftStorage (RaftStorage.java:format(72)) - Storage directory /workdir/hadoop-ozone/ozonefs/target/test-dir/MiniOzoneClusterImpl-76701839-624f-4b6b-affa-460efe4f7a11/datanode-0/data/ratis/cb3d1bd9-bbe1-402b-a222-42c25c36f816 has been successfully formatted.
2019-10-01 19:50:21,699 [pool-47-thread-1] INFO  storage.RaftStorage (RaftStorage.java:format(72)) - Storage directory /workdir/hadoop-ozone/ozonefs/target/test-dir/MiniOzoneClusterImpl-76701839-624f-4b6b-affa-460efe4f7a11/datanode-2/data/ratis/cb3d1bd9-bbe1-402b-a222-42c25c36f816 has been successfully formatted.
2019-10-01 19:50:21,699 [pool-67-thread-1] INFO  storage.RaftStorage (RaftStorage.java:format(72)) - Storage directory /workdir/hadoop-ozone/ozonefs/target/test-dir/MiniOzoneClusterImpl-76701839-624f-4b6b-affa-460efe4f7a11/datanode-4/data/ratis/cb3d1bd9-bbe1-402b-a222-42c25c36f816 has been successfully formatted.
2019-10-01 19:50:21,699 [pool-47-thread-1] INFO  ratis.ContainerStateMachine (ContainerStateMachine.java:loadSnapshot(231)) - group-42C25C36F816: The snapshot info is null. Setting the last applied indexto:(t:0, i:~)
2019-10-01 19:50:21,699 [pool-67-thread-1] INFO  ratis.ContainerStateMachine (ContainerStateMachine.java:loadSnapshot(231)) - group-42C25C36F816: The snapshot info is null. Setting the last applied indexto:(t:0, i:~)
2019-10-01 19:50:21,699 [pool-27-thread-1] INFO  ratis.ContainerStateMachine (ContainerStateMachine.java:loadSnapshot(231)) - group-42C25C36F816: The snapshot info is null. Setting the last applied indexto:(t:0, i:~)
2019-10-01 19:50:21,699 [pool-67-thread-1] INFO  server.RaftServerConfigKeys (ConfUtils.java:logGet(43)) - raft.server.notification.no-leader.timeout = 120s (custom)
2019-10-01 19:50:21,699 [pool-47-thread-1] INFO  server.RaftServerConfigKeys (ConfUtils.java:logGet(43)) - raft.server.notification.no-leader.timeout = 120s (custom)
2019-10-01 19:50:21,700 [pool-67-thread-1] INFO  server.RaftServerConfigKeys (ConfUtils.java:logGet(43)) - raft.server.log.use.memory = false (default)
2019-10-01 19:50:21,700 [pool-27-thread-1] INFO  server.RaftServerConfigKeys (ConfUtils.java:logGet(43)) - raft.server.notification.no-leader.timeout = 120s (custom)
2019-10-01 19:50:21,700 [pool-67-thread-1] INFO  server.RaftServerConfigKeys (ConfUtils.java:logGet(43)) - raft.server.log.purge.gap = 1000000 (custom)
2019-10-01 19:50:21,700 [pool-47-thread-1] INFO  server.RaftServerConfigKeys (ConfUtils.java:logGet(43)) - raft.server.log.use.memory = false (default)
2019-10-01 19:50:21,700 [pool-67-thread-1] INFO  server.RaftServerConfigKeys (ConfUtils.java:logGet(43)) - raft.server.log.appender.buffer.byte-limit = 33554432 (custom)
2019-10-01 19:50:21,700 [pool-27-thread-1] INFO  server.RaftServerConfigKeys (ConfUtils.java:logGet(43)) - raft.server.log.use.memory = false (default)
2019-10-01 19:50:21,700 [pool-67-thread-1] INFO  server.RaftServerConfigKeys (ConfUtils.java:logGet(43)) - raft.server.log.segment.size.max = 1048576 (custom)
2019-10-01 19:50:21,700 [pool-47-thread-1] INFO  server.RaftServerConfigKeys (ConfUtils.java:logGet(43)) - raft.server.log.purge.gap = 1000000 (custom)
2019-10-01 19:50:21,700 [pool-67-thread-1] INFO  server.RaftServerConfigKeys (ConfUtils.java:logGet(43)) - raft.server.log.segment.cache.num.max = 2 (custom)
2019-10-01 19:50:21,700 [pool-27-thread-1] INFO  server.RaftServerConfigKeys (ConfUtils.java:logGet(43)) - raft.server.log.purge.gap = 1000000 (custom)
2019-10-01 19:50:21,701 [pool-67-thread-1] INFO  segmented.SegmentedRaftLogWorker (SegmentedRaftLogWorker.java:<init>(172)) - new c4a805b6-0512-42dc-ba1a-ae9d1a888919@group-42C25C36F816-SegmentedRaftLogWorker for RaftStorage:Storage Directory /workdir/hadoop-ozone/ozonefs/target/test-dir/MiniOzoneClusterImpl-76701839-624f-4b6b-affa-460efe4f7a11/datanode-4/data/ratis/cb3d1bd9-bbe1-402b-a222-42c25c36f816
2019-10-01 19:50:21,701 [pool-47-thread-1] INFO  server.RaftServerConfigKeys (ConfUtils.java:logGet(43)) - raft.server.log.appender.buffer.byte-limit = 33554432 (custom)
2019-10-01 19:50:21,701 [pool-67-thread-1] INFO  server.RaftServerConfigKeys (ConfUtils.java:logGet(43)) - raft.server.log.queue.byte-limit = 2147483647 (custom)
2019-10-01 19:50:21,701 [pool-27-thread-1] INFO  server.RaftServerConfigKeys (ConfUtils.java:logGet(43)) - raft.server.log.appender.buffer.byte-limit = 33554432 (custom)
2019-10-01 19:50:21,701 [pool-67-thread-1] INFO  server.RaftServerConfigKeys (ConfUtils.java:logGet(43)) - raft.server.log.queue.element-limit = 1024 (custom)
2019-10-01 19:50:21,701 [pool-47-thread-1] INFO  server.RaftServerConfigKeys (ConfUtils.java:logGet(43)) - raft.server.log.segment.size.max = 1048576 (custom)
2019-10-01 19:50:21,701 [pool-67-thread-1] INFO  server.RaftServerConfigKeys (ConfUtils.java:logGet(43)) - raft.server.log.segment.size.max = 1048576 (custom)
2019-10-01 19:50:21,701 [pool-27-thread-1] INFO  server.RaftServerConfigKeys (ConfUtils.java:logGet(43)) - raft.server.log.segment.size.max = 1048576 (custom)
2019-10-01 19:50:21,701 [pool-67-thread-1] INFO  server.RaftServerConfigKeys (ConfUtils.java:logGet(43)) - raft.server.log.preallocated.size = 16384 (custom)
2019-10-01 19:50:21,702 [pool-67-thread-1] INFO  server.RaftServerConfigKeys (ConfUtils.java:logGet(43)) - raft.server.log.write.buffer.size = 33554432 (custom)
2019-10-01 19:50:21,701 [pool-47-thread-1] INFO  server.RaftServerConfigKeys (ConfUtils.java:logGet(43)) - raft.server.log.segment.cache.num.max = 2 (custom)
2019-10-01 19:50:21,702 [pool-67-thread-1] INFO  server.RaftServerConfigKeys (ConfUtils.java:logGet(43)) - raft.server.log.force.sync.num = 128 (default)
2019-10-01 19:50:21,702 [pool-27-thread-1] INFO  server.RaftServerConfigKeys (ConfUtils.java:logGet(43)) - raft.server.log.segment.cache.num.max = 2 (custom)
2019-10-01 19:50:21,702 [pool-67-thread-1] INFO  server.RaftServerConfigKeys (ConfUtils.java:logGet(43)) - raft.server.log.statemachine.data.sync = true (default)
2019-10-01 19:50:21,702 [pool-47-thread-1] INFO  segmented.SegmentedRaftLogWorker (SegmentedRaftLogWorker.java:<init>(172)) - new d2ea576c-2d73-4d25-8c74-f5f422f1c1ea@group-42C25C36F816-SegmentedRaftLogWorker for RaftStorage:Storage Directory /workdir/hadoop-ozone/ozonefs/target/test-dir/MiniOzoneClusterImpl-76701839-624f-4b6b-affa-460efe4f7a11/datanode-2/data/ratis/cb3d1bd9-bbe1-402b-a222-42c25c36f816
2019-10-01 19:50:21,702 [pool-67-thread-1] INFO  server.RaftServerConfigKeys (ConfUtils.java:logGet(43)) - raft.server.log.statemachine.data.sync.timeout = 10s (default)
2019-10-01 19:50:21,702 [pool-27-thread-1] INFO  segmented.SegmentedRaftLogWorker (SegmentedRaftLogWorker.java:<init>(172)) - new 008e7f89-814f-419b-8e84-495a96fd3460@group-42C25C36F816-SegmentedRaftLogWorker for RaftStorage:Storage Directory /workdir/hadoop-ozone/ozonefs/target/test-dir/MiniOzoneClusterImpl-76701839-624f-4b6b-affa-460efe4f7a11/datanode-0/data/ratis/cb3d1bd9-bbe1-402b-a222-42c25c36f816
2019-10-01 19:50:21,702 [pool-67-thread-1] INFO  server.RaftServerConfigKeys (ConfUtils.java:logGet(43)) - raft.server.log.statemachine.data.sync.timeout.retry = -1 (default)
2019-10-01 19:50:21,702 [pool-47-thread-1] INFO  server.RaftServerConfigKeys (ConfUtils.java:logGet(43)) - raft.server.log.queue.byte-limit = 2147483647 (custom)
2019-10-01 19:50:21,703 [pool-67-thread-1] INFO  server.RaftServerConfigKeys (ConfUtils.java:logGet(43)) - raft.server.log.statemachine.data.caching.enabled = true (custom)
2019-10-01 19:50:21,703 [pool-27-thread-1] INFO  server.RaftServerConfigKeys (ConfUtils.java:logGet(43)) - raft.server.log.queue.byte-limit = 2147483647 (custom)
2019-10-01 19:50:21,703 [pool-47-thread-1] INFO  server.RaftServerConfigKeys (ConfUtils.java:logGet(43)) - raft.server.log.queue.element-limit = 1024 (custom)
2019-10-01 19:50:21,703 [pool-67-thread-1] INFO  segmented.SegmentedRaftLogWorker (SegmentedRaftLogWorker.java:lambda$new$0(132)) - c4a805b6-0512-42dc-ba1a-ae9d1a888919@group-42C25C36F816-SegmentedRaftLogWorker: flushIndex: setUnconditionally 0 -> -1
2019-10-01 19:50:21,703 [pool-27-thread-1] INFO  server.RaftServerConfigKeys (ConfUtils.java:logGet(43)) - raft.server.log.queue.element-limit = 1024 (custom)
2019-10-01 19:50:21,703 [pool-47-thread-1] INFO  server.RaftServerConfigKeys (ConfUtils.java:logGet(43)) - raft.server.log.segment.size.max = 1048576 (custom)
2019-10-01 19:50:21,703 [pool-67-thread-1] INFO  server.RaftServerConfigKeys (ConfUtils.java:logGet(43)) - raft.server.snapshot.auto.trigger.enabled = true (custom)
2019-10-01 19:50:21,703 [pool-27-thread-1] INFO  server.RaftServerConfigKeys (ConfUtils.java:logGet(43)) - raft.server.log.segment.size.max = 1048576 (custom)
2019-10-01 19:50:21,704 [pool-67-thread-1] INFO  server.RaftServerConfigKeys (ConfUtils.java:logGet(43)) - raft.server.snapshot.auto.trigger.threshold = 10000 (custom)
2019-10-01 19:50:21,703 [pool-47-thread-1] INFO  server.RaftServerConfigKeys (ConfUtils.java:logGet(43)) - raft.server.log.preallocated.size = 16384 (custom)
2019-10-01 19:50:21,704 [pool-67-thread-1] INFO  server.RaftServerConfigKeys (ConfUtils.java:logGet(43)) - raft.server.snapshot.retention.num.files = 5 (custom)
2019-10-01 19:50:21,704 [pool-27-thread-1] INFO  server.RaftServerConfigKeys (ConfUtils.java:logGet(43)) - raft.server.log.preallocated.size = 16384 (custom)
2019-10-01 19:50:21,704 [pool-67-thread-1] INFO  server.RaftServerConfigKeys (ConfUtils.java:logGet(43)) - raft.server.retrycache.expirytime = 600000ms (custom)
2019-10-01 19:50:21,704 [pool-47-thread-1] INFO  server.RaftServerConfigKeys (ConfUtils.java:logGet(43)) - raft.server.log.write.buffer.size = 33554432 (custom)
2019-10-01 19:50:21,704 [pool-27-thread-1] INFO  server.RaftServerConfigKeys (ConfUtils.java:logGet(43)) - raft.server.log.write.buffer.size = 33554432 (custom)
2019-10-01 19:50:21,704 [pool-47-thread-1] INFO  server.RaftServerConfigKeys (ConfUtils.java:logGet(43)) - raft.server.log.force.sync.num = 128 (default)
2019-10-01 19:50:21,704 [pool-27-thread-1] INFO  server.RaftServerConfigKeys (ConfUtils.java:logGet(43)) - raft.server.log.force.sync.num = 128 (default)
2019-10-01 19:50:21,704 [pool-47-thread-1] INFO  server.RaftServerConfigKeys (ConfUtils.java:logGet(43)) - raft.server.log.statemachine.data.sync = true (default)
2019-10-01 19:50:21,705 [pool-27-thread-1] INFO  server.RaftServerConfigKeys (ConfUtils.java:logGet(43)) - raft.server.log.statemachine.data.sync = true (default)
2019-10-01 19:50:21,705 [pool-47-thread-1] INFO  server.RaftServerConfigKeys (ConfUtils.java:logGet(43)) - raft.server.log.statemachine.data.sync.timeout = 10s (default)
2019-10-01 19:50:21,705 [pool-27-thread-1] INFO  server.RaftServerConfigKeys (ConfUtils.java:logGet(43)) - raft.server.log.statemachine.data.sync.timeout = 10s (default)
2019-10-01 19:50:21,705 [pool-47-thread-1] INFO  server.RaftServerConfigKeys (ConfUtils.java:logGet(43)) - raft.server.log.statemachine.data.sync.timeout.retry = -1 (default)
2019-10-01 19:50:21,705 [pool-27-thread-1] INFO  server.RaftServerConfigKeys (ConfUtils.java:logGet(43)) - raft.server.log.statemachine.data.sync.timeout.retry = -1 (default)
2019-10-01 19:50:21,705 [pool-47-thread-1] INFO  server.RaftServerConfigKeys (ConfUtils.java:logGet(43)) - raft.server.log.statemachine.data.caching.enabled = true (custom)
2019-10-01 19:50:21,705 [pool-27-thread-1] INFO  server.RaftServerConfigKeys (ConfUtils.java:logGet(43)) - raft.server.log.statemachine.data.caching.enabled = true (custom)
2019-10-01 19:50:21,705 [pool-47-thread-1] INFO  segmented.SegmentedRaftLogWorker (SegmentedRaftLogWorker.java:lambda$new$0(132)) - d2ea576c-2d73-4d25-8c74-f5f422f1c1ea@group-42C25C36F816-SegmentedRaftLogWorker: flushIndex: setUnconditionally 0 -> -1
2019-10-01 19:50:21,706 [pool-27-thread-1] INFO  segmented.SegmentedRaftLogWorker (SegmentedRaftLogWorker.java:lambda$new$0(132)) - 008e7f89-814f-419b-8e84-495a96fd3460@group-42C25C36F816-SegmentedRaftLogWorker: flushIndex: setUnconditionally 0 -> -1
2019-10-01 19:50:21,706 [pool-47-thread-1] INFO  server.RaftServerConfigKeys (ConfUtils.java:logGet(43)) - raft.server.snapshot.auto.trigger.enabled = true (custom)
2019-10-01 19:50:21,706 [pool-47-thread-1] INFO  server.RaftServerConfigKeys (ConfUtils.java:logGet(43)) - raft.server.snapshot.auto.trigger.threshold = 10000 (custom)
2019-10-01 19:50:21,706 [pool-27-thread-1] INFO  server.RaftServerConfigKeys (ConfUtils.java:logGet(43)) - raft.server.snapshot.auto.trigger.enabled = true (custom)
2019-10-01 19:50:21,706 [pool-47-thread-1] INFO  server.RaftServerConfigKeys (ConfUtils.java:logGet(43)) - raft.server.snapshot.retention.num.files = 5 (custom)
2019-10-01 19:50:21,706 [pool-27-thread-1] INFO  server.RaftServerConfigKeys (ConfUtils.java:logGet(43)) - raft.server.snapshot.auto.trigger.threshold = 10000 (custom)
2019-10-01 19:50:21,706 [pool-47-thread-1] INFO  server.RaftServerConfigKeys (ConfUtils.java:logGet(43)) - raft.server.retrycache.expirytime = 600000ms (custom)
2019-10-01 19:50:21,706 [pool-67-thread-1] INFO  impl.RaftServerImpl (RaftServerImpl.java:start(185)) - c4a805b6-0512-42dc-ba1a-ae9d1a888919@group-42C25C36F816: start as a follower, conf=-1: [008e7f89-814f-419b-8e84-495a96fd3460:192.168.151.103:43923, c4a805b6-0512-42dc-ba1a-ae9d1a888919:192.168.151.103:33670, d2ea576c-2d73-4d25-8c74-f5f422f1c1ea:192.168.151.103:44771], old=null
2019-10-01 19:50:21,706 [pool-27-thread-1] INFO  server.RaftServerConfigKeys (ConfUtils.java:logGet(43)) - raft.server.snapshot.retention.num.files = 5 (custom)
2019-10-01 19:50:21,707 [pool-67-thread-1] INFO  impl.RaftServerImpl (RaftServerImpl.java:setRole(174)) - c4a805b6-0512-42dc-ba1a-ae9d1a888919@group-42C25C36F816: changes role from      null to FOLLOWER at term 0 for startAsFollower
2019-10-01 19:50:21,707 [pool-27-thread-1] INFO  server.RaftServerConfigKeys (ConfUtils.java:logGet(43)) - raft.server.retrycache.expirytime = 600000ms (custom)
2019-10-01 19:50:21,707 [pool-67-thread-1] INFO  impl.RoleInfo (RoleInfo.java:updateAndGet(143)) - c4a805b6-0512-42dc-ba1a-ae9d1a888919: start FollowerState
2019-10-01 19:50:21,707 [pool-67-thread-1] INFO  util.JmxRegister (JmxRegister.java:tryRegister(44)) - Successfully registered JMX Bean with object name Ratis:service=RaftServer,group=group-42C25C36F816,id=c4a805b6-0512-42dc-ba1a-ae9d1a888919
2019-10-01 19:50:21,709 [pool-47-thread-1] INFO  impl.RaftServerImpl (RaftServerImpl.java:start(185)) - d2ea576c-2d73-4d25-8c74-f5f422f1c1ea@group-42C25C36F816: start as a follower, conf=-1: [008e7f89-814f-419b-8e84-495a96fd3460:192.168.151.103:43923, c4a805b6-0512-42dc-ba1a-ae9d1a888919:192.168.151.103:33670, d2ea576c-2d73-4d25-8c74-f5f422f1c1ea:192.168.151.103:44771], old=null
2019-10-01 19:50:21,711 [pool-47-thread-1] INFO  impl.RaftServerImpl (RaftServerImpl.java:setRole(174)) - d2ea576c-2d73-4d25-8c74-f5f422f1c1ea@group-42C25C36F816: changes role from      null to FOLLOWER at term 0 for startAsFollower
2019-10-01 19:50:21,711 [pool-47-thread-1] INFO  impl.RoleInfo (RoleInfo.java:updateAndGet(143)) - d2ea576c-2d73-4d25-8c74-f5f422f1c1ea: start FollowerState
2019-10-01 19:50:21,711 [pool-47-thread-1] INFO  util.JmxRegister (JmxRegister.java:tryRegister(44)) - Successfully registered JMX Bean with object name Ratis:service=RaftServer,group=group-42C25C36F816,id=d2ea576c-2d73-4d25-8c74-f5f422f1c1ea
2019-10-01 19:50:21,712 [pool-27-thread-1] INFO  impl.RaftServerImpl (RaftServerImpl.java:start(185)) - 008e7f89-814f-419b-8e84-495a96fd3460@group-42C25C36F816: start as a follower, conf=-1: [008e7f89-814f-419b-8e84-495a96fd3460:192.168.151.103:43923, c4a805b6-0512-42dc-ba1a-ae9d1a888919:192.168.151.103:33670, d2ea576c-2d73-4d25-8c74-f5f422f1c1ea:192.168.151.103:44771], old=null
2019-10-01 19:50:21,713 [pool-27-thread-1] INFO  impl.RaftServerImpl (RaftServerImpl.java:setRole(174)) - 008e7f89-814f-419b-8e84-495a96fd3460@group-42C25C36F816: changes role from      null to FOLLOWER at term 0 for startAsFollower
2019-10-01 19:50:21,713 [pool-27-thread-1] INFO  impl.RoleInfo (RoleInfo.java:updateAndGet(143)) - 008e7f89-814f-419b-8e84-495a96fd3460: start FollowerState
2019-10-01 19:50:21,714 [pool-27-thread-1] INFO  util.JmxRegister (JmxRegister.java:tryRegister(44)) - Successfully registered JMX Bean with object name Ratis:service=RaftServer,group=group-42C25C36F816,id=008e7f89-814f-419b-8e84-495a96fd3460
2019-10-01 19:50:21,717 [IPC Server handler 13 on 35402] INFO  pipeline.PipelineStateManager (PipelineStateManager.java:addPipeline(56)) - Created pipeline Pipeline[ Id: cb3d1bd9-bbe1-402b-a222-42c25c36f816, Nodes: 008e7f89-814f-419b-8e84-495a96fd3460{ip: 192.168.151.103, host: pr-trunk-878pl-325597374, networkLocation: /default-rack, certSerialId: null}c4a805b6-0512-42dc-ba1a-ae9d1a888919{ip: 192.168.151.103, host: pr-trunk-878pl-325597374, networkLocation: /default-rack, certSerialId: null}d2ea576c-2d73-4d25-8c74-f5f422f1c1ea{ip: 192.168.151.103, host: pr-trunk-878pl-325597374, networkLocation: /default-rack, certSerialId: null}, Type:RATIS, Factor:THREE, State:OPEN]
2019-10-01 19:50:26,716 [Thread-656] INFO  impl.FollowerState (FollowerState.java:run(106)) - d2ea576c-2d73-4d25-8c74-f5f422f1c1ea:group-42C25C36F816 changes to CANDIDATE, lastRpcTime:5005, electionTimeout:5005ms
2019-10-01 19:50:26,718 [Thread-656] INFO  impl.RoleInfo (RoleInfo.java:shutdownFollowerState(121)) - d2ea576c-2d73-4d25-8c74-f5f422f1c1ea: shutdown FollowerState
2019-10-01 19:50:26,718 [Thread-656] INFO  impl.RaftServerImpl (RaftServerImpl.java:setRole(174)) - d2ea576c-2d73-4d25-8c74-f5f422f1c1ea@group-42C25C36F816: changes role from  FOLLOWER to CANDIDATE at term 0 for changeToCandidate
2019-10-01 19:50:26,719 [Thread-656] INFO  impl.RoleInfo (RoleInfo.java:updateAndGet(143)) - d2ea576c-2d73-4d25-8c74-f5f422f1c1ea: start LeaderElection
2019-10-01 19:50:26,737 [d2ea576c-2d73-4d25-8c74-f5f422f1c1ea@group-42C25C36F816:LeaderElection9] INFO  impl.LeaderElection (LeaderElection.java:askForVotes(182)) - d2ea576c-2d73-4d25-8c74-f5f422f1c1ea@group-42C25C36F816:LeaderElection9: begin an election at term 1 for -1: [008e7f89-814f-419b-8e84-495a96fd3460:192.168.151.103:43923, c4a805b6-0512-42dc-ba1a-ae9d1a888919:192.168.151.103:33670, d2ea576c-2d73-4d25-8c74-f5f422f1c1ea:192.168.151.103:44771], old=null
2019-10-01 19:50:26,746 [grpc-default-executor-4] INFO  impl.RaftServerImpl (RaftServerImpl.java:setRole(174)) - c4a805b6-0512-42dc-ba1a-ae9d1a888919@group-42C25C36F816: changes role from  FOLLOWER to FOLLOWER at term 1 for recognizeCandidate:d2ea576c-2d73-4d25-8c74-f5f422f1c1ea
2019-10-01 19:50:26,748 [grpc-default-executor-4] INFO  impl.RoleInfo (RoleInfo.java:shutdownFollowerState(121)) - c4a805b6-0512-42dc-ba1a-ae9d1a888919: shutdown FollowerState
2019-10-01 19:50:26,748 [grpc-default-executor-1] INFO  impl.RaftServerImpl (RaftServerImpl.java:setRole(174)) - 008e7f89-814f-419b-8e84-495a96fd3460@group-42C25C36F816: changes role from  FOLLOWER to FOLLOWER at term 1 for recognizeCandidate:d2ea576c-2d73-4d25-8c74-f5f422f1c1ea
2019-10-01 19:50:26,748 [grpc-default-executor-4] INFO  impl.RoleInfo (RoleInfo.java:updateAndGet(143)) - c4a805b6-0512-42dc-ba1a-ae9d1a888919: start FollowerState
2019-10-01 19:50:26,748 [Thread-654] INFO  impl.FollowerState (FollowerState.java:run(115)) - c4a805b6-0512-42dc-ba1a-ae9d1a888919: FollowerState was interrupted: java.lang.InterruptedException: sleep interrupted
2019-10-01 19:50:26,748 [grpc-default-executor-1] INFO  impl.RoleInfo (RoleInfo.java:shutdownFollowerState(121)) - 008e7f89-814f-419b-8e84-495a96fd3460: shutdown FollowerState
2019-10-01 19:50:26,754 [grpc-default-executor-1] INFO  impl.RoleInfo (RoleInfo.java:updateAndGet(143)) - 008e7f89-814f-419b-8e84-495a96fd3460: start FollowerState
2019-10-01 19:50:26,755 [Thread-658] INFO  impl.FollowerState (FollowerState.java:run(115)) - 008e7f89-814f-419b-8e84-495a96fd3460: FollowerState was interrupted: java.lang.InterruptedException: sleep interrupted
2019-10-01 19:50:26,771 [d2ea576c-2d73-4d25-8c74-f5f422f1c1ea@group-42C25C36F816:LeaderElection9] INFO  impl.LeaderElection (LeaderElection.java:logAndReturn(56)) - d2ea576c-2d73-4d25-8c74-f5f422f1c1ea@group-42C25C36F816:LeaderElection9: Election PASSED; received 1 response(s) [d2ea576c-2d73-4d25-8c74-f5f422f1c1ea<-c4a805b6-0512-42dc-ba1a-ae9d1a888919#0:OK-t1] and 0 exception(s); d2ea576c-2d73-4d25-8c74-f5f422f1c1ea@group-42C25C36F816:t1, leader=null, voted=d2ea576c-2d73-4d25-8c74-f5f422f1c1ea, raftlog=d2ea576c-2d73-4d25-8c74-f5f422f1c1ea@group-42C25C36F816-SegmentedRaftLog:OPENED:c-1,f-1,i0, conf=-1: [008e7f89-814f-419b-8e84-495a96fd3460:192.168.151.103:43923, c4a805b6-0512-42dc-ba1a-ae9d1a888919:192.168.151.103:33670, d2ea576c-2d73-4d25-8c74-f5f422f1c1ea:192.168.151.103:44771], old=null
2019-10-01 19:50:26,771 [d2ea576c-2d73-4d25-8c74-f5f422f1c1ea@group-42C25C36F816:LeaderElection9] INFO  impl.RoleInfo (RoleInfo.java:shutdownLeaderElection(134)) - d2ea576c-2d73-4d25-8c74-f5f422f1c1ea: shutdown LeaderElection
2019-10-01 19:50:26,773 [d2ea576c-2d73-4d25-8c74-f5f422f1c1ea@group-42C25C36F816:LeaderElection9] INFO  impl.RaftServerImpl (RaftServerImpl.java:setRole(174)) - d2ea576c-2d73-4d25-8c74-f5f422f1c1ea@group-42C25C36F816: changes role from CANDIDATE to LEADER at term 1 for changeToLeader
2019-10-01 19:50:26,773 [d2ea576c-2d73-4d25-8c74-f5f422f1c1ea@group-42C25C36F816:LeaderElection9] INFO  impl.RaftServerImpl (ServerState.java:setLeader(253)) - d2ea576c-2d73-4d25-8c74-f5f422f1c1ea@group-42C25C36F816: change Leader from null to d2ea576c-2d73-4d25-8c74-f5f422f1c1ea at term 1 for becomeLeader, leader elected after 5073ms
2019-10-01 19:50:26,773 [d2ea576c-2d73-4d25-8c74-f5f422f1c1ea@group-42C25C36F816:LeaderElection9] INFO  server.RaftServerConfigKeys (ConfUtils.java:logGet(43)) - raft.server.staging.catchup.gap = 1000 (default)
2019-10-01 19:50:26,773 [d2ea576c-2d73-4d25-8c74-f5f422f1c1ea@group-42C25C36F816:LeaderElection9] INFO  server.RaftServerConfigKeys (ConfUtils.java:logGet(43)) - raft.server.rpc.sleep.time = 25ms (default)
2019-10-01 19:50:26,773 [d2ea576c-2d73-4d25-8c74-f5f422f1c1ea@group-42C25C36F816:LeaderElection9] INFO  server.RaftServerConfigKeys (ConfUtils.java:logGet(43)) - raft.server.write.element-limit = 4096 (default)
2019-10-01 19:50:26,773 [d2ea576c-2d73-4d25-8c74-f5f422f1c1ea@group-42C25C36F816:LeaderElection9] INFO  server.RaftServerConfigKeys (ConfUtils.java:logGet(43)) - raft.server.watch.timeout = 10s (default)
2019-10-01 19:50:26,774 [d2ea576c-2d73-4d25-8c74-f5f422f1c1ea@group-42C25C36F816:LeaderElection9] INFO  server.RaftServerConfigKeys (ConfUtils.java:logGet(43)) - raft.server.watch.timeout.denomination = 1s (default)
2019-10-01 19:50:26,774 [d2ea576c-2d73-4d25-8c74-f5f422f1c1ea@group-42C25C36F816:LeaderElection9] INFO  server.RaftServerConfigKeys (ConfUtils.java:logGet(43)) - raft.server.watch.element-limit = 65536 (default)
2019-10-01 19:50:26,777 [d2ea576c-2d73-4d25-8c74-f5f422f1c1ea@group-42C25C36F816:LeaderElection9] INFO  server.RaftServerConfigKeys (ConfUtils.java:logGet(43)) - raft.server.log.appender.snapshot.chunk.size.max = 16MB (=16777216) (default)
2019-10-01 19:50:26,777 [d2ea576c-2d73-4d25-8c74-f5f422f1c1ea@group-42C25C36F816:LeaderElection9] INFO  server.RaftServerConfigKeys (ConfUtils.java:logGet(43)) - raft.server.log.appender.buffer.byte-limit = 33554432 (custom)
2019-10-01 19:50:26,777 [d2ea576c-2d73-4d25-8c74-f5f422f1c1ea@group-42C25C36F816:LeaderElection9] INFO  server.RaftServerConfigKeys (ConfUtils.java:logGet(43)) - raft.server.log.appender.buffer.element-limit = 1 (custom)
2019-10-01 19:50:26,777 [d2ea576c-2d73-4d25-8c74-f5f422f1c1ea@group-42C25C36F816:LeaderElection9] INFO  grpc.GrpcConfigKeys$Server (ConfUtils.java:logGet(43)) - raft.grpc.server.leader.outstanding.appends.max = 128 (default)
2019-10-01 19:50:26,777 [d2ea576c-2d73-4d25-8c74-f5f422f1c1ea@group-42C25C36F816:LeaderElection9] INFO  server.RaftServerConfigKeys (ConfUtils.java:logGet(43)) - raft.server.rpc.request.timeout = 3000ms (default)
2019-10-01 19:50:26,778 [d2ea576c-2d73-4d25-8c74-f5f422f1c1ea@group-42C25C36F816:LeaderElection9] INFO  server.RaftServerConfigKeys (ConfUtils.java:logGet(43)) - raft.server.log.appender.install.snapshot.enabled = false (custom)
2019-10-01 19:50:26,778 [d2ea576c-2d73-4d25-8c74-f5f422f1c1ea@group-42C25C36F816:LeaderElection9] INFO  server.RaftServerConfigKeys (ConfUtils.java:logGet(43)) - raft.server.log.appender.snapshot.chunk.size.max = 16MB (=16777216) (default)
2019-10-01 19:50:26,778 [d2ea576c-2d73-4d25-8c74-f5f422f1c1ea@group-42C25C36F816:LeaderElection9] INFO  server.RaftServerConfigKeys (ConfUtils.java:logGet(43)) - raft.server.log.appender.buffer.byte-limit = 33554432 (custom)
2019-10-01 19:50:26,778 [d2ea576c-2d73-4d25-8c74-f5f422f1c1ea@group-42C25C36F816:LeaderElection9] INFO  server.RaftServerConfigKeys (ConfUtils.java:logGet(43)) - raft.server.log.appender.buffer.element-limit = 1 (custom)
2019-10-01 19:50:26,778 [d2ea576c-2d73-4d25-8c74-f5f422f1c1ea@group-42C25C36F816:LeaderElection9] INFO  grpc.GrpcConfigKeys$Server (ConfUtils.java:logGet(43)) - raft.grpc.server.leader.outstanding.appends.max = 128 (default)
2019-10-01 19:50:26,778 [d2ea576c-2d73-4d25-8c74-f5f422f1c1ea@group-42C25C36F816:LeaderElection9] INFO  server.RaftServerConfigKeys (ConfUtils.java:logGet(43)) - raft.server.rpc.request.timeout = 3000ms (default)
2019-10-01 19:50:26,779 [d2ea576c-2d73-4d25-8c74-f5f422f1c1ea@group-42C25C36F816:LeaderElection9] INFO  server.RaftServerConfigKeys (ConfUtils.java:logGet(43)) - raft.server.log.appender.install.snapshot.enabled = false (custom)
2019-10-01 19:50:26,779 [d2ea576c-2d73-4d25-8c74-f5f422f1c1ea@group-42C25C36F816:LeaderElection9] INFO  impl.RoleInfo (RoleInfo.java:updateAndGet(143)) - d2ea576c-2d73-4d25-8c74-f5f422f1c1ea: start LeaderState
2019-10-01 19:50:26,779 [d2ea576c-2d73-4d25-8c74-f5f422f1c1ea@group-42C25C36F816:LeaderElection9] INFO  segmented.SegmentedRaftLogWorker (SegmentedRaftLogWorker.java:startLogSegment(380)) - d2ea576c-2d73-4d25-8c74-f5f422f1c1ea@group-42C25C36F816-SegmentedRaftLogWorker: Starting segment from index:0
2019-10-01 19:50:26,780 [d2ea576c-2d73-4d25-8c74-f5f422f1c1ea@group-42C25C36F816:LeaderElection9] INFO  impl.RaftServerImpl (ServerState.java:setRaftConf(354)) - d2ea576c-2d73-4d25-8c74-f5f422f1c1ea@group-42C25C36F816: set configuration 0: [008e7f89-814f-419b-8e84-495a96fd3460:192.168.151.103:43923, c4a805b6-0512-42dc-ba1a-ae9d1a888919:192.168.151.103:33670, d2ea576c-2d73-4d25-8c74-f5f422f1c1ea:192.168.151.103:44771], old=null at 0
2019-10-01 19:50:26,810 [grpc-default-executor-4] INFO  impl.RaftServerImpl (ServerState.java:setLeader(253)) - c4a805b6-0512-42dc-ba1a-ae9d1a888919@group-42C25C36F816: change Leader from null to d2ea576c-2d73-4d25-8c74-f5f422f1c1ea at term 1 for appendEntries, leader elected after 5110ms
2019-10-01 19:50:26,810 [grpc-default-executor-1] INFO  impl.RaftServerImpl (ServerState.java:setLeader(253)) - 008e7f89-814f-419b-8e84-495a96fd3460@group-42C25C36F816: change Leader from null to d2ea576c-2d73-4d25-8c74-f5f422f1c1ea at term 1 for appendEntries, leader elected after 5110ms
2019-10-01 19:50:26,816 [grpc-default-executor-1] INFO  impl.RaftServerImpl (ServerState.java:setRaftConf(354)) - 008e7f89-814f-419b-8e84-495a96fd3460@group-42C25C36F816: set configuration 0: [008e7f89-814f-419b-8e84-495a96fd3460:192.168.151.103:43923, c4a805b6-0512-42dc-ba1a-ae9d1a888919:192.168.151.103:33670, d2ea576c-2d73-4d25-8c74-f5f422f1c1ea:192.168.151.103:44771], old=null at 0
2019-10-01 19:50:26,816 [grpc-default-executor-4] INFO  impl.RaftServerImpl (ServerState.java:setRaftConf(354)) - c4a805b6-0512-42dc-ba1a-ae9d1a888919@group-42C25C36F816: set configuration 0: [008e7f89-814f-419b-8e84-495a96fd3460:192.168.151.103:43923, c4a805b6-0512-42dc-ba1a-ae9d1a888919:192.168.151.103:33670, d2ea576c-2d73-4d25-8c74-f5f422f1c1ea:192.168.151.103:44771], old=null at 0
2019-10-01 19:50:26,816 [grpc-default-executor-1] INFO  segmented.SegmentedRaftLogWorker (SegmentedRaftLogWorker.java:startLogSegment(380)) - 008e7f89-814f-419b-8e84-495a96fd3460@group-42C25C36F816-SegmentedRaftLogWorker: Starting segment from index:0
2019-10-01 19:50:26,817 [grpc-default-executor-4] INFO  segmented.SegmentedRaftLogWorker (SegmentedRaftLogWorker.java:startLogSegment(380)) - c4a805b6-0512-42dc-ba1a-ae9d1a888919@group-42C25C36F816-SegmentedRaftLogWorker: Starting segment from index:0
2019-10-01 19:50:26,821 [d2ea576c-2d73-4d25-8c74-f5f422f1c1ea@group-42C25C36F816-SegmentedRaftLogWorker] INFO  segmented.SegmentedRaftLogWorker (SegmentedRaftLogWorker.java:execute(569)) - d2ea576c-2d73-4d25-8c74-f5f422f1c1ea@group-42C25C36F816-SegmentedRaftLogWorker: created new log segment /workdir/hadoop-ozone/ozonefs/target/test-dir/MiniOzoneClusterImpl-76701839-624f-4b6b-affa-460efe4f7a11/datanode-2/data/ratis/cb3d1bd9-bbe1-402b-a222-42c25c36f816/current/log_inprogress_0
2019-10-01 19:50:26,866 [008e7f89-814f-419b-8e84-495a96fd3460@group-42C25C36F816-SegmentedRaftLogWorker] INFO  segmented.SegmentedRaftLogWorker (SegmentedRaftLogWorker.java:execute(569)) - 008e7f89-814f-419b-8e84-495a96fd3460@group-42C25C36F816-SegmentedRaftLogWorker: created new log segment /workdir/hadoop-ozone/ozonefs/target/test-dir/MiniOzoneClusterImpl-76701839-624f-4b6b-affa-460efe4f7a11/datanode-0/data/ratis/cb3d1bd9-bbe1-402b-a222-42c25c36f816/current/log_inprogress_0
2019-10-01 19:50:26,866 [c4a805b6-0512-42dc-ba1a-ae9d1a888919@group-42C25C36F816-SegmentedRaftLogWorker] INFO  segmented.SegmentedRaftLogWorker (SegmentedRaftLogWorker.java:execute(569)) - c4a805b6-0512-42dc-ba1a-ae9d1a888919@group-42C25C36F816-SegmentedRaftLogWorker: created new log segment /workdir/hadoop-ozone/ozonefs/target/test-dir/MiniOzoneClusterImpl-76701839-624f-4b6b-affa-460efe4f7a11/datanode-4/data/ratis/cb3d1bd9-bbe1-402b-a222-42c25c36f816/current/log_inprogress_0
2019-10-01 19:50:26,974 [pool-46-thread-4] ERROR impl.ChunkManagerImpl (ChunkUtils.java:writeData(89)) - data array does not match the length specified. DataLen: 1024 Byte Array: 1181
2019-10-01 19:50:26,976 [pool-46-thread-4] INFO  keyvalue.KeyValueHandler (ContainerUtils.java:logAndReturnError(146)) - Operation: WriteChunk : Trace ID: de4b045791c4a093:de4b045791c4a093:0:0 : Message: data array does not match the length specified. DataLen: 1024 Byte Array: 1181 : Result: INVALID_WRITE_SIZE
2019-10-01 19:50:26,996 [EventQueue-IncrementalContainerReportForIncrementalContainerReportHandler] WARN  container.IncrementalContainerReportHandler (AbstractContainerReportHandler.java:updateContainerState(143)) - Container #4 is in OPEN state, but the datanode d2ea576c-2d73-4d25-8c74-f5f422f1c1ea{ip: 192.168.151.103, host: pr-trunk-878pl-325597374, networkLocation: /default-rack, certSerialId: null} reports an UNHEALTHY replica.
2019-10-01 19:50:26,997 [EventQueue-CloseContainerForCloseContainerEventHandler] INFO  container.CloseContainerEventHandler (CloseContainerEventHandler.java:onMessage(61)) - Close container Event triggered for container : #4
19:50:26.996 [pool-46-thread-4] ERROR DNAudit - user=null | ip=null | op=WRITE_CHUNK {blockData=conID: 4 locID: 102888860661710852 bcsId: 0} | ret=FAILURE
java.lang.Exception: data array does not match the length specified. DataLen: 1024 Byte Array: 1181
	at org.apache.hadoop.ozone.container.common.impl.HddsDispatcher.dispatchRequest(HddsDispatcher.java:330) ~[hadoop-hdds-container-service-0.5.0-SNAPSHOT.jar:?]
	at org.apache.hadoop.ozone.container.common.impl.HddsDispatcher.dispatch(HddsDispatcher.java:150) ~[hadoop-hdds-container-service-0.5.0-SNAPSHOT.jar:?]
	at org.apache.hadoop.ozone.container.common.transport.server.ratis.ContainerStateMachine.dispatchCommand(ContainerStateMachine.java:407) ~[hadoop-hdds-container-service-0.5.0-SNAPSHOT.jar:?]
	at org.apache.hadoop.ozone.container.common.transport.server.ratis.ContainerStateMachine.runCommand(ContainerStateMachine.java:415) ~[hadoop-hdds-container-service-0.5.0-SNAPSHOT.jar:?]
	at org.apache.hadoop.ozone.container.common.transport.server.ratis.ContainerStateMachine.lambda$handleWriteChunk$1(ContainerStateMachine.java:450) ~[hadoop-hdds-container-service-0.5.0-SNAPSHOT.jar:?]
	at java.util.concurrent.CompletableFuture$AsyncSupply.run(CompletableFuture.java:1590) [?:1.8.0_212]
	at java.util.concurrent.ThreadPoolExecutor.runWorker(ThreadPoolExecutor.java:1149) [?:1.8.0_212]
	at java.util.concurrent.ThreadPoolExecutor$Worker.run(ThreadPoolExecutor.java:624) [?:1.8.0_212]
	at java.lang.Thread.run(Thread.java:748) [?:1.8.0_212]
2019-10-01 19:50:26,998 [pool-46-thread-4] ERROR ratis.ContainerStateMachine (ContainerStateMachine.java:lambda$handleWriteChunk$2(470)) - group-42C25C36F816: writeChunk writeStateMachineData failed: blockIdcontainerID: 4
localID: 102888860661710852
blockCommitSequenceId: 0
 logIndex 1 chunkName 102888860661710852_chunk_1 Error message: data array does not match the length specified. DataLen: 1024 Byte Array: 1181 Container Result: INVALID_WRITE_SIZE
2019-10-01 19:50:27,000 [d2ea576c-2d73-4d25-8c74-f5f422f1c1ea@group-42C25C36F816-SegmentedRaftLogWorker] ERROR ratis.XceiverServerRatis (XceiverServerRatis.java:triggerPipelineClose(575)) - pipeline Action CLOSE  on pipeline PipelineID=cb3d1bd9-bbe1-402b-a222-42c25c36f816.Reason : data array does not match the length specified. DataLen: 1024 Byte Array: 1181
2019-10-01 19:50:27,001 [d2ea576c-2d73-4d25-8c74-f5f422f1c1ea@group-42C25C36F816-SegmentedRaftLogWorker] ERROR ratis.XceiverServerRatis (XceiverServerRatis.java:triggerPipelineClose(575)) - pipeline Action CLOSE  on pipeline PipelineID=cb3d1bd9-bbe1-402b-a222-42c25c36f816.Reason : Log already failed at index 1 for task WriteLog:1: (t:1, i:1), STATEMACHINELOGENTRY, client-75E5B90F61A4, cid=35
2019-10-01 19:50:27,003 [EventQueue-PipelineActionsForPipelineActionHandler] ERROR pipeline.PipelineActionHandler (PipelineActionHandler.java:onMessage(60)) - Received pipeline action CLOSE for Pipeline[ Id: cb3d1bd9-bbe1-402b-a222-42c25c36f816, Nodes: 008e7f89-814f-419b-8e84-495a96fd3460{ip: 192.168.151.103, host: pr-trunk-878pl-325597374, networkLocation: /default-rack, certSerialId: null}c4a805b6-0512-42dc-ba1a-ae9d1a888919{ip: 192.168.151.103, host: pr-trunk-878pl-325597374, networkLocation: /default-rack, certSerialId: null}d2ea576c-2d73-4d25-8c74-f5f422f1c1ea{ip: 192.168.151.103, host: pr-trunk-878pl-325597374, networkLocation: /default-rack, certSerialId: null}, Type:RATIS, Factor:THREE, State:OPEN] from datanode d2ea576c-2d73-4d25-8c74-f5f422f1c1ea{ip: 192.168.151.103, host: pr-trunk-878pl-325597374, networkLocation: /default-rack, certSerialId: null}. Reason : data array does not match the length specified. DataLen: 1024 Byte Array: 1181
2019-10-01 19:50:27,003 [EventQueue-PipelineActionsForPipelineActionHandler] INFO  pipeline.SCMPipelineManager (SCMPipelineManager.java:finalizeAndDestroyPipeline(315)) - destroying pipeline:Pipeline[ Id: cb3d1bd9-bbe1-402b-a222-42c25c36f816, Nodes: 008e7f89-814f-419b-8e84-495a96fd3460{ip: 192.168.151.103, host: pr-trunk-878pl-325597374, networkLocation: /default-rack, certSerialId: null}c4a805b6-0512-42dc-ba1a-ae9d1a888919{ip: 192.168.151.103, host: pr-trunk-878pl-325597374, networkLocation: /default-rack, certSerialId: null}d2ea576c-2d73-4d25-8c74-f5f422f1c1ea{ip: 192.168.151.103, host: pr-trunk-878pl-325597374, networkLocation: /default-rack, certSerialId: null}, Type:RATIS, Factor:THREE, State:OPEN]
2019-10-01 19:50:27,004 [EventQueue-PipelineActionsForPipelineActionHandler] INFO  pipeline.PipelineStateManager (PipelineStateManager.java:finalizePipeline(123)) - Pipeline Pipeline[ Id: cb3d1bd9-bbe1-402b-a222-42c25c36f816, Nodes: 008e7f89-814f-419b-8e84-495a96fd3460{ip: 192.168.151.103, host: pr-trunk-878pl-325597374, networkLocation: /default-rack, certSerialId: null}c4a805b6-0512-42dc-ba1a-ae9d1a888919{ip: 192.168.151.103, host: pr-trunk-878pl-325597374, networkLocation: /default-rack, certSerialId: null}d2ea576c-2d73-4d25-8c74-f5f422f1c1ea{ip: 192.168.151.103, host: pr-trunk-878pl-325597374, networkLocation: /default-rack, certSerialId: null}, Type:RATIS, Factor:THREE, State:CLOSED] moved to CLOSED state
2019-10-01 19:50:27,007 [EventQueue-PipelineActionsForPipelineActionHandler] ERROR pipeline.PipelineActionHandler (PipelineActionHandler.java:onMessage(60)) - Received pipeline action CLOSE for Pipeline[ Id: cb3d1bd9-bbe1-402b-a222-42c25c36f816, Nodes: 008e7f89-814f-419b-8e84-495a96fd3460{ip: 192.168.151.103, host: pr-trunk-878pl-325597374, networkLocation: /default-rack, certSerialId: null}c4a805b6-0512-42dc-ba1a-ae9d1a888919{ip: 192.168.151.103, host: pr-trunk-878pl-325597374, networkLocation: /default-rack, certSerialId: null}d2ea576c-2d73-4d25-8c74-f5f422f1c1ea{ip: 192.168.151.103, host: pr-trunk-878pl-325597374, networkLocation: /default-rack, certSerialId: null}, Type:RATIS, Factor:THREE, State:CLOSED] from datanode d2ea576c-2d73-4d25-8c74-f5f422f1c1ea{ip: 192.168.151.103, host: pr-trunk-878pl-325597374, networkLocation: /default-rack, certSerialId: null}. Reason : Log already failed at index 1 for task WriteLog:1: (t:1, i:1), STATEMACHINELOGENTRY, client-75E5B90F61A4, cid=35
2019-10-01 19:50:27,007 [EventQueue-PipelineActionsForPipelineActionHandler] INFO  pipeline.SCMPipelineManager (SCMPipelineManager.java:finalizeAndDestroyPipeline(315)) - destroying pipeline:Pipeline[ Id: cb3d1bd9-bbe1-402b-a222-42c25c36f816, Nodes: 008e7f89-814f-419b-8e84-495a96fd3460{ip: 192.168.151.103, host: pr-trunk-878pl-325597374, networkLocation: /default-rack, certSerialId: null}c4a805b6-0512-42dc-ba1a-ae9d1a888919{ip: 192.168.151.103, host: pr-trunk-878pl-325597374, networkLocation: /default-rack, certSerialId: null}d2ea576c-2d73-4d25-8c74-f5f422f1c1ea{ip: 192.168.151.103, host: pr-trunk-878pl-325597374, networkLocation: /default-rack, certSerialId: null}, Type:RATIS, Factor:THREE, State:CLOSED]
2019-10-01 19:50:51,825 [grpc-default-executor-4] INFO  impl.RaftServerProxy (RaftServerProxy.java:remove(95)) - 008e7f89-814f-419b-8e84-495a96fd3460: remove  FOLLOWER 008e7f89-814f-419b-8e84-495a96fd3460@group-83DFE497CA30:t1, leader=c4a805b6-0512-42dc-ba1a-ae9d1a888919, voted=c4a805b6-0512-42dc-ba1a-ae9d1a888919, raftlog=008e7f89-814f-419b-8e84-495a96fd3460@group-83DFE497CA30-SegmentedRaftLog:OPENED:c0,f2,i2, conf=0: [008e7f89-814f-419b-8e84-495a96fd3460:192.168.151.103:43923, c4a805b6-0512-42dc-ba1a-ae9d1a888919:192.168.151.103:33670, d2ea576c-2d73-4d25-8c74-f5f422f1c1ea:192.168.151.103:44771], old=null RUNNING
2019-10-01 19:50:51,827 [grpc-default-executor-4] INFO  impl.RaftServerImpl (RaftServerImpl.java:lambda$shutdown$3(251)) - 008e7f89-814f-419b-8e84-495a96fd3460@group-83DFE497CA30: shutdown
2019-10-01 19:50:51,827 [grpc-default-executor-4] INFO  util.JmxRegister (JmxRegister.java:unregister(73)) - Successfully un-registered JMX Bean with object name Ratis:service=RaftServer,group=group-83DFE497CA30,id=008e7f89-814f-419b-8e84-495a96fd3460
2019-10-01 19:50:51,827 [grpc-default-executor-4] INFO  impl.RoleInfo (RoleInfo.java:shutdownFollowerState(121)) - 008e7f89-814f-419b-8e84-495a96fd3460: shutdown FollowerState
2019-10-01 19:50:51,827 [grpc-default-executor-4] INFO  impl.StateMachineUpdater (StateMachineUpdater.java:stopAndJoin(125)) - 008e7f89-814f-419b-8e84-495a96fd3460@group-83DFE497CA30-StateMachineUpdater: set stopIndex = 0
2019-10-01 19:50:51,828 [Thread-516] INFO  impl.FollowerState (FollowerState.java:run(115)) - 008e7f89-814f-419b-8e84-495a96fd3460: FollowerState was interrupted: java.lang.InterruptedException: sleep interrupted
2019-10-01 19:50:51,834 [grpc-default-executor-4] INFO  impl.RaftServerImpl (ServerState.java:close(385)) - 008e7f89-814f-419b-8e84-495a96fd3460@group-83DFE497CA30: closes. applyIndex: 0
2019-10-01 19:50:51,834 [008e7f89-814f-419b-8e84-495a96fd3460@group-83DFE497CA30-SegmentedRaftLogWorker] INFO  segmented.SegmentedRaftLogWorker (SegmentedRaftLogWorker.java:run(313)) - 008e7f89-814f-419b-8e84-495a96fd3460@group-83DFE497CA30-SegmentedRaftLogWorker was interrupted, exiting. There are 0 tasks remaining in the queue.
2019-10-01 19:50:51,836 [grpc-default-executor-4] INFO  segmented.SegmentedRaftLogWorker (SegmentedRaftLogWorker.java:close(228)) - 008e7f89-814f-419b-8e84-495a96fd3460@group-83DFE497CA30-SegmentedRaftLogWorker close()
2019-10-01 19:50:51,906 [grpc-default-executor-4] INFO  interfaces.Container (KeyValueContainer.java:flushAndSyncDB(386)) - Container 3 is synced with bcsId 0.
2019-10-01 19:50:51,908 [grpc-default-executor-4] INFO  interfaces.Container (KeyValueContainer.java:flushAndSyncDB(386)) - Container 3 is synced with bcsId 0.
2019-10-01 19:50:51,924 [EventQueue-IncrementalContainerReportForIncrementalContainerReportHandler] INFO  container.IncrementalContainerReportHandler (AbstractContainerReportHandler.java:updateContainerState(169)) - Moving container #3 to QUASI_CLOSED state, datanode 008e7f89-814f-419b-8e84-495a96fd3460{ip: 192.168.151.103, host: pr-trunk-878pl-325597374, networkLocation: /default-rack, certSerialId: null} reported QUASI_CLOSED replica.
2019-10-01 19:50:51,930 [grpc-default-executor-4] INFO  impl.RaftServerProxy (RaftServerProxy.java:remove(95)) - c4a805b6-0512-42dc-ba1a-ae9d1a888919: remove    LEADER c4a805b6-0512-42dc-ba1a-ae9d1a888919@group-83DFE497CA30:t1, leader=c4a805b6-0512-42dc-ba1a-ae9d1a888919, voted=c4a805b6-0512-42dc-ba1a-ae9d1a888919, raftlog=c4a805b6-0512-42dc-ba1a-ae9d1a888919@group-83DFE497CA30-SegmentedRaftLog:OPENED:c0,f0,i2, conf=0: [008e7f89-814f-419b-8e84-495a96fd3460:192.168.151.103:43923, c4a805b6-0512-42dc-ba1a-ae9d1a888919:192.168.151.103:33670, d2ea576c-2d73-4d25-8c74-f5f422f1c1ea:192.168.151.103:44771], old=null RUNNING
2019-10-01 19:50:51,930 [grpc-default-executor-4] INFO  impl.RaftServerImpl (RaftServerImpl.java:lambda$shutdown$3(251)) - c4a805b6-0512-42dc-ba1a-ae9d1a888919@group-83DFE497CA30: shutdown
2019-10-01 19:50:51,930 [grpc-default-executor-4] INFO  util.JmxRegister (JmxRegister.java:unregister(73)) - Successfully un-registered JMX Bean with object name Ratis:service=RaftServer,group=group-83DFE497CA30,id=c4a805b6-0512-42dc-ba1a-ae9d1a888919
2019-10-01 19:50:51,930 [grpc-default-executor-4] INFO  impl.RoleInfo (RoleInfo.java:shutdownLeaderState(104)) - c4a805b6-0512-42dc-ba1a-ae9d1a888919: shutdown LeaderState
2019-10-01 19:50:51,933 [grpc-default-executor-4] INFO  impl.PendingRequests (PendingRequests.java:sendNotLeaderResponses(202)) - c4a805b6-0512-42dc-ba1a-ae9d1a888919-PendingRequests: sendNotLeaderResponses
2019-10-01 19:50:51,934 [org.apache.ratis.server.impl.LogAppender$AppenderDaemon$$Lambda$490/993546980@11d25473] WARN  server.GrpcLogAppender (GrpcLogAppender.java:mayWait(143)) - c4a805b6-0512-42dc-ba1a-ae9d1a888919@group-83DFE497CA30->008e7f89-814f-419b-8e84-495a96fd3460-GrpcLogAppender: Wait interrupted by java.lang.InterruptedException
2019-10-01 19:50:51,934 [org.apache.ratis.server.impl.LogAppender$AppenderDaemon$$Lambda$490/993546980@abe72f7] WARN  server.GrpcLogAppender (GrpcLogAppender.java:mayWait(143)) - c4a805b6-0512-42dc-ba1a-ae9d1a888919@group-83DFE497CA30->d2ea576c-2d73-4d25-8c74-f5f422f1c1ea-GrpcLogAppender: Wait interrupted by java.lang.InterruptedException
2019-10-01 19:50:51,937 [grpc-default-executor-1] INFO  server.GrpcServerProtocolService (GrpcServerProtocolService.java:onCompleted(113)) - 008e7f89-814f-419b-8e84-495a96fd3460: Completed APPEND_ENTRIES, lastRequest: c4a805b6-0512-42dc-ba1a-ae9d1a888919->008e7f89-814f-419b-8e84-495a96fd3460#37-t1, previous=(t:1, i:2), leaderCommit=0, initializing? false, entries: <empty>
2019-10-01 19:50:51,937 [grpc-default-executor-3] INFO  server.GrpcServerProtocolService (GrpcServerProtocolService.java:onCompleted(113)) - d2ea576c-2d73-4d25-8c74-f5f422f1c1ea: Completed APPEND_ENTRIES, lastRequest: c4a805b6-0512-42dc-ba1a-ae9d1a888919->d2ea576c-2d73-4d25-8c74-f5f422f1c1ea#37-t1, previous=(t:1, i:2), leaderCommit=0, initializing? false, entries: <empty>
2019-10-01 19:50:51,937 [grpc-default-executor-4] INFO  impl.StateMachineUpdater (StateMachineUpdater.java:stopAndJoin(125)) - c4a805b6-0512-42dc-ba1a-ae9d1a888919@group-83DFE497CA30-StateMachineUpdater: set stopIndex = 0
2019-10-01 19:50:51,940 [grpc-default-executor-4] INFO  impl.RaftServerImpl (ServerState.java:close(385)) - c4a805b6-0512-42dc-ba1a-ae9d1a888919@group-83DFE497CA30: closes. applyIndex: 0
2019-10-01 19:50:51,940 [grpc-default-executor-1] INFO  server.GrpcLogAppender (GrpcLogAppender.java:onCompleted(293)) - c4a805b6-0512-42dc-ba1a-ae9d1a888919@group-83DFE497CA30->008e7f89-814f-419b-8e84-495a96fd3460-AppendLogResponseHandler: follower responses appendEntries COMPLETED
2019-10-01 19:50:51,941 [c4a805b6-0512-42dc-ba1a-ae9d1a888919@group-83DFE497CA30-SegmentedRaftLogWorker] INFO  segmented.SegmentedRaftLogWorker (SegmentedRaftLogWorker.java:run(313)) - c4a805b6-0512-42dc-ba1a-ae9d1a888919@group-83DFE497CA30-SegmentedRaftLogWorker was interrupted, exiting. There are 0 tasks remaining in the queue.
2019-10-01 19:50:51,941 [grpc-default-executor-1] INFO  impl.FollowerInfo (FollowerInfo.java:lambda$new$0(51)) - c4a805b6-0512-42dc-ba1a-ae9d1a888919@group-83DFE497CA30->008e7f89-814f-419b-8e84-495a96fd3460: nextIndex: updateUnconditionally 3 -> 2
2019-10-01 19:50:51,943 [grpc-default-executor-4] INFO  segmented.SegmentedRaftLogWorker (SegmentedRaftLogWorker.java:close(228)) - c4a805b6-0512-42dc-ba1a-ae9d1a888919@group-83DFE497CA30-SegmentedRaftLogWorker close()
2019-10-01 19:50:51,943 [grpc-default-executor-5] INFO  server.GrpcLogAppender (GrpcLogAppender.java:onCompleted(293)) - c4a805b6-0512-42dc-ba1a-ae9d1a888919@group-83DFE497CA30->d2ea576c-2d73-4d25-8c74-f5f422f1c1ea-AppendLogResponseHandler: follower responses appendEntries COMPLETED
2019-10-01 19:50:51,947 [grpc-default-executor-5] INFO  impl.FollowerInfo (FollowerInfo.java:lambda$new$0(51)) - c4a805b6-0512-42dc-ba1a-ae9d1a888919@group-83DFE497CA30->d2ea576c-2d73-4d25-8c74-f5f422f1c1ea: nextIndex: updateUnconditionally 3 -> 2
2019-10-01 19:50:51,952 [grpc-default-executor-4] INFO  impl.RaftServerProxy (RaftServerProxy.java:remove(95)) - d2ea576c-2d73-4d25-8c74-f5f422f1c1ea: remove  FOLLOWER d2ea576c-2d73-4d25-8c74-f5f422f1c1ea@group-83DFE497CA30:t1, leader=c4a805b6-0512-42dc-ba1a-ae9d1a888919, voted=c4a805b6-0512-42dc-ba1a-ae9d1a888919, raftlog=d2ea576c-2d73-4d25-8c74-f5f422f1c1ea@group-83DFE497CA30-SegmentedRaftLog:OPENED:c0,f2,i2, conf=0: [008e7f89-814f-419b-8e84-495a96fd3460:192.168.151.103:43923, c4a805b6-0512-42dc-ba1a-ae9d1a888919:192.168.151.103:33670, d2ea576c-2d73-4d25-8c74-f5f422f1c1ea:192.168.151.103:44771], old=null RUNNING
2019-10-01 19:50:51,952 [grpc-default-executor-4] INFO  impl.RaftServerImpl (RaftServerImpl.java:lambda$shutdown$3(251)) - d2ea576c-2d73-4d25-8c74-f5f422f1c1ea@group-83DFE497CA30: shutdown
2019-10-01 19:50:51,952 [grpc-default-executor-4] INFO  util.JmxRegister (JmxRegister.java:unregister(73)) - Successfully un-registered JMX Bean with object name Ratis:service=RaftServer,group=group-83DFE497CA30,id=d2ea576c-2d73-4d25-8c74-f5f422f1c1ea
2019-10-01 19:50:51,952 [grpc-default-executor-4] INFO  impl.RoleInfo (RoleInfo.java:shutdownFollowerState(121)) - d2ea576c-2d73-4d25-8c74-f5f422f1c1ea: shutdown FollowerState
2019-10-01 19:50:51,952 [grpc-default-executor-4] INFO  impl.StateMachineUpdater (StateMachineUpdater.java:stopAndJoin(125)) - d2ea576c-2d73-4d25-8c74-f5f422f1c1ea@group-83DFE497CA30-StateMachineUpdater: set stopIndex = 0
2019-10-01 19:50:51,953 [Thread-515] INFO  impl.FollowerState (FollowerState.java:run(115)) - d2ea576c-2d73-4d25-8c74-f5f422f1c1ea: FollowerState was interrupted: java.lang.InterruptedException: sleep interrupted
2019-10-01 19:50:51,954 [grpc-default-executor-4] INFO  impl.RaftServerImpl (ServerState.java:close(385)) - d2ea576c-2d73-4d25-8c74-f5f422f1c1ea@group-83DFE497CA30: closes. applyIndex: 0
2019-10-01 19:50:51,954 [d2ea576c-2d73-4d25-8c74-f5f422f1c1ea@group-83DFE497CA30-SegmentedRaftLogWorker] INFO  segmented.SegmentedRaftLogWorker (SegmentedRaftLogWorker.java:run(313)) - d2ea576c-2d73-4d25-8c74-f5f422f1c1ea@group-83DFE497CA30-SegmentedRaftLogWorker was interrupted, exiting. There are 0 tasks remaining in the queue.
2019-10-01 19:50:51,955 [grpc-default-executor-4] INFO  segmented.SegmentedRaftLogWorker (SegmentedRaftLogWorker.java:close(228)) - d2ea576c-2d73-4d25-8c74-f5f422f1c1ea@group-83DFE497CA30-SegmentedRaftLogWorker close()
2019-10-01 19:50:52,013 [grpc-default-executor-4] INFO  interfaces.Container (KeyValueContainer.java:flushAndSyncDB(386)) - Container 3 is synced with bcsId 0.
2019-10-01 19:50:52,013 [grpc-default-executor-4] INFO  interfaces.Container (KeyValueContainer.java:flushAndSyncDB(386)) - Container 3 is synced with bcsId 0.
2019-10-01 19:50:52,032 [RatisPipelineUtilsThread] INFO  pipeline.PipelineStateManager (PipelineStateManager.java:removePipeline(108)) - Pipeline Pipeline[ Id: 62040400-025c-49bf-bcc7-83dfe497ca30, Nodes: 008e7f89-814f-419b-8e84-495a96fd3460{ip: 192.168.151.103, host: pr-trunk-878pl-325597374, networkLocation: /default-rack, certSerialId: null}c4a805b6-0512-42dc-ba1a-ae9d1a888919{ip: 192.168.151.103, host: pr-trunk-878pl-325597374, networkLocation: /default-rack, certSerialId: null}d2ea576c-2d73-4d25-8c74-f5f422f1c1ea{ip: 192.168.151.103, host: pr-trunk-878pl-325597374, networkLocation: /default-rack, certSerialId: null}, Type:RATIS, Factor:THREE, State:CLOSED] removed from db
2019-10-01 19:50:52,036 [grpc-default-executor-5] INFO  impl.RaftServerProxy (RaftServerProxy.java:remove(95)) - 008e7f89-814f-419b-8e84-495a96fd3460: remove group-83DFE497CA30:null
2019-10-01 19:50:52,040 [RatisPipelineUtilsThread] WARN  pipeline.RatisPipelineUtils (RatisPipelineUtils.java:destroyPipeline(67)) - Pipeline destroy failed for pipeline=PipelineID=62040400-025c-49bf-bcc7-83dfe497ca30 dn=008e7f89-814f-419b-8e84-495a96fd3460{ip: 192.168.151.103, host: pr-trunk-878pl-325597374, networkLocation: /default-rack, certSerialId: null}
2019-10-01 19:50:52,045 [grpc-default-executor-5] INFO  impl.RaftServerProxy (RaftServerProxy.java:remove(95)) - c4a805b6-0512-42dc-ba1a-ae9d1a888919: remove group-83DFE497CA30:null
2019-10-01 19:50:52,048 [RatisPipelineUtilsThread] WARN  pipeline.RatisPipelineUtils (RatisPipelineUtils.java:destroyPipeline(67)) - Pipeline destroy failed for pipeline=PipelineID=62040400-025c-49bf-bcc7-83dfe497ca30 dn=c4a805b6-0512-42dc-ba1a-ae9d1a888919{ip: 192.168.151.103, host: pr-trunk-878pl-325597374, networkLocation: /default-rack, certSerialId: null}
2019-10-01 19:50:52,052 [grpc-default-executor-5] INFO  impl.RaftServerProxy (RaftServerProxy.java:remove(95)) - d2ea576c-2d73-4d25-8c74-f5f422f1c1ea: remove group-83DFE497CA30:null
2019-10-01 19:50:52,056 [RatisPipelineUtilsThread] WARN  pipeline.RatisPipelineUtils (RatisPipelineUtils.java:destroyPipeline(67)) - Pipeline destroy failed for pipeline=PipelineID=62040400-025c-49bf-bcc7-83dfe497ca30 dn=d2ea576c-2d73-4d25-8c74-f5f422f1c1ea{ip: 192.168.151.103, host: pr-trunk-878pl-325597374, networkLocation: /default-rack, certSerialId: null}
2019-10-01 19:50:52,056 [RatisPipelineUtilsThread] ERROR pipeline.SCMPipelineManager (Scheduler.java:lambda$schedule$1(70)) - Destroy pipeline failed for pipeline:Pipeline[ Id: 62040400-025c-49bf-bcc7-83dfe497ca30, Nodes: 008e7f89-814f-419b-8e84-495a96fd3460{ip: 192.168.151.103, host: pr-trunk-878pl-325597374, networkLocation: /default-rack, certSerialId: null}c4a805b6-0512-42dc-ba1a-ae9d1a888919{ip: 192.168.151.103, host: pr-trunk-878pl-325597374, networkLocation: /default-rack, certSerialId: null}d2ea576c-2d73-4d25-8c74-f5f422f1c1ea{ip: 192.168.151.103, host: pr-trunk-878pl-325597374, networkLocation: /default-rack, certSerialId: null}, Type:RATIS, Factor:THREE, State:CLOSED]
org.apache.hadoop.hdds.scm.pipeline.PipelineNotFoundException: PipelineID=62040400-025c-49bf-bcc7-83dfe497ca30 not found
	at org.apache.hadoop.hdds.scm.pipeline.PipelineStateMap.getPipeline(PipelineStateMap.java:132)
	at org.apache.hadoop.hdds.scm.pipeline.PipelineStateMap.removePipeline(PipelineStateMap.java:322)
	at org.apache.hadoop.hdds.scm.pipeline.PipelineStateManager.removePipeline(PipelineStateManager.java:107)
	at org.apache.hadoop.hdds.scm.pipeline.SCMPipelineManager.removePipeline(SCMPipelineManager.java:427)
	at org.apache.hadoop.hdds.scm.pipeline.SCMPipelineManager.destroyPipeline(SCMPipelineManager.java:413)
	at org.apache.hadoop.hdds.scm.pipeline.SCMPipelineManager.lambda$finalizeAndDestroyPipeline$0(SCMPipelineManager.java:322)
	at org.apache.hadoop.hdds.utils.Scheduler.lambda$schedule$1(Scheduler.java:68)
	at java.util.concurrent.Executors$RunnableAdapter.call(Executors.java:511)
	at java.util.concurrent.FutureTask.run(FutureTask.java:266)
	at java.util.concurrent.ScheduledThreadPoolExecutor$ScheduledFutureTask.access$201(ScheduledThreadPoolExecutor.java:180)
	at java.util.concurrent.ScheduledThreadPoolExecutor$ScheduledFutureTask.run(ScheduledThreadPoolExecutor.java:293)
	at java.util.concurrent.ThreadPoolExecutor.runWorker(ThreadPoolExecutor.java:1149)
	at java.util.concurrent.ThreadPoolExecutor$Worker.run(ThreadPoolExecutor.java:624)
	at java.lang.Thread.run(Thread.java:748)
2019-10-01 19:50:52,068 [grpc-default-executor-1] INFO  impl.RaftServerProxy (RaftServerProxy.java:addNew(89)) - c4a805b6-0512-42dc-ba1a-ae9d1a888919: addNew group-E749622D4C40:[008e7f89-814f-419b-8e84-495a96fd3460:192.168.151.103:43923, c4a805b6-0512-42dc-ba1a-ae9d1a888919:192.168.151.103:33670, d2ea576c-2d73-4d25-8c74-f5f422f1c1ea:192.168.151.103:44771] returns group-E749622D4C40:java.util.concurrent.CompletableFuture@e762b3c[Not completed]
2019-10-01 19:50:52,068 [grpc-default-executor-4] INFO  impl.RaftServerProxy (RaftServerProxy.java:addNew(89)) - d2ea576c-2d73-4d25-8c74-f5f422f1c1ea: addNew group-E749622D4C40:[008e7f89-814f-419b-8e84-495a96fd3460:192.168.151.103:43923, c4a805b6-0512-42dc-ba1a-ae9d1a888919:192.168.151.103:33670, d2ea576c-2d73-4d25-8c74-f5f422f1c1ea:192.168.151.103:44771] returns group-E749622D4C40:java.util.concurrent.CompletableFuture@45827517[Not completed]
2019-10-01 19:50:52,072 [grpc-default-executor-4] INFO  impl.RaftServerProxy (RaftServerProxy.java:addNew(89)) - 008e7f89-814f-419b-8e84-495a96fd3460: addNew group-E749622D4C40:[008e7f89-814f-419b-8e84-495a96fd3460:192.168.151.103:43923, c4a805b6-0512-42dc-ba1a-ae9d1a888919:192.168.151.103:33670, d2ea576c-2d73-4d25-8c74-f5f422f1c1ea:192.168.151.103:44771] returns group-E749622D4C40:java.util.concurrent.CompletableFuture@6f0a9e8a[Not completed]
2019-10-01 19:50:52,074 [pool-47-thread-1] INFO  impl.RaftServerImpl (RaftServerImpl.java:<init>(95)) - d2ea576c-2d73-4d25-8c74-f5f422f1c1ea: new RaftServerImpl for group-E749622D4C40:[008e7f89-814f-419b-8e84-495a96fd3460:192.168.151.103:43923, c4a805b6-0512-42dc-ba1a-ae9d1a888919:192.168.151.103:33670, d2ea576c-2d73-4d25-8c74-f5f422f1c1ea:192.168.151.103:44771] with ContainerStateMachine:uninitialized
2019-10-01 19:50:52,074 [pool-47-thread-1] INFO  server.RaftServerConfigKeys (ConfUtils.java:logGet(43)) - raft.server.rpc.timeout.min = 5s (custom)
2019-10-01 19:50:52,074 [pool-47-thread-1] INFO  server.RaftServerConfigKeys (ConfUtils.java:logGet(43)) - raft.server.rpc.timeout.max = 5200ms (custom)
2019-10-01 19:50:52,074 [pool-47-thread-1] INFO  server.RaftServerConfigKeys (ConfUtils.java:logGet(43)) - raft.server.rpcslowness.timeout = 120s (custom)
2019-10-01 19:50:52,074 [pool-47-thread-1] INFO  server.RaftServerConfigKeys (ConfUtils.java:logGet(43)) - raft.server.sleep.deviation.threshold = 300 (default)
2019-10-01 19:50:52,075 [pool-67-thread-1] INFO  impl.RaftServerImpl (RaftServerImpl.java:<init>(95)) - c4a805b6-0512-42dc-ba1a-ae9d1a888919: new RaftServerImpl for group-E749622D4C40:[008e7f89-814f-419b-8e84-495a96fd3460:192.168.151.103:43923, c4a805b6-0512-42dc-ba1a-ae9d1a888919:192.168.151.103:33670, d2ea576c-2d73-4d25-8c74-f5f422f1c1ea:192.168.151.103:44771] with ContainerStateMachine:uninitialized
2019-10-01 19:50:52,075 [pool-47-thread-1] INFO  server.RaftServerConfigKeys (ConfUtils.java:logGet(43)) - raft.server.log.appender.install.snapshot.enabled = false (custom)
2019-10-01 19:50:52,075 [pool-67-thread-1] INFO  server.RaftServerConfigKeys (ConfUtils.java:logGet(43)) - raft.server.rpc.timeout.min = 5s (custom)
2019-10-01 19:50:52,075 [pool-47-thread-1] INFO  impl.RaftServerImpl (ServerState.java:<init>(103)) - d2ea576c-2d73-4d25-8c74-f5f422f1c1ea@group-E749622D4C40: ConfigurationManager, init=-1: [008e7f89-814f-419b-8e84-495a96fd3460:192.168.151.103:43923, c4a805b6-0512-42dc-ba1a-ae9d1a888919:192.168.151.103:33670, d2ea576c-2d73-4d25-8c74-f5f422f1c1ea:192.168.151.103:44771], old=null, confs=<EMPTY_MAP>
2019-10-01 19:50:52,075 [pool-67-thread-1] INFO  server.RaftServerConfigKeys (ConfUtils.java:logGet(43)) - raft.server.rpc.timeout.max = 5200ms (custom)
2019-10-01 19:50:52,075 [pool-47-thread-1] INFO  server.RaftServerConfigKeys (ConfUtils.java:logGet(43)) - raft.server.storage.dir = [/workdir/hadoop-ozone/ozonefs/target/test-dir/MiniOzoneClusterImpl-76701839-624f-4b6b-affa-460efe4f7a11/datanode-2/data/ratis] (custom)
2019-10-01 19:50:52,075 [pool-67-thread-1] INFO  server.RaftServerConfigKeys (ConfUtils.java:logGet(43)) - raft.server.rpcslowness.timeout = 120s (custom)
2019-10-01 19:50:52,075 [pool-27-thread-1] INFO  impl.RaftServerImpl (RaftServerImpl.java:<init>(95)) - 008e7f89-814f-419b-8e84-495a96fd3460: new RaftServerImpl for group-E749622D4C40:[008e7f89-814f-419b-8e84-495a96fd3460:192.168.151.103:43923, c4a805b6-0512-42dc-ba1a-ae9d1a888919:192.168.151.103:33670, d2ea576c-2d73-4d25-8c74-f5f422f1c1ea:192.168.151.103:44771] with ContainerStateMachine:uninitialized
2019-10-01 19:50:52,075 [pool-67-thread-1] INFO  server.RaftServerConfigKeys (ConfUtils.java:logGet(43)) - raft.server.sleep.deviation.threshold = 300 (default)
2019-10-01 19:50:52,076 [pool-27-thread-1] INFO  server.RaftServerConfigKeys (ConfUtils.java:logGet(43)) - raft.server.rpc.timeout.min = 5s (custom)
2019-10-01 19:50:52,076 [pool-47-thread-1] INFO  storage.RaftStorageDirectory (RaftStorageDirectory.java:analyzeStorage(246)) - The storage directory /workdir/hadoop-ozone/ozonefs/target/test-dir/MiniOzoneClusterImpl-76701839-624f-4b6b-affa-460efe4f7a11/datanode-2/data/ratis/f6aa87a4-20bb-4d8e-b337-e749622d4c40 does not exist. Creating ...
2019-10-01 19:50:52,076 [pool-67-thread-1] INFO  server.RaftServerConfigKeys (ConfUtils.java:logGet(43)) - raft.server.log.appender.install.snapshot.enabled = false (custom)
2019-10-01 19:50:52,076 [pool-27-thread-1] INFO  server.RaftServerConfigKeys (ConfUtils.java:logGet(43)) - raft.server.rpc.timeout.max = 5200ms (custom)
2019-10-01 19:50:52,076 [pool-67-thread-1] INFO  impl.RaftServerImpl (ServerState.java:<init>(103)) - c4a805b6-0512-42dc-ba1a-ae9d1a888919@group-E749622D4C40: ConfigurationManager, init=-1: [008e7f89-814f-419b-8e84-495a96fd3460:192.168.151.103:43923, c4a805b6-0512-42dc-ba1a-ae9d1a888919:192.168.151.103:33670, d2ea576c-2d73-4d25-8c74-f5f422f1c1ea:192.168.151.103:44771], old=null, confs=<EMPTY_MAP>
2019-10-01 19:50:52,076 [pool-27-thread-1] INFO  server.RaftServerConfigKeys (ConfUtils.java:logGet(43)) - raft.server.rpcslowness.timeout = 120s (custom)
2019-10-01 19:50:52,076 [pool-67-thread-1] INFO  server.RaftServerConfigKeys (ConfUtils.java:logGet(43)) - raft.server.storage.dir = [/workdir/hadoop-ozone/ozonefs/target/test-dir/MiniOzoneClusterImpl-76701839-624f-4b6b-affa-460efe4f7a11/datanode-4/data/ratis] (custom)
2019-10-01 19:50:52,076 [pool-27-thread-1] INFO  server.RaftServerConfigKeys (ConfUtils.java:logGet(43)) - raft.server.sleep.deviation.threshold = 300 (default)
2019-10-01 19:50:52,077 [pool-27-thread-1] INFO  server.RaftServerConfigKeys (ConfUtils.java:logGet(43)) - raft.server.log.appender.install.snapshot.enabled = false (custom)
2019-10-01 19:50:52,077 [pool-67-thread-1] INFO  storage.RaftStorageDirectory (RaftStorageDirectory.java:analyzeStorage(246)) - The storage directory /workdir/hadoop-ozone/ozonefs/target/test-dir/MiniOzoneClusterImpl-76701839-624f-4b6b-affa-460efe4f7a11/datanode-4/data/ratis/f6aa87a4-20bb-4d8e-b337-e749622d4c40 does not exist. Creating ...
2019-10-01 19:50:52,077 [pool-27-thread-1] INFO  impl.RaftServerImpl (ServerState.java:<init>(103)) - 008e7f89-814f-419b-8e84-495a96fd3460@group-E749622D4C40: ConfigurationManager, init=-1: [008e7f89-814f-419b-8e84-495a96fd3460:192.168.151.103:43923, c4a805b6-0512-42dc-ba1a-ae9d1a888919:192.168.151.103:33670, d2ea576c-2d73-4d25-8c74-f5f422f1c1ea:192.168.151.103:44771], old=null, confs=<EMPTY_MAP>
2019-10-01 19:50:52,077 [pool-27-thread-1] INFO  server.RaftServerConfigKeys (ConfUtils.java:logGet(43)) - raft.server.storage.dir = [/workdir/hadoop-ozone/ozonefs/target/test-dir/MiniOzoneClusterImpl-76701839-624f-4b6b-affa-460efe4f7a11/datanode-0/data/ratis] (custom)
2019-10-01 19:50:52,077 [pool-27-thread-1] INFO  storage.RaftStorageDirectory (RaftStorageDirectory.java:analyzeStorage(246)) - The storage directory /workdir/hadoop-ozone/ozonefs/target/test-dir/MiniOzoneClusterImpl-76701839-624f-4b6b-affa-460efe4f7a11/datanode-0/data/ratis/f6aa87a4-20bb-4d8e-b337-e749622d4c40 does not exist. Creating ...
2019-10-01 19:50:52,101 [pool-47-thread-1] INFO  storage.RaftStorageDirectory (RaftStorageDirectory.java:tryLock(328)) - Lock on /workdir/hadoop-ozone/ozonefs/target/test-dir/MiniOzoneClusterImpl-76701839-624f-4b6b-affa-460efe4f7a11/datanode-2/data/ratis/f6aa87a4-20bb-4d8e-b337-e749622d4c40/in_use.lock acquired by nodename 18872@pr-trunk-878pl-325597374
2019-10-01 19:50:52,101 [pool-67-thread-1] INFO  storage.RaftStorageDirectory (RaftStorageDirectory.java:tryLock(328)) - Lock on /workdir/hadoop-ozone/ozonefs/target/test-dir/MiniOzoneClusterImpl-76701839-624f-4b6b-affa-460efe4f7a11/datanode-4/data/ratis/f6aa87a4-20bb-4d8e-b337-e749622d4c40/in_use.lock acquired by nodename 18872@pr-trunk-878pl-325597374
2019-10-01 19:50:52,101 [pool-27-thread-1] INFO  storage.RaftStorageDirectory (RaftStorageDirectory.java:tryLock(328)) - Lock on /workdir/hadoop-ozone/ozonefs/target/test-dir/MiniOzoneClusterImpl-76701839-624f-4b6b-affa-460efe4f7a11/datanode-0/data/ratis/f6aa87a4-20bb-4d8e-b337-e749622d4c40/in_use.lock acquired by nodename 18872@pr-trunk-878pl-325597374
2019-10-01 19:50:52,136 [pool-27-thread-1] INFO  storage.RaftStorage (RaftStorage.java:format(72)) - Storage directory /workdir/hadoop-ozone/ozonefs/target/test-dir/MiniOzoneClusterImpl-76701839-624f-4b6b-affa-460efe4f7a11/datanode-0/data/ratis/f6aa87a4-20bb-4d8e-b337-e749622d4c40 has been successfully formatted.
2019-10-01 19:50:52,137 [pool-27-thread-1] INFO  ratis.ContainerStateMachine (ContainerStateMachine.java:loadSnapshot(231)) - group-E749622D4C40: The snapshot info is null. Setting the last applied indexto:(t:0, i:~)
2019-10-01 19:50:52,137 [pool-27-thread-1] INFO  server.RaftServerConfigKeys (ConfUtils.java:logGet(43)) - raft.server.notification.no-leader.timeout = 120s (custom)
2019-10-01 19:50:52,137 [pool-27-thread-1] INFO  server.RaftServerConfigKeys (ConfUtils.java:logGet(43)) - raft.server.log.use.memory = false (default)
2019-10-01 19:50:52,137 [pool-67-thread-1] INFO  storage.RaftStorage (RaftStorage.java:format(72)) - Storage directory /workdir/hadoop-ozone/ozonefs/target/test-dir/MiniOzoneClusterImpl-76701839-624f-4b6b-affa-460efe4f7a11/datanode-4/data/ratis/f6aa87a4-20bb-4d8e-b337-e749622d4c40 has been successfully formatted.
2019-10-01 19:50:52,136 [pool-47-thread-1] INFO  storage.RaftStorage (RaftStorage.java:format(72)) - Storage directory /workdir/hadoop-ozone/ozonefs/target/test-dir/MiniOzoneClusterImpl-76701839-624f-4b6b-affa-460efe4f7a11/datanode-2/data/ratis/f6aa87a4-20bb-4d8e-b337-e749622d4c40 has been successfully formatted.
2019-10-01 19:50:52,138 [pool-67-thread-1] INFO  ratis.ContainerStateMachine (ContainerStateMachine.java:loadSnapshot(231)) - group-E749622D4C40: The snapshot info is null. Setting the last applied indexto:(t:0, i:~)
2019-10-01 19:50:52,137 [pool-27-thread-1] INFO  server.RaftServerConfigKeys (ConfUtils.java:logGet(43)) - raft.server.log.purge.gap = 1000000 (custom)
2019-10-01 19:50:52,138 [pool-67-thread-1] INFO  server.RaftServerConfigKeys (ConfUtils.java:logGet(43)) - raft.server.notification.no-leader.timeout = 120s (custom)
2019-10-01 19:50:52,138 [pool-67-thread-1] INFO  server.RaftServerConfigKeys (ConfUtils.java:logGet(43)) - raft.server.log.use.memory = false (default)
2019-10-01 19:50:52,138 [pool-47-thread-1] INFO  ratis.ContainerStateMachine (ContainerStateMachine.java:loadSnapshot(231)) - group-E749622D4C40: The snapshot info is null. Setting the last applied indexto:(t:0, i:~)
2019-10-01 19:50:52,138 [pool-67-thread-1] INFO  server.RaftServerConfigKeys (ConfUtils.java:logGet(43)) - raft.server.log.purge.gap = 1000000 (custom)
2019-10-01 19:50:52,138 [pool-67-thread-1] INFO  server.RaftServerConfigKeys (ConfUtils.java:logGet(43)) - raft.server.log.appender.buffer.byte-limit = 33554432 (custom)
2019-10-01 19:50:52,138 [pool-27-thread-1] INFO  server.RaftServerConfigKeys (ConfUtils.java:logGet(43)) - raft.server.log.appender.buffer.byte-limit = 33554432 (custom)
2019-10-01 19:50:52,139 [pool-67-thread-1] INFO  server.RaftServerConfigKeys (ConfUtils.java:logGet(43)) - raft.server.log.segment.size.max = 1048576 (custom)
2019-10-01 19:50:52,139 [pool-67-thread-1] INFO  server.RaftServerConfigKeys (ConfUtils.java:logGet(43)) - raft.server.log.segment.cache.num.max = 2 (custom)
2019-10-01 19:50:52,138 [pool-47-thread-1] INFO  server.RaftServerConfigKeys (ConfUtils.java:logGet(43)) - raft.server.notification.no-leader.timeout = 120s (custom)
2019-10-01 19:50:52,139 [pool-67-thread-1] INFO  segmented.SegmentedRaftLogWorker (SegmentedRaftLogWorker.java:<init>(172)) - new c4a805b6-0512-42dc-ba1a-ae9d1a888919@group-E749622D4C40-SegmentedRaftLogWorker for RaftStorage:Storage Directory /workdir/hadoop-ozone/ozonefs/target/test-dir/MiniOzoneClusterImpl-76701839-624f-4b6b-affa-460efe4f7a11/datanode-4/data/ratis/f6aa87a4-20bb-4d8e-b337-e749622d4c40
2019-10-01 19:50:52,139 [pool-27-thread-1] INFO  server.RaftServerConfigKeys (ConfUtils.java:logGet(43)) - raft.server.log.segment.size.max = 1048576 (custom)
2019-10-01 19:50:52,139 [pool-67-thread-1] INFO  server.RaftServerConfigKeys (ConfUtils.java:logGet(43)) - raft.server.log.queue.byte-limit = 2147483647 (custom)
2019-10-01 19:50:52,140 [pool-67-thread-1] INFO  server.RaftServerConfigKeys (ConfUtils.java:logGet(43)) - raft.server.log.queue.element-limit = 1024 (custom)
2019-10-01 19:50:52,139 [pool-47-thread-1] INFO  server.RaftServerConfigKeys (ConfUtils.java:logGet(43)) - raft.server.log.use.memory = false (default)
2019-10-01 19:50:52,140 [pool-67-thread-1] INFO  server.RaftServerConfigKeys (ConfUtils.java:logGet(43)) - raft.server.log.segment.size.max = 1048576 (custom)
2019-10-01 19:50:52,139 [pool-27-thread-1] INFO  server.RaftServerConfigKeys (ConfUtils.java:logGet(43)) - raft.server.log.segment.cache.num.max = 2 (custom)
2019-10-01 19:50:52,140 [pool-67-thread-1] INFO  server.RaftServerConfigKeys (ConfUtils.java:logGet(43)) - raft.server.log.preallocated.size = 16384 (custom)
2019-10-01 19:50:52,140 [pool-47-thread-1] INFO  server.RaftServerConfigKeys (ConfUtils.java:logGet(43)) - raft.server.log.purge.gap = 1000000 (custom)
2019-10-01 19:50:52,140 [pool-67-thread-1] INFO  server.RaftServerConfigKeys (ConfUtils.java:logGet(43)) - raft.server.log.write.buffer.size = 33554432 (custom)
2019-10-01 19:50:52,140 [pool-27-thread-1] INFO  segmented.SegmentedRaftLogWorker (SegmentedRaftLogWorker.java:<init>(172)) - new 008e7f89-814f-419b-8e84-495a96fd3460@group-E749622D4C40-SegmentedRaftLogWorker for RaftStorage:Storage Directory /workdir/hadoop-ozone/ozonefs/target/test-dir/MiniOzoneClusterImpl-76701839-624f-4b6b-affa-460efe4f7a11/datanode-0/data/ratis/f6aa87a4-20bb-4d8e-b337-e749622d4c40
2019-10-01 19:50:52,140 [pool-67-thread-1] INFO  server.RaftServerConfigKeys (ConfUtils.java:logGet(43)) - raft.server.log.force.sync.num = 128 (default)
2019-10-01 19:50:52,141 [pool-67-thread-1] INFO  server.RaftServerConfigKeys (ConfUtils.java:logGet(43)) - raft.server.log.statemachine.data.sync = true (default)
2019-10-01 19:50:52,141 [pool-67-thread-1] INFO  server.RaftServerConfigKeys (ConfUtils.java:logGet(43)) - raft.server.log.statemachine.data.sync.timeout = 10s (default)
2019-10-01 19:50:52,140 [pool-47-thread-1] INFO  server.RaftServerConfigKeys (ConfUtils.java:logGet(43)) - raft.server.log.appender.buffer.byte-limit = 33554432 (custom)
2019-10-01 19:50:52,141 [pool-67-thread-1] INFO  server.RaftServerConfigKeys (ConfUtils.java:logGet(43)) - raft.server.log.statemachine.data.sync.timeout.retry = -1 (default)
2019-10-01 19:50:52,141 [pool-27-thread-1] INFO  server.RaftServerConfigKeys (ConfUtils.java:logGet(43)) - raft.server.log.queue.byte-limit = 2147483647 (custom)
2019-10-01 19:50:52,141 [pool-67-thread-1] INFO  server.RaftServerConfigKeys (ConfUtils.java:logGet(43)) - raft.server.log.statemachine.data.caching.enabled = true (custom)
2019-10-01 19:50:52,141 [pool-47-thread-1] INFO  server.RaftServerConfigKeys (ConfUtils.java:logGet(43)) - raft.server.log.segment.size.max = 1048576 (custom)
2019-10-01 19:50:52,141 [pool-27-thread-1] INFO  server.RaftServerConfigKeys (ConfUtils.java:logGet(43)) - raft.server.log.queue.element-limit = 1024 (custom)
2019-10-01 19:50:52,141 [pool-47-thread-1] INFO  server.RaftServerConfigKeys (ConfUtils.java:logGet(43)) - raft.server.log.segment.cache.num.max = 2 (custom)
2019-10-01 19:50:52,142 [pool-27-thread-1] INFO  server.RaftServerConfigKeys (ConfUtils.java:logGet(43)) - raft.server.log.segment.size.max = 1048576 (custom)
2019-10-01 19:50:52,142 [pool-67-thread-1] INFO  segmented.SegmentedRaftLogWorker (SegmentedRaftLogWorker.java:lambda$new$0(132)) - c4a805b6-0512-42dc-ba1a-ae9d1a888919@group-E749622D4C40-SegmentedRaftLogWorker: flushIndex: setUnconditionally 0 -> -1
2019-10-01 19:50:52,142 [pool-27-thread-1] INFO  server.RaftServerConfigKeys (ConfUtils.java:logGet(43)) - raft.server.log.preallocated.size = 16384 (custom)
2019-10-01 19:50:52,142 [pool-47-thread-1] INFO  segmented.SegmentedRaftLogWorker (SegmentedRaftLogWorker.java:<init>(172)) - new d2ea576c-2d73-4d25-8c74-f5f422f1c1ea@group-E749622D4C40-SegmentedRaftLogWorker for RaftStorage:Storage Directory /workdir/hadoop-ozone/ozonefs/target/test-dir/MiniOzoneClusterImpl-76701839-624f-4b6b-affa-460efe4f7a11/datanode-2/data/ratis/f6aa87a4-20bb-4d8e-b337-e749622d4c40
2019-10-01 19:50:52,142 [pool-27-thread-1] INFO  server.RaftServerConfigKeys (ConfUtils.java:logGet(43)) - raft.server.log.write.buffer.size = 33554432 (custom)
2019-10-01 19:50:52,142 [pool-47-thread-1] INFO  server.RaftServerConfigKeys (ConfUtils.java:logGet(43)) - raft.server.log.queue.byte-limit = 2147483647 (custom)
2019-10-01 19:50:52,142 [pool-67-thread-1] INFO  server.RaftServerConfigKeys (ConfUtils.java:logGet(43)) - raft.server.snapshot.auto.trigger.enabled = true (custom)
2019-10-01 19:50:52,142 [pool-47-thread-1] INFO  server.RaftServerConfigKeys (ConfUtils.java:logGet(43)) - raft.server.log.queue.element-limit = 1024 (custom)
2019-10-01 19:50:52,142 [pool-27-thread-1] INFO  server.RaftServerConfigKeys (ConfUtils.java:logGet(43)) - raft.server.log.force.sync.num = 128 (default)
2019-10-01 19:50:52,143 [pool-47-thread-1] INFO  server.RaftServerConfigKeys (ConfUtils.java:logGet(43)) - raft.server.log.segment.size.max = 1048576 (custom)
2019-10-01 19:50:52,142 [pool-67-thread-1] INFO  server.RaftServerConfigKeys (ConfUtils.java:logGet(43)) - raft.server.snapshot.auto.trigger.threshold = 10000 (custom)
2019-10-01 19:50:52,143 [pool-47-thread-1] INFO  server.RaftServerConfigKeys (ConfUtils.java:logGet(43)) - raft.server.log.preallocated.size = 16384 (custom)
2019-10-01 19:50:52,143 [pool-27-thread-1] INFO  server.RaftServerConfigKeys (ConfUtils.java:logGet(43)) - raft.server.log.statemachine.data.sync = true (default)
2019-10-01 19:50:52,143 [pool-47-thread-1] INFO  server.RaftServerConfigKeys (ConfUtils.java:logGet(43)) - raft.server.log.write.buffer.size = 33554432 (custom)
2019-10-01 19:50:52,143 [pool-67-thread-1] INFO  server.RaftServerConfigKeys (ConfUtils.java:logGet(43)) - raft.server.snapshot.retention.num.files = 5 (custom)
2019-10-01 19:50:52,143 [pool-47-thread-1] INFO  server.RaftServerConfigKeys (ConfUtils.java:logGet(43)) - raft.server.log.force.sync.num = 128 (default)
2019-10-01 19:50:52,143 [pool-27-thread-1] INFO  server.RaftServerConfigKeys (ConfUtils.java:logGet(43)) - raft.server.log.statemachine.data.sync.timeout = 10s (default)
2019-10-01 19:50:52,143 [pool-47-thread-1] INFO  server.RaftServerConfigKeys (ConfUtils.java:logGet(43)) - raft.server.log.statemachine.data.sync = true (default)
2019-10-01 19:50:52,143 [pool-67-thread-1] INFO  server.RaftServerConfigKeys (ConfUtils.java:logGet(43)) - raft.server.retrycache.expirytime = 600000ms (custom)
2019-10-01 19:50:52,143 [pool-47-thread-1] INFO  server.RaftServerConfigKeys (ConfUtils.java:logGet(43)) - raft.server.log.statemachine.data.sync.timeout = 10s (default)
2019-10-01 19:50:52,143 [pool-27-thread-1] INFO  server.RaftServerConfigKeys (ConfUtils.java:logGet(43)) - raft.server.log.statemachine.data.sync.timeout.retry = -1 (default)
2019-10-01 19:50:52,144 [pool-47-thread-1] INFO  server.RaftServerConfigKeys (ConfUtils.java:logGet(43)) - raft.server.log.statemachine.data.sync.timeout.retry = -1 (default)
2019-10-01 19:50:52,144 [pool-27-thread-1] INFO  server.RaftServerConfigKeys (ConfUtils.java:logGet(43)) - raft.server.log.statemachine.data.caching.enabled = true (custom)
2019-10-01 19:50:52,144 [pool-47-thread-1] INFO  server.RaftServerConfigKeys (ConfUtils.java:logGet(43)) - raft.server.log.statemachine.data.caching.enabled = true (custom)
2019-10-01 19:50:52,144 [pool-27-thread-1] INFO  segmented.SegmentedRaftLogWorker (SegmentedRaftLogWorker.java:lambda$new$0(132)) - 008e7f89-814f-419b-8e84-495a96fd3460@group-E749622D4C40-SegmentedRaftLogWorker: flushIndex: setUnconditionally 0 -> -1
2019-10-01 19:50:52,144 [pool-47-thread-1] INFO  segmented.SegmentedRaftLogWorker (SegmentedRaftLogWorker.java:lambda$new$0(132)) - d2ea576c-2d73-4d25-8c74-f5f422f1c1ea@group-E749622D4C40-SegmentedRaftLogWorker: flushIndex: setUnconditionally 0 -> -1
2019-10-01 19:50:52,144 [pool-27-thread-1] INFO  server.RaftServerConfigKeys (ConfUtils.java:logGet(43)) - raft.server.snapshot.auto.trigger.enabled = true (custom)
2019-10-01 19:50:52,144 [pool-47-thread-1] INFO  server.RaftServerConfigKeys (ConfUtils.java:logGet(43)) - raft.server.snapshot.auto.trigger.enabled = true (custom)
2019-10-01 19:50:52,144 [pool-27-thread-1] INFO  server.RaftServerConfigKeys (ConfUtils.java:logGet(43)) - raft.server.snapshot.auto.trigger.threshold = 10000 (custom)
2019-10-01 19:50:52,145 [pool-47-thread-1] INFO  server.RaftServerConfigKeys (ConfUtils.java:logGet(43)) - raft.server.snapshot.auto.trigger.threshold = 10000 (custom)
2019-10-01 19:50:52,145 [pool-27-thread-1] INFO  server.RaftServerConfigKeys (ConfUtils.java:logGet(43)) - raft.server.snapshot.retention.num.files = 5 (custom)
2019-10-01 19:50:52,145 [pool-47-thread-1] INFO  server.RaftServerConfigKeys (ConfUtils.java:logGet(43)) - raft.server.snapshot.retention.num.files = 5 (custom)
2019-10-01 19:50:52,145 [pool-27-thread-1] INFO  server.RaftServerConfigKeys (ConfUtils.java:logGet(43)) - raft.server.retrycache.expirytime = 600000ms (custom)
2019-10-01 19:50:52,145 [pool-47-thread-1] INFO  server.RaftServerConfigKeys (ConfUtils.java:logGet(43)) - raft.server.retrycache.expirytime = 600000ms (custom)
2019-10-01 19:50:52,147 [pool-67-thread-1] INFO  impl.RaftServerImpl (RaftServerImpl.java:start(185)) - c4a805b6-0512-42dc-ba1a-ae9d1a888919@group-E749622D4C40: start as a follower, conf=-1: [008e7f89-814f-419b-8e84-495a96fd3460:192.168.151.103:43923, c4a805b6-0512-42dc-ba1a-ae9d1a888919:192.168.151.103:33670, d2ea576c-2d73-4d25-8c74-f5f422f1c1ea:192.168.151.103:44771], old=null
2019-10-01 19:50:52,147 [pool-67-thread-1] INFO  impl.RaftServerImpl (RaftServerImpl.java:setRole(174)) - c4a805b6-0512-42dc-ba1a-ae9d1a888919@group-E749622D4C40: changes role from      null to FOLLOWER at term 0 for startAsFollower
2019-10-01 19:50:52,147 [pool-67-thread-1] INFO  impl.RoleInfo (RoleInfo.java:updateAndGet(143)) - c4a805b6-0512-42dc-ba1a-ae9d1a888919: start FollowerState
2019-10-01 19:50:52,148 [pool-27-thread-1] INFO  impl.RaftServerImpl (RaftServerImpl.java:start(185)) - 008e7f89-814f-419b-8e84-495a96fd3460@group-E749622D4C40: start as a follower, conf=-1: [008e7f89-814f-419b-8e84-495a96fd3460:192.168.151.103:43923, c4a805b6-0512-42dc-ba1a-ae9d1a888919:192.168.151.103:33670, d2ea576c-2d73-4d25-8c74-f5f422f1c1ea:192.168.151.103:44771], old=null
2019-10-01 19:50:52,148 [pool-27-thread-1] INFO  impl.RaftServerImpl (RaftServerImpl.java:setRole(174)) - 008e7f89-814f-419b-8e84-495a96fd3460@group-E749622D4C40: changes role from      null to FOLLOWER at term 0 for startAsFollower
2019-10-01 19:50:52,148 [pool-47-thread-1] INFO  impl.RaftServerImpl (RaftServerImpl.java:start(185)) - d2ea576c-2d73-4d25-8c74-f5f422f1c1ea@group-E749622D4C40: start as a follower, conf=-1: [008e7f89-814f-419b-8e84-495a96fd3460:192.168.151.103:43923, c4a805b6-0512-42dc-ba1a-ae9d1a888919:192.168.151.103:33670, d2ea576c-2d73-4d25-8c74-f5f422f1c1ea:192.168.151.103:44771], old=null
2019-10-01 19:50:52,148 [pool-67-thread-1] INFO  util.JmxRegister (JmxRegister.java:tryRegister(44)) - Successfully registered JMX Bean with object name Ratis:service=RaftServer,group=group-E749622D4C40,id=c4a805b6-0512-42dc-ba1a-ae9d1a888919
2019-10-01 19:50:52,148 [pool-27-thread-1] INFO  impl.RoleInfo (RoleInfo.java:updateAndGet(143)) - 008e7f89-814f-419b-8e84-495a96fd3460: start FollowerState
2019-10-01 19:50:52,148 [pool-47-thread-1] INFO  impl.RaftServerImpl (RaftServerImpl.java:setRole(174)) - d2ea576c-2d73-4d25-8c74-f5f422f1c1ea@group-E749622D4C40: changes role from      null to FOLLOWER at term 0 for startAsFollower
2019-10-01 19:50:52,148 [pool-47-thread-1] INFO  impl.RoleInfo (RoleInfo.java:updateAndGet(143)) - d2ea576c-2d73-4d25-8c74-f5f422f1c1ea: start FollowerState
2019-10-01 19:50:52,148 [pool-27-thread-1] INFO  util.JmxRegister (JmxRegister.java:tryRegister(44)) - Successfully registered JMX Bean with object name Ratis:service=RaftServer,group=group-E749622D4C40,id=008e7f89-814f-419b-8e84-495a96fd3460
2019-10-01 19:50:52,153 [pool-47-thread-1] INFO  util.JmxRegister (JmxRegister.java:tryRegister(44)) - Successfully registered JMX Bean with object name Ratis:service=RaftServer,group=group-E749622D4C40,id=d2ea576c-2d73-4d25-8c74-f5f422f1c1ea
2019-10-01 19:50:52,159 [RatisPipelineUtilsThread] INFO  pipeline.PipelineStateManager (PipelineStateManager.java:addPipeline(56)) - Created pipeline Pipeline[ Id: f6aa87a4-20bb-4d8e-b337-e749622d4c40, Nodes: 008e7f89-814f-419b-8e84-495a96fd3460{ip: 192.168.151.103, host: pr-trunk-878pl-325597374, networkLocation: /default-rack, certSerialId: null}c4a805b6-0512-42dc-ba1a-ae9d1a888919{ip: 192.168.151.103, host: pr-trunk-878pl-325597374, networkLocation: /default-rack, certSerialId: null}d2ea576c-2d73-4d25-8c74-f5f422f1c1ea{ip: 192.168.151.103, host: pr-trunk-878pl-325597374, networkLocation: /default-rack, certSerialId: null}, Type:RATIS, Factor:THREE, State:OPEN]
2019-10-01 19:50:57,153 [Thread-780] INFO  impl.FollowerState (FollowerState.java:run(106)) - 008e7f89-814f-419b-8e84-495a96fd3460:group-E749622D4C40 changes to CANDIDATE, lastRpcTime:5004, electionTimeout:5004ms
2019-10-01 19:50:57,154 [Thread-780] INFO  impl.RoleInfo (RoleInfo.java:shutdownFollowerState(121)) - 008e7f89-814f-419b-8e84-495a96fd3460: shutdown FollowerState
2019-10-01 19:50:57,155 [Thread-780] INFO  impl.RaftServerImpl (RaftServerImpl.java:setRole(174)) - 008e7f89-814f-419b-8e84-495a96fd3460@group-E749622D4C40: changes role from  FOLLOWER to CANDIDATE at term 0 for changeToCandidate
2019-10-01 19:50:57,155 [Thread-780] INFO  impl.RoleInfo (RoleInfo.java:updateAndGet(143)) - 008e7f89-814f-419b-8e84-495a96fd3460: start LeaderElection
2019-10-01 19:50:57,188 [008e7f89-814f-419b-8e84-495a96fd3460@group-E749622D4C40:LeaderElection10] INFO  impl.LeaderElection (LeaderElection.java:askForVotes(182)) - 008e7f89-814f-419b-8e84-495a96fd3460@group-E749622D4C40:LeaderElection10: begin an election at term 1 for -1: [008e7f89-814f-419b-8e84-495a96fd3460:192.168.151.103:43923, c4a805b6-0512-42dc-ba1a-ae9d1a888919:192.168.151.103:33670, d2ea576c-2d73-4d25-8c74-f5f422f1c1ea:192.168.151.103:44771], old=null
2019-10-01 19:50:57,198 [Thread-779] INFO  impl.FollowerState (FollowerState.java:run(106)) - c4a805b6-0512-42dc-ba1a-ae9d1a888919:group-E749622D4C40 changes to CANDIDATE, lastRpcTime:5050, electionTimeout:5050ms
2019-10-01 19:50:57,200 [grpc-default-executor-4] INFO  impl.RaftServerImpl (RaftServerImpl.java:setRole(174)) - d2ea576c-2d73-4d25-8c74-f5f422f1c1ea@group-E749622D4C40: changes role from  FOLLOWER to FOLLOWER at term 1 for recognizeCandidate:008e7f89-814f-419b-8e84-495a96fd3460
2019-10-01 19:50:57,200 [Thread-779] INFO  impl.RoleInfo (RoleInfo.java:shutdownFollowerState(121)) - c4a805b6-0512-42dc-ba1a-ae9d1a888919: shutdown FollowerState
2019-10-01 19:50:57,200 [grpc-default-executor-4] INFO  impl.RoleInfo (RoleInfo.java:shutdownFollowerState(121)) - d2ea576c-2d73-4d25-8c74-f5f422f1c1ea: shutdown FollowerState
2019-10-01 19:50:57,200 [Thread-779] INFO  impl.RaftServerImpl (RaftServerImpl.java:setRole(174)) - c4a805b6-0512-42dc-ba1a-ae9d1a888919@group-E749622D4C40: changes role from  FOLLOWER to CANDIDATE at term 0 for changeToCandidate
2019-10-01 19:50:57,200 [Thread-781] INFO  impl.FollowerState (FollowerState.java:run(115)) - d2ea576c-2d73-4d25-8c74-f5f422f1c1ea: FollowerState was interrupted: java.lang.InterruptedException: sleep interrupted
2019-10-01 19:50:57,200 [grpc-default-executor-4] INFO  impl.RoleInfo (RoleInfo.java:updateAndGet(143)) - d2ea576c-2d73-4d25-8c74-f5f422f1c1ea: start FollowerState
2019-10-01 19:50:57,201 [Thread-779] INFO  impl.RoleInfo (RoleInfo.java:updateAndGet(143)) - c4a805b6-0512-42dc-ba1a-ae9d1a888919: start LeaderElection
2019-10-01 19:50:57,224 [c4a805b6-0512-42dc-ba1a-ae9d1a888919@group-E749622D4C40:LeaderElection11] INFO  impl.LeaderElection (LeaderElection.java:askForVotes(182)) - c4a805b6-0512-42dc-ba1a-ae9d1a888919@group-E749622D4C40:LeaderElection11: begin an election at term 1 for -1: [008e7f89-814f-419b-8e84-495a96fd3460:192.168.151.103:43923, c4a805b6-0512-42dc-ba1a-ae9d1a888919:192.168.151.103:33670, d2ea576c-2d73-4d25-8c74-f5f422f1c1ea:192.168.151.103:44771], old=null
2019-10-01 19:50:57,226 [008e7f89-814f-419b-8e84-495a96fd3460@group-E749622D4C40:LeaderElection10] INFO  impl.LeaderElection (LeaderElection.java:logAndReturn(56)) - 008e7f89-814f-419b-8e84-495a96fd3460@group-E749622D4C40:LeaderElection10: Election PASSED; received 1 response(s) [008e7f89-814f-419b-8e84-495a96fd3460<-d2ea576c-2d73-4d25-8c74-f5f422f1c1ea#0:OK-t1] and 0 exception(s); 008e7f89-814f-419b-8e84-495a96fd3460@group-E749622D4C40:t1, leader=null, voted=008e7f89-814f-419b-8e84-495a96fd3460, raftlog=008e7f89-814f-419b-8e84-495a96fd3460@group-E749622D4C40-SegmentedRaftLog:OPENED:c-1,f-1,i0, conf=-1: [008e7f89-814f-419b-8e84-495a96fd3460:192.168.151.103:43923, c4a805b6-0512-42dc-ba1a-ae9d1a888919:192.168.151.103:33670, d2ea576c-2d73-4d25-8c74-f5f422f1c1ea:192.168.151.103:44771], old=null
2019-10-01 19:50:57,226 [008e7f89-814f-419b-8e84-495a96fd3460@group-E749622D4C40:LeaderElection10] INFO  impl.RoleInfo (RoleInfo.java:shutdownLeaderElection(134)) - 008e7f89-814f-419b-8e84-495a96fd3460: shutdown LeaderElection
2019-10-01 19:50:57,229 [008e7f89-814f-419b-8e84-495a96fd3460@group-E749622D4C40:LeaderElection10] INFO  impl.RaftServerImpl (RaftServerImpl.java:setRole(174)) - 008e7f89-814f-419b-8e84-495a96fd3460@group-E749622D4C40: changes role from CANDIDATE to LEADER at term 1 for changeToLeader
2019-10-01 19:50:57,229 [008e7f89-814f-419b-8e84-495a96fd3460@group-E749622D4C40:LeaderElection10] INFO  impl.RaftServerImpl (ServerState.java:setLeader(253)) - 008e7f89-814f-419b-8e84-495a96fd3460@group-E749622D4C40: change Leader from null to 008e7f89-814f-419b-8e84-495a96fd3460 at term 1 for becomeLeader, leader elected after 5092ms
2019-10-01 19:50:57,229 [008e7f89-814f-419b-8e84-495a96fd3460@group-E749622D4C40:LeaderElection10] INFO  server.RaftServerConfigKeys (ConfUtils.java:logGet(43)) - raft.server.staging.catchup.gap = 1000 (default)
2019-10-01 19:50:57,229 [008e7f89-814f-419b-8e84-495a96fd3460@group-E749622D4C40:LeaderElection10] INFO  server.RaftServerConfigKeys (ConfUtils.java:logGet(43)) - raft.server.rpc.sleep.time = 25ms (default)
2019-10-01 19:50:57,229 [008e7f89-814f-419b-8e84-495a96fd3460@group-E749622D4C40:LeaderElection10] INFO  server.RaftServerConfigKeys (ConfUtils.java:logGet(43)) - raft.server.write.element-limit = 4096 (default)
2019-10-01 19:50:57,230 [008e7f89-814f-419b-8e84-495a96fd3460@group-E749622D4C40:LeaderElection10] INFO  server.RaftServerConfigKeys (ConfUtils.java:logGet(43)) - raft.server.watch.timeout = 10s (default)
2019-10-01 19:50:57,230 [008e7f89-814f-419b-8e84-495a96fd3460@group-E749622D4C40:LeaderElection10] INFO  server.RaftServerConfigKeys (ConfUtils.java:logGet(43)) - raft.server.watch.timeout.denomination = 1s (default)
2019-10-01 19:50:57,230 [008e7f89-814f-419b-8e84-495a96fd3460@group-E749622D4C40:LeaderElection10] INFO  server.RaftServerConfigKeys (ConfUtils.java:logGet(43)) - raft.server.watch.element-limit = 65536 (default)
2019-10-01 19:50:57,238 [008e7f89-814f-419b-8e84-495a96fd3460@group-E749622D4C40:LeaderElection10] INFO  server.RaftServerConfigKeys (ConfUtils.java:logGet(43)) - raft.server.log.appender.snapshot.chunk.size.max = 16MB (=16777216) (default)
2019-10-01 19:50:57,238 [008e7f89-814f-419b-8e84-495a96fd3460@group-E749622D4C40:LeaderElection10] INFO  server.RaftServerConfigKeys (ConfUtils.java:logGet(43)) - raft.server.log.appender.buffer.byte-limit = 33554432 (custom)
2019-10-01 19:50:57,238 [008e7f89-814f-419b-8e84-495a96fd3460@group-E749622D4C40:LeaderElection10] INFO  server.RaftServerConfigKeys (ConfUtils.java:logGet(43)) - raft.server.log.appender.buffer.element-limit = 1 (custom)
2019-10-01 19:50:57,239 [008e7f89-814f-419b-8e84-495a96fd3460@group-E749622D4C40:LeaderElection10] INFO  grpc.GrpcConfigKeys$Server (ConfUtils.java:logGet(43)) - raft.grpc.server.leader.outstanding.appends.max = 128 (default)
2019-10-01 19:50:57,239 [008e7f89-814f-419b-8e84-495a96fd3460@group-E749622D4C40:LeaderElection10] INFO  server.RaftServerConfigKeys (ConfUtils.java:logGet(43)) - raft.server.rpc.request.timeout = 3000ms (default)
2019-10-01 19:50:57,239 [008e7f89-814f-419b-8e84-495a96fd3460@group-E749622D4C40:LeaderElection10] INFO  server.RaftServerConfigKeys (ConfUtils.java:logGet(43)) - raft.server.log.appender.install.snapshot.enabled = false (custom)
2019-10-01 19:50:57,239 [008e7f89-814f-419b-8e84-495a96fd3460@group-E749622D4C40:LeaderElection10] INFO  server.RaftServerConfigKeys (ConfUtils.java:logGet(43)) - raft.server.log.appender.snapshot.chunk.size.max = 16MB (=16777216) (default)
2019-10-01 19:50:57,239 [008e7f89-814f-419b-8e84-495a96fd3460@group-E749622D4C40:LeaderElection10] INFO  server.RaftServerConfigKeys (ConfUtils.java:logGet(43)) - raft.server.log.appender.buffer.byte-limit = 33554432 (custom)
2019-10-01 19:50:57,239 [008e7f89-814f-419b-8e84-495a96fd3460@group-E749622D4C40:LeaderElection10] INFO  server.RaftServerConfigKeys (ConfUtils.java:logGet(43)) - raft.server.log.appender.buffer.element-limit = 1 (custom)
2019-10-01 19:50:57,239 [008e7f89-814f-419b-8e84-495a96fd3460@group-E749622D4C40:LeaderElection10] INFO  grpc.GrpcConfigKeys$Server (ConfUtils.java:logGet(43)) - raft.grpc.server.leader.outstanding.appends.max = 128 (default)
2019-10-01 19:50:57,240 [008e7f89-814f-419b-8e84-495a96fd3460@group-E749622D4C40:LeaderElection10] INFO  server.RaftServerConfigKeys (ConfUtils.java:logGet(43)) - raft.server.rpc.request.timeout = 3000ms (default)
2019-10-01 19:50:57,240 [008e7f89-814f-419b-8e84-495a96fd3460@group-E749622D4C40:LeaderElection10] INFO  server.RaftServerConfigKeys (ConfUtils.java:logGet(43)) - raft.server.log.appender.install.snapshot.enabled = false (custom)
2019-10-01 19:50:57,240 [008e7f89-814f-419b-8e84-495a96fd3460@group-E749622D4C40:LeaderElection10] INFO  impl.RoleInfo (RoleInfo.java:updateAndGet(143)) - 008e7f89-814f-419b-8e84-495a96fd3460: start LeaderState
2019-10-01 19:50:57,240 [008e7f89-814f-419b-8e84-495a96fd3460@group-E749622D4C40:LeaderElection10] INFO  segmented.SegmentedRaftLogWorker (SegmentedRaftLogWorker.java:startLogSegment(380)) - 008e7f89-814f-419b-8e84-495a96fd3460@group-E749622D4C40-SegmentedRaftLogWorker: Starting segment from index:0
2019-10-01 19:50:57,241 [008e7f89-814f-419b-8e84-495a96fd3460@group-E749622D4C40:LeaderElection10] INFO  impl.RaftServerImpl (ServerState.java:setRaftConf(354)) - 008e7f89-814f-419b-8e84-495a96fd3460@group-E749622D4C40: set configuration 0: [008e7f89-814f-419b-8e84-495a96fd3460:192.168.151.103:43923, c4a805b6-0512-42dc-ba1a-ae9d1a888919:192.168.151.103:33670, d2ea576c-2d73-4d25-8c74-f5f422f1c1ea:192.168.151.103:44771], old=null at 0
2019-10-01 19:50:57,265 [grpc-default-executor-4] INFO  impl.RaftServerImpl (RaftServerImpl.java:requestVote(758)) - 008e7f89-814f-419b-8e84-495a96fd3460@group-E749622D4C40-   LEADER: Withhold vote from candidate c4a805b6-0512-42dc-ba1a-ae9d1a888919 with term 1. State: leader=008e7f89-814f-419b-8e84-495a96fd3460, term=1, lastRpcElapsed=null
2019-10-01 19:50:57,269 [grpc-default-executor-4] INFO  impl.RaftServerImpl (ServerState.java:setLeader(253)) - d2ea576c-2d73-4d25-8c74-f5f422f1c1ea@group-E749622D4C40: change Leader from null to 008e7f89-814f-419b-8e84-495a96fd3460 at term 1 for appendEntries, leader elected after 5130ms
2019-10-01 19:50:57,269 [grpc-default-executor-5] INFO  impl.RaftServerImpl (RaftServerImpl.java:setRole(174)) - c4a805b6-0512-42dc-ba1a-ae9d1a888919@group-E749622D4C40: changes role from CANDIDATE to FOLLOWER at term 1 for appendEntries
2019-10-01 19:50:57,269 [c4a805b6-0512-42dc-ba1a-ae9d1a888919@group-E749622D4C40:LeaderElection11] INFO  impl.LeaderElection (LeaderElection.java:logAndReturn(56)) - c4a805b6-0512-42dc-ba1a-ae9d1a888919@group-E749622D4C40:LeaderElection11: Election REJECTED; received 2 response(s) [c4a805b6-0512-42dc-ba1a-ae9d1a888919<-008e7f89-814f-419b-8e84-495a96fd3460#0:FAIL-t1, c4a805b6-0512-42dc-ba1a-ae9d1a888919<-d2ea576c-2d73-4d25-8c74-f5f422f1c1ea#0:FAIL-t1] and 0 exception(s); c4a805b6-0512-42dc-ba1a-ae9d1a888919@group-E749622D4C40:t1, leader=null, voted=c4a805b6-0512-42dc-ba1a-ae9d1a888919, raftlog=c4a805b6-0512-42dc-ba1a-ae9d1a888919@group-E749622D4C40-SegmentedRaftLog:OPENED:c-1,f-1,i0, conf=-1: [008e7f89-814f-419b-8e84-495a96fd3460:192.168.151.103:43923, c4a805b6-0512-42dc-ba1a-ae9d1a888919:192.168.151.103:33670, d2ea576c-2d73-4d25-8c74-f5f422f1c1ea:192.168.151.103:44771], old=null
2019-10-01 19:50:57,270 [grpc-default-executor-5] INFO  impl.RoleInfo (RoleInfo.java:shutdownLeaderElection(134)) - c4a805b6-0512-42dc-ba1a-ae9d1a888919: shutdown LeaderElection
2019-10-01 19:50:57,271 [grpc-default-executor-5] INFO  impl.RoleInfo (RoleInfo.java:updateAndGet(143)) - c4a805b6-0512-42dc-ba1a-ae9d1a888919: start FollowerState
2019-10-01 19:50:57,271 [grpc-default-executor-5] INFO  impl.RaftServerImpl (ServerState.java:setLeader(253)) - c4a805b6-0512-42dc-ba1a-ae9d1a888919@group-E749622D4C40: change Leader from null to 008e7f89-814f-419b-8e84-495a96fd3460 at term 1 for appendEntries, leader elected after 5133ms
2019-10-01 19:50:57,274 [grpc-default-executor-5] INFO  impl.RaftServerImpl (ServerState.java:setRaftConf(354)) - d2ea576c-2d73-4d25-8c74-f5f422f1c1ea@group-E749622D4C40: set configuration 0: [008e7f89-814f-419b-8e84-495a96fd3460:192.168.151.103:43923, c4a805b6-0512-42dc-ba1a-ae9d1a888919:192.168.151.103:33670, d2ea576c-2d73-4d25-8c74-f5f422f1c1ea:192.168.151.103:44771], old=null at 0
2019-10-01 19:50:57,274 [grpc-default-executor-5] INFO  segmented.SegmentedRaftLogWorker (SegmentedRaftLogWorker.java:startLogSegment(380)) - d2ea576c-2d73-4d25-8c74-f5f422f1c1ea@group-E749622D4C40-SegmentedRaftLogWorker: Starting segment from index:0
2019-10-01 19:50:57,274 [grpc-default-executor-4] INFO  impl.RaftServerImpl (ServerState.java:setRaftConf(354)) - c4a805b6-0512-42dc-ba1a-ae9d1a888919@group-E749622D4C40: set configuration 0: [008e7f89-814f-419b-8e84-495a96fd3460:192.168.151.103:43923, c4a805b6-0512-42dc-ba1a-ae9d1a888919:192.168.151.103:33670, d2ea576c-2d73-4d25-8c74-f5f422f1c1ea:192.168.151.103:44771], old=null at 0
2019-10-01 19:50:57,276 [grpc-default-executor-4] INFO  segmented.SegmentedRaftLogWorker (SegmentedRaftLogWorker.java:startLogSegment(380)) - c4a805b6-0512-42dc-ba1a-ae9d1a888919@group-E749622D4C40-SegmentedRaftLogWorker: Starting segment from index:0
2019-10-01 19:50:57,290 [008e7f89-814f-419b-8e84-495a96fd3460@group-E749622D4C40-SegmentedRaftLogWorker] INFO  segmented.SegmentedRaftLogWorker (SegmentedRaftLogWorker.java:execute(569)) - 008e7f89-814f-419b-8e84-495a96fd3460@group-E749622D4C40-SegmentedRaftLogWorker: created new log segment /workdir/hadoop-ozone/ozonefs/target/test-dir/MiniOzoneClusterImpl-76701839-624f-4b6b-affa-460efe4f7a11/datanode-0/data/ratis/f6aa87a4-20bb-4d8e-b337-e749622d4c40/current/log_inprogress_0
2019-10-01 19:50:57,316 [d2ea576c-2d73-4d25-8c74-f5f422f1c1ea@group-E749622D4C40-SegmentedRaftLogWorker] INFO  segmented.SegmentedRaftLogWorker (SegmentedRaftLogWorker.java:execute(569)) - d2ea576c-2d73-4d25-8c74-f5f422f1c1ea@group-E749622D4C40-SegmentedRaftLogWorker: created new log segment /workdir/hadoop-ozone/ozonefs/target/test-dir/MiniOzoneClusterImpl-76701839-624f-4b6b-affa-460efe4f7a11/datanode-2/data/ratis/f6aa87a4-20bb-4d8e-b337-e749622d4c40/current/log_inprogress_0
2019-10-01 19:50:57,316 [c4a805b6-0512-42dc-ba1a-ae9d1a888919@group-E749622D4C40-SegmentedRaftLogWorker] INFO  segmented.SegmentedRaftLogWorker (SegmentedRaftLogWorker.java:execute(569)) - c4a805b6-0512-42dc-ba1a-ae9d1a888919@group-E749622D4C40-SegmentedRaftLogWorker: created new log segment /workdir/hadoop-ozone/ozonefs/target/test-dir/MiniOzoneClusterImpl-76701839-624f-4b6b-affa-460efe4f7a11/datanode-4/data/ratis/f6aa87a4-20bb-4d8e-b337-e749622d4c40/current/log_inprogress_0
2019-10-01 19:51:33,008 [grpc-default-executor-5] INFO  impl.RaftServerProxy (RaftServerProxy.java:remove(95)) - 008e7f89-814f-419b-8e84-495a96fd3460: remove  FOLLOWER 008e7f89-814f-419b-8e84-495a96fd3460@group-42C25C36F816:t1, leader=d2ea576c-2d73-4d25-8c74-f5f422f1c1ea, voted=d2ea576c-2d73-4d25-8c74-f5f422f1c1ea, raftlog=008e7f89-814f-419b-8e84-495a96fd3460@group-42C25C36F816-SegmentedRaftLog:OPENED:c0,f2,i2, conf=0: [008e7f89-814f-419b-8e84-495a96fd3460:192.168.151.103:43923, c4a805b6-0512-42dc-ba1a-ae9d1a888919:192.168.151.103:33670, d2ea576c-2d73-4d25-8c74-f5f422f1c1ea:192.168.151.103:44771], old=null RUNNING
2019-10-01 19:51:33,009 [grpc-default-executor-5] INFO  impl.RaftServerImpl (RaftServerImpl.java:lambda$shutdown$3(251)) - 008e7f89-814f-419b-8e84-495a96fd3460@group-42C25C36F816: shutdown
2019-10-01 19:51:33,009 [grpc-default-executor-5] INFO  util.JmxRegister (JmxRegister.java:unregister(73)) - Successfully un-registered JMX Bean with object name Ratis:service=RaftServer,group=group-42C25C36F816,id=008e7f89-814f-419b-8e84-495a96fd3460
2019-10-01 19:51:33,010 [grpc-default-executor-5] INFO  impl.RoleInfo (RoleInfo.java:shutdownFollowerState(121)) - 008e7f89-814f-419b-8e84-495a96fd3460: shutdown FollowerState
2019-10-01 19:51:33,010 [grpc-default-executor-5] INFO  impl.StateMachineUpdater (StateMachineUpdater.java:stopAndJoin(125)) - 008e7f89-814f-419b-8e84-495a96fd3460@group-42C25C36F816-StateMachineUpdater: set stopIndex = 0
2019-10-01 19:51:33,010 [Thread-682] INFO  impl.FollowerState (FollowerState.java:run(115)) - 008e7f89-814f-419b-8e84-495a96fd3460: FollowerState was interrupted: java.lang.InterruptedException: sleep interrupted
2019-10-01 19:51:33,012 [grpc-default-executor-5] INFO  impl.RaftServerImpl (ServerState.java:close(385)) - 008e7f89-814f-419b-8e84-495a96fd3460@group-42C25C36F816: closes. applyIndex: 0
2019-10-01 19:51:33,014 [008e7f89-814f-419b-8e84-495a96fd3460@group-42C25C36F816-SegmentedRaftLogWorker] INFO  segmented.SegmentedRaftLogWorker (SegmentedRaftLogWorker.java:run(313)) - 008e7f89-814f-419b-8e84-495a96fd3460@group-42C25C36F816-SegmentedRaftLogWorker was interrupted, exiting. There are 0 tasks remaining in the queue.
2019-10-01 19:51:33,016 [grpc-default-executor-5] INFO  segmented.SegmentedRaftLogWorker (SegmentedRaftLogWorker.java:close(228)) - 008e7f89-814f-419b-8e84-495a96fd3460@group-42C25C36F816-SegmentedRaftLogWorker close()
2019-10-01 19:51:33,079 [grpc-default-executor-5] INFO  interfaces.Container (KeyValueContainer.java:flushAndSyncDB(386)) - Container 4 is synced with bcsId 0.
2019-10-01 19:51:33,079 [grpc-default-executor-5] INFO  interfaces.Container (KeyValueContainer.java:flushAndSyncDB(386)) - Container 4 is synced with bcsId 0.
2019-10-01 19:51:33,094 [EventQueue-IncrementalContainerReportForIncrementalContainerReportHandler] INFO  container.IncrementalContainerReportHandler (AbstractContainerReportHandler.java:updateContainerState(169)) - Moving container #4 to QUASI_CLOSED state, datanode 008e7f89-814f-419b-8e84-495a96fd3460{ip: 192.168.151.103, host: pr-trunk-878pl-325597374, networkLocation: /default-rack, certSerialId: null} reported QUASI_CLOSED replica.
2019-10-01 19:51:33,098 [grpc-default-executor-4] INFO  impl.RaftServerProxy (RaftServerProxy.java:remove(95)) - c4a805b6-0512-42dc-ba1a-ae9d1a888919: remove  FOLLOWER c4a805b6-0512-42dc-ba1a-ae9d1a888919@group-42C25C36F816:t1, leader=d2ea576c-2d73-4d25-8c74-f5f422f1c1ea, voted=d2ea576c-2d73-4d25-8c74-f5f422f1c1ea, raftlog=c4a805b6-0512-42dc-ba1a-ae9d1a888919@group-42C25C36F816-SegmentedRaftLog:OPENED:c0,f2,i2, conf=0: [008e7f89-814f-419b-8e84-495a96fd3460:192.168.151.103:43923, c4a805b6-0512-42dc-ba1a-ae9d1a888919:192.168.151.103:33670, d2ea576c-2d73-4d25-8c74-f5f422f1c1ea:192.168.151.103:44771], old=null RUNNING
2019-10-01 19:51:33,098 [grpc-default-executor-4] INFO  impl.RaftServerImpl (RaftServerImpl.java:lambda$shutdown$3(251)) - c4a805b6-0512-42dc-ba1a-ae9d1a888919@group-42C25C36F816: shutdown
2019-10-01 19:51:33,098 [grpc-default-executor-4] INFO  util.JmxRegister (JmxRegister.java:unregister(73)) - Successfully un-registered JMX Bean with object name Ratis:service=RaftServer,group=group-42C25C36F816,id=c4a805b6-0512-42dc-ba1a-ae9d1a888919
2019-10-01 19:51:33,098 [grpc-default-executor-4] INFO  impl.RoleInfo (RoleInfo.java:shutdownFollowerState(121)) - c4a805b6-0512-42dc-ba1a-ae9d1a888919: shutdown FollowerState
2019-10-01 19:51:33,099 [grpc-default-executor-4] INFO  impl.StateMachineUpdater (StateMachineUpdater.java:stopAndJoin(125)) - c4a805b6-0512-42dc-ba1a-ae9d1a888919@group-42C25C36F816-StateMachineUpdater: set stopIndex = 0
2019-10-01 19:51:33,099 [Thread-681] INFO  impl.FollowerState (FollowerState.java:run(115)) - c4a805b6-0512-42dc-ba1a-ae9d1a888919: FollowerState was interrupted: java.lang.InterruptedException: sleep interrupted
2019-10-01 19:51:33,101 [grpc-default-executor-4] INFO  impl.RaftServerImpl (ServerState.java:close(385)) - c4a805b6-0512-42dc-ba1a-ae9d1a888919@group-42C25C36F816: closes. applyIndex: 0
2019-10-01 19:51:33,102 [c4a805b6-0512-42dc-ba1a-ae9d1a888919@group-42C25C36F816-SegmentedRaftLogWorker] INFO  segmented.SegmentedRaftLogWorker (SegmentedRaftLogWorker.java:run(313)) - c4a805b6-0512-42dc-ba1a-ae9d1a888919@group-42C25C36F816-SegmentedRaftLogWorker was interrupted, exiting. There are 0 tasks remaining in the queue.
2019-10-01 19:51:33,102 [grpc-default-executor-4] INFO  segmented.SegmentedRaftLogWorker (SegmentedRaftLogWorker.java:close(228)) - c4a805b6-0512-42dc-ba1a-ae9d1a888919@group-42C25C36F816-SegmentedRaftLogWorker close()
2019-10-01 19:51:33,159 [grpc-default-executor-4] INFO  interfaces.Container (KeyValueContainer.java:flushAndSyncDB(386)) - Container 4 is synced with bcsId 0.
2019-10-01 19:51:33,159 [grpc-default-executor-4] INFO  interfaces.Container (KeyValueContainer.java:flushAndSyncDB(386)) - Container 4 is synced with bcsId 0.
2019-10-01 19:51:33,178 [grpc-default-executor-4] INFO  impl.RaftServerProxy (RaftServerProxy.java:remove(95)) - d2ea576c-2d73-4d25-8c74-f5f422f1c1ea: remove    LEADER d2ea576c-2d73-4d25-8c74-f5f422f1c1ea@group-42C25C36F816:t1, leader=d2ea576c-2d73-4d25-8c74-f5f422f1c1ea, voted=d2ea576c-2d73-4d25-8c74-f5f422f1c1ea, raftlog=d2ea576c-2d73-4d25-8c74-f5f422f1c1ea@group-42C25C36F816-SegmentedRaftLog:OPENED:c0,f0,i2, conf=0: [008e7f89-814f-419b-8e84-495a96fd3460:192.168.151.103:43923, c4a805b6-0512-42dc-ba1a-ae9d1a888919:192.168.151.103:33670, d2ea576c-2d73-4d25-8c74-f5f422f1c1ea:192.168.151.103:44771], old=null RUNNING
2019-10-01 19:51:33,179 [grpc-default-executor-4] INFO  impl.RaftServerImpl (RaftServerImpl.java:lambda$shutdown$3(251)) - d2ea576c-2d73-4d25-8c74-f5f422f1c1ea@group-42C25C36F816: shutdown
2019-10-01 19:51:33,179 [grpc-default-executor-4] INFO  util.JmxRegister (JmxRegister.java:unregister(73)) - Successfully un-registered JMX Bean with object name Ratis:service=RaftServer,group=group-42C25C36F816,id=d2ea576c-2d73-4d25-8c74-f5f422f1c1ea
2019-10-01 19:51:33,179 [grpc-default-executor-4] INFO  impl.RoleInfo (RoleInfo.java:shutdownLeaderState(104)) - d2ea576c-2d73-4d25-8c74-f5f422f1c1ea: shutdown LeaderState
2019-10-01 19:51:33,182 [grpc-default-executor-4] INFO  impl.PendingRequests (PendingRequests.java:sendNotLeaderResponses(202)) - d2ea576c-2d73-4d25-8c74-f5f422f1c1ea-PendingRequests: sendNotLeaderResponses
2019-10-01 19:51:33,183 [org.apache.ratis.server.impl.LogAppender$AppenderDaemon$$Lambda$490/993546980@32903308] WARN  server.GrpcLogAppender (GrpcLogAppender.java:mayWait(143)) - d2ea576c-2d73-4d25-8c74-f5f422f1c1ea@group-42C25C36F816->008e7f89-814f-419b-8e84-495a96fd3460-GrpcLogAppender: Wait interrupted by java.lang.InterruptedException
2019-10-01 19:51:33,182 [org.apache.ratis.server.impl.LogAppender$AppenderDaemon$$Lambda$490/993546980@1996301c] WARN  server.GrpcLogAppender (GrpcLogAppender.java:mayWait(143)) - d2ea576c-2d73-4d25-8c74-f5f422f1c1ea@group-42C25C36F816->c4a805b6-0512-42dc-ba1a-ae9d1a888919-GrpcLogAppender: Wait interrupted by java.lang.InterruptedException
2019-10-01 19:51:33,185 [grpc-default-executor-4] INFO  impl.StateMachineUpdater (StateMachineUpdater.java:stopAndJoin(125)) - d2ea576c-2d73-4d25-8c74-f5f422f1c1ea@group-42C25C36F816-StateMachineUpdater: set stopIndex = 0
2019-10-01 19:51:33,186 [grpc-default-executor-4] INFO  impl.RaftServerImpl (ServerState.java:close(385)) - d2ea576c-2d73-4d25-8c74-f5f422f1c1ea@group-42C25C36F816: closes. applyIndex: 0
2019-10-01 19:51:33,186 [grpc-default-executor-1] INFO  server.GrpcServerProtocolService (GrpcServerProtocolService.java:onCompleted(113)) - c4a805b6-0512-42dc-ba1a-ae9d1a888919: Completed APPEND_ENTRIES, lastRequest: d2ea576c-2d73-4d25-8c74-f5f422f1c1ea->c4a805b6-0512-42dc-ba1a-ae9d1a888919#29-t1, previous=(t:1, i:2), leaderCommit=0, initializing? false, entries: <empty>
2019-10-01 19:51:33,186 [d2ea576c-2d73-4d25-8c74-f5f422f1c1ea@group-42C25C36F816-SegmentedRaftLogWorker] INFO  segmented.SegmentedRaftLogWorker (SegmentedRaftLogWorker.java:run(313)) - d2ea576c-2d73-4d25-8c74-f5f422f1c1ea@group-42C25C36F816-SegmentedRaftLogWorker was interrupted, exiting. There are 0 tasks remaining in the queue.
2019-10-01 19:51:33,186 [grpc-default-executor-5] INFO  server.GrpcServerProtocolService (GrpcServerProtocolService.java:onCompleted(113)) - 008e7f89-814f-419b-8e84-495a96fd3460: Completed APPEND_ENTRIES, lastRequest: d2ea576c-2d73-4d25-8c74-f5f422f1c1ea->008e7f89-814f-419b-8e84-495a96fd3460#29-t1, previous=(t:1, i:2), leaderCommit=0, initializing? false, entries: <empty>
2019-10-01 19:51:33,188 [grpc-default-executor-5] INFO  server.GrpcLogAppender (GrpcLogAppender.java:onCompleted(293)) - d2ea576c-2d73-4d25-8c74-f5f422f1c1ea@group-42C25C36F816->c4a805b6-0512-42dc-ba1a-ae9d1a888919-AppendLogResponseHandler: follower responses appendEntries COMPLETED
2019-10-01 19:51:33,188 [grpc-default-executor-3] INFO  server.GrpcLogAppender (GrpcLogAppender.java:onCompleted(293)) - d2ea576c-2d73-4d25-8c74-f5f422f1c1ea@group-42C25C36F816->008e7f89-814f-419b-8e84-495a96fd3460-AppendLogResponseHandler: follower responses appendEntries COMPLETED
2019-10-01 19:51:33,188 [grpc-default-executor-5] INFO  impl.FollowerInfo (FollowerInfo.java:lambda$new$0(51)) - d2ea576c-2d73-4d25-8c74-f5f422f1c1ea@group-42C25C36F816->c4a805b6-0512-42dc-ba1a-ae9d1a888919: nextIndex: updateUnconditionally 3 -> 2
2019-10-01 19:51:33,188 [grpc-default-executor-4] INFO  segmented.SegmentedRaftLogWorker (SegmentedRaftLogWorker.java:close(228)) - d2ea576c-2d73-4d25-8c74-f5f422f1c1ea@group-42C25C36F816-SegmentedRaftLogWorker close()
2019-10-01 19:51:33,188 [grpc-default-executor-3] INFO  impl.FollowerInfo (FollowerInfo.java:lambda$new$0(51)) - d2ea576c-2d73-4d25-8c74-f5f422f1c1ea@group-42C25C36F816->008e7f89-814f-419b-8e84-495a96fd3460: nextIndex: updateUnconditionally 3 -> 2
2019-10-01 19:51:33,196 [RatisPipelineUtilsThread] INFO  pipeline.PipelineStateManager (PipelineStateManager.java:removePipeline(108)) - Pipeline Pipeline[ Id: cb3d1bd9-bbe1-402b-a222-42c25c36f816, Nodes: 008e7f89-814f-419b-8e84-495a96fd3460{ip: 192.168.151.103, host: pr-trunk-878pl-325597374, networkLocation: /default-rack, certSerialId: null}c4a805b6-0512-42dc-ba1a-ae9d1a888919{ip: 192.168.151.103, host: pr-trunk-878pl-325597374, networkLocation: /default-rack, certSerialId: null}d2ea576c-2d73-4d25-8c74-f5f422f1c1ea{ip: 192.168.151.103, host: pr-trunk-878pl-325597374, networkLocation: /default-rack, certSerialId: null}, Type:RATIS, Factor:THREE, State:CLOSED] removed from db
2019-10-01 19:51:33,199 [grpc-default-executor-4] INFO  impl.RaftServerProxy (RaftServerProxy.java:remove(95)) - 008e7f89-814f-419b-8e84-495a96fd3460: remove group-42C25C36F816:null
2019-10-01 19:51:33,203 [RatisPipelineUtilsThread] WARN  pipeline.RatisPipelineUtils (RatisPipelineUtils.java:destroyPipeline(67)) - Pipeline destroy failed for pipeline=PipelineID=cb3d1bd9-bbe1-402b-a222-42c25c36f816 dn=008e7f89-814f-419b-8e84-495a96fd3460{ip: 192.168.151.103, host: pr-trunk-878pl-325597374, networkLocation: /default-rack, certSerialId: null}
2019-10-01 19:51:33,211 [grpc-default-executor-4] INFO  impl.RaftServerProxy (RaftServerProxy.java:remove(95)) - c4a805b6-0512-42dc-ba1a-ae9d1a888919: remove group-42C25C36F816:null
2019-10-01 19:51:33,215 [RatisPipelineUtilsThread] WARN  pipeline.RatisPipelineUtils (RatisPipelineUtils.java:destroyPipeline(67)) - Pipeline destroy failed for pipeline=PipelineID=cb3d1bd9-bbe1-402b-a222-42c25c36f816 dn=c4a805b6-0512-42dc-ba1a-ae9d1a888919{ip: 192.168.151.103, host: pr-trunk-878pl-325597374, networkLocation: /default-rack, certSerialId: null}
2019-10-01 19:51:33,218 [grpc-default-executor-4] INFO  impl.RaftServerProxy (RaftServerProxy.java:remove(95)) - d2ea576c-2d73-4d25-8c74-f5f422f1c1ea: remove group-42C25C36F816:null
2019-10-01 19:51:33,222 [RatisPipelineUtilsThread] WARN  pipeline.RatisPipelineUtils (RatisPipelineUtils.java:destroyPipeline(67)) - Pipeline destroy failed for pipeline=PipelineID=cb3d1bd9-bbe1-402b-a222-42c25c36f816 dn=d2ea576c-2d73-4d25-8c74-f5f422f1c1ea{ip: 192.168.151.103, host: pr-trunk-878pl-325597374, networkLocation: /default-rack, certSerialId: null}
2019-10-01 19:51:33,222 [RatisPipelineUtilsThread] ERROR pipeline.SCMPipelineManager (Scheduler.java:lambda$schedule$1(70)) - Destroy pipeline failed for pipeline:Pipeline[ Id: cb3d1bd9-bbe1-402b-a222-42c25c36f816, Nodes: 008e7f89-814f-419b-8e84-495a96fd3460{ip: 192.168.151.103, host: pr-trunk-878pl-325597374, networkLocation: /default-rack, certSerialId: null}c4a805b6-0512-42dc-ba1a-ae9d1a888919{ip: 192.168.151.103, host: pr-trunk-878pl-325597374, networkLocation: /default-rack, certSerialId: null}d2ea576c-2d73-4d25-8c74-f5f422f1c1ea{ip: 192.168.151.103, host: pr-trunk-878pl-325597374, networkLocation: /default-rack, certSerialId: null}, Type:RATIS, Factor:THREE, State:CLOSED]
org.apache.hadoop.hdds.scm.pipeline.PipelineNotFoundException: PipelineID=cb3d1bd9-bbe1-402b-a222-42c25c36f816 not found
	at org.apache.hadoop.hdds.scm.pipeline.PipelineStateMap.getPipeline(PipelineStateMap.java:132)
	at org.apache.hadoop.hdds.scm.pipeline.PipelineStateMap.removePipeline(PipelineStateMap.java:322)
	at org.apache.hadoop.hdds.scm.pipeline.PipelineStateManager.removePipeline(PipelineStateManager.java:107)
	at org.apache.hadoop.hdds.scm.pipeline.SCMPipelineManager.removePipeline(SCMPipelineManager.java:427)
	at org.apache.hadoop.hdds.scm.pipeline.SCMPipelineManager.destroyPipeline(SCMPipelineManager.java:413)
	at org.apache.hadoop.hdds.scm.pipeline.SCMPipelineManager.lambda$finalizeAndDestroyPipeline$0(SCMPipelineManager.java:322)
	at org.apache.hadoop.hdds.utils.Scheduler.lambda$schedule$1(Scheduler.java:68)
	at java.util.concurrent.Executors$RunnableAdapter.call(Executors.java:511)
	at java.util.concurrent.FutureTask.run(FutureTask.java:266)
	at java.util.concurrent.ScheduledThreadPoolExecutor$ScheduledFutureTask.access$201(ScheduledThreadPoolExecutor.java:180)
	at java.util.concurrent.ScheduledThreadPoolExecutor$ScheduledFutureTask.run(ScheduledThreadPoolExecutor.java:293)
	at java.util.concurrent.ThreadPoolExecutor.runWorker(ThreadPoolExecutor.java:1149)
	at java.util.concurrent.ThreadPoolExecutor$Worker.run(ThreadPoolExecutor.java:624)
	at java.lang.Thread.run(Thread.java:748)
2019-10-01 19:51:34,209 [Thread-648] WARN  io.KeyOutputStream (KeyOutputStream.java:handleException(274)) - Encountered exception java.io.IOException: Unexpected Storage Container Exception: java.util.concurrent.CompletionException: java.util.concurrent.CompletionException: org.apache.ratis.protocol.GroupMismatchException: d2ea576c-2d73-4d25-8c74-f5f422f1c1ea: group-42C25C36F816 not found. on the pipeline Pipeline[ Id: cb3d1bd9-bbe1-402b-a222-42c25c36f816, Nodes: 008e7f89-814f-419b-8e84-495a96fd3460{ip: 192.168.151.103, host: pr-trunk-878pl-325597374, networkLocation: /default-rack, certSerialId: null}c4a805b6-0512-42dc-ba1a-ae9d1a888919{ip: 192.168.151.103, host: pr-trunk-878pl-325597374, networkLocation: /default-rack, certSerialId: null}d2ea576c-2d73-4d25-8c74-f5f422f1c1ea{ip: 192.168.151.103, host: pr-trunk-878pl-325597374, networkLocation: /default-rack, certSerialId: null}, Type:RATIS, Factor:THREE, State:OPEN]. The last committed block length is 0, uncommitted data length is 1024 retry count 0
2019-10-01 19:51:34,366 [pool-26-thread-7] ERROR impl.ChunkManagerImpl (ChunkUtils.java:writeData(89)) - data array does not match the length specified. DataLen: 1024 Byte Array: 1181
2019-10-01 19:51:34,368 [pool-26-thread-7] INFO  keyvalue.KeyValueHandler (ContainerUtils.java:logAndReturnError(146)) - Operation: WriteChunk : Trace ID: 98837a4c6bd2d4df:98837a4c6bd2d4df:0:0 : Message: data array does not match the length specified. DataLen: 1024 Byte Array: 1181 : Result: INVALID_WRITE_SIZE
2019-10-01 19:51:34,383 [EventQueue-IncrementalContainerReportForIncrementalContainerReportHandler] WARN  container.IncrementalContainerReportHandler (AbstractContainerReportHandler.java:updateContainerState(143)) - Container #5 is in OPEN state, but the datanode 008e7f89-814f-419b-8e84-495a96fd3460{ip: 192.168.151.103, host: pr-trunk-878pl-325597374, networkLocation: /default-rack, certSerialId: null} reports an UNHEALTHY replica.
2019-10-01 19:51:34,385 [EventQueue-CloseContainerForCloseContainerEventHandler] INFO  container.CloseContainerEventHandler (CloseContainerEventHandler.java:onMessage(61)) - Close container Event triggered for container : #5
19:51:34.382 [pool-26-thread-7] ERROR DNAudit - user=null | ip=null | op=WRITE_CHUNK {blockData=conID: 5 locID: 102888865413660678 bcsId: 0} | ret=FAILURE
java.lang.Exception: data array does not match the length specified. DataLen: 1024 Byte Array: 1181
	at org.apache.hadoop.ozone.container.common.impl.HddsDispatcher.dispatchRequest(HddsDispatcher.java:330) ~[hadoop-hdds-container-service-0.5.0-SNAPSHOT.jar:?]
	at org.apache.hadoop.ozone.container.common.impl.HddsDispatcher.dispatch(HddsDispatcher.java:150) ~[hadoop-hdds-container-service-0.5.0-SNAPSHOT.jar:?]
	at org.apache.hadoop.ozone.container.common.transport.server.ratis.ContainerStateMachine.dispatchCommand(ContainerStateMachine.java:407) ~[hadoop-hdds-container-service-0.5.0-SNAPSHOT.jar:?]
	at org.apache.hadoop.ozone.container.common.transport.server.ratis.ContainerStateMachine.runCommand(ContainerStateMachine.java:415) ~[hadoop-hdds-container-service-0.5.0-SNAPSHOT.jar:?]
	at org.apache.hadoop.ozone.container.common.transport.server.ratis.ContainerStateMachine.lambda$handleWriteChunk$1(ContainerStateMachine.java:450) ~[hadoop-hdds-container-service-0.5.0-SNAPSHOT.jar:?]
	at java.util.concurrent.CompletableFuture$AsyncSupply.run(CompletableFuture.java:1590) [?:1.8.0_212]
	at java.util.concurrent.ThreadPoolExecutor.runWorker(ThreadPoolExecutor.java:1149) [?:1.8.0_212]
	at java.util.concurrent.ThreadPoolExecutor$Worker.run(ThreadPoolExecutor.java:624) [?:1.8.0_212]
	at java.lang.Thread.run(Thread.java:748) [?:1.8.0_212]
2019-10-01 19:51:34,385 [pool-26-thread-7] ERROR ratis.ContainerStateMachine (ContainerStateMachine.java:lambda$handleWriteChunk$2(470)) - group-E749622D4C40: writeChunk writeStateMachineData failed: blockIdcontainerID: 5
localID: 102888865413660678
blockCommitSequenceId: 0
 logIndex 1 chunkName 102888865413660678_chunk_1 Error message: data array does not match the length specified. DataLen: 1024 Byte Array: 1181 Container Result: INVALID_WRITE_SIZE
2019-10-01 19:51:34,385 [008e7f89-814f-419b-8e84-495a96fd3460@group-E749622D4C40-SegmentedRaftLogWorker] ERROR ratis.XceiverServerRatis (XceiverServerRatis.java:triggerPipelineClose(575)) - pipeline Action CLOSE  on pipeline PipelineID=f6aa87a4-20bb-4d8e-b337-e749622d4c40.Reason : data array does not match the length specified. DataLen: 1024 Byte Array: 1181
2019-10-01 19:51:34,385 [008e7f89-814f-419b-8e84-495a96fd3460@group-E749622D4C40-SegmentedRaftLogWorker] ERROR ratis.XceiverServerRatis (XceiverServerRatis.java:triggerPipelineClose(575)) - pipeline Action CLOSE  on pipeline PipelineID=f6aa87a4-20bb-4d8e-b337-e749622d4c40.Reason : Log already failed at index 1 for task WriteLog:1: (t:1, i:1), STATEMACHINELOGENTRY, client-41BF81AF2417, cid=52
2019-10-01 19:51:34,386 [EventQueue-PipelineActionsForPipelineActionHandler] ERROR pipeline.PipelineActionHandler (PipelineActionHandler.java:onMessage(60)) - Received pipeline action CLOSE for Pipeline[ Id: f6aa87a4-20bb-4d8e-b337-e749622d4c40, Nodes: 008e7f89-814f-419b-8e84-495a96fd3460{ip: 192.168.151.103, host: pr-trunk-878pl-325597374, networkLocation: /default-rack, certSerialId: null}c4a805b6-0512-42dc-ba1a-ae9d1a888919{ip: 192.168.151.103, host: pr-trunk-878pl-325597374, networkLocation: /default-rack, certSerialId: null}d2ea576c-2d73-4d25-8c74-f5f422f1c1ea{ip: 192.168.151.103, host: pr-trunk-878pl-325597374, networkLocation: /default-rack, certSerialId: null}, Type:RATIS, Factor:THREE, State:OPEN] from datanode 008e7f89-814f-419b-8e84-495a96fd3460{ip: 192.168.151.103, host: pr-trunk-878pl-325597374, networkLocation: /default-rack, certSerialId: null}. Reason : data array does not match the length specified. DataLen: 1024 Byte Array: 1181
2019-10-01 19:51:34,386 [EventQueue-PipelineActionsForPipelineActionHandler] INFO  pipeline.SCMPipelineManager (SCMPipelineManager.java:finalizeAndDestroyPipeline(315)) - destroying pipeline:Pipeline[ Id: f6aa87a4-20bb-4d8e-b337-e749622d4c40, Nodes: 008e7f89-814f-419b-8e84-495a96fd3460{ip: 192.168.151.103, host: pr-trunk-878pl-325597374, networkLocation: /default-rack, certSerialId: null}c4a805b6-0512-42dc-ba1a-ae9d1a888919{ip: 192.168.151.103, host: pr-trunk-878pl-325597374, networkLocation: /default-rack, certSerialId: null}d2ea576c-2d73-4d25-8c74-f5f422f1c1ea{ip: 192.168.151.103, host: pr-trunk-878pl-325597374, networkLocation: /default-rack, certSerialId: null}, Type:RATIS, Factor:THREE, State:OPEN]
2019-10-01 19:51:34,386 [EventQueue-PipelineActionsForPipelineActionHandler] INFO  pipeline.PipelineStateManager (PipelineStateManager.java:finalizePipeline(123)) - Pipeline Pipeline[ Id: f6aa87a4-20bb-4d8e-b337-e749622d4c40, Nodes: 008e7f89-814f-419b-8e84-495a96fd3460{ip: 192.168.151.103, host: pr-trunk-878pl-325597374, networkLocation: /default-rack, certSerialId: null}c4a805b6-0512-42dc-ba1a-ae9d1a888919{ip: 192.168.151.103, host: pr-trunk-878pl-325597374, networkLocation: /default-rack, certSerialId: null}d2ea576c-2d73-4d25-8c74-f5f422f1c1ea{ip: 192.168.151.103, host: pr-trunk-878pl-325597374, networkLocation: /default-rack, certSerialId: null}, Type:RATIS, Factor:THREE, State:CLOSED] moved to CLOSED state
2019-10-01 19:51:34,389 [EventQueue-PipelineActionsForPipelineActionHandler] ERROR pipeline.PipelineActionHandler (PipelineActionHandler.java:onMessage(60)) - Received pipeline action CLOSE for Pipeline[ Id: f6aa87a4-20bb-4d8e-b337-e749622d4c40, Nodes: 008e7f89-814f-419b-8e84-495a96fd3460{ip: 192.168.151.103, host: pr-trunk-878pl-325597374, networkLocation: /default-rack, certSerialId: null}c4a805b6-0512-42dc-ba1a-ae9d1a888919{ip: 192.168.151.103, host: pr-trunk-878pl-325597374, networkLocation: /default-rack, certSerialId: null}d2ea576c-2d73-4d25-8c74-f5f422f1c1ea{ip: 192.168.151.103, host: pr-trunk-878pl-325597374, networkLocation: /default-rack, certSerialId: null}, Type:RATIS, Factor:THREE, State:CLOSED] from datanode 008e7f89-814f-419b-8e84-495a96fd3460{ip: 192.168.151.103, host: pr-trunk-878pl-325597374, networkLocation: /default-rack, certSerialId: null}. Reason : Log already failed at index 1 for task WriteLog:1: (t:1, i:1), STATEMACHINELOGENTRY, client-41BF81AF2417, cid=52
2019-10-01 19:51:34,389 [EventQueue-PipelineActionsForPipelineActionHandler] INFO  pipeline.SCMPipelineManager (SCMPipelineManager.java:finalizeAndDestroyPipeline(315)) - destroying pipeline:Pipeline[ Id: f6aa87a4-20bb-4d8e-b337-e749622d4c40, Nodes: 008e7f89-814f-419b-8e84-495a96fd3460{ip: 192.168.151.103, host: pr-trunk-878pl-325597374, networkLocation: /default-rack, certSerialId: null}c4a805b6-0512-42dc-ba1a-ae9d1a888919{ip: 192.168.151.103, host: pr-trunk-878pl-325597374, networkLocation: /default-rack, certSerialId: null}d2ea576c-2d73-4d25-8c74-f5f422f1c1ea{ip: 192.168.151.103, host: pr-trunk-878pl-325597374, networkLocation: /default-rack, certSerialId: null}, Type:RATIS, Factor:THREE, State:CLOSED]
2019-10-01 19:52:21,353 [ReplicationMonitor] INFO  container.ReplicationManager (ReplicationManager.java:sendCloseCommand(659)) - Sending close container command for container #5 to datanode d2ea576c-2d73-4d25-8c74-f5f422f1c1ea{ip: 192.168.151.103, host: pr-trunk-878pl-325597374, networkLocation: /default-rack, certSerialId: null}.
2019-10-01 19:52:21,360 [ReplicationMonitor] INFO  container.ReplicationManager (ReplicationManager.java:sendCloseCommand(659)) - Sending close container command for container #5 to datanode 008e7f89-814f-419b-8e84-495a96fd3460{ip: 192.168.151.103, host: pr-trunk-878pl-325597374, networkLocation: /default-rack, certSerialId: null}.
2019-10-01 19:52:21,360 [ReplicationMonitor] INFO  container.ReplicationManager (ReplicationManager.java:sendCloseCommand(659)) - Sending close container command for container #5 to datanode c4a805b6-0512-42dc-ba1a-ae9d1a888919{ip: 192.168.151.103, host: pr-trunk-878pl-325597374, networkLocation: /default-rack, certSerialId: null}.
2019-10-01 19:52:21,365 [ReplicationMonitor] INFO  container.ReplicationManager (ReplicationManager.java:forceCloseContainer(464)) - Force closing container #1 with BCSID 0, which is in QUASI_CLOSED state.
2019-10-01 19:52:21,366 [ReplicationMonitor] INFO  container.ReplicationManager (ReplicationManager.java:sendCloseCommand(659)) - Sending close container command for container #1 to datanode 008e7f89-814f-419b-8e84-495a96fd3460{ip: 192.168.151.103, host: pr-trunk-878pl-325597374, networkLocation: /default-rack, certSerialId: null}.
2019-10-01 19:52:21,366 [ReplicationMonitor] INFO  container.ReplicationManager (ReplicationManager.java:sendCloseCommand(659)) - Sending close container command for container #1 to datanode d2ea576c-2d73-4d25-8c74-f5f422f1c1ea{ip: 192.168.151.103, host: pr-trunk-878pl-325597374, networkLocation: /default-rack, certSerialId: null}.
2019-10-01 19:52:21,366 [ReplicationMonitor] INFO  container.ReplicationManager (ReplicationManager.java:forceCloseContainer(464)) - Force closing container #2 with BCSID 0, which is in QUASI_CLOSED state.
2019-10-01 19:52:21,366 [ReplicationMonitor] INFO  container.ReplicationManager (ReplicationManager.java:sendCloseCommand(659)) - Sending close container command for container #2 to datanode c4a805b6-0512-42dc-ba1a-ae9d1a888919{ip: 192.168.151.103, host: pr-trunk-878pl-325597374, networkLocation: /default-rack, certSerialId: null}.
2019-10-01 19:52:21,366 [ReplicationMonitor] INFO  container.ReplicationManager (ReplicationManager.java:sendCloseCommand(659)) - Sending close container command for container #2 to datanode d2ea576c-2d73-4d25-8c74-f5f422f1c1ea{ip: 192.168.151.103, host: pr-trunk-878pl-325597374, networkLocation: /default-rack, certSerialId: null}.
2019-10-01 19:52:21,367 [ReplicationMonitor] INFO  container.ReplicationManager (ReplicationManager.java:forceCloseContainer(464)) - Force closing container #3 with BCSID 0, which is in QUASI_CLOSED state.
2019-10-01 19:52:21,367 [ReplicationMonitor] INFO  container.ReplicationManager (ReplicationManager.java:sendCloseCommand(659)) - Sending close container command for container #3 to datanode d2ea576c-2d73-4d25-8c74-f5f422f1c1ea{ip: 192.168.151.103, host: pr-trunk-878pl-325597374, networkLocation: /default-rack, certSerialId: null}.
2019-10-01 19:52:21,367 [ReplicationMonitor] INFO  container.ReplicationManager (ReplicationManager.java:sendCloseCommand(659)) - Sending close container command for container #3 to datanode 008e7f89-814f-419b-8e84-495a96fd3460{ip: 192.168.151.103, host: pr-trunk-878pl-325597374, networkLocation: /default-rack, certSerialId: null}.
2019-10-01 19:52:21,367 [ReplicationMonitor] INFO  container.ReplicationManager (ReplicationManager.java:forceCloseContainer(464)) - Force closing container #4 with BCSID 0, which is in QUASI_CLOSED state.
2019-10-01 19:52:21,367 [ReplicationMonitor] INFO  container.ReplicationManager (ReplicationManager.java:sendCloseCommand(659)) - Sending close container command for container #4 to datanode c4a805b6-0512-42dc-ba1a-ae9d1a888919{ip: 192.168.151.103, host: pr-trunk-878pl-325597374, networkLocation: /default-rack, certSerialId: null}.
2019-10-01 19:52:21,367 [ReplicationMonitor] INFO  container.ReplicationManager (ReplicationManager.java:sendCloseCommand(659)) - Sending close container command for container #4 to datanode 008e7f89-814f-419b-8e84-495a96fd3460{ip: 192.168.151.103, host: pr-trunk-878pl-325597374, networkLocation: /default-rack, certSerialId: null}.
2019-10-01 19:52:21,368 [ReplicationMonitor] INFO  container.ReplicationManager (ReplicationManager.java:run(225)) - Replication Monitor Thread took 16 milliseconds for processing 5 containers.
2019-10-01 19:52:22,054 [Command processor thread] INFO  interfaces.Container (KeyValueContainer.java:flushAndSyncDB(386)) - Container 1 is synced with bcsId 0.
2019-10-01 19:52:22,056 [Command processor thread] INFO  interfaces.Container (KeyValueContainer.java:flushAndSyncDB(386)) - Container 1 is synced with bcsId 0.
2019-10-01 19:52:22,071 [Command processor thread] INFO  interfaces.Container (KeyValueContainer.java:close(335)) - Container 1 is closed with bcsId 0.
2019-10-01 19:52:22,071 [Command processor thread] INFO  interfaces.Container (KeyValueContainer.java:flushAndSyncDB(386)) - Container 2 is synced with bcsId 0.
2019-10-01 19:52:22,071 [Command processor thread] INFO  interfaces.Container (KeyValueContainer.java:flushAndSyncDB(386)) - Container 2 is synced with bcsId 0.
2019-10-01 19:52:22,072 [EventQueue-IncrementalContainerReportForIncrementalContainerReportHandler] INFO  container.IncrementalContainerReportHandler (AbstractContainerReportHandler.java:updateContainerState(202)) - Moving container #1 to CLOSED state, datanode d2ea576c-2d73-4d25-8c74-f5f422f1c1ea{ip: 192.168.151.103, host: pr-trunk-878pl-325597374, networkLocation: /default-rack, certSerialId: null} reported CLOSED replica.
2019-10-01 19:52:22,086 [Command processor thread] INFO  interfaces.Container (KeyValueContainer.java:close(335)) - Container 2 is closed with bcsId 0.
2019-10-01 19:52:22,086 [Command processor thread] INFO  interfaces.Container (KeyValueContainer.java:flushAndSyncDB(386)) - Container 3 is synced with bcsId 0.
2019-10-01 19:52:22,086 [Command processor thread] INFO  interfaces.Container (KeyValueContainer.java:flushAndSyncDB(386)) - Container 3 is synced with bcsId 0.
2019-10-01 19:52:22,087 [EventQueue-IncrementalContainerReportForIncrementalContainerReportHandler] INFO  container.IncrementalContainerReportHandler (AbstractContainerReportHandler.java:updateContainerState(202)) - Moving container #2 to CLOSED state, datanode d2ea576c-2d73-4d25-8c74-f5f422f1c1ea{ip: 192.168.151.103, host: pr-trunk-878pl-325597374, networkLocation: /default-rack, certSerialId: null} reported CLOSED replica.
2019-10-01 19:52:22,100 [Command processor thread] INFO  interfaces.Container (KeyValueContainer.java:close(335)) - Container 3 is closed with bcsId 0.
2019-10-01 19:52:22,101 [EventQueue-IncrementalContainerReportForIncrementalContainerReportHandler] INFO  container.IncrementalContainerReportHandler (AbstractContainerReportHandler.java:updateContainerState(202)) - Moving container #3 to CLOSED state, datanode d2ea576c-2d73-4d25-8c74-f5f422f1c1ea{ip: 192.168.151.103, host: pr-trunk-878pl-325597374, networkLocation: /default-rack, certSerialId: null} reported CLOSED replica.
2019-10-01 19:52:23,391 [Command processor thread] INFO  interfaces.Container (KeyValueContainer.java:flushAndSyncDB(386)) - Container 1 is synced with bcsId 0.
2019-10-01 19:52:23,392 [Command processor thread] INFO  interfaces.Container (KeyValueContainer.java:flushAndSyncDB(386)) - Container 1 is synced with bcsId 0.
2019-10-01 19:52:23,394 [Command processor thread] INFO  interfaces.Container (KeyValueContainer.java:flushAndSyncDB(386)) - Container 2 is synced with bcsId 0.
2019-10-01 19:52:23,395 [Command processor thread] INFO  interfaces.Container (KeyValueContainer.java:flushAndSyncDB(386)) - Container 2 is synced with bcsId 0.
2019-10-01 19:52:23,406 [Command processor thread] INFO  interfaces.Container (KeyValueContainer.java:close(335)) - Container 2 is closed with bcsId 0.
2019-10-01 19:52:23,406 [Command processor thread] INFO  interfaces.Container (KeyValueContainer.java:close(335)) - Container 1 is closed with bcsId 0.
2019-10-01 19:52:23,406 [Command processor thread] INFO  interfaces.Container (KeyValueContainer.java:flushAndSyncDB(386)) - Container 4 is synced with bcsId 0.
2019-10-01 19:52:23,407 [Command processor thread] INFO  interfaces.Container (KeyValueContainer.java:flushAndSyncDB(386)) - Container 3 is synced with bcsId 0.
2019-10-01 19:52:23,407 [Command processor thread] INFO  interfaces.Container (KeyValueContainer.java:flushAndSyncDB(386)) - Container 4 is synced with bcsId 0.
2019-10-01 19:52:23,407 [Command processor thread] INFO  interfaces.Container (KeyValueContainer.java:flushAndSyncDB(386)) - Container 3 is synced with bcsId 0.
2019-10-01 19:52:23,421 [Command processor thread] INFO  interfaces.Container (KeyValueContainer.java:close(335)) - Container 4 is closed with bcsId 0.
2019-10-01 19:52:23,421 [Command processor thread] INFO  interfaces.Container (KeyValueContainer.java:close(335)) - Container 3 is closed with bcsId 0.
2019-10-01 19:52:23,422 [Command processor thread] INFO  interfaces.Container (KeyValueContainer.java:flushAndSyncDB(386)) - Container 4 is synced with bcsId 0.
2019-10-01 19:52:23,422 [Command processor thread] INFO  interfaces.Container (KeyValueContainer.java:flushAndSyncDB(386)) - Container 4 is synced with bcsId 0.
2019-10-01 19:52:23,422 [EventQueue-IncrementalContainerReportForIncrementalContainerReportHandler] INFO  container.IncrementalContainerReportHandler (AbstractContainerReportHandler.java:updateContainerState(202)) - Moving container #4 to CLOSED state, datanode c4a805b6-0512-42dc-ba1a-ae9d1a888919{ip: 192.168.151.103, host: pr-trunk-878pl-325597374, networkLocation: /default-rack, certSerialId: null} reported CLOSED replica.
2019-10-01 19:52:23,435 [Command processor thread] INFO  interfaces.Container (KeyValueContainer.java:close(335)) - Container 4 is closed with bcsId 0.
2019-10-01 19:52:40,391 [grpc-default-executor-3] INFO  impl.RaftServerProxy (RaftServerProxy.java:remove(95)) - 008e7f89-814f-419b-8e84-495a96fd3460: remove    LEADER 008e7f89-814f-419b-8e84-495a96fd3460@group-E749622D4C40:t1, leader=008e7f89-814f-419b-8e84-495a96fd3460, voted=008e7f89-814f-419b-8e84-495a96fd3460, raftlog=008e7f89-814f-419b-8e84-495a96fd3460@group-E749622D4C40-SegmentedRaftLog:OPENED:c0,f0,i2, conf=0: [008e7f89-814f-419b-8e84-495a96fd3460:192.168.151.103:43923, c4a805b6-0512-42dc-ba1a-ae9d1a888919:192.168.151.103:33670, d2ea576c-2d73-4d25-8c74-f5f422f1c1ea:192.168.151.103:44771], old=null RUNNING
2019-10-01 19:52:40,392 [grpc-default-executor-3] INFO  impl.RaftServerImpl (RaftServerImpl.java:lambda$shutdown$3(251)) - 008e7f89-814f-419b-8e84-495a96fd3460@group-E749622D4C40: shutdown
2019-10-01 19:52:40,392 [grpc-default-executor-3] INFO  util.JmxRegister (JmxRegister.java:unregister(73)) - Successfully un-registered JMX Bean with object name Ratis:service=RaftServer,group=group-E749622D4C40,id=008e7f89-814f-419b-8e84-495a96fd3460
2019-10-01 19:52:40,393 [grpc-default-executor-3] INFO  impl.RoleInfo (RoleInfo.java:shutdownLeaderState(104)) - 008e7f89-814f-419b-8e84-495a96fd3460: shutdown LeaderState
2019-10-01 19:52:40,396 [grpc-default-executor-3] INFO  impl.PendingRequests (PendingRequests.java:sendNotLeaderResponses(202)) - 008e7f89-814f-419b-8e84-495a96fd3460-PendingRequests: sendNotLeaderResponses
2019-10-01 19:52:40,396 [org.apache.ratis.server.impl.LogAppender$AppenderDaemon$$Lambda$490/993546980@4cc6d13] WARN  server.GrpcLogAppender (GrpcLogAppender.java:mayWait(143)) - 008e7f89-814f-419b-8e84-495a96fd3460@group-E749622D4C40->d2ea576c-2d73-4d25-8c74-f5f422f1c1ea-GrpcLogAppender: Wait interrupted by java.lang.InterruptedException
2019-10-01 19:52:40,396 [org.apache.ratis.server.impl.LogAppender$AppenderDaemon$$Lambda$490/993546980@b838bfc] WARN  server.GrpcLogAppender (GrpcLogAppender.java:mayWait(143)) - 008e7f89-814f-419b-8e84-495a96fd3460@group-E749622D4C40->c4a805b6-0512-42dc-ba1a-ae9d1a888919-GrpcLogAppender: Wait interrupted by java.lang.InterruptedException
2019-10-01 19:52:40,397 [grpc-default-executor-4] INFO  server.GrpcServerProtocolService (GrpcServerProtocolService.java:onCompleted(113)) - d2ea576c-2d73-4d25-8c74-f5f422f1c1ea: Completed APPEND_ENTRIES, lastRequest: 008e7f89-814f-419b-8e84-495a96fd3460->d2ea576c-2d73-4d25-8c74-f5f422f1c1ea#43-t1, previous=(t:1, i:2), leaderCommit=0, initializing? false, entries: <empty>
2019-10-01 19:52:40,398 [grpc-default-executor-1] INFO  server.GrpcServerProtocolService (GrpcServerProtocolService.java:onCompleted(113)) - c4a805b6-0512-42dc-ba1a-ae9d1a888919: Completed APPEND_ENTRIES, lastRequest: 008e7f89-814f-419b-8e84-495a96fd3460->c4a805b6-0512-42dc-ba1a-ae9d1a888919#43-t1, previous=(t:1, i:2), leaderCommit=0, initializing? false, entries: <empty>
2019-10-01 19:52:40,399 [grpc-default-executor-3] INFO  impl.StateMachineUpdater (StateMachineUpdater.java:stopAndJoin(125)) - 008e7f89-814f-419b-8e84-495a96fd3460@group-E749622D4C40-StateMachineUpdater: set stopIndex = 0
2019-10-01 19:52:40,399 [grpc-default-executor-1] INFO  server.GrpcLogAppender (GrpcLogAppender.java:onCompleted(293)) - 008e7f89-814f-419b-8e84-495a96fd3460@group-E749622D4C40->d2ea576c-2d73-4d25-8c74-f5f422f1c1ea-AppendLogResponseHandler: follower responses appendEntries COMPLETED
2019-10-01 19:52:40,401 [grpc-default-executor-3] INFO  impl.RaftServerImpl (ServerState.java:close(385)) - 008e7f89-814f-419b-8e84-495a96fd3460@group-E749622D4C40: closes. applyIndex: 0
2019-10-01 19:52:40,401 [grpc-default-executor-6] INFO  server.GrpcLogAppender (GrpcLogAppender.java:onCompleted(293)) - 008e7f89-814f-419b-8e84-495a96fd3460@group-E749622D4C40->c4a805b6-0512-42dc-ba1a-ae9d1a888919-AppendLogResponseHandler: follower responses appendEntries COMPLETED
2019-10-01 19:52:40,401 [grpc-default-executor-1] INFO  impl.FollowerInfo (FollowerInfo.java:lambda$new$0(51)) - 008e7f89-814f-419b-8e84-495a96fd3460@group-E749622D4C40->d2ea576c-2d73-4d25-8c74-f5f422f1c1ea: nextIndex: updateUnconditionally 3 -> 2
2019-10-01 19:52:40,404 [grpc-default-executor-6] INFO  impl.FollowerInfo (FollowerInfo.java:lambda$new$0(51)) - 008e7f89-814f-419b-8e84-495a96fd3460@group-E749622D4C40->c4a805b6-0512-42dc-ba1a-ae9d1a888919: nextIndex: updateUnconditionally 3 -> 2
2019-10-01 19:52:40,402 [008e7f89-814f-419b-8e84-495a96fd3460@group-E749622D4C40-SegmentedRaftLogWorker] INFO  segmented.SegmentedRaftLogWorker (SegmentedRaftLogWorker.java:run(313)) - 008e7f89-814f-419b-8e84-495a96fd3460@group-E749622D4C40-SegmentedRaftLogWorker was interrupted, exiting. There are 0 tasks remaining in the queue.
2019-10-01 19:52:40,404 [grpc-default-executor-3] INFO  segmented.SegmentedRaftLogWorker (SegmentedRaftLogWorker.java:close(228)) - 008e7f89-814f-419b-8e84-495a96fd3460@group-E749622D4C40-SegmentedRaftLogWorker close()
2019-10-01 19:52:40,410 [grpc-default-executor-3] INFO  impl.RaftServerProxy (RaftServerProxy.java:remove(95)) - c4a805b6-0512-42dc-ba1a-ae9d1a888919: remove  FOLLOWER c4a805b6-0512-42dc-ba1a-ae9d1a888919@group-E749622D4C40:t1, leader=008e7f89-814f-419b-8e84-495a96fd3460, voted=c4a805b6-0512-42dc-ba1a-ae9d1a888919, raftlog=c4a805b6-0512-42dc-ba1a-ae9d1a888919@group-E749622D4C40-SegmentedRaftLog:OPENED:c0,f2,i2, conf=0: [008e7f89-814f-419b-8e84-495a96fd3460:192.168.151.103:43923, c4a805b6-0512-42dc-ba1a-ae9d1a888919:192.168.151.103:33670, d2ea576c-2d73-4d25-8c74-f5f422f1c1ea:192.168.151.103:44771], old=null RUNNING
2019-10-01 19:52:40,410 [grpc-default-executor-3] INFO  impl.RaftServerImpl (RaftServerImpl.java:lambda$shutdown$3(251)) - c4a805b6-0512-42dc-ba1a-ae9d1a888919@group-E749622D4C40: shutdown
2019-10-01 19:52:40,410 [grpc-default-executor-3] INFO  util.JmxRegister (JmxRegister.java:unregister(73)) - Successfully un-registered JMX Bean with object name Ratis:service=RaftServer,group=group-E749622D4C40,id=c4a805b6-0512-42dc-ba1a-ae9d1a888919
2019-10-01 19:52:40,411 [grpc-default-executor-3] INFO  impl.RoleInfo (RoleInfo.java:shutdownFollowerState(121)) - c4a805b6-0512-42dc-ba1a-ae9d1a888919: shutdown FollowerState
2019-10-01 19:52:40,411 [grpc-default-executor-3] INFO  impl.StateMachineUpdater (StateMachineUpdater.java:stopAndJoin(125)) - c4a805b6-0512-42dc-ba1a-ae9d1a888919@group-E749622D4C40-StateMachineUpdater: set stopIndex = 0
2019-10-01 19:52:40,411 [Thread-806] INFO  impl.FollowerState (FollowerState.java:run(115)) - c4a805b6-0512-42dc-ba1a-ae9d1a888919: FollowerState was interrupted: java.lang.InterruptedException: sleep interrupted
2019-10-01 19:52:40,414 [grpc-default-executor-3] INFO  impl.RaftServerImpl (ServerState.java:close(385)) - c4a805b6-0512-42dc-ba1a-ae9d1a888919@group-E749622D4C40: closes. applyIndex: 0
2019-10-01 19:52:40,414 [c4a805b6-0512-42dc-ba1a-ae9d1a888919@group-E749622D4C40-SegmentedRaftLogWorker] INFO  segmented.SegmentedRaftLogWorker (SegmentedRaftLogWorker.java:run(313)) - c4a805b6-0512-42dc-ba1a-ae9d1a888919@group-E749622D4C40-SegmentedRaftLogWorker was interrupted, exiting. There are 0 tasks remaining in the queue.
2019-10-01 19:52:40,416 [grpc-default-executor-3] INFO  segmented.SegmentedRaftLogWorker (SegmentedRaftLogWorker.java:close(228)) - c4a805b6-0512-42dc-ba1a-ae9d1a888919@group-E749622D4C40-SegmentedRaftLogWorker close()
2019-10-01 19:52:40,464 [grpc-default-executor-3] INFO  interfaces.Container (KeyValueContainer.java:flushAndSyncDB(386)) - Container 5 is synced with bcsId 0.
2019-10-01 19:52:40,464 [grpc-default-executor-3] INFO  interfaces.Container (KeyValueContainer.java:flushAndSyncDB(386)) - Container 5 is synced with bcsId 0.
2019-10-01 19:52:40,480 [EventQueue-IncrementalContainerReportForIncrementalContainerReportHandler] INFO  container.IncrementalContainerReportHandler (AbstractContainerReportHandler.java:updateContainerState(169)) - Moving container #5 to QUASI_CLOSED state, datanode c4a805b6-0512-42dc-ba1a-ae9d1a888919{ip: 192.168.151.103, host: pr-trunk-878pl-325597374, networkLocation: /default-rack, certSerialId: null} reported QUASI_CLOSED replica.
2019-10-01 19:52:40,483 [grpc-default-executor-3] INFO  impl.RaftServerProxy (RaftServerProxy.java:remove(95)) - d2ea576c-2d73-4d25-8c74-f5f422f1c1ea: remove  FOLLOWER d2ea576c-2d73-4d25-8c74-f5f422f1c1ea@group-E749622D4C40:t1, leader=008e7f89-814f-419b-8e84-495a96fd3460, voted=008e7f89-814f-419b-8e84-495a96fd3460, raftlog=d2ea576c-2d73-4d25-8c74-f5f422f1c1ea@group-E749622D4C40-SegmentedRaftLog:OPENED:c0,f2,i2, conf=0: [008e7f89-814f-419b-8e84-495a96fd3460:192.168.151.103:43923, c4a805b6-0512-42dc-ba1a-ae9d1a888919:192.168.151.103:33670, d2ea576c-2d73-4d25-8c74-f5f422f1c1ea:192.168.151.103:44771], old=null RUNNING
2019-10-01 19:52:40,483 [grpc-default-executor-3] INFO  impl.RaftServerImpl (RaftServerImpl.java:lambda$shutdown$3(251)) - d2ea576c-2d73-4d25-8c74-f5f422f1c1ea@group-E749622D4C40: shutdown
2019-10-01 19:52:40,483 [grpc-default-executor-3] INFO  util.JmxRegister (JmxRegister.java:unregister(73)) - Successfully un-registered JMX Bean with object name Ratis:service=RaftServer,group=group-E749622D4C40,id=d2ea576c-2d73-4d25-8c74-f5f422f1c1ea
2019-10-01 19:52:40,483 [grpc-default-executor-3] INFO  impl.RoleInfo (RoleInfo.java:shutdownFollowerState(121)) - d2ea576c-2d73-4d25-8c74-f5f422f1c1ea: shutdown FollowerState
2019-10-01 19:52:40,484 [grpc-default-executor-3] INFO  impl.StateMachineUpdater (StateMachineUpdater.java:stopAndJoin(125)) - d2ea576c-2d73-4d25-8c74-f5f422f1c1ea@group-E749622D4C40-StateMachineUpdater: set stopIndex = 0
2019-10-01 19:52:40,484 [Thread-796] INFO  impl.FollowerState (FollowerState.java:run(115)) - d2ea576c-2d73-4d25-8c74-f5f422f1c1ea: FollowerState was interrupted: java.lang.InterruptedException: sleep interrupted
2019-10-01 19:52:40,487 [grpc-default-executor-3] INFO  impl.RaftServerImpl (ServerState.java:close(385)) - d2ea576c-2d73-4d25-8c74-f5f422f1c1ea@group-E749622D4C40: closes. applyIndex: 0
2019-10-01 19:52:40,487 [d2ea576c-2d73-4d25-8c74-f5f422f1c1ea@group-E749622D4C40-SegmentedRaftLogWorker] INFO  segmented.SegmentedRaftLogWorker (SegmentedRaftLogWorker.java:run(313)) - d2ea576c-2d73-4d25-8c74-f5f422f1c1ea@group-E749622D4C40-SegmentedRaftLogWorker was interrupted, exiting. There are 0 tasks remaining in the queue.
2019-10-01 19:52:40,488 [grpc-default-executor-3] INFO  segmented.SegmentedRaftLogWorker (SegmentedRaftLogWorker.java:close(228)) - d2ea576c-2d73-4d25-8c74-f5f422f1c1ea@group-E749622D4C40-SegmentedRaftLogWorker close()
2019-10-01 19:52:40,548 [grpc-default-executor-3] INFO  interfaces.Container (KeyValueContainer.java:flushAndSyncDB(386)) - Container 5 is synced with bcsId 0.
2019-10-01 19:52:40,548 [grpc-default-executor-3] INFO  interfaces.Container (KeyValueContainer.java:flushAndSyncDB(386)) - Container 5 is synced with bcsId 0.
2019-10-01 19:52:40,563 [RatisPipelineUtilsThread] INFO  pipeline.PipelineStateManager (PipelineStateManager.java:removePipeline(108)) - Pipeline Pipeline[ Id: f6aa87a4-20bb-4d8e-b337-e749622d4c40, Nodes: 008e7f89-814f-419b-8e84-495a96fd3460{ip: 192.168.151.103, host: pr-trunk-878pl-325597374, networkLocation: /default-rack, certSerialId: null}c4a805b6-0512-42dc-ba1a-ae9d1a888919{ip: 192.168.151.103, host: pr-trunk-878pl-325597374, networkLocation: /default-rack, certSerialId: null}d2ea576c-2d73-4d25-8c74-f5f422f1c1ea{ip: 192.168.151.103, host: pr-trunk-878pl-325597374, networkLocation: /default-rack, certSerialId: null}, Type:RATIS, Factor:THREE, State:CLOSED] removed from db
2019-10-01 19:52:40,566 [grpc-default-executor-3] INFO  impl.RaftServerProxy (RaftServerProxy.java:remove(95)) - 008e7f89-814f-419b-8e84-495a96fd3460: remove group-E749622D4C40:null
2019-10-01 19:52:40,571 [RatisPipelineUtilsThread] WARN  pipeline.RatisPipelineUtils (RatisPipelineUtils.java:destroyPipeline(67)) - Pipeline destroy failed for pipeline=PipelineID=f6aa87a4-20bb-4d8e-b337-e749622d4c40 dn=008e7f89-814f-419b-8e84-495a96fd3460{ip: 192.168.151.103, host: pr-trunk-878pl-325597374, networkLocation: /default-rack, certSerialId: null}
2019-10-01 19:52:40,576 [grpc-default-executor-3] INFO  impl.RaftServerProxy (RaftServerProxy.java:remove(95)) - c4a805b6-0512-42dc-ba1a-ae9d1a888919: remove group-E749622D4C40:null
2019-10-01 19:52:40,579 [RatisPipelineUtilsThread] WARN  pipeline.RatisPipelineUtils (RatisPipelineUtils.java:destroyPipeline(67)) - Pipeline destroy failed for pipeline=PipelineID=f6aa87a4-20bb-4d8e-b337-e749622d4c40 dn=c4a805b6-0512-42dc-ba1a-ae9d1a888919{ip: 192.168.151.103, host: pr-trunk-878pl-325597374, networkLocation: /default-rack, certSerialId: null}
2019-10-01 19:52:40,582 [grpc-default-executor-3] INFO  impl.RaftServerProxy (RaftServerProxy.java:remove(95)) - d2ea576c-2d73-4d25-8c74-f5f422f1c1ea: remove group-E749622D4C40:null
2019-10-01 19:52:40,585 [RatisPipelineUtilsThread] WARN  pipeline.RatisPipelineUtils (RatisPipelineUtils.java:destroyPipeline(67)) - Pipeline destroy failed for pipeline=PipelineID=f6aa87a4-20bb-4d8e-b337-e749622d4c40 dn=d2ea576c-2d73-4d25-8c74-f5f422f1c1ea{ip: 192.168.151.103, host: pr-trunk-878pl-325597374, networkLocation: /default-rack, certSerialId: null}
2019-10-01 19:52:40,585 [RatisPipelineUtilsThread] ERROR pipeline.SCMPipelineManager (Scheduler.java:lambda$schedule$1(70)) - Destroy pipeline failed for pipeline:Pipeline[ Id: f6aa87a4-20bb-4d8e-b337-e749622d4c40, Nodes: 008e7f89-814f-419b-8e84-495a96fd3460{ip: 192.168.151.103, host: pr-trunk-878pl-325597374, networkLocation: /default-rack, certSerialId: null}c4a805b6-0512-42dc-ba1a-ae9d1a888919{ip: 192.168.151.103, host: pr-trunk-878pl-325597374, networkLocation: /default-rack, certSerialId: null}d2ea576c-2d73-4d25-8c74-f5f422f1c1ea{ip: 192.168.151.103, host: pr-trunk-878pl-325597374, networkLocation: /default-rack, certSerialId: null}, Type:RATIS, Factor:THREE, State:CLOSED]
org.apache.hadoop.hdds.scm.pipeline.PipelineNotFoundException: PipelineID=f6aa87a4-20bb-4d8e-b337-e749622d4c40 not found
	at org.apache.hadoop.hdds.scm.pipeline.PipelineStateMap.getPipeline(PipelineStateMap.java:132)
	at org.apache.hadoop.hdds.scm.pipeline.PipelineStateMap.removePipeline(PipelineStateMap.java:322)
	at org.apache.hadoop.hdds.scm.pipeline.PipelineStateManager.removePipeline(PipelineStateManager.java:107)
	at org.apache.hadoop.hdds.scm.pipeline.SCMPipelineManager.removePipeline(SCMPipelineManager.java:427)
	at org.apache.hadoop.hdds.scm.pipeline.SCMPipelineManager.destroyPipeline(SCMPipelineManager.java:413)
	at org.apache.hadoop.hdds.scm.pipeline.SCMPipelineManager.lambda$finalizeAndDestroyPipeline$0(SCMPipelineManager.java:322)
	at org.apache.hadoop.hdds.utils.Scheduler.lambda$schedule$1(Scheduler.java:68)
	at java.util.concurrent.Executors$RunnableAdapter.call(Executors.java:511)
	at java.util.concurrent.FutureTask.run(FutureTask.java:266)
	at java.util.concurrent.ScheduledThreadPoolExecutor$ScheduledFutureTask.access$201(ScheduledThreadPoolExecutor.java:180)
	at java.util.concurrent.ScheduledThreadPoolExecutor$ScheduledFutureTask.run(ScheduledThreadPoolExecutor.java:293)
	at java.util.concurrent.ThreadPoolExecutor.runWorker(ThreadPoolExecutor.java:1149)
	at java.util.concurrent.ThreadPoolExecutor$Worker.run(ThreadPoolExecutor.java:624)
	at java.lang.Thread.run(Thread.java:748)
2019-10-01 19:52:40,594 [grpc-default-executor-1] INFO  impl.RaftServerProxy (RaftServerProxy.java:addNew(89)) - 008e7f89-814f-419b-8e84-495a96fd3460: addNew group-1FA02505DA04:[008e7f89-814f-419b-8e84-495a96fd3460:192.168.151.103:43923, c4a805b6-0512-42dc-ba1a-ae9d1a888919:192.168.151.103:33670, d2ea576c-2d73-4d25-8c74-f5f422f1c1ea:192.168.151.103:44771] returns group-1FA02505DA04:java.util.concurrent.CompletableFuture@5175af57[Not completed]
2019-10-01 19:52:40,594 [grpc-default-executor-3] INFO  impl.RaftServerProxy (RaftServerProxy.java:addNew(89)) - c4a805b6-0512-42dc-ba1a-ae9d1a888919: addNew group-1FA02505DA04:[008e7f89-814f-419b-8e84-495a96fd3460:192.168.151.103:43923, c4a805b6-0512-42dc-ba1a-ae9d1a888919:192.168.151.103:33670, d2ea576c-2d73-4d25-8c74-f5f422f1c1ea:192.168.151.103:44771] returns group-1FA02505DA04:java.util.concurrent.CompletableFuture@3e3f7be3[Not completed]
2019-10-01 19:52:40,597 [grpc-default-executor-6] INFO  impl.RaftServerProxy (RaftServerProxy.java:addNew(89)) - d2ea576c-2d73-4d25-8c74-f5f422f1c1ea: addNew group-1FA02505DA04:[008e7f89-814f-419b-8e84-495a96fd3460:192.168.151.103:43923, c4a805b6-0512-42dc-ba1a-ae9d1a888919:192.168.151.103:33670, d2ea576c-2d73-4d25-8c74-f5f422f1c1ea:192.168.151.103:44771] returns group-1FA02505DA04:java.util.concurrent.CompletableFuture@4fe7dcc0[Not completed]
2019-10-01 19:52:40,598 [pool-27-thread-1] INFO  impl.RaftServerImpl (RaftServerImpl.java:<init>(95)) - 008e7f89-814f-419b-8e84-495a96fd3460: new RaftServerImpl for group-1FA02505DA04:[008e7f89-814f-419b-8e84-495a96fd3460:192.168.151.103:43923, c4a805b6-0512-42dc-ba1a-ae9d1a888919:192.168.151.103:33670, d2ea576c-2d73-4d25-8c74-f5f422f1c1ea:192.168.151.103:44771] with ContainerStateMachine:uninitialized
2019-10-01 19:52:40,598 [pool-27-thread-1] INFO  server.RaftServerConfigKeys (ConfUtils.java:logGet(43)) - raft.server.rpc.timeout.min = 5s (custom)
2019-10-01 19:52:40,598 [pool-27-thread-1] INFO  server.RaftServerConfigKeys (ConfUtils.java:logGet(43)) - raft.server.rpc.timeout.max = 5200ms (custom)
2019-10-01 19:52:40,599 [pool-27-thread-1] INFO  server.RaftServerConfigKeys (ConfUtils.java:logGet(43)) - raft.server.rpcslowness.timeout = 120s (custom)
2019-10-01 19:52:40,599 [pool-27-thread-1] INFO  server.RaftServerConfigKeys (ConfUtils.java:logGet(43)) - raft.server.sleep.deviation.threshold = 300 (default)
2019-10-01 19:52:40,599 [pool-27-thread-1] INFO  server.RaftServerConfigKeys (ConfUtils.java:logGet(43)) - raft.server.log.appender.install.snapshot.enabled = false (custom)
2019-10-01 19:52:40,599 [pool-27-thread-1] INFO  impl.RaftServerImpl (ServerState.java:<init>(103)) - 008e7f89-814f-419b-8e84-495a96fd3460@group-1FA02505DA04: ConfigurationManager, init=-1: [008e7f89-814f-419b-8e84-495a96fd3460:192.168.151.103:43923, c4a805b6-0512-42dc-ba1a-ae9d1a888919:192.168.151.103:33670, d2ea576c-2d73-4d25-8c74-f5f422f1c1ea:192.168.151.103:44771], old=null, confs=<EMPTY_MAP>
2019-10-01 19:52:40,599 [pool-47-thread-1] INFO  impl.RaftServerImpl (RaftServerImpl.java:<init>(95)) - d2ea576c-2d73-4d25-8c74-f5f422f1c1ea: new RaftServerImpl for group-1FA02505DA04:[008e7f89-814f-419b-8e84-495a96fd3460:192.168.151.103:43923, c4a805b6-0512-42dc-ba1a-ae9d1a888919:192.168.151.103:33670, d2ea576c-2d73-4d25-8c74-f5f422f1c1ea:192.168.151.103:44771] with ContainerStateMachine:uninitialized
2019-10-01 19:52:40,599 [pool-27-thread-1] INFO  server.RaftServerConfigKeys (ConfUtils.java:logGet(43)) - raft.server.storage.dir = [/workdir/hadoop-ozone/ozonefs/target/test-dir/MiniOzoneClusterImpl-76701839-624f-4b6b-affa-460efe4f7a11/datanode-0/data/ratis] (custom)
2019-10-01 19:52:40,599 [pool-47-thread-1] INFO  server.RaftServerConfigKeys (ConfUtils.java:logGet(43)) - raft.server.rpc.timeout.min = 5s (custom)
2019-10-01 19:52:40,600 [pool-47-thread-1] INFO  server.RaftServerConfigKeys (ConfUtils.java:logGet(43)) - raft.server.rpc.timeout.max = 5200ms (custom)
2019-10-01 19:52:40,600 [pool-27-thread-1] INFO  storage.RaftStorageDirectory (RaftStorageDirectory.java:analyzeStorage(246)) - The storage directory /workdir/hadoop-ozone/ozonefs/target/test-dir/MiniOzoneClusterImpl-76701839-624f-4b6b-affa-460efe4f7a11/datanode-0/data/ratis/b5d9042a-c12f-4131-a727-1fa02505da04 does not exist. Creating ...
2019-10-01 19:52:40,600 [pool-47-thread-1] INFO  server.RaftServerConfigKeys (ConfUtils.java:logGet(43)) - raft.server.rpcslowness.timeout = 120s (custom)
2019-10-01 19:52:40,600 [pool-67-thread-1] INFO  impl.RaftServerImpl (RaftServerImpl.java:<init>(95)) - c4a805b6-0512-42dc-ba1a-ae9d1a888919: new RaftServerImpl for group-1FA02505DA04:[008e7f89-814f-419b-8e84-495a96fd3460:192.168.151.103:43923, c4a805b6-0512-42dc-ba1a-ae9d1a888919:192.168.151.103:33670, d2ea576c-2d73-4d25-8c74-f5f422f1c1ea:192.168.151.103:44771] with ContainerStateMachine:uninitialized
2019-10-01 19:52:40,600 [pool-47-thread-1] INFO  server.RaftServerConfigKeys (ConfUtils.java:logGet(43)) - raft.server.sleep.deviation.threshold = 300 (default)
2019-10-01 19:52:40,600 [pool-67-thread-1] INFO  server.RaftServerConfigKeys (ConfUtils.java:logGet(43)) - raft.server.rpc.timeout.min = 5s (custom)
2019-10-01 19:52:40,600 [pool-47-thread-1] INFO  server.RaftServerConfigKeys (ConfUtils.java:logGet(43)) - raft.server.log.appender.install.snapshot.enabled = false (custom)
2019-10-01 19:52:40,601 [pool-67-thread-1] INFO  server.RaftServerConfigKeys (ConfUtils.java:logGet(43)) - raft.server.rpc.timeout.max = 5200ms (custom)
2019-10-01 19:52:40,601 [pool-47-thread-1] INFO  impl.RaftServerImpl (ServerState.java:<init>(103)) - d2ea576c-2d73-4d25-8c74-f5f422f1c1ea@group-1FA02505DA04: ConfigurationManager, init=-1: [008e7f89-814f-419b-8e84-495a96fd3460:192.168.151.103:43923, c4a805b6-0512-42dc-ba1a-ae9d1a888919:192.168.151.103:33670, d2ea576c-2d73-4d25-8c74-f5f422f1c1ea:192.168.151.103:44771], old=null, confs=<EMPTY_MAP>
2019-10-01 19:52:40,601 [pool-67-thread-1] INFO  server.RaftServerConfigKeys (ConfUtils.java:logGet(43)) - raft.server.rpcslowness.timeout = 120s (custom)
2019-10-01 19:52:40,601 [pool-47-thread-1] INFO  server.RaftServerConfigKeys (ConfUtils.java:logGet(43)) - raft.server.storage.dir = [/workdir/hadoop-ozone/ozonefs/target/test-dir/MiniOzoneClusterImpl-76701839-624f-4b6b-affa-460efe4f7a11/datanode-2/data/ratis] (custom)
2019-10-01 19:52:40,601 [pool-67-thread-1] INFO  server.RaftServerConfigKeys (ConfUtils.java:logGet(43)) - raft.server.sleep.deviation.threshold = 300 (default)
2019-10-01 19:52:40,601 [pool-67-thread-1] INFO  server.RaftServerConfigKeys (ConfUtils.java:logGet(43)) - raft.server.log.appender.install.snapshot.enabled = false (custom)
2019-10-01 19:52:40,602 [pool-47-thread-1] INFO  storage.RaftStorageDirectory (RaftStorageDirectory.java:analyzeStorage(246)) - The storage directory /workdir/hadoop-ozone/ozonefs/target/test-dir/MiniOzoneClusterImpl-76701839-624f-4b6b-affa-460efe4f7a11/datanode-2/data/ratis/b5d9042a-c12f-4131-a727-1fa02505da04 does not exist. Creating ...
2019-10-01 19:52:40,602 [pool-67-thread-1] INFO  impl.RaftServerImpl (ServerState.java:<init>(103)) - c4a805b6-0512-42dc-ba1a-ae9d1a888919@group-1FA02505DA04: ConfigurationManager, init=-1: [008e7f89-814f-419b-8e84-495a96fd3460:192.168.151.103:43923, c4a805b6-0512-42dc-ba1a-ae9d1a888919:192.168.151.103:33670, d2ea576c-2d73-4d25-8c74-f5f422f1c1ea:192.168.151.103:44771], old=null, confs=<EMPTY_MAP>
2019-10-01 19:52:40,602 [pool-67-thread-1] INFO  server.RaftServerConfigKeys (ConfUtils.java:logGet(43)) - raft.server.storage.dir = [/workdir/hadoop-ozone/ozonefs/target/test-dir/MiniOzoneClusterImpl-76701839-624f-4b6b-affa-460efe4f7a11/datanode-4/data/ratis] (custom)
2019-10-01 19:52:40,602 [pool-67-thread-1] INFO  storage.RaftStorageDirectory (RaftStorageDirectory.java:analyzeStorage(246)) - The storage directory /workdir/hadoop-ozone/ozonefs/target/test-dir/MiniOzoneClusterImpl-76701839-624f-4b6b-affa-460efe4f7a11/datanode-4/data/ratis/b5d9042a-c12f-4131-a727-1fa02505da04 does not exist. Creating ...
2019-10-01 19:52:40,613 [pool-47-thread-1] INFO  storage.RaftStorageDirectory (RaftStorageDirectory.java:tryLock(328)) - Lock on /workdir/hadoop-ozone/ozonefs/target/test-dir/MiniOzoneClusterImpl-76701839-624f-4b6b-affa-460efe4f7a11/datanode-2/data/ratis/b5d9042a-c12f-4131-a727-1fa02505da04/in_use.lock acquired by nodename 18872@pr-trunk-878pl-325597374
2019-10-01 19:52:40,613 [pool-67-thread-1] INFO  storage.RaftStorageDirectory (RaftStorageDirectory.java:tryLock(328)) - Lock on /workdir/hadoop-ozone/ozonefs/target/test-dir/MiniOzoneClusterImpl-76701839-624f-4b6b-affa-460efe4f7a11/datanode-4/data/ratis/b5d9042a-c12f-4131-a727-1fa02505da04/in_use.lock acquired by nodename 18872@pr-trunk-878pl-325597374
2019-10-01 19:52:40,613 [pool-27-thread-1] INFO  storage.RaftStorageDirectory (RaftStorageDirectory.java:tryLock(328)) - Lock on /workdir/hadoop-ozone/ozonefs/target/test-dir/MiniOzoneClusterImpl-76701839-624f-4b6b-affa-460efe4f7a11/datanode-0/data/ratis/b5d9042a-c12f-4131-a727-1fa02505da04/in_use.lock acquired by nodename 18872@pr-trunk-878pl-325597374
2019-10-01 19:52:40,617 [pool-27-thread-1] INFO  storage.RaftStorage (RaftStorage.java:format(72)) - Storage directory /workdir/hadoop-ozone/ozonefs/target/test-dir/MiniOzoneClusterImpl-76701839-624f-4b6b-affa-460efe4f7a11/datanode-0/data/ratis/b5d9042a-c12f-4131-a727-1fa02505da04 has been successfully formatted.
2019-10-01 19:52:40,617 [pool-47-thread-1] INFO  storage.RaftStorage (RaftStorage.java:format(72)) - Storage directory /workdir/hadoop-ozone/ozonefs/target/test-dir/MiniOzoneClusterImpl-76701839-624f-4b6b-affa-460efe4f7a11/datanode-2/data/ratis/b5d9042a-c12f-4131-a727-1fa02505da04 has been successfully formatted.
2019-10-01 19:52:40,617 [pool-67-thread-1] INFO  storage.RaftStorage (RaftStorage.java:format(72)) - Storage directory /workdir/hadoop-ozone/ozonefs/target/test-dir/MiniOzoneClusterImpl-76701839-624f-4b6b-affa-460efe4f7a11/datanode-4/data/ratis/b5d9042a-c12f-4131-a727-1fa02505da04 has been successfully formatted.
2019-10-01 19:52:40,618 [pool-27-thread-1] INFO  ratis.ContainerStateMachine (ContainerStateMachine.java:loadSnapshot(231)) - group-1FA02505DA04: The snapshot info is null. Setting the last applied indexto:(t:0, i:~)
2019-10-01 19:52:40,618 [pool-67-thread-1] INFO  ratis.ContainerStateMachine (ContainerStateMachine.java:loadSnapshot(231)) - group-1FA02505DA04: The snapshot info is null. Setting the last applied indexto:(t:0, i:~)
2019-10-01 19:52:40,618 [pool-47-thread-1] INFO  ratis.ContainerStateMachine (ContainerStateMachine.java:loadSnapshot(231)) - group-1FA02505DA04: The snapshot info is null. Setting the last applied indexto:(t:0, i:~)
2019-10-01 19:52:40,618 [pool-67-thread-1] INFO  server.RaftServerConfigKeys (ConfUtils.java:logGet(43)) - raft.server.notification.no-leader.timeout = 120s (custom)
2019-10-01 19:52:40,618 [pool-27-thread-1] INFO  server.RaftServerConfigKeys (ConfUtils.java:logGet(43)) - raft.server.notification.no-leader.timeout = 120s (custom)
2019-10-01 19:52:40,618 [pool-67-thread-1] INFO  server.RaftServerConfigKeys (ConfUtils.java:logGet(43)) - raft.server.log.use.memory = false (default)
2019-10-01 19:52:40,618 [pool-47-thread-1] INFO  server.RaftServerConfigKeys (ConfUtils.java:logGet(43)) - raft.server.notification.no-leader.timeout = 120s (custom)
2019-10-01 19:52:40,618 [pool-67-thread-1] INFO  server.RaftServerConfigKeys (ConfUtils.java:logGet(43)) - raft.server.log.purge.gap = 1000000 (custom)
2019-10-01 19:52:40,618 [pool-27-thread-1] INFO  server.RaftServerConfigKeys (ConfUtils.java:logGet(43)) - raft.server.log.use.memory = false (default)
2019-10-01 19:52:40,619 [pool-67-thread-1] INFO  server.RaftServerConfigKeys (ConfUtils.java:logGet(43)) - raft.server.log.appender.buffer.byte-limit = 33554432 (custom)
2019-10-01 19:52:40,619 [pool-47-thread-1] INFO  server.RaftServerConfigKeys (ConfUtils.java:logGet(43)) - raft.server.log.use.memory = false (default)
2019-10-01 19:52:40,619 [pool-67-thread-1] INFO  server.RaftServerConfigKeys (ConfUtils.java:logGet(43)) - raft.server.log.segment.size.max = 1048576 (custom)
2019-10-01 19:52:40,619 [pool-27-thread-1] INFO  server.RaftServerConfigKeys (ConfUtils.java:logGet(43)) - raft.server.log.purge.gap = 1000000 (custom)
2019-10-01 19:52:40,619 [pool-67-thread-1] INFO  server.RaftServerConfigKeys (ConfUtils.java:logGet(43)) - raft.server.log.segment.cache.num.max = 2 (custom)
2019-10-01 19:52:40,619 [pool-47-thread-1] INFO  server.RaftServerConfigKeys (ConfUtils.java:logGet(43)) - raft.server.log.purge.gap = 1000000 (custom)
2019-10-01 19:52:40,619 [pool-67-thread-1] INFO  segmented.SegmentedRaftLogWorker (SegmentedRaftLogWorker.java:<init>(172)) - new c4a805b6-0512-42dc-ba1a-ae9d1a888919@group-1FA02505DA04-SegmentedRaftLogWorker for RaftStorage:Storage Directory /workdir/hadoop-ozone/ozonefs/target/test-dir/MiniOzoneClusterImpl-76701839-624f-4b6b-affa-460efe4f7a11/datanode-4/data/ratis/b5d9042a-c12f-4131-a727-1fa02505da04
2019-10-01 19:52:40,619 [pool-27-thread-1] INFO  server.RaftServerConfigKeys (ConfUtils.java:logGet(43)) - raft.server.log.appender.buffer.byte-limit = 33554432 (custom)
2019-10-01 19:52:40,620 [pool-67-thread-1] INFO  server.RaftServerConfigKeys (ConfUtils.java:logGet(43)) - raft.server.log.queue.byte-limit = 2147483647 (custom)
2019-10-01 19:52:40,619 [pool-47-thread-1] INFO  server.RaftServerConfigKeys (ConfUtils.java:logGet(43)) - raft.server.log.appender.buffer.byte-limit = 33554432 (custom)
2019-10-01 19:52:40,620 [pool-67-thread-1] INFO  server.RaftServerConfigKeys (ConfUtils.java:logGet(43)) - raft.server.log.queue.element-limit = 1024 (custom)
2019-10-01 19:52:40,620 [pool-27-thread-1] INFO  server.RaftServerConfigKeys (ConfUtils.java:logGet(43)) - raft.server.log.segment.size.max = 1048576 (custom)
2019-10-01 19:52:40,620 [pool-67-thread-1] INFO  server.RaftServerConfigKeys (ConfUtils.java:logGet(43)) - raft.server.log.segment.size.max = 1048576 (custom)
2019-10-01 19:52:40,620 [pool-47-thread-1] INFO  server.RaftServerConfigKeys (ConfUtils.java:logGet(43)) - raft.server.log.segment.size.max = 1048576 (custom)
2019-10-01 19:52:40,620 [pool-67-thread-1] INFO  server.RaftServerConfigKeys (ConfUtils.java:logGet(43)) - raft.server.log.preallocated.size = 16384 (custom)
2019-10-01 19:52:40,620 [pool-27-thread-1] INFO  server.RaftServerConfigKeys (ConfUtils.java:logGet(43)) - raft.server.log.segment.cache.num.max = 2 (custom)
2019-10-01 19:52:40,620 [pool-67-thread-1] INFO  server.RaftServerConfigKeys (ConfUtils.java:logGet(43)) - raft.server.log.write.buffer.size = 33554432 (custom)
2019-10-01 19:52:40,620 [pool-47-thread-1] INFO  server.RaftServerConfigKeys (ConfUtils.java:logGet(43)) - raft.server.log.segment.cache.num.max = 2 (custom)
2019-10-01 19:52:40,621 [pool-67-thread-1] INFO  server.RaftServerConfigKeys (ConfUtils.java:logGet(43)) - raft.server.log.force.sync.num = 128 (default)
2019-10-01 19:52:40,621 [pool-27-thread-1] INFO  segmented.SegmentedRaftLogWorker (SegmentedRaftLogWorker.java:<init>(172)) - new 008e7f89-814f-419b-8e84-495a96fd3460@group-1FA02505DA04-SegmentedRaftLogWorker for RaftStorage:Storage Directory /workdir/hadoop-ozone/ozonefs/target/test-dir/MiniOzoneClusterImpl-76701839-624f-4b6b-affa-460efe4f7a11/datanode-0/data/ratis/b5d9042a-c12f-4131-a727-1fa02505da04
2019-10-01 19:52:40,621 [pool-67-thread-1] INFO  server.RaftServerConfigKeys (ConfUtils.java:logGet(43)) - raft.server.log.statemachine.data.sync = true (default)
2019-10-01 19:52:40,621 [pool-47-thread-1] INFO  segmented.SegmentedRaftLogWorker (SegmentedRaftLogWorker.java:<init>(172)) - new d2ea576c-2d73-4d25-8c74-f5f422f1c1ea@group-1FA02505DA04-SegmentedRaftLogWorker for RaftStorage:Storage Directory /workdir/hadoop-ozone/ozonefs/target/test-dir/MiniOzoneClusterImpl-76701839-624f-4b6b-affa-460efe4f7a11/datanode-2/data/ratis/b5d9042a-c12f-4131-a727-1fa02505da04
2019-10-01 19:52:40,621 [pool-67-thread-1] INFO  server.RaftServerConfigKeys (ConfUtils.java:logGet(43)) - raft.server.log.statemachine.data.sync.timeout = 10s (default)
2019-10-01 19:52:40,621 [pool-27-thread-1] INFO  server.RaftServerConfigKeys (ConfUtils.java:logGet(43)) - raft.server.log.queue.byte-limit = 2147483647 (custom)
2019-10-01 19:52:40,621 [pool-67-thread-1] INFO  server.RaftServerConfigKeys (ConfUtils.java:logGet(43)) - raft.server.log.statemachine.data.sync.timeout.retry = -1 (default)
2019-10-01 19:52:40,621 [pool-47-thread-1] INFO  server.RaftServerConfigKeys (ConfUtils.java:logGet(43)) - raft.server.log.queue.byte-limit = 2147483647 (custom)
2019-10-01 19:52:40,622 [pool-67-thread-1] INFO  server.RaftServerConfigKeys (ConfUtils.java:logGet(43)) - raft.server.log.statemachine.data.caching.enabled = true (custom)
2019-10-01 19:52:40,622 [pool-27-thread-1] INFO  server.RaftServerConfigKeys (ConfUtils.java:logGet(43)) - raft.server.log.queue.element-limit = 1024 (custom)
2019-10-01 19:52:40,622 [pool-47-thread-1] INFO  server.RaftServerConfigKeys (ConfUtils.java:logGet(43)) - raft.server.log.queue.element-limit = 1024 (custom)
2019-10-01 19:52:40,622 [pool-27-thread-1] INFO  server.RaftServerConfigKeys (ConfUtils.java:logGet(43)) - raft.server.log.segment.size.max = 1048576 (custom)
2019-10-01 19:52:40,622 [pool-67-thread-1] INFO  segmented.SegmentedRaftLogWorker (SegmentedRaftLogWorker.java:lambda$new$0(132)) - c4a805b6-0512-42dc-ba1a-ae9d1a888919@group-1FA02505DA04-SegmentedRaftLogWorker: flushIndex: setUnconditionally 0 -> -1
2019-10-01 19:52:40,622 [pool-27-thread-1] INFO  server.RaftServerConfigKeys (ConfUtils.java:logGet(43)) - raft.server.log.preallocated.size = 16384 (custom)
2019-10-01 19:52:40,622 [pool-47-thread-1] INFO  server.RaftServerConfigKeys (ConfUtils.java:logGet(43)) - raft.server.log.segment.size.max = 1048576 (custom)
2019-10-01 19:52:40,623 [pool-67-thread-1] INFO  server.RaftServerConfigKeys (ConfUtils.java:logGet(43)) - raft.server.snapshot.auto.trigger.enabled = true (custom)
2019-10-01 19:52:40,623 [pool-27-thread-1] INFO  server.RaftServerConfigKeys (ConfUtils.java:logGet(43)) - raft.server.log.write.buffer.size = 33554432 (custom)
2019-10-01 19:52:40,623 [pool-67-thread-1] INFO  server.RaftServerConfigKeys (ConfUtils.java:logGet(43)) - raft.server.snapshot.auto.trigger.threshold = 10000 (custom)
2019-10-01 19:52:40,623 [pool-47-thread-1] INFO  server.RaftServerConfigKeys (ConfUtils.java:logGet(43)) - raft.server.log.preallocated.size = 16384 (custom)
2019-10-01 19:52:40,623 [pool-67-thread-1] INFO  server.RaftServerConfigKeys (ConfUtils.java:logGet(43)) - raft.server.snapshot.retention.num.files = 5 (custom)
2019-10-01 19:52:40,623 [pool-27-thread-1] INFO  server.RaftServerConfigKeys (ConfUtils.java:logGet(43)) - raft.server.log.force.sync.num = 128 (default)
2019-10-01 19:52:40,623 [pool-67-thread-1] INFO  server.RaftServerConfigKeys (ConfUtils.java:logGet(43)) - raft.server.retrycache.expirytime = 600000ms (custom)
2019-10-01 19:52:40,623 [pool-47-thread-1] INFO  server.RaftServerConfigKeys (ConfUtils.java:logGet(43)) - raft.server.log.write.buffer.size = 33554432 (custom)
2019-10-01 19:52:40,623 [pool-27-thread-1] INFO  server.RaftServerConfigKeys (ConfUtils.java:logGet(43)) - raft.server.log.statemachine.data.sync = true (default)
2019-10-01 19:52:40,624 [pool-47-thread-1] INFO  server.RaftServerConfigKeys (ConfUtils.java:logGet(43)) - raft.server.log.force.sync.num = 128 (default)
2019-10-01 19:52:40,624 [pool-27-thread-1] INFO  server.RaftServerConfigKeys (ConfUtils.java:logGet(43)) - raft.server.log.statemachine.data.sync.timeout = 10s (default)
2019-10-01 19:52:40,624 [pool-47-thread-1] INFO  server.RaftServerConfigKeys (ConfUtils.java:logGet(43)) - raft.server.log.statemachine.data.sync = true (default)
2019-10-01 19:52:40,624 [pool-27-thread-1] INFO  server.RaftServerConfigKeys (ConfUtils.java:logGet(43)) - raft.server.log.statemachine.data.sync.timeout.retry = -1 (default)
2019-10-01 19:52:40,624 [pool-47-thread-1] INFO  server.RaftServerConfigKeys (ConfUtils.java:logGet(43)) - raft.server.log.statemachine.data.sync.timeout = 10s (default)
2019-10-01 19:52:40,624 [pool-27-thread-1] INFO  server.RaftServerConfigKeys (ConfUtils.java:logGet(43)) - raft.server.log.statemachine.data.caching.enabled = true (custom)
2019-10-01 19:52:40,624 [pool-47-thread-1] INFO  server.RaftServerConfigKeys (ConfUtils.java:logGet(43)) - raft.server.log.statemachine.data.sync.timeout.retry = -1 (default)
2019-10-01 19:52:40,625 [pool-27-thread-1] INFO  segmented.SegmentedRaftLogWorker (SegmentedRaftLogWorker.java:lambda$new$0(132)) - 008e7f89-814f-419b-8e84-495a96fd3460@group-1FA02505DA04-SegmentedRaftLogWorker: flushIndex: setUnconditionally 0 -> -1
2019-10-01 19:52:40,625 [pool-47-thread-1] INFO  server.RaftServerConfigKeys (ConfUtils.java:logGet(43)) - raft.server.log.statemachine.data.caching.enabled = true (custom)
2019-10-01 19:52:40,625 [pool-27-thread-1] INFO  server.RaftServerConfigKeys (ConfUtils.java:logGet(43)) - raft.server.snapshot.auto.trigger.enabled = true (custom)
2019-10-01 19:52:40,625 [pool-47-thread-1] INFO  segmented.SegmentedRaftLogWorker (SegmentedRaftLogWorker.java:lambda$new$0(132)) - d2ea576c-2d73-4d25-8c74-f5f422f1c1ea@group-1FA02505DA04-SegmentedRaftLogWorker: flushIndex: setUnconditionally 0 -> -1
2019-10-01 19:52:40,625 [pool-27-thread-1] INFO  server.RaftServerConfigKeys (ConfUtils.java:logGet(43)) - raft.server.snapshot.auto.trigger.threshold = 10000 (custom)
2019-10-01 19:52:40,625 [pool-47-thread-1] INFO  server.RaftServerConfigKeys (ConfUtils.java:logGet(43)) - raft.server.snapshot.auto.trigger.enabled = true (custom)
2019-10-01 19:52:40,625 [pool-27-thread-1] INFO  server.RaftServerConfigKeys (ConfUtils.java:logGet(43)) - raft.server.snapshot.retention.num.files = 5 (custom)
2019-10-01 19:52:40,626 [pool-47-thread-1] INFO  server.RaftServerConfigKeys (ConfUtils.java:logGet(43)) - raft.server.snapshot.auto.trigger.threshold = 10000 (custom)
2019-10-01 19:52:40,626 [pool-67-thread-1] INFO  impl.RaftServerImpl (RaftServerImpl.java:start(185)) - c4a805b6-0512-42dc-ba1a-ae9d1a888919@group-1FA02505DA04: start as a follower, conf=-1: [008e7f89-814f-419b-8e84-495a96fd3460:192.168.151.103:43923, c4a805b6-0512-42dc-ba1a-ae9d1a888919:192.168.151.103:33670, d2ea576c-2d73-4d25-8c74-f5f422f1c1ea:192.168.151.103:44771], old=null
2019-10-01 19:52:40,626 [pool-27-thread-1] INFO  server.RaftServerConfigKeys (ConfUtils.java:logGet(43)) - raft.server.retrycache.expirytime = 600000ms (custom)
2019-10-01 19:52:40,626 [pool-67-thread-1] INFO  impl.RaftServerImpl (RaftServerImpl.java:setRole(174)) - c4a805b6-0512-42dc-ba1a-ae9d1a888919@group-1FA02505DA04: changes role from      null to FOLLOWER at term 0 for startAsFollower
2019-10-01 19:52:40,626 [pool-47-thread-1] INFO  server.RaftServerConfigKeys (ConfUtils.java:logGet(43)) - raft.server.snapshot.retention.num.files = 5 (custom)
2019-10-01 19:52:40,626 [pool-67-thread-1] INFO  impl.RoleInfo (RoleInfo.java:updateAndGet(143)) - c4a805b6-0512-42dc-ba1a-ae9d1a888919: start FollowerState
2019-10-01 19:52:40,626 [pool-47-thread-1] INFO  server.RaftServerConfigKeys (ConfUtils.java:logGet(43)) - raft.server.retrycache.expirytime = 600000ms (custom)
2019-10-01 19:52:40,627 [pool-67-thread-1] INFO  util.JmxRegister (JmxRegister.java:tryRegister(44)) - Successfully registered JMX Bean with object name Ratis:service=RaftServer,group=group-1FA02505DA04,id=c4a805b6-0512-42dc-ba1a-ae9d1a888919
2019-10-01 19:52:40,629 [pool-27-thread-1] INFO  impl.RaftServerImpl (RaftServerImpl.java:start(185)) - 008e7f89-814f-419b-8e84-495a96fd3460@group-1FA02505DA04: start as a follower, conf=-1: [008e7f89-814f-419b-8e84-495a96fd3460:192.168.151.103:43923, c4a805b6-0512-42dc-ba1a-ae9d1a888919:192.168.151.103:33670, d2ea576c-2d73-4d25-8c74-f5f422f1c1ea:192.168.151.103:44771], old=null
2019-10-01 19:52:40,629 [pool-27-thread-1] INFO  impl.RaftServerImpl (RaftServerImpl.java:setRole(174)) - 008e7f89-814f-419b-8e84-495a96fd3460@group-1FA02505DA04: changes role from      null to FOLLOWER at term 0 for startAsFollower
2019-10-01 19:52:40,629 [pool-27-thread-1] INFO  impl.RoleInfo (RoleInfo.java:updateAndGet(143)) - 008e7f89-814f-419b-8e84-495a96fd3460: start FollowerState
2019-10-01 19:52:40,630 [pool-47-thread-1] INFO  impl.RaftServerImpl (RaftServerImpl.java:start(185)) - d2ea576c-2d73-4d25-8c74-f5f422f1c1ea@group-1FA02505DA04: start as a follower, conf=-1: [008e7f89-814f-419b-8e84-495a96fd3460:192.168.151.103:43923, c4a805b6-0512-42dc-ba1a-ae9d1a888919:192.168.151.103:33670, d2ea576c-2d73-4d25-8c74-f5f422f1c1ea:192.168.151.103:44771], old=null
2019-10-01 19:52:40,630 [pool-47-thread-1] INFO  impl.RaftServerImpl (RaftServerImpl.java:setRole(174)) - d2ea576c-2d73-4d25-8c74-f5f422f1c1ea@group-1FA02505DA04: changes role from      null to FOLLOWER at term 0 for startAsFollower
2019-10-01 19:52:40,630 [pool-27-thread-1] INFO  util.JmxRegister (JmxRegister.java:tryRegister(44)) - Successfully registered JMX Bean with object name Ratis:service=RaftServer,group=group-1FA02505DA04,id=008e7f89-814f-419b-8e84-495a96fd3460
2019-10-01 19:52:40,630 [pool-47-thread-1] INFO  impl.RoleInfo (RoleInfo.java:updateAndGet(143)) - d2ea576c-2d73-4d25-8c74-f5f422f1c1ea: start FollowerState
2019-10-01 19:52:40,630 [pool-47-thread-1] INFO  util.JmxRegister (JmxRegister.java:tryRegister(44)) - Successfully registered JMX Bean with object name Ratis:service=RaftServer,group=group-1FA02505DA04,id=d2ea576c-2d73-4d25-8c74-f5f422f1c1ea
2019-10-01 19:52:40,632 [RatisPipelineUtilsThread] INFO  pipeline.PipelineStateManager (PipelineStateManager.java:addPipeline(56)) - Created pipeline Pipeline[ Id: b5d9042a-c12f-4131-a727-1fa02505da04, Nodes: 008e7f89-814f-419b-8e84-495a96fd3460{ip: 192.168.151.103, host: pr-trunk-878pl-325597374, networkLocation: /default-rack, certSerialId: null}c4a805b6-0512-42dc-ba1a-ae9d1a888919{ip: 192.168.151.103, host: pr-trunk-878pl-325597374, networkLocation: /default-rack, certSerialId: null}d2ea576c-2d73-4d25-8c74-f5f422f1c1ea{ip: 192.168.151.103, host: pr-trunk-878pl-325597374, networkLocation: /default-rack, certSerialId: null}, Type:RATIS, Factor:THREE, State:OPEN]
2019-10-01 19:52:41,421 [Thread-648] WARN  io.KeyOutputStream (KeyOutputStream.java:handleException(274)) - Encountered exception java.io.IOException: Unexpected Storage Container Exception: java.util.concurrent.CompletionException: java.util.concurrent.CompletionException: org.apache.ratis.protocol.GroupMismatchException: 008e7f89-814f-419b-8e84-495a96fd3460: group-E749622D4C40 not found. on the pipeline Pipeline[ Id: f6aa87a4-20bb-4d8e-b337-e749622d4c40, Nodes: 008e7f89-814f-419b-8e84-495a96fd3460{ip: 192.168.151.103, host: pr-trunk-878pl-325597374, networkLocation: /default-rack, certSerialId: null}c4a805b6-0512-42dc-ba1a-ae9d1a888919{ip: 192.168.151.103, host: pr-trunk-878pl-325597374, networkLocation: /default-rack, certSerialId: null}d2ea576c-2d73-4d25-8c74-f5f422f1c1ea{ip: 192.168.151.103, host: pr-trunk-878pl-325597374, networkLocation: /default-rack, certSerialId: null}, Type:RATIS, Factor:THREE, State:OPEN]. The last committed block length is 0, uncommitted data length is 1024 retry count 0
2019-10-01 19:52:45,690 [Thread-1017] INFO  impl.FollowerState (FollowerState.java:run(106)) - d2ea576c-2d73-4d25-8c74-f5f422f1c1ea:group-1FA02505DA04 changes to CANDIDATE, lastRpcTime:5060, electionTimeout:5060ms
2019-10-01 19:52:45,693 [Thread-1017] INFO  impl.RoleInfo (RoleInfo.java:shutdownFollowerState(121)) - d2ea576c-2d73-4d25-8c74-f5f422f1c1ea: shutdown FollowerState
2019-10-01 19:52:45,693 [Thread-1017] INFO  impl.RaftServerImpl (RaftServerImpl.java:setRole(174)) - d2ea576c-2d73-4d25-8c74-f5f422f1c1ea@group-1FA02505DA04: changes role from  FOLLOWER to CANDIDATE at term 0 for changeToCandidate
2019-10-01 19:52:45,694 [Thread-1017] INFO  impl.RoleInfo (RoleInfo.java:updateAndGet(143)) - d2ea576c-2d73-4d25-8c74-f5f422f1c1ea: start LeaderElection
2019-10-01 19:52:45,709 [d2ea576c-2d73-4d25-8c74-f5f422f1c1ea@group-1FA02505DA04:LeaderElection12] INFO  impl.LeaderElection (LeaderElection.java:askForVotes(182)) - d2ea576c-2d73-4d25-8c74-f5f422f1c1ea@group-1FA02505DA04:LeaderElection12: begin an election at term 1 for -1: [008e7f89-814f-419b-8e84-495a96fd3460:192.168.151.103:43923, c4a805b6-0512-42dc-ba1a-ae9d1a888919:192.168.151.103:33670, d2ea576c-2d73-4d25-8c74-f5f422f1c1ea:192.168.151.103:44771], old=null
2019-10-01 19:52:45,714 [grpc-default-executor-3] INFO  impl.RaftServerImpl (RaftServerImpl.java:setRole(174)) - 008e7f89-814f-419b-8e84-495a96fd3460@group-1FA02505DA04: changes role from  FOLLOWER to FOLLOWER at term 1 for recognizeCandidate:d2ea576c-2d73-4d25-8c74-f5f422f1c1ea
2019-10-01 19:52:45,714 [grpc-default-executor-6] INFO  impl.RaftServerImpl (RaftServerImpl.java:setRole(174)) - c4a805b6-0512-42dc-ba1a-ae9d1a888919@group-1FA02505DA04: changes role from  FOLLOWER to FOLLOWER at term 1 for recognizeCandidate:d2ea576c-2d73-4d25-8c74-f5f422f1c1ea
2019-10-01 19:52:45,715 [grpc-default-executor-3] INFO  impl.RoleInfo (RoleInfo.java:shutdownFollowerState(121)) - 008e7f89-814f-419b-8e84-495a96fd3460: shutdown FollowerState
2019-10-01 19:52:45,715 [grpc-default-executor-6] INFO  impl.RoleInfo (RoleInfo.java:shutdownFollowerState(121)) - c4a805b6-0512-42dc-ba1a-ae9d1a888919: shutdown FollowerState
2019-10-01 19:52:45,715 [Thread-1016] INFO  impl.FollowerState (FollowerState.java:run(115)) - 008e7f89-814f-419b-8e84-495a96fd3460: FollowerState was interrupted: java.lang.InterruptedException: sleep interrupted
2019-10-01 19:52:45,715 [grpc-default-executor-3] INFO  impl.RoleInfo (RoleInfo.java:updateAndGet(143)) - 008e7f89-814f-419b-8e84-495a96fd3460: start FollowerState
2019-10-01 19:52:45,715 [grpc-default-executor-6] INFO  impl.RoleInfo (RoleInfo.java:updateAndGet(143)) - c4a805b6-0512-42dc-ba1a-ae9d1a888919: start FollowerState
2019-10-01 19:52:45,717 [Thread-1013] INFO  impl.FollowerState (FollowerState.java:run(115)) - c4a805b6-0512-42dc-ba1a-ae9d1a888919: FollowerState was interrupted: java.lang.InterruptedException: sleep interrupted
2019-10-01 19:52:45,732 [d2ea576c-2d73-4d25-8c74-f5f422f1c1ea@group-1FA02505DA04:LeaderElection12] INFO  impl.LeaderElection (LeaderElection.java:logAndReturn(56)) - d2ea576c-2d73-4d25-8c74-f5f422f1c1ea@group-1FA02505DA04:LeaderElection12: Election PASSED; received 1 response(s) [d2ea576c-2d73-4d25-8c74-f5f422f1c1ea<-c4a805b6-0512-42dc-ba1a-ae9d1a888919#0:OK-t1] and 0 exception(s); d2ea576c-2d73-4d25-8c74-f5f422f1c1ea@group-1FA02505DA04:t1, leader=null, voted=d2ea576c-2d73-4d25-8c74-f5f422f1c1ea, raftlog=d2ea576c-2d73-4d25-8c74-f5f422f1c1ea@group-1FA02505DA04-SegmentedRaftLog:OPENED:c-1,f-1,i0, conf=-1: [008e7f89-814f-419b-8e84-495a96fd3460:192.168.151.103:43923, c4a805b6-0512-42dc-ba1a-ae9d1a888919:192.168.151.103:33670, d2ea576c-2d73-4d25-8c74-f5f422f1c1ea:192.168.151.103:44771], old=null
2019-10-01 19:52:45,732 [d2ea576c-2d73-4d25-8c74-f5f422f1c1ea@group-1FA02505DA04:LeaderElection12] INFO  impl.RoleInfo (RoleInfo.java:shutdownLeaderElection(134)) - d2ea576c-2d73-4d25-8c74-f5f422f1c1ea: shutdown LeaderElection
2019-10-01 19:52:45,734 [d2ea576c-2d73-4d25-8c74-f5f422f1c1ea@group-1FA02505DA04:LeaderElection12] INFO  impl.RaftServerImpl (RaftServerImpl.java:setRole(174)) - d2ea576c-2d73-4d25-8c74-f5f422f1c1ea@group-1FA02505DA04: changes role from CANDIDATE to LEADER at term 1 for changeToLeader
2019-10-01 19:52:45,734 [d2ea576c-2d73-4d25-8c74-f5f422f1c1ea@group-1FA02505DA04:LeaderElection12] INFO  impl.RaftServerImpl (ServerState.java:setLeader(253)) - d2ea576c-2d73-4d25-8c74-f5f422f1c1ea@group-1FA02505DA04: change Leader from null to d2ea576c-2d73-4d25-8c74-f5f422f1c1ea at term 1 for becomeLeader, leader elected after 5115ms
2019-10-01 19:52:45,734 [d2ea576c-2d73-4d25-8c74-f5f422f1c1ea@group-1FA02505DA04:LeaderElection12] INFO  server.RaftServerConfigKeys (ConfUtils.java:logGet(43)) - raft.server.staging.catchup.gap = 1000 (default)
2019-10-01 19:52:45,734 [d2ea576c-2d73-4d25-8c74-f5f422f1c1ea@group-1FA02505DA04:LeaderElection12] INFO  server.RaftServerConfigKeys (ConfUtils.java:logGet(43)) - raft.server.rpc.sleep.time = 25ms (default)
2019-10-01 19:52:45,734 [d2ea576c-2d73-4d25-8c74-f5f422f1c1ea@group-1FA02505DA04:LeaderElection12] INFO  server.RaftServerConfigKeys (ConfUtils.java:logGet(43)) - raft.server.write.element-limit = 4096 (default)
2019-10-01 19:52:45,735 [d2ea576c-2d73-4d25-8c74-f5f422f1c1ea@group-1FA02505DA04:LeaderElection12] INFO  server.RaftServerConfigKeys (ConfUtils.java:logGet(43)) - raft.server.watch.timeout = 10s (default)
2019-10-01 19:52:45,735 [d2ea576c-2d73-4d25-8c74-f5f422f1c1ea@group-1FA02505DA04:LeaderElection12] INFO  server.RaftServerConfigKeys (ConfUtils.java:logGet(43)) - raft.server.watch.timeout.denomination = 1s (default)
2019-10-01 19:52:45,735 [d2ea576c-2d73-4d25-8c74-f5f422f1c1ea@group-1FA02505DA04:LeaderElection12] INFO  server.RaftServerConfigKeys (ConfUtils.java:logGet(43)) - raft.server.watch.element-limit = 65536 (default)
2019-10-01 19:52:45,737 [d2ea576c-2d73-4d25-8c74-f5f422f1c1ea@group-1FA02505DA04:LeaderElection12] INFO  server.RaftServerConfigKeys (ConfUtils.java:logGet(43)) - raft.server.log.appender.snapshot.chunk.size.max = 16MB (=16777216) (default)
2019-10-01 19:52:45,738 [d2ea576c-2d73-4d25-8c74-f5f422f1c1ea@group-1FA02505DA04:LeaderElection12] INFO  server.RaftServerConfigKeys (ConfUtils.java:logGet(43)) - raft.server.log.appender.buffer.byte-limit = 33554432 (custom)
2019-10-01 19:52:45,738 [d2ea576c-2d73-4d25-8c74-f5f422f1c1ea@group-1FA02505DA04:LeaderElection12] INFO  server.RaftServerConfigKeys (ConfUtils.java:logGet(43)) - raft.server.log.appender.buffer.element-limit = 1 (custom)
2019-10-01 19:52:45,738 [d2ea576c-2d73-4d25-8c74-f5f422f1c1ea@group-1FA02505DA04:LeaderElection12] INFO  grpc.GrpcConfigKeys$Server (ConfUtils.java:logGet(43)) - raft.grpc.server.leader.outstanding.appends.max = 128 (default)
2019-10-01 19:52:45,738 [d2ea576c-2d73-4d25-8c74-f5f422f1c1ea@group-1FA02505DA04:LeaderElection12] INFO  server.RaftServerConfigKeys (ConfUtils.java:logGet(43)) - raft.server.rpc.request.timeout = 3000ms (default)
2019-10-01 19:52:45,738 [d2ea576c-2d73-4d25-8c74-f5f422f1c1ea@group-1FA02505DA04:LeaderElection12] INFO  server.RaftServerConfigKeys (ConfUtils.java:logGet(43)) - raft.server.log.appender.install.snapshot.enabled = false (custom)
2019-10-01 19:52:45,739 [d2ea576c-2d73-4d25-8c74-f5f422f1c1ea@group-1FA02505DA04:LeaderElection12] INFO  server.RaftServerConfigKeys (ConfUtils.java:logGet(43)) - raft.server.log.appender.snapshot.chunk.size.max = 16MB (=16777216) (default)
2019-10-01 19:52:45,739 [d2ea576c-2d73-4d25-8c74-f5f422f1c1ea@group-1FA02505DA04:LeaderElection12] INFO  server.RaftServerConfigKeys (ConfUtils.java:logGet(43)) - raft.server.log.appender.buffer.byte-limit = 33554432 (custom)
2019-10-01 19:52:45,739 [d2ea576c-2d73-4d25-8c74-f5f422f1c1ea@group-1FA02505DA04:LeaderElection12] INFO  server.RaftServerConfigKeys (ConfUtils.java:logGet(43)) - raft.server.log.appender.buffer.element-limit = 1 (custom)
2019-10-01 19:52:45,739 [d2ea576c-2d73-4d25-8c74-f5f422f1c1ea@group-1FA02505DA04:LeaderElection12] INFO  grpc.GrpcConfigKeys$Server (ConfUtils.java:logGet(43)) - raft.grpc.server.leader.outstanding.appends.max = 128 (default)
2019-10-01 19:52:45,739 [d2ea576c-2d73-4d25-8c74-f5f422f1c1ea@group-1FA02505DA04:LeaderElection12] INFO  server.RaftServerConfigKeys (ConfUtils.java:logGet(43)) - raft.server.rpc.request.timeout = 3000ms (default)
2019-10-01 19:52:45,740 [d2ea576c-2d73-4d25-8c74-f5f422f1c1ea@group-1FA02505DA04:LeaderElection12] INFO  server.RaftServerConfigKeys (ConfUtils.java:logGet(43)) - raft.server.log.appender.install.snapshot.enabled = false (custom)
2019-10-01 19:52:45,740 [d2ea576c-2d73-4d25-8c74-f5f422f1c1ea@group-1FA02505DA04:LeaderElection12] INFO  impl.RoleInfo (RoleInfo.java:updateAndGet(143)) - d2ea576c-2d73-4d25-8c74-f5f422f1c1ea: start LeaderState
2019-10-01 19:52:45,740 [d2ea576c-2d73-4d25-8c74-f5f422f1c1ea@group-1FA02505DA04:LeaderElection12] INFO  segmented.SegmentedRaftLogWorker (SegmentedRaftLogWorker.java:startLogSegment(380)) - d2ea576c-2d73-4d25-8c74-f5f422f1c1ea@group-1FA02505DA04-SegmentedRaftLogWorker: Starting segment from index:0
2019-10-01 19:52:45,741 [d2ea576c-2d73-4d25-8c74-f5f422f1c1ea@group-1FA02505DA04:LeaderElection12] INFO  impl.RaftServerImpl (ServerState.java:setRaftConf(354)) - d2ea576c-2d73-4d25-8c74-f5f422f1c1ea@group-1FA02505DA04: set configuration 0: [008e7f89-814f-419b-8e84-495a96fd3460:192.168.151.103:43923, c4a805b6-0512-42dc-ba1a-ae9d1a888919:192.168.151.103:33670, d2ea576c-2d73-4d25-8c74-f5f422f1c1ea:192.168.151.103:44771], old=null at 0
2019-10-01 19:52:45,759 [grpc-default-executor-3] INFO  impl.RaftServerImpl (ServerState.java:setLeader(253)) - 008e7f89-814f-419b-8e84-495a96fd3460@group-1FA02505DA04: change Leader from null to d2ea576c-2d73-4d25-8c74-f5f422f1c1ea at term 1 for appendEntries, leader elected after 5140ms
2019-10-01 19:52:45,761 [grpc-default-executor-6] INFO  impl.RaftServerImpl (ServerState.java:setLeader(253)) - c4a805b6-0512-42dc-ba1a-ae9d1a888919@group-1FA02505DA04: change Leader from null to d2ea576c-2d73-4d25-8c74-f5f422f1c1ea at term 1 for appendEntries, leader elected after 5142ms
2019-10-01 19:52:45,765 [grpc-default-executor-3] INFO  impl.RaftServerImpl (ServerState.java:setRaftConf(354)) - c4a805b6-0512-42dc-ba1a-ae9d1a888919@group-1FA02505DA04: set configuration 0: [008e7f89-814f-419b-8e84-495a96fd3460:192.168.151.103:43923, c4a805b6-0512-42dc-ba1a-ae9d1a888919:192.168.151.103:33670, d2ea576c-2d73-4d25-8c74-f5f422f1c1ea:192.168.151.103:44771], old=null at 0
2019-10-01 19:52:45,765 [grpc-default-executor-6] INFO  impl.RaftServerImpl (ServerState.java:setRaftConf(354)) - 008e7f89-814f-419b-8e84-495a96fd3460@group-1FA02505DA04: set configuration 0: [008e7f89-814f-419b-8e84-495a96fd3460:192.168.151.103:43923, c4a805b6-0512-42dc-ba1a-ae9d1a888919:192.168.151.103:33670, d2ea576c-2d73-4d25-8c74-f5f422f1c1ea:192.168.151.103:44771], old=null at 0
2019-10-01 19:52:45,765 [grpc-default-executor-3] INFO  segmented.SegmentedRaftLogWorker (SegmentedRaftLogWorker.java:startLogSegment(380)) - c4a805b6-0512-42dc-ba1a-ae9d1a888919@group-1FA02505DA04-SegmentedRaftLogWorker: Starting segment from index:0
2019-10-01 19:52:45,765 [grpc-default-executor-6] INFO  segmented.SegmentedRaftLogWorker (SegmentedRaftLogWorker.java:startLogSegment(380)) - 008e7f89-814f-419b-8e84-495a96fd3460@group-1FA02505DA04-SegmentedRaftLogWorker: Starting segment from index:0
2019-10-01 19:52:45,782 [d2ea576c-2d73-4d25-8c74-f5f422f1c1ea@group-1FA02505DA04-SegmentedRaftLogWorker] INFO  segmented.SegmentedRaftLogWorker (SegmentedRaftLogWorker.java:execute(569)) - d2ea576c-2d73-4d25-8c74-f5f422f1c1ea@group-1FA02505DA04-SegmentedRaftLogWorker: created new log segment /workdir/hadoop-ozone/ozonefs/target/test-dir/MiniOzoneClusterImpl-76701839-624f-4b6b-affa-460efe4f7a11/datanode-2/data/ratis/b5d9042a-c12f-4131-a727-1fa02505da04/current/log_inprogress_0
2019-10-01 19:52:45,795 [008e7f89-814f-419b-8e84-495a96fd3460@group-1FA02505DA04-SegmentedRaftLogWorker] INFO  segmented.SegmentedRaftLogWorker (SegmentedRaftLogWorker.java:execute(569)) - 008e7f89-814f-419b-8e84-495a96fd3460@group-1FA02505DA04-SegmentedRaftLogWorker: created new log segment /workdir/hadoop-ozone/ozonefs/target/test-dir/MiniOzoneClusterImpl-76701839-624f-4b6b-affa-460efe4f7a11/datanode-0/data/ratis/b5d9042a-c12f-4131-a727-1fa02505da04/current/log_inprogress_0
2019-10-01 19:52:45,795 [c4a805b6-0512-42dc-ba1a-ae9d1a888919@group-1FA02505DA04-SegmentedRaftLogWorker] INFO  segmented.SegmentedRaftLogWorker (SegmentedRaftLogWorker.java:execute(569)) - c4a805b6-0512-42dc-ba1a-ae9d1a888919@group-1FA02505DA04-SegmentedRaftLogWorker: created new log segment /workdir/hadoop-ozone/ozonefs/target/test-dir/MiniOzoneClusterImpl-76701839-624f-4b6b-affa-460efe4f7a11/datanode-4/data/ratis/b5d9042a-c12f-4131-a727-1fa02505da04/current/log_inprogress_0
2019-10-01 19:52:46,638 [pool-46-thread-8] ERROR impl.ChunkManagerImpl (ChunkUtils.java:writeData(89)) - data array does not match the length specified. DataLen: 1024 Byte Array: 1181
2019-10-01 19:52:46,638 [pool-46-thread-8] INFO  keyvalue.KeyValueHandler (ContainerUtils.java:logAndReturnError(146)) - Operation: WriteChunk : Trace ID: 79585d202cc13c42:79585d202cc13c42:0:0 : Message: data array does not match the length specified. DataLen: 1024 Byte Array: 1181 : Result: INVALID_WRITE_SIZE
2019-10-01 19:52:46,655 [EventQueue-IncrementalContainerReportForIncrementalContainerReportHandler] WARN  container.IncrementalContainerReportHandler (AbstractContainerReportHandler.java:updateContainerState(143)) - Container #6 is in OPEN state, but the datanode d2ea576c-2d73-4d25-8c74-f5f422f1c1ea{ip: 192.168.151.103, host: pr-trunk-878pl-325597374, networkLocation: /default-rack, certSerialId: null} reports an UNHEALTHY replica.
19:52:46.654 [pool-46-thread-8] ERROR DNAudit - user=null | ip=null | op=WRITE_CHUNK {blockData=conID: 6 locID: 102888869818662919 bcsId: 0} | ret=FAILURE
java.lang.Exception: data array does not match the length specified. DataLen: 1024 Byte Array: 1181
	at org.apache.hadoop.ozone.container.common.impl.HddsDispatcher.dispatchRequest(HddsDispatcher.java:330) ~[hadoop-hdds-container-service-0.5.0-SNAPSHOT.jar:?]
	at org.apache.hadoop.ozone.container.common.impl.HddsDispatcher.dispatch(HddsDispatcher.java:150) ~[hadoop-hdds-container-service-0.5.0-SNAPSHOT.jar:?]
	at org.apache.hadoop.ozone.container.common.transport.server.ratis.ContainerStateMachine.dispatchCommand(ContainerStateMachine.java:407) ~[hadoop-hdds-container-service-0.5.0-SNAPSHOT.jar:?]
	at org.apache.hadoop.ozone.container.common.transport.server.ratis.ContainerStateMachine.runCommand(ContainerStateMachine.java:415) ~[hadoop-hdds-container-service-0.5.0-SNAPSHOT.jar:?]
	at org.apache.hadoop.ozone.container.common.transport.server.ratis.ContainerStateMachine.lambda$handleWriteChunk$1(ContainerStateMachine.java:450) ~[hadoop-hdds-container-service-0.5.0-SNAPSHOT.jar:?]
	at java.util.concurrent.CompletableFuture$AsyncSupply.run(CompletableFuture.java:1590) [?:1.8.0_212]
	at java.util.concurrent.ThreadPoolExecutor.runWorker(ThreadPoolExecutor.java:1149) [?:1.8.0_212]
	at java.util.concurrent.ThreadPoolExecutor$Worker.run(ThreadPoolExecutor.java:624) [?:1.8.0_212]
	at java.lang.Thread.run(Thread.java:748) [?:1.8.0_212]
2019-10-01 19:52:46,656 [pool-46-thread-8] ERROR ratis.ContainerStateMachine (ContainerStateMachine.java:lambda$handleWriteChunk$2(470)) - group-1FA02505DA04: writeChunk writeStateMachineData failed: blockIdcontainerID: 6
localID: 102888869818662919
blockCommitSequenceId: 0
 logIndex 1 chunkName 102888869818662919_chunk_1 Error message: data array does not match the length specified. DataLen: 1024 Byte Array: 1181 Container Result: INVALID_WRITE_SIZE
2019-10-01 19:52:46,656 [d2ea576c-2d73-4d25-8c74-f5f422f1c1ea@group-1FA02505DA04-SegmentedRaftLogWorker] ERROR ratis.XceiverServerRatis (XceiverServerRatis.java:triggerPipelineClose(575)) - pipeline Action CLOSE  on pipeline PipelineID=b5d9042a-c12f-4131-a727-1fa02505da04.Reason : data array does not match the length specified. DataLen: 1024 Byte Array: 1181
2019-10-01 19:52:46,656 [d2ea576c-2d73-4d25-8c74-f5f422f1c1ea@group-1FA02505DA04-SegmentedRaftLogWorker] ERROR ratis.XceiverServerRatis (XceiverServerRatis.java:triggerPipelineClose(575)) - pipeline Action CLOSE  on pipeline PipelineID=b5d9042a-c12f-4131-a727-1fa02505da04.Reason : Log already failed at index 1 for task WriteLog:1: (t:1, i:1), STATEMACHINELOGENTRY, client-DE6683D80935, cid=63
2019-10-01 19:52:46,657 [EventQueue-PipelineActionsForPipelineActionHandler] ERROR pipeline.PipelineActionHandler (PipelineActionHandler.java:onMessage(60)) - Received pipeline action CLOSE for Pipeline[ Id: b5d9042a-c12f-4131-a727-1fa02505da04, Nodes: 008e7f89-814f-419b-8e84-495a96fd3460{ip: 192.168.151.103, host: pr-trunk-878pl-325597374, networkLocation: /default-rack, certSerialId: null}c4a805b6-0512-42dc-ba1a-ae9d1a888919{ip: 192.168.151.103, host: pr-trunk-878pl-325597374, networkLocation: /default-rack, certSerialId: null}d2ea576c-2d73-4d25-8c74-f5f422f1c1ea{ip: 192.168.151.103, host: pr-trunk-878pl-325597374, networkLocation: /default-rack, certSerialId: null}, Type:RATIS, Factor:THREE, State:OPEN] from datanode d2ea576c-2d73-4d25-8c74-f5f422f1c1ea{ip: 192.168.151.103, host: pr-trunk-878pl-325597374, networkLocation: /default-rack, certSerialId: null}. Reason : data array does not match the length specified. DataLen: 1024 Byte Array: 1181
2019-10-01 19:52:46,657 [EventQueue-PipelineActionsForPipelineActionHandler] INFO  pipeline.SCMPipelineManager (SCMPipelineManager.java:finalizeAndDestroyPipeline(315)) - destroying pipeline:Pipeline[ Id: b5d9042a-c12f-4131-a727-1fa02505da04, Nodes: 008e7f89-814f-419b-8e84-495a96fd3460{ip: 192.168.151.103, host: pr-trunk-878pl-325597374, networkLocation: /default-rack, certSerialId: null}c4a805b6-0512-42dc-ba1a-ae9d1a888919{ip: 192.168.151.103, host: pr-trunk-878pl-325597374, networkLocation: /default-rack, certSerialId: null}d2ea576c-2d73-4d25-8c74-f5f422f1c1ea{ip: 192.168.151.103, host: pr-trunk-878pl-325597374, networkLocation: /default-rack, certSerialId: null}, Type:RATIS, Factor:THREE, State:OPEN]
2019-10-01 19:52:46,658 [EventQueue-PipelineActionsForPipelineActionHandler] INFO  pipeline.PipelineStateManager (PipelineStateManager.java:finalizePipeline(123)) - Pipeline Pipeline[ Id: b5d9042a-c12f-4131-a727-1fa02505da04, Nodes: 008e7f89-814f-419b-8e84-495a96fd3460{ip: 192.168.151.103, host: pr-trunk-878pl-325597374, networkLocation: /default-rack, certSerialId: null}c4a805b6-0512-42dc-ba1a-ae9d1a888919{ip: 192.168.151.103, host: pr-trunk-878pl-325597374, networkLocation: /default-rack, certSerialId: null}d2ea576c-2d73-4d25-8c74-f5f422f1c1ea{ip: 192.168.151.103, host: pr-trunk-878pl-325597374, networkLocation: /default-rack, certSerialId: null}, Type:RATIS, Factor:THREE, State:CLOSED] moved to CLOSED state
2019-10-01 19:52:46,658 [EventQueue-PipelineActionsForPipelineActionHandler] ERROR pipeline.PipelineActionHandler (PipelineActionHandler.java:onMessage(60)) - Received pipeline action CLOSE for Pipeline[ Id: b5d9042a-c12f-4131-a727-1fa02505da04, Nodes: 008e7f89-814f-419b-8e84-495a96fd3460{ip: 192.168.151.103, host: pr-trunk-878pl-325597374, networkLocation: /default-rack, certSerialId: null}c4a805b6-0512-42dc-ba1a-ae9d1a888919{ip: 192.168.151.103, host: pr-trunk-878pl-325597374, networkLocation: /default-rack, certSerialId: null}d2ea576c-2d73-4d25-8c74-f5f422f1c1ea{ip: 192.168.151.103, host: pr-trunk-878pl-325597374, networkLocation: /default-rack, certSerialId: null}, Type:RATIS, Factor:THREE, State:CLOSED] from datanode d2ea576c-2d73-4d25-8c74-f5f422f1c1ea{ip: 192.168.151.103, host: pr-trunk-878pl-325597374, networkLocation: /default-rack, certSerialId: null}. Reason : Log already failed at index 1 for task WriteLog:1: (t:1, i:1), STATEMACHINELOGENTRY, client-DE6683D80935, cid=63
2019-10-01 19:52:46,658 [EventQueue-PipelineActionsForPipelineActionHandler] INFO  pipeline.SCMPipelineManager (SCMPipelineManager.java:finalizeAndDestroyPipeline(315)) - destroying pipeline:Pipeline[ Id: b5d9042a-c12f-4131-a727-1fa02505da04, Nodes: 008e7f89-814f-419b-8e84-495a96fd3460{ip: 192.168.151.103, host: pr-trunk-878pl-325597374, networkLocation: /default-rack, certSerialId: null}c4a805b6-0512-42dc-ba1a-ae9d1a888919{ip: 192.168.151.103, host: pr-trunk-878pl-325597374, networkLocation: /default-rack, certSerialId: null}d2ea576c-2d73-4d25-8c74-f5f422f1c1ea{ip: 192.168.151.103, host: pr-trunk-878pl-325597374, networkLocation: /default-rack, certSerialId: null}, Type:RATIS, Factor:THREE, State:CLOSED]
2019-10-01 19:52:46,658 [EventQueue-CloseContainerForCloseContainerEventHandler] INFO  container.CloseContainerEventHandler (CloseContainerEventHandler.java:onMessage(61)) - Close container Event triggered for container : #6
2019-10-01 19:52:46,661 [EventQueue-CloseContainerForCloseContainerEventHandler] INFO  container.CloseContainerEventHandler (CloseContainerEventHandler.java:onMessage(61)) - Close container Event triggered for container : #6
2019-10-01 19:52:46,661 [EventQueue-CloseContainerForCloseContainerEventHandler] INFO  container.CloseContainerEventHandler (CloseContainerEventHandler.java:onMessage(61)) - Close container Event triggered for container : #6
2019-10-01 19:53:19,912 [grpc-default-executor-1] INFO  impl.RaftServerProxy (RaftServerProxy.java:addNew(89)) - c4a805b6-0512-42dc-ba1a-ae9d1a888919: addNew group-15A36DD5499B:[008e7f89-814f-419b-8e84-495a96fd3460:192.168.151.103:43923, c4a805b6-0512-42dc-ba1a-ae9d1a888919:192.168.151.103:33670, d2ea576c-2d73-4d25-8c74-f5f422f1c1ea:192.168.151.103:44771] returns group-15A36DD5499B:java.util.concurrent.CompletableFuture@7c59b79f[Not completed]
2019-10-01 19:53:19,912 [grpc-default-executor-6] INFO  impl.RaftServerProxy (RaftServerProxy.java:addNew(89)) - 008e7f89-814f-419b-8e84-495a96fd3460: addNew group-15A36DD5499B:[008e7f89-814f-419b-8e84-495a96fd3460:192.168.151.103:43923, c4a805b6-0512-42dc-ba1a-ae9d1a888919:192.168.151.103:33670, d2ea576c-2d73-4d25-8c74-f5f422f1c1ea:192.168.151.103:44771] returns group-15A36DD5499B:java.util.concurrent.CompletableFuture@e820650[Not completed]
2019-10-01 19:53:19,912 [grpc-default-executor-3] INFO  impl.RaftServerProxy (RaftServerProxy.java:addNew(89)) - d2ea576c-2d73-4d25-8c74-f5f422f1c1ea: addNew group-15A36DD5499B:[008e7f89-814f-419b-8e84-495a96fd3460:192.168.151.103:43923, c4a805b6-0512-42dc-ba1a-ae9d1a888919:192.168.151.103:33670, d2ea576c-2d73-4d25-8c74-f5f422f1c1ea:192.168.151.103:44771] returns group-15A36DD5499B:java.util.concurrent.CompletableFuture@66572942[Not completed]
2019-10-01 19:53:19,916 [pool-27-thread-1] INFO  impl.RaftServerImpl (RaftServerImpl.java:<init>(95)) - 008e7f89-814f-419b-8e84-495a96fd3460: new RaftServerImpl for group-15A36DD5499B:[008e7f89-814f-419b-8e84-495a96fd3460:192.168.151.103:43923, c4a805b6-0512-42dc-ba1a-ae9d1a888919:192.168.151.103:33670, d2ea576c-2d73-4d25-8c74-f5f422f1c1ea:192.168.151.103:44771] with ContainerStateMachine:uninitialized
2019-10-01 19:53:19,916 [pool-27-thread-1] INFO  server.RaftServerConfigKeys (ConfUtils.java:logGet(43)) - raft.server.rpc.timeout.min = 5s (custom)
2019-10-01 19:53:19,916 [pool-27-thread-1] INFO  server.RaftServerConfigKeys (ConfUtils.java:logGet(43)) - raft.server.rpc.timeout.max = 5200ms (custom)
2019-10-01 19:53:19,916 [pool-27-thread-1] INFO  server.RaftServerConfigKeys (ConfUtils.java:logGet(43)) - raft.server.rpcslowness.timeout = 120s (custom)
2019-10-01 19:53:19,916 [pool-27-thread-1] INFO  server.RaftServerConfigKeys (ConfUtils.java:logGet(43)) - raft.server.sleep.deviation.threshold = 300 (default)
2019-10-01 19:53:19,916 [pool-27-thread-1] INFO  server.RaftServerConfigKeys (ConfUtils.java:logGet(43)) - raft.server.log.appender.install.snapshot.enabled = false (custom)
2019-10-01 19:53:19,916 [pool-27-thread-1] INFO  impl.RaftServerImpl (ServerState.java:<init>(103)) - 008e7f89-814f-419b-8e84-495a96fd3460@group-15A36DD5499B: ConfigurationManager, init=-1: [008e7f89-814f-419b-8e84-495a96fd3460:192.168.151.103:43923, c4a805b6-0512-42dc-ba1a-ae9d1a888919:192.168.151.103:33670, d2ea576c-2d73-4d25-8c74-f5f422f1c1ea:192.168.151.103:44771], old=null, confs=<EMPTY_MAP>
2019-10-01 19:53:19,916 [pool-27-thread-1] INFO  server.RaftServerConfigKeys (ConfUtils.java:logGet(43)) - raft.server.storage.dir = [/workdir/hadoop-ozone/ozonefs/target/test-dir/MiniOzoneClusterImpl-76701839-624f-4b6b-affa-460efe4f7a11/datanode-0/data/ratis] (custom)
2019-10-01 19:53:19,917 [pool-47-thread-1] INFO  impl.RaftServerImpl (RaftServerImpl.java:<init>(95)) - d2ea576c-2d73-4d25-8c74-f5f422f1c1ea: new RaftServerImpl for group-15A36DD5499B:[008e7f89-814f-419b-8e84-495a96fd3460:192.168.151.103:43923, c4a805b6-0512-42dc-ba1a-ae9d1a888919:192.168.151.103:33670, d2ea576c-2d73-4d25-8c74-f5f422f1c1ea:192.168.151.103:44771] with ContainerStateMachine:uninitialized
2019-10-01 19:53:19,917 [pool-27-thread-1] INFO  storage.RaftStorageDirectory (RaftStorageDirectory.java:analyzeStorage(246)) - The storage directory /workdir/hadoop-ozone/ozonefs/target/test-dir/MiniOzoneClusterImpl-76701839-624f-4b6b-affa-460efe4f7a11/datanode-0/data/ratis/03a3baf2-7872-45bb-89bb-15a36dd5499b does not exist. Creating ...
2019-10-01 19:53:19,917 [pool-47-thread-1] INFO  server.RaftServerConfigKeys (ConfUtils.java:logGet(43)) - raft.server.rpc.timeout.min = 5s (custom)
2019-10-01 19:53:19,917 [pool-67-thread-1] INFO  impl.RaftServerImpl (RaftServerImpl.java:<init>(95)) - c4a805b6-0512-42dc-ba1a-ae9d1a888919: new RaftServerImpl for group-15A36DD5499B:[008e7f89-814f-419b-8e84-495a96fd3460:192.168.151.103:43923, c4a805b6-0512-42dc-ba1a-ae9d1a888919:192.168.151.103:33670, d2ea576c-2d73-4d25-8c74-f5f422f1c1ea:192.168.151.103:44771] with ContainerStateMachine:uninitialized
2019-10-01 19:53:19,917 [pool-47-thread-1] INFO  server.RaftServerConfigKeys (ConfUtils.java:logGet(43)) - raft.server.rpc.timeout.max = 5200ms (custom)
2019-10-01 19:53:19,917 [pool-67-thread-1] INFO  server.RaftServerConfigKeys (ConfUtils.java:logGet(43)) - raft.server.rpc.timeout.min = 5s (custom)
2019-10-01 19:53:19,917 [pool-47-thread-1] INFO  server.RaftServerConfigKeys (ConfUtils.java:logGet(43)) - raft.server.rpcslowness.timeout = 120s (custom)
2019-10-01 19:53:19,918 [pool-67-thread-1] INFO  server.RaftServerConfigKeys (ConfUtils.java:logGet(43)) - raft.server.rpc.timeout.max = 5200ms (custom)
2019-10-01 19:53:19,918 [pool-47-thread-1] INFO  server.RaftServerConfigKeys (ConfUtils.java:logGet(43)) - raft.server.sleep.deviation.threshold = 300 (default)
2019-10-01 19:53:19,918 [pool-67-thread-1] INFO  server.RaftServerConfigKeys (ConfUtils.java:logGet(43)) - raft.server.rpcslowness.timeout = 120s (custom)
2019-10-01 19:53:19,918 [pool-47-thread-1] INFO  server.RaftServerConfigKeys (ConfUtils.java:logGet(43)) - raft.server.log.appender.install.snapshot.enabled = false (custom)
2019-10-01 19:53:19,918 [pool-67-thread-1] INFO  server.RaftServerConfigKeys (ConfUtils.java:logGet(43)) - raft.server.sleep.deviation.threshold = 300 (default)
2019-10-01 19:53:19,918 [pool-67-thread-1] INFO  server.RaftServerConfigKeys (ConfUtils.java:logGet(43)) - raft.server.log.appender.install.snapshot.enabled = false (custom)
2019-10-01 19:53:19,918 [pool-47-thread-1] INFO  impl.RaftServerImpl (ServerState.java:<init>(103)) - d2ea576c-2d73-4d25-8c74-f5f422f1c1ea@group-15A36DD5499B: ConfigurationManager, init=-1: [008e7f89-814f-419b-8e84-495a96fd3460:192.168.151.103:43923, c4a805b6-0512-42dc-ba1a-ae9d1a888919:192.168.151.103:33670, d2ea576c-2d73-4d25-8c74-f5f422f1c1ea:192.168.151.103:44771], old=null, confs=<EMPTY_MAP>
2019-10-01 19:53:19,918 [pool-67-thread-1] INFO  impl.RaftServerImpl (ServerState.java:<init>(103)) - c4a805b6-0512-42dc-ba1a-ae9d1a888919@group-15A36DD5499B: ConfigurationManager, init=-1: [008e7f89-814f-419b-8e84-495a96fd3460:192.168.151.103:43923, c4a805b6-0512-42dc-ba1a-ae9d1a888919:192.168.151.103:33670, d2ea576c-2d73-4d25-8c74-f5f422f1c1ea:192.168.151.103:44771], old=null, confs=<EMPTY_MAP>
2019-10-01 19:53:19,919 [pool-47-thread-1] INFO  server.RaftServerConfigKeys (ConfUtils.java:logGet(43)) - raft.server.storage.dir = [/workdir/hadoop-ozone/ozonefs/target/test-dir/MiniOzoneClusterImpl-76701839-624f-4b6b-affa-460efe4f7a11/datanode-2/data/ratis] (custom)
2019-10-01 19:53:19,919 [pool-67-thread-1] INFO  server.RaftServerConfigKeys (ConfUtils.java:logGet(43)) - raft.server.storage.dir = [/workdir/hadoop-ozone/ozonefs/target/test-dir/MiniOzoneClusterImpl-76701839-624f-4b6b-affa-460efe4f7a11/datanode-4/data/ratis] (custom)
2019-10-01 19:53:19,919 [pool-67-thread-1] INFO  storage.RaftStorageDirectory (RaftStorageDirectory.java:analyzeStorage(246)) - The storage directory /workdir/hadoop-ozone/ozonefs/target/test-dir/MiniOzoneClusterImpl-76701839-624f-4b6b-affa-460efe4f7a11/datanode-4/data/ratis/03a3baf2-7872-45bb-89bb-15a36dd5499b does not exist. Creating ...
2019-10-01 19:53:19,919 [pool-47-thread-1] INFO  storage.RaftStorageDirectory (RaftStorageDirectory.java:analyzeStorage(246)) - The storage directory /workdir/hadoop-ozone/ozonefs/target/test-dir/MiniOzoneClusterImpl-76701839-624f-4b6b-affa-460efe4f7a11/datanode-2/data/ratis/03a3baf2-7872-45bb-89bb-15a36dd5499b does not exist. Creating ...
2019-10-01 19:53:19,931 [pool-67-thread-1] INFO  storage.RaftStorageDirectory (RaftStorageDirectory.java:tryLock(328)) - Lock on /workdir/hadoop-ozone/ozonefs/target/test-dir/MiniOzoneClusterImpl-76701839-624f-4b6b-affa-460efe4f7a11/datanode-4/data/ratis/03a3baf2-7872-45bb-89bb-15a36dd5499b/in_use.lock acquired by nodename 18872@pr-trunk-878pl-325597374
2019-10-01 19:53:19,931 [pool-27-thread-1] INFO  storage.RaftStorageDirectory (RaftStorageDirectory.java:tryLock(328)) - Lock on /workdir/hadoop-ozone/ozonefs/target/test-dir/MiniOzoneClusterImpl-76701839-624f-4b6b-affa-460efe4f7a11/datanode-0/data/ratis/03a3baf2-7872-45bb-89bb-15a36dd5499b/in_use.lock acquired by nodename 18872@pr-trunk-878pl-325597374
2019-10-01 19:53:19,931 [pool-47-thread-1] INFO  storage.RaftStorageDirectory (RaftStorageDirectory.java:tryLock(328)) - Lock on /workdir/hadoop-ozone/ozonefs/target/test-dir/MiniOzoneClusterImpl-76701839-624f-4b6b-affa-460efe4f7a11/datanode-2/data/ratis/03a3baf2-7872-45bb-89bb-15a36dd5499b/in_use.lock acquired by nodename 18872@pr-trunk-878pl-325597374
2019-10-01 19:53:19,944 [pool-47-thread-1] INFO  storage.RaftStorage (RaftStorage.java:format(72)) - Storage directory /workdir/hadoop-ozone/ozonefs/target/test-dir/MiniOzoneClusterImpl-76701839-624f-4b6b-affa-460efe4f7a11/datanode-2/data/ratis/03a3baf2-7872-45bb-89bb-15a36dd5499b has been successfully formatted.
2019-10-01 19:53:19,944 [pool-27-thread-1] INFO  storage.RaftStorage (RaftStorage.java:format(72)) - Storage directory /workdir/hadoop-ozone/ozonefs/target/test-dir/MiniOzoneClusterImpl-76701839-624f-4b6b-affa-460efe4f7a11/datanode-0/data/ratis/03a3baf2-7872-45bb-89bb-15a36dd5499b has been successfully formatted.
2019-10-01 19:53:19,944 [pool-67-thread-1] INFO  storage.RaftStorage (RaftStorage.java:format(72)) - Storage directory /workdir/hadoop-ozone/ozonefs/target/test-dir/MiniOzoneClusterImpl-76701839-624f-4b6b-affa-460efe4f7a11/datanode-4/data/ratis/03a3baf2-7872-45bb-89bb-15a36dd5499b has been successfully formatted.
2019-10-01 19:53:19,944 [pool-27-thread-1] INFO  ratis.ContainerStateMachine (ContainerStateMachine.java:loadSnapshot(231)) - group-15A36DD5499B: The snapshot info is null. Setting the last applied indexto:(t:0, i:~)
2019-10-01 19:53:19,944 [pool-47-thread-1] INFO  ratis.ContainerStateMachine (ContainerStateMachine.java:loadSnapshot(231)) - group-15A36DD5499B: The snapshot info is null. Setting the last applied indexto:(t:0, i:~)
2019-10-01 19:53:19,945 [pool-27-thread-1] INFO  server.RaftServerConfigKeys (ConfUtils.java:logGet(43)) - raft.server.notification.no-leader.timeout = 120s (custom)
2019-10-01 19:53:19,945 [pool-67-thread-1] INFO  ratis.ContainerStateMachine (ContainerStateMachine.java:loadSnapshot(231)) - group-15A36DD5499B: The snapshot info is null. Setting the last applied indexto:(t:0, i:~)
2019-10-01 19:53:19,945 [pool-27-thread-1] INFO  server.RaftServerConfigKeys (ConfUtils.java:logGet(43)) - raft.server.log.use.memory = false (default)
2019-10-01 19:53:19,945 [pool-47-thread-1] INFO  server.RaftServerConfigKeys (ConfUtils.java:logGet(43)) - raft.server.notification.no-leader.timeout = 120s (custom)
2019-10-01 19:53:19,945 [pool-27-thread-1] INFO  server.RaftServerConfigKeys (ConfUtils.java:logGet(43)) - raft.server.log.purge.gap = 1000000 (custom)
2019-10-01 19:53:19,945 [pool-67-thread-1] INFO  server.RaftServerConfigKeys (ConfUtils.java:logGet(43)) - raft.server.notification.no-leader.timeout = 120s (custom)
2019-10-01 19:53:19,945 [pool-27-thread-1] INFO  server.RaftServerConfigKeys (ConfUtils.java:logGet(43)) - raft.server.log.appender.buffer.byte-limit = 33554432 (custom)
2019-10-01 19:53:19,945 [pool-47-thread-1] INFO  server.RaftServerConfigKeys (ConfUtils.java:logGet(43)) - raft.server.log.use.memory = false (default)
2019-10-01 19:53:19,946 [pool-27-thread-1] INFO  server.RaftServerConfigKeys (ConfUtils.java:logGet(43)) - raft.server.log.segment.size.max = 1048576 (custom)
2019-10-01 19:53:19,945 [pool-67-thread-1] INFO  server.RaftServerConfigKeys (ConfUtils.java:logGet(43)) - raft.server.log.use.memory = false (default)
2019-10-01 19:53:19,946 [pool-27-thread-1] INFO  server.RaftServerConfigKeys (ConfUtils.java:logGet(43)) - raft.server.log.segment.cache.num.max = 2 (custom)
2019-10-01 19:53:19,946 [pool-47-thread-1] INFO  server.RaftServerConfigKeys (ConfUtils.java:logGet(43)) - raft.server.log.purge.gap = 1000000 (custom)
2019-10-01 19:53:19,946 [pool-27-thread-1] INFO  segmented.SegmentedRaftLogWorker (SegmentedRaftLogWorker.java:<init>(172)) - new 008e7f89-814f-419b-8e84-495a96fd3460@group-15A36DD5499B-SegmentedRaftLogWorker for RaftStorage:Storage Directory /workdir/hadoop-ozone/ozonefs/target/test-dir/MiniOzoneClusterImpl-76701839-624f-4b6b-affa-460efe4f7a11/datanode-0/data/ratis/03a3baf2-7872-45bb-89bb-15a36dd5499b
2019-10-01 19:53:19,946 [pool-67-thread-1] INFO  server.RaftServerConfigKeys (ConfUtils.java:logGet(43)) - raft.server.log.purge.gap = 1000000 (custom)
2019-10-01 19:53:19,946 [pool-27-thread-1] INFO  server.RaftServerConfigKeys (ConfUtils.java:logGet(43)) - raft.server.log.queue.byte-limit = 2147483647 (custom)
2019-10-01 19:53:19,946 [pool-47-thread-1] INFO  server.RaftServerConfigKeys (ConfUtils.java:logGet(43)) - raft.server.log.appender.buffer.byte-limit = 33554432 (custom)
2019-10-01 19:53:19,946 [pool-27-thread-1] INFO  server.RaftServerConfigKeys (ConfUtils.java:logGet(43)) - raft.server.log.queue.element-limit = 1024 (custom)
2019-10-01 19:53:19,946 [pool-67-thread-1] INFO  server.RaftServerConfigKeys (ConfUtils.java:logGet(43)) - raft.server.log.appender.buffer.byte-limit = 33554432 (custom)
2019-10-01 19:53:19,947 [pool-27-thread-1] INFO  server.RaftServerConfigKeys (ConfUtils.java:logGet(43)) - raft.server.log.segment.size.max = 1048576 (custom)
2019-10-01 19:53:19,947 [pool-47-thread-1] INFO  server.RaftServerConfigKeys (ConfUtils.java:logGet(43)) - raft.server.log.segment.size.max = 1048576 (custom)
2019-10-01 19:53:19,947 [pool-27-thread-1] INFO  server.RaftServerConfigKeys (ConfUtils.java:logGet(43)) - raft.server.log.preallocated.size = 16384 (custom)
2019-10-01 19:53:19,947 [pool-67-thread-1] INFO  server.RaftServerConfigKeys (ConfUtils.java:logGet(43)) - raft.server.log.segment.size.max = 1048576 (custom)
2019-10-01 19:53:19,947 [pool-27-thread-1] INFO  server.RaftServerConfigKeys (ConfUtils.java:logGet(43)) - raft.server.log.write.buffer.size = 33554432 (custom)
2019-10-01 19:53:19,947 [pool-47-thread-1] INFO  server.RaftServerConfigKeys (ConfUtils.java:logGet(43)) - raft.server.log.segment.cache.num.max = 2 (custom)
2019-10-01 19:53:19,947 [pool-27-thread-1] INFO  server.RaftServerConfigKeys (ConfUtils.java:logGet(43)) - raft.server.log.force.sync.num = 128 (default)
2019-10-01 19:53:19,947 [pool-67-thread-1] INFO  server.RaftServerConfigKeys (ConfUtils.java:logGet(43)) - raft.server.log.segment.cache.num.max = 2 (custom)
2019-10-01 19:53:19,948 [pool-27-thread-1] INFO  server.RaftServerConfigKeys (ConfUtils.java:logGet(43)) - raft.server.log.statemachine.data.sync = true (default)
2019-10-01 19:53:19,947 [pool-47-thread-1] INFO  segmented.SegmentedRaftLogWorker (SegmentedRaftLogWorker.java:<init>(172)) - new d2ea576c-2d73-4d25-8c74-f5f422f1c1ea@group-15A36DD5499B-SegmentedRaftLogWorker for RaftStorage:Storage Directory /workdir/hadoop-ozone/ozonefs/target/test-dir/MiniOzoneClusterImpl-76701839-624f-4b6b-affa-460efe4f7a11/datanode-2/data/ratis/03a3baf2-7872-45bb-89bb-15a36dd5499b
2019-10-01 19:53:19,948 [pool-27-thread-1] INFO  server.RaftServerConfigKeys (ConfUtils.java:logGet(43)) - raft.server.log.statemachine.data.sync.timeout = 10s (default)
2019-10-01 19:53:19,948 [pool-67-thread-1] INFO  segmented.SegmentedRaftLogWorker (SegmentedRaftLogWorker.java:<init>(172)) - new c4a805b6-0512-42dc-ba1a-ae9d1a888919@group-15A36DD5499B-SegmentedRaftLogWorker for RaftStorage:Storage Directory /workdir/hadoop-ozone/ozonefs/target/test-dir/MiniOzoneClusterImpl-76701839-624f-4b6b-affa-460efe4f7a11/datanode-4/data/ratis/03a3baf2-7872-45bb-89bb-15a36dd5499b
2019-10-01 19:53:19,948 [pool-27-thread-1] INFO  server.RaftServerConfigKeys (ConfUtils.java:logGet(43)) - raft.server.log.statemachine.data.sync.timeout.retry = -1 (default)
2019-10-01 19:53:19,948 [pool-47-thread-1] INFO  server.RaftServerConfigKeys (ConfUtils.java:logGet(43)) - raft.server.log.queue.byte-limit = 2147483647 (custom)
2019-10-01 19:53:19,948 [pool-27-thread-1] INFO  server.RaftServerConfigKeys (ConfUtils.java:logGet(43)) - raft.server.log.statemachine.data.caching.enabled = true (custom)
2019-10-01 19:53:19,948 [pool-67-thread-1] INFO  server.RaftServerConfigKeys (ConfUtils.java:logGet(43)) - raft.server.log.queue.byte-limit = 2147483647 (custom)
2019-10-01 19:53:19,948 [pool-47-thread-1] INFO  server.RaftServerConfigKeys (ConfUtils.java:logGet(43)) - raft.server.log.queue.element-limit = 1024 (custom)
2019-10-01 19:53:19,949 [pool-27-thread-1] INFO  segmented.SegmentedRaftLogWorker (SegmentedRaftLogWorker.java:lambda$new$0(132)) - 008e7f89-814f-419b-8e84-495a96fd3460@group-15A36DD5499B-SegmentedRaftLogWorker: flushIndex: setUnconditionally 0 -> -1
2019-10-01 19:53:19,949 [pool-67-thread-1] INFO  server.RaftServerConfigKeys (ConfUtils.java:logGet(43)) - raft.server.log.queue.element-limit = 1024 (custom)
2019-10-01 19:53:19,949 [pool-47-thread-1] INFO  server.RaftServerConfigKeys (ConfUtils.java:logGet(43)) - raft.server.log.segment.size.max = 1048576 (custom)
2019-10-01 19:53:19,949 [pool-27-thread-1] INFO  server.RaftServerConfigKeys (ConfUtils.java:logGet(43)) - raft.server.snapshot.auto.trigger.enabled = true (custom)
2019-10-01 19:53:19,949 [pool-67-thread-1] INFO  server.RaftServerConfigKeys (ConfUtils.java:logGet(43)) - raft.server.log.segment.size.max = 1048576 (custom)
2019-10-01 19:53:19,949 [pool-27-thread-1] INFO  server.RaftServerConfigKeys (ConfUtils.java:logGet(43)) - raft.server.snapshot.auto.trigger.threshold = 10000 (custom)
2019-10-01 19:53:19,949 [pool-27-thread-1] INFO  server.RaftServerConfigKeys (ConfUtils.java:logGet(43)) - raft.server.snapshot.retention.num.files = 5 (custom)
2019-10-01 19:53:19,949 [pool-47-thread-1] INFO  server.RaftServerConfigKeys (ConfUtils.java:logGet(43)) - raft.server.log.preallocated.size = 16384 (custom)
2019-10-01 19:53:19,950 [pool-27-thread-1] INFO  server.RaftServerConfigKeys (ConfUtils.java:logGet(43)) - raft.server.retrycache.expirytime = 600000ms (custom)
2019-10-01 19:53:19,949 [pool-67-thread-1] INFO  server.RaftServerConfigKeys (ConfUtils.java:logGet(43)) - raft.server.log.preallocated.size = 16384 (custom)
2019-10-01 19:53:19,950 [pool-47-thread-1] INFO  server.RaftServerConfigKeys (ConfUtils.java:logGet(43)) - raft.server.log.write.buffer.size = 33554432 (custom)
2019-10-01 19:53:19,950 [pool-67-thread-1] INFO  server.RaftServerConfigKeys (ConfUtils.java:logGet(43)) - raft.server.log.write.buffer.size = 33554432 (custom)
2019-10-01 19:53:19,950 [pool-47-thread-1] INFO  server.RaftServerConfigKeys (ConfUtils.java:logGet(43)) - raft.server.log.force.sync.num = 128 (default)
2019-10-01 19:53:19,950 [pool-67-thread-1] INFO  server.RaftServerConfigKeys (ConfUtils.java:logGet(43)) - raft.server.log.force.sync.num = 128 (default)
2019-10-01 19:53:19,950 [pool-47-thread-1] INFO  server.RaftServerConfigKeys (ConfUtils.java:logGet(43)) - raft.server.log.statemachine.data.sync = true (default)
2019-10-01 19:53:19,950 [pool-67-thread-1] INFO  server.RaftServerConfigKeys (ConfUtils.java:logGet(43)) - raft.server.log.statemachine.data.sync = true (default)
2019-10-01 19:53:19,950 [pool-47-thread-1] INFO  server.RaftServerConfigKeys (ConfUtils.java:logGet(43)) - raft.server.log.statemachine.data.sync.timeout = 10s (default)
2019-10-01 19:53:19,951 [pool-67-thread-1] INFO  server.RaftServerConfigKeys (ConfUtils.java:logGet(43)) - raft.server.log.statemachine.data.sync.timeout = 10s (default)
2019-10-01 19:53:19,951 [pool-47-thread-1] INFO  server.RaftServerConfigKeys (ConfUtils.java:logGet(43)) - raft.server.log.statemachine.data.sync.timeout.retry = -1 (default)
2019-10-01 19:53:19,951 [pool-67-thread-1] INFO  server.RaftServerConfigKeys (ConfUtils.java:logGet(43)) - raft.server.log.statemachine.data.sync.timeout.retry = -1 (default)
2019-10-01 19:53:19,951 [pool-47-thread-1] INFO  server.RaftServerConfigKeys (ConfUtils.java:logGet(43)) - raft.server.log.statemachine.data.caching.enabled = true (custom)
2019-10-01 19:53:19,951 [pool-67-thread-1] INFO  server.RaftServerConfigKeys (ConfUtils.java:logGet(43)) - raft.server.log.statemachine.data.caching.enabled = true (custom)
2019-10-01 19:53:19,951 [pool-47-thread-1] INFO  segmented.SegmentedRaftLogWorker (SegmentedRaftLogWorker.java:lambda$new$0(132)) - d2ea576c-2d73-4d25-8c74-f5f422f1c1ea@group-15A36DD5499B-SegmentedRaftLogWorker: flushIndex: setUnconditionally 0 -> -1
2019-10-01 19:53:19,951 [pool-67-thread-1] INFO  segmented.SegmentedRaftLogWorker (SegmentedRaftLogWorker.java:lambda$new$0(132)) - c4a805b6-0512-42dc-ba1a-ae9d1a888919@group-15A36DD5499B-SegmentedRaftLogWorker: flushIndex: setUnconditionally 0 -> -1
2019-10-01 19:53:19,951 [pool-47-thread-1] INFO  server.RaftServerConfigKeys (ConfUtils.java:logGet(43)) - raft.server.snapshot.auto.trigger.enabled = true (custom)
2019-10-01 19:53:19,952 [pool-47-thread-1] INFO  server.RaftServerConfigKeys (ConfUtils.java:logGet(43)) - raft.server.snapshot.auto.trigger.threshold = 10000 (custom)
2019-10-01 19:53:19,952 [pool-67-thread-1] INFO  server.RaftServerConfigKeys (ConfUtils.java:logGet(43)) - raft.server.snapshot.auto.trigger.enabled = true (custom)
2019-10-01 19:53:19,952 [pool-47-thread-1] INFO  server.RaftServerConfigKeys (ConfUtils.java:logGet(43)) - raft.server.snapshot.retention.num.files = 5 (custom)
2019-10-01 19:53:19,952 [pool-67-thread-1] INFO  server.RaftServerConfigKeys (ConfUtils.java:logGet(43)) - raft.server.snapshot.auto.trigger.threshold = 10000 (custom)
2019-10-01 19:53:19,952 [pool-47-thread-1] INFO  server.RaftServerConfigKeys (ConfUtils.java:logGet(43)) - raft.server.retrycache.expirytime = 600000ms (custom)
2019-10-01 19:53:19,952 [pool-67-thread-1] INFO  server.RaftServerConfigKeys (ConfUtils.java:logGet(43)) - raft.server.snapshot.retention.num.files = 5 (custom)
2019-10-01 19:53:19,952 [pool-67-thread-1] INFO  server.RaftServerConfigKeys (ConfUtils.java:logGet(43)) - raft.server.retrycache.expirytime = 600000ms (custom)
2019-10-01 19:53:19,954 [pool-27-thread-1] INFO  impl.RaftServerImpl (RaftServerImpl.java:start(185)) - 008e7f89-814f-419b-8e84-495a96fd3460@group-15A36DD5499B: start as a follower, conf=-1: [008e7f89-814f-419b-8e84-495a96fd3460:192.168.151.103:43923, c4a805b6-0512-42dc-ba1a-ae9d1a888919:192.168.151.103:33670, d2ea576c-2d73-4d25-8c74-f5f422f1c1ea:192.168.151.103:44771], old=null
2019-10-01 19:53:19,954 [pool-27-thread-1] INFO  impl.RaftServerImpl (RaftServerImpl.java:setRole(174)) - 008e7f89-814f-419b-8e84-495a96fd3460@group-15A36DD5499B: changes role from      null to FOLLOWER at term 0 for startAsFollower
2019-10-01 19:53:19,954 [pool-27-thread-1] INFO  impl.RoleInfo (RoleInfo.java:updateAndGet(143)) - 008e7f89-814f-419b-8e84-495a96fd3460: start FollowerState
2019-10-01 19:53:19,954 [pool-27-thread-1] INFO  util.JmxRegister (JmxRegister.java:tryRegister(44)) - Successfully registered JMX Bean with object name Ratis:service=RaftServer,group=group-15A36DD5499B,id=008e7f89-814f-419b-8e84-495a96fd3460
2019-10-01 19:53:19,955 [pool-47-thread-1] INFO  impl.RaftServerImpl (RaftServerImpl.java:start(185)) - d2ea576c-2d73-4d25-8c74-f5f422f1c1ea@group-15A36DD5499B: start as a follower, conf=-1: [008e7f89-814f-419b-8e84-495a96fd3460:192.168.151.103:43923, c4a805b6-0512-42dc-ba1a-ae9d1a888919:192.168.151.103:33670, d2ea576c-2d73-4d25-8c74-f5f422f1c1ea:192.168.151.103:44771], old=null
2019-10-01 19:53:19,956 [pool-47-thread-1] INFO  impl.RaftServerImpl (RaftServerImpl.java:setRole(174)) - d2ea576c-2d73-4d25-8c74-f5f422f1c1ea@group-15A36DD5499B: changes role from      null to FOLLOWER at term 0 for startAsFollower
2019-10-01 19:53:19,956 [pool-47-thread-1] INFO  impl.RoleInfo (RoleInfo.java:updateAndGet(143)) - d2ea576c-2d73-4d25-8c74-f5f422f1c1ea: start FollowerState
2019-10-01 19:53:19,956 [pool-47-thread-1] INFO  util.JmxRegister (JmxRegister.java:tryRegister(44)) - Successfully registered JMX Bean with object name Ratis:service=RaftServer,group=group-15A36DD5499B,id=d2ea576c-2d73-4d25-8c74-f5f422f1c1ea
2019-10-01 19:53:19,956 [pool-67-thread-1] INFO  impl.RaftServerImpl (RaftServerImpl.java:start(185)) - c4a805b6-0512-42dc-ba1a-ae9d1a888919@group-15A36DD5499B: start as a follower, conf=-1: [008e7f89-814f-419b-8e84-495a96fd3460:192.168.151.103:43923, c4a805b6-0512-42dc-ba1a-ae9d1a888919:192.168.151.103:33670, d2ea576c-2d73-4d25-8c74-f5f422f1c1ea:192.168.151.103:44771], old=null
2019-10-01 19:53:19,957 [pool-67-thread-1] INFO  impl.RaftServerImpl (RaftServerImpl.java:setRole(174)) - c4a805b6-0512-42dc-ba1a-ae9d1a888919@group-15A36DD5499B: changes role from      null to FOLLOWER at term 0 for startAsFollower
2019-10-01 19:53:19,957 [pool-67-thread-1] INFO  impl.RoleInfo (RoleInfo.java:updateAndGet(143)) - c4a805b6-0512-42dc-ba1a-ae9d1a888919: start FollowerState
2019-10-01 19:53:19,957 [pool-67-thread-1] INFO  util.JmxRegister (JmxRegister.java:tryRegister(44)) - Successfully registered JMX Bean with object name Ratis:service=RaftServer,group=group-15A36DD5499B,id=c4a805b6-0512-42dc-ba1a-ae9d1a888919
2019-10-01 19:53:19,959 [RatisPipelineUtilsThread] INFO  pipeline.PipelineStateManager (PipelineStateManager.java:addPipeline(56)) - Created pipeline Pipeline[ Id: 03a3baf2-7872-45bb-89bb-15a36dd5499b, Nodes: 008e7f89-814f-419b-8e84-495a96fd3460{ip: 192.168.151.103, host: pr-trunk-878pl-325597374, networkLocation: /default-rack, certSerialId: null}c4a805b6-0512-42dc-ba1a-ae9d1a888919{ip: 192.168.151.103, host: pr-trunk-878pl-325597374, networkLocation: /default-rack, certSerialId: null}d2ea576c-2d73-4d25-8c74-f5f422f1c1ea{ip: 192.168.151.103, host: pr-trunk-878pl-325597374, networkLocation: /default-rack, certSerialId: null}, Type:RATIS, Factor:THREE, State:OPEN]
]]></system-out>
  </testcase>
  <testcase name="testCreateDirWithExistingDir" classname="org.apache.hadoop.fs.ozone.contract.ITestOzoneContractMkdir" time="0.185"/>
  <testcase name="testMkDirRmRfDir" classname="org.apache.hadoop.fs.ozone.contract.ITestOzoneContractMkdir" time="0.126"/>
</testsuite>