<?xml version="1.0" encoding="UTF-8"?>
<testsuite xmlns:xsi="http://www.w3.org/2001/XMLSchema-instance" xsi:noNamespaceSchemaLocation="https://maven.apache.org/surefire/maven-surefire-plugin/xsd/surefire-test-report.xsd" name="org.apache.hadoop.fs.ozone.contract.ITestOzoneContractDelete" time="571.647" tests="8" errors="3" skipped="0" failures="0">
  <properties>
    <property name="awt.toolkit" value="sun.awt.X11.XToolkit"/>
    <property name="file.encoding.pkg" value="sun.io"/>
    <property name="java.specification.version" value="1.8"/>
    <property name="sun.cpu.isalist" value=""/>
    <property name="sun.jnu.encoding" value="UTF-8"/>
    <property name="java.class.path" value="/workdir/hadoop-ozone/ozonefs/target/test-classes:/workdir/hadoop-ozone/ozonefs/target/classes:/home/user/.m2/repository/org/apache/hadoop/hadoop-common/3.2.0/hadoop-common-3.2.0.jar:/home/user/.m2/repository/org/apache/hadoop/hadoop-annotations/3.2.0/hadoop-annotations-3.2.0.jar:/usr/lib/jvm/java-1.8-openjdk/jre/../lib/tools.jar:/home/user/.m2/repository/com/google/guava/guava/11.0.2/guava-11.0.2.jar:/home/user/.m2/repository/commons-cli/commons-cli/1.2/commons-cli-1.2.jar:/home/user/.m2/repository/org/apache/commons/commons-math3/3.1.1/commons-math3-3.1.1.jar:/home/user/.m2/repository/commons-codec/commons-codec/1.11/commons-codec-1.11.jar:/home/user/.m2/repository/commons-io/commons-io/2.5/commons-io-2.5.jar:/home/user/.m2/repository/commons-net/commons-net/3.6/commons-net-3.6.jar:/home/user/.m2/repository/commons-collections/commons-collections/3.2.2/commons-collections-3.2.2.jar:/home/user/.m2/repository/javax/servlet/javax.servlet-api/3.1.0/javax.servlet-api-3.1.0.jar:/home/user/.m2/repository/org/eclipse/jetty/jetty-server/9.3.25.v20180904/jetty-server-9.3.25.v20180904.jar:/home/user/.m2/repository/org/eclipse/jetty/jetty-http/9.3.25.v20180904/jetty-http-9.3.25.v20180904.jar:/home/user/.m2/repository/org/eclipse/jetty/jetty-io/9.3.25.v20180904/jetty-io-9.3.25.v20180904.jar:/home/user/.m2/repository/org/eclipse/jetty/jetty-util/9.3.25.v20180904/jetty-util-9.3.25.v20180904.jar:/home/user/.m2/repository/org/eclipse/jetty/jetty-servlet/9.3.25.v20180904/jetty-servlet-9.3.25.v20180904.jar:/home/user/.m2/repository/org/eclipse/jetty/jetty-security/9.3.25.v20180904/jetty-security-9.3.25.v20180904.jar:/home/user/.m2/repository/org/eclipse/jetty/jetty-webapp/9.3.25.v20180904/jetty-webapp-9.3.25.v20180904.jar:/home/user/.m2/repository/org/eclipse/jetty/jetty-xml/9.3.25.v20180904/jetty-xml-9.3.25.v20180904.jar:/home/user/.m2/repository/javax/servlet/jsp/jsp-api/2.1/jsp-api-2.1.jar:/home/user/.m2/repository/com/sun/jersey/jersey-core/1.19/jersey-core-1.19.jar:/home/user/.m2/repository/javax/ws/rs/jsr311-api/1.1.1/jsr311-api-1.1.1.jar:/home/user/.m2/repository/com/sun/jersey/jersey-servlet/1.19/jersey-servlet-1.19.jar:/home/user/.m2/repository/com/sun/jersey/jersey-json/1.19/jersey-json-1.19.jar:/home/user/.m2/repository/org/codehaus/jettison/jettison/1.1/jettison-1.1.jar:/home/user/.m2/repository/com/sun/xml/bind/jaxb-impl/2.3.0.1/jaxb-impl-2.3.0.1.jar:/home/user/.m2/repository/org/codehaus/jackson/jackson-core-asl/1.9.13/jackson-core-asl-1.9.13.jar:/home/user/.m2/repository/org/codehaus/jackson/jackson-mapper-asl/1.9.13/jackson-mapper-asl-1.9.13.jar:/home/user/.m2/repository/org/codehaus/jackson/jackson-jaxrs/1.9.13/jackson-jaxrs-1.9.13.jar:/home/user/.m2/repository/org/codehaus/jackson/jackson-xc/1.9.13/jackson-xc-1.9.13.jar:/home/user/.m2/repository/com/sun/jersey/jersey-server/1.19/jersey-server-1.19.jar:/home/user/.m2/repository/commons-logging/commons-logging/1.1.3/commons-logging-1.1.3.jar:/home/user/.m2/repository/log4j/log4j/1.2.17/log4j-1.2.17.jar:/home/user/.m2/repository/commons-beanutils/commons-beanutils/1.9.4/commons-beanutils-1.9.4.jar:/home/user/.m2/repository/org/apache/commons/commons-configuration2/2.1.1/commons-configuration2-2.1.1.jar:/home/user/.m2/repository/org/apache/commons/commons-lang3/3.7/commons-lang3-3.7.jar:/home/user/.m2/repository/org/apache/commons/commons-text/1.4/commons-text-1.4.jar:/home/user/.m2/repository/org/slf4j/slf4j-api/1.7.25/slf4j-api-1.7.25.jar:/home/user/.m2/repository/org/slf4j/slf4j-log4j12/1.7.25/slf4j-log4j12-1.7.25.jar:/home/user/.m2/repository/org/apache/avro/avro/1.7.7/avro-1.7.7.jar:/home/user/.m2/repository/com/thoughtworks/paranamer/paranamer/2.3/paranamer-2.3.jar:/home/user/.m2/repository/org/xerial/snappy/snappy-java/1.0.5/snappy-java-1.0.5.jar:/home/user/.m2/repository/com/google/re2j/re2j/1.1/re2j-1.1.jar:/home/user/.m2/repository/com/google/protobuf/protobuf-java/2.5.0/protobuf-java-2.5.0.jar:/home/user/.m2/repository/com/google/code/gson/gson/2.2.4/gson-2.2.4.jar:/home/user/.m2/repository/org/apache/hadoop/hadoop-auth/3.2.0/hadoop-auth-3.2.0.jar:/home/user/.m2/repository/com/nimbusds/nimbus-jose-jwt/4.41.1/nimbus-jose-jwt-4.41.1.jar:/home/user/.m2/repository/com/github/stephenc/jcip/jcip-annotations/1.0-1/jcip-annotations-1.0-1.jar:/home/user/.m2/repository/net/minidev/json-smart/2.3/json-smart-2.3.jar:/home/user/.m2/repository/net/minidev/accessors-smart/1.2/accessors-smart-1.2.jar:/home/user/.m2/repository/org/apache/curator/curator-framework/2.12.0/curator-framework-2.12.0.jar:/home/user/.m2/repository/com/jcraft/jsch/0.1.54/jsch-0.1.54.jar:/home/user/.m2/repository/org/apache/curator/curator-client/2.12.0/curator-client-2.12.0.jar:/home/user/.m2/repository/org/apache/curator/curator-recipes/2.12.0/curator-recipes-2.12.0.jar:/home/user/.m2/repository/com/google/code/findbugs/jsr305/3.0.0/jsr305-3.0.0.jar:/home/user/.m2/repository/org/apache/htrace/htrace-core4/4.1.0-incubating/htrace-core4-4.1.0-incubating.jar:/home/user/.m2/repository/org/apache/zookeeper/zookeeper/3.4.13/zookeeper-3.4.13.jar:/home/user/.m2/repository/jline/jline/0.9.94/jline-0.9.94.jar:/home/user/.m2/repository/org/apache/yetus/audience-annotations/0.5.0/audience-annotations-0.5.0.jar:/home/user/.m2/repository/org/apache/commons/commons-compress/1.4.1/commons-compress-1.4.1.jar:/home/user/.m2/repository/org/tukaani/xz/1.0/xz-1.0.jar:/home/user/.m2/repository/org/apache/kerby/kerb-simplekdc/1.0.1/kerb-simplekdc-1.0.1.jar:/home/user/.m2/repository/org/apache/kerby/kerb-client/1.0.1/kerb-client-1.0.1.jar:/home/user/.m2/repository/org/apache/kerby/kerby-config/1.0.1/kerby-config-1.0.1.jar:/home/user/.m2/repository/org/apache/kerby/kerb-core/1.0.1/kerb-core-1.0.1.jar:/home/user/.m2/repository/org/apache/kerby/kerby-pkix/1.0.1/kerby-pkix-1.0.1.jar:/home/user/.m2/repository/org/apache/kerby/kerby-asn1/1.0.1/kerby-asn1-1.0.1.jar:/home/user/.m2/repository/org/apache/kerby/kerby-util/1.0.1/kerby-util-1.0.1.jar:/home/user/.m2/repository/org/apache/kerby/kerb-common/1.0.1/kerb-common-1.0.1.jar:/home/user/.m2/repository/org/apache/kerby/kerb-crypto/1.0.1/kerb-crypto-1.0.1.jar:/home/user/.m2/repository/org/apache/kerby/kerb-util/1.0.1/kerb-util-1.0.1.jar:/home/user/.m2/repository/org/apache/kerby/token-provider/1.0.1/token-provider-1.0.1.jar:/home/user/.m2/repository/org/apache/kerby/kerb-admin/1.0.1/kerb-admin-1.0.1.jar:/home/user/.m2/repository/org/apache/kerby/kerb-server/1.0.1/kerb-server-1.0.1.jar:/home/user/.m2/repository/org/apache/kerby/kerb-identity/1.0.1/kerb-identity-1.0.1.jar:/home/user/.m2/repository/org/apache/kerby/kerby-xdr/1.0.1/kerby-xdr-1.0.1.jar:/home/user/.m2/repository/com/fasterxml/jackson/core/jackson-databind/2.9.9/jackson-databind-2.9.9.jar:/home/user/.m2/repository/com/fasterxml/jackson/core/jackson-annotations/2.9.9/jackson-annotations-2.9.9.jar:/home/user/.m2/repository/com/fasterxml/jackson/core/jackson-core/2.9.9/jackson-core-2.9.9.jar:/home/user/.m2/repository/org/codehaus/woodstox/stax2-api/3.1.4/stax2-api-3.1.4.jar:/home/user/.m2/repository/com/fasterxml/woodstox/woodstox-core/5.0.3/woodstox-core-5.0.3.jar:/home/user/.m2/repository/dnsjava/dnsjava/2.1.7/dnsjava-2.1.7.jar:/home/user/.m2/repository/org/apache/hadoop/hadoop-hdfs/3.2.0/hadoop-hdfs-3.2.0.jar:/home/user/.m2/repository/org/eclipse/jetty/jetty-util-ajax/9.3.25.v20180904/jetty-util-ajax-9.3.25.v20180904.jar:/home/user/.m2/repository/commons-daemon/commons-daemon/1.0.13/commons-daemon-1.0.13.jar:/home/user/.m2/repository/io/netty/netty/3.10.5.Final/netty-3.10.5.Final.jar:/home/user/.m2/repository/io/netty/netty-all/4.0.52.Final/netty-all-4.0.52.Final.jar:/home/user/.m2/repository/org/fusesource/leveldbjni/leveldbjni-all/1.8/leveldbjni-all-1.8.jar:/home/user/.m2/repository/org/apache/hadoop/hadoop-hdds-common/0.5.0-SNAPSHOT/hadoop-hdds-common-0.5.0-SNAPSHOT.jar:/home/user/.m2/repository/org/apache/hadoop/hadoop-hdds-config/0.5.0-SNAPSHOT/hadoop-hdds-config-0.5.0-SNAPSHOT.jar:/home/user/.m2/repository/javax/annotation/javax.annotation-api/1.2/javax.annotation-api-1.2.jar:/home/user/.m2/repository/org/apache/ratis/ratis-server/0.4.0/ratis-server-0.4.0.jar:/home/user/.m2/repository/org/apache/ratis/ratis-thirdparty-misc/0.2.0/ratis-thirdparty-misc-0.2.0.jar:/home/user/.m2/repository/org/apache/ratis/ratis-proto/0.4.0/ratis-proto-0.4.0.jar:/home/user/.m2/repository/org/apache/ratis/ratis-common/0.4.0/ratis-common-0.4.0.jar:/home/user/.m2/repository/org/apache/ratis/ratis-client/0.4.0/ratis-client-0.4.0.jar:/home/user/.m2/repository/org/apache/ratis/ratis-metrics/0.4.0/ratis-metrics-0.4.0.jar:/home/user/.m2/repository/com/github/joshelser/dropwizard-metrics-hadoop-metrics2-reporter/0.1.2/dropwizard-metrics-hadoop-metrics2-reporter-0.1.2.jar:/home/user/.m2/repository/io/dropwizard/metrics/metrics-jvm/3.2.5/metrics-jvm-3.2.5.jar:/home/user/.m2/repository/io/dropwizard/metrics/metrics-ganglia/3.2.5/metrics-ganglia-3.2.5.jar:/home/user/.m2/repository/info/ganglia/gmetric4j/gmetric4j/1.0.7/gmetric4j-1.0.7.jar:/home/user/.m2/repository/org/apache/ratis/ratis-netty/0.4.0/ratis-netty-0.4.0.jar:/home/user/.m2/repository/org/apache/ratis/ratis-grpc/0.4.0/ratis-grpc-0.4.0.jar:/home/user/.m2/repository/org/rocksdb/rocksdbjni/6.0.1/rocksdbjni-6.0.1.jar:/home/user/.m2/repository/org/apache/logging/log4j/log4j-api/2.11.0/log4j-api-2.11.0.jar:/home/user/.m2/repository/org/apache/logging/log4j/log4j-core/2.11.0/log4j-core-2.11.0.jar:/home/user/.m2/repository/com/lmax/disruptor/3.4.2/disruptor-3.4.2.jar:/home/user/.m2/repository/org/apache/commons/commons-pool2/2.6.0/commons-pool2-2.6.0.jar:/home/user/.m2/repository/org/bouncycastle/bcpkix-jdk15on/1.60/bcpkix-jdk15on-1.60.jar:/home/user/.m2/repository/commons-validator/commons-validator/1.6/commons-validator-1.6.jar:/home/user/.m2/repository/commons-digester/commons-digester/1.8.1/commons-digester-1.8.1.jar:/home/user/.m2/repository/io/jaegertracing/jaeger-client/0.34.0/jaeger-client-0.34.0.jar:/home/user/.m2/repository/io/jaegertracing/jaeger-thrift/0.34.0/jaeger-thrift-0.34.0.jar:/home/user/.m2/repository/org/apache/thrift/libthrift/0.12.0/libthrift-0.12.0.jar:/home/user/.m2/repository/com/squareup/okhttp3/okhttp/3.9.0/okhttp-3.9.0.jar:/home/user/.m2/repository/com/squareup/okio/okio/1.13.0/okio-1.13.0.jar:/home/user/.m2/repository/io/jaegertracing/jaeger-core/0.34.0/jaeger-core-0.34.0.jar:/home/user/.m2/repository/io/jaegertracing/jaeger-tracerresolver/0.34.0/jaeger-tracerresolver-0.34.0.jar:/home/user/.m2/repository/io/opentracing/contrib/opentracing-tracerresolver/0.1.5/opentracing-tracerresolver-0.1.5.jar:/home/user/.m2/repository/io/opentracing/opentracing-util/0.31.0/opentracing-util-0.31.0.jar:/home/user/.m2/repository/io/opentracing/opentracing-api/0.31.0/opentracing-api-0.31.0.jar:/home/user/.m2/repository/io/opentracing/opentracing-noop/0.31.0/opentracing-noop-0.31.0.jar:/home/user/.m2/repository/org/yaml/snakeyaml/1.16/snakeyaml-1.16.jar:/home/user/.m2/repository/org/apache/hadoop/hadoop-hdfs-client/3.2.0/hadoop-hdfs-client-3.2.0.jar:/home/user/.m2/repository/info/picocli/picocli/3.9.6/picocli-3.9.6.jar:/home/user/.m2/repository/org/apache/hadoop/hadoop-hdds-server-scm/0.5.0-SNAPSHOT/hadoop-hdds-server-scm-0.5.0-SNAPSHOT.jar:/home/user/.m2/repository/org/apache/hadoop/hadoop-hdds-docs/0.5.0-SNAPSHOT/hadoop-hdds-docs-0.5.0-SNAPSHOT.jar:/home/user/.m2/repository/io/dropwizard/metrics/metrics-core/3.2.4/metrics-core-3.2.4.jar:/home/user/.m2/repository/org/hamcrest/hamcrest-all/1.3/hamcrest-all-1.3.jar:/home/user/.m2/repository/org/bouncycastle/bcprov-jdk15on/1.60/bcprov-jdk15on-1.60.jar:/home/user/.m2/repository/org/apache/hadoop/hadoop-hdds-server-framework/0.5.0-SNAPSHOT/hadoop-hdds-server-framework-0.5.0-SNAPSHOT.jar:/home/user/.m2/repository/org/apache/hadoop/hadoop-ozone-ozone-manager/0.5.0-SNAPSHOT/hadoop-ozone-ozone-manager-0.5.0-SNAPSHOT.jar:/home/user/.m2/repository/org/apache/hadoop/hadoop-hdds-container-service/0.5.0-SNAPSHOT/hadoop-hdds-container-service-0.5.0-SNAPSHOT.jar:/home/user/.m2/repository/org/apache/hadoop/hadoop-hdds-client/0.5.0-SNAPSHOT/hadoop-hdds-client-0.5.0-SNAPSHOT.jar:/home/user/.m2/repository/org/apache/hadoop/hadoop-ozone-common/0.5.0-SNAPSHOT/hadoop-ozone-common-0.5.0-SNAPSHOT.jar:/home/user/.m2/repository/org/apache/hadoop/hadoop-hdds-tools/0.5.0-SNAPSHOT/hadoop-hdds-tools-0.5.0-SNAPSHOT.jar:/home/user/.m2/repository/org/xerial/sqlite-jdbc/3.25.2/sqlite-jdbc-3.25.2.jar:/home/user/.m2/repository/org/apache/httpcomponents/httpclient/4.5.2/httpclient-4.5.2.jar:/home/user/.m2/repository/org/apache/httpcomponents/httpcore/4.4.4/httpcore-4.4.4.jar:/home/user/.m2/repository/com/github/spotbugs/spotbugs/3.1.12/spotbugs-3.1.12.jar:/home/user/.m2/repository/org/ow2/asm/asm/5.0.4/asm-5.0.4.jar:/home/user/.m2/repository/org/ow2/asm/asm-analysis/7.0/asm-analysis-7.0.jar:/home/user/.m2/repository/org/ow2/asm/asm-commons/7.0/asm-commons-7.0.jar:/home/user/.m2/repository/org/ow2/asm/asm-tree/7.0/asm-tree-7.0.jar:/home/user/.m2/repository/org/ow2/asm/asm-util/7.0/asm-util-7.0.jar:/home/user/.m2/repository/org/apache/bcel/bcel/6.3/bcel-6.3.jar:/home/user/.m2/repository/net/jcip/jcip-annotations/1.0/jcip-annotations-1.0.jar:/home/user/.m2/repository/org/dom4j/dom4j/2.1.1/dom4j-2.1.1.jar:/home/user/.m2/repository/jaxen/jaxen/1.1.6/jaxen-1.1.6.jar:/home/user/.m2/repository/commons-lang/commons-lang/2.6/commons-lang-2.6.jar:/home/user/.m2/repository/com/github/spotbugs/spotbugs-annotations/3.1.12/spotbugs-annotations-3.1.12.jar:/home/user/.m2/repository/org/apache/hadoop/hadoop-common/3.2.0/hadoop-common-3.2.0-tests.jar:/home/user/.m2/repository/org/apache/hadoop/hadoop-ozone-client/0.5.0-SNAPSHOT/hadoop-ozone-client-0.5.0-SNAPSHOT.jar:/home/user/.m2/repository/org/apache/hadoop/hadoop-hdfs/3.2.0/hadoop-hdfs-3.2.0-tests.jar:/workdir/hadoop-ozone/integration-test/target/test-classes:/home/user/.m2/repository/org/apache/hadoop/hadoop-ozone-s3gateway/0.5.0-SNAPSHOT/hadoop-ozone-s3gateway-0.5.0-SNAPSHOT.jar:/home/user/.m2/repository/org/jboss/weld/servlet/weld-servlet/2.4.7.Final/weld-servlet-2.4.7.Final.jar:/home/user/.m2/repository/org/glassfish/jersey/containers/jersey-container-servlet-core/2.27/jersey-container-servlet-core-2.27.jar:/home/user/.m2/repository/org/glassfish/hk2/external/javax.inject/2.5.0-b42/javax.inject-2.5.0-b42.jar:/home/user/.m2/repository/org/glassfish/jersey/core/jersey-common/2.27/jersey-common-2.27.jar:/home/user/.m2/repository/org/glassfish/hk2/osgi-resource-locator/1.0.1/osgi-resource-locator-1.0.1.jar:/home/user/.m2/repository/javax/ws/rs/javax.ws.rs-api/2.1/javax.ws.rs-api-2.1.jar:/home/user/.m2/repository/org/glassfish/jersey/ext/cdi/jersey-cdi1x/2.27/jersey-cdi1x-2.27.jar:/home/user/.m2/repository/org/glassfish/jersey/inject/jersey-hk2/2.27/jersey-hk2-2.27.jar:/home/user/.m2/repository/org/glassfish/hk2/hk2-locator/2.5.0-b42/hk2-locator-2.5.0-b42.jar:/home/user/.m2/repository/org/javassist/javassist/3.22.0-CR2/javassist-3.22.0-CR2.jar:/home/user/.m2/repository/org/glassfish/hk2/hk2-api/2.5.0/hk2-api-2.5.0.jar:/home/user/.m2/repository/org/glassfish/hk2/external/jakarta.inject/2.5.0/jakarta.inject-2.5.0.jar:/home/user/.m2/repository/org/glassfish/hk2/hk2-utils/2.5.0/hk2-utils-2.5.0.jar:/home/user/.m2/repository/jakarta/annotation/jakarta.annotation-api/1.3.4/jakarta.annotation-api-1.3.4.jar:/home/user/.m2/repository/org/glassfish/hk2/external/aopalliance-repackaged/2.5.0/aopalliance-repackaged-2.5.0.jar:/home/user/.m2/repository/com/fasterxml/jackson/dataformat/jackson-dataformat-xml/2.9.0/jackson-dataformat-xml-2.9.0.jar:/home/user/.m2/repository/com/fasterxml/jackson/module/jackson-module-jaxb-annotations/2.9.9/jackson-module-jaxb-annotations-2.9.9.jar:/home/user/.m2/repository/javax/enterprise/cdi-api/1.2/cdi-api-1.2.jar:/home/user/.m2/repository/javax/el/javax.el-api/3.0.0/javax.el-api-3.0.0.jar:/home/user/.m2/repository/javax/interceptor/javax.interceptor-api/1.2/javax.interceptor-api-1.2.jar:/home/user/.m2/repository/javax/inject/javax.inject/1/javax.inject-1.jar:/home/user/.m2/repository/com/sun/xml/bind/jaxb-core/2.3.0.1/jaxb-core-2.3.0.1.jar:/home/user/.m2/repository/javax/xml/bind/jaxb-api/2.3.0/jaxb-api-2.3.0.jar:/home/user/.m2/repository/javax/activation/activation/1.1.1/activation-1.1.1.jar:/home/user/.m2/repository/org/apache/hadoop/hadoop-ozone-csi/0.5.0-SNAPSHOT/hadoop-ozone-csi-0.5.0-SNAPSHOT.jar:/home/user/.m2/repository/com/google/protobuf/protobuf-java-util/3.5.1/protobuf-java-util-3.5.1.jar:/home/user/.m2/repository/io/grpc/grpc-netty/1.17.1/grpc-netty-1.17.1.jar:/home/user/.m2/repository/io/grpc/grpc-core/1.17.1/grpc-core-1.17.1.jar:/home/user/.m2/repository/io/grpc/grpc-context/1.17.1/grpc-context-1.17.1.jar:/home/user/.m2/repository/com/google/errorprone/error_prone_annotations/2.2.0/error_prone_annotations-2.2.0.jar:/home/user/.m2/repository/org/codehaus/mojo/animal-sniffer-annotations/1.17/animal-sniffer-annotations-1.17.jar:/home/user/.m2/repository/io/opencensus/opencensus-api/0.17.0/opencensus-api-0.17.0.jar:/home/user/.m2/repository/io/opencensus/opencensus-contrib-grpc-metrics/0.17.0/opencensus-contrib-grpc-metrics-0.17.0.jar:/home/user/.m2/repository/io/netty/netty-codec-http2/4.1.30.Final/netty-codec-http2-4.1.30.Final.jar:/home/user/.m2/repository/io/netty/netty-codec-http/4.1.30.Final/netty-codec-http-4.1.30.Final.jar:/home/user/.m2/repository/io/netty/netty-codec/4.1.30.Final/netty-codec-4.1.30.Final.jar:/home/user/.m2/repository/io/netty/netty-handler/4.1.30.Final/netty-handler-4.1.30.Final.jar:/home/user/.m2/repository/io/netty/netty-handler-proxy/4.1.30.Final/netty-handler-proxy-4.1.30.Final.jar:/home/user/.m2/repository/io/netty/netty-codec-socks/4.1.30.Final/netty-codec-socks-4.1.30.Final.jar:/home/user/.m2/repository/io/netty/netty-transport-native-epoll/4.1.30.Final/netty-transport-native-epoll-4.1.30.Final.jar:/home/user/.m2/repository/io/netty/netty-common/4.1.30.Final/netty-common-4.1.30.Final.jar:/home/user/.m2/repository/io/netty/netty-buffer/4.1.30.Final/netty-buffer-4.1.30.Final.jar:/home/user/.m2/repository/io/netty/netty-transport/4.1.30.Final/netty-transport-4.1.30.Final.jar:/home/user/.m2/repository/io/netty/netty-resolver/4.1.30.Final/netty-resolver-4.1.30.Final.jar:/home/user/.m2/repository/io/netty/netty-transport-native-unix-common/4.1.30.Final/netty-transport-native-unix-common-4.1.30.Final.jar:/home/user/.m2/repository/io/grpc/grpc-protobuf/1.17.1/grpc-protobuf-1.17.1.jar:/home/user/.m2/repository/com/google/api/grpc/proto-google-common-protos/1.0.0/proto-google-common-protos-1.0.0.jar:/home/user/.m2/repository/io/grpc/grpc-protobuf-lite/1.17.1/grpc-protobuf-lite-1.17.1.jar:/home/user/.m2/repository/io/grpc/grpc-stub/1.17.1/grpc-stub-1.17.1.jar:/home/user/.m2/repository/org/apache/hadoop/hadoop-ozone-recon/0.5.0-SNAPSHOT/hadoop-ozone-recon-0.5.0-SNAPSHOT.jar:/home/user/.m2/repository/org/apache/hadoop/hadoop-ozone-reconcodegen/0.5.0-SNAPSHOT/hadoop-ozone-reconcodegen-0.5.0-SNAPSHOT.jar:/home/user/.m2/repository/com/google/inject/extensions/guice-multibindings/4.0/guice-multibindings-4.0.jar:/home/user/.m2/repository/com/google/inject/guice/4.0/guice-4.0.jar:/home/user/.m2/repository/aopalliance/aopalliance/1.0/aopalliance-1.0.jar:/home/user/.m2/repository/org/glassfish/jersey/containers/jersey-container-servlet/2.27/jersey-container-servlet-2.27.jar:/home/user/.m2/repository/org/glassfish/hk2/guice-bridge/2.5.0/guice-bridge-2.5.0.jar:/home/user/.m2/repository/org/glassfish/jersey/core/jersey-server/2.27/jersey-server-2.27.jar:/home/user/.m2/repository/org/glassfish/jersey/core/jersey-client/2.27/jersey-client-2.27.jar:/home/user/.m2/repository/org/glassfish/jersey/media/jersey-media-jaxb/2.27/jersey-media-jaxb-2.27.jar:/home/user/.m2/repository/javax/validation/validation-api/1.1.0.Final/validation-api-1.1.0.Final.jar:/home/user/.m2/repository/org/glassfish/jersey/media/jersey-media-json-jackson/2.27/jersey-media-json-jackson-2.27.jar:/home/user/.m2/repository/org/glassfish/jersey/ext/jersey-entity-filtering/2.27/jersey-entity-filtering-2.27.jar:/home/user/.m2/repository/com/google/inject/extensions/guice-assistedinject/4.0/guice-assistedinject-4.0.jar:/home/user/.m2/repository/org/jooq/jooq/3.11.10/jooq-3.11.10.jar:/home/user/.m2/repository/org/jooq/jooq-meta/3.11.10/jooq-meta-3.11.10.jar:/home/user/.m2/repository/org/jooq/jooq-codegen/3.11.10/jooq-codegen-3.11.10.jar:/home/user/.m2/repository/com/jolbox/bonecp/0.8.0.RELEASE/bonecp-0.8.0.RELEASE.jar:/home/user/.m2/repository/org/springframework/spring-jdbc/5.1.3.RELEASE/spring-jdbc-5.1.3.RELEASE.jar:/home/user/.m2/repository/org/springframework/spring-beans/5.1.3.RELEASE/spring-beans-5.1.3.RELEASE.jar:/home/user/.m2/repository/org/springframework/spring-core/5.1.3.RELEASE/spring-core-5.1.3.RELEASE.jar:/home/user/.m2/repository/org/springframework/spring-jcl/5.1.3.RELEASE/spring-jcl-5.1.3.RELEASE.jar:/home/user/.m2/repository/org/springframework/spring-tx/5.1.3.RELEASE/spring-tx-5.1.3.RELEASE.jar:/home/user/.m2/repository/org/mockito/mockito-all/1.10.19/mockito-all-1.10.19.jar:/home/user/.m2/repository/junit/junit/4.11/junit-4.11.jar:/home/user/.m2/repository/org/hamcrest/hamcrest-core/1.3/hamcrest-core-1.3.jar:/home/user/.m2/repository/org/apache/hadoop/hadoop-distcp/3.2.0/hadoop-distcp-3.2.0.jar:/home/user/.m2/repository/org/apache/hadoop/hadoop-distcp/3.2.0/hadoop-distcp-3.2.0-tests.jar:/home/user/.m2/repository/org/apache/hadoop/hadoop-mapreduce-client-jobclient/3.2.0/hadoop-mapreduce-client-jobclient-3.2.0.jar:/home/user/.m2/repository/org/apache/hadoop/hadoop-mapreduce-client-common/3.2.0/hadoop-mapreduce-client-common-3.2.0.jar:/home/user/.m2/repository/org/apache/hadoop/hadoop-yarn-common/3.2.0/hadoop-yarn-common-3.2.0.jar:/home/user/.m2/repository/org/apache/hadoop/hadoop-yarn-api/3.2.0/hadoop-yarn-api-3.2.0.jar:/home/user/.m2/repository/com/sun/jersey/jersey-client/1.19/jersey-client-1.19.jar:/home/user/.m2/repository/com/sun/jersey/contribs/jersey-guice/1.19/jersey-guice-1.19.jar:/home/user/.m2/repository/com/fasterxml/jackson/jaxrs/jackson-jaxrs-json-provider/2.9.9/jackson-jaxrs-json-provider-2.9.9.jar:/home/user/.m2/repository/com/fasterxml/jackson/jaxrs/jackson-jaxrs-base/2.9.9/jackson-jaxrs-base-2.9.9.jar:/home/user/.m2/repository/org/apache/hadoop/hadoop-yarn-client/3.2.0/hadoop-yarn-client-3.2.0.jar:/home/user/.m2/repository/org/apache/hadoop/hadoop-mapreduce-client-core/3.2.0/hadoop-mapreduce-client-core-3.2.0.jar:/home/user/.m2/repository/com/google/inject/extensions/guice-servlet/4.0/guice-servlet-4.0.jar:/home/user/.m2/repository/org/powermock/powermock-module-junit4/1.6.5/powermock-module-junit4-1.6.5.jar:/home/user/.m2/repository/org/powermock/powermock-module-junit4-common/1.6.5/powermock-module-junit4-common-1.6.5.jar:/home/user/.m2/repository/org/powermock/powermock-core/1.6.5/powermock-core-1.6.5.jar:/home/user/.m2/repository/org/powermock/powermock-reflect/1.6.5/powermock-reflect-1.6.5.jar:/home/user/.m2/repository/org/powermock/powermock-api-mockito/1.6.5/powermock-api-mockito-1.6.5.jar:/home/user/.m2/repository/org/mockito/mockito-core/1.10.19/mockito-core-1.10.19.jar:/home/user/.m2/repository/org/objenesis/objenesis/1.0/objenesis-1.0.jar:/home/user/.m2/repository/org/powermock/powermock-api-mockito-common/1.6.5/powermock-api-mockito-common-1.6.5.jar:/home/user/.m2/repository/org/powermock/powermock-api-support/1.6.5/powermock-api-support-1.6.5.jar:"/>
    <property name="java.vm.vendor" value="IcedTea"/>
    <property name="sun.arch.data.model" value="64"/>
    <property name="test.build.dir" value="/workdir/hadoop-ozone/ozonefs/target/test-dir"/>
    <property name="test.cache.data" value=""/>
    <property name="java.vendor.url" value="https://icedtea.classpath.org"/>
    <property name="user.timezone" value=""/>
    <property name="java.vm.specification.version" value="1.8"/>
    <property name="os.name" value="Linux"/>
    <property name="test.build.data" value="/workdir/hadoop-ozone/ozonefs/target/test-dir"/>
    <property name="user.country" value="US"/>
    <property name="sun.java.launcher" value="SUN_STANDARD"/>
    <property name="sun.boot.library.path" value="/usr/lib/jvm/java-1.8-openjdk/jre/lib/amd64"/>
    <property name="sun.java.command" value="/workdir/hadoop-ozone/ozonefs/target/surefire/surefirebooter1319558147262357871.jar /workdir/hadoop-ozone/ozonefs/target/surefire 2019-10-01T13-06-33_442-jvmRun1 surefire2200212243659181498tmp surefire_1001150491813203407435tmp"/>
    <property name="test" value="!TestMiniChaosOzoneCluster"/>
    <property name="surefire.test.class.path" value="/workdir/hadoop-ozone/ozonefs/target/test-classes:/workdir/hadoop-ozone/ozonefs/target/classes:/home/user/.m2/repository/org/apache/hadoop/hadoop-common/3.2.0/hadoop-common-3.2.0.jar:/home/user/.m2/repository/org/apache/hadoop/hadoop-annotations/3.2.0/hadoop-annotations-3.2.0.jar:/usr/lib/jvm/java-1.8-openjdk/jre/../lib/tools.jar:/home/user/.m2/repository/com/google/guava/guava/11.0.2/guava-11.0.2.jar:/home/user/.m2/repository/commons-cli/commons-cli/1.2/commons-cli-1.2.jar:/home/user/.m2/repository/org/apache/commons/commons-math3/3.1.1/commons-math3-3.1.1.jar:/home/user/.m2/repository/commons-codec/commons-codec/1.11/commons-codec-1.11.jar:/home/user/.m2/repository/commons-io/commons-io/2.5/commons-io-2.5.jar:/home/user/.m2/repository/commons-net/commons-net/3.6/commons-net-3.6.jar:/home/user/.m2/repository/commons-collections/commons-collections/3.2.2/commons-collections-3.2.2.jar:/home/user/.m2/repository/javax/servlet/javax.servlet-api/3.1.0/javax.servlet-api-3.1.0.jar:/home/user/.m2/repository/org/eclipse/jetty/jetty-server/9.3.25.v20180904/jetty-server-9.3.25.v20180904.jar:/home/user/.m2/repository/org/eclipse/jetty/jetty-http/9.3.25.v20180904/jetty-http-9.3.25.v20180904.jar:/home/user/.m2/repository/org/eclipse/jetty/jetty-io/9.3.25.v20180904/jetty-io-9.3.25.v20180904.jar:/home/user/.m2/repository/org/eclipse/jetty/jetty-util/9.3.25.v20180904/jetty-util-9.3.25.v20180904.jar:/home/user/.m2/repository/org/eclipse/jetty/jetty-servlet/9.3.25.v20180904/jetty-servlet-9.3.25.v20180904.jar:/home/user/.m2/repository/org/eclipse/jetty/jetty-security/9.3.25.v20180904/jetty-security-9.3.25.v20180904.jar:/home/user/.m2/repository/org/eclipse/jetty/jetty-webapp/9.3.25.v20180904/jetty-webapp-9.3.25.v20180904.jar:/home/user/.m2/repository/org/eclipse/jetty/jetty-xml/9.3.25.v20180904/jetty-xml-9.3.25.v20180904.jar:/home/user/.m2/repository/javax/servlet/jsp/jsp-api/2.1/jsp-api-2.1.jar:/home/user/.m2/repository/com/sun/jersey/jersey-core/1.19/jersey-core-1.19.jar:/home/user/.m2/repository/javax/ws/rs/jsr311-api/1.1.1/jsr311-api-1.1.1.jar:/home/user/.m2/repository/com/sun/jersey/jersey-servlet/1.19/jersey-servlet-1.19.jar:/home/user/.m2/repository/com/sun/jersey/jersey-json/1.19/jersey-json-1.19.jar:/home/user/.m2/repository/org/codehaus/jettison/jettison/1.1/jettison-1.1.jar:/home/user/.m2/repository/com/sun/xml/bind/jaxb-impl/2.3.0.1/jaxb-impl-2.3.0.1.jar:/home/user/.m2/repository/org/codehaus/jackson/jackson-core-asl/1.9.13/jackson-core-asl-1.9.13.jar:/home/user/.m2/repository/org/codehaus/jackson/jackson-mapper-asl/1.9.13/jackson-mapper-asl-1.9.13.jar:/home/user/.m2/repository/org/codehaus/jackson/jackson-jaxrs/1.9.13/jackson-jaxrs-1.9.13.jar:/home/user/.m2/repository/org/codehaus/jackson/jackson-xc/1.9.13/jackson-xc-1.9.13.jar:/home/user/.m2/repository/com/sun/jersey/jersey-server/1.19/jersey-server-1.19.jar:/home/user/.m2/repository/commons-logging/commons-logging/1.1.3/commons-logging-1.1.3.jar:/home/user/.m2/repository/log4j/log4j/1.2.17/log4j-1.2.17.jar:/home/user/.m2/repository/commons-beanutils/commons-beanutils/1.9.4/commons-beanutils-1.9.4.jar:/home/user/.m2/repository/org/apache/commons/commons-configuration2/2.1.1/commons-configuration2-2.1.1.jar:/home/user/.m2/repository/org/apache/commons/commons-lang3/3.7/commons-lang3-3.7.jar:/home/user/.m2/repository/org/apache/commons/commons-text/1.4/commons-text-1.4.jar:/home/user/.m2/repository/org/slf4j/slf4j-api/1.7.25/slf4j-api-1.7.25.jar:/home/user/.m2/repository/org/slf4j/slf4j-log4j12/1.7.25/slf4j-log4j12-1.7.25.jar:/home/user/.m2/repository/org/apache/avro/avro/1.7.7/avro-1.7.7.jar:/home/user/.m2/repository/com/thoughtworks/paranamer/paranamer/2.3/paranamer-2.3.jar:/home/user/.m2/repository/org/xerial/snappy/snappy-java/1.0.5/snappy-java-1.0.5.jar:/home/user/.m2/repository/com/google/re2j/re2j/1.1/re2j-1.1.jar:/home/user/.m2/repository/com/google/protobuf/protobuf-java/2.5.0/protobuf-java-2.5.0.jar:/home/user/.m2/repository/com/google/code/gson/gson/2.2.4/gson-2.2.4.jar:/home/user/.m2/repository/org/apache/hadoop/hadoop-auth/3.2.0/hadoop-auth-3.2.0.jar:/home/user/.m2/repository/com/nimbusds/nimbus-jose-jwt/4.41.1/nimbus-jose-jwt-4.41.1.jar:/home/user/.m2/repository/com/github/stephenc/jcip/jcip-annotations/1.0-1/jcip-annotations-1.0-1.jar:/home/user/.m2/repository/net/minidev/json-smart/2.3/json-smart-2.3.jar:/home/user/.m2/repository/net/minidev/accessors-smart/1.2/accessors-smart-1.2.jar:/home/user/.m2/repository/org/apache/curator/curator-framework/2.12.0/curator-framework-2.12.0.jar:/home/user/.m2/repository/com/jcraft/jsch/0.1.54/jsch-0.1.54.jar:/home/user/.m2/repository/org/apache/curator/curator-client/2.12.0/curator-client-2.12.0.jar:/home/user/.m2/repository/org/apache/curator/curator-recipes/2.12.0/curator-recipes-2.12.0.jar:/home/user/.m2/repository/com/google/code/findbugs/jsr305/3.0.0/jsr305-3.0.0.jar:/home/user/.m2/repository/org/apache/htrace/htrace-core4/4.1.0-incubating/htrace-core4-4.1.0-incubating.jar:/home/user/.m2/repository/org/apache/zookeeper/zookeeper/3.4.13/zookeeper-3.4.13.jar:/home/user/.m2/repository/jline/jline/0.9.94/jline-0.9.94.jar:/home/user/.m2/repository/org/apache/yetus/audience-annotations/0.5.0/audience-annotations-0.5.0.jar:/home/user/.m2/repository/org/apache/commons/commons-compress/1.4.1/commons-compress-1.4.1.jar:/home/user/.m2/repository/org/tukaani/xz/1.0/xz-1.0.jar:/home/user/.m2/repository/org/apache/kerby/kerb-simplekdc/1.0.1/kerb-simplekdc-1.0.1.jar:/home/user/.m2/repository/org/apache/kerby/kerb-client/1.0.1/kerb-client-1.0.1.jar:/home/user/.m2/repository/org/apache/kerby/kerby-config/1.0.1/kerby-config-1.0.1.jar:/home/user/.m2/repository/org/apache/kerby/kerb-core/1.0.1/kerb-core-1.0.1.jar:/home/user/.m2/repository/org/apache/kerby/kerby-pkix/1.0.1/kerby-pkix-1.0.1.jar:/home/user/.m2/repository/org/apache/kerby/kerby-asn1/1.0.1/kerby-asn1-1.0.1.jar:/home/user/.m2/repository/org/apache/kerby/kerby-util/1.0.1/kerby-util-1.0.1.jar:/home/user/.m2/repository/org/apache/kerby/kerb-common/1.0.1/kerb-common-1.0.1.jar:/home/user/.m2/repository/org/apache/kerby/kerb-crypto/1.0.1/kerb-crypto-1.0.1.jar:/home/user/.m2/repository/org/apache/kerby/kerb-util/1.0.1/kerb-util-1.0.1.jar:/home/user/.m2/repository/org/apache/kerby/token-provider/1.0.1/token-provider-1.0.1.jar:/home/user/.m2/repository/org/apache/kerby/kerb-admin/1.0.1/kerb-admin-1.0.1.jar:/home/user/.m2/repository/org/apache/kerby/kerb-server/1.0.1/kerb-server-1.0.1.jar:/home/user/.m2/repository/org/apache/kerby/kerb-identity/1.0.1/kerb-identity-1.0.1.jar:/home/user/.m2/repository/org/apache/kerby/kerby-xdr/1.0.1/kerby-xdr-1.0.1.jar:/home/user/.m2/repository/com/fasterxml/jackson/core/jackson-databind/2.9.9/jackson-databind-2.9.9.jar:/home/user/.m2/repository/com/fasterxml/jackson/core/jackson-annotations/2.9.9/jackson-annotations-2.9.9.jar:/home/user/.m2/repository/com/fasterxml/jackson/core/jackson-core/2.9.9/jackson-core-2.9.9.jar:/home/user/.m2/repository/org/codehaus/woodstox/stax2-api/3.1.4/stax2-api-3.1.4.jar:/home/user/.m2/repository/com/fasterxml/woodstox/woodstox-core/5.0.3/woodstox-core-5.0.3.jar:/home/user/.m2/repository/dnsjava/dnsjava/2.1.7/dnsjava-2.1.7.jar:/home/user/.m2/repository/org/apache/hadoop/hadoop-hdfs/3.2.0/hadoop-hdfs-3.2.0.jar:/home/user/.m2/repository/org/eclipse/jetty/jetty-util-ajax/9.3.25.v20180904/jetty-util-ajax-9.3.25.v20180904.jar:/home/user/.m2/repository/commons-daemon/commons-daemon/1.0.13/commons-daemon-1.0.13.jar:/home/user/.m2/repository/io/netty/netty/3.10.5.Final/netty-3.10.5.Final.jar:/home/user/.m2/repository/io/netty/netty-all/4.0.52.Final/netty-all-4.0.52.Final.jar:/home/user/.m2/repository/org/fusesource/leveldbjni/leveldbjni-all/1.8/leveldbjni-all-1.8.jar:/home/user/.m2/repository/org/apache/hadoop/hadoop-hdds-common/0.5.0-SNAPSHOT/hadoop-hdds-common-0.5.0-SNAPSHOT.jar:/home/user/.m2/repository/org/apache/hadoop/hadoop-hdds-config/0.5.0-SNAPSHOT/hadoop-hdds-config-0.5.0-SNAPSHOT.jar:/home/user/.m2/repository/javax/annotation/javax.annotation-api/1.2/javax.annotation-api-1.2.jar:/home/user/.m2/repository/org/apache/ratis/ratis-server/0.4.0/ratis-server-0.4.0.jar:/home/user/.m2/repository/org/apache/ratis/ratis-thirdparty-misc/0.2.0/ratis-thirdparty-misc-0.2.0.jar:/home/user/.m2/repository/org/apache/ratis/ratis-proto/0.4.0/ratis-proto-0.4.0.jar:/home/user/.m2/repository/org/apache/ratis/ratis-common/0.4.0/ratis-common-0.4.0.jar:/home/user/.m2/repository/org/apache/ratis/ratis-client/0.4.0/ratis-client-0.4.0.jar:/home/user/.m2/repository/org/apache/ratis/ratis-metrics/0.4.0/ratis-metrics-0.4.0.jar:/home/user/.m2/repository/com/github/joshelser/dropwizard-metrics-hadoop-metrics2-reporter/0.1.2/dropwizard-metrics-hadoop-metrics2-reporter-0.1.2.jar:/home/user/.m2/repository/io/dropwizard/metrics/metrics-jvm/3.2.5/metrics-jvm-3.2.5.jar:/home/user/.m2/repository/io/dropwizard/metrics/metrics-ganglia/3.2.5/metrics-ganglia-3.2.5.jar:/home/user/.m2/repository/info/ganglia/gmetric4j/gmetric4j/1.0.7/gmetric4j-1.0.7.jar:/home/user/.m2/repository/org/apache/ratis/ratis-netty/0.4.0/ratis-netty-0.4.0.jar:/home/user/.m2/repository/org/apache/ratis/ratis-grpc/0.4.0/ratis-grpc-0.4.0.jar:/home/user/.m2/repository/org/rocksdb/rocksdbjni/6.0.1/rocksdbjni-6.0.1.jar:/home/user/.m2/repository/org/apache/logging/log4j/log4j-api/2.11.0/log4j-api-2.11.0.jar:/home/user/.m2/repository/org/apache/logging/log4j/log4j-core/2.11.0/log4j-core-2.11.0.jar:/home/user/.m2/repository/com/lmax/disruptor/3.4.2/disruptor-3.4.2.jar:/home/user/.m2/repository/org/apache/commons/commons-pool2/2.6.0/commons-pool2-2.6.0.jar:/home/user/.m2/repository/org/bouncycastle/bcpkix-jdk15on/1.60/bcpkix-jdk15on-1.60.jar:/home/user/.m2/repository/commons-validator/commons-validator/1.6/commons-validator-1.6.jar:/home/user/.m2/repository/commons-digester/commons-digester/1.8.1/commons-digester-1.8.1.jar:/home/user/.m2/repository/io/jaegertracing/jaeger-client/0.34.0/jaeger-client-0.34.0.jar:/home/user/.m2/repository/io/jaegertracing/jaeger-thrift/0.34.0/jaeger-thrift-0.34.0.jar:/home/user/.m2/repository/org/apache/thrift/libthrift/0.12.0/libthrift-0.12.0.jar:/home/user/.m2/repository/com/squareup/okhttp3/okhttp/3.9.0/okhttp-3.9.0.jar:/home/user/.m2/repository/com/squareup/okio/okio/1.13.0/okio-1.13.0.jar:/home/user/.m2/repository/io/jaegertracing/jaeger-core/0.34.0/jaeger-core-0.34.0.jar:/home/user/.m2/repository/io/jaegertracing/jaeger-tracerresolver/0.34.0/jaeger-tracerresolver-0.34.0.jar:/home/user/.m2/repository/io/opentracing/contrib/opentracing-tracerresolver/0.1.5/opentracing-tracerresolver-0.1.5.jar:/home/user/.m2/repository/io/opentracing/opentracing-util/0.31.0/opentracing-util-0.31.0.jar:/home/user/.m2/repository/io/opentracing/opentracing-api/0.31.0/opentracing-api-0.31.0.jar:/home/user/.m2/repository/io/opentracing/opentracing-noop/0.31.0/opentracing-noop-0.31.0.jar:/home/user/.m2/repository/org/yaml/snakeyaml/1.16/snakeyaml-1.16.jar:/home/user/.m2/repository/org/apache/hadoop/hadoop-hdfs-client/3.2.0/hadoop-hdfs-client-3.2.0.jar:/home/user/.m2/repository/info/picocli/picocli/3.9.6/picocli-3.9.6.jar:/home/user/.m2/repository/org/apache/hadoop/hadoop-hdds-server-scm/0.5.0-SNAPSHOT/hadoop-hdds-server-scm-0.5.0-SNAPSHOT.jar:/home/user/.m2/repository/org/apache/hadoop/hadoop-hdds-docs/0.5.0-SNAPSHOT/hadoop-hdds-docs-0.5.0-SNAPSHOT.jar:/home/user/.m2/repository/io/dropwizard/metrics/metrics-core/3.2.4/metrics-core-3.2.4.jar:/home/user/.m2/repository/org/hamcrest/hamcrest-all/1.3/hamcrest-all-1.3.jar:/home/user/.m2/repository/org/bouncycastle/bcprov-jdk15on/1.60/bcprov-jdk15on-1.60.jar:/home/user/.m2/repository/org/apache/hadoop/hadoop-hdds-server-framework/0.5.0-SNAPSHOT/hadoop-hdds-server-framework-0.5.0-SNAPSHOT.jar:/home/user/.m2/repository/org/apache/hadoop/hadoop-ozone-ozone-manager/0.5.0-SNAPSHOT/hadoop-ozone-ozone-manager-0.5.0-SNAPSHOT.jar:/home/user/.m2/repository/org/apache/hadoop/hadoop-hdds-container-service/0.5.0-SNAPSHOT/hadoop-hdds-container-service-0.5.0-SNAPSHOT.jar:/home/user/.m2/repository/org/apache/hadoop/hadoop-hdds-client/0.5.0-SNAPSHOT/hadoop-hdds-client-0.5.0-SNAPSHOT.jar:/home/user/.m2/repository/org/apache/hadoop/hadoop-ozone-common/0.5.0-SNAPSHOT/hadoop-ozone-common-0.5.0-SNAPSHOT.jar:/home/user/.m2/repository/org/apache/hadoop/hadoop-hdds-tools/0.5.0-SNAPSHOT/hadoop-hdds-tools-0.5.0-SNAPSHOT.jar:/home/user/.m2/repository/org/xerial/sqlite-jdbc/3.25.2/sqlite-jdbc-3.25.2.jar:/home/user/.m2/repository/org/apache/httpcomponents/httpclient/4.5.2/httpclient-4.5.2.jar:/home/user/.m2/repository/org/apache/httpcomponents/httpcore/4.4.4/httpcore-4.4.4.jar:/home/user/.m2/repository/com/github/spotbugs/spotbugs/3.1.12/spotbugs-3.1.12.jar:/home/user/.m2/repository/org/ow2/asm/asm/5.0.4/asm-5.0.4.jar:/home/user/.m2/repository/org/ow2/asm/asm-analysis/7.0/asm-analysis-7.0.jar:/home/user/.m2/repository/org/ow2/asm/asm-commons/7.0/asm-commons-7.0.jar:/home/user/.m2/repository/org/ow2/asm/asm-tree/7.0/asm-tree-7.0.jar:/home/user/.m2/repository/org/ow2/asm/asm-util/7.0/asm-util-7.0.jar:/home/user/.m2/repository/org/apache/bcel/bcel/6.3/bcel-6.3.jar:/home/user/.m2/repository/net/jcip/jcip-annotations/1.0/jcip-annotations-1.0.jar:/home/user/.m2/repository/org/dom4j/dom4j/2.1.1/dom4j-2.1.1.jar:/home/user/.m2/repository/jaxen/jaxen/1.1.6/jaxen-1.1.6.jar:/home/user/.m2/repository/commons-lang/commons-lang/2.6/commons-lang-2.6.jar:/home/user/.m2/repository/com/github/spotbugs/spotbugs-annotations/3.1.12/spotbugs-annotations-3.1.12.jar:/home/user/.m2/repository/org/apache/hadoop/hadoop-common/3.2.0/hadoop-common-3.2.0-tests.jar:/home/user/.m2/repository/org/apache/hadoop/hadoop-ozone-client/0.5.0-SNAPSHOT/hadoop-ozone-client-0.5.0-SNAPSHOT.jar:/home/user/.m2/repository/org/apache/hadoop/hadoop-hdfs/3.2.0/hadoop-hdfs-3.2.0-tests.jar:/workdir/hadoop-ozone/integration-test/target/test-classes:/home/user/.m2/repository/org/apache/hadoop/hadoop-ozone-s3gateway/0.5.0-SNAPSHOT/hadoop-ozone-s3gateway-0.5.0-SNAPSHOT.jar:/home/user/.m2/repository/org/jboss/weld/servlet/weld-servlet/2.4.7.Final/weld-servlet-2.4.7.Final.jar:/home/user/.m2/repository/org/glassfish/jersey/containers/jersey-container-servlet-core/2.27/jersey-container-servlet-core-2.27.jar:/home/user/.m2/repository/org/glassfish/hk2/external/javax.inject/2.5.0-b42/javax.inject-2.5.0-b42.jar:/home/user/.m2/repository/org/glassfish/jersey/core/jersey-common/2.27/jersey-common-2.27.jar:/home/user/.m2/repository/org/glassfish/hk2/osgi-resource-locator/1.0.1/osgi-resource-locator-1.0.1.jar:/home/user/.m2/repository/javax/ws/rs/javax.ws.rs-api/2.1/javax.ws.rs-api-2.1.jar:/home/user/.m2/repository/org/glassfish/jersey/ext/cdi/jersey-cdi1x/2.27/jersey-cdi1x-2.27.jar:/home/user/.m2/repository/org/glassfish/jersey/inject/jersey-hk2/2.27/jersey-hk2-2.27.jar:/home/user/.m2/repository/org/glassfish/hk2/hk2-locator/2.5.0-b42/hk2-locator-2.5.0-b42.jar:/home/user/.m2/repository/org/javassist/javassist/3.22.0-CR2/javassist-3.22.0-CR2.jar:/home/user/.m2/repository/org/glassfish/hk2/hk2-api/2.5.0/hk2-api-2.5.0.jar:/home/user/.m2/repository/org/glassfish/hk2/external/jakarta.inject/2.5.0/jakarta.inject-2.5.0.jar:/home/user/.m2/repository/org/glassfish/hk2/hk2-utils/2.5.0/hk2-utils-2.5.0.jar:/home/user/.m2/repository/jakarta/annotation/jakarta.annotation-api/1.3.4/jakarta.annotation-api-1.3.4.jar:/home/user/.m2/repository/org/glassfish/hk2/external/aopalliance-repackaged/2.5.0/aopalliance-repackaged-2.5.0.jar:/home/user/.m2/repository/com/fasterxml/jackson/dataformat/jackson-dataformat-xml/2.9.0/jackson-dataformat-xml-2.9.0.jar:/home/user/.m2/repository/com/fasterxml/jackson/module/jackson-module-jaxb-annotations/2.9.9/jackson-module-jaxb-annotations-2.9.9.jar:/home/user/.m2/repository/javax/enterprise/cdi-api/1.2/cdi-api-1.2.jar:/home/user/.m2/repository/javax/el/javax.el-api/3.0.0/javax.el-api-3.0.0.jar:/home/user/.m2/repository/javax/interceptor/javax.interceptor-api/1.2/javax.interceptor-api-1.2.jar:/home/user/.m2/repository/javax/inject/javax.inject/1/javax.inject-1.jar:/home/user/.m2/repository/com/sun/xml/bind/jaxb-core/2.3.0.1/jaxb-core-2.3.0.1.jar:/home/user/.m2/repository/javax/xml/bind/jaxb-api/2.3.0/jaxb-api-2.3.0.jar:/home/user/.m2/repository/javax/activation/activation/1.1.1/activation-1.1.1.jar:/home/user/.m2/repository/org/apache/hadoop/hadoop-ozone-csi/0.5.0-SNAPSHOT/hadoop-ozone-csi-0.5.0-SNAPSHOT.jar:/home/user/.m2/repository/com/google/protobuf/protobuf-java-util/3.5.1/protobuf-java-util-3.5.1.jar:/home/user/.m2/repository/io/grpc/grpc-netty/1.17.1/grpc-netty-1.17.1.jar:/home/user/.m2/repository/io/grpc/grpc-core/1.17.1/grpc-core-1.17.1.jar:/home/user/.m2/repository/io/grpc/grpc-context/1.17.1/grpc-context-1.17.1.jar:/home/user/.m2/repository/com/google/errorprone/error_prone_annotations/2.2.0/error_prone_annotations-2.2.0.jar:/home/user/.m2/repository/org/codehaus/mojo/animal-sniffer-annotations/1.17/animal-sniffer-annotations-1.17.jar:/home/user/.m2/repository/io/opencensus/opencensus-api/0.17.0/opencensus-api-0.17.0.jar:/home/user/.m2/repository/io/opencensus/opencensus-contrib-grpc-metrics/0.17.0/opencensus-contrib-grpc-metrics-0.17.0.jar:/home/user/.m2/repository/io/netty/netty-codec-http2/4.1.30.Final/netty-codec-http2-4.1.30.Final.jar:/home/user/.m2/repository/io/netty/netty-codec-http/4.1.30.Final/netty-codec-http-4.1.30.Final.jar:/home/user/.m2/repository/io/netty/netty-codec/4.1.30.Final/netty-codec-4.1.30.Final.jar:/home/user/.m2/repository/io/netty/netty-handler/4.1.30.Final/netty-handler-4.1.30.Final.jar:/home/user/.m2/repository/io/netty/netty-handler-proxy/4.1.30.Final/netty-handler-proxy-4.1.30.Final.jar:/home/user/.m2/repository/io/netty/netty-codec-socks/4.1.30.Final/netty-codec-socks-4.1.30.Final.jar:/home/user/.m2/repository/io/netty/netty-transport-native-epoll/4.1.30.Final/netty-transport-native-epoll-4.1.30.Final.jar:/home/user/.m2/repository/io/netty/netty-common/4.1.30.Final/netty-common-4.1.30.Final.jar:/home/user/.m2/repository/io/netty/netty-buffer/4.1.30.Final/netty-buffer-4.1.30.Final.jar:/home/user/.m2/repository/io/netty/netty-transport/4.1.30.Final/netty-transport-4.1.30.Final.jar:/home/user/.m2/repository/io/netty/netty-resolver/4.1.30.Final/netty-resolver-4.1.30.Final.jar:/home/user/.m2/repository/io/netty/netty-transport-native-unix-common/4.1.30.Final/netty-transport-native-unix-common-4.1.30.Final.jar:/home/user/.m2/repository/io/grpc/grpc-protobuf/1.17.1/grpc-protobuf-1.17.1.jar:/home/user/.m2/repository/com/google/api/grpc/proto-google-common-protos/1.0.0/proto-google-common-protos-1.0.0.jar:/home/user/.m2/repository/io/grpc/grpc-protobuf-lite/1.17.1/grpc-protobuf-lite-1.17.1.jar:/home/user/.m2/repository/io/grpc/grpc-stub/1.17.1/grpc-stub-1.17.1.jar:/home/user/.m2/repository/org/apache/hadoop/hadoop-ozone-recon/0.5.0-SNAPSHOT/hadoop-ozone-recon-0.5.0-SNAPSHOT.jar:/home/user/.m2/repository/org/apache/hadoop/hadoop-ozone-reconcodegen/0.5.0-SNAPSHOT/hadoop-ozone-reconcodegen-0.5.0-SNAPSHOT.jar:/home/user/.m2/repository/com/google/inject/extensions/guice-multibindings/4.0/guice-multibindings-4.0.jar:/home/user/.m2/repository/com/google/inject/guice/4.0/guice-4.0.jar:/home/user/.m2/repository/aopalliance/aopalliance/1.0/aopalliance-1.0.jar:/home/user/.m2/repository/org/glassfish/jersey/containers/jersey-container-servlet/2.27/jersey-container-servlet-2.27.jar:/home/user/.m2/repository/org/glassfish/hk2/guice-bridge/2.5.0/guice-bridge-2.5.0.jar:/home/user/.m2/repository/org/glassfish/jersey/core/jersey-server/2.27/jersey-server-2.27.jar:/home/user/.m2/repository/org/glassfish/jersey/core/jersey-client/2.27/jersey-client-2.27.jar:/home/user/.m2/repository/org/glassfish/jersey/media/jersey-media-jaxb/2.27/jersey-media-jaxb-2.27.jar:/home/user/.m2/repository/javax/validation/validation-api/1.1.0.Final/validation-api-1.1.0.Final.jar:/home/user/.m2/repository/org/glassfish/jersey/media/jersey-media-json-jackson/2.27/jersey-media-json-jackson-2.27.jar:/home/user/.m2/repository/org/glassfish/jersey/ext/jersey-entity-filtering/2.27/jersey-entity-filtering-2.27.jar:/home/user/.m2/repository/com/google/inject/extensions/guice-assistedinject/4.0/guice-assistedinject-4.0.jar:/home/user/.m2/repository/org/jooq/jooq/3.11.10/jooq-3.11.10.jar:/home/user/.m2/repository/org/jooq/jooq-meta/3.11.10/jooq-meta-3.11.10.jar:/home/user/.m2/repository/org/jooq/jooq-codegen/3.11.10/jooq-codegen-3.11.10.jar:/home/user/.m2/repository/com/jolbox/bonecp/0.8.0.RELEASE/bonecp-0.8.0.RELEASE.jar:/home/user/.m2/repository/org/springframework/spring-jdbc/5.1.3.RELEASE/spring-jdbc-5.1.3.RELEASE.jar:/home/user/.m2/repository/org/springframework/spring-beans/5.1.3.RELEASE/spring-beans-5.1.3.RELEASE.jar:/home/user/.m2/repository/org/springframework/spring-core/5.1.3.RELEASE/spring-core-5.1.3.RELEASE.jar:/home/user/.m2/repository/org/springframework/spring-jcl/5.1.3.RELEASE/spring-jcl-5.1.3.RELEASE.jar:/home/user/.m2/repository/org/springframework/spring-tx/5.1.3.RELEASE/spring-tx-5.1.3.RELEASE.jar:/home/user/.m2/repository/org/mockito/mockito-all/1.10.19/mockito-all-1.10.19.jar:/home/user/.m2/repository/junit/junit/4.11/junit-4.11.jar:/home/user/.m2/repository/org/hamcrest/hamcrest-core/1.3/hamcrest-core-1.3.jar:/home/user/.m2/repository/org/apache/hadoop/hadoop-distcp/3.2.0/hadoop-distcp-3.2.0.jar:/home/user/.m2/repository/org/apache/hadoop/hadoop-distcp/3.2.0/hadoop-distcp-3.2.0-tests.jar:/home/user/.m2/repository/org/apache/hadoop/hadoop-mapreduce-client-jobclient/3.2.0/hadoop-mapreduce-client-jobclient-3.2.0.jar:/home/user/.m2/repository/org/apache/hadoop/hadoop-mapreduce-client-common/3.2.0/hadoop-mapreduce-client-common-3.2.0.jar:/home/user/.m2/repository/org/apache/hadoop/hadoop-yarn-common/3.2.0/hadoop-yarn-common-3.2.0.jar:/home/user/.m2/repository/org/apache/hadoop/hadoop-yarn-api/3.2.0/hadoop-yarn-api-3.2.0.jar:/home/user/.m2/repository/com/sun/jersey/jersey-client/1.19/jersey-client-1.19.jar:/home/user/.m2/repository/com/sun/jersey/contribs/jersey-guice/1.19/jersey-guice-1.19.jar:/home/user/.m2/repository/com/fasterxml/jackson/jaxrs/jackson-jaxrs-json-provider/2.9.9/jackson-jaxrs-json-provider-2.9.9.jar:/home/user/.m2/repository/com/fasterxml/jackson/jaxrs/jackson-jaxrs-base/2.9.9/jackson-jaxrs-base-2.9.9.jar:/home/user/.m2/repository/org/apache/hadoop/hadoop-yarn-client/3.2.0/hadoop-yarn-client-3.2.0.jar:/home/user/.m2/repository/org/apache/hadoop/hadoop-mapreduce-client-core/3.2.0/hadoop-mapreduce-client-core-3.2.0.jar:/home/user/.m2/repository/com/google/inject/extensions/guice-servlet/4.0/guice-servlet-4.0.jar:/home/user/.m2/repository/org/powermock/powermock-module-junit4/1.6.5/powermock-module-junit4-1.6.5.jar:/home/user/.m2/repository/org/powermock/powermock-module-junit4-common/1.6.5/powermock-module-junit4-common-1.6.5.jar:/home/user/.m2/repository/org/powermock/powermock-core/1.6.5/powermock-core-1.6.5.jar:/home/user/.m2/repository/org/powermock/powermock-reflect/1.6.5/powermock-reflect-1.6.5.jar:/home/user/.m2/repository/org/powermock/powermock-api-mockito/1.6.5/powermock-api-mockito-1.6.5.jar:/home/user/.m2/repository/org/mockito/mockito-core/1.10.19/mockito-core-1.10.19.jar:/home/user/.m2/repository/org/objenesis/objenesis/1.0/objenesis-1.0.jar:/home/user/.m2/repository/org/powermock/powermock-api-mockito-common/1.6.5/powermock-api-mockito-common-1.6.5.jar:/home/user/.m2/repository/org/powermock/powermock-api-support/1.6.5/powermock-api-support-1.6.5.jar:"/>
    <property name="sun.cpu.endian" value="little"/>
    <property name="user.home" value="/home/user"/>
    <property name="user.language" value="en"/>
    <property name="java.specification.vendor" value="Oracle Corporation"/>
    <property name="java.home" value="/usr/lib/jvm/java-1.8-openjdk/jre"/>
    <property name="java.security.krb5.conf" value="/workdir/hadoop-ozone/ozonefs/target/test-classes/krb5.conf"/>
    <property name="basedir" value="/workdir/hadoop-ozone/ozonefs"/>
    <property name="file.separator" value="/"/>
    <property name="line.separator" value="&#10;"/>
    <property name="java.vm.specification.vendor" value="Oracle Corporation"/>
    <property name="java.specification.name" value="Java Platform API Specification"/>
    <property name="java.awt.graphicsenv" value="sun.awt.X11GraphicsEnvironment"/>
    <property name="surefire.real.class.path" value="/workdir/hadoop-ozone/ozonefs/target/surefire/surefirebooter1319558147262357871.jar"/>
    <property name="hadoop.log.dir" value="/workdir/hadoop-ozone/ozonefs/target/log"/>
    <property name="sun.boot.class.path" value="/usr/lib/jvm/java-1.8-openjdk/jre/lib/resources.jar:/usr/lib/jvm/java-1.8-openjdk/jre/lib/rt.jar:/usr/lib/jvm/java-1.8-openjdk/jre/lib/sunrsasign.jar:/usr/lib/jvm/java-1.8-openjdk/jre/lib/jsse.jar:/usr/lib/jvm/java-1.8-openjdk/jre/lib/jce.jar:/usr/lib/jvm/java-1.8-openjdk/jre/lib/charsets.jar:/usr/lib/jvm/java-1.8-openjdk/jre/lib/jfr.jar:/usr/lib/jvm/java-1.8-openjdk/jre/classes"/>
    <property name="sun.management.compiler" value="HotSpot 64-Bit Tiered Compilers"/>
    <property name="java.runtime.version" value="1.8.0_212-b04"/>
    <property name="java.net.preferIPv4Stack" value="true"/>
    <property name="user.name" value="jenkins1000"/>
    <property name="path.separator" value=":"/>
    <property name="java.security.egd" value="file:///dev/urandom"/>
    <property name="os.version" value="3.10.0-957.12.2.el7.x86_64"/>
    <property name="java.endorsed.dirs" value="/usr/lib/jvm/java-1.8-openjdk/jre/lib/endorsed"/>
    <property name="java.runtime.name" value="OpenJDK Runtime Environment"/>
    <property name="file.encoding" value="UTF-8"/>
    <property name="java.vm.name" value="OpenJDK 64-Bit Server VM"/>
    <property name="test.build.webapps" value=""/>
    <property name="localRepository" value="/home/user/.m2/repository"/>
    <property name="java.vendor.url.bug" value="https://icedtea.classpath.org/bugzilla"/>
    <property name="java.io.tmpdir" value="/tmp"/>
    <property name="require.test.libhadoop" value=""/>
    <property name="java.version" value="1.8.0_212"/>
    <property name="user.dir" value="/workdir/hadoop-ozone/ozonefs"/>
    <property name="os.arch" value="amd64"/>
    <property name="java.vm.specification.name" value="Java Virtual Machine Specification"/>
    <property name="test.build.classes" value="/workdir/hadoop-ozone/ozonefs/target/test-classes"/>
    <property name="java.awt.printerjob" value="sun.print.PSPrinterJob"/>
    <property name="sun.os.patch.level" value="unknown"/>
    <property name="hadoop.tmp.dir" value="/workdir/hadoop-ozone/ozonefs/target/tmp"/>
    <property name="java.library.path" value="/usr/lib/jvm/java-1.8-openjdk/jre/lib/amd64/server:/usr/lib/jvm/java-1.8-openjdk/jre/lib/amd64:/usr/lib/jvm/java-1.8-openjdk/jre/../lib/amd64:/workdir/hadoop-ozone/ozonefs/target/native/target/usr/local/lib:/workdir/hadoop-ozone/ozonefs/../../hadoop-common-project/hadoop-common/target/native/target/usr/local/lib:/usr/java/packages/lib/amd64:/usr/lib64:/lib64:/lib:/usr/lib"/>
    <property name="java.vm.info" value="mixed mode"/>
    <property name="java.vendor" value="IcedTea"/>
    <property name="java.vm.version" value="25.212-b04"/>
    <property name="java.ext.dirs" value="/usr/lib/jvm/java-1.8-openjdk/jre/lib/ext:/usr/java/packages/lib/ext"/>
    <property name="sun.io.unicode.encoding" value="UnicodeLittle"/>
    <property name="java.class.version" value="52.0"/>
  </properties>
  <testcase name="testDeleteNonEmptyDirNonRecursive" classname="org.apache.hadoop.fs.ozone.contract.ITestOzoneContractDelete" time="180.03">
    <error message="test timed out after 180000 milliseconds" type="java.lang.Exception">java.lang.Exception: test timed out after 180000 milliseconds
	at sun.misc.Unsafe.park(Native Method)
	at java.util.concurrent.locks.LockSupport.park(LockSupport.java:175)
	at java.util.concurrent.CompletableFuture$Signaller.block(CompletableFuture.java:1693)
	at java.util.concurrent.ForkJoinPool.managedBlock(ForkJoinPool.java:3323)
	at java.util.concurrent.CompletableFuture.waitingGet(CompletableFuture.java:1729)
	at java.util.concurrent.CompletableFuture.get(CompletableFuture.java:1895)
	at org.apache.hadoop.hdds.scm.storage.BlockOutputStream.waitOnFlushFutures(BlockOutputStream.java:515)
	at org.apache.hadoop.hdds.scm.storage.BlockOutputStream.handleFlush(BlockOutputStream.java:478)
	at org.apache.hadoop.hdds.scm.storage.BlockOutputStream.close(BlockOutputStream.java:493)
	at org.apache.hadoop.ozone.client.io.BlockOutputStreamEntry.close(BlockOutputStreamEntry.java:143)
	at org.apache.hadoop.ozone.client.io.KeyOutputStream.handleFlushOrClose(KeyOutputStream.java:435)
	at org.apache.hadoop.ozone.client.io.KeyOutputStream.close(KeyOutputStream.java:473)
	at org.apache.hadoop.fs.ozone.OzoneFSOutputStream.close(OzoneFSOutputStream.java:56)
	at org.apache.hadoop.fs.FSDataOutputStream$PositionCache.close(FSDataOutputStream.java:72)
	at org.apache.hadoop.fs.FSDataOutputStream.close(FSDataOutputStream.java:101)
	at org.apache.hadoop.fs.contract.ContractTestUtils.createFile(ContractTestUtils.java:638)
	at org.apache.hadoop.fs.contract.ContractTestUtils.writeTextFile(ContractTestUtils.java:617)
	at org.apache.hadoop.fs.contract.AbstractContractDeleteTest.testDeleteNonEmptyDirNonRecursive(AbstractContractDeleteTest.java:73)
	at sun.reflect.NativeMethodAccessorImpl.invoke0(Native Method)
	at sun.reflect.NativeMethodAccessorImpl.invoke(NativeMethodAccessorImpl.java:62)
	at sun.reflect.DelegatingMethodAccessorImpl.invoke(DelegatingMethodAccessorImpl.java:43)
	at java.lang.reflect.Method.invoke(Method.java:498)
	at org.junit.runners.model.FrameworkMethod$1.runReflectiveCall(FrameworkMethod.java:47)
	at org.junit.internal.runners.model.ReflectiveCallable.run(ReflectiveCallable.java:12)
	at org.junit.runners.model.FrameworkMethod.invokeExplosively(FrameworkMethod.java:44)
	at org.junit.internal.runners.statements.InvokeMethod.evaluate(InvokeMethod.java:17)
	at org.junit.internal.runners.statements.RunBefores.evaluate(RunBefores.java:26)
	at org.junit.internal.runners.statements.RunAfters.evaluate(RunAfters.java:27)
	at org.junit.rules.TestWatcher$1.evaluate(TestWatcher.java:55)
	at org.junit.internal.runners.statements.FailOnTimeout$StatementThread.run(FailOnTimeout.java:74)
</error>
    <system-out><![CDATA[2019-10-01 20:15:20,577 [JUnit] WARN  server.ServerUtils (ServerUtils.java:getScmDbDir(145)) - ozone.scm.db.dirs is not configured. We recommend adding this setting. Falling back to ozone.metadata.dirs instead.
2019-10-01 20:15:20,678 [JUnit] WARN  server.ServerUtils (ServerUtils.java:getScmDbDir(145)) - ozone.scm.db.dirs is not configured. We recommend adding this setting. Falling back to ozone.metadata.dirs instead.
2019-10-01 20:15:20,681 [JUnit] WARN  server.ServerUtils (ServerUtils.java:getScmDbDir(145)) - ozone.scm.db.dirs is not configured. We recommend adding this setting. Falling back to ozone.metadata.dirs instead.
2019-10-01 20:15:20,697 [JUnit] INFO  util.log (Log.java:initialized(192)) - Logging initialized @788ms
2019-10-01 20:15:20,788 [JUnit] INFO  db.DBStoreBuilder (DBStoreBuilder.java:addTable(110)) - using custom profile for table: deletedBlocks
2019-10-01 20:15:20,788 [JUnit] INFO  db.DBStoreBuilder (DBStoreBuilder.java:processTables(161)) - Using default column profile:DBProfile.DISK for Table:deletedBlocks
2019-10-01 20:15:20,789 [JUnit] INFO  db.DBStoreBuilder (DBStoreBuilder.java:addTable(110)) - using custom profile for table: validCerts
2019-10-01 20:15:20,789 [JUnit] INFO  db.DBStoreBuilder (DBStoreBuilder.java:processTables(161)) - Using default column profile:DBProfile.DISK for Table:validCerts
2019-10-01 20:15:20,789 [JUnit] INFO  db.DBStoreBuilder (DBStoreBuilder.java:addTable(110)) - using custom profile for table: revokedCerts
2019-10-01 20:15:20,789 [JUnit] INFO  db.DBStoreBuilder (DBStoreBuilder.java:processTables(161)) - Using default column profile:DBProfile.DISK for Table:revokedCerts
2019-10-01 20:15:20,800 [JUnit] INFO  db.DBStoreBuilder (DBStoreBuilder.java:addTable(110)) - using custom profile for table: default
2019-10-01 20:15:20,801 [JUnit] INFO  db.DBStoreBuilder (DBStoreBuilder.java:processTables(167)) - Using default column profile:DBProfile.DISK for Table:default
2019-10-01 20:15:20,802 [JUnit] INFO  db.DBStoreBuilder (DBStoreBuilder.java:getDbProfile(198)) - Using default options. DBProfile.DISK
2019-10-01 20:15:21,093 [JUnit] INFO  net.NodeSchemaLoader (NodeSchemaLoader.java:loadSchemaFromFile(125)) - Loading file from sun.misc.CompoundEnumeration@45752059
2019-10-01 20:15:21,095 [JUnit] INFO  net.NodeSchemaLoader (NodeSchemaLoader.java:loadSchema(171)) - Loading network topology layer schema file
2019-10-01 20:15:21,200 [JUnit] WARN  server.ServerUtils (ServerUtils.java:sanitizeUserArgs(70)) - ozone.scm.stale.node.interval value = 300000 is larger than max = 100000 based on the key value of ozone.scm.heartbeat.thread.interval, reset to the max value 100000.
2019-10-01 20:15:21,203 [JUnit] WARN  server.ServerUtils (ServerUtils.java:sanitizeUserArgs(70)) - ozone.scm.stale.node.interval value = 300000 is larger than max = 100000 based on the key value of ozone.scm.heartbeat.thread.interval, reset to the max value 100000.
2019-10-01 20:15:21,206 [JUnit] INFO  node.SCMNodeManager (SCMNodeManager.java:<init>(114)) - Entering startup safe mode.
2019-10-01 20:15:21,362 [JUnit] INFO  algorithms.ContainerPlacementPolicyFactory (ContainerPlacementPolicyFactory.java:getPolicy(57)) - Create container placement policy of type org.apache.hadoop.hdds.scm.container.placement.algorithms.SCMContainerPlacementRandom
2019-10-01 20:15:21,379 [JUnit] WARN  server.ServerUtils (ServerUtils.java:getScmDbDir(145)) - ozone.scm.db.dirs is not configured. We recommend adding this setting. Falling back to ozone.metadata.dirs instead.
2019-10-01 20:15:21,439 [JUnit] INFO  pipeline.SCMPipelineManager (SCMPipelineManager.java:initializePipelineState(132)) - No pipeline exists in current db
2019-10-01 20:15:21,441 [JUnit] WARN  server.ServerUtils (ServerUtils.java:getScmDbDir(145)) - ozone.scm.db.dirs is not configured. We recommend adding this setting. Falling back to ozone.metadata.dirs instead.
2019-10-01 20:15:21,576 [JUnit] WARN  events.EventQueue (EventQueue.java:fireEvent(183)) - No event handler registered for event TypedEvent{payloadType=SafeModeStatus, name='SafeModeStatus'}
2019-10-01 20:15:22,018 [JUnit] INFO  ipc.CallQueueManager (CallQueueManager.java:<init>(84)) - Using callQueue: class java.util.concurrent.LinkedBlockingQueue, queueCapacity: 2000, scheduler: class org.apache.hadoop.ipc.DefaultRpcScheduler, ipcBackoff: false.
2019-10-01 20:15:22,159 [Socket Reader #1 for port 38874] INFO  ipc.Server (Server.java:run(1074)) - Starting Socket Reader #1 for port 38874
2019-10-01 20:15:22,194 [JUnit] INFO  ipc.CallQueueManager (CallQueueManager.java:<init>(84)) - Using callQueue: class java.util.concurrent.LinkedBlockingQueue, queueCapacity: 2000, scheduler: class org.apache.hadoop.ipc.DefaultRpcScheduler, ipcBackoff: false.
2019-10-01 20:15:22,195 [Socket Reader #1 for port 44769] INFO  ipc.Server (Server.java:run(1074)) - Starting Socket Reader #1 for port 44769
2019-10-01 20:15:22,206 [JUnit] INFO  ipc.CallQueueManager (CallQueueManager.java:<init>(84)) - Using callQueue: class java.util.concurrent.LinkedBlockingQueue, queueCapacity: 2000, scheduler: class org.apache.hadoop.ipc.DefaultRpcScheduler, ipcBackoff: false.
2019-10-01 20:15:22,206 [Socket Reader #1 for port 35599] INFO  ipc.Server (Server.java:run(1074)) - Starting Socket Reader #1 for port 35599
2019-10-01 20:15:22,229 [JUnit] INFO  hdfs.DFSUtil (DFSUtil.java:httpServerTemplateForNNAndJN(1641)) - Starting Web-server for scm at: http://0.0.0.0:0
2019-10-01 20:15:22,368 [JUnit] INFO  server.AuthenticationFilter (AuthenticationFilter.java:constructSecretProvider(240)) - Unable to initialize FileSignerSecretProvider, falling back to use random secrets.
2019-10-01 20:15:22,383 [JUnit] WARN  http.HttpRequestLog (HttpRequestLog.java:getRequestLog(97)) - Jetty request log can only be enabled using Log4j
2019-10-01 20:15:22,394 [JUnit] INFO  http.HttpServer2 (HttpServer2.java:addGlobalFilter(975)) - Added global filter 'safety' (class=org.apache.hadoop.http.HttpServer2$QuotingInputFilter)
2019-10-01 20:15:22,396 [JUnit] INFO  http.HttpServer2 (HttpServer2.java:addFilter(948)) - Added filter static_user_filter (class=org.apache.hadoop.http.lib.StaticUserWebFilter$StaticUserFilter) to context scm
2019-10-01 20:15:22,397 [JUnit] INFO  http.HttpServer2 (HttpServer2.java:addFilter(958)) - Added filter static_user_filter (class=org.apache.hadoop.http.lib.StaticUserWebFilter$StaticUserFilter) to context logs
2019-10-01 20:15:22,397 [JUnit] INFO  http.HttpServer2 (HttpServer2.java:addFilter(958)) - Added filter static_user_filter (class=org.apache.hadoop.http.lib.StaticUserWebFilter$StaticUserFilter) to context static
2019-10-01 20:15:22,423 [JUnit] INFO  server.StorageContainerManager (StorageContainerManager.java:start(770)) - StorageContainerLocationProtocol RPC server is listening at /0.0.0.0:35599
2019-10-01 20:15:22,471 [JUnit] WARN  impl.MetricsConfig (MetricsConfig.java:loadFirst(134)) - Cannot locate configuration: tried hadoop-metrics2-storagecontainermanager.properties,hadoop-metrics2.properties
2019-10-01 20:15:22,483 [JUnit] INFO  impl.MetricsSystemImpl (MetricsSystemImpl.java:startTimer(374)) - Scheduled Metric snapshot period at 10 second(s).
2019-10-01 20:15:22,483 [JUnit] INFO  impl.MetricsSystemImpl (MetricsSystemImpl.java:start(191)) - StorageContainerManager metrics system started
2019-10-01 20:15:22,722 [JUnit] INFO  server.SCMClientProtocolServer (SCMClientProtocolServer.java:start(150)) - RPC server for Client  is listening at /0.0.0.0:35599
2019-10-01 20:15:22,723 [IPC Server listener on 35599] INFO  ipc.Server (Server.java:run(1153)) - IPC Server listener on 35599: starting
2019-10-01 20:15:22,723 [IPC Server Responder] INFO  ipc.Server (Server.java:run(1314)) - IPC Server Responder: starting
2019-10-01 20:15:22,725 [JUnit] INFO  server.StorageContainerManager (StorageContainerManager.java:start(780)) - ScmBlockLocationProtocol RPC server is listening at /0.0.0.0:44769
2019-10-01 20:15:22,727 [JUnit] INFO  server.SCMBlockProtocolServer (SCMBlockProtocolServer.java:start(146)) - RPC server for Block Protocol is listening at /0.0.0.0:44769
2019-10-01 20:15:22,728 [IPC Server Responder] INFO  ipc.Server (Server.java:run(1314)) - IPC Server Responder: starting
2019-10-01 20:15:22,728 [IPC Server listener on 44769] INFO  ipc.Server (Server.java:run(1153)) - IPC Server listener on 44769: starting
2019-10-01 20:15:22,730 [JUnit] INFO  server.StorageContainerManager (StorageContainerManager.java:start(784)) - ScmDatanodeProtocl RPC server is listening at /0.0.0.0:38874
2019-10-01 20:15:22,730 [JUnit] INFO  server.SCMDatanodeProtocolServer (SCMDatanodeProtocolServer.java:start(191)) - RPC server for DataNodes is listening at /0.0.0.0:38874
2019-10-01 20:15:22,731 [IPC Server Responder] INFO  ipc.Server (Server.java:run(1314)) - IPC Server Responder: starting
2019-10-01 20:15:22,731 [IPC Server listener on 38874] INFO  ipc.Server (Server.java:run(1153)) - IPC Server listener on 38874: starting
2019-10-01 20:15:22,734 [JUnit] INFO  http.HttpServer2 (HttpServer2.java:bindListener(1191)) - Jetty bound to port 37138
2019-10-01 20:15:22,736 [JUnit] INFO  server.Server (Server.java:doStart(351)) - jetty-9.3.25.v20180904, build timestamp: 2018-09-04T21:11:46Z, git hash: 3ce520221d0240229c862b122d2b06c12a625732
2019-10-01 20:15:22,771 [JUnit] INFO  handler.ContextHandler (ContextHandler.java:doStart(781)) - Started o.e.j.s.ServletContextHandler@54d18072{/logs,file:///workdir/hadoop-ozone/ozonefs/target/log,AVAILABLE}
2019-10-01 20:15:22,771 [JUnit] INFO  handler.ContextHandler (ContextHandler.java:doStart(781)) - Started o.e.j.s.ServletContextHandler@1a45193b{/static,jar:file:/home/user/.m2/repository/org/apache/hadoop/hadoop-hdds-server-scm/0.5.0-SNAPSHOT/hadoop-hdds-server-scm-0.5.0-SNAPSHOT.jar!/webapps/static,AVAILABLE}
2019-10-01 20:15:24,099 [JUnit] INFO  handler.ContextHandler (ContextHandler.java:doStart(781)) - Started o.e.j.w.WebAppContext@ecf9049{/,file:///tmp/jetty-0.0.0.0-37138-scm-_-any-7870922009219450128.dir/webapp/,AVAILABLE}{/scm}
2019-10-01 20:15:24,106 [JUnit] INFO  server.AbstractConnector (AbstractConnector.java:doStart(278)) - Started ServerConnector@aec50a1{HTTP/1.1,[http/1.1]}{0.0.0.0:37138}
2019-10-01 20:15:24,107 [JUnit] INFO  server.Server (Server.java:doStart(419)) - Started @4198ms
2019-10-01 20:15:24,110 [JUnit] INFO  impl.MetricsSinkAdapter (MetricsSinkAdapter.java:start(204)) - Sink prometheus started
2019-10-01 20:15:24,110 [JUnit] INFO  impl.MetricsSystemImpl (MetricsSystemImpl.java:registerSink(301)) - Registered sink prometheus
2019-10-01 20:15:24,112 [JUnit] INFO  server.BaseHttpServer (BaseHttpServer.java:updateConnectorAddress(215)) - HTTP server of SCM is listening at http://0.0.0.0:37138
2019-10-01 20:15:24,120 [org.apache.hadoop.util.JvmPauseMonitor$Monitor@43c67247] INFO  util.JvmPauseMonitor (JvmPauseMonitor.java:run(188)) - Starting JVM pause monitor
2019-10-01 20:15:24,124 [JUnit] WARN  server.ServerUtils (ServerUtils.java:getDBPath(222)) - ozone.om.db.dirs is not configured. We recommend adding this setting. Falling back to ozone.metadata.dirs instead.
2019-10-01 20:15:24,218 [JUnit] WARN  server.ServerUtils (ServerUtils.java:getDBPath(222)) - ozone.om.db.dirs is not configured. We recommend adding this setting. Falling back to ozone.metadata.dirs instead.
2019-10-01 20:15:24,219 [JUnit] WARN  server.ServerUtils (ServerUtils.java:getDBPath(222)) - ozone.om.db.dirs is not configured. We recommend adding this setting. Falling back to ozone.metadata.dirs instead.
2019-10-01 20:15:24,220 [JUnit] INFO  om.OzoneManager (OzoneManager.java:setOMNodeDetails(652)) - OM Service ID is not set. Setting it to the default ID: omServiceIdDefault
2019-10-01 20:15:24,220 [JUnit] INFO  om.OzoneManager (OzoneManager.java:setOMNodeDetails(658)) - OM Node ID is not set. Setting it to the OmStorage's OmID: b9df77de-b521-4bb7-a40d-363fe0b3ace2
2019-10-01 20:15:24,222 [JUnit] INFO  om.OzoneManager (OzoneManager.java:loadOMHAConfigs(609)) - Found matching OM address with OMServiceId: null, OMNodeId: null, RPC Address: localhost:0 and Ratis port: 9872
2019-10-01 20:15:25,031 [JUnit] WARN  server.ServerUtils (ServerUtils.java:getDBPath(222)) - ozone.om.db.dirs is not configured. We recommend adding this setting. Falling back to ozone.metadata.dirs instead.
2019-10-01 20:15:25,043 [JUnit] INFO  db.DBStoreBuilder (DBStoreBuilder.java:addTable(110)) - using custom profile for table: userTable
2019-10-01 20:15:25,044 [JUnit] INFO  db.DBStoreBuilder (DBStoreBuilder.java:processTables(161)) - Using default column profile:DBProfile.DISK for Table:userTable
2019-10-01 20:15:25,044 [JUnit] INFO  db.DBStoreBuilder (DBStoreBuilder.java:addTable(110)) - using custom profile for table: volumeTable
2019-10-01 20:15:25,044 [JUnit] INFO  db.DBStoreBuilder (DBStoreBuilder.java:processTables(161)) - Using default column profile:DBProfile.DISK for Table:volumeTable
2019-10-01 20:15:25,044 [JUnit] INFO  db.DBStoreBuilder (DBStoreBuilder.java:addTable(110)) - using custom profile for table: bucketTable
2019-10-01 20:15:25,045 [JUnit] INFO  db.DBStoreBuilder (DBStoreBuilder.java:processTables(161)) - Using default column profile:DBProfile.DISK for Table:bucketTable
2019-10-01 20:15:25,045 [JUnit] INFO  db.DBStoreBuilder (DBStoreBuilder.java:addTable(110)) - using custom profile for table: keyTable
2019-10-01 20:15:25,045 [JUnit] INFO  db.DBStoreBuilder (DBStoreBuilder.java:processTables(161)) - Using default column profile:DBProfile.DISK for Table:keyTable
2019-10-01 20:15:25,045 [JUnit] INFO  db.DBStoreBuilder (DBStoreBuilder.java:addTable(110)) - using custom profile for table: deletedTable
2019-10-01 20:15:25,045 [JUnit] INFO  db.DBStoreBuilder (DBStoreBuilder.java:processTables(161)) - Using default column profile:DBProfile.DISK for Table:deletedTable
2019-10-01 20:15:25,046 [JUnit] INFO  db.DBStoreBuilder (DBStoreBuilder.java:addTable(110)) - using custom profile for table: openKeyTable
2019-10-01 20:15:25,046 [JUnit] INFO  db.DBStoreBuilder (DBStoreBuilder.java:processTables(161)) - Using default column profile:DBProfile.DISK for Table:openKeyTable
2019-10-01 20:15:25,046 [JUnit] INFO  db.DBStoreBuilder (DBStoreBuilder.java:addTable(110)) - using custom profile for table: s3Table
2019-10-01 20:15:25,046 [JUnit] INFO  db.DBStoreBuilder (DBStoreBuilder.java:processTables(161)) - Using default column profile:DBProfile.DISK for Table:s3Table
2019-10-01 20:15:25,047 [JUnit] INFO  db.DBStoreBuilder (DBStoreBuilder.java:addTable(110)) - using custom profile for table: multipartInfoTable
2019-10-01 20:15:25,047 [JUnit] INFO  db.DBStoreBuilder (DBStoreBuilder.java:processTables(161)) - Using default column profile:DBProfile.DISK for Table:multipartInfoTable
2019-10-01 20:15:25,047 [JUnit] INFO  db.DBStoreBuilder (DBStoreBuilder.java:addTable(110)) - using custom profile for table: dTokenTable
2019-10-01 20:15:25,047 [JUnit] INFO  db.DBStoreBuilder (DBStoreBuilder.java:processTables(161)) - Using default column profile:DBProfile.DISK for Table:dTokenTable
2019-10-01 20:15:25,048 [JUnit] INFO  db.DBStoreBuilder (DBStoreBuilder.java:addTable(110)) - using custom profile for table: s3SecretTable
2019-10-01 20:15:25,048 [JUnit] INFO  db.DBStoreBuilder (DBStoreBuilder.java:processTables(161)) - Using default column profile:DBProfile.DISK for Table:s3SecretTable
2019-10-01 20:15:25,048 [JUnit] INFO  db.DBStoreBuilder (DBStoreBuilder.java:addTable(110)) - using custom profile for table: prefixTable
2019-10-01 20:15:25,048 [JUnit] INFO  db.DBStoreBuilder (DBStoreBuilder.java:processTables(161)) - Using default column profile:DBProfile.DISK for Table:prefixTable
2019-10-01 20:15:25,049 [JUnit] INFO  db.DBStoreBuilder (DBStoreBuilder.java:addTable(110)) - using custom profile for table: default
2019-10-01 20:15:25,049 [JUnit] INFO  db.DBStoreBuilder (DBStoreBuilder.java:processTables(167)) - Using default column profile:DBProfile.DISK for Table:default
2019-10-01 20:15:25,049 [JUnit] INFO  db.DBStoreBuilder (DBStoreBuilder.java:getDbProfile(198)) - Using default options. DBProfile.DISK
2019-10-01 20:15:25,649 [JUnit] INFO  ipc.CallQueueManager (CallQueueManager.java:<init>(84)) - Using callQueue: class java.util.concurrent.LinkedBlockingQueue, queueCapacity: 2000, scheduler: class org.apache.hadoop.ipc.DefaultRpcScheduler, ipcBackoff: false.
2019-10-01 20:15:25,651 [Socket Reader #1 for port 32937] INFO  ipc.Server (Server.java:run(1074)) - Starting Socket Reader #1 for port 32937
2019-10-01 20:15:25,685 [JUnit] INFO  om.OzoneManager (OzoneManager.java:start(1243)) - OzoneManager RPC server is listening at localhost/127.0.0.1:32937
2019-10-01 20:15:25,685 [JUnit] INFO  impl.MetricsSystemImpl (MetricsSystemImpl.java:init(158)) - OzoneManager metrics system started (again)
2019-10-01 20:15:25,687 [IPC Server Responder] INFO  ipc.Server (Server.java:run(1314)) - IPC Server Responder: starting
2019-10-01 20:15:25,687 [IPC Server listener on 32937] INFO  ipc.Server (Server.java:run(1153)) - IPC Server listener on 32937: starting
2019-10-01 20:15:25,694 [JUnit] INFO  hdfs.DFSUtil (DFSUtil.java:httpServerTemplateForNNAndJN(1641)) - Starting Web-server for ozoneManager at: http://0.0.0.0:0
2019-10-01 20:15:25,698 [JUnit] INFO  server.AuthenticationFilter (AuthenticationFilter.java:constructSecretProvider(240)) - Unable to initialize FileSignerSecretProvider, falling back to use random secrets.
2019-10-01 20:15:25,699 [JUnit] WARN  http.HttpRequestLog (HttpRequestLog.java:getRequestLog(97)) - Jetty request log can only be enabled using Log4j
2019-10-01 20:15:25,703 [JUnit] INFO  http.HttpServer2 (HttpServer2.java:addGlobalFilter(975)) - Added global filter 'safety' (class=org.apache.hadoop.http.HttpServer2$QuotingInputFilter)
2019-10-01 20:15:25,705 [JUnit] INFO  http.HttpServer2 (HttpServer2.java:addFilter(948)) - Added filter static_user_filter (class=org.apache.hadoop.http.lib.StaticUserWebFilter$StaticUserFilter) to context ozoneManager
2019-10-01 20:15:25,705 [JUnit] INFO  http.HttpServer2 (HttpServer2.java:addFilter(958)) - Added filter static_user_filter (class=org.apache.hadoop.http.lib.StaticUserWebFilter$StaticUserFilter) to context logs
2019-10-01 20:15:25,705 [JUnit] INFO  http.HttpServer2 (HttpServer2.java:addFilter(958)) - Added filter static_user_filter (class=org.apache.hadoop.http.lib.StaticUserWebFilter$StaticUserFilter) to context static
2019-10-01 20:15:25,709 [JUnit] INFO  http.HttpServer2 (HttpServer2.java:bindListener(1191)) - Jetty bound to port 46474
2019-10-01 20:15:25,710 [JUnit] INFO  server.Server (Server.java:doStart(351)) - jetty-9.3.25.v20180904, build timestamp: 2018-09-04T21:11:46Z, git hash: 3ce520221d0240229c862b122d2b06c12a625732
2019-10-01 20:15:25,713 [JUnit] INFO  handler.ContextHandler (ContextHandler.java:doStart(781)) - Started o.e.j.s.ServletContextHandler@3c017078{/logs,file:///workdir/hadoop-ozone/ozonefs/target/log,AVAILABLE}
2019-10-01 20:15:25,713 [JUnit] INFO  handler.ContextHandler (ContextHandler.java:doStart(781)) - Started o.e.j.s.ServletContextHandler@3be4f71{/static,jar:file:/home/user/.m2/repository/org/apache/hadoop/hadoop-ozone-ozone-manager/0.5.0-SNAPSHOT/hadoop-ozone-ozone-manager-0.5.0-SNAPSHOT.jar!/webapps/static,AVAILABLE}
2019-10-01 20:15:25,902 [JUnit] INFO  handler.ContextHandler (ContextHandler.java:doStart(781)) - Started o.e.j.w.WebAppContext@73ab3aac{/,file:///tmp/jetty-0.0.0.0-46474-ozoneManager-_-any-3004797229769516603.dir/webapp/,AVAILABLE}{/ozoneManager}
2019-10-01 20:15:25,903 [JUnit] INFO  server.AbstractConnector (AbstractConnector.java:doStart(278)) - Started ServerConnector@54f66455{HTTP/1.1,[http/1.1]}{0.0.0.0:46474}
2019-10-01 20:15:25,903 [JUnit] INFO  server.Server (Server.java:doStart(419)) - Started @5994ms
2019-10-01 20:15:25,904 [JUnit] WARN  impl.MetricsSystemImpl (MetricsSystemImpl.java:register(276)) - Sink prometheus already exists!
2019-10-01 20:15:25,905 [JUnit] INFO  server.BaseHttpServer (BaseHttpServer.java:updateConnectorAddress(215)) - HTTP server of OZONEMANAGER is listening at http://0.0.0.0:46474
2019-10-01 20:15:26,077 [JUnit] INFO  impl.MetricsSystemImpl (MetricsSystemImpl.java:init(158)) - HddsDatanode metrics system started (again)
2019-10-01 20:15:26,132 [JUnit] INFO  ozone.HddsDatanodeService (HddsDatanodeService.java:start(184)) - HddsDatanodeService host:pr-trunk-878pl-325597374 ip:192.168.151.103
2019-10-01 20:15:26,167 [JUnit] INFO  volume.HddsVolume (HddsVolume.java:<init>(176)) - Creating Volume: /workdir/hadoop-ozone/ozonefs/target/test-dir/MiniOzoneClusterImpl-cc9961a9-1b1a-49c1-80c6-6d48514b4463/datanode-0/data/containers/hdds of  storage type : DISK and capacity : 1482555576320
2019-10-01 20:15:26,169 [JUnit] INFO  volume.VolumeSet (VolumeSet.java:initializeVolumeSet(170)) - Added Volume : /workdir/hadoop-ozone/ozonefs/target/test-dir/MiniOzoneClusterImpl-cc9961a9-1b1a-49c1-80c6-6d48514b4463/datanode-0/data/containers/hdds to VolumeSet
2019-10-01 20:15:26,171 [JUnit] INFO  volume.ThrottledAsyncChecker (ThrottledAsyncChecker.java:schedule(139)) - Scheduling a check for org.apache.hadoop.ozone.container.common.volume.HddsVolume@5b498842
2019-10-01 20:15:26,187 [JUnit] INFO  volume.HddsVolumeChecker (HddsVolumeChecker.java:checkAllVolumes(202)) - Scheduled health check for volume org.apache.hadoop.ozone.container.common.volume.HddsVolume@5b498842
2019-10-01 20:15:26,308 [JUnit] INFO  impl.RaftServerProxy (ConfUtils.java:logGet(43)) - raft.rpc.type = GRPC (default)
2019-10-01 20:15:26,380 [JUnit] INFO  grpc.GrpcFactory (GrpcFactory.java:checkPooledByteBufAllocatorUseCacheForAllThreads(45)) - PERFORMANCE WARNING: useCacheForAllThreads is true that may cause Netty to create a lot garbage objects and, as a result, trigger GC.
	It is recommended to disable useCacheForAllThreads by setting -Dorg.apache.ratis.thirdparty.io.netty.allocator.useCacheForAllThreads=false in command line.
2019-10-01 20:15:26,385 [JUnit] INFO  grpc.GrpcConfigKeys$Server (ConfUtils.java:logGet(43)) - raft.grpc.server.port = 0 (default)
2019-10-01 20:15:26,386 [JUnit] INFO  server.GrpcService (ConfUtils.java:logGet(43)) - raft.grpc.message.size.max = 33570816 (custom)
2019-10-01 20:15:26,387 [JUnit] INFO  server.RaftServerConfigKeys (ConfUtils.java:logGet(43)) - raft.server.log.appender.buffer.byte-limit = 33554432 (custom)
2019-10-01 20:15:26,388 [JUnit] INFO  server.GrpcService (ConfUtils.java:logGet(43)) - raft.grpc.flow.control.window = 1MB (=1048576) (default)
2019-10-01 20:15:26,389 [JUnit] INFO  server.RaftServerConfigKeys (ConfUtils.java:logGet(43)) - raft.server.rpc.request.timeout = 3000ms (default)
2019-10-01 20:15:26,570 [JUnit] INFO  server.RaftServerConfigKeys (ConfUtils.java:logGet(43)) - raft.server.storage.dir = [/workdir/hadoop-ozone/ozonefs/target/test-dir/MiniOzoneClusterImpl-cc9961a9-1b1a-49c1-80c6-6d48514b4463/datanode-0/data/ratis] (custom)
2019-10-01 20:15:26,630 [JUnit] INFO  hdfs.DFSUtil (DFSUtil.java:httpServerTemplateForNNAndJN(1641)) - Starting Web-server for hddsDatanode at: http://0.0.0.0:0
2019-10-01 20:15:26,633 [JUnit] INFO  server.AuthenticationFilter (AuthenticationFilter.java:constructSecretProvider(240)) - Unable to initialize FileSignerSecretProvider, falling back to use random secrets.
2019-10-01 20:15:26,634 [JUnit] WARN  http.HttpRequestLog (HttpRequestLog.java:getRequestLog(97)) - Jetty request log can only be enabled using Log4j
2019-10-01 20:15:26,637 [JUnit] INFO  http.HttpServer2 (HttpServer2.java:addGlobalFilter(975)) - Added global filter 'safety' (class=org.apache.hadoop.http.HttpServer2$QuotingInputFilter)
2019-10-01 20:15:26,638 [JUnit] INFO  http.HttpServer2 (HttpServer2.java:addFilter(948)) - Added filter static_user_filter (class=org.apache.hadoop.http.lib.StaticUserWebFilter$StaticUserFilter) to context hddsDatanode
2019-10-01 20:15:26,639 [JUnit] INFO  http.HttpServer2 (HttpServer2.java:addFilter(958)) - Added filter static_user_filter (class=org.apache.hadoop.http.lib.StaticUserWebFilter$StaticUserFilter) to context logs
2019-10-01 20:15:26,639 [JUnit] INFO  http.HttpServer2 (HttpServer2.java:addFilter(958)) - Added filter static_user_filter (class=org.apache.hadoop.http.lib.StaticUserWebFilter$StaticUserFilter) to context static
2019-10-01 20:15:26,640 [JUnit] INFO  http.HttpServer2 (HttpServer2.java:bindListener(1191)) - Jetty bound to port 33272
2019-10-01 20:15:26,641 [JUnit] INFO  server.Server (Server.java:doStart(351)) - jetty-9.3.25.v20180904, build timestamp: 2018-09-04T21:11:46Z, git hash: 3ce520221d0240229c862b122d2b06c12a625732
2019-10-01 20:15:26,643 [JUnit] INFO  handler.ContextHandler (ContextHandler.java:doStart(781)) - Started o.e.j.s.ServletContextHandler@1f6917fb{/logs,file:///workdir/hadoop-ozone/ozonefs/target/log,AVAILABLE}
2019-10-01 20:15:26,644 [JUnit] INFO  handler.ContextHandler (ContextHandler.java:doStart(781)) - Started o.e.j.s.ServletContextHandler@378cfecf{/static,jar:file:/home/user/.m2/repository/org/apache/hadoop/hadoop-hdds-container-service/0.5.0-SNAPSHOT/hadoop-hdds-container-service-0.5.0-SNAPSHOT.jar!/webapps/static,AVAILABLE}
2019-10-01 20:15:27,750 [JUnit] INFO  handler.ContextHandler (ContextHandler.java:doStart(781)) - Started o.e.j.w.WebAppContext@38eb0f4d{/,file:///tmp/jetty-0.0.0.0-33272-hddsDatanode-_-any-4447242727323826428.dir/webapp/,AVAILABLE}{/hddsDatanode}
2019-10-01 20:15:27,751 [JUnit] INFO  server.AbstractConnector (AbstractConnector.java:doStart(278)) - Started ServerConnector@437486cd{HTTP/1.1,[http/1.1]}{0.0.0.0:33272}
2019-10-01 20:15:27,752 [JUnit] INFO  server.Server (Server.java:doStart(419)) - Started @7843ms
2019-10-01 20:15:27,752 [JUnit] WARN  impl.MetricsSystemImpl (MetricsSystemImpl.java:register(276)) - Sink prometheus already exists!
2019-10-01 20:15:27,753 [JUnit] INFO  server.BaseHttpServer (BaseHttpServer.java:updateConnectorAddress(215)) - HTTP server of HDDSDATANODE is listening at http://0.0.0.0:33272
2019-10-01 20:15:27,754 [JUnit] INFO  impl.MetricsSystemImpl (MetricsSystemImpl.java:init(158)) - HddsDatanode metrics system started (again)
2019-10-01 20:15:27,758 [JUnit] INFO  ozone.HddsDatanodeService (HddsDatanodeService.java:start(184)) - HddsDatanodeService host:pr-trunk-878pl-325597374 ip:192.168.151.103
2019-10-01 20:15:27,759 [org.apache.hadoop.util.JvmPauseMonitor$Monitor@503d3b5b] INFO  util.JvmPauseMonitor (JvmPauseMonitor.java:run(188)) - Starting JVM pause monitor
2019-10-01 20:15:27,766 [JUnit] INFO  volume.HddsVolume (HddsVolume.java:<init>(176)) - Creating Volume: /workdir/hadoop-ozone/ozonefs/target/test-dir/MiniOzoneClusterImpl-cc9961a9-1b1a-49c1-80c6-6d48514b4463/datanode-1/data/containers/hdds of  storage type : DISK and capacity : 1482555576320
2019-10-01 20:15:27,766 [JUnit] INFO  volume.VolumeSet (VolumeSet.java:initializeVolumeSet(170)) - Added Volume : /workdir/hadoop-ozone/ozonefs/target/test-dir/MiniOzoneClusterImpl-cc9961a9-1b1a-49c1-80c6-6d48514b4463/datanode-1/data/containers/hdds to VolumeSet
2019-10-01 20:15:27,766 [JUnit] INFO  volume.ThrottledAsyncChecker (ThrottledAsyncChecker.java:schedule(139)) - Scheduling a check for org.apache.hadoop.ozone.container.common.volume.HddsVolume@242b6e1a
2019-10-01 20:15:27,767 [JUnit] INFO  volume.HddsVolumeChecker (HddsVolumeChecker.java:checkAllVolumes(202)) - Scheduled health check for volume org.apache.hadoop.ozone.container.common.volume.HddsVolume@242b6e1a
2019-10-01 20:15:27,789 [JUnit] INFO  impl.RaftServerProxy (ConfUtils.java:logGet(43)) - raft.rpc.type = GRPC (default)
2019-10-01 20:15:27,789 [JUnit] INFO  grpc.GrpcFactory (GrpcFactory.java:checkPooledByteBufAllocatorUseCacheForAllThreads(45)) - PERFORMANCE WARNING: useCacheForAllThreads is true that may cause Netty to create a lot garbage objects and, as a result, trigger GC.
	It is recommended to disable useCacheForAllThreads by setting -Dorg.apache.ratis.thirdparty.io.netty.allocator.useCacheForAllThreads=false in command line.
2019-10-01 20:15:27,789 [JUnit] INFO  grpc.GrpcConfigKeys$Server (ConfUtils.java:logGet(43)) - raft.grpc.server.port = 0 (default)
2019-10-01 20:15:27,789 [JUnit] INFO  server.GrpcService (ConfUtils.java:logGet(43)) - raft.grpc.message.size.max = 33570816 (custom)
2019-10-01 20:15:27,790 [JUnit] INFO  server.RaftServerConfigKeys (ConfUtils.java:logGet(43)) - raft.server.log.appender.buffer.byte-limit = 33554432 (custom)
2019-10-01 20:15:27,790 [JUnit] INFO  server.GrpcService (ConfUtils.java:logGet(43)) - raft.grpc.flow.control.window = 1MB (=1048576) (default)
2019-10-01 20:15:27,790 [JUnit] INFO  server.RaftServerConfigKeys (ConfUtils.java:logGet(43)) - raft.server.rpc.request.timeout = 3000ms (default)
2019-10-01 20:15:27,791 [JUnit] INFO  server.RaftServerConfigKeys (ConfUtils.java:logGet(43)) - raft.server.storage.dir = [/workdir/hadoop-ozone/ozonefs/target/test-dir/MiniOzoneClusterImpl-cc9961a9-1b1a-49c1-80c6-6d48514b4463/datanode-1/data/ratis] (custom)
2019-10-01 20:15:27,793 [JUnit] INFO  hdfs.DFSUtil (DFSUtil.java:httpServerTemplateForNNAndJN(1641)) - Starting Web-server for hddsDatanode at: http://0.0.0.0:0
2019-10-01 20:15:27,795 [JUnit] INFO  server.AuthenticationFilter (AuthenticationFilter.java:constructSecretProvider(240)) - Unable to initialize FileSignerSecretProvider, falling back to use random secrets.
2019-10-01 20:15:27,797 [JUnit] WARN  http.HttpRequestLog (HttpRequestLog.java:getRequestLog(97)) - Jetty request log can only be enabled using Log4j
2019-10-01 20:15:27,800 [JUnit] INFO  http.HttpServer2 (HttpServer2.java:addGlobalFilter(975)) - Added global filter 'safety' (class=org.apache.hadoop.http.HttpServer2$QuotingInputFilter)
2019-10-01 20:15:27,801 [JUnit] INFO  http.HttpServer2 (HttpServer2.java:addFilter(948)) - Added filter static_user_filter (class=org.apache.hadoop.http.lib.StaticUserWebFilter$StaticUserFilter) to context hddsDatanode
2019-10-01 20:15:27,801 [JUnit] INFO  http.HttpServer2 (HttpServer2.java:addFilter(958)) - Added filter static_user_filter (class=org.apache.hadoop.http.lib.StaticUserWebFilter$StaticUserFilter) to context logs
2019-10-01 20:15:27,801 [JUnit] INFO  http.HttpServer2 (HttpServer2.java:addFilter(958)) - Added filter static_user_filter (class=org.apache.hadoop.http.lib.StaticUserWebFilter$StaticUserFilter) to context static
2019-10-01 20:15:27,802 [JUnit] INFO  http.HttpServer2 (HttpServer2.java:bindListener(1191)) - Jetty bound to port 42744
2019-10-01 20:15:27,802 [JUnit] INFO  server.Server (Server.java:doStart(351)) - jetty-9.3.25.v20180904, build timestamp: 2018-09-04T21:11:46Z, git hash: 3ce520221d0240229c862b122d2b06c12a625732
2019-10-01 20:15:27,805 [JUnit] INFO  handler.ContextHandler (ContextHandler.java:doStart(781)) - Started o.e.j.s.ServletContextHandler@671d1157{/logs,file:///workdir/hadoop-ozone/ozonefs/target/log,AVAILABLE}
2019-10-01 20:15:27,805 [JUnit] INFO  handler.ContextHandler (ContextHandler.java:doStart(781)) - Started o.e.j.s.ServletContextHandler@44cffc25{/static,jar:file:/home/user/.m2/repository/org/apache/hadoop/hadoop-hdds-container-service/0.5.0-SNAPSHOT/hadoop-hdds-container-service-0.5.0-SNAPSHOT.jar!/webapps/static,AVAILABLE}
2019-10-01 20:15:27,848 [JUnit] INFO  handler.ContextHandler (ContextHandler.java:doStart(781)) - Started o.e.j.w.WebAppContext@56637cff{/,file:///tmp/jetty-0.0.0.0-42744-hddsDatanode-_-any-5221816682950519799.dir/webapp/,AVAILABLE}{/hddsDatanode}
2019-10-01 20:15:27,850 [JUnit] INFO  server.AbstractConnector (AbstractConnector.java:doStart(278)) - Started ServerConnector@2938127d{HTTP/1.1,[http/1.1]}{0.0.0.0:42744}
2019-10-01 20:15:27,851 [JUnit] INFO  server.Server (Server.java:doStart(419)) - Started @7942ms
2019-10-01 20:15:27,851 [JUnit] WARN  impl.MetricsSystemImpl (MetricsSystemImpl.java:register(276)) - Sink prometheus already exists!
2019-10-01 20:15:27,852 [JUnit] INFO  server.BaseHttpServer (BaseHttpServer.java:updateConnectorAddress(215)) - HTTP server of HDDSDATANODE is listening at http://0.0.0.0:42744
2019-10-01 20:15:27,852 [JUnit] INFO  impl.MetricsSystemImpl (MetricsSystemImpl.java:init(158)) - HddsDatanode metrics system started (again)
2019-10-01 20:15:27,854 [org.apache.hadoop.util.JvmPauseMonitor$Monitor@c759dbb] INFO  util.JvmPauseMonitor (JvmPauseMonitor.java:run(188)) - Starting JVM pause monitor
2019-10-01 20:15:27,855 [JUnit] INFO  ozone.HddsDatanodeService (HddsDatanodeService.java:start(184)) - HddsDatanodeService host:pr-trunk-878pl-325597374 ip:192.168.151.103
2019-10-01 20:15:27,868 [JUnit] INFO  volume.HddsVolume (HddsVolume.java:<init>(176)) - Creating Volume: /workdir/hadoop-ozone/ozonefs/target/test-dir/MiniOzoneClusterImpl-cc9961a9-1b1a-49c1-80c6-6d48514b4463/datanode-2/data/containers/hdds of  storage type : DISK and capacity : 1482555576320
2019-10-01 20:15:27,869 [JUnit] INFO  volume.VolumeSet (VolumeSet.java:initializeVolumeSet(170)) - Added Volume : /workdir/hadoop-ozone/ozonefs/target/test-dir/MiniOzoneClusterImpl-cc9961a9-1b1a-49c1-80c6-6d48514b4463/datanode-2/data/containers/hdds to VolumeSet
2019-10-01 20:15:27,869 [JUnit] INFO  volume.ThrottledAsyncChecker (ThrottledAsyncChecker.java:schedule(139)) - Scheduling a check for org.apache.hadoop.ozone.container.common.volume.HddsVolume@4996c99
2019-10-01 20:15:27,870 [JUnit] INFO  volume.HddsVolumeChecker (HddsVolumeChecker.java:checkAllVolumes(202)) - Scheduled health check for volume org.apache.hadoop.ozone.container.common.volume.HddsVolume@4996c99
2019-10-01 20:15:27,895 [JUnit] INFO  impl.RaftServerProxy (ConfUtils.java:logGet(43)) - raft.rpc.type = GRPC (default)
2019-10-01 20:15:27,895 [JUnit] INFO  grpc.GrpcFactory (GrpcFactory.java:checkPooledByteBufAllocatorUseCacheForAllThreads(45)) - PERFORMANCE WARNING: useCacheForAllThreads is true that may cause Netty to create a lot garbage objects and, as a result, trigger GC.
	It is recommended to disable useCacheForAllThreads by setting -Dorg.apache.ratis.thirdparty.io.netty.allocator.useCacheForAllThreads=false in command line.
2019-10-01 20:15:27,895 [JUnit] INFO  grpc.GrpcConfigKeys$Server (ConfUtils.java:logGet(43)) - raft.grpc.server.port = 0 (default)
2019-10-01 20:15:27,895 [JUnit] INFO  server.GrpcService (ConfUtils.java:logGet(43)) - raft.grpc.message.size.max = 33570816 (custom)
2019-10-01 20:15:27,896 [JUnit] INFO  server.RaftServerConfigKeys (ConfUtils.java:logGet(43)) - raft.server.log.appender.buffer.byte-limit = 33554432 (custom)
2019-10-01 20:15:27,896 [JUnit] INFO  server.GrpcService (ConfUtils.java:logGet(43)) - raft.grpc.flow.control.window = 1MB (=1048576) (default)
2019-10-01 20:15:27,896 [JUnit] INFO  server.RaftServerConfigKeys (ConfUtils.java:logGet(43)) - raft.server.rpc.request.timeout = 3000ms (default)
2019-10-01 20:15:27,897 [JUnit] INFO  server.RaftServerConfigKeys (ConfUtils.java:logGet(43)) - raft.server.storage.dir = [/workdir/hadoop-ozone/ozonefs/target/test-dir/MiniOzoneClusterImpl-cc9961a9-1b1a-49c1-80c6-6d48514b4463/datanode-2/data/ratis] (custom)
2019-10-01 20:15:27,899 [JUnit] INFO  hdfs.DFSUtil (DFSUtil.java:httpServerTemplateForNNAndJN(1641)) - Starting Web-server for hddsDatanode at: http://0.0.0.0:0
2019-10-01 20:15:27,901 [JUnit] INFO  server.AuthenticationFilter (AuthenticationFilter.java:constructSecretProvider(240)) - Unable to initialize FileSignerSecretProvider, falling back to use random secrets.
2019-10-01 20:15:27,902 [JUnit] WARN  http.HttpRequestLog (HttpRequestLog.java:getRequestLog(97)) - Jetty request log can only be enabled using Log4j
2019-10-01 20:15:27,904 [JUnit] INFO  http.HttpServer2 (HttpServer2.java:addGlobalFilter(975)) - Added global filter 'safety' (class=org.apache.hadoop.http.HttpServer2$QuotingInputFilter)
2019-10-01 20:15:27,905 [JUnit] INFO  http.HttpServer2 (HttpServer2.java:addFilter(948)) - Added filter static_user_filter (class=org.apache.hadoop.http.lib.StaticUserWebFilter$StaticUserFilter) to context hddsDatanode
2019-10-01 20:15:27,905 [Datanode State Machine Thread - 0] INFO  datanode.InitDatanodeState (InitDatanodeState.java:persistContainerDatanodeDetails(140)) - DatanodeDetails is persisted to /workdir/hadoop-ozone/ozonefs/target/test-dir/MiniOzoneClusterImpl-cc9961a9-1b1a-49c1-80c6-6d48514b4463/datanode-0/meta/datanode.id
2019-10-01 20:15:27,905 [JUnit] INFO  http.HttpServer2 (HttpServer2.java:addFilter(958)) - Added filter static_user_filter (class=org.apache.hadoop.http.lib.StaticUserWebFilter$StaticUserFilter) to context logs
2019-10-01 20:15:27,905 [JUnit] INFO  http.HttpServer2 (HttpServer2.java:addFilter(958)) - Added filter static_user_filter (class=org.apache.hadoop.http.lib.StaticUserWebFilter$StaticUserFilter) to context static
2019-10-01 20:15:27,908 [JUnit] INFO  http.HttpServer2 (HttpServer2.java:bindListener(1191)) - Jetty bound to port 46245
2019-10-01 20:15:27,908 [JUnit] INFO  server.Server (Server.java:doStart(351)) - jetty-9.3.25.v20180904, build timestamp: 2018-09-04T21:11:46Z, git hash: 3ce520221d0240229c862b122d2b06c12a625732
2019-10-01 20:15:27,908 [Datanode State Machine Thread - 0] INFO  datanode.InitDatanodeState (InitDatanodeState.java:persistContainerDatanodeDetails(140)) - DatanodeDetails is persisted to /workdir/hadoop-ozone/ozonefs/target/test-dir/MiniOzoneClusterImpl-cc9961a9-1b1a-49c1-80c6-6d48514b4463/datanode-1/meta/datanode.id
2019-10-01 20:15:27,910 [JUnit] INFO  handler.ContextHandler (ContextHandler.java:doStart(781)) - Started o.e.j.s.ServletContextHandler@181d8899{/logs,file:///workdir/hadoop-ozone/ozonefs/target/log,AVAILABLE}
2019-10-01 20:15:27,910 [JUnit] INFO  handler.ContextHandler (ContextHandler.java:doStart(781)) - Started o.e.j.s.ServletContextHandler@b887730{/static,jar:file:/home/user/.m2/repository/org/apache/hadoop/hadoop-hdds-container-service/0.5.0-SNAPSHOT/hadoop-hdds-container-service-0.5.0-SNAPSHOT.jar!/webapps/static,AVAILABLE}
2019-10-01 20:15:30,085 [Datanode State Machine Thread - 0] INFO  ozoneimpl.OzoneContainer (OzoneContainer.java:start(217)) - Attempting to start container services.
2019-10-01 20:15:30,085 [Datanode State Machine Thread - 0] INFO  ozoneimpl.OzoneContainer (OzoneContainer.java:start(217)) - Attempting to start container services.
2019-10-01 20:15:30,088 [Datanode State Machine Thread - 0] INFO  ozoneimpl.OzoneContainer (OzoneContainer.java:startContainerScrub(179)) - Background container scanner has been disabled.
2019-10-01 20:15:30,088 [Datanode State Machine Thread - 0] INFO  ozoneimpl.OzoneContainer (OzoneContainer.java:startContainerScrub(179)) - Background container scanner has been disabled.
2019-10-01 20:15:30,088 [Datanode State Machine Thread - 0] INFO  ratis.XceiverServerRatis (XceiverServerRatis.java:start(411)) - Starting XceiverServerRatis dd72838a-f206-4369-be48-6b1e036e4dac at port 0
2019-10-01 20:15:30,088 [Datanode State Machine Thread - 0] INFO  ratis.XceiverServerRatis (XceiverServerRatis.java:start(411)) - Starting XceiverServerRatis b36f5945-67de-418c-9a42-d33deb6ae976 at port 0
2019-10-01 20:15:30,115 [Datanode State Machine Thread - 0] INFO  impl.RaftServerProxy (RaftServerProxy.java:lambda$start$3(299)) - b36f5945-67de-418c-9a42-d33deb6ae976: start RPC server
2019-10-01 20:15:30,115 [Datanode State Machine Thread - 0] INFO  impl.RaftServerProxy (RaftServerProxy.java:lambda$start$3(299)) - dd72838a-f206-4369-be48-6b1e036e4dac: start RPC server
2019-10-01 20:15:30,282 [Datanode State Machine Thread - 0] INFO  server.GrpcService (GrpcService.java:startImpl(158)) - b36f5945-67de-418c-9a42-d33deb6ae976: GrpcService started, listening on 0.0.0.0/0.0.0.0:40212
2019-10-01 20:15:30,282 [Datanode State Machine Thread - 0] INFO  server.GrpcService (GrpcService.java:startImpl(158)) - dd72838a-f206-4369-be48-6b1e036e4dac: GrpcService started, listening on 0.0.0.0/0.0.0.0:34429
2019-10-01 20:15:30,283 [Datanode State Machine Thread - 0] INFO  ratis.XceiverServerRatis (XceiverServerRatis.java:start(421)) - XceiverServerRatis b36f5945-67de-418c-9a42-d33deb6ae976 is started using port 40212
2019-10-01 20:15:30,283 [Datanode State Machine Thread - 0] INFO  ratis.XceiverServerRatis (XceiverServerRatis.java:start(421)) - XceiverServerRatis dd72838a-f206-4369-be48-6b1e036e4dac is started using port 34429
2019-10-01 20:15:30,288 [Datanode State Machine Thread - 0] INFO  server.XceiverServerGrpc (XceiverServerGrpc.java:start(149)) - XceiverServerGrpc dd72838a-f206-4369-be48-6b1e036e4dac is started using port 34122
2019-10-01 20:15:30,288 [Datanode State Machine Thread - 0] INFO  server.XceiverServerGrpc (XceiverServerGrpc.java:start(149)) - XceiverServerGrpc b36f5945-67de-418c-9a42-d33deb6ae976 is started using port 45999
2019-10-01 20:15:30,441 [JUnit] INFO  handler.ContextHandler (ContextHandler.java:doStart(781)) - Started o.e.j.w.WebAppContext@46a145ba{/,file:///tmp/jetty-0.0.0.0-46245-hddsDatanode-_-any-4956525971191172036.dir/webapp/,AVAILABLE}{/hddsDatanode}
2019-10-01 20:15:30,443 [JUnit] INFO  server.AbstractConnector (AbstractConnector.java:doStart(278)) - Started ServerConnector@7ab34619{HTTP/1.1,[http/1.1]}{0.0.0.0:46245}
2019-10-01 20:15:30,443 [JUnit] INFO  server.Server (Server.java:doStart(419)) - Started @10534ms
2019-10-01 20:15:30,444 [JUnit] WARN  impl.MetricsSystemImpl (MetricsSystemImpl.java:register(276)) - Sink prometheus already exists!
2019-10-01 20:15:30,445 [JUnit] INFO  server.BaseHttpServer (BaseHttpServer.java:updateConnectorAddress(215)) - HTTP server of HDDSDATANODE is listening at http://0.0.0.0:46245
2019-10-01 20:15:30,445 [JUnit] INFO  impl.MetricsSystemImpl (MetricsSystemImpl.java:init(158)) - HddsDatanode metrics system started (again)
2019-10-01 20:15:30,450 [org.apache.hadoop.util.JvmPauseMonitor$Monitor@43a1b81e] INFO  util.JvmPauseMonitor (JvmPauseMonitor.java:run(188)) - Starting JVM pause monitor
2019-10-01 20:15:30,451 [JUnit] INFO  ozone.HddsDatanodeService (HddsDatanodeService.java:start(184)) - HddsDatanodeService host:pr-trunk-878pl-325597374 ip:192.168.151.103
2019-10-01 20:15:30,453 [Datanode State Machine Thread - 0] INFO  datanode.InitDatanodeState (InitDatanodeState.java:persistContainerDatanodeDetails(140)) - DatanodeDetails is persisted to /workdir/hadoop-ozone/ozonefs/target/test-dir/MiniOzoneClusterImpl-cc9961a9-1b1a-49c1-80c6-6d48514b4463/datanode-2/meta/datanode.id
2019-10-01 20:15:30,463 [JUnit] INFO  volume.HddsVolume (HddsVolume.java:<init>(176)) - Creating Volume: /workdir/hadoop-ozone/ozonefs/target/test-dir/MiniOzoneClusterImpl-cc9961a9-1b1a-49c1-80c6-6d48514b4463/datanode-3/data/containers/hdds of  storage type : DISK and capacity : 1482555576320
2019-10-01 20:15:30,464 [JUnit] INFO  volume.VolumeSet (VolumeSet.java:initializeVolumeSet(170)) - Added Volume : /workdir/hadoop-ozone/ozonefs/target/test-dir/MiniOzoneClusterImpl-cc9961a9-1b1a-49c1-80c6-6d48514b4463/datanode-3/data/containers/hdds to VolumeSet
2019-10-01 20:15:30,464 [JUnit] INFO  volume.ThrottledAsyncChecker (ThrottledAsyncChecker.java:schedule(139)) - Scheduling a check for org.apache.hadoop.ozone.container.common.volume.HddsVolume@7c8c70d6
2019-10-01 20:15:30,465 [JUnit] INFO  volume.HddsVolumeChecker (HddsVolumeChecker.java:checkAllVolumes(202)) - Scheduled health check for volume org.apache.hadoop.ozone.container.common.volume.HddsVolume@7c8c70d6
2019-10-01 20:15:30,494 [JUnit] INFO  impl.RaftServerProxy (ConfUtils.java:logGet(43)) - raft.rpc.type = GRPC (default)
2019-10-01 20:15:30,494 [JUnit] INFO  grpc.GrpcFactory (GrpcFactory.java:checkPooledByteBufAllocatorUseCacheForAllThreads(45)) - PERFORMANCE WARNING: useCacheForAllThreads is true that may cause Netty to create a lot garbage objects and, as a result, trigger GC.
	It is recommended to disable useCacheForAllThreads by setting -Dorg.apache.ratis.thirdparty.io.netty.allocator.useCacheForAllThreads=false in command line.
2019-10-01 20:15:30,495 [JUnit] INFO  grpc.GrpcConfigKeys$Server (ConfUtils.java:logGet(43)) - raft.grpc.server.port = 0 (default)
2019-10-01 20:15:30,495 [JUnit] INFO  server.GrpcService (ConfUtils.java:logGet(43)) - raft.grpc.message.size.max = 33570816 (custom)
2019-10-01 20:15:30,495 [JUnit] INFO  server.RaftServerConfigKeys (ConfUtils.java:logGet(43)) - raft.server.log.appender.buffer.byte-limit = 33554432 (custom)
2019-10-01 20:15:30,496 [JUnit] INFO  server.GrpcService (ConfUtils.java:logGet(43)) - raft.grpc.flow.control.window = 1MB (=1048576) (default)
2019-10-01 20:15:30,496 [JUnit] INFO  server.RaftServerConfigKeys (ConfUtils.java:logGet(43)) - raft.server.rpc.request.timeout = 3000ms (default)
2019-10-01 20:15:30,497 [JUnit] INFO  server.RaftServerConfigKeys (ConfUtils.java:logGet(43)) - raft.server.storage.dir = [/workdir/hadoop-ozone/ozonefs/target/test-dir/MiniOzoneClusterImpl-cc9961a9-1b1a-49c1-80c6-6d48514b4463/datanode-3/data/ratis] (custom)
2019-10-01 20:15:30,499 [JUnit] INFO  hdfs.DFSUtil (DFSUtil.java:httpServerTemplateForNNAndJN(1641)) - Starting Web-server for hddsDatanode at: http://0.0.0.0:0
2019-10-01 20:15:30,500 [JUnit] INFO  server.AuthenticationFilter (AuthenticationFilter.java:constructSecretProvider(240)) - Unable to initialize FileSignerSecretProvider, falling back to use random secrets.
2019-10-01 20:15:30,501 [JUnit] WARN  http.HttpRequestLog (HttpRequestLog.java:getRequestLog(97)) - Jetty request log can only be enabled using Log4j
2019-10-01 20:15:30,503 [JUnit] INFO  http.HttpServer2 (HttpServer2.java:addGlobalFilter(975)) - Added global filter 'safety' (class=org.apache.hadoop.http.HttpServer2$QuotingInputFilter)
2019-10-01 20:15:30,503 [JUnit] INFO  http.HttpServer2 (HttpServer2.java:addFilter(948)) - Added filter static_user_filter (class=org.apache.hadoop.http.lib.StaticUserWebFilter$StaticUserFilter) to context hddsDatanode
2019-10-01 20:15:30,504 [JUnit] INFO  http.HttpServer2 (HttpServer2.java:addFilter(958)) - Added filter static_user_filter (class=org.apache.hadoop.http.lib.StaticUserWebFilter$StaticUserFilter) to context logs
2019-10-01 20:15:30,504 [JUnit] INFO  http.HttpServer2 (HttpServer2.java:addFilter(958)) - Added filter static_user_filter (class=org.apache.hadoop.http.lib.StaticUserWebFilter$StaticUserFilter) to context static
2019-10-01 20:15:30,505 [JUnit] INFO  http.HttpServer2 (HttpServer2.java:bindListener(1191)) - Jetty bound to port 39084
2019-10-01 20:15:30,505 [JUnit] INFO  server.Server (Server.java:doStart(351)) - jetty-9.3.25.v20180904, build timestamp: 2018-09-04T21:11:46Z, git hash: 3ce520221d0240229c862b122d2b06c12a625732
2019-10-01 20:15:30,509 [JUnit] INFO  handler.ContextHandler (ContextHandler.java:doStart(781)) - Started o.e.j.s.ServletContextHandler@64db4967{/logs,file:///workdir/hadoop-ozone/ozonefs/target/log,AVAILABLE}
2019-10-01 20:15:30,509 [JUnit] INFO  handler.ContextHandler (ContextHandler.java:doStart(781)) - Started o.e.j.s.ServletContextHandler@7a485a36{/static,jar:file:/home/user/.m2/repository/org/apache/hadoop/hadoop-hdds-container-service/0.5.0-SNAPSHOT/hadoop-hdds-container-service-0.5.0-SNAPSHOT.jar!/webapps/static,AVAILABLE}
2019-10-01 20:15:30,538 [JUnit] INFO  handler.ContextHandler (ContextHandler.java:doStart(781)) - Started o.e.j.w.WebAppContext@1afd72ef{/,file:///tmp/jetty-0.0.0.0-39084-hddsDatanode-_-any-385797498342178918.dir/webapp/,AVAILABLE}{/hddsDatanode}
2019-10-01 20:15:30,539 [JUnit] INFO  server.AbstractConnector (AbstractConnector.java:doStart(278)) - Started ServerConnector@2cc75074{HTTP/1.1,[http/1.1]}{0.0.0.0:39084}
2019-10-01 20:15:30,539 [JUnit] INFO  server.Server (Server.java:doStart(419)) - Started @10630ms
2019-10-01 20:15:30,539 [JUnit] WARN  impl.MetricsSystemImpl (MetricsSystemImpl.java:register(276)) - Sink prometheus already exists!
2019-10-01 20:15:30,540 [JUnit] INFO  server.BaseHttpServer (BaseHttpServer.java:updateConnectorAddress(215)) - HTTP server of HDDSDATANODE is listening at http://0.0.0.0:39084
2019-10-01 20:15:30,541 [JUnit] INFO  impl.MetricsSystemImpl (MetricsSystemImpl.java:init(158)) - HddsDatanode metrics system started (again)
2019-10-01 20:15:30,545 [org.apache.hadoop.util.JvmPauseMonitor$Monitor@6e11e35c] INFO  util.JvmPauseMonitor (JvmPauseMonitor.java:run(188)) - Starting JVM pause monitor
2019-10-01 20:15:30,545 [JUnit] INFO  ozone.HddsDatanodeService (HddsDatanodeService.java:start(184)) - HddsDatanodeService host:pr-trunk-878pl-325597374 ip:192.168.151.103
2019-10-01 20:15:30,547 [Datanode State Machine Thread - 0] INFO  datanode.InitDatanodeState (InitDatanodeState.java:persistContainerDatanodeDetails(140)) - DatanodeDetails is persisted to /workdir/hadoop-ozone/ozonefs/target/test-dir/MiniOzoneClusterImpl-cc9961a9-1b1a-49c1-80c6-6d48514b4463/datanode-3/meta/datanode.id
2019-10-01 20:15:30,553 [JUnit] INFO  volume.HddsVolume (HddsVolume.java:<init>(176)) - Creating Volume: /workdir/hadoop-ozone/ozonefs/target/test-dir/MiniOzoneClusterImpl-cc9961a9-1b1a-49c1-80c6-6d48514b4463/datanode-4/data/containers/hdds of  storage type : DISK and capacity : 1482555576320
2019-10-01 20:15:30,553 [JUnit] INFO  volume.VolumeSet (VolumeSet.java:initializeVolumeSet(170)) - Added Volume : /workdir/hadoop-ozone/ozonefs/target/test-dir/MiniOzoneClusterImpl-cc9961a9-1b1a-49c1-80c6-6d48514b4463/datanode-4/data/containers/hdds to VolumeSet
2019-10-01 20:15:30,553 [JUnit] INFO  volume.ThrottledAsyncChecker (ThrottledAsyncChecker.java:schedule(139)) - Scheduling a check for org.apache.hadoop.ozone.container.common.volume.HddsVolume@29a98d9f
2019-10-01 20:15:30,554 [JUnit] INFO  volume.HddsVolumeChecker (HddsVolumeChecker.java:checkAllVolumes(202)) - Scheduled health check for volume org.apache.hadoop.ozone.container.common.volume.HddsVolume@29a98d9f
2019-10-01 20:15:30,572 [JUnit] INFO  impl.RaftServerProxy (ConfUtils.java:logGet(43)) - raft.rpc.type = GRPC (default)
2019-10-01 20:15:30,573 [JUnit] INFO  grpc.GrpcFactory (GrpcFactory.java:checkPooledByteBufAllocatorUseCacheForAllThreads(45)) - PERFORMANCE WARNING: useCacheForAllThreads is true that may cause Netty to create a lot garbage objects and, as a result, trigger GC.
	It is recommended to disable useCacheForAllThreads by setting -Dorg.apache.ratis.thirdparty.io.netty.allocator.useCacheForAllThreads=false in command line.
2019-10-01 20:15:30,573 [JUnit] INFO  grpc.GrpcConfigKeys$Server (ConfUtils.java:logGet(43)) - raft.grpc.server.port = 0 (default)
2019-10-01 20:15:30,573 [JUnit] INFO  server.GrpcService (ConfUtils.java:logGet(43)) - raft.grpc.message.size.max = 33570816 (custom)
2019-10-01 20:15:30,573 [JUnit] INFO  server.RaftServerConfigKeys (ConfUtils.java:logGet(43)) - raft.server.log.appender.buffer.byte-limit = 33554432 (custom)
2019-10-01 20:15:30,574 [JUnit] INFO  server.GrpcService (ConfUtils.java:logGet(43)) - raft.grpc.flow.control.window = 1MB (=1048576) (default)
2019-10-01 20:15:30,574 [JUnit] INFO  server.RaftServerConfigKeys (ConfUtils.java:logGet(43)) - raft.server.rpc.request.timeout = 3000ms (default)
2019-10-01 20:15:30,574 [JUnit] INFO  server.RaftServerConfigKeys (ConfUtils.java:logGet(43)) - raft.server.storage.dir = [/workdir/hadoop-ozone/ozonefs/target/test-dir/MiniOzoneClusterImpl-cc9961a9-1b1a-49c1-80c6-6d48514b4463/datanode-4/data/ratis] (custom)
2019-10-01 20:15:30,576 [JUnit] INFO  hdfs.DFSUtil (DFSUtil.java:httpServerTemplateForNNAndJN(1641)) - Starting Web-server for hddsDatanode at: http://0.0.0.0:0
2019-10-01 20:15:30,577 [JUnit] INFO  server.AuthenticationFilter (AuthenticationFilter.java:constructSecretProvider(240)) - Unable to initialize FileSignerSecretProvider, falling back to use random secrets.
2019-10-01 20:15:30,578 [JUnit] WARN  http.HttpRequestLog (HttpRequestLog.java:getRequestLog(97)) - Jetty request log can only be enabled using Log4j
2019-10-01 20:15:30,580 [JUnit] INFO  http.HttpServer2 (HttpServer2.java:addGlobalFilter(975)) - Added global filter 'safety' (class=org.apache.hadoop.http.HttpServer2$QuotingInputFilter)
2019-10-01 20:15:30,581 [JUnit] INFO  http.HttpServer2 (HttpServer2.java:addFilter(948)) - Added filter static_user_filter (class=org.apache.hadoop.http.lib.StaticUserWebFilter$StaticUserFilter) to context hddsDatanode
2019-10-01 20:15:30,581 [JUnit] INFO  http.HttpServer2 (HttpServer2.java:addFilter(958)) - Added filter static_user_filter (class=org.apache.hadoop.http.lib.StaticUserWebFilter$StaticUserFilter) to context static
2019-10-01 20:15:30,581 [JUnit] INFO  http.HttpServer2 (HttpServer2.java:addFilter(958)) - Added filter static_user_filter (class=org.apache.hadoop.http.lib.StaticUserWebFilter$StaticUserFilter) to context logs
2019-10-01 20:15:30,582 [JUnit] INFO  http.HttpServer2 (HttpServer2.java:bindListener(1191)) - Jetty bound to port 33738
2019-10-01 20:15:30,582 [JUnit] INFO  server.Server (Server.java:doStart(351)) - jetty-9.3.25.v20180904, build timestamp: 2018-09-04T21:11:46Z, git hash: 3ce520221d0240229c862b122d2b06c12a625732
2019-10-01 20:15:30,584 [JUnit] INFO  handler.ContextHandler (ContextHandler.java:doStart(781)) - Started o.e.j.s.ServletContextHandler@7a8b9166{/logs,file:///workdir/hadoop-ozone/ozonefs/target/log,AVAILABLE}
2019-10-01 20:15:30,584 [JUnit] INFO  handler.ContextHandler (ContextHandler.java:doStart(781)) - Started o.e.j.s.ServletContextHandler@10c72a6f{/static,jar:file:/home/user/.m2/repository/org/apache/hadoop/hadoop-hdds-container-service/0.5.0-SNAPSHOT/hadoop-hdds-container-service-0.5.0-SNAPSHOT.jar!/webapps/static,AVAILABLE}
2019-10-01 20:15:30,613 [JUnit] INFO  handler.ContextHandler (ContextHandler.java:doStart(781)) - Started o.e.j.w.WebAppContext@4bd51d3e{/,file:///tmp/jetty-0.0.0.0-33738-hddsDatanode-_-any-6920282511016753423.dir/webapp/,AVAILABLE}{/hddsDatanode}
2019-10-01 20:15:30,614 [JUnit] INFO  server.AbstractConnector (AbstractConnector.java:doStart(278)) - Started ServerConnector@33425811{HTTP/1.1,[http/1.1]}{0.0.0.0:33738}
2019-10-01 20:15:30,615 [JUnit] INFO  server.Server (Server.java:doStart(419)) - Started @10706ms
2019-10-01 20:15:30,615 [JUnit] WARN  impl.MetricsSystemImpl (MetricsSystemImpl.java:register(276)) - Sink prometheus already exists!
2019-10-01 20:15:30,615 [JUnit] INFO  server.BaseHttpServer (BaseHttpServer.java:updateConnectorAddress(215)) - HTTP server of HDDSDATANODE is listening at http://0.0.0.0:33738
2019-10-01 20:15:30,617 [JUnit] INFO  ozone.MiniOzoneClusterImpl (MiniOzoneClusterImpl.java:lambda$waitForClusterToBeReady$0(147)) - Waiting for cluster to be ready. Got 0 of 5 DN Heartbeats.
2019-10-01 20:15:30,618 [org.apache.hadoop.util.JvmPauseMonitor$Monitor@2724937f] INFO  util.JvmPauseMonitor (JvmPauseMonitor.java:run(188)) - Starting JVM pause monitor
2019-10-01 20:15:30,619 [Datanode State Machine Thread - 0] INFO  datanode.InitDatanodeState (InitDatanodeState.java:persistContainerDatanodeDetails(140)) - DatanodeDetails is persisted to /workdir/hadoop-ozone/ozonefs/target/test-dir/MiniOzoneClusterImpl-cc9961a9-1b1a-49c1-80c6-6d48514b4463/datanode-4/meta/datanode.id
2019-10-01 20:15:31,618 [JUnit] INFO  ozone.MiniOzoneClusterImpl (MiniOzoneClusterImpl.java:lambda$waitForClusterToBeReady$0(147)) - Waiting for cluster to be ready. Got 0 of 5 DN Heartbeats.
2019-10-01 20:15:31,788 [IPC Server handler 17 on 38874] INFO  net.NetworkTopology (NetworkTopologyImpl.java:add(111)) - Added a new node: /default-rack/b36f5945-67de-418c-9a42-d33deb6ae976
2019-10-01 20:15:31,789 [IPC Server handler 17 on 38874] INFO  node.SCMNodeManager (SCMNodeManager.java:register(266)) - Registered Data node : b36f5945-67de-418c-9a42-d33deb6ae976{ip: 192.168.151.103, host: pr-trunk-878pl-325597374, networkLocation: /default-rack, certSerialId: null}
2019-10-01 20:15:31,792 [EventQueue-NodeRegistrationContainerReportForDataNodeSafeModeRule] INFO  safemode.SCMSafeModeManager (DataNodeSafeModeRule.java:process(71)) - SCM in safe mode. 1 DataNodes registered, 1 required.
2019-10-01 20:15:31,792 [EventQueue-NodeRegistrationContainerReportForDataNodeSafeModeRule] INFO  safemode.SCMSafeModeManager (SCMSafeModeManager.java:validateSafeModeExitRules(177)) - ScmSafeModeManager, all rules are successfully validated
2019-10-01 20:15:31,792 [EventQueue-NodeRegistrationContainerReportForDataNodeSafeModeRule] INFO  safemode.SCMSafeModeManager (SCMSafeModeManager.java:exitSafeMode(193)) - SCM exiting safe mode.
2019-10-01 20:15:31,857 [IPC Server handler 18 on 38874] INFO  net.NetworkTopology (NetworkTopologyImpl.java:add(111)) - Added a new node: /default-rack/dd72838a-f206-4369-be48-6b1e036e4dac
2019-10-01 20:15:31,857 [IPC Server handler 18 on 38874] INFO  node.SCMNodeManager (SCMNodeManager.java:register(266)) - Registered Data node : dd72838a-f206-4369-be48-6b1e036e4dac{ip: 192.168.151.103, host: pr-trunk-878pl-325597374, networkLocation: /default-rack, certSerialId: null}
2019-10-01 20:15:32,258 [grpc-default-executor-0] INFO  impl.RaftServerProxy (RaftServerProxy.java:addNew(89)) - b36f5945-67de-418c-9a42-d33deb6ae976: addNew group-08E7F3D462D6:[b36f5945-67de-418c-9a42-d33deb6ae976:192.168.151.103:40212] returns group-08E7F3D462D6:java.util.concurrent.CompletableFuture@3776a463[Not completed]
2019-10-01 20:15:32,277 [pool-27-thread-1] INFO  impl.RaftServerImpl (RaftServerImpl.java:<init>(95)) - b36f5945-67de-418c-9a42-d33deb6ae976: new RaftServerImpl for group-08E7F3D462D6:[b36f5945-67de-418c-9a42-d33deb6ae976:192.168.151.103:40212] with ContainerStateMachine:uninitialized
2019-10-01 20:15:32,280 [pool-27-thread-1] INFO  server.RaftServerConfigKeys (ConfUtils.java:logGet(43)) - raft.server.rpc.timeout.min = 5s (custom)
2019-10-01 20:15:32,281 [pool-27-thread-1] INFO  server.RaftServerConfigKeys (ConfUtils.java:logGet(43)) - raft.server.rpc.timeout.max = 5200ms (custom)
2019-10-01 20:15:32,281 [pool-27-thread-1] INFO  server.RaftServerConfigKeys (ConfUtils.java:logGet(43)) - raft.server.rpcslowness.timeout = 120s (custom)
2019-10-01 20:15:32,282 [pool-27-thread-1] INFO  server.RaftServerConfigKeys (ConfUtils.java:logGet(43)) - raft.server.sleep.deviation.threshold = 300 (default)
2019-10-01 20:15:32,283 [pool-27-thread-1] INFO  server.RaftServerConfigKeys (ConfUtils.java:logGet(43)) - raft.server.log.appender.install.snapshot.enabled = false (custom)
2019-10-01 20:15:32,291 [pool-27-thread-1] INFO  impl.RaftServerImpl (ServerState.java:<init>(103)) - b36f5945-67de-418c-9a42-d33deb6ae976@group-08E7F3D462D6: ConfigurationManager, init=-1: [b36f5945-67de-418c-9a42-d33deb6ae976:192.168.151.103:40212], old=null, confs=<EMPTY_MAP>
2019-10-01 20:15:32,292 [pool-27-thread-1] INFO  server.RaftServerConfigKeys (ConfUtils.java:logGet(43)) - raft.server.storage.dir = [/workdir/hadoop-ozone/ozonefs/target/test-dir/MiniOzoneClusterImpl-cc9961a9-1b1a-49c1-80c6-6d48514b4463/datanode-0/data/ratis] (custom)
2019-10-01 20:15:32,299 [pool-27-thread-1] INFO  storage.RaftStorageDirectory (RaftStorageDirectory.java:analyzeStorage(246)) - The storage directory /workdir/hadoop-ozone/ozonefs/target/test-dir/MiniOzoneClusterImpl-cc9961a9-1b1a-49c1-80c6-6d48514b4463/datanode-0/data/ratis/8971b772-2bd3-441c-aeea-08e7f3d462d6 does not exist. Creating ...
2019-10-01 20:15:32,317 [pool-27-thread-1] INFO  storage.RaftStorageDirectory (RaftStorageDirectory.java:tryLock(328)) - Lock on /workdir/hadoop-ozone/ozonefs/target/test-dir/MiniOzoneClusterImpl-cc9961a9-1b1a-49c1-80c6-6d48514b4463/datanode-0/data/ratis/8971b772-2bd3-441c-aeea-08e7f3d462d6/in_use.lock acquired by nodename 29826@pr-trunk-878pl-325597374
2019-10-01 20:15:32,329 [pool-27-thread-1] INFO  storage.RaftStorage (RaftStorage.java:format(72)) - Storage directory /workdir/hadoop-ozone/ozonefs/target/test-dir/MiniOzoneClusterImpl-cc9961a9-1b1a-49c1-80c6-6d48514b4463/datanode-0/data/ratis/8971b772-2bd3-441c-aeea-08e7f3d462d6 has been successfully formatted.
2019-10-01 20:15:32,331 [pool-27-thread-1] INFO  ratis.ContainerStateMachine (ContainerStateMachine.java:loadSnapshot(231)) - group-08E7F3D462D6: The snapshot info is null. Setting the last applied indexto:(t:0, i:~)
2019-10-01 20:15:32,331 [pool-27-thread-1] INFO  server.RaftServerConfigKeys (ConfUtils.java:logGet(43)) - raft.server.notification.no-leader.timeout = 120s (custom)
2019-10-01 20:15:32,334 [pool-27-thread-1] INFO  server.RaftServerConfigKeys (ConfUtils.java:logGet(43)) - raft.server.log.use.memory = false (default)
2019-10-01 20:15:32,340 [pool-27-thread-1] INFO  server.RaftServerConfigKeys (ConfUtils.java:logGet(43)) - raft.server.log.purge.gap = 1000000 (custom)
2019-10-01 20:15:32,340 [pool-27-thread-1] INFO  server.RaftServerConfigKeys (ConfUtils.java:logGet(43)) - raft.server.log.appender.buffer.byte-limit = 33554432 (custom)
2019-10-01 20:15:32,342 [pool-27-thread-1] INFO  server.RaftServerConfigKeys (ConfUtils.java:logGet(43)) - raft.server.log.segment.size.max = 1048576 (custom)
2019-10-01 20:15:32,347 [pool-27-thread-1] INFO  server.RaftServerConfigKeys (ConfUtils.java:logGet(43)) - raft.server.log.segment.cache.num.max = 2 (custom)
2019-10-01 20:15:32,352 [pool-27-thread-1] INFO  segmented.SegmentedRaftLogWorker (SegmentedRaftLogWorker.java:<init>(172)) - new b36f5945-67de-418c-9a42-d33deb6ae976@group-08E7F3D462D6-SegmentedRaftLogWorker for RaftStorage:Storage Directory /workdir/hadoop-ozone/ozonefs/target/test-dir/MiniOzoneClusterImpl-cc9961a9-1b1a-49c1-80c6-6d48514b4463/datanode-0/data/ratis/8971b772-2bd3-441c-aeea-08e7f3d462d6
2019-10-01 20:15:32,358 [pool-27-thread-1] INFO  impl.MetricsSystemImpl (MetricsSystemImpl.java:init(158)) - ratis metrics system started (again)
2019-10-01 20:15:32,364 [pool-27-thread-1] INFO  metrics.MetricRegistries (MetricRegistriesLoader.java:load(64)) - Loaded MetricRegistries class org.apache.ratis.metrics.impl.MetricRegistriesImpl
2019-10-01 20:15:32,394 [pool-27-thread-1] INFO  server.RaftServerConfigKeys (ConfUtils.java:logGet(43)) - raft.server.log.queue.byte-limit = 2147483647 (custom)
2019-10-01 20:15:32,394 [pool-27-thread-1] INFO  server.RaftServerConfigKeys (ConfUtils.java:logGet(43)) - raft.server.log.queue.element-limit = 1024 (custom)
2019-10-01 20:15:32,397 [pool-27-thread-1] INFO  server.RaftServerConfigKeys (ConfUtils.java:logGet(43)) - raft.server.log.segment.size.max = 1048576 (custom)
2019-10-01 20:15:32,398 [pool-27-thread-1] INFO  server.RaftServerConfigKeys (ConfUtils.java:logGet(43)) - raft.server.log.preallocated.size = 16384 (custom)
2019-10-01 20:15:32,398 [pool-27-thread-1] INFO  server.RaftServerConfigKeys (ConfUtils.java:logGet(43)) - raft.server.log.write.buffer.size = 33554432 (custom)
2019-10-01 20:15:32,399 [pool-27-thread-1] INFO  server.RaftServerConfigKeys (ConfUtils.java:logGet(43)) - raft.server.log.force.sync.num = 128 (default)
2019-10-01 20:15:32,400 [pool-27-thread-1] INFO  server.RaftServerConfigKeys (ConfUtils.java:logGet(43)) - raft.server.log.statemachine.data.sync = true (default)
2019-10-01 20:15:32,400 [pool-27-thread-1] INFO  server.RaftServerConfigKeys (ConfUtils.java:logGet(43)) - raft.server.log.statemachine.data.sync.timeout = 10s (default)
2019-10-01 20:15:32,400 [pool-27-thread-1] INFO  server.RaftServerConfigKeys (ConfUtils.java:logGet(43)) - raft.server.log.statemachine.data.sync.timeout.retry = -1 (default)
2019-10-01 20:15:32,410 [pool-27-thread-1] INFO  server.RaftServerConfigKeys (ConfUtils.java:logGet(43)) - raft.server.log.statemachine.data.caching.enabled = true (custom)
2019-10-01 20:15:32,414 [pool-27-thread-1] INFO  segmented.SegmentedRaftLogWorker (SegmentedRaftLogWorker.java:lambda$new$0(132)) - b36f5945-67de-418c-9a42-d33deb6ae976@group-08E7F3D462D6-SegmentedRaftLogWorker: flushIndex: setUnconditionally 0 -> -1
2019-10-01 20:15:32,419 [pool-27-thread-1] INFO  server.RaftServerConfigKeys (ConfUtils.java:logGet(43)) - raft.server.snapshot.auto.trigger.enabled = true (custom)
2019-10-01 20:15:32,419 [pool-27-thread-1] INFO  server.RaftServerConfigKeys (ConfUtils.java:logGet(43)) - raft.server.snapshot.auto.trigger.threshold = 10000 (custom)
2019-10-01 20:15:32,420 [pool-27-thread-1] INFO  server.RaftServerConfigKeys (ConfUtils.java:logGet(43)) - raft.server.snapshot.retention.num.files = 5 (custom)
2019-10-01 20:15:32,420 [pool-27-thread-1] INFO  server.RaftServerConfigKeys (ConfUtils.java:logGet(43)) - raft.server.retrycache.expirytime = 600000ms (custom)
2019-10-01 20:15:32,451 [pool-27-thread-1] INFO  impl.RaftServerImpl (RaftServerImpl.java:start(185)) - b36f5945-67de-418c-9a42-d33deb6ae976@group-08E7F3D462D6: start as a follower, conf=-1: [b36f5945-67de-418c-9a42-d33deb6ae976:192.168.151.103:40212], old=null
2019-10-01 20:15:32,452 [pool-27-thread-1] INFO  impl.RaftServerImpl (RaftServerImpl.java:setRole(174)) - b36f5945-67de-418c-9a42-d33deb6ae976@group-08E7F3D462D6: changes role from      null to FOLLOWER at term 0 for startAsFollower
2019-10-01 20:15:32,454 [pool-27-thread-1] INFO  impl.RoleInfo (RoleInfo.java:updateAndGet(143)) - b36f5945-67de-418c-9a42-d33deb6ae976: start FollowerState
2019-10-01 20:15:32,455 [pool-27-thread-1] INFO  util.JmxRegister (JmxRegister.java:tryRegister(44)) - Successfully registered JMX Bean with object name Ratis:service=RaftServer,group=group-08E7F3D462D6,id=b36f5945-67de-418c-9a42-d33deb6ae976
2019-10-01 20:15:32,466 [Datanode State Machine Thread - 0] INFO  ozoneimpl.OzoneContainer (OzoneContainer.java:start(217)) - Attempting to start container services.
2019-10-01 20:15:32,474 [Datanode State Machine Thread - 0] INFO  ozoneimpl.OzoneContainer (OzoneContainer.java:startContainerScrub(179)) - Background container scanner has been disabled.
2019-10-01 20:15:32,474 [Datanode State Machine Thread - 0] INFO  ratis.XceiverServerRatis (XceiverServerRatis.java:start(411)) - Starting XceiverServerRatis c87755eb-8f71-406d-9b39-c7913bad0d26 at port 0
2019-10-01 20:15:32,484 [Datanode State Machine Thread - 0] INFO  impl.RaftServerProxy (RaftServerProxy.java:lambda$start$3(299)) - c87755eb-8f71-406d-9b39-c7913bad0d26: start RPC server
2019-10-01 20:15:32,488 [Datanode State Machine Thread - 0] INFO  server.GrpcService (GrpcService.java:startImpl(158)) - c87755eb-8f71-406d-9b39-c7913bad0d26: GrpcService started, listening on 0.0.0.0/0.0.0.0:42498
2019-10-01 20:15:32,488 [Datanode State Machine Thread - 0] INFO  ratis.XceiverServerRatis (XceiverServerRatis.java:start(421)) - XceiverServerRatis c87755eb-8f71-406d-9b39-c7913bad0d26 is started using port 42498
2019-10-01 20:15:32,496 [Datanode State Machine Thread - 0] INFO  server.XceiverServerGrpc (XceiverServerGrpc.java:start(149)) - XceiverServerGrpc c87755eb-8f71-406d-9b39-c7913bad0d26 is started using port 36951
2019-10-01 20:15:32,566 [Datanode State Machine Thread - 0] INFO  ozoneimpl.OzoneContainer (OzoneContainer.java:start(217)) - Attempting to start container services.
2019-10-01 20:15:32,570 [Datanode State Machine Thread - 0] INFO  ozoneimpl.OzoneContainer (OzoneContainer.java:startContainerScrub(179)) - Background container scanner has been disabled.
2019-10-01 20:15:32,570 [Datanode State Machine Thread - 0] INFO  ratis.XceiverServerRatis (XceiverServerRatis.java:start(411)) - Starting XceiverServerRatis f86edd96-38ae-4176-bf56-596fdc615aa1 at port 0
2019-10-01 20:15:32,576 [RatisPipelineUtilsThread] INFO  pipeline.PipelineStateManager (PipelineStateManager.java:addPipeline(56)) - Created pipeline Pipeline[ Id: 8971b772-2bd3-441c-aeea-08e7f3d462d6, Nodes: b36f5945-67de-418c-9a42-d33deb6ae976{ip: 192.168.151.103, host: pr-trunk-878pl-325597374, networkLocation: /default-rack, certSerialId: null}, Type:RATIS, Factor:ONE, State:OPEN]
2019-10-01 20:15:32,577 [Datanode State Machine Thread - 0] INFO  impl.RaftServerProxy (RaftServerProxy.java:lambda$start$3(299)) - f86edd96-38ae-4176-bf56-596fdc615aa1: start RPC server
2019-10-01 20:15:32,580 [Datanode State Machine Thread - 0] INFO  server.GrpcService (GrpcService.java:startImpl(158)) - f86edd96-38ae-4176-bf56-596fdc615aa1: GrpcService started, listening on 0.0.0.0/0.0.0.0:38876
2019-10-01 20:15:32,580 [Datanode State Machine Thread - 0] INFO  ratis.XceiverServerRatis (XceiverServerRatis.java:start(421)) - XceiverServerRatis f86edd96-38ae-4176-bf56-596fdc615aa1 is started using port 38876
2019-10-01 20:15:32,583 [Datanode State Machine Thread - 0] INFO  server.XceiverServerGrpc (XceiverServerGrpc.java:start(149)) - XceiverServerGrpc f86edd96-38ae-4176-bf56-596fdc615aa1 is started using port 42712
2019-10-01 20:15:32,597 [grpc-default-executor-0] INFO  impl.RaftServerProxy (RaftServerProxy.java:addNew(89)) - dd72838a-f206-4369-be48-6b1e036e4dac: addNew group-2EBD3CC922B3:[dd72838a-f206-4369-be48-6b1e036e4dac:192.168.151.103:34429] returns group-2EBD3CC922B3:java.util.concurrent.CompletableFuture@375cce93[Not completed]
2019-10-01 20:15:32,621 [JUnit] INFO  ozone.MiniOzoneClusterImpl (MiniOzoneClusterImpl.java:lambda$waitForClusterToBeReady$0(147)) - Waiting for cluster to be ready. Got 2 of 5 DN Heartbeats.
2019-10-01 20:15:32,623 [pool-37-thread-1] INFO  impl.RaftServerImpl (RaftServerImpl.java:<init>(95)) - dd72838a-f206-4369-be48-6b1e036e4dac: new RaftServerImpl for group-2EBD3CC922B3:[dd72838a-f206-4369-be48-6b1e036e4dac:192.168.151.103:34429] with ContainerStateMachine:uninitialized
2019-10-01 20:15:32,624 [pool-37-thread-1] INFO  server.RaftServerConfigKeys (ConfUtils.java:logGet(43)) - raft.server.rpc.timeout.min = 5s (custom)
2019-10-01 20:15:32,624 [pool-37-thread-1] INFO  server.RaftServerConfigKeys (ConfUtils.java:logGet(43)) - raft.server.rpc.timeout.max = 5200ms (custom)
2019-10-01 20:15:32,624 [pool-37-thread-1] INFO  server.RaftServerConfigKeys (ConfUtils.java:logGet(43)) - raft.server.rpcslowness.timeout = 120s (custom)
2019-10-01 20:15:32,624 [pool-37-thread-1] INFO  server.RaftServerConfigKeys (ConfUtils.java:logGet(43)) - raft.server.sleep.deviation.threshold = 300 (default)
2019-10-01 20:15:32,624 [pool-37-thread-1] INFO  server.RaftServerConfigKeys (ConfUtils.java:logGet(43)) - raft.server.log.appender.install.snapshot.enabled = false (custom)
2019-10-01 20:15:32,624 [pool-37-thread-1] INFO  impl.RaftServerImpl (ServerState.java:<init>(103)) - dd72838a-f206-4369-be48-6b1e036e4dac@group-2EBD3CC922B3: ConfigurationManager, init=-1: [dd72838a-f206-4369-be48-6b1e036e4dac:192.168.151.103:34429], old=null, confs=<EMPTY_MAP>
2019-10-01 20:15:32,625 [pool-37-thread-1] INFO  server.RaftServerConfigKeys (ConfUtils.java:logGet(43)) - raft.server.storage.dir = [/workdir/hadoop-ozone/ozonefs/target/test-dir/MiniOzoneClusterImpl-cc9961a9-1b1a-49c1-80c6-6d48514b4463/datanode-1/data/ratis] (custom)
2019-10-01 20:15:32,625 [pool-37-thread-1] INFO  storage.RaftStorageDirectory (RaftStorageDirectory.java:analyzeStorage(246)) - The storage directory /workdir/hadoop-ozone/ozonefs/target/test-dir/MiniOzoneClusterImpl-cc9961a9-1b1a-49c1-80c6-6d48514b4463/datanode-1/data/ratis/b544eb13-dc7a-47f8-9b5c-2ebd3cc922b3 does not exist. Creating ...
2019-10-01 20:15:32,639 [pool-37-thread-1] INFO  storage.RaftStorageDirectory (RaftStorageDirectory.java:tryLock(328)) - Lock on /workdir/hadoop-ozone/ozonefs/target/test-dir/MiniOzoneClusterImpl-cc9961a9-1b1a-49c1-80c6-6d48514b4463/datanode-1/data/ratis/b544eb13-dc7a-47f8-9b5c-2ebd3cc922b3/in_use.lock acquired by nodename 29826@pr-trunk-878pl-325597374
2019-10-01 20:15:32,639 [Datanode State Machine Thread - 0] INFO  ozoneimpl.OzoneContainer (OzoneContainer.java:start(217)) - Attempting to start container services.
2019-10-01 20:15:32,640 [Datanode State Machine Thread - 0] INFO  ozoneimpl.OzoneContainer (OzoneContainer.java:startContainerScrub(179)) - Background container scanner has been disabled.
2019-10-01 20:15:32,640 [Datanode State Machine Thread - 0] INFO  ratis.XceiverServerRatis (XceiverServerRatis.java:start(411)) - Starting XceiverServerRatis 28af574d-2172-4d1d-8894-6c49f9cc6298 at port 0
2019-10-01 20:15:32,646 [Datanode State Machine Thread - 0] INFO  impl.RaftServerProxy (RaftServerProxy.java:lambda$start$3(299)) - 28af574d-2172-4d1d-8894-6c49f9cc6298: start RPC server
2019-10-01 20:15:32,649 [Datanode State Machine Thread - 0] INFO  server.GrpcService (GrpcService.java:startImpl(158)) - 28af574d-2172-4d1d-8894-6c49f9cc6298: GrpcService started, listening on 0.0.0.0/0.0.0.0:43956
2019-10-01 20:15:32,649 [Datanode State Machine Thread - 0] INFO  ratis.XceiverServerRatis (XceiverServerRatis.java:start(421)) - XceiverServerRatis 28af574d-2172-4d1d-8894-6c49f9cc6298 is started using port 43956
2019-10-01 20:15:32,652 [pool-37-thread-1] INFO  storage.RaftStorage (RaftStorage.java:format(72)) - Storage directory /workdir/hadoop-ozone/ozonefs/target/test-dir/MiniOzoneClusterImpl-cc9961a9-1b1a-49c1-80c6-6d48514b4463/datanode-1/data/ratis/b544eb13-dc7a-47f8-9b5c-2ebd3cc922b3 has been successfully formatted.
2019-10-01 20:15:32,653 [Datanode State Machine Thread - 0] INFO  server.XceiverServerGrpc (XceiverServerGrpc.java:start(149)) - XceiverServerGrpc 28af574d-2172-4d1d-8894-6c49f9cc6298 is started using port 45372
2019-10-01 20:15:32,653 [pool-37-thread-1] INFO  ratis.ContainerStateMachine (ContainerStateMachine.java:loadSnapshot(231)) - group-2EBD3CC922B3: The snapshot info is null. Setting the last applied indexto:(t:0, i:~)
2019-10-01 20:15:32,654 [pool-37-thread-1] INFO  server.RaftServerConfigKeys (ConfUtils.java:logGet(43)) - raft.server.notification.no-leader.timeout = 120s (custom)
2019-10-01 20:15:32,654 [pool-37-thread-1] INFO  server.RaftServerConfigKeys (ConfUtils.java:logGet(43)) - raft.server.log.use.memory = false (default)
2019-10-01 20:15:32,655 [pool-37-thread-1] INFO  server.RaftServerConfigKeys (ConfUtils.java:logGet(43)) - raft.server.log.purge.gap = 1000000 (custom)
2019-10-01 20:15:32,655 [pool-37-thread-1] INFO  server.RaftServerConfigKeys (ConfUtils.java:logGet(43)) - raft.server.log.appender.buffer.byte-limit = 33554432 (custom)
2019-10-01 20:15:32,655 [pool-37-thread-1] INFO  server.RaftServerConfigKeys (ConfUtils.java:logGet(43)) - raft.server.log.segment.size.max = 1048576 (custom)
2019-10-01 20:15:32,655 [pool-37-thread-1] INFO  server.RaftServerConfigKeys (ConfUtils.java:logGet(43)) - raft.server.log.segment.cache.num.max = 2 (custom)
2019-10-01 20:15:32,655 [pool-37-thread-1] INFO  segmented.SegmentedRaftLogWorker (SegmentedRaftLogWorker.java:<init>(172)) - new dd72838a-f206-4369-be48-6b1e036e4dac@group-2EBD3CC922B3-SegmentedRaftLogWorker for RaftStorage:Storage Directory /workdir/hadoop-ozone/ozonefs/target/test-dir/MiniOzoneClusterImpl-cc9961a9-1b1a-49c1-80c6-6d48514b4463/datanode-1/data/ratis/b544eb13-dc7a-47f8-9b5c-2ebd3cc922b3
2019-10-01 20:15:32,661 [pool-37-thread-1] INFO  server.RaftServerConfigKeys (ConfUtils.java:logGet(43)) - raft.server.log.queue.byte-limit = 2147483647 (custom)
2019-10-01 20:15:32,662 [pool-37-thread-1] INFO  server.RaftServerConfigKeys (ConfUtils.java:logGet(43)) - raft.server.log.queue.element-limit = 1024 (custom)
2019-10-01 20:15:32,662 [pool-37-thread-1] INFO  server.RaftServerConfigKeys (ConfUtils.java:logGet(43)) - raft.server.log.segment.size.max = 1048576 (custom)
2019-10-01 20:15:32,662 [pool-37-thread-1] INFO  server.RaftServerConfigKeys (ConfUtils.java:logGet(43)) - raft.server.log.preallocated.size = 16384 (custom)
2019-10-01 20:15:32,662 [pool-37-thread-1] INFO  server.RaftServerConfigKeys (ConfUtils.java:logGet(43)) - raft.server.log.write.buffer.size = 33554432 (custom)
2019-10-01 20:15:32,662 [pool-37-thread-1] INFO  server.RaftServerConfigKeys (ConfUtils.java:logGet(43)) - raft.server.log.force.sync.num = 128 (default)
2019-10-01 20:15:32,662 [pool-37-thread-1] INFO  server.RaftServerConfigKeys (ConfUtils.java:logGet(43)) - raft.server.log.statemachine.data.sync = true (default)
2019-10-01 20:15:32,662 [pool-37-thread-1] INFO  server.RaftServerConfigKeys (ConfUtils.java:logGet(43)) - raft.server.log.statemachine.data.sync.timeout = 10s (default)
2019-10-01 20:15:32,663 [pool-37-thread-1] INFO  server.RaftServerConfigKeys (ConfUtils.java:logGet(43)) - raft.server.log.statemachine.data.sync.timeout.retry = -1 (default)
2019-10-01 20:15:32,663 [pool-37-thread-1] INFO  server.RaftServerConfigKeys (ConfUtils.java:logGet(43)) - raft.server.log.statemachine.data.caching.enabled = true (custom)
2019-10-01 20:15:32,663 [pool-37-thread-1] INFO  segmented.SegmentedRaftLogWorker (SegmentedRaftLogWorker.java:lambda$new$0(132)) - dd72838a-f206-4369-be48-6b1e036e4dac@group-2EBD3CC922B3-SegmentedRaftLogWorker: flushIndex: setUnconditionally 0 -> -1
2019-10-01 20:15:32,664 [pool-37-thread-1] INFO  server.RaftServerConfigKeys (ConfUtils.java:logGet(43)) - raft.server.snapshot.auto.trigger.enabled = true (custom)
2019-10-01 20:15:32,664 [pool-37-thread-1] INFO  server.RaftServerConfigKeys (ConfUtils.java:logGet(43)) - raft.server.snapshot.auto.trigger.threshold = 10000 (custom)
2019-10-01 20:15:32,664 [pool-37-thread-1] INFO  server.RaftServerConfigKeys (ConfUtils.java:logGet(43)) - raft.server.snapshot.retention.num.files = 5 (custom)
2019-10-01 20:15:32,664 [pool-37-thread-1] INFO  server.RaftServerConfigKeys (ConfUtils.java:logGet(43)) - raft.server.retrycache.expirytime = 600000ms (custom)
2019-10-01 20:15:32,668 [pool-37-thread-1] INFO  impl.RaftServerImpl (RaftServerImpl.java:start(185)) - dd72838a-f206-4369-be48-6b1e036e4dac@group-2EBD3CC922B3: start as a follower, conf=-1: [dd72838a-f206-4369-be48-6b1e036e4dac:192.168.151.103:34429], old=null
2019-10-01 20:15:32,668 [pool-37-thread-1] INFO  impl.RaftServerImpl (RaftServerImpl.java:setRole(174)) - dd72838a-f206-4369-be48-6b1e036e4dac@group-2EBD3CC922B3: changes role from      null to FOLLOWER at term 0 for startAsFollower
2019-10-01 20:15:32,668 [pool-37-thread-1] INFO  impl.RoleInfo (RoleInfo.java:updateAndGet(143)) - dd72838a-f206-4369-be48-6b1e036e4dac: start FollowerState
2019-10-01 20:15:32,669 [pool-37-thread-1] INFO  util.JmxRegister (JmxRegister.java:tryRegister(44)) - Successfully registered JMX Bean with object name Ratis:service=RaftServer,group=group-2EBD3CC922B3,id=dd72838a-f206-4369-be48-6b1e036e4dac
2019-10-01 20:15:32,684 [RatisPipelineUtilsThread] INFO  pipeline.PipelineStateManager (PipelineStateManager.java:addPipeline(56)) - Created pipeline Pipeline[ Id: b544eb13-dc7a-47f8-9b5c-2ebd3cc922b3, Nodes: dd72838a-f206-4369-be48-6b1e036e4dac{ip: 192.168.151.103, host: pr-trunk-878pl-325597374, networkLocation: /default-rack, certSerialId: null}, Type:RATIS, Factor:ONE, State:OPEN]
2019-10-01 20:15:33,622 [JUnit] INFO  ozone.MiniOzoneClusterImpl (MiniOzoneClusterImpl.java:lambda$waitForClusterToBeReady$0(147)) - Waiting for cluster to be ready. Got 2 of 5 DN Heartbeats.
2019-10-01 20:15:34,452 [IPC Server handler 17 on 38874] INFO  net.NetworkTopology (NetworkTopologyImpl.java:add(111)) - Added a new node: /default-rack/c87755eb-8f71-406d-9b39-c7913bad0d26
2019-10-01 20:15:34,453 [IPC Server handler 17 on 38874] INFO  node.SCMNodeManager (SCMNodeManager.java:register(266)) - Registered Data node : c87755eb-8f71-406d-9b39-c7913bad0d26{ip: 192.168.151.103, host: pr-trunk-878pl-325597374, networkLocation: /default-rack, certSerialId: null}
2019-10-01 20:15:34,473 [grpc-default-executor-0] INFO  impl.RaftServerProxy (RaftServerProxy.java:addNew(89)) - c87755eb-8f71-406d-9b39-c7913bad0d26: addNew group-AFD270ADC156:[c87755eb-8f71-406d-9b39-c7913bad0d26:192.168.151.103:42498] returns group-AFD270ADC156:java.util.concurrent.CompletableFuture@1b55febd[Not completed]
2019-10-01 20:15:34,500 [pool-47-thread-1] INFO  impl.RaftServerImpl (RaftServerImpl.java:<init>(95)) - c87755eb-8f71-406d-9b39-c7913bad0d26: new RaftServerImpl for group-AFD270ADC156:[c87755eb-8f71-406d-9b39-c7913bad0d26:192.168.151.103:42498] with ContainerStateMachine:uninitialized
2019-10-01 20:15:34,500 [pool-47-thread-1] INFO  server.RaftServerConfigKeys (ConfUtils.java:logGet(43)) - raft.server.rpc.timeout.min = 5s (custom)
2019-10-01 20:15:34,500 [pool-47-thread-1] INFO  server.RaftServerConfigKeys (ConfUtils.java:logGet(43)) - raft.server.rpc.timeout.max = 5200ms (custom)
2019-10-01 20:15:34,501 [pool-47-thread-1] INFO  server.RaftServerConfigKeys (ConfUtils.java:logGet(43)) - raft.server.rpcslowness.timeout = 120s (custom)
2019-10-01 20:15:34,501 [pool-47-thread-1] INFO  server.RaftServerConfigKeys (ConfUtils.java:logGet(43)) - raft.server.sleep.deviation.threshold = 300 (default)
2019-10-01 20:15:34,501 [pool-47-thread-1] INFO  server.RaftServerConfigKeys (ConfUtils.java:logGet(43)) - raft.server.log.appender.install.snapshot.enabled = false (custom)
2019-10-01 20:15:34,501 [pool-47-thread-1] INFO  impl.RaftServerImpl (ServerState.java:<init>(103)) - c87755eb-8f71-406d-9b39-c7913bad0d26@group-AFD270ADC156: ConfigurationManager, init=-1: [c87755eb-8f71-406d-9b39-c7913bad0d26:192.168.151.103:42498], old=null, confs=<EMPTY_MAP>
2019-10-01 20:15:34,501 [pool-47-thread-1] INFO  server.RaftServerConfigKeys (ConfUtils.java:logGet(43)) - raft.server.storage.dir = [/workdir/hadoop-ozone/ozonefs/target/test-dir/MiniOzoneClusterImpl-cc9961a9-1b1a-49c1-80c6-6d48514b4463/datanode-2/data/ratis] (custom)
2019-10-01 20:15:34,502 [pool-47-thread-1] INFO  storage.RaftStorageDirectory (RaftStorageDirectory.java:analyzeStorage(246)) - The storage directory /workdir/hadoop-ozone/ozonefs/target/test-dir/MiniOzoneClusterImpl-cc9961a9-1b1a-49c1-80c6-6d48514b4463/datanode-2/data/ratis/5a08f3eb-8b70-4bee-9272-afd270adc156 does not exist. Creating ...
2019-10-01 20:15:34,516 [pool-47-thread-1] INFO  storage.RaftStorageDirectory (RaftStorageDirectory.java:tryLock(328)) - Lock on /workdir/hadoop-ozone/ozonefs/target/test-dir/MiniOzoneClusterImpl-cc9961a9-1b1a-49c1-80c6-6d48514b4463/datanode-2/data/ratis/5a08f3eb-8b70-4bee-9272-afd270adc156/in_use.lock acquired by nodename 29826@pr-trunk-878pl-325597374
2019-10-01 20:15:34,530 [pool-47-thread-1] INFO  storage.RaftStorage (RaftStorage.java:format(72)) - Storage directory /workdir/hadoop-ozone/ozonefs/target/test-dir/MiniOzoneClusterImpl-cc9961a9-1b1a-49c1-80c6-6d48514b4463/datanode-2/data/ratis/5a08f3eb-8b70-4bee-9272-afd270adc156 has been successfully formatted.
2019-10-01 20:15:34,531 [pool-47-thread-1] INFO  ratis.ContainerStateMachine (ContainerStateMachine.java:loadSnapshot(231)) - group-AFD270ADC156: The snapshot info is null. Setting the last applied indexto:(t:0, i:~)
2019-10-01 20:15:34,531 [pool-47-thread-1] INFO  server.RaftServerConfigKeys (ConfUtils.java:logGet(43)) - raft.server.notification.no-leader.timeout = 120s (custom)
2019-10-01 20:15:34,531 [pool-47-thread-1] INFO  server.RaftServerConfigKeys (ConfUtils.java:logGet(43)) - raft.server.log.use.memory = false (default)
2019-10-01 20:15:34,531 [pool-47-thread-1] INFO  server.RaftServerConfigKeys (ConfUtils.java:logGet(43)) - raft.server.log.purge.gap = 1000000 (custom)
2019-10-01 20:15:34,531 [pool-47-thread-1] INFO  server.RaftServerConfigKeys (ConfUtils.java:logGet(43)) - raft.server.log.appender.buffer.byte-limit = 33554432 (custom)
2019-10-01 20:15:34,532 [pool-47-thread-1] INFO  server.RaftServerConfigKeys (ConfUtils.java:logGet(43)) - raft.server.log.segment.size.max = 1048576 (custom)
2019-10-01 20:15:34,532 [pool-47-thread-1] INFO  server.RaftServerConfigKeys (ConfUtils.java:logGet(43)) - raft.server.log.segment.cache.num.max = 2 (custom)
2019-10-01 20:15:34,532 [pool-47-thread-1] INFO  segmented.SegmentedRaftLogWorker (SegmentedRaftLogWorker.java:<init>(172)) - new c87755eb-8f71-406d-9b39-c7913bad0d26@group-AFD270ADC156-SegmentedRaftLogWorker for RaftStorage:Storage Directory /workdir/hadoop-ozone/ozonefs/target/test-dir/MiniOzoneClusterImpl-cc9961a9-1b1a-49c1-80c6-6d48514b4463/datanode-2/data/ratis/5a08f3eb-8b70-4bee-9272-afd270adc156
2019-10-01 20:15:34,556 [IPC Server handler 16 on 38874] INFO  net.NetworkTopology (NetworkTopologyImpl.java:add(111)) - Added a new node: /default-rack/f86edd96-38ae-4176-bf56-596fdc615aa1
2019-10-01 20:15:34,556 [IPC Server handler 16 on 38874] INFO  node.SCMNodeManager (SCMNodeManager.java:register(266)) - Registered Data node : f86edd96-38ae-4176-bf56-596fdc615aa1{ip: 192.168.151.103, host: pr-trunk-878pl-325597374, networkLocation: /default-rack, certSerialId: null}
2019-10-01 20:15:34,559 [pool-47-thread-1] INFO  server.RaftServerConfigKeys (ConfUtils.java:logGet(43)) - raft.server.log.queue.byte-limit = 2147483647 (custom)
2019-10-01 20:15:34,559 [pool-47-thread-1] INFO  server.RaftServerConfigKeys (ConfUtils.java:logGet(43)) - raft.server.log.queue.element-limit = 1024 (custom)
2019-10-01 20:15:34,560 [pool-47-thread-1] INFO  server.RaftServerConfigKeys (ConfUtils.java:logGet(43)) - raft.server.log.segment.size.max = 1048576 (custom)
2019-10-01 20:15:34,560 [pool-47-thread-1] INFO  server.RaftServerConfigKeys (ConfUtils.java:logGet(43)) - raft.server.log.preallocated.size = 16384 (custom)
2019-10-01 20:15:34,560 [pool-47-thread-1] INFO  server.RaftServerConfigKeys (ConfUtils.java:logGet(43)) - raft.server.log.write.buffer.size = 33554432 (custom)
2019-10-01 20:15:34,560 [pool-47-thread-1] INFO  server.RaftServerConfigKeys (ConfUtils.java:logGet(43)) - raft.server.log.force.sync.num = 128 (default)
2019-10-01 20:15:34,560 [pool-47-thread-1] INFO  server.RaftServerConfigKeys (ConfUtils.java:logGet(43)) - raft.server.log.statemachine.data.sync = true (default)
2019-10-01 20:15:34,560 [pool-47-thread-1] INFO  server.RaftServerConfigKeys (ConfUtils.java:logGet(43)) - raft.server.log.statemachine.data.sync.timeout = 10s (default)
2019-10-01 20:15:34,561 [pool-47-thread-1] INFO  server.RaftServerConfigKeys (ConfUtils.java:logGet(43)) - raft.server.log.statemachine.data.sync.timeout.retry = -1 (default)
2019-10-01 20:15:34,561 [pool-47-thread-1] INFO  server.RaftServerConfigKeys (ConfUtils.java:logGet(43)) - raft.server.log.statemachine.data.caching.enabled = true (custom)
2019-10-01 20:15:34,561 [pool-47-thread-1] INFO  segmented.SegmentedRaftLogWorker (SegmentedRaftLogWorker.java:lambda$new$0(132)) - c87755eb-8f71-406d-9b39-c7913bad0d26@group-AFD270ADC156-SegmentedRaftLogWorker: flushIndex: setUnconditionally 0 -> -1
2019-10-01 20:15:34,562 [pool-47-thread-1] INFO  server.RaftServerConfigKeys (ConfUtils.java:logGet(43)) - raft.server.snapshot.auto.trigger.enabled = true (custom)
2019-10-01 20:15:34,562 [pool-47-thread-1] INFO  server.RaftServerConfigKeys (ConfUtils.java:logGet(43)) - raft.server.snapshot.auto.trigger.threshold = 10000 (custom)
2019-10-01 20:15:34,562 [pool-47-thread-1] INFO  server.RaftServerConfigKeys (ConfUtils.java:logGet(43)) - raft.server.snapshot.retention.num.files = 5 (custom)
2019-10-01 20:15:34,562 [pool-47-thread-1] INFO  server.RaftServerConfigKeys (ConfUtils.java:logGet(43)) - raft.server.retrycache.expirytime = 600000ms (custom)
2019-10-01 20:15:34,568 [pool-47-thread-1] INFO  impl.RaftServerImpl (RaftServerImpl.java:start(185)) - c87755eb-8f71-406d-9b39-c7913bad0d26@group-AFD270ADC156: start as a follower, conf=-1: [c87755eb-8f71-406d-9b39-c7913bad0d26:192.168.151.103:42498], old=null
2019-10-01 20:15:34,568 [pool-47-thread-1] INFO  impl.RaftServerImpl (RaftServerImpl.java:setRole(174)) - c87755eb-8f71-406d-9b39-c7913bad0d26@group-AFD270ADC156: changes role from      null to FOLLOWER at term 0 for startAsFollower
2019-10-01 20:15:34,569 [pool-47-thread-1] INFO  impl.RoleInfo (RoleInfo.java:updateAndGet(143)) - c87755eb-8f71-406d-9b39-c7913bad0d26: start FollowerState
2019-10-01 20:15:34,569 [pool-47-thread-1] INFO  util.JmxRegister (JmxRegister.java:tryRegister(44)) - Successfully registered JMX Bean with object name Ratis:service=RaftServer,group=group-AFD270ADC156,id=c87755eb-8f71-406d-9b39-c7913bad0d26
2019-10-01 20:15:34,582 [RatisPipelineUtilsThread] INFO  pipeline.PipelineStateManager (PipelineStateManager.java:addPipeline(56)) - Created pipeline Pipeline[ Id: 5a08f3eb-8b70-4bee-9272-afd270adc156, Nodes: c87755eb-8f71-406d-9b39-c7913bad0d26{ip: 192.168.151.103, host: pr-trunk-878pl-325597374, networkLocation: /default-rack, certSerialId: null}, Type:RATIS, Factor:ONE, State:OPEN]
2019-10-01 20:15:34,601 [grpc-default-executor-0] INFO  impl.RaftServerProxy (RaftServerProxy.java:addNew(89)) - f86edd96-38ae-4176-bf56-596fdc615aa1: addNew group-A83ED7DA818F:[f86edd96-38ae-4176-bf56-596fdc615aa1:192.168.151.103:38876] returns group-A83ED7DA818F:java.util.concurrent.CompletableFuture@69455a54[Not completed]
2019-10-01 20:15:34,605 [pool-58-thread-1] INFO  impl.RaftServerImpl (RaftServerImpl.java:<init>(95)) - f86edd96-38ae-4176-bf56-596fdc615aa1: new RaftServerImpl for group-A83ED7DA818F:[f86edd96-38ae-4176-bf56-596fdc615aa1:192.168.151.103:38876] with ContainerStateMachine:uninitialized
2019-10-01 20:15:34,605 [pool-58-thread-1] INFO  server.RaftServerConfigKeys (ConfUtils.java:logGet(43)) - raft.server.rpc.timeout.min = 5s (custom)
2019-10-01 20:15:34,605 [pool-58-thread-1] INFO  server.RaftServerConfigKeys (ConfUtils.java:logGet(43)) - raft.server.rpc.timeout.max = 5200ms (custom)
2019-10-01 20:15:34,605 [pool-58-thread-1] INFO  server.RaftServerConfigKeys (ConfUtils.java:logGet(43)) - raft.server.rpcslowness.timeout = 120s (custom)
2019-10-01 20:15:34,606 [pool-58-thread-1] INFO  server.RaftServerConfigKeys (ConfUtils.java:logGet(43)) - raft.server.sleep.deviation.threshold = 300 (default)
2019-10-01 20:15:34,606 [pool-58-thread-1] INFO  server.RaftServerConfigKeys (ConfUtils.java:logGet(43)) - raft.server.log.appender.install.snapshot.enabled = false (custom)
2019-10-01 20:15:34,606 [pool-58-thread-1] INFO  impl.RaftServerImpl (ServerState.java:<init>(103)) - f86edd96-38ae-4176-bf56-596fdc615aa1@group-A83ED7DA818F: ConfigurationManager, init=-1: [f86edd96-38ae-4176-bf56-596fdc615aa1:192.168.151.103:38876], old=null, confs=<EMPTY_MAP>
2019-10-01 20:15:34,606 [pool-58-thread-1] INFO  server.RaftServerConfigKeys (ConfUtils.java:logGet(43)) - raft.server.storage.dir = [/workdir/hadoop-ozone/ozonefs/target/test-dir/MiniOzoneClusterImpl-cc9961a9-1b1a-49c1-80c6-6d48514b4463/datanode-3/data/ratis] (custom)
2019-10-01 20:15:34,607 [pool-58-thread-1] INFO  storage.RaftStorageDirectory (RaftStorageDirectory.java:analyzeStorage(246)) - The storage directory /workdir/hadoop-ozone/ozonefs/target/test-dir/MiniOzoneClusterImpl-cc9961a9-1b1a-49c1-80c6-6d48514b4463/datanode-3/data/ratis/962e8d0c-984d-40e6-bd41-a83ed7da818f does not exist. Creating ...
2019-10-01 20:15:34,621 [pool-58-thread-1] INFO  storage.RaftStorageDirectory (RaftStorageDirectory.java:tryLock(328)) - Lock on /workdir/hadoop-ozone/ozonefs/target/test-dir/MiniOzoneClusterImpl-cc9961a9-1b1a-49c1-80c6-6d48514b4463/datanode-3/data/ratis/962e8d0c-984d-40e6-bd41-a83ed7da818f/in_use.lock acquired by nodename 29826@pr-trunk-878pl-325597374
2019-10-01 20:15:34,623 [JUnit] INFO  ozone.MiniOzoneClusterImpl (MiniOzoneClusterImpl.java:lambda$waitForClusterToBeReady$0(147)) - Waiting for cluster to be ready. Got 4 of 5 DN Heartbeats.
2019-10-01 20:15:34,623 [IPC Server handler 10 on 38874] INFO  net.NetworkTopology (NetworkTopologyImpl.java:add(111)) - Added a new node: /default-rack/28af574d-2172-4d1d-8894-6c49f9cc6298
2019-10-01 20:15:34,624 [IPC Server handler 10 on 38874] INFO  node.SCMNodeManager (SCMNodeManager.java:register(266)) - Registered Data node : 28af574d-2172-4d1d-8894-6c49f9cc6298{ip: 192.168.151.103, host: pr-trunk-878pl-325597374, networkLocation: /default-rack, certSerialId: null}
2019-10-01 20:15:34,636 [pool-58-thread-1] INFO  storage.RaftStorage (RaftStorage.java:format(72)) - Storage directory /workdir/hadoop-ozone/ozonefs/target/test-dir/MiniOzoneClusterImpl-cc9961a9-1b1a-49c1-80c6-6d48514b4463/datanode-3/data/ratis/962e8d0c-984d-40e6-bd41-a83ed7da818f has been successfully formatted.
2019-10-01 20:15:34,636 [pool-58-thread-1] INFO  ratis.ContainerStateMachine (ContainerStateMachine.java:loadSnapshot(231)) - group-A83ED7DA818F: The snapshot info is null. Setting the last applied indexto:(t:0, i:~)
2019-10-01 20:15:34,636 [pool-58-thread-1] INFO  server.RaftServerConfigKeys (ConfUtils.java:logGet(43)) - raft.server.notification.no-leader.timeout = 120s (custom)
2019-10-01 20:15:34,637 [pool-58-thread-1] INFO  server.RaftServerConfigKeys (ConfUtils.java:logGet(43)) - raft.server.log.use.memory = false (default)
2019-10-01 20:15:34,637 [pool-58-thread-1] INFO  server.RaftServerConfigKeys (ConfUtils.java:logGet(43)) - raft.server.log.purge.gap = 1000000 (custom)
2019-10-01 20:15:34,637 [pool-58-thread-1] INFO  server.RaftServerConfigKeys (ConfUtils.java:logGet(43)) - raft.server.log.appender.buffer.byte-limit = 33554432 (custom)
2019-10-01 20:15:34,637 [pool-58-thread-1] INFO  server.RaftServerConfigKeys (ConfUtils.java:logGet(43)) - raft.server.log.segment.size.max = 1048576 (custom)
2019-10-01 20:15:34,637 [pool-58-thread-1] INFO  server.RaftServerConfigKeys (ConfUtils.java:logGet(43)) - raft.server.log.segment.cache.num.max = 2 (custom)
2019-10-01 20:15:34,638 [pool-58-thread-1] INFO  segmented.SegmentedRaftLogWorker (SegmentedRaftLogWorker.java:<init>(172)) - new f86edd96-38ae-4176-bf56-596fdc615aa1@group-A83ED7DA818F-SegmentedRaftLogWorker for RaftStorage:Storage Directory /workdir/hadoop-ozone/ozonefs/target/test-dir/MiniOzoneClusterImpl-cc9961a9-1b1a-49c1-80c6-6d48514b4463/datanode-3/data/ratis/962e8d0c-984d-40e6-bd41-a83ed7da818f
2019-10-01 20:15:34,641 [pool-58-thread-1] INFO  server.RaftServerConfigKeys (ConfUtils.java:logGet(43)) - raft.server.log.queue.byte-limit = 2147483647 (custom)
2019-10-01 20:15:34,642 [pool-58-thread-1] INFO  server.RaftServerConfigKeys (ConfUtils.java:logGet(43)) - raft.server.log.queue.element-limit = 1024 (custom)
2019-10-01 20:15:34,642 [pool-58-thread-1] INFO  server.RaftServerConfigKeys (ConfUtils.java:logGet(43)) - raft.server.log.segment.size.max = 1048576 (custom)
2019-10-01 20:15:34,642 [pool-58-thread-1] INFO  server.RaftServerConfigKeys (ConfUtils.java:logGet(43)) - raft.server.log.preallocated.size = 16384 (custom)
2019-10-01 20:15:34,642 [pool-58-thread-1] INFO  server.RaftServerConfigKeys (ConfUtils.java:logGet(43)) - raft.server.log.write.buffer.size = 33554432 (custom)
2019-10-01 20:15:34,642 [pool-58-thread-1] INFO  server.RaftServerConfigKeys (ConfUtils.java:logGet(43)) - raft.server.log.force.sync.num = 128 (default)
2019-10-01 20:15:34,642 [pool-58-thread-1] INFO  server.RaftServerConfigKeys (ConfUtils.java:logGet(43)) - raft.server.log.statemachine.data.sync = true (default)
2019-10-01 20:15:34,642 [pool-58-thread-1] INFO  server.RaftServerConfigKeys (ConfUtils.java:logGet(43)) - raft.server.log.statemachine.data.sync.timeout = 10s (default)
2019-10-01 20:15:34,642 [pool-58-thread-1] INFO  server.RaftServerConfigKeys (ConfUtils.java:logGet(43)) - raft.server.log.statemachine.data.sync.timeout.retry = -1 (default)
2019-10-01 20:15:34,643 [pool-58-thread-1] INFO  server.RaftServerConfigKeys (ConfUtils.java:logGet(43)) - raft.server.log.statemachine.data.caching.enabled = true (custom)
2019-10-01 20:15:34,643 [pool-58-thread-1] INFO  segmented.SegmentedRaftLogWorker (SegmentedRaftLogWorker.java:lambda$new$0(132)) - f86edd96-38ae-4176-bf56-596fdc615aa1@group-A83ED7DA818F-SegmentedRaftLogWorker: flushIndex: setUnconditionally 0 -> -1
2019-10-01 20:15:34,643 [pool-58-thread-1] INFO  server.RaftServerConfigKeys (ConfUtils.java:logGet(43)) - raft.server.snapshot.auto.trigger.enabled = true (custom)
2019-10-01 20:15:34,643 [pool-58-thread-1] INFO  server.RaftServerConfigKeys (ConfUtils.java:logGet(43)) - raft.server.snapshot.auto.trigger.threshold = 10000 (custom)
2019-10-01 20:15:34,643 [pool-58-thread-1] INFO  server.RaftServerConfigKeys (ConfUtils.java:logGet(43)) - raft.server.snapshot.retention.num.files = 5 (custom)
2019-10-01 20:15:34,644 [pool-58-thread-1] INFO  server.RaftServerConfigKeys (ConfUtils.java:logGet(43)) - raft.server.retrycache.expirytime = 600000ms (custom)
2019-10-01 20:15:34,647 [pool-58-thread-1] INFO  impl.RaftServerImpl (RaftServerImpl.java:start(185)) - f86edd96-38ae-4176-bf56-596fdc615aa1@group-A83ED7DA818F: start as a follower, conf=-1: [f86edd96-38ae-4176-bf56-596fdc615aa1:192.168.151.103:38876], old=null
2019-10-01 20:15:34,647 [pool-58-thread-1] INFO  impl.RaftServerImpl (RaftServerImpl.java:setRole(174)) - f86edd96-38ae-4176-bf56-596fdc615aa1@group-A83ED7DA818F: changes role from      null to FOLLOWER at term 0 for startAsFollower
2019-10-01 20:15:34,647 [pool-58-thread-1] INFO  impl.RoleInfo (RoleInfo.java:updateAndGet(143)) - f86edd96-38ae-4176-bf56-596fdc615aa1: start FollowerState
2019-10-01 20:15:34,648 [pool-58-thread-1] INFO  util.JmxRegister (JmxRegister.java:tryRegister(44)) - Successfully registered JMX Bean with object name Ratis:service=RaftServer,group=group-A83ED7DA818F,id=f86edd96-38ae-4176-bf56-596fdc615aa1
2019-10-01 20:15:34,658 [RatisPipelineUtilsThread] INFO  pipeline.PipelineStateManager (PipelineStateManager.java:addPipeline(56)) - Created pipeline Pipeline[ Id: 962e8d0c-984d-40e6-bd41-a83ed7da818f, Nodes: f86edd96-38ae-4176-bf56-596fdc615aa1{ip: 192.168.151.103, host: pr-trunk-878pl-325597374, networkLocation: /default-rack, certSerialId: null}, Type:RATIS, Factor:ONE, State:OPEN]
2019-10-01 20:15:34,676 [grpc-default-executor-0] INFO  impl.RaftServerProxy (RaftServerProxy.java:addNew(89)) - 28af574d-2172-4d1d-8894-6c49f9cc6298: addNew group-4BC12B28D958:[28af574d-2172-4d1d-8894-6c49f9cc6298:192.168.151.103:43956] returns group-4BC12B28D958:java.util.concurrent.CompletableFuture@2c0cf0e7[Not completed]
2019-10-01 20:15:34,680 [pool-68-thread-1] INFO  impl.RaftServerImpl (RaftServerImpl.java:<init>(95)) - 28af574d-2172-4d1d-8894-6c49f9cc6298: new RaftServerImpl for group-4BC12B28D958:[28af574d-2172-4d1d-8894-6c49f9cc6298:192.168.151.103:43956] with ContainerStateMachine:uninitialized
2019-10-01 20:15:34,680 [pool-68-thread-1] INFO  server.RaftServerConfigKeys (ConfUtils.java:logGet(43)) - raft.server.rpc.timeout.min = 5s (custom)
2019-10-01 20:15:34,681 [pool-68-thread-1] INFO  server.RaftServerConfigKeys (ConfUtils.java:logGet(43)) - raft.server.rpc.timeout.max = 5200ms (custom)
2019-10-01 20:15:34,681 [pool-68-thread-1] INFO  server.RaftServerConfigKeys (ConfUtils.java:logGet(43)) - raft.server.rpcslowness.timeout = 120s (custom)
2019-10-01 20:15:34,681 [pool-68-thread-1] INFO  server.RaftServerConfigKeys (ConfUtils.java:logGet(43)) - raft.server.sleep.deviation.threshold = 300 (default)
2019-10-01 20:15:34,681 [pool-68-thread-1] INFO  server.RaftServerConfigKeys (ConfUtils.java:logGet(43)) - raft.server.log.appender.install.snapshot.enabled = false (custom)
2019-10-01 20:15:34,681 [pool-68-thread-1] INFO  impl.RaftServerImpl (ServerState.java:<init>(103)) - 28af574d-2172-4d1d-8894-6c49f9cc6298@group-4BC12B28D958: ConfigurationManager, init=-1: [28af574d-2172-4d1d-8894-6c49f9cc6298:192.168.151.103:43956], old=null, confs=<EMPTY_MAP>
2019-10-01 20:15:34,682 [pool-68-thread-1] INFO  server.RaftServerConfigKeys (ConfUtils.java:logGet(43)) - raft.server.storage.dir = [/workdir/hadoop-ozone/ozonefs/target/test-dir/MiniOzoneClusterImpl-cc9961a9-1b1a-49c1-80c6-6d48514b4463/datanode-4/data/ratis] (custom)
2019-10-01 20:15:34,682 [pool-68-thread-1] INFO  storage.RaftStorageDirectory (RaftStorageDirectory.java:analyzeStorage(246)) - The storage directory /workdir/hadoop-ozone/ozonefs/target/test-dir/MiniOzoneClusterImpl-cc9961a9-1b1a-49c1-80c6-6d48514b4463/datanode-4/data/ratis/ca4dd041-cffe-4b5e-b5cd-4bc12b28d958 does not exist. Creating ...
2019-10-01 20:15:34,695 [pool-68-thread-1] INFO  storage.RaftStorageDirectory (RaftStorageDirectory.java:tryLock(328)) - Lock on /workdir/hadoop-ozone/ozonefs/target/test-dir/MiniOzoneClusterImpl-cc9961a9-1b1a-49c1-80c6-6d48514b4463/datanode-4/data/ratis/ca4dd041-cffe-4b5e-b5cd-4bc12b28d958/in_use.lock acquired by nodename 29826@pr-trunk-878pl-325597374
2019-10-01 20:15:34,708 [pool-68-thread-1] INFO  storage.RaftStorage (RaftStorage.java:format(72)) - Storage directory /workdir/hadoop-ozone/ozonefs/target/test-dir/MiniOzoneClusterImpl-cc9961a9-1b1a-49c1-80c6-6d48514b4463/datanode-4/data/ratis/ca4dd041-cffe-4b5e-b5cd-4bc12b28d958 has been successfully formatted.
2019-10-01 20:15:34,708 [pool-68-thread-1] INFO  ratis.ContainerStateMachine (ContainerStateMachine.java:loadSnapshot(231)) - group-4BC12B28D958: The snapshot info is null. Setting the last applied indexto:(t:0, i:~)
2019-10-01 20:15:34,709 [pool-68-thread-1] INFO  server.RaftServerConfigKeys (ConfUtils.java:logGet(43)) - raft.server.notification.no-leader.timeout = 120s (custom)
2019-10-01 20:15:34,709 [pool-68-thread-1] INFO  server.RaftServerConfigKeys (ConfUtils.java:logGet(43)) - raft.server.log.use.memory = false (default)
2019-10-01 20:15:34,709 [pool-68-thread-1] INFO  server.RaftServerConfigKeys (ConfUtils.java:logGet(43)) - raft.server.log.purge.gap = 1000000 (custom)
2019-10-01 20:15:34,709 [pool-68-thread-1] INFO  server.RaftServerConfigKeys (ConfUtils.java:logGet(43)) - raft.server.log.appender.buffer.byte-limit = 33554432 (custom)
2019-10-01 20:15:34,710 [pool-68-thread-1] INFO  server.RaftServerConfigKeys (ConfUtils.java:logGet(43)) - raft.server.log.segment.size.max = 1048576 (custom)
2019-10-01 20:15:34,710 [pool-68-thread-1] INFO  server.RaftServerConfigKeys (ConfUtils.java:logGet(43)) - raft.server.log.segment.cache.num.max = 2 (custom)
2019-10-01 20:15:34,710 [pool-68-thread-1] INFO  segmented.SegmentedRaftLogWorker (SegmentedRaftLogWorker.java:<init>(172)) - new 28af574d-2172-4d1d-8894-6c49f9cc6298@group-4BC12B28D958-SegmentedRaftLogWorker for RaftStorage:Storage Directory /workdir/hadoop-ozone/ozonefs/target/test-dir/MiniOzoneClusterImpl-cc9961a9-1b1a-49c1-80c6-6d48514b4463/datanode-4/data/ratis/ca4dd041-cffe-4b5e-b5cd-4bc12b28d958
2019-10-01 20:15:34,715 [pool-68-thread-1] INFO  server.RaftServerConfigKeys (ConfUtils.java:logGet(43)) - raft.server.log.queue.byte-limit = 2147483647 (custom)
2019-10-01 20:15:34,715 [pool-68-thread-1] INFO  server.RaftServerConfigKeys (ConfUtils.java:logGet(43)) - raft.server.log.queue.element-limit = 1024 (custom)
2019-10-01 20:15:34,716 [pool-68-thread-1] INFO  server.RaftServerConfigKeys (ConfUtils.java:logGet(43)) - raft.server.log.segment.size.max = 1048576 (custom)
2019-10-01 20:15:34,716 [pool-68-thread-1] INFO  server.RaftServerConfigKeys (ConfUtils.java:logGet(43)) - raft.server.log.preallocated.size = 16384 (custom)
2019-10-01 20:15:34,716 [pool-68-thread-1] INFO  server.RaftServerConfigKeys (ConfUtils.java:logGet(43)) - raft.server.log.write.buffer.size = 33554432 (custom)
2019-10-01 20:15:34,716 [pool-68-thread-1] INFO  server.RaftServerConfigKeys (ConfUtils.java:logGet(43)) - raft.server.log.force.sync.num = 128 (default)
2019-10-01 20:15:34,716 [pool-68-thread-1] INFO  server.RaftServerConfigKeys (ConfUtils.java:logGet(43)) - raft.server.log.statemachine.data.sync = true (default)
2019-10-01 20:15:34,717 [pool-68-thread-1] INFO  server.RaftServerConfigKeys (ConfUtils.java:logGet(43)) - raft.server.log.statemachine.data.sync.timeout = 10s (default)
2019-10-01 20:15:34,717 [pool-68-thread-1] INFO  server.RaftServerConfigKeys (ConfUtils.java:logGet(43)) - raft.server.log.statemachine.data.sync.timeout.retry = -1 (default)
2019-10-01 20:15:34,717 [pool-68-thread-1] INFO  server.RaftServerConfigKeys (ConfUtils.java:logGet(43)) - raft.server.log.statemachine.data.caching.enabled = true (custom)
2019-10-01 20:15:34,717 [pool-68-thread-1] INFO  segmented.SegmentedRaftLogWorker (SegmentedRaftLogWorker.java:lambda$new$0(132)) - 28af574d-2172-4d1d-8894-6c49f9cc6298@group-4BC12B28D958-SegmentedRaftLogWorker: flushIndex: setUnconditionally 0 -> -1
2019-10-01 20:15:34,718 [pool-68-thread-1] INFO  server.RaftServerConfigKeys (ConfUtils.java:logGet(43)) - raft.server.snapshot.auto.trigger.enabled = true (custom)
2019-10-01 20:15:34,718 [pool-68-thread-1] INFO  server.RaftServerConfigKeys (ConfUtils.java:logGet(43)) - raft.server.snapshot.auto.trigger.threshold = 10000 (custom)
2019-10-01 20:15:34,718 [pool-68-thread-1] INFO  server.RaftServerConfigKeys (ConfUtils.java:logGet(43)) - raft.server.snapshot.retention.num.files = 5 (custom)
2019-10-01 20:15:34,718 [pool-68-thread-1] INFO  server.RaftServerConfigKeys (ConfUtils.java:logGet(43)) - raft.server.retrycache.expirytime = 600000ms (custom)
2019-10-01 20:15:34,723 [pool-68-thread-1] INFO  impl.RaftServerImpl (RaftServerImpl.java:start(185)) - 28af574d-2172-4d1d-8894-6c49f9cc6298@group-4BC12B28D958: start as a follower, conf=-1: [28af574d-2172-4d1d-8894-6c49f9cc6298:192.168.151.103:43956], old=null
2019-10-01 20:15:34,723 [pool-68-thread-1] INFO  impl.RaftServerImpl (RaftServerImpl.java:setRole(174)) - 28af574d-2172-4d1d-8894-6c49f9cc6298@group-4BC12B28D958: changes role from      null to FOLLOWER at term 0 for startAsFollower
2019-10-01 20:15:34,724 [pool-68-thread-1] INFO  impl.RoleInfo (RoleInfo.java:updateAndGet(143)) - 28af574d-2172-4d1d-8894-6c49f9cc6298: start FollowerState
2019-10-01 20:15:34,724 [pool-68-thread-1] INFO  util.JmxRegister (JmxRegister.java:tryRegister(44)) - Successfully registered JMX Bean with object name Ratis:service=RaftServer,group=group-4BC12B28D958,id=28af574d-2172-4d1d-8894-6c49f9cc6298
2019-10-01 20:15:34,738 [RatisPipelineUtilsThread] INFO  pipeline.PipelineStateManager (PipelineStateManager.java:addPipeline(56)) - Created pipeline Pipeline[ Id: ca4dd041-cffe-4b5e-b5cd-4bc12b28d958, Nodes: 28af574d-2172-4d1d-8894-6c49f9cc6298{ip: 192.168.151.103, host: pr-trunk-878pl-325597374, networkLocation: /default-rack, certSerialId: null}, Type:RATIS, Factor:ONE, State:OPEN]
2019-10-01 20:15:34,780 [grpc-default-executor-1] INFO  impl.RaftServerProxy (RaftServerProxy.java:addNew(89)) - 28af574d-2172-4d1d-8894-6c49f9cc6298: addNew group-A5BC2F713CF6:[28af574d-2172-4d1d-8894-6c49f9cc6298:192.168.151.103:43956, dd72838a-f206-4369-be48-6b1e036e4dac:192.168.151.103:34429, c87755eb-8f71-406d-9b39-c7913bad0d26:192.168.151.103:42498] returns group-A5BC2F713CF6:java.util.concurrent.CompletableFuture@603bbc84[Not completed]
2019-10-01 20:15:34,780 [grpc-default-executor-2] INFO  impl.RaftServerProxy (RaftServerProxy.java:addNew(89)) - c87755eb-8f71-406d-9b39-c7913bad0d26: addNew group-A5BC2F713CF6:[28af574d-2172-4d1d-8894-6c49f9cc6298:192.168.151.103:43956, dd72838a-f206-4369-be48-6b1e036e4dac:192.168.151.103:34429, c87755eb-8f71-406d-9b39-c7913bad0d26:192.168.151.103:42498] returns group-A5BC2F713CF6:java.util.concurrent.CompletableFuture@46e8fe5[Not completed]
2019-10-01 20:15:34,783 [grpc-default-executor-2] INFO  impl.RaftServerProxy (RaftServerProxy.java:addNew(89)) - dd72838a-f206-4369-be48-6b1e036e4dac: addNew group-A5BC2F713CF6:[28af574d-2172-4d1d-8894-6c49f9cc6298:192.168.151.103:43956, dd72838a-f206-4369-be48-6b1e036e4dac:192.168.151.103:34429, c87755eb-8f71-406d-9b39-c7913bad0d26:192.168.151.103:42498] returns group-A5BC2F713CF6:java.util.concurrent.CompletableFuture@511bb0[Not completed]
2019-10-01 20:15:34,783 [pool-68-thread-1] INFO  impl.RaftServerImpl (RaftServerImpl.java:<init>(95)) - 28af574d-2172-4d1d-8894-6c49f9cc6298: new RaftServerImpl for group-A5BC2F713CF6:[28af574d-2172-4d1d-8894-6c49f9cc6298:192.168.151.103:43956, dd72838a-f206-4369-be48-6b1e036e4dac:192.168.151.103:34429, c87755eb-8f71-406d-9b39-c7913bad0d26:192.168.151.103:42498] with ContainerStateMachine:uninitialized
2019-10-01 20:15:34,783 [pool-68-thread-1] INFO  server.RaftServerConfigKeys (ConfUtils.java:logGet(43)) - raft.server.rpc.timeout.min = 5s (custom)
2019-10-01 20:15:34,783 [pool-68-thread-1] INFO  server.RaftServerConfigKeys (ConfUtils.java:logGet(43)) - raft.server.rpc.timeout.max = 5200ms (custom)
2019-10-01 20:15:34,783 [pool-68-thread-1] INFO  server.RaftServerConfigKeys (ConfUtils.java:logGet(43)) - raft.server.rpcslowness.timeout = 120s (custom)
2019-10-01 20:15:34,783 [pool-68-thread-1] INFO  server.RaftServerConfigKeys (ConfUtils.java:logGet(43)) - raft.server.sleep.deviation.threshold = 300 (default)
2019-10-01 20:15:34,783 [pool-68-thread-1] INFO  server.RaftServerConfigKeys (ConfUtils.java:logGet(43)) - raft.server.log.appender.install.snapshot.enabled = false (custom)
2019-10-01 20:15:34,783 [pool-68-thread-1] INFO  impl.RaftServerImpl (ServerState.java:<init>(103)) - 28af574d-2172-4d1d-8894-6c49f9cc6298@group-A5BC2F713CF6: ConfigurationManager, init=-1: [28af574d-2172-4d1d-8894-6c49f9cc6298:192.168.151.103:43956, dd72838a-f206-4369-be48-6b1e036e4dac:192.168.151.103:34429, c87755eb-8f71-406d-9b39-c7913bad0d26:192.168.151.103:42498], old=null, confs=<EMPTY_MAP>
2019-10-01 20:15:34,784 [pool-68-thread-1] INFO  server.RaftServerConfigKeys (ConfUtils.java:logGet(43)) - raft.server.storage.dir = [/workdir/hadoop-ozone/ozonefs/target/test-dir/MiniOzoneClusterImpl-cc9961a9-1b1a-49c1-80c6-6d48514b4463/datanode-4/data/ratis] (custom)
2019-10-01 20:15:34,784 [pool-68-thread-1] INFO  storage.RaftStorageDirectory (RaftStorageDirectory.java:analyzeStorage(246)) - The storage directory /workdir/hadoop-ozone/ozonefs/target/test-dir/MiniOzoneClusterImpl-cc9961a9-1b1a-49c1-80c6-6d48514b4463/datanode-4/data/ratis/ebb47933-09d9-4143-8f08-a5bc2f713cf6 does not exist. Creating ...
2019-10-01 20:15:34,784 [pool-47-thread-1] INFO  impl.RaftServerImpl (RaftServerImpl.java:<init>(95)) - c87755eb-8f71-406d-9b39-c7913bad0d26: new RaftServerImpl for group-A5BC2F713CF6:[28af574d-2172-4d1d-8894-6c49f9cc6298:192.168.151.103:43956, dd72838a-f206-4369-be48-6b1e036e4dac:192.168.151.103:34429, c87755eb-8f71-406d-9b39-c7913bad0d26:192.168.151.103:42498] with ContainerStateMachine:uninitialized
2019-10-01 20:15:34,784 [pool-47-thread-1] INFO  server.RaftServerConfigKeys (ConfUtils.java:logGet(43)) - raft.server.rpc.timeout.min = 5s (custom)
2019-10-01 20:15:34,785 [pool-47-thread-1] INFO  server.RaftServerConfigKeys (ConfUtils.java:logGet(43)) - raft.server.rpc.timeout.max = 5200ms (custom)
2019-10-01 20:15:34,785 [pool-47-thread-1] INFO  server.RaftServerConfigKeys (ConfUtils.java:logGet(43)) - raft.server.rpcslowness.timeout = 120s (custom)
2019-10-01 20:15:34,785 [pool-47-thread-1] INFO  server.RaftServerConfigKeys (ConfUtils.java:logGet(43)) - raft.server.sleep.deviation.threshold = 300 (default)
2019-10-01 20:15:34,786 [pool-47-thread-1] INFO  server.RaftServerConfigKeys (ConfUtils.java:logGet(43)) - raft.server.log.appender.install.snapshot.enabled = false (custom)
2019-10-01 20:15:34,786 [pool-37-thread-1] INFO  impl.RaftServerImpl (RaftServerImpl.java:<init>(95)) - dd72838a-f206-4369-be48-6b1e036e4dac: new RaftServerImpl for group-A5BC2F713CF6:[28af574d-2172-4d1d-8894-6c49f9cc6298:192.168.151.103:43956, dd72838a-f206-4369-be48-6b1e036e4dac:192.168.151.103:34429, c87755eb-8f71-406d-9b39-c7913bad0d26:192.168.151.103:42498] with ContainerStateMachine:uninitialized
2019-10-01 20:15:34,786 [pool-47-thread-1] INFO  impl.RaftServerImpl (ServerState.java:<init>(103)) - c87755eb-8f71-406d-9b39-c7913bad0d26@group-A5BC2F713CF6: ConfigurationManager, init=-1: [28af574d-2172-4d1d-8894-6c49f9cc6298:192.168.151.103:43956, dd72838a-f206-4369-be48-6b1e036e4dac:192.168.151.103:34429, c87755eb-8f71-406d-9b39-c7913bad0d26:192.168.151.103:42498], old=null, confs=<EMPTY_MAP>
2019-10-01 20:15:34,786 [pool-37-thread-1] INFO  server.RaftServerConfigKeys (ConfUtils.java:logGet(43)) - raft.server.rpc.timeout.min = 5s (custom)
2019-10-01 20:15:34,786 [pool-47-thread-1] INFO  server.RaftServerConfigKeys (ConfUtils.java:logGet(43)) - raft.server.storage.dir = [/workdir/hadoop-ozone/ozonefs/target/test-dir/MiniOzoneClusterImpl-cc9961a9-1b1a-49c1-80c6-6d48514b4463/datanode-2/data/ratis] (custom)
2019-10-01 20:15:34,786 [pool-37-thread-1] INFO  server.RaftServerConfigKeys (ConfUtils.java:logGet(43)) - raft.server.rpc.timeout.max = 5200ms (custom)
2019-10-01 20:15:34,787 [pool-47-thread-1] INFO  storage.RaftStorageDirectory (RaftStorageDirectory.java:analyzeStorage(246)) - The storage directory /workdir/hadoop-ozone/ozonefs/target/test-dir/MiniOzoneClusterImpl-cc9961a9-1b1a-49c1-80c6-6d48514b4463/datanode-2/data/ratis/ebb47933-09d9-4143-8f08-a5bc2f713cf6 does not exist. Creating ...
2019-10-01 20:15:34,787 [pool-37-thread-1] INFO  server.RaftServerConfigKeys (ConfUtils.java:logGet(43)) - raft.server.rpcslowness.timeout = 120s (custom)
2019-10-01 20:15:34,787 [pool-37-thread-1] INFO  server.RaftServerConfigKeys (ConfUtils.java:logGet(43)) - raft.server.sleep.deviation.threshold = 300 (default)
2019-10-01 20:15:34,787 [pool-37-thread-1] INFO  server.RaftServerConfigKeys (ConfUtils.java:logGet(43)) - raft.server.log.appender.install.snapshot.enabled = false (custom)
2019-10-01 20:15:34,788 [pool-37-thread-1] INFO  impl.RaftServerImpl (ServerState.java:<init>(103)) - dd72838a-f206-4369-be48-6b1e036e4dac@group-A5BC2F713CF6: ConfigurationManager, init=-1: [28af574d-2172-4d1d-8894-6c49f9cc6298:192.168.151.103:43956, dd72838a-f206-4369-be48-6b1e036e4dac:192.168.151.103:34429, c87755eb-8f71-406d-9b39-c7913bad0d26:192.168.151.103:42498], old=null, confs=<EMPTY_MAP>
2019-10-01 20:15:34,788 [pool-37-thread-1] INFO  server.RaftServerConfigKeys (ConfUtils.java:logGet(43)) - raft.server.storage.dir = [/workdir/hadoop-ozone/ozonefs/target/test-dir/MiniOzoneClusterImpl-cc9961a9-1b1a-49c1-80c6-6d48514b4463/datanode-1/data/ratis] (custom)
2019-10-01 20:15:34,788 [pool-37-thread-1] INFO  storage.RaftStorageDirectory (RaftStorageDirectory.java:analyzeStorage(246)) - The storage directory /workdir/hadoop-ozone/ozonefs/target/test-dir/MiniOzoneClusterImpl-cc9961a9-1b1a-49c1-80c6-6d48514b4463/datanode-1/data/ratis/ebb47933-09d9-4143-8f08-a5bc2f713cf6 does not exist. Creating ...
2019-10-01 20:15:34,796 [Thread-202] INFO  container.ReplicationManager (ReplicationManager.java:start(162)) - Starting Replication Monitor Thread.
2019-10-01 20:15:34,798 [ReplicationMonitor] INFO  container.ReplicationManager (ReplicationManager.java:run(225)) - Replication Monitor Thread took 0 milliseconds for processing 0 containers.
2019-10-01 20:15:34,809 [pool-47-thread-1] INFO  storage.RaftStorageDirectory (RaftStorageDirectory.java:tryLock(328)) - Lock on /workdir/hadoop-ozone/ozonefs/target/test-dir/MiniOzoneClusterImpl-cc9961a9-1b1a-49c1-80c6-6d48514b4463/datanode-2/data/ratis/ebb47933-09d9-4143-8f08-a5bc2f713cf6/in_use.lock acquired by nodename 29826@pr-trunk-878pl-325597374
2019-10-01 20:15:34,809 [pool-68-thread-1] INFO  storage.RaftStorageDirectory (RaftStorageDirectory.java:tryLock(328)) - Lock on /workdir/hadoop-ozone/ozonefs/target/test-dir/MiniOzoneClusterImpl-cc9961a9-1b1a-49c1-80c6-6d48514b4463/datanode-4/data/ratis/ebb47933-09d9-4143-8f08-a5bc2f713cf6/in_use.lock acquired by nodename 29826@pr-trunk-878pl-325597374
2019-10-01 20:15:34,809 [pool-37-thread-1] INFO  storage.RaftStorageDirectory (RaftStorageDirectory.java:tryLock(328)) - Lock on /workdir/hadoop-ozone/ozonefs/target/test-dir/MiniOzoneClusterImpl-cc9961a9-1b1a-49c1-80c6-6d48514b4463/datanode-1/data/ratis/ebb47933-09d9-4143-8f08-a5bc2f713cf6/in_use.lock acquired by nodename 29826@pr-trunk-878pl-325597374
2019-10-01 20:15:34,830 [pool-47-thread-1] INFO  storage.RaftStorage (RaftStorage.java:format(72)) - Storage directory /workdir/hadoop-ozone/ozonefs/target/test-dir/MiniOzoneClusterImpl-cc9961a9-1b1a-49c1-80c6-6d48514b4463/datanode-2/data/ratis/ebb47933-09d9-4143-8f08-a5bc2f713cf6 has been successfully formatted.
2019-10-01 20:15:34,830 [pool-37-thread-1] INFO  storage.RaftStorage (RaftStorage.java:format(72)) - Storage directory /workdir/hadoop-ozone/ozonefs/target/test-dir/MiniOzoneClusterImpl-cc9961a9-1b1a-49c1-80c6-6d48514b4463/datanode-1/data/ratis/ebb47933-09d9-4143-8f08-a5bc2f713cf6 has been successfully formatted.
2019-10-01 20:15:34,830 [pool-68-thread-1] INFO  storage.RaftStorage (RaftStorage.java:format(72)) - Storage directory /workdir/hadoop-ozone/ozonefs/target/test-dir/MiniOzoneClusterImpl-cc9961a9-1b1a-49c1-80c6-6d48514b4463/datanode-4/data/ratis/ebb47933-09d9-4143-8f08-a5bc2f713cf6 has been successfully formatted.
2019-10-01 20:15:34,830 [pool-37-thread-1] INFO  ratis.ContainerStateMachine (ContainerStateMachine.java:loadSnapshot(231)) - group-A5BC2F713CF6: The snapshot info is null. Setting the last applied indexto:(t:0, i:~)
2019-10-01 20:15:34,830 [pool-47-thread-1] INFO  ratis.ContainerStateMachine (ContainerStateMachine.java:loadSnapshot(231)) - group-A5BC2F713CF6: The snapshot info is null. Setting the last applied indexto:(t:0, i:~)
2019-10-01 20:15:34,830 [pool-37-thread-1] INFO  server.RaftServerConfigKeys (ConfUtils.java:logGet(43)) - raft.server.notification.no-leader.timeout = 120s (custom)
2019-10-01 20:15:34,830 [pool-68-thread-1] INFO  ratis.ContainerStateMachine (ContainerStateMachine.java:loadSnapshot(231)) - group-A5BC2F713CF6: The snapshot info is null. Setting the last applied indexto:(t:0, i:~)
2019-10-01 20:15:34,830 [pool-37-thread-1] INFO  server.RaftServerConfigKeys (ConfUtils.java:logGet(43)) - raft.server.log.use.memory = false (default)
2019-10-01 20:15:34,830 [pool-47-thread-1] INFO  server.RaftServerConfigKeys (ConfUtils.java:logGet(43)) - raft.server.notification.no-leader.timeout = 120s (custom)
2019-10-01 20:15:34,831 [pool-37-thread-1] INFO  server.RaftServerConfigKeys (ConfUtils.java:logGet(43)) - raft.server.log.purge.gap = 1000000 (custom)
2019-10-01 20:15:34,831 [pool-68-thread-1] INFO  server.RaftServerConfigKeys (ConfUtils.java:logGet(43)) - raft.server.notification.no-leader.timeout = 120s (custom)
2019-10-01 20:15:34,831 [pool-37-thread-1] INFO  server.RaftServerConfigKeys (ConfUtils.java:logGet(43)) - raft.server.log.appender.buffer.byte-limit = 33554432 (custom)
2019-10-01 20:15:34,831 [pool-47-thread-1] INFO  server.RaftServerConfigKeys (ConfUtils.java:logGet(43)) - raft.server.log.use.memory = false (default)
2019-10-01 20:15:34,831 [pool-37-thread-1] INFO  server.RaftServerConfigKeys (ConfUtils.java:logGet(43)) - raft.server.log.segment.size.max = 1048576 (custom)
2019-10-01 20:15:34,831 [pool-68-thread-1] INFO  server.RaftServerConfigKeys (ConfUtils.java:logGet(43)) - raft.server.log.use.memory = false (default)
2019-10-01 20:15:34,831 [pool-37-thread-1] INFO  server.RaftServerConfigKeys (ConfUtils.java:logGet(43)) - raft.server.log.segment.cache.num.max = 2 (custom)
2019-10-01 20:15:34,831 [pool-47-thread-1] INFO  server.RaftServerConfigKeys (ConfUtils.java:logGet(43)) - raft.server.log.purge.gap = 1000000 (custom)
2019-10-01 20:15:34,832 [pool-37-thread-1] INFO  segmented.SegmentedRaftLogWorker (SegmentedRaftLogWorker.java:<init>(172)) - new dd72838a-f206-4369-be48-6b1e036e4dac@group-A5BC2F713CF6-SegmentedRaftLogWorker for RaftStorage:Storage Directory /workdir/hadoop-ozone/ozonefs/target/test-dir/MiniOzoneClusterImpl-cc9961a9-1b1a-49c1-80c6-6d48514b4463/datanode-1/data/ratis/ebb47933-09d9-4143-8f08-a5bc2f713cf6
2019-10-01 20:15:34,832 [pool-68-thread-1] INFO  server.RaftServerConfigKeys (ConfUtils.java:logGet(43)) - raft.server.log.purge.gap = 1000000 (custom)
2019-10-01 20:15:34,832 [pool-37-thread-1] INFO  server.RaftServerConfigKeys (ConfUtils.java:logGet(43)) - raft.server.log.queue.byte-limit = 2147483647 (custom)
2019-10-01 20:15:34,832 [pool-47-thread-1] INFO  server.RaftServerConfigKeys (ConfUtils.java:logGet(43)) - raft.server.log.appender.buffer.byte-limit = 33554432 (custom)
2019-10-01 20:15:34,832 [pool-37-thread-1] INFO  server.RaftServerConfigKeys (ConfUtils.java:logGet(43)) - raft.server.log.queue.element-limit = 1024 (custom)
2019-10-01 20:15:34,832 [pool-68-thread-1] INFO  server.RaftServerConfigKeys (ConfUtils.java:logGet(43)) - raft.server.log.appender.buffer.byte-limit = 33554432 (custom)
2019-10-01 20:15:34,832 [pool-37-thread-1] INFO  server.RaftServerConfigKeys (ConfUtils.java:logGet(43)) - raft.server.log.segment.size.max = 1048576 (custom)
2019-10-01 20:15:34,832 [pool-47-thread-1] INFO  server.RaftServerConfigKeys (ConfUtils.java:logGet(43)) - raft.server.log.segment.size.max = 1048576 (custom)
2019-10-01 20:15:34,833 [pool-37-thread-1] INFO  server.RaftServerConfigKeys (ConfUtils.java:logGet(43)) - raft.server.log.preallocated.size = 16384 (custom)
2019-10-01 20:15:34,833 [pool-68-thread-1] INFO  server.RaftServerConfigKeys (ConfUtils.java:logGet(43)) - raft.server.log.segment.size.max = 1048576 (custom)
2019-10-01 20:15:34,833 [pool-37-thread-1] INFO  server.RaftServerConfigKeys (ConfUtils.java:logGet(43)) - raft.server.log.write.buffer.size = 33554432 (custom)
2019-10-01 20:15:34,833 [pool-47-thread-1] INFO  server.RaftServerConfigKeys (ConfUtils.java:logGet(43)) - raft.server.log.segment.cache.num.max = 2 (custom)
2019-10-01 20:15:34,833 [pool-37-thread-1] INFO  server.RaftServerConfigKeys (ConfUtils.java:logGet(43)) - raft.server.log.force.sync.num = 128 (default)
2019-10-01 20:15:34,833 [pool-68-thread-1] INFO  server.RaftServerConfigKeys (ConfUtils.java:logGet(43)) - raft.server.log.segment.cache.num.max = 2 (custom)
2019-10-01 20:15:34,833 [pool-37-thread-1] INFO  server.RaftServerConfigKeys (ConfUtils.java:logGet(43)) - raft.server.log.statemachine.data.sync = true (default)
2019-10-01 20:15:34,833 [pool-47-thread-1] INFO  segmented.SegmentedRaftLogWorker (SegmentedRaftLogWorker.java:<init>(172)) - new c87755eb-8f71-406d-9b39-c7913bad0d26@group-A5BC2F713CF6-SegmentedRaftLogWorker for RaftStorage:Storage Directory /workdir/hadoop-ozone/ozonefs/target/test-dir/MiniOzoneClusterImpl-cc9961a9-1b1a-49c1-80c6-6d48514b4463/datanode-2/data/ratis/ebb47933-09d9-4143-8f08-a5bc2f713cf6
2019-10-01 20:15:34,834 [pool-37-thread-1] INFO  server.RaftServerConfigKeys (ConfUtils.java:logGet(43)) - raft.server.log.statemachine.data.sync.timeout = 10s (default)
2019-10-01 20:15:34,834 [pool-68-thread-1] INFO  segmented.SegmentedRaftLogWorker (SegmentedRaftLogWorker.java:<init>(172)) - new 28af574d-2172-4d1d-8894-6c49f9cc6298@group-A5BC2F713CF6-SegmentedRaftLogWorker for RaftStorage:Storage Directory /workdir/hadoop-ozone/ozonefs/target/test-dir/MiniOzoneClusterImpl-cc9961a9-1b1a-49c1-80c6-6d48514b4463/datanode-4/data/ratis/ebb47933-09d9-4143-8f08-a5bc2f713cf6
2019-10-01 20:15:34,834 [pool-37-thread-1] INFO  server.RaftServerConfigKeys (ConfUtils.java:logGet(43)) - raft.server.log.statemachine.data.sync.timeout.retry = -1 (default)
2019-10-01 20:15:34,834 [pool-47-thread-1] INFO  server.RaftServerConfigKeys (ConfUtils.java:logGet(43)) - raft.server.log.queue.byte-limit = 2147483647 (custom)
2019-10-01 20:15:34,834 [pool-37-thread-1] INFO  server.RaftServerConfigKeys (ConfUtils.java:logGet(43)) - raft.server.log.statemachine.data.caching.enabled = true (custom)
2019-10-01 20:15:34,834 [pool-68-thread-1] INFO  server.RaftServerConfigKeys (ConfUtils.java:logGet(43)) - raft.server.log.queue.byte-limit = 2147483647 (custom)
2019-10-01 20:15:34,834 [pool-47-thread-1] INFO  server.RaftServerConfigKeys (ConfUtils.java:logGet(43)) - raft.server.log.queue.element-limit = 1024 (custom)
2019-10-01 20:15:34,835 [pool-37-thread-1] INFO  segmented.SegmentedRaftLogWorker (SegmentedRaftLogWorker.java:lambda$new$0(132)) - dd72838a-f206-4369-be48-6b1e036e4dac@group-A5BC2F713CF6-SegmentedRaftLogWorker: flushIndex: setUnconditionally 0 -> -1
2019-10-01 20:15:34,835 [pool-68-thread-1] INFO  server.RaftServerConfigKeys (ConfUtils.java:logGet(43)) - raft.server.log.queue.element-limit = 1024 (custom)
2019-10-01 20:15:34,835 [pool-37-thread-1] INFO  server.RaftServerConfigKeys (ConfUtils.java:logGet(43)) - raft.server.snapshot.auto.trigger.enabled = true (custom)
2019-10-01 20:15:34,835 [pool-47-thread-1] INFO  server.RaftServerConfigKeys (ConfUtils.java:logGet(43)) - raft.server.log.segment.size.max = 1048576 (custom)
2019-10-01 20:15:34,835 [pool-37-thread-1] INFO  server.RaftServerConfigKeys (ConfUtils.java:logGet(43)) - raft.server.snapshot.auto.trigger.threshold = 10000 (custom)
2019-10-01 20:15:34,835 [pool-68-thread-1] INFO  server.RaftServerConfigKeys (ConfUtils.java:logGet(43)) - raft.server.log.segment.size.max = 1048576 (custom)
2019-10-01 20:15:34,835 [pool-37-thread-1] INFO  server.RaftServerConfigKeys (ConfUtils.java:logGet(43)) - raft.server.snapshot.retention.num.files = 5 (custom)
2019-10-01 20:15:34,835 [pool-47-thread-1] INFO  server.RaftServerConfigKeys (ConfUtils.java:logGet(43)) - raft.server.log.preallocated.size = 16384 (custom)
2019-10-01 20:15:34,836 [pool-37-thread-1] INFO  server.RaftServerConfigKeys (ConfUtils.java:logGet(43)) - raft.server.retrycache.expirytime = 600000ms (custom)
2019-10-01 20:15:34,835 [pool-68-thread-1] INFO  server.RaftServerConfigKeys (ConfUtils.java:logGet(43)) - raft.server.log.preallocated.size = 16384 (custom)
2019-10-01 20:15:34,836 [pool-47-thread-1] INFO  server.RaftServerConfigKeys (ConfUtils.java:logGet(43)) - raft.server.log.write.buffer.size = 33554432 (custom)
2019-10-01 20:15:34,836 [pool-68-thread-1] INFO  server.RaftServerConfigKeys (ConfUtils.java:logGet(43)) - raft.server.log.write.buffer.size = 33554432 (custom)
2019-10-01 20:15:34,836 [pool-47-thread-1] INFO  server.RaftServerConfigKeys (ConfUtils.java:logGet(43)) - raft.server.log.force.sync.num = 128 (default)
2019-10-01 20:15:34,836 [pool-68-thread-1] INFO  server.RaftServerConfigKeys (ConfUtils.java:logGet(43)) - raft.server.log.force.sync.num = 128 (default)
2019-10-01 20:15:34,836 [pool-47-thread-1] INFO  server.RaftServerConfigKeys (ConfUtils.java:logGet(43)) - raft.server.log.statemachine.data.sync = true (default)
2019-10-01 20:15:34,836 [pool-68-thread-1] INFO  server.RaftServerConfigKeys (ConfUtils.java:logGet(43)) - raft.server.log.statemachine.data.sync = true (default)
2019-10-01 20:15:34,836 [pool-47-thread-1] INFO  server.RaftServerConfigKeys (ConfUtils.java:logGet(43)) - raft.server.log.statemachine.data.sync.timeout = 10s (default)
2019-10-01 20:15:34,837 [pool-68-thread-1] INFO  server.RaftServerConfigKeys (ConfUtils.java:logGet(43)) - raft.server.log.statemachine.data.sync.timeout = 10s (default)
2019-10-01 20:15:34,837 [pool-47-thread-1] INFO  server.RaftServerConfigKeys (ConfUtils.java:logGet(43)) - raft.server.log.statemachine.data.sync.timeout.retry = -1 (default)
2019-10-01 20:15:34,837 [pool-68-thread-1] INFO  server.RaftServerConfigKeys (ConfUtils.java:logGet(43)) - raft.server.log.statemachine.data.sync.timeout.retry = -1 (default)
2019-10-01 20:15:34,837 [pool-47-thread-1] INFO  server.RaftServerConfigKeys (ConfUtils.java:logGet(43)) - raft.server.log.statemachine.data.caching.enabled = true (custom)
2019-10-01 20:15:34,837 [pool-68-thread-1] INFO  server.RaftServerConfigKeys (ConfUtils.java:logGet(43)) - raft.server.log.statemachine.data.caching.enabled = true (custom)
2019-10-01 20:15:34,837 [pool-47-thread-1] INFO  segmented.SegmentedRaftLogWorker (SegmentedRaftLogWorker.java:lambda$new$0(132)) - c87755eb-8f71-406d-9b39-c7913bad0d26@group-A5BC2F713CF6-SegmentedRaftLogWorker: flushIndex: setUnconditionally 0 -> -1
2019-10-01 20:15:34,838 [pool-68-thread-1] INFO  segmented.SegmentedRaftLogWorker (SegmentedRaftLogWorker.java:lambda$new$0(132)) - 28af574d-2172-4d1d-8894-6c49f9cc6298@group-A5BC2F713CF6-SegmentedRaftLogWorker: flushIndex: setUnconditionally 0 -> -1
2019-10-01 20:15:34,838 [pool-47-thread-1] INFO  server.RaftServerConfigKeys (ConfUtils.java:logGet(43)) - raft.server.snapshot.auto.trigger.enabled = true (custom)
2019-10-01 20:15:34,838 [pool-47-thread-1] INFO  server.RaftServerConfigKeys (ConfUtils.java:logGet(43)) - raft.server.snapshot.auto.trigger.threshold = 10000 (custom)
2019-10-01 20:15:34,838 [pool-68-thread-1] INFO  server.RaftServerConfigKeys (ConfUtils.java:logGet(43)) - raft.server.snapshot.auto.trigger.enabled = true (custom)
2019-10-01 20:15:34,838 [pool-47-thread-1] INFO  server.RaftServerConfigKeys (ConfUtils.java:logGet(43)) - raft.server.snapshot.retention.num.files = 5 (custom)
2019-10-01 20:15:34,838 [pool-68-thread-1] INFO  server.RaftServerConfigKeys (ConfUtils.java:logGet(43)) - raft.server.snapshot.auto.trigger.threshold = 10000 (custom)
2019-10-01 20:15:34,838 [pool-47-thread-1] INFO  server.RaftServerConfigKeys (ConfUtils.java:logGet(43)) - raft.server.retrycache.expirytime = 600000ms (custom)
2019-10-01 20:15:34,838 [pool-68-thread-1] INFO  server.RaftServerConfigKeys (ConfUtils.java:logGet(43)) - raft.server.snapshot.retention.num.files = 5 (custom)
2019-10-01 20:15:34,839 [pool-37-thread-1] INFO  impl.RaftServerImpl (RaftServerImpl.java:start(185)) - dd72838a-f206-4369-be48-6b1e036e4dac@group-A5BC2F713CF6: start as a follower, conf=-1: [28af574d-2172-4d1d-8894-6c49f9cc6298:192.168.151.103:43956, dd72838a-f206-4369-be48-6b1e036e4dac:192.168.151.103:34429, c87755eb-8f71-406d-9b39-c7913bad0d26:192.168.151.103:42498], old=null
2019-10-01 20:15:34,839 [pool-68-thread-1] INFO  server.RaftServerConfigKeys (ConfUtils.java:logGet(43)) - raft.server.retrycache.expirytime = 600000ms (custom)
2019-10-01 20:15:34,839 [pool-37-thread-1] INFO  impl.RaftServerImpl (RaftServerImpl.java:setRole(174)) - dd72838a-f206-4369-be48-6b1e036e4dac@group-A5BC2F713CF6: changes role from      null to FOLLOWER at term 0 for startAsFollower
2019-10-01 20:15:34,839 [pool-37-thread-1] INFO  impl.RoleInfo (RoleInfo.java:updateAndGet(143)) - dd72838a-f206-4369-be48-6b1e036e4dac: start FollowerState
2019-10-01 20:15:34,840 [pool-37-thread-1] INFO  util.JmxRegister (JmxRegister.java:tryRegister(44)) - Successfully registered JMX Bean with object name Ratis:service=RaftServer,group=group-A5BC2F713CF6,id=dd72838a-f206-4369-be48-6b1e036e4dac
2019-10-01 20:15:34,849 [pool-47-thread-1] INFO  impl.RaftServerImpl (RaftServerImpl.java:start(185)) - c87755eb-8f71-406d-9b39-c7913bad0d26@group-A5BC2F713CF6: start as a follower, conf=-1: [28af574d-2172-4d1d-8894-6c49f9cc6298:192.168.151.103:43956, dd72838a-f206-4369-be48-6b1e036e4dac:192.168.151.103:34429, c87755eb-8f71-406d-9b39-c7913bad0d26:192.168.151.103:42498], old=null
2019-10-01 20:15:34,850 [pool-47-thread-1] INFO  impl.RaftServerImpl (RaftServerImpl.java:setRole(174)) - c87755eb-8f71-406d-9b39-c7913bad0d26@group-A5BC2F713CF6: changes role from      null to FOLLOWER at term 0 for startAsFollower
2019-10-01 20:15:34,852 [pool-47-thread-1] INFO  impl.RoleInfo (RoleInfo.java:updateAndGet(143)) - c87755eb-8f71-406d-9b39-c7913bad0d26: start FollowerState
2019-10-01 20:15:34,852 [pool-68-thread-1] INFO  impl.RaftServerImpl (RaftServerImpl.java:start(185)) - 28af574d-2172-4d1d-8894-6c49f9cc6298@group-A5BC2F713CF6: start as a follower, conf=-1: [28af574d-2172-4d1d-8894-6c49f9cc6298:192.168.151.103:43956, dd72838a-f206-4369-be48-6b1e036e4dac:192.168.151.103:34429, c87755eb-8f71-406d-9b39-c7913bad0d26:192.168.151.103:42498], old=null
2019-10-01 20:15:34,852 [pool-47-thread-1] INFO  util.JmxRegister (JmxRegister.java:tryRegister(44)) - Successfully registered JMX Bean with object name Ratis:service=RaftServer,group=group-A5BC2F713CF6,id=c87755eb-8f71-406d-9b39-c7913bad0d26
2019-10-01 20:15:34,852 [pool-68-thread-1] INFO  impl.RaftServerImpl (RaftServerImpl.java:setRole(174)) - 28af574d-2172-4d1d-8894-6c49f9cc6298@group-A5BC2F713CF6: changes role from      null to FOLLOWER at term 0 for startAsFollower
2019-10-01 20:15:34,853 [pool-68-thread-1] INFO  impl.RoleInfo (RoleInfo.java:updateAndGet(143)) - 28af574d-2172-4d1d-8894-6c49f9cc6298: start FollowerState
2019-10-01 20:15:34,853 [pool-68-thread-1] INFO  util.JmxRegister (JmxRegister.java:tryRegister(44)) - Successfully registered JMX Bean with object name Ratis:service=RaftServer,group=group-A5BC2F713CF6,id=28af574d-2172-4d1d-8894-6c49f9cc6298
2019-10-01 20:15:34,869 [RatisPipelineUtilsThread] INFO  pipeline.PipelineStateManager (PipelineStateManager.java:addPipeline(56)) - Created pipeline Pipeline[ Id: ebb47933-09d9-4143-8f08-a5bc2f713cf6, Nodes: dd72838a-f206-4369-be48-6b1e036e4dac{ip: 192.168.151.103, host: pr-trunk-878pl-325597374, networkLocation: /default-rack, certSerialId: null}c87755eb-8f71-406d-9b39-c7913bad0d26{ip: 192.168.151.103, host: pr-trunk-878pl-325597374, networkLocation: /default-rack, certSerialId: null}28af574d-2172-4d1d-8894-6c49f9cc6298{ip: 192.168.151.103, host: pr-trunk-878pl-325597374, networkLocation: /default-rack, certSerialId: null}, Type:RATIS, Factor:THREE, State:OPEN]
2019-10-01 20:15:35,623 [JUnit] INFO  ozone.MiniOzoneClusterImpl (MiniOzoneClusterImpl.java:lambda$waitForClusterToBeReady$0(147)) - Cluster is ready. Got 5 of 5 DN Heartbeats.
2019-10-01 20:15:36,315 [Thread-234] INFO  rpc.RpcClient (RpcClient.java:createVolume(276)) - Creating Volume: volume06305, with user25007 as owner.
2019-10-01 20:15:36,420 [IPC Server handler 18 on 32937] INFO  volume.OMVolumeCreateRequest (OMVolumeCreateRequest.java:validateAndUpdateCache(194)) - created volume:volume06305 for user:user25007
2019-10-01 20:15:36,718 [Thread-234] INFO  rpc.RpcClient (RpcClient.java:createBucket(415)) - Creating Bucket: volume06305/bucket94768, with Versioning false and Storage Type set to DISK and Encryption set to false 
2019-10-01 20:15:36,911 [Thread-234] INFO  contract.AbstractFSContractTestBase (AbstractFSContractTestBase.java:setup(184)) - Test filesystem = o3fs://bucket94768.volume06305 implemented by OzoneFileSystem{URI=o3fs://bucket94768.volume06305, workingDir=o3fs://bucket94768.volume06305/user/jenkins1000, userName=jenkins1000, statistics=0 bytes read, 0 bytes written, 0 read ops, 0 large read ops, 0 write ops}
2019-10-01 20:15:37,056 [Thread-234] INFO  impl.MetricsSystemImpl (MetricsSystemImpl.java:init(158)) - XceiverClientMetrics metrics system started (again)
2019-10-01 20:15:37,603 [Thread-204] INFO  impl.FollowerState (FollowerState.java:run(106)) - b36f5945-67de-418c-9a42-d33deb6ae976:group-08E7F3D462D6 changes to CANDIDATE, lastRpcTime:5149, electionTimeout:5149ms
2019-10-01 20:15:37,606 [Thread-204] INFO  impl.RoleInfo (RoleInfo.java:shutdownFollowerState(121)) - b36f5945-67de-418c-9a42-d33deb6ae976: shutdown FollowerState
2019-10-01 20:15:37,606 [Thread-204] INFO  impl.RaftServerImpl (RaftServerImpl.java:setRole(174)) - b36f5945-67de-418c-9a42-d33deb6ae976@group-08E7F3D462D6: changes role from  FOLLOWER to CANDIDATE at term 0 for changeToCandidate
2019-10-01 20:15:37,609 [Thread-204] INFO  impl.RoleInfo (RoleInfo.java:updateAndGet(143)) - b36f5945-67de-418c-9a42-d33deb6ae976: start LeaderElection
2019-10-01 20:15:37,646 [b36f5945-67de-418c-9a42-d33deb6ae976@group-08E7F3D462D6:LeaderElection1] INFO  impl.LeaderElection (LeaderElection.java:askForVotes(182)) - b36f5945-67de-418c-9a42-d33deb6ae976@group-08E7F3D462D6:LeaderElection1: begin an election at term 1 for -1: [b36f5945-67de-418c-9a42-d33deb6ae976:192.168.151.103:40212], old=null
2019-10-01 20:15:37,647 [b36f5945-67de-418c-9a42-d33deb6ae976@group-08E7F3D462D6:LeaderElection1] INFO  impl.RoleInfo (RoleInfo.java:shutdownLeaderElection(134)) - b36f5945-67de-418c-9a42-d33deb6ae976: shutdown LeaderElection
2019-10-01 20:15:37,648 [b36f5945-67de-418c-9a42-d33deb6ae976@group-08E7F3D462D6:LeaderElection1] INFO  impl.RaftServerImpl (RaftServerImpl.java:setRole(174)) - b36f5945-67de-418c-9a42-d33deb6ae976@group-08E7F3D462D6: changes role from CANDIDATE to LEADER at term 1 for changeToLeader
2019-10-01 20:15:37,648 [b36f5945-67de-418c-9a42-d33deb6ae976@group-08E7F3D462D6:LeaderElection1] INFO  impl.RaftServerImpl (ServerState.java:setLeader(253)) - b36f5945-67de-418c-9a42-d33deb6ae976@group-08E7F3D462D6: change Leader from null to b36f5945-67de-418c-9a42-d33deb6ae976 at term 1 for becomeLeader, leader elected after 5316ms
2019-10-01 20:15:37,652 [b36f5945-67de-418c-9a42-d33deb6ae976@group-08E7F3D462D6:LeaderElection1] INFO  server.RaftServerConfigKeys (ConfUtils.java:logGet(43)) - raft.server.staging.catchup.gap = 1000 (default)
2019-10-01 20:15:37,653 [b36f5945-67de-418c-9a42-d33deb6ae976@group-08E7F3D462D6:LeaderElection1] INFO  server.RaftServerConfigKeys (ConfUtils.java:logGet(43)) - raft.server.rpc.sleep.time = 25ms (default)
2019-10-01 20:15:37,655 [b36f5945-67de-418c-9a42-d33deb6ae976@group-08E7F3D462D6:LeaderElection1] INFO  server.RaftServerConfigKeys (ConfUtils.java:logGet(43)) - raft.server.write.element-limit = 4096 (default)
2019-10-01 20:15:37,657 [b36f5945-67de-418c-9a42-d33deb6ae976@group-08E7F3D462D6:LeaderElection1] INFO  server.RaftServerConfigKeys (ConfUtils.java:logGet(43)) - raft.server.watch.timeout = 10s (default)
2019-10-01 20:15:37,657 [b36f5945-67de-418c-9a42-d33deb6ae976@group-08E7F3D462D6:LeaderElection1] INFO  server.RaftServerConfigKeys (ConfUtils.java:logGet(43)) - raft.server.watch.timeout.denomination = 1s (default)
2019-10-01 20:15:37,658 [b36f5945-67de-418c-9a42-d33deb6ae976@group-08E7F3D462D6:LeaderElection1] INFO  server.RaftServerConfigKeys (ConfUtils.java:logGet(43)) - raft.server.watch.element-limit = 65536 (default)
2019-10-01 20:15:37,667 [b36f5945-67de-418c-9a42-d33deb6ae976@group-08E7F3D462D6:LeaderElection1] INFO  impl.RoleInfo (RoleInfo.java:updateAndGet(143)) - b36f5945-67de-418c-9a42-d33deb6ae976: start LeaderState
2019-10-01 20:15:37,703 [b36f5945-67de-418c-9a42-d33deb6ae976@group-08E7F3D462D6:LeaderElection1] INFO  segmented.SegmentedRaftLogWorker (SegmentedRaftLogWorker.java:startLogSegment(380)) - b36f5945-67de-418c-9a42-d33deb6ae976@group-08E7F3D462D6-SegmentedRaftLogWorker: Starting segment from index:0
2019-10-01 20:15:37,717 [b36f5945-67de-418c-9a42-d33deb6ae976@group-08E7F3D462D6:LeaderElection1] INFO  impl.RaftServerImpl (ServerState.java:setRaftConf(354)) - b36f5945-67de-418c-9a42-d33deb6ae976@group-08E7F3D462D6: set configuration 0: [b36f5945-67de-418c-9a42-d33deb6ae976:192.168.151.103:40212], old=null at 0
2019-10-01 20:15:37,719 [Thread-213] INFO  impl.FollowerState (FollowerState.java:run(106)) - dd72838a-f206-4369-be48-6b1e036e4dac:group-2EBD3CC922B3 changes to CANDIDATE, lastRpcTime:5051, electionTimeout:5050ms
2019-10-01 20:15:37,721 [Thread-213] INFO  impl.RoleInfo (RoleInfo.java:shutdownFollowerState(121)) - dd72838a-f206-4369-be48-6b1e036e4dac: shutdown FollowerState
2019-10-01 20:15:37,721 [Thread-213] INFO  impl.RaftServerImpl (RaftServerImpl.java:setRole(174)) - dd72838a-f206-4369-be48-6b1e036e4dac@group-2EBD3CC922B3: changes role from  FOLLOWER to CANDIDATE at term 0 for changeToCandidate
2019-10-01 20:15:37,721 [Thread-213] INFO  impl.RoleInfo (RoleInfo.java:updateAndGet(143)) - dd72838a-f206-4369-be48-6b1e036e4dac: start LeaderElection
2019-10-01 20:15:37,739 [dd72838a-f206-4369-be48-6b1e036e4dac@group-2EBD3CC922B3:LeaderElection2] INFO  impl.LeaderElection (LeaderElection.java:askForVotes(182)) - dd72838a-f206-4369-be48-6b1e036e4dac@group-2EBD3CC922B3:LeaderElection2: begin an election at term 1 for -1: [dd72838a-f206-4369-be48-6b1e036e4dac:192.168.151.103:34429], old=null
2019-10-01 20:15:37,741 [dd72838a-f206-4369-be48-6b1e036e4dac@group-2EBD3CC922B3:LeaderElection2] INFO  impl.RoleInfo (RoleInfo.java:shutdownLeaderElection(134)) - dd72838a-f206-4369-be48-6b1e036e4dac: shutdown LeaderElection
2019-10-01 20:15:37,741 [dd72838a-f206-4369-be48-6b1e036e4dac@group-2EBD3CC922B3:LeaderElection2] INFO  impl.RaftServerImpl (RaftServerImpl.java:setRole(174)) - dd72838a-f206-4369-be48-6b1e036e4dac@group-2EBD3CC922B3: changes role from CANDIDATE to LEADER at term 1 for changeToLeader
2019-10-01 20:15:37,741 [dd72838a-f206-4369-be48-6b1e036e4dac@group-2EBD3CC922B3:LeaderElection2] INFO  impl.RaftServerImpl (ServerState.java:setLeader(253)) - dd72838a-f206-4369-be48-6b1e036e4dac@group-2EBD3CC922B3: change Leader from null to dd72838a-f206-4369-be48-6b1e036e4dac at term 1 for becomeLeader, leader elected after 5087ms
2019-10-01 20:15:37,743 [dd72838a-f206-4369-be48-6b1e036e4dac@group-2EBD3CC922B3:LeaderElection2] INFO  server.RaftServerConfigKeys (ConfUtils.java:logGet(43)) - raft.server.staging.catchup.gap = 1000 (default)
2019-10-01 20:15:37,743 [dd72838a-f206-4369-be48-6b1e036e4dac@group-2EBD3CC922B3:LeaderElection2] INFO  server.RaftServerConfigKeys (ConfUtils.java:logGet(43)) - raft.server.rpc.sleep.time = 25ms (default)
2019-10-01 20:15:37,743 [dd72838a-f206-4369-be48-6b1e036e4dac@group-2EBD3CC922B3:LeaderElection2] INFO  server.RaftServerConfigKeys (ConfUtils.java:logGet(43)) - raft.server.write.element-limit = 4096 (default)
2019-10-01 20:15:37,743 [dd72838a-f206-4369-be48-6b1e036e4dac@group-2EBD3CC922B3:LeaderElection2] INFO  server.RaftServerConfigKeys (ConfUtils.java:logGet(43)) - raft.server.watch.timeout = 10s (default)
2019-10-01 20:15:37,744 [dd72838a-f206-4369-be48-6b1e036e4dac@group-2EBD3CC922B3:LeaderElection2] INFO  server.RaftServerConfigKeys (ConfUtils.java:logGet(43)) - raft.server.watch.timeout.denomination = 1s (default)
2019-10-01 20:15:37,744 [dd72838a-f206-4369-be48-6b1e036e4dac@group-2EBD3CC922B3:LeaderElection2] INFO  server.RaftServerConfigKeys (ConfUtils.java:logGet(43)) - raft.server.watch.element-limit = 65536 (default)
2019-10-01 20:15:37,747 [dd72838a-f206-4369-be48-6b1e036e4dac@group-2EBD3CC922B3:LeaderElection2] INFO  impl.RoleInfo (RoleInfo.java:updateAndGet(143)) - dd72838a-f206-4369-be48-6b1e036e4dac: start LeaderState
2019-10-01 20:15:37,747 [dd72838a-f206-4369-be48-6b1e036e4dac@group-2EBD3CC922B3:LeaderElection2] INFO  segmented.SegmentedRaftLogWorker (SegmentedRaftLogWorker.java:startLogSegment(380)) - dd72838a-f206-4369-be48-6b1e036e4dac@group-2EBD3CC922B3-SegmentedRaftLogWorker: Starting segment from index:0
2019-10-01 20:15:37,748 [dd72838a-f206-4369-be48-6b1e036e4dac@group-2EBD3CC922B3:LeaderElection2] INFO  impl.RaftServerImpl (ServerState.java:setRaftConf(354)) - dd72838a-f206-4369-be48-6b1e036e4dac@group-2EBD3CC922B3: set configuration 0: [dd72838a-f206-4369-be48-6b1e036e4dac:192.168.151.103:34429], old=null at 0
2019-10-01 20:15:37,916 [dd72838a-f206-4369-be48-6b1e036e4dac@group-2EBD3CC922B3-SegmentedRaftLogWorker] INFO  segmented.SegmentedRaftLogWorker (SegmentedRaftLogWorker.java:execute(569)) - dd72838a-f206-4369-be48-6b1e036e4dac@group-2EBD3CC922B3-SegmentedRaftLogWorker: created new log segment /workdir/hadoop-ozone/ozonefs/target/test-dir/MiniOzoneClusterImpl-cc9961a9-1b1a-49c1-80c6-6d48514b4463/datanode-1/data/ratis/b544eb13-dc7a-47f8-9b5c-2ebd3cc922b3/current/log_inprogress_0
2019-10-01 20:15:37,916 [b36f5945-67de-418c-9a42-d33deb6ae976@group-08E7F3D462D6-SegmentedRaftLogWorker] INFO  segmented.SegmentedRaftLogWorker (SegmentedRaftLogWorker.java:execute(569)) - b36f5945-67de-418c-9a42-d33deb6ae976@group-08E7F3D462D6-SegmentedRaftLogWorker: created new log segment /workdir/hadoop-ozone/ozonefs/target/test-dir/MiniOzoneClusterImpl-cc9961a9-1b1a-49c1-80c6-6d48514b4463/datanode-0/data/ratis/8971b772-2bd3-441c-aeea-08e7f3d462d6/current/log_inprogress_0
2019-10-01 20:15:39,608 [Thread-216] INFO  impl.FollowerState (FollowerState.java:run(106)) - c87755eb-8f71-406d-9b39-c7913bad0d26:group-AFD270ADC156 changes to CANDIDATE, lastRpcTime:5039, electionTimeout:5039ms
2019-10-01 20:15:39,609 [Thread-216] INFO  impl.RoleInfo (RoleInfo.java:shutdownFollowerState(121)) - c87755eb-8f71-406d-9b39-c7913bad0d26: shutdown FollowerState
2019-10-01 20:15:39,609 [Thread-216] INFO  impl.RaftServerImpl (RaftServerImpl.java:setRole(174)) - c87755eb-8f71-406d-9b39-c7913bad0d26@group-AFD270ADC156: changes role from  FOLLOWER to CANDIDATE at term 0 for changeToCandidate
2019-10-01 20:15:39,609 [Thread-216] INFO  impl.RoleInfo (RoleInfo.java:updateAndGet(143)) - c87755eb-8f71-406d-9b39-c7913bad0d26: start LeaderElection
2019-10-01 20:15:39,625 [c87755eb-8f71-406d-9b39-c7913bad0d26@group-AFD270ADC156:LeaderElection3] INFO  impl.LeaderElection (LeaderElection.java:askForVotes(182)) - c87755eb-8f71-406d-9b39-c7913bad0d26@group-AFD270ADC156:LeaderElection3: begin an election at term 1 for -1: [c87755eb-8f71-406d-9b39-c7913bad0d26:192.168.151.103:42498], old=null
2019-10-01 20:15:39,625 [c87755eb-8f71-406d-9b39-c7913bad0d26@group-AFD270ADC156:LeaderElection3] INFO  impl.RoleInfo (RoleInfo.java:shutdownLeaderElection(134)) - c87755eb-8f71-406d-9b39-c7913bad0d26: shutdown LeaderElection
2019-10-01 20:15:39,625 [c87755eb-8f71-406d-9b39-c7913bad0d26@group-AFD270ADC156:LeaderElection3] INFO  impl.RaftServerImpl (RaftServerImpl.java:setRole(174)) - c87755eb-8f71-406d-9b39-c7913bad0d26@group-AFD270ADC156: changes role from CANDIDATE to LEADER at term 1 for changeToLeader
2019-10-01 20:15:39,625 [c87755eb-8f71-406d-9b39-c7913bad0d26@group-AFD270ADC156:LeaderElection3] INFO  impl.RaftServerImpl (ServerState.java:setLeader(253)) - c87755eb-8f71-406d-9b39-c7913bad0d26@group-AFD270ADC156: change Leader from null to c87755eb-8f71-406d-9b39-c7913bad0d26 at term 1 for becomeLeader, leader elected after 5094ms
2019-10-01 20:15:39,626 [c87755eb-8f71-406d-9b39-c7913bad0d26@group-AFD270ADC156:LeaderElection3] INFO  server.RaftServerConfigKeys (ConfUtils.java:logGet(43)) - raft.server.staging.catchup.gap = 1000 (default)
2019-10-01 20:15:39,627 [c87755eb-8f71-406d-9b39-c7913bad0d26@group-AFD270ADC156:LeaderElection3] INFO  server.RaftServerConfigKeys (ConfUtils.java:logGet(43)) - raft.server.rpc.sleep.time = 25ms (default)
2019-10-01 20:15:39,627 [c87755eb-8f71-406d-9b39-c7913bad0d26@group-AFD270ADC156:LeaderElection3] INFO  server.RaftServerConfigKeys (ConfUtils.java:logGet(43)) - raft.server.write.element-limit = 4096 (default)
2019-10-01 20:15:39,627 [c87755eb-8f71-406d-9b39-c7913bad0d26@group-AFD270ADC156:LeaderElection3] INFO  server.RaftServerConfigKeys (ConfUtils.java:logGet(43)) - raft.server.watch.timeout = 10s (default)
2019-10-01 20:15:39,627 [c87755eb-8f71-406d-9b39-c7913bad0d26@group-AFD270ADC156:LeaderElection3] INFO  server.RaftServerConfigKeys (ConfUtils.java:logGet(43)) - raft.server.watch.timeout.denomination = 1s (default)
2019-10-01 20:15:39,627 [c87755eb-8f71-406d-9b39-c7913bad0d26@group-AFD270ADC156:LeaderElection3] INFO  server.RaftServerConfigKeys (ConfUtils.java:logGet(43)) - raft.server.watch.element-limit = 65536 (default)
2019-10-01 20:15:39,629 [c87755eb-8f71-406d-9b39-c7913bad0d26@group-AFD270ADC156:LeaderElection3] INFO  impl.RoleInfo (RoleInfo.java:updateAndGet(143)) - c87755eb-8f71-406d-9b39-c7913bad0d26: start LeaderState
2019-10-01 20:15:39,629 [c87755eb-8f71-406d-9b39-c7913bad0d26@group-AFD270ADC156:LeaderElection3] INFO  segmented.SegmentedRaftLogWorker (SegmentedRaftLogWorker.java:startLogSegment(380)) - c87755eb-8f71-406d-9b39-c7913bad0d26@group-AFD270ADC156-SegmentedRaftLogWorker: Starting segment from index:0
2019-10-01 20:15:39,630 [c87755eb-8f71-406d-9b39-c7913bad0d26@group-AFD270ADC156:LeaderElection3] INFO  impl.RaftServerImpl (ServerState.java:setRaftConf(354)) - c87755eb-8f71-406d-9b39-c7913bad0d26@group-AFD270ADC156: set configuration 0: [c87755eb-8f71-406d-9b39-c7913bad0d26:192.168.151.103:42498], old=null at 0
2019-10-01 20:15:39,669 [c87755eb-8f71-406d-9b39-c7913bad0d26@group-AFD270ADC156-SegmentedRaftLogWorker] INFO  segmented.SegmentedRaftLogWorker (SegmentedRaftLogWorker.java:execute(569)) - c87755eb-8f71-406d-9b39-c7913bad0d26@group-AFD270ADC156-SegmentedRaftLogWorker: created new log segment /workdir/hadoop-ozone/ozonefs/target/test-dir/MiniOzoneClusterImpl-cc9961a9-1b1a-49c1-80c6-6d48514b4463/datanode-2/data/ratis/5a08f3eb-8b70-4bee-9272-afd270adc156/current/log_inprogress_0
2019-10-01 20:15:39,726 [Thread-219] INFO  impl.FollowerState (FollowerState.java:run(106)) - f86edd96-38ae-4176-bf56-596fdc615aa1:group-A83ED7DA818F changes to CANDIDATE, lastRpcTime:5078, electionTimeout:5078ms
2019-10-01 20:15:39,726 [Thread-219] INFO  impl.RoleInfo (RoleInfo.java:shutdownFollowerState(121)) - f86edd96-38ae-4176-bf56-596fdc615aa1: shutdown FollowerState
2019-10-01 20:15:39,726 [Thread-219] INFO  impl.RaftServerImpl (RaftServerImpl.java:setRole(174)) - f86edd96-38ae-4176-bf56-596fdc615aa1@group-A83ED7DA818F: changes role from  FOLLOWER to CANDIDATE at term 0 for changeToCandidate
2019-10-01 20:15:39,726 [Thread-219] INFO  impl.RoleInfo (RoleInfo.java:updateAndGet(143)) - f86edd96-38ae-4176-bf56-596fdc615aa1: start LeaderElection
2019-10-01 20:15:39,734 [f86edd96-38ae-4176-bf56-596fdc615aa1@group-A83ED7DA818F:LeaderElection4] INFO  impl.LeaderElection (LeaderElection.java:askForVotes(182)) - f86edd96-38ae-4176-bf56-596fdc615aa1@group-A83ED7DA818F:LeaderElection4: begin an election at term 1 for -1: [f86edd96-38ae-4176-bf56-596fdc615aa1:192.168.151.103:38876], old=null
2019-10-01 20:15:39,734 [f86edd96-38ae-4176-bf56-596fdc615aa1@group-A83ED7DA818F:LeaderElection4] INFO  impl.RoleInfo (RoleInfo.java:shutdownLeaderElection(134)) - f86edd96-38ae-4176-bf56-596fdc615aa1: shutdown LeaderElection
2019-10-01 20:15:39,735 [f86edd96-38ae-4176-bf56-596fdc615aa1@group-A83ED7DA818F:LeaderElection4] INFO  impl.RaftServerImpl (RaftServerImpl.java:setRole(174)) - f86edd96-38ae-4176-bf56-596fdc615aa1@group-A83ED7DA818F: changes role from CANDIDATE to LEADER at term 1 for changeToLeader
2019-10-01 20:15:39,735 [f86edd96-38ae-4176-bf56-596fdc615aa1@group-A83ED7DA818F:LeaderElection4] INFO  impl.RaftServerImpl (ServerState.java:setLeader(253)) - f86edd96-38ae-4176-bf56-596fdc615aa1@group-A83ED7DA818F: change Leader from null to f86edd96-38ae-4176-bf56-596fdc615aa1 at term 1 for becomeLeader, leader elected after 5098ms
2019-10-01 20:15:39,736 [f86edd96-38ae-4176-bf56-596fdc615aa1@group-A83ED7DA818F:LeaderElection4] INFO  server.RaftServerConfigKeys (ConfUtils.java:logGet(43)) - raft.server.staging.catchup.gap = 1000 (default)
2019-10-01 20:15:39,736 [f86edd96-38ae-4176-bf56-596fdc615aa1@group-A83ED7DA818F:LeaderElection4] INFO  server.RaftServerConfigKeys (ConfUtils.java:logGet(43)) - raft.server.rpc.sleep.time = 25ms (default)
2019-10-01 20:15:39,736 [f86edd96-38ae-4176-bf56-596fdc615aa1@group-A83ED7DA818F:LeaderElection4] INFO  server.RaftServerConfigKeys (ConfUtils.java:logGet(43)) - raft.server.write.element-limit = 4096 (default)
2019-10-01 20:15:39,736 [f86edd96-38ae-4176-bf56-596fdc615aa1@group-A83ED7DA818F:LeaderElection4] INFO  server.RaftServerConfigKeys (ConfUtils.java:logGet(43)) - raft.server.watch.timeout = 10s (default)
2019-10-01 20:15:39,736 [f86edd96-38ae-4176-bf56-596fdc615aa1@group-A83ED7DA818F:LeaderElection4] INFO  server.RaftServerConfigKeys (ConfUtils.java:logGet(43)) - raft.server.watch.timeout.denomination = 1s (default)
2019-10-01 20:15:39,736 [f86edd96-38ae-4176-bf56-596fdc615aa1@group-A83ED7DA818F:LeaderElection4] INFO  server.RaftServerConfigKeys (ConfUtils.java:logGet(43)) - raft.server.watch.element-limit = 65536 (default)
2019-10-01 20:15:39,739 [f86edd96-38ae-4176-bf56-596fdc615aa1@group-A83ED7DA818F:LeaderElection4] INFO  impl.RoleInfo (RoleInfo.java:updateAndGet(143)) - f86edd96-38ae-4176-bf56-596fdc615aa1: start LeaderState
2019-10-01 20:15:39,739 [f86edd96-38ae-4176-bf56-596fdc615aa1@group-A83ED7DA818F:LeaderElection4] INFO  segmented.SegmentedRaftLogWorker (SegmentedRaftLogWorker.java:startLogSegment(380)) - f86edd96-38ae-4176-bf56-596fdc615aa1@group-A83ED7DA818F-SegmentedRaftLogWorker: Starting segment from index:0
2019-10-01 20:15:39,739 [f86edd96-38ae-4176-bf56-596fdc615aa1@group-A83ED7DA818F:LeaderElection4] INFO  impl.RaftServerImpl (ServerState.java:setRaftConf(354)) - f86edd96-38ae-4176-bf56-596fdc615aa1@group-A83ED7DA818F: set configuration 0: [f86edd96-38ae-4176-bf56-596fdc615aa1:192.168.151.103:38876], old=null at 0
2019-10-01 20:15:39,766 [f86edd96-38ae-4176-bf56-596fdc615aa1@group-A83ED7DA818F-SegmentedRaftLogWorker] INFO  segmented.SegmentedRaftLogWorker (SegmentedRaftLogWorker.java:execute(569)) - f86edd96-38ae-4176-bf56-596fdc615aa1@group-A83ED7DA818F-SegmentedRaftLogWorker: created new log segment /workdir/hadoop-ozone/ozonefs/target/test-dir/MiniOzoneClusterImpl-cc9961a9-1b1a-49c1-80c6-6d48514b4463/datanode-3/data/ratis/962e8d0c-984d-40e6-bd41-a83ed7da818f/current/log_inprogress_0
2019-10-01 20:15:39,864 [Thread-222] INFO  impl.FollowerState (FollowerState.java:run(106)) - 28af574d-2172-4d1d-8894-6c49f9cc6298:group-4BC12B28D958 changes to CANDIDATE, lastRpcTime:5140, electionTimeout:5140ms
2019-10-01 20:15:39,864 [Thread-222] INFO  impl.RoleInfo (RoleInfo.java:shutdownFollowerState(121)) - 28af574d-2172-4d1d-8894-6c49f9cc6298: shutdown FollowerState
2019-10-01 20:15:39,865 [Thread-222] INFO  impl.RaftServerImpl (RaftServerImpl.java:setRole(174)) - 28af574d-2172-4d1d-8894-6c49f9cc6298@group-4BC12B28D958: changes role from  FOLLOWER to CANDIDATE at term 0 for changeToCandidate
2019-10-01 20:15:39,865 [Thread-222] INFO  impl.RoleInfo (RoleInfo.java:updateAndGet(143)) - 28af574d-2172-4d1d-8894-6c49f9cc6298: start LeaderElection
2019-10-01 20:15:39,879 [28af574d-2172-4d1d-8894-6c49f9cc6298@group-4BC12B28D958:LeaderElection5] INFO  impl.LeaderElection (LeaderElection.java:askForVotes(182)) - 28af574d-2172-4d1d-8894-6c49f9cc6298@group-4BC12B28D958:LeaderElection5: begin an election at term 1 for -1: [28af574d-2172-4d1d-8894-6c49f9cc6298:192.168.151.103:43956], old=null
2019-10-01 20:15:39,879 [28af574d-2172-4d1d-8894-6c49f9cc6298@group-4BC12B28D958:LeaderElection5] INFO  impl.RoleInfo (RoleInfo.java:shutdownLeaderElection(134)) - 28af574d-2172-4d1d-8894-6c49f9cc6298: shutdown LeaderElection
2019-10-01 20:15:39,880 [28af574d-2172-4d1d-8894-6c49f9cc6298@group-4BC12B28D958:LeaderElection5] INFO  impl.RaftServerImpl (RaftServerImpl.java:setRole(174)) - 28af574d-2172-4d1d-8894-6c49f9cc6298@group-4BC12B28D958: changes role from CANDIDATE to LEADER at term 1 for changeToLeader
2019-10-01 20:15:39,880 [28af574d-2172-4d1d-8894-6c49f9cc6298@group-4BC12B28D958:LeaderElection5] INFO  impl.RaftServerImpl (ServerState.java:setLeader(253)) - 28af574d-2172-4d1d-8894-6c49f9cc6298@group-4BC12B28D958: change Leader from null to 28af574d-2172-4d1d-8894-6c49f9cc6298 at term 1 for becomeLeader, leader elected after 5170ms
2019-10-01 20:15:39,881 [28af574d-2172-4d1d-8894-6c49f9cc6298@group-4BC12B28D958:LeaderElection5] INFO  server.RaftServerConfigKeys (ConfUtils.java:logGet(43)) - raft.server.staging.catchup.gap = 1000 (default)
2019-10-01 20:15:39,881 [28af574d-2172-4d1d-8894-6c49f9cc6298@group-4BC12B28D958:LeaderElection5] INFO  server.RaftServerConfigKeys (ConfUtils.java:logGet(43)) - raft.server.rpc.sleep.time = 25ms (default)
2019-10-01 20:15:39,881 [28af574d-2172-4d1d-8894-6c49f9cc6298@group-4BC12B28D958:LeaderElection5] INFO  server.RaftServerConfigKeys (ConfUtils.java:logGet(43)) - raft.server.write.element-limit = 4096 (default)
2019-10-01 20:15:39,881 [28af574d-2172-4d1d-8894-6c49f9cc6298@group-4BC12B28D958:LeaderElection5] INFO  server.RaftServerConfigKeys (ConfUtils.java:logGet(43)) - raft.server.watch.timeout = 10s (default)
2019-10-01 20:15:39,881 [28af574d-2172-4d1d-8894-6c49f9cc6298@group-4BC12B28D958:LeaderElection5] INFO  server.RaftServerConfigKeys (ConfUtils.java:logGet(43)) - raft.server.watch.timeout.denomination = 1s (default)
2019-10-01 20:15:39,881 [28af574d-2172-4d1d-8894-6c49f9cc6298@group-4BC12B28D958:LeaderElection5] INFO  server.RaftServerConfigKeys (ConfUtils.java:logGet(43)) - raft.server.watch.element-limit = 65536 (default)
2019-10-01 20:15:39,884 [28af574d-2172-4d1d-8894-6c49f9cc6298@group-4BC12B28D958:LeaderElection5] INFO  impl.RoleInfo (RoleInfo.java:updateAndGet(143)) - 28af574d-2172-4d1d-8894-6c49f9cc6298: start LeaderState
2019-10-01 20:15:39,884 [28af574d-2172-4d1d-8894-6c49f9cc6298@group-4BC12B28D958:LeaderElection5] INFO  segmented.SegmentedRaftLogWorker (SegmentedRaftLogWorker.java:startLogSegment(380)) - 28af574d-2172-4d1d-8894-6c49f9cc6298@group-4BC12B28D958-SegmentedRaftLogWorker: Starting segment from index:0
2019-10-01 20:15:39,885 [28af574d-2172-4d1d-8894-6c49f9cc6298@group-4BC12B28D958:LeaderElection5] INFO  impl.RaftServerImpl (ServerState.java:setRaftConf(354)) - 28af574d-2172-4d1d-8894-6c49f9cc6298@group-4BC12B28D958: set configuration 0: [28af574d-2172-4d1d-8894-6c49f9cc6298:192.168.151.103:43956], old=null at 0
2019-10-01 20:15:39,911 [Thread-230] INFO  impl.FollowerState (FollowerState.java:run(106)) - c87755eb-8f71-406d-9b39-c7913bad0d26:group-A5BC2F713CF6 changes to CANDIDATE, lastRpcTime:5058, electionTimeout:5039ms
2019-10-01 20:15:39,911 [Thread-230] INFO  impl.RoleInfo (RoleInfo.java:shutdownFollowerState(121)) - c87755eb-8f71-406d-9b39-c7913bad0d26: shutdown FollowerState
2019-10-01 20:15:39,911 [Thread-230] INFO  impl.RaftServerImpl (RaftServerImpl.java:setRole(174)) - c87755eb-8f71-406d-9b39-c7913bad0d26@group-A5BC2F713CF6: changes role from  FOLLOWER to CANDIDATE at term 0 for changeToCandidate
2019-10-01 20:15:39,911 [Thread-230] INFO  impl.RoleInfo (RoleInfo.java:updateAndGet(143)) - c87755eb-8f71-406d-9b39-c7913bad0d26: start LeaderElection
2019-10-01 20:15:39,924 [28af574d-2172-4d1d-8894-6c49f9cc6298@group-4BC12B28D958-SegmentedRaftLogWorker] INFO  segmented.SegmentedRaftLogWorker (SegmentedRaftLogWorker.java:execute(569)) - 28af574d-2172-4d1d-8894-6c49f9cc6298@group-4BC12B28D958-SegmentedRaftLogWorker: created new log segment /workdir/hadoop-ozone/ozonefs/target/test-dir/MiniOzoneClusterImpl-cc9961a9-1b1a-49c1-80c6-6d48514b4463/datanode-4/data/ratis/ca4dd041-cffe-4b5e-b5cd-4bc12b28d958/current/log_inprogress_0
2019-10-01 20:15:39,924 [c87755eb-8f71-406d-9b39-c7913bad0d26@group-A5BC2F713CF6:LeaderElection6] INFO  impl.LeaderElection (LeaderElection.java:askForVotes(182)) - c87755eb-8f71-406d-9b39-c7913bad0d26@group-A5BC2F713CF6:LeaderElection6: begin an election at term 1 for -1: [28af574d-2172-4d1d-8894-6c49f9cc6298:192.168.151.103:43956, dd72838a-f206-4369-be48-6b1e036e4dac:192.168.151.103:34429, c87755eb-8f71-406d-9b39-c7913bad0d26:192.168.151.103:42498], old=null
2019-10-01 20:15:39,947 [grpc-default-executor-2] INFO  impl.RaftServerImpl (RaftServerImpl.java:setRole(174)) - 28af574d-2172-4d1d-8894-6c49f9cc6298@group-A5BC2F713CF6: changes role from  FOLLOWER to FOLLOWER at term 1 for recognizeCandidate:c87755eb-8f71-406d-9b39-c7913bad0d26
2019-10-01 20:15:39,947 [grpc-default-executor-1] INFO  impl.RaftServerImpl (RaftServerImpl.java:setRole(174)) - dd72838a-f206-4369-be48-6b1e036e4dac@group-A5BC2F713CF6: changes role from  FOLLOWER to FOLLOWER at term 1 for recognizeCandidate:c87755eb-8f71-406d-9b39-c7913bad0d26
2019-10-01 20:15:39,947 [grpc-default-executor-2] INFO  impl.RoleInfo (RoleInfo.java:shutdownFollowerState(121)) - 28af574d-2172-4d1d-8894-6c49f9cc6298: shutdown FollowerState
2019-10-01 20:15:39,947 [grpc-default-executor-1] INFO  impl.RoleInfo (RoleInfo.java:shutdownFollowerState(121)) - dd72838a-f206-4369-be48-6b1e036e4dac: shutdown FollowerState
2019-10-01 20:15:39,947 [grpc-default-executor-2] INFO  impl.RoleInfo (RoleInfo.java:updateAndGet(143)) - 28af574d-2172-4d1d-8894-6c49f9cc6298: start FollowerState
2019-10-01 20:15:39,948 [grpc-default-executor-1] INFO  impl.RoleInfo (RoleInfo.java:updateAndGet(143)) - dd72838a-f206-4369-be48-6b1e036e4dac: start FollowerState
2019-10-01 20:15:39,947 [Thread-228] INFO  impl.FollowerState (FollowerState.java:run(115)) - dd72838a-f206-4369-be48-6b1e036e4dac: FollowerState was interrupted: java.lang.InterruptedException: sleep interrupted
2019-10-01 20:15:39,947 [Thread-231] INFO  impl.FollowerState (FollowerState.java:run(115)) - 28af574d-2172-4d1d-8894-6c49f9cc6298: FollowerState was interrupted: java.lang.InterruptedException: sleep interrupted
2019-10-01 20:15:39,987 [c87755eb-8f71-406d-9b39-c7913bad0d26@group-A5BC2F713CF6:LeaderElection6] INFO  impl.LeaderElection (LeaderElection.java:logAndReturn(56)) - c87755eb-8f71-406d-9b39-c7913bad0d26@group-A5BC2F713CF6:LeaderElection6: Election PASSED; received 1 response(s) [c87755eb-8f71-406d-9b39-c7913bad0d26<-dd72838a-f206-4369-be48-6b1e036e4dac#0:OK-t1] and 0 exception(s); c87755eb-8f71-406d-9b39-c7913bad0d26@group-A5BC2F713CF6:t1, leader=null, voted=c87755eb-8f71-406d-9b39-c7913bad0d26, raftlog=c87755eb-8f71-406d-9b39-c7913bad0d26@group-A5BC2F713CF6-SegmentedRaftLog:OPENED:c-1,f-1,i0, conf=-1: [28af574d-2172-4d1d-8894-6c49f9cc6298:192.168.151.103:43956, dd72838a-f206-4369-be48-6b1e036e4dac:192.168.151.103:34429, c87755eb-8f71-406d-9b39-c7913bad0d26:192.168.151.103:42498], old=null
2019-10-01 20:15:39,987 [c87755eb-8f71-406d-9b39-c7913bad0d26@group-A5BC2F713CF6:LeaderElection6] INFO  impl.RoleInfo (RoleInfo.java:shutdownLeaderElection(134)) - c87755eb-8f71-406d-9b39-c7913bad0d26: shutdown LeaderElection
2019-10-01 20:15:39,987 [c87755eb-8f71-406d-9b39-c7913bad0d26@group-A5BC2F713CF6:LeaderElection6] INFO  impl.RaftServerImpl (RaftServerImpl.java:setRole(174)) - c87755eb-8f71-406d-9b39-c7913bad0d26@group-A5BC2F713CF6: changes role from CANDIDATE to LEADER at term 1 for changeToLeader
2019-10-01 20:15:39,990 [c87755eb-8f71-406d-9b39-c7913bad0d26@group-A5BC2F713CF6:LeaderElection6] INFO  impl.RaftServerImpl (ServerState.java:setLeader(253)) - c87755eb-8f71-406d-9b39-c7913bad0d26@group-A5BC2F713CF6: change Leader from null to c87755eb-8f71-406d-9b39-c7913bad0d26 at term 1 for becomeLeader, leader elected after 5159ms
2019-10-01 20:15:39,990 [c87755eb-8f71-406d-9b39-c7913bad0d26@group-A5BC2F713CF6:LeaderElection6] INFO  server.RaftServerConfigKeys (ConfUtils.java:logGet(43)) - raft.server.staging.catchup.gap = 1000 (default)
2019-10-01 20:15:39,990 [c87755eb-8f71-406d-9b39-c7913bad0d26@group-A5BC2F713CF6:LeaderElection6] INFO  server.RaftServerConfigKeys (ConfUtils.java:logGet(43)) - raft.server.rpc.sleep.time = 25ms (default)
2019-10-01 20:15:39,990 [c87755eb-8f71-406d-9b39-c7913bad0d26@group-A5BC2F713CF6:LeaderElection6] INFO  server.RaftServerConfigKeys (ConfUtils.java:logGet(43)) - raft.server.write.element-limit = 4096 (default)
2019-10-01 20:15:39,990 [c87755eb-8f71-406d-9b39-c7913bad0d26@group-A5BC2F713CF6:LeaderElection6] INFO  server.RaftServerConfigKeys (ConfUtils.java:logGet(43)) - raft.server.watch.timeout = 10s (default)
2019-10-01 20:15:39,990 [c87755eb-8f71-406d-9b39-c7913bad0d26@group-A5BC2F713CF6:LeaderElection6] INFO  server.RaftServerConfigKeys (ConfUtils.java:logGet(43)) - raft.server.watch.timeout.denomination = 1s (default)
2019-10-01 20:15:39,990 [c87755eb-8f71-406d-9b39-c7913bad0d26@group-A5BC2F713CF6:LeaderElection6] INFO  server.RaftServerConfigKeys (ConfUtils.java:logGet(43)) - raft.server.watch.element-limit = 65536 (default)
2019-10-01 20:15:39,994 [c87755eb-8f71-406d-9b39-c7913bad0d26@group-A5BC2F713CF6:LeaderElection6] INFO  server.RaftServerConfigKeys (ConfUtils.java:logGet(43)) - raft.server.log.appender.snapshot.chunk.size.max = 16MB (=16777216) (default)
2019-10-01 20:15:39,994 [c87755eb-8f71-406d-9b39-c7913bad0d26@group-A5BC2F713CF6:LeaderElection6] INFO  server.RaftServerConfigKeys (ConfUtils.java:logGet(43)) - raft.server.log.appender.buffer.byte-limit = 33554432 (custom)
2019-10-01 20:15:39,995 [c87755eb-8f71-406d-9b39-c7913bad0d26@group-A5BC2F713CF6:LeaderElection6] INFO  server.RaftServerConfigKeys (ConfUtils.java:logGet(43)) - raft.server.log.appender.buffer.element-limit = 1 (custom)
2019-10-01 20:15:39,998 [c87755eb-8f71-406d-9b39-c7913bad0d26@group-A5BC2F713CF6:LeaderElection6] INFO  grpc.GrpcConfigKeys$Server (ConfUtils.java:logGet(43)) - raft.grpc.server.leader.outstanding.appends.max = 128 (default)
2019-10-01 20:15:40,002 [c87755eb-8f71-406d-9b39-c7913bad0d26@group-A5BC2F713CF6:LeaderElection6] INFO  server.RaftServerConfigKeys (ConfUtils.java:logGet(43)) - raft.server.rpc.request.timeout = 3000ms (default)
2019-10-01 20:15:40,002 [c87755eb-8f71-406d-9b39-c7913bad0d26@group-A5BC2F713CF6:LeaderElection6] INFO  server.RaftServerConfigKeys (ConfUtils.java:logGet(43)) - raft.server.log.appender.install.snapshot.enabled = false (custom)
2019-10-01 20:15:40,003 [c87755eb-8f71-406d-9b39-c7913bad0d26@group-A5BC2F713CF6:LeaderElection6] INFO  server.RaftServerConfigKeys (ConfUtils.java:logGet(43)) - raft.server.log.appender.snapshot.chunk.size.max = 16MB (=16777216) (default)
2019-10-01 20:15:40,003 [c87755eb-8f71-406d-9b39-c7913bad0d26@group-A5BC2F713CF6:LeaderElection6] INFO  server.RaftServerConfigKeys (ConfUtils.java:logGet(43)) - raft.server.log.appender.buffer.byte-limit = 33554432 (custom)
2019-10-01 20:15:40,003 [c87755eb-8f71-406d-9b39-c7913bad0d26@group-A5BC2F713CF6:LeaderElection6] INFO  server.RaftServerConfigKeys (ConfUtils.java:logGet(43)) - raft.server.log.appender.buffer.element-limit = 1 (custom)
2019-10-01 20:15:40,004 [c87755eb-8f71-406d-9b39-c7913bad0d26@group-A5BC2F713CF6:LeaderElection6] INFO  grpc.GrpcConfigKeys$Server (ConfUtils.java:logGet(43)) - raft.grpc.server.leader.outstanding.appends.max = 128 (default)
2019-10-01 20:15:40,004 [c87755eb-8f71-406d-9b39-c7913bad0d26@group-A5BC2F713CF6:LeaderElection6] INFO  server.RaftServerConfigKeys (ConfUtils.java:logGet(43)) - raft.server.rpc.request.timeout = 3000ms (default)
2019-10-01 20:15:40,004 [c87755eb-8f71-406d-9b39-c7913bad0d26@group-A5BC2F713CF6:LeaderElection6] INFO  server.RaftServerConfigKeys (ConfUtils.java:logGet(43)) - raft.server.log.appender.install.snapshot.enabled = false (custom)
2019-10-01 20:15:40,005 [c87755eb-8f71-406d-9b39-c7913bad0d26@group-A5BC2F713CF6:LeaderElection6] INFO  impl.RoleInfo (RoleInfo.java:updateAndGet(143)) - c87755eb-8f71-406d-9b39-c7913bad0d26: start LeaderState
2019-10-01 20:15:40,005 [c87755eb-8f71-406d-9b39-c7913bad0d26@group-A5BC2F713CF6:LeaderElection6] INFO  segmented.SegmentedRaftLogWorker (SegmentedRaftLogWorker.java:startLogSegment(380)) - c87755eb-8f71-406d-9b39-c7913bad0d26@group-A5BC2F713CF6-SegmentedRaftLogWorker: Starting segment from index:0
2019-10-01 20:15:40,006 [c87755eb-8f71-406d-9b39-c7913bad0d26@group-A5BC2F713CF6:LeaderElection6] INFO  impl.RaftServerImpl (ServerState.java:setRaftConf(354)) - c87755eb-8f71-406d-9b39-c7913bad0d26@group-A5BC2F713CF6: set configuration 0: [28af574d-2172-4d1d-8894-6c49f9cc6298:192.168.151.103:43956, dd72838a-f206-4369-be48-6b1e036e4dac:192.168.151.103:34429, c87755eb-8f71-406d-9b39-c7913bad0d26:192.168.151.103:42498], old=null at 0
2019-10-01 20:15:40,045 [c87755eb-8f71-406d-9b39-c7913bad0d26@group-A5BC2F713CF6-SegmentedRaftLogWorker] INFO  segmented.SegmentedRaftLogWorker (SegmentedRaftLogWorker.java:execute(569)) - c87755eb-8f71-406d-9b39-c7913bad0d26@group-A5BC2F713CF6-SegmentedRaftLogWorker: created new log segment /workdir/hadoop-ozone/ozonefs/target/test-dir/MiniOzoneClusterImpl-cc9961a9-1b1a-49c1-80c6-6d48514b4463/datanode-2/data/ratis/ebb47933-09d9-4143-8f08-a5bc2f713cf6/current/log_inprogress_0
2019-10-01 20:15:40,052 [grpc-default-executor-1] INFO  impl.RaftServerImpl (ServerState.java:setLeader(253)) - dd72838a-f206-4369-be48-6b1e036e4dac@group-A5BC2F713CF6: change Leader from null to c87755eb-8f71-406d-9b39-c7913bad0d26 at term 1 for appendEntries, leader elected after 5221ms
2019-10-01 20:15:40,052 [grpc-default-executor-2] INFO  impl.RaftServerImpl (ServerState.java:setLeader(253)) - 28af574d-2172-4d1d-8894-6c49f9cc6298@group-A5BC2F713CF6: change Leader from null to c87755eb-8f71-406d-9b39-c7913bad0d26 at term 1 for appendEntries, leader elected after 5221ms
2019-10-01 20:15:40,076 [grpc-default-executor-2] INFO  impl.RaftServerImpl (ServerState.java:setRaftConf(354)) - 28af574d-2172-4d1d-8894-6c49f9cc6298@group-A5BC2F713CF6: set configuration 0: [28af574d-2172-4d1d-8894-6c49f9cc6298:192.168.151.103:43956, dd72838a-f206-4369-be48-6b1e036e4dac:192.168.151.103:34429, c87755eb-8f71-406d-9b39-c7913bad0d26:192.168.151.103:42498], old=null at 0
2019-10-01 20:15:40,076 [grpc-default-executor-1] INFO  impl.RaftServerImpl (ServerState.java:setRaftConf(354)) - dd72838a-f206-4369-be48-6b1e036e4dac@group-A5BC2F713CF6: set configuration 0: [28af574d-2172-4d1d-8894-6c49f9cc6298:192.168.151.103:43956, dd72838a-f206-4369-be48-6b1e036e4dac:192.168.151.103:34429, c87755eb-8f71-406d-9b39-c7913bad0d26:192.168.151.103:42498], old=null at 0
2019-10-01 20:15:40,076 [grpc-default-executor-2] INFO  segmented.SegmentedRaftLogWorker (SegmentedRaftLogWorker.java:startLogSegment(380)) - 28af574d-2172-4d1d-8894-6c49f9cc6298@group-A5BC2F713CF6-SegmentedRaftLogWorker: Starting segment from index:0
2019-10-01 20:15:40,076 [grpc-default-executor-1] INFO  segmented.SegmentedRaftLogWorker (SegmentedRaftLogWorker.java:startLogSegment(380)) - dd72838a-f206-4369-be48-6b1e036e4dac@group-A5BC2F713CF6-SegmentedRaftLogWorker: Starting segment from index:0
2019-10-01 20:15:40,123 [dd72838a-f206-4369-be48-6b1e036e4dac@group-A5BC2F713CF6-SegmentedRaftLogWorker] INFO  segmented.SegmentedRaftLogWorker (SegmentedRaftLogWorker.java:execute(569)) - dd72838a-f206-4369-be48-6b1e036e4dac@group-A5BC2F713CF6-SegmentedRaftLogWorker: created new log segment /workdir/hadoop-ozone/ozonefs/target/test-dir/MiniOzoneClusterImpl-cc9961a9-1b1a-49c1-80c6-6d48514b4463/datanode-1/data/ratis/ebb47933-09d9-4143-8f08-a5bc2f713cf6/current/log_inprogress_0
2019-10-01 20:15:40,123 [28af574d-2172-4d1d-8894-6c49f9cc6298@group-A5BC2F713CF6-SegmentedRaftLogWorker] INFO  segmented.SegmentedRaftLogWorker (SegmentedRaftLogWorker.java:execute(569)) - 28af574d-2172-4d1d-8894-6c49f9cc6298@group-A5BC2F713CF6-SegmentedRaftLogWorker: created new log segment /workdir/hadoop-ozone/ozonefs/target/test-dir/MiniOzoneClusterImpl-cc9961a9-1b1a-49c1-80c6-6d48514b4463/datanode-4/data/ratis/ebb47933-09d9-4143-8f08-a5bc2f713cf6/current/log_inprogress_0
2019-10-01 20:15:40,493 [pool-46-thread-1] ERROR impl.ChunkManagerImpl (ChunkUtils.java:writeData(89)) - data array does not match the length specified. DataLen: 14 Byte Array: 170
2019-10-01 20:15:40,494 [pool-46-thread-1] INFO  keyvalue.KeyValueHandler (ContainerUtils.java:logAndReturnError(146)) - Operation: WriteChunk : Trace ID: 4e8b7d2df82f0c38:4e8b7d2df82f0c38:0:0 : Message: data array does not match the length specified. DataLen: 14 Byte Array: 170 : Result: INVALID_WRITE_SIZE
2019-10-01 20:15:40,504 [EventQueue-IncrementalContainerReportForIncrementalContainerReportHandler] WARN  container.IncrementalContainerReportHandler (AbstractContainerReportHandler.java:updateContainerState(143)) - Container #1 is in OPEN state, but the datanode c87755eb-8f71-406d-9b39-c7913bad0d26{ip: 192.168.151.103, host: pr-trunk-878pl-325597374, networkLocation: /default-rack, certSerialId: null} reports an UNHEALTHY replica.
20:15:40.512 [pool-46-thread-1] ERROR DNAudit - user=null | ip=null | op=WRITE_CHUNK {blockData=conID: 1 locID: 102888959967363072 bcsId: 0} | ret=FAILURE
java.lang.Exception: data array does not match the length specified. DataLen: 14 Byte Array: 170
	at org.apache.hadoop.ozone.container.common.impl.HddsDispatcher.dispatchRequest(HddsDispatcher.java:330) ~[hadoop-hdds-container-service-0.5.0-SNAPSHOT.jar:?]
	at org.apache.hadoop.ozone.container.common.impl.HddsDispatcher.dispatch(HddsDispatcher.java:150) ~[hadoop-hdds-container-service-0.5.0-SNAPSHOT.jar:?]
	at org.apache.hadoop.ozone.container.common.transport.server.ratis.ContainerStateMachine.dispatchCommand(ContainerStateMachine.java:407) ~[hadoop-hdds-container-service-0.5.0-SNAPSHOT.jar:?]
	at org.apache.hadoop.ozone.container.common.transport.server.ratis.ContainerStateMachine.runCommand(ContainerStateMachine.java:415) ~[hadoop-hdds-container-service-0.5.0-SNAPSHOT.jar:?]
	at org.apache.hadoop.ozone.container.common.transport.server.ratis.ContainerStateMachine.lambda$handleWriteChunk$1(ContainerStateMachine.java:450) ~[hadoop-hdds-container-service-0.5.0-SNAPSHOT.jar:?]
	at java.util.concurrent.CompletableFuture$AsyncSupply.run(CompletableFuture.java:1590) [?:1.8.0_212]
	at java.util.concurrent.ThreadPoolExecutor.runWorker(ThreadPoolExecutor.java:1149) [?:1.8.0_212]
	at java.util.concurrent.ThreadPoolExecutor$Worker.run(ThreadPoolExecutor.java:624) [?:1.8.0_212]
	at java.lang.Thread.run(Thread.java:748) [?:1.8.0_212]
2019-10-01 20:15:40,524 [pool-46-thread-1] ERROR ratis.ContainerStateMachine (ContainerStateMachine.java:lambda$handleWriteChunk$2(470)) - group-A5BC2F713CF6: writeChunk writeStateMachineData failed: blockIdcontainerID: 1
localID: 102888959967363072
blockCommitSequenceId: 0
 logIndex 1 chunkName 102888959967363072_chunk_1 Error message: data array does not match the length specified. DataLen: 14 Byte Array: 170 Container Result: INVALID_WRITE_SIZE
2019-10-01 20:15:40,540 [c87755eb-8f71-406d-9b39-c7913bad0d26@group-A5BC2F713CF6-SegmentedRaftLogWorker] ERROR ratis.XceiverServerRatis (XceiverServerRatis.java:triggerPipelineClose(575)) - pipeline Action CLOSE  on pipeline PipelineID=ebb47933-09d9-4143-8f08-a5bc2f713cf6.Reason : data array does not match the length specified. DataLen: 14 Byte Array: 170
2019-10-01 20:15:40,548 [EventQueue-PipelineActionsForPipelineActionHandler] ERROR pipeline.PipelineActionHandler (PipelineActionHandler.java:onMessage(60)) - Received pipeline action CLOSE for Pipeline[ Id: ebb47933-09d9-4143-8f08-a5bc2f713cf6, Nodes: dd72838a-f206-4369-be48-6b1e036e4dac{ip: 192.168.151.103, host: pr-trunk-878pl-325597374, networkLocation: /default-rack, certSerialId: null}c87755eb-8f71-406d-9b39-c7913bad0d26{ip: 192.168.151.103, host: pr-trunk-878pl-325597374, networkLocation: /default-rack, certSerialId: null}28af574d-2172-4d1d-8894-6c49f9cc6298{ip: 192.168.151.103, host: pr-trunk-878pl-325597374, networkLocation: /default-rack, certSerialId: null}, Type:RATIS, Factor:THREE, State:OPEN] from datanode c87755eb-8f71-406d-9b39-c7913bad0d26{ip: 192.168.151.103, host: pr-trunk-878pl-325597374, networkLocation: /default-rack, certSerialId: null}. Reason : data array does not match the length specified. DataLen: 14 Byte Array: 170
2019-10-01 20:15:40,548 [EventQueue-PipelineActionsForPipelineActionHandler] INFO  pipeline.SCMPipelineManager (SCMPipelineManager.java:finalizeAndDestroyPipeline(315)) - destroying pipeline:Pipeline[ Id: ebb47933-09d9-4143-8f08-a5bc2f713cf6, Nodes: dd72838a-f206-4369-be48-6b1e036e4dac{ip: 192.168.151.103, host: pr-trunk-878pl-325597374, networkLocation: /default-rack, certSerialId: null}c87755eb-8f71-406d-9b39-c7913bad0d26{ip: 192.168.151.103, host: pr-trunk-878pl-325597374, networkLocation: /default-rack, certSerialId: null}28af574d-2172-4d1d-8894-6c49f9cc6298{ip: 192.168.151.103, host: pr-trunk-878pl-325597374, networkLocation: /default-rack, certSerialId: null}, Type:RATIS, Factor:THREE, State:OPEN]
2019-10-01 20:15:40,550 [EventQueue-CloseContainerForCloseContainerEventHandler] INFO  container.CloseContainerEventHandler (CloseContainerEventHandler.java:onMessage(61)) - Close container Event triggered for container : #1
2019-10-01 20:15:40,551 [EventQueue-PipelineActionsForPipelineActionHandler] INFO  pipeline.PipelineStateManager (PipelineStateManager.java:finalizePipeline(123)) - Pipeline Pipeline[ Id: ebb47933-09d9-4143-8f08-a5bc2f713cf6, Nodes: dd72838a-f206-4369-be48-6b1e036e4dac{ip: 192.168.151.103, host: pr-trunk-878pl-325597374, networkLocation: /default-rack, certSerialId: null}c87755eb-8f71-406d-9b39-c7913bad0d26{ip: 192.168.151.103, host: pr-trunk-878pl-325597374, networkLocation: /default-rack, certSerialId: null}28af574d-2172-4d1d-8894-6c49f9cc6298{ip: 192.168.151.103, host: pr-trunk-878pl-325597374, networkLocation: /default-rack, certSerialId: null}, Type:RATIS, Factor:THREE, State:CLOSED] moved to CLOSED state
2019-10-01 20:15:40,555 [EventQueue-CloseContainerForCloseContainerEventHandler] INFO  container.CloseContainerEventHandler (CloseContainerEventHandler.java:onMessage(61)) - Close container Event triggered for container : #1
2019-10-01 20:15:40,563 [c87755eb-8f71-406d-9b39-c7913bad0d26@group-A5BC2F713CF6-SegmentedRaftLogWorker] ERROR ratis.XceiverServerRatis (XceiverServerRatis.java:triggerPipelineClose(575)) - pipeline Action CLOSE  on pipeline PipelineID=ebb47933-09d9-4143-8f08-a5bc2f713cf6.Reason : Log already failed at index 1 for task WriteLog:1: (t:1, i:1), STATEMACHINELOGENTRY, client-1A33B09FBC3D, cid=8
2019-10-01 20:15:40,569 [EventQueue-PipelineActionsForPipelineActionHandler] ERROR pipeline.PipelineActionHandler (PipelineActionHandler.java:onMessage(60)) - Received pipeline action CLOSE for Pipeline[ Id: ebb47933-09d9-4143-8f08-a5bc2f713cf6, Nodes: dd72838a-f206-4369-be48-6b1e036e4dac{ip: 192.168.151.103, host: pr-trunk-878pl-325597374, networkLocation: /default-rack, certSerialId: null}c87755eb-8f71-406d-9b39-c7913bad0d26{ip: 192.168.151.103, host: pr-trunk-878pl-325597374, networkLocation: /default-rack, certSerialId: null}28af574d-2172-4d1d-8894-6c49f9cc6298{ip: 192.168.151.103, host: pr-trunk-878pl-325597374, networkLocation: /default-rack, certSerialId: null}, Type:RATIS, Factor:THREE, State:CLOSED] from datanode c87755eb-8f71-406d-9b39-c7913bad0d26{ip: 192.168.151.103, host: pr-trunk-878pl-325597374, networkLocation: /default-rack, certSerialId: null}. Reason : Log already failed at index 1 for task WriteLog:1: (t:1, i:1), STATEMACHINELOGENTRY, client-1A33B09FBC3D, cid=8
2019-10-01 20:15:40,570 [EventQueue-PipelineActionsForPipelineActionHandler] INFO  pipeline.SCMPipelineManager (SCMPipelineManager.java:finalizeAndDestroyPipeline(315)) - destroying pipeline:Pipeline[ Id: ebb47933-09d9-4143-8f08-a5bc2f713cf6, Nodes: dd72838a-f206-4369-be48-6b1e036e4dac{ip: 192.168.151.103, host: pr-trunk-878pl-325597374, networkLocation: /default-rack, certSerialId: null}c87755eb-8f71-406d-9b39-c7913bad0d26{ip: 192.168.151.103, host: pr-trunk-878pl-325597374, networkLocation: /default-rack, certSerialId: null}28af574d-2172-4d1d-8894-6c49f9cc6298{ip: 192.168.151.103, host: pr-trunk-878pl-325597374, networkLocation: /default-rack, certSerialId: null}, Type:RATIS, Factor:THREE, State:CLOSED]
2019-10-01 20:16:46,571 [grpc-default-executor-2] INFO  impl.RaftServerProxy (RaftServerProxy.java:remove(95)) - dd72838a-f206-4369-be48-6b1e036e4dac: remove  FOLLOWER dd72838a-f206-4369-be48-6b1e036e4dac@group-A5BC2F713CF6:t1, leader=c87755eb-8f71-406d-9b39-c7913bad0d26, voted=c87755eb-8f71-406d-9b39-c7913bad0d26, raftlog=dd72838a-f206-4369-be48-6b1e036e4dac@group-A5BC2F713CF6-SegmentedRaftLog:OPENED:c0,f2,i2, conf=0: [28af574d-2172-4d1d-8894-6c49f9cc6298:192.168.151.103:43956, dd72838a-f206-4369-be48-6b1e036e4dac:192.168.151.103:34429, c87755eb-8f71-406d-9b39-c7913bad0d26:192.168.151.103:42498], old=null RUNNING
2019-10-01 20:16:46,575 [grpc-default-executor-2] INFO  impl.RaftServerImpl (RaftServerImpl.java:lambda$shutdown$3(251)) - dd72838a-f206-4369-be48-6b1e036e4dac@group-A5BC2F713CF6: shutdown
2019-10-01 20:16:46,576 [grpc-default-executor-2] INFO  util.JmxRegister (JmxRegister.java:unregister(73)) - Successfully un-registered JMX Bean with object name Ratis:service=RaftServer,group=group-A5BC2F713CF6,id=dd72838a-f206-4369-be48-6b1e036e4dac
2019-10-01 20:16:46,576 [grpc-default-executor-2] INFO  impl.RoleInfo (RoleInfo.java:shutdownFollowerState(121)) - dd72838a-f206-4369-be48-6b1e036e4dac: shutdown FollowerState
2019-10-01 20:16:46,576 [grpc-default-executor-2] INFO  impl.StateMachineUpdater (StateMachineUpdater.java:stopAndJoin(125)) - dd72838a-f206-4369-be48-6b1e036e4dac@group-A5BC2F713CF6-StateMachineUpdater: set stopIndex = 0
2019-10-01 20:16:46,576 [Thread-262] INFO  impl.FollowerState (FollowerState.java:run(115)) - dd72838a-f206-4369-be48-6b1e036e4dac: FollowerState was interrupted: java.lang.InterruptedException: sleep interrupted
2019-10-01 20:16:46,579 [grpc-default-executor-2] INFO  impl.RaftServerImpl (ServerState.java:close(385)) - dd72838a-f206-4369-be48-6b1e036e4dac@group-A5BC2F713CF6: closes. applyIndex: 0
2019-10-01 20:16:46,580 [dd72838a-f206-4369-be48-6b1e036e4dac@group-A5BC2F713CF6-SegmentedRaftLogWorker] INFO  segmented.SegmentedRaftLogWorker (SegmentedRaftLogWorker.java:run(313)) - dd72838a-f206-4369-be48-6b1e036e4dac@group-A5BC2F713CF6-SegmentedRaftLogWorker was interrupted, exiting. There are 0 tasks remaining in the queue.
2019-10-01 20:16:46,582 [grpc-default-executor-2] INFO  segmented.SegmentedRaftLogWorker (SegmentedRaftLogWorker.java:close(228)) - dd72838a-f206-4369-be48-6b1e036e4dac@group-A5BC2F713CF6-SegmentedRaftLogWorker close()
2019-10-01 20:16:46,628 [grpc-default-executor-2] INFO  interfaces.Container (KeyValueContainer.java:flushAndSyncDB(386)) - Container 1 is synced with bcsId 0.
2019-10-01 20:16:46,628 [grpc-default-executor-2] INFO  interfaces.Container (KeyValueContainer.java:flushAndSyncDB(386)) - Container 1 is synced with bcsId 0.
2019-10-01 20:16:46,638 [EventQueue-IncrementalContainerReportForIncrementalContainerReportHandler] INFO  container.IncrementalContainerReportHandler (AbstractContainerReportHandler.java:updateContainerState(169)) - Moving container #1 to QUASI_CLOSED state, datanode dd72838a-f206-4369-be48-6b1e036e4dac{ip: 192.168.151.103, host: pr-trunk-878pl-325597374, networkLocation: /default-rack, certSerialId: null} reported QUASI_CLOSED replica.
2019-10-01 20:16:46,651 [grpc-default-executor-2] INFO  impl.RaftServerProxy (RaftServerProxy.java:remove(95)) - c87755eb-8f71-406d-9b39-c7913bad0d26: remove    LEADER c87755eb-8f71-406d-9b39-c7913bad0d26@group-A5BC2F713CF6:t1, leader=c87755eb-8f71-406d-9b39-c7913bad0d26, voted=c87755eb-8f71-406d-9b39-c7913bad0d26, raftlog=c87755eb-8f71-406d-9b39-c7913bad0d26@group-A5BC2F713CF6-SegmentedRaftLog:OPENED:c0,f0,i2, conf=0: [28af574d-2172-4d1d-8894-6c49f9cc6298:192.168.151.103:43956, dd72838a-f206-4369-be48-6b1e036e4dac:192.168.151.103:34429, c87755eb-8f71-406d-9b39-c7913bad0d26:192.168.151.103:42498], old=null RUNNING
2019-10-01 20:16:46,652 [grpc-default-executor-2] INFO  impl.RaftServerImpl (RaftServerImpl.java:lambda$shutdown$3(251)) - c87755eb-8f71-406d-9b39-c7913bad0d26@group-A5BC2F713CF6: shutdown
2019-10-01 20:16:46,652 [grpc-default-executor-2] INFO  util.JmxRegister (JmxRegister.java:unregister(73)) - Successfully un-registered JMX Bean with object name Ratis:service=RaftServer,group=group-A5BC2F713CF6,id=c87755eb-8f71-406d-9b39-c7913bad0d26
2019-10-01 20:16:46,652 [grpc-default-executor-2] INFO  impl.RoleInfo (RoleInfo.java:shutdownLeaderState(104)) - c87755eb-8f71-406d-9b39-c7913bad0d26: shutdown LeaderState
2019-10-01 20:16:46,656 [grpc-default-executor-2] INFO  impl.PendingRequests (PendingRequests.java:sendNotLeaderResponses(202)) - c87755eb-8f71-406d-9b39-c7913bad0d26-PendingRequests: sendNotLeaderResponses
2019-10-01 20:16:46,656 [org.apache.ratis.server.impl.LogAppender$AppenderDaemon$$Lambda$503/498285707@1b14ad0b] WARN  server.GrpcLogAppender (GrpcLogAppender.java:mayWait(143)) - c87755eb-8f71-406d-9b39-c7913bad0d26@group-A5BC2F713CF6->dd72838a-f206-4369-be48-6b1e036e4dac-GrpcLogAppender: Wait interrupted by java.lang.InterruptedException
2019-10-01 20:16:46,656 [org.apache.ratis.server.impl.LogAppender$AppenderDaemon$$Lambda$503/498285707@283f1a13] WARN  server.GrpcLogAppender (GrpcLogAppender.java:mayWait(143)) - c87755eb-8f71-406d-9b39-c7913bad0d26@group-A5BC2F713CF6->28af574d-2172-4d1d-8894-6c49f9cc6298-GrpcLogAppender: Wait interrupted by java.lang.InterruptedException
2019-10-01 20:16:46,661 [grpc-default-executor-0] INFO  server.GrpcServerProtocolService (GrpcServerProtocolService.java:onCompleted(113)) - dd72838a-f206-4369-be48-6b1e036e4dac: Completed APPEND_ENTRIES, lastRequest: c87755eb-8f71-406d-9b39-c7913bad0d26->dd72838a-f206-4369-be48-6b1e036e4dac#29-t1, previous=(t:1, i:2), leaderCommit=0, initializing? false, entries: <empty>
2019-10-01 20:16:46,661 [grpc-default-executor-1] INFO  server.GrpcServerProtocolService (GrpcServerProtocolService.java:onCompleted(113)) - 28af574d-2172-4d1d-8894-6c49f9cc6298: Completed APPEND_ENTRIES, lastRequest: c87755eb-8f71-406d-9b39-c7913bad0d26->28af574d-2172-4d1d-8894-6c49f9cc6298#29-t1, previous=(t:1, i:2), leaderCommit=0, initializing? false, entries: <empty>
2019-10-01 20:16:46,663 [grpc-default-executor-1] INFO  server.GrpcLogAppender (GrpcLogAppender.java:onCompleted(293)) - c87755eb-8f71-406d-9b39-c7913bad0d26@group-A5BC2F713CF6->dd72838a-f206-4369-be48-6b1e036e4dac-AppendLogResponseHandler: follower responses appendEntries COMPLETED
2019-10-01 20:16:46,663 [grpc-default-executor-0] INFO  server.GrpcLogAppender (GrpcLogAppender.java:onCompleted(293)) - c87755eb-8f71-406d-9b39-c7913bad0d26@group-A5BC2F713CF6->28af574d-2172-4d1d-8894-6c49f9cc6298-AppendLogResponseHandler: follower responses appendEntries COMPLETED
2019-10-01 20:16:46,668 [grpc-default-executor-2] INFO  impl.StateMachineUpdater (StateMachineUpdater.java:stopAndJoin(125)) - c87755eb-8f71-406d-9b39-c7913bad0d26@group-A5BC2F713CF6-StateMachineUpdater: set stopIndex = 0
2019-10-01 20:16:46,671 [grpc-default-executor-0] INFO  impl.FollowerInfo (FollowerInfo.java:lambda$new$0(51)) - c87755eb-8f71-406d-9b39-c7913bad0d26@group-A5BC2F713CF6->28af574d-2172-4d1d-8894-6c49f9cc6298: nextIndex: updateUnconditionally 3 -> 2
2019-10-01 20:16:46,673 [grpc-default-executor-2] INFO  impl.RaftServerImpl (ServerState.java:close(385)) - c87755eb-8f71-406d-9b39-c7913bad0d26@group-A5BC2F713CF6: closes. applyIndex: 0
2019-10-01 20:16:46,671 [grpc-default-executor-1] INFO  impl.FollowerInfo (FollowerInfo.java:lambda$new$0(51)) - c87755eb-8f71-406d-9b39-c7913bad0d26@group-A5BC2F713CF6->dd72838a-f206-4369-be48-6b1e036e4dac: nextIndex: updateUnconditionally 3 -> 2
2019-10-01 20:16:46,673 [c87755eb-8f71-406d-9b39-c7913bad0d26@group-A5BC2F713CF6-SegmentedRaftLogWorker] INFO  segmented.SegmentedRaftLogWorker (SegmentedRaftLogWorker.java:run(313)) - c87755eb-8f71-406d-9b39-c7913bad0d26@group-A5BC2F713CF6-SegmentedRaftLogWorker was interrupted, exiting. There are 0 tasks remaining in the queue.
2019-10-01 20:16:46,687 [grpc-default-executor-2] INFO  segmented.SegmentedRaftLogWorker (SegmentedRaftLogWorker.java:close(228)) - c87755eb-8f71-406d-9b39-c7913bad0d26@group-A5BC2F713CF6-SegmentedRaftLogWorker close()
2019-10-01 20:16:46,703 [grpc-default-executor-2] INFO  impl.RaftServerProxy (RaftServerProxy.java:remove(95)) - 28af574d-2172-4d1d-8894-6c49f9cc6298: remove  FOLLOWER 28af574d-2172-4d1d-8894-6c49f9cc6298@group-A5BC2F713CF6:t1, leader=c87755eb-8f71-406d-9b39-c7913bad0d26, voted=c87755eb-8f71-406d-9b39-c7913bad0d26, raftlog=28af574d-2172-4d1d-8894-6c49f9cc6298@group-A5BC2F713CF6-SegmentedRaftLog:OPENED:c0,f2,i2, conf=0: [28af574d-2172-4d1d-8894-6c49f9cc6298:192.168.151.103:43956, dd72838a-f206-4369-be48-6b1e036e4dac:192.168.151.103:34429, c87755eb-8f71-406d-9b39-c7913bad0d26:192.168.151.103:42498], old=null RUNNING
2019-10-01 20:16:46,703 [grpc-default-executor-2] INFO  impl.RaftServerImpl (RaftServerImpl.java:lambda$shutdown$3(251)) - 28af574d-2172-4d1d-8894-6c49f9cc6298@group-A5BC2F713CF6: shutdown
2019-10-01 20:16:46,703 [grpc-default-executor-2] INFO  util.JmxRegister (JmxRegister.java:unregister(73)) - Successfully un-registered JMX Bean with object name Ratis:service=RaftServer,group=group-A5BC2F713CF6,id=28af574d-2172-4d1d-8894-6c49f9cc6298
2019-10-01 20:16:46,703 [grpc-default-executor-2] INFO  impl.RoleInfo (RoleInfo.java:shutdownFollowerState(121)) - 28af574d-2172-4d1d-8894-6c49f9cc6298: shutdown FollowerState
2019-10-01 20:16:46,703 [grpc-default-executor-2] INFO  impl.StateMachineUpdater (StateMachineUpdater.java:stopAndJoin(125)) - 28af574d-2172-4d1d-8894-6c49f9cc6298@group-A5BC2F713CF6-StateMachineUpdater: set stopIndex = 0
2019-10-01 20:16:46,704 [Thread-261] INFO  impl.FollowerState (FollowerState.java:run(115)) - 28af574d-2172-4d1d-8894-6c49f9cc6298: FollowerState was interrupted: java.lang.InterruptedException: sleep interrupted
2019-10-01 20:16:46,706 [grpc-default-executor-2] INFO  impl.RaftServerImpl (ServerState.java:close(385)) - 28af574d-2172-4d1d-8894-6c49f9cc6298@group-A5BC2F713CF6: closes. applyIndex: 0
2019-10-01 20:16:46,706 [28af574d-2172-4d1d-8894-6c49f9cc6298@group-A5BC2F713CF6-SegmentedRaftLogWorker] INFO  segmented.SegmentedRaftLogWorker (SegmentedRaftLogWorker.java:run(313)) - 28af574d-2172-4d1d-8894-6c49f9cc6298@group-A5BC2F713CF6-SegmentedRaftLogWorker was interrupted, exiting. There are 0 tasks remaining in the queue.
2019-10-01 20:16:46,707 [grpc-default-executor-2] INFO  segmented.SegmentedRaftLogWorker (SegmentedRaftLogWorker.java:close(228)) - 28af574d-2172-4d1d-8894-6c49f9cc6298@group-A5BC2F713CF6-SegmentedRaftLogWorker close()
2019-10-01 20:16:46,728 [grpc-default-executor-2] INFO  interfaces.Container (KeyValueContainer.java:flushAndSyncDB(386)) - Container 1 is synced with bcsId 0.
2019-10-01 20:16:46,729 [grpc-default-executor-2] INFO  interfaces.Container (KeyValueContainer.java:flushAndSyncDB(386)) - Container 1 is synced with bcsId 0.
2019-10-01 20:16:46,748 [RatisPipelineUtilsThread] INFO  pipeline.PipelineStateManager (PipelineStateManager.java:removePipeline(108)) - Pipeline Pipeline[ Id: ebb47933-09d9-4143-8f08-a5bc2f713cf6, Nodes: dd72838a-f206-4369-be48-6b1e036e4dac{ip: 192.168.151.103, host: pr-trunk-878pl-325597374, networkLocation: /default-rack, certSerialId: null}c87755eb-8f71-406d-9b39-c7913bad0d26{ip: 192.168.151.103, host: pr-trunk-878pl-325597374, networkLocation: /default-rack, certSerialId: null}28af574d-2172-4d1d-8894-6c49f9cc6298{ip: 192.168.151.103, host: pr-trunk-878pl-325597374, networkLocation: /default-rack, certSerialId: null}, Type:RATIS, Factor:THREE, State:CLOSED] removed from db
2019-10-01 20:16:46,755 [grpc-default-executor-2] INFO  impl.RaftServerProxy (RaftServerProxy.java:remove(95)) - dd72838a-f206-4369-be48-6b1e036e4dac: remove group-A5BC2F713CF6:null
2019-10-01 20:16:46,772 [RatisPipelineUtilsThread] WARN  pipeline.RatisPipelineUtils (RatisPipelineUtils.java:destroyPipeline(67)) - Pipeline destroy failed for pipeline=PipelineID=ebb47933-09d9-4143-8f08-a5bc2f713cf6 dn=dd72838a-f206-4369-be48-6b1e036e4dac{ip: 192.168.151.103, host: pr-trunk-878pl-325597374, networkLocation: /default-rack, certSerialId: null}
2019-10-01 20:16:46,779 [grpc-default-executor-2] INFO  impl.RaftServerProxy (RaftServerProxy.java:remove(95)) - c87755eb-8f71-406d-9b39-c7913bad0d26: remove group-A5BC2F713CF6:null
2019-10-01 20:16:46,786 [RatisPipelineUtilsThread] WARN  pipeline.RatisPipelineUtils (RatisPipelineUtils.java:destroyPipeline(67)) - Pipeline destroy failed for pipeline=PipelineID=ebb47933-09d9-4143-8f08-a5bc2f713cf6 dn=c87755eb-8f71-406d-9b39-c7913bad0d26{ip: 192.168.151.103, host: pr-trunk-878pl-325597374, networkLocation: /default-rack, certSerialId: null}
2019-10-01 20:16:46,793 [grpc-default-executor-2] INFO  impl.RaftServerProxy (RaftServerProxy.java:remove(95)) - 28af574d-2172-4d1d-8894-6c49f9cc6298: remove group-A5BC2F713CF6:null
2019-10-01 20:16:46,804 [RatisPipelineUtilsThread] WARN  pipeline.RatisPipelineUtils (RatisPipelineUtils.java:destroyPipeline(67)) - Pipeline destroy failed for pipeline=PipelineID=ebb47933-09d9-4143-8f08-a5bc2f713cf6 dn=28af574d-2172-4d1d-8894-6c49f9cc6298{ip: 192.168.151.103, host: pr-trunk-878pl-325597374, networkLocation: /default-rack, certSerialId: null}
2019-10-01 20:16:46,805 [RatisPipelineUtilsThread] ERROR pipeline.SCMPipelineManager (Scheduler.java:lambda$schedule$1(70)) - Destroy pipeline failed for pipeline:Pipeline[ Id: ebb47933-09d9-4143-8f08-a5bc2f713cf6, Nodes: dd72838a-f206-4369-be48-6b1e036e4dac{ip: 192.168.151.103, host: pr-trunk-878pl-325597374, networkLocation: /default-rack, certSerialId: null}c87755eb-8f71-406d-9b39-c7913bad0d26{ip: 192.168.151.103, host: pr-trunk-878pl-325597374, networkLocation: /default-rack, certSerialId: null}28af574d-2172-4d1d-8894-6c49f9cc6298{ip: 192.168.151.103, host: pr-trunk-878pl-325597374, networkLocation: /default-rack, certSerialId: null}, Type:RATIS, Factor:THREE, State:CLOSED]
org.apache.hadoop.hdds.scm.pipeline.PipelineNotFoundException: PipelineID=ebb47933-09d9-4143-8f08-a5bc2f713cf6 not found
	at org.apache.hadoop.hdds.scm.pipeline.PipelineStateMap.getPipeline(PipelineStateMap.java:132)
	at org.apache.hadoop.hdds.scm.pipeline.PipelineStateMap.removePipeline(PipelineStateMap.java:322)
	at org.apache.hadoop.hdds.scm.pipeline.PipelineStateManager.removePipeline(PipelineStateManager.java:107)
	at org.apache.hadoop.hdds.scm.pipeline.SCMPipelineManager.removePipeline(SCMPipelineManager.java:427)
	at org.apache.hadoop.hdds.scm.pipeline.SCMPipelineManager.destroyPipeline(SCMPipelineManager.java:413)
	at org.apache.hadoop.hdds.scm.pipeline.SCMPipelineManager.lambda$finalizeAndDestroyPipeline$0(SCMPipelineManager.java:322)
	at org.apache.hadoop.hdds.utils.Scheduler.lambda$schedule$1(Scheduler.java:68)
	at java.util.concurrent.Executors$RunnableAdapter.call(Executors.java:511)
	at java.util.concurrent.FutureTask.run(FutureTask.java:266)
	at java.util.concurrent.ScheduledThreadPoolExecutor$ScheduledFutureTask.access$201(ScheduledThreadPoolExecutor.java:180)
	at java.util.concurrent.ScheduledThreadPoolExecutor$ScheduledFutureTask.run(ScheduledThreadPoolExecutor.java:293)
	at java.util.concurrent.ThreadPoolExecutor.runWorker(ThreadPoolExecutor.java:1149)
	at java.util.concurrent.ThreadPoolExecutor$Worker.run(ThreadPoolExecutor.java:624)
	at java.lang.Thread.run(Thread.java:748)
2019-10-01 20:16:46,824 [grpc-default-executor-3] INFO  impl.RaftServerProxy (RaftServerProxy.java:addNew(89)) - c87755eb-8f71-406d-9b39-c7913bad0d26: addNew group-25611A95F860:[28af574d-2172-4d1d-8894-6c49f9cc6298:192.168.151.103:43956, dd72838a-f206-4369-be48-6b1e036e4dac:192.168.151.103:34429, c87755eb-8f71-406d-9b39-c7913bad0d26:192.168.151.103:42498] returns group-25611A95F860:java.util.concurrent.CompletableFuture@163607ff[Not completed]
2019-10-01 20:16:46,824 [grpc-default-executor-2] INFO  impl.RaftServerProxy (RaftServerProxy.java:addNew(89)) - 28af574d-2172-4d1d-8894-6c49f9cc6298: addNew group-25611A95F860:[28af574d-2172-4d1d-8894-6c49f9cc6298:192.168.151.103:43956, dd72838a-f206-4369-be48-6b1e036e4dac:192.168.151.103:34429, c87755eb-8f71-406d-9b39-c7913bad0d26:192.168.151.103:42498] returns group-25611A95F860:java.util.concurrent.CompletableFuture@5d0ce2df[Not completed]
2019-10-01 20:16:46,826 [grpc-default-executor-1] INFO  impl.RaftServerProxy (RaftServerProxy.java:addNew(89)) - dd72838a-f206-4369-be48-6b1e036e4dac: addNew group-25611A95F860:[28af574d-2172-4d1d-8894-6c49f9cc6298:192.168.151.103:43956, dd72838a-f206-4369-be48-6b1e036e4dac:192.168.151.103:34429, c87755eb-8f71-406d-9b39-c7913bad0d26:192.168.151.103:42498] returns group-25611A95F860:java.util.concurrent.CompletableFuture@4ee08eaa[Not completed]
2019-10-01 20:16:46,827 [pool-68-thread-1] INFO  impl.RaftServerImpl (RaftServerImpl.java:<init>(95)) - 28af574d-2172-4d1d-8894-6c49f9cc6298: new RaftServerImpl for group-25611A95F860:[28af574d-2172-4d1d-8894-6c49f9cc6298:192.168.151.103:43956, dd72838a-f206-4369-be48-6b1e036e4dac:192.168.151.103:34429, c87755eb-8f71-406d-9b39-c7913bad0d26:192.168.151.103:42498] with ContainerStateMachine:uninitialized
2019-10-01 20:16:46,828 [pool-68-thread-1] INFO  server.RaftServerConfigKeys (ConfUtils.java:logGet(43)) - raft.server.rpc.timeout.min = 5s (custom)
2019-10-01 20:16:46,828 [pool-68-thread-1] INFO  server.RaftServerConfigKeys (ConfUtils.java:logGet(43)) - raft.server.rpc.timeout.max = 5200ms (custom)
2019-10-01 20:16:46,828 [pool-68-thread-1] INFO  server.RaftServerConfigKeys (ConfUtils.java:logGet(43)) - raft.server.rpcslowness.timeout = 120s (custom)
2019-10-01 20:16:46,828 [pool-68-thread-1] INFO  server.RaftServerConfigKeys (ConfUtils.java:logGet(43)) - raft.server.sleep.deviation.threshold = 300 (default)
2019-10-01 20:16:46,828 [pool-68-thread-1] INFO  server.RaftServerConfigKeys (ConfUtils.java:logGet(43)) - raft.server.log.appender.install.snapshot.enabled = false (custom)
2019-10-01 20:16:46,828 [pool-68-thread-1] INFO  impl.RaftServerImpl (ServerState.java:<init>(103)) - 28af574d-2172-4d1d-8894-6c49f9cc6298@group-25611A95F860: ConfigurationManager, init=-1: [28af574d-2172-4d1d-8894-6c49f9cc6298:192.168.151.103:43956, dd72838a-f206-4369-be48-6b1e036e4dac:192.168.151.103:34429, c87755eb-8f71-406d-9b39-c7913bad0d26:192.168.151.103:42498], old=null, confs=<EMPTY_MAP>
2019-10-01 20:16:46,828 [pool-68-thread-1] INFO  server.RaftServerConfigKeys (ConfUtils.java:logGet(43)) - raft.server.storage.dir = [/workdir/hadoop-ozone/ozonefs/target/test-dir/MiniOzoneClusterImpl-cc9961a9-1b1a-49c1-80c6-6d48514b4463/datanode-4/data/ratis] (custom)
2019-10-01 20:16:46,829 [pool-37-thread-1] INFO  impl.RaftServerImpl (RaftServerImpl.java:<init>(95)) - dd72838a-f206-4369-be48-6b1e036e4dac: new RaftServerImpl for group-25611A95F860:[28af574d-2172-4d1d-8894-6c49f9cc6298:192.168.151.103:43956, dd72838a-f206-4369-be48-6b1e036e4dac:192.168.151.103:34429, c87755eb-8f71-406d-9b39-c7913bad0d26:192.168.151.103:42498] with ContainerStateMachine:uninitialized
2019-10-01 20:16:46,829 [pool-68-thread-1] INFO  storage.RaftStorageDirectory (RaftStorageDirectory.java:analyzeStorage(246)) - The storage directory /workdir/hadoop-ozone/ozonefs/target/test-dir/MiniOzoneClusterImpl-cc9961a9-1b1a-49c1-80c6-6d48514b4463/datanode-4/data/ratis/757b7363-a91c-4fee-bb79-25611a95f860 does not exist. Creating ...
2019-10-01 20:16:46,829 [pool-37-thread-1] INFO  server.RaftServerConfigKeys (ConfUtils.java:logGet(43)) - raft.server.rpc.timeout.min = 5s (custom)
2019-10-01 20:16:46,829 [pool-37-thread-1] INFO  server.RaftServerConfigKeys (ConfUtils.java:logGet(43)) - raft.server.rpc.timeout.max = 5200ms (custom)
2019-10-01 20:16:46,829 [pool-37-thread-1] INFO  server.RaftServerConfigKeys (ConfUtils.java:logGet(43)) - raft.server.rpcslowness.timeout = 120s (custom)
2019-10-01 20:16:46,829 [pool-37-thread-1] INFO  server.RaftServerConfigKeys (ConfUtils.java:logGet(43)) - raft.server.sleep.deviation.threshold = 300 (default)
2019-10-01 20:16:46,829 [pool-47-thread-1] INFO  impl.RaftServerImpl (RaftServerImpl.java:<init>(95)) - c87755eb-8f71-406d-9b39-c7913bad0d26: new RaftServerImpl for group-25611A95F860:[28af574d-2172-4d1d-8894-6c49f9cc6298:192.168.151.103:43956, dd72838a-f206-4369-be48-6b1e036e4dac:192.168.151.103:34429, c87755eb-8f71-406d-9b39-c7913bad0d26:192.168.151.103:42498] with ContainerStateMachine:uninitialized
2019-10-01 20:16:46,829 [pool-37-thread-1] INFO  server.RaftServerConfigKeys (ConfUtils.java:logGet(43)) - raft.server.log.appender.install.snapshot.enabled = false (custom)
2019-10-01 20:16:46,830 [pool-47-thread-1] INFO  server.RaftServerConfigKeys (ConfUtils.java:logGet(43)) - raft.server.rpc.timeout.min = 5s (custom)
2019-10-01 20:16:46,830 [pool-37-thread-1] INFO  impl.RaftServerImpl (ServerState.java:<init>(103)) - dd72838a-f206-4369-be48-6b1e036e4dac@group-25611A95F860: ConfigurationManager, init=-1: [28af574d-2172-4d1d-8894-6c49f9cc6298:192.168.151.103:43956, dd72838a-f206-4369-be48-6b1e036e4dac:192.168.151.103:34429, c87755eb-8f71-406d-9b39-c7913bad0d26:192.168.151.103:42498], old=null, confs=<EMPTY_MAP>
2019-10-01 20:16:46,830 [pool-47-thread-1] INFO  server.RaftServerConfigKeys (ConfUtils.java:logGet(43)) - raft.server.rpc.timeout.max = 5200ms (custom)
2019-10-01 20:16:46,830 [pool-37-thread-1] INFO  server.RaftServerConfigKeys (ConfUtils.java:logGet(43)) - raft.server.storage.dir = [/workdir/hadoop-ozone/ozonefs/target/test-dir/MiniOzoneClusterImpl-cc9961a9-1b1a-49c1-80c6-6d48514b4463/datanode-1/data/ratis] (custom)
2019-10-01 20:16:46,830 [pool-47-thread-1] INFO  server.RaftServerConfigKeys (ConfUtils.java:logGet(43)) - raft.server.rpcslowness.timeout = 120s (custom)
2019-10-01 20:16:46,830 [pool-47-thread-1] INFO  server.RaftServerConfigKeys (ConfUtils.java:logGet(43)) - raft.server.sleep.deviation.threshold = 300 (default)
2019-10-01 20:16:46,830 [pool-47-thread-1] INFO  server.RaftServerConfigKeys (ConfUtils.java:logGet(43)) - raft.server.log.appender.install.snapshot.enabled = false (custom)
2019-10-01 20:16:46,830 [pool-37-thread-1] INFO  storage.RaftStorageDirectory (RaftStorageDirectory.java:analyzeStorage(246)) - The storage directory /workdir/hadoop-ozone/ozonefs/target/test-dir/MiniOzoneClusterImpl-cc9961a9-1b1a-49c1-80c6-6d48514b4463/datanode-1/data/ratis/757b7363-a91c-4fee-bb79-25611a95f860 does not exist. Creating ...
2019-10-01 20:16:46,830 [pool-47-thread-1] INFO  impl.RaftServerImpl (ServerState.java:<init>(103)) - c87755eb-8f71-406d-9b39-c7913bad0d26@group-25611A95F860: ConfigurationManager, init=-1: [28af574d-2172-4d1d-8894-6c49f9cc6298:192.168.151.103:43956, dd72838a-f206-4369-be48-6b1e036e4dac:192.168.151.103:34429, c87755eb-8f71-406d-9b39-c7913bad0d26:192.168.151.103:42498], old=null, confs=<EMPTY_MAP>
2019-10-01 20:16:46,830 [pool-47-thread-1] INFO  server.RaftServerConfigKeys (ConfUtils.java:logGet(43)) - raft.server.storage.dir = [/workdir/hadoop-ozone/ozonefs/target/test-dir/MiniOzoneClusterImpl-cc9961a9-1b1a-49c1-80c6-6d48514b4463/datanode-2/data/ratis] (custom)
2019-10-01 20:16:46,831 [pool-47-thread-1] INFO  storage.RaftStorageDirectory (RaftStorageDirectory.java:analyzeStorage(246)) - The storage directory /workdir/hadoop-ozone/ozonefs/target/test-dir/MiniOzoneClusterImpl-cc9961a9-1b1a-49c1-80c6-6d48514b4463/datanode-2/data/ratis/757b7363-a91c-4fee-bb79-25611a95f860 does not exist. Creating ...
2019-10-01 20:16:46,844 [pool-37-thread-1] INFO  storage.RaftStorageDirectory (RaftStorageDirectory.java:tryLock(328)) - Lock on /workdir/hadoop-ozone/ozonefs/target/test-dir/MiniOzoneClusterImpl-cc9961a9-1b1a-49c1-80c6-6d48514b4463/datanode-1/data/ratis/757b7363-a91c-4fee-bb79-25611a95f860/in_use.lock acquired by nodename 29826@pr-trunk-878pl-325597374
2019-10-01 20:16:46,844 [pool-68-thread-1] INFO  storage.RaftStorageDirectory (RaftStorageDirectory.java:tryLock(328)) - Lock on /workdir/hadoop-ozone/ozonefs/target/test-dir/MiniOzoneClusterImpl-cc9961a9-1b1a-49c1-80c6-6d48514b4463/datanode-4/data/ratis/757b7363-a91c-4fee-bb79-25611a95f860/in_use.lock acquired by nodename 29826@pr-trunk-878pl-325597374
2019-10-01 20:16:46,844 [pool-47-thread-1] INFO  storage.RaftStorageDirectory (RaftStorageDirectory.java:tryLock(328)) - Lock on /workdir/hadoop-ozone/ozonefs/target/test-dir/MiniOzoneClusterImpl-cc9961a9-1b1a-49c1-80c6-6d48514b4463/datanode-2/data/ratis/757b7363-a91c-4fee-bb79-25611a95f860/in_use.lock acquired by nodename 29826@pr-trunk-878pl-325597374
2019-10-01 20:16:46,856 [pool-47-thread-1] INFO  storage.RaftStorage (RaftStorage.java:format(72)) - Storage directory /workdir/hadoop-ozone/ozonefs/target/test-dir/MiniOzoneClusterImpl-cc9961a9-1b1a-49c1-80c6-6d48514b4463/datanode-2/data/ratis/757b7363-a91c-4fee-bb79-25611a95f860 has been successfully formatted.
2019-10-01 20:16:46,856 [pool-37-thread-1] INFO  storage.RaftStorage (RaftStorage.java:format(72)) - Storage directory /workdir/hadoop-ozone/ozonefs/target/test-dir/MiniOzoneClusterImpl-cc9961a9-1b1a-49c1-80c6-6d48514b4463/datanode-1/data/ratis/757b7363-a91c-4fee-bb79-25611a95f860 has been successfully formatted.
2019-10-01 20:16:46,856 [pool-68-thread-1] INFO  storage.RaftStorage (RaftStorage.java:format(72)) - Storage directory /workdir/hadoop-ozone/ozonefs/target/test-dir/MiniOzoneClusterImpl-cc9961a9-1b1a-49c1-80c6-6d48514b4463/datanode-4/data/ratis/757b7363-a91c-4fee-bb79-25611a95f860 has been successfully formatted.
2019-10-01 20:16:46,856 [pool-47-thread-1] INFO  ratis.ContainerStateMachine (ContainerStateMachine.java:loadSnapshot(231)) - group-25611A95F860: The snapshot info is null. Setting the last applied indexto:(t:0, i:~)
2019-10-01 20:16:46,856 [pool-68-thread-1] INFO  ratis.ContainerStateMachine (ContainerStateMachine.java:loadSnapshot(231)) - group-25611A95F860: The snapshot info is null. Setting the last applied indexto:(t:0, i:~)
2019-10-01 20:16:46,856 [pool-37-thread-1] INFO  ratis.ContainerStateMachine (ContainerStateMachine.java:loadSnapshot(231)) - group-25611A95F860: The snapshot info is null. Setting the last applied indexto:(t:0, i:~)
2019-10-01 20:16:46,856 [pool-47-thread-1] INFO  server.RaftServerConfigKeys (ConfUtils.java:logGet(43)) - raft.server.notification.no-leader.timeout = 120s (custom)
2019-10-01 20:16:46,856 [pool-37-thread-1] INFO  server.RaftServerConfigKeys (ConfUtils.java:logGet(43)) - raft.server.notification.no-leader.timeout = 120s (custom)
2019-10-01 20:16:46,856 [pool-68-thread-1] INFO  server.RaftServerConfigKeys (ConfUtils.java:logGet(43)) - raft.server.notification.no-leader.timeout = 120s (custom)
2019-10-01 20:16:46,857 [pool-37-thread-1] INFO  server.RaftServerConfigKeys (ConfUtils.java:logGet(43)) - raft.server.log.use.memory = false (default)
2019-10-01 20:16:46,856 [pool-47-thread-1] INFO  server.RaftServerConfigKeys (ConfUtils.java:logGet(43)) - raft.server.log.use.memory = false (default)
2019-10-01 20:16:46,857 [pool-68-thread-1] INFO  server.RaftServerConfigKeys (ConfUtils.java:logGet(43)) - raft.server.log.use.memory = false (default)
2019-10-01 20:16:46,857 [pool-47-thread-1] INFO  server.RaftServerConfigKeys (ConfUtils.java:logGet(43)) - raft.server.log.purge.gap = 1000000 (custom)
2019-10-01 20:16:46,857 [pool-37-thread-1] INFO  server.RaftServerConfigKeys (ConfUtils.java:logGet(43)) - raft.server.log.purge.gap = 1000000 (custom)
2019-10-01 20:16:46,857 [pool-47-thread-1] INFO  server.RaftServerConfigKeys (ConfUtils.java:logGet(43)) - raft.server.log.appender.buffer.byte-limit = 33554432 (custom)
2019-10-01 20:16:46,857 [pool-68-thread-1] INFO  server.RaftServerConfigKeys (ConfUtils.java:logGet(43)) - raft.server.log.purge.gap = 1000000 (custom)
2019-10-01 20:16:46,857 [pool-47-thread-1] INFO  server.RaftServerConfigKeys (ConfUtils.java:logGet(43)) - raft.server.log.segment.size.max = 1048576 (custom)
2019-10-01 20:16:46,857 [pool-37-thread-1] INFO  server.RaftServerConfigKeys (ConfUtils.java:logGet(43)) - raft.server.log.appender.buffer.byte-limit = 33554432 (custom)
2019-10-01 20:16:46,857 [pool-47-thread-1] INFO  server.RaftServerConfigKeys (ConfUtils.java:logGet(43)) - raft.server.log.segment.cache.num.max = 2 (custom)
2019-10-01 20:16:46,857 [pool-68-thread-1] INFO  server.RaftServerConfigKeys (ConfUtils.java:logGet(43)) - raft.server.log.appender.buffer.byte-limit = 33554432 (custom)
2019-10-01 20:16:46,858 [pool-47-thread-1] INFO  segmented.SegmentedRaftLogWorker (SegmentedRaftLogWorker.java:<init>(172)) - new c87755eb-8f71-406d-9b39-c7913bad0d26@group-25611A95F860-SegmentedRaftLogWorker for RaftStorage:Storage Directory /workdir/hadoop-ozone/ozonefs/target/test-dir/MiniOzoneClusterImpl-cc9961a9-1b1a-49c1-80c6-6d48514b4463/datanode-2/data/ratis/757b7363-a91c-4fee-bb79-25611a95f860
2019-10-01 20:16:46,857 [pool-37-thread-1] INFO  server.RaftServerConfigKeys (ConfUtils.java:logGet(43)) - raft.server.log.segment.size.max = 1048576 (custom)
2019-10-01 20:16:46,858 [pool-47-thread-1] INFO  server.RaftServerConfigKeys (ConfUtils.java:logGet(43)) - raft.server.log.queue.byte-limit = 2147483647 (custom)
2019-10-01 20:16:46,858 [pool-68-thread-1] INFO  server.RaftServerConfigKeys (ConfUtils.java:logGet(43)) - raft.server.log.segment.size.max = 1048576 (custom)
2019-10-01 20:16:46,858 [pool-47-thread-1] INFO  server.RaftServerConfigKeys (ConfUtils.java:logGet(43)) - raft.server.log.queue.element-limit = 1024 (custom)
2019-10-01 20:16:46,858 [pool-37-thread-1] INFO  server.RaftServerConfigKeys (ConfUtils.java:logGet(43)) - raft.server.log.segment.cache.num.max = 2 (custom)
2019-10-01 20:16:46,858 [pool-47-thread-1] INFO  server.RaftServerConfigKeys (ConfUtils.java:logGet(43)) - raft.server.log.segment.size.max = 1048576 (custom)
2019-10-01 20:16:46,858 [pool-68-thread-1] INFO  server.RaftServerConfigKeys (ConfUtils.java:logGet(43)) - raft.server.log.segment.cache.num.max = 2 (custom)
2019-10-01 20:16:46,858 [pool-47-thread-1] INFO  server.RaftServerConfigKeys (ConfUtils.java:logGet(43)) - raft.server.log.preallocated.size = 16384 (custom)
2019-10-01 20:16:46,858 [pool-37-thread-1] INFO  segmented.SegmentedRaftLogWorker (SegmentedRaftLogWorker.java:<init>(172)) - new dd72838a-f206-4369-be48-6b1e036e4dac@group-25611A95F860-SegmentedRaftLogWorker for RaftStorage:Storage Directory /workdir/hadoop-ozone/ozonefs/target/test-dir/MiniOzoneClusterImpl-cc9961a9-1b1a-49c1-80c6-6d48514b4463/datanode-1/data/ratis/757b7363-a91c-4fee-bb79-25611a95f860
2019-10-01 20:16:46,858 [pool-47-thread-1] INFO  server.RaftServerConfigKeys (ConfUtils.java:logGet(43)) - raft.server.log.write.buffer.size = 33554432 (custom)
2019-10-01 20:16:46,858 [pool-68-thread-1] INFO  segmented.SegmentedRaftLogWorker (SegmentedRaftLogWorker.java:<init>(172)) - new 28af574d-2172-4d1d-8894-6c49f9cc6298@group-25611A95F860-SegmentedRaftLogWorker for RaftStorage:Storage Directory /workdir/hadoop-ozone/ozonefs/target/test-dir/MiniOzoneClusterImpl-cc9961a9-1b1a-49c1-80c6-6d48514b4463/datanode-4/data/ratis/757b7363-a91c-4fee-bb79-25611a95f860
2019-10-01 20:16:46,859 [pool-47-thread-1] INFO  server.RaftServerConfigKeys (ConfUtils.java:logGet(43)) - raft.server.log.force.sync.num = 128 (default)
2019-10-01 20:16:46,859 [pool-37-thread-1] INFO  server.RaftServerConfigKeys (ConfUtils.java:logGet(43)) - raft.server.log.queue.byte-limit = 2147483647 (custom)
2019-10-01 20:16:46,859 [pool-47-thread-1] INFO  server.RaftServerConfigKeys (ConfUtils.java:logGet(43)) - raft.server.log.statemachine.data.sync = true (default)
2019-10-01 20:16:46,859 [pool-68-thread-1] INFO  server.RaftServerConfigKeys (ConfUtils.java:logGet(43)) - raft.server.log.queue.byte-limit = 2147483647 (custom)
2019-10-01 20:16:46,859 [pool-47-thread-1] INFO  server.RaftServerConfigKeys (ConfUtils.java:logGet(43)) - raft.server.log.statemachine.data.sync.timeout = 10s (default)
2019-10-01 20:16:46,859 [pool-37-thread-1] INFO  server.RaftServerConfigKeys (ConfUtils.java:logGet(43)) - raft.server.log.queue.element-limit = 1024 (custom)
2019-10-01 20:16:46,859 [pool-47-thread-1] INFO  server.RaftServerConfigKeys (ConfUtils.java:logGet(43)) - raft.server.log.statemachine.data.sync.timeout.retry = -1 (default)
2019-10-01 20:16:46,859 [pool-68-thread-1] INFO  server.RaftServerConfigKeys (ConfUtils.java:logGet(43)) - raft.server.log.queue.element-limit = 1024 (custom)
2019-10-01 20:16:46,859 [pool-37-thread-1] INFO  server.RaftServerConfigKeys (ConfUtils.java:logGet(43)) - raft.server.log.segment.size.max = 1048576 (custom)
2019-10-01 20:16:46,859 [pool-47-thread-1] INFO  server.RaftServerConfigKeys (ConfUtils.java:logGet(43)) - raft.server.log.statemachine.data.caching.enabled = true (custom)
2019-10-01 20:16:46,859 [pool-68-thread-1] INFO  server.RaftServerConfigKeys (ConfUtils.java:logGet(43)) - raft.server.log.segment.size.max = 1048576 (custom)
2019-10-01 20:16:46,860 [pool-37-thread-1] INFO  server.RaftServerConfigKeys (ConfUtils.java:logGet(43)) - raft.server.log.preallocated.size = 16384 (custom)
2019-10-01 20:16:46,860 [pool-47-thread-1] INFO  segmented.SegmentedRaftLogWorker (SegmentedRaftLogWorker.java:lambda$new$0(132)) - c87755eb-8f71-406d-9b39-c7913bad0d26@group-25611A95F860-SegmentedRaftLogWorker: flushIndex: setUnconditionally 0 -> -1
2019-10-01 20:16:46,860 [pool-68-thread-1] INFO  server.RaftServerConfigKeys (ConfUtils.java:logGet(43)) - raft.server.log.preallocated.size = 16384 (custom)
2019-10-01 20:16:46,860 [pool-37-thread-1] INFO  server.RaftServerConfigKeys (ConfUtils.java:logGet(43)) - raft.server.log.write.buffer.size = 33554432 (custom)
2019-10-01 20:16:46,860 [pool-47-thread-1] INFO  server.RaftServerConfigKeys (ConfUtils.java:logGet(43)) - raft.server.snapshot.auto.trigger.enabled = true (custom)
2019-10-01 20:16:46,860 [pool-68-thread-1] INFO  server.RaftServerConfigKeys (ConfUtils.java:logGet(43)) - raft.server.log.write.buffer.size = 33554432 (custom)
2019-10-01 20:16:46,860 [pool-47-thread-1] INFO  server.RaftServerConfigKeys (ConfUtils.java:logGet(43)) - raft.server.snapshot.auto.trigger.threshold = 10000 (custom)
2019-10-01 20:16:46,860 [pool-37-thread-1] INFO  server.RaftServerConfigKeys (ConfUtils.java:logGet(43)) - raft.server.log.force.sync.num = 128 (default)
2019-10-01 20:16:46,860 [pool-47-thread-1] INFO  server.RaftServerConfigKeys (ConfUtils.java:logGet(43)) - raft.server.snapshot.retention.num.files = 5 (custom)
2019-10-01 20:16:46,860 [pool-68-thread-1] INFO  server.RaftServerConfigKeys (ConfUtils.java:logGet(43)) - raft.server.log.force.sync.num = 128 (default)
2019-10-01 20:16:46,861 [pool-47-thread-1] INFO  server.RaftServerConfigKeys (ConfUtils.java:logGet(43)) - raft.server.retrycache.expirytime = 600000ms (custom)
2019-10-01 20:16:46,861 [pool-37-thread-1] INFO  server.RaftServerConfigKeys (ConfUtils.java:logGet(43)) - raft.server.log.statemachine.data.sync = true (default)
2019-10-01 20:16:46,861 [pool-68-thread-1] INFO  server.RaftServerConfigKeys (ConfUtils.java:logGet(43)) - raft.server.log.statemachine.data.sync = true (default)
2019-10-01 20:16:46,861 [pool-37-thread-1] INFO  server.RaftServerConfigKeys (ConfUtils.java:logGet(43)) - raft.server.log.statemachine.data.sync.timeout = 10s (default)
2019-10-01 20:16:46,861 [pool-68-thread-1] INFO  server.RaftServerConfigKeys (ConfUtils.java:logGet(43)) - raft.server.log.statemachine.data.sync.timeout = 10s (default)
2019-10-01 20:16:46,861 [pool-37-thread-1] INFO  server.RaftServerConfigKeys (ConfUtils.java:logGet(43)) - raft.server.log.statemachine.data.sync.timeout.retry = -1 (default)
2019-10-01 20:16:46,861 [pool-68-thread-1] INFO  server.RaftServerConfigKeys (ConfUtils.java:logGet(43)) - raft.server.log.statemachine.data.sync.timeout.retry = -1 (default)
2019-10-01 20:16:46,861 [pool-37-thread-1] INFO  server.RaftServerConfigKeys (ConfUtils.java:logGet(43)) - raft.server.log.statemachine.data.caching.enabled = true (custom)
2019-10-01 20:16:46,861 [pool-68-thread-1] INFO  server.RaftServerConfigKeys (ConfUtils.java:logGet(43)) - raft.server.log.statemachine.data.caching.enabled = true (custom)
2019-10-01 20:16:46,862 [pool-37-thread-1] INFO  segmented.SegmentedRaftLogWorker (SegmentedRaftLogWorker.java:lambda$new$0(132)) - dd72838a-f206-4369-be48-6b1e036e4dac@group-25611A95F860-SegmentedRaftLogWorker: flushIndex: setUnconditionally 0 -> -1
2019-10-01 20:16:46,862 [pool-68-thread-1] INFO  segmented.SegmentedRaftLogWorker (SegmentedRaftLogWorker.java:lambda$new$0(132)) - 28af574d-2172-4d1d-8894-6c49f9cc6298@group-25611A95F860-SegmentedRaftLogWorker: flushIndex: setUnconditionally 0 -> -1
2019-10-01 20:16:46,862 [pool-37-thread-1] INFO  server.RaftServerConfigKeys (ConfUtils.java:logGet(43)) - raft.server.snapshot.auto.trigger.enabled = true (custom)
2019-10-01 20:16:46,862 [pool-68-thread-1] INFO  server.RaftServerConfigKeys (ConfUtils.java:logGet(43)) - raft.server.snapshot.auto.trigger.enabled = true (custom)
2019-10-01 20:16:46,862 [pool-37-thread-1] INFO  server.RaftServerConfigKeys (ConfUtils.java:logGet(43)) - raft.server.snapshot.auto.trigger.threshold = 10000 (custom)
2019-10-01 20:16:46,862 [pool-68-thread-1] INFO  server.RaftServerConfigKeys (ConfUtils.java:logGet(43)) - raft.server.snapshot.auto.trigger.threshold = 10000 (custom)
2019-10-01 20:16:46,862 [pool-37-thread-1] INFO  server.RaftServerConfigKeys (ConfUtils.java:logGet(43)) - raft.server.snapshot.retention.num.files = 5 (custom)
2019-10-01 20:16:46,862 [pool-68-thread-1] INFO  server.RaftServerConfigKeys (ConfUtils.java:logGet(43)) - raft.server.snapshot.retention.num.files = 5 (custom)
2019-10-01 20:16:46,862 [pool-37-thread-1] INFO  server.RaftServerConfigKeys (ConfUtils.java:logGet(43)) - raft.server.retrycache.expirytime = 600000ms (custom)
2019-10-01 20:16:46,863 [pool-68-thread-1] INFO  server.RaftServerConfigKeys (ConfUtils.java:logGet(43)) - raft.server.retrycache.expirytime = 600000ms (custom)
2019-10-01 20:16:46,863 [pool-47-thread-1] INFO  impl.RaftServerImpl (RaftServerImpl.java:start(185)) - c87755eb-8f71-406d-9b39-c7913bad0d26@group-25611A95F860: start as a follower, conf=-1: [28af574d-2172-4d1d-8894-6c49f9cc6298:192.168.151.103:43956, dd72838a-f206-4369-be48-6b1e036e4dac:192.168.151.103:34429, c87755eb-8f71-406d-9b39-c7913bad0d26:192.168.151.103:42498], old=null
2019-10-01 20:16:46,863 [pool-47-thread-1] INFO  impl.RaftServerImpl (RaftServerImpl.java:setRole(174)) - c87755eb-8f71-406d-9b39-c7913bad0d26@group-25611A95F860: changes role from      null to FOLLOWER at term 0 for startAsFollower
2019-10-01 20:16:46,863 [pool-47-thread-1] INFO  impl.RoleInfo (RoleInfo.java:updateAndGet(143)) - c87755eb-8f71-406d-9b39-c7913bad0d26: start FollowerState
2019-10-01 20:16:46,864 [pool-47-thread-1] INFO  util.JmxRegister (JmxRegister.java:tryRegister(44)) - Successfully registered JMX Bean with object name Ratis:service=RaftServer,group=group-25611A95F860,id=c87755eb-8f71-406d-9b39-c7913bad0d26
2019-10-01 20:16:46,868 [pool-68-thread-1] INFO  impl.RaftServerImpl (RaftServerImpl.java:start(185)) - 28af574d-2172-4d1d-8894-6c49f9cc6298@group-25611A95F860: start as a follower, conf=-1: [28af574d-2172-4d1d-8894-6c49f9cc6298:192.168.151.103:43956, dd72838a-f206-4369-be48-6b1e036e4dac:192.168.151.103:34429, c87755eb-8f71-406d-9b39-c7913bad0d26:192.168.151.103:42498], old=null
2019-10-01 20:16:46,868 [pool-37-thread-1] INFO  impl.RaftServerImpl (RaftServerImpl.java:start(185)) - dd72838a-f206-4369-be48-6b1e036e4dac@group-25611A95F860: start as a follower, conf=-1: [28af574d-2172-4d1d-8894-6c49f9cc6298:192.168.151.103:43956, dd72838a-f206-4369-be48-6b1e036e4dac:192.168.151.103:34429, c87755eb-8f71-406d-9b39-c7913bad0d26:192.168.151.103:42498], old=null
2019-10-01 20:16:46,868 [pool-68-thread-1] INFO  impl.RaftServerImpl (RaftServerImpl.java:setRole(174)) - 28af574d-2172-4d1d-8894-6c49f9cc6298@group-25611A95F860: changes role from      null to FOLLOWER at term 0 for startAsFollower
2019-10-01 20:16:46,868 [pool-37-thread-1] INFO  impl.RaftServerImpl (RaftServerImpl.java:setRole(174)) - dd72838a-f206-4369-be48-6b1e036e4dac@group-25611A95F860: changes role from      null to FOLLOWER at term 0 for startAsFollower
2019-10-01 20:16:46,868 [pool-68-thread-1] INFO  impl.RoleInfo (RoleInfo.java:updateAndGet(143)) - 28af574d-2172-4d1d-8894-6c49f9cc6298: start FollowerState
2019-10-01 20:16:46,868 [pool-37-thread-1] INFO  impl.RoleInfo (RoleInfo.java:updateAndGet(143)) - dd72838a-f206-4369-be48-6b1e036e4dac: start FollowerState
2019-10-01 20:16:46,868 [pool-68-thread-1] INFO  util.JmxRegister (JmxRegister.java:tryRegister(44)) - Successfully registered JMX Bean with object name Ratis:service=RaftServer,group=group-25611A95F860,id=28af574d-2172-4d1d-8894-6c49f9cc6298
2019-10-01 20:16:46,868 [pool-37-thread-1] INFO  util.JmxRegister (JmxRegister.java:tryRegister(44)) - Successfully registered JMX Bean with object name Ratis:service=RaftServer,group=group-25611A95F860,id=dd72838a-f206-4369-be48-6b1e036e4dac
2019-10-01 20:16:46,876 [RatisPipelineUtilsThread] INFO  pipeline.PipelineStateManager (PipelineStateManager.java:addPipeline(56)) - Created pipeline Pipeline[ Id: 757b7363-a91c-4fee-bb79-25611a95f860, Nodes: dd72838a-f206-4369-be48-6b1e036e4dac{ip: 192.168.151.103, host: pr-trunk-878pl-325597374, networkLocation: /default-rack, certSerialId: null}c87755eb-8f71-406d-9b39-c7913bad0d26{ip: 192.168.151.103, host: pr-trunk-878pl-325597374, networkLocation: /default-rack, certSerialId: null}28af574d-2172-4d1d-8894-6c49f9cc6298{ip: 192.168.151.103, host: pr-trunk-878pl-325597374, networkLocation: /default-rack, certSerialId: null}, Type:RATIS, Factor:THREE, State:OPEN]
2019-10-01 20:16:47,715 [Thread-234] WARN  io.KeyOutputStream (KeyOutputStream.java:handleException(274)) - Encountered exception java.io.IOException: Unexpected Storage Container Exception: java.util.concurrent.CompletionException: java.util.concurrent.CompletionException: org.apache.ratis.protocol.GroupMismatchException: c87755eb-8f71-406d-9b39-c7913bad0d26: group-A5BC2F713CF6 not found. on the pipeline Pipeline[ Id: ebb47933-09d9-4143-8f08-a5bc2f713cf6, Nodes: dd72838a-f206-4369-be48-6b1e036e4dac{ip: 192.168.151.103, host: pr-trunk-878pl-325597374, networkLocation: /default-rack, certSerialId: null}c87755eb-8f71-406d-9b39-c7913bad0d26{ip: 192.168.151.103, host: pr-trunk-878pl-325597374, networkLocation: /default-rack, certSerialId: null}28af574d-2172-4d1d-8894-6c49f9cc6298{ip: 192.168.151.103, host: pr-trunk-878pl-325597374, networkLocation: /default-rack, certSerialId: null}, Type:RATIS, Factor:THREE, State:OPEN]. The last committed block length is 0, uncommitted data length is 14 retry count 0
2019-10-01 20:16:51,873 [Thread-391] INFO  impl.FollowerState (FollowerState.java:run(106)) - c87755eb-8f71-406d-9b39-c7913bad0d26:group-25611A95F860 changes to CANDIDATE, lastRpcTime:5009, electionTimeout:5009ms
2019-10-01 20:16:51,875 [Thread-391] INFO  impl.RoleInfo (RoleInfo.java:shutdownFollowerState(121)) - c87755eb-8f71-406d-9b39-c7913bad0d26: shutdown FollowerState
2019-10-01 20:16:51,876 [Thread-391] INFO  impl.RaftServerImpl (RaftServerImpl.java:setRole(174)) - c87755eb-8f71-406d-9b39-c7913bad0d26@group-25611A95F860: changes role from  FOLLOWER to CANDIDATE at term 0 for changeToCandidate
2019-10-01 20:16:51,876 [Thread-391] INFO  impl.RoleInfo (RoleInfo.java:updateAndGet(143)) - c87755eb-8f71-406d-9b39-c7913bad0d26: start LeaderElection
2019-10-01 20:16:51,892 [c87755eb-8f71-406d-9b39-c7913bad0d26@group-25611A95F860:LeaderElection7] INFO  impl.LeaderElection (LeaderElection.java:askForVotes(182)) - c87755eb-8f71-406d-9b39-c7913bad0d26@group-25611A95F860:LeaderElection7: begin an election at term 1 for -1: [28af574d-2172-4d1d-8894-6c49f9cc6298:192.168.151.103:43956, dd72838a-f206-4369-be48-6b1e036e4dac:192.168.151.103:34429, c87755eb-8f71-406d-9b39-c7913bad0d26:192.168.151.103:42498], old=null
2019-10-01 20:16:51,901 [grpc-default-executor-2] INFO  impl.RaftServerImpl (RaftServerImpl.java:setRole(174)) - 28af574d-2172-4d1d-8894-6c49f9cc6298@group-25611A95F860: changes role from  FOLLOWER to FOLLOWER at term 1 for recognizeCandidate:c87755eb-8f71-406d-9b39-c7913bad0d26
2019-10-01 20:16:51,901 [grpc-default-executor-1] INFO  impl.RaftServerImpl (RaftServerImpl.java:setRole(174)) - dd72838a-f206-4369-be48-6b1e036e4dac@group-25611A95F860: changes role from  FOLLOWER to FOLLOWER at term 1 for recognizeCandidate:c87755eb-8f71-406d-9b39-c7913bad0d26
2019-10-01 20:16:51,902 [grpc-default-executor-2] INFO  impl.RoleInfo (RoleInfo.java:shutdownFollowerState(121)) - 28af574d-2172-4d1d-8894-6c49f9cc6298: shutdown FollowerState
2019-10-01 20:16:51,902 [grpc-default-executor-1] INFO  impl.RoleInfo (RoleInfo.java:shutdownFollowerState(121)) - dd72838a-f206-4369-be48-6b1e036e4dac: shutdown FollowerState
2019-10-01 20:16:51,902 [Thread-393] INFO  impl.FollowerState (FollowerState.java:run(115)) - 28af574d-2172-4d1d-8894-6c49f9cc6298: FollowerState was interrupted: java.lang.InterruptedException: sleep interrupted
2019-10-01 20:16:51,902 [grpc-default-executor-1] INFO  impl.RoleInfo (RoleInfo.java:updateAndGet(143)) - dd72838a-f206-4369-be48-6b1e036e4dac: start FollowerState
2019-10-01 20:16:51,902 [grpc-default-executor-2] INFO  impl.RoleInfo (RoleInfo.java:updateAndGet(143)) - 28af574d-2172-4d1d-8894-6c49f9cc6298: start FollowerState
2019-10-01 20:16:51,902 [Thread-394] INFO  impl.FollowerState (FollowerState.java:run(115)) - dd72838a-f206-4369-be48-6b1e036e4dac: FollowerState was interrupted: java.lang.InterruptedException: sleep interrupted
2019-10-01 20:16:51,939 [c87755eb-8f71-406d-9b39-c7913bad0d26@group-25611A95F860:LeaderElection7] INFO  impl.LeaderElection (LeaderElection.java:logAndReturn(56)) - c87755eb-8f71-406d-9b39-c7913bad0d26@group-25611A95F860:LeaderElection7: Election PASSED; received 1 response(s) [c87755eb-8f71-406d-9b39-c7913bad0d26<-28af574d-2172-4d1d-8894-6c49f9cc6298#0:OK-t1] and 0 exception(s); c87755eb-8f71-406d-9b39-c7913bad0d26@group-25611A95F860:t1, leader=null, voted=c87755eb-8f71-406d-9b39-c7913bad0d26, raftlog=c87755eb-8f71-406d-9b39-c7913bad0d26@group-25611A95F860-SegmentedRaftLog:OPENED:c-1,f-1,i0, conf=-1: [28af574d-2172-4d1d-8894-6c49f9cc6298:192.168.151.103:43956, dd72838a-f206-4369-be48-6b1e036e4dac:192.168.151.103:34429, c87755eb-8f71-406d-9b39-c7913bad0d26:192.168.151.103:42498], old=null
2019-10-01 20:16:51,939 [c87755eb-8f71-406d-9b39-c7913bad0d26@group-25611A95F860:LeaderElection7] INFO  impl.RoleInfo (RoleInfo.java:shutdownLeaderElection(134)) - c87755eb-8f71-406d-9b39-c7913bad0d26: shutdown LeaderElection
2019-10-01 20:16:51,946 [c87755eb-8f71-406d-9b39-c7913bad0d26@group-25611A95F860:LeaderElection7] INFO  impl.RaftServerImpl (RaftServerImpl.java:setRole(174)) - c87755eb-8f71-406d-9b39-c7913bad0d26@group-25611A95F860: changes role from CANDIDATE to LEADER at term 1 for changeToLeader
2019-10-01 20:16:51,946 [c87755eb-8f71-406d-9b39-c7913bad0d26@group-25611A95F860:LeaderElection7] INFO  impl.RaftServerImpl (ServerState.java:setLeader(253)) - c87755eb-8f71-406d-9b39-c7913bad0d26@group-25611A95F860: change Leader from null to c87755eb-8f71-406d-9b39-c7913bad0d26 at term 1 for becomeLeader, leader elected after 5090ms
2019-10-01 20:16:51,946 [c87755eb-8f71-406d-9b39-c7913bad0d26@group-25611A95F860:LeaderElection7] INFO  server.RaftServerConfigKeys (ConfUtils.java:logGet(43)) - raft.server.staging.catchup.gap = 1000 (default)
2019-10-01 20:16:51,947 [c87755eb-8f71-406d-9b39-c7913bad0d26@group-25611A95F860:LeaderElection7] INFO  server.RaftServerConfigKeys (ConfUtils.java:logGet(43)) - raft.server.rpc.sleep.time = 25ms (default)
2019-10-01 20:16:51,947 [c87755eb-8f71-406d-9b39-c7913bad0d26@group-25611A95F860:LeaderElection7] INFO  server.RaftServerConfigKeys (ConfUtils.java:logGet(43)) - raft.server.write.element-limit = 4096 (default)
2019-10-01 20:16:51,947 [c87755eb-8f71-406d-9b39-c7913bad0d26@group-25611A95F860:LeaderElection7] INFO  server.RaftServerConfigKeys (ConfUtils.java:logGet(43)) - raft.server.watch.timeout = 10s (default)
2019-10-01 20:16:51,947 [c87755eb-8f71-406d-9b39-c7913bad0d26@group-25611A95F860:LeaderElection7] INFO  server.RaftServerConfigKeys (ConfUtils.java:logGet(43)) - raft.server.watch.timeout.denomination = 1s (default)
2019-10-01 20:16:51,947 [c87755eb-8f71-406d-9b39-c7913bad0d26@group-25611A95F860:LeaderElection7] INFO  server.RaftServerConfigKeys (ConfUtils.java:logGet(43)) - raft.server.watch.element-limit = 65536 (default)
2019-10-01 20:16:51,951 [c87755eb-8f71-406d-9b39-c7913bad0d26@group-25611A95F860:LeaderElection7] INFO  server.RaftServerConfigKeys (ConfUtils.java:logGet(43)) - raft.server.log.appender.snapshot.chunk.size.max = 16MB (=16777216) (default)
2019-10-01 20:16:51,951 [c87755eb-8f71-406d-9b39-c7913bad0d26@group-25611A95F860:LeaderElection7] INFO  server.RaftServerConfigKeys (ConfUtils.java:logGet(43)) - raft.server.log.appender.buffer.byte-limit = 33554432 (custom)
2019-10-01 20:16:51,951 [c87755eb-8f71-406d-9b39-c7913bad0d26@group-25611A95F860:LeaderElection7] INFO  server.RaftServerConfigKeys (ConfUtils.java:logGet(43)) - raft.server.log.appender.buffer.element-limit = 1 (custom)
2019-10-01 20:16:51,951 [c87755eb-8f71-406d-9b39-c7913bad0d26@group-25611A95F860:LeaderElection7] INFO  grpc.GrpcConfigKeys$Server (ConfUtils.java:logGet(43)) - raft.grpc.server.leader.outstanding.appends.max = 128 (default)
2019-10-01 20:16:51,953 [c87755eb-8f71-406d-9b39-c7913bad0d26@group-25611A95F860:LeaderElection7] INFO  server.RaftServerConfigKeys (ConfUtils.java:logGet(43)) - raft.server.rpc.request.timeout = 3000ms (default)
2019-10-01 20:16:51,953 [c87755eb-8f71-406d-9b39-c7913bad0d26@group-25611A95F860:LeaderElection7] INFO  server.RaftServerConfigKeys (ConfUtils.java:logGet(43)) - raft.server.log.appender.install.snapshot.enabled = false (custom)
2019-10-01 20:16:51,954 [c87755eb-8f71-406d-9b39-c7913bad0d26@group-25611A95F860:LeaderElection7] INFO  server.RaftServerConfigKeys (ConfUtils.java:logGet(43)) - raft.server.log.appender.snapshot.chunk.size.max = 16MB (=16777216) (default)
2019-10-01 20:16:51,954 [c87755eb-8f71-406d-9b39-c7913bad0d26@group-25611A95F860:LeaderElection7] INFO  server.RaftServerConfigKeys (ConfUtils.java:logGet(43)) - raft.server.log.appender.buffer.byte-limit = 33554432 (custom)
2019-10-01 20:16:51,954 [c87755eb-8f71-406d-9b39-c7913bad0d26@group-25611A95F860:LeaderElection7] INFO  server.RaftServerConfigKeys (ConfUtils.java:logGet(43)) - raft.server.log.appender.buffer.element-limit = 1 (custom)
2019-10-01 20:16:51,955 [c87755eb-8f71-406d-9b39-c7913bad0d26@group-25611A95F860:LeaderElection7] INFO  grpc.GrpcConfigKeys$Server (ConfUtils.java:logGet(43)) - raft.grpc.server.leader.outstanding.appends.max = 128 (default)
2019-10-01 20:16:51,955 [c87755eb-8f71-406d-9b39-c7913bad0d26@group-25611A95F860:LeaderElection7] INFO  server.RaftServerConfigKeys (ConfUtils.java:logGet(43)) - raft.server.rpc.request.timeout = 3000ms (default)
2019-10-01 20:16:51,955 [c87755eb-8f71-406d-9b39-c7913bad0d26@group-25611A95F860:LeaderElection7] INFO  server.RaftServerConfigKeys (ConfUtils.java:logGet(43)) - raft.server.log.appender.install.snapshot.enabled = false (custom)
2019-10-01 20:16:51,955 [c87755eb-8f71-406d-9b39-c7913bad0d26@group-25611A95F860:LeaderElection7] INFO  impl.RoleInfo (RoleInfo.java:updateAndGet(143)) - c87755eb-8f71-406d-9b39-c7913bad0d26: start LeaderState
2019-10-01 20:16:51,955 [c87755eb-8f71-406d-9b39-c7913bad0d26@group-25611A95F860:LeaderElection7] INFO  segmented.SegmentedRaftLogWorker (SegmentedRaftLogWorker.java:startLogSegment(380)) - c87755eb-8f71-406d-9b39-c7913bad0d26@group-25611A95F860-SegmentedRaftLogWorker: Starting segment from index:0
2019-10-01 20:16:51,956 [c87755eb-8f71-406d-9b39-c7913bad0d26@group-25611A95F860:LeaderElection7] INFO  impl.RaftServerImpl (ServerState.java:setRaftConf(354)) - c87755eb-8f71-406d-9b39-c7913bad0d26@group-25611A95F860: set configuration 0: [28af574d-2172-4d1d-8894-6c49f9cc6298:192.168.151.103:43956, dd72838a-f206-4369-be48-6b1e036e4dac:192.168.151.103:34429, c87755eb-8f71-406d-9b39-c7913bad0d26:192.168.151.103:42498], old=null at 0
2019-10-01 20:16:51,986 [grpc-default-executor-2] INFO  impl.RaftServerImpl (ServerState.java:setLeader(253)) - dd72838a-f206-4369-be48-6b1e036e4dac@group-25611A95F860: change Leader from null to c87755eb-8f71-406d-9b39-c7913bad0d26 at term 1 for appendEntries, leader elected after 5129ms
2019-10-01 20:16:51,986 [grpc-default-executor-1] INFO  impl.RaftServerImpl (ServerState.java:setLeader(253)) - 28af574d-2172-4d1d-8894-6c49f9cc6298@group-25611A95F860: change Leader from null to c87755eb-8f71-406d-9b39-c7913bad0d26 at term 1 for appendEntries, leader elected after 5129ms
2019-10-01 20:16:51,989 [grpc-default-executor-2] INFO  impl.RaftServerImpl (ServerState.java:setRaftConf(354)) - 28af574d-2172-4d1d-8894-6c49f9cc6298@group-25611A95F860: set configuration 0: [28af574d-2172-4d1d-8894-6c49f9cc6298:192.168.151.103:43956, dd72838a-f206-4369-be48-6b1e036e4dac:192.168.151.103:34429, c87755eb-8f71-406d-9b39-c7913bad0d26:192.168.151.103:42498], old=null at 0
2019-10-01 20:16:51,989 [grpc-default-executor-1] INFO  impl.RaftServerImpl (ServerState.java:setRaftConf(354)) - dd72838a-f206-4369-be48-6b1e036e4dac@group-25611A95F860: set configuration 0: [28af574d-2172-4d1d-8894-6c49f9cc6298:192.168.151.103:43956, dd72838a-f206-4369-be48-6b1e036e4dac:192.168.151.103:34429, c87755eb-8f71-406d-9b39-c7913bad0d26:192.168.151.103:42498], old=null at 0
2019-10-01 20:16:51,989 [grpc-default-executor-2] INFO  segmented.SegmentedRaftLogWorker (SegmentedRaftLogWorker.java:startLogSegment(380)) - 28af574d-2172-4d1d-8894-6c49f9cc6298@group-25611A95F860-SegmentedRaftLogWorker: Starting segment from index:0
2019-10-01 20:16:51,989 [grpc-default-executor-1] INFO  segmented.SegmentedRaftLogWorker (SegmentedRaftLogWorker.java:startLogSegment(380)) - dd72838a-f206-4369-be48-6b1e036e4dac@group-25611A95F860-SegmentedRaftLogWorker: Starting segment from index:0
2019-10-01 20:16:51,990 [c87755eb-8f71-406d-9b39-c7913bad0d26@group-25611A95F860-SegmentedRaftLogWorker] INFO  segmented.SegmentedRaftLogWorker (SegmentedRaftLogWorker.java:execute(569)) - c87755eb-8f71-406d-9b39-c7913bad0d26@group-25611A95F860-SegmentedRaftLogWorker: created new log segment /workdir/hadoop-ozone/ozonefs/target/test-dir/MiniOzoneClusterImpl-cc9961a9-1b1a-49c1-80c6-6d48514b4463/datanode-2/data/ratis/757b7363-a91c-4fee-bb79-25611a95f860/current/log_inprogress_0
2019-10-01 20:16:52,039 [dd72838a-f206-4369-be48-6b1e036e4dac@group-25611A95F860-SegmentedRaftLogWorker] INFO  segmented.SegmentedRaftLogWorker (SegmentedRaftLogWorker.java:execute(569)) - dd72838a-f206-4369-be48-6b1e036e4dac@group-25611A95F860-SegmentedRaftLogWorker: created new log segment /workdir/hadoop-ozone/ozonefs/target/test-dir/MiniOzoneClusterImpl-cc9961a9-1b1a-49c1-80c6-6d48514b4463/datanode-1/data/ratis/757b7363-a91c-4fee-bb79-25611a95f860/current/log_inprogress_0
2019-10-01 20:16:52,039 [28af574d-2172-4d1d-8894-6c49f9cc6298@group-25611A95F860-SegmentedRaftLogWorker] INFO  segmented.SegmentedRaftLogWorker (SegmentedRaftLogWorker.java:execute(569)) - 28af574d-2172-4d1d-8894-6c49f9cc6298@group-25611A95F860-SegmentedRaftLogWorker: created new log segment /workdir/hadoop-ozone/ozonefs/target/test-dir/MiniOzoneClusterImpl-cc9961a9-1b1a-49c1-80c6-6d48514b4463/datanode-4/data/ratis/757b7363-a91c-4fee-bb79-25611a95f860/current/log_inprogress_0
2019-10-01 20:16:52,991 [pool-46-thread-4] ERROR impl.ChunkManagerImpl (ChunkUtils.java:writeData(89)) - data array does not match the length specified. DataLen: 14 Byte Array: 170
2019-10-01 20:16:52,993 [pool-46-thread-4] INFO  keyvalue.KeyValueHandler (ContainerUtils.java:logAndReturnError(146)) - Operation: WriteChunk : Trace ID: 2c2fa89ce58223fd:2c2fa89ce58223fd:0:0 : Message: data array does not match the length specified. DataLen: 14 Byte Array: 170 : Result: INVALID_WRITE_SIZE
20:16:53.022 [pool-46-thread-4] ERROR DNAudit - user=null | ip=null | op=WRITE_CHUNK {blockData=conID: 2 locID: 102888964603707394 bcsId: 0} | ret=FAILURE
java.lang.Exception: data array does not match the length specified. DataLen: 14 Byte Array: 170
	at org.apache.hadoop.ozone.container.common.impl.HddsDispatcher.dispatchRequest(HddsDispatcher.java:330) ~[hadoop-hdds-container-service-0.5.0-SNAPSHOT.jar:?]
	at org.apache.hadoop.ozone.container.common.impl.HddsDispatcher.dispatch(HddsDispatcher.java:150) ~[hadoop-hdds-container-service-0.5.0-SNAPSHOT.jar:?]
	at org.apache.hadoop.ozone.container.common.transport.server.ratis.ContainerStateMachine.dispatchCommand(ContainerStateMachine.java:407) ~[hadoop-hdds-container-service-0.5.0-SNAPSHOT.jar:?]
	at org.apache.hadoop.ozone.container.common.transport.server.ratis.ContainerStateMachine.runCommand(ContainerStateMachine.java:415) ~[hadoop-hdds-container-service-0.5.0-SNAPSHOT.jar:?]
	at org.apache.hadoop.ozone.container.common.transport.server.ratis.ContainerStateMachine.lambda$handleWriteChunk$1(ContainerStateMachine.java:450) ~[hadoop-hdds-container-service-0.5.0-SNAPSHOT.jar:?]
	at java.util.concurrent.CompletableFuture$AsyncSupply.run(CompletableFuture.java:1590) [?:1.8.0_212]
	at java.util.concurrent.ThreadPoolExecutor.runWorker(ThreadPoolExecutor.java:1149) [?:1.8.0_212]
	at java.util.concurrent.ThreadPoolExecutor$Worker.run(ThreadPoolExecutor.java:624) [?:1.8.0_212]
	at java.lang.Thread.run(Thread.java:748) [?:1.8.0_212]
2019-10-01 20:16:53,023 [pool-46-thread-4] ERROR ratis.ContainerStateMachine (ContainerStateMachine.java:lambda$handleWriteChunk$2(470)) - group-25611A95F860: writeChunk writeStateMachineData failed: blockIdcontainerID: 2
localID: 102888964603707394
blockCommitSequenceId: 0
 logIndex 1 chunkName 102888964603707394_chunk_1 Error message: data array does not match the length specified. DataLen: 14 Byte Array: 170 Container Result: INVALID_WRITE_SIZE
2019-10-01 20:16:53,023 [EventQueue-IncrementalContainerReportForIncrementalContainerReportHandler] WARN  container.IncrementalContainerReportHandler (AbstractContainerReportHandler.java:updateContainerState(143)) - Container #2 is in OPEN state, but the datanode c87755eb-8f71-406d-9b39-c7913bad0d26{ip: 192.168.151.103, host: pr-trunk-878pl-325597374, networkLocation: /default-rack, certSerialId: null} reports an UNHEALTHY replica.
2019-10-01 20:16:53,024 [c87755eb-8f71-406d-9b39-c7913bad0d26@group-25611A95F860-SegmentedRaftLogWorker] ERROR ratis.XceiverServerRatis (XceiverServerRatis.java:triggerPipelineClose(575)) - pipeline Action CLOSE  on pipeline PipelineID=757b7363-a91c-4fee-bb79-25611a95f860.Reason : data array does not match the length specified. DataLen: 14 Byte Array: 170
2019-10-01 20:16:53,024 [EventQueue-CloseContainerForCloseContainerEventHandler] INFO  container.CloseContainerEventHandler (CloseContainerEventHandler.java:onMessage(61)) - Close container Event triggered for container : #2
2019-10-01 20:16:53,024 [c87755eb-8f71-406d-9b39-c7913bad0d26@group-25611A95F860-SegmentedRaftLogWorker] ERROR ratis.XceiverServerRatis (XceiverServerRatis.java:triggerPipelineClose(575)) - pipeline Action CLOSE  on pipeline PipelineID=757b7363-a91c-4fee-bb79-25611a95f860.Reason : Log already failed at index 1 for task WriteLog:1: (t:1, i:1), STATEMACHINELOGENTRY, client-239083333872, cid=19
2019-10-01 20:16:53,024 [EventQueue-PipelineActionsForPipelineActionHandler] ERROR pipeline.PipelineActionHandler (PipelineActionHandler.java:onMessage(60)) - Received pipeline action CLOSE for Pipeline[ Id: 757b7363-a91c-4fee-bb79-25611a95f860, Nodes: dd72838a-f206-4369-be48-6b1e036e4dac{ip: 192.168.151.103, host: pr-trunk-878pl-325597374, networkLocation: /default-rack, certSerialId: null}c87755eb-8f71-406d-9b39-c7913bad0d26{ip: 192.168.151.103, host: pr-trunk-878pl-325597374, networkLocation: /default-rack, certSerialId: null}28af574d-2172-4d1d-8894-6c49f9cc6298{ip: 192.168.151.103, host: pr-trunk-878pl-325597374, networkLocation: /default-rack, certSerialId: null}, Type:RATIS, Factor:THREE, State:OPEN] from datanode c87755eb-8f71-406d-9b39-c7913bad0d26{ip: 192.168.151.103, host: pr-trunk-878pl-325597374, networkLocation: /default-rack, certSerialId: null}. Reason : data array does not match the length specified. DataLen: 14 Byte Array: 170
2019-10-01 20:16:53,025 [EventQueue-PipelineActionsForPipelineActionHandler] INFO  pipeline.SCMPipelineManager (SCMPipelineManager.java:finalizeAndDestroyPipeline(315)) - destroying pipeline:Pipeline[ Id: 757b7363-a91c-4fee-bb79-25611a95f860, Nodes: dd72838a-f206-4369-be48-6b1e036e4dac{ip: 192.168.151.103, host: pr-trunk-878pl-325597374, networkLocation: /default-rack, certSerialId: null}c87755eb-8f71-406d-9b39-c7913bad0d26{ip: 192.168.151.103, host: pr-trunk-878pl-325597374, networkLocation: /default-rack, certSerialId: null}28af574d-2172-4d1d-8894-6c49f9cc6298{ip: 192.168.151.103, host: pr-trunk-878pl-325597374, networkLocation: /default-rack, certSerialId: null}, Type:RATIS, Factor:THREE, State:OPEN]
2019-10-01 20:16:53,025 [EventQueue-PipelineActionsForPipelineActionHandler] INFO  pipeline.PipelineStateManager (PipelineStateManager.java:finalizePipeline(123)) - Pipeline Pipeline[ Id: 757b7363-a91c-4fee-bb79-25611a95f860, Nodes: dd72838a-f206-4369-be48-6b1e036e4dac{ip: 192.168.151.103, host: pr-trunk-878pl-325597374, networkLocation: /default-rack, certSerialId: null}c87755eb-8f71-406d-9b39-c7913bad0d26{ip: 192.168.151.103, host: pr-trunk-878pl-325597374, networkLocation: /default-rack, certSerialId: null}28af574d-2172-4d1d-8894-6c49f9cc6298{ip: 192.168.151.103, host: pr-trunk-878pl-325597374, networkLocation: /default-rack, certSerialId: null}, Type:RATIS, Factor:THREE, State:CLOSED] moved to CLOSED state
2019-10-01 20:16:53,025 [EventQueue-PipelineActionsForPipelineActionHandler] ERROR pipeline.PipelineActionHandler (PipelineActionHandler.java:onMessage(60)) - Received pipeline action CLOSE for Pipeline[ Id: 757b7363-a91c-4fee-bb79-25611a95f860, Nodes: dd72838a-f206-4369-be48-6b1e036e4dac{ip: 192.168.151.103, host: pr-trunk-878pl-325597374, networkLocation: /default-rack, certSerialId: null}c87755eb-8f71-406d-9b39-c7913bad0d26{ip: 192.168.151.103, host: pr-trunk-878pl-325597374, networkLocation: /default-rack, certSerialId: null}28af574d-2172-4d1d-8894-6c49f9cc6298{ip: 192.168.151.103, host: pr-trunk-878pl-325597374, networkLocation: /default-rack, certSerialId: null}, Type:RATIS, Factor:THREE, State:CLOSED] from datanode c87755eb-8f71-406d-9b39-c7913bad0d26{ip: 192.168.151.103, host: pr-trunk-878pl-325597374, networkLocation: /default-rack, certSerialId: null}. Reason : Log already failed at index 1 for task WriteLog:1: (t:1, i:1), STATEMACHINELOGENTRY, client-239083333872, cid=19
2019-10-01 20:16:53,025 [EventQueue-PipelineActionsForPipelineActionHandler] INFO  pipeline.SCMPipelineManager (SCMPipelineManager.java:finalizeAndDestroyPipeline(315)) - destroying pipeline:Pipeline[ Id: 757b7363-a91c-4fee-bb79-25611a95f860, Nodes: dd72838a-f206-4369-be48-6b1e036e4dac{ip: 192.168.151.103, host: pr-trunk-878pl-325597374, networkLocation: /default-rack, certSerialId: null}c87755eb-8f71-406d-9b39-c7913bad0d26{ip: 192.168.151.103, host: pr-trunk-878pl-325597374, networkLocation: /default-rack, certSerialId: null}28af574d-2172-4d1d-8894-6c49f9cc6298{ip: 192.168.151.103, host: pr-trunk-878pl-325597374, networkLocation: /default-rack, certSerialId: null}, Type:RATIS, Factor:THREE, State:CLOSED]
2019-10-01 20:17:32,703 [grpc-default-executor-2] INFO  impl.RaftServerProxy (RaftServerProxy.java:addNew(89)) - c87755eb-8f71-406d-9b39-c7913bad0d26: addNew group-F4A41534045E:[28af574d-2172-4d1d-8894-6c49f9cc6298:192.168.151.103:43956, dd72838a-f206-4369-be48-6b1e036e4dac:192.168.151.103:34429, c87755eb-8f71-406d-9b39-c7913bad0d26:192.168.151.103:42498] returns group-F4A41534045E:java.util.concurrent.CompletableFuture@680a1ca2[Not completed]
2019-10-01 20:17:32,704 [grpc-default-executor-3] INFO  impl.RaftServerProxy (RaftServerProxy.java:addNew(89)) - 28af574d-2172-4d1d-8894-6c49f9cc6298: addNew group-F4A41534045E:[28af574d-2172-4d1d-8894-6c49f9cc6298:192.168.151.103:43956, dd72838a-f206-4369-be48-6b1e036e4dac:192.168.151.103:34429, c87755eb-8f71-406d-9b39-c7913bad0d26:192.168.151.103:42498] returns group-F4A41534045E:java.util.concurrent.CompletableFuture@31da93b4[Not completed]
2019-10-01 20:17:32,703 [grpc-default-executor-1] INFO  impl.RaftServerProxy (RaftServerProxy.java:addNew(89)) - dd72838a-f206-4369-be48-6b1e036e4dac: addNew group-F4A41534045E:[28af574d-2172-4d1d-8894-6c49f9cc6298:192.168.151.103:43956, dd72838a-f206-4369-be48-6b1e036e4dac:192.168.151.103:34429, c87755eb-8f71-406d-9b39-c7913bad0d26:192.168.151.103:42498] returns group-F4A41534045E:java.util.concurrent.CompletableFuture@2b2d983d[Not completed]
2019-10-01 20:17:32,708 [pool-68-thread-1] INFO  impl.RaftServerImpl (RaftServerImpl.java:<init>(95)) - 28af574d-2172-4d1d-8894-6c49f9cc6298: new RaftServerImpl for group-F4A41534045E:[28af574d-2172-4d1d-8894-6c49f9cc6298:192.168.151.103:43956, dd72838a-f206-4369-be48-6b1e036e4dac:192.168.151.103:34429, c87755eb-8f71-406d-9b39-c7913bad0d26:192.168.151.103:42498] with ContainerStateMachine:uninitialized
2019-10-01 20:17:32,708 [pool-68-thread-1] INFO  server.RaftServerConfigKeys (ConfUtils.java:logGet(43)) - raft.server.rpc.timeout.min = 5s (custom)
2019-10-01 20:17:32,708 [pool-68-thread-1] INFO  server.RaftServerConfigKeys (ConfUtils.java:logGet(43)) - raft.server.rpc.timeout.max = 5200ms (custom)
2019-10-01 20:17:32,708 [pool-68-thread-1] INFO  server.RaftServerConfigKeys (ConfUtils.java:logGet(43)) - raft.server.rpcslowness.timeout = 120s (custom)
2019-10-01 20:17:32,708 [pool-68-thread-1] INFO  server.RaftServerConfigKeys (ConfUtils.java:logGet(43)) - raft.server.sleep.deviation.threshold = 300 (default)
2019-10-01 20:17:32,709 [pool-68-thread-1] INFO  server.RaftServerConfigKeys (ConfUtils.java:logGet(43)) - raft.server.log.appender.install.snapshot.enabled = false (custom)
2019-10-01 20:17:32,709 [pool-68-thread-1] INFO  impl.RaftServerImpl (ServerState.java:<init>(103)) - 28af574d-2172-4d1d-8894-6c49f9cc6298@group-F4A41534045E: ConfigurationManager, init=-1: [28af574d-2172-4d1d-8894-6c49f9cc6298:192.168.151.103:43956, dd72838a-f206-4369-be48-6b1e036e4dac:192.168.151.103:34429, c87755eb-8f71-406d-9b39-c7913bad0d26:192.168.151.103:42498], old=null, confs=<EMPTY_MAP>
2019-10-01 20:17:32,709 [pool-68-thread-1] INFO  server.RaftServerConfigKeys (ConfUtils.java:logGet(43)) - raft.server.storage.dir = [/workdir/hadoop-ozone/ozonefs/target/test-dir/MiniOzoneClusterImpl-cc9961a9-1b1a-49c1-80c6-6d48514b4463/datanode-4/data/ratis] (custom)
2019-10-01 20:17:32,709 [pool-47-thread-1] INFO  impl.RaftServerImpl (RaftServerImpl.java:<init>(95)) - c87755eb-8f71-406d-9b39-c7913bad0d26: new RaftServerImpl for group-F4A41534045E:[28af574d-2172-4d1d-8894-6c49f9cc6298:192.168.151.103:43956, dd72838a-f206-4369-be48-6b1e036e4dac:192.168.151.103:34429, c87755eb-8f71-406d-9b39-c7913bad0d26:192.168.151.103:42498] with ContainerStateMachine:uninitialized
2019-10-01 20:17:32,709 [pool-47-thread-1] INFO  server.RaftServerConfigKeys (ConfUtils.java:logGet(43)) - raft.server.rpc.timeout.min = 5s (custom)
2019-10-01 20:17:32,710 [pool-68-thread-1] INFO  storage.RaftStorageDirectory (RaftStorageDirectory.java:analyzeStorage(246)) - The storage directory /workdir/hadoop-ozone/ozonefs/target/test-dir/MiniOzoneClusterImpl-cc9961a9-1b1a-49c1-80c6-6d48514b4463/datanode-4/data/ratis/cc24231e-f8f5-46b1-916c-f4a41534045e does not exist. Creating ...
2019-10-01 20:17:32,710 [pool-47-thread-1] INFO  server.RaftServerConfigKeys (ConfUtils.java:logGet(43)) - raft.server.rpc.timeout.max = 5200ms (custom)
2019-10-01 20:17:32,710 [pool-37-thread-1] INFO  impl.RaftServerImpl (RaftServerImpl.java:<init>(95)) - dd72838a-f206-4369-be48-6b1e036e4dac: new RaftServerImpl for group-F4A41534045E:[28af574d-2172-4d1d-8894-6c49f9cc6298:192.168.151.103:43956, dd72838a-f206-4369-be48-6b1e036e4dac:192.168.151.103:34429, c87755eb-8f71-406d-9b39-c7913bad0d26:192.168.151.103:42498] with ContainerStateMachine:uninitialized
2019-10-01 20:17:32,710 [pool-47-thread-1] INFO  server.RaftServerConfigKeys (ConfUtils.java:logGet(43)) - raft.server.rpcslowness.timeout = 120s (custom)
2019-10-01 20:17:32,710 [pool-37-thread-1] INFO  server.RaftServerConfigKeys (ConfUtils.java:logGet(43)) - raft.server.rpc.timeout.min = 5s (custom)
2019-10-01 20:17:32,710 [pool-47-thread-1] INFO  server.RaftServerConfigKeys (ConfUtils.java:logGet(43)) - raft.server.sleep.deviation.threshold = 300 (default)
2019-10-01 20:17:32,710 [pool-37-thread-1] INFO  server.RaftServerConfigKeys (ConfUtils.java:logGet(43)) - raft.server.rpc.timeout.max = 5200ms (custom)
2019-10-01 20:17:32,710 [pool-47-thread-1] INFO  server.RaftServerConfigKeys (ConfUtils.java:logGet(43)) - raft.server.log.appender.install.snapshot.enabled = false (custom)
2019-10-01 20:17:32,711 [pool-37-thread-1] INFO  server.RaftServerConfigKeys (ConfUtils.java:logGet(43)) - raft.server.rpcslowness.timeout = 120s (custom)
2019-10-01 20:17:32,711 [pool-47-thread-1] INFO  impl.RaftServerImpl (ServerState.java:<init>(103)) - c87755eb-8f71-406d-9b39-c7913bad0d26@group-F4A41534045E: ConfigurationManager, init=-1: [28af574d-2172-4d1d-8894-6c49f9cc6298:192.168.151.103:43956, dd72838a-f206-4369-be48-6b1e036e4dac:192.168.151.103:34429, c87755eb-8f71-406d-9b39-c7913bad0d26:192.168.151.103:42498], old=null, confs=<EMPTY_MAP>
2019-10-01 20:17:32,711 [pool-37-thread-1] INFO  server.RaftServerConfigKeys (ConfUtils.java:logGet(43)) - raft.server.sleep.deviation.threshold = 300 (default)
2019-10-01 20:17:32,711 [pool-47-thread-1] INFO  server.RaftServerConfigKeys (ConfUtils.java:logGet(43)) - raft.server.storage.dir = [/workdir/hadoop-ozone/ozonefs/target/test-dir/MiniOzoneClusterImpl-cc9961a9-1b1a-49c1-80c6-6d48514b4463/datanode-2/data/ratis] (custom)
2019-10-01 20:17:32,711 [pool-37-thread-1] INFO  server.RaftServerConfigKeys (ConfUtils.java:logGet(43)) - raft.server.log.appender.install.snapshot.enabled = false (custom)
2019-10-01 20:17:32,711 [pool-37-thread-1] INFO  impl.RaftServerImpl (ServerState.java:<init>(103)) - dd72838a-f206-4369-be48-6b1e036e4dac@group-F4A41534045E: ConfigurationManager, init=-1: [28af574d-2172-4d1d-8894-6c49f9cc6298:192.168.151.103:43956, dd72838a-f206-4369-be48-6b1e036e4dac:192.168.151.103:34429, c87755eb-8f71-406d-9b39-c7913bad0d26:192.168.151.103:42498], old=null, confs=<EMPTY_MAP>
2019-10-01 20:17:32,711 [pool-47-thread-1] INFO  storage.RaftStorageDirectory (RaftStorageDirectory.java:analyzeStorage(246)) - The storage directory /workdir/hadoop-ozone/ozonefs/target/test-dir/MiniOzoneClusterImpl-cc9961a9-1b1a-49c1-80c6-6d48514b4463/datanode-2/data/ratis/cc24231e-f8f5-46b1-916c-f4a41534045e does not exist. Creating ...
2019-10-01 20:17:32,711 [pool-37-thread-1] INFO  server.RaftServerConfigKeys (ConfUtils.java:logGet(43)) - raft.server.storage.dir = [/workdir/hadoop-ozone/ozonefs/target/test-dir/MiniOzoneClusterImpl-cc9961a9-1b1a-49c1-80c6-6d48514b4463/datanode-1/data/ratis] (custom)
2019-10-01 20:17:32,712 [pool-37-thread-1] INFO  storage.RaftStorageDirectory (RaftStorageDirectory.java:analyzeStorage(246)) - The storage directory /workdir/hadoop-ozone/ozonefs/target/test-dir/MiniOzoneClusterImpl-cc9961a9-1b1a-49c1-80c6-6d48514b4463/datanode-1/data/ratis/cc24231e-f8f5-46b1-916c-f4a41534045e does not exist. Creating ...
2019-10-01 20:17:33,565 [pool-37-thread-1] INFO  storage.RaftStorageDirectory (RaftStorageDirectory.java:tryLock(328)) - Lock on /workdir/hadoop-ozone/ozonefs/target/test-dir/MiniOzoneClusterImpl-cc9961a9-1b1a-49c1-80c6-6d48514b4463/datanode-1/data/ratis/cc24231e-f8f5-46b1-916c-f4a41534045e/in_use.lock acquired by nodename 29826@pr-trunk-878pl-325597374
2019-10-01 20:17:33,565 [pool-68-thread-1] INFO  storage.RaftStorageDirectory (RaftStorageDirectory.java:tryLock(328)) - Lock on /workdir/hadoop-ozone/ozonefs/target/test-dir/MiniOzoneClusterImpl-cc9961a9-1b1a-49c1-80c6-6d48514b4463/datanode-4/data/ratis/cc24231e-f8f5-46b1-916c-f4a41534045e/in_use.lock acquired by nodename 29826@pr-trunk-878pl-325597374
2019-10-01 20:17:33,565 [pool-47-thread-1] INFO  storage.RaftStorageDirectory (RaftStorageDirectory.java:tryLock(328)) - Lock on /workdir/hadoop-ozone/ozonefs/target/test-dir/MiniOzoneClusterImpl-cc9961a9-1b1a-49c1-80c6-6d48514b4463/datanode-2/data/ratis/cc24231e-f8f5-46b1-916c-f4a41534045e/in_use.lock acquired by nodename 29826@pr-trunk-878pl-325597374
2019-10-01 20:17:33,592 [pool-47-thread-1] INFO  storage.RaftStorage (RaftStorage.java:format(72)) - Storage directory /workdir/hadoop-ozone/ozonefs/target/test-dir/MiniOzoneClusterImpl-cc9961a9-1b1a-49c1-80c6-6d48514b4463/datanode-2/data/ratis/cc24231e-f8f5-46b1-916c-f4a41534045e has been successfully formatted.
2019-10-01 20:17:33,592 [pool-37-thread-1] INFO  storage.RaftStorage (RaftStorage.java:format(72)) - Storage directory /workdir/hadoop-ozone/ozonefs/target/test-dir/MiniOzoneClusterImpl-cc9961a9-1b1a-49c1-80c6-6d48514b4463/datanode-1/data/ratis/cc24231e-f8f5-46b1-916c-f4a41534045e has been successfully formatted.
2019-10-01 20:17:33,592 [pool-68-thread-1] INFO  storage.RaftStorage (RaftStorage.java:format(72)) - Storage directory /workdir/hadoop-ozone/ozonefs/target/test-dir/MiniOzoneClusterImpl-cc9961a9-1b1a-49c1-80c6-6d48514b4463/datanode-4/data/ratis/cc24231e-f8f5-46b1-916c-f4a41534045e has been successfully formatted.
2019-10-01 20:17:33,593 [pool-47-thread-1] INFO  ratis.ContainerStateMachine (ContainerStateMachine.java:loadSnapshot(231)) - group-F4A41534045E: The snapshot info is null. Setting the last applied indexto:(t:0, i:~)
2019-10-01 20:17:33,593 [pool-68-thread-1] INFO  ratis.ContainerStateMachine (ContainerStateMachine.java:loadSnapshot(231)) - group-F4A41534045E: The snapshot info is null. Setting the last applied indexto:(t:0, i:~)
2019-10-01 20:17:33,593 [pool-47-thread-1] INFO  server.RaftServerConfigKeys (ConfUtils.java:logGet(43)) - raft.server.notification.no-leader.timeout = 120s (custom)
2019-10-01 20:17:33,593 [pool-68-thread-1] INFO  server.RaftServerConfigKeys (ConfUtils.java:logGet(43)) - raft.server.notification.no-leader.timeout = 120s (custom)
2019-10-01 20:17:33,593 [pool-47-thread-1] INFO  server.RaftServerConfigKeys (ConfUtils.java:logGet(43)) - raft.server.log.use.memory = false (default)
2019-10-01 20:17:33,593 [pool-37-thread-1] INFO  ratis.ContainerStateMachine (ContainerStateMachine.java:loadSnapshot(231)) - group-F4A41534045E: The snapshot info is null. Setting the last applied indexto:(t:0, i:~)
2019-10-01 20:17:33,594 [pool-47-thread-1] INFO  server.RaftServerConfigKeys (ConfUtils.java:logGet(43)) - raft.server.log.purge.gap = 1000000 (custom)
2019-10-01 20:17:33,594 [pool-68-thread-1] INFO  server.RaftServerConfigKeys (ConfUtils.java:logGet(43)) - raft.server.log.use.memory = false (default)
2019-10-01 20:17:33,594 [pool-47-thread-1] INFO  server.RaftServerConfigKeys (ConfUtils.java:logGet(43)) - raft.server.log.appender.buffer.byte-limit = 33554432 (custom)
2019-10-01 20:17:33,594 [pool-37-thread-1] INFO  server.RaftServerConfigKeys (ConfUtils.java:logGet(43)) - raft.server.notification.no-leader.timeout = 120s (custom)
2019-10-01 20:17:33,595 [pool-47-thread-1] INFO  server.RaftServerConfigKeys (ConfUtils.java:logGet(43)) - raft.server.log.segment.size.max = 1048576 (custom)
2019-10-01 20:17:33,594 [pool-68-thread-1] INFO  server.RaftServerConfigKeys (ConfUtils.java:logGet(43)) - raft.server.log.purge.gap = 1000000 (custom)
2019-10-01 20:17:33,595 [pool-47-thread-1] INFO  server.RaftServerConfigKeys (ConfUtils.java:logGet(43)) - raft.server.log.segment.cache.num.max = 2 (custom)
2019-10-01 20:17:33,595 [pool-37-thread-1] INFO  server.RaftServerConfigKeys (ConfUtils.java:logGet(43)) - raft.server.log.use.memory = false (default)
2019-10-01 20:17:33,595 [pool-47-thread-1] INFO  segmented.SegmentedRaftLogWorker (SegmentedRaftLogWorker.java:<init>(172)) - new c87755eb-8f71-406d-9b39-c7913bad0d26@group-F4A41534045E-SegmentedRaftLogWorker for RaftStorage:Storage Directory /workdir/hadoop-ozone/ozonefs/target/test-dir/MiniOzoneClusterImpl-cc9961a9-1b1a-49c1-80c6-6d48514b4463/datanode-2/data/ratis/cc24231e-f8f5-46b1-916c-f4a41534045e
2019-10-01 20:17:33,595 [pool-68-thread-1] INFO  server.RaftServerConfigKeys (ConfUtils.java:logGet(43)) - raft.server.log.appender.buffer.byte-limit = 33554432 (custom)
2019-10-01 20:17:33,596 [pool-47-thread-1] INFO  server.RaftServerConfigKeys (ConfUtils.java:logGet(43)) - raft.server.log.queue.byte-limit = 2147483647 (custom)
2019-10-01 20:17:33,595 [pool-37-thread-1] INFO  server.RaftServerConfigKeys (ConfUtils.java:logGet(43)) - raft.server.log.purge.gap = 1000000 (custom)
2019-10-01 20:17:33,596 [pool-47-thread-1] INFO  server.RaftServerConfigKeys (ConfUtils.java:logGet(43)) - raft.server.log.queue.element-limit = 1024 (custom)
2019-10-01 20:17:33,596 [pool-68-thread-1] INFO  server.RaftServerConfigKeys (ConfUtils.java:logGet(43)) - raft.server.log.segment.size.max = 1048576 (custom)
2019-10-01 20:17:33,596 [pool-47-thread-1] INFO  server.RaftServerConfigKeys (ConfUtils.java:logGet(43)) - raft.server.log.segment.size.max = 1048576 (custom)
2019-10-01 20:17:33,596 [pool-37-thread-1] INFO  server.RaftServerConfigKeys (ConfUtils.java:logGet(43)) - raft.server.log.appender.buffer.byte-limit = 33554432 (custom)
2019-10-01 20:17:33,597 [pool-47-thread-1] INFO  server.RaftServerConfigKeys (ConfUtils.java:logGet(43)) - raft.server.log.preallocated.size = 16384 (custom)
2019-10-01 20:17:33,597 [pool-68-thread-1] INFO  server.RaftServerConfigKeys (ConfUtils.java:logGet(43)) - raft.server.log.segment.cache.num.max = 2 (custom)
2019-10-01 20:17:33,597 [pool-47-thread-1] INFO  server.RaftServerConfigKeys (ConfUtils.java:logGet(43)) - raft.server.log.write.buffer.size = 33554432 (custom)
2019-10-01 20:17:33,597 [pool-37-thread-1] INFO  server.RaftServerConfigKeys (ConfUtils.java:logGet(43)) - raft.server.log.segment.size.max = 1048576 (custom)
2019-10-01 20:17:33,597 [pool-47-thread-1] INFO  server.RaftServerConfigKeys (ConfUtils.java:logGet(43)) - raft.server.log.force.sync.num = 128 (default)
2019-10-01 20:17:33,597 [pool-68-thread-1] INFO  segmented.SegmentedRaftLogWorker (SegmentedRaftLogWorker.java:<init>(172)) - new 28af574d-2172-4d1d-8894-6c49f9cc6298@group-F4A41534045E-SegmentedRaftLogWorker for RaftStorage:Storage Directory /workdir/hadoop-ozone/ozonefs/target/test-dir/MiniOzoneClusterImpl-cc9961a9-1b1a-49c1-80c6-6d48514b4463/datanode-4/data/ratis/cc24231e-f8f5-46b1-916c-f4a41534045e
2019-10-01 20:17:33,598 [pool-47-thread-1] INFO  server.RaftServerConfigKeys (ConfUtils.java:logGet(43)) - raft.server.log.statemachine.data.sync = true (default)
2019-10-01 20:17:33,598 [pool-37-thread-1] INFO  server.RaftServerConfigKeys (ConfUtils.java:logGet(43)) - raft.server.log.segment.cache.num.max = 2 (custom)
2019-10-01 20:17:33,598 [pool-68-thread-1] INFO  server.RaftServerConfigKeys (ConfUtils.java:logGet(43)) - raft.server.log.queue.byte-limit = 2147483647 (custom)
2019-10-01 20:17:33,598 [pool-37-thread-1] INFO  segmented.SegmentedRaftLogWorker (SegmentedRaftLogWorker.java:<init>(172)) - new dd72838a-f206-4369-be48-6b1e036e4dac@group-F4A41534045E-SegmentedRaftLogWorker for RaftStorage:Storage Directory /workdir/hadoop-ozone/ozonefs/target/test-dir/MiniOzoneClusterImpl-cc9961a9-1b1a-49c1-80c6-6d48514b4463/datanode-1/data/ratis/cc24231e-f8f5-46b1-916c-f4a41534045e
2019-10-01 20:17:33,598 [pool-47-thread-1] INFO  server.RaftServerConfigKeys (ConfUtils.java:logGet(43)) - raft.server.log.statemachine.data.sync.timeout = 10s (default)
2019-10-01 20:17:33,598 [pool-68-thread-1] INFO  server.RaftServerConfigKeys (ConfUtils.java:logGet(43)) - raft.server.log.queue.element-limit = 1024 (custom)
2019-10-01 20:17:33,599 [pool-47-thread-1] INFO  server.RaftServerConfigKeys (ConfUtils.java:logGet(43)) - raft.server.log.statemachine.data.sync.timeout.retry = -1 (default)
2019-10-01 20:17:33,599 [pool-37-thread-1] INFO  server.RaftServerConfigKeys (ConfUtils.java:logGet(43)) - raft.server.log.queue.byte-limit = 2147483647 (custom)
2019-10-01 20:17:33,599 [pool-47-thread-1] INFO  server.RaftServerConfigKeys (ConfUtils.java:logGet(43)) - raft.server.log.statemachine.data.caching.enabled = true (custom)
2019-10-01 20:17:33,599 [pool-37-thread-1] INFO  server.RaftServerConfigKeys (ConfUtils.java:logGet(43)) - raft.server.log.queue.element-limit = 1024 (custom)
2019-10-01 20:17:33,599 [pool-68-thread-1] INFO  server.RaftServerConfigKeys (ConfUtils.java:logGet(43)) - raft.server.log.segment.size.max = 1048576 (custom)
2019-10-01 20:17:33,600 [pool-37-thread-1] INFO  server.RaftServerConfigKeys (ConfUtils.java:logGet(43)) - raft.server.log.segment.size.max = 1048576 (custom)
2019-10-01 20:17:33,600 [pool-47-thread-1] INFO  segmented.SegmentedRaftLogWorker (SegmentedRaftLogWorker.java:lambda$new$0(132)) - c87755eb-8f71-406d-9b39-c7913bad0d26@group-F4A41534045E-SegmentedRaftLogWorker: flushIndex: setUnconditionally 0 -> -1
2019-10-01 20:17:33,600 [pool-68-thread-1] INFO  server.RaftServerConfigKeys (ConfUtils.java:logGet(43)) - raft.server.log.preallocated.size = 16384 (custom)
2019-10-01 20:17:33,600 [pool-37-thread-1] INFO  server.RaftServerConfigKeys (ConfUtils.java:logGet(43)) - raft.server.log.preallocated.size = 16384 (custom)
2019-10-01 20:17:33,600 [pool-47-thread-1] INFO  server.RaftServerConfigKeys (ConfUtils.java:logGet(43)) - raft.server.snapshot.auto.trigger.enabled = true (custom)
2019-10-01 20:17:33,600 [pool-68-thread-1] INFO  server.RaftServerConfigKeys (ConfUtils.java:logGet(43)) - raft.server.log.write.buffer.size = 33554432 (custom)
2019-10-01 20:17:33,601 [pool-47-thread-1] INFO  server.RaftServerConfigKeys (ConfUtils.java:logGet(43)) - raft.server.snapshot.auto.trigger.threshold = 10000 (custom)
2019-10-01 20:17:33,600 [pool-37-thread-1] INFO  server.RaftServerConfigKeys (ConfUtils.java:logGet(43)) - raft.server.log.write.buffer.size = 33554432 (custom)
2019-10-01 20:17:33,601 [pool-47-thread-1] INFO  server.RaftServerConfigKeys (ConfUtils.java:logGet(43)) - raft.server.snapshot.retention.num.files = 5 (custom)
2019-10-01 20:17:33,601 [pool-68-thread-1] INFO  server.RaftServerConfigKeys (ConfUtils.java:logGet(43)) - raft.server.log.force.sync.num = 128 (default)
2019-10-01 20:17:33,601 [pool-47-thread-1] INFO  server.RaftServerConfigKeys (ConfUtils.java:logGet(43)) - raft.server.retrycache.expirytime = 600000ms (custom)
2019-10-01 20:17:33,601 [pool-37-thread-1] INFO  server.RaftServerConfigKeys (ConfUtils.java:logGet(43)) - raft.server.log.force.sync.num = 128 (default)
2019-10-01 20:17:33,602 [pool-37-thread-1] INFO  server.RaftServerConfigKeys (ConfUtils.java:logGet(43)) - raft.server.log.statemachine.data.sync = true (default)
2019-10-01 20:17:33,601 [pool-68-thread-1] INFO  server.RaftServerConfigKeys (ConfUtils.java:logGet(43)) - raft.server.log.statemachine.data.sync = true (default)
2019-10-01 20:17:33,602 [pool-37-thread-1] INFO  server.RaftServerConfigKeys (ConfUtils.java:logGet(43)) - raft.server.log.statemachine.data.sync.timeout = 10s (default)
2019-10-01 20:17:33,602 [pool-68-thread-1] INFO  server.RaftServerConfigKeys (ConfUtils.java:logGet(43)) - raft.server.log.statemachine.data.sync.timeout = 10s (default)
2019-10-01 20:17:33,603 [pool-37-thread-1] INFO  server.RaftServerConfigKeys (ConfUtils.java:logGet(43)) - raft.server.log.statemachine.data.sync.timeout.retry = -1 (default)
2019-10-01 20:17:33,603 [pool-68-thread-1] INFO  server.RaftServerConfigKeys (ConfUtils.java:logGet(43)) - raft.server.log.statemachine.data.sync.timeout.retry = -1 (default)
2019-10-01 20:17:33,603 [pool-37-thread-1] INFO  server.RaftServerConfigKeys (ConfUtils.java:logGet(43)) - raft.server.log.statemachine.data.caching.enabled = true (custom)
2019-10-01 20:17:33,603 [pool-68-thread-1] INFO  server.RaftServerConfigKeys (ConfUtils.java:logGet(43)) - raft.server.log.statemachine.data.caching.enabled = true (custom)
2019-10-01 20:17:33,604 [pool-37-thread-1] INFO  segmented.SegmentedRaftLogWorker (SegmentedRaftLogWorker.java:lambda$new$0(132)) - dd72838a-f206-4369-be48-6b1e036e4dac@group-F4A41534045E-SegmentedRaftLogWorker: flushIndex: setUnconditionally 0 -> -1
2019-10-01 20:17:33,604 [pool-68-thread-1] INFO  segmented.SegmentedRaftLogWorker (SegmentedRaftLogWorker.java:lambda$new$0(132)) - 28af574d-2172-4d1d-8894-6c49f9cc6298@group-F4A41534045E-SegmentedRaftLogWorker: flushIndex: setUnconditionally 0 -> -1
2019-10-01 20:17:33,604 [pool-37-thread-1] INFO  server.RaftServerConfigKeys (ConfUtils.java:logGet(43)) - raft.server.snapshot.auto.trigger.enabled = true (custom)
2019-10-01 20:17:33,604 [pool-37-thread-1] INFO  server.RaftServerConfigKeys (ConfUtils.java:logGet(43)) - raft.server.snapshot.auto.trigger.threshold = 10000 (custom)
2019-10-01 20:17:33,604 [pool-37-thread-1] INFO  server.RaftServerConfigKeys (ConfUtils.java:logGet(43)) - raft.server.snapshot.retention.num.files = 5 (custom)
2019-10-01 20:17:33,604 [pool-68-thread-1] INFO  server.RaftServerConfigKeys (ConfUtils.java:logGet(43)) - raft.server.snapshot.auto.trigger.enabled = true (custom)
2019-10-01 20:17:33,605 [pool-37-thread-1] INFO  server.RaftServerConfigKeys (ConfUtils.java:logGet(43)) - raft.server.retrycache.expirytime = 600000ms (custom)
2019-10-01 20:17:33,605 [pool-68-thread-1] INFO  server.RaftServerConfigKeys (ConfUtils.java:logGet(43)) - raft.server.snapshot.auto.trigger.threshold = 10000 (custom)
2019-10-01 20:17:33,605 [pool-68-thread-1] INFO  server.RaftServerConfigKeys (ConfUtils.java:logGet(43)) - raft.server.snapshot.retention.num.files = 5 (custom)
2019-10-01 20:17:33,605 [pool-68-thread-1] INFO  server.RaftServerConfigKeys (ConfUtils.java:logGet(43)) - raft.server.retrycache.expirytime = 600000ms (custom)
2019-10-01 20:17:33,606 [pool-47-thread-1] INFO  impl.RaftServerImpl (RaftServerImpl.java:start(185)) - c87755eb-8f71-406d-9b39-c7913bad0d26@group-F4A41534045E: start as a follower, conf=-1: [28af574d-2172-4d1d-8894-6c49f9cc6298:192.168.151.103:43956, dd72838a-f206-4369-be48-6b1e036e4dac:192.168.151.103:34429, c87755eb-8f71-406d-9b39-c7913bad0d26:192.168.151.103:42498], old=null
2019-10-01 20:17:33,607 [pool-47-thread-1] INFO  impl.RaftServerImpl (RaftServerImpl.java:setRole(174)) - c87755eb-8f71-406d-9b39-c7913bad0d26@group-F4A41534045E: changes role from      null to FOLLOWER at term 0 for startAsFollower
2019-10-01 20:17:33,607 [pool-47-thread-1] INFO  impl.RoleInfo (RoleInfo.java:updateAndGet(143)) - c87755eb-8f71-406d-9b39-c7913bad0d26: start FollowerState
2019-10-01 20:17:33,607 [pool-47-thread-1] INFO  util.JmxRegister (JmxRegister.java:tryRegister(44)) - Successfully registered JMX Bean with object name Ratis:service=RaftServer,group=group-F4A41534045E,id=c87755eb-8f71-406d-9b39-c7913bad0d26
2019-10-01 20:17:33,612 [pool-37-thread-1] INFO  impl.RaftServerImpl (RaftServerImpl.java:start(185)) - dd72838a-f206-4369-be48-6b1e036e4dac@group-F4A41534045E: start as a follower, conf=-1: [28af574d-2172-4d1d-8894-6c49f9cc6298:192.168.151.103:43956, dd72838a-f206-4369-be48-6b1e036e4dac:192.168.151.103:34429, c87755eb-8f71-406d-9b39-c7913bad0d26:192.168.151.103:42498], old=null
2019-10-01 20:17:33,612 [pool-37-thread-1] INFO  impl.RaftServerImpl (RaftServerImpl.java:setRole(174)) - dd72838a-f206-4369-be48-6b1e036e4dac@group-F4A41534045E: changes role from      null to FOLLOWER at term 0 for startAsFollower
2019-10-01 20:17:33,613 [pool-37-thread-1] INFO  impl.RoleInfo (RoleInfo.java:updateAndGet(143)) - dd72838a-f206-4369-be48-6b1e036e4dac: start FollowerState
2019-10-01 20:17:33,613 [pool-68-thread-1] INFO  impl.RaftServerImpl (RaftServerImpl.java:start(185)) - 28af574d-2172-4d1d-8894-6c49f9cc6298@group-F4A41534045E: start as a follower, conf=-1: [28af574d-2172-4d1d-8894-6c49f9cc6298:192.168.151.103:43956, dd72838a-f206-4369-be48-6b1e036e4dac:192.168.151.103:34429, c87755eb-8f71-406d-9b39-c7913bad0d26:192.168.151.103:42498], old=null
2019-10-01 20:17:33,613 [pool-37-thread-1] INFO  util.JmxRegister (JmxRegister.java:tryRegister(44)) - Successfully registered JMX Bean with object name Ratis:service=RaftServer,group=group-F4A41534045E,id=dd72838a-f206-4369-be48-6b1e036e4dac
2019-10-01 20:17:33,613 [pool-68-thread-1] INFO  impl.RaftServerImpl (RaftServerImpl.java:setRole(174)) - 28af574d-2172-4d1d-8894-6c49f9cc6298@group-F4A41534045E: changes role from      null to FOLLOWER at term 0 for startAsFollower
2019-10-01 20:17:33,614 [pool-68-thread-1] INFO  impl.RoleInfo (RoleInfo.java:updateAndGet(143)) - 28af574d-2172-4d1d-8894-6c49f9cc6298: start FollowerState
2019-10-01 20:17:33,614 [pool-68-thread-1] INFO  util.JmxRegister (JmxRegister.java:tryRegister(44)) - Successfully registered JMX Bean with object name Ratis:service=RaftServer,group=group-F4A41534045E,id=28af574d-2172-4d1d-8894-6c49f9cc6298
2019-10-01 20:17:33,622 [RatisPipelineUtilsThread] INFO  pipeline.PipelineStateManager (PipelineStateManager.java:addPipeline(56)) - Created pipeline Pipeline[ Id: cc24231e-f8f5-46b1-916c-f4a41534045e, Nodes: dd72838a-f206-4369-be48-6b1e036e4dac{ip: 192.168.151.103, host: pr-trunk-878pl-325597374, networkLocation: /default-rack, certSerialId: null}c87755eb-8f71-406d-9b39-c7913bad0d26{ip: 192.168.151.103, host: pr-trunk-878pl-325597374, networkLocation: /default-rack, certSerialId: null}28af574d-2172-4d1d-8894-6c49f9cc6298{ip: 192.168.151.103, host: pr-trunk-878pl-325597374, networkLocation: /default-rack, certSerialId: null}, Type:RATIS, Factor:THREE, State:OPEN]
2019-10-01 20:17:38,613 [Thread-496] INFO  impl.FollowerState (FollowerState.java:run(106)) - dd72838a-f206-4369-be48-6b1e036e4dac:group-F4A41534045E changes to CANDIDATE, lastRpcTime:5000, electionTimeout:5000ms
2019-10-01 20:17:38,614 [Thread-496] INFO  impl.RoleInfo (RoleInfo.java:shutdownFollowerState(121)) - dd72838a-f206-4369-be48-6b1e036e4dac: shutdown FollowerState
2019-10-01 20:17:38,614 [Thread-496] INFO  impl.RaftServerImpl (RaftServerImpl.java:setRole(174)) - dd72838a-f206-4369-be48-6b1e036e4dac@group-F4A41534045E: changes role from  FOLLOWER to CANDIDATE at term 0 for changeToCandidate
2019-10-01 20:17:38,614 [Thread-496] INFO  impl.RoleInfo (RoleInfo.java:updateAndGet(143)) - dd72838a-f206-4369-be48-6b1e036e4dac: start LeaderElection
2019-10-01 20:17:38,699 [Thread-494] INFO  impl.FollowerState (FollowerState.java:run(106)) - c87755eb-8f71-406d-9b39-c7913bad0d26:group-F4A41534045E changes to CANDIDATE, lastRpcTime:5091, electionTimeout:5091ms
2019-10-01 20:17:38,701 [Thread-494] INFO  impl.RoleInfo (RoleInfo.java:shutdownFollowerState(121)) - c87755eb-8f71-406d-9b39-c7913bad0d26: shutdown FollowerState
2019-10-01 20:17:38,701 [Thread-494] INFO  impl.RaftServerImpl (RaftServerImpl.java:setRole(174)) - c87755eb-8f71-406d-9b39-c7913bad0d26@group-F4A41534045E: changes role from  FOLLOWER to CANDIDATE at term 0 for changeToCandidate
2019-10-01 20:17:38,701 [Thread-494] INFO  impl.RoleInfo (RoleInfo.java:updateAndGet(143)) - c87755eb-8f71-406d-9b39-c7913bad0d26: start LeaderElection
2019-10-01 20:17:38,764 [Thread-497] INFO  impl.FollowerState (FollowerState.java:run(106)) - 28af574d-2172-4d1d-8894-6c49f9cc6298:group-F4A41534045E changes to CANDIDATE, lastRpcTime:5150, electionTimeout:5150ms
2019-10-01 20:17:38,765 [Thread-497] INFO  impl.RoleInfo (RoleInfo.java:shutdownFollowerState(121)) - 28af574d-2172-4d1d-8894-6c49f9cc6298: shutdown FollowerState
2019-10-01 20:17:38,765 [Thread-497] INFO  impl.RaftServerImpl (RaftServerImpl.java:setRole(174)) - 28af574d-2172-4d1d-8894-6c49f9cc6298@group-F4A41534045E: changes role from  FOLLOWER to CANDIDATE at term 0 for changeToCandidate
2019-10-01 20:17:38,765 [Thread-497] INFO  impl.RoleInfo (RoleInfo.java:updateAndGet(143)) - 28af574d-2172-4d1d-8894-6c49f9cc6298: start LeaderElection
2019-10-01 20:17:40,403 [dd72838a-f206-4369-be48-6b1e036e4dac@group-F4A41534045E:LeaderElection8] INFO  impl.LeaderElection (LeaderElection.java:askForVotes(182)) - dd72838a-f206-4369-be48-6b1e036e4dac@group-F4A41534045E:LeaderElection8: begin an election at term 1 for -1: [28af574d-2172-4d1d-8894-6c49f9cc6298:192.168.151.103:43956, dd72838a-f206-4369-be48-6b1e036e4dac:192.168.151.103:34429, c87755eb-8f71-406d-9b39-c7913bad0d26:192.168.151.103:42498], old=null
2019-10-01 20:17:40,403 [c87755eb-8f71-406d-9b39-c7913bad0d26@group-F4A41534045E:LeaderElection9] INFO  impl.LeaderElection (LeaderElection.java:askForVotes(182)) - c87755eb-8f71-406d-9b39-c7913bad0d26@group-F4A41534045E:LeaderElection9: begin an election at term 1 for -1: [28af574d-2172-4d1d-8894-6c49f9cc6298:192.168.151.103:43956, dd72838a-f206-4369-be48-6b1e036e4dac:192.168.151.103:34429, c87755eb-8f71-406d-9b39-c7913bad0d26:192.168.151.103:42498], old=null
2019-10-01 20:17:40,403 [28af574d-2172-4d1d-8894-6c49f9cc6298@group-F4A41534045E:LeaderElection10] INFO  impl.LeaderElection (LeaderElection.java:askForVotes(182)) - 28af574d-2172-4d1d-8894-6c49f9cc6298@group-F4A41534045E:LeaderElection10: begin an election at term 1 for -1: [28af574d-2172-4d1d-8894-6c49f9cc6298:192.168.151.103:43956, dd72838a-f206-4369-be48-6b1e036e4dac:192.168.151.103:34429, c87755eb-8f71-406d-9b39-c7913bad0d26:192.168.151.103:42498], old=null
2019-10-01 20:17:40,417 [c87755eb-8f71-406d-9b39-c7913bad0d26@group-F4A41534045E:LeaderElection9] INFO  impl.LeaderElection (LeaderElection.java:logAndReturn(56)) - c87755eb-8f71-406d-9b39-c7913bad0d26@group-F4A41534045E:LeaderElection9: Election REJECTED; received 2 response(s) [c87755eb-8f71-406d-9b39-c7913bad0d26<-28af574d-2172-4d1d-8894-6c49f9cc6298#0:FAIL-t1, c87755eb-8f71-406d-9b39-c7913bad0d26<-dd72838a-f206-4369-be48-6b1e036e4dac#0:FAIL-t1] and 0 exception(s); c87755eb-8f71-406d-9b39-c7913bad0d26@group-F4A41534045E:t1, leader=null, voted=c87755eb-8f71-406d-9b39-c7913bad0d26, raftlog=c87755eb-8f71-406d-9b39-c7913bad0d26@group-F4A41534045E-SegmentedRaftLog:OPENED:c-1,f-1,i0, conf=-1: [28af574d-2172-4d1d-8894-6c49f9cc6298:192.168.151.103:43956, dd72838a-f206-4369-be48-6b1e036e4dac:192.168.151.103:34429, c87755eb-8f71-406d-9b39-c7913bad0d26:192.168.151.103:42498], old=null
2019-10-01 20:17:40,419 [c87755eb-8f71-406d-9b39-c7913bad0d26@group-F4A41534045E:LeaderElection9] INFO  impl.RaftServerImpl (RaftServerImpl.java:setRole(174)) - c87755eb-8f71-406d-9b39-c7913bad0d26@group-F4A41534045E: changes role from CANDIDATE to FOLLOWER at term 1 for DISCOVERED_A_NEW_TERM
2019-10-01 20:17:40,420 [c87755eb-8f71-406d-9b39-c7913bad0d26@group-F4A41534045E:LeaderElection9] INFO  impl.RoleInfo (RoleInfo.java:shutdownLeaderElection(134)) - c87755eb-8f71-406d-9b39-c7913bad0d26: shutdown LeaderElection
2019-10-01 20:17:40,420 [c87755eb-8f71-406d-9b39-c7913bad0d26@group-F4A41534045E:LeaderElection9] INFO  impl.RoleInfo (RoleInfo.java:updateAndGet(143)) - c87755eb-8f71-406d-9b39-c7913bad0d26: start FollowerState
2019-10-01 20:17:40,427 [28af574d-2172-4d1d-8894-6c49f9cc6298@group-F4A41534045E:LeaderElection10] INFO  impl.LeaderElection (LeaderElection.java:logAndReturn(56)) - 28af574d-2172-4d1d-8894-6c49f9cc6298@group-F4A41534045E:LeaderElection10: Election REJECTED; received 2 response(s) [28af574d-2172-4d1d-8894-6c49f9cc6298<-dd72838a-f206-4369-be48-6b1e036e4dac#0:FAIL-t1, 28af574d-2172-4d1d-8894-6c49f9cc6298<-c87755eb-8f71-406d-9b39-c7913bad0d26#0:FAIL-t1] and 0 exception(s); 28af574d-2172-4d1d-8894-6c49f9cc6298@group-F4A41534045E:t1, leader=null, voted=28af574d-2172-4d1d-8894-6c49f9cc6298, raftlog=28af574d-2172-4d1d-8894-6c49f9cc6298@group-F4A41534045E-SegmentedRaftLog:OPENED:c-1,f-1,i0, conf=-1: [28af574d-2172-4d1d-8894-6c49f9cc6298:192.168.151.103:43956, dd72838a-f206-4369-be48-6b1e036e4dac:192.168.151.103:34429, c87755eb-8f71-406d-9b39-c7913bad0d26:192.168.151.103:42498], old=null
2019-10-01 20:17:40,428 [28af574d-2172-4d1d-8894-6c49f9cc6298@group-F4A41534045E:LeaderElection10] INFO  impl.RaftServerImpl (RaftServerImpl.java:setRole(174)) - 28af574d-2172-4d1d-8894-6c49f9cc6298@group-F4A41534045E: changes role from CANDIDATE to FOLLOWER at term 1 for DISCOVERED_A_NEW_TERM
2019-10-01 20:17:40,430 [28af574d-2172-4d1d-8894-6c49f9cc6298@group-F4A41534045E:LeaderElection10] INFO  impl.RoleInfo (RoleInfo.java:shutdownLeaderElection(134)) - 28af574d-2172-4d1d-8894-6c49f9cc6298: shutdown LeaderElection
2019-10-01 20:17:40,430 [28af574d-2172-4d1d-8894-6c49f9cc6298@group-F4A41534045E:LeaderElection10] INFO  impl.RoleInfo (RoleInfo.java:updateAndGet(143)) - 28af574d-2172-4d1d-8894-6c49f9cc6298: start FollowerState
2019-10-01 20:17:40,432 [dd72838a-f206-4369-be48-6b1e036e4dac@group-F4A41534045E:LeaderElection8] INFO  impl.LeaderElection (LeaderElection.java:logAndReturn(56)) - dd72838a-f206-4369-be48-6b1e036e4dac@group-F4A41534045E:LeaderElection8: Election REJECTED; received 2 response(s) [dd72838a-f206-4369-be48-6b1e036e4dac<-28af574d-2172-4d1d-8894-6c49f9cc6298#0:FAIL-t1, dd72838a-f206-4369-be48-6b1e036e4dac<-c87755eb-8f71-406d-9b39-c7913bad0d26#0:FAIL-t1] and 0 exception(s); dd72838a-f206-4369-be48-6b1e036e4dac@group-F4A41534045E:t1, leader=null, voted=dd72838a-f206-4369-be48-6b1e036e4dac, raftlog=dd72838a-f206-4369-be48-6b1e036e4dac@group-F4A41534045E-SegmentedRaftLog:OPENED:c-1,f-1,i0, conf=-1: [28af574d-2172-4d1d-8894-6c49f9cc6298:192.168.151.103:43956, dd72838a-f206-4369-be48-6b1e036e4dac:192.168.151.103:34429, c87755eb-8f71-406d-9b39-c7913bad0d26:192.168.151.103:42498], old=null
2019-10-01 20:17:40,437 [dd72838a-f206-4369-be48-6b1e036e4dac@group-F4A41534045E:LeaderElection8] INFO  impl.RaftServerImpl (RaftServerImpl.java:setRole(174)) - dd72838a-f206-4369-be48-6b1e036e4dac@group-F4A41534045E: changes role from CANDIDATE to FOLLOWER at term 1 for DISCOVERED_A_NEW_TERM
2019-10-01 20:17:40,437 [dd72838a-f206-4369-be48-6b1e036e4dac@group-F4A41534045E:LeaderElection8] INFO  impl.RoleInfo (RoleInfo.java:shutdownLeaderElection(134)) - dd72838a-f206-4369-be48-6b1e036e4dac: shutdown LeaderElection
2019-10-01 20:17:40,438 [dd72838a-f206-4369-be48-6b1e036e4dac@group-F4A41534045E:LeaderElection8] INFO  impl.RoleInfo (RoleInfo.java:updateAndGet(143)) - dd72838a-f206-4369-be48-6b1e036e4dac: start FollowerState
2019-10-01 20:17:45,468 [Thread-516] INFO  impl.FollowerState (FollowerState.java:run(106)) - c87755eb-8f71-406d-9b39-c7913bad0d26:group-F4A41534045E changes to CANDIDATE, lastRpcTime:5048, electionTimeout:5047ms
2019-10-01 20:17:45,474 [Thread-516] INFO  impl.RoleInfo (RoleInfo.java:shutdownFollowerState(121)) - c87755eb-8f71-406d-9b39-c7913bad0d26: shutdown FollowerState
2019-10-01 20:17:45,474 [Thread-516] INFO  impl.RaftServerImpl (RaftServerImpl.java:setRole(174)) - c87755eb-8f71-406d-9b39-c7913bad0d26@group-F4A41534045E: changes role from  FOLLOWER to CANDIDATE at term 1 for changeToCandidate
2019-10-01 20:17:45,474 [Thread-516] INFO  impl.RoleInfo (RoleInfo.java:updateAndGet(143)) - c87755eb-8f71-406d-9b39-c7913bad0d26: start LeaderElection
2019-10-01 20:17:45,488 [c87755eb-8f71-406d-9b39-c7913bad0d26@group-F4A41534045E:LeaderElection11] INFO  impl.LeaderElection (LeaderElection.java:askForVotes(182)) - c87755eb-8f71-406d-9b39-c7913bad0d26@group-F4A41534045E:LeaderElection11: begin an election at term 2 for -1: [28af574d-2172-4d1d-8894-6c49f9cc6298:192.168.151.103:43956, dd72838a-f206-4369-be48-6b1e036e4dac:192.168.151.103:34429, c87755eb-8f71-406d-9b39-c7913bad0d26:192.168.151.103:42498], old=null
2019-10-01 20:17:45,495 [grpc-default-executor-2] INFO  impl.RaftServerImpl (RaftServerImpl.java:setRole(174)) - dd72838a-f206-4369-be48-6b1e036e4dac@group-F4A41534045E: changes role from  FOLLOWER to FOLLOWER at term 2 for recognizeCandidate:c87755eb-8f71-406d-9b39-c7913bad0d26
2019-10-01 20:17:45,495 [grpc-default-executor-3] INFO  impl.RaftServerImpl (RaftServerImpl.java:setRole(174)) - 28af574d-2172-4d1d-8894-6c49f9cc6298@group-F4A41534045E: changes role from  FOLLOWER to FOLLOWER at term 2 for recognizeCandidate:c87755eb-8f71-406d-9b39-c7913bad0d26
2019-10-01 20:17:45,495 [grpc-default-executor-2] INFO  impl.RoleInfo (RoleInfo.java:shutdownFollowerState(121)) - dd72838a-f206-4369-be48-6b1e036e4dac: shutdown FollowerState
2019-10-01 20:17:45,495 [grpc-default-executor-3] INFO  impl.RoleInfo (RoleInfo.java:shutdownFollowerState(121)) - 28af574d-2172-4d1d-8894-6c49f9cc6298: shutdown FollowerState
2019-10-01 20:17:45,496 [Thread-518] INFO  impl.FollowerState (FollowerState.java:run(115)) - dd72838a-f206-4369-be48-6b1e036e4dac: FollowerState was interrupted: java.lang.InterruptedException: sleep interrupted
2019-10-01 20:17:45,496 [grpc-default-executor-2] INFO  impl.RoleInfo (RoleInfo.java:updateAndGet(143)) - dd72838a-f206-4369-be48-6b1e036e4dac: start FollowerState
2019-10-01 20:17:45,497 [Thread-517] INFO  impl.FollowerState (FollowerState.java:run(115)) - 28af574d-2172-4d1d-8894-6c49f9cc6298: FollowerState was interrupted: java.lang.InterruptedException: sleep interrupted
2019-10-01 20:17:45,496 [grpc-default-executor-3] INFO  impl.RoleInfo (RoleInfo.java:updateAndGet(143)) - 28af574d-2172-4d1d-8894-6c49f9cc6298: start FollowerState
2019-10-01 20:17:45,513 [c87755eb-8f71-406d-9b39-c7913bad0d26@group-F4A41534045E:LeaderElection11] INFO  impl.LeaderElection (LeaderElection.java:logAndReturn(56)) - c87755eb-8f71-406d-9b39-c7913bad0d26@group-F4A41534045E:LeaderElection11: Election PASSED; received 1 response(s) [c87755eb-8f71-406d-9b39-c7913bad0d26<-28af574d-2172-4d1d-8894-6c49f9cc6298#0:OK-t2] and 0 exception(s); c87755eb-8f71-406d-9b39-c7913bad0d26@group-F4A41534045E:t2, leader=null, voted=c87755eb-8f71-406d-9b39-c7913bad0d26, raftlog=c87755eb-8f71-406d-9b39-c7913bad0d26@group-F4A41534045E-SegmentedRaftLog:OPENED:c-1,f-1,i0, conf=-1: [28af574d-2172-4d1d-8894-6c49f9cc6298:192.168.151.103:43956, dd72838a-f206-4369-be48-6b1e036e4dac:192.168.151.103:34429, c87755eb-8f71-406d-9b39-c7913bad0d26:192.168.151.103:42498], old=null
2019-10-01 20:17:45,513 [c87755eb-8f71-406d-9b39-c7913bad0d26@group-F4A41534045E:LeaderElection11] INFO  impl.RoleInfo (RoleInfo.java:shutdownLeaderElection(134)) - c87755eb-8f71-406d-9b39-c7913bad0d26: shutdown LeaderElection
2019-10-01 20:17:45,515 [c87755eb-8f71-406d-9b39-c7913bad0d26@group-F4A41534045E:LeaderElection11] INFO  impl.RaftServerImpl (RaftServerImpl.java:setRole(174)) - c87755eb-8f71-406d-9b39-c7913bad0d26@group-F4A41534045E: changes role from CANDIDATE to LEADER at term 2 for changeToLeader
2019-10-01 20:17:45,515 [c87755eb-8f71-406d-9b39-c7913bad0d26@group-F4A41534045E:LeaderElection11] INFO  impl.RaftServerImpl (ServerState.java:setLeader(253)) - c87755eb-8f71-406d-9b39-c7913bad0d26@group-F4A41534045E: change Leader from null to c87755eb-8f71-406d-9b39-c7913bad0d26 at term 2 for becomeLeader, leader elected after 11922ms
2019-10-01 20:17:45,515 [c87755eb-8f71-406d-9b39-c7913bad0d26@group-F4A41534045E:LeaderElection11] INFO  server.RaftServerConfigKeys (ConfUtils.java:logGet(43)) - raft.server.staging.catchup.gap = 1000 (default)
2019-10-01 20:17:45,515 [c87755eb-8f71-406d-9b39-c7913bad0d26@group-F4A41534045E:LeaderElection11] INFO  server.RaftServerConfigKeys (ConfUtils.java:logGet(43)) - raft.server.rpc.sleep.time = 25ms (default)
2019-10-01 20:17:45,516 [c87755eb-8f71-406d-9b39-c7913bad0d26@group-F4A41534045E:LeaderElection11] INFO  server.RaftServerConfigKeys (ConfUtils.java:logGet(43)) - raft.server.write.element-limit = 4096 (default)
2019-10-01 20:17:45,516 [c87755eb-8f71-406d-9b39-c7913bad0d26@group-F4A41534045E:LeaderElection11] INFO  server.RaftServerConfigKeys (ConfUtils.java:logGet(43)) - raft.server.watch.timeout = 10s (default)
2019-10-01 20:17:45,516 [c87755eb-8f71-406d-9b39-c7913bad0d26@group-F4A41534045E:LeaderElection11] INFO  server.RaftServerConfigKeys (ConfUtils.java:logGet(43)) - raft.server.watch.timeout.denomination = 1s (default)
2019-10-01 20:17:45,516 [c87755eb-8f71-406d-9b39-c7913bad0d26@group-F4A41534045E:LeaderElection11] INFO  server.RaftServerConfigKeys (ConfUtils.java:logGet(43)) - raft.server.watch.element-limit = 65536 (default)
2019-10-01 20:17:45,519 [c87755eb-8f71-406d-9b39-c7913bad0d26@group-F4A41534045E:LeaderElection11] INFO  server.RaftServerConfigKeys (ConfUtils.java:logGet(43)) - raft.server.log.appender.snapshot.chunk.size.max = 16MB (=16777216) (default)
2019-10-01 20:17:45,519 [c87755eb-8f71-406d-9b39-c7913bad0d26@group-F4A41534045E:LeaderElection11] INFO  server.RaftServerConfigKeys (ConfUtils.java:logGet(43)) - raft.server.log.appender.buffer.byte-limit = 33554432 (custom)
2019-10-01 20:17:45,520 [c87755eb-8f71-406d-9b39-c7913bad0d26@group-F4A41534045E:LeaderElection11] INFO  server.RaftServerConfigKeys (ConfUtils.java:logGet(43)) - raft.server.log.appender.buffer.element-limit = 1 (custom)
2019-10-01 20:17:45,520 [c87755eb-8f71-406d-9b39-c7913bad0d26@group-F4A41534045E:LeaderElection11] INFO  grpc.GrpcConfigKeys$Server (ConfUtils.java:logGet(43)) - raft.grpc.server.leader.outstanding.appends.max = 128 (default)
2019-10-01 20:17:45,520 [c87755eb-8f71-406d-9b39-c7913bad0d26@group-F4A41534045E:LeaderElection11] INFO  server.RaftServerConfigKeys (ConfUtils.java:logGet(43)) - raft.server.rpc.request.timeout = 3000ms (default)
2019-10-01 20:17:45,520 [c87755eb-8f71-406d-9b39-c7913bad0d26@group-F4A41534045E:LeaderElection11] INFO  server.RaftServerConfigKeys (ConfUtils.java:logGet(43)) - raft.server.log.appender.install.snapshot.enabled = false (custom)
2019-10-01 20:17:45,520 [c87755eb-8f71-406d-9b39-c7913bad0d26@group-F4A41534045E:LeaderElection11] INFO  server.RaftServerConfigKeys (ConfUtils.java:logGet(43)) - raft.server.log.appender.snapshot.chunk.size.max = 16MB (=16777216) (default)
2019-10-01 20:17:45,520 [c87755eb-8f71-406d-9b39-c7913bad0d26@group-F4A41534045E:LeaderElection11] INFO  server.RaftServerConfigKeys (ConfUtils.java:logGet(43)) - raft.server.log.appender.buffer.byte-limit = 33554432 (custom)
2019-10-01 20:17:45,521 [c87755eb-8f71-406d-9b39-c7913bad0d26@group-F4A41534045E:LeaderElection11] INFO  server.RaftServerConfigKeys (ConfUtils.java:logGet(43)) - raft.server.log.appender.buffer.element-limit = 1 (custom)
2019-10-01 20:17:45,521 [c87755eb-8f71-406d-9b39-c7913bad0d26@group-F4A41534045E:LeaderElection11] INFO  grpc.GrpcConfigKeys$Server (ConfUtils.java:logGet(43)) - raft.grpc.server.leader.outstanding.appends.max = 128 (default)
2019-10-01 20:17:45,521 [c87755eb-8f71-406d-9b39-c7913bad0d26@group-F4A41534045E:LeaderElection11] INFO  server.RaftServerConfigKeys (ConfUtils.java:logGet(43)) - raft.server.rpc.request.timeout = 3000ms (default)
2019-10-01 20:17:45,521 [c87755eb-8f71-406d-9b39-c7913bad0d26@group-F4A41534045E:LeaderElection11] INFO  server.RaftServerConfigKeys (ConfUtils.java:logGet(43)) - raft.server.log.appender.install.snapshot.enabled = false (custom)
2019-10-01 20:17:45,521 [c87755eb-8f71-406d-9b39-c7913bad0d26@group-F4A41534045E:LeaderElection11] INFO  impl.RoleInfo (RoleInfo.java:updateAndGet(143)) - c87755eb-8f71-406d-9b39-c7913bad0d26: start LeaderState
2019-10-01 20:17:45,522 [c87755eb-8f71-406d-9b39-c7913bad0d26@group-F4A41534045E:LeaderElection11] INFO  segmented.SegmentedRaftLogWorker (SegmentedRaftLogWorker.java:startLogSegment(380)) - c87755eb-8f71-406d-9b39-c7913bad0d26@group-F4A41534045E-SegmentedRaftLogWorker: Starting segment from index:0
2019-10-01 20:17:45,522 [c87755eb-8f71-406d-9b39-c7913bad0d26@group-F4A41534045E:LeaderElection11] INFO  impl.RaftServerImpl (ServerState.java:setRaftConf(354)) - c87755eb-8f71-406d-9b39-c7913bad0d26@group-F4A41534045E: set configuration 0: [28af574d-2172-4d1d-8894-6c49f9cc6298:192.168.151.103:43956, dd72838a-f206-4369-be48-6b1e036e4dac:192.168.151.103:34429, c87755eb-8f71-406d-9b39-c7913bad0d26:192.168.151.103:42498], old=null at 0
2019-10-01 20:17:45,552 [grpc-default-executor-3] INFO  impl.RaftServerImpl (ServerState.java:setLeader(253)) - 28af574d-2172-4d1d-8894-6c49f9cc6298@group-F4A41534045E: change Leader from null to c87755eb-8f71-406d-9b39-c7913bad0d26 at term 2 for appendEntries, leader elected after 11958ms
2019-10-01 20:17:45,552 [grpc-default-executor-2] INFO  impl.RaftServerImpl (ServerState.java:setLeader(253)) - dd72838a-f206-4369-be48-6b1e036e4dac@group-F4A41534045E: change Leader from null to c87755eb-8f71-406d-9b39-c7913bad0d26 at term 2 for appendEntries, leader elected after 11957ms
2019-10-01 20:17:45,557 [grpc-default-executor-2] INFO  impl.RaftServerImpl (ServerState.java:setRaftConf(354)) - 28af574d-2172-4d1d-8894-6c49f9cc6298@group-F4A41534045E: set configuration 0: [28af574d-2172-4d1d-8894-6c49f9cc6298:192.168.151.103:43956, dd72838a-f206-4369-be48-6b1e036e4dac:192.168.151.103:34429, c87755eb-8f71-406d-9b39-c7913bad0d26:192.168.151.103:42498], old=null at 0
2019-10-01 20:17:45,557 [grpc-default-executor-3] INFO  impl.RaftServerImpl (ServerState.java:setRaftConf(354)) - dd72838a-f206-4369-be48-6b1e036e4dac@group-F4A41534045E: set configuration 0: [28af574d-2172-4d1d-8894-6c49f9cc6298:192.168.151.103:43956, dd72838a-f206-4369-be48-6b1e036e4dac:192.168.151.103:34429, c87755eb-8f71-406d-9b39-c7913bad0d26:192.168.151.103:42498], old=null at 0
2019-10-01 20:17:45,557 [grpc-default-executor-2] INFO  segmented.SegmentedRaftLogWorker (SegmentedRaftLogWorker.java:startLogSegment(380)) - 28af574d-2172-4d1d-8894-6c49f9cc6298@group-F4A41534045E-SegmentedRaftLogWorker: Starting segment from index:0
2019-10-01 20:17:45,557 [grpc-default-executor-3] INFO  segmented.SegmentedRaftLogWorker (SegmentedRaftLogWorker.java:startLogSegment(380)) - dd72838a-f206-4369-be48-6b1e036e4dac@group-F4A41534045E-SegmentedRaftLogWorker: Starting segment from index:0
2019-10-01 20:17:45,572 [c87755eb-8f71-406d-9b39-c7913bad0d26@group-F4A41534045E-SegmentedRaftLogWorker] INFO  segmented.SegmentedRaftLogWorker (SegmentedRaftLogWorker.java:execute(569)) - c87755eb-8f71-406d-9b39-c7913bad0d26@group-F4A41534045E-SegmentedRaftLogWorker: created new log segment /workdir/hadoop-ozone/ozonefs/target/test-dir/MiniOzoneClusterImpl-cc9961a9-1b1a-49c1-80c6-6d48514b4463/datanode-2/data/ratis/cc24231e-f8f5-46b1-916c-f4a41534045e/current/log_inprogress_0
2019-10-01 20:17:45,585 [28af574d-2172-4d1d-8894-6c49f9cc6298@group-F4A41534045E-SegmentedRaftLogWorker] INFO  segmented.SegmentedRaftLogWorker (SegmentedRaftLogWorker.java:execute(569)) - 28af574d-2172-4d1d-8894-6c49f9cc6298@group-F4A41534045E-SegmentedRaftLogWorker: created new log segment /workdir/hadoop-ozone/ozonefs/target/test-dir/MiniOzoneClusterImpl-cc9961a9-1b1a-49c1-80c6-6d48514b4463/datanode-4/data/ratis/cc24231e-f8f5-46b1-916c-f4a41534045e/current/log_inprogress_0
2019-10-01 20:17:45,588 [dd72838a-f206-4369-be48-6b1e036e4dac@group-F4A41534045E-SegmentedRaftLogWorker] INFO  segmented.SegmentedRaftLogWorker (SegmentedRaftLogWorker.java:execute(569)) - dd72838a-f206-4369-be48-6b1e036e4dac@group-F4A41534045E-SegmentedRaftLogWorker: created new log segment /workdir/hadoop-ozone/ozonefs/target/test-dir/MiniOzoneClusterImpl-cc9961a9-1b1a-49c1-80c6-6d48514b4463/datanode-1/data/ratis/cc24231e-f8f5-46b1-916c-f4a41534045e/current/log_inprogress_0
2019-10-01 20:17:59,037 [grpc-default-executor-2] INFO  impl.RaftServerProxy (RaftServerProxy.java:remove(95)) - dd72838a-f206-4369-be48-6b1e036e4dac: remove  FOLLOWER dd72838a-f206-4369-be48-6b1e036e4dac@group-25611A95F860:t1, leader=c87755eb-8f71-406d-9b39-c7913bad0d26, voted=c87755eb-8f71-406d-9b39-c7913bad0d26, raftlog=dd72838a-f206-4369-be48-6b1e036e4dac@group-25611A95F860-SegmentedRaftLog:OPENED:c0,f2,i2, conf=0: [28af574d-2172-4d1d-8894-6c49f9cc6298:192.168.151.103:43956, dd72838a-f206-4369-be48-6b1e036e4dac:192.168.151.103:34429, c87755eb-8f71-406d-9b39-c7913bad0d26:192.168.151.103:42498], old=null RUNNING
2019-10-01 20:17:59,037 [grpc-default-executor-2] INFO  impl.RaftServerImpl (RaftServerImpl.java:lambda$shutdown$3(251)) - dd72838a-f206-4369-be48-6b1e036e4dac@group-25611A95F860: shutdown
2019-10-01 20:17:59,038 [grpc-default-executor-2] INFO  util.JmxRegister (JmxRegister.java:unregister(73)) - Successfully un-registered JMX Bean with object name Ratis:service=RaftServer,group=group-25611A95F860,id=dd72838a-f206-4369-be48-6b1e036e4dac
2019-10-01 20:17:59,038 [grpc-default-executor-2] INFO  impl.RoleInfo (RoleInfo.java:shutdownFollowerState(121)) - dd72838a-f206-4369-be48-6b1e036e4dac: shutdown FollowerState
2019-10-01 20:17:59,039 [grpc-default-executor-2] INFO  impl.StateMachineUpdater (StateMachineUpdater.java:stopAndJoin(125)) - dd72838a-f206-4369-be48-6b1e036e4dac@group-25611A95F860-StateMachineUpdater: set stopIndex = 0
2019-10-01 20:17:59,039 [Thread-415] INFO  impl.FollowerState (FollowerState.java:run(115)) - dd72838a-f206-4369-be48-6b1e036e4dac: FollowerState was interrupted: java.lang.InterruptedException: sleep interrupted
2019-10-01 20:17:59,043 [grpc-default-executor-2] INFO  impl.RaftServerImpl (ServerState.java:close(385)) - dd72838a-f206-4369-be48-6b1e036e4dac@group-25611A95F860: closes. applyIndex: 0
2019-10-01 20:17:59,052 [dd72838a-f206-4369-be48-6b1e036e4dac@group-25611A95F860-SegmentedRaftLogWorker] INFO  segmented.SegmentedRaftLogWorker (SegmentedRaftLogWorker.java:run(313)) - dd72838a-f206-4369-be48-6b1e036e4dac@group-25611A95F860-SegmentedRaftLogWorker was interrupted, exiting. There are 0 tasks remaining in the queue.
2019-10-01 20:17:59,054 [grpc-default-executor-2] INFO  segmented.SegmentedRaftLogWorker (SegmentedRaftLogWorker.java:close(228)) - dd72838a-f206-4369-be48-6b1e036e4dac@group-25611A95F860-SegmentedRaftLogWorker close()
2019-10-01 20:18:00,044 [grpc-default-executor-2] INFO  interfaces.Container (KeyValueContainer.java:flushAndSyncDB(386)) - Container 2 is synced with bcsId 0.
2019-10-01 20:18:00,045 [grpc-default-executor-2] INFO  interfaces.Container (KeyValueContainer.java:flushAndSyncDB(386)) - Container 2 is synced with bcsId 0.
2019-10-01 20:18:00,055 [EventQueue-IncrementalContainerReportForIncrementalContainerReportHandler] INFO  container.IncrementalContainerReportHandler (AbstractContainerReportHandler.java:updateContainerState(169)) - Moving container #2 to QUASI_CLOSED state, datanode dd72838a-f206-4369-be48-6b1e036e4dac{ip: 192.168.151.103, host: pr-trunk-878pl-325597374, networkLocation: /default-rack, certSerialId: null} reported QUASI_CLOSED replica.
2019-10-01 20:18:00,066 [grpc-default-executor-2] INFO  impl.RaftServerProxy (RaftServerProxy.java:remove(95)) - c87755eb-8f71-406d-9b39-c7913bad0d26: remove    LEADER c87755eb-8f71-406d-9b39-c7913bad0d26@group-25611A95F860:t1, leader=c87755eb-8f71-406d-9b39-c7913bad0d26, voted=c87755eb-8f71-406d-9b39-c7913bad0d26, raftlog=c87755eb-8f71-406d-9b39-c7913bad0d26@group-25611A95F860-SegmentedRaftLog:OPENED:c0,f0,i2, conf=0: [28af574d-2172-4d1d-8894-6c49f9cc6298:192.168.151.103:43956, dd72838a-f206-4369-be48-6b1e036e4dac:192.168.151.103:34429, c87755eb-8f71-406d-9b39-c7913bad0d26:192.168.151.103:42498], old=null RUNNING
2019-10-01 20:18:00,066 [grpc-default-executor-2] INFO  impl.RaftServerImpl (RaftServerImpl.java:lambda$shutdown$3(251)) - c87755eb-8f71-406d-9b39-c7913bad0d26@group-25611A95F860: shutdown
2019-10-01 20:18:00,067 [grpc-default-executor-2] INFO  util.JmxRegister (JmxRegister.java:unregister(73)) - Successfully un-registered JMX Bean with object name Ratis:service=RaftServer,group=group-25611A95F860,id=c87755eb-8f71-406d-9b39-c7913bad0d26
2019-10-01 20:18:00,067 [grpc-default-executor-2] INFO  impl.RoleInfo (RoleInfo.java:shutdownLeaderState(104)) - c87755eb-8f71-406d-9b39-c7913bad0d26: shutdown LeaderState
2019-10-01 20:18:00,069 [org.apache.ratis.server.impl.LogAppender$AppenderDaemon$$Lambda$503/498285707@5d65ab2a] WARN  server.GrpcLogAppender (GrpcLogAppender.java:mayWait(143)) - c87755eb-8f71-406d-9b39-c7913bad0d26@group-25611A95F860->28af574d-2172-4d1d-8894-6c49f9cc6298-GrpcLogAppender: Wait interrupted by java.lang.InterruptedException
2019-10-01 20:18:00,070 [grpc-default-executor-2] INFO  impl.PendingRequests (PendingRequests.java:sendNotLeaderResponses(202)) - c87755eb-8f71-406d-9b39-c7913bad0d26-PendingRequests: sendNotLeaderResponses
2019-10-01 20:18:00,070 [org.apache.ratis.server.impl.LogAppender$AppenderDaemon$$Lambda$503/498285707@35fb8b69] WARN  server.GrpcLogAppender (GrpcLogAppender.java:mayWait(143)) - c87755eb-8f71-406d-9b39-c7913bad0d26@group-25611A95F860->dd72838a-f206-4369-be48-6b1e036e4dac-GrpcLogAppender: Wait interrupted by java.lang.InterruptedException
2019-10-01 20:18:00,070 [grpc-default-executor-3] INFO  server.GrpcServerProtocolService (GrpcServerProtocolService.java:onCompleted(113)) - 28af574d-2172-4d1d-8894-6c49f9cc6298: Completed APPEND_ENTRIES, lastRequest: c87755eb-8f71-406d-9b39-c7913bad0d26->28af574d-2172-4d1d-8894-6c49f9cc6298#29-t1, previous=(t:1, i:2), leaderCommit=0, initializing? false, entries: <empty>
2019-10-01 20:18:00,072 [grpc-default-executor-3] INFO  server.GrpcLogAppender (GrpcLogAppender.java:onCompleted(293)) - c87755eb-8f71-406d-9b39-c7913bad0d26@group-25611A95F860->28af574d-2172-4d1d-8894-6c49f9cc6298-AppendLogResponseHandler: follower responses appendEntries COMPLETED
2019-10-01 20:18:00,072 [grpc-default-executor-2] INFO  impl.StateMachineUpdater (StateMachineUpdater.java:stopAndJoin(125)) - c87755eb-8f71-406d-9b39-c7913bad0d26@group-25611A95F860-StateMachineUpdater: set stopIndex = 0
2019-10-01 20:18:00,073 [grpc-default-executor-1] INFO  server.GrpcServerProtocolService (GrpcServerProtocolService.java:onCompleted(113)) - dd72838a-f206-4369-be48-6b1e036e4dac: Completed APPEND_ENTRIES, lastRequest: c87755eb-8f71-406d-9b39-c7913bad0d26->dd72838a-f206-4369-be48-6b1e036e4dac#29-t1, previous=(t:1, i:2), leaderCommit=0, initializing? false, entries: <empty>
2019-10-01 20:18:00,075 [grpc-default-executor-3] INFO  impl.FollowerInfo (FollowerInfo.java:lambda$new$0(51)) - c87755eb-8f71-406d-9b39-c7913bad0d26@group-25611A95F860->28af574d-2172-4d1d-8894-6c49f9cc6298: nextIndex: updateUnconditionally 3 -> 2
2019-10-01 20:18:00,075 [grpc-default-executor-2] INFO  impl.RaftServerImpl (ServerState.java:close(385)) - c87755eb-8f71-406d-9b39-c7913bad0d26@group-25611A95F860: closes. applyIndex: 0
2019-10-01 20:18:00,078 [grpc-default-executor-4] INFO  server.GrpcLogAppender (GrpcLogAppender.java:onCompleted(293)) - c87755eb-8f71-406d-9b39-c7913bad0d26@group-25611A95F860->dd72838a-f206-4369-be48-6b1e036e4dac-AppendLogResponseHandler: follower responses appendEntries COMPLETED
2019-10-01 20:18:00,078 [c87755eb-8f71-406d-9b39-c7913bad0d26@group-25611A95F860-SegmentedRaftLogWorker] INFO  segmented.SegmentedRaftLogWorker (SegmentedRaftLogWorker.java:run(313)) - c87755eb-8f71-406d-9b39-c7913bad0d26@group-25611A95F860-SegmentedRaftLogWorker was interrupted, exiting. There are 0 tasks remaining in the queue.
2019-10-01 20:18:00,078 [grpc-default-executor-4] INFO  impl.FollowerInfo (FollowerInfo.java:lambda$new$0(51)) - c87755eb-8f71-406d-9b39-c7913bad0d26@group-25611A95F860->dd72838a-f206-4369-be48-6b1e036e4dac: nextIndex: updateUnconditionally 3 -> 2
2019-10-01 20:18:00,082 [grpc-default-executor-6] WARN  server.GrpcLogAppender (LogUtils.java:warn(134)) - c87755eb-8f71-406d-9b39-c7913bad0d26@group-F4A41534045E->28af574d-2172-4d1d-8894-6c49f9cc6298-AppendLogResponseHandler: Failed appendEntries: org.apache.ratis.thirdparty.io.grpc.StatusRuntimeException: UNAVAILABLE: Channel shutdownNow invoked
2019-10-01 20:18:00,082 [grpc-default-executor-3] WARN  server.GrpcLogAppender (LogUtils.java:warn(134)) - c87755eb-8f71-406d-9b39-c7913bad0d26@group-F4A41534045E->dd72838a-f206-4369-be48-6b1e036e4dac-AppendLogResponseHandler: Failed appendEntries: org.apache.ratis.thirdparty.io.grpc.StatusRuntimeException: UNAVAILABLE: Channel shutdownNow invoked
2019-10-01 20:18:00,083 [grpc-default-executor-6] INFO  impl.FollowerInfo (FollowerInfo.java:lambda$new$0(51)) - c87755eb-8f71-406d-9b39-c7913bad0d26@group-F4A41534045E->28af574d-2172-4d1d-8894-6c49f9cc6298: nextIndex: updateUnconditionally 1 -> 0
2019-10-01 20:18:00,082 [grpc-default-executor-2] INFO  segmented.SegmentedRaftLogWorker (SegmentedRaftLogWorker.java:close(228)) - c87755eb-8f71-406d-9b39-c7913bad0d26@group-25611A95F860-SegmentedRaftLogWorker close()
2019-10-01 20:18:00,083 [grpc-default-executor-3] INFO  impl.FollowerInfo (FollowerInfo.java:lambda$new$0(51)) - c87755eb-8f71-406d-9b39-c7913bad0d26@group-F4A41534045E->dd72838a-f206-4369-be48-6b1e036e4dac: nextIndex: updateUnconditionally 1 -> 0
2019-10-01 20:18:00,092 [grpc-default-executor-1] WARN  server.GrpcServerProtocolService (LogUtils.java:warn(134)) - 28af574d-2172-4d1d-8894-6c49f9cc6298: installSnapshot onError, lastRequest: c87755eb-8f71-406d-9b39-c7913bad0d26->28af574d-2172-4d1d-8894-6c49f9cc6298#6-t2, previous=(t:2, i:0), leaderCommit=0, initializing? false, entries: <empty>: org.apache.ratis.thirdparty.io.grpc.StatusRuntimeException: CANCELLED: cancelled before receiving half close
2019-10-01 20:18:00,092 [grpc-default-executor-4] WARN  server.GrpcServerProtocolService (LogUtils.java:warn(134)) - dd72838a-f206-4369-be48-6b1e036e4dac: installSnapshot onError, lastRequest: c87755eb-8f71-406d-9b39-c7913bad0d26->dd72838a-f206-4369-be48-6b1e036e4dac#6-t2, previous=(t:2, i:0), leaderCommit=0, initializing? false, entries: <empty>: org.apache.ratis.thirdparty.io.grpc.StatusRuntimeException: CANCELLED: cancelled before receiving half close
2019-10-01 20:18:00,278 [grpc-default-executor-1] INFO  impl.RaftServerProxy (RaftServerProxy.java:remove(95)) - 28af574d-2172-4d1d-8894-6c49f9cc6298: remove  FOLLOWER 28af574d-2172-4d1d-8894-6c49f9cc6298@group-25611A95F860:t1, leader=c87755eb-8f71-406d-9b39-c7913bad0d26, voted=c87755eb-8f71-406d-9b39-c7913bad0d26, raftlog=28af574d-2172-4d1d-8894-6c49f9cc6298@group-25611A95F860-SegmentedRaftLog:OPENED:c0,f2,i2, conf=0: [28af574d-2172-4d1d-8894-6c49f9cc6298:192.168.151.103:43956, dd72838a-f206-4369-be48-6b1e036e4dac:192.168.151.103:34429, c87755eb-8f71-406d-9b39-c7913bad0d26:192.168.151.103:42498], old=null RUNNING
2019-10-01 20:18:00,278 [grpc-default-executor-1] INFO  impl.RaftServerImpl (RaftServerImpl.java:lambda$shutdown$3(251)) - 28af574d-2172-4d1d-8894-6c49f9cc6298@group-25611A95F860: shutdown
2019-10-01 20:18:00,278 [grpc-default-executor-1] INFO  util.JmxRegister (JmxRegister.java:unregister(73)) - Successfully un-registered JMX Bean with object name Ratis:service=RaftServer,group=group-25611A95F860,id=28af574d-2172-4d1d-8894-6c49f9cc6298
2019-10-01 20:18:00,279 [grpc-default-executor-1] INFO  impl.RoleInfo (RoleInfo.java:shutdownFollowerState(121)) - 28af574d-2172-4d1d-8894-6c49f9cc6298: shutdown FollowerState
2019-10-01 20:18:00,279 [grpc-default-executor-1] INFO  impl.StateMachineUpdater (StateMachineUpdater.java:stopAndJoin(125)) - 28af574d-2172-4d1d-8894-6c49f9cc6298@group-25611A95F860-StateMachineUpdater: set stopIndex = 0
2019-10-01 20:18:00,280 [Thread-414] INFO  impl.FollowerState (FollowerState.java:run(115)) - 28af574d-2172-4d1d-8894-6c49f9cc6298: FollowerState was interrupted: java.lang.InterruptedException: sleep interrupted
2019-10-01 20:18:00,281 [grpc-default-executor-1] INFO  impl.RaftServerImpl (ServerState.java:close(385)) - 28af574d-2172-4d1d-8894-6c49f9cc6298@group-25611A95F860: closes. applyIndex: 0
2019-10-01 20:18:00,281 [28af574d-2172-4d1d-8894-6c49f9cc6298@group-25611A95F860-SegmentedRaftLogWorker] INFO  segmented.SegmentedRaftLogWorker (SegmentedRaftLogWorker.java:run(313)) - 28af574d-2172-4d1d-8894-6c49f9cc6298@group-25611A95F860-SegmentedRaftLogWorker was interrupted, exiting. There are 0 tasks remaining in the queue.
2019-10-01 20:18:00,283 [grpc-default-executor-1] INFO  segmented.SegmentedRaftLogWorker (SegmentedRaftLogWorker.java:close(228)) - 28af574d-2172-4d1d-8894-6c49f9cc6298@group-25611A95F860-SegmentedRaftLogWorker close()
2019-10-01 20:18:00,334 [grpc-default-executor-1] INFO  interfaces.Container (KeyValueContainer.java:flushAndSyncDB(386)) - Container 2 is synced with bcsId 0.
2019-10-01 20:18:00,336 [grpc-default-executor-1] INFO  interfaces.Container (KeyValueContainer.java:flushAndSyncDB(386)) - Container 2 is synced with bcsId 0.
2019-10-01 20:18:00,356 [RatisPipelineUtilsThread] INFO  pipeline.PipelineStateManager (PipelineStateManager.java:removePipeline(108)) - Pipeline Pipeline[ Id: 757b7363-a91c-4fee-bb79-25611a95f860, Nodes: dd72838a-f206-4369-be48-6b1e036e4dac{ip: 192.168.151.103, host: pr-trunk-878pl-325597374, networkLocation: /default-rack, certSerialId: null}c87755eb-8f71-406d-9b39-c7913bad0d26{ip: 192.168.151.103, host: pr-trunk-878pl-325597374, networkLocation: /default-rack, certSerialId: null}28af574d-2172-4d1d-8894-6c49f9cc6298{ip: 192.168.151.103, host: pr-trunk-878pl-325597374, networkLocation: /default-rack, certSerialId: null}, Type:RATIS, Factor:THREE, State:CLOSED] removed from db
2019-10-01 20:18:00,364 [grpc-default-executor-1] INFO  impl.RaftServerProxy (RaftServerProxy.java:remove(95)) - dd72838a-f206-4369-be48-6b1e036e4dac: remove group-25611A95F860:null
2019-10-01 20:18:00,369 [RatisPipelineUtilsThread] WARN  pipeline.RatisPipelineUtils (RatisPipelineUtils.java:destroyPipeline(67)) - Pipeline destroy failed for pipeline=PipelineID=757b7363-a91c-4fee-bb79-25611a95f860 dn=dd72838a-f206-4369-be48-6b1e036e4dac{ip: 192.168.151.103, host: pr-trunk-878pl-325597374, networkLocation: /default-rack, certSerialId: null}
2019-10-01 20:18:00,375 [grpc-default-executor-1] INFO  impl.RaftServerProxy (RaftServerProxy.java:remove(95)) - c87755eb-8f71-406d-9b39-c7913bad0d26: remove group-25611A95F860:null
2019-10-01 20:18:00,380 [RatisPipelineUtilsThread] WARN  pipeline.RatisPipelineUtils (RatisPipelineUtils.java:destroyPipeline(67)) - Pipeline destroy failed for pipeline=PipelineID=757b7363-a91c-4fee-bb79-25611a95f860 dn=c87755eb-8f71-406d-9b39-c7913bad0d26{ip: 192.168.151.103, host: pr-trunk-878pl-325597374, networkLocation: /default-rack, certSerialId: null}
2019-10-01 20:18:00,384 [grpc-default-executor-1] INFO  impl.RaftServerProxy (RaftServerProxy.java:remove(95)) - 28af574d-2172-4d1d-8894-6c49f9cc6298: remove group-25611A95F860:null
2019-10-01 20:18:00,389 [RatisPipelineUtilsThread] WARN  pipeline.RatisPipelineUtils (RatisPipelineUtils.java:destroyPipeline(67)) - Pipeline destroy failed for pipeline=PipelineID=757b7363-a91c-4fee-bb79-25611a95f860 dn=28af574d-2172-4d1d-8894-6c49f9cc6298{ip: 192.168.151.103, host: pr-trunk-878pl-325597374, networkLocation: /default-rack, certSerialId: null}
2019-10-01 20:18:00,389 [RatisPipelineUtilsThread] ERROR pipeline.SCMPipelineManager (Scheduler.java:lambda$schedule$1(70)) - Destroy pipeline failed for pipeline:Pipeline[ Id: 757b7363-a91c-4fee-bb79-25611a95f860, Nodes: dd72838a-f206-4369-be48-6b1e036e4dac{ip: 192.168.151.103, host: pr-trunk-878pl-325597374, networkLocation: /default-rack, certSerialId: null}c87755eb-8f71-406d-9b39-c7913bad0d26{ip: 192.168.151.103, host: pr-trunk-878pl-325597374, networkLocation: /default-rack, certSerialId: null}28af574d-2172-4d1d-8894-6c49f9cc6298{ip: 192.168.151.103, host: pr-trunk-878pl-325597374, networkLocation: /default-rack, certSerialId: null}, Type:RATIS, Factor:THREE, State:CLOSED]
org.apache.hadoop.hdds.scm.pipeline.PipelineNotFoundException: PipelineID=757b7363-a91c-4fee-bb79-25611a95f860 not found
	at org.apache.hadoop.hdds.scm.pipeline.PipelineStateMap.getPipeline(PipelineStateMap.java:132)
	at org.apache.hadoop.hdds.scm.pipeline.PipelineStateMap.removePipeline(PipelineStateMap.java:322)
	at org.apache.hadoop.hdds.scm.pipeline.PipelineStateManager.removePipeline(PipelineStateManager.java:107)
	at org.apache.hadoop.hdds.scm.pipeline.SCMPipelineManager.removePipeline(SCMPipelineManager.java:427)
	at org.apache.hadoop.hdds.scm.pipeline.SCMPipelineManager.destroyPipeline(SCMPipelineManager.java:413)
	at org.apache.hadoop.hdds.scm.pipeline.SCMPipelineManager.lambda$finalizeAndDestroyPipeline$0(SCMPipelineManager.java:322)
	at org.apache.hadoop.hdds.utils.Scheduler.lambda$schedule$1(Scheduler.java:68)
	at java.util.concurrent.Executors$RunnableAdapter.call(Executors.java:511)
	at java.util.concurrent.FutureTask.run(FutureTask.java:266)
	at java.util.concurrent.ScheduledThreadPoolExecutor$ScheduledFutureTask.access$201(ScheduledThreadPoolExecutor.java:180)
	at java.util.concurrent.ScheduledThreadPoolExecutor$ScheduledFutureTask.run(ScheduledThreadPoolExecutor.java:293)
	at java.util.concurrent.ThreadPoolExecutor.runWorker(ThreadPoolExecutor.java:1149)
	at java.util.concurrent.ThreadPoolExecutor$Worker.run(ThreadPoolExecutor.java:624)
	at java.lang.Thread.run(Thread.java:748)
2019-10-01 20:18:00,615 [grpc-default-executor-1] INFO  impl.RaftServerImpl (ServerState.java:setRaftConf(354)) - 28af574d-2172-4d1d-8894-6c49f9cc6298@group-F4A41534045E: set configuration 0: [28af574d-2172-4d1d-8894-6c49f9cc6298:192.168.151.103:43956, dd72838a-f206-4369-be48-6b1e036e4dac:192.168.151.103:34429, c87755eb-8f71-406d-9b39-c7913bad0d26:192.168.151.103:42498], old=null at 0
2019-10-01 20:18:00,615 [grpc-default-executor-4] INFO  impl.RaftServerImpl (ServerState.java:setRaftConf(354)) - dd72838a-f206-4369-be48-6b1e036e4dac@group-F4A41534045E: set configuration 0: [28af574d-2172-4d1d-8894-6c49f9cc6298:192.168.151.103:43956, dd72838a-f206-4369-be48-6b1e036e4dac:192.168.151.103:34429, c87755eb-8f71-406d-9b39-c7913bad0d26:192.168.151.103:42498], old=null at 0
2019-10-01 20:18:01,101 [Thread-234] WARN  io.KeyOutputStream (KeyOutputStream.java:handleException(274)) - Encountered exception java.io.IOException: Unexpected Storage Container Exception: java.util.concurrent.CompletionException: java.util.concurrent.CompletionException: org.apache.ratis.protocol.GroupMismatchException: c87755eb-8f71-406d-9b39-c7913bad0d26: group-25611A95F860 not found. on the pipeline Pipeline[ Id: 757b7363-a91c-4fee-bb79-25611a95f860, Nodes: dd72838a-f206-4369-be48-6b1e036e4dac{ip: 192.168.151.103, host: pr-trunk-878pl-325597374, networkLocation: /default-rack, certSerialId: null}c87755eb-8f71-406d-9b39-c7913bad0d26{ip: 192.168.151.103, host: pr-trunk-878pl-325597374, networkLocation: /default-rack, certSerialId: null}28af574d-2172-4d1d-8894-6c49f9cc6298{ip: 192.168.151.103, host: pr-trunk-878pl-325597374, networkLocation: /default-rack, certSerialId: null}, Type:RATIS, Factor:THREE, State:OPEN]. The last committed block length is 0, uncommitted data length is 14 retry count 0
2019-10-01 20:18:01,293 [pool-46-thread-6] ERROR impl.ChunkManagerImpl (ChunkUtils.java:writeData(89)) - data array does not match the length specified. DataLen: 14 Byte Array: 170
2019-10-01 20:18:01,294 [pool-46-thread-6] INFO  keyvalue.KeyValueHandler (ContainerUtils.java:logAndReturnError(146)) - Operation: WriteChunk : Trace ID: ba3d916e8fbd4636:ba3d916e8fbd4636:0:0 : Message: data array does not match the length specified. DataLen: 14 Byte Array: 170 : Result: INVALID_WRITE_SIZE
20:18:01.308 [pool-46-thread-6] ERROR DNAudit - user=null | ip=null | op=WRITE_CHUNK {blockData=conID: 3 locID: 102888969412083715 bcsId: 0} | ret=FAILURE
java.lang.Exception: data array does not match the length specified. DataLen: 14 Byte Array: 170
	at org.apache.hadoop.ozone.container.common.impl.HddsDispatcher.dispatchRequest(HddsDispatcher.java:330) ~[hadoop-hdds-container-service-0.5.0-SNAPSHOT.jar:?]
	at org.apache.hadoop.ozone.container.common.impl.HddsDispatcher.dispatch(HddsDispatcher.java:150) ~[hadoop-hdds-container-service-0.5.0-SNAPSHOT.jar:?]
	at org.apache.hadoop.ozone.container.common.transport.server.ratis.ContainerStateMachine.dispatchCommand(ContainerStateMachine.java:407) ~[hadoop-hdds-container-service-0.5.0-SNAPSHOT.jar:?]
	at org.apache.hadoop.ozone.container.common.transport.server.ratis.ContainerStateMachine.runCommand(ContainerStateMachine.java:415) ~[hadoop-hdds-container-service-0.5.0-SNAPSHOT.jar:?]
	at org.apache.hadoop.ozone.container.common.transport.server.ratis.ContainerStateMachine.lambda$handleWriteChunk$1(ContainerStateMachine.java:450) ~[hadoop-hdds-container-service-0.5.0-SNAPSHOT.jar:?]
	at java.util.concurrent.CompletableFuture$AsyncSupply.run(CompletableFuture.java:1590) [?:1.8.0_212]
	at java.util.concurrent.ThreadPoolExecutor.runWorker(ThreadPoolExecutor.java:1149) [?:1.8.0_212]
	at java.util.concurrent.ThreadPoolExecutor$Worker.run(ThreadPoolExecutor.java:624) [?:1.8.0_212]
	at java.lang.Thread.run(Thread.java:748) [?:1.8.0_212]
2019-10-01 20:18:01,308 [EventQueue-IncrementalContainerReportForIncrementalContainerReportHandler] WARN  container.IncrementalContainerReportHandler (AbstractContainerReportHandler.java:updateContainerState(143)) - Container #3 is in OPEN state, but the datanode c87755eb-8f71-406d-9b39-c7913bad0d26{ip: 192.168.151.103, host: pr-trunk-878pl-325597374, networkLocation: /default-rack, certSerialId: null} reports an UNHEALTHY replica.
2019-10-01 20:18:01,310 [pool-46-thread-6] ERROR ratis.ContainerStateMachine (ContainerStateMachine.java:lambda$handleWriteChunk$2(470)) - group-F4A41534045E: writeChunk writeStateMachineData failed: blockIdcontainerID: 3
localID: 102888969412083715
blockCommitSequenceId: 0
 logIndex 1 chunkName 102888969412083715_chunk_1 Error message: data array does not match the length specified. DataLen: 14 Byte Array: 170 Container Result: INVALID_WRITE_SIZE
2019-10-01 20:18:01,310 [EventQueue-CloseContainerForCloseContainerEventHandler] INFO  container.CloseContainerEventHandler (CloseContainerEventHandler.java:onMessage(61)) - Close container Event triggered for container : #3
2019-10-01 20:18:01,310 [c87755eb-8f71-406d-9b39-c7913bad0d26@group-F4A41534045E-SegmentedRaftLogWorker] ERROR ratis.XceiverServerRatis (XceiverServerRatis.java:triggerPipelineClose(575)) - pipeline Action CLOSE  on pipeline PipelineID=cc24231e-f8f5-46b1-916c-f4a41534045e.Reason : data array does not match the length specified. DataLen: 14 Byte Array: 170
2019-10-01 20:18:01,310 [c87755eb-8f71-406d-9b39-c7913bad0d26@group-F4A41534045E-SegmentedRaftLogWorker] ERROR ratis.XceiverServerRatis (XceiverServerRatis.java:triggerPipelineClose(575)) - pipeline Action CLOSE  on pipeline PipelineID=cc24231e-f8f5-46b1-916c-f4a41534045e.Reason : Log already failed at index 1 for task WriteLog:1: (t:2, i:1), STATEMACHINELOGENTRY, client-E3D62C941855, cid=30
2019-10-01 20:18:01,311 [EventQueue-PipelineActionsForPipelineActionHandler] ERROR pipeline.PipelineActionHandler (PipelineActionHandler.java:onMessage(60)) - Received pipeline action CLOSE for Pipeline[ Id: cc24231e-f8f5-46b1-916c-f4a41534045e, Nodes: dd72838a-f206-4369-be48-6b1e036e4dac{ip: 192.168.151.103, host: pr-trunk-878pl-325597374, networkLocation: /default-rack, certSerialId: null}c87755eb-8f71-406d-9b39-c7913bad0d26{ip: 192.168.151.103, host: pr-trunk-878pl-325597374, networkLocation: /default-rack, certSerialId: null}28af574d-2172-4d1d-8894-6c49f9cc6298{ip: 192.168.151.103, host: pr-trunk-878pl-325597374, networkLocation: /default-rack, certSerialId: null}, Type:RATIS, Factor:THREE, State:OPEN] from datanode c87755eb-8f71-406d-9b39-c7913bad0d26{ip: 192.168.151.103, host: pr-trunk-878pl-325597374, networkLocation: /default-rack, certSerialId: null}. Reason : data array does not match the length specified. DataLen: 14 Byte Array: 170
2019-10-01 20:18:01,311 [EventQueue-PipelineActionsForPipelineActionHandler] INFO  pipeline.SCMPipelineManager (SCMPipelineManager.java:finalizeAndDestroyPipeline(315)) - destroying pipeline:Pipeline[ Id: cc24231e-f8f5-46b1-916c-f4a41534045e, Nodes: dd72838a-f206-4369-be48-6b1e036e4dac{ip: 192.168.151.103, host: pr-trunk-878pl-325597374, networkLocation: /default-rack, certSerialId: null}c87755eb-8f71-406d-9b39-c7913bad0d26{ip: 192.168.151.103, host: pr-trunk-878pl-325597374, networkLocation: /default-rack, certSerialId: null}28af574d-2172-4d1d-8894-6c49f9cc6298{ip: 192.168.151.103, host: pr-trunk-878pl-325597374, networkLocation: /default-rack, certSerialId: null}, Type:RATIS, Factor:THREE, State:OPEN]
2019-10-01 20:18:01,311 [EventQueue-PipelineActionsForPipelineActionHandler] INFO  pipeline.PipelineStateManager (PipelineStateManager.java:finalizePipeline(123)) - Pipeline Pipeline[ Id: cc24231e-f8f5-46b1-916c-f4a41534045e, Nodes: dd72838a-f206-4369-be48-6b1e036e4dac{ip: 192.168.151.103, host: pr-trunk-878pl-325597374, networkLocation: /default-rack, certSerialId: null}c87755eb-8f71-406d-9b39-c7913bad0d26{ip: 192.168.151.103, host: pr-trunk-878pl-325597374, networkLocation: /default-rack, certSerialId: null}28af574d-2172-4d1d-8894-6c49f9cc6298{ip: 192.168.151.103, host: pr-trunk-878pl-325597374, networkLocation: /default-rack, certSerialId: null}, Type:RATIS, Factor:THREE, State:CLOSED] moved to CLOSED state
2019-10-01 20:18:01,312 [EventQueue-PipelineActionsForPipelineActionHandler] ERROR pipeline.PipelineActionHandler (PipelineActionHandler.java:onMessage(60)) - Received pipeline action CLOSE for Pipeline[ Id: cc24231e-f8f5-46b1-916c-f4a41534045e, Nodes: dd72838a-f206-4369-be48-6b1e036e4dac{ip: 192.168.151.103, host: pr-trunk-878pl-325597374, networkLocation: /default-rack, certSerialId: null}c87755eb-8f71-406d-9b39-c7913bad0d26{ip: 192.168.151.103, host: pr-trunk-878pl-325597374, networkLocation: /default-rack, certSerialId: null}28af574d-2172-4d1d-8894-6c49f9cc6298{ip: 192.168.151.103, host: pr-trunk-878pl-325597374, networkLocation: /default-rack, certSerialId: null}, Type:RATIS, Factor:THREE, State:CLOSED] from datanode c87755eb-8f71-406d-9b39-c7913bad0d26{ip: 192.168.151.103, host: pr-trunk-878pl-325597374, networkLocation: /default-rack, certSerialId: null}. Reason : Log already failed at index 1 for task WriteLog:1: (t:2, i:1), STATEMACHINELOGENTRY, client-E3D62C941855, cid=30
2019-10-01 20:18:01,312 [EventQueue-PipelineActionsForPipelineActionHandler] INFO  pipeline.SCMPipelineManager (SCMPipelineManager.java:finalizeAndDestroyPipeline(315)) - destroying pipeline:Pipeline[ Id: cc24231e-f8f5-46b1-916c-f4a41534045e, Nodes: dd72838a-f206-4369-be48-6b1e036e4dac{ip: 192.168.151.103, host: pr-trunk-878pl-325597374, networkLocation: /default-rack, certSerialId: null}c87755eb-8f71-406d-9b39-c7913bad0d26{ip: 192.168.151.103, host: pr-trunk-878pl-325597374, networkLocation: /default-rack, certSerialId: null}28af574d-2172-4d1d-8894-6c49f9cc6298{ip: 192.168.151.103, host: pr-trunk-878pl-325597374, networkLocation: /default-rack, certSerialId: null}, Type:RATIS, Factor:THREE, State:CLOSED]
]]></system-out>
    <system-err><![CDATA[ERROR StatusLogger No Log4j 2 configuration file found. Using default configuration (logging only errors to the console), or user programmatically provided configurations. Set system property 'log4j2.debug' to show Log4j 2 internal initialization logging. See https://logging.apache.org/log4j/2.x/manual/configuration.html for instructions on how to configure Log4j 2
Oct 01, 2019 8:18:00 PM org.apache.ratis.thirdparty.io.grpc.internal.SerializingExecutor run
SEVERE: Exception while executing runnable org.apache.ratis.thirdparty.io.grpc.internal.ServerImpl$JumpToApplicationThreadServerStreamListener$1Closed@5dc9e424
org.apache.ratis.thirdparty.io.grpc.StatusRuntimeException: CANCELLED: call already cancelled
	at org.apache.ratis.thirdparty.io.grpc.Status.asRuntimeException(Status.java:517)
	at org.apache.ratis.thirdparty.io.grpc.stub.ServerCalls$ServerCallStreamObserverImpl.onCompleted(ServerCalls.java:356)
	at org.apache.ratis.grpc.server.GrpcServerProtocolService$ServerRequestStreamObserver.onError(GrpcServerProtocolService.java:121)
	at org.apache.ratis.thirdparty.io.grpc.stub.ServerCalls$StreamingServerCallHandler$StreamingServerCallListener.onCancel(ServerCalls.java:269)
	at org.apache.ratis.thirdparty.io.grpc.internal.ServerCallImpl$ServerStreamListenerImpl.closed(ServerCallImpl.java:293)
	at org.apache.ratis.thirdparty.io.grpc.internal.ServerImpl$JumpToApplicationThreadServerStreamListener$1Closed.runInContext(ServerImpl.java:741)
	at org.apache.ratis.thirdparty.io.grpc.internal.ContextRunnable.run(ContextRunnable.java:37)
	at org.apache.ratis.thirdparty.io.grpc.internal.SerializingExecutor.run(SerializingExecutor.java:123)
	at java.util.concurrent.ThreadPoolExecutor.runWorker(ThreadPoolExecutor.java:1149)
	at java.util.concurrent.ThreadPoolExecutor$Worker.run(ThreadPoolExecutor.java:624)
	at java.lang.Thread.run(Thread.java:748)

Oct 01, 2019 8:18:00 PM org.apache.ratis.thirdparty.io.grpc.internal.SerializingExecutor run
SEVERE: Exception while executing runnable org.apache.ratis.thirdparty.io.grpc.internal.ServerImpl$JumpToApplicationThreadServerStreamListener$1Closed@599781d2
org.apache.ratis.thirdparty.io.grpc.StatusRuntimeException: CANCELLED: call already cancelled
	at org.apache.ratis.thirdparty.io.grpc.Status.asRuntimeException(Status.java:517)
	at org.apache.ratis.thirdparty.io.grpc.stub.ServerCalls$ServerCallStreamObserverImpl.onCompleted(ServerCalls.java:356)
	at org.apache.ratis.grpc.server.GrpcServerProtocolService$ServerRequestStreamObserver.onError(GrpcServerProtocolService.java:121)
	at org.apache.ratis.thirdparty.io.grpc.stub.ServerCalls$StreamingServerCallHandler$StreamingServerCallListener.onCancel(ServerCalls.java:269)
	at org.apache.ratis.thirdparty.io.grpc.internal.ServerCallImpl$ServerStreamListenerImpl.closed(ServerCallImpl.java:293)
	at org.apache.ratis.thirdparty.io.grpc.internal.ServerImpl$JumpToApplicationThreadServerStreamListener$1Closed.runInContext(ServerImpl.java:741)
	at org.apache.ratis.thirdparty.io.grpc.internal.ContextRunnable.run(ContextRunnable.java:37)
	at org.apache.ratis.thirdparty.io.grpc.internal.SerializingExecutor.run(SerializingExecutor.java:123)
	at java.util.concurrent.ThreadPoolExecutor.runWorker(ThreadPoolExecutor.java:1149)
	at java.util.concurrent.ThreadPoolExecutor$Worker.run(ThreadPoolExecutor.java:624)
	at java.lang.Thread.run(Thread.java:748)

]]></system-err>
  </testcase>
  <testcase name="testDeleteDeepEmptyDir" classname="org.apache.hadoop.fs.ozone.contract.ITestOzoneContractDelete" time="0.179"/>
  <testcase name="testDeleteSingleFile" classname="org.apache.hadoop.fs.ozone.contract.ITestOzoneContractDelete" time="180.004">
    <error message="test timed out after 180000 milliseconds" type="java.lang.Exception">java.lang.Exception: test timed out after 180000 milliseconds
	at sun.misc.Unsafe.park(Native Method)
	at java.util.concurrent.locks.LockSupport.park(LockSupport.java:175)
	at java.util.concurrent.CompletableFuture$Signaller.block(CompletableFuture.java:1693)
	at java.util.concurrent.ForkJoinPool.managedBlock(ForkJoinPool.java:3323)
	at java.util.concurrent.CompletableFuture.waitingGet(CompletableFuture.java:1729)
	at java.util.concurrent.CompletableFuture.get(CompletableFuture.java:1895)
	at org.apache.hadoop.hdds.scm.storage.BlockOutputStream.waitOnFlushFutures(BlockOutputStream.java:515)
	at org.apache.hadoop.hdds.scm.storage.BlockOutputStream.handleFlush(BlockOutputStream.java:478)
	at org.apache.hadoop.hdds.scm.storage.BlockOutputStream.close(BlockOutputStream.java:493)
	at org.apache.hadoop.ozone.client.io.BlockOutputStreamEntry.close(BlockOutputStreamEntry.java:143)
	at org.apache.hadoop.ozone.client.io.KeyOutputStream.handleFlushOrClose(KeyOutputStream.java:435)
	at org.apache.hadoop.ozone.client.io.KeyOutputStream.close(KeyOutputStream.java:473)
	at org.apache.hadoop.fs.ozone.OzoneFSOutputStream.close(OzoneFSOutputStream.java:56)
	at org.apache.hadoop.fs.FSDataOutputStream$PositionCache.close(FSDataOutputStream.java:72)
	at org.apache.hadoop.fs.FSDataOutputStream.close(FSDataOutputStream.java:101)
	at org.apache.hadoop.fs.contract.ContractTestUtils.createFile(ContractTestUtils.java:638)
	at org.apache.hadoop.fs.contract.ContractTestUtils.writeTextFile(ContractTestUtils.java:617)
	at org.apache.hadoop.fs.contract.AbstractContractDeleteTest.testDeleteSingleFile(AbstractContractDeleteTest.java:117)
	at sun.reflect.NativeMethodAccessorImpl.invoke0(Native Method)
	at sun.reflect.NativeMethodAccessorImpl.invoke(NativeMethodAccessorImpl.java:62)
	at sun.reflect.DelegatingMethodAccessorImpl.invoke(DelegatingMethodAccessorImpl.java:43)
	at java.lang.reflect.Method.invoke(Method.java:498)
	at org.junit.runners.model.FrameworkMethod$1.runReflectiveCall(FrameworkMethod.java:47)
	at org.junit.internal.runners.model.ReflectiveCallable.run(ReflectiveCallable.java:12)
	at org.junit.runners.model.FrameworkMethod.invokeExplosively(FrameworkMethod.java:44)
	at org.junit.internal.runners.statements.InvokeMethod.evaluate(InvokeMethod.java:17)
	at org.junit.internal.runners.statements.RunBefores.evaluate(RunBefores.java:26)
	at org.junit.internal.runners.statements.RunAfters.evaluate(RunAfters.java:27)
	at org.junit.rules.TestWatcher$1.evaluate(TestWatcher.java:55)
	at org.junit.internal.runners.statements.FailOnTimeout$StatementThread.run(FailOnTimeout.java:74)
</error>
    <system-out><![CDATA[2019-10-01 20:18:35,865 [Thread-646] INFO  rpc.RpcClient (RpcClient.java:createVolume(276)) - Creating Volume: volume35393, with user13055 as owner.
2019-10-01 20:18:35,872 [IPC Server handler 11 on 32937] INFO  volume.OMVolumeCreateRequest (OMVolumeCreateRequest.java:validateAndUpdateCache(194)) - created volume:volume35393 for user:user13055
2019-10-01 20:18:35,876 [Thread-646] INFO  rpc.RpcClient (RpcClient.java:createBucket(415)) - Creating Bucket: volume35393/bucket87074, with Versioning false and Storage Type set to DISK and Encryption set to false 
2019-10-01 20:18:35,925 [Thread-646] INFO  contract.AbstractFSContractTestBase (AbstractFSContractTestBase.java:setup(184)) - Test filesystem = o3fs://bucket87074.volume35393 implemented by OzoneFileSystem{URI=o3fs://bucket87074.volume35393, workingDir=o3fs://bucket87074.volume35393/user/jenkins1000, userName=jenkins1000, statistics=0 bytes read, 14 bytes written, 15 read ops, 0 large read ops, 4 write ops}
2019-10-01 20:18:35,952 [grpc-default-executor-2] INFO  impl.RaftServerProxy (RaftServerProxy.java:addNew(89)) - 28af574d-2172-4d1d-8894-6c49f9cc6298: addNew group-2AB7C805D054:[28af574d-2172-4d1d-8894-6c49f9cc6298:192.168.151.103:43956, dd72838a-f206-4369-be48-6b1e036e4dac:192.168.151.103:34429, c87755eb-8f71-406d-9b39-c7913bad0d26:192.168.151.103:42498] returns group-2AB7C805D054:java.util.concurrent.CompletableFuture@6ae3a9f5[Not completed]
2019-10-01 20:18:35,952 [grpc-default-executor-1] INFO  impl.RaftServerProxy (RaftServerProxy.java:addNew(89)) - c87755eb-8f71-406d-9b39-c7913bad0d26: addNew group-2AB7C805D054:[28af574d-2172-4d1d-8894-6c49f9cc6298:192.168.151.103:43956, dd72838a-f206-4369-be48-6b1e036e4dac:192.168.151.103:34429, c87755eb-8f71-406d-9b39-c7913bad0d26:192.168.151.103:42498] returns group-2AB7C805D054:java.util.concurrent.CompletableFuture@25bb30d9[Not completed]
2019-10-01 20:18:35,954 [grpc-default-executor-4] INFO  impl.RaftServerProxy (RaftServerProxy.java:addNew(89)) - dd72838a-f206-4369-be48-6b1e036e4dac: addNew group-2AB7C805D054:[28af574d-2172-4d1d-8894-6c49f9cc6298:192.168.151.103:43956, dd72838a-f206-4369-be48-6b1e036e4dac:192.168.151.103:34429, c87755eb-8f71-406d-9b39-c7913bad0d26:192.168.151.103:42498] returns group-2AB7C805D054:java.util.concurrent.CompletableFuture@38c2d3b9[Not completed]
2019-10-01 20:18:35,956 [pool-68-thread-1] INFO  impl.RaftServerImpl (RaftServerImpl.java:<init>(95)) - 28af574d-2172-4d1d-8894-6c49f9cc6298: new RaftServerImpl for group-2AB7C805D054:[28af574d-2172-4d1d-8894-6c49f9cc6298:192.168.151.103:43956, dd72838a-f206-4369-be48-6b1e036e4dac:192.168.151.103:34429, c87755eb-8f71-406d-9b39-c7913bad0d26:192.168.151.103:42498] with ContainerStateMachine:uninitialized
2019-10-01 20:18:35,956 [pool-68-thread-1] INFO  server.RaftServerConfigKeys (ConfUtils.java:logGet(43)) - raft.server.rpc.timeout.min = 5s (custom)
2019-10-01 20:18:35,956 [pool-68-thread-1] INFO  server.RaftServerConfigKeys (ConfUtils.java:logGet(43)) - raft.server.rpc.timeout.max = 5200ms (custom)
2019-10-01 20:18:35,956 [pool-68-thread-1] INFO  server.RaftServerConfigKeys (ConfUtils.java:logGet(43)) - raft.server.rpcslowness.timeout = 120s (custom)
2019-10-01 20:18:35,957 [pool-68-thread-1] INFO  server.RaftServerConfigKeys (ConfUtils.java:logGet(43)) - raft.server.sleep.deviation.threshold = 300 (default)
2019-10-01 20:18:35,957 [pool-68-thread-1] INFO  server.RaftServerConfigKeys (ConfUtils.java:logGet(43)) - raft.server.log.appender.install.snapshot.enabled = false (custom)
2019-10-01 20:18:35,957 [pool-68-thread-1] INFO  impl.RaftServerImpl (ServerState.java:<init>(103)) - 28af574d-2172-4d1d-8894-6c49f9cc6298@group-2AB7C805D054: ConfigurationManager, init=-1: [28af574d-2172-4d1d-8894-6c49f9cc6298:192.168.151.103:43956, dd72838a-f206-4369-be48-6b1e036e4dac:192.168.151.103:34429, c87755eb-8f71-406d-9b39-c7913bad0d26:192.168.151.103:42498], old=null, confs=<EMPTY_MAP>
2019-10-01 20:18:35,957 [pool-47-thread-1] INFO  impl.RaftServerImpl (RaftServerImpl.java:<init>(95)) - c87755eb-8f71-406d-9b39-c7913bad0d26: new RaftServerImpl for group-2AB7C805D054:[28af574d-2172-4d1d-8894-6c49f9cc6298:192.168.151.103:43956, dd72838a-f206-4369-be48-6b1e036e4dac:192.168.151.103:34429, c87755eb-8f71-406d-9b39-c7913bad0d26:192.168.151.103:42498] with ContainerStateMachine:uninitialized
2019-10-01 20:18:35,957 [pool-68-thread-1] INFO  server.RaftServerConfigKeys (ConfUtils.java:logGet(43)) - raft.server.storage.dir = [/workdir/hadoop-ozone/ozonefs/target/test-dir/MiniOzoneClusterImpl-cc9961a9-1b1a-49c1-80c6-6d48514b4463/datanode-4/data/ratis] (custom)
2019-10-01 20:18:35,957 [pool-47-thread-1] INFO  server.RaftServerConfigKeys (ConfUtils.java:logGet(43)) - raft.server.rpc.timeout.min = 5s (custom)
2019-10-01 20:18:35,957 [pool-47-thread-1] INFO  server.RaftServerConfigKeys (ConfUtils.java:logGet(43)) - raft.server.rpc.timeout.max = 5200ms (custom)
2019-10-01 20:18:35,958 [pool-47-thread-1] INFO  server.RaftServerConfigKeys (ConfUtils.java:logGet(43)) - raft.server.rpcslowness.timeout = 120s (custom)
2019-10-01 20:18:35,958 [pool-37-thread-1] INFO  impl.RaftServerImpl (RaftServerImpl.java:<init>(95)) - dd72838a-f206-4369-be48-6b1e036e4dac: new RaftServerImpl for group-2AB7C805D054:[28af574d-2172-4d1d-8894-6c49f9cc6298:192.168.151.103:43956, dd72838a-f206-4369-be48-6b1e036e4dac:192.168.151.103:34429, c87755eb-8f71-406d-9b39-c7913bad0d26:192.168.151.103:42498] with ContainerStateMachine:uninitialized
2019-10-01 20:18:35,958 [pool-47-thread-1] INFO  server.RaftServerConfigKeys (ConfUtils.java:logGet(43)) - raft.server.sleep.deviation.threshold = 300 (default)
2019-10-01 20:18:35,958 [pool-68-thread-1] INFO  storage.RaftStorageDirectory (RaftStorageDirectory.java:analyzeStorage(246)) - The storage directory /workdir/hadoop-ozone/ozonefs/target/test-dir/MiniOzoneClusterImpl-cc9961a9-1b1a-49c1-80c6-6d48514b4463/datanode-4/data/ratis/c3cfe72c-e4e7-46d1-ace5-2ab7c805d054 does not exist. Creating ...
2019-10-01 20:18:35,958 [pool-47-thread-1] INFO  server.RaftServerConfigKeys (ConfUtils.java:logGet(43)) - raft.server.log.appender.install.snapshot.enabled = false (custom)
2019-10-01 20:18:35,958 [pool-37-thread-1] INFO  server.RaftServerConfigKeys (ConfUtils.java:logGet(43)) - raft.server.rpc.timeout.min = 5s (custom)
2019-10-01 20:18:35,958 [pool-47-thread-1] INFO  impl.RaftServerImpl (ServerState.java:<init>(103)) - c87755eb-8f71-406d-9b39-c7913bad0d26@group-2AB7C805D054: ConfigurationManager, init=-1: [28af574d-2172-4d1d-8894-6c49f9cc6298:192.168.151.103:43956, dd72838a-f206-4369-be48-6b1e036e4dac:192.168.151.103:34429, c87755eb-8f71-406d-9b39-c7913bad0d26:192.168.151.103:42498], old=null, confs=<EMPTY_MAP>
2019-10-01 20:18:35,958 [pool-37-thread-1] INFO  server.RaftServerConfigKeys (ConfUtils.java:logGet(43)) - raft.server.rpc.timeout.max = 5200ms (custom)
2019-10-01 20:18:35,958 [pool-47-thread-1] INFO  server.RaftServerConfigKeys (ConfUtils.java:logGet(43)) - raft.server.storage.dir = [/workdir/hadoop-ozone/ozonefs/target/test-dir/MiniOzoneClusterImpl-cc9961a9-1b1a-49c1-80c6-6d48514b4463/datanode-2/data/ratis] (custom)
2019-10-01 20:18:35,959 [pool-37-thread-1] INFO  server.RaftServerConfigKeys (ConfUtils.java:logGet(43)) - raft.server.rpcslowness.timeout = 120s (custom)
2019-10-01 20:18:35,959 [pool-37-thread-1] INFO  server.RaftServerConfigKeys (ConfUtils.java:logGet(43)) - raft.server.sleep.deviation.threshold = 300 (default)
2019-10-01 20:18:35,959 [pool-37-thread-1] INFO  server.RaftServerConfigKeys (ConfUtils.java:logGet(43)) - raft.server.log.appender.install.snapshot.enabled = false (custom)
2019-10-01 20:18:35,959 [pool-47-thread-1] INFO  storage.RaftStorageDirectory (RaftStorageDirectory.java:analyzeStorage(246)) - The storage directory /workdir/hadoop-ozone/ozonefs/target/test-dir/MiniOzoneClusterImpl-cc9961a9-1b1a-49c1-80c6-6d48514b4463/datanode-2/data/ratis/c3cfe72c-e4e7-46d1-ace5-2ab7c805d054 does not exist. Creating ...
2019-10-01 20:18:35,959 [pool-37-thread-1] INFO  impl.RaftServerImpl (ServerState.java:<init>(103)) - dd72838a-f206-4369-be48-6b1e036e4dac@group-2AB7C805D054: ConfigurationManager, init=-1: [28af574d-2172-4d1d-8894-6c49f9cc6298:192.168.151.103:43956, dd72838a-f206-4369-be48-6b1e036e4dac:192.168.151.103:34429, c87755eb-8f71-406d-9b39-c7913bad0d26:192.168.151.103:42498], old=null, confs=<EMPTY_MAP>
2019-10-01 20:18:35,959 [pool-37-thread-1] INFO  server.RaftServerConfigKeys (ConfUtils.java:logGet(43)) - raft.server.storage.dir = [/workdir/hadoop-ozone/ozonefs/target/test-dir/MiniOzoneClusterImpl-cc9961a9-1b1a-49c1-80c6-6d48514b4463/datanode-1/data/ratis] (custom)
2019-10-01 20:18:35,960 [pool-37-thread-1] INFO  storage.RaftStorageDirectory (RaftStorageDirectory.java:analyzeStorage(246)) - The storage directory /workdir/hadoop-ozone/ozonefs/target/test-dir/MiniOzoneClusterImpl-cc9961a9-1b1a-49c1-80c6-6d48514b4463/datanode-1/data/ratis/c3cfe72c-e4e7-46d1-ace5-2ab7c805d054 does not exist. Creating ...
2019-10-01 20:18:35,974 [pool-37-thread-1] INFO  storage.RaftStorageDirectory (RaftStorageDirectory.java:tryLock(328)) - Lock on /workdir/hadoop-ozone/ozonefs/target/test-dir/MiniOzoneClusterImpl-cc9961a9-1b1a-49c1-80c6-6d48514b4463/datanode-1/data/ratis/c3cfe72c-e4e7-46d1-ace5-2ab7c805d054/in_use.lock acquired by nodename 29826@pr-trunk-878pl-325597374
2019-10-01 20:18:35,974 [pool-68-thread-1] INFO  storage.RaftStorageDirectory (RaftStorageDirectory.java:tryLock(328)) - Lock on /workdir/hadoop-ozone/ozonefs/target/test-dir/MiniOzoneClusterImpl-cc9961a9-1b1a-49c1-80c6-6d48514b4463/datanode-4/data/ratis/c3cfe72c-e4e7-46d1-ace5-2ab7c805d054/in_use.lock acquired by nodename 29826@pr-trunk-878pl-325597374
2019-10-01 20:18:35,974 [pool-47-thread-1] INFO  storage.RaftStorageDirectory (RaftStorageDirectory.java:tryLock(328)) - Lock on /workdir/hadoop-ozone/ozonefs/target/test-dir/MiniOzoneClusterImpl-cc9961a9-1b1a-49c1-80c6-6d48514b4463/datanode-2/data/ratis/c3cfe72c-e4e7-46d1-ace5-2ab7c805d054/in_use.lock acquired by nodename 29826@pr-trunk-878pl-325597374
2019-10-01 20:18:35,987 [pool-68-thread-1] INFO  storage.RaftStorage (RaftStorage.java:format(72)) - Storage directory /workdir/hadoop-ozone/ozonefs/target/test-dir/MiniOzoneClusterImpl-cc9961a9-1b1a-49c1-80c6-6d48514b4463/datanode-4/data/ratis/c3cfe72c-e4e7-46d1-ace5-2ab7c805d054 has been successfully formatted.
2019-10-01 20:18:35,987 [pool-37-thread-1] INFO  storage.RaftStorage (RaftStorage.java:format(72)) - Storage directory /workdir/hadoop-ozone/ozonefs/target/test-dir/MiniOzoneClusterImpl-cc9961a9-1b1a-49c1-80c6-6d48514b4463/datanode-1/data/ratis/c3cfe72c-e4e7-46d1-ace5-2ab7c805d054 has been successfully formatted.
2019-10-01 20:18:35,987 [pool-47-thread-1] INFO  storage.RaftStorage (RaftStorage.java:format(72)) - Storage directory /workdir/hadoop-ozone/ozonefs/target/test-dir/MiniOzoneClusterImpl-cc9961a9-1b1a-49c1-80c6-6d48514b4463/datanode-2/data/ratis/c3cfe72c-e4e7-46d1-ace5-2ab7c805d054 has been successfully formatted.
2019-10-01 20:18:35,987 [pool-37-thread-1] INFO  ratis.ContainerStateMachine (ContainerStateMachine.java:loadSnapshot(231)) - group-2AB7C805D054: The snapshot info is null. Setting the last applied indexto:(t:0, i:~)
2019-10-01 20:18:35,987 [pool-68-thread-1] INFO  ratis.ContainerStateMachine (ContainerStateMachine.java:loadSnapshot(231)) - group-2AB7C805D054: The snapshot info is null. Setting the last applied indexto:(t:0, i:~)
2019-10-01 20:18:35,988 [pool-47-thread-1] INFO  ratis.ContainerStateMachine (ContainerStateMachine.java:loadSnapshot(231)) - group-2AB7C805D054: The snapshot info is null. Setting the last applied indexto:(t:0, i:~)
2019-10-01 20:18:35,988 [pool-37-thread-1] INFO  server.RaftServerConfigKeys (ConfUtils.java:logGet(43)) - raft.server.notification.no-leader.timeout = 120s (custom)
2019-10-01 20:18:35,988 [pool-47-thread-1] INFO  server.RaftServerConfigKeys (ConfUtils.java:logGet(43)) - raft.server.notification.no-leader.timeout = 120s (custom)
2019-10-01 20:18:35,988 [pool-68-thread-1] INFO  server.RaftServerConfigKeys (ConfUtils.java:logGet(43)) - raft.server.notification.no-leader.timeout = 120s (custom)
2019-10-01 20:18:35,988 [pool-47-thread-1] INFO  server.RaftServerConfigKeys (ConfUtils.java:logGet(43)) - raft.server.log.use.memory = false (default)
2019-10-01 20:18:35,988 [pool-37-thread-1] INFO  server.RaftServerConfigKeys (ConfUtils.java:logGet(43)) - raft.server.log.use.memory = false (default)
2019-10-01 20:18:35,988 [pool-68-thread-1] INFO  server.RaftServerConfigKeys (ConfUtils.java:logGet(43)) - raft.server.log.use.memory = false (default)
2019-10-01 20:18:35,988 [pool-47-thread-1] INFO  server.RaftServerConfigKeys (ConfUtils.java:logGet(43)) - raft.server.log.purge.gap = 1000000 (custom)
2019-10-01 20:18:35,988 [pool-37-thread-1] INFO  server.RaftServerConfigKeys (ConfUtils.java:logGet(43)) - raft.server.log.purge.gap = 1000000 (custom)
2019-10-01 20:18:35,989 [pool-47-thread-1] INFO  server.RaftServerConfigKeys (ConfUtils.java:logGet(43)) - raft.server.log.appender.buffer.byte-limit = 33554432 (custom)
2019-10-01 20:18:35,989 [pool-68-thread-1] INFO  server.RaftServerConfigKeys (ConfUtils.java:logGet(43)) - raft.server.log.purge.gap = 1000000 (custom)
2019-10-01 20:18:35,989 [pool-47-thread-1] INFO  server.RaftServerConfigKeys (ConfUtils.java:logGet(43)) - raft.server.log.segment.size.max = 1048576 (custom)
2019-10-01 20:18:35,989 [pool-37-thread-1] INFO  server.RaftServerConfigKeys (ConfUtils.java:logGet(43)) - raft.server.log.appender.buffer.byte-limit = 33554432 (custom)
2019-10-01 20:18:35,989 [pool-47-thread-1] INFO  server.RaftServerConfigKeys (ConfUtils.java:logGet(43)) - raft.server.log.segment.cache.num.max = 2 (custom)
2019-10-01 20:18:35,989 [pool-68-thread-1] INFO  server.RaftServerConfigKeys (ConfUtils.java:logGet(43)) - raft.server.log.appender.buffer.byte-limit = 33554432 (custom)
2019-10-01 20:18:35,989 [pool-47-thread-1] INFO  segmented.SegmentedRaftLogWorker (SegmentedRaftLogWorker.java:<init>(172)) - new c87755eb-8f71-406d-9b39-c7913bad0d26@group-2AB7C805D054-SegmentedRaftLogWorker for RaftStorage:Storage Directory /workdir/hadoop-ozone/ozonefs/target/test-dir/MiniOzoneClusterImpl-cc9961a9-1b1a-49c1-80c6-6d48514b4463/datanode-2/data/ratis/c3cfe72c-e4e7-46d1-ace5-2ab7c805d054
2019-10-01 20:18:35,989 [pool-37-thread-1] INFO  server.RaftServerConfigKeys (ConfUtils.java:logGet(43)) - raft.server.log.segment.size.max = 1048576 (custom)
2019-10-01 20:18:35,990 [pool-68-thread-1] INFO  server.RaftServerConfigKeys (ConfUtils.java:logGet(43)) - raft.server.log.segment.size.max = 1048576 (custom)
2019-10-01 20:18:35,990 [pool-37-thread-1] INFO  server.RaftServerConfigKeys (ConfUtils.java:logGet(43)) - raft.server.log.segment.cache.num.max = 2 (custom)
2019-10-01 20:18:35,990 [pool-47-thread-1] INFO  server.RaftServerConfigKeys (ConfUtils.java:logGet(43)) - raft.server.log.queue.byte-limit = 2147483647 (custom)
2019-10-01 20:18:35,990 [pool-37-thread-1] INFO  segmented.SegmentedRaftLogWorker (SegmentedRaftLogWorker.java:<init>(172)) - new dd72838a-f206-4369-be48-6b1e036e4dac@group-2AB7C805D054-SegmentedRaftLogWorker for RaftStorage:Storage Directory /workdir/hadoop-ozone/ozonefs/target/test-dir/MiniOzoneClusterImpl-cc9961a9-1b1a-49c1-80c6-6d48514b4463/datanode-1/data/ratis/c3cfe72c-e4e7-46d1-ace5-2ab7c805d054
2019-10-01 20:18:35,990 [pool-68-thread-1] INFO  server.RaftServerConfigKeys (ConfUtils.java:logGet(43)) - raft.server.log.segment.cache.num.max = 2 (custom)
2019-10-01 20:18:35,990 [pool-37-thread-1] INFO  server.RaftServerConfigKeys (ConfUtils.java:logGet(43)) - raft.server.log.queue.byte-limit = 2147483647 (custom)
2019-10-01 20:18:35,990 [pool-47-thread-1] INFO  server.RaftServerConfigKeys (ConfUtils.java:logGet(43)) - raft.server.log.queue.element-limit = 1024 (custom)
2019-10-01 20:18:35,990 [pool-37-thread-1] INFO  server.RaftServerConfigKeys (ConfUtils.java:logGet(43)) - raft.server.log.queue.element-limit = 1024 (custom)
2019-10-01 20:18:35,990 [pool-68-thread-1] INFO  segmented.SegmentedRaftLogWorker (SegmentedRaftLogWorker.java:<init>(172)) - new 28af574d-2172-4d1d-8894-6c49f9cc6298@group-2AB7C805D054-SegmentedRaftLogWorker for RaftStorage:Storage Directory /workdir/hadoop-ozone/ozonefs/target/test-dir/MiniOzoneClusterImpl-cc9961a9-1b1a-49c1-80c6-6d48514b4463/datanode-4/data/ratis/c3cfe72c-e4e7-46d1-ace5-2ab7c805d054
2019-10-01 20:18:35,991 [pool-37-thread-1] INFO  server.RaftServerConfigKeys (ConfUtils.java:logGet(43)) - raft.server.log.segment.size.max = 1048576 (custom)
2019-10-01 20:18:35,991 [pool-47-thread-1] INFO  server.RaftServerConfigKeys (ConfUtils.java:logGet(43)) - raft.server.log.segment.size.max = 1048576 (custom)
2019-10-01 20:18:35,991 [pool-37-thread-1] INFO  server.RaftServerConfigKeys (ConfUtils.java:logGet(43)) - raft.server.log.preallocated.size = 16384 (custom)
2019-10-01 20:18:35,991 [pool-37-thread-1] INFO  server.RaftServerConfigKeys (ConfUtils.java:logGet(43)) - raft.server.log.write.buffer.size = 33554432 (custom)
2019-10-01 20:18:35,991 [pool-68-thread-1] INFO  server.RaftServerConfigKeys (ConfUtils.java:logGet(43)) - raft.server.log.queue.byte-limit = 2147483647 (custom)
2019-10-01 20:18:35,991 [pool-37-thread-1] INFO  server.RaftServerConfigKeys (ConfUtils.java:logGet(43)) - raft.server.log.force.sync.num = 128 (default)
2019-10-01 20:18:35,991 [pool-37-thread-1] INFO  server.RaftServerConfigKeys (ConfUtils.java:logGet(43)) - raft.server.log.statemachine.data.sync = true (default)
2019-10-01 20:18:35,991 [pool-47-thread-1] INFO  server.RaftServerConfigKeys (ConfUtils.java:logGet(43)) - raft.server.log.preallocated.size = 16384 (custom)
2019-10-01 20:18:35,991 [pool-37-thread-1] INFO  server.RaftServerConfigKeys (ConfUtils.java:logGet(43)) - raft.server.log.statemachine.data.sync.timeout = 10s (default)
2019-10-01 20:18:35,991 [pool-68-thread-1] INFO  server.RaftServerConfigKeys (ConfUtils.java:logGet(43)) - raft.server.log.queue.element-limit = 1024 (custom)
2019-10-01 20:18:35,992 [pool-37-thread-1] INFO  server.RaftServerConfigKeys (ConfUtils.java:logGet(43)) - raft.server.log.statemachine.data.sync.timeout.retry = -1 (default)
2019-10-01 20:18:35,992 [pool-47-thread-1] INFO  server.RaftServerConfigKeys (ConfUtils.java:logGet(43)) - raft.server.log.write.buffer.size = 33554432 (custom)
2019-10-01 20:18:35,992 [pool-37-thread-1] INFO  server.RaftServerConfigKeys (ConfUtils.java:logGet(43)) - raft.server.log.statemachine.data.caching.enabled = true (custom)
2019-10-01 20:18:35,992 [pool-68-thread-1] INFO  server.RaftServerConfigKeys (ConfUtils.java:logGet(43)) - raft.server.log.segment.size.max = 1048576 (custom)
2019-10-01 20:18:35,992 [pool-47-thread-1] INFO  server.RaftServerConfigKeys (ConfUtils.java:logGet(43)) - raft.server.log.force.sync.num = 128 (default)
2019-10-01 20:18:35,992 [pool-37-thread-1] INFO  segmented.SegmentedRaftLogWorker (SegmentedRaftLogWorker.java:lambda$new$0(132)) - dd72838a-f206-4369-be48-6b1e036e4dac@group-2AB7C805D054-SegmentedRaftLogWorker: flushIndex: setUnconditionally 0 -> -1
2019-10-01 20:18:35,992 [pool-68-thread-1] INFO  server.RaftServerConfigKeys (ConfUtils.java:logGet(43)) - raft.server.log.preallocated.size = 16384 (custom)
2019-10-01 20:18:35,992 [pool-47-thread-1] INFO  server.RaftServerConfigKeys (ConfUtils.java:logGet(43)) - raft.server.log.statemachine.data.sync = true (default)
2019-10-01 20:18:35,993 [pool-37-thread-1] INFO  server.RaftServerConfigKeys (ConfUtils.java:logGet(43)) - raft.server.snapshot.auto.trigger.enabled = true (custom)
2019-10-01 20:18:35,993 [pool-68-thread-1] INFO  server.RaftServerConfigKeys (ConfUtils.java:logGet(43)) - raft.server.log.write.buffer.size = 33554432 (custom)
2019-10-01 20:18:35,993 [pool-37-thread-1] INFO  server.RaftServerConfigKeys (ConfUtils.java:logGet(43)) - raft.server.snapshot.auto.trigger.threshold = 10000 (custom)
2019-10-01 20:18:35,993 [pool-47-thread-1] INFO  server.RaftServerConfigKeys (ConfUtils.java:logGet(43)) - raft.server.log.statemachine.data.sync.timeout = 10s (default)
2019-10-01 20:18:35,993 [pool-37-thread-1] INFO  server.RaftServerConfigKeys (ConfUtils.java:logGet(43)) - raft.server.snapshot.retention.num.files = 5 (custom)
2019-10-01 20:18:35,993 [pool-68-thread-1] INFO  server.RaftServerConfigKeys (ConfUtils.java:logGet(43)) - raft.server.log.force.sync.num = 128 (default)
2019-10-01 20:18:35,993 [pool-37-thread-1] INFO  server.RaftServerConfigKeys (ConfUtils.java:logGet(43)) - raft.server.retrycache.expirytime = 600000ms (custom)
2019-10-01 20:18:35,993 [pool-47-thread-1] INFO  server.RaftServerConfigKeys (ConfUtils.java:logGet(43)) - raft.server.log.statemachine.data.sync.timeout.retry = -1 (default)
2019-10-01 20:18:35,993 [pool-68-thread-1] INFO  server.RaftServerConfigKeys (ConfUtils.java:logGet(43)) - raft.server.log.statemachine.data.sync = true (default)
2019-10-01 20:18:35,994 [pool-47-thread-1] INFO  server.RaftServerConfigKeys (ConfUtils.java:logGet(43)) - raft.server.log.statemachine.data.caching.enabled = true (custom)
2019-10-01 20:18:35,994 [pool-68-thread-1] INFO  server.RaftServerConfigKeys (ConfUtils.java:logGet(43)) - raft.server.log.statemachine.data.sync.timeout = 10s (default)
2019-10-01 20:18:35,994 [pool-68-thread-1] INFO  server.RaftServerConfigKeys (ConfUtils.java:logGet(43)) - raft.server.log.statemachine.data.sync.timeout.retry = -1 (default)
2019-10-01 20:18:35,994 [pool-47-thread-1] INFO  segmented.SegmentedRaftLogWorker (SegmentedRaftLogWorker.java:lambda$new$0(132)) - c87755eb-8f71-406d-9b39-c7913bad0d26@group-2AB7C805D054-SegmentedRaftLogWorker: flushIndex: setUnconditionally 0 -> -1
2019-10-01 20:18:35,994 [pool-68-thread-1] INFO  server.RaftServerConfigKeys (ConfUtils.java:logGet(43)) - raft.server.log.statemachine.data.caching.enabled = true (custom)
2019-10-01 20:18:35,994 [pool-47-thread-1] INFO  server.RaftServerConfigKeys (ConfUtils.java:logGet(43)) - raft.server.snapshot.auto.trigger.enabled = true (custom)
2019-10-01 20:18:35,994 [pool-68-thread-1] INFO  segmented.SegmentedRaftLogWorker (SegmentedRaftLogWorker.java:lambda$new$0(132)) - 28af574d-2172-4d1d-8894-6c49f9cc6298@group-2AB7C805D054-SegmentedRaftLogWorker: flushIndex: setUnconditionally 0 -> -1
2019-10-01 20:18:35,994 [pool-47-thread-1] INFO  server.RaftServerConfigKeys (ConfUtils.java:logGet(43)) - raft.server.snapshot.auto.trigger.threshold = 10000 (custom)
2019-10-01 20:18:35,995 [pool-68-thread-1] INFO  server.RaftServerConfigKeys (ConfUtils.java:logGet(43)) - raft.server.snapshot.auto.trigger.enabled = true (custom)
2019-10-01 20:18:35,995 [pool-47-thread-1] INFO  server.RaftServerConfigKeys (ConfUtils.java:logGet(43)) - raft.server.snapshot.retention.num.files = 5 (custom)
2019-10-01 20:18:35,995 [pool-68-thread-1] INFO  server.RaftServerConfigKeys (ConfUtils.java:logGet(43)) - raft.server.snapshot.auto.trigger.threshold = 10000 (custom)
2019-10-01 20:18:35,995 [pool-47-thread-1] INFO  server.RaftServerConfigKeys (ConfUtils.java:logGet(43)) - raft.server.retrycache.expirytime = 600000ms (custom)
2019-10-01 20:18:35,995 [pool-68-thread-1] INFO  server.RaftServerConfigKeys (ConfUtils.java:logGet(43)) - raft.server.snapshot.retention.num.files = 5 (custom)
2019-10-01 20:18:35,995 [pool-68-thread-1] INFO  server.RaftServerConfigKeys (ConfUtils.java:logGet(43)) - raft.server.retrycache.expirytime = 600000ms (custom)
2019-10-01 20:18:35,996 [pool-37-thread-1] INFO  impl.RaftServerImpl (RaftServerImpl.java:start(185)) - dd72838a-f206-4369-be48-6b1e036e4dac@group-2AB7C805D054: start as a follower, conf=-1: [28af574d-2172-4d1d-8894-6c49f9cc6298:192.168.151.103:43956, dd72838a-f206-4369-be48-6b1e036e4dac:192.168.151.103:34429, c87755eb-8f71-406d-9b39-c7913bad0d26:192.168.151.103:42498], old=null
2019-10-01 20:18:35,996 [pool-37-thread-1] INFO  impl.RaftServerImpl (RaftServerImpl.java:setRole(174)) - dd72838a-f206-4369-be48-6b1e036e4dac@group-2AB7C805D054: changes role from      null to FOLLOWER at term 0 for startAsFollower
2019-10-01 20:18:35,996 [pool-37-thread-1] INFO  impl.RoleInfo (RoleInfo.java:updateAndGet(143)) - dd72838a-f206-4369-be48-6b1e036e4dac: start FollowerState
2019-10-01 20:18:35,996 [pool-37-thread-1] INFO  util.JmxRegister (JmxRegister.java:tryRegister(44)) - Successfully registered JMX Bean with object name Ratis:service=RaftServer,group=group-2AB7C805D054,id=dd72838a-f206-4369-be48-6b1e036e4dac
2019-10-01 20:18:35,998 [pool-47-thread-1] INFO  impl.RaftServerImpl (RaftServerImpl.java:start(185)) - c87755eb-8f71-406d-9b39-c7913bad0d26@group-2AB7C805D054: start as a follower, conf=-1: [28af574d-2172-4d1d-8894-6c49f9cc6298:192.168.151.103:43956, dd72838a-f206-4369-be48-6b1e036e4dac:192.168.151.103:34429, c87755eb-8f71-406d-9b39-c7913bad0d26:192.168.151.103:42498], old=null
2019-10-01 20:18:35,998 [pool-68-thread-1] INFO  impl.RaftServerImpl (RaftServerImpl.java:start(185)) - 28af574d-2172-4d1d-8894-6c49f9cc6298@group-2AB7C805D054: start as a follower, conf=-1: [28af574d-2172-4d1d-8894-6c49f9cc6298:192.168.151.103:43956, dd72838a-f206-4369-be48-6b1e036e4dac:192.168.151.103:34429, c87755eb-8f71-406d-9b39-c7913bad0d26:192.168.151.103:42498], old=null
2019-10-01 20:18:35,999 [pool-47-thread-1] INFO  impl.RaftServerImpl (RaftServerImpl.java:setRole(174)) - c87755eb-8f71-406d-9b39-c7913bad0d26@group-2AB7C805D054: changes role from      null to FOLLOWER at term 0 for startAsFollower
2019-10-01 20:18:35,999 [pool-68-thread-1] INFO  impl.RaftServerImpl (RaftServerImpl.java:setRole(174)) - 28af574d-2172-4d1d-8894-6c49f9cc6298@group-2AB7C805D054: changes role from      null to FOLLOWER at term 0 for startAsFollower
2019-10-01 20:18:35,999 [pool-47-thread-1] INFO  impl.RoleInfo (RoleInfo.java:updateAndGet(143)) - c87755eb-8f71-406d-9b39-c7913bad0d26: start FollowerState
2019-10-01 20:18:35,999 [pool-68-thread-1] INFO  impl.RoleInfo (RoleInfo.java:updateAndGet(143)) - 28af574d-2172-4d1d-8894-6c49f9cc6298: start FollowerState
2019-10-01 20:18:35,999 [pool-47-thread-1] INFO  util.JmxRegister (JmxRegister.java:tryRegister(44)) - Successfully registered JMX Bean with object name Ratis:service=RaftServer,group=group-2AB7C805D054,id=c87755eb-8f71-406d-9b39-c7913bad0d26
2019-10-01 20:18:35,999 [pool-68-thread-1] INFO  util.JmxRegister (JmxRegister.java:tryRegister(44)) - Successfully registered JMX Bean with object name Ratis:service=RaftServer,group=group-2AB7C805D054,id=28af574d-2172-4d1d-8894-6c49f9cc6298
2019-10-01 20:18:36,000 [grpc-default-worker-ELG-3-3] WARN  nio.NioEventLoop (NioEventLoop.java:select(786)) - Selector.select() returned prematurely {} times in a row; rebuilding Selector {}.
2019-10-01 20:18:36,000 [grpc-default-worker-ELG-3-3] INFO  nio.NioEventLoop (NioEventLoop.java:rebuildSelector0(396)) - Migrated 4 channel(s) to the new Selector.
2019-10-01 20:18:36,002 [IPC Server handler 1 on 44769] INFO  pipeline.PipelineStateManager (PipelineStateManager.java:addPipeline(56)) - Created pipeline Pipeline[ Id: c3cfe72c-e4e7-46d1-ace5-2ab7c805d054, Nodes: dd72838a-f206-4369-be48-6b1e036e4dac{ip: 192.168.151.103, host: pr-trunk-878pl-325597374, networkLocation: /default-rack, certSerialId: null}c87755eb-8f71-406d-9b39-c7913bad0d26{ip: 192.168.151.103, host: pr-trunk-878pl-325597374, networkLocation: /default-rack, certSerialId: null}28af574d-2172-4d1d-8894-6c49f9cc6298{ip: 192.168.151.103, host: pr-trunk-878pl-325597374, networkLocation: /default-rack, certSerialId: null}, Type:RATIS, Factor:THREE, State:OPEN]
2019-10-01 20:18:41,138 [Thread-655] INFO  impl.FollowerState (FollowerState.java:run(106)) - 28af574d-2172-4d1d-8894-6c49f9cc6298:group-2AB7C805D054 changes to CANDIDATE, lastRpcTime:5139, electionTimeout:5139ms
2019-10-01 20:18:41,139 [Thread-655] INFO  impl.RoleInfo (RoleInfo.java:shutdownFollowerState(121)) - 28af574d-2172-4d1d-8894-6c49f9cc6298: shutdown FollowerState
2019-10-01 20:18:41,139 [Thread-655] INFO  impl.RaftServerImpl (RaftServerImpl.java:setRole(174)) - 28af574d-2172-4d1d-8894-6c49f9cc6298@group-2AB7C805D054: changes role from  FOLLOWER to CANDIDATE at term 0 for changeToCandidate
2019-10-01 20:18:41,139 [Thread-655] INFO  impl.RoleInfo (RoleInfo.java:updateAndGet(143)) - 28af574d-2172-4d1d-8894-6c49f9cc6298: start LeaderElection
2019-10-01 20:18:41,157 [28af574d-2172-4d1d-8894-6c49f9cc6298@group-2AB7C805D054:LeaderElection12] INFO  impl.LeaderElection (LeaderElection.java:askForVotes(182)) - 28af574d-2172-4d1d-8894-6c49f9cc6298@group-2AB7C805D054:LeaderElection12: begin an election at term 1 for -1: [28af574d-2172-4d1d-8894-6c49f9cc6298:192.168.151.103:43956, dd72838a-f206-4369-be48-6b1e036e4dac:192.168.151.103:34429, c87755eb-8f71-406d-9b39-c7913bad0d26:192.168.151.103:42498], old=null
2019-10-01 20:18:41,158 [Thread-652] INFO  impl.FollowerState (FollowerState.java:run(106)) - dd72838a-f206-4369-be48-6b1e036e4dac:group-2AB7C805D054 changes to CANDIDATE, lastRpcTime:5161, electionTimeout:5161ms
2019-10-01 20:18:41,158 [Thread-652] INFO  impl.RoleInfo (RoleInfo.java:shutdownFollowerState(121)) - dd72838a-f206-4369-be48-6b1e036e4dac: shutdown FollowerState
2019-10-01 20:18:41,158 [Thread-652] INFO  impl.RaftServerImpl (RaftServerImpl.java:setRole(174)) - dd72838a-f206-4369-be48-6b1e036e4dac@group-2AB7C805D054: changes role from  FOLLOWER to CANDIDATE at term 0 for changeToCandidate
2019-10-01 20:18:41,159 [Thread-652] INFO  impl.RoleInfo (RoleInfo.java:updateAndGet(143)) - dd72838a-f206-4369-be48-6b1e036e4dac: start LeaderElection
2019-10-01 20:18:41,166 [grpc-default-executor-1] INFO  impl.RaftServerImpl (RaftServerImpl.java:setRole(174)) - c87755eb-8f71-406d-9b39-c7913bad0d26@group-2AB7C805D054: changes role from  FOLLOWER to FOLLOWER at term 1 for recognizeCandidate:28af574d-2172-4d1d-8894-6c49f9cc6298
2019-10-01 20:18:41,166 [grpc-default-executor-1] INFO  impl.RoleInfo (RoleInfo.java:shutdownFollowerState(121)) - c87755eb-8f71-406d-9b39-c7913bad0d26: shutdown FollowerState
2019-10-01 20:18:41,167 [grpc-default-executor-1] INFO  impl.RoleInfo (RoleInfo.java:updateAndGet(143)) - c87755eb-8f71-406d-9b39-c7913bad0d26: start FollowerState
2019-10-01 20:18:41,167 [Thread-654] INFO  impl.FollowerState (FollowerState.java:run(115)) - c87755eb-8f71-406d-9b39-c7913bad0d26: FollowerState was interrupted: java.lang.InterruptedException: sleep interrupted
2019-10-01 20:18:41,175 [dd72838a-f206-4369-be48-6b1e036e4dac@group-2AB7C805D054:LeaderElection13] INFO  impl.LeaderElection (LeaderElection.java:askForVotes(182)) - dd72838a-f206-4369-be48-6b1e036e4dac@group-2AB7C805D054:LeaderElection13: begin an election at term 1 for -1: [28af574d-2172-4d1d-8894-6c49f9cc6298:192.168.151.103:43956, dd72838a-f206-4369-be48-6b1e036e4dac:192.168.151.103:34429, c87755eb-8f71-406d-9b39-c7913bad0d26:192.168.151.103:42498], old=null
2019-10-01 20:18:41,176 [28af574d-2172-4d1d-8894-6c49f9cc6298@group-2AB7C805D054:LeaderElection12] INFO  impl.LeaderElection (LeaderElection.java:logAndReturn(56)) - 28af574d-2172-4d1d-8894-6c49f9cc6298@group-2AB7C805D054:LeaderElection12: Election PASSED; received 1 response(s) [28af574d-2172-4d1d-8894-6c49f9cc6298<-c87755eb-8f71-406d-9b39-c7913bad0d26#0:OK-t1] and 0 exception(s); 28af574d-2172-4d1d-8894-6c49f9cc6298@group-2AB7C805D054:t1, leader=null, voted=28af574d-2172-4d1d-8894-6c49f9cc6298, raftlog=28af574d-2172-4d1d-8894-6c49f9cc6298@group-2AB7C805D054-SegmentedRaftLog:OPENED:c-1,f-1,i0, conf=-1: [28af574d-2172-4d1d-8894-6c49f9cc6298:192.168.151.103:43956, dd72838a-f206-4369-be48-6b1e036e4dac:192.168.151.103:34429, c87755eb-8f71-406d-9b39-c7913bad0d26:192.168.151.103:42498], old=null
2019-10-01 20:18:41,176 [28af574d-2172-4d1d-8894-6c49f9cc6298@group-2AB7C805D054:LeaderElection12] INFO  impl.RoleInfo (RoleInfo.java:shutdownLeaderElection(134)) - 28af574d-2172-4d1d-8894-6c49f9cc6298: shutdown LeaderElection
2019-10-01 20:18:41,181 [28af574d-2172-4d1d-8894-6c49f9cc6298@group-2AB7C805D054:LeaderElection12] INFO  impl.RaftServerImpl (RaftServerImpl.java:setRole(174)) - 28af574d-2172-4d1d-8894-6c49f9cc6298@group-2AB7C805D054: changes role from CANDIDATE to LEADER at term 1 for changeToLeader
2019-10-01 20:18:41,181 [28af574d-2172-4d1d-8894-6c49f9cc6298@group-2AB7C805D054:LeaderElection12] INFO  impl.RaftServerImpl (ServerState.java:setLeader(253)) - 28af574d-2172-4d1d-8894-6c49f9cc6298@group-2AB7C805D054: change Leader from null to 28af574d-2172-4d1d-8894-6c49f9cc6298 at term 1 for becomeLeader, leader elected after 5193ms
2019-10-01 20:18:41,184 [28af574d-2172-4d1d-8894-6c49f9cc6298@group-2AB7C805D054:LeaderElection12] INFO  server.RaftServerConfigKeys (ConfUtils.java:logGet(43)) - raft.server.staging.catchup.gap = 1000 (default)
2019-10-01 20:18:41,186 [28af574d-2172-4d1d-8894-6c49f9cc6298@group-2AB7C805D054:LeaderElection12] INFO  server.RaftServerConfigKeys (ConfUtils.java:logGet(43)) - raft.server.rpc.sleep.time = 25ms (default)
2019-10-01 20:18:41,186 [28af574d-2172-4d1d-8894-6c49f9cc6298@group-2AB7C805D054:LeaderElection12] INFO  server.RaftServerConfigKeys (ConfUtils.java:logGet(43)) - raft.server.write.element-limit = 4096 (default)
2019-10-01 20:18:41,186 [28af574d-2172-4d1d-8894-6c49f9cc6298@group-2AB7C805D054:LeaderElection12] INFO  server.RaftServerConfigKeys (ConfUtils.java:logGet(43)) - raft.server.watch.timeout = 10s (default)
2019-10-01 20:18:41,186 [28af574d-2172-4d1d-8894-6c49f9cc6298@group-2AB7C805D054:LeaderElection12] INFO  server.RaftServerConfigKeys (ConfUtils.java:logGet(43)) - raft.server.watch.timeout.denomination = 1s (default)
2019-10-01 20:18:41,186 [28af574d-2172-4d1d-8894-6c49f9cc6298@group-2AB7C805D054:LeaderElection12] INFO  server.RaftServerConfigKeys (ConfUtils.java:logGet(43)) - raft.server.watch.element-limit = 65536 (default)
2019-10-01 20:18:41,189 [28af574d-2172-4d1d-8894-6c49f9cc6298@group-2AB7C805D054:LeaderElection12] INFO  server.RaftServerConfigKeys (ConfUtils.java:logGet(43)) - raft.server.log.appender.snapshot.chunk.size.max = 16MB (=16777216) (default)
2019-10-01 20:18:41,190 [28af574d-2172-4d1d-8894-6c49f9cc6298@group-2AB7C805D054:LeaderElection12] INFO  server.RaftServerConfigKeys (ConfUtils.java:logGet(43)) - raft.server.log.appender.buffer.byte-limit = 33554432 (custom)
2019-10-01 20:18:41,190 [28af574d-2172-4d1d-8894-6c49f9cc6298@group-2AB7C805D054:LeaderElection12] INFO  server.RaftServerConfigKeys (ConfUtils.java:logGet(43)) - raft.server.log.appender.buffer.element-limit = 1 (custom)
2019-10-01 20:18:41,190 [28af574d-2172-4d1d-8894-6c49f9cc6298@group-2AB7C805D054:LeaderElection12] INFO  grpc.GrpcConfigKeys$Server (ConfUtils.java:logGet(43)) - raft.grpc.server.leader.outstanding.appends.max = 128 (default)
2019-10-01 20:18:41,190 [28af574d-2172-4d1d-8894-6c49f9cc6298@group-2AB7C805D054:LeaderElection12] INFO  server.RaftServerConfigKeys (ConfUtils.java:logGet(43)) - raft.server.rpc.request.timeout = 3000ms (default)
2019-10-01 20:18:41,190 [28af574d-2172-4d1d-8894-6c49f9cc6298@group-2AB7C805D054:LeaderElection12] INFO  server.RaftServerConfigKeys (ConfUtils.java:logGet(43)) - raft.server.log.appender.install.snapshot.enabled = false (custom)
2019-10-01 20:18:41,190 [28af574d-2172-4d1d-8894-6c49f9cc6298@group-2AB7C805D054:LeaderElection12] INFO  server.RaftServerConfigKeys (ConfUtils.java:logGet(43)) - raft.server.log.appender.snapshot.chunk.size.max = 16MB (=16777216) (default)
2019-10-01 20:18:41,190 [28af574d-2172-4d1d-8894-6c49f9cc6298@group-2AB7C805D054:LeaderElection12] INFO  server.RaftServerConfigKeys (ConfUtils.java:logGet(43)) - raft.server.log.appender.buffer.byte-limit = 33554432 (custom)
2019-10-01 20:18:41,190 [28af574d-2172-4d1d-8894-6c49f9cc6298@group-2AB7C805D054:LeaderElection12] INFO  server.RaftServerConfigKeys (ConfUtils.java:logGet(43)) - raft.server.log.appender.buffer.element-limit = 1 (custom)
2019-10-01 20:18:41,191 [28af574d-2172-4d1d-8894-6c49f9cc6298@group-2AB7C805D054:LeaderElection12] INFO  grpc.GrpcConfigKeys$Server (ConfUtils.java:logGet(43)) - raft.grpc.server.leader.outstanding.appends.max = 128 (default)
2019-10-01 20:18:41,191 [28af574d-2172-4d1d-8894-6c49f9cc6298@group-2AB7C805D054:LeaderElection12] INFO  server.RaftServerConfigKeys (ConfUtils.java:logGet(43)) - raft.server.rpc.request.timeout = 3000ms (default)
2019-10-01 20:18:41,191 [28af574d-2172-4d1d-8894-6c49f9cc6298@group-2AB7C805D054:LeaderElection12] INFO  server.RaftServerConfigKeys (ConfUtils.java:logGet(43)) - raft.server.log.appender.install.snapshot.enabled = false (custom)
2019-10-01 20:18:41,191 [28af574d-2172-4d1d-8894-6c49f9cc6298@group-2AB7C805D054:LeaderElection12] INFO  impl.RoleInfo (RoleInfo.java:updateAndGet(143)) - 28af574d-2172-4d1d-8894-6c49f9cc6298: start LeaderState
2019-10-01 20:18:41,191 [28af574d-2172-4d1d-8894-6c49f9cc6298@group-2AB7C805D054:LeaderElection12] INFO  segmented.SegmentedRaftLogWorker (SegmentedRaftLogWorker.java:startLogSegment(380)) - 28af574d-2172-4d1d-8894-6c49f9cc6298@group-2AB7C805D054-SegmentedRaftLogWorker: Starting segment from index:0
2019-10-01 20:18:41,192 [28af574d-2172-4d1d-8894-6c49f9cc6298@group-2AB7C805D054:LeaderElection12] INFO  impl.RaftServerImpl (ServerState.java:setRaftConf(354)) - 28af574d-2172-4d1d-8894-6c49f9cc6298@group-2AB7C805D054: set configuration 0: [28af574d-2172-4d1d-8894-6c49f9cc6298:192.168.151.103:43956, dd72838a-f206-4369-be48-6b1e036e4dac:192.168.151.103:34429, c87755eb-8f71-406d-9b39-c7913bad0d26:192.168.151.103:42498], old=null at 0
2019-10-01 20:18:41,217 [grpc-default-executor-1] INFO  impl.RaftServerImpl (RaftServerImpl.java:requestVote(758)) - 28af574d-2172-4d1d-8894-6c49f9cc6298@group-2AB7C805D054-   LEADER: Withhold vote from candidate dd72838a-f206-4369-be48-6b1e036e4dac with term 1. State: leader=28af574d-2172-4d1d-8894-6c49f9cc6298, term=1, lastRpcElapsed=null
2019-10-01 20:18:41,219 [grpc-default-executor-4] INFO  impl.RaftServerImpl (RaftServerImpl.java:setRole(174)) - dd72838a-f206-4369-be48-6b1e036e4dac@group-2AB7C805D054: changes role from CANDIDATE to FOLLOWER at term 1 for appendEntries
2019-10-01 20:18:41,219 [grpc-default-executor-1] INFO  impl.RaftServerImpl (ServerState.java:setLeader(253)) - c87755eb-8f71-406d-9b39-c7913bad0d26@group-2AB7C805D054: change Leader from null to 28af574d-2172-4d1d-8894-6c49f9cc6298 at term 1 for appendEntries, leader elected after 5231ms
2019-10-01 20:18:41,219 [dd72838a-f206-4369-be48-6b1e036e4dac@group-2AB7C805D054:LeaderElection13] INFO  impl.LeaderElection (LeaderElection.java:logAndReturn(56)) - dd72838a-f206-4369-be48-6b1e036e4dac@group-2AB7C805D054:LeaderElection13: Election REJECTED; received 2 response(s) [dd72838a-f206-4369-be48-6b1e036e4dac<-28af574d-2172-4d1d-8894-6c49f9cc6298#0:FAIL-t1, dd72838a-f206-4369-be48-6b1e036e4dac<-c87755eb-8f71-406d-9b39-c7913bad0d26#0:FAIL-t1] and 0 exception(s); dd72838a-f206-4369-be48-6b1e036e4dac@group-2AB7C805D054:t1, leader=null, voted=dd72838a-f206-4369-be48-6b1e036e4dac, raftlog=dd72838a-f206-4369-be48-6b1e036e4dac@group-2AB7C805D054-SegmentedRaftLog:OPENED:c-1,f-1,i0, conf=-1: [28af574d-2172-4d1d-8894-6c49f9cc6298:192.168.151.103:43956, dd72838a-f206-4369-be48-6b1e036e4dac:192.168.151.103:34429, c87755eb-8f71-406d-9b39-c7913bad0d26:192.168.151.103:42498], old=null
2019-10-01 20:18:41,219 [grpc-default-executor-4] INFO  impl.RoleInfo (RoleInfo.java:shutdownLeaderElection(134)) - dd72838a-f206-4369-be48-6b1e036e4dac: shutdown LeaderElection
2019-10-01 20:18:41,220 [grpc-default-executor-4] INFO  impl.RoleInfo (RoleInfo.java:updateAndGet(143)) - dd72838a-f206-4369-be48-6b1e036e4dac: start FollowerState
2019-10-01 20:18:41,220 [grpc-default-executor-4] INFO  impl.RaftServerImpl (ServerState.java:setLeader(253)) - dd72838a-f206-4369-be48-6b1e036e4dac@group-2AB7C805D054: change Leader from null to 28af574d-2172-4d1d-8894-6c49f9cc6298 at term 1 for appendEntries, leader elected after 5232ms
2019-10-01 20:18:41,221 [grpc-default-executor-1] INFO  impl.RaftServerImpl (ServerState.java:setRaftConf(354)) - c87755eb-8f71-406d-9b39-c7913bad0d26@group-2AB7C805D054: set configuration 0: [28af574d-2172-4d1d-8894-6c49f9cc6298:192.168.151.103:43956, dd72838a-f206-4369-be48-6b1e036e4dac:192.168.151.103:34429, c87755eb-8f71-406d-9b39-c7913bad0d26:192.168.151.103:42498], old=null at 0
2019-10-01 20:18:41,223 [grpc-default-executor-1] INFO  segmented.SegmentedRaftLogWorker (SegmentedRaftLogWorker.java:startLogSegment(380)) - c87755eb-8f71-406d-9b39-c7913bad0d26@group-2AB7C805D054-SegmentedRaftLogWorker: Starting segment from index:0
2019-10-01 20:18:41,223 [grpc-default-executor-4] INFO  impl.RaftServerImpl (ServerState.java:setRaftConf(354)) - dd72838a-f206-4369-be48-6b1e036e4dac@group-2AB7C805D054: set configuration 0: [28af574d-2172-4d1d-8894-6c49f9cc6298:192.168.151.103:43956, dd72838a-f206-4369-be48-6b1e036e4dac:192.168.151.103:34429, c87755eb-8f71-406d-9b39-c7913bad0d26:192.168.151.103:42498], old=null at 0
2019-10-01 20:18:41,224 [grpc-default-executor-4] INFO  segmented.SegmentedRaftLogWorker (SegmentedRaftLogWorker.java:startLogSegment(380)) - dd72838a-f206-4369-be48-6b1e036e4dac@group-2AB7C805D054-SegmentedRaftLogWorker: Starting segment from index:0
2019-10-01 20:18:41,230 [28af574d-2172-4d1d-8894-6c49f9cc6298@group-2AB7C805D054-SegmentedRaftLogWorker] INFO  segmented.SegmentedRaftLogWorker (SegmentedRaftLogWorker.java:execute(569)) - 28af574d-2172-4d1d-8894-6c49f9cc6298@group-2AB7C805D054-SegmentedRaftLogWorker: created new log segment /workdir/hadoop-ozone/ozonefs/target/test-dir/MiniOzoneClusterImpl-cc9961a9-1b1a-49c1-80c6-6d48514b4463/datanode-4/data/ratis/c3cfe72c-e4e7-46d1-ace5-2ab7c805d054/current/log_inprogress_0
2019-10-01 20:18:41,259 [dd72838a-f206-4369-be48-6b1e036e4dac@group-2AB7C805D054-SegmentedRaftLogWorker] INFO  segmented.SegmentedRaftLogWorker (SegmentedRaftLogWorker.java:execute(569)) - dd72838a-f206-4369-be48-6b1e036e4dac@group-2AB7C805D054-SegmentedRaftLogWorker: created new log segment /workdir/hadoop-ozone/ozonefs/target/test-dir/MiniOzoneClusterImpl-cc9961a9-1b1a-49c1-80c6-6d48514b4463/datanode-1/data/ratis/c3cfe72c-e4e7-46d1-ace5-2ab7c805d054/current/log_inprogress_0
2019-10-01 20:18:41,259 [c87755eb-8f71-406d-9b39-c7913bad0d26@group-2AB7C805D054-SegmentedRaftLogWorker] INFO  segmented.SegmentedRaftLogWorker (SegmentedRaftLogWorker.java:execute(569)) - c87755eb-8f71-406d-9b39-c7913bad0d26@group-2AB7C805D054-SegmentedRaftLogWorker: created new log segment /workdir/hadoop-ozone/ozonefs/target/test-dir/MiniOzoneClusterImpl-cc9961a9-1b1a-49c1-80c6-6d48514b4463/datanode-2/data/ratis/c3cfe72c-e4e7-46d1-ace5-2ab7c805d054/current/log_inprogress_0
2019-10-01 20:18:42,295 [pool-67-thread-4] ERROR impl.ChunkManagerImpl (ChunkUtils.java:writeData(89)) - data array does not match the length specified. DataLen: 26 Byte Array: 182
2019-10-01 20:18:42,295 [pool-67-thread-4] INFO  keyvalue.KeyValueHandler (ContainerUtils.java:logAndReturnError(146)) - Operation: WriteChunk : Trace ID: 3201a182622231e2:3201a182622231e2:0:0 : Message: data array does not match the length specified. DataLen: 26 Byte Array: 182 : Result: INVALID_WRITE_SIZE
2019-10-01 20:18:42,324 [EventQueue-IncrementalContainerReportForIncrementalContainerReportHandler] WARN  container.IncrementalContainerReportHandler (AbstractContainerReportHandler.java:updateContainerState(143)) - Container #4 is in OPEN state, but the datanode 28af574d-2172-4d1d-8894-6c49f9cc6298{ip: 192.168.151.103, host: pr-trunk-878pl-325597374, networkLocation: /default-rack, certSerialId: null} reports an UNHEALTHY replica.
20:18:42.323 [pool-67-thread-4] ERROR DNAudit - user=null | ip=null | op=WRITE_CHUNK {blockData=conID: 4 locID: 102888971698307076 bcsId: 0} | ret=FAILURE
java.lang.Exception: data array does not match the length specified. DataLen: 26 Byte Array: 182
	at org.apache.hadoop.ozone.container.common.impl.HddsDispatcher.dispatchRequest(HddsDispatcher.java:330) ~[hadoop-hdds-container-service-0.5.0-SNAPSHOT.jar:?]
	at org.apache.hadoop.ozone.container.common.impl.HddsDispatcher.dispatch(HddsDispatcher.java:150) ~[hadoop-hdds-container-service-0.5.0-SNAPSHOT.jar:?]
	at org.apache.hadoop.ozone.container.common.transport.server.ratis.ContainerStateMachine.dispatchCommand(ContainerStateMachine.java:407) ~[hadoop-hdds-container-service-0.5.0-SNAPSHOT.jar:?]
	at org.apache.hadoop.ozone.container.common.transport.server.ratis.ContainerStateMachine.runCommand(ContainerStateMachine.java:415) ~[hadoop-hdds-container-service-0.5.0-SNAPSHOT.jar:?]
	at org.apache.hadoop.ozone.container.common.transport.server.ratis.ContainerStateMachine.lambda$handleWriteChunk$1(ContainerStateMachine.java:450) ~[hadoop-hdds-container-service-0.5.0-SNAPSHOT.jar:?]
	at java.util.concurrent.CompletableFuture$AsyncSupply.run(CompletableFuture.java:1590) [?:1.8.0_212]
	at java.util.concurrent.ThreadPoolExecutor.runWorker(ThreadPoolExecutor.java:1149) [?:1.8.0_212]
	at java.util.concurrent.ThreadPoolExecutor$Worker.run(ThreadPoolExecutor.java:624) [?:1.8.0_212]
	at java.lang.Thread.run(Thread.java:748) [?:1.8.0_212]
2019-10-01 20:18:42,324 [EventQueue-CloseContainerForCloseContainerEventHandler] INFO  container.CloseContainerEventHandler (CloseContainerEventHandler.java:onMessage(61)) - Close container Event triggered for container : #4
2019-10-01 20:18:42,324 [pool-67-thread-4] ERROR ratis.ContainerStateMachine (ContainerStateMachine.java:lambda$handleWriteChunk$2(470)) - group-2AB7C805D054: writeChunk writeStateMachineData failed: blockIdcontainerID: 4
localID: 102888971698307076
blockCommitSequenceId: 0
 logIndex 1 chunkName 102888971698307076_chunk_1 Error message: data array does not match the length specified. DataLen: 26 Byte Array: 182 Container Result: INVALID_WRITE_SIZE
2019-10-01 20:18:42,326 [28af574d-2172-4d1d-8894-6c49f9cc6298@group-2AB7C805D054-SegmentedRaftLogWorker] ERROR ratis.XceiverServerRatis (XceiverServerRatis.java:triggerPipelineClose(575)) - pipeline Action CLOSE  on pipeline PipelineID=c3cfe72c-e4e7-46d1-ace5-2ab7c805d054.Reason : data array does not match the length specified. DataLen: 26 Byte Array: 182
2019-10-01 20:18:42,327 [28af574d-2172-4d1d-8894-6c49f9cc6298@group-2AB7C805D054-SegmentedRaftLogWorker] ERROR ratis.XceiverServerRatis (XceiverServerRatis.java:triggerPipelineClose(575)) - pipeline Action CLOSE  on pipeline PipelineID=c3cfe72c-e4e7-46d1-ace5-2ab7c805d054.Reason : Log already failed at index 1 for task WriteLog:1: (t:1, i:1), STATEMACHINELOGENTRY, client-FBAC45D261F6, cid=35
2019-10-01 20:18:42,327 [EventQueue-PipelineActionsForPipelineActionHandler] ERROR pipeline.PipelineActionHandler (PipelineActionHandler.java:onMessage(60)) - Received pipeline action CLOSE for Pipeline[ Id: c3cfe72c-e4e7-46d1-ace5-2ab7c805d054, Nodes: dd72838a-f206-4369-be48-6b1e036e4dac{ip: 192.168.151.103, host: pr-trunk-878pl-325597374, networkLocation: /default-rack, certSerialId: null}c87755eb-8f71-406d-9b39-c7913bad0d26{ip: 192.168.151.103, host: pr-trunk-878pl-325597374, networkLocation: /default-rack, certSerialId: null}28af574d-2172-4d1d-8894-6c49f9cc6298{ip: 192.168.151.103, host: pr-trunk-878pl-325597374, networkLocation: /default-rack, certSerialId: null}, Type:RATIS, Factor:THREE, State:OPEN] from datanode 28af574d-2172-4d1d-8894-6c49f9cc6298{ip: 192.168.151.103, host: pr-trunk-878pl-325597374, networkLocation: /default-rack, certSerialId: null}. Reason : data array does not match the length specified. DataLen: 26 Byte Array: 182
2019-10-01 20:18:42,327 [EventQueue-PipelineActionsForPipelineActionHandler] INFO  pipeline.SCMPipelineManager (SCMPipelineManager.java:finalizeAndDestroyPipeline(315)) - destroying pipeline:Pipeline[ Id: c3cfe72c-e4e7-46d1-ace5-2ab7c805d054, Nodes: dd72838a-f206-4369-be48-6b1e036e4dac{ip: 192.168.151.103, host: pr-trunk-878pl-325597374, networkLocation: /default-rack, certSerialId: null}c87755eb-8f71-406d-9b39-c7913bad0d26{ip: 192.168.151.103, host: pr-trunk-878pl-325597374, networkLocation: /default-rack, certSerialId: null}28af574d-2172-4d1d-8894-6c49f9cc6298{ip: 192.168.151.103, host: pr-trunk-878pl-325597374, networkLocation: /default-rack, certSerialId: null}, Type:RATIS, Factor:THREE, State:OPEN]
2019-10-01 20:18:42,327 [EventQueue-PipelineActionsForPipelineActionHandler] INFO  pipeline.PipelineStateManager (PipelineStateManager.java:finalizePipeline(123)) - Pipeline Pipeline[ Id: c3cfe72c-e4e7-46d1-ace5-2ab7c805d054, Nodes: dd72838a-f206-4369-be48-6b1e036e4dac{ip: 192.168.151.103, host: pr-trunk-878pl-325597374, networkLocation: /default-rack, certSerialId: null}c87755eb-8f71-406d-9b39-c7913bad0d26{ip: 192.168.151.103, host: pr-trunk-878pl-325597374, networkLocation: /default-rack, certSerialId: null}28af574d-2172-4d1d-8894-6c49f9cc6298{ip: 192.168.151.103, host: pr-trunk-878pl-325597374, networkLocation: /default-rack, certSerialId: null}, Type:RATIS, Factor:THREE, State:CLOSED] moved to CLOSED state
2019-10-01 20:18:42,328 [EventQueue-PipelineActionsForPipelineActionHandler] ERROR pipeline.PipelineActionHandler (PipelineActionHandler.java:onMessage(60)) - Received pipeline action CLOSE for Pipeline[ Id: c3cfe72c-e4e7-46d1-ace5-2ab7c805d054, Nodes: dd72838a-f206-4369-be48-6b1e036e4dac{ip: 192.168.151.103, host: pr-trunk-878pl-325597374, networkLocation: /default-rack, certSerialId: null}c87755eb-8f71-406d-9b39-c7913bad0d26{ip: 192.168.151.103, host: pr-trunk-878pl-325597374, networkLocation: /default-rack, certSerialId: null}28af574d-2172-4d1d-8894-6c49f9cc6298{ip: 192.168.151.103, host: pr-trunk-878pl-325597374, networkLocation: /default-rack, certSerialId: null}, Type:RATIS, Factor:THREE, State:CLOSED] from datanode 28af574d-2172-4d1d-8894-6c49f9cc6298{ip: 192.168.151.103, host: pr-trunk-878pl-325597374, networkLocation: /default-rack, certSerialId: null}. Reason : Log already failed at index 1 for task WriteLog:1: (t:1, i:1), STATEMACHINELOGENTRY, client-FBAC45D261F6, cid=35
2019-10-01 20:18:42,328 [EventQueue-PipelineActionsForPipelineActionHandler] INFO  pipeline.SCMPipelineManager (SCMPipelineManager.java:finalizeAndDestroyPipeline(315)) - destroying pipeline:Pipeline[ Id: c3cfe72c-e4e7-46d1-ace5-2ab7c805d054, Nodes: dd72838a-f206-4369-be48-6b1e036e4dac{ip: 192.168.151.103, host: pr-trunk-878pl-325597374, networkLocation: /default-rack, certSerialId: null}c87755eb-8f71-406d-9b39-c7913bad0d26{ip: 192.168.151.103, host: pr-trunk-878pl-325597374, networkLocation: /default-rack, certSerialId: null}28af574d-2172-4d1d-8894-6c49f9cc6298{ip: 192.168.151.103, host: pr-trunk-878pl-325597374, networkLocation: /default-rack, certSerialId: null}, Type:RATIS, Factor:THREE, State:CLOSED]
2019-10-01 20:19:07,320 [grpc-default-executor-4] INFO  impl.RaftServerProxy (RaftServerProxy.java:remove(95)) - dd72838a-f206-4369-be48-6b1e036e4dac: remove  FOLLOWER dd72838a-f206-4369-be48-6b1e036e4dac@group-F4A41534045E:t2, leader=c87755eb-8f71-406d-9b39-c7913bad0d26, voted=c87755eb-8f71-406d-9b39-c7913bad0d26, raftlog=dd72838a-f206-4369-be48-6b1e036e4dac@group-F4A41534045E-SegmentedRaftLog:OPENED:c0,f2,i2, conf=0: [28af574d-2172-4d1d-8894-6c49f9cc6298:192.168.151.103:43956, dd72838a-f206-4369-be48-6b1e036e4dac:192.168.151.103:34429, c87755eb-8f71-406d-9b39-c7913bad0d26:192.168.151.103:42498], old=null RUNNING
2019-10-01 20:19:07,322 [grpc-default-executor-4] INFO  impl.RaftServerImpl (RaftServerImpl.java:lambda$shutdown$3(251)) - dd72838a-f206-4369-be48-6b1e036e4dac@group-F4A41534045E: shutdown
2019-10-01 20:19:07,322 [grpc-default-executor-4] INFO  util.JmxRegister (JmxRegister.java:unregister(73)) - Successfully un-registered JMX Bean with object name Ratis:service=RaftServer,group=group-F4A41534045E,id=dd72838a-f206-4369-be48-6b1e036e4dac
2019-10-01 20:19:07,322 [grpc-default-executor-4] INFO  impl.RoleInfo (RoleInfo.java:shutdownFollowerState(121)) - dd72838a-f206-4369-be48-6b1e036e4dac: shutdown FollowerState
2019-10-01 20:19:07,323 [grpc-default-executor-4] INFO  impl.StateMachineUpdater (StateMachineUpdater.java:stopAndJoin(125)) - dd72838a-f206-4369-be48-6b1e036e4dac@group-F4A41534045E-StateMachineUpdater: set stopIndex = 0
2019-10-01 20:19:07,323 [Thread-529] INFO  impl.FollowerState (FollowerState.java:run(115)) - dd72838a-f206-4369-be48-6b1e036e4dac: FollowerState was interrupted: java.lang.InterruptedException: sleep interrupted
2019-10-01 20:19:07,324 [grpc-default-executor-4] INFO  impl.RaftServerImpl (ServerState.java:close(385)) - dd72838a-f206-4369-be48-6b1e036e4dac@group-F4A41534045E: closes. applyIndex: 0
2019-10-01 20:19:07,325 [dd72838a-f206-4369-be48-6b1e036e4dac@group-F4A41534045E-SegmentedRaftLogWorker] INFO  segmented.SegmentedRaftLogWorker (SegmentedRaftLogWorker.java:run(313)) - dd72838a-f206-4369-be48-6b1e036e4dac@group-F4A41534045E-SegmentedRaftLogWorker was interrupted, exiting. There are 0 tasks remaining in the queue.
2019-10-01 20:19:07,326 [grpc-default-executor-4] INFO  segmented.SegmentedRaftLogWorker (SegmentedRaftLogWorker.java:close(228)) - dd72838a-f206-4369-be48-6b1e036e4dac@group-F4A41534045E-SegmentedRaftLogWorker close()
2019-10-01 20:19:07,416 [grpc-default-executor-4] INFO  interfaces.Container (KeyValueContainer.java:flushAndSyncDB(386)) - Container 3 is synced with bcsId 0.
2019-10-01 20:19:07,416 [grpc-default-executor-4] INFO  interfaces.Container (KeyValueContainer.java:flushAndSyncDB(386)) - Container 3 is synced with bcsId 0.
2019-10-01 20:19:07,422 [EventQueue-IncrementalContainerReportForIncrementalContainerReportHandler] INFO  container.IncrementalContainerReportHandler (AbstractContainerReportHandler.java:updateContainerState(169)) - Moving container #3 to QUASI_CLOSED state, datanode dd72838a-f206-4369-be48-6b1e036e4dac{ip: 192.168.151.103, host: pr-trunk-878pl-325597374, networkLocation: /default-rack, certSerialId: null} reported QUASI_CLOSED replica.
2019-10-01 20:19:07,429 [grpc-default-executor-4] INFO  impl.RaftServerProxy (RaftServerProxy.java:remove(95)) - c87755eb-8f71-406d-9b39-c7913bad0d26: remove    LEADER c87755eb-8f71-406d-9b39-c7913bad0d26@group-F4A41534045E:t2, leader=c87755eb-8f71-406d-9b39-c7913bad0d26, voted=c87755eb-8f71-406d-9b39-c7913bad0d26, raftlog=c87755eb-8f71-406d-9b39-c7913bad0d26@group-F4A41534045E-SegmentedRaftLog:OPENED:c0,f0,i2, conf=0: [28af574d-2172-4d1d-8894-6c49f9cc6298:192.168.151.103:43956, dd72838a-f206-4369-be48-6b1e036e4dac:192.168.151.103:34429, c87755eb-8f71-406d-9b39-c7913bad0d26:192.168.151.103:42498], old=null RUNNING
2019-10-01 20:19:07,429 [grpc-default-executor-4] INFO  impl.RaftServerImpl (RaftServerImpl.java:lambda$shutdown$3(251)) - c87755eb-8f71-406d-9b39-c7913bad0d26@group-F4A41534045E: shutdown
2019-10-01 20:19:07,430 [grpc-default-executor-4] INFO  util.JmxRegister (JmxRegister.java:unregister(73)) - Successfully un-registered JMX Bean with object name Ratis:service=RaftServer,group=group-F4A41534045E,id=c87755eb-8f71-406d-9b39-c7913bad0d26
2019-10-01 20:19:07,430 [grpc-default-executor-4] INFO  impl.RoleInfo (RoleInfo.java:shutdownLeaderState(104)) - c87755eb-8f71-406d-9b39-c7913bad0d26: shutdown LeaderState
2019-10-01 20:19:07,432 [grpc-default-executor-4] INFO  impl.PendingRequests (PendingRequests.java:sendNotLeaderResponses(202)) - c87755eb-8f71-406d-9b39-c7913bad0d26-PendingRequests: sendNotLeaderResponses
2019-10-01 20:19:07,433 [org.apache.ratis.server.impl.LogAppender$AppenderDaemon$$Lambda$503/498285707@5a34d235] WARN  server.GrpcLogAppender (GrpcLogAppender.java:mayWait(143)) - c87755eb-8f71-406d-9b39-c7913bad0d26@group-F4A41534045E->28af574d-2172-4d1d-8894-6c49f9cc6298-GrpcLogAppender: Wait interrupted by java.lang.InterruptedException
2019-10-01 20:19:07,433 [org.apache.ratis.server.impl.LogAppender$AppenderDaemon$$Lambda$503/498285707@3eb8bdb8] WARN  server.GrpcLogAppender (GrpcLogAppender.java:mayWait(143)) - c87755eb-8f71-406d-9b39-c7913bad0d26@group-F4A41534045E->dd72838a-f206-4369-be48-6b1e036e4dac-GrpcLogAppender: Wait interrupted by java.lang.InterruptedException
2019-10-01 20:19:07,435 [grpc-default-executor-2] INFO  server.GrpcServerProtocolService (GrpcServerProtocolService.java:onCompleted(113)) - dd72838a-f206-4369-be48-6b1e036e4dac: Completed APPEND_ENTRIES, lastRequest: c87755eb-8f71-406d-9b39-c7913bad0d26->dd72838a-f206-4369-be48-6b1e036e4dac#36-t2, previous=(t:2, i:2), leaderCommit=0, initializing? false, entries: <empty>
2019-10-01 20:19:07,435 [grpc-default-executor-1] INFO  server.GrpcServerProtocolService (GrpcServerProtocolService.java:onCompleted(113)) - 28af574d-2172-4d1d-8894-6c49f9cc6298: Completed APPEND_ENTRIES, lastRequest: c87755eb-8f71-406d-9b39-c7913bad0d26->28af574d-2172-4d1d-8894-6c49f9cc6298#36-t2, previous=(t:2, i:2), leaderCommit=0, initializing? false, entries: <empty>
2019-10-01 20:19:07,436 [grpc-default-executor-4] INFO  impl.StateMachineUpdater (StateMachineUpdater.java:stopAndJoin(125)) - c87755eb-8f71-406d-9b39-c7913bad0d26@group-F4A41534045E-StateMachineUpdater: set stopIndex = 0
2019-10-01 20:19:07,439 [grpc-default-executor-4] INFO  impl.RaftServerImpl (ServerState.java:close(385)) - c87755eb-8f71-406d-9b39-c7913bad0d26@group-F4A41534045E: closes. applyIndex: 0
2019-10-01 20:19:07,439 [grpc-default-executor-2] INFO  server.GrpcLogAppender (GrpcLogAppender.java:onCompleted(293)) - c87755eb-8f71-406d-9b39-c7913bad0d26@group-F4A41534045E->28af574d-2172-4d1d-8894-6c49f9cc6298-AppendLogResponseHandler: follower responses appendEntries COMPLETED
2019-10-01 20:19:07,441 [c87755eb-8f71-406d-9b39-c7913bad0d26@group-F4A41534045E-SegmentedRaftLogWorker] INFO  segmented.SegmentedRaftLogWorker (SegmentedRaftLogWorker.java:run(313)) - c87755eb-8f71-406d-9b39-c7913bad0d26@group-F4A41534045E-SegmentedRaftLogWorker was interrupted, exiting. There are 0 tasks remaining in the queue.
2019-10-01 20:19:07,441 [grpc-default-executor-7] INFO  server.GrpcLogAppender (GrpcLogAppender.java:onCompleted(293)) - c87755eb-8f71-406d-9b39-c7913bad0d26@group-F4A41534045E->dd72838a-f206-4369-be48-6b1e036e4dac-AppendLogResponseHandler: follower responses appendEntries COMPLETED
2019-10-01 20:19:07,442 [grpc-default-executor-2] INFO  impl.FollowerInfo (FollowerInfo.java:lambda$new$0(51)) - c87755eb-8f71-406d-9b39-c7913bad0d26@group-F4A41534045E->28af574d-2172-4d1d-8894-6c49f9cc6298: nextIndex: updateUnconditionally 3 -> 2
2019-10-01 20:19:07,443 [grpc-default-executor-7] INFO  impl.FollowerInfo (FollowerInfo.java:lambda$new$0(51)) - c87755eb-8f71-406d-9b39-c7913bad0d26@group-F4A41534045E->dd72838a-f206-4369-be48-6b1e036e4dac: nextIndex: updateUnconditionally 3 -> 2
2019-10-01 20:19:07,444 [grpc-default-executor-4] INFO  segmented.SegmentedRaftLogWorker (SegmentedRaftLogWorker.java:close(228)) - c87755eb-8f71-406d-9b39-c7913bad0d26@group-F4A41534045E-SegmentedRaftLogWorker close()
2019-10-01 20:19:07,459 [grpc-default-executor-4] INFO  impl.RaftServerProxy (RaftServerProxy.java:remove(95)) - 28af574d-2172-4d1d-8894-6c49f9cc6298: remove  FOLLOWER 28af574d-2172-4d1d-8894-6c49f9cc6298@group-F4A41534045E:t2, leader=c87755eb-8f71-406d-9b39-c7913bad0d26, voted=c87755eb-8f71-406d-9b39-c7913bad0d26, raftlog=28af574d-2172-4d1d-8894-6c49f9cc6298@group-F4A41534045E-SegmentedRaftLog:OPENED:c0,f2,i2, conf=0: [28af574d-2172-4d1d-8894-6c49f9cc6298:192.168.151.103:43956, dd72838a-f206-4369-be48-6b1e036e4dac:192.168.151.103:34429, c87755eb-8f71-406d-9b39-c7913bad0d26:192.168.151.103:42498], old=null RUNNING
2019-10-01 20:19:07,459 [grpc-default-executor-4] INFO  impl.RaftServerImpl (RaftServerImpl.java:lambda$shutdown$3(251)) - 28af574d-2172-4d1d-8894-6c49f9cc6298@group-F4A41534045E: shutdown
2019-10-01 20:19:07,460 [grpc-default-executor-4] INFO  util.JmxRegister (JmxRegister.java:unregister(73)) - Successfully un-registered JMX Bean with object name Ratis:service=RaftServer,group=group-F4A41534045E,id=28af574d-2172-4d1d-8894-6c49f9cc6298
2019-10-01 20:19:07,460 [grpc-default-executor-4] INFO  impl.RoleInfo (RoleInfo.java:shutdownFollowerState(121)) - 28af574d-2172-4d1d-8894-6c49f9cc6298: shutdown FollowerState
2019-10-01 20:19:07,460 [grpc-default-executor-4] INFO  impl.StateMachineUpdater (StateMachineUpdater.java:stopAndJoin(125)) - 28af574d-2172-4d1d-8894-6c49f9cc6298@group-F4A41534045E-StateMachineUpdater: set stopIndex = 0
2019-10-01 20:19:07,460 [Thread-530] INFO  impl.FollowerState (FollowerState.java:run(115)) - 28af574d-2172-4d1d-8894-6c49f9cc6298: FollowerState was interrupted: java.lang.InterruptedException: sleep interrupted
2019-10-01 20:19:07,462 [grpc-default-executor-4] INFO  impl.RaftServerImpl (ServerState.java:close(385)) - 28af574d-2172-4d1d-8894-6c49f9cc6298@group-F4A41534045E: closes. applyIndex: 0
2019-10-01 20:19:07,462 [28af574d-2172-4d1d-8894-6c49f9cc6298@group-F4A41534045E-SegmentedRaftLogWorker] INFO  segmented.SegmentedRaftLogWorker (SegmentedRaftLogWorker.java:run(313)) - 28af574d-2172-4d1d-8894-6c49f9cc6298@group-F4A41534045E-SegmentedRaftLogWorker was interrupted, exiting. There are 0 tasks remaining in the queue.
2019-10-01 20:19:07,464 [grpc-default-executor-4] INFO  segmented.SegmentedRaftLogWorker (SegmentedRaftLogWorker.java:close(228)) - 28af574d-2172-4d1d-8894-6c49f9cc6298@group-F4A41534045E-SegmentedRaftLogWorker close()
2019-10-01 20:19:07,564 [grpc-default-executor-4] INFO  interfaces.Container (KeyValueContainer.java:flushAndSyncDB(386)) - Container 3 is synced with bcsId 0.
2019-10-01 20:19:07,564 [grpc-default-executor-4] INFO  interfaces.Container (KeyValueContainer.java:flushAndSyncDB(386)) - Container 3 is synced with bcsId 0.
2019-10-01 20:19:07,593 [RatisPipelineUtilsThread] INFO  pipeline.PipelineStateManager (PipelineStateManager.java:removePipeline(108)) - Pipeline Pipeline[ Id: cc24231e-f8f5-46b1-916c-f4a41534045e, Nodes: dd72838a-f206-4369-be48-6b1e036e4dac{ip: 192.168.151.103, host: pr-trunk-878pl-325597374, networkLocation: /default-rack, certSerialId: null}c87755eb-8f71-406d-9b39-c7913bad0d26{ip: 192.168.151.103, host: pr-trunk-878pl-325597374, networkLocation: /default-rack, certSerialId: null}28af574d-2172-4d1d-8894-6c49f9cc6298{ip: 192.168.151.103, host: pr-trunk-878pl-325597374, networkLocation: /default-rack, certSerialId: null}, Type:RATIS, Factor:THREE, State:CLOSED] removed from db
2019-10-01 20:19:07,598 [grpc-default-executor-4] INFO  impl.RaftServerProxy (RaftServerProxy.java:remove(95)) - dd72838a-f206-4369-be48-6b1e036e4dac: remove group-F4A41534045E:null
2019-10-01 20:19:07,603 [RatisPipelineUtilsThread] WARN  pipeline.RatisPipelineUtils (RatisPipelineUtils.java:destroyPipeline(67)) - Pipeline destroy failed for pipeline=PipelineID=cc24231e-f8f5-46b1-916c-f4a41534045e dn=dd72838a-f206-4369-be48-6b1e036e4dac{ip: 192.168.151.103, host: pr-trunk-878pl-325597374, networkLocation: /default-rack, certSerialId: null}
2019-10-01 20:19:07,608 [grpc-default-executor-4] INFO  impl.RaftServerProxy (RaftServerProxy.java:remove(95)) - c87755eb-8f71-406d-9b39-c7913bad0d26: remove group-F4A41534045E:null
2019-10-01 20:19:07,612 [RatisPipelineUtilsThread] WARN  pipeline.RatisPipelineUtils (RatisPipelineUtils.java:destroyPipeline(67)) - Pipeline destroy failed for pipeline=PipelineID=cc24231e-f8f5-46b1-916c-f4a41534045e dn=c87755eb-8f71-406d-9b39-c7913bad0d26{ip: 192.168.151.103, host: pr-trunk-878pl-325597374, networkLocation: /default-rack, certSerialId: null}
2019-10-01 20:19:07,615 [grpc-default-executor-4] INFO  impl.RaftServerProxy (RaftServerProxy.java:remove(95)) - 28af574d-2172-4d1d-8894-6c49f9cc6298: remove group-F4A41534045E:null
2019-10-01 20:19:07,619 [RatisPipelineUtilsThread] WARN  pipeline.RatisPipelineUtils (RatisPipelineUtils.java:destroyPipeline(67)) - Pipeline destroy failed for pipeline=PipelineID=cc24231e-f8f5-46b1-916c-f4a41534045e dn=28af574d-2172-4d1d-8894-6c49f9cc6298{ip: 192.168.151.103, host: pr-trunk-878pl-325597374, networkLocation: /default-rack, certSerialId: null}
2019-10-01 20:19:07,619 [RatisPipelineUtilsThread] ERROR pipeline.SCMPipelineManager (Scheduler.java:lambda$schedule$1(70)) - Destroy pipeline failed for pipeline:Pipeline[ Id: cc24231e-f8f5-46b1-916c-f4a41534045e, Nodes: dd72838a-f206-4369-be48-6b1e036e4dac{ip: 192.168.151.103, host: pr-trunk-878pl-325597374, networkLocation: /default-rack, certSerialId: null}c87755eb-8f71-406d-9b39-c7913bad0d26{ip: 192.168.151.103, host: pr-trunk-878pl-325597374, networkLocation: /default-rack, certSerialId: null}28af574d-2172-4d1d-8894-6c49f9cc6298{ip: 192.168.151.103, host: pr-trunk-878pl-325597374, networkLocation: /default-rack, certSerialId: null}, Type:RATIS, Factor:THREE, State:CLOSED]
org.apache.hadoop.hdds.scm.pipeline.PipelineNotFoundException: PipelineID=cc24231e-f8f5-46b1-916c-f4a41534045e not found
	at org.apache.hadoop.hdds.scm.pipeline.PipelineStateMap.getPipeline(PipelineStateMap.java:132)
	at org.apache.hadoop.hdds.scm.pipeline.PipelineStateMap.removePipeline(PipelineStateMap.java:322)
	at org.apache.hadoop.hdds.scm.pipeline.PipelineStateManager.removePipeline(PipelineStateManager.java:107)
	at org.apache.hadoop.hdds.scm.pipeline.SCMPipelineManager.removePipeline(SCMPipelineManager.java:427)
	at org.apache.hadoop.hdds.scm.pipeline.SCMPipelineManager.destroyPipeline(SCMPipelineManager.java:413)
	at org.apache.hadoop.hdds.scm.pipeline.SCMPipelineManager.lambda$finalizeAndDestroyPipeline$0(SCMPipelineManager.java:322)
	at org.apache.hadoop.hdds.utils.Scheduler.lambda$schedule$1(Scheduler.java:68)
	at java.util.concurrent.Executors$RunnableAdapter.call(Executors.java:511)
	at java.util.concurrent.FutureTask.run(FutureTask.java:266)
	at java.util.concurrent.ScheduledThreadPoolExecutor$ScheduledFutureTask.access$201(ScheduledThreadPoolExecutor.java:180)
	at java.util.concurrent.ScheduledThreadPoolExecutor$ScheduledFutureTask.run(ScheduledThreadPoolExecutor.java:293)
	at java.util.concurrent.ThreadPoolExecutor.runWorker(ThreadPoolExecutor.java:1149)
	at java.util.concurrent.ThreadPoolExecutor$Worker.run(ThreadPoolExecutor.java:624)
	at java.lang.Thread.run(Thread.java:748)
2019-10-01 20:19:07,628 [grpc-default-executor-4] INFO  impl.RaftServerProxy (RaftServerProxy.java:addNew(89)) - dd72838a-f206-4369-be48-6b1e036e4dac: addNew group-0E4A1E1C5072:[28af574d-2172-4d1d-8894-6c49f9cc6298:192.168.151.103:43956, dd72838a-f206-4369-be48-6b1e036e4dac:192.168.151.103:34429, c87755eb-8f71-406d-9b39-c7913bad0d26:192.168.151.103:42498] returns group-0E4A1E1C5072:java.util.concurrent.CompletableFuture@60378bc7[Not completed]
2019-10-01 20:19:07,630 [pool-37-thread-1] INFO  impl.RaftServerImpl (RaftServerImpl.java:<init>(95)) - dd72838a-f206-4369-be48-6b1e036e4dac: new RaftServerImpl for group-0E4A1E1C5072:[28af574d-2172-4d1d-8894-6c49f9cc6298:192.168.151.103:43956, dd72838a-f206-4369-be48-6b1e036e4dac:192.168.151.103:34429, c87755eb-8f71-406d-9b39-c7913bad0d26:192.168.151.103:42498] with ContainerStateMachine:uninitialized
2019-10-01 20:19:07,632 [pool-37-thread-1] INFO  server.RaftServerConfigKeys (ConfUtils.java:logGet(43)) - raft.server.rpc.timeout.min = 5s (custom)
2019-10-01 20:19:07,632 [grpc-default-executor-2] INFO  impl.RaftServerProxy (RaftServerProxy.java:addNew(89)) - c87755eb-8f71-406d-9b39-c7913bad0d26: addNew group-0E4A1E1C5072:[28af574d-2172-4d1d-8894-6c49f9cc6298:192.168.151.103:43956, dd72838a-f206-4369-be48-6b1e036e4dac:192.168.151.103:34429, c87755eb-8f71-406d-9b39-c7913bad0d26:192.168.151.103:42498] returns group-0E4A1E1C5072:java.util.concurrent.CompletableFuture@1b233dd9[Not completed]
2019-10-01 20:19:07,632 [pool-37-thread-1] INFO  server.RaftServerConfigKeys (ConfUtils.java:logGet(43)) - raft.server.rpc.timeout.max = 5200ms (custom)
2019-10-01 20:19:07,632 [grpc-default-executor-7] INFO  impl.RaftServerProxy (RaftServerProxy.java:addNew(89)) - 28af574d-2172-4d1d-8894-6c49f9cc6298: addNew group-0E4A1E1C5072:[28af574d-2172-4d1d-8894-6c49f9cc6298:192.168.151.103:43956, dd72838a-f206-4369-be48-6b1e036e4dac:192.168.151.103:34429, c87755eb-8f71-406d-9b39-c7913bad0d26:192.168.151.103:42498] returns group-0E4A1E1C5072:java.util.concurrent.CompletableFuture@77c50df6[Not completed]
2019-10-01 20:19:07,632 [pool-37-thread-1] INFO  server.RaftServerConfigKeys (ConfUtils.java:logGet(43)) - raft.server.rpcslowness.timeout = 120s (custom)
2019-10-01 20:19:07,633 [pool-37-thread-1] INFO  server.RaftServerConfigKeys (ConfUtils.java:logGet(43)) - raft.server.sleep.deviation.threshold = 300 (default)
2019-10-01 20:19:07,633 [pool-37-thread-1] INFO  server.RaftServerConfigKeys (ConfUtils.java:logGet(43)) - raft.server.log.appender.install.snapshot.enabled = false (custom)
2019-10-01 20:19:07,633 [pool-37-thread-1] INFO  impl.RaftServerImpl (ServerState.java:<init>(103)) - dd72838a-f206-4369-be48-6b1e036e4dac@group-0E4A1E1C5072: ConfigurationManager, init=-1: [28af574d-2172-4d1d-8894-6c49f9cc6298:192.168.151.103:43956, dd72838a-f206-4369-be48-6b1e036e4dac:192.168.151.103:34429, c87755eb-8f71-406d-9b39-c7913bad0d26:192.168.151.103:42498], old=null, confs=<EMPTY_MAP>
2019-10-01 20:19:07,633 [pool-68-thread-1] INFO  impl.RaftServerImpl (RaftServerImpl.java:<init>(95)) - 28af574d-2172-4d1d-8894-6c49f9cc6298: new RaftServerImpl for group-0E4A1E1C5072:[28af574d-2172-4d1d-8894-6c49f9cc6298:192.168.151.103:43956, dd72838a-f206-4369-be48-6b1e036e4dac:192.168.151.103:34429, c87755eb-8f71-406d-9b39-c7913bad0d26:192.168.151.103:42498] with ContainerStateMachine:uninitialized
2019-10-01 20:19:07,633 [pool-37-thread-1] INFO  server.RaftServerConfigKeys (ConfUtils.java:logGet(43)) - raft.server.storage.dir = [/workdir/hadoop-ozone/ozonefs/target/test-dir/MiniOzoneClusterImpl-cc9961a9-1b1a-49c1-80c6-6d48514b4463/datanode-1/data/ratis] (custom)
2019-10-01 20:19:07,633 [pool-68-thread-1] INFO  server.RaftServerConfigKeys (ConfUtils.java:logGet(43)) - raft.server.rpc.timeout.min = 5s (custom)
2019-10-01 20:19:07,633 [pool-68-thread-1] INFO  server.RaftServerConfigKeys (ConfUtils.java:logGet(43)) - raft.server.rpc.timeout.max = 5200ms (custom)
2019-10-01 20:19:07,634 [pool-68-thread-1] INFO  server.RaftServerConfigKeys (ConfUtils.java:logGet(43)) - raft.server.rpcslowness.timeout = 120s (custom)
2019-10-01 20:19:07,634 [pool-37-thread-1] INFO  storage.RaftStorageDirectory (RaftStorageDirectory.java:analyzeStorage(246)) - The storage directory /workdir/hadoop-ozone/ozonefs/target/test-dir/MiniOzoneClusterImpl-cc9961a9-1b1a-49c1-80c6-6d48514b4463/datanode-1/data/ratis/396c3ff8-0b10-40af-affd-0e4a1e1c5072 does not exist. Creating ...
2019-10-01 20:19:07,634 [pool-68-thread-1] INFO  server.RaftServerConfigKeys (ConfUtils.java:logGet(43)) - raft.server.sleep.deviation.threshold = 300 (default)
2019-10-01 20:19:07,634 [pool-68-thread-1] INFO  server.RaftServerConfigKeys (ConfUtils.java:logGet(43)) - raft.server.log.appender.install.snapshot.enabled = false (custom)
2019-10-01 20:19:07,634 [pool-68-thread-1] INFO  impl.RaftServerImpl (ServerState.java:<init>(103)) - 28af574d-2172-4d1d-8894-6c49f9cc6298@group-0E4A1E1C5072: ConfigurationManager, init=-1: [28af574d-2172-4d1d-8894-6c49f9cc6298:192.168.151.103:43956, dd72838a-f206-4369-be48-6b1e036e4dac:192.168.151.103:34429, c87755eb-8f71-406d-9b39-c7913bad0d26:192.168.151.103:42498], old=null, confs=<EMPTY_MAP>
2019-10-01 20:19:07,634 [pool-68-thread-1] INFO  server.RaftServerConfigKeys (ConfUtils.java:logGet(43)) - raft.server.storage.dir = [/workdir/hadoop-ozone/ozonefs/target/test-dir/MiniOzoneClusterImpl-cc9961a9-1b1a-49c1-80c6-6d48514b4463/datanode-4/data/ratis] (custom)
2019-10-01 20:19:07,634 [pool-47-thread-1] INFO  impl.RaftServerImpl (RaftServerImpl.java:<init>(95)) - c87755eb-8f71-406d-9b39-c7913bad0d26: new RaftServerImpl for group-0E4A1E1C5072:[28af574d-2172-4d1d-8894-6c49f9cc6298:192.168.151.103:43956, dd72838a-f206-4369-be48-6b1e036e4dac:192.168.151.103:34429, c87755eb-8f71-406d-9b39-c7913bad0d26:192.168.151.103:42498] with ContainerStateMachine:uninitialized
2019-10-01 20:19:07,634 [pool-68-thread-1] INFO  storage.RaftStorageDirectory (RaftStorageDirectory.java:analyzeStorage(246)) - The storage directory /workdir/hadoop-ozone/ozonefs/target/test-dir/MiniOzoneClusterImpl-cc9961a9-1b1a-49c1-80c6-6d48514b4463/datanode-4/data/ratis/396c3ff8-0b10-40af-affd-0e4a1e1c5072 does not exist. Creating ...
2019-10-01 20:19:07,634 [pool-47-thread-1] INFO  server.RaftServerConfigKeys (ConfUtils.java:logGet(43)) - raft.server.rpc.timeout.min = 5s (custom)
2019-10-01 20:19:07,635 [pool-47-thread-1] INFO  server.RaftServerConfigKeys (ConfUtils.java:logGet(43)) - raft.server.rpc.timeout.max = 5200ms (custom)
2019-10-01 20:19:07,635 [pool-47-thread-1] INFO  server.RaftServerConfigKeys (ConfUtils.java:logGet(43)) - raft.server.rpcslowness.timeout = 120s (custom)
2019-10-01 20:19:07,635 [pool-47-thread-1] INFO  server.RaftServerConfigKeys (ConfUtils.java:logGet(43)) - raft.server.sleep.deviation.threshold = 300 (default)
2019-10-01 20:19:07,635 [pool-47-thread-1] INFO  server.RaftServerConfigKeys (ConfUtils.java:logGet(43)) - raft.server.log.appender.install.snapshot.enabled = false (custom)
2019-10-01 20:19:07,635 [pool-47-thread-1] INFO  impl.RaftServerImpl (ServerState.java:<init>(103)) - c87755eb-8f71-406d-9b39-c7913bad0d26@group-0E4A1E1C5072: ConfigurationManager, init=-1: [28af574d-2172-4d1d-8894-6c49f9cc6298:192.168.151.103:43956, dd72838a-f206-4369-be48-6b1e036e4dac:192.168.151.103:34429, c87755eb-8f71-406d-9b39-c7913bad0d26:192.168.151.103:42498], old=null, confs=<EMPTY_MAP>
2019-10-01 20:19:07,636 [pool-47-thread-1] INFO  server.RaftServerConfigKeys (ConfUtils.java:logGet(43)) - raft.server.storage.dir = [/workdir/hadoop-ozone/ozonefs/target/test-dir/MiniOzoneClusterImpl-cc9961a9-1b1a-49c1-80c6-6d48514b4463/datanode-2/data/ratis] (custom)
2019-10-01 20:19:07,636 [pool-47-thread-1] INFO  storage.RaftStorageDirectory (RaftStorageDirectory.java:analyzeStorage(246)) - The storage directory /workdir/hadoop-ozone/ozonefs/target/test-dir/MiniOzoneClusterImpl-cc9961a9-1b1a-49c1-80c6-6d48514b4463/datanode-2/data/ratis/396c3ff8-0b10-40af-affd-0e4a1e1c5072 does not exist. Creating ...
2019-10-01 20:19:07,647 [pool-47-thread-1] INFO  storage.RaftStorageDirectory (RaftStorageDirectory.java:tryLock(328)) - Lock on /workdir/hadoop-ozone/ozonefs/target/test-dir/MiniOzoneClusterImpl-cc9961a9-1b1a-49c1-80c6-6d48514b4463/datanode-2/data/ratis/396c3ff8-0b10-40af-affd-0e4a1e1c5072/in_use.lock acquired by nodename 29826@pr-trunk-878pl-325597374
2019-10-01 20:19:07,647 [pool-68-thread-1] INFO  storage.RaftStorageDirectory (RaftStorageDirectory.java:tryLock(328)) - Lock on /workdir/hadoop-ozone/ozonefs/target/test-dir/MiniOzoneClusterImpl-cc9961a9-1b1a-49c1-80c6-6d48514b4463/datanode-4/data/ratis/396c3ff8-0b10-40af-affd-0e4a1e1c5072/in_use.lock acquired by nodename 29826@pr-trunk-878pl-325597374
2019-10-01 20:19:07,647 [pool-37-thread-1] INFO  storage.RaftStorageDirectory (RaftStorageDirectory.java:tryLock(328)) - Lock on /workdir/hadoop-ozone/ozonefs/target/test-dir/MiniOzoneClusterImpl-cc9961a9-1b1a-49c1-80c6-6d48514b4463/datanode-1/data/ratis/396c3ff8-0b10-40af-affd-0e4a1e1c5072/in_use.lock acquired by nodename 29826@pr-trunk-878pl-325597374
2019-10-01 20:19:07,661 [pool-68-thread-1] INFO  storage.RaftStorage (RaftStorage.java:format(72)) - Storage directory /workdir/hadoop-ozone/ozonefs/target/test-dir/MiniOzoneClusterImpl-cc9961a9-1b1a-49c1-80c6-6d48514b4463/datanode-4/data/ratis/396c3ff8-0b10-40af-affd-0e4a1e1c5072 has been successfully formatted.
2019-10-01 20:19:07,661 [pool-47-thread-1] INFO  storage.RaftStorage (RaftStorage.java:format(72)) - Storage directory /workdir/hadoop-ozone/ozonefs/target/test-dir/MiniOzoneClusterImpl-cc9961a9-1b1a-49c1-80c6-6d48514b4463/datanode-2/data/ratis/396c3ff8-0b10-40af-affd-0e4a1e1c5072 has been successfully formatted.
2019-10-01 20:19:07,661 [pool-68-thread-1] INFO  ratis.ContainerStateMachine (ContainerStateMachine.java:loadSnapshot(231)) - group-0E4A1E1C5072: The snapshot info is null. Setting the last applied indexto:(t:0, i:~)
2019-10-01 20:19:07,661 [pool-47-thread-1] INFO  ratis.ContainerStateMachine (ContainerStateMachine.java:loadSnapshot(231)) - group-0E4A1E1C5072: The snapshot info is null. Setting the last applied indexto:(t:0, i:~)
2019-10-01 20:19:07,661 [pool-37-thread-1] INFO  storage.RaftStorage (RaftStorage.java:format(72)) - Storage directory /workdir/hadoop-ozone/ozonefs/target/test-dir/MiniOzoneClusterImpl-cc9961a9-1b1a-49c1-80c6-6d48514b4463/datanode-1/data/ratis/396c3ff8-0b10-40af-affd-0e4a1e1c5072 has been successfully formatted.
2019-10-01 20:19:07,661 [pool-47-thread-1] INFO  server.RaftServerConfigKeys (ConfUtils.java:logGet(43)) - raft.server.notification.no-leader.timeout = 120s (custom)
2019-10-01 20:19:07,661 [pool-68-thread-1] INFO  server.RaftServerConfigKeys (ConfUtils.java:logGet(43)) - raft.server.notification.no-leader.timeout = 120s (custom)
2019-10-01 20:19:07,662 [pool-47-thread-1] INFO  server.RaftServerConfigKeys (ConfUtils.java:logGet(43)) - raft.server.log.use.memory = false (default)
2019-10-01 20:19:07,661 [pool-37-thread-1] INFO  ratis.ContainerStateMachine (ContainerStateMachine.java:loadSnapshot(231)) - group-0E4A1E1C5072: The snapshot info is null. Setting the last applied indexto:(t:0, i:~)
2019-10-01 20:19:07,662 [pool-47-thread-1] INFO  server.RaftServerConfigKeys (ConfUtils.java:logGet(43)) - raft.server.log.purge.gap = 1000000 (custom)
2019-10-01 20:19:07,662 [pool-68-thread-1] INFO  server.RaftServerConfigKeys (ConfUtils.java:logGet(43)) - raft.server.log.use.memory = false (default)
2019-10-01 20:19:07,662 [pool-47-thread-1] INFO  server.RaftServerConfigKeys (ConfUtils.java:logGet(43)) - raft.server.log.appender.buffer.byte-limit = 33554432 (custom)
2019-10-01 20:19:07,662 [pool-37-thread-1] INFO  server.RaftServerConfigKeys (ConfUtils.java:logGet(43)) - raft.server.notification.no-leader.timeout = 120s (custom)
2019-10-01 20:19:07,662 [pool-47-thread-1] INFO  server.RaftServerConfigKeys (ConfUtils.java:logGet(43)) - raft.server.log.segment.size.max = 1048576 (custom)
2019-10-01 20:19:07,662 [pool-68-thread-1] INFO  server.RaftServerConfigKeys (ConfUtils.java:logGet(43)) - raft.server.log.purge.gap = 1000000 (custom)
2019-10-01 20:19:07,662 [pool-47-thread-1] INFO  server.RaftServerConfigKeys (ConfUtils.java:logGet(43)) - raft.server.log.segment.cache.num.max = 2 (custom)
2019-10-01 20:19:07,662 [pool-37-thread-1] INFO  server.RaftServerConfigKeys (ConfUtils.java:logGet(43)) - raft.server.log.use.memory = false (default)
2019-10-01 20:19:07,663 [pool-47-thread-1] INFO  segmented.SegmentedRaftLogWorker (SegmentedRaftLogWorker.java:<init>(172)) - new c87755eb-8f71-406d-9b39-c7913bad0d26@group-0E4A1E1C5072-SegmentedRaftLogWorker for RaftStorage:Storage Directory /workdir/hadoop-ozone/ozonefs/target/test-dir/MiniOzoneClusterImpl-cc9961a9-1b1a-49c1-80c6-6d48514b4463/datanode-2/data/ratis/396c3ff8-0b10-40af-affd-0e4a1e1c5072
2019-10-01 20:19:07,662 [pool-68-thread-1] INFO  server.RaftServerConfigKeys (ConfUtils.java:logGet(43)) - raft.server.log.appender.buffer.byte-limit = 33554432 (custom)
2019-10-01 20:19:07,663 [pool-37-thread-1] INFO  server.RaftServerConfigKeys (ConfUtils.java:logGet(43)) - raft.server.log.purge.gap = 1000000 (custom)
2019-10-01 20:19:07,663 [pool-47-thread-1] INFO  server.RaftServerConfigKeys (ConfUtils.java:logGet(43)) - raft.server.log.queue.byte-limit = 2147483647 (custom)
2019-10-01 20:19:07,663 [pool-68-thread-1] INFO  server.RaftServerConfigKeys (ConfUtils.java:logGet(43)) - raft.server.log.segment.size.max = 1048576 (custom)
2019-10-01 20:19:07,663 [pool-47-thread-1] INFO  server.RaftServerConfigKeys (ConfUtils.java:logGet(43)) - raft.server.log.queue.element-limit = 1024 (custom)
2019-10-01 20:19:07,663 [pool-37-thread-1] INFO  server.RaftServerConfigKeys (ConfUtils.java:logGet(43)) - raft.server.log.appender.buffer.byte-limit = 33554432 (custom)
2019-10-01 20:19:07,663 [pool-47-thread-1] INFO  server.RaftServerConfigKeys (ConfUtils.java:logGet(43)) - raft.server.log.segment.size.max = 1048576 (custom)
2019-10-01 20:19:07,663 [pool-68-thread-1] INFO  server.RaftServerConfigKeys (ConfUtils.java:logGet(43)) - raft.server.log.segment.cache.num.max = 2 (custom)
2019-10-01 20:19:07,664 [pool-47-thread-1] INFO  server.RaftServerConfigKeys (ConfUtils.java:logGet(43)) - raft.server.log.preallocated.size = 16384 (custom)
2019-10-01 20:19:07,663 [pool-37-thread-1] INFO  server.RaftServerConfigKeys (ConfUtils.java:logGet(43)) - raft.server.log.segment.size.max = 1048576 (custom)
2019-10-01 20:19:07,664 [pool-47-thread-1] INFO  server.RaftServerConfigKeys (ConfUtils.java:logGet(43)) - raft.server.log.write.buffer.size = 33554432 (custom)
2019-10-01 20:19:07,664 [pool-68-thread-1] INFO  segmented.SegmentedRaftLogWorker (SegmentedRaftLogWorker.java:<init>(172)) - new 28af574d-2172-4d1d-8894-6c49f9cc6298@group-0E4A1E1C5072-SegmentedRaftLogWorker for RaftStorage:Storage Directory /workdir/hadoop-ozone/ozonefs/target/test-dir/MiniOzoneClusterImpl-cc9961a9-1b1a-49c1-80c6-6d48514b4463/datanode-4/data/ratis/396c3ff8-0b10-40af-affd-0e4a1e1c5072
2019-10-01 20:19:07,664 [pool-47-thread-1] INFO  server.RaftServerConfigKeys (ConfUtils.java:logGet(43)) - raft.server.log.force.sync.num = 128 (default)
2019-10-01 20:19:07,664 [pool-47-thread-1] INFO  server.RaftServerConfigKeys (ConfUtils.java:logGet(43)) - raft.server.log.statemachine.data.sync = true (default)
2019-10-01 20:19:07,664 [pool-47-thread-1] INFO  server.RaftServerConfigKeys (ConfUtils.java:logGet(43)) - raft.server.log.statemachine.data.sync.timeout = 10s (default)
2019-10-01 20:19:07,664 [pool-37-thread-1] INFO  server.RaftServerConfigKeys (ConfUtils.java:logGet(43)) - raft.server.log.segment.cache.num.max = 2 (custom)
2019-10-01 20:19:07,664 [pool-47-thread-1] INFO  server.RaftServerConfigKeys (ConfUtils.java:logGet(43)) - raft.server.log.statemachine.data.sync.timeout.retry = -1 (default)
2019-10-01 20:19:07,664 [pool-68-thread-1] INFO  server.RaftServerConfigKeys (ConfUtils.java:logGet(43)) - raft.server.log.queue.byte-limit = 2147483647 (custom)
2019-10-01 20:19:07,665 [pool-47-thread-1] INFO  server.RaftServerConfigKeys (ConfUtils.java:logGet(43)) - raft.server.log.statemachine.data.caching.enabled = true (custom)
2019-10-01 20:19:07,665 [pool-37-thread-1] INFO  segmented.SegmentedRaftLogWorker (SegmentedRaftLogWorker.java:<init>(172)) - new dd72838a-f206-4369-be48-6b1e036e4dac@group-0E4A1E1C5072-SegmentedRaftLogWorker for RaftStorage:Storage Directory /workdir/hadoop-ozone/ozonefs/target/test-dir/MiniOzoneClusterImpl-cc9961a9-1b1a-49c1-80c6-6d48514b4463/datanode-1/data/ratis/396c3ff8-0b10-40af-affd-0e4a1e1c5072
2019-10-01 20:19:07,665 [pool-68-thread-1] INFO  server.RaftServerConfigKeys (ConfUtils.java:logGet(43)) - raft.server.log.queue.element-limit = 1024 (custom)
2019-10-01 20:19:07,665 [pool-47-thread-1] INFO  segmented.SegmentedRaftLogWorker (SegmentedRaftLogWorker.java:lambda$new$0(132)) - c87755eb-8f71-406d-9b39-c7913bad0d26@group-0E4A1E1C5072-SegmentedRaftLogWorker: flushIndex: setUnconditionally 0 -> -1
2019-10-01 20:19:07,665 [pool-37-thread-1] INFO  server.RaftServerConfigKeys (ConfUtils.java:logGet(43)) - raft.server.log.queue.byte-limit = 2147483647 (custom)
2019-10-01 20:19:07,665 [pool-68-thread-1] INFO  server.RaftServerConfigKeys (ConfUtils.java:logGet(43)) - raft.server.log.segment.size.max = 1048576 (custom)
2019-10-01 20:19:07,665 [pool-37-thread-1] INFO  server.RaftServerConfigKeys (ConfUtils.java:logGet(43)) - raft.server.log.queue.element-limit = 1024 (custom)
2019-10-01 20:19:07,665 [pool-47-thread-1] INFO  server.RaftServerConfigKeys (ConfUtils.java:logGet(43)) - raft.server.snapshot.auto.trigger.enabled = true (custom)
2019-10-01 20:19:07,665 [pool-68-thread-1] INFO  server.RaftServerConfigKeys (ConfUtils.java:logGet(43)) - raft.server.log.preallocated.size = 16384 (custom)
2019-10-01 20:19:07,666 [pool-47-thread-1] INFO  server.RaftServerConfigKeys (ConfUtils.java:logGet(43)) - raft.server.snapshot.auto.trigger.threshold = 10000 (custom)
2019-10-01 20:19:07,666 [pool-37-thread-1] INFO  server.RaftServerConfigKeys (ConfUtils.java:logGet(43)) - raft.server.log.segment.size.max = 1048576 (custom)
2019-10-01 20:19:07,666 [pool-47-thread-1] INFO  server.RaftServerConfigKeys (ConfUtils.java:logGet(43)) - raft.server.snapshot.retention.num.files = 5 (custom)
2019-10-01 20:19:07,666 [pool-68-thread-1] INFO  server.RaftServerConfigKeys (ConfUtils.java:logGet(43)) - raft.server.log.write.buffer.size = 33554432 (custom)
2019-10-01 20:19:07,666 [pool-47-thread-1] INFO  server.RaftServerConfigKeys (ConfUtils.java:logGet(43)) - raft.server.retrycache.expirytime = 600000ms (custom)
2019-10-01 20:19:07,666 [pool-37-thread-1] INFO  server.RaftServerConfigKeys (ConfUtils.java:logGet(43)) - raft.server.log.preallocated.size = 16384 (custom)
2019-10-01 20:19:07,666 [pool-68-thread-1] INFO  server.RaftServerConfigKeys (ConfUtils.java:logGet(43)) - raft.server.log.force.sync.num = 128 (default)
2019-10-01 20:19:07,667 [pool-37-thread-1] INFO  server.RaftServerConfigKeys (ConfUtils.java:logGet(43)) - raft.server.log.write.buffer.size = 33554432 (custom)
2019-10-01 20:19:07,667 [pool-68-thread-1] INFO  server.RaftServerConfigKeys (ConfUtils.java:logGet(43)) - raft.server.log.statemachine.data.sync = true (default)
2019-10-01 20:19:07,667 [pool-37-thread-1] INFO  server.RaftServerConfigKeys (ConfUtils.java:logGet(43)) - raft.server.log.force.sync.num = 128 (default)
2019-10-01 20:19:07,667 [pool-68-thread-1] INFO  server.RaftServerConfigKeys (ConfUtils.java:logGet(43)) - raft.server.log.statemachine.data.sync.timeout = 10s (default)
2019-10-01 20:19:07,667 [pool-37-thread-1] INFO  server.RaftServerConfigKeys (ConfUtils.java:logGet(43)) - raft.server.log.statemachine.data.sync = true (default)
2019-10-01 20:19:07,667 [pool-68-thread-1] INFO  server.RaftServerConfigKeys (ConfUtils.java:logGet(43)) - raft.server.log.statemachine.data.sync.timeout.retry = -1 (default)
2019-10-01 20:19:07,667 [pool-37-thread-1] INFO  server.RaftServerConfigKeys (ConfUtils.java:logGet(43)) - raft.server.log.statemachine.data.sync.timeout = 10s (default)
2019-10-01 20:19:07,667 [pool-68-thread-1] INFO  server.RaftServerConfigKeys (ConfUtils.java:logGet(43)) - raft.server.log.statemachine.data.caching.enabled = true (custom)
2019-10-01 20:19:07,667 [pool-37-thread-1] INFO  server.RaftServerConfigKeys (ConfUtils.java:logGet(43)) - raft.server.log.statemachine.data.sync.timeout.retry = -1 (default)
2019-10-01 20:19:07,668 [pool-68-thread-1] INFO  segmented.SegmentedRaftLogWorker (SegmentedRaftLogWorker.java:lambda$new$0(132)) - 28af574d-2172-4d1d-8894-6c49f9cc6298@group-0E4A1E1C5072-SegmentedRaftLogWorker: flushIndex: setUnconditionally 0 -> -1
2019-10-01 20:19:07,668 [pool-37-thread-1] INFO  server.RaftServerConfigKeys (ConfUtils.java:logGet(43)) - raft.server.log.statemachine.data.caching.enabled = true (custom)
2019-10-01 20:19:07,668 [pool-68-thread-1] INFO  server.RaftServerConfigKeys (ConfUtils.java:logGet(43)) - raft.server.snapshot.auto.trigger.enabled = true (custom)
2019-10-01 20:19:07,668 [pool-37-thread-1] INFO  segmented.SegmentedRaftLogWorker (SegmentedRaftLogWorker.java:lambda$new$0(132)) - dd72838a-f206-4369-be48-6b1e036e4dac@group-0E4A1E1C5072-SegmentedRaftLogWorker: flushIndex: setUnconditionally 0 -> -1
2019-10-01 20:19:07,668 [pool-68-thread-1] INFO  server.RaftServerConfigKeys (ConfUtils.java:logGet(43)) - raft.server.snapshot.auto.trigger.threshold = 10000 (custom)
2019-10-01 20:19:07,668 [pool-68-thread-1] INFO  server.RaftServerConfigKeys (ConfUtils.java:logGet(43)) - raft.server.snapshot.retention.num.files = 5 (custom)
2019-10-01 20:19:07,668 [pool-37-thread-1] INFO  server.RaftServerConfigKeys (ConfUtils.java:logGet(43)) - raft.server.snapshot.auto.trigger.enabled = true (custom)
2019-10-01 20:19:07,668 [pool-68-thread-1] INFO  server.RaftServerConfigKeys (ConfUtils.java:logGet(43)) - raft.server.retrycache.expirytime = 600000ms (custom)
2019-10-01 20:19:07,668 [pool-37-thread-1] INFO  server.RaftServerConfigKeys (ConfUtils.java:logGet(43)) - raft.server.snapshot.auto.trigger.threshold = 10000 (custom)
2019-10-01 20:19:07,669 [pool-37-thread-1] INFO  server.RaftServerConfigKeys (ConfUtils.java:logGet(43)) - raft.server.snapshot.retention.num.files = 5 (custom)
2019-10-01 20:19:07,669 [pool-37-thread-1] INFO  server.RaftServerConfigKeys (ConfUtils.java:logGet(43)) - raft.server.retrycache.expirytime = 600000ms (custom)
2019-10-01 20:19:07,669 [pool-47-thread-1] INFO  impl.RaftServerImpl (RaftServerImpl.java:start(185)) - c87755eb-8f71-406d-9b39-c7913bad0d26@group-0E4A1E1C5072: start as a follower, conf=-1: [28af574d-2172-4d1d-8894-6c49f9cc6298:192.168.151.103:43956, dd72838a-f206-4369-be48-6b1e036e4dac:192.168.151.103:34429, c87755eb-8f71-406d-9b39-c7913bad0d26:192.168.151.103:42498], old=null
2019-10-01 20:19:07,669 [pool-47-thread-1] INFO  impl.RaftServerImpl (RaftServerImpl.java:setRole(174)) - c87755eb-8f71-406d-9b39-c7913bad0d26@group-0E4A1E1C5072: changes role from      null to FOLLOWER at term 0 for startAsFollower
2019-10-01 20:19:07,670 [pool-47-thread-1] INFO  impl.RoleInfo (RoleInfo.java:updateAndGet(143)) - c87755eb-8f71-406d-9b39-c7913bad0d26: start FollowerState
2019-10-01 20:19:07,670 [pool-47-thread-1] INFO  util.JmxRegister (JmxRegister.java:tryRegister(44)) - Successfully registered JMX Bean with object name Ratis:service=RaftServer,group=group-0E4A1E1C5072,id=c87755eb-8f71-406d-9b39-c7913bad0d26
2019-10-01 20:19:07,671 [pool-68-thread-1] INFO  impl.RaftServerImpl (RaftServerImpl.java:start(185)) - 28af574d-2172-4d1d-8894-6c49f9cc6298@group-0E4A1E1C5072: start as a follower, conf=-1: [28af574d-2172-4d1d-8894-6c49f9cc6298:192.168.151.103:43956, dd72838a-f206-4369-be48-6b1e036e4dac:192.168.151.103:34429, c87755eb-8f71-406d-9b39-c7913bad0d26:192.168.151.103:42498], old=null
2019-10-01 20:19:07,672 [pool-68-thread-1] INFO  impl.RaftServerImpl (RaftServerImpl.java:setRole(174)) - 28af574d-2172-4d1d-8894-6c49f9cc6298@group-0E4A1E1C5072: changes role from      null to FOLLOWER at term 0 for startAsFollower
2019-10-01 20:19:07,672 [pool-37-thread-1] INFO  impl.RaftServerImpl (RaftServerImpl.java:start(185)) - dd72838a-f206-4369-be48-6b1e036e4dac@group-0E4A1E1C5072: start as a follower, conf=-1: [28af574d-2172-4d1d-8894-6c49f9cc6298:192.168.151.103:43956, dd72838a-f206-4369-be48-6b1e036e4dac:192.168.151.103:34429, c87755eb-8f71-406d-9b39-c7913bad0d26:192.168.151.103:42498], old=null
2019-10-01 20:19:07,672 [pool-68-thread-1] INFO  impl.RoleInfo (RoleInfo.java:updateAndGet(143)) - 28af574d-2172-4d1d-8894-6c49f9cc6298: start FollowerState
2019-10-01 20:19:07,672 [pool-37-thread-1] INFO  impl.RaftServerImpl (RaftServerImpl.java:setRole(174)) - dd72838a-f206-4369-be48-6b1e036e4dac@group-0E4A1E1C5072: changes role from      null to FOLLOWER at term 0 for startAsFollower
2019-10-01 20:19:07,672 [pool-37-thread-1] INFO  impl.RoleInfo (RoleInfo.java:updateAndGet(143)) - dd72838a-f206-4369-be48-6b1e036e4dac: start FollowerState
2019-10-01 20:19:07,672 [pool-68-thread-1] INFO  util.JmxRegister (JmxRegister.java:tryRegister(44)) - Successfully registered JMX Bean with object name Ratis:service=RaftServer,group=group-0E4A1E1C5072,id=28af574d-2172-4d1d-8894-6c49f9cc6298
2019-10-01 20:19:07,678 [pool-37-thread-1] INFO  util.JmxRegister (JmxRegister.java:tryRegister(44)) - Successfully registered JMX Bean with object name Ratis:service=RaftServer,group=group-0E4A1E1C5072,id=dd72838a-f206-4369-be48-6b1e036e4dac
2019-10-01 20:19:07,683 [RatisPipelineUtilsThread] INFO  pipeline.PipelineStateManager (PipelineStateManager.java:addPipeline(56)) - Created pipeline Pipeline[ Id: 396c3ff8-0b10-40af-affd-0e4a1e1c5072, Nodes: dd72838a-f206-4369-be48-6b1e036e4dac{ip: 192.168.151.103, host: pr-trunk-878pl-325597374, networkLocation: /default-rack, certSerialId: null}c87755eb-8f71-406d-9b39-c7913bad0d26{ip: 192.168.151.103, host: pr-trunk-878pl-325597374, networkLocation: /default-rack, certSerialId: null}28af574d-2172-4d1d-8894-6c49f9cc6298{ip: 192.168.151.103, host: pr-trunk-878pl-325597374, networkLocation: /default-rack, certSerialId: null}, Type:RATIS, Factor:THREE, State:OPEN]
2019-10-01 20:19:12,674 [Thread-789] INFO  impl.FollowerState (FollowerState.java:run(106)) - 28af574d-2172-4d1d-8894-6c49f9cc6298:group-0E4A1E1C5072 changes to CANDIDATE, lastRpcTime:5002, electionTimeout:5002ms
2019-10-01 20:19:12,675 [Thread-789] INFO  impl.RoleInfo (RoleInfo.java:shutdownFollowerState(121)) - 28af574d-2172-4d1d-8894-6c49f9cc6298: shutdown FollowerState
2019-10-01 20:19:12,675 [Thread-789] INFO  impl.RaftServerImpl (RaftServerImpl.java:setRole(174)) - 28af574d-2172-4d1d-8894-6c49f9cc6298@group-0E4A1E1C5072: changes role from  FOLLOWER to CANDIDATE at term 0 for changeToCandidate
2019-10-01 20:19:12,675 [Thread-789] INFO  impl.RoleInfo (RoleInfo.java:updateAndGet(143)) - 28af574d-2172-4d1d-8894-6c49f9cc6298: start LeaderElection
2019-10-01 20:19:12,699 [Thread-787] INFO  impl.FollowerState (FollowerState.java:run(106)) - c87755eb-8f71-406d-9b39-c7913bad0d26:group-0E4A1E1C5072 changes to CANDIDATE, lastRpcTime:5029, electionTimeout:5029ms
2019-10-01 20:19:12,700 [Thread-787] INFO  impl.RoleInfo (RoleInfo.java:shutdownFollowerState(121)) - c87755eb-8f71-406d-9b39-c7913bad0d26: shutdown FollowerState
2019-10-01 20:19:12,701 [Thread-787] INFO  impl.RaftServerImpl (RaftServerImpl.java:setRole(174)) - c87755eb-8f71-406d-9b39-c7913bad0d26@group-0E4A1E1C5072: changes role from  FOLLOWER to CANDIDATE at term 0 for changeToCandidate
2019-10-01 20:19:12,701 [Thread-787] INFO  impl.RoleInfo (RoleInfo.java:updateAndGet(143)) - c87755eb-8f71-406d-9b39-c7913bad0d26: start LeaderElection
2019-10-01 20:19:12,705 [28af574d-2172-4d1d-8894-6c49f9cc6298@group-0E4A1E1C5072:LeaderElection14] INFO  impl.LeaderElection (LeaderElection.java:askForVotes(182)) - 28af574d-2172-4d1d-8894-6c49f9cc6298@group-0E4A1E1C5072:LeaderElection14: begin an election at term 1 for -1: [28af574d-2172-4d1d-8894-6c49f9cc6298:192.168.151.103:43956, dd72838a-f206-4369-be48-6b1e036e4dac:192.168.151.103:34429, c87755eb-8f71-406d-9b39-c7913bad0d26:192.168.151.103:42498], old=null
2019-10-01 20:19:12,707 [c87755eb-8f71-406d-9b39-c7913bad0d26@group-0E4A1E1C5072:LeaderElection15] INFO  impl.LeaderElection (LeaderElection.java:askForVotes(182)) - c87755eb-8f71-406d-9b39-c7913bad0d26@group-0E4A1E1C5072:LeaderElection15: begin an election at term 1 for -1: [28af574d-2172-4d1d-8894-6c49f9cc6298:192.168.151.103:43956, dd72838a-f206-4369-be48-6b1e036e4dac:192.168.151.103:34429, c87755eb-8f71-406d-9b39-c7913bad0d26:192.168.151.103:42498], old=null
2019-10-01 20:19:12,721 [grpc-default-executor-4] INFO  impl.RaftServerImpl (RaftServerImpl.java:setRole(174)) - dd72838a-f206-4369-be48-6b1e036e4dac@group-0E4A1E1C5072: changes role from  FOLLOWER to FOLLOWER at term 1 for recognizeCandidate:28af574d-2172-4d1d-8894-6c49f9cc6298
2019-10-01 20:19:12,721 [grpc-default-executor-4] INFO  impl.RoleInfo (RoleInfo.java:shutdownFollowerState(121)) - dd72838a-f206-4369-be48-6b1e036e4dac: shutdown FollowerState
2019-10-01 20:19:12,721 [grpc-default-executor-4] INFO  impl.RoleInfo (RoleInfo.java:updateAndGet(143)) - dd72838a-f206-4369-be48-6b1e036e4dac: start FollowerState
2019-10-01 20:19:12,721 [Thread-790] INFO  impl.FollowerState (FollowerState.java:run(115)) - dd72838a-f206-4369-be48-6b1e036e4dac: FollowerState was interrupted: java.lang.InterruptedException: sleep interrupted
2019-10-01 20:19:12,738 [c87755eb-8f71-406d-9b39-c7913bad0d26@group-0E4A1E1C5072:LeaderElection15] INFO  impl.LeaderElection (LeaderElection.java:logAndReturn(56)) - c87755eb-8f71-406d-9b39-c7913bad0d26@group-0E4A1E1C5072:LeaderElection15: Election REJECTED; received 2 response(s) [c87755eb-8f71-406d-9b39-c7913bad0d26<-28af574d-2172-4d1d-8894-6c49f9cc6298#0:FAIL-t1, c87755eb-8f71-406d-9b39-c7913bad0d26<-dd72838a-f206-4369-be48-6b1e036e4dac#0:FAIL-t1] and 0 exception(s); c87755eb-8f71-406d-9b39-c7913bad0d26@group-0E4A1E1C5072:t1, leader=null, voted=c87755eb-8f71-406d-9b39-c7913bad0d26, raftlog=c87755eb-8f71-406d-9b39-c7913bad0d26@group-0E4A1E1C5072-SegmentedRaftLog:OPENED:c-1,f-1,i0, conf=-1: [28af574d-2172-4d1d-8894-6c49f9cc6298:192.168.151.103:43956, dd72838a-f206-4369-be48-6b1e036e4dac:192.168.151.103:34429, c87755eb-8f71-406d-9b39-c7913bad0d26:192.168.151.103:42498], old=null
2019-10-01 20:19:12,738 [28af574d-2172-4d1d-8894-6c49f9cc6298@group-0E4A1E1C5072:LeaderElection14] INFO  impl.LeaderElection (LeaderElection.java:logAndReturn(56)) - 28af574d-2172-4d1d-8894-6c49f9cc6298@group-0E4A1E1C5072:LeaderElection14: Election PASSED; received 2 response(s) [28af574d-2172-4d1d-8894-6c49f9cc6298<-c87755eb-8f71-406d-9b39-c7913bad0d26#0:FAIL-t1, 28af574d-2172-4d1d-8894-6c49f9cc6298<-dd72838a-f206-4369-be48-6b1e036e4dac#0:OK-t1] and 0 exception(s); 28af574d-2172-4d1d-8894-6c49f9cc6298@group-0E4A1E1C5072:t1, leader=null, voted=28af574d-2172-4d1d-8894-6c49f9cc6298, raftlog=28af574d-2172-4d1d-8894-6c49f9cc6298@group-0E4A1E1C5072-SegmentedRaftLog:OPENED:c-1,f-1,i0, conf=-1: [28af574d-2172-4d1d-8894-6c49f9cc6298:192.168.151.103:43956, dd72838a-f206-4369-be48-6b1e036e4dac:192.168.151.103:34429, c87755eb-8f71-406d-9b39-c7913bad0d26:192.168.151.103:42498], old=null
2019-10-01 20:19:12,738 [c87755eb-8f71-406d-9b39-c7913bad0d26@group-0E4A1E1C5072:LeaderElection15] INFO  impl.RaftServerImpl (RaftServerImpl.java:setRole(174)) - c87755eb-8f71-406d-9b39-c7913bad0d26@group-0E4A1E1C5072: changes role from CANDIDATE to FOLLOWER at term 1 for DISCOVERED_A_NEW_TERM
2019-10-01 20:19:12,741 [28af574d-2172-4d1d-8894-6c49f9cc6298@group-0E4A1E1C5072:LeaderElection14] INFO  impl.RoleInfo (RoleInfo.java:shutdownLeaderElection(134)) - 28af574d-2172-4d1d-8894-6c49f9cc6298: shutdown LeaderElection
2019-10-01 20:19:12,743 [c87755eb-8f71-406d-9b39-c7913bad0d26@group-0E4A1E1C5072:LeaderElection15] INFO  impl.RoleInfo (RoleInfo.java:shutdownLeaderElection(134)) - c87755eb-8f71-406d-9b39-c7913bad0d26: shutdown LeaderElection
2019-10-01 20:19:12,744 [28af574d-2172-4d1d-8894-6c49f9cc6298@group-0E4A1E1C5072:LeaderElection14] INFO  impl.RaftServerImpl (RaftServerImpl.java:setRole(174)) - 28af574d-2172-4d1d-8894-6c49f9cc6298@group-0E4A1E1C5072: changes role from CANDIDATE to LEADER at term 1 for changeToLeader
2019-10-01 20:19:12,744 [c87755eb-8f71-406d-9b39-c7913bad0d26@group-0E4A1E1C5072:LeaderElection15] INFO  impl.RoleInfo (RoleInfo.java:updateAndGet(143)) - c87755eb-8f71-406d-9b39-c7913bad0d26: start FollowerState
2019-10-01 20:19:12,744 [28af574d-2172-4d1d-8894-6c49f9cc6298@group-0E4A1E1C5072:LeaderElection14] INFO  impl.RaftServerImpl (ServerState.java:setLeader(253)) - 28af574d-2172-4d1d-8894-6c49f9cc6298@group-0E4A1E1C5072: change Leader from null to 28af574d-2172-4d1d-8894-6c49f9cc6298 at term 1 for becomeLeader, leader elected after 5082ms
2019-10-01 20:19:12,745 [28af574d-2172-4d1d-8894-6c49f9cc6298@group-0E4A1E1C5072:LeaderElection14] INFO  server.RaftServerConfigKeys (ConfUtils.java:logGet(43)) - raft.server.staging.catchup.gap = 1000 (default)
2019-10-01 20:19:12,745 [28af574d-2172-4d1d-8894-6c49f9cc6298@group-0E4A1E1C5072:LeaderElection14] INFO  server.RaftServerConfigKeys (ConfUtils.java:logGet(43)) - raft.server.rpc.sleep.time = 25ms (default)
2019-10-01 20:19:12,746 [28af574d-2172-4d1d-8894-6c49f9cc6298@group-0E4A1E1C5072:LeaderElection14] INFO  server.RaftServerConfigKeys (ConfUtils.java:logGet(43)) - raft.server.write.element-limit = 4096 (default)
2019-10-01 20:19:12,746 [28af574d-2172-4d1d-8894-6c49f9cc6298@group-0E4A1E1C5072:LeaderElection14] INFO  server.RaftServerConfigKeys (ConfUtils.java:logGet(43)) - raft.server.watch.timeout = 10s (default)
2019-10-01 20:19:12,746 [28af574d-2172-4d1d-8894-6c49f9cc6298@group-0E4A1E1C5072:LeaderElection14] INFO  server.RaftServerConfigKeys (ConfUtils.java:logGet(43)) - raft.server.watch.timeout.denomination = 1s (default)
2019-10-01 20:19:12,746 [28af574d-2172-4d1d-8894-6c49f9cc6298@group-0E4A1E1C5072:LeaderElection14] INFO  server.RaftServerConfigKeys (ConfUtils.java:logGet(43)) - raft.server.watch.element-limit = 65536 (default)
2019-10-01 20:19:12,748 [28af574d-2172-4d1d-8894-6c49f9cc6298@group-0E4A1E1C5072:LeaderElection14] INFO  server.RaftServerConfigKeys (ConfUtils.java:logGet(43)) - raft.server.log.appender.snapshot.chunk.size.max = 16MB (=16777216) (default)
2019-10-01 20:19:12,749 [28af574d-2172-4d1d-8894-6c49f9cc6298@group-0E4A1E1C5072:LeaderElection14] INFO  server.RaftServerConfigKeys (ConfUtils.java:logGet(43)) - raft.server.log.appender.buffer.byte-limit = 33554432 (custom)
2019-10-01 20:19:12,749 [28af574d-2172-4d1d-8894-6c49f9cc6298@group-0E4A1E1C5072:LeaderElection14] INFO  server.RaftServerConfigKeys (ConfUtils.java:logGet(43)) - raft.server.log.appender.buffer.element-limit = 1 (custom)
2019-10-01 20:19:12,749 [28af574d-2172-4d1d-8894-6c49f9cc6298@group-0E4A1E1C5072:LeaderElection14] INFO  grpc.GrpcConfigKeys$Server (ConfUtils.java:logGet(43)) - raft.grpc.server.leader.outstanding.appends.max = 128 (default)
2019-10-01 20:19:12,749 [28af574d-2172-4d1d-8894-6c49f9cc6298@group-0E4A1E1C5072:LeaderElection14] INFO  server.RaftServerConfigKeys (ConfUtils.java:logGet(43)) - raft.server.rpc.request.timeout = 3000ms (default)
2019-10-01 20:19:12,749 [28af574d-2172-4d1d-8894-6c49f9cc6298@group-0E4A1E1C5072:LeaderElection14] INFO  server.RaftServerConfigKeys (ConfUtils.java:logGet(43)) - raft.server.log.appender.install.snapshot.enabled = false (custom)
2019-10-01 20:19:12,749 [28af574d-2172-4d1d-8894-6c49f9cc6298@group-0E4A1E1C5072:LeaderElection14] INFO  server.RaftServerConfigKeys (ConfUtils.java:logGet(43)) - raft.server.log.appender.snapshot.chunk.size.max = 16MB (=16777216) (default)
2019-10-01 20:19:12,749 [28af574d-2172-4d1d-8894-6c49f9cc6298@group-0E4A1E1C5072:LeaderElection14] INFO  server.RaftServerConfigKeys (ConfUtils.java:logGet(43)) - raft.server.log.appender.buffer.byte-limit = 33554432 (custom)
2019-10-01 20:19:12,750 [28af574d-2172-4d1d-8894-6c49f9cc6298@group-0E4A1E1C5072:LeaderElection14] INFO  server.RaftServerConfigKeys (ConfUtils.java:logGet(43)) - raft.server.log.appender.buffer.element-limit = 1 (custom)
2019-10-01 20:19:12,750 [28af574d-2172-4d1d-8894-6c49f9cc6298@group-0E4A1E1C5072:LeaderElection14] INFO  grpc.GrpcConfigKeys$Server (ConfUtils.java:logGet(43)) - raft.grpc.server.leader.outstanding.appends.max = 128 (default)
2019-10-01 20:19:12,750 [28af574d-2172-4d1d-8894-6c49f9cc6298@group-0E4A1E1C5072:LeaderElection14] INFO  server.RaftServerConfigKeys (ConfUtils.java:logGet(43)) - raft.server.rpc.request.timeout = 3000ms (default)
2019-10-01 20:19:12,750 [28af574d-2172-4d1d-8894-6c49f9cc6298@group-0E4A1E1C5072:LeaderElection14] INFO  server.RaftServerConfigKeys (ConfUtils.java:logGet(43)) - raft.server.log.appender.install.snapshot.enabled = false (custom)
2019-10-01 20:19:12,750 [28af574d-2172-4d1d-8894-6c49f9cc6298@group-0E4A1E1C5072:LeaderElection14] INFO  impl.RoleInfo (RoleInfo.java:updateAndGet(143)) - 28af574d-2172-4d1d-8894-6c49f9cc6298: start LeaderState
2019-10-01 20:19:12,751 [28af574d-2172-4d1d-8894-6c49f9cc6298@group-0E4A1E1C5072:LeaderElection14] INFO  segmented.SegmentedRaftLogWorker (SegmentedRaftLogWorker.java:startLogSegment(380)) - 28af574d-2172-4d1d-8894-6c49f9cc6298@group-0E4A1E1C5072-SegmentedRaftLogWorker: Starting segment from index:0
2019-10-01 20:19:12,751 [28af574d-2172-4d1d-8894-6c49f9cc6298@group-0E4A1E1C5072:LeaderElection14] INFO  impl.RaftServerImpl (ServerState.java:setRaftConf(354)) - 28af574d-2172-4d1d-8894-6c49f9cc6298@group-0E4A1E1C5072: set configuration 0: [28af574d-2172-4d1d-8894-6c49f9cc6298:192.168.151.103:43956, dd72838a-f206-4369-be48-6b1e036e4dac:192.168.151.103:34429, c87755eb-8f71-406d-9b39-c7913bad0d26:192.168.151.103:42498], old=null at 0
2019-10-01 20:19:12,779 [grpc-default-executor-2] INFO  impl.RaftServerImpl (ServerState.java:setLeader(253)) - c87755eb-8f71-406d-9b39-c7913bad0d26@group-0E4A1E1C5072: change Leader from null to 28af574d-2172-4d1d-8894-6c49f9cc6298 at term 1 for appendEntries, leader elected after 5117ms
2019-10-01 20:19:12,779 [grpc-default-executor-4] INFO  impl.RaftServerImpl (ServerState.java:setLeader(253)) - dd72838a-f206-4369-be48-6b1e036e4dac@group-0E4A1E1C5072: change Leader from null to 28af574d-2172-4d1d-8894-6c49f9cc6298 at term 1 for appendEntries, leader elected after 5117ms
2019-10-01 20:19:12,781 [grpc-default-executor-4] INFO  impl.RaftServerImpl (ServerState.java:setRaftConf(354)) - c87755eb-8f71-406d-9b39-c7913bad0d26@group-0E4A1E1C5072: set configuration 0: [28af574d-2172-4d1d-8894-6c49f9cc6298:192.168.151.103:43956, dd72838a-f206-4369-be48-6b1e036e4dac:192.168.151.103:34429, c87755eb-8f71-406d-9b39-c7913bad0d26:192.168.151.103:42498], old=null at 0
2019-10-01 20:19:12,781 [grpc-default-executor-2] INFO  impl.RaftServerImpl (ServerState.java:setRaftConf(354)) - dd72838a-f206-4369-be48-6b1e036e4dac@group-0E4A1E1C5072: set configuration 0: [28af574d-2172-4d1d-8894-6c49f9cc6298:192.168.151.103:43956, dd72838a-f206-4369-be48-6b1e036e4dac:192.168.151.103:34429, c87755eb-8f71-406d-9b39-c7913bad0d26:192.168.151.103:42498], old=null at 0
2019-10-01 20:19:12,781 [grpc-default-executor-4] INFO  segmented.SegmentedRaftLogWorker (SegmentedRaftLogWorker.java:startLogSegment(380)) - c87755eb-8f71-406d-9b39-c7913bad0d26@group-0E4A1E1C5072-SegmentedRaftLogWorker: Starting segment from index:0
2019-10-01 20:19:12,782 [grpc-default-executor-2] INFO  segmented.SegmentedRaftLogWorker (SegmentedRaftLogWorker.java:startLogSegment(380)) - dd72838a-f206-4369-be48-6b1e036e4dac@group-0E4A1E1C5072-SegmentedRaftLogWorker: Starting segment from index:0
2019-10-01 20:19:12,791 [28af574d-2172-4d1d-8894-6c49f9cc6298@group-0E4A1E1C5072-SegmentedRaftLogWorker] INFO  segmented.SegmentedRaftLogWorker (SegmentedRaftLogWorker.java:execute(569)) - 28af574d-2172-4d1d-8894-6c49f9cc6298@group-0E4A1E1C5072-SegmentedRaftLogWorker: created new log segment /workdir/hadoop-ozone/ozonefs/target/test-dir/MiniOzoneClusterImpl-cc9961a9-1b1a-49c1-80c6-6d48514b4463/datanode-4/data/ratis/396c3ff8-0b10-40af-affd-0e4a1e1c5072/current/log_inprogress_0
2019-10-01 20:19:12,832 [c87755eb-8f71-406d-9b39-c7913bad0d26@group-0E4A1E1C5072-SegmentedRaftLogWorker] INFO  segmented.SegmentedRaftLogWorker (SegmentedRaftLogWorker.java:execute(569)) - c87755eb-8f71-406d-9b39-c7913bad0d26@group-0E4A1E1C5072-SegmentedRaftLogWorker: created new log segment /workdir/hadoop-ozone/ozonefs/target/test-dir/MiniOzoneClusterImpl-cc9961a9-1b1a-49c1-80c6-6d48514b4463/datanode-2/data/ratis/396c3ff8-0b10-40af-affd-0e4a1e1c5072/current/log_inprogress_0
2019-10-01 20:19:12,833 [dd72838a-f206-4369-be48-6b1e036e4dac@group-0E4A1E1C5072-SegmentedRaftLogWorker] INFO  segmented.SegmentedRaftLogWorker (SegmentedRaftLogWorker.java:execute(569)) - dd72838a-f206-4369-be48-6b1e036e4dac@group-0E4A1E1C5072-SegmentedRaftLogWorker: created new log segment /workdir/hadoop-ozone/ozonefs/target/test-dir/MiniOzoneClusterImpl-cc9961a9-1b1a-49c1-80c6-6d48514b4463/datanode-1/data/ratis/396c3ff8-0b10-40af-affd-0e4a1e1c5072/current/log_inprogress_0
2019-10-01 20:19:40,667 [java.util.concurrent.ThreadPoolExecutor$Worker@60d18d12[State = -1, empty queue]] WARN  server.GrpcLogAppender (GrpcLogAppender.java:timeoutAppendRequest(200)) - 28af574d-2172-4d1d-8894-6c49f9cc6298@group-0E4A1E1C5072->c87755eb-8f71-406d-9b39-c7913bad0d26-GrpcLogAppender: appendEntries Timeout, request=28af574d-2172-4d1d-8894-6c49f9cc6298->c87755eb-8f71-406d-9b39-c7913bad0d26#10-t1, previous=(t:1, i:0), leaderCommit=0, initializing? false, entries: <empty>
2019-10-01 20:19:40,667 [Thread-808] INFO  impl.FollowerState (FollowerState.java:run(106)) - c87755eb-8f71-406d-9b39-c7913bad0d26:group-0E4A1E1C5072 changes to CANDIDATE, lastRpcTime:5340, electionTimeout:5003ms
2019-10-01 20:19:40,667 [java.util.concurrent.ThreadPoolExecutor$Worker@601b30b[State = -1, empty queue]] WARN  server.GrpcLogAppender (GrpcLogAppender.java:timeoutAppendRequest(200)) - 28af574d-2172-4d1d-8894-6c49f9cc6298@group-0E4A1E1C5072->dd72838a-f206-4369-be48-6b1e036e4dac-GrpcLogAppender: appendEntries Timeout, request=28af574d-2172-4d1d-8894-6c49f9cc6298->dd72838a-f206-4369-be48-6b1e036e4dac#10-t1, previous=(t:1, i:0), leaderCommit=0, initializing? false, entries: <empty>
2019-10-01 20:19:40,667 [Thread-808] INFO  impl.RoleInfo (RoleInfo.java:shutdownFollowerState(121)) - c87755eb-8f71-406d-9b39-c7913bad0d26: shutdown FollowerState
2019-10-01 20:19:40,668 [Thread-808] INFO  impl.RaftServerImpl (RaftServerImpl.java:setRole(174)) - c87755eb-8f71-406d-9b39-c7913bad0d26@group-0E4A1E1C5072: changes role from  FOLLOWER to CANDIDATE at term 1 for changeToCandidate
2019-10-01 20:19:40,668 [Thread-808] INFO  impl.RoleInfo (RoleInfo.java:updateAndGet(143)) - c87755eb-8f71-406d-9b39-c7913bad0d26: start LeaderElection
2019-10-01 20:19:40,670 [grpc-default-executor-7] INFO  impl.RaftServerImpl (RaftServerImpl.java:setRole(174)) - c87755eb-8f71-406d-9b39-c7913bad0d26@group-0E4A1E1C5072: changes role from CANDIDATE to FOLLOWER at term 1 for appendEntries
2019-10-01 20:19:40,676 [grpc-default-executor-7] INFO  impl.RoleInfo (RoleInfo.java:shutdownLeaderElection(134)) - c87755eb-8f71-406d-9b39-c7913bad0d26: shutdown LeaderElection
2019-10-01 20:19:40,677 [grpc-default-executor-7] INFO  impl.RoleInfo (RoleInfo.java:updateAndGet(143)) - c87755eb-8f71-406d-9b39-c7913bad0d26: start FollowerState
2019-10-01 20:19:40,682 [grpc-default-executor-4] WARN  server.GrpcLogAppender (GrpcLogAppender.java:onNextImpl(251)) - 28af574d-2172-4d1d-8894-6c49f9cc6298@group-0E4A1E1C5072->dd72838a-f206-4369-be48-6b1e036e4dac-AppendLogResponseHandler: Request not found, ignoring reply: 28af574d-2172-4d1d-8894-6c49f9cc6298<-dd72838a-f206-4369-be48-6b1e036e4dac#10:OK,SUCCESS,nextIndex:1,term:1,followerCommit:0
2019-10-01 20:19:40,684 [c87755eb-8f71-406d-9b39-c7913bad0d26@group-0E4A1E1C5072:LeaderElection16] INFO  impl.RaftServerImpl (ServerState.java:setLeader(253)) - c87755eb-8f71-406d-9b39-c7913bad0d26@group-0E4A1E1C5072: change Leader from 28af574d-2172-4d1d-8894-6c49f9cc6298 to null at term 1 for initElection
2019-10-01 20:19:40,713 [c87755eb-8f71-406d-9b39-c7913bad0d26@group-0E4A1E1C5072:LeaderElection16] INFO  impl.LeaderElection (LeaderElection.java:askForVotes(182)) - c87755eb-8f71-406d-9b39-c7913bad0d26@group-0E4A1E1C5072:LeaderElection16: begin an election at term 2 for 0: [28af574d-2172-4d1d-8894-6c49f9cc6298:192.168.151.103:43956, dd72838a-f206-4369-be48-6b1e036e4dac:192.168.151.103:34429, c87755eb-8f71-406d-9b39-c7913bad0d26:192.168.151.103:42498], old=null
2019-10-01 20:19:40,713 [c87755eb-8f71-406d-9b39-c7913bad0d26@group-0E4A1E1C5072:LeaderElection16] INFO  impl.LeaderElection (LeaderElection.java:logAndReturn(56)) - c87755eb-8f71-406d-9b39-c7913bad0d26@group-0E4A1E1C5072:LeaderElection16: Election REJECTED; received 0 response(s) [] and 0 exception(s); c87755eb-8f71-406d-9b39-c7913bad0d26@group-0E4A1E1C5072:t2, leader=null, voted=c87755eb-8f71-406d-9b39-c7913bad0d26, raftlog=c87755eb-8f71-406d-9b39-c7913bad0d26@group-0E4A1E1C5072-SegmentedRaftLog:OPENED:c0,f0,i0, conf=0: [28af574d-2172-4d1d-8894-6c49f9cc6298:192.168.151.103:43956, dd72838a-f206-4369-be48-6b1e036e4dac:192.168.151.103:34429, c87755eb-8f71-406d-9b39-c7913bad0d26:192.168.151.103:42498], old=null
2019-10-01 20:19:40,715 [grpc-default-executor-7] WARN  server.GrpcLogAppender (GrpcLogAppender.java:onNextImpl(251)) - 28af574d-2172-4d1d-8894-6c49f9cc6298@group-0E4A1E1C5072->c87755eb-8f71-406d-9b39-c7913bad0d26-AppendLogResponseHandler: Request not found, ignoring reply: 28af574d-2172-4d1d-8894-6c49f9cc6298<-c87755eb-8f71-406d-9b39-c7913bad0d26#10:OK,SUCCESS,nextIndex:1,term:1,followerCommit:0
2019-10-01 20:19:40,716 [grpc-default-executor-4] INFO  impl.RaftServerImpl (ServerState.java:setLeader(253)) - dd72838a-f206-4369-be48-6b1e036e4dac@group-0E4A1E1C5072: change Leader from 28af574d-2172-4d1d-8894-6c49f9cc6298 to null at term 2 for updateCurrentTerm
2019-10-01 20:19:40,718 [grpc-default-executor-2] INFO  impl.RaftServerImpl (ServerState.java:setLeader(253)) - 28af574d-2172-4d1d-8894-6c49f9cc6298@group-0E4A1E1C5072: change Leader from 28af574d-2172-4d1d-8894-6c49f9cc6298 to null at term 2 for updateCurrentTerm
2019-10-01 20:19:40,718 [grpc-default-executor-4] INFO  impl.RaftServerImpl (RaftServerImpl.java:setRole(174)) - dd72838a-f206-4369-be48-6b1e036e4dac@group-0E4A1E1C5072: changes role from  FOLLOWER to FOLLOWER at term 2 for recognizeCandidate:c87755eb-8f71-406d-9b39-c7913bad0d26
2019-10-01 20:19:40,718 [grpc-default-executor-2] INFO  impl.RaftServerImpl (RaftServerImpl.java:setRole(174)) - 28af574d-2172-4d1d-8894-6c49f9cc6298@group-0E4A1E1C5072: changes role from    LEADER to FOLLOWER at term 2 for recognizeCandidate:c87755eb-8f71-406d-9b39-c7913bad0d26
2019-10-01 20:19:40,718 [grpc-default-executor-4] INFO  impl.RoleInfo (RoleInfo.java:shutdownFollowerState(121)) - dd72838a-f206-4369-be48-6b1e036e4dac: shutdown FollowerState
2019-10-01 20:19:40,718 [grpc-default-executor-2] INFO  impl.RoleInfo (RoleInfo.java:shutdownLeaderState(104)) - 28af574d-2172-4d1d-8894-6c49f9cc6298: shutdown LeaderState
2019-10-01 20:19:40,718 [grpc-default-executor-4] INFO  impl.RoleInfo (RoleInfo.java:updateAndGet(143)) - dd72838a-f206-4369-be48-6b1e036e4dac: start FollowerState
2019-10-01 20:19:40,721 [org.apache.ratis.server.impl.LogAppender$AppenderDaemon$$Lambda$503/498285707@1ab8fbed] WARN  server.GrpcLogAppender (GrpcLogAppender.java:mayWait(143)) - 28af574d-2172-4d1d-8894-6c49f9cc6298@group-0E4A1E1C5072->dd72838a-f206-4369-be48-6b1e036e4dac-GrpcLogAppender: Wait interrupted by java.lang.InterruptedException
2019-10-01 20:19:40,721 [grpc-default-executor-2] INFO  impl.PendingRequests (PendingRequests.java:sendNotLeaderResponses(202)) - 28af574d-2172-4d1d-8894-6c49f9cc6298-PendingRequests: sendNotLeaderResponses
2019-10-01 20:19:40,720 [org.apache.ratis.server.impl.LogAppender$AppenderDaemon$$Lambda$503/498285707@5f9777d1] WARN  server.GrpcLogAppender (GrpcLogAppender.java:mayWait(143)) - 28af574d-2172-4d1d-8894-6c49f9cc6298@group-0E4A1E1C5072->c87755eb-8f71-406d-9b39-c7913bad0d26-GrpcLogAppender: Wait interrupted by java.lang.InterruptedException
2019-10-01 20:19:40,718 [Thread-807] INFO  impl.FollowerState (FollowerState.java:run(115)) - dd72838a-f206-4369-be48-6b1e036e4dac: FollowerState was interrupted: java.lang.InterruptedException: sleep interrupted
2019-10-01 20:19:40,723 [grpc-default-executor-2] INFO  impl.RoleInfo (RoleInfo.java:updateAndGet(143)) - 28af574d-2172-4d1d-8894-6c49f9cc6298: start FollowerState
2019-10-01 20:19:40,725 [grpc-default-executor-1] INFO  server.GrpcServerProtocolService (GrpcServerProtocolService.java:onCompleted(113)) - c87755eb-8f71-406d-9b39-c7913bad0d26: Completed APPEND_ENTRIES, lastRequest: 28af574d-2172-4d1d-8894-6c49f9cc6298->c87755eb-8f71-406d-9b39-c7913bad0d26#11-t1, previous=(t:1, i:0), leaderCommit=0, initializing? false, entries: <empty>
2019-10-01 20:19:40,723 [grpc-default-executor-7] INFO  server.GrpcServerProtocolService (GrpcServerProtocolService.java:onCompleted(113)) - dd72838a-f206-4369-be48-6b1e036e4dac: Completed APPEND_ENTRIES, lastRequest: 28af574d-2172-4d1d-8894-6c49f9cc6298->dd72838a-f206-4369-be48-6b1e036e4dac#12-t1, previous=(t:1, i:0), leaderCommit=0, initializing? false, entries: <empty>
2019-10-01 20:19:40,725 [grpc-default-executor-7] INFO  server.GrpcLogAppender (GrpcLogAppender.java:onCompleted(293)) - 28af574d-2172-4d1d-8894-6c49f9cc6298@group-0E4A1E1C5072->c87755eb-8f71-406d-9b39-c7913bad0d26-AppendLogResponseHandler: follower responses appendEntries COMPLETED
2019-10-01 20:19:40,725 [grpc-default-executor-1] INFO  server.GrpcLogAppender (GrpcLogAppender.java:onCompleted(293)) - 28af574d-2172-4d1d-8894-6c49f9cc6298@group-0E4A1E1C5072->dd72838a-f206-4369-be48-6b1e036e4dac-AppendLogResponseHandler: follower responses appendEntries COMPLETED
2019-10-01 20:19:40,725 [grpc-default-executor-7] INFO  impl.FollowerInfo (FollowerInfo.java:lambda$new$0(51)) - 28af574d-2172-4d1d-8894-6c49f9cc6298@group-0E4A1E1C5072->c87755eb-8f71-406d-9b39-c7913bad0d26: nextIndex: updateUnconditionally 1 -> 0
2019-10-01 20:19:40,726 [grpc-default-executor-1] INFO  impl.FollowerInfo (FollowerInfo.java:lambda$new$0(51)) - 28af574d-2172-4d1d-8894-6c49f9cc6298@group-0E4A1E1C5072->dd72838a-f206-4369-be48-6b1e036e4dac: nextIndex: updateUnconditionally 1 -> 0
2019-10-01 20:19:40,726 [grpc-default-executor-8] WARN  server.GrpcLogAppender (LogUtils.java:warn(134)) - 28af574d-2172-4d1d-8894-6c49f9cc6298@group-2AB7C805D054->c87755eb-8f71-406d-9b39-c7913bad0d26-AppendLogResponseHandler: Failed appendEntries: org.apache.ratis.thirdparty.io.grpc.StatusRuntimeException: UNAVAILABLE: Channel shutdownNow invoked
2019-10-01 20:19:40,726 [grpc-default-executor-7] WARN  server.GrpcLogAppender (LogUtils.java:warn(134)) - 28af574d-2172-4d1d-8894-6c49f9cc6298@group-2AB7C805D054->dd72838a-f206-4369-be48-6b1e036e4dac-AppendLogResponseHandler: Failed appendEntries: org.apache.ratis.thirdparty.io.grpc.StatusRuntimeException: UNAVAILABLE: Channel shutdownNow invoked
2019-10-01 20:19:40,726 [grpc-default-executor-1] WARN  server.GrpcServerProtocolService (LogUtils.java:warn(134)) - c87755eb-8f71-406d-9b39-c7913bad0d26: installSnapshot onError, lastRequest: 28af574d-2172-4d1d-8894-6c49f9cc6298->c87755eb-8f71-406d-9b39-c7913bad0d26#25-t1, previous=(t:1, i:2), leaderCommit=0, initializing? false, entries: <empty>: org.apache.ratis.thirdparty.io.grpc.StatusRuntimeException: CANCELLED: cancelled before receiving half close
2019-10-01 20:19:40,726 [grpc-default-executor-8] INFO  impl.FollowerInfo (FollowerInfo.java:lambda$new$0(51)) - 28af574d-2172-4d1d-8894-6c49f9cc6298@group-2AB7C805D054->c87755eb-8f71-406d-9b39-c7913bad0d26: nextIndex: updateUnconditionally 3 -> 2
2019-10-01 20:19:40,726 [grpc-default-executor-7] INFO  impl.FollowerInfo (FollowerInfo.java:lambda$new$0(51)) - 28af574d-2172-4d1d-8894-6c49f9cc6298@group-2AB7C805D054->dd72838a-f206-4369-be48-6b1e036e4dac: nextIndex: updateUnconditionally 3 -> 2
2019-10-01 20:19:40,726 [grpc-default-executor-10] WARN  server.GrpcServerProtocolService (LogUtils.java:warn(134)) - dd72838a-f206-4369-be48-6b1e036e4dac: installSnapshot onError, lastRequest: 28af574d-2172-4d1d-8894-6c49f9cc6298->dd72838a-f206-4369-be48-6b1e036e4dac#25-t1, previous=(t:1, i:2), leaderCommit=0, initializing? false, entries: <empty>: org.apache.ratis.thirdparty.io.grpc.StatusRuntimeException: CANCELLED: cancelled before receiving half close
2019-10-01 20:19:45,760 [Thread-872] INFO  impl.FollowerState (FollowerState.java:run(106)) - c87755eb-8f71-406d-9b39-c7913bad0d26:group-0E4A1E1C5072 changes to CANDIDATE, lastRpcTime:5073, electionTimeout:5073ms
2019-10-01 20:19:45,760 [Thread-872] INFO  impl.RoleInfo (RoleInfo.java:shutdownFollowerState(121)) - c87755eb-8f71-406d-9b39-c7913bad0d26: shutdown FollowerState
2019-10-01 20:19:45,761 [Thread-872] INFO  impl.RaftServerImpl (RaftServerImpl.java:setRole(174)) - c87755eb-8f71-406d-9b39-c7913bad0d26@group-0E4A1E1C5072: changes role from  FOLLOWER to CANDIDATE at term 2 for changeToCandidate
2019-10-01 20:19:45,761 [Thread-872] INFO  impl.RoleInfo (RoleInfo.java:updateAndGet(143)) - c87755eb-8f71-406d-9b39-c7913bad0d26: start LeaderElection
2019-10-01 20:19:45,763 [Thread-880] INFO  impl.FollowerState (FollowerState.java:run(106)) - 28af574d-2172-4d1d-8894-6c49f9cc6298:group-0E4A1E1C5072 changes to CANDIDATE, lastRpcTime:5039, electionTimeout:5038ms
2019-10-01 20:19:45,763 [Thread-880] INFO  impl.RoleInfo (RoleInfo.java:shutdownFollowerState(121)) - 28af574d-2172-4d1d-8894-6c49f9cc6298: shutdown FollowerState
2019-10-01 20:19:45,763 [Thread-880] INFO  impl.RaftServerImpl (RaftServerImpl.java:setRole(174)) - 28af574d-2172-4d1d-8894-6c49f9cc6298@group-0E4A1E1C5072: changes role from  FOLLOWER to CANDIDATE at term 2 for changeToCandidate
2019-10-01 20:19:45,763 [Thread-880] INFO  impl.RoleInfo (RoleInfo.java:updateAndGet(143)) - 28af574d-2172-4d1d-8894-6c49f9cc6298: start LeaderElection
2019-10-01 20:19:45,770 [Thread-879] INFO  impl.FollowerState (FollowerState.java:run(106)) - dd72838a-f206-4369-be48-6b1e036e4dac:group-0E4A1E1C5072 changes to CANDIDATE, lastRpcTime:5051, electionTimeout:5048ms
2019-10-01 20:19:45,771 [Thread-879] INFO  impl.RoleInfo (RoleInfo.java:shutdownFollowerState(121)) - dd72838a-f206-4369-be48-6b1e036e4dac: shutdown FollowerState
2019-10-01 20:19:45,771 [Thread-879] INFO  impl.RaftServerImpl (RaftServerImpl.java:setRole(174)) - dd72838a-f206-4369-be48-6b1e036e4dac@group-0E4A1E1C5072: changes role from  FOLLOWER to CANDIDATE at term 2 for changeToCandidate
2019-10-01 20:19:45,771 [Thread-879] INFO  impl.RoleInfo (RoleInfo.java:updateAndGet(143)) - dd72838a-f206-4369-be48-6b1e036e4dac: start LeaderElection
2019-10-01 20:19:45,780 [dd72838a-f206-4369-be48-6b1e036e4dac@group-0E4A1E1C5072:LeaderElection19] INFO  impl.LeaderElection (LeaderElection.java:askForVotes(182)) - dd72838a-f206-4369-be48-6b1e036e4dac@group-0E4A1E1C5072:LeaderElection19: begin an election at term 3 for 0: [28af574d-2172-4d1d-8894-6c49f9cc6298:192.168.151.103:43956, dd72838a-f206-4369-be48-6b1e036e4dac:192.168.151.103:34429, c87755eb-8f71-406d-9b39-c7913bad0d26:192.168.151.103:42498], old=null
2019-10-01 20:19:45,780 [28af574d-2172-4d1d-8894-6c49f9cc6298@group-0E4A1E1C5072:LeaderElection18] INFO  impl.LeaderElection (LeaderElection.java:askForVotes(182)) - 28af574d-2172-4d1d-8894-6c49f9cc6298@group-0E4A1E1C5072:LeaderElection18: begin an election at term 3 for 0: [28af574d-2172-4d1d-8894-6c49f9cc6298:192.168.151.103:43956, dd72838a-f206-4369-be48-6b1e036e4dac:192.168.151.103:34429, c87755eb-8f71-406d-9b39-c7913bad0d26:192.168.151.103:42498], old=null
2019-10-01 20:19:45,780 [c87755eb-8f71-406d-9b39-c7913bad0d26@group-0E4A1E1C5072:LeaderElection17] INFO  impl.LeaderElection (LeaderElection.java:askForVotes(182)) - c87755eb-8f71-406d-9b39-c7913bad0d26@group-0E4A1E1C5072:LeaderElection17: begin an election at term 3 for 0: [28af574d-2172-4d1d-8894-6c49f9cc6298:192.168.151.103:43956, dd72838a-f206-4369-be48-6b1e036e4dac:192.168.151.103:34429, c87755eb-8f71-406d-9b39-c7913bad0d26:192.168.151.103:42498], old=null
2019-10-01 20:19:45,786 [c87755eb-8f71-406d-9b39-c7913bad0d26@group-0E4A1E1C5072:LeaderElection17] INFO  impl.LeaderElection (LeaderElection.java:logAndReturn(56)) - c87755eb-8f71-406d-9b39-c7913bad0d26@group-0E4A1E1C5072:LeaderElection17: Election REJECTED; received 2 response(s) [c87755eb-8f71-406d-9b39-c7913bad0d26<-28af574d-2172-4d1d-8894-6c49f9cc6298#0:FAIL-t3, c87755eb-8f71-406d-9b39-c7913bad0d26<-dd72838a-f206-4369-be48-6b1e036e4dac#0:FAIL-t3] and 0 exception(s); c87755eb-8f71-406d-9b39-c7913bad0d26@group-0E4A1E1C5072:t3, leader=null, voted=c87755eb-8f71-406d-9b39-c7913bad0d26, raftlog=c87755eb-8f71-406d-9b39-c7913bad0d26@group-0E4A1E1C5072-SegmentedRaftLog:OPENED:c0,f0,i0, conf=0: [28af574d-2172-4d1d-8894-6c49f9cc6298:192.168.151.103:43956, dd72838a-f206-4369-be48-6b1e036e4dac:192.168.151.103:34429, c87755eb-8f71-406d-9b39-c7913bad0d26:192.168.151.103:42498], old=null
2019-10-01 20:19:45,786 [c87755eb-8f71-406d-9b39-c7913bad0d26@group-0E4A1E1C5072:LeaderElection17] INFO  impl.RaftServerImpl (RaftServerImpl.java:setRole(174)) - c87755eb-8f71-406d-9b39-c7913bad0d26@group-0E4A1E1C5072: changes role from CANDIDATE to FOLLOWER at term 3 for DISCOVERED_A_NEW_TERM
2019-10-01 20:19:45,789 [c87755eb-8f71-406d-9b39-c7913bad0d26@group-0E4A1E1C5072:LeaderElection17] INFO  impl.RoleInfo (RoleInfo.java:shutdownLeaderElection(134)) - c87755eb-8f71-406d-9b39-c7913bad0d26: shutdown LeaderElection
2019-10-01 20:19:45,789 [c87755eb-8f71-406d-9b39-c7913bad0d26@group-0E4A1E1C5072:LeaderElection17] INFO  impl.RoleInfo (RoleInfo.java:updateAndGet(143)) - c87755eb-8f71-406d-9b39-c7913bad0d26: start FollowerState
2019-10-01 20:19:45,789 [dd72838a-f206-4369-be48-6b1e036e4dac@group-0E4A1E1C5072:LeaderElection19] INFO  impl.LeaderElection (LeaderElection.java:logAndReturn(56)) - dd72838a-f206-4369-be48-6b1e036e4dac@group-0E4A1E1C5072:LeaderElection19: Election REJECTED; received 2 response(s) [dd72838a-f206-4369-be48-6b1e036e4dac<-28af574d-2172-4d1d-8894-6c49f9cc6298#0:FAIL-t3, dd72838a-f206-4369-be48-6b1e036e4dac<-c87755eb-8f71-406d-9b39-c7913bad0d26#0:FAIL-t3] and 0 exception(s); dd72838a-f206-4369-be48-6b1e036e4dac@group-0E4A1E1C5072:t3, leader=null, voted=dd72838a-f206-4369-be48-6b1e036e4dac, raftlog=dd72838a-f206-4369-be48-6b1e036e4dac@group-0E4A1E1C5072-SegmentedRaftLog:OPENED:c0,f0,i0, conf=0: [28af574d-2172-4d1d-8894-6c49f9cc6298:192.168.151.103:43956, dd72838a-f206-4369-be48-6b1e036e4dac:192.168.151.103:34429, c87755eb-8f71-406d-9b39-c7913bad0d26:192.168.151.103:42498], old=null
2019-10-01 20:19:45,789 [28af574d-2172-4d1d-8894-6c49f9cc6298@group-0E4A1E1C5072:LeaderElection18] INFO  impl.LeaderElection (LeaderElection.java:logAndReturn(56)) - 28af574d-2172-4d1d-8894-6c49f9cc6298@group-0E4A1E1C5072:LeaderElection18: Election REJECTED; received 2 response(s) [28af574d-2172-4d1d-8894-6c49f9cc6298<-c87755eb-8f71-406d-9b39-c7913bad0d26#0:FAIL-t3, 28af574d-2172-4d1d-8894-6c49f9cc6298<-dd72838a-f206-4369-be48-6b1e036e4dac#0:FAIL-t3] and 0 exception(s); 28af574d-2172-4d1d-8894-6c49f9cc6298@group-0E4A1E1C5072:t3, leader=null, voted=28af574d-2172-4d1d-8894-6c49f9cc6298, raftlog=28af574d-2172-4d1d-8894-6c49f9cc6298@group-0E4A1E1C5072-SegmentedRaftLog:OPENED:c0,f0,i0, conf=0: [28af574d-2172-4d1d-8894-6c49f9cc6298:192.168.151.103:43956, dd72838a-f206-4369-be48-6b1e036e4dac:192.168.151.103:34429, c87755eb-8f71-406d-9b39-c7913bad0d26:192.168.151.103:42498], old=null
2019-10-01 20:19:45,791 [dd72838a-f206-4369-be48-6b1e036e4dac@group-0E4A1E1C5072:LeaderElection19] INFO  impl.RaftServerImpl (RaftServerImpl.java:setRole(174)) - dd72838a-f206-4369-be48-6b1e036e4dac@group-0E4A1E1C5072: changes role from CANDIDATE to FOLLOWER at term 3 for DISCOVERED_A_NEW_TERM
2019-10-01 20:19:45,794 [28af574d-2172-4d1d-8894-6c49f9cc6298@group-0E4A1E1C5072:LeaderElection18] INFO  impl.RaftServerImpl (RaftServerImpl.java:setRole(174)) - 28af574d-2172-4d1d-8894-6c49f9cc6298@group-0E4A1E1C5072: changes role from CANDIDATE to FOLLOWER at term 3 for DISCOVERED_A_NEW_TERM
2019-10-01 20:19:45,795 [dd72838a-f206-4369-be48-6b1e036e4dac@group-0E4A1E1C5072:LeaderElection19] INFO  impl.RoleInfo (RoleInfo.java:shutdownLeaderElection(134)) - dd72838a-f206-4369-be48-6b1e036e4dac: shutdown LeaderElection
2019-10-01 20:19:45,802 [28af574d-2172-4d1d-8894-6c49f9cc6298@group-0E4A1E1C5072:LeaderElection18] INFO  impl.RoleInfo (RoleInfo.java:shutdownLeaderElection(134)) - 28af574d-2172-4d1d-8894-6c49f9cc6298: shutdown LeaderElection
2019-10-01 20:19:45,803 [dd72838a-f206-4369-be48-6b1e036e4dac@group-0E4A1E1C5072:LeaderElection19] INFO  impl.RoleInfo (RoleInfo.java:updateAndGet(143)) - dd72838a-f206-4369-be48-6b1e036e4dac: start FollowerState
2019-10-01 20:19:45,803 [28af574d-2172-4d1d-8894-6c49f9cc6298@group-0E4A1E1C5072:LeaderElection18] INFO  impl.RoleInfo (RoleInfo.java:updateAndGet(143)) - 28af574d-2172-4d1d-8894-6c49f9cc6298: start FollowerState
2019-10-01 20:19:47,727 [grpc-default-worker-ELG-3-4] WARN  nio.NioEventLoop (NioEventLoop.java:select(786)) - Selector.select() returned prematurely {} times in a row; rebuilding Selector {}.
2019-10-01 20:19:47,730 [grpc-default-worker-ELG-3-4] INFO  nio.NioEventLoop (NioEventLoop.java:rebuildSelector0(396)) - Migrated 5 channel(s) to the new Selector.
2019-10-01 20:19:48,333 [grpc-default-executor-1] INFO  impl.RaftServerProxy (RaftServerProxy.java:remove(95)) - dd72838a-f206-4369-be48-6b1e036e4dac: remove  FOLLOWER dd72838a-f206-4369-be48-6b1e036e4dac@group-2AB7C805D054:t1, leader=28af574d-2172-4d1d-8894-6c49f9cc6298, voted=dd72838a-f206-4369-be48-6b1e036e4dac, raftlog=dd72838a-f206-4369-be48-6b1e036e4dac@group-2AB7C805D054-SegmentedRaftLog:OPENED:c0,f2,i2, conf=0: [28af574d-2172-4d1d-8894-6c49f9cc6298:192.168.151.103:43956, dd72838a-f206-4369-be48-6b1e036e4dac:192.168.151.103:34429, c87755eb-8f71-406d-9b39-c7913bad0d26:192.168.151.103:42498], old=null RUNNING
2019-10-01 20:19:48,333 [grpc-default-executor-1] INFO  impl.RaftServerImpl (RaftServerImpl.java:lambda$shutdown$3(251)) - dd72838a-f206-4369-be48-6b1e036e4dac@group-2AB7C805D054: shutdown
2019-10-01 20:19:48,333 [grpc-default-executor-1] INFO  util.JmxRegister (JmxRegister.java:unregister(73)) - Successfully un-registered JMX Bean with object name Ratis:service=RaftServer,group=group-2AB7C805D054,id=dd72838a-f206-4369-be48-6b1e036e4dac
2019-10-01 20:19:48,333 [grpc-default-executor-1] INFO  impl.RoleInfo (RoleInfo.java:shutdownFollowerState(121)) - dd72838a-f206-4369-be48-6b1e036e4dac: shutdown FollowerState
2019-10-01 20:19:48,333 [grpc-default-executor-1] INFO  impl.StateMachineUpdater (StateMachineUpdater.java:stopAndJoin(125)) - dd72838a-f206-4369-be48-6b1e036e4dac@group-2AB7C805D054-StateMachineUpdater: set stopIndex = 0
2019-10-01 20:19:48,333 [Thread-691] INFO  impl.FollowerState (FollowerState.java:run(115)) - dd72838a-f206-4369-be48-6b1e036e4dac: FollowerState was interrupted: java.lang.InterruptedException: sleep interrupted
2019-10-01 20:19:48,334 [grpc-default-executor-1] INFO  impl.RaftServerImpl (ServerState.java:close(385)) - dd72838a-f206-4369-be48-6b1e036e4dac@group-2AB7C805D054: closes. applyIndex: 0
2019-10-01 20:19:48,339 [dd72838a-f206-4369-be48-6b1e036e4dac@group-2AB7C805D054-SegmentedRaftLogWorker] INFO  segmented.SegmentedRaftLogWorker (SegmentedRaftLogWorker.java:run(313)) - dd72838a-f206-4369-be48-6b1e036e4dac@group-2AB7C805D054-SegmentedRaftLogWorker was interrupted, exiting. There are 0 tasks remaining in the queue.
2019-10-01 20:19:48,341 [grpc-default-executor-1] INFO  segmented.SegmentedRaftLogWorker (SegmentedRaftLogWorker.java:close(228)) - dd72838a-f206-4369-be48-6b1e036e4dac@group-2AB7C805D054-SegmentedRaftLogWorker close()
2019-10-01 20:19:48,414 [grpc-default-executor-1] INFO  interfaces.Container (KeyValueContainer.java:flushAndSyncDB(386)) - Container 4 is synced with bcsId 0.
2019-10-01 20:19:48,414 [grpc-default-executor-1] INFO  interfaces.Container (KeyValueContainer.java:flushAndSyncDB(386)) - Container 4 is synced with bcsId 0.
2019-10-01 20:19:48,432 [EventQueue-IncrementalContainerReportForIncrementalContainerReportHandler] INFO  container.IncrementalContainerReportHandler (AbstractContainerReportHandler.java:updateContainerState(169)) - Moving container #4 to QUASI_CLOSED state, datanode dd72838a-f206-4369-be48-6b1e036e4dac{ip: 192.168.151.103, host: pr-trunk-878pl-325597374, networkLocation: /default-rack, certSerialId: null} reported QUASI_CLOSED replica.
2019-10-01 20:19:48,436 [grpc-default-executor-1] INFO  impl.RaftServerProxy (RaftServerProxy.java:remove(95)) - c87755eb-8f71-406d-9b39-c7913bad0d26: remove  FOLLOWER c87755eb-8f71-406d-9b39-c7913bad0d26@group-2AB7C805D054:t1, leader=28af574d-2172-4d1d-8894-6c49f9cc6298, voted=28af574d-2172-4d1d-8894-6c49f9cc6298, raftlog=c87755eb-8f71-406d-9b39-c7913bad0d26@group-2AB7C805D054-SegmentedRaftLog:OPENED:c0,f2,i2, conf=0: [28af574d-2172-4d1d-8894-6c49f9cc6298:192.168.151.103:43956, dd72838a-f206-4369-be48-6b1e036e4dac:192.168.151.103:34429, c87755eb-8f71-406d-9b39-c7913bad0d26:192.168.151.103:42498], old=null RUNNING
2019-10-01 20:19:48,436 [grpc-default-executor-1] INFO  impl.RaftServerImpl (RaftServerImpl.java:lambda$shutdown$3(251)) - c87755eb-8f71-406d-9b39-c7913bad0d26@group-2AB7C805D054: shutdown
2019-10-01 20:19:48,436 [grpc-default-executor-1] INFO  util.JmxRegister (JmxRegister.java:unregister(73)) - Successfully un-registered JMX Bean with object name Ratis:service=RaftServer,group=group-2AB7C805D054,id=c87755eb-8f71-406d-9b39-c7913bad0d26
2019-10-01 20:19:48,436 [grpc-default-executor-1] INFO  impl.RoleInfo (RoleInfo.java:shutdownFollowerState(121)) - c87755eb-8f71-406d-9b39-c7913bad0d26: shutdown FollowerState
2019-10-01 20:19:48,437 [grpc-default-executor-1] INFO  impl.StateMachineUpdater (StateMachineUpdater.java:stopAndJoin(125)) - c87755eb-8f71-406d-9b39-c7913bad0d26@group-2AB7C805D054-StateMachineUpdater: set stopIndex = 0
2019-10-01 20:19:48,437 [Thread-682] INFO  impl.FollowerState (FollowerState.java:run(115)) - c87755eb-8f71-406d-9b39-c7913bad0d26: FollowerState was interrupted: java.lang.InterruptedException: sleep interrupted
2019-10-01 20:19:48,440 [grpc-default-executor-1] INFO  impl.RaftServerImpl (ServerState.java:close(385)) - c87755eb-8f71-406d-9b39-c7913bad0d26@group-2AB7C805D054: closes. applyIndex: 0
2019-10-01 20:19:48,440 [c87755eb-8f71-406d-9b39-c7913bad0d26@group-2AB7C805D054-SegmentedRaftLogWorker] INFO  segmented.SegmentedRaftLogWorker (SegmentedRaftLogWorker.java:run(313)) - c87755eb-8f71-406d-9b39-c7913bad0d26@group-2AB7C805D054-SegmentedRaftLogWorker was interrupted, exiting. There are 0 tasks remaining in the queue.
2019-10-01 20:19:48,441 [grpc-default-executor-1] INFO  segmented.SegmentedRaftLogWorker (SegmentedRaftLogWorker.java:close(228)) - c87755eb-8f71-406d-9b39-c7913bad0d26@group-2AB7C805D054-SegmentedRaftLogWorker close()
2019-10-01 20:19:48,510 [grpc-default-executor-1] INFO  interfaces.Container (KeyValueContainer.java:flushAndSyncDB(386)) - Container 4 is synced with bcsId 0.
2019-10-01 20:19:48,510 [grpc-default-executor-1] INFO  interfaces.Container (KeyValueContainer.java:flushAndSyncDB(386)) - Container 4 is synced with bcsId 0.
2019-10-01 20:19:48,528 [grpc-default-executor-1] INFO  impl.RaftServerProxy (RaftServerProxy.java:remove(95)) - 28af574d-2172-4d1d-8894-6c49f9cc6298: remove    LEADER 28af574d-2172-4d1d-8894-6c49f9cc6298@group-2AB7C805D054:t1, leader=28af574d-2172-4d1d-8894-6c49f9cc6298, voted=28af574d-2172-4d1d-8894-6c49f9cc6298, raftlog=28af574d-2172-4d1d-8894-6c49f9cc6298@group-2AB7C805D054-SegmentedRaftLog:OPENED:c0,f0,i2, conf=0: [28af574d-2172-4d1d-8894-6c49f9cc6298:192.168.151.103:43956, dd72838a-f206-4369-be48-6b1e036e4dac:192.168.151.103:34429, c87755eb-8f71-406d-9b39-c7913bad0d26:192.168.151.103:42498], old=null RUNNING
2019-10-01 20:19:48,528 [grpc-default-executor-1] INFO  impl.RaftServerImpl (RaftServerImpl.java:lambda$shutdown$3(251)) - 28af574d-2172-4d1d-8894-6c49f9cc6298@group-2AB7C805D054: shutdown
2019-10-01 20:19:48,529 [grpc-default-executor-1] INFO  util.JmxRegister (JmxRegister.java:unregister(73)) - Successfully un-registered JMX Bean with object name Ratis:service=RaftServer,group=group-2AB7C805D054,id=28af574d-2172-4d1d-8894-6c49f9cc6298
2019-10-01 20:19:48,529 [grpc-default-executor-1] INFO  impl.RoleInfo (RoleInfo.java:shutdownLeaderState(104)) - 28af574d-2172-4d1d-8894-6c49f9cc6298: shutdown LeaderState
2019-10-01 20:19:48,531 [org.apache.ratis.server.impl.LogAppender$AppenderDaemon$$Lambda$503/498285707@74703753] WARN  server.GrpcLogAppender (GrpcLogAppender.java:mayWait(143)) - 28af574d-2172-4d1d-8894-6c49f9cc6298@group-2AB7C805D054->dd72838a-f206-4369-be48-6b1e036e4dac-GrpcLogAppender: Wait interrupted by java.lang.InterruptedException
2019-10-01 20:19:48,532 [org.apache.ratis.server.impl.LogAppender$AppenderDaemon$$Lambda$503/498285707@19b40c38] WARN  server.GrpcLogAppender (GrpcLogAppender.java:mayWait(143)) - 28af574d-2172-4d1d-8894-6c49f9cc6298@group-2AB7C805D054->c87755eb-8f71-406d-9b39-c7913bad0d26-GrpcLogAppender: Wait interrupted by java.lang.InterruptedException
2019-10-01 20:19:48,532 [grpc-default-executor-1] INFO  impl.PendingRequests (PendingRequests.java:sendNotLeaderResponses(202)) - 28af574d-2172-4d1d-8894-6c49f9cc6298-PendingRequests: sendNotLeaderResponses
2019-10-01 20:19:48,533 [grpc-default-executor-10] INFO  server.GrpcServerProtocolService (GrpcServerProtocolService.java:onCompleted(113)) - dd72838a-f206-4369-be48-6b1e036e4dac: Completed APPEND_ENTRIES, lastRequest: 28af574d-2172-4d1d-8894-6c49f9cc6298->dd72838a-f206-4369-be48-6b1e036e4dac#29-t1, previous=(t:1, i:2), leaderCommit=0, initializing? false, entries: <empty>
2019-10-01 20:19:48,533 [grpc-default-executor-4] INFO  server.GrpcServerProtocolService (GrpcServerProtocolService.java:onCompleted(113)) - c87755eb-8f71-406d-9b39-c7913bad0d26: Completed APPEND_ENTRIES, lastRequest: 28af574d-2172-4d1d-8894-6c49f9cc6298->c87755eb-8f71-406d-9b39-c7913bad0d26#29-t1, previous=(t:1, i:2), leaderCommit=0, initializing? false, entries: <empty>
2019-10-01 20:19:48,535 [grpc-default-executor-1] INFO  impl.StateMachineUpdater (StateMachineUpdater.java:stopAndJoin(125)) - 28af574d-2172-4d1d-8894-6c49f9cc6298@group-2AB7C805D054-StateMachineUpdater: set stopIndex = 0
2019-10-01 20:19:48,535 [grpc-default-executor-10] INFO  server.GrpcLogAppender (GrpcLogAppender.java:onCompleted(293)) - 28af574d-2172-4d1d-8894-6c49f9cc6298@group-2AB7C805D054->dd72838a-f206-4369-be48-6b1e036e4dac-AppendLogResponseHandler: follower responses appendEntries COMPLETED
2019-10-01 20:19:48,535 [grpc-default-executor-1] INFO  impl.RaftServerImpl (ServerState.java:close(385)) - 28af574d-2172-4d1d-8894-6c49f9cc6298@group-2AB7C805D054: closes. applyIndex: 0
2019-10-01 20:19:48,535 [grpc-default-executor-2] INFO  server.GrpcLogAppender (GrpcLogAppender.java:onCompleted(293)) - 28af574d-2172-4d1d-8894-6c49f9cc6298@group-2AB7C805D054->c87755eb-8f71-406d-9b39-c7913bad0d26-AppendLogResponseHandler: follower responses appendEntries COMPLETED
2019-10-01 20:19:48,536 [grpc-default-executor-10] INFO  impl.FollowerInfo (FollowerInfo.java:lambda$new$0(51)) - 28af574d-2172-4d1d-8894-6c49f9cc6298@group-2AB7C805D054->dd72838a-f206-4369-be48-6b1e036e4dac: nextIndex: updateUnconditionally 3 -> 2
2019-10-01 20:19:48,538 [grpc-default-executor-2] INFO  impl.FollowerInfo (FollowerInfo.java:lambda$new$0(51)) - 28af574d-2172-4d1d-8894-6c49f9cc6298@group-2AB7C805D054->c87755eb-8f71-406d-9b39-c7913bad0d26: nextIndex: updateUnconditionally 3 -> 2
2019-10-01 20:19:48,537 [28af574d-2172-4d1d-8894-6c49f9cc6298@group-2AB7C805D054-SegmentedRaftLogWorker] INFO  segmented.SegmentedRaftLogWorker (SegmentedRaftLogWorker.java:run(313)) - 28af574d-2172-4d1d-8894-6c49f9cc6298@group-2AB7C805D054-SegmentedRaftLogWorker was interrupted, exiting. There are 0 tasks remaining in the queue.
2019-10-01 20:19:48,538 [grpc-default-executor-1] INFO  segmented.SegmentedRaftLogWorker (SegmentedRaftLogWorker.java:close(228)) - 28af574d-2172-4d1d-8894-6c49f9cc6298@group-2AB7C805D054-SegmentedRaftLogWorker close()
2019-10-01 20:19:48,541 [RatisPipelineUtilsThread] INFO  pipeline.PipelineStateManager (PipelineStateManager.java:removePipeline(108)) - Pipeline Pipeline[ Id: c3cfe72c-e4e7-46d1-ace5-2ab7c805d054, Nodes: dd72838a-f206-4369-be48-6b1e036e4dac{ip: 192.168.151.103, host: pr-trunk-878pl-325597374, networkLocation: /default-rack, certSerialId: null}c87755eb-8f71-406d-9b39-c7913bad0d26{ip: 192.168.151.103, host: pr-trunk-878pl-325597374, networkLocation: /default-rack, certSerialId: null}28af574d-2172-4d1d-8894-6c49f9cc6298{ip: 192.168.151.103, host: pr-trunk-878pl-325597374, networkLocation: /default-rack, certSerialId: null}, Type:RATIS, Factor:THREE, State:CLOSED] removed from db
2019-10-01 20:19:48,543 [grpc-default-executor-1] INFO  impl.RaftServerProxy (RaftServerProxy.java:remove(95)) - dd72838a-f206-4369-be48-6b1e036e4dac: remove group-2AB7C805D054:null
2019-10-01 20:19:48,547 [RatisPipelineUtilsThread] WARN  pipeline.RatisPipelineUtils (RatisPipelineUtils.java:destroyPipeline(67)) - Pipeline destroy failed for pipeline=PipelineID=c3cfe72c-e4e7-46d1-ace5-2ab7c805d054 dn=dd72838a-f206-4369-be48-6b1e036e4dac{ip: 192.168.151.103, host: pr-trunk-878pl-325597374, networkLocation: /default-rack, certSerialId: null}
2019-10-01 20:19:48,550 [grpc-default-executor-1] INFO  impl.RaftServerProxy (RaftServerProxy.java:remove(95)) - c87755eb-8f71-406d-9b39-c7913bad0d26: remove group-2AB7C805D054:null
2019-10-01 20:19:48,554 [RatisPipelineUtilsThread] WARN  pipeline.RatisPipelineUtils (RatisPipelineUtils.java:destroyPipeline(67)) - Pipeline destroy failed for pipeline=PipelineID=c3cfe72c-e4e7-46d1-ace5-2ab7c805d054 dn=c87755eb-8f71-406d-9b39-c7913bad0d26{ip: 192.168.151.103, host: pr-trunk-878pl-325597374, networkLocation: /default-rack, certSerialId: null}
2019-10-01 20:19:48,557 [grpc-default-executor-1] INFO  impl.RaftServerProxy (RaftServerProxy.java:remove(95)) - 28af574d-2172-4d1d-8894-6c49f9cc6298: remove group-2AB7C805D054:null
2019-10-01 20:19:48,561 [RatisPipelineUtilsThread] WARN  pipeline.RatisPipelineUtils (RatisPipelineUtils.java:destroyPipeline(67)) - Pipeline destroy failed for pipeline=PipelineID=c3cfe72c-e4e7-46d1-ace5-2ab7c805d054 dn=28af574d-2172-4d1d-8894-6c49f9cc6298{ip: 192.168.151.103, host: pr-trunk-878pl-325597374, networkLocation: /default-rack, certSerialId: null}
2019-10-01 20:19:48,561 [RatisPipelineUtilsThread] ERROR pipeline.SCMPipelineManager (Scheduler.java:lambda$schedule$1(70)) - Destroy pipeline failed for pipeline:Pipeline[ Id: c3cfe72c-e4e7-46d1-ace5-2ab7c805d054, Nodes: dd72838a-f206-4369-be48-6b1e036e4dac{ip: 192.168.151.103, host: pr-trunk-878pl-325597374, networkLocation: /default-rack, certSerialId: null}c87755eb-8f71-406d-9b39-c7913bad0d26{ip: 192.168.151.103, host: pr-trunk-878pl-325597374, networkLocation: /default-rack, certSerialId: null}28af574d-2172-4d1d-8894-6c49f9cc6298{ip: 192.168.151.103, host: pr-trunk-878pl-325597374, networkLocation: /default-rack, certSerialId: null}, Type:RATIS, Factor:THREE, State:CLOSED]
org.apache.hadoop.hdds.scm.pipeline.PipelineNotFoundException: PipelineID=c3cfe72c-e4e7-46d1-ace5-2ab7c805d054 not found
	at org.apache.hadoop.hdds.scm.pipeline.PipelineStateMap.getPipeline(PipelineStateMap.java:132)
	at org.apache.hadoop.hdds.scm.pipeline.PipelineStateMap.removePipeline(PipelineStateMap.java:322)
	at org.apache.hadoop.hdds.scm.pipeline.PipelineStateManager.removePipeline(PipelineStateManager.java:107)
	at org.apache.hadoop.hdds.scm.pipeline.SCMPipelineManager.removePipeline(SCMPipelineManager.java:427)
	at org.apache.hadoop.hdds.scm.pipeline.SCMPipelineManager.destroyPipeline(SCMPipelineManager.java:413)
	at org.apache.hadoop.hdds.scm.pipeline.SCMPipelineManager.lambda$finalizeAndDestroyPipeline$0(SCMPipelineManager.java:322)
	at org.apache.hadoop.hdds.utils.Scheduler.lambda$schedule$1(Scheduler.java:68)
	at java.util.concurrent.Executors$RunnableAdapter.call(Executors.java:511)
	at java.util.concurrent.FutureTask.run(FutureTask.java:266)
	at java.util.concurrent.ScheduledThreadPoolExecutor$ScheduledFutureTask.access$201(ScheduledThreadPoolExecutor.java:180)
	at java.util.concurrent.ScheduledThreadPoolExecutor$ScheduledFutureTask.run(ScheduledThreadPoolExecutor.java:293)
	at java.util.concurrent.ThreadPoolExecutor.runWorker(ThreadPoolExecutor.java:1149)
	at java.util.concurrent.ThreadPoolExecutor$Worker.run(ThreadPoolExecutor.java:624)
	at java.lang.Thread.run(Thread.java:748)
2019-10-01 20:19:49,548 [Thread-646] WARN  io.KeyOutputStream (KeyOutputStream.java:handleException(274)) - Encountered exception java.io.IOException: Unexpected Storage Container Exception: java.util.concurrent.CompletionException: java.util.concurrent.CompletionException: org.apache.ratis.protocol.GroupMismatchException: 28af574d-2172-4d1d-8894-6c49f9cc6298: group-2AB7C805D054 not found. on the pipeline Pipeline[ Id: c3cfe72c-e4e7-46d1-ace5-2ab7c805d054, Nodes: dd72838a-f206-4369-be48-6b1e036e4dac{ip: 192.168.151.103, host: pr-trunk-878pl-325597374, networkLocation: /default-rack, certSerialId: null}c87755eb-8f71-406d-9b39-c7913bad0d26{ip: 192.168.151.103, host: pr-trunk-878pl-325597374, networkLocation: /default-rack, certSerialId: null}28af574d-2172-4d1d-8894-6c49f9cc6298{ip: 192.168.151.103, host: pr-trunk-878pl-325597374, networkLocation: /default-rack, certSerialId: null}, Type:RATIS, Factor:THREE, State:OPEN]. The last committed block length is 0, uncommitted data length is 26 retry count 0
2019-10-01 20:19:50,608 [grpc-default-executor-1] WARN  client.GrpcClientProtocolService (LogUtils.java:warn(134)) - 54-OrderedRequestStreamObserver54: onError: org.apache.ratis.thirdparty.io.grpc.StatusRuntimeException: CANCELLED: cancelled before receiving half close
2019-10-01 20:19:50,807 [Thread-900] INFO  impl.FollowerState (FollowerState.java:run(106)) - dd72838a-f206-4369-be48-6b1e036e4dac:group-0E4A1E1C5072 changes to CANDIDATE, lastRpcTime:5003, electionTimeout:5001ms
2019-10-01 20:19:50,809 [Thread-900] INFO  impl.RoleInfo (RoleInfo.java:shutdownFollowerState(121)) - dd72838a-f206-4369-be48-6b1e036e4dac: shutdown FollowerState
2019-10-01 20:19:50,810 [Thread-900] INFO  impl.RaftServerImpl (RaftServerImpl.java:setRole(174)) - dd72838a-f206-4369-be48-6b1e036e4dac@group-0E4A1E1C5072: changes role from  FOLLOWER to CANDIDATE at term 3 for changeToCandidate
2019-10-01 20:19:50,810 [Thread-900] INFO  impl.RoleInfo (RoleInfo.java:updateAndGet(143)) - dd72838a-f206-4369-be48-6b1e036e4dac: start LeaderElection
2019-10-01 20:19:50,816 [Thread-899] INFO  impl.FollowerState (FollowerState.java:run(106)) - c87755eb-8f71-406d-9b39-c7913bad0d26:group-0E4A1E1C5072 changes to CANDIDATE, lastRpcTime:5026, electionTimeout:5022ms
2019-10-01 20:19:50,816 [Thread-899] INFO  impl.RoleInfo (RoleInfo.java:shutdownFollowerState(121)) - c87755eb-8f71-406d-9b39-c7913bad0d26: shutdown FollowerState
2019-10-01 20:19:50,816 [Thread-899] INFO  impl.RaftServerImpl (RaftServerImpl.java:setRole(174)) - c87755eb-8f71-406d-9b39-c7913bad0d26@group-0E4A1E1C5072: changes role from  FOLLOWER to CANDIDATE at term 3 for changeToCandidate
2019-10-01 20:19:50,816 [Thread-899] INFO  impl.RoleInfo (RoleInfo.java:updateAndGet(143)) - c87755eb-8f71-406d-9b39-c7913bad0d26: start LeaderElection
2019-10-01 20:19:50,835 [c87755eb-8f71-406d-9b39-c7913bad0d26@group-0E4A1E1C5072:LeaderElection21] INFO  impl.LeaderElection (LeaderElection.java:askForVotes(182)) - c87755eb-8f71-406d-9b39-c7913bad0d26@group-0E4A1E1C5072:LeaderElection21: begin an election at term 4 for 0: [28af574d-2172-4d1d-8894-6c49f9cc6298:192.168.151.103:43956, dd72838a-f206-4369-be48-6b1e036e4dac:192.168.151.103:34429, c87755eb-8f71-406d-9b39-c7913bad0d26:192.168.151.103:42498], old=null
2019-10-01 20:19:50,835 [dd72838a-f206-4369-be48-6b1e036e4dac@group-0E4A1E1C5072:LeaderElection20] INFO  impl.LeaderElection (LeaderElection.java:askForVotes(182)) - dd72838a-f206-4369-be48-6b1e036e4dac@group-0E4A1E1C5072:LeaderElection20: begin an election at term 4 for 0: [28af574d-2172-4d1d-8894-6c49f9cc6298:192.168.151.103:43956, dd72838a-f206-4369-be48-6b1e036e4dac:192.168.151.103:34429, c87755eb-8f71-406d-9b39-c7913bad0d26:192.168.151.103:42498], old=null
2019-10-01 20:19:50,837 [grpc-default-executor-2] INFO  impl.RaftServerImpl (RaftServerImpl.java:setRole(174)) - 28af574d-2172-4d1d-8894-6c49f9cc6298@group-0E4A1E1C5072: changes role from  FOLLOWER to FOLLOWER at term 4 for recognizeCandidate:c87755eb-8f71-406d-9b39-c7913bad0d26
2019-10-01 20:19:50,838 [grpc-default-executor-2] INFO  impl.RoleInfo (RoleInfo.java:shutdownFollowerState(121)) - 28af574d-2172-4d1d-8894-6c49f9cc6298: shutdown FollowerState
2019-10-01 20:19:50,838 [grpc-default-executor-2] INFO  impl.RoleInfo (RoleInfo.java:updateAndGet(143)) - 28af574d-2172-4d1d-8894-6c49f9cc6298: start FollowerState
2019-10-01 20:19:50,838 [Thread-901] INFO  impl.FollowerState (FollowerState.java:run(115)) - 28af574d-2172-4d1d-8894-6c49f9cc6298: FollowerState was interrupted: java.lang.InterruptedException: sleep interrupted
2019-10-01 20:19:50,854 [dd72838a-f206-4369-be48-6b1e036e4dac@group-0E4A1E1C5072:LeaderElection20] INFO  impl.LeaderElection (LeaderElection.java:logAndReturn(56)) - dd72838a-f206-4369-be48-6b1e036e4dac@group-0E4A1E1C5072:LeaderElection20: Election REJECTED; received 2 response(s) [dd72838a-f206-4369-be48-6b1e036e4dac<-28af574d-2172-4d1d-8894-6c49f9cc6298#0:FAIL-t4, dd72838a-f206-4369-be48-6b1e036e4dac<-c87755eb-8f71-406d-9b39-c7913bad0d26#0:FAIL-t4] and 0 exception(s); dd72838a-f206-4369-be48-6b1e036e4dac@group-0E4A1E1C5072:t4, leader=null, voted=dd72838a-f206-4369-be48-6b1e036e4dac, raftlog=dd72838a-f206-4369-be48-6b1e036e4dac@group-0E4A1E1C5072-SegmentedRaftLog:OPENED:c0,f0,i0, conf=0: [28af574d-2172-4d1d-8894-6c49f9cc6298:192.168.151.103:43956, dd72838a-f206-4369-be48-6b1e036e4dac:192.168.151.103:34429, c87755eb-8f71-406d-9b39-c7913bad0d26:192.168.151.103:42498], old=null
2019-10-01 20:19:50,854 [dd72838a-f206-4369-be48-6b1e036e4dac@group-0E4A1E1C5072:LeaderElection20] INFO  impl.RaftServerImpl (RaftServerImpl.java:setRole(174)) - dd72838a-f206-4369-be48-6b1e036e4dac@group-0E4A1E1C5072: changes role from CANDIDATE to FOLLOWER at term 4 for DISCOVERED_A_NEW_TERM
2019-10-01 20:19:50,856 [dd72838a-f206-4369-be48-6b1e036e4dac@group-0E4A1E1C5072:LeaderElection20] INFO  impl.RoleInfo (RoleInfo.java:shutdownLeaderElection(134)) - dd72838a-f206-4369-be48-6b1e036e4dac: shutdown LeaderElection
2019-10-01 20:19:50,856 [dd72838a-f206-4369-be48-6b1e036e4dac@group-0E4A1E1C5072:LeaderElection20] INFO  impl.RoleInfo (RoleInfo.java:updateAndGet(143)) - dd72838a-f206-4369-be48-6b1e036e4dac: start FollowerState
2019-10-01 20:19:50,857 [c87755eb-8f71-406d-9b39-c7913bad0d26@group-0E4A1E1C5072:LeaderElection21] INFO  impl.LeaderElection (LeaderElection.java:logAndReturn(56)) - c87755eb-8f71-406d-9b39-c7913bad0d26@group-0E4A1E1C5072:LeaderElection21: Election PASSED; received 2 response(s) [c87755eb-8f71-406d-9b39-c7913bad0d26<-28af574d-2172-4d1d-8894-6c49f9cc6298#0:OK-t4, c87755eb-8f71-406d-9b39-c7913bad0d26<-dd72838a-f206-4369-be48-6b1e036e4dac#0:FAIL-t4] and 0 exception(s); c87755eb-8f71-406d-9b39-c7913bad0d26@group-0E4A1E1C5072:t4, leader=null, voted=c87755eb-8f71-406d-9b39-c7913bad0d26, raftlog=c87755eb-8f71-406d-9b39-c7913bad0d26@group-0E4A1E1C5072-SegmentedRaftLog:OPENED:c0,f0,i0, conf=0: [28af574d-2172-4d1d-8894-6c49f9cc6298:192.168.151.103:43956, dd72838a-f206-4369-be48-6b1e036e4dac:192.168.151.103:34429, c87755eb-8f71-406d-9b39-c7913bad0d26:192.168.151.103:42498], old=null
2019-10-01 20:19:50,860 [c87755eb-8f71-406d-9b39-c7913bad0d26@group-0E4A1E1C5072:LeaderElection21] INFO  impl.RoleInfo (RoleInfo.java:shutdownLeaderElection(134)) - c87755eb-8f71-406d-9b39-c7913bad0d26: shutdown LeaderElection
2019-10-01 20:19:50,864 [c87755eb-8f71-406d-9b39-c7913bad0d26@group-0E4A1E1C5072:LeaderElection21] INFO  impl.RaftServerImpl (RaftServerImpl.java:setRole(174)) - c87755eb-8f71-406d-9b39-c7913bad0d26@group-0E4A1E1C5072: changes role from CANDIDATE to LEADER at term 4 for changeToLeader
2019-10-01 20:19:50,864 [c87755eb-8f71-406d-9b39-c7913bad0d26@group-0E4A1E1C5072:LeaderElection21] INFO  impl.RaftServerImpl (ServerState.java:setLeader(253)) - c87755eb-8f71-406d-9b39-c7913bad0d26@group-0E4A1E1C5072: change Leader from null to c87755eb-8f71-406d-9b39-c7913bad0d26 at term 4 for becomeLeader, leader elected after 10180ms
2019-10-01 20:19:50,865 [c87755eb-8f71-406d-9b39-c7913bad0d26@group-0E4A1E1C5072:LeaderElection21] INFO  server.RaftServerConfigKeys (ConfUtils.java:logGet(43)) - raft.server.staging.catchup.gap = 1000 (default)
2019-10-01 20:19:50,865 [c87755eb-8f71-406d-9b39-c7913bad0d26@group-0E4A1E1C5072:LeaderElection21] INFO  server.RaftServerConfigKeys (ConfUtils.java:logGet(43)) - raft.server.rpc.sleep.time = 25ms (default)
2019-10-01 20:19:50,865 [c87755eb-8f71-406d-9b39-c7913bad0d26@group-0E4A1E1C5072:LeaderElection21] INFO  server.RaftServerConfigKeys (ConfUtils.java:logGet(43)) - raft.server.write.element-limit = 4096 (default)
2019-10-01 20:19:50,865 [c87755eb-8f71-406d-9b39-c7913bad0d26@group-0E4A1E1C5072:LeaderElection21] INFO  server.RaftServerConfigKeys (ConfUtils.java:logGet(43)) - raft.server.watch.timeout = 10s (default)
2019-10-01 20:19:50,866 [c87755eb-8f71-406d-9b39-c7913bad0d26@group-0E4A1E1C5072:LeaderElection21] INFO  server.RaftServerConfigKeys (ConfUtils.java:logGet(43)) - raft.server.watch.timeout.denomination = 1s (default)
2019-10-01 20:19:50,866 [c87755eb-8f71-406d-9b39-c7913bad0d26@group-0E4A1E1C5072:LeaderElection21] INFO  server.RaftServerConfigKeys (ConfUtils.java:logGet(43)) - raft.server.watch.element-limit = 65536 (default)
2019-10-01 20:19:50,869 [c87755eb-8f71-406d-9b39-c7913bad0d26@group-0E4A1E1C5072:LeaderElection21] INFO  server.RaftServerConfigKeys (ConfUtils.java:logGet(43)) - raft.server.log.appender.snapshot.chunk.size.max = 16MB (=16777216) (default)
2019-10-01 20:19:50,870 [c87755eb-8f71-406d-9b39-c7913bad0d26@group-0E4A1E1C5072:LeaderElection21] INFO  server.RaftServerConfigKeys (ConfUtils.java:logGet(43)) - raft.server.log.appender.buffer.byte-limit = 33554432 (custom)
2019-10-01 20:19:50,870 [c87755eb-8f71-406d-9b39-c7913bad0d26@group-0E4A1E1C5072:LeaderElection21] INFO  server.RaftServerConfigKeys (ConfUtils.java:logGet(43)) - raft.server.log.appender.buffer.element-limit = 1 (custom)
2019-10-01 20:19:50,870 [c87755eb-8f71-406d-9b39-c7913bad0d26@group-0E4A1E1C5072:LeaderElection21] INFO  grpc.GrpcConfigKeys$Server (ConfUtils.java:logGet(43)) - raft.grpc.server.leader.outstanding.appends.max = 128 (default)
2019-10-01 20:19:50,870 [c87755eb-8f71-406d-9b39-c7913bad0d26@group-0E4A1E1C5072:LeaderElection21] INFO  server.RaftServerConfigKeys (ConfUtils.java:logGet(43)) - raft.server.rpc.request.timeout = 3000ms (default)
2019-10-01 20:19:50,870 [c87755eb-8f71-406d-9b39-c7913bad0d26@group-0E4A1E1C5072:LeaderElection21] INFO  server.RaftServerConfigKeys (ConfUtils.java:logGet(43)) - raft.server.log.appender.install.snapshot.enabled = false (custom)
2019-10-01 20:19:50,871 [c87755eb-8f71-406d-9b39-c7913bad0d26@group-0E4A1E1C5072:LeaderElection21] INFO  server.RaftServerConfigKeys (ConfUtils.java:logGet(43)) - raft.server.log.appender.snapshot.chunk.size.max = 16MB (=16777216) (default)
2019-10-01 20:19:50,871 [c87755eb-8f71-406d-9b39-c7913bad0d26@group-0E4A1E1C5072:LeaderElection21] INFO  server.RaftServerConfigKeys (ConfUtils.java:logGet(43)) - raft.server.log.appender.buffer.byte-limit = 33554432 (custom)
2019-10-01 20:19:50,871 [c87755eb-8f71-406d-9b39-c7913bad0d26@group-0E4A1E1C5072:LeaderElection21] INFO  server.RaftServerConfigKeys (ConfUtils.java:logGet(43)) - raft.server.log.appender.buffer.element-limit = 1 (custom)
2019-10-01 20:19:50,871 [c87755eb-8f71-406d-9b39-c7913bad0d26@group-0E4A1E1C5072:LeaderElection21] INFO  grpc.GrpcConfigKeys$Server (ConfUtils.java:logGet(43)) - raft.grpc.server.leader.outstanding.appends.max = 128 (default)
2019-10-01 20:19:50,871 [c87755eb-8f71-406d-9b39-c7913bad0d26@group-0E4A1E1C5072:LeaderElection21] INFO  server.RaftServerConfigKeys (ConfUtils.java:logGet(43)) - raft.server.rpc.request.timeout = 3000ms (default)
2019-10-01 20:19:50,871 [c87755eb-8f71-406d-9b39-c7913bad0d26@group-0E4A1E1C5072:LeaderElection21] INFO  server.RaftServerConfigKeys (ConfUtils.java:logGet(43)) - raft.server.log.appender.install.snapshot.enabled = false (custom)
2019-10-01 20:19:50,872 [c87755eb-8f71-406d-9b39-c7913bad0d26@group-0E4A1E1C5072:LeaderElection21] INFO  impl.RoleInfo (RoleInfo.java:updateAndGet(143)) - c87755eb-8f71-406d-9b39-c7913bad0d26: start LeaderState
2019-10-01 20:19:50,872 [c87755eb-8f71-406d-9b39-c7913bad0d26@group-0E4A1E1C5072:LeaderElection21] INFO  segmented.SegmentedRaftLogWorker (SegmentedRaftLogWorker.java:rollLogSegment(385)) - c87755eb-8f71-406d-9b39-c7913bad0d26@group-0E4A1E1C5072-SegmentedRaftLogWorker: Rolling segment log-0_0 to index:0
2019-10-01 20:19:50,874 [c87755eb-8f71-406d-9b39-c7913bad0d26@group-0E4A1E1C5072:LeaderElection21] INFO  impl.RaftServerImpl (ServerState.java:setRaftConf(354)) - c87755eb-8f71-406d-9b39-c7913bad0d26@group-0E4A1E1C5072: set configuration 1: [28af574d-2172-4d1d-8894-6c49f9cc6298:192.168.151.103:43956, dd72838a-f206-4369-be48-6b1e036e4dac:192.168.151.103:34429, c87755eb-8f71-406d-9b39-c7913bad0d26:192.168.151.103:42498], old=null at 1
2019-10-01 20:19:50,876 [c87755eb-8f71-406d-9b39-c7913bad0d26@group-0E4A1E1C5072-SegmentedRaftLogWorker] INFO  segmented.SegmentedRaftLogWorker (SegmentedRaftLogWorker.java:execute(526)) - c87755eb-8f71-406d-9b39-c7913bad0d26@group-0E4A1E1C5072-SegmentedRaftLogWorker: Rolled log segment from /workdir/hadoop-ozone/ozonefs/target/test-dir/MiniOzoneClusterImpl-cc9961a9-1b1a-49c1-80c6-6d48514b4463/datanode-2/data/ratis/396c3ff8-0b10-40af-affd-0e4a1e1c5072/current/log_inprogress_0 to /workdir/hadoop-ozone/ozonefs/target/test-dir/MiniOzoneClusterImpl-cc9961a9-1b1a-49c1-80c6-6d48514b4463/datanode-2/data/ratis/396c3ff8-0b10-40af-affd-0e4a1e1c5072/current/log_0-0
2019-10-01 20:19:50,878 [grpc-default-executor-2] INFO  impl.RaftServerImpl (ServerState.java:setLeader(253)) - dd72838a-f206-4369-be48-6b1e036e4dac@group-0E4A1E1C5072: change Leader from null to c87755eb-8f71-406d-9b39-c7913bad0d26 at term 4 for appendEntries, leader elected after 10161ms
2019-10-01 20:19:50,878 [grpc-default-executor-1] INFO  impl.RaftServerImpl (ServerState.java:setLeader(253)) - 28af574d-2172-4d1d-8894-6c49f9cc6298@group-0E4A1E1C5072: change Leader from null to c87755eb-8f71-406d-9b39-c7913bad0d26 at term 4 for appendEntries, leader elected after 10160ms
2019-10-01 20:19:50,903 [grpc-default-executor-1] INFO  impl.RaftServerImpl (ServerState.java:setRaftConf(354)) - dd72838a-f206-4369-be48-6b1e036e4dac@group-0E4A1E1C5072: set configuration 1: [28af574d-2172-4d1d-8894-6c49f9cc6298:192.168.151.103:43956, dd72838a-f206-4369-be48-6b1e036e4dac:192.168.151.103:34429, c87755eb-8f71-406d-9b39-c7913bad0d26:192.168.151.103:42498], old=null at 1
2019-10-01 20:19:50,903 [grpc-default-executor-2] INFO  impl.RaftServerImpl (ServerState.java:setRaftConf(354)) - 28af574d-2172-4d1d-8894-6c49f9cc6298@group-0E4A1E1C5072: set configuration 1: [28af574d-2172-4d1d-8894-6c49f9cc6298:192.168.151.103:43956, dd72838a-f206-4369-be48-6b1e036e4dac:192.168.151.103:34429, c87755eb-8f71-406d-9b39-c7913bad0d26:192.168.151.103:42498], old=null at 1
2019-10-01 20:19:50,903 [grpc-default-executor-1] INFO  segmented.SegmentedRaftLogWorker (SegmentedRaftLogWorker.java:rollLogSegment(385)) - dd72838a-f206-4369-be48-6b1e036e4dac@group-0E4A1E1C5072-SegmentedRaftLogWorker: Rolling segment log-0_0 to index:0
2019-10-01 20:19:50,903 [grpc-default-executor-2] INFO  segmented.SegmentedRaftLogWorker (SegmentedRaftLogWorker.java:rollLogSegment(385)) - 28af574d-2172-4d1d-8894-6c49f9cc6298@group-0E4A1E1C5072-SegmentedRaftLogWorker: Rolling segment log-0_0 to index:0
2019-10-01 20:19:50,904 [dd72838a-f206-4369-be48-6b1e036e4dac@group-0E4A1E1C5072-SegmentedRaftLogWorker] INFO  segmented.SegmentedRaftLogWorker (SegmentedRaftLogWorker.java:execute(526)) - dd72838a-f206-4369-be48-6b1e036e4dac@group-0E4A1E1C5072-SegmentedRaftLogWorker: Rolled log segment from /workdir/hadoop-ozone/ozonefs/target/test-dir/MiniOzoneClusterImpl-cc9961a9-1b1a-49c1-80c6-6d48514b4463/datanode-1/data/ratis/396c3ff8-0b10-40af-affd-0e4a1e1c5072/current/log_inprogress_0 to /workdir/hadoop-ozone/ozonefs/target/test-dir/MiniOzoneClusterImpl-cc9961a9-1b1a-49c1-80c6-6d48514b4463/datanode-1/data/ratis/396c3ff8-0b10-40af-affd-0e4a1e1c5072/current/log_0-0
2019-10-01 20:19:50,904 [28af574d-2172-4d1d-8894-6c49f9cc6298@group-0E4A1E1C5072-SegmentedRaftLogWorker] INFO  segmented.SegmentedRaftLogWorker (SegmentedRaftLogWorker.java:execute(526)) - 28af574d-2172-4d1d-8894-6c49f9cc6298@group-0E4A1E1C5072-SegmentedRaftLogWorker: Rolled log segment from /workdir/hadoop-ozone/ozonefs/target/test-dir/MiniOzoneClusterImpl-cc9961a9-1b1a-49c1-80c6-6d48514b4463/datanode-4/data/ratis/396c3ff8-0b10-40af-affd-0e4a1e1c5072/current/log_inprogress_0 to /workdir/hadoop-ozone/ozonefs/target/test-dir/MiniOzoneClusterImpl-cc9961a9-1b1a-49c1-80c6-6d48514b4463/datanode-4/data/ratis/396c3ff8-0b10-40af-affd-0e4a1e1c5072/current/log_0-0
2019-10-01 20:19:50,915 [c87755eb-8f71-406d-9b39-c7913bad0d26@group-0E4A1E1C5072-SegmentedRaftLogWorker] INFO  segmented.SegmentedRaftLogWorker (SegmentedRaftLogWorker.java:execute(569)) - c87755eb-8f71-406d-9b39-c7913bad0d26@group-0E4A1E1C5072-SegmentedRaftLogWorker: created new log segment /workdir/hadoop-ozone/ozonefs/target/test-dir/MiniOzoneClusterImpl-cc9961a9-1b1a-49c1-80c6-6d48514b4463/datanode-2/data/ratis/396c3ff8-0b10-40af-affd-0e4a1e1c5072/current/log_inprogress_1
2019-10-01 20:19:50,948 [28af574d-2172-4d1d-8894-6c49f9cc6298@group-0E4A1E1C5072-SegmentedRaftLogWorker] INFO  segmented.SegmentedRaftLogWorker (SegmentedRaftLogWorker.java:execute(569)) - 28af574d-2172-4d1d-8894-6c49f9cc6298@group-0E4A1E1C5072-SegmentedRaftLogWorker: created new log segment /workdir/hadoop-ozone/ozonefs/target/test-dir/MiniOzoneClusterImpl-cc9961a9-1b1a-49c1-80c6-6d48514b4463/datanode-4/data/ratis/396c3ff8-0b10-40af-affd-0e4a1e1c5072/current/log_inprogress_1
2019-10-01 20:19:50,948 [dd72838a-f206-4369-be48-6b1e036e4dac@group-0E4A1E1C5072-SegmentedRaftLogWorker] INFO  segmented.SegmentedRaftLogWorker (SegmentedRaftLogWorker.java:execute(569)) - dd72838a-f206-4369-be48-6b1e036e4dac@group-0E4A1E1C5072-SegmentedRaftLogWorker: created new log segment /workdir/hadoop-ozone/ozonefs/target/test-dir/MiniOzoneClusterImpl-cc9961a9-1b1a-49c1-80c6-6d48514b4463/datanode-1/data/ratis/396c3ff8-0b10-40af-affd-0e4a1e1c5072/current/log_inprogress_1
2019-10-01 20:19:52,007 [pool-46-thread-11] ERROR impl.ChunkManagerImpl (ChunkUtils.java:writeData(89)) - data array does not match the length specified. DataLen: 26 Byte Array: 182
2019-10-01 20:19:52,007 [pool-46-thread-11] INFO  keyvalue.KeyValueHandler (ContainerUtils.java:logAndReturnError(146)) - Operation: WriteChunk : Trace ID: be9ed2c24474052e:be9ed2c24474052e:0:0 : Message: data array does not match the length specified. DataLen: 26 Byte Array: 182 : Result: INVALID_WRITE_SIZE
20:19:52.025 [pool-46-thread-11] ERROR DNAudit - user=null | ip=null | op=WRITE_CHUNK {blockData=conID: 5 locID: 102888976519397382 bcsId: 0} | ret=FAILURE
java.lang.Exception: data array does not match the length specified. DataLen: 26 Byte Array: 182
	at org.apache.hadoop.ozone.container.common.impl.HddsDispatcher.dispatchRequest(HddsDispatcher.java:330) ~[hadoop-hdds-container-service-0.5.0-SNAPSHOT.jar:?]
	at org.apache.hadoop.ozone.container.common.impl.HddsDispatcher.dispatch(HddsDispatcher.java:150) ~[hadoop-hdds-container-service-0.5.0-SNAPSHOT.jar:?]
	at org.apache.hadoop.ozone.container.common.transport.server.ratis.ContainerStateMachine.dispatchCommand(ContainerStateMachine.java:407) ~[hadoop-hdds-container-service-0.5.0-SNAPSHOT.jar:?]
	at org.apache.hadoop.ozone.container.common.transport.server.ratis.ContainerStateMachine.runCommand(ContainerStateMachine.java:415) ~[hadoop-hdds-container-service-0.5.0-SNAPSHOT.jar:?]
	at org.apache.hadoop.ozone.container.common.transport.server.ratis.ContainerStateMachine.lambda$handleWriteChunk$1(ContainerStateMachine.java:450) ~[hadoop-hdds-container-service-0.5.0-SNAPSHOT.jar:?]
	at java.util.concurrent.CompletableFuture$AsyncSupply.run(CompletableFuture.java:1590) [?:1.8.0_212]
	at java.util.concurrent.ThreadPoolExecutor.runWorker(ThreadPoolExecutor.java:1149) [?:1.8.0_212]
	at java.util.concurrent.ThreadPoolExecutor$Worker.run(ThreadPoolExecutor.java:624) [?:1.8.0_212]
	at java.lang.Thread.run(Thread.java:748) [?:1.8.0_212]
2019-10-01 20:19:52,026 [EventQueue-IncrementalContainerReportForIncrementalContainerReportHandler] WARN  container.IncrementalContainerReportHandler (AbstractContainerReportHandler.java:updateContainerState(143)) - Container #5 is in OPEN state, but the datanode c87755eb-8f71-406d-9b39-c7913bad0d26{ip: 192.168.151.103, host: pr-trunk-878pl-325597374, networkLocation: /default-rack, certSerialId: null} reports an UNHEALTHY replica.
2019-10-01 20:19:52,026 [EventQueue-CloseContainerForCloseContainerEventHandler] INFO  container.CloseContainerEventHandler (CloseContainerEventHandler.java:onMessage(61)) - Close container Event triggered for container : #5
2019-10-01 20:19:52,026 [pool-46-thread-11] ERROR ratis.ContainerStateMachine (ContainerStateMachine.java:lambda$handleWriteChunk$2(470)) - group-0E4A1E1C5072: writeChunk writeStateMachineData failed: blockIdcontainerID: 5
localID: 102888976519397382
blockCommitSequenceId: 0
 logIndex 3 chunkName 102888976519397382_chunk_1 Error message: data array does not match the length specified. DataLen: 26 Byte Array: 182 Container Result: INVALID_WRITE_SIZE
2019-10-01 20:19:52,027 [c87755eb-8f71-406d-9b39-c7913bad0d26@group-0E4A1E1C5072-SegmentedRaftLogWorker] ERROR ratis.XceiverServerRatis (XceiverServerRatis.java:triggerPipelineClose(575)) - pipeline Action CLOSE  on pipeline PipelineID=396c3ff8-0b10-40af-affd-0e4a1e1c5072.Reason : data array does not match the length specified. DataLen: 26 Byte Array: 182
2019-10-01 20:19:52,027 [c87755eb-8f71-406d-9b39-c7913bad0d26@group-0E4A1E1C5072-SegmentedRaftLogWorker] ERROR ratis.XceiverServerRatis (XceiverServerRatis.java:triggerPipelineClose(575)) - pipeline Action CLOSE  on pipeline PipelineID=396c3ff8-0b10-40af-affd-0e4a1e1c5072.Reason : Log already failed at index 3 for task WriteLog:3: (t:4, i:3), STATEMACHINELOGENTRY, client-92E0815FFF88, cid=52
2019-10-01 20:19:52,028 [EventQueue-PipelineActionsForPipelineActionHandler] ERROR pipeline.PipelineActionHandler (PipelineActionHandler.java:onMessage(60)) - Received pipeline action CLOSE for Pipeline[ Id: 396c3ff8-0b10-40af-affd-0e4a1e1c5072, Nodes: dd72838a-f206-4369-be48-6b1e036e4dac{ip: 192.168.151.103, host: pr-trunk-878pl-325597374, networkLocation: /default-rack, certSerialId: null}c87755eb-8f71-406d-9b39-c7913bad0d26{ip: 192.168.151.103, host: pr-trunk-878pl-325597374, networkLocation: /default-rack, certSerialId: null}28af574d-2172-4d1d-8894-6c49f9cc6298{ip: 192.168.151.103, host: pr-trunk-878pl-325597374, networkLocation: /default-rack, certSerialId: null}, Type:RATIS, Factor:THREE, State:OPEN] from datanode c87755eb-8f71-406d-9b39-c7913bad0d26{ip: 192.168.151.103, host: pr-trunk-878pl-325597374, networkLocation: /default-rack, certSerialId: null}. Reason : data array does not match the length specified. DataLen: 26 Byte Array: 182
2019-10-01 20:19:52,028 [EventQueue-PipelineActionsForPipelineActionHandler] INFO  pipeline.SCMPipelineManager (SCMPipelineManager.java:finalizeAndDestroyPipeline(315)) - destroying pipeline:Pipeline[ Id: 396c3ff8-0b10-40af-affd-0e4a1e1c5072, Nodes: dd72838a-f206-4369-be48-6b1e036e4dac{ip: 192.168.151.103, host: pr-trunk-878pl-325597374, networkLocation: /default-rack, certSerialId: null}c87755eb-8f71-406d-9b39-c7913bad0d26{ip: 192.168.151.103, host: pr-trunk-878pl-325597374, networkLocation: /default-rack, certSerialId: null}28af574d-2172-4d1d-8894-6c49f9cc6298{ip: 192.168.151.103, host: pr-trunk-878pl-325597374, networkLocation: /default-rack, certSerialId: null}, Type:RATIS, Factor:THREE, State:OPEN]
2019-10-01 20:19:52,028 [EventQueue-PipelineActionsForPipelineActionHandler] INFO  pipeline.PipelineStateManager (PipelineStateManager.java:finalizePipeline(123)) - Pipeline Pipeline[ Id: 396c3ff8-0b10-40af-affd-0e4a1e1c5072, Nodes: dd72838a-f206-4369-be48-6b1e036e4dac{ip: 192.168.151.103, host: pr-trunk-878pl-325597374, networkLocation: /default-rack, certSerialId: null}c87755eb-8f71-406d-9b39-c7913bad0d26{ip: 192.168.151.103, host: pr-trunk-878pl-325597374, networkLocation: /default-rack, certSerialId: null}28af574d-2172-4d1d-8894-6c49f9cc6298{ip: 192.168.151.103, host: pr-trunk-878pl-325597374, networkLocation: /default-rack, certSerialId: null}, Type:RATIS, Factor:THREE, State:CLOSED] moved to CLOSED state
2019-10-01 20:20:34,800 [ReplicationMonitor] INFO  container.ReplicationManager (ReplicationManager.java:sendCloseCommand(659)) - Sending close container command for container #5 to datanode 28af574d-2172-4d1d-8894-6c49f9cc6298{ip: 192.168.151.103, host: pr-trunk-878pl-325597374, networkLocation: /default-rack, certSerialId: null}.
2019-10-01 20:20:34,802 [ReplicationMonitor] INFO  container.ReplicationManager (ReplicationManager.java:sendCloseCommand(659)) - Sending close container command for container #5 to datanode c87755eb-8f71-406d-9b39-c7913bad0d26{ip: 192.168.151.103, host: pr-trunk-878pl-325597374, networkLocation: /default-rack, certSerialId: null}.
2019-10-01 20:20:34,803 [ReplicationMonitor] INFO  container.ReplicationManager (ReplicationManager.java:sendCloseCommand(659)) - Sending close container command for container #5 to datanode dd72838a-f206-4369-be48-6b1e036e4dac{ip: 192.168.151.103, host: pr-trunk-878pl-325597374, networkLocation: /default-rack, certSerialId: null}.
2019-10-01 20:20:34,807 [ReplicationMonitor] INFO  container.ReplicationManager (ReplicationManager.java:forceCloseContainer(464)) - Force closing container #1 with BCSID 0, which is in QUASI_CLOSED state.
2019-10-01 20:20:34,808 [ReplicationMonitor] INFO  container.ReplicationManager (ReplicationManager.java:sendCloseCommand(659)) - Sending close container command for container #1 to datanode 28af574d-2172-4d1d-8894-6c49f9cc6298{ip: 192.168.151.103, host: pr-trunk-878pl-325597374, networkLocation: /default-rack, certSerialId: null}.
2019-10-01 20:20:34,808 [ReplicationMonitor] INFO  container.ReplicationManager (ReplicationManager.java:sendCloseCommand(659)) - Sending close container command for container #1 to datanode dd72838a-f206-4369-be48-6b1e036e4dac{ip: 192.168.151.103, host: pr-trunk-878pl-325597374, networkLocation: /default-rack, certSerialId: null}.
2019-10-01 20:20:34,808 [ReplicationMonitor] INFO  container.ReplicationManager (ReplicationManager.java:forceCloseContainer(464)) - Force closing container #2 with BCSID 0, which is in QUASI_CLOSED state.
2019-10-01 20:20:34,809 [ReplicationMonitor] INFO  container.ReplicationManager (ReplicationManager.java:sendCloseCommand(659)) - Sending close container command for container #2 to datanode dd72838a-f206-4369-be48-6b1e036e4dac{ip: 192.168.151.103, host: pr-trunk-878pl-325597374, networkLocation: /default-rack, certSerialId: null}.
2019-10-01 20:20:34,809 [ReplicationMonitor] INFO  container.ReplicationManager (ReplicationManager.java:sendCloseCommand(659)) - Sending close container command for container #2 to datanode 28af574d-2172-4d1d-8894-6c49f9cc6298{ip: 192.168.151.103, host: pr-trunk-878pl-325597374, networkLocation: /default-rack, certSerialId: null}.
2019-10-01 20:20:34,809 [ReplicationMonitor] INFO  container.ReplicationManager (ReplicationManager.java:forceCloseContainer(464)) - Force closing container #3 with BCSID 0, which is in QUASI_CLOSED state.
2019-10-01 20:20:34,809 [ReplicationMonitor] INFO  container.ReplicationManager (ReplicationManager.java:sendCloseCommand(659)) - Sending close container command for container #3 to datanode dd72838a-f206-4369-be48-6b1e036e4dac{ip: 192.168.151.103, host: pr-trunk-878pl-325597374, networkLocation: /default-rack, certSerialId: null}.
2019-10-01 20:20:34,809 [ReplicationMonitor] INFO  container.ReplicationManager (ReplicationManager.java:sendCloseCommand(659)) - Sending close container command for container #3 to datanode 28af574d-2172-4d1d-8894-6c49f9cc6298{ip: 192.168.151.103, host: pr-trunk-878pl-325597374, networkLocation: /default-rack, certSerialId: null}.
2019-10-01 20:20:34,810 [ReplicationMonitor] INFO  container.ReplicationManager (ReplicationManager.java:forceCloseContainer(464)) - Force closing container #4 with BCSID 0, which is in QUASI_CLOSED state.
2019-10-01 20:20:34,810 [ReplicationMonitor] INFO  container.ReplicationManager (ReplicationManager.java:sendCloseCommand(659)) - Sending close container command for container #4 to datanode c87755eb-8f71-406d-9b39-c7913bad0d26{ip: 192.168.151.103, host: pr-trunk-878pl-325597374, networkLocation: /default-rack, certSerialId: null}.
2019-10-01 20:20:34,810 [ReplicationMonitor] INFO  container.ReplicationManager (ReplicationManager.java:sendCloseCommand(659)) - Sending close container command for container #4 to datanode dd72838a-f206-4369-be48-6b1e036e4dac{ip: 192.168.151.103, host: pr-trunk-878pl-325597374, networkLocation: /default-rack, certSerialId: null}.
2019-10-01 20:20:34,810 [ReplicationMonitor] INFO  container.ReplicationManager (ReplicationManager.java:run(225)) - Replication Monitor Thread took 12 milliseconds for processing 5 containers.
2019-10-01 20:20:36,035 [Command processor thread] INFO  interfaces.Container (KeyValueContainer.java:flushAndSyncDB(386)) - Container 4 is synced with bcsId 0.
2019-10-01 20:20:36,038 [Command processor thread] INFO  interfaces.Container (KeyValueContainer.java:flushAndSyncDB(386)) - Container 4 is synced with bcsId 0.
2019-10-01 20:20:36,054 [Command processor thread] INFO  interfaces.Container (KeyValueContainer.java:close(335)) - Container 4 is closed with bcsId 0.
2019-10-01 20:20:36,056 [EventQueue-IncrementalContainerReportForIncrementalContainerReportHandler] INFO  container.IncrementalContainerReportHandler (AbstractContainerReportHandler.java:updateContainerState(202)) - Moving container #4 to CLOSED state, datanode c87755eb-8f71-406d-9b39-c7913bad0d26{ip: 192.168.151.103, host: pr-trunk-878pl-325597374, networkLocation: /default-rack, certSerialId: null} reported CLOSED replica.
2019-10-01 20:20:36,177 [Command processor thread] INFO  interfaces.Container (KeyValueContainer.java:flushAndSyncDB(386)) - Container 1 is synced with bcsId 0.
2019-10-01 20:20:36,177 [Command processor thread] INFO  interfaces.Container (KeyValueContainer.java:flushAndSyncDB(386)) - Container 1 is synced with bcsId 0.
2019-10-01 20:20:36,186 [Command processor thread] INFO  interfaces.Container (KeyValueContainer.java:close(335)) - Container 1 is closed with bcsId 0.
2019-10-01 20:20:36,187 [Command processor thread] INFO  interfaces.Container (KeyValueContainer.java:flushAndSyncDB(386)) - Container 2 is synced with bcsId 0.
2019-10-01 20:20:36,187 [Command processor thread] INFO  interfaces.Container (KeyValueContainer.java:flushAndSyncDB(386)) - Container 2 is synced with bcsId 0.
2019-10-01 20:20:36,192 [EventQueue-IncrementalContainerReportForIncrementalContainerReportHandler] INFO  container.IncrementalContainerReportHandler (AbstractContainerReportHandler.java:updateContainerState(202)) - Moving container #1 to CLOSED state, datanode 28af574d-2172-4d1d-8894-6c49f9cc6298{ip: 192.168.151.103, host: pr-trunk-878pl-325597374, networkLocation: /default-rack, certSerialId: null} reported CLOSED replica.
2019-10-01 20:20:36,205 [Command processor thread] INFO  interfaces.Container (KeyValueContainer.java:close(335)) - Container 2 is closed with bcsId 0.
2019-10-01 20:20:36,206 [Command processor thread] INFO  interfaces.Container (KeyValueContainer.java:flushAndSyncDB(386)) - Container 3 is synced with bcsId 0.
2019-10-01 20:20:36,206 [Command processor thread] INFO  interfaces.Container (KeyValueContainer.java:flushAndSyncDB(386)) - Container 3 is synced with bcsId 0.
2019-10-01 20:20:36,211 [EventQueue-IncrementalContainerReportForIncrementalContainerReportHandler] INFO  container.IncrementalContainerReportHandler (AbstractContainerReportHandler.java:updateContainerState(202)) - Moving container #2 to CLOSED state, datanode 28af574d-2172-4d1d-8894-6c49f9cc6298{ip: 192.168.151.103, host: pr-trunk-878pl-325597374, networkLocation: /default-rack, certSerialId: null} reported CLOSED replica.
2019-10-01 20:20:36,222 [Command processor thread] INFO  interfaces.Container (KeyValueContainer.java:close(335)) - Container 3 is closed with bcsId 0.
2019-10-01 20:20:36,223 [EventQueue-IncrementalContainerReportForIncrementalContainerReportHandler] INFO  container.IncrementalContainerReportHandler (AbstractContainerReportHandler.java:updateContainerState(202)) - Moving container #3 to CLOSED state, datanode 28af574d-2172-4d1d-8894-6c49f9cc6298{ip: 192.168.151.103, host: pr-trunk-878pl-325597374, networkLocation: /default-rack, certSerialId: null} reported CLOSED replica.
2019-10-01 20:20:36,452 [Command processor thread] INFO  interfaces.Container (KeyValueContainer.java:flushAndSyncDB(386)) - Container 1 is synced with bcsId 0.
2019-10-01 20:20:36,453 [Command processor thread] INFO  interfaces.Container (KeyValueContainer.java:flushAndSyncDB(386)) - Container 1 is synced with bcsId 0.
2019-10-01 20:20:36,468 [Command processor thread] INFO  interfaces.Container (KeyValueContainer.java:close(335)) - Container 1 is closed with bcsId 0.
2019-10-01 20:20:36,468 [Command processor thread] INFO  interfaces.Container (KeyValueContainer.java:flushAndSyncDB(386)) - Container 2 is synced with bcsId 0.
2019-10-01 20:20:36,469 [Command processor thread] INFO  interfaces.Container (KeyValueContainer.java:flushAndSyncDB(386)) - Container 2 is synced with bcsId 0.
2019-10-01 20:20:36,483 [Command processor thread] INFO  interfaces.Container (KeyValueContainer.java:close(335)) - Container 2 is closed with bcsId 0.
2019-10-01 20:20:36,484 [Command processor thread] INFO  interfaces.Container (KeyValueContainer.java:flushAndSyncDB(386)) - Container 3 is synced with bcsId 0.
2019-10-01 20:20:36,485 [Command processor thread] INFO  interfaces.Container (KeyValueContainer.java:flushAndSyncDB(386)) - Container 3 is synced with bcsId 0.
2019-10-01 20:20:36,499 [Command processor thread] INFO  interfaces.Container (KeyValueContainer.java:close(335)) - Container 3 is closed with bcsId 0.
2019-10-01 20:20:36,500 [Command processor thread] INFO  interfaces.Container (KeyValueContainer.java:flushAndSyncDB(386)) - Container 4 is synced with bcsId 0.
2019-10-01 20:20:36,501 [Command processor thread] INFO  interfaces.Container (KeyValueContainer.java:flushAndSyncDB(386)) - Container 4 is synced with bcsId 0.
2019-10-01 20:20:36,515 [Command processor thread] INFO  interfaces.Container (KeyValueContainer.java:close(335)) - Container 4 is closed with bcsId 0.
2019-10-01 20:20:58,033 [grpc-default-executor-2] INFO  impl.RaftServerProxy (RaftServerProxy.java:remove(95)) - dd72838a-f206-4369-be48-6b1e036e4dac: remove  FOLLOWER dd72838a-f206-4369-be48-6b1e036e4dac@group-0E4A1E1C5072:t4, leader=c87755eb-8f71-406d-9b39-c7913bad0d26, voted=dd72838a-f206-4369-be48-6b1e036e4dac, raftlog=dd72838a-f206-4369-be48-6b1e036e4dac@group-0E4A1E1C5072-SegmentedRaftLog:OPENED:c2,f4,i4, conf=1: [28af574d-2172-4d1d-8894-6c49f9cc6298:192.168.151.103:43956, dd72838a-f206-4369-be48-6b1e036e4dac:192.168.151.103:34429, c87755eb-8f71-406d-9b39-c7913bad0d26:192.168.151.103:42498], old=null RUNNING
2019-10-01 20:20:58,033 [grpc-default-executor-2] INFO  impl.RaftServerImpl (RaftServerImpl.java:lambda$shutdown$3(251)) - dd72838a-f206-4369-be48-6b1e036e4dac@group-0E4A1E1C5072: shutdown
2019-10-01 20:20:58,034 [grpc-default-executor-2] INFO  util.JmxRegister (JmxRegister.java:unregister(73)) - Successfully un-registered JMX Bean with object name Ratis:service=RaftServer,group=group-0E4A1E1C5072,id=dd72838a-f206-4369-be48-6b1e036e4dac
2019-10-01 20:20:58,034 [grpc-default-executor-2] INFO  impl.RoleInfo (RoleInfo.java:shutdownFollowerState(121)) - dd72838a-f206-4369-be48-6b1e036e4dac: shutdown FollowerState
2019-10-01 20:20:58,034 [grpc-default-executor-2] INFO  impl.StateMachineUpdater (StateMachineUpdater.java:stopAndJoin(125)) - dd72838a-f206-4369-be48-6b1e036e4dac@group-0E4A1E1C5072-StateMachineUpdater: set stopIndex = 2
2019-10-01 20:20:58,034 [Thread-929] INFO  impl.FollowerState (FollowerState.java:run(115)) - dd72838a-f206-4369-be48-6b1e036e4dac: FollowerState was interrupted: java.lang.InterruptedException: sleep interrupted
2019-10-01 20:20:58,046 [grpc-default-executor-2] INFO  impl.RaftServerImpl (ServerState.java:close(385)) - dd72838a-f206-4369-be48-6b1e036e4dac@group-0E4A1E1C5072: closes. applyIndex: 2
2019-10-01 20:20:58,047 [dd72838a-f206-4369-be48-6b1e036e4dac@group-0E4A1E1C5072-SegmentedRaftLogWorker] INFO  segmented.SegmentedRaftLogWorker (SegmentedRaftLogWorker.java:run(313)) - dd72838a-f206-4369-be48-6b1e036e4dac@group-0E4A1E1C5072-SegmentedRaftLogWorker was interrupted, exiting. There are 0 tasks remaining in the queue.
2019-10-01 20:20:58,050 [grpc-default-executor-2] INFO  segmented.SegmentedRaftLogWorker (SegmentedRaftLogWorker.java:close(228)) - dd72838a-f206-4369-be48-6b1e036e4dac@group-0E4A1E1C5072-SegmentedRaftLogWorker close()
2019-10-01 20:20:58,136 [grpc-default-executor-2] INFO  interfaces.Container (KeyValueContainer.java:flushAndSyncDB(386)) - Container 5 is synced with bcsId 0.
2019-10-01 20:20:58,136 [grpc-default-executor-2] INFO  interfaces.Container (KeyValueContainer.java:flushAndSyncDB(386)) - Container 5 is synced with bcsId 0.
2019-10-01 20:20:58,159 [EventQueue-IncrementalContainerReportForIncrementalContainerReportHandler] INFO  container.IncrementalContainerReportHandler (AbstractContainerReportHandler.java:updateContainerState(169)) - Moving container #5 to QUASI_CLOSED state, datanode dd72838a-f206-4369-be48-6b1e036e4dac{ip: 192.168.151.103, host: pr-trunk-878pl-325597374, networkLocation: /default-rack, certSerialId: null} reported QUASI_CLOSED replica.
2019-10-01 20:20:58,164 [grpc-default-executor-2] INFO  impl.RaftServerProxy (RaftServerProxy.java:remove(95)) - c87755eb-8f71-406d-9b39-c7913bad0d26: remove    LEADER c87755eb-8f71-406d-9b39-c7913bad0d26@group-0E4A1E1C5072:t4, leader=c87755eb-8f71-406d-9b39-c7913bad0d26, voted=c87755eb-8f71-406d-9b39-c7913bad0d26, raftlog=c87755eb-8f71-406d-9b39-c7913bad0d26@group-0E4A1E1C5072-SegmentedRaftLog:OPENED:c2,f2,i4, conf=1: [28af574d-2172-4d1d-8894-6c49f9cc6298:192.168.151.103:43956, dd72838a-f206-4369-be48-6b1e036e4dac:192.168.151.103:34429, c87755eb-8f71-406d-9b39-c7913bad0d26:192.168.151.103:42498], old=null RUNNING
2019-10-01 20:20:58,165 [grpc-default-executor-2] INFO  impl.RaftServerImpl (RaftServerImpl.java:lambda$shutdown$3(251)) - c87755eb-8f71-406d-9b39-c7913bad0d26@group-0E4A1E1C5072: shutdown
2019-10-01 20:20:58,165 [grpc-default-executor-2] INFO  util.JmxRegister (JmxRegister.java:unregister(73)) - Successfully un-registered JMX Bean with object name Ratis:service=RaftServer,group=group-0E4A1E1C5072,id=c87755eb-8f71-406d-9b39-c7913bad0d26
2019-10-01 20:20:58,165 [grpc-default-executor-2] INFO  impl.RoleInfo (RoleInfo.java:shutdownLeaderState(104)) - c87755eb-8f71-406d-9b39-c7913bad0d26: shutdown LeaderState
2019-10-01 20:20:58,169 [grpc-default-executor-2] INFO  impl.PendingRequests (PendingRequests.java:sendNotLeaderResponses(202)) - c87755eb-8f71-406d-9b39-c7913bad0d26-PendingRequests: sendNotLeaderResponses
2019-10-01 20:20:58,169 [org.apache.ratis.server.impl.LogAppender$AppenderDaemon$$Lambda$503/498285707@55c88fe4] WARN  server.GrpcLogAppender (GrpcLogAppender.java:mayWait(143)) - c87755eb-8f71-406d-9b39-c7913bad0d26@group-0E4A1E1C5072->28af574d-2172-4d1d-8894-6c49f9cc6298-GrpcLogAppender: Wait interrupted by java.lang.InterruptedException
2019-10-01 20:20:58,169 [org.apache.ratis.server.impl.LogAppender$AppenderDaemon$$Lambda$503/498285707@5cb4d094] WARN  server.GrpcLogAppender (GrpcLogAppender.java:mayWait(143)) - c87755eb-8f71-406d-9b39-c7913bad0d26@group-0E4A1E1C5072->dd72838a-f206-4369-be48-6b1e036e4dac-GrpcLogAppender: Wait interrupted by java.lang.InterruptedException
2019-10-01 20:20:58,171 [grpc-default-executor-4] INFO  server.GrpcServerProtocolService (GrpcServerProtocolService.java:onCompleted(113)) - dd72838a-f206-4369-be48-6b1e036e4dac: Completed APPEND_ENTRIES, lastRequest: c87755eb-8f71-406d-9b39-c7913bad0d26->dd72838a-f206-4369-be48-6b1e036e4dac#30-t4, previous=(t:4, i:4), leaderCommit=2, initializing? false, entries: <empty>
2019-10-01 20:20:58,171 [grpc-default-executor-10] INFO  server.GrpcServerProtocolService (GrpcServerProtocolService.java:onCompleted(113)) - 28af574d-2172-4d1d-8894-6c49f9cc6298: Completed APPEND_ENTRIES, lastRequest: c87755eb-8f71-406d-9b39-c7913bad0d26->28af574d-2172-4d1d-8894-6c49f9cc6298#30-t4, previous=(t:4, i:4), leaderCommit=2, initializing? false, entries: <empty>
2019-10-01 20:20:58,173 [grpc-default-executor-10] INFO  server.GrpcLogAppender (GrpcLogAppender.java:onCompleted(293)) - c87755eb-8f71-406d-9b39-c7913bad0d26@group-0E4A1E1C5072->dd72838a-f206-4369-be48-6b1e036e4dac-AppendLogResponseHandler: follower responses appendEntries COMPLETED
2019-10-01 20:20:58,175 [grpc-default-executor-10] INFO  impl.FollowerInfo (FollowerInfo.java:lambda$new$0(51)) - c87755eb-8f71-406d-9b39-c7913bad0d26@group-0E4A1E1C5072->dd72838a-f206-4369-be48-6b1e036e4dac: nextIndex: updateUnconditionally 5 -> 4
2019-10-01 20:20:58,178 [grpc-default-executor-10] INFO  server.GrpcLogAppender (GrpcLogAppender.java:onCompleted(293)) - c87755eb-8f71-406d-9b39-c7913bad0d26@group-0E4A1E1C5072->28af574d-2172-4d1d-8894-6c49f9cc6298-AppendLogResponseHandler: follower responses appendEntries COMPLETED
2019-10-01 20:20:58,178 [grpc-default-executor-2] INFO  impl.StateMachineUpdater (StateMachineUpdater.java:stopAndJoin(125)) - c87755eb-8f71-406d-9b39-c7913bad0d26@group-0E4A1E1C5072-StateMachineUpdater: set stopIndex = 2
2019-10-01 20:20:58,178 [grpc-default-executor-10] INFO  impl.FollowerInfo (FollowerInfo.java:lambda$new$0(51)) - c87755eb-8f71-406d-9b39-c7913bad0d26@group-0E4A1E1C5072->28af574d-2172-4d1d-8894-6c49f9cc6298: nextIndex: updateUnconditionally 5 -> 4
2019-10-01 20:20:58,178 [grpc-default-executor-2] INFO  impl.RaftServerImpl (ServerState.java:close(385)) - c87755eb-8f71-406d-9b39-c7913bad0d26@group-0E4A1E1C5072: closes. applyIndex: 2
2019-10-01 20:20:58,179 [c87755eb-8f71-406d-9b39-c7913bad0d26@group-0E4A1E1C5072-SegmentedRaftLogWorker] INFO  segmented.SegmentedRaftLogWorker (SegmentedRaftLogWorker.java:run(313)) - c87755eb-8f71-406d-9b39-c7913bad0d26@group-0E4A1E1C5072-SegmentedRaftLogWorker was interrupted, exiting. There are 0 tasks remaining in the queue.
2019-10-01 20:20:58,192 [grpc-default-executor-2] INFO  segmented.SegmentedRaftLogWorker (SegmentedRaftLogWorker.java:close(228)) - c87755eb-8f71-406d-9b39-c7913bad0d26@group-0E4A1E1C5072-SegmentedRaftLogWorker close()
2019-10-01 20:20:58,200 [grpc-default-executor-2] INFO  impl.RaftServerProxy (RaftServerProxy.java:remove(95)) - 28af574d-2172-4d1d-8894-6c49f9cc6298: remove  FOLLOWER 28af574d-2172-4d1d-8894-6c49f9cc6298@group-0E4A1E1C5072:t4, leader=c87755eb-8f71-406d-9b39-c7913bad0d26, voted=c87755eb-8f71-406d-9b39-c7913bad0d26, raftlog=28af574d-2172-4d1d-8894-6c49f9cc6298@group-0E4A1E1C5072-SegmentedRaftLog:OPENED:c2,f4,i4, conf=1: [28af574d-2172-4d1d-8894-6c49f9cc6298:192.168.151.103:43956, dd72838a-f206-4369-be48-6b1e036e4dac:192.168.151.103:34429, c87755eb-8f71-406d-9b39-c7913bad0d26:192.168.151.103:42498], old=null RUNNING
2019-10-01 20:20:58,200 [grpc-default-executor-2] INFO  impl.RaftServerImpl (RaftServerImpl.java:lambda$shutdown$3(251)) - 28af574d-2172-4d1d-8894-6c49f9cc6298@group-0E4A1E1C5072: shutdown
2019-10-01 20:20:58,200 [grpc-default-executor-2] INFO  util.JmxRegister (JmxRegister.java:unregister(73)) - Successfully un-registered JMX Bean with object name Ratis:service=RaftServer,group=group-0E4A1E1C5072,id=28af574d-2172-4d1d-8894-6c49f9cc6298
2019-10-01 20:20:58,201 [grpc-default-executor-2] INFO  impl.RoleInfo (RoleInfo.java:shutdownFollowerState(121)) - 28af574d-2172-4d1d-8894-6c49f9cc6298: shutdown FollowerState
2019-10-01 20:20:58,201 [grpc-default-executor-2] INFO  impl.StateMachineUpdater (StateMachineUpdater.java:stopAndJoin(125)) - 28af574d-2172-4d1d-8894-6c49f9cc6298@group-0E4A1E1C5072-StateMachineUpdater: set stopIndex = 2
2019-10-01 20:20:58,201 [Thread-928] INFO  impl.FollowerState (FollowerState.java:run(115)) - 28af574d-2172-4d1d-8894-6c49f9cc6298: FollowerState was interrupted: java.lang.InterruptedException: sleep interrupted
2019-10-01 20:20:58,203 [grpc-default-executor-2] INFO  impl.RaftServerImpl (ServerState.java:close(385)) - 28af574d-2172-4d1d-8894-6c49f9cc6298@group-0E4A1E1C5072: closes. applyIndex: 2
2019-10-01 20:20:58,205 [28af574d-2172-4d1d-8894-6c49f9cc6298@group-0E4A1E1C5072-SegmentedRaftLogWorker] INFO  segmented.SegmentedRaftLogWorker (SegmentedRaftLogWorker.java:run(313)) - 28af574d-2172-4d1d-8894-6c49f9cc6298@group-0E4A1E1C5072-SegmentedRaftLogWorker was interrupted, exiting. There are 0 tasks remaining in the queue.
2019-10-01 20:20:58,206 [grpc-default-executor-2] INFO  segmented.SegmentedRaftLogWorker (SegmentedRaftLogWorker.java:close(228)) - 28af574d-2172-4d1d-8894-6c49f9cc6298@group-0E4A1E1C5072-SegmentedRaftLogWorker close()
2019-10-01 20:20:58,293 [grpc-default-executor-2] INFO  interfaces.Container (KeyValueContainer.java:flushAndSyncDB(386)) - Container 5 is synced with bcsId 0.
2019-10-01 20:20:58,293 [grpc-default-executor-2] INFO  interfaces.Container (KeyValueContainer.java:flushAndSyncDB(386)) - Container 5 is synced with bcsId 0.
2019-10-01 20:20:58,309 [RatisPipelineUtilsThread] INFO  pipeline.PipelineStateManager (PipelineStateManager.java:removePipeline(108)) - Pipeline Pipeline[ Id: 396c3ff8-0b10-40af-affd-0e4a1e1c5072, Nodes: dd72838a-f206-4369-be48-6b1e036e4dac{ip: 192.168.151.103, host: pr-trunk-878pl-325597374, networkLocation: /default-rack, certSerialId: null}c87755eb-8f71-406d-9b39-c7913bad0d26{ip: 192.168.151.103, host: pr-trunk-878pl-325597374, networkLocation: /default-rack, certSerialId: null}28af574d-2172-4d1d-8894-6c49f9cc6298{ip: 192.168.151.103, host: pr-trunk-878pl-325597374, networkLocation: /default-rack, certSerialId: null}, Type:RATIS, Factor:THREE, State:CLOSED] removed from db
2019-10-01 20:20:58,320 [grpc-default-executor-2] INFO  impl.RaftServerProxy (RaftServerProxy.java:addNew(89)) - dd72838a-f206-4369-be48-6b1e036e4dac: addNew group-56DF3521027A:[28af574d-2172-4d1d-8894-6c49f9cc6298:192.168.151.103:43956, dd72838a-f206-4369-be48-6b1e036e4dac:192.168.151.103:34429, c87755eb-8f71-406d-9b39-c7913bad0d26:192.168.151.103:42498] returns group-56DF3521027A:java.util.concurrent.CompletableFuture@352a8ff2[Not completed]
2019-10-01 20:20:58,320 [grpc-default-executor-10] INFO  impl.RaftServerProxy (RaftServerProxy.java:addNew(89)) - 28af574d-2172-4d1d-8894-6c49f9cc6298: addNew group-56DF3521027A:[28af574d-2172-4d1d-8894-6c49f9cc6298:192.168.151.103:43956, dd72838a-f206-4369-be48-6b1e036e4dac:192.168.151.103:34429, c87755eb-8f71-406d-9b39-c7913bad0d26:192.168.151.103:42498] returns group-56DF3521027A:java.util.concurrent.CompletableFuture@300bd1fc[Not completed]
2019-10-01 20:20:58,322 [grpc-default-executor-10] INFO  impl.RaftServerProxy (RaftServerProxy.java:addNew(89)) - c87755eb-8f71-406d-9b39-c7913bad0d26: addNew group-56DF3521027A:[28af574d-2172-4d1d-8894-6c49f9cc6298:192.168.151.103:43956, dd72838a-f206-4369-be48-6b1e036e4dac:192.168.151.103:34429, c87755eb-8f71-406d-9b39-c7913bad0d26:192.168.151.103:42498] returns group-56DF3521027A:java.util.concurrent.CompletableFuture@282a9fc1[Not completed]
2019-10-01 20:20:58,323 [pool-68-thread-1] INFO  impl.RaftServerImpl (RaftServerImpl.java:<init>(95)) - 28af574d-2172-4d1d-8894-6c49f9cc6298: new RaftServerImpl for group-56DF3521027A:[28af574d-2172-4d1d-8894-6c49f9cc6298:192.168.151.103:43956, dd72838a-f206-4369-be48-6b1e036e4dac:192.168.151.103:34429, c87755eb-8f71-406d-9b39-c7913bad0d26:192.168.151.103:42498] with ContainerStateMachine:uninitialized
2019-10-01 20:20:58,323 [pool-68-thread-1] INFO  server.RaftServerConfigKeys (ConfUtils.java:logGet(43)) - raft.server.rpc.timeout.min = 5s (custom)
2019-10-01 20:20:58,323 [pool-68-thread-1] INFO  server.RaftServerConfigKeys (ConfUtils.java:logGet(43)) - raft.server.rpc.timeout.max = 5200ms (custom)
2019-10-01 20:20:58,324 [pool-68-thread-1] INFO  server.RaftServerConfigKeys (ConfUtils.java:logGet(43)) - raft.server.rpcslowness.timeout = 120s (custom)
2019-10-01 20:20:58,324 [pool-68-thread-1] INFO  server.RaftServerConfigKeys (ConfUtils.java:logGet(43)) - raft.server.sleep.deviation.threshold = 300 (default)
2019-10-01 20:20:58,324 [pool-68-thread-1] INFO  server.RaftServerConfigKeys (ConfUtils.java:logGet(43)) - raft.server.log.appender.install.snapshot.enabled = false (custom)
2019-10-01 20:20:58,324 [pool-68-thread-1] INFO  impl.RaftServerImpl (ServerState.java:<init>(103)) - 28af574d-2172-4d1d-8894-6c49f9cc6298@group-56DF3521027A: ConfigurationManager, init=-1: [28af574d-2172-4d1d-8894-6c49f9cc6298:192.168.151.103:43956, dd72838a-f206-4369-be48-6b1e036e4dac:192.168.151.103:34429, c87755eb-8f71-406d-9b39-c7913bad0d26:192.168.151.103:42498], old=null, confs=<EMPTY_MAP>
2019-10-01 20:20:58,324 [pool-68-thread-1] INFO  server.RaftServerConfigKeys (ConfUtils.java:logGet(43)) - raft.server.storage.dir = [/workdir/hadoop-ozone/ozonefs/target/test-dir/MiniOzoneClusterImpl-cc9961a9-1b1a-49c1-80c6-6d48514b4463/datanode-4/data/ratis] (custom)
2019-10-01 20:20:58,324 [pool-37-thread-1] INFO  impl.RaftServerImpl (RaftServerImpl.java:<init>(95)) - dd72838a-f206-4369-be48-6b1e036e4dac: new RaftServerImpl for group-56DF3521027A:[28af574d-2172-4d1d-8894-6c49f9cc6298:192.168.151.103:43956, dd72838a-f206-4369-be48-6b1e036e4dac:192.168.151.103:34429, c87755eb-8f71-406d-9b39-c7913bad0d26:192.168.151.103:42498] with ContainerStateMachine:uninitialized
2019-10-01 20:20:58,325 [pool-37-thread-1] INFO  server.RaftServerConfigKeys (ConfUtils.java:logGet(43)) - raft.server.rpc.timeout.min = 5s (custom)
2019-10-01 20:20:58,325 [pool-37-thread-1] INFO  server.RaftServerConfigKeys (ConfUtils.java:logGet(43)) - raft.server.rpc.timeout.max = 5200ms (custom)
2019-10-01 20:20:58,325 [pool-37-thread-1] INFO  server.RaftServerConfigKeys (ConfUtils.java:logGet(43)) - raft.server.rpcslowness.timeout = 120s (custom)
2019-10-01 20:20:58,325 [pool-37-thread-1] INFO  server.RaftServerConfigKeys (ConfUtils.java:logGet(43)) - raft.server.sleep.deviation.threshold = 300 (default)
2019-10-01 20:20:58,325 [pool-37-thread-1] INFO  server.RaftServerConfigKeys (ConfUtils.java:logGet(43)) - raft.server.log.appender.install.snapshot.enabled = false (custom)
2019-10-01 20:20:58,325 [pool-37-thread-1] INFO  impl.RaftServerImpl (ServerState.java:<init>(103)) - dd72838a-f206-4369-be48-6b1e036e4dac@group-56DF3521027A: ConfigurationManager, init=-1: [28af574d-2172-4d1d-8894-6c49f9cc6298:192.168.151.103:43956, dd72838a-f206-4369-be48-6b1e036e4dac:192.168.151.103:34429, c87755eb-8f71-406d-9b39-c7913bad0d26:192.168.151.103:42498], old=null, confs=<EMPTY_MAP>
2019-10-01 20:20:58,325 [pool-37-thread-1] INFO  server.RaftServerConfigKeys (ConfUtils.java:logGet(43)) - raft.server.storage.dir = [/workdir/hadoop-ozone/ozonefs/target/test-dir/MiniOzoneClusterImpl-cc9961a9-1b1a-49c1-80c6-6d48514b4463/datanode-1/data/ratis] (custom)
2019-10-01 20:20:58,325 [pool-37-thread-1] INFO  storage.RaftStorageDirectory (RaftStorageDirectory.java:analyzeStorage(246)) - The storage directory /workdir/hadoop-ozone/ozonefs/target/test-dir/MiniOzoneClusterImpl-cc9961a9-1b1a-49c1-80c6-6d48514b4463/datanode-1/data/ratis/f5bb7992-9b36-4470-8487-56df3521027a does not exist. Creating ...
2019-10-01 20:20:58,324 [pool-47-thread-1] INFO  impl.RaftServerImpl (RaftServerImpl.java:<init>(95)) - c87755eb-8f71-406d-9b39-c7913bad0d26: new RaftServerImpl for group-56DF3521027A:[28af574d-2172-4d1d-8894-6c49f9cc6298:192.168.151.103:43956, dd72838a-f206-4369-be48-6b1e036e4dac:192.168.151.103:34429, c87755eb-8f71-406d-9b39-c7913bad0d26:192.168.151.103:42498] with ContainerStateMachine:uninitialized
2019-10-01 20:20:58,327 [pool-47-thread-1] INFO  server.RaftServerConfigKeys (ConfUtils.java:logGet(43)) - raft.server.rpc.timeout.min = 5s (custom)
2019-10-01 20:20:58,327 [pool-47-thread-1] INFO  server.RaftServerConfigKeys (ConfUtils.java:logGet(43)) - raft.server.rpc.timeout.max = 5200ms (custom)
2019-10-01 20:20:58,327 [pool-47-thread-1] INFO  server.RaftServerConfigKeys (ConfUtils.java:logGet(43)) - raft.server.rpcslowness.timeout = 120s (custom)
2019-10-01 20:20:58,327 [pool-47-thread-1] INFO  server.RaftServerConfigKeys (ConfUtils.java:logGet(43)) - raft.server.sleep.deviation.threshold = 300 (default)
2019-10-01 20:20:58,327 [pool-47-thread-1] INFO  server.RaftServerConfigKeys (ConfUtils.java:logGet(43)) - raft.server.log.appender.install.snapshot.enabled = false (custom)
2019-10-01 20:20:58,327 [pool-47-thread-1] INFO  impl.RaftServerImpl (ServerState.java:<init>(103)) - c87755eb-8f71-406d-9b39-c7913bad0d26@group-56DF3521027A: ConfigurationManager, init=-1: [28af574d-2172-4d1d-8894-6c49f9cc6298:192.168.151.103:43956, dd72838a-f206-4369-be48-6b1e036e4dac:192.168.151.103:34429, c87755eb-8f71-406d-9b39-c7913bad0d26:192.168.151.103:42498], old=null, confs=<EMPTY_MAP>
2019-10-01 20:20:58,327 [pool-47-thread-1] INFO  server.RaftServerConfigKeys (ConfUtils.java:logGet(43)) - raft.server.storage.dir = [/workdir/hadoop-ozone/ozonefs/target/test-dir/MiniOzoneClusterImpl-cc9961a9-1b1a-49c1-80c6-6d48514b4463/datanode-2/data/ratis] (custom)
2019-10-01 20:20:58,328 [pool-47-thread-1] INFO  storage.RaftStorageDirectory (RaftStorageDirectory.java:analyzeStorage(246)) - The storage directory /workdir/hadoop-ozone/ozonefs/target/test-dir/MiniOzoneClusterImpl-cc9961a9-1b1a-49c1-80c6-6d48514b4463/datanode-2/data/ratis/f5bb7992-9b36-4470-8487-56df3521027a does not exist. Creating ...
2019-10-01 20:20:58,325 [pool-68-thread-1] INFO  storage.RaftStorageDirectory (RaftStorageDirectory.java:analyzeStorage(246)) - The storage directory /workdir/hadoop-ozone/ozonefs/target/test-dir/MiniOzoneClusterImpl-cc9961a9-1b1a-49c1-80c6-6d48514b4463/datanode-4/data/ratis/f5bb7992-9b36-4470-8487-56df3521027a does not exist. Creating ...
2019-10-01 20:20:58,339 [pool-37-thread-1] INFO  storage.RaftStorageDirectory (RaftStorageDirectory.java:tryLock(328)) - Lock on /workdir/hadoop-ozone/ozonefs/target/test-dir/MiniOzoneClusterImpl-cc9961a9-1b1a-49c1-80c6-6d48514b4463/datanode-1/data/ratis/f5bb7992-9b36-4470-8487-56df3521027a/in_use.lock acquired by nodename 29826@pr-trunk-878pl-325597374
2019-10-01 20:20:58,339 [pool-68-thread-1] INFO  storage.RaftStorageDirectory (RaftStorageDirectory.java:tryLock(328)) - Lock on /workdir/hadoop-ozone/ozonefs/target/test-dir/MiniOzoneClusterImpl-cc9961a9-1b1a-49c1-80c6-6d48514b4463/datanode-4/data/ratis/f5bb7992-9b36-4470-8487-56df3521027a/in_use.lock acquired by nodename 29826@pr-trunk-878pl-325597374
2019-10-01 20:20:58,339 [pool-47-thread-1] INFO  storage.RaftStorageDirectory (RaftStorageDirectory.java:tryLock(328)) - Lock on /workdir/hadoop-ozone/ozonefs/target/test-dir/MiniOzoneClusterImpl-cc9961a9-1b1a-49c1-80c6-6d48514b4463/datanode-2/data/ratis/f5bb7992-9b36-4470-8487-56df3521027a/in_use.lock acquired by nodename 29826@pr-trunk-878pl-325597374
2019-10-01 20:20:58,363 [pool-47-thread-1] INFO  storage.RaftStorage (RaftStorage.java:format(72)) - Storage directory /workdir/hadoop-ozone/ozonefs/target/test-dir/MiniOzoneClusterImpl-cc9961a9-1b1a-49c1-80c6-6d48514b4463/datanode-2/data/ratis/f5bb7992-9b36-4470-8487-56df3521027a has been successfully formatted.
2019-10-01 20:20:58,363 [pool-37-thread-1] INFO  storage.RaftStorage (RaftStorage.java:format(72)) - Storage directory /workdir/hadoop-ozone/ozonefs/target/test-dir/MiniOzoneClusterImpl-cc9961a9-1b1a-49c1-80c6-6d48514b4463/datanode-1/data/ratis/f5bb7992-9b36-4470-8487-56df3521027a has been successfully formatted.
2019-10-01 20:20:58,363 [pool-68-thread-1] INFO  storage.RaftStorage (RaftStorage.java:format(72)) - Storage directory /workdir/hadoop-ozone/ozonefs/target/test-dir/MiniOzoneClusterImpl-cc9961a9-1b1a-49c1-80c6-6d48514b4463/datanode-4/data/ratis/f5bb7992-9b36-4470-8487-56df3521027a has been successfully formatted.
2019-10-01 20:20:58,364 [pool-37-thread-1] INFO  ratis.ContainerStateMachine (ContainerStateMachine.java:loadSnapshot(231)) - group-56DF3521027A: The snapshot info is null. Setting the last applied indexto:(t:0, i:~)
2019-10-01 20:20:58,364 [pool-47-thread-1] INFO  ratis.ContainerStateMachine (ContainerStateMachine.java:loadSnapshot(231)) - group-56DF3521027A: The snapshot info is null. Setting the last applied indexto:(t:0, i:~)
2019-10-01 20:20:58,364 [pool-47-thread-1] INFO  server.RaftServerConfigKeys (ConfUtils.java:logGet(43)) - raft.server.notification.no-leader.timeout = 120s (custom)
2019-10-01 20:20:58,364 [pool-47-thread-1] INFO  server.RaftServerConfigKeys (ConfUtils.java:logGet(43)) - raft.server.log.use.memory = false (default)
2019-10-01 20:20:58,364 [pool-47-thread-1] INFO  server.RaftServerConfigKeys (ConfUtils.java:logGet(43)) - raft.server.log.purge.gap = 1000000 (custom)
2019-10-01 20:20:58,364 [pool-47-thread-1] INFO  server.RaftServerConfigKeys (ConfUtils.java:logGet(43)) - raft.server.log.appender.buffer.byte-limit = 33554432 (custom)
2019-10-01 20:20:58,365 [pool-47-thread-1] INFO  server.RaftServerConfigKeys (ConfUtils.java:logGet(43)) - raft.server.log.segment.size.max = 1048576 (custom)
2019-10-01 20:20:58,365 [pool-47-thread-1] INFO  server.RaftServerConfigKeys (ConfUtils.java:logGet(43)) - raft.server.log.segment.cache.num.max = 2 (custom)
2019-10-01 20:20:58,365 [pool-47-thread-1] INFO  segmented.SegmentedRaftLogWorker (SegmentedRaftLogWorker.java:<init>(172)) - new c87755eb-8f71-406d-9b39-c7913bad0d26@group-56DF3521027A-SegmentedRaftLogWorker for RaftStorage:Storage Directory /workdir/hadoop-ozone/ozonefs/target/test-dir/MiniOzoneClusterImpl-cc9961a9-1b1a-49c1-80c6-6d48514b4463/datanode-2/data/ratis/f5bb7992-9b36-4470-8487-56df3521027a
2019-10-01 20:20:58,365 [pool-47-thread-1] INFO  server.RaftServerConfigKeys (ConfUtils.java:logGet(43)) - raft.server.log.queue.byte-limit = 2147483647 (custom)
2019-10-01 20:20:58,365 [pool-47-thread-1] INFO  server.RaftServerConfigKeys (ConfUtils.java:logGet(43)) - raft.server.log.queue.element-limit = 1024 (custom)
2019-10-01 20:20:58,365 [pool-47-thread-1] INFO  server.RaftServerConfigKeys (ConfUtils.java:logGet(43)) - raft.server.log.segment.size.max = 1048576 (custom)
2019-10-01 20:20:58,365 [pool-47-thread-1] INFO  server.RaftServerConfigKeys (ConfUtils.java:logGet(43)) - raft.server.log.preallocated.size = 16384 (custom)
2019-10-01 20:20:58,366 [pool-47-thread-1] INFO  server.RaftServerConfigKeys (ConfUtils.java:logGet(43)) - raft.server.log.write.buffer.size = 33554432 (custom)
2019-10-01 20:20:58,366 [pool-47-thread-1] INFO  server.RaftServerConfigKeys (ConfUtils.java:logGet(43)) - raft.server.log.force.sync.num = 128 (default)
2019-10-01 20:20:58,366 [pool-47-thread-1] INFO  server.RaftServerConfigKeys (ConfUtils.java:logGet(43)) - raft.server.log.statemachine.data.sync = true (default)
2019-10-01 20:20:58,366 [pool-47-thread-1] INFO  server.RaftServerConfigKeys (ConfUtils.java:logGet(43)) - raft.server.log.statemachine.data.sync.timeout = 10s (default)
2019-10-01 20:20:58,366 [pool-47-thread-1] INFO  server.RaftServerConfigKeys (ConfUtils.java:logGet(43)) - raft.server.log.statemachine.data.sync.timeout.retry = -1 (default)
2019-10-01 20:20:58,366 [pool-47-thread-1] INFO  server.RaftServerConfigKeys (ConfUtils.java:logGet(43)) - raft.server.log.statemachine.data.caching.enabled = true (custom)
2019-10-01 20:20:58,366 [pool-47-thread-1] INFO  segmented.SegmentedRaftLogWorker (SegmentedRaftLogWorker.java:lambda$new$0(132)) - c87755eb-8f71-406d-9b39-c7913bad0d26@group-56DF3521027A-SegmentedRaftLogWorker: flushIndex: setUnconditionally 0 -> -1
2019-10-01 20:20:58,364 [pool-37-thread-1] INFO  server.RaftServerConfigKeys (ConfUtils.java:logGet(43)) - raft.server.notification.no-leader.timeout = 120s (custom)
2019-10-01 20:20:58,364 [pool-68-thread-1] INFO  ratis.ContainerStateMachine (ContainerStateMachine.java:loadSnapshot(231)) - group-56DF3521027A: The snapshot info is null. Setting the last applied indexto:(t:0, i:~)
2019-10-01 20:20:58,367 [pool-47-thread-1] INFO  server.RaftServerConfigKeys (ConfUtils.java:logGet(43)) - raft.server.snapshot.auto.trigger.enabled = true (custom)
2019-10-01 20:20:58,367 [pool-47-thread-1] INFO  server.RaftServerConfigKeys (ConfUtils.java:logGet(43)) - raft.server.snapshot.auto.trigger.threshold = 10000 (custom)
2019-10-01 20:20:58,367 [pool-47-thread-1] INFO  server.RaftServerConfigKeys (ConfUtils.java:logGet(43)) - raft.server.snapshot.retention.num.files = 5 (custom)
2019-10-01 20:20:58,368 [pool-47-thread-1] INFO  server.RaftServerConfigKeys (ConfUtils.java:logGet(43)) - raft.server.retrycache.expirytime = 600000ms (custom)
2019-10-01 20:20:58,367 [pool-37-thread-1] INFO  server.RaftServerConfigKeys (ConfUtils.java:logGet(43)) - raft.server.log.use.memory = false (default)
2019-10-01 20:20:58,367 [pool-68-thread-1] INFO  server.RaftServerConfigKeys (ConfUtils.java:logGet(43)) - raft.server.notification.no-leader.timeout = 120s (custom)
2019-10-01 20:20:58,369 [pool-37-thread-1] INFO  server.RaftServerConfigKeys (ConfUtils.java:logGet(43)) - raft.server.log.purge.gap = 1000000 (custom)
2019-10-01 20:20:58,369 [pool-68-thread-1] INFO  server.RaftServerConfigKeys (ConfUtils.java:logGet(43)) - raft.server.log.use.memory = false (default)
2019-10-01 20:20:58,369 [pool-68-thread-1] INFO  server.RaftServerConfigKeys (ConfUtils.java:logGet(43)) - raft.server.log.purge.gap = 1000000 (custom)
2019-10-01 20:20:58,369 [pool-68-thread-1] INFO  server.RaftServerConfigKeys (ConfUtils.java:logGet(43)) - raft.server.log.appender.buffer.byte-limit = 33554432 (custom)
2019-10-01 20:20:58,370 [pool-68-thread-1] INFO  server.RaftServerConfigKeys (ConfUtils.java:logGet(43)) - raft.server.log.segment.size.max = 1048576 (custom)
2019-10-01 20:20:58,370 [pool-68-thread-1] INFO  server.RaftServerConfigKeys (ConfUtils.java:logGet(43)) - raft.server.log.segment.cache.num.max = 2 (custom)
2019-10-01 20:20:58,370 [pool-68-thread-1] INFO  segmented.SegmentedRaftLogWorker (SegmentedRaftLogWorker.java:<init>(172)) - new 28af574d-2172-4d1d-8894-6c49f9cc6298@group-56DF3521027A-SegmentedRaftLogWorker for RaftStorage:Storage Directory /workdir/hadoop-ozone/ozonefs/target/test-dir/MiniOzoneClusterImpl-cc9961a9-1b1a-49c1-80c6-6d48514b4463/datanode-4/data/ratis/f5bb7992-9b36-4470-8487-56df3521027a
2019-10-01 20:20:58,370 [pool-68-thread-1] INFO  server.RaftServerConfigKeys (ConfUtils.java:logGet(43)) - raft.server.log.queue.byte-limit = 2147483647 (custom)
2019-10-01 20:20:58,370 [pool-68-thread-1] INFO  server.RaftServerConfigKeys (ConfUtils.java:logGet(43)) - raft.server.log.queue.element-limit = 1024 (custom)
2019-10-01 20:20:58,370 [pool-68-thread-1] INFO  server.RaftServerConfigKeys (ConfUtils.java:logGet(43)) - raft.server.log.segment.size.max = 1048576 (custom)
2019-10-01 20:20:58,371 [pool-68-thread-1] INFO  server.RaftServerConfigKeys (ConfUtils.java:logGet(43)) - raft.server.log.preallocated.size = 16384 (custom)
2019-10-01 20:20:58,369 [pool-37-thread-1] INFO  server.RaftServerConfigKeys (ConfUtils.java:logGet(43)) - raft.server.log.appender.buffer.byte-limit = 33554432 (custom)
2019-10-01 20:20:58,371 [pool-37-thread-1] INFO  server.RaftServerConfigKeys (ConfUtils.java:logGet(43)) - raft.server.log.segment.size.max = 1048576 (custom)
2019-10-01 20:20:58,371 [pool-37-thread-1] INFO  server.RaftServerConfigKeys (ConfUtils.java:logGet(43)) - raft.server.log.segment.cache.num.max = 2 (custom)
2019-10-01 20:20:58,371 [pool-37-thread-1] INFO  segmented.SegmentedRaftLogWorker (SegmentedRaftLogWorker.java:<init>(172)) - new dd72838a-f206-4369-be48-6b1e036e4dac@group-56DF3521027A-SegmentedRaftLogWorker for RaftStorage:Storage Directory /workdir/hadoop-ozone/ozonefs/target/test-dir/MiniOzoneClusterImpl-cc9961a9-1b1a-49c1-80c6-6d48514b4463/datanode-1/data/ratis/f5bb7992-9b36-4470-8487-56df3521027a
2019-10-01 20:20:58,371 [pool-37-thread-1] INFO  server.RaftServerConfigKeys (ConfUtils.java:logGet(43)) - raft.server.log.queue.byte-limit = 2147483647 (custom)
2019-10-01 20:20:58,371 [pool-37-thread-1] INFO  server.RaftServerConfigKeys (ConfUtils.java:logGet(43)) - raft.server.log.queue.element-limit = 1024 (custom)
2019-10-01 20:20:58,372 [pool-37-thread-1] INFO  server.RaftServerConfigKeys (ConfUtils.java:logGet(43)) - raft.server.log.segment.size.max = 1048576 (custom)
2019-10-01 20:20:58,372 [pool-37-thread-1] INFO  server.RaftServerConfigKeys (ConfUtils.java:logGet(43)) - raft.server.log.preallocated.size = 16384 (custom)
2019-10-01 20:20:58,372 [pool-37-thread-1] INFO  server.RaftServerConfigKeys (ConfUtils.java:logGet(43)) - raft.server.log.write.buffer.size = 33554432 (custom)
2019-10-01 20:20:58,372 [pool-37-thread-1] INFO  server.RaftServerConfigKeys (ConfUtils.java:logGet(43)) - raft.server.log.force.sync.num = 128 (default)
2019-10-01 20:20:58,372 [pool-37-thread-1] INFO  server.RaftServerConfigKeys (ConfUtils.java:logGet(43)) - raft.server.log.statemachine.data.sync = true (default)
2019-10-01 20:20:58,372 [pool-37-thread-1] INFO  server.RaftServerConfigKeys (ConfUtils.java:logGet(43)) - raft.server.log.statemachine.data.sync.timeout = 10s (default)
2019-10-01 20:20:58,372 [pool-37-thread-1] INFO  server.RaftServerConfigKeys (ConfUtils.java:logGet(43)) - raft.server.log.statemachine.data.sync.timeout.retry = -1 (default)
2019-10-01 20:20:58,372 [pool-37-thread-1] INFO  server.RaftServerConfigKeys (ConfUtils.java:logGet(43)) - raft.server.log.statemachine.data.caching.enabled = true (custom)
2019-10-01 20:20:58,371 [pool-68-thread-1] INFO  server.RaftServerConfigKeys (ConfUtils.java:logGet(43)) - raft.server.log.write.buffer.size = 33554432 (custom)
2019-10-01 20:20:58,373 [pool-37-thread-1] INFO  segmented.SegmentedRaftLogWorker (SegmentedRaftLogWorker.java:lambda$new$0(132)) - dd72838a-f206-4369-be48-6b1e036e4dac@group-56DF3521027A-SegmentedRaftLogWorker: flushIndex: setUnconditionally 0 -> -1
2019-10-01 20:20:58,371 [pool-47-thread-1] INFO  impl.RaftServerImpl (RaftServerImpl.java:start(185)) - c87755eb-8f71-406d-9b39-c7913bad0d26@group-56DF3521027A: start as a follower, conf=-1: [28af574d-2172-4d1d-8894-6c49f9cc6298:192.168.151.103:43956, dd72838a-f206-4369-be48-6b1e036e4dac:192.168.151.103:34429, c87755eb-8f71-406d-9b39-c7913bad0d26:192.168.151.103:42498], old=null
2019-10-01 20:20:58,373 [pool-68-thread-1] INFO  server.RaftServerConfigKeys (ConfUtils.java:logGet(43)) - raft.server.log.force.sync.num = 128 (default)
2019-10-01 20:20:58,373 [pool-37-thread-1] INFO  server.RaftServerConfigKeys (ConfUtils.java:logGet(43)) - raft.server.snapshot.auto.trigger.enabled = true (custom)
2019-10-01 20:20:58,373 [pool-68-thread-1] INFO  server.RaftServerConfigKeys (ConfUtils.java:logGet(43)) - raft.server.log.statemachine.data.sync = true (default)
2019-10-01 20:20:58,373 [pool-47-thread-1] INFO  impl.RaftServerImpl (RaftServerImpl.java:setRole(174)) - c87755eb-8f71-406d-9b39-c7913bad0d26@group-56DF3521027A: changes role from      null to FOLLOWER at term 0 for startAsFollower
2019-10-01 20:20:58,374 [pool-68-thread-1] INFO  server.RaftServerConfigKeys (ConfUtils.java:logGet(43)) - raft.server.log.statemachine.data.sync.timeout = 10s (default)
2019-10-01 20:20:58,374 [pool-68-thread-1] INFO  server.RaftServerConfigKeys (ConfUtils.java:logGet(43)) - raft.server.log.statemachine.data.sync.timeout.retry = -1 (default)
2019-10-01 20:20:58,374 [pool-68-thread-1] INFO  server.RaftServerConfigKeys (ConfUtils.java:logGet(43)) - raft.server.log.statemachine.data.caching.enabled = true (custom)
2019-10-01 20:20:58,375 [pool-68-thread-1] INFO  segmented.SegmentedRaftLogWorker (SegmentedRaftLogWorker.java:lambda$new$0(132)) - 28af574d-2172-4d1d-8894-6c49f9cc6298@group-56DF3521027A-SegmentedRaftLogWorker: flushIndex: setUnconditionally 0 -> -1
2019-10-01 20:20:58,375 [pool-68-thread-1] INFO  server.RaftServerConfigKeys (ConfUtils.java:logGet(43)) - raft.server.snapshot.auto.trigger.enabled = true (custom)
2019-10-01 20:20:58,375 [pool-68-thread-1] INFO  server.RaftServerConfigKeys (ConfUtils.java:logGet(43)) - raft.server.snapshot.auto.trigger.threshold = 10000 (custom)
2019-10-01 20:20:58,375 [pool-68-thread-1] INFO  server.RaftServerConfigKeys (ConfUtils.java:logGet(43)) - raft.server.snapshot.retention.num.files = 5 (custom)
2019-10-01 20:20:58,375 [pool-68-thread-1] INFO  server.RaftServerConfigKeys (ConfUtils.java:logGet(43)) - raft.server.retrycache.expirytime = 600000ms (custom)
2019-10-01 20:20:58,374 [pool-37-thread-1] INFO  server.RaftServerConfigKeys (ConfUtils.java:logGet(43)) - raft.server.snapshot.auto.trigger.threshold = 10000 (custom)
2019-10-01 20:20:58,377 [pool-37-thread-1] INFO  server.RaftServerConfigKeys (ConfUtils.java:logGet(43)) - raft.server.snapshot.retention.num.files = 5 (custom)
2019-10-01 20:20:58,377 [pool-37-thread-1] INFO  server.RaftServerConfigKeys (ConfUtils.java:logGet(43)) - raft.server.retrycache.expirytime = 600000ms (custom)
2019-10-01 20:20:58,374 [pool-47-thread-1] INFO  impl.RoleInfo (RoleInfo.java:updateAndGet(143)) - c87755eb-8f71-406d-9b39-c7913bad0d26: start FollowerState
2019-10-01 20:20:58,379 [pool-68-thread-1] INFO  impl.RaftServerImpl (RaftServerImpl.java:start(185)) - 28af574d-2172-4d1d-8894-6c49f9cc6298@group-56DF3521027A: start as a follower, conf=-1: [28af574d-2172-4d1d-8894-6c49f9cc6298:192.168.151.103:43956, dd72838a-f206-4369-be48-6b1e036e4dac:192.168.151.103:34429, c87755eb-8f71-406d-9b39-c7913bad0d26:192.168.151.103:42498], old=null
2019-10-01 20:20:58,380 [pool-68-thread-1] INFO  impl.RaftServerImpl (RaftServerImpl.java:setRole(174)) - 28af574d-2172-4d1d-8894-6c49f9cc6298@group-56DF3521027A: changes role from      null to FOLLOWER at term 0 for startAsFollower
2019-10-01 20:20:58,381 [pool-37-thread-1] INFO  impl.RaftServerImpl (RaftServerImpl.java:start(185)) - dd72838a-f206-4369-be48-6b1e036e4dac@group-56DF3521027A: start as a follower, conf=-1: [28af574d-2172-4d1d-8894-6c49f9cc6298:192.168.151.103:43956, dd72838a-f206-4369-be48-6b1e036e4dac:192.168.151.103:34429, c87755eb-8f71-406d-9b39-c7913bad0d26:192.168.151.103:42498], old=null
2019-10-01 20:20:58,381 [pool-37-thread-1] INFO  impl.RaftServerImpl (RaftServerImpl.java:setRole(174)) - dd72838a-f206-4369-be48-6b1e036e4dac@group-56DF3521027A: changes role from      null to FOLLOWER at term 0 for startAsFollower
2019-10-01 20:20:58,381 [pool-68-thread-1] INFO  impl.RoleInfo (RoleInfo.java:updateAndGet(143)) - 28af574d-2172-4d1d-8894-6c49f9cc6298: start FollowerState
2019-10-01 20:20:58,381 [pool-37-thread-1] INFO  impl.RoleInfo (RoleInfo.java:updateAndGet(143)) - dd72838a-f206-4369-be48-6b1e036e4dac: start FollowerState
2019-10-01 20:20:58,381 [pool-47-thread-1] INFO  util.JmxRegister (JmxRegister.java:tryRegister(44)) - Successfully registered JMX Bean with object name Ratis:service=RaftServer,group=group-56DF3521027A,id=c87755eb-8f71-406d-9b39-c7913bad0d26
2019-10-01 20:20:58,381 [pool-68-thread-1] INFO  util.JmxRegister (JmxRegister.java:tryRegister(44)) - Successfully registered JMX Bean with object name Ratis:service=RaftServer,group=group-56DF3521027A,id=28af574d-2172-4d1d-8894-6c49f9cc6298
2019-10-01 20:20:58,382 [pool-37-thread-1] INFO  util.JmxRegister (JmxRegister.java:tryRegister(44)) - Successfully registered JMX Bean with object name Ratis:service=RaftServer,group=group-56DF3521027A,id=dd72838a-f206-4369-be48-6b1e036e4dac
2019-10-01 20:20:58,389 [RatisPipelineUtilsThread] INFO  pipeline.PipelineStateManager (PipelineStateManager.java:addPipeline(56)) - Created pipeline Pipeline[ Id: f5bb7992-9b36-4470-8487-56df3521027a, Nodes: dd72838a-f206-4369-be48-6b1e036e4dac{ip: 192.168.151.103, host: pr-trunk-878pl-325597374, networkLocation: /default-rack, certSerialId: null}c87755eb-8f71-406d-9b39-c7913bad0d26{ip: 192.168.151.103, host: pr-trunk-878pl-325597374, networkLocation: /default-rack, certSerialId: null}28af574d-2172-4d1d-8894-6c49f9cc6298{ip: 192.168.151.103, host: pr-trunk-878pl-325597374, networkLocation: /default-rack, certSerialId: null}, Type:RATIS, Factor:THREE, State:OPEN]
2019-10-01 20:20:59,207 [Thread-646] WARN  io.KeyOutputStream (KeyOutputStream.java:handleException(274)) - Encountered exception java.io.IOException: Unexpected Storage Container Exception: java.util.concurrent.CompletionException: java.util.concurrent.CompletionException: org.apache.ratis.protocol.GroupMismatchException: c87755eb-8f71-406d-9b39-c7913bad0d26: group-0E4A1E1C5072 not found. on the pipeline Pipeline[ Id: 396c3ff8-0b10-40af-affd-0e4a1e1c5072, Nodes: dd72838a-f206-4369-be48-6b1e036e4dac{ip: 192.168.151.103, host: pr-trunk-878pl-325597374, networkLocation: /default-rack, certSerialId: null}c87755eb-8f71-406d-9b39-c7913bad0d26{ip: 192.168.151.103, host: pr-trunk-878pl-325597374, networkLocation: /default-rack, certSerialId: null}28af574d-2172-4d1d-8894-6c49f9cc6298{ip: 192.168.151.103, host: pr-trunk-878pl-325597374, networkLocation: /default-rack, certSerialId: null}, Type:RATIS, Factor:THREE, State:OPEN]. The last committed block length is 0, uncommitted data length is 26 retry count 0
2019-10-01 20:21:03,468 [Thread-1049] INFO  impl.FollowerState (FollowerState.java:run(106)) - c87755eb-8f71-406d-9b39-c7913bad0d26:group-56DF3521027A changes to CANDIDATE, lastRpcTime:5094, electionTimeout:5087ms
2019-10-01 20:21:03,470 [Thread-1049] INFO  impl.RoleInfo (RoleInfo.java:shutdownFollowerState(121)) - c87755eb-8f71-406d-9b39-c7913bad0d26: shutdown FollowerState
2019-10-01 20:21:03,470 [Thread-1049] INFO  impl.RaftServerImpl (RaftServerImpl.java:setRole(174)) - c87755eb-8f71-406d-9b39-c7913bad0d26@group-56DF3521027A: changes role from  FOLLOWER to CANDIDATE at term 0 for changeToCandidate
2019-10-01 20:21:03,471 [Thread-1049] INFO  impl.RoleInfo (RoleInfo.java:updateAndGet(143)) - c87755eb-8f71-406d-9b39-c7913bad0d26: start LeaderElection
2019-10-01 20:21:03,479 [Thread-1053] INFO  impl.FollowerState (FollowerState.java:run(106)) - dd72838a-f206-4369-be48-6b1e036e4dac:group-56DF3521027A changes to CANDIDATE, lastRpcTime:5098, electionTimeout:5097ms
2019-10-01 20:21:03,480 [Thread-1053] INFO  impl.RoleInfo (RoleInfo.java:shutdownFollowerState(121)) - dd72838a-f206-4369-be48-6b1e036e4dac: shutdown FollowerState
2019-10-01 20:21:03,480 [Thread-1053] INFO  impl.RaftServerImpl (RaftServerImpl.java:setRole(174)) - dd72838a-f206-4369-be48-6b1e036e4dac@group-56DF3521027A: changes role from  FOLLOWER to CANDIDATE at term 0 for changeToCandidate
2019-10-01 20:21:03,480 [Thread-1053] INFO  impl.RoleInfo (RoleInfo.java:updateAndGet(143)) - dd72838a-f206-4369-be48-6b1e036e4dac: start LeaderElection
2019-10-01 20:21:03,487 [c87755eb-8f71-406d-9b39-c7913bad0d26@group-56DF3521027A:LeaderElection22] INFO  impl.LeaderElection (LeaderElection.java:askForVotes(182)) - c87755eb-8f71-406d-9b39-c7913bad0d26@group-56DF3521027A:LeaderElection22: begin an election at term 1 for -1: [28af574d-2172-4d1d-8894-6c49f9cc6298:192.168.151.103:43956, dd72838a-f206-4369-be48-6b1e036e4dac:192.168.151.103:34429, c87755eb-8f71-406d-9b39-c7913bad0d26:192.168.151.103:42498], old=null
2019-10-01 20:21:03,491 [grpc-default-executor-4] INFO  impl.RaftServerImpl (RaftServerImpl.java:setRole(174)) - 28af574d-2172-4d1d-8894-6c49f9cc6298@group-56DF3521027A: changes role from  FOLLOWER to FOLLOWER at term 1 for recognizeCandidate:c87755eb-8f71-406d-9b39-c7913bad0d26
2019-10-01 20:21:03,491 [grpc-default-executor-4] INFO  impl.RoleInfo (RoleInfo.java:shutdownFollowerState(121)) - 28af574d-2172-4d1d-8894-6c49f9cc6298: shutdown FollowerState
2019-10-01 20:21:03,491 [grpc-default-executor-4] INFO  impl.RoleInfo (RoleInfo.java:updateAndGet(143)) - 28af574d-2172-4d1d-8894-6c49f9cc6298: start FollowerState
2019-10-01 20:21:03,491 [Thread-1052] INFO  impl.FollowerState (FollowerState.java:run(115)) - 28af574d-2172-4d1d-8894-6c49f9cc6298: FollowerState was interrupted: java.lang.InterruptedException: sleep interrupted
2019-10-01 20:21:03,501 [dd72838a-f206-4369-be48-6b1e036e4dac@group-56DF3521027A:LeaderElection23] INFO  impl.LeaderElection (LeaderElection.java:askForVotes(182)) - dd72838a-f206-4369-be48-6b1e036e4dac@group-56DF3521027A:LeaderElection23: begin an election at term 1 for -1: [28af574d-2172-4d1d-8894-6c49f9cc6298:192.168.151.103:43956, dd72838a-f206-4369-be48-6b1e036e4dac:192.168.151.103:34429, c87755eb-8f71-406d-9b39-c7913bad0d26:192.168.151.103:42498], old=null
2019-10-01 20:21:03,501 [c87755eb-8f71-406d-9b39-c7913bad0d26@group-56DF3521027A:LeaderElection22] INFO  impl.LeaderElection (LeaderElection.java:logAndReturn(56)) - c87755eb-8f71-406d-9b39-c7913bad0d26@group-56DF3521027A:LeaderElection22: Election PASSED; received 1 response(s) [c87755eb-8f71-406d-9b39-c7913bad0d26<-28af574d-2172-4d1d-8894-6c49f9cc6298#0:OK-t1] and 0 exception(s); c87755eb-8f71-406d-9b39-c7913bad0d26@group-56DF3521027A:t1, leader=null, voted=c87755eb-8f71-406d-9b39-c7913bad0d26, raftlog=c87755eb-8f71-406d-9b39-c7913bad0d26@group-56DF3521027A-SegmentedRaftLog:OPENED:c-1,f-1,i0, conf=-1: [28af574d-2172-4d1d-8894-6c49f9cc6298:192.168.151.103:43956, dd72838a-f206-4369-be48-6b1e036e4dac:192.168.151.103:34429, c87755eb-8f71-406d-9b39-c7913bad0d26:192.168.151.103:42498], old=null
2019-10-01 20:21:03,501 [c87755eb-8f71-406d-9b39-c7913bad0d26@group-56DF3521027A:LeaderElection22] INFO  impl.RoleInfo (RoleInfo.java:shutdownLeaderElection(134)) - c87755eb-8f71-406d-9b39-c7913bad0d26: shutdown LeaderElection
2019-10-01 20:21:03,502 [c87755eb-8f71-406d-9b39-c7913bad0d26@group-56DF3521027A:LeaderElection22] INFO  impl.RaftServerImpl (RaftServerImpl.java:setRole(174)) - c87755eb-8f71-406d-9b39-c7913bad0d26@group-56DF3521027A: changes role from CANDIDATE to LEADER at term 1 for changeToLeader
2019-10-01 20:21:03,502 [c87755eb-8f71-406d-9b39-c7913bad0d26@group-56DF3521027A:LeaderElection22] INFO  impl.RaftServerImpl (ServerState.java:setLeader(253)) - c87755eb-8f71-406d-9b39-c7913bad0d26@group-56DF3521027A: change Leader from null to c87755eb-8f71-406d-9b39-c7913bad0d26 at term 1 for becomeLeader, leader elected after 5137ms
2019-10-01 20:21:03,502 [c87755eb-8f71-406d-9b39-c7913bad0d26@group-56DF3521027A:LeaderElection22] INFO  server.RaftServerConfigKeys (ConfUtils.java:logGet(43)) - raft.server.staging.catchup.gap = 1000 (default)
2019-10-01 20:21:03,502 [c87755eb-8f71-406d-9b39-c7913bad0d26@group-56DF3521027A:LeaderElection22] INFO  server.RaftServerConfigKeys (ConfUtils.java:logGet(43)) - raft.server.rpc.sleep.time = 25ms (default)
2019-10-01 20:21:03,502 [c87755eb-8f71-406d-9b39-c7913bad0d26@group-56DF3521027A:LeaderElection22] INFO  server.RaftServerConfigKeys (ConfUtils.java:logGet(43)) - raft.server.write.element-limit = 4096 (default)
2019-10-01 20:21:03,502 [c87755eb-8f71-406d-9b39-c7913bad0d26@group-56DF3521027A:LeaderElection22] INFO  server.RaftServerConfigKeys (ConfUtils.java:logGet(43)) - raft.server.watch.timeout = 10s (default)
2019-10-01 20:21:03,502 [c87755eb-8f71-406d-9b39-c7913bad0d26@group-56DF3521027A:LeaderElection22] INFO  server.RaftServerConfigKeys (ConfUtils.java:logGet(43)) - raft.server.watch.timeout.denomination = 1s (default)
2019-10-01 20:21:03,503 [c87755eb-8f71-406d-9b39-c7913bad0d26@group-56DF3521027A:LeaderElection22] INFO  server.RaftServerConfigKeys (ConfUtils.java:logGet(43)) - raft.server.watch.element-limit = 65536 (default)
2019-10-01 20:21:03,505 [c87755eb-8f71-406d-9b39-c7913bad0d26@group-56DF3521027A:LeaderElection22] INFO  server.RaftServerConfigKeys (ConfUtils.java:logGet(43)) - raft.server.log.appender.snapshot.chunk.size.max = 16MB (=16777216) (default)
2019-10-01 20:21:03,505 [c87755eb-8f71-406d-9b39-c7913bad0d26@group-56DF3521027A:LeaderElection22] INFO  server.RaftServerConfigKeys (ConfUtils.java:logGet(43)) - raft.server.log.appender.buffer.byte-limit = 33554432 (custom)
2019-10-01 20:21:03,505 [c87755eb-8f71-406d-9b39-c7913bad0d26@group-56DF3521027A:LeaderElection22] INFO  server.RaftServerConfigKeys (ConfUtils.java:logGet(43)) - raft.server.log.appender.buffer.element-limit = 1 (custom)
2019-10-01 20:21:03,505 [c87755eb-8f71-406d-9b39-c7913bad0d26@group-56DF3521027A:LeaderElection22] INFO  grpc.GrpcConfigKeys$Server (ConfUtils.java:logGet(43)) - raft.grpc.server.leader.outstanding.appends.max = 128 (default)
2019-10-01 20:21:03,505 [c87755eb-8f71-406d-9b39-c7913bad0d26@group-56DF3521027A:LeaderElection22] INFO  server.RaftServerConfigKeys (ConfUtils.java:logGet(43)) - raft.server.rpc.request.timeout = 3000ms (default)
2019-10-01 20:21:03,505 [c87755eb-8f71-406d-9b39-c7913bad0d26@group-56DF3521027A:LeaderElection22] INFO  server.RaftServerConfigKeys (ConfUtils.java:logGet(43)) - raft.server.log.appender.install.snapshot.enabled = false (custom)
2019-10-01 20:21:03,505 [c87755eb-8f71-406d-9b39-c7913bad0d26@group-56DF3521027A:LeaderElection22] INFO  server.RaftServerConfigKeys (ConfUtils.java:logGet(43)) - raft.server.log.appender.snapshot.chunk.size.max = 16MB (=16777216) (default)
2019-10-01 20:21:03,506 [c87755eb-8f71-406d-9b39-c7913bad0d26@group-56DF3521027A:LeaderElection22] INFO  server.RaftServerConfigKeys (ConfUtils.java:logGet(43)) - raft.server.log.appender.buffer.byte-limit = 33554432 (custom)
2019-10-01 20:21:03,506 [c87755eb-8f71-406d-9b39-c7913bad0d26@group-56DF3521027A:LeaderElection22] INFO  server.RaftServerConfigKeys (ConfUtils.java:logGet(43)) - raft.server.log.appender.buffer.element-limit = 1 (custom)
2019-10-01 20:21:03,506 [c87755eb-8f71-406d-9b39-c7913bad0d26@group-56DF3521027A:LeaderElection22] INFO  grpc.GrpcConfigKeys$Server (ConfUtils.java:logGet(43)) - raft.grpc.server.leader.outstanding.appends.max = 128 (default)
2019-10-01 20:21:03,506 [c87755eb-8f71-406d-9b39-c7913bad0d26@group-56DF3521027A:LeaderElection22] INFO  server.RaftServerConfigKeys (ConfUtils.java:logGet(43)) - raft.server.rpc.request.timeout = 3000ms (default)
2019-10-01 20:21:03,506 [c87755eb-8f71-406d-9b39-c7913bad0d26@group-56DF3521027A:LeaderElection22] INFO  server.RaftServerConfigKeys (ConfUtils.java:logGet(43)) - raft.server.log.appender.install.snapshot.enabled = false (custom)
2019-10-01 20:21:03,506 [c87755eb-8f71-406d-9b39-c7913bad0d26@group-56DF3521027A:LeaderElection22] INFO  impl.RoleInfo (RoleInfo.java:updateAndGet(143)) - c87755eb-8f71-406d-9b39-c7913bad0d26: start LeaderState
2019-10-01 20:21:03,506 [c87755eb-8f71-406d-9b39-c7913bad0d26@group-56DF3521027A:LeaderElection22] INFO  segmented.SegmentedRaftLogWorker (SegmentedRaftLogWorker.java:startLogSegment(380)) - c87755eb-8f71-406d-9b39-c7913bad0d26@group-56DF3521027A-SegmentedRaftLogWorker: Starting segment from index:0
2019-10-01 20:21:03,507 [c87755eb-8f71-406d-9b39-c7913bad0d26@group-56DF3521027A:LeaderElection22] INFO  impl.RaftServerImpl (ServerState.java:setRaftConf(354)) - c87755eb-8f71-406d-9b39-c7913bad0d26@group-56DF3521027A: set configuration 0: [28af574d-2172-4d1d-8894-6c49f9cc6298:192.168.151.103:43956, dd72838a-f206-4369-be48-6b1e036e4dac:192.168.151.103:34429, c87755eb-8f71-406d-9b39-c7913bad0d26:192.168.151.103:42498], old=null at 0
2019-10-01 20:21:03,508 [grpc-default-executor-2] INFO  impl.RaftServerImpl (RaftServerImpl.java:requestVote(758)) - c87755eb-8f71-406d-9b39-c7913bad0d26@group-56DF3521027A-   LEADER: Withhold vote from candidate dd72838a-f206-4369-be48-6b1e036e4dac with term 1. State: leader=c87755eb-8f71-406d-9b39-c7913bad0d26, term=1, lastRpcElapsed=null
2019-10-01 20:21:03,531 [grpc-default-executor-4] INFO  impl.RaftServerImpl (ServerState.java:setLeader(253)) - 28af574d-2172-4d1d-8894-6c49f9cc6298@group-56DF3521027A: change Leader from null to c87755eb-8f71-406d-9b39-c7913bad0d26 at term 1 for appendEntries, leader elected after 5164ms
2019-10-01 20:21:03,531 [dd72838a-f206-4369-be48-6b1e036e4dac@group-56DF3521027A:LeaderElection23] INFO  impl.LeaderElection (LeaderElection.java:logAndReturn(56)) - dd72838a-f206-4369-be48-6b1e036e4dac@group-56DF3521027A:LeaderElection23: Election REJECTED; received 2 response(s) [dd72838a-f206-4369-be48-6b1e036e4dac<-28af574d-2172-4d1d-8894-6c49f9cc6298#0:FAIL-t1, dd72838a-f206-4369-be48-6b1e036e4dac<-c87755eb-8f71-406d-9b39-c7913bad0d26#0:FAIL-t1] and 0 exception(s); dd72838a-f206-4369-be48-6b1e036e4dac@group-56DF3521027A:t1, leader=null, voted=dd72838a-f206-4369-be48-6b1e036e4dac, raftlog=dd72838a-f206-4369-be48-6b1e036e4dac@group-56DF3521027A-SegmentedRaftLog:OPENED:c-1,f-1,i0, conf=-1: [28af574d-2172-4d1d-8894-6c49f9cc6298:192.168.151.103:43956, dd72838a-f206-4369-be48-6b1e036e4dac:192.168.151.103:34429, c87755eb-8f71-406d-9b39-c7913bad0d26:192.168.151.103:42498], old=null
2019-10-01 20:21:03,532 [grpc-default-executor-2] INFO  impl.RaftServerImpl (RaftServerImpl.java:setRole(174)) - dd72838a-f206-4369-be48-6b1e036e4dac@group-56DF3521027A: changes role from CANDIDATE to FOLLOWER at term 1 for appendEntries
2019-10-01 20:21:03,532 [grpc-default-executor-2] INFO  impl.RoleInfo (RoleInfo.java:shutdownLeaderElection(134)) - dd72838a-f206-4369-be48-6b1e036e4dac: shutdown LeaderElection
2019-10-01 20:21:03,533 [grpc-default-executor-2] INFO  impl.RoleInfo (RoleInfo.java:updateAndGet(143)) - dd72838a-f206-4369-be48-6b1e036e4dac: start FollowerState
2019-10-01 20:21:03,534 [grpc-default-executor-2] INFO  impl.RaftServerImpl (ServerState.java:setLeader(253)) - dd72838a-f206-4369-be48-6b1e036e4dac@group-56DF3521027A: change Leader from null to c87755eb-8f71-406d-9b39-c7913bad0d26 at term 1 for appendEntries, leader elected after 5169ms
2019-10-01 20:21:03,534 [grpc-default-executor-2] INFO  impl.RaftServerImpl (ServerState.java:setRaftConf(354)) - 28af574d-2172-4d1d-8894-6c49f9cc6298@group-56DF3521027A: set configuration 0: [28af574d-2172-4d1d-8894-6c49f9cc6298:192.168.151.103:43956, dd72838a-f206-4369-be48-6b1e036e4dac:192.168.151.103:34429, c87755eb-8f71-406d-9b39-c7913bad0d26:192.168.151.103:42498], old=null at 0
2019-10-01 20:21:03,535 [grpc-default-executor-2] INFO  segmented.SegmentedRaftLogWorker (SegmentedRaftLogWorker.java:startLogSegment(380)) - 28af574d-2172-4d1d-8894-6c49f9cc6298@group-56DF3521027A-SegmentedRaftLogWorker: Starting segment from index:0
2019-10-01 20:21:03,535 [grpc-default-executor-4] INFO  impl.RaftServerImpl (ServerState.java:setRaftConf(354)) - dd72838a-f206-4369-be48-6b1e036e4dac@group-56DF3521027A: set configuration 0: [28af574d-2172-4d1d-8894-6c49f9cc6298:192.168.151.103:43956, dd72838a-f206-4369-be48-6b1e036e4dac:192.168.151.103:34429, c87755eb-8f71-406d-9b39-c7913bad0d26:192.168.151.103:42498], old=null at 0
2019-10-01 20:21:03,536 [grpc-default-executor-4] INFO  segmented.SegmentedRaftLogWorker (SegmentedRaftLogWorker.java:startLogSegment(380)) - dd72838a-f206-4369-be48-6b1e036e4dac@group-56DF3521027A-SegmentedRaftLogWorker: Starting segment from index:0
2019-10-01 20:21:03,543 [c87755eb-8f71-406d-9b39-c7913bad0d26@group-56DF3521027A-SegmentedRaftLogWorker] INFO  segmented.SegmentedRaftLogWorker (SegmentedRaftLogWorker.java:execute(569)) - c87755eb-8f71-406d-9b39-c7913bad0d26@group-56DF3521027A-SegmentedRaftLogWorker: created new log segment /workdir/hadoop-ozone/ozonefs/target/test-dir/MiniOzoneClusterImpl-cc9961a9-1b1a-49c1-80c6-6d48514b4463/datanode-2/data/ratis/f5bb7992-9b36-4470-8487-56df3521027a/current/log_inprogress_0
2019-10-01 20:21:03,572 [28af574d-2172-4d1d-8894-6c49f9cc6298@group-56DF3521027A-SegmentedRaftLogWorker] INFO  segmented.SegmentedRaftLogWorker (SegmentedRaftLogWorker.java:execute(569)) - 28af574d-2172-4d1d-8894-6c49f9cc6298@group-56DF3521027A-SegmentedRaftLogWorker: created new log segment /workdir/hadoop-ozone/ozonefs/target/test-dir/MiniOzoneClusterImpl-cc9961a9-1b1a-49c1-80c6-6d48514b4463/datanode-4/data/ratis/f5bb7992-9b36-4470-8487-56df3521027a/current/log_inprogress_0
2019-10-01 20:21:03,572 [dd72838a-f206-4369-be48-6b1e036e4dac@group-56DF3521027A-SegmentedRaftLogWorker] INFO  segmented.SegmentedRaftLogWorker (SegmentedRaftLogWorker.java:execute(569)) - dd72838a-f206-4369-be48-6b1e036e4dac@group-56DF3521027A-SegmentedRaftLogWorker: created new log segment /workdir/hadoop-ozone/ozonefs/target/test-dir/MiniOzoneClusterImpl-cc9961a9-1b1a-49c1-80c6-6d48514b4463/datanode-1/data/ratis/f5bb7992-9b36-4470-8487-56df3521027a/current/log_inprogress_0
2019-10-01 20:21:04,389 [pool-46-thread-14] ERROR impl.ChunkManagerImpl (ChunkUtils.java:writeData(89)) - data array does not match the length specified. DataLen: 26 Byte Array: 182
2019-10-01 20:21:04,391 [pool-46-thread-14] INFO  keyvalue.KeyValueHandler (ContainerUtils.java:logAndReturnError(146)) - Operation: WriteChunk : Trace ID: 31f96bd55fd7ac9e:31f96bd55fd7ac9e:0:0 : Message: data array does not match the length specified. DataLen: 26 Byte Array: 182 : Result: INVALID_WRITE_SIZE
2019-10-01 20:21:04,405 [EventQueue-IncrementalContainerReportForIncrementalContainerReportHandler] WARN  container.IncrementalContainerReportHandler (AbstractContainerReportHandler.java:updateContainerState(143)) - Container #6 is in OPEN state, but the datanode c87755eb-8f71-406d-9b39-c7913bad0d26{ip: 192.168.151.103, host: pr-trunk-878pl-325597374, networkLocation: /default-rack, certSerialId: null} reports an UNHEALTHY replica.
20:21:04.405 [pool-46-thread-14] ERROR DNAudit - user=null | ip=null | op=WRITE_CHUNK {blockData=conID: 6 locID: 102888981084700679 bcsId: 0} | ret=FAILURE
java.lang.Exception: data array does not match the length specified. DataLen: 26 Byte Array: 182
	at org.apache.hadoop.ozone.container.common.impl.HddsDispatcher.dispatchRequest(HddsDispatcher.java:330) ~[hadoop-hdds-container-service-0.5.0-SNAPSHOT.jar:?]
	at org.apache.hadoop.ozone.container.common.impl.HddsDispatcher.dispatch(HddsDispatcher.java:150) ~[hadoop-hdds-container-service-0.5.0-SNAPSHOT.jar:?]
	at org.apache.hadoop.ozone.container.common.transport.server.ratis.ContainerStateMachine.dispatchCommand(ContainerStateMachine.java:407) ~[hadoop-hdds-container-service-0.5.0-SNAPSHOT.jar:?]
	at org.apache.hadoop.ozone.container.common.transport.server.ratis.ContainerStateMachine.runCommand(ContainerStateMachine.java:415) ~[hadoop-hdds-container-service-0.5.0-SNAPSHOT.jar:?]
	at org.apache.hadoop.ozone.container.common.transport.server.ratis.ContainerStateMachine.lambda$handleWriteChunk$1(ContainerStateMachine.java:450) ~[hadoop-hdds-container-service-0.5.0-SNAPSHOT.jar:?]
	at java.util.concurrent.CompletableFuture$AsyncSupply.run(CompletableFuture.java:1590) [?:1.8.0_212]
	at java.util.concurrent.ThreadPoolExecutor.runWorker(ThreadPoolExecutor.java:1149) [?:1.8.0_212]
	at java.util.concurrent.ThreadPoolExecutor$Worker.run(ThreadPoolExecutor.java:624) [?:1.8.0_212]
	at java.lang.Thread.run(Thread.java:748) [?:1.8.0_212]
2019-10-01 20:21:04,405 [EventQueue-CloseContainerForCloseContainerEventHandler] INFO  container.CloseContainerEventHandler (CloseContainerEventHandler.java:onMessage(61)) - Close container Event triggered for container : #6
2019-10-01 20:21:04,405 [pool-46-thread-14] ERROR ratis.ContainerStateMachine (ContainerStateMachine.java:lambda$handleWriteChunk$2(470)) - group-56DF3521027A: writeChunk writeStateMachineData failed: blockIdcontainerID: 6
localID: 102888981084700679
blockCommitSequenceId: 0
 logIndex 1 chunkName 102888981084700679_chunk_1 Error message: data array does not match the length specified. DataLen: 26 Byte Array: 182 Container Result: INVALID_WRITE_SIZE
2019-10-01 20:21:04,406 [c87755eb-8f71-406d-9b39-c7913bad0d26@group-56DF3521027A-SegmentedRaftLogWorker] ERROR ratis.XceiverServerRatis (XceiverServerRatis.java:triggerPipelineClose(575)) - pipeline Action CLOSE  on pipeline PipelineID=f5bb7992-9b36-4470-8487-56df3521027a.Reason : data array does not match the length specified. DataLen: 26 Byte Array: 182
2019-10-01 20:21:04,406 [c87755eb-8f71-406d-9b39-c7913bad0d26@group-56DF3521027A-SegmentedRaftLogWorker] ERROR ratis.XceiverServerRatis (XceiverServerRatis.java:triggerPipelineClose(575)) - pipeline Action CLOSE  on pipeline PipelineID=f5bb7992-9b36-4470-8487-56df3521027a.Reason : Log already failed at index 1 for task WriteLog:1: (t:1, i:1), STATEMACHINELOGENTRY, client-DF54048B22E9, cid=60
2019-10-01 20:21:04,406 [EventQueue-PipelineActionsForPipelineActionHandler] ERROR pipeline.PipelineActionHandler (PipelineActionHandler.java:onMessage(60)) - Received pipeline action CLOSE for Pipeline[ Id: f5bb7992-9b36-4470-8487-56df3521027a, Nodes: dd72838a-f206-4369-be48-6b1e036e4dac{ip: 192.168.151.103, host: pr-trunk-878pl-325597374, networkLocation: /default-rack, certSerialId: null}c87755eb-8f71-406d-9b39-c7913bad0d26{ip: 192.168.151.103, host: pr-trunk-878pl-325597374, networkLocation: /default-rack, certSerialId: null}28af574d-2172-4d1d-8894-6c49f9cc6298{ip: 192.168.151.103, host: pr-trunk-878pl-325597374, networkLocation: /default-rack, certSerialId: null}, Type:RATIS, Factor:THREE, State:OPEN] from datanode c87755eb-8f71-406d-9b39-c7913bad0d26{ip: 192.168.151.103, host: pr-trunk-878pl-325597374, networkLocation: /default-rack, certSerialId: null}. Reason : data array does not match the length specified. DataLen: 26 Byte Array: 182
2019-10-01 20:21:04,407 [EventQueue-PipelineActionsForPipelineActionHandler] INFO  pipeline.SCMPipelineManager (SCMPipelineManager.java:finalizeAndDestroyPipeline(315)) - destroying pipeline:Pipeline[ Id: f5bb7992-9b36-4470-8487-56df3521027a, Nodes: dd72838a-f206-4369-be48-6b1e036e4dac{ip: 192.168.151.103, host: pr-trunk-878pl-325597374, networkLocation: /default-rack, certSerialId: null}c87755eb-8f71-406d-9b39-c7913bad0d26{ip: 192.168.151.103, host: pr-trunk-878pl-325597374, networkLocation: /default-rack, certSerialId: null}28af574d-2172-4d1d-8894-6c49f9cc6298{ip: 192.168.151.103, host: pr-trunk-878pl-325597374, networkLocation: /default-rack, certSerialId: null}, Type:RATIS, Factor:THREE, State:OPEN]
2019-10-01 20:21:04,407 [EventQueue-PipelineActionsForPipelineActionHandler] INFO  pipeline.PipelineStateManager (PipelineStateManager.java:finalizePipeline(123)) - Pipeline Pipeline[ Id: f5bb7992-9b36-4470-8487-56df3521027a, Nodes: dd72838a-f206-4369-be48-6b1e036e4dac{ip: 192.168.151.103, host: pr-trunk-878pl-325597374, networkLocation: /default-rack, certSerialId: null}c87755eb-8f71-406d-9b39-c7913bad0d26{ip: 192.168.151.103, host: pr-trunk-878pl-325597374, networkLocation: /default-rack, certSerialId: null}28af574d-2172-4d1d-8894-6c49f9cc6298{ip: 192.168.151.103, host: pr-trunk-878pl-325597374, networkLocation: /default-rack, certSerialId: null}, Type:RATIS, Factor:THREE, State:CLOSED] moved to CLOSED state
2019-10-01 20:21:04,407 [EventQueue-PipelineActionsForPipelineActionHandler] ERROR pipeline.PipelineActionHandler (PipelineActionHandler.java:onMessage(60)) - Received pipeline action CLOSE for Pipeline[ Id: f5bb7992-9b36-4470-8487-56df3521027a, Nodes: dd72838a-f206-4369-be48-6b1e036e4dac{ip: 192.168.151.103, host: pr-trunk-878pl-325597374, networkLocation: /default-rack, certSerialId: null}c87755eb-8f71-406d-9b39-c7913bad0d26{ip: 192.168.151.103, host: pr-trunk-878pl-325597374, networkLocation: /default-rack, certSerialId: null}28af574d-2172-4d1d-8894-6c49f9cc6298{ip: 192.168.151.103, host: pr-trunk-878pl-325597374, networkLocation: /default-rack, certSerialId: null}, Type:RATIS, Factor:THREE, State:CLOSED] from datanode c87755eb-8f71-406d-9b39-c7913bad0d26{ip: 192.168.151.103, host: pr-trunk-878pl-325597374, networkLocation: /default-rack, certSerialId: null}. Reason : Log already failed at index 1 for task WriteLog:1: (t:1, i:1), STATEMACHINELOGENTRY, client-DF54048B22E9, cid=60
2019-10-01 20:21:04,407 [EventQueue-PipelineActionsForPipelineActionHandler] INFO  pipeline.SCMPipelineManager (SCMPipelineManager.java:finalizeAndDestroyPipeline(315)) - destroying pipeline:Pipeline[ Id: f5bb7992-9b36-4470-8487-56df3521027a, Nodes: dd72838a-f206-4369-be48-6b1e036e4dac{ip: 192.168.151.103, host: pr-trunk-878pl-325597374, networkLocation: /default-rack, certSerialId: null}c87755eb-8f71-406d-9b39-c7913bad0d26{ip: 192.168.151.103, host: pr-trunk-878pl-325597374, networkLocation: /default-rack, certSerialId: null}28af574d-2172-4d1d-8894-6c49f9cc6298{ip: 192.168.151.103, host: pr-trunk-878pl-325597374, networkLocation: /default-rack, certSerialId: null}, Type:RATIS, Factor:THREE, State:CLOSED]
2019-10-01 20:21:33,655 [grpc-default-executor-4] INFO  impl.RaftServerProxy (RaftServerProxy.java:addNew(89)) - 28af574d-2172-4d1d-8894-6c49f9cc6298: addNew group-BB33C775932E:[28af574d-2172-4d1d-8894-6c49f9cc6298:192.168.151.103:43956, dd72838a-f206-4369-be48-6b1e036e4dac:192.168.151.103:34429, c87755eb-8f71-406d-9b39-c7913bad0d26:192.168.151.103:42498] returns group-BB33C775932E:java.util.concurrent.CompletableFuture@60cd12be[Not completed]
2019-10-01 20:21:33,657 [grpc-default-executor-10] INFO  impl.RaftServerProxy (RaftServerProxy.java:addNew(89)) - c87755eb-8f71-406d-9b39-c7913bad0d26: addNew group-BB33C775932E:[28af574d-2172-4d1d-8894-6c49f9cc6298:192.168.151.103:43956, dd72838a-f206-4369-be48-6b1e036e4dac:192.168.151.103:34429, c87755eb-8f71-406d-9b39-c7913bad0d26:192.168.151.103:42498] returns group-BB33C775932E:java.util.concurrent.CompletableFuture@70dec41c[Not completed]
2019-10-01 20:21:33,657 [grpc-default-executor-2] INFO  impl.RaftServerProxy (RaftServerProxy.java:addNew(89)) - dd72838a-f206-4369-be48-6b1e036e4dac: addNew group-BB33C775932E:[28af574d-2172-4d1d-8894-6c49f9cc6298:192.168.151.103:43956, dd72838a-f206-4369-be48-6b1e036e4dac:192.168.151.103:34429, c87755eb-8f71-406d-9b39-c7913bad0d26:192.168.151.103:42498] returns group-BB33C775932E:java.util.concurrent.CompletableFuture@daba6a0[Not completed]
2019-10-01 20:21:33,663 [pool-68-thread-1] INFO  impl.RaftServerImpl (RaftServerImpl.java:<init>(95)) - 28af574d-2172-4d1d-8894-6c49f9cc6298: new RaftServerImpl for group-BB33C775932E:[28af574d-2172-4d1d-8894-6c49f9cc6298:192.168.151.103:43956, dd72838a-f206-4369-be48-6b1e036e4dac:192.168.151.103:34429, c87755eb-8f71-406d-9b39-c7913bad0d26:192.168.151.103:42498] with ContainerStateMachine:uninitialized
2019-10-01 20:21:33,663 [pool-68-thread-1] INFO  server.RaftServerConfigKeys (ConfUtils.java:logGet(43)) - raft.server.rpc.timeout.min = 5s (custom)
2019-10-01 20:21:33,664 [pool-68-thread-1] INFO  server.RaftServerConfigKeys (ConfUtils.java:logGet(43)) - raft.server.rpc.timeout.max = 5200ms (custom)
2019-10-01 20:21:33,664 [pool-68-thread-1] INFO  server.RaftServerConfigKeys (ConfUtils.java:logGet(43)) - raft.server.rpcslowness.timeout = 120s (custom)
2019-10-01 20:21:33,664 [pool-68-thread-1] INFO  server.RaftServerConfigKeys (ConfUtils.java:logGet(43)) - raft.server.sleep.deviation.threshold = 300 (default)
2019-10-01 20:21:33,664 [pool-47-thread-1] INFO  impl.RaftServerImpl (RaftServerImpl.java:<init>(95)) - c87755eb-8f71-406d-9b39-c7913bad0d26: new RaftServerImpl for group-BB33C775932E:[28af574d-2172-4d1d-8894-6c49f9cc6298:192.168.151.103:43956, dd72838a-f206-4369-be48-6b1e036e4dac:192.168.151.103:34429, c87755eb-8f71-406d-9b39-c7913bad0d26:192.168.151.103:42498] with ContainerStateMachine:uninitialized
2019-10-01 20:21:33,664 [pool-68-thread-1] INFO  server.RaftServerConfigKeys (ConfUtils.java:logGet(43)) - raft.server.log.appender.install.snapshot.enabled = false (custom)
2019-10-01 20:21:33,664 [pool-47-thread-1] INFO  server.RaftServerConfigKeys (ConfUtils.java:logGet(43)) - raft.server.rpc.timeout.min = 5s (custom)
2019-10-01 20:21:33,664 [pool-68-thread-1] INFO  impl.RaftServerImpl (ServerState.java:<init>(103)) - 28af574d-2172-4d1d-8894-6c49f9cc6298@group-BB33C775932E: ConfigurationManager, init=-1: [28af574d-2172-4d1d-8894-6c49f9cc6298:192.168.151.103:43956, dd72838a-f206-4369-be48-6b1e036e4dac:192.168.151.103:34429, c87755eb-8f71-406d-9b39-c7913bad0d26:192.168.151.103:42498], old=null, confs=<EMPTY_MAP>
2019-10-01 20:21:33,665 [pool-47-thread-1] INFO  server.RaftServerConfigKeys (ConfUtils.java:logGet(43)) - raft.server.rpc.timeout.max = 5200ms (custom)
2019-10-01 20:21:33,665 [pool-68-thread-1] INFO  server.RaftServerConfigKeys (ConfUtils.java:logGet(43)) - raft.server.storage.dir = [/workdir/hadoop-ozone/ozonefs/target/test-dir/MiniOzoneClusterImpl-cc9961a9-1b1a-49c1-80c6-6d48514b4463/datanode-4/data/ratis] (custom)
2019-10-01 20:21:33,665 [pool-47-thread-1] INFO  server.RaftServerConfigKeys (ConfUtils.java:logGet(43)) - raft.server.rpcslowness.timeout = 120s (custom)
2019-10-01 20:21:33,665 [pool-37-thread-1] INFO  impl.RaftServerImpl (RaftServerImpl.java:<init>(95)) - dd72838a-f206-4369-be48-6b1e036e4dac: new RaftServerImpl for group-BB33C775932E:[28af574d-2172-4d1d-8894-6c49f9cc6298:192.168.151.103:43956, dd72838a-f206-4369-be48-6b1e036e4dac:192.168.151.103:34429, c87755eb-8f71-406d-9b39-c7913bad0d26:192.168.151.103:42498] with ContainerStateMachine:uninitialized
2019-10-01 20:21:33,665 [pool-47-thread-1] INFO  server.RaftServerConfigKeys (ConfUtils.java:logGet(43)) - raft.server.sleep.deviation.threshold = 300 (default)
2019-10-01 20:21:33,665 [pool-68-thread-1] INFO  storage.RaftStorageDirectory (RaftStorageDirectory.java:analyzeStorage(246)) - The storage directory /workdir/hadoop-ozone/ozonefs/target/test-dir/MiniOzoneClusterImpl-cc9961a9-1b1a-49c1-80c6-6d48514b4463/datanode-4/data/ratis/60f7c0df-bdf5-464d-a7ce-bb33c775932e does not exist. Creating ...
2019-10-01 20:21:33,665 [pool-37-thread-1] INFO  server.RaftServerConfigKeys (ConfUtils.java:logGet(43)) - raft.server.rpc.timeout.min = 5s (custom)
2019-10-01 20:21:33,666 [pool-47-thread-1] INFO  server.RaftServerConfigKeys (ConfUtils.java:logGet(43)) - raft.server.log.appender.install.snapshot.enabled = false (custom)
2019-10-01 20:21:33,666 [pool-37-thread-1] INFO  server.RaftServerConfigKeys (ConfUtils.java:logGet(43)) - raft.server.rpc.timeout.max = 5200ms (custom)
2019-10-01 20:21:33,666 [pool-47-thread-1] INFO  impl.RaftServerImpl (ServerState.java:<init>(103)) - c87755eb-8f71-406d-9b39-c7913bad0d26@group-BB33C775932E: ConfigurationManager, init=-1: [28af574d-2172-4d1d-8894-6c49f9cc6298:192.168.151.103:43956, dd72838a-f206-4369-be48-6b1e036e4dac:192.168.151.103:34429, c87755eb-8f71-406d-9b39-c7913bad0d26:192.168.151.103:42498], old=null, confs=<EMPTY_MAP>
2019-10-01 20:21:33,666 [pool-37-thread-1] INFO  server.RaftServerConfigKeys (ConfUtils.java:logGet(43)) - raft.server.rpcslowness.timeout = 120s (custom)
2019-10-01 20:21:33,666 [pool-47-thread-1] INFO  server.RaftServerConfigKeys (ConfUtils.java:logGet(43)) - raft.server.storage.dir = [/workdir/hadoop-ozone/ozonefs/target/test-dir/MiniOzoneClusterImpl-cc9961a9-1b1a-49c1-80c6-6d48514b4463/datanode-2/data/ratis] (custom)
2019-10-01 20:21:33,667 [pool-37-thread-1] INFO  server.RaftServerConfigKeys (ConfUtils.java:logGet(43)) - raft.server.sleep.deviation.threshold = 300 (default)
2019-10-01 20:21:33,667 [pool-37-thread-1] INFO  server.RaftServerConfigKeys (ConfUtils.java:logGet(43)) - raft.server.log.appender.install.snapshot.enabled = false (custom)
2019-10-01 20:21:33,667 [pool-47-thread-1] INFO  storage.RaftStorageDirectory (RaftStorageDirectory.java:analyzeStorage(246)) - The storage directory /workdir/hadoop-ozone/ozonefs/target/test-dir/MiniOzoneClusterImpl-cc9961a9-1b1a-49c1-80c6-6d48514b4463/datanode-2/data/ratis/60f7c0df-bdf5-464d-a7ce-bb33c775932e does not exist. Creating ...
2019-10-01 20:21:33,667 [pool-37-thread-1] INFO  impl.RaftServerImpl (ServerState.java:<init>(103)) - dd72838a-f206-4369-be48-6b1e036e4dac@group-BB33C775932E: ConfigurationManager, init=-1: [28af574d-2172-4d1d-8894-6c49f9cc6298:192.168.151.103:43956, dd72838a-f206-4369-be48-6b1e036e4dac:192.168.151.103:34429, c87755eb-8f71-406d-9b39-c7913bad0d26:192.168.151.103:42498], old=null, confs=<EMPTY_MAP>
2019-10-01 20:21:33,668 [pool-37-thread-1] INFO  server.RaftServerConfigKeys (ConfUtils.java:logGet(43)) - raft.server.storage.dir = [/workdir/hadoop-ozone/ozonefs/target/test-dir/MiniOzoneClusterImpl-cc9961a9-1b1a-49c1-80c6-6d48514b4463/datanode-1/data/ratis] (custom)
2019-10-01 20:21:33,668 [pool-37-thread-1] INFO  storage.RaftStorageDirectory (RaftStorageDirectory.java:analyzeStorage(246)) - The storage directory /workdir/hadoop-ozone/ozonefs/target/test-dir/MiniOzoneClusterImpl-cc9961a9-1b1a-49c1-80c6-6d48514b4463/datanode-1/data/ratis/60f7c0df-bdf5-464d-a7ce-bb33c775932e does not exist. Creating ...
2019-10-01 20:21:33,682 [pool-47-thread-1] INFO  storage.RaftStorageDirectory (RaftStorageDirectory.java:tryLock(328)) - Lock on /workdir/hadoop-ozone/ozonefs/target/test-dir/MiniOzoneClusterImpl-cc9961a9-1b1a-49c1-80c6-6d48514b4463/datanode-2/data/ratis/60f7c0df-bdf5-464d-a7ce-bb33c775932e/in_use.lock acquired by nodename 29826@pr-trunk-878pl-325597374
2019-10-01 20:21:33,682 [pool-37-thread-1] INFO  storage.RaftStorageDirectory (RaftStorageDirectory.java:tryLock(328)) - Lock on /workdir/hadoop-ozone/ozonefs/target/test-dir/MiniOzoneClusterImpl-cc9961a9-1b1a-49c1-80c6-6d48514b4463/datanode-1/data/ratis/60f7c0df-bdf5-464d-a7ce-bb33c775932e/in_use.lock acquired by nodename 29826@pr-trunk-878pl-325597374
2019-10-01 20:21:33,682 [pool-68-thread-1] INFO  storage.RaftStorageDirectory (RaftStorageDirectory.java:tryLock(328)) - Lock on /workdir/hadoop-ozone/ozonefs/target/test-dir/MiniOzoneClusterImpl-cc9961a9-1b1a-49c1-80c6-6d48514b4463/datanode-4/data/ratis/60f7c0df-bdf5-464d-a7ce-bb33c775932e/in_use.lock acquired by nodename 29826@pr-trunk-878pl-325597374
2019-10-01 20:21:33,697 [pool-47-thread-1] INFO  storage.RaftStorage (RaftStorage.java:format(72)) - Storage directory /workdir/hadoop-ozone/ozonefs/target/test-dir/MiniOzoneClusterImpl-cc9961a9-1b1a-49c1-80c6-6d48514b4463/datanode-2/data/ratis/60f7c0df-bdf5-464d-a7ce-bb33c775932e has been successfully formatted.
2019-10-01 20:21:33,697 [pool-37-thread-1] INFO  storage.RaftStorage (RaftStorage.java:format(72)) - Storage directory /workdir/hadoop-ozone/ozonefs/target/test-dir/MiniOzoneClusterImpl-cc9961a9-1b1a-49c1-80c6-6d48514b4463/datanode-1/data/ratis/60f7c0df-bdf5-464d-a7ce-bb33c775932e has been successfully formatted.
2019-10-01 20:21:33,697 [pool-47-thread-1] INFO  ratis.ContainerStateMachine (ContainerStateMachine.java:loadSnapshot(231)) - group-BB33C775932E: The snapshot info is null. Setting the last applied indexto:(t:0, i:~)
2019-10-01 20:21:33,697 [pool-68-thread-1] INFO  storage.RaftStorage (RaftStorage.java:format(72)) - Storage directory /workdir/hadoop-ozone/ozonefs/target/test-dir/MiniOzoneClusterImpl-cc9961a9-1b1a-49c1-80c6-6d48514b4463/datanode-4/data/ratis/60f7c0df-bdf5-464d-a7ce-bb33c775932e has been successfully formatted.
2019-10-01 20:21:33,697 [pool-47-thread-1] INFO  server.RaftServerConfigKeys (ConfUtils.java:logGet(43)) - raft.server.notification.no-leader.timeout = 120s (custom)
2019-10-01 20:21:33,697 [pool-37-thread-1] INFO  ratis.ContainerStateMachine (ContainerStateMachine.java:loadSnapshot(231)) - group-BB33C775932E: The snapshot info is null. Setting the last applied indexto:(t:0, i:~)
2019-10-01 20:21:33,697 [pool-47-thread-1] INFO  server.RaftServerConfigKeys (ConfUtils.java:logGet(43)) - raft.server.log.use.memory = false (default)
2019-10-01 20:21:33,697 [pool-68-thread-1] INFO  ratis.ContainerStateMachine (ContainerStateMachine.java:loadSnapshot(231)) - group-BB33C775932E: The snapshot info is null. Setting the last applied indexto:(t:0, i:~)
2019-10-01 20:21:33,698 [pool-47-thread-1] INFO  server.RaftServerConfigKeys (ConfUtils.java:logGet(43)) - raft.server.log.purge.gap = 1000000 (custom)
2019-10-01 20:21:33,697 [pool-37-thread-1] INFO  server.RaftServerConfigKeys (ConfUtils.java:logGet(43)) - raft.server.notification.no-leader.timeout = 120s (custom)
2019-10-01 20:21:33,698 [pool-47-thread-1] INFO  server.RaftServerConfigKeys (ConfUtils.java:logGet(43)) - raft.server.log.appender.buffer.byte-limit = 33554432 (custom)
2019-10-01 20:21:33,698 [pool-68-thread-1] INFO  server.RaftServerConfigKeys (ConfUtils.java:logGet(43)) - raft.server.notification.no-leader.timeout = 120s (custom)
2019-10-01 20:21:33,698 [pool-47-thread-1] INFO  server.RaftServerConfigKeys (ConfUtils.java:logGet(43)) - raft.server.log.segment.size.max = 1048576 (custom)
2019-10-01 20:21:33,698 [pool-37-thread-1] INFO  server.RaftServerConfigKeys (ConfUtils.java:logGet(43)) - raft.server.log.use.memory = false (default)
2019-10-01 20:21:33,698 [pool-47-thread-1] INFO  server.RaftServerConfigKeys (ConfUtils.java:logGet(43)) - raft.server.log.segment.cache.num.max = 2 (custom)
2019-10-01 20:21:33,698 [pool-68-thread-1] INFO  server.RaftServerConfigKeys (ConfUtils.java:logGet(43)) - raft.server.log.use.memory = false (default)
2019-10-01 20:21:33,699 [pool-47-thread-1] INFO  segmented.SegmentedRaftLogWorker (SegmentedRaftLogWorker.java:<init>(172)) - new c87755eb-8f71-406d-9b39-c7913bad0d26@group-BB33C775932E-SegmentedRaftLogWorker for RaftStorage:Storage Directory /workdir/hadoop-ozone/ozonefs/target/test-dir/MiniOzoneClusterImpl-cc9961a9-1b1a-49c1-80c6-6d48514b4463/datanode-2/data/ratis/60f7c0df-bdf5-464d-a7ce-bb33c775932e
2019-10-01 20:21:33,699 [pool-37-thread-1] INFO  server.RaftServerConfigKeys (ConfUtils.java:logGet(43)) - raft.server.log.purge.gap = 1000000 (custom)
2019-10-01 20:21:33,699 [pool-47-thread-1] INFO  server.RaftServerConfigKeys (ConfUtils.java:logGet(43)) - raft.server.log.queue.byte-limit = 2147483647 (custom)
2019-10-01 20:21:33,699 [pool-68-thread-1] INFO  server.RaftServerConfigKeys (ConfUtils.java:logGet(43)) - raft.server.log.purge.gap = 1000000 (custom)
2019-10-01 20:21:33,699 [pool-47-thread-1] INFO  server.RaftServerConfigKeys (ConfUtils.java:logGet(43)) - raft.server.log.queue.element-limit = 1024 (custom)
2019-10-01 20:21:33,699 [pool-37-thread-1] INFO  server.RaftServerConfigKeys (ConfUtils.java:logGet(43)) - raft.server.log.appender.buffer.byte-limit = 33554432 (custom)
2019-10-01 20:21:33,699 [pool-47-thread-1] INFO  server.RaftServerConfigKeys (ConfUtils.java:logGet(43)) - raft.server.log.segment.size.max = 1048576 (custom)
2019-10-01 20:21:33,699 [pool-68-thread-1] INFO  server.RaftServerConfigKeys (ConfUtils.java:logGet(43)) - raft.server.log.appender.buffer.byte-limit = 33554432 (custom)
2019-10-01 20:21:33,700 [pool-47-thread-1] INFO  server.RaftServerConfigKeys (ConfUtils.java:logGet(43)) - raft.server.log.preallocated.size = 16384 (custom)
2019-10-01 20:21:33,699 [pool-37-thread-1] INFO  server.RaftServerConfigKeys (ConfUtils.java:logGet(43)) - raft.server.log.segment.size.max = 1048576 (custom)
2019-10-01 20:21:33,700 [pool-47-thread-1] INFO  server.RaftServerConfigKeys (ConfUtils.java:logGet(43)) - raft.server.log.write.buffer.size = 33554432 (custom)
2019-10-01 20:21:33,700 [pool-68-thread-1] INFO  server.RaftServerConfigKeys (ConfUtils.java:logGet(43)) - raft.server.log.segment.size.max = 1048576 (custom)
2019-10-01 20:21:33,700 [pool-47-thread-1] INFO  server.RaftServerConfigKeys (ConfUtils.java:logGet(43)) - raft.server.log.force.sync.num = 128 (default)
2019-10-01 20:21:33,700 [pool-37-thread-1] INFO  server.RaftServerConfigKeys (ConfUtils.java:logGet(43)) - raft.server.log.segment.cache.num.max = 2 (custom)
2019-10-01 20:21:33,700 [pool-47-thread-1] INFO  server.RaftServerConfigKeys (ConfUtils.java:logGet(43)) - raft.server.log.statemachine.data.sync = true (default)
2019-10-01 20:21:33,700 [pool-68-thread-1] INFO  server.RaftServerConfigKeys (ConfUtils.java:logGet(43)) - raft.server.log.segment.cache.num.max = 2 (custom)
2019-10-01 20:21:33,700 [pool-47-thread-1] INFO  server.RaftServerConfigKeys (ConfUtils.java:logGet(43)) - raft.server.log.statemachine.data.sync.timeout = 10s (default)
2019-10-01 20:21:33,700 [pool-37-thread-1] INFO  segmented.SegmentedRaftLogWorker (SegmentedRaftLogWorker.java:<init>(172)) - new dd72838a-f206-4369-be48-6b1e036e4dac@group-BB33C775932E-SegmentedRaftLogWorker for RaftStorage:Storage Directory /workdir/hadoop-ozone/ozonefs/target/test-dir/MiniOzoneClusterImpl-cc9961a9-1b1a-49c1-80c6-6d48514b4463/datanode-1/data/ratis/60f7c0df-bdf5-464d-a7ce-bb33c775932e
2019-10-01 20:21:33,701 [pool-47-thread-1] INFO  server.RaftServerConfigKeys (ConfUtils.java:logGet(43)) - raft.server.log.statemachine.data.sync.timeout.retry = -1 (default)
2019-10-01 20:21:33,701 [pool-68-thread-1] INFO  segmented.SegmentedRaftLogWorker (SegmentedRaftLogWorker.java:<init>(172)) - new 28af574d-2172-4d1d-8894-6c49f9cc6298@group-BB33C775932E-SegmentedRaftLogWorker for RaftStorage:Storage Directory /workdir/hadoop-ozone/ozonefs/target/test-dir/MiniOzoneClusterImpl-cc9961a9-1b1a-49c1-80c6-6d48514b4463/datanode-4/data/ratis/60f7c0df-bdf5-464d-a7ce-bb33c775932e
2019-10-01 20:21:33,701 [pool-47-thread-1] INFO  server.RaftServerConfigKeys (ConfUtils.java:logGet(43)) - raft.server.log.statemachine.data.caching.enabled = true (custom)
2019-10-01 20:21:33,701 [pool-37-thread-1] INFO  server.RaftServerConfigKeys (ConfUtils.java:logGet(43)) - raft.server.log.queue.byte-limit = 2147483647 (custom)
2019-10-01 20:21:33,701 [pool-68-thread-1] INFO  server.RaftServerConfigKeys (ConfUtils.java:logGet(43)) - raft.server.log.queue.byte-limit = 2147483647 (custom)
2019-10-01 20:21:33,701 [pool-47-thread-1] INFO  segmented.SegmentedRaftLogWorker (SegmentedRaftLogWorker.java:lambda$new$0(132)) - c87755eb-8f71-406d-9b39-c7913bad0d26@group-BB33C775932E-SegmentedRaftLogWorker: flushIndex: setUnconditionally 0 -> -1
2019-10-01 20:21:33,701 [pool-37-thread-1] INFO  server.RaftServerConfigKeys (ConfUtils.java:logGet(43)) - raft.server.log.queue.element-limit = 1024 (custom)
2019-10-01 20:21:33,701 [pool-68-thread-1] INFO  server.RaftServerConfigKeys (ConfUtils.java:logGet(43)) - raft.server.log.queue.element-limit = 1024 (custom)
2019-10-01 20:21:33,702 [pool-47-thread-1] INFO  server.RaftServerConfigKeys (ConfUtils.java:logGet(43)) - raft.server.snapshot.auto.trigger.enabled = true (custom)
2019-10-01 20:21:33,702 [pool-37-thread-1] INFO  server.RaftServerConfigKeys (ConfUtils.java:logGet(43)) - raft.server.log.segment.size.max = 1048576 (custom)
2019-10-01 20:21:33,702 [pool-47-thread-1] INFO  server.RaftServerConfigKeys (ConfUtils.java:logGet(43)) - raft.server.snapshot.auto.trigger.threshold = 10000 (custom)
2019-10-01 20:21:33,702 [pool-68-thread-1] INFO  server.RaftServerConfigKeys (ConfUtils.java:logGet(43)) - raft.server.log.segment.size.max = 1048576 (custom)
2019-10-01 20:21:33,702 [pool-47-thread-1] INFO  server.RaftServerConfigKeys (ConfUtils.java:logGet(43)) - raft.server.snapshot.retention.num.files = 5 (custom)
2019-10-01 20:21:33,702 [pool-37-thread-1] INFO  server.RaftServerConfigKeys (ConfUtils.java:logGet(43)) - raft.server.log.preallocated.size = 16384 (custom)
2019-10-01 20:21:33,702 [pool-47-thread-1] INFO  server.RaftServerConfigKeys (ConfUtils.java:logGet(43)) - raft.server.retrycache.expirytime = 600000ms (custom)
2019-10-01 20:21:33,702 [pool-68-thread-1] INFO  server.RaftServerConfigKeys (ConfUtils.java:logGet(43)) - raft.server.log.preallocated.size = 16384 (custom)
2019-10-01 20:21:33,702 [pool-37-thread-1] INFO  server.RaftServerConfigKeys (ConfUtils.java:logGet(43)) - raft.server.log.write.buffer.size = 33554432 (custom)
2019-10-01 20:21:33,703 [pool-68-thread-1] INFO  server.RaftServerConfigKeys (ConfUtils.java:logGet(43)) - raft.server.log.write.buffer.size = 33554432 (custom)
2019-10-01 20:21:33,703 [pool-37-thread-1] INFO  server.RaftServerConfigKeys (ConfUtils.java:logGet(43)) - raft.server.log.force.sync.num = 128 (default)
2019-10-01 20:21:33,703 [pool-68-thread-1] INFO  server.RaftServerConfigKeys (ConfUtils.java:logGet(43)) - raft.server.log.force.sync.num = 128 (default)
2019-10-01 20:21:33,703 [pool-37-thread-1] INFO  server.RaftServerConfigKeys (ConfUtils.java:logGet(43)) - raft.server.log.statemachine.data.sync = true (default)
2019-10-01 20:21:33,703 [pool-68-thread-1] INFO  server.RaftServerConfigKeys (ConfUtils.java:logGet(43)) - raft.server.log.statemachine.data.sync = true (default)
2019-10-01 20:21:33,703 [pool-37-thread-1] INFO  server.RaftServerConfigKeys (ConfUtils.java:logGet(43)) - raft.server.log.statemachine.data.sync.timeout = 10s (default)
2019-10-01 20:21:33,703 [pool-68-thread-1] INFO  server.RaftServerConfigKeys (ConfUtils.java:logGet(43)) - raft.server.log.statemachine.data.sync.timeout = 10s (default)
2019-10-01 20:21:33,703 [pool-37-thread-1] INFO  server.RaftServerConfigKeys (ConfUtils.java:logGet(43)) - raft.server.log.statemachine.data.sync.timeout.retry = -1 (default)
2019-10-01 20:21:33,704 [pool-68-thread-1] INFO  server.RaftServerConfigKeys (ConfUtils.java:logGet(43)) - raft.server.log.statemachine.data.sync.timeout.retry = -1 (default)
2019-10-01 20:21:33,704 [pool-37-thread-1] INFO  server.RaftServerConfigKeys (ConfUtils.java:logGet(43)) - raft.server.log.statemachine.data.caching.enabled = true (custom)
2019-10-01 20:21:33,704 [pool-68-thread-1] INFO  server.RaftServerConfigKeys (ConfUtils.java:logGet(43)) - raft.server.log.statemachine.data.caching.enabled = true (custom)
2019-10-01 20:21:33,704 [pool-37-thread-1] INFO  segmented.SegmentedRaftLogWorker (SegmentedRaftLogWorker.java:lambda$new$0(132)) - dd72838a-f206-4369-be48-6b1e036e4dac@group-BB33C775932E-SegmentedRaftLogWorker: flushIndex: setUnconditionally 0 -> -1
2019-10-01 20:21:33,704 [pool-68-thread-1] INFO  segmented.SegmentedRaftLogWorker (SegmentedRaftLogWorker.java:lambda$new$0(132)) - 28af574d-2172-4d1d-8894-6c49f9cc6298@group-BB33C775932E-SegmentedRaftLogWorker: flushIndex: setUnconditionally 0 -> -1
2019-10-01 20:21:33,704 [pool-37-thread-1] INFO  server.RaftServerConfigKeys (ConfUtils.java:logGet(43)) - raft.server.snapshot.auto.trigger.enabled = true (custom)
2019-10-01 20:21:33,704 [pool-68-thread-1] INFO  server.RaftServerConfigKeys (ConfUtils.java:logGet(43)) - raft.server.snapshot.auto.trigger.enabled = true (custom)
2019-10-01 20:21:33,704 [pool-37-thread-1] INFO  server.RaftServerConfigKeys (ConfUtils.java:logGet(43)) - raft.server.snapshot.auto.trigger.threshold = 10000 (custom)
2019-10-01 20:21:33,705 [pool-68-thread-1] INFO  server.RaftServerConfigKeys (ConfUtils.java:logGet(43)) - raft.server.snapshot.auto.trigger.threshold = 10000 (custom)
2019-10-01 20:21:33,705 [pool-37-thread-1] INFO  server.RaftServerConfigKeys (ConfUtils.java:logGet(43)) - raft.server.snapshot.retention.num.files = 5 (custom)
2019-10-01 20:21:33,705 [pool-47-thread-1] INFO  impl.RaftServerImpl (RaftServerImpl.java:start(185)) - c87755eb-8f71-406d-9b39-c7913bad0d26@group-BB33C775932E: start as a follower, conf=-1: [28af574d-2172-4d1d-8894-6c49f9cc6298:192.168.151.103:43956, dd72838a-f206-4369-be48-6b1e036e4dac:192.168.151.103:34429, c87755eb-8f71-406d-9b39-c7913bad0d26:192.168.151.103:42498], old=null
2019-10-01 20:21:33,705 [pool-68-thread-1] INFO  server.RaftServerConfigKeys (ConfUtils.java:logGet(43)) - raft.server.snapshot.retention.num.files = 5 (custom)
2019-10-01 20:21:33,705 [pool-47-thread-1] INFO  impl.RaftServerImpl (RaftServerImpl.java:setRole(174)) - c87755eb-8f71-406d-9b39-c7913bad0d26@group-BB33C775932E: changes role from      null to FOLLOWER at term 0 for startAsFollower
2019-10-01 20:21:33,705 [pool-37-thread-1] INFO  server.RaftServerConfigKeys (ConfUtils.java:logGet(43)) - raft.server.retrycache.expirytime = 600000ms (custom)
2019-10-01 20:21:33,705 [pool-47-thread-1] INFO  impl.RoleInfo (RoleInfo.java:updateAndGet(143)) - c87755eb-8f71-406d-9b39-c7913bad0d26: start FollowerState
2019-10-01 20:21:33,705 [pool-68-thread-1] INFO  server.RaftServerConfigKeys (ConfUtils.java:logGet(43)) - raft.server.retrycache.expirytime = 600000ms (custom)
2019-10-01 20:21:33,706 [pool-47-thread-1] INFO  util.JmxRegister (JmxRegister.java:tryRegister(44)) - Successfully registered JMX Bean with object name Ratis:service=RaftServer,group=group-BB33C775932E,id=c87755eb-8f71-406d-9b39-c7913bad0d26
2019-10-01 20:21:33,707 [pool-37-thread-1] INFO  impl.RaftServerImpl (RaftServerImpl.java:start(185)) - dd72838a-f206-4369-be48-6b1e036e4dac@group-BB33C775932E: start as a follower, conf=-1: [28af574d-2172-4d1d-8894-6c49f9cc6298:192.168.151.103:43956, dd72838a-f206-4369-be48-6b1e036e4dac:192.168.151.103:34429, c87755eb-8f71-406d-9b39-c7913bad0d26:192.168.151.103:42498], old=null
2019-10-01 20:21:33,708 [pool-37-thread-1] INFO  impl.RaftServerImpl (RaftServerImpl.java:setRole(174)) - dd72838a-f206-4369-be48-6b1e036e4dac@group-BB33C775932E: changes role from      null to FOLLOWER at term 0 for startAsFollower
2019-10-01 20:21:33,708 [pool-37-thread-1] INFO  impl.RoleInfo (RoleInfo.java:updateAndGet(143)) - dd72838a-f206-4369-be48-6b1e036e4dac: start FollowerState
2019-10-01 20:21:33,708 [pool-68-thread-1] INFO  impl.RaftServerImpl (RaftServerImpl.java:start(185)) - 28af574d-2172-4d1d-8894-6c49f9cc6298@group-BB33C775932E: start as a follower, conf=-1: [28af574d-2172-4d1d-8894-6c49f9cc6298:192.168.151.103:43956, dd72838a-f206-4369-be48-6b1e036e4dac:192.168.151.103:34429, c87755eb-8f71-406d-9b39-c7913bad0d26:192.168.151.103:42498], old=null
2019-10-01 20:21:33,708 [pool-68-thread-1] INFO  impl.RaftServerImpl (RaftServerImpl.java:setRole(174)) - 28af574d-2172-4d1d-8894-6c49f9cc6298@group-BB33C775932E: changes role from      null to FOLLOWER at term 0 for startAsFollower
2019-10-01 20:21:33,708 [pool-37-thread-1] INFO  util.JmxRegister (JmxRegister.java:tryRegister(44)) - Successfully registered JMX Bean with object name Ratis:service=RaftServer,group=group-BB33C775932E,id=dd72838a-f206-4369-be48-6b1e036e4dac
2019-10-01 20:21:33,708 [pool-68-thread-1] INFO  impl.RoleInfo (RoleInfo.java:updateAndGet(143)) - 28af574d-2172-4d1d-8894-6c49f9cc6298: start FollowerState
2019-10-01 20:21:33,709 [pool-68-thread-1] INFO  util.JmxRegister (JmxRegister.java:tryRegister(44)) - Successfully registered JMX Bean with object name Ratis:service=RaftServer,group=group-BB33C775932E,id=28af574d-2172-4d1d-8894-6c49f9cc6298
2019-10-01 20:21:33,711 [RatisPipelineUtilsThread] INFO  pipeline.PipelineStateManager (PipelineStateManager.java:addPipeline(56)) - Created pipeline Pipeline[ Id: 60f7c0df-bdf5-464d-a7ce-bb33c775932e, Nodes: dd72838a-f206-4369-be48-6b1e036e4dac{ip: 192.168.151.103, host: pr-trunk-878pl-325597374, networkLocation: /default-rack, certSerialId: null}c87755eb-8f71-406d-9b39-c7913bad0d26{ip: 192.168.151.103, host: pr-trunk-878pl-325597374, networkLocation: /default-rack, certSerialId: null}28af574d-2172-4d1d-8894-6c49f9cc6298{ip: 192.168.151.103, host: pr-trunk-878pl-325597374, networkLocation: /default-rack, certSerialId: null}, Type:RATIS, Factor:THREE, State:OPEN]
]]></system-out>
    <system-err><![CDATA[Oct 01, 2019 8:19:40 PM org.apache.ratis.thirdparty.io.grpc.internal.SerializingExecutor run
SEVERE: Exception while executing runnable org.apache.ratis.thirdparty.io.grpc.internal.ServerImpl$JumpToApplicationThreadServerStreamListener$1Closed@6bd0344d
org.apache.ratis.thirdparty.io.grpc.StatusRuntimeException: CANCELLED: call already cancelled
	at org.apache.ratis.thirdparty.io.grpc.Status.asRuntimeException(Status.java:517)
	at org.apache.ratis.thirdparty.io.grpc.stub.ServerCalls$ServerCallStreamObserverImpl.onCompleted(ServerCalls.java:356)
	at org.apache.ratis.grpc.server.GrpcServerProtocolService$ServerRequestStreamObserver.onError(GrpcServerProtocolService.java:121)
	at org.apache.ratis.thirdparty.io.grpc.stub.ServerCalls$StreamingServerCallHandler$StreamingServerCallListener.onCancel(ServerCalls.java:269)
	at org.apache.ratis.thirdparty.io.grpc.internal.ServerCallImpl$ServerStreamListenerImpl.closed(ServerCallImpl.java:293)
	at org.apache.ratis.thirdparty.io.grpc.internal.ServerImpl$JumpToApplicationThreadServerStreamListener$1Closed.runInContext(ServerImpl.java:741)
	at org.apache.ratis.thirdparty.io.grpc.internal.ContextRunnable.run(ContextRunnable.java:37)
	at org.apache.ratis.thirdparty.io.grpc.internal.SerializingExecutor.run(SerializingExecutor.java:123)
	at java.util.concurrent.ThreadPoolExecutor.runWorker(ThreadPoolExecutor.java:1149)
	at java.util.concurrent.ThreadPoolExecutor$Worker.run(ThreadPoolExecutor.java:624)
	at java.lang.Thread.run(Thread.java:748)

Oct 01, 2019 8:19:40 PM org.apache.ratis.thirdparty.io.grpc.internal.SerializingExecutor run
SEVERE: Exception while executing runnable org.apache.ratis.thirdparty.io.grpc.internal.ServerImpl$JumpToApplicationThreadServerStreamListener$1Closed@63009b93
org.apache.ratis.thirdparty.io.grpc.StatusRuntimeException: CANCELLED: call already cancelled
	at org.apache.ratis.thirdparty.io.grpc.Status.asRuntimeException(Status.java:517)
	at org.apache.ratis.thirdparty.io.grpc.stub.ServerCalls$ServerCallStreamObserverImpl.onCompleted(ServerCalls.java:356)
	at org.apache.ratis.grpc.server.GrpcServerProtocolService$ServerRequestStreamObserver.onError(GrpcServerProtocolService.java:121)
	at org.apache.ratis.thirdparty.io.grpc.stub.ServerCalls$StreamingServerCallHandler$StreamingServerCallListener.onCancel(ServerCalls.java:269)
	at org.apache.ratis.thirdparty.io.grpc.internal.ServerCallImpl$ServerStreamListenerImpl.closed(ServerCallImpl.java:293)
	at org.apache.ratis.thirdparty.io.grpc.internal.ServerImpl$JumpToApplicationThreadServerStreamListener$1Closed.runInContext(ServerImpl.java:741)
	at org.apache.ratis.thirdparty.io.grpc.internal.ContextRunnable.run(ContextRunnable.java:37)
	at org.apache.ratis.thirdparty.io.grpc.internal.SerializingExecutor.run(SerializingExecutor.java:123)
	at java.util.concurrent.ThreadPoolExecutor.runWorker(ThreadPoolExecutor.java:1149)
	at java.util.concurrent.ThreadPoolExecutor$Worker.run(ThreadPoolExecutor.java:624)
	at java.lang.Thread.run(Thread.java:748)

Oct 01, 2019 8:20:30 PM org.apache.ratis.thirdparty.io.grpc.netty.NettyServerHandler onStreamError
WARNING: Stream Error
org.apache.ratis.thirdparty.io.netty.handler.codec.http2.Http2Exception$StreamException: Received DATA frame for an unknown stream 3
	at org.apache.ratis.thirdparty.io.netty.handler.codec.http2.Http2Exception.streamError(Http2Exception.java:129)
	at org.apache.ratis.thirdparty.io.netty.handler.codec.http2.DefaultHttp2ConnectionDecoder$FrameReadListener.shouldIgnoreHeadersOrDataFrame(DefaultHttp2ConnectionDecoder.java:531)
	at org.apache.ratis.thirdparty.io.netty.handler.codec.http2.DefaultHttp2ConnectionDecoder$FrameReadListener.onDataRead(DefaultHttp2ConnectionDecoder.java:183)
	at org.apache.ratis.thirdparty.io.netty.handler.codec.http2.Http2InboundFrameLogger$1.onDataRead(Http2InboundFrameLogger.java:48)
	at org.apache.ratis.thirdparty.io.netty.handler.codec.http2.DefaultHttp2FrameReader.readDataFrame(DefaultHttp2FrameReader.java:421)
	at org.apache.ratis.thirdparty.io.netty.handler.codec.http2.DefaultHttp2FrameReader.processPayloadState(DefaultHttp2FrameReader.java:251)
	at org.apache.ratis.thirdparty.io.netty.handler.codec.http2.DefaultHttp2FrameReader.readFrame(DefaultHttp2FrameReader.java:160)
	at org.apache.ratis.thirdparty.io.netty.handler.codec.http2.Http2InboundFrameLogger.readFrame(Http2InboundFrameLogger.java:41)
	at org.apache.ratis.thirdparty.io.netty.handler.codec.http2.DefaultHttp2ConnectionDecoder.decodeFrame(DefaultHttp2ConnectionDecoder.java:118)
	at org.apache.ratis.thirdparty.io.netty.handler.codec.http2.Http2ConnectionHandler$FrameDecoder.decode(Http2ConnectionHandler.java:390)
	at org.apache.ratis.thirdparty.io.netty.handler.codec.http2.Http2ConnectionHandler.decode(Http2ConnectionHandler.java:450)
	at org.apache.ratis.thirdparty.io.netty.handler.codec.ByteToMessageDecoder.decodeRemovalReentryProtection(ByteToMessageDecoder.java:502)
	at org.apache.ratis.thirdparty.io.netty.handler.codec.ByteToMessageDecoder.callDecode(ByteToMessageDecoder.java:441)
	at org.apache.ratis.thirdparty.io.netty.handler.codec.ByteToMessageDecoder.channelRead(ByteToMessageDecoder.java:278)
	at org.apache.ratis.thirdparty.io.netty.channel.AbstractChannelHandlerContext.invokeChannelRead(AbstractChannelHandlerContext.java:362)
	at org.apache.ratis.thirdparty.io.netty.channel.AbstractChannelHandlerContext.invokeChannelRead(AbstractChannelHandlerContext.java:348)
	at org.apache.ratis.thirdparty.io.netty.channel.AbstractChannelHandlerContext.fireChannelRead(AbstractChannelHandlerContext.java:340)
	at org.apache.ratis.thirdparty.io.netty.channel.DefaultChannelPipeline$HeadContext.channelRead(DefaultChannelPipeline.java:1434)
	at org.apache.ratis.thirdparty.io.netty.channel.AbstractChannelHandlerContext.invokeChannelRead(AbstractChannelHandlerContext.java:362)
	at org.apache.ratis.thirdparty.io.netty.channel.AbstractChannelHandlerContext.invokeChannelRead(AbstractChannelHandlerContext.java:348)
	at org.apache.ratis.thirdparty.io.netty.channel.DefaultChannelPipeline.fireChannelRead(DefaultChannelPipeline.java:965)
	at org.apache.ratis.thirdparty.io.netty.channel.nio.AbstractNioByteChannel$NioByteUnsafe.read(AbstractNioByteChannel.java:163)
	at org.apache.ratis.thirdparty.io.netty.channel.nio.NioEventLoop.processSelectedKey(NioEventLoop.java:644)
	at org.apache.ratis.thirdparty.io.netty.channel.nio.NioEventLoop.processSelectedKeysOptimized(NioEventLoop.java:579)
	at org.apache.ratis.thirdparty.io.netty.channel.nio.NioEventLoop.processSelectedKeys(NioEventLoop.java:496)
	at org.apache.ratis.thirdparty.io.netty.channel.nio.NioEventLoop.run(NioEventLoop.java:458)
	at org.apache.ratis.thirdparty.io.netty.util.concurrent.SingleThreadEventExecutor$5.run(SingleThreadEventExecutor.java:897)
	at org.apache.ratis.thirdparty.io.netty.util.concurrent.FastThreadLocalRunnable.run(FastThreadLocalRunnable.java:30)
	at java.lang.Thread.run(Thread.java:748)

Oct 01, 2019 8:20:58 PM org.apache.ratis.thirdparty.io.grpc.netty.NettyServerHandler onStreamError
WARNING: Stream Error
org.apache.ratis.thirdparty.io.netty.handler.codec.http2.Http2Exception$StreamException: Received DATA frame for an unknown stream 3
	at org.apache.ratis.thirdparty.io.netty.handler.codec.http2.Http2Exception.streamError(Http2Exception.java:129)
	at org.apache.ratis.thirdparty.io.netty.handler.codec.http2.DefaultHttp2ConnectionDecoder$FrameReadListener.shouldIgnoreHeadersOrDataFrame(DefaultHttp2ConnectionDecoder.java:531)
	at org.apache.ratis.thirdparty.io.netty.handler.codec.http2.DefaultHttp2ConnectionDecoder$FrameReadListener.onDataRead(DefaultHttp2ConnectionDecoder.java:183)
	at org.apache.ratis.thirdparty.io.netty.handler.codec.http2.Http2InboundFrameLogger$1.onDataRead(Http2InboundFrameLogger.java:48)
	at org.apache.ratis.thirdparty.io.netty.handler.codec.http2.DefaultHttp2FrameReader.readDataFrame(DefaultHttp2FrameReader.java:421)
	at org.apache.ratis.thirdparty.io.netty.handler.codec.http2.DefaultHttp2FrameReader.processPayloadState(DefaultHttp2FrameReader.java:251)
	at org.apache.ratis.thirdparty.io.netty.handler.codec.http2.DefaultHttp2FrameReader.readFrame(DefaultHttp2FrameReader.java:160)
	at org.apache.ratis.thirdparty.io.netty.handler.codec.http2.Http2InboundFrameLogger.readFrame(Http2InboundFrameLogger.java:41)
	at org.apache.ratis.thirdparty.io.netty.handler.codec.http2.DefaultHttp2ConnectionDecoder.decodeFrame(DefaultHttp2ConnectionDecoder.java:118)
	at org.apache.ratis.thirdparty.io.netty.handler.codec.http2.Http2ConnectionHandler$FrameDecoder.decode(Http2ConnectionHandler.java:390)
	at org.apache.ratis.thirdparty.io.netty.handler.codec.http2.Http2ConnectionHandler.decode(Http2ConnectionHandler.java:450)
	at org.apache.ratis.thirdparty.io.netty.handler.codec.ByteToMessageDecoder.decodeRemovalReentryProtection(ByteToMessageDecoder.java:502)
	at org.apache.ratis.thirdparty.io.netty.handler.codec.ByteToMessageDecoder.callDecode(ByteToMessageDecoder.java:441)
	at org.apache.ratis.thirdparty.io.netty.handler.codec.ByteToMessageDecoder.channelRead(ByteToMessageDecoder.java:278)
	at org.apache.ratis.thirdparty.io.netty.channel.AbstractChannelHandlerContext.invokeChannelRead(AbstractChannelHandlerContext.java:362)
	at org.apache.ratis.thirdparty.io.netty.channel.AbstractChannelHandlerContext.invokeChannelRead(AbstractChannelHandlerContext.java:348)
	at org.apache.ratis.thirdparty.io.netty.channel.AbstractChannelHandlerContext.fireChannelRead(AbstractChannelHandlerContext.java:340)
	at org.apache.ratis.thirdparty.io.netty.channel.DefaultChannelPipeline$HeadContext.channelRead(DefaultChannelPipeline.java:1434)
	at org.apache.ratis.thirdparty.io.netty.channel.AbstractChannelHandlerContext.invokeChannelRead(AbstractChannelHandlerContext.java:362)
	at org.apache.ratis.thirdparty.io.netty.channel.AbstractChannelHandlerContext.invokeChannelRead(AbstractChannelHandlerContext.java:348)
	at org.apache.ratis.thirdparty.io.netty.channel.DefaultChannelPipeline.fireChannelRead(DefaultChannelPipeline.java:965)
	at org.apache.ratis.thirdparty.io.netty.channel.nio.AbstractNioByteChannel$NioByteUnsafe.read(AbstractNioByteChannel.java:163)
	at org.apache.ratis.thirdparty.io.netty.channel.nio.NioEventLoop.processSelectedKey(NioEventLoop.java:644)
	at org.apache.ratis.thirdparty.io.netty.channel.nio.NioEventLoop.processSelectedKeysOptimized(NioEventLoop.java:579)
	at org.apache.ratis.thirdparty.io.netty.channel.nio.NioEventLoop.processSelectedKeys(NioEventLoop.java:496)
	at org.apache.ratis.thirdparty.io.netty.channel.nio.NioEventLoop.run(NioEventLoop.java:458)
	at org.apache.ratis.thirdparty.io.netty.util.concurrent.SingleThreadEventExecutor$5.run(SingleThreadEventExecutor.java:897)
	at org.apache.ratis.thirdparty.io.netty.util.concurrent.FastThreadLocalRunnable.run(FastThreadLocalRunnable.java:30)
	at java.lang.Thread.run(Thread.java:748)

]]></system-err>
  </testcase>
  <testcase name="testDeleteNonEmptyDirRecursive" classname="org.apache.hadoop.fs.ozone.contract.ITestOzoneContractDelete" time="180.004">
    <error message="test timed out after 180000 milliseconds" type="java.lang.Exception">java.lang.Exception: test timed out after 180000 milliseconds
	at sun.misc.Unsafe.park(Native Method)
	at java.util.concurrent.locks.LockSupport.park(LockSupport.java:175)
	at java.util.concurrent.CompletableFuture$Signaller.block(CompletableFuture.java:1693)
	at java.util.concurrent.ForkJoinPool.managedBlock(ForkJoinPool.java:3323)
	at java.util.concurrent.CompletableFuture.waitingGet(CompletableFuture.java:1729)
	at java.util.concurrent.CompletableFuture.get(CompletableFuture.java:1895)
	at org.apache.hadoop.hdds.scm.storage.BlockOutputStream.waitOnFlushFutures(BlockOutputStream.java:515)
	at org.apache.hadoop.hdds.scm.storage.BlockOutputStream.handleFlush(BlockOutputStream.java:478)
	at org.apache.hadoop.hdds.scm.storage.BlockOutputStream.close(BlockOutputStream.java:493)
	at org.apache.hadoop.ozone.client.io.BlockOutputStreamEntry.close(BlockOutputStreamEntry.java:143)
	at org.apache.hadoop.ozone.client.io.KeyOutputStream.handleFlushOrClose(KeyOutputStream.java:435)
	at org.apache.hadoop.ozone.client.io.KeyOutputStream.close(KeyOutputStream.java:473)
	at org.apache.hadoop.fs.ozone.OzoneFSOutputStream.close(OzoneFSOutputStream.java:56)
	at org.apache.hadoop.fs.FSDataOutputStream$PositionCache.close(FSDataOutputStream.java:72)
	at org.apache.hadoop.fs.FSDataOutputStream.close(FSDataOutputStream.java:101)
	at org.apache.hadoop.fs.contract.ContractTestUtils.createFile(ContractTestUtils.java:638)
	at org.apache.hadoop.fs.contract.ContractTestUtils.writeTextFile(ContractTestUtils.java:617)
	at org.apache.hadoop.fs.contract.AbstractContractDeleteTest.testDeleteNonEmptyDirRecursive(AbstractContractDeleteTest.java:92)
	at sun.reflect.NativeMethodAccessorImpl.invoke0(Native Method)
	at sun.reflect.NativeMethodAccessorImpl.invoke(NativeMethodAccessorImpl.java:62)
	at sun.reflect.DelegatingMethodAccessorImpl.invoke(DelegatingMethodAccessorImpl.java:43)
	at java.lang.reflect.Method.invoke(Method.java:498)
	at org.junit.runners.model.FrameworkMethod$1.runReflectiveCall(FrameworkMethod.java:47)
	at org.junit.internal.runners.model.ReflectiveCallable.run(ReflectiveCallable.java:12)
	at org.junit.runners.model.FrameworkMethod.invokeExplosively(FrameworkMethod.java:44)
	at org.junit.internal.runners.statements.InvokeMethod.evaluate(InvokeMethod.java:17)
	at org.junit.internal.runners.statements.RunBefores.evaluate(RunBefores.java:26)
	at org.junit.internal.runners.statements.RunAfters.evaluate(RunAfters.java:27)
	at org.junit.rules.TestWatcher$1.evaluate(TestWatcher.java:55)
	at org.junit.internal.runners.statements.FailOnTimeout$StatementThread.run(FailOnTimeout.java:74)
</error>
    <system-out><![CDATA[2019-10-01 20:21:35,892 [Thread-1149] INFO  rpc.RpcClient (RpcClient.java:createVolume(276)) - Creating Volume: volume53700, with user02142 as owner.
2019-10-01 20:21:35,894 [IPC Server handler 1 on 32937] INFO  volume.OMVolumeCreateRequest (OMVolumeCreateRequest.java:validateAndUpdateCache(194)) - created volume:volume53700 for user:user02142
2019-10-01 20:21:35,912 [Thread-1149] INFO  rpc.RpcClient (RpcClient.java:createBucket(415)) - Creating Bucket: volume53700/bucket86196, with Versioning false and Storage Type set to DISK and Encryption set to false 
2019-10-01 20:21:35,974 [Thread-1149] INFO  contract.AbstractFSContractTestBase (AbstractFSContractTestBase.java:setup(184)) - Test filesystem = o3fs://bucket86196.volume53700 implemented by OzoneFileSystem{URI=o3fs://bucket86196.volume53700, workingDir=o3fs://bucket86196.volume53700/user/jenkins1000, userName=jenkins1000, statistics=0 bytes read, 40 bytes written, 18 read ops, 0 large read ops, 6 write ops}
2019-10-01 20:21:38,718 [Thread-1141] INFO  impl.FollowerState (FollowerState.java:run(106)) - 28af574d-2172-4d1d-8894-6c49f9cc6298:group-BB33C775932E changes to CANDIDATE, lastRpcTime:5009, electionTimeout:5009ms
2019-10-01 20:21:38,718 [Thread-1140] INFO  impl.FollowerState (FollowerState.java:run(106)) - dd72838a-f206-4369-be48-6b1e036e4dac:group-BB33C775932E changes to CANDIDATE, lastRpcTime:5010, electionTimeout:5010ms
2019-10-01 20:21:38,719 [Thread-1140] INFO  impl.RoleInfo (RoleInfo.java:shutdownFollowerState(121)) - dd72838a-f206-4369-be48-6b1e036e4dac: shutdown FollowerState
2019-10-01 20:21:38,719 [Thread-1141] INFO  impl.RoleInfo (RoleInfo.java:shutdownFollowerState(121)) - 28af574d-2172-4d1d-8894-6c49f9cc6298: shutdown FollowerState
2019-10-01 20:21:38,719 [Thread-1140] INFO  impl.RaftServerImpl (RaftServerImpl.java:setRole(174)) - dd72838a-f206-4369-be48-6b1e036e4dac@group-BB33C775932E: changes role from  FOLLOWER to CANDIDATE at term 0 for changeToCandidate
2019-10-01 20:21:38,719 [Thread-1141] INFO  impl.RaftServerImpl (RaftServerImpl.java:setRole(174)) - 28af574d-2172-4d1d-8894-6c49f9cc6298@group-BB33C775932E: changes role from  FOLLOWER to CANDIDATE at term 0 for changeToCandidate
2019-10-01 20:21:38,719 [Thread-1140] INFO  impl.RoleInfo (RoleInfo.java:updateAndGet(143)) - dd72838a-f206-4369-be48-6b1e036e4dac: start LeaderElection
2019-10-01 20:21:38,719 [Thread-1141] INFO  impl.RoleInfo (RoleInfo.java:updateAndGet(143)) - 28af574d-2172-4d1d-8894-6c49f9cc6298: start LeaderElection
2019-10-01 20:21:38,742 [28af574d-2172-4d1d-8894-6c49f9cc6298@group-BB33C775932E:LeaderElection25] INFO  impl.LeaderElection (LeaderElection.java:askForVotes(182)) - 28af574d-2172-4d1d-8894-6c49f9cc6298@group-BB33C775932E:LeaderElection25: begin an election at term 1 for -1: [28af574d-2172-4d1d-8894-6c49f9cc6298:192.168.151.103:43956, dd72838a-f206-4369-be48-6b1e036e4dac:192.168.151.103:34429, c87755eb-8f71-406d-9b39-c7913bad0d26:192.168.151.103:42498], old=null
2019-10-01 20:21:38,742 [dd72838a-f206-4369-be48-6b1e036e4dac@group-BB33C775932E:LeaderElection24] INFO  impl.LeaderElection (LeaderElection.java:askForVotes(182)) - dd72838a-f206-4369-be48-6b1e036e4dac@group-BB33C775932E:LeaderElection24: begin an election at term 1 for -1: [28af574d-2172-4d1d-8894-6c49f9cc6298:192.168.151.103:43956, dd72838a-f206-4369-be48-6b1e036e4dac:192.168.151.103:34429, c87755eb-8f71-406d-9b39-c7913bad0d26:192.168.151.103:42498], old=null
2019-10-01 20:21:38,746 [grpc-default-executor-2] INFO  impl.RaftServerImpl (RaftServerImpl.java:setRole(174)) - c87755eb-8f71-406d-9b39-c7913bad0d26@group-BB33C775932E: changes role from  FOLLOWER to FOLLOWER at term 1 for recognizeCandidate:dd72838a-f206-4369-be48-6b1e036e4dac
2019-10-01 20:21:38,747 [grpc-default-executor-2] INFO  impl.RoleInfo (RoleInfo.java:shutdownFollowerState(121)) - c87755eb-8f71-406d-9b39-c7913bad0d26: shutdown FollowerState
2019-10-01 20:21:38,747 [grpc-default-executor-2] INFO  impl.RoleInfo (RoleInfo.java:updateAndGet(143)) - c87755eb-8f71-406d-9b39-c7913bad0d26: start FollowerState
2019-10-01 20:21:38,747 [Thread-1138] INFO  impl.FollowerState (FollowerState.java:run(115)) - c87755eb-8f71-406d-9b39-c7913bad0d26: FollowerState was interrupted: java.lang.InterruptedException: sleep interrupted
2019-10-01 20:21:38,765 [dd72838a-f206-4369-be48-6b1e036e4dac@group-BB33C775932E:LeaderElection24] INFO  impl.LeaderElection (LeaderElection.java:logAndReturn(56)) - dd72838a-f206-4369-be48-6b1e036e4dac@group-BB33C775932E:LeaderElection24: Election PASSED; received 2 response(s) [dd72838a-f206-4369-be48-6b1e036e4dac<-28af574d-2172-4d1d-8894-6c49f9cc6298#0:FAIL-t1, dd72838a-f206-4369-be48-6b1e036e4dac<-c87755eb-8f71-406d-9b39-c7913bad0d26#0:OK-t1] and 0 exception(s); dd72838a-f206-4369-be48-6b1e036e4dac@group-BB33C775932E:t1, leader=null, voted=dd72838a-f206-4369-be48-6b1e036e4dac, raftlog=dd72838a-f206-4369-be48-6b1e036e4dac@group-BB33C775932E-SegmentedRaftLog:OPENED:c-1,f-1,i0, conf=-1: [28af574d-2172-4d1d-8894-6c49f9cc6298:192.168.151.103:43956, dd72838a-f206-4369-be48-6b1e036e4dac:192.168.151.103:34429, c87755eb-8f71-406d-9b39-c7913bad0d26:192.168.151.103:42498], old=null
2019-10-01 20:21:38,765 [28af574d-2172-4d1d-8894-6c49f9cc6298@group-BB33C775932E:LeaderElection25] INFO  impl.LeaderElection (LeaderElection.java:logAndReturn(56)) - 28af574d-2172-4d1d-8894-6c49f9cc6298@group-BB33C775932E:LeaderElection25: Election REJECTED; received 2 response(s) [28af574d-2172-4d1d-8894-6c49f9cc6298<-dd72838a-f206-4369-be48-6b1e036e4dac#0:FAIL-t1, 28af574d-2172-4d1d-8894-6c49f9cc6298<-c87755eb-8f71-406d-9b39-c7913bad0d26#0:FAIL-t1] and 0 exception(s); 28af574d-2172-4d1d-8894-6c49f9cc6298@group-BB33C775932E:t1, leader=null, voted=28af574d-2172-4d1d-8894-6c49f9cc6298, raftlog=28af574d-2172-4d1d-8894-6c49f9cc6298@group-BB33C775932E-SegmentedRaftLog:OPENED:c-1,f-1,i0, conf=-1: [28af574d-2172-4d1d-8894-6c49f9cc6298:192.168.151.103:43956, dd72838a-f206-4369-be48-6b1e036e4dac:192.168.151.103:34429, c87755eb-8f71-406d-9b39-c7913bad0d26:192.168.151.103:42498], old=null
2019-10-01 20:21:38,765 [dd72838a-f206-4369-be48-6b1e036e4dac@group-BB33C775932E:LeaderElection24] INFO  impl.RoleInfo (RoleInfo.java:shutdownLeaderElection(134)) - dd72838a-f206-4369-be48-6b1e036e4dac: shutdown LeaderElection
2019-10-01 20:21:38,767 [28af574d-2172-4d1d-8894-6c49f9cc6298@group-BB33C775932E:LeaderElection25] INFO  impl.RaftServerImpl (RaftServerImpl.java:setRole(174)) - 28af574d-2172-4d1d-8894-6c49f9cc6298@group-BB33C775932E: changes role from CANDIDATE to FOLLOWER at term 1 for DISCOVERED_A_NEW_TERM
2019-10-01 20:21:38,768 [dd72838a-f206-4369-be48-6b1e036e4dac@group-BB33C775932E:LeaderElection24] INFO  impl.RaftServerImpl (RaftServerImpl.java:setRole(174)) - dd72838a-f206-4369-be48-6b1e036e4dac@group-BB33C775932E: changes role from CANDIDATE to LEADER at term 1 for changeToLeader
2019-10-01 20:21:38,768 [28af574d-2172-4d1d-8894-6c49f9cc6298@group-BB33C775932E:LeaderElection25] INFO  impl.RoleInfo (RoleInfo.java:shutdownLeaderElection(134)) - 28af574d-2172-4d1d-8894-6c49f9cc6298: shutdown LeaderElection
2019-10-01 20:21:38,768 [dd72838a-f206-4369-be48-6b1e036e4dac@group-BB33C775932E:LeaderElection24] INFO  impl.RaftServerImpl (ServerState.java:setLeader(253)) - dd72838a-f206-4369-be48-6b1e036e4dac@group-BB33C775932E: change Leader from null to dd72838a-f206-4369-be48-6b1e036e4dac at term 1 for becomeLeader, leader elected after 5071ms
2019-10-01 20:21:38,769 [28af574d-2172-4d1d-8894-6c49f9cc6298@group-BB33C775932E:LeaderElection25] INFO  impl.RoleInfo (RoleInfo.java:updateAndGet(143)) - 28af574d-2172-4d1d-8894-6c49f9cc6298: start FollowerState
2019-10-01 20:21:38,769 [dd72838a-f206-4369-be48-6b1e036e4dac@group-BB33C775932E:LeaderElection24] INFO  server.RaftServerConfigKeys (ConfUtils.java:logGet(43)) - raft.server.staging.catchup.gap = 1000 (default)
2019-10-01 20:21:38,769 [dd72838a-f206-4369-be48-6b1e036e4dac@group-BB33C775932E:LeaderElection24] INFO  server.RaftServerConfigKeys (ConfUtils.java:logGet(43)) - raft.server.rpc.sleep.time = 25ms (default)
2019-10-01 20:21:38,769 [dd72838a-f206-4369-be48-6b1e036e4dac@group-BB33C775932E:LeaderElection24] INFO  server.RaftServerConfigKeys (ConfUtils.java:logGet(43)) - raft.server.write.element-limit = 4096 (default)
2019-10-01 20:21:38,769 [dd72838a-f206-4369-be48-6b1e036e4dac@group-BB33C775932E:LeaderElection24] INFO  server.RaftServerConfigKeys (ConfUtils.java:logGet(43)) - raft.server.watch.timeout = 10s (default)
2019-10-01 20:21:38,769 [dd72838a-f206-4369-be48-6b1e036e4dac@group-BB33C775932E:LeaderElection24] INFO  server.RaftServerConfigKeys (ConfUtils.java:logGet(43)) - raft.server.watch.timeout.denomination = 1s (default)
2019-10-01 20:21:38,770 [dd72838a-f206-4369-be48-6b1e036e4dac@group-BB33C775932E:LeaderElection24] INFO  server.RaftServerConfigKeys (ConfUtils.java:logGet(43)) - raft.server.watch.element-limit = 65536 (default)
2019-10-01 20:21:38,772 [dd72838a-f206-4369-be48-6b1e036e4dac@group-BB33C775932E:LeaderElection24] INFO  server.RaftServerConfigKeys (ConfUtils.java:logGet(43)) - raft.server.log.appender.snapshot.chunk.size.max = 16MB (=16777216) (default)
2019-10-01 20:21:38,772 [dd72838a-f206-4369-be48-6b1e036e4dac@group-BB33C775932E:LeaderElection24] INFO  server.RaftServerConfigKeys (ConfUtils.java:logGet(43)) - raft.server.log.appender.buffer.byte-limit = 33554432 (custom)
2019-10-01 20:21:38,772 [dd72838a-f206-4369-be48-6b1e036e4dac@group-BB33C775932E:LeaderElection24] INFO  server.RaftServerConfigKeys (ConfUtils.java:logGet(43)) - raft.server.log.appender.buffer.element-limit = 1 (custom)
2019-10-01 20:21:38,772 [dd72838a-f206-4369-be48-6b1e036e4dac@group-BB33C775932E:LeaderElection24] INFO  grpc.GrpcConfigKeys$Server (ConfUtils.java:logGet(43)) - raft.grpc.server.leader.outstanding.appends.max = 128 (default)
2019-10-01 20:21:38,773 [dd72838a-f206-4369-be48-6b1e036e4dac@group-BB33C775932E:LeaderElection24] INFO  server.RaftServerConfigKeys (ConfUtils.java:logGet(43)) - raft.server.rpc.request.timeout = 3000ms (default)
2019-10-01 20:21:38,773 [dd72838a-f206-4369-be48-6b1e036e4dac@group-BB33C775932E:LeaderElection24] INFO  server.RaftServerConfigKeys (ConfUtils.java:logGet(43)) - raft.server.log.appender.install.snapshot.enabled = false (custom)
2019-10-01 20:21:38,773 [dd72838a-f206-4369-be48-6b1e036e4dac@group-BB33C775932E:LeaderElection24] INFO  server.RaftServerConfigKeys (ConfUtils.java:logGet(43)) - raft.server.log.appender.snapshot.chunk.size.max = 16MB (=16777216) (default)
2019-10-01 20:21:38,773 [dd72838a-f206-4369-be48-6b1e036e4dac@group-BB33C775932E:LeaderElection24] INFO  server.RaftServerConfigKeys (ConfUtils.java:logGet(43)) - raft.server.log.appender.buffer.byte-limit = 33554432 (custom)
2019-10-01 20:21:38,773 [dd72838a-f206-4369-be48-6b1e036e4dac@group-BB33C775932E:LeaderElection24] INFO  server.RaftServerConfigKeys (ConfUtils.java:logGet(43)) - raft.server.log.appender.buffer.element-limit = 1 (custom)
2019-10-01 20:21:38,773 [dd72838a-f206-4369-be48-6b1e036e4dac@group-BB33C775932E:LeaderElection24] INFO  grpc.GrpcConfigKeys$Server (ConfUtils.java:logGet(43)) - raft.grpc.server.leader.outstanding.appends.max = 128 (default)
2019-10-01 20:21:38,773 [dd72838a-f206-4369-be48-6b1e036e4dac@group-BB33C775932E:LeaderElection24] INFO  server.RaftServerConfigKeys (ConfUtils.java:logGet(43)) - raft.server.rpc.request.timeout = 3000ms (default)
2019-10-01 20:21:38,774 [dd72838a-f206-4369-be48-6b1e036e4dac@group-BB33C775932E:LeaderElection24] INFO  server.RaftServerConfigKeys (ConfUtils.java:logGet(43)) - raft.server.log.appender.install.snapshot.enabled = false (custom)
2019-10-01 20:21:38,774 [dd72838a-f206-4369-be48-6b1e036e4dac@group-BB33C775932E:LeaderElection24] INFO  impl.RoleInfo (RoleInfo.java:updateAndGet(143)) - dd72838a-f206-4369-be48-6b1e036e4dac: start LeaderState
2019-10-01 20:21:38,774 [dd72838a-f206-4369-be48-6b1e036e4dac@group-BB33C775932E:LeaderElection24] INFO  segmented.SegmentedRaftLogWorker (SegmentedRaftLogWorker.java:startLogSegment(380)) - dd72838a-f206-4369-be48-6b1e036e4dac@group-BB33C775932E-SegmentedRaftLogWorker: Starting segment from index:0
2019-10-01 20:21:38,775 [dd72838a-f206-4369-be48-6b1e036e4dac@group-BB33C775932E:LeaderElection24] INFO  impl.RaftServerImpl (ServerState.java:setRaftConf(354)) - dd72838a-f206-4369-be48-6b1e036e4dac@group-BB33C775932E: set configuration 0: [28af574d-2172-4d1d-8894-6c49f9cc6298:192.168.151.103:43956, dd72838a-f206-4369-be48-6b1e036e4dac:192.168.151.103:34429, c87755eb-8f71-406d-9b39-c7913bad0d26:192.168.151.103:42498], old=null at 0
2019-10-01 20:21:38,799 [grpc-default-executor-2] INFO  impl.RaftServerImpl (ServerState.java:setLeader(253)) - 28af574d-2172-4d1d-8894-6c49f9cc6298@group-BB33C775932E: change Leader from null to dd72838a-f206-4369-be48-6b1e036e4dac at term 1 for appendEntries, leader elected after 5101ms
2019-10-01 20:21:38,799 [grpc-default-executor-10] INFO  impl.RaftServerImpl (ServerState.java:setLeader(253)) - c87755eb-8f71-406d-9b39-c7913bad0d26@group-BB33C775932E: change Leader from null to dd72838a-f206-4369-be48-6b1e036e4dac at term 1 for appendEntries, leader elected after 5101ms
2019-10-01 20:21:38,801 [grpc-default-executor-2] INFO  impl.RaftServerImpl (ServerState.java:setRaftConf(354)) - 28af574d-2172-4d1d-8894-6c49f9cc6298@group-BB33C775932E: set configuration 0: [28af574d-2172-4d1d-8894-6c49f9cc6298:192.168.151.103:43956, dd72838a-f206-4369-be48-6b1e036e4dac:192.168.151.103:34429, c87755eb-8f71-406d-9b39-c7913bad0d26:192.168.151.103:42498], old=null at 0
2019-10-01 20:21:38,801 [grpc-default-executor-10] INFO  impl.RaftServerImpl (ServerState.java:setRaftConf(354)) - c87755eb-8f71-406d-9b39-c7913bad0d26@group-BB33C775932E: set configuration 0: [28af574d-2172-4d1d-8894-6c49f9cc6298:192.168.151.103:43956, dd72838a-f206-4369-be48-6b1e036e4dac:192.168.151.103:34429, c87755eb-8f71-406d-9b39-c7913bad0d26:192.168.151.103:42498], old=null at 0
2019-10-01 20:21:38,801 [grpc-default-executor-2] INFO  segmented.SegmentedRaftLogWorker (SegmentedRaftLogWorker.java:startLogSegment(380)) - 28af574d-2172-4d1d-8894-6c49f9cc6298@group-BB33C775932E-SegmentedRaftLogWorker: Starting segment from index:0
2019-10-01 20:21:38,801 [grpc-default-executor-10] INFO  segmented.SegmentedRaftLogWorker (SegmentedRaftLogWorker.java:startLogSegment(380)) - c87755eb-8f71-406d-9b39-c7913bad0d26@group-BB33C775932E-SegmentedRaftLogWorker: Starting segment from index:0
2019-10-01 20:21:38,811 [dd72838a-f206-4369-be48-6b1e036e4dac@group-BB33C775932E-SegmentedRaftLogWorker] INFO  segmented.SegmentedRaftLogWorker (SegmentedRaftLogWorker.java:execute(569)) - dd72838a-f206-4369-be48-6b1e036e4dac@group-BB33C775932E-SegmentedRaftLogWorker: created new log segment /workdir/hadoop-ozone/ozonefs/target/test-dir/MiniOzoneClusterImpl-cc9961a9-1b1a-49c1-80c6-6d48514b4463/datanode-1/data/ratis/60f7c0df-bdf5-464d-a7ce-bb33c775932e/current/log_inprogress_0
2019-10-01 20:21:38,840 [c87755eb-8f71-406d-9b39-c7913bad0d26@group-BB33C775932E-SegmentedRaftLogWorker] INFO  segmented.SegmentedRaftLogWorker (SegmentedRaftLogWorker.java:execute(569)) - c87755eb-8f71-406d-9b39-c7913bad0d26@group-BB33C775932E-SegmentedRaftLogWorker: created new log segment /workdir/hadoop-ozone/ozonefs/target/test-dir/MiniOzoneClusterImpl-cc9961a9-1b1a-49c1-80c6-6d48514b4463/datanode-2/data/ratis/60f7c0df-bdf5-464d-a7ce-bb33c775932e/current/log_inprogress_0
2019-10-01 20:21:38,840 [28af574d-2172-4d1d-8894-6c49f9cc6298@group-BB33C775932E-SegmentedRaftLogWorker] INFO  segmented.SegmentedRaftLogWorker (SegmentedRaftLogWorker.java:execute(569)) - 28af574d-2172-4d1d-8894-6c49f9cc6298@group-BB33C775932E-SegmentedRaftLogWorker: created new log segment /workdir/hadoop-ozone/ozonefs/target/test-dir/MiniOzoneClusterImpl-cc9961a9-1b1a-49c1-80c6-6d48514b4463/datanode-4/data/ratis/60f7c0df-bdf5-464d-a7ce-bb33c775932e/current/log_inprogress_0
2019-10-01 20:21:39,122 [pool-36-thread-7] ERROR impl.ChunkManagerImpl (ChunkUtils.java:writeData(89)) - data array does not match the length specified. DataLen: 14 Byte Array: 170
2019-10-01 20:21:39,122 [pool-36-thread-7] INFO  keyvalue.KeyValueHandler (ContainerUtils.java:logAndReturnError(146)) - Operation: WriteChunk : Trace ID: 88264488ee5034b9:88264488ee5034b9:0:0 : Message: data array does not match the length specified. DataLen: 14 Byte Array: 170 : Result: INVALID_WRITE_SIZE
20:21:39.138 [pool-36-thread-7] ERROR DNAudit - user=null | ip=null | op=WRITE_CHUNK {blockData=conID: 7 locID: 102888983493607432 bcsId: 0} | ret=FAILURE
java.lang.Exception: data array does not match the length specified. DataLen: 14 Byte Array: 170
	at org.apache.hadoop.ozone.container.common.impl.HddsDispatcher.dispatchRequest(HddsDispatcher.java:330) ~[hadoop-hdds-container-service-0.5.0-SNAPSHOT.jar:?]
	at org.apache.hadoop.ozone.container.common.impl.HddsDispatcher.dispatch(HddsDispatcher.java:150) ~[hadoop-hdds-container-service-0.5.0-SNAPSHOT.jar:?]
	at org.apache.hadoop.ozone.container.common.transport.server.ratis.ContainerStateMachine.dispatchCommand(ContainerStateMachine.java:407) ~[hadoop-hdds-container-service-0.5.0-SNAPSHOT.jar:?]
	at org.apache.hadoop.ozone.container.common.transport.server.ratis.ContainerStateMachine.runCommand(ContainerStateMachine.java:415) ~[hadoop-hdds-container-service-0.5.0-SNAPSHOT.jar:?]
	at org.apache.hadoop.ozone.container.common.transport.server.ratis.ContainerStateMachine.lambda$handleWriteChunk$1(ContainerStateMachine.java:450) ~[hadoop-hdds-container-service-0.5.0-SNAPSHOT.jar:?]
	at java.util.concurrent.CompletableFuture$AsyncSupply.run(CompletableFuture.java:1590) [?:1.8.0_212]
	at java.util.concurrent.ThreadPoolExecutor.runWorker(ThreadPoolExecutor.java:1149) [?:1.8.0_212]
	at java.util.concurrent.ThreadPoolExecutor$Worker.run(ThreadPoolExecutor.java:624) [?:1.8.0_212]
	at java.lang.Thread.run(Thread.java:748) [?:1.8.0_212]
2019-10-01 20:21:39,139 [EventQueue-IncrementalContainerReportForIncrementalContainerReportHandler] WARN  container.IncrementalContainerReportHandler (AbstractContainerReportHandler.java:updateContainerState(143)) - Container #7 is in OPEN state, but the datanode dd72838a-f206-4369-be48-6b1e036e4dac{ip: 192.168.151.103, host: pr-trunk-878pl-325597374, networkLocation: /default-rack, certSerialId: null} reports an UNHEALTHY replica.
2019-10-01 20:21:39,139 [EventQueue-CloseContainerForCloseContainerEventHandler] INFO  container.CloseContainerEventHandler (CloseContainerEventHandler.java:onMessage(61)) - Close container Event triggered for container : #7
2019-10-01 20:21:39,139 [pool-36-thread-7] ERROR ratis.ContainerStateMachine (ContainerStateMachine.java:lambda$handleWriteChunk$2(470)) - group-BB33C775932E: writeChunk writeStateMachineData failed: blockIdcontainerID: 7
localID: 102888983493607432
blockCommitSequenceId: 0
 logIndex 1 chunkName 102888983493607432_chunk_1 Error message: data array does not match the length specified. DataLen: 14 Byte Array: 170 Container Result: INVALID_WRITE_SIZE
2019-10-01 20:21:39,141 [dd72838a-f206-4369-be48-6b1e036e4dac@group-BB33C775932E-SegmentedRaftLogWorker] ERROR ratis.XceiverServerRatis (XceiverServerRatis.java:triggerPipelineClose(575)) - pipeline Action CLOSE  on pipeline PipelineID=60f7c0df-bdf5-464d-a7ce-bb33c775932e.Reason : data array does not match the length specified. DataLen: 14 Byte Array: 170
2019-10-01 20:21:39,141 [dd72838a-f206-4369-be48-6b1e036e4dac@group-BB33C775932E-SegmentedRaftLogWorker] ERROR ratis.XceiverServerRatis (XceiverServerRatis.java:triggerPipelineClose(575)) - pipeline Action CLOSE  on pipeline PipelineID=60f7c0df-bdf5-464d-a7ce-bb33c775932e.Reason : Log already failed at index 1 for task WriteLog:1: (t:1, i:1), STATEMACHINELOGENTRY, client-488ED11B3835, cid=65
2019-10-01 20:21:39,142 [EventQueue-PipelineActionsForPipelineActionHandler] ERROR pipeline.PipelineActionHandler (PipelineActionHandler.java:onMessage(60)) - Received pipeline action CLOSE for Pipeline[ Id: 60f7c0df-bdf5-464d-a7ce-bb33c775932e, Nodes: dd72838a-f206-4369-be48-6b1e036e4dac{ip: 192.168.151.103, host: pr-trunk-878pl-325597374, networkLocation: /default-rack, certSerialId: null}c87755eb-8f71-406d-9b39-c7913bad0d26{ip: 192.168.151.103, host: pr-trunk-878pl-325597374, networkLocation: /default-rack, certSerialId: null}28af574d-2172-4d1d-8894-6c49f9cc6298{ip: 192.168.151.103, host: pr-trunk-878pl-325597374, networkLocation: /default-rack, certSerialId: null}, Type:RATIS, Factor:THREE, State:OPEN] from datanode dd72838a-f206-4369-be48-6b1e036e4dac{ip: 192.168.151.103, host: pr-trunk-878pl-325597374, networkLocation: /default-rack, certSerialId: null}. Reason : data array does not match the length specified. DataLen: 14 Byte Array: 170
2019-10-01 20:21:39,142 [EventQueue-PipelineActionsForPipelineActionHandler] INFO  pipeline.SCMPipelineManager (SCMPipelineManager.java:finalizeAndDestroyPipeline(315)) - destroying pipeline:Pipeline[ Id: 60f7c0df-bdf5-464d-a7ce-bb33c775932e, Nodes: dd72838a-f206-4369-be48-6b1e036e4dac{ip: 192.168.151.103, host: pr-trunk-878pl-325597374, networkLocation: /default-rack, certSerialId: null}c87755eb-8f71-406d-9b39-c7913bad0d26{ip: 192.168.151.103, host: pr-trunk-878pl-325597374, networkLocation: /default-rack, certSerialId: null}28af574d-2172-4d1d-8894-6c49f9cc6298{ip: 192.168.151.103, host: pr-trunk-878pl-325597374, networkLocation: /default-rack, certSerialId: null}, Type:RATIS, Factor:THREE, State:OPEN]
2019-10-01 20:21:39,142 [EventQueue-PipelineActionsForPipelineActionHandler] INFO  pipeline.PipelineStateManager (PipelineStateManager.java:finalizePipeline(123)) - Pipeline Pipeline[ Id: 60f7c0df-bdf5-464d-a7ce-bb33c775932e, Nodes: dd72838a-f206-4369-be48-6b1e036e4dac{ip: 192.168.151.103, host: pr-trunk-878pl-325597374, networkLocation: /default-rack, certSerialId: null}c87755eb-8f71-406d-9b39-c7913bad0d26{ip: 192.168.151.103, host: pr-trunk-878pl-325597374, networkLocation: /default-rack, certSerialId: null}28af574d-2172-4d1d-8894-6c49f9cc6298{ip: 192.168.151.103, host: pr-trunk-878pl-325597374, networkLocation: /default-rack, certSerialId: null}, Type:RATIS, Factor:THREE, State:CLOSED] moved to CLOSED state
2019-10-01 20:21:39,144 [EventQueue-PipelineActionsForPipelineActionHandler] ERROR pipeline.PipelineActionHandler (PipelineActionHandler.java:onMessage(60)) - Received pipeline action CLOSE for Pipeline[ Id: 60f7c0df-bdf5-464d-a7ce-bb33c775932e, Nodes: dd72838a-f206-4369-be48-6b1e036e4dac{ip: 192.168.151.103, host: pr-trunk-878pl-325597374, networkLocation: /default-rack, certSerialId: null}c87755eb-8f71-406d-9b39-c7913bad0d26{ip: 192.168.151.103, host: pr-trunk-878pl-325597374, networkLocation: /default-rack, certSerialId: null}28af574d-2172-4d1d-8894-6c49f9cc6298{ip: 192.168.151.103, host: pr-trunk-878pl-325597374, networkLocation: /default-rack, certSerialId: null}, Type:RATIS, Factor:THREE, State:CLOSED] from datanode dd72838a-f206-4369-be48-6b1e036e4dac{ip: 192.168.151.103, host: pr-trunk-878pl-325597374, networkLocation: /default-rack, certSerialId: null}. Reason : Log already failed at index 1 for task WriteLog:1: (t:1, i:1), STATEMACHINELOGENTRY, client-488ED11B3835, cid=65
2019-10-01 20:21:39,144 [EventQueue-PipelineActionsForPipelineActionHandler] INFO  pipeline.SCMPipelineManager (SCMPipelineManager.java:finalizeAndDestroyPipeline(315)) - destroying pipeline:Pipeline[ Id: 60f7c0df-bdf5-464d-a7ce-bb33c775932e, Nodes: dd72838a-f206-4369-be48-6b1e036e4dac{ip: 192.168.151.103, host: pr-trunk-878pl-325597374, networkLocation: /default-rack, certSerialId: null}c87755eb-8f71-406d-9b39-c7913bad0d26{ip: 192.168.151.103, host: pr-trunk-878pl-325597374, networkLocation: /default-rack, certSerialId: null}28af574d-2172-4d1d-8894-6c49f9cc6298{ip: 192.168.151.103, host: pr-trunk-878pl-325597374, networkLocation: /default-rack, certSerialId: null}, Type:RATIS, Factor:THREE, State:CLOSED]
2019-10-01 20:22:10,411 [grpc-default-executor-2] INFO  impl.RaftServerProxy (RaftServerProxy.java:remove(95)) - dd72838a-f206-4369-be48-6b1e036e4dac: remove  FOLLOWER dd72838a-f206-4369-be48-6b1e036e4dac@group-56DF3521027A:t1, leader=c87755eb-8f71-406d-9b39-c7913bad0d26, voted=dd72838a-f206-4369-be48-6b1e036e4dac, raftlog=dd72838a-f206-4369-be48-6b1e036e4dac@group-56DF3521027A-SegmentedRaftLog:OPENED:c0,f2,i2, conf=0: [28af574d-2172-4d1d-8894-6c49f9cc6298:192.168.151.103:43956, dd72838a-f206-4369-be48-6b1e036e4dac:192.168.151.103:34429, c87755eb-8f71-406d-9b39-c7913bad0d26:192.168.151.103:42498], old=null RUNNING
2019-10-01 20:22:10,414 [grpc-default-executor-2] INFO  impl.RaftServerImpl (RaftServerImpl.java:lambda$shutdown$3(251)) - dd72838a-f206-4369-be48-6b1e036e4dac@group-56DF3521027A: shutdown
2019-10-01 20:22:10,414 [grpc-default-executor-2] INFO  util.JmxRegister (JmxRegister.java:unregister(73)) - Successfully un-registered JMX Bean with object name Ratis:service=RaftServer,group=group-56DF3521027A,id=dd72838a-f206-4369-be48-6b1e036e4dac
2019-10-01 20:22:10,414 [grpc-default-executor-2] INFO  impl.RoleInfo (RoleInfo.java:shutdownFollowerState(121)) - dd72838a-f206-4369-be48-6b1e036e4dac: shutdown FollowerState
2019-10-01 20:22:10,414 [grpc-default-executor-2] INFO  impl.StateMachineUpdater (StateMachineUpdater.java:stopAndJoin(125)) - dd72838a-f206-4369-be48-6b1e036e4dac@group-56DF3521027A-StateMachineUpdater: set stopIndex = 0
2019-10-01 20:22:10,415 [Thread-1084] INFO  impl.FollowerState (FollowerState.java:run(115)) - dd72838a-f206-4369-be48-6b1e036e4dac: FollowerState was interrupted: java.lang.InterruptedException: sleep interrupted
2019-10-01 20:22:10,417 [grpc-default-executor-2] INFO  impl.RaftServerImpl (ServerState.java:close(385)) - dd72838a-f206-4369-be48-6b1e036e4dac@group-56DF3521027A: closes. applyIndex: 0
2019-10-01 20:22:10,417 [dd72838a-f206-4369-be48-6b1e036e4dac@group-56DF3521027A-SegmentedRaftLogWorker] INFO  segmented.SegmentedRaftLogWorker (SegmentedRaftLogWorker.java:run(313)) - dd72838a-f206-4369-be48-6b1e036e4dac@group-56DF3521027A-SegmentedRaftLogWorker was interrupted, exiting. There are 0 tasks remaining in the queue.
2019-10-01 20:22:10,419 [grpc-default-executor-2] INFO  segmented.SegmentedRaftLogWorker (SegmentedRaftLogWorker.java:close(228)) - dd72838a-f206-4369-be48-6b1e036e4dac@group-56DF3521027A-SegmentedRaftLogWorker close()
2019-10-01 20:22:10,467 [grpc-default-executor-2] INFO  interfaces.Container (KeyValueContainer.java:flushAndSyncDB(386)) - Container 6 is synced with bcsId 0.
2019-10-01 20:22:10,467 [grpc-default-executor-2] INFO  interfaces.Container (KeyValueContainer.java:flushAndSyncDB(386)) - Container 6 is synced with bcsId 0.
2019-10-01 20:22:10,483 [EventQueue-IncrementalContainerReportForIncrementalContainerReportHandler] INFO  container.IncrementalContainerReportHandler (AbstractContainerReportHandler.java:updateContainerState(169)) - Moving container #6 to QUASI_CLOSED state, datanode dd72838a-f206-4369-be48-6b1e036e4dac{ip: 192.168.151.103, host: pr-trunk-878pl-325597374, networkLocation: /default-rack, certSerialId: null} reported QUASI_CLOSED replica.
2019-10-01 20:22:10,486 [grpc-default-executor-2] INFO  impl.RaftServerProxy (RaftServerProxy.java:remove(95)) - c87755eb-8f71-406d-9b39-c7913bad0d26: remove    LEADER c87755eb-8f71-406d-9b39-c7913bad0d26@group-56DF3521027A:t1, leader=c87755eb-8f71-406d-9b39-c7913bad0d26, voted=c87755eb-8f71-406d-9b39-c7913bad0d26, raftlog=c87755eb-8f71-406d-9b39-c7913bad0d26@group-56DF3521027A-SegmentedRaftLog:OPENED:c0,f0,i2, conf=0: [28af574d-2172-4d1d-8894-6c49f9cc6298:192.168.151.103:43956, dd72838a-f206-4369-be48-6b1e036e4dac:192.168.151.103:34429, c87755eb-8f71-406d-9b39-c7913bad0d26:192.168.151.103:42498], old=null RUNNING
2019-10-01 20:22:10,486 [grpc-default-executor-2] INFO  impl.RaftServerImpl (RaftServerImpl.java:lambda$shutdown$3(251)) - c87755eb-8f71-406d-9b39-c7913bad0d26@group-56DF3521027A: shutdown
2019-10-01 20:22:10,486 [grpc-default-executor-2] INFO  util.JmxRegister (JmxRegister.java:unregister(73)) - Successfully un-registered JMX Bean with object name Ratis:service=RaftServer,group=group-56DF3521027A,id=c87755eb-8f71-406d-9b39-c7913bad0d26
2019-10-01 20:22:10,486 [grpc-default-executor-2] INFO  impl.RoleInfo (RoleInfo.java:shutdownLeaderState(104)) - c87755eb-8f71-406d-9b39-c7913bad0d26: shutdown LeaderState
2019-10-01 20:22:10,489 [org.apache.ratis.server.impl.LogAppender$AppenderDaemon$$Lambda$503/498285707@6a1d496a] WARN  server.GrpcLogAppender (GrpcLogAppender.java:mayWait(143)) - c87755eb-8f71-406d-9b39-c7913bad0d26@group-56DF3521027A->dd72838a-f206-4369-be48-6b1e036e4dac-GrpcLogAppender: Wait interrupted by java.lang.InterruptedException
2019-10-01 20:22:10,489 [grpc-default-executor-2] INFO  impl.PendingRequests (PendingRequests.java:sendNotLeaderResponses(202)) - c87755eb-8f71-406d-9b39-c7913bad0d26-PendingRequests: sendNotLeaderResponses
2019-10-01 20:22:10,490 [org.apache.ratis.server.impl.LogAppender$AppenderDaemon$$Lambda$503/498285707@7dce5c01] WARN  server.GrpcLogAppender (GrpcLogAppender.java:mayWait(143)) - c87755eb-8f71-406d-9b39-c7913bad0d26@group-56DF3521027A->28af574d-2172-4d1d-8894-6c49f9cc6298-GrpcLogAppender: Wait interrupted by java.lang.InterruptedException
2019-10-01 20:22:10,491 [grpc-default-executor-11] INFO  server.GrpcServerProtocolService (GrpcServerProtocolService.java:onCompleted(113)) - dd72838a-f206-4369-be48-6b1e036e4dac: Completed APPEND_ENTRIES, lastRequest: c87755eb-8f71-406d-9b39-c7913bad0d26->dd72838a-f206-4369-be48-6b1e036e4dac#29-t1, previous=(t:1, i:2), leaderCommit=0, initializing? false, entries: <empty>
2019-10-01 20:22:10,492 [grpc-default-executor-10] INFO  server.GrpcServerProtocolService (GrpcServerProtocolService.java:onCompleted(113)) - 28af574d-2172-4d1d-8894-6c49f9cc6298: Completed APPEND_ENTRIES, lastRequest: c87755eb-8f71-406d-9b39-c7913bad0d26->28af574d-2172-4d1d-8894-6c49f9cc6298#29-t1, previous=(t:1, i:2), leaderCommit=0, initializing? false, entries: <empty>
2019-10-01 20:22:10,493 [grpc-default-executor-2] INFO  impl.StateMachineUpdater (StateMachineUpdater.java:stopAndJoin(125)) - c87755eb-8f71-406d-9b39-c7913bad0d26@group-56DF3521027A-StateMachineUpdater: set stopIndex = 0
2019-10-01 20:22:10,493 [grpc-default-executor-4] INFO  server.GrpcLogAppender (GrpcLogAppender.java:onCompleted(293)) - c87755eb-8f71-406d-9b39-c7913bad0d26@group-56DF3521027A->dd72838a-f206-4369-be48-6b1e036e4dac-AppendLogResponseHandler: follower responses appendEntries COMPLETED
2019-10-01 20:22:10,493 [grpc-default-executor-11] INFO  server.GrpcLogAppender (GrpcLogAppender.java:onCompleted(293)) - c87755eb-8f71-406d-9b39-c7913bad0d26@group-56DF3521027A->28af574d-2172-4d1d-8894-6c49f9cc6298-AppendLogResponseHandler: follower responses appendEntries COMPLETED
2019-10-01 20:22:10,493 [grpc-default-executor-2] INFO  impl.RaftServerImpl (ServerState.java:close(385)) - c87755eb-8f71-406d-9b39-c7913bad0d26@group-56DF3521027A: closes. applyIndex: 0
2019-10-01 20:22:10,495 [grpc-default-executor-4] INFO  impl.FollowerInfo (FollowerInfo.java:lambda$new$0(51)) - c87755eb-8f71-406d-9b39-c7913bad0d26@group-56DF3521027A->dd72838a-f206-4369-be48-6b1e036e4dac: nextIndex: updateUnconditionally 3 -> 2
2019-10-01 20:22:10,495 [c87755eb-8f71-406d-9b39-c7913bad0d26@group-56DF3521027A-SegmentedRaftLogWorker] INFO  segmented.SegmentedRaftLogWorker (SegmentedRaftLogWorker.java:run(313)) - c87755eb-8f71-406d-9b39-c7913bad0d26@group-56DF3521027A-SegmentedRaftLogWorker was interrupted, exiting. There are 0 tasks remaining in the queue.
2019-10-01 20:22:10,495 [grpc-default-executor-11] INFO  impl.FollowerInfo (FollowerInfo.java:lambda$new$0(51)) - c87755eb-8f71-406d-9b39-c7913bad0d26@group-56DF3521027A->28af574d-2172-4d1d-8894-6c49f9cc6298: nextIndex: updateUnconditionally 3 -> 2
2019-10-01 20:22:10,496 [grpc-default-executor-2] INFO  segmented.SegmentedRaftLogWorker (SegmentedRaftLogWorker.java:close(228)) - c87755eb-8f71-406d-9b39-c7913bad0d26@group-56DF3521027A-SegmentedRaftLogWorker close()
2019-10-01 20:22:10,502 [grpc-default-executor-2] INFO  impl.RaftServerProxy (RaftServerProxy.java:remove(95)) - 28af574d-2172-4d1d-8894-6c49f9cc6298: remove  FOLLOWER 28af574d-2172-4d1d-8894-6c49f9cc6298@group-56DF3521027A:t1, leader=c87755eb-8f71-406d-9b39-c7913bad0d26, voted=c87755eb-8f71-406d-9b39-c7913bad0d26, raftlog=28af574d-2172-4d1d-8894-6c49f9cc6298@group-56DF3521027A-SegmentedRaftLog:OPENED:c0,f2,i2, conf=0: [28af574d-2172-4d1d-8894-6c49f9cc6298:192.168.151.103:43956, dd72838a-f206-4369-be48-6b1e036e4dac:192.168.151.103:34429, c87755eb-8f71-406d-9b39-c7913bad0d26:192.168.151.103:42498], old=null RUNNING
2019-10-01 20:22:10,502 [grpc-default-executor-2] INFO  impl.RaftServerImpl (RaftServerImpl.java:lambda$shutdown$3(251)) - 28af574d-2172-4d1d-8894-6c49f9cc6298@group-56DF3521027A: shutdown
2019-10-01 20:22:10,503 [grpc-default-executor-2] INFO  util.JmxRegister (JmxRegister.java:unregister(73)) - Successfully un-registered JMX Bean with object name Ratis:service=RaftServer,group=group-56DF3521027A,id=28af574d-2172-4d1d-8894-6c49f9cc6298
2019-10-01 20:22:10,503 [grpc-default-executor-2] INFO  impl.RoleInfo (RoleInfo.java:shutdownFollowerState(121)) - 28af574d-2172-4d1d-8894-6c49f9cc6298: shutdown FollowerState
2019-10-01 20:22:10,503 [grpc-default-executor-2] INFO  impl.StateMachineUpdater (StateMachineUpdater.java:stopAndJoin(125)) - 28af574d-2172-4d1d-8894-6c49f9cc6298@group-56DF3521027A-StateMachineUpdater: set stopIndex = 0
2019-10-01 20:22:10,503 [Thread-1075] INFO  impl.FollowerState (FollowerState.java:run(115)) - 28af574d-2172-4d1d-8894-6c49f9cc6298: FollowerState was interrupted: java.lang.InterruptedException: sleep interrupted
2019-10-01 20:22:10,512 [grpc-default-executor-2] INFO  impl.RaftServerImpl (ServerState.java:close(385)) - 28af574d-2172-4d1d-8894-6c49f9cc6298@group-56DF3521027A: closes. applyIndex: 0
2019-10-01 20:22:10,514 [28af574d-2172-4d1d-8894-6c49f9cc6298@group-56DF3521027A-SegmentedRaftLogWorker] INFO  segmented.SegmentedRaftLogWorker (SegmentedRaftLogWorker.java:run(313)) - 28af574d-2172-4d1d-8894-6c49f9cc6298@group-56DF3521027A-SegmentedRaftLogWorker was interrupted, exiting. There are 0 tasks remaining in the queue.
2019-10-01 20:22:10,515 [grpc-default-executor-2] INFO  segmented.SegmentedRaftLogWorker (SegmentedRaftLogWorker.java:close(228)) - 28af574d-2172-4d1d-8894-6c49f9cc6298@group-56DF3521027A-SegmentedRaftLogWorker close()
2019-10-01 20:22:10,562 [grpc-default-executor-2] INFO  interfaces.Container (KeyValueContainer.java:flushAndSyncDB(386)) - Container 6 is synced with bcsId 0.
2019-10-01 20:22:10,562 [grpc-default-executor-2] INFO  interfaces.Container (KeyValueContainer.java:flushAndSyncDB(386)) - Container 6 is synced with bcsId 0.
2019-10-01 20:22:10,578 [RatisPipelineUtilsThread] INFO  pipeline.PipelineStateManager (PipelineStateManager.java:removePipeline(108)) - Pipeline Pipeline[ Id: f5bb7992-9b36-4470-8487-56df3521027a, Nodes: dd72838a-f206-4369-be48-6b1e036e4dac{ip: 192.168.151.103, host: pr-trunk-878pl-325597374, networkLocation: /default-rack, certSerialId: null}c87755eb-8f71-406d-9b39-c7913bad0d26{ip: 192.168.151.103, host: pr-trunk-878pl-325597374, networkLocation: /default-rack, certSerialId: null}28af574d-2172-4d1d-8894-6c49f9cc6298{ip: 192.168.151.103, host: pr-trunk-878pl-325597374, networkLocation: /default-rack, certSerialId: null}, Type:RATIS, Factor:THREE, State:CLOSED] removed from db
2019-10-01 20:22:10,581 [grpc-default-executor-2] INFO  impl.RaftServerProxy (RaftServerProxy.java:remove(95)) - dd72838a-f206-4369-be48-6b1e036e4dac: remove group-56DF3521027A:null
2019-10-01 20:22:10,586 [RatisPipelineUtilsThread] WARN  pipeline.RatisPipelineUtils (RatisPipelineUtils.java:destroyPipeline(67)) - Pipeline destroy failed for pipeline=PipelineID=f5bb7992-9b36-4470-8487-56df3521027a dn=dd72838a-f206-4369-be48-6b1e036e4dac{ip: 192.168.151.103, host: pr-trunk-878pl-325597374, networkLocation: /default-rack, certSerialId: null}
2019-10-01 20:22:10,589 [grpc-default-executor-2] INFO  impl.RaftServerProxy (RaftServerProxy.java:remove(95)) - c87755eb-8f71-406d-9b39-c7913bad0d26: remove group-56DF3521027A:null
2019-10-01 20:22:10,592 [RatisPipelineUtilsThread] WARN  pipeline.RatisPipelineUtils (RatisPipelineUtils.java:destroyPipeline(67)) - Pipeline destroy failed for pipeline=PipelineID=f5bb7992-9b36-4470-8487-56df3521027a dn=c87755eb-8f71-406d-9b39-c7913bad0d26{ip: 192.168.151.103, host: pr-trunk-878pl-325597374, networkLocation: /default-rack, certSerialId: null}
2019-10-01 20:22:10,594 [grpc-default-executor-2] INFO  impl.RaftServerProxy (RaftServerProxy.java:remove(95)) - 28af574d-2172-4d1d-8894-6c49f9cc6298: remove group-56DF3521027A:null
2019-10-01 20:22:10,600 [RatisPipelineUtilsThread] WARN  pipeline.RatisPipelineUtils (RatisPipelineUtils.java:destroyPipeline(67)) - Pipeline destroy failed for pipeline=PipelineID=f5bb7992-9b36-4470-8487-56df3521027a dn=28af574d-2172-4d1d-8894-6c49f9cc6298{ip: 192.168.151.103, host: pr-trunk-878pl-325597374, networkLocation: /default-rack, certSerialId: null}
2019-10-01 20:22:10,600 [RatisPipelineUtilsThread] ERROR pipeline.SCMPipelineManager (Scheduler.java:lambda$schedule$1(70)) - Destroy pipeline failed for pipeline:Pipeline[ Id: f5bb7992-9b36-4470-8487-56df3521027a, Nodes: dd72838a-f206-4369-be48-6b1e036e4dac{ip: 192.168.151.103, host: pr-trunk-878pl-325597374, networkLocation: /default-rack, certSerialId: null}c87755eb-8f71-406d-9b39-c7913bad0d26{ip: 192.168.151.103, host: pr-trunk-878pl-325597374, networkLocation: /default-rack, certSerialId: null}28af574d-2172-4d1d-8894-6c49f9cc6298{ip: 192.168.151.103, host: pr-trunk-878pl-325597374, networkLocation: /default-rack, certSerialId: null}, Type:RATIS, Factor:THREE, State:CLOSED]
org.apache.hadoop.hdds.scm.pipeline.PipelineNotFoundException: PipelineID=f5bb7992-9b36-4470-8487-56df3521027a not found
	at org.apache.hadoop.hdds.scm.pipeline.PipelineStateMap.getPipeline(PipelineStateMap.java:132)
	at org.apache.hadoop.hdds.scm.pipeline.PipelineStateMap.removePipeline(PipelineStateMap.java:322)
	at org.apache.hadoop.hdds.scm.pipeline.PipelineStateManager.removePipeline(PipelineStateManager.java:107)
	at org.apache.hadoop.hdds.scm.pipeline.SCMPipelineManager.removePipeline(SCMPipelineManager.java:427)
	at org.apache.hadoop.hdds.scm.pipeline.SCMPipelineManager.destroyPipeline(SCMPipelineManager.java:413)
	at org.apache.hadoop.hdds.scm.pipeline.SCMPipelineManager.lambda$finalizeAndDestroyPipeline$0(SCMPipelineManager.java:322)
	at org.apache.hadoop.hdds.utils.Scheduler.lambda$schedule$1(Scheduler.java:68)
	at java.util.concurrent.Executors$RunnableAdapter.call(Executors.java:511)
	at java.util.concurrent.FutureTask.run(FutureTask.java:266)
	at java.util.concurrent.ScheduledThreadPoolExecutor$ScheduledFutureTask.access$201(ScheduledThreadPoolExecutor.java:180)
	at java.util.concurrent.ScheduledThreadPoolExecutor$ScheduledFutureTask.run(ScheduledThreadPoolExecutor.java:293)
	at java.util.concurrent.ThreadPoolExecutor.runWorker(ThreadPoolExecutor.java:1149)
	at java.util.concurrent.ThreadPoolExecutor$Worker.run(ThreadPoolExecutor.java:624)
	at java.lang.Thread.run(Thread.java:748)
2019-10-01 20:22:10,606 [grpc-default-executor-11] INFO  impl.RaftServerProxy (RaftServerProxy.java:addNew(89)) - c87755eb-8f71-406d-9b39-c7913bad0d26: addNew group-011C589887C5:[28af574d-2172-4d1d-8894-6c49f9cc6298:192.168.151.103:43956, dd72838a-f206-4369-be48-6b1e036e4dac:192.168.151.103:34429, c87755eb-8f71-406d-9b39-c7913bad0d26:192.168.151.103:42498] returns group-011C589887C5:java.util.concurrent.CompletableFuture@3320dde3[Not completed]
2019-10-01 20:22:10,606 [grpc-default-executor-2] INFO  impl.RaftServerProxy (RaftServerProxy.java:addNew(89)) - dd72838a-f206-4369-be48-6b1e036e4dac: addNew group-011C589887C5:[28af574d-2172-4d1d-8894-6c49f9cc6298:192.168.151.103:43956, dd72838a-f206-4369-be48-6b1e036e4dac:192.168.151.103:34429, c87755eb-8f71-406d-9b39-c7913bad0d26:192.168.151.103:42498] returns group-011C589887C5:java.util.concurrent.CompletableFuture@2d56b78[Not completed]
2019-10-01 20:22:10,608 [grpc-default-executor-4] INFO  impl.RaftServerProxy (RaftServerProxy.java:addNew(89)) - 28af574d-2172-4d1d-8894-6c49f9cc6298: addNew group-011C589887C5:[28af574d-2172-4d1d-8894-6c49f9cc6298:192.168.151.103:43956, dd72838a-f206-4369-be48-6b1e036e4dac:192.168.151.103:34429, c87755eb-8f71-406d-9b39-c7913bad0d26:192.168.151.103:42498] returns group-011C589887C5:java.util.concurrent.CompletableFuture@36182b64[Not completed]
2019-10-01 20:22:10,609 [pool-37-thread-1] INFO  impl.RaftServerImpl (RaftServerImpl.java:<init>(95)) - dd72838a-f206-4369-be48-6b1e036e4dac: new RaftServerImpl for group-011C589887C5:[28af574d-2172-4d1d-8894-6c49f9cc6298:192.168.151.103:43956, dd72838a-f206-4369-be48-6b1e036e4dac:192.168.151.103:34429, c87755eb-8f71-406d-9b39-c7913bad0d26:192.168.151.103:42498] with ContainerStateMachine:uninitialized
2019-10-01 20:22:10,609 [pool-37-thread-1] INFO  server.RaftServerConfigKeys (ConfUtils.java:logGet(43)) - raft.server.rpc.timeout.min = 5s (custom)
2019-10-01 20:22:10,609 [pool-37-thread-1] INFO  server.RaftServerConfigKeys (ConfUtils.java:logGet(43)) - raft.server.rpc.timeout.max = 5200ms (custom)
2019-10-01 20:22:10,609 [pool-37-thread-1] INFO  server.RaftServerConfigKeys (ConfUtils.java:logGet(43)) - raft.server.rpcslowness.timeout = 120s (custom)
2019-10-01 20:22:10,609 [pool-37-thread-1] INFO  server.RaftServerConfigKeys (ConfUtils.java:logGet(43)) - raft.server.sleep.deviation.threshold = 300 (default)
2019-10-01 20:22:10,609 [pool-37-thread-1] INFO  server.RaftServerConfigKeys (ConfUtils.java:logGet(43)) - raft.server.log.appender.install.snapshot.enabled = false (custom)
2019-10-01 20:22:10,610 [pool-68-thread-1] INFO  impl.RaftServerImpl (RaftServerImpl.java:<init>(95)) - 28af574d-2172-4d1d-8894-6c49f9cc6298: new RaftServerImpl for group-011C589887C5:[28af574d-2172-4d1d-8894-6c49f9cc6298:192.168.151.103:43956, dd72838a-f206-4369-be48-6b1e036e4dac:192.168.151.103:34429, c87755eb-8f71-406d-9b39-c7913bad0d26:192.168.151.103:42498] with ContainerStateMachine:uninitialized
2019-10-01 20:22:10,610 [pool-37-thread-1] INFO  impl.RaftServerImpl (ServerState.java:<init>(103)) - dd72838a-f206-4369-be48-6b1e036e4dac@group-011C589887C5: ConfigurationManager, init=-1: [28af574d-2172-4d1d-8894-6c49f9cc6298:192.168.151.103:43956, dd72838a-f206-4369-be48-6b1e036e4dac:192.168.151.103:34429, c87755eb-8f71-406d-9b39-c7913bad0d26:192.168.151.103:42498], old=null, confs=<EMPTY_MAP>
2019-10-01 20:22:10,610 [pool-68-thread-1] INFO  server.RaftServerConfigKeys (ConfUtils.java:logGet(43)) - raft.server.rpc.timeout.min = 5s (custom)
2019-10-01 20:22:10,610 [pool-37-thread-1] INFO  server.RaftServerConfigKeys (ConfUtils.java:logGet(43)) - raft.server.storage.dir = [/workdir/hadoop-ozone/ozonefs/target/test-dir/MiniOzoneClusterImpl-cc9961a9-1b1a-49c1-80c6-6d48514b4463/datanode-1/data/ratis] (custom)
2019-10-01 20:22:10,610 [pool-68-thread-1] INFO  server.RaftServerConfigKeys (ConfUtils.java:logGet(43)) - raft.server.rpc.timeout.max = 5200ms (custom)
2019-10-01 20:22:10,610 [pool-68-thread-1] INFO  server.RaftServerConfigKeys (ConfUtils.java:logGet(43)) - raft.server.rpcslowness.timeout = 120s (custom)
2019-10-01 20:22:10,610 [pool-68-thread-1] INFO  server.RaftServerConfigKeys (ConfUtils.java:logGet(43)) - raft.server.sleep.deviation.threshold = 300 (default)
2019-10-01 20:22:10,610 [pool-68-thread-1] INFO  server.RaftServerConfigKeys (ConfUtils.java:logGet(43)) - raft.server.log.appender.install.snapshot.enabled = false (custom)
2019-10-01 20:22:10,610 [pool-37-thread-1] INFO  storage.RaftStorageDirectory (RaftStorageDirectory.java:analyzeStorage(246)) - The storage directory /workdir/hadoop-ozone/ozonefs/target/test-dir/MiniOzoneClusterImpl-cc9961a9-1b1a-49c1-80c6-6d48514b4463/datanode-1/data/ratis/f25cde1e-97ea-4caf-86f6-011c589887c5 does not exist. Creating ...
2019-10-01 20:22:10,610 [pool-68-thread-1] INFO  impl.RaftServerImpl (ServerState.java:<init>(103)) - 28af574d-2172-4d1d-8894-6c49f9cc6298@group-011C589887C5: ConfigurationManager, init=-1: [28af574d-2172-4d1d-8894-6c49f9cc6298:192.168.151.103:43956, dd72838a-f206-4369-be48-6b1e036e4dac:192.168.151.103:34429, c87755eb-8f71-406d-9b39-c7913bad0d26:192.168.151.103:42498], old=null, confs=<EMPTY_MAP>
2019-10-01 20:22:10,610 [pool-47-thread-1] INFO  impl.RaftServerImpl (RaftServerImpl.java:<init>(95)) - c87755eb-8f71-406d-9b39-c7913bad0d26: new RaftServerImpl for group-011C589887C5:[28af574d-2172-4d1d-8894-6c49f9cc6298:192.168.151.103:43956, dd72838a-f206-4369-be48-6b1e036e4dac:192.168.151.103:34429, c87755eb-8f71-406d-9b39-c7913bad0d26:192.168.151.103:42498] with ContainerStateMachine:uninitialized
2019-10-01 20:22:10,610 [pool-68-thread-1] INFO  server.RaftServerConfigKeys (ConfUtils.java:logGet(43)) - raft.server.storage.dir = [/workdir/hadoop-ozone/ozonefs/target/test-dir/MiniOzoneClusterImpl-cc9961a9-1b1a-49c1-80c6-6d48514b4463/datanode-4/data/ratis] (custom)
2019-10-01 20:22:10,610 [pool-47-thread-1] INFO  server.RaftServerConfigKeys (ConfUtils.java:logGet(43)) - raft.server.rpc.timeout.min = 5s (custom)
2019-10-01 20:22:10,611 [pool-47-thread-1] INFO  server.RaftServerConfigKeys (ConfUtils.java:logGet(43)) - raft.server.rpc.timeout.max = 5200ms (custom)
2019-10-01 20:22:10,611 [pool-68-thread-1] INFO  storage.RaftStorageDirectory (RaftStorageDirectory.java:analyzeStorage(246)) - The storage directory /workdir/hadoop-ozone/ozonefs/target/test-dir/MiniOzoneClusterImpl-cc9961a9-1b1a-49c1-80c6-6d48514b4463/datanode-4/data/ratis/f25cde1e-97ea-4caf-86f6-011c589887c5 does not exist. Creating ...
2019-10-01 20:22:10,611 [pool-47-thread-1] INFO  server.RaftServerConfigKeys (ConfUtils.java:logGet(43)) - raft.server.rpcslowness.timeout = 120s (custom)
2019-10-01 20:22:10,611 [pool-47-thread-1] INFO  server.RaftServerConfigKeys (ConfUtils.java:logGet(43)) - raft.server.sleep.deviation.threshold = 300 (default)
2019-10-01 20:22:10,611 [pool-47-thread-1] INFO  server.RaftServerConfigKeys (ConfUtils.java:logGet(43)) - raft.server.log.appender.install.snapshot.enabled = false (custom)
2019-10-01 20:22:10,611 [pool-47-thread-1] INFO  impl.RaftServerImpl (ServerState.java:<init>(103)) - c87755eb-8f71-406d-9b39-c7913bad0d26@group-011C589887C5: ConfigurationManager, init=-1: [28af574d-2172-4d1d-8894-6c49f9cc6298:192.168.151.103:43956, dd72838a-f206-4369-be48-6b1e036e4dac:192.168.151.103:34429, c87755eb-8f71-406d-9b39-c7913bad0d26:192.168.151.103:42498], old=null, confs=<EMPTY_MAP>
2019-10-01 20:22:10,611 [pool-47-thread-1] INFO  server.RaftServerConfigKeys (ConfUtils.java:logGet(43)) - raft.server.storage.dir = [/workdir/hadoop-ozone/ozonefs/target/test-dir/MiniOzoneClusterImpl-cc9961a9-1b1a-49c1-80c6-6d48514b4463/datanode-2/data/ratis] (custom)
2019-10-01 20:22:10,611 [pool-47-thread-1] INFO  storage.RaftStorageDirectory (RaftStorageDirectory.java:analyzeStorage(246)) - The storage directory /workdir/hadoop-ozone/ozonefs/target/test-dir/MiniOzoneClusterImpl-cc9961a9-1b1a-49c1-80c6-6d48514b4463/datanode-2/data/ratis/f25cde1e-97ea-4caf-86f6-011c589887c5 does not exist. Creating ...
2019-10-01 20:22:10,624 [pool-68-thread-1] INFO  storage.RaftStorageDirectory (RaftStorageDirectory.java:tryLock(328)) - Lock on /workdir/hadoop-ozone/ozonefs/target/test-dir/MiniOzoneClusterImpl-cc9961a9-1b1a-49c1-80c6-6d48514b4463/datanode-4/data/ratis/f25cde1e-97ea-4caf-86f6-011c589887c5/in_use.lock acquired by nodename 29826@pr-trunk-878pl-325597374
2019-10-01 20:22:10,624 [pool-37-thread-1] INFO  storage.RaftStorageDirectory (RaftStorageDirectory.java:tryLock(328)) - Lock on /workdir/hadoop-ozone/ozonefs/target/test-dir/MiniOzoneClusterImpl-cc9961a9-1b1a-49c1-80c6-6d48514b4463/datanode-1/data/ratis/f25cde1e-97ea-4caf-86f6-011c589887c5/in_use.lock acquired by nodename 29826@pr-trunk-878pl-325597374
2019-10-01 20:22:10,624 [pool-47-thread-1] INFO  storage.RaftStorageDirectory (RaftStorageDirectory.java:tryLock(328)) - Lock on /workdir/hadoop-ozone/ozonefs/target/test-dir/MiniOzoneClusterImpl-cc9961a9-1b1a-49c1-80c6-6d48514b4463/datanode-2/data/ratis/f25cde1e-97ea-4caf-86f6-011c589887c5/in_use.lock acquired by nodename 29826@pr-trunk-878pl-325597374
2019-10-01 20:22:10,628 [pool-68-thread-1] INFO  storage.RaftStorage (RaftStorage.java:format(72)) - Storage directory /workdir/hadoop-ozone/ozonefs/target/test-dir/MiniOzoneClusterImpl-cc9961a9-1b1a-49c1-80c6-6d48514b4463/datanode-4/data/ratis/f25cde1e-97ea-4caf-86f6-011c589887c5 has been successfully formatted.
2019-10-01 20:22:10,628 [pool-37-thread-1] INFO  storage.RaftStorage (RaftStorage.java:format(72)) - Storage directory /workdir/hadoop-ozone/ozonefs/target/test-dir/MiniOzoneClusterImpl-cc9961a9-1b1a-49c1-80c6-6d48514b4463/datanode-1/data/ratis/f25cde1e-97ea-4caf-86f6-011c589887c5 has been successfully formatted.
2019-10-01 20:22:10,628 [pool-47-thread-1] INFO  storage.RaftStorage (RaftStorage.java:format(72)) - Storage directory /workdir/hadoop-ozone/ozonefs/target/test-dir/MiniOzoneClusterImpl-cc9961a9-1b1a-49c1-80c6-6d48514b4463/datanode-2/data/ratis/f25cde1e-97ea-4caf-86f6-011c589887c5 has been successfully formatted.
2019-10-01 20:22:10,628 [pool-68-thread-1] INFO  ratis.ContainerStateMachine (ContainerStateMachine.java:loadSnapshot(231)) - group-011C589887C5: The snapshot info is null. Setting the last applied indexto:(t:0, i:~)
2019-10-01 20:22:10,628 [pool-47-thread-1] INFO  ratis.ContainerStateMachine (ContainerStateMachine.java:loadSnapshot(231)) - group-011C589887C5: The snapshot info is null. Setting the last applied indexto:(t:0, i:~)
2019-10-01 20:22:10,628 [pool-37-thread-1] INFO  ratis.ContainerStateMachine (ContainerStateMachine.java:loadSnapshot(231)) - group-011C589887C5: The snapshot info is null. Setting the last applied indexto:(t:0, i:~)
2019-10-01 20:22:10,628 [pool-47-thread-1] INFO  server.RaftServerConfigKeys (ConfUtils.java:logGet(43)) - raft.server.notification.no-leader.timeout = 120s (custom)
2019-10-01 20:22:10,628 [pool-68-thread-1] INFO  server.RaftServerConfigKeys (ConfUtils.java:logGet(43)) - raft.server.notification.no-leader.timeout = 120s (custom)
2019-10-01 20:22:10,628 [pool-47-thread-1] INFO  server.RaftServerConfigKeys (ConfUtils.java:logGet(43)) - raft.server.log.use.memory = false (default)
2019-10-01 20:22:10,628 [pool-37-thread-1] INFO  server.RaftServerConfigKeys (ConfUtils.java:logGet(43)) - raft.server.notification.no-leader.timeout = 120s (custom)
2019-10-01 20:22:10,629 [pool-47-thread-1] INFO  server.RaftServerConfigKeys (ConfUtils.java:logGet(43)) - raft.server.log.purge.gap = 1000000 (custom)
2019-10-01 20:22:10,628 [pool-68-thread-1] INFO  server.RaftServerConfigKeys (ConfUtils.java:logGet(43)) - raft.server.log.use.memory = false (default)
2019-10-01 20:22:10,629 [pool-47-thread-1] INFO  server.RaftServerConfigKeys (ConfUtils.java:logGet(43)) - raft.server.log.appender.buffer.byte-limit = 33554432 (custom)
2019-10-01 20:22:10,629 [pool-37-thread-1] INFO  server.RaftServerConfigKeys (ConfUtils.java:logGet(43)) - raft.server.log.use.memory = false (default)
2019-10-01 20:22:10,629 [pool-47-thread-1] INFO  server.RaftServerConfigKeys (ConfUtils.java:logGet(43)) - raft.server.log.segment.size.max = 1048576 (custom)
2019-10-01 20:22:10,629 [pool-68-thread-1] INFO  server.RaftServerConfigKeys (ConfUtils.java:logGet(43)) - raft.server.log.purge.gap = 1000000 (custom)
2019-10-01 20:22:10,629 [pool-47-thread-1] INFO  server.RaftServerConfigKeys (ConfUtils.java:logGet(43)) - raft.server.log.segment.cache.num.max = 2 (custom)
2019-10-01 20:22:10,629 [pool-37-thread-1] INFO  server.RaftServerConfigKeys (ConfUtils.java:logGet(43)) - raft.server.log.purge.gap = 1000000 (custom)
2019-10-01 20:22:10,629 [pool-47-thread-1] INFO  segmented.SegmentedRaftLogWorker (SegmentedRaftLogWorker.java:<init>(172)) - new c87755eb-8f71-406d-9b39-c7913bad0d26@group-011C589887C5-SegmentedRaftLogWorker for RaftStorage:Storage Directory /workdir/hadoop-ozone/ozonefs/target/test-dir/MiniOzoneClusterImpl-cc9961a9-1b1a-49c1-80c6-6d48514b4463/datanode-2/data/ratis/f25cde1e-97ea-4caf-86f6-011c589887c5
2019-10-01 20:22:10,629 [pool-68-thread-1] INFO  server.RaftServerConfigKeys (ConfUtils.java:logGet(43)) - raft.server.log.appender.buffer.byte-limit = 33554432 (custom)
2019-10-01 20:22:10,629 [pool-47-thread-1] INFO  server.RaftServerConfigKeys (ConfUtils.java:logGet(43)) - raft.server.log.queue.byte-limit = 2147483647 (custom)
2019-10-01 20:22:10,629 [pool-37-thread-1] INFO  server.RaftServerConfigKeys (ConfUtils.java:logGet(43)) - raft.server.log.appender.buffer.byte-limit = 33554432 (custom)
2019-10-01 20:22:10,630 [pool-47-thread-1] INFO  server.RaftServerConfigKeys (ConfUtils.java:logGet(43)) - raft.server.log.queue.element-limit = 1024 (custom)
2019-10-01 20:22:10,629 [pool-68-thread-1] INFO  server.RaftServerConfigKeys (ConfUtils.java:logGet(43)) - raft.server.log.segment.size.max = 1048576 (custom)
2019-10-01 20:22:10,630 [pool-47-thread-1] INFO  server.RaftServerConfigKeys (ConfUtils.java:logGet(43)) - raft.server.log.segment.size.max = 1048576 (custom)
2019-10-01 20:22:10,630 [pool-37-thread-1] INFO  server.RaftServerConfigKeys (ConfUtils.java:logGet(43)) - raft.server.log.segment.size.max = 1048576 (custom)
2019-10-01 20:22:10,630 [pool-47-thread-1] INFO  server.RaftServerConfigKeys (ConfUtils.java:logGet(43)) - raft.server.log.preallocated.size = 16384 (custom)
2019-10-01 20:22:10,630 [pool-68-thread-1] INFO  server.RaftServerConfigKeys (ConfUtils.java:logGet(43)) - raft.server.log.segment.cache.num.max = 2 (custom)
2019-10-01 20:22:10,630 [pool-47-thread-1] INFO  server.RaftServerConfigKeys (ConfUtils.java:logGet(43)) - raft.server.log.write.buffer.size = 33554432 (custom)
2019-10-01 20:22:10,630 [pool-37-thread-1] INFO  server.RaftServerConfigKeys (ConfUtils.java:logGet(43)) - raft.server.log.segment.cache.num.max = 2 (custom)
2019-10-01 20:22:10,630 [pool-47-thread-1] INFO  server.RaftServerConfigKeys (ConfUtils.java:logGet(43)) - raft.server.log.force.sync.num = 128 (default)
2019-10-01 20:22:10,630 [pool-68-thread-1] INFO  segmented.SegmentedRaftLogWorker (SegmentedRaftLogWorker.java:<init>(172)) - new 28af574d-2172-4d1d-8894-6c49f9cc6298@group-011C589887C5-SegmentedRaftLogWorker for RaftStorage:Storage Directory /workdir/hadoop-ozone/ozonefs/target/test-dir/MiniOzoneClusterImpl-cc9961a9-1b1a-49c1-80c6-6d48514b4463/datanode-4/data/ratis/f25cde1e-97ea-4caf-86f6-011c589887c5
2019-10-01 20:22:10,630 [pool-47-thread-1] INFO  server.RaftServerConfigKeys (ConfUtils.java:logGet(43)) - raft.server.log.statemachine.data.sync = true (default)
2019-10-01 20:22:10,630 [pool-37-thread-1] INFO  segmented.SegmentedRaftLogWorker (SegmentedRaftLogWorker.java:<init>(172)) - new dd72838a-f206-4369-be48-6b1e036e4dac@group-011C589887C5-SegmentedRaftLogWorker for RaftStorage:Storage Directory /workdir/hadoop-ozone/ozonefs/target/test-dir/MiniOzoneClusterImpl-cc9961a9-1b1a-49c1-80c6-6d48514b4463/datanode-1/data/ratis/f25cde1e-97ea-4caf-86f6-011c589887c5
2019-10-01 20:22:10,631 [pool-47-thread-1] INFO  server.RaftServerConfigKeys (ConfUtils.java:logGet(43)) - raft.server.log.statemachine.data.sync.timeout = 10s (default)
2019-10-01 20:22:10,630 [pool-68-thread-1] INFO  server.RaftServerConfigKeys (ConfUtils.java:logGet(43)) - raft.server.log.queue.byte-limit = 2147483647 (custom)
2019-10-01 20:22:10,631 [pool-68-thread-1] INFO  server.RaftServerConfigKeys (ConfUtils.java:logGet(43)) - raft.server.log.queue.element-limit = 1024 (custom)
2019-10-01 20:22:10,631 [pool-47-thread-1] INFO  server.RaftServerConfigKeys (ConfUtils.java:logGet(43)) - raft.server.log.statemachine.data.sync.timeout.retry = -1 (default)
2019-10-01 20:22:10,631 [pool-37-thread-1] INFO  server.RaftServerConfigKeys (ConfUtils.java:logGet(43)) - raft.server.log.queue.byte-limit = 2147483647 (custom)
2019-10-01 20:22:10,631 [pool-47-thread-1] INFO  server.RaftServerConfigKeys (ConfUtils.java:logGet(43)) - raft.server.log.statemachine.data.caching.enabled = true (custom)
2019-10-01 20:22:10,631 [pool-68-thread-1] INFO  server.RaftServerConfigKeys (ConfUtils.java:logGet(43)) - raft.server.log.segment.size.max = 1048576 (custom)
2019-10-01 20:22:10,631 [pool-37-thread-1] INFO  server.RaftServerConfigKeys (ConfUtils.java:logGet(43)) - raft.server.log.queue.element-limit = 1024 (custom)
2019-10-01 20:22:10,631 [pool-47-thread-1] INFO  segmented.SegmentedRaftLogWorker (SegmentedRaftLogWorker.java:lambda$new$0(132)) - c87755eb-8f71-406d-9b39-c7913bad0d26@group-011C589887C5-SegmentedRaftLogWorker: flushIndex: setUnconditionally 0 -> -1
2019-10-01 20:22:10,631 [pool-68-thread-1] INFO  server.RaftServerConfigKeys (ConfUtils.java:logGet(43)) - raft.server.log.preallocated.size = 16384 (custom)
2019-10-01 20:22:10,631 [pool-37-thread-1] INFO  server.RaftServerConfigKeys (ConfUtils.java:logGet(43)) - raft.server.log.segment.size.max = 1048576 (custom)
2019-10-01 20:22:10,631 [pool-47-thread-1] INFO  server.RaftServerConfigKeys (ConfUtils.java:logGet(43)) - raft.server.snapshot.auto.trigger.enabled = true (custom)
2019-10-01 20:22:10,631 [pool-68-thread-1] INFO  server.RaftServerConfigKeys (ConfUtils.java:logGet(43)) - raft.server.log.write.buffer.size = 33554432 (custom)
2019-10-01 20:22:10,632 [pool-47-thread-1] INFO  server.RaftServerConfigKeys (ConfUtils.java:logGet(43)) - raft.server.snapshot.auto.trigger.threshold = 10000 (custom)
2019-10-01 20:22:10,632 [pool-37-thread-1] INFO  server.RaftServerConfigKeys (ConfUtils.java:logGet(43)) - raft.server.log.preallocated.size = 16384 (custom)
2019-10-01 20:22:10,632 [pool-47-thread-1] INFO  server.RaftServerConfigKeys (ConfUtils.java:logGet(43)) - raft.server.snapshot.retention.num.files = 5 (custom)
2019-10-01 20:22:10,632 [pool-68-thread-1] INFO  server.RaftServerConfigKeys (ConfUtils.java:logGet(43)) - raft.server.log.force.sync.num = 128 (default)
2019-10-01 20:22:10,632 [pool-47-thread-1] INFO  server.RaftServerConfigKeys (ConfUtils.java:logGet(43)) - raft.server.retrycache.expirytime = 600000ms (custom)
2019-10-01 20:22:10,632 [pool-37-thread-1] INFO  server.RaftServerConfigKeys (ConfUtils.java:logGet(43)) - raft.server.log.write.buffer.size = 33554432 (custom)
2019-10-01 20:22:10,632 [pool-68-thread-1] INFO  server.RaftServerConfigKeys (ConfUtils.java:logGet(43)) - raft.server.log.statemachine.data.sync = true (default)
2019-10-01 20:22:10,632 [pool-37-thread-1] INFO  server.RaftServerConfigKeys (ConfUtils.java:logGet(43)) - raft.server.log.force.sync.num = 128 (default)
2019-10-01 20:22:10,632 [pool-68-thread-1] INFO  server.RaftServerConfigKeys (ConfUtils.java:logGet(43)) - raft.server.log.statemachine.data.sync.timeout = 10s (default)
2019-10-01 20:22:10,632 [pool-37-thread-1] INFO  server.RaftServerConfigKeys (ConfUtils.java:logGet(43)) - raft.server.log.statemachine.data.sync = true (default)
2019-10-01 20:22:10,632 [pool-68-thread-1] INFO  server.RaftServerConfigKeys (ConfUtils.java:logGet(43)) - raft.server.log.statemachine.data.sync.timeout.retry = -1 (default)
2019-10-01 20:22:10,633 [pool-37-thread-1] INFO  server.RaftServerConfigKeys (ConfUtils.java:logGet(43)) - raft.server.log.statemachine.data.sync.timeout = 10s (default)
2019-10-01 20:22:10,633 [pool-68-thread-1] INFO  server.RaftServerConfigKeys (ConfUtils.java:logGet(43)) - raft.server.log.statemachine.data.caching.enabled = true (custom)
2019-10-01 20:22:10,633 [pool-37-thread-1] INFO  server.RaftServerConfigKeys (ConfUtils.java:logGet(43)) - raft.server.log.statemachine.data.sync.timeout.retry = -1 (default)
2019-10-01 20:22:10,633 [pool-68-thread-1] INFO  segmented.SegmentedRaftLogWorker (SegmentedRaftLogWorker.java:lambda$new$0(132)) - 28af574d-2172-4d1d-8894-6c49f9cc6298@group-011C589887C5-SegmentedRaftLogWorker: flushIndex: setUnconditionally 0 -> -1
2019-10-01 20:22:10,633 [pool-37-thread-1] INFO  server.RaftServerConfigKeys (ConfUtils.java:logGet(43)) - raft.server.log.statemachine.data.caching.enabled = true (custom)
2019-10-01 20:22:10,633 [pool-68-thread-1] INFO  server.RaftServerConfigKeys (ConfUtils.java:logGet(43)) - raft.server.snapshot.auto.trigger.enabled = true (custom)
2019-10-01 20:22:10,633 [pool-68-thread-1] INFO  server.RaftServerConfigKeys (ConfUtils.java:logGet(43)) - raft.server.snapshot.auto.trigger.threshold = 10000 (custom)
2019-10-01 20:22:10,633 [pool-37-thread-1] INFO  segmented.SegmentedRaftLogWorker (SegmentedRaftLogWorker.java:lambda$new$0(132)) - dd72838a-f206-4369-be48-6b1e036e4dac@group-011C589887C5-SegmentedRaftLogWorker: flushIndex: setUnconditionally 0 -> -1
2019-10-01 20:22:10,633 [pool-68-thread-1] INFO  server.RaftServerConfigKeys (ConfUtils.java:logGet(43)) - raft.server.snapshot.retention.num.files = 5 (custom)
2019-10-01 20:22:10,633 [pool-37-thread-1] INFO  server.RaftServerConfigKeys (ConfUtils.java:logGet(43)) - raft.server.snapshot.auto.trigger.enabled = true (custom)
2019-10-01 20:22:10,633 [pool-68-thread-1] INFO  server.RaftServerConfigKeys (ConfUtils.java:logGet(43)) - raft.server.retrycache.expirytime = 600000ms (custom)
2019-10-01 20:22:10,634 [pool-37-thread-1] INFO  server.RaftServerConfigKeys (ConfUtils.java:logGet(43)) - raft.server.snapshot.auto.trigger.threshold = 10000 (custom)
2019-10-01 20:22:10,634 [pool-37-thread-1] INFO  server.RaftServerConfigKeys (ConfUtils.java:logGet(43)) - raft.server.snapshot.retention.num.files = 5 (custom)
2019-10-01 20:22:10,634 [pool-37-thread-1] INFO  server.RaftServerConfigKeys (ConfUtils.java:logGet(43)) - raft.server.retrycache.expirytime = 600000ms (custom)
2019-10-01 20:22:10,634 [pool-47-thread-1] INFO  impl.RaftServerImpl (RaftServerImpl.java:start(185)) - c87755eb-8f71-406d-9b39-c7913bad0d26@group-011C589887C5: start as a follower, conf=-1: [28af574d-2172-4d1d-8894-6c49f9cc6298:192.168.151.103:43956, dd72838a-f206-4369-be48-6b1e036e4dac:192.168.151.103:34429, c87755eb-8f71-406d-9b39-c7913bad0d26:192.168.151.103:42498], old=null
2019-10-01 20:22:10,634 [pool-47-thread-1] INFO  impl.RaftServerImpl (RaftServerImpl.java:setRole(174)) - c87755eb-8f71-406d-9b39-c7913bad0d26@group-011C589887C5: changes role from      null to FOLLOWER at term 0 for startAsFollower
2019-10-01 20:22:10,634 [pool-47-thread-1] INFO  impl.RoleInfo (RoleInfo.java:updateAndGet(143)) - c87755eb-8f71-406d-9b39-c7913bad0d26: start FollowerState
2019-10-01 20:22:10,635 [pool-47-thread-1] INFO  util.JmxRegister (JmxRegister.java:tryRegister(44)) - Successfully registered JMX Bean with object name Ratis:service=RaftServer,group=group-011C589887C5,id=c87755eb-8f71-406d-9b39-c7913bad0d26
2019-10-01 20:22:10,636 [pool-68-thread-1] INFO  impl.RaftServerImpl (RaftServerImpl.java:start(185)) - 28af574d-2172-4d1d-8894-6c49f9cc6298@group-011C589887C5: start as a follower, conf=-1: [28af574d-2172-4d1d-8894-6c49f9cc6298:192.168.151.103:43956, dd72838a-f206-4369-be48-6b1e036e4dac:192.168.151.103:34429, c87755eb-8f71-406d-9b39-c7913bad0d26:192.168.151.103:42498], old=null
2019-10-01 20:22:10,636 [pool-37-thread-1] INFO  impl.RaftServerImpl (RaftServerImpl.java:start(185)) - dd72838a-f206-4369-be48-6b1e036e4dac@group-011C589887C5: start as a follower, conf=-1: [28af574d-2172-4d1d-8894-6c49f9cc6298:192.168.151.103:43956, dd72838a-f206-4369-be48-6b1e036e4dac:192.168.151.103:34429, c87755eb-8f71-406d-9b39-c7913bad0d26:192.168.151.103:42498], old=null
2019-10-01 20:22:10,636 [pool-68-thread-1] INFO  impl.RaftServerImpl (RaftServerImpl.java:setRole(174)) - 28af574d-2172-4d1d-8894-6c49f9cc6298@group-011C589887C5: changes role from      null to FOLLOWER at term 0 for startAsFollower
2019-10-01 20:22:10,636 [pool-37-thread-1] INFO  impl.RaftServerImpl (RaftServerImpl.java:setRole(174)) - dd72838a-f206-4369-be48-6b1e036e4dac@group-011C589887C5: changes role from      null to FOLLOWER at term 0 for startAsFollower
2019-10-01 20:22:10,636 [pool-68-thread-1] INFO  impl.RoleInfo (RoleInfo.java:updateAndGet(143)) - 28af574d-2172-4d1d-8894-6c49f9cc6298: start FollowerState
2019-10-01 20:22:10,637 [pool-37-thread-1] INFO  impl.RoleInfo (RoleInfo.java:updateAndGet(143)) - dd72838a-f206-4369-be48-6b1e036e4dac: start FollowerState
2019-10-01 20:22:10,637 [pool-68-thread-1] INFO  util.JmxRegister (JmxRegister.java:tryRegister(44)) - Successfully registered JMX Bean with object name Ratis:service=RaftServer,group=group-011C589887C5,id=28af574d-2172-4d1d-8894-6c49f9cc6298
2019-10-01 20:22:10,637 [pool-37-thread-1] INFO  util.JmxRegister (JmxRegister.java:tryRegister(44)) - Successfully registered JMX Bean with object name Ratis:service=RaftServer,group=group-011C589887C5,id=dd72838a-f206-4369-be48-6b1e036e4dac
2019-10-01 20:22:10,638 [RatisPipelineUtilsThread] INFO  pipeline.PipelineStateManager (PipelineStateManager.java:addPipeline(56)) - Created pipeline Pipeline[ Id: f25cde1e-97ea-4caf-86f6-011c589887c5, Nodes: dd72838a-f206-4369-be48-6b1e036e4dac{ip: 192.168.151.103, host: pr-trunk-878pl-325597374, networkLocation: /default-rack, certSerialId: null}c87755eb-8f71-406d-9b39-c7913bad0d26{ip: 192.168.151.103, host: pr-trunk-878pl-325597374, networkLocation: /default-rack, certSerialId: null}28af574d-2172-4d1d-8894-6c49f9cc6298{ip: 192.168.151.103, host: pr-trunk-878pl-325597374, networkLocation: /default-rack, certSerialId: null}, Type:RATIS, Factor:THREE, State:OPEN]
2019-10-01 20:22:15,668 [Thread-1287] INFO  impl.FollowerState (FollowerState.java:run(106)) - c87755eb-8f71-406d-9b39-c7913bad0d26:group-011C589887C5 changes to CANDIDATE, lastRpcTime:5033, electionTimeout:5033ms
2019-10-01 20:22:15,669 [Thread-1287] INFO  impl.RoleInfo (RoleInfo.java:shutdownFollowerState(121)) - c87755eb-8f71-406d-9b39-c7913bad0d26: shutdown FollowerState
2019-10-01 20:22:15,669 [Thread-1287] INFO  impl.RaftServerImpl (RaftServerImpl.java:setRole(174)) - c87755eb-8f71-406d-9b39-c7913bad0d26@group-011C589887C5: changes role from  FOLLOWER to CANDIDATE at term 0 for changeToCandidate
2019-10-01 20:22:15,670 [Thread-1287] INFO  impl.RoleInfo (RoleInfo.java:updateAndGet(143)) - c87755eb-8f71-406d-9b39-c7913bad0d26: start LeaderElection
2019-10-01 20:22:15,691 [c87755eb-8f71-406d-9b39-c7913bad0d26@group-011C589887C5:LeaderElection26] INFO  impl.LeaderElection (LeaderElection.java:askForVotes(182)) - c87755eb-8f71-406d-9b39-c7913bad0d26@group-011C589887C5:LeaderElection26: begin an election at term 1 for -1: [28af574d-2172-4d1d-8894-6c49f9cc6298:192.168.151.103:43956, dd72838a-f206-4369-be48-6b1e036e4dac:192.168.151.103:34429, c87755eb-8f71-406d-9b39-c7913bad0d26:192.168.151.103:42498], old=null
2019-10-01 20:22:15,700 [grpc-default-executor-4] INFO  impl.RaftServerImpl (RaftServerImpl.java:setRole(174)) - dd72838a-f206-4369-be48-6b1e036e4dac@group-011C589887C5: changes role from  FOLLOWER to FOLLOWER at term 1 for recognizeCandidate:c87755eb-8f71-406d-9b39-c7913bad0d26
2019-10-01 20:22:15,700 [grpc-default-executor-2] INFO  impl.RaftServerImpl (RaftServerImpl.java:setRole(174)) - 28af574d-2172-4d1d-8894-6c49f9cc6298@group-011C589887C5: changes role from  FOLLOWER to FOLLOWER at term 1 for recognizeCandidate:c87755eb-8f71-406d-9b39-c7913bad0d26
2019-10-01 20:22:15,700 [grpc-default-executor-4] INFO  impl.RoleInfo (RoleInfo.java:shutdownFollowerState(121)) - dd72838a-f206-4369-be48-6b1e036e4dac: shutdown FollowerState
2019-10-01 20:22:15,700 [grpc-default-executor-2] INFO  impl.RoleInfo (RoleInfo.java:shutdownFollowerState(121)) - 28af574d-2172-4d1d-8894-6c49f9cc6298: shutdown FollowerState
2019-10-01 20:22:15,700 [grpc-default-executor-4] INFO  impl.RoleInfo (RoleInfo.java:updateAndGet(143)) - dd72838a-f206-4369-be48-6b1e036e4dac: start FollowerState
2019-10-01 20:22:15,701 [grpc-default-executor-2] INFO  impl.RoleInfo (RoleInfo.java:updateAndGet(143)) - 28af574d-2172-4d1d-8894-6c49f9cc6298: start FollowerState
2019-10-01 20:22:15,701 [Thread-1290] INFO  impl.FollowerState (FollowerState.java:run(115)) - dd72838a-f206-4369-be48-6b1e036e4dac: FollowerState was interrupted: java.lang.InterruptedException: sleep interrupted
2019-10-01 20:22:15,701 [Thread-1289] INFO  impl.FollowerState (FollowerState.java:run(115)) - 28af574d-2172-4d1d-8894-6c49f9cc6298: FollowerState was interrupted: java.lang.InterruptedException: sleep interrupted
2019-10-01 20:22:15,718 [c87755eb-8f71-406d-9b39-c7913bad0d26@group-011C589887C5:LeaderElection26] INFO  impl.LeaderElection (LeaderElection.java:logAndReturn(56)) - c87755eb-8f71-406d-9b39-c7913bad0d26@group-011C589887C5:LeaderElection26: Election PASSED; received 1 response(s) [c87755eb-8f71-406d-9b39-c7913bad0d26<-28af574d-2172-4d1d-8894-6c49f9cc6298#0:OK-t1] and 0 exception(s); c87755eb-8f71-406d-9b39-c7913bad0d26@group-011C589887C5:t1, leader=null, voted=c87755eb-8f71-406d-9b39-c7913bad0d26, raftlog=c87755eb-8f71-406d-9b39-c7913bad0d26@group-011C589887C5-SegmentedRaftLog:OPENED:c-1,f-1,i0, conf=-1: [28af574d-2172-4d1d-8894-6c49f9cc6298:192.168.151.103:43956, dd72838a-f206-4369-be48-6b1e036e4dac:192.168.151.103:34429, c87755eb-8f71-406d-9b39-c7913bad0d26:192.168.151.103:42498], old=null
2019-10-01 20:22:15,719 [c87755eb-8f71-406d-9b39-c7913bad0d26@group-011C589887C5:LeaderElection26] INFO  impl.RoleInfo (RoleInfo.java:shutdownLeaderElection(134)) - c87755eb-8f71-406d-9b39-c7913bad0d26: shutdown LeaderElection
2019-10-01 20:22:15,719 [c87755eb-8f71-406d-9b39-c7913bad0d26@group-011C589887C5:LeaderElection26] INFO  impl.RaftServerImpl (RaftServerImpl.java:setRole(174)) - c87755eb-8f71-406d-9b39-c7913bad0d26@group-011C589887C5: changes role from CANDIDATE to LEADER at term 1 for changeToLeader
2019-10-01 20:22:15,719 [c87755eb-8f71-406d-9b39-c7913bad0d26@group-011C589887C5:LeaderElection26] INFO  impl.RaftServerImpl (ServerState.java:setLeader(253)) - c87755eb-8f71-406d-9b39-c7913bad0d26@group-011C589887C5: change Leader from null to c87755eb-8f71-406d-9b39-c7913bad0d26 at term 1 for becomeLeader, leader elected after 5090ms
2019-10-01 20:22:15,719 [c87755eb-8f71-406d-9b39-c7913bad0d26@group-011C589887C5:LeaderElection26] INFO  server.RaftServerConfigKeys (ConfUtils.java:logGet(43)) - raft.server.staging.catchup.gap = 1000 (default)
2019-10-01 20:22:15,719 [c87755eb-8f71-406d-9b39-c7913bad0d26@group-011C589887C5:LeaderElection26] INFO  server.RaftServerConfigKeys (ConfUtils.java:logGet(43)) - raft.server.rpc.sleep.time = 25ms (default)
2019-10-01 20:22:15,719 [c87755eb-8f71-406d-9b39-c7913bad0d26@group-011C589887C5:LeaderElection26] INFO  server.RaftServerConfigKeys (ConfUtils.java:logGet(43)) - raft.server.write.element-limit = 4096 (default)
2019-10-01 20:22:15,719 [c87755eb-8f71-406d-9b39-c7913bad0d26@group-011C589887C5:LeaderElection26] INFO  server.RaftServerConfigKeys (ConfUtils.java:logGet(43)) - raft.server.watch.timeout = 10s (default)
2019-10-01 20:22:15,719 [c87755eb-8f71-406d-9b39-c7913bad0d26@group-011C589887C5:LeaderElection26] INFO  server.RaftServerConfigKeys (ConfUtils.java:logGet(43)) - raft.server.watch.timeout.denomination = 1s (default)
2019-10-01 20:22:15,720 [c87755eb-8f71-406d-9b39-c7913bad0d26@group-011C589887C5:LeaderElection26] INFO  server.RaftServerConfigKeys (ConfUtils.java:logGet(43)) - raft.server.watch.element-limit = 65536 (default)
2019-10-01 20:22:15,722 [c87755eb-8f71-406d-9b39-c7913bad0d26@group-011C589887C5:LeaderElection26] INFO  server.RaftServerConfigKeys (ConfUtils.java:logGet(43)) - raft.server.log.appender.snapshot.chunk.size.max = 16MB (=16777216) (default)
2019-10-01 20:22:15,722 [c87755eb-8f71-406d-9b39-c7913bad0d26@group-011C589887C5:LeaderElection26] INFO  server.RaftServerConfigKeys (ConfUtils.java:logGet(43)) - raft.server.log.appender.buffer.byte-limit = 33554432 (custom)
2019-10-01 20:22:15,722 [c87755eb-8f71-406d-9b39-c7913bad0d26@group-011C589887C5:LeaderElection26] INFO  server.RaftServerConfigKeys (ConfUtils.java:logGet(43)) - raft.server.log.appender.buffer.element-limit = 1 (custom)
2019-10-01 20:22:15,722 [c87755eb-8f71-406d-9b39-c7913bad0d26@group-011C589887C5:LeaderElection26] INFO  grpc.GrpcConfigKeys$Server (ConfUtils.java:logGet(43)) - raft.grpc.server.leader.outstanding.appends.max = 128 (default)
2019-10-01 20:22:15,723 [c87755eb-8f71-406d-9b39-c7913bad0d26@group-011C589887C5:LeaderElection26] INFO  server.RaftServerConfigKeys (ConfUtils.java:logGet(43)) - raft.server.rpc.request.timeout = 3000ms (default)
2019-10-01 20:22:15,723 [c87755eb-8f71-406d-9b39-c7913bad0d26@group-011C589887C5:LeaderElection26] INFO  server.RaftServerConfigKeys (ConfUtils.java:logGet(43)) - raft.server.log.appender.install.snapshot.enabled = false (custom)
2019-10-01 20:22:15,723 [c87755eb-8f71-406d-9b39-c7913bad0d26@group-011C589887C5:LeaderElection26] INFO  server.RaftServerConfigKeys (ConfUtils.java:logGet(43)) - raft.server.log.appender.snapshot.chunk.size.max = 16MB (=16777216) (default)
2019-10-01 20:22:15,723 [c87755eb-8f71-406d-9b39-c7913bad0d26@group-011C589887C5:LeaderElection26] INFO  server.RaftServerConfigKeys (ConfUtils.java:logGet(43)) - raft.server.log.appender.buffer.byte-limit = 33554432 (custom)
2019-10-01 20:22:15,723 [c87755eb-8f71-406d-9b39-c7913bad0d26@group-011C589887C5:LeaderElection26] INFO  server.RaftServerConfigKeys (ConfUtils.java:logGet(43)) - raft.server.log.appender.buffer.element-limit = 1 (custom)
2019-10-01 20:22:15,723 [c87755eb-8f71-406d-9b39-c7913bad0d26@group-011C589887C5:LeaderElection26] INFO  grpc.GrpcConfigKeys$Server (ConfUtils.java:logGet(43)) - raft.grpc.server.leader.outstanding.appends.max = 128 (default)
2019-10-01 20:22:15,723 [c87755eb-8f71-406d-9b39-c7913bad0d26@group-011C589887C5:LeaderElection26] INFO  server.RaftServerConfigKeys (ConfUtils.java:logGet(43)) - raft.server.rpc.request.timeout = 3000ms (default)
2019-10-01 20:22:15,723 [c87755eb-8f71-406d-9b39-c7913bad0d26@group-011C589887C5:LeaderElection26] INFO  server.RaftServerConfigKeys (ConfUtils.java:logGet(43)) - raft.server.log.appender.install.snapshot.enabled = false (custom)
2019-10-01 20:22:15,724 [c87755eb-8f71-406d-9b39-c7913bad0d26@group-011C589887C5:LeaderElection26] INFO  impl.RoleInfo (RoleInfo.java:updateAndGet(143)) - c87755eb-8f71-406d-9b39-c7913bad0d26: start LeaderState
2019-10-01 20:22:15,724 [c87755eb-8f71-406d-9b39-c7913bad0d26@group-011C589887C5:LeaderElection26] INFO  segmented.SegmentedRaftLogWorker (SegmentedRaftLogWorker.java:startLogSegment(380)) - c87755eb-8f71-406d-9b39-c7913bad0d26@group-011C589887C5-SegmentedRaftLogWorker: Starting segment from index:0
2019-10-01 20:22:15,725 [c87755eb-8f71-406d-9b39-c7913bad0d26@group-011C589887C5:LeaderElection26] INFO  impl.RaftServerImpl (ServerState.java:setRaftConf(354)) - c87755eb-8f71-406d-9b39-c7913bad0d26@group-011C589887C5: set configuration 0: [28af574d-2172-4d1d-8894-6c49f9cc6298:192.168.151.103:43956, dd72838a-f206-4369-be48-6b1e036e4dac:192.168.151.103:34429, c87755eb-8f71-406d-9b39-c7913bad0d26:192.168.151.103:42498], old=null at 0
2019-10-01 20:22:15,755 [grpc-default-executor-4] INFO  impl.RaftServerImpl (ServerState.java:setLeader(253)) - 28af574d-2172-4d1d-8894-6c49f9cc6298@group-011C589887C5: change Leader from null to c87755eb-8f71-406d-9b39-c7913bad0d26 at term 1 for appendEntries, leader elected after 5127ms
2019-10-01 20:22:15,755 [grpc-default-executor-2] INFO  impl.RaftServerImpl (ServerState.java:setLeader(253)) - dd72838a-f206-4369-be48-6b1e036e4dac@group-011C589887C5: change Leader from null to c87755eb-8f71-406d-9b39-c7913bad0d26 at term 1 for appendEntries, leader elected after 5127ms
2019-10-01 20:22:15,759 [grpc-default-executor-4] INFO  impl.RaftServerImpl (ServerState.java:setRaftConf(354)) - 28af574d-2172-4d1d-8894-6c49f9cc6298@group-011C589887C5: set configuration 0: [28af574d-2172-4d1d-8894-6c49f9cc6298:192.168.151.103:43956, dd72838a-f206-4369-be48-6b1e036e4dac:192.168.151.103:34429, c87755eb-8f71-406d-9b39-c7913bad0d26:192.168.151.103:42498], old=null at 0
2019-10-01 20:22:15,759 [grpc-default-executor-2] INFO  impl.RaftServerImpl (ServerState.java:setRaftConf(354)) - dd72838a-f206-4369-be48-6b1e036e4dac@group-011C589887C5: set configuration 0: [28af574d-2172-4d1d-8894-6c49f9cc6298:192.168.151.103:43956, dd72838a-f206-4369-be48-6b1e036e4dac:192.168.151.103:34429, c87755eb-8f71-406d-9b39-c7913bad0d26:192.168.151.103:42498], old=null at 0
2019-10-01 20:22:15,759 [grpc-default-executor-4] INFO  segmented.SegmentedRaftLogWorker (SegmentedRaftLogWorker.java:startLogSegment(380)) - 28af574d-2172-4d1d-8894-6c49f9cc6298@group-011C589887C5-SegmentedRaftLogWorker: Starting segment from index:0
2019-10-01 20:22:15,759 [grpc-default-executor-2] INFO  segmented.SegmentedRaftLogWorker (SegmentedRaftLogWorker.java:startLogSegment(380)) - dd72838a-f206-4369-be48-6b1e036e4dac@group-011C589887C5-SegmentedRaftLogWorker: Starting segment from index:0
2019-10-01 20:22:15,765 [c87755eb-8f71-406d-9b39-c7913bad0d26@group-011C589887C5-SegmentedRaftLogWorker] INFO  segmented.SegmentedRaftLogWorker (SegmentedRaftLogWorker.java:execute(569)) - c87755eb-8f71-406d-9b39-c7913bad0d26@group-011C589887C5-SegmentedRaftLogWorker: created new log segment /workdir/hadoop-ozone/ozonefs/target/test-dir/MiniOzoneClusterImpl-cc9961a9-1b1a-49c1-80c6-6d48514b4463/datanode-2/data/ratis/f25cde1e-97ea-4caf-86f6-011c589887c5/current/log_inprogress_0
2019-10-01 20:22:15,796 [28af574d-2172-4d1d-8894-6c49f9cc6298@group-011C589887C5-SegmentedRaftLogWorker] INFO  segmented.SegmentedRaftLogWorker (SegmentedRaftLogWorker.java:execute(569)) - 28af574d-2172-4d1d-8894-6c49f9cc6298@group-011C589887C5-SegmentedRaftLogWorker: created new log segment /workdir/hadoop-ozone/ozonefs/target/test-dir/MiniOzoneClusterImpl-cc9961a9-1b1a-49c1-80c6-6d48514b4463/datanode-4/data/ratis/f25cde1e-97ea-4caf-86f6-011c589887c5/current/log_inprogress_0
2019-10-01 20:22:15,796 [dd72838a-f206-4369-be48-6b1e036e4dac@group-011C589887C5-SegmentedRaftLogWorker] INFO  segmented.SegmentedRaftLogWorker (SegmentedRaftLogWorker.java:execute(569)) - dd72838a-f206-4369-be48-6b1e036e4dac@group-011C589887C5-SegmentedRaftLogWorker: created new log segment /workdir/hadoop-ozone/ozonefs/target/test-dir/MiniOzoneClusterImpl-cc9961a9-1b1a-49c1-80c6-6d48514b4463/datanode-1/data/ratis/f25cde1e-97ea-4caf-86f6-011c589887c5/current/log_inprogress_0
2019-10-01 20:22:45,147 [grpc-default-executor-4] INFO  impl.RaftServerProxy (RaftServerProxy.java:remove(95)) - dd72838a-f206-4369-be48-6b1e036e4dac: remove    LEADER dd72838a-f206-4369-be48-6b1e036e4dac@group-BB33C775932E:t1, leader=dd72838a-f206-4369-be48-6b1e036e4dac, voted=dd72838a-f206-4369-be48-6b1e036e4dac, raftlog=dd72838a-f206-4369-be48-6b1e036e4dac@group-BB33C775932E-SegmentedRaftLog:OPENED:c0,f0,i2, conf=0: [28af574d-2172-4d1d-8894-6c49f9cc6298:192.168.151.103:43956, dd72838a-f206-4369-be48-6b1e036e4dac:192.168.151.103:34429, c87755eb-8f71-406d-9b39-c7913bad0d26:192.168.151.103:42498], old=null RUNNING
2019-10-01 20:22:45,148 [grpc-default-executor-4] INFO  impl.RaftServerImpl (RaftServerImpl.java:lambda$shutdown$3(251)) - dd72838a-f206-4369-be48-6b1e036e4dac@group-BB33C775932E: shutdown
2019-10-01 20:22:45,148 [grpc-default-executor-4] INFO  util.JmxRegister (JmxRegister.java:unregister(73)) - Successfully un-registered JMX Bean with object name Ratis:service=RaftServer,group=group-BB33C775932E,id=dd72838a-f206-4369-be48-6b1e036e4dac
2019-10-01 20:22:45,148 [grpc-default-executor-4] INFO  impl.RoleInfo (RoleInfo.java:shutdownLeaderState(104)) - dd72838a-f206-4369-be48-6b1e036e4dac: shutdown LeaderState
2019-10-01 20:22:45,157 [org.apache.ratis.server.impl.LogAppender$AppenderDaemon$$Lambda$503/498285707@1dc1e487] WARN  server.GrpcLogAppender (GrpcLogAppender.java:mayWait(143)) - dd72838a-f206-4369-be48-6b1e036e4dac@group-BB33C775932E->28af574d-2172-4d1d-8894-6c49f9cc6298-GrpcLogAppender: Wait interrupted by java.lang.InterruptedException
2019-10-01 20:22:45,158 [grpc-default-executor-4] INFO  impl.PendingRequests (PendingRequests.java:sendNotLeaderResponses(202)) - dd72838a-f206-4369-be48-6b1e036e4dac-PendingRequests: sendNotLeaderResponses
2019-10-01 20:22:45,158 [org.apache.ratis.server.impl.LogAppender$AppenderDaemon$$Lambda$503/498285707@17a45af6] WARN  server.GrpcLogAppender (GrpcLogAppender.java:mayWait(143)) - dd72838a-f206-4369-be48-6b1e036e4dac@group-BB33C775932E->c87755eb-8f71-406d-9b39-c7913bad0d26-GrpcLogAppender: Wait interrupted by java.lang.InterruptedException
2019-10-01 20:22:45,160 [grpc-default-executor-2] INFO  server.GrpcServerProtocolService (GrpcServerProtocolService.java:onCompleted(113)) - 28af574d-2172-4d1d-8894-6c49f9cc6298: Completed APPEND_ENTRIES, lastRequest: dd72838a-f206-4369-be48-6b1e036e4dac->28af574d-2172-4d1d-8894-6c49f9cc6298#29-t1, previous=(t:1, i:2), leaderCommit=0, initializing? false, entries: <empty>
2019-10-01 20:22:45,162 [grpc-default-executor-11] INFO  server.GrpcServerProtocolService (GrpcServerProtocolService.java:onCompleted(113)) - c87755eb-8f71-406d-9b39-c7913bad0d26: Completed APPEND_ENTRIES, lastRequest: dd72838a-f206-4369-be48-6b1e036e4dac->c87755eb-8f71-406d-9b39-c7913bad0d26#29-t1, previous=(t:1, i:2), leaderCommit=0, initializing? false, entries: <empty>
2019-10-01 20:22:45,163 [grpc-default-executor-2] INFO  server.GrpcLogAppender (GrpcLogAppender.java:onCompleted(293)) - dd72838a-f206-4369-be48-6b1e036e4dac@group-BB33C775932E->c87755eb-8f71-406d-9b39-c7913bad0d26-AppendLogResponseHandler: follower responses appendEntries COMPLETED
2019-10-01 20:22:45,163 [grpc-default-executor-10] INFO  server.GrpcLogAppender (GrpcLogAppender.java:onCompleted(293)) - dd72838a-f206-4369-be48-6b1e036e4dac@group-BB33C775932E->28af574d-2172-4d1d-8894-6c49f9cc6298-AppendLogResponseHandler: follower responses appendEntries COMPLETED
2019-10-01 20:22:45,163 [grpc-default-executor-4] INFO  impl.StateMachineUpdater (StateMachineUpdater.java:stopAndJoin(125)) - dd72838a-f206-4369-be48-6b1e036e4dac@group-BB33C775932E-StateMachineUpdater: set stopIndex = 0
2019-10-01 20:22:45,163 [grpc-default-executor-2] INFO  impl.FollowerInfo (FollowerInfo.java:lambda$new$0(51)) - dd72838a-f206-4369-be48-6b1e036e4dac@group-BB33C775932E->c87755eb-8f71-406d-9b39-c7913bad0d26: nextIndex: updateUnconditionally 3 -> 2
2019-10-01 20:22:45,164 [grpc-default-executor-10] INFO  impl.FollowerInfo (FollowerInfo.java:lambda$new$0(51)) - dd72838a-f206-4369-be48-6b1e036e4dac@group-BB33C775932E->28af574d-2172-4d1d-8894-6c49f9cc6298: nextIndex: updateUnconditionally 3 -> 2
2019-10-01 20:22:45,164 [grpc-default-executor-4] INFO  impl.RaftServerImpl (ServerState.java:close(385)) - dd72838a-f206-4369-be48-6b1e036e4dac@group-BB33C775932E: closes. applyIndex: 0
2019-10-01 20:22:45,166 [dd72838a-f206-4369-be48-6b1e036e4dac@group-BB33C775932E-SegmentedRaftLogWorker] INFO  segmented.SegmentedRaftLogWorker (SegmentedRaftLogWorker.java:run(313)) - dd72838a-f206-4369-be48-6b1e036e4dac@group-BB33C775932E-SegmentedRaftLogWorker was interrupted, exiting. There are 0 tasks remaining in the queue.
2019-10-01 20:22:45,167 [grpc-default-executor-4] INFO  segmented.SegmentedRaftLogWorker (SegmentedRaftLogWorker.java:close(228)) - dd72838a-f206-4369-be48-6b1e036e4dac@group-BB33C775932E-SegmentedRaftLogWorker close()
2019-10-01 20:22:45,175 [grpc-default-executor-4] INFO  impl.RaftServerProxy (RaftServerProxy.java:remove(95)) - c87755eb-8f71-406d-9b39-c7913bad0d26: remove  FOLLOWER c87755eb-8f71-406d-9b39-c7913bad0d26@group-BB33C775932E:t1, leader=dd72838a-f206-4369-be48-6b1e036e4dac, voted=dd72838a-f206-4369-be48-6b1e036e4dac, raftlog=c87755eb-8f71-406d-9b39-c7913bad0d26@group-BB33C775932E-SegmentedRaftLog:OPENED:c0,f2,i2, conf=0: [28af574d-2172-4d1d-8894-6c49f9cc6298:192.168.151.103:43956, dd72838a-f206-4369-be48-6b1e036e4dac:192.168.151.103:34429, c87755eb-8f71-406d-9b39-c7913bad0d26:192.168.151.103:42498], old=null RUNNING
2019-10-01 20:22:45,175 [grpc-default-executor-4] INFO  impl.RaftServerImpl (RaftServerImpl.java:lambda$shutdown$3(251)) - c87755eb-8f71-406d-9b39-c7913bad0d26@group-BB33C775932E: shutdown
2019-10-01 20:22:45,176 [grpc-default-executor-4] INFO  util.JmxRegister (JmxRegister.java:unregister(73)) - Successfully un-registered JMX Bean with object name Ratis:service=RaftServer,group=group-BB33C775932E,id=c87755eb-8f71-406d-9b39-c7913bad0d26
2019-10-01 20:22:45,176 [grpc-default-executor-4] INFO  impl.RoleInfo (RoleInfo.java:shutdownFollowerState(121)) - c87755eb-8f71-406d-9b39-c7913bad0d26: shutdown FollowerState
2019-10-01 20:22:45,176 [grpc-default-executor-4] INFO  impl.StateMachineUpdater (StateMachineUpdater.java:stopAndJoin(125)) - c87755eb-8f71-406d-9b39-c7913bad0d26@group-BB33C775932E-StateMachineUpdater: set stopIndex = 0
2019-10-01 20:22:45,176 [Thread-1170] INFO  impl.FollowerState (FollowerState.java:run(115)) - c87755eb-8f71-406d-9b39-c7913bad0d26: FollowerState was interrupted: java.lang.InterruptedException: sleep interrupted
2019-10-01 20:22:45,178 [grpc-default-executor-4] INFO  impl.RaftServerImpl (ServerState.java:close(385)) - c87755eb-8f71-406d-9b39-c7913bad0d26@group-BB33C775932E: closes. applyIndex: 0
2019-10-01 20:22:45,179 [c87755eb-8f71-406d-9b39-c7913bad0d26@group-BB33C775932E-SegmentedRaftLogWorker] INFO  segmented.SegmentedRaftLogWorker (SegmentedRaftLogWorker.java:run(313)) - c87755eb-8f71-406d-9b39-c7913bad0d26@group-BB33C775932E-SegmentedRaftLogWorker was interrupted, exiting. There are 0 tasks remaining in the queue.
2019-10-01 20:22:45,181 [grpc-default-executor-4] INFO  segmented.SegmentedRaftLogWorker (SegmentedRaftLogWorker.java:close(228)) - c87755eb-8f71-406d-9b39-c7913bad0d26@group-BB33C775932E-SegmentedRaftLogWorker close()
2019-10-01 20:22:45,237 [grpc-default-executor-4] INFO  interfaces.Container (KeyValueContainer.java:flushAndSyncDB(386)) - Container 7 is synced with bcsId 0.
2019-10-01 20:22:45,237 [grpc-default-executor-4] INFO  interfaces.Container (KeyValueContainer.java:flushAndSyncDB(386)) - Container 7 is synced with bcsId 0.
2019-10-01 20:22:45,252 [EventQueue-IncrementalContainerReportForIncrementalContainerReportHandler] INFO  container.IncrementalContainerReportHandler (AbstractContainerReportHandler.java:updateContainerState(169)) - Moving container #7 to QUASI_CLOSED state, datanode c87755eb-8f71-406d-9b39-c7913bad0d26{ip: 192.168.151.103, host: pr-trunk-878pl-325597374, networkLocation: /default-rack, certSerialId: null} reported QUASI_CLOSED replica.
2019-10-01 20:22:45,255 [grpc-default-executor-4] INFO  impl.RaftServerProxy (RaftServerProxy.java:remove(95)) - 28af574d-2172-4d1d-8894-6c49f9cc6298: remove  FOLLOWER 28af574d-2172-4d1d-8894-6c49f9cc6298@group-BB33C775932E:t1, leader=dd72838a-f206-4369-be48-6b1e036e4dac, voted=28af574d-2172-4d1d-8894-6c49f9cc6298, raftlog=28af574d-2172-4d1d-8894-6c49f9cc6298@group-BB33C775932E-SegmentedRaftLog:OPENED:c0,f2,i2, conf=0: [28af574d-2172-4d1d-8894-6c49f9cc6298:192.168.151.103:43956, dd72838a-f206-4369-be48-6b1e036e4dac:192.168.151.103:34429, c87755eb-8f71-406d-9b39-c7913bad0d26:192.168.151.103:42498], old=null RUNNING
2019-10-01 20:22:45,255 [grpc-default-executor-4] INFO  impl.RaftServerImpl (RaftServerImpl.java:lambda$shutdown$3(251)) - 28af574d-2172-4d1d-8894-6c49f9cc6298@group-BB33C775932E: shutdown
2019-10-01 20:22:45,255 [grpc-default-executor-4] INFO  util.JmxRegister (JmxRegister.java:unregister(73)) - Successfully un-registered JMX Bean with object name Ratis:service=RaftServer,group=group-BB33C775932E,id=28af574d-2172-4d1d-8894-6c49f9cc6298
2019-10-01 20:22:45,255 [grpc-default-executor-4] INFO  impl.RoleInfo (RoleInfo.java:shutdownFollowerState(121)) - 28af574d-2172-4d1d-8894-6c49f9cc6298: shutdown FollowerState
2019-10-01 20:22:45,256 [grpc-default-executor-4] INFO  impl.StateMachineUpdater (StateMachineUpdater.java:stopAndJoin(125)) - 28af574d-2172-4d1d-8894-6c49f9cc6298@group-BB33C775932E-StateMachineUpdater: set stopIndex = 0
2019-10-01 20:22:45,256 [Thread-1171] INFO  impl.FollowerState (FollowerState.java:run(115)) - 28af574d-2172-4d1d-8894-6c49f9cc6298: FollowerState was interrupted: java.lang.InterruptedException: sleep interrupted
2019-10-01 20:22:45,259 [grpc-default-executor-4] INFO  impl.RaftServerImpl (ServerState.java:close(385)) - 28af574d-2172-4d1d-8894-6c49f9cc6298@group-BB33C775932E: closes. applyIndex: 0
2019-10-01 20:22:45,259 [28af574d-2172-4d1d-8894-6c49f9cc6298@group-BB33C775932E-SegmentedRaftLogWorker] INFO  segmented.SegmentedRaftLogWorker (SegmentedRaftLogWorker.java:run(313)) - 28af574d-2172-4d1d-8894-6c49f9cc6298@group-BB33C775932E-SegmentedRaftLogWorker was interrupted, exiting. There are 0 tasks remaining in the queue.
2019-10-01 20:22:45,260 [grpc-default-executor-4] INFO  segmented.SegmentedRaftLogWorker (SegmentedRaftLogWorker.java:close(228)) - 28af574d-2172-4d1d-8894-6c49f9cc6298@group-BB33C775932E-SegmentedRaftLogWorker close()
2019-10-01 20:22:45,306 [grpc-default-executor-4] INFO  interfaces.Container (KeyValueContainer.java:flushAndSyncDB(386)) - Container 7 is synced with bcsId 0.
2019-10-01 20:22:45,307 [grpc-default-executor-4] INFO  interfaces.Container (KeyValueContainer.java:flushAndSyncDB(386)) - Container 7 is synced with bcsId 0.
2019-10-01 20:22:45,322 [RatisPipelineUtilsThread] INFO  pipeline.PipelineStateManager (PipelineStateManager.java:removePipeline(108)) - Pipeline Pipeline[ Id: 60f7c0df-bdf5-464d-a7ce-bb33c775932e, Nodes: dd72838a-f206-4369-be48-6b1e036e4dac{ip: 192.168.151.103, host: pr-trunk-878pl-325597374, networkLocation: /default-rack, certSerialId: null}c87755eb-8f71-406d-9b39-c7913bad0d26{ip: 192.168.151.103, host: pr-trunk-878pl-325597374, networkLocation: /default-rack, certSerialId: null}28af574d-2172-4d1d-8894-6c49f9cc6298{ip: 192.168.151.103, host: pr-trunk-878pl-325597374, networkLocation: /default-rack, certSerialId: null}, Type:RATIS, Factor:THREE, State:CLOSED] removed from db
2019-10-01 20:22:45,325 [grpc-default-executor-4] INFO  impl.RaftServerProxy (RaftServerProxy.java:remove(95)) - dd72838a-f206-4369-be48-6b1e036e4dac: remove group-BB33C775932E:null
2019-10-01 20:22:45,328 [RatisPipelineUtilsThread] WARN  pipeline.RatisPipelineUtils (RatisPipelineUtils.java:destroyPipeline(67)) - Pipeline destroy failed for pipeline=PipelineID=60f7c0df-bdf5-464d-a7ce-bb33c775932e dn=dd72838a-f206-4369-be48-6b1e036e4dac{ip: 192.168.151.103, host: pr-trunk-878pl-325597374, networkLocation: /default-rack, certSerialId: null}
2019-10-01 20:22:45,331 [grpc-default-executor-4] INFO  impl.RaftServerProxy (RaftServerProxy.java:remove(95)) - c87755eb-8f71-406d-9b39-c7913bad0d26: remove group-BB33C775932E:null
2019-10-01 20:22:45,334 [RatisPipelineUtilsThread] WARN  pipeline.RatisPipelineUtils (RatisPipelineUtils.java:destroyPipeline(67)) - Pipeline destroy failed for pipeline=PipelineID=60f7c0df-bdf5-464d-a7ce-bb33c775932e dn=c87755eb-8f71-406d-9b39-c7913bad0d26{ip: 192.168.151.103, host: pr-trunk-878pl-325597374, networkLocation: /default-rack, certSerialId: null}
2019-10-01 20:22:45,337 [grpc-default-executor-4] INFO  impl.RaftServerProxy (RaftServerProxy.java:remove(95)) - 28af574d-2172-4d1d-8894-6c49f9cc6298: remove group-BB33C775932E:null
2019-10-01 20:22:45,340 [RatisPipelineUtilsThread] WARN  pipeline.RatisPipelineUtils (RatisPipelineUtils.java:destroyPipeline(67)) - Pipeline destroy failed for pipeline=PipelineID=60f7c0df-bdf5-464d-a7ce-bb33c775932e dn=28af574d-2172-4d1d-8894-6c49f9cc6298{ip: 192.168.151.103, host: pr-trunk-878pl-325597374, networkLocation: /default-rack, certSerialId: null}
2019-10-01 20:22:45,340 [RatisPipelineUtilsThread] ERROR pipeline.SCMPipelineManager (Scheduler.java:lambda$schedule$1(70)) - Destroy pipeline failed for pipeline:Pipeline[ Id: 60f7c0df-bdf5-464d-a7ce-bb33c775932e, Nodes: dd72838a-f206-4369-be48-6b1e036e4dac{ip: 192.168.151.103, host: pr-trunk-878pl-325597374, networkLocation: /default-rack, certSerialId: null}c87755eb-8f71-406d-9b39-c7913bad0d26{ip: 192.168.151.103, host: pr-trunk-878pl-325597374, networkLocation: /default-rack, certSerialId: null}28af574d-2172-4d1d-8894-6c49f9cc6298{ip: 192.168.151.103, host: pr-trunk-878pl-325597374, networkLocation: /default-rack, certSerialId: null}, Type:RATIS, Factor:THREE, State:CLOSED]
org.apache.hadoop.hdds.scm.pipeline.PipelineNotFoundException: PipelineID=60f7c0df-bdf5-464d-a7ce-bb33c775932e not found
	at org.apache.hadoop.hdds.scm.pipeline.PipelineStateMap.getPipeline(PipelineStateMap.java:132)
	at org.apache.hadoop.hdds.scm.pipeline.PipelineStateMap.removePipeline(PipelineStateMap.java:322)
	at org.apache.hadoop.hdds.scm.pipeline.PipelineStateManager.removePipeline(PipelineStateManager.java:107)
	at org.apache.hadoop.hdds.scm.pipeline.SCMPipelineManager.removePipeline(SCMPipelineManager.java:427)
	at org.apache.hadoop.hdds.scm.pipeline.SCMPipelineManager.destroyPipeline(SCMPipelineManager.java:413)
	at org.apache.hadoop.hdds.scm.pipeline.SCMPipelineManager.lambda$finalizeAndDestroyPipeline$0(SCMPipelineManager.java:322)
	at org.apache.hadoop.hdds.utils.Scheduler.lambda$schedule$1(Scheduler.java:68)
	at java.util.concurrent.Executors$RunnableAdapter.call(Executors.java:511)
	at java.util.concurrent.FutureTask.run(FutureTask.java:266)
	at java.util.concurrent.ScheduledThreadPoolExecutor$ScheduledFutureTask.access$201(ScheduledThreadPoolExecutor.java:180)
	at java.util.concurrent.ScheduledThreadPoolExecutor$ScheduledFutureTask.run(ScheduledThreadPoolExecutor.java:293)
	at java.util.concurrent.ThreadPoolExecutor.runWorker(ThreadPoolExecutor.java:1149)
	at java.util.concurrent.ThreadPoolExecutor$Worker.run(ThreadPoolExecutor.java:624)
	at java.lang.Thread.run(Thread.java:748)
2019-10-01 20:22:46,182 [Thread-1149] WARN  io.KeyOutputStream (KeyOutputStream.java:handleException(274)) - Encountered exception java.io.IOException: Unexpected Storage Container Exception: java.util.concurrent.CompletionException: java.util.concurrent.CompletionException: org.apache.ratis.protocol.GroupMismatchException: dd72838a-f206-4369-be48-6b1e036e4dac: group-BB33C775932E not found. on the pipeline Pipeline[ Id: 60f7c0df-bdf5-464d-a7ce-bb33c775932e, Nodes: dd72838a-f206-4369-be48-6b1e036e4dac{ip: 192.168.151.103, host: pr-trunk-878pl-325597374, networkLocation: /default-rack, certSerialId: null}c87755eb-8f71-406d-9b39-c7913bad0d26{ip: 192.168.151.103, host: pr-trunk-878pl-325597374, networkLocation: /default-rack, certSerialId: null}28af574d-2172-4d1d-8894-6c49f9cc6298{ip: 192.168.151.103, host: pr-trunk-878pl-325597374, networkLocation: /default-rack, certSerialId: null}, Type:RATIS, Factor:THREE, State:OPEN]. The last committed block length is 0, uncommitted data length is 14 retry count 0
2019-10-01 20:22:46,339 [pool-46-thread-18] ERROR impl.ChunkManagerImpl (ChunkUtils.java:writeData(89)) - data array does not match the length specified. DataLen: 14 Byte Array: 170
2019-10-01 20:22:46,341 [pool-46-thread-18] INFO  keyvalue.KeyValueHandler (ContainerUtils.java:logAndReturnError(146)) - Operation: WriteChunk : Trace ID: 720a8527d44c0790:720a8527d44c0790:0:0 : Message: data array does not match the length specified. DataLen: 14 Byte Array: 170 : Result: INVALID_WRITE_SIZE
2019-10-01 20:22:46,355 [EventQueue-IncrementalContainerReportForIncrementalContainerReportHandler] WARN  container.IncrementalContainerReportHandler (AbstractContainerReportHandler.java:updateContainerState(143)) - Container #8 is in OPEN state, but the datanode c87755eb-8f71-406d-9b39-c7913bad0d26{ip: 192.168.151.103, host: pr-trunk-878pl-325597374, networkLocation: /default-rack, certSerialId: null} reports an UNHEALTHY replica.
2019-10-01 20:22:46,357 [EventQueue-CloseContainerForCloseContainerEventHandler] INFO  container.CloseContainerEventHandler (CloseContainerEventHandler.java:onMessage(61)) - Close container Event triggered for container : #8
20:22:46.355 [pool-46-thread-18] ERROR DNAudit - user=null | ip=null | op=WRITE_CHUNK {blockData=conID: 8 locID: 102888988096659466 bcsId: 0} | ret=FAILURE
java.lang.Exception: data array does not match the length specified. DataLen: 14 Byte Array: 170
	at org.apache.hadoop.ozone.container.common.impl.HddsDispatcher.dispatchRequest(HddsDispatcher.java:330) ~[hadoop-hdds-container-service-0.5.0-SNAPSHOT.jar:?]
	at org.apache.hadoop.ozone.container.common.impl.HddsDispatcher.dispatch(HddsDispatcher.java:150) ~[hadoop-hdds-container-service-0.5.0-SNAPSHOT.jar:?]
	at org.apache.hadoop.ozone.container.common.transport.server.ratis.ContainerStateMachine.dispatchCommand(ContainerStateMachine.java:407) ~[hadoop-hdds-container-service-0.5.0-SNAPSHOT.jar:?]
	at org.apache.hadoop.ozone.container.common.transport.server.ratis.ContainerStateMachine.runCommand(ContainerStateMachine.java:415) ~[hadoop-hdds-container-service-0.5.0-SNAPSHOT.jar:?]
	at org.apache.hadoop.ozone.container.common.transport.server.ratis.ContainerStateMachine.lambda$handleWriteChunk$1(ContainerStateMachine.java:450) ~[hadoop-hdds-container-service-0.5.0-SNAPSHOT.jar:?]
	at java.util.concurrent.CompletableFuture$AsyncSupply.run(CompletableFuture.java:1590) [?:1.8.0_212]
	at java.util.concurrent.ThreadPoolExecutor.runWorker(ThreadPoolExecutor.java:1149) [?:1.8.0_212]
	at java.util.concurrent.ThreadPoolExecutor$Worker.run(ThreadPoolExecutor.java:624) [?:1.8.0_212]
	at java.lang.Thread.run(Thread.java:748) [?:1.8.0_212]
2019-10-01 20:22:46,358 [pool-46-thread-18] ERROR ratis.ContainerStateMachine (ContainerStateMachine.java:lambda$handleWriteChunk$2(470)) - group-011C589887C5: writeChunk writeStateMachineData failed: blockIdcontainerID: 8
localID: 102888988096659466
blockCommitSequenceId: 0
 logIndex 1 chunkName 102888988096659466_chunk_1 Error message: data array does not match the length specified. DataLen: 14 Byte Array: 170 Container Result: INVALID_WRITE_SIZE
2019-10-01 20:22:46,358 [c87755eb-8f71-406d-9b39-c7913bad0d26@group-011C589887C5-SegmentedRaftLogWorker] ERROR ratis.XceiverServerRatis (XceiverServerRatis.java:triggerPipelineClose(575)) - pipeline Action CLOSE  on pipeline PipelineID=f25cde1e-97ea-4caf-86f6-011c589887c5.Reason : data array does not match the length specified. DataLen: 14 Byte Array: 170
2019-10-01 20:22:46,358 [c87755eb-8f71-406d-9b39-c7913bad0d26@group-011C589887C5-SegmentedRaftLogWorker] ERROR ratis.XceiverServerRatis (XceiverServerRatis.java:triggerPipelineClose(575)) - pipeline Action CLOSE  on pipeline PipelineID=f25cde1e-97ea-4caf-86f6-011c589887c5.Reason : Log already failed at index 1 for task WriteLog:1: (t:1, i:1), STATEMACHINELOGENTRY, client-31A3AEC9D211, cid=82
2019-10-01 20:22:46,359 [EventQueue-PipelineActionsForPipelineActionHandler] ERROR pipeline.PipelineActionHandler (PipelineActionHandler.java:onMessage(60)) - Received pipeline action CLOSE for Pipeline[ Id: f25cde1e-97ea-4caf-86f6-011c589887c5, Nodes: dd72838a-f206-4369-be48-6b1e036e4dac{ip: 192.168.151.103, host: pr-trunk-878pl-325597374, networkLocation: /default-rack, certSerialId: null}c87755eb-8f71-406d-9b39-c7913bad0d26{ip: 192.168.151.103, host: pr-trunk-878pl-325597374, networkLocation: /default-rack, certSerialId: null}28af574d-2172-4d1d-8894-6c49f9cc6298{ip: 192.168.151.103, host: pr-trunk-878pl-325597374, networkLocation: /default-rack, certSerialId: null}, Type:RATIS, Factor:THREE, State:OPEN] from datanode c87755eb-8f71-406d-9b39-c7913bad0d26{ip: 192.168.151.103, host: pr-trunk-878pl-325597374, networkLocation: /default-rack, certSerialId: null}. Reason : data array does not match the length specified. DataLen: 14 Byte Array: 170
2019-10-01 20:22:46,359 [EventQueue-PipelineActionsForPipelineActionHandler] INFO  pipeline.SCMPipelineManager (SCMPipelineManager.java:finalizeAndDestroyPipeline(315)) - destroying pipeline:Pipeline[ Id: f25cde1e-97ea-4caf-86f6-011c589887c5, Nodes: dd72838a-f206-4369-be48-6b1e036e4dac{ip: 192.168.151.103, host: pr-trunk-878pl-325597374, networkLocation: /default-rack, certSerialId: null}c87755eb-8f71-406d-9b39-c7913bad0d26{ip: 192.168.151.103, host: pr-trunk-878pl-325597374, networkLocation: /default-rack, certSerialId: null}28af574d-2172-4d1d-8894-6c49f9cc6298{ip: 192.168.151.103, host: pr-trunk-878pl-325597374, networkLocation: /default-rack, certSerialId: null}, Type:RATIS, Factor:THREE, State:OPEN]
2019-10-01 20:22:46,359 [EventQueue-PipelineActionsForPipelineActionHandler] INFO  pipeline.PipelineStateManager (PipelineStateManager.java:finalizePipeline(123)) - Pipeline Pipeline[ Id: f25cde1e-97ea-4caf-86f6-011c589887c5, Nodes: dd72838a-f206-4369-be48-6b1e036e4dac{ip: 192.168.151.103, host: pr-trunk-878pl-325597374, networkLocation: /default-rack, certSerialId: null}c87755eb-8f71-406d-9b39-c7913bad0d26{ip: 192.168.151.103, host: pr-trunk-878pl-325597374, networkLocation: /default-rack, certSerialId: null}28af574d-2172-4d1d-8894-6c49f9cc6298{ip: 192.168.151.103, host: pr-trunk-878pl-325597374, networkLocation: /default-rack, certSerialId: null}, Type:RATIS, Factor:THREE, State:CLOSED] moved to CLOSED state
2019-10-01 20:22:46,359 [EventQueue-PipelineActionsForPipelineActionHandler] ERROR pipeline.PipelineActionHandler (PipelineActionHandler.java:onMessage(60)) - Received pipeline action CLOSE for Pipeline[ Id: f25cde1e-97ea-4caf-86f6-011c589887c5, Nodes: dd72838a-f206-4369-be48-6b1e036e4dac{ip: 192.168.151.103, host: pr-trunk-878pl-325597374, networkLocation: /default-rack, certSerialId: null}c87755eb-8f71-406d-9b39-c7913bad0d26{ip: 192.168.151.103, host: pr-trunk-878pl-325597374, networkLocation: /default-rack, certSerialId: null}28af574d-2172-4d1d-8894-6c49f9cc6298{ip: 192.168.151.103, host: pr-trunk-878pl-325597374, networkLocation: /default-rack, certSerialId: null}, Type:RATIS, Factor:THREE, State:CLOSED] from datanode c87755eb-8f71-406d-9b39-c7913bad0d26{ip: 192.168.151.103, host: pr-trunk-878pl-325597374, networkLocation: /default-rack, certSerialId: null}. Reason : Log already failed at index 1 for task WriteLog:1: (t:1, i:1), STATEMACHINELOGENTRY, client-31A3AEC9D211, cid=82
2019-10-01 20:22:46,359 [EventQueue-PipelineActionsForPipelineActionHandler] INFO  pipeline.SCMPipelineManager (SCMPipelineManager.java:finalizeAndDestroyPipeline(315)) - destroying pipeline:Pipeline[ Id: f25cde1e-97ea-4caf-86f6-011c589887c5, Nodes: dd72838a-f206-4369-be48-6b1e036e4dac{ip: 192.168.151.103, host: pr-trunk-878pl-325597374, networkLocation: /default-rack, certSerialId: null}c87755eb-8f71-406d-9b39-c7913bad0d26{ip: 192.168.151.103, host: pr-trunk-878pl-325597374, networkLocation: /default-rack, certSerialId: null}28af574d-2172-4d1d-8894-6c49f9cc6298{ip: 192.168.151.103, host: pr-trunk-878pl-325597374, networkLocation: /default-rack, certSerialId: null}, Type:RATIS, Factor:THREE, State:CLOSED]
2019-10-01 20:23:33,733 [grpc-default-executor-10] INFO  impl.RaftServerProxy (RaftServerProxy.java:addNew(89)) - 28af574d-2172-4d1d-8894-6c49f9cc6298: addNew group-D696AED5CB12:[28af574d-2172-4d1d-8894-6c49f9cc6298:192.168.151.103:43956, dd72838a-f206-4369-be48-6b1e036e4dac:192.168.151.103:34429, c87755eb-8f71-406d-9b39-c7913bad0d26:192.168.151.103:42498] returns group-D696AED5CB12:java.util.concurrent.CompletableFuture@4d869873[Not completed]
2019-10-01 20:23:33,735 [grpc-default-executor-11] INFO  impl.RaftServerProxy (RaftServerProxy.java:addNew(89)) - c87755eb-8f71-406d-9b39-c7913bad0d26: addNew group-D696AED5CB12:[28af574d-2172-4d1d-8894-6c49f9cc6298:192.168.151.103:43956, dd72838a-f206-4369-be48-6b1e036e4dac:192.168.151.103:34429, c87755eb-8f71-406d-9b39-c7913bad0d26:192.168.151.103:42498] returns group-D696AED5CB12:java.util.concurrent.CompletableFuture@3ae3f5ae[Not completed]
2019-10-01 20:23:33,733 [grpc-default-executor-4] INFO  impl.RaftServerProxy (RaftServerProxy.java:addNew(89)) - dd72838a-f206-4369-be48-6b1e036e4dac: addNew group-D696AED5CB12:[28af574d-2172-4d1d-8894-6c49f9cc6298:192.168.151.103:43956, dd72838a-f206-4369-be48-6b1e036e4dac:192.168.151.103:34429, c87755eb-8f71-406d-9b39-c7913bad0d26:192.168.151.103:42498] returns group-D696AED5CB12:java.util.concurrent.CompletableFuture@61ae4c22[Not completed]
2019-10-01 20:23:33,739 [pool-68-thread-1] INFO  impl.RaftServerImpl (RaftServerImpl.java:<init>(95)) - 28af574d-2172-4d1d-8894-6c49f9cc6298: new RaftServerImpl for group-D696AED5CB12:[28af574d-2172-4d1d-8894-6c49f9cc6298:192.168.151.103:43956, dd72838a-f206-4369-be48-6b1e036e4dac:192.168.151.103:34429, c87755eb-8f71-406d-9b39-c7913bad0d26:192.168.151.103:42498] with ContainerStateMachine:uninitialized
2019-10-01 20:23:33,739 [pool-68-thread-1] INFO  server.RaftServerConfigKeys (ConfUtils.java:logGet(43)) - raft.server.rpc.timeout.min = 5s (custom)
2019-10-01 20:23:33,739 [pool-68-thread-1] INFO  server.RaftServerConfigKeys (ConfUtils.java:logGet(43)) - raft.server.rpc.timeout.max = 5200ms (custom)
2019-10-01 20:23:33,739 [pool-68-thread-1] INFO  server.RaftServerConfigKeys (ConfUtils.java:logGet(43)) - raft.server.rpcslowness.timeout = 120s (custom)
2019-10-01 20:23:33,739 [pool-68-thread-1] INFO  server.RaftServerConfigKeys (ConfUtils.java:logGet(43)) - raft.server.sleep.deviation.threshold = 300 (default)
2019-10-01 20:23:33,739 [pool-68-thread-1] INFO  server.RaftServerConfigKeys (ConfUtils.java:logGet(43)) - raft.server.log.appender.install.snapshot.enabled = false (custom)
2019-10-01 20:23:33,740 [pool-68-thread-1] INFO  impl.RaftServerImpl (ServerState.java:<init>(103)) - 28af574d-2172-4d1d-8894-6c49f9cc6298@group-D696AED5CB12: ConfigurationManager, init=-1: [28af574d-2172-4d1d-8894-6c49f9cc6298:192.168.151.103:43956, dd72838a-f206-4369-be48-6b1e036e4dac:192.168.151.103:34429, c87755eb-8f71-406d-9b39-c7913bad0d26:192.168.151.103:42498], old=null, confs=<EMPTY_MAP>
2019-10-01 20:23:33,740 [pool-68-thread-1] INFO  server.RaftServerConfigKeys (ConfUtils.java:logGet(43)) - raft.server.storage.dir = [/workdir/hadoop-ozone/ozonefs/target/test-dir/MiniOzoneClusterImpl-cc9961a9-1b1a-49c1-80c6-6d48514b4463/datanode-4/data/ratis] (custom)
2019-10-01 20:23:33,740 [pool-37-thread-1] INFO  impl.RaftServerImpl (RaftServerImpl.java:<init>(95)) - dd72838a-f206-4369-be48-6b1e036e4dac: new RaftServerImpl for group-D696AED5CB12:[28af574d-2172-4d1d-8894-6c49f9cc6298:192.168.151.103:43956, dd72838a-f206-4369-be48-6b1e036e4dac:192.168.151.103:34429, c87755eb-8f71-406d-9b39-c7913bad0d26:192.168.151.103:42498] with ContainerStateMachine:uninitialized
2019-10-01 20:23:33,740 [pool-68-thread-1] INFO  storage.RaftStorageDirectory (RaftStorageDirectory.java:analyzeStorage(246)) - The storage directory /workdir/hadoop-ozone/ozonefs/target/test-dir/MiniOzoneClusterImpl-cc9961a9-1b1a-49c1-80c6-6d48514b4463/datanode-4/data/ratis/54e04afc-445b-470f-94f9-d696aed5cb12 does not exist. Creating ...
2019-10-01 20:23:33,740 [pool-37-thread-1] INFO  server.RaftServerConfigKeys (ConfUtils.java:logGet(43)) - raft.server.rpc.timeout.min = 5s (custom)
2019-10-01 20:23:33,740 [pool-37-thread-1] INFO  server.RaftServerConfigKeys (ConfUtils.java:logGet(43)) - raft.server.rpc.timeout.max = 5200ms (custom)
2019-10-01 20:23:33,741 [pool-37-thread-1] INFO  server.RaftServerConfigKeys (ConfUtils.java:logGet(43)) - raft.server.rpcslowness.timeout = 120s (custom)
2019-10-01 20:23:33,741 [pool-37-thread-1] INFO  server.RaftServerConfigKeys (ConfUtils.java:logGet(43)) - raft.server.sleep.deviation.threshold = 300 (default)
2019-10-01 20:23:33,741 [pool-47-thread-1] INFO  impl.RaftServerImpl (RaftServerImpl.java:<init>(95)) - c87755eb-8f71-406d-9b39-c7913bad0d26: new RaftServerImpl for group-D696AED5CB12:[28af574d-2172-4d1d-8894-6c49f9cc6298:192.168.151.103:43956, dd72838a-f206-4369-be48-6b1e036e4dac:192.168.151.103:34429, c87755eb-8f71-406d-9b39-c7913bad0d26:192.168.151.103:42498] with ContainerStateMachine:uninitialized
2019-10-01 20:23:33,741 [pool-37-thread-1] INFO  server.RaftServerConfigKeys (ConfUtils.java:logGet(43)) - raft.server.log.appender.install.snapshot.enabled = false (custom)
2019-10-01 20:23:33,741 [pool-47-thread-1] INFO  server.RaftServerConfigKeys (ConfUtils.java:logGet(43)) - raft.server.rpc.timeout.min = 5s (custom)
2019-10-01 20:23:33,741 [pool-37-thread-1] INFO  impl.RaftServerImpl (ServerState.java:<init>(103)) - dd72838a-f206-4369-be48-6b1e036e4dac@group-D696AED5CB12: ConfigurationManager, init=-1: [28af574d-2172-4d1d-8894-6c49f9cc6298:192.168.151.103:43956, dd72838a-f206-4369-be48-6b1e036e4dac:192.168.151.103:34429, c87755eb-8f71-406d-9b39-c7913bad0d26:192.168.151.103:42498], old=null, confs=<EMPTY_MAP>
2019-10-01 20:23:33,741 [pool-47-thread-1] INFO  server.RaftServerConfigKeys (ConfUtils.java:logGet(43)) - raft.server.rpc.timeout.max = 5200ms (custom)
2019-10-01 20:23:33,741 [pool-37-thread-1] INFO  server.RaftServerConfigKeys (ConfUtils.java:logGet(43)) - raft.server.storage.dir = [/workdir/hadoop-ozone/ozonefs/target/test-dir/MiniOzoneClusterImpl-cc9961a9-1b1a-49c1-80c6-6d48514b4463/datanode-1/data/ratis] (custom)
2019-10-01 20:23:33,741 [pool-47-thread-1] INFO  server.RaftServerConfigKeys (ConfUtils.java:logGet(43)) - raft.server.rpcslowness.timeout = 120s (custom)
2019-10-01 20:23:33,742 [pool-47-thread-1] INFO  server.RaftServerConfigKeys (ConfUtils.java:logGet(43)) - raft.server.sleep.deviation.threshold = 300 (default)
2019-10-01 20:23:33,742 [pool-47-thread-1] INFO  server.RaftServerConfigKeys (ConfUtils.java:logGet(43)) - raft.server.log.appender.install.snapshot.enabled = false (custom)
2019-10-01 20:23:33,742 [pool-37-thread-1] INFO  storage.RaftStorageDirectory (RaftStorageDirectory.java:analyzeStorage(246)) - The storage directory /workdir/hadoop-ozone/ozonefs/target/test-dir/MiniOzoneClusterImpl-cc9961a9-1b1a-49c1-80c6-6d48514b4463/datanode-1/data/ratis/54e04afc-445b-470f-94f9-d696aed5cb12 does not exist. Creating ...
2019-10-01 20:23:33,742 [pool-47-thread-1] INFO  impl.RaftServerImpl (ServerState.java:<init>(103)) - c87755eb-8f71-406d-9b39-c7913bad0d26@group-D696AED5CB12: ConfigurationManager, init=-1: [28af574d-2172-4d1d-8894-6c49f9cc6298:192.168.151.103:43956, dd72838a-f206-4369-be48-6b1e036e4dac:192.168.151.103:34429, c87755eb-8f71-406d-9b39-c7913bad0d26:192.168.151.103:42498], old=null, confs=<EMPTY_MAP>
2019-10-01 20:23:33,742 [pool-47-thread-1] INFO  server.RaftServerConfigKeys (ConfUtils.java:logGet(43)) - raft.server.storage.dir = [/workdir/hadoop-ozone/ozonefs/target/test-dir/MiniOzoneClusterImpl-cc9961a9-1b1a-49c1-80c6-6d48514b4463/datanode-2/data/ratis] (custom)
2019-10-01 20:23:33,743 [pool-47-thread-1] INFO  storage.RaftStorageDirectory (RaftStorageDirectory.java:analyzeStorage(246)) - The storage directory /workdir/hadoop-ozone/ozonefs/target/test-dir/MiniOzoneClusterImpl-cc9961a9-1b1a-49c1-80c6-6d48514b4463/datanode-2/data/ratis/54e04afc-445b-470f-94f9-d696aed5cb12 does not exist. Creating ...
2019-10-01 20:23:33,753 [pool-37-thread-1] INFO  storage.RaftStorageDirectory (RaftStorageDirectory.java:tryLock(328)) - Lock on /workdir/hadoop-ozone/ozonefs/target/test-dir/MiniOzoneClusterImpl-cc9961a9-1b1a-49c1-80c6-6d48514b4463/datanode-1/data/ratis/54e04afc-445b-470f-94f9-d696aed5cb12/in_use.lock acquired by nodename 29826@pr-trunk-878pl-325597374
2019-10-01 20:23:33,753 [pool-68-thread-1] INFO  storage.RaftStorageDirectory (RaftStorageDirectory.java:tryLock(328)) - Lock on /workdir/hadoop-ozone/ozonefs/target/test-dir/MiniOzoneClusterImpl-cc9961a9-1b1a-49c1-80c6-6d48514b4463/datanode-4/data/ratis/54e04afc-445b-470f-94f9-d696aed5cb12/in_use.lock acquired by nodename 29826@pr-trunk-878pl-325597374
2019-10-01 20:23:33,753 [pool-47-thread-1] INFO  storage.RaftStorageDirectory (RaftStorageDirectory.java:tryLock(328)) - Lock on /workdir/hadoop-ozone/ozonefs/target/test-dir/MiniOzoneClusterImpl-cc9961a9-1b1a-49c1-80c6-6d48514b4463/datanode-2/data/ratis/54e04afc-445b-470f-94f9-d696aed5cb12/in_use.lock acquired by nodename 29826@pr-trunk-878pl-325597374
2019-10-01 20:23:33,772 [pool-68-thread-1] INFO  storage.RaftStorage (RaftStorage.java:format(72)) - Storage directory /workdir/hadoop-ozone/ozonefs/target/test-dir/MiniOzoneClusterImpl-cc9961a9-1b1a-49c1-80c6-6d48514b4463/datanode-4/data/ratis/54e04afc-445b-470f-94f9-d696aed5cb12 has been successfully formatted.
2019-10-01 20:23:33,772 [pool-47-thread-1] INFO  storage.RaftStorage (RaftStorage.java:format(72)) - Storage directory /workdir/hadoop-ozone/ozonefs/target/test-dir/MiniOzoneClusterImpl-cc9961a9-1b1a-49c1-80c6-6d48514b4463/datanode-2/data/ratis/54e04afc-445b-470f-94f9-d696aed5cb12 has been successfully formatted.
2019-10-01 20:23:33,772 [pool-37-thread-1] INFO  storage.RaftStorage (RaftStorage.java:format(72)) - Storage directory /workdir/hadoop-ozone/ozonefs/target/test-dir/MiniOzoneClusterImpl-cc9961a9-1b1a-49c1-80c6-6d48514b4463/datanode-1/data/ratis/54e04afc-445b-470f-94f9-d696aed5cb12 has been successfully formatted.
2019-10-01 20:23:33,772 [pool-47-thread-1] INFO  ratis.ContainerStateMachine (ContainerStateMachine.java:loadSnapshot(231)) - group-D696AED5CB12: The snapshot info is null. Setting the last applied indexto:(t:0, i:~)
2019-10-01 20:23:33,772 [pool-68-thread-1] INFO  ratis.ContainerStateMachine (ContainerStateMachine.java:loadSnapshot(231)) - group-D696AED5CB12: The snapshot info is null. Setting the last applied indexto:(t:0, i:~)
2019-10-01 20:23:33,773 [pool-47-thread-1] INFO  server.RaftServerConfigKeys (ConfUtils.java:logGet(43)) - raft.server.notification.no-leader.timeout = 120s (custom)
2019-10-01 20:23:33,773 [pool-37-thread-1] INFO  ratis.ContainerStateMachine (ContainerStateMachine.java:loadSnapshot(231)) - group-D696AED5CB12: The snapshot info is null. Setting the last applied indexto:(t:0, i:~)
2019-10-01 20:23:33,773 [pool-47-thread-1] INFO  server.RaftServerConfigKeys (ConfUtils.java:logGet(43)) - raft.server.log.use.memory = false (default)
2019-10-01 20:23:33,773 [pool-68-thread-1] INFO  server.RaftServerConfigKeys (ConfUtils.java:logGet(43)) - raft.server.notification.no-leader.timeout = 120s (custom)
2019-10-01 20:23:33,773 [pool-47-thread-1] INFO  server.RaftServerConfigKeys (ConfUtils.java:logGet(43)) - raft.server.log.purge.gap = 1000000 (custom)
2019-10-01 20:23:33,773 [pool-37-thread-1] INFO  server.RaftServerConfigKeys (ConfUtils.java:logGet(43)) - raft.server.notification.no-leader.timeout = 120s (custom)
2019-10-01 20:23:33,774 [pool-47-thread-1] INFO  server.RaftServerConfigKeys (ConfUtils.java:logGet(43)) - raft.server.log.appender.buffer.byte-limit = 33554432 (custom)
2019-10-01 20:23:33,773 [pool-68-thread-1] INFO  server.RaftServerConfigKeys (ConfUtils.java:logGet(43)) - raft.server.log.use.memory = false (default)
2019-10-01 20:23:33,774 [pool-47-thread-1] INFO  server.RaftServerConfigKeys (ConfUtils.java:logGet(43)) - raft.server.log.segment.size.max = 1048576 (custom)
2019-10-01 20:23:33,774 [pool-37-thread-1] INFO  server.RaftServerConfigKeys (ConfUtils.java:logGet(43)) - raft.server.log.use.memory = false (default)
2019-10-01 20:23:33,774 [pool-47-thread-1] INFO  server.RaftServerConfigKeys (ConfUtils.java:logGet(43)) - raft.server.log.segment.cache.num.max = 2 (custom)
2019-10-01 20:23:33,774 [pool-68-thread-1] INFO  server.RaftServerConfigKeys (ConfUtils.java:logGet(43)) - raft.server.log.purge.gap = 1000000 (custom)
2019-10-01 20:23:33,774 [pool-47-thread-1] INFO  segmented.SegmentedRaftLogWorker (SegmentedRaftLogWorker.java:<init>(172)) - new c87755eb-8f71-406d-9b39-c7913bad0d26@group-D696AED5CB12-SegmentedRaftLogWorker for RaftStorage:Storage Directory /workdir/hadoop-ozone/ozonefs/target/test-dir/MiniOzoneClusterImpl-cc9961a9-1b1a-49c1-80c6-6d48514b4463/datanode-2/data/ratis/54e04afc-445b-470f-94f9-d696aed5cb12
2019-10-01 20:23:33,774 [pool-37-thread-1] INFO  server.RaftServerConfigKeys (ConfUtils.java:logGet(43)) - raft.server.log.purge.gap = 1000000 (custom)
2019-10-01 20:23:33,775 [pool-47-thread-1] INFO  server.RaftServerConfigKeys (ConfUtils.java:logGet(43)) - raft.server.log.queue.byte-limit = 2147483647 (custom)
2019-10-01 20:23:33,775 [pool-68-thread-1] INFO  server.RaftServerConfigKeys (ConfUtils.java:logGet(43)) - raft.server.log.appender.buffer.byte-limit = 33554432 (custom)
2019-10-01 20:23:33,775 [pool-47-thread-1] INFO  server.RaftServerConfigKeys (ConfUtils.java:logGet(43)) - raft.server.log.queue.element-limit = 1024 (custom)
2019-10-01 20:23:33,775 [pool-37-thread-1] INFO  server.RaftServerConfigKeys (ConfUtils.java:logGet(43)) - raft.server.log.appender.buffer.byte-limit = 33554432 (custom)
2019-10-01 20:23:33,775 [pool-47-thread-1] INFO  server.RaftServerConfigKeys (ConfUtils.java:logGet(43)) - raft.server.log.segment.size.max = 1048576 (custom)
2019-10-01 20:23:33,775 [pool-68-thread-1] INFO  server.RaftServerConfigKeys (ConfUtils.java:logGet(43)) - raft.server.log.segment.size.max = 1048576 (custom)
2019-10-01 20:23:33,776 [pool-47-thread-1] INFO  server.RaftServerConfigKeys (ConfUtils.java:logGet(43)) - raft.server.log.preallocated.size = 16384 (custom)
2019-10-01 20:23:33,775 [pool-37-thread-1] INFO  server.RaftServerConfigKeys (ConfUtils.java:logGet(43)) - raft.server.log.segment.size.max = 1048576 (custom)
2019-10-01 20:23:33,776 [pool-47-thread-1] INFO  server.RaftServerConfigKeys (ConfUtils.java:logGet(43)) - raft.server.log.write.buffer.size = 33554432 (custom)
2019-10-01 20:23:33,776 [pool-68-thread-1] INFO  server.RaftServerConfigKeys (ConfUtils.java:logGet(43)) - raft.server.log.segment.cache.num.max = 2 (custom)
2019-10-01 20:23:33,776 [pool-47-thread-1] INFO  server.RaftServerConfigKeys (ConfUtils.java:logGet(43)) - raft.server.log.force.sync.num = 128 (default)
2019-10-01 20:23:33,776 [pool-37-thread-1] INFO  server.RaftServerConfigKeys (ConfUtils.java:logGet(43)) - raft.server.log.segment.cache.num.max = 2 (custom)
2019-10-01 20:23:33,776 [pool-47-thread-1] INFO  server.RaftServerConfigKeys (ConfUtils.java:logGet(43)) - raft.server.log.statemachine.data.sync = true (default)
2019-10-01 20:23:33,776 [pool-68-thread-1] INFO  segmented.SegmentedRaftLogWorker (SegmentedRaftLogWorker.java:<init>(172)) - new 28af574d-2172-4d1d-8894-6c49f9cc6298@group-D696AED5CB12-SegmentedRaftLogWorker for RaftStorage:Storage Directory /workdir/hadoop-ozone/ozonefs/target/test-dir/MiniOzoneClusterImpl-cc9961a9-1b1a-49c1-80c6-6d48514b4463/datanode-4/data/ratis/54e04afc-445b-470f-94f9-d696aed5cb12
2019-10-01 20:23:33,777 [pool-47-thread-1] INFO  server.RaftServerConfigKeys (ConfUtils.java:logGet(43)) - raft.server.log.statemachine.data.sync.timeout = 10s (default)
2019-10-01 20:23:33,776 [pool-37-thread-1] INFO  segmented.SegmentedRaftLogWorker (SegmentedRaftLogWorker.java:<init>(172)) - new dd72838a-f206-4369-be48-6b1e036e4dac@group-D696AED5CB12-SegmentedRaftLogWorker for RaftStorage:Storage Directory /workdir/hadoop-ozone/ozonefs/target/test-dir/MiniOzoneClusterImpl-cc9961a9-1b1a-49c1-80c6-6d48514b4463/datanode-1/data/ratis/54e04afc-445b-470f-94f9-d696aed5cb12
2019-10-01 20:23:33,777 [pool-47-thread-1] INFO  server.RaftServerConfigKeys (ConfUtils.java:logGet(43)) - raft.server.log.statemachine.data.sync.timeout.retry = -1 (default)
2019-10-01 20:23:33,777 [pool-68-thread-1] INFO  server.RaftServerConfigKeys (ConfUtils.java:logGet(43)) - raft.server.log.queue.byte-limit = 2147483647 (custom)
2019-10-01 20:23:33,777 [pool-47-thread-1] INFO  server.RaftServerConfigKeys (ConfUtils.java:logGet(43)) - raft.server.log.statemachine.data.caching.enabled = true (custom)
2019-10-01 20:23:33,777 [pool-37-thread-1] INFO  server.RaftServerConfigKeys (ConfUtils.java:logGet(43)) - raft.server.log.queue.byte-limit = 2147483647 (custom)
2019-10-01 20:23:33,777 [pool-68-thread-1] INFO  server.RaftServerConfigKeys (ConfUtils.java:logGet(43)) - raft.server.log.queue.element-limit = 1024 (custom)
2019-10-01 20:23:33,777 [pool-47-thread-1] INFO  segmented.SegmentedRaftLogWorker (SegmentedRaftLogWorker.java:lambda$new$0(132)) - c87755eb-8f71-406d-9b39-c7913bad0d26@group-D696AED5CB12-SegmentedRaftLogWorker: flushIndex: setUnconditionally 0 -> -1
2019-10-01 20:23:33,777 [pool-37-thread-1] INFO  server.RaftServerConfigKeys (ConfUtils.java:logGet(43)) - raft.server.log.queue.element-limit = 1024 (custom)
2019-10-01 20:23:33,778 [pool-68-thread-1] INFO  server.RaftServerConfigKeys (ConfUtils.java:logGet(43)) - raft.server.log.segment.size.max = 1048576 (custom)
2019-10-01 20:23:33,778 [pool-37-thread-1] INFO  server.RaftServerConfigKeys (ConfUtils.java:logGet(43)) - raft.server.log.segment.size.max = 1048576 (custom)
2019-10-01 20:23:33,778 [pool-47-thread-1] INFO  server.RaftServerConfigKeys (ConfUtils.java:logGet(43)) - raft.server.snapshot.auto.trigger.enabled = true (custom)
2019-10-01 20:23:33,778 [pool-68-thread-1] INFO  server.RaftServerConfigKeys (ConfUtils.java:logGet(43)) - raft.server.log.preallocated.size = 16384 (custom)
2019-10-01 20:23:33,778 [pool-47-thread-1] INFO  server.RaftServerConfigKeys (ConfUtils.java:logGet(43)) - raft.server.snapshot.auto.trigger.threshold = 10000 (custom)
2019-10-01 20:23:33,778 [pool-37-thread-1] INFO  server.RaftServerConfigKeys (ConfUtils.java:logGet(43)) - raft.server.log.preallocated.size = 16384 (custom)
2019-10-01 20:23:33,778 [pool-47-thread-1] INFO  server.RaftServerConfigKeys (ConfUtils.java:logGet(43)) - raft.server.snapshot.retention.num.files = 5 (custom)
2019-10-01 20:23:33,778 [pool-68-thread-1] INFO  server.RaftServerConfigKeys (ConfUtils.java:logGet(43)) - raft.server.log.write.buffer.size = 33554432 (custom)
2019-10-01 20:23:33,779 [pool-47-thread-1] INFO  server.RaftServerConfigKeys (ConfUtils.java:logGet(43)) - raft.server.retrycache.expirytime = 600000ms (custom)
2019-10-01 20:23:33,778 [pool-37-thread-1] INFO  server.RaftServerConfigKeys (ConfUtils.java:logGet(43)) - raft.server.log.write.buffer.size = 33554432 (custom)
2019-10-01 20:23:33,779 [pool-68-thread-1] INFO  server.RaftServerConfigKeys (ConfUtils.java:logGet(43)) - raft.server.log.force.sync.num = 128 (default)
2019-10-01 20:23:33,779 [pool-37-thread-1] INFO  server.RaftServerConfigKeys (ConfUtils.java:logGet(43)) - raft.server.log.force.sync.num = 128 (default)
2019-10-01 20:23:33,779 [pool-68-thread-1] INFO  server.RaftServerConfigKeys (ConfUtils.java:logGet(43)) - raft.server.log.statemachine.data.sync = true (default)
2019-10-01 20:23:33,779 [pool-37-thread-1] INFO  server.RaftServerConfigKeys (ConfUtils.java:logGet(43)) - raft.server.log.statemachine.data.sync = true (default)
2019-10-01 20:23:33,779 [pool-68-thread-1] INFO  server.RaftServerConfigKeys (ConfUtils.java:logGet(43)) - raft.server.log.statemachine.data.sync.timeout = 10s (default)
2019-10-01 20:23:33,779 [pool-37-thread-1] INFO  server.RaftServerConfigKeys (ConfUtils.java:logGet(43)) - raft.server.log.statemachine.data.sync.timeout = 10s (default)
2019-10-01 20:23:33,779 [pool-68-thread-1] INFO  server.RaftServerConfigKeys (ConfUtils.java:logGet(43)) - raft.server.log.statemachine.data.sync.timeout.retry = -1 (default)
2019-10-01 20:23:33,779 [pool-37-thread-1] INFO  server.RaftServerConfigKeys (ConfUtils.java:logGet(43)) - raft.server.log.statemachine.data.sync.timeout.retry = -1 (default)
2019-10-01 20:23:33,780 [pool-68-thread-1] INFO  server.RaftServerConfigKeys (ConfUtils.java:logGet(43)) - raft.server.log.statemachine.data.caching.enabled = true (custom)
2019-10-01 20:23:33,780 [pool-37-thread-1] INFO  server.RaftServerConfigKeys (ConfUtils.java:logGet(43)) - raft.server.log.statemachine.data.caching.enabled = true (custom)
2019-10-01 20:23:33,780 [pool-68-thread-1] INFO  segmented.SegmentedRaftLogWorker (SegmentedRaftLogWorker.java:lambda$new$0(132)) - 28af574d-2172-4d1d-8894-6c49f9cc6298@group-D696AED5CB12-SegmentedRaftLogWorker: flushIndex: setUnconditionally 0 -> -1
2019-10-01 20:23:33,780 [pool-37-thread-1] INFO  segmented.SegmentedRaftLogWorker (SegmentedRaftLogWorker.java:lambda$new$0(132)) - dd72838a-f206-4369-be48-6b1e036e4dac@group-D696AED5CB12-SegmentedRaftLogWorker: flushIndex: setUnconditionally 0 -> -1
2019-10-01 20:23:33,780 [pool-68-thread-1] INFO  server.RaftServerConfigKeys (ConfUtils.java:logGet(43)) - raft.server.snapshot.auto.trigger.enabled = true (custom)
2019-10-01 20:23:33,780 [pool-68-thread-1] INFO  server.RaftServerConfigKeys (ConfUtils.java:logGet(43)) - raft.server.snapshot.auto.trigger.threshold = 10000 (custom)
2019-10-01 20:23:33,780 [pool-37-thread-1] INFO  server.RaftServerConfigKeys (ConfUtils.java:logGet(43)) - raft.server.snapshot.auto.trigger.enabled = true (custom)
2019-10-01 20:23:33,780 [pool-68-thread-1] INFO  server.RaftServerConfigKeys (ConfUtils.java:logGet(43)) - raft.server.snapshot.retention.num.files = 5 (custom)
2019-10-01 20:23:33,781 [pool-37-thread-1] INFO  server.RaftServerConfigKeys (ConfUtils.java:logGet(43)) - raft.server.snapshot.auto.trigger.threshold = 10000 (custom)
2019-10-01 20:23:33,781 [pool-68-thread-1] INFO  server.RaftServerConfigKeys (ConfUtils.java:logGet(43)) - raft.server.retrycache.expirytime = 600000ms (custom)
2019-10-01 20:23:33,781 [pool-37-thread-1] INFO  server.RaftServerConfigKeys (ConfUtils.java:logGet(43)) - raft.server.snapshot.retention.num.files = 5 (custom)
2019-10-01 20:23:33,781 [pool-37-thread-1] INFO  server.RaftServerConfigKeys (ConfUtils.java:logGet(43)) - raft.server.retrycache.expirytime = 600000ms (custom)
2019-10-01 20:23:33,782 [pool-47-thread-1] INFO  impl.RaftServerImpl (RaftServerImpl.java:start(185)) - c87755eb-8f71-406d-9b39-c7913bad0d26@group-D696AED5CB12: start as a follower, conf=-1: [28af574d-2172-4d1d-8894-6c49f9cc6298:192.168.151.103:43956, dd72838a-f206-4369-be48-6b1e036e4dac:192.168.151.103:34429, c87755eb-8f71-406d-9b39-c7913bad0d26:192.168.151.103:42498], old=null
2019-10-01 20:23:33,782 [pool-47-thread-1] INFO  impl.RaftServerImpl (RaftServerImpl.java:setRole(174)) - c87755eb-8f71-406d-9b39-c7913bad0d26@group-D696AED5CB12: changes role from      null to FOLLOWER at term 0 for startAsFollower
2019-10-01 20:23:33,782 [pool-47-thread-1] INFO  impl.RoleInfo (RoleInfo.java:updateAndGet(143)) - c87755eb-8f71-406d-9b39-c7913bad0d26: start FollowerState
2019-10-01 20:23:33,783 [pool-47-thread-1] INFO  util.JmxRegister (JmxRegister.java:tryRegister(44)) - Successfully registered JMX Bean with object name Ratis:service=RaftServer,group=group-D696AED5CB12,id=c87755eb-8f71-406d-9b39-c7913bad0d26
2019-10-01 20:23:33,783 [pool-68-thread-1] INFO  impl.RaftServerImpl (RaftServerImpl.java:start(185)) - 28af574d-2172-4d1d-8894-6c49f9cc6298@group-D696AED5CB12: start as a follower, conf=-1: [28af574d-2172-4d1d-8894-6c49f9cc6298:192.168.151.103:43956, dd72838a-f206-4369-be48-6b1e036e4dac:192.168.151.103:34429, c87755eb-8f71-406d-9b39-c7913bad0d26:192.168.151.103:42498], old=null
2019-10-01 20:23:33,783 [pool-68-thread-1] INFO  impl.RaftServerImpl (RaftServerImpl.java:setRole(174)) - 28af574d-2172-4d1d-8894-6c49f9cc6298@group-D696AED5CB12: changes role from      null to FOLLOWER at term 0 for startAsFollower
2019-10-01 20:23:33,784 [pool-68-thread-1] INFO  impl.RoleInfo (RoleInfo.java:updateAndGet(143)) - 28af574d-2172-4d1d-8894-6c49f9cc6298: start FollowerState
2019-10-01 20:23:33,784 [pool-68-thread-1] INFO  util.JmxRegister (JmxRegister.java:tryRegister(44)) - Successfully registered JMX Bean with object name Ratis:service=RaftServer,group=group-D696AED5CB12,id=28af574d-2172-4d1d-8894-6c49f9cc6298
2019-10-01 20:23:33,786 [pool-37-thread-1] INFO  impl.RaftServerImpl (RaftServerImpl.java:start(185)) - dd72838a-f206-4369-be48-6b1e036e4dac@group-D696AED5CB12: start as a follower, conf=-1: [28af574d-2172-4d1d-8894-6c49f9cc6298:192.168.151.103:43956, dd72838a-f206-4369-be48-6b1e036e4dac:192.168.151.103:34429, c87755eb-8f71-406d-9b39-c7913bad0d26:192.168.151.103:42498], old=null
2019-10-01 20:23:33,786 [pool-37-thread-1] INFO  impl.RaftServerImpl (RaftServerImpl.java:setRole(174)) - dd72838a-f206-4369-be48-6b1e036e4dac@group-D696AED5CB12: changes role from      null to FOLLOWER at term 0 for startAsFollower
2019-10-01 20:23:33,786 [pool-37-thread-1] INFO  impl.RoleInfo (RoleInfo.java:updateAndGet(143)) - dd72838a-f206-4369-be48-6b1e036e4dac: start FollowerState
2019-10-01 20:23:33,786 [pool-37-thread-1] INFO  util.JmxRegister (JmxRegister.java:tryRegister(44)) - Successfully registered JMX Bean with object name Ratis:service=RaftServer,group=group-D696AED5CB12,id=dd72838a-f206-4369-be48-6b1e036e4dac
2019-10-01 20:23:33,788 [RatisPipelineUtilsThread] INFO  pipeline.PipelineStateManager (PipelineStateManager.java:addPipeline(56)) - Created pipeline Pipeline[ Id: 54e04afc-445b-470f-94f9-d696aed5cb12, Nodes: dd72838a-f206-4369-be48-6b1e036e4dac{ip: 192.168.151.103, host: pr-trunk-878pl-325597374, networkLocation: /default-rack, certSerialId: null}c87755eb-8f71-406d-9b39-c7913bad0d26{ip: 192.168.151.103, host: pr-trunk-878pl-325597374, networkLocation: /default-rack, certSerialId: null}28af574d-2172-4d1d-8894-6c49f9cc6298{ip: 192.168.151.103, host: pr-trunk-878pl-325597374, networkLocation: /default-rack, certSerialId: null}, Type:RATIS, Factor:THREE, State:OPEN]
2019-10-01 20:23:38,885 [Thread-1477] INFO  impl.FollowerState (FollowerState.java:run(106)) - 28af574d-2172-4d1d-8894-6c49f9cc6298:group-D696AED5CB12 changes to CANDIDATE, lastRpcTime:5101, electionTimeout:5101ms
2019-10-01 20:23:38,886 [Thread-1477] INFO  impl.RoleInfo (RoleInfo.java:shutdownFollowerState(121)) - 28af574d-2172-4d1d-8894-6c49f9cc6298: shutdown FollowerState
2019-10-01 20:23:38,886 [Thread-1477] INFO  impl.RaftServerImpl (RaftServerImpl.java:setRole(174)) - 28af574d-2172-4d1d-8894-6c49f9cc6298@group-D696AED5CB12: changes role from  FOLLOWER to CANDIDATE at term 0 for changeToCandidate
2019-10-01 20:23:38,886 [Thread-1477] INFO  impl.RoleInfo (RoleInfo.java:updateAndGet(143)) - 28af574d-2172-4d1d-8894-6c49f9cc6298: start LeaderElection
2019-10-01 20:23:38,897 [Thread-1475] INFO  impl.FollowerState (FollowerState.java:run(106)) - c87755eb-8f71-406d-9b39-c7913bad0d26:group-D696AED5CB12 changes to CANDIDATE, lastRpcTime:5114, electionTimeout:5114ms
2019-10-01 20:23:38,898 [Thread-1475] INFO  impl.RoleInfo (RoleInfo.java:shutdownFollowerState(121)) - c87755eb-8f71-406d-9b39-c7913bad0d26: shutdown FollowerState
2019-10-01 20:23:38,898 [Thread-1475] INFO  impl.RaftServerImpl (RaftServerImpl.java:setRole(174)) - c87755eb-8f71-406d-9b39-c7913bad0d26@group-D696AED5CB12: changes role from  FOLLOWER to CANDIDATE at term 0 for changeToCandidate
2019-10-01 20:23:38,898 [Thread-1475] INFO  impl.RoleInfo (RoleInfo.java:updateAndGet(143)) - c87755eb-8f71-406d-9b39-c7913bad0d26: start LeaderElection
2019-10-01 20:23:38,905 [28af574d-2172-4d1d-8894-6c49f9cc6298@group-D696AED5CB12:LeaderElection27] INFO  impl.LeaderElection (LeaderElection.java:askForVotes(182)) - 28af574d-2172-4d1d-8894-6c49f9cc6298@group-D696AED5CB12:LeaderElection27: begin an election at term 1 for -1: [28af574d-2172-4d1d-8894-6c49f9cc6298:192.168.151.103:43956, dd72838a-f206-4369-be48-6b1e036e4dac:192.168.151.103:34429, c87755eb-8f71-406d-9b39-c7913bad0d26:192.168.151.103:42498], old=null
2019-10-01 20:23:38,908 [grpc-default-executor-4] INFO  impl.RaftServerImpl (RaftServerImpl.java:setRole(174)) - dd72838a-f206-4369-be48-6b1e036e4dac@group-D696AED5CB12: changes role from  FOLLOWER to FOLLOWER at term 1 for recognizeCandidate:28af574d-2172-4d1d-8894-6c49f9cc6298
2019-10-01 20:23:38,908 [c87755eb-8f71-406d-9b39-c7913bad0d26@group-D696AED5CB12:LeaderElection28] INFO  impl.LeaderElection (LeaderElection.java:askForVotes(182)) - c87755eb-8f71-406d-9b39-c7913bad0d26@group-D696AED5CB12:LeaderElection28: begin an election at term 1 for -1: [28af574d-2172-4d1d-8894-6c49f9cc6298:192.168.151.103:43956, dd72838a-f206-4369-be48-6b1e036e4dac:192.168.151.103:34429, c87755eb-8f71-406d-9b39-c7913bad0d26:192.168.151.103:42498], old=null
2019-10-01 20:23:38,908 [grpc-default-executor-4] INFO  impl.RoleInfo (RoleInfo.java:shutdownFollowerState(121)) - dd72838a-f206-4369-be48-6b1e036e4dac: shutdown FollowerState
2019-10-01 20:23:38,908 [grpc-default-executor-4] INFO  impl.RoleInfo (RoleInfo.java:updateAndGet(143)) - dd72838a-f206-4369-be48-6b1e036e4dac: start FollowerState
2019-10-01 20:23:38,908 [Thread-1479] INFO  impl.FollowerState (FollowerState.java:run(115)) - dd72838a-f206-4369-be48-6b1e036e4dac: FollowerState was interrupted: java.lang.InterruptedException: sleep interrupted
2019-10-01 20:23:38,923 [28af574d-2172-4d1d-8894-6c49f9cc6298@group-D696AED5CB12:LeaderElection27] INFO  impl.LeaderElection (LeaderElection.java:logAndReturn(56)) - 28af574d-2172-4d1d-8894-6c49f9cc6298@group-D696AED5CB12:LeaderElection27: Election PASSED; received 2 response(s) [28af574d-2172-4d1d-8894-6c49f9cc6298<-c87755eb-8f71-406d-9b39-c7913bad0d26#0:FAIL-t1, 28af574d-2172-4d1d-8894-6c49f9cc6298<-dd72838a-f206-4369-be48-6b1e036e4dac#0:OK-t1] and 0 exception(s); 28af574d-2172-4d1d-8894-6c49f9cc6298@group-D696AED5CB12:t1, leader=null, voted=28af574d-2172-4d1d-8894-6c49f9cc6298, raftlog=28af574d-2172-4d1d-8894-6c49f9cc6298@group-D696AED5CB12-SegmentedRaftLog:OPENED:c-1,f-1,i0, conf=-1: [28af574d-2172-4d1d-8894-6c49f9cc6298:192.168.151.103:43956, dd72838a-f206-4369-be48-6b1e036e4dac:192.168.151.103:34429, c87755eb-8f71-406d-9b39-c7913bad0d26:192.168.151.103:42498], old=null
2019-10-01 20:23:38,923 [c87755eb-8f71-406d-9b39-c7913bad0d26@group-D696AED5CB12:LeaderElection28] INFO  impl.LeaderElection (LeaderElection.java:logAndReturn(56)) - c87755eb-8f71-406d-9b39-c7913bad0d26@group-D696AED5CB12:LeaderElection28: Election REJECTED; received 2 response(s) [c87755eb-8f71-406d-9b39-c7913bad0d26<-28af574d-2172-4d1d-8894-6c49f9cc6298#0:FAIL-t1, c87755eb-8f71-406d-9b39-c7913bad0d26<-dd72838a-f206-4369-be48-6b1e036e4dac#0:FAIL-t1] and 0 exception(s); c87755eb-8f71-406d-9b39-c7913bad0d26@group-D696AED5CB12:t1, leader=null, voted=c87755eb-8f71-406d-9b39-c7913bad0d26, raftlog=c87755eb-8f71-406d-9b39-c7913bad0d26@group-D696AED5CB12-SegmentedRaftLog:OPENED:c-1,f-1,i0, conf=-1: [28af574d-2172-4d1d-8894-6c49f9cc6298:192.168.151.103:43956, dd72838a-f206-4369-be48-6b1e036e4dac:192.168.151.103:34429, c87755eb-8f71-406d-9b39-c7913bad0d26:192.168.151.103:42498], old=null
2019-10-01 20:23:38,923 [28af574d-2172-4d1d-8894-6c49f9cc6298@group-D696AED5CB12:LeaderElection27] INFO  impl.RoleInfo (RoleInfo.java:shutdownLeaderElection(134)) - 28af574d-2172-4d1d-8894-6c49f9cc6298: shutdown LeaderElection
2019-10-01 20:23:38,925 [28af574d-2172-4d1d-8894-6c49f9cc6298@group-D696AED5CB12:LeaderElection27] INFO  impl.RaftServerImpl (RaftServerImpl.java:setRole(174)) - 28af574d-2172-4d1d-8894-6c49f9cc6298@group-D696AED5CB12: changes role from CANDIDATE to LEADER at term 1 for changeToLeader
2019-10-01 20:23:38,925 [28af574d-2172-4d1d-8894-6c49f9cc6298@group-D696AED5CB12:LeaderElection27] INFO  impl.RaftServerImpl (ServerState.java:setLeader(253)) - 28af574d-2172-4d1d-8894-6c49f9cc6298@group-D696AED5CB12: change Leader from null to 28af574d-2172-4d1d-8894-6c49f9cc6298 at term 1 for becomeLeader, leader elected after 5152ms
2019-10-01 20:23:38,925 [c87755eb-8f71-406d-9b39-c7913bad0d26@group-D696AED5CB12:LeaderElection28] INFO  impl.RaftServerImpl (RaftServerImpl.java:setRole(174)) - c87755eb-8f71-406d-9b39-c7913bad0d26@group-D696AED5CB12: changes role from CANDIDATE to FOLLOWER at term 1 for DISCOVERED_A_NEW_TERM
2019-10-01 20:23:38,927 [c87755eb-8f71-406d-9b39-c7913bad0d26@group-D696AED5CB12:LeaderElection28] INFO  impl.RoleInfo (RoleInfo.java:shutdownLeaderElection(134)) - c87755eb-8f71-406d-9b39-c7913bad0d26: shutdown LeaderElection
2019-10-01 20:23:38,927 [28af574d-2172-4d1d-8894-6c49f9cc6298@group-D696AED5CB12:LeaderElection27] INFO  server.RaftServerConfigKeys (ConfUtils.java:logGet(43)) - raft.server.staging.catchup.gap = 1000 (default)
2019-10-01 20:23:38,927 [c87755eb-8f71-406d-9b39-c7913bad0d26@group-D696AED5CB12:LeaderElection28] INFO  impl.RoleInfo (RoleInfo.java:updateAndGet(143)) - c87755eb-8f71-406d-9b39-c7913bad0d26: start FollowerState
2019-10-01 20:23:38,927 [28af574d-2172-4d1d-8894-6c49f9cc6298@group-D696AED5CB12:LeaderElection27] INFO  server.RaftServerConfigKeys (ConfUtils.java:logGet(43)) - raft.server.rpc.sleep.time = 25ms (default)
2019-10-01 20:23:38,927 [28af574d-2172-4d1d-8894-6c49f9cc6298@group-D696AED5CB12:LeaderElection27] INFO  server.RaftServerConfigKeys (ConfUtils.java:logGet(43)) - raft.server.write.element-limit = 4096 (default)
2019-10-01 20:23:38,927 [28af574d-2172-4d1d-8894-6c49f9cc6298@group-D696AED5CB12:LeaderElection27] INFO  server.RaftServerConfigKeys (ConfUtils.java:logGet(43)) - raft.server.watch.timeout = 10s (default)
2019-10-01 20:23:38,927 [28af574d-2172-4d1d-8894-6c49f9cc6298@group-D696AED5CB12:LeaderElection27] INFO  server.RaftServerConfigKeys (ConfUtils.java:logGet(43)) - raft.server.watch.timeout.denomination = 1s (default)
2019-10-01 20:23:38,927 [28af574d-2172-4d1d-8894-6c49f9cc6298@group-D696AED5CB12:LeaderElection27] INFO  server.RaftServerConfigKeys (ConfUtils.java:logGet(43)) - raft.server.watch.element-limit = 65536 (default)
2019-10-01 20:23:38,929 [28af574d-2172-4d1d-8894-6c49f9cc6298@group-D696AED5CB12:LeaderElection27] INFO  server.RaftServerConfigKeys (ConfUtils.java:logGet(43)) - raft.server.log.appender.snapshot.chunk.size.max = 16MB (=16777216) (default)
2019-10-01 20:23:38,929 [28af574d-2172-4d1d-8894-6c49f9cc6298@group-D696AED5CB12:LeaderElection27] INFO  server.RaftServerConfigKeys (ConfUtils.java:logGet(43)) - raft.server.log.appender.buffer.byte-limit = 33554432 (custom)
2019-10-01 20:23:38,929 [28af574d-2172-4d1d-8894-6c49f9cc6298@group-D696AED5CB12:LeaderElection27] INFO  server.RaftServerConfigKeys (ConfUtils.java:logGet(43)) - raft.server.log.appender.buffer.element-limit = 1 (custom)
2019-10-01 20:23:38,929 [28af574d-2172-4d1d-8894-6c49f9cc6298@group-D696AED5CB12:LeaderElection27] INFO  grpc.GrpcConfigKeys$Server (ConfUtils.java:logGet(43)) - raft.grpc.server.leader.outstanding.appends.max = 128 (default)
2019-10-01 20:23:38,930 [28af574d-2172-4d1d-8894-6c49f9cc6298@group-D696AED5CB12:LeaderElection27] INFO  server.RaftServerConfigKeys (ConfUtils.java:logGet(43)) - raft.server.rpc.request.timeout = 3000ms (default)
2019-10-01 20:23:38,930 [28af574d-2172-4d1d-8894-6c49f9cc6298@group-D696AED5CB12:LeaderElection27] INFO  server.RaftServerConfigKeys (ConfUtils.java:logGet(43)) - raft.server.log.appender.install.snapshot.enabled = false (custom)
2019-10-01 20:23:38,930 [28af574d-2172-4d1d-8894-6c49f9cc6298@group-D696AED5CB12:LeaderElection27] INFO  server.RaftServerConfigKeys (ConfUtils.java:logGet(43)) - raft.server.log.appender.snapshot.chunk.size.max = 16MB (=16777216) (default)
2019-10-01 20:23:38,930 [28af574d-2172-4d1d-8894-6c49f9cc6298@group-D696AED5CB12:LeaderElection27] INFO  server.RaftServerConfigKeys (ConfUtils.java:logGet(43)) - raft.server.log.appender.buffer.byte-limit = 33554432 (custom)
2019-10-01 20:23:38,930 [28af574d-2172-4d1d-8894-6c49f9cc6298@group-D696AED5CB12:LeaderElection27] INFO  server.RaftServerConfigKeys (ConfUtils.java:logGet(43)) - raft.server.log.appender.buffer.element-limit = 1 (custom)
2019-10-01 20:23:38,930 [28af574d-2172-4d1d-8894-6c49f9cc6298@group-D696AED5CB12:LeaderElection27] INFO  grpc.GrpcConfigKeys$Server (ConfUtils.java:logGet(43)) - raft.grpc.server.leader.outstanding.appends.max = 128 (default)
2019-10-01 20:23:38,930 [28af574d-2172-4d1d-8894-6c49f9cc6298@group-D696AED5CB12:LeaderElection27] INFO  server.RaftServerConfigKeys (ConfUtils.java:logGet(43)) - raft.server.rpc.request.timeout = 3000ms (default)
2019-10-01 20:23:38,930 [28af574d-2172-4d1d-8894-6c49f9cc6298@group-D696AED5CB12:LeaderElection27] INFO  server.RaftServerConfigKeys (ConfUtils.java:logGet(43)) - raft.server.log.appender.install.snapshot.enabled = false (custom)
2019-10-01 20:23:38,930 [28af574d-2172-4d1d-8894-6c49f9cc6298@group-D696AED5CB12:LeaderElection27] INFO  impl.RoleInfo (RoleInfo.java:updateAndGet(143)) - 28af574d-2172-4d1d-8894-6c49f9cc6298: start LeaderState
2019-10-01 20:23:38,931 [28af574d-2172-4d1d-8894-6c49f9cc6298@group-D696AED5CB12:LeaderElection27] INFO  segmented.SegmentedRaftLogWorker (SegmentedRaftLogWorker.java:startLogSegment(380)) - 28af574d-2172-4d1d-8894-6c49f9cc6298@group-D696AED5CB12-SegmentedRaftLogWorker: Starting segment from index:0
2019-10-01 20:23:38,931 [28af574d-2172-4d1d-8894-6c49f9cc6298@group-D696AED5CB12:LeaderElection27] INFO  impl.RaftServerImpl (ServerState.java:setRaftConf(354)) - 28af574d-2172-4d1d-8894-6c49f9cc6298@group-D696AED5CB12: set configuration 0: [28af574d-2172-4d1d-8894-6c49f9cc6298:192.168.151.103:43956, dd72838a-f206-4369-be48-6b1e036e4dac:192.168.151.103:34429, c87755eb-8f71-406d-9b39-c7913bad0d26:192.168.151.103:42498], old=null at 0
2019-10-01 20:23:38,932 [grpc-default-executor-4] INFO  impl.RaftServerImpl (ServerState.java:setLeader(253)) - dd72838a-f206-4369-be48-6b1e036e4dac@group-D696AED5CB12: change Leader from null to 28af574d-2172-4d1d-8894-6c49f9cc6298 at term 1 for appendEntries, leader elected after 5159ms
2019-10-01 20:23:38,958 [grpc-default-executor-10] INFO  impl.RaftServerImpl (ServerState.java:setLeader(253)) - c87755eb-8f71-406d-9b39-c7913bad0d26@group-D696AED5CB12: change Leader from null to 28af574d-2172-4d1d-8894-6c49f9cc6298 at term 1 for appendEntries, leader elected after 5185ms
2019-10-01 20:23:38,960 [grpc-default-executor-10] INFO  impl.RaftServerImpl (ServerState.java:setRaftConf(354)) - c87755eb-8f71-406d-9b39-c7913bad0d26@group-D696AED5CB12: set configuration 0: [28af574d-2172-4d1d-8894-6c49f9cc6298:192.168.151.103:43956, dd72838a-f206-4369-be48-6b1e036e4dac:192.168.151.103:34429, c87755eb-8f71-406d-9b39-c7913bad0d26:192.168.151.103:42498], old=null at 0
2019-10-01 20:23:38,960 [grpc-default-executor-4] INFO  impl.RaftServerImpl (ServerState.java:setRaftConf(354)) - dd72838a-f206-4369-be48-6b1e036e4dac@group-D696AED5CB12: set configuration 0: [28af574d-2172-4d1d-8894-6c49f9cc6298:192.168.151.103:43956, dd72838a-f206-4369-be48-6b1e036e4dac:192.168.151.103:34429, c87755eb-8f71-406d-9b39-c7913bad0d26:192.168.151.103:42498], old=null at 0
2019-10-01 20:23:38,960 [grpc-default-executor-10] INFO  segmented.SegmentedRaftLogWorker (SegmentedRaftLogWorker.java:startLogSegment(380)) - c87755eb-8f71-406d-9b39-c7913bad0d26@group-D696AED5CB12-SegmentedRaftLogWorker: Starting segment from index:0
2019-10-01 20:23:38,960 [grpc-default-executor-4] INFO  segmented.SegmentedRaftLogWorker (SegmentedRaftLogWorker.java:startLogSegment(380)) - dd72838a-f206-4369-be48-6b1e036e4dac@group-D696AED5CB12-SegmentedRaftLogWorker: Starting segment from index:0
2019-10-01 20:23:38,970 [28af574d-2172-4d1d-8894-6c49f9cc6298@group-D696AED5CB12-SegmentedRaftLogWorker] INFO  segmented.SegmentedRaftLogWorker (SegmentedRaftLogWorker.java:execute(569)) - 28af574d-2172-4d1d-8894-6c49f9cc6298@group-D696AED5CB12-SegmentedRaftLogWorker: created new log segment /workdir/hadoop-ozone/ozonefs/target/test-dir/MiniOzoneClusterImpl-cc9961a9-1b1a-49c1-80c6-6d48514b4463/datanode-4/data/ratis/54e04afc-445b-470f-94f9-d696aed5cb12/current/log_inprogress_0
2019-10-01 20:23:39,000 [c87755eb-8f71-406d-9b39-c7913bad0d26@group-D696AED5CB12-SegmentedRaftLogWorker] INFO  segmented.SegmentedRaftLogWorker (SegmentedRaftLogWorker.java:execute(569)) - c87755eb-8f71-406d-9b39-c7913bad0d26@group-D696AED5CB12-SegmentedRaftLogWorker: created new log segment /workdir/hadoop-ozone/ozonefs/target/test-dir/MiniOzoneClusterImpl-cc9961a9-1b1a-49c1-80c6-6d48514b4463/datanode-2/data/ratis/54e04afc-445b-470f-94f9-d696aed5cb12/current/log_inprogress_0
2019-10-01 20:23:39,000 [dd72838a-f206-4369-be48-6b1e036e4dac@group-D696AED5CB12-SegmentedRaftLogWorker] INFO  segmented.SegmentedRaftLogWorker (SegmentedRaftLogWorker.java:execute(569)) - dd72838a-f206-4369-be48-6b1e036e4dac@group-D696AED5CB12-SegmentedRaftLogWorker: created new log segment /workdir/hadoop-ozone/ozonefs/target/test-dir/MiniOzoneClusterImpl-cc9961a9-1b1a-49c1-80c6-6d48514b4463/datanode-1/data/ratis/54e04afc-445b-470f-94f9-d696aed5cb12/current/log_inprogress_0
2019-10-01 20:23:52,363 [grpc-default-executor-10] INFO  impl.RaftServerProxy (RaftServerProxy.java:remove(95)) - dd72838a-f206-4369-be48-6b1e036e4dac: remove  FOLLOWER dd72838a-f206-4369-be48-6b1e036e4dac@group-011C589887C5:t1, leader=c87755eb-8f71-406d-9b39-c7913bad0d26, voted=c87755eb-8f71-406d-9b39-c7913bad0d26, raftlog=dd72838a-f206-4369-be48-6b1e036e4dac@group-011C589887C5-SegmentedRaftLog:OPENED:c0,f2,i2, conf=0: [28af574d-2172-4d1d-8894-6c49f9cc6298:192.168.151.103:43956, dd72838a-f206-4369-be48-6b1e036e4dac:192.168.151.103:34429, c87755eb-8f71-406d-9b39-c7913bad0d26:192.168.151.103:42498], old=null RUNNING
2019-10-01 20:23:52,364 [grpc-default-executor-10] INFO  impl.RaftServerImpl (RaftServerImpl.java:lambda$shutdown$3(251)) - dd72838a-f206-4369-be48-6b1e036e4dac@group-011C589887C5: shutdown
2019-10-01 20:23:52,364 [grpc-default-executor-10] INFO  util.JmxRegister (JmxRegister.java:unregister(73)) - Successfully un-registered JMX Bean with object name Ratis:service=RaftServer,group=group-011C589887C5,id=dd72838a-f206-4369-be48-6b1e036e4dac
2019-10-01 20:23:52,364 [grpc-default-executor-10] INFO  impl.RoleInfo (RoleInfo.java:shutdownFollowerState(121)) - dd72838a-f206-4369-be48-6b1e036e4dac: shutdown FollowerState
2019-10-01 20:23:52,365 [grpc-default-executor-10] INFO  impl.StateMachineUpdater (StateMachineUpdater.java:stopAndJoin(125)) - dd72838a-f206-4369-be48-6b1e036e4dac@group-011C589887C5-StateMachineUpdater: set stopIndex = 0
2019-10-01 20:23:52,365 [Thread-1304] INFO  impl.FollowerState (FollowerState.java:run(115)) - dd72838a-f206-4369-be48-6b1e036e4dac: FollowerState was interrupted: java.lang.InterruptedException: sleep interrupted
2019-10-01 20:23:52,370 [grpc-default-executor-10] INFO  impl.RaftServerImpl (ServerState.java:close(385)) - dd72838a-f206-4369-be48-6b1e036e4dac@group-011C589887C5: closes. applyIndex: 0
2019-10-01 20:23:52,370 [dd72838a-f206-4369-be48-6b1e036e4dac@group-011C589887C5-SegmentedRaftLogWorker] INFO  segmented.SegmentedRaftLogWorker (SegmentedRaftLogWorker.java:run(313)) - dd72838a-f206-4369-be48-6b1e036e4dac@group-011C589887C5-SegmentedRaftLogWorker was interrupted, exiting. There are 0 tasks remaining in the queue.
2019-10-01 20:23:52,372 [grpc-default-executor-10] INFO  segmented.SegmentedRaftLogWorker (SegmentedRaftLogWorker.java:close(228)) - dd72838a-f206-4369-be48-6b1e036e4dac@group-011C589887C5-SegmentedRaftLogWorker close()
2019-10-01 20:23:52,428 [grpc-default-executor-10] INFO  interfaces.Container (KeyValueContainer.java:flushAndSyncDB(386)) - Container 8 is synced with bcsId 0.
2019-10-01 20:23:52,429 [grpc-default-executor-10] INFO  interfaces.Container (KeyValueContainer.java:flushAndSyncDB(386)) - Container 8 is synced with bcsId 0.
2019-10-01 20:23:52,445 [EventQueue-IncrementalContainerReportForIncrementalContainerReportHandler] INFO  container.IncrementalContainerReportHandler (AbstractContainerReportHandler.java:updateContainerState(169)) - Moving container #8 to QUASI_CLOSED state, datanode dd72838a-f206-4369-be48-6b1e036e4dac{ip: 192.168.151.103, host: pr-trunk-878pl-325597374, networkLocation: /default-rack, certSerialId: null} reported QUASI_CLOSED replica.
2019-10-01 20:23:52,448 [grpc-default-executor-10] INFO  impl.RaftServerProxy (RaftServerProxy.java:remove(95)) - c87755eb-8f71-406d-9b39-c7913bad0d26: remove    LEADER c87755eb-8f71-406d-9b39-c7913bad0d26@group-011C589887C5:t1, leader=c87755eb-8f71-406d-9b39-c7913bad0d26, voted=c87755eb-8f71-406d-9b39-c7913bad0d26, raftlog=c87755eb-8f71-406d-9b39-c7913bad0d26@group-011C589887C5-SegmentedRaftLog:OPENED:c0,f0,i2, conf=0: [28af574d-2172-4d1d-8894-6c49f9cc6298:192.168.151.103:43956, dd72838a-f206-4369-be48-6b1e036e4dac:192.168.151.103:34429, c87755eb-8f71-406d-9b39-c7913bad0d26:192.168.151.103:42498], old=null RUNNING
2019-10-01 20:23:52,448 [grpc-default-executor-10] INFO  impl.RaftServerImpl (RaftServerImpl.java:lambda$shutdown$3(251)) - c87755eb-8f71-406d-9b39-c7913bad0d26@group-011C589887C5: shutdown
2019-10-01 20:23:52,448 [grpc-default-executor-10] INFO  util.JmxRegister (JmxRegister.java:unregister(73)) - Successfully un-registered JMX Bean with object name Ratis:service=RaftServer,group=group-011C589887C5,id=c87755eb-8f71-406d-9b39-c7913bad0d26
2019-10-01 20:23:52,449 [grpc-default-executor-10] INFO  impl.RoleInfo (RoleInfo.java:shutdownLeaderState(104)) - c87755eb-8f71-406d-9b39-c7913bad0d26: shutdown LeaderState
2019-10-01 20:23:52,453 [org.apache.ratis.server.impl.LogAppender$AppenderDaemon$$Lambda$503/498285707@39cad501] WARN  server.GrpcLogAppender (GrpcLogAppender.java:mayWait(143)) - c87755eb-8f71-406d-9b39-c7913bad0d26@group-011C589887C5->28af574d-2172-4d1d-8894-6c49f9cc6298-GrpcLogAppender: Wait interrupted by java.lang.InterruptedException
2019-10-01 20:23:52,453 [org.apache.ratis.server.impl.LogAppender$AppenderDaemon$$Lambda$503/498285707@4e7141eb] WARN  server.GrpcLogAppender (GrpcLogAppender.java:mayWait(143)) - c87755eb-8f71-406d-9b39-c7913bad0d26@group-011C589887C5->dd72838a-f206-4369-be48-6b1e036e4dac-GrpcLogAppender: Wait interrupted by java.lang.InterruptedException
2019-10-01 20:23:52,453 [grpc-default-executor-10] INFO  impl.PendingRequests (PendingRequests.java:sendNotLeaderResponses(202)) - c87755eb-8f71-406d-9b39-c7913bad0d26-PendingRequests: sendNotLeaderResponses
2019-10-01 20:23:52,456 [grpc-default-executor-4] INFO  server.GrpcServerProtocolService (GrpcServerProtocolService.java:onCompleted(113)) - 28af574d-2172-4d1d-8894-6c49f9cc6298: Completed APPEND_ENTRIES, lastRequest: c87755eb-8f71-406d-9b39-c7913bad0d26->28af574d-2172-4d1d-8894-6c49f9cc6298#41-t1, previous=(t:1, i:2), leaderCommit=0, initializing? false, entries: <empty>
2019-10-01 20:23:52,458 [grpc-default-executor-11] INFO  server.GrpcServerProtocolService (GrpcServerProtocolService.java:onCompleted(113)) - dd72838a-f206-4369-be48-6b1e036e4dac: Completed APPEND_ENTRIES, lastRequest: c87755eb-8f71-406d-9b39-c7913bad0d26->dd72838a-f206-4369-be48-6b1e036e4dac#41-t1, previous=(t:1, i:2), leaderCommit=0, initializing? false, entries: <empty>
2019-10-01 20:23:52,458 [grpc-default-executor-11] INFO  server.GrpcLogAppender (GrpcLogAppender.java:onCompleted(293)) - c87755eb-8f71-406d-9b39-c7913bad0d26@group-011C589887C5->28af574d-2172-4d1d-8894-6c49f9cc6298-AppendLogResponseHandler: follower responses appendEntries COMPLETED
2019-10-01 20:23:52,458 [grpc-default-executor-11] INFO  impl.FollowerInfo (FollowerInfo.java:lambda$new$0(51)) - c87755eb-8f71-406d-9b39-c7913bad0d26@group-011C589887C5->28af574d-2172-4d1d-8894-6c49f9cc6298: nextIndex: updateUnconditionally 3 -> 2
2019-10-01 20:23:52,458 [grpc-default-executor-4] INFO  server.GrpcLogAppender (GrpcLogAppender.java:onCompleted(293)) - c87755eb-8f71-406d-9b39-c7913bad0d26@group-011C589887C5->dd72838a-f206-4369-be48-6b1e036e4dac-AppendLogResponseHandler: follower responses appendEntries COMPLETED
2019-10-01 20:23:52,459 [grpc-default-executor-4] INFO  impl.FollowerInfo (FollowerInfo.java:lambda$new$0(51)) - c87755eb-8f71-406d-9b39-c7913bad0d26@group-011C589887C5->dd72838a-f206-4369-be48-6b1e036e4dac: nextIndex: updateUnconditionally 3 -> 2
2019-10-01 20:23:52,461 [grpc-default-executor-10] INFO  impl.StateMachineUpdater (StateMachineUpdater.java:stopAndJoin(125)) - c87755eb-8f71-406d-9b39-c7913bad0d26@group-011C589887C5-StateMachineUpdater: set stopIndex = 0
2019-10-01 20:23:52,461 [grpc-default-executor-10] INFO  impl.RaftServerImpl (ServerState.java:close(385)) - c87755eb-8f71-406d-9b39-c7913bad0d26@group-011C589887C5: closes. applyIndex: 0
2019-10-01 20:23:52,463 [c87755eb-8f71-406d-9b39-c7913bad0d26@group-011C589887C5-SegmentedRaftLogWorker] INFO  segmented.SegmentedRaftLogWorker (SegmentedRaftLogWorker.java:run(313)) - c87755eb-8f71-406d-9b39-c7913bad0d26@group-011C589887C5-SegmentedRaftLogWorker was interrupted, exiting. There are 0 tasks remaining in the queue.
2019-10-01 20:23:52,464 [grpc-default-executor-10] INFO  segmented.SegmentedRaftLogWorker (SegmentedRaftLogWorker.java:close(228)) - c87755eb-8f71-406d-9b39-c7913bad0d26@group-011C589887C5-SegmentedRaftLogWorker close()
2019-10-01 20:23:52,470 [grpc-default-executor-10] INFO  impl.RaftServerProxy (RaftServerProxy.java:remove(95)) - 28af574d-2172-4d1d-8894-6c49f9cc6298: remove  FOLLOWER 28af574d-2172-4d1d-8894-6c49f9cc6298@group-011C589887C5:t1, leader=c87755eb-8f71-406d-9b39-c7913bad0d26, voted=c87755eb-8f71-406d-9b39-c7913bad0d26, raftlog=28af574d-2172-4d1d-8894-6c49f9cc6298@group-011C589887C5-SegmentedRaftLog:OPENED:c0,f2,i2, conf=0: [28af574d-2172-4d1d-8894-6c49f9cc6298:192.168.151.103:43956, dd72838a-f206-4369-be48-6b1e036e4dac:192.168.151.103:34429, c87755eb-8f71-406d-9b39-c7913bad0d26:192.168.151.103:42498], old=null RUNNING
2019-10-01 20:23:52,470 [grpc-default-executor-10] INFO  impl.RaftServerImpl (RaftServerImpl.java:lambda$shutdown$3(251)) - 28af574d-2172-4d1d-8894-6c49f9cc6298@group-011C589887C5: shutdown
2019-10-01 20:23:52,470 [grpc-default-executor-10] INFO  util.JmxRegister (JmxRegister.java:unregister(73)) - Successfully un-registered JMX Bean with object name Ratis:service=RaftServer,group=group-011C589887C5,id=28af574d-2172-4d1d-8894-6c49f9cc6298
2019-10-01 20:23:52,470 [grpc-default-executor-10] INFO  impl.RoleInfo (RoleInfo.java:shutdownFollowerState(121)) - 28af574d-2172-4d1d-8894-6c49f9cc6298: shutdown FollowerState
2019-10-01 20:23:52,471 [grpc-default-executor-10] INFO  impl.StateMachineUpdater (StateMachineUpdater.java:stopAndJoin(125)) - 28af574d-2172-4d1d-8894-6c49f9cc6298@group-011C589887C5-StateMachineUpdater: set stopIndex = 0
2019-10-01 20:23:52,471 [Thread-1305] INFO  impl.FollowerState (FollowerState.java:run(115)) - 28af574d-2172-4d1d-8894-6c49f9cc6298: FollowerState was interrupted: java.lang.InterruptedException: sleep interrupted
2019-10-01 20:23:52,473 [grpc-default-executor-10] INFO  impl.RaftServerImpl (ServerState.java:close(385)) - 28af574d-2172-4d1d-8894-6c49f9cc6298@group-011C589887C5: closes. applyIndex: 0
2019-10-01 20:23:52,474 [28af574d-2172-4d1d-8894-6c49f9cc6298@group-011C589887C5-SegmentedRaftLogWorker] INFO  segmented.SegmentedRaftLogWorker (SegmentedRaftLogWorker.java:run(313)) - 28af574d-2172-4d1d-8894-6c49f9cc6298@group-011C589887C5-SegmentedRaftLogWorker was interrupted, exiting. There are 0 tasks remaining in the queue.
2019-10-01 20:23:52,486 [grpc-default-executor-10] INFO  segmented.SegmentedRaftLogWorker (SegmentedRaftLogWorker.java:close(228)) - 28af574d-2172-4d1d-8894-6c49f9cc6298@group-011C589887C5-SegmentedRaftLogWorker close()
2019-10-01 20:23:52,532 [grpc-default-executor-10] INFO  interfaces.Container (KeyValueContainer.java:flushAndSyncDB(386)) - Container 8 is synced with bcsId 0.
2019-10-01 20:23:52,532 [grpc-default-executor-10] INFO  interfaces.Container (KeyValueContainer.java:flushAndSyncDB(386)) - Container 8 is synced with bcsId 0.
2019-10-01 20:23:52,562 [RatisPipelineUtilsThread] INFO  pipeline.PipelineStateManager (PipelineStateManager.java:removePipeline(108)) - Pipeline Pipeline[ Id: f25cde1e-97ea-4caf-86f6-011c589887c5, Nodes: dd72838a-f206-4369-be48-6b1e036e4dac{ip: 192.168.151.103, host: pr-trunk-878pl-325597374, networkLocation: /default-rack, certSerialId: null}c87755eb-8f71-406d-9b39-c7913bad0d26{ip: 192.168.151.103, host: pr-trunk-878pl-325597374, networkLocation: /default-rack, certSerialId: null}28af574d-2172-4d1d-8894-6c49f9cc6298{ip: 192.168.151.103, host: pr-trunk-878pl-325597374, networkLocation: /default-rack, certSerialId: null}, Type:RATIS, Factor:THREE, State:CLOSED] removed from db
2019-10-01 20:23:52,564 [grpc-default-executor-10] INFO  impl.RaftServerProxy (RaftServerProxy.java:remove(95)) - dd72838a-f206-4369-be48-6b1e036e4dac: remove group-011C589887C5:null
2019-10-01 20:23:52,568 [RatisPipelineUtilsThread] WARN  pipeline.RatisPipelineUtils (RatisPipelineUtils.java:destroyPipeline(67)) - Pipeline destroy failed for pipeline=PipelineID=f25cde1e-97ea-4caf-86f6-011c589887c5 dn=dd72838a-f206-4369-be48-6b1e036e4dac{ip: 192.168.151.103, host: pr-trunk-878pl-325597374, networkLocation: /default-rack, certSerialId: null}
2019-10-01 20:23:52,571 [grpc-default-executor-10] INFO  impl.RaftServerProxy (RaftServerProxy.java:remove(95)) - c87755eb-8f71-406d-9b39-c7913bad0d26: remove group-011C589887C5:null
2019-10-01 20:23:52,574 [RatisPipelineUtilsThread] WARN  pipeline.RatisPipelineUtils (RatisPipelineUtils.java:destroyPipeline(67)) - Pipeline destroy failed for pipeline=PipelineID=f25cde1e-97ea-4caf-86f6-011c589887c5 dn=c87755eb-8f71-406d-9b39-c7913bad0d26{ip: 192.168.151.103, host: pr-trunk-878pl-325597374, networkLocation: /default-rack, certSerialId: null}
2019-10-01 20:23:52,576 [grpc-default-executor-10] INFO  impl.RaftServerProxy (RaftServerProxy.java:remove(95)) - 28af574d-2172-4d1d-8894-6c49f9cc6298: remove group-011C589887C5:null
2019-10-01 20:23:52,579 [RatisPipelineUtilsThread] WARN  pipeline.RatisPipelineUtils (RatisPipelineUtils.java:destroyPipeline(67)) - Pipeline destroy failed for pipeline=PipelineID=f25cde1e-97ea-4caf-86f6-011c589887c5 dn=28af574d-2172-4d1d-8894-6c49f9cc6298{ip: 192.168.151.103, host: pr-trunk-878pl-325597374, networkLocation: /default-rack, certSerialId: null}
2019-10-01 20:23:52,579 [RatisPipelineUtilsThread] ERROR pipeline.SCMPipelineManager (Scheduler.java:lambda$schedule$1(70)) - Destroy pipeline failed for pipeline:Pipeline[ Id: f25cde1e-97ea-4caf-86f6-011c589887c5, Nodes: dd72838a-f206-4369-be48-6b1e036e4dac{ip: 192.168.151.103, host: pr-trunk-878pl-325597374, networkLocation: /default-rack, certSerialId: null}c87755eb-8f71-406d-9b39-c7913bad0d26{ip: 192.168.151.103, host: pr-trunk-878pl-325597374, networkLocation: /default-rack, certSerialId: null}28af574d-2172-4d1d-8894-6c49f9cc6298{ip: 192.168.151.103, host: pr-trunk-878pl-325597374, networkLocation: /default-rack, certSerialId: null}, Type:RATIS, Factor:THREE, State:CLOSED]
org.apache.hadoop.hdds.scm.pipeline.PipelineNotFoundException: PipelineID=f25cde1e-97ea-4caf-86f6-011c589887c5 not found
	at org.apache.hadoop.hdds.scm.pipeline.PipelineStateMap.getPipeline(PipelineStateMap.java:132)
	at org.apache.hadoop.hdds.scm.pipeline.PipelineStateMap.removePipeline(PipelineStateMap.java:322)
	at org.apache.hadoop.hdds.scm.pipeline.PipelineStateManager.removePipeline(PipelineStateManager.java:107)
	at org.apache.hadoop.hdds.scm.pipeline.SCMPipelineManager.removePipeline(SCMPipelineManager.java:427)
	at org.apache.hadoop.hdds.scm.pipeline.SCMPipelineManager.destroyPipeline(SCMPipelineManager.java:413)
	at org.apache.hadoop.hdds.scm.pipeline.SCMPipelineManager.lambda$finalizeAndDestroyPipeline$0(SCMPipelineManager.java:322)
	at org.apache.hadoop.hdds.utils.Scheduler.lambda$schedule$1(Scheduler.java:68)
	at java.util.concurrent.Executors$RunnableAdapter.call(Executors.java:511)
	at java.util.concurrent.FutureTask.run(FutureTask.java:266)
	at java.util.concurrent.ScheduledThreadPoolExecutor$ScheduledFutureTask.access$201(ScheduledThreadPoolExecutor.java:180)
	at java.util.concurrent.ScheduledThreadPoolExecutor$ScheduledFutureTask.run(ScheduledThreadPoolExecutor.java:293)
	at java.util.concurrent.ThreadPoolExecutor.runWorker(ThreadPoolExecutor.java:1149)
	at java.util.concurrent.ThreadPoolExecutor$Worker.run(ThreadPoolExecutor.java:624)
	at java.lang.Thread.run(Thread.java:748)
2019-10-01 20:23:53,477 [Thread-1149] WARN  io.KeyOutputStream (KeyOutputStream.java:handleException(274)) - Encountered exception java.io.IOException: Unexpected Storage Container Exception: java.util.concurrent.CompletionException: java.util.concurrent.CompletionException: org.apache.ratis.protocol.GroupMismatchException: c87755eb-8f71-406d-9b39-c7913bad0d26: group-011C589887C5 not found. on the pipeline Pipeline[ Id: f25cde1e-97ea-4caf-86f6-011c589887c5, Nodes: dd72838a-f206-4369-be48-6b1e036e4dac{ip: 192.168.151.103, host: pr-trunk-878pl-325597374, networkLocation: /default-rack, certSerialId: null}c87755eb-8f71-406d-9b39-c7913bad0d26{ip: 192.168.151.103, host: pr-trunk-878pl-325597374, networkLocation: /default-rack, certSerialId: null}28af574d-2172-4d1d-8894-6c49f9cc6298{ip: 192.168.151.103, host: pr-trunk-878pl-325597374, networkLocation: /default-rack, certSerialId: null}, Type:RATIS, Factor:THREE, State:OPEN]. The last committed block length is 0, uncommitted data length is 14 retry count 0
2019-10-01 20:23:53,701 [pool-67-thread-11] ERROR impl.ChunkManagerImpl (ChunkUtils.java:writeData(89)) - data array does not match the length specified. DataLen: 14 Byte Array: 170
2019-10-01 20:23:53,703 [pool-67-thread-11] INFO  keyvalue.KeyValueHandler (ContainerUtils.java:logAndReturnError(146)) - Operation: WriteChunk : Trace ID: 807c39d6f5d78cc7:807c39d6f5d78cc7:0:0 : Message: data array does not match the length specified. DataLen: 14 Byte Array: 170 : Result: INVALID_WRITE_SIZE
2019-10-01 20:23:53,724 [EventQueue-IncrementalContainerReportForIncrementalContainerReportHandler] WARN  container.IncrementalContainerReportHandler (AbstractContainerReportHandler.java:updateContainerState(143)) - Container #9 is in OPEN state, but the datanode 28af574d-2172-4d1d-8894-6c49f9cc6298{ip: 192.168.151.103, host: pr-trunk-878pl-325597374, networkLocation: /default-rack, certSerialId: null} reports an UNHEALTHY replica.
20:23:53.724 [pool-67-thread-11] ERROR DNAudit - user=null | ip=null | op=WRITE_CHUNK {blockData=conID: 9 locID: 102888992505331723 bcsId: 0} | ret=FAILURE
java.lang.Exception: data array does not match the length specified. DataLen: 14 Byte Array: 170
	at org.apache.hadoop.ozone.container.common.impl.HddsDispatcher.dispatchRequest(HddsDispatcher.java:330) ~[hadoop-hdds-container-service-0.5.0-SNAPSHOT.jar:?]
	at org.apache.hadoop.ozone.container.common.impl.HddsDispatcher.dispatch(HddsDispatcher.java:150) ~[hadoop-hdds-container-service-0.5.0-SNAPSHOT.jar:?]
	at org.apache.hadoop.ozone.container.common.transport.server.ratis.ContainerStateMachine.dispatchCommand(ContainerStateMachine.java:407) ~[hadoop-hdds-container-service-0.5.0-SNAPSHOT.jar:?]
	at org.apache.hadoop.ozone.container.common.transport.server.ratis.ContainerStateMachine.runCommand(ContainerStateMachine.java:415) ~[hadoop-hdds-container-service-0.5.0-SNAPSHOT.jar:?]
	at org.apache.hadoop.ozone.container.common.transport.server.ratis.ContainerStateMachine.lambda$handleWriteChunk$1(ContainerStateMachine.java:450) ~[hadoop-hdds-container-service-0.5.0-SNAPSHOT.jar:?]
	at java.util.concurrent.CompletableFuture$AsyncSupply.run(CompletableFuture.java:1590) [?:1.8.0_212]
	at java.util.concurrent.ThreadPoolExecutor.runWorker(ThreadPoolExecutor.java:1149) [?:1.8.0_212]
	at java.util.concurrent.ThreadPoolExecutor$Worker.run(ThreadPoolExecutor.java:624) [?:1.8.0_212]
	at java.lang.Thread.run(Thread.java:748) [?:1.8.0_212]
2019-10-01 20:23:53,726 [EventQueue-CloseContainerForCloseContainerEventHandler] INFO  container.CloseContainerEventHandler (CloseContainerEventHandler.java:onMessage(61)) - Close container Event triggered for container : #9
2019-10-01 20:23:53,726 [pool-67-thread-11] ERROR ratis.ContainerStateMachine (ContainerStateMachine.java:lambda$handleWriteChunk$2(470)) - group-D696AED5CB12: writeChunk writeStateMachineData failed: blockIdcontainerID: 9
localID: 102888992505331723
blockCommitSequenceId: 0
 logIndex 1 chunkName 102888992505331723_chunk_1 Error message: data array does not match the length specified. DataLen: 14 Byte Array: 170 Container Result: INVALID_WRITE_SIZE
2019-10-01 20:23:53,726 [28af574d-2172-4d1d-8894-6c49f9cc6298@group-D696AED5CB12-SegmentedRaftLogWorker] ERROR ratis.XceiverServerRatis (XceiverServerRatis.java:triggerPipelineClose(575)) - pipeline Action CLOSE  on pipeline PipelineID=54e04afc-445b-470f-94f9-d696aed5cb12.Reason : data array does not match the length specified. DataLen: 14 Byte Array: 170
2019-10-01 20:23:53,727 [28af574d-2172-4d1d-8894-6c49f9cc6298@group-D696AED5CB12-SegmentedRaftLogWorker] ERROR ratis.XceiverServerRatis (XceiverServerRatis.java:triggerPipelineClose(575)) - pipeline Action CLOSE  on pipeline PipelineID=54e04afc-445b-470f-94f9-d696aed5cb12.Reason : Log already failed at index 1 for task WriteLog:1: (t:1, i:1), STATEMACHINELOGENTRY, client-19E75ECB6A5D, cid=93
2019-10-01 20:23:53,727 [EventQueue-PipelineActionsForPipelineActionHandler] ERROR pipeline.PipelineActionHandler (PipelineActionHandler.java:onMessage(60)) - Received pipeline action CLOSE for Pipeline[ Id: 54e04afc-445b-470f-94f9-d696aed5cb12, Nodes: dd72838a-f206-4369-be48-6b1e036e4dac{ip: 192.168.151.103, host: pr-trunk-878pl-325597374, networkLocation: /default-rack, certSerialId: null}c87755eb-8f71-406d-9b39-c7913bad0d26{ip: 192.168.151.103, host: pr-trunk-878pl-325597374, networkLocation: /default-rack, certSerialId: null}28af574d-2172-4d1d-8894-6c49f9cc6298{ip: 192.168.151.103, host: pr-trunk-878pl-325597374, networkLocation: /default-rack, certSerialId: null}, Type:RATIS, Factor:THREE, State:OPEN] from datanode 28af574d-2172-4d1d-8894-6c49f9cc6298{ip: 192.168.151.103, host: pr-trunk-878pl-325597374, networkLocation: /default-rack, certSerialId: null}. Reason : data array does not match the length specified. DataLen: 14 Byte Array: 170
2019-10-01 20:23:53,727 [EventQueue-PipelineActionsForPipelineActionHandler] INFO  pipeline.SCMPipelineManager (SCMPipelineManager.java:finalizeAndDestroyPipeline(315)) - destroying pipeline:Pipeline[ Id: 54e04afc-445b-470f-94f9-d696aed5cb12, Nodes: dd72838a-f206-4369-be48-6b1e036e4dac{ip: 192.168.151.103, host: pr-trunk-878pl-325597374, networkLocation: /default-rack, certSerialId: null}c87755eb-8f71-406d-9b39-c7913bad0d26{ip: 192.168.151.103, host: pr-trunk-878pl-325597374, networkLocation: /default-rack, certSerialId: null}28af574d-2172-4d1d-8894-6c49f9cc6298{ip: 192.168.151.103, host: pr-trunk-878pl-325597374, networkLocation: /default-rack, certSerialId: null}, Type:RATIS, Factor:THREE, State:OPEN]
2019-10-01 20:23:53,727 [EventQueue-PipelineActionsForPipelineActionHandler] INFO  pipeline.PipelineStateManager (PipelineStateManager.java:finalizePipeline(123)) - Pipeline Pipeline[ Id: 54e04afc-445b-470f-94f9-d696aed5cb12, Nodes: dd72838a-f206-4369-be48-6b1e036e4dac{ip: 192.168.151.103, host: pr-trunk-878pl-325597374, networkLocation: /default-rack, certSerialId: null}c87755eb-8f71-406d-9b39-c7913bad0d26{ip: 192.168.151.103, host: pr-trunk-878pl-325597374, networkLocation: /default-rack, certSerialId: null}28af574d-2172-4d1d-8894-6c49f9cc6298{ip: 192.168.151.103, host: pr-trunk-878pl-325597374, networkLocation: /default-rack, certSerialId: null}, Type:RATIS, Factor:THREE, State:CLOSED] moved to CLOSED state
2019-10-01 20:23:53,728 [EventQueue-PipelineActionsForPipelineActionHandler] ERROR pipeline.PipelineActionHandler (PipelineActionHandler.java:onMessage(60)) - Received pipeline action CLOSE for Pipeline[ Id: 54e04afc-445b-470f-94f9-d696aed5cb12, Nodes: dd72838a-f206-4369-be48-6b1e036e4dac{ip: 192.168.151.103, host: pr-trunk-878pl-325597374, networkLocation: /default-rack, certSerialId: null}c87755eb-8f71-406d-9b39-c7913bad0d26{ip: 192.168.151.103, host: pr-trunk-878pl-325597374, networkLocation: /default-rack, certSerialId: null}28af574d-2172-4d1d-8894-6c49f9cc6298{ip: 192.168.151.103, host: pr-trunk-878pl-325597374, networkLocation: /default-rack, certSerialId: null}, Type:RATIS, Factor:THREE, State:CLOSED] from datanode 28af574d-2172-4d1d-8894-6c49f9cc6298{ip: 192.168.151.103, host: pr-trunk-878pl-325597374, networkLocation: /default-rack, certSerialId: null}. Reason : Log already failed at index 1 for task WriteLog:1: (t:1, i:1), STATEMACHINELOGENTRY, client-19E75ECB6A5D, cid=93
2019-10-01 20:23:53,728 [EventQueue-PipelineActionsForPipelineActionHandler] INFO  pipeline.SCMPipelineManager (SCMPipelineManager.java:finalizeAndDestroyPipeline(315)) - destroying pipeline:Pipeline[ Id: 54e04afc-445b-470f-94f9-d696aed5cb12, Nodes: dd72838a-f206-4369-be48-6b1e036e4dac{ip: 192.168.151.103, host: pr-trunk-878pl-325597374, networkLocation: /default-rack, certSerialId: null}c87755eb-8f71-406d-9b39-c7913bad0d26{ip: 192.168.151.103, host: pr-trunk-878pl-325597374, networkLocation: /default-rack, certSerialId: null}28af574d-2172-4d1d-8894-6c49f9cc6298{ip: 192.168.151.103, host: pr-trunk-878pl-325597374, networkLocation: /default-rack, certSerialId: null}, Type:RATIS, Factor:THREE, State:CLOSED]
]]></system-out>
    <system-err><![CDATA[Oct 01, 2019 8:22:45 PM org.apache.ratis.thirdparty.io.grpc.netty.NettyServerHandler onStreamError
WARNING: Stream Error
org.apache.ratis.thirdparty.io.netty.handler.codec.http2.Http2Exception$StreamException: Received DATA frame for an unknown stream 3
	at org.apache.ratis.thirdparty.io.netty.handler.codec.http2.Http2Exception.streamError(Http2Exception.java:129)
	at org.apache.ratis.thirdparty.io.netty.handler.codec.http2.DefaultHttp2ConnectionDecoder$FrameReadListener.shouldIgnoreHeadersOrDataFrame(DefaultHttp2ConnectionDecoder.java:531)
	at org.apache.ratis.thirdparty.io.netty.handler.codec.http2.DefaultHttp2ConnectionDecoder$FrameReadListener.onDataRead(DefaultHttp2ConnectionDecoder.java:183)
	at org.apache.ratis.thirdparty.io.netty.handler.codec.http2.Http2InboundFrameLogger$1.onDataRead(Http2InboundFrameLogger.java:48)
	at org.apache.ratis.thirdparty.io.netty.handler.codec.http2.DefaultHttp2FrameReader.readDataFrame(DefaultHttp2FrameReader.java:421)
	at org.apache.ratis.thirdparty.io.netty.handler.codec.http2.DefaultHttp2FrameReader.processPayloadState(DefaultHttp2FrameReader.java:251)
	at org.apache.ratis.thirdparty.io.netty.handler.codec.http2.DefaultHttp2FrameReader.readFrame(DefaultHttp2FrameReader.java:160)
	at org.apache.ratis.thirdparty.io.netty.handler.codec.http2.Http2InboundFrameLogger.readFrame(Http2InboundFrameLogger.java:41)
	at org.apache.ratis.thirdparty.io.netty.handler.codec.http2.DefaultHttp2ConnectionDecoder.decodeFrame(DefaultHttp2ConnectionDecoder.java:118)
	at org.apache.ratis.thirdparty.io.netty.handler.codec.http2.Http2ConnectionHandler$FrameDecoder.decode(Http2ConnectionHandler.java:390)
	at org.apache.ratis.thirdparty.io.netty.handler.codec.http2.Http2ConnectionHandler.decode(Http2ConnectionHandler.java:450)
	at org.apache.ratis.thirdparty.io.netty.handler.codec.ByteToMessageDecoder.decodeRemovalReentryProtection(ByteToMessageDecoder.java:502)
	at org.apache.ratis.thirdparty.io.netty.handler.codec.ByteToMessageDecoder.callDecode(ByteToMessageDecoder.java:441)
	at org.apache.ratis.thirdparty.io.netty.handler.codec.ByteToMessageDecoder.channelRead(ByteToMessageDecoder.java:278)
	at org.apache.ratis.thirdparty.io.netty.channel.AbstractChannelHandlerContext.invokeChannelRead(AbstractChannelHandlerContext.java:362)
	at org.apache.ratis.thirdparty.io.netty.channel.AbstractChannelHandlerContext.invokeChannelRead(AbstractChannelHandlerContext.java:348)
	at org.apache.ratis.thirdparty.io.netty.channel.AbstractChannelHandlerContext.fireChannelRead(AbstractChannelHandlerContext.java:340)
	at org.apache.ratis.thirdparty.io.netty.channel.DefaultChannelPipeline$HeadContext.channelRead(DefaultChannelPipeline.java:1434)
	at org.apache.ratis.thirdparty.io.netty.channel.AbstractChannelHandlerContext.invokeChannelRead(AbstractChannelHandlerContext.java:362)
	at org.apache.ratis.thirdparty.io.netty.channel.AbstractChannelHandlerContext.invokeChannelRead(AbstractChannelHandlerContext.java:348)
	at org.apache.ratis.thirdparty.io.netty.channel.DefaultChannelPipeline.fireChannelRead(DefaultChannelPipeline.java:965)
	at org.apache.ratis.thirdparty.io.netty.channel.nio.AbstractNioByteChannel$NioByteUnsafe.read(AbstractNioByteChannel.java:163)
	at org.apache.ratis.thirdparty.io.netty.channel.nio.NioEventLoop.processSelectedKey(NioEventLoop.java:644)
	at org.apache.ratis.thirdparty.io.netty.channel.nio.NioEventLoop.processSelectedKeysOptimized(NioEventLoop.java:579)
	at org.apache.ratis.thirdparty.io.netty.channel.nio.NioEventLoop.processSelectedKeys(NioEventLoop.java:496)
	at org.apache.ratis.thirdparty.io.netty.channel.nio.NioEventLoop.run(NioEventLoop.java:458)
	at org.apache.ratis.thirdparty.io.netty.util.concurrent.SingleThreadEventExecutor$5.run(SingleThreadEventExecutor.java:897)
	at org.apache.ratis.thirdparty.io.netty.util.concurrent.FastThreadLocalRunnable.run(FastThreadLocalRunnable.java:30)
	at java.lang.Thread.run(Thread.java:748)

]]></system-err>
  </testcase>
  <testcase name="testDeleteNonexistentPathRecursive" classname="org.apache.hadoop.fs.ozone.contract.ITestOzoneContractDelete" time="0.122"/>
  <testcase name="testDeleteNonexistentPathNonRecursive" classname="org.apache.hadoop.fs.ozone.contract.ITestOzoneContractDelete" time="0.092"/>
  <testcase name="testDeleteEmptyDirRecursive" classname="org.apache.hadoop.fs.ozone.contract.ITestOzoneContractDelete" time="0.098"/>
  <testcase name="testDeleteEmptyDirNonRecursive" classname="org.apache.hadoop.fs.ozone.contract.ITestOzoneContractDelete" time="0.09"/>
</testsuite>