<?xml version="1.0" encoding="UTF-8"?>
<testsuite xmlns:xsi="http://www.w3.org/2001/XMLSchema-instance" xsi:noNamespaceSchemaLocation="https://maven.apache.org/surefire/maven-surefire-plugin/xsd/surefire-test-report.xsd" name="org.apache.hadoop.fs.ozone.contract.ITestOzoneContractOpen" time="397.548" tests="6" errors="2" skipped="0" failures="0">
  <properties>
    <property name="awt.toolkit" value="sun.awt.X11.XToolkit"/>
    <property name="file.encoding.pkg" value="sun.io"/>
    <property name="java.specification.version" value="1.8"/>
    <property name="sun.cpu.isalist" value=""/>
    <property name="sun.jnu.encoding" value="UTF-8"/>
    <property name="java.class.path" value="/workdir/hadoop-ozone/ozonefs/target/test-classes:/workdir/hadoop-ozone/ozonefs/target/classes:/home/user/.m2/repository/org/apache/hadoop/hadoop-common/3.2.0/hadoop-common-3.2.0.jar:/home/user/.m2/repository/org/apache/hadoop/hadoop-annotations/3.2.0/hadoop-annotations-3.2.0.jar:/usr/lib/jvm/java-1.8-openjdk/jre/../lib/tools.jar:/home/user/.m2/repository/com/google/guava/guava/11.0.2/guava-11.0.2.jar:/home/user/.m2/repository/commons-cli/commons-cli/1.2/commons-cli-1.2.jar:/home/user/.m2/repository/org/apache/commons/commons-math3/3.1.1/commons-math3-3.1.1.jar:/home/user/.m2/repository/commons-codec/commons-codec/1.11/commons-codec-1.11.jar:/home/user/.m2/repository/commons-io/commons-io/2.5/commons-io-2.5.jar:/home/user/.m2/repository/commons-net/commons-net/3.6/commons-net-3.6.jar:/home/user/.m2/repository/commons-collections/commons-collections/3.2.2/commons-collections-3.2.2.jar:/home/user/.m2/repository/javax/servlet/javax.servlet-api/3.1.0/javax.servlet-api-3.1.0.jar:/home/user/.m2/repository/org/eclipse/jetty/jetty-server/9.3.25.v20180904/jetty-server-9.3.25.v20180904.jar:/home/user/.m2/repository/org/eclipse/jetty/jetty-http/9.3.25.v20180904/jetty-http-9.3.25.v20180904.jar:/home/user/.m2/repository/org/eclipse/jetty/jetty-io/9.3.25.v20180904/jetty-io-9.3.25.v20180904.jar:/home/user/.m2/repository/org/eclipse/jetty/jetty-util/9.3.25.v20180904/jetty-util-9.3.25.v20180904.jar:/home/user/.m2/repository/org/eclipse/jetty/jetty-servlet/9.3.25.v20180904/jetty-servlet-9.3.25.v20180904.jar:/home/user/.m2/repository/org/eclipse/jetty/jetty-security/9.3.25.v20180904/jetty-security-9.3.25.v20180904.jar:/home/user/.m2/repository/org/eclipse/jetty/jetty-webapp/9.3.25.v20180904/jetty-webapp-9.3.25.v20180904.jar:/home/user/.m2/repository/org/eclipse/jetty/jetty-xml/9.3.25.v20180904/jetty-xml-9.3.25.v20180904.jar:/home/user/.m2/repository/javax/servlet/jsp/jsp-api/2.1/jsp-api-2.1.jar:/home/user/.m2/repository/com/sun/jersey/jersey-core/1.19/jersey-core-1.19.jar:/home/user/.m2/repository/javax/ws/rs/jsr311-api/1.1.1/jsr311-api-1.1.1.jar:/home/user/.m2/repository/com/sun/jersey/jersey-servlet/1.19/jersey-servlet-1.19.jar:/home/user/.m2/repository/com/sun/jersey/jersey-json/1.19/jersey-json-1.19.jar:/home/user/.m2/repository/org/codehaus/jettison/jettison/1.1/jettison-1.1.jar:/home/user/.m2/repository/com/sun/xml/bind/jaxb-impl/2.3.0.1/jaxb-impl-2.3.0.1.jar:/home/user/.m2/repository/org/codehaus/jackson/jackson-core-asl/1.9.13/jackson-core-asl-1.9.13.jar:/home/user/.m2/repository/org/codehaus/jackson/jackson-mapper-asl/1.9.13/jackson-mapper-asl-1.9.13.jar:/home/user/.m2/repository/org/codehaus/jackson/jackson-jaxrs/1.9.13/jackson-jaxrs-1.9.13.jar:/home/user/.m2/repository/org/codehaus/jackson/jackson-xc/1.9.13/jackson-xc-1.9.13.jar:/home/user/.m2/repository/com/sun/jersey/jersey-server/1.19/jersey-server-1.19.jar:/home/user/.m2/repository/commons-logging/commons-logging/1.1.3/commons-logging-1.1.3.jar:/home/user/.m2/repository/log4j/log4j/1.2.17/log4j-1.2.17.jar:/home/user/.m2/repository/commons-beanutils/commons-beanutils/1.9.4/commons-beanutils-1.9.4.jar:/home/user/.m2/repository/org/apache/commons/commons-configuration2/2.1.1/commons-configuration2-2.1.1.jar:/home/user/.m2/repository/org/apache/commons/commons-lang3/3.7/commons-lang3-3.7.jar:/home/user/.m2/repository/org/apache/commons/commons-text/1.4/commons-text-1.4.jar:/home/user/.m2/repository/org/slf4j/slf4j-api/1.7.25/slf4j-api-1.7.25.jar:/home/user/.m2/repository/org/slf4j/slf4j-log4j12/1.7.25/slf4j-log4j12-1.7.25.jar:/home/user/.m2/repository/org/apache/avro/avro/1.7.7/avro-1.7.7.jar:/home/user/.m2/repository/com/thoughtworks/paranamer/paranamer/2.3/paranamer-2.3.jar:/home/user/.m2/repository/org/xerial/snappy/snappy-java/1.0.5/snappy-java-1.0.5.jar:/home/user/.m2/repository/com/google/re2j/re2j/1.1/re2j-1.1.jar:/home/user/.m2/repository/com/google/protobuf/protobuf-java/2.5.0/protobuf-java-2.5.0.jar:/home/user/.m2/repository/com/google/code/gson/gson/2.2.4/gson-2.2.4.jar:/home/user/.m2/repository/org/apache/hadoop/hadoop-auth/3.2.0/hadoop-auth-3.2.0.jar:/home/user/.m2/repository/com/nimbusds/nimbus-jose-jwt/4.41.1/nimbus-jose-jwt-4.41.1.jar:/home/user/.m2/repository/com/github/stephenc/jcip/jcip-annotations/1.0-1/jcip-annotations-1.0-1.jar:/home/user/.m2/repository/net/minidev/json-smart/2.3/json-smart-2.3.jar:/home/user/.m2/repository/net/minidev/accessors-smart/1.2/accessors-smart-1.2.jar:/home/user/.m2/repository/org/apache/curator/curator-framework/2.12.0/curator-framework-2.12.0.jar:/home/user/.m2/repository/com/jcraft/jsch/0.1.54/jsch-0.1.54.jar:/home/user/.m2/repository/org/apache/curator/curator-client/2.12.0/curator-client-2.12.0.jar:/home/user/.m2/repository/org/apache/curator/curator-recipes/2.12.0/curator-recipes-2.12.0.jar:/home/user/.m2/repository/com/google/code/findbugs/jsr305/3.0.0/jsr305-3.0.0.jar:/home/user/.m2/repository/org/apache/htrace/htrace-core4/4.1.0-incubating/htrace-core4-4.1.0-incubating.jar:/home/user/.m2/repository/org/apache/zookeeper/zookeeper/3.4.13/zookeeper-3.4.13.jar:/home/user/.m2/repository/jline/jline/0.9.94/jline-0.9.94.jar:/home/user/.m2/repository/org/apache/yetus/audience-annotations/0.5.0/audience-annotations-0.5.0.jar:/home/user/.m2/repository/org/apache/commons/commons-compress/1.4.1/commons-compress-1.4.1.jar:/home/user/.m2/repository/org/tukaani/xz/1.0/xz-1.0.jar:/home/user/.m2/repository/org/apache/kerby/kerb-simplekdc/1.0.1/kerb-simplekdc-1.0.1.jar:/home/user/.m2/repository/org/apache/kerby/kerb-client/1.0.1/kerb-client-1.0.1.jar:/home/user/.m2/repository/org/apache/kerby/kerby-config/1.0.1/kerby-config-1.0.1.jar:/home/user/.m2/repository/org/apache/kerby/kerb-core/1.0.1/kerb-core-1.0.1.jar:/home/user/.m2/repository/org/apache/kerby/kerby-pkix/1.0.1/kerby-pkix-1.0.1.jar:/home/user/.m2/repository/org/apache/kerby/kerby-asn1/1.0.1/kerby-asn1-1.0.1.jar:/home/user/.m2/repository/org/apache/kerby/kerby-util/1.0.1/kerby-util-1.0.1.jar:/home/user/.m2/repository/org/apache/kerby/kerb-common/1.0.1/kerb-common-1.0.1.jar:/home/user/.m2/repository/org/apache/kerby/kerb-crypto/1.0.1/kerb-crypto-1.0.1.jar:/home/user/.m2/repository/org/apache/kerby/kerb-util/1.0.1/kerb-util-1.0.1.jar:/home/user/.m2/repository/org/apache/kerby/token-provider/1.0.1/token-provider-1.0.1.jar:/home/user/.m2/repository/org/apache/kerby/kerb-admin/1.0.1/kerb-admin-1.0.1.jar:/home/user/.m2/repository/org/apache/kerby/kerb-server/1.0.1/kerb-server-1.0.1.jar:/home/user/.m2/repository/org/apache/kerby/kerb-identity/1.0.1/kerb-identity-1.0.1.jar:/home/user/.m2/repository/org/apache/kerby/kerby-xdr/1.0.1/kerby-xdr-1.0.1.jar:/home/user/.m2/repository/com/fasterxml/jackson/core/jackson-databind/2.9.9/jackson-databind-2.9.9.jar:/home/user/.m2/repository/com/fasterxml/jackson/core/jackson-annotations/2.9.9/jackson-annotations-2.9.9.jar:/home/user/.m2/repository/com/fasterxml/jackson/core/jackson-core/2.9.9/jackson-core-2.9.9.jar:/home/user/.m2/repository/org/codehaus/woodstox/stax2-api/3.1.4/stax2-api-3.1.4.jar:/home/user/.m2/repository/com/fasterxml/woodstox/woodstox-core/5.0.3/woodstox-core-5.0.3.jar:/home/user/.m2/repository/dnsjava/dnsjava/2.1.7/dnsjava-2.1.7.jar:/home/user/.m2/repository/org/apache/hadoop/hadoop-hdfs/3.2.0/hadoop-hdfs-3.2.0.jar:/home/user/.m2/repository/org/eclipse/jetty/jetty-util-ajax/9.3.25.v20180904/jetty-util-ajax-9.3.25.v20180904.jar:/home/user/.m2/repository/commons-daemon/commons-daemon/1.0.13/commons-daemon-1.0.13.jar:/home/user/.m2/repository/io/netty/netty/3.10.5.Final/netty-3.10.5.Final.jar:/home/user/.m2/repository/io/netty/netty-all/4.0.52.Final/netty-all-4.0.52.Final.jar:/home/user/.m2/repository/org/fusesource/leveldbjni/leveldbjni-all/1.8/leveldbjni-all-1.8.jar:/home/user/.m2/repository/org/apache/hadoop/hadoop-hdds-common/0.5.0-SNAPSHOT/hadoop-hdds-common-0.5.0-SNAPSHOT.jar:/home/user/.m2/repository/org/apache/hadoop/hadoop-hdds-config/0.5.0-SNAPSHOT/hadoop-hdds-config-0.5.0-SNAPSHOT.jar:/home/user/.m2/repository/javax/annotation/javax.annotation-api/1.2/javax.annotation-api-1.2.jar:/home/user/.m2/repository/org/apache/ratis/ratis-server/0.4.0/ratis-server-0.4.0.jar:/home/user/.m2/repository/org/apache/ratis/ratis-thirdparty-misc/0.2.0/ratis-thirdparty-misc-0.2.0.jar:/home/user/.m2/repository/org/apache/ratis/ratis-proto/0.4.0/ratis-proto-0.4.0.jar:/home/user/.m2/repository/org/apache/ratis/ratis-common/0.4.0/ratis-common-0.4.0.jar:/home/user/.m2/repository/org/apache/ratis/ratis-client/0.4.0/ratis-client-0.4.0.jar:/home/user/.m2/repository/org/apache/ratis/ratis-metrics/0.4.0/ratis-metrics-0.4.0.jar:/home/user/.m2/repository/com/github/joshelser/dropwizard-metrics-hadoop-metrics2-reporter/0.1.2/dropwizard-metrics-hadoop-metrics2-reporter-0.1.2.jar:/home/user/.m2/repository/io/dropwizard/metrics/metrics-jvm/3.2.5/metrics-jvm-3.2.5.jar:/home/user/.m2/repository/io/dropwizard/metrics/metrics-ganglia/3.2.5/metrics-ganglia-3.2.5.jar:/home/user/.m2/repository/info/ganglia/gmetric4j/gmetric4j/1.0.7/gmetric4j-1.0.7.jar:/home/user/.m2/repository/org/apache/ratis/ratis-netty/0.4.0/ratis-netty-0.4.0.jar:/home/user/.m2/repository/org/apache/ratis/ratis-grpc/0.4.0/ratis-grpc-0.4.0.jar:/home/user/.m2/repository/org/rocksdb/rocksdbjni/6.0.1/rocksdbjni-6.0.1.jar:/home/user/.m2/repository/org/apache/logging/log4j/log4j-api/2.11.0/log4j-api-2.11.0.jar:/home/user/.m2/repository/org/apache/logging/log4j/log4j-core/2.11.0/log4j-core-2.11.0.jar:/home/user/.m2/repository/com/lmax/disruptor/3.4.2/disruptor-3.4.2.jar:/home/user/.m2/repository/org/apache/commons/commons-pool2/2.6.0/commons-pool2-2.6.0.jar:/home/user/.m2/repository/org/bouncycastle/bcpkix-jdk15on/1.60/bcpkix-jdk15on-1.60.jar:/home/user/.m2/repository/commons-validator/commons-validator/1.6/commons-validator-1.6.jar:/home/user/.m2/repository/commons-digester/commons-digester/1.8.1/commons-digester-1.8.1.jar:/home/user/.m2/repository/io/jaegertracing/jaeger-client/0.34.0/jaeger-client-0.34.0.jar:/home/user/.m2/repository/io/jaegertracing/jaeger-thrift/0.34.0/jaeger-thrift-0.34.0.jar:/home/user/.m2/repository/org/apache/thrift/libthrift/0.12.0/libthrift-0.12.0.jar:/home/user/.m2/repository/com/squareup/okhttp3/okhttp/3.9.0/okhttp-3.9.0.jar:/home/user/.m2/repository/com/squareup/okio/okio/1.13.0/okio-1.13.0.jar:/home/user/.m2/repository/io/jaegertracing/jaeger-core/0.34.0/jaeger-core-0.34.0.jar:/home/user/.m2/repository/io/jaegertracing/jaeger-tracerresolver/0.34.0/jaeger-tracerresolver-0.34.0.jar:/home/user/.m2/repository/io/opentracing/contrib/opentracing-tracerresolver/0.1.5/opentracing-tracerresolver-0.1.5.jar:/home/user/.m2/repository/io/opentracing/opentracing-util/0.31.0/opentracing-util-0.31.0.jar:/home/user/.m2/repository/io/opentracing/opentracing-api/0.31.0/opentracing-api-0.31.0.jar:/home/user/.m2/repository/io/opentracing/opentracing-noop/0.31.0/opentracing-noop-0.31.0.jar:/home/user/.m2/repository/org/yaml/snakeyaml/1.16/snakeyaml-1.16.jar:/home/user/.m2/repository/org/apache/hadoop/hadoop-hdfs-client/3.2.0/hadoop-hdfs-client-3.2.0.jar:/home/user/.m2/repository/info/picocli/picocli/3.9.6/picocli-3.9.6.jar:/home/user/.m2/repository/org/apache/hadoop/hadoop-hdds-server-scm/0.5.0-SNAPSHOT/hadoop-hdds-server-scm-0.5.0-SNAPSHOT.jar:/home/user/.m2/repository/org/apache/hadoop/hadoop-hdds-docs/0.5.0-SNAPSHOT/hadoop-hdds-docs-0.5.0-SNAPSHOT.jar:/home/user/.m2/repository/io/dropwizard/metrics/metrics-core/3.2.4/metrics-core-3.2.4.jar:/home/user/.m2/repository/org/hamcrest/hamcrest-all/1.3/hamcrest-all-1.3.jar:/home/user/.m2/repository/org/bouncycastle/bcprov-jdk15on/1.60/bcprov-jdk15on-1.60.jar:/home/user/.m2/repository/org/apache/hadoop/hadoop-hdds-server-framework/0.5.0-SNAPSHOT/hadoop-hdds-server-framework-0.5.0-SNAPSHOT.jar:/home/user/.m2/repository/org/apache/hadoop/hadoop-ozone-ozone-manager/0.5.0-SNAPSHOT/hadoop-ozone-ozone-manager-0.5.0-SNAPSHOT.jar:/home/user/.m2/repository/org/apache/hadoop/hadoop-hdds-container-service/0.5.0-SNAPSHOT/hadoop-hdds-container-service-0.5.0-SNAPSHOT.jar:/home/user/.m2/repository/org/apache/hadoop/hadoop-hdds-client/0.5.0-SNAPSHOT/hadoop-hdds-client-0.5.0-SNAPSHOT.jar:/home/user/.m2/repository/org/apache/hadoop/hadoop-ozone-common/0.5.0-SNAPSHOT/hadoop-ozone-common-0.5.0-SNAPSHOT.jar:/home/user/.m2/repository/org/apache/hadoop/hadoop-hdds-tools/0.5.0-SNAPSHOT/hadoop-hdds-tools-0.5.0-SNAPSHOT.jar:/home/user/.m2/repository/org/xerial/sqlite-jdbc/3.25.2/sqlite-jdbc-3.25.2.jar:/home/user/.m2/repository/org/apache/httpcomponents/httpclient/4.5.2/httpclient-4.5.2.jar:/home/user/.m2/repository/org/apache/httpcomponents/httpcore/4.4.4/httpcore-4.4.4.jar:/home/user/.m2/repository/com/github/spotbugs/spotbugs/3.1.12/spotbugs-3.1.12.jar:/home/user/.m2/repository/org/ow2/asm/asm/5.0.4/asm-5.0.4.jar:/home/user/.m2/repository/org/ow2/asm/asm-analysis/7.0/asm-analysis-7.0.jar:/home/user/.m2/repository/org/ow2/asm/asm-commons/7.0/asm-commons-7.0.jar:/home/user/.m2/repository/org/ow2/asm/asm-tree/7.0/asm-tree-7.0.jar:/home/user/.m2/repository/org/ow2/asm/asm-util/7.0/asm-util-7.0.jar:/home/user/.m2/repository/org/apache/bcel/bcel/6.3/bcel-6.3.jar:/home/user/.m2/repository/net/jcip/jcip-annotations/1.0/jcip-annotations-1.0.jar:/home/user/.m2/repository/org/dom4j/dom4j/2.1.1/dom4j-2.1.1.jar:/home/user/.m2/repository/jaxen/jaxen/1.1.6/jaxen-1.1.6.jar:/home/user/.m2/repository/commons-lang/commons-lang/2.6/commons-lang-2.6.jar:/home/user/.m2/repository/com/github/spotbugs/spotbugs-annotations/3.1.12/spotbugs-annotations-3.1.12.jar:/home/user/.m2/repository/org/apache/hadoop/hadoop-common/3.2.0/hadoop-common-3.2.0-tests.jar:/home/user/.m2/repository/org/apache/hadoop/hadoop-ozone-client/0.5.0-SNAPSHOT/hadoop-ozone-client-0.5.0-SNAPSHOT.jar:/home/user/.m2/repository/org/apache/hadoop/hadoop-hdfs/3.2.0/hadoop-hdfs-3.2.0-tests.jar:/workdir/hadoop-ozone/integration-test/target/test-classes:/home/user/.m2/repository/org/apache/hadoop/hadoop-ozone-s3gateway/0.5.0-SNAPSHOT/hadoop-ozone-s3gateway-0.5.0-SNAPSHOT.jar:/home/user/.m2/repository/org/jboss/weld/servlet/weld-servlet/2.4.7.Final/weld-servlet-2.4.7.Final.jar:/home/user/.m2/repository/org/glassfish/jersey/containers/jersey-container-servlet-core/2.27/jersey-container-servlet-core-2.27.jar:/home/user/.m2/repository/org/glassfish/hk2/external/javax.inject/2.5.0-b42/javax.inject-2.5.0-b42.jar:/home/user/.m2/repository/org/glassfish/jersey/core/jersey-common/2.27/jersey-common-2.27.jar:/home/user/.m2/repository/org/glassfish/hk2/osgi-resource-locator/1.0.1/osgi-resource-locator-1.0.1.jar:/home/user/.m2/repository/javax/ws/rs/javax.ws.rs-api/2.1/javax.ws.rs-api-2.1.jar:/home/user/.m2/repository/org/glassfish/jersey/ext/cdi/jersey-cdi1x/2.27/jersey-cdi1x-2.27.jar:/home/user/.m2/repository/org/glassfish/jersey/inject/jersey-hk2/2.27/jersey-hk2-2.27.jar:/home/user/.m2/repository/org/glassfish/hk2/hk2-locator/2.5.0-b42/hk2-locator-2.5.0-b42.jar:/home/user/.m2/repository/org/javassist/javassist/3.22.0-CR2/javassist-3.22.0-CR2.jar:/home/user/.m2/repository/org/glassfish/hk2/hk2-api/2.5.0/hk2-api-2.5.0.jar:/home/user/.m2/repository/org/glassfish/hk2/external/jakarta.inject/2.5.0/jakarta.inject-2.5.0.jar:/home/user/.m2/repository/org/glassfish/hk2/hk2-utils/2.5.0/hk2-utils-2.5.0.jar:/home/user/.m2/repository/jakarta/annotation/jakarta.annotation-api/1.3.4/jakarta.annotation-api-1.3.4.jar:/home/user/.m2/repository/org/glassfish/hk2/external/aopalliance-repackaged/2.5.0/aopalliance-repackaged-2.5.0.jar:/home/user/.m2/repository/com/fasterxml/jackson/dataformat/jackson-dataformat-xml/2.9.0/jackson-dataformat-xml-2.9.0.jar:/home/user/.m2/repository/com/fasterxml/jackson/module/jackson-module-jaxb-annotations/2.9.9/jackson-module-jaxb-annotations-2.9.9.jar:/home/user/.m2/repository/javax/enterprise/cdi-api/1.2/cdi-api-1.2.jar:/home/user/.m2/repository/javax/el/javax.el-api/3.0.0/javax.el-api-3.0.0.jar:/home/user/.m2/repository/javax/interceptor/javax.interceptor-api/1.2/javax.interceptor-api-1.2.jar:/home/user/.m2/repository/javax/inject/javax.inject/1/javax.inject-1.jar:/home/user/.m2/repository/com/sun/xml/bind/jaxb-core/2.3.0.1/jaxb-core-2.3.0.1.jar:/home/user/.m2/repository/javax/xml/bind/jaxb-api/2.3.0/jaxb-api-2.3.0.jar:/home/user/.m2/repository/javax/activation/activation/1.1.1/activation-1.1.1.jar:/home/user/.m2/repository/org/apache/hadoop/hadoop-ozone-csi/0.5.0-SNAPSHOT/hadoop-ozone-csi-0.5.0-SNAPSHOT.jar:/home/user/.m2/repository/com/google/protobuf/protobuf-java-util/3.5.1/protobuf-java-util-3.5.1.jar:/home/user/.m2/repository/io/grpc/grpc-netty/1.17.1/grpc-netty-1.17.1.jar:/home/user/.m2/repository/io/grpc/grpc-core/1.17.1/grpc-core-1.17.1.jar:/home/user/.m2/repository/io/grpc/grpc-context/1.17.1/grpc-context-1.17.1.jar:/home/user/.m2/repository/com/google/errorprone/error_prone_annotations/2.2.0/error_prone_annotations-2.2.0.jar:/home/user/.m2/repository/org/codehaus/mojo/animal-sniffer-annotations/1.17/animal-sniffer-annotations-1.17.jar:/home/user/.m2/repository/io/opencensus/opencensus-api/0.17.0/opencensus-api-0.17.0.jar:/home/user/.m2/repository/io/opencensus/opencensus-contrib-grpc-metrics/0.17.0/opencensus-contrib-grpc-metrics-0.17.0.jar:/home/user/.m2/repository/io/netty/netty-codec-http2/4.1.30.Final/netty-codec-http2-4.1.30.Final.jar:/home/user/.m2/repository/io/netty/netty-codec-http/4.1.30.Final/netty-codec-http-4.1.30.Final.jar:/home/user/.m2/repository/io/netty/netty-codec/4.1.30.Final/netty-codec-4.1.30.Final.jar:/home/user/.m2/repository/io/netty/netty-handler/4.1.30.Final/netty-handler-4.1.30.Final.jar:/home/user/.m2/repository/io/netty/netty-handler-proxy/4.1.30.Final/netty-handler-proxy-4.1.30.Final.jar:/home/user/.m2/repository/io/netty/netty-codec-socks/4.1.30.Final/netty-codec-socks-4.1.30.Final.jar:/home/user/.m2/repository/io/netty/netty-transport-native-epoll/4.1.30.Final/netty-transport-native-epoll-4.1.30.Final.jar:/home/user/.m2/repository/io/netty/netty-common/4.1.30.Final/netty-common-4.1.30.Final.jar:/home/user/.m2/repository/io/netty/netty-buffer/4.1.30.Final/netty-buffer-4.1.30.Final.jar:/home/user/.m2/repository/io/netty/netty-transport/4.1.30.Final/netty-transport-4.1.30.Final.jar:/home/user/.m2/repository/io/netty/netty-resolver/4.1.30.Final/netty-resolver-4.1.30.Final.jar:/home/user/.m2/repository/io/netty/netty-transport-native-unix-common/4.1.30.Final/netty-transport-native-unix-common-4.1.30.Final.jar:/home/user/.m2/repository/io/grpc/grpc-protobuf/1.17.1/grpc-protobuf-1.17.1.jar:/home/user/.m2/repository/com/google/api/grpc/proto-google-common-protos/1.0.0/proto-google-common-protos-1.0.0.jar:/home/user/.m2/repository/io/grpc/grpc-protobuf-lite/1.17.1/grpc-protobuf-lite-1.17.1.jar:/home/user/.m2/repository/io/grpc/grpc-stub/1.17.1/grpc-stub-1.17.1.jar:/home/user/.m2/repository/org/apache/hadoop/hadoop-ozone-recon/0.5.0-SNAPSHOT/hadoop-ozone-recon-0.5.0-SNAPSHOT.jar:/home/user/.m2/repository/org/apache/hadoop/hadoop-ozone-reconcodegen/0.5.0-SNAPSHOT/hadoop-ozone-reconcodegen-0.5.0-SNAPSHOT.jar:/home/user/.m2/repository/com/google/inject/extensions/guice-multibindings/4.0/guice-multibindings-4.0.jar:/home/user/.m2/repository/com/google/inject/guice/4.0/guice-4.0.jar:/home/user/.m2/repository/aopalliance/aopalliance/1.0/aopalliance-1.0.jar:/home/user/.m2/repository/org/glassfish/jersey/containers/jersey-container-servlet/2.27/jersey-container-servlet-2.27.jar:/home/user/.m2/repository/org/glassfish/hk2/guice-bridge/2.5.0/guice-bridge-2.5.0.jar:/home/user/.m2/repository/org/glassfish/jersey/core/jersey-server/2.27/jersey-server-2.27.jar:/home/user/.m2/repository/org/glassfish/jersey/core/jersey-client/2.27/jersey-client-2.27.jar:/home/user/.m2/repository/org/glassfish/jersey/media/jersey-media-jaxb/2.27/jersey-media-jaxb-2.27.jar:/home/user/.m2/repository/javax/validation/validation-api/1.1.0.Final/validation-api-1.1.0.Final.jar:/home/user/.m2/repository/org/glassfish/jersey/media/jersey-media-json-jackson/2.27/jersey-media-json-jackson-2.27.jar:/home/user/.m2/repository/org/glassfish/jersey/ext/jersey-entity-filtering/2.27/jersey-entity-filtering-2.27.jar:/home/user/.m2/repository/com/google/inject/extensions/guice-assistedinject/4.0/guice-assistedinject-4.0.jar:/home/user/.m2/repository/org/jooq/jooq/3.11.10/jooq-3.11.10.jar:/home/user/.m2/repository/org/jooq/jooq-meta/3.11.10/jooq-meta-3.11.10.jar:/home/user/.m2/repository/org/jooq/jooq-codegen/3.11.10/jooq-codegen-3.11.10.jar:/home/user/.m2/repository/com/jolbox/bonecp/0.8.0.RELEASE/bonecp-0.8.0.RELEASE.jar:/home/user/.m2/repository/org/springframework/spring-jdbc/5.1.3.RELEASE/spring-jdbc-5.1.3.RELEASE.jar:/home/user/.m2/repository/org/springframework/spring-beans/5.1.3.RELEASE/spring-beans-5.1.3.RELEASE.jar:/home/user/.m2/repository/org/springframework/spring-core/5.1.3.RELEASE/spring-core-5.1.3.RELEASE.jar:/home/user/.m2/repository/org/springframework/spring-jcl/5.1.3.RELEASE/spring-jcl-5.1.3.RELEASE.jar:/home/user/.m2/repository/org/springframework/spring-tx/5.1.3.RELEASE/spring-tx-5.1.3.RELEASE.jar:/home/user/.m2/repository/org/mockito/mockito-all/1.10.19/mockito-all-1.10.19.jar:/home/user/.m2/repository/junit/junit/4.11/junit-4.11.jar:/home/user/.m2/repository/org/hamcrest/hamcrest-core/1.3/hamcrest-core-1.3.jar:/home/user/.m2/repository/org/apache/hadoop/hadoop-distcp/3.2.0/hadoop-distcp-3.2.0.jar:/home/user/.m2/repository/org/apache/hadoop/hadoop-distcp/3.2.0/hadoop-distcp-3.2.0-tests.jar:/home/user/.m2/repository/org/apache/hadoop/hadoop-mapreduce-client-jobclient/3.2.0/hadoop-mapreduce-client-jobclient-3.2.0.jar:/home/user/.m2/repository/org/apache/hadoop/hadoop-mapreduce-client-common/3.2.0/hadoop-mapreduce-client-common-3.2.0.jar:/home/user/.m2/repository/org/apache/hadoop/hadoop-yarn-common/3.2.0/hadoop-yarn-common-3.2.0.jar:/home/user/.m2/repository/org/apache/hadoop/hadoop-yarn-api/3.2.0/hadoop-yarn-api-3.2.0.jar:/home/user/.m2/repository/com/sun/jersey/jersey-client/1.19/jersey-client-1.19.jar:/home/user/.m2/repository/com/sun/jersey/contribs/jersey-guice/1.19/jersey-guice-1.19.jar:/home/user/.m2/repository/com/fasterxml/jackson/jaxrs/jackson-jaxrs-json-provider/2.9.9/jackson-jaxrs-json-provider-2.9.9.jar:/home/user/.m2/repository/com/fasterxml/jackson/jaxrs/jackson-jaxrs-base/2.9.9/jackson-jaxrs-base-2.9.9.jar:/home/user/.m2/repository/org/apache/hadoop/hadoop-yarn-client/3.2.0/hadoop-yarn-client-3.2.0.jar:/home/user/.m2/repository/org/apache/hadoop/hadoop-mapreduce-client-core/3.2.0/hadoop-mapreduce-client-core-3.2.0.jar:/home/user/.m2/repository/com/google/inject/extensions/guice-servlet/4.0/guice-servlet-4.0.jar:/home/user/.m2/repository/org/powermock/powermock-module-junit4/1.6.5/powermock-module-junit4-1.6.5.jar:/home/user/.m2/repository/org/powermock/powermock-module-junit4-common/1.6.5/powermock-module-junit4-common-1.6.5.jar:/home/user/.m2/repository/org/powermock/powermock-core/1.6.5/powermock-core-1.6.5.jar:/home/user/.m2/repository/org/powermock/powermock-reflect/1.6.5/powermock-reflect-1.6.5.jar:/home/user/.m2/repository/org/powermock/powermock-api-mockito/1.6.5/powermock-api-mockito-1.6.5.jar:/home/user/.m2/repository/org/mockito/mockito-core/1.10.19/mockito-core-1.10.19.jar:/home/user/.m2/repository/org/objenesis/objenesis/1.0/objenesis-1.0.jar:/home/user/.m2/repository/org/powermock/powermock-api-mockito-common/1.6.5/powermock-api-mockito-common-1.6.5.jar:/home/user/.m2/repository/org/powermock/powermock-api-support/1.6.5/powermock-api-support-1.6.5.jar:"/>
    <property name="java.vm.vendor" value="IcedTea"/>
    <property name="sun.arch.data.model" value="64"/>
    <property name="test.build.dir" value="/workdir/hadoop-ozone/ozonefs/target/test-dir"/>
    <property name="test.cache.data" value=""/>
    <property name="java.vendor.url" value="https://icedtea.classpath.org"/>
    <property name="user.timezone" value=""/>
    <property name="java.vm.specification.version" value="1.8"/>
    <property name="os.name" value="Linux"/>
    <property name="test.build.data" value="/workdir/hadoop-ozone/ozonefs/target/test-dir"/>
    <property name="user.country" value="US"/>
    <property name="sun.java.launcher" value="SUN_STANDARD"/>
    <property name="sun.boot.library.path" value="/usr/lib/jvm/java-1.8-openjdk/jre/lib/amd64"/>
    <property name="sun.java.command" value="/workdir/hadoop-ozone/ozonefs/target/surefire/surefirebooter7553145098930891250.jar /workdir/hadoop-ozone/ozonefs/target/surefire 2019-10-01T13-06-33_442-jvmRun1 surefire4476395175531107631tmp surefire_993731103795429332711tmp"/>
    <property name="test" value="!TestMiniChaosOzoneCluster"/>
    <property name="surefire.test.class.path" value="/workdir/hadoop-ozone/ozonefs/target/test-classes:/workdir/hadoop-ozone/ozonefs/target/classes:/home/user/.m2/repository/org/apache/hadoop/hadoop-common/3.2.0/hadoop-common-3.2.0.jar:/home/user/.m2/repository/org/apache/hadoop/hadoop-annotations/3.2.0/hadoop-annotations-3.2.0.jar:/usr/lib/jvm/java-1.8-openjdk/jre/../lib/tools.jar:/home/user/.m2/repository/com/google/guava/guava/11.0.2/guava-11.0.2.jar:/home/user/.m2/repository/commons-cli/commons-cli/1.2/commons-cli-1.2.jar:/home/user/.m2/repository/org/apache/commons/commons-math3/3.1.1/commons-math3-3.1.1.jar:/home/user/.m2/repository/commons-codec/commons-codec/1.11/commons-codec-1.11.jar:/home/user/.m2/repository/commons-io/commons-io/2.5/commons-io-2.5.jar:/home/user/.m2/repository/commons-net/commons-net/3.6/commons-net-3.6.jar:/home/user/.m2/repository/commons-collections/commons-collections/3.2.2/commons-collections-3.2.2.jar:/home/user/.m2/repository/javax/servlet/javax.servlet-api/3.1.0/javax.servlet-api-3.1.0.jar:/home/user/.m2/repository/org/eclipse/jetty/jetty-server/9.3.25.v20180904/jetty-server-9.3.25.v20180904.jar:/home/user/.m2/repository/org/eclipse/jetty/jetty-http/9.3.25.v20180904/jetty-http-9.3.25.v20180904.jar:/home/user/.m2/repository/org/eclipse/jetty/jetty-io/9.3.25.v20180904/jetty-io-9.3.25.v20180904.jar:/home/user/.m2/repository/org/eclipse/jetty/jetty-util/9.3.25.v20180904/jetty-util-9.3.25.v20180904.jar:/home/user/.m2/repository/org/eclipse/jetty/jetty-servlet/9.3.25.v20180904/jetty-servlet-9.3.25.v20180904.jar:/home/user/.m2/repository/org/eclipse/jetty/jetty-security/9.3.25.v20180904/jetty-security-9.3.25.v20180904.jar:/home/user/.m2/repository/org/eclipse/jetty/jetty-webapp/9.3.25.v20180904/jetty-webapp-9.3.25.v20180904.jar:/home/user/.m2/repository/org/eclipse/jetty/jetty-xml/9.3.25.v20180904/jetty-xml-9.3.25.v20180904.jar:/home/user/.m2/repository/javax/servlet/jsp/jsp-api/2.1/jsp-api-2.1.jar:/home/user/.m2/repository/com/sun/jersey/jersey-core/1.19/jersey-core-1.19.jar:/home/user/.m2/repository/javax/ws/rs/jsr311-api/1.1.1/jsr311-api-1.1.1.jar:/home/user/.m2/repository/com/sun/jersey/jersey-servlet/1.19/jersey-servlet-1.19.jar:/home/user/.m2/repository/com/sun/jersey/jersey-json/1.19/jersey-json-1.19.jar:/home/user/.m2/repository/org/codehaus/jettison/jettison/1.1/jettison-1.1.jar:/home/user/.m2/repository/com/sun/xml/bind/jaxb-impl/2.3.0.1/jaxb-impl-2.3.0.1.jar:/home/user/.m2/repository/org/codehaus/jackson/jackson-core-asl/1.9.13/jackson-core-asl-1.9.13.jar:/home/user/.m2/repository/org/codehaus/jackson/jackson-mapper-asl/1.9.13/jackson-mapper-asl-1.9.13.jar:/home/user/.m2/repository/org/codehaus/jackson/jackson-jaxrs/1.9.13/jackson-jaxrs-1.9.13.jar:/home/user/.m2/repository/org/codehaus/jackson/jackson-xc/1.9.13/jackson-xc-1.9.13.jar:/home/user/.m2/repository/com/sun/jersey/jersey-server/1.19/jersey-server-1.19.jar:/home/user/.m2/repository/commons-logging/commons-logging/1.1.3/commons-logging-1.1.3.jar:/home/user/.m2/repository/log4j/log4j/1.2.17/log4j-1.2.17.jar:/home/user/.m2/repository/commons-beanutils/commons-beanutils/1.9.4/commons-beanutils-1.9.4.jar:/home/user/.m2/repository/org/apache/commons/commons-configuration2/2.1.1/commons-configuration2-2.1.1.jar:/home/user/.m2/repository/org/apache/commons/commons-lang3/3.7/commons-lang3-3.7.jar:/home/user/.m2/repository/org/apache/commons/commons-text/1.4/commons-text-1.4.jar:/home/user/.m2/repository/org/slf4j/slf4j-api/1.7.25/slf4j-api-1.7.25.jar:/home/user/.m2/repository/org/slf4j/slf4j-log4j12/1.7.25/slf4j-log4j12-1.7.25.jar:/home/user/.m2/repository/org/apache/avro/avro/1.7.7/avro-1.7.7.jar:/home/user/.m2/repository/com/thoughtworks/paranamer/paranamer/2.3/paranamer-2.3.jar:/home/user/.m2/repository/org/xerial/snappy/snappy-java/1.0.5/snappy-java-1.0.5.jar:/home/user/.m2/repository/com/google/re2j/re2j/1.1/re2j-1.1.jar:/home/user/.m2/repository/com/google/protobuf/protobuf-java/2.5.0/protobuf-java-2.5.0.jar:/home/user/.m2/repository/com/google/code/gson/gson/2.2.4/gson-2.2.4.jar:/home/user/.m2/repository/org/apache/hadoop/hadoop-auth/3.2.0/hadoop-auth-3.2.0.jar:/home/user/.m2/repository/com/nimbusds/nimbus-jose-jwt/4.41.1/nimbus-jose-jwt-4.41.1.jar:/home/user/.m2/repository/com/github/stephenc/jcip/jcip-annotations/1.0-1/jcip-annotations-1.0-1.jar:/home/user/.m2/repository/net/minidev/json-smart/2.3/json-smart-2.3.jar:/home/user/.m2/repository/net/minidev/accessors-smart/1.2/accessors-smart-1.2.jar:/home/user/.m2/repository/org/apache/curator/curator-framework/2.12.0/curator-framework-2.12.0.jar:/home/user/.m2/repository/com/jcraft/jsch/0.1.54/jsch-0.1.54.jar:/home/user/.m2/repository/org/apache/curator/curator-client/2.12.0/curator-client-2.12.0.jar:/home/user/.m2/repository/org/apache/curator/curator-recipes/2.12.0/curator-recipes-2.12.0.jar:/home/user/.m2/repository/com/google/code/findbugs/jsr305/3.0.0/jsr305-3.0.0.jar:/home/user/.m2/repository/org/apache/htrace/htrace-core4/4.1.0-incubating/htrace-core4-4.1.0-incubating.jar:/home/user/.m2/repository/org/apache/zookeeper/zookeeper/3.4.13/zookeeper-3.4.13.jar:/home/user/.m2/repository/jline/jline/0.9.94/jline-0.9.94.jar:/home/user/.m2/repository/org/apache/yetus/audience-annotations/0.5.0/audience-annotations-0.5.0.jar:/home/user/.m2/repository/org/apache/commons/commons-compress/1.4.1/commons-compress-1.4.1.jar:/home/user/.m2/repository/org/tukaani/xz/1.0/xz-1.0.jar:/home/user/.m2/repository/org/apache/kerby/kerb-simplekdc/1.0.1/kerb-simplekdc-1.0.1.jar:/home/user/.m2/repository/org/apache/kerby/kerb-client/1.0.1/kerb-client-1.0.1.jar:/home/user/.m2/repository/org/apache/kerby/kerby-config/1.0.1/kerby-config-1.0.1.jar:/home/user/.m2/repository/org/apache/kerby/kerb-core/1.0.1/kerb-core-1.0.1.jar:/home/user/.m2/repository/org/apache/kerby/kerby-pkix/1.0.1/kerby-pkix-1.0.1.jar:/home/user/.m2/repository/org/apache/kerby/kerby-asn1/1.0.1/kerby-asn1-1.0.1.jar:/home/user/.m2/repository/org/apache/kerby/kerby-util/1.0.1/kerby-util-1.0.1.jar:/home/user/.m2/repository/org/apache/kerby/kerb-common/1.0.1/kerb-common-1.0.1.jar:/home/user/.m2/repository/org/apache/kerby/kerb-crypto/1.0.1/kerb-crypto-1.0.1.jar:/home/user/.m2/repository/org/apache/kerby/kerb-util/1.0.1/kerb-util-1.0.1.jar:/home/user/.m2/repository/org/apache/kerby/token-provider/1.0.1/token-provider-1.0.1.jar:/home/user/.m2/repository/org/apache/kerby/kerb-admin/1.0.1/kerb-admin-1.0.1.jar:/home/user/.m2/repository/org/apache/kerby/kerb-server/1.0.1/kerb-server-1.0.1.jar:/home/user/.m2/repository/org/apache/kerby/kerb-identity/1.0.1/kerb-identity-1.0.1.jar:/home/user/.m2/repository/org/apache/kerby/kerby-xdr/1.0.1/kerby-xdr-1.0.1.jar:/home/user/.m2/repository/com/fasterxml/jackson/core/jackson-databind/2.9.9/jackson-databind-2.9.9.jar:/home/user/.m2/repository/com/fasterxml/jackson/core/jackson-annotations/2.9.9/jackson-annotations-2.9.9.jar:/home/user/.m2/repository/com/fasterxml/jackson/core/jackson-core/2.9.9/jackson-core-2.9.9.jar:/home/user/.m2/repository/org/codehaus/woodstox/stax2-api/3.1.4/stax2-api-3.1.4.jar:/home/user/.m2/repository/com/fasterxml/woodstox/woodstox-core/5.0.3/woodstox-core-5.0.3.jar:/home/user/.m2/repository/dnsjava/dnsjava/2.1.7/dnsjava-2.1.7.jar:/home/user/.m2/repository/org/apache/hadoop/hadoop-hdfs/3.2.0/hadoop-hdfs-3.2.0.jar:/home/user/.m2/repository/org/eclipse/jetty/jetty-util-ajax/9.3.25.v20180904/jetty-util-ajax-9.3.25.v20180904.jar:/home/user/.m2/repository/commons-daemon/commons-daemon/1.0.13/commons-daemon-1.0.13.jar:/home/user/.m2/repository/io/netty/netty/3.10.5.Final/netty-3.10.5.Final.jar:/home/user/.m2/repository/io/netty/netty-all/4.0.52.Final/netty-all-4.0.52.Final.jar:/home/user/.m2/repository/org/fusesource/leveldbjni/leveldbjni-all/1.8/leveldbjni-all-1.8.jar:/home/user/.m2/repository/org/apache/hadoop/hadoop-hdds-common/0.5.0-SNAPSHOT/hadoop-hdds-common-0.5.0-SNAPSHOT.jar:/home/user/.m2/repository/org/apache/hadoop/hadoop-hdds-config/0.5.0-SNAPSHOT/hadoop-hdds-config-0.5.0-SNAPSHOT.jar:/home/user/.m2/repository/javax/annotation/javax.annotation-api/1.2/javax.annotation-api-1.2.jar:/home/user/.m2/repository/org/apache/ratis/ratis-server/0.4.0/ratis-server-0.4.0.jar:/home/user/.m2/repository/org/apache/ratis/ratis-thirdparty-misc/0.2.0/ratis-thirdparty-misc-0.2.0.jar:/home/user/.m2/repository/org/apache/ratis/ratis-proto/0.4.0/ratis-proto-0.4.0.jar:/home/user/.m2/repository/org/apache/ratis/ratis-common/0.4.0/ratis-common-0.4.0.jar:/home/user/.m2/repository/org/apache/ratis/ratis-client/0.4.0/ratis-client-0.4.0.jar:/home/user/.m2/repository/org/apache/ratis/ratis-metrics/0.4.0/ratis-metrics-0.4.0.jar:/home/user/.m2/repository/com/github/joshelser/dropwizard-metrics-hadoop-metrics2-reporter/0.1.2/dropwizard-metrics-hadoop-metrics2-reporter-0.1.2.jar:/home/user/.m2/repository/io/dropwizard/metrics/metrics-jvm/3.2.5/metrics-jvm-3.2.5.jar:/home/user/.m2/repository/io/dropwizard/metrics/metrics-ganglia/3.2.5/metrics-ganglia-3.2.5.jar:/home/user/.m2/repository/info/ganglia/gmetric4j/gmetric4j/1.0.7/gmetric4j-1.0.7.jar:/home/user/.m2/repository/org/apache/ratis/ratis-netty/0.4.0/ratis-netty-0.4.0.jar:/home/user/.m2/repository/org/apache/ratis/ratis-grpc/0.4.0/ratis-grpc-0.4.0.jar:/home/user/.m2/repository/org/rocksdb/rocksdbjni/6.0.1/rocksdbjni-6.0.1.jar:/home/user/.m2/repository/org/apache/logging/log4j/log4j-api/2.11.0/log4j-api-2.11.0.jar:/home/user/.m2/repository/org/apache/logging/log4j/log4j-core/2.11.0/log4j-core-2.11.0.jar:/home/user/.m2/repository/com/lmax/disruptor/3.4.2/disruptor-3.4.2.jar:/home/user/.m2/repository/org/apache/commons/commons-pool2/2.6.0/commons-pool2-2.6.0.jar:/home/user/.m2/repository/org/bouncycastle/bcpkix-jdk15on/1.60/bcpkix-jdk15on-1.60.jar:/home/user/.m2/repository/commons-validator/commons-validator/1.6/commons-validator-1.6.jar:/home/user/.m2/repository/commons-digester/commons-digester/1.8.1/commons-digester-1.8.1.jar:/home/user/.m2/repository/io/jaegertracing/jaeger-client/0.34.0/jaeger-client-0.34.0.jar:/home/user/.m2/repository/io/jaegertracing/jaeger-thrift/0.34.0/jaeger-thrift-0.34.0.jar:/home/user/.m2/repository/org/apache/thrift/libthrift/0.12.0/libthrift-0.12.0.jar:/home/user/.m2/repository/com/squareup/okhttp3/okhttp/3.9.0/okhttp-3.9.0.jar:/home/user/.m2/repository/com/squareup/okio/okio/1.13.0/okio-1.13.0.jar:/home/user/.m2/repository/io/jaegertracing/jaeger-core/0.34.0/jaeger-core-0.34.0.jar:/home/user/.m2/repository/io/jaegertracing/jaeger-tracerresolver/0.34.0/jaeger-tracerresolver-0.34.0.jar:/home/user/.m2/repository/io/opentracing/contrib/opentracing-tracerresolver/0.1.5/opentracing-tracerresolver-0.1.5.jar:/home/user/.m2/repository/io/opentracing/opentracing-util/0.31.0/opentracing-util-0.31.0.jar:/home/user/.m2/repository/io/opentracing/opentracing-api/0.31.0/opentracing-api-0.31.0.jar:/home/user/.m2/repository/io/opentracing/opentracing-noop/0.31.0/opentracing-noop-0.31.0.jar:/home/user/.m2/repository/org/yaml/snakeyaml/1.16/snakeyaml-1.16.jar:/home/user/.m2/repository/org/apache/hadoop/hadoop-hdfs-client/3.2.0/hadoop-hdfs-client-3.2.0.jar:/home/user/.m2/repository/info/picocli/picocli/3.9.6/picocli-3.9.6.jar:/home/user/.m2/repository/org/apache/hadoop/hadoop-hdds-server-scm/0.5.0-SNAPSHOT/hadoop-hdds-server-scm-0.5.0-SNAPSHOT.jar:/home/user/.m2/repository/org/apache/hadoop/hadoop-hdds-docs/0.5.0-SNAPSHOT/hadoop-hdds-docs-0.5.0-SNAPSHOT.jar:/home/user/.m2/repository/io/dropwizard/metrics/metrics-core/3.2.4/metrics-core-3.2.4.jar:/home/user/.m2/repository/org/hamcrest/hamcrest-all/1.3/hamcrest-all-1.3.jar:/home/user/.m2/repository/org/bouncycastle/bcprov-jdk15on/1.60/bcprov-jdk15on-1.60.jar:/home/user/.m2/repository/org/apache/hadoop/hadoop-hdds-server-framework/0.5.0-SNAPSHOT/hadoop-hdds-server-framework-0.5.0-SNAPSHOT.jar:/home/user/.m2/repository/org/apache/hadoop/hadoop-ozone-ozone-manager/0.5.0-SNAPSHOT/hadoop-ozone-ozone-manager-0.5.0-SNAPSHOT.jar:/home/user/.m2/repository/org/apache/hadoop/hadoop-hdds-container-service/0.5.0-SNAPSHOT/hadoop-hdds-container-service-0.5.0-SNAPSHOT.jar:/home/user/.m2/repository/org/apache/hadoop/hadoop-hdds-client/0.5.0-SNAPSHOT/hadoop-hdds-client-0.5.0-SNAPSHOT.jar:/home/user/.m2/repository/org/apache/hadoop/hadoop-ozone-common/0.5.0-SNAPSHOT/hadoop-ozone-common-0.5.0-SNAPSHOT.jar:/home/user/.m2/repository/org/apache/hadoop/hadoop-hdds-tools/0.5.0-SNAPSHOT/hadoop-hdds-tools-0.5.0-SNAPSHOT.jar:/home/user/.m2/repository/org/xerial/sqlite-jdbc/3.25.2/sqlite-jdbc-3.25.2.jar:/home/user/.m2/repository/org/apache/httpcomponents/httpclient/4.5.2/httpclient-4.5.2.jar:/home/user/.m2/repository/org/apache/httpcomponents/httpcore/4.4.4/httpcore-4.4.4.jar:/home/user/.m2/repository/com/github/spotbugs/spotbugs/3.1.12/spotbugs-3.1.12.jar:/home/user/.m2/repository/org/ow2/asm/asm/5.0.4/asm-5.0.4.jar:/home/user/.m2/repository/org/ow2/asm/asm-analysis/7.0/asm-analysis-7.0.jar:/home/user/.m2/repository/org/ow2/asm/asm-commons/7.0/asm-commons-7.0.jar:/home/user/.m2/repository/org/ow2/asm/asm-tree/7.0/asm-tree-7.0.jar:/home/user/.m2/repository/org/ow2/asm/asm-util/7.0/asm-util-7.0.jar:/home/user/.m2/repository/org/apache/bcel/bcel/6.3/bcel-6.3.jar:/home/user/.m2/repository/net/jcip/jcip-annotations/1.0/jcip-annotations-1.0.jar:/home/user/.m2/repository/org/dom4j/dom4j/2.1.1/dom4j-2.1.1.jar:/home/user/.m2/repository/jaxen/jaxen/1.1.6/jaxen-1.1.6.jar:/home/user/.m2/repository/commons-lang/commons-lang/2.6/commons-lang-2.6.jar:/home/user/.m2/repository/com/github/spotbugs/spotbugs-annotations/3.1.12/spotbugs-annotations-3.1.12.jar:/home/user/.m2/repository/org/apache/hadoop/hadoop-common/3.2.0/hadoop-common-3.2.0-tests.jar:/home/user/.m2/repository/org/apache/hadoop/hadoop-ozone-client/0.5.0-SNAPSHOT/hadoop-ozone-client-0.5.0-SNAPSHOT.jar:/home/user/.m2/repository/org/apache/hadoop/hadoop-hdfs/3.2.0/hadoop-hdfs-3.2.0-tests.jar:/workdir/hadoop-ozone/integration-test/target/test-classes:/home/user/.m2/repository/org/apache/hadoop/hadoop-ozone-s3gateway/0.5.0-SNAPSHOT/hadoop-ozone-s3gateway-0.5.0-SNAPSHOT.jar:/home/user/.m2/repository/org/jboss/weld/servlet/weld-servlet/2.4.7.Final/weld-servlet-2.4.7.Final.jar:/home/user/.m2/repository/org/glassfish/jersey/containers/jersey-container-servlet-core/2.27/jersey-container-servlet-core-2.27.jar:/home/user/.m2/repository/org/glassfish/hk2/external/javax.inject/2.5.0-b42/javax.inject-2.5.0-b42.jar:/home/user/.m2/repository/org/glassfish/jersey/core/jersey-common/2.27/jersey-common-2.27.jar:/home/user/.m2/repository/org/glassfish/hk2/osgi-resource-locator/1.0.1/osgi-resource-locator-1.0.1.jar:/home/user/.m2/repository/javax/ws/rs/javax.ws.rs-api/2.1/javax.ws.rs-api-2.1.jar:/home/user/.m2/repository/org/glassfish/jersey/ext/cdi/jersey-cdi1x/2.27/jersey-cdi1x-2.27.jar:/home/user/.m2/repository/org/glassfish/jersey/inject/jersey-hk2/2.27/jersey-hk2-2.27.jar:/home/user/.m2/repository/org/glassfish/hk2/hk2-locator/2.5.0-b42/hk2-locator-2.5.0-b42.jar:/home/user/.m2/repository/org/javassist/javassist/3.22.0-CR2/javassist-3.22.0-CR2.jar:/home/user/.m2/repository/org/glassfish/hk2/hk2-api/2.5.0/hk2-api-2.5.0.jar:/home/user/.m2/repository/org/glassfish/hk2/external/jakarta.inject/2.5.0/jakarta.inject-2.5.0.jar:/home/user/.m2/repository/org/glassfish/hk2/hk2-utils/2.5.0/hk2-utils-2.5.0.jar:/home/user/.m2/repository/jakarta/annotation/jakarta.annotation-api/1.3.4/jakarta.annotation-api-1.3.4.jar:/home/user/.m2/repository/org/glassfish/hk2/external/aopalliance-repackaged/2.5.0/aopalliance-repackaged-2.5.0.jar:/home/user/.m2/repository/com/fasterxml/jackson/dataformat/jackson-dataformat-xml/2.9.0/jackson-dataformat-xml-2.9.0.jar:/home/user/.m2/repository/com/fasterxml/jackson/module/jackson-module-jaxb-annotations/2.9.9/jackson-module-jaxb-annotations-2.9.9.jar:/home/user/.m2/repository/javax/enterprise/cdi-api/1.2/cdi-api-1.2.jar:/home/user/.m2/repository/javax/el/javax.el-api/3.0.0/javax.el-api-3.0.0.jar:/home/user/.m2/repository/javax/interceptor/javax.interceptor-api/1.2/javax.interceptor-api-1.2.jar:/home/user/.m2/repository/javax/inject/javax.inject/1/javax.inject-1.jar:/home/user/.m2/repository/com/sun/xml/bind/jaxb-core/2.3.0.1/jaxb-core-2.3.0.1.jar:/home/user/.m2/repository/javax/xml/bind/jaxb-api/2.3.0/jaxb-api-2.3.0.jar:/home/user/.m2/repository/javax/activation/activation/1.1.1/activation-1.1.1.jar:/home/user/.m2/repository/org/apache/hadoop/hadoop-ozone-csi/0.5.0-SNAPSHOT/hadoop-ozone-csi-0.5.0-SNAPSHOT.jar:/home/user/.m2/repository/com/google/protobuf/protobuf-java-util/3.5.1/protobuf-java-util-3.5.1.jar:/home/user/.m2/repository/io/grpc/grpc-netty/1.17.1/grpc-netty-1.17.1.jar:/home/user/.m2/repository/io/grpc/grpc-core/1.17.1/grpc-core-1.17.1.jar:/home/user/.m2/repository/io/grpc/grpc-context/1.17.1/grpc-context-1.17.1.jar:/home/user/.m2/repository/com/google/errorprone/error_prone_annotations/2.2.0/error_prone_annotations-2.2.0.jar:/home/user/.m2/repository/org/codehaus/mojo/animal-sniffer-annotations/1.17/animal-sniffer-annotations-1.17.jar:/home/user/.m2/repository/io/opencensus/opencensus-api/0.17.0/opencensus-api-0.17.0.jar:/home/user/.m2/repository/io/opencensus/opencensus-contrib-grpc-metrics/0.17.0/opencensus-contrib-grpc-metrics-0.17.0.jar:/home/user/.m2/repository/io/netty/netty-codec-http2/4.1.30.Final/netty-codec-http2-4.1.30.Final.jar:/home/user/.m2/repository/io/netty/netty-codec-http/4.1.30.Final/netty-codec-http-4.1.30.Final.jar:/home/user/.m2/repository/io/netty/netty-codec/4.1.30.Final/netty-codec-4.1.30.Final.jar:/home/user/.m2/repository/io/netty/netty-handler/4.1.30.Final/netty-handler-4.1.30.Final.jar:/home/user/.m2/repository/io/netty/netty-handler-proxy/4.1.30.Final/netty-handler-proxy-4.1.30.Final.jar:/home/user/.m2/repository/io/netty/netty-codec-socks/4.1.30.Final/netty-codec-socks-4.1.30.Final.jar:/home/user/.m2/repository/io/netty/netty-transport-native-epoll/4.1.30.Final/netty-transport-native-epoll-4.1.30.Final.jar:/home/user/.m2/repository/io/netty/netty-common/4.1.30.Final/netty-common-4.1.30.Final.jar:/home/user/.m2/repository/io/netty/netty-buffer/4.1.30.Final/netty-buffer-4.1.30.Final.jar:/home/user/.m2/repository/io/netty/netty-transport/4.1.30.Final/netty-transport-4.1.30.Final.jar:/home/user/.m2/repository/io/netty/netty-resolver/4.1.30.Final/netty-resolver-4.1.30.Final.jar:/home/user/.m2/repository/io/netty/netty-transport-native-unix-common/4.1.30.Final/netty-transport-native-unix-common-4.1.30.Final.jar:/home/user/.m2/repository/io/grpc/grpc-protobuf/1.17.1/grpc-protobuf-1.17.1.jar:/home/user/.m2/repository/com/google/api/grpc/proto-google-common-protos/1.0.0/proto-google-common-protos-1.0.0.jar:/home/user/.m2/repository/io/grpc/grpc-protobuf-lite/1.17.1/grpc-protobuf-lite-1.17.1.jar:/home/user/.m2/repository/io/grpc/grpc-stub/1.17.1/grpc-stub-1.17.1.jar:/home/user/.m2/repository/org/apache/hadoop/hadoop-ozone-recon/0.5.0-SNAPSHOT/hadoop-ozone-recon-0.5.0-SNAPSHOT.jar:/home/user/.m2/repository/org/apache/hadoop/hadoop-ozone-reconcodegen/0.5.0-SNAPSHOT/hadoop-ozone-reconcodegen-0.5.0-SNAPSHOT.jar:/home/user/.m2/repository/com/google/inject/extensions/guice-multibindings/4.0/guice-multibindings-4.0.jar:/home/user/.m2/repository/com/google/inject/guice/4.0/guice-4.0.jar:/home/user/.m2/repository/aopalliance/aopalliance/1.0/aopalliance-1.0.jar:/home/user/.m2/repository/org/glassfish/jersey/containers/jersey-container-servlet/2.27/jersey-container-servlet-2.27.jar:/home/user/.m2/repository/org/glassfish/hk2/guice-bridge/2.5.0/guice-bridge-2.5.0.jar:/home/user/.m2/repository/org/glassfish/jersey/core/jersey-server/2.27/jersey-server-2.27.jar:/home/user/.m2/repository/org/glassfish/jersey/core/jersey-client/2.27/jersey-client-2.27.jar:/home/user/.m2/repository/org/glassfish/jersey/media/jersey-media-jaxb/2.27/jersey-media-jaxb-2.27.jar:/home/user/.m2/repository/javax/validation/validation-api/1.1.0.Final/validation-api-1.1.0.Final.jar:/home/user/.m2/repository/org/glassfish/jersey/media/jersey-media-json-jackson/2.27/jersey-media-json-jackson-2.27.jar:/home/user/.m2/repository/org/glassfish/jersey/ext/jersey-entity-filtering/2.27/jersey-entity-filtering-2.27.jar:/home/user/.m2/repository/com/google/inject/extensions/guice-assistedinject/4.0/guice-assistedinject-4.0.jar:/home/user/.m2/repository/org/jooq/jooq/3.11.10/jooq-3.11.10.jar:/home/user/.m2/repository/org/jooq/jooq-meta/3.11.10/jooq-meta-3.11.10.jar:/home/user/.m2/repository/org/jooq/jooq-codegen/3.11.10/jooq-codegen-3.11.10.jar:/home/user/.m2/repository/com/jolbox/bonecp/0.8.0.RELEASE/bonecp-0.8.0.RELEASE.jar:/home/user/.m2/repository/org/springframework/spring-jdbc/5.1.3.RELEASE/spring-jdbc-5.1.3.RELEASE.jar:/home/user/.m2/repository/org/springframework/spring-beans/5.1.3.RELEASE/spring-beans-5.1.3.RELEASE.jar:/home/user/.m2/repository/org/springframework/spring-core/5.1.3.RELEASE/spring-core-5.1.3.RELEASE.jar:/home/user/.m2/repository/org/springframework/spring-jcl/5.1.3.RELEASE/spring-jcl-5.1.3.RELEASE.jar:/home/user/.m2/repository/org/springframework/spring-tx/5.1.3.RELEASE/spring-tx-5.1.3.RELEASE.jar:/home/user/.m2/repository/org/mockito/mockito-all/1.10.19/mockito-all-1.10.19.jar:/home/user/.m2/repository/junit/junit/4.11/junit-4.11.jar:/home/user/.m2/repository/org/hamcrest/hamcrest-core/1.3/hamcrest-core-1.3.jar:/home/user/.m2/repository/org/apache/hadoop/hadoop-distcp/3.2.0/hadoop-distcp-3.2.0.jar:/home/user/.m2/repository/org/apache/hadoop/hadoop-distcp/3.2.0/hadoop-distcp-3.2.0-tests.jar:/home/user/.m2/repository/org/apache/hadoop/hadoop-mapreduce-client-jobclient/3.2.0/hadoop-mapreduce-client-jobclient-3.2.0.jar:/home/user/.m2/repository/org/apache/hadoop/hadoop-mapreduce-client-common/3.2.0/hadoop-mapreduce-client-common-3.2.0.jar:/home/user/.m2/repository/org/apache/hadoop/hadoop-yarn-common/3.2.0/hadoop-yarn-common-3.2.0.jar:/home/user/.m2/repository/org/apache/hadoop/hadoop-yarn-api/3.2.0/hadoop-yarn-api-3.2.0.jar:/home/user/.m2/repository/com/sun/jersey/jersey-client/1.19/jersey-client-1.19.jar:/home/user/.m2/repository/com/sun/jersey/contribs/jersey-guice/1.19/jersey-guice-1.19.jar:/home/user/.m2/repository/com/fasterxml/jackson/jaxrs/jackson-jaxrs-json-provider/2.9.9/jackson-jaxrs-json-provider-2.9.9.jar:/home/user/.m2/repository/com/fasterxml/jackson/jaxrs/jackson-jaxrs-base/2.9.9/jackson-jaxrs-base-2.9.9.jar:/home/user/.m2/repository/org/apache/hadoop/hadoop-yarn-client/3.2.0/hadoop-yarn-client-3.2.0.jar:/home/user/.m2/repository/org/apache/hadoop/hadoop-mapreduce-client-core/3.2.0/hadoop-mapreduce-client-core-3.2.0.jar:/home/user/.m2/repository/com/google/inject/extensions/guice-servlet/4.0/guice-servlet-4.0.jar:/home/user/.m2/repository/org/powermock/powermock-module-junit4/1.6.5/powermock-module-junit4-1.6.5.jar:/home/user/.m2/repository/org/powermock/powermock-module-junit4-common/1.6.5/powermock-module-junit4-common-1.6.5.jar:/home/user/.m2/repository/org/powermock/powermock-core/1.6.5/powermock-core-1.6.5.jar:/home/user/.m2/repository/org/powermock/powermock-reflect/1.6.5/powermock-reflect-1.6.5.jar:/home/user/.m2/repository/org/powermock/powermock-api-mockito/1.6.5/powermock-api-mockito-1.6.5.jar:/home/user/.m2/repository/org/mockito/mockito-core/1.10.19/mockito-core-1.10.19.jar:/home/user/.m2/repository/org/objenesis/objenesis/1.0/objenesis-1.0.jar:/home/user/.m2/repository/org/powermock/powermock-api-mockito-common/1.6.5/powermock-api-mockito-common-1.6.5.jar:/home/user/.m2/repository/org/powermock/powermock-api-support/1.6.5/powermock-api-support-1.6.5.jar:"/>
    <property name="sun.cpu.endian" value="little"/>
    <property name="user.home" value="/home/user"/>
    <property name="user.language" value="en"/>
    <property name="java.specification.vendor" value="Oracle Corporation"/>
    <property name="java.home" value="/usr/lib/jvm/java-1.8-openjdk/jre"/>
    <property name="java.security.krb5.conf" value="/workdir/hadoop-ozone/ozonefs/target/test-classes/krb5.conf"/>
    <property name="basedir" value="/workdir/hadoop-ozone/ozonefs"/>
    <property name="file.separator" value="/"/>
    <property name="line.separator" value="&#10;"/>
    <property name="java.vm.specification.vendor" value="Oracle Corporation"/>
    <property name="java.specification.name" value="Java Platform API Specification"/>
    <property name="java.awt.graphicsenv" value="sun.awt.X11GraphicsEnvironment"/>
    <property name="surefire.real.class.path" value="/workdir/hadoop-ozone/ozonefs/target/surefire/surefirebooter7553145098930891250.jar"/>
    <property name="hadoop.log.dir" value="/workdir/hadoop-ozone/ozonefs/target/log"/>
    <property name="sun.boot.class.path" value="/usr/lib/jvm/java-1.8-openjdk/jre/lib/resources.jar:/usr/lib/jvm/java-1.8-openjdk/jre/lib/rt.jar:/usr/lib/jvm/java-1.8-openjdk/jre/lib/sunrsasign.jar:/usr/lib/jvm/java-1.8-openjdk/jre/lib/jsse.jar:/usr/lib/jvm/java-1.8-openjdk/jre/lib/jce.jar:/usr/lib/jvm/java-1.8-openjdk/jre/lib/charsets.jar:/usr/lib/jvm/java-1.8-openjdk/jre/lib/jfr.jar:/usr/lib/jvm/java-1.8-openjdk/jre/classes"/>
    <property name="sun.management.compiler" value="HotSpot 64-Bit Tiered Compilers"/>
    <property name="java.runtime.version" value="1.8.0_212-b04"/>
    <property name="java.net.preferIPv4Stack" value="true"/>
    <property name="user.name" value="jenkins1000"/>
    <property name="path.separator" value=":"/>
    <property name="java.security.egd" value="file:///dev/urandom"/>
    <property name="os.version" value="3.10.0-957.12.2.el7.x86_64"/>
    <property name="java.endorsed.dirs" value="/usr/lib/jvm/java-1.8-openjdk/jre/lib/endorsed"/>
    <property name="java.runtime.name" value="OpenJDK Runtime Environment"/>
    <property name="file.encoding" value="UTF-8"/>
    <property name="java.vm.name" value="OpenJDK 64-Bit Server VM"/>
    <property name="test.build.webapps" value=""/>
    <property name="localRepository" value="/home/user/.m2/repository"/>
    <property name="java.vendor.url.bug" value="https://icedtea.classpath.org/bugzilla"/>
    <property name="java.io.tmpdir" value="/tmp"/>
    <property name="require.test.libhadoop" value=""/>
    <property name="java.version" value="1.8.0_212"/>
    <property name="user.dir" value="/workdir/hadoop-ozone/ozonefs"/>
    <property name="os.arch" value="amd64"/>
    <property name="java.vm.specification.name" value="Java Virtual Machine Specification"/>
    <property name="test.build.classes" value="/workdir/hadoop-ozone/ozonefs/target/test-classes"/>
    <property name="java.awt.printerjob" value="sun.print.PSPrinterJob"/>
    <property name="sun.os.patch.level" value="unknown"/>
    <property name="hadoop.tmp.dir" value="/workdir/hadoop-ozone/ozonefs/target/tmp"/>
    <property name="java.library.path" value="/usr/lib/jvm/java-1.8-openjdk/jre/lib/amd64/server:/usr/lib/jvm/java-1.8-openjdk/jre/lib/amd64:/usr/lib/jvm/java-1.8-openjdk/jre/../lib/amd64:/workdir/hadoop-ozone/ozonefs/target/native/target/usr/local/lib:/workdir/hadoop-ozone/ozonefs/../../hadoop-common-project/hadoop-common/target/native/target/usr/local/lib:/usr/java/packages/lib/amd64:/usr/lib64:/lib64:/lib:/usr/lib"/>
    <property name="java.vm.info" value="mixed mode"/>
    <property name="java.vendor" value="IcedTea"/>
    <property name="java.vm.version" value="25.212-b04"/>
    <property name="java.ext.dirs" value="/usr/lib/jvm/java-1.8-openjdk/jre/lib/ext:/usr/java/packages/lib/ext"/>
    <property name="sun.io.unicode.encoding" value="UnicodeLittle"/>
    <property name="java.class.version" value="52.0"/>
  </properties>
  <testcase name="testOpenReadZeroByteFile" classname="org.apache.hadoop.fs.ozone.contract.ITestOzoneContractOpen" time="1.759"/>
  <testcase name="testFsIsEncrypted" classname="org.apache.hadoop.fs.ozone.contract.ITestOzoneContractOpen" time="0.144"/>
  <testcase name="testOpenReadDir" classname="org.apache.hadoop.fs.ozone.contract.ITestOzoneContractOpen" time="0.158"/>
  <testcase name="testOpenFileTwice" classname="org.apache.hadoop.fs.ozone.contract.ITestOzoneContractOpen" time="180.044">
    <error message="test timed out after 180000 milliseconds" type="java.lang.Exception">java.lang.Exception: test timed out after 180000 milliseconds
	at sun.misc.Unsafe.park(Native Method)
	at java.util.concurrent.locks.LockSupport.park(LockSupport.java:175)
	at java.util.concurrent.CompletableFuture$Signaller.block(CompletableFuture.java:1693)
	at java.util.concurrent.ForkJoinPool.managedBlock(ForkJoinPool.java:3323)
	at java.util.concurrent.CompletableFuture.waitingGet(CompletableFuture.java:1729)
	at java.util.concurrent.CompletableFuture.get(CompletableFuture.java:1895)
	at org.apache.hadoop.hdds.scm.storage.BlockOutputStream.waitOnFlushFutures(BlockOutputStream.java:515)
	at org.apache.hadoop.hdds.scm.storage.BlockOutputStream.handleFlush(BlockOutputStream.java:478)
	at org.apache.hadoop.hdds.scm.storage.BlockOutputStream.close(BlockOutputStream.java:493)
	at org.apache.hadoop.ozone.client.io.BlockOutputStreamEntry.close(BlockOutputStreamEntry.java:143)
	at org.apache.hadoop.ozone.client.io.KeyOutputStream.handleFlushOrClose(KeyOutputStream.java:435)
	at org.apache.hadoop.ozone.client.io.KeyOutputStream.close(KeyOutputStream.java:473)
	at org.apache.hadoop.fs.ozone.OzoneFSOutputStream.close(OzoneFSOutputStream.java:56)
	at org.apache.hadoop.fs.FSDataOutputStream$PositionCache.close(FSDataOutputStream.java:72)
	at org.apache.hadoop.fs.FSDataOutputStream.close(FSDataOutputStream.java:101)
	at org.apache.hadoop.fs.contract.ContractTestUtils.createFile(ContractTestUtils.java:638)
	at org.apache.hadoop.fs.contract.AbstractContractOpenTest.testOpenFileTwice(AbstractContractOpenTest.java:125)
	at sun.reflect.NativeMethodAccessorImpl.invoke0(Native Method)
	at sun.reflect.NativeMethodAccessorImpl.invoke(NativeMethodAccessorImpl.java:62)
	at sun.reflect.DelegatingMethodAccessorImpl.invoke(DelegatingMethodAccessorImpl.java:43)
	at java.lang.reflect.Method.invoke(Method.java:498)
	at org.junit.runners.model.FrameworkMethod$1.runReflectiveCall(FrameworkMethod.java:47)
	at org.junit.internal.runners.model.ReflectiveCallable.run(ReflectiveCallable.java:12)
	at org.junit.runners.model.FrameworkMethod.invokeExplosively(FrameworkMethod.java:44)
	at org.junit.internal.runners.statements.InvokeMethod.evaluate(InvokeMethod.java:17)
	at org.junit.internal.runners.statements.RunBefores.evaluate(RunBefores.java:26)
	at org.junit.internal.runners.statements.RunAfters.evaluate(RunAfters.java:27)
	at org.junit.rules.TestWatcher$1.evaluate(TestWatcher.java:55)
	at org.junit.internal.runners.statements.FailOnTimeout$StatementThread.run(FailOnTimeout.java:74)
</error>
    <system-out><![CDATA[2019-10-01 20:08:56,409 [Thread-244] INFO  rpc.RpcClient (RpcClient.java:createVolume(276)) - Creating Volume: volume49407, with user47676 as owner.
2019-10-01 20:08:56,410 [IPC Server handler 12 on 45904] INFO  volume.OMVolumeCreateRequest (OMVolumeCreateRequest.java:validateAndUpdateCache(194)) - created volume:volume49407 for user:user47676
2019-10-01 20:08:56,413 [Thread-244] INFO  rpc.RpcClient (RpcClient.java:createBucket(415)) - Creating Bucket: volume49407/bucket55689, with Versioning false and Storage Type set to DISK and Encryption set to false 
2019-10-01 20:08:56,468 [Thread-244] INFO  contract.AbstractFSContractTestBase (AbstractFSContractTestBase.java:setup(184)) - Test filesystem = o3fs://bucket55689.volume49407 implemented by OzoneFileSystem{URI=o3fs://bucket55689.volume49407, workingDir=o3fs://bucket55689.volume49407/user/jenkins1000, userName=jenkins1000, statistics=0 bytes read, 0 bytes written, 10 read ops, 0 large read ops, 7 write ops}
2019-10-01 20:08:56,471 [Thread-244] INFO  contract.AbstractFSContractTestBase (AbstractFSContractTestBase.java:describe(255)) - verify that two opened file streams are independent
2019-10-01 20:08:56,519 [Thread-244] INFO  impl.MetricsSystemImpl (MetricsSystemImpl.java:init(158)) - XceiverClientMetrics metrics system started (again)
2019-10-01 20:08:58,932 [Thread-210] INFO  impl.FollowerState (FollowerState.java:run(106)) - 1eb58d1e-b4ee-4e5c-b6cd-c69dd16abeb7:group-4386F4104A0F changes to CANDIDATE, lastRpcTime:5167, electionTimeout:5166ms
2019-10-01 20:08:58,968 [Thread-213] INFO  impl.FollowerState (FollowerState.java:run(106)) - c91e227e-7352-4230-bfa6-1f4b5d4bb797:group-1BB491F17340 changes to CANDIDATE, lastRpcTime:5002, electionTimeout:5000ms
2019-10-01 20:08:59,470 [Thread-230] INFO  impl.FollowerState (FollowerState.java:run(106)) - 1eb58d1e-b4ee-4e5c-b6cd-c69dd16abeb7:group-A0F0C5739E3E changes to CANDIDATE, lastRpcTime:5057, electionTimeout:5053ms
2019-10-01 20:08:59,280 [Thread-219] INFO  impl.FollowerState (FollowerState.java:run(106)) - aae13816-6d36-446d-9257-1d363403d618:group-73B3C8D163B6 changes to CANDIDATE, lastRpcTime:5112, electionTimeout:5112ms
2019-10-01 20:08:59,467 [Thread-228] INFO  impl.FollowerState (FollowerState.java:run(106)) - 04729fd9-c1ff-4dca-ad26-4e6679f16bc9:group-A0F0C5739E3E changes to CANDIDATE, lastRpcTime:5129, electionTimeout:5129ms
2019-10-01 20:08:59,360 [Thread-222] INFO  impl.FollowerState (FollowerState.java:run(106)) - 6355ab19-a8bc-46ef-ac1a-c487b04aba76:group-A1D72B4CF183 changes to CANDIDATE, lastRpcTime:5119, electionTimeout:5119ms
2019-10-01 20:08:59,122 [Thread-216] INFO  impl.FollowerState (FollowerState.java:run(106)) - 04729fd9-c1ff-4dca-ad26-4e6679f16bc9:group-3EE304B1F3A1 changes to CANDIDATE, lastRpcTime:5030, electionTimeout:5030ms
2019-10-01 20:08:59,487 [Thread-231] INFO  impl.FollowerState (FollowerState.java:run(106)) - c91e227e-7352-4230-bfa6-1f4b5d4bb797:group-A0F0C5739E3E changes to CANDIDATE, lastRpcTime:5074, electionTimeout:5070ms
2019-10-01 20:09:02,194 [Thread-210] INFO  impl.RoleInfo (RoleInfo.java:shutdownFollowerState(121)) - 1eb58d1e-b4ee-4e5c-b6cd-c69dd16abeb7: shutdown FollowerState
2019-10-01 20:09:02,194 [Thread-231] INFO  impl.RoleInfo (RoleInfo.java:shutdownFollowerState(121)) - c91e227e-7352-4230-bfa6-1f4b5d4bb797: shutdown FollowerState
2019-10-01 20:09:02,194 [Thread-222] INFO  impl.RoleInfo (RoleInfo.java:shutdownFollowerState(121)) - 6355ab19-a8bc-46ef-ac1a-c487b04aba76: shutdown FollowerState
2019-10-01 20:09:02,194 [Thread-210] INFO  impl.RaftServerImpl (RaftServerImpl.java:setRole(174)) - 1eb58d1e-b4ee-4e5c-b6cd-c69dd16abeb7@group-4386F4104A0F: changes role from  FOLLOWER to CANDIDATE at term 0 for changeToCandidate
2019-10-01 20:09:02,195 [Thread-222] INFO  impl.RaftServerImpl (RaftServerImpl.java:setRole(174)) - 6355ab19-a8bc-46ef-ac1a-c487b04aba76@group-A1D72B4CF183: changes role from  FOLLOWER to CANDIDATE at term 0 for changeToCandidate
2019-10-01 20:09:02,194 [Thread-228] INFO  impl.RoleInfo (RoleInfo.java:shutdownFollowerState(121)) - 04729fd9-c1ff-4dca-ad26-4e6679f16bc9: shutdown FollowerState
2019-10-01 20:09:02,194 [Thread-219] INFO  impl.RoleInfo (RoleInfo.java:shutdownFollowerState(121)) - aae13816-6d36-446d-9257-1d363403d618: shutdown FollowerState
2019-10-01 20:09:02,194 [Thread-230] INFO  impl.RoleInfo (RoleInfo.java:shutdownFollowerState(121)) - 1eb58d1e-b4ee-4e5c-b6cd-c69dd16abeb7: shutdown FollowerState
2019-10-01 20:09:02,197 [Thread-219] INFO  impl.RaftServerImpl (RaftServerImpl.java:setRole(174)) - aae13816-6d36-446d-9257-1d363403d618@group-73B3C8D163B6: changes role from  FOLLOWER to CANDIDATE at term 0 for changeToCandidate
2019-10-01 20:09:02,194 [Thread-213] INFO  impl.RoleInfo (RoleInfo.java:shutdownFollowerState(121)) - c91e227e-7352-4230-bfa6-1f4b5d4bb797: shutdown FollowerState
2019-10-01 20:09:02,197 [Thread-213] INFO  impl.RaftServerImpl (RaftServerImpl.java:setRole(174)) - c91e227e-7352-4230-bfa6-1f4b5d4bb797@group-1BB491F17340: changes role from  FOLLOWER to CANDIDATE at term 0 for changeToCandidate
2019-10-01 20:09:02,197 [Thread-230] INFO  impl.RaftServerImpl (RaftServerImpl.java:setRole(174)) - 1eb58d1e-b4ee-4e5c-b6cd-c69dd16abeb7@group-A0F0C5739E3E: changes role from  FOLLOWER to CANDIDATE at term 0 for changeToCandidate
2019-10-01 20:09:02,197 [Thread-228] INFO  impl.RaftServerImpl (RaftServerImpl.java:setRole(174)) - 04729fd9-c1ff-4dca-ad26-4e6679f16bc9@group-A0F0C5739E3E: changes role from  FOLLOWER to CANDIDATE at term 0 for changeToCandidate
2019-10-01 20:09:02,194 [Thread-231] INFO  impl.RaftServerImpl (RaftServerImpl.java:setRole(174)) - c91e227e-7352-4230-bfa6-1f4b5d4bb797@group-A0F0C5739E3E: changes role from  FOLLOWER to CANDIDATE at term 0 for changeToCandidate
2019-10-01 20:09:02,206 [Thread-216] INFO  impl.RoleInfo (RoleInfo.java:shutdownFollowerState(121)) - 04729fd9-c1ff-4dca-ad26-4e6679f16bc9: shutdown FollowerState
2019-10-01 20:09:02,207 [Thread-216] INFO  impl.RaftServerImpl (RaftServerImpl.java:setRole(174)) - 04729fd9-c1ff-4dca-ad26-4e6679f16bc9@group-3EE304B1F3A1: changes role from  FOLLOWER to CANDIDATE at term 0 for changeToCandidate
2019-10-01 20:09:02,211 [Thread-213] INFO  impl.RoleInfo (RoleInfo.java:updateAndGet(143)) - c91e227e-7352-4230-bfa6-1f4b5d4bb797: start LeaderElection
2019-10-01 20:09:02,211 [Thread-228] INFO  impl.RoleInfo (RoleInfo.java:updateAndGet(143)) - 04729fd9-c1ff-4dca-ad26-4e6679f16bc9: start LeaderElection
2019-10-01 20:09:02,211 [Thread-222] INFO  impl.RoleInfo (RoleInfo.java:updateAndGet(143)) - 6355ab19-a8bc-46ef-ac1a-c487b04aba76: start LeaderElection
2019-10-01 20:09:02,211 [Thread-231] INFO  impl.RoleInfo (RoleInfo.java:updateAndGet(143)) - c91e227e-7352-4230-bfa6-1f4b5d4bb797: start LeaderElection
2019-10-01 20:09:02,211 [Thread-230] INFO  impl.RoleInfo (RoleInfo.java:updateAndGet(143)) - 1eb58d1e-b4ee-4e5c-b6cd-c69dd16abeb7: start LeaderElection
2019-10-01 20:09:02,212 [Thread-219] INFO  impl.RoleInfo (RoleInfo.java:updateAndGet(143)) - aae13816-6d36-446d-9257-1d363403d618: start LeaderElection
2019-10-01 20:09:02,212 [Thread-216] INFO  impl.RoleInfo (RoleInfo.java:updateAndGet(143)) - 04729fd9-c1ff-4dca-ad26-4e6679f16bc9: start LeaderElection
2019-10-01 20:09:02,212 [Thread-210] INFO  impl.RoleInfo (RoleInfo.java:updateAndGet(143)) - 1eb58d1e-b4ee-4e5c-b6cd-c69dd16abeb7: start LeaderElection
2019-10-01 20:09:02,235 [aae13816-6d36-446d-9257-1d363403d618@group-73B3C8D163B6:LeaderElection7] INFO  impl.LeaderElection (LeaderElection.java:askForVotes(182)) - aae13816-6d36-446d-9257-1d363403d618@group-73B3C8D163B6:LeaderElection7: begin an election at term 1 for -1: [aae13816-6d36-446d-9257-1d363403d618:192.168.151.103:42222], old=null
2019-10-01 20:09:02,235 [04729fd9-c1ff-4dca-ad26-4e6679f16bc9@group-3EE304B1F3A1:LeaderElection6] INFO  impl.LeaderElection (LeaderElection.java:askForVotes(182)) - 04729fd9-c1ff-4dca-ad26-4e6679f16bc9@group-3EE304B1F3A1:LeaderElection6: begin an election at term 1 for -1: [04729fd9-c1ff-4dca-ad26-4e6679f16bc9:192.168.151.103:39208], old=null
2019-10-01 20:09:02,235 [04729fd9-c1ff-4dca-ad26-4e6679f16bc9@group-A0F0C5739E3E:LeaderElection1] INFO  impl.LeaderElection (LeaderElection.java:askForVotes(182)) - 04729fd9-c1ff-4dca-ad26-4e6679f16bc9@group-A0F0C5739E3E:LeaderElection1: begin an election at term 1 for -1: [c91e227e-7352-4230-bfa6-1f4b5d4bb797:192.168.151.103:37268, 04729fd9-c1ff-4dca-ad26-4e6679f16bc9:192.168.151.103:39208, 1eb58d1e-b4ee-4e5c-b6cd-c69dd16abeb7:192.168.151.103:39702], old=null
2019-10-01 20:09:02,235 [c91e227e-7352-4230-bfa6-1f4b5d4bb797@group-1BB491F17340:LeaderElection4] INFO  impl.LeaderElection (LeaderElection.java:askForVotes(182)) - c91e227e-7352-4230-bfa6-1f4b5d4bb797@group-1BB491F17340:LeaderElection4: begin an election at term 1 for -1: [c91e227e-7352-4230-bfa6-1f4b5d4bb797:192.168.151.103:37268], old=null
2019-10-01 20:09:02,235 [c91e227e-7352-4230-bfa6-1f4b5d4bb797@group-A0F0C5739E3E:LeaderElection2] INFO  impl.LeaderElection (LeaderElection.java:askForVotes(182)) - c91e227e-7352-4230-bfa6-1f4b5d4bb797@group-A0F0C5739E3E:LeaderElection2: begin an election at term 1 for -1: [c91e227e-7352-4230-bfa6-1f4b5d4bb797:192.168.151.103:37268, 04729fd9-c1ff-4dca-ad26-4e6679f16bc9:192.168.151.103:39208, 1eb58d1e-b4ee-4e5c-b6cd-c69dd16abeb7:192.168.151.103:39702], old=null
2019-10-01 20:09:02,235 [1eb58d1e-b4ee-4e5c-b6cd-c69dd16abeb7@group-4386F4104A0F:LeaderElection3] INFO  impl.LeaderElection (LeaderElection.java:askForVotes(182)) - 1eb58d1e-b4ee-4e5c-b6cd-c69dd16abeb7@group-4386F4104A0F:LeaderElection3: begin an election at term 1 for -1: [1eb58d1e-b4ee-4e5c-b6cd-c69dd16abeb7:192.168.151.103:39702], old=null
2019-10-01 20:09:02,235 [6355ab19-a8bc-46ef-ac1a-c487b04aba76@group-A1D72B4CF183:LeaderElection8] INFO  impl.LeaderElection (LeaderElection.java:askForVotes(182)) - 6355ab19-a8bc-46ef-ac1a-c487b04aba76@group-A1D72B4CF183:LeaderElection8: begin an election at term 1 for -1: [6355ab19-a8bc-46ef-ac1a-c487b04aba76:192.168.151.103:38441], old=null
2019-10-01 20:09:02,235 [1eb58d1e-b4ee-4e5c-b6cd-c69dd16abeb7@group-A0F0C5739E3E:LeaderElection5] INFO  impl.LeaderElection (LeaderElection.java:askForVotes(182)) - 1eb58d1e-b4ee-4e5c-b6cd-c69dd16abeb7@group-A0F0C5739E3E:LeaderElection5: begin an election at term 1 for -1: [c91e227e-7352-4230-bfa6-1f4b5d4bb797:192.168.151.103:37268, 04729fd9-c1ff-4dca-ad26-4e6679f16bc9:192.168.151.103:39208, 1eb58d1e-b4ee-4e5c-b6cd-c69dd16abeb7:192.168.151.103:39702], old=null
2019-10-01 20:09:02,240 [c91e227e-7352-4230-bfa6-1f4b5d4bb797@group-1BB491F17340:LeaderElection4] INFO  impl.RoleInfo (RoleInfo.java:shutdownLeaderElection(134)) - c91e227e-7352-4230-bfa6-1f4b5d4bb797: shutdown LeaderElection
2019-10-01 20:09:02,240 [04729fd9-c1ff-4dca-ad26-4e6679f16bc9@group-3EE304B1F3A1:LeaderElection6] INFO  impl.RoleInfo (RoleInfo.java:shutdownLeaderElection(134)) - 04729fd9-c1ff-4dca-ad26-4e6679f16bc9: shutdown LeaderElection
2019-10-01 20:09:02,240 [6355ab19-a8bc-46ef-ac1a-c487b04aba76@group-A1D72B4CF183:LeaderElection8] INFO  impl.RoleInfo (RoleInfo.java:shutdownLeaderElection(134)) - 6355ab19-a8bc-46ef-ac1a-c487b04aba76: shutdown LeaderElection
2019-10-01 20:09:02,240 [1eb58d1e-b4ee-4e5c-b6cd-c69dd16abeb7@group-4386F4104A0F:LeaderElection3] INFO  impl.RoleInfo (RoleInfo.java:shutdownLeaderElection(134)) - 1eb58d1e-b4ee-4e5c-b6cd-c69dd16abeb7: shutdown LeaderElection
2019-10-01 20:09:02,240 [aae13816-6d36-446d-9257-1d363403d618@group-73B3C8D163B6:LeaderElection7] INFO  impl.RoleInfo (RoleInfo.java:shutdownLeaderElection(134)) - aae13816-6d36-446d-9257-1d363403d618: shutdown LeaderElection
2019-10-01 20:09:02,240 [1eb58d1e-b4ee-4e5c-b6cd-c69dd16abeb7@group-4386F4104A0F:LeaderElection3] INFO  impl.RaftServerImpl (RaftServerImpl.java:setRole(174)) - 1eb58d1e-b4ee-4e5c-b6cd-c69dd16abeb7@group-4386F4104A0F: changes role from CANDIDATE to LEADER at term 1 for changeToLeader
2019-10-01 20:09:02,240 [c91e227e-7352-4230-bfa6-1f4b5d4bb797@group-1BB491F17340:LeaderElection4] INFO  impl.RaftServerImpl (RaftServerImpl.java:setRole(174)) - c91e227e-7352-4230-bfa6-1f4b5d4bb797@group-1BB491F17340: changes role from CANDIDATE to LEADER at term 1 for changeToLeader
2019-10-01 20:09:02,240 [1eb58d1e-b4ee-4e5c-b6cd-c69dd16abeb7@group-4386F4104A0F:LeaderElection3] INFO  impl.RaftServerImpl (ServerState.java:setLeader(253)) - 1eb58d1e-b4ee-4e5c-b6cd-c69dd16abeb7@group-4386F4104A0F: change Leader from null to 1eb58d1e-b4ee-4e5c-b6cd-c69dd16abeb7 at term 1 for becomeLeader, leader elected after 8631ms
2019-10-01 20:09:02,240 [6355ab19-a8bc-46ef-ac1a-c487b04aba76@group-A1D72B4CF183:LeaderElection8] INFO  impl.RaftServerImpl (RaftServerImpl.java:setRole(174)) - 6355ab19-a8bc-46ef-ac1a-c487b04aba76@group-A1D72B4CF183: changes role from CANDIDATE to LEADER at term 1 for changeToLeader
2019-10-01 20:09:02,240 [aae13816-6d36-446d-9257-1d363403d618@group-73B3C8D163B6:LeaderElection7] INFO  impl.RaftServerImpl (RaftServerImpl.java:setRole(174)) - aae13816-6d36-446d-9257-1d363403d618@group-73B3C8D163B6: changes role from CANDIDATE to LEADER at term 1 for changeToLeader
2019-10-01 20:09:02,240 [04729fd9-c1ff-4dca-ad26-4e6679f16bc9@group-3EE304B1F3A1:LeaderElection6] INFO  impl.RaftServerImpl (RaftServerImpl.java:setRole(174)) - 04729fd9-c1ff-4dca-ad26-4e6679f16bc9@group-3EE304B1F3A1: changes role from CANDIDATE to LEADER at term 1 for changeToLeader
2019-10-01 20:09:02,241 [aae13816-6d36-446d-9257-1d363403d618@group-73B3C8D163B6:LeaderElection7] INFO  impl.RaftServerImpl (ServerState.java:setLeader(253)) - aae13816-6d36-446d-9257-1d363403d618@group-73B3C8D163B6: change Leader from null to aae13816-6d36-446d-9257-1d363403d618 at term 1 for becomeLeader, leader elected after 8090ms
2019-10-01 20:09:02,241 [6355ab19-a8bc-46ef-ac1a-c487b04aba76@group-A1D72B4CF183:LeaderElection8] INFO  impl.RaftServerImpl (ServerState.java:setLeader(253)) - 6355ab19-a8bc-46ef-ac1a-c487b04aba76@group-A1D72B4CF183: change Leader from null to 6355ab19-a8bc-46ef-ac1a-c487b04aba76 at term 1 for becomeLeader, leader elected after 8010ms
2019-10-01 20:09:02,240 [c91e227e-7352-4230-bfa6-1f4b5d4bb797@group-1BB491F17340:LeaderElection4] INFO  impl.RaftServerImpl (ServerState.java:setLeader(253)) - c91e227e-7352-4230-bfa6-1f4b5d4bb797@group-1BB491F17340: change Leader from null to c91e227e-7352-4230-bfa6-1f4b5d4bb797 at term 1 for becomeLeader, leader elected after 8294ms
2019-10-01 20:09:02,241 [04729fd9-c1ff-4dca-ad26-4e6679f16bc9@group-3EE304B1F3A1:LeaderElection6] INFO  impl.RaftServerImpl (ServerState.java:setLeader(253)) - 04729fd9-c1ff-4dca-ad26-4e6679f16bc9@group-3EE304B1F3A1: change Leader from null to 04729fd9-c1ff-4dca-ad26-4e6679f16bc9 at term 1 for becomeLeader, leader elected after 8176ms
2019-10-01 20:09:02,249 [c91e227e-7352-4230-bfa6-1f4b5d4bb797@group-1BB491F17340:LeaderElection4] INFO  server.RaftServerConfigKeys (ConfUtils.java:logGet(43)) - raft.server.staging.catchup.gap = 1000 (default)
2019-10-01 20:09:02,250 [04729fd9-c1ff-4dca-ad26-4e6679f16bc9@group-3EE304B1F3A1:LeaderElection6] INFO  server.RaftServerConfigKeys (ConfUtils.java:logGet(43)) - raft.server.staging.catchup.gap = 1000 (default)
2019-10-01 20:09:02,250 [c91e227e-7352-4230-bfa6-1f4b5d4bb797@group-1BB491F17340:LeaderElection4] INFO  server.RaftServerConfigKeys (ConfUtils.java:logGet(43)) - raft.server.rpc.sleep.time = 25ms (default)
2019-10-01 20:09:02,250 [6355ab19-a8bc-46ef-ac1a-c487b04aba76@group-A1D72B4CF183:LeaderElection8] INFO  server.RaftServerConfigKeys (ConfUtils.java:logGet(43)) - raft.server.staging.catchup.gap = 1000 (default)
2019-10-01 20:09:02,250 [1eb58d1e-b4ee-4e5c-b6cd-c69dd16abeb7@group-4386F4104A0F:LeaderElection3] INFO  server.RaftServerConfigKeys (ConfUtils.java:logGet(43)) - raft.server.staging.catchup.gap = 1000 (default)
2019-10-01 20:09:02,249 [aae13816-6d36-446d-9257-1d363403d618@group-73B3C8D163B6:LeaderElection7] INFO  server.RaftServerConfigKeys (ConfUtils.java:logGet(43)) - raft.server.staging.catchup.gap = 1000 (default)
2019-10-01 20:09:02,250 [1eb58d1e-b4ee-4e5c-b6cd-c69dd16abeb7@group-4386F4104A0F:LeaderElection3] INFO  server.RaftServerConfigKeys (ConfUtils.java:logGet(43)) - raft.server.rpc.sleep.time = 25ms (default)
2019-10-01 20:09:02,250 [6355ab19-a8bc-46ef-ac1a-c487b04aba76@group-A1D72B4CF183:LeaderElection8] INFO  server.RaftServerConfigKeys (ConfUtils.java:logGet(43)) - raft.server.rpc.sleep.time = 25ms (default)
2019-10-01 20:09:02,250 [04729fd9-c1ff-4dca-ad26-4e6679f16bc9@group-3EE304B1F3A1:LeaderElection6] INFO  server.RaftServerConfigKeys (ConfUtils.java:logGet(43)) - raft.server.rpc.sleep.time = 25ms (default)
2019-10-01 20:09:02,251 [aae13816-6d36-446d-9257-1d363403d618@group-73B3C8D163B6:LeaderElection7] INFO  server.RaftServerConfigKeys (ConfUtils.java:logGet(43)) - raft.server.rpc.sleep.time = 25ms (default)
2019-10-01 20:09:02,268 [aae13816-6d36-446d-9257-1d363403d618@group-73B3C8D163B6:LeaderElection7] INFO  server.RaftServerConfigKeys (ConfUtils.java:logGet(43)) - raft.server.write.element-limit = 4096 (default)
2019-10-01 20:09:02,268 [6355ab19-a8bc-46ef-ac1a-c487b04aba76@group-A1D72B4CF183:LeaderElection8] INFO  server.RaftServerConfigKeys (ConfUtils.java:logGet(43)) - raft.server.write.element-limit = 4096 (default)
2019-10-01 20:09:02,268 [c91e227e-7352-4230-bfa6-1f4b5d4bb797@group-1BB491F17340:LeaderElection4] INFO  server.RaftServerConfigKeys (ConfUtils.java:logGet(43)) - raft.server.write.element-limit = 4096 (default)
2019-10-01 20:09:02,268 [04729fd9-c1ff-4dca-ad26-4e6679f16bc9@group-3EE304B1F3A1:LeaderElection6] INFO  server.RaftServerConfigKeys (ConfUtils.java:logGet(43)) - raft.server.write.element-limit = 4096 (default)
2019-10-01 20:09:02,272 [1eb58d1e-b4ee-4e5c-b6cd-c69dd16abeb7@group-4386F4104A0F:LeaderElection3] INFO  server.RaftServerConfigKeys (ConfUtils.java:logGet(43)) - raft.server.write.element-limit = 4096 (default)
2019-10-01 20:09:02,278 [c91e227e-7352-4230-bfa6-1f4b5d4bb797@group-1BB491F17340:LeaderElection4] INFO  server.RaftServerConfigKeys (ConfUtils.java:logGet(43)) - raft.server.watch.timeout = 10s (default)
2019-10-01 20:09:02,278 [6355ab19-a8bc-46ef-ac1a-c487b04aba76@group-A1D72B4CF183:LeaderElection8] INFO  server.RaftServerConfigKeys (ConfUtils.java:logGet(43)) - raft.server.watch.timeout = 10s (default)
2019-10-01 20:09:02,278 [c91e227e-7352-4230-bfa6-1f4b5d4bb797@group-1BB491F17340:LeaderElection4] INFO  server.RaftServerConfigKeys (ConfUtils.java:logGet(43)) - raft.server.watch.timeout.denomination = 1s (default)
2019-10-01 20:09:02,278 [1eb58d1e-b4ee-4e5c-b6cd-c69dd16abeb7@group-4386F4104A0F:LeaderElection3] INFO  server.RaftServerConfigKeys (ConfUtils.java:logGet(43)) - raft.server.watch.timeout = 10s (default)
2019-10-01 20:09:02,278 [04729fd9-c1ff-4dca-ad26-4e6679f16bc9@group-3EE304B1F3A1:LeaderElection6] INFO  server.RaftServerConfigKeys (ConfUtils.java:logGet(43)) - raft.server.watch.timeout = 10s (default)
2019-10-01 20:09:02,278 [aae13816-6d36-446d-9257-1d363403d618@group-73B3C8D163B6:LeaderElection7] INFO  server.RaftServerConfigKeys (ConfUtils.java:logGet(43)) - raft.server.watch.timeout = 10s (default)
2019-10-01 20:09:02,280 [04729fd9-c1ff-4dca-ad26-4e6679f16bc9@group-3EE304B1F3A1:LeaderElection6] INFO  server.RaftServerConfigKeys (ConfUtils.java:logGet(43)) - raft.server.watch.timeout.denomination = 1s (default)
2019-10-01 20:09:02,279 [1eb58d1e-b4ee-4e5c-b6cd-c69dd16abeb7@group-4386F4104A0F:LeaderElection3] INFO  server.RaftServerConfigKeys (ConfUtils.java:logGet(43)) - raft.server.watch.timeout.denomination = 1s (default)
2019-10-01 20:09:02,278 [6355ab19-a8bc-46ef-ac1a-c487b04aba76@group-A1D72B4CF183:LeaderElection8] INFO  server.RaftServerConfigKeys (ConfUtils.java:logGet(43)) - raft.server.watch.timeout.denomination = 1s (default)
2019-10-01 20:09:02,281 [aae13816-6d36-446d-9257-1d363403d618@group-73B3C8D163B6:LeaderElection7] INFO  server.RaftServerConfigKeys (ConfUtils.java:logGet(43)) - raft.server.watch.timeout.denomination = 1s (default)
2019-10-01 20:09:02,282 [04729fd9-c1ff-4dca-ad26-4e6679f16bc9@group-3EE304B1F3A1:LeaderElection6] INFO  server.RaftServerConfigKeys (ConfUtils.java:logGet(43)) - raft.server.watch.element-limit = 65536 (default)
2019-10-01 20:09:02,282 [1eb58d1e-b4ee-4e5c-b6cd-c69dd16abeb7@group-4386F4104A0F:LeaderElection3] INFO  server.RaftServerConfigKeys (ConfUtils.java:logGet(43)) - raft.server.watch.element-limit = 65536 (default)
2019-10-01 20:09:02,282 [6355ab19-a8bc-46ef-ac1a-c487b04aba76@group-A1D72B4CF183:LeaderElection8] INFO  server.RaftServerConfigKeys (ConfUtils.java:logGet(43)) - raft.server.watch.element-limit = 65536 (default)
2019-10-01 20:09:02,282 [c91e227e-7352-4230-bfa6-1f4b5d4bb797@group-1BB491F17340:LeaderElection4] INFO  server.RaftServerConfigKeys (ConfUtils.java:logGet(43)) - raft.server.watch.element-limit = 65536 (default)
2019-10-01 20:09:02,282 [aae13816-6d36-446d-9257-1d363403d618@group-73B3C8D163B6:LeaderElection7] INFO  server.RaftServerConfigKeys (ConfUtils.java:logGet(43)) - raft.server.watch.element-limit = 65536 (default)
2019-10-01 20:09:02,307 [04729fd9-c1ff-4dca-ad26-4e6679f16bc9@group-A0F0C5739E3E:LeaderElection1] INFO  impl.LeaderElection (LeaderElection.java:logAndReturn(56)) - 04729fd9-c1ff-4dca-ad26-4e6679f16bc9@group-A0F0C5739E3E:LeaderElection1: Election REJECTED; received 2 response(s) [04729fd9-c1ff-4dca-ad26-4e6679f16bc9<-c91e227e-7352-4230-bfa6-1f4b5d4bb797#0:FAIL-t1, 04729fd9-c1ff-4dca-ad26-4e6679f16bc9<-1eb58d1e-b4ee-4e5c-b6cd-c69dd16abeb7#0:FAIL-t1] and 0 exception(s); 04729fd9-c1ff-4dca-ad26-4e6679f16bc9@group-A0F0C5739E3E:t1, leader=null, voted=04729fd9-c1ff-4dca-ad26-4e6679f16bc9, raftlog=04729fd9-c1ff-4dca-ad26-4e6679f16bc9@group-A0F0C5739E3E-SegmentedRaftLog:OPENED:c-1,f-1,i0, conf=-1: [c91e227e-7352-4230-bfa6-1f4b5d4bb797:192.168.151.103:37268, 04729fd9-c1ff-4dca-ad26-4e6679f16bc9:192.168.151.103:39208, 1eb58d1e-b4ee-4e5c-b6cd-c69dd16abeb7:192.168.151.103:39702], old=null
2019-10-01 20:09:02,307 [1eb58d1e-b4ee-4e5c-b6cd-c69dd16abeb7@group-A0F0C5739E3E:LeaderElection5] INFO  impl.LeaderElection (LeaderElection.java:logAndReturn(56)) - 1eb58d1e-b4ee-4e5c-b6cd-c69dd16abeb7@group-A0F0C5739E3E:LeaderElection5: Election REJECTED; received 2 response(s) [1eb58d1e-b4ee-4e5c-b6cd-c69dd16abeb7<-c91e227e-7352-4230-bfa6-1f4b5d4bb797#0:FAIL-t1, 1eb58d1e-b4ee-4e5c-b6cd-c69dd16abeb7<-04729fd9-c1ff-4dca-ad26-4e6679f16bc9#0:FAIL-t1] and 0 exception(s); 1eb58d1e-b4ee-4e5c-b6cd-c69dd16abeb7@group-A0F0C5739E3E:t1, leader=null, voted=1eb58d1e-b4ee-4e5c-b6cd-c69dd16abeb7, raftlog=1eb58d1e-b4ee-4e5c-b6cd-c69dd16abeb7@group-A0F0C5739E3E-SegmentedRaftLog:OPENED:c-1,f-1,i0, conf=-1: [c91e227e-7352-4230-bfa6-1f4b5d4bb797:192.168.151.103:37268, 04729fd9-c1ff-4dca-ad26-4e6679f16bc9:192.168.151.103:39208, 1eb58d1e-b4ee-4e5c-b6cd-c69dd16abeb7:192.168.151.103:39702], old=null
2019-10-01 20:09:02,307 [c91e227e-7352-4230-bfa6-1f4b5d4bb797@group-A0F0C5739E3E:LeaderElection2] INFO  impl.LeaderElection (LeaderElection.java:logAndReturn(56)) - c91e227e-7352-4230-bfa6-1f4b5d4bb797@group-A0F0C5739E3E:LeaderElection2: Election REJECTED; received 2 response(s) [c91e227e-7352-4230-bfa6-1f4b5d4bb797<-04729fd9-c1ff-4dca-ad26-4e6679f16bc9#0:FAIL-t1, c91e227e-7352-4230-bfa6-1f4b5d4bb797<-1eb58d1e-b4ee-4e5c-b6cd-c69dd16abeb7#0:FAIL-t1] and 0 exception(s); c91e227e-7352-4230-bfa6-1f4b5d4bb797@group-A0F0C5739E3E:t1, leader=null, voted=c91e227e-7352-4230-bfa6-1f4b5d4bb797, raftlog=c91e227e-7352-4230-bfa6-1f4b5d4bb797@group-A0F0C5739E3E-SegmentedRaftLog:OPENED:c-1,f-1,i0, conf=-1: [c91e227e-7352-4230-bfa6-1f4b5d4bb797:192.168.151.103:37268, 04729fd9-c1ff-4dca-ad26-4e6679f16bc9:192.168.151.103:39208, 1eb58d1e-b4ee-4e5c-b6cd-c69dd16abeb7:192.168.151.103:39702], old=null
2019-10-01 20:09:02,310 [1eb58d1e-b4ee-4e5c-b6cd-c69dd16abeb7@group-A0F0C5739E3E:LeaderElection5] INFO  impl.RaftServerImpl (RaftServerImpl.java:setRole(174)) - 1eb58d1e-b4ee-4e5c-b6cd-c69dd16abeb7@group-A0F0C5739E3E: changes role from CANDIDATE to FOLLOWER at term 1 for DISCOVERED_A_NEW_TERM
2019-10-01 20:09:02,312 [04729fd9-c1ff-4dca-ad26-4e6679f16bc9@group-A0F0C5739E3E:LeaderElection1] INFO  impl.RaftServerImpl (RaftServerImpl.java:setRole(174)) - 04729fd9-c1ff-4dca-ad26-4e6679f16bc9@group-A0F0C5739E3E: changes role from CANDIDATE to FOLLOWER at term 1 for DISCOVERED_A_NEW_TERM
2019-10-01 20:09:02,312 [1eb58d1e-b4ee-4e5c-b6cd-c69dd16abeb7@group-A0F0C5739E3E:LeaderElection5] INFO  impl.RoleInfo (RoleInfo.java:shutdownLeaderElection(134)) - 1eb58d1e-b4ee-4e5c-b6cd-c69dd16abeb7: shutdown LeaderElection
2019-10-01 20:09:02,310 [c91e227e-7352-4230-bfa6-1f4b5d4bb797@group-A0F0C5739E3E:LeaderElection2] INFO  impl.RaftServerImpl (RaftServerImpl.java:setRole(174)) - c91e227e-7352-4230-bfa6-1f4b5d4bb797@group-A0F0C5739E3E: changes role from CANDIDATE to FOLLOWER at term 1 for DISCOVERED_A_NEW_TERM
2019-10-01 20:09:02,313 [1eb58d1e-b4ee-4e5c-b6cd-c69dd16abeb7@group-A0F0C5739E3E:LeaderElection5] INFO  impl.RoleInfo (RoleInfo.java:updateAndGet(143)) - 1eb58d1e-b4ee-4e5c-b6cd-c69dd16abeb7: start FollowerState
2019-10-01 20:09:02,313 [04729fd9-c1ff-4dca-ad26-4e6679f16bc9@group-A0F0C5739E3E:LeaderElection1] INFO  impl.RoleInfo (RoleInfo.java:shutdownLeaderElection(134)) - 04729fd9-c1ff-4dca-ad26-4e6679f16bc9: shutdown LeaderElection
2019-10-01 20:09:02,313 [c91e227e-7352-4230-bfa6-1f4b5d4bb797@group-A0F0C5739E3E:LeaderElection2] INFO  impl.RoleInfo (RoleInfo.java:shutdownLeaderElection(134)) - c91e227e-7352-4230-bfa6-1f4b5d4bb797: shutdown LeaderElection
2019-10-01 20:09:02,313 [04729fd9-c1ff-4dca-ad26-4e6679f16bc9@group-A0F0C5739E3E:LeaderElection1] INFO  impl.RoleInfo (RoleInfo.java:updateAndGet(143)) - 04729fd9-c1ff-4dca-ad26-4e6679f16bc9: start FollowerState
2019-10-01 20:09:02,314 [c91e227e-7352-4230-bfa6-1f4b5d4bb797@group-A0F0C5739E3E:LeaderElection2] INFO  impl.RoleInfo (RoleInfo.java:updateAndGet(143)) - c91e227e-7352-4230-bfa6-1f4b5d4bb797: start FollowerState
2019-10-01 20:09:02,325 [6355ab19-a8bc-46ef-ac1a-c487b04aba76@group-A1D72B4CF183:LeaderElection8] INFO  impl.RoleInfo (RoleInfo.java:updateAndGet(143)) - 6355ab19-a8bc-46ef-ac1a-c487b04aba76: start LeaderState
2019-10-01 20:09:02,325 [1eb58d1e-b4ee-4e5c-b6cd-c69dd16abeb7@group-4386F4104A0F:LeaderElection3] INFO  impl.RoleInfo (RoleInfo.java:updateAndGet(143)) - 1eb58d1e-b4ee-4e5c-b6cd-c69dd16abeb7: start LeaderState
2019-10-01 20:09:02,325 [04729fd9-c1ff-4dca-ad26-4e6679f16bc9@group-3EE304B1F3A1:LeaderElection6] INFO  impl.RoleInfo (RoleInfo.java:updateAndGet(143)) - 04729fd9-c1ff-4dca-ad26-4e6679f16bc9: start LeaderState
2019-10-01 20:09:02,325 [c91e227e-7352-4230-bfa6-1f4b5d4bb797@group-1BB491F17340:LeaderElection4] INFO  impl.RoleInfo (RoleInfo.java:updateAndGet(143)) - c91e227e-7352-4230-bfa6-1f4b5d4bb797: start LeaderState
2019-10-01 20:09:02,325 [aae13816-6d36-446d-9257-1d363403d618@group-73B3C8D163B6:LeaderElection7] INFO  impl.RoleInfo (RoleInfo.java:updateAndGet(143)) - aae13816-6d36-446d-9257-1d363403d618: start LeaderState
2019-10-01 20:09:02,347 [aae13816-6d36-446d-9257-1d363403d618@group-73B3C8D163B6:LeaderElection7] INFO  segmented.SegmentedRaftLogWorker (SegmentedRaftLogWorker.java:startLogSegment(380)) - aae13816-6d36-446d-9257-1d363403d618@group-73B3C8D163B6-SegmentedRaftLogWorker: Starting segment from index:0
2019-10-01 20:09:02,347 [04729fd9-c1ff-4dca-ad26-4e6679f16bc9@group-3EE304B1F3A1:LeaderElection6] INFO  segmented.SegmentedRaftLogWorker (SegmentedRaftLogWorker.java:startLogSegment(380)) - 04729fd9-c1ff-4dca-ad26-4e6679f16bc9@group-3EE304B1F3A1-SegmentedRaftLogWorker: Starting segment from index:0
2019-10-01 20:09:02,347 [1eb58d1e-b4ee-4e5c-b6cd-c69dd16abeb7@group-4386F4104A0F:LeaderElection3] INFO  segmented.SegmentedRaftLogWorker (SegmentedRaftLogWorker.java:startLogSegment(380)) - 1eb58d1e-b4ee-4e5c-b6cd-c69dd16abeb7@group-4386F4104A0F-SegmentedRaftLogWorker: Starting segment from index:0
2019-10-01 20:09:02,347 [6355ab19-a8bc-46ef-ac1a-c487b04aba76@group-A1D72B4CF183:LeaderElection8] INFO  segmented.SegmentedRaftLogWorker (SegmentedRaftLogWorker.java:startLogSegment(380)) - 6355ab19-a8bc-46ef-ac1a-c487b04aba76@group-A1D72B4CF183-SegmentedRaftLogWorker: Starting segment from index:0
2019-10-01 20:09:02,347 [c91e227e-7352-4230-bfa6-1f4b5d4bb797@group-1BB491F17340:LeaderElection4] INFO  segmented.SegmentedRaftLogWorker (SegmentedRaftLogWorker.java:startLogSegment(380)) - c91e227e-7352-4230-bfa6-1f4b5d4bb797@group-1BB491F17340-SegmentedRaftLogWorker: Starting segment from index:0
2019-10-01 20:09:02,356 [aae13816-6d36-446d-9257-1d363403d618@group-73B3C8D163B6:LeaderElection7] INFO  impl.RaftServerImpl (ServerState.java:setRaftConf(354)) - aae13816-6d36-446d-9257-1d363403d618@group-73B3C8D163B6: set configuration 0: [aae13816-6d36-446d-9257-1d363403d618:192.168.151.103:42222], old=null at 0
2019-10-01 20:09:02,356 [04729fd9-c1ff-4dca-ad26-4e6679f16bc9@group-3EE304B1F3A1:LeaderElection6] INFO  impl.RaftServerImpl (ServerState.java:setRaftConf(354)) - 04729fd9-c1ff-4dca-ad26-4e6679f16bc9@group-3EE304B1F3A1: set configuration 0: [04729fd9-c1ff-4dca-ad26-4e6679f16bc9:192.168.151.103:39208], old=null at 0
2019-10-01 20:09:02,356 [1eb58d1e-b4ee-4e5c-b6cd-c69dd16abeb7@group-4386F4104A0F:LeaderElection3] INFO  impl.RaftServerImpl (ServerState.java:setRaftConf(354)) - 1eb58d1e-b4ee-4e5c-b6cd-c69dd16abeb7@group-4386F4104A0F: set configuration 0: [1eb58d1e-b4ee-4e5c-b6cd-c69dd16abeb7:192.168.151.103:39702], old=null at 0
2019-10-01 20:09:02,356 [6355ab19-a8bc-46ef-ac1a-c487b04aba76@group-A1D72B4CF183:LeaderElection8] INFO  impl.RaftServerImpl (ServerState.java:setRaftConf(354)) - 6355ab19-a8bc-46ef-ac1a-c487b04aba76@group-A1D72B4CF183: set configuration 0: [6355ab19-a8bc-46ef-ac1a-c487b04aba76:192.168.151.103:38441], old=null at 0
2019-10-01 20:09:02,356 [c91e227e-7352-4230-bfa6-1f4b5d4bb797@group-1BB491F17340:LeaderElection4] INFO  impl.RaftServerImpl (ServerState.java:setRaftConf(354)) - c91e227e-7352-4230-bfa6-1f4b5d4bb797@group-1BB491F17340: set configuration 0: [c91e227e-7352-4230-bfa6-1f4b5d4bb797:192.168.151.103:37268], old=null at 0
2019-10-01 20:09:02,533 [1eb58d1e-b4ee-4e5c-b6cd-c69dd16abeb7@group-4386F4104A0F-SegmentedRaftLogWorker] INFO  segmented.SegmentedRaftLogWorker (SegmentedRaftLogWorker.java:execute(569)) - 1eb58d1e-b4ee-4e5c-b6cd-c69dd16abeb7@group-4386F4104A0F-SegmentedRaftLogWorker: created new log segment /workdir/hadoop-ozone/ozonefs/target/test-dir/MiniOzoneClusterImpl-e98f5f70-891c-46e9-bc29-8096c13504df/datanode-0/data/ratis/e0112bb5-6378-4722-ab02-4386f4104a0f/current/log_inprogress_0
2019-10-01 20:09:02,533 [c91e227e-7352-4230-bfa6-1f4b5d4bb797@group-1BB491F17340-SegmentedRaftLogWorker] INFO  segmented.SegmentedRaftLogWorker (SegmentedRaftLogWorker.java:execute(569)) - c91e227e-7352-4230-bfa6-1f4b5d4bb797@group-1BB491F17340-SegmentedRaftLogWorker: created new log segment /workdir/hadoop-ozone/ozonefs/target/test-dir/MiniOzoneClusterImpl-e98f5f70-891c-46e9-bc29-8096c13504df/datanode-3/data/ratis/169290be-0bd8-4579-897b-1bb491f17340/current/log_inprogress_0
2019-10-01 20:09:02,533 [04729fd9-c1ff-4dca-ad26-4e6679f16bc9@group-3EE304B1F3A1-SegmentedRaftLogWorker] INFO  segmented.SegmentedRaftLogWorker (SegmentedRaftLogWorker.java:execute(569)) - 04729fd9-c1ff-4dca-ad26-4e6679f16bc9@group-3EE304B1F3A1-SegmentedRaftLogWorker: created new log segment /workdir/hadoop-ozone/ozonefs/target/test-dir/MiniOzoneClusterImpl-e98f5f70-891c-46e9-bc29-8096c13504df/datanode-1/data/ratis/d682f4e3-b4b3-4369-9e7f-3ee304b1f3a1/current/log_inprogress_0
2019-10-01 20:09:02,533 [aae13816-6d36-446d-9257-1d363403d618@group-73B3C8D163B6-SegmentedRaftLogWorker] INFO  segmented.SegmentedRaftLogWorker (SegmentedRaftLogWorker.java:execute(569)) - aae13816-6d36-446d-9257-1d363403d618@group-73B3C8D163B6-SegmentedRaftLogWorker: created new log segment /workdir/hadoop-ozone/ozonefs/target/test-dir/MiniOzoneClusterImpl-e98f5f70-891c-46e9-bc29-8096c13504df/datanode-2/data/ratis/1ca3d28b-6ad7-4aea-a92b-73b3c8d163b6/current/log_inprogress_0
2019-10-01 20:09:02,533 [6355ab19-a8bc-46ef-ac1a-c487b04aba76@group-A1D72B4CF183-SegmentedRaftLogWorker] INFO  segmented.SegmentedRaftLogWorker (SegmentedRaftLogWorker.java:execute(569)) - 6355ab19-a8bc-46ef-ac1a-c487b04aba76@group-A1D72B4CF183-SegmentedRaftLogWorker: created new log segment /workdir/hadoop-ozone/ozonefs/target/test-dir/MiniOzoneClusterImpl-e98f5f70-891c-46e9-bc29-8096c13504df/datanode-4/data/ratis/82791188-63b7-49c0-9449-a1d72b4cf183/current/log_inprogress_0
2019-10-01 20:09:07,322 [Thread-270] INFO  impl.FollowerState (FollowerState.java:run(106)) - 1eb58d1e-b4ee-4e5c-b6cd-c69dd16abeb7:group-A0F0C5739E3E changes to CANDIDATE, lastRpcTime:5009, electionTimeout:5008ms
2019-10-01 20:09:07,323 [Thread-270] INFO  impl.RoleInfo (RoleInfo.java:shutdownFollowerState(121)) - 1eb58d1e-b4ee-4e5c-b6cd-c69dd16abeb7: shutdown FollowerState
2019-10-01 20:09:07,323 [Thread-270] INFO  impl.RaftServerImpl (RaftServerImpl.java:setRole(174)) - 1eb58d1e-b4ee-4e5c-b6cd-c69dd16abeb7@group-A0F0C5739E3E: changes role from  FOLLOWER to CANDIDATE at term 1 for changeToCandidate
2019-10-01 20:09:07,324 [Thread-270] INFO  impl.RoleInfo (RoleInfo.java:updateAndGet(143)) - 1eb58d1e-b4ee-4e5c-b6cd-c69dd16abeb7: start LeaderElection
2019-10-01 20:09:07,343 [1eb58d1e-b4ee-4e5c-b6cd-c69dd16abeb7@group-A0F0C5739E3E:LeaderElection9] INFO  impl.LeaderElection (LeaderElection.java:askForVotes(182)) - 1eb58d1e-b4ee-4e5c-b6cd-c69dd16abeb7@group-A0F0C5739E3E:LeaderElection9: begin an election at term 2 for -1: [c91e227e-7352-4230-bfa6-1f4b5d4bb797:192.168.151.103:37268, 04729fd9-c1ff-4dca-ad26-4e6679f16bc9:192.168.151.103:39208, 1eb58d1e-b4ee-4e5c-b6cd-c69dd16abeb7:192.168.151.103:39702], old=null
2019-10-01 20:09:07,350 [Thread-271] INFO  impl.FollowerState (FollowerState.java:run(106)) - 04729fd9-c1ff-4dca-ad26-4e6679f16bc9:group-A0F0C5739E3E changes to CANDIDATE, lastRpcTime:5037, electionTimeout:5035ms
2019-10-01 20:09:07,351 [Thread-271] INFO  impl.RoleInfo (RoleInfo.java:shutdownFollowerState(121)) - 04729fd9-c1ff-4dca-ad26-4e6679f16bc9: shutdown FollowerState
2019-10-01 20:09:07,351 [Thread-271] INFO  impl.RaftServerImpl (RaftServerImpl.java:setRole(174)) - 04729fd9-c1ff-4dca-ad26-4e6679f16bc9@group-A0F0C5739E3E: changes role from  FOLLOWER to CANDIDATE at term 1 for changeToCandidate
2019-10-01 20:09:07,351 [Thread-271] INFO  impl.RoleInfo (RoleInfo.java:updateAndGet(143)) - 04729fd9-c1ff-4dca-ad26-4e6679f16bc9: start LeaderElection
2019-10-01 20:09:07,364 [grpc-default-executor-0] INFO  impl.RaftServerImpl (RaftServerImpl.java:setRole(174)) - c91e227e-7352-4230-bfa6-1f4b5d4bb797@group-A0F0C5739E3E: changes role from  FOLLOWER to FOLLOWER at term 2 for recognizeCandidate:1eb58d1e-b4ee-4e5c-b6cd-c69dd16abeb7
2019-10-01 20:09:07,364 [grpc-default-executor-0] INFO  impl.RoleInfo (RoleInfo.java:shutdownFollowerState(121)) - c91e227e-7352-4230-bfa6-1f4b5d4bb797: shutdown FollowerState
2019-10-01 20:09:07,365 [grpc-default-executor-0] INFO  impl.RoleInfo (RoleInfo.java:updateAndGet(143)) - c91e227e-7352-4230-bfa6-1f4b5d4bb797: start FollowerState
2019-10-01 20:09:07,369 [04729fd9-c1ff-4dca-ad26-4e6679f16bc9@group-A0F0C5739E3E:LeaderElection10] INFO  impl.LeaderElection (LeaderElection.java:askForVotes(182)) - 04729fd9-c1ff-4dca-ad26-4e6679f16bc9@group-A0F0C5739E3E:LeaderElection10: begin an election at term 2 for -1: [c91e227e-7352-4230-bfa6-1f4b5d4bb797:192.168.151.103:37268, 04729fd9-c1ff-4dca-ad26-4e6679f16bc9:192.168.151.103:39208, 1eb58d1e-b4ee-4e5c-b6cd-c69dd16abeb7:192.168.151.103:39702], old=null
2019-10-01 20:09:07,393 [04729fd9-c1ff-4dca-ad26-4e6679f16bc9@group-A0F0C5739E3E:LeaderElection10] INFO  impl.LeaderElection (LeaderElection.java:logAndReturn(56)) - 04729fd9-c1ff-4dca-ad26-4e6679f16bc9@group-A0F0C5739E3E:LeaderElection10: Election REJECTED; received 2 response(s) [04729fd9-c1ff-4dca-ad26-4e6679f16bc9<-c91e227e-7352-4230-bfa6-1f4b5d4bb797#0:FAIL-t2, 04729fd9-c1ff-4dca-ad26-4e6679f16bc9<-1eb58d1e-b4ee-4e5c-b6cd-c69dd16abeb7#0:FAIL-t2] and 0 exception(s); 04729fd9-c1ff-4dca-ad26-4e6679f16bc9@group-A0F0C5739E3E:t2, leader=null, voted=04729fd9-c1ff-4dca-ad26-4e6679f16bc9, raftlog=04729fd9-c1ff-4dca-ad26-4e6679f16bc9@group-A0F0C5739E3E-SegmentedRaftLog:OPENED:c-1,f-1,i0, conf=-1: [c91e227e-7352-4230-bfa6-1f4b5d4bb797:192.168.151.103:37268, 04729fd9-c1ff-4dca-ad26-4e6679f16bc9:192.168.151.103:39208, 1eb58d1e-b4ee-4e5c-b6cd-c69dd16abeb7:192.168.151.103:39702], old=null
2019-10-01 20:09:07,394 [04729fd9-c1ff-4dca-ad26-4e6679f16bc9@group-A0F0C5739E3E:LeaderElection10] INFO  impl.RaftServerImpl (RaftServerImpl.java:setRole(174)) - 04729fd9-c1ff-4dca-ad26-4e6679f16bc9@group-A0F0C5739E3E: changes role from CANDIDATE to FOLLOWER at term 2 for DISCOVERED_A_NEW_TERM
2019-10-01 20:09:07,394 [04729fd9-c1ff-4dca-ad26-4e6679f16bc9@group-A0F0C5739E3E:LeaderElection10] INFO  impl.RoleInfo (RoleInfo.java:shutdownLeaderElection(134)) - 04729fd9-c1ff-4dca-ad26-4e6679f16bc9: shutdown LeaderElection
2019-10-01 20:09:07,394 [04729fd9-c1ff-4dca-ad26-4e6679f16bc9@group-A0F0C5739E3E:LeaderElection10] INFO  impl.RoleInfo (RoleInfo.java:updateAndGet(143)) - 04729fd9-c1ff-4dca-ad26-4e6679f16bc9: start FollowerState
2019-10-01 20:09:07,395 [1eb58d1e-b4ee-4e5c-b6cd-c69dd16abeb7@group-A0F0C5739E3E:LeaderElection9] INFO  impl.LeaderElection (LeaderElection.java:logAndReturn(56)) - 1eb58d1e-b4ee-4e5c-b6cd-c69dd16abeb7@group-A0F0C5739E3E:LeaderElection9: Election PASSED; received 2 response(s) [1eb58d1e-b4ee-4e5c-b6cd-c69dd16abeb7<-c91e227e-7352-4230-bfa6-1f4b5d4bb797#0:OK-t2, 1eb58d1e-b4ee-4e5c-b6cd-c69dd16abeb7<-04729fd9-c1ff-4dca-ad26-4e6679f16bc9#0:FAIL-t2] and 0 exception(s); 1eb58d1e-b4ee-4e5c-b6cd-c69dd16abeb7@group-A0F0C5739E3E:t2, leader=null, voted=1eb58d1e-b4ee-4e5c-b6cd-c69dd16abeb7, raftlog=1eb58d1e-b4ee-4e5c-b6cd-c69dd16abeb7@group-A0F0C5739E3E-SegmentedRaftLog:OPENED:c-1,f-1,i0, conf=-1: [c91e227e-7352-4230-bfa6-1f4b5d4bb797:192.168.151.103:37268, 04729fd9-c1ff-4dca-ad26-4e6679f16bc9:192.168.151.103:39208, 1eb58d1e-b4ee-4e5c-b6cd-c69dd16abeb7:192.168.151.103:39702], old=null
2019-10-01 20:09:07,398 [1eb58d1e-b4ee-4e5c-b6cd-c69dd16abeb7@group-A0F0C5739E3E:LeaderElection9] INFO  impl.RoleInfo (RoleInfo.java:shutdownLeaderElection(134)) - 1eb58d1e-b4ee-4e5c-b6cd-c69dd16abeb7: shutdown LeaderElection
2019-10-01 20:09:07,399 [1eb58d1e-b4ee-4e5c-b6cd-c69dd16abeb7@group-A0F0C5739E3E:LeaderElection9] INFO  impl.RaftServerImpl (RaftServerImpl.java:setRole(174)) - 1eb58d1e-b4ee-4e5c-b6cd-c69dd16abeb7@group-A0F0C5739E3E: changes role from CANDIDATE to LEADER at term 2 for changeToLeader
2019-10-01 20:09:07,399 [1eb58d1e-b4ee-4e5c-b6cd-c69dd16abeb7@group-A0F0C5739E3E:LeaderElection9] INFO  impl.RaftServerImpl (ServerState.java:setLeader(253)) - 1eb58d1e-b4ee-4e5c-b6cd-c69dd16abeb7@group-A0F0C5739E3E: change Leader from null to 1eb58d1e-b4ee-4e5c-b6cd-c69dd16abeb7 at term 2 for becomeLeader, leader elected after 13073ms
2019-10-01 20:09:07,400 [1eb58d1e-b4ee-4e5c-b6cd-c69dd16abeb7@group-A0F0C5739E3E:LeaderElection9] INFO  server.RaftServerConfigKeys (ConfUtils.java:logGet(43)) - raft.server.staging.catchup.gap = 1000 (default)
2019-10-01 20:09:07,400 [1eb58d1e-b4ee-4e5c-b6cd-c69dd16abeb7@group-A0F0C5739E3E:LeaderElection9] INFO  server.RaftServerConfigKeys (ConfUtils.java:logGet(43)) - raft.server.rpc.sleep.time = 25ms (default)
2019-10-01 20:09:07,401 [1eb58d1e-b4ee-4e5c-b6cd-c69dd16abeb7@group-A0F0C5739E3E:LeaderElection9] INFO  server.RaftServerConfigKeys (ConfUtils.java:logGet(43)) - raft.server.write.element-limit = 4096 (default)
2019-10-01 20:09:07,401 [1eb58d1e-b4ee-4e5c-b6cd-c69dd16abeb7@group-A0F0C5739E3E:LeaderElection9] INFO  server.RaftServerConfigKeys (ConfUtils.java:logGet(43)) - raft.server.watch.timeout = 10s (default)
2019-10-01 20:09:07,401 [1eb58d1e-b4ee-4e5c-b6cd-c69dd16abeb7@group-A0F0C5739E3E:LeaderElection9] INFO  server.RaftServerConfigKeys (ConfUtils.java:logGet(43)) - raft.server.watch.timeout.denomination = 1s (default)
2019-10-01 20:09:07,401 [1eb58d1e-b4ee-4e5c-b6cd-c69dd16abeb7@group-A0F0C5739E3E:LeaderElection9] INFO  server.RaftServerConfigKeys (ConfUtils.java:logGet(43)) - raft.server.watch.element-limit = 65536 (default)
2019-10-01 20:09:07,409 [1eb58d1e-b4ee-4e5c-b6cd-c69dd16abeb7@group-A0F0C5739E3E:LeaderElection9] INFO  server.RaftServerConfigKeys (ConfUtils.java:logGet(43)) - raft.server.log.appender.snapshot.chunk.size.max = 16MB (=16777216) (default)
2019-10-01 20:09:07,410 [1eb58d1e-b4ee-4e5c-b6cd-c69dd16abeb7@group-A0F0C5739E3E:LeaderElection9] INFO  server.RaftServerConfigKeys (ConfUtils.java:logGet(43)) - raft.server.log.appender.buffer.byte-limit = 33554432 (custom)
2019-10-01 20:09:07,410 [1eb58d1e-b4ee-4e5c-b6cd-c69dd16abeb7@group-A0F0C5739E3E:LeaderElection9] INFO  server.RaftServerConfigKeys (ConfUtils.java:logGet(43)) - raft.server.log.appender.buffer.element-limit = 1 (custom)
2019-10-01 20:09:07,416 [1eb58d1e-b4ee-4e5c-b6cd-c69dd16abeb7@group-A0F0C5739E3E:LeaderElection9] INFO  grpc.GrpcConfigKeys$Server (ConfUtils.java:logGet(43)) - raft.grpc.server.leader.outstanding.appends.max = 128 (default)
2019-10-01 20:09:07,416 [1eb58d1e-b4ee-4e5c-b6cd-c69dd16abeb7@group-A0F0C5739E3E:LeaderElection9] INFO  server.RaftServerConfigKeys (ConfUtils.java:logGet(43)) - raft.server.rpc.request.timeout = 3000ms (default)
2019-10-01 20:09:07,417 [1eb58d1e-b4ee-4e5c-b6cd-c69dd16abeb7@group-A0F0C5739E3E:LeaderElection9] INFO  server.RaftServerConfigKeys (ConfUtils.java:logGet(43)) - raft.server.log.appender.install.snapshot.enabled = false (custom)
2019-10-01 20:09:07,418 [1eb58d1e-b4ee-4e5c-b6cd-c69dd16abeb7@group-A0F0C5739E3E:LeaderElection9] INFO  server.RaftServerConfigKeys (ConfUtils.java:logGet(43)) - raft.server.log.appender.snapshot.chunk.size.max = 16MB (=16777216) (default)
2019-10-01 20:09:07,418 [1eb58d1e-b4ee-4e5c-b6cd-c69dd16abeb7@group-A0F0C5739E3E:LeaderElection9] INFO  server.RaftServerConfigKeys (ConfUtils.java:logGet(43)) - raft.server.log.appender.buffer.byte-limit = 33554432 (custom)
2019-10-01 20:09:07,418 [1eb58d1e-b4ee-4e5c-b6cd-c69dd16abeb7@group-A0F0C5739E3E:LeaderElection9] INFO  server.RaftServerConfigKeys (ConfUtils.java:logGet(43)) - raft.server.log.appender.buffer.element-limit = 1 (custom)
2019-10-01 20:09:07,419 [1eb58d1e-b4ee-4e5c-b6cd-c69dd16abeb7@group-A0F0C5739E3E:LeaderElection9] INFO  grpc.GrpcConfigKeys$Server (ConfUtils.java:logGet(43)) - raft.grpc.server.leader.outstanding.appends.max = 128 (default)
2019-10-01 20:09:07,419 [1eb58d1e-b4ee-4e5c-b6cd-c69dd16abeb7@group-A0F0C5739E3E:LeaderElection9] INFO  server.RaftServerConfigKeys (ConfUtils.java:logGet(43)) - raft.server.rpc.request.timeout = 3000ms (default)
2019-10-01 20:09:07,419 [1eb58d1e-b4ee-4e5c-b6cd-c69dd16abeb7@group-A0F0C5739E3E:LeaderElection9] INFO  server.RaftServerConfigKeys (ConfUtils.java:logGet(43)) - raft.server.log.appender.install.snapshot.enabled = false (custom)
2019-10-01 20:09:07,421 [1eb58d1e-b4ee-4e5c-b6cd-c69dd16abeb7@group-A0F0C5739E3E:LeaderElection9] INFO  impl.RoleInfo (RoleInfo.java:updateAndGet(143)) - 1eb58d1e-b4ee-4e5c-b6cd-c69dd16abeb7: start LeaderState
2019-10-01 20:09:07,421 [1eb58d1e-b4ee-4e5c-b6cd-c69dd16abeb7@group-A0F0C5739E3E:LeaderElection9] INFO  segmented.SegmentedRaftLogWorker (SegmentedRaftLogWorker.java:startLogSegment(380)) - 1eb58d1e-b4ee-4e5c-b6cd-c69dd16abeb7@group-A0F0C5739E3E-SegmentedRaftLogWorker: Starting segment from index:0
2019-10-01 20:09:07,422 [1eb58d1e-b4ee-4e5c-b6cd-c69dd16abeb7@group-A0F0C5739E3E:LeaderElection9] INFO  impl.RaftServerImpl (ServerState.java:setRaftConf(354)) - 1eb58d1e-b4ee-4e5c-b6cd-c69dd16abeb7@group-A0F0C5739E3E: set configuration 0: [c91e227e-7352-4230-bfa6-1f4b5d4bb797:192.168.151.103:37268, 04729fd9-c1ff-4dca-ad26-4e6679f16bc9:192.168.151.103:39208, 1eb58d1e-b4ee-4e5c-b6cd-c69dd16abeb7:192.168.151.103:39702], old=null at 0
2019-10-01 20:09:07,460 [1eb58d1e-b4ee-4e5c-b6cd-c69dd16abeb7@group-A0F0C5739E3E-SegmentedRaftLogWorker] INFO  segmented.SegmentedRaftLogWorker (SegmentedRaftLogWorker.java:execute(569)) - 1eb58d1e-b4ee-4e5c-b6cd-c69dd16abeb7@group-A0F0C5739E3E-SegmentedRaftLogWorker: created new log segment /workdir/hadoop-ozone/ozonefs/target/test-dir/MiniOzoneClusterImpl-e98f5f70-891c-46e9-bc29-8096c13504df/datanode-0/data/ratis/50118f2c-c4bc-4e40-a076-a0f0c5739e3e/current/log_inprogress_0
2019-10-01 20:09:07,478 [grpc-default-executor-5] INFO  impl.RaftServerImpl (ServerState.java:setLeader(253)) - 04729fd9-c1ff-4dca-ad26-4e6679f16bc9@group-A0F0C5739E3E: change Leader from null to 1eb58d1e-b4ee-4e5c-b6cd-c69dd16abeb7 at term 2 for appendEntries, leader elected after 13152ms
2019-10-01 20:09:07,479 [grpc-default-executor-4] INFO  impl.RaftServerImpl (ServerState.java:setLeader(253)) - c91e227e-7352-4230-bfa6-1f4b5d4bb797@group-A0F0C5739E3E: change Leader from null to 1eb58d1e-b4ee-4e5c-b6cd-c69dd16abeb7 at term 2 for appendEntries, leader elected after 13152ms
2019-10-01 20:09:07,505 [grpc-default-executor-5] INFO  impl.RaftServerImpl (ServerState.java:setRaftConf(354)) - 04729fd9-c1ff-4dca-ad26-4e6679f16bc9@group-A0F0C5739E3E: set configuration 0: [c91e227e-7352-4230-bfa6-1f4b5d4bb797:192.168.151.103:37268, 04729fd9-c1ff-4dca-ad26-4e6679f16bc9:192.168.151.103:39208, 1eb58d1e-b4ee-4e5c-b6cd-c69dd16abeb7:192.168.151.103:39702], old=null at 0
2019-10-01 20:09:07,505 [grpc-default-executor-4] INFO  impl.RaftServerImpl (ServerState.java:setRaftConf(354)) - c91e227e-7352-4230-bfa6-1f4b5d4bb797@group-A0F0C5739E3E: set configuration 0: [c91e227e-7352-4230-bfa6-1f4b5d4bb797:192.168.151.103:37268, 04729fd9-c1ff-4dca-ad26-4e6679f16bc9:192.168.151.103:39208, 1eb58d1e-b4ee-4e5c-b6cd-c69dd16abeb7:192.168.151.103:39702], old=null at 0
2019-10-01 20:09:07,505 [grpc-default-executor-5] INFO  segmented.SegmentedRaftLogWorker (SegmentedRaftLogWorker.java:startLogSegment(380)) - 04729fd9-c1ff-4dca-ad26-4e6679f16bc9@group-A0F0C5739E3E-SegmentedRaftLogWorker: Starting segment from index:0
2019-10-01 20:09:07,506 [grpc-default-executor-4] INFO  segmented.SegmentedRaftLogWorker (SegmentedRaftLogWorker.java:startLogSegment(380)) - c91e227e-7352-4230-bfa6-1f4b5d4bb797@group-A0F0C5739E3E-SegmentedRaftLogWorker: Starting segment from index:0
2019-10-01 20:09:07,558 [04729fd9-c1ff-4dca-ad26-4e6679f16bc9@group-A0F0C5739E3E-SegmentedRaftLogWorker] INFO  segmented.SegmentedRaftLogWorker (SegmentedRaftLogWorker.java:execute(569)) - 04729fd9-c1ff-4dca-ad26-4e6679f16bc9@group-A0F0C5739E3E-SegmentedRaftLogWorker: created new log segment /workdir/hadoop-ozone/ozonefs/target/test-dir/MiniOzoneClusterImpl-e98f5f70-891c-46e9-bc29-8096c13504df/datanode-1/data/ratis/50118f2c-c4bc-4e40-a076-a0f0c5739e3e/current/log_inprogress_0
2019-10-01 20:09:07,558 [c91e227e-7352-4230-bfa6-1f4b5d4bb797@group-A0F0C5739E3E-SegmentedRaftLogWorker] INFO  segmented.SegmentedRaftLogWorker (SegmentedRaftLogWorker.java:execute(569)) - c91e227e-7352-4230-bfa6-1f4b5d4bb797@group-A0F0C5739E3E-SegmentedRaftLogWorker: created new log segment /workdir/hadoop-ozone/ozonefs/target/test-dir/MiniOzoneClusterImpl-e98f5f70-891c-46e9-bc29-8096c13504df/datanode-3/data/ratis/50118f2c-c4bc-4e40-a076-a0f0c5739e3e/current/log_inprogress_0
2019-10-01 20:09:08,641 [pool-26-thread-1] ERROR impl.ChunkManagerImpl (ChunkUtils.java:writeData(89)) - data array does not match the length specified. DataLen: 1024 Byte Array: 1181
2019-10-01 20:09:08,641 [pool-26-thread-1] INFO  keyvalue.KeyValueHandler (ContainerUtils.java:logAndReturnError(146)) - Operation: WriteChunk : Trace ID: a2eacdfd887b2e9d:a2eacdfd887b2e9d:0:0 : Message: data array does not match the length specified. DataLen: 1024 Byte Array: 1181 : Result: INVALID_WRITE_SIZE
2019-10-01 20:09:08,664 [EventQueue-IncrementalContainerReportForIncrementalContainerReportHandler] WARN  container.IncrementalContainerReportHandler (AbstractContainerReportHandler.java:updateContainerState(143)) - Container #3 is in OPEN state, but the datanode 1eb58d1e-b4ee-4e5c-b6cd-c69dd16abeb7{ip: 192.168.151.103, host: pr-trunk-878pl-325597374, networkLocation: /default-rack, certSerialId: null} reports an UNHEALTHY replica.
20:09:08.685 [pool-26-thread-1] ERROR DNAudit - user=null | ip=null | op=WRITE_CHUNK {blockData=conID: 3 locID: 102888933718687748 bcsId: 0} | ret=FAILURE
java.lang.Exception: data array does not match the length specified. DataLen: 1024 Byte Array: 1181
	at org.apache.hadoop.ozone.container.common.impl.HddsDispatcher.dispatchRequest(HddsDispatcher.java:330) ~[hadoop-hdds-container-service-0.5.0-SNAPSHOT.jar:?]
	at org.apache.hadoop.ozone.container.common.impl.HddsDispatcher.dispatch(HddsDispatcher.java:150) ~[hadoop-hdds-container-service-0.5.0-SNAPSHOT.jar:?]
	at org.apache.hadoop.ozone.container.common.transport.server.ratis.ContainerStateMachine.dispatchCommand(ContainerStateMachine.java:407) ~[hadoop-hdds-container-service-0.5.0-SNAPSHOT.jar:?]
	at org.apache.hadoop.ozone.container.common.transport.server.ratis.ContainerStateMachine.runCommand(ContainerStateMachine.java:415) ~[hadoop-hdds-container-service-0.5.0-SNAPSHOT.jar:?]
	at org.apache.hadoop.ozone.container.common.transport.server.ratis.ContainerStateMachine.lambda$handleWriteChunk$1(ContainerStateMachine.java:450) ~[hadoop-hdds-container-service-0.5.0-SNAPSHOT.jar:?]
	at java.util.concurrent.CompletableFuture$AsyncSupply.run(CompletableFuture.java:1590) [?:1.8.0_212]
	at java.util.concurrent.ThreadPoolExecutor.runWorker(ThreadPoolExecutor.java:1149) [?:1.8.0_212]
	at java.util.concurrent.ThreadPoolExecutor$Worker.run(ThreadPoolExecutor.java:624) [?:1.8.0_212]
	at java.lang.Thread.run(Thread.java:748) [?:1.8.0_212]
2019-10-01 20:09:08,686 [pool-26-thread-1] ERROR ratis.ContainerStateMachine (ContainerStateMachine.java:lambda$handleWriteChunk$2(470)) - group-A0F0C5739E3E: writeChunk writeStateMachineData failed: blockIdcontainerID: 3
localID: 102888933718687748
blockCommitSequenceId: 0
 logIndex 1 chunkName 102888933718687748_chunk_1 Error message: data array does not match the length specified. DataLen: 1024 Byte Array: 1181 Container Result: INVALID_WRITE_SIZE
2019-10-01 20:09:08,701 [1eb58d1e-b4ee-4e5c-b6cd-c69dd16abeb7@group-A0F0C5739E3E-SegmentedRaftLogWorker] ERROR ratis.XceiverServerRatis (XceiverServerRatis.java:triggerPipelineClose(575)) - pipeline Action CLOSE  on pipeline PipelineID=50118f2c-c4bc-4e40-a076-a0f0c5739e3e.Reason : data array does not match the length specified. DataLen: 1024 Byte Array: 1181
2019-10-01 20:09:08,701 [1eb58d1e-b4ee-4e5c-b6cd-c69dd16abeb7@group-A0F0C5739E3E-SegmentedRaftLogWorker] ERROR ratis.XceiverServerRatis (XceiverServerRatis.java:triggerPipelineClose(575)) - pipeline Action CLOSE  on pipeline PipelineID=50118f2c-c4bc-4e40-a076-a0f0c5739e3e.Reason : Log already failed at index 1 for task WriteLog:1: (t:2, i:1), STATEMACHINELOGENTRY, client-CDE6246DD8C1, cid=8
2019-10-01 20:09:08,706 [EventQueue-PipelineActionsForPipelineActionHandler] ERROR pipeline.PipelineActionHandler (PipelineActionHandler.java:onMessage(60)) - Received pipeline action CLOSE for Pipeline[ Id: 50118f2c-c4bc-4e40-a076-a0f0c5739e3e, Nodes: c91e227e-7352-4230-bfa6-1f4b5d4bb797{ip: 192.168.151.103, host: pr-trunk-878pl-325597374, networkLocation: /default-rack, certSerialId: null}1eb58d1e-b4ee-4e5c-b6cd-c69dd16abeb7{ip: 192.168.151.103, host: pr-trunk-878pl-325597374, networkLocation: /default-rack, certSerialId: null}04729fd9-c1ff-4dca-ad26-4e6679f16bc9{ip: 192.168.151.103, host: pr-trunk-878pl-325597374, networkLocation: /default-rack, certSerialId: null}, Type:RATIS, Factor:THREE, State:OPEN] from datanode 1eb58d1e-b4ee-4e5c-b6cd-c69dd16abeb7{ip: 192.168.151.103, host: pr-trunk-878pl-325597374, networkLocation: /default-rack, certSerialId: null}. Reason : data array does not match the length specified. DataLen: 1024 Byte Array: 1181
2019-10-01 20:09:08,706 [EventQueue-PipelineActionsForPipelineActionHandler] INFO  pipeline.SCMPipelineManager (SCMPipelineManager.java:finalizeAndDestroyPipeline(315)) - destroying pipeline:Pipeline[ Id: 50118f2c-c4bc-4e40-a076-a0f0c5739e3e, Nodes: c91e227e-7352-4230-bfa6-1f4b5d4bb797{ip: 192.168.151.103, host: pr-trunk-878pl-325597374, networkLocation: /default-rack, certSerialId: null}1eb58d1e-b4ee-4e5c-b6cd-c69dd16abeb7{ip: 192.168.151.103, host: pr-trunk-878pl-325597374, networkLocation: /default-rack, certSerialId: null}04729fd9-c1ff-4dca-ad26-4e6679f16bc9{ip: 192.168.151.103, host: pr-trunk-878pl-325597374, networkLocation: /default-rack, certSerialId: null}, Type:RATIS, Factor:THREE, State:OPEN]
2019-10-01 20:09:08,708 [EventQueue-CloseContainerForCloseContainerEventHandler] INFO  container.CloseContainerEventHandler (CloseContainerEventHandler.java:onMessage(61)) - Close container Event triggered for container : #3
2019-10-01 20:09:08,711 [EventQueue-PipelineActionsForPipelineActionHandler] INFO  pipeline.PipelineStateManager (PipelineStateManager.java:finalizePipeline(123)) - Pipeline Pipeline[ Id: 50118f2c-c4bc-4e40-a076-a0f0c5739e3e, Nodes: c91e227e-7352-4230-bfa6-1f4b5d4bb797{ip: 192.168.151.103, host: pr-trunk-878pl-325597374, networkLocation: /default-rack, certSerialId: null}1eb58d1e-b4ee-4e5c-b6cd-c69dd16abeb7{ip: 192.168.151.103, host: pr-trunk-878pl-325597374, networkLocation: /default-rack, certSerialId: null}04729fd9-c1ff-4dca-ad26-4e6679f16bc9{ip: 192.168.151.103, host: pr-trunk-878pl-325597374, networkLocation: /default-rack, certSerialId: null}, Type:RATIS, Factor:THREE, State:CLOSED] moved to CLOSED state
2019-10-01 20:09:08,716 [EventQueue-CloseContainerForCloseContainerEventHandler] INFO  container.CloseContainerEventHandler (CloseContainerEventHandler.java:onMessage(61)) - Close container Event triggered for container : #1
2019-10-01 20:09:08,716 [EventQueue-CloseContainerForCloseContainerEventHandler] INFO  container.CloseContainerEventHandler (CloseContainerEventHandler.java:onMessage(61)) - Close container Event triggered for container : #2
2019-10-01 20:09:08,717 [EventQueue-CloseContainerForCloseContainerEventHandler] INFO  container.CloseContainerEventHandler (CloseContainerEventHandler.java:onMessage(61)) - Close container Event triggered for container : #3
2019-10-01 20:09:10,210 [Command processor thread] ERROR commandhandler.CloseContainerCommandHandler (CloseContainerCommandHandler.java:handle(84)) - Container #1 does not exist in datanode. Container close failed.
2019-10-01 20:09:10,212 [Command processor thread] ERROR commandhandler.CloseContainerCommandHandler (CloseContainerCommandHandler.java:handle(84)) - Container #2 does not exist in datanode. Container close failed.
2019-10-01 20:09:10,237 [Command processor thread] ERROR commandhandler.CloseContainerCommandHandler (CloseContainerCommandHandler.java:handle(84)) - Container #1 does not exist in datanode. Container close failed.
2019-10-01 20:09:10,239 [Command processor thread] ERROR commandhandler.CloseContainerCommandHandler (CloseContainerCommandHandler.java:handle(84)) - Container #2 does not exist in datanode. Container close failed.
2019-10-01 20:09:10,679 [Command processor thread] ERROR commandhandler.CloseContainerCommandHandler (CloseContainerCommandHandler.java:handle(84)) - Container #1 does not exist in datanode. Container close failed.
2019-10-01 20:09:10,679 [Command processor thread] ERROR commandhandler.CloseContainerCommandHandler (CloseContainerCommandHandler.java:handle(84)) - Container #2 does not exist in datanode. Container close failed.
2019-10-01 20:10:14,743 [grpc-default-executor-1] INFO  impl.RaftServerProxy (RaftServerProxy.java:remove(95)) - c91e227e-7352-4230-bfa6-1f4b5d4bb797: remove  FOLLOWER c91e227e-7352-4230-bfa6-1f4b5d4bb797@group-A0F0C5739E3E:t2, leader=1eb58d1e-b4ee-4e5c-b6cd-c69dd16abeb7, voted=1eb58d1e-b4ee-4e5c-b6cd-c69dd16abeb7, raftlog=c91e227e-7352-4230-bfa6-1f4b5d4bb797@group-A0F0C5739E3E-SegmentedRaftLog:OPENED:c0,f2,i2, conf=0: [c91e227e-7352-4230-bfa6-1f4b5d4bb797:192.168.151.103:37268, 04729fd9-c1ff-4dca-ad26-4e6679f16bc9:192.168.151.103:39208, 1eb58d1e-b4ee-4e5c-b6cd-c69dd16abeb7:192.168.151.103:39702], old=null RUNNING
2019-10-01 20:10:14,749 [grpc-default-executor-1] INFO  impl.RaftServerImpl (RaftServerImpl.java:lambda$shutdown$3(251)) - c91e227e-7352-4230-bfa6-1f4b5d4bb797@group-A0F0C5739E3E: shutdown
2019-10-01 20:10:14,749 [grpc-default-executor-1] INFO  util.JmxRegister (JmxRegister.java:unregister(73)) - Successfully un-registered JMX Bean with object name Ratis:service=RaftServer,group=group-A0F0C5739E3E,id=c91e227e-7352-4230-bfa6-1f4b5d4bb797
2019-10-01 20:10:14,750 [grpc-default-executor-1] INFO  impl.RoleInfo (RoleInfo.java:shutdownFollowerState(121)) - c91e227e-7352-4230-bfa6-1f4b5d4bb797: shutdown FollowerState
2019-10-01 20:10:14,750 [grpc-default-executor-1] INFO  impl.StateMachineUpdater (StateMachineUpdater.java:stopAndJoin(125)) - c91e227e-7352-4230-bfa6-1f4b5d4bb797@group-A0F0C5739E3E-StateMachineUpdater: set stopIndex = 0
2019-10-01 20:10:14,750 [Thread-286] INFO  impl.FollowerState (FollowerState.java:run(115)) - c91e227e-7352-4230-bfa6-1f4b5d4bb797: FollowerState was interrupted: java.lang.InterruptedException: sleep interrupted
2019-10-01 20:10:14,754 [grpc-default-executor-1] INFO  impl.RaftServerImpl (ServerState.java:close(385)) - c91e227e-7352-4230-bfa6-1f4b5d4bb797@group-A0F0C5739E3E: closes. applyIndex: 0
2019-10-01 20:10:14,756 [c91e227e-7352-4230-bfa6-1f4b5d4bb797@group-A0F0C5739E3E-SegmentedRaftLogWorker] INFO  segmented.SegmentedRaftLogWorker (SegmentedRaftLogWorker.java:run(313)) - c91e227e-7352-4230-bfa6-1f4b5d4bb797@group-A0F0C5739E3E-SegmentedRaftLogWorker was interrupted, exiting. There are 0 tasks remaining in the queue.
2019-10-01 20:10:14,758 [grpc-default-executor-1] INFO  segmented.SegmentedRaftLogWorker (SegmentedRaftLogWorker.java:close(228)) - c91e227e-7352-4230-bfa6-1f4b5d4bb797@group-A0F0C5739E3E-SegmentedRaftLogWorker close()
2019-10-01 20:10:14,817 [grpc-default-executor-1] INFO  interfaces.Container (KeyValueContainer.java:flushAndSyncDB(386)) - Container 3 is synced with bcsId 0.
2019-10-01 20:10:14,817 [grpc-default-executor-1] INFO  interfaces.Container (KeyValueContainer.java:flushAndSyncDB(386)) - Container 3 is synced with bcsId 0.
2019-10-01 20:10:14,833 [EventQueue-IncrementalContainerReportForIncrementalContainerReportHandler] INFO  container.IncrementalContainerReportHandler (AbstractContainerReportHandler.java:updateContainerState(169)) - Moving container #3 to QUASI_CLOSED state, datanode c91e227e-7352-4230-bfa6-1f4b5d4bb797{ip: 192.168.151.103, host: pr-trunk-878pl-325597374, networkLocation: /default-rack, certSerialId: null} reported QUASI_CLOSED replica.
2019-10-01 20:10:14,851 [grpc-default-executor-1] INFO  impl.RaftServerProxy (RaftServerProxy.java:remove(95)) - 1eb58d1e-b4ee-4e5c-b6cd-c69dd16abeb7: remove    LEADER 1eb58d1e-b4ee-4e5c-b6cd-c69dd16abeb7@group-A0F0C5739E3E:t2, leader=1eb58d1e-b4ee-4e5c-b6cd-c69dd16abeb7, voted=1eb58d1e-b4ee-4e5c-b6cd-c69dd16abeb7, raftlog=1eb58d1e-b4ee-4e5c-b6cd-c69dd16abeb7@group-A0F0C5739E3E-SegmentedRaftLog:OPENED:c0,f0,i2, conf=0: [c91e227e-7352-4230-bfa6-1f4b5d4bb797:192.168.151.103:37268, 04729fd9-c1ff-4dca-ad26-4e6679f16bc9:192.168.151.103:39208, 1eb58d1e-b4ee-4e5c-b6cd-c69dd16abeb7:192.168.151.103:39702], old=null RUNNING
2019-10-01 20:10:14,851 [grpc-default-executor-1] INFO  impl.RaftServerImpl (RaftServerImpl.java:lambda$shutdown$3(251)) - 1eb58d1e-b4ee-4e5c-b6cd-c69dd16abeb7@group-A0F0C5739E3E: shutdown
2019-10-01 20:10:14,852 [grpc-default-executor-1] INFO  util.JmxRegister (JmxRegister.java:unregister(73)) - Successfully un-registered JMX Bean with object name Ratis:service=RaftServer,group=group-A0F0C5739E3E,id=1eb58d1e-b4ee-4e5c-b6cd-c69dd16abeb7
2019-10-01 20:10:14,852 [grpc-default-executor-1] INFO  impl.RoleInfo (RoleInfo.java:shutdownLeaderState(104)) - 1eb58d1e-b4ee-4e5c-b6cd-c69dd16abeb7: shutdown LeaderState
2019-10-01 20:10:14,856 [org.apache.ratis.server.impl.LogAppender$AppenderDaemon$$Lambda$705/236705144@6761a84e] WARN  server.GrpcLogAppender (GrpcLogAppender.java:mayWait(143)) - 1eb58d1e-b4ee-4e5c-b6cd-c69dd16abeb7@group-A0F0C5739E3E->c91e227e-7352-4230-bfa6-1f4b5d4bb797-GrpcLogAppender: Wait interrupted by java.lang.InterruptedException
2019-10-01 20:10:14,856 [org.apache.ratis.server.impl.LogAppender$AppenderDaemon$$Lambda$705/236705144@79a2c240] WARN  server.GrpcLogAppender (GrpcLogAppender.java:mayWait(143)) - 1eb58d1e-b4ee-4e5c-b6cd-c69dd16abeb7@group-A0F0C5739E3E->04729fd9-c1ff-4dca-ad26-4e6679f16bc9-GrpcLogAppender: Wait interrupted by java.lang.InterruptedException
2019-10-01 20:10:14,856 [grpc-default-executor-1] INFO  impl.PendingRequests (PendingRequests.java:sendNotLeaderResponses(202)) - 1eb58d1e-b4ee-4e5c-b6cd-c69dd16abeb7-PendingRequests: sendNotLeaderResponses
2019-10-01 20:10:14,867 [grpc-default-executor-5] INFO  server.GrpcServerProtocolService (GrpcServerProtocolService.java:onCompleted(113)) - c91e227e-7352-4230-bfa6-1f4b5d4bb797: Completed APPEND_ENTRIES, lastRequest: 1eb58d1e-b4ee-4e5c-b6cd-c69dd16abeb7->c91e227e-7352-4230-bfa6-1f4b5d4bb797#29-t2, previous=(t:2, i:2), leaderCommit=0, initializing? false, entries: <empty>
2019-10-01 20:10:14,867 [grpc-default-executor-4] INFO  server.GrpcServerProtocolService (GrpcServerProtocolService.java:onCompleted(113)) - 04729fd9-c1ff-4dca-ad26-4e6679f16bc9: Completed APPEND_ENTRIES, lastRequest: 1eb58d1e-b4ee-4e5c-b6cd-c69dd16abeb7->04729fd9-c1ff-4dca-ad26-4e6679f16bc9#29-t2, previous=(t:2, i:2), leaderCommit=0, initializing? false, entries: <empty>
2019-10-01 20:10:14,869 [grpc-default-executor-4] INFO  server.GrpcLogAppender (GrpcLogAppender.java:onCompleted(293)) - 1eb58d1e-b4ee-4e5c-b6cd-c69dd16abeb7@group-A0F0C5739E3E->c91e227e-7352-4230-bfa6-1f4b5d4bb797-AppendLogResponseHandler: follower responses appendEntries COMPLETED
2019-10-01 20:10:14,869 [grpc-default-executor-5] INFO  server.GrpcLogAppender (GrpcLogAppender.java:onCompleted(293)) - 1eb58d1e-b4ee-4e5c-b6cd-c69dd16abeb7@group-A0F0C5739E3E->04729fd9-c1ff-4dca-ad26-4e6679f16bc9-AppendLogResponseHandler: follower responses appendEntries COMPLETED
2019-10-01 20:10:14,874 [grpc-default-executor-4] INFO  impl.FollowerInfo (FollowerInfo.java:lambda$new$0(51)) - 1eb58d1e-b4ee-4e5c-b6cd-c69dd16abeb7@group-A0F0C5739E3E->c91e227e-7352-4230-bfa6-1f4b5d4bb797: nextIndex: updateUnconditionally 3 -> 2
2019-10-01 20:10:14,876 [grpc-default-executor-1] INFO  impl.StateMachineUpdater (StateMachineUpdater.java:stopAndJoin(125)) - 1eb58d1e-b4ee-4e5c-b6cd-c69dd16abeb7@group-A0F0C5739E3E-StateMachineUpdater: set stopIndex = 0
2019-10-01 20:10:14,874 [grpc-default-executor-5] INFO  impl.FollowerInfo (FollowerInfo.java:lambda$new$0(51)) - 1eb58d1e-b4ee-4e5c-b6cd-c69dd16abeb7@group-A0F0C5739E3E->04729fd9-c1ff-4dca-ad26-4e6679f16bc9: nextIndex: updateUnconditionally 3 -> 2
2019-10-01 20:10:14,876 [grpc-default-executor-1] INFO  impl.RaftServerImpl (ServerState.java:close(385)) - 1eb58d1e-b4ee-4e5c-b6cd-c69dd16abeb7@group-A0F0C5739E3E: closes. applyIndex: 0
2019-10-01 20:10:14,885 [1eb58d1e-b4ee-4e5c-b6cd-c69dd16abeb7@group-A0F0C5739E3E-SegmentedRaftLogWorker] INFO  segmented.SegmentedRaftLogWorker (SegmentedRaftLogWorker.java:run(313)) - 1eb58d1e-b4ee-4e5c-b6cd-c69dd16abeb7@group-A0F0C5739E3E-SegmentedRaftLogWorker was interrupted, exiting. There are 0 tasks remaining in the queue.
2019-10-01 20:10:14,891 [grpc-default-executor-1] INFO  segmented.SegmentedRaftLogWorker (SegmentedRaftLogWorker.java:close(228)) - 1eb58d1e-b4ee-4e5c-b6cd-c69dd16abeb7@group-A0F0C5739E3E-SegmentedRaftLogWorker close()
2019-10-01 20:10:14,905 [grpc-default-executor-1] INFO  impl.RaftServerProxy (RaftServerProxy.java:remove(95)) - 04729fd9-c1ff-4dca-ad26-4e6679f16bc9: remove  FOLLOWER 04729fd9-c1ff-4dca-ad26-4e6679f16bc9@group-A0F0C5739E3E:t2, leader=1eb58d1e-b4ee-4e5c-b6cd-c69dd16abeb7, voted=04729fd9-c1ff-4dca-ad26-4e6679f16bc9, raftlog=04729fd9-c1ff-4dca-ad26-4e6679f16bc9@group-A0F0C5739E3E-SegmentedRaftLog:OPENED:c0,f2,i2, conf=0: [c91e227e-7352-4230-bfa6-1f4b5d4bb797:192.168.151.103:37268, 04729fd9-c1ff-4dca-ad26-4e6679f16bc9:192.168.151.103:39208, 1eb58d1e-b4ee-4e5c-b6cd-c69dd16abeb7:192.168.151.103:39702], old=null RUNNING
2019-10-01 20:10:14,905 [grpc-default-executor-1] INFO  impl.RaftServerImpl (RaftServerImpl.java:lambda$shutdown$3(251)) - 04729fd9-c1ff-4dca-ad26-4e6679f16bc9@group-A0F0C5739E3E: shutdown
2019-10-01 20:10:14,905 [grpc-default-executor-1] INFO  util.JmxRegister (JmxRegister.java:unregister(73)) - Successfully un-registered JMX Bean with object name Ratis:service=RaftServer,group=group-A0F0C5739E3E,id=04729fd9-c1ff-4dca-ad26-4e6679f16bc9
2019-10-01 20:10:14,905 [grpc-default-executor-1] INFO  impl.RoleInfo (RoleInfo.java:shutdownFollowerState(121)) - 04729fd9-c1ff-4dca-ad26-4e6679f16bc9: shutdown FollowerState
2019-10-01 20:10:14,905 [grpc-default-executor-1] INFO  impl.StateMachineUpdater (StateMachineUpdater.java:stopAndJoin(125)) - 04729fd9-c1ff-4dca-ad26-4e6679f16bc9@group-A0F0C5739E3E-StateMachineUpdater: set stopIndex = 0
2019-10-01 20:10:14,905 [Thread-290] INFO  impl.FollowerState (FollowerState.java:run(115)) - 04729fd9-c1ff-4dca-ad26-4e6679f16bc9: FollowerState was interrupted: java.lang.InterruptedException: sleep interrupted
2019-10-01 20:10:14,907 [grpc-default-executor-1] INFO  impl.RaftServerImpl (ServerState.java:close(385)) - 04729fd9-c1ff-4dca-ad26-4e6679f16bc9@group-A0F0C5739E3E: closes. applyIndex: 0
2019-10-01 20:10:14,908 [04729fd9-c1ff-4dca-ad26-4e6679f16bc9@group-A0F0C5739E3E-SegmentedRaftLogWorker] INFO  segmented.SegmentedRaftLogWorker (SegmentedRaftLogWorker.java:run(313)) - 04729fd9-c1ff-4dca-ad26-4e6679f16bc9@group-A0F0C5739E3E-SegmentedRaftLogWorker was interrupted, exiting. There are 0 tasks remaining in the queue.
2019-10-01 20:10:14,910 [grpc-default-executor-1] INFO  segmented.SegmentedRaftLogWorker (SegmentedRaftLogWorker.java:close(228)) - 04729fd9-c1ff-4dca-ad26-4e6679f16bc9@group-A0F0C5739E3E-SegmentedRaftLogWorker close()
2019-10-01 20:10:14,941 [grpc-default-executor-1] INFO  interfaces.Container (KeyValueContainer.java:flushAndSyncDB(386)) - Container 3 is synced with bcsId 0.
2019-10-01 20:10:14,941 [grpc-default-executor-1] INFO  interfaces.Container (KeyValueContainer.java:flushAndSyncDB(386)) - Container 3 is synced with bcsId 0.
2019-10-01 20:10:14,951 [RatisPipelineUtilsThread] INFO  pipeline.PipelineStateManager (PipelineStateManager.java:removePipeline(108)) - Pipeline Pipeline[ Id: 50118f2c-c4bc-4e40-a076-a0f0c5739e3e, Nodes: c91e227e-7352-4230-bfa6-1f4b5d4bb797{ip: 192.168.151.103, host: pr-trunk-878pl-325597374, networkLocation: /default-rack, certSerialId: null}1eb58d1e-b4ee-4e5c-b6cd-c69dd16abeb7{ip: 192.168.151.103, host: pr-trunk-878pl-325597374, networkLocation: /default-rack, certSerialId: null}04729fd9-c1ff-4dca-ad26-4e6679f16bc9{ip: 192.168.151.103, host: pr-trunk-878pl-325597374, networkLocation: /default-rack, certSerialId: null}, Type:RATIS, Factor:THREE, State:CLOSED] removed from db
2019-10-01 20:10:14,965 [grpc-default-executor-5] INFO  impl.RaftServerProxy (RaftServerProxy.java:addNew(89)) - 04729fd9-c1ff-4dca-ad26-4e6679f16bc9: addNew group-6AEBF8440239:[c91e227e-7352-4230-bfa6-1f4b5d4bb797:192.168.151.103:37268, 04729fd9-c1ff-4dca-ad26-4e6679f16bc9:192.168.151.103:39208, 1eb58d1e-b4ee-4e5c-b6cd-c69dd16abeb7:192.168.151.103:39702] returns group-6AEBF8440239:java.util.concurrent.CompletableFuture@9439dd8[Not completed]
2019-10-01 20:10:14,965 [grpc-default-executor-1] INFO  impl.RaftServerProxy (RaftServerProxy.java:addNew(89)) - c91e227e-7352-4230-bfa6-1f4b5d4bb797: addNew group-6AEBF8440239:[c91e227e-7352-4230-bfa6-1f4b5d4bb797:192.168.151.103:37268, 04729fd9-c1ff-4dca-ad26-4e6679f16bc9:192.168.151.103:39208, 1eb58d1e-b4ee-4e5c-b6cd-c69dd16abeb7:192.168.151.103:39702] returns group-6AEBF8440239:java.util.concurrent.CompletableFuture@31dafc14[Not completed]
2019-10-01 20:10:14,968 [grpc-default-executor-4] INFO  impl.RaftServerProxy (RaftServerProxy.java:addNew(89)) - 1eb58d1e-b4ee-4e5c-b6cd-c69dd16abeb7: addNew group-6AEBF8440239:[c91e227e-7352-4230-bfa6-1f4b5d4bb797:192.168.151.103:37268, 04729fd9-c1ff-4dca-ad26-4e6679f16bc9:192.168.151.103:39208, 1eb58d1e-b4ee-4e5c-b6cd-c69dd16abeb7:192.168.151.103:39702] returns group-6AEBF8440239:java.util.concurrent.CompletableFuture@2570b095[Not completed]
2019-10-01 20:10:14,971 [pool-37-thread-1] INFO  impl.RaftServerImpl (RaftServerImpl.java:<init>(95)) - 04729fd9-c1ff-4dca-ad26-4e6679f16bc9: new RaftServerImpl for group-6AEBF8440239:[c91e227e-7352-4230-bfa6-1f4b5d4bb797:192.168.151.103:37268, 04729fd9-c1ff-4dca-ad26-4e6679f16bc9:192.168.151.103:39208, 1eb58d1e-b4ee-4e5c-b6cd-c69dd16abeb7:192.168.151.103:39702] with ContainerStateMachine:uninitialized
2019-10-01 20:10:14,971 [pool-37-thread-1] INFO  server.RaftServerConfigKeys (ConfUtils.java:logGet(43)) - raft.server.rpc.timeout.min = 5s (custom)
2019-10-01 20:10:14,971 [pool-37-thread-1] INFO  server.RaftServerConfigKeys (ConfUtils.java:logGet(43)) - raft.server.rpc.timeout.max = 5200ms (custom)
2019-10-01 20:10:14,971 [pool-37-thread-1] INFO  server.RaftServerConfigKeys (ConfUtils.java:logGet(43)) - raft.server.rpcslowness.timeout = 120s (custom)
2019-10-01 20:10:14,971 [pool-37-thread-1] INFO  server.RaftServerConfigKeys (ConfUtils.java:logGet(43)) - raft.server.sleep.deviation.threshold = 300 (default)
2019-10-01 20:10:14,971 [pool-37-thread-1] INFO  server.RaftServerConfigKeys (ConfUtils.java:logGet(43)) - raft.server.log.appender.install.snapshot.enabled = false (custom)
2019-10-01 20:10:14,971 [pool-37-thread-1] INFO  impl.RaftServerImpl (ServerState.java:<init>(103)) - 04729fd9-c1ff-4dca-ad26-4e6679f16bc9@group-6AEBF8440239: ConfigurationManager, init=-1: [c91e227e-7352-4230-bfa6-1f4b5d4bb797:192.168.151.103:37268, 04729fd9-c1ff-4dca-ad26-4e6679f16bc9:192.168.151.103:39208, 1eb58d1e-b4ee-4e5c-b6cd-c69dd16abeb7:192.168.151.103:39702], old=null, confs=<EMPTY_MAP>
2019-10-01 20:10:14,972 [pool-37-thread-1] INFO  server.RaftServerConfigKeys (ConfUtils.java:logGet(43)) - raft.server.storage.dir = [/workdir/hadoop-ozone/ozonefs/target/test-dir/MiniOzoneClusterImpl-e98f5f70-891c-46e9-bc29-8096c13504df/datanode-1/data/ratis] (custom)
2019-10-01 20:10:14,972 [pool-37-thread-1] INFO  storage.RaftStorageDirectory (RaftStorageDirectory.java:analyzeStorage(246)) - The storage directory /workdir/hadoop-ozone/ozonefs/target/test-dir/MiniOzoneClusterImpl-e98f5f70-891c-46e9-bc29-8096c13504df/datanode-1/data/ratis/c16e67fe-9e19-4ead-b678-6aebf8440239 does not exist. Creating ...
2019-10-01 20:10:14,976 [pool-37-thread-1] INFO  storage.RaftStorageDirectory (RaftStorageDirectory.java:tryLock(328)) - Lock on /workdir/hadoop-ozone/ozonefs/target/test-dir/MiniOzoneClusterImpl-e98f5f70-891c-46e9-bc29-8096c13504df/datanode-1/data/ratis/c16e67fe-9e19-4ead-b678-6aebf8440239/in_use.lock acquired by nodename 27094@pr-trunk-878pl-325597374
2019-10-01 20:10:14,979 [pool-37-thread-1] INFO  storage.RaftStorage (RaftStorage.java:format(72)) - Storage directory /workdir/hadoop-ozone/ozonefs/target/test-dir/MiniOzoneClusterImpl-e98f5f70-891c-46e9-bc29-8096c13504df/datanode-1/data/ratis/c16e67fe-9e19-4ead-b678-6aebf8440239 has been successfully formatted.
2019-10-01 20:10:14,979 [pool-37-thread-1] INFO  ratis.ContainerStateMachine (ContainerStateMachine.java:loadSnapshot(231)) - group-6AEBF8440239: The snapshot info is null. Setting the last applied indexto:(t:0, i:~)
2019-10-01 20:10:14,979 [pool-37-thread-1] INFO  server.RaftServerConfigKeys (ConfUtils.java:logGet(43)) - raft.server.notification.no-leader.timeout = 120s (custom)
2019-10-01 20:10:14,980 [pool-37-thread-1] INFO  server.RaftServerConfigKeys (ConfUtils.java:logGet(43)) - raft.server.log.use.memory = false (default)
2019-10-01 20:10:14,980 [pool-37-thread-1] INFO  server.RaftServerConfigKeys (ConfUtils.java:logGet(43)) - raft.server.log.purge.gap = 1000000 (custom)
2019-10-01 20:10:14,980 [pool-37-thread-1] INFO  server.RaftServerConfigKeys (ConfUtils.java:logGet(43)) - raft.server.log.appender.buffer.byte-limit = 33554432 (custom)
2019-10-01 20:10:14,980 [pool-37-thread-1] INFO  server.RaftServerConfigKeys (ConfUtils.java:logGet(43)) - raft.server.log.segment.size.max = 1048576 (custom)
2019-10-01 20:10:14,980 [pool-37-thread-1] INFO  server.RaftServerConfigKeys (ConfUtils.java:logGet(43)) - raft.server.log.segment.cache.num.max = 2 (custom)
2019-10-01 20:10:14,980 [pool-37-thread-1] INFO  segmented.SegmentedRaftLogWorker (SegmentedRaftLogWorker.java:<init>(172)) - new 04729fd9-c1ff-4dca-ad26-4e6679f16bc9@group-6AEBF8440239-SegmentedRaftLogWorker for RaftStorage:Storage Directory /workdir/hadoop-ozone/ozonefs/target/test-dir/MiniOzoneClusterImpl-e98f5f70-891c-46e9-bc29-8096c13504df/datanode-1/data/ratis/c16e67fe-9e19-4ead-b678-6aebf8440239
2019-10-01 20:10:14,981 [pool-37-thread-1] INFO  server.RaftServerConfigKeys (ConfUtils.java:logGet(43)) - raft.server.log.queue.byte-limit = 2147483647 (custom)
2019-10-01 20:10:14,981 [pool-37-thread-1] INFO  server.RaftServerConfigKeys (ConfUtils.java:logGet(43)) - raft.server.log.queue.element-limit = 1024 (custom)
2019-10-01 20:10:14,981 [pool-37-thread-1] INFO  server.RaftServerConfigKeys (ConfUtils.java:logGet(43)) - raft.server.log.segment.size.max = 1048576 (custom)
2019-10-01 20:10:14,981 [pool-37-thread-1] INFO  server.RaftServerConfigKeys (ConfUtils.java:logGet(43)) - raft.server.log.preallocated.size = 16384 (custom)
2019-10-01 20:10:14,981 [pool-37-thread-1] INFO  server.RaftServerConfigKeys (ConfUtils.java:logGet(43)) - raft.server.log.write.buffer.size = 33554432 (custom)
2019-10-01 20:10:14,981 [pool-37-thread-1] INFO  server.RaftServerConfigKeys (ConfUtils.java:logGet(43)) - raft.server.log.force.sync.num = 128 (default)
2019-10-01 20:10:14,981 [pool-37-thread-1] INFO  server.RaftServerConfigKeys (ConfUtils.java:logGet(43)) - raft.server.log.statemachine.data.sync = true (default)
2019-10-01 20:10:14,981 [pool-37-thread-1] INFO  server.RaftServerConfigKeys (ConfUtils.java:logGet(43)) - raft.server.log.statemachine.data.sync.timeout = 10s (default)
2019-10-01 20:10:14,982 [pool-37-thread-1] INFO  server.RaftServerConfigKeys (ConfUtils.java:logGet(43)) - raft.server.log.statemachine.data.sync.timeout.retry = -1 (default)
2019-10-01 20:10:14,984 [pool-37-thread-1] INFO  server.RaftServerConfigKeys (ConfUtils.java:logGet(43)) - raft.server.log.statemachine.data.caching.enabled = true (custom)
2019-10-01 20:10:14,984 [pool-37-thread-1] INFO  segmented.SegmentedRaftLogWorker (SegmentedRaftLogWorker.java:lambda$new$0(132)) - 04729fd9-c1ff-4dca-ad26-4e6679f16bc9@group-6AEBF8440239-SegmentedRaftLogWorker: flushIndex: setUnconditionally 0 -> -1
2019-10-01 20:10:14,984 [pool-37-thread-1] INFO  server.RaftServerConfigKeys (ConfUtils.java:logGet(43)) - raft.server.snapshot.auto.trigger.enabled = true (custom)
2019-10-01 20:10:14,984 [pool-37-thread-1] INFO  server.RaftServerConfigKeys (ConfUtils.java:logGet(43)) - raft.server.snapshot.auto.trigger.threshold = 10000 (custom)
2019-10-01 20:10:14,984 [pool-37-thread-1] INFO  server.RaftServerConfigKeys (ConfUtils.java:logGet(43)) - raft.server.snapshot.retention.num.files = 5 (custom)
2019-10-01 20:10:14,984 [pool-37-thread-1] INFO  server.RaftServerConfigKeys (ConfUtils.java:logGet(43)) - raft.server.retrycache.expirytime = 600000ms (custom)
2019-10-01 20:10:15,034 [pool-27-thread-1] INFO  impl.RaftServerImpl (RaftServerImpl.java:<init>(95)) - 1eb58d1e-b4ee-4e5c-b6cd-c69dd16abeb7: new RaftServerImpl for group-6AEBF8440239:[c91e227e-7352-4230-bfa6-1f4b5d4bb797:192.168.151.103:37268, 04729fd9-c1ff-4dca-ad26-4e6679f16bc9:192.168.151.103:39208, 1eb58d1e-b4ee-4e5c-b6cd-c69dd16abeb7:192.168.151.103:39702] with ContainerStateMachine:uninitialized
2019-10-01 20:10:15,035 [pool-27-thread-1] INFO  server.RaftServerConfigKeys (ConfUtils.java:logGet(43)) - raft.server.rpc.timeout.min = 5s (custom)
2019-10-01 20:10:15,035 [pool-27-thread-1] INFO  server.RaftServerConfigKeys (ConfUtils.java:logGet(43)) - raft.server.rpc.timeout.max = 5200ms (custom)
2019-10-01 20:10:15,035 [pool-27-thread-1] INFO  server.RaftServerConfigKeys (ConfUtils.java:logGet(43)) - raft.server.rpcslowness.timeout = 120s (custom)
2019-10-01 20:10:15,035 [pool-57-thread-1] INFO  impl.RaftServerImpl (RaftServerImpl.java:<init>(95)) - c91e227e-7352-4230-bfa6-1f4b5d4bb797: new RaftServerImpl for group-6AEBF8440239:[c91e227e-7352-4230-bfa6-1f4b5d4bb797:192.168.151.103:37268, 04729fd9-c1ff-4dca-ad26-4e6679f16bc9:192.168.151.103:39208, 1eb58d1e-b4ee-4e5c-b6cd-c69dd16abeb7:192.168.151.103:39702] with ContainerStateMachine:uninitialized
2019-10-01 20:10:15,035 [pool-27-thread-1] INFO  server.RaftServerConfigKeys (ConfUtils.java:logGet(43)) - raft.server.sleep.deviation.threshold = 300 (default)
2019-10-01 20:10:15,036 [pool-57-thread-1] INFO  server.RaftServerConfigKeys (ConfUtils.java:logGet(43)) - raft.server.rpc.timeout.min = 5s (custom)
2019-10-01 20:10:15,036 [pool-27-thread-1] INFO  server.RaftServerConfigKeys (ConfUtils.java:logGet(43)) - raft.server.log.appender.install.snapshot.enabled = false (custom)
2019-10-01 20:10:15,036 [pool-57-thread-1] INFO  server.RaftServerConfigKeys (ConfUtils.java:logGet(43)) - raft.server.rpc.timeout.max = 5200ms (custom)
2019-10-01 20:10:15,036 [pool-27-thread-1] INFO  impl.RaftServerImpl (ServerState.java:<init>(103)) - 1eb58d1e-b4ee-4e5c-b6cd-c69dd16abeb7@group-6AEBF8440239: ConfigurationManager, init=-1: [c91e227e-7352-4230-bfa6-1f4b5d4bb797:192.168.151.103:37268, 04729fd9-c1ff-4dca-ad26-4e6679f16bc9:192.168.151.103:39208, 1eb58d1e-b4ee-4e5c-b6cd-c69dd16abeb7:192.168.151.103:39702], old=null, confs=<EMPTY_MAP>
2019-10-01 20:10:15,037 [pool-57-thread-1] INFO  server.RaftServerConfigKeys (ConfUtils.java:logGet(43)) - raft.server.rpcslowness.timeout = 120s (custom)
2019-10-01 20:10:15,037 [pool-27-thread-1] INFO  server.RaftServerConfigKeys (ConfUtils.java:logGet(43)) - raft.server.storage.dir = [/workdir/hadoop-ozone/ozonefs/target/test-dir/MiniOzoneClusterImpl-e98f5f70-891c-46e9-bc29-8096c13504df/datanode-0/data/ratis] (custom)
2019-10-01 20:10:15,037 [pool-57-thread-1] INFO  server.RaftServerConfigKeys (ConfUtils.java:logGet(43)) - raft.server.sleep.deviation.threshold = 300 (default)
2019-10-01 20:10:15,037 [pool-57-thread-1] INFO  server.RaftServerConfigKeys (ConfUtils.java:logGet(43)) - raft.server.log.appender.install.snapshot.enabled = false (custom)
2019-10-01 20:10:15,037 [pool-57-thread-1] INFO  impl.RaftServerImpl (ServerState.java:<init>(103)) - c91e227e-7352-4230-bfa6-1f4b5d4bb797@group-6AEBF8440239: ConfigurationManager, init=-1: [c91e227e-7352-4230-bfa6-1f4b5d4bb797:192.168.151.103:37268, 04729fd9-c1ff-4dca-ad26-4e6679f16bc9:192.168.151.103:39208, 1eb58d1e-b4ee-4e5c-b6cd-c69dd16abeb7:192.168.151.103:39702], old=null, confs=<EMPTY_MAP>
2019-10-01 20:10:15,037 [pool-27-thread-1] INFO  storage.RaftStorageDirectory (RaftStorageDirectory.java:analyzeStorage(246)) - The storage directory /workdir/hadoop-ozone/ozonefs/target/test-dir/MiniOzoneClusterImpl-e98f5f70-891c-46e9-bc29-8096c13504df/datanode-0/data/ratis/c16e67fe-9e19-4ead-b678-6aebf8440239 does not exist. Creating ...
2019-10-01 20:10:15,038 [pool-57-thread-1] INFO  server.RaftServerConfigKeys (ConfUtils.java:logGet(43)) - raft.server.storage.dir = [/workdir/hadoop-ozone/ozonefs/target/test-dir/MiniOzoneClusterImpl-e98f5f70-891c-46e9-bc29-8096c13504df/datanode-3/data/ratis] (custom)
2019-10-01 20:10:15,038 [pool-37-thread-1] INFO  impl.RaftServerImpl (RaftServerImpl.java:start(185)) - 04729fd9-c1ff-4dca-ad26-4e6679f16bc9@group-6AEBF8440239: start as a follower, conf=-1: [c91e227e-7352-4230-bfa6-1f4b5d4bb797:192.168.151.103:37268, 04729fd9-c1ff-4dca-ad26-4e6679f16bc9:192.168.151.103:39208, 1eb58d1e-b4ee-4e5c-b6cd-c69dd16abeb7:192.168.151.103:39702], old=null
2019-10-01 20:10:15,038 [pool-37-thread-1] INFO  impl.RaftServerImpl (RaftServerImpl.java:setRole(174)) - 04729fd9-c1ff-4dca-ad26-4e6679f16bc9@group-6AEBF8440239: changes role from      null to FOLLOWER at term 0 for startAsFollower
2019-10-01 20:10:15,038 [pool-57-thread-1] INFO  storage.RaftStorageDirectory (RaftStorageDirectory.java:analyzeStorage(246)) - The storage directory /workdir/hadoop-ozone/ozonefs/target/test-dir/MiniOzoneClusterImpl-e98f5f70-891c-46e9-bc29-8096c13504df/datanode-3/data/ratis/c16e67fe-9e19-4ead-b678-6aebf8440239 does not exist. Creating ...
2019-10-01 20:10:15,038 [pool-37-thread-1] INFO  impl.RoleInfo (RoleInfo.java:updateAndGet(143)) - 04729fd9-c1ff-4dca-ad26-4e6679f16bc9: start FollowerState
2019-10-01 20:10:15,039 [pool-37-thread-1] INFO  util.JmxRegister (JmxRegister.java:tryRegister(44)) - Successfully registered JMX Bean with object name Ratis:service=RaftServer,group=group-6AEBF8440239,id=04729fd9-c1ff-4dca-ad26-4e6679f16bc9
2019-10-01 20:10:15,052 [pool-27-thread-1] INFO  storage.RaftStorageDirectory (RaftStorageDirectory.java:tryLock(328)) - Lock on /workdir/hadoop-ozone/ozonefs/target/test-dir/MiniOzoneClusterImpl-e98f5f70-891c-46e9-bc29-8096c13504df/datanode-0/data/ratis/c16e67fe-9e19-4ead-b678-6aebf8440239/in_use.lock acquired by nodename 27094@pr-trunk-878pl-325597374
2019-10-01 20:10:15,052 [pool-57-thread-1] INFO  storage.RaftStorageDirectory (RaftStorageDirectory.java:tryLock(328)) - Lock on /workdir/hadoop-ozone/ozonefs/target/test-dir/MiniOzoneClusterImpl-e98f5f70-891c-46e9-bc29-8096c13504df/datanode-3/data/ratis/c16e67fe-9e19-4ead-b678-6aebf8440239/in_use.lock acquired by nodename 27094@pr-trunk-878pl-325597374
2019-10-01 20:10:15,057 [pool-57-thread-1] INFO  storage.RaftStorage (RaftStorage.java:format(72)) - Storage directory /workdir/hadoop-ozone/ozonefs/target/test-dir/MiniOzoneClusterImpl-e98f5f70-891c-46e9-bc29-8096c13504df/datanode-3/data/ratis/c16e67fe-9e19-4ead-b678-6aebf8440239 has been successfully formatted.
2019-10-01 20:10:15,057 [pool-27-thread-1] INFO  storage.RaftStorage (RaftStorage.java:format(72)) - Storage directory /workdir/hadoop-ozone/ozonefs/target/test-dir/MiniOzoneClusterImpl-e98f5f70-891c-46e9-bc29-8096c13504df/datanode-0/data/ratis/c16e67fe-9e19-4ead-b678-6aebf8440239 has been successfully formatted.
2019-10-01 20:10:15,057 [pool-57-thread-1] INFO  ratis.ContainerStateMachine (ContainerStateMachine.java:loadSnapshot(231)) - group-6AEBF8440239: The snapshot info is null. Setting the last applied indexto:(t:0, i:~)
2019-10-01 20:10:15,057 [pool-27-thread-1] INFO  ratis.ContainerStateMachine (ContainerStateMachine.java:loadSnapshot(231)) - group-6AEBF8440239: The snapshot info is null. Setting the last applied indexto:(t:0, i:~)
2019-10-01 20:10:15,057 [pool-57-thread-1] INFO  server.RaftServerConfigKeys (ConfUtils.java:logGet(43)) - raft.server.notification.no-leader.timeout = 120s (custom)
2019-10-01 20:10:15,057 [pool-27-thread-1] INFO  server.RaftServerConfigKeys (ConfUtils.java:logGet(43)) - raft.server.notification.no-leader.timeout = 120s (custom)
2019-10-01 20:10:15,058 [pool-57-thread-1] INFO  server.RaftServerConfigKeys (ConfUtils.java:logGet(43)) - raft.server.log.use.memory = false (default)
2019-10-01 20:10:15,058 [pool-27-thread-1] INFO  server.RaftServerConfigKeys (ConfUtils.java:logGet(43)) - raft.server.log.use.memory = false (default)
2019-10-01 20:10:15,058 [pool-57-thread-1] INFO  server.RaftServerConfigKeys (ConfUtils.java:logGet(43)) - raft.server.log.purge.gap = 1000000 (custom)
2019-10-01 20:10:15,058 [pool-27-thread-1] INFO  server.RaftServerConfigKeys (ConfUtils.java:logGet(43)) - raft.server.log.purge.gap = 1000000 (custom)
2019-10-01 20:10:15,058 [pool-57-thread-1] INFO  server.RaftServerConfigKeys (ConfUtils.java:logGet(43)) - raft.server.log.appender.buffer.byte-limit = 33554432 (custom)
2019-10-01 20:10:15,058 [pool-27-thread-1] INFO  server.RaftServerConfigKeys (ConfUtils.java:logGet(43)) - raft.server.log.appender.buffer.byte-limit = 33554432 (custom)
2019-10-01 20:10:15,058 [pool-57-thread-1] INFO  server.RaftServerConfigKeys (ConfUtils.java:logGet(43)) - raft.server.log.segment.size.max = 1048576 (custom)
2019-10-01 20:10:15,058 [pool-27-thread-1] INFO  server.RaftServerConfigKeys (ConfUtils.java:logGet(43)) - raft.server.log.segment.size.max = 1048576 (custom)
2019-10-01 20:10:15,059 [pool-57-thread-1] INFO  server.RaftServerConfigKeys (ConfUtils.java:logGet(43)) - raft.server.log.segment.cache.num.max = 2 (custom)
2019-10-01 20:10:15,059 [pool-27-thread-1] INFO  server.RaftServerConfigKeys (ConfUtils.java:logGet(43)) - raft.server.log.segment.cache.num.max = 2 (custom)
2019-10-01 20:10:15,059 [pool-57-thread-1] INFO  segmented.SegmentedRaftLogWorker (SegmentedRaftLogWorker.java:<init>(172)) - new c91e227e-7352-4230-bfa6-1f4b5d4bb797@group-6AEBF8440239-SegmentedRaftLogWorker for RaftStorage:Storage Directory /workdir/hadoop-ozone/ozonefs/target/test-dir/MiniOzoneClusterImpl-e98f5f70-891c-46e9-bc29-8096c13504df/datanode-3/data/ratis/c16e67fe-9e19-4ead-b678-6aebf8440239
2019-10-01 20:10:15,059 [pool-27-thread-1] INFO  segmented.SegmentedRaftLogWorker (SegmentedRaftLogWorker.java:<init>(172)) - new 1eb58d1e-b4ee-4e5c-b6cd-c69dd16abeb7@group-6AEBF8440239-SegmentedRaftLogWorker for RaftStorage:Storage Directory /workdir/hadoop-ozone/ozonefs/target/test-dir/MiniOzoneClusterImpl-e98f5f70-891c-46e9-bc29-8096c13504df/datanode-0/data/ratis/c16e67fe-9e19-4ead-b678-6aebf8440239
2019-10-01 20:10:15,059 [pool-57-thread-1] INFO  server.RaftServerConfigKeys (ConfUtils.java:logGet(43)) - raft.server.log.queue.byte-limit = 2147483647 (custom)
2019-10-01 20:10:15,059 [pool-27-thread-1] INFO  server.RaftServerConfigKeys (ConfUtils.java:logGet(43)) - raft.server.log.queue.byte-limit = 2147483647 (custom)
2019-10-01 20:10:15,059 [pool-57-thread-1] INFO  server.RaftServerConfigKeys (ConfUtils.java:logGet(43)) - raft.server.log.queue.element-limit = 1024 (custom)
2019-10-01 20:10:15,059 [pool-27-thread-1] INFO  server.RaftServerConfigKeys (ConfUtils.java:logGet(43)) - raft.server.log.queue.element-limit = 1024 (custom)
2019-10-01 20:10:15,060 [pool-57-thread-1] INFO  server.RaftServerConfigKeys (ConfUtils.java:logGet(43)) - raft.server.log.segment.size.max = 1048576 (custom)
2019-10-01 20:10:15,060 [pool-27-thread-1] INFO  server.RaftServerConfigKeys (ConfUtils.java:logGet(43)) - raft.server.log.segment.size.max = 1048576 (custom)
2019-10-01 20:10:15,060 [pool-57-thread-1] INFO  server.RaftServerConfigKeys (ConfUtils.java:logGet(43)) - raft.server.log.preallocated.size = 16384 (custom)
2019-10-01 20:10:15,060 [pool-27-thread-1] INFO  server.RaftServerConfigKeys (ConfUtils.java:logGet(43)) - raft.server.log.preallocated.size = 16384 (custom)
2019-10-01 20:10:15,060 [pool-57-thread-1] INFO  server.RaftServerConfigKeys (ConfUtils.java:logGet(43)) - raft.server.log.write.buffer.size = 33554432 (custom)
2019-10-01 20:10:15,060 [pool-27-thread-1] INFO  server.RaftServerConfigKeys (ConfUtils.java:logGet(43)) - raft.server.log.write.buffer.size = 33554432 (custom)
2019-10-01 20:10:15,060 [pool-57-thread-1] INFO  server.RaftServerConfigKeys (ConfUtils.java:logGet(43)) - raft.server.log.force.sync.num = 128 (default)
2019-10-01 20:10:15,061 [pool-27-thread-1] INFO  server.RaftServerConfigKeys (ConfUtils.java:logGet(43)) - raft.server.log.force.sync.num = 128 (default)
2019-10-01 20:10:15,061 [pool-57-thread-1] INFO  server.RaftServerConfigKeys (ConfUtils.java:logGet(43)) - raft.server.log.statemachine.data.sync = true (default)
2019-10-01 20:10:15,061 [pool-27-thread-1] INFO  server.RaftServerConfigKeys (ConfUtils.java:logGet(43)) - raft.server.log.statemachine.data.sync = true (default)
2019-10-01 20:10:15,061 [pool-57-thread-1] INFO  server.RaftServerConfigKeys (ConfUtils.java:logGet(43)) - raft.server.log.statemachine.data.sync.timeout = 10s (default)
2019-10-01 20:10:15,061 [pool-27-thread-1] INFO  server.RaftServerConfigKeys (ConfUtils.java:logGet(43)) - raft.server.log.statemachine.data.sync.timeout = 10s (default)
2019-10-01 20:10:15,061 [pool-57-thread-1] INFO  server.RaftServerConfigKeys (ConfUtils.java:logGet(43)) - raft.server.log.statemachine.data.sync.timeout.retry = -1 (default)
2019-10-01 20:10:15,061 [pool-27-thread-1] INFO  server.RaftServerConfigKeys (ConfUtils.java:logGet(43)) - raft.server.log.statemachine.data.sync.timeout.retry = -1 (default)
2019-10-01 20:10:15,062 [pool-57-thread-1] INFO  server.RaftServerConfigKeys (ConfUtils.java:logGet(43)) - raft.server.log.statemachine.data.caching.enabled = true (custom)
2019-10-01 20:10:15,062 [pool-27-thread-1] INFO  server.RaftServerConfigKeys (ConfUtils.java:logGet(43)) - raft.server.log.statemachine.data.caching.enabled = true (custom)
2019-10-01 20:10:15,062 [pool-57-thread-1] INFO  segmented.SegmentedRaftLogWorker (SegmentedRaftLogWorker.java:lambda$new$0(132)) - c91e227e-7352-4230-bfa6-1f4b5d4bb797@group-6AEBF8440239-SegmentedRaftLogWorker: flushIndex: setUnconditionally 0 -> -1
2019-10-01 20:10:15,062 [pool-27-thread-1] INFO  segmented.SegmentedRaftLogWorker (SegmentedRaftLogWorker.java:lambda$new$0(132)) - 1eb58d1e-b4ee-4e5c-b6cd-c69dd16abeb7@group-6AEBF8440239-SegmentedRaftLogWorker: flushIndex: setUnconditionally 0 -> -1
2019-10-01 20:10:15,062 [pool-57-thread-1] INFO  server.RaftServerConfigKeys (ConfUtils.java:logGet(43)) - raft.server.snapshot.auto.trigger.enabled = true (custom)
2019-10-01 20:10:15,063 [pool-57-thread-1] INFO  server.RaftServerConfigKeys (ConfUtils.java:logGet(43)) - raft.server.snapshot.auto.trigger.threshold = 10000 (custom)
2019-10-01 20:10:15,063 [pool-27-thread-1] INFO  server.RaftServerConfigKeys (ConfUtils.java:logGet(43)) - raft.server.snapshot.auto.trigger.enabled = true (custom)
2019-10-01 20:10:15,063 [pool-57-thread-1] INFO  server.RaftServerConfigKeys (ConfUtils.java:logGet(43)) - raft.server.snapshot.retention.num.files = 5 (custom)
2019-10-01 20:10:15,063 [pool-27-thread-1] INFO  server.RaftServerConfigKeys (ConfUtils.java:logGet(43)) - raft.server.snapshot.auto.trigger.threshold = 10000 (custom)
2019-10-01 20:10:15,063 [pool-57-thread-1] INFO  server.RaftServerConfigKeys (ConfUtils.java:logGet(43)) - raft.server.retrycache.expirytime = 600000ms (custom)
2019-10-01 20:10:15,063 [pool-27-thread-1] INFO  server.RaftServerConfigKeys (ConfUtils.java:logGet(43)) - raft.server.snapshot.retention.num.files = 5 (custom)
2019-10-01 20:10:15,063 [pool-27-thread-1] INFO  server.RaftServerConfigKeys (ConfUtils.java:logGet(43)) - raft.server.retrycache.expirytime = 600000ms (custom)
2019-10-01 20:10:15,066 [pool-57-thread-1] INFO  impl.RaftServerImpl (RaftServerImpl.java:start(185)) - c91e227e-7352-4230-bfa6-1f4b5d4bb797@group-6AEBF8440239: start as a follower, conf=-1: [c91e227e-7352-4230-bfa6-1f4b5d4bb797:192.168.151.103:37268, 04729fd9-c1ff-4dca-ad26-4e6679f16bc9:192.168.151.103:39208, 1eb58d1e-b4ee-4e5c-b6cd-c69dd16abeb7:192.168.151.103:39702], old=null
2019-10-01 20:10:15,066 [pool-57-thread-1] INFO  impl.RaftServerImpl (RaftServerImpl.java:setRole(174)) - c91e227e-7352-4230-bfa6-1f4b5d4bb797@group-6AEBF8440239: changes role from      null to FOLLOWER at term 0 for startAsFollower
2019-10-01 20:10:15,066 [pool-57-thread-1] INFO  impl.RoleInfo (RoleInfo.java:updateAndGet(143)) - c91e227e-7352-4230-bfa6-1f4b5d4bb797: start FollowerState
2019-10-01 20:10:15,066 [pool-57-thread-1] INFO  util.JmxRegister (JmxRegister.java:tryRegister(44)) - Successfully registered JMX Bean with object name Ratis:service=RaftServer,group=group-6AEBF8440239,id=c91e227e-7352-4230-bfa6-1f4b5d4bb797
2019-10-01 20:10:15,066 [pool-27-thread-1] INFO  impl.RaftServerImpl (RaftServerImpl.java:start(185)) - 1eb58d1e-b4ee-4e5c-b6cd-c69dd16abeb7@group-6AEBF8440239: start as a follower, conf=-1: [c91e227e-7352-4230-bfa6-1f4b5d4bb797:192.168.151.103:37268, 04729fd9-c1ff-4dca-ad26-4e6679f16bc9:192.168.151.103:39208, 1eb58d1e-b4ee-4e5c-b6cd-c69dd16abeb7:192.168.151.103:39702], old=null
2019-10-01 20:10:15,067 [pool-27-thread-1] INFO  impl.RaftServerImpl (RaftServerImpl.java:setRole(174)) - 1eb58d1e-b4ee-4e5c-b6cd-c69dd16abeb7@group-6AEBF8440239: changes role from      null to FOLLOWER at term 0 for startAsFollower
2019-10-01 20:10:15,067 [pool-27-thread-1] INFO  impl.RoleInfo (RoleInfo.java:updateAndGet(143)) - 1eb58d1e-b4ee-4e5c-b6cd-c69dd16abeb7: start FollowerState
2019-10-01 20:10:15,069 [pool-27-thread-1] INFO  util.JmxRegister (JmxRegister.java:tryRegister(44)) - Successfully registered JMX Bean with object name Ratis:service=RaftServer,group=group-6AEBF8440239,id=1eb58d1e-b4ee-4e5c-b6cd-c69dd16abeb7
2019-10-01 20:10:15,072 [RatisPipelineUtilsThread] INFO  pipeline.PipelineStateManager (PipelineStateManager.java:addPipeline(56)) - Created pipeline Pipeline[ Id: c16e67fe-9e19-4ead-b678-6aebf8440239, Nodes: c91e227e-7352-4230-bfa6-1f4b5d4bb797{ip: 192.168.151.103, host: pr-trunk-878pl-325597374, networkLocation: /default-rack, certSerialId: null}1eb58d1e-b4ee-4e5c-b6cd-c69dd16abeb7{ip: 192.168.151.103, host: pr-trunk-878pl-325597374, networkLocation: /default-rack, certSerialId: null}04729fd9-c1ff-4dca-ad26-4e6679f16bc9{ip: 192.168.151.103, host: pr-trunk-878pl-325597374, networkLocation: /default-rack, certSerialId: null}, Type:RATIS, Factor:THREE, State:OPEN]
2019-10-01 20:10:15,923 [Thread-244] WARN  io.KeyOutputStream (KeyOutputStream.java:handleException(274)) - Encountered exception java.io.IOException: Unexpected Storage Container Exception: java.util.concurrent.CompletionException: java.util.concurrent.CompletionException: org.apache.ratis.protocol.GroupMismatchException: 1eb58d1e-b4ee-4e5c-b6cd-c69dd16abeb7: group-A0F0C5739E3E not found. on the pipeline Pipeline[ Id: 50118f2c-c4bc-4e40-a076-a0f0c5739e3e, Nodes: c91e227e-7352-4230-bfa6-1f4b5d4bb797{ip: 192.168.151.103, host: pr-trunk-878pl-325597374, networkLocation: /default-rack, certSerialId: null}1eb58d1e-b4ee-4e5c-b6cd-c69dd16abeb7{ip: 192.168.151.103, host: pr-trunk-878pl-325597374, networkLocation: /default-rack, certSerialId: null}04729fd9-c1ff-4dca-ad26-4e6679f16bc9{ip: 192.168.151.103, host: pr-trunk-878pl-325597374, networkLocation: /default-rack, certSerialId: null}, Type:RATIS, Factor:THREE, State:OPEN]. The last committed block length is 0, uncommitted data length is 1024 retry count 0
2019-10-01 20:10:20,074 [Thread-414] INFO  impl.FollowerState (FollowerState.java:run(106)) - 04729fd9-c1ff-4dca-ad26-4e6679f16bc9:group-6AEBF8440239 changes to CANDIDATE, lastRpcTime:5035, electionTimeout:5035ms
2019-10-01 20:10:20,075 [Thread-414] INFO  impl.RoleInfo (RoleInfo.java:shutdownFollowerState(121)) - 04729fd9-c1ff-4dca-ad26-4e6679f16bc9: shutdown FollowerState
2019-10-01 20:10:20,075 [Thread-414] INFO  impl.RaftServerImpl (RaftServerImpl.java:setRole(174)) - 04729fd9-c1ff-4dca-ad26-4e6679f16bc9@group-6AEBF8440239: changes role from  FOLLOWER to CANDIDATE at term 0 for changeToCandidate
2019-10-01 20:10:20,075 [Thread-414] INFO  impl.RoleInfo (RoleInfo.java:updateAndGet(143)) - 04729fd9-c1ff-4dca-ad26-4e6679f16bc9: start LeaderElection
2019-10-01 20:10:20,092 [04729fd9-c1ff-4dca-ad26-4e6679f16bc9@group-6AEBF8440239:LeaderElection11] INFO  impl.LeaderElection (LeaderElection.java:askForVotes(182)) - 04729fd9-c1ff-4dca-ad26-4e6679f16bc9@group-6AEBF8440239:LeaderElection11: begin an election at term 1 for -1: [c91e227e-7352-4230-bfa6-1f4b5d4bb797:192.168.151.103:37268, 04729fd9-c1ff-4dca-ad26-4e6679f16bc9:192.168.151.103:39208, 1eb58d1e-b4ee-4e5c-b6cd-c69dd16abeb7:192.168.151.103:39702], old=null
2019-10-01 20:10:20,098 [grpc-default-executor-4] INFO  impl.RaftServerImpl (RaftServerImpl.java:setRole(174)) - c91e227e-7352-4230-bfa6-1f4b5d4bb797@group-6AEBF8440239: changes role from  FOLLOWER to FOLLOWER at term 1 for recognizeCandidate:04729fd9-c1ff-4dca-ad26-4e6679f16bc9
2019-10-01 20:10:20,099 [grpc-default-executor-4] INFO  impl.RoleInfo (RoleInfo.java:shutdownFollowerState(121)) - c91e227e-7352-4230-bfa6-1f4b5d4bb797: shutdown FollowerState
2019-10-01 20:10:20,099 [Thread-418] INFO  impl.FollowerState (FollowerState.java:run(115)) - c91e227e-7352-4230-bfa6-1f4b5d4bb797: FollowerState was interrupted: java.lang.InterruptedException: sleep interrupted
2019-10-01 20:10:20,099 [grpc-default-executor-4] INFO  impl.RoleInfo (RoleInfo.java:updateAndGet(143)) - c91e227e-7352-4230-bfa6-1f4b5d4bb797: start FollowerState
2019-10-01 20:10:20,099 [grpc-default-executor-1] INFO  impl.RaftServerImpl (RaftServerImpl.java:setRole(174)) - 1eb58d1e-b4ee-4e5c-b6cd-c69dd16abeb7@group-6AEBF8440239: changes role from  FOLLOWER to FOLLOWER at term 1 for recognizeCandidate:04729fd9-c1ff-4dca-ad26-4e6679f16bc9
2019-10-01 20:10:20,101 [grpc-default-executor-1] INFO  impl.RoleInfo (RoleInfo.java:shutdownFollowerState(121)) - 1eb58d1e-b4ee-4e5c-b6cd-c69dd16abeb7: shutdown FollowerState
2019-10-01 20:10:20,101 [grpc-default-executor-1] INFO  impl.RoleInfo (RoleInfo.java:updateAndGet(143)) - 1eb58d1e-b4ee-4e5c-b6cd-c69dd16abeb7: start FollowerState
2019-10-01 20:10:20,101 [Thread-420] INFO  impl.FollowerState (FollowerState.java:run(115)) - 1eb58d1e-b4ee-4e5c-b6cd-c69dd16abeb7: FollowerState was interrupted: java.lang.InterruptedException: sleep interrupted
2019-10-01 20:10:20,117 [04729fd9-c1ff-4dca-ad26-4e6679f16bc9@group-6AEBF8440239:LeaderElection11] INFO  impl.LeaderElection (LeaderElection.java:logAndReturn(56)) - 04729fd9-c1ff-4dca-ad26-4e6679f16bc9@group-6AEBF8440239:LeaderElection11: Election PASSED; received 1 response(s) [04729fd9-c1ff-4dca-ad26-4e6679f16bc9<-1eb58d1e-b4ee-4e5c-b6cd-c69dd16abeb7#0:OK-t1] and 0 exception(s); 04729fd9-c1ff-4dca-ad26-4e6679f16bc9@group-6AEBF8440239:t1, leader=null, voted=04729fd9-c1ff-4dca-ad26-4e6679f16bc9, raftlog=04729fd9-c1ff-4dca-ad26-4e6679f16bc9@group-6AEBF8440239-SegmentedRaftLog:OPENED:c-1,f-1,i0, conf=-1: [c91e227e-7352-4230-bfa6-1f4b5d4bb797:192.168.151.103:37268, 04729fd9-c1ff-4dca-ad26-4e6679f16bc9:192.168.151.103:39208, 1eb58d1e-b4ee-4e5c-b6cd-c69dd16abeb7:192.168.151.103:39702], old=null
2019-10-01 20:10:20,117 [04729fd9-c1ff-4dca-ad26-4e6679f16bc9@group-6AEBF8440239:LeaderElection11] INFO  impl.RoleInfo (RoleInfo.java:shutdownLeaderElection(134)) - 04729fd9-c1ff-4dca-ad26-4e6679f16bc9: shutdown LeaderElection
2019-10-01 20:10:20,118 [04729fd9-c1ff-4dca-ad26-4e6679f16bc9@group-6AEBF8440239:LeaderElection11] INFO  impl.RaftServerImpl (RaftServerImpl.java:setRole(174)) - 04729fd9-c1ff-4dca-ad26-4e6679f16bc9@group-6AEBF8440239: changes role from CANDIDATE to LEADER at term 1 for changeToLeader
2019-10-01 20:10:20,118 [04729fd9-c1ff-4dca-ad26-4e6679f16bc9@group-6AEBF8440239:LeaderElection11] INFO  impl.RaftServerImpl (ServerState.java:setLeader(253)) - 04729fd9-c1ff-4dca-ad26-4e6679f16bc9@group-6AEBF8440239: change Leader from null to 04729fd9-c1ff-4dca-ad26-4e6679f16bc9 at term 1 for becomeLeader, leader elected after 5138ms
2019-10-01 20:10:20,119 [04729fd9-c1ff-4dca-ad26-4e6679f16bc9@group-6AEBF8440239:LeaderElection11] INFO  server.RaftServerConfigKeys (ConfUtils.java:logGet(43)) - raft.server.staging.catchup.gap = 1000 (default)
2019-10-01 20:10:20,119 [04729fd9-c1ff-4dca-ad26-4e6679f16bc9@group-6AEBF8440239:LeaderElection11] INFO  server.RaftServerConfigKeys (ConfUtils.java:logGet(43)) - raft.server.rpc.sleep.time = 25ms (default)
2019-10-01 20:10:20,119 [04729fd9-c1ff-4dca-ad26-4e6679f16bc9@group-6AEBF8440239:LeaderElection11] INFO  server.RaftServerConfigKeys (ConfUtils.java:logGet(43)) - raft.server.write.element-limit = 4096 (default)
2019-10-01 20:10:20,119 [04729fd9-c1ff-4dca-ad26-4e6679f16bc9@group-6AEBF8440239:LeaderElection11] INFO  server.RaftServerConfigKeys (ConfUtils.java:logGet(43)) - raft.server.watch.timeout = 10s (default)
2019-10-01 20:10:20,119 [04729fd9-c1ff-4dca-ad26-4e6679f16bc9@group-6AEBF8440239:LeaderElection11] INFO  server.RaftServerConfigKeys (ConfUtils.java:logGet(43)) - raft.server.watch.timeout.denomination = 1s (default)
2019-10-01 20:10:20,120 [04729fd9-c1ff-4dca-ad26-4e6679f16bc9@group-6AEBF8440239:LeaderElection11] INFO  server.RaftServerConfigKeys (ConfUtils.java:logGet(43)) - raft.server.watch.element-limit = 65536 (default)
2019-10-01 20:10:20,124 [04729fd9-c1ff-4dca-ad26-4e6679f16bc9@group-6AEBF8440239:LeaderElection11] INFO  server.RaftServerConfigKeys (ConfUtils.java:logGet(43)) - raft.server.log.appender.snapshot.chunk.size.max = 16MB (=16777216) (default)
2019-10-01 20:10:20,124 [04729fd9-c1ff-4dca-ad26-4e6679f16bc9@group-6AEBF8440239:LeaderElection11] INFO  server.RaftServerConfigKeys (ConfUtils.java:logGet(43)) - raft.server.log.appender.buffer.byte-limit = 33554432 (custom)
2019-10-01 20:10:20,124 [04729fd9-c1ff-4dca-ad26-4e6679f16bc9@group-6AEBF8440239:LeaderElection11] INFO  server.RaftServerConfigKeys (ConfUtils.java:logGet(43)) - raft.server.log.appender.buffer.element-limit = 1 (custom)
2019-10-01 20:10:20,125 [04729fd9-c1ff-4dca-ad26-4e6679f16bc9@group-6AEBF8440239:LeaderElection11] INFO  grpc.GrpcConfigKeys$Server (ConfUtils.java:logGet(43)) - raft.grpc.server.leader.outstanding.appends.max = 128 (default)
2019-10-01 20:10:20,126 [04729fd9-c1ff-4dca-ad26-4e6679f16bc9@group-6AEBF8440239:LeaderElection11] INFO  server.RaftServerConfigKeys (ConfUtils.java:logGet(43)) - raft.server.rpc.request.timeout = 3000ms (default)
2019-10-01 20:10:20,126 [04729fd9-c1ff-4dca-ad26-4e6679f16bc9@group-6AEBF8440239:LeaderElection11] INFO  server.RaftServerConfigKeys (ConfUtils.java:logGet(43)) - raft.server.log.appender.install.snapshot.enabled = false (custom)
2019-10-01 20:10:20,126 [04729fd9-c1ff-4dca-ad26-4e6679f16bc9@group-6AEBF8440239:LeaderElection11] INFO  server.RaftServerConfigKeys (ConfUtils.java:logGet(43)) - raft.server.log.appender.snapshot.chunk.size.max = 16MB (=16777216) (default)
2019-10-01 20:10:20,127 [04729fd9-c1ff-4dca-ad26-4e6679f16bc9@group-6AEBF8440239:LeaderElection11] INFO  server.RaftServerConfigKeys (ConfUtils.java:logGet(43)) - raft.server.log.appender.buffer.byte-limit = 33554432 (custom)
2019-10-01 20:10:20,127 [04729fd9-c1ff-4dca-ad26-4e6679f16bc9@group-6AEBF8440239:LeaderElection11] INFO  server.RaftServerConfigKeys (ConfUtils.java:logGet(43)) - raft.server.log.appender.buffer.element-limit = 1 (custom)
2019-10-01 20:10:20,127 [04729fd9-c1ff-4dca-ad26-4e6679f16bc9@group-6AEBF8440239:LeaderElection11] INFO  grpc.GrpcConfigKeys$Server (ConfUtils.java:logGet(43)) - raft.grpc.server.leader.outstanding.appends.max = 128 (default)
2019-10-01 20:10:20,127 [04729fd9-c1ff-4dca-ad26-4e6679f16bc9@group-6AEBF8440239:LeaderElection11] INFO  server.RaftServerConfigKeys (ConfUtils.java:logGet(43)) - raft.server.rpc.request.timeout = 3000ms (default)
2019-10-01 20:10:20,127 [04729fd9-c1ff-4dca-ad26-4e6679f16bc9@group-6AEBF8440239:LeaderElection11] INFO  server.RaftServerConfigKeys (ConfUtils.java:logGet(43)) - raft.server.log.appender.install.snapshot.enabled = false (custom)
2019-10-01 20:10:20,128 [04729fd9-c1ff-4dca-ad26-4e6679f16bc9@group-6AEBF8440239:LeaderElection11] INFO  impl.RoleInfo (RoleInfo.java:updateAndGet(143)) - 04729fd9-c1ff-4dca-ad26-4e6679f16bc9: start LeaderState
2019-10-01 20:10:20,128 [04729fd9-c1ff-4dca-ad26-4e6679f16bc9@group-6AEBF8440239:LeaderElection11] INFO  segmented.SegmentedRaftLogWorker (SegmentedRaftLogWorker.java:startLogSegment(380)) - 04729fd9-c1ff-4dca-ad26-4e6679f16bc9@group-6AEBF8440239-SegmentedRaftLogWorker: Starting segment from index:0
2019-10-01 20:10:20,129 [04729fd9-c1ff-4dca-ad26-4e6679f16bc9@group-6AEBF8440239:LeaderElection11] INFO  impl.RaftServerImpl (ServerState.java:setRaftConf(354)) - 04729fd9-c1ff-4dca-ad26-4e6679f16bc9@group-6AEBF8440239: set configuration 0: [c91e227e-7352-4230-bfa6-1f4b5d4bb797:192.168.151.103:37268, 04729fd9-c1ff-4dca-ad26-4e6679f16bc9:192.168.151.103:39208, 1eb58d1e-b4ee-4e5c-b6cd-c69dd16abeb7:192.168.151.103:39702], old=null at 0
2019-10-01 20:10:20,160 [grpc-default-executor-1] INFO  impl.RaftServerImpl (ServerState.java:setLeader(253)) - 1eb58d1e-b4ee-4e5c-b6cd-c69dd16abeb7@group-6AEBF8440239: change Leader from null to 04729fd9-c1ff-4dca-ad26-4e6679f16bc9 at term 1 for appendEntries, leader elected after 5102ms
2019-10-01 20:10:20,165 [grpc-default-executor-4] INFO  impl.RaftServerImpl (ServerState.java:setLeader(253)) - c91e227e-7352-4230-bfa6-1f4b5d4bb797@group-6AEBF8440239: change Leader from null to 04729fd9-c1ff-4dca-ad26-4e6679f16bc9 at term 1 for appendEntries, leader elected after 5107ms
2019-10-01 20:10:20,170 [04729fd9-c1ff-4dca-ad26-4e6679f16bc9@group-6AEBF8440239-SegmentedRaftLogWorker] INFO  segmented.SegmentedRaftLogWorker (SegmentedRaftLogWorker.java:execute(569)) - 04729fd9-c1ff-4dca-ad26-4e6679f16bc9@group-6AEBF8440239-SegmentedRaftLogWorker: created new log segment /workdir/hadoop-ozone/ozonefs/target/test-dir/MiniOzoneClusterImpl-e98f5f70-891c-46e9-bc29-8096c13504df/datanode-1/data/ratis/c16e67fe-9e19-4ead-b678-6aebf8440239/current/log_inprogress_0
2019-10-01 20:10:20,171 [grpc-default-executor-1] INFO  impl.RaftServerImpl (ServerState.java:setRaftConf(354)) - c91e227e-7352-4230-bfa6-1f4b5d4bb797@group-6AEBF8440239: set configuration 0: [c91e227e-7352-4230-bfa6-1f4b5d4bb797:192.168.151.103:37268, 04729fd9-c1ff-4dca-ad26-4e6679f16bc9:192.168.151.103:39208, 1eb58d1e-b4ee-4e5c-b6cd-c69dd16abeb7:192.168.151.103:39702], old=null at 0
2019-10-01 20:10:20,171 [grpc-default-executor-4] INFO  impl.RaftServerImpl (ServerState.java:setRaftConf(354)) - 1eb58d1e-b4ee-4e5c-b6cd-c69dd16abeb7@group-6AEBF8440239: set configuration 0: [c91e227e-7352-4230-bfa6-1f4b5d4bb797:192.168.151.103:37268, 04729fd9-c1ff-4dca-ad26-4e6679f16bc9:192.168.151.103:39208, 1eb58d1e-b4ee-4e5c-b6cd-c69dd16abeb7:192.168.151.103:39702], old=null at 0
2019-10-01 20:10:20,172 [grpc-default-executor-1] INFO  segmented.SegmentedRaftLogWorker (SegmentedRaftLogWorker.java:startLogSegment(380)) - c91e227e-7352-4230-bfa6-1f4b5d4bb797@group-6AEBF8440239-SegmentedRaftLogWorker: Starting segment from index:0
2019-10-01 20:10:20,172 [grpc-default-executor-4] INFO  segmented.SegmentedRaftLogWorker (SegmentedRaftLogWorker.java:startLogSegment(380)) - 1eb58d1e-b4ee-4e5c-b6cd-c69dd16abeb7@group-6AEBF8440239-SegmentedRaftLogWorker: Starting segment from index:0
2019-10-01 20:10:20,214 [c91e227e-7352-4230-bfa6-1f4b5d4bb797@group-6AEBF8440239-SegmentedRaftLogWorker] INFO  segmented.SegmentedRaftLogWorker (SegmentedRaftLogWorker.java:execute(569)) - c91e227e-7352-4230-bfa6-1f4b5d4bb797@group-6AEBF8440239-SegmentedRaftLogWorker: created new log segment /workdir/hadoop-ozone/ozonefs/target/test-dir/MiniOzoneClusterImpl-e98f5f70-891c-46e9-bc29-8096c13504df/datanode-3/data/ratis/c16e67fe-9e19-4ead-b678-6aebf8440239/current/log_inprogress_0
2019-10-01 20:10:20,214 [1eb58d1e-b4ee-4e5c-b6cd-c69dd16abeb7@group-6AEBF8440239-SegmentedRaftLogWorker] INFO  segmented.SegmentedRaftLogWorker (SegmentedRaftLogWorker.java:execute(569)) - 1eb58d1e-b4ee-4e5c-b6cd-c69dd16abeb7@group-6AEBF8440239-SegmentedRaftLogWorker: created new log segment /workdir/hadoop-ozone/ozonefs/target/test-dir/MiniOzoneClusterImpl-e98f5f70-891c-46e9-bc29-8096c13504df/datanode-0/data/ratis/c16e67fe-9e19-4ead-b678-6aebf8440239/current/log_inprogress_0
2019-10-01 20:10:21,174 [pool-36-thread-2] ERROR impl.ChunkManagerImpl (ChunkUtils.java:writeData(89)) - data array does not match the length specified. DataLen: 1024 Byte Array: 1181
2019-10-01 20:10:21,176 [pool-36-thread-2] INFO  keyvalue.KeyValueHandler (ContainerUtils.java:logAndReturnError(146)) - Operation: WriteChunk : Trace ID: ca5ad65f385d8d62:ca5ad65f385d8d62:0:0 : Message: data array does not match the length specified. DataLen: 1024 Byte Array: 1181 : Result: INVALID_WRITE_SIZE
20:10:21.193 [pool-36-thread-2] ERROR DNAudit - user=null | ip=null | op=WRITE_CHUNK {blockData=conID: 4 locID: 102888938927489030 bcsId: 0} | ret=FAILURE
java.lang.Exception: data array does not match the length specified. DataLen: 1024 Byte Array: 1181
	at org.apache.hadoop.ozone.container.common.impl.HddsDispatcher.dispatchRequest(HddsDispatcher.java:330) ~[hadoop-hdds-container-service-0.5.0-SNAPSHOT.jar:?]
	at org.apache.hadoop.ozone.container.common.impl.HddsDispatcher.dispatch(HddsDispatcher.java:150) ~[hadoop-hdds-container-service-0.5.0-SNAPSHOT.jar:?]
	at org.apache.hadoop.ozone.container.common.transport.server.ratis.ContainerStateMachine.dispatchCommand(ContainerStateMachine.java:407) ~[hadoop-hdds-container-service-0.5.0-SNAPSHOT.jar:?]
	at org.apache.hadoop.ozone.container.common.transport.server.ratis.ContainerStateMachine.runCommand(ContainerStateMachine.java:415) ~[hadoop-hdds-container-service-0.5.0-SNAPSHOT.jar:?]
	at org.apache.hadoop.ozone.container.common.transport.server.ratis.ContainerStateMachine.lambda$handleWriteChunk$1(ContainerStateMachine.java:450) ~[hadoop-hdds-container-service-0.5.0-SNAPSHOT.jar:?]
	at java.util.concurrent.CompletableFuture$AsyncSupply.run(CompletableFuture.java:1590) [?:1.8.0_212]
	at java.util.concurrent.ThreadPoolExecutor.runWorker(ThreadPoolExecutor.java:1149) [?:1.8.0_212]
	at java.util.concurrent.ThreadPoolExecutor$Worker.run(ThreadPoolExecutor.java:624) [?:1.8.0_212]
	at java.lang.Thread.run(Thread.java:748) [?:1.8.0_212]
2019-10-01 20:10:21,194 [EventQueue-IncrementalContainerReportForIncrementalContainerReportHandler] WARN  container.IncrementalContainerReportHandler (AbstractContainerReportHandler.java:updateContainerState(143)) - Container #4 is in OPEN state, but the datanode 04729fd9-c1ff-4dca-ad26-4e6679f16bc9{ip: 192.168.151.103, host: pr-trunk-878pl-325597374, networkLocation: /default-rack, certSerialId: null} reports an UNHEALTHY replica.
2019-10-01 20:10:21,194 [pool-36-thread-2] ERROR ratis.ContainerStateMachine (ContainerStateMachine.java:lambda$handleWriteChunk$2(470)) - group-6AEBF8440239: writeChunk writeStateMachineData failed: blockIdcontainerID: 4
localID: 102888938927489030
blockCommitSequenceId: 0
 logIndex 1 chunkName 102888938927489030_chunk_1 Error message: data array does not match the length specified. DataLen: 1024 Byte Array: 1181 Container Result: INVALID_WRITE_SIZE
2019-10-01 20:10:21,194 [EventQueue-CloseContainerForCloseContainerEventHandler] INFO  container.CloseContainerEventHandler (CloseContainerEventHandler.java:onMessage(61)) - Close container Event triggered for container : #4
2019-10-01 20:10:21,195 [04729fd9-c1ff-4dca-ad26-4e6679f16bc9@group-6AEBF8440239-SegmentedRaftLogWorker] ERROR ratis.XceiverServerRatis (XceiverServerRatis.java:triggerPipelineClose(575)) - pipeline Action CLOSE  on pipeline PipelineID=c16e67fe-9e19-4ead-b678-6aebf8440239.Reason : data array does not match the length specified. DataLen: 1024 Byte Array: 1181
2019-10-01 20:10:21,195 [04729fd9-c1ff-4dca-ad26-4e6679f16bc9@group-6AEBF8440239-SegmentedRaftLogWorker] ERROR ratis.XceiverServerRatis (XceiverServerRatis.java:triggerPipelineClose(575)) - pipeline Action CLOSE  on pipeline PipelineID=c16e67fe-9e19-4ead-b678-6aebf8440239.Reason : Log already failed at index 1 for task WriteLog:1: (t:1, i:1), STATEMACHINELOGENTRY, client-C6ABE7A83A46, cid=16
2019-10-01 20:10:21,196 [EventQueue-PipelineActionsForPipelineActionHandler] ERROR pipeline.PipelineActionHandler (PipelineActionHandler.java:onMessage(60)) - Received pipeline action CLOSE for Pipeline[ Id: c16e67fe-9e19-4ead-b678-6aebf8440239, Nodes: c91e227e-7352-4230-bfa6-1f4b5d4bb797{ip: 192.168.151.103, host: pr-trunk-878pl-325597374, networkLocation: /default-rack, certSerialId: null}1eb58d1e-b4ee-4e5c-b6cd-c69dd16abeb7{ip: 192.168.151.103, host: pr-trunk-878pl-325597374, networkLocation: /default-rack, certSerialId: null}04729fd9-c1ff-4dca-ad26-4e6679f16bc9{ip: 192.168.151.103, host: pr-trunk-878pl-325597374, networkLocation: /default-rack, certSerialId: null}, Type:RATIS, Factor:THREE, State:OPEN] from datanode 04729fd9-c1ff-4dca-ad26-4e6679f16bc9{ip: 192.168.151.103, host: pr-trunk-878pl-325597374, networkLocation: /default-rack, certSerialId: null}. Reason : data array does not match the length specified. DataLen: 1024 Byte Array: 1181
2019-10-01 20:10:21,196 [EventQueue-PipelineActionsForPipelineActionHandler] INFO  pipeline.SCMPipelineManager (SCMPipelineManager.java:finalizeAndDestroyPipeline(315)) - destroying pipeline:Pipeline[ Id: c16e67fe-9e19-4ead-b678-6aebf8440239, Nodes: c91e227e-7352-4230-bfa6-1f4b5d4bb797{ip: 192.168.151.103, host: pr-trunk-878pl-325597374, networkLocation: /default-rack, certSerialId: null}1eb58d1e-b4ee-4e5c-b6cd-c69dd16abeb7{ip: 192.168.151.103, host: pr-trunk-878pl-325597374, networkLocation: /default-rack, certSerialId: null}04729fd9-c1ff-4dca-ad26-4e6679f16bc9{ip: 192.168.151.103, host: pr-trunk-878pl-325597374, networkLocation: /default-rack, certSerialId: null}, Type:RATIS, Factor:THREE, State:OPEN]
2019-10-01 20:10:21,197 [EventQueue-PipelineActionsForPipelineActionHandler] INFO  pipeline.PipelineStateManager (PipelineStateManager.java:finalizePipeline(123)) - Pipeline Pipeline[ Id: c16e67fe-9e19-4ead-b678-6aebf8440239, Nodes: c91e227e-7352-4230-bfa6-1f4b5d4bb797{ip: 192.168.151.103, host: pr-trunk-878pl-325597374, networkLocation: /default-rack, certSerialId: null}1eb58d1e-b4ee-4e5c-b6cd-c69dd16abeb7{ip: 192.168.151.103, host: pr-trunk-878pl-325597374, networkLocation: /default-rack, certSerialId: null}04729fd9-c1ff-4dca-ad26-4e6679f16bc9{ip: 192.168.151.103, host: pr-trunk-878pl-325597374, networkLocation: /default-rack, certSerialId: null}, Type:RATIS, Factor:THREE, State:CLOSED] moved to CLOSED state
2019-10-01 20:10:21,198 [EventQueue-PipelineActionsForPipelineActionHandler] ERROR pipeline.PipelineActionHandler (PipelineActionHandler.java:onMessage(60)) - Received pipeline action CLOSE for Pipeline[ Id: c16e67fe-9e19-4ead-b678-6aebf8440239, Nodes: c91e227e-7352-4230-bfa6-1f4b5d4bb797{ip: 192.168.151.103, host: pr-trunk-878pl-325597374, networkLocation: /default-rack, certSerialId: null}1eb58d1e-b4ee-4e5c-b6cd-c69dd16abeb7{ip: 192.168.151.103, host: pr-trunk-878pl-325597374, networkLocation: /default-rack, certSerialId: null}04729fd9-c1ff-4dca-ad26-4e6679f16bc9{ip: 192.168.151.103, host: pr-trunk-878pl-325597374, networkLocation: /default-rack, certSerialId: null}, Type:RATIS, Factor:THREE, State:CLOSED] from datanode 04729fd9-c1ff-4dca-ad26-4e6679f16bc9{ip: 192.168.151.103, host: pr-trunk-878pl-325597374, networkLocation: /default-rack, certSerialId: null}. Reason : Log already failed at index 1 for task WriteLog:1: (t:1, i:1), STATEMACHINELOGENTRY, client-C6ABE7A83A46, cid=16
2019-10-01 20:10:21,198 [EventQueue-PipelineActionsForPipelineActionHandler] INFO  pipeline.SCMPipelineManager (SCMPipelineManager.java:finalizeAndDestroyPipeline(315)) - destroying pipeline:Pipeline[ Id: c16e67fe-9e19-4ead-b678-6aebf8440239, Nodes: c91e227e-7352-4230-bfa6-1f4b5d4bb797{ip: 192.168.151.103, host: pr-trunk-878pl-325597374, networkLocation: /default-rack, certSerialId: null}1eb58d1e-b4ee-4e5c-b6cd-c69dd16abeb7{ip: 192.168.151.103, host: pr-trunk-878pl-325597374, networkLocation: /default-rack, certSerialId: null}04729fd9-c1ff-4dca-ad26-4e6679f16bc9{ip: 192.168.151.103, host: pr-trunk-878pl-325597374, networkLocation: /default-rack, certSerialId: null}, Type:RATIS, Factor:THREE, State:CLOSED]
2019-10-01 20:10:54,489 [grpc-default-executor-4] INFO  impl.RaftServerProxy (RaftServerProxy.java:addNew(89)) - 04729fd9-c1ff-4dca-ad26-4e6679f16bc9: addNew group-FAD9FF546EB2:[c91e227e-7352-4230-bfa6-1f4b5d4bb797:192.168.151.103:37268, 04729fd9-c1ff-4dca-ad26-4e6679f16bc9:192.168.151.103:39208, 1eb58d1e-b4ee-4e5c-b6cd-c69dd16abeb7:192.168.151.103:39702] returns group-FAD9FF546EB2:java.util.concurrent.CompletableFuture@474db904[Not completed]
2019-10-01 20:10:54,491 [grpc-default-executor-5] INFO  impl.RaftServerProxy (RaftServerProxy.java:addNew(89)) - 1eb58d1e-b4ee-4e5c-b6cd-c69dd16abeb7: addNew group-FAD9FF546EB2:[c91e227e-7352-4230-bfa6-1f4b5d4bb797:192.168.151.103:37268, 04729fd9-c1ff-4dca-ad26-4e6679f16bc9:192.168.151.103:39208, 1eb58d1e-b4ee-4e5c-b6cd-c69dd16abeb7:192.168.151.103:39702] returns group-FAD9FF546EB2:java.util.concurrent.CompletableFuture@8a62b04[Not completed]
2019-10-01 20:10:54,494 [grpc-default-executor-1] INFO  impl.RaftServerProxy (RaftServerProxy.java:addNew(89)) - c91e227e-7352-4230-bfa6-1f4b5d4bb797: addNew group-FAD9FF546EB2:[c91e227e-7352-4230-bfa6-1f4b5d4bb797:192.168.151.103:37268, 04729fd9-c1ff-4dca-ad26-4e6679f16bc9:192.168.151.103:39208, 1eb58d1e-b4ee-4e5c-b6cd-c69dd16abeb7:192.168.151.103:39702] returns group-FAD9FF546EB2:java.util.concurrent.CompletableFuture@4d21913f[Not completed]
2019-10-01 20:10:54,496 [pool-37-thread-1] INFO  impl.RaftServerImpl (RaftServerImpl.java:<init>(95)) - 04729fd9-c1ff-4dca-ad26-4e6679f16bc9: new RaftServerImpl for group-FAD9FF546EB2:[c91e227e-7352-4230-bfa6-1f4b5d4bb797:192.168.151.103:37268, 04729fd9-c1ff-4dca-ad26-4e6679f16bc9:192.168.151.103:39208, 1eb58d1e-b4ee-4e5c-b6cd-c69dd16abeb7:192.168.151.103:39702] with ContainerStateMachine:uninitialized
2019-10-01 20:10:54,496 [pool-37-thread-1] INFO  server.RaftServerConfigKeys (ConfUtils.java:logGet(43)) - raft.server.rpc.timeout.min = 5s (custom)
2019-10-01 20:10:54,496 [pool-37-thread-1] INFO  server.RaftServerConfigKeys (ConfUtils.java:logGet(43)) - raft.server.rpc.timeout.max = 5200ms (custom)
2019-10-01 20:10:54,496 [pool-37-thread-1] INFO  server.RaftServerConfigKeys (ConfUtils.java:logGet(43)) - raft.server.rpcslowness.timeout = 120s (custom)
2019-10-01 20:10:54,496 [pool-57-thread-1] INFO  impl.RaftServerImpl (RaftServerImpl.java:<init>(95)) - c91e227e-7352-4230-bfa6-1f4b5d4bb797: new RaftServerImpl for group-FAD9FF546EB2:[c91e227e-7352-4230-bfa6-1f4b5d4bb797:192.168.151.103:37268, 04729fd9-c1ff-4dca-ad26-4e6679f16bc9:192.168.151.103:39208, 1eb58d1e-b4ee-4e5c-b6cd-c69dd16abeb7:192.168.151.103:39702] with ContainerStateMachine:uninitialized
2019-10-01 20:10:54,496 [pool-37-thread-1] INFO  server.RaftServerConfigKeys (ConfUtils.java:logGet(43)) - raft.server.sleep.deviation.threshold = 300 (default)
2019-10-01 20:10:54,496 [pool-57-thread-1] INFO  server.RaftServerConfigKeys (ConfUtils.java:logGet(43)) - raft.server.rpc.timeout.min = 5s (custom)
2019-10-01 20:10:54,496 [pool-37-thread-1] INFO  server.RaftServerConfigKeys (ConfUtils.java:logGet(43)) - raft.server.log.appender.install.snapshot.enabled = false (custom)
2019-10-01 20:10:54,497 [pool-57-thread-1] INFO  server.RaftServerConfigKeys (ConfUtils.java:logGet(43)) - raft.server.rpc.timeout.max = 5200ms (custom)
2019-10-01 20:10:54,497 [pool-37-thread-1] INFO  impl.RaftServerImpl (ServerState.java:<init>(103)) - 04729fd9-c1ff-4dca-ad26-4e6679f16bc9@group-FAD9FF546EB2: ConfigurationManager, init=-1: [c91e227e-7352-4230-bfa6-1f4b5d4bb797:192.168.151.103:37268, 04729fd9-c1ff-4dca-ad26-4e6679f16bc9:192.168.151.103:39208, 1eb58d1e-b4ee-4e5c-b6cd-c69dd16abeb7:192.168.151.103:39702], old=null, confs=<EMPTY_MAP>
2019-10-01 20:10:54,497 [pool-57-thread-1] INFO  server.RaftServerConfigKeys (ConfUtils.java:logGet(43)) - raft.server.rpcslowness.timeout = 120s (custom)
2019-10-01 20:10:54,497 [pool-27-thread-1] INFO  impl.RaftServerImpl (RaftServerImpl.java:<init>(95)) - 1eb58d1e-b4ee-4e5c-b6cd-c69dd16abeb7: new RaftServerImpl for group-FAD9FF546EB2:[c91e227e-7352-4230-bfa6-1f4b5d4bb797:192.168.151.103:37268, 04729fd9-c1ff-4dca-ad26-4e6679f16bc9:192.168.151.103:39208, 1eb58d1e-b4ee-4e5c-b6cd-c69dd16abeb7:192.168.151.103:39702] with ContainerStateMachine:uninitialized
2019-10-01 20:10:54,497 [pool-37-thread-1] INFO  server.RaftServerConfigKeys (ConfUtils.java:logGet(43)) - raft.server.storage.dir = [/workdir/hadoop-ozone/ozonefs/target/test-dir/MiniOzoneClusterImpl-e98f5f70-891c-46e9-bc29-8096c13504df/datanode-1/data/ratis] (custom)
2019-10-01 20:10:54,497 [pool-57-thread-1] INFO  server.RaftServerConfigKeys (ConfUtils.java:logGet(43)) - raft.server.sleep.deviation.threshold = 300 (default)
2019-10-01 20:10:54,497 [pool-27-thread-1] INFO  server.RaftServerConfigKeys (ConfUtils.java:logGet(43)) - raft.server.rpc.timeout.min = 5s (custom)
2019-10-01 20:10:54,497 [pool-57-thread-1] INFO  server.RaftServerConfigKeys (ConfUtils.java:logGet(43)) - raft.server.log.appender.install.snapshot.enabled = false (custom)
2019-10-01 20:10:54,498 [pool-27-thread-1] INFO  server.RaftServerConfigKeys (ConfUtils.java:logGet(43)) - raft.server.rpc.timeout.max = 5200ms (custom)
2019-10-01 20:10:54,498 [pool-57-thread-1] INFO  impl.RaftServerImpl (ServerState.java:<init>(103)) - c91e227e-7352-4230-bfa6-1f4b5d4bb797@group-FAD9FF546EB2: ConfigurationManager, init=-1: [c91e227e-7352-4230-bfa6-1f4b5d4bb797:192.168.151.103:37268, 04729fd9-c1ff-4dca-ad26-4e6679f16bc9:192.168.151.103:39208, 1eb58d1e-b4ee-4e5c-b6cd-c69dd16abeb7:192.168.151.103:39702], old=null, confs=<EMPTY_MAP>
2019-10-01 20:10:54,498 [pool-37-thread-1] INFO  storage.RaftStorageDirectory (RaftStorageDirectory.java:analyzeStorage(246)) - The storage directory /workdir/hadoop-ozone/ozonefs/target/test-dir/MiniOzoneClusterImpl-e98f5f70-891c-46e9-bc29-8096c13504df/datanode-1/data/ratis/5e484d48-d393-4417-a8a3-fad9ff546eb2 does not exist. Creating ...
2019-10-01 20:10:54,498 [pool-57-thread-1] INFO  server.RaftServerConfigKeys (ConfUtils.java:logGet(43)) - raft.server.storage.dir = [/workdir/hadoop-ozone/ozonefs/target/test-dir/MiniOzoneClusterImpl-e98f5f70-891c-46e9-bc29-8096c13504df/datanode-3/data/ratis] (custom)
2019-10-01 20:10:54,498 [pool-27-thread-1] INFO  server.RaftServerConfigKeys (ConfUtils.java:logGet(43)) - raft.server.rpcslowness.timeout = 120s (custom)
2019-10-01 20:10:54,498 [pool-27-thread-1] INFO  server.RaftServerConfigKeys (ConfUtils.java:logGet(43)) - raft.server.sleep.deviation.threshold = 300 (default)
2019-10-01 20:10:54,498 [pool-27-thread-1] INFO  server.RaftServerConfigKeys (ConfUtils.java:logGet(43)) - raft.server.log.appender.install.snapshot.enabled = false (custom)
2019-10-01 20:10:54,498 [pool-57-thread-1] INFO  storage.RaftStorageDirectory (RaftStorageDirectory.java:analyzeStorage(246)) - The storage directory /workdir/hadoop-ozone/ozonefs/target/test-dir/MiniOzoneClusterImpl-e98f5f70-891c-46e9-bc29-8096c13504df/datanode-3/data/ratis/5e484d48-d393-4417-a8a3-fad9ff546eb2 does not exist. Creating ...
2019-10-01 20:10:54,499 [pool-27-thread-1] INFO  impl.RaftServerImpl (ServerState.java:<init>(103)) - 1eb58d1e-b4ee-4e5c-b6cd-c69dd16abeb7@group-FAD9FF546EB2: ConfigurationManager, init=-1: [c91e227e-7352-4230-bfa6-1f4b5d4bb797:192.168.151.103:37268, 04729fd9-c1ff-4dca-ad26-4e6679f16bc9:192.168.151.103:39208, 1eb58d1e-b4ee-4e5c-b6cd-c69dd16abeb7:192.168.151.103:39702], old=null, confs=<EMPTY_MAP>
2019-10-01 20:10:54,499 [pool-27-thread-1] INFO  server.RaftServerConfigKeys (ConfUtils.java:logGet(43)) - raft.server.storage.dir = [/workdir/hadoop-ozone/ozonefs/target/test-dir/MiniOzoneClusterImpl-e98f5f70-891c-46e9-bc29-8096c13504df/datanode-0/data/ratis] (custom)
2019-10-01 20:10:54,499 [pool-27-thread-1] INFO  storage.RaftStorageDirectory (RaftStorageDirectory.java:analyzeStorage(246)) - The storage directory /workdir/hadoop-ozone/ozonefs/target/test-dir/MiniOzoneClusterImpl-e98f5f70-891c-46e9-bc29-8096c13504df/datanode-0/data/ratis/5e484d48-d393-4417-a8a3-fad9ff546eb2 does not exist. Creating ...
2019-10-01 20:10:54,513 [pool-37-thread-1] INFO  storage.RaftStorageDirectory (RaftStorageDirectory.java:tryLock(328)) - Lock on /workdir/hadoop-ozone/ozonefs/target/test-dir/MiniOzoneClusterImpl-e98f5f70-891c-46e9-bc29-8096c13504df/datanode-1/data/ratis/5e484d48-d393-4417-a8a3-fad9ff546eb2/in_use.lock acquired by nodename 27094@pr-trunk-878pl-325597374
2019-10-01 20:10:54,513 [pool-27-thread-1] INFO  storage.RaftStorageDirectory (RaftStorageDirectory.java:tryLock(328)) - Lock on /workdir/hadoop-ozone/ozonefs/target/test-dir/MiniOzoneClusterImpl-e98f5f70-891c-46e9-bc29-8096c13504df/datanode-0/data/ratis/5e484d48-d393-4417-a8a3-fad9ff546eb2/in_use.lock acquired by nodename 27094@pr-trunk-878pl-325597374
2019-10-01 20:10:54,513 [pool-57-thread-1] INFO  storage.RaftStorageDirectory (RaftStorageDirectory.java:tryLock(328)) - Lock on /workdir/hadoop-ozone/ozonefs/target/test-dir/MiniOzoneClusterImpl-e98f5f70-891c-46e9-bc29-8096c13504df/datanode-3/data/ratis/5e484d48-d393-4417-a8a3-fad9ff546eb2/in_use.lock acquired by nodename 27094@pr-trunk-878pl-325597374
2019-10-01 20:10:54,531 [pool-57-thread-1] INFO  storage.RaftStorage (RaftStorage.java:format(72)) - Storage directory /workdir/hadoop-ozone/ozonefs/target/test-dir/MiniOzoneClusterImpl-e98f5f70-891c-46e9-bc29-8096c13504df/datanode-3/data/ratis/5e484d48-d393-4417-a8a3-fad9ff546eb2 has been successfully formatted.
2019-10-01 20:10:54,531 [pool-27-thread-1] INFO  storage.RaftStorage (RaftStorage.java:format(72)) - Storage directory /workdir/hadoop-ozone/ozonefs/target/test-dir/MiniOzoneClusterImpl-e98f5f70-891c-46e9-bc29-8096c13504df/datanode-0/data/ratis/5e484d48-d393-4417-a8a3-fad9ff546eb2 has been successfully formatted.
2019-10-01 20:10:54,531 [pool-37-thread-1] INFO  storage.RaftStorage (RaftStorage.java:format(72)) - Storage directory /workdir/hadoop-ozone/ozonefs/target/test-dir/MiniOzoneClusterImpl-e98f5f70-891c-46e9-bc29-8096c13504df/datanode-1/data/ratis/5e484d48-d393-4417-a8a3-fad9ff546eb2 has been successfully formatted.
2019-10-01 20:10:54,531 [pool-57-thread-1] INFO  ratis.ContainerStateMachine (ContainerStateMachine.java:loadSnapshot(231)) - group-FAD9FF546EB2: The snapshot info is null. Setting the last applied indexto:(t:0, i:~)
2019-10-01 20:10:54,532 [pool-37-thread-1] INFO  ratis.ContainerStateMachine (ContainerStateMachine.java:loadSnapshot(231)) - group-FAD9FF546EB2: The snapshot info is null. Setting the last applied indexto:(t:0, i:~)
2019-10-01 20:10:54,532 [pool-57-thread-1] INFO  server.RaftServerConfigKeys (ConfUtils.java:logGet(43)) - raft.server.notification.no-leader.timeout = 120s (custom)
2019-10-01 20:10:54,532 [pool-37-thread-1] INFO  server.RaftServerConfigKeys (ConfUtils.java:logGet(43)) - raft.server.notification.no-leader.timeout = 120s (custom)
2019-10-01 20:10:54,532 [pool-57-thread-1] INFO  server.RaftServerConfigKeys (ConfUtils.java:logGet(43)) - raft.server.log.use.memory = false (default)
2019-10-01 20:10:54,532 [pool-27-thread-1] INFO  ratis.ContainerStateMachine (ContainerStateMachine.java:loadSnapshot(231)) - group-FAD9FF546EB2: The snapshot info is null. Setting the last applied indexto:(t:0, i:~)
2019-10-01 20:10:54,532 [pool-37-thread-1] INFO  server.RaftServerConfigKeys (ConfUtils.java:logGet(43)) - raft.server.log.use.memory = false (default)
2019-10-01 20:10:54,532 [pool-27-thread-1] INFO  server.RaftServerConfigKeys (ConfUtils.java:logGet(43)) - raft.server.notification.no-leader.timeout = 120s (custom)
2019-10-01 20:10:54,532 [pool-57-thread-1] INFO  server.RaftServerConfigKeys (ConfUtils.java:logGet(43)) - raft.server.log.purge.gap = 1000000 (custom)
2019-10-01 20:10:54,532 [pool-27-thread-1] INFO  server.RaftServerConfigKeys (ConfUtils.java:logGet(43)) - raft.server.log.use.memory = false (default)
2019-10-01 20:10:54,532 [pool-37-thread-1] INFO  server.RaftServerConfigKeys (ConfUtils.java:logGet(43)) - raft.server.log.purge.gap = 1000000 (custom)
2019-10-01 20:10:54,533 [pool-27-thread-1] INFO  server.RaftServerConfigKeys (ConfUtils.java:logGet(43)) - raft.server.log.purge.gap = 1000000 (custom)
2019-10-01 20:10:54,532 [pool-57-thread-1] INFO  server.RaftServerConfigKeys (ConfUtils.java:logGet(43)) - raft.server.log.appender.buffer.byte-limit = 33554432 (custom)
2019-10-01 20:10:54,533 [pool-27-thread-1] INFO  server.RaftServerConfigKeys (ConfUtils.java:logGet(43)) - raft.server.log.appender.buffer.byte-limit = 33554432 (custom)
2019-10-01 20:10:54,533 [pool-37-thread-1] INFO  server.RaftServerConfigKeys (ConfUtils.java:logGet(43)) - raft.server.log.appender.buffer.byte-limit = 33554432 (custom)
2019-10-01 20:10:54,533 [pool-27-thread-1] INFO  server.RaftServerConfigKeys (ConfUtils.java:logGet(43)) - raft.server.log.segment.size.max = 1048576 (custom)
2019-10-01 20:10:54,533 [pool-57-thread-1] INFO  server.RaftServerConfigKeys (ConfUtils.java:logGet(43)) - raft.server.log.segment.size.max = 1048576 (custom)
2019-10-01 20:10:54,533 [pool-27-thread-1] INFO  server.RaftServerConfigKeys (ConfUtils.java:logGet(43)) - raft.server.log.segment.cache.num.max = 2 (custom)
2019-10-01 20:10:54,533 [pool-37-thread-1] INFO  server.RaftServerConfigKeys (ConfUtils.java:logGet(43)) - raft.server.log.segment.size.max = 1048576 (custom)
2019-10-01 20:10:54,534 [pool-27-thread-1] INFO  segmented.SegmentedRaftLogWorker (SegmentedRaftLogWorker.java:<init>(172)) - new 1eb58d1e-b4ee-4e5c-b6cd-c69dd16abeb7@group-FAD9FF546EB2-SegmentedRaftLogWorker for RaftStorage:Storage Directory /workdir/hadoop-ozone/ozonefs/target/test-dir/MiniOzoneClusterImpl-e98f5f70-891c-46e9-bc29-8096c13504df/datanode-0/data/ratis/5e484d48-d393-4417-a8a3-fad9ff546eb2
2019-10-01 20:10:54,533 [pool-57-thread-1] INFO  server.RaftServerConfigKeys (ConfUtils.java:logGet(43)) - raft.server.log.segment.cache.num.max = 2 (custom)
2019-10-01 20:10:54,534 [pool-37-thread-1] INFO  server.RaftServerConfigKeys (ConfUtils.java:logGet(43)) - raft.server.log.segment.cache.num.max = 2 (custom)
2019-10-01 20:10:54,534 [pool-57-thread-1] INFO  segmented.SegmentedRaftLogWorker (SegmentedRaftLogWorker.java:<init>(172)) - new c91e227e-7352-4230-bfa6-1f4b5d4bb797@group-FAD9FF546EB2-SegmentedRaftLogWorker for RaftStorage:Storage Directory /workdir/hadoop-ozone/ozonefs/target/test-dir/MiniOzoneClusterImpl-e98f5f70-891c-46e9-bc29-8096c13504df/datanode-3/data/ratis/5e484d48-d393-4417-a8a3-fad9ff546eb2
2019-10-01 20:10:54,534 [pool-27-thread-1] INFO  server.RaftServerConfigKeys (ConfUtils.java:logGet(43)) - raft.server.log.queue.byte-limit = 2147483647 (custom)
2019-10-01 20:10:54,534 [pool-57-thread-1] INFO  server.RaftServerConfigKeys (ConfUtils.java:logGet(43)) - raft.server.log.queue.byte-limit = 2147483647 (custom)
2019-10-01 20:10:54,534 [pool-37-thread-1] INFO  segmented.SegmentedRaftLogWorker (SegmentedRaftLogWorker.java:<init>(172)) - new 04729fd9-c1ff-4dca-ad26-4e6679f16bc9@group-FAD9FF546EB2-SegmentedRaftLogWorker for RaftStorage:Storage Directory /workdir/hadoop-ozone/ozonefs/target/test-dir/MiniOzoneClusterImpl-e98f5f70-891c-46e9-bc29-8096c13504df/datanode-1/data/ratis/5e484d48-d393-4417-a8a3-fad9ff546eb2
2019-10-01 20:10:54,534 [pool-57-thread-1] INFO  server.RaftServerConfigKeys (ConfUtils.java:logGet(43)) - raft.server.log.queue.element-limit = 1024 (custom)
2019-10-01 20:10:54,534 [pool-27-thread-1] INFO  server.RaftServerConfigKeys (ConfUtils.java:logGet(43)) - raft.server.log.queue.element-limit = 1024 (custom)
2019-10-01 20:10:54,535 [pool-57-thread-1] INFO  server.RaftServerConfigKeys (ConfUtils.java:logGet(43)) - raft.server.log.segment.size.max = 1048576 (custom)
2019-10-01 20:10:54,534 [pool-37-thread-1] INFO  server.RaftServerConfigKeys (ConfUtils.java:logGet(43)) - raft.server.log.queue.byte-limit = 2147483647 (custom)
2019-10-01 20:10:54,535 [pool-57-thread-1] INFO  server.RaftServerConfigKeys (ConfUtils.java:logGet(43)) - raft.server.log.preallocated.size = 16384 (custom)
2019-10-01 20:10:54,535 [pool-27-thread-1] INFO  server.RaftServerConfigKeys (ConfUtils.java:logGet(43)) - raft.server.log.segment.size.max = 1048576 (custom)
2019-10-01 20:10:54,535 [pool-57-thread-1] INFO  server.RaftServerConfigKeys (ConfUtils.java:logGet(43)) - raft.server.log.write.buffer.size = 33554432 (custom)
2019-10-01 20:10:54,535 [pool-37-thread-1] INFO  server.RaftServerConfigKeys (ConfUtils.java:logGet(43)) - raft.server.log.queue.element-limit = 1024 (custom)
2019-10-01 20:10:54,535 [pool-57-thread-1] INFO  server.RaftServerConfigKeys (ConfUtils.java:logGet(43)) - raft.server.log.force.sync.num = 128 (default)
2019-10-01 20:10:54,535 [pool-27-thread-1] INFO  server.RaftServerConfigKeys (ConfUtils.java:logGet(43)) - raft.server.log.preallocated.size = 16384 (custom)
2019-10-01 20:10:54,535 [pool-57-thread-1] INFO  server.RaftServerConfigKeys (ConfUtils.java:logGet(43)) - raft.server.log.statemachine.data.sync = true (default)
2019-10-01 20:10:54,535 [pool-37-thread-1] INFO  server.RaftServerConfigKeys (ConfUtils.java:logGet(43)) - raft.server.log.segment.size.max = 1048576 (custom)
2019-10-01 20:10:54,536 [pool-57-thread-1] INFO  server.RaftServerConfigKeys (ConfUtils.java:logGet(43)) - raft.server.log.statemachine.data.sync.timeout = 10s (default)
2019-10-01 20:10:54,535 [pool-27-thread-1] INFO  server.RaftServerConfigKeys (ConfUtils.java:logGet(43)) - raft.server.log.write.buffer.size = 33554432 (custom)
2019-10-01 20:10:54,536 [pool-57-thread-1] INFO  server.RaftServerConfigKeys (ConfUtils.java:logGet(43)) - raft.server.log.statemachine.data.sync.timeout.retry = -1 (default)
2019-10-01 20:10:54,536 [pool-37-thread-1] INFO  server.RaftServerConfigKeys (ConfUtils.java:logGet(43)) - raft.server.log.preallocated.size = 16384 (custom)
2019-10-01 20:10:54,536 [pool-57-thread-1] INFO  server.RaftServerConfigKeys (ConfUtils.java:logGet(43)) - raft.server.log.statemachine.data.caching.enabled = true (custom)
2019-10-01 20:10:54,536 [pool-27-thread-1] INFO  server.RaftServerConfigKeys (ConfUtils.java:logGet(43)) - raft.server.log.force.sync.num = 128 (default)
2019-10-01 20:10:54,536 [pool-37-thread-1] INFO  server.RaftServerConfigKeys (ConfUtils.java:logGet(43)) - raft.server.log.write.buffer.size = 33554432 (custom)
2019-10-01 20:10:54,536 [pool-57-thread-1] INFO  segmented.SegmentedRaftLogWorker (SegmentedRaftLogWorker.java:lambda$new$0(132)) - c91e227e-7352-4230-bfa6-1f4b5d4bb797@group-FAD9FF546EB2-SegmentedRaftLogWorker: flushIndex: setUnconditionally 0 -> -1
2019-10-01 20:10:54,536 [pool-27-thread-1] INFO  server.RaftServerConfigKeys (ConfUtils.java:logGet(43)) - raft.server.log.statemachine.data.sync = true (default)
2019-10-01 20:10:54,536 [pool-37-thread-1] INFO  server.RaftServerConfigKeys (ConfUtils.java:logGet(43)) - raft.server.log.force.sync.num = 128 (default)
2019-10-01 20:10:54,537 [pool-27-thread-1] INFO  server.RaftServerConfigKeys (ConfUtils.java:logGet(43)) - raft.server.log.statemachine.data.sync.timeout = 10s (default)
2019-10-01 20:10:54,537 [pool-37-thread-1] INFO  server.RaftServerConfigKeys (ConfUtils.java:logGet(43)) - raft.server.log.statemachine.data.sync = true (default)
2019-10-01 20:10:54,537 [pool-57-thread-1] INFO  server.RaftServerConfigKeys (ConfUtils.java:logGet(43)) - raft.server.snapshot.auto.trigger.enabled = true (custom)
2019-10-01 20:10:54,537 [pool-37-thread-1] INFO  server.RaftServerConfigKeys (ConfUtils.java:logGet(43)) - raft.server.log.statemachine.data.sync.timeout = 10s (default)
2019-10-01 20:10:54,537 [pool-27-thread-1] INFO  server.RaftServerConfigKeys (ConfUtils.java:logGet(43)) - raft.server.log.statemachine.data.sync.timeout.retry = -1 (default)
2019-10-01 20:10:54,537 [pool-37-thread-1] INFO  server.RaftServerConfigKeys (ConfUtils.java:logGet(43)) - raft.server.log.statemachine.data.sync.timeout.retry = -1 (default)
2019-10-01 20:10:54,537 [pool-57-thread-1] INFO  server.RaftServerConfigKeys (ConfUtils.java:logGet(43)) - raft.server.snapshot.auto.trigger.threshold = 10000 (custom)
2019-10-01 20:10:54,538 [pool-37-thread-1] INFO  server.RaftServerConfigKeys (ConfUtils.java:logGet(43)) - raft.server.log.statemachine.data.caching.enabled = true (custom)
2019-10-01 20:10:54,538 [pool-27-thread-1] INFO  server.RaftServerConfigKeys (ConfUtils.java:logGet(43)) - raft.server.log.statemachine.data.caching.enabled = true (custom)
2019-10-01 20:10:54,538 [pool-57-thread-1] INFO  server.RaftServerConfigKeys (ConfUtils.java:logGet(43)) - raft.server.snapshot.retention.num.files = 5 (custom)
2019-10-01 20:10:54,538 [pool-37-thread-1] INFO  segmented.SegmentedRaftLogWorker (SegmentedRaftLogWorker.java:lambda$new$0(132)) - 04729fd9-c1ff-4dca-ad26-4e6679f16bc9@group-FAD9FF546EB2-SegmentedRaftLogWorker: flushIndex: setUnconditionally 0 -> -1
2019-10-01 20:10:54,538 [pool-27-thread-1] INFO  segmented.SegmentedRaftLogWorker (SegmentedRaftLogWorker.java:lambda$new$0(132)) - 1eb58d1e-b4ee-4e5c-b6cd-c69dd16abeb7@group-FAD9FF546EB2-SegmentedRaftLogWorker: flushIndex: setUnconditionally 0 -> -1
2019-10-01 20:10:54,538 [pool-37-thread-1] INFO  server.RaftServerConfigKeys (ConfUtils.java:logGet(43)) - raft.server.snapshot.auto.trigger.enabled = true (custom)
2019-10-01 20:10:54,538 [pool-57-thread-1] INFO  server.RaftServerConfigKeys (ConfUtils.java:logGet(43)) - raft.server.retrycache.expirytime = 600000ms (custom)
2019-10-01 20:10:54,538 [pool-37-thread-1] INFO  server.RaftServerConfigKeys (ConfUtils.java:logGet(43)) - raft.server.snapshot.auto.trigger.threshold = 10000 (custom)
2019-10-01 20:10:54,538 [pool-27-thread-1] INFO  server.RaftServerConfigKeys (ConfUtils.java:logGet(43)) - raft.server.snapshot.auto.trigger.enabled = true (custom)
2019-10-01 20:10:54,539 [pool-37-thread-1] INFO  server.RaftServerConfigKeys (ConfUtils.java:logGet(43)) - raft.server.snapshot.retention.num.files = 5 (custom)
2019-10-01 20:10:54,539 [pool-27-thread-1] INFO  server.RaftServerConfigKeys (ConfUtils.java:logGet(43)) - raft.server.snapshot.auto.trigger.threshold = 10000 (custom)
2019-10-01 20:10:54,539 [pool-27-thread-1] INFO  server.RaftServerConfigKeys (ConfUtils.java:logGet(43)) - raft.server.snapshot.retention.num.files = 5 (custom)
2019-10-01 20:10:54,539 [pool-37-thread-1] INFO  server.RaftServerConfigKeys (ConfUtils.java:logGet(43)) - raft.server.retrycache.expirytime = 600000ms (custom)
2019-10-01 20:10:54,539 [pool-27-thread-1] INFO  server.RaftServerConfigKeys (ConfUtils.java:logGet(43)) - raft.server.retrycache.expirytime = 600000ms (custom)
2019-10-01 20:10:54,542 [pool-57-thread-1] INFO  impl.RaftServerImpl (RaftServerImpl.java:start(185)) - c91e227e-7352-4230-bfa6-1f4b5d4bb797@group-FAD9FF546EB2: start as a follower, conf=-1: [c91e227e-7352-4230-bfa6-1f4b5d4bb797:192.168.151.103:37268, 04729fd9-c1ff-4dca-ad26-4e6679f16bc9:192.168.151.103:39208, 1eb58d1e-b4ee-4e5c-b6cd-c69dd16abeb7:192.168.151.103:39702], old=null
2019-10-01 20:10:54,543 [pool-57-thread-1] INFO  impl.RaftServerImpl (RaftServerImpl.java:setRole(174)) - c91e227e-7352-4230-bfa6-1f4b5d4bb797@group-FAD9FF546EB2: changes role from      null to FOLLOWER at term 0 for startAsFollower
2019-10-01 20:10:54,543 [pool-57-thread-1] INFO  impl.RoleInfo (RoleInfo.java:updateAndGet(143)) - c91e227e-7352-4230-bfa6-1f4b5d4bb797: start FollowerState
2019-10-01 20:10:54,543 [pool-27-thread-1] INFO  impl.RaftServerImpl (RaftServerImpl.java:start(185)) - 1eb58d1e-b4ee-4e5c-b6cd-c69dd16abeb7@group-FAD9FF546EB2: start as a follower, conf=-1: [c91e227e-7352-4230-bfa6-1f4b5d4bb797:192.168.151.103:37268, 04729fd9-c1ff-4dca-ad26-4e6679f16bc9:192.168.151.103:39208, 1eb58d1e-b4ee-4e5c-b6cd-c69dd16abeb7:192.168.151.103:39702], old=null
2019-10-01 20:10:54,543 [pool-27-thread-1] INFO  impl.RaftServerImpl (RaftServerImpl.java:setRole(174)) - 1eb58d1e-b4ee-4e5c-b6cd-c69dd16abeb7@group-FAD9FF546EB2: changes role from      null to FOLLOWER at term 0 for startAsFollower
2019-10-01 20:10:54,543 [pool-27-thread-1] INFO  impl.RoleInfo (RoleInfo.java:updateAndGet(143)) - 1eb58d1e-b4ee-4e5c-b6cd-c69dd16abeb7: start FollowerState
2019-10-01 20:10:54,543 [pool-57-thread-1] INFO  util.JmxRegister (JmxRegister.java:tryRegister(44)) - Successfully registered JMX Bean with object name Ratis:service=RaftServer,group=group-FAD9FF546EB2,id=c91e227e-7352-4230-bfa6-1f4b5d4bb797
2019-10-01 20:10:54,543 [pool-37-thread-1] INFO  impl.RaftServerImpl (RaftServerImpl.java:start(185)) - 04729fd9-c1ff-4dca-ad26-4e6679f16bc9@group-FAD9FF546EB2: start as a follower, conf=-1: [c91e227e-7352-4230-bfa6-1f4b5d4bb797:192.168.151.103:37268, 04729fd9-c1ff-4dca-ad26-4e6679f16bc9:192.168.151.103:39208, 1eb58d1e-b4ee-4e5c-b6cd-c69dd16abeb7:192.168.151.103:39702], old=null
2019-10-01 20:10:54,543 [pool-27-thread-1] INFO  util.JmxRegister (JmxRegister.java:tryRegister(44)) - Successfully registered JMX Bean with object name Ratis:service=RaftServer,group=group-FAD9FF546EB2,id=1eb58d1e-b4ee-4e5c-b6cd-c69dd16abeb7
2019-10-01 20:10:54,543 [pool-37-thread-1] INFO  impl.RaftServerImpl (RaftServerImpl.java:setRole(174)) - 04729fd9-c1ff-4dca-ad26-4e6679f16bc9@group-FAD9FF546EB2: changes role from      null to FOLLOWER at term 0 for startAsFollower
2019-10-01 20:10:54,544 [pool-37-thread-1] INFO  impl.RoleInfo (RoleInfo.java:updateAndGet(143)) - 04729fd9-c1ff-4dca-ad26-4e6679f16bc9: start FollowerState
2019-10-01 20:10:54,544 [pool-37-thread-1] INFO  util.JmxRegister (JmxRegister.java:tryRegister(44)) - Successfully registered JMX Bean with object name Ratis:service=RaftServer,group=group-FAD9FF546EB2,id=04729fd9-c1ff-4dca-ad26-4e6679f16bc9
2019-10-01 20:10:54,550 [RatisPipelineUtilsThread] INFO  pipeline.PipelineStateManager (PipelineStateManager.java:addPipeline(56)) - Created pipeline Pipeline[ Id: 5e484d48-d393-4417-a8a3-fad9ff546eb2, Nodes: c91e227e-7352-4230-bfa6-1f4b5d4bb797{ip: 192.168.151.103, host: pr-trunk-878pl-325597374, networkLocation: /default-rack, certSerialId: null}1eb58d1e-b4ee-4e5c-b6cd-c69dd16abeb7{ip: 192.168.151.103, host: pr-trunk-878pl-325597374, networkLocation: /default-rack, certSerialId: null}04729fd9-c1ff-4dca-ad26-4e6679f16bc9{ip: 192.168.151.103, host: pr-trunk-878pl-325597374, networkLocation: /default-rack, certSerialId: null}, Type:RATIS, Factor:THREE, State:OPEN]
2019-10-01 20:10:59,555 [Thread-510] INFO  impl.FollowerState (FollowerState.java:run(106)) - 04729fd9-c1ff-4dca-ad26-4e6679f16bc9:group-FAD9FF546EB2 changes to CANDIDATE, lastRpcTime:5011, electionTimeout:5011ms
2019-10-01 20:10:59,556 [Thread-510] INFO  impl.RoleInfo (RoleInfo.java:shutdownFollowerState(121)) - 04729fd9-c1ff-4dca-ad26-4e6679f16bc9: shutdown FollowerState
2019-10-01 20:10:59,557 [Thread-510] INFO  impl.RaftServerImpl (RaftServerImpl.java:setRole(174)) - 04729fd9-c1ff-4dca-ad26-4e6679f16bc9@group-FAD9FF546EB2: changes role from  FOLLOWER to CANDIDATE at term 0 for changeToCandidate
2019-10-01 20:10:59,557 [Thread-510] INFO  impl.RoleInfo (RoleInfo.java:updateAndGet(143)) - 04729fd9-c1ff-4dca-ad26-4e6679f16bc9: start LeaderElection
2019-10-01 20:10:59,587 [04729fd9-c1ff-4dca-ad26-4e6679f16bc9@group-FAD9FF546EB2:LeaderElection12] INFO  impl.LeaderElection (LeaderElection.java:askForVotes(182)) - 04729fd9-c1ff-4dca-ad26-4e6679f16bc9@group-FAD9FF546EB2:LeaderElection12: begin an election at term 1 for -1: [c91e227e-7352-4230-bfa6-1f4b5d4bb797:192.168.151.103:37268, 04729fd9-c1ff-4dca-ad26-4e6679f16bc9:192.168.151.103:39208, 1eb58d1e-b4ee-4e5c-b6cd-c69dd16abeb7:192.168.151.103:39702], old=null
2019-10-01 20:10:59,595 [grpc-default-executor-5] INFO  impl.RaftServerImpl (RaftServerImpl.java:setRole(174)) - c91e227e-7352-4230-bfa6-1f4b5d4bb797@group-FAD9FF546EB2: changes role from  FOLLOWER to FOLLOWER at term 1 for recognizeCandidate:04729fd9-c1ff-4dca-ad26-4e6679f16bc9
2019-10-01 20:10:59,595 [grpc-default-executor-1] INFO  impl.RaftServerImpl (RaftServerImpl.java:setRole(174)) - 1eb58d1e-b4ee-4e5c-b6cd-c69dd16abeb7@group-FAD9FF546EB2: changes role from  FOLLOWER to FOLLOWER at term 1 for recognizeCandidate:04729fd9-c1ff-4dca-ad26-4e6679f16bc9
2019-10-01 20:10:59,595 [grpc-default-executor-5] INFO  impl.RoleInfo (RoleInfo.java:shutdownFollowerState(121)) - c91e227e-7352-4230-bfa6-1f4b5d4bb797: shutdown FollowerState
2019-10-01 20:10:59,595 [grpc-default-executor-1] INFO  impl.RoleInfo (RoleInfo.java:shutdownFollowerState(121)) - 1eb58d1e-b4ee-4e5c-b6cd-c69dd16abeb7: shutdown FollowerState
2019-10-01 20:10:59,596 [grpc-default-executor-5] INFO  impl.RoleInfo (RoleInfo.java:updateAndGet(143)) - c91e227e-7352-4230-bfa6-1f4b5d4bb797: start FollowerState
2019-10-01 20:10:59,596 [Thread-508] INFO  impl.FollowerState (FollowerState.java:run(115)) - 1eb58d1e-b4ee-4e5c-b6cd-c69dd16abeb7: FollowerState was interrupted: java.lang.InterruptedException: sleep interrupted
2019-10-01 20:10:59,596 [grpc-default-executor-1] INFO  impl.RoleInfo (RoleInfo.java:updateAndGet(143)) - 1eb58d1e-b4ee-4e5c-b6cd-c69dd16abeb7: start FollowerState
2019-10-01 20:10:59,596 [Thread-507] INFO  impl.FollowerState (FollowerState.java:run(115)) - c91e227e-7352-4230-bfa6-1f4b5d4bb797: FollowerState was interrupted: java.lang.InterruptedException: sleep interrupted
2019-10-01 20:10:59,612 [04729fd9-c1ff-4dca-ad26-4e6679f16bc9@group-FAD9FF546EB2:LeaderElection12] INFO  impl.LeaderElection (LeaderElection.java:logAndReturn(56)) - 04729fd9-c1ff-4dca-ad26-4e6679f16bc9@group-FAD9FF546EB2:LeaderElection12: Election PASSED; received 1 response(s) [04729fd9-c1ff-4dca-ad26-4e6679f16bc9<-c91e227e-7352-4230-bfa6-1f4b5d4bb797#0:OK-t1] and 0 exception(s); 04729fd9-c1ff-4dca-ad26-4e6679f16bc9@group-FAD9FF546EB2:t1, leader=null, voted=04729fd9-c1ff-4dca-ad26-4e6679f16bc9, raftlog=04729fd9-c1ff-4dca-ad26-4e6679f16bc9@group-FAD9FF546EB2-SegmentedRaftLog:OPENED:c-1,f-1,i0, conf=-1: [c91e227e-7352-4230-bfa6-1f4b5d4bb797:192.168.151.103:37268, 04729fd9-c1ff-4dca-ad26-4e6679f16bc9:192.168.151.103:39208, 1eb58d1e-b4ee-4e5c-b6cd-c69dd16abeb7:192.168.151.103:39702], old=null
2019-10-01 20:10:59,612 [04729fd9-c1ff-4dca-ad26-4e6679f16bc9@group-FAD9FF546EB2:LeaderElection12] INFO  impl.RoleInfo (RoleInfo.java:shutdownLeaderElection(134)) - 04729fd9-c1ff-4dca-ad26-4e6679f16bc9: shutdown LeaderElection
2019-10-01 20:10:59,614 [04729fd9-c1ff-4dca-ad26-4e6679f16bc9@group-FAD9FF546EB2:LeaderElection12] INFO  impl.RaftServerImpl (RaftServerImpl.java:setRole(174)) - 04729fd9-c1ff-4dca-ad26-4e6679f16bc9@group-FAD9FF546EB2: changes role from CANDIDATE to LEADER at term 1 for changeToLeader
2019-10-01 20:10:59,615 [04729fd9-c1ff-4dca-ad26-4e6679f16bc9@group-FAD9FF546EB2:LeaderElection12] INFO  impl.RaftServerImpl (ServerState.java:setLeader(253)) - 04729fd9-c1ff-4dca-ad26-4e6679f16bc9@group-FAD9FF546EB2: change Leader from null to 04729fd9-c1ff-4dca-ad26-4e6679f16bc9 at term 1 for becomeLeader, leader elected after 5082ms
2019-10-01 20:10:59,615 [04729fd9-c1ff-4dca-ad26-4e6679f16bc9@group-FAD9FF546EB2:LeaderElection12] INFO  server.RaftServerConfigKeys (ConfUtils.java:logGet(43)) - raft.server.staging.catchup.gap = 1000 (default)
2019-10-01 20:10:59,615 [04729fd9-c1ff-4dca-ad26-4e6679f16bc9@group-FAD9FF546EB2:LeaderElection12] INFO  server.RaftServerConfigKeys (ConfUtils.java:logGet(43)) - raft.server.rpc.sleep.time = 25ms (default)
2019-10-01 20:10:59,615 [04729fd9-c1ff-4dca-ad26-4e6679f16bc9@group-FAD9FF546EB2:LeaderElection12] INFO  server.RaftServerConfigKeys (ConfUtils.java:logGet(43)) - raft.server.write.element-limit = 4096 (default)
2019-10-01 20:10:59,616 [04729fd9-c1ff-4dca-ad26-4e6679f16bc9@group-FAD9FF546EB2:LeaderElection12] INFO  server.RaftServerConfigKeys (ConfUtils.java:logGet(43)) - raft.server.watch.timeout = 10s (default)
2019-10-01 20:10:59,616 [04729fd9-c1ff-4dca-ad26-4e6679f16bc9@group-FAD9FF546EB2:LeaderElection12] INFO  server.RaftServerConfigKeys (ConfUtils.java:logGet(43)) - raft.server.watch.timeout.denomination = 1s (default)
2019-10-01 20:10:59,616 [04729fd9-c1ff-4dca-ad26-4e6679f16bc9@group-FAD9FF546EB2:LeaderElection12] INFO  server.RaftServerConfigKeys (ConfUtils.java:logGet(43)) - raft.server.watch.element-limit = 65536 (default)
2019-10-01 20:10:59,619 [04729fd9-c1ff-4dca-ad26-4e6679f16bc9@group-FAD9FF546EB2:LeaderElection12] INFO  server.RaftServerConfigKeys (ConfUtils.java:logGet(43)) - raft.server.log.appender.snapshot.chunk.size.max = 16MB (=16777216) (default)
2019-10-01 20:10:59,619 [04729fd9-c1ff-4dca-ad26-4e6679f16bc9@group-FAD9FF546EB2:LeaderElection12] INFO  server.RaftServerConfigKeys (ConfUtils.java:logGet(43)) - raft.server.log.appender.buffer.byte-limit = 33554432 (custom)
2019-10-01 20:10:59,619 [04729fd9-c1ff-4dca-ad26-4e6679f16bc9@group-FAD9FF546EB2:LeaderElection12] INFO  server.RaftServerConfigKeys (ConfUtils.java:logGet(43)) - raft.server.log.appender.buffer.element-limit = 1 (custom)
2019-10-01 20:10:59,619 [04729fd9-c1ff-4dca-ad26-4e6679f16bc9@group-FAD9FF546EB2:LeaderElection12] INFO  grpc.GrpcConfigKeys$Server (ConfUtils.java:logGet(43)) - raft.grpc.server.leader.outstanding.appends.max = 128 (default)
2019-10-01 20:10:59,620 [04729fd9-c1ff-4dca-ad26-4e6679f16bc9@group-FAD9FF546EB2:LeaderElection12] INFO  server.RaftServerConfigKeys (ConfUtils.java:logGet(43)) - raft.server.rpc.request.timeout = 3000ms (default)
2019-10-01 20:10:59,620 [04729fd9-c1ff-4dca-ad26-4e6679f16bc9@group-FAD9FF546EB2:LeaderElection12] INFO  server.RaftServerConfigKeys (ConfUtils.java:logGet(43)) - raft.server.log.appender.install.snapshot.enabled = false (custom)
2019-10-01 20:10:59,620 [04729fd9-c1ff-4dca-ad26-4e6679f16bc9@group-FAD9FF546EB2:LeaderElection12] INFO  server.RaftServerConfigKeys (ConfUtils.java:logGet(43)) - raft.server.log.appender.snapshot.chunk.size.max = 16MB (=16777216) (default)
2019-10-01 20:10:59,620 [04729fd9-c1ff-4dca-ad26-4e6679f16bc9@group-FAD9FF546EB2:LeaderElection12] INFO  server.RaftServerConfigKeys (ConfUtils.java:logGet(43)) - raft.server.log.appender.buffer.byte-limit = 33554432 (custom)
2019-10-01 20:10:59,620 [04729fd9-c1ff-4dca-ad26-4e6679f16bc9@group-FAD9FF546EB2:LeaderElection12] INFO  server.RaftServerConfigKeys (ConfUtils.java:logGet(43)) - raft.server.log.appender.buffer.element-limit = 1 (custom)
2019-10-01 20:10:59,620 [04729fd9-c1ff-4dca-ad26-4e6679f16bc9@group-FAD9FF546EB2:LeaderElection12] INFO  grpc.GrpcConfigKeys$Server (ConfUtils.java:logGet(43)) - raft.grpc.server.leader.outstanding.appends.max = 128 (default)
2019-10-01 20:10:59,620 [04729fd9-c1ff-4dca-ad26-4e6679f16bc9@group-FAD9FF546EB2:LeaderElection12] INFO  server.RaftServerConfigKeys (ConfUtils.java:logGet(43)) - raft.server.rpc.request.timeout = 3000ms (default)
2019-10-01 20:10:59,620 [04729fd9-c1ff-4dca-ad26-4e6679f16bc9@group-FAD9FF546EB2:LeaderElection12] INFO  server.RaftServerConfigKeys (ConfUtils.java:logGet(43)) - raft.server.log.appender.install.snapshot.enabled = false (custom)
2019-10-01 20:10:59,621 [04729fd9-c1ff-4dca-ad26-4e6679f16bc9@group-FAD9FF546EB2:LeaderElection12] INFO  impl.RoleInfo (RoleInfo.java:updateAndGet(143)) - 04729fd9-c1ff-4dca-ad26-4e6679f16bc9: start LeaderState
2019-10-01 20:10:59,621 [04729fd9-c1ff-4dca-ad26-4e6679f16bc9@group-FAD9FF546EB2:LeaderElection12] INFO  segmented.SegmentedRaftLogWorker (SegmentedRaftLogWorker.java:startLogSegment(380)) - 04729fd9-c1ff-4dca-ad26-4e6679f16bc9@group-FAD9FF546EB2-SegmentedRaftLogWorker: Starting segment from index:0
2019-10-01 20:10:59,622 [04729fd9-c1ff-4dca-ad26-4e6679f16bc9@group-FAD9FF546EB2:LeaderElection12] INFO  impl.RaftServerImpl (ServerState.java:setRaftConf(354)) - 04729fd9-c1ff-4dca-ad26-4e6679f16bc9@group-FAD9FF546EB2: set configuration 0: [c91e227e-7352-4230-bfa6-1f4b5d4bb797:192.168.151.103:37268, 04729fd9-c1ff-4dca-ad26-4e6679f16bc9:192.168.151.103:39208, 1eb58d1e-b4ee-4e5c-b6cd-c69dd16abeb7:192.168.151.103:39702], old=null at 0
2019-10-01 20:10:59,650 [grpc-default-executor-5] INFO  impl.RaftServerImpl (ServerState.java:setLeader(253)) - 1eb58d1e-b4ee-4e5c-b6cd-c69dd16abeb7@group-FAD9FF546EB2: change Leader from null to 04729fd9-c1ff-4dca-ad26-4e6679f16bc9 at term 1 for appendEntries, leader elected after 5117ms
2019-10-01 20:10:59,651 [grpc-default-executor-1] INFO  impl.RaftServerImpl (ServerState.java:setLeader(253)) - c91e227e-7352-4230-bfa6-1f4b5d4bb797@group-FAD9FF546EB2: change Leader from null to 04729fd9-c1ff-4dca-ad26-4e6679f16bc9 at term 1 for appendEntries, leader elected after 5119ms
2019-10-01 20:10:59,655 [grpc-default-executor-5] INFO  impl.RaftServerImpl (ServerState.java:setRaftConf(354)) - 1eb58d1e-b4ee-4e5c-b6cd-c69dd16abeb7@group-FAD9FF546EB2: set configuration 0: [c91e227e-7352-4230-bfa6-1f4b5d4bb797:192.168.151.103:37268, 04729fd9-c1ff-4dca-ad26-4e6679f16bc9:192.168.151.103:39208, 1eb58d1e-b4ee-4e5c-b6cd-c69dd16abeb7:192.168.151.103:39702], old=null at 0
2019-10-01 20:10:59,655 [grpc-default-executor-5] INFO  segmented.SegmentedRaftLogWorker (SegmentedRaftLogWorker.java:startLogSegment(380)) - 1eb58d1e-b4ee-4e5c-b6cd-c69dd16abeb7@group-FAD9FF546EB2-SegmentedRaftLogWorker: Starting segment from index:0
2019-10-01 20:10:59,656 [grpc-default-executor-1] INFO  impl.RaftServerImpl (ServerState.java:setRaftConf(354)) - c91e227e-7352-4230-bfa6-1f4b5d4bb797@group-FAD9FF546EB2: set configuration 0: [c91e227e-7352-4230-bfa6-1f4b5d4bb797:192.168.151.103:37268, 04729fd9-c1ff-4dca-ad26-4e6679f16bc9:192.168.151.103:39208, 1eb58d1e-b4ee-4e5c-b6cd-c69dd16abeb7:192.168.151.103:39702], old=null at 0
2019-10-01 20:10:59,656 [grpc-default-executor-1] INFO  segmented.SegmentedRaftLogWorker (SegmentedRaftLogWorker.java:startLogSegment(380)) - c91e227e-7352-4230-bfa6-1f4b5d4bb797@group-FAD9FF546EB2-SegmentedRaftLogWorker: Starting segment from index:0
2019-10-01 20:10:59,659 [04729fd9-c1ff-4dca-ad26-4e6679f16bc9@group-FAD9FF546EB2-SegmentedRaftLogWorker] INFO  segmented.SegmentedRaftLogWorker (SegmentedRaftLogWorker.java:execute(569)) - 04729fd9-c1ff-4dca-ad26-4e6679f16bc9@group-FAD9FF546EB2-SegmentedRaftLogWorker: created new log segment /workdir/hadoop-ozone/ozonefs/target/test-dir/MiniOzoneClusterImpl-e98f5f70-891c-46e9-bc29-8096c13504df/datanode-1/data/ratis/5e484d48-d393-4417-a8a3-fad9ff546eb2/current/log_inprogress_0
2019-10-01 20:10:59,695 [1eb58d1e-b4ee-4e5c-b6cd-c69dd16abeb7@group-FAD9FF546EB2-SegmentedRaftLogWorker] INFO  segmented.SegmentedRaftLogWorker (SegmentedRaftLogWorker.java:execute(569)) - 1eb58d1e-b4ee-4e5c-b6cd-c69dd16abeb7@group-FAD9FF546EB2-SegmentedRaftLogWorker: created new log segment /workdir/hadoop-ozone/ozonefs/target/test-dir/MiniOzoneClusterImpl-e98f5f70-891c-46e9-bc29-8096c13504df/datanode-0/data/ratis/5e484d48-d393-4417-a8a3-fad9ff546eb2/current/log_inprogress_0
2019-10-01 20:10:59,695 [c91e227e-7352-4230-bfa6-1f4b5d4bb797@group-FAD9FF546EB2-SegmentedRaftLogWorker] INFO  segmented.SegmentedRaftLogWorker (SegmentedRaftLogWorker.java:execute(569)) - c91e227e-7352-4230-bfa6-1f4b5d4bb797@group-FAD9FF546EB2-SegmentedRaftLogWorker: created new log segment /workdir/hadoop-ozone/ozonefs/target/test-dir/MiniOzoneClusterImpl-e98f5f70-891c-46e9-bc29-8096c13504df/datanode-3/data/ratis/5e484d48-d393-4417-a8a3-fad9ff546eb2/current/log_inprogress_0
2019-10-01 20:11:16,628 [Thread-439] WARN  util.JavaUtils (JavaUtils.java:sleep(250)) - Unexpected long sleep: sleep(5046ms) actually took 5586ms which is over the threshold 300ms
2019-10-01 20:11:16,633 [Thread-523] WARN  util.JavaUtils (JavaUtils.java:sleep(250)) - Unexpected long sleep: sleep(5101ms) actually took 6824ms which is over the threshold 300ms
2019-10-01 20:11:16,636 [Thread-524] WARN  util.JavaUtils (JavaUtils.java:sleep(250)) - Unexpected long sleep: sleep(5051ms) actually took 6959ms which is over the threshold 300ms
2019-10-01 20:11:16,637 [org.apache.hadoop.util.JvmPauseMonitor$Monitor@73a9e847] INFO  util.JvmPauseMonitor (JvmPauseMonitor.java:run(205)) - Detected pause in JVM or host machine (eg GC): pause of approximately 1902ms
No GCs detected
2019-10-01 20:11:16,637 [org.apache.hadoop.util.JvmPauseMonitor$Monitor@971e33c] INFO  util.JvmPauseMonitor (JvmPauseMonitor.java:run(205)) - Detected pause in JVM or host machine (eg GC): pause of approximately 1901ms
No GCs detected
2019-10-01 20:11:16,637 [org.apache.hadoop.util.JvmPauseMonitor$Monitor@fcaeaca] INFO  util.JvmPauseMonitor (JvmPauseMonitor.java:run(205)) - Detected pause in JVM or host machine (eg GC): pause of approximately 1818ms
No GCs detected
2019-10-01 20:11:16,637 [org.apache.hadoop.util.JvmPauseMonitor$Monitor@4cef53f6] INFO  util.JvmPauseMonitor (JvmPauseMonitor.java:run(205)) - Detected pause in JVM or host machine (eg GC): pause of approximately 1902ms
No GCs detected
2019-10-01 20:11:16,637 [org.apache.hadoop.util.JvmPauseMonitor$Monitor@18da0cac] INFO  util.JvmPauseMonitor (JvmPauseMonitor.java:run(205)) - Detected pause in JVM or host machine (eg GC): pause of approximately 1902ms
No GCs detected
2019-10-01 20:11:16,637 [org.apache.hadoop.util.JvmPauseMonitor$Monitor@43c67247] INFO  util.JvmPauseMonitor (JvmPauseMonitor.java:run(205)) - Detected pause in JVM or host machine (eg GC): pause of approximately 1906ms
No GCs detected
2019-10-01 20:11:27,209 [grpc-default-executor-6] INFO  impl.RaftServerProxy (RaftServerProxy.java:remove(95)) - c91e227e-7352-4230-bfa6-1f4b5d4bb797: remove  FOLLOWER c91e227e-7352-4230-bfa6-1f4b5d4bb797@group-6AEBF8440239:t1, leader=04729fd9-c1ff-4dca-ad26-4e6679f16bc9, voted=04729fd9-c1ff-4dca-ad26-4e6679f16bc9, raftlog=c91e227e-7352-4230-bfa6-1f4b5d4bb797@group-6AEBF8440239-SegmentedRaftLog:OPENED:c0,f2,i2, conf=0: [c91e227e-7352-4230-bfa6-1f4b5d4bb797:192.168.151.103:37268, 04729fd9-c1ff-4dca-ad26-4e6679f16bc9:192.168.151.103:39208, 1eb58d1e-b4ee-4e5c-b6cd-c69dd16abeb7:192.168.151.103:39702], old=null RUNNING
2019-10-01 20:11:27,210 [grpc-default-executor-6] INFO  impl.RaftServerImpl (RaftServerImpl.java:lambda$shutdown$3(251)) - c91e227e-7352-4230-bfa6-1f4b5d4bb797@group-6AEBF8440239: shutdown
2019-10-01 20:11:27,211 [grpc-default-executor-6] INFO  util.JmxRegister (JmxRegister.java:unregister(73)) - Successfully un-registered JMX Bean with object name Ratis:service=RaftServer,group=group-6AEBF8440239,id=c91e227e-7352-4230-bfa6-1f4b5d4bb797
2019-10-01 20:11:27,211 [grpc-default-executor-6] INFO  impl.RoleInfo (RoleInfo.java:shutdownFollowerState(121)) - c91e227e-7352-4230-bfa6-1f4b5d4bb797: shutdown FollowerState
2019-10-01 20:11:27,212 [grpc-default-executor-6] INFO  impl.StateMachineUpdater (StateMachineUpdater.java:stopAndJoin(125)) - c91e227e-7352-4230-bfa6-1f4b5d4bb797@group-6AEBF8440239-StateMachineUpdater: set stopIndex = 0
2019-10-01 20:11:27,214 [Thread-439] INFO  impl.FollowerState (FollowerState.java:run(115)) - c91e227e-7352-4230-bfa6-1f4b5d4bb797: FollowerState was interrupted: java.lang.InterruptedException: sleep interrupted
2019-10-01 20:11:27,226 [grpc-default-executor-6] INFO  impl.RaftServerImpl (ServerState.java:close(385)) - c91e227e-7352-4230-bfa6-1f4b5d4bb797@group-6AEBF8440239: closes. applyIndex: 0
2019-10-01 20:11:27,226 [c91e227e-7352-4230-bfa6-1f4b5d4bb797@group-6AEBF8440239-SegmentedRaftLogWorker] INFO  segmented.SegmentedRaftLogWorker (SegmentedRaftLogWorker.java:run(313)) - c91e227e-7352-4230-bfa6-1f4b5d4bb797@group-6AEBF8440239-SegmentedRaftLogWorker was interrupted, exiting. There are 0 tasks remaining in the queue.
2019-10-01 20:11:27,229 [grpc-default-executor-6] INFO  segmented.SegmentedRaftLogWorker (SegmentedRaftLogWorker.java:close(228)) - c91e227e-7352-4230-bfa6-1f4b5d4bb797@group-6AEBF8440239-SegmentedRaftLogWorker close()
2019-10-01 20:11:27,295 [grpc-default-executor-6] INFO  interfaces.Container (KeyValueContainer.java:flushAndSyncDB(386)) - Container 4 is synced with bcsId 0.
2019-10-01 20:11:27,297 [grpc-default-executor-6] INFO  interfaces.Container (KeyValueContainer.java:flushAndSyncDB(386)) - Container 4 is synced with bcsId 0.
2019-10-01 20:11:27,317 [EventQueue-IncrementalContainerReportForIncrementalContainerReportHandler] INFO  container.IncrementalContainerReportHandler (AbstractContainerReportHandler.java:updateContainerState(169)) - Moving container #4 to QUASI_CLOSED state, datanode c91e227e-7352-4230-bfa6-1f4b5d4bb797{ip: 192.168.151.103, host: pr-trunk-878pl-325597374, networkLocation: /default-rack, certSerialId: null} reported QUASI_CLOSED replica.
2019-10-01 20:11:27,325 [grpc-default-executor-6] INFO  impl.RaftServerProxy (RaftServerProxy.java:remove(95)) - 1eb58d1e-b4ee-4e5c-b6cd-c69dd16abeb7: remove  FOLLOWER 1eb58d1e-b4ee-4e5c-b6cd-c69dd16abeb7@group-6AEBF8440239:t1, leader=04729fd9-c1ff-4dca-ad26-4e6679f16bc9, voted=04729fd9-c1ff-4dca-ad26-4e6679f16bc9, raftlog=1eb58d1e-b4ee-4e5c-b6cd-c69dd16abeb7@group-6AEBF8440239-SegmentedRaftLog:OPENED:c0,f2,i2, conf=0: [c91e227e-7352-4230-bfa6-1f4b5d4bb797:192.168.151.103:37268, 04729fd9-c1ff-4dca-ad26-4e6679f16bc9:192.168.151.103:39208, 1eb58d1e-b4ee-4e5c-b6cd-c69dd16abeb7:192.168.151.103:39702], old=null RUNNING
2019-10-01 20:11:27,326 [grpc-default-executor-6] INFO  impl.RaftServerImpl (RaftServerImpl.java:lambda$shutdown$3(251)) - 1eb58d1e-b4ee-4e5c-b6cd-c69dd16abeb7@group-6AEBF8440239: shutdown
2019-10-01 20:11:27,326 [grpc-default-executor-6] INFO  util.JmxRegister (JmxRegister.java:unregister(73)) - Successfully un-registered JMX Bean with object name Ratis:service=RaftServer,group=group-6AEBF8440239,id=1eb58d1e-b4ee-4e5c-b6cd-c69dd16abeb7
2019-10-01 20:11:27,326 [grpc-default-executor-6] INFO  impl.RoleInfo (RoleInfo.java:shutdownFollowerState(121)) - 1eb58d1e-b4ee-4e5c-b6cd-c69dd16abeb7: shutdown FollowerState
2019-10-01 20:11:27,326 [grpc-default-executor-6] INFO  impl.StateMachineUpdater (StateMachineUpdater.java:stopAndJoin(125)) - 1eb58d1e-b4ee-4e5c-b6cd-c69dd16abeb7@group-6AEBF8440239-StateMachineUpdater: set stopIndex = 0
2019-10-01 20:11:27,326 [Thread-440] INFO  impl.FollowerState (FollowerState.java:run(115)) - 1eb58d1e-b4ee-4e5c-b6cd-c69dd16abeb7: FollowerState was interrupted: java.lang.InterruptedException: sleep interrupted
2019-10-01 20:11:27,328 [grpc-default-executor-6] INFO  impl.RaftServerImpl (ServerState.java:close(385)) - 1eb58d1e-b4ee-4e5c-b6cd-c69dd16abeb7@group-6AEBF8440239: closes. applyIndex: 0
2019-10-01 20:11:27,329 [1eb58d1e-b4ee-4e5c-b6cd-c69dd16abeb7@group-6AEBF8440239-SegmentedRaftLogWorker] INFO  segmented.SegmentedRaftLogWorker (SegmentedRaftLogWorker.java:run(313)) - 1eb58d1e-b4ee-4e5c-b6cd-c69dd16abeb7@group-6AEBF8440239-SegmentedRaftLogWorker was interrupted, exiting. There are 0 tasks remaining in the queue.
2019-10-01 20:11:27,330 [grpc-default-executor-6] INFO  segmented.SegmentedRaftLogWorker (SegmentedRaftLogWorker.java:close(228)) - 1eb58d1e-b4ee-4e5c-b6cd-c69dd16abeb7@group-6AEBF8440239-SegmentedRaftLogWorker close()
2019-10-01 20:11:27,391 [grpc-default-executor-6] INFO  interfaces.Container (KeyValueContainer.java:flushAndSyncDB(386)) - Container 4 is synced with bcsId 0.
2019-10-01 20:11:27,391 [grpc-default-executor-6] INFO  interfaces.Container (KeyValueContainer.java:flushAndSyncDB(386)) - Container 4 is synced with bcsId 0.
2019-10-01 20:11:27,417 [grpc-default-executor-6] INFO  impl.RaftServerProxy (RaftServerProxy.java:remove(95)) - 04729fd9-c1ff-4dca-ad26-4e6679f16bc9: remove    LEADER 04729fd9-c1ff-4dca-ad26-4e6679f16bc9@group-6AEBF8440239:t1, leader=04729fd9-c1ff-4dca-ad26-4e6679f16bc9, voted=04729fd9-c1ff-4dca-ad26-4e6679f16bc9, raftlog=04729fd9-c1ff-4dca-ad26-4e6679f16bc9@group-6AEBF8440239-SegmentedRaftLog:OPENED:c0,f0,i2, conf=0: [c91e227e-7352-4230-bfa6-1f4b5d4bb797:192.168.151.103:37268, 04729fd9-c1ff-4dca-ad26-4e6679f16bc9:192.168.151.103:39208, 1eb58d1e-b4ee-4e5c-b6cd-c69dd16abeb7:192.168.151.103:39702], old=null RUNNING
2019-10-01 20:11:27,418 [grpc-default-executor-6] INFO  impl.RaftServerImpl (RaftServerImpl.java:lambda$shutdown$3(251)) - 04729fd9-c1ff-4dca-ad26-4e6679f16bc9@group-6AEBF8440239: shutdown
2019-10-01 20:11:27,418 [grpc-default-executor-6] INFO  util.JmxRegister (JmxRegister.java:unregister(73)) - Successfully un-registered JMX Bean with object name Ratis:service=RaftServer,group=group-6AEBF8440239,id=04729fd9-c1ff-4dca-ad26-4e6679f16bc9
2019-10-01 20:11:27,418 [grpc-default-executor-6] INFO  impl.RoleInfo (RoleInfo.java:shutdownLeaderState(104)) - 04729fd9-c1ff-4dca-ad26-4e6679f16bc9: shutdown LeaderState
2019-10-01 20:11:27,421 [grpc-default-executor-6] INFO  impl.PendingRequests (PendingRequests.java:sendNotLeaderResponses(202)) - 04729fd9-c1ff-4dca-ad26-4e6679f16bc9-PendingRequests: sendNotLeaderResponses
2019-10-01 20:11:27,423 [org.apache.ratis.server.impl.LogAppender$AppenderDaemon$$Lambda$705/236705144@f6e3ca2] WARN  server.GrpcLogAppender (GrpcLogAppender.java:mayWait(143)) - 04729fd9-c1ff-4dca-ad26-4e6679f16bc9@group-6AEBF8440239->1eb58d1e-b4ee-4e5c-b6cd-c69dd16abeb7-GrpcLogAppender: Wait interrupted by java.lang.InterruptedException
2019-10-01 20:11:27,423 [org.apache.ratis.server.impl.LogAppender$AppenderDaemon$$Lambda$705/236705144@6ad2eecf] WARN  server.GrpcLogAppender (GrpcLogAppender.java:mayWait(143)) - 04729fd9-c1ff-4dca-ad26-4e6679f16bc9@group-6AEBF8440239->c91e227e-7352-4230-bfa6-1f4b5d4bb797-GrpcLogAppender: Wait interrupted by java.lang.InterruptedException
2019-10-01 20:11:27,427 [grpc-default-executor-6] INFO  impl.StateMachineUpdater (StateMachineUpdater.java:stopAndJoin(125)) - 04729fd9-c1ff-4dca-ad26-4e6679f16bc9@group-6AEBF8440239-StateMachineUpdater: set stopIndex = 0
2019-10-01 20:11:27,427 [grpc-default-executor-1] INFO  server.GrpcServerProtocolService (GrpcServerProtocolService.java:onCompleted(113)) - 1eb58d1e-b4ee-4e5c-b6cd-c69dd16abeb7: Completed APPEND_ENTRIES, lastRequest: 04729fd9-c1ff-4dca-ad26-4e6679f16bc9->1eb58d1e-b4ee-4e5c-b6cd-c69dd16abeb7#29-t1, previous=(t:1, i:2), leaderCommit=0, initializing? false, entries: <empty>
2019-10-01 20:11:27,428 [grpc-default-executor-5] INFO  server.GrpcServerProtocolService (GrpcServerProtocolService.java:onCompleted(113)) - c91e227e-7352-4230-bfa6-1f4b5d4bb797: Completed APPEND_ENTRIES, lastRequest: 04729fd9-c1ff-4dca-ad26-4e6679f16bc9->c91e227e-7352-4230-bfa6-1f4b5d4bb797#29-t1, previous=(t:1, i:2), leaderCommit=0, initializing? false, entries: <empty>
2019-10-01 20:11:27,428 [grpc-default-executor-6] INFO  impl.RaftServerImpl (ServerState.java:close(385)) - 04729fd9-c1ff-4dca-ad26-4e6679f16bc9@group-6AEBF8440239: closes. applyIndex: 0
2019-10-01 20:11:27,430 [04729fd9-c1ff-4dca-ad26-4e6679f16bc9@group-6AEBF8440239-SegmentedRaftLogWorker] INFO  segmented.SegmentedRaftLogWorker (SegmentedRaftLogWorker.java:run(313)) - 04729fd9-c1ff-4dca-ad26-4e6679f16bc9@group-6AEBF8440239-SegmentedRaftLogWorker was interrupted, exiting. There are 0 tasks remaining in the queue.
2019-10-01 20:11:27,430 [grpc-default-executor-5] INFO  server.GrpcLogAppender (GrpcLogAppender.java:onCompleted(293)) - 04729fd9-c1ff-4dca-ad26-4e6679f16bc9@group-6AEBF8440239->c91e227e-7352-4230-bfa6-1f4b5d4bb797-AppendLogResponseHandler: follower responses appendEntries COMPLETED
2019-10-01 20:11:27,430 [grpc-default-executor-1] INFO  server.GrpcLogAppender (GrpcLogAppender.java:onCompleted(293)) - 04729fd9-c1ff-4dca-ad26-4e6679f16bc9@group-6AEBF8440239->1eb58d1e-b4ee-4e5c-b6cd-c69dd16abeb7-AppendLogResponseHandler: follower responses appendEntries COMPLETED
2019-10-01 20:11:27,432 [grpc-default-executor-5] INFO  impl.FollowerInfo (FollowerInfo.java:lambda$new$0(51)) - 04729fd9-c1ff-4dca-ad26-4e6679f16bc9@group-6AEBF8440239->c91e227e-7352-4230-bfa6-1f4b5d4bb797: nextIndex: updateUnconditionally 3 -> 2
2019-10-01 20:11:27,431 [grpc-default-executor-6] INFO  segmented.SegmentedRaftLogWorker (SegmentedRaftLogWorker.java:close(228)) - 04729fd9-c1ff-4dca-ad26-4e6679f16bc9@group-6AEBF8440239-SegmentedRaftLogWorker close()
2019-10-01 20:11:27,432 [grpc-default-executor-1] INFO  impl.FollowerInfo (FollowerInfo.java:lambda$new$0(51)) - 04729fd9-c1ff-4dca-ad26-4e6679f16bc9@group-6AEBF8440239->1eb58d1e-b4ee-4e5c-b6cd-c69dd16abeb7: nextIndex: updateUnconditionally 3 -> 2
2019-10-01 20:11:27,437 [grpc-default-executor-4] WARN  server.GrpcLogAppender (LogUtils.java:warn(134)) - 04729fd9-c1ff-4dca-ad26-4e6679f16bc9@group-FAD9FF546EB2->c91e227e-7352-4230-bfa6-1f4b5d4bb797-AppendLogResponseHandler: Failed appendEntries: org.apache.ratis.thirdparty.io.grpc.StatusRuntimeException: UNAVAILABLE: Channel shutdownNow invoked
2019-10-01 20:11:27,437 [grpc-default-executor-7] WARN  server.GrpcLogAppender (LogUtils.java:warn(134)) - 04729fd9-c1ff-4dca-ad26-4e6679f16bc9@group-FAD9FF546EB2->1eb58d1e-b4ee-4e5c-b6cd-c69dd16abeb7-AppendLogResponseHandler: Failed appendEntries: org.apache.ratis.thirdparty.io.grpc.StatusRuntimeException: UNAVAILABLE: Channel shutdownNow invoked
2019-10-01 20:11:27,437 [grpc-default-executor-4] INFO  impl.FollowerInfo (FollowerInfo.java:lambda$new$0(51)) - 04729fd9-c1ff-4dca-ad26-4e6679f16bc9@group-FAD9FF546EB2->c91e227e-7352-4230-bfa6-1f4b5d4bb797: nextIndex: updateUnconditionally 1 -> 0
2019-10-01 20:11:27,437 [grpc-default-executor-7] INFO  impl.FollowerInfo (FollowerInfo.java:lambda$new$0(51)) - 04729fd9-c1ff-4dca-ad26-4e6679f16bc9@group-FAD9FF546EB2->1eb58d1e-b4ee-4e5c-b6cd-c69dd16abeb7: nextIndex: updateUnconditionally 1 -> 0
2019-10-01 20:11:27,442 [grpc-default-executor-1] WARN  server.GrpcServerProtocolService (LogUtils.java:warn(134)) - c91e227e-7352-4230-bfa6-1f4b5d4bb797: installSnapshot onError, lastRequest: 04729fd9-c1ff-4dca-ad26-4e6679f16bc9->c91e227e-7352-4230-bfa6-1f4b5d4bb797#11-t1, previous=(t:1, i:0), leaderCommit=0, initializing? false, entries: <empty>: org.apache.ratis.thirdparty.io.grpc.StatusRuntimeException: CANCELLED: cancelled before receiving half close
2019-10-01 20:11:27,442 [grpc-default-executor-5] WARN  server.GrpcServerProtocolService (LogUtils.java:warn(134)) - 1eb58d1e-b4ee-4e5c-b6cd-c69dd16abeb7: installSnapshot onError, lastRequest: 04729fd9-c1ff-4dca-ad26-4e6679f16bc9->1eb58d1e-b4ee-4e5c-b6cd-c69dd16abeb7#11-t1, previous=(t:1, i:0), leaderCommit=0, initializing? false, entries: <empty>: org.apache.ratis.thirdparty.io.grpc.StatusRuntimeException: CANCELLED: cancelled before receiving half close
2019-10-01 20:11:27,442 [RatisPipelineUtilsThread] INFO  pipeline.PipelineStateManager (PipelineStateManager.java:removePipeline(108)) - Pipeline Pipeline[ Id: c16e67fe-9e19-4ead-b678-6aebf8440239, Nodes: c91e227e-7352-4230-bfa6-1f4b5d4bb797{ip: 192.168.151.103, host: pr-trunk-878pl-325597374, networkLocation: /default-rack, certSerialId: null}1eb58d1e-b4ee-4e5c-b6cd-c69dd16abeb7{ip: 192.168.151.103, host: pr-trunk-878pl-325597374, networkLocation: /default-rack, certSerialId: null}04729fd9-c1ff-4dca-ad26-4e6679f16bc9{ip: 192.168.151.103, host: pr-trunk-878pl-325597374, networkLocation: /default-rack, certSerialId: null}, Type:RATIS, Factor:THREE, State:CLOSED] removed from db
2019-10-01 20:11:27,455 [grpc-default-executor-7] INFO  impl.RaftServerProxy (RaftServerProxy.java:remove(95)) - c91e227e-7352-4230-bfa6-1f4b5d4bb797: remove group-6AEBF8440239:null
2019-10-01 20:11:27,468 [RatisPipelineUtilsThread] WARN  pipeline.RatisPipelineUtils (RatisPipelineUtils.java:destroyPipeline(67)) - Pipeline destroy failed for pipeline=PipelineID=c16e67fe-9e19-4ead-b678-6aebf8440239 dn=c91e227e-7352-4230-bfa6-1f4b5d4bb797{ip: 192.168.151.103, host: pr-trunk-878pl-325597374, networkLocation: /default-rack, certSerialId: null}
2019-10-01 20:11:27,476 [grpc-default-executor-5] INFO  impl.RaftServerProxy (RaftServerProxy.java:remove(95)) - 1eb58d1e-b4ee-4e5c-b6cd-c69dd16abeb7: remove group-6AEBF8440239:null
2019-10-01 20:11:27,482 [RatisPipelineUtilsThread] WARN  pipeline.RatisPipelineUtils (RatisPipelineUtils.java:destroyPipeline(67)) - Pipeline destroy failed for pipeline=PipelineID=c16e67fe-9e19-4ead-b678-6aebf8440239 dn=1eb58d1e-b4ee-4e5c-b6cd-c69dd16abeb7{ip: 192.168.151.103, host: pr-trunk-878pl-325597374, networkLocation: /default-rack, certSerialId: null}
2019-10-01 20:11:27,487 [grpc-default-executor-5] INFO  impl.RaftServerProxy (RaftServerProxy.java:remove(95)) - 04729fd9-c1ff-4dca-ad26-4e6679f16bc9: remove group-6AEBF8440239:null
2019-10-01 20:11:27,492 [RatisPipelineUtilsThread] WARN  pipeline.RatisPipelineUtils (RatisPipelineUtils.java:destroyPipeline(67)) - Pipeline destroy failed for pipeline=PipelineID=c16e67fe-9e19-4ead-b678-6aebf8440239 dn=04729fd9-c1ff-4dca-ad26-4e6679f16bc9{ip: 192.168.151.103, host: pr-trunk-878pl-325597374, networkLocation: /default-rack, certSerialId: null}
2019-10-01 20:11:27,493 [RatisPipelineUtilsThread] ERROR pipeline.SCMPipelineManager (Scheduler.java:lambda$schedule$1(70)) - Destroy pipeline failed for pipeline:Pipeline[ Id: c16e67fe-9e19-4ead-b678-6aebf8440239, Nodes: c91e227e-7352-4230-bfa6-1f4b5d4bb797{ip: 192.168.151.103, host: pr-trunk-878pl-325597374, networkLocation: /default-rack, certSerialId: null}1eb58d1e-b4ee-4e5c-b6cd-c69dd16abeb7{ip: 192.168.151.103, host: pr-trunk-878pl-325597374, networkLocation: /default-rack, certSerialId: null}04729fd9-c1ff-4dca-ad26-4e6679f16bc9{ip: 192.168.151.103, host: pr-trunk-878pl-325597374, networkLocation: /default-rack, certSerialId: null}, Type:RATIS, Factor:THREE, State:CLOSED]
org.apache.hadoop.hdds.scm.pipeline.PipelineNotFoundException: PipelineID=c16e67fe-9e19-4ead-b678-6aebf8440239 not found
	at org.apache.hadoop.hdds.scm.pipeline.PipelineStateMap.getPipeline(PipelineStateMap.java:132)
	at org.apache.hadoop.hdds.scm.pipeline.PipelineStateMap.removePipeline(PipelineStateMap.java:322)
	at org.apache.hadoop.hdds.scm.pipeline.PipelineStateManager.removePipeline(PipelineStateManager.java:107)
	at org.apache.hadoop.hdds.scm.pipeline.SCMPipelineManager.removePipeline(SCMPipelineManager.java:427)
	at org.apache.hadoop.hdds.scm.pipeline.SCMPipelineManager.destroyPipeline(SCMPipelineManager.java:413)
	at org.apache.hadoop.hdds.scm.pipeline.SCMPipelineManager.lambda$finalizeAndDestroyPipeline$0(SCMPipelineManager.java:322)
	at org.apache.hadoop.hdds.utils.Scheduler.lambda$schedule$1(Scheduler.java:68)
	at java.util.concurrent.Executors$RunnableAdapter.call(Executors.java:511)
	at java.util.concurrent.FutureTask.run(FutureTask.java:266)
	at java.util.concurrent.ScheduledThreadPoolExecutor$ScheduledFutureTask.access$201(ScheduledThreadPoolExecutor.java:180)
	at java.util.concurrent.ScheduledThreadPoolExecutor$ScheduledFutureTask.run(ScheduledThreadPoolExecutor.java:293)
	at java.util.concurrent.ThreadPoolExecutor.runWorker(ThreadPoolExecutor.java:1149)
	at java.util.concurrent.ThreadPoolExecutor$Worker.run(ThreadPoolExecutor.java:624)
	at java.lang.Thread.run(Thread.java:748)
2019-10-01 20:11:27,778 [Thread-244] WARN  io.KeyOutputStream (KeyOutputStream.java:handleException(274)) - Encountered exception java.io.IOException: Unexpected Storage Container Exception: java.util.concurrent.CompletionException: java.util.concurrent.CompletionException: org.apache.ratis.protocol.GroupMismatchException: 1eb58d1e-b4ee-4e5c-b6cd-c69dd16abeb7: group-6AEBF8440239 not found. on the pipeline Pipeline[ Id: c16e67fe-9e19-4ead-b678-6aebf8440239, Nodes: c91e227e-7352-4230-bfa6-1f4b5d4bb797{ip: 192.168.151.103, host: pr-trunk-878pl-325597374, networkLocation: /default-rack, certSerialId: null}1eb58d1e-b4ee-4e5c-b6cd-c69dd16abeb7{ip: 192.168.151.103, host: pr-trunk-878pl-325597374, networkLocation: /default-rack, certSerialId: null}04729fd9-c1ff-4dca-ad26-4e6679f16bc9{ip: 192.168.151.103, host: pr-trunk-878pl-325597374, networkLocation: /default-rack, certSerialId: null}, Type:RATIS, Factor:THREE, State:OPEN]. The last committed block length is 0, uncommitted data length is 1024 retry count 0
2019-10-01 20:11:27,849 [grpc-default-executor-1] INFO  impl.RaftServerImpl (ServerState.java:setRaftConf(354)) - c91e227e-7352-4230-bfa6-1f4b5d4bb797@group-FAD9FF546EB2: set configuration 0: [c91e227e-7352-4230-bfa6-1f4b5d4bb797:192.168.151.103:37268, 04729fd9-c1ff-4dca-ad26-4e6679f16bc9:192.168.151.103:39208, 1eb58d1e-b4ee-4e5c-b6cd-c69dd16abeb7:192.168.151.103:39702], old=null at 0
2019-10-01 20:11:27,852 [grpc-default-executor-5] INFO  impl.RaftServerImpl (ServerState.java:setRaftConf(354)) - 1eb58d1e-b4ee-4e5c-b6cd-c69dd16abeb7@group-FAD9FF546EB2: set configuration 0: [c91e227e-7352-4230-bfa6-1f4b5d4bb797:192.168.151.103:37268, 04729fd9-c1ff-4dca-ad26-4e6679f16bc9:192.168.151.103:39208, 1eb58d1e-b4ee-4e5c-b6cd-c69dd16abeb7:192.168.151.103:39702], old=null at 0
2019-10-01 20:11:27,970 [pool-36-thread-5] ERROR impl.ChunkManagerImpl (ChunkUtils.java:writeData(89)) - data array does not match the length specified. DataLen: 1024 Byte Array: 1181
2019-10-01 20:11:27,970 [pool-36-thread-5] INFO  keyvalue.KeyValueHandler (ContainerUtils.java:logAndReturnError(146)) - Operation: WriteChunk : Trace ID: 93c16e0a163aa872:93c16e0a163aa872:0:0 : Message: data array does not match the length specified. DataLen: 1024 Byte Array: 1181 : Result: INVALID_WRITE_SIZE
2019-10-01 20:11:27,996 [EventQueue-IncrementalContainerReportForIncrementalContainerReportHandler] WARN  container.IncrementalContainerReportHandler (AbstractContainerReportHandler.java:updateContainerState(143)) - Container #5 is in OPEN state, but the datanode 04729fd9-c1ff-4dca-ad26-4e6679f16bc9{ip: 192.168.151.103, host: pr-trunk-878pl-325597374, networkLocation: /default-rack, certSerialId: null} reports an UNHEALTHY replica.
20:11:27.996 [pool-36-thread-5] ERROR DNAudit - user=null | ip=null | op=WRITE_CHUNK {blockData=conID: 5 locID: 102888943635922951 bcsId: 0} | ret=FAILURE
java.lang.Exception: data array does not match the length specified. DataLen: 1024 Byte Array: 1181
	at org.apache.hadoop.ozone.container.common.impl.HddsDispatcher.dispatchRequest(HddsDispatcher.java:330) ~[hadoop-hdds-container-service-0.5.0-SNAPSHOT.jar:?]
	at org.apache.hadoop.ozone.container.common.impl.HddsDispatcher.dispatch(HddsDispatcher.java:150) ~[hadoop-hdds-container-service-0.5.0-SNAPSHOT.jar:?]
	at org.apache.hadoop.ozone.container.common.transport.server.ratis.ContainerStateMachine.dispatchCommand(ContainerStateMachine.java:407) ~[hadoop-hdds-container-service-0.5.0-SNAPSHOT.jar:?]
	at org.apache.hadoop.ozone.container.common.transport.server.ratis.ContainerStateMachine.runCommand(ContainerStateMachine.java:415) ~[hadoop-hdds-container-service-0.5.0-SNAPSHOT.jar:?]
	at org.apache.hadoop.ozone.container.common.transport.server.ratis.ContainerStateMachine.lambda$handleWriteChunk$1(ContainerStateMachine.java:450) ~[hadoop-hdds-container-service-0.5.0-SNAPSHOT.jar:?]
	at java.util.concurrent.CompletableFuture$AsyncSupply.run(CompletableFuture.java:1590) [?:1.8.0_212]
	at java.util.concurrent.ThreadPoolExecutor.runWorker(ThreadPoolExecutor.java:1149) [?:1.8.0_212]
	at java.util.concurrent.ThreadPoolExecutor$Worker.run(ThreadPoolExecutor.java:624) [?:1.8.0_212]
	at java.lang.Thread.run(Thread.java:748) [?:1.8.0_212]
2019-10-01 20:11:27,996 [EventQueue-CloseContainerForCloseContainerEventHandler] INFO  container.CloseContainerEventHandler (CloseContainerEventHandler.java:onMessage(61)) - Close container Event triggered for container : #5
2019-10-01 20:11:27,997 [pool-36-thread-5] ERROR ratis.ContainerStateMachine (ContainerStateMachine.java:lambda$handleWriteChunk$2(470)) - group-FAD9FF546EB2: writeChunk writeStateMachineData failed: blockIdcontainerID: 5
localID: 102888943635922951
blockCommitSequenceId: 0
 logIndex 1 chunkName 102888943635922951_chunk_1 Error message: data array does not match the length specified. DataLen: 1024 Byte Array: 1181 Container Result: INVALID_WRITE_SIZE
2019-10-01 20:11:27,997 [04729fd9-c1ff-4dca-ad26-4e6679f16bc9@group-FAD9FF546EB2-SegmentedRaftLogWorker] ERROR ratis.XceiverServerRatis (XceiverServerRatis.java:triggerPipelineClose(575)) - pipeline Action CLOSE  on pipeline PipelineID=5e484d48-d393-4417-a8a3-fad9ff546eb2.Reason : data array does not match the length specified. DataLen: 1024 Byte Array: 1181
2019-10-01 20:11:27,998 [EventQueue-PipelineActionsForPipelineActionHandler] ERROR pipeline.PipelineActionHandler (PipelineActionHandler.java:onMessage(60)) - Received pipeline action CLOSE for Pipeline[ Id: 5e484d48-d393-4417-a8a3-fad9ff546eb2, Nodes: c91e227e-7352-4230-bfa6-1f4b5d4bb797{ip: 192.168.151.103, host: pr-trunk-878pl-325597374, networkLocation: /default-rack, certSerialId: null}1eb58d1e-b4ee-4e5c-b6cd-c69dd16abeb7{ip: 192.168.151.103, host: pr-trunk-878pl-325597374, networkLocation: /default-rack, certSerialId: null}04729fd9-c1ff-4dca-ad26-4e6679f16bc9{ip: 192.168.151.103, host: pr-trunk-878pl-325597374, networkLocation: /default-rack, certSerialId: null}, Type:RATIS, Factor:THREE, State:OPEN] from datanode 04729fd9-c1ff-4dca-ad26-4e6679f16bc9{ip: 192.168.151.103, host: pr-trunk-878pl-325597374, networkLocation: /default-rack, certSerialId: null}. Reason : data array does not match the length specified. DataLen: 1024 Byte Array: 1181
2019-10-01 20:11:27,998 [EventQueue-PipelineActionsForPipelineActionHandler] INFO  pipeline.SCMPipelineManager (SCMPipelineManager.java:finalizeAndDestroyPipeline(315)) - destroying pipeline:Pipeline[ Id: 5e484d48-d393-4417-a8a3-fad9ff546eb2, Nodes: c91e227e-7352-4230-bfa6-1f4b5d4bb797{ip: 192.168.151.103, host: pr-trunk-878pl-325597374, networkLocation: /default-rack, certSerialId: null}1eb58d1e-b4ee-4e5c-b6cd-c69dd16abeb7{ip: 192.168.151.103, host: pr-trunk-878pl-325597374, networkLocation: /default-rack, certSerialId: null}04729fd9-c1ff-4dca-ad26-4e6679f16bc9{ip: 192.168.151.103, host: pr-trunk-878pl-325597374, networkLocation: /default-rack, certSerialId: null}, Type:RATIS, Factor:THREE, State:OPEN]
2019-10-01 20:11:27,998 [EventQueue-PipelineActionsForPipelineActionHandler] INFO  pipeline.PipelineStateManager (PipelineStateManager.java:finalizePipeline(123)) - Pipeline Pipeline[ Id: 5e484d48-d393-4417-a8a3-fad9ff546eb2, Nodes: c91e227e-7352-4230-bfa6-1f4b5d4bb797{ip: 192.168.151.103, host: pr-trunk-878pl-325597374, networkLocation: /default-rack, certSerialId: null}1eb58d1e-b4ee-4e5c-b6cd-c69dd16abeb7{ip: 192.168.151.103, host: pr-trunk-878pl-325597374, networkLocation: /default-rack, certSerialId: null}04729fd9-c1ff-4dca-ad26-4e6679f16bc9{ip: 192.168.151.103, host: pr-trunk-878pl-325597374, networkLocation: /default-rack, certSerialId: null}, Type:RATIS, Factor:THREE, State:CLOSED] moved to CLOSED state
2019-10-01 20:11:27,999 [04729fd9-c1ff-4dca-ad26-4e6679f16bc9@group-FAD9FF546EB2-SegmentedRaftLogWorker] ERROR ratis.XceiverServerRatis (XceiverServerRatis.java:triggerPipelineClose(575)) - pipeline Action CLOSE  on pipeline PipelineID=5e484d48-d393-4417-a8a3-fad9ff546eb2.Reason : Log already failed at index 1 for task WriteLog:1: (t:1, i:1), STATEMACHINELOGENTRY, client-CA44BDDF9D5B, cid=27
2019-10-01 20:11:28,005 [EventQueue-PipelineActionsForPipelineActionHandler] ERROR pipeline.PipelineActionHandler (PipelineActionHandler.java:onMessage(60)) - Received pipeline action CLOSE for Pipeline[ Id: 5e484d48-d393-4417-a8a3-fad9ff546eb2, Nodes: c91e227e-7352-4230-bfa6-1f4b5d4bb797{ip: 192.168.151.103, host: pr-trunk-878pl-325597374, networkLocation: /default-rack, certSerialId: null}1eb58d1e-b4ee-4e5c-b6cd-c69dd16abeb7{ip: 192.168.151.103, host: pr-trunk-878pl-325597374, networkLocation: /default-rack, certSerialId: null}04729fd9-c1ff-4dca-ad26-4e6679f16bc9{ip: 192.168.151.103, host: pr-trunk-878pl-325597374, networkLocation: /default-rack, certSerialId: null}, Type:RATIS, Factor:THREE, State:CLOSED] from datanode 04729fd9-c1ff-4dca-ad26-4e6679f16bc9{ip: 192.168.151.103, host: pr-trunk-878pl-325597374, networkLocation: /default-rack, certSerialId: null}. Reason : Log already failed at index 1 for task WriteLog:1: (t:1, i:1), STATEMACHINELOGENTRY, client-CA44BDDF9D5B, cid=27
2019-10-01 20:11:28,006 [EventQueue-PipelineActionsForPipelineActionHandler] INFO  pipeline.SCMPipelineManager (SCMPipelineManager.java:finalizeAndDestroyPipeline(315)) - destroying pipeline:Pipeline[ Id: 5e484d48-d393-4417-a8a3-fad9ff546eb2, Nodes: c91e227e-7352-4230-bfa6-1f4b5d4bb797{ip: 192.168.151.103, host: pr-trunk-878pl-325597374, networkLocation: /default-rack, certSerialId: null}1eb58d1e-b4ee-4e5c-b6cd-c69dd16abeb7{ip: 192.168.151.103, host: pr-trunk-878pl-325597374, networkLocation: /default-rack, certSerialId: null}04729fd9-c1ff-4dca-ad26-4e6679f16bc9{ip: 192.168.151.103, host: pr-trunk-878pl-325597374, networkLocation: /default-rack, certSerialId: null}, Type:RATIS, Factor:THREE, State:CLOSED]
2019-10-01 20:11:34,588 [org.apache.hadoop.util.JvmPauseMonitor$Monitor@971e33c] INFO  util.JvmPauseMonitor (JvmPauseMonitor.java:run(205)) - Detected pause in JVM or host machine (eg GC): pause of approximately 3946ms
No GCs detected
2019-10-01 20:11:34,589 [Thread-523] WARN  util.JavaUtils (JavaUtils.java:sleep(250)) - Unexpected long sleep: sleep(5199ms) actually took 7792ms which is over the threshold 300ms
2019-10-01 20:11:34,589 [org.apache.hadoop.util.JvmPauseMonitor$Monitor@fcaeaca] INFO  util.JvmPauseMonitor (JvmPauseMonitor.java:run(205)) - Detected pause in JVM or host machine (eg GC): pause of approximately 3948ms
No GCs detected
2019-10-01 20:11:34,589 [SCM Heartbeat Processing Thread - 0] ERROR node.NodeStateManager (NodeStateManager.java:checkNodesHealth(626)) - Total time spend processing datanode HB's is greater than configured values for datanode heartbeats. Please adjust the heartbeat configs. Time Spend on HB processing: 3 seconds Datanode heartbeat Interval: 100 seconds.
2019-10-01 20:11:34,589 [org.apache.hadoop.util.JvmPauseMonitor$Monitor@4cef53f6] INFO  util.JvmPauseMonitor (JvmPauseMonitor.java:run(205)) - Detected pause in JVM or host machine (eg GC): pause of approximately 3948ms
No GCs detected
2019-10-01 20:11:34,589 [org.apache.hadoop.util.JvmPauseMonitor$Monitor@18da0cac] INFO  util.JvmPauseMonitor (JvmPauseMonitor.java:run(205)) - Detected pause in JVM or host machine (eg GC): pause of approximately 3947ms
No GCs detected
2019-10-01 20:11:34,589 [Thread-524] WARN  util.JavaUtils (JavaUtils.java:sleep(250)) - Unexpected long sleep: sleep(5193ms) actually took 7598ms which is over the threshold 300ms
2019-10-01 20:11:34,598 [org.apache.hadoop.util.JvmPauseMonitor$Monitor@73a9e847] INFO  util.JvmPauseMonitor (JvmPauseMonitor.java:run(205)) - Detected pause in JVM or host machine (eg GC): pause of approximately 3929ms
No GCs detected
2019-10-01 20:11:34,598 [org.apache.hadoop.util.JvmPauseMonitor$Monitor@43c67247] INFO  util.JvmPauseMonitor (JvmPauseMonitor.java:run(205)) - Detected pause in JVM or host machine (eg GC): pause of approximately 3947ms
No GCs detected
]]></system-out>
    <system-err><![CDATA[Oct 01, 2019 8:11:27 PM org.apache.ratis.thirdparty.io.grpc.internal.SerializingExecutor run
SEVERE: Exception while executing runnable org.apache.ratis.thirdparty.io.grpc.internal.ServerImpl$JumpToApplicationThreadServerStreamListener$1Closed@35a4d4b8
org.apache.ratis.thirdparty.io.grpc.StatusRuntimeException: CANCELLED: call already cancelled
	at org.apache.ratis.thirdparty.io.grpc.Status.asRuntimeException(Status.java:517)
	at org.apache.ratis.thirdparty.io.grpc.stub.ServerCalls$ServerCallStreamObserverImpl.onCompleted(ServerCalls.java:356)
	at org.apache.ratis.grpc.server.GrpcServerProtocolService$ServerRequestStreamObserver.onError(GrpcServerProtocolService.java:121)
	at org.apache.ratis.thirdparty.io.grpc.stub.ServerCalls$StreamingServerCallHandler$StreamingServerCallListener.onCancel(ServerCalls.java:269)
	at org.apache.ratis.thirdparty.io.grpc.internal.ServerCallImpl$ServerStreamListenerImpl.closed(ServerCallImpl.java:293)
	at org.apache.ratis.thirdparty.io.grpc.internal.ServerImpl$JumpToApplicationThreadServerStreamListener$1Closed.runInContext(ServerImpl.java:741)
	at org.apache.ratis.thirdparty.io.grpc.internal.ContextRunnable.run(ContextRunnable.java:37)
	at org.apache.ratis.thirdparty.io.grpc.internal.SerializingExecutor.run(SerializingExecutor.java:123)
	at java.util.concurrent.ThreadPoolExecutor.runWorker(ThreadPoolExecutor.java:1149)
	at java.util.concurrent.ThreadPoolExecutor$Worker.run(ThreadPoolExecutor.java:624)
	at java.lang.Thread.run(Thread.java:748)

Oct 01, 2019 8:11:27 PM org.apache.ratis.thirdparty.io.grpc.internal.SerializingExecutor run
SEVERE: Exception while executing runnable org.apache.ratis.thirdparty.io.grpc.internal.ServerImpl$JumpToApplicationThreadServerStreamListener$1Closed@3869b36f
org.apache.ratis.thirdparty.io.grpc.StatusRuntimeException: CANCELLED: call already cancelled
	at org.apache.ratis.thirdparty.io.grpc.Status.asRuntimeException(Status.java:517)
	at org.apache.ratis.thirdparty.io.grpc.stub.ServerCalls$ServerCallStreamObserverImpl.onCompleted(ServerCalls.java:356)
	at org.apache.ratis.grpc.server.GrpcServerProtocolService$ServerRequestStreamObserver.onError(GrpcServerProtocolService.java:121)
	at org.apache.ratis.thirdparty.io.grpc.stub.ServerCalls$StreamingServerCallHandler$StreamingServerCallListener.onCancel(ServerCalls.java:269)
	at org.apache.ratis.thirdparty.io.grpc.internal.ServerCallImpl$ServerStreamListenerImpl.closed(ServerCallImpl.java:293)
	at org.apache.ratis.thirdparty.io.grpc.internal.ServerImpl$JumpToApplicationThreadServerStreamListener$1Closed.runInContext(ServerImpl.java:741)
	at org.apache.ratis.thirdparty.io.grpc.internal.ContextRunnable.run(ContextRunnable.java:37)
	at org.apache.ratis.thirdparty.io.grpc.internal.SerializingExecutor.run(SerializingExecutor.java:123)
	at java.util.concurrent.ThreadPoolExecutor.runWorker(ThreadPoolExecutor.java:1149)
	at java.util.concurrent.ThreadPoolExecutor$Worker.run(ThreadPoolExecutor.java:624)
	at java.lang.Thread.run(Thread.java:748)

]]></system-err>
  </testcase>
  <testcase name="testSequentialRead" classname="org.apache.hadoop.fs.ozone.contract.ITestOzoneContractOpen" time="180.004">
    <error message="test timed out after 180000 milliseconds" type="java.lang.Exception">java.lang.Exception: test timed out after 180000 milliseconds
	at sun.misc.Unsafe.park(Native Method)
	at java.util.concurrent.locks.LockSupport.park(LockSupport.java:175)
	at java.util.concurrent.CompletableFuture$Signaller.block(CompletableFuture.java:1693)
	at java.util.concurrent.ForkJoinPool.managedBlock(ForkJoinPool.java:3323)
	at java.util.concurrent.CompletableFuture.waitingGet(CompletableFuture.java:1729)
	at java.util.concurrent.CompletableFuture.get(CompletableFuture.java:1895)
	at org.apache.hadoop.hdds.scm.storage.BlockOutputStream.waitOnFlushFutures(BlockOutputStream.java:515)
	at org.apache.hadoop.hdds.scm.storage.BlockOutputStream.handleFlush(BlockOutputStream.java:478)
	at org.apache.hadoop.hdds.scm.storage.BlockOutputStream.close(BlockOutputStream.java:493)
	at org.apache.hadoop.ozone.client.io.BlockOutputStreamEntry.close(BlockOutputStreamEntry.java:143)
	at org.apache.hadoop.ozone.client.io.KeyOutputStream.handleFlushOrClose(KeyOutputStream.java:435)
	at org.apache.hadoop.ozone.client.io.KeyOutputStream.close(KeyOutputStream.java:473)
	at org.apache.hadoop.fs.ozone.OzoneFSOutputStream.close(OzoneFSOutputStream.java:56)
	at org.apache.hadoop.fs.FSDataOutputStream$PositionCache.close(FSDataOutputStream.java:72)
	at org.apache.hadoop.fs.FSDataOutputStream.close(FSDataOutputStream.java:101)
	at org.apache.hadoop.fs.contract.ContractTestUtils.createFile(ContractTestUtils.java:638)
	at org.apache.hadoop.fs.contract.AbstractContractOpenTest.testSequentialRead(AbstractContractOpenTest.java:153)
	at sun.reflect.NativeMethodAccessorImpl.invoke0(Native Method)
	at sun.reflect.NativeMethodAccessorImpl.invoke(NativeMethodAccessorImpl.java:62)
	at sun.reflect.DelegatingMethodAccessorImpl.invoke(DelegatingMethodAccessorImpl.java:43)
	at java.lang.reflect.Method.invoke(Method.java:498)
	at org.junit.runners.model.FrameworkMethod$1.runReflectiveCall(FrameworkMethod.java:47)
	at org.junit.internal.runners.model.ReflectiveCallable.run(ReflectiveCallable.java:12)
	at org.junit.runners.model.FrameworkMethod.invokeExplosively(FrameworkMethod.java:44)
	at org.junit.internal.runners.statements.InvokeMethod.evaluate(InvokeMethod.java:17)
	at org.junit.internal.runners.statements.RunBefores.evaluate(RunBefores.java:26)
	at org.junit.internal.runners.statements.RunAfters.evaluate(RunAfters.java:27)
	at org.junit.rules.TestWatcher$1.evaluate(TestWatcher.java:55)
	at org.junit.internal.runners.statements.FailOnTimeout$StatementThread.run(FailOnTimeout.java:74)
</error>
    <system-out><![CDATA[2019-10-01 20:11:56,472 [Thread-649] INFO  rpc.RpcClient (RpcClient.java:createVolume(276)) - Creating Volume: volume49199, with user34097 as owner.
2019-10-01 20:11:56,475 [IPC Server handler 12 on 45904] INFO  volume.OMVolumeCreateRequest (OMVolumeCreateRequest.java:validateAndUpdateCache(194)) - created volume:volume49199 for user:user34097
2019-10-01 20:11:56,479 [Thread-649] INFO  rpc.RpcClient (RpcClient.java:createBucket(415)) - Creating Bucket: volume49199/bucket30626, with Versioning false and Storage Type set to DISK and Encryption set to false 
2019-10-01 20:11:56,538 [Thread-649] INFO  contract.AbstractFSContractTestBase (AbstractFSContractTestBase.java:setup(184)) - Test filesystem = o3fs://bucket30626.volume49199 implemented by OzoneFileSystem{URI=o3fs://bucket30626.volume49199, workingDir=o3fs://bucket30626.volume49199/user/jenkins1000, userName=jenkins1000, statistics=0 bytes read, 1024 bytes written, 13 read ops, 0 large read ops, 9 write ops}
2019-10-01 20:11:56,541 [Thread-649] INFO  contract.AbstractFSContractTestBase (AbstractFSContractTestBase.java:describe(255)) - verify that sequential read() operations return values
2019-10-01 20:11:56,563 [grpc-default-executor-5] INFO  impl.RaftServerProxy (RaftServerProxy.java:addNew(89)) - 1eb58d1e-b4ee-4e5c-b6cd-c69dd16abeb7: addNew group-732C13042A76:[c91e227e-7352-4230-bfa6-1f4b5d4bb797:192.168.151.103:37268, 04729fd9-c1ff-4dca-ad26-4e6679f16bc9:192.168.151.103:39208, 1eb58d1e-b4ee-4e5c-b6cd-c69dd16abeb7:192.168.151.103:39702] returns group-732C13042A76:java.util.concurrent.CompletableFuture@6d51a462[Not completed]
2019-10-01 20:11:56,565 [grpc-default-executor-7] INFO  impl.RaftServerProxy (RaftServerProxy.java:addNew(89)) - 04729fd9-c1ff-4dca-ad26-4e6679f16bc9: addNew group-732C13042A76:[c91e227e-7352-4230-bfa6-1f4b5d4bb797:192.168.151.103:37268, 04729fd9-c1ff-4dca-ad26-4e6679f16bc9:192.168.151.103:39208, 1eb58d1e-b4ee-4e5c-b6cd-c69dd16abeb7:192.168.151.103:39702] returns group-732C13042A76:java.util.concurrent.CompletableFuture@7b93de5f[Not completed]
2019-10-01 20:11:56,565 [grpc-default-executor-1] INFO  impl.RaftServerProxy (RaftServerProxy.java:addNew(89)) - c91e227e-7352-4230-bfa6-1f4b5d4bb797: addNew group-732C13042A76:[c91e227e-7352-4230-bfa6-1f4b5d4bb797:192.168.151.103:37268, 04729fd9-c1ff-4dca-ad26-4e6679f16bc9:192.168.151.103:39208, 1eb58d1e-b4ee-4e5c-b6cd-c69dd16abeb7:192.168.151.103:39702] returns group-732C13042A76:java.util.concurrent.CompletableFuture@41f2346f[Not completed]
2019-10-01 20:11:56,566 [pool-27-thread-1] INFO  impl.RaftServerImpl (RaftServerImpl.java:<init>(95)) - 1eb58d1e-b4ee-4e5c-b6cd-c69dd16abeb7: new RaftServerImpl for group-732C13042A76:[c91e227e-7352-4230-bfa6-1f4b5d4bb797:192.168.151.103:37268, 04729fd9-c1ff-4dca-ad26-4e6679f16bc9:192.168.151.103:39208, 1eb58d1e-b4ee-4e5c-b6cd-c69dd16abeb7:192.168.151.103:39702] with ContainerStateMachine:uninitialized
2019-10-01 20:11:56,566 [pool-27-thread-1] INFO  server.RaftServerConfigKeys (ConfUtils.java:logGet(43)) - raft.server.rpc.timeout.min = 5s (custom)
2019-10-01 20:11:56,566 [pool-27-thread-1] INFO  server.RaftServerConfigKeys (ConfUtils.java:logGet(43)) - raft.server.rpc.timeout.max = 5200ms (custom)
2019-10-01 20:11:56,566 [pool-27-thread-1] INFO  server.RaftServerConfigKeys (ConfUtils.java:logGet(43)) - raft.server.rpcslowness.timeout = 120s (custom)
2019-10-01 20:11:56,567 [pool-27-thread-1] INFO  server.RaftServerConfigKeys (ConfUtils.java:logGet(43)) - raft.server.sleep.deviation.threshold = 300 (default)
2019-10-01 20:11:56,567 [pool-27-thread-1] INFO  server.RaftServerConfigKeys (ConfUtils.java:logGet(43)) - raft.server.log.appender.install.snapshot.enabled = false (custom)
2019-10-01 20:11:56,567 [pool-27-thread-1] INFO  impl.RaftServerImpl (ServerState.java:<init>(103)) - 1eb58d1e-b4ee-4e5c-b6cd-c69dd16abeb7@group-732C13042A76: ConfigurationManager, init=-1: [c91e227e-7352-4230-bfa6-1f4b5d4bb797:192.168.151.103:37268, 04729fd9-c1ff-4dca-ad26-4e6679f16bc9:192.168.151.103:39208, 1eb58d1e-b4ee-4e5c-b6cd-c69dd16abeb7:192.168.151.103:39702], old=null, confs=<EMPTY_MAP>
2019-10-01 20:11:56,567 [pool-27-thread-1] INFO  server.RaftServerConfigKeys (ConfUtils.java:logGet(43)) - raft.server.storage.dir = [/workdir/hadoop-ozone/ozonefs/target/test-dir/MiniOzoneClusterImpl-e98f5f70-891c-46e9-bc29-8096c13504df/datanode-0/data/ratis] (custom)
2019-10-01 20:11:56,567 [pool-57-thread-1] INFO  impl.RaftServerImpl (RaftServerImpl.java:<init>(95)) - c91e227e-7352-4230-bfa6-1f4b5d4bb797: new RaftServerImpl for group-732C13042A76:[c91e227e-7352-4230-bfa6-1f4b5d4bb797:192.168.151.103:37268, 04729fd9-c1ff-4dca-ad26-4e6679f16bc9:192.168.151.103:39208, 1eb58d1e-b4ee-4e5c-b6cd-c69dd16abeb7:192.168.151.103:39702] with ContainerStateMachine:uninitialized
2019-10-01 20:11:56,567 [pool-57-thread-1] INFO  server.RaftServerConfigKeys (ConfUtils.java:logGet(43)) - raft.server.rpc.timeout.min = 5s (custom)
2019-10-01 20:11:56,567 [pool-27-thread-1] INFO  storage.RaftStorageDirectory (RaftStorageDirectory.java:analyzeStorage(246)) - The storage directory /workdir/hadoop-ozone/ozonefs/target/test-dir/MiniOzoneClusterImpl-e98f5f70-891c-46e9-bc29-8096c13504df/datanode-0/data/ratis/6cdfae99-0395-4262-a95c-732c13042a76 does not exist. Creating ...
2019-10-01 20:11:56,567 [pool-57-thread-1] INFO  server.RaftServerConfigKeys (ConfUtils.java:logGet(43)) - raft.server.rpc.timeout.max = 5200ms (custom)
2019-10-01 20:11:56,567 [pool-37-thread-1] INFO  impl.RaftServerImpl (RaftServerImpl.java:<init>(95)) - 04729fd9-c1ff-4dca-ad26-4e6679f16bc9: new RaftServerImpl for group-732C13042A76:[c91e227e-7352-4230-bfa6-1f4b5d4bb797:192.168.151.103:37268, 04729fd9-c1ff-4dca-ad26-4e6679f16bc9:192.168.151.103:39208, 1eb58d1e-b4ee-4e5c-b6cd-c69dd16abeb7:192.168.151.103:39702] with ContainerStateMachine:uninitialized
2019-10-01 20:11:56,567 [pool-57-thread-1] INFO  server.RaftServerConfigKeys (ConfUtils.java:logGet(43)) - raft.server.rpcslowness.timeout = 120s (custom)
2019-10-01 20:11:56,568 [pool-37-thread-1] INFO  server.RaftServerConfigKeys (ConfUtils.java:logGet(43)) - raft.server.rpc.timeout.min = 5s (custom)
2019-10-01 20:11:56,568 [pool-57-thread-1] INFO  server.RaftServerConfigKeys (ConfUtils.java:logGet(43)) - raft.server.sleep.deviation.threshold = 300 (default)
2019-10-01 20:11:56,568 [pool-37-thread-1] INFO  server.RaftServerConfigKeys (ConfUtils.java:logGet(43)) - raft.server.rpc.timeout.max = 5200ms (custom)
2019-10-01 20:11:56,568 [pool-57-thread-1] INFO  server.RaftServerConfigKeys (ConfUtils.java:logGet(43)) - raft.server.log.appender.install.snapshot.enabled = false (custom)
2019-10-01 20:11:56,568 [pool-37-thread-1] INFO  server.RaftServerConfigKeys (ConfUtils.java:logGet(43)) - raft.server.rpcslowness.timeout = 120s (custom)
2019-10-01 20:11:56,568 [pool-57-thread-1] INFO  impl.RaftServerImpl (ServerState.java:<init>(103)) - c91e227e-7352-4230-bfa6-1f4b5d4bb797@group-732C13042A76: ConfigurationManager, init=-1: [c91e227e-7352-4230-bfa6-1f4b5d4bb797:192.168.151.103:37268, 04729fd9-c1ff-4dca-ad26-4e6679f16bc9:192.168.151.103:39208, 1eb58d1e-b4ee-4e5c-b6cd-c69dd16abeb7:192.168.151.103:39702], old=null, confs=<EMPTY_MAP>
2019-10-01 20:11:56,568 [pool-37-thread-1] INFO  server.RaftServerConfigKeys (ConfUtils.java:logGet(43)) - raft.server.sleep.deviation.threshold = 300 (default)
2019-10-01 20:11:56,568 [pool-57-thread-1] INFO  server.RaftServerConfigKeys (ConfUtils.java:logGet(43)) - raft.server.storage.dir = [/workdir/hadoop-ozone/ozonefs/target/test-dir/MiniOzoneClusterImpl-e98f5f70-891c-46e9-bc29-8096c13504df/datanode-3/data/ratis] (custom)
2019-10-01 20:11:56,568 [pool-37-thread-1] INFO  server.RaftServerConfigKeys (ConfUtils.java:logGet(43)) - raft.server.log.appender.install.snapshot.enabled = false (custom)
2019-10-01 20:11:56,569 [pool-37-thread-1] INFO  impl.RaftServerImpl (ServerState.java:<init>(103)) - 04729fd9-c1ff-4dca-ad26-4e6679f16bc9@group-732C13042A76: ConfigurationManager, init=-1: [c91e227e-7352-4230-bfa6-1f4b5d4bb797:192.168.151.103:37268, 04729fd9-c1ff-4dca-ad26-4e6679f16bc9:192.168.151.103:39208, 1eb58d1e-b4ee-4e5c-b6cd-c69dd16abeb7:192.168.151.103:39702], old=null, confs=<EMPTY_MAP>
2019-10-01 20:11:56,569 [pool-57-thread-1] INFO  storage.RaftStorageDirectory (RaftStorageDirectory.java:analyzeStorage(246)) - The storage directory /workdir/hadoop-ozone/ozonefs/target/test-dir/MiniOzoneClusterImpl-e98f5f70-891c-46e9-bc29-8096c13504df/datanode-3/data/ratis/6cdfae99-0395-4262-a95c-732c13042a76 does not exist. Creating ...
2019-10-01 20:11:56,569 [pool-37-thread-1] INFO  server.RaftServerConfigKeys (ConfUtils.java:logGet(43)) - raft.server.storage.dir = [/workdir/hadoop-ozone/ozonefs/target/test-dir/MiniOzoneClusterImpl-e98f5f70-891c-46e9-bc29-8096c13504df/datanode-1/data/ratis] (custom)
2019-10-01 20:11:56,569 [pool-37-thread-1] INFO  storage.RaftStorageDirectory (RaftStorageDirectory.java:analyzeStorage(246)) - The storage directory /workdir/hadoop-ozone/ozonefs/target/test-dir/MiniOzoneClusterImpl-e98f5f70-891c-46e9-bc29-8096c13504df/datanode-1/data/ratis/6cdfae99-0395-4262-a95c-732c13042a76 does not exist. Creating ...
2019-10-01 20:11:56,581 [pool-37-thread-1] INFO  storage.RaftStorageDirectory (RaftStorageDirectory.java:tryLock(328)) - Lock on /workdir/hadoop-ozone/ozonefs/target/test-dir/MiniOzoneClusterImpl-e98f5f70-891c-46e9-bc29-8096c13504df/datanode-1/data/ratis/6cdfae99-0395-4262-a95c-732c13042a76/in_use.lock acquired by nodename 27094@pr-trunk-878pl-325597374
2019-10-01 20:11:56,581 [pool-57-thread-1] INFO  storage.RaftStorageDirectory (RaftStorageDirectory.java:tryLock(328)) - Lock on /workdir/hadoop-ozone/ozonefs/target/test-dir/MiniOzoneClusterImpl-e98f5f70-891c-46e9-bc29-8096c13504df/datanode-3/data/ratis/6cdfae99-0395-4262-a95c-732c13042a76/in_use.lock acquired by nodename 27094@pr-trunk-878pl-325597374
2019-10-01 20:11:56,581 [pool-27-thread-1] INFO  storage.RaftStorageDirectory (RaftStorageDirectory.java:tryLock(328)) - Lock on /workdir/hadoop-ozone/ozonefs/target/test-dir/MiniOzoneClusterImpl-e98f5f70-891c-46e9-bc29-8096c13504df/datanode-0/data/ratis/6cdfae99-0395-4262-a95c-732c13042a76/in_use.lock acquired by nodename 27094@pr-trunk-878pl-325597374
2019-10-01 20:11:56,606 [pool-27-thread-1] INFO  storage.RaftStorage (RaftStorage.java:format(72)) - Storage directory /workdir/hadoop-ozone/ozonefs/target/test-dir/MiniOzoneClusterImpl-e98f5f70-891c-46e9-bc29-8096c13504df/datanode-0/data/ratis/6cdfae99-0395-4262-a95c-732c13042a76 has been successfully formatted.
2019-10-01 20:11:56,606 [pool-37-thread-1] INFO  storage.RaftStorage (RaftStorage.java:format(72)) - Storage directory /workdir/hadoop-ozone/ozonefs/target/test-dir/MiniOzoneClusterImpl-e98f5f70-891c-46e9-bc29-8096c13504df/datanode-1/data/ratis/6cdfae99-0395-4262-a95c-732c13042a76 has been successfully formatted.
2019-10-01 20:11:56,606 [pool-57-thread-1] INFO  storage.RaftStorage (RaftStorage.java:format(72)) - Storage directory /workdir/hadoop-ozone/ozonefs/target/test-dir/MiniOzoneClusterImpl-e98f5f70-891c-46e9-bc29-8096c13504df/datanode-3/data/ratis/6cdfae99-0395-4262-a95c-732c13042a76 has been successfully formatted.
2019-10-01 20:11:56,607 [pool-37-thread-1] INFO  ratis.ContainerStateMachine (ContainerStateMachine.java:loadSnapshot(231)) - group-732C13042A76: The snapshot info is null. Setting the last applied indexto:(t:0, i:~)
2019-10-01 20:11:56,607 [pool-27-thread-1] INFO  ratis.ContainerStateMachine (ContainerStateMachine.java:loadSnapshot(231)) - group-732C13042A76: The snapshot info is null. Setting the last applied indexto:(t:0, i:~)
2019-10-01 20:11:56,607 [pool-37-thread-1] INFO  server.RaftServerConfigKeys (ConfUtils.java:logGet(43)) - raft.server.notification.no-leader.timeout = 120s (custom)
2019-10-01 20:11:56,607 [pool-57-thread-1] INFO  ratis.ContainerStateMachine (ContainerStateMachine.java:loadSnapshot(231)) - group-732C13042A76: The snapshot info is null. Setting the last applied indexto:(t:0, i:~)
2019-10-01 20:11:56,607 [pool-37-thread-1] INFO  server.RaftServerConfigKeys (ConfUtils.java:logGet(43)) - raft.server.log.use.memory = false (default)
2019-10-01 20:11:56,607 [pool-27-thread-1] INFO  server.RaftServerConfigKeys (ConfUtils.java:logGet(43)) - raft.server.notification.no-leader.timeout = 120s (custom)
2019-10-01 20:11:56,607 [pool-37-thread-1] INFO  server.RaftServerConfigKeys (ConfUtils.java:logGet(43)) - raft.server.log.purge.gap = 1000000 (custom)
2019-10-01 20:11:56,607 [pool-57-thread-1] INFO  server.RaftServerConfigKeys (ConfUtils.java:logGet(43)) - raft.server.notification.no-leader.timeout = 120s (custom)
2019-10-01 20:11:56,607 [pool-37-thread-1] INFO  server.RaftServerConfigKeys (ConfUtils.java:logGet(43)) - raft.server.log.appender.buffer.byte-limit = 33554432 (custom)
2019-10-01 20:11:56,607 [pool-27-thread-1] INFO  server.RaftServerConfigKeys (ConfUtils.java:logGet(43)) - raft.server.log.use.memory = false (default)
2019-10-01 20:11:56,608 [pool-37-thread-1] INFO  server.RaftServerConfigKeys (ConfUtils.java:logGet(43)) - raft.server.log.segment.size.max = 1048576 (custom)
2019-10-01 20:11:56,607 [pool-57-thread-1] INFO  server.RaftServerConfigKeys (ConfUtils.java:logGet(43)) - raft.server.log.use.memory = false (default)
2019-10-01 20:11:56,608 [pool-37-thread-1] INFO  server.RaftServerConfigKeys (ConfUtils.java:logGet(43)) - raft.server.log.segment.cache.num.max = 2 (custom)
2019-10-01 20:11:56,608 [pool-27-thread-1] INFO  server.RaftServerConfigKeys (ConfUtils.java:logGet(43)) - raft.server.log.purge.gap = 1000000 (custom)
2019-10-01 20:11:56,608 [pool-37-thread-1] INFO  segmented.SegmentedRaftLogWorker (SegmentedRaftLogWorker.java:<init>(172)) - new 04729fd9-c1ff-4dca-ad26-4e6679f16bc9@group-732C13042A76-SegmentedRaftLogWorker for RaftStorage:Storage Directory /workdir/hadoop-ozone/ozonefs/target/test-dir/MiniOzoneClusterImpl-e98f5f70-891c-46e9-bc29-8096c13504df/datanode-1/data/ratis/6cdfae99-0395-4262-a95c-732c13042a76
2019-10-01 20:11:56,608 [pool-57-thread-1] INFO  server.RaftServerConfigKeys (ConfUtils.java:logGet(43)) - raft.server.log.purge.gap = 1000000 (custom)
2019-10-01 20:11:56,608 [pool-37-thread-1] INFO  server.RaftServerConfigKeys (ConfUtils.java:logGet(43)) - raft.server.log.queue.byte-limit = 2147483647 (custom)
2019-10-01 20:11:56,608 [pool-27-thread-1] INFO  server.RaftServerConfigKeys (ConfUtils.java:logGet(43)) - raft.server.log.appender.buffer.byte-limit = 33554432 (custom)
2019-10-01 20:11:56,608 [pool-37-thread-1] INFO  server.RaftServerConfigKeys (ConfUtils.java:logGet(43)) - raft.server.log.queue.element-limit = 1024 (custom)
2019-10-01 20:11:56,608 [pool-57-thread-1] INFO  server.RaftServerConfigKeys (ConfUtils.java:logGet(43)) - raft.server.log.appender.buffer.byte-limit = 33554432 (custom)
2019-10-01 20:11:56,608 [pool-27-thread-1] INFO  server.RaftServerConfigKeys (ConfUtils.java:logGet(43)) - raft.server.log.segment.size.max = 1048576 (custom)
2019-10-01 20:11:56,609 [pool-57-thread-1] INFO  server.RaftServerConfigKeys (ConfUtils.java:logGet(43)) - raft.server.log.segment.size.max = 1048576 (custom)
2019-10-01 20:11:56,609 [pool-37-thread-1] INFO  server.RaftServerConfigKeys (ConfUtils.java:logGet(43)) - raft.server.log.segment.size.max = 1048576 (custom)
2019-10-01 20:11:56,609 [pool-57-thread-1] INFO  server.RaftServerConfigKeys (ConfUtils.java:logGet(43)) - raft.server.log.segment.cache.num.max = 2 (custom)
2019-10-01 20:11:56,609 [pool-27-thread-1] INFO  server.RaftServerConfigKeys (ConfUtils.java:logGet(43)) - raft.server.log.segment.cache.num.max = 2 (custom)
2019-10-01 20:11:56,609 [pool-57-thread-1] INFO  segmented.SegmentedRaftLogWorker (SegmentedRaftLogWorker.java:<init>(172)) - new c91e227e-7352-4230-bfa6-1f4b5d4bb797@group-732C13042A76-SegmentedRaftLogWorker for RaftStorage:Storage Directory /workdir/hadoop-ozone/ozonefs/target/test-dir/MiniOzoneClusterImpl-e98f5f70-891c-46e9-bc29-8096c13504df/datanode-3/data/ratis/6cdfae99-0395-4262-a95c-732c13042a76
2019-10-01 20:11:56,609 [pool-37-thread-1] INFO  server.RaftServerConfigKeys (ConfUtils.java:logGet(43)) - raft.server.log.preallocated.size = 16384 (custom)
2019-10-01 20:11:56,609 [pool-57-thread-1] INFO  server.RaftServerConfigKeys (ConfUtils.java:logGet(43)) - raft.server.log.queue.byte-limit = 2147483647 (custom)
2019-10-01 20:11:56,609 [pool-27-thread-1] INFO  segmented.SegmentedRaftLogWorker (SegmentedRaftLogWorker.java:<init>(172)) - new 1eb58d1e-b4ee-4e5c-b6cd-c69dd16abeb7@group-732C13042A76-SegmentedRaftLogWorker for RaftStorage:Storage Directory /workdir/hadoop-ozone/ozonefs/target/test-dir/MiniOzoneClusterImpl-e98f5f70-891c-46e9-bc29-8096c13504df/datanode-0/data/ratis/6cdfae99-0395-4262-a95c-732c13042a76
2019-10-01 20:11:56,609 [pool-57-thread-1] INFO  server.RaftServerConfigKeys (ConfUtils.java:logGet(43)) - raft.server.log.queue.element-limit = 1024 (custom)
2019-10-01 20:11:56,609 [pool-37-thread-1] INFO  server.RaftServerConfigKeys (ConfUtils.java:logGet(43)) - raft.server.log.write.buffer.size = 33554432 (custom)
2019-10-01 20:11:56,609 [pool-57-thread-1] INFO  server.RaftServerConfigKeys (ConfUtils.java:logGet(43)) - raft.server.log.segment.size.max = 1048576 (custom)
2019-10-01 20:11:56,609 [pool-27-thread-1] INFO  server.RaftServerConfigKeys (ConfUtils.java:logGet(43)) - raft.server.log.queue.byte-limit = 2147483647 (custom)
2019-10-01 20:11:56,609 [pool-57-thread-1] INFO  server.RaftServerConfigKeys (ConfUtils.java:logGet(43)) - raft.server.log.preallocated.size = 16384 (custom)
2019-10-01 20:11:56,609 [pool-37-thread-1] INFO  server.RaftServerConfigKeys (ConfUtils.java:logGet(43)) - raft.server.log.force.sync.num = 128 (default)
2019-10-01 20:11:56,610 [pool-57-thread-1] INFO  server.RaftServerConfigKeys (ConfUtils.java:logGet(43)) - raft.server.log.write.buffer.size = 33554432 (custom)
2019-10-01 20:11:56,610 [pool-27-thread-1] INFO  server.RaftServerConfigKeys (ConfUtils.java:logGet(43)) - raft.server.log.queue.element-limit = 1024 (custom)
2019-10-01 20:11:56,610 [pool-57-thread-1] INFO  server.RaftServerConfigKeys (ConfUtils.java:logGet(43)) - raft.server.log.force.sync.num = 128 (default)
2019-10-01 20:11:56,610 [pool-37-thread-1] INFO  server.RaftServerConfigKeys (ConfUtils.java:logGet(43)) - raft.server.log.statemachine.data.sync = true (default)
2019-10-01 20:11:56,610 [pool-57-thread-1] INFO  server.RaftServerConfigKeys (ConfUtils.java:logGet(43)) - raft.server.log.statemachine.data.sync = true (default)
2019-10-01 20:11:56,610 [pool-57-thread-1] INFO  server.RaftServerConfigKeys (ConfUtils.java:logGet(43)) - raft.server.log.statemachine.data.sync.timeout = 10s (default)
2019-10-01 20:11:56,610 [pool-27-thread-1] INFO  server.RaftServerConfigKeys (ConfUtils.java:logGet(43)) - raft.server.log.segment.size.max = 1048576 (custom)
2019-10-01 20:11:56,610 [pool-57-thread-1] INFO  server.RaftServerConfigKeys (ConfUtils.java:logGet(43)) - raft.server.log.statemachine.data.sync.timeout.retry = -1 (default)
2019-10-01 20:11:56,610 [pool-37-thread-1] INFO  server.RaftServerConfigKeys (ConfUtils.java:logGet(43)) - raft.server.log.statemachine.data.sync.timeout = 10s (default)
2019-10-01 20:11:56,611 [pool-57-thread-1] INFO  server.RaftServerConfigKeys (ConfUtils.java:logGet(43)) - raft.server.log.statemachine.data.caching.enabled = true (custom)
2019-10-01 20:11:56,610 [pool-27-thread-1] INFO  server.RaftServerConfigKeys (ConfUtils.java:logGet(43)) - raft.server.log.preallocated.size = 16384 (custom)
2019-10-01 20:11:56,611 [pool-37-thread-1] INFO  server.RaftServerConfigKeys (ConfUtils.java:logGet(43)) - raft.server.log.statemachine.data.sync.timeout.retry = -1 (default)
2019-10-01 20:11:56,611 [pool-27-thread-1] INFO  server.RaftServerConfigKeys (ConfUtils.java:logGet(43)) - raft.server.log.write.buffer.size = 33554432 (custom)
2019-10-01 20:11:56,611 [pool-57-thread-1] INFO  segmented.SegmentedRaftLogWorker (SegmentedRaftLogWorker.java:lambda$new$0(132)) - c91e227e-7352-4230-bfa6-1f4b5d4bb797@group-732C13042A76-SegmentedRaftLogWorker: flushIndex: setUnconditionally 0 -> -1
2019-10-01 20:11:56,611 [pool-27-thread-1] INFO  server.RaftServerConfigKeys (ConfUtils.java:logGet(43)) - raft.server.log.force.sync.num = 128 (default)
2019-10-01 20:11:56,611 [pool-37-thread-1] INFO  server.RaftServerConfigKeys (ConfUtils.java:logGet(43)) - raft.server.log.statemachine.data.caching.enabled = true (custom)
2019-10-01 20:11:56,611 [pool-57-thread-1] INFO  server.RaftServerConfigKeys (ConfUtils.java:logGet(43)) - raft.server.snapshot.auto.trigger.enabled = true (custom)
2019-10-01 20:11:56,611 [pool-27-thread-1] INFO  server.RaftServerConfigKeys (ConfUtils.java:logGet(43)) - raft.server.log.statemachine.data.sync = true (default)
2019-10-01 20:11:56,612 [pool-37-thread-1] INFO  segmented.SegmentedRaftLogWorker (SegmentedRaftLogWorker.java:lambda$new$0(132)) - 04729fd9-c1ff-4dca-ad26-4e6679f16bc9@group-732C13042A76-SegmentedRaftLogWorker: flushIndex: setUnconditionally 0 -> -1
2019-10-01 20:11:56,612 [pool-57-thread-1] INFO  server.RaftServerConfigKeys (ConfUtils.java:logGet(43)) - raft.server.snapshot.auto.trigger.threshold = 10000 (custom)
2019-10-01 20:11:56,612 [pool-27-thread-1] INFO  server.RaftServerConfigKeys (ConfUtils.java:logGet(43)) - raft.server.log.statemachine.data.sync.timeout = 10s (default)
2019-10-01 20:11:56,612 [pool-37-thread-1] INFO  server.RaftServerConfigKeys (ConfUtils.java:logGet(43)) - raft.server.snapshot.auto.trigger.enabled = true (custom)
2019-10-01 20:11:56,612 [pool-57-thread-1] INFO  server.RaftServerConfigKeys (ConfUtils.java:logGet(43)) - raft.server.snapshot.retention.num.files = 5 (custom)
2019-10-01 20:11:56,612 [pool-37-thread-1] INFO  server.RaftServerConfigKeys (ConfUtils.java:logGet(43)) - raft.server.snapshot.auto.trigger.threshold = 10000 (custom)
2019-10-01 20:11:56,612 [pool-27-thread-1] INFO  server.RaftServerConfigKeys (ConfUtils.java:logGet(43)) - raft.server.log.statemachine.data.sync.timeout.retry = -1 (default)
2019-10-01 20:11:56,612 [pool-37-thread-1] INFO  server.RaftServerConfigKeys (ConfUtils.java:logGet(43)) - raft.server.snapshot.retention.num.files = 5 (custom)
2019-10-01 20:11:56,612 [pool-57-thread-1] INFO  server.RaftServerConfigKeys (ConfUtils.java:logGet(43)) - raft.server.retrycache.expirytime = 600000ms (custom)
2019-10-01 20:11:56,612 [pool-37-thread-1] INFO  server.RaftServerConfigKeys (ConfUtils.java:logGet(43)) - raft.server.retrycache.expirytime = 600000ms (custom)
2019-10-01 20:11:56,612 [pool-27-thread-1] INFO  server.RaftServerConfigKeys (ConfUtils.java:logGet(43)) - raft.server.log.statemachine.data.caching.enabled = true (custom)
2019-10-01 20:11:56,613 [pool-27-thread-1] INFO  segmented.SegmentedRaftLogWorker (SegmentedRaftLogWorker.java:lambda$new$0(132)) - 1eb58d1e-b4ee-4e5c-b6cd-c69dd16abeb7@group-732C13042A76-SegmentedRaftLogWorker: flushIndex: setUnconditionally 0 -> -1
2019-10-01 20:11:56,613 [pool-27-thread-1] INFO  server.RaftServerConfigKeys (ConfUtils.java:logGet(43)) - raft.server.snapshot.auto.trigger.enabled = true (custom)
2019-10-01 20:11:56,613 [pool-27-thread-1] INFO  server.RaftServerConfigKeys (ConfUtils.java:logGet(43)) - raft.server.snapshot.auto.trigger.threshold = 10000 (custom)
2019-10-01 20:11:56,613 [pool-27-thread-1] INFO  server.RaftServerConfigKeys (ConfUtils.java:logGet(43)) - raft.server.snapshot.retention.num.files = 5 (custom)
2019-10-01 20:11:56,613 [pool-27-thread-1] INFO  server.RaftServerConfigKeys (ConfUtils.java:logGet(43)) - raft.server.retrycache.expirytime = 600000ms (custom)
2019-10-01 20:11:56,616 [pool-57-thread-1] INFO  impl.RaftServerImpl (RaftServerImpl.java:start(185)) - c91e227e-7352-4230-bfa6-1f4b5d4bb797@group-732C13042A76: start as a follower, conf=-1: [c91e227e-7352-4230-bfa6-1f4b5d4bb797:192.168.151.103:37268, 04729fd9-c1ff-4dca-ad26-4e6679f16bc9:192.168.151.103:39208, 1eb58d1e-b4ee-4e5c-b6cd-c69dd16abeb7:192.168.151.103:39702], old=null
2019-10-01 20:11:56,616 [pool-37-thread-1] INFO  impl.RaftServerImpl (RaftServerImpl.java:start(185)) - 04729fd9-c1ff-4dca-ad26-4e6679f16bc9@group-732C13042A76: start as a follower, conf=-1: [c91e227e-7352-4230-bfa6-1f4b5d4bb797:192.168.151.103:37268, 04729fd9-c1ff-4dca-ad26-4e6679f16bc9:192.168.151.103:39208, 1eb58d1e-b4ee-4e5c-b6cd-c69dd16abeb7:192.168.151.103:39702], old=null
2019-10-01 20:11:56,616 [pool-57-thread-1] INFO  impl.RaftServerImpl (RaftServerImpl.java:setRole(174)) - c91e227e-7352-4230-bfa6-1f4b5d4bb797@group-732C13042A76: changes role from      null to FOLLOWER at term 0 for startAsFollower
2019-10-01 20:11:56,616 [pool-27-thread-1] INFO  impl.RaftServerImpl (RaftServerImpl.java:start(185)) - 1eb58d1e-b4ee-4e5c-b6cd-c69dd16abeb7@group-732C13042A76: start as a follower, conf=-1: [c91e227e-7352-4230-bfa6-1f4b5d4bb797:192.168.151.103:37268, 04729fd9-c1ff-4dca-ad26-4e6679f16bc9:192.168.151.103:39208, 1eb58d1e-b4ee-4e5c-b6cd-c69dd16abeb7:192.168.151.103:39702], old=null
2019-10-01 20:11:56,616 [pool-37-thread-1] INFO  impl.RaftServerImpl (RaftServerImpl.java:setRole(174)) - 04729fd9-c1ff-4dca-ad26-4e6679f16bc9@group-732C13042A76: changes role from      null to FOLLOWER at term 0 for startAsFollower
2019-10-01 20:11:56,616 [pool-27-thread-1] INFO  impl.RaftServerImpl (RaftServerImpl.java:setRole(174)) - 1eb58d1e-b4ee-4e5c-b6cd-c69dd16abeb7@group-732C13042A76: changes role from      null to FOLLOWER at term 0 for startAsFollower
2019-10-01 20:11:56,616 [pool-57-thread-1] INFO  impl.RoleInfo (RoleInfo.java:updateAndGet(143)) - c91e227e-7352-4230-bfa6-1f4b5d4bb797: start FollowerState
2019-10-01 20:11:56,616 [pool-27-thread-1] INFO  impl.RoleInfo (RoleInfo.java:updateAndGet(143)) - 1eb58d1e-b4ee-4e5c-b6cd-c69dd16abeb7: start FollowerState
2019-10-01 20:11:56,616 [pool-37-thread-1] INFO  impl.RoleInfo (RoleInfo.java:updateAndGet(143)) - 04729fd9-c1ff-4dca-ad26-4e6679f16bc9: start FollowerState
2019-10-01 20:11:56,617 [pool-57-thread-1] INFO  util.JmxRegister (JmxRegister.java:tryRegister(44)) - Successfully registered JMX Bean with object name Ratis:service=RaftServer,group=group-732C13042A76,id=c91e227e-7352-4230-bfa6-1f4b5d4bb797
2019-10-01 20:11:56,617 [pool-37-thread-1] INFO  util.JmxRegister (JmxRegister.java:tryRegister(44)) - Successfully registered JMX Bean with object name Ratis:service=RaftServer,group=group-732C13042A76,id=04729fd9-c1ff-4dca-ad26-4e6679f16bc9
2019-10-01 20:11:56,617 [pool-27-thread-1] INFO  util.JmxRegister (JmxRegister.java:tryRegister(44)) - Successfully registered JMX Bean with object name Ratis:service=RaftServer,group=group-732C13042A76,id=1eb58d1e-b4ee-4e5c-b6cd-c69dd16abeb7
2019-10-01 20:11:56,621 [IPC Server handler 3 on 43629] INFO  pipeline.PipelineStateManager (PipelineStateManager.java:addPipeline(56)) - Created pipeline Pipeline[ Id: 6cdfae99-0395-4262-a95c-732c13042a76, Nodes: c91e227e-7352-4230-bfa6-1f4b5d4bb797{ip: 192.168.151.103, host: pr-trunk-878pl-325597374, networkLocation: /default-rack, certSerialId: null}1eb58d1e-b4ee-4e5c-b6cd-c69dd16abeb7{ip: 192.168.151.103, host: pr-trunk-878pl-325597374, networkLocation: /default-rack, certSerialId: null}04729fd9-c1ff-4dca-ad26-4e6679f16bc9{ip: 192.168.151.103, host: pr-trunk-878pl-325597374, networkLocation: /default-rack, certSerialId: null}, Type:RATIS, Factor:THREE, State:OPEN]
2019-10-01 20:12:01,671 [Thread-657] INFO  impl.FollowerState (FollowerState.java:run(106)) - 04729fd9-c1ff-4dca-ad26-4e6679f16bc9:group-732C13042A76 changes to CANDIDATE, lastRpcTime:5054, electionTimeout:5054ms
2019-10-01 20:12:01,671 [Thread-657] INFO  impl.RoleInfo (RoleInfo.java:shutdownFollowerState(121)) - 04729fd9-c1ff-4dca-ad26-4e6679f16bc9: shutdown FollowerState
2019-10-01 20:12:01,671 [Thread-657] INFO  impl.RaftServerImpl (RaftServerImpl.java:setRole(174)) - 04729fd9-c1ff-4dca-ad26-4e6679f16bc9@group-732C13042A76: changes role from  FOLLOWER to CANDIDATE at term 0 for changeToCandidate
2019-10-01 20:12:01,672 [Thread-657] INFO  impl.RoleInfo (RoleInfo.java:updateAndGet(143)) - 04729fd9-c1ff-4dca-ad26-4e6679f16bc9: start LeaderElection
2019-10-01 20:12:01,690 [04729fd9-c1ff-4dca-ad26-4e6679f16bc9@group-732C13042A76:LeaderElection13] INFO  impl.LeaderElection (LeaderElection.java:askForVotes(182)) - 04729fd9-c1ff-4dca-ad26-4e6679f16bc9@group-732C13042A76:LeaderElection13: begin an election at term 1 for -1: [c91e227e-7352-4230-bfa6-1f4b5d4bb797:192.168.151.103:37268, 04729fd9-c1ff-4dca-ad26-4e6679f16bc9:192.168.151.103:39208, 1eb58d1e-b4ee-4e5c-b6cd-c69dd16abeb7:192.168.151.103:39702], old=null
2019-10-01 20:12:01,696 [grpc-default-executor-1] INFO  impl.RaftServerImpl (RaftServerImpl.java:setRole(174)) - 1eb58d1e-b4ee-4e5c-b6cd-c69dd16abeb7@group-732C13042A76: changes role from  FOLLOWER to FOLLOWER at term 1 for recognizeCandidate:04729fd9-c1ff-4dca-ad26-4e6679f16bc9
2019-10-01 20:12:01,698 [grpc-default-executor-1] INFO  impl.RoleInfo (RoleInfo.java:shutdownFollowerState(121)) - 1eb58d1e-b4ee-4e5c-b6cd-c69dd16abeb7: shutdown FollowerState
2019-10-01 20:12:01,699 [grpc-default-executor-7] INFO  impl.RaftServerImpl (RaftServerImpl.java:setRole(174)) - c91e227e-7352-4230-bfa6-1f4b5d4bb797@group-732C13042A76: changes role from  FOLLOWER to FOLLOWER at term 1 for recognizeCandidate:04729fd9-c1ff-4dca-ad26-4e6679f16bc9
2019-10-01 20:12:01,699 [grpc-default-executor-1] INFO  impl.RoleInfo (RoleInfo.java:updateAndGet(143)) - 1eb58d1e-b4ee-4e5c-b6cd-c69dd16abeb7: start FollowerState
2019-10-01 20:12:01,699 [Thread-658] INFO  impl.FollowerState (FollowerState.java:run(115)) - 1eb58d1e-b4ee-4e5c-b6cd-c69dd16abeb7: FollowerState was interrupted: java.lang.InterruptedException: sleep interrupted
2019-10-01 20:12:01,699 [grpc-default-executor-7] INFO  impl.RoleInfo (RoleInfo.java:shutdownFollowerState(121)) - c91e227e-7352-4230-bfa6-1f4b5d4bb797: shutdown FollowerState
2019-10-01 20:12:01,704 [grpc-default-executor-7] INFO  impl.RoleInfo (RoleInfo.java:updateAndGet(143)) - c91e227e-7352-4230-bfa6-1f4b5d4bb797: start FollowerState
2019-10-01 20:12:01,721 [04729fd9-c1ff-4dca-ad26-4e6679f16bc9@group-732C13042A76:LeaderElection13] INFO  impl.LeaderElection (LeaderElection.java:logAndReturn(56)) - 04729fd9-c1ff-4dca-ad26-4e6679f16bc9@group-732C13042A76:LeaderElection13: Election PASSED; received 1 response(s) [04729fd9-c1ff-4dca-ad26-4e6679f16bc9<-1eb58d1e-b4ee-4e5c-b6cd-c69dd16abeb7#0:OK-t1] and 0 exception(s); 04729fd9-c1ff-4dca-ad26-4e6679f16bc9@group-732C13042A76:t1, leader=null, voted=04729fd9-c1ff-4dca-ad26-4e6679f16bc9, raftlog=04729fd9-c1ff-4dca-ad26-4e6679f16bc9@group-732C13042A76-SegmentedRaftLog:OPENED:c-1,f-1,i0, conf=-1: [c91e227e-7352-4230-bfa6-1f4b5d4bb797:192.168.151.103:37268, 04729fd9-c1ff-4dca-ad26-4e6679f16bc9:192.168.151.103:39208, 1eb58d1e-b4ee-4e5c-b6cd-c69dd16abeb7:192.168.151.103:39702], old=null
2019-10-01 20:12:01,722 [04729fd9-c1ff-4dca-ad26-4e6679f16bc9@group-732C13042A76:LeaderElection13] INFO  impl.RoleInfo (RoleInfo.java:shutdownLeaderElection(134)) - 04729fd9-c1ff-4dca-ad26-4e6679f16bc9: shutdown LeaderElection
2019-10-01 20:12:01,724 [04729fd9-c1ff-4dca-ad26-4e6679f16bc9@group-732C13042A76:LeaderElection13] INFO  impl.RaftServerImpl (RaftServerImpl.java:setRole(174)) - 04729fd9-c1ff-4dca-ad26-4e6679f16bc9@group-732C13042A76: changes role from CANDIDATE to LEADER at term 1 for changeToLeader
2019-10-01 20:12:01,724 [04729fd9-c1ff-4dca-ad26-4e6679f16bc9@group-732C13042A76:LeaderElection13] INFO  impl.RaftServerImpl (ServerState.java:setLeader(253)) - 04729fd9-c1ff-4dca-ad26-4e6679f16bc9@group-732C13042A76: change Leader from null to 04729fd9-c1ff-4dca-ad26-4e6679f16bc9 at term 1 for becomeLeader, leader elected after 5116ms
2019-10-01 20:12:01,724 [04729fd9-c1ff-4dca-ad26-4e6679f16bc9@group-732C13042A76:LeaderElection13] INFO  server.RaftServerConfigKeys (ConfUtils.java:logGet(43)) - raft.server.staging.catchup.gap = 1000 (default)
2019-10-01 20:12:01,724 [04729fd9-c1ff-4dca-ad26-4e6679f16bc9@group-732C13042A76:LeaderElection13] INFO  server.RaftServerConfigKeys (ConfUtils.java:logGet(43)) - raft.server.rpc.sleep.time = 25ms (default)
2019-10-01 20:12:01,724 [04729fd9-c1ff-4dca-ad26-4e6679f16bc9@group-732C13042A76:LeaderElection13] INFO  server.RaftServerConfigKeys (ConfUtils.java:logGet(43)) - raft.server.write.element-limit = 4096 (default)
2019-10-01 20:12:01,724 [04729fd9-c1ff-4dca-ad26-4e6679f16bc9@group-732C13042A76:LeaderElection13] INFO  server.RaftServerConfigKeys (ConfUtils.java:logGet(43)) - raft.server.watch.timeout = 10s (default)
2019-10-01 20:12:01,725 [04729fd9-c1ff-4dca-ad26-4e6679f16bc9@group-732C13042A76:LeaderElection13] INFO  server.RaftServerConfigKeys (ConfUtils.java:logGet(43)) - raft.server.watch.timeout.denomination = 1s (default)
2019-10-01 20:12:01,725 [04729fd9-c1ff-4dca-ad26-4e6679f16bc9@group-732C13042A76:LeaderElection13] INFO  server.RaftServerConfigKeys (ConfUtils.java:logGet(43)) - raft.server.watch.element-limit = 65536 (default)
2019-10-01 20:12:01,728 [04729fd9-c1ff-4dca-ad26-4e6679f16bc9@group-732C13042A76:LeaderElection13] INFO  server.RaftServerConfigKeys (ConfUtils.java:logGet(43)) - raft.server.log.appender.snapshot.chunk.size.max = 16MB (=16777216) (default)
2019-10-01 20:12:01,728 [04729fd9-c1ff-4dca-ad26-4e6679f16bc9@group-732C13042A76:LeaderElection13] INFO  server.RaftServerConfigKeys (ConfUtils.java:logGet(43)) - raft.server.log.appender.buffer.byte-limit = 33554432 (custom)
2019-10-01 20:12:01,728 [04729fd9-c1ff-4dca-ad26-4e6679f16bc9@group-732C13042A76:LeaderElection13] INFO  server.RaftServerConfigKeys (ConfUtils.java:logGet(43)) - raft.server.log.appender.buffer.element-limit = 1 (custom)
2019-10-01 20:12:01,729 [04729fd9-c1ff-4dca-ad26-4e6679f16bc9@group-732C13042A76:LeaderElection13] INFO  grpc.GrpcConfigKeys$Server (ConfUtils.java:logGet(43)) - raft.grpc.server.leader.outstanding.appends.max = 128 (default)
2019-10-01 20:12:01,729 [04729fd9-c1ff-4dca-ad26-4e6679f16bc9@group-732C13042A76:LeaderElection13] INFO  server.RaftServerConfigKeys (ConfUtils.java:logGet(43)) - raft.server.rpc.request.timeout = 3000ms (default)
2019-10-01 20:12:01,729 [04729fd9-c1ff-4dca-ad26-4e6679f16bc9@group-732C13042A76:LeaderElection13] INFO  server.RaftServerConfigKeys (ConfUtils.java:logGet(43)) - raft.server.log.appender.install.snapshot.enabled = false (custom)
2019-10-01 20:12:01,730 [04729fd9-c1ff-4dca-ad26-4e6679f16bc9@group-732C13042A76:LeaderElection13] INFO  server.RaftServerConfigKeys (ConfUtils.java:logGet(43)) - raft.server.log.appender.snapshot.chunk.size.max = 16MB (=16777216) (default)
2019-10-01 20:12:01,730 [04729fd9-c1ff-4dca-ad26-4e6679f16bc9@group-732C13042A76:LeaderElection13] INFO  server.RaftServerConfigKeys (ConfUtils.java:logGet(43)) - raft.server.log.appender.buffer.byte-limit = 33554432 (custom)
2019-10-01 20:12:01,730 [04729fd9-c1ff-4dca-ad26-4e6679f16bc9@group-732C13042A76:LeaderElection13] INFO  server.RaftServerConfigKeys (ConfUtils.java:logGet(43)) - raft.server.log.appender.buffer.element-limit = 1 (custom)
2019-10-01 20:12:01,730 [04729fd9-c1ff-4dca-ad26-4e6679f16bc9@group-732C13042A76:LeaderElection13] INFO  grpc.GrpcConfigKeys$Server (ConfUtils.java:logGet(43)) - raft.grpc.server.leader.outstanding.appends.max = 128 (default)
2019-10-01 20:12:01,730 [04729fd9-c1ff-4dca-ad26-4e6679f16bc9@group-732C13042A76:LeaderElection13] INFO  server.RaftServerConfigKeys (ConfUtils.java:logGet(43)) - raft.server.rpc.request.timeout = 3000ms (default)
2019-10-01 20:12:01,731 [04729fd9-c1ff-4dca-ad26-4e6679f16bc9@group-732C13042A76:LeaderElection13] INFO  server.RaftServerConfigKeys (ConfUtils.java:logGet(43)) - raft.server.log.appender.install.snapshot.enabled = false (custom)
2019-10-01 20:12:01,731 [04729fd9-c1ff-4dca-ad26-4e6679f16bc9@group-732C13042A76:LeaderElection13] INFO  impl.RoleInfo (RoleInfo.java:updateAndGet(143)) - 04729fd9-c1ff-4dca-ad26-4e6679f16bc9: start LeaderState
2019-10-01 20:12:01,731 [04729fd9-c1ff-4dca-ad26-4e6679f16bc9@group-732C13042A76:LeaderElection13] INFO  segmented.SegmentedRaftLogWorker (SegmentedRaftLogWorker.java:startLogSegment(380)) - 04729fd9-c1ff-4dca-ad26-4e6679f16bc9@group-732C13042A76-SegmentedRaftLogWorker: Starting segment from index:0
2019-10-01 20:12:01,732 [04729fd9-c1ff-4dca-ad26-4e6679f16bc9@group-732C13042A76:LeaderElection13] INFO  impl.RaftServerImpl (ServerState.java:setRaftConf(354)) - 04729fd9-c1ff-4dca-ad26-4e6679f16bc9@group-732C13042A76: set configuration 0: [c91e227e-7352-4230-bfa6-1f4b5d4bb797:192.168.151.103:37268, 04729fd9-c1ff-4dca-ad26-4e6679f16bc9:192.168.151.103:39208, 1eb58d1e-b4ee-4e5c-b6cd-c69dd16abeb7:192.168.151.103:39702], old=null at 0
2019-10-01 20:12:01,760 [grpc-default-executor-7] INFO  impl.RaftServerImpl (ServerState.java:setLeader(253)) - 1eb58d1e-b4ee-4e5c-b6cd-c69dd16abeb7@group-732C13042A76: change Leader from null to 04729fd9-c1ff-4dca-ad26-4e6679f16bc9 at term 1 for appendEntries, leader elected after 5153ms
2019-10-01 20:12:01,762 [grpc-default-executor-1] INFO  impl.RaftServerImpl (ServerState.java:setLeader(253)) - c91e227e-7352-4230-bfa6-1f4b5d4bb797@group-732C13042A76: change Leader from null to 04729fd9-c1ff-4dca-ad26-4e6679f16bc9 at term 1 for appendEntries, leader elected after 5154ms
2019-10-01 20:12:01,764 [grpc-default-executor-1] INFO  impl.RaftServerImpl (ServerState.java:setRaftConf(354)) - 1eb58d1e-b4ee-4e5c-b6cd-c69dd16abeb7@group-732C13042A76: set configuration 0: [c91e227e-7352-4230-bfa6-1f4b5d4bb797:192.168.151.103:37268, 04729fd9-c1ff-4dca-ad26-4e6679f16bc9:192.168.151.103:39208, 1eb58d1e-b4ee-4e5c-b6cd-c69dd16abeb7:192.168.151.103:39702], old=null at 0
2019-10-01 20:12:01,765 [grpc-default-executor-5] INFO  impl.RaftServerImpl (ServerState.java:setRaftConf(354)) - c91e227e-7352-4230-bfa6-1f4b5d4bb797@group-732C13042A76: set configuration 0: [c91e227e-7352-4230-bfa6-1f4b5d4bb797:192.168.151.103:37268, 04729fd9-c1ff-4dca-ad26-4e6679f16bc9:192.168.151.103:39208, 1eb58d1e-b4ee-4e5c-b6cd-c69dd16abeb7:192.168.151.103:39702], old=null at 0
2019-10-01 20:12:01,765 [grpc-default-executor-1] INFO  segmented.SegmentedRaftLogWorker (SegmentedRaftLogWorker.java:startLogSegment(380)) - 1eb58d1e-b4ee-4e5c-b6cd-c69dd16abeb7@group-732C13042A76-SegmentedRaftLogWorker: Starting segment from index:0
2019-10-01 20:12:01,767 [grpc-default-executor-5] INFO  segmented.SegmentedRaftLogWorker (SegmentedRaftLogWorker.java:startLogSegment(380)) - c91e227e-7352-4230-bfa6-1f4b5d4bb797@group-732C13042A76-SegmentedRaftLogWorker: Starting segment from index:0
2019-10-01 20:12:01,792 [04729fd9-c1ff-4dca-ad26-4e6679f16bc9@group-732C13042A76-SegmentedRaftLogWorker] INFO  segmented.SegmentedRaftLogWorker (SegmentedRaftLogWorker.java:execute(569)) - 04729fd9-c1ff-4dca-ad26-4e6679f16bc9@group-732C13042A76-SegmentedRaftLogWorker: created new log segment /workdir/hadoop-ozone/ozonefs/target/test-dir/MiniOzoneClusterImpl-e98f5f70-891c-46e9-bc29-8096c13504df/datanode-1/data/ratis/6cdfae99-0395-4262-a95c-732c13042a76/current/log_inprogress_0
2019-10-01 20:12:01,820 [1eb58d1e-b4ee-4e5c-b6cd-c69dd16abeb7@group-732C13042A76-SegmentedRaftLogWorker] INFO  segmented.SegmentedRaftLogWorker (SegmentedRaftLogWorker.java:execute(569)) - 1eb58d1e-b4ee-4e5c-b6cd-c69dd16abeb7@group-732C13042A76-SegmentedRaftLogWorker: created new log segment /workdir/hadoop-ozone/ozonefs/target/test-dir/MiniOzoneClusterImpl-e98f5f70-891c-46e9-bc29-8096c13504df/datanode-0/data/ratis/6cdfae99-0395-4262-a95c-732c13042a76/current/log_inprogress_0
2019-10-01 20:12:01,833 [c91e227e-7352-4230-bfa6-1f4b5d4bb797@group-732C13042A76-SegmentedRaftLogWorker] INFO  segmented.SegmentedRaftLogWorker (SegmentedRaftLogWorker.java:execute(569)) - c91e227e-7352-4230-bfa6-1f4b5d4bb797@group-732C13042A76-SegmentedRaftLogWorker: created new log segment /workdir/hadoop-ozone/ozonefs/target/test-dir/MiniOzoneClusterImpl-e98f5f70-891c-46e9-bc29-8096c13504df/datanode-3/data/ratis/6cdfae99-0395-4262-a95c-732c13042a76/current/log_inprogress_0
2019-10-01 20:12:04,003 [pool-36-thread-10] ERROR impl.ChunkManagerImpl (ChunkUtils.java:writeData(89)) - data array does not match the length specified. DataLen: 4 Byte Array: 160
2019-10-01 20:12:04,004 [pool-36-thread-10] INFO  keyvalue.KeyValueHandler (ContainerUtils.java:logAndReturnError(146)) - Operation: WriteChunk : Trace ID: ab8f48be1c96d4ba:ab8f48be1c96d4ba:0:0 : Message: data array does not match the length specified. DataLen: 4 Byte Array: 160 : Result: INVALID_WRITE_SIZE
2019-10-01 20:12:04,030 [EventQueue-IncrementalContainerReportForIncrementalContainerReportHandler] WARN  container.IncrementalContainerReportHandler (AbstractContainerReportHandler.java:updateContainerState(143)) - Container #6 is in OPEN state, but the datanode 04729fd9-c1ff-4dca-ad26-4e6679f16bc9{ip: 192.168.151.103, host: pr-trunk-878pl-325597374, networkLocation: /default-rack, certSerialId: null} reports an UNHEALTHY replica.
2019-10-01 20:12:04,030 [EventQueue-CloseContainerForCloseContainerEventHandler] INFO  container.CloseContainerEventHandler (CloseContainerEventHandler.java:onMessage(61)) - Close container Event triggered for container : #6
20:12:04.029 [pool-36-thread-10] ERROR DNAudit - user=null | ip=null | op=WRITE_CHUNK {blockData=conID: 6 locID: 102888945524539400 bcsId: 0} | ret=FAILURE
java.lang.Exception: data array does not match the length specified. DataLen: 4 Byte Array: 160
	at org.apache.hadoop.ozone.container.common.impl.HddsDispatcher.dispatchRequest(HddsDispatcher.java:330) ~[hadoop-hdds-container-service-0.5.0-SNAPSHOT.jar:?]
	at org.apache.hadoop.ozone.container.common.impl.HddsDispatcher.dispatch(HddsDispatcher.java:150) ~[hadoop-hdds-container-service-0.5.0-SNAPSHOT.jar:?]
	at org.apache.hadoop.ozone.container.common.transport.server.ratis.ContainerStateMachine.dispatchCommand(ContainerStateMachine.java:407) ~[hadoop-hdds-container-service-0.5.0-SNAPSHOT.jar:?]
	at org.apache.hadoop.ozone.container.common.transport.server.ratis.ContainerStateMachine.runCommand(ContainerStateMachine.java:415) ~[hadoop-hdds-container-service-0.5.0-SNAPSHOT.jar:?]
	at org.apache.hadoop.ozone.container.common.transport.server.ratis.ContainerStateMachine.lambda$handleWriteChunk$1(ContainerStateMachine.java:450) ~[hadoop-hdds-container-service-0.5.0-SNAPSHOT.jar:?]
	at java.util.concurrent.CompletableFuture$AsyncSupply.run(CompletableFuture.java:1590) [?:1.8.0_212]
	at java.util.concurrent.ThreadPoolExecutor.runWorker(ThreadPoolExecutor.java:1149) [?:1.8.0_212]
	at java.util.concurrent.ThreadPoolExecutor$Worker.run(ThreadPoolExecutor.java:624) [?:1.8.0_212]
	at java.lang.Thread.run(Thread.java:748) [?:1.8.0_212]
2019-10-01 20:12:04,030 [pool-36-thread-10] ERROR ratis.ContainerStateMachine (ContainerStateMachine.java:lambda$handleWriteChunk$2(470)) - group-732C13042A76: writeChunk writeStateMachineData failed: blockIdcontainerID: 6
localID: 102888945524539400
blockCommitSequenceId: 0
 logIndex 1 chunkName 102888945524539400_chunk_1 Error message: data array does not match the length specified. DataLen: 4 Byte Array: 160 Container Result: INVALID_WRITE_SIZE
2019-10-01 20:12:04,031 [04729fd9-c1ff-4dca-ad26-4e6679f16bc9@group-732C13042A76-SegmentedRaftLogWorker] ERROR ratis.XceiverServerRatis (XceiverServerRatis.java:triggerPipelineClose(575)) - pipeline Action CLOSE  on pipeline PipelineID=6cdfae99-0395-4262-a95c-732c13042a76.Reason : data array does not match the length specified. DataLen: 4 Byte Array: 160
2019-10-01 20:12:04,031 [04729fd9-c1ff-4dca-ad26-4e6679f16bc9@group-732C13042A76-SegmentedRaftLogWorker] ERROR ratis.XceiverServerRatis (XceiverServerRatis.java:triggerPipelineClose(575)) - pipeline Action CLOSE  on pipeline PipelineID=6cdfae99-0395-4262-a95c-732c13042a76.Reason : Log already failed at index 1 for task WriteLog:1: (t:1, i:1), STATEMACHINELOGENTRY, client-C0E9EEC08E1E, cid=32
2019-10-01 20:12:04,031 [EventQueue-PipelineActionsForPipelineActionHandler] ERROR pipeline.PipelineActionHandler (PipelineActionHandler.java:onMessage(60)) - Received pipeline action CLOSE for Pipeline[ Id: 6cdfae99-0395-4262-a95c-732c13042a76, Nodes: c91e227e-7352-4230-bfa6-1f4b5d4bb797{ip: 192.168.151.103, host: pr-trunk-878pl-325597374, networkLocation: /default-rack, certSerialId: null}1eb58d1e-b4ee-4e5c-b6cd-c69dd16abeb7{ip: 192.168.151.103, host: pr-trunk-878pl-325597374, networkLocation: /default-rack, certSerialId: null}04729fd9-c1ff-4dca-ad26-4e6679f16bc9{ip: 192.168.151.103, host: pr-trunk-878pl-325597374, networkLocation: /default-rack, certSerialId: null}, Type:RATIS, Factor:THREE, State:OPEN] from datanode 04729fd9-c1ff-4dca-ad26-4e6679f16bc9{ip: 192.168.151.103, host: pr-trunk-878pl-325597374, networkLocation: /default-rack, certSerialId: null}. Reason : data array does not match the length specified. DataLen: 4 Byte Array: 160
2019-10-01 20:12:04,031 [EventQueue-PipelineActionsForPipelineActionHandler] INFO  pipeline.SCMPipelineManager (SCMPipelineManager.java:finalizeAndDestroyPipeline(315)) - destroying pipeline:Pipeline[ Id: 6cdfae99-0395-4262-a95c-732c13042a76, Nodes: c91e227e-7352-4230-bfa6-1f4b5d4bb797{ip: 192.168.151.103, host: pr-trunk-878pl-325597374, networkLocation: /default-rack, certSerialId: null}1eb58d1e-b4ee-4e5c-b6cd-c69dd16abeb7{ip: 192.168.151.103, host: pr-trunk-878pl-325597374, networkLocation: /default-rack, certSerialId: null}04729fd9-c1ff-4dca-ad26-4e6679f16bc9{ip: 192.168.151.103, host: pr-trunk-878pl-325597374, networkLocation: /default-rack, certSerialId: null}, Type:RATIS, Factor:THREE, State:OPEN]
2019-10-01 20:12:04,031 [EventQueue-PipelineActionsForPipelineActionHandler] INFO  pipeline.PipelineStateManager (PipelineStateManager.java:finalizePipeline(123)) - Pipeline Pipeline[ Id: 6cdfae99-0395-4262-a95c-732c13042a76, Nodes: c91e227e-7352-4230-bfa6-1f4b5d4bb797{ip: 192.168.151.103, host: pr-trunk-878pl-325597374, networkLocation: /default-rack, certSerialId: null}1eb58d1e-b4ee-4e5c-b6cd-c69dd16abeb7{ip: 192.168.151.103, host: pr-trunk-878pl-325597374, networkLocation: /default-rack, certSerialId: null}04729fd9-c1ff-4dca-ad26-4e6679f16bc9{ip: 192.168.151.103, host: pr-trunk-878pl-325597374, networkLocation: /default-rack, certSerialId: null}, Type:RATIS, Factor:THREE, State:CLOSED] moved to CLOSED state
2019-10-01 20:12:04,032 [EventQueue-PipelineActionsForPipelineActionHandler] ERROR pipeline.PipelineActionHandler (PipelineActionHandler.java:onMessage(60)) - Received pipeline action CLOSE for Pipeline[ Id: 6cdfae99-0395-4262-a95c-732c13042a76, Nodes: c91e227e-7352-4230-bfa6-1f4b5d4bb797{ip: 192.168.151.103, host: pr-trunk-878pl-325597374, networkLocation: /default-rack, certSerialId: null}1eb58d1e-b4ee-4e5c-b6cd-c69dd16abeb7{ip: 192.168.151.103, host: pr-trunk-878pl-325597374, networkLocation: /default-rack, certSerialId: null}04729fd9-c1ff-4dca-ad26-4e6679f16bc9{ip: 192.168.151.103, host: pr-trunk-878pl-325597374, networkLocation: /default-rack, certSerialId: null}, Type:RATIS, Factor:THREE, State:CLOSED] from datanode 04729fd9-c1ff-4dca-ad26-4e6679f16bc9{ip: 192.168.151.103, host: pr-trunk-878pl-325597374, networkLocation: /default-rack, certSerialId: null}. Reason : Log already failed at index 1 for task WriteLog:1: (t:1, i:1), STATEMACHINELOGENTRY, client-C0E9EEC08E1E, cid=32
2019-10-01 20:12:04,032 [EventQueue-PipelineActionsForPipelineActionHandler] INFO  pipeline.SCMPipelineManager (SCMPipelineManager.java:finalizeAndDestroyPipeline(315)) - destroying pipeline:Pipeline[ Id: 6cdfae99-0395-4262-a95c-732c13042a76, Nodes: c91e227e-7352-4230-bfa6-1f4b5d4bb797{ip: 192.168.151.103, host: pr-trunk-878pl-325597374, networkLocation: /default-rack, certSerialId: null}1eb58d1e-b4ee-4e5c-b6cd-c69dd16abeb7{ip: 192.168.151.103, host: pr-trunk-878pl-325597374, networkLocation: /default-rack, certSerialId: null}04729fd9-c1ff-4dca-ad26-4e6679f16bc9{ip: 192.168.151.103, host: pr-trunk-878pl-325597374, networkLocation: /default-rack, certSerialId: null}, Type:RATIS, Factor:THREE, State:CLOSED]
2019-10-01 20:12:34,008 [grpc-default-executor-1] INFO  impl.RaftServerProxy (RaftServerProxy.java:remove(95)) - c91e227e-7352-4230-bfa6-1f4b5d4bb797: remove  FOLLOWER c91e227e-7352-4230-bfa6-1f4b5d4bb797@group-FAD9FF546EB2:t1, leader=04729fd9-c1ff-4dca-ad26-4e6679f16bc9, voted=04729fd9-c1ff-4dca-ad26-4e6679f16bc9, raftlog=c91e227e-7352-4230-bfa6-1f4b5d4bb797@group-FAD9FF546EB2-SegmentedRaftLog:OPENED:c0,f2,i2, conf=0: [c91e227e-7352-4230-bfa6-1f4b5d4bb797:192.168.151.103:37268, 04729fd9-c1ff-4dca-ad26-4e6679f16bc9:192.168.151.103:39208, 1eb58d1e-b4ee-4e5c-b6cd-c69dd16abeb7:192.168.151.103:39702], old=null RUNNING
2019-10-01 20:12:34,010 [grpc-default-executor-1] INFO  impl.RaftServerImpl (RaftServerImpl.java:lambda$shutdown$3(251)) - c91e227e-7352-4230-bfa6-1f4b5d4bb797@group-FAD9FF546EB2: shutdown
2019-10-01 20:12:34,010 [grpc-default-executor-1] INFO  util.JmxRegister (JmxRegister.java:unregister(73)) - Successfully un-registered JMX Bean with object name Ratis:service=RaftServer,group=group-FAD9FF546EB2,id=c91e227e-7352-4230-bfa6-1f4b5d4bb797
2019-10-01 20:12:34,011 [grpc-default-executor-1] INFO  impl.RoleInfo (RoleInfo.java:shutdownFollowerState(121)) - c91e227e-7352-4230-bfa6-1f4b5d4bb797: shutdown FollowerState
2019-10-01 20:12:34,011 [grpc-default-executor-1] INFO  impl.StateMachineUpdater (StateMachineUpdater.java:stopAndJoin(125)) - c91e227e-7352-4230-bfa6-1f4b5d4bb797@group-FAD9FF546EB2-StateMachineUpdater: set stopIndex = 0
2019-10-01 20:12:34,011 [Thread-523] INFO  impl.FollowerState (FollowerState.java:run(115)) - c91e227e-7352-4230-bfa6-1f4b5d4bb797: FollowerState was interrupted: java.lang.InterruptedException: sleep interrupted
2019-10-01 20:12:34,013 [grpc-default-executor-1] INFO  impl.RaftServerImpl (ServerState.java:close(385)) - c91e227e-7352-4230-bfa6-1f4b5d4bb797@group-FAD9FF546EB2: closes. applyIndex: 0
2019-10-01 20:12:34,013 [c91e227e-7352-4230-bfa6-1f4b5d4bb797@group-FAD9FF546EB2-SegmentedRaftLogWorker] INFO  segmented.SegmentedRaftLogWorker (SegmentedRaftLogWorker.java:run(313)) - c91e227e-7352-4230-bfa6-1f4b5d4bb797@group-FAD9FF546EB2-SegmentedRaftLogWorker was interrupted, exiting. There are 0 tasks remaining in the queue.
2019-10-01 20:12:34,015 [grpc-default-executor-1] INFO  segmented.SegmentedRaftLogWorker (SegmentedRaftLogWorker.java:close(228)) - c91e227e-7352-4230-bfa6-1f4b5d4bb797@group-FAD9FF546EB2-SegmentedRaftLogWorker close()
2019-10-01 20:12:34,077 [grpc-default-executor-1] INFO  interfaces.Container (KeyValueContainer.java:flushAndSyncDB(386)) - Container 5 is synced with bcsId 0.
2019-10-01 20:12:34,077 [grpc-default-executor-1] INFO  interfaces.Container (KeyValueContainer.java:flushAndSyncDB(386)) - Container 5 is synced with bcsId 0.
2019-10-01 20:12:34,096 [EventQueue-IncrementalContainerReportForIncrementalContainerReportHandler] INFO  container.IncrementalContainerReportHandler (AbstractContainerReportHandler.java:updateContainerState(169)) - Moving container #5 to QUASI_CLOSED state, datanode c91e227e-7352-4230-bfa6-1f4b5d4bb797{ip: 192.168.151.103, host: pr-trunk-878pl-325597374, networkLocation: /default-rack, certSerialId: null} reported QUASI_CLOSED replica.
2019-10-01 20:12:34,104 [grpc-default-executor-1] INFO  impl.RaftServerProxy (RaftServerProxy.java:remove(95)) - 1eb58d1e-b4ee-4e5c-b6cd-c69dd16abeb7: remove  FOLLOWER 1eb58d1e-b4ee-4e5c-b6cd-c69dd16abeb7@group-FAD9FF546EB2:t1, leader=04729fd9-c1ff-4dca-ad26-4e6679f16bc9, voted=04729fd9-c1ff-4dca-ad26-4e6679f16bc9, raftlog=1eb58d1e-b4ee-4e5c-b6cd-c69dd16abeb7@group-FAD9FF546EB2-SegmentedRaftLog:OPENED:c0,f2,i2, conf=0: [c91e227e-7352-4230-bfa6-1f4b5d4bb797:192.168.151.103:37268, 04729fd9-c1ff-4dca-ad26-4e6679f16bc9:192.168.151.103:39208, 1eb58d1e-b4ee-4e5c-b6cd-c69dd16abeb7:192.168.151.103:39702], old=null RUNNING
2019-10-01 20:12:34,105 [grpc-default-executor-1] INFO  impl.RaftServerImpl (RaftServerImpl.java:lambda$shutdown$3(251)) - 1eb58d1e-b4ee-4e5c-b6cd-c69dd16abeb7@group-FAD9FF546EB2: shutdown
2019-10-01 20:12:34,105 [grpc-default-executor-1] INFO  util.JmxRegister (JmxRegister.java:unregister(73)) - Successfully un-registered JMX Bean with object name Ratis:service=RaftServer,group=group-FAD9FF546EB2,id=1eb58d1e-b4ee-4e5c-b6cd-c69dd16abeb7
2019-10-01 20:12:34,105 [grpc-default-executor-1] INFO  impl.RoleInfo (RoleInfo.java:shutdownFollowerState(121)) - 1eb58d1e-b4ee-4e5c-b6cd-c69dd16abeb7: shutdown FollowerState
2019-10-01 20:12:34,105 [grpc-default-executor-1] INFO  impl.StateMachineUpdater (StateMachineUpdater.java:stopAndJoin(125)) - 1eb58d1e-b4ee-4e5c-b6cd-c69dd16abeb7@group-FAD9FF546EB2-StateMachineUpdater: set stopIndex = 0
2019-10-01 20:12:34,105 [Thread-524] INFO  impl.FollowerState (FollowerState.java:run(115)) - 1eb58d1e-b4ee-4e5c-b6cd-c69dd16abeb7: FollowerState was interrupted: java.lang.InterruptedException: sleep interrupted
2019-10-01 20:12:34,112 [grpc-default-executor-1] INFO  impl.RaftServerImpl (ServerState.java:close(385)) - 1eb58d1e-b4ee-4e5c-b6cd-c69dd16abeb7@group-FAD9FF546EB2: closes. applyIndex: 0
2019-10-01 20:12:34,114 [1eb58d1e-b4ee-4e5c-b6cd-c69dd16abeb7@group-FAD9FF546EB2-SegmentedRaftLogWorker] INFO  segmented.SegmentedRaftLogWorker (SegmentedRaftLogWorker.java:run(313)) - 1eb58d1e-b4ee-4e5c-b6cd-c69dd16abeb7@group-FAD9FF546EB2-SegmentedRaftLogWorker was interrupted, exiting. There are 0 tasks remaining in the queue.
2019-10-01 20:12:34,118 [grpc-default-executor-1] INFO  segmented.SegmentedRaftLogWorker (SegmentedRaftLogWorker.java:close(228)) - 1eb58d1e-b4ee-4e5c-b6cd-c69dd16abeb7@group-FAD9FF546EB2-SegmentedRaftLogWorker close()
2019-10-01 20:12:34,168 [grpc-default-executor-1] INFO  interfaces.Container (KeyValueContainer.java:flushAndSyncDB(386)) - Container 5 is synced with bcsId 0.
2019-10-01 20:12:34,168 [grpc-default-executor-1] INFO  interfaces.Container (KeyValueContainer.java:flushAndSyncDB(386)) - Container 5 is synced with bcsId 0.
2019-10-01 20:12:34,192 [grpc-default-executor-1] INFO  impl.RaftServerProxy (RaftServerProxy.java:remove(95)) - 04729fd9-c1ff-4dca-ad26-4e6679f16bc9: remove    LEADER 04729fd9-c1ff-4dca-ad26-4e6679f16bc9@group-FAD9FF546EB2:t1, leader=04729fd9-c1ff-4dca-ad26-4e6679f16bc9, voted=04729fd9-c1ff-4dca-ad26-4e6679f16bc9, raftlog=04729fd9-c1ff-4dca-ad26-4e6679f16bc9@group-FAD9FF546EB2-SegmentedRaftLog:OPENED:c0,f0,i2, conf=0: [c91e227e-7352-4230-bfa6-1f4b5d4bb797:192.168.151.103:37268, 04729fd9-c1ff-4dca-ad26-4e6679f16bc9:192.168.151.103:39208, 1eb58d1e-b4ee-4e5c-b6cd-c69dd16abeb7:192.168.151.103:39702], old=null RUNNING
2019-10-01 20:12:34,192 [grpc-default-executor-1] INFO  impl.RaftServerImpl (RaftServerImpl.java:lambda$shutdown$3(251)) - 04729fd9-c1ff-4dca-ad26-4e6679f16bc9@group-FAD9FF546EB2: shutdown
2019-10-01 20:12:34,192 [grpc-default-executor-1] INFO  util.JmxRegister (JmxRegister.java:unregister(73)) - Successfully un-registered JMX Bean with object name Ratis:service=RaftServer,group=group-FAD9FF546EB2,id=04729fd9-c1ff-4dca-ad26-4e6679f16bc9
2019-10-01 20:12:34,192 [grpc-default-executor-1] INFO  impl.RoleInfo (RoleInfo.java:shutdownLeaderState(104)) - 04729fd9-c1ff-4dca-ad26-4e6679f16bc9: shutdown LeaderState
2019-10-01 20:12:34,195 [grpc-default-executor-1] INFO  impl.PendingRequests (PendingRequests.java:sendNotLeaderResponses(202)) - 04729fd9-c1ff-4dca-ad26-4e6679f16bc9-PendingRequests: sendNotLeaderResponses
2019-10-01 20:12:34,195 [org.apache.ratis.server.impl.LogAppender$AppenderDaemon$$Lambda$705/236705144@1b04fad] WARN  server.GrpcLogAppender (GrpcLogAppender.java:mayWait(143)) - 04729fd9-c1ff-4dca-ad26-4e6679f16bc9@group-FAD9FF546EB2->1eb58d1e-b4ee-4e5c-b6cd-c69dd16abeb7-GrpcLogAppender: Wait interrupted by java.lang.InterruptedException
2019-10-01 20:12:34,195 [org.apache.ratis.server.impl.LogAppender$AppenderDaemon$$Lambda$705/236705144@c324d6] WARN  server.GrpcLogAppender (GrpcLogAppender.java:mayWait(143)) - 04729fd9-c1ff-4dca-ad26-4e6679f16bc9@group-FAD9FF546EB2->c91e227e-7352-4230-bfa6-1f4b5d4bb797-GrpcLogAppender: Wait interrupted by java.lang.InterruptedException
2019-10-01 20:12:34,198 [grpc-default-executor-1] INFO  impl.StateMachineUpdater (StateMachineUpdater.java:stopAndJoin(125)) - 04729fd9-c1ff-4dca-ad26-4e6679f16bc9@group-FAD9FF546EB2-StateMachineUpdater: set stopIndex = 0
2019-10-01 20:12:34,198 [grpc-default-executor-5] INFO  server.GrpcServerProtocolService (GrpcServerProtocolService.java:onCompleted(113)) - 1eb58d1e-b4ee-4e5c-b6cd-c69dd16abeb7: Completed APPEND_ENTRIES, lastRequest: 04729fd9-c1ff-4dca-ad26-4e6679f16bc9->1eb58d1e-b4ee-4e5c-b6cd-c69dd16abeb7#39-t1, previous=(t:1, i:2), leaderCommit=0, initializing? false, entries: <empty>
2019-10-01 20:12:34,200 [grpc-default-executor-7] INFO  server.GrpcServerProtocolService (GrpcServerProtocolService.java:onCompleted(113)) - c91e227e-7352-4230-bfa6-1f4b5d4bb797: Completed APPEND_ENTRIES, lastRequest: 04729fd9-c1ff-4dca-ad26-4e6679f16bc9->c91e227e-7352-4230-bfa6-1f4b5d4bb797#39-t1, previous=(t:1, i:2), leaderCommit=0, initializing? false, entries: <empty>
2019-10-01 20:12:34,200 [grpc-default-executor-1] INFO  impl.RaftServerImpl (ServerState.java:close(385)) - 04729fd9-c1ff-4dca-ad26-4e6679f16bc9@group-FAD9FF546EB2: closes. applyIndex: 0
2019-10-01 20:12:34,200 [grpc-default-executor-7] INFO  server.GrpcLogAppender (GrpcLogAppender.java:onCompleted(293)) - 04729fd9-c1ff-4dca-ad26-4e6679f16bc9@group-FAD9FF546EB2->c91e227e-7352-4230-bfa6-1f4b5d4bb797-AppendLogResponseHandler: follower responses appendEntries COMPLETED
2019-10-01 20:12:34,200 [04729fd9-c1ff-4dca-ad26-4e6679f16bc9@group-FAD9FF546EB2-SegmentedRaftLogWorker] INFO  segmented.SegmentedRaftLogWorker (SegmentedRaftLogWorker.java:run(313)) - 04729fd9-c1ff-4dca-ad26-4e6679f16bc9@group-FAD9FF546EB2-SegmentedRaftLogWorker was interrupted, exiting. There are 0 tasks remaining in the queue.
2019-10-01 20:12:34,200 [grpc-default-executor-5] INFO  server.GrpcLogAppender (GrpcLogAppender.java:onCompleted(293)) - 04729fd9-c1ff-4dca-ad26-4e6679f16bc9@group-FAD9FF546EB2->1eb58d1e-b4ee-4e5c-b6cd-c69dd16abeb7-AppendLogResponseHandler: follower responses appendEntries COMPLETED
2019-10-01 20:12:34,206 [grpc-default-executor-1] INFO  segmented.SegmentedRaftLogWorker (SegmentedRaftLogWorker.java:close(228)) - 04729fd9-c1ff-4dca-ad26-4e6679f16bc9@group-FAD9FF546EB2-SegmentedRaftLogWorker close()
2019-10-01 20:12:34,205 [grpc-default-executor-8] WARN  server.GrpcLogAppender (LogUtils.java:warn(134)) - 04729fd9-c1ff-4dca-ad26-4e6679f16bc9@group-732C13042A76->c91e227e-7352-4230-bfa6-1f4b5d4bb797-AppendLogResponseHandler: Failed appendEntries: org.apache.ratis.thirdparty.io.grpc.StatusRuntimeException: UNAVAILABLE: Channel shutdownNow invoked
2019-10-01 20:12:34,205 [grpc-default-executor-7] INFO  impl.FollowerInfo (FollowerInfo.java:lambda$new$0(51)) - 04729fd9-c1ff-4dca-ad26-4e6679f16bc9@group-FAD9FF546EB2->c91e227e-7352-4230-bfa6-1f4b5d4bb797: nextIndex: updateUnconditionally 3 -> 2
2019-10-01 20:12:34,209 [grpc-default-executor-9] WARN  server.GrpcLogAppender (LogUtils.java:warn(134)) - 04729fd9-c1ff-4dca-ad26-4e6679f16bc9@group-732C13042A76->1eb58d1e-b4ee-4e5c-b6cd-c69dd16abeb7-AppendLogResponseHandler: Failed appendEntries: org.apache.ratis.thirdparty.io.grpc.StatusRuntimeException: UNAVAILABLE: Channel shutdownNow invoked
2019-10-01 20:12:34,209 [grpc-default-executor-8] INFO  impl.FollowerInfo (FollowerInfo.java:lambda$new$0(51)) - 04729fd9-c1ff-4dca-ad26-4e6679f16bc9@group-732C13042A76->c91e227e-7352-4230-bfa6-1f4b5d4bb797: nextIndex: updateUnconditionally 3 -> 2
2019-10-01 20:12:34,206 [grpc-default-executor-5] INFO  impl.FollowerInfo (FollowerInfo.java:lambda$new$0(51)) - 04729fd9-c1ff-4dca-ad26-4e6679f16bc9@group-FAD9FF546EB2->1eb58d1e-b4ee-4e5c-b6cd-c69dd16abeb7: nextIndex: updateUnconditionally 3 -> 2
2019-10-01 20:12:34,210 [grpc-default-executor-9] INFO  impl.FollowerInfo (FollowerInfo.java:lambda$new$0(51)) - 04729fd9-c1ff-4dca-ad26-4e6679f16bc9@group-732C13042A76->1eb58d1e-b4ee-4e5c-b6cd-c69dd16abeb7: nextIndex: updateUnconditionally 3 -> 2
2019-10-01 20:12:34,210 [grpc-default-executor-11] WARN  server.GrpcServerProtocolService (LogUtils.java:warn(134)) - 1eb58d1e-b4ee-4e5c-b6cd-c69dd16abeb7: installSnapshot onError, lastRequest: 04729fd9-c1ff-4dca-ad26-4e6679f16bc9->1eb58d1e-b4ee-4e5c-b6cd-c69dd16abeb7#15-t1, previous=(t:1, i:2), leaderCommit=0, initializing? false, entries: <empty>: org.apache.ratis.thirdparty.io.grpc.StatusRuntimeException: CANCELLED: cancelled before receiving half close
2019-10-01 20:12:34,209 [grpc-default-executor-10] WARN  server.GrpcServerProtocolService (LogUtils.java:warn(134)) - c91e227e-7352-4230-bfa6-1f4b5d4bb797: installSnapshot onError, lastRequest: 04729fd9-c1ff-4dca-ad26-4e6679f16bc9->c91e227e-7352-4230-bfa6-1f4b5d4bb797#15-t1, previous=(t:1, i:2), leaderCommit=0, initializing? false, entries: <empty>: org.apache.ratis.thirdparty.io.grpc.StatusRuntimeException: CANCELLED: cancelled before receiving half close
2019-10-01 20:12:34,215 [RatisPipelineUtilsThread] INFO  pipeline.PipelineStateManager (PipelineStateManager.java:removePipeline(108)) - Pipeline Pipeline[ Id: 5e484d48-d393-4417-a8a3-fad9ff546eb2, Nodes: c91e227e-7352-4230-bfa6-1f4b5d4bb797{ip: 192.168.151.103, host: pr-trunk-878pl-325597374, networkLocation: /default-rack, certSerialId: null}1eb58d1e-b4ee-4e5c-b6cd-c69dd16abeb7{ip: 192.168.151.103, host: pr-trunk-878pl-325597374, networkLocation: /default-rack, certSerialId: null}04729fd9-c1ff-4dca-ad26-4e6679f16bc9{ip: 192.168.151.103, host: pr-trunk-878pl-325597374, networkLocation: /default-rack, certSerialId: null}, Type:RATIS, Factor:THREE, State:CLOSED] removed from db
2019-10-01 20:12:34,222 [grpc-default-executor-10] INFO  impl.RaftServerProxy (RaftServerProxy.java:remove(95)) - c91e227e-7352-4230-bfa6-1f4b5d4bb797: remove group-FAD9FF546EB2:null
2019-10-01 20:12:34,227 [RatisPipelineUtilsThread] WARN  pipeline.RatisPipelineUtils (RatisPipelineUtils.java:destroyPipeline(67)) - Pipeline destroy failed for pipeline=PipelineID=5e484d48-d393-4417-a8a3-fad9ff546eb2 dn=c91e227e-7352-4230-bfa6-1f4b5d4bb797{ip: 192.168.151.103, host: pr-trunk-878pl-325597374, networkLocation: /default-rack, certSerialId: null}
2019-10-01 20:12:34,233 [grpc-default-executor-10] INFO  impl.RaftServerProxy (RaftServerProxy.java:remove(95)) - 1eb58d1e-b4ee-4e5c-b6cd-c69dd16abeb7: remove group-FAD9FF546EB2:null
2019-10-01 20:12:34,238 [RatisPipelineUtilsThread] WARN  pipeline.RatisPipelineUtils (RatisPipelineUtils.java:destroyPipeline(67)) - Pipeline destroy failed for pipeline=PipelineID=5e484d48-d393-4417-a8a3-fad9ff546eb2 dn=1eb58d1e-b4ee-4e5c-b6cd-c69dd16abeb7{ip: 192.168.151.103, host: pr-trunk-878pl-325597374, networkLocation: /default-rack, certSerialId: null}
2019-10-01 20:12:34,243 [grpc-default-executor-10] INFO  impl.RaftServerProxy (RaftServerProxy.java:remove(95)) - 04729fd9-c1ff-4dca-ad26-4e6679f16bc9: remove group-FAD9FF546EB2:null
2019-10-01 20:12:34,248 [RatisPipelineUtilsThread] WARN  pipeline.RatisPipelineUtils (RatisPipelineUtils.java:destroyPipeline(67)) - Pipeline destroy failed for pipeline=PipelineID=5e484d48-d393-4417-a8a3-fad9ff546eb2 dn=04729fd9-c1ff-4dca-ad26-4e6679f16bc9{ip: 192.168.151.103, host: pr-trunk-878pl-325597374, networkLocation: /default-rack, certSerialId: null}
2019-10-01 20:12:34,248 [RatisPipelineUtilsThread] ERROR pipeline.SCMPipelineManager (Scheduler.java:lambda$schedule$1(70)) - Destroy pipeline failed for pipeline:Pipeline[ Id: 5e484d48-d393-4417-a8a3-fad9ff546eb2, Nodes: c91e227e-7352-4230-bfa6-1f4b5d4bb797{ip: 192.168.151.103, host: pr-trunk-878pl-325597374, networkLocation: /default-rack, certSerialId: null}1eb58d1e-b4ee-4e5c-b6cd-c69dd16abeb7{ip: 192.168.151.103, host: pr-trunk-878pl-325597374, networkLocation: /default-rack, certSerialId: null}04729fd9-c1ff-4dca-ad26-4e6679f16bc9{ip: 192.168.151.103, host: pr-trunk-878pl-325597374, networkLocation: /default-rack, certSerialId: null}, Type:RATIS, Factor:THREE, State:CLOSED]
org.apache.hadoop.hdds.scm.pipeline.PipelineNotFoundException: PipelineID=5e484d48-d393-4417-a8a3-fad9ff546eb2 not found
	at org.apache.hadoop.hdds.scm.pipeline.PipelineStateMap.getPipeline(PipelineStateMap.java:132)
	at org.apache.hadoop.hdds.scm.pipeline.PipelineStateMap.removePipeline(PipelineStateMap.java:322)
	at org.apache.hadoop.hdds.scm.pipeline.PipelineStateManager.removePipeline(PipelineStateManager.java:107)
	at org.apache.hadoop.hdds.scm.pipeline.SCMPipelineManager.removePipeline(SCMPipelineManager.java:427)
	at org.apache.hadoop.hdds.scm.pipeline.SCMPipelineManager.destroyPipeline(SCMPipelineManager.java:413)
	at org.apache.hadoop.hdds.scm.pipeline.SCMPipelineManager.lambda$finalizeAndDestroyPipeline$0(SCMPipelineManager.java:322)
	at org.apache.hadoop.hdds.utils.Scheduler.lambda$schedule$1(Scheduler.java:68)
	at java.util.concurrent.Executors$RunnableAdapter.call(Executors.java:511)
	at java.util.concurrent.FutureTask.run(FutureTask.java:266)
	at java.util.concurrent.ScheduledThreadPoolExecutor$ScheduledFutureTask.access$201(ScheduledThreadPoolExecutor.java:180)
	at java.util.concurrent.ScheduledThreadPoolExecutor$ScheduledFutureTask.run(ScheduledThreadPoolExecutor.java:293)
	at java.util.concurrent.ThreadPoolExecutor.runWorker(ThreadPoolExecutor.java:1149)
	at java.util.concurrent.ThreadPoolExecutor$Worker.run(ThreadPoolExecutor.java:624)
	at java.lang.Thread.run(Thread.java:748)
2019-10-01 20:12:34,259 [grpc-default-executor-9] INFO  impl.RaftServerProxy (RaftServerProxy.java:addNew(89)) - 04729fd9-c1ff-4dca-ad26-4e6679f16bc9: addNew group-20103FC96F87:[c91e227e-7352-4230-bfa6-1f4b5d4bb797:192.168.151.103:37268, 04729fd9-c1ff-4dca-ad26-4e6679f16bc9:192.168.151.103:39208, 1eb58d1e-b4ee-4e5c-b6cd-c69dd16abeb7:192.168.151.103:39702] returns group-20103FC96F87:java.util.concurrent.CompletableFuture@3e63e810[Not completed]
2019-10-01 20:12:34,261 [grpc-default-executor-11] INFO  impl.RaftServerProxy (RaftServerProxy.java:addNew(89)) - c91e227e-7352-4230-bfa6-1f4b5d4bb797: addNew group-20103FC96F87:[c91e227e-7352-4230-bfa6-1f4b5d4bb797:192.168.151.103:37268, 04729fd9-c1ff-4dca-ad26-4e6679f16bc9:192.168.151.103:39208, 1eb58d1e-b4ee-4e5c-b6cd-c69dd16abeb7:192.168.151.103:39702] returns group-20103FC96F87:java.util.concurrent.CompletableFuture@41d081be[Not completed]
2019-10-01 20:12:34,264 [grpc-default-executor-11] INFO  impl.RaftServerProxy (RaftServerProxy.java:addNew(89)) - 1eb58d1e-b4ee-4e5c-b6cd-c69dd16abeb7: addNew group-20103FC96F87:[c91e227e-7352-4230-bfa6-1f4b5d4bb797:192.168.151.103:37268, 04729fd9-c1ff-4dca-ad26-4e6679f16bc9:192.168.151.103:39208, 1eb58d1e-b4ee-4e5c-b6cd-c69dd16abeb7:192.168.151.103:39702] returns group-20103FC96F87:java.util.concurrent.CompletableFuture@1c066650[Not completed]
2019-10-01 20:12:34,266 [pool-37-thread-1] INFO  impl.RaftServerImpl (RaftServerImpl.java:<init>(95)) - 04729fd9-c1ff-4dca-ad26-4e6679f16bc9: new RaftServerImpl for group-20103FC96F87:[c91e227e-7352-4230-bfa6-1f4b5d4bb797:192.168.151.103:37268, 04729fd9-c1ff-4dca-ad26-4e6679f16bc9:192.168.151.103:39208, 1eb58d1e-b4ee-4e5c-b6cd-c69dd16abeb7:192.168.151.103:39702] with ContainerStateMachine:uninitialized
2019-10-01 20:12:34,266 [pool-37-thread-1] INFO  server.RaftServerConfigKeys (ConfUtils.java:logGet(43)) - raft.server.rpc.timeout.min = 5s (custom)
2019-10-01 20:12:34,266 [pool-37-thread-1] INFO  server.RaftServerConfigKeys (ConfUtils.java:logGet(43)) - raft.server.rpc.timeout.max = 5200ms (custom)
2019-10-01 20:12:34,266 [pool-37-thread-1] INFO  server.RaftServerConfigKeys (ConfUtils.java:logGet(43)) - raft.server.rpcslowness.timeout = 120s (custom)
2019-10-01 20:12:34,266 [pool-37-thread-1] INFO  server.RaftServerConfigKeys (ConfUtils.java:logGet(43)) - raft.server.sleep.deviation.threshold = 300 (default)
2019-10-01 20:12:34,267 [pool-37-thread-1] INFO  server.RaftServerConfigKeys (ConfUtils.java:logGet(43)) - raft.server.log.appender.install.snapshot.enabled = false (custom)
2019-10-01 20:12:34,267 [pool-37-thread-1] INFO  impl.RaftServerImpl (ServerState.java:<init>(103)) - 04729fd9-c1ff-4dca-ad26-4e6679f16bc9@group-20103FC96F87: ConfigurationManager, init=-1: [c91e227e-7352-4230-bfa6-1f4b5d4bb797:192.168.151.103:37268, 04729fd9-c1ff-4dca-ad26-4e6679f16bc9:192.168.151.103:39208, 1eb58d1e-b4ee-4e5c-b6cd-c69dd16abeb7:192.168.151.103:39702], old=null, confs=<EMPTY_MAP>
2019-10-01 20:12:34,267 [pool-37-thread-1] INFO  server.RaftServerConfigKeys (ConfUtils.java:logGet(43)) - raft.server.storage.dir = [/workdir/hadoop-ozone/ozonefs/target/test-dir/MiniOzoneClusterImpl-e98f5f70-891c-46e9-bc29-8096c13504df/datanode-1/data/ratis] (custom)
2019-10-01 20:12:34,267 [pool-57-thread-1] INFO  impl.RaftServerImpl (RaftServerImpl.java:<init>(95)) - c91e227e-7352-4230-bfa6-1f4b5d4bb797: new RaftServerImpl for group-20103FC96F87:[c91e227e-7352-4230-bfa6-1f4b5d4bb797:192.168.151.103:37268, 04729fd9-c1ff-4dca-ad26-4e6679f16bc9:192.168.151.103:39208, 1eb58d1e-b4ee-4e5c-b6cd-c69dd16abeb7:192.168.151.103:39702] with ContainerStateMachine:uninitialized
2019-10-01 20:12:34,267 [pool-37-thread-1] INFO  storage.RaftStorageDirectory (RaftStorageDirectory.java:analyzeStorage(246)) - The storage directory /workdir/hadoop-ozone/ozonefs/target/test-dir/MiniOzoneClusterImpl-e98f5f70-891c-46e9-bc29-8096c13504df/datanode-1/data/ratis/995ce3bf-f79a-4af5-8067-20103fc96f87 does not exist. Creating ...
2019-10-01 20:12:34,267 [pool-57-thread-1] INFO  server.RaftServerConfigKeys (ConfUtils.java:logGet(43)) - raft.server.rpc.timeout.min = 5s (custom)
2019-10-01 20:12:34,268 [pool-57-thread-1] INFO  server.RaftServerConfigKeys (ConfUtils.java:logGet(43)) - raft.server.rpc.timeout.max = 5200ms (custom)
2019-10-01 20:12:34,268 [pool-57-thread-1] INFO  server.RaftServerConfigKeys (ConfUtils.java:logGet(43)) - raft.server.rpcslowness.timeout = 120s (custom)
2019-10-01 20:12:34,268 [pool-57-thread-1] INFO  server.RaftServerConfigKeys (ConfUtils.java:logGet(43)) - raft.server.sleep.deviation.threshold = 300 (default)
2019-10-01 20:12:34,268 [pool-57-thread-1] INFO  server.RaftServerConfigKeys (ConfUtils.java:logGet(43)) - raft.server.log.appender.install.snapshot.enabled = false (custom)
2019-10-01 20:12:34,268 [pool-57-thread-1] INFO  impl.RaftServerImpl (ServerState.java:<init>(103)) - c91e227e-7352-4230-bfa6-1f4b5d4bb797@group-20103FC96F87: ConfigurationManager, init=-1: [c91e227e-7352-4230-bfa6-1f4b5d4bb797:192.168.151.103:37268, 04729fd9-c1ff-4dca-ad26-4e6679f16bc9:192.168.151.103:39208, 1eb58d1e-b4ee-4e5c-b6cd-c69dd16abeb7:192.168.151.103:39702], old=null, confs=<EMPTY_MAP>
2019-10-01 20:12:34,268 [pool-27-thread-1] INFO  impl.RaftServerImpl (RaftServerImpl.java:<init>(95)) - 1eb58d1e-b4ee-4e5c-b6cd-c69dd16abeb7: new RaftServerImpl for group-20103FC96F87:[c91e227e-7352-4230-bfa6-1f4b5d4bb797:192.168.151.103:37268, 04729fd9-c1ff-4dca-ad26-4e6679f16bc9:192.168.151.103:39208, 1eb58d1e-b4ee-4e5c-b6cd-c69dd16abeb7:192.168.151.103:39702] with ContainerStateMachine:uninitialized
2019-10-01 20:12:34,268 [pool-57-thread-1] INFO  server.RaftServerConfigKeys (ConfUtils.java:logGet(43)) - raft.server.storage.dir = [/workdir/hadoop-ozone/ozonefs/target/test-dir/MiniOzoneClusterImpl-e98f5f70-891c-46e9-bc29-8096c13504df/datanode-3/data/ratis] (custom)
2019-10-01 20:12:34,268 [pool-27-thread-1] INFO  server.RaftServerConfigKeys (ConfUtils.java:logGet(43)) - raft.server.rpc.timeout.min = 5s (custom)
2019-10-01 20:12:34,269 [pool-27-thread-1] INFO  server.RaftServerConfigKeys (ConfUtils.java:logGet(43)) - raft.server.rpc.timeout.max = 5200ms (custom)
2019-10-01 20:12:34,269 [pool-57-thread-1] INFO  storage.RaftStorageDirectory (RaftStorageDirectory.java:analyzeStorage(246)) - The storage directory /workdir/hadoop-ozone/ozonefs/target/test-dir/MiniOzoneClusterImpl-e98f5f70-891c-46e9-bc29-8096c13504df/datanode-3/data/ratis/995ce3bf-f79a-4af5-8067-20103fc96f87 does not exist. Creating ...
2019-10-01 20:12:34,269 [pool-27-thread-1] INFO  server.RaftServerConfigKeys (ConfUtils.java:logGet(43)) - raft.server.rpcslowness.timeout = 120s (custom)
2019-10-01 20:12:34,269 [pool-27-thread-1] INFO  server.RaftServerConfigKeys (ConfUtils.java:logGet(43)) - raft.server.sleep.deviation.threshold = 300 (default)
2019-10-01 20:12:34,269 [pool-27-thread-1] INFO  server.RaftServerConfigKeys (ConfUtils.java:logGet(43)) - raft.server.log.appender.install.snapshot.enabled = false (custom)
2019-10-01 20:12:34,269 [pool-27-thread-1] INFO  impl.RaftServerImpl (ServerState.java:<init>(103)) - 1eb58d1e-b4ee-4e5c-b6cd-c69dd16abeb7@group-20103FC96F87: ConfigurationManager, init=-1: [c91e227e-7352-4230-bfa6-1f4b5d4bb797:192.168.151.103:37268, 04729fd9-c1ff-4dca-ad26-4e6679f16bc9:192.168.151.103:39208, 1eb58d1e-b4ee-4e5c-b6cd-c69dd16abeb7:192.168.151.103:39702], old=null, confs=<EMPTY_MAP>
2019-10-01 20:12:34,270 [pool-27-thread-1] INFO  server.RaftServerConfigKeys (ConfUtils.java:logGet(43)) - raft.server.storage.dir = [/workdir/hadoop-ozone/ozonefs/target/test-dir/MiniOzoneClusterImpl-e98f5f70-891c-46e9-bc29-8096c13504df/datanode-0/data/ratis] (custom)
2019-10-01 20:12:34,270 [pool-27-thread-1] INFO  storage.RaftStorageDirectory (RaftStorageDirectory.java:analyzeStorage(246)) - The storage directory /workdir/hadoop-ozone/ozonefs/target/test-dir/MiniOzoneClusterImpl-e98f5f70-891c-46e9-bc29-8096c13504df/datanode-0/data/ratis/995ce3bf-f79a-4af5-8067-20103fc96f87 does not exist. Creating ...
2019-10-01 20:12:34,283 [pool-57-thread-1] INFO  storage.RaftStorageDirectory (RaftStorageDirectory.java:tryLock(328)) - Lock on /workdir/hadoop-ozone/ozonefs/target/test-dir/MiniOzoneClusterImpl-e98f5f70-891c-46e9-bc29-8096c13504df/datanode-3/data/ratis/995ce3bf-f79a-4af5-8067-20103fc96f87/in_use.lock acquired by nodename 27094@pr-trunk-878pl-325597374
2019-10-01 20:12:34,283 [pool-37-thread-1] INFO  storage.RaftStorageDirectory (RaftStorageDirectory.java:tryLock(328)) - Lock on /workdir/hadoop-ozone/ozonefs/target/test-dir/MiniOzoneClusterImpl-e98f5f70-891c-46e9-bc29-8096c13504df/datanode-1/data/ratis/995ce3bf-f79a-4af5-8067-20103fc96f87/in_use.lock acquired by nodename 27094@pr-trunk-878pl-325597374
2019-10-01 20:12:34,283 [pool-27-thread-1] INFO  storage.RaftStorageDirectory (RaftStorageDirectory.java:tryLock(328)) - Lock on /workdir/hadoop-ozone/ozonefs/target/test-dir/MiniOzoneClusterImpl-e98f5f70-891c-46e9-bc29-8096c13504df/datanode-0/data/ratis/995ce3bf-f79a-4af5-8067-20103fc96f87/in_use.lock acquired by nodename 27094@pr-trunk-878pl-325597374
2019-10-01 20:12:34,290 [pool-57-thread-1] INFO  storage.RaftStorage (RaftStorage.java:format(72)) - Storage directory /workdir/hadoop-ozone/ozonefs/target/test-dir/MiniOzoneClusterImpl-e98f5f70-891c-46e9-bc29-8096c13504df/datanode-3/data/ratis/995ce3bf-f79a-4af5-8067-20103fc96f87 has been successfully formatted.
2019-10-01 20:12:34,290 [pool-37-thread-1] INFO  storage.RaftStorage (RaftStorage.java:format(72)) - Storage directory /workdir/hadoop-ozone/ozonefs/target/test-dir/MiniOzoneClusterImpl-e98f5f70-891c-46e9-bc29-8096c13504df/datanode-1/data/ratis/995ce3bf-f79a-4af5-8067-20103fc96f87 has been successfully formatted.
2019-10-01 20:12:34,290 [pool-27-thread-1] INFO  storage.RaftStorage (RaftStorage.java:format(72)) - Storage directory /workdir/hadoop-ozone/ozonefs/target/test-dir/MiniOzoneClusterImpl-e98f5f70-891c-46e9-bc29-8096c13504df/datanode-0/data/ratis/995ce3bf-f79a-4af5-8067-20103fc96f87 has been successfully formatted.
2019-10-01 20:12:34,290 [pool-37-thread-1] INFO  ratis.ContainerStateMachine (ContainerStateMachine.java:loadSnapshot(231)) - group-20103FC96F87: The snapshot info is null. Setting the last applied indexto:(t:0, i:~)
2019-10-01 20:12:34,290 [pool-27-thread-1] INFO  ratis.ContainerStateMachine (ContainerStateMachine.java:loadSnapshot(231)) - group-20103FC96F87: The snapshot info is null. Setting the last applied indexto:(t:0, i:~)
2019-10-01 20:12:34,290 [pool-57-thread-1] INFO  ratis.ContainerStateMachine (ContainerStateMachine.java:loadSnapshot(231)) - group-20103FC96F87: The snapshot info is null. Setting the last applied indexto:(t:0, i:~)
2019-10-01 20:12:34,290 [pool-27-thread-1] INFO  server.RaftServerConfigKeys (ConfUtils.java:logGet(43)) - raft.server.notification.no-leader.timeout = 120s (custom)
2019-10-01 20:12:34,290 [pool-37-thread-1] INFO  server.RaftServerConfigKeys (ConfUtils.java:logGet(43)) - raft.server.notification.no-leader.timeout = 120s (custom)
2019-10-01 20:12:34,291 [pool-27-thread-1] INFO  server.RaftServerConfigKeys (ConfUtils.java:logGet(43)) - raft.server.log.use.memory = false (default)
2019-10-01 20:12:34,291 [pool-57-thread-1] INFO  server.RaftServerConfigKeys (ConfUtils.java:logGet(43)) - raft.server.notification.no-leader.timeout = 120s (custom)
2019-10-01 20:12:34,291 [pool-27-thread-1] INFO  server.RaftServerConfigKeys (ConfUtils.java:logGet(43)) - raft.server.log.purge.gap = 1000000 (custom)
2019-10-01 20:12:34,291 [pool-37-thread-1] INFO  server.RaftServerConfigKeys (ConfUtils.java:logGet(43)) - raft.server.log.use.memory = false (default)
2019-10-01 20:12:34,291 [pool-27-thread-1] INFO  server.RaftServerConfigKeys (ConfUtils.java:logGet(43)) - raft.server.log.appender.buffer.byte-limit = 33554432 (custom)
2019-10-01 20:12:34,291 [pool-57-thread-1] INFO  server.RaftServerConfigKeys (ConfUtils.java:logGet(43)) - raft.server.log.use.memory = false (default)
2019-10-01 20:12:34,291 [pool-27-thread-1] INFO  server.RaftServerConfigKeys (ConfUtils.java:logGet(43)) - raft.server.log.segment.size.max = 1048576 (custom)
2019-10-01 20:12:34,292 [pool-27-thread-1] INFO  server.RaftServerConfigKeys (ConfUtils.java:logGet(43)) - raft.server.log.segment.cache.num.max = 2 (custom)
2019-10-01 20:12:34,291 [pool-37-thread-1] INFO  server.RaftServerConfigKeys (ConfUtils.java:logGet(43)) - raft.server.log.purge.gap = 1000000 (custom)
2019-10-01 20:12:34,292 [pool-27-thread-1] INFO  segmented.SegmentedRaftLogWorker (SegmentedRaftLogWorker.java:<init>(172)) - new 1eb58d1e-b4ee-4e5c-b6cd-c69dd16abeb7@group-20103FC96F87-SegmentedRaftLogWorker for RaftStorage:Storage Directory /workdir/hadoop-ozone/ozonefs/target/test-dir/MiniOzoneClusterImpl-e98f5f70-891c-46e9-bc29-8096c13504df/datanode-0/data/ratis/995ce3bf-f79a-4af5-8067-20103fc96f87
2019-10-01 20:12:34,292 [pool-57-thread-1] INFO  server.RaftServerConfigKeys (ConfUtils.java:logGet(43)) - raft.server.log.purge.gap = 1000000 (custom)
2019-10-01 20:12:34,292 [pool-27-thread-1] INFO  server.RaftServerConfigKeys (ConfUtils.java:logGet(43)) - raft.server.log.queue.byte-limit = 2147483647 (custom)
2019-10-01 20:12:34,292 [pool-37-thread-1] INFO  server.RaftServerConfigKeys (ConfUtils.java:logGet(43)) - raft.server.log.appender.buffer.byte-limit = 33554432 (custom)
2019-10-01 20:12:34,292 [pool-27-thread-1] INFO  server.RaftServerConfigKeys (ConfUtils.java:logGet(43)) - raft.server.log.queue.element-limit = 1024 (custom)
2019-10-01 20:12:34,292 [pool-57-thread-1] INFO  server.RaftServerConfigKeys (ConfUtils.java:logGet(43)) - raft.server.log.appender.buffer.byte-limit = 33554432 (custom)
2019-10-01 20:12:34,293 [pool-27-thread-1] INFO  server.RaftServerConfigKeys (ConfUtils.java:logGet(43)) - raft.server.log.segment.size.max = 1048576 (custom)
2019-10-01 20:12:34,292 [pool-37-thread-1] INFO  server.RaftServerConfigKeys (ConfUtils.java:logGet(43)) - raft.server.log.segment.size.max = 1048576 (custom)
2019-10-01 20:12:34,293 [pool-27-thread-1] INFO  server.RaftServerConfigKeys (ConfUtils.java:logGet(43)) - raft.server.log.preallocated.size = 16384 (custom)
2019-10-01 20:12:34,293 [pool-57-thread-1] INFO  server.RaftServerConfigKeys (ConfUtils.java:logGet(43)) - raft.server.log.segment.size.max = 1048576 (custom)
2019-10-01 20:12:34,293 [pool-27-thread-1] INFO  server.RaftServerConfigKeys (ConfUtils.java:logGet(43)) - raft.server.log.write.buffer.size = 33554432 (custom)
2019-10-01 20:12:34,293 [pool-37-thread-1] INFO  server.RaftServerConfigKeys (ConfUtils.java:logGet(43)) - raft.server.log.segment.cache.num.max = 2 (custom)
2019-10-01 20:12:34,293 [pool-27-thread-1] INFO  server.RaftServerConfigKeys (ConfUtils.java:logGet(43)) - raft.server.log.force.sync.num = 128 (default)
2019-10-01 20:12:34,293 [pool-57-thread-1] INFO  server.RaftServerConfigKeys (ConfUtils.java:logGet(43)) - raft.server.log.segment.cache.num.max = 2 (custom)
2019-10-01 20:12:34,293 [pool-27-thread-1] INFO  server.RaftServerConfigKeys (ConfUtils.java:logGet(43)) - raft.server.log.statemachine.data.sync = true (default)
2019-10-01 20:12:34,293 [pool-37-thread-1] INFO  segmented.SegmentedRaftLogWorker (SegmentedRaftLogWorker.java:<init>(172)) - new 04729fd9-c1ff-4dca-ad26-4e6679f16bc9@group-20103FC96F87-SegmentedRaftLogWorker for RaftStorage:Storage Directory /workdir/hadoop-ozone/ozonefs/target/test-dir/MiniOzoneClusterImpl-e98f5f70-891c-46e9-bc29-8096c13504df/datanode-1/data/ratis/995ce3bf-f79a-4af5-8067-20103fc96f87
2019-10-01 20:12:34,294 [pool-27-thread-1] INFO  server.RaftServerConfigKeys (ConfUtils.java:logGet(43)) - raft.server.log.statemachine.data.sync.timeout = 10s (default)
2019-10-01 20:12:34,293 [pool-57-thread-1] INFO  segmented.SegmentedRaftLogWorker (SegmentedRaftLogWorker.java:<init>(172)) - new c91e227e-7352-4230-bfa6-1f4b5d4bb797@group-20103FC96F87-SegmentedRaftLogWorker for RaftStorage:Storage Directory /workdir/hadoop-ozone/ozonefs/target/test-dir/MiniOzoneClusterImpl-e98f5f70-891c-46e9-bc29-8096c13504df/datanode-3/data/ratis/995ce3bf-f79a-4af5-8067-20103fc96f87
2019-10-01 20:12:34,294 [pool-27-thread-1] INFO  server.RaftServerConfigKeys (ConfUtils.java:logGet(43)) - raft.server.log.statemachine.data.sync.timeout.retry = -1 (default)
2019-10-01 20:12:34,294 [pool-37-thread-1] INFO  server.RaftServerConfigKeys (ConfUtils.java:logGet(43)) - raft.server.log.queue.byte-limit = 2147483647 (custom)
2019-10-01 20:12:34,294 [pool-27-thread-1] INFO  server.RaftServerConfigKeys (ConfUtils.java:logGet(43)) - raft.server.log.statemachine.data.caching.enabled = true (custom)
2019-10-01 20:12:34,294 [pool-57-thread-1] INFO  server.RaftServerConfigKeys (ConfUtils.java:logGet(43)) - raft.server.log.queue.byte-limit = 2147483647 (custom)
2019-10-01 20:12:34,294 [pool-37-thread-1] INFO  server.RaftServerConfigKeys (ConfUtils.java:logGet(43)) - raft.server.log.queue.element-limit = 1024 (custom)
2019-10-01 20:12:34,294 [pool-27-thread-1] INFO  segmented.SegmentedRaftLogWorker (SegmentedRaftLogWorker.java:lambda$new$0(132)) - 1eb58d1e-b4ee-4e5c-b6cd-c69dd16abeb7@group-20103FC96F87-SegmentedRaftLogWorker: flushIndex: setUnconditionally 0 -> -1
2019-10-01 20:12:34,294 [pool-57-thread-1] INFO  server.RaftServerConfigKeys (ConfUtils.java:logGet(43)) - raft.server.log.queue.element-limit = 1024 (custom)
2019-10-01 20:12:34,294 [pool-37-thread-1] INFO  server.RaftServerConfigKeys (ConfUtils.java:logGet(43)) - raft.server.log.segment.size.max = 1048576 (custom)
2019-10-01 20:12:34,295 [pool-57-thread-1] INFO  server.RaftServerConfigKeys (ConfUtils.java:logGet(43)) - raft.server.log.segment.size.max = 1048576 (custom)
2019-10-01 20:12:34,295 [pool-27-thread-1] INFO  server.RaftServerConfigKeys (ConfUtils.java:logGet(43)) - raft.server.snapshot.auto.trigger.enabled = true (custom)
2019-10-01 20:12:34,295 [pool-57-thread-1] INFO  server.RaftServerConfigKeys (ConfUtils.java:logGet(43)) - raft.server.log.preallocated.size = 16384 (custom)
2019-10-01 20:12:34,295 [pool-57-thread-1] INFO  server.RaftServerConfigKeys (ConfUtils.java:logGet(43)) - raft.server.log.write.buffer.size = 33554432 (custom)
2019-10-01 20:12:34,295 [pool-37-thread-1] INFO  server.RaftServerConfigKeys (ConfUtils.java:logGet(43)) - raft.server.log.preallocated.size = 16384 (custom)
2019-10-01 20:12:34,295 [pool-57-thread-1] INFO  server.RaftServerConfigKeys (ConfUtils.java:logGet(43)) - raft.server.log.force.sync.num = 128 (default)
2019-10-01 20:12:34,295 [pool-27-thread-1] INFO  server.RaftServerConfigKeys (ConfUtils.java:logGet(43)) - raft.server.snapshot.auto.trigger.threshold = 10000 (custom)
2019-10-01 20:12:34,295 [pool-57-thread-1] INFO  server.RaftServerConfigKeys (ConfUtils.java:logGet(43)) - raft.server.log.statemachine.data.sync = true (default)
2019-10-01 20:12:34,295 [pool-37-thread-1] INFO  server.RaftServerConfigKeys (ConfUtils.java:logGet(43)) - raft.server.log.write.buffer.size = 33554432 (custom)
2019-10-01 20:12:34,296 [pool-57-thread-1] INFO  server.RaftServerConfigKeys (ConfUtils.java:logGet(43)) - raft.server.log.statemachine.data.sync.timeout = 10s (default)
2019-10-01 20:12:34,296 [pool-27-thread-1] INFO  server.RaftServerConfigKeys (ConfUtils.java:logGet(43)) - raft.server.snapshot.retention.num.files = 5 (custom)
2019-10-01 20:12:34,296 [pool-57-thread-1] INFO  server.RaftServerConfigKeys (ConfUtils.java:logGet(43)) - raft.server.log.statemachine.data.sync.timeout.retry = -1 (default)
2019-10-01 20:12:34,296 [pool-37-thread-1] INFO  server.RaftServerConfigKeys (ConfUtils.java:logGet(43)) - raft.server.log.force.sync.num = 128 (default)
2019-10-01 20:12:34,296 [pool-57-thread-1] INFO  server.RaftServerConfigKeys (ConfUtils.java:logGet(43)) - raft.server.log.statemachine.data.caching.enabled = true (custom)
2019-10-01 20:12:34,296 [pool-27-thread-1] INFO  server.RaftServerConfigKeys (ConfUtils.java:logGet(43)) - raft.server.retrycache.expirytime = 600000ms (custom)
2019-10-01 20:12:34,296 [pool-37-thread-1] INFO  server.RaftServerConfigKeys (ConfUtils.java:logGet(43)) - raft.server.log.statemachine.data.sync = true (default)
2019-10-01 20:12:34,296 [pool-57-thread-1] INFO  segmented.SegmentedRaftLogWorker (SegmentedRaftLogWorker.java:lambda$new$0(132)) - c91e227e-7352-4230-bfa6-1f4b5d4bb797@group-20103FC96F87-SegmentedRaftLogWorker: flushIndex: setUnconditionally 0 -> -1
2019-10-01 20:12:34,297 [pool-37-thread-1] INFO  server.RaftServerConfigKeys (ConfUtils.java:logGet(43)) - raft.server.log.statemachine.data.sync.timeout = 10s (default)
2019-10-01 20:12:34,297 [pool-37-thread-1] INFO  server.RaftServerConfigKeys (ConfUtils.java:logGet(43)) - raft.server.log.statemachine.data.sync.timeout.retry = -1 (default)
2019-10-01 20:12:34,297 [pool-57-thread-1] INFO  server.RaftServerConfigKeys (ConfUtils.java:logGet(43)) - raft.server.snapshot.auto.trigger.enabled = true (custom)
2019-10-01 20:12:34,297 [pool-37-thread-1] INFO  server.RaftServerConfigKeys (ConfUtils.java:logGet(43)) - raft.server.log.statemachine.data.caching.enabled = true (custom)
2019-10-01 20:12:34,297 [pool-57-thread-1] INFO  server.RaftServerConfigKeys (ConfUtils.java:logGet(43)) - raft.server.snapshot.auto.trigger.threshold = 10000 (custom)
2019-10-01 20:12:34,297 [pool-57-thread-1] INFO  server.RaftServerConfigKeys (ConfUtils.java:logGet(43)) - raft.server.snapshot.retention.num.files = 5 (custom)
2019-10-01 20:12:34,297 [pool-37-thread-1] INFO  segmented.SegmentedRaftLogWorker (SegmentedRaftLogWorker.java:lambda$new$0(132)) - 04729fd9-c1ff-4dca-ad26-4e6679f16bc9@group-20103FC96F87-SegmentedRaftLogWorker: flushIndex: setUnconditionally 0 -> -1
2019-10-01 20:12:34,297 [pool-57-thread-1] INFO  server.RaftServerConfigKeys (ConfUtils.java:logGet(43)) - raft.server.retrycache.expirytime = 600000ms (custom)
2019-10-01 20:12:34,297 [pool-37-thread-1] INFO  server.RaftServerConfigKeys (ConfUtils.java:logGet(43)) - raft.server.snapshot.auto.trigger.enabled = true (custom)
2019-10-01 20:12:34,298 [pool-37-thread-1] INFO  server.RaftServerConfigKeys (ConfUtils.java:logGet(43)) - raft.server.snapshot.auto.trigger.threshold = 10000 (custom)
2019-10-01 20:12:34,298 [pool-37-thread-1] INFO  server.RaftServerConfigKeys (ConfUtils.java:logGet(43)) - raft.server.snapshot.retention.num.files = 5 (custom)
2019-10-01 20:12:34,298 [pool-37-thread-1] INFO  server.RaftServerConfigKeys (ConfUtils.java:logGet(43)) - raft.server.retrycache.expirytime = 600000ms (custom)
2019-10-01 20:12:34,299 [pool-27-thread-1] INFO  impl.RaftServerImpl (RaftServerImpl.java:start(185)) - 1eb58d1e-b4ee-4e5c-b6cd-c69dd16abeb7@group-20103FC96F87: start as a follower, conf=-1: [c91e227e-7352-4230-bfa6-1f4b5d4bb797:192.168.151.103:37268, 04729fd9-c1ff-4dca-ad26-4e6679f16bc9:192.168.151.103:39208, 1eb58d1e-b4ee-4e5c-b6cd-c69dd16abeb7:192.168.151.103:39702], old=null
2019-10-01 20:12:34,299 [pool-27-thread-1] INFO  impl.RaftServerImpl (RaftServerImpl.java:setRole(174)) - 1eb58d1e-b4ee-4e5c-b6cd-c69dd16abeb7@group-20103FC96F87: changes role from      null to FOLLOWER at term 0 for startAsFollower
2019-10-01 20:12:34,299 [pool-27-thread-1] INFO  impl.RoleInfo (RoleInfo.java:updateAndGet(143)) - 1eb58d1e-b4ee-4e5c-b6cd-c69dd16abeb7: start FollowerState
2019-10-01 20:12:34,299 [pool-27-thread-1] INFO  util.JmxRegister (JmxRegister.java:tryRegister(44)) - Successfully registered JMX Bean with object name Ratis:service=RaftServer,group=group-20103FC96F87,id=1eb58d1e-b4ee-4e5c-b6cd-c69dd16abeb7
2019-10-01 20:12:34,300 [pool-57-thread-1] INFO  impl.RaftServerImpl (RaftServerImpl.java:start(185)) - c91e227e-7352-4230-bfa6-1f4b5d4bb797@group-20103FC96F87: start as a follower, conf=-1: [c91e227e-7352-4230-bfa6-1f4b5d4bb797:192.168.151.103:37268, 04729fd9-c1ff-4dca-ad26-4e6679f16bc9:192.168.151.103:39208, 1eb58d1e-b4ee-4e5c-b6cd-c69dd16abeb7:192.168.151.103:39702], old=null
2019-10-01 20:12:34,302 [pool-57-thread-1] INFO  impl.RaftServerImpl (RaftServerImpl.java:setRole(174)) - c91e227e-7352-4230-bfa6-1f4b5d4bb797@group-20103FC96F87: changes role from      null to FOLLOWER at term 0 for startAsFollower
2019-10-01 20:12:34,302 [pool-37-thread-1] INFO  impl.RaftServerImpl (RaftServerImpl.java:start(185)) - 04729fd9-c1ff-4dca-ad26-4e6679f16bc9@group-20103FC96F87: start as a follower, conf=-1: [c91e227e-7352-4230-bfa6-1f4b5d4bb797:192.168.151.103:37268, 04729fd9-c1ff-4dca-ad26-4e6679f16bc9:192.168.151.103:39208, 1eb58d1e-b4ee-4e5c-b6cd-c69dd16abeb7:192.168.151.103:39702], old=null
2019-10-01 20:12:34,302 [pool-57-thread-1] INFO  impl.RoleInfo (RoleInfo.java:updateAndGet(143)) - c91e227e-7352-4230-bfa6-1f4b5d4bb797: start FollowerState
2019-10-01 20:12:34,302 [pool-37-thread-1] INFO  impl.RaftServerImpl (RaftServerImpl.java:setRole(174)) - 04729fd9-c1ff-4dca-ad26-4e6679f16bc9@group-20103FC96F87: changes role from      null to FOLLOWER at term 0 for startAsFollower
2019-10-01 20:12:34,302 [pool-37-thread-1] INFO  impl.RoleInfo (RoleInfo.java:updateAndGet(143)) - 04729fd9-c1ff-4dca-ad26-4e6679f16bc9: start FollowerState
2019-10-01 20:12:34,302 [pool-57-thread-1] INFO  util.JmxRegister (JmxRegister.java:tryRegister(44)) - Successfully registered JMX Bean with object name Ratis:service=RaftServer,group=group-20103FC96F87,id=c91e227e-7352-4230-bfa6-1f4b5d4bb797
2019-10-01 20:12:34,307 [pool-37-thread-1] INFO  util.JmxRegister (JmxRegister.java:tryRegister(44)) - Successfully registered JMX Bean with object name Ratis:service=RaftServer,group=group-20103FC96F87,id=04729fd9-c1ff-4dca-ad26-4e6679f16bc9
2019-10-01 20:12:34,313 [RatisPipelineUtilsThread] INFO  pipeline.PipelineStateManager (PipelineStateManager.java:addPipeline(56)) - Created pipeline Pipeline[ Id: 995ce3bf-f79a-4af5-8067-20103fc96f87, Nodes: c91e227e-7352-4230-bfa6-1f4b5d4bb797{ip: 192.168.151.103, host: pr-trunk-878pl-325597374, networkLocation: /default-rack, certSerialId: null}1eb58d1e-b4ee-4e5c-b6cd-c69dd16abeb7{ip: 192.168.151.103, host: pr-trunk-878pl-325597374, networkLocation: /default-rack, certSerialId: null}04729fd9-c1ff-4dca-ad26-4e6679f16bc9{ip: 192.168.151.103, host: pr-trunk-878pl-325597374, networkLocation: /default-rack, certSerialId: null}, Type:RATIS, Factor:THREE, State:OPEN]
2019-10-01 20:12:39,402 [Thread-805] INFO  impl.FollowerState (FollowerState.java:run(106)) - 04729fd9-c1ff-4dca-ad26-4e6679f16bc9:group-20103FC96F87 changes to CANDIDATE, lastRpcTime:5099, electionTimeout:5095ms
2019-10-01 20:12:39,403 [Thread-805] INFO  impl.RoleInfo (RoleInfo.java:shutdownFollowerState(121)) - 04729fd9-c1ff-4dca-ad26-4e6679f16bc9: shutdown FollowerState
2019-10-01 20:12:39,403 [Thread-805] INFO  impl.RaftServerImpl (RaftServerImpl.java:setRole(174)) - 04729fd9-c1ff-4dca-ad26-4e6679f16bc9@group-20103FC96F87: changes role from  FOLLOWER to CANDIDATE at term 0 for changeToCandidate
2019-10-01 20:12:39,403 [Thread-805] INFO  impl.RoleInfo (RoleInfo.java:updateAndGet(143)) - 04729fd9-c1ff-4dca-ad26-4e6679f16bc9: start LeaderElection
2019-10-01 20:12:39,431 [Thread-804] INFO  impl.FollowerState (FollowerState.java:run(106)) - c91e227e-7352-4230-bfa6-1f4b5d4bb797:group-20103FC96F87 changes to CANDIDATE, lastRpcTime:5129, electionTimeout:5129ms
2019-10-01 20:12:39,434 [04729fd9-c1ff-4dca-ad26-4e6679f16bc9@group-20103FC96F87:LeaderElection14] INFO  impl.LeaderElection (LeaderElection.java:askForVotes(182)) - 04729fd9-c1ff-4dca-ad26-4e6679f16bc9@group-20103FC96F87:LeaderElection14: begin an election at term 1 for -1: [c91e227e-7352-4230-bfa6-1f4b5d4bb797:192.168.151.103:37268, 04729fd9-c1ff-4dca-ad26-4e6679f16bc9:192.168.151.103:39208, 1eb58d1e-b4ee-4e5c-b6cd-c69dd16abeb7:192.168.151.103:39702], old=null
2019-10-01 20:12:39,434 [Thread-804] INFO  impl.RoleInfo (RoleInfo.java:shutdownFollowerState(121)) - c91e227e-7352-4230-bfa6-1f4b5d4bb797: shutdown FollowerState
2019-10-01 20:12:39,434 [Thread-804] INFO  impl.RaftServerImpl (RaftServerImpl.java:setRole(174)) - c91e227e-7352-4230-bfa6-1f4b5d4bb797@group-20103FC96F87: changes role from  FOLLOWER to CANDIDATE at term 0 for changeToCandidate
2019-10-01 20:12:39,434 [Thread-804] INFO  impl.RoleInfo (RoleInfo.java:updateAndGet(143)) - c91e227e-7352-4230-bfa6-1f4b5d4bb797: start LeaderElection
2019-10-01 20:12:39,447 [grpc-default-executor-10] INFO  impl.RaftServerImpl (RaftServerImpl.java:setRole(174)) - 1eb58d1e-b4ee-4e5c-b6cd-c69dd16abeb7@group-20103FC96F87: changes role from  FOLLOWER to FOLLOWER at term 1 for recognizeCandidate:04729fd9-c1ff-4dca-ad26-4e6679f16bc9
2019-10-01 20:12:39,447 [grpc-default-executor-10] INFO  impl.RoleInfo (RoleInfo.java:shutdownFollowerState(121)) - 1eb58d1e-b4ee-4e5c-b6cd-c69dd16abeb7: shutdown FollowerState
2019-10-01 20:12:39,448 [grpc-default-executor-10] INFO  impl.RoleInfo (RoleInfo.java:updateAndGet(143)) - 1eb58d1e-b4ee-4e5c-b6cd-c69dd16abeb7: start FollowerState
2019-10-01 20:12:39,448 [Thread-802] INFO  impl.FollowerState (FollowerState.java:run(115)) - 1eb58d1e-b4ee-4e5c-b6cd-c69dd16abeb7: FollowerState was interrupted: java.lang.InterruptedException: sleep interrupted
2019-10-01 20:12:39,454 [c91e227e-7352-4230-bfa6-1f4b5d4bb797@group-20103FC96F87:LeaderElection15] INFO  impl.LeaderElection (LeaderElection.java:askForVotes(182)) - c91e227e-7352-4230-bfa6-1f4b5d4bb797@group-20103FC96F87:LeaderElection15: begin an election at term 1 for -1: [c91e227e-7352-4230-bfa6-1f4b5d4bb797:192.168.151.103:37268, 04729fd9-c1ff-4dca-ad26-4e6679f16bc9:192.168.151.103:39208, 1eb58d1e-b4ee-4e5c-b6cd-c69dd16abeb7:192.168.151.103:39702], old=null
2019-10-01 20:12:39,456 [04729fd9-c1ff-4dca-ad26-4e6679f16bc9@group-20103FC96F87:LeaderElection14] INFO  impl.LeaderElection (LeaderElection.java:logAndReturn(56)) - 04729fd9-c1ff-4dca-ad26-4e6679f16bc9@group-20103FC96F87:LeaderElection14: Election PASSED; received 2 response(s) [04729fd9-c1ff-4dca-ad26-4e6679f16bc9<-c91e227e-7352-4230-bfa6-1f4b5d4bb797#0:FAIL-t1, 04729fd9-c1ff-4dca-ad26-4e6679f16bc9<-1eb58d1e-b4ee-4e5c-b6cd-c69dd16abeb7#0:OK-t1] and 0 exception(s); 04729fd9-c1ff-4dca-ad26-4e6679f16bc9@group-20103FC96F87:t1, leader=null, voted=04729fd9-c1ff-4dca-ad26-4e6679f16bc9, raftlog=04729fd9-c1ff-4dca-ad26-4e6679f16bc9@group-20103FC96F87-SegmentedRaftLog:OPENED:c-1,f-1,i0, conf=-1: [c91e227e-7352-4230-bfa6-1f4b5d4bb797:192.168.151.103:37268, 04729fd9-c1ff-4dca-ad26-4e6679f16bc9:192.168.151.103:39208, 1eb58d1e-b4ee-4e5c-b6cd-c69dd16abeb7:192.168.151.103:39702], old=null
2019-10-01 20:12:39,456 [04729fd9-c1ff-4dca-ad26-4e6679f16bc9@group-20103FC96F87:LeaderElection14] INFO  impl.RoleInfo (RoleInfo.java:shutdownLeaderElection(134)) - 04729fd9-c1ff-4dca-ad26-4e6679f16bc9: shutdown LeaderElection
2019-10-01 20:12:39,458 [04729fd9-c1ff-4dca-ad26-4e6679f16bc9@group-20103FC96F87:LeaderElection14] INFO  impl.RaftServerImpl (RaftServerImpl.java:setRole(174)) - 04729fd9-c1ff-4dca-ad26-4e6679f16bc9@group-20103FC96F87: changes role from CANDIDATE to LEADER at term 1 for changeToLeader
2019-10-01 20:12:39,458 [04729fd9-c1ff-4dca-ad26-4e6679f16bc9@group-20103FC96F87:LeaderElection14] INFO  impl.RaftServerImpl (ServerState.java:setLeader(253)) - 04729fd9-c1ff-4dca-ad26-4e6679f16bc9@group-20103FC96F87: change Leader from null to 04729fd9-c1ff-4dca-ad26-4e6679f16bc9 at term 1 for becomeLeader, leader elected after 5167ms
2019-10-01 20:12:39,459 [04729fd9-c1ff-4dca-ad26-4e6679f16bc9@group-20103FC96F87:LeaderElection14] INFO  server.RaftServerConfigKeys (ConfUtils.java:logGet(43)) - raft.server.staging.catchup.gap = 1000 (default)
2019-10-01 20:12:39,459 [04729fd9-c1ff-4dca-ad26-4e6679f16bc9@group-20103FC96F87:LeaderElection14] INFO  server.RaftServerConfigKeys (ConfUtils.java:logGet(43)) - raft.server.rpc.sleep.time = 25ms (default)
2019-10-01 20:12:39,461 [04729fd9-c1ff-4dca-ad26-4e6679f16bc9@group-20103FC96F87:LeaderElection14] INFO  server.RaftServerConfigKeys (ConfUtils.java:logGet(43)) - raft.server.write.element-limit = 4096 (default)
2019-10-01 20:12:39,461 [04729fd9-c1ff-4dca-ad26-4e6679f16bc9@group-20103FC96F87:LeaderElection14] INFO  server.RaftServerConfigKeys (ConfUtils.java:logGet(43)) - raft.server.watch.timeout = 10s (default)
2019-10-01 20:12:39,461 [04729fd9-c1ff-4dca-ad26-4e6679f16bc9@group-20103FC96F87:LeaderElection14] INFO  server.RaftServerConfigKeys (ConfUtils.java:logGet(43)) - raft.server.watch.timeout.denomination = 1s (default)
2019-10-01 20:12:39,461 [04729fd9-c1ff-4dca-ad26-4e6679f16bc9@group-20103FC96F87:LeaderElection14] INFO  server.RaftServerConfigKeys (ConfUtils.java:logGet(43)) - raft.server.watch.element-limit = 65536 (default)
2019-10-01 20:12:39,465 [04729fd9-c1ff-4dca-ad26-4e6679f16bc9@group-20103FC96F87:LeaderElection14] INFO  server.RaftServerConfigKeys (ConfUtils.java:logGet(43)) - raft.server.log.appender.snapshot.chunk.size.max = 16MB (=16777216) (default)
2019-10-01 20:12:39,465 [04729fd9-c1ff-4dca-ad26-4e6679f16bc9@group-20103FC96F87:LeaderElection14] INFO  server.RaftServerConfigKeys (ConfUtils.java:logGet(43)) - raft.server.log.appender.buffer.byte-limit = 33554432 (custom)
2019-10-01 20:12:39,466 [04729fd9-c1ff-4dca-ad26-4e6679f16bc9@group-20103FC96F87:LeaderElection14] INFO  server.RaftServerConfigKeys (ConfUtils.java:logGet(43)) - raft.server.log.appender.buffer.element-limit = 1 (custom)
2019-10-01 20:12:39,466 [04729fd9-c1ff-4dca-ad26-4e6679f16bc9@group-20103FC96F87:LeaderElection14] INFO  grpc.GrpcConfigKeys$Server (ConfUtils.java:logGet(43)) - raft.grpc.server.leader.outstanding.appends.max = 128 (default)
2019-10-01 20:12:39,466 [04729fd9-c1ff-4dca-ad26-4e6679f16bc9@group-20103FC96F87:LeaderElection14] INFO  server.RaftServerConfigKeys (ConfUtils.java:logGet(43)) - raft.server.rpc.request.timeout = 3000ms (default)
2019-10-01 20:12:39,466 [04729fd9-c1ff-4dca-ad26-4e6679f16bc9@group-20103FC96F87:LeaderElection14] INFO  server.RaftServerConfigKeys (ConfUtils.java:logGet(43)) - raft.server.log.appender.install.snapshot.enabled = false (custom)
2019-10-01 20:12:39,467 [04729fd9-c1ff-4dca-ad26-4e6679f16bc9@group-20103FC96F87:LeaderElection14] INFO  server.RaftServerConfigKeys (ConfUtils.java:logGet(43)) - raft.server.log.appender.snapshot.chunk.size.max = 16MB (=16777216) (default)
2019-10-01 20:12:39,467 [04729fd9-c1ff-4dca-ad26-4e6679f16bc9@group-20103FC96F87:LeaderElection14] INFO  server.RaftServerConfigKeys (ConfUtils.java:logGet(43)) - raft.server.log.appender.buffer.byte-limit = 33554432 (custom)
2019-10-01 20:12:39,467 [04729fd9-c1ff-4dca-ad26-4e6679f16bc9@group-20103FC96F87:LeaderElection14] INFO  server.RaftServerConfigKeys (ConfUtils.java:logGet(43)) - raft.server.log.appender.buffer.element-limit = 1 (custom)
2019-10-01 20:12:39,467 [04729fd9-c1ff-4dca-ad26-4e6679f16bc9@group-20103FC96F87:LeaderElection14] INFO  grpc.GrpcConfigKeys$Server (ConfUtils.java:logGet(43)) - raft.grpc.server.leader.outstanding.appends.max = 128 (default)
2019-10-01 20:12:39,467 [04729fd9-c1ff-4dca-ad26-4e6679f16bc9@group-20103FC96F87:LeaderElection14] INFO  server.RaftServerConfigKeys (ConfUtils.java:logGet(43)) - raft.server.rpc.request.timeout = 3000ms (default)
2019-10-01 20:12:39,468 [04729fd9-c1ff-4dca-ad26-4e6679f16bc9@group-20103FC96F87:LeaderElection14] INFO  server.RaftServerConfigKeys (ConfUtils.java:logGet(43)) - raft.server.log.appender.install.snapshot.enabled = false (custom)
2019-10-01 20:12:39,468 [04729fd9-c1ff-4dca-ad26-4e6679f16bc9@group-20103FC96F87:LeaderElection14] INFO  impl.RoleInfo (RoleInfo.java:updateAndGet(143)) - 04729fd9-c1ff-4dca-ad26-4e6679f16bc9: start LeaderState
2019-10-01 20:12:39,468 [04729fd9-c1ff-4dca-ad26-4e6679f16bc9@group-20103FC96F87:LeaderElection14] INFO  segmented.SegmentedRaftLogWorker (SegmentedRaftLogWorker.java:startLogSegment(380)) - 04729fd9-c1ff-4dca-ad26-4e6679f16bc9@group-20103FC96F87-SegmentedRaftLogWorker: Starting segment from index:0
2019-10-01 20:12:39,469 [04729fd9-c1ff-4dca-ad26-4e6679f16bc9@group-20103FC96F87:LeaderElection14] INFO  impl.RaftServerImpl (ServerState.java:setRaftConf(354)) - 04729fd9-c1ff-4dca-ad26-4e6679f16bc9@group-20103FC96F87: set configuration 0: [c91e227e-7352-4230-bfa6-1f4b5d4bb797:192.168.151.103:37268, 04729fd9-c1ff-4dca-ad26-4e6679f16bc9:192.168.151.103:39208, 1eb58d1e-b4ee-4e5c-b6cd-c69dd16abeb7:192.168.151.103:39702], old=null at 0
2019-10-01 20:12:39,497 [grpc-default-executor-9] INFO  impl.RaftServerImpl (RaftServerImpl.java:requestVote(758)) - 04729fd9-c1ff-4dca-ad26-4e6679f16bc9@group-20103FC96F87-   LEADER: Withhold vote from candidate c91e227e-7352-4230-bfa6-1f4b5d4bb797 with term 1. State: leader=04729fd9-c1ff-4dca-ad26-4e6679f16bc9, term=1, lastRpcElapsed=null
2019-10-01 20:12:39,506 [grpc-default-executor-9] INFO  impl.RaftServerImpl (ServerState.java:setLeader(253)) - 1eb58d1e-b4ee-4e5c-b6cd-c69dd16abeb7@group-20103FC96F87: change Leader from null to 04729fd9-c1ff-4dca-ad26-4e6679f16bc9 at term 1 for appendEntries, leader elected after 5215ms
2019-10-01 20:12:39,506 [c91e227e-7352-4230-bfa6-1f4b5d4bb797@group-20103FC96F87:LeaderElection15] INFO  impl.LeaderElection (LeaderElection.java:logAndReturn(56)) - c91e227e-7352-4230-bfa6-1f4b5d4bb797@group-20103FC96F87:LeaderElection15: Election REJECTED; received 2 response(s) [c91e227e-7352-4230-bfa6-1f4b5d4bb797<-04729fd9-c1ff-4dca-ad26-4e6679f16bc9#0:FAIL-t1, c91e227e-7352-4230-bfa6-1f4b5d4bb797<-1eb58d1e-b4ee-4e5c-b6cd-c69dd16abeb7#0:FAIL-t1] and 0 exception(s); c91e227e-7352-4230-bfa6-1f4b5d4bb797@group-20103FC96F87:t1, leader=null, voted=c91e227e-7352-4230-bfa6-1f4b5d4bb797, raftlog=c91e227e-7352-4230-bfa6-1f4b5d4bb797@group-20103FC96F87-SegmentedRaftLog:OPENED:c-1,f-1,i0, conf=-1: [c91e227e-7352-4230-bfa6-1f4b5d4bb797:192.168.151.103:37268, 04729fd9-c1ff-4dca-ad26-4e6679f16bc9:192.168.151.103:39208, 1eb58d1e-b4ee-4e5c-b6cd-c69dd16abeb7:192.168.151.103:39702], old=null
2019-10-01 20:12:39,506 [grpc-default-executor-10] INFO  impl.RaftServerImpl (RaftServerImpl.java:setRole(174)) - c91e227e-7352-4230-bfa6-1f4b5d4bb797@group-20103FC96F87: changes role from CANDIDATE to FOLLOWER at term 1 for appendEntries
2019-10-01 20:12:39,508 [grpc-default-executor-10] INFO  impl.RoleInfo (RoleInfo.java:shutdownLeaderElection(134)) - c91e227e-7352-4230-bfa6-1f4b5d4bb797: shutdown LeaderElection
2019-10-01 20:12:39,509 [grpc-default-executor-10] INFO  impl.RoleInfo (RoleInfo.java:updateAndGet(143)) - c91e227e-7352-4230-bfa6-1f4b5d4bb797: start FollowerState
2019-10-01 20:12:39,510 [grpc-default-executor-10] INFO  impl.RaftServerImpl (ServerState.java:setLeader(253)) - c91e227e-7352-4230-bfa6-1f4b5d4bb797@group-20103FC96F87: change Leader from null to 04729fd9-c1ff-4dca-ad26-4e6679f16bc9 at term 1 for appendEntries, leader elected after 5218ms
2019-10-01 20:12:39,512 [grpc-default-executor-10] INFO  impl.RaftServerImpl (ServerState.java:setRaftConf(354)) - 1eb58d1e-b4ee-4e5c-b6cd-c69dd16abeb7@group-20103FC96F87: set configuration 0: [c91e227e-7352-4230-bfa6-1f4b5d4bb797:192.168.151.103:37268, 04729fd9-c1ff-4dca-ad26-4e6679f16bc9:192.168.151.103:39208, 1eb58d1e-b4ee-4e5c-b6cd-c69dd16abeb7:192.168.151.103:39702], old=null at 0
2019-10-01 20:12:39,512 [grpc-default-executor-10] INFO  segmented.SegmentedRaftLogWorker (SegmentedRaftLogWorker.java:startLogSegment(380)) - 1eb58d1e-b4ee-4e5c-b6cd-c69dd16abeb7@group-20103FC96F87-SegmentedRaftLogWorker: Starting segment from index:0
2019-10-01 20:12:39,513 [grpc-default-executor-9] INFO  impl.RaftServerImpl (ServerState.java:setRaftConf(354)) - c91e227e-7352-4230-bfa6-1f4b5d4bb797@group-20103FC96F87: set configuration 0: [c91e227e-7352-4230-bfa6-1f4b5d4bb797:192.168.151.103:37268, 04729fd9-c1ff-4dca-ad26-4e6679f16bc9:192.168.151.103:39208, 1eb58d1e-b4ee-4e5c-b6cd-c69dd16abeb7:192.168.151.103:39702], old=null at 0
2019-10-01 20:12:39,514 [grpc-default-executor-9] INFO  segmented.SegmentedRaftLogWorker (SegmentedRaftLogWorker.java:startLogSegment(380)) - c91e227e-7352-4230-bfa6-1f4b5d4bb797@group-20103FC96F87-SegmentedRaftLogWorker: Starting segment from index:0
2019-10-01 20:12:39,519 [04729fd9-c1ff-4dca-ad26-4e6679f16bc9@group-20103FC96F87-SegmentedRaftLogWorker] INFO  segmented.SegmentedRaftLogWorker (SegmentedRaftLogWorker.java:execute(569)) - 04729fd9-c1ff-4dca-ad26-4e6679f16bc9@group-20103FC96F87-SegmentedRaftLogWorker: created new log segment /workdir/hadoop-ozone/ozonefs/target/test-dir/MiniOzoneClusterImpl-e98f5f70-891c-46e9-bc29-8096c13504df/datanode-1/data/ratis/995ce3bf-f79a-4af5-8067-20103fc96f87/current/log_inprogress_0
2019-10-01 20:12:39,551 [c91e227e-7352-4230-bfa6-1f4b5d4bb797@group-20103FC96F87-SegmentedRaftLogWorker] INFO  segmented.SegmentedRaftLogWorker (SegmentedRaftLogWorker.java:execute(569)) - c91e227e-7352-4230-bfa6-1f4b5d4bb797@group-20103FC96F87-SegmentedRaftLogWorker: created new log segment /workdir/hadoop-ozone/ozonefs/target/test-dir/MiniOzoneClusterImpl-e98f5f70-891c-46e9-bc29-8096c13504df/datanode-3/data/ratis/995ce3bf-f79a-4af5-8067-20103fc96f87/current/log_inprogress_0
2019-10-01 20:12:39,551 [1eb58d1e-b4ee-4e5c-b6cd-c69dd16abeb7@group-20103FC96F87-SegmentedRaftLogWorker] INFO  segmented.SegmentedRaftLogWorker (SegmentedRaftLogWorker.java:execute(569)) - 1eb58d1e-b4ee-4e5c-b6cd-c69dd16abeb7@group-20103FC96F87-SegmentedRaftLogWorker: created new log segment /workdir/hadoop-ozone/ozonefs/target/test-dir/MiniOzoneClusterImpl-e98f5f70-891c-46e9-bc29-8096c13504df/datanode-0/data/ratis/995ce3bf-f79a-4af5-8067-20103fc96f87/current/log_inprogress_0
2019-10-01 20:13:10,039 [grpc-default-executor-10] INFO  impl.RaftServerProxy (RaftServerProxy.java:remove(95)) - c91e227e-7352-4230-bfa6-1f4b5d4bb797: remove  FOLLOWER c91e227e-7352-4230-bfa6-1f4b5d4bb797@group-732C13042A76:t1, leader=04729fd9-c1ff-4dca-ad26-4e6679f16bc9, voted=04729fd9-c1ff-4dca-ad26-4e6679f16bc9, raftlog=c91e227e-7352-4230-bfa6-1f4b5d4bb797@group-732C13042A76-SegmentedRaftLog:OPENED:c0,f2,i2, conf=0: [c91e227e-7352-4230-bfa6-1f4b5d4bb797:192.168.151.103:37268, 04729fd9-c1ff-4dca-ad26-4e6679f16bc9:192.168.151.103:39208, 1eb58d1e-b4ee-4e5c-b6cd-c69dd16abeb7:192.168.151.103:39702], old=null RUNNING
2019-10-01 20:13:10,040 [grpc-default-executor-10] INFO  impl.RaftServerImpl (RaftServerImpl.java:lambda$shutdown$3(251)) - c91e227e-7352-4230-bfa6-1f4b5d4bb797@group-732C13042A76: shutdown
2019-10-01 20:13:10,041 [grpc-default-executor-10] INFO  util.JmxRegister (JmxRegister.java:unregister(73)) - Successfully un-registered JMX Bean with object name Ratis:service=RaftServer,group=group-732C13042A76,id=c91e227e-7352-4230-bfa6-1f4b5d4bb797
2019-10-01 20:13:10,041 [grpc-default-executor-10] INFO  impl.RoleInfo (RoleInfo.java:shutdownFollowerState(121)) - c91e227e-7352-4230-bfa6-1f4b5d4bb797: shutdown FollowerState
2019-10-01 20:13:10,041 [grpc-default-executor-10] INFO  impl.StateMachineUpdater (StateMachineUpdater.java:stopAndJoin(125)) - c91e227e-7352-4230-bfa6-1f4b5d4bb797@group-732C13042A76-StateMachineUpdater: set stopIndex = 0
2019-10-01 20:13:10,042 [Thread-684] INFO  impl.FollowerState (FollowerState.java:run(115)) - c91e227e-7352-4230-bfa6-1f4b5d4bb797: FollowerState was interrupted: java.lang.InterruptedException: sleep interrupted
2019-10-01 20:13:10,045 [grpc-default-executor-10] INFO  impl.RaftServerImpl (ServerState.java:close(385)) - c91e227e-7352-4230-bfa6-1f4b5d4bb797@group-732C13042A76: closes. applyIndex: 0
2019-10-01 20:13:10,046 [c91e227e-7352-4230-bfa6-1f4b5d4bb797@group-732C13042A76-SegmentedRaftLogWorker] INFO  segmented.SegmentedRaftLogWorker (SegmentedRaftLogWorker.java:run(313)) - c91e227e-7352-4230-bfa6-1f4b5d4bb797@group-732C13042A76-SegmentedRaftLogWorker was interrupted, exiting. There are 0 tasks remaining in the queue.
2019-10-01 20:13:10,047 [grpc-default-executor-10] INFO  segmented.SegmentedRaftLogWorker (SegmentedRaftLogWorker.java:close(228)) - c91e227e-7352-4230-bfa6-1f4b5d4bb797@group-732C13042A76-SegmentedRaftLogWorker close()
2019-10-01 20:13:10,127 [grpc-default-executor-10] INFO  interfaces.Container (KeyValueContainer.java:flushAndSyncDB(386)) - Container 6 is synced with bcsId 0.
2019-10-01 20:13:10,128 [grpc-default-executor-10] INFO  interfaces.Container (KeyValueContainer.java:flushAndSyncDB(386)) - Container 6 is synced with bcsId 0.
2019-10-01 20:13:10,146 [EventQueue-IncrementalContainerReportForIncrementalContainerReportHandler] INFO  container.IncrementalContainerReportHandler (AbstractContainerReportHandler.java:updateContainerState(169)) - Moving container #6 to QUASI_CLOSED state, datanode c91e227e-7352-4230-bfa6-1f4b5d4bb797{ip: 192.168.151.103, host: pr-trunk-878pl-325597374, networkLocation: /default-rack, certSerialId: null} reported QUASI_CLOSED replica.
2019-10-01 20:13:10,152 [grpc-default-executor-10] INFO  impl.RaftServerProxy (RaftServerProxy.java:remove(95)) - 1eb58d1e-b4ee-4e5c-b6cd-c69dd16abeb7: remove  FOLLOWER 1eb58d1e-b4ee-4e5c-b6cd-c69dd16abeb7@group-732C13042A76:t1, leader=04729fd9-c1ff-4dca-ad26-4e6679f16bc9, voted=04729fd9-c1ff-4dca-ad26-4e6679f16bc9, raftlog=1eb58d1e-b4ee-4e5c-b6cd-c69dd16abeb7@group-732C13042A76-SegmentedRaftLog:OPENED:c0,f2,i2, conf=0: [c91e227e-7352-4230-bfa6-1f4b5d4bb797:192.168.151.103:37268, 04729fd9-c1ff-4dca-ad26-4e6679f16bc9:192.168.151.103:39208, 1eb58d1e-b4ee-4e5c-b6cd-c69dd16abeb7:192.168.151.103:39702], old=null RUNNING
2019-10-01 20:13:10,153 [grpc-default-executor-10] INFO  impl.RaftServerImpl (RaftServerImpl.java:lambda$shutdown$3(251)) - 1eb58d1e-b4ee-4e5c-b6cd-c69dd16abeb7@group-732C13042A76: shutdown
2019-10-01 20:13:10,153 [grpc-default-executor-10] INFO  util.JmxRegister (JmxRegister.java:unregister(73)) - Successfully un-registered JMX Bean with object name Ratis:service=RaftServer,group=group-732C13042A76,id=1eb58d1e-b4ee-4e5c-b6cd-c69dd16abeb7
2019-10-01 20:13:10,153 [grpc-default-executor-10] INFO  impl.RoleInfo (RoleInfo.java:shutdownFollowerState(121)) - 1eb58d1e-b4ee-4e5c-b6cd-c69dd16abeb7: shutdown FollowerState
2019-10-01 20:13:10,153 [grpc-default-executor-10] INFO  impl.StateMachineUpdater (StateMachineUpdater.java:stopAndJoin(125)) - 1eb58d1e-b4ee-4e5c-b6cd-c69dd16abeb7@group-732C13042A76-StateMachineUpdater: set stopIndex = 0
2019-10-01 20:13:10,153 [Thread-683] INFO  impl.FollowerState (FollowerState.java:run(115)) - 1eb58d1e-b4ee-4e5c-b6cd-c69dd16abeb7: FollowerState was interrupted: java.lang.InterruptedException: sleep interrupted
2019-10-01 20:13:10,157 [grpc-default-executor-10] INFO  impl.RaftServerImpl (ServerState.java:close(385)) - 1eb58d1e-b4ee-4e5c-b6cd-c69dd16abeb7@group-732C13042A76: closes. applyIndex: 0
2019-10-01 20:13:10,158 [1eb58d1e-b4ee-4e5c-b6cd-c69dd16abeb7@group-732C13042A76-SegmentedRaftLogWorker] INFO  segmented.SegmentedRaftLogWorker (SegmentedRaftLogWorker.java:run(313)) - 1eb58d1e-b4ee-4e5c-b6cd-c69dd16abeb7@group-732C13042A76-SegmentedRaftLogWorker was interrupted, exiting. There are 0 tasks remaining in the queue.
2019-10-01 20:13:10,158 [grpc-default-executor-10] INFO  segmented.SegmentedRaftLogWorker (SegmentedRaftLogWorker.java:close(228)) - 1eb58d1e-b4ee-4e5c-b6cd-c69dd16abeb7@group-732C13042A76-SegmentedRaftLogWorker close()
2019-10-01 20:13:10,229 [grpc-default-executor-10] INFO  interfaces.Container (KeyValueContainer.java:flushAndSyncDB(386)) - Container 6 is synced with bcsId 0.
2019-10-01 20:13:10,230 [grpc-default-executor-10] INFO  interfaces.Container (KeyValueContainer.java:flushAndSyncDB(386)) - Container 6 is synced with bcsId 0.
2019-10-01 20:13:10,242 [grpc-default-executor-10] INFO  impl.RaftServerProxy (RaftServerProxy.java:remove(95)) - 04729fd9-c1ff-4dca-ad26-4e6679f16bc9: remove    LEADER 04729fd9-c1ff-4dca-ad26-4e6679f16bc9@group-732C13042A76:t1, leader=04729fd9-c1ff-4dca-ad26-4e6679f16bc9, voted=04729fd9-c1ff-4dca-ad26-4e6679f16bc9, raftlog=04729fd9-c1ff-4dca-ad26-4e6679f16bc9@group-732C13042A76-SegmentedRaftLog:OPENED:c0,f0,i2, conf=0: [c91e227e-7352-4230-bfa6-1f4b5d4bb797:192.168.151.103:37268, 04729fd9-c1ff-4dca-ad26-4e6679f16bc9:192.168.151.103:39208, 1eb58d1e-b4ee-4e5c-b6cd-c69dd16abeb7:192.168.151.103:39702], old=null RUNNING
2019-10-01 20:13:10,242 [grpc-default-executor-10] INFO  impl.RaftServerImpl (RaftServerImpl.java:lambda$shutdown$3(251)) - 04729fd9-c1ff-4dca-ad26-4e6679f16bc9@group-732C13042A76: shutdown
2019-10-01 20:13:10,242 [grpc-default-executor-10] INFO  util.JmxRegister (JmxRegister.java:unregister(73)) - Successfully un-registered JMX Bean with object name Ratis:service=RaftServer,group=group-732C13042A76,id=04729fd9-c1ff-4dca-ad26-4e6679f16bc9
2019-10-01 20:13:10,242 [grpc-default-executor-10] INFO  impl.RoleInfo (RoleInfo.java:shutdownLeaderState(104)) - 04729fd9-c1ff-4dca-ad26-4e6679f16bc9: shutdown LeaderState
2019-10-01 20:13:10,246 [grpc-default-executor-10] INFO  impl.PendingRequests (PendingRequests.java:sendNotLeaderResponses(202)) - 04729fd9-c1ff-4dca-ad26-4e6679f16bc9-PendingRequests: sendNotLeaderResponses
2019-10-01 20:13:10,246 [org.apache.ratis.server.impl.LogAppender$AppenderDaemon$$Lambda$705/236705144@17e47984] WARN  server.GrpcLogAppender (GrpcLogAppender.java:mayWait(143)) - 04729fd9-c1ff-4dca-ad26-4e6679f16bc9@group-732C13042A76->c91e227e-7352-4230-bfa6-1f4b5d4bb797-GrpcLogAppender: Wait interrupted by java.lang.InterruptedException
2019-10-01 20:13:10,246 [org.apache.ratis.server.impl.LogAppender$AppenderDaemon$$Lambda$705/236705144@3b602542] WARN  server.GrpcLogAppender (GrpcLogAppender.java:mayWait(143)) - 04729fd9-c1ff-4dca-ad26-4e6679f16bc9@group-732C13042A76->1eb58d1e-b4ee-4e5c-b6cd-c69dd16abeb7-GrpcLogAppender: Wait interrupted by java.lang.InterruptedException
2019-10-01 20:13:10,250 [grpc-default-executor-11] INFO  server.GrpcServerProtocolService (GrpcServerProtocolService.java:onCompleted(113)) - c91e227e-7352-4230-bfa6-1f4b5d4bb797: Completed APPEND_ENTRIES, lastRequest: 04729fd9-c1ff-4dca-ad26-4e6679f16bc9->c91e227e-7352-4230-bfa6-1f4b5d4bb797#30-t1, previous=(t:1, i:2), leaderCommit=0, initializing? false, entries: <empty>
2019-10-01 20:13:10,250 [grpc-default-executor-9] INFO  server.GrpcServerProtocolService (GrpcServerProtocolService.java:onCompleted(113)) - 1eb58d1e-b4ee-4e5c-b6cd-c69dd16abeb7: Completed APPEND_ENTRIES, lastRequest: 04729fd9-c1ff-4dca-ad26-4e6679f16bc9->1eb58d1e-b4ee-4e5c-b6cd-c69dd16abeb7#30-t1, previous=(t:1, i:2), leaderCommit=0, initializing? false, entries: <empty>
2019-10-01 20:13:10,250 [grpc-default-executor-10] INFO  impl.StateMachineUpdater (StateMachineUpdater.java:stopAndJoin(125)) - 04729fd9-c1ff-4dca-ad26-4e6679f16bc9@group-732C13042A76-StateMachineUpdater: set stopIndex = 0
2019-10-01 20:13:10,252 [grpc-default-executor-10] INFO  impl.RaftServerImpl (ServerState.java:close(385)) - 04729fd9-c1ff-4dca-ad26-4e6679f16bc9@group-732C13042A76: closes. applyIndex: 0
2019-10-01 20:13:10,253 [grpc-default-executor-11] INFO  server.GrpcLogAppender (GrpcLogAppender.java:onCompleted(293)) - 04729fd9-c1ff-4dca-ad26-4e6679f16bc9@group-732C13042A76->1eb58d1e-b4ee-4e5c-b6cd-c69dd16abeb7-AppendLogResponseHandler: follower responses appendEntries COMPLETED
2019-10-01 20:13:10,255 [04729fd9-c1ff-4dca-ad26-4e6679f16bc9@group-732C13042A76-SegmentedRaftLogWorker] INFO  segmented.SegmentedRaftLogWorker (SegmentedRaftLogWorker.java:run(313)) - 04729fd9-c1ff-4dca-ad26-4e6679f16bc9@group-732C13042A76-SegmentedRaftLogWorker was interrupted, exiting. There are 0 tasks remaining in the queue.
2019-10-01 20:13:10,252 [grpc-default-executor-5] INFO  server.GrpcLogAppender (GrpcLogAppender.java:onCompleted(293)) - 04729fd9-c1ff-4dca-ad26-4e6679f16bc9@group-732C13042A76->c91e227e-7352-4230-bfa6-1f4b5d4bb797-AppendLogResponseHandler: follower responses appendEntries COMPLETED
2019-10-01 20:13:10,255 [grpc-default-executor-11] INFO  impl.FollowerInfo (FollowerInfo.java:lambda$new$0(51)) - 04729fd9-c1ff-4dca-ad26-4e6679f16bc9@group-732C13042A76->1eb58d1e-b4ee-4e5c-b6cd-c69dd16abeb7: nextIndex: updateUnconditionally 3 -> 2
2019-10-01 20:13:10,255 [grpc-default-executor-5] INFO  impl.FollowerInfo (FollowerInfo.java:lambda$new$0(51)) - 04729fd9-c1ff-4dca-ad26-4e6679f16bc9@group-732C13042A76->c91e227e-7352-4230-bfa6-1f4b5d4bb797: nextIndex: updateUnconditionally 3 -> 2
2019-10-01 20:13:10,255 [grpc-default-executor-10] INFO  segmented.SegmentedRaftLogWorker (SegmentedRaftLogWorker.java:close(228)) - 04729fd9-c1ff-4dca-ad26-4e6679f16bc9@group-732C13042A76-SegmentedRaftLogWorker close()
2019-10-01 20:13:10,255 [grpc-default-executor-9] WARN  server.GrpcLogAppender (LogUtils.java:warn(134)) - 04729fd9-c1ff-4dca-ad26-4e6679f16bc9@group-20103FC96F87->1eb58d1e-b4ee-4e5c-b6cd-c69dd16abeb7-AppendLogResponseHandler: Failed appendEntries: org.apache.ratis.thirdparty.io.grpc.StatusRuntimeException: UNAVAILABLE: Channel shutdownNow invoked
2019-10-01 20:13:10,256 [grpc-default-executor-8] WARN  server.GrpcServerProtocolService (LogUtils.java:warn(134)) - c91e227e-7352-4230-bfa6-1f4b5d4bb797: installSnapshot onError, lastRequest: 04729fd9-c1ff-4dca-ad26-4e6679f16bc9->c91e227e-7352-4230-bfa6-1f4b5d4bb797#13-t1, previous=(t:1, i:0), leaderCommit=0, initializing? false, entries: <empty>: org.apache.ratis.thirdparty.io.grpc.StatusRuntimeException: CANCELLED: cancelled before receiving half close
2019-10-01 20:13:10,256 [grpc-default-executor-11] WARN  server.GrpcLogAppender (LogUtils.java:warn(134)) - 04729fd9-c1ff-4dca-ad26-4e6679f16bc9@group-20103FC96F87->c91e227e-7352-4230-bfa6-1f4b5d4bb797-AppendLogResponseHandler: Failed appendEntries: org.apache.ratis.thirdparty.io.grpc.StatusRuntimeException: UNAVAILABLE: Channel shutdownNow invoked
2019-10-01 20:13:10,256 [grpc-default-executor-1] WARN  server.GrpcServerProtocolService (LogUtils.java:warn(134)) - 1eb58d1e-b4ee-4e5c-b6cd-c69dd16abeb7: installSnapshot onError, lastRequest: 04729fd9-c1ff-4dca-ad26-4e6679f16bc9->1eb58d1e-b4ee-4e5c-b6cd-c69dd16abeb7#13-t1, previous=(t:1, i:0), leaderCommit=0, initializing? false, entries: <empty>: org.apache.ratis.thirdparty.io.grpc.StatusRuntimeException: CANCELLED: cancelled before receiving half close
2019-10-01 20:13:10,258 [grpc-default-executor-11] INFO  impl.FollowerInfo (FollowerInfo.java:lambda$new$0(51)) - 04729fd9-c1ff-4dca-ad26-4e6679f16bc9@group-20103FC96F87->c91e227e-7352-4230-bfa6-1f4b5d4bb797: nextIndex: updateUnconditionally 1 -> 0
2019-10-01 20:13:10,257 [grpc-default-executor-9] INFO  impl.FollowerInfo (FollowerInfo.java:lambda$new$0(51)) - 04729fd9-c1ff-4dca-ad26-4e6679f16bc9@group-20103FC96F87->1eb58d1e-b4ee-4e5c-b6cd-c69dd16abeb7: nextIndex: updateUnconditionally 1 -> 0
2019-10-01 20:13:10,261 [RatisPipelineUtilsThread] INFO  pipeline.PipelineStateManager (PipelineStateManager.java:removePipeline(108)) - Pipeline Pipeline[ Id: 6cdfae99-0395-4262-a95c-732c13042a76, Nodes: c91e227e-7352-4230-bfa6-1f4b5d4bb797{ip: 192.168.151.103, host: pr-trunk-878pl-325597374, networkLocation: /default-rack, certSerialId: null}1eb58d1e-b4ee-4e5c-b6cd-c69dd16abeb7{ip: 192.168.151.103, host: pr-trunk-878pl-325597374, networkLocation: /default-rack, certSerialId: null}04729fd9-c1ff-4dca-ad26-4e6679f16bc9{ip: 192.168.151.103, host: pr-trunk-878pl-325597374, networkLocation: /default-rack, certSerialId: null}, Type:RATIS, Factor:THREE, State:CLOSED] removed from db
2019-10-01 20:13:10,265 [grpc-default-executor-1] INFO  impl.RaftServerProxy (RaftServerProxy.java:remove(95)) - c91e227e-7352-4230-bfa6-1f4b5d4bb797: remove group-732C13042A76:null
2019-10-01 20:13:10,270 [RatisPipelineUtilsThread] WARN  pipeline.RatisPipelineUtils (RatisPipelineUtils.java:destroyPipeline(67)) - Pipeline destroy failed for pipeline=PipelineID=6cdfae99-0395-4262-a95c-732c13042a76 dn=c91e227e-7352-4230-bfa6-1f4b5d4bb797{ip: 192.168.151.103, host: pr-trunk-878pl-325597374, networkLocation: /default-rack, certSerialId: null}
2019-10-01 20:13:10,275 [grpc-default-executor-1] INFO  impl.RaftServerProxy (RaftServerProxy.java:remove(95)) - 1eb58d1e-b4ee-4e5c-b6cd-c69dd16abeb7: remove group-732C13042A76:null
2019-10-01 20:13:10,280 [RatisPipelineUtilsThread] WARN  pipeline.RatisPipelineUtils (RatisPipelineUtils.java:destroyPipeline(67)) - Pipeline destroy failed for pipeline=PipelineID=6cdfae99-0395-4262-a95c-732c13042a76 dn=1eb58d1e-b4ee-4e5c-b6cd-c69dd16abeb7{ip: 192.168.151.103, host: pr-trunk-878pl-325597374, networkLocation: /default-rack, certSerialId: null}
2019-10-01 20:13:10,284 [grpc-default-executor-1] INFO  impl.RaftServerProxy (RaftServerProxy.java:remove(95)) - 04729fd9-c1ff-4dca-ad26-4e6679f16bc9: remove group-732C13042A76:null
2019-10-01 20:13:10,289 [RatisPipelineUtilsThread] WARN  pipeline.RatisPipelineUtils (RatisPipelineUtils.java:destroyPipeline(67)) - Pipeline destroy failed for pipeline=PipelineID=6cdfae99-0395-4262-a95c-732c13042a76 dn=04729fd9-c1ff-4dca-ad26-4e6679f16bc9{ip: 192.168.151.103, host: pr-trunk-878pl-325597374, networkLocation: /default-rack, certSerialId: null}
2019-10-01 20:13:10,289 [RatisPipelineUtilsThread] ERROR pipeline.SCMPipelineManager (Scheduler.java:lambda$schedule$1(70)) - Destroy pipeline failed for pipeline:Pipeline[ Id: 6cdfae99-0395-4262-a95c-732c13042a76, Nodes: c91e227e-7352-4230-bfa6-1f4b5d4bb797{ip: 192.168.151.103, host: pr-trunk-878pl-325597374, networkLocation: /default-rack, certSerialId: null}1eb58d1e-b4ee-4e5c-b6cd-c69dd16abeb7{ip: 192.168.151.103, host: pr-trunk-878pl-325597374, networkLocation: /default-rack, certSerialId: null}04729fd9-c1ff-4dca-ad26-4e6679f16bc9{ip: 192.168.151.103, host: pr-trunk-878pl-325597374, networkLocation: /default-rack, certSerialId: null}, Type:RATIS, Factor:THREE, State:CLOSED]
org.apache.hadoop.hdds.scm.pipeline.PipelineNotFoundException: PipelineID=6cdfae99-0395-4262-a95c-732c13042a76 not found
	at org.apache.hadoop.hdds.scm.pipeline.PipelineStateMap.getPipeline(PipelineStateMap.java:132)
	at org.apache.hadoop.hdds.scm.pipeline.PipelineStateMap.removePipeline(PipelineStateMap.java:322)
	at org.apache.hadoop.hdds.scm.pipeline.PipelineStateManager.removePipeline(PipelineStateManager.java:107)
	at org.apache.hadoop.hdds.scm.pipeline.SCMPipelineManager.removePipeline(SCMPipelineManager.java:427)
	at org.apache.hadoop.hdds.scm.pipeline.SCMPipelineManager.destroyPipeline(SCMPipelineManager.java:413)
	at org.apache.hadoop.hdds.scm.pipeline.SCMPipelineManager.lambda$finalizeAndDestroyPipeline$0(SCMPipelineManager.java:322)
	at org.apache.hadoop.hdds.utils.Scheduler.lambda$schedule$1(Scheduler.java:68)
	at java.util.concurrent.Executors$RunnableAdapter.call(Executors.java:511)
	at java.util.concurrent.FutureTask.run(FutureTask.java:266)
	at java.util.concurrent.ScheduledThreadPoolExecutor$ScheduledFutureTask.access$201(ScheduledThreadPoolExecutor.java:180)
	at java.util.concurrent.ScheduledThreadPoolExecutor$ScheduledFutureTask.run(ScheduledThreadPoolExecutor.java:293)
	at java.util.concurrent.ThreadPoolExecutor.runWorker(ThreadPoolExecutor.java:1149)
	at java.util.concurrent.ThreadPoolExecutor$Worker.run(ThreadPoolExecutor.java:624)
	at java.lang.Thread.run(Thread.java:748)
2019-10-01 20:13:11,273 [Thread-649] WARN  io.KeyOutputStream (KeyOutputStream.java:handleException(274)) - Encountered exception java.io.IOException: Unexpected Storage Container Exception: java.util.concurrent.CompletionException: java.util.concurrent.CompletionException: org.apache.ratis.protocol.GroupMismatchException: 04729fd9-c1ff-4dca-ad26-4e6679f16bc9: group-732C13042A76 not found. on the pipeline Pipeline[ Id: 6cdfae99-0395-4262-a95c-732c13042a76, Nodes: c91e227e-7352-4230-bfa6-1f4b5d4bb797{ip: 192.168.151.103, host: pr-trunk-878pl-325597374, networkLocation: /default-rack, certSerialId: null}1eb58d1e-b4ee-4e5c-b6cd-c69dd16abeb7{ip: 192.168.151.103, host: pr-trunk-878pl-325597374, networkLocation: /default-rack, certSerialId: null}04729fd9-c1ff-4dca-ad26-4e6679f16bc9{ip: 192.168.151.103, host: pr-trunk-878pl-325597374, networkLocation: /default-rack, certSerialId: null}, Type:RATIS, Factor:THREE, State:OPEN]. The last committed block length is 0, uncommitted data length is 4 retry count 0
2019-10-01 20:13:11,340 [grpc-default-executor-8] INFO  impl.RaftServerImpl (ServerState.java:setRaftConf(354)) - c91e227e-7352-4230-bfa6-1f4b5d4bb797@group-20103FC96F87: set configuration 0: [c91e227e-7352-4230-bfa6-1f4b5d4bb797:192.168.151.103:37268, 04729fd9-c1ff-4dca-ad26-4e6679f16bc9:192.168.151.103:39208, 1eb58d1e-b4ee-4e5c-b6cd-c69dd16abeb7:192.168.151.103:39702], old=null at 0
2019-10-01 20:13:11,349 [grpc-default-executor-8] INFO  impl.RaftServerImpl (ServerState.java:setRaftConf(354)) - 1eb58d1e-b4ee-4e5c-b6cd-c69dd16abeb7@group-20103FC96F87: set configuration 0: [c91e227e-7352-4230-bfa6-1f4b5d4bb797:192.168.151.103:37268, 04729fd9-c1ff-4dca-ad26-4e6679f16bc9:192.168.151.103:39208, 1eb58d1e-b4ee-4e5c-b6cd-c69dd16abeb7:192.168.151.103:39702], old=null at 0
2019-10-01 20:13:11,427 [pool-36-thread-13] ERROR impl.ChunkManagerImpl (ChunkUtils.java:writeData(89)) - data array does not match the length specified. DataLen: 4 Byte Array: 160
2019-10-01 20:13:11,429 [pool-36-thread-13] INFO  keyvalue.KeyValueHandler (ContainerUtils.java:logAndReturnError(146)) - Operation: WriteChunk : Trace ID: ab20e51869fe15f1:ab20e51869fe15f1:0:0 : Message: data array does not match the length specified. DataLen: 4 Byte Array: 160 : Result: INVALID_WRITE_SIZE
2019-10-01 20:13:11,455 [EventQueue-IncrementalContainerReportForIncrementalContainerReportHandler] WARN  container.IncrementalContainerReportHandler (AbstractContainerReportHandler.java:updateContainerState(143)) - Container #7 is in OPEN state, but the datanode 04729fd9-c1ff-4dca-ad26-4e6679f16bc9{ip: 192.168.151.103, host: pr-trunk-878pl-325597374, networkLocation: /default-rack, certSerialId: null} reports an UNHEALTHY replica.
2019-10-01 20:13:11,456 [EventQueue-CloseContainerForCloseContainerEventHandler] INFO  container.CloseContainerEventHandler (CloseContainerEventHandler.java:onMessage(61)) - Close container Event triggered for container : #7
20:13:11.455 [pool-36-thread-13] ERROR DNAudit - user=null | ip=null | op=WRITE_CHUNK {blockData=conID: 7 locID: 102888950418309130 bcsId: 0} | ret=FAILURE
java.lang.Exception: data array does not match the length specified. DataLen: 4 Byte Array: 160
	at org.apache.hadoop.ozone.container.common.impl.HddsDispatcher.dispatchRequest(HddsDispatcher.java:330) ~[hadoop-hdds-container-service-0.5.0-SNAPSHOT.jar:?]
	at org.apache.hadoop.ozone.container.common.impl.HddsDispatcher.dispatch(HddsDispatcher.java:150) ~[hadoop-hdds-container-service-0.5.0-SNAPSHOT.jar:?]
	at org.apache.hadoop.ozone.container.common.transport.server.ratis.ContainerStateMachine.dispatchCommand(ContainerStateMachine.java:407) ~[hadoop-hdds-container-service-0.5.0-SNAPSHOT.jar:?]
	at org.apache.hadoop.ozone.container.common.transport.server.ratis.ContainerStateMachine.runCommand(ContainerStateMachine.java:415) ~[hadoop-hdds-container-service-0.5.0-SNAPSHOT.jar:?]
	at org.apache.hadoop.ozone.container.common.transport.server.ratis.ContainerStateMachine.lambda$handleWriteChunk$1(ContainerStateMachine.java:450) ~[hadoop-hdds-container-service-0.5.0-SNAPSHOT.jar:?]
	at java.util.concurrent.CompletableFuture$AsyncSupply.run(CompletableFuture.java:1590) [?:1.8.0_212]
	at java.util.concurrent.ThreadPoolExecutor.runWorker(ThreadPoolExecutor.java:1149) [?:1.8.0_212]
	at java.util.concurrent.ThreadPoolExecutor$Worker.run(ThreadPoolExecutor.java:624) [?:1.8.0_212]
	at java.lang.Thread.run(Thread.java:748) [?:1.8.0_212]
2019-10-01 20:13:11,457 [pool-36-thread-13] ERROR ratis.ContainerStateMachine (ContainerStateMachine.java:lambda$handleWriteChunk$2(470)) - group-20103FC96F87: writeChunk writeStateMachineData failed: blockIdcontainerID: 7
localID: 102888950418309130
blockCommitSequenceId: 0
 logIndex 1 chunkName 102888950418309130_chunk_1 Error message: data array does not match the length specified. DataLen: 4 Byte Array: 160 Container Result: INVALID_WRITE_SIZE
2019-10-01 20:13:11,457 [04729fd9-c1ff-4dca-ad26-4e6679f16bc9@group-20103FC96F87-SegmentedRaftLogWorker] ERROR ratis.XceiverServerRatis (XceiverServerRatis.java:triggerPipelineClose(575)) - pipeline Action CLOSE  on pipeline PipelineID=995ce3bf-f79a-4af5-8067-20103fc96f87.Reason : data array does not match the length specified. DataLen: 4 Byte Array: 160
2019-10-01 20:13:11,458 [EventQueue-PipelineActionsForPipelineActionHandler] ERROR pipeline.PipelineActionHandler (PipelineActionHandler.java:onMessage(60)) - Received pipeline action CLOSE for Pipeline[ Id: 995ce3bf-f79a-4af5-8067-20103fc96f87, Nodes: c91e227e-7352-4230-bfa6-1f4b5d4bb797{ip: 192.168.151.103, host: pr-trunk-878pl-325597374, networkLocation: /default-rack, certSerialId: null}1eb58d1e-b4ee-4e5c-b6cd-c69dd16abeb7{ip: 192.168.151.103, host: pr-trunk-878pl-325597374, networkLocation: /default-rack, certSerialId: null}04729fd9-c1ff-4dca-ad26-4e6679f16bc9{ip: 192.168.151.103, host: pr-trunk-878pl-325597374, networkLocation: /default-rack, certSerialId: null}, Type:RATIS, Factor:THREE, State:OPEN] from datanode 04729fd9-c1ff-4dca-ad26-4e6679f16bc9{ip: 192.168.151.103, host: pr-trunk-878pl-325597374, networkLocation: /default-rack, certSerialId: null}. Reason : data array does not match the length specified. DataLen: 4 Byte Array: 160
2019-10-01 20:13:11,458 [EventQueue-PipelineActionsForPipelineActionHandler] INFO  pipeline.SCMPipelineManager (SCMPipelineManager.java:finalizeAndDestroyPipeline(315)) - destroying pipeline:Pipeline[ Id: 995ce3bf-f79a-4af5-8067-20103fc96f87, Nodes: c91e227e-7352-4230-bfa6-1f4b5d4bb797{ip: 192.168.151.103, host: pr-trunk-878pl-325597374, networkLocation: /default-rack, certSerialId: null}1eb58d1e-b4ee-4e5c-b6cd-c69dd16abeb7{ip: 192.168.151.103, host: pr-trunk-878pl-325597374, networkLocation: /default-rack, certSerialId: null}04729fd9-c1ff-4dca-ad26-4e6679f16bc9{ip: 192.168.151.103, host: pr-trunk-878pl-325597374, networkLocation: /default-rack, certSerialId: null}, Type:RATIS, Factor:THREE, State:OPEN]
2019-10-01 20:13:11,458 [EventQueue-PipelineActionsForPipelineActionHandler] INFO  pipeline.PipelineStateManager (PipelineStateManager.java:finalizePipeline(123)) - Pipeline Pipeline[ Id: 995ce3bf-f79a-4af5-8067-20103fc96f87, Nodes: c91e227e-7352-4230-bfa6-1f4b5d4bb797{ip: 192.168.151.103, host: pr-trunk-878pl-325597374, networkLocation: /default-rack, certSerialId: null}1eb58d1e-b4ee-4e5c-b6cd-c69dd16abeb7{ip: 192.168.151.103, host: pr-trunk-878pl-325597374, networkLocation: /default-rack, certSerialId: null}04729fd9-c1ff-4dca-ad26-4e6679f16bc9{ip: 192.168.151.103, host: pr-trunk-878pl-325597374, networkLocation: /default-rack, certSerialId: null}, Type:RATIS, Factor:THREE, State:CLOSED] moved to CLOSED state
2019-10-01 20:13:11,481 [04729fd9-c1ff-4dca-ad26-4e6679f16bc9@group-20103FC96F87-SegmentedRaftLogWorker] ERROR ratis.XceiverServerRatis (XceiverServerRatis.java:triggerPipelineClose(575)) - pipeline Action CLOSE  on pipeline PipelineID=995ce3bf-f79a-4af5-8067-20103fc96f87.Reason : Log already failed at index 1 for task WriteLog:1: (t:1, i:1), STATEMACHINELOGENTRY, client-5607D53E4149, cid=49
2019-10-01 20:13:11,484 [EventQueue-PipelineActionsForPipelineActionHandler] ERROR pipeline.PipelineActionHandler (PipelineActionHandler.java:onMessage(60)) - Received pipeline action CLOSE for Pipeline[ Id: 995ce3bf-f79a-4af5-8067-20103fc96f87, Nodes: c91e227e-7352-4230-bfa6-1f4b5d4bb797{ip: 192.168.151.103, host: pr-trunk-878pl-325597374, networkLocation: /default-rack, certSerialId: null}1eb58d1e-b4ee-4e5c-b6cd-c69dd16abeb7{ip: 192.168.151.103, host: pr-trunk-878pl-325597374, networkLocation: /default-rack, certSerialId: null}04729fd9-c1ff-4dca-ad26-4e6679f16bc9{ip: 192.168.151.103, host: pr-trunk-878pl-325597374, networkLocation: /default-rack, certSerialId: null}, Type:RATIS, Factor:THREE, State:CLOSED] from datanode 04729fd9-c1ff-4dca-ad26-4e6679f16bc9{ip: 192.168.151.103, host: pr-trunk-878pl-325597374, networkLocation: /default-rack, certSerialId: null}. Reason : Log already failed at index 1 for task WriteLog:1: (t:1, i:1), STATEMACHINELOGENTRY, client-5607D53E4149, cid=49
2019-10-01 20:13:11,486 [EventQueue-PipelineActionsForPipelineActionHandler] INFO  pipeline.SCMPipelineManager (SCMPipelineManager.java:finalizeAndDestroyPipeline(315)) - destroying pipeline:Pipeline[ Id: 995ce3bf-f79a-4af5-8067-20103fc96f87, Nodes: c91e227e-7352-4230-bfa6-1f4b5d4bb797{ip: 192.168.151.103, host: pr-trunk-878pl-325597374, networkLocation: /default-rack, certSerialId: null}1eb58d1e-b4ee-4e5c-b6cd-c69dd16abeb7{ip: 192.168.151.103, host: pr-trunk-878pl-325597374, networkLocation: /default-rack, certSerialId: null}04729fd9-c1ff-4dca-ad26-4e6679f16bc9{ip: 192.168.151.103, host: pr-trunk-878pl-325597374, networkLocation: /default-rack, certSerialId: null}, Type:RATIS, Factor:THREE, State:CLOSED]
2019-10-01 20:13:55,905 [ReplicationMonitor] INFO  container.ReplicationManager (ReplicationManager.java:forceCloseContainer(464)) - Force closing container #5 with BCSID 0, which is in QUASI_CLOSED state.
2019-10-01 20:13:55,910 [ReplicationMonitor] INFO  container.ReplicationManager (ReplicationManager.java:sendCloseCommand(659)) - Sending close container command for container #5 to datanode 1eb58d1e-b4ee-4e5c-b6cd-c69dd16abeb7{ip: 192.168.151.103, host: pr-trunk-878pl-325597374, networkLocation: /default-rack, certSerialId: null}.
2019-10-01 20:13:55,911 [ReplicationMonitor] INFO  container.ReplicationManager (ReplicationManager.java:sendCloseCommand(659)) - Sending close container command for container #5 to datanode c91e227e-7352-4230-bfa6-1f4b5d4bb797{ip: 192.168.151.103, host: pr-trunk-878pl-325597374, networkLocation: /default-rack, certSerialId: null}.
2019-10-01 20:13:55,911 [ReplicationMonitor] INFO  container.ReplicationManager (ReplicationManager.java:forceCloseContainer(464)) - Force closing container #6 with BCSID 0, which is in QUASI_CLOSED state.
2019-10-01 20:13:55,911 [ReplicationMonitor] INFO  container.ReplicationManager (ReplicationManager.java:sendCloseCommand(659)) - Sending close container command for container #6 to datanode 1eb58d1e-b4ee-4e5c-b6cd-c69dd16abeb7{ip: 192.168.151.103, host: pr-trunk-878pl-325597374, networkLocation: /default-rack, certSerialId: null}.
2019-10-01 20:13:55,911 [ReplicationMonitor] INFO  container.ReplicationManager (ReplicationManager.java:sendCloseCommand(659)) - Sending close container command for container #6 to datanode c91e227e-7352-4230-bfa6-1f4b5d4bb797{ip: 192.168.151.103, host: pr-trunk-878pl-325597374, networkLocation: /default-rack, certSerialId: null}.
2019-10-01 20:13:55,912 [ReplicationMonitor] INFO  container.ReplicationManager (ReplicationManager.java:sendCloseCommand(659)) - Sending close container command for container #7 to datanode 04729fd9-c1ff-4dca-ad26-4e6679f16bc9{ip: 192.168.151.103, host: pr-trunk-878pl-325597374, networkLocation: /default-rack, certSerialId: null}.
2019-10-01 20:13:56,098 [ReplicationMonitor] INFO  container.ReplicationManager (ReplicationManager.java:sendCloseCommand(659)) - Sending close container command for container #7 to datanode 1eb58d1e-b4ee-4e5c-b6cd-c69dd16abeb7{ip: 192.168.151.103, host: pr-trunk-878pl-325597374, networkLocation: /default-rack, certSerialId: null}.
2019-10-01 20:13:56,112 [ReplicationMonitor] INFO  container.ReplicationManager (ReplicationManager.java:sendCloseCommand(659)) - Sending close container command for container #7 to datanode c91e227e-7352-4230-bfa6-1f4b5d4bb797{ip: 192.168.151.103, host: pr-trunk-878pl-325597374, networkLocation: /default-rack, certSerialId: null}.
2019-10-01 20:13:56,124 [ReplicationMonitor] INFO  container.ReplicationManager (ReplicationManager.java:forceCloseContainer(464)) - Force closing container #3 with BCSID 0, which is in QUASI_CLOSED state.
2019-10-01 20:13:56,134 [ReplicationMonitor] INFO  container.ReplicationManager (ReplicationManager.java:sendCloseCommand(659)) - Sending close container command for container #3 to datanode c91e227e-7352-4230-bfa6-1f4b5d4bb797{ip: 192.168.151.103, host: pr-trunk-878pl-325597374, networkLocation: /default-rack, certSerialId: null}.
2019-10-01 20:13:56,148 [ReplicationMonitor] INFO  container.ReplicationManager (ReplicationManager.java:sendCloseCommand(659)) - Sending close container command for container #3 to datanode 04729fd9-c1ff-4dca-ad26-4e6679f16bc9{ip: 192.168.151.103, host: pr-trunk-878pl-325597374, networkLocation: /default-rack, certSerialId: null}.
2019-10-01 20:13:56,148 [ReplicationMonitor] INFO  container.ReplicationManager (ReplicationManager.java:forceCloseContainer(464)) - Force closing container #4 with BCSID 0, which is in QUASI_CLOSED state.
2019-10-01 20:13:56,148 [ReplicationMonitor] INFO  container.ReplicationManager (ReplicationManager.java:sendCloseCommand(659)) - Sending close container command for container #4 to datanode c91e227e-7352-4230-bfa6-1f4b5d4bb797{ip: 192.168.151.103, host: pr-trunk-878pl-325597374, networkLocation: /default-rack, certSerialId: null}.
2019-10-01 20:13:56,149 [ReplicationMonitor] INFO  container.ReplicationManager (ReplicationManager.java:sendCloseCommand(659)) - Sending close container command for container #4 to datanode 1eb58d1e-b4ee-4e5c-b6cd-c69dd16abeb7{ip: 192.168.151.103, host: pr-trunk-878pl-325597374, networkLocation: /default-rack, certSerialId: null}.
2019-10-01 20:13:56,149 [ReplicationMonitor] INFO  container.ReplicationManager (ReplicationManager.java:run(225)) - Replication Monitor Thread took 251 milliseconds for processing 7 containers.
2019-10-01 20:13:57,177 [Command processor thread] INFO  interfaces.Container (KeyValueContainer.java:flushAndSyncDB(386)) - Container 5 is synced with bcsId 0.
2019-10-01 20:13:57,180 [Command processor thread] INFO  interfaces.Container (KeyValueContainer.java:flushAndSyncDB(386)) - Container 5 is synced with bcsId 0.
2019-10-01 20:13:57,195 [Command processor thread] INFO  interfaces.Container (KeyValueContainer.java:close(335)) - Container 5 is closed with bcsId 0.
2019-10-01 20:13:57,196 [Command processor thread] INFO  interfaces.Container (KeyValueContainer.java:flushAndSyncDB(386)) - Container 6 is synced with bcsId 0.
2019-10-01 20:13:57,196 [Command processor thread] INFO  interfaces.Container (KeyValueContainer.java:flushAndSyncDB(386)) - Container 6 is synced with bcsId 0.
2019-10-01 20:13:57,197 [EventQueue-IncrementalContainerReportForIncrementalContainerReportHandler] INFO  container.IncrementalContainerReportHandler (AbstractContainerReportHandler.java:updateContainerState(202)) - Moving container #5 to CLOSED state, datanode c91e227e-7352-4230-bfa6-1f4b5d4bb797{ip: 192.168.151.103, host: pr-trunk-878pl-325597374, networkLocation: /default-rack, certSerialId: null} reported CLOSED replica.
2019-10-01 20:13:57,210 [Command processor thread] INFO  interfaces.Container (KeyValueContainer.java:close(335)) - Container 6 is closed with bcsId 0.
2019-10-01 20:13:57,211 [EventQueue-IncrementalContainerReportForIncrementalContainerReportHandler] INFO  container.IncrementalContainerReportHandler (AbstractContainerReportHandler.java:updateContainerState(202)) - Moving container #6 to CLOSED state, datanode c91e227e-7352-4230-bfa6-1f4b5d4bb797{ip: 192.168.151.103, host: pr-trunk-878pl-325597374, networkLocation: /default-rack, certSerialId: null} reported CLOSED replica.
2019-10-01 20:13:57,211 [Command processor thread] INFO  interfaces.Container (KeyValueContainer.java:flushAndSyncDB(386)) - Container 3 is synced with bcsId 0.
2019-10-01 20:13:57,211 [Command processor thread] INFO  interfaces.Container (KeyValueContainer.java:flushAndSyncDB(386)) - Container 3 is synced with bcsId 0.
2019-10-01 20:13:57,225 [Command processor thread] INFO  interfaces.Container (KeyValueContainer.java:close(335)) - Container 3 is closed with bcsId 0.
2019-10-01 20:13:57,226 [Command processor thread] INFO  interfaces.Container (KeyValueContainer.java:flushAndSyncDB(386)) - Container 4 is synced with bcsId 0.
2019-10-01 20:13:57,226 [Command processor thread] INFO  interfaces.Container (KeyValueContainer.java:flushAndSyncDB(386)) - Container 4 is synced with bcsId 0.
2019-10-01 20:13:57,226 [EventQueue-IncrementalContainerReportForIncrementalContainerReportHandler] INFO  container.IncrementalContainerReportHandler (AbstractContainerReportHandler.java:updateContainerState(202)) - Moving container #3 to CLOSED state, datanode c91e227e-7352-4230-bfa6-1f4b5d4bb797{ip: 192.168.151.103, host: pr-trunk-878pl-325597374, networkLocation: /default-rack, certSerialId: null} reported CLOSED replica.
2019-10-01 20:13:57,240 [Command processor thread] INFO  interfaces.Container (KeyValueContainer.java:close(335)) - Container 4 is closed with bcsId 0.
2019-10-01 20:13:57,241 [EventQueue-IncrementalContainerReportForIncrementalContainerReportHandler] INFO  container.IncrementalContainerReportHandler (AbstractContainerReportHandler.java:updateContainerState(202)) - Moving container #4 to CLOSED state, datanode c91e227e-7352-4230-bfa6-1f4b5d4bb797{ip: 192.168.151.103, host: pr-trunk-878pl-325597374, networkLocation: /default-rack, certSerialId: null} reported CLOSED replica.
2019-10-01 20:13:57,489 [Command processor thread] INFO  interfaces.Container (KeyValueContainer.java:flushAndSyncDB(386)) - Container 5 is synced with bcsId 0.
2019-10-01 20:13:57,489 [Command processor thread] INFO  interfaces.Container (KeyValueContainer.java:flushAndSyncDB(386)) - Container 5 is synced with bcsId 0.
2019-10-01 20:13:57,515 [Command processor thread] INFO  interfaces.Container (KeyValueContainer.java:close(335)) - Container 5 is closed with bcsId 0.
2019-10-01 20:13:57,515 [Command processor thread] INFO  interfaces.Container (KeyValueContainer.java:flushAndSyncDB(386)) - Container 6 is synced with bcsId 0.
2019-10-01 20:13:57,515 [Command processor thread] INFO  interfaces.Container (KeyValueContainer.java:flushAndSyncDB(386)) - Container 6 is synced with bcsId 0.
2019-10-01 20:13:57,530 [Command processor thread] INFO  interfaces.Container (KeyValueContainer.java:close(335)) - Container 6 is closed with bcsId 0.
2019-10-01 20:13:57,530 [Command processor thread] INFO  interfaces.Container (KeyValueContainer.java:flushAndSyncDB(386)) - Container 4 is synced with bcsId 0.
2019-10-01 20:13:57,531 [Command processor thread] INFO  interfaces.Container (KeyValueContainer.java:flushAndSyncDB(386)) - Container 4 is synced with bcsId 0.
2019-10-01 20:13:57,545 [Command processor thread] INFO  interfaces.Container (KeyValueContainer.java:close(335)) - Container 4 is closed with bcsId 0.
2019-10-01 20:13:58,489 [Command processor thread] INFO  interfaces.Container (KeyValueContainer.java:flushAndSyncDB(386)) - Container 3 is synced with bcsId 0.
2019-10-01 20:13:58,489 [Command processor thread] INFO  interfaces.Container (KeyValueContainer.java:flushAndSyncDB(386)) - Container 3 is synced with bcsId 0.
2019-10-01 20:13:58,512 [Command processor thread] INFO  interfaces.Container (KeyValueContainer.java:close(335)) - Container 3 is closed with bcsId 0.
2019-10-01 20:14:12,724 [Thread-822] WARN  util.JavaUtils (JavaUtils.java:sleep(250)) - Unexpected long sleep: sleep(5089ms) actually took 6356ms which is over the threshold 300ms
2019-10-01 20:14:12,729 [org.apache.hadoop.util.JvmPauseMonitor$Monitor@971e33c] INFO  util.JvmPauseMonitor (JvmPauseMonitor.java:run(205)) - Detected pause in JVM or host machine (eg GC): pause of approximately 2590ms
No GCs detected
2019-10-01 20:14:12,728 [org.apache.hadoop.util.JvmPauseMonitor$Monitor@fcaeaca] INFO  util.JvmPauseMonitor (JvmPauseMonitor.java:run(205)) - Detected pause in JVM or host machine (eg GC): pause of approximately 2590ms
No GCs detected
2019-10-01 20:14:12,728 [org.apache.hadoop.util.JvmPauseMonitor$Monitor@73a9e847] INFO  util.JvmPauseMonitor (JvmPauseMonitor.java:run(205)) - Detected pause in JVM or host machine (eg GC): pause of approximately 2580ms
No GCs detected
2019-10-01 20:14:12,728 [org.apache.hadoop.util.JvmPauseMonitor$Monitor@18da0cac] INFO  util.JvmPauseMonitor (JvmPauseMonitor.java:run(205)) - Detected pause in JVM or host machine (eg GC): pause of approximately 2590ms
No GCs detected
2019-10-01 20:14:12,728 [org.apache.hadoop.util.JvmPauseMonitor$Monitor@4cef53f6] INFO  util.JvmPauseMonitor (JvmPauseMonitor.java:run(205)) - Detected pause in JVM or host machine (eg GC): pause of approximately 2590ms
No GCs detected
2019-10-01 20:14:12,728 [org.apache.hadoop.util.JvmPauseMonitor$Monitor@43c67247] INFO  util.JvmPauseMonitor (JvmPauseMonitor.java:run(205)) - Detected pause in JVM or host machine (eg GC): pause of approximately 2581ms
No GCs detected
2019-10-01 20:14:12,724 [Thread-831] WARN  util.JavaUtils (JavaUtils.java:sleep(250)) - Unexpected long sleep: sleep(5189ms) actually took 6398ms which is over the threshold 300ms
2019-10-01 20:14:17,469 [grpc-default-executor-1] INFO  impl.RaftServerProxy (RaftServerProxy.java:remove(95)) - c91e227e-7352-4230-bfa6-1f4b5d4bb797: remove  FOLLOWER c91e227e-7352-4230-bfa6-1f4b5d4bb797@group-20103FC96F87:t1, leader=04729fd9-c1ff-4dca-ad26-4e6679f16bc9, voted=c91e227e-7352-4230-bfa6-1f4b5d4bb797, raftlog=c91e227e-7352-4230-bfa6-1f4b5d4bb797@group-20103FC96F87-SegmentedRaftLog:OPENED:c0,f2,i2, conf=0: [c91e227e-7352-4230-bfa6-1f4b5d4bb797:192.168.151.103:37268, 04729fd9-c1ff-4dca-ad26-4e6679f16bc9:192.168.151.103:39208, 1eb58d1e-b4ee-4e5c-b6cd-c69dd16abeb7:192.168.151.103:39702], old=null RUNNING
2019-10-01 20:14:17,471 [grpc-default-executor-1] INFO  impl.RaftServerImpl (RaftServerImpl.java:lambda$shutdown$3(251)) - c91e227e-7352-4230-bfa6-1f4b5d4bb797@group-20103FC96F87: shutdown
2019-10-01 20:14:17,471 [grpc-default-executor-1] INFO  util.JmxRegister (JmxRegister.java:unregister(73)) - Successfully un-registered JMX Bean with object name Ratis:service=RaftServer,group=group-20103FC96F87,id=c91e227e-7352-4230-bfa6-1f4b5d4bb797
2019-10-01 20:14:17,471 [grpc-default-executor-1] INFO  impl.RoleInfo (RoleInfo.java:shutdownFollowerState(121)) - c91e227e-7352-4230-bfa6-1f4b5d4bb797: shutdown FollowerState
2019-10-01 20:14:17,472 [grpc-default-executor-1] INFO  impl.StateMachineUpdater (StateMachineUpdater.java:stopAndJoin(125)) - c91e227e-7352-4230-bfa6-1f4b5d4bb797@group-20103FC96F87-StateMachineUpdater: set stopIndex = 0
2019-10-01 20:14:17,472 [Thread-831] INFO  impl.FollowerState (FollowerState.java:run(115)) - c91e227e-7352-4230-bfa6-1f4b5d4bb797: FollowerState was interrupted: java.lang.InterruptedException: sleep interrupted
2019-10-01 20:14:17,478 [grpc-default-executor-1] INFO  impl.RaftServerImpl (ServerState.java:close(385)) - c91e227e-7352-4230-bfa6-1f4b5d4bb797@group-20103FC96F87: closes. applyIndex: 0
2019-10-01 20:14:17,478 [c91e227e-7352-4230-bfa6-1f4b5d4bb797@group-20103FC96F87-SegmentedRaftLogWorker] INFO  segmented.SegmentedRaftLogWorker (SegmentedRaftLogWorker.java:run(313)) - c91e227e-7352-4230-bfa6-1f4b5d4bb797@group-20103FC96F87-SegmentedRaftLogWorker was interrupted, exiting. There are 0 tasks remaining in the queue.
2019-10-01 20:14:17,480 [grpc-default-executor-1] INFO  segmented.SegmentedRaftLogWorker (SegmentedRaftLogWorker.java:close(228)) - c91e227e-7352-4230-bfa6-1f4b5d4bb797@group-20103FC96F87-SegmentedRaftLogWorker close()
2019-10-01 20:14:17,556 [grpc-default-executor-1] INFO  interfaces.Container (KeyValueContainer.java:flushAndSyncDB(386)) - Container 7 is synced with bcsId 0.
2019-10-01 20:14:17,557 [grpc-default-executor-1] INFO  interfaces.Container (KeyValueContainer.java:flushAndSyncDB(386)) - Container 7 is synced with bcsId 0.
2019-10-01 20:14:17,574 [EventQueue-IncrementalContainerReportForIncrementalContainerReportHandler] INFO  container.IncrementalContainerReportHandler (AbstractContainerReportHandler.java:updateContainerState(169)) - Moving container #7 to QUASI_CLOSED state, datanode c91e227e-7352-4230-bfa6-1f4b5d4bb797{ip: 192.168.151.103, host: pr-trunk-878pl-325597374, networkLocation: /default-rack, certSerialId: null} reported QUASI_CLOSED replica.
2019-10-01 20:14:17,578 [grpc-default-executor-1] INFO  impl.RaftServerProxy (RaftServerProxy.java:remove(95)) - 1eb58d1e-b4ee-4e5c-b6cd-c69dd16abeb7: remove  FOLLOWER 1eb58d1e-b4ee-4e5c-b6cd-c69dd16abeb7@group-20103FC96F87:t1, leader=04729fd9-c1ff-4dca-ad26-4e6679f16bc9, voted=04729fd9-c1ff-4dca-ad26-4e6679f16bc9, raftlog=1eb58d1e-b4ee-4e5c-b6cd-c69dd16abeb7@group-20103FC96F87-SegmentedRaftLog:OPENED:c0,f2,i2, conf=0: [c91e227e-7352-4230-bfa6-1f4b5d4bb797:192.168.151.103:37268, 04729fd9-c1ff-4dca-ad26-4e6679f16bc9:192.168.151.103:39208, 1eb58d1e-b4ee-4e5c-b6cd-c69dd16abeb7:192.168.151.103:39702], old=null RUNNING
2019-10-01 20:14:17,578 [grpc-default-executor-1] INFO  impl.RaftServerImpl (RaftServerImpl.java:lambda$shutdown$3(251)) - 1eb58d1e-b4ee-4e5c-b6cd-c69dd16abeb7@group-20103FC96F87: shutdown
2019-10-01 20:14:17,578 [grpc-default-executor-1] INFO  util.JmxRegister (JmxRegister.java:unregister(73)) - Successfully un-registered JMX Bean with object name Ratis:service=RaftServer,group=group-20103FC96F87,id=1eb58d1e-b4ee-4e5c-b6cd-c69dd16abeb7
2019-10-01 20:14:17,578 [grpc-default-executor-1] INFO  impl.RoleInfo (RoleInfo.java:shutdownFollowerState(121)) - 1eb58d1e-b4ee-4e5c-b6cd-c69dd16abeb7: shutdown FollowerState
2019-10-01 20:14:17,579 [grpc-default-executor-1] INFO  impl.StateMachineUpdater (StateMachineUpdater.java:stopAndJoin(125)) - 1eb58d1e-b4ee-4e5c-b6cd-c69dd16abeb7@group-20103FC96F87-StateMachineUpdater: set stopIndex = 0
2019-10-01 20:14:17,579 [Thread-822] INFO  impl.FollowerState (FollowerState.java:run(115)) - 1eb58d1e-b4ee-4e5c-b6cd-c69dd16abeb7: FollowerState was interrupted: java.lang.InterruptedException: sleep interrupted
2019-10-01 20:14:17,581 [grpc-default-executor-1] INFO  impl.RaftServerImpl (ServerState.java:close(385)) - 1eb58d1e-b4ee-4e5c-b6cd-c69dd16abeb7@group-20103FC96F87: closes. applyIndex: 0
2019-10-01 20:14:17,583 [1eb58d1e-b4ee-4e5c-b6cd-c69dd16abeb7@group-20103FC96F87-SegmentedRaftLogWorker] INFO  segmented.SegmentedRaftLogWorker (SegmentedRaftLogWorker.java:run(313)) - 1eb58d1e-b4ee-4e5c-b6cd-c69dd16abeb7@group-20103FC96F87-SegmentedRaftLogWorker was interrupted, exiting. There are 0 tasks remaining in the queue.
2019-10-01 20:14:17,585 [grpc-default-executor-1] INFO  segmented.SegmentedRaftLogWorker (SegmentedRaftLogWorker.java:close(228)) - 1eb58d1e-b4ee-4e5c-b6cd-c69dd16abeb7@group-20103FC96F87-SegmentedRaftLogWorker close()
2019-10-01 20:14:17,633 [grpc-default-executor-1] INFO  interfaces.Container (KeyValueContainer.java:flushAndSyncDB(386)) - Container 7 is synced with bcsId 0.
2019-10-01 20:14:17,633 [grpc-default-executor-1] INFO  interfaces.Container (KeyValueContainer.java:flushAndSyncDB(386)) - Container 7 is synced with bcsId 0.
2019-10-01 20:14:17,653 [grpc-default-executor-1] INFO  impl.RaftServerProxy (RaftServerProxy.java:remove(95)) - 04729fd9-c1ff-4dca-ad26-4e6679f16bc9: remove    LEADER 04729fd9-c1ff-4dca-ad26-4e6679f16bc9@group-20103FC96F87:t1, leader=04729fd9-c1ff-4dca-ad26-4e6679f16bc9, voted=04729fd9-c1ff-4dca-ad26-4e6679f16bc9, raftlog=04729fd9-c1ff-4dca-ad26-4e6679f16bc9@group-20103FC96F87-SegmentedRaftLog:OPENED:c0,f0,i2, conf=0: [c91e227e-7352-4230-bfa6-1f4b5d4bb797:192.168.151.103:37268, 04729fd9-c1ff-4dca-ad26-4e6679f16bc9:192.168.151.103:39208, 1eb58d1e-b4ee-4e5c-b6cd-c69dd16abeb7:192.168.151.103:39702], old=null RUNNING
2019-10-01 20:14:17,654 [grpc-default-executor-1] INFO  impl.RaftServerImpl (RaftServerImpl.java:lambda$shutdown$3(251)) - 04729fd9-c1ff-4dca-ad26-4e6679f16bc9@group-20103FC96F87: shutdown
2019-10-01 20:14:17,654 [grpc-default-executor-1] INFO  util.JmxRegister (JmxRegister.java:unregister(73)) - Successfully un-registered JMX Bean with object name Ratis:service=RaftServer,group=group-20103FC96F87,id=04729fd9-c1ff-4dca-ad26-4e6679f16bc9
2019-10-01 20:14:17,654 [grpc-default-executor-1] INFO  impl.RoleInfo (RoleInfo.java:shutdownLeaderState(104)) - 04729fd9-c1ff-4dca-ad26-4e6679f16bc9: shutdown LeaderState
2019-10-01 20:14:17,662 [grpc-default-executor-1] INFO  impl.PendingRequests (PendingRequests.java:sendNotLeaderResponses(202)) - 04729fd9-c1ff-4dca-ad26-4e6679f16bc9-PendingRequests: sendNotLeaderResponses
2019-10-01 20:14:17,662 [org.apache.ratis.server.impl.LogAppender$AppenderDaemon$$Lambda$705/236705144@4d2b0c96] WARN  server.GrpcLogAppender (GrpcLogAppender.java:mayWait(143)) - 04729fd9-c1ff-4dca-ad26-4e6679f16bc9@group-20103FC96F87->c91e227e-7352-4230-bfa6-1f4b5d4bb797-GrpcLogAppender: Wait interrupted by java.lang.InterruptedException
2019-10-01 20:14:17,662 [org.apache.ratis.server.impl.LogAppender$AppenderDaemon$$Lambda$705/236705144@40b34064] WARN  server.GrpcLogAppender (GrpcLogAppender.java:mayWait(143)) - 04729fd9-c1ff-4dca-ad26-4e6679f16bc9@group-20103FC96F87->1eb58d1e-b4ee-4e5c-b6cd-c69dd16abeb7-GrpcLogAppender: Wait interrupted by java.lang.InterruptedException
2019-10-01 20:14:17,666 [grpc-default-executor-1] INFO  impl.StateMachineUpdater (StateMachineUpdater.java:stopAndJoin(125)) - 04729fd9-c1ff-4dca-ad26-4e6679f16bc9@group-20103FC96F87-StateMachineUpdater: set stopIndex = 0
2019-10-01 20:14:17,666 [grpc-default-executor-1] INFO  impl.RaftServerImpl (ServerState.java:close(385)) - 04729fd9-c1ff-4dca-ad26-4e6679f16bc9@group-20103FC96F87: closes. applyIndex: 0
2019-10-01 20:14:17,667 [grpc-default-executor-10] INFO  server.GrpcServerProtocolService (GrpcServerProtocolService.java:onCompleted(113)) - c91e227e-7352-4230-bfa6-1f4b5d4bb797: Completed APPEND_ENTRIES, lastRequest: 04729fd9-c1ff-4dca-ad26-4e6679f16bc9->c91e227e-7352-4230-bfa6-1f4b5d4bb797#41-t1, previous=(t:1, i:2), leaderCommit=0, initializing? false, entries: <empty>
2019-10-01 20:14:17,667 [04729fd9-c1ff-4dca-ad26-4e6679f16bc9@group-20103FC96F87-SegmentedRaftLogWorker] INFO  segmented.SegmentedRaftLogWorker (SegmentedRaftLogWorker.java:run(313)) - 04729fd9-c1ff-4dca-ad26-4e6679f16bc9@group-20103FC96F87-SegmentedRaftLogWorker was interrupted, exiting. There are 0 tasks remaining in the queue.
2019-10-01 20:14:17,667 [grpc-default-executor-8] INFO  server.GrpcServerProtocolService (GrpcServerProtocolService.java:onCompleted(113)) - 1eb58d1e-b4ee-4e5c-b6cd-c69dd16abeb7: Completed APPEND_ENTRIES, lastRequest: 04729fd9-c1ff-4dca-ad26-4e6679f16bc9->1eb58d1e-b4ee-4e5c-b6cd-c69dd16abeb7#41-t1, previous=(t:1, i:2), leaderCommit=0, initializing? false, entries: <empty>
2019-10-01 20:14:17,667 [grpc-default-executor-1] INFO  segmented.SegmentedRaftLogWorker (SegmentedRaftLogWorker.java:close(228)) - 04729fd9-c1ff-4dca-ad26-4e6679f16bc9@group-20103FC96F87-SegmentedRaftLogWorker close()
2019-10-01 20:14:17,667 [grpc-default-executor-8] INFO  server.GrpcLogAppender (GrpcLogAppender.java:onCompleted(293)) - 04729fd9-c1ff-4dca-ad26-4e6679f16bc9@group-20103FC96F87->c91e227e-7352-4230-bfa6-1f4b5d4bb797-AppendLogResponseHandler: follower responses appendEntries COMPLETED
2019-10-01 20:14:17,669 [grpc-default-executor-13] INFO  server.GrpcLogAppender (GrpcLogAppender.java:onCompleted(293)) - 04729fd9-c1ff-4dca-ad26-4e6679f16bc9@group-20103FC96F87->1eb58d1e-b4ee-4e5c-b6cd-c69dd16abeb7-AppendLogResponseHandler: follower responses appendEntries COMPLETED
2019-10-01 20:14:17,669 [grpc-default-executor-8] INFO  impl.FollowerInfo (FollowerInfo.java:lambda$new$0(51)) - 04729fd9-c1ff-4dca-ad26-4e6679f16bc9@group-20103FC96F87->c91e227e-7352-4230-bfa6-1f4b5d4bb797: nextIndex: updateUnconditionally 3 -> 2
2019-10-01 20:14:17,670 [grpc-default-executor-13] INFO  impl.FollowerInfo (FollowerInfo.java:lambda$new$0(51)) - 04729fd9-c1ff-4dca-ad26-4e6679f16bc9@group-20103FC96F87->1eb58d1e-b4ee-4e5c-b6cd-c69dd16abeb7: nextIndex: updateUnconditionally 3 -> 2
2019-10-01 20:14:17,671 [RatisPipelineUtilsThread] INFO  pipeline.PipelineStateManager (PipelineStateManager.java:removePipeline(108)) - Pipeline Pipeline[ Id: 995ce3bf-f79a-4af5-8067-20103fc96f87, Nodes: c91e227e-7352-4230-bfa6-1f4b5d4bb797{ip: 192.168.151.103, host: pr-trunk-878pl-325597374, networkLocation: /default-rack, certSerialId: null}1eb58d1e-b4ee-4e5c-b6cd-c69dd16abeb7{ip: 192.168.151.103, host: pr-trunk-878pl-325597374, networkLocation: /default-rack, certSerialId: null}04729fd9-c1ff-4dca-ad26-4e6679f16bc9{ip: 192.168.151.103, host: pr-trunk-878pl-325597374, networkLocation: /default-rack, certSerialId: null}, Type:RATIS, Factor:THREE, State:CLOSED] removed from db
2019-10-01 20:14:17,674 [grpc-default-executor-13] INFO  impl.RaftServerProxy (RaftServerProxy.java:remove(95)) - c91e227e-7352-4230-bfa6-1f4b5d4bb797: remove group-20103FC96F87:null
2019-10-01 20:14:17,679 [RatisPipelineUtilsThread] WARN  pipeline.RatisPipelineUtils (RatisPipelineUtils.java:destroyPipeline(67)) - Pipeline destroy failed for pipeline=PipelineID=995ce3bf-f79a-4af5-8067-20103fc96f87 dn=c91e227e-7352-4230-bfa6-1f4b5d4bb797{ip: 192.168.151.103, host: pr-trunk-878pl-325597374, networkLocation: /default-rack, certSerialId: null}
2019-10-01 20:14:17,683 [grpc-default-executor-13] INFO  impl.RaftServerProxy (RaftServerProxy.java:remove(95)) - 1eb58d1e-b4ee-4e5c-b6cd-c69dd16abeb7: remove group-20103FC96F87:null
2019-10-01 20:14:17,687 [RatisPipelineUtilsThread] WARN  pipeline.RatisPipelineUtils (RatisPipelineUtils.java:destroyPipeline(67)) - Pipeline destroy failed for pipeline=PipelineID=995ce3bf-f79a-4af5-8067-20103fc96f87 dn=1eb58d1e-b4ee-4e5c-b6cd-c69dd16abeb7{ip: 192.168.151.103, host: pr-trunk-878pl-325597374, networkLocation: /default-rack, certSerialId: null}
2019-10-01 20:14:17,689 [grpc-default-executor-13] INFO  impl.RaftServerProxy (RaftServerProxy.java:remove(95)) - 04729fd9-c1ff-4dca-ad26-4e6679f16bc9: remove group-20103FC96F87:null
2019-10-01 20:14:17,693 [RatisPipelineUtilsThread] WARN  pipeline.RatisPipelineUtils (RatisPipelineUtils.java:destroyPipeline(67)) - Pipeline destroy failed for pipeline=PipelineID=995ce3bf-f79a-4af5-8067-20103fc96f87 dn=04729fd9-c1ff-4dca-ad26-4e6679f16bc9{ip: 192.168.151.103, host: pr-trunk-878pl-325597374, networkLocation: /default-rack, certSerialId: null}
2019-10-01 20:14:17,694 [RatisPipelineUtilsThread] ERROR pipeline.SCMPipelineManager (Scheduler.java:lambda$schedule$1(70)) - Destroy pipeline failed for pipeline:Pipeline[ Id: 995ce3bf-f79a-4af5-8067-20103fc96f87, Nodes: c91e227e-7352-4230-bfa6-1f4b5d4bb797{ip: 192.168.151.103, host: pr-trunk-878pl-325597374, networkLocation: /default-rack, certSerialId: null}1eb58d1e-b4ee-4e5c-b6cd-c69dd16abeb7{ip: 192.168.151.103, host: pr-trunk-878pl-325597374, networkLocation: /default-rack, certSerialId: null}04729fd9-c1ff-4dca-ad26-4e6679f16bc9{ip: 192.168.151.103, host: pr-trunk-878pl-325597374, networkLocation: /default-rack, certSerialId: null}, Type:RATIS, Factor:THREE, State:CLOSED]
org.apache.hadoop.hdds.scm.pipeline.PipelineNotFoundException: PipelineID=995ce3bf-f79a-4af5-8067-20103fc96f87 not found
	at org.apache.hadoop.hdds.scm.pipeline.PipelineStateMap.getPipeline(PipelineStateMap.java:132)
	at org.apache.hadoop.hdds.scm.pipeline.PipelineStateMap.removePipeline(PipelineStateMap.java:322)
	at org.apache.hadoop.hdds.scm.pipeline.PipelineStateManager.removePipeline(PipelineStateManager.java:107)
	at org.apache.hadoop.hdds.scm.pipeline.SCMPipelineManager.removePipeline(SCMPipelineManager.java:427)
	at org.apache.hadoop.hdds.scm.pipeline.SCMPipelineManager.destroyPipeline(SCMPipelineManager.java:413)
	at org.apache.hadoop.hdds.scm.pipeline.SCMPipelineManager.lambda$finalizeAndDestroyPipeline$0(SCMPipelineManager.java:322)
	at org.apache.hadoop.hdds.utils.Scheduler.lambda$schedule$1(Scheduler.java:68)
	at java.util.concurrent.Executors$RunnableAdapter.call(Executors.java:511)
	at java.util.concurrent.FutureTask.run(FutureTask.java:266)
	at java.util.concurrent.ScheduledThreadPoolExecutor$ScheduledFutureTask.access$201(ScheduledThreadPoolExecutor.java:180)
	at java.util.concurrent.ScheduledThreadPoolExecutor$ScheduledFutureTask.run(ScheduledThreadPoolExecutor.java:293)
	at java.util.concurrent.ThreadPoolExecutor.runWorker(ThreadPoolExecutor.java:1149)
	at java.util.concurrent.ThreadPoolExecutor$Worker.run(ThreadPoolExecutor.java:624)
	at java.lang.Thread.run(Thread.java:748)
2019-10-01 20:14:17,702 [grpc-default-executor-8] INFO  impl.RaftServerProxy (RaftServerProxy.java:addNew(89)) - 04729fd9-c1ff-4dca-ad26-4e6679f16bc9: addNew group-369433E05813:[c91e227e-7352-4230-bfa6-1f4b5d4bb797:192.168.151.103:37268, 04729fd9-c1ff-4dca-ad26-4e6679f16bc9:192.168.151.103:39208, 1eb58d1e-b4ee-4e5c-b6cd-c69dd16abeb7:192.168.151.103:39702] returns group-369433E05813:java.util.concurrent.CompletableFuture@4665819c[Not completed]
2019-10-01 20:14:17,702 [grpc-default-executor-1] INFO  impl.RaftServerProxy (RaftServerProxy.java:addNew(89)) - c91e227e-7352-4230-bfa6-1f4b5d4bb797: addNew group-369433E05813:[c91e227e-7352-4230-bfa6-1f4b5d4bb797:192.168.151.103:37268, 04729fd9-c1ff-4dca-ad26-4e6679f16bc9:192.168.151.103:39208, 1eb58d1e-b4ee-4e5c-b6cd-c69dd16abeb7:192.168.151.103:39702] returns group-369433E05813:java.util.concurrent.CompletableFuture@6cfcc352[Not completed]
2019-10-01 20:14:17,704 [grpc-default-executor-13] INFO  impl.RaftServerProxy (RaftServerProxy.java:addNew(89)) - 1eb58d1e-b4ee-4e5c-b6cd-c69dd16abeb7: addNew group-369433E05813:[c91e227e-7352-4230-bfa6-1f4b5d4bb797:192.168.151.103:37268, 04729fd9-c1ff-4dca-ad26-4e6679f16bc9:192.168.151.103:39208, 1eb58d1e-b4ee-4e5c-b6cd-c69dd16abeb7:192.168.151.103:39702] returns group-369433E05813:java.util.concurrent.CompletableFuture@3275384d[Not completed]
2019-10-01 20:14:17,706 [pool-37-thread-1] INFO  impl.RaftServerImpl (RaftServerImpl.java:<init>(95)) - 04729fd9-c1ff-4dca-ad26-4e6679f16bc9: new RaftServerImpl for group-369433E05813:[c91e227e-7352-4230-bfa6-1f4b5d4bb797:192.168.151.103:37268, 04729fd9-c1ff-4dca-ad26-4e6679f16bc9:192.168.151.103:39208, 1eb58d1e-b4ee-4e5c-b6cd-c69dd16abeb7:192.168.151.103:39702] with ContainerStateMachine:uninitialized
2019-10-01 20:14:17,706 [pool-37-thread-1] INFO  server.RaftServerConfigKeys (ConfUtils.java:logGet(43)) - raft.server.rpc.timeout.min = 5s (custom)
2019-10-01 20:14:17,706 [pool-37-thread-1] INFO  server.RaftServerConfigKeys (ConfUtils.java:logGet(43)) - raft.server.rpc.timeout.max = 5200ms (custom)
2019-10-01 20:14:17,706 [pool-37-thread-1] INFO  server.RaftServerConfigKeys (ConfUtils.java:logGet(43)) - raft.server.rpcslowness.timeout = 120s (custom)
2019-10-01 20:14:17,706 [pool-27-thread-1] INFO  impl.RaftServerImpl (RaftServerImpl.java:<init>(95)) - 1eb58d1e-b4ee-4e5c-b6cd-c69dd16abeb7: new RaftServerImpl for group-369433E05813:[c91e227e-7352-4230-bfa6-1f4b5d4bb797:192.168.151.103:37268, 04729fd9-c1ff-4dca-ad26-4e6679f16bc9:192.168.151.103:39208, 1eb58d1e-b4ee-4e5c-b6cd-c69dd16abeb7:192.168.151.103:39702] with ContainerStateMachine:uninitialized
2019-10-01 20:14:17,706 [pool-37-thread-1] INFO  server.RaftServerConfigKeys (ConfUtils.java:logGet(43)) - raft.server.sleep.deviation.threshold = 300 (default)
2019-10-01 20:14:17,706 [pool-27-thread-1] INFO  server.RaftServerConfigKeys (ConfUtils.java:logGet(43)) - raft.server.rpc.timeout.min = 5s (custom)
2019-10-01 20:14:17,707 [pool-37-thread-1] INFO  server.RaftServerConfigKeys (ConfUtils.java:logGet(43)) - raft.server.log.appender.install.snapshot.enabled = false (custom)
2019-10-01 20:14:17,707 [pool-27-thread-1] INFO  server.RaftServerConfigKeys (ConfUtils.java:logGet(43)) - raft.server.rpc.timeout.max = 5200ms (custom)
2019-10-01 20:14:17,707 [pool-37-thread-1] INFO  impl.RaftServerImpl (ServerState.java:<init>(103)) - 04729fd9-c1ff-4dca-ad26-4e6679f16bc9@group-369433E05813: ConfigurationManager, init=-1: [c91e227e-7352-4230-bfa6-1f4b5d4bb797:192.168.151.103:37268, 04729fd9-c1ff-4dca-ad26-4e6679f16bc9:192.168.151.103:39208, 1eb58d1e-b4ee-4e5c-b6cd-c69dd16abeb7:192.168.151.103:39702], old=null, confs=<EMPTY_MAP>
2019-10-01 20:14:17,707 [pool-27-thread-1] INFO  server.RaftServerConfigKeys (ConfUtils.java:logGet(43)) - raft.server.rpcslowness.timeout = 120s (custom)
2019-10-01 20:14:17,707 [pool-27-thread-1] INFO  server.RaftServerConfigKeys (ConfUtils.java:logGet(43)) - raft.server.sleep.deviation.threshold = 300 (default)
2019-10-01 20:14:17,707 [pool-37-thread-1] INFO  server.RaftServerConfigKeys (ConfUtils.java:logGet(43)) - raft.server.storage.dir = [/workdir/hadoop-ozone/ozonefs/target/test-dir/MiniOzoneClusterImpl-e98f5f70-891c-46e9-bc29-8096c13504df/datanode-1/data/ratis] (custom)
2019-10-01 20:14:17,707 [pool-27-thread-1] INFO  server.RaftServerConfigKeys (ConfUtils.java:logGet(43)) - raft.server.log.appender.install.snapshot.enabled = false (custom)
2019-10-01 20:14:17,707 [pool-27-thread-1] INFO  impl.RaftServerImpl (ServerState.java:<init>(103)) - 1eb58d1e-b4ee-4e5c-b6cd-c69dd16abeb7@group-369433E05813: ConfigurationManager, init=-1: [c91e227e-7352-4230-bfa6-1f4b5d4bb797:192.168.151.103:37268, 04729fd9-c1ff-4dca-ad26-4e6679f16bc9:192.168.151.103:39208, 1eb58d1e-b4ee-4e5c-b6cd-c69dd16abeb7:192.168.151.103:39702], old=null, confs=<EMPTY_MAP>
2019-10-01 20:14:17,707 [pool-57-thread-1] INFO  impl.RaftServerImpl (RaftServerImpl.java:<init>(95)) - c91e227e-7352-4230-bfa6-1f4b5d4bb797: new RaftServerImpl for group-369433E05813:[c91e227e-7352-4230-bfa6-1f4b5d4bb797:192.168.151.103:37268, 04729fd9-c1ff-4dca-ad26-4e6679f16bc9:192.168.151.103:39208, 1eb58d1e-b4ee-4e5c-b6cd-c69dd16abeb7:192.168.151.103:39702] with ContainerStateMachine:uninitialized
2019-10-01 20:14:17,708 [pool-37-thread-1] INFO  storage.RaftStorageDirectory (RaftStorageDirectory.java:analyzeStorage(246)) - The storage directory /workdir/hadoop-ozone/ozonefs/target/test-dir/MiniOzoneClusterImpl-e98f5f70-891c-46e9-bc29-8096c13504df/datanode-1/data/ratis/ddd02e59-821f-4f46-9a39-369433e05813 does not exist. Creating ...
2019-10-01 20:14:17,707 [pool-27-thread-1] INFO  server.RaftServerConfigKeys (ConfUtils.java:logGet(43)) - raft.server.storage.dir = [/workdir/hadoop-ozone/ozonefs/target/test-dir/MiniOzoneClusterImpl-e98f5f70-891c-46e9-bc29-8096c13504df/datanode-0/data/ratis] (custom)
2019-10-01 20:14:17,708 [pool-57-thread-1] INFO  server.RaftServerConfigKeys (ConfUtils.java:logGet(43)) - raft.server.rpc.timeout.min = 5s (custom)
2019-10-01 20:14:17,708 [pool-27-thread-1] INFO  storage.RaftStorageDirectory (RaftStorageDirectory.java:analyzeStorage(246)) - The storage directory /workdir/hadoop-ozone/ozonefs/target/test-dir/MiniOzoneClusterImpl-e98f5f70-891c-46e9-bc29-8096c13504df/datanode-0/data/ratis/ddd02e59-821f-4f46-9a39-369433e05813 does not exist. Creating ...
2019-10-01 20:14:17,708 [pool-57-thread-1] INFO  server.RaftServerConfigKeys (ConfUtils.java:logGet(43)) - raft.server.rpc.timeout.max = 5200ms (custom)
2019-10-01 20:14:17,708 [pool-57-thread-1] INFO  server.RaftServerConfigKeys (ConfUtils.java:logGet(43)) - raft.server.rpcslowness.timeout = 120s (custom)
2019-10-01 20:14:17,708 [pool-57-thread-1] INFO  server.RaftServerConfigKeys (ConfUtils.java:logGet(43)) - raft.server.sleep.deviation.threshold = 300 (default)
2019-10-01 20:14:17,708 [pool-57-thread-1] INFO  server.RaftServerConfigKeys (ConfUtils.java:logGet(43)) - raft.server.log.appender.install.snapshot.enabled = false (custom)
2019-10-01 20:14:17,709 [pool-57-thread-1] INFO  impl.RaftServerImpl (ServerState.java:<init>(103)) - c91e227e-7352-4230-bfa6-1f4b5d4bb797@group-369433E05813: ConfigurationManager, init=-1: [c91e227e-7352-4230-bfa6-1f4b5d4bb797:192.168.151.103:37268, 04729fd9-c1ff-4dca-ad26-4e6679f16bc9:192.168.151.103:39208, 1eb58d1e-b4ee-4e5c-b6cd-c69dd16abeb7:192.168.151.103:39702], old=null, confs=<EMPTY_MAP>
2019-10-01 20:14:17,709 [pool-57-thread-1] INFO  server.RaftServerConfigKeys (ConfUtils.java:logGet(43)) - raft.server.storage.dir = [/workdir/hadoop-ozone/ozonefs/target/test-dir/MiniOzoneClusterImpl-e98f5f70-891c-46e9-bc29-8096c13504df/datanode-3/data/ratis] (custom)
2019-10-01 20:14:17,709 [pool-57-thread-1] INFO  storage.RaftStorageDirectory (RaftStorageDirectory.java:analyzeStorage(246)) - The storage directory /workdir/hadoop-ozone/ozonefs/target/test-dir/MiniOzoneClusterImpl-e98f5f70-891c-46e9-bc29-8096c13504df/datanode-3/data/ratis/ddd02e59-821f-4f46-9a39-369433e05813 does not exist. Creating ...
2019-10-01 20:14:17,721 [pool-37-thread-1] INFO  storage.RaftStorageDirectory (RaftStorageDirectory.java:tryLock(328)) - Lock on /workdir/hadoop-ozone/ozonefs/target/test-dir/MiniOzoneClusterImpl-e98f5f70-891c-46e9-bc29-8096c13504df/datanode-1/data/ratis/ddd02e59-821f-4f46-9a39-369433e05813/in_use.lock acquired by nodename 27094@pr-trunk-878pl-325597374
2019-10-01 20:14:17,721 [pool-27-thread-1] INFO  storage.RaftStorageDirectory (RaftStorageDirectory.java:tryLock(328)) - Lock on /workdir/hadoop-ozone/ozonefs/target/test-dir/MiniOzoneClusterImpl-e98f5f70-891c-46e9-bc29-8096c13504df/datanode-0/data/ratis/ddd02e59-821f-4f46-9a39-369433e05813/in_use.lock acquired by nodename 27094@pr-trunk-878pl-325597374
2019-10-01 20:14:17,721 [pool-57-thread-1] INFO  storage.RaftStorageDirectory (RaftStorageDirectory.java:tryLock(328)) - Lock on /workdir/hadoop-ozone/ozonefs/target/test-dir/MiniOzoneClusterImpl-e98f5f70-891c-46e9-bc29-8096c13504df/datanode-3/data/ratis/ddd02e59-821f-4f46-9a39-369433e05813/in_use.lock acquired by nodename 27094@pr-trunk-878pl-325597374
2019-10-01 20:14:17,725 [pool-27-thread-1] INFO  storage.RaftStorage (RaftStorage.java:format(72)) - Storage directory /workdir/hadoop-ozone/ozonefs/target/test-dir/MiniOzoneClusterImpl-e98f5f70-891c-46e9-bc29-8096c13504df/datanode-0/data/ratis/ddd02e59-821f-4f46-9a39-369433e05813 has been successfully formatted.
2019-10-01 20:14:17,725 [pool-57-thread-1] INFO  storage.RaftStorage (RaftStorage.java:format(72)) - Storage directory /workdir/hadoop-ozone/ozonefs/target/test-dir/MiniOzoneClusterImpl-e98f5f70-891c-46e9-bc29-8096c13504df/datanode-3/data/ratis/ddd02e59-821f-4f46-9a39-369433e05813 has been successfully formatted.
2019-10-01 20:14:17,725 [pool-37-thread-1] INFO  storage.RaftStorage (RaftStorage.java:format(72)) - Storage directory /workdir/hadoop-ozone/ozonefs/target/test-dir/MiniOzoneClusterImpl-e98f5f70-891c-46e9-bc29-8096c13504df/datanode-1/data/ratis/ddd02e59-821f-4f46-9a39-369433e05813 has been successfully formatted.
2019-10-01 20:14:17,725 [pool-57-thread-1] INFO  ratis.ContainerStateMachine (ContainerStateMachine.java:loadSnapshot(231)) - group-369433E05813: The snapshot info is null. Setting the last applied indexto:(t:0, i:~)
2019-10-01 20:14:17,725 [pool-37-thread-1] INFO  ratis.ContainerStateMachine (ContainerStateMachine.java:loadSnapshot(231)) - group-369433E05813: The snapshot info is null. Setting the last applied indexto:(t:0, i:~)
2019-10-01 20:14:17,725 [pool-27-thread-1] INFO  ratis.ContainerStateMachine (ContainerStateMachine.java:loadSnapshot(231)) - group-369433E05813: The snapshot info is null. Setting the last applied indexto:(t:0, i:~)
2019-10-01 20:14:17,725 [pool-37-thread-1] INFO  server.RaftServerConfigKeys (ConfUtils.java:logGet(43)) - raft.server.notification.no-leader.timeout = 120s (custom)
2019-10-01 20:14:17,725 [pool-57-thread-1] INFO  server.RaftServerConfigKeys (ConfUtils.java:logGet(43)) - raft.server.notification.no-leader.timeout = 120s (custom)
2019-10-01 20:14:17,726 [pool-37-thread-1] INFO  server.RaftServerConfigKeys (ConfUtils.java:logGet(43)) - raft.server.log.use.memory = false (default)
2019-10-01 20:14:17,725 [pool-27-thread-1] INFO  server.RaftServerConfigKeys (ConfUtils.java:logGet(43)) - raft.server.notification.no-leader.timeout = 120s (custom)
2019-10-01 20:14:17,726 [pool-37-thread-1] INFO  server.RaftServerConfigKeys (ConfUtils.java:logGet(43)) - raft.server.log.purge.gap = 1000000 (custom)
2019-10-01 20:14:17,726 [pool-57-thread-1] INFO  server.RaftServerConfigKeys (ConfUtils.java:logGet(43)) - raft.server.log.use.memory = false (default)
2019-10-01 20:14:17,726 [pool-37-thread-1] INFO  server.RaftServerConfigKeys (ConfUtils.java:logGet(43)) - raft.server.log.appender.buffer.byte-limit = 33554432 (custom)
2019-10-01 20:14:17,726 [pool-27-thread-1] INFO  server.RaftServerConfigKeys (ConfUtils.java:logGet(43)) - raft.server.log.use.memory = false (default)
2019-10-01 20:14:17,726 [pool-37-thread-1] INFO  server.RaftServerConfigKeys (ConfUtils.java:logGet(43)) - raft.server.log.segment.size.max = 1048576 (custom)
2019-10-01 20:14:17,726 [pool-57-thread-1] INFO  server.RaftServerConfigKeys (ConfUtils.java:logGet(43)) - raft.server.log.purge.gap = 1000000 (custom)
2019-10-01 20:14:17,726 [pool-37-thread-1] INFO  server.RaftServerConfigKeys (ConfUtils.java:logGet(43)) - raft.server.log.segment.cache.num.max = 2 (custom)
2019-10-01 20:14:17,726 [pool-27-thread-1] INFO  server.RaftServerConfigKeys (ConfUtils.java:logGet(43)) - raft.server.log.purge.gap = 1000000 (custom)
2019-10-01 20:14:17,727 [pool-37-thread-1] INFO  segmented.SegmentedRaftLogWorker (SegmentedRaftLogWorker.java:<init>(172)) - new 04729fd9-c1ff-4dca-ad26-4e6679f16bc9@group-369433E05813-SegmentedRaftLogWorker for RaftStorage:Storage Directory /workdir/hadoop-ozone/ozonefs/target/test-dir/MiniOzoneClusterImpl-e98f5f70-891c-46e9-bc29-8096c13504df/datanode-1/data/ratis/ddd02e59-821f-4f46-9a39-369433e05813
2019-10-01 20:14:17,727 [pool-57-thread-1] INFO  server.RaftServerConfigKeys (ConfUtils.java:logGet(43)) - raft.server.log.appender.buffer.byte-limit = 33554432 (custom)
2019-10-01 20:14:17,727 [pool-37-thread-1] INFO  server.RaftServerConfigKeys (ConfUtils.java:logGet(43)) - raft.server.log.queue.byte-limit = 2147483647 (custom)
2019-10-01 20:14:17,727 [pool-27-thread-1] INFO  server.RaftServerConfigKeys (ConfUtils.java:logGet(43)) - raft.server.log.appender.buffer.byte-limit = 33554432 (custom)
2019-10-01 20:14:17,727 [pool-37-thread-1] INFO  server.RaftServerConfigKeys (ConfUtils.java:logGet(43)) - raft.server.log.queue.element-limit = 1024 (custom)
2019-10-01 20:14:17,727 [pool-57-thread-1] INFO  server.RaftServerConfigKeys (ConfUtils.java:logGet(43)) - raft.server.log.segment.size.max = 1048576 (custom)
2019-10-01 20:14:17,727 [pool-37-thread-1] INFO  server.RaftServerConfigKeys (ConfUtils.java:logGet(43)) - raft.server.log.segment.size.max = 1048576 (custom)
2019-10-01 20:14:17,727 [pool-27-thread-1] INFO  server.RaftServerConfigKeys (ConfUtils.java:logGet(43)) - raft.server.log.segment.size.max = 1048576 (custom)
2019-10-01 20:14:17,727 [pool-37-thread-1] INFO  server.RaftServerConfigKeys (ConfUtils.java:logGet(43)) - raft.server.log.preallocated.size = 16384 (custom)
2019-10-01 20:14:17,727 [pool-57-thread-1] INFO  server.RaftServerConfigKeys (ConfUtils.java:logGet(43)) - raft.server.log.segment.cache.num.max = 2 (custom)
2019-10-01 20:14:17,728 [pool-37-thread-1] INFO  server.RaftServerConfigKeys (ConfUtils.java:logGet(43)) - raft.server.log.write.buffer.size = 33554432 (custom)
2019-10-01 20:14:17,728 [pool-27-thread-1] INFO  server.RaftServerConfigKeys (ConfUtils.java:logGet(43)) - raft.server.log.segment.cache.num.max = 2 (custom)
2019-10-01 20:14:17,728 [pool-37-thread-1] INFO  server.RaftServerConfigKeys (ConfUtils.java:logGet(43)) - raft.server.log.force.sync.num = 128 (default)
2019-10-01 20:14:17,728 [pool-57-thread-1] INFO  segmented.SegmentedRaftLogWorker (SegmentedRaftLogWorker.java:<init>(172)) - new c91e227e-7352-4230-bfa6-1f4b5d4bb797@group-369433E05813-SegmentedRaftLogWorker for RaftStorage:Storage Directory /workdir/hadoop-ozone/ozonefs/target/test-dir/MiniOzoneClusterImpl-e98f5f70-891c-46e9-bc29-8096c13504df/datanode-3/data/ratis/ddd02e59-821f-4f46-9a39-369433e05813
2019-10-01 20:14:17,728 [pool-37-thread-1] INFO  server.RaftServerConfigKeys (ConfUtils.java:logGet(43)) - raft.server.log.statemachine.data.sync = true (default)
2019-10-01 20:14:17,728 [pool-27-thread-1] INFO  segmented.SegmentedRaftLogWorker (SegmentedRaftLogWorker.java:<init>(172)) - new 1eb58d1e-b4ee-4e5c-b6cd-c69dd16abeb7@group-369433E05813-SegmentedRaftLogWorker for RaftStorage:Storage Directory /workdir/hadoop-ozone/ozonefs/target/test-dir/MiniOzoneClusterImpl-e98f5f70-891c-46e9-bc29-8096c13504df/datanode-0/data/ratis/ddd02e59-821f-4f46-9a39-369433e05813
2019-10-01 20:14:17,729 [pool-37-thread-1] INFO  server.RaftServerConfigKeys (ConfUtils.java:logGet(43)) - raft.server.log.statemachine.data.sync.timeout = 10s (default)
2019-10-01 20:14:17,729 [pool-57-thread-1] INFO  server.RaftServerConfigKeys (ConfUtils.java:logGet(43)) - raft.server.log.queue.byte-limit = 2147483647 (custom)
2019-10-01 20:14:17,729 [pool-37-thread-1] INFO  server.RaftServerConfigKeys (ConfUtils.java:logGet(43)) - raft.server.log.statemachine.data.sync.timeout.retry = -1 (default)
2019-10-01 20:14:17,729 [pool-27-thread-1] INFO  server.RaftServerConfigKeys (ConfUtils.java:logGet(43)) - raft.server.log.queue.byte-limit = 2147483647 (custom)
2019-10-01 20:14:17,729 [pool-37-thread-1] INFO  server.RaftServerConfigKeys (ConfUtils.java:logGet(43)) - raft.server.log.statemachine.data.caching.enabled = true (custom)
2019-10-01 20:14:17,729 [pool-57-thread-1] INFO  server.RaftServerConfigKeys (ConfUtils.java:logGet(43)) - raft.server.log.queue.element-limit = 1024 (custom)
2019-10-01 20:14:17,729 [pool-27-thread-1] INFO  server.RaftServerConfigKeys (ConfUtils.java:logGet(43)) - raft.server.log.queue.element-limit = 1024 (custom)
2019-10-01 20:14:17,730 [pool-57-thread-1] INFO  server.RaftServerConfigKeys (ConfUtils.java:logGet(43)) - raft.server.log.segment.size.max = 1048576 (custom)
2019-10-01 20:14:17,730 [pool-37-thread-1] INFO  segmented.SegmentedRaftLogWorker (SegmentedRaftLogWorker.java:lambda$new$0(132)) - 04729fd9-c1ff-4dca-ad26-4e6679f16bc9@group-369433E05813-SegmentedRaftLogWorker: flushIndex: setUnconditionally 0 -> -1
2019-10-01 20:14:17,730 [pool-57-thread-1] INFO  server.RaftServerConfigKeys (ConfUtils.java:logGet(43)) - raft.server.log.preallocated.size = 16384 (custom)
2019-10-01 20:14:17,730 [pool-27-thread-1] INFO  server.RaftServerConfigKeys (ConfUtils.java:logGet(43)) - raft.server.log.segment.size.max = 1048576 (custom)
2019-10-01 20:14:17,730 [pool-37-thread-1] INFO  server.RaftServerConfigKeys (ConfUtils.java:logGet(43)) - raft.server.snapshot.auto.trigger.enabled = true (custom)
2019-10-01 20:14:17,730 [pool-57-thread-1] INFO  server.RaftServerConfigKeys (ConfUtils.java:logGet(43)) - raft.server.log.write.buffer.size = 33554432 (custom)
2019-10-01 20:14:17,730 [pool-37-thread-1] INFO  server.RaftServerConfigKeys (ConfUtils.java:logGet(43)) - raft.server.snapshot.auto.trigger.threshold = 10000 (custom)
2019-10-01 20:14:17,730 [pool-27-thread-1] INFO  server.RaftServerConfigKeys (ConfUtils.java:logGet(43)) - raft.server.log.preallocated.size = 16384 (custom)
2019-10-01 20:14:17,731 [pool-37-thread-1] INFO  server.RaftServerConfigKeys (ConfUtils.java:logGet(43)) - raft.server.snapshot.retention.num.files = 5 (custom)
2019-10-01 20:14:17,731 [pool-57-thread-1] INFO  server.RaftServerConfigKeys (ConfUtils.java:logGet(43)) - raft.server.log.force.sync.num = 128 (default)
2019-10-01 20:14:17,731 [pool-37-thread-1] INFO  server.RaftServerConfigKeys (ConfUtils.java:logGet(43)) - raft.server.retrycache.expirytime = 600000ms (custom)
2019-10-01 20:14:17,731 [pool-27-thread-1] INFO  server.RaftServerConfigKeys (ConfUtils.java:logGet(43)) - raft.server.log.write.buffer.size = 33554432 (custom)
2019-10-01 20:14:17,731 [pool-57-thread-1] INFO  server.RaftServerConfigKeys (ConfUtils.java:logGet(43)) - raft.server.log.statemachine.data.sync = true (default)
2019-10-01 20:14:17,731 [pool-27-thread-1] INFO  server.RaftServerConfigKeys (ConfUtils.java:logGet(43)) - raft.server.log.force.sync.num = 128 (default)
2019-10-01 20:14:17,731 [pool-57-thread-1] INFO  server.RaftServerConfigKeys (ConfUtils.java:logGet(43)) - raft.server.log.statemachine.data.sync.timeout = 10s (default)
2019-10-01 20:14:17,732 [pool-27-thread-1] INFO  server.RaftServerConfigKeys (ConfUtils.java:logGet(43)) - raft.server.log.statemachine.data.sync = true (default)
2019-10-01 20:14:17,732 [pool-57-thread-1] INFO  server.RaftServerConfigKeys (ConfUtils.java:logGet(43)) - raft.server.log.statemachine.data.sync.timeout.retry = -1 (default)
2019-10-01 20:14:17,732 [pool-27-thread-1] INFO  server.RaftServerConfigKeys (ConfUtils.java:logGet(43)) - raft.server.log.statemachine.data.sync.timeout = 10s (default)
2019-10-01 20:14:17,732 [pool-57-thread-1] INFO  server.RaftServerConfigKeys (ConfUtils.java:logGet(43)) - raft.server.log.statemachine.data.caching.enabled = true (custom)
2019-10-01 20:14:17,732 [pool-27-thread-1] INFO  server.RaftServerConfigKeys (ConfUtils.java:logGet(43)) - raft.server.log.statemachine.data.sync.timeout.retry = -1 (default)
2019-10-01 20:14:17,733 [pool-57-thread-1] INFO  segmented.SegmentedRaftLogWorker (SegmentedRaftLogWorker.java:lambda$new$0(132)) - c91e227e-7352-4230-bfa6-1f4b5d4bb797@group-369433E05813-SegmentedRaftLogWorker: flushIndex: setUnconditionally 0 -> -1
2019-10-01 20:14:17,733 [pool-27-thread-1] INFO  server.RaftServerConfigKeys (ConfUtils.java:logGet(43)) - raft.server.log.statemachine.data.caching.enabled = true (custom)
2019-10-01 20:14:17,733 [pool-57-thread-1] INFO  server.RaftServerConfigKeys (ConfUtils.java:logGet(43)) - raft.server.snapshot.auto.trigger.enabled = true (custom)
2019-10-01 20:14:17,733 [pool-57-thread-1] INFO  server.RaftServerConfigKeys (ConfUtils.java:logGet(43)) - raft.server.snapshot.auto.trigger.threshold = 10000 (custom)
2019-10-01 20:14:17,733 [pool-27-thread-1] INFO  segmented.SegmentedRaftLogWorker (SegmentedRaftLogWorker.java:lambda$new$0(132)) - 1eb58d1e-b4ee-4e5c-b6cd-c69dd16abeb7@group-369433E05813-SegmentedRaftLogWorker: flushIndex: setUnconditionally 0 -> -1
2019-10-01 20:14:17,733 [pool-57-thread-1] INFO  server.RaftServerConfigKeys (ConfUtils.java:logGet(43)) - raft.server.snapshot.retention.num.files = 5 (custom)
2019-10-01 20:14:17,734 [pool-27-thread-1] INFO  server.RaftServerConfigKeys (ConfUtils.java:logGet(43)) - raft.server.snapshot.auto.trigger.enabled = true (custom)
2019-10-01 20:14:17,734 [pool-57-thread-1] INFO  server.RaftServerConfigKeys (ConfUtils.java:logGet(43)) - raft.server.retrycache.expirytime = 600000ms (custom)
2019-10-01 20:14:17,734 [pool-27-thread-1] INFO  server.RaftServerConfigKeys (ConfUtils.java:logGet(43)) - raft.server.snapshot.auto.trigger.threshold = 10000 (custom)
2019-10-01 20:14:17,734 [pool-27-thread-1] INFO  server.RaftServerConfigKeys (ConfUtils.java:logGet(43)) - raft.server.snapshot.retention.num.files = 5 (custom)
2019-10-01 20:14:17,734 [pool-27-thread-1] INFO  server.RaftServerConfigKeys (ConfUtils.java:logGet(43)) - raft.server.retrycache.expirytime = 600000ms (custom)
2019-10-01 20:14:17,735 [pool-37-thread-1] INFO  impl.RaftServerImpl (RaftServerImpl.java:start(185)) - 04729fd9-c1ff-4dca-ad26-4e6679f16bc9@group-369433E05813: start as a follower, conf=-1: [c91e227e-7352-4230-bfa6-1f4b5d4bb797:192.168.151.103:37268, 04729fd9-c1ff-4dca-ad26-4e6679f16bc9:192.168.151.103:39208, 1eb58d1e-b4ee-4e5c-b6cd-c69dd16abeb7:192.168.151.103:39702], old=null
2019-10-01 20:14:17,735 [pool-37-thread-1] INFO  impl.RaftServerImpl (RaftServerImpl.java:setRole(174)) - 04729fd9-c1ff-4dca-ad26-4e6679f16bc9@group-369433E05813: changes role from      null to FOLLOWER at term 0 for startAsFollower
2019-10-01 20:14:17,735 [pool-37-thread-1] INFO  impl.RoleInfo (RoleInfo.java:updateAndGet(143)) - 04729fd9-c1ff-4dca-ad26-4e6679f16bc9: start FollowerState
2019-10-01 20:14:17,735 [pool-37-thread-1] INFO  util.JmxRegister (JmxRegister.java:tryRegister(44)) - Successfully registered JMX Bean with object name Ratis:service=RaftServer,group=group-369433E05813,id=04729fd9-c1ff-4dca-ad26-4e6679f16bc9
2019-10-01 20:14:17,737 [pool-57-thread-1] INFO  impl.RaftServerImpl (RaftServerImpl.java:start(185)) - c91e227e-7352-4230-bfa6-1f4b5d4bb797@group-369433E05813: start as a follower, conf=-1: [c91e227e-7352-4230-bfa6-1f4b5d4bb797:192.168.151.103:37268, 04729fd9-c1ff-4dca-ad26-4e6679f16bc9:192.168.151.103:39208, 1eb58d1e-b4ee-4e5c-b6cd-c69dd16abeb7:192.168.151.103:39702], old=null
2019-10-01 20:14:17,738 [pool-57-thread-1] INFO  impl.RaftServerImpl (RaftServerImpl.java:setRole(174)) - c91e227e-7352-4230-bfa6-1f4b5d4bb797@group-369433E05813: changes role from      null to FOLLOWER at term 0 for startAsFollower
2019-10-01 20:14:17,738 [pool-57-thread-1] INFO  impl.RoleInfo (RoleInfo.java:updateAndGet(143)) - c91e227e-7352-4230-bfa6-1f4b5d4bb797: start FollowerState
2019-10-01 20:14:17,738 [pool-27-thread-1] INFO  impl.RaftServerImpl (RaftServerImpl.java:start(185)) - 1eb58d1e-b4ee-4e5c-b6cd-c69dd16abeb7@group-369433E05813: start as a follower, conf=-1: [c91e227e-7352-4230-bfa6-1f4b5d4bb797:192.168.151.103:37268, 04729fd9-c1ff-4dca-ad26-4e6679f16bc9:192.168.151.103:39208, 1eb58d1e-b4ee-4e5c-b6cd-c69dd16abeb7:192.168.151.103:39702], old=null
2019-10-01 20:14:17,738 [pool-27-thread-1] INFO  impl.RaftServerImpl (RaftServerImpl.java:setRole(174)) - 1eb58d1e-b4ee-4e5c-b6cd-c69dd16abeb7@group-369433E05813: changes role from      null to FOLLOWER at term 0 for startAsFollower
2019-10-01 20:14:17,738 [pool-57-thread-1] INFO  util.JmxRegister (JmxRegister.java:tryRegister(44)) - Successfully registered JMX Bean with object name Ratis:service=RaftServer,group=group-369433E05813,id=c91e227e-7352-4230-bfa6-1f4b5d4bb797
2019-10-01 20:14:17,738 [pool-27-thread-1] INFO  impl.RoleInfo (RoleInfo.java:updateAndGet(143)) - 1eb58d1e-b4ee-4e5c-b6cd-c69dd16abeb7: start FollowerState
2019-10-01 20:14:17,739 [pool-27-thread-1] INFO  util.JmxRegister (JmxRegister.java:tryRegister(44)) - Successfully registered JMX Bean with object name Ratis:service=RaftServer,group=group-369433E05813,id=1eb58d1e-b4ee-4e5c-b6cd-c69dd16abeb7
2019-10-01 20:14:17,741 [RatisPipelineUtilsThread] INFO  pipeline.PipelineStateManager (PipelineStateManager.java:addPipeline(56)) - Created pipeline Pipeline[ Id: ddd02e59-821f-4f46-9a39-369433e05813, Nodes: c91e227e-7352-4230-bfa6-1f4b5d4bb797{ip: 192.168.151.103, host: pr-trunk-878pl-325597374, networkLocation: /default-rack, certSerialId: null}1eb58d1e-b4ee-4e5c-b6cd-c69dd16abeb7{ip: 192.168.151.103, host: pr-trunk-878pl-325597374, networkLocation: /default-rack, certSerialId: null}04729fd9-c1ff-4dca-ad26-4e6679f16bc9{ip: 192.168.151.103, host: pr-trunk-878pl-325597374, networkLocation: /default-rack, certSerialId: null}, Type:RATIS, Factor:THREE, State:OPEN]
2019-10-01 20:14:18,777 [Thread-649] WARN  io.KeyOutputStream (KeyOutputStream.java:handleException(274)) - Encountered exception java.io.IOException: Unexpected Storage Container Exception: java.util.concurrent.CompletionException: java.util.concurrent.CompletionException: org.apache.ratis.protocol.GroupMismatchException: 04729fd9-c1ff-4dca-ad26-4e6679f16bc9: group-20103FC96F87 not found. on the pipeline Pipeline[ Id: 995ce3bf-f79a-4af5-8067-20103fc96f87, Nodes: c91e227e-7352-4230-bfa6-1f4b5d4bb797{ip: 192.168.151.103, host: pr-trunk-878pl-325597374, networkLocation: /default-rack, certSerialId: null}1eb58d1e-b4ee-4e5c-b6cd-c69dd16abeb7{ip: 192.168.151.103, host: pr-trunk-878pl-325597374, networkLocation: /default-rack, certSerialId: null}04729fd9-c1ff-4dca-ad26-4e6679f16bc9{ip: 192.168.151.103, host: pr-trunk-878pl-325597374, networkLocation: /default-rack, certSerialId: null}, Type:RATIS, Factor:THREE, State:OPEN]. The last committed block length is 0, uncommitted data length is 4 retry count 0
2019-10-01 20:14:22,821 [Thread-1029] INFO  impl.FollowerState (FollowerState.java:run(106)) - c91e227e-7352-4230-bfa6-1f4b5d4bb797:group-369433E05813 changes to CANDIDATE, lastRpcTime:5083, electionTimeout:5083ms
2019-10-01 20:14:22,823 [Thread-1029] INFO  impl.RoleInfo (RoleInfo.java:shutdownFollowerState(121)) - c91e227e-7352-4230-bfa6-1f4b5d4bb797: shutdown FollowerState
2019-10-01 20:14:22,823 [Thread-1029] INFO  impl.RaftServerImpl (RaftServerImpl.java:setRole(174)) - c91e227e-7352-4230-bfa6-1f4b5d4bb797@group-369433E05813: changes role from  FOLLOWER to CANDIDATE at term 0 for changeToCandidate
2019-10-01 20:14:22,824 [Thread-1029] INFO  impl.RoleInfo (RoleInfo.java:updateAndGet(143)) - c91e227e-7352-4230-bfa6-1f4b5d4bb797: start LeaderElection
2019-10-01 20:14:22,824 [Thread-1030] INFO  impl.FollowerState (FollowerState.java:run(106)) - 1eb58d1e-b4ee-4e5c-b6cd-c69dd16abeb7:group-369433E05813 changes to CANDIDATE, lastRpcTime:5085, electionTimeout:5085ms
2019-10-01 20:14:22,827 [Thread-1030] INFO  impl.RoleInfo (RoleInfo.java:shutdownFollowerState(121)) - 1eb58d1e-b4ee-4e5c-b6cd-c69dd16abeb7: shutdown FollowerState
2019-10-01 20:14:22,827 [Thread-1030] INFO  impl.RaftServerImpl (RaftServerImpl.java:setRole(174)) - 1eb58d1e-b4ee-4e5c-b6cd-c69dd16abeb7@group-369433E05813: changes role from  FOLLOWER to CANDIDATE at term 0 for changeToCandidate
2019-10-01 20:14:22,827 [Thread-1030] INFO  impl.RoleInfo (RoleInfo.java:updateAndGet(143)) - 1eb58d1e-b4ee-4e5c-b6cd-c69dd16abeb7: start LeaderElection
2019-10-01 20:14:22,841 [c91e227e-7352-4230-bfa6-1f4b5d4bb797@group-369433E05813:LeaderElection16] INFO  impl.LeaderElection (LeaderElection.java:askForVotes(182)) - c91e227e-7352-4230-bfa6-1f4b5d4bb797@group-369433E05813:LeaderElection16: begin an election at term 1 for -1: [c91e227e-7352-4230-bfa6-1f4b5d4bb797:192.168.151.103:37268, 04729fd9-c1ff-4dca-ad26-4e6679f16bc9:192.168.151.103:39208, 1eb58d1e-b4ee-4e5c-b6cd-c69dd16abeb7:192.168.151.103:39702], old=null
2019-10-01 20:14:22,841 [1eb58d1e-b4ee-4e5c-b6cd-c69dd16abeb7@group-369433E05813:LeaderElection17] INFO  impl.LeaderElection (LeaderElection.java:askForVotes(182)) - 1eb58d1e-b4ee-4e5c-b6cd-c69dd16abeb7@group-369433E05813:LeaderElection17: begin an election at term 1 for -1: [c91e227e-7352-4230-bfa6-1f4b5d4bb797:192.168.151.103:37268, 04729fd9-c1ff-4dca-ad26-4e6679f16bc9:192.168.151.103:39208, 1eb58d1e-b4ee-4e5c-b6cd-c69dd16abeb7:192.168.151.103:39702], old=null
2019-10-01 20:14:22,843 [grpc-default-executor-8] INFO  impl.RaftServerImpl (RaftServerImpl.java:setRole(174)) - 04729fd9-c1ff-4dca-ad26-4e6679f16bc9@group-369433E05813: changes role from  FOLLOWER to FOLLOWER at term 1 for recognizeCandidate:c91e227e-7352-4230-bfa6-1f4b5d4bb797
2019-10-01 20:14:22,843 [grpc-default-executor-8] INFO  impl.RoleInfo (RoleInfo.java:shutdownFollowerState(121)) - 04729fd9-c1ff-4dca-ad26-4e6679f16bc9: shutdown FollowerState
2019-10-01 20:14:22,844 [Thread-1027] INFO  impl.FollowerState (FollowerState.java:run(115)) - 04729fd9-c1ff-4dca-ad26-4e6679f16bc9: FollowerState was interrupted: java.lang.InterruptedException: sleep interrupted
2019-10-01 20:14:22,844 [grpc-default-executor-8] INFO  impl.RoleInfo (RoleInfo.java:updateAndGet(143)) - 04729fd9-c1ff-4dca-ad26-4e6679f16bc9: start FollowerState
2019-10-01 20:14:22,859 [c91e227e-7352-4230-bfa6-1f4b5d4bb797@group-369433E05813:LeaderElection16] INFO  impl.LeaderElection (LeaderElection.java:logAndReturn(56)) - c91e227e-7352-4230-bfa6-1f4b5d4bb797@group-369433E05813:LeaderElection16: Election PASSED; received 2 response(s) [c91e227e-7352-4230-bfa6-1f4b5d4bb797<-04729fd9-c1ff-4dca-ad26-4e6679f16bc9#0:OK-t1, c91e227e-7352-4230-bfa6-1f4b5d4bb797<-1eb58d1e-b4ee-4e5c-b6cd-c69dd16abeb7#0:FAIL-t1] and 0 exception(s); c91e227e-7352-4230-bfa6-1f4b5d4bb797@group-369433E05813:t1, leader=null, voted=c91e227e-7352-4230-bfa6-1f4b5d4bb797, raftlog=c91e227e-7352-4230-bfa6-1f4b5d4bb797@group-369433E05813-SegmentedRaftLog:OPENED:c-1,f-1,i0, conf=-1: [c91e227e-7352-4230-bfa6-1f4b5d4bb797:192.168.151.103:37268, 04729fd9-c1ff-4dca-ad26-4e6679f16bc9:192.168.151.103:39208, 1eb58d1e-b4ee-4e5c-b6cd-c69dd16abeb7:192.168.151.103:39702], old=null
2019-10-01 20:14:22,859 [c91e227e-7352-4230-bfa6-1f4b5d4bb797@group-369433E05813:LeaderElection16] INFO  impl.RoleInfo (RoleInfo.java:shutdownLeaderElection(134)) - c91e227e-7352-4230-bfa6-1f4b5d4bb797: shutdown LeaderElection
2019-10-01 20:14:22,859 [1eb58d1e-b4ee-4e5c-b6cd-c69dd16abeb7@group-369433E05813:LeaderElection17] INFO  impl.LeaderElection (LeaderElection.java:logAndReturn(56)) - 1eb58d1e-b4ee-4e5c-b6cd-c69dd16abeb7@group-369433E05813:LeaderElection17: Election REJECTED; received 2 response(s) [1eb58d1e-b4ee-4e5c-b6cd-c69dd16abeb7<-c91e227e-7352-4230-bfa6-1f4b5d4bb797#0:FAIL-t1, 1eb58d1e-b4ee-4e5c-b6cd-c69dd16abeb7<-04729fd9-c1ff-4dca-ad26-4e6679f16bc9#0:FAIL-t1] and 0 exception(s); 1eb58d1e-b4ee-4e5c-b6cd-c69dd16abeb7@group-369433E05813:t1, leader=null, voted=1eb58d1e-b4ee-4e5c-b6cd-c69dd16abeb7, raftlog=1eb58d1e-b4ee-4e5c-b6cd-c69dd16abeb7@group-369433E05813-SegmentedRaftLog:OPENED:c-1,f-1,i0, conf=-1: [c91e227e-7352-4230-bfa6-1f4b5d4bb797:192.168.151.103:37268, 04729fd9-c1ff-4dca-ad26-4e6679f16bc9:192.168.151.103:39208, 1eb58d1e-b4ee-4e5c-b6cd-c69dd16abeb7:192.168.151.103:39702], old=null
2019-10-01 20:14:22,859 [c91e227e-7352-4230-bfa6-1f4b5d4bb797@group-369433E05813:LeaderElection16] INFO  impl.RaftServerImpl (RaftServerImpl.java:setRole(174)) - c91e227e-7352-4230-bfa6-1f4b5d4bb797@group-369433E05813: changes role from CANDIDATE to LEADER at term 1 for changeToLeader
2019-10-01 20:14:22,863 [c91e227e-7352-4230-bfa6-1f4b5d4bb797@group-369433E05813:LeaderElection16] INFO  impl.RaftServerImpl (ServerState.java:setLeader(253)) - c91e227e-7352-4230-bfa6-1f4b5d4bb797@group-369433E05813: change Leader from null to c91e227e-7352-4230-bfa6-1f4b5d4bb797 at term 1 for becomeLeader, leader elected after 5137ms
2019-10-01 20:14:22,861 [1eb58d1e-b4ee-4e5c-b6cd-c69dd16abeb7@group-369433E05813:LeaderElection17] INFO  impl.RaftServerImpl (RaftServerImpl.java:setRole(174)) - 1eb58d1e-b4ee-4e5c-b6cd-c69dd16abeb7@group-369433E05813: changes role from CANDIDATE to FOLLOWER at term 1 for DISCOVERED_A_NEW_TERM
2019-10-01 20:14:22,865 [c91e227e-7352-4230-bfa6-1f4b5d4bb797@group-369433E05813:LeaderElection16] INFO  server.RaftServerConfigKeys (ConfUtils.java:logGet(43)) - raft.server.staging.catchup.gap = 1000 (default)
2019-10-01 20:14:22,865 [1eb58d1e-b4ee-4e5c-b6cd-c69dd16abeb7@group-369433E05813:LeaderElection17] INFO  impl.RoleInfo (RoleInfo.java:shutdownLeaderElection(134)) - 1eb58d1e-b4ee-4e5c-b6cd-c69dd16abeb7: shutdown LeaderElection
2019-10-01 20:14:22,865 [c91e227e-7352-4230-bfa6-1f4b5d4bb797@group-369433E05813:LeaderElection16] INFO  server.RaftServerConfigKeys (ConfUtils.java:logGet(43)) - raft.server.rpc.sleep.time = 25ms (default)
2019-10-01 20:14:22,865 [1eb58d1e-b4ee-4e5c-b6cd-c69dd16abeb7@group-369433E05813:LeaderElection17] INFO  impl.RoleInfo (RoleInfo.java:updateAndGet(143)) - 1eb58d1e-b4ee-4e5c-b6cd-c69dd16abeb7: start FollowerState
2019-10-01 20:14:22,865 [c91e227e-7352-4230-bfa6-1f4b5d4bb797@group-369433E05813:LeaderElection16] INFO  server.RaftServerConfigKeys (ConfUtils.java:logGet(43)) - raft.server.write.element-limit = 4096 (default)
2019-10-01 20:14:22,866 [c91e227e-7352-4230-bfa6-1f4b5d4bb797@group-369433E05813:LeaderElection16] INFO  server.RaftServerConfigKeys (ConfUtils.java:logGet(43)) - raft.server.watch.timeout = 10s (default)
2019-10-01 20:14:22,866 [c91e227e-7352-4230-bfa6-1f4b5d4bb797@group-369433E05813:LeaderElection16] INFO  server.RaftServerConfigKeys (ConfUtils.java:logGet(43)) - raft.server.watch.timeout.denomination = 1s (default)
2019-10-01 20:14:22,866 [c91e227e-7352-4230-bfa6-1f4b5d4bb797@group-369433E05813:LeaderElection16] INFO  server.RaftServerConfigKeys (ConfUtils.java:logGet(43)) - raft.server.watch.element-limit = 65536 (default)
2019-10-01 20:14:22,869 [c91e227e-7352-4230-bfa6-1f4b5d4bb797@group-369433E05813:LeaderElection16] INFO  server.RaftServerConfigKeys (ConfUtils.java:logGet(43)) - raft.server.log.appender.snapshot.chunk.size.max = 16MB (=16777216) (default)
2019-10-01 20:14:22,869 [c91e227e-7352-4230-bfa6-1f4b5d4bb797@group-369433E05813:LeaderElection16] INFO  server.RaftServerConfigKeys (ConfUtils.java:logGet(43)) - raft.server.log.appender.buffer.byte-limit = 33554432 (custom)
2019-10-01 20:14:22,869 [c91e227e-7352-4230-bfa6-1f4b5d4bb797@group-369433E05813:LeaderElection16] INFO  server.RaftServerConfigKeys (ConfUtils.java:logGet(43)) - raft.server.log.appender.buffer.element-limit = 1 (custom)
2019-10-01 20:14:22,869 [c91e227e-7352-4230-bfa6-1f4b5d4bb797@group-369433E05813:LeaderElection16] INFO  grpc.GrpcConfigKeys$Server (ConfUtils.java:logGet(43)) - raft.grpc.server.leader.outstanding.appends.max = 128 (default)
2019-10-01 20:14:22,870 [c91e227e-7352-4230-bfa6-1f4b5d4bb797@group-369433E05813:LeaderElection16] INFO  server.RaftServerConfigKeys (ConfUtils.java:logGet(43)) - raft.server.rpc.request.timeout = 3000ms (default)
2019-10-01 20:14:22,870 [c91e227e-7352-4230-bfa6-1f4b5d4bb797@group-369433E05813:LeaderElection16] INFO  server.RaftServerConfigKeys (ConfUtils.java:logGet(43)) - raft.server.log.appender.install.snapshot.enabled = false (custom)
2019-10-01 20:14:22,870 [c91e227e-7352-4230-bfa6-1f4b5d4bb797@group-369433E05813:LeaderElection16] INFO  server.RaftServerConfigKeys (ConfUtils.java:logGet(43)) - raft.server.log.appender.snapshot.chunk.size.max = 16MB (=16777216) (default)
2019-10-01 20:14:22,870 [c91e227e-7352-4230-bfa6-1f4b5d4bb797@group-369433E05813:LeaderElection16] INFO  server.RaftServerConfigKeys (ConfUtils.java:logGet(43)) - raft.server.log.appender.buffer.byte-limit = 33554432 (custom)
2019-10-01 20:14:22,870 [c91e227e-7352-4230-bfa6-1f4b5d4bb797@group-369433E05813:LeaderElection16] INFO  server.RaftServerConfigKeys (ConfUtils.java:logGet(43)) - raft.server.log.appender.buffer.element-limit = 1 (custom)
2019-10-01 20:14:22,870 [c91e227e-7352-4230-bfa6-1f4b5d4bb797@group-369433E05813:LeaderElection16] INFO  grpc.GrpcConfigKeys$Server (ConfUtils.java:logGet(43)) - raft.grpc.server.leader.outstanding.appends.max = 128 (default)
2019-10-01 20:14:22,870 [c91e227e-7352-4230-bfa6-1f4b5d4bb797@group-369433E05813:LeaderElection16] INFO  server.RaftServerConfigKeys (ConfUtils.java:logGet(43)) - raft.server.rpc.request.timeout = 3000ms (default)
2019-10-01 20:14:22,871 [c91e227e-7352-4230-bfa6-1f4b5d4bb797@group-369433E05813:LeaderElection16] INFO  server.RaftServerConfigKeys (ConfUtils.java:logGet(43)) - raft.server.log.appender.install.snapshot.enabled = false (custom)
2019-10-01 20:14:22,871 [c91e227e-7352-4230-bfa6-1f4b5d4bb797@group-369433E05813:LeaderElection16] INFO  impl.RoleInfo (RoleInfo.java:updateAndGet(143)) - c91e227e-7352-4230-bfa6-1f4b5d4bb797: start LeaderState
2019-10-01 20:14:22,871 [c91e227e-7352-4230-bfa6-1f4b5d4bb797@group-369433E05813:LeaderElection16] INFO  segmented.SegmentedRaftLogWorker (SegmentedRaftLogWorker.java:startLogSegment(380)) - c91e227e-7352-4230-bfa6-1f4b5d4bb797@group-369433E05813-SegmentedRaftLogWorker: Starting segment from index:0
2019-10-01 20:14:22,872 [c91e227e-7352-4230-bfa6-1f4b5d4bb797@group-369433E05813:LeaderElection16] INFO  impl.RaftServerImpl (ServerState.java:setRaftConf(354)) - c91e227e-7352-4230-bfa6-1f4b5d4bb797@group-369433E05813: set configuration 0: [c91e227e-7352-4230-bfa6-1f4b5d4bb797:192.168.151.103:37268, 04729fd9-c1ff-4dca-ad26-4e6679f16bc9:192.168.151.103:39208, 1eb58d1e-b4ee-4e5c-b6cd-c69dd16abeb7:192.168.151.103:39702], old=null at 0
2019-10-01 20:14:22,904 [grpc-default-executor-8] INFO  impl.RaftServerImpl (ServerState.java:setLeader(253)) - 1eb58d1e-b4ee-4e5c-b6cd-c69dd16abeb7@group-369433E05813: change Leader from null to c91e227e-7352-4230-bfa6-1f4b5d4bb797 at term 1 for appendEntries, leader elected after 5178ms
2019-10-01 20:14:22,904 [grpc-default-executor-1] INFO  impl.RaftServerImpl (ServerState.java:setLeader(253)) - 04729fd9-c1ff-4dca-ad26-4e6679f16bc9@group-369433E05813: change Leader from null to c91e227e-7352-4230-bfa6-1f4b5d4bb797 at term 1 for appendEntries, leader elected after 5178ms
2019-10-01 20:14:22,911 [grpc-default-executor-8] INFO  impl.RaftServerImpl (ServerState.java:setRaftConf(354)) - 1eb58d1e-b4ee-4e5c-b6cd-c69dd16abeb7@group-369433E05813: set configuration 0: [c91e227e-7352-4230-bfa6-1f4b5d4bb797:192.168.151.103:37268, 04729fd9-c1ff-4dca-ad26-4e6679f16bc9:192.168.151.103:39208, 1eb58d1e-b4ee-4e5c-b6cd-c69dd16abeb7:192.168.151.103:39702], old=null at 0
2019-10-01 20:14:22,911 [grpc-default-executor-13] INFO  impl.RaftServerImpl (ServerState.java:setRaftConf(354)) - 04729fd9-c1ff-4dca-ad26-4e6679f16bc9@group-369433E05813: set configuration 0: [c91e227e-7352-4230-bfa6-1f4b5d4bb797:192.168.151.103:37268, 04729fd9-c1ff-4dca-ad26-4e6679f16bc9:192.168.151.103:39208, 1eb58d1e-b4ee-4e5c-b6cd-c69dd16abeb7:192.168.151.103:39702], old=null at 0
2019-10-01 20:14:22,912 [grpc-default-executor-8] INFO  segmented.SegmentedRaftLogWorker (SegmentedRaftLogWorker.java:startLogSegment(380)) - 1eb58d1e-b4ee-4e5c-b6cd-c69dd16abeb7@group-369433E05813-SegmentedRaftLogWorker: Starting segment from index:0
2019-10-01 20:14:22,912 [grpc-default-executor-13] INFO  segmented.SegmentedRaftLogWorker (SegmentedRaftLogWorker.java:startLogSegment(380)) - 04729fd9-c1ff-4dca-ad26-4e6679f16bc9@group-369433E05813-SegmentedRaftLogWorker: Starting segment from index:0
2019-10-01 20:14:22,946 [c91e227e-7352-4230-bfa6-1f4b5d4bb797@group-369433E05813-SegmentedRaftLogWorker] INFO  segmented.SegmentedRaftLogWorker (SegmentedRaftLogWorker.java:execute(569)) - c91e227e-7352-4230-bfa6-1f4b5d4bb797@group-369433E05813-SegmentedRaftLogWorker: created new log segment /workdir/hadoop-ozone/ozonefs/target/test-dir/MiniOzoneClusterImpl-e98f5f70-891c-46e9-bc29-8096c13504df/datanode-3/data/ratis/ddd02e59-821f-4f46-9a39-369433e05813/current/log_inprogress_0
2019-10-01 20:14:22,959 [04729fd9-c1ff-4dca-ad26-4e6679f16bc9@group-369433E05813-SegmentedRaftLogWorker] INFO  segmented.SegmentedRaftLogWorker (SegmentedRaftLogWorker.java:execute(569)) - 04729fd9-c1ff-4dca-ad26-4e6679f16bc9@group-369433E05813-SegmentedRaftLogWorker: created new log segment /workdir/hadoop-ozone/ozonefs/target/test-dir/MiniOzoneClusterImpl-e98f5f70-891c-46e9-bc29-8096c13504df/datanode-1/data/ratis/ddd02e59-821f-4f46-9a39-369433e05813/current/log_inprogress_0
2019-10-01 20:14:22,959 [1eb58d1e-b4ee-4e5c-b6cd-c69dd16abeb7@group-369433E05813-SegmentedRaftLogWorker] INFO  segmented.SegmentedRaftLogWorker (SegmentedRaftLogWorker.java:execute(569)) - 1eb58d1e-b4ee-4e5c-b6cd-c69dd16abeb7@group-369433E05813-SegmentedRaftLogWorker: created new log segment /workdir/hadoop-ozone/ozonefs/target/test-dir/MiniOzoneClusterImpl-e98f5f70-891c-46e9-bc29-8096c13504df/datanode-0/data/ratis/ddd02e59-821f-4f46-9a39-369433e05813/current/log_inprogress_0
2019-10-01 20:14:25,064 [pool-56-thread-6] ERROR impl.ChunkManagerImpl (ChunkUtils.java:writeData(89)) - data array does not match the length specified. DataLen: 4 Byte Array: 160
2019-10-01 20:14:25,064 [pool-56-thread-6] INFO  keyvalue.KeyValueHandler (ContainerUtils.java:logAndReturnError(146)) - Operation: WriteChunk : Trace ID: cc43ff0451bc5174:cc43ff0451bc5174:0:0 : Message: data array does not match the length specified. DataLen: 4 Byte Array: 160 : Result: INVALID_WRITE_SIZE
2019-10-01 20:14:25,078 [EventQueue-IncrementalContainerReportForIncrementalContainerReportHandler] WARN  container.IncrementalContainerReportHandler (AbstractContainerReportHandler.java:updateContainerState(143)) - Container #8 is in OPEN state, but the datanode c91e227e-7352-4230-bfa6-1f4b5d4bb797{ip: 192.168.151.103, host: pr-trunk-878pl-325597374, networkLocation: /default-rack, certSerialId: null} reports an UNHEALTHY replica.
2019-10-01 20:14:25,078 [EventQueue-CloseContainerForCloseContainerEventHandler] INFO  container.CloseContainerEventHandler (CloseContainerEventHandler.java:onMessage(61)) - Close container Event triggered for container : #8
20:14:25.077 [pool-56-thread-6] ERROR DNAudit - user=null | ip=null | op=WRITE_CHUNK {blockData=conID: 8 locID: 102888954842513419 bcsId: 0} | ret=FAILURE
java.lang.Exception: data array does not match the length specified. DataLen: 4 Byte Array: 160
	at org.apache.hadoop.ozone.container.common.impl.HddsDispatcher.dispatchRequest(HddsDispatcher.java:330) ~[hadoop-hdds-container-service-0.5.0-SNAPSHOT.jar:?]
	at org.apache.hadoop.ozone.container.common.impl.HddsDispatcher.dispatch(HddsDispatcher.java:150) ~[hadoop-hdds-container-service-0.5.0-SNAPSHOT.jar:?]
	at org.apache.hadoop.ozone.container.common.transport.server.ratis.ContainerStateMachine.dispatchCommand(ContainerStateMachine.java:407) ~[hadoop-hdds-container-service-0.5.0-SNAPSHOT.jar:?]
	at org.apache.hadoop.ozone.container.common.transport.server.ratis.ContainerStateMachine.runCommand(ContainerStateMachine.java:415) ~[hadoop-hdds-container-service-0.5.0-SNAPSHOT.jar:?]
	at org.apache.hadoop.ozone.container.common.transport.server.ratis.ContainerStateMachine.lambda$handleWriteChunk$1(ContainerStateMachine.java:450) ~[hadoop-hdds-container-service-0.5.0-SNAPSHOT.jar:?]
	at java.util.concurrent.CompletableFuture$AsyncSupply.run(CompletableFuture.java:1590) [?:1.8.0_212]
	at java.util.concurrent.ThreadPoolExecutor.runWorker(ThreadPoolExecutor.java:1149) [?:1.8.0_212]
	at java.util.concurrent.ThreadPoolExecutor$Worker.run(ThreadPoolExecutor.java:624) [?:1.8.0_212]
	at java.lang.Thread.run(Thread.java:748) [?:1.8.0_212]
2019-10-01 20:14:25,079 [pool-56-thread-6] ERROR ratis.ContainerStateMachine (ContainerStateMachine.java:lambda$handleWriteChunk$2(470)) - group-369433E05813: writeChunk writeStateMachineData failed: blockIdcontainerID: 8
localID: 102888954842513419
blockCommitSequenceId: 0
 logIndex 1 chunkName 102888954842513419_chunk_1 Error message: data array does not match the length specified. DataLen: 4 Byte Array: 160 Container Result: INVALID_WRITE_SIZE
2019-10-01 20:14:25,081 [c91e227e-7352-4230-bfa6-1f4b5d4bb797@group-369433E05813-SegmentedRaftLogWorker] ERROR ratis.XceiverServerRatis (XceiverServerRatis.java:triggerPipelineClose(575)) - pipeline Action CLOSE  on pipeline PipelineID=ddd02e59-821f-4f46-9a39-369433e05813.Reason : data array does not match the length specified. DataLen: 4 Byte Array: 160
2019-10-01 20:14:25,081 [c91e227e-7352-4230-bfa6-1f4b5d4bb797@group-369433E05813-SegmentedRaftLogWorker] ERROR ratis.XceiverServerRatis (XceiverServerRatis.java:triggerPipelineClose(575)) - pipeline Action CLOSE  on pipeline PipelineID=ddd02e59-821f-4f46-9a39-369433e05813.Reason : Log already failed at index 1 for task WriteLog:1: (t:1, i:1), STATEMACHINELOGENTRY, client-F5A58EE089B5, cid=60
2019-10-01 20:14:25,081 [EventQueue-PipelineActionsForPipelineActionHandler] ERROR pipeline.PipelineActionHandler (PipelineActionHandler.java:onMessage(60)) - Received pipeline action CLOSE for Pipeline[ Id: ddd02e59-821f-4f46-9a39-369433e05813, Nodes: c91e227e-7352-4230-bfa6-1f4b5d4bb797{ip: 192.168.151.103, host: pr-trunk-878pl-325597374, networkLocation: /default-rack, certSerialId: null}1eb58d1e-b4ee-4e5c-b6cd-c69dd16abeb7{ip: 192.168.151.103, host: pr-trunk-878pl-325597374, networkLocation: /default-rack, certSerialId: null}04729fd9-c1ff-4dca-ad26-4e6679f16bc9{ip: 192.168.151.103, host: pr-trunk-878pl-325597374, networkLocation: /default-rack, certSerialId: null}, Type:RATIS, Factor:THREE, State:OPEN] from datanode c91e227e-7352-4230-bfa6-1f4b5d4bb797{ip: 192.168.151.103, host: pr-trunk-878pl-325597374, networkLocation: /default-rack, certSerialId: null}. Reason : data array does not match the length specified. DataLen: 4 Byte Array: 160
2019-10-01 20:14:25,082 [EventQueue-PipelineActionsForPipelineActionHandler] INFO  pipeline.SCMPipelineManager (SCMPipelineManager.java:finalizeAndDestroyPipeline(315)) - destroying pipeline:Pipeline[ Id: ddd02e59-821f-4f46-9a39-369433e05813, Nodes: c91e227e-7352-4230-bfa6-1f4b5d4bb797{ip: 192.168.151.103, host: pr-trunk-878pl-325597374, networkLocation: /default-rack, certSerialId: null}1eb58d1e-b4ee-4e5c-b6cd-c69dd16abeb7{ip: 192.168.151.103, host: pr-trunk-878pl-325597374, networkLocation: /default-rack, certSerialId: null}04729fd9-c1ff-4dca-ad26-4e6679f16bc9{ip: 192.168.151.103, host: pr-trunk-878pl-325597374, networkLocation: /default-rack, certSerialId: null}, Type:RATIS, Factor:THREE, State:OPEN]
2019-10-01 20:14:25,082 [EventQueue-PipelineActionsForPipelineActionHandler] INFO  pipeline.PipelineStateManager (PipelineStateManager.java:finalizePipeline(123)) - Pipeline Pipeline[ Id: ddd02e59-821f-4f46-9a39-369433e05813, Nodes: c91e227e-7352-4230-bfa6-1f4b5d4bb797{ip: 192.168.151.103, host: pr-trunk-878pl-325597374, networkLocation: /default-rack, certSerialId: null}1eb58d1e-b4ee-4e5c-b6cd-c69dd16abeb7{ip: 192.168.151.103, host: pr-trunk-878pl-325597374, networkLocation: /default-rack, certSerialId: null}04729fd9-c1ff-4dca-ad26-4e6679f16bc9{ip: 192.168.151.103, host: pr-trunk-878pl-325597374, networkLocation: /default-rack, certSerialId: null}, Type:RATIS, Factor:THREE, State:CLOSED] moved to CLOSED state
2019-10-01 20:14:25,082 [EventQueue-PipelineActionsForPipelineActionHandler] ERROR pipeline.PipelineActionHandler (PipelineActionHandler.java:onMessage(60)) - Received pipeline action CLOSE for Pipeline[ Id: ddd02e59-821f-4f46-9a39-369433e05813, Nodes: c91e227e-7352-4230-bfa6-1f4b5d4bb797{ip: 192.168.151.103, host: pr-trunk-878pl-325597374, networkLocation: /default-rack, certSerialId: null}1eb58d1e-b4ee-4e5c-b6cd-c69dd16abeb7{ip: 192.168.151.103, host: pr-trunk-878pl-325597374, networkLocation: /default-rack, certSerialId: null}04729fd9-c1ff-4dca-ad26-4e6679f16bc9{ip: 192.168.151.103, host: pr-trunk-878pl-325597374, networkLocation: /default-rack, certSerialId: null}, Type:RATIS, Factor:THREE, State:CLOSED] from datanode c91e227e-7352-4230-bfa6-1f4b5d4bb797{ip: 192.168.151.103, host: pr-trunk-878pl-325597374, networkLocation: /default-rack, certSerialId: null}. Reason : Log already failed at index 1 for task WriteLog:1: (t:1, i:1), STATEMACHINELOGENTRY, client-F5A58EE089B5, cid=60
2019-10-01 20:14:25,082 [EventQueue-PipelineActionsForPipelineActionHandler] INFO  pipeline.SCMPipelineManager (SCMPipelineManager.java:finalizeAndDestroyPipeline(315)) - destroying pipeline:Pipeline[ Id: ddd02e59-821f-4f46-9a39-369433e05813, Nodes: c91e227e-7352-4230-bfa6-1f4b5d4bb797{ip: 192.168.151.103, host: pr-trunk-878pl-325597374, networkLocation: /default-rack, certSerialId: null}1eb58d1e-b4ee-4e5c-b6cd-c69dd16abeb7{ip: 192.168.151.103, host: pr-trunk-878pl-325597374, networkLocation: /default-rack, certSerialId: null}04729fd9-c1ff-4dca-ad26-4e6679f16bc9{ip: 192.168.151.103, host: pr-trunk-878pl-325597374, networkLocation: /default-rack, certSerialId: null}, Type:RATIS, Factor:THREE, State:CLOSED]
2019-10-01 20:14:35,011 [grpc-default-executor-13] WARN  client.GrpcClientProtocolService (LogUtils.java:warn(134)) - 45-OrderedRequestStreamObserver45: onError: org.apache.ratis.thirdparty.io.grpc.StatusRuntimeException: CANCELLED: cancelled before receiving half close
2019-10-01 20:14:54,575 [grpc-default-executor-8] INFO  impl.RaftServerProxy (RaftServerProxy.java:addNew(89)) - c91e227e-7352-4230-bfa6-1f4b5d4bb797: addNew group-EA483D985D23:[c91e227e-7352-4230-bfa6-1f4b5d4bb797:192.168.151.103:37268, 04729fd9-c1ff-4dca-ad26-4e6679f16bc9:192.168.151.103:39208, 1eb58d1e-b4ee-4e5c-b6cd-c69dd16abeb7:192.168.151.103:39702] returns group-EA483D985D23:java.util.concurrent.CompletableFuture@55cc94a9[Not completed]
2019-10-01 20:14:54,577 [grpc-default-executor-13] INFO  impl.RaftServerProxy (RaftServerProxy.java:addNew(89)) - 1eb58d1e-b4ee-4e5c-b6cd-c69dd16abeb7: addNew group-EA483D985D23:[c91e227e-7352-4230-bfa6-1f4b5d4bb797:192.168.151.103:37268, 04729fd9-c1ff-4dca-ad26-4e6679f16bc9:192.168.151.103:39208, 1eb58d1e-b4ee-4e5c-b6cd-c69dd16abeb7:192.168.151.103:39702] returns group-EA483D985D23:java.util.concurrent.CompletableFuture@599fe84b[Not completed]
2019-10-01 20:14:54,577 [grpc-default-executor-1] INFO  impl.RaftServerProxy (RaftServerProxy.java:addNew(89)) - 04729fd9-c1ff-4dca-ad26-4e6679f16bc9: addNew group-EA483D985D23:[c91e227e-7352-4230-bfa6-1f4b5d4bb797:192.168.151.103:37268, 04729fd9-c1ff-4dca-ad26-4e6679f16bc9:192.168.151.103:39208, 1eb58d1e-b4ee-4e5c-b6cd-c69dd16abeb7:192.168.151.103:39702] returns group-EA483D985D23:java.util.concurrent.CompletableFuture@7764af[Not completed]
2019-10-01 20:14:54,578 [pool-57-thread-1] INFO  impl.RaftServerImpl (RaftServerImpl.java:<init>(95)) - c91e227e-7352-4230-bfa6-1f4b5d4bb797: new RaftServerImpl for group-EA483D985D23:[c91e227e-7352-4230-bfa6-1f4b5d4bb797:192.168.151.103:37268, 04729fd9-c1ff-4dca-ad26-4e6679f16bc9:192.168.151.103:39208, 1eb58d1e-b4ee-4e5c-b6cd-c69dd16abeb7:192.168.151.103:39702] with ContainerStateMachine:uninitialized
2019-10-01 20:14:54,578 [pool-57-thread-1] INFO  server.RaftServerConfigKeys (ConfUtils.java:logGet(43)) - raft.server.rpc.timeout.min = 5s (custom)
2019-10-01 20:14:54,578 [pool-57-thread-1] INFO  server.RaftServerConfigKeys (ConfUtils.java:logGet(43)) - raft.server.rpc.timeout.max = 5200ms (custom)
2019-10-01 20:14:54,579 [pool-57-thread-1] INFO  server.RaftServerConfigKeys (ConfUtils.java:logGet(43)) - raft.server.rpcslowness.timeout = 120s (custom)
2019-10-01 20:14:54,579 [pool-57-thread-1] INFO  server.RaftServerConfigKeys (ConfUtils.java:logGet(43)) - raft.server.sleep.deviation.threshold = 300 (default)
2019-10-01 20:14:54,579 [pool-57-thread-1] INFO  server.RaftServerConfigKeys (ConfUtils.java:logGet(43)) - raft.server.log.appender.install.snapshot.enabled = false (custom)
2019-10-01 20:14:54,579 [pool-57-thread-1] INFO  impl.RaftServerImpl (ServerState.java:<init>(103)) - c91e227e-7352-4230-bfa6-1f4b5d4bb797@group-EA483D985D23: ConfigurationManager, init=-1: [c91e227e-7352-4230-bfa6-1f4b5d4bb797:192.168.151.103:37268, 04729fd9-c1ff-4dca-ad26-4e6679f16bc9:192.168.151.103:39208, 1eb58d1e-b4ee-4e5c-b6cd-c69dd16abeb7:192.168.151.103:39702], old=null, confs=<EMPTY_MAP>
2019-10-01 20:14:54,579 [pool-57-thread-1] INFO  server.RaftServerConfigKeys (ConfUtils.java:logGet(43)) - raft.server.storage.dir = [/workdir/hadoop-ozone/ozonefs/target/test-dir/MiniOzoneClusterImpl-e98f5f70-891c-46e9-bc29-8096c13504df/datanode-3/data/ratis] (custom)
2019-10-01 20:14:54,579 [pool-27-thread-1] INFO  impl.RaftServerImpl (RaftServerImpl.java:<init>(95)) - 1eb58d1e-b4ee-4e5c-b6cd-c69dd16abeb7: new RaftServerImpl for group-EA483D985D23:[c91e227e-7352-4230-bfa6-1f4b5d4bb797:192.168.151.103:37268, 04729fd9-c1ff-4dca-ad26-4e6679f16bc9:192.168.151.103:39208, 1eb58d1e-b4ee-4e5c-b6cd-c69dd16abeb7:192.168.151.103:39702] with ContainerStateMachine:uninitialized
2019-10-01 20:14:54,579 [pool-27-thread-1] INFO  server.RaftServerConfigKeys (ConfUtils.java:logGet(43)) - raft.server.rpc.timeout.min = 5s (custom)
2019-10-01 20:14:54,579 [pool-57-thread-1] INFO  storage.RaftStorageDirectory (RaftStorageDirectory.java:analyzeStorage(246)) - The storage directory /workdir/hadoop-ozone/ozonefs/target/test-dir/MiniOzoneClusterImpl-e98f5f70-891c-46e9-bc29-8096c13504df/datanode-3/data/ratis/8e8d6370-ea99-455b-acad-ea483d985d23 does not exist. Creating ...
2019-10-01 20:14:54,580 [pool-27-thread-1] INFO  server.RaftServerConfigKeys (ConfUtils.java:logGet(43)) - raft.server.rpc.timeout.max = 5200ms (custom)
2019-10-01 20:14:54,580 [pool-27-thread-1] INFO  server.RaftServerConfigKeys (ConfUtils.java:logGet(43)) - raft.server.rpcslowness.timeout = 120s (custom)
2019-10-01 20:14:54,580 [pool-27-thread-1] INFO  server.RaftServerConfigKeys (ConfUtils.java:logGet(43)) - raft.server.sleep.deviation.threshold = 300 (default)
2019-10-01 20:14:54,580 [pool-27-thread-1] INFO  server.RaftServerConfigKeys (ConfUtils.java:logGet(43)) - raft.server.log.appender.install.snapshot.enabled = false (custom)
2019-10-01 20:14:54,580 [pool-27-thread-1] INFO  impl.RaftServerImpl (ServerState.java:<init>(103)) - 1eb58d1e-b4ee-4e5c-b6cd-c69dd16abeb7@group-EA483D985D23: ConfigurationManager, init=-1: [c91e227e-7352-4230-bfa6-1f4b5d4bb797:192.168.151.103:37268, 04729fd9-c1ff-4dca-ad26-4e6679f16bc9:192.168.151.103:39208, 1eb58d1e-b4ee-4e5c-b6cd-c69dd16abeb7:192.168.151.103:39702], old=null, confs=<EMPTY_MAP>
2019-10-01 20:14:54,580 [pool-37-thread-1] INFO  impl.RaftServerImpl (RaftServerImpl.java:<init>(95)) - 04729fd9-c1ff-4dca-ad26-4e6679f16bc9: new RaftServerImpl for group-EA483D985D23:[c91e227e-7352-4230-bfa6-1f4b5d4bb797:192.168.151.103:37268, 04729fd9-c1ff-4dca-ad26-4e6679f16bc9:192.168.151.103:39208, 1eb58d1e-b4ee-4e5c-b6cd-c69dd16abeb7:192.168.151.103:39702] with ContainerStateMachine:uninitialized
2019-10-01 20:14:54,580 [pool-27-thread-1] INFO  server.RaftServerConfigKeys (ConfUtils.java:logGet(43)) - raft.server.storage.dir = [/workdir/hadoop-ozone/ozonefs/target/test-dir/MiniOzoneClusterImpl-e98f5f70-891c-46e9-bc29-8096c13504df/datanode-0/data/ratis] (custom)
2019-10-01 20:14:54,581 [pool-37-thread-1] INFO  server.RaftServerConfigKeys (ConfUtils.java:logGet(43)) - raft.server.rpc.timeout.min = 5s (custom)
2019-10-01 20:14:54,581 [pool-37-thread-1] INFO  server.RaftServerConfigKeys (ConfUtils.java:logGet(43)) - raft.server.rpc.timeout.max = 5200ms (custom)
2019-10-01 20:14:54,581 [pool-27-thread-1] INFO  storage.RaftStorageDirectory (RaftStorageDirectory.java:analyzeStorage(246)) - The storage directory /workdir/hadoop-ozone/ozonefs/target/test-dir/MiniOzoneClusterImpl-e98f5f70-891c-46e9-bc29-8096c13504df/datanode-0/data/ratis/8e8d6370-ea99-455b-acad-ea483d985d23 does not exist. Creating ...
2019-10-01 20:14:54,581 [pool-37-thread-1] INFO  server.RaftServerConfigKeys (ConfUtils.java:logGet(43)) - raft.server.rpcslowness.timeout = 120s (custom)
2019-10-01 20:14:54,581 [pool-37-thread-1] INFO  server.RaftServerConfigKeys (ConfUtils.java:logGet(43)) - raft.server.sleep.deviation.threshold = 300 (default)
2019-10-01 20:14:54,581 [pool-37-thread-1] INFO  server.RaftServerConfigKeys (ConfUtils.java:logGet(43)) - raft.server.log.appender.install.snapshot.enabled = false (custom)
2019-10-01 20:14:54,582 [pool-37-thread-1] INFO  impl.RaftServerImpl (ServerState.java:<init>(103)) - 04729fd9-c1ff-4dca-ad26-4e6679f16bc9@group-EA483D985D23: ConfigurationManager, init=-1: [c91e227e-7352-4230-bfa6-1f4b5d4bb797:192.168.151.103:37268, 04729fd9-c1ff-4dca-ad26-4e6679f16bc9:192.168.151.103:39208, 1eb58d1e-b4ee-4e5c-b6cd-c69dd16abeb7:192.168.151.103:39702], old=null, confs=<EMPTY_MAP>
2019-10-01 20:14:54,582 [pool-37-thread-1] INFO  server.RaftServerConfigKeys (ConfUtils.java:logGet(43)) - raft.server.storage.dir = [/workdir/hadoop-ozone/ozonefs/target/test-dir/MiniOzoneClusterImpl-e98f5f70-891c-46e9-bc29-8096c13504df/datanode-1/data/ratis] (custom)
2019-10-01 20:14:54,582 [pool-37-thread-1] INFO  storage.RaftStorageDirectory (RaftStorageDirectory.java:analyzeStorage(246)) - The storage directory /workdir/hadoop-ozone/ozonefs/target/test-dir/MiniOzoneClusterImpl-e98f5f70-891c-46e9-bc29-8096c13504df/datanode-1/data/ratis/8e8d6370-ea99-455b-acad-ea483d985d23 does not exist. Creating ...
2019-10-01 20:14:54,604 [pool-57-thread-1] INFO  storage.RaftStorageDirectory (RaftStorageDirectory.java:tryLock(328)) - Lock on /workdir/hadoop-ozone/ozonefs/target/test-dir/MiniOzoneClusterImpl-e98f5f70-891c-46e9-bc29-8096c13504df/datanode-3/data/ratis/8e8d6370-ea99-455b-acad-ea483d985d23/in_use.lock acquired by nodename 27094@pr-trunk-878pl-325597374
2019-10-01 20:14:54,604 [pool-37-thread-1] INFO  storage.RaftStorageDirectory (RaftStorageDirectory.java:tryLock(328)) - Lock on /workdir/hadoop-ozone/ozonefs/target/test-dir/MiniOzoneClusterImpl-e98f5f70-891c-46e9-bc29-8096c13504df/datanode-1/data/ratis/8e8d6370-ea99-455b-acad-ea483d985d23/in_use.lock acquired by nodename 27094@pr-trunk-878pl-325597374
2019-10-01 20:14:54,604 [pool-27-thread-1] INFO  storage.RaftStorageDirectory (RaftStorageDirectory.java:tryLock(328)) - Lock on /workdir/hadoop-ozone/ozonefs/target/test-dir/MiniOzoneClusterImpl-e98f5f70-891c-46e9-bc29-8096c13504df/datanode-0/data/ratis/8e8d6370-ea99-455b-acad-ea483d985d23/in_use.lock acquired by nodename 27094@pr-trunk-878pl-325597374
2019-10-01 20:14:54,620 [pool-57-thread-1] INFO  storage.RaftStorage (RaftStorage.java:format(72)) - Storage directory /workdir/hadoop-ozone/ozonefs/target/test-dir/MiniOzoneClusterImpl-e98f5f70-891c-46e9-bc29-8096c13504df/datanode-3/data/ratis/8e8d6370-ea99-455b-acad-ea483d985d23 has been successfully formatted.
2019-10-01 20:14:54,621 [pool-57-thread-1] INFO  ratis.ContainerStateMachine (ContainerStateMachine.java:loadSnapshot(231)) - group-EA483D985D23: The snapshot info is null. Setting the last applied indexto:(t:0, i:~)
2019-10-01 20:14:54,621 [pool-57-thread-1] INFO  server.RaftServerConfigKeys (ConfUtils.java:logGet(43)) - raft.server.notification.no-leader.timeout = 120s (custom)
2019-10-01 20:14:54,621 [pool-57-thread-1] INFO  server.RaftServerConfigKeys (ConfUtils.java:logGet(43)) - raft.server.log.use.memory = false (default)
2019-10-01 20:14:54,621 [pool-57-thread-1] INFO  server.RaftServerConfigKeys (ConfUtils.java:logGet(43)) - raft.server.log.purge.gap = 1000000 (custom)
2019-10-01 20:14:54,621 [pool-57-thread-1] INFO  server.RaftServerConfigKeys (ConfUtils.java:logGet(43)) - raft.server.log.appender.buffer.byte-limit = 33554432 (custom)
2019-10-01 20:14:54,621 [pool-57-thread-1] INFO  server.RaftServerConfigKeys (ConfUtils.java:logGet(43)) - raft.server.log.segment.size.max = 1048576 (custom)
2019-10-01 20:14:54,621 [pool-57-thread-1] INFO  server.RaftServerConfigKeys (ConfUtils.java:logGet(43)) - raft.server.log.segment.cache.num.max = 2 (custom)
2019-10-01 20:14:54,621 [pool-57-thread-1] INFO  segmented.SegmentedRaftLogWorker (SegmentedRaftLogWorker.java:<init>(172)) - new c91e227e-7352-4230-bfa6-1f4b5d4bb797@group-EA483D985D23-SegmentedRaftLogWorker for RaftStorage:Storage Directory /workdir/hadoop-ozone/ozonefs/target/test-dir/MiniOzoneClusterImpl-e98f5f70-891c-46e9-bc29-8096c13504df/datanode-3/data/ratis/8e8d6370-ea99-455b-acad-ea483d985d23
2019-10-01 20:14:54,622 [pool-57-thread-1] INFO  server.RaftServerConfigKeys (ConfUtils.java:logGet(43)) - raft.server.log.queue.byte-limit = 2147483647 (custom)
2019-10-01 20:14:54,622 [pool-57-thread-1] INFO  server.RaftServerConfigKeys (ConfUtils.java:logGet(43)) - raft.server.log.queue.element-limit = 1024 (custom)
2019-10-01 20:14:54,622 [pool-57-thread-1] INFO  server.RaftServerConfigKeys (ConfUtils.java:logGet(43)) - raft.server.log.segment.size.max = 1048576 (custom)
2019-10-01 20:14:54,622 [pool-57-thread-1] INFO  server.RaftServerConfigKeys (ConfUtils.java:logGet(43)) - raft.server.log.preallocated.size = 16384 (custom)
2019-10-01 20:14:54,622 [pool-57-thread-1] INFO  server.RaftServerConfigKeys (ConfUtils.java:logGet(43)) - raft.server.log.write.buffer.size = 33554432 (custom)
2019-10-01 20:14:54,622 [pool-57-thread-1] INFO  server.RaftServerConfigKeys (ConfUtils.java:logGet(43)) - raft.server.log.force.sync.num = 128 (default)
2019-10-01 20:14:54,622 [pool-57-thread-1] INFO  server.RaftServerConfigKeys (ConfUtils.java:logGet(43)) - raft.server.log.statemachine.data.sync = true (default)
2019-10-01 20:14:54,622 [pool-57-thread-1] INFO  server.RaftServerConfigKeys (ConfUtils.java:logGet(43)) - raft.server.log.statemachine.data.sync.timeout = 10s (default)
2019-10-01 20:14:54,622 [pool-57-thread-1] INFO  server.RaftServerConfigKeys (ConfUtils.java:logGet(43)) - raft.server.log.statemachine.data.sync.timeout.retry = -1 (default)
2019-10-01 20:14:54,623 [pool-57-thread-1] INFO  server.RaftServerConfigKeys (ConfUtils.java:logGet(43)) - raft.server.log.statemachine.data.caching.enabled = true (custom)
2019-10-01 20:14:54,623 [pool-57-thread-1] INFO  segmented.SegmentedRaftLogWorker (SegmentedRaftLogWorker.java:lambda$new$0(132)) - c91e227e-7352-4230-bfa6-1f4b5d4bb797@group-EA483D985D23-SegmentedRaftLogWorker: flushIndex: setUnconditionally 0 -> -1
2019-10-01 20:14:54,623 [pool-57-thread-1] INFO  server.RaftServerConfigKeys (ConfUtils.java:logGet(43)) - raft.server.snapshot.auto.trigger.enabled = true (custom)
2019-10-01 20:14:54,623 [pool-57-thread-1] INFO  server.RaftServerConfigKeys (ConfUtils.java:logGet(43)) - raft.server.snapshot.auto.trigger.threshold = 10000 (custom)
2019-10-01 20:14:54,623 [pool-57-thread-1] INFO  server.RaftServerConfigKeys (ConfUtils.java:logGet(43)) - raft.server.snapshot.retention.num.files = 5 (custom)
2019-10-01 20:14:54,623 [pool-57-thread-1] INFO  server.RaftServerConfigKeys (ConfUtils.java:logGet(43)) - raft.server.retrycache.expirytime = 600000ms (custom)
2019-10-01 20:14:54,626 [pool-57-thread-1] INFO  impl.RaftServerImpl (RaftServerImpl.java:start(185)) - c91e227e-7352-4230-bfa6-1f4b5d4bb797@group-EA483D985D23: start as a follower, conf=-1: [c91e227e-7352-4230-bfa6-1f4b5d4bb797:192.168.151.103:37268, 04729fd9-c1ff-4dca-ad26-4e6679f16bc9:192.168.151.103:39208, 1eb58d1e-b4ee-4e5c-b6cd-c69dd16abeb7:192.168.151.103:39702], old=null
2019-10-01 20:14:54,626 [pool-57-thread-1] INFO  impl.RaftServerImpl (RaftServerImpl.java:setRole(174)) - c91e227e-7352-4230-bfa6-1f4b5d4bb797@group-EA483D985D23: changes role from      null to FOLLOWER at term 0 for startAsFollower
2019-10-01 20:14:54,626 [pool-57-thread-1] INFO  impl.RoleInfo (RoleInfo.java:updateAndGet(143)) - c91e227e-7352-4230-bfa6-1f4b5d4bb797: start FollowerState
2019-10-01 20:14:54,626 [pool-57-thread-1] INFO  util.JmxRegister (JmxRegister.java:tryRegister(44)) - Successfully registered JMX Bean with object name Ratis:service=RaftServer,group=group-EA483D985D23,id=c91e227e-7352-4230-bfa6-1f4b5d4bb797
2019-10-01 20:14:54,632 [pool-37-thread-1] INFO  storage.RaftStorage (RaftStorage.java:format(72)) - Storage directory /workdir/hadoop-ozone/ozonefs/target/test-dir/MiniOzoneClusterImpl-e98f5f70-891c-46e9-bc29-8096c13504df/datanode-1/data/ratis/8e8d6370-ea99-455b-acad-ea483d985d23 has been successfully formatted.
2019-10-01 20:14:54,632 [pool-27-thread-1] INFO  storage.RaftStorage (RaftStorage.java:format(72)) - Storage directory /workdir/hadoop-ozone/ozonefs/target/test-dir/MiniOzoneClusterImpl-e98f5f70-891c-46e9-bc29-8096c13504df/datanode-0/data/ratis/8e8d6370-ea99-455b-acad-ea483d985d23 has been successfully formatted.
2019-10-01 20:14:54,632 [pool-37-thread-1] INFO  ratis.ContainerStateMachine (ContainerStateMachine.java:loadSnapshot(231)) - group-EA483D985D23: The snapshot info is null. Setting the last applied indexto:(t:0, i:~)
2019-10-01 20:14:54,632 [pool-27-thread-1] INFO  ratis.ContainerStateMachine (ContainerStateMachine.java:loadSnapshot(231)) - group-EA483D985D23: The snapshot info is null. Setting the last applied indexto:(t:0, i:~)
2019-10-01 20:14:54,632 [pool-37-thread-1] INFO  server.RaftServerConfigKeys (ConfUtils.java:logGet(43)) - raft.server.notification.no-leader.timeout = 120s (custom)
2019-10-01 20:14:54,632 [pool-27-thread-1] INFO  server.RaftServerConfigKeys (ConfUtils.java:logGet(43)) - raft.server.notification.no-leader.timeout = 120s (custom)
2019-10-01 20:14:54,632 [pool-37-thread-1] INFO  server.RaftServerConfigKeys (ConfUtils.java:logGet(43)) - raft.server.log.use.memory = false (default)
2019-10-01 20:14:54,633 [pool-27-thread-1] INFO  server.RaftServerConfigKeys (ConfUtils.java:logGet(43)) - raft.server.log.use.memory = false (default)
2019-10-01 20:14:54,633 [pool-37-thread-1] INFO  server.RaftServerConfigKeys (ConfUtils.java:logGet(43)) - raft.server.log.purge.gap = 1000000 (custom)
2019-10-01 20:14:54,633 [pool-27-thread-1] INFO  server.RaftServerConfigKeys (ConfUtils.java:logGet(43)) - raft.server.log.purge.gap = 1000000 (custom)
2019-10-01 20:14:54,633 [pool-37-thread-1] INFO  server.RaftServerConfigKeys (ConfUtils.java:logGet(43)) - raft.server.log.appender.buffer.byte-limit = 33554432 (custom)
2019-10-01 20:14:54,633 [pool-27-thread-1] INFO  server.RaftServerConfigKeys (ConfUtils.java:logGet(43)) - raft.server.log.appender.buffer.byte-limit = 33554432 (custom)
2019-10-01 20:14:54,633 [pool-37-thread-1] INFO  server.RaftServerConfigKeys (ConfUtils.java:logGet(43)) - raft.server.log.segment.size.max = 1048576 (custom)
2019-10-01 20:14:54,633 [pool-27-thread-1] INFO  server.RaftServerConfigKeys (ConfUtils.java:logGet(43)) - raft.server.log.segment.size.max = 1048576 (custom)
2019-10-01 20:14:54,633 [pool-37-thread-1] INFO  server.RaftServerConfigKeys (ConfUtils.java:logGet(43)) - raft.server.log.segment.cache.num.max = 2 (custom)
2019-10-01 20:14:54,634 [pool-27-thread-1] INFO  server.RaftServerConfigKeys (ConfUtils.java:logGet(43)) - raft.server.log.segment.cache.num.max = 2 (custom)
2019-10-01 20:14:54,634 [pool-37-thread-1] INFO  segmented.SegmentedRaftLogWorker (SegmentedRaftLogWorker.java:<init>(172)) - new 04729fd9-c1ff-4dca-ad26-4e6679f16bc9@group-EA483D985D23-SegmentedRaftLogWorker for RaftStorage:Storage Directory /workdir/hadoop-ozone/ozonefs/target/test-dir/MiniOzoneClusterImpl-e98f5f70-891c-46e9-bc29-8096c13504df/datanode-1/data/ratis/8e8d6370-ea99-455b-acad-ea483d985d23
2019-10-01 20:14:54,634 [pool-27-thread-1] INFO  segmented.SegmentedRaftLogWorker (SegmentedRaftLogWorker.java:<init>(172)) - new 1eb58d1e-b4ee-4e5c-b6cd-c69dd16abeb7@group-EA483D985D23-SegmentedRaftLogWorker for RaftStorage:Storage Directory /workdir/hadoop-ozone/ozonefs/target/test-dir/MiniOzoneClusterImpl-e98f5f70-891c-46e9-bc29-8096c13504df/datanode-0/data/ratis/8e8d6370-ea99-455b-acad-ea483d985d23
2019-10-01 20:14:54,634 [pool-37-thread-1] INFO  server.RaftServerConfigKeys (ConfUtils.java:logGet(43)) - raft.server.log.queue.byte-limit = 2147483647 (custom)
2019-10-01 20:14:54,634 [pool-27-thread-1] INFO  server.RaftServerConfigKeys (ConfUtils.java:logGet(43)) - raft.server.log.queue.byte-limit = 2147483647 (custom)
2019-10-01 20:14:54,634 [pool-37-thread-1] INFO  server.RaftServerConfigKeys (ConfUtils.java:logGet(43)) - raft.server.log.queue.element-limit = 1024 (custom)
2019-10-01 20:14:54,634 [pool-27-thread-1] INFO  server.RaftServerConfigKeys (ConfUtils.java:logGet(43)) - raft.server.log.queue.element-limit = 1024 (custom)
2019-10-01 20:14:54,634 [pool-37-thread-1] INFO  server.RaftServerConfigKeys (ConfUtils.java:logGet(43)) - raft.server.log.segment.size.max = 1048576 (custom)
2019-10-01 20:14:54,635 [pool-27-thread-1] INFO  server.RaftServerConfigKeys (ConfUtils.java:logGet(43)) - raft.server.log.segment.size.max = 1048576 (custom)
2019-10-01 20:14:54,635 [pool-37-thread-1] INFO  server.RaftServerConfigKeys (ConfUtils.java:logGet(43)) - raft.server.log.preallocated.size = 16384 (custom)
2019-10-01 20:14:54,635 [pool-27-thread-1] INFO  server.RaftServerConfigKeys (ConfUtils.java:logGet(43)) - raft.server.log.preallocated.size = 16384 (custom)
2019-10-01 20:14:54,635 [pool-37-thread-1] INFO  server.RaftServerConfigKeys (ConfUtils.java:logGet(43)) - raft.server.log.write.buffer.size = 33554432 (custom)
2019-10-01 20:14:54,635 [pool-27-thread-1] INFO  server.RaftServerConfigKeys (ConfUtils.java:logGet(43)) - raft.server.log.write.buffer.size = 33554432 (custom)
2019-10-01 20:14:54,635 [pool-37-thread-1] INFO  server.RaftServerConfigKeys (ConfUtils.java:logGet(43)) - raft.server.log.force.sync.num = 128 (default)
2019-10-01 20:14:54,635 [pool-27-thread-1] INFO  server.RaftServerConfigKeys (ConfUtils.java:logGet(43)) - raft.server.log.force.sync.num = 128 (default)
2019-10-01 20:14:54,635 [pool-37-thread-1] INFO  server.RaftServerConfigKeys (ConfUtils.java:logGet(43)) - raft.server.log.statemachine.data.sync = true (default)
2019-10-01 20:14:54,635 [pool-27-thread-1] INFO  server.RaftServerConfigKeys (ConfUtils.java:logGet(43)) - raft.server.log.statemachine.data.sync = true (default)
2019-10-01 20:14:54,636 [pool-37-thread-1] INFO  server.RaftServerConfigKeys (ConfUtils.java:logGet(43)) - raft.server.log.statemachine.data.sync.timeout = 10s (default)
2019-10-01 20:14:54,636 [pool-27-thread-1] INFO  server.RaftServerConfigKeys (ConfUtils.java:logGet(43)) - raft.server.log.statemachine.data.sync.timeout = 10s (default)
2019-10-01 20:14:54,636 [pool-37-thread-1] INFO  server.RaftServerConfigKeys (ConfUtils.java:logGet(43)) - raft.server.log.statemachine.data.sync.timeout.retry = -1 (default)
2019-10-01 20:14:54,636 [pool-27-thread-1] INFO  server.RaftServerConfigKeys (ConfUtils.java:logGet(43)) - raft.server.log.statemachine.data.sync.timeout.retry = -1 (default)
2019-10-01 20:14:54,636 [pool-37-thread-1] INFO  server.RaftServerConfigKeys (ConfUtils.java:logGet(43)) - raft.server.log.statemachine.data.caching.enabled = true (custom)
2019-10-01 20:14:54,636 [pool-27-thread-1] INFO  server.RaftServerConfigKeys (ConfUtils.java:logGet(43)) - raft.server.log.statemachine.data.caching.enabled = true (custom)
2019-10-01 20:14:54,636 [pool-37-thread-1] INFO  segmented.SegmentedRaftLogWorker (SegmentedRaftLogWorker.java:lambda$new$0(132)) - 04729fd9-c1ff-4dca-ad26-4e6679f16bc9@group-EA483D985D23-SegmentedRaftLogWorker: flushIndex: setUnconditionally 0 -> -1
2019-10-01 20:14:54,637 [pool-27-thread-1] INFO  segmented.SegmentedRaftLogWorker (SegmentedRaftLogWorker.java:lambda$new$0(132)) - 1eb58d1e-b4ee-4e5c-b6cd-c69dd16abeb7@group-EA483D985D23-SegmentedRaftLogWorker: flushIndex: setUnconditionally 0 -> -1
2019-10-01 20:14:54,637 [pool-37-thread-1] INFO  server.RaftServerConfigKeys (ConfUtils.java:logGet(43)) - raft.server.snapshot.auto.trigger.enabled = true (custom)
2019-10-01 20:14:54,637 [pool-37-thread-1] INFO  server.RaftServerConfigKeys (ConfUtils.java:logGet(43)) - raft.server.snapshot.auto.trigger.threshold = 10000 (custom)
2019-10-01 20:14:54,637 [pool-27-thread-1] INFO  server.RaftServerConfigKeys (ConfUtils.java:logGet(43)) - raft.server.snapshot.auto.trigger.enabled = true (custom)
2019-10-01 20:14:54,637 [pool-37-thread-1] INFO  server.RaftServerConfigKeys (ConfUtils.java:logGet(43)) - raft.server.snapshot.retention.num.files = 5 (custom)
2019-10-01 20:14:54,637 [pool-27-thread-1] INFO  server.RaftServerConfigKeys (ConfUtils.java:logGet(43)) - raft.server.snapshot.auto.trigger.threshold = 10000 (custom)
2019-10-01 20:14:54,637 [pool-37-thread-1] INFO  server.RaftServerConfigKeys (ConfUtils.java:logGet(43)) - raft.server.retrycache.expirytime = 600000ms (custom)
2019-10-01 20:14:54,637 [pool-27-thread-1] INFO  server.RaftServerConfigKeys (ConfUtils.java:logGet(43)) - raft.server.snapshot.retention.num.files = 5 (custom)
2019-10-01 20:14:54,638 [pool-27-thread-1] INFO  server.RaftServerConfigKeys (ConfUtils.java:logGet(43)) - raft.server.retrycache.expirytime = 600000ms (custom)
2019-10-01 20:14:54,640 [pool-37-thread-1] INFO  impl.RaftServerImpl (RaftServerImpl.java:start(185)) - 04729fd9-c1ff-4dca-ad26-4e6679f16bc9@group-EA483D985D23: start as a follower, conf=-1: [c91e227e-7352-4230-bfa6-1f4b5d4bb797:192.168.151.103:37268, 04729fd9-c1ff-4dca-ad26-4e6679f16bc9:192.168.151.103:39208, 1eb58d1e-b4ee-4e5c-b6cd-c69dd16abeb7:192.168.151.103:39702], old=null
2019-10-01 20:14:54,641 [pool-37-thread-1] INFO  impl.RaftServerImpl (RaftServerImpl.java:setRole(174)) - 04729fd9-c1ff-4dca-ad26-4e6679f16bc9@group-EA483D985D23: changes role from      null to FOLLOWER at term 0 for startAsFollower
2019-10-01 20:14:54,641 [pool-37-thread-1] INFO  impl.RoleInfo (RoleInfo.java:updateAndGet(143)) - 04729fd9-c1ff-4dca-ad26-4e6679f16bc9: start FollowerState
2019-10-01 20:14:54,641 [pool-37-thread-1] INFO  util.JmxRegister (JmxRegister.java:tryRegister(44)) - Successfully registered JMX Bean with object name Ratis:service=RaftServer,group=group-EA483D985D23,id=04729fd9-c1ff-4dca-ad26-4e6679f16bc9
2019-10-01 20:14:54,641 [pool-27-thread-1] INFO  impl.RaftServerImpl (RaftServerImpl.java:start(185)) - 1eb58d1e-b4ee-4e5c-b6cd-c69dd16abeb7@group-EA483D985D23: start as a follower, conf=-1: [c91e227e-7352-4230-bfa6-1f4b5d4bb797:192.168.151.103:37268, 04729fd9-c1ff-4dca-ad26-4e6679f16bc9:192.168.151.103:39208, 1eb58d1e-b4ee-4e5c-b6cd-c69dd16abeb7:192.168.151.103:39702], old=null
2019-10-01 20:14:54,641 [pool-27-thread-1] INFO  impl.RaftServerImpl (RaftServerImpl.java:setRole(174)) - 1eb58d1e-b4ee-4e5c-b6cd-c69dd16abeb7@group-EA483D985D23: changes role from      null to FOLLOWER at term 0 for startAsFollower
2019-10-01 20:14:54,641 [pool-27-thread-1] INFO  impl.RoleInfo (RoleInfo.java:updateAndGet(143)) - 1eb58d1e-b4ee-4e5c-b6cd-c69dd16abeb7: start FollowerState
2019-10-01 20:14:54,642 [pool-27-thread-1] INFO  util.JmxRegister (JmxRegister.java:tryRegister(44)) - Successfully registered JMX Bean with object name Ratis:service=RaftServer,group=group-EA483D985D23,id=1eb58d1e-b4ee-4e5c-b6cd-c69dd16abeb7
2019-10-01 20:14:54,644 [RatisPipelineUtilsThread] INFO  pipeline.PipelineStateManager (PipelineStateManager.java:addPipeline(56)) - Created pipeline Pipeline[ Id: 8e8d6370-ea99-455b-acad-ea483d985d23, Nodes: c91e227e-7352-4230-bfa6-1f4b5d4bb797{ip: 192.168.151.103, host: pr-trunk-878pl-325597374, networkLocation: /default-rack, certSerialId: null}1eb58d1e-b4ee-4e5c-b6cd-c69dd16abeb7{ip: 192.168.151.103, host: pr-trunk-878pl-325597374, networkLocation: /default-rack, certSerialId: null}04729fd9-c1ff-4dca-ad26-4e6679f16bc9{ip: 192.168.151.103, host: pr-trunk-878pl-325597374, networkLocation: /default-rack, certSerialId: null}, Type:RATIS, Factor:THREE, State:OPEN]
]]></system-out>
    <system-err><![CDATA[Oct 01, 2019 8:12:34 PM org.apache.ratis.thirdparty.io.grpc.internal.SerializingExecutor run
SEVERE: Exception while executing runnable org.apache.ratis.thirdparty.io.grpc.internal.ServerImpl$JumpToApplicationThreadServerStreamListener$1Closed@e2a6430
org.apache.ratis.thirdparty.io.grpc.StatusRuntimeException: CANCELLED: call already cancelled
	at org.apache.ratis.thirdparty.io.grpc.Status.asRuntimeException(Status.java:517)
	at org.apache.ratis.thirdparty.io.grpc.stub.ServerCalls$ServerCallStreamObserverImpl.onCompleted(ServerCalls.java:356)
	at org.apache.ratis.grpc.server.GrpcServerProtocolService$ServerRequestStreamObserver.onError(GrpcServerProtocolService.java:121)
	at org.apache.ratis.thirdparty.io.grpc.stub.ServerCalls$StreamingServerCallHandler$StreamingServerCallListener.onCancel(ServerCalls.java:269)
	at org.apache.ratis.thirdparty.io.grpc.internal.ServerCallImpl$ServerStreamListenerImpl.closed(ServerCallImpl.java:293)
	at org.apache.ratis.thirdparty.io.grpc.internal.ServerImpl$JumpToApplicationThreadServerStreamListener$1Closed.runInContext(ServerImpl.java:741)
	at org.apache.ratis.thirdparty.io.grpc.internal.ContextRunnable.run(ContextRunnable.java:37)
	at org.apache.ratis.thirdparty.io.grpc.internal.SerializingExecutor.run(SerializingExecutor.java:123)
	at java.util.concurrent.ThreadPoolExecutor.runWorker(ThreadPoolExecutor.java:1149)
	at java.util.concurrent.ThreadPoolExecutor$Worker.run(ThreadPoolExecutor.java:624)
	at java.lang.Thread.run(Thread.java:748)

Oct 01, 2019 8:12:34 PM org.apache.ratis.thirdparty.io.grpc.internal.SerializingExecutor run
SEVERE: Exception while executing runnable org.apache.ratis.thirdparty.io.grpc.internal.ServerImpl$JumpToApplicationThreadServerStreamListener$1Closed@69cda865
org.apache.ratis.thirdparty.io.grpc.StatusRuntimeException: CANCELLED: call already cancelled
	at org.apache.ratis.thirdparty.io.grpc.Status.asRuntimeException(Status.java:517)
	at org.apache.ratis.thirdparty.io.grpc.stub.ServerCalls$ServerCallStreamObserverImpl.onCompleted(ServerCalls.java:356)
	at org.apache.ratis.grpc.server.GrpcServerProtocolService$ServerRequestStreamObserver.onError(GrpcServerProtocolService.java:121)
	at org.apache.ratis.thirdparty.io.grpc.stub.ServerCalls$StreamingServerCallHandler$StreamingServerCallListener.onCancel(ServerCalls.java:269)
	at org.apache.ratis.thirdparty.io.grpc.internal.ServerCallImpl$ServerStreamListenerImpl.closed(ServerCallImpl.java:293)
	at org.apache.ratis.thirdparty.io.grpc.internal.ServerImpl$JumpToApplicationThreadServerStreamListener$1Closed.runInContext(ServerImpl.java:741)
	at org.apache.ratis.thirdparty.io.grpc.internal.ContextRunnable.run(ContextRunnable.java:37)
	at org.apache.ratis.thirdparty.io.grpc.internal.SerializingExecutor.run(SerializingExecutor.java:123)
	at java.util.concurrent.ThreadPoolExecutor.runWorker(ThreadPoolExecutor.java:1149)
	at java.util.concurrent.ThreadPoolExecutor$Worker.run(ThreadPoolExecutor.java:624)
	at java.lang.Thread.run(Thread.java:748)

Oct 01, 2019 8:13:10 PM org.apache.ratis.thirdparty.io.grpc.internal.SerializingExecutor run
SEVERE: Exception while executing runnable org.apache.ratis.thirdparty.io.grpc.internal.ServerImpl$JumpToApplicationThreadServerStreamListener$1Closed@2da27f7
org.apache.ratis.thirdparty.io.grpc.StatusRuntimeException: CANCELLED: call already cancelled
	at org.apache.ratis.thirdparty.io.grpc.Status.asRuntimeException(Status.java:517)
	at org.apache.ratis.thirdparty.io.grpc.stub.ServerCalls$ServerCallStreamObserverImpl.onCompleted(ServerCalls.java:356)
	at org.apache.ratis.grpc.server.GrpcServerProtocolService$ServerRequestStreamObserver.onError(GrpcServerProtocolService.java:121)
	at org.apache.ratis.thirdparty.io.grpc.stub.ServerCalls$StreamingServerCallHandler$StreamingServerCallListener.onCancel(ServerCalls.java:269)
	at org.apache.ratis.thirdparty.io.grpc.internal.ServerCallImpl$ServerStreamListenerImpl.closed(ServerCallImpl.java:293)
	at org.apache.ratis.thirdparty.io.grpc.internal.ServerImpl$JumpToApplicationThreadServerStreamListener$1Closed.runInContext(ServerImpl.java:741)
	at org.apache.ratis.thirdparty.io.grpc.internal.ContextRunnable.run(ContextRunnable.java:37)
	at org.apache.ratis.thirdparty.io.grpc.internal.SerializingExecutor.run(SerializingExecutor.java:123)
	at java.util.concurrent.ThreadPoolExecutor.runWorker(ThreadPoolExecutor.java:1149)
	at java.util.concurrent.ThreadPoolExecutor$Worker.run(ThreadPoolExecutor.java:624)
	at java.lang.Thread.run(Thread.java:748)

Oct 01, 2019 8:13:10 PM org.apache.ratis.thirdparty.io.grpc.internal.SerializingExecutor run
SEVERE: Exception while executing runnable org.apache.ratis.thirdparty.io.grpc.internal.ServerImpl$JumpToApplicationThreadServerStreamListener$1Closed@39eb0645
org.apache.ratis.thirdparty.io.grpc.StatusRuntimeException: CANCELLED: call already cancelled
	at org.apache.ratis.thirdparty.io.grpc.Status.asRuntimeException(Status.java:517)
	at org.apache.ratis.thirdparty.io.grpc.stub.ServerCalls$ServerCallStreamObserverImpl.onCompleted(ServerCalls.java:356)
	at org.apache.ratis.grpc.server.GrpcServerProtocolService$ServerRequestStreamObserver.onError(GrpcServerProtocolService.java:121)
	at org.apache.ratis.thirdparty.io.grpc.stub.ServerCalls$StreamingServerCallHandler$StreamingServerCallListener.onCancel(ServerCalls.java:269)
	at org.apache.ratis.thirdparty.io.grpc.internal.ServerCallImpl$ServerStreamListenerImpl.closed(ServerCallImpl.java:293)
	at org.apache.ratis.thirdparty.io.grpc.internal.ServerImpl$JumpToApplicationThreadServerStreamListener$1Closed.runInContext(ServerImpl.java:741)
	at org.apache.ratis.thirdparty.io.grpc.internal.ContextRunnable.run(ContextRunnable.java:37)
	at org.apache.ratis.thirdparty.io.grpc.internal.SerializingExecutor.run(SerializingExecutor.java:123)
	at java.util.concurrent.ThreadPoolExecutor.runWorker(ThreadPoolExecutor.java:1149)
	at java.util.concurrent.ThreadPoolExecutor$Worker.run(ThreadPoolExecutor.java:624)
	at java.lang.Thread.run(Thread.java:748)

]]></system-err>
  </testcase>
  <testcase name="testOpenReadDirWithChild" classname="org.apache.hadoop.fs.ozone.contract.ITestOzoneContractOpen" time="0.159"/>
</testsuite>