<?xml version="1.0" encoding="UTF-8"?>
<testsuite xmlns:xsi="http://www.w3.org/2001/XMLSchema-instance" xsi:noNamespaceSchemaLocation="https://maven.apache.org/surefire/maven-surefire-plugin/xsd/surefire-test-report.xsd" name="org.apache.hadoop.ozone.client.rpc.TestDeleteWithSlowFollower" time="130.724" tests="1" errors="0" skipped="0" failures="1">
  <properties>
    <property name="awt.toolkit" value="sun.awt.X11.XToolkit"/>
    <property name="file.encoding.pkg" value="sun.io"/>
    <property name="java.specification.version" value="1.8"/>
    <property name="sun.cpu.isalist" value=""/>
    <property name="sun.jnu.encoding" value="ANSI_X3.4-1968"/>
    <property name="java.class.path" value="/workdir/hadoop-ozone/integration-test/target/test-classes:/workdir/hadoop-ozone/integration-test/target/classes:/home/user/.m2/repository/org/apache/hadoop/hadoop-ozone-common/0.5.0-SNAPSHOT/hadoop-ozone-common-0.5.0-SNAPSHOT.jar:/home/user/.m2/repository/org/apache/commons/commons-compress/1.4.1/commons-compress-1.4.1.jar:/home/user/.m2/repository/org/tukaani/xz/1.0/xz-1.0.jar:/home/user/.m2/repository/org/apache/hadoop/hadoop-common/3.2.0/hadoop-common-3.2.0.jar:/home/user/.m2/repository/org/apache/hadoop/hadoop-hdfs/3.2.0/hadoop-hdfs-3.2.0.jar:/home/user/.m2/repository/org/apache/hadoop/hadoop-hdfs-client/3.2.0/hadoop-hdfs-client-3.2.0.jar:/home/user/.m2/repository/com/fasterxml/jackson/core/jackson-annotations/2.9.9/jackson-annotations-2.9.9.jar:/home/user/.m2/repository/org/apache/hadoop/hadoop-hdds-common/0.5.0-SNAPSHOT/hadoop-hdds-common-0.5.0-SNAPSHOT.jar:/home/user/.m2/repository/javax/annotation/javax.annotation-api/1.2/javax.annotation-api-1.2.jar:/home/user/.m2/repository/org/apache/ratis/ratis-server/0.5.0-3f446aa-SNAPSHOT/ratis-server-0.5.0-3f446aa-SNAPSHOT.jar:/home/user/.m2/repository/org/apache/ratis/ratis-thirdparty-misc/0.2.0/ratis-thirdparty-misc-0.2.0.jar:/home/user/.m2/repository/org/apache/ratis/ratis-proto/0.5.0-3f446aa-SNAPSHOT/ratis-proto-0.5.0-3f446aa-SNAPSHOT.jar:/home/user/.m2/repository/org/apache/ratis/ratis-common/0.5.0-3f446aa-SNAPSHOT/ratis-common-0.5.0-3f446aa-SNAPSHOT.jar:/home/user/.m2/repository/org/apache/ratis/ratis-client/0.5.0-3f446aa-SNAPSHOT/ratis-client-0.5.0-3f446aa-SNAPSHOT.jar:/home/user/.m2/repository/org/apache/ratis/ratis-metrics/0.5.0-3f446aa-SNAPSHOT/ratis-metrics-0.5.0-3f446aa-SNAPSHOT.jar:/home/user/.m2/repository/com/github/joshelser/dropwizard-metrics-hadoop-metrics2-reporter/0.1.2/dropwizard-metrics-hadoop-metrics2-reporter-0.1.2.jar:/home/user/.m2/repository/io/dropwizard/metrics/metrics-jvm/3.2.5/metrics-jvm-3.2.5.jar:/home/user/.m2/repository/io/dropwizard/metrics/metrics-ganglia/3.2.5/metrics-ganglia-3.2.5.jar:/home/user/.m2/repository/info/ganglia/gmetric4j/gmetric4j/1.0.7/gmetric4j-1.0.7.jar:/home/user/.m2/repository/org/apache/ratis/ratis-netty/0.5.0-3f446aa-SNAPSHOT/ratis-netty-0.5.0-3f446aa-SNAPSHOT.jar:/home/user/.m2/repository/org/apache/ratis/ratis-grpc/0.5.0-3f446aa-SNAPSHOT/ratis-grpc-0.5.0-3f446aa-SNAPSHOT.jar:/home/user/.m2/repository/org/rocksdb/rocksdbjni/6.0.1/rocksdbjni-6.0.1.jar:/home/user/.m2/repository/org/apache/logging/log4j/log4j-api/2.11.0/log4j-api-2.11.0.jar:/home/user/.m2/repository/org/apache/logging/log4j/log4j-core/2.11.0/log4j-core-2.11.0.jar:/home/user/.m2/repository/com/lmax/disruptor/3.4.2/disruptor-3.4.2.jar:/home/user/.m2/repository/org/apache/commons/commons-pool2/2.6.0/commons-pool2-2.6.0.jar:/home/user/.m2/repository/org/bouncycastle/bcpkix-jdk15on/1.60/bcpkix-jdk15on-1.60.jar:/home/user/.m2/repository/commons-validator/commons-validator/1.6/commons-validator-1.6.jar:/home/user/.m2/repository/commons-digester/commons-digester/1.8.1/commons-digester-1.8.1.jar:/home/user/.m2/repository/io/jaegertracing/jaeger-client/0.34.0/jaeger-client-0.34.0.jar:/home/user/.m2/repository/io/jaegertracing/jaeger-thrift/0.34.0/jaeger-thrift-0.34.0.jar:/home/user/.m2/repository/org/apache/thrift/libthrift/0.12.0/libthrift-0.12.0.jar:/home/user/.m2/repository/com/squareup/okhttp3/okhttp/3.9.0/okhttp-3.9.0.jar:/home/user/.m2/repository/com/squareup/okio/okio/1.13.0/okio-1.13.0.jar:/home/user/.m2/repository/io/jaegertracing/jaeger-core/0.34.0/jaeger-core-0.34.0.jar:/home/user/.m2/repository/io/jaegertracing/jaeger-tracerresolver/0.34.0/jaeger-tracerresolver-0.34.0.jar:/home/user/.m2/repository/io/opentracing/contrib/opentracing-tracerresolver/0.1.5/opentracing-tracerresolver-0.1.5.jar:/home/user/.m2/repository/io/opentracing/opentracing-util/0.31.0/opentracing-util-0.31.0.jar:/home/user/.m2/repository/io/opentracing/opentracing-api/0.31.0/opentracing-api-0.31.0.jar:/home/user/.m2/repository/io/opentracing/opentracing-noop/0.31.0/opentracing-noop-0.31.0.jar:/home/user/.m2/repository/org/apache/hadoop/hadoop-hdds-server-framework/0.5.0-SNAPSHOT/hadoop-hdds-server-framework-0.5.0-SNAPSHOT.jar:/home/user/.m2/repository/org/apache/hadoop/hadoop-hdds-container-service/0.5.0-SNAPSHOT/hadoop-hdds-container-service-0.5.0-SNAPSHOT.jar:/home/user/.m2/repository/org/apache/hadoop/hadoop-hdds-client/0.5.0-SNAPSHOT/hadoop-hdds-client-0.5.0-SNAPSHOT.jar:/home/user/.m2/repository/org/apache/hadoop/hadoop-hdds-tools/0.5.0-SNAPSHOT/hadoop-hdds-tools-0.5.0-SNAPSHOT.jar:/home/user/.m2/repository/org/apache/hadoop/hadoop-hdds-server-scm/0.5.0-SNAPSHOT/hadoop-hdds-server-scm-0.5.0-SNAPSHOT.jar:/home/user/.m2/repository/org/apache/hadoop/hadoop-hdds-docs/0.5.0-SNAPSHOT/hadoop-hdds-docs-0.5.0-SNAPSHOT.jar:/home/user/.m2/repository/io/dropwizard/metrics/metrics-core/3.2.4/metrics-core-3.2.4.jar:/home/user/.m2/repository/org/hamcrest/hamcrest-all/1.3/hamcrest-all-1.3.jar:/home/user/.m2/repository/org/bouncycastle/bcprov-jdk15on/1.60/bcprov-jdk15on-1.60.jar:/home/user/.m2/repository/info/picocli/picocli/3.9.6/picocli-3.9.6.jar:/home/user/.m2/repository/com/google/protobuf/protobuf-java/2.5.0/protobuf-java-2.5.0.jar:/home/user/.m2/repository/com/google/guava/guava/11.0.2/guava-11.0.2.jar:/home/user/.m2/repository/org/apache/hadoop/hadoop-ozone-ozone-manager/0.5.0-SNAPSHOT/hadoop-ozone-ozone-manager-0.5.0-SNAPSHOT.jar:/home/user/.m2/repository/org/apache/hadoop/hadoop-minikdc/3.2.0/hadoop-minikdc-3.2.0.jar:/home/user/.m2/repository/commons-io/commons-io/2.5/commons-io-2.5.jar:/home/user/.m2/repository/org/apache/kerby/kerb-simplekdc/1.0.1/kerb-simplekdc-1.0.1.jar:/home/user/.m2/repository/org/apache/kerby/kerb-client/1.0.1/kerb-client-1.0.1.jar:/home/user/.m2/repository/org/apache/kerby/kerby-config/1.0.1/kerby-config-1.0.1.jar:/home/user/.m2/repository/org/apache/kerby/kerb-core/1.0.1/kerb-core-1.0.1.jar:/home/user/.m2/repository/org/apache/kerby/kerby-pkix/1.0.1/kerby-pkix-1.0.1.jar:/home/user/.m2/repository/org/apache/kerby/kerby-asn1/1.0.1/kerby-asn1-1.0.1.jar:/home/user/.m2/repository/org/apache/kerby/kerby-util/1.0.1/kerby-util-1.0.1.jar:/home/user/.m2/repository/org/apache/kerby/kerb-common/1.0.1/kerb-common-1.0.1.jar:/home/user/.m2/repository/org/apache/kerby/kerb-crypto/1.0.1/kerb-crypto-1.0.1.jar:/home/user/.m2/repository/org/apache/kerby/kerb-util/1.0.1/kerb-util-1.0.1.jar:/home/user/.m2/repository/org/apache/kerby/token-provider/1.0.1/token-provider-1.0.1.jar:/home/user/.m2/repository/org/apache/kerby/kerb-admin/1.0.1/kerb-admin-1.0.1.jar:/home/user/.m2/repository/org/apache/kerby/kerb-server/1.0.1/kerb-server-1.0.1.jar:/home/user/.m2/repository/org/apache/kerby/kerb-identity/1.0.1/kerb-identity-1.0.1.jar:/home/user/.m2/repository/org/apache/kerby/kerby-xdr/1.0.1/kerby-xdr-1.0.1.jar:/home/user/.m2/repository/org/slf4j/slf4j-log4j12/1.7.25/slf4j-log4j12-1.7.25.jar:/home/user/.m2/repository/org/apache/hadoop/hadoop-ozone-s3gateway/0.5.0-SNAPSHOT/hadoop-ozone-s3gateway-0.5.0-SNAPSHOT.jar:/home/user/.m2/repository/org/jboss/weld/servlet/weld-servlet/2.4.7.Final/weld-servlet-2.4.7.Final.jar:/home/user/.m2/repository/org/glassfish/jersey/containers/jersey-container-servlet-core/2.27/jersey-container-servlet-core-2.27.jar:/home/user/.m2/repository/org/glassfish/hk2/external/javax.inject/2.5.0-b42/javax.inject-2.5.0-b42.jar:/home/user/.m2/repository/org/glassfish/jersey/core/jersey-common/2.27/jersey-common-2.27.jar:/home/user/.m2/repository/org/glassfish/hk2/osgi-resource-locator/1.0.1/osgi-resource-locator-1.0.1.jar:/home/user/.m2/repository/javax/ws/rs/javax.ws.rs-api/2.1/javax.ws.rs-api-2.1.jar:/home/user/.m2/repository/org/glassfish/jersey/ext/cdi/jersey-cdi1x/2.27/jersey-cdi1x-2.27.jar:/home/user/.m2/repository/org/glassfish/jersey/inject/jersey-hk2/2.27/jersey-hk2-2.27.jar:/home/user/.m2/repository/org/glassfish/hk2/hk2-locator/2.5.0-b42/hk2-locator-2.5.0-b42.jar:/home/user/.m2/repository/org/javassist/javassist/3.22.0-CR2/javassist-3.22.0-CR2.jar:/home/user/.m2/repository/org/glassfish/hk2/hk2-api/2.5.0/hk2-api-2.5.0.jar:/home/user/.m2/repository/org/glassfish/hk2/external/jakarta.inject/2.5.0/jakarta.inject-2.5.0.jar:/home/user/.m2/repository/org/glassfish/hk2/hk2-utils/2.5.0/hk2-utils-2.5.0.jar:/home/user/.m2/repository/jakarta/annotation/jakarta.annotation-api/1.3.4/jakarta.annotation-api-1.3.4.jar:/home/user/.m2/repository/org/glassfish/hk2/external/aopalliance-repackaged/2.5.0/aopalliance-repackaged-2.5.0.jar:/home/user/.m2/repository/com/fasterxml/jackson/dataformat/jackson-dataformat-xml/2.9.0/jackson-dataformat-xml-2.9.0.jar:/home/user/.m2/repository/com/fasterxml/jackson/core/jackson-core/2.9.9/jackson-core-2.9.9.jar:/home/user/.m2/repository/com/fasterxml/jackson/module/jackson-module-jaxb-annotations/2.9.9/jackson-module-jaxb-annotations-2.9.9.jar:/home/user/.m2/repository/javax/enterprise/cdi-api/1.2/cdi-api-1.2.jar:/home/user/.m2/repository/javax/el/javax.el-api/3.0.0/javax.el-api-3.0.0.jar:/home/user/.m2/repository/javax/interceptor/javax.interceptor-api/1.2/javax.interceptor-api-1.2.jar:/home/user/.m2/repository/javax/inject/javax.inject/1/javax.inject-1.jar:/home/user/.m2/repository/com/sun/xml/bind/jaxb-impl/2.3.0.1/jaxb-impl-2.3.0.1.jar:/home/user/.m2/repository/com/sun/xml/bind/jaxb-core/2.3.0.1/jaxb-core-2.3.0.1.jar:/home/user/.m2/repository/javax/xml/bind/jaxb-api/2.3.0/jaxb-api-2.3.0.jar:/home/user/.m2/repository/javax/activation/activation/1.1.1/activation-1.1.1.jar:/home/user/.m2/repository/org/apache/hadoop/hadoop-ozone-csi/0.5.0-SNAPSHOT/hadoop-ozone-csi-0.5.0-SNAPSHOT.jar:/home/user/.m2/repository/com/google/protobuf/protobuf-java-util/3.5.1/protobuf-java-util-3.5.1.jar:/home/user/.m2/repository/org/apache/hadoop/hadoop-hdds-config/0.5.0-SNAPSHOT/hadoop-hdds-config-0.5.0-SNAPSHOT.jar:/home/user/.m2/repository/io/grpc/grpc-netty/1.17.1/grpc-netty-1.17.1.jar:/home/user/.m2/repository/io/grpc/grpc-core/1.17.1/grpc-core-1.17.1.jar:/home/user/.m2/repository/io/grpc/grpc-context/1.17.1/grpc-context-1.17.1.jar:/home/user/.m2/repository/com/google/errorprone/error_prone_annotations/2.2.0/error_prone_annotations-2.2.0.jar:/home/user/.m2/repository/org/codehaus/mojo/animal-sniffer-annotations/1.17/animal-sniffer-annotations-1.17.jar:/home/user/.m2/repository/io/opencensus/opencensus-api/0.17.0/opencensus-api-0.17.0.jar:/home/user/.m2/repository/io/opencensus/opencensus-contrib-grpc-metrics/0.17.0/opencensus-contrib-grpc-metrics-0.17.0.jar:/home/user/.m2/repository/io/netty/netty-codec-http2/4.1.30.Final/netty-codec-http2-4.1.30.Final.jar:/home/user/.m2/repository/io/netty/netty-codec-http/4.1.30.Final/netty-codec-http-4.1.30.Final.jar:/home/user/.m2/repository/io/netty/netty-codec/4.1.30.Final/netty-codec-4.1.30.Final.jar:/home/user/.m2/repository/io/netty/netty-handler/4.1.30.Final/netty-handler-4.1.30.Final.jar:/home/user/.m2/repository/io/netty/netty-handler-proxy/4.1.30.Final/netty-handler-proxy-4.1.30.Final.jar:/home/user/.m2/repository/io/netty/netty-codec-socks/4.1.30.Final/netty-codec-socks-4.1.30.Final.jar:/home/user/.m2/repository/io/netty/netty-transport-native-epoll/4.1.30.Final/netty-transport-native-epoll-4.1.30.Final.jar:/home/user/.m2/repository/io/netty/netty-common/4.1.30.Final/netty-common-4.1.30.Final.jar:/home/user/.m2/repository/io/netty/netty-buffer/4.1.30.Final/netty-buffer-4.1.30.Final.jar:/home/user/.m2/repository/io/netty/netty-transport/4.1.30.Final/netty-transport-4.1.30.Final.jar:/home/user/.m2/repository/io/netty/netty-resolver/4.1.30.Final/netty-resolver-4.1.30.Final.jar:/home/user/.m2/repository/io/netty/netty-transport-native-unix-common/4.1.30.Final/netty-transport-native-unix-common-4.1.30.Final.jar:/home/user/.m2/repository/io/grpc/grpc-protobuf/1.17.1/grpc-protobuf-1.17.1.jar:/home/user/.m2/repository/com/google/api/grpc/proto-google-common-protos/1.0.0/proto-google-common-protos-1.0.0.jar:/home/user/.m2/repository/io/grpc/grpc-protobuf-lite/1.17.1/grpc-protobuf-lite-1.17.1.jar:/home/user/.m2/repository/io/grpc/grpc-stub/1.17.1/grpc-stub-1.17.1.jar:/home/user/.m2/repository/org/apache/hadoop/hadoop-ozone-recon/0.5.0-SNAPSHOT/hadoop-ozone-recon-0.5.0-SNAPSHOT.jar:/home/user/.m2/repository/org/apache/hadoop/hadoop-ozone-reconcodegen/0.5.0-SNAPSHOT/hadoop-ozone-reconcodegen-0.5.0-SNAPSHOT.jar:/home/user/.m2/repository/com/google/inject/extensions/guice-multibindings/4.0/guice-multibindings-4.0.jar:/home/user/.m2/repository/com/google/inject/guice/4.0/guice-4.0.jar:/home/user/.m2/repository/aopalliance/aopalliance/1.0/aopalliance-1.0.jar:/home/user/.m2/repository/com/google/inject/extensions/guice-servlet/4.0/guice-servlet-4.0.jar:/home/user/.m2/repository/org/glassfish/jersey/containers/jersey-container-servlet/2.27/jersey-container-servlet-2.27.jar:/home/user/.m2/repository/org/glassfish/hk2/guice-bridge/2.5.0/guice-bridge-2.5.0.jar:/home/user/.m2/repository/org/glassfish/jersey/core/jersey-server/2.27/jersey-server-2.27.jar:/home/user/.m2/repository/org/glassfish/jersey/core/jersey-client/2.27/jersey-client-2.27.jar:/home/user/.m2/repository/org/glassfish/jersey/media/jersey-media-jaxb/2.27/jersey-media-jaxb-2.27.jar:/home/user/.m2/repository/javax/validation/validation-api/1.1.0.Final/validation-api-1.1.0.Final.jar:/home/user/.m2/repository/org/glassfish/jersey/media/jersey-media-json-jackson/2.27/jersey-media-json-jackson-2.27.jar:/home/user/.m2/repository/org/glassfish/jersey/ext/jersey-entity-filtering/2.27/jersey-entity-filtering-2.27.jar:/home/user/.m2/repository/com/google/inject/extensions/guice-assistedinject/4.0/guice-assistedinject-4.0.jar:/home/user/.m2/repository/org/jooq/jooq/3.11.10/jooq-3.11.10.jar:/home/user/.m2/repository/org/jooq/jooq-meta/3.11.10/jooq-meta-3.11.10.jar:/home/user/.m2/repository/org/jooq/jooq-codegen/3.11.10/jooq-codegen-3.11.10.jar:/home/user/.m2/repository/com/jolbox/bonecp/0.8.0.RELEASE/bonecp-0.8.0.RELEASE.jar:/home/user/.m2/repository/org/xerial/sqlite-jdbc/3.25.2/sqlite-jdbc-3.25.2.jar:/home/user/.m2/repository/org/springframework/spring-jdbc/5.1.3.RELEASE/spring-jdbc-5.1.3.RELEASE.jar:/home/user/.m2/repository/org/springframework/spring-beans/5.1.3.RELEASE/spring-beans-5.1.3.RELEASE.jar:/home/user/.m2/repository/org/springframework/spring-core/5.1.3.RELEASE/spring-core-5.1.3.RELEASE.jar:/home/user/.m2/repository/org/springframework/spring-jcl/5.1.3.RELEASE/spring-jcl-5.1.3.RELEASE.jar:/home/user/.m2/repository/org/springframework/spring-tx/5.1.3.RELEASE/spring-tx-5.1.3.RELEASE.jar:/home/user/.m2/repository/org/apache/hadoop/hadoop-ozone-client/0.5.0-SNAPSHOT/hadoop-ozone-client-0.5.0-SNAPSHOT.jar:/home/user/.m2/repository/commons-lang/commons-lang/2.6/commons-lang-2.6.jar:/home/user/.m2/repository/org/apache/hadoop/hadoop-ozone-ozone-manager/0.5.0-SNAPSHOT/hadoop-ozone-ozone-manager-0.5.0-SNAPSHOT-tests.jar:/home/user/.m2/repository/junit/junit/4.11/junit-4.11.jar:/home/user/.m2/repository/org/hamcrest/hamcrest-core/1.3/hamcrest-core-1.3.jar:/home/user/.m2/repository/org/openjdk/jmh/jmh-core/1.19/jmh-core-1.19.jar:/home/user/.m2/repository/net/sf/jopt-simple/jopt-simple/4.6/jopt-simple-4.6.jar:/home/user/.m2/repository/org/apache/commons/commons-math3/3.1.1/commons-math3-3.1.1.jar:/home/user/.m2/repository/org/openjdk/jmh/jmh-generator-annprocess/1.19/jmh-generator-annprocess-1.19.jar:/home/user/.m2/repository/org/mockito/mockito-all/1.8.5/mockito-all-1.8.5.jar:/home/user/.m2/repository/org/apache/hadoop/hadoop-kms/3.2.0/hadoop-kms-3.2.0.jar:/home/user/.m2/repository/org/apache/hadoop/hadoop-auth/3.2.0/hadoop-auth-3.2.0.jar:/home/user/.m2/repository/com/nimbusds/nimbus-jose-jwt/4.41.1/nimbus-jose-jwt-4.41.1.jar:/home/user/.m2/repository/com/github/stephenc/jcip/jcip-annotations/1.0-1/jcip-annotations-1.0-1.jar:/home/user/.m2/repository/net/minidev/json-smart/2.3/json-smart-2.3.jar:/home/user/.m2/repository/net/minidev/accessors-smart/1.2/accessors-smart-1.2.jar:/home/user/.m2/repository/org/ow2/asm/asm/5.0.4/asm-5.0.4.jar:/home/user/.m2/repository/org/apache/curator/curator-framework/2.12.0/curator-framework-2.12.0.jar:/home/user/.m2/repository/com/sun/jersey/jersey-core/1.19/jersey-core-1.19.jar:/home/user/.m2/repository/javax/ws/rs/jsr311-api/1.1.1/jsr311-api-1.1.1.jar:/home/user/.m2/repository/com/sun/jersey/jersey-server/1.19/jersey-server-1.19.jar:/home/user/.m2/repository/javax/servlet/javax.servlet-api/3.1.0/javax.servlet-api-3.1.0.jar:/home/user/.m2/repository/org/eclipse/jetty/jetty-server/9.3.25.v20180904/jetty-server-9.3.25.v20180904.jar:/home/user/.m2/repository/org/eclipse/jetty/jetty-http/9.3.25.v20180904/jetty-http-9.3.25.v20180904.jar:/home/user/.m2/repository/org/eclipse/jetty/jetty-io/9.3.25.v20180904/jetty-io-9.3.25.v20180904.jar:/home/user/.m2/repository/org/eclipse/jetty/jetty-webapp/9.3.25.v20180904/jetty-webapp-9.3.25.v20180904.jar:/home/user/.m2/repository/org/eclipse/jetty/jetty-xml/9.3.25.v20180904/jetty-xml-9.3.25.v20180904.jar:/home/user/.m2/repository/log4j/log4j/1.2.17/log4j-1.2.17.jar:/home/user/.m2/repository/org/slf4j/slf4j-api/1.7.25/slf4j-api-1.7.25.jar:/home/user/.m2/repository/org/slf4j/jul-to-slf4j/1.7.25/jul-to-slf4j-1.7.25.jar:/home/user/.m2/repository/org/eclipse/jetty/jetty-util/9.3.25.v20180904/jetty-util-9.3.25.v20180904.jar:/home/user/.m2/repository/com/fasterxml/jackson/core/jackson-databind/2.9.9/jackson-databind-2.9.9.jar:/home/user/.m2/repository/org/apache/hadoop/hadoop-kms/3.2.0/hadoop-kms-3.2.0-tests.jar:/home/user/.m2/repository/org/apache/hadoop/hadoop-hdds-server-scm/0.5.0-SNAPSHOT/hadoop-hdds-server-scm-0.5.0-SNAPSHOT-tests.jar:/home/user/.m2/repository/org/apache/hadoop/hadoop-hdds-container-service/0.5.0-SNAPSHOT/hadoop-hdds-container-service-0.5.0-SNAPSHOT-tests.jar:/home/user/.m2/repository/org/yaml/snakeyaml/1.16/snakeyaml-1.16.jar:/home/user/.m2/repository/org/apache/hadoop/hadoop-common/3.2.0/hadoop-common-3.2.0-tests.jar:/home/user/.m2/repository/org/apache/hadoop/hadoop-annotations/3.2.0/hadoop-annotations-3.2.0.jar:/usr/lib/jvm/java-1.8.0-openjdk-1.8.0.222.b10-1.el7_7.x86_64/jre/../lib/tools.jar:/home/user/.m2/repository/commons-cli/commons-cli/1.2/commons-cli-1.2.jar:/home/user/.m2/repository/org/apache/httpcomponents/httpclient/4.5.2/httpclient-4.5.2.jar:/home/user/.m2/repository/org/apache/httpcomponents/httpcore/4.4.4/httpcore-4.4.4.jar:/home/user/.m2/repository/commons-codec/commons-codec/1.11/commons-codec-1.11.jar:/home/user/.m2/repository/commons-net/commons-net/3.6/commons-net-3.6.jar:/home/user/.m2/repository/commons-collections/commons-collections/3.2.2/commons-collections-3.2.2.jar:/home/user/.m2/repository/org/eclipse/jetty/jetty-servlet/9.3.25.v20180904/jetty-servlet-9.3.25.v20180904.jar:/home/user/.m2/repository/org/eclipse/jetty/jetty-security/9.3.25.v20180904/jetty-security-9.3.25.v20180904.jar:/home/user/.m2/repository/javax/servlet/jsp/jsp-api/2.1/jsp-api-2.1.jar:/home/user/.m2/repository/com/sun/jersey/jersey-servlet/1.19/jersey-servlet-1.19.jar:/home/user/.m2/repository/com/sun/jersey/jersey-json/1.19/jersey-json-1.19.jar:/home/user/.m2/repository/org/codehaus/jettison/jettison/1.1/jettison-1.1.jar:/home/user/.m2/repository/org/codehaus/jackson/jackson-core-asl/1.9.13/jackson-core-asl-1.9.13.jar:/home/user/.m2/repository/org/codehaus/jackson/jackson-mapper-asl/1.9.13/jackson-mapper-asl-1.9.13.jar:/home/user/.m2/repository/org/codehaus/jackson/jackson-jaxrs/1.9.13/jackson-jaxrs-1.9.13.jar:/home/user/.m2/repository/org/codehaus/jackson/jackson-xc/1.9.13/jackson-xc-1.9.13.jar:/home/user/.m2/repository/commons-logging/commons-logging/1.1.3/commons-logging-1.1.3.jar:/home/user/.m2/repository/commons-beanutils/commons-beanutils/1.9.4/commons-beanutils-1.9.4.jar:/home/user/.m2/repository/org/apache/commons/commons-configuration2/2.1.1/commons-configuration2-2.1.1.jar:/home/user/.m2/repository/org/apache/commons/commons-lang3/3.7/commons-lang3-3.7.jar:/home/user/.m2/repository/org/apache/commons/commons-text/1.4/commons-text-1.4.jar:/home/user/.m2/repository/org/apache/avro/avro/1.7.7/avro-1.7.7.jar:/home/user/.m2/repository/com/thoughtworks/paranamer/paranamer/2.3/paranamer-2.3.jar:/home/user/.m2/repository/org/xerial/snappy/snappy-java/1.0.5/snappy-java-1.0.5.jar:/home/user/.m2/repository/com/google/re2j/re2j/1.1/re2j-1.1.jar:/home/user/.m2/repository/com/google/code/gson/gson/2.2.4/gson-2.2.4.jar:/home/user/.m2/repository/com/jcraft/jsch/0.1.54/jsch-0.1.54.jar:/home/user/.m2/repository/org/apache/curator/curator-client/2.12.0/curator-client-2.12.0.jar:/home/user/.m2/repository/org/apache/curator/curator-recipes/2.12.0/curator-recipes-2.12.0.jar:/home/user/.m2/repository/com/google/code/findbugs/jsr305/3.0.0/jsr305-3.0.0.jar:/home/user/.m2/repository/org/apache/htrace/htrace-core4/4.1.0-incubating/htrace-core4-4.1.0-incubating.jar:/home/user/.m2/repository/org/apache/zookeeper/zookeeper/3.4.13/zookeeper-3.4.13.jar:/home/user/.m2/repository/jline/jline/0.9.94/jline-0.9.94.jar:/home/user/.m2/repository/org/apache/yetus/audience-annotations/0.5.0/audience-annotations-0.5.0.jar:/home/user/.m2/repository/org/codehaus/woodstox/stax2-api/3.1.4/stax2-api-3.1.4.jar:/home/user/.m2/repository/com/fasterxml/woodstox/woodstox-core/5.0.3/woodstox-core-5.0.3.jar:/home/user/.m2/repository/dnsjava/dnsjava/2.1.7/dnsjava-2.1.7.jar:/home/user/.m2/repository/org/apache/hadoop/hadoop-hdfs/3.2.0/hadoop-hdfs-3.2.0-tests.jar:/home/user/.m2/repository/org/eclipse/jetty/jetty-util-ajax/9.3.25.v20180904/jetty-util-ajax-9.3.25.v20180904.jar:/home/user/.m2/repository/commons-daemon/commons-daemon/1.0.13/commons-daemon-1.0.13.jar:/home/user/.m2/repository/io/netty/netty/3.10.5.Final/netty-3.10.5.Final.jar:/home/user/.m2/repository/io/netty/netty-all/4.0.52.Final/netty-all-4.0.52.Final.jar:/home/user/.m2/repository/org/fusesource/leveldbjni/leveldbjni-all/1.8/leveldbjni-all-1.8.jar:"/>
    <property name="java.vm.vendor" value="Oracle Corporation"/>
    <property name="sun.arch.data.model" value="64"/>
    <property name="test.build.dir" value="/workdir/hadoop-ozone/integration-test/target/test-dir"/>
    <property name="test.cache.data" value=""/>
    <property name="java.vendor.url" value="http://java.oracle.com/"/>
    <property name="user.timezone" value=""/>
    <property name="java.vm.specification.version" value="1.8"/>
    <property name="os.name" value="Linux"/>
    <property name="test.build.data" value="/workdir/hadoop-ozone/integration-test/target/test-dir"/>
    <property name="user.country" value="US"/>
    <property name="sun.java.launcher" value="SUN_STANDARD"/>
    <property name="sun.boot.library.path" value="/usr/lib/jvm/java-1.8.0-openjdk-1.8.0.222.b10-1.el7_7.x86_64/jre/lib/amd64"/>
    <property name="sun.java.command" value="/workdir/hadoop-ozone/integration-test/target/surefire/surefirebooter6147900148807741134.jar /workdir/hadoop-ozone/integration-test/target/surefire 2019-10-21T21-03-38_375-jvmRun1 surefire8457349599530159732tmp surefire_425815659844865108648tmp"/>
    <property name="surefire.test.class.path" value="/workdir/hadoop-ozone/integration-test/target/test-classes:/workdir/hadoop-ozone/integration-test/target/classes:/home/user/.m2/repository/org/apache/hadoop/hadoop-ozone-common/0.5.0-SNAPSHOT/hadoop-ozone-common-0.5.0-SNAPSHOT.jar:/home/user/.m2/repository/org/apache/commons/commons-compress/1.4.1/commons-compress-1.4.1.jar:/home/user/.m2/repository/org/tukaani/xz/1.0/xz-1.0.jar:/home/user/.m2/repository/org/apache/hadoop/hadoop-common/3.2.0/hadoop-common-3.2.0.jar:/home/user/.m2/repository/org/apache/hadoop/hadoop-hdfs/3.2.0/hadoop-hdfs-3.2.0.jar:/home/user/.m2/repository/org/apache/hadoop/hadoop-hdfs-client/3.2.0/hadoop-hdfs-client-3.2.0.jar:/home/user/.m2/repository/com/fasterxml/jackson/core/jackson-annotations/2.9.9/jackson-annotations-2.9.9.jar:/home/user/.m2/repository/org/apache/hadoop/hadoop-hdds-common/0.5.0-SNAPSHOT/hadoop-hdds-common-0.5.0-SNAPSHOT.jar:/home/user/.m2/repository/javax/annotation/javax.annotation-api/1.2/javax.annotation-api-1.2.jar:/home/user/.m2/repository/org/apache/ratis/ratis-server/0.5.0-3f446aa-SNAPSHOT/ratis-server-0.5.0-3f446aa-SNAPSHOT.jar:/home/user/.m2/repository/org/apache/ratis/ratis-thirdparty-misc/0.2.0/ratis-thirdparty-misc-0.2.0.jar:/home/user/.m2/repository/org/apache/ratis/ratis-proto/0.5.0-3f446aa-SNAPSHOT/ratis-proto-0.5.0-3f446aa-SNAPSHOT.jar:/home/user/.m2/repository/org/apache/ratis/ratis-common/0.5.0-3f446aa-SNAPSHOT/ratis-common-0.5.0-3f446aa-SNAPSHOT.jar:/home/user/.m2/repository/org/apache/ratis/ratis-client/0.5.0-3f446aa-SNAPSHOT/ratis-client-0.5.0-3f446aa-SNAPSHOT.jar:/home/user/.m2/repository/org/apache/ratis/ratis-metrics/0.5.0-3f446aa-SNAPSHOT/ratis-metrics-0.5.0-3f446aa-SNAPSHOT.jar:/home/user/.m2/repository/com/github/joshelser/dropwizard-metrics-hadoop-metrics2-reporter/0.1.2/dropwizard-metrics-hadoop-metrics2-reporter-0.1.2.jar:/home/user/.m2/repository/io/dropwizard/metrics/metrics-jvm/3.2.5/metrics-jvm-3.2.5.jar:/home/user/.m2/repository/io/dropwizard/metrics/metrics-ganglia/3.2.5/metrics-ganglia-3.2.5.jar:/home/user/.m2/repository/info/ganglia/gmetric4j/gmetric4j/1.0.7/gmetric4j-1.0.7.jar:/home/user/.m2/repository/org/apache/ratis/ratis-netty/0.5.0-3f446aa-SNAPSHOT/ratis-netty-0.5.0-3f446aa-SNAPSHOT.jar:/home/user/.m2/repository/org/apache/ratis/ratis-grpc/0.5.0-3f446aa-SNAPSHOT/ratis-grpc-0.5.0-3f446aa-SNAPSHOT.jar:/home/user/.m2/repository/org/rocksdb/rocksdbjni/6.0.1/rocksdbjni-6.0.1.jar:/home/user/.m2/repository/org/apache/logging/log4j/log4j-api/2.11.0/log4j-api-2.11.0.jar:/home/user/.m2/repository/org/apache/logging/log4j/log4j-core/2.11.0/log4j-core-2.11.0.jar:/home/user/.m2/repository/com/lmax/disruptor/3.4.2/disruptor-3.4.2.jar:/home/user/.m2/repository/org/apache/commons/commons-pool2/2.6.0/commons-pool2-2.6.0.jar:/home/user/.m2/repository/org/bouncycastle/bcpkix-jdk15on/1.60/bcpkix-jdk15on-1.60.jar:/home/user/.m2/repository/commons-validator/commons-validator/1.6/commons-validator-1.6.jar:/home/user/.m2/repository/commons-digester/commons-digester/1.8.1/commons-digester-1.8.1.jar:/home/user/.m2/repository/io/jaegertracing/jaeger-client/0.34.0/jaeger-client-0.34.0.jar:/home/user/.m2/repository/io/jaegertracing/jaeger-thrift/0.34.0/jaeger-thrift-0.34.0.jar:/home/user/.m2/repository/org/apache/thrift/libthrift/0.12.0/libthrift-0.12.0.jar:/home/user/.m2/repository/com/squareup/okhttp3/okhttp/3.9.0/okhttp-3.9.0.jar:/home/user/.m2/repository/com/squareup/okio/okio/1.13.0/okio-1.13.0.jar:/home/user/.m2/repository/io/jaegertracing/jaeger-core/0.34.0/jaeger-core-0.34.0.jar:/home/user/.m2/repository/io/jaegertracing/jaeger-tracerresolver/0.34.0/jaeger-tracerresolver-0.34.0.jar:/home/user/.m2/repository/io/opentracing/contrib/opentracing-tracerresolver/0.1.5/opentracing-tracerresolver-0.1.5.jar:/home/user/.m2/repository/io/opentracing/opentracing-util/0.31.0/opentracing-util-0.31.0.jar:/home/user/.m2/repository/io/opentracing/opentracing-api/0.31.0/opentracing-api-0.31.0.jar:/home/user/.m2/repository/io/opentracing/opentracing-noop/0.31.0/opentracing-noop-0.31.0.jar:/home/user/.m2/repository/org/apache/hadoop/hadoop-hdds-server-framework/0.5.0-SNAPSHOT/hadoop-hdds-server-framework-0.5.0-SNAPSHOT.jar:/home/user/.m2/repository/org/apache/hadoop/hadoop-hdds-container-service/0.5.0-SNAPSHOT/hadoop-hdds-container-service-0.5.0-SNAPSHOT.jar:/home/user/.m2/repository/org/apache/hadoop/hadoop-hdds-client/0.5.0-SNAPSHOT/hadoop-hdds-client-0.5.0-SNAPSHOT.jar:/home/user/.m2/repository/org/apache/hadoop/hadoop-hdds-tools/0.5.0-SNAPSHOT/hadoop-hdds-tools-0.5.0-SNAPSHOT.jar:/home/user/.m2/repository/org/apache/hadoop/hadoop-hdds-server-scm/0.5.0-SNAPSHOT/hadoop-hdds-server-scm-0.5.0-SNAPSHOT.jar:/home/user/.m2/repository/org/apache/hadoop/hadoop-hdds-docs/0.5.0-SNAPSHOT/hadoop-hdds-docs-0.5.0-SNAPSHOT.jar:/home/user/.m2/repository/io/dropwizard/metrics/metrics-core/3.2.4/metrics-core-3.2.4.jar:/home/user/.m2/repository/org/hamcrest/hamcrest-all/1.3/hamcrest-all-1.3.jar:/home/user/.m2/repository/org/bouncycastle/bcprov-jdk15on/1.60/bcprov-jdk15on-1.60.jar:/home/user/.m2/repository/info/picocli/picocli/3.9.6/picocli-3.9.6.jar:/home/user/.m2/repository/com/google/protobuf/protobuf-java/2.5.0/protobuf-java-2.5.0.jar:/home/user/.m2/repository/com/google/guava/guava/11.0.2/guava-11.0.2.jar:/home/user/.m2/repository/org/apache/hadoop/hadoop-ozone-ozone-manager/0.5.0-SNAPSHOT/hadoop-ozone-ozone-manager-0.5.0-SNAPSHOT.jar:/home/user/.m2/repository/org/apache/hadoop/hadoop-minikdc/3.2.0/hadoop-minikdc-3.2.0.jar:/home/user/.m2/repository/commons-io/commons-io/2.5/commons-io-2.5.jar:/home/user/.m2/repository/org/apache/kerby/kerb-simplekdc/1.0.1/kerb-simplekdc-1.0.1.jar:/home/user/.m2/repository/org/apache/kerby/kerb-client/1.0.1/kerb-client-1.0.1.jar:/home/user/.m2/repository/org/apache/kerby/kerby-config/1.0.1/kerby-config-1.0.1.jar:/home/user/.m2/repository/org/apache/kerby/kerb-core/1.0.1/kerb-core-1.0.1.jar:/home/user/.m2/repository/org/apache/kerby/kerby-pkix/1.0.1/kerby-pkix-1.0.1.jar:/home/user/.m2/repository/org/apache/kerby/kerby-asn1/1.0.1/kerby-asn1-1.0.1.jar:/home/user/.m2/repository/org/apache/kerby/kerby-util/1.0.1/kerby-util-1.0.1.jar:/home/user/.m2/repository/org/apache/kerby/kerb-common/1.0.1/kerb-common-1.0.1.jar:/home/user/.m2/repository/org/apache/kerby/kerb-crypto/1.0.1/kerb-crypto-1.0.1.jar:/home/user/.m2/repository/org/apache/kerby/kerb-util/1.0.1/kerb-util-1.0.1.jar:/home/user/.m2/repository/org/apache/kerby/token-provider/1.0.1/token-provider-1.0.1.jar:/home/user/.m2/repository/org/apache/kerby/kerb-admin/1.0.1/kerb-admin-1.0.1.jar:/home/user/.m2/repository/org/apache/kerby/kerb-server/1.0.1/kerb-server-1.0.1.jar:/home/user/.m2/repository/org/apache/kerby/kerb-identity/1.0.1/kerb-identity-1.0.1.jar:/home/user/.m2/repository/org/apache/kerby/kerby-xdr/1.0.1/kerby-xdr-1.0.1.jar:/home/user/.m2/repository/org/slf4j/slf4j-log4j12/1.7.25/slf4j-log4j12-1.7.25.jar:/home/user/.m2/repository/org/apache/hadoop/hadoop-ozone-s3gateway/0.5.0-SNAPSHOT/hadoop-ozone-s3gateway-0.5.0-SNAPSHOT.jar:/home/user/.m2/repository/org/jboss/weld/servlet/weld-servlet/2.4.7.Final/weld-servlet-2.4.7.Final.jar:/home/user/.m2/repository/org/glassfish/jersey/containers/jersey-container-servlet-core/2.27/jersey-container-servlet-core-2.27.jar:/home/user/.m2/repository/org/glassfish/hk2/external/javax.inject/2.5.0-b42/javax.inject-2.5.0-b42.jar:/home/user/.m2/repository/org/glassfish/jersey/core/jersey-common/2.27/jersey-common-2.27.jar:/home/user/.m2/repository/org/glassfish/hk2/osgi-resource-locator/1.0.1/osgi-resource-locator-1.0.1.jar:/home/user/.m2/repository/javax/ws/rs/javax.ws.rs-api/2.1/javax.ws.rs-api-2.1.jar:/home/user/.m2/repository/org/glassfish/jersey/ext/cdi/jersey-cdi1x/2.27/jersey-cdi1x-2.27.jar:/home/user/.m2/repository/org/glassfish/jersey/inject/jersey-hk2/2.27/jersey-hk2-2.27.jar:/home/user/.m2/repository/org/glassfish/hk2/hk2-locator/2.5.0-b42/hk2-locator-2.5.0-b42.jar:/home/user/.m2/repository/org/javassist/javassist/3.22.0-CR2/javassist-3.22.0-CR2.jar:/home/user/.m2/repository/org/glassfish/hk2/hk2-api/2.5.0/hk2-api-2.5.0.jar:/home/user/.m2/repository/org/glassfish/hk2/external/jakarta.inject/2.5.0/jakarta.inject-2.5.0.jar:/home/user/.m2/repository/org/glassfish/hk2/hk2-utils/2.5.0/hk2-utils-2.5.0.jar:/home/user/.m2/repository/jakarta/annotation/jakarta.annotation-api/1.3.4/jakarta.annotation-api-1.3.4.jar:/home/user/.m2/repository/org/glassfish/hk2/external/aopalliance-repackaged/2.5.0/aopalliance-repackaged-2.5.0.jar:/home/user/.m2/repository/com/fasterxml/jackson/dataformat/jackson-dataformat-xml/2.9.0/jackson-dataformat-xml-2.9.0.jar:/home/user/.m2/repository/com/fasterxml/jackson/core/jackson-core/2.9.9/jackson-core-2.9.9.jar:/home/user/.m2/repository/com/fasterxml/jackson/module/jackson-module-jaxb-annotations/2.9.9/jackson-module-jaxb-annotations-2.9.9.jar:/home/user/.m2/repository/javax/enterprise/cdi-api/1.2/cdi-api-1.2.jar:/home/user/.m2/repository/javax/el/javax.el-api/3.0.0/javax.el-api-3.0.0.jar:/home/user/.m2/repository/javax/interceptor/javax.interceptor-api/1.2/javax.interceptor-api-1.2.jar:/home/user/.m2/repository/javax/inject/javax.inject/1/javax.inject-1.jar:/home/user/.m2/repository/com/sun/xml/bind/jaxb-impl/2.3.0.1/jaxb-impl-2.3.0.1.jar:/home/user/.m2/repository/com/sun/xml/bind/jaxb-core/2.3.0.1/jaxb-core-2.3.0.1.jar:/home/user/.m2/repository/javax/xml/bind/jaxb-api/2.3.0/jaxb-api-2.3.0.jar:/home/user/.m2/repository/javax/activation/activation/1.1.1/activation-1.1.1.jar:/home/user/.m2/repository/org/apache/hadoop/hadoop-ozone-csi/0.5.0-SNAPSHOT/hadoop-ozone-csi-0.5.0-SNAPSHOT.jar:/home/user/.m2/repository/com/google/protobuf/protobuf-java-util/3.5.1/protobuf-java-util-3.5.1.jar:/home/user/.m2/repository/org/apache/hadoop/hadoop-hdds-config/0.5.0-SNAPSHOT/hadoop-hdds-config-0.5.0-SNAPSHOT.jar:/home/user/.m2/repository/io/grpc/grpc-netty/1.17.1/grpc-netty-1.17.1.jar:/home/user/.m2/repository/io/grpc/grpc-core/1.17.1/grpc-core-1.17.1.jar:/home/user/.m2/repository/io/grpc/grpc-context/1.17.1/grpc-context-1.17.1.jar:/home/user/.m2/repository/com/google/errorprone/error_prone_annotations/2.2.0/error_prone_annotations-2.2.0.jar:/home/user/.m2/repository/org/codehaus/mojo/animal-sniffer-annotations/1.17/animal-sniffer-annotations-1.17.jar:/home/user/.m2/repository/io/opencensus/opencensus-api/0.17.0/opencensus-api-0.17.0.jar:/home/user/.m2/repository/io/opencensus/opencensus-contrib-grpc-metrics/0.17.0/opencensus-contrib-grpc-metrics-0.17.0.jar:/home/user/.m2/repository/io/netty/netty-codec-http2/4.1.30.Final/netty-codec-http2-4.1.30.Final.jar:/home/user/.m2/repository/io/netty/netty-codec-http/4.1.30.Final/netty-codec-http-4.1.30.Final.jar:/home/user/.m2/repository/io/netty/netty-codec/4.1.30.Final/netty-codec-4.1.30.Final.jar:/home/user/.m2/repository/io/netty/netty-handler/4.1.30.Final/netty-handler-4.1.30.Final.jar:/home/user/.m2/repository/io/netty/netty-handler-proxy/4.1.30.Final/netty-handler-proxy-4.1.30.Final.jar:/home/user/.m2/repository/io/netty/netty-codec-socks/4.1.30.Final/netty-codec-socks-4.1.30.Final.jar:/home/user/.m2/repository/io/netty/netty-transport-native-epoll/4.1.30.Final/netty-transport-native-epoll-4.1.30.Final.jar:/home/user/.m2/repository/io/netty/netty-common/4.1.30.Final/netty-common-4.1.30.Final.jar:/home/user/.m2/repository/io/netty/netty-buffer/4.1.30.Final/netty-buffer-4.1.30.Final.jar:/home/user/.m2/repository/io/netty/netty-transport/4.1.30.Final/netty-transport-4.1.30.Final.jar:/home/user/.m2/repository/io/netty/netty-resolver/4.1.30.Final/netty-resolver-4.1.30.Final.jar:/home/user/.m2/repository/io/netty/netty-transport-native-unix-common/4.1.30.Final/netty-transport-native-unix-common-4.1.30.Final.jar:/home/user/.m2/repository/io/grpc/grpc-protobuf/1.17.1/grpc-protobuf-1.17.1.jar:/home/user/.m2/repository/com/google/api/grpc/proto-google-common-protos/1.0.0/proto-google-common-protos-1.0.0.jar:/home/user/.m2/repository/io/grpc/grpc-protobuf-lite/1.17.1/grpc-protobuf-lite-1.17.1.jar:/home/user/.m2/repository/io/grpc/grpc-stub/1.17.1/grpc-stub-1.17.1.jar:/home/user/.m2/repository/org/apache/hadoop/hadoop-ozone-recon/0.5.0-SNAPSHOT/hadoop-ozone-recon-0.5.0-SNAPSHOT.jar:/home/user/.m2/repository/org/apache/hadoop/hadoop-ozone-reconcodegen/0.5.0-SNAPSHOT/hadoop-ozone-reconcodegen-0.5.0-SNAPSHOT.jar:/home/user/.m2/repository/com/google/inject/extensions/guice-multibindings/4.0/guice-multibindings-4.0.jar:/home/user/.m2/repository/com/google/inject/guice/4.0/guice-4.0.jar:/home/user/.m2/repository/aopalliance/aopalliance/1.0/aopalliance-1.0.jar:/home/user/.m2/repository/com/google/inject/extensions/guice-servlet/4.0/guice-servlet-4.0.jar:/home/user/.m2/repository/org/glassfish/jersey/containers/jersey-container-servlet/2.27/jersey-container-servlet-2.27.jar:/home/user/.m2/repository/org/glassfish/hk2/guice-bridge/2.5.0/guice-bridge-2.5.0.jar:/home/user/.m2/repository/org/glassfish/jersey/core/jersey-server/2.27/jersey-server-2.27.jar:/home/user/.m2/repository/org/glassfish/jersey/core/jersey-client/2.27/jersey-client-2.27.jar:/home/user/.m2/repository/org/glassfish/jersey/media/jersey-media-jaxb/2.27/jersey-media-jaxb-2.27.jar:/home/user/.m2/repository/javax/validation/validation-api/1.1.0.Final/validation-api-1.1.0.Final.jar:/home/user/.m2/repository/org/glassfish/jersey/media/jersey-media-json-jackson/2.27/jersey-media-json-jackson-2.27.jar:/home/user/.m2/repository/org/glassfish/jersey/ext/jersey-entity-filtering/2.27/jersey-entity-filtering-2.27.jar:/home/user/.m2/repository/com/google/inject/extensions/guice-assistedinject/4.0/guice-assistedinject-4.0.jar:/home/user/.m2/repository/org/jooq/jooq/3.11.10/jooq-3.11.10.jar:/home/user/.m2/repository/org/jooq/jooq-meta/3.11.10/jooq-meta-3.11.10.jar:/home/user/.m2/repository/org/jooq/jooq-codegen/3.11.10/jooq-codegen-3.11.10.jar:/home/user/.m2/repository/com/jolbox/bonecp/0.8.0.RELEASE/bonecp-0.8.0.RELEASE.jar:/home/user/.m2/repository/org/xerial/sqlite-jdbc/3.25.2/sqlite-jdbc-3.25.2.jar:/home/user/.m2/repository/org/springframework/spring-jdbc/5.1.3.RELEASE/spring-jdbc-5.1.3.RELEASE.jar:/home/user/.m2/repository/org/springframework/spring-beans/5.1.3.RELEASE/spring-beans-5.1.3.RELEASE.jar:/home/user/.m2/repository/org/springframework/spring-core/5.1.3.RELEASE/spring-core-5.1.3.RELEASE.jar:/home/user/.m2/repository/org/springframework/spring-jcl/5.1.3.RELEASE/spring-jcl-5.1.3.RELEASE.jar:/home/user/.m2/repository/org/springframework/spring-tx/5.1.3.RELEASE/spring-tx-5.1.3.RELEASE.jar:/home/user/.m2/repository/org/apache/hadoop/hadoop-ozone-client/0.5.0-SNAPSHOT/hadoop-ozone-client-0.5.0-SNAPSHOT.jar:/home/user/.m2/repository/commons-lang/commons-lang/2.6/commons-lang-2.6.jar:/home/user/.m2/repository/org/apache/hadoop/hadoop-ozone-ozone-manager/0.5.0-SNAPSHOT/hadoop-ozone-ozone-manager-0.5.0-SNAPSHOT-tests.jar:/home/user/.m2/repository/junit/junit/4.11/junit-4.11.jar:/home/user/.m2/repository/org/hamcrest/hamcrest-core/1.3/hamcrest-core-1.3.jar:/home/user/.m2/repository/org/openjdk/jmh/jmh-core/1.19/jmh-core-1.19.jar:/home/user/.m2/repository/net/sf/jopt-simple/jopt-simple/4.6/jopt-simple-4.6.jar:/home/user/.m2/repository/org/apache/commons/commons-math3/3.1.1/commons-math3-3.1.1.jar:/home/user/.m2/repository/org/openjdk/jmh/jmh-generator-annprocess/1.19/jmh-generator-annprocess-1.19.jar:/home/user/.m2/repository/org/mockito/mockito-all/1.8.5/mockito-all-1.8.5.jar:/home/user/.m2/repository/org/apache/hadoop/hadoop-kms/3.2.0/hadoop-kms-3.2.0.jar:/home/user/.m2/repository/org/apache/hadoop/hadoop-auth/3.2.0/hadoop-auth-3.2.0.jar:/home/user/.m2/repository/com/nimbusds/nimbus-jose-jwt/4.41.1/nimbus-jose-jwt-4.41.1.jar:/home/user/.m2/repository/com/github/stephenc/jcip/jcip-annotations/1.0-1/jcip-annotations-1.0-1.jar:/home/user/.m2/repository/net/minidev/json-smart/2.3/json-smart-2.3.jar:/home/user/.m2/repository/net/minidev/accessors-smart/1.2/accessors-smart-1.2.jar:/home/user/.m2/repository/org/ow2/asm/asm/5.0.4/asm-5.0.4.jar:/home/user/.m2/repository/org/apache/curator/curator-framework/2.12.0/curator-framework-2.12.0.jar:/home/user/.m2/repository/com/sun/jersey/jersey-core/1.19/jersey-core-1.19.jar:/home/user/.m2/repository/javax/ws/rs/jsr311-api/1.1.1/jsr311-api-1.1.1.jar:/home/user/.m2/repository/com/sun/jersey/jersey-server/1.19/jersey-server-1.19.jar:/home/user/.m2/repository/javax/servlet/javax.servlet-api/3.1.0/javax.servlet-api-3.1.0.jar:/home/user/.m2/repository/org/eclipse/jetty/jetty-server/9.3.25.v20180904/jetty-server-9.3.25.v20180904.jar:/home/user/.m2/repository/org/eclipse/jetty/jetty-http/9.3.25.v20180904/jetty-http-9.3.25.v20180904.jar:/home/user/.m2/repository/org/eclipse/jetty/jetty-io/9.3.25.v20180904/jetty-io-9.3.25.v20180904.jar:/home/user/.m2/repository/org/eclipse/jetty/jetty-webapp/9.3.25.v20180904/jetty-webapp-9.3.25.v20180904.jar:/home/user/.m2/repository/org/eclipse/jetty/jetty-xml/9.3.25.v20180904/jetty-xml-9.3.25.v20180904.jar:/home/user/.m2/repository/log4j/log4j/1.2.17/log4j-1.2.17.jar:/home/user/.m2/repository/org/slf4j/slf4j-api/1.7.25/slf4j-api-1.7.25.jar:/home/user/.m2/repository/org/slf4j/jul-to-slf4j/1.7.25/jul-to-slf4j-1.7.25.jar:/home/user/.m2/repository/org/eclipse/jetty/jetty-util/9.3.25.v20180904/jetty-util-9.3.25.v20180904.jar:/home/user/.m2/repository/com/fasterxml/jackson/core/jackson-databind/2.9.9/jackson-databind-2.9.9.jar:/home/user/.m2/repository/org/apache/hadoop/hadoop-kms/3.2.0/hadoop-kms-3.2.0-tests.jar:/home/user/.m2/repository/org/apache/hadoop/hadoop-hdds-server-scm/0.5.0-SNAPSHOT/hadoop-hdds-server-scm-0.5.0-SNAPSHOT-tests.jar:/home/user/.m2/repository/org/apache/hadoop/hadoop-hdds-container-service/0.5.0-SNAPSHOT/hadoop-hdds-container-service-0.5.0-SNAPSHOT-tests.jar:/home/user/.m2/repository/org/yaml/snakeyaml/1.16/snakeyaml-1.16.jar:/home/user/.m2/repository/org/apache/hadoop/hadoop-common/3.2.0/hadoop-common-3.2.0-tests.jar:/home/user/.m2/repository/org/apache/hadoop/hadoop-annotations/3.2.0/hadoop-annotations-3.2.0.jar:/usr/lib/jvm/java-1.8.0-openjdk-1.8.0.222.b10-1.el7_7.x86_64/jre/../lib/tools.jar:/home/user/.m2/repository/commons-cli/commons-cli/1.2/commons-cli-1.2.jar:/home/user/.m2/repository/org/apache/httpcomponents/httpclient/4.5.2/httpclient-4.5.2.jar:/home/user/.m2/repository/org/apache/httpcomponents/httpcore/4.4.4/httpcore-4.4.4.jar:/home/user/.m2/repository/commons-codec/commons-codec/1.11/commons-codec-1.11.jar:/home/user/.m2/repository/commons-net/commons-net/3.6/commons-net-3.6.jar:/home/user/.m2/repository/commons-collections/commons-collections/3.2.2/commons-collections-3.2.2.jar:/home/user/.m2/repository/org/eclipse/jetty/jetty-servlet/9.3.25.v20180904/jetty-servlet-9.3.25.v20180904.jar:/home/user/.m2/repository/org/eclipse/jetty/jetty-security/9.3.25.v20180904/jetty-security-9.3.25.v20180904.jar:/home/user/.m2/repository/javax/servlet/jsp/jsp-api/2.1/jsp-api-2.1.jar:/home/user/.m2/repository/com/sun/jersey/jersey-servlet/1.19/jersey-servlet-1.19.jar:/home/user/.m2/repository/com/sun/jersey/jersey-json/1.19/jersey-json-1.19.jar:/home/user/.m2/repository/org/codehaus/jettison/jettison/1.1/jettison-1.1.jar:/home/user/.m2/repository/org/codehaus/jackson/jackson-core-asl/1.9.13/jackson-core-asl-1.9.13.jar:/home/user/.m2/repository/org/codehaus/jackson/jackson-mapper-asl/1.9.13/jackson-mapper-asl-1.9.13.jar:/home/user/.m2/repository/org/codehaus/jackson/jackson-jaxrs/1.9.13/jackson-jaxrs-1.9.13.jar:/home/user/.m2/repository/org/codehaus/jackson/jackson-xc/1.9.13/jackson-xc-1.9.13.jar:/home/user/.m2/repository/commons-logging/commons-logging/1.1.3/commons-logging-1.1.3.jar:/home/user/.m2/repository/commons-beanutils/commons-beanutils/1.9.4/commons-beanutils-1.9.4.jar:/home/user/.m2/repository/org/apache/commons/commons-configuration2/2.1.1/commons-configuration2-2.1.1.jar:/home/user/.m2/repository/org/apache/commons/commons-lang3/3.7/commons-lang3-3.7.jar:/home/user/.m2/repository/org/apache/commons/commons-text/1.4/commons-text-1.4.jar:/home/user/.m2/repository/org/apache/avro/avro/1.7.7/avro-1.7.7.jar:/home/user/.m2/repository/com/thoughtworks/paranamer/paranamer/2.3/paranamer-2.3.jar:/home/user/.m2/repository/org/xerial/snappy/snappy-java/1.0.5/snappy-java-1.0.5.jar:/home/user/.m2/repository/com/google/re2j/re2j/1.1/re2j-1.1.jar:/home/user/.m2/repository/com/google/code/gson/gson/2.2.4/gson-2.2.4.jar:/home/user/.m2/repository/com/jcraft/jsch/0.1.54/jsch-0.1.54.jar:/home/user/.m2/repository/org/apache/curator/curator-client/2.12.0/curator-client-2.12.0.jar:/home/user/.m2/repository/org/apache/curator/curator-recipes/2.12.0/curator-recipes-2.12.0.jar:/home/user/.m2/repository/com/google/code/findbugs/jsr305/3.0.0/jsr305-3.0.0.jar:/home/user/.m2/repository/org/apache/htrace/htrace-core4/4.1.0-incubating/htrace-core4-4.1.0-incubating.jar:/home/user/.m2/repository/org/apache/zookeeper/zookeeper/3.4.13/zookeeper-3.4.13.jar:/home/user/.m2/repository/jline/jline/0.9.94/jline-0.9.94.jar:/home/user/.m2/repository/org/apache/yetus/audience-annotations/0.5.0/audience-annotations-0.5.0.jar:/home/user/.m2/repository/org/codehaus/woodstox/stax2-api/3.1.4/stax2-api-3.1.4.jar:/home/user/.m2/repository/com/fasterxml/woodstox/woodstox-core/5.0.3/woodstox-core-5.0.3.jar:/home/user/.m2/repository/dnsjava/dnsjava/2.1.7/dnsjava-2.1.7.jar:/home/user/.m2/repository/org/apache/hadoop/hadoop-hdfs/3.2.0/hadoop-hdfs-3.2.0-tests.jar:/home/user/.m2/repository/org/eclipse/jetty/jetty-util-ajax/9.3.25.v20180904/jetty-util-ajax-9.3.25.v20180904.jar:/home/user/.m2/repository/commons-daemon/commons-daemon/1.0.13/commons-daemon-1.0.13.jar:/home/user/.m2/repository/io/netty/netty/3.10.5.Final/netty-3.10.5.Final.jar:/home/user/.m2/repository/io/netty/netty-all/4.0.52.Final/netty-all-4.0.52.Final.jar:/home/user/.m2/repository/org/fusesource/leveldbjni/leveldbjni-all/1.8/leveldbjni-all-1.8.jar:"/>
    <property name="sun.cpu.endian" value="little"/>
    <property name="user.home" value="/home/user"/>
    <property name="user.language" value="en"/>
    <property name="java.specification.vendor" value="Oracle Corporation"/>
    <property name="java.home" value="/usr/lib/jvm/java-1.8.0-openjdk-1.8.0.222.b10-1.el7_7.x86_64/jre"/>
    <property name="surefire.excludesFile" value="/tools/ozone-bad-unit-tests"/>
    <property name="java.security.krb5.conf" value="/workdir/hadoop-ozone/integration-test/target/test-classes/krb5.conf"/>
    <property name="basedir" value="/workdir/hadoop-ozone/integration-test"/>
    <property name="file.separator" value="/"/>
    <property name="line.separator" value="&#10;"/>
    <property name="java.vm.specification.vendor" value="Oracle Corporation"/>
    <property name="java.specification.name" value="Java Platform API Specification"/>
    <property name="java.awt.graphicsenv" value="sun.awt.X11GraphicsEnvironment"/>
    <property name="surefire.real.class.path" value="/workdir/hadoop-ozone/integration-test/target/surefire/surefirebooter6147900148807741134.jar"/>
    <property name="hadoop.log.dir" value="/workdir/hadoop-ozone/integration-test/target/log"/>
    <property name="sun.boot.class.path" value="/usr/lib/jvm/java-1.8.0-openjdk-1.8.0.222.b10-1.el7_7.x86_64/jre/lib/resources.jar:/usr/lib/jvm/java-1.8.0-openjdk-1.8.0.222.b10-1.el7_7.x86_64/jre/lib/rt.jar:/usr/lib/jvm/java-1.8.0-openjdk-1.8.0.222.b10-1.el7_7.x86_64/jre/lib/sunrsasign.jar:/usr/lib/jvm/java-1.8.0-openjdk-1.8.0.222.b10-1.el7_7.x86_64/jre/lib/jsse.jar:/usr/lib/jvm/java-1.8.0-openjdk-1.8.0.222.b10-1.el7_7.x86_64/jre/lib/jce.jar:/usr/lib/jvm/java-1.8.0-openjdk-1.8.0.222.b10-1.el7_7.x86_64/jre/lib/charsets.jar:/usr/lib/jvm/java-1.8.0-openjdk-1.8.0.222.b10-1.el7_7.x86_64/jre/lib/jfr.jar:/usr/lib/jvm/java-1.8.0-openjdk-1.8.0.222.b10-1.el7_7.x86_64/jre/classes"/>
    <property name="sun.management.compiler" value="HotSpot 64-Bit Tiered Compilers"/>
    <property name="java.runtime.version" value="1.8.0_222-b10"/>
    <property name="java.net.preferIPv4Stack" value="true"/>
    <property name="user.name" value="jenkins1000"/>
    <property name="path.separator" value=":"/>
    <property name="java.security.egd" value="file:///dev/urandom"/>
    <property name="os.version" value="3.10.0-957.12.2.el7.x86_64"/>
    <property name="java.endorsed.dirs" value="/usr/lib/jvm/java-1.8.0-openjdk-1.8.0.222.b10-1.el7_7.x86_64/jre/lib/endorsed"/>
    <property name="java.runtime.name" value="OpenJDK Runtime Environment"/>
    <property name="file.encoding" value="ANSI_X3.4-1968"/>
    <property name="java.vm.name" value="OpenJDK 64-Bit Server VM"/>
    <property name="test.build.webapps" value=""/>
    <property name="localRepository" value="/home/user/.m2/repository"/>
    <property name="java.vendor.url.bug" value="http://bugreport.sun.com/bugreport/"/>
    <property name="java.io.tmpdir" value="/tmp"/>
    <property name="require.test.libhadoop" value=""/>
    <property name="java.version" value="1.8.0_222"/>
    <property name="user.dir" value="/workdir/hadoop-ozone/integration-test"/>
    <property name="os.arch" value="amd64"/>
    <property name="java.vm.specification.name" value="Java Virtual Machine Specification"/>
    <property name="test.build.classes" value="/workdir/hadoop-ozone/integration-test/target/test-classes"/>
    <property name="java.awt.printerjob" value="sun.print.PSPrinterJob"/>
    <property name="sun.os.patch.level" value="unknown"/>
    <property name="hadoop.tmp.dir" value="/workdir/hadoop-ozone/integration-test/target/tmp"/>
    <property name="java.library.path" value="/usr/lib:/workdir/hadoop-ozone/integration-test/target/native/target/usr/local/lib:/workdir/hadoop-ozone/integration-test/../../hadoop-common-project/hadoop-common/target/native/target/usr/local/lib:/usr/java/packages/lib/amd64:/usr/lib64:/lib64:/lib:/usr/lib"/>
    <property name="java.vm.info" value="mixed mode"/>
    <property name="java.vendor" value="Oracle Corporation"/>
    <property name="java.vm.version" value="25.222-b10"/>
    <property name="java.ext.dirs" value="/usr/lib/jvm/java-1.8.0-openjdk-1.8.0.222.b10-1.el7_7.x86_64/jre/lib/ext:/usr/java/packages/lib/ext"/>
    <property name="sun.io.unicode.encoding" value="UnicodeLittle"/>
    <property name="java.class.version" value="52.0"/>
  </properties>
  <testcase name="testDeleteKeyWithSlowFollower" classname="org.apache.hadoop.ozone.client.rpc.TestDeleteWithSlowFollower" time="112.475">
    <failure type="java.lang.AssertionError">java.lang.AssertionError
	at org.junit.Assert.fail(Assert.java:86)
	at org.junit.Assert.assertTrue(Assert.java:41)
	at org.junit.Assert.assertTrue(Assert.java:52)
	at org.apache.hadoop.ozone.client.rpc.TestDeleteWithSlowFollower.testDeleteKeyWithSlowFollower(TestDeleteWithSlowFollower.java:265)
	at sun.reflect.NativeMethodAccessorImpl.invoke0(Native Method)
	at sun.reflect.NativeMethodAccessorImpl.invoke(NativeMethodAccessorImpl.java:62)
	at sun.reflect.DelegatingMethodAccessorImpl.invoke(DelegatingMethodAccessorImpl.java:43)
	at java.lang.reflect.Method.invoke(Method.java:498)
	at org.junit.runners.model.FrameworkMethod$1.runReflectiveCall(FrameworkMethod.java:47)
	at org.junit.internal.runners.model.ReflectiveCallable.run(ReflectiveCallable.java:12)
	at org.junit.runners.model.FrameworkMethod.invokeExplosively(FrameworkMethod.java:44)
	at org.junit.internal.runners.statements.InvokeMethod.evaluate(InvokeMethod.java:17)
	at org.junit.runners.ParentRunner.runLeaf(ParentRunner.java:271)
	at org.junit.runners.BlockJUnit4ClassRunner.runChild(BlockJUnit4ClassRunner.java:70)
	at org.junit.runners.BlockJUnit4ClassRunner.runChild(BlockJUnit4ClassRunner.java:50)
	at org.junit.runners.ParentRunner$3.run(ParentRunner.java:238)
	at org.junit.runners.ParentRunner$1.schedule(ParentRunner.java:63)
	at org.junit.runners.ParentRunner.runChildren(ParentRunner.java:236)
	at org.junit.runners.ParentRunner.access$000(ParentRunner.java:53)
	at org.junit.runners.ParentRunner$2.evaluate(ParentRunner.java:229)
	at org.junit.internal.runners.statements.RunBefores.evaluate(RunBefores.java:26)
	at org.junit.internal.runners.statements.RunAfters.evaluate(RunAfters.java:27)
	at org.junit.runners.ParentRunner.run(ParentRunner.java:309)
	at org.apache.maven.surefire.junit4.JUnit4Provider.execute(JUnit4Provider.java:365)
	at org.apache.maven.surefire.junit4.JUnit4Provider.executeWithRerun(JUnit4Provider.java:273)
	at org.apache.maven.surefire.junit4.JUnit4Provider.executeTestSet(JUnit4Provider.java:238)
	at org.apache.maven.surefire.junit4.JUnit4Provider.invoke(JUnit4Provider.java:159)
	at org.apache.maven.surefire.booter.ForkedBooter.invokeProviderInSameClassLoader(ForkedBooter.java:384)
	at org.apache.maven.surefire.booter.ForkedBooter.runSuitesInProcess(ForkedBooter.java:345)
	at org.apache.maven.surefire.booter.ForkedBooter.execute(ForkedBooter.java:126)
	at org.apache.maven.surefire.booter.ForkedBooter.main(ForkedBooter.java:418)
</failure>
    <system-out><![CDATA[2019-10-21 21:50:57,905 [main] WARN  server.ServerUtils (ServerUtils.java:getScmDbDir(145)) - ozone.scm.db.dirs is not configured. We recommend adding this setting. Falling back to ozone.metadata.dirs instead.
2019-10-21 21:50:58,050 [main] WARN  server.ServerUtils (ServerUtils.java:getScmDbDir(145)) - ozone.scm.db.dirs is not configured. We recommend adding this setting. Falling back to ozone.metadata.dirs instead.
2019-10-21 21:50:58,053 [main] WARN  server.ServerUtils (ServerUtils.java:getScmDbDir(145)) - ozone.scm.db.dirs is not configured. We recommend adding this setting. Falling back to ozone.metadata.dirs instead.
2019-10-21 21:50:58,082 [main] INFO  util.log (Log.java:initialized(192)) - Logging initialized @1031ms
2019-10-21 21:50:59,050 [main] INFO  db.DBStoreBuilder (DBStoreBuilder.java:addTable(117)) - using custom profile for table: deletedBlocks
2019-10-21 21:50:59,050 [main] INFO  db.DBStoreBuilder (DBStoreBuilder.java:processTables(168)) - Using default column profile:DBProfile.DISK for Table:deletedBlocks
2019-10-21 21:50:59,051 [main] INFO  db.DBStoreBuilder (DBStoreBuilder.java:addTable(117)) - using custom profile for table: validCerts
2019-10-21 21:50:59,051 [main] INFO  db.DBStoreBuilder (DBStoreBuilder.java:processTables(168)) - Using default column profile:DBProfile.DISK for Table:validCerts
2019-10-21 21:50:59,051 [main] INFO  db.DBStoreBuilder (DBStoreBuilder.java:addTable(117)) - using custom profile for table: revokedCerts
2019-10-21 21:50:59,051 [main] INFO  db.DBStoreBuilder (DBStoreBuilder.java:processTables(168)) - Using default column profile:DBProfile.DISK for Table:revokedCerts
2019-10-21 21:50:59,063 [main] INFO  db.DBStoreBuilder (DBStoreBuilder.java:addTable(117)) - using custom profile for table: default
2019-10-21 21:50:59,063 [main] INFO  db.DBStoreBuilder (DBStoreBuilder.java:processTables(174)) - Using default column profile:DBProfile.DISK for Table:default
2019-10-21 21:50:59,064 [main] INFO  db.DBStoreBuilder (DBStoreBuilder.java:getDbProfile(205)) - Using default options. DBProfile.DISK
2019-10-21 21:50:59,246 [main] INFO  net.NodeSchemaLoader (NodeSchemaLoader.java:loadSchemaFromFile(125)) - Loading file from sun.misc.CompoundEnumeration@74235045
2019-10-21 21:50:59,248 [main] INFO  net.NodeSchemaLoader (NodeSchemaLoader.java:loadSchema(171)) - Loading network topology layer schema file
2019-10-21 21:50:59,306 [main] WARN  server.ServerUtils (ServerUtils.java:sanitizeUserArgs(70)) - ozone.scm.stale.node.interval value = 1000000 is larger than max = 100000 based on the key value of ozone.scm.heartbeat.thread.interval, reset to the max value 100000.
2019-10-21 21:50:59,308 [main] WARN  server.ServerUtils (ServerUtils.java:sanitizeUserArgs(70)) - ozone.scm.stale.node.interval value = 1000000 is larger than max = 100000 based on the key value of ozone.scm.heartbeat.thread.interval, reset to the max value 100000.
2019-10-21 21:50:59,311 [main] INFO  node.SCMNodeManager (SCMNodeManager.java:<init>(116)) - Entering startup safe mode.
2019-10-21 21:50:59,373 [main] INFO  algorithms.ContainerPlacementPolicyFactory (ContainerPlacementPolicyFactory.java:getPolicy(57)) - Create container placement policy of type org.apache.hadoop.hdds.scm.container.placement.algorithms.SCMContainerPlacementRandom
2019-10-21 21:50:59,386 [main] WARN  server.ServerUtils (ServerUtils.java:getScmDbDir(145)) - ozone.scm.db.dirs is not configured. We recommend adding this setting. Falling back to ozone.metadata.dirs instead.
2019-10-21 21:50:59,468 [main] INFO  pipeline.SCMPipelineManager (SCMPipelineManager.java:initializePipelineState(132)) - No pipeline exists in current db
2019-10-21 21:50:59,471 [main] WARN  server.ServerUtils (ServerUtils.java:getScmDbDir(145)) - ozone.scm.db.dirs is not configured. We recommend adding this setting. Falling back to ozone.metadata.dirs instead.
2019-10-21 21:50:59,568 [main] WARN  events.EventQueue (EventQueue.java:fireEvent(183)) - No event handler registered for event TypedEvent{payloadType=SafeModeStatus, name='SafeModeStatus'}
2019-10-21 21:50:59,949 [main] INFO  ipc.CallQueueManager (CallQueueManager.java:<init>(84)) - Using callQueue: class java.util.concurrent.LinkedBlockingQueue, queueCapacity: 2000, scheduler: class org.apache.hadoop.ipc.DefaultRpcScheduler, ipcBackoff: false.
2019-10-21 21:51:00,092 [Socket Reader #1 for port 36817] INFO  ipc.Server (Server.java:run(1074)) - Starting Socket Reader #1 for port 36817
2019-10-21 21:51:00,124 [main] INFO  ipc.CallQueueManager (CallQueueManager.java:<init>(84)) - Using callQueue: class java.util.concurrent.LinkedBlockingQueue, queueCapacity: 2000, scheduler: class org.apache.hadoop.ipc.DefaultRpcScheduler, ipcBackoff: false.
2019-10-21 21:51:00,125 [Socket Reader #1 for port 43828] INFO  ipc.Server (Server.java:run(1074)) - Starting Socket Reader #1 for port 43828
2019-10-21 21:51:00,134 [main] INFO  ipc.CallQueueManager (CallQueueManager.java:<init>(84)) - Using callQueue: class java.util.concurrent.LinkedBlockingQueue, queueCapacity: 2000, scheduler: class org.apache.hadoop.ipc.DefaultRpcScheduler, ipcBackoff: false.
2019-10-21 21:51:00,135 [Socket Reader #1 for port 37905] INFO  ipc.Server (Server.java:run(1074)) - Starting Socket Reader #1 for port 37905
2019-10-21 21:51:00,158 [main] INFO  hdfs.DFSUtil (DFSUtil.java:httpServerTemplateForNNAndJN(1641)) - Starting Web-server for scm at: http://0.0.0.0:0
2019-10-21 21:51:00,312 [main] INFO  server.AuthenticationFilter (AuthenticationFilter.java:constructSecretProvider(240)) - Unable to initialize FileSignerSecretProvider, falling back to use random secrets.
2019-10-21 21:51:00,321 [main] WARN  http.HttpRequestLog (HttpRequestLog.java:getRequestLog(97)) - Jetty request log can only be enabled using Log4j
2019-10-21 21:51:00,329 [main] INFO  http.HttpServer2 (HttpServer2.java:addGlobalFilter(975)) - Added global filter 'safety' (class=org.apache.hadoop.http.HttpServer2$QuotingInputFilter)
2019-10-21 21:51:00,332 [main] INFO  http.HttpServer2 (HttpServer2.java:addFilter(948)) - Added filter static_user_filter (class=org.apache.hadoop.http.lib.StaticUserWebFilter$StaticUserFilter) to context scm
2019-10-21 21:51:00,332 [main] INFO  http.HttpServer2 (HttpServer2.java:addFilter(958)) - Added filter static_user_filter (class=org.apache.hadoop.http.lib.StaticUserWebFilter$StaticUserFilter) to context static
2019-10-21 21:51:00,333 [main] INFO  http.HttpServer2 (HttpServer2.java:addFilter(958)) - Added filter static_user_filter (class=org.apache.hadoop.http.lib.StaticUserWebFilter$StaticUserFilter) to context logs
2019-10-21 21:51:00,364 [main] INFO  server.StorageContainerManager (StorageContainerManager.java:start(772)) - StorageContainerLocationProtocol RPC server is listening at /0.0.0.0:37905
2019-10-21 21:51:00,444 [main] WARN  impl.MetricsConfig (MetricsConfig.java:loadFirst(134)) - Cannot locate configuration: tried hadoop-metrics2-storagecontainermanager.properties,hadoop-metrics2.properties
2019-10-21 21:51:00,457 [main] INFO  impl.MetricsSystemImpl (MetricsSystemImpl.java:startTimer(374)) - Scheduled Metric snapshot period at 10 second(s).
2019-10-21 21:51:00,458 [main] INFO  impl.MetricsSystemImpl (MetricsSystemImpl.java:start(191)) - StorageContainerManager metrics system started
2019-10-21 21:51:00,693 [main] INFO  server.SCMClientProtocolServer (SCMClientProtocolServer.java:start(159)) - RPC server for Client  is listening at /0.0.0.0:37905
2019-10-21 21:51:00,694 [IPC Server Responder] INFO  ipc.Server (Server.java:run(1314)) - IPC Server Responder: starting
2019-10-21 21:51:00,694 [IPC Server listener on 37905] INFO  ipc.Server (Server.java:run(1153)) - IPC Server listener on 37905: starting
2019-10-21 21:51:00,697 [main] INFO  server.StorageContainerManager (StorageContainerManager.java:start(782)) - ScmBlockLocationProtocol RPC server is listening at /0.0.0.0:43828
2019-10-21 21:51:00,697 [main] INFO  server.SCMBlockProtocolServer (SCMBlockProtocolServer.java:start(146)) - RPC server for Block Protocol is listening at /0.0.0.0:43828
2019-10-21 21:51:00,698 [IPC Server Responder] INFO  ipc.Server (Server.java:run(1314)) - IPC Server Responder: starting
2019-10-21 21:51:00,698 [IPC Server listener on 43828] INFO  ipc.Server (Server.java:run(1153)) - IPC Server listener on 43828: starting
2019-10-21 21:51:00,700 [main] INFO  server.StorageContainerManager (StorageContainerManager.java:start(786)) - ScmDatanodeProtocl RPC server is listening at /0.0.0.0:36817
2019-10-21 21:51:00,701 [main] INFO  server.SCMDatanodeProtocolServer (SCMDatanodeProtocolServer.java:start(169)) - RPC server for DataNodes is listening at /0.0.0.0:36817
2019-10-21 21:51:00,702 [IPC Server Responder] INFO  ipc.Server (Server.java:run(1314)) - IPC Server Responder: starting
2019-10-21 21:51:00,702 [IPC Server listener on 36817] INFO  ipc.Server (Server.java:run(1153)) - IPC Server listener on 36817: starting
2019-10-21 21:51:00,707 [main] INFO  http.HttpServer2 (HttpServer2.java:bindListener(1191)) - Jetty bound to port 41657
2019-10-21 21:51:00,710 [main] INFO  server.Server (Server.java:doStart(351)) - jetty-9.3.25.v20180904, build timestamp: 2018-09-04T21:11:46Z, git hash: 3ce520221d0240229c862b122d2b06c12a625732
2019-10-21 21:51:00,759 [main] INFO  handler.ContextHandler (ContextHandler.java:doStart(781)) - Started o.e.j.s.ServletContextHandler@65fe9e33{/logs,file:///workdir/hadoop-ozone/integration-test/target/log,AVAILABLE}
2019-10-21 21:51:00,760 [main] INFO  handler.ContextHandler (ContextHandler.java:doStart(781)) - Started o.e.j.s.ServletContextHandler@42f8285e{/static,file:///workdir/hadoop-ozone/integration-test/target/test-classes/webapps/static,AVAILABLE}
2019-10-21 21:51:00,799 [main] INFO  handler.ContextHandler (ContextHandler.java:doStart(781)) - Started o.e.j.w.WebAppContext@3d6300e8{/,file:///workdir/hadoop-ozone/integration-test/target/test-classes/webapps/scm/,AVAILABLE}{/scm}
2019-10-21 21:51:00,805 [main] INFO  server.AbstractConnector (AbstractConnector.java:doStart(278)) - Started ServerConnector@3af4e0bf{HTTP/1.1,[http/1.1]}{0.0.0.0:41657}
2019-10-21 21:51:00,805 [main] INFO  server.Server (Server.java:doStart(419)) - Started @3755ms
2019-10-21 21:51:00,808 [main] INFO  impl.MetricsSinkAdapter (MetricsSinkAdapter.java:start(204)) - Sink prometheus started
2019-10-21 21:51:00,808 [main] INFO  impl.MetricsSystemImpl (MetricsSystemImpl.java:registerSink(301)) - Registered sink prometheus
2019-10-21 21:51:00,810 [main] INFO  server.BaseHttpServer (BaseHttpServer.java:updateConnectorAddress(215)) - HTTP server of SCM is listening at http://0.0.0.0:41657
2019-10-21 21:51:00,816 [org.apache.hadoop.util.JvmPauseMonitor$Monitor@1a2e2935] INFO  util.JvmPauseMonitor (JvmPauseMonitor.java:run(188)) - Starting JVM pause monitor
2019-10-21 21:51:00,819 [main] WARN  server.ServerUtils (ServerUtils.java:getDBPath(222)) - ozone.om.db.dirs is not configured. We recommend adding this setting. Falling back to ozone.metadata.dirs instead.
2019-10-21 21:51:00,925 [main] INFO  ha.OMHANodeDetails (OMHANodeDetails.java:loadOMHAConfig(190)) - Configuration either no ozone.om.address set. Falling back to the default OM address /127.0.0.1:0
2019-10-21 21:51:00,925 [main] INFO  ha.OMHANodeDetails (OMHANodeDetails.java:getOMNodeDetails(220)) - OM Service ID is not set. Setting it to the default ID: omServiceIdDefault
2019-10-21 21:51:00,927 [main] WARN  server.ServerUtils (ServerUtils.java:getDBPath(222)) - ozone.om.db.dirs is not configured. We recommend adding this setting. Falling back to ozone.metadata.dirs instead.
2019-10-21 21:51:00,928 [main] WARN  server.ServerUtils (ServerUtils.java:getDBPath(222)) - ozone.om.db.dirs is not configured. We recommend adding this setting. Falling back to ozone.metadata.dirs instead.
2019-10-21 21:51:01,571 [main] WARN  server.ServerUtils (ServerUtils.java:getDBPath(222)) - ozone.om.db.dirs is not configured. We recommend adding this setting. Falling back to ozone.metadata.dirs instead.
2019-10-21 21:51:01,580 [main] INFO  db.DBStoreBuilder (DBStoreBuilder.java:addTable(117)) - using custom profile for table: userTable
2019-10-21 21:51:01,581 [main] INFO  db.DBStoreBuilder (DBStoreBuilder.java:processTables(168)) - Using default column profile:DBProfile.DISK for Table:userTable
2019-10-21 21:51:01,581 [main] INFO  db.DBStoreBuilder (DBStoreBuilder.java:addTable(117)) - using custom profile for table: volumeTable
2019-10-21 21:51:01,581 [main] INFO  db.DBStoreBuilder (DBStoreBuilder.java:processTables(168)) - Using default column profile:DBProfile.DISK for Table:volumeTable
2019-10-21 21:51:01,581 [main] INFO  db.DBStoreBuilder (DBStoreBuilder.java:addTable(117)) - using custom profile for table: bucketTable
2019-10-21 21:51:01,582 [main] INFO  db.DBStoreBuilder (DBStoreBuilder.java:processTables(168)) - Using default column profile:DBProfile.DISK for Table:bucketTable
2019-10-21 21:51:01,582 [main] INFO  db.DBStoreBuilder (DBStoreBuilder.java:addTable(117)) - using custom profile for table: keyTable
2019-10-21 21:51:01,582 [main] INFO  db.DBStoreBuilder (DBStoreBuilder.java:processTables(168)) - Using default column profile:DBProfile.DISK for Table:keyTable
2019-10-21 21:51:01,582 [main] INFO  db.DBStoreBuilder (DBStoreBuilder.java:addTable(117)) - using custom profile for table: deletedTable
2019-10-21 21:51:01,582 [main] INFO  db.DBStoreBuilder (DBStoreBuilder.java:processTables(168)) - Using default column profile:DBProfile.DISK for Table:deletedTable
2019-10-21 21:51:01,583 [main] INFO  db.DBStoreBuilder (DBStoreBuilder.java:addTable(117)) - using custom profile for table: openKeyTable
2019-10-21 21:51:01,583 [main] INFO  db.DBStoreBuilder (DBStoreBuilder.java:processTables(168)) - Using default column profile:DBProfile.DISK for Table:openKeyTable
2019-10-21 21:51:01,583 [main] INFO  db.DBStoreBuilder (DBStoreBuilder.java:addTable(117)) - using custom profile for table: s3Table
2019-10-21 21:51:01,583 [main] INFO  db.DBStoreBuilder (DBStoreBuilder.java:processTables(168)) - Using default column profile:DBProfile.DISK for Table:s3Table
2019-10-21 21:51:01,584 [main] INFO  db.DBStoreBuilder (DBStoreBuilder.java:addTable(117)) - using custom profile for table: multipartInfoTable
2019-10-21 21:51:01,584 [main] INFO  db.DBStoreBuilder (DBStoreBuilder.java:processTables(168)) - Using default column profile:DBProfile.DISK for Table:multipartInfoTable
2019-10-21 21:51:01,584 [main] INFO  db.DBStoreBuilder (DBStoreBuilder.java:addTable(117)) - using custom profile for table: dTokenTable
2019-10-21 21:51:01,584 [main] INFO  db.DBStoreBuilder (DBStoreBuilder.java:processTables(168)) - Using default column profile:DBProfile.DISK for Table:dTokenTable
2019-10-21 21:51:01,585 [main] INFO  db.DBStoreBuilder (DBStoreBuilder.java:addTable(117)) - using custom profile for table: s3SecretTable
2019-10-21 21:51:01,585 [main] INFO  db.DBStoreBuilder (DBStoreBuilder.java:processTables(168)) - Using default column profile:DBProfile.DISK for Table:s3SecretTable
2019-10-21 21:51:01,585 [main] INFO  db.DBStoreBuilder (DBStoreBuilder.java:addTable(117)) - using custom profile for table: prefixTable
2019-10-21 21:51:01,585 [main] INFO  db.DBStoreBuilder (DBStoreBuilder.java:processTables(168)) - Using default column profile:DBProfile.DISK for Table:prefixTable
2019-10-21 21:51:01,585 [main] INFO  db.DBStoreBuilder (DBStoreBuilder.java:addTable(117)) - using custom profile for table: default
2019-10-21 21:51:01,586 [main] INFO  db.DBStoreBuilder (DBStoreBuilder.java:processTables(174)) - Using default column profile:DBProfile.DISK for Table:default
2019-10-21 21:51:01,586 [main] INFO  db.DBStoreBuilder (DBStoreBuilder.java:getDbProfile(205)) - Using default options. DBProfile.DISK
2019-10-21 21:51:02,103 [main] INFO  ipc.CallQueueManager (CallQueueManager.java:<init>(84)) - Using callQueue: class java.util.concurrent.LinkedBlockingQueue, queueCapacity: 2000, scheduler: class org.apache.hadoop.ipc.DefaultRpcScheduler, ipcBackoff: false.
2019-10-21 21:51:02,105 [Socket Reader #1 for port 46318] INFO  ipc.Server (Server.java:run(1074)) - Starting Socket Reader #1 for port 46318
2019-10-21 21:51:02,129 [main] INFO  om.OzoneManager (OzoneManager.java:start(1074)) - OzoneManager RPC server is listening at localhost/127.0.0.1:46318
2019-10-21 21:51:02,129 [main] INFO  impl.MetricsSystemImpl (MetricsSystemImpl.java:init(158)) - OzoneManager metrics system started (again)
2019-10-21 21:51:02,137 [IPC Server Responder] INFO  ipc.Server (Server.java:run(1314)) - IPC Server Responder: starting
2019-10-21 21:51:02,137 [IPC Server listener on 46318] INFO  ipc.Server (Server.java:run(1153)) - IPC Server listener on 46318: starting
2019-10-21 21:51:02,144 [main] INFO  hdfs.DFSUtil (DFSUtil.java:httpServerTemplateForNNAndJN(1641)) - Starting Web-server for ozoneManager at: http://0.0.0.0:0
2019-10-21 21:51:02,146 [main] INFO  server.AuthenticationFilter (AuthenticationFilter.java:constructSecretProvider(240)) - Unable to initialize FileSignerSecretProvider, falling back to use random secrets.
2019-10-21 21:51:02,146 [main] WARN  http.HttpRequestLog (HttpRequestLog.java:getRequestLog(97)) - Jetty request log can only be enabled using Log4j
2019-10-21 21:51:02,149 [main] INFO  http.HttpServer2 (HttpServer2.java:addGlobalFilter(975)) - Added global filter 'safety' (class=org.apache.hadoop.http.HttpServer2$QuotingInputFilter)
2019-10-21 21:51:02,150 [main] INFO  http.HttpServer2 (HttpServer2.java:addFilter(948)) - Added filter static_user_filter (class=org.apache.hadoop.http.lib.StaticUserWebFilter$StaticUserFilter) to context ozoneManager
2019-10-21 21:51:02,150 [main] INFO  http.HttpServer2 (HttpServer2.java:addFilter(958)) - Added filter static_user_filter (class=org.apache.hadoop.http.lib.StaticUserWebFilter$StaticUserFilter) to context static
2019-10-21 21:51:02,151 [main] INFO  http.HttpServer2 (HttpServer2.java:addFilter(958)) - Added filter static_user_filter (class=org.apache.hadoop.http.lib.StaticUserWebFilter$StaticUserFilter) to context logs
2019-10-21 21:51:02,153 [main] INFO  http.HttpServer2 (HttpServer2.java:bindListener(1191)) - Jetty bound to port 38220
2019-10-21 21:51:02,154 [main] INFO  server.Server (Server.java:doStart(351)) - jetty-9.3.25.v20180904, build timestamp: 2018-09-04T21:11:46Z, git hash: 3ce520221d0240229c862b122d2b06c12a625732
2019-10-21 21:51:02,156 [main] INFO  handler.ContextHandler (ContextHandler.java:doStart(781)) - Started o.e.j.s.ServletContextHandler@368d5c00{/logs,file:///workdir/hadoop-ozone/integration-test/target/log,AVAILABLE}
2019-10-21 21:51:02,157 [main] INFO  handler.ContextHandler (ContextHandler.java:doStart(781)) - Started o.e.j.s.ServletContextHandler@aa10649{/static,file:///workdir/hadoop-ozone/integration-test/target/test-classes/webapps/static,AVAILABLE}
2019-10-21 21:51:02,163 [main] INFO  handler.ContextHandler (ContextHandler.java:doStart(781)) - Started o.e.j.w.WebAppContext@41aaedaa{/,file:///workdir/hadoop-ozone/integration-test/target/test-classes/webapps/ozoneManager/,AVAILABLE}{/ozoneManager}
2019-10-21 21:51:02,164 [main] INFO  server.AbstractConnector (AbstractConnector.java:doStart(278)) - Started ServerConnector@303a5119{HTTP/1.1,[http/1.1]}{0.0.0.0:38220}
2019-10-21 21:51:02,164 [main] INFO  server.Server (Server.java:doStart(419)) - Started @5114ms
2019-10-21 21:51:02,165 [main] WARN  impl.MetricsSystemImpl (MetricsSystemImpl.java:register(276)) - Sink prometheus already exists!
2019-10-21 21:51:02,166 [main] INFO  server.BaseHttpServer (BaseHttpServer.java:updateConnectorAddress(215)) - HTTP server of OZONEMANAGER is listening at http://0.0.0.0:38220
2019-10-21 21:51:02,429 [main] INFO  impl.MetricsSystemImpl (MetricsSystemImpl.java:init(158)) - HddsDatanode metrics system started (again)
2019-10-21 21:51:02,475 [main] INFO  ozone.HddsDatanodeService (HddsDatanodeService.java:start(184)) - HddsDatanodeService host:pr-hdds-2310-sp97z-1197097266 ip:192.168.34.8
2019-10-21 21:51:02,509 [main] INFO  volume.HddsVolume (HddsVolume.java:<init>(176)) - Creating Volume: /workdir/hadoop-ozone/integration-test/target/test-dir/MiniOzoneClusterImpl-06dedcb5-84fe-4716-9b2a-3f157192d9ff/datanode-0/data/containers/hdds of  storage type : DISK and capacity : 1482555576320
2019-10-21 21:51:02,511 [main] INFO  volume.VolumeSet (VolumeSet.java:initializeVolumeSet(170)) - Added Volume : /workdir/hadoop-ozone/integration-test/target/test-dir/MiniOzoneClusterImpl-06dedcb5-84fe-4716-9b2a-3f157192d9ff/datanode-0/data/containers/hdds to VolumeSet
2019-10-21 21:51:02,514 [main] INFO  volume.ThrottledAsyncChecker (ThrottledAsyncChecker.java:schedule(141)) - Scheduling a check for /workdir/hadoop-ozone/integration-test/target/test-dir/MiniOzoneClusterImpl-06dedcb5-84fe-4716-9b2a-3f157192d9ff/datanode-0/data/containers/hdds
2019-10-21 21:51:02,531 [main] INFO  volume.HddsVolumeChecker (HddsVolumeChecker.java:checkAllVolumes(204)) - Scheduled health check for volume /workdir/hadoop-ozone/integration-test/target/test-dir/MiniOzoneClusterImpl-06dedcb5-84fe-4716-9b2a-3f157192d9ff/datanode-0/data/containers/hdds
2019-10-21 21:51:02,643 [main] INFO  impl.RaftServerProxy (ConfUtils.java:logGet(43)) - raft.rpc.type = GRPC (default)
2019-10-21 21:51:02,706 [main] INFO  grpc.GrpcFactory (GrpcFactory.java:checkPooledByteBufAllocatorUseCacheForAllThreads(45)) - PERFORMANCE WARNING: useCacheForAllThreads is true that may cause Netty to create a lot garbage objects and, as a result, trigger GC.
	It is recommended to disable useCacheForAllThreads by setting -Dorg.apache.ratis.thirdparty.io.netty.allocator.useCacheForAllThreads=false in command line.
2019-10-21 21:51:02,711 [main] INFO  grpc.GrpcConfigKeys$Server (ConfUtils.java:logGet(43)) - raft.grpc.server.port = 0 (default)
2019-10-21 21:51:02,712 [main] INFO  server.GrpcService (ConfUtils.java:logGet(43)) - raft.grpc.message.size.max = 33570816 (custom)
2019-10-21 21:51:02,713 [main] INFO  server.RaftServerConfigKeys (ConfUtils.java:logGet(43)) - raft.server.log.appender.buffer.byte-limit = 33554432 (custom)
2019-10-21 21:51:02,714 [main] INFO  server.GrpcService (ConfUtils.java:logGet(43)) - raft.grpc.flow.control.window = 1MB (=1048576) (default)
2019-10-21 21:51:02,715 [main] INFO  server.RaftServerConfigKeys (ConfUtils.java:logGet(43)) - raft.server.rpc.request.timeout = 3000ms (default)
2019-10-21 21:51:02,880 [main] INFO  server.RaftServerConfigKeys (ConfUtils.java:logGet(43)) - raft.server.storage.dir = [/workdir/hadoop-ozone/integration-test/target/test-dir/MiniOzoneClusterImpl-06dedcb5-84fe-4716-9b2a-3f157192d9ff/datanode-0/data/ratis] (custom)
2019-10-21 21:51:02,934 [main] INFO  hdfs.DFSUtil (DFSUtil.java:httpServerTemplateForNNAndJN(1641)) - Starting Web-server for hddsDatanode at: http://0.0.0.0:0
2019-10-21 21:51:02,937 [main] INFO  server.AuthenticationFilter (AuthenticationFilter.java:constructSecretProvider(240)) - Unable to initialize FileSignerSecretProvider, falling back to use random secrets.
2019-10-21 21:51:02,938 [main] WARN  http.HttpRequestLog (HttpRequestLog.java:getRequestLog(97)) - Jetty request log can only be enabled using Log4j
2019-10-21 21:51:02,941 [main] INFO  http.HttpServer2 (HttpServer2.java:addGlobalFilter(975)) - Added global filter 'safety' (class=org.apache.hadoop.http.HttpServer2$QuotingInputFilter)
2019-10-21 21:51:02,942 [main] INFO  http.HttpServer2 (HttpServer2.java:addFilter(948)) - Added filter static_user_filter (class=org.apache.hadoop.http.lib.StaticUserWebFilter$StaticUserFilter) to context hddsDatanode
2019-10-21 21:51:02,942 [main] INFO  http.HttpServer2 (HttpServer2.java:addFilter(958)) - Added filter static_user_filter (class=org.apache.hadoop.http.lib.StaticUserWebFilter$StaticUserFilter) to context static
2019-10-21 21:51:02,942 [main] INFO  http.HttpServer2 (HttpServer2.java:addFilter(958)) - Added filter static_user_filter (class=org.apache.hadoop.http.lib.StaticUserWebFilter$StaticUserFilter) to context logs
2019-10-21 21:51:02,944 [main] INFO  http.HttpServer2 (HttpServer2.java:bindListener(1191)) - Jetty bound to port 46688
2019-10-21 21:51:02,944 [main] INFO  server.Server (Server.java:doStart(351)) - jetty-9.3.25.v20180904, build timestamp: 2018-09-04T21:11:46Z, git hash: 3ce520221d0240229c862b122d2b06c12a625732
2019-10-21 21:51:02,948 [main] INFO  handler.ContextHandler (ContextHandler.java:doStart(781)) - Started o.e.j.s.ServletContextHandler@46185a1b{/logs,file:///workdir/hadoop-ozone/integration-test/target/log,AVAILABLE}
2019-10-21 21:51:02,949 [main] INFO  handler.ContextHandler (ContextHandler.java:doStart(781)) - Started o.e.j.s.ServletContextHandler@60cf62ad{/static,jar:file:/home/user/.m2/repository/org/apache/hadoop/hadoop-hdds-container-service/0.5.0-SNAPSHOT/hadoop-hdds-container-service-0.5.0-SNAPSHOT.jar!/webapps/static,AVAILABLE}
2019-10-21 21:51:02,991 [main] INFO  handler.ContextHandler (ContextHandler.java:doStart(781)) - Started o.e.j.w.WebAppContext@1aabf50d{/,file:///tmp/jetty-0.0.0.0-46688-hddsDatanode-_-any-732296200955024439.dir/webapp/,AVAILABLE}{/hddsDatanode}
2019-10-21 21:51:02,992 [main] INFO  server.AbstractConnector (AbstractConnector.java:doStart(278)) - Started ServerConnector@73c9e8e8{HTTP/1.1,[http/1.1]}{0.0.0.0:46688}
2019-10-21 21:51:02,992 [main] INFO  server.Server (Server.java:doStart(419)) - Started @5942ms
2019-10-21 21:51:02,993 [main] WARN  impl.MetricsSystemImpl (MetricsSystemImpl.java:register(276)) - Sink prometheus already exists!
2019-10-21 21:51:02,994 [main] INFO  server.BaseHttpServer (BaseHttpServer.java:updateConnectorAddress(215)) - HTTP server of HDDSDATANODE is listening at http://0.0.0.0:46688
2019-10-21 21:51:02,996 [main] INFO  impl.MetricsSystemImpl (MetricsSystemImpl.java:init(158)) - HddsDatanode metrics system started (again)
2019-10-21 21:51:02,999 [main] INFO  ozone.HddsDatanodeService (HddsDatanodeService.java:start(184)) - HddsDatanodeService host:pr-hdds-2310-sp97z-1197097266 ip:192.168.34.8
2019-10-21 21:51:03,002 [org.apache.hadoop.util.JvmPauseMonitor$Monitor@6f39802c] INFO  util.JvmPauseMonitor (JvmPauseMonitor.java:run(188)) - Starting JVM pause monitor
2019-10-21 21:51:03,008 [main] INFO  volume.HddsVolume (HddsVolume.java:<init>(176)) - Creating Volume: /workdir/hadoop-ozone/integration-test/target/test-dir/MiniOzoneClusterImpl-06dedcb5-84fe-4716-9b2a-3f157192d9ff/datanode-1/data/containers/hdds of  storage type : DISK and capacity : 1482555576320
2019-10-21 21:51:03,008 [main] INFO  volume.VolumeSet (VolumeSet.java:initializeVolumeSet(170)) - Added Volume : /workdir/hadoop-ozone/integration-test/target/test-dir/MiniOzoneClusterImpl-06dedcb5-84fe-4716-9b2a-3f157192d9ff/datanode-1/data/containers/hdds to VolumeSet
2019-10-21 21:51:03,009 [main] INFO  volume.ThrottledAsyncChecker (ThrottledAsyncChecker.java:schedule(141)) - Scheduling a check for /workdir/hadoop-ozone/integration-test/target/test-dir/MiniOzoneClusterImpl-06dedcb5-84fe-4716-9b2a-3f157192d9ff/datanode-1/data/containers/hdds
2019-10-21 21:51:03,009 [main] INFO  volume.HddsVolumeChecker (HddsVolumeChecker.java:checkAllVolumes(204)) - Scheduled health check for volume /workdir/hadoop-ozone/integration-test/target/test-dir/MiniOzoneClusterImpl-06dedcb5-84fe-4716-9b2a-3f157192d9ff/datanode-1/data/containers/hdds
2019-10-21 21:51:03,023 [main] INFO  impl.RaftServerProxy (ConfUtils.java:logGet(43)) - raft.rpc.type = GRPC (default)
2019-10-21 21:51:03,024 [main] INFO  grpc.GrpcFactory (GrpcFactory.java:checkPooledByteBufAllocatorUseCacheForAllThreads(45)) - PERFORMANCE WARNING: useCacheForAllThreads is true that may cause Netty to create a lot garbage objects and, as a result, trigger GC.
	It is recommended to disable useCacheForAllThreads by setting -Dorg.apache.ratis.thirdparty.io.netty.allocator.useCacheForAllThreads=false in command line.
2019-10-21 21:51:03,024 [main] INFO  grpc.GrpcConfigKeys$Server (ConfUtils.java:logGet(43)) - raft.grpc.server.port = 0 (default)
2019-10-21 21:51:03,024 [main] INFO  server.GrpcService (ConfUtils.java:logGet(43)) - raft.grpc.message.size.max = 33570816 (custom)
2019-10-21 21:51:03,024 [main] INFO  server.RaftServerConfigKeys (ConfUtils.java:logGet(43)) - raft.server.log.appender.buffer.byte-limit = 33554432 (custom)
2019-10-21 21:51:03,025 [main] INFO  server.GrpcService (ConfUtils.java:logGet(43)) - raft.grpc.flow.control.window = 1MB (=1048576) (default)
2019-10-21 21:51:03,025 [main] INFO  server.RaftServerConfigKeys (ConfUtils.java:logGet(43)) - raft.server.rpc.request.timeout = 3000ms (default)
2019-10-21 21:51:03,025 [main] INFO  server.RaftServerConfigKeys (ConfUtils.java:logGet(43)) - raft.server.storage.dir = [/workdir/hadoop-ozone/integration-test/target/test-dir/MiniOzoneClusterImpl-06dedcb5-84fe-4716-9b2a-3f157192d9ff/datanode-1/data/ratis] (custom)
2019-10-21 21:51:03,028 [main] INFO  hdfs.DFSUtil (DFSUtil.java:httpServerTemplateForNNAndJN(1641)) - Starting Web-server for hddsDatanode at: http://0.0.0.0:0
2019-10-21 21:51:03,029 [main] INFO  server.AuthenticationFilter (AuthenticationFilter.java:constructSecretProvider(240)) - Unable to initialize FileSignerSecretProvider, falling back to use random secrets.
2019-10-21 21:51:03,030 [main] WARN  http.HttpRequestLog (HttpRequestLog.java:getRequestLog(97)) - Jetty request log can only be enabled using Log4j
2019-10-21 21:51:03,031 [main] INFO  http.HttpServer2 (HttpServer2.java:addGlobalFilter(975)) - Added global filter 'safety' (class=org.apache.hadoop.http.HttpServer2$QuotingInputFilter)
2019-10-21 21:51:03,032 [main] INFO  http.HttpServer2 (HttpServer2.java:addFilter(948)) - Added filter static_user_filter (class=org.apache.hadoop.http.lib.StaticUserWebFilter$StaticUserFilter) to context hddsDatanode
2019-10-21 21:51:03,032 [main] INFO  http.HttpServer2 (HttpServer2.java:addFilter(958)) - Added filter static_user_filter (class=org.apache.hadoop.http.lib.StaticUserWebFilter$StaticUserFilter) to context logs
2019-10-21 21:51:03,032 [main] INFO  http.HttpServer2 (HttpServer2.java:addFilter(958)) - Added filter static_user_filter (class=org.apache.hadoop.http.lib.StaticUserWebFilter$StaticUserFilter) to context static
2019-10-21 21:51:03,033 [main] INFO  http.HttpServer2 (HttpServer2.java:bindListener(1191)) - Jetty bound to port 46168
2019-10-21 21:51:03,034 [main] INFO  server.Server (Server.java:doStart(351)) - jetty-9.3.25.v20180904, build timestamp: 2018-09-04T21:11:46Z, git hash: 3ce520221d0240229c862b122d2b06c12a625732
2019-10-21 21:51:03,037 [main] INFO  handler.ContextHandler (ContextHandler.java:doStart(781)) - Started o.e.j.s.ServletContextHandler@6a472566{/logs,file:///workdir/hadoop-ozone/integration-test/target/log,AVAILABLE}
2019-10-21 21:51:03,037 [main] INFO  handler.ContextHandler (ContextHandler.java:doStart(781)) - Started o.e.j.s.ServletContextHandler@5e65afb6{/static,jar:file:/home/user/.m2/repository/org/apache/hadoop/hadoop-hdds-container-service/0.5.0-SNAPSHOT/hadoop-hdds-container-service-0.5.0-SNAPSHOT.jar!/webapps/static,AVAILABLE}
2019-10-21 21:51:03,067 [main] INFO  handler.ContextHandler (ContextHandler.java:doStart(781)) - Started o.e.j.w.WebAppContext@5c77ba8f{/,file:///tmp/jetty-0.0.0.0-46168-hddsDatanode-_-any-3709417872414207880.dir/webapp/,AVAILABLE}{/hddsDatanode}
2019-10-21 21:51:03,068 [main] INFO  server.AbstractConnector (AbstractConnector.java:doStart(278)) - Started ServerConnector@660f0c{HTTP/1.1,[http/1.1]}{0.0.0.0:46168}
2019-10-21 21:51:03,069 [main] INFO  server.Server (Server.java:doStart(419)) - Started @6019ms
2019-10-21 21:51:03,069 [main] WARN  impl.MetricsSystemImpl (MetricsSystemImpl.java:register(276)) - Sink prometheus already exists!
2019-10-21 21:51:03,071 [main] INFO  server.BaseHttpServer (BaseHttpServer.java:updateConnectorAddress(215)) - HTTP server of HDDSDATANODE is listening at http://0.0.0.0:46168
2019-10-21 21:51:03,072 [main] INFO  impl.MetricsSystemImpl (MetricsSystemImpl.java:init(158)) - HddsDatanode metrics system started (again)
2019-10-21 21:51:03,075 [main] INFO  ozone.HddsDatanodeService (HddsDatanodeService.java:start(184)) - HddsDatanodeService host:pr-hdds-2310-sp97z-1197097266 ip:192.168.34.8
2019-10-21 21:51:03,075 [org.apache.hadoop.util.JvmPauseMonitor$Monitor@2785998a] INFO  util.JvmPauseMonitor (JvmPauseMonitor.java:run(188)) - Starting JVM pause monitor
2019-10-21 21:51:03,085 [main] INFO  volume.HddsVolume (HddsVolume.java:<init>(176)) - Creating Volume: /workdir/hadoop-ozone/integration-test/target/test-dir/MiniOzoneClusterImpl-06dedcb5-84fe-4716-9b2a-3f157192d9ff/datanode-2/data/containers/hdds of  storage type : DISK and capacity : 1482555576320
2019-10-21 21:51:03,085 [main] INFO  volume.VolumeSet (VolumeSet.java:initializeVolumeSet(170)) - Added Volume : /workdir/hadoop-ozone/integration-test/target/test-dir/MiniOzoneClusterImpl-06dedcb5-84fe-4716-9b2a-3f157192d9ff/datanode-2/data/containers/hdds to VolumeSet
2019-10-21 21:51:03,085 [main] INFO  volume.ThrottledAsyncChecker (ThrottledAsyncChecker.java:schedule(141)) - Scheduling a check for /workdir/hadoop-ozone/integration-test/target/test-dir/MiniOzoneClusterImpl-06dedcb5-84fe-4716-9b2a-3f157192d9ff/datanode-2/data/containers/hdds
2019-10-21 21:51:03,086 [main] INFO  volume.HddsVolumeChecker (HddsVolumeChecker.java:checkAllVolumes(204)) - Scheduled health check for volume /workdir/hadoop-ozone/integration-test/target/test-dir/MiniOzoneClusterImpl-06dedcb5-84fe-4716-9b2a-3f157192d9ff/datanode-2/data/containers/hdds
2019-10-21 21:51:03,100 [main] INFO  impl.RaftServerProxy (ConfUtils.java:logGet(43)) - raft.rpc.type = GRPC (default)
2019-10-21 21:51:03,100 [main] INFO  grpc.GrpcFactory (GrpcFactory.java:checkPooledByteBufAllocatorUseCacheForAllThreads(45)) - PERFORMANCE WARNING: useCacheForAllThreads is true that may cause Netty to create a lot garbage objects and, as a result, trigger GC.
	It is recommended to disable useCacheForAllThreads by setting -Dorg.apache.ratis.thirdparty.io.netty.allocator.useCacheForAllThreads=false in command line.
2019-10-21 21:51:03,101 [main] INFO  grpc.GrpcConfigKeys$Server (ConfUtils.java:logGet(43)) - raft.grpc.server.port = 0 (default)
2019-10-21 21:51:03,101 [main] INFO  server.GrpcService (ConfUtils.java:logGet(43)) - raft.grpc.message.size.max = 33570816 (custom)
2019-10-21 21:51:03,101 [main] INFO  server.RaftServerConfigKeys (ConfUtils.java:logGet(43)) - raft.server.log.appender.buffer.byte-limit = 33554432 (custom)
2019-10-21 21:51:03,101 [main] INFO  server.GrpcService (ConfUtils.java:logGet(43)) - raft.grpc.flow.control.window = 1MB (=1048576) (default)
2019-10-21 21:51:03,101 [main] INFO  server.RaftServerConfigKeys (ConfUtils.java:logGet(43)) - raft.server.rpc.request.timeout = 3000ms (default)
2019-10-21 21:51:03,102 [main] INFO  server.RaftServerConfigKeys (ConfUtils.java:logGet(43)) - raft.server.storage.dir = [/workdir/hadoop-ozone/integration-test/target/test-dir/MiniOzoneClusterImpl-06dedcb5-84fe-4716-9b2a-3f157192d9ff/datanode-2/data/ratis] (custom)
2019-10-21 21:51:03,104 [main] INFO  hdfs.DFSUtil (DFSUtil.java:httpServerTemplateForNNAndJN(1641)) - Starting Web-server for hddsDatanode at: http://0.0.0.0:0
2019-10-21 21:51:03,106 [main] INFO  server.AuthenticationFilter (AuthenticationFilter.java:constructSecretProvider(240)) - Unable to initialize FileSignerSecretProvider, falling back to use random secrets.
2019-10-21 21:51:03,106 [main] WARN  http.HttpRequestLog (HttpRequestLog.java:getRequestLog(97)) - Jetty request log can only be enabled using Log4j
2019-10-21 21:51:03,108 [main] INFO  http.HttpServer2 (HttpServer2.java:addGlobalFilter(975)) - Added global filter 'safety' (class=org.apache.hadoop.http.HttpServer2$QuotingInputFilter)
2019-10-21 21:51:03,109 [main] INFO  http.HttpServer2 (HttpServer2.java:addFilter(948)) - Added filter static_user_filter (class=org.apache.hadoop.http.lib.StaticUserWebFilter$StaticUserFilter) to context hddsDatanode
2019-10-21 21:51:03,109 [main] INFO  http.HttpServer2 (HttpServer2.java:addFilter(958)) - Added filter static_user_filter (class=org.apache.hadoop.http.lib.StaticUserWebFilter$StaticUserFilter) to context static
2019-10-21 21:51:03,109 [main] INFO  http.HttpServer2 (HttpServer2.java:addFilter(958)) - Added filter static_user_filter (class=org.apache.hadoop.http.lib.StaticUserWebFilter$StaticUserFilter) to context logs
2019-10-21 21:51:03,110 [main] INFO  http.HttpServer2 (HttpServer2.java:bindListener(1191)) - Jetty bound to port 42308
2019-10-21 21:51:03,110 [main] INFO  server.Server (Server.java:doStart(351)) - jetty-9.3.25.v20180904, build timestamp: 2018-09-04T21:11:46Z, git hash: 3ce520221d0240229c862b122d2b06c12a625732
2019-10-21 21:51:03,113 [main] INFO  handler.ContextHandler (ContextHandler.java:doStart(781)) - Started o.e.j.s.ServletContextHandler@46c269e0{/logs,file:///workdir/hadoop-ozone/integration-test/target/log,AVAILABLE}
2019-10-21 21:51:03,113 [main] INFO  handler.ContextHandler (ContextHandler.java:doStart(781)) - Started o.e.j.s.ServletContextHandler@6069dd38{/static,jar:file:/home/user/.m2/repository/org/apache/hadoop/hadoop-hdds-container-service/0.5.0-SNAPSHOT/hadoop-hdds-container-service-0.5.0-SNAPSHOT.jar!/webapps/static,AVAILABLE}
2019-10-21 21:51:03,117 [Datanode State Machine Thread - 0] INFO  datanode.InitDatanodeState (InitDatanodeState.java:persistContainerDatanodeDetails(140)) - DatanodeDetails is persisted to /workdir/hadoop-ozone/integration-test/target/test-dir/MiniOzoneClusterImpl-06dedcb5-84fe-4716-9b2a-3f157192d9ff/datanode-0/meta/datanode.id
2019-10-21 21:51:03,121 [Datanode State Machine Thread - 0] INFO  datanode.InitDatanodeState (InitDatanodeState.java:persistContainerDatanodeDetails(140)) - DatanodeDetails is persisted to /workdir/hadoop-ozone/integration-test/target/test-dir/MiniOzoneClusterImpl-06dedcb5-84fe-4716-9b2a-3f157192d9ff/datanode-1/meta/datanode.id
2019-10-21 21:51:03,147 [main] INFO  handler.ContextHandler (ContextHandler.java:doStart(781)) - Started o.e.j.w.WebAppContext@476fe690{/,file:///tmp/jetty-0.0.0.0-42308-hddsDatanode-_-any-5991646907904838895.dir/webapp/,AVAILABLE}{/hddsDatanode}
2019-10-21 21:51:03,148 [main] INFO  server.AbstractConnector (AbstractConnector.java:doStart(278)) - Started ServerConnector@7a0e7ecd{HTTP/1.1,[http/1.1]}{0.0.0.0:42308}
2019-10-21 21:51:03,148 [main] INFO  server.Server (Server.java:doStart(419)) - Started @6098ms
2019-10-21 21:51:03,148 [main] WARN  impl.MetricsSystemImpl (MetricsSystemImpl.java:register(276)) - Sink prometheus already exists!
2019-10-21 21:51:03,150 [main] INFO  server.BaseHttpServer (BaseHttpServer.java:updateConnectorAddress(215)) - HTTP server of HDDSDATANODE is listening at http://0.0.0.0:42308
2019-10-21 21:51:03,152 [main] INFO  ozone.MiniOzoneClusterImpl (MiniOzoneClusterImpl.java:lambda$waitForClusterToBeReady$0(147)) - Waiting for cluster to be ready. Got 0 of 3 DN Heartbeats.
2019-10-21 21:51:03,152 [org.apache.hadoop.util.JvmPauseMonitor$Monitor@21a9cfb9] INFO  util.JvmPauseMonitor (JvmPauseMonitor.java:run(188)) - Starting JVM pause monitor
2019-10-21 21:51:03,156 [Datanode State Machine Thread - 0] INFO  datanode.InitDatanodeState (InitDatanodeState.java:persistContainerDatanodeDetails(140)) - DatanodeDetails is persisted to /workdir/hadoop-ozone/integration-test/target/test-dir/MiniOzoneClusterImpl-06dedcb5-84fe-4716-9b2a-3f157192d9ff/datanode-2/meta/datanode.id
2019-10-21 21:51:04,152 [main] INFO  ozone.MiniOzoneClusterImpl (MiniOzoneClusterImpl.java:lambda$waitForClusterToBeReady$0(147)) - Waiting for cluster to be ready. Got 0 of 3 DN Heartbeats.
2019-10-21 21:51:05,092 [Datanode State Machine Thread - 0] INFO  ozoneimpl.OzoneContainer (OzoneContainer.java:start(213)) - Attempting to start container services.
2019-10-21 21:51:05,092 [Datanode State Machine Thread - 0] INFO  ozoneimpl.OzoneContainer (OzoneContainer.java:start(213)) - Attempting to start container services.
2019-10-21 21:51:05,095 [Datanode State Machine Thread - 0] INFO  ozoneimpl.OzoneContainer (OzoneContainer.java:startContainerScrub(177)) - Background container scanner has been disabled.
2019-10-21 21:51:05,095 [Datanode State Machine Thread - 0] INFO  ozoneimpl.OzoneContainer (OzoneContainer.java:startContainerScrub(177)) - Background container scanner has been disabled.
2019-10-21 21:51:05,095 [Datanode State Machine Thread - 0] INFO  ratis.XceiverServerRatis (XceiverServerRatis.java:start(418)) - Starting XceiverServerRatis 0794a7c8-829f-468b-b883-2035423e3fbd at port 0
2019-10-21 21:51:05,095 [Datanode State Machine Thread - 0] INFO  ratis.XceiverServerRatis (XceiverServerRatis.java:start(418)) - Starting XceiverServerRatis 06b05a7f-a473-42c9-9200-88e1a405b515 at port 0
2019-10-21 21:51:05,122 [Datanode State Machine Thread - 0] INFO  impl.RaftServerProxy (RaftServerProxy.java:lambda$start$3(299)) - 0794a7c8-829f-468b-b883-2035423e3fbd: start RPC server
2019-10-21 21:51:05,122 [Datanode State Machine Thread - 0] INFO  impl.RaftServerProxy (RaftServerProxy.java:lambda$start$3(299)) - 06b05a7f-a473-42c9-9200-88e1a405b515: start RPC server
2019-10-21 21:51:05,153 [main] INFO  ozone.MiniOzoneClusterImpl (MiniOzoneClusterImpl.java:lambda$waitForClusterToBeReady$0(147)) - Waiting for cluster to be ready. Got 0 of 3 DN Heartbeats.
2019-10-21 21:51:05,169 [Datanode State Machine Thread - 0] INFO  ozoneimpl.OzoneContainer (OzoneContainer.java:start(213)) - Attempting to start container services.
2019-10-21 21:51:05,175 [Datanode State Machine Thread - 0] INFO  ozoneimpl.OzoneContainer (OzoneContainer.java:startContainerScrub(177)) - Background container scanner has been disabled.
2019-10-21 21:51:05,175 [Datanode State Machine Thread - 0] INFO  ratis.XceiverServerRatis (XceiverServerRatis.java:start(418)) - Starting XceiverServerRatis e5ffd24e-bf4a-4ea8-9998-5222e19566cd at port 0
2019-10-21 21:51:05,184 [Datanode State Machine Thread - 0] INFO  impl.RaftServerProxy (RaftServerProxy.java:lambda$start$3(299)) - e5ffd24e-bf4a-4ea8-9998-5222e19566cd: start RPC server
2019-10-21 21:51:05,258 [Datanode State Machine Thread - 0] INFO  server.GrpcService (GrpcService.java:startImpl(158)) - 06b05a7f-a473-42c9-9200-88e1a405b515: GrpcService started, listening on 0.0.0.0/0.0.0.0:42604
2019-10-21 21:51:05,258 [Datanode State Machine Thread - 0] INFO  server.GrpcService (GrpcService.java:startImpl(158)) - 0794a7c8-829f-468b-b883-2035423e3fbd: GrpcService started, listening on 0.0.0.0/0.0.0.0:36706
2019-10-21 21:51:05,258 [Datanode State Machine Thread - 0] INFO  server.GrpcService (GrpcService.java:startImpl(158)) - e5ffd24e-bf4a-4ea8-9998-5222e19566cd: GrpcService started, listening on 0.0.0.0/0.0.0.0:41621
2019-10-21 21:51:05,260 [Datanode State Machine Thread - 0] INFO  ratis.XceiverServerRatis (XceiverServerRatis.java:start(428)) - XceiverServerRatis 0794a7c8-829f-468b-b883-2035423e3fbd is started using port 36706
2019-10-21 21:51:05,260 [Datanode State Machine Thread - 0] INFO  ratis.XceiverServerRatis (XceiverServerRatis.java:start(428)) - XceiverServerRatis 06b05a7f-a473-42c9-9200-88e1a405b515 is started using port 42604
2019-10-21 21:51:05,260 [Datanode State Machine Thread - 0] INFO  ratis.XceiverServerRatis (XceiverServerRatis.java:start(428)) - XceiverServerRatis e5ffd24e-bf4a-4ea8-9998-5222e19566cd is started using port 41621
2019-10-21 21:51:05,265 [Datanode State Machine Thread - 0] INFO  server.XceiverServerGrpc (XceiverServerGrpc.java:start(149)) - XceiverServerGrpc 06b05a7f-a473-42c9-9200-88e1a405b515 is started using port 46144
2019-10-21 21:51:05,265 [Datanode State Machine Thread - 0] INFO  server.XceiverServerGrpc (XceiverServerGrpc.java:start(149)) - XceiverServerGrpc 0794a7c8-829f-468b-b883-2035423e3fbd is started using port 36429
2019-10-21 21:51:05,265 [Datanode State Machine Thread - 0] INFO  server.XceiverServerGrpc (XceiverServerGrpc.java:start(149)) - XceiverServerGrpc e5ffd24e-bf4a-4ea8-9998-5222e19566cd is started using port 35016
2019-10-21 21:51:06,154 [main] INFO  ozone.MiniOzoneClusterImpl (MiniOzoneClusterImpl.java:lambda$waitForClusterToBeReady$0(147)) - Waiting for cluster to be ready. Got 0 of 3 DN Heartbeats.
2019-10-21 21:51:07,030 [IPC Server handler 1 on 36817] INFO  net.NetworkTopology (NetworkTopologyImpl.java:add(111)) - Added a new node: /default-rack/0794a7c8-829f-468b-b883-2035423e3fbd
2019-10-21 21:51:07,032 [IPC Server handler 1 on 36817] INFO  node.SCMNodeManager (SCMNodeManager.java:register(268)) - Registered Data node : 0794a7c8-829f-468b-b883-2035423e3fbd{ip: 192.168.34.8, host: pr-hdds-2310-sp97z-1197097266, networkLocation: /default-rack, certSerialId: null}
2019-10-21 21:51:07,035 [EventQueue-NodeRegistrationContainerReportForDataNodeSafeModeRule] INFO  safemode.SCMSafeModeManager (DataNodeSafeModeRule.java:process(71)) - SCM in safe mode. 1 DataNodes registered, 1 required.
2019-10-21 21:51:07,035 [EventQueue-NodeRegistrationContainerReportForContainerSafeModeRule] INFO  safemode.SCMSafeModeManager (SCMSafeModeManager.java:validateSafeModeExitRules(177)) - ScmSafeModeManager, all rules are successfully validated
2019-10-21 21:51:07,035 [EventQueue-NodeRegistrationContainerReportForContainerSafeModeRule] INFO  safemode.SCMSafeModeManager (SCMSafeModeManager.java:exitSafeMode(193)) - SCM exiting safe mode.
2019-10-21 21:51:07,080 [IPC Server handler 0 on 36817] INFO  net.NetworkTopology (NetworkTopologyImpl.java:add(111)) - Added a new node: /default-rack/06b05a7f-a473-42c9-9200-88e1a405b515
2019-10-21 21:51:07,080 [IPC Server handler 0 on 36817] INFO  node.SCMNodeManager (SCMNodeManager.java:register(268)) - Registered Data node : 06b05a7f-a473-42c9-9200-88e1a405b515{ip: 192.168.34.8, host: pr-hdds-2310-sp97z-1197097266, networkLocation: /default-rack, certSerialId: null}
2019-10-21 21:51:07,154 [main] INFO  ozone.MiniOzoneClusterImpl (MiniOzoneClusterImpl.java:lambda$waitForClusterToBeReady$0(147)) - Waiting for cluster to be ready. Got 2 of 3 DN Heartbeats.
2019-10-21 21:51:07,157 [IPC Server handler 4 on 36817] INFO  net.NetworkTopology (NetworkTopologyImpl.java:add(111)) - Added a new node: /default-rack/e5ffd24e-bf4a-4ea8-9998-5222e19566cd
2019-10-21 21:51:07,157 [IPC Server handler 4 on 36817] INFO  node.SCMNodeManager (SCMNodeManager.java:register(268)) - Registered Data node : e5ffd24e-bf4a-4ea8-9998-5222e19566cd{ip: 192.168.34.8, host: pr-hdds-2310-sp97z-1197097266, networkLocation: /default-rack, certSerialId: null}
2019-10-21 21:51:07,470 [grpc-default-executor-0] INFO  impl.RaftServerProxy (RaftServerProxy.java:addNew(89)) - 0794a7c8-829f-468b-b883-2035423e3fbd: addNew group-2813BB380673:[0794a7c8-829f-468b-b883-2035423e3fbd:192.168.34.8:36706] returns group-2813BB380673:java.util.concurrent.CompletableFuture@6eef8e9f[Not completed]
2019-10-21 21:51:07,484 [pool-27-thread-1] INFO  impl.RaftServerImpl (RaftServerImpl.java:<init>(104)) - 0794a7c8-829f-468b-b883-2035423e3fbd: new RaftServerImpl for group-2813BB380673:[0794a7c8-829f-468b-b883-2035423e3fbd:192.168.34.8:36706] with ContainerStateMachine:uninitialized
2019-10-21 21:51:07,487 [pool-27-thread-1] INFO  server.RaftServerConfigKeys (ConfUtils.java:logGet(43)) - raft.server.rpc.timeout.min = 5s (custom)
2019-10-21 21:51:07,488 [pool-27-thread-1] INFO  server.RaftServerConfigKeys (ConfUtils.java:logGet(43)) - raft.server.rpc.timeout.max = 5200ms (custom)
2019-10-21 21:51:07,488 [pool-27-thread-1] INFO  server.RaftServerConfigKeys (ConfUtils.java:logGet(43)) - raft.server.rpcslowness.timeout = 1000s (custom)
2019-10-21 21:51:07,488 [pool-27-thread-1] INFO  server.RaftServerConfigKeys (ConfUtils.java:logGet(43)) - raft.server.sleep.deviation.threshold = 300 (default)
2019-10-21 21:51:07,489 [pool-27-thread-1] INFO  server.RaftServerConfigKeys (ConfUtils.java:logGet(43)) - raft.server.log.appender.install.snapshot.enabled = false (custom)
2019-10-21 21:51:07,498 [pool-27-thread-1] INFO  impl.RaftServerImpl (ServerState.java:<init>(103)) - 0794a7c8-829f-468b-b883-2035423e3fbd@group-2813BB380673: ConfigurationManager, init=-1: [0794a7c8-829f-468b-b883-2035423e3fbd:192.168.34.8:36706], old=null, confs=<EMPTY_MAP>
2019-10-21 21:51:07,498 [pool-27-thread-1] INFO  server.RaftServerConfigKeys (ConfUtils.java:logGet(43)) - raft.server.storage.dir = [/workdir/hadoop-ozone/integration-test/target/test-dir/MiniOzoneClusterImpl-06dedcb5-84fe-4716-9b2a-3f157192d9ff/datanode-0/data/ratis] (custom)
2019-10-21 21:51:07,504 [pool-27-thread-1] INFO  server.RaftServerConfigKeys (ConfUtils.java:logGet(43)) - raft.server.log.corruption.policy = EXCEPTION (default)
2019-10-21 21:51:07,506 [pool-27-thread-1] INFO  storage.RaftStorageDirectory (RaftStorageDirectory.java:analyzeStorage(246)) - The storage directory /workdir/hadoop-ozone/integration-test/target/test-dir/MiniOzoneClusterImpl-06dedcb5-84fe-4716-9b2a-3f157192d9ff/datanode-0/data/ratis/5c1b9acb-5a8b-42aa-987d-2813bb380673 does not exist. Creating ...
2019-10-21 21:51:07,531 [pool-27-thread-1] INFO  storage.RaftStorageDirectory (RaftStorageDirectory.java:tryLock(328)) - Lock on /workdir/hadoop-ozone/integration-test/target/test-dir/MiniOzoneClusterImpl-06dedcb5-84fe-4716-9b2a-3f157192d9ff/datanode-0/data/ratis/5c1b9acb-5a8b-42aa-987d-2813bb380673/in_use.lock acquired by nodename 1598@pr-hdds-2310-sp97z-1197097266
2019-10-21 21:51:07,547 [pool-27-thread-1] INFO  storage.RaftStorage (RaftStorage.java:format(84)) - Storage directory /workdir/hadoop-ozone/integration-test/target/test-dir/MiniOzoneClusterImpl-06dedcb5-84fe-4716-9b2a-3f157192d9ff/datanode-0/data/ratis/5c1b9acb-5a8b-42aa-987d-2813bb380673 has been successfully formatted.
2019-10-21 21:51:07,550 [pool-27-thread-1] INFO  ratis.ContainerStateMachine (ContainerStateMachine.java:loadSnapshot(231)) - group-2813BB380673: The snapshot info is null. Setting the last applied indexto:(t:0, i:~)
2019-10-21 21:51:07,550 [pool-27-thread-1] INFO  server.RaftServerConfigKeys (ConfUtils.java:logGet(43)) - raft.server.notification.no-leader.timeout = 1000s (custom)
2019-10-21 21:51:07,552 [pool-27-thread-1] INFO  server.RaftServerConfigKeys (ConfUtils.java:logGet(43)) - raft.server.log.use.memory = false (default)
2019-10-21 21:51:07,557 [pool-27-thread-1] INFO  server.RaftServerConfigKeys (ConfUtils.java:logGet(43)) - raft.server.log.purge.gap = 1000000 (custom)
2019-10-21 21:51:07,557 [pool-27-thread-1] INFO  server.RaftServerConfigKeys (ConfUtils.java:logGet(43)) - raft.server.log.appender.buffer.byte-limit = 33554432 (custom)
2019-10-21 21:51:07,559 [pool-27-thread-1] INFO  server.RaftServerConfigKeys (ConfUtils.java:logGet(43)) - raft.server.log.segment.size.max = 1048576 (custom)
2019-10-21 21:51:07,561 [pool-27-thread-1] INFO  impl.MetricsSystemImpl (MetricsSystemImpl.java:init(158)) - ratis metrics system started (again)
2019-10-21 21:51:07,564 [pool-27-thread-1] INFO  metrics.MetricRegistries (MetricRegistriesLoader.java:load(64)) - Loaded MetricRegistries class org.apache.ratis.metrics.impl.MetricRegistriesImpl
2019-10-21 21:51:07,597 [pool-27-thread-1] INFO  server.RaftServerConfigKeys (ConfUtils.java:logGet(43)) - raft.server.log.segment.cache.num.max = 2 (custom)
2019-10-21 21:51:07,602 [pool-27-thread-1] INFO  segmented.SegmentedRaftLogWorker (SegmentedRaftLogWorker.java:<init>(173)) - new 0794a7c8-829f-468b-b883-2035423e3fbd@group-2813BB380673-SegmentedRaftLogWorker for RaftStorage:Storage Directory /workdir/hadoop-ozone/integration-test/target/test-dir/MiniOzoneClusterImpl-06dedcb5-84fe-4716-9b2a-3f157192d9ff/datanode-0/data/ratis/5c1b9acb-5a8b-42aa-987d-2813bb380673
2019-10-21 21:51:07,603 [pool-27-thread-1] INFO  server.RaftServerConfigKeys (ConfUtils.java:logGet(43)) - raft.server.log.queue.byte-limit = 2147483647 (custom)
2019-10-21 21:51:07,603 [pool-27-thread-1] INFO  server.RaftServerConfigKeys (ConfUtils.java:logGet(43)) - raft.server.log.queue.element-limit = 1024 (custom)
2019-10-21 21:51:07,604 [pool-27-thread-1] INFO  server.RaftServerConfigKeys (ConfUtils.java:logGet(43)) - raft.server.log.segment.size.max = 1048576 (custom)
2019-10-21 21:51:07,605 [pool-27-thread-1] INFO  server.RaftServerConfigKeys (ConfUtils.java:logGet(43)) - raft.server.log.preallocated.size = 16384 (custom)
2019-10-21 21:51:07,605 [pool-27-thread-1] INFO  server.RaftServerConfigKeys (ConfUtils.java:logGet(43)) - raft.server.log.write.buffer.size = 33554432 (custom)
2019-10-21 21:51:07,606 [pool-27-thread-1] INFO  server.RaftServerConfigKeys (ConfUtils.java:logGet(43)) - raft.server.log.force.sync.num = 128 (default)
2019-10-21 21:51:07,607 [pool-27-thread-1] INFO  server.RaftServerConfigKeys (ConfUtils.java:logGet(43)) - raft.server.log.statemachine.data.sync = true (default)
2019-10-21 21:51:07,607 [pool-27-thread-1] INFO  server.RaftServerConfigKeys (ConfUtils.java:logGet(43)) - raft.server.log.statemachine.data.sync.timeout = 10s (default)
2019-10-21 21:51:07,607 [pool-27-thread-1] INFO  server.RaftServerConfigKeys (ConfUtils.java:logGet(43)) - raft.server.log.statemachine.data.sync.timeout.retry = -1 (default)
2019-10-21 21:51:07,619 [pool-27-thread-1] INFO  server.RaftServerConfigKeys (ConfUtils.java:logGet(43)) - raft.server.log.statemachine.data.caching.enabled = true (custom)
2019-10-21 21:51:07,623 [pool-27-thread-1] INFO  segmented.SegmentedRaftLogWorker (SegmentedRaftLogWorker.java:lambda$new$0(128)) - 0794a7c8-829f-468b-b883-2035423e3fbd@group-2813BB380673-SegmentedRaftLogWorker: flushIndex: setUnconditionally 0 -> -1
2019-10-21 21:51:07,627 [pool-27-thread-1] INFO  server.RaftServerConfigKeys (ConfUtils.java:logGet(43)) - raft.server.snapshot.auto.trigger.enabled = true (custom)
2019-10-21 21:51:07,628 [pool-27-thread-1] INFO  server.RaftServerConfigKeys (ConfUtils.java:logGet(43)) - raft.server.snapshot.auto.trigger.threshold = 10000 (custom)
2019-10-21 21:51:07,629 [pool-27-thread-1] INFO  server.RaftServerConfigKeys (ConfUtils.java:logGet(43)) - raft.server.snapshot.retention.file.num = 5 (custom)
2019-10-21 21:51:07,629 [pool-27-thread-1] INFO  server.RaftServerConfigKeys (ConfUtils.java:logGet(43)) - raft.server.retrycache.expirytime = 600000ms (custom)
2019-10-21 21:51:07,661 [pool-27-thread-1] INFO  impl.RaftServerImpl (RaftServerImpl.java:start(195)) - 0794a7c8-829f-468b-b883-2035423e3fbd@group-2813BB380673: start as a follower, conf=-1: [0794a7c8-829f-468b-b883-2035423e3fbd:192.168.34.8:36706], old=null
2019-10-21 21:51:07,662 [pool-27-thread-1] INFO  impl.RaftServerImpl (RaftServerImpl.java:setRole(184)) - 0794a7c8-829f-468b-b883-2035423e3fbd@group-2813BB380673: changes role from      null to FOLLOWER at term 0 for startAsFollower
2019-10-21 21:51:07,663 [pool-27-thread-1] INFO  impl.RoleInfo (RoleInfo.java:updateAndGet(143)) - 0794a7c8-829f-468b-b883-2035423e3fbd: start FollowerState
2019-10-21 21:51:07,665 [pool-27-thread-1] INFO  util.JmxRegister (JmxRegister.java:tryRegister(44)) - Successfully registered JMX Bean with object name Ratis:service=RaftServer,group=group-2813BB380673,id=0794a7c8-829f-468b-b883-2035423e3fbd
2019-10-21 21:51:07,731 [RatisPipelineUtilsThread] INFO  pipeline.PipelineStateManager (PipelineStateManager.java:addPipeline(56)) - Created pipeline Pipeline[ Id: 5c1b9acb-5a8b-42aa-987d-2813bb380673, Nodes: 0794a7c8-829f-468b-b883-2035423e3fbd{ip: 192.168.34.8, host: pr-hdds-2310-sp97z-1197097266, networkLocation: /default-rack, certSerialId: null}, Type:RATIS, Factor:ONE, State:OPEN]
2019-10-21 21:51:07,749 [grpc-default-executor-0] INFO  impl.RaftServerProxy (RaftServerProxy.java:addNew(89)) - e5ffd24e-bf4a-4ea8-9998-5222e19566cd: addNew group-45CE639D6EF2:[e5ffd24e-bf4a-4ea8-9998-5222e19566cd:192.168.34.8:41621] returns group-45CE639D6EF2:java.util.concurrent.CompletableFuture@2c97dc80[Not completed]
2019-10-21 21:51:07,763 [Thread-186] INFO  impl.FollowerState (FollowerState.java:run(108)) - 0794a7c8-829f-468b-b883-2035423e3fbd@group-2813BB380673-FollowerState: change to CANDIDATE, lastRpcTime:99ms, electionTimeout:98ms
2019-10-21 21:51:07,773 [pool-47-thread-1] INFO  impl.RaftServerImpl (RaftServerImpl.java:<init>(104)) - e5ffd24e-bf4a-4ea8-9998-5222e19566cd: new RaftServerImpl for group-45CE639D6EF2:[e5ffd24e-bf4a-4ea8-9998-5222e19566cd:192.168.34.8:41621] with ContainerStateMachine:uninitialized
2019-10-21 21:51:07,778 [pool-47-thread-1] INFO  server.RaftServerConfigKeys (ConfUtils.java:logGet(43)) - raft.server.rpc.timeout.min = 5s (custom)
2019-10-21 21:51:07,778 [pool-47-thread-1] INFO  server.RaftServerConfigKeys (ConfUtils.java:logGet(43)) - raft.server.rpc.timeout.max = 5200ms (custom)
2019-10-21 21:51:07,778 [pool-47-thread-1] INFO  server.RaftServerConfigKeys (ConfUtils.java:logGet(43)) - raft.server.rpcslowness.timeout = 1000s (custom)
2019-10-21 21:51:07,778 [pool-47-thread-1] INFO  server.RaftServerConfigKeys (ConfUtils.java:logGet(43)) - raft.server.sleep.deviation.threshold = 300 (default)
2019-10-21 21:51:07,778 [pool-47-thread-1] INFO  server.RaftServerConfigKeys (ConfUtils.java:logGet(43)) - raft.server.log.appender.install.snapshot.enabled = false (custom)
2019-10-21 21:51:07,778 [pool-47-thread-1] INFO  impl.RaftServerImpl (ServerState.java:<init>(103)) - e5ffd24e-bf4a-4ea8-9998-5222e19566cd@group-45CE639D6EF2: ConfigurationManager, init=-1: [e5ffd24e-bf4a-4ea8-9998-5222e19566cd:192.168.34.8:41621], old=null, confs=<EMPTY_MAP>
2019-10-21 21:51:07,779 [Thread-186] INFO  impl.RoleInfo (RoleInfo.java:shutdownFollowerState(121)) - 0794a7c8-829f-468b-b883-2035423e3fbd: shutdown FollowerState
2019-10-21 21:51:07,779 [pool-47-thread-1] INFO  server.RaftServerConfigKeys (ConfUtils.java:logGet(43)) - raft.server.storage.dir = [/workdir/hadoop-ozone/integration-test/target/test-dir/MiniOzoneClusterImpl-06dedcb5-84fe-4716-9b2a-3f157192d9ff/datanode-2/data/ratis] (custom)
2019-10-21 21:51:07,779 [Thread-186] INFO  impl.RaftServerImpl (RaftServerImpl.java:setRole(184)) - 0794a7c8-829f-468b-b883-2035423e3fbd@group-2813BB380673: changes role from  FOLLOWER to CANDIDATE at term 0 for changeToCandidate
2019-10-21 21:51:07,780 [pool-47-thread-1] INFO  server.RaftServerConfigKeys (ConfUtils.java:logGet(43)) - raft.server.log.corruption.policy = EXCEPTION (default)
2019-10-21 21:51:07,780 [pool-47-thread-1] INFO  storage.RaftStorageDirectory (RaftStorageDirectory.java:analyzeStorage(246)) - The storage directory /workdir/hadoop-ozone/integration-test/target/test-dir/MiniOzoneClusterImpl-06dedcb5-84fe-4716-9b2a-3f157192d9ff/datanode-2/data/ratis/bcf629e1-880c-42d8-b6db-45ce639d6ef2 does not exist. Creating ...
2019-10-21 21:51:07,784 [Thread-186] INFO  impl.RoleInfo (RoleInfo.java:updateAndGet(143)) - 0794a7c8-829f-468b-b883-2035423e3fbd: start LeaderElection
2019-10-21 21:51:07,795 [pool-47-thread-1] INFO  storage.RaftStorageDirectory (RaftStorageDirectory.java:tryLock(328)) - Lock on /workdir/hadoop-ozone/integration-test/target/test-dir/MiniOzoneClusterImpl-06dedcb5-84fe-4716-9b2a-3f157192d9ff/datanode-2/data/ratis/bcf629e1-880c-42d8-b6db-45ce639d6ef2/in_use.lock acquired by nodename 1598@pr-hdds-2310-sp97z-1197097266
2019-10-21 21:51:07,796 [0794a7c8-829f-468b-b883-2035423e3fbd@group-2813BB380673-LeaderElection1] INFO  impl.LeaderElection (LeaderElection.java:askForVotes(178)) - 0794a7c8-829f-468b-b883-2035423e3fbd@group-2813BB380673-LeaderElection1: begin an election at term 1 for -1: [0794a7c8-829f-468b-b883-2035423e3fbd:192.168.34.8:36706], old=null
2019-10-21 21:51:07,798 [0794a7c8-829f-468b-b883-2035423e3fbd@group-2813BB380673-LeaderElection1] INFO  impl.RoleInfo (RoleInfo.java:shutdownLeaderElection(134)) - 0794a7c8-829f-468b-b883-2035423e3fbd: shutdown LeaderElection
2019-10-21 21:51:07,799 [0794a7c8-829f-468b-b883-2035423e3fbd@group-2813BB380673-LeaderElection1] INFO  impl.RaftServerImpl (RaftServerImpl.java:setRole(184)) - 0794a7c8-829f-468b-b883-2035423e3fbd@group-2813BB380673: changes role from CANDIDATE to LEADER at term 1 for changeToLeader
2019-10-21 21:51:07,799 [0794a7c8-829f-468b-b883-2035423e3fbd@group-2813BB380673-LeaderElection1] INFO  impl.RaftServerImpl (ServerState.java:setLeader(256)) - 0794a7c8-829f-468b-b883-2035423e3fbd@group-2813BB380673: change Leader from null to 0794a7c8-829f-468b-b883-2035423e3fbd at term 1 for becomeLeader, leader elected after 249ms
2019-10-21 21:51:07,805 [0794a7c8-829f-468b-b883-2035423e3fbd@group-2813BB380673-LeaderElection1] INFO  server.RaftServerConfigKeys (ConfUtils.java:logGet(43)) - raft.server.staging.catchup.gap = 1000 (default)
2019-10-21 21:51:07,805 [0794a7c8-829f-468b-b883-2035423e3fbd@group-2813BB380673-LeaderElection1] INFO  server.RaftServerConfigKeys (ConfUtils.java:logGet(43)) - raft.server.rpc.sleep.time = 25ms (default)
2019-10-21 21:51:07,810 [0794a7c8-829f-468b-b883-2035423e3fbd@group-2813BB380673-LeaderElection1] INFO  server.RaftServerConfigKeys (ConfUtils.java:logGet(43)) - raft.server.write.element-limit = 4096 (default)
2019-10-21 21:51:07,810 [pool-47-thread-1] INFO  storage.RaftStorage (RaftStorage.java:format(84)) - Storage directory /workdir/hadoop-ozone/integration-test/target/test-dir/MiniOzoneClusterImpl-06dedcb5-84fe-4716-9b2a-3f157192d9ff/datanode-2/data/ratis/bcf629e1-880c-42d8-b6db-45ce639d6ef2 has been successfully formatted.
2019-10-21 21:51:07,811 [pool-47-thread-1] INFO  ratis.ContainerStateMachine (ContainerStateMachine.java:loadSnapshot(231)) - group-45CE639D6EF2: The snapshot info is null. Setting the last applied indexto:(t:0, i:~)
2019-10-21 21:51:07,812 [pool-47-thread-1] INFO  server.RaftServerConfigKeys (ConfUtils.java:logGet(43)) - raft.server.notification.no-leader.timeout = 1000s (custom)
2019-10-21 21:51:07,812 [pool-47-thread-1] INFO  server.RaftServerConfigKeys (ConfUtils.java:logGet(43)) - raft.server.log.use.memory = false (default)
2019-10-21 21:51:07,812 [pool-47-thread-1] INFO  server.RaftServerConfigKeys (ConfUtils.java:logGet(43)) - raft.server.log.purge.gap = 1000000 (custom)
2019-10-21 21:51:07,812 [pool-47-thread-1] INFO  server.RaftServerConfigKeys (ConfUtils.java:logGet(43)) - raft.server.log.appender.buffer.byte-limit = 33554432 (custom)
2019-10-21 21:51:07,812 [pool-47-thread-1] INFO  server.RaftServerConfigKeys (ConfUtils.java:logGet(43)) - raft.server.log.segment.size.max = 1048576 (custom)
2019-10-21 21:51:07,813 [0794a7c8-829f-468b-b883-2035423e3fbd@group-2813BB380673-LeaderElection1] INFO  server.RaftServerConfigKeys (ConfUtils.java:logGet(43)) - raft.server.watch.timeout = 10s (default)
2019-10-21 21:51:07,813 [0794a7c8-829f-468b-b883-2035423e3fbd@group-2813BB380673-LeaderElection1] INFO  server.RaftServerConfigKeys (ConfUtils.java:logGet(43)) - raft.server.watch.timeout.denomination = 1s (default)
2019-10-21 21:51:07,814 [0794a7c8-829f-468b-b883-2035423e3fbd@group-2813BB380673-LeaderElection1] INFO  server.RaftServerConfigKeys (ConfUtils.java:logGet(43)) - raft.server.watch.element-limit = 65536 (default)
2019-10-21 21:51:07,817 [pool-47-thread-1] INFO  server.RaftServerConfigKeys (ConfUtils.java:logGet(43)) - raft.server.log.segment.cache.num.max = 2 (custom)
2019-10-21 21:51:07,817 [pool-47-thread-1] INFO  segmented.SegmentedRaftLogWorker (SegmentedRaftLogWorker.java:<init>(173)) - new e5ffd24e-bf4a-4ea8-9998-5222e19566cd@group-45CE639D6EF2-SegmentedRaftLogWorker for RaftStorage:Storage Directory /workdir/hadoop-ozone/integration-test/target/test-dir/MiniOzoneClusterImpl-06dedcb5-84fe-4716-9b2a-3f157192d9ff/datanode-2/data/ratis/bcf629e1-880c-42d8-b6db-45ce639d6ef2
2019-10-21 21:51:07,818 [pool-47-thread-1] INFO  server.RaftServerConfigKeys (ConfUtils.java:logGet(43)) - raft.server.log.queue.byte-limit = 2147483647 (custom)
2019-10-21 21:51:07,818 [pool-47-thread-1] INFO  server.RaftServerConfigKeys (ConfUtils.java:logGet(43)) - raft.server.log.queue.element-limit = 1024 (custom)
2019-10-21 21:51:07,818 [pool-47-thread-1] INFO  server.RaftServerConfigKeys (ConfUtils.java:logGet(43)) - raft.server.log.segment.size.max = 1048576 (custom)
2019-10-21 21:51:07,818 [pool-47-thread-1] INFO  server.RaftServerConfigKeys (ConfUtils.java:logGet(43)) - raft.server.log.preallocated.size = 16384 (custom)
2019-10-21 21:51:07,819 [pool-47-thread-1] INFO  server.RaftServerConfigKeys (ConfUtils.java:logGet(43)) - raft.server.log.write.buffer.size = 33554432 (custom)
2019-10-21 21:51:07,819 [pool-47-thread-1] INFO  server.RaftServerConfigKeys (ConfUtils.java:logGet(43)) - raft.server.log.force.sync.num = 128 (default)
2019-10-21 21:51:07,819 [pool-47-thread-1] INFO  server.RaftServerConfigKeys (ConfUtils.java:logGet(43)) - raft.server.log.statemachine.data.sync = true (default)
2019-10-21 21:51:07,819 [pool-47-thread-1] INFO  server.RaftServerConfigKeys (ConfUtils.java:logGet(43)) - raft.server.log.statemachine.data.sync.timeout = 10s (default)
2019-10-21 21:51:07,819 [pool-47-thread-1] INFO  server.RaftServerConfigKeys (ConfUtils.java:logGet(43)) - raft.server.log.statemachine.data.sync.timeout.retry = -1 (default)
2019-10-21 21:51:07,820 [pool-47-thread-1] INFO  server.RaftServerConfigKeys (ConfUtils.java:logGet(43)) - raft.server.log.statemachine.data.caching.enabled = true (custom)
2019-10-21 21:51:07,835 [pool-47-thread-1] INFO  segmented.SegmentedRaftLogWorker (SegmentedRaftLogWorker.java:lambda$new$0(128)) - e5ffd24e-bf4a-4ea8-9998-5222e19566cd@group-45CE639D6EF2-SegmentedRaftLogWorker: flushIndex: setUnconditionally 0 -> -1
2019-10-21 21:51:07,836 [pool-47-thread-1] INFO  server.RaftServerConfigKeys (ConfUtils.java:logGet(43)) - raft.server.snapshot.auto.trigger.enabled = true (custom)
2019-10-21 21:51:07,836 [pool-47-thread-1] INFO  server.RaftServerConfigKeys (ConfUtils.java:logGet(43)) - raft.server.snapshot.auto.trigger.threshold = 10000 (custom)
2019-10-21 21:51:07,836 [pool-47-thread-1] INFO  server.RaftServerConfigKeys (ConfUtils.java:logGet(43)) - raft.server.snapshot.retention.file.num = 5 (custom)
2019-10-21 21:51:07,836 [pool-47-thread-1] INFO  server.RaftServerConfigKeys (ConfUtils.java:logGet(43)) - raft.server.retrycache.expirytime = 600000ms (custom)
2019-10-21 21:51:07,845 [0794a7c8-829f-468b-b883-2035423e3fbd@group-2813BB380673-LeaderElection1] INFO  impl.RoleInfo (RoleInfo.java:updateAndGet(143)) - 0794a7c8-829f-468b-b883-2035423e3fbd: start LeaderState
2019-10-21 21:51:07,845 [pool-47-thread-1] INFO  impl.RaftServerImpl (RaftServerImpl.java:start(195)) - e5ffd24e-bf4a-4ea8-9998-5222e19566cd@group-45CE639D6EF2: start as a follower, conf=-1: [e5ffd24e-bf4a-4ea8-9998-5222e19566cd:192.168.34.8:41621], old=null
2019-10-21 21:51:07,845 [pool-47-thread-1] INFO  impl.RaftServerImpl (RaftServerImpl.java:setRole(184)) - e5ffd24e-bf4a-4ea8-9998-5222e19566cd@group-45CE639D6EF2: changes role from      null to FOLLOWER at term 0 for startAsFollower
2019-10-21 21:51:07,845 [pool-47-thread-1] INFO  impl.RoleInfo (RoleInfo.java:updateAndGet(143)) - e5ffd24e-bf4a-4ea8-9998-5222e19566cd: start FollowerState
2019-10-21 21:51:07,846 [pool-47-thread-1] INFO  util.JmxRegister (JmxRegister.java:tryRegister(44)) - Successfully registered JMX Bean with object name Ratis:service=RaftServer,group=group-45CE639D6EF2,id=e5ffd24e-bf4a-4ea8-9998-5222e19566cd
2019-10-21 21:51:07,861 [RatisPipelineUtilsThread] INFO  pipeline.PipelineStateManager (PipelineStateManager.java:addPipeline(56)) - Created pipeline Pipeline[ Id: bcf629e1-880c-42d8-b6db-45ce639d6ef2, Nodes: e5ffd24e-bf4a-4ea8-9998-5222e19566cd{ip: 192.168.34.8, host: pr-hdds-2310-sp97z-1197097266, networkLocation: /default-rack, certSerialId: null}, Type:RATIS, Factor:ONE, State:OPEN]
2019-10-21 21:51:07,873 [0794a7c8-829f-468b-b883-2035423e3fbd@group-2813BB380673-LeaderElection1] INFO  segmented.SegmentedRaftLogWorker (SegmentedRaftLogWorker.java:startLogSegment(385)) - 0794a7c8-829f-468b-b883-2035423e3fbd@group-2813BB380673-SegmentedRaftLogWorker: Starting segment from index:0
2019-10-21 21:51:07,881 [grpc-default-executor-0] INFO  impl.RaftServerProxy (RaftServerProxy.java:addNew(89)) - 06b05a7f-a473-42c9-9200-88e1a405b515: addNew group-DC458CAD47DC:[06b05a7f-a473-42c9-9200-88e1a405b515:192.168.34.8:42604] returns group-DC458CAD47DC:java.util.concurrent.CompletableFuture@57dafffe[Not completed]
2019-10-21 21:51:07,883 [pool-37-thread-1] INFO  impl.RaftServerImpl (RaftServerImpl.java:<init>(104)) - 06b05a7f-a473-42c9-9200-88e1a405b515: new RaftServerImpl for group-DC458CAD47DC:[06b05a7f-a473-42c9-9200-88e1a405b515:192.168.34.8:42604] with ContainerStateMachine:uninitialized
2019-10-21 21:51:07,883 [pool-37-thread-1] INFO  server.RaftServerConfigKeys (ConfUtils.java:logGet(43)) - raft.server.rpc.timeout.min = 5s (custom)
2019-10-21 21:51:07,883 [pool-37-thread-1] INFO  server.RaftServerConfigKeys (ConfUtils.java:logGet(43)) - raft.server.rpc.timeout.max = 5200ms (custom)
2019-10-21 21:51:07,884 [pool-37-thread-1] INFO  server.RaftServerConfigKeys (ConfUtils.java:logGet(43)) - raft.server.rpcslowness.timeout = 1000s (custom)
2019-10-21 21:51:07,884 [pool-37-thread-1] INFO  server.RaftServerConfigKeys (ConfUtils.java:logGet(43)) - raft.server.sleep.deviation.threshold = 300 (default)
2019-10-21 21:51:07,884 [pool-37-thread-1] INFO  server.RaftServerConfigKeys (ConfUtils.java:logGet(43)) - raft.server.log.appender.install.snapshot.enabled = false (custom)
2019-10-21 21:51:07,884 [pool-37-thread-1] INFO  impl.RaftServerImpl (ServerState.java:<init>(103)) - 06b05a7f-a473-42c9-9200-88e1a405b515@group-DC458CAD47DC: ConfigurationManager, init=-1: [06b05a7f-a473-42c9-9200-88e1a405b515:192.168.34.8:42604], old=null, confs=<EMPTY_MAP>
2019-10-21 21:51:07,884 [pool-37-thread-1] INFO  server.RaftServerConfigKeys (ConfUtils.java:logGet(43)) - raft.server.storage.dir = [/workdir/hadoop-ozone/integration-test/target/test-dir/MiniOzoneClusterImpl-06dedcb5-84fe-4716-9b2a-3f157192d9ff/datanode-1/data/ratis] (custom)
2019-10-21 21:51:07,884 [pool-37-thread-1] INFO  server.RaftServerConfigKeys (ConfUtils.java:logGet(43)) - raft.server.log.corruption.policy = EXCEPTION (default)
2019-10-21 21:51:07,885 [pool-37-thread-1] INFO  storage.RaftStorageDirectory (RaftStorageDirectory.java:analyzeStorage(246)) - The storage directory /workdir/hadoop-ozone/integration-test/target/test-dir/MiniOzoneClusterImpl-06dedcb5-84fe-4716-9b2a-3f157192d9ff/datanode-1/data/ratis/6da1c915-7d6d-4ba2-a312-dc458cad47dc does not exist. Creating ...
2019-10-21 21:51:07,887 [0794a7c8-829f-468b-b883-2035423e3fbd@group-2813BB380673-LeaderElection1] INFO  impl.RaftServerImpl (ServerState.java:setRaftConf(357)) - 0794a7c8-829f-468b-b883-2035423e3fbd@group-2813BB380673: set configuration 0: [0794a7c8-829f-468b-b883-2035423e3fbd:192.168.34.8:36706], old=null at 0
2019-10-21 21:51:07,897 [pool-37-thread-1] INFO  storage.RaftStorageDirectory (RaftStorageDirectory.java:tryLock(328)) - Lock on /workdir/hadoop-ozone/integration-test/target/test-dir/MiniOzoneClusterImpl-06dedcb5-84fe-4716-9b2a-3f157192d9ff/datanode-1/data/ratis/6da1c915-7d6d-4ba2-a312-dc458cad47dc/in_use.lock acquired by nodename 1598@pr-hdds-2310-sp97z-1197097266
2019-10-21 21:51:07,910 [pool-37-thread-1] INFO  storage.RaftStorage (RaftStorage.java:format(84)) - Storage directory /workdir/hadoop-ozone/integration-test/target/test-dir/MiniOzoneClusterImpl-06dedcb5-84fe-4716-9b2a-3f157192d9ff/datanode-1/data/ratis/6da1c915-7d6d-4ba2-a312-dc458cad47dc has been successfully formatted.
2019-10-21 21:51:07,911 [pool-37-thread-1] INFO  ratis.ContainerStateMachine (ContainerStateMachine.java:loadSnapshot(231)) - group-DC458CAD47DC: The snapshot info is null. Setting the last applied indexto:(t:0, i:~)
2019-10-21 21:51:07,911 [pool-37-thread-1] INFO  server.RaftServerConfigKeys (ConfUtils.java:logGet(43)) - raft.server.notification.no-leader.timeout = 1000s (custom)
2019-10-21 21:51:07,911 [pool-37-thread-1] INFO  server.RaftServerConfigKeys (ConfUtils.java:logGet(43)) - raft.server.log.use.memory = false (default)
2019-10-21 21:51:07,911 [pool-37-thread-1] INFO  server.RaftServerConfigKeys (ConfUtils.java:logGet(43)) - raft.server.log.purge.gap = 1000000 (custom)
2019-10-21 21:51:07,911 [pool-37-thread-1] INFO  server.RaftServerConfigKeys (ConfUtils.java:logGet(43)) - raft.server.log.appender.buffer.byte-limit = 33554432 (custom)
2019-10-21 21:51:07,912 [pool-37-thread-1] INFO  server.RaftServerConfigKeys (ConfUtils.java:logGet(43)) - raft.server.log.segment.size.max = 1048576 (custom)
2019-10-21 21:51:07,916 [pool-37-thread-1] INFO  server.RaftServerConfigKeys (ConfUtils.java:logGet(43)) - raft.server.log.segment.cache.num.max = 2 (custom)
2019-10-21 21:51:07,916 [pool-37-thread-1] INFO  segmented.SegmentedRaftLogWorker (SegmentedRaftLogWorker.java:<init>(173)) - new 06b05a7f-a473-42c9-9200-88e1a405b515@group-DC458CAD47DC-SegmentedRaftLogWorker for RaftStorage:Storage Directory /workdir/hadoop-ozone/integration-test/target/test-dir/MiniOzoneClusterImpl-06dedcb5-84fe-4716-9b2a-3f157192d9ff/datanode-1/data/ratis/6da1c915-7d6d-4ba2-a312-dc458cad47dc
2019-10-21 21:51:07,917 [pool-37-thread-1] INFO  server.RaftServerConfigKeys (ConfUtils.java:logGet(43)) - raft.server.log.queue.byte-limit = 2147483647 (custom)
2019-10-21 21:51:07,917 [pool-37-thread-1] INFO  server.RaftServerConfigKeys (ConfUtils.java:logGet(43)) - raft.server.log.queue.element-limit = 1024 (custom)
2019-10-21 21:51:07,917 [pool-37-thread-1] INFO  server.RaftServerConfigKeys (ConfUtils.java:logGet(43)) - raft.server.log.segment.size.max = 1048576 (custom)
2019-10-21 21:51:07,917 [pool-37-thread-1] INFO  server.RaftServerConfigKeys (ConfUtils.java:logGet(43)) - raft.server.log.preallocated.size = 16384 (custom)
2019-10-21 21:51:07,917 [pool-37-thread-1] INFO  server.RaftServerConfigKeys (ConfUtils.java:logGet(43)) - raft.server.log.write.buffer.size = 33554432 (custom)
2019-10-21 21:51:07,917 [pool-37-thread-1] INFO  server.RaftServerConfigKeys (ConfUtils.java:logGet(43)) - raft.server.log.force.sync.num = 128 (default)
2019-10-21 21:51:07,917 [pool-37-thread-1] INFO  server.RaftServerConfigKeys (ConfUtils.java:logGet(43)) - raft.server.log.statemachine.data.sync = true (default)
2019-10-21 21:51:07,918 [pool-37-thread-1] INFO  server.RaftServerConfigKeys (ConfUtils.java:logGet(43)) - raft.server.log.statemachine.data.sync.timeout = 10s (default)
2019-10-21 21:51:07,918 [pool-37-thread-1] INFO  server.RaftServerConfigKeys (ConfUtils.java:logGet(43)) - raft.server.log.statemachine.data.sync.timeout.retry = -1 (default)
2019-10-21 21:51:07,919 [pool-37-thread-1] INFO  server.RaftServerConfigKeys (ConfUtils.java:logGet(43)) - raft.server.log.statemachine.data.caching.enabled = true (custom)
2019-10-21 21:51:07,919 [pool-37-thread-1] INFO  segmented.SegmentedRaftLogWorker (SegmentedRaftLogWorker.java:lambda$new$0(128)) - 06b05a7f-a473-42c9-9200-88e1a405b515@group-DC458CAD47DC-SegmentedRaftLogWorker: flushIndex: setUnconditionally 0 -> -1
2019-10-21 21:51:07,919 [pool-37-thread-1] INFO  server.RaftServerConfigKeys (ConfUtils.java:logGet(43)) - raft.server.snapshot.auto.trigger.enabled = true (custom)
2019-10-21 21:51:07,920 [pool-37-thread-1] INFO  server.RaftServerConfigKeys (ConfUtils.java:logGet(43)) - raft.server.snapshot.auto.trigger.threshold = 10000 (custom)
2019-10-21 21:51:07,920 [pool-37-thread-1] INFO  server.RaftServerConfigKeys (ConfUtils.java:logGet(43)) - raft.server.snapshot.retention.file.num = 5 (custom)
2019-10-21 21:51:07,920 [pool-37-thread-1] INFO  server.RaftServerConfigKeys (ConfUtils.java:logGet(43)) - raft.server.retrycache.expirytime = 600000ms (custom)
2019-10-21 21:51:07,926 [pool-37-thread-1] INFO  impl.RaftServerImpl (RaftServerImpl.java:start(195)) - 06b05a7f-a473-42c9-9200-88e1a405b515@group-DC458CAD47DC: start as a follower, conf=-1: [06b05a7f-a473-42c9-9200-88e1a405b515:192.168.34.8:42604], old=null
2019-10-21 21:51:07,926 [pool-37-thread-1] INFO  impl.RaftServerImpl (RaftServerImpl.java:setRole(184)) - 06b05a7f-a473-42c9-9200-88e1a405b515@group-DC458CAD47DC: changes role from      null to FOLLOWER at term 0 for startAsFollower
2019-10-21 21:51:07,926 [pool-37-thread-1] INFO  impl.RoleInfo (RoleInfo.java:updateAndGet(143)) - 06b05a7f-a473-42c9-9200-88e1a405b515: start FollowerState
2019-10-21 21:51:07,927 [pool-37-thread-1] INFO  util.JmxRegister (JmxRegister.java:tryRegister(44)) - Successfully registered JMX Bean with object name Ratis:service=RaftServer,group=group-DC458CAD47DC,id=06b05a7f-a473-42c9-9200-88e1a405b515
2019-10-21 21:51:07,938 [RatisPipelineUtilsThread] INFO  pipeline.PipelineStateManager (PipelineStateManager.java:addPipeline(56)) - Created pipeline Pipeline[ Id: 6da1c915-7d6d-4ba2-a312-dc458cad47dc, Nodes: 06b05a7f-a473-42c9-9200-88e1a405b515{ip: 192.168.34.8, host: pr-hdds-2310-sp97z-1197097266, networkLocation: /default-rack, certSerialId: null}, Type:RATIS, Factor:ONE, State:OPEN]
2019-10-21 21:51:07,967 [grpc-default-executor-2] INFO  impl.RaftServerProxy (RaftServerProxy.java:addNew(89)) - 06b05a7f-a473-42c9-9200-88e1a405b515: addNew group-7886DAA09D7B:[e5ffd24e-bf4a-4ea8-9998-5222e19566cd:192.168.34.8:41621, 06b05a7f-a473-42c9-9200-88e1a405b515:192.168.34.8:42604, 0794a7c8-829f-468b-b883-2035423e3fbd:192.168.34.8:36706] returns group-7886DAA09D7B:java.util.concurrent.CompletableFuture@40d11f1b[Not completed]
2019-10-21 21:51:07,967 [grpc-default-executor-0] INFO  impl.RaftServerProxy (RaftServerProxy.java:addNew(89)) - 0794a7c8-829f-468b-b883-2035423e3fbd: addNew group-7886DAA09D7B:[e5ffd24e-bf4a-4ea8-9998-5222e19566cd:192.168.34.8:41621, 06b05a7f-a473-42c9-9200-88e1a405b515:192.168.34.8:42604, 0794a7c8-829f-468b-b883-2035423e3fbd:192.168.34.8:36706] returns group-7886DAA09D7B:java.util.concurrent.CompletableFuture@1fca5605[Not completed]
2019-10-21 21:51:07,967 [grpc-default-executor-1] INFO  impl.RaftServerProxy (RaftServerProxy.java:addNew(89)) - e5ffd24e-bf4a-4ea8-9998-5222e19566cd: addNew group-7886DAA09D7B:[e5ffd24e-bf4a-4ea8-9998-5222e19566cd:192.168.34.8:41621, 06b05a7f-a473-42c9-9200-88e1a405b515:192.168.34.8:42604, 0794a7c8-829f-468b-b883-2035423e3fbd:192.168.34.8:36706] returns group-7886DAA09D7B:java.util.concurrent.CompletableFuture@4178b71d[Not completed]
2019-10-21 21:51:07,969 [pool-47-thread-1] INFO  impl.RaftServerImpl (RaftServerImpl.java:<init>(104)) - e5ffd24e-bf4a-4ea8-9998-5222e19566cd: new RaftServerImpl for group-7886DAA09D7B:[e5ffd24e-bf4a-4ea8-9998-5222e19566cd:192.168.34.8:41621, 06b05a7f-a473-42c9-9200-88e1a405b515:192.168.34.8:42604, 0794a7c8-829f-468b-b883-2035423e3fbd:192.168.34.8:36706] with ContainerStateMachine:uninitialized
2019-10-21 21:51:07,969 [pool-47-thread-1] INFO  server.RaftServerConfigKeys (ConfUtils.java:logGet(43)) - raft.server.rpc.timeout.min = 5s (custom)
2019-10-21 21:51:07,969 [pool-47-thread-1] INFO  server.RaftServerConfigKeys (ConfUtils.java:logGet(43)) - raft.server.rpc.timeout.max = 5200ms (custom)
2019-10-21 21:51:07,969 [pool-47-thread-1] INFO  server.RaftServerConfigKeys (ConfUtils.java:logGet(43)) - raft.server.rpcslowness.timeout = 1000s (custom)
2019-10-21 21:51:07,969 [pool-47-thread-1] INFO  server.RaftServerConfigKeys (ConfUtils.java:logGet(43)) - raft.server.sleep.deviation.threshold = 300 (default)
2019-10-21 21:51:07,970 [pool-47-thread-1] INFO  server.RaftServerConfigKeys (ConfUtils.java:logGet(43)) - raft.server.log.appender.install.snapshot.enabled = false (custom)
2019-10-21 21:51:07,970 [pool-27-thread-1] INFO  impl.RaftServerImpl (RaftServerImpl.java:<init>(104)) - 0794a7c8-829f-468b-b883-2035423e3fbd: new RaftServerImpl for group-7886DAA09D7B:[e5ffd24e-bf4a-4ea8-9998-5222e19566cd:192.168.34.8:41621, 06b05a7f-a473-42c9-9200-88e1a405b515:192.168.34.8:42604, 0794a7c8-829f-468b-b883-2035423e3fbd:192.168.34.8:36706] with ContainerStateMachine:uninitialized
2019-10-21 21:51:07,970 [pool-47-thread-1] INFO  impl.RaftServerImpl (ServerState.java:<init>(103)) - e5ffd24e-bf4a-4ea8-9998-5222e19566cd@group-7886DAA09D7B: ConfigurationManager, init=-1: [e5ffd24e-bf4a-4ea8-9998-5222e19566cd:192.168.34.8:41621, 06b05a7f-a473-42c9-9200-88e1a405b515:192.168.34.8:42604, 0794a7c8-829f-468b-b883-2035423e3fbd:192.168.34.8:36706], old=null, confs=<EMPTY_MAP>
2019-10-21 21:51:07,970 [pool-27-thread-1] INFO  server.RaftServerConfigKeys (ConfUtils.java:logGet(43)) - raft.server.rpc.timeout.min = 5s (custom)
2019-10-21 21:51:07,970 [pool-47-thread-1] INFO  server.RaftServerConfigKeys (ConfUtils.java:logGet(43)) - raft.server.storage.dir = [/workdir/hadoop-ozone/integration-test/target/test-dir/MiniOzoneClusterImpl-06dedcb5-84fe-4716-9b2a-3f157192d9ff/datanode-2/data/ratis] (custom)
2019-10-21 21:51:07,970 [pool-27-thread-1] INFO  server.RaftServerConfigKeys (ConfUtils.java:logGet(43)) - raft.server.rpc.timeout.max = 5200ms (custom)
2019-10-21 21:51:07,970 [pool-27-thread-1] INFO  server.RaftServerConfigKeys (ConfUtils.java:logGet(43)) - raft.server.rpcslowness.timeout = 1000s (custom)
2019-10-21 21:51:07,971 [pool-37-thread-1] INFO  impl.RaftServerImpl (RaftServerImpl.java:<init>(104)) - 06b05a7f-a473-42c9-9200-88e1a405b515: new RaftServerImpl for group-7886DAA09D7B:[e5ffd24e-bf4a-4ea8-9998-5222e19566cd:192.168.34.8:41621, 06b05a7f-a473-42c9-9200-88e1a405b515:192.168.34.8:42604, 0794a7c8-829f-468b-b883-2035423e3fbd:192.168.34.8:36706] with ContainerStateMachine:uninitialized
2019-10-21 21:51:07,971 [pool-47-thread-1] INFO  server.RaftServerConfigKeys (ConfUtils.java:logGet(43)) - raft.server.log.corruption.policy = EXCEPTION (default)
2019-10-21 21:51:07,971 [pool-27-thread-1] INFO  server.RaftServerConfigKeys (ConfUtils.java:logGet(43)) - raft.server.sleep.deviation.threshold = 300 (default)
2019-10-21 21:51:07,971 [pool-47-thread-1] INFO  storage.RaftStorageDirectory (RaftStorageDirectory.java:analyzeStorage(246)) - The storage directory /workdir/hadoop-ozone/integration-test/target/test-dir/MiniOzoneClusterImpl-06dedcb5-84fe-4716-9b2a-3f157192d9ff/datanode-2/data/ratis/57ddd59c-82e7-4c8a-99fd-7886daa09d7b does not exist. Creating ...
2019-10-21 21:51:07,971 [pool-37-thread-1] INFO  server.RaftServerConfigKeys (ConfUtils.java:logGet(43)) - raft.server.rpc.timeout.min = 5s (custom)
2019-10-21 21:51:07,971 [pool-27-thread-1] INFO  server.RaftServerConfigKeys (ConfUtils.java:logGet(43)) - raft.server.log.appender.install.snapshot.enabled = false (custom)
2019-10-21 21:51:07,971 [pool-37-thread-1] INFO  server.RaftServerConfigKeys (ConfUtils.java:logGet(43)) - raft.server.rpc.timeout.max = 5200ms (custom)
2019-10-21 21:51:07,971 [pool-27-thread-1] INFO  impl.RaftServerImpl (ServerState.java:<init>(103)) - 0794a7c8-829f-468b-b883-2035423e3fbd@group-7886DAA09D7B: ConfigurationManager, init=-1: [e5ffd24e-bf4a-4ea8-9998-5222e19566cd:192.168.34.8:41621, 06b05a7f-a473-42c9-9200-88e1a405b515:192.168.34.8:42604, 0794a7c8-829f-468b-b883-2035423e3fbd:192.168.34.8:36706], old=null, confs=<EMPTY_MAP>
2019-10-21 21:51:07,971 [pool-37-thread-1] INFO  server.RaftServerConfigKeys (ConfUtils.java:logGet(43)) - raft.server.rpcslowness.timeout = 1000s (custom)
2019-10-21 21:51:07,972 [pool-27-thread-1] INFO  server.RaftServerConfigKeys (ConfUtils.java:logGet(43)) - raft.server.storage.dir = [/workdir/hadoop-ozone/integration-test/target/test-dir/MiniOzoneClusterImpl-06dedcb5-84fe-4716-9b2a-3f157192d9ff/datanode-0/data/ratis] (custom)
2019-10-21 21:51:07,972 [pool-37-thread-1] INFO  server.RaftServerConfigKeys (ConfUtils.java:logGet(43)) - raft.server.sleep.deviation.threshold = 300 (default)
2019-10-21 21:51:07,972 [pool-37-thread-1] INFO  server.RaftServerConfigKeys (ConfUtils.java:logGet(43)) - raft.server.log.appender.install.snapshot.enabled = false (custom)
2019-10-21 21:51:07,972 [pool-27-thread-1] INFO  server.RaftServerConfigKeys (ConfUtils.java:logGet(43)) - raft.server.log.corruption.policy = EXCEPTION (default)
2019-10-21 21:51:07,972 [pool-37-thread-1] INFO  impl.RaftServerImpl (ServerState.java:<init>(103)) - 06b05a7f-a473-42c9-9200-88e1a405b515@group-7886DAA09D7B: ConfigurationManager, init=-1: [e5ffd24e-bf4a-4ea8-9998-5222e19566cd:192.168.34.8:41621, 06b05a7f-a473-42c9-9200-88e1a405b515:192.168.34.8:42604, 0794a7c8-829f-468b-b883-2035423e3fbd:192.168.34.8:36706], old=null, confs=<EMPTY_MAP>
2019-10-21 21:51:07,972 [pool-27-thread-1] INFO  storage.RaftStorageDirectory (RaftStorageDirectory.java:analyzeStorage(246)) - The storage directory /workdir/hadoop-ozone/integration-test/target/test-dir/MiniOzoneClusterImpl-06dedcb5-84fe-4716-9b2a-3f157192d9ff/datanode-0/data/ratis/57ddd59c-82e7-4c8a-99fd-7886daa09d7b does not exist. Creating ...
2019-10-21 21:51:07,972 [pool-37-thread-1] INFO  server.RaftServerConfigKeys (ConfUtils.java:logGet(43)) - raft.server.storage.dir = [/workdir/hadoop-ozone/integration-test/target/test-dir/MiniOzoneClusterImpl-06dedcb5-84fe-4716-9b2a-3f157192d9ff/datanode-1/data/ratis] (custom)
2019-10-21 21:51:07,972 [pool-37-thread-1] INFO  server.RaftServerConfigKeys (ConfUtils.java:logGet(43)) - raft.server.log.corruption.policy = EXCEPTION (default)
2019-10-21 21:51:07,973 [pool-37-thread-1] INFO  storage.RaftStorageDirectory (RaftStorageDirectory.java:analyzeStorage(246)) - The storage directory /workdir/hadoop-ozone/integration-test/target/test-dir/MiniOzoneClusterImpl-06dedcb5-84fe-4716-9b2a-3f157192d9ff/datanode-1/data/ratis/57ddd59c-82e7-4c8a-99fd-7886daa09d7b does not exist. Creating ...
2019-10-21 21:51:07,984 [Thread-191] INFO  impl.FollowerState (FollowerState.java:run(108)) - e5ffd24e-bf4a-4ea8-9998-5222e19566cd@group-45CE639D6EF2-FollowerState: change to CANDIDATE, lastRpcTime:138ms, electionTimeout:138ms
2019-10-21 21:51:07,985 [pool-47-thread-1] INFO  storage.RaftStorageDirectory (RaftStorageDirectory.java:tryLock(328)) - Lock on /workdir/hadoop-ozone/integration-test/target/test-dir/MiniOzoneClusterImpl-06dedcb5-84fe-4716-9b2a-3f157192d9ff/datanode-2/data/ratis/57ddd59c-82e7-4c8a-99fd-7886daa09d7b/in_use.lock acquired by nodename 1598@pr-hdds-2310-sp97z-1197097266
2019-10-21 21:51:07,985 [pool-27-thread-1] INFO  storage.RaftStorageDirectory (RaftStorageDirectory.java:tryLock(328)) - Lock on /workdir/hadoop-ozone/integration-test/target/test-dir/MiniOzoneClusterImpl-06dedcb5-84fe-4716-9b2a-3f157192d9ff/datanode-0/data/ratis/57ddd59c-82e7-4c8a-99fd-7886daa09d7b/in_use.lock acquired by nodename 1598@pr-hdds-2310-sp97z-1197097266
2019-10-21 21:51:07,985 [pool-37-thread-1] INFO  storage.RaftStorageDirectory (RaftStorageDirectory.java:tryLock(328)) - Lock on /workdir/hadoop-ozone/integration-test/target/test-dir/MiniOzoneClusterImpl-06dedcb5-84fe-4716-9b2a-3f157192d9ff/datanode-1/data/ratis/57ddd59c-82e7-4c8a-99fd-7886daa09d7b/in_use.lock acquired by nodename 1598@pr-hdds-2310-sp97z-1197097266
2019-10-21 21:51:07,985 [Thread-191] INFO  impl.RoleInfo (RoleInfo.java:shutdownFollowerState(121)) - e5ffd24e-bf4a-4ea8-9998-5222e19566cd: shutdown FollowerState
2019-10-21 21:51:07,985 [Thread-191] INFO  impl.RaftServerImpl (RaftServerImpl.java:setRole(184)) - e5ffd24e-bf4a-4ea8-9998-5222e19566cd@group-45CE639D6EF2: changes role from  FOLLOWER to CANDIDATE at term 0 for changeToCandidate
2019-10-21 21:51:07,986 [Thread-191] INFO  impl.RoleInfo (RoleInfo.java:updateAndGet(143)) - e5ffd24e-bf4a-4ea8-9998-5222e19566cd: start LeaderElection
2019-10-21 21:51:07,998 [pool-47-thread-1] INFO  storage.RaftStorage (RaftStorage.java:format(84)) - Storage directory /workdir/hadoop-ozone/integration-test/target/test-dir/MiniOzoneClusterImpl-06dedcb5-84fe-4716-9b2a-3f157192d9ff/datanode-2/data/ratis/57ddd59c-82e7-4c8a-99fd-7886daa09d7b has been successfully formatted.
2019-10-21 21:51:07,998 [e5ffd24e-bf4a-4ea8-9998-5222e19566cd@group-45CE639D6EF2-LeaderElection2] INFO  impl.LeaderElection (LeaderElection.java:askForVotes(178)) - e5ffd24e-bf4a-4ea8-9998-5222e19566cd@group-45CE639D6EF2-LeaderElection2: begin an election at term 1 for -1: [e5ffd24e-bf4a-4ea8-9998-5222e19566cd:192.168.34.8:41621], old=null
2019-10-21 21:51:07,998 [pool-27-thread-1] INFO  storage.RaftStorage (RaftStorage.java:format(84)) - Storage directory /workdir/hadoop-ozone/integration-test/target/test-dir/MiniOzoneClusterImpl-06dedcb5-84fe-4716-9b2a-3f157192d9ff/datanode-0/data/ratis/57ddd59c-82e7-4c8a-99fd-7886daa09d7b has been successfully formatted.
2019-10-21 21:51:07,998 [pool-37-thread-1] INFO  storage.RaftStorage (RaftStorage.java:format(84)) - Storage directory /workdir/hadoop-ozone/integration-test/target/test-dir/MiniOzoneClusterImpl-06dedcb5-84fe-4716-9b2a-3f157192d9ff/datanode-1/data/ratis/57ddd59c-82e7-4c8a-99fd-7886daa09d7b has been successfully formatted.
2019-10-21 21:51:08,001 [pool-47-thread-1] INFO  ratis.ContainerStateMachine (ContainerStateMachine.java:loadSnapshot(231)) - group-7886DAA09D7B: The snapshot info is null. Setting the last applied indexto:(t:0, i:~)
2019-10-21 21:51:08,001 [e5ffd24e-bf4a-4ea8-9998-5222e19566cd@group-45CE639D6EF2-LeaderElection2] INFO  impl.RoleInfo (RoleInfo.java:shutdownLeaderElection(134)) - e5ffd24e-bf4a-4ea8-9998-5222e19566cd: shutdown LeaderElection
2019-10-21 21:51:08,002 [pool-37-thread-1] INFO  ratis.ContainerStateMachine (ContainerStateMachine.java:loadSnapshot(231)) - group-7886DAA09D7B: The snapshot info is null. Setting the last applied indexto:(t:0, i:~)
2019-10-21 21:51:08,002 [pool-27-thread-1] INFO  ratis.ContainerStateMachine (ContainerStateMachine.java:loadSnapshot(231)) - group-7886DAA09D7B: The snapshot info is null. Setting the last applied indexto:(t:0, i:~)
2019-10-21 21:51:08,002 [pool-47-thread-1] INFO  server.RaftServerConfigKeys (ConfUtils.java:logGet(43)) - raft.server.notification.no-leader.timeout = 1000s (custom)
2019-10-21 21:51:08,002 [e5ffd24e-bf4a-4ea8-9998-5222e19566cd@group-45CE639D6EF2-LeaderElection2] INFO  impl.RaftServerImpl (RaftServerImpl.java:setRole(184)) - e5ffd24e-bf4a-4ea8-9998-5222e19566cd@group-45CE639D6EF2: changes role from CANDIDATE to LEADER at term 1 for changeToLeader
2019-10-21 21:51:08,002 [pool-27-thread-1] INFO  server.RaftServerConfigKeys (ConfUtils.java:logGet(43)) - raft.server.notification.no-leader.timeout = 1000s (custom)
2019-10-21 21:51:08,002 [pool-37-thread-1] INFO  server.RaftServerConfigKeys (ConfUtils.java:logGet(43)) - raft.server.notification.no-leader.timeout = 1000s (custom)
2019-10-21 21:51:08,002 [pool-27-thread-1] INFO  server.RaftServerConfigKeys (ConfUtils.java:logGet(43)) - raft.server.log.use.memory = false (default)
2019-10-21 21:51:08,002 [pool-47-thread-1] INFO  server.RaftServerConfigKeys (ConfUtils.java:logGet(43)) - raft.server.log.use.memory = false (default)
2019-10-21 21:51:08,002 [e5ffd24e-bf4a-4ea8-9998-5222e19566cd@group-45CE639D6EF2-LeaderElection2] INFO  impl.RaftServerImpl (ServerState.java:setLeader(256)) - e5ffd24e-bf4a-4ea8-9998-5222e19566cd@group-45CE639D6EF2: change Leader from null to e5ffd24e-bf4a-4ea8-9998-5222e19566cd at term 1 for becomeLeader, leader elected after 190ms
2019-10-21 21:51:08,003 [pool-47-thread-1] INFO  server.RaftServerConfigKeys (ConfUtils.java:logGet(43)) - raft.server.log.purge.gap = 1000000 (custom)
2019-10-21 21:51:08,003 [pool-27-thread-1] INFO  server.RaftServerConfigKeys (ConfUtils.java:logGet(43)) - raft.server.log.purge.gap = 1000000 (custom)
2019-10-21 21:51:08,003 [pool-37-thread-1] INFO  server.RaftServerConfigKeys (ConfUtils.java:logGet(43)) - raft.server.log.use.memory = false (default)
2019-10-21 21:51:08,003 [pool-27-thread-1] INFO  server.RaftServerConfigKeys (ConfUtils.java:logGet(43)) - raft.server.log.appender.buffer.byte-limit = 33554432 (custom)
2019-10-21 21:51:08,003 [pool-47-thread-1] INFO  server.RaftServerConfigKeys (ConfUtils.java:logGet(43)) - raft.server.log.appender.buffer.byte-limit = 33554432 (custom)
2019-10-21 21:51:08,003 [e5ffd24e-bf4a-4ea8-9998-5222e19566cd@group-45CE639D6EF2-LeaderElection2] INFO  server.RaftServerConfigKeys (ConfUtils.java:logGet(43)) - raft.server.staging.catchup.gap = 1000 (default)
2019-10-21 21:51:08,004 [pool-47-thread-1] INFO  server.RaftServerConfigKeys (ConfUtils.java:logGet(43)) - raft.server.log.segment.size.max = 1048576 (custom)
2019-10-21 21:51:08,003 [pool-27-thread-1] INFO  server.RaftServerConfigKeys (ConfUtils.java:logGet(43)) - raft.server.log.segment.size.max = 1048576 (custom)
2019-10-21 21:51:08,004 [pool-47-thread-1] INFO  server.RaftServerConfigKeys (ConfUtils.java:logGet(43)) - raft.server.log.segment.cache.num.max = 2 (custom)
2019-10-21 21:51:08,003 [pool-37-thread-1] INFO  server.RaftServerConfigKeys (ConfUtils.java:logGet(43)) - raft.server.log.purge.gap = 1000000 (custom)
2019-10-21 21:51:08,004 [pool-47-thread-1] INFO  segmented.SegmentedRaftLogWorker (SegmentedRaftLogWorker.java:<init>(173)) - new e5ffd24e-bf4a-4ea8-9998-5222e19566cd@group-7886DAA09D7B-SegmentedRaftLogWorker for RaftStorage:Storage Directory /workdir/hadoop-ozone/integration-test/target/test-dir/MiniOzoneClusterImpl-06dedcb5-84fe-4716-9b2a-3f157192d9ff/datanode-2/data/ratis/57ddd59c-82e7-4c8a-99fd-7886daa09d7b
2019-10-21 21:51:08,004 [pool-27-thread-1] INFO  server.RaftServerConfigKeys (ConfUtils.java:logGet(43)) - raft.server.log.segment.cache.num.max = 2 (custom)
2019-10-21 21:51:08,004 [e5ffd24e-bf4a-4ea8-9998-5222e19566cd@group-45CE639D6EF2-LeaderElection2] INFO  server.RaftServerConfigKeys (ConfUtils.java:logGet(43)) - raft.server.rpc.sleep.time = 25ms (default)
2019-10-21 21:51:08,005 [pool-27-thread-1] INFO  segmented.SegmentedRaftLogWorker (SegmentedRaftLogWorker.java:<init>(173)) - new 0794a7c8-829f-468b-b883-2035423e3fbd@group-7886DAA09D7B-SegmentedRaftLogWorker for RaftStorage:Storage Directory /workdir/hadoop-ozone/integration-test/target/test-dir/MiniOzoneClusterImpl-06dedcb5-84fe-4716-9b2a-3f157192d9ff/datanode-0/data/ratis/57ddd59c-82e7-4c8a-99fd-7886daa09d7b
2019-10-21 21:51:08,005 [pool-47-thread-1] INFO  server.RaftServerConfigKeys (ConfUtils.java:logGet(43)) - raft.server.log.queue.byte-limit = 2147483647 (custom)
2019-10-21 21:51:08,004 [pool-37-thread-1] INFO  server.RaftServerConfigKeys (ConfUtils.java:logGet(43)) - raft.server.log.appender.buffer.byte-limit = 33554432 (custom)
2019-10-21 21:51:08,005 [pool-47-thread-1] INFO  server.RaftServerConfigKeys (ConfUtils.java:logGet(43)) - raft.server.log.queue.element-limit = 1024 (custom)
2019-10-21 21:51:08,005 [e5ffd24e-bf4a-4ea8-9998-5222e19566cd@group-45CE639D6EF2-LeaderElection2] INFO  server.RaftServerConfigKeys (ConfUtils.java:logGet(43)) - raft.server.write.element-limit = 4096 (default)
2019-10-21 21:51:08,005 [pool-27-thread-1] INFO  server.RaftServerConfigKeys (ConfUtils.java:logGet(43)) - raft.server.log.queue.byte-limit = 2147483647 (custom)
2019-10-21 21:51:08,006 [e5ffd24e-bf4a-4ea8-9998-5222e19566cd@group-45CE639D6EF2-LeaderElection2] INFO  server.RaftServerConfigKeys (ConfUtils.java:logGet(43)) - raft.server.watch.timeout = 10s (default)
2019-10-21 21:51:08,006 [e5ffd24e-bf4a-4ea8-9998-5222e19566cd@group-45CE639D6EF2-LeaderElection2] INFO  server.RaftServerConfigKeys (ConfUtils.java:logGet(43)) - raft.server.watch.timeout.denomination = 1s (default)
2019-10-21 21:51:08,005 [pool-47-thread-1] INFO  server.RaftServerConfigKeys (ConfUtils.java:logGet(43)) - raft.server.log.segment.size.max = 1048576 (custom)
2019-10-21 21:51:08,005 [pool-37-thread-1] INFO  server.RaftServerConfigKeys (ConfUtils.java:logGet(43)) - raft.server.log.segment.size.max = 1048576 (custom)
2019-10-21 21:51:08,006 [e5ffd24e-bf4a-4ea8-9998-5222e19566cd@group-45CE639D6EF2-LeaderElection2] INFO  server.RaftServerConfigKeys (ConfUtils.java:logGet(43)) - raft.server.watch.element-limit = 65536 (default)
2019-10-21 21:51:08,006 [pool-27-thread-1] INFO  server.RaftServerConfigKeys (ConfUtils.java:logGet(43)) - raft.server.log.queue.element-limit = 1024 (custom)
2019-10-21 21:51:08,006 [pool-37-thread-1] INFO  server.RaftServerConfigKeys (ConfUtils.java:logGet(43)) - raft.server.log.segment.cache.num.max = 2 (custom)
2019-10-21 21:51:08,006 [pool-47-thread-1] INFO  server.RaftServerConfigKeys (ConfUtils.java:logGet(43)) - raft.server.log.preallocated.size = 16384 (custom)
2019-10-21 21:51:08,007 [pool-37-thread-1] INFO  segmented.SegmentedRaftLogWorker (SegmentedRaftLogWorker.java:<init>(173)) - new 06b05a7f-a473-42c9-9200-88e1a405b515@group-7886DAA09D7B-SegmentedRaftLogWorker for RaftStorage:Storage Directory /workdir/hadoop-ozone/integration-test/target/test-dir/MiniOzoneClusterImpl-06dedcb5-84fe-4716-9b2a-3f157192d9ff/datanode-1/data/ratis/57ddd59c-82e7-4c8a-99fd-7886daa09d7b
2019-10-21 21:51:08,007 [pool-27-thread-1] INFO  server.RaftServerConfigKeys (ConfUtils.java:logGet(43)) - raft.server.log.segment.size.max = 1048576 (custom)
2019-10-21 21:51:08,007 [pool-37-thread-1] INFO  server.RaftServerConfigKeys (ConfUtils.java:logGet(43)) - raft.server.log.queue.byte-limit = 2147483647 (custom)
2019-10-21 21:51:08,007 [pool-47-thread-1] INFO  server.RaftServerConfigKeys (ConfUtils.java:logGet(43)) - raft.server.log.write.buffer.size = 33554432 (custom)
2019-10-21 21:51:08,007 [pool-37-thread-1] INFO  server.RaftServerConfigKeys (ConfUtils.java:logGet(43)) - raft.server.log.queue.element-limit = 1024 (custom)
2019-10-21 21:51:08,007 [pool-27-thread-1] INFO  server.RaftServerConfigKeys (ConfUtils.java:logGet(43)) - raft.server.log.preallocated.size = 16384 (custom)
2019-10-21 21:51:08,007 [pool-37-thread-1] INFO  server.RaftServerConfigKeys (ConfUtils.java:logGet(43)) - raft.server.log.segment.size.max = 1048576 (custom)
2019-10-21 21:51:08,007 [pool-47-thread-1] INFO  server.RaftServerConfigKeys (ConfUtils.java:logGet(43)) - raft.server.log.force.sync.num = 128 (default)
2019-10-21 21:51:08,008 [pool-37-thread-1] INFO  server.RaftServerConfigKeys (ConfUtils.java:logGet(43)) - raft.server.log.preallocated.size = 16384 (custom)
2019-10-21 21:51:08,008 [pool-27-thread-1] INFO  server.RaftServerConfigKeys (ConfUtils.java:logGet(43)) - raft.server.log.write.buffer.size = 33554432 (custom)
2019-10-21 21:51:08,008 [pool-37-thread-1] INFO  server.RaftServerConfigKeys (ConfUtils.java:logGet(43)) - raft.server.log.write.buffer.size = 33554432 (custom)
2019-10-21 21:51:08,008 [pool-37-thread-1] INFO  server.RaftServerConfigKeys (ConfUtils.java:logGet(43)) - raft.server.log.force.sync.num = 128 (default)
2019-10-21 21:51:08,008 [pool-47-thread-1] INFO  server.RaftServerConfigKeys (ConfUtils.java:logGet(43)) - raft.server.log.statemachine.data.sync = true (default)
2019-10-21 21:51:08,008 [pool-37-thread-1] INFO  server.RaftServerConfigKeys (ConfUtils.java:logGet(43)) - raft.server.log.statemachine.data.sync = true (default)
2019-10-21 21:51:08,008 [pool-27-thread-1] INFO  server.RaftServerConfigKeys (ConfUtils.java:logGet(43)) - raft.server.log.force.sync.num = 128 (default)
2019-10-21 21:51:08,009 [pool-37-thread-1] INFO  server.RaftServerConfigKeys (ConfUtils.java:logGet(43)) - raft.server.log.statemachine.data.sync.timeout = 10s (default)
2019-10-21 21:51:08,009 [pool-47-thread-1] INFO  server.RaftServerConfigKeys (ConfUtils.java:logGet(43)) - raft.server.log.statemachine.data.sync.timeout = 10s (default)
2019-10-21 21:51:08,009 [e5ffd24e-bf4a-4ea8-9998-5222e19566cd@group-45CE639D6EF2-LeaderElection2] INFO  impl.RoleInfo (RoleInfo.java:updateAndGet(143)) - e5ffd24e-bf4a-4ea8-9998-5222e19566cd: start LeaderState
2019-10-21 21:51:08,009 [pool-47-thread-1] INFO  server.RaftServerConfigKeys (ConfUtils.java:logGet(43)) - raft.server.log.statemachine.data.sync.timeout.retry = -1 (default)
2019-10-21 21:51:08,009 [pool-37-thread-1] INFO  server.RaftServerConfigKeys (ConfUtils.java:logGet(43)) - raft.server.log.statemachine.data.sync.timeout.retry = -1 (default)
2019-10-21 21:51:08,010 [e5ffd24e-bf4a-4ea8-9998-5222e19566cd@group-45CE639D6EF2-LeaderElection2] INFO  segmented.SegmentedRaftLogWorker (SegmentedRaftLogWorker.java:startLogSegment(385)) - e5ffd24e-bf4a-4ea8-9998-5222e19566cd@group-45CE639D6EF2-SegmentedRaftLogWorker: Starting segment from index:0
2019-10-21 21:51:08,009 [pool-27-thread-1] INFO  server.RaftServerConfigKeys (ConfUtils.java:logGet(43)) - raft.server.log.statemachine.data.sync = true (default)
2019-10-21 21:51:08,010 [pool-37-thread-1] INFO  server.RaftServerConfigKeys (ConfUtils.java:logGet(43)) - raft.server.log.statemachine.data.caching.enabled = true (custom)
2019-10-21 21:51:08,010 [pool-47-thread-1] INFO  server.RaftServerConfigKeys (ConfUtils.java:logGet(43)) - raft.server.log.statemachine.data.caching.enabled = true (custom)
2019-10-21 21:51:08,010 [e5ffd24e-bf4a-4ea8-9998-5222e19566cd@group-45CE639D6EF2-LeaderElection2] INFO  impl.RaftServerImpl (ServerState.java:setRaftConf(357)) - e5ffd24e-bf4a-4ea8-9998-5222e19566cd@group-45CE639D6EF2: set configuration 0: [e5ffd24e-bf4a-4ea8-9998-5222e19566cd:192.168.34.8:41621], old=null at 0
2019-10-21 21:51:08,010 [pool-37-thread-1] INFO  segmented.SegmentedRaftLogWorker (SegmentedRaftLogWorker.java:lambda$new$0(128)) - 06b05a7f-a473-42c9-9200-88e1a405b515@group-7886DAA09D7B-SegmentedRaftLogWorker: flushIndex: setUnconditionally 0 -> -1
2019-10-21 21:51:08,010 [pool-27-thread-1] INFO  server.RaftServerConfigKeys (ConfUtils.java:logGet(43)) - raft.server.log.statemachine.data.sync.timeout = 10s (default)
2019-10-21 21:51:08,011 [pool-27-thread-1] INFO  server.RaftServerConfigKeys (ConfUtils.java:logGet(43)) - raft.server.log.statemachine.data.sync.timeout.retry = -1 (default)
2019-10-21 21:51:08,012 [pool-47-thread-1] INFO  segmented.SegmentedRaftLogWorker (SegmentedRaftLogWorker.java:lambda$new$0(128)) - e5ffd24e-bf4a-4ea8-9998-5222e19566cd@group-7886DAA09D7B-SegmentedRaftLogWorker: flushIndex: setUnconditionally 0 -> -1
2019-10-21 21:51:08,011 [pool-37-thread-1] INFO  server.RaftServerConfigKeys (ConfUtils.java:logGet(43)) - raft.server.snapshot.auto.trigger.enabled = true (custom)
2019-10-21 21:51:08,012 [pool-27-thread-1] INFO  server.RaftServerConfigKeys (ConfUtils.java:logGet(43)) - raft.server.log.statemachine.data.caching.enabled = true (custom)
2019-10-21 21:51:08,012 [pool-37-thread-1] INFO  server.RaftServerConfigKeys (ConfUtils.java:logGet(43)) - raft.server.snapshot.auto.trigger.threshold = 10000 (custom)
2019-10-21 21:51:08,012 [pool-47-thread-1] INFO  server.RaftServerConfigKeys (ConfUtils.java:logGet(43)) - raft.server.snapshot.auto.trigger.enabled = true (custom)
2019-10-21 21:51:08,012 [pool-27-thread-1] INFO  segmented.SegmentedRaftLogWorker (SegmentedRaftLogWorker.java:lambda$new$0(128)) - 0794a7c8-829f-468b-b883-2035423e3fbd@group-7886DAA09D7B-SegmentedRaftLogWorker: flushIndex: setUnconditionally 0 -> -1
2019-10-21 21:51:08,012 [pool-37-thread-1] INFO  server.RaftServerConfigKeys (ConfUtils.java:logGet(43)) - raft.server.snapshot.retention.file.num = 5 (custom)
2019-10-21 21:51:08,012 [pool-47-thread-1] INFO  server.RaftServerConfigKeys (ConfUtils.java:logGet(43)) - raft.server.snapshot.auto.trigger.threshold = 10000 (custom)
2019-10-21 21:51:08,013 [pool-37-thread-1] INFO  server.RaftServerConfigKeys (ConfUtils.java:logGet(43)) - raft.server.retrycache.expirytime = 600000ms (custom)
2019-10-21 21:51:08,013 [pool-27-thread-1] INFO  server.RaftServerConfigKeys (ConfUtils.java:logGet(43)) - raft.server.snapshot.auto.trigger.enabled = true (custom)
2019-10-21 21:51:08,013 [pool-47-thread-1] INFO  server.RaftServerConfigKeys (ConfUtils.java:logGet(43)) - raft.server.snapshot.retention.file.num = 5 (custom)
2019-10-21 21:51:08,013 [pool-27-thread-1] INFO  server.RaftServerConfigKeys (ConfUtils.java:logGet(43)) - raft.server.snapshot.auto.trigger.threshold = 10000 (custom)
2019-10-21 21:51:08,013 [pool-27-thread-1] INFO  server.RaftServerConfigKeys (ConfUtils.java:logGet(43)) - raft.server.snapshot.retention.file.num = 5 (custom)
2019-10-21 21:51:08,013 [pool-47-thread-1] INFO  server.RaftServerConfigKeys (ConfUtils.java:logGet(43)) - raft.server.retrycache.expirytime = 600000ms (custom)
2019-10-21 21:51:08,014 [pool-27-thread-1] INFO  server.RaftServerConfigKeys (ConfUtils.java:logGet(43)) - raft.server.retrycache.expirytime = 600000ms (custom)
2019-10-21 21:51:08,015 [pool-37-thread-1] INFO  impl.RaftServerImpl (RaftServerImpl.java:start(195)) - 06b05a7f-a473-42c9-9200-88e1a405b515@group-7886DAA09D7B: start as a follower, conf=-1: [e5ffd24e-bf4a-4ea8-9998-5222e19566cd:192.168.34.8:41621, 06b05a7f-a473-42c9-9200-88e1a405b515:192.168.34.8:42604, 0794a7c8-829f-468b-b883-2035423e3fbd:192.168.34.8:36706], old=null
2019-10-21 21:51:08,015 [pool-37-thread-1] INFO  impl.RaftServerImpl (RaftServerImpl.java:setRole(184)) - 06b05a7f-a473-42c9-9200-88e1a405b515@group-7886DAA09D7B: changes role from      null to FOLLOWER at term 0 for startAsFollower
2019-10-21 21:51:08,015 [pool-37-thread-1] INFO  impl.RoleInfo (RoleInfo.java:updateAndGet(143)) - 06b05a7f-a473-42c9-9200-88e1a405b515: start FollowerState
2019-10-21 21:51:08,016 [pool-37-thread-1] INFO  util.JmxRegister (JmxRegister.java:tryRegister(44)) - Successfully registered JMX Bean with object name Ratis:service=RaftServer,group=group-7886DAA09D7B,id=06b05a7f-a473-42c9-9200-88e1a405b515
2019-10-21 21:51:08,019 [pool-27-thread-1] INFO  impl.RaftServerImpl (RaftServerImpl.java:start(195)) - 0794a7c8-829f-468b-b883-2035423e3fbd@group-7886DAA09D7B: start as a follower, conf=-1: [e5ffd24e-bf4a-4ea8-9998-5222e19566cd:192.168.34.8:41621, 06b05a7f-a473-42c9-9200-88e1a405b515:192.168.34.8:42604, 0794a7c8-829f-468b-b883-2035423e3fbd:192.168.34.8:36706], old=null
2019-10-21 21:51:08,019 [pool-27-thread-1] INFO  impl.RaftServerImpl (RaftServerImpl.java:setRole(184)) - 0794a7c8-829f-468b-b883-2035423e3fbd@group-7886DAA09D7B: changes role from      null to FOLLOWER at term 0 for startAsFollower
2019-10-21 21:51:08,019 [pool-47-thread-1] INFO  impl.RaftServerImpl (RaftServerImpl.java:start(195)) - e5ffd24e-bf4a-4ea8-9998-5222e19566cd@group-7886DAA09D7B: start as a follower, conf=-1: [e5ffd24e-bf4a-4ea8-9998-5222e19566cd:192.168.34.8:41621, 06b05a7f-a473-42c9-9200-88e1a405b515:192.168.34.8:42604, 0794a7c8-829f-468b-b883-2035423e3fbd:192.168.34.8:36706], old=null
2019-10-21 21:51:08,019 [pool-27-thread-1] INFO  impl.RoleInfo (RoleInfo.java:updateAndGet(143)) - 0794a7c8-829f-468b-b883-2035423e3fbd: start FollowerState
2019-10-21 21:51:08,019 [pool-47-thread-1] INFO  impl.RaftServerImpl (RaftServerImpl.java:setRole(184)) - e5ffd24e-bf4a-4ea8-9998-5222e19566cd@group-7886DAA09D7B: changes role from      null to FOLLOWER at term 0 for startAsFollower
2019-10-21 21:51:08,020 [pool-27-thread-1] INFO  util.JmxRegister (JmxRegister.java:tryRegister(44)) - Successfully registered JMX Bean with object name Ratis:service=RaftServer,group=group-7886DAA09D7B,id=0794a7c8-829f-468b-b883-2035423e3fbd
2019-10-21 21:51:08,020 [pool-47-thread-1] INFO  impl.RoleInfo (RoleInfo.java:updateAndGet(143)) - e5ffd24e-bf4a-4ea8-9998-5222e19566cd: start FollowerState
2019-10-21 21:51:08,020 [pool-47-thread-1] INFO  util.JmxRegister (JmxRegister.java:tryRegister(44)) - Successfully registered JMX Bean with object name Ratis:service=RaftServer,group=group-7886DAA09D7B,id=e5ffd24e-bf4a-4ea8-9998-5222e19566cd
2019-10-21 21:51:08,071 [e5ffd24e-bf4a-4ea8-9998-5222e19566cd@group-45CE639D6EF2-SegmentedRaftLogWorker] INFO  segmented.SegmentedRaftLogWorker (SegmentedRaftLogWorker.java:execute(576)) - e5ffd24e-bf4a-4ea8-9998-5222e19566cd@group-45CE639D6EF2-SegmentedRaftLogWorker: created new log segment /workdir/hadoop-ozone/integration-test/target/test-dir/MiniOzoneClusterImpl-06dedcb5-84fe-4716-9b2a-3f157192d9ff/datanode-2/data/ratis/bcf629e1-880c-42d8-b6db-45ce639d6ef2/current/log_inprogress_0
2019-10-21 21:51:08,071 [0794a7c8-829f-468b-b883-2035423e3fbd@group-2813BB380673-SegmentedRaftLogWorker] INFO  segmented.SegmentedRaftLogWorker (SegmentedRaftLogWorker.java:execute(576)) - 0794a7c8-829f-468b-b883-2035423e3fbd@group-2813BB380673-SegmentedRaftLogWorker: created new log segment /workdir/hadoop-ozone/integration-test/target/test-dir/MiniOzoneClusterImpl-06dedcb5-84fe-4716-9b2a-3f157192d9ff/datanode-0/data/ratis/5c1b9acb-5a8b-42aa-987d-2813bb380673/current/log_inprogress_0
2019-10-21 21:51:08,072 [RatisPipelineUtilsThread] INFO  pipeline.PipelineStateManager (PipelineStateManager.java:addPipeline(56)) - Created pipeline Pipeline[ Id: 57ddd59c-82e7-4c8a-99fd-7886daa09d7b, Nodes: e5ffd24e-bf4a-4ea8-9998-5222e19566cd{ip: 192.168.34.8, host: pr-hdds-2310-sp97z-1197097266, networkLocation: /default-rack, certSerialId: null}06b05a7f-a473-42c9-9200-88e1a405b515{ip: 192.168.34.8, host: pr-hdds-2310-sp97z-1197097266, networkLocation: /default-rack, certSerialId: null}0794a7c8-829f-468b-b883-2035423e3fbd{ip: 192.168.34.8, host: pr-hdds-2310-sp97z-1197097266, networkLocation: /default-rack, certSerialId: null}, Type:RATIS, Factor:THREE, State:OPEN]
2019-10-21 21:51:08,076 [Thread-194] INFO  impl.FollowerState (FollowerState.java:run(108)) - 06b05a7f-a473-42c9-9200-88e1a405b515@group-DC458CAD47DC-FollowerState: change to CANDIDATE, lastRpcTime:149ms, electionTimeout:149ms
2019-10-21 21:51:08,076 [Thread-194] INFO  impl.RoleInfo (RoleInfo.java:shutdownFollowerState(121)) - 06b05a7f-a473-42c9-9200-88e1a405b515: shutdown FollowerState
2019-10-21 21:51:08,076 [Thread-194] INFO  impl.RaftServerImpl (RaftServerImpl.java:setRole(184)) - 06b05a7f-a473-42c9-9200-88e1a405b515@group-DC458CAD47DC: changes role from  FOLLOWER to CANDIDATE at term 0 for changeToCandidate
2019-10-21 21:51:08,076 [Thread-194] INFO  impl.RoleInfo (RoleInfo.java:updateAndGet(143)) - 06b05a7f-a473-42c9-9200-88e1a405b515: start LeaderElection
2019-10-21 21:51:08,088 [06b05a7f-a473-42c9-9200-88e1a405b515@group-DC458CAD47DC-LeaderElection3] INFO  impl.LeaderElection (LeaderElection.java:askForVotes(178)) - 06b05a7f-a473-42c9-9200-88e1a405b515@group-DC458CAD47DC-LeaderElection3: begin an election at term 1 for -1: [06b05a7f-a473-42c9-9200-88e1a405b515:192.168.34.8:42604], old=null
2019-10-21 21:51:08,089 [06b05a7f-a473-42c9-9200-88e1a405b515@group-DC458CAD47DC-LeaderElection3] INFO  impl.RoleInfo (RoleInfo.java:shutdownLeaderElection(134)) - 06b05a7f-a473-42c9-9200-88e1a405b515: shutdown LeaderElection
2019-10-21 21:51:08,089 [06b05a7f-a473-42c9-9200-88e1a405b515@group-DC458CAD47DC-LeaderElection3] INFO  impl.RaftServerImpl (RaftServerImpl.java:setRole(184)) - 06b05a7f-a473-42c9-9200-88e1a405b515@group-DC458CAD47DC: changes role from CANDIDATE to LEADER at term 1 for changeToLeader
2019-10-21 21:51:08,089 [06b05a7f-a473-42c9-9200-88e1a405b515@group-DC458CAD47DC-LeaderElection3] INFO  impl.RaftServerImpl (ServerState.java:setLeader(256)) - 06b05a7f-a473-42c9-9200-88e1a405b515@group-DC458CAD47DC: change Leader from null to 06b05a7f-a473-42c9-9200-88e1a405b515 at term 1 for becomeLeader, leader elected after 178ms
2019-10-21 21:51:08,089 [06b05a7f-a473-42c9-9200-88e1a405b515@group-DC458CAD47DC-LeaderElection3] INFO  server.RaftServerConfigKeys (ConfUtils.java:logGet(43)) - raft.server.staging.catchup.gap = 1000 (default)
2019-10-21 21:51:08,090 [06b05a7f-a473-42c9-9200-88e1a405b515@group-DC458CAD47DC-LeaderElection3] INFO  server.RaftServerConfigKeys (ConfUtils.java:logGet(43)) - raft.server.rpc.sleep.time = 25ms (default)
2019-10-21 21:51:08,090 [06b05a7f-a473-42c9-9200-88e1a405b515@group-DC458CAD47DC-LeaderElection3] INFO  server.RaftServerConfigKeys (ConfUtils.java:logGet(43)) - raft.server.write.element-limit = 4096 (default)
2019-10-21 21:51:08,090 [06b05a7f-a473-42c9-9200-88e1a405b515@group-DC458CAD47DC-LeaderElection3] INFO  server.RaftServerConfigKeys (ConfUtils.java:logGet(43)) - raft.server.watch.timeout = 10s (default)
2019-10-21 21:51:08,090 [06b05a7f-a473-42c9-9200-88e1a405b515@group-DC458CAD47DC-LeaderElection3] INFO  server.RaftServerConfigKeys (ConfUtils.java:logGet(43)) - raft.server.watch.timeout.denomination = 1s (default)
2019-10-21 21:51:08,090 [06b05a7f-a473-42c9-9200-88e1a405b515@group-DC458CAD47DC-LeaderElection3] INFO  server.RaftServerConfigKeys (ConfUtils.java:logGet(43)) - raft.server.watch.element-limit = 65536 (default)
2019-10-21 21:51:08,093 [06b05a7f-a473-42c9-9200-88e1a405b515@group-DC458CAD47DC-LeaderElection3] INFO  impl.RoleInfo (RoleInfo.java:updateAndGet(143)) - 06b05a7f-a473-42c9-9200-88e1a405b515: start LeaderState
2019-10-21 21:51:08,093 [06b05a7f-a473-42c9-9200-88e1a405b515@group-DC458CAD47DC-LeaderElection3] INFO  segmented.SegmentedRaftLogWorker (SegmentedRaftLogWorker.java:startLogSegment(385)) - 06b05a7f-a473-42c9-9200-88e1a405b515@group-DC458CAD47DC-SegmentedRaftLogWorker: Starting segment from index:0
2019-10-21 21:51:08,094 [06b05a7f-a473-42c9-9200-88e1a405b515@group-DC458CAD47DC-LeaderElection3] INFO  impl.RaftServerImpl (ServerState.java:setRaftConf(357)) - 06b05a7f-a473-42c9-9200-88e1a405b515@group-DC458CAD47DC: set configuration 0: [06b05a7f-a473-42c9-9200-88e1a405b515:192.168.34.8:42604], old=null at 0
2019-10-21 21:51:08,152 [06b05a7f-a473-42c9-9200-88e1a405b515@group-DC458CAD47DC-SegmentedRaftLogWorker] INFO  segmented.SegmentedRaftLogWorker (SegmentedRaftLogWorker.java:execute(576)) - 06b05a7f-a473-42c9-9200-88e1a405b515@group-DC458CAD47DC-SegmentedRaftLogWorker: created new log segment /workdir/hadoop-ozone/integration-test/target/test-dir/MiniOzoneClusterImpl-06dedcb5-84fe-4716-9b2a-3f157192d9ff/datanode-1/data/ratis/6da1c915-7d6d-4ba2-a312-dc458cad47dc/current/log_inprogress_0
2019-10-21 21:51:08,153 [Thread-202] INFO  impl.FollowerState (FollowerState.java:run(108)) - 0794a7c8-829f-468b-b883-2035423e3fbd@group-7886DAA09D7B-FollowerState: change to CANDIDATE, lastRpcTime:133ms, electionTimeout:133ms
2019-10-21 21:51:08,153 [Thread-202] INFO  impl.RoleInfo (RoleInfo.java:shutdownFollowerState(121)) - 0794a7c8-829f-468b-b883-2035423e3fbd: shutdown FollowerState
2019-10-21 21:51:08,153 [Thread-202] INFO  impl.RaftServerImpl (RaftServerImpl.java:setRole(184)) - 0794a7c8-829f-468b-b883-2035423e3fbd@group-7886DAA09D7B: changes role from  FOLLOWER to CANDIDATE at term 0 for changeToCandidate
2019-10-21 21:51:08,153 [Thread-202] INFO  impl.RoleInfo (RoleInfo.java:updateAndGet(143)) - 0794a7c8-829f-468b-b883-2035423e3fbd: start LeaderElection
2019-10-21 21:51:08,156 [main] INFO  ozone.MiniOzoneClusterImpl (MiniOzoneClusterImpl.java:lambda$waitForClusterToBeReady$0(147)) - Cluster is ready. Got 3 of 3 DN Heartbeats.
2019-10-21 21:51:08,165 [0794a7c8-829f-468b-b883-2035423e3fbd@group-7886DAA09D7B-LeaderElection4] INFO  impl.LeaderElection (LeaderElection.java:askForVotes(178)) - 0794a7c8-829f-468b-b883-2035423e3fbd@group-7886DAA09D7B-LeaderElection4: begin an election at term 1 for -1: [e5ffd24e-bf4a-4ea8-9998-5222e19566cd:192.168.34.8:41621, 06b05a7f-a473-42c9-9200-88e1a405b515:192.168.34.8:42604, 0794a7c8-829f-468b-b883-2035423e3fbd:192.168.34.8:36706], old=null
2019-10-21 21:51:08,199 [grpc-default-executor-0] INFO  impl.RaftServerImpl (RaftServerImpl.java:setRole(184)) - 06b05a7f-a473-42c9-9200-88e1a405b515@group-7886DAA09D7B: changes role from  FOLLOWER to FOLLOWER at term 1 for recognizeCandidate:0794a7c8-829f-468b-b883-2035423e3fbd
2019-10-21 21:51:08,199 [grpc-default-executor-1] INFO  impl.RaftServerImpl (RaftServerImpl.java:setRole(184)) - e5ffd24e-bf4a-4ea8-9998-5222e19566cd@group-7886DAA09D7B: changes role from  FOLLOWER to FOLLOWER at term 1 for recognizeCandidate:0794a7c8-829f-468b-b883-2035423e3fbd
2019-10-21 21:51:08,200 [grpc-default-executor-0] INFO  impl.RoleInfo (RoleInfo.java:shutdownFollowerState(121)) - 06b05a7f-a473-42c9-9200-88e1a405b515: shutdown FollowerState
2019-10-21 21:51:08,200 [grpc-default-executor-1] INFO  impl.RoleInfo (RoleInfo.java:shutdownFollowerState(121)) - e5ffd24e-bf4a-4ea8-9998-5222e19566cd: shutdown FollowerState
2019-10-21 21:51:08,200 [grpc-default-executor-0] INFO  impl.RoleInfo (RoleInfo.java:updateAndGet(143)) - 06b05a7f-a473-42c9-9200-88e1a405b515: start FollowerState
2019-10-21 21:51:08,200 [grpc-default-executor-1] INFO  impl.RoleInfo (RoleInfo.java:updateAndGet(143)) - e5ffd24e-bf4a-4ea8-9998-5222e19566cd: start FollowerState
2019-10-21 21:51:08,200 [Thread-203] INFO  impl.FollowerState (FollowerState.java:run(117)) - e5ffd24e-bf4a-4ea8-9998-5222e19566cd@group-7886DAA09D7B-FollowerState was interrupted: java.lang.InterruptedException: sleep interrupted
2019-10-21 21:51:08,200 [Thread-201] INFO  impl.FollowerState (FollowerState.java:run(117)) - 06b05a7f-a473-42c9-9200-88e1a405b515@group-7886DAA09D7B-FollowerState was interrupted: java.lang.InterruptedException: sleep interrupted
2019-10-21 21:51:08,229 [0794a7c8-829f-468b-b883-2035423e3fbd@group-7886DAA09D7B-LeaderElection4] INFO  impl.LeaderElection (LeaderElection.java:logAndReturn(56)) - 0794a7c8-829f-468b-b883-2035423e3fbd@group-7886DAA09D7B-LeaderElection4: Election PASSED; received 1 response(s) [0794a7c8-829f-468b-b883-2035423e3fbd<-e5ffd24e-bf4a-4ea8-9998-5222e19566cd#0:OK-t1] and 0 exception(s); 0794a7c8-829f-468b-b883-2035423e3fbd@group-7886DAA09D7B:t1, leader=null, voted=0794a7c8-829f-468b-b883-2035423e3fbd, raftlog=0794a7c8-829f-468b-b883-2035423e3fbd@group-7886DAA09D7B-SegmentedRaftLog:OPENED:c-1,f-1,i0, conf=-1: [e5ffd24e-bf4a-4ea8-9998-5222e19566cd:192.168.34.8:41621, 06b05a7f-a473-42c9-9200-88e1a405b515:192.168.34.8:42604, 0794a7c8-829f-468b-b883-2035423e3fbd:192.168.34.8:36706], old=null
2019-10-21 21:51:08,229 [0794a7c8-829f-468b-b883-2035423e3fbd@group-7886DAA09D7B-LeaderElection4] INFO  impl.RoleInfo (RoleInfo.java:shutdownLeaderElection(134)) - 0794a7c8-829f-468b-b883-2035423e3fbd: shutdown LeaderElection
2019-10-21 21:51:08,230 [0794a7c8-829f-468b-b883-2035423e3fbd@group-7886DAA09D7B-LeaderElection4] INFO  impl.RaftServerImpl (RaftServerImpl.java:setRole(184)) - 0794a7c8-829f-468b-b883-2035423e3fbd@group-7886DAA09D7B: changes role from CANDIDATE to LEADER at term 1 for changeToLeader
2019-10-21 21:51:08,230 [0794a7c8-829f-468b-b883-2035423e3fbd@group-7886DAA09D7B-LeaderElection4] INFO  impl.RaftServerImpl (ServerState.java:setLeader(256)) - 0794a7c8-829f-468b-b883-2035423e3fbd@group-7886DAA09D7B: change Leader from null to 0794a7c8-829f-468b-b883-2035423e3fbd at term 1 for becomeLeader, leader elected after 227ms
2019-10-21 21:51:08,231 [0794a7c8-829f-468b-b883-2035423e3fbd@group-7886DAA09D7B-LeaderElection4] INFO  server.RaftServerConfigKeys (ConfUtils.java:logGet(43)) - raft.server.staging.catchup.gap = 1000 (default)
2019-10-21 21:51:08,231 [0794a7c8-829f-468b-b883-2035423e3fbd@group-7886DAA09D7B-LeaderElection4] INFO  server.RaftServerConfigKeys (ConfUtils.java:logGet(43)) - raft.server.rpc.sleep.time = 25ms (default)
2019-10-21 21:51:08,231 [0794a7c8-829f-468b-b883-2035423e3fbd@group-7886DAA09D7B-LeaderElection4] INFO  server.RaftServerConfigKeys (ConfUtils.java:logGet(43)) - raft.server.write.element-limit = 4096 (default)
2019-10-21 21:51:08,231 [0794a7c8-829f-468b-b883-2035423e3fbd@group-7886DAA09D7B-LeaderElection4] INFO  server.RaftServerConfigKeys (ConfUtils.java:logGet(43)) - raft.server.watch.timeout = 10s (default)
2019-10-21 21:51:08,232 [0794a7c8-829f-468b-b883-2035423e3fbd@group-7886DAA09D7B-LeaderElection4] INFO  server.RaftServerConfigKeys (ConfUtils.java:logGet(43)) - raft.server.watch.timeout.denomination = 1s (default)
2019-10-21 21:51:08,232 [0794a7c8-829f-468b-b883-2035423e3fbd@group-7886DAA09D7B-LeaderElection4] INFO  server.RaftServerConfigKeys (ConfUtils.java:logGet(43)) - raft.server.watch.element-limit = 65536 (default)
2019-10-21 21:51:08,238 [0794a7c8-829f-468b-b883-2035423e3fbd@group-7886DAA09D7B-LeaderElection4] INFO  server.RaftServerConfigKeys (ConfUtils.java:logGet(43)) - raft.server.log.appender.snapshot.chunk.size.max = 16MB (=16777216) (default)
2019-10-21 21:51:08,238 [0794a7c8-829f-468b-b883-2035423e3fbd@group-7886DAA09D7B-LeaderElection4] INFO  server.RaftServerConfigKeys (ConfUtils.java:logGet(43)) - raft.server.log.appender.buffer.byte-limit = 33554432 (custom)
2019-10-21 21:51:08,239 [0794a7c8-829f-468b-b883-2035423e3fbd@group-7886DAA09D7B-LeaderElection4] INFO  server.RaftServerConfigKeys (ConfUtils.java:logGet(43)) - raft.server.log.appender.buffer.element-limit = 1 (custom)
2019-10-21 21:51:08,242 [0794a7c8-829f-468b-b883-2035423e3fbd@group-7886DAA09D7B-LeaderElection4] INFO  grpc.GrpcConfigKeys$Server (ConfUtils.java:logGet(43)) - raft.grpc.server.leader.outstanding.appends.max = 128 (default)
2019-10-21 21:51:08,242 [0794a7c8-829f-468b-b883-2035423e3fbd@group-7886DAA09D7B-LeaderElection4] INFO  server.RaftServerConfigKeys (ConfUtils.java:logGet(43)) - raft.server.rpc.request.timeout = 3000ms (default)
2019-10-21 21:51:08,243 [0794a7c8-829f-468b-b883-2035423e3fbd@group-7886DAA09D7B-LeaderElection4] INFO  server.RaftServerConfigKeys (ConfUtils.java:logGet(43)) - raft.server.log.appender.install.snapshot.enabled = false (custom)
2019-10-21 21:51:08,247 [0794a7c8-829f-468b-b883-2035423e3fbd@group-7886DAA09D7B-LeaderElection4] INFO  server.RaftServerConfigKeys (ConfUtils.java:logGet(43)) - raft.server.log.appender.snapshot.chunk.size.max = 16MB (=16777216) (default)
2019-10-21 21:51:08,247 [0794a7c8-829f-468b-b883-2035423e3fbd@group-7886DAA09D7B-LeaderElection4] INFO  server.RaftServerConfigKeys (ConfUtils.java:logGet(43)) - raft.server.log.appender.buffer.byte-limit = 33554432 (custom)
2019-10-21 21:51:08,247 [0794a7c8-829f-468b-b883-2035423e3fbd@group-7886DAA09D7B-LeaderElection4] INFO  server.RaftServerConfigKeys (ConfUtils.java:logGet(43)) - raft.server.log.appender.buffer.element-limit = 1 (custom)
2019-10-21 21:51:08,247 [0794a7c8-829f-468b-b883-2035423e3fbd@group-7886DAA09D7B-LeaderElection4] INFO  grpc.GrpcConfigKeys$Server (ConfUtils.java:logGet(43)) - raft.grpc.server.leader.outstanding.appends.max = 128 (default)
2019-10-21 21:51:08,247 [0794a7c8-829f-468b-b883-2035423e3fbd@group-7886DAA09D7B-LeaderElection4] INFO  server.RaftServerConfigKeys (ConfUtils.java:logGet(43)) - raft.server.rpc.request.timeout = 3000ms (default)
2019-10-21 21:51:08,248 [0794a7c8-829f-468b-b883-2035423e3fbd@group-7886DAA09D7B-LeaderElection4] INFO  server.RaftServerConfigKeys (ConfUtils.java:logGet(43)) - raft.server.log.appender.install.snapshot.enabled = false (custom)
2019-10-21 21:51:08,252 [0794a7c8-829f-468b-b883-2035423e3fbd@group-7886DAA09D7B-LeaderElection4] INFO  impl.RoleInfo (RoleInfo.java:updateAndGet(143)) - 0794a7c8-829f-468b-b883-2035423e3fbd: start LeaderState
2019-10-21 21:51:08,253 [0794a7c8-829f-468b-b883-2035423e3fbd@group-7886DAA09D7B-LeaderElection4] INFO  segmented.SegmentedRaftLogWorker (SegmentedRaftLogWorker.java:startLogSegment(385)) - 0794a7c8-829f-468b-b883-2035423e3fbd@group-7886DAA09D7B-SegmentedRaftLogWorker: Starting segment from index:0
2019-10-21 21:51:08,254 [0794a7c8-829f-468b-b883-2035423e3fbd@group-7886DAA09D7B-LeaderElection4] INFO  impl.RaftServerImpl (ServerState.java:setRaftConf(357)) - 0794a7c8-829f-468b-b883-2035423e3fbd@group-7886DAA09D7B: set configuration 0: [e5ffd24e-bf4a-4ea8-9998-5222e19566cd:192.168.34.8:41621, 06b05a7f-a473-42c9-9200-88e1a405b515:192.168.34.8:42604, 0794a7c8-829f-468b-b883-2035423e3fbd:192.168.34.8:36706], old=null at 0
2019-10-21 21:51:08,304 [0794a7c8-829f-468b-b883-2035423e3fbd@group-7886DAA09D7B-SegmentedRaftLogWorker] INFO  segmented.SegmentedRaftLogWorker (SegmentedRaftLogWorker.java:execute(576)) - 0794a7c8-829f-468b-b883-2035423e3fbd@group-7886DAA09D7B-SegmentedRaftLogWorker: created new log segment /workdir/hadoop-ozone/integration-test/target/test-dir/MiniOzoneClusterImpl-06dedcb5-84fe-4716-9b2a-3f157192d9ff/datanode-0/data/ratis/57ddd59c-82e7-4c8a-99fd-7886daa09d7b/current/log_inprogress_0
2019-10-21 21:51:08,310 [grpc-default-executor-1] INFO  impl.RaftServerImpl (ServerState.java:setLeader(256)) - 06b05a7f-a473-42c9-9200-88e1a405b515@group-7886DAA09D7B: change Leader from null to 0794a7c8-829f-468b-b883-2035423e3fbd at term 1 for appendEntries, leader elected after 307ms
2019-10-21 21:51:08,310 [grpc-default-executor-0] INFO  impl.RaftServerImpl (ServerState.java:setLeader(256)) - e5ffd24e-bf4a-4ea8-9998-5222e19566cd@group-7886DAA09D7B: change Leader from null to 0794a7c8-829f-468b-b883-2035423e3fbd at term 1 for appendEntries, leader elected after 307ms
2019-10-21 21:51:08,344 [grpc-default-executor-0] INFO  impl.RaftServerImpl (ServerState.java:setRaftConf(357)) - e5ffd24e-bf4a-4ea8-9998-5222e19566cd@group-7886DAA09D7B: set configuration 0: [e5ffd24e-bf4a-4ea8-9998-5222e19566cd:192.168.34.8:41621, 06b05a7f-a473-42c9-9200-88e1a405b515:192.168.34.8:42604, 0794a7c8-829f-468b-b883-2035423e3fbd:192.168.34.8:36706], old=null at 0
2019-10-21 21:51:08,344 [grpc-default-executor-1] INFO  impl.RaftServerImpl (ServerState.java:setRaftConf(357)) - 06b05a7f-a473-42c9-9200-88e1a405b515@group-7886DAA09D7B: set configuration 0: [e5ffd24e-bf4a-4ea8-9998-5222e19566cd:192.168.34.8:41621, 06b05a7f-a473-42c9-9200-88e1a405b515:192.168.34.8:42604, 0794a7c8-829f-468b-b883-2035423e3fbd:192.168.34.8:36706], old=null at 0
2019-10-21 21:51:08,345 [grpc-default-executor-0] INFO  segmented.SegmentedRaftLogWorker (SegmentedRaftLogWorker.java:startLogSegment(385)) - e5ffd24e-bf4a-4ea8-9998-5222e19566cd@group-7886DAA09D7B-SegmentedRaftLogWorker: Starting segment from index:0
2019-10-21 21:51:08,345 [grpc-default-executor-1] INFO  segmented.SegmentedRaftLogWorker (SegmentedRaftLogWorker.java:startLogSegment(385)) - 06b05a7f-a473-42c9-9200-88e1a405b515@group-7886DAA09D7B-SegmentedRaftLogWorker: Starting segment from index:0
2019-10-21 21:51:08,391 [06b05a7f-a473-42c9-9200-88e1a405b515@group-7886DAA09D7B-SegmentedRaftLogWorker] INFO  segmented.SegmentedRaftLogWorker (SegmentedRaftLogWorker.java:execute(576)) - 06b05a7f-a473-42c9-9200-88e1a405b515@group-7886DAA09D7B-SegmentedRaftLogWorker: created new log segment /workdir/hadoop-ozone/integration-test/target/test-dir/MiniOzoneClusterImpl-06dedcb5-84fe-4716-9b2a-3f157192d9ff/datanode-1/data/ratis/57ddd59c-82e7-4c8a-99fd-7886daa09d7b/current/log_inprogress_0
2019-10-21 21:51:08,391 [e5ffd24e-bf4a-4ea8-9998-5222e19566cd@group-7886DAA09D7B-SegmentedRaftLogWorker] INFO  segmented.SegmentedRaftLogWorker (SegmentedRaftLogWorker.java:execute(576)) - e5ffd24e-bf4a-4ea8-9998-5222e19566cd@group-7886DAA09D7B-SegmentedRaftLogWorker: created new log segment /workdir/hadoop-ozone/integration-test/target/test-dir/MiniOzoneClusterImpl-06dedcb5-84fe-4716-9b2a-3f157192d9ff/datanode-2/data/ratis/57ddd59c-82e7-4c8a-99fd-7886daa09d7b/current/log_inprogress_0
2019-10-21 21:51:09,071 [main] INFO  rpc.RpcClient (RpcClient.java:createVolume(272)) - Creating Volume: testcontainerstatemachinefailures, with jenkins1000 as owner.
2019-10-21 21:51:09,169 [IPC Server handler 3 on 46318] INFO  volume.OMVolumeCreateRequest (OMVolumeCreateRequest.java:validateAndUpdateCache(193)) - created volume:testcontainerstatemachinefailures for user:jenkins1000
2019-10-21 21:51:09,193 [main] INFO  rpc.RpcClient (RpcClient.java:createBucket(411)) - Creating Bucket: testcontainerstatemachinefailures/testcontainerstatemachinefailures, with Versioning false and Storage Type set to DISK and Encryption set to false 
2019-10-21 21:51:09,253 [IPC Server handler 1 on 43828] INFO  server.SCMBlockProtocolServer (SCMBlockProtocolServer.java:allocateBlock(179)) - Allocating 1 blocks of size 4194304, with ExcludeList {datanodes = [], containerIds = [], pipelineIds = []}
2019-10-21 21:51:09,336 [main] INFO  impl.MetricsSystemImpl (MetricsSystemImpl.java:init(158)) - XceiverClientMetrics metrics system started (again)
2019-10-21 21:51:09,949 [Datanode State Machine Thread - 0] INFO  statemachine.DatanodeStateMachine (DatanodeStateMachine.java:lambda$startDaemon$0(350)) - Ozone container server started.
2019-10-21 21:51:10,040 [Thread-181] INFO  container.ReplicationManager (ReplicationManager.java:start(162)) - Starting Replication Monitor Thread.
2019-10-21 21:51:10,042 [ReplicationMonitor] INFO  container.ReplicationManager (ReplicationManager.java:run(225)) - Replication Monitor Thread took 1 milliseconds for processing 1 containers.
2019-10-21 21:51:14,859 [main] INFO  ozoneimpl.OzoneContainer (OzoneContainer.java:stop(227)) - Attempting to stop container services.
2019-10-21 21:51:14,861 [main] INFO  impl.RaftServerProxy (RaftServerProxy.java:lambda$close$4(314)) - e5ffd24e-bf4a-4ea8-9998-5222e19566cd: close
2019-10-21 21:51:14,863 [main] INFO  impl.RaftServerImpl (RaftServerImpl.java:lambda$shutdown$3(261)) - e5ffd24e-bf4a-4ea8-9998-5222e19566cd@group-45CE639D6EF2: shutdown
2019-10-21 21:51:14,864 [main] INFO  util.JmxRegister (JmxRegister.java:unregister(73)) - Successfully un-registered JMX Bean with object name Ratis:service=RaftServer,group=group-45CE639D6EF2,id=e5ffd24e-bf4a-4ea8-9998-5222e19566cd
2019-10-21 21:51:14,864 [main] INFO  impl.RoleInfo (RoleInfo.java:shutdownLeaderState(104)) - e5ffd24e-bf4a-4ea8-9998-5222e19566cd: shutdown LeaderState
2019-10-21 21:51:14,865 [main] INFO  impl.PendingRequests (PendingRequests.java:sendNotLeaderResponses(202)) - e5ffd24e-bf4a-4ea8-9998-5222e19566cd@group-45CE639D6EF2-PendingRequests: sendNotLeaderResponses
2019-10-21 21:51:14,867 [main] INFO  impl.StateMachineUpdater (StateMachineUpdater.java:stopAndJoin(136)) - e5ffd24e-bf4a-4ea8-9998-5222e19566cd@group-45CE639D6EF2-StateMachineUpdater: set stopIndex = 0
2019-10-21 21:51:14,869 [main] INFO  impl.RaftServerImpl (ServerState.java:close(388)) - e5ffd24e-bf4a-4ea8-9998-5222e19566cd@group-45CE639D6EF2: closes. applyIndex: 0
2019-10-21 21:51:14,872 [e5ffd24e-bf4a-4ea8-9998-5222e19566cd@group-45CE639D6EF2-SegmentedRaftLogWorker] INFO  segmented.SegmentedRaftLogWorker (SegmentedRaftLogWorker.java:run(316)) - e5ffd24e-bf4a-4ea8-9998-5222e19566cd@group-45CE639D6EF2-SegmentedRaftLogWorker was interrupted, exiting. There are 0 tasks remaining in the queue.
2019-10-21 21:51:14,873 [main] INFO  segmented.SegmentedRaftLogWorker (SegmentedRaftLogWorker.java:close(224)) - e5ffd24e-bf4a-4ea8-9998-5222e19566cd@group-45CE639D6EF2-SegmentedRaftLogWorker close()
2019-10-21 21:51:14,875 [main] INFO  impl.RaftServerImpl (RaftServerImpl.java:lambda$shutdown$3(261)) - e5ffd24e-bf4a-4ea8-9998-5222e19566cd@group-7886DAA09D7B: shutdown
2019-10-21 21:51:14,876 [main] INFO  util.JmxRegister (JmxRegister.java:unregister(73)) - Successfully un-registered JMX Bean with object name Ratis:service=RaftServer,group=group-7886DAA09D7B,id=e5ffd24e-bf4a-4ea8-9998-5222e19566cd
2019-10-21 21:51:14,876 [main] INFO  impl.RoleInfo (RoleInfo.java:shutdownFollowerState(121)) - e5ffd24e-bf4a-4ea8-9998-5222e19566cd: shutdown FollowerState
2019-10-21 21:51:14,876 [main] INFO  impl.StateMachineUpdater (StateMachineUpdater.java:stopAndJoin(136)) - e5ffd24e-bf4a-4ea8-9998-5222e19566cd@group-7886DAA09D7B-StateMachineUpdater: set stopIndex = 4
2019-10-21 21:51:14,876 [Thread-213] INFO  impl.FollowerState (FollowerState.java:run(117)) - e5ffd24e-bf4a-4ea8-9998-5222e19566cd@group-7886DAA09D7B-FollowerState was interrupted: java.lang.InterruptedException: sleep interrupted
2019-10-21 21:51:14,877 [e5ffd24e-bf4a-4ea8-9998-5222e19566cd@group-7886DAA09D7B-StateMachineUpdater] INFO  ratis.ContainerStateMachine (ContainerStateMachine.java:takeSnapshot(294)) - group-7886DAA09D7B: Taking a snapshot at:(t:1, i:3) file /workdir/hadoop-ozone/integration-test/target/test-dir/MiniOzoneClusterImpl-06dedcb5-84fe-4716-9b2a-3f157192d9ff/datanode-2/data/ratis/57ddd59c-82e7-4c8a-99fd-7886daa09d7b/sm/snapshot.1_3
2019-10-21 21:51:14,987 [e5ffd24e-bf4a-4ea8-9998-5222e19566cd@group-7886DAA09D7B-StateMachineUpdater] INFO  ratis.ContainerStateMachine (ContainerStateMachine.java:takeSnapshot(305)) - group-7886DAA09D7B: Finished taking a snapshot at:(t:1, i:3) file:/workdir/hadoop-ozone/integration-test/target/test-dir/MiniOzoneClusterImpl-06dedcb5-84fe-4716-9b2a-3f157192d9ff/datanode-2/data/ratis/57ddd59c-82e7-4c8a-99fd-7886daa09d7b/sm/snapshot.1_3 time:110
2019-10-21 21:51:14,989 [e5ffd24e-bf4a-4ea8-9998-5222e19566cd@group-7886DAA09D7B-StateMachineUpdater] INFO  impl.StateMachineUpdater (StateMachineUpdater.java:takeSnapshot(269)) - e5ffd24e-bf4a-4ea8-9998-5222e19566cd@group-7886DAA09D7B-StateMachineUpdater: Took a snapshot at index 3
2019-10-21 21:51:14,991 [e5ffd24e-bf4a-4ea8-9998-5222e19566cd@group-7886DAA09D7B-StateMachineUpdater] INFO  impl.StateMachineUpdater (StateMachineUpdater.java:lambda$new$0(84)) - e5ffd24e-bf4a-4ea8-9998-5222e19566cd@group-7886DAA09D7B-StateMachineUpdater: snapshotIndex: updateIncreasingly -1 -> 3
2019-10-21 21:51:15,005 [e5ffd24e-bf4a-4ea8-9998-5222e19566cd@group-7886DAA09D7B-StateMachineUpdater] INFO  ratis.ContainerStateMachine (ContainerStateMachine.java:takeSnapshot(294)) - group-7886DAA09D7B: Taking a snapshot at:(t:1, i:3) file /workdir/hadoop-ozone/integration-test/target/test-dir/MiniOzoneClusterImpl-06dedcb5-84fe-4716-9b2a-3f157192d9ff/datanode-2/data/ratis/57ddd59c-82e7-4c8a-99fd-7886daa09d7b/sm/snapshot.1_3
2019-10-21 21:51:15,018 [e5ffd24e-bf4a-4ea8-9998-5222e19566cd@group-7886DAA09D7B-StateMachineUpdater] INFO  ratis.ContainerStateMachine (ContainerStateMachine.java:takeSnapshot(305)) - group-7886DAA09D7B: Finished taking a snapshot at:(t:1, i:3) file:/workdir/hadoop-ozone/integration-test/target/test-dir/MiniOzoneClusterImpl-06dedcb5-84fe-4716-9b2a-3f157192d9ff/datanode-2/data/ratis/57ddd59c-82e7-4c8a-99fd-7886daa09d7b/sm/snapshot.1_3 time:13
2019-10-21 21:51:15,019 [e5ffd24e-bf4a-4ea8-9998-5222e19566cd@group-7886DAA09D7B-StateMachineUpdater] INFO  impl.StateMachineUpdater (StateMachineUpdater.java:takeSnapshot(269)) - e5ffd24e-bf4a-4ea8-9998-5222e19566cd@group-7886DAA09D7B-StateMachineUpdater: Took a snapshot at index 3
2019-10-21 21:51:15,019 [e5ffd24e-bf4a-4ea8-9998-5222e19566cd@group-7886DAA09D7B-StateMachineUpdater] INFO  impl.StateMachineUpdater (StateMachineUpdater.java:lambda$new$0(84)) - e5ffd24e-bf4a-4ea8-9998-5222e19566cd@group-7886DAA09D7B-StateMachineUpdater: snapshotIndex: updateIncreasingly 3 -> 3
2019-10-21 21:51:15,019 [main] INFO  impl.RaftServerImpl (ServerState.java:close(388)) - e5ffd24e-bf4a-4ea8-9998-5222e19566cd@group-7886DAA09D7B: closes. applyIndex: 4
2019-10-21 21:51:15,020 [e5ffd24e-bf4a-4ea8-9998-5222e19566cd@group-7886DAA09D7B-SegmentedRaftLogWorker] INFO  segmented.SegmentedRaftLogWorker (SegmentedRaftLogWorker.java:run(316)) - e5ffd24e-bf4a-4ea8-9998-5222e19566cd@group-7886DAA09D7B-SegmentedRaftLogWorker was interrupted, exiting. There are 0 tasks remaining in the queue.
2019-10-21 21:51:15,021 [main] INFO  segmented.SegmentedRaftLogWorker (SegmentedRaftLogWorker.java:close(224)) - e5ffd24e-bf4a-4ea8-9998-5222e19566cd@group-7886DAA09D7B-SegmentedRaftLogWorker close()
2019-10-21 21:51:15,024 [main] INFO  server.GrpcService (GrpcService.java:closeImpl(164)) - e5ffd24e-bf4a-4ea8-9998-5222e19566cd: shutdown server with port 41621 now
2019-10-21 21:51:15,030 [main] INFO  server.GrpcService (GrpcService.java:closeImpl(172)) - e5ffd24e-bf4a-4ea8-9998-5222e19566cd: shutdown server with port 41621 successfully
2019-10-21 21:51:15,030 [grpc-default-executor-0] WARN  server.GrpcServerProtocolService (LogUtils.java:warn(134)) - e5ffd24e-bf4a-4ea8-9998-5222e19566cd: installSnapshot onError, lastRequest: 0794a7c8-829f-468b-b883-2035423e3fbd->e5ffd24e-bf4a-4ea8-9998-5222e19566cd#7-t1, previous=(t:1, i:4), leaderCommit=4, initializing? false, entries: <empty>: org.apache.ratis.thirdparty.io.grpc.StatusRuntimeException: CANCELLED: cancelled before receiving half close
2019-10-21 21:51:15,032 [grpc-default-executor-1] WARN  server.GrpcLogAppender (LogUtils.java:warn(134)) - 0794a7c8-829f-468b-b883-2035423e3fbd@group-7886DAA09D7B->e5ffd24e-bf4a-4ea8-9998-5222e19566cd-AppendLogResponseHandler: Failed appendEntries: org.apache.ratis.thirdparty.io.grpc.StatusRuntimeException: CANCELLED: HTTP/2 error code: CANCEL
Received Rst Stream
2019-10-21 21:51:15,035 [refreshUsed-/workdir/hadoop-ozone/integration-test/target/test-dir/MiniOzoneClusterImpl-06dedcb5-84fe-4716-9b2a-3f157192d9ff/datanode-2/data/containers] WARN  fs.CachingGetSpaceUsed (CachingGetSpaceUsed.java:run(183)) - Thread Interrupted waiting to refresh disk information: sleep interrupted
2019-10-21 21:51:15,051 [main] INFO  utils.BackgroundService (BackgroundService.java:shutdown(151)) - Shutting down service BlockDeletingService
2019-10-21 21:51:15,055 [main] INFO  statemachine.DatanodeStateMachine (DatanodeStateMachine.java:stopDaemon(395)) - Ozone container server stopped.
2019-10-21 21:51:15,060 [main] INFO  handler.ContextHandler (ContextHandler.java:doStop(910)) - Stopped o.e.j.w.WebAppContext@476fe690{/,null,UNAVAILABLE}{/hddsDatanode}
2019-10-21 21:51:15,065 [main] INFO  server.AbstractConnector (AbstractConnector.java:doStop(318)) - Stopped ServerConnector@7a0e7ecd{HTTP/1.1,[http/1.1]}{0.0.0.0:0}
2019-10-21 21:51:15,065 [main] INFO  handler.ContextHandler (ContextHandler.java:doStop(910)) - Stopped o.e.j.s.ServletContextHandler@6069dd38{/static,jar:file:/home/user/.m2/repository/org/apache/hadoop/hadoop-hdds-container-service/0.5.0-SNAPSHOT/hadoop-hdds-container-service-0.5.0-SNAPSHOT.jar!/webapps/static,UNAVAILABLE}
2019-10-21 21:51:15,066 [main] INFO  handler.ContextHandler (ContextHandler.java:doStop(910)) - Stopped o.e.j.s.ServletContextHandler@46c269e0{/logs,file:///workdir/hadoop-ozone/integration-test/target/log,UNAVAILABLE}
2019-10-21 21:51:18,074 [java.util.concurrent.ThreadPoolExecutor$Worker@69885592[State = -1, empty queue]] WARN  server.GrpcLogAppender (GrpcLogAppender.java:timeoutAppendRequest(209)) - 0794a7c8-829f-468b-b883-2035423e3fbd@group-7886DAA09D7B->e5ffd24e-bf4a-4ea8-9998-5222e19566cd-GrpcLogAppender: appendEntries Timeout, request=0794a7c8-829f-468b-b883-2035423e3fbd->e5ffd24e-bf4a-4ea8-9998-5222e19566cd#8-t1, previous=(t:1, i:4), leaderCommit=4, initializing? false, entries: size=1, first=(t:1, i:5), STATEMACHINELOGENTRY, client-5B812E6CE025, cid=8
2019-10-21 21:51:18,076 [java.util.concurrent.ThreadPoolExecutor$Worker@69885592[State = -1, empty queue]] WARN  server.GrpcLogAppender (GrpcLogAppender.java:timeoutAppendRequest(209)) - 0794a7c8-829f-468b-b883-2035423e3fbd@group-7886DAA09D7B->e5ffd24e-bf4a-4ea8-9998-5222e19566cd-GrpcLogAppender: appendEntries Timeout, request=0794a7c8-829f-468b-b883-2035423e3fbd->e5ffd24e-bf4a-4ea8-9998-5222e19566cd#9-t1, previous=(t:1, i:5), leaderCommit=4, initializing? false, entries: size=1, first=(t:1, i:6), STATEMACHINELOGENTRY, client-5B812E6CE025, cid=9
2019-10-21 21:51:18,087 [java.util.concurrent.ThreadPoolExecutor$Worker@69885592[State = -1, empty queue]] WARN  server.GrpcLogAppender (GrpcLogAppender.java:timeoutAppendRequest(209)) - 0794a7c8-829f-468b-b883-2035423e3fbd@group-7886DAA09D7B->e5ffd24e-bf4a-4ea8-9998-5222e19566cd-GrpcLogAppender: appendEntries Timeout, request=0794a7c8-829f-468b-b883-2035423e3fbd->e5ffd24e-bf4a-4ea8-9998-5222e19566cd#10-t1, previous=(t:1, i:6), leaderCommit=6, initializing? false, entries: size=1, first=(t:1, i:7), METADATAENTRY(c5)
2019-10-21 21:51:18,088 [java.util.concurrent.ThreadPoolExecutor$Worker@69885592[State = -1, empty queue]] WARN  server.GrpcLogAppender (GrpcLogAppender.java:timeoutAppendRequest(209)) - 0794a7c8-829f-468b-b883-2035423e3fbd@group-7886DAA09D7B->e5ffd24e-bf4a-4ea8-9998-5222e19566cd-GrpcLogAppender: appendEntries Timeout, request=0794a7c8-829f-468b-b883-2035423e3fbd->e5ffd24e-bf4a-4ea8-9998-5222e19566cd#11-t1, previous=(t:1, i:7), leaderCommit=6, initializing? false, entries: size=1, first=(t:1, i:8), METADATAENTRY(c6)
2019-10-21 21:51:20,590 [java.util.concurrent.ThreadPoolExecutor$Worker@69885592[State = -1, empty queue]] WARN  server.GrpcLogAppender (GrpcLogAppender.java:timeoutAppendRequest(209)) - 0794a7c8-829f-468b-b883-2035423e3fbd@group-7886DAA09D7B->e5ffd24e-bf4a-4ea8-9998-5222e19566cd-GrpcLogAppender: appendEntries Timeout, request=0794a7c8-829f-468b-b883-2035423e3fbd->e5ffd24e-bf4a-4ea8-9998-5222e19566cd#12-t1, previous=(t:1, i:8), leaderCommit=8, initializing? false, entries: <empty>
2019-10-21 21:51:23,092 [java.util.concurrent.ThreadPoolExecutor$Worker@69885592[State = -1, empty queue]] WARN  server.GrpcLogAppender (GrpcLogAppender.java:timeoutAppendRequest(209)) - 0794a7c8-829f-468b-b883-2035423e3fbd@group-7886DAA09D7B->e5ffd24e-bf4a-4ea8-9998-5222e19566cd-GrpcLogAppender: appendEntries Timeout, request=0794a7c8-829f-468b-b883-2035423e3fbd->e5ffd24e-bf4a-4ea8-9998-5222e19566cd#13-t1, previous=(t:1, i:8), leaderCommit=8, initializing? false, entries: <empty>
2019-10-21 21:51:25,139 [Thread-282] INFO  client.GrpcClientProtocolService (GrpcClientProtocolService.java:lambda$processClientRequest$0(278)) - Failed RaftClientRequest:client-5B812E6CE025->06b05a7f-a473-42c9-9200-88e1a405b515@group-7886DAA09D7B, cid=10, seq=0, Watch-ALL_COMMITTED(6), Message:<EMPTY>, reply=RaftClientReply:client-5B812E6CE025->06b05a7f-a473-42c9-9200-88e1a405b515@group-7886DAA09D7B, cid=10, FAILED org.apache.ratis.protocol.NotLeaderException: Server 06b05a7f-a473-42c9-9200-88e1a405b515@group-7886DAA09D7B is not the leader 0794a7c8-829f-468b-b883-2035423e3fbd:192.168.34.8:36706, logIndex=0, commits[06b05a7f-a473-42c9-9200-88e1a405b515:c8, e5ffd24e-bf4a-4ea8-9998-5222e19566cd:c4, 0794a7c8-829f-468b-b883-2035423e3fbd:c8]
2019-10-21 21:51:25,593 [java.util.concurrent.ThreadPoolExecutor$Worker@69885592[State = -1, empty queue]] WARN  server.GrpcLogAppender (GrpcLogAppender.java:timeoutAppendRequest(209)) - 0794a7c8-829f-468b-b883-2035423e3fbd@group-7886DAA09D7B->e5ffd24e-bf4a-4ea8-9998-5222e19566cd-GrpcLogAppender: appendEntries Timeout, request=0794a7c8-829f-468b-b883-2035423e3fbd->e5ffd24e-bf4a-4ea8-9998-5222e19566cd#14-t1, previous=(t:1, i:8), leaderCommit=8, initializing? false, entries: <empty>
2019-10-21 21:51:25,760 [Thread-285] INFO  client.GrpcClientProtocolService (GrpcClientProtocolService.java:lambda$processClientRequest$0(278)) - Failed RaftClientRequest:client-5B812E6CE025->0794a7c8-829f-468b-b883-2035423e3fbd@group-7886DAA09D7B, cid=10, seq=0, Watch-ALL_COMMITTED(6), Message:<EMPTY>, reply=RaftClientReply:client-5B812E6CE025->0794a7c8-829f-468b-b883-2035423e3fbd@group-7886DAA09D7B, cid=10, FAILED org.apache.ratis.protocol.NotReplicatedException: Request with call Id 10 and log index 6 is not yet replicated to ALL_COMMITTED, logIndex=6, commits[0794a7c8-829f-468b-b883-2035423e3fbd:c8, e5ffd24e-bf4a-4ea8-9998-5222e19566cd:c4, 06b05a7f-a473-42c9-9200-88e1a405b515:c8]
2019-10-21 21:51:28,093 [java.util.concurrent.ThreadPoolExecutor$Worker@69885592[State = -1, empty queue]] WARN  server.GrpcLogAppender (GrpcLogAppender.java:timeoutAppendRequest(209)) - 0794a7c8-829f-468b-b883-2035423e3fbd@group-7886DAA09D7B->e5ffd24e-bf4a-4ea8-9998-5222e19566cd-GrpcLogAppender: appendEntries Timeout, request=0794a7c8-829f-468b-b883-2035423e3fbd->e5ffd24e-bf4a-4ea8-9998-5222e19566cd#15-t1, previous=(t:1, i:8), leaderCommit=8, initializing? false, entries: <empty>
2019-10-21 21:51:30,595 [java.util.concurrent.ThreadPoolExecutor$Worker@69885592[State = -1, empty queue]] WARN  server.GrpcLogAppender (GrpcLogAppender.java:timeoutAppendRequest(209)) - 0794a7c8-829f-468b-b883-2035423e3fbd@group-7886DAA09D7B->e5ffd24e-bf4a-4ea8-9998-5222e19566cd-GrpcLogAppender: appendEntries Timeout, request=0794a7c8-829f-468b-b883-2035423e3fbd->e5ffd24e-bf4a-4ea8-9998-5222e19566cd#16-t1, previous=(t:1, i:8), leaderCommit=8, initializing? false, entries: <empty>
2019-10-21 21:51:33,095 [java.util.concurrent.ThreadPoolExecutor$Worker@69885592[State = -1, empty queue]] WARN  server.GrpcLogAppender (GrpcLogAppender.java:timeoutAppendRequest(209)) - 0794a7c8-829f-468b-b883-2035423e3fbd@group-7886DAA09D7B->e5ffd24e-bf4a-4ea8-9998-5222e19566cd-GrpcLogAppender: appendEntries Timeout, request=0794a7c8-829f-468b-b883-2035423e3fbd->e5ffd24e-bf4a-4ea8-9998-5222e19566cd#17-t1, previous=(t:1, i:8), leaderCommit=8, initializing? false, entries: <empty>
2019-10-21 21:51:35,184 [Thread-294] INFO  client.GrpcClientProtocolService (GrpcClientProtocolService.java:lambda$processClientRequest$0(278)) - Failed RaftClientRequest:client-5B812E6CE025->06b05a7f-a473-42c9-9200-88e1a405b515@group-7886DAA09D7B, cid=10, seq=0, Watch-ALL_COMMITTED(6), Message:<EMPTY>, reply=RaftClientReply:client-5B812E6CE025->06b05a7f-a473-42c9-9200-88e1a405b515@group-7886DAA09D7B, cid=10, FAILED org.apache.ratis.protocol.NotLeaderException: Server 06b05a7f-a473-42c9-9200-88e1a405b515@group-7886DAA09D7B is not the leader 0794a7c8-829f-468b-b883-2035423e3fbd:192.168.34.8:36706, logIndex=0, commits[06b05a7f-a473-42c9-9200-88e1a405b515:c8, e5ffd24e-bf4a-4ea8-9998-5222e19566cd:c4, 0794a7c8-829f-468b-b883-2035423e3fbd:c8]
2019-10-21 21:51:35,597 [java.util.concurrent.ThreadPoolExecutor$Worker@69885592[State = -1, empty queue]] WARN  server.GrpcLogAppender (GrpcLogAppender.java:timeoutAppendRequest(209)) - 0794a7c8-829f-468b-b883-2035423e3fbd@group-7886DAA09D7B->e5ffd24e-bf4a-4ea8-9998-5222e19566cd-GrpcLogAppender: appendEntries Timeout, request=0794a7c8-829f-468b-b883-2035423e3fbd->e5ffd24e-bf4a-4ea8-9998-5222e19566cd#18-t1, previous=(t:1, i:8), leaderCommit=8, initializing? false, entries: <empty>
2019-10-21 21:51:35,756 [Thread-297] INFO  client.GrpcClientProtocolService (GrpcClientProtocolService.java:lambda$processClientRequest$0(278)) - Failed RaftClientRequest:client-5B812E6CE025->0794a7c8-829f-468b-b883-2035423e3fbd@group-7886DAA09D7B, cid=10, seq=0, Watch-ALL_COMMITTED(6), Message:<EMPTY>, reply=RaftClientReply:client-5B812E6CE025->0794a7c8-829f-468b-b883-2035423e3fbd@group-7886DAA09D7B, cid=10, FAILED org.apache.ratis.protocol.NotReplicatedException: Request with call Id 10 and log index 6 is not yet replicated to ALL_COMMITTED, logIndex=6, commits[0794a7c8-829f-468b-b883-2035423e3fbd:c8, e5ffd24e-bf4a-4ea8-9998-5222e19566cd:c4, 06b05a7f-a473-42c9-9200-88e1a405b515:c8]
2019-10-21 21:51:38,098 [java.util.concurrent.ThreadPoolExecutor$Worker@69885592[State = -1, empty queue]] WARN  server.GrpcLogAppender (GrpcLogAppender.java:timeoutAppendRequest(209)) - 0794a7c8-829f-468b-b883-2035423e3fbd@group-7886DAA09D7B->e5ffd24e-bf4a-4ea8-9998-5222e19566cd-GrpcLogAppender: appendEntries Timeout, request=0794a7c8-829f-468b-b883-2035423e3fbd->e5ffd24e-bf4a-4ea8-9998-5222e19566cd#19-t1, previous=(t:1, i:8), leaderCommit=8, initializing? false, entries: <empty>
2019-10-21 21:51:40,601 [java.util.concurrent.ThreadPoolExecutor$Worker@69885592[State = -1, empty queue]] WARN  server.GrpcLogAppender (GrpcLogAppender.java:timeoutAppendRequest(209)) - 0794a7c8-829f-468b-b883-2035423e3fbd@group-7886DAA09D7B->e5ffd24e-bf4a-4ea8-9998-5222e19566cd-GrpcLogAppender: appendEntries Timeout, request=0794a7c8-829f-468b-b883-2035423e3fbd->e5ffd24e-bf4a-4ea8-9998-5222e19566cd#20-t1, previous=(t:1, i:8), leaderCommit=8, initializing? false, entries: <empty>
2019-10-21 21:51:43,102 [java.util.concurrent.ThreadPoolExecutor$Worker@69885592[State = -1, empty queue]] WARN  server.GrpcLogAppender (GrpcLogAppender.java:timeoutAppendRequest(209)) - 0794a7c8-829f-468b-b883-2035423e3fbd@group-7886DAA09D7B->e5ffd24e-bf4a-4ea8-9998-5222e19566cd-GrpcLogAppender: appendEntries Timeout, request=0794a7c8-829f-468b-b883-2035423e3fbd->e5ffd24e-bf4a-4ea8-9998-5222e19566cd#21-t1, previous=(t:1, i:8), leaderCommit=8, initializing? false, entries: <empty>
2019-10-21 21:51:44,216 [Thread-303] INFO  client.GrpcClientProtocolService (GrpcClientProtocolService.java:lambda$processClientRequest$0(278)) - Failed RaftClientRequest:client-5B812E6CE025->06b05a7f-a473-42c9-9200-88e1a405b515@group-7886DAA09D7B, cid=10, seq=0, Watch-ALL_COMMITTED(6), Message:<EMPTY>, reply=RaftClientReply:client-5B812E6CE025->06b05a7f-a473-42c9-9200-88e1a405b515@group-7886DAA09D7B, cid=10, FAILED org.apache.ratis.protocol.NotLeaderException: Server 06b05a7f-a473-42c9-9200-88e1a405b515@group-7886DAA09D7B is not the leader 0794a7c8-829f-468b-b883-2035423e3fbd:192.168.34.8:36706, logIndex=0, commits[06b05a7f-a473-42c9-9200-88e1a405b515:c8, e5ffd24e-bf4a-4ea8-9998-5222e19566cd:c4, 0794a7c8-829f-468b-b883-2035423e3fbd:c8]
2019-10-21 21:51:45,102 [main] WARN  scm.XceiverClientRatis (XceiverClientRatis.java:watchForCommit(277)) - 3 way commit failed on pipeline Pipeline[ Id: 57ddd59c-82e7-4c8a-99fd-7886daa09d7b, Nodes: e5ffd24e-bf4a-4ea8-9998-5222e19566cd{ip: 192.168.34.8, host: pr-hdds-2310-sp97z-1197097266, networkLocation: /default-rack, certSerialId: null}06b05a7f-a473-42c9-9200-88e1a405b515{ip: 192.168.34.8, host: pr-hdds-2310-sp97z-1197097266, networkLocation: /default-rack, certSerialId: null}0794a7c8-829f-468b-b883-2035423e3fbd{ip: 192.168.34.8, host: pr-hdds-2310-sp97z-1197097266, networkLocation: /default-rack, certSerialId: null}, Type:RATIS, Factor:THREE, State:OPEN]
java.util.concurrent.TimeoutException
	at java.util.concurrent.CompletableFuture.timedGet(CompletableFuture.java:1771)
	at java.util.concurrent.CompletableFuture.get(CompletableFuture.java:1915)
	at org.apache.hadoop.hdds.scm.XceiverClientRatis.watchForCommit(XceiverClientRatis.java:274)
	at org.apache.hadoop.hdds.scm.storage.CommitWatcher.watchForCommit(CommitWatcher.java:198)
	at org.apache.hadoop.hdds.scm.storage.CommitWatcher.watchOnLastIndex(CommitWatcher.java:161)
	at org.apache.hadoop.hdds.scm.storage.BlockOutputStream.watchForCommit(BlockOutputStream.java:346)
	at org.apache.hadoop.hdds.scm.storage.BlockOutputStream.handleFlush(BlockOutputStream.java:482)
	at org.apache.hadoop.hdds.scm.storage.BlockOutputStream.close(BlockOutputStream.java:496)
	at org.apache.hadoop.ozone.client.io.BlockOutputStreamEntry.close(BlockOutputStreamEntry.java:143)
	at org.apache.hadoop.ozone.client.io.KeyOutputStream.handleFlushOrClose(KeyOutputStream.java:435)
	at org.apache.hadoop.ozone.client.io.KeyOutputStream.close(KeyOutputStream.java:473)
	at org.apache.hadoop.ozone.client.io.OzoneOutputStream.close(OzoneOutputStream.java:60)
	at org.apache.hadoop.ozone.client.rpc.TestDeleteWithSlowFollower.testDeleteKeyWithSlowFollower(TestDeleteWithSlowFollower.java:193)
	at sun.reflect.NativeMethodAccessorImpl.invoke0(Native Method)
	at sun.reflect.NativeMethodAccessorImpl.invoke(NativeMethodAccessorImpl.java:62)
	at sun.reflect.DelegatingMethodAccessorImpl.invoke(DelegatingMethodAccessorImpl.java:43)
	at java.lang.reflect.Method.invoke(Method.java:498)
	at org.junit.runners.model.FrameworkMethod$1.runReflectiveCall(FrameworkMethod.java:47)
	at org.junit.internal.runners.model.ReflectiveCallable.run(ReflectiveCallable.java:12)
	at org.junit.runners.model.FrameworkMethod.invokeExplosively(FrameworkMethod.java:44)
	at org.junit.internal.runners.statements.InvokeMethod.evaluate(InvokeMethod.java:17)
	at org.junit.runners.ParentRunner.runLeaf(ParentRunner.java:271)
	at org.junit.runners.BlockJUnit4ClassRunner.runChild(BlockJUnit4ClassRunner.java:70)
	at org.junit.runners.BlockJUnit4ClassRunner.runChild(BlockJUnit4ClassRunner.java:50)
	at org.junit.runners.ParentRunner$3.run(ParentRunner.java:238)
	at org.junit.runners.ParentRunner$1.schedule(ParentRunner.java:63)
	at org.junit.runners.ParentRunner.runChildren(ParentRunner.java:236)
	at org.junit.runners.ParentRunner.access$000(ParentRunner.java:53)
	at org.junit.runners.ParentRunner$2.evaluate(ParentRunner.java:229)
	at org.junit.internal.runners.statements.RunBefores.evaluate(RunBefores.java:26)
	at org.junit.internal.runners.statements.RunAfters.evaluate(RunAfters.java:27)
	at org.junit.runners.ParentRunner.run(ParentRunner.java:309)
	at org.apache.maven.surefire.junit4.JUnit4Provider.execute(JUnit4Provider.java:365)
	at org.apache.maven.surefire.junit4.JUnit4Provider.executeWithRerun(JUnit4Provider.java:273)
	at org.apache.maven.surefire.junit4.JUnit4Provider.executeTestSet(JUnit4Provider.java:238)
	at org.apache.maven.surefire.junit4.JUnit4Provider.invoke(JUnit4Provider.java:159)
	at org.apache.maven.surefire.booter.ForkedBooter.invokeProviderInSameClassLoader(ForkedBooter.java:384)
	at org.apache.maven.surefire.booter.ForkedBooter.runSuitesInProcess(ForkedBooter.java:345)
	at org.apache.maven.surefire.booter.ForkedBooter.execute(ForkedBooter.java:126)
	at org.apache.maven.surefire.booter.ForkedBooter.main(ForkedBooter.java:418)
2019-10-21 21:51:45,124 [main] INFO  scm.XceiverClientRatis (XceiverClientRatis.java:lambda$watchForCommit$5(295)) - Could not commit index 6 on pipeline Pipeline[ Id: 57ddd59c-82e7-4c8a-99fd-7886daa09d7b, Nodes: e5ffd24e-bf4a-4ea8-9998-5222e19566cd{ip: 192.168.34.8, host: pr-hdds-2310-sp97z-1197097266, networkLocation: /default-rack, certSerialId: null}06b05a7f-a473-42c9-9200-88e1a405b515{ip: 192.168.34.8, host: pr-hdds-2310-sp97z-1197097266, networkLocation: /default-rack, certSerialId: null}0794a7c8-829f-468b-b883-2035423e3fbd{ip: 192.168.34.8, host: pr-hdds-2310-sp97z-1197097266, networkLocation: /default-rack, certSerialId: null}, Type:RATIS, Factor:THREE, State:OPEN] to all the nodes. Server e5ffd24e-bf4a-4ea8-9998-5222e19566cd has failed. Committed by majority.
2019-10-21 21:51:45,124 [main] WARN  storage.BlockOutputStream (BlockOutputStream.java:watchForCommit(352)) - Failed to commit BlockId conID: 1 locID: 103002581844951040 bcsId: 6 on Pipeline[ Id: 57ddd59c-82e7-4c8a-99fd-7886daa09d7b, Nodes: e5ffd24e-bf4a-4ea8-9998-5222e19566cd{ip: 192.168.34.8, host: pr-hdds-2310-sp97z-1197097266, networkLocation: /default-rack, certSerialId: null}06b05a7f-a473-42c9-9200-88e1a405b515{ip: 192.168.34.8, host: pr-hdds-2310-sp97z-1197097266, networkLocation: /default-rack, certSerialId: null}0794a7c8-829f-468b-b883-2035423e3fbd{ip: 192.168.34.8, host: pr-hdds-2310-sp97z-1197097266, networkLocation: /default-rack, certSerialId: null}, Type:RATIS, Factor:THREE, State:OPEN]. Failed nodes: [e5ffd24e-bf4a-4ea8-9998-5222e19566cd{ip: null, host: null, networkLocation: /default-rack, certSerialId: null}]
2019-10-21 21:51:45,602 [java.util.concurrent.ThreadPoolExecutor$Worker@69885592[State = -1, empty queue]] WARN  server.GrpcLogAppender (GrpcLogAppender.java:timeoutAppendRequest(209)) - 0794a7c8-829f-468b-b883-2035423e3fbd@group-7886DAA09D7B->e5ffd24e-bf4a-4ea8-9998-5222e19566cd-GrpcLogAppender: appendEntries Timeout, request=0794a7c8-829f-468b-b883-2035423e3fbd->e5ffd24e-bf4a-4ea8-9998-5222e19566cd#22-t1, previous=(t:1, i:8), leaderCommit=8, initializing? false, entries: <empty>
2019-10-21 21:51:45,756 [Thread-312] INFO  client.GrpcClientProtocolService (GrpcClientProtocolService.java:lambda$processClientRequest$0(278)) - Failed RaftClientRequest:client-5B812E6CE025->0794a7c8-829f-468b-b883-2035423e3fbd@group-7886DAA09D7B, cid=10, seq=0, Watch-ALL_COMMITTED(6), Message:<EMPTY>, reply=RaftClientReply:client-5B812E6CE025->0794a7c8-829f-468b-b883-2035423e3fbd@group-7886DAA09D7B, cid=10, FAILED org.apache.ratis.protocol.NotReplicatedException: Request with call Id 10 and log index 6 is not yet replicated to ALL_COMMITTED, logIndex=6, commits[0794a7c8-829f-468b-b883-2035423e3fbd:c8, e5ffd24e-bf4a-4ea8-9998-5222e19566cd:c4, 06b05a7f-a473-42c9-9200-88e1a405b515:c8]
2019-10-21 21:51:46,211 [EventQueue-IncrementalContainerReportForIncrementalContainerReportHandler] WARN  container.IncrementalContainerReportHandler (AbstractContainerReportHandler.java:updateContainerState(145)) - Container #1 is in OPEN state, but the datanode 0794a7c8-829f-468b-b883-2035423e3fbd{ip: 192.168.34.8, host: pr-hdds-2310-sp97z-1197097266, networkLocation: /default-rack, certSerialId: null} reports an CLOSING replica.
2019-10-21 21:51:46,221 [RatisApplyTransactionExecutor 1] INFO  interfaces.Container (KeyValueContainer.java:flushAndSyncDB(386)) - Container 1 is synced with bcsId 6.
2019-10-21 21:51:46,222 [RatisApplyTransactionExecutor 1] INFO  interfaces.Container (KeyValueContainer.java:flushAndSyncDB(386)) - Container 1 is synced with bcsId 6.
2019-10-21 21:51:46,224 [EventQueue-IncrementalContainerReportForIncrementalContainerReportHandler] WARN  container.IncrementalContainerReportHandler (AbstractContainerReportHandler.java:updateContainerState(145)) - Container #1 is in OPEN state, but the datanode 06b05a7f-a473-42c9-9200-88e1a405b515{ip: 192.168.34.8, host: pr-hdds-2310-sp97z-1197097266, networkLocation: /default-rack, certSerialId: null} reports an CLOSING replica.
2019-10-21 21:51:46,235 [RatisApplyTransactionExecutor 1] INFO  interfaces.Container (KeyValueContainer.java:flushAndSyncDB(386)) - Container 1 is synced with bcsId 6.
2019-10-21 21:51:46,236 [RatisApplyTransactionExecutor 1] INFO  interfaces.Container (KeyValueContainer.java:flushAndSyncDB(386)) - Container 1 is synced with bcsId 6.
2019-10-21 21:51:46,253 [RatisApplyTransactionExecutor 1] INFO  interfaces.Container (KeyValueContainer.java:close(335)) - Container 1 is closed with bcsId 6.
2019-10-21 21:51:46,253 [RatisApplyTransactionExecutor 1] INFO  interfaces.Container (KeyValueContainer.java:close(335)) - Container 1 is closed with bcsId 6.
2019-10-21 21:51:46,256 [EventQueue-IncrementalContainerReportForIncrementalContainerReportHandler] WARN  container.IncrementalContainerReportHandler (AbstractContainerReportHandler.java:updateContainerState(145)) - Container #1 is in OPEN state, but the datanode 06b05a7f-a473-42c9-9200-88e1a405b515{ip: 192.168.34.8, host: pr-hdds-2310-sp97z-1197097266, networkLocation: /default-rack, certSerialId: null} reports an CLOSED replica.
2019-10-21 21:51:46,256 [EventQueue-IncrementalContainerReportForIncrementalContainerReportHandler] WARN  container.IncrementalContainerReportHandler (AbstractContainerReportHandler.java:updateContainerState(145)) - Container #1 is in OPEN state, but the datanode 0794a7c8-829f-468b-b883-2035423e3fbd{ip: 192.168.34.8, host: pr-hdds-2310-sp97z-1197097266, networkLocation: /default-rack, certSerialId: null} reports an CLOSED replica.
2019-10-21 21:51:46,349 [BlockDeletingService#2] WARN  background.BlockDeletingService (BlockDeletingService.java:isDeletionAllowed(187)) - Close Container log Index 6 is not replicated across allthe servers in the pipeline 57ddd59c-82e7-4c8a-99fd-7886daa09d7b as the min replicated index is 4. Deletion is not allowed in this container yet.
2019-10-21 21:51:46,351 [BlockDeletingService#2] WARN  background.BlockDeletingService (BlockDeletingService.java:isDeletionAllowed(187)) - Close Container log Index 6 is not replicated across allthe servers in the pipeline 57ddd59c-82e7-4c8a-99fd-7886daa09d7b as the min replicated index is 4. Deletion is not allowed in this container yet.
2019-10-21 21:51:46,355 [EventQueue-ContainerReportForContainerReportHandler] WARN  container.ContainerReportHandler (AbstractContainerReportHandler.java:updateContainerState(145)) - Container #1 is in OPEN state, but the datanode 0794a7c8-829f-468b-b883-2035423e3fbd{ip: 192.168.34.8, host: pr-hdds-2310-sp97z-1197097266, networkLocation: /default-rack, certSerialId: null} reports an CLOSED replica.
2019-10-21 21:51:46,355 [EventQueue-ContainerReportForContainerReportHandler] WARN  container.ContainerReportHandler (AbstractContainerReportHandler.java:updateContainerState(145)) - Container #1 is in OPEN state, but the datanode 06b05a7f-a473-42c9-9200-88e1a405b515{ip: 192.168.34.8, host: pr-hdds-2310-sp97z-1197097266, networkLocation: /default-rack, certSerialId: null} reports an CLOSED replica.
2019-10-21 21:51:46,656 [EventQueue-ContainerReportForContainerReportHandler] WARN  container.ContainerReportHandler (AbstractContainerReportHandler.java:updateContainerState(145)) - Container #1 is in OPEN state, but the datanode 06b05a7f-a473-42c9-9200-88e1a405b515{ip: 192.168.34.8, host: pr-hdds-2310-sp97z-1197097266, networkLocation: /default-rack, certSerialId: null} reports an CLOSED replica.
2019-10-21 21:51:46,754 [EventQueue-ContainerReportForContainerReportHandler] WARN  container.ContainerReportHandler (AbstractContainerReportHandler.java:updateContainerState(145)) - Container #1 is in OPEN state, but the datanode 0794a7c8-829f-468b-b883-2035423e3fbd{ip: 192.168.34.8, host: pr-hdds-2310-sp97z-1197097266, networkLocation: /default-rack, certSerialId: null} reports an CLOSED replica.
2019-10-21 21:51:47,055 [EventQueue-ContainerReportForContainerReportHandler] WARN  container.ContainerReportHandler (AbstractContainerReportHandler.java:updateContainerState(145)) - Container #1 is in OPEN state, but the datanode 0794a7c8-829f-468b-b883-2035423e3fbd{ip: 192.168.34.8, host: pr-hdds-2310-sp97z-1197097266, networkLocation: /default-rack, certSerialId: null} reports an CLOSED replica.
2019-10-21 21:51:47,056 [EventQueue-ContainerReportForContainerReportHandler] WARN  container.ContainerReportHandler (AbstractContainerReportHandler.java:updateContainerState(145)) - Container #1 is in OPEN state, but the datanode 06b05a7f-a473-42c9-9200-88e1a405b515{ip: 192.168.34.8, host: pr-hdds-2310-sp97z-1197097266, networkLocation: /default-rack, certSerialId: null} reports an CLOSED replica.
2019-10-21 21:51:47,191 [IPC Server handler 0 on 43828] INFO  server.SCMBlockProtocolServer (SCMBlockProtocolServer.java:deleteKeyBlocks(214)) - SCM is informed by OM to delete 1 blocks
2019-10-21 21:51:47,191 [IPC Server handler 0 on 43828] INFO  block.BlockManagerImpl (BlockManagerImpl.java:deleteBlocks(285)) - Deleting blocks conID: 1 locID: 103002581844951040 bcsId: 0
2019-10-21 21:51:47,256 [EventQueue-ContainerReportForContainerReportHandler] WARN  container.ContainerReportHandler (AbstractContainerReportHandler.java:updateContainerState(145)) - Container #1 is in OPEN state, but the datanode 0794a7c8-829f-468b-b883-2035423e3fbd{ip: 192.168.34.8, host: pr-hdds-2310-sp97z-1197097266, networkLocation: /default-rack, certSerialId: null} reports an CLOSED replica.
2019-10-21 21:51:47,351 [BlockDeletingService#2] WARN  background.BlockDeletingService (BlockDeletingService.java:isDeletionAllowed(187)) - Close Container log Index 6 is not replicated across allthe servers in the pipeline 57ddd59c-82e7-4c8a-99fd-7886daa09d7b as the min replicated index is 4. Deletion is not allowed in this container yet.
2019-10-21 21:51:47,353 [BlockDeletingService#2] WARN  background.BlockDeletingService (BlockDeletingService.java:isDeletionAllowed(187)) - Close Container log Index 6 is not replicated across allthe servers in the pipeline 57ddd59c-82e7-4c8a-99fd-7886daa09d7b as the min replicated index is 4. Deletion is not allowed in this container yet.
2019-10-21 21:51:47,356 [EventQueue-ContainerReportForContainerReportHandler] WARN  container.ContainerReportHandler (AbstractContainerReportHandler.java:updateContainerState(145)) - Container #1 is in OPEN state, but the datanode 06b05a7f-a473-42c9-9200-88e1a405b515{ip: 192.168.34.8, host: pr-hdds-2310-sp97z-1197097266, networkLocation: /default-rack, certSerialId: null} reports an CLOSED replica.
2019-10-21 21:51:47,657 [EventQueue-ContainerReportForContainerReportHandler] WARN  container.ContainerReportHandler (AbstractContainerReportHandler.java:updateContainerState(145)) - Container #1 is in OPEN state, but the datanode 0794a7c8-829f-468b-b883-2035423e3fbd{ip: 192.168.34.8, host: pr-hdds-2310-sp97z-1197097266, networkLocation: /default-rack, certSerialId: null} reports an CLOSED replica.
2019-10-21 21:51:47,657 [EventQueue-ContainerReportForContainerReportHandler] WARN  container.ContainerReportHandler (AbstractContainerReportHandler.java:updateContainerState(145)) - Container #1 is in OPEN state, but the datanode 06b05a7f-a473-42c9-9200-88e1a405b515{ip: 192.168.34.8, host: pr-hdds-2310-sp97z-1197097266, networkLocation: /default-rack, certSerialId: null} reports an CLOSED replica.
2019-10-21 21:51:47,857 [EventQueue-ContainerReportForContainerReportHandler] WARN  container.ContainerReportHandler (AbstractContainerReportHandler.java:updateContainerState(145)) - Container #1 is in OPEN state, but the datanode 06b05a7f-a473-42c9-9200-88e1a405b515{ip: 192.168.34.8, host: pr-hdds-2310-sp97z-1197097266, networkLocation: /default-rack, certSerialId: null} reports an CLOSED replica.
2019-10-21 21:51:47,957 [EventQueue-ContainerReportForContainerReportHandler] WARN  container.ContainerReportHandler (AbstractContainerReportHandler.java:updateContainerState(145)) - Container #1 is in OPEN state, but the datanode 0794a7c8-829f-468b-b883-2035423e3fbd{ip: 192.168.34.8, host: pr-hdds-2310-sp97z-1197097266, networkLocation: /default-rack, certSerialId: null} reports an CLOSED replica.
2019-10-21 21:51:48,105 [java.util.concurrent.ThreadPoolExecutor$Worker@69885592[State = -1, empty queue]] WARN  server.GrpcLogAppender (GrpcLogAppender.java:timeoutAppendRequest(209)) - 0794a7c8-829f-468b-b883-2035423e3fbd@group-7886DAA09D7B->e5ffd24e-bf4a-4ea8-9998-5222e19566cd-GrpcLogAppender: appendEntries Timeout, request=0794a7c8-829f-468b-b883-2035423e3fbd->e5ffd24e-bf4a-4ea8-9998-5222e19566cd#23-t1, previous=(t:1, i:8), leaderCommit=8, initializing? false, entries: <empty>
2019-10-21 21:51:48,156 [EventQueue-ContainerReportForContainerReportHandler] WARN  container.ContainerReportHandler (AbstractContainerReportHandler.java:updateContainerState(145)) - Container #1 is in OPEN state, but the datanode 06b05a7f-a473-42c9-9200-88e1a405b515{ip: 192.168.34.8, host: pr-hdds-2310-sp97z-1197097266, networkLocation: /default-rack, certSerialId: null} reports an CLOSED replica.
2019-10-21 21:51:48,157 [EventQueue-ContainerReportForContainerReportHandler] WARN  container.ContainerReportHandler (AbstractContainerReportHandler.java:updateContainerState(145)) - Container #1 is in OPEN state, but the datanode 0794a7c8-829f-468b-b883-2035423e3fbd{ip: 192.168.34.8, host: pr-hdds-2310-sp97z-1197097266, networkLocation: /default-rack, certSerialId: null} reports an CLOSED replica.
2019-10-21 21:51:48,352 [BlockDeletingService#2] WARN  background.BlockDeletingService (BlockDeletingService.java:isDeletionAllowed(187)) - Close Container log Index 6 is not replicated across allthe servers in the pipeline 57ddd59c-82e7-4c8a-99fd-7886daa09d7b as the min replicated index is 4. Deletion is not allowed in this container yet.
2019-10-21 21:51:48,355 [BlockDeletingService#2] WARN  background.BlockDeletingService (BlockDeletingService.java:isDeletionAllowed(187)) - Close Container log Index 6 is not replicated across allthe servers in the pipeline 57ddd59c-82e7-4c8a-99fd-7886daa09d7b as the min replicated index is 4. Deletion is not allowed in this container yet.
2019-10-21 21:51:48,357 [EventQueue-ContainerReportForContainerReportHandler] WARN  container.ContainerReportHandler (AbstractContainerReportHandler.java:updateContainerState(145)) - Container #1 is in OPEN state, but the datanode 0794a7c8-829f-468b-b883-2035423e3fbd{ip: 192.168.34.8, host: pr-hdds-2310-sp97z-1197097266, networkLocation: /default-rack, certSerialId: null} reports an CLOSED replica.
2019-10-21 21:51:48,457 [EventQueue-ContainerReportForContainerReportHandler] WARN  container.ContainerReportHandler (AbstractContainerReportHandler.java:updateContainerState(145)) - Container #1 is in OPEN state, but the datanode 06b05a7f-a473-42c9-9200-88e1a405b515{ip: 192.168.34.8, host: pr-hdds-2310-sp97z-1197097266, networkLocation: /default-rack, certSerialId: null} reports an CLOSED replica.
2019-10-21 21:51:48,757 [EventQueue-ContainerReportForContainerReportHandler] WARN  container.ContainerReportHandler (AbstractContainerReportHandler.java:updateContainerState(145)) - Container #1 is in OPEN state, but the datanode 0794a7c8-829f-468b-b883-2035423e3fbd{ip: 192.168.34.8, host: pr-hdds-2310-sp97z-1197097266, networkLocation: /default-rack, certSerialId: null} reports an CLOSED replica.
2019-10-21 21:51:48,857 [EventQueue-ContainerReportForContainerReportHandler] WARN  container.ContainerReportHandler (AbstractContainerReportHandler.java:updateContainerState(145)) - Container #1 is in OPEN state, but the datanode 06b05a7f-a473-42c9-9200-88e1a405b515{ip: 192.168.34.8, host: pr-hdds-2310-sp97z-1197097266, networkLocation: /default-rack, certSerialId: null} reports an CLOSED replica.
2019-10-21 21:51:49,057 [EventQueue-ContainerReportForContainerReportHandler] WARN  container.ContainerReportHandler (AbstractContainerReportHandler.java:updateContainerState(145)) - Container #1 is in OPEN state, but the datanode 0794a7c8-829f-468b-b883-2035423e3fbd{ip: 192.168.34.8, host: pr-hdds-2310-sp97z-1197097266, networkLocation: /default-rack, certSerialId: null} reports an CLOSED replica.
2019-10-21 21:51:49,157 [EventQueue-ContainerReportForContainerReportHandler] WARN  container.ContainerReportHandler (AbstractContainerReportHandler.java:updateContainerState(145)) - Container #1 is in OPEN state, but the datanode 06b05a7f-a473-42c9-9200-88e1a405b515{ip: 192.168.34.8, host: pr-hdds-2310-sp97z-1197097266, networkLocation: /default-rack, certSerialId: null} reports an CLOSED replica.
2019-10-21 21:51:49,180 [java.util.concurrent.ThreadPoolExecutor$Worker@69885592[State = -1, empty queue]] WARN  server.GrpcLogAppender (GrpcLogAppender.java:timeoutAppendRequest(209)) - 0794a7c8-829f-468b-b883-2035423e3fbd@group-7886DAA09D7B->e5ffd24e-bf4a-4ea8-9998-5222e19566cd-GrpcLogAppender: appendEntries Timeout, request=0794a7c8-829f-468b-b883-2035423e3fbd->e5ffd24e-bf4a-4ea8-9998-5222e19566cd#24-t1, previous=(t:1, i:8), leaderCommit=8, initializing? false, entries: size=1, first=(t:1, i:9), STATEMACHINELOGENTRY, client-C7D870CF9F48, cid=12
2019-10-21 21:51:49,195 [java.util.concurrent.ThreadPoolExecutor$Worker@69885592[State = -1, empty queue]] WARN  server.GrpcLogAppender (GrpcLogAppender.java:timeoutAppendRequest(209)) - 0794a7c8-829f-468b-b883-2035423e3fbd@group-7886DAA09D7B->e5ffd24e-bf4a-4ea8-9998-5222e19566cd-GrpcLogAppender: appendEntries Timeout, request=0794a7c8-829f-468b-b883-2035423e3fbd->e5ffd24e-bf4a-4ea8-9998-5222e19566cd#25-t1, previous=(t:1, i:9), leaderCommit=9, initializing? false, entries: size=1, first=(t:1, i:10), METADATAENTRY(c9)
2019-10-21 21:51:49,354 [BlockDeletingService#2] WARN  background.BlockDeletingService (BlockDeletingService.java:isDeletionAllowed(187)) - Close Container log Index 6 is not replicated across allthe servers in the pipeline 57ddd59c-82e7-4c8a-99fd-7886daa09d7b as the min replicated index is 4. Deletion is not allowed in this container yet.
2019-10-21 21:51:49,356 [BlockDeletingService#2] WARN  background.BlockDeletingService (BlockDeletingService.java:isDeletionAllowed(187)) - Close Container log Index 6 is not replicated across allthe servers in the pipeline 57ddd59c-82e7-4c8a-99fd-7886daa09d7b as the min replicated index is 4. Deletion is not allowed in this container yet.
2019-10-21 21:51:49,457 [EventQueue-ContainerReportForContainerReportHandler] WARN  container.ContainerReportHandler (AbstractContainerReportHandler.java:updateContainerState(145)) - Container #1 is in OPEN state, but the datanode 06b05a7f-a473-42c9-9200-88e1a405b515{ip: 192.168.34.8, host: pr-hdds-2310-sp97z-1197097266, networkLocation: /default-rack, certSerialId: null} reports an CLOSED replica.
2019-10-21 21:51:49,457 [EventQueue-ContainerReportForContainerReportHandler] WARN  container.ContainerReportHandler (AbstractContainerReportHandler.java:updateContainerState(145)) - Container #1 is in OPEN state, but the datanode 0794a7c8-829f-468b-b883-2035423e3fbd{ip: 192.168.34.8, host: pr-hdds-2310-sp97z-1197097266, networkLocation: /default-rack, certSerialId: null} reports an CLOSED replica.
2019-10-21 21:51:49,758 [EventQueue-ContainerReportForContainerReportHandler] WARN  container.ContainerReportHandler (AbstractContainerReportHandler.java:updateContainerState(145)) - Container #1 is in OPEN state, but the datanode 0794a7c8-829f-468b-b883-2035423e3fbd{ip: 192.168.34.8, host: pr-hdds-2310-sp97z-1197097266, networkLocation: /default-rack, certSerialId: null} reports an CLOSED replica.
2019-10-21 21:51:49,856 [EventQueue-ContainerReportForContainerReportHandler] WARN  container.ContainerReportHandler (AbstractContainerReportHandler.java:updateContainerState(145)) - Container #1 is in OPEN state, but the datanode 06b05a7f-a473-42c9-9200-88e1a405b515{ip: 192.168.34.8, host: pr-hdds-2310-sp97z-1197097266, networkLocation: /default-rack, certSerialId: null} reports an CLOSED replica.
2019-10-21 21:51:50,057 [EventQueue-ContainerReportForContainerReportHandler] WARN  container.ContainerReportHandler (AbstractContainerReportHandler.java:updateContainerState(145)) - Container #1 is in OPEN state, but the datanode 0794a7c8-829f-468b-b883-2035423e3fbd{ip: 192.168.34.8, host: pr-hdds-2310-sp97z-1197097266, networkLocation: /default-rack, certSerialId: null} reports an CLOSED replica.
2019-10-21 21:51:50,158 [EventQueue-ContainerReportForContainerReportHandler] WARN  container.ContainerReportHandler (AbstractContainerReportHandler.java:updateContainerState(145)) - Container #1 is in OPEN state, but the datanode 06b05a7f-a473-42c9-9200-88e1a405b515{ip: 192.168.34.8, host: pr-hdds-2310-sp97z-1197097266, networkLocation: /default-rack, certSerialId: null} reports an CLOSED replica.
2019-10-21 21:51:50,358 [EventQueue-ContainerReportForContainerReportHandler] WARN  container.ContainerReportHandler (AbstractContainerReportHandler.java:updateContainerState(145)) - Container #1 is in OPEN state, but the datanode 0794a7c8-829f-468b-b883-2035423e3fbd{ip: 192.168.34.8, host: pr-hdds-2310-sp97z-1197097266, networkLocation: /default-rack, certSerialId: null} reports an CLOSED replica.
2019-10-21 21:51:50,359 [BlockDeletingService#2] WARN  background.BlockDeletingService (BlockDeletingService.java:isDeletionAllowed(187)) - Close Container log Index 6 is not replicated across allthe servers in the pipeline 57ddd59c-82e7-4c8a-99fd-7886daa09d7b as the min replicated index is 4. Deletion is not allowed in this container yet.
2019-10-21 21:51:50,359 [BlockDeletingService#2] WARN  background.BlockDeletingService (BlockDeletingService.java:isDeletionAllowed(187)) - Close Container log Index 6 is not replicated across allthe servers in the pipeline 57ddd59c-82e7-4c8a-99fd-7886daa09d7b as the min replicated index is 4. Deletion is not allowed in this container yet.
2019-10-21 21:51:50,458 [EventQueue-ContainerReportForContainerReportHandler] WARN  container.ContainerReportHandler (AbstractContainerReportHandler.java:updateContainerState(145)) - Container #1 is in OPEN state, but the datanode 06b05a7f-a473-42c9-9200-88e1a405b515{ip: 192.168.34.8, host: pr-hdds-2310-sp97z-1197097266, networkLocation: /default-rack, certSerialId: null} reports an CLOSED replica.
2019-10-21 21:51:50,658 [EventQueue-ContainerReportForContainerReportHandler] WARN  container.ContainerReportHandler (AbstractContainerReportHandler.java:updateContainerState(145)) - Container #1 is in OPEN state, but the datanode 0794a7c8-829f-468b-b883-2035423e3fbd{ip: 192.168.34.8, host: pr-hdds-2310-sp97z-1197097266, networkLocation: /default-rack, certSerialId: null} reports an CLOSED replica.
2019-10-21 21:51:50,658 [EventQueue-ContainerReportForContainerReportHandler] WARN  container.ContainerReportHandler (AbstractContainerReportHandler.java:updateContainerState(145)) - Container #1 is in OPEN state, but the datanode 06b05a7f-a473-42c9-9200-88e1a405b515{ip: 192.168.34.8, host: pr-hdds-2310-sp97z-1197097266, networkLocation: /default-rack, certSerialId: null} reports an CLOSED replica.
2019-10-21 21:51:50,860 [EventQueue-ContainerReportForContainerReportHandler] WARN  container.ContainerReportHandler (AbstractContainerReportHandler.java:updateContainerState(145)) - Container #1 is in OPEN state, but the datanode 06b05a7f-a473-42c9-9200-88e1a405b515{ip: 192.168.34.8, host: pr-hdds-2310-sp97z-1197097266, networkLocation: /default-rack, certSerialId: null} reports an CLOSED replica.
2019-10-21 21:51:50,958 [EventQueue-ContainerReportForContainerReportHandler] WARN  container.ContainerReportHandler (AbstractContainerReportHandler.java:updateContainerState(145)) - Container #1 is in OPEN state, but the datanode 0794a7c8-829f-468b-b883-2035423e3fbd{ip: 192.168.34.8, host: pr-hdds-2310-sp97z-1197097266, networkLocation: /default-rack, certSerialId: null} reports an CLOSED replica.
2019-10-21 21:51:51,059 [EventQueue-ContainerReportForContainerReportHandler] WARN  container.ContainerReportHandler (AbstractContainerReportHandler.java:updateContainerState(145)) - Container #1 is in OPEN state, but the datanode 06b05a7f-a473-42c9-9200-88e1a405b515{ip: 192.168.34.8, host: pr-hdds-2310-sp97z-1197097266, networkLocation: /default-rack, certSerialId: null} reports an CLOSED replica.
2019-10-21 21:51:51,259 [EventQueue-ContainerReportForContainerReportHandler] WARN  container.ContainerReportHandler (AbstractContainerReportHandler.java:updateContainerState(145)) - Container #1 is in OPEN state, but the datanode 0794a7c8-829f-468b-b883-2035423e3fbd{ip: 192.168.34.8, host: pr-hdds-2310-sp97z-1197097266, networkLocation: /default-rack, certSerialId: null} reports an CLOSED replica.
2019-10-21 21:51:51,359 [EventQueue-ContainerReportForContainerReportHandler] WARN  container.ContainerReportHandler (AbstractContainerReportHandler.java:updateContainerState(145)) - Container #1 is in OPEN state, but the datanode 06b05a7f-a473-42c9-9200-88e1a405b515{ip: 192.168.34.8, host: pr-hdds-2310-sp97z-1197097266, networkLocation: /default-rack, certSerialId: null} reports an CLOSED replica.
2019-10-21 21:51:51,361 [BlockDeletingService#2] WARN  background.BlockDeletingService (BlockDeletingService.java:isDeletionAllowed(187)) - Close Container log Index 6 is not replicated across allthe servers in the pipeline 57ddd59c-82e7-4c8a-99fd-7886daa09d7b as the min replicated index is 4. Deletion is not allowed in this container yet.
2019-10-21 21:51:51,361 [BlockDeletingService#2] WARN  background.BlockDeletingService (BlockDeletingService.java:isDeletionAllowed(187)) - Close Container log Index 6 is not replicated across allthe servers in the pipeline 57ddd59c-82e7-4c8a-99fd-7886daa09d7b as the min replicated index is 4. Deletion is not allowed in this container yet.
2019-10-21 21:51:51,660 [EventQueue-ContainerReportForContainerReportHandler] WARN  container.ContainerReportHandler (AbstractContainerReportHandler.java:updateContainerState(145)) - Container #1 is in OPEN state, but the datanode 0794a7c8-829f-468b-b883-2035423e3fbd{ip: 192.168.34.8, host: pr-hdds-2310-sp97z-1197097266, networkLocation: /default-rack, certSerialId: null} reports an CLOSED replica.
2019-10-21 21:51:51,660 [EventQueue-ContainerReportForContainerReportHandler] WARN  container.ContainerReportHandler (AbstractContainerReportHandler.java:updateContainerState(145)) - Container #1 is in OPEN state, but the datanode 06b05a7f-a473-42c9-9200-88e1a405b515{ip: 192.168.34.8, host: pr-hdds-2310-sp97z-1197097266, networkLocation: /default-rack, certSerialId: null} reports an CLOSED replica.
2019-10-21 21:51:51,696 [java.util.concurrent.ThreadPoolExecutor$Worker@69885592[State = -1, empty queue]] WARN  server.GrpcLogAppender (GrpcLogAppender.java:timeoutAppendRequest(209)) - 0794a7c8-829f-468b-b883-2035423e3fbd@group-7886DAA09D7B->e5ffd24e-bf4a-4ea8-9998-5222e19566cd-GrpcLogAppender: appendEntries Timeout, request=0794a7c8-829f-468b-b883-2035423e3fbd->e5ffd24e-bf4a-4ea8-9998-5222e19566cd#26-t1, previous=(t:1, i:10), leaderCommit=10, initializing? false, entries: <empty>
2019-10-21 21:51:51,860 [EventQueue-ContainerReportForContainerReportHandler] WARN  container.ContainerReportHandler (AbstractContainerReportHandler.java:updateContainerState(145)) - Container #1 is in OPEN state, but the datanode 06b05a7f-a473-42c9-9200-88e1a405b515{ip: 192.168.34.8, host: pr-hdds-2310-sp97z-1197097266, networkLocation: /default-rack, certSerialId: null} reports an CLOSED replica.
2019-10-21 21:51:51,959 [EventQueue-ContainerReportForContainerReportHandler] WARN  container.ContainerReportHandler (AbstractContainerReportHandler.java:updateContainerState(145)) - Container #1 is in OPEN state, but the datanode 0794a7c8-829f-468b-b883-2035423e3fbd{ip: 192.168.34.8, host: pr-hdds-2310-sp97z-1197097266, networkLocation: /default-rack, certSerialId: null} reports an CLOSED replica.
2019-10-21 21:51:52,160 [EventQueue-ContainerReportForContainerReportHandler] WARN  container.ContainerReportHandler (AbstractContainerReportHandler.java:updateContainerState(145)) - Container #1 is in OPEN state, but the datanode 06b05a7f-a473-42c9-9200-88e1a405b515{ip: 192.168.34.8, host: pr-hdds-2310-sp97z-1197097266, networkLocation: /default-rack, certSerialId: null} reports an CLOSED replica.
2019-10-21 21:51:52,260 [EventQueue-ContainerReportForContainerReportHandler] WARN  container.ContainerReportHandler (AbstractContainerReportHandler.java:updateContainerState(145)) - Container #1 is in OPEN state, but the datanode 0794a7c8-829f-468b-b883-2035423e3fbd{ip: 192.168.34.8, host: pr-hdds-2310-sp97z-1197097266, networkLocation: /default-rack, certSerialId: null} reports an CLOSED replica.
2019-10-21 21:51:52,363 [BlockDeletingService#2] WARN  background.BlockDeletingService (BlockDeletingService.java:isDeletionAllowed(187)) - Close Container log Index 6 is not replicated across allthe servers in the pipeline 57ddd59c-82e7-4c8a-99fd-7886daa09d7b as the min replicated index is 4. Deletion is not allowed in this container yet.
2019-10-21 21:51:52,363 [BlockDeletingService#2] WARN  background.BlockDeletingService (BlockDeletingService.java:isDeletionAllowed(187)) - Close Container log Index 6 is not replicated across allthe servers in the pipeline 57ddd59c-82e7-4c8a-99fd-7886daa09d7b as the min replicated index is 4. Deletion is not allowed in this container yet.
2019-10-21 21:51:52,460 [EventQueue-ContainerReportForContainerReportHandler] WARN  container.ContainerReportHandler (AbstractContainerReportHandler.java:updateContainerState(145)) - Container #1 is in OPEN state, but the datanode 06b05a7f-a473-42c9-9200-88e1a405b515{ip: 192.168.34.8, host: pr-hdds-2310-sp97z-1197097266, networkLocation: /default-rack, certSerialId: null} reports an CLOSED replica.
2019-10-21 21:51:52,461 [EventQueue-ContainerReportForContainerReportHandler] WARN  container.ContainerReportHandler (AbstractContainerReportHandler.java:updateContainerState(145)) - Container #1 is in OPEN state, but the datanode 0794a7c8-829f-468b-b883-2035423e3fbd{ip: 192.168.34.8, host: pr-hdds-2310-sp97z-1197097266, networkLocation: /default-rack, certSerialId: null} reports an CLOSED replica.
2019-10-21 21:51:52,760 [EventQueue-ContainerReportForContainerReportHandler] WARN  container.ContainerReportHandler (AbstractContainerReportHandler.java:updateContainerState(145)) - Container #1 is in OPEN state, but the datanode 06b05a7f-a473-42c9-9200-88e1a405b515{ip: 192.168.34.8, host: pr-hdds-2310-sp97z-1197097266, networkLocation: /default-rack, certSerialId: null} reports an CLOSED replica.
2019-10-21 21:51:52,860 [EventQueue-ContainerReportForContainerReportHandler] WARN  container.ContainerReportHandler (AbstractContainerReportHandler.java:updateContainerState(145)) - Container #1 is in OPEN state, but the datanode 0794a7c8-829f-468b-b883-2035423e3fbd{ip: 192.168.34.8, host: pr-hdds-2310-sp97z-1197097266, networkLocation: /default-rack, certSerialId: null} reports an CLOSED replica.
2019-10-21 21:51:53,061 [EventQueue-ContainerReportForContainerReportHandler] WARN  container.ContainerReportHandler (AbstractContainerReportHandler.java:updateContainerState(145)) - Container #1 is in OPEN state, but the datanode 06b05a7f-a473-42c9-9200-88e1a405b515{ip: 192.168.34.8, host: pr-hdds-2310-sp97z-1197097266, networkLocation: /default-rack, certSerialId: null} reports an CLOSED replica.
2019-10-21 21:51:53,063 [EventQueue-ContainerReportForContainerReportHandler] WARN  container.ContainerReportHandler (AbstractContainerReportHandler.java:updateContainerState(145)) - Container #1 is in OPEN state, but the datanode 0794a7c8-829f-468b-b883-2035423e3fbd{ip: 192.168.34.8, host: pr-hdds-2310-sp97z-1197097266, networkLocation: /default-rack, certSerialId: null} reports an CLOSED replica.
2019-10-21 21:51:53,260 [EventQueue-ContainerReportForContainerReportHandler] WARN  container.ContainerReportHandler (AbstractContainerReportHandler.java:updateContainerState(145)) - Container #1 is in OPEN state, but the datanode 06b05a7f-a473-42c9-9200-88e1a405b515{ip: 192.168.34.8, host: pr-hdds-2310-sp97z-1197097266, networkLocation: /default-rack, certSerialId: null} reports an CLOSED replica.
2019-10-21 21:51:53,366 [BlockDeletingService#2] WARN  background.BlockDeletingService (BlockDeletingService.java:isDeletionAllowed(187)) - Close Container log Index 6 is not replicated across allthe servers in the pipeline 57ddd59c-82e7-4c8a-99fd-7886daa09d7b as the min replicated index is 4. Deletion is not allowed in this container yet.
2019-10-21 21:51:53,366 [BlockDeletingService#2] WARN  background.BlockDeletingService (BlockDeletingService.java:isDeletionAllowed(187)) - Close Container log Index 6 is not replicated across allthe servers in the pipeline 57ddd59c-82e7-4c8a-99fd-7886daa09d7b as the min replicated index is 4. Deletion is not allowed in this container yet.
2019-10-21 21:51:53,461 [EventQueue-ContainerReportForContainerReportHandler] WARN  container.ContainerReportHandler (AbstractContainerReportHandler.java:updateContainerState(145)) - Container #1 is in OPEN state, but the datanode 0794a7c8-829f-468b-b883-2035423e3fbd{ip: 192.168.34.8, host: pr-hdds-2310-sp97z-1197097266, networkLocation: /default-rack, certSerialId: null} reports an CLOSED replica.
2019-10-21 21:51:53,561 [EventQueue-ContainerReportForContainerReportHandler] WARN  container.ContainerReportHandler (AbstractContainerReportHandler.java:updateContainerState(145)) - Container #1 is in OPEN state, but the datanode 06b05a7f-a473-42c9-9200-88e1a405b515{ip: 192.168.34.8, host: pr-hdds-2310-sp97z-1197097266, networkLocation: /default-rack, certSerialId: null} reports an CLOSED replica.
2019-10-21 21:51:53,861 [EventQueue-ContainerReportForContainerReportHandler] WARN  container.ContainerReportHandler (AbstractContainerReportHandler.java:updateContainerState(145)) - Container #1 is in OPEN state, but the datanode 0794a7c8-829f-468b-b883-2035423e3fbd{ip: 192.168.34.8, host: pr-hdds-2310-sp97z-1197097266, networkLocation: /default-rack, certSerialId: null} reports an CLOSED replica.
2019-10-21 21:51:53,862 [EventQueue-ContainerReportForContainerReportHandler] WARN  container.ContainerReportHandler (AbstractContainerReportHandler.java:updateContainerState(145)) - Container #1 is in OPEN state, but the datanode 06b05a7f-a473-42c9-9200-88e1a405b515{ip: 192.168.34.8, host: pr-hdds-2310-sp97z-1197097266, networkLocation: /default-rack, certSerialId: null} reports an CLOSED replica.
2019-10-21 21:51:54,161 [EventQueue-ContainerReportForContainerReportHandler] WARN  container.ContainerReportHandler (AbstractContainerReportHandler.java:updateContainerState(145)) - Container #1 is in OPEN state, but the datanode 0794a7c8-829f-468b-b883-2035423e3fbd{ip: 192.168.34.8, host: pr-hdds-2310-sp97z-1197097266, networkLocation: /default-rack, certSerialId: null} reports an CLOSED replica.
2019-10-21 21:51:54,162 [EventQueue-ContainerReportForContainerReportHandler] WARN  container.ContainerReportHandler (AbstractContainerReportHandler.java:updateContainerState(145)) - Container #1 is in OPEN state, but the datanode 06b05a7f-a473-42c9-9200-88e1a405b515{ip: 192.168.34.8, host: pr-hdds-2310-sp97z-1197097266, networkLocation: /default-rack, certSerialId: null} reports an CLOSED replica.
2019-10-21 21:51:54,198 [java.util.concurrent.ThreadPoolExecutor$Worker@69885592[State = -1, empty queue]] WARN  server.GrpcLogAppender (GrpcLogAppender.java:timeoutAppendRequest(209)) - 0794a7c8-829f-468b-b883-2035423e3fbd@group-7886DAA09D7B->e5ffd24e-bf4a-4ea8-9998-5222e19566cd-GrpcLogAppender: appendEntries Timeout, request=0794a7c8-829f-468b-b883-2035423e3fbd->e5ffd24e-bf4a-4ea8-9998-5222e19566cd#27-t1, previous=(t:1, i:10), leaderCommit=10, initializing? false, entries: <empty>
2019-10-21 21:51:54,362 [EventQueue-ContainerReportForContainerReportHandler] WARN  container.ContainerReportHandler (AbstractContainerReportHandler.java:updateContainerState(145)) - Container #1 is in OPEN state, but the datanode 0794a7c8-829f-468b-b883-2035423e3fbd{ip: 192.168.34.8, host: pr-hdds-2310-sp97z-1197097266, networkLocation: /default-rack, certSerialId: null} reports an CLOSED replica.
2019-10-21 21:51:54,368 [BlockDeletingService#2] WARN  background.BlockDeletingService (BlockDeletingService.java:isDeletionAllowed(187)) - Close Container log Index 6 is not replicated across allthe servers in the pipeline 57ddd59c-82e7-4c8a-99fd-7886daa09d7b as the min replicated index is 4. Deletion is not allowed in this container yet.
2019-10-21 21:51:54,368 [BlockDeletingService#2] WARN  background.BlockDeletingService (BlockDeletingService.java:isDeletionAllowed(187)) - Close Container log Index 6 is not replicated across allthe servers in the pipeline 57ddd59c-82e7-4c8a-99fd-7886daa09d7b as the min replicated index is 4. Deletion is not allowed in this container yet.
2019-10-21 21:51:54,564 [EventQueue-ContainerReportForContainerReportHandler] WARN  container.ContainerReportHandler (AbstractContainerReportHandler.java:updateContainerState(145)) - Container #1 is in OPEN state, but the datanode 06b05a7f-a473-42c9-9200-88e1a405b515{ip: 192.168.34.8, host: pr-hdds-2310-sp97z-1197097266, networkLocation: /default-rack, certSerialId: null} reports an CLOSED replica.
2019-10-21 21:51:54,756 [Thread-343] INFO  client.GrpcClientProtocolService (GrpcClientProtocolService.java:lambda$processClientRequest$0(278)) - Failed RaftClientRequest:client-5B812E6CE025->0794a7c8-829f-468b-b883-2035423e3fbd@group-7886DAA09D7B, cid=10, seq=0, Watch-ALL_COMMITTED(6), Message:<EMPTY>, reply=RaftClientReply:client-5B812E6CE025->0794a7c8-829f-468b-b883-2035423e3fbd@group-7886DAA09D7B, cid=10, FAILED org.apache.ratis.protocol.NotReplicatedException: Request with call Id 10 and log index 6 is not yet replicated to ALL_COMMITTED, logIndex=6, commits[0794a7c8-829f-468b-b883-2035423e3fbd:c10, e5ffd24e-bf4a-4ea8-9998-5222e19566cd:c4, 06b05a7f-a473-42c9-9200-88e1a405b515:c10]
2019-10-21 21:51:54,762 [EventQueue-ContainerReportForContainerReportHandler] WARN  container.ContainerReportHandler (AbstractContainerReportHandler.java:updateContainerState(145)) - Container #1 is in OPEN state, but the datanode 0794a7c8-829f-468b-b883-2035423e3fbd{ip: 192.168.34.8, host: pr-hdds-2310-sp97z-1197097266, networkLocation: /default-rack, certSerialId: null} reports an CLOSED replica.
2019-10-21 21:51:54,863 [EventQueue-ContainerReportForContainerReportHandler] WARN  container.ContainerReportHandler (AbstractContainerReportHandler.java:updateContainerState(145)) - Container #1 is in OPEN state, but the datanode 06b05a7f-a473-42c9-9200-88e1a405b515{ip: 192.168.34.8, host: pr-hdds-2310-sp97z-1197097266, networkLocation: /default-rack, certSerialId: null} reports an CLOSED replica.
2019-10-21 21:51:55,162 [EventQueue-ContainerReportForContainerReportHandler] WARN  container.ContainerReportHandler (AbstractContainerReportHandler.java:updateContainerState(145)) - Container #1 is in OPEN state, but the datanode 0794a7c8-829f-468b-b883-2035423e3fbd{ip: 192.168.34.8, host: pr-hdds-2310-sp97z-1197097266, networkLocation: /default-rack, certSerialId: null} reports an CLOSED replica.
2019-10-21 21:51:55,263 [EventQueue-ContainerReportForContainerReportHandler] WARN  container.ContainerReportHandler (AbstractContainerReportHandler.java:updateContainerState(145)) - Container #1 is in OPEN state, but the datanode 06b05a7f-a473-42c9-9200-88e1a405b515{ip: 192.168.34.8, host: pr-hdds-2310-sp97z-1197097266, networkLocation: /default-rack, certSerialId: null} reports an CLOSED replica.
2019-10-21 21:51:55,370 [BlockDeletingService#2] WARN  background.BlockDeletingService (BlockDeletingService.java:isDeletionAllowed(187)) - Close Container log Index 6 is not replicated across allthe servers in the pipeline 57ddd59c-82e7-4c8a-99fd-7886daa09d7b as the min replicated index is 4. Deletion is not allowed in this container yet.
2019-10-21 21:51:55,370 [BlockDeletingService#2] WARN  background.BlockDeletingService (BlockDeletingService.java:isDeletionAllowed(187)) - Close Container log Index 6 is not replicated across allthe servers in the pipeline 57ddd59c-82e7-4c8a-99fd-7886daa09d7b as the min replicated index is 4. Deletion is not allowed in this container yet.
2019-10-21 21:51:55,463 [EventQueue-ContainerReportForContainerReportHandler] WARN  container.ContainerReportHandler (AbstractContainerReportHandler.java:updateContainerState(145)) - Container #1 is in OPEN state, but the datanode 06b05a7f-a473-42c9-9200-88e1a405b515{ip: 192.168.34.8, host: pr-hdds-2310-sp97z-1197097266, networkLocation: /default-rack, certSerialId: null} reports an CLOSED replica.
2019-10-21 21:51:55,564 [EventQueue-ContainerReportForContainerReportHandler] WARN  container.ContainerReportHandler (AbstractContainerReportHandler.java:updateContainerState(145)) - Container #1 is in OPEN state, but the datanode 0794a7c8-829f-468b-b883-2035423e3fbd{ip: 192.168.34.8, host: pr-hdds-2310-sp97z-1197097266, networkLocation: /default-rack, certSerialId: null} reports an CLOSED replica.
2019-10-21 21:51:55,762 [EventQueue-ContainerReportForContainerReportHandler] WARN  container.ContainerReportHandler (AbstractContainerReportHandler.java:updateContainerState(145)) - Container #1 is in OPEN state, but the datanode 0794a7c8-829f-468b-b883-2035423e3fbd{ip: 192.168.34.8, host: pr-hdds-2310-sp97z-1197097266, networkLocation: /default-rack, certSerialId: null} reports an CLOSED replica.
2019-10-21 21:51:55,866 [EventQueue-ContainerReportForContainerReportHandler] WARN  container.ContainerReportHandler (AbstractContainerReportHandler.java:updateContainerState(145)) - Container #1 is in OPEN state, but the datanode 06b05a7f-a473-42c9-9200-88e1a405b515{ip: 192.168.34.8, host: pr-hdds-2310-sp97z-1197097266, networkLocation: /default-rack, certSerialId: null} reports an CLOSED replica.
2019-10-21 21:51:56,063 [EventQueue-ContainerReportForContainerReportHandler] WARN  container.ContainerReportHandler (AbstractContainerReportHandler.java:updateContainerState(145)) - Container #1 is in OPEN state, but the datanode 0794a7c8-829f-468b-b883-2035423e3fbd{ip: 192.168.34.8, host: pr-hdds-2310-sp97z-1197097266, networkLocation: /default-rack, certSerialId: null} reports an CLOSED replica.
2019-10-21 21:51:56,066 [EventQueue-ContainerReportForContainerReportHandler] WARN  container.ContainerReportHandler (AbstractContainerReportHandler.java:updateContainerState(145)) - Container #1 is in OPEN state, but the datanode 06b05a7f-a473-42c9-9200-88e1a405b515{ip: 192.168.34.8, host: pr-hdds-2310-sp97z-1197097266, networkLocation: /default-rack, certSerialId: null} reports an CLOSED replica.
2019-10-21 21:51:56,376 [BlockDeletingService#2] WARN  background.BlockDeletingService (BlockDeletingService.java:isDeletionAllowed(187)) - Close Container log Index 6 is not replicated across allthe servers in the pipeline 57ddd59c-82e7-4c8a-99fd-7886daa09d7b as the min replicated index is 4. Deletion is not allowed in this container yet.
2019-10-21 21:51:56,376 [BlockDeletingService#2] WARN  background.BlockDeletingService (BlockDeletingService.java:isDeletionAllowed(187)) - Close Container log Index 6 is not replicated across allthe servers in the pipeline 57ddd59c-82e7-4c8a-99fd-7886daa09d7b as the min replicated index is 4. Deletion is not allowed in this container yet.
2019-10-21 21:51:56,463 [EventQueue-ContainerReportForContainerReportHandler] WARN  container.ContainerReportHandler (AbstractContainerReportHandler.java:updateContainerState(145)) - Container #1 is in OPEN state, but the datanode 0794a7c8-829f-468b-b883-2035423e3fbd{ip: 192.168.34.8, host: pr-hdds-2310-sp97z-1197097266, networkLocation: /default-rack, certSerialId: null} reports an CLOSED replica.
2019-10-21 21:51:56,466 [EventQueue-ContainerReportForContainerReportHandler] WARN  container.ContainerReportHandler (AbstractContainerReportHandler.java:updateContainerState(145)) - Container #1 is in OPEN state, but the datanode 06b05a7f-a473-42c9-9200-88e1a405b515{ip: 192.168.34.8, host: pr-hdds-2310-sp97z-1197097266, networkLocation: /default-rack, certSerialId: null} reports an CLOSED replica.
2019-10-21 21:51:56,665 [EventQueue-ContainerReportForContainerReportHandler] WARN  container.ContainerReportHandler (AbstractContainerReportHandler.java:updateContainerState(145)) - Container #1 is in OPEN state, but the datanode 0794a7c8-829f-468b-b883-2035423e3fbd{ip: 192.168.34.8, host: pr-hdds-2310-sp97z-1197097266, networkLocation: /default-rack, certSerialId: null} reports an CLOSED replica.
2019-10-21 21:51:56,667 [EventQueue-ContainerReportForContainerReportHandler] WARN  container.ContainerReportHandler (AbstractContainerReportHandler.java:updateContainerState(145)) - Container #1 is in OPEN state, but the datanode 06b05a7f-a473-42c9-9200-88e1a405b515{ip: 192.168.34.8, host: pr-hdds-2310-sp97z-1197097266, networkLocation: /default-rack, certSerialId: null} reports an CLOSED replica.
2019-10-21 21:51:56,700 [java.util.concurrent.ThreadPoolExecutor$Worker@69885592[State = -1, empty queue]] WARN  server.GrpcLogAppender (GrpcLogAppender.java:timeoutAppendRequest(209)) - 0794a7c8-829f-468b-b883-2035423e3fbd@group-7886DAA09D7B->e5ffd24e-bf4a-4ea8-9998-5222e19566cd-GrpcLogAppender: appendEntries Timeout, request=0794a7c8-829f-468b-b883-2035423e3fbd->e5ffd24e-bf4a-4ea8-9998-5222e19566cd#28-t1, previous=(t:1, i:10), leaderCommit=10, initializing? false, entries: <empty>
2019-10-21 21:51:56,865 [EventQueue-ContainerReportForContainerReportHandler] WARN  container.ContainerReportHandler (AbstractContainerReportHandler.java:updateContainerState(145)) - Container #1 is in OPEN state, but the datanode 0794a7c8-829f-468b-b883-2035423e3fbd{ip: 192.168.34.8, host: pr-hdds-2310-sp97z-1197097266, networkLocation: /default-rack, certSerialId: null} reports an CLOSED replica.
2019-10-21 21:51:56,968 [EventQueue-ContainerReportForContainerReportHandler] WARN  container.ContainerReportHandler (AbstractContainerReportHandler.java:updateContainerState(145)) - Container #1 is in OPEN state, but the datanode 06b05a7f-a473-42c9-9200-88e1a405b515{ip: 192.168.34.8, host: pr-hdds-2310-sp97z-1197097266, networkLocation: /default-rack, certSerialId: null} reports an CLOSED replica.
2019-10-21 21:51:57,165 [EventQueue-ContainerReportForContainerReportHandler] WARN  container.ContainerReportHandler (AbstractContainerReportHandler.java:updateContainerState(145)) - Container #1 is in OPEN state, but the datanode 0794a7c8-829f-468b-b883-2035423e3fbd{ip: 192.168.34.8, host: pr-hdds-2310-sp97z-1197097266, networkLocation: /default-rack, certSerialId: null} reports an CLOSED replica.
2019-10-21 21:51:57,267 [EventQueue-ContainerReportForContainerReportHandler] WARN  container.ContainerReportHandler (AbstractContainerReportHandler.java:updateContainerState(145)) - Container #1 is in OPEN state, but the datanode 06b05a7f-a473-42c9-9200-88e1a405b515{ip: 192.168.34.8, host: pr-hdds-2310-sp97z-1197097266, networkLocation: /default-rack, certSerialId: null} reports an CLOSED replica.
2019-10-21 21:51:57,378 [BlockDeletingService#2] WARN  background.BlockDeletingService (BlockDeletingService.java:isDeletionAllowed(187)) - Close Container log Index 6 is not replicated across allthe servers in the pipeline 57ddd59c-82e7-4c8a-99fd-7886daa09d7b as the min replicated index is 4. Deletion is not allowed in this container yet.
2019-10-21 21:51:57,378 [BlockDeletingService#2] WARN  background.BlockDeletingService (BlockDeletingService.java:isDeletionAllowed(187)) - Close Container log Index 6 is not replicated across allthe servers in the pipeline 57ddd59c-82e7-4c8a-99fd-7886daa09d7b as the min replicated index is 4. Deletion is not allowed in this container yet.
2019-10-21 21:51:57,466 [EventQueue-ContainerReportForContainerReportHandler] WARN  container.ContainerReportHandler (AbstractContainerReportHandler.java:updateContainerState(145)) - Container #1 is in OPEN state, but the datanode 0794a7c8-829f-468b-b883-2035423e3fbd{ip: 192.168.34.8, host: pr-hdds-2310-sp97z-1197097266, networkLocation: /default-rack, certSerialId: null} reports an CLOSED replica.
2019-10-21 21:51:57,665 [EventQueue-ContainerReportForContainerReportHandler] WARN  container.ContainerReportHandler (AbstractContainerReportHandler.java:updateContainerState(145)) - Container #1 is in OPEN state, but the datanode 0794a7c8-829f-468b-b883-2035423e3fbd{ip: 192.168.34.8, host: pr-hdds-2310-sp97z-1197097266, networkLocation: /default-rack, certSerialId: null} reports an CLOSED replica.
2019-10-21 21:51:57,675 [EventQueue-ContainerReportForContainerReportHandler] WARN  container.ContainerReportHandler (AbstractContainerReportHandler.java:updateContainerState(145)) - Container #1 is in OPEN state, but the datanode 06b05a7f-a473-42c9-9200-88e1a405b515{ip: 192.168.34.8, host: pr-hdds-2310-sp97z-1197097266, networkLocation: /default-rack, certSerialId: null} reports an CLOSED replica.
2019-10-21 21:51:57,868 [EventQueue-ContainerReportForContainerReportHandler] WARN  container.ContainerReportHandler (AbstractContainerReportHandler.java:updateContainerState(145)) - Container #1 is in OPEN state, but the datanode 06b05a7f-a473-42c9-9200-88e1a405b515{ip: 192.168.34.8, host: pr-hdds-2310-sp97z-1197097266, networkLocation: /default-rack, certSerialId: null} reports an CLOSED replica.
2019-10-21 21:51:57,966 [EventQueue-ContainerReportForContainerReportHandler] WARN  container.ContainerReportHandler (AbstractContainerReportHandler.java:updateContainerState(145)) - Container #1 is in OPEN state, but the datanode 0794a7c8-829f-468b-b883-2035423e3fbd{ip: 192.168.34.8, host: pr-hdds-2310-sp97z-1197097266, networkLocation: /default-rack, certSerialId: null} reports an CLOSED replica.
2019-10-21 21:51:58,069 [EventQueue-ContainerReportForContainerReportHandler] WARN  container.ContainerReportHandler (AbstractContainerReportHandler.java:updateContainerState(145)) - Container #1 is in OPEN state, but the datanode 06b05a7f-a473-42c9-9200-88e1a405b515{ip: 192.168.34.8, host: pr-hdds-2310-sp97z-1197097266, networkLocation: /default-rack, certSerialId: null} reports an CLOSED replica.
2019-10-21 21:51:58,365 [EventQueue-ContainerReportForContainerReportHandler] WARN  container.ContainerReportHandler (AbstractContainerReportHandler.java:updateContainerState(145)) - Container #1 is in OPEN state, but the datanode 0794a7c8-829f-468b-b883-2035423e3fbd{ip: 192.168.34.8, host: pr-hdds-2310-sp97z-1197097266, networkLocation: /default-rack, certSerialId: null} reports an CLOSED replica.
2019-10-21 21:51:58,369 [EventQueue-ContainerReportForContainerReportHandler] WARN  container.ContainerReportHandler (AbstractContainerReportHandler.java:updateContainerState(145)) - Container #1 is in OPEN state, but the datanode 06b05a7f-a473-42c9-9200-88e1a405b515{ip: 192.168.34.8, host: pr-hdds-2310-sp97z-1197097266, networkLocation: /default-rack, certSerialId: null} reports an CLOSED replica.
2019-10-21 21:51:58,380 [BlockDeletingService#2] WARN  background.BlockDeletingService (BlockDeletingService.java:isDeletionAllowed(187)) - Close Container log Index 6 is not replicated across allthe servers in the pipeline 57ddd59c-82e7-4c8a-99fd-7886daa09d7b as the min replicated index is 4. Deletion is not allowed in this container yet.
2019-10-21 21:51:58,380 [BlockDeletingService#2] WARN  background.BlockDeletingService (BlockDeletingService.java:isDeletionAllowed(187)) - Close Container log Index 6 is not replicated across allthe servers in the pipeline 57ddd59c-82e7-4c8a-99fd-7886daa09d7b as the min replicated index is 4. Deletion is not allowed in this container yet.
2019-10-21 21:51:58,569 [EventQueue-ContainerReportForContainerReportHandler] WARN  container.ContainerReportHandler (AbstractContainerReportHandler.java:updateContainerState(145)) - Container #1 is in OPEN state, but the datanode 06b05a7f-a473-42c9-9200-88e1a405b515{ip: 192.168.34.8, host: pr-hdds-2310-sp97z-1197097266, networkLocation: /default-rack, certSerialId: null} reports an CLOSED replica.
2019-10-21 21:51:58,666 [EventQueue-ContainerReportForContainerReportHandler] WARN  container.ContainerReportHandler (AbstractContainerReportHandler.java:updateContainerState(145)) - Container #1 is in OPEN state, but the datanode 0794a7c8-829f-468b-b883-2035423e3fbd{ip: 192.168.34.8, host: pr-hdds-2310-sp97z-1197097266, networkLocation: /default-rack, certSerialId: null} reports an CLOSED replica.
2019-10-21 21:51:58,869 [EventQueue-ContainerReportForContainerReportHandler] WARN  container.ContainerReportHandler (AbstractContainerReportHandler.java:updateContainerState(145)) - Container #1 is in OPEN state, but the datanode 06b05a7f-a473-42c9-9200-88e1a405b515{ip: 192.168.34.8, host: pr-hdds-2310-sp97z-1197097266, networkLocation: /default-rack, certSerialId: null} reports an CLOSED replica.
2019-10-21 21:51:58,966 [EventQueue-ContainerReportForContainerReportHandler] WARN  container.ContainerReportHandler (AbstractContainerReportHandler.java:updateContainerState(145)) - Container #1 is in OPEN state, but the datanode 0794a7c8-829f-468b-b883-2035423e3fbd{ip: 192.168.34.8, host: pr-hdds-2310-sp97z-1197097266, networkLocation: /default-rack, certSerialId: null} reports an CLOSED replica.
2019-10-21 21:51:59,169 [EventQueue-ContainerReportForContainerReportHandler] WARN  container.ContainerReportHandler (AbstractContainerReportHandler.java:updateContainerState(145)) - Container #1 is in OPEN state, but the datanode 06b05a7f-a473-42c9-9200-88e1a405b515{ip: 192.168.34.8, host: pr-hdds-2310-sp97z-1197097266, networkLocation: /default-rack, certSerialId: null} reports an CLOSED replica.
2019-10-21 21:51:59,203 [java.util.concurrent.ThreadPoolExecutor$Worker@69885592[State = -1, empty queue]] WARN  server.GrpcLogAppender (GrpcLogAppender.java:timeoutAppendRequest(209)) - 0794a7c8-829f-468b-b883-2035423e3fbd@group-7886DAA09D7B->e5ffd24e-bf4a-4ea8-9998-5222e19566cd-GrpcLogAppender: appendEntries Timeout, request=0794a7c8-829f-468b-b883-2035423e3fbd->e5ffd24e-bf4a-4ea8-9998-5222e19566cd#29-t1, previous=(t:1, i:10), leaderCommit=10, initializing? false, entries: <empty>
2019-10-21 21:51:59,368 [EventQueue-ContainerReportForContainerReportHandler] WARN  container.ContainerReportHandler (AbstractContainerReportHandler.java:updateContainerState(145)) - Container #1 is in OPEN state, but the datanode 0794a7c8-829f-468b-b883-2035423e3fbd{ip: 192.168.34.8, host: pr-hdds-2310-sp97z-1197097266, networkLocation: /default-rack, certSerialId: null} reports an CLOSED replica.
2019-10-21 21:51:59,381 [BlockDeletingService#2] WARN  background.BlockDeletingService (BlockDeletingService.java:isDeletionAllowed(187)) - Close Container log Index 6 is not replicated across allthe servers in the pipeline 57ddd59c-82e7-4c8a-99fd-7886daa09d7b as the min replicated index is 4. Deletion is not allowed in this container yet.
2019-10-21 21:51:59,381 [BlockDeletingService#2] WARN  background.BlockDeletingService (BlockDeletingService.java:isDeletionAllowed(187)) - Close Container log Index 6 is not replicated across allthe servers in the pipeline 57ddd59c-82e7-4c8a-99fd-7886daa09d7b as the min replicated index is 4. Deletion is not allowed in this container yet.
2019-10-21 21:51:59,469 [EventQueue-ContainerReportForContainerReportHandler] WARN  container.ContainerReportHandler (AbstractContainerReportHandler.java:updateContainerState(145)) - Container #1 is in OPEN state, but the datanode 06b05a7f-a473-42c9-9200-88e1a405b515{ip: 192.168.34.8, host: pr-hdds-2310-sp97z-1197097266, networkLocation: /default-rack, certSerialId: null} reports an CLOSED replica.
2019-10-21 21:51:59,669 [EventQueue-ContainerReportForContainerReportHandler] WARN  container.ContainerReportHandler (AbstractContainerReportHandler.java:updateContainerState(145)) - Container #1 is in OPEN state, but the datanode 0794a7c8-829f-468b-b883-2035423e3fbd{ip: 192.168.34.8, host: pr-hdds-2310-sp97z-1197097266, networkLocation: /default-rack, certSerialId: null} reports an CLOSED replica.
2019-10-21 21:51:59,870 [EventQueue-ContainerReportForContainerReportHandler] WARN  container.ContainerReportHandler (AbstractContainerReportHandler.java:updateContainerState(145)) - Container #1 is in OPEN state, but the datanode 06b05a7f-a473-42c9-9200-88e1a405b515{ip: 192.168.34.8, host: pr-hdds-2310-sp97z-1197097266, networkLocation: /default-rack, certSerialId: null} reports an CLOSED replica.
2019-10-21 21:51:59,969 [EventQueue-ContainerReportForContainerReportHandler] WARN  container.ContainerReportHandler (AbstractContainerReportHandler.java:updateContainerState(145)) - Container #1 is in OPEN state, but the datanode 0794a7c8-829f-468b-b883-2035423e3fbd{ip: 192.168.34.8, host: pr-hdds-2310-sp97z-1197097266, networkLocation: /default-rack, certSerialId: null} reports an CLOSED replica.
2019-10-21 21:52:00,271 [EventQueue-ContainerReportForContainerReportHandler] WARN  container.ContainerReportHandler (AbstractContainerReportHandler.java:updateContainerState(145)) - Container #1 is in OPEN state, but the datanode 06b05a7f-a473-42c9-9200-88e1a405b515{ip: 192.168.34.8, host: pr-hdds-2310-sp97z-1197097266, networkLocation: /default-rack, certSerialId: null} reports an CLOSED replica.
2019-10-21 21:52:00,371 [EventQueue-ContainerReportForContainerReportHandler] WARN  container.ContainerReportHandler (AbstractContainerReportHandler.java:updateContainerState(145)) - Container #1 is in OPEN state, but the datanode 0794a7c8-829f-468b-b883-2035423e3fbd{ip: 192.168.34.8, host: pr-hdds-2310-sp97z-1197097266, networkLocation: /default-rack, certSerialId: null} reports an CLOSED replica.
2019-10-21 21:52:00,383 [BlockDeletingService#2] WARN  background.BlockDeletingService (BlockDeletingService.java:isDeletionAllowed(187)) - Close Container log Index 6 is not replicated across allthe servers in the pipeline 57ddd59c-82e7-4c8a-99fd-7886daa09d7b as the min replicated index is 4. Deletion is not allowed in this container yet.
2019-10-21 21:52:00,383 [BlockDeletingService#2] WARN  background.BlockDeletingService (BlockDeletingService.java:isDeletionAllowed(187)) - Close Container log Index 6 is not replicated across allthe servers in the pipeline 57ddd59c-82e7-4c8a-99fd-7886daa09d7b as the min replicated index is 4. Deletion is not allowed in this container yet.
2019-10-21 21:52:00,471 [EventQueue-ContainerReportForContainerReportHandler] WARN  container.ContainerReportHandler (AbstractContainerReportHandler.java:updateContainerState(145)) - Container #1 is in OPEN state, but the datanode 06b05a7f-a473-42c9-9200-88e1a405b515{ip: 192.168.34.8, host: pr-hdds-2310-sp97z-1197097266, networkLocation: /default-rack, certSerialId: null} reports an CLOSED replica.
2019-10-21 21:52:00,672 [EventQueue-ContainerReportForContainerReportHandler] WARN  container.ContainerReportHandler (AbstractContainerReportHandler.java:updateContainerState(145)) - Container #1 is in OPEN state, but the datanode 0794a7c8-829f-468b-b883-2035423e3fbd{ip: 192.168.34.8, host: pr-hdds-2310-sp97z-1197097266, networkLocation: /default-rack, certSerialId: null} reports an CLOSED replica.
2019-10-21 21:52:00,771 [EventQueue-ContainerReportForContainerReportHandler] WARN  container.ContainerReportHandler (AbstractContainerReportHandler.java:updateContainerState(145)) - Container #1 is in OPEN state, but the datanode 06b05a7f-a473-42c9-9200-88e1a405b515{ip: 192.168.34.8, host: pr-hdds-2310-sp97z-1197097266, networkLocation: /default-rack, certSerialId: null} reports an CLOSED replica.
2019-10-21 21:52:00,872 [EventQueue-ContainerReportForContainerReportHandler] WARN  container.ContainerReportHandler (AbstractContainerReportHandler.java:updateContainerState(145)) - Container #1 is in OPEN state, but the datanode 0794a7c8-829f-468b-b883-2035423e3fbd{ip: 192.168.34.8, host: pr-hdds-2310-sp97z-1197097266, networkLocation: /default-rack, certSerialId: null} reports an CLOSED replica.
2019-10-21 21:52:01,071 [EventQueue-ContainerReportForContainerReportHandler] WARN  container.ContainerReportHandler (AbstractContainerReportHandler.java:updateContainerState(145)) - Container #1 is in OPEN state, but the datanode 06b05a7f-a473-42c9-9200-88e1a405b515{ip: 192.168.34.8, host: pr-hdds-2310-sp97z-1197097266, networkLocation: /default-rack, certSerialId: null} reports an CLOSED replica.
2019-10-21 21:52:01,174 [EventQueue-ContainerReportForContainerReportHandler] WARN  container.ContainerReportHandler (AbstractContainerReportHandler.java:updateContainerState(145)) - Container #1 is in OPEN state, but the datanode 0794a7c8-829f-468b-b883-2035423e3fbd{ip: 192.168.34.8, host: pr-hdds-2310-sp97z-1197097266, networkLocation: /default-rack, certSerialId: null} reports an CLOSED replica.
2019-10-21 21:52:01,384 [BlockDeletingService#2] WARN  background.BlockDeletingService (BlockDeletingService.java:isDeletionAllowed(187)) - Close Container log Index 6 is not replicated across allthe servers in the pipeline 57ddd59c-82e7-4c8a-99fd-7886daa09d7b as the min replicated index is 4. Deletion is not allowed in this container yet.
2019-10-21 21:52:01,384 [BlockDeletingService#2] WARN  background.BlockDeletingService (BlockDeletingService.java:isDeletionAllowed(187)) - Close Container log Index 6 is not replicated across allthe servers in the pipeline 57ddd59c-82e7-4c8a-99fd-7886daa09d7b as the min replicated index is 4. Deletion is not allowed in this container yet.
2019-10-21 21:52:01,471 [EventQueue-ContainerReportForContainerReportHandler] WARN  container.ContainerReportHandler (AbstractContainerReportHandler.java:updateContainerState(145)) - Container #1 is in OPEN state, but the datanode 06b05a7f-a473-42c9-9200-88e1a405b515{ip: 192.168.34.8, host: pr-hdds-2310-sp97z-1197097266, networkLocation: /default-rack, certSerialId: null} reports an CLOSED replica.
2019-10-21 21:52:01,573 [EventQueue-ContainerReportForContainerReportHandler] WARN  container.ContainerReportHandler (AbstractContainerReportHandler.java:updateContainerState(145)) - Container #1 is in OPEN state, but the datanode 0794a7c8-829f-468b-b883-2035423e3fbd{ip: 192.168.34.8, host: pr-hdds-2310-sp97z-1197097266, networkLocation: /default-rack, certSerialId: null} reports an CLOSED replica.
2019-10-21 21:52:01,672 [EventQueue-ContainerReportForContainerReportHandler] WARN  container.ContainerReportHandler (AbstractContainerReportHandler.java:updateContainerState(145)) - Container #1 is in OPEN state, but the datanode 06b05a7f-a473-42c9-9200-88e1a405b515{ip: 192.168.34.8, host: pr-hdds-2310-sp97z-1197097266, networkLocation: /default-rack, certSerialId: null} reports an CLOSED replica.
2019-10-21 21:52:01,703 [java.util.concurrent.ThreadPoolExecutor$Worker@69885592[State = -1, empty queue]] WARN  server.GrpcLogAppender (GrpcLogAppender.java:timeoutAppendRequest(209)) - 0794a7c8-829f-468b-b883-2035423e3fbd@group-7886DAA09D7B->e5ffd24e-bf4a-4ea8-9998-5222e19566cd-GrpcLogAppender: appendEntries Timeout, request=0794a7c8-829f-468b-b883-2035423e3fbd->e5ffd24e-bf4a-4ea8-9998-5222e19566cd#30-t1, previous=(t:1, i:10), leaderCommit=10, initializing? false, entries: <empty>
2019-10-21 21:52:01,874 [EventQueue-ContainerReportForContainerReportHandler] WARN  container.ContainerReportHandler (AbstractContainerReportHandler.java:updateContainerState(145)) - Container #1 is in OPEN state, but the datanode 0794a7c8-829f-468b-b883-2035423e3fbd{ip: 192.168.34.8, host: pr-hdds-2310-sp97z-1197097266, networkLocation: /default-rack, certSerialId: null} reports an CLOSED replica.
2019-10-21 21:52:01,972 [EventQueue-ContainerReportForContainerReportHandler] WARN  container.ContainerReportHandler (AbstractContainerReportHandler.java:updateContainerState(145)) - Container #1 is in OPEN state, but the datanode 06b05a7f-a473-42c9-9200-88e1a405b515{ip: 192.168.34.8, host: pr-hdds-2310-sp97z-1197097266, networkLocation: /default-rack, certSerialId: null} reports an CLOSED replica.
2019-10-21 21:52:02,074 [EventQueue-ContainerReportForContainerReportHandler] WARN  container.ContainerReportHandler (AbstractContainerReportHandler.java:updateContainerState(145)) - Container #1 is in OPEN state, but the datanode 0794a7c8-829f-468b-b883-2035423e3fbd{ip: 192.168.34.8, host: pr-hdds-2310-sp97z-1197097266, networkLocation: /default-rack, certSerialId: null} reports an CLOSED replica.
2019-10-21 21:52:02,272 [EventQueue-ContainerReportForContainerReportHandler] WARN  container.ContainerReportHandler (AbstractContainerReportHandler.java:updateContainerState(145)) - Container #1 is in OPEN state, but the datanode 06b05a7f-a473-42c9-9200-88e1a405b515{ip: 192.168.34.8, host: pr-hdds-2310-sp97z-1197097266, networkLocation: /default-rack, certSerialId: null} reports an CLOSED replica.
2019-10-21 21:52:02,373 [EventQueue-ContainerReportForContainerReportHandler] WARN  container.ContainerReportHandler (AbstractContainerReportHandler.java:updateContainerState(145)) - Container #1 is in OPEN state, but the datanode 0794a7c8-829f-468b-b883-2035423e3fbd{ip: 192.168.34.8, host: pr-hdds-2310-sp97z-1197097266, networkLocation: /default-rack, certSerialId: null} reports an CLOSED replica.
2019-10-21 21:52:02,386 [BlockDeletingService#2] WARN  background.BlockDeletingService (BlockDeletingService.java:isDeletionAllowed(187)) - Close Container log Index 6 is not replicated across allthe servers in the pipeline 57ddd59c-82e7-4c8a-99fd-7886daa09d7b as the min replicated index is 4. Deletion is not allowed in this container yet.
2019-10-21 21:52:02,386 [BlockDeletingService#2] WARN  background.BlockDeletingService (BlockDeletingService.java:isDeletionAllowed(187)) - Close Container log Index 6 is not replicated across allthe servers in the pipeline 57ddd59c-82e7-4c8a-99fd-7886daa09d7b as the min replicated index is 4. Deletion is not allowed in this container yet.
2019-10-21 21:52:02,572 [EventQueue-ContainerReportForContainerReportHandler] WARN  container.ContainerReportHandler (AbstractContainerReportHandler.java:updateContainerState(145)) - Container #1 is in OPEN state, but the datanode 06b05a7f-a473-42c9-9200-88e1a405b515{ip: 192.168.34.8, host: pr-hdds-2310-sp97z-1197097266, networkLocation: /default-rack, certSerialId: null} reports an CLOSED replica.
2019-10-21 21:52:02,573 [EventQueue-ContainerReportForContainerReportHandler] WARN  container.ContainerReportHandler (AbstractContainerReportHandler.java:updateContainerState(145)) - Container #1 is in OPEN state, but the datanode 0794a7c8-829f-468b-b883-2035423e3fbd{ip: 192.168.34.8, host: pr-hdds-2310-sp97z-1197097266, networkLocation: /default-rack, certSerialId: null} reports an CLOSED replica.
2019-10-21 21:52:02,873 [EventQueue-ContainerReportForContainerReportHandler] WARN  container.ContainerReportHandler (AbstractContainerReportHandler.java:updateContainerState(145)) - Container #1 is in OPEN state, but the datanode 06b05a7f-a473-42c9-9200-88e1a405b515{ip: 192.168.34.8, host: pr-hdds-2310-sp97z-1197097266, networkLocation: /default-rack, certSerialId: null} reports an CLOSED replica.
2019-10-21 21:52:02,874 [EventQueue-ContainerReportForContainerReportHandler] WARN  container.ContainerReportHandler (AbstractContainerReportHandler.java:updateContainerState(145)) - Container #1 is in OPEN state, but the datanode 0794a7c8-829f-468b-b883-2035423e3fbd{ip: 192.168.34.8, host: pr-hdds-2310-sp97z-1197097266, networkLocation: /default-rack, certSerialId: null} reports an CLOSED replica.
2019-10-21 21:52:03,176 [EventQueue-ContainerReportForContainerReportHandler] WARN  container.ContainerReportHandler (AbstractContainerReportHandler.java:updateContainerState(145)) - Container #1 is in OPEN state, but the datanode 0794a7c8-829f-468b-b883-2035423e3fbd{ip: 192.168.34.8, host: pr-hdds-2310-sp97z-1197097266, networkLocation: /default-rack, certSerialId: null} reports an CLOSED replica.
2019-10-21 21:52:03,272 [EventQueue-ContainerReportForContainerReportHandler] WARN  container.ContainerReportHandler (AbstractContainerReportHandler.java:updateContainerState(145)) - Container #1 is in OPEN state, but the datanode 06b05a7f-a473-42c9-9200-88e1a405b515{ip: 192.168.34.8, host: pr-hdds-2310-sp97z-1197097266, networkLocation: /default-rack, certSerialId: null} reports an CLOSED replica.
2019-10-21 21:52:03,388 [BlockDeletingService#2] WARN  background.BlockDeletingService (BlockDeletingService.java:isDeletionAllowed(187)) - Close Container log Index 6 is not replicated across allthe servers in the pipeline 57ddd59c-82e7-4c8a-99fd-7886daa09d7b as the min replicated index is 4. Deletion is not allowed in this container yet.
2019-10-21 21:52:03,388 [BlockDeletingService#2] WARN  background.BlockDeletingService (BlockDeletingService.java:isDeletionAllowed(187)) - Close Container log Index 6 is not replicated across allthe servers in the pipeline 57ddd59c-82e7-4c8a-99fd-7886daa09d7b as the min replicated index is 4. Deletion is not allowed in this container yet.
2019-10-21 21:52:03,573 [EventQueue-ContainerReportForContainerReportHandler] WARN  container.ContainerReportHandler (AbstractContainerReportHandler.java:updateContainerState(145)) - Container #1 is in OPEN state, but the datanode 06b05a7f-a473-42c9-9200-88e1a405b515{ip: 192.168.34.8, host: pr-hdds-2310-sp97z-1197097266, networkLocation: /default-rack, certSerialId: null} reports an CLOSED replica.
2019-10-21 21:52:03,576 [EventQueue-ContainerReportForContainerReportHandler] WARN  container.ContainerReportHandler (AbstractContainerReportHandler.java:updateContainerState(145)) - Container #1 is in OPEN state, but the datanode 0794a7c8-829f-468b-b883-2035423e3fbd{ip: 192.168.34.8, host: pr-hdds-2310-sp97z-1197097266, networkLocation: /default-rack, certSerialId: null} reports an CLOSED replica.
2019-10-21 21:52:03,874 [EventQueue-ContainerReportForContainerReportHandler] WARN  container.ContainerReportHandler (AbstractContainerReportHandler.java:updateContainerState(145)) - Container #1 is in OPEN state, but the datanode 06b05a7f-a473-42c9-9200-88e1a405b515{ip: 192.168.34.8, host: pr-hdds-2310-sp97z-1197097266, networkLocation: /default-rack, certSerialId: null} reports an CLOSED replica.
2019-10-21 21:52:03,876 [EventQueue-ContainerReportForContainerReportHandler] WARN  container.ContainerReportHandler (AbstractContainerReportHandler.java:updateContainerState(145)) - Container #1 is in OPEN state, but the datanode 0794a7c8-829f-468b-b883-2035423e3fbd{ip: 192.168.34.8, host: pr-hdds-2310-sp97z-1197097266, networkLocation: /default-rack, certSerialId: null} reports an CLOSED replica.
2019-10-21 21:52:04,076 [EventQueue-ContainerReportForContainerReportHandler] WARN  container.ContainerReportHandler (AbstractContainerReportHandler.java:updateContainerState(145)) - Container #1 is in OPEN state, but the datanode 0794a7c8-829f-468b-b883-2035423e3fbd{ip: 192.168.34.8, host: pr-hdds-2310-sp97z-1197097266, networkLocation: /default-rack, certSerialId: null} reports an CLOSED replica.
2019-10-21 21:52:04,204 [java.util.concurrent.ThreadPoolExecutor$Worker@69885592[State = -1, empty queue]] WARN  server.GrpcLogAppender (GrpcLogAppender.java:timeoutAppendRequest(209)) - 0794a7c8-829f-468b-b883-2035423e3fbd@group-7886DAA09D7B->e5ffd24e-bf4a-4ea8-9998-5222e19566cd-GrpcLogAppender: appendEntries Timeout, request=0794a7c8-829f-468b-b883-2035423e3fbd->e5ffd24e-bf4a-4ea8-9998-5222e19566cd#31-t1, previous=(t:1, i:10), leaderCommit=10, initializing? false, entries: <empty>
2019-10-21 21:52:04,275 [EventQueue-ContainerReportForContainerReportHandler] WARN  container.ContainerReportHandler (AbstractContainerReportHandler.java:updateContainerState(145)) - Container #1 is in OPEN state, but the datanode 06b05a7f-a473-42c9-9200-88e1a405b515{ip: 192.168.34.8, host: pr-hdds-2310-sp97z-1197097266, networkLocation: /default-rack, certSerialId: null} reports an CLOSED replica.
2019-10-21 21:52:04,291 [Thread-371] INFO  client.GrpcClientProtocolService (GrpcClientProtocolService.java:lambda$processClientRequest$0(278)) - Failed RaftClientRequest:client-5B812E6CE025->06b05a7f-a473-42c9-9200-88e1a405b515@group-7886DAA09D7B, cid=10, seq=0, Watch-ALL_COMMITTED(6), Message:<EMPTY>, reply=RaftClientReply:client-5B812E6CE025->06b05a7f-a473-42c9-9200-88e1a405b515@group-7886DAA09D7B, cid=10, FAILED org.apache.ratis.protocol.NotLeaderException: Server 06b05a7f-a473-42c9-9200-88e1a405b515@group-7886DAA09D7B is not the leader 0794a7c8-829f-468b-b883-2035423e3fbd:192.168.34.8:36706, logIndex=0, commits[06b05a7f-a473-42c9-9200-88e1a405b515:c10, e5ffd24e-bf4a-4ea8-9998-5222e19566cd:c4, 0794a7c8-829f-468b-b883-2035423e3fbd:c10]
2019-10-21 21:52:04,389 [BlockDeletingService#2] WARN  background.BlockDeletingService (BlockDeletingService.java:isDeletionAllowed(187)) - Close Container log Index 6 is not replicated across allthe servers in the pipeline 57ddd59c-82e7-4c8a-99fd-7886daa09d7b as the min replicated index is 4. Deletion is not allowed in this container yet.
2019-10-21 21:52:04,389 [BlockDeletingService#2] WARN  background.BlockDeletingService (BlockDeletingService.java:isDeletionAllowed(187)) - Close Container log Index 6 is not replicated across allthe servers in the pipeline 57ddd59c-82e7-4c8a-99fd-7886daa09d7b as the min replicated index is 4. Deletion is not allowed in this container yet.
2019-10-21 21:52:04,476 [EventQueue-ContainerReportForContainerReportHandler] WARN  container.ContainerReportHandler (AbstractContainerReportHandler.java:updateContainerState(145)) - Container #1 is in OPEN state, but the datanode 0794a7c8-829f-468b-b883-2035423e3fbd{ip: 192.168.34.8, host: pr-hdds-2310-sp97z-1197097266, networkLocation: /default-rack, certSerialId: null} reports an CLOSED replica.
2019-10-21 21:52:04,576 [EventQueue-ContainerReportForContainerReportHandler] WARN  container.ContainerReportHandler (AbstractContainerReportHandler.java:updateContainerState(145)) - Container #1 is in OPEN state, but the datanode 06b05a7f-a473-42c9-9200-88e1a405b515{ip: 192.168.34.8, host: pr-hdds-2310-sp97z-1197097266, networkLocation: /default-rack, certSerialId: null} reports an CLOSED replica.
2019-10-21 21:52:04,676 [EventQueue-ContainerReportForContainerReportHandler] WARN  container.ContainerReportHandler (AbstractContainerReportHandler.java:updateContainerState(145)) - Container #1 is in OPEN state, but the datanode 0794a7c8-829f-468b-b883-2035423e3fbd{ip: 192.168.34.8, host: pr-hdds-2310-sp97z-1197097266, networkLocation: /default-rack, certSerialId: null} reports an CLOSED replica.
2019-10-21 21:52:04,755 [Thread-376] INFO  client.GrpcClientProtocolService (GrpcClientProtocolService.java:lambda$processClientRequest$0(278)) - Failed RaftClientRequest:client-5B812E6CE025->0794a7c8-829f-468b-b883-2035423e3fbd@group-7886DAA09D7B, cid=10, seq=0, Watch-ALL_COMMITTED(6), Message:<EMPTY>, reply=RaftClientReply:client-5B812E6CE025->0794a7c8-829f-468b-b883-2035423e3fbd@group-7886DAA09D7B, cid=10, FAILED org.apache.ratis.protocol.NotReplicatedException: Request with call Id 10 and log index 6 is not yet replicated to ALL_COMMITTED, logIndex=6, commits[0794a7c8-829f-468b-b883-2035423e3fbd:c10, e5ffd24e-bf4a-4ea8-9998-5222e19566cd:c4, 06b05a7f-a473-42c9-9200-88e1a405b515:c10]
2019-10-21 21:52:04,876 [EventQueue-ContainerReportForContainerReportHandler] WARN  container.ContainerReportHandler (AbstractContainerReportHandler.java:updateContainerState(145)) - Container #1 is in OPEN state, but the datanode 06b05a7f-a473-42c9-9200-88e1a405b515{ip: 192.168.34.8, host: pr-hdds-2310-sp97z-1197097266, networkLocation: /default-rack, certSerialId: null} reports an CLOSED replica.
2019-10-21 21:52:04,976 [EventQueue-ContainerReportForContainerReportHandler] WARN  container.ContainerReportHandler (AbstractContainerReportHandler.java:updateContainerState(145)) - Container #1 is in OPEN state, but the datanode 0794a7c8-829f-468b-b883-2035423e3fbd{ip: 192.168.34.8, host: pr-hdds-2310-sp97z-1197097266, networkLocation: /default-rack, certSerialId: null} reports an CLOSED replica.
2019-10-21 21:52:05,176 [EventQueue-ContainerReportForContainerReportHandler] WARN  container.ContainerReportHandler (AbstractContainerReportHandler.java:updateContainerState(145)) - Container #1 is in OPEN state, but the datanode 06b05a7f-a473-42c9-9200-88e1a405b515{ip: 192.168.34.8, host: pr-hdds-2310-sp97z-1197097266, networkLocation: /default-rack, certSerialId: null} reports an CLOSED replica.
2019-10-21 21:52:05,276 [EventQueue-ContainerReportForContainerReportHandler] WARN  container.ContainerReportHandler (AbstractContainerReportHandler.java:updateContainerState(145)) - Container #1 is in OPEN state, but the datanode 0794a7c8-829f-468b-b883-2035423e3fbd{ip: 192.168.34.8, host: pr-hdds-2310-sp97z-1197097266, networkLocation: /default-rack, certSerialId: null} reports an CLOSED replica.
2019-10-21 21:52:05,391 [BlockDeletingService#2] WARN  background.BlockDeletingService (BlockDeletingService.java:isDeletionAllowed(187)) - Close Container log Index 6 is not replicated across allthe servers in the pipeline 57ddd59c-82e7-4c8a-99fd-7886daa09d7b as the min replicated index is 4. Deletion is not allowed in this container yet.
2019-10-21 21:52:05,393 [BlockDeletingService#2] WARN  background.BlockDeletingService (BlockDeletingService.java:isDeletionAllowed(187)) - Close Container log Index 6 is not replicated across allthe servers in the pipeline 57ddd59c-82e7-4c8a-99fd-7886daa09d7b as the min replicated index is 4. Deletion is not allowed in this container yet.
2019-10-21 21:52:05,476 [EventQueue-ContainerReportForContainerReportHandler] WARN  container.ContainerReportHandler (AbstractContainerReportHandler.java:updateContainerState(145)) - Container #1 is in OPEN state, but the datanode 06b05a7f-a473-42c9-9200-88e1a405b515{ip: 192.168.34.8, host: pr-hdds-2310-sp97z-1197097266, networkLocation: /default-rack, certSerialId: null} reports an CLOSED replica.
2019-10-21 21:52:05,576 [EventQueue-ContainerReportForContainerReportHandler] WARN  container.ContainerReportHandler (AbstractContainerReportHandler.java:updateContainerState(145)) - Container #1 is in OPEN state, but the datanode 0794a7c8-829f-468b-b883-2035423e3fbd{ip: 192.168.34.8, host: pr-hdds-2310-sp97z-1197097266, networkLocation: /default-rack, certSerialId: null} reports an CLOSED replica.
2019-10-21 21:52:05,676 [EventQueue-ContainerReportForContainerReportHandler] WARN  container.ContainerReportHandler (AbstractContainerReportHandler.java:updateContainerState(145)) - Container #1 is in OPEN state, but the datanode 06b05a7f-a473-42c9-9200-88e1a405b515{ip: 192.168.34.8, host: pr-hdds-2310-sp97z-1197097266, networkLocation: /default-rack, certSerialId: null} reports an CLOSED replica.
2019-10-21 21:52:05,977 [EventQueue-ContainerReportForContainerReportHandler] WARN  container.ContainerReportHandler (AbstractContainerReportHandler.java:updateContainerState(145)) - Container #1 is in OPEN state, but the datanode 0794a7c8-829f-468b-b883-2035423e3fbd{ip: 192.168.34.8, host: pr-hdds-2310-sp97z-1197097266, networkLocation: /default-rack, certSerialId: null} reports an CLOSED replica.
2019-10-21 21:52:06,077 [EventQueue-ContainerReportForContainerReportHandler] WARN  container.ContainerReportHandler (AbstractContainerReportHandler.java:updateContainerState(145)) - Container #1 is in OPEN state, but the datanode 06b05a7f-a473-42c9-9200-88e1a405b515{ip: 192.168.34.8, host: pr-hdds-2310-sp97z-1197097266, networkLocation: /default-rack, certSerialId: null} reports an CLOSED replica.
2019-10-21 21:52:06,176 [EventQueue-ContainerReportForContainerReportHandler] WARN  container.ContainerReportHandler (AbstractContainerReportHandler.java:updateContainerState(145)) - Container #1 is in OPEN state, but the datanode 0794a7c8-829f-468b-b883-2035423e3fbd{ip: 192.168.34.8, host: pr-hdds-2310-sp97z-1197097266, networkLocation: /default-rack, certSerialId: null} reports an CLOSED replica.
2019-10-21 21:52:06,377 [EventQueue-ContainerReportForContainerReportHandler] WARN  container.ContainerReportHandler (AbstractContainerReportHandler.java:updateContainerState(145)) - Container #1 is in OPEN state, but the datanode 0794a7c8-829f-468b-b883-2035423e3fbd{ip: 192.168.34.8, host: pr-hdds-2310-sp97z-1197097266, networkLocation: /default-rack, certSerialId: null} reports an CLOSED replica.
2019-10-21 21:52:06,377 [EventQueue-ContainerReportForContainerReportHandler] WARN  container.ContainerReportHandler (AbstractContainerReportHandler.java:updateContainerState(145)) - Container #1 is in OPEN state, but the datanode 06b05a7f-a473-42c9-9200-88e1a405b515{ip: 192.168.34.8, host: pr-hdds-2310-sp97z-1197097266, networkLocation: /default-rack, certSerialId: null} reports an CLOSED replica.
2019-10-21 21:52:06,397 [BlockDeletingService#2] WARN  background.BlockDeletingService (BlockDeletingService.java:isDeletionAllowed(187)) - Close Container log Index 6 is not replicated across allthe servers in the pipeline 57ddd59c-82e7-4c8a-99fd-7886daa09d7b as the min replicated index is 4. Deletion is not allowed in this container yet.
2019-10-21 21:52:06,397 [BlockDeletingService#2] WARN  background.BlockDeletingService (BlockDeletingService.java:isDeletionAllowed(187)) - Close Container log Index 6 is not replicated across allthe servers in the pipeline 57ddd59c-82e7-4c8a-99fd-7886daa09d7b as the min replicated index is 4. Deletion is not allowed in this container yet.
2019-10-21 21:52:06,577 [EventQueue-ContainerReportForContainerReportHandler] WARN  container.ContainerReportHandler (AbstractContainerReportHandler.java:updateContainerState(145)) - Container #1 is in OPEN state, but the datanode 0794a7c8-829f-468b-b883-2035423e3fbd{ip: 192.168.34.8, host: pr-hdds-2310-sp97z-1197097266, networkLocation: /default-rack, certSerialId: null} reports an CLOSED replica.
2019-10-21 21:52:06,677 [EventQueue-ContainerReportForContainerReportHandler] WARN  container.ContainerReportHandler (AbstractContainerReportHandler.java:updateContainerState(145)) - Container #1 is in OPEN state, but the datanode 06b05a7f-a473-42c9-9200-88e1a405b515{ip: 192.168.34.8, host: pr-hdds-2310-sp97z-1197097266, networkLocation: /default-rack, certSerialId: null} reports an CLOSED replica.
2019-10-21 21:52:06,705 [java.util.concurrent.ThreadPoolExecutor$Worker@69885592[State = -1, empty queue]] WARN  server.GrpcLogAppender (GrpcLogAppender.java:timeoutAppendRequest(209)) - 0794a7c8-829f-468b-b883-2035423e3fbd@group-7886DAA09D7B->e5ffd24e-bf4a-4ea8-9998-5222e19566cd-GrpcLogAppender: appendEntries Timeout, request=0794a7c8-829f-468b-b883-2035423e3fbd->e5ffd24e-bf4a-4ea8-9998-5222e19566cd#32-t1, previous=(t:1, i:10), leaderCommit=10, initializing? false, entries: <empty>
2019-10-21 21:52:06,977 [EventQueue-ContainerReportForContainerReportHandler] WARN  container.ContainerReportHandler (AbstractContainerReportHandler.java:updateContainerState(145)) - Container #1 is in OPEN state, but the datanode 06b05a7f-a473-42c9-9200-88e1a405b515{ip: 192.168.34.8, host: pr-hdds-2310-sp97z-1197097266, networkLocation: /default-rack, certSerialId: null} reports an CLOSED replica.
2019-10-21 21:52:06,978 [EventQueue-ContainerReportForContainerReportHandler] WARN  container.ContainerReportHandler (AbstractContainerReportHandler.java:updateContainerState(145)) - Container #1 is in OPEN state, but the datanode 0794a7c8-829f-468b-b883-2035423e3fbd{ip: 192.168.34.8, host: pr-hdds-2310-sp97z-1197097266, networkLocation: /default-rack, certSerialId: null} reports an CLOSED replica.
2019-10-21 21:52:07,178 [EventQueue-ContainerReportForContainerReportHandler] WARN  container.ContainerReportHandler (AbstractContainerReportHandler.java:updateContainerState(145)) - Container #1 is in OPEN state, but the datanode 06b05a7f-a473-42c9-9200-88e1a405b515{ip: 192.168.34.8, host: pr-hdds-2310-sp97z-1197097266, networkLocation: /default-rack, certSerialId: null} reports an CLOSED replica.
2019-10-21 21:52:07,378 [EventQueue-ContainerReportForContainerReportHandler] WARN  container.ContainerReportHandler (AbstractContainerReportHandler.java:updateContainerState(145)) - Container #1 is in OPEN state, but the datanode 0794a7c8-829f-468b-b883-2035423e3fbd{ip: 192.168.34.8, host: pr-hdds-2310-sp97z-1197097266, networkLocation: /default-rack, certSerialId: null} reports an CLOSED replica.
2019-10-21 21:52:07,399 [BlockDeletingService#2] WARN  background.BlockDeletingService (BlockDeletingService.java:isDeletionAllowed(187)) - Close Container log Index 6 is not replicated across allthe servers in the pipeline 57ddd59c-82e7-4c8a-99fd-7886daa09d7b as the min replicated index is 4. Deletion is not allowed in this container yet.
2019-10-21 21:52:07,399 [BlockDeletingService#2] WARN  background.BlockDeletingService (BlockDeletingService.java:isDeletionAllowed(187)) - Close Container log Index 6 is not replicated across allthe servers in the pipeline 57ddd59c-82e7-4c8a-99fd-7886daa09d7b as the min replicated index is 4. Deletion is not allowed in this container yet.
2019-10-21 21:52:07,478 [EventQueue-ContainerReportForContainerReportHandler] WARN  container.ContainerReportHandler (AbstractContainerReportHandler.java:updateContainerState(145)) - Container #1 is in OPEN state, but the datanode 06b05a7f-a473-42c9-9200-88e1a405b515{ip: 192.168.34.8, host: pr-hdds-2310-sp97z-1197097266, networkLocation: /default-rack, certSerialId: null} reports an CLOSED replica.
2019-10-21 21:52:07,678 [EventQueue-ContainerReportForContainerReportHandler] WARN  container.ContainerReportHandler (AbstractContainerReportHandler.java:updateContainerState(145)) - Container #1 is in OPEN state, but the datanode 0794a7c8-829f-468b-b883-2035423e3fbd{ip: 192.168.34.8, host: pr-hdds-2310-sp97z-1197097266, networkLocation: /default-rack, certSerialId: null} reports an CLOSED replica.
2019-10-21 21:52:07,778 [EventQueue-ContainerReportForContainerReportHandler] WARN  container.ContainerReportHandler (AbstractContainerReportHandler.java:updateContainerState(145)) - Container #1 is in OPEN state, but the datanode 06b05a7f-a473-42c9-9200-88e1a405b515{ip: 192.168.34.8, host: pr-hdds-2310-sp97z-1197097266, networkLocation: /default-rack, certSerialId: null} reports an CLOSED replica.
2019-10-21 21:52:07,979 [EventQueue-ContainerReportForContainerReportHandler] WARN  container.ContainerReportHandler (AbstractContainerReportHandler.java:updateContainerState(145)) - Container #1 is in OPEN state, but the datanode 0794a7c8-829f-468b-b883-2035423e3fbd{ip: 192.168.34.8, host: pr-hdds-2310-sp97z-1197097266, networkLocation: /default-rack, certSerialId: null} reports an CLOSED replica.
2019-10-21 21:52:08,078 [EventQueue-ContainerReportForContainerReportHandler] WARN  container.ContainerReportHandler (AbstractContainerReportHandler.java:updateContainerState(145)) - Container #1 is in OPEN state, but the datanode 06b05a7f-a473-42c9-9200-88e1a405b515{ip: 192.168.34.8, host: pr-hdds-2310-sp97z-1197097266, networkLocation: /default-rack, certSerialId: null} reports an CLOSED replica.
2019-10-21 21:52:08,279 [EventQueue-ContainerReportForContainerReportHandler] WARN  container.ContainerReportHandler (AbstractContainerReportHandler.java:updateContainerState(145)) - Container #1 is in OPEN state, but the datanode 06b05a7f-a473-42c9-9200-88e1a405b515{ip: 192.168.34.8, host: pr-hdds-2310-sp97z-1197097266, networkLocation: /default-rack, certSerialId: null} reports an CLOSED replica.
2019-10-21 21:52:08,378 [EventQueue-ContainerReportForContainerReportHandler] WARN  container.ContainerReportHandler (AbstractContainerReportHandler.java:updateContainerState(145)) - Container #1 is in OPEN state, but the datanode 0794a7c8-829f-468b-b883-2035423e3fbd{ip: 192.168.34.8, host: pr-hdds-2310-sp97z-1197097266, networkLocation: /default-rack, certSerialId: null} reports an CLOSED replica.
2019-10-21 21:52:08,402 [BlockDeletingService#2] WARN  background.BlockDeletingService (BlockDeletingService.java:isDeletionAllowed(187)) - Close Container log Index 6 is not replicated across allthe servers in the pipeline 57ddd59c-82e7-4c8a-99fd-7886daa09d7b as the min replicated index is 4. Deletion is not allowed in this container yet.
2019-10-21 21:52:08,402 [BlockDeletingService#2] WARN  background.BlockDeletingService (BlockDeletingService.java:isDeletionAllowed(187)) - Close Container log Index 6 is not replicated across allthe servers in the pipeline 57ddd59c-82e7-4c8a-99fd-7886daa09d7b as the min replicated index is 4. Deletion is not allowed in this container yet.
2019-10-21 21:52:08,579 [EventQueue-ContainerReportForContainerReportHandler] WARN  container.ContainerReportHandler (AbstractContainerReportHandler.java:updateContainerState(145)) - Container #1 is in OPEN state, but the datanode 06b05a7f-a473-42c9-9200-88e1a405b515{ip: 192.168.34.8, host: pr-hdds-2310-sp97z-1197097266, networkLocation: /default-rack, certSerialId: null} reports an CLOSED replica.
2019-10-21 21:52:08,678 [EventQueue-ContainerReportForContainerReportHandler] WARN  container.ContainerReportHandler (AbstractContainerReportHandler.java:updateContainerState(145)) - Container #1 is in OPEN state, but the datanode 0794a7c8-829f-468b-b883-2035423e3fbd{ip: 192.168.34.8, host: pr-hdds-2310-sp97z-1197097266, networkLocation: /default-rack, certSerialId: null} reports an CLOSED replica.
2019-10-21 21:52:08,880 [EventQueue-ContainerReportForContainerReportHandler] WARN  container.ContainerReportHandler (AbstractContainerReportHandler.java:updateContainerState(145)) - Container #1 is in OPEN state, but the datanode 06b05a7f-a473-42c9-9200-88e1a405b515{ip: 192.168.34.8, host: pr-hdds-2310-sp97z-1197097266, networkLocation: /default-rack, certSerialId: null} reports an CLOSED replica.
2019-10-21 21:52:08,979 [EventQueue-ContainerReportForContainerReportHandler] WARN  container.ContainerReportHandler (AbstractContainerReportHandler.java:updateContainerState(145)) - Container #1 is in OPEN state, but the datanode 0794a7c8-829f-468b-b883-2035423e3fbd{ip: 192.168.34.8, host: pr-hdds-2310-sp97z-1197097266, networkLocation: /default-rack, certSerialId: null} reports an CLOSED replica.
2019-10-21 21:52:09,080 [EventQueue-ContainerReportForContainerReportHandler] WARN  container.ContainerReportHandler (AbstractContainerReportHandler.java:updateContainerState(145)) - Container #1 is in OPEN state, but the datanode 06b05a7f-a473-42c9-9200-88e1a405b515{ip: 192.168.34.8, host: pr-hdds-2310-sp97z-1197097266, networkLocation: /default-rack, certSerialId: null} reports an CLOSED replica.
2019-10-21 21:52:09,206 [java.util.concurrent.ThreadPoolExecutor$Worker@69885592[State = -1, empty queue]] WARN  server.GrpcLogAppender (GrpcLogAppender.java:timeoutAppendRequest(209)) - 0794a7c8-829f-468b-b883-2035423e3fbd@group-7886DAA09D7B->e5ffd24e-bf4a-4ea8-9998-5222e19566cd-GrpcLogAppender: appendEntries Timeout, request=0794a7c8-829f-468b-b883-2035423e3fbd->e5ffd24e-bf4a-4ea8-9998-5222e19566cd#33-t1, previous=(t:1, i:10), leaderCommit=10, initializing? false, entries: <empty>
2019-10-21 21:52:09,380 [EventQueue-ContainerReportForContainerReportHandler] WARN  container.ContainerReportHandler (AbstractContainerReportHandler.java:updateContainerState(145)) - Container #1 is in OPEN state, but the datanode 06b05a7f-a473-42c9-9200-88e1a405b515{ip: 192.168.34.8, host: pr-hdds-2310-sp97z-1197097266, networkLocation: /default-rack, certSerialId: null} reports an CLOSED replica.
2019-10-21 21:52:09,381 [EventQueue-ContainerReportForContainerReportHandler] WARN  container.ContainerReportHandler (AbstractContainerReportHandler.java:updateContainerState(145)) - Container #1 is in OPEN state, but the datanode 0794a7c8-829f-468b-b883-2035423e3fbd{ip: 192.168.34.8, host: pr-hdds-2310-sp97z-1197097266, networkLocation: /default-rack, certSerialId: null} reports an CLOSED replica.
2019-10-21 21:52:09,404 [BlockDeletingService#2] WARN  background.BlockDeletingService (BlockDeletingService.java:isDeletionAllowed(187)) - Close Container log Index 6 is not replicated across allthe servers in the pipeline 57ddd59c-82e7-4c8a-99fd-7886daa09d7b as the min replicated index is 4. Deletion is not allowed in this container yet.
2019-10-21 21:52:09,404 [BlockDeletingService#2] WARN  background.BlockDeletingService (BlockDeletingService.java:isDeletionAllowed(187)) - Close Container log Index 6 is not replicated across allthe servers in the pipeline 57ddd59c-82e7-4c8a-99fd-7886daa09d7b as the min replicated index is 4. Deletion is not allowed in this container yet.
2019-10-21 21:52:09,680 [EventQueue-ContainerReportForContainerReportHandler] WARN  container.ContainerReportHandler (AbstractContainerReportHandler.java:updateContainerState(145)) - Container #1 is in OPEN state, but the datanode 06b05a7f-a473-42c9-9200-88e1a405b515{ip: 192.168.34.8, host: pr-hdds-2310-sp97z-1197097266, networkLocation: /default-rack, certSerialId: null} reports an CLOSED replica.
2019-10-21 21:52:09,780 [EventQueue-ContainerReportForContainerReportHandler] WARN  container.ContainerReportHandler (AbstractContainerReportHandler.java:updateContainerState(145)) - Container #1 is in OPEN state, but the datanode 0794a7c8-829f-468b-b883-2035423e3fbd{ip: 192.168.34.8, host: pr-hdds-2310-sp97z-1197097266, networkLocation: /default-rack, certSerialId: null} reports an CLOSED replica.
2019-10-21 21:52:09,981 [EventQueue-ContainerReportForContainerReportHandler] WARN  container.ContainerReportHandler (AbstractContainerReportHandler.java:updateContainerState(145)) - Container #1 is in OPEN state, but the datanode 06b05a7f-a473-42c9-9200-88e1a405b515{ip: 192.168.34.8, host: pr-hdds-2310-sp97z-1197097266, networkLocation: /default-rack, certSerialId: null} reports an CLOSED replica.
2019-10-21 21:52:10,079 [EventQueue-ContainerReportForContainerReportHandler] WARN  container.ContainerReportHandler (AbstractContainerReportHandler.java:updateContainerState(145)) - Container #1 is in OPEN state, but the datanode 0794a7c8-829f-468b-b883-2035423e3fbd{ip: 192.168.34.8, host: pr-hdds-2310-sp97z-1197097266, networkLocation: /default-rack, certSerialId: null} reports an CLOSED replica.
2019-10-21 21:52:10,280 [EventQueue-ContainerReportForContainerReportHandler] WARN  container.ContainerReportHandler (AbstractContainerReportHandler.java:updateContainerState(145)) - Container #1 is in OPEN state, but the datanode 0794a7c8-829f-468b-b883-2035423e3fbd{ip: 192.168.34.8, host: pr-hdds-2310-sp97z-1197097266, networkLocation: /default-rack, certSerialId: null} reports an CLOSED replica.
2019-10-21 21:52:10,380 [EventQueue-ContainerReportForContainerReportHandler] WARN  container.ContainerReportHandler (AbstractContainerReportHandler.java:updateContainerState(145)) - Container #1 is in OPEN state, but the datanode 06b05a7f-a473-42c9-9200-88e1a405b515{ip: 192.168.34.8, host: pr-hdds-2310-sp97z-1197097266, networkLocation: /default-rack, certSerialId: null} reports an CLOSED replica.
2019-10-21 21:52:10,406 [BlockDeletingService#2] WARN  background.BlockDeletingService (BlockDeletingService.java:isDeletionAllowed(187)) - Close Container log Index 6 is not replicated across allthe servers in the pipeline 57ddd59c-82e7-4c8a-99fd-7886daa09d7b as the min replicated index is 4. Deletion is not allowed in this container yet.
2019-10-21 21:52:10,406 [BlockDeletingService#2] WARN  background.BlockDeletingService (BlockDeletingService.java:isDeletionAllowed(187)) - Close Container log Index 6 is not replicated across allthe servers in the pipeline 57ddd59c-82e7-4c8a-99fd-7886daa09d7b as the min replicated index is 4. Deletion is not allowed in this container yet.
2019-10-21 21:52:10,580 [EventQueue-ContainerReportForContainerReportHandler] WARN  container.ContainerReportHandler (AbstractContainerReportHandler.java:updateContainerState(145)) - Container #1 is in OPEN state, but the datanode 0794a7c8-829f-468b-b883-2035423e3fbd{ip: 192.168.34.8, host: pr-hdds-2310-sp97z-1197097266, networkLocation: /default-rack, certSerialId: null} reports an CLOSED replica.
2019-10-21 21:52:10,784 [EventQueue-ContainerReportForContainerReportHandler] WARN  container.ContainerReportHandler (AbstractContainerReportHandler.java:updateContainerState(145)) - Container #1 is in OPEN state, but the datanode 06b05a7f-a473-42c9-9200-88e1a405b515{ip: 192.168.34.8, host: pr-hdds-2310-sp97z-1197097266, networkLocation: /default-rack, certSerialId: null} reports an CLOSED replica.
2019-10-21 21:52:10,785 [EventQueue-ContainerReportForContainerReportHandler] WARN  container.ContainerReportHandler (AbstractContainerReportHandler.java:updateContainerState(145)) - Container #1 is in OPEN state, but the datanode 0794a7c8-829f-468b-b883-2035423e3fbd{ip: 192.168.34.8, host: pr-hdds-2310-sp97z-1197097266, networkLocation: /default-rack, certSerialId: null} reports an CLOSED replica.
2019-10-21 21:52:10,981 [EventQueue-ContainerReportForContainerReportHandler] WARN  container.ContainerReportHandler (AbstractContainerReportHandler.java:updateContainerState(145)) - Container #1 is in OPEN state, but the datanode 0794a7c8-829f-468b-b883-2035423e3fbd{ip: 192.168.34.8, host: pr-hdds-2310-sp97z-1197097266, networkLocation: /default-rack, certSerialId: null} reports an CLOSED replica.
2019-10-21 21:52:11,080 [EventQueue-ContainerReportForContainerReportHandler] WARN  container.ContainerReportHandler (AbstractContainerReportHandler.java:updateContainerState(145)) - Container #1 is in OPEN state, but the datanode 06b05a7f-a473-42c9-9200-88e1a405b515{ip: 192.168.34.8, host: pr-hdds-2310-sp97z-1197097266, networkLocation: /default-rack, certSerialId: null} reports an CLOSED replica.
2019-10-21 21:52:11,281 [EventQueue-ContainerReportForContainerReportHandler] WARN  container.ContainerReportHandler (AbstractContainerReportHandler.java:updateContainerState(145)) - Container #1 is in OPEN state, but the datanode 0794a7c8-829f-468b-b883-2035423e3fbd{ip: 192.168.34.8, host: pr-hdds-2310-sp97z-1197097266, networkLocation: /default-rack, certSerialId: null} reports an CLOSED replica.
2019-10-21 21:52:11,381 [EventQueue-ContainerReportForContainerReportHandler] WARN  container.ContainerReportHandler (AbstractContainerReportHandler.java:updateContainerState(145)) - Container #1 is in OPEN state, but the datanode 06b05a7f-a473-42c9-9200-88e1a405b515{ip: 192.168.34.8, host: pr-hdds-2310-sp97z-1197097266, networkLocation: /default-rack, certSerialId: null} reports an CLOSED replica.
2019-10-21 21:52:11,409 [BlockDeletingService#2] WARN  background.BlockDeletingService (BlockDeletingService.java:isDeletionAllowed(187)) - Close Container log Index 6 is not replicated across allthe servers in the pipeline 57ddd59c-82e7-4c8a-99fd-7886daa09d7b as the min replicated index is 4. Deletion is not allowed in this container yet.
2019-10-21 21:52:11,409 [BlockDeletingService#2] WARN  background.BlockDeletingService (BlockDeletingService.java:isDeletionAllowed(187)) - Close Container log Index 6 is not replicated across allthe servers in the pipeline 57ddd59c-82e7-4c8a-99fd-7886daa09d7b as the min replicated index is 4. Deletion is not allowed in this container yet.
2019-10-21 21:52:11,481 [EventQueue-ContainerReportForContainerReportHandler] WARN  container.ContainerReportHandler (AbstractContainerReportHandler.java:updateContainerState(145)) - Container #1 is in OPEN state, but the datanode 0794a7c8-829f-468b-b883-2035423e3fbd{ip: 192.168.34.8, host: pr-hdds-2310-sp97z-1197097266, networkLocation: /default-rack, certSerialId: null} reports an CLOSED replica.
2019-10-21 21:52:11,681 [EventQueue-ContainerReportForContainerReportHandler] WARN  container.ContainerReportHandler (AbstractContainerReportHandler.java:updateContainerState(145)) - Container #1 is in OPEN state, but the datanode 0794a7c8-829f-468b-b883-2035423e3fbd{ip: 192.168.34.8, host: pr-hdds-2310-sp97z-1197097266, networkLocation: /default-rack, certSerialId: null} reports an CLOSED replica.
2019-10-21 21:52:11,707 [java.util.concurrent.ThreadPoolExecutor$Worker@69885592[State = -1, empty queue]] WARN  server.GrpcLogAppender (GrpcLogAppender.java:timeoutAppendRequest(209)) - 0794a7c8-829f-468b-b883-2035423e3fbd@group-7886DAA09D7B->e5ffd24e-bf4a-4ea8-9998-5222e19566cd-GrpcLogAppender: appendEntries Timeout, request=0794a7c8-829f-468b-b883-2035423e3fbd->e5ffd24e-bf4a-4ea8-9998-5222e19566cd#34-t1, previous=(t:1, i:10), leaderCommit=10, initializing? false, entries: <empty>
2019-10-21 21:52:11,781 [EventQueue-ContainerReportForContainerReportHandler] WARN  container.ContainerReportHandler (AbstractContainerReportHandler.java:updateContainerState(145)) - Container #1 is in OPEN state, but the datanode 06b05a7f-a473-42c9-9200-88e1a405b515{ip: 192.168.34.8, host: pr-hdds-2310-sp97z-1197097266, networkLocation: /default-rack, certSerialId: null} reports an CLOSED replica.
2019-10-21 21:52:11,981 [EventQueue-ContainerReportForContainerReportHandler] WARN  container.ContainerReportHandler (AbstractContainerReportHandler.java:updateContainerState(145)) - Container #1 is in OPEN state, but the datanode 06b05a7f-a473-42c9-9200-88e1a405b515{ip: 192.168.34.8, host: pr-hdds-2310-sp97z-1197097266, networkLocation: /default-rack, certSerialId: null} reports an CLOSED replica.
2019-10-21 21:52:12,081 [EventQueue-ContainerReportForContainerReportHandler] WARN  container.ContainerReportHandler (AbstractContainerReportHandler.java:updateContainerState(145)) - Container #1 is in OPEN state, but the datanode 0794a7c8-829f-468b-b883-2035423e3fbd{ip: 192.168.34.8, host: pr-hdds-2310-sp97z-1197097266, networkLocation: /default-rack, certSerialId: null} reports an CLOSED replica.
2019-10-21 21:52:12,281 [EventQueue-ContainerReportForContainerReportHandler] WARN  container.ContainerReportHandler (AbstractContainerReportHandler.java:updateContainerState(145)) - Container #1 is in OPEN state, but the datanode 06b05a7f-a473-42c9-9200-88e1a405b515{ip: 192.168.34.8, host: pr-hdds-2310-sp97z-1197097266, networkLocation: /default-rack, certSerialId: null} reports an CLOSED replica.
2019-10-21 21:52:12,381 [EventQueue-ContainerReportForContainerReportHandler] WARN  container.ContainerReportHandler (AbstractContainerReportHandler.java:updateContainerState(145)) - Container #1 is in OPEN state, but the datanode 0794a7c8-829f-468b-b883-2035423e3fbd{ip: 192.168.34.8, host: pr-hdds-2310-sp97z-1197097266, networkLocation: /default-rack, certSerialId: null} reports an CLOSED replica.
2019-10-21 21:52:12,411 [BlockDeletingService#2] WARN  background.BlockDeletingService (BlockDeletingService.java:isDeletionAllowed(187)) - Close Container log Index 6 is not replicated across allthe servers in the pipeline 57ddd59c-82e7-4c8a-99fd-7886daa09d7b as the min replicated index is 4. Deletion is not allowed in this container yet.
2019-10-21 21:52:12,411 [BlockDeletingService#2] WARN  background.BlockDeletingService (BlockDeletingService.java:isDeletionAllowed(187)) - Close Container log Index 6 is not replicated across allthe servers in the pipeline 57ddd59c-82e7-4c8a-99fd-7886daa09d7b as the min replicated index is 4. Deletion is not allowed in this container yet.
2019-10-21 21:52:12,581 [EventQueue-ContainerReportForContainerReportHandler] WARN  container.ContainerReportHandler (AbstractContainerReportHandler.java:updateContainerState(145)) - Container #1 is in OPEN state, but the datanode 06b05a7f-a473-42c9-9200-88e1a405b515{ip: 192.168.34.8, host: pr-hdds-2310-sp97z-1197097266, networkLocation: /default-rack, certSerialId: null} reports an CLOSED replica.
2019-10-21 21:52:12,682 [EventQueue-ContainerReportForContainerReportHandler] WARN  container.ContainerReportHandler (AbstractContainerReportHandler.java:updateContainerState(145)) - Container #1 is in OPEN state, but the datanode 0794a7c8-829f-468b-b883-2035423e3fbd{ip: 192.168.34.8, host: pr-hdds-2310-sp97z-1197097266, networkLocation: /default-rack, certSerialId: null} reports an CLOSED replica.
2019-10-21 21:52:12,882 [EventQueue-ContainerReportForContainerReportHandler] WARN  container.ContainerReportHandler (AbstractContainerReportHandler.java:updateContainerState(145)) - Container #1 is in OPEN state, but the datanode 06b05a7f-a473-42c9-9200-88e1a405b515{ip: 192.168.34.8, host: pr-hdds-2310-sp97z-1197097266, networkLocation: /default-rack, certSerialId: null} reports an CLOSED replica.
2019-10-21 21:52:12,982 [EventQueue-ContainerReportForContainerReportHandler] WARN  container.ContainerReportHandler (AbstractContainerReportHandler.java:updateContainerState(145)) - Container #1 is in OPEN state, but the datanode 0794a7c8-829f-468b-b883-2035423e3fbd{ip: 192.168.34.8, host: pr-hdds-2310-sp97z-1197097266, networkLocation: /default-rack, certSerialId: null} reports an CLOSED replica.
2019-10-21 21:52:13,184 [EventQueue-ContainerReportForContainerReportHandler] WARN  container.ContainerReportHandler (AbstractContainerReportHandler.java:updateContainerState(145)) - Container #1 is in OPEN state, but the datanode 06b05a7f-a473-42c9-9200-88e1a405b515{ip: 192.168.34.8, host: pr-hdds-2310-sp97z-1197097266, networkLocation: /default-rack, certSerialId: null} reports an CLOSED replica.
2019-10-21 21:52:13,283 [EventQueue-ContainerReportForContainerReportHandler] WARN  container.ContainerReportHandler (AbstractContainerReportHandler.java:updateContainerState(145)) - Container #1 is in OPEN state, but the datanode 0794a7c8-829f-468b-b883-2035423e3fbd{ip: 192.168.34.8, host: pr-hdds-2310-sp97z-1197097266, networkLocation: /default-rack, certSerialId: null} reports an CLOSED replica.
2019-10-21 21:52:13,414 [BlockDeletingService#2] WARN  background.BlockDeletingService (BlockDeletingService.java:isDeletionAllowed(187)) - Close Container log Index 6 is not replicated across allthe servers in the pipeline 57ddd59c-82e7-4c8a-99fd-7886daa09d7b as the min replicated index is 4. Deletion is not allowed in this container yet.
2019-10-21 21:52:13,414 [BlockDeletingService#2] WARN  background.BlockDeletingService (BlockDeletingService.java:isDeletionAllowed(187)) - Close Container log Index 6 is not replicated across allthe servers in the pipeline 57ddd59c-82e7-4c8a-99fd-7886daa09d7b as the min replicated index is 4. Deletion is not allowed in this container yet.
2019-10-21 21:52:13,585 [EventQueue-ContainerReportForContainerReportHandler] WARN  container.ContainerReportHandler (AbstractContainerReportHandler.java:updateContainerState(145)) - Container #1 is in OPEN state, but the datanode 06b05a7f-a473-42c9-9200-88e1a405b515{ip: 192.168.34.8, host: pr-hdds-2310-sp97z-1197097266, networkLocation: /default-rack, certSerialId: null} reports an CLOSED replica.
2019-10-21 21:52:13,682 [EventQueue-ContainerReportForContainerReportHandler] WARN  container.ContainerReportHandler (AbstractContainerReportHandler.java:updateContainerState(145)) - Container #1 is in OPEN state, but the datanode 0794a7c8-829f-468b-b883-2035423e3fbd{ip: 192.168.34.8, host: pr-hdds-2310-sp97z-1197097266, networkLocation: /default-rack, certSerialId: null} reports an CLOSED replica.
2019-10-21 21:52:13,885 [EventQueue-ContainerReportForContainerReportHandler] WARN  container.ContainerReportHandler (AbstractContainerReportHandler.java:updateContainerState(145)) - Container #1 is in OPEN state, but the datanode 06b05a7f-a473-42c9-9200-88e1a405b515{ip: 192.168.34.8, host: pr-hdds-2310-sp97z-1197097266, networkLocation: /default-rack, certSerialId: null} reports an CLOSED replica.
2019-10-21 21:52:13,983 [EventQueue-ContainerReportForContainerReportHandler] WARN  container.ContainerReportHandler (AbstractContainerReportHandler.java:updateContainerState(145)) - Container #1 is in OPEN state, but the datanode 0794a7c8-829f-468b-b883-2035423e3fbd{ip: 192.168.34.8, host: pr-hdds-2310-sp97z-1197097266, networkLocation: /default-rack, certSerialId: null} reports an CLOSED replica.
2019-10-21 21:52:14,084 [EventQueue-ContainerReportForContainerReportHandler] WARN  container.ContainerReportHandler (AbstractContainerReportHandler.java:updateContainerState(145)) - Container #1 is in OPEN state, but the datanode 06b05a7f-a473-42c9-9200-88e1a405b515{ip: 192.168.34.8, host: pr-hdds-2310-sp97z-1197097266, networkLocation: /default-rack, certSerialId: null} reports an CLOSED replica.
2019-10-21 21:52:14,210 [java.util.concurrent.ThreadPoolExecutor$Worker@69885592[State = -1, empty queue]] WARN  server.GrpcLogAppender (GrpcLogAppender.java:timeoutAppendRequest(209)) - 0794a7c8-829f-468b-b883-2035423e3fbd@group-7886DAA09D7B->e5ffd24e-bf4a-4ea8-9998-5222e19566cd-GrpcLogAppender: appendEntries Timeout, request=0794a7c8-829f-468b-b883-2035423e3fbd->e5ffd24e-bf4a-4ea8-9998-5222e19566cd#35-t1, previous=(t:1, i:10), leaderCommit=10, initializing? false, entries: <empty>
2019-10-21 21:52:14,285 [EventQueue-ContainerReportForContainerReportHandler] WARN  container.ContainerReportHandler (AbstractContainerReportHandler.java:updateContainerState(145)) - Container #1 is in OPEN state, but the datanode 06b05a7f-a473-42c9-9200-88e1a405b515{ip: 192.168.34.8, host: pr-hdds-2310-sp97z-1197097266, networkLocation: /default-rack, certSerialId: null} reports an CLOSED replica.
2019-10-21 21:52:14,384 [EventQueue-ContainerReportForContainerReportHandler] WARN  container.ContainerReportHandler (AbstractContainerReportHandler.java:updateContainerState(145)) - Container #1 is in OPEN state, but the datanode 0794a7c8-829f-468b-b883-2035423e3fbd{ip: 192.168.34.8, host: pr-hdds-2310-sp97z-1197097266, networkLocation: /default-rack, certSerialId: null} reports an CLOSED replica.
2019-10-21 21:52:14,415 [BlockDeletingService#2] WARN  background.BlockDeletingService (BlockDeletingService.java:isDeletionAllowed(187)) - Close Container log Index 6 is not replicated across allthe servers in the pipeline 57ddd59c-82e7-4c8a-99fd-7886daa09d7b as the min replicated index is 4. Deletion is not allowed in this container yet.
2019-10-21 21:52:14,415 [BlockDeletingService#2] WARN  background.BlockDeletingService (BlockDeletingService.java:isDeletionAllowed(187)) - Close Container log Index 6 is not replicated across allthe servers in the pipeline 57ddd59c-82e7-4c8a-99fd-7886daa09d7b as the min replicated index is 4. Deletion is not allowed in this container yet.
2019-10-21 21:52:14,685 [EventQueue-ContainerReportForContainerReportHandler] WARN  container.ContainerReportHandler (AbstractContainerReportHandler.java:updateContainerState(145)) - Container #1 is in OPEN state, but the datanode 0794a7c8-829f-468b-b883-2035423e3fbd{ip: 192.168.34.8, host: pr-hdds-2310-sp97z-1197097266, networkLocation: /default-rack, certSerialId: null} reports an CLOSED replica.
2019-10-21 21:52:14,685 [EventQueue-ContainerReportForContainerReportHandler] WARN  container.ContainerReportHandler (AbstractContainerReportHandler.java:updateContainerState(145)) - Container #1 is in OPEN state, but the datanode 06b05a7f-a473-42c9-9200-88e1a405b515{ip: 192.168.34.8, host: pr-hdds-2310-sp97z-1197097266, networkLocation: /default-rack, certSerialId: null} reports an CLOSED replica.
2019-10-21 21:52:14,756 [Thread-405] INFO  client.GrpcClientProtocolService (GrpcClientProtocolService.java:lambda$processClientRequest$0(278)) - Failed RaftClientRequest:client-5B812E6CE025->0794a7c8-829f-468b-b883-2035423e3fbd@group-7886DAA09D7B, cid=10, seq=0, Watch-ALL_COMMITTED(6), Message:<EMPTY>, reply=RaftClientReply:client-5B812E6CE025->0794a7c8-829f-468b-b883-2035423e3fbd@group-7886DAA09D7B, cid=10, FAILED org.apache.ratis.protocol.NotReplicatedException: Request with call Id 10 and log index 6 is not yet replicated to ALL_COMMITTED, logIndex=6, commits[0794a7c8-829f-468b-b883-2035423e3fbd:c10, e5ffd24e-bf4a-4ea8-9998-5222e19566cd:c4, 06b05a7f-a473-42c9-9200-88e1a405b515:c10]
2019-10-21 21:52:14,985 [EventQueue-ContainerReportForContainerReportHandler] WARN  container.ContainerReportHandler (AbstractContainerReportHandler.java:updateContainerState(145)) - Container #1 is in OPEN state, but the datanode 0794a7c8-829f-468b-b883-2035423e3fbd{ip: 192.168.34.8, host: pr-hdds-2310-sp97z-1197097266, networkLocation: /default-rack, certSerialId: null} reports an CLOSED replica.
2019-10-21 21:52:14,986 [EventQueue-ContainerReportForContainerReportHandler] WARN  container.ContainerReportHandler (AbstractContainerReportHandler.java:updateContainerState(145)) - Container #1 is in OPEN state, but the datanode 06b05a7f-a473-42c9-9200-88e1a405b515{ip: 192.168.34.8, host: pr-hdds-2310-sp97z-1197097266, networkLocation: /default-rack, certSerialId: null} reports an CLOSED replica.
2019-10-21 21:52:15,285 [EventQueue-ContainerReportForContainerReportHandler] WARN  container.ContainerReportHandler (AbstractContainerReportHandler.java:updateContainerState(145)) - Container #1 is in OPEN state, but the datanode 0794a7c8-829f-468b-b883-2035423e3fbd{ip: 192.168.34.8, host: pr-hdds-2310-sp97z-1197097266, networkLocation: /default-rack, certSerialId: null} reports an CLOSED replica.
2019-10-21 21:52:15,285 [EventQueue-ContainerReportForContainerReportHandler] WARN  container.ContainerReportHandler (AbstractContainerReportHandler.java:updateContainerState(145)) - Container #1 is in OPEN state, but the datanode 06b05a7f-a473-42c9-9200-88e1a405b515{ip: 192.168.34.8, host: pr-hdds-2310-sp97z-1197097266, networkLocation: /default-rack, certSerialId: null} reports an CLOSED replica.
2019-10-21 21:52:15,418 [BlockDeletingService#2] WARN  background.BlockDeletingService (BlockDeletingService.java:isDeletionAllowed(187)) - Close Container log Index 6 is not replicated across allthe servers in the pipeline 57ddd59c-82e7-4c8a-99fd-7886daa09d7b as the min replicated index is 4. Deletion is not allowed in this container yet.
2019-10-21 21:52:15,418 [BlockDeletingService#2] WARN  background.BlockDeletingService (BlockDeletingService.java:isDeletionAllowed(187)) - Close Container log Index 6 is not replicated across allthe servers in the pipeline 57ddd59c-82e7-4c8a-99fd-7886daa09d7b as the min replicated index is 4. Deletion is not allowed in this container yet.
2019-10-21 21:52:15,484 [EventQueue-ContainerReportForContainerReportHandler] WARN  container.ContainerReportHandler (AbstractContainerReportHandler.java:updateContainerState(145)) - Container #1 is in OPEN state, but the datanode 0794a7c8-829f-468b-b883-2035423e3fbd{ip: 192.168.34.8, host: pr-hdds-2310-sp97z-1197097266, networkLocation: /default-rack, certSerialId: null} reports an CLOSED replica.
2019-10-21 21:52:15,588 [EventQueue-ContainerReportForContainerReportHandler] WARN  container.ContainerReportHandler (AbstractContainerReportHandler.java:updateContainerState(145)) - Container #1 is in OPEN state, but the datanode 06b05a7f-a473-42c9-9200-88e1a405b515{ip: 192.168.34.8, host: pr-hdds-2310-sp97z-1197097266, networkLocation: /default-rack, certSerialId: null} reports an CLOSED replica.
2019-10-21 21:52:15,786 [EventQueue-ContainerReportForContainerReportHandler] WARN  container.ContainerReportHandler (AbstractContainerReportHandler.java:updateContainerState(145)) - Container #1 is in OPEN state, but the datanode 0794a7c8-829f-468b-b883-2035423e3fbd{ip: 192.168.34.8, host: pr-hdds-2310-sp97z-1197097266, networkLocation: /default-rack, certSerialId: null} reports an CLOSED replica.
2019-10-21 21:52:15,887 [EventQueue-ContainerReportForContainerReportHandler] WARN  container.ContainerReportHandler (AbstractContainerReportHandler.java:updateContainerState(145)) - Container #1 is in OPEN state, but the datanode 06b05a7f-a473-42c9-9200-88e1a405b515{ip: 192.168.34.8, host: pr-hdds-2310-sp97z-1197097266, networkLocation: /default-rack, certSerialId: null} reports an CLOSED replica.
2019-10-21 21:52:16,187 [EventQueue-ContainerReportForContainerReportHandler] WARN  container.ContainerReportHandler (AbstractContainerReportHandler.java:updateContainerState(145)) - Container #1 is in OPEN state, but the datanode 0794a7c8-829f-468b-b883-2035423e3fbd{ip: 192.168.34.8, host: pr-hdds-2310-sp97z-1197097266, networkLocation: /default-rack, certSerialId: null} reports an CLOSED replica.
2019-10-21 21:52:16,187 [EventQueue-ContainerReportForContainerReportHandler] WARN  container.ContainerReportHandler (AbstractContainerReportHandler.java:updateContainerState(145)) - Container #1 is in OPEN state, but the datanode 06b05a7f-a473-42c9-9200-88e1a405b515{ip: 192.168.34.8, host: pr-hdds-2310-sp97z-1197097266, networkLocation: /default-rack, certSerialId: null} reports an CLOSED replica.
2019-10-21 21:52:16,387 [EventQueue-ContainerReportForContainerReportHandler] WARN  container.ContainerReportHandler (AbstractContainerReportHandler.java:updateContainerState(145)) - Container #1 is in OPEN state, but the datanode 06b05a7f-a473-42c9-9200-88e1a405b515{ip: 192.168.34.8, host: pr-hdds-2310-sp97z-1197097266, networkLocation: /default-rack, certSerialId: null} reports an CLOSED replica.
2019-10-21 21:52:16,425 [BlockDeletingService#2] WARN  background.BlockDeletingService (BlockDeletingService.java:isDeletionAllowed(187)) - Close Container log Index 6 is not replicated across allthe servers in the pipeline 57ddd59c-82e7-4c8a-99fd-7886daa09d7b as the min replicated index is 4. Deletion is not allowed in this container yet.
2019-10-21 21:52:16,425 [BlockDeletingService#2] WARN  background.BlockDeletingService (BlockDeletingService.java:isDeletionAllowed(187)) - Close Container log Index 6 is not replicated across allthe servers in the pipeline 57ddd59c-82e7-4c8a-99fd-7886daa09d7b as the min replicated index is 4. Deletion is not allowed in this container yet.
2019-10-21 21:52:16,488 [EventQueue-ContainerReportForContainerReportHandler] WARN  container.ContainerReportHandler (AbstractContainerReportHandler.java:updateContainerState(145)) - Container #1 is in OPEN state, but the datanode 0794a7c8-829f-468b-b883-2035423e3fbd{ip: 192.168.34.8, host: pr-hdds-2310-sp97z-1197097266, networkLocation: /default-rack, certSerialId: null} reports an CLOSED replica.
2019-10-21 21:52:16,688 [EventQueue-ContainerReportForContainerReportHandler] WARN  container.ContainerReportHandler (AbstractContainerReportHandler.java:updateContainerState(145)) - Container #1 is in OPEN state, but the datanode 06b05a7f-a473-42c9-9200-88e1a405b515{ip: 192.168.34.8, host: pr-hdds-2310-sp97z-1197097266, networkLocation: /default-rack, certSerialId: null} reports an CLOSED replica.
2019-10-21 21:52:16,711 [java.util.concurrent.ThreadPoolExecutor$Worker@69885592[State = -1, empty queue]] WARN  server.GrpcLogAppender (GrpcLogAppender.java:timeoutAppendRequest(209)) - 0794a7c8-829f-468b-b883-2035423e3fbd@group-7886DAA09D7B->e5ffd24e-bf4a-4ea8-9998-5222e19566cd-GrpcLogAppender: appendEntries Timeout, request=0794a7c8-829f-468b-b883-2035423e3fbd->e5ffd24e-bf4a-4ea8-9998-5222e19566cd#36-t1, previous=(t:1, i:10), leaderCommit=10, initializing? false, entries: <empty>
2019-10-21 21:52:16,788 [EventQueue-ContainerReportForContainerReportHandler] WARN  container.ContainerReportHandler (AbstractContainerReportHandler.java:updateContainerState(145)) - Container #1 is in OPEN state, but the datanode 0794a7c8-829f-468b-b883-2035423e3fbd{ip: 192.168.34.8, host: pr-hdds-2310-sp97z-1197097266, networkLocation: /default-rack, certSerialId: null} reports an CLOSED replica.
2019-10-21 21:52:16,988 [EventQueue-ContainerReportForContainerReportHandler] WARN  container.ContainerReportHandler (AbstractContainerReportHandler.java:updateContainerState(145)) - Container #1 is in OPEN state, but the datanode 06b05a7f-a473-42c9-9200-88e1a405b515{ip: 192.168.34.8, host: pr-hdds-2310-sp97z-1197097266, networkLocation: /default-rack, certSerialId: null} reports an CLOSED replica.
2019-10-21 21:52:17,087 [EventQueue-ContainerReportForContainerReportHandler] WARN  container.ContainerReportHandler (AbstractContainerReportHandler.java:updateContainerState(145)) - Container #1 is in OPEN state, but the datanode 0794a7c8-829f-468b-b883-2035423e3fbd{ip: 192.168.34.8, host: pr-hdds-2310-sp97z-1197097266, networkLocation: /default-rack, certSerialId: null} reports an CLOSED replica.
2019-10-21 21:52:17,288 [EventQueue-ContainerReportForContainerReportHandler] WARN  container.ContainerReportHandler (AbstractContainerReportHandler.java:updateContainerState(145)) - Container #1 is in OPEN state, but the datanode 06b05a7f-a473-42c9-9200-88e1a405b515{ip: 192.168.34.8, host: pr-hdds-2310-sp97z-1197097266, networkLocation: /default-rack, certSerialId: null} reports an CLOSED replica.
2019-10-21 21:52:17,294 [EventQueue-ContainerReportForContainerReportHandler] WARN  container.ContainerReportHandler (AbstractContainerReportHandler.java:updateContainerState(145)) - Container #1 is in OPEN state, but the datanode 0794a7c8-829f-468b-b883-2035423e3fbd{ip: 192.168.34.8, host: pr-hdds-2310-sp97z-1197097266, networkLocation: /default-rack, certSerialId: null} reports an CLOSED replica.
2019-10-21 21:52:17,427 [BlockDeletingService#2] WARN  background.BlockDeletingService (BlockDeletingService.java:isDeletionAllowed(187)) - Close Container log Index 6 is not replicated across allthe servers in the pipeline 57ddd59c-82e7-4c8a-99fd-7886daa09d7b as the min replicated index is 4. Deletion is not allowed in this container yet.
2019-10-21 21:52:17,427 [BlockDeletingService#2] WARN  background.BlockDeletingService (BlockDeletingService.java:isDeletionAllowed(187)) - Close Container log Index 6 is not replicated across allthe servers in the pipeline 57ddd59c-82e7-4c8a-99fd-7886daa09d7b as the min replicated index is 4. Deletion is not allowed in this container yet.
2019-10-21 21:52:17,588 [EventQueue-ContainerReportForContainerReportHandler] WARN  container.ContainerReportHandler (AbstractContainerReportHandler.java:updateContainerState(145)) - Container #1 is in OPEN state, but the datanode 06b05a7f-a473-42c9-9200-88e1a405b515{ip: 192.168.34.8, host: pr-hdds-2310-sp97z-1197097266, networkLocation: /default-rack, certSerialId: null} reports an CLOSED replica.
2019-10-21 21:52:17,594 [EventQueue-ContainerReportForContainerReportHandler] WARN  container.ContainerReportHandler (AbstractContainerReportHandler.java:updateContainerState(145)) - Container #1 is in OPEN state, but the datanode 0794a7c8-829f-468b-b883-2035423e3fbd{ip: 192.168.34.8, host: pr-hdds-2310-sp97z-1197097266, networkLocation: /default-rack, certSerialId: null} reports an CLOSED replica.
2019-10-21 21:52:17,794 [EventQueue-ContainerReportForContainerReportHandler] WARN  container.ContainerReportHandler (AbstractContainerReportHandler.java:updateContainerState(145)) - Container #1 is in OPEN state, but the datanode 0794a7c8-829f-468b-b883-2035423e3fbd{ip: 192.168.34.8, host: pr-hdds-2310-sp97z-1197097266, networkLocation: /default-rack, certSerialId: null} reports an CLOSED replica.
2019-10-21 21:52:17,987 [EventQueue-ContainerReportForContainerReportHandler] WARN  container.ContainerReportHandler (AbstractContainerReportHandler.java:updateContainerState(145)) - Container #1 is in OPEN state, but the datanode 06b05a7f-a473-42c9-9200-88e1a405b515{ip: 192.168.34.8, host: pr-hdds-2310-sp97z-1197097266, networkLocation: /default-rack, certSerialId: null} reports an CLOSED replica.
2019-10-21 21:52:18,094 [EventQueue-ContainerReportForContainerReportHandler] WARN  container.ContainerReportHandler (AbstractContainerReportHandler.java:updateContainerState(145)) - Container #1 is in OPEN state, but the datanode 0794a7c8-829f-468b-b883-2035423e3fbd{ip: 192.168.34.8, host: pr-hdds-2310-sp97z-1197097266, networkLocation: /default-rack, certSerialId: null} reports an CLOSED replica.
2019-10-21 21:52:18,289 [EventQueue-ContainerReportForContainerReportHandler] WARN  container.ContainerReportHandler (AbstractContainerReportHandler.java:updateContainerState(145)) - Container #1 is in OPEN state, but the datanode 06b05a7f-a473-42c9-9200-88e1a405b515{ip: 192.168.34.8, host: pr-hdds-2310-sp97z-1197097266, networkLocation: /default-rack, certSerialId: null} reports an CLOSED replica.
2019-10-21 21:52:18,295 [EventQueue-ContainerReportForContainerReportHandler] WARN  container.ContainerReportHandler (AbstractContainerReportHandler.java:updateContainerState(145)) - Container #1 is in OPEN state, but the datanode 0794a7c8-829f-468b-b883-2035423e3fbd{ip: 192.168.34.8, host: pr-hdds-2310-sp97z-1197097266, networkLocation: /default-rack, certSerialId: null} reports an CLOSED replica.
2019-10-21 21:52:18,431 [BlockDeletingService#2] WARN  background.BlockDeletingService (BlockDeletingService.java:isDeletionAllowed(187)) - Close Container log Index 6 is not replicated across allthe servers in the pipeline 57ddd59c-82e7-4c8a-99fd-7886daa09d7b as the min replicated index is 4. Deletion is not allowed in this container yet.
2019-10-21 21:52:18,431 [BlockDeletingService#2] WARN  background.BlockDeletingService (BlockDeletingService.java:isDeletionAllowed(187)) - Close Container log Index 6 is not replicated across allthe servers in the pipeline 57ddd59c-82e7-4c8a-99fd-7886daa09d7b as the min replicated index is 4. Deletion is not allowed in this container yet.
2019-10-21 21:52:18,596 [EventQueue-ContainerReportForContainerReportHandler] WARN  container.ContainerReportHandler (AbstractContainerReportHandler.java:updateContainerState(145)) - Container #1 is in OPEN state, but the datanode 0794a7c8-829f-468b-b883-2035423e3fbd{ip: 192.168.34.8, host: pr-hdds-2310-sp97z-1197097266, networkLocation: /default-rack, certSerialId: null} reports an CLOSED replica.
2019-10-21 21:52:18,688 [EventQueue-ContainerReportForContainerReportHandler] WARN  container.ContainerReportHandler (AbstractContainerReportHandler.java:updateContainerState(145)) - Container #1 is in OPEN state, but the datanode 06b05a7f-a473-42c9-9200-88e1a405b515{ip: 192.168.34.8, host: pr-hdds-2310-sp97z-1197097266, networkLocation: /default-rack, certSerialId: null} reports an CLOSED replica.
2019-10-21 21:52:18,896 [EventQueue-ContainerReportForContainerReportHandler] WARN  container.ContainerReportHandler (AbstractContainerReportHandler.java:updateContainerState(145)) - Container #1 is in OPEN state, but the datanode 0794a7c8-829f-468b-b883-2035423e3fbd{ip: 192.168.34.8, host: pr-hdds-2310-sp97z-1197097266, networkLocation: /default-rack, certSerialId: null} reports an CLOSED replica.
2019-10-21 21:52:18,988 [EventQueue-ContainerReportForContainerReportHandler] WARN  container.ContainerReportHandler (AbstractContainerReportHandler.java:updateContainerState(145)) - Container #1 is in OPEN state, but the datanode 06b05a7f-a473-42c9-9200-88e1a405b515{ip: 192.168.34.8, host: pr-hdds-2310-sp97z-1197097266, networkLocation: /default-rack, certSerialId: null} reports an CLOSED replica.
2019-10-21 21:52:19,187 [EventQueue-ContainerReportForContainerReportHandler] WARN  container.ContainerReportHandler (AbstractContainerReportHandler.java:updateContainerState(145)) - Container #1 is in OPEN state, but the datanode 06b05a7f-a473-42c9-9200-88e1a405b515{ip: 192.168.34.8, host: pr-hdds-2310-sp97z-1197097266, networkLocation: /default-rack, certSerialId: null} reports an CLOSED replica.
2019-10-21 21:52:19,213 [java.util.concurrent.ThreadPoolExecutor$Worker@69885592[State = -1, empty queue]] WARN  server.GrpcLogAppender (GrpcLogAppender.java:timeoutAppendRequest(209)) - 0794a7c8-829f-468b-b883-2035423e3fbd@group-7886DAA09D7B->e5ffd24e-bf4a-4ea8-9998-5222e19566cd-GrpcLogAppender: appendEntries Timeout, request=0794a7c8-829f-468b-b883-2035423e3fbd->e5ffd24e-bf4a-4ea8-9998-5222e19566cd#37-t1, previous=(t:1, i:10), leaderCommit=10, initializing? false, entries: <empty>
2019-10-21 21:52:19,297 [EventQueue-ContainerReportForContainerReportHandler] WARN  container.ContainerReportHandler (AbstractContainerReportHandler.java:updateContainerState(145)) - Container #1 is in OPEN state, but the datanode 0794a7c8-829f-468b-b883-2035423e3fbd{ip: 192.168.34.8, host: pr-hdds-2310-sp97z-1197097266, networkLocation: /default-rack, certSerialId: null} reports an CLOSED replica.
2019-10-21 21:52:19,432 [BlockDeletingService#2] WARN  background.BlockDeletingService (BlockDeletingService.java:isDeletionAllowed(187)) - Close Container log Index 6 is not replicated across allthe servers in the pipeline 57ddd59c-82e7-4c8a-99fd-7886daa09d7b as the min replicated index is 4. Deletion is not allowed in this container yet.
2019-10-21 21:52:19,432 [BlockDeletingService#2] WARN  background.BlockDeletingService (BlockDeletingService.java:isDeletionAllowed(187)) - Close Container log Index 6 is not replicated across allthe servers in the pipeline 57ddd59c-82e7-4c8a-99fd-7886daa09d7b as the min replicated index is 4. Deletion is not allowed in this container yet.
2019-10-21 21:52:19,496 [EventQueue-ContainerReportForContainerReportHandler] WARN  container.ContainerReportHandler (AbstractContainerReportHandler.java:updateContainerState(145)) - Container #1 is in OPEN state, but the datanode 0794a7c8-829f-468b-b883-2035423e3fbd{ip: 192.168.34.8, host: pr-hdds-2310-sp97z-1197097266, networkLocation: /default-rack, certSerialId: null} reports an CLOSED replica.
2019-10-21 21:52:19,588 [EventQueue-ContainerReportForContainerReportHandler] WARN  container.ContainerReportHandler (AbstractContainerReportHandler.java:updateContainerState(145)) - Container #1 is in OPEN state, but the datanode 06b05a7f-a473-42c9-9200-88e1a405b515{ip: 192.168.34.8, host: pr-hdds-2310-sp97z-1197097266, networkLocation: /default-rack, certSerialId: null} reports an CLOSED replica.
2019-10-21 21:52:19,797 [EventQueue-ContainerReportForContainerReportHandler] WARN  container.ContainerReportHandler (AbstractContainerReportHandler.java:updateContainerState(145)) - Container #1 is in OPEN state, but the datanode 0794a7c8-829f-468b-b883-2035423e3fbd{ip: 192.168.34.8, host: pr-hdds-2310-sp97z-1197097266, networkLocation: /default-rack, certSerialId: null} reports an CLOSED replica.
2019-10-21 21:52:19,988 [EventQueue-ContainerReportForContainerReportHandler] WARN  container.ContainerReportHandler (AbstractContainerReportHandler.java:updateContainerState(145)) - Container #1 is in OPEN state, but the datanode 06b05a7f-a473-42c9-9200-88e1a405b515{ip: 192.168.34.8, host: pr-hdds-2310-sp97z-1197097266, networkLocation: /default-rack, certSerialId: null} reports an CLOSED replica.
2019-10-21 21:52:20,096 [EventQueue-ContainerReportForContainerReportHandler] WARN  container.ContainerReportHandler (AbstractContainerReportHandler.java:updateContainerState(145)) - Container #1 is in OPEN state, but the datanode 0794a7c8-829f-468b-b883-2035423e3fbd{ip: 192.168.34.8, host: pr-hdds-2310-sp97z-1197097266, networkLocation: /default-rack, certSerialId: null} reports an CLOSED replica.
2019-10-21 21:52:20,288 [EventQueue-ContainerReportForContainerReportHandler] WARN  container.ContainerReportHandler (AbstractContainerReportHandler.java:updateContainerState(145)) - Container #1 is in OPEN state, but the datanode 06b05a7f-a473-42c9-9200-88e1a405b515{ip: 192.168.34.8, host: pr-hdds-2310-sp97z-1197097266, networkLocation: /default-rack, certSerialId: null} reports an CLOSED replica.
2019-10-21 21:52:20,296 [EventQueue-ContainerReportForContainerReportHandler] WARN  container.ContainerReportHandler (AbstractContainerReportHandler.java:updateContainerState(145)) - Container #1 is in OPEN state, but the datanode 0794a7c8-829f-468b-b883-2035423e3fbd{ip: 192.168.34.8, host: pr-hdds-2310-sp97z-1197097266, networkLocation: /default-rack, certSerialId: null} reports an CLOSED replica.
2019-10-21 21:52:20,434 [BlockDeletingService#2] WARN  background.BlockDeletingService (BlockDeletingService.java:isDeletionAllowed(187)) - Close Container log Index 6 is not replicated across allthe servers in the pipeline 57ddd59c-82e7-4c8a-99fd-7886daa09d7b as the min replicated index is 4. Deletion is not allowed in this container yet.
2019-10-21 21:52:20,434 [BlockDeletingService#2] WARN  background.BlockDeletingService (BlockDeletingService.java:isDeletionAllowed(187)) - Close Container log Index 6 is not replicated across allthe servers in the pipeline 57ddd59c-82e7-4c8a-99fd-7886daa09d7b as the min replicated index is 4. Deletion is not allowed in this container yet.
2019-10-21 21:52:20,590 [EventQueue-ContainerReportForContainerReportHandler] WARN  container.ContainerReportHandler (AbstractContainerReportHandler.java:updateContainerState(145)) - Container #1 is in OPEN state, but the datanode 06b05a7f-a473-42c9-9200-88e1a405b515{ip: 192.168.34.8, host: pr-hdds-2310-sp97z-1197097266, networkLocation: /default-rack, certSerialId: null} reports an CLOSED replica.
2019-10-21 21:52:20,597 [EventQueue-ContainerReportForContainerReportHandler] WARN  container.ContainerReportHandler (AbstractContainerReportHandler.java:updateContainerState(145)) - Container #1 is in OPEN state, but the datanode 0794a7c8-829f-468b-b883-2035423e3fbd{ip: 192.168.34.8, host: pr-hdds-2310-sp97z-1197097266, networkLocation: /default-rack, certSerialId: null} reports an CLOSED replica.
2019-10-21 21:52:20,789 [EventQueue-ContainerReportForContainerReportHandler] WARN  container.ContainerReportHandler (AbstractContainerReportHandler.java:updateContainerState(145)) - Container #1 is in OPEN state, but the datanode 06b05a7f-a473-42c9-9200-88e1a405b515{ip: 192.168.34.8, host: pr-hdds-2310-sp97z-1197097266, networkLocation: /default-rack, certSerialId: null} reports an CLOSED replica.
2019-10-21 21:52:20,997 [EventQueue-ContainerReportForContainerReportHandler] WARN  container.ContainerReportHandler (AbstractContainerReportHandler.java:updateContainerState(145)) - Container #1 is in OPEN state, but the datanode 0794a7c8-829f-468b-b883-2035423e3fbd{ip: 192.168.34.8, host: pr-hdds-2310-sp97z-1197097266, networkLocation: /default-rack, certSerialId: null} reports an CLOSED replica.
2019-10-21 21:52:21,090 [EventQueue-ContainerReportForContainerReportHandler] WARN  container.ContainerReportHandler (AbstractContainerReportHandler.java:updateContainerState(145)) - Container #1 is in OPEN state, but the datanode 06b05a7f-a473-42c9-9200-88e1a405b515{ip: 192.168.34.8, host: pr-hdds-2310-sp97z-1197097266, networkLocation: /default-rack, certSerialId: null} reports an CLOSED replica.
2019-10-21 21:52:21,197 [EventQueue-ContainerReportForContainerReportHandler] WARN  container.ContainerReportHandler (AbstractContainerReportHandler.java:updateContainerState(145)) - Container #1 is in OPEN state, but the datanode 0794a7c8-829f-468b-b883-2035423e3fbd{ip: 192.168.34.8, host: pr-hdds-2310-sp97z-1197097266, networkLocation: /default-rack, certSerialId: null} reports an CLOSED replica.
2019-10-21 21:52:21,437 [BlockDeletingService#2] WARN  background.BlockDeletingService (BlockDeletingService.java:isDeletionAllowed(187)) - Close Container log Index 6 is not replicated across allthe servers in the pipeline 57ddd59c-82e7-4c8a-99fd-7886daa09d7b as the min replicated index is 4. Deletion is not allowed in this container yet.
2019-10-21 21:52:21,437 [BlockDeletingService#2] WARN  background.BlockDeletingService (BlockDeletingService.java:isDeletionAllowed(187)) - Close Container log Index 6 is not replicated across allthe servers in the pipeline 57ddd59c-82e7-4c8a-99fd-7886daa09d7b as the min replicated index is 4. Deletion is not allowed in this container yet.
2019-10-21 21:52:21,491 [EventQueue-ContainerReportForContainerReportHandler] WARN  container.ContainerReportHandler (AbstractContainerReportHandler.java:updateContainerState(145)) - Container #1 is in OPEN state, but the datanode 06b05a7f-a473-42c9-9200-88e1a405b515{ip: 192.168.34.8, host: pr-hdds-2310-sp97z-1197097266, networkLocation: /default-rack, certSerialId: null} reports an CLOSED replica.
2019-10-21 21:52:21,598 [EventQueue-ContainerReportForContainerReportHandler] WARN  container.ContainerReportHandler (AbstractContainerReportHandler.java:updateContainerState(145)) - Container #1 is in OPEN state, but the datanode 0794a7c8-829f-468b-b883-2035423e3fbd{ip: 192.168.34.8, host: pr-hdds-2310-sp97z-1197097266, networkLocation: /default-rack, certSerialId: null} reports an CLOSED replica.
2019-10-21 21:52:21,715 [java.util.concurrent.ThreadPoolExecutor$Worker@69885592[State = -1, empty queue]] WARN  server.GrpcLogAppender (GrpcLogAppender.java:timeoutAppendRequest(209)) - 0794a7c8-829f-468b-b883-2035423e3fbd@group-7886DAA09D7B->e5ffd24e-bf4a-4ea8-9998-5222e19566cd-GrpcLogAppender: appendEntries Timeout, request=0794a7c8-829f-468b-b883-2035423e3fbd->e5ffd24e-bf4a-4ea8-9998-5222e19566cd#38-t1, previous=(t:1, i:10), leaderCommit=10, initializing? false, entries: <empty>
2019-10-21 21:52:21,790 [EventQueue-ContainerReportForContainerReportHandler] WARN  container.ContainerReportHandler (AbstractContainerReportHandler.java:updateContainerState(145)) - Container #1 is in OPEN state, but the datanode 06b05a7f-a473-42c9-9200-88e1a405b515{ip: 192.168.34.8, host: pr-hdds-2310-sp97z-1197097266, networkLocation: /default-rack, certSerialId: null} reports an CLOSED replica.
2019-10-21 21:52:21,897 [EventQueue-ContainerReportForContainerReportHandler] WARN  container.ContainerReportHandler (AbstractContainerReportHandler.java:updateContainerState(145)) - Container #1 is in OPEN state, but the datanode 0794a7c8-829f-468b-b883-2035423e3fbd{ip: 192.168.34.8, host: pr-hdds-2310-sp97z-1197097266, networkLocation: /default-rack, certSerialId: null} reports an CLOSED replica.
2019-10-21 21:52:22,091 [EventQueue-ContainerReportForContainerReportHandler] WARN  container.ContainerReportHandler (AbstractContainerReportHandler.java:updateContainerState(145)) - Container #1 is in OPEN state, but the datanode 06b05a7f-a473-42c9-9200-88e1a405b515{ip: 192.168.34.8, host: pr-hdds-2310-sp97z-1197097266, networkLocation: /default-rack, certSerialId: null} reports an CLOSED replica.
2019-10-21 21:52:22,097 [EventQueue-ContainerReportForContainerReportHandler] WARN  container.ContainerReportHandler (AbstractContainerReportHandler.java:updateContainerState(145)) - Container #1 is in OPEN state, but the datanode 0794a7c8-829f-468b-b883-2035423e3fbd{ip: 192.168.34.8, host: pr-hdds-2310-sp97z-1197097266, networkLocation: /default-rack, certSerialId: null} reports an CLOSED replica.
2019-10-21 21:52:22,398 [EventQueue-ContainerReportForContainerReportHandler] WARN  container.ContainerReportHandler (AbstractContainerReportHandler.java:updateContainerState(145)) - Container #1 is in OPEN state, but the datanode 0794a7c8-829f-468b-b883-2035423e3fbd{ip: 192.168.34.8, host: pr-hdds-2310-sp97z-1197097266, networkLocation: /default-rack, certSerialId: null} reports an CLOSED replica.
2019-10-21 21:52:22,439 [BlockDeletingService#2] WARN  background.BlockDeletingService (BlockDeletingService.java:isDeletionAllowed(187)) - Close Container log Index 6 is not replicated across allthe servers in the pipeline 57ddd59c-82e7-4c8a-99fd-7886daa09d7b as the min replicated index is 4. Deletion is not allowed in this container yet.
2019-10-21 21:52:22,439 [BlockDeletingService#2] WARN  background.BlockDeletingService (BlockDeletingService.java:isDeletionAllowed(187)) - Close Container log Index 6 is not replicated across allthe servers in the pipeline 57ddd59c-82e7-4c8a-99fd-7886daa09d7b as the min replicated index is 4. Deletion is not allowed in this container yet.
2019-10-21 21:52:22,491 [EventQueue-ContainerReportForContainerReportHandler] WARN  container.ContainerReportHandler (AbstractContainerReportHandler.java:updateContainerState(145)) - Container #1 is in OPEN state, but the datanode 06b05a7f-a473-42c9-9200-88e1a405b515{ip: 192.168.34.8, host: pr-hdds-2310-sp97z-1197097266, networkLocation: /default-rack, certSerialId: null} reports an CLOSED replica.
2019-10-21 21:52:22,792 [EventQueue-ContainerReportForContainerReportHandler] WARN  container.ContainerReportHandler (AbstractContainerReportHandler.java:updateContainerState(145)) - Container #1 is in OPEN state, but the datanode 06b05a7f-a473-42c9-9200-88e1a405b515{ip: 192.168.34.8, host: pr-hdds-2310-sp97z-1197097266, networkLocation: /default-rack, certSerialId: null} reports an CLOSED replica.
2019-10-21 21:52:22,798 [EventQueue-ContainerReportForContainerReportHandler] WARN  container.ContainerReportHandler (AbstractContainerReportHandler.java:updateContainerState(145)) - Container #1 is in OPEN state, but the datanode 0794a7c8-829f-468b-b883-2035423e3fbd{ip: 192.168.34.8, host: pr-hdds-2310-sp97z-1197097266, networkLocation: /default-rack, certSerialId: null} reports an CLOSED replica.
2019-10-21 21:52:23,092 [EventQueue-ContainerReportForContainerReportHandler] WARN  container.ContainerReportHandler (AbstractContainerReportHandler.java:updateContainerState(145)) - Container #1 is in OPEN state, but the datanode 06b05a7f-a473-42c9-9200-88e1a405b515{ip: 192.168.34.8, host: pr-hdds-2310-sp97z-1197097266, networkLocation: /default-rack, certSerialId: null} reports an CLOSED replica.
2019-10-21 21:52:23,099 [EventQueue-ContainerReportForContainerReportHandler] WARN  container.ContainerReportHandler (AbstractContainerReportHandler.java:updateContainerState(145)) - Container #1 is in OPEN state, but the datanode 0794a7c8-829f-468b-b883-2035423e3fbd{ip: 192.168.34.8, host: pr-hdds-2310-sp97z-1197097266, networkLocation: /default-rack, certSerialId: null} reports an CLOSED replica.
2019-10-21 21:52:23,351 [Thread-427] INFO  client.GrpcClientProtocolService (GrpcClientProtocolService.java:lambda$processClientRequest$0(278)) - Failed RaftClientRequest:client-5B812E6CE025->06b05a7f-a473-42c9-9200-88e1a405b515@group-7886DAA09D7B, cid=10, seq=0, Watch-ALL_COMMITTED(6), Message:<EMPTY>, reply=RaftClientReply:client-5B812E6CE025->06b05a7f-a473-42c9-9200-88e1a405b515@group-7886DAA09D7B, cid=10, FAILED org.apache.ratis.protocol.NotLeaderException: Server 06b05a7f-a473-42c9-9200-88e1a405b515@group-7886DAA09D7B is not the leader 0794a7c8-829f-468b-b883-2035423e3fbd:192.168.34.8:36706, logIndex=0, commits[06b05a7f-a473-42c9-9200-88e1a405b515:c10, e5ffd24e-bf4a-4ea8-9998-5222e19566cd:c4, 0794a7c8-829f-468b-b883-2035423e3fbd:c10]
2019-10-21 21:52:23,391 [EventQueue-ContainerReportForContainerReportHandler] WARN  container.ContainerReportHandler (AbstractContainerReportHandler.java:updateContainerState(145)) - Container #1 is in OPEN state, but the datanode 06b05a7f-a473-42c9-9200-88e1a405b515{ip: 192.168.34.8, host: pr-hdds-2310-sp97z-1197097266, networkLocation: /default-rack, certSerialId: null} reports an CLOSED replica.
2019-10-21 21:52:23,398 [EventQueue-ContainerReportForContainerReportHandler] WARN  container.ContainerReportHandler (AbstractContainerReportHandler.java:updateContainerState(145)) - Container #1 is in OPEN state, but the datanode 0794a7c8-829f-468b-b883-2035423e3fbd{ip: 192.168.34.8, host: pr-hdds-2310-sp97z-1197097266, networkLocation: /default-rack, certSerialId: null} reports an CLOSED replica.
2019-10-21 21:52:23,440 [BlockDeletingService#2] WARN  background.BlockDeletingService (BlockDeletingService.java:isDeletionAllowed(187)) - Close Container log Index 6 is not replicated across allthe servers in the pipeline 57ddd59c-82e7-4c8a-99fd-7886daa09d7b as the min replicated index is 4. Deletion is not allowed in this container yet.
2019-10-21 21:52:23,441 [BlockDeletingService#2] WARN  background.BlockDeletingService (BlockDeletingService.java:isDeletionAllowed(187)) - Close Container log Index 6 is not replicated across allthe servers in the pipeline 57ddd59c-82e7-4c8a-99fd-7886daa09d7b as the min replicated index is 4. Deletion is not allowed in this container yet.
2019-10-21 21:52:23,692 [EventQueue-ContainerReportForContainerReportHandler] WARN  container.ContainerReportHandler (AbstractContainerReportHandler.java:updateContainerState(145)) - Container #1 is in OPEN state, but the datanode 06b05a7f-a473-42c9-9200-88e1a405b515{ip: 192.168.34.8, host: pr-hdds-2310-sp97z-1197097266, networkLocation: /default-rack, certSerialId: null} reports an CLOSED replica.
2019-10-21 21:52:23,799 [EventQueue-ContainerReportForContainerReportHandler] WARN  container.ContainerReportHandler (AbstractContainerReportHandler.java:updateContainerState(145)) - Container #1 is in OPEN state, but the datanode 0794a7c8-829f-468b-b883-2035423e3fbd{ip: 192.168.34.8, host: pr-hdds-2310-sp97z-1197097266, networkLocation: /default-rack, certSerialId: null} reports an CLOSED replica.
2019-10-21 21:52:23,891 [EventQueue-ContainerReportForContainerReportHandler] WARN  container.ContainerReportHandler (AbstractContainerReportHandler.java:updateContainerState(145)) - Container #1 is in OPEN state, but the datanode 06b05a7f-a473-42c9-9200-88e1a405b515{ip: 192.168.34.8, host: pr-hdds-2310-sp97z-1197097266, networkLocation: /default-rack, certSerialId: null} reports an CLOSED replica.
2019-10-21 21:52:24,099 [EventQueue-ContainerReportForContainerReportHandler] WARN  container.ContainerReportHandler (AbstractContainerReportHandler.java:updateContainerState(145)) - Container #1 is in OPEN state, but the datanode 0794a7c8-829f-468b-b883-2035423e3fbd{ip: 192.168.34.8, host: pr-hdds-2310-sp97z-1197097266, networkLocation: /default-rack, certSerialId: null} reports an CLOSED replica.
2019-10-21 21:52:24,216 [java.util.concurrent.ThreadPoolExecutor$Worker@69885592[State = -1, empty queue]] WARN  server.GrpcLogAppender (GrpcLogAppender.java:timeoutAppendRequest(209)) - 0794a7c8-829f-468b-b883-2035423e3fbd@group-7886DAA09D7B->e5ffd24e-bf4a-4ea8-9998-5222e19566cd-GrpcLogAppender: appendEntries Timeout, request=0794a7c8-829f-468b-b883-2035423e3fbd->e5ffd24e-bf4a-4ea8-9998-5222e19566cd#39-t1, previous=(t:1, i:10), leaderCommit=10, initializing? false, entries: <empty>
2019-10-21 21:52:24,292 [EventQueue-ContainerReportForContainerReportHandler] WARN  container.ContainerReportHandler (AbstractContainerReportHandler.java:updateContainerState(145)) - Container #1 is in OPEN state, but the datanode 06b05a7f-a473-42c9-9200-88e1a405b515{ip: 192.168.34.8, host: pr-hdds-2310-sp97z-1197097266, networkLocation: /default-rack, certSerialId: null} reports an CLOSED replica.
2019-10-21 21:52:24,400 [EventQueue-ContainerReportForContainerReportHandler] WARN  container.ContainerReportHandler (AbstractContainerReportHandler.java:updateContainerState(145)) - Container #1 is in OPEN state, but the datanode 0794a7c8-829f-468b-b883-2035423e3fbd{ip: 192.168.34.8, host: pr-hdds-2310-sp97z-1197097266, networkLocation: /default-rack, certSerialId: null} reports an CLOSED replica.
2019-10-21 21:52:24,444 [BlockDeletingService#2] WARN  background.BlockDeletingService (BlockDeletingService.java:isDeletionAllowed(187)) - Close Container log Index 6 is not replicated across allthe servers in the pipeline 57ddd59c-82e7-4c8a-99fd-7886daa09d7b as the min replicated index is 4. Deletion is not allowed in this container yet.
2019-10-21 21:52:24,444 [BlockDeletingService#2] WARN  background.BlockDeletingService (BlockDeletingService.java:isDeletionAllowed(187)) - Close Container log Index 6 is not replicated across allthe servers in the pipeline 57ddd59c-82e7-4c8a-99fd-7886daa09d7b as the min replicated index is 4. Deletion is not allowed in this container yet.
2019-10-21 21:52:24,492 [EventQueue-ContainerReportForContainerReportHandler] WARN  container.ContainerReportHandler (AbstractContainerReportHandler.java:updateContainerState(145)) - Container #1 is in OPEN state, but the datanode 06b05a7f-a473-42c9-9200-88e1a405b515{ip: 192.168.34.8, host: pr-hdds-2310-sp97z-1197097266, networkLocation: /default-rack, certSerialId: null} reports an CLOSED replica.
2019-10-21 21:52:24,755 [Thread-435] INFO  client.GrpcClientProtocolService (GrpcClientProtocolService.java:lambda$processClientRequest$0(278)) - Failed RaftClientRequest:client-5B812E6CE025->0794a7c8-829f-468b-b883-2035423e3fbd@group-7886DAA09D7B, cid=10, seq=0, Watch-ALL_COMMITTED(6), Message:<EMPTY>, reply=RaftClientReply:client-5B812E6CE025->0794a7c8-829f-468b-b883-2035423e3fbd@group-7886DAA09D7B, cid=10, FAILED org.apache.ratis.protocol.NotReplicatedException: Request with call Id 10 and log index 6 is not yet replicated to ALL_COMMITTED, logIndex=6, commits[0794a7c8-829f-468b-b883-2035423e3fbd:c10, e5ffd24e-bf4a-4ea8-9998-5222e19566cd:c4, 06b05a7f-a473-42c9-9200-88e1a405b515:c10]
2019-10-21 21:52:24,795 [EventQueue-ContainerReportForContainerReportHandler] WARN  container.ContainerReportHandler (AbstractContainerReportHandler.java:updateContainerState(145)) - Container #1 is in OPEN state, but the datanode 06b05a7f-a473-42c9-9200-88e1a405b515{ip: 192.168.34.8, host: pr-hdds-2310-sp97z-1197097266, networkLocation: /default-rack, certSerialId: null} reports an CLOSED replica.
2019-10-21 21:52:24,801 [EventQueue-ContainerReportForContainerReportHandler] WARN  container.ContainerReportHandler (AbstractContainerReportHandler.java:updateContainerState(145)) - Container #1 is in OPEN state, but the datanode 0794a7c8-829f-468b-b883-2035423e3fbd{ip: 192.168.34.8, host: pr-hdds-2310-sp97z-1197097266, networkLocation: /default-rack, certSerialId: null} reports an CLOSED replica.
2019-10-21 21:52:25,001 [EventQueue-ContainerReportForContainerReportHandler] WARN  container.ContainerReportHandler (AbstractContainerReportHandler.java:updateContainerState(145)) - Container #1 is in OPEN state, but the datanode 0794a7c8-829f-468b-b883-2035423e3fbd{ip: 192.168.34.8, host: pr-hdds-2310-sp97z-1197097266, networkLocation: /default-rack, certSerialId: null} reports an CLOSED replica.
2019-10-21 21:52:25,093 [EventQueue-ContainerReportForContainerReportHandler] WARN  container.ContainerReportHandler (AbstractContainerReportHandler.java:updateContainerState(145)) - Container #1 is in OPEN state, but the datanode 06b05a7f-a473-42c9-9200-88e1a405b515{ip: 192.168.34.8, host: pr-hdds-2310-sp97z-1197097266, networkLocation: /default-rack, certSerialId: null} reports an CLOSED replica.
2019-10-21 21:52:25,293 [EventQueue-ContainerReportForContainerReportHandler] WARN  container.ContainerReportHandler (AbstractContainerReportHandler.java:updateContainerState(145)) - Container #1 is in OPEN state, but the datanode 06b05a7f-a473-42c9-9200-88e1a405b515{ip: 192.168.34.8, host: pr-hdds-2310-sp97z-1197097266, networkLocation: /default-rack, certSerialId: null} reports an CLOSED replica.
2019-10-21 21:52:25,400 [EventQueue-ContainerReportForContainerReportHandler] WARN  container.ContainerReportHandler (AbstractContainerReportHandler.java:updateContainerState(145)) - Container #1 is in OPEN state, but the datanode 0794a7c8-829f-468b-b883-2035423e3fbd{ip: 192.168.34.8, host: pr-hdds-2310-sp97z-1197097266, networkLocation: /default-rack, certSerialId: null} reports an CLOSED replica.
2019-10-21 21:52:25,446 [BlockDeletingService#2] WARN  background.BlockDeletingService (BlockDeletingService.java:isDeletionAllowed(187)) - Close Container log Index 6 is not replicated across allthe servers in the pipeline 57ddd59c-82e7-4c8a-99fd-7886daa09d7b as the min replicated index is 4. Deletion is not allowed in this container yet.
2019-10-21 21:52:25,446 [BlockDeletingService#2] WARN  background.BlockDeletingService (BlockDeletingService.java:isDeletionAllowed(187)) - Close Container log Index 6 is not replicated across allthe servers in the pipeline 57ddd59c-82e7-4c8a-99fd-7886daa09d7b as the min replicated index is 4. Deletion is not allowed in this container yet.
2019-10-21 21:52:25,594 [EventQueue-ContainerReportForContainerReportHandler] WARN  container.ContainerReportHandler (AbstractContainerReportHandler.java:updateContainerState(145)) - Container #1 is in OPEN state, but the datanode 06b05a7f-a473-42c9-9200-88e1a405b515{ip: 192.168.34.8, host: pr-hdds-2310-sp97z-1197097266, networkLocation: /default-rack, certSerialId: null} reports an CLOSED replica.
2019-10-21 21:52:25,794 [EventQueue-ContainerReportForContainerReportHandler] WARN  container.ContainerReportHandler (AbstractContainerReportHandler.java:updateContainerState(145)) - Container #1 is in OPEN state, but the datanode 06b05a7f-a473-42c9-9200-88e1a405b515{ip: 192.168.34.8, host: pr-hdds-2310-sp97z-1197097266, networkLocation: /default-rack, certSerialId: null} reports an CLOSED replica.
2019-10-21 21:52:25,801 [EventQueue-ContainerReportForContainerReportHandler] WARN  container.ContainerReportHandler (AbstractContainerReportHandler.java:updateContainerState(145)) - Container #1 is in OPEN state, but the datanode 0794a7c8-829f-468b-b883-2035423e3fbd{ip: 192.168.34.8, host: pr-hdds-2310-sp97z-1197097266, networkLocation: /default-rack, certSerialId: null} reports an CLOSED replica.
2019-10-21 21:52:26,093 [EventQueue-ContainerReportForContainerReportHandler] WARN  container.ContainerReportHandler (AbstractContainerReportHandler.java:updateContainerState(145)) - Container #1 is in OPEN state, but the datanode 06b05a7f-a473-42c9-9200-88e1a405b515{ip: 192.168.34.8, host: pr-hdds-2310-sp97z-1197097266, networkLocation: /default-rack, certSerialId: null} reports an CLOSED replica.
2019-10-21 21:52:26,100 [EventQueue-ContainerReportForContainerReportHandler] WARN  container.ContainerReportHandler (AbstractContainerReportHandler.java:updateContainerState(145)) - Container #1 is in OPEN state, but the datanode 0794a7c8-829f-468b-b883-2035423e3fbd{ip: 192.168.34.8, host: pr-hdds-2310-sp97z-1197097266, networkLocation: /default-rack, certSerialId: null} reports an CLOSED replica.
2019-10-21 21:52:26,393 [EventQueue-ContainerReportForContainerReportHandler] WARN  container.ContainerReportHandler (AbstractContainerReportHandler.java:updateContainerState(145)) - Container #1 is in OPEN state, but the datanode 06b05a7f-a473-42c9-9200-88e1a405b515{ip: 192.168.34.8, host: pr-hdds-2310-sp97z-1197097266, networkLocation: /default-rack, certSerialId: null} reports an CLOSED replica.
2019-10-21 21:52:26,400 [EventQueue-ContainerReportForContainerReportHandler] WARN  container.ContainerReportHandler (AbstractContainerReportHandler.java:updateContainerState(145)) - Container #1 is in OPEN state, but the datanode 0794a7c8-829f-468b-b883-2035423e3fbd{ip: 192.168.34.8, host: pr-hdds-2310-sp97z-1197097266, networkLocation: /default-rack, certSerialId: null} reports an CLOSED replica.
2019-10-21 21:52:26,451 [BlockDeletingService#2] WARN  background.BlockDeletingService (BlockDeletingService.java:isDeletionAllowed(187)) - Close Container log Index 6 is not replicated across allthe servers in the pipeline 57ddd59c-82e7-4c8a-99fd-7886daa09d7b as the min replicated index is 4. Deletion is not allowed in this container yet.
2019-10-21 21:52:26,451 [BlockDeletingService#2] WARN  background.BlockDeletingService (BlockDeletingService.java:isDeletionAllowed(187)) - Close Container log Index 6 is not replicated across allthe servers in the pipeline 57ddd59c-82e7-4c8a-99fd-7886daa09d7b as the min replicated index is 4. Deletion is not allowed in this container yet.
2019-10-21 21:52:26,600 [EventQueue-ContainerReportForContainerReportHandler] WARN  container.ContainerReportHandler (AbstractContainerReportHandler.java:updateContainerState(145)) - Container #1 is in OPEN state, but the datanode 0794a7c8-829f-468b-b883-2035423e3fbd{ip: 192.168.34.8, host: pr-hdds-2310-sp97z-1197097266, networkLocation: /default-rack, certSerialId: null} reports an CLOSED replica.
2019-10-21 21:52:26,693 [EventQueue-ContainerReportForContainerReportHandler] WARN  container.ContainerReportHandler (AbstractContainerReportHandler.java:updateContainerState(145)) - Container #1 is in OPEN state, but the datanode 06b05a7f-a473-42c9-9200-88e1a405b515{ip: 192.168.34.8, host: pr-hdds-2310-sp97z-1197097266, networkLocation: /default-rack, certSerialId: null} reports an CLOSED replica.
2019-10-21 21:52:26,717 [java.util.concurrent.ThreadPoolExecutor$Worker@69885592[State = -1, empty queue]] WARN  server.GrpcLogAppender (GrpcLogAppender.java:timeoutAppendRequest(209)) - 0794a7c8-829f-468b-b883-2035423e3fbd@group-7886DAA09D7B->e5ffd24e-bf4a-4ea8-9998-5222e19566cd-GrpcLogAppender: appendEntries Timeout, request=0794a7c8-829f-468b-b883-2035423e3fbd->e5ffd24e-bf4a-4ea8-9998-5222e19566cd#40-t1, previous=(t:1, i:10), leaderCommit=10, initializing? false, entries: <empty>
2019-10-21 21:52:26,994 [EventQueue-ContainerReportForContainerReportHandler] WARN  container.ContainerReportHandler (AbstractContainerReportHandler.java:updateContainerState(145)) - Container #1 is in OPEN state, but the datanode 06b05a7f-a473-42c9-9200-88e1a405b515{ip: 192.168.34.8, host: pr-hdds-2310-sp97z-1197097266, networkLocation: /default-rack, certSerialId: null} reports an CLOSED replica.
2019-10-21 21:52:27,000 [EventQueue-ContainerReportForContainerReportHandler] WARN  container.ContainerReportHandler (AbstractContainerReportHandler.java:updateContainerState(145)) - Container #1 is in OPEN state, but the datanode 0794a7c8-829f-468b-b883-2035423e3fbd{ip: 192.168.34.8, host: pr-hdds-2310-sp97z-1197097266, networkLocation: /default-rack, certSerialId: null} reports an CLOSED replica.
2019-10-21 21:52:27,301 [EventQueue-ContainerReportForContainerReportHandler] WARN  container.ContainerReportHandler (AbstractContainerReportHandler.java:updateContainerState(145)) - Container #1 is in OPEN state, but the datanode 0794a7c8-829f-468b-b883-2035423e3fbd{ip: 192.168.34.8, host: pr-hdds-2310-sp97z-1197097266, networkLocation: /default-rack, certSerialId: null} reports an CLOSED replica.
2019-10-21 21:52:27,393 [EventQueue-ContainerReportForContainerReportHandler] WARN  container.ContainerReportHandler (AbstractContainerReportHandler.java:updateContainerState(145)) - Container #1 is in OPEN state, but the datanode 06b05a7f-a473-42c9-9200-88e1a405b515{ip: 192.168.34.8, host: pr-hdds-2310-sp97z-1197097266, networkLocation: /default-rack, certSerialId: null} reports an CLOSED replica.
2019-10-21 21:52:27,453 [BlockDeletingService#2] WARN  background.BlockDeletingService (BlockDeletingService.java:isDeletionAllowed(187)) - Close Container log Index 6 is not replicated across allthe servers in the pipeline 57ddd59c-82e7-4c8a-99fd-7886daa09d7b as the min replicated index is 4. Deletion is not allowed in this container yet.
2019-10-21 21:52:27,453 [BlockDeletingService#2] WARN  background.BlockDeletingService (BlockDeletingService.java:isDeletionAllowed(187)) - Close Container log Index 6 is not replicated across allthe servers in the pipeline 57ddd59c-82e7-4c8a-99fd-7886daa09d7b as the min replicated index is 4. Deletion is not allowed in this container yet.
2019-10-21 21:52:27,500 [EventQueue-ContainerReportForContainerReportHandler] WARN  container.ContainerReportHandler (AbstractContainerReportHandler.java:updateContainerState(145)) - Container #1 is in OPEN state, but the datanode 0794a7c8-829f-468b-b883-2035423e3fbd{ip: 192.168.34.8, host: pr-hdds-2310-sp97z-1197097266, networkLocation: /default-rack, certSerialId: null} reports an CLOSED replica.
2019-10-21 21:52:27,693 [EventQueue-ContainerReportForContainerReportHandler] WARN  container.ContainerReportHandler (AbstractContainerReportHandler.java:updateContainerState(145)) - Container #1 is in OPEN state, but the datanode 06b05a7f-a473-42c9-9200-88e1a405b515{ip: 192.168.34.8, host: pr-hdds-2310-sp97z-1197097266, networkLocation: /default-rack, certSerialId: null} reports an CLOSED replica.
2019-10-21 21:52:27,800 [EventQueue-ContainerReportForContainerReportHandler] WARN  container.ContainerReportHandler (AbstractContainerReportHandler.java:updateContainerState(145)) - Container #1 is in OPEN state, but the datanode 0794a7c8-829f-468b-b883-2035423e3fbd{ip: 192.168.34.8, host: pr-hdds-2310-sp97z-1197097266, networkLocation: /default-rack, certSerialId: null} reports an CLOSED replica.
2019-10-21 21:52:27,994 [EventQueue-ContainerReportForContainerReportHandler] WARN  container.ContainerReportHandler (AbstractContainerReportHandler.java:updateContainerState(145)) - Container #1 is in OPEN state, but the datanode 06b05a7f-a473-42c9-9200-88e1a405b515{ip: 192.168.34.8, host: pr-hdds-2310-sp97z-1197097266, networkLocation: /default-rack, certSerialId: null} reports an CLOSED replica.
2019-10-21 21:52:28,101 [EventQueue-ContainerReportForContainerReportHandler] WARN  container.ContainerReportHandler (AbstractContainerReportHandler.java:updateContainerState(145)) - Container #1 is in OPEN state, but the datanode 0794a7c8-829f-468b-b883-2035423e3fbd{ip: 192.168.34.8, host: pr-hdds-2310-sp97z-1197097266, networkLocation: /default-rack, certSerialId: null} reports an CLOSED replica.
2019-10-21 21:52:28,193 [EventQueue-ContainerReportForContainerReportHandler] WARN  container.ContainerReportHandler (AbstractContainerReportHandler.java:updateContainerState(145)) - Container #1 is in OPEN state, but the datanode 06b05a7f-a473-42c9-9200-88e1a405b515{ip: 192.168.34.8, host: pr-hdds-2310-sp97z-1197097266, networkLocation: /default-rack, certSerialId: null} reports an CLOSED replica.
2019-10-21 21:52:28,393 [EventQueue-ContainerReportForContainerReportHandler] WARN  container.ContainerReportHandler (AbstractContainerReportHandler.java:updateContainerState(145)) - Container #1 is in OPEN state, but the datanode 06b05a7f-a473-42c9-9200-88e1a405b515{ip: 192.168.34.8, host: pr-hdds-2310-sp97z-1197097266, networkLocation: /default-rack, certSerialId: null} reports an CLOSED replica.
2019-10-21 21:52:28,401 [EventQueue-ContainerReportForContainerReportHandler] WARN  container.ContainerReportHandler (AbstractContainerReportHandler.java:updateContainerState(145)) - Container #1 is in OPEN state, but the datanode 0794a7c8-829f-468b-b883-2035423e3fbd{ip: 192.168.34.8, host: pr-hdds-2310-sp97z-1197097266, networkLocation: /default-rack, certSerialId: null} reports an CLOSED replica.
2019-10-21 21:52:28,455 [BlockDeletingService#2] WARN  background.BlockDeletingService (BlockDeletingService.java:isDeletionAllowed(187)) - Close Container log Index 6 is not replicated across allthe servers in the pipeline 57ddd59c-82e7-4c8a-99fd-7886daa09d7b as the min replicated index is 4. Deletion is not allowed in this container yet.
2019-10-21 21:52:28,455 [BlockDeletingService#2] WARN  background.BlockDeletingService (BlockDeletingService.java:isDeletionAllowed(187)) - Close Container log Index 6 is not replicated across allthe servers in the pipeline 57ddd59c-82e7-4c8a-99fd-7886daa09d7b as the min replicated index is 4. Deletion is not allowed in this container yet.
2019-10-21 21:52:28,693 [EventQueue-ContainerReportForContainerReportHandler] WARN  container.ContainerReportHandler (AbstractContainerReportHandler.java:updateContainerState(145)) - Container #1 is in OPEN state, but the datanode 06b05a7f-a473-42c9-9200-88e1a405b515{ip: 192.168.34.8, host: pr-hdds-2310-sp97z-1197097266, networkLocation: /default-rack, certSerialId: null} reports an CLOSED replica.
2019-10-21 21:52:28,801 [EventQueue-ContainerReportForContainerReportHandler] WARN  container.ContainerReportHandler (AbstractContainerReportHandler.java:updateContainerState(145)) - Container #1 is in OPEN state, but the datanode 0794a7c8-829f-468b-b883-2035423e3fbd{ip: 192.168.34.8, host: pr-hdds-2310-sp97z-1197097266, networkLocation: /default-rack, certSerialId: null} reports an CLOSED replica.
2019-10-21 21:52:28,994 [EventQueue-ContainerReportForContainerReportHandler] WARN  container.ContainerReportHandler (AbstractContainerReportHandler.java:updateContainerState(145)) - Container #1 is in OPEN state, but the datanode 06b05a7f-a473-42c9-9200-88e1a405b515{ip: 192.168.34.8, host: pr-hdds-2310-sp97z-1197097266, networkLocation: /default-rack, certSerialId: null} reports an CLOSED replica.
2019-10-21 21:52:29,201 [EventQueue-ContainerReportForContainerReportHandler] WARN  container.ContainerReportHandler (AbstractContainerReportHandler.java:updateContainerState(145)) - Container #1 is in OPEN state, but the datanode 0794a7c8-829f-468b-b883-2035423e3fbd{ip: 192.168.34.8, host: pr-hdds-2310-sp97z-1197097266, networkLocation: /default-rack, certSerialId: null} reports an CLOSED replica.
2019-10-21 21:52:29,219 [java.util.concurrent.ThreadPoolExecutor$Worker@69885592[State = -1, empty queue]] WARN  server.GrpcLogAppender (GrpcLogAppender.java:timeoutAppendRequest(209)) - 0794a7c8-829f-468b-b883-2035423e3fbd@group-7886DAA09D7B->e5ffd24e-bf4a-4ea8-9998-5222e19566cd-GrpcLogAppender: appendEntries Timeout, request=0794a7c8-829f-468b-b883-2035423e3fbd->e5ffd24e-bf4a-4ea8-9998-5222e19566cd#41-t1, previous=(t:1, i:10), leaderCommit=10, initializing? false, entries: <empty>
2019-10-21 21:52:29,394 [EventQueue-ContainerReportForContainerReportHandler] WARN  container.ContainerReportHandler (AbstractContainerReportHandler.java:updateContainerState(145)) - Container #1 is in OPEN state, but the datanode 06b05a7f-a473-42c9-9200-88e1a405b515{ip: 192.168.34.8, host: pr-hdds-2310-sp97z-1197097266, networkLocation: /default-rack, certSerialId: null} reports an CLOSED replica.
2019-10-21 21:52:29,457 [BlockDeletingService#2] WARN  background.BlockDeletingService (BlockDeletingService.java:isDeletionAllowed(187)) - Close Container log Index 6 is not replicated across allthe servers in the pipeline 57ddd59c-82e7-4c8a-99fd-7886daa09d7b as the min replicated index is 4. Deletion is not allowed in this container yet.
2019-10-21 21:52:29,457 [BlockDeletingService#2] WARN  background.BlockDeletingService (BlockDeletingService.java:isDeletionAllowed(187)) - Close Container log Index 6 is not replicated across allthe servers in the pipeline 57ddd59c-82e7-4c8a-99fd-7886daa09d7b as the min replicated index is 4. Deletion is not allowed in this container yet.
2019-10-21 21:52:29,595 [EventQueue-ContainerReportForContainerReportHandler] WARN  container.ContainerReportHandler (AbstractContainerReportHandler.java:updateContainerState(145)) - Container #1 is in OPEN state, but the datanode 06b05a7f-a473-42c9-9200-88e1a405b515{ip: 192.168.34.8, host: pr-hdds-2310-sp97z-1197097266, networkLocation: /default-rack, certSerialId: null} reports an CLOSED replica.
2019-10-21 21:52:29,601 [EventQueue-ContainerReportForContainerReportHandler] WARN  container.ContainerReportHandler (AbstractContainerReportHandler.java:updateContainerState(145)) - Container #1 is in OPEN state, but the datanode 0794a7c8-829f-468b-b883-2035423e3fbd{ip: 192.168.34.8, host: pr-hdds-2310-sp97z-1197097266, networkLocation: /default-rack, certSerialId: null} reports an CLOSED replica.
2019-10-21 21:52:29,795 [EventQueue-ContainerReportForContainerReportHandler] WARN  container.ContainerReportHandler (AbstractContainerReportHandler.java:updateContainerState(145)) - Container #1 is in OPEN state, but the datanode 06b05a7f-a473-42c9-9200-88e1a405b515{ip: 192.168.34.8, host: pr-hdds-2310-sp97z-1197097266, networkLocation: /default-rack, certSerialId: null} reports an CLOSED replica.
2019-10-21 21:52:29,802 [EventQueue-ContainerReportForContainerReportHandler] WARN  container.ContainerReportHandler (AbstractContainerReportHandler.java:updateContainerState(145)) - Container #1 is in OPEN state, but the datanode 0794a7c8-829f-468b-b883-2035423e3fbd{ip: 192.168.34.8, host: pr-hdds-2310-sp97z-1197097266, networkLocation: /default-rack, certSerialId: null} reports an CLOSED replica.
2019-10-21 21:52:29,995 [EventQueue-ContainerReportForContainerReportHandler] WARN  container.ContainerReportHandler (AbstractContainerReportHandler.java:updateContainerState(145)) - Container #1 is in OPEN state, but the datanode 06b05a7f-a473-42c9-9200-88e1a405b515{ip: 192.168.34.8, host: pr-hdds-2310-sp97z-1197097266, networkLocation: /default-rack, certSerialId: null} reports an CLOSED replica.
2019-10-21 21:52:30,102 [EventQueue-ContainerReportForContainerReportHandler] WARN  container.ContainerReportHandler (AbstractContainerReportHandler.java:updateContainerState(145)) - Container #1 is in OPEN state, but the datanode 0794a7c8-829f-468b-b883-2035423e3fbd{ip: 192.168.34.8, host: pr-hdds-2310-sp97z-1197097266, networkLocation: /default-rack, certSerialId: null} reports an CLOSED replica.
2019-10-21 21:52:30,304 [EventQueue-ContainerReportForContainerReportHandler] WARN  container.ContainerReportHandler (AbstractContainerReportHandler.java:updateContainerState(145)) - Container #1 is in OPEN state, but the datanode 0794a7c8-829f-468b-b883-2035423e3fbd{ip: 192.168.34.8, host: pr-hdds-2310-sp97z-1197097266, networkLocation: /default-rack, certSerialId: null} reports an CLOSED replica.
2019-10-21 21:52:30,395 [EventQueue-ContainerReportForContainerReportHandler] WARN  container.ContainerReportHandler (AbstractContainerReportHandler.java:updateContainerState(145)) - Container #1 is in OPEN state, but the datanode 06b05a7f-a473-42c9-9200-88e1a405b515{ip: 192.168.34.8, host: pr-hdds-2310-sp97z-1197097266, networkLocation: /default-rack, certSerialId: null} reports an CLOSED replica.
2019-10-21 21:52:30,458 [BlockDeletingService#2] WARN  background.BlockDeletingService (BlockDeletingService.java:isDeletionAllowed(187)) - Close Container log Index 6 is not replicated across allthe servers in the pipeline 57ddd59c-82e7-4c8a-99fd-7886daa09d7b as the min replicated index is 4. Deletion is not allowed in this container yet.
2019-10-21 21:52:30,458 [BlockDeletingService#2] WARN  background.BlockDeletingService (BlockDeletingService.java:isDeletionAllowed(187)) - Close Container log Index 6 is not replicated across allthe servers in the pipeline 57ddd59c-82e7-4c8a-99fd-7886daa09d7b as the min replicated index is 4. Deletion is not allowed in this container yet.
2019-10-21 21:52:30,695 [EventQueue-ContainerReportForContainerReportHandler] WARN  container.ContainerReportHandler (AbstractContainerReportHandler.java:updateContainerState(145)) - Container #1 is in OPEN state, but the datanode 06b05a7f-a473-42c9-9200-88e1a405b515{ip: 192.168.34.8, host: pr-hdds-2310-sp97z-1197097266, networkLocation: /default-rack, certSerialId: null} reports an CLOSED replica.
2019-10-21 21:52:30,704 [EventQueue-ContainerReportForContainerReportHandler] WARN  container.ContainerReportHandler (AbstractContainerReportHandler.java:updateContainerState(145)) - Container #1 is in OPEN state, but the datanode 0794a7c8-829f-468b-b883-2035423e3fbd{ip: 192.168.34.8, host: pr-hdds-2310-sp97z-1197097266, networkLocation: /default-rack, certSerialId: null} reports an CLOSED replica.
2019-10-21 21:52:30,996 [EventQueue-ContainerReportForContainerReportHandler] WARN  container.ContainerReportHandler (AbstractContainerReportHandler.java:updateContainerState(145)) - Container #1 is in OPEN state, but the datanode 06b05a7f-a473-42c9-9200-88e1a405b515{ip: 192.168.34.8, host: pr-hdds-2310-sp97z-1197097266, networkLocation: /default-rack, certSerialId: null} reports an CLOSED replica.
2019-10-21 21:52:31,004 [EventQueue-ContainerReportForContainerReportHandler] WARN  container.ContainerReportHandler (AbstractContainerReportHandler.java:updateContainerState(145)) - Container #1 is in OPEN state, but the datanode 0794a7c8-829f-468b-b883-2035423e3fbd{ip: 192.168.34.8, host: pr-hdds-2310-sp97z-1197097266, networkLocation: /default-rack, certSerialId: null} reports an CLOSED replica.
2019-10-21 21:52:31,197 [EventQueue-ContainerReportForContainerReportHandler] WARN  container.ContainerReportHandler (AbstractContainerReportHandler.java:updateContainerState(145)) - Container #1 is in OPEN state, but the datanode 06b05a7f-a473-42c9-9200-88e1a405b515{ip: 192.168.34.8, host: pr-hdds-2310-sp97z-1197097266, networkLocation: /default-rack, certSerialId: null} reports an CLOSED replica.
2019-10-21 21:52:31,304 [EventQueue-ContainerReportForContainerReportHandler] WARN  container.ContainerReportHandler (AbstractContainerReportHandler.java:updateContainerState(145)) - Container #1 is in OPEN state, but the datanode 0794a7c8-829f-468b-b883-2035423e3fbd{ip: 192.168.34.8, host: pr-hdds-2310-sp97z-1197097266, networkLocation: /default-rack, certSerialId: null} reports an CLOSED replica.
2019-10-21 21:52:31,460 [BlockDeletingService#2] WARN  background.BlockDeletingService (BlockDeletingService.java:isDeletionAllowed(187)) - Close Container log Index 6 is not replicated across allthe servers in the pipeline 57ddd59c-82e7-4c8a-99fd-7886daa09d7b as the min replicated index is 4. Deletion is not allowed in this container yet.
2019-10-21 21:52:31,460 [BlockDeletingService#2] WARN  background.BlockDeletingService (BlockDeletingService.java:isDeletionAllowed(187)) - Close Container log Index 6 is not replicated across allthe servers in the pipeline 57ddd59c-82e7-4c8a-99fd-7886daa09d7b as the min replicated index is 4. Deletion is not allowed in this container yet.
2019-10-21 21:52:31,596 [EventQueue-ContainerReportForContainerReportHandler] WARN  container.ContainerReportHandler (AbstractContainerReportHandler.java:updateContainerState(145)) - Container #1 is in OPEN state, but the datanode 06b05a7f-a473-42c9-9200-88e1a405b515{ip: 192.168.34.8, host: pr-hdds-2310-sp97z-1197097266, networkLocation: /default-rack, certSerialId: null} reports an CLOSED replica.
2019-10-21 21:52:31,605 [EventQueue-ContainerReportForContainerReportHandler] WARN  container.ContainerReportHandler (AbstractContainerReportHandler.java:updateContainerState(145)) - Container #1 is in OPEN state, but the datanode 0794a7c8-829f-468b-b883-2035423e3fbd{ip: 192.168.34.8, host: pr-hdds-2310-sp97z-1197097266, networkLocation: /default-rack, certSerialId: null} reports an CLOSED replica.
2019-10-21 21:52:31,720 [java.util.concurrent.ThreadPoolExecutor$Worker@69885592[State = -1, empty queue]] WARN  server.GrpcLogAppender (GrpcLogAppender.java:timeoutAppendRequest(209)) - 0794a7c8-829f-468b-b883-2035423e3fbd@group-7886DAA09D7B->e5ffd24e-bf4a-4ea8-9998-5222e19566cd-GrpcLogAppender: appendEntries Timeout, request=0794a7c8-829f-468b-b883-2035423e3fbd->e5ffd24e-bf4a-4ea8-9998-5222e19566cd#42-t1, previous=(t:1, i:10), leaderCommit=10, initializing? false, entries: <empty>
2019-10-21 21:52:31,805 [EventQueue-ContainerReportForContainerReportHandler] WARN  container.ContainerReportHandler (AbstractContainerReportHandler.java:updateContainerState(145)) - Container #1 is in OPEN state, but the datanode 0794a7c8-829f-468b-b883-2035423e3fbd{ip: 192.168.34.8, host: pr-hdds-2310-sp97z-1197097266, networkLocation: /default-rack, certSerialId: null} reports an CLOSED replica.
2019-10-21 21:52:31,997 [EventQueue-ContainerReportForContainerReportHandler] WARN  container.ContainerReportHandler (AbstractContainerReportHandler.java:updateContainerState(145)) - Container #1 is in OPEN state, but the datanode 06b05a7f-a473-42c9-9200-88e1a405b515{ip: 192.168.34.8, host: pr-hdds-2310-sp97z-1197097266, networkLocation: /default-rack, certSerialId: null} reports an CLOSED replica.
2019-10-21 21:52:32,205 [EventQueue-ContainerReportForContainerReportHandler] WARN  container.ContainerReportHandler (AbstractContainerReportHandler.java:updateContainerState(145)) - Container #1 is in OPEN state, but the datanode 0794a7c8-829f-468b-b883-2035423e3fbd{ip: 192.168.34.8, host: pr-hdds-2310-sp97z-1197097266, networkLocation: /default-rack, certSerialId: null} reports an CLOSED replica.
2019-10-21 21:52:32,296 [EventQueue-ContainerReportForContainerReportHandler] WARN  container.ContainerReportHandler (AbstractContainerReportHandler.java:updateContainerState(145)) - Container #1 is in OPEN state, but the datanode 06b05a7f-a473-42c9-9200-88e1a405b515{ip: 192.168.34.8, host: pr-hdds-2310-sp97z-1197097266, networkLocation: /default-rack, certSerialId: null} reports an CLOSED replica.
2019-10-21 21:52:32,386 [Thread-455] INFO  client.GrpcClientProtocolService (GrpcClientProtocolService.java:lambda$processClientRequest$0(278)) - Failed RaftClientRequest:client-5B812E6CE025->06b05a7f-a473-42c9-9200-88e1a405b515@group-7886DAA09D7B, cid=10, seq=0, Watch-ALL_COMMITTED(6), Message:<EMPTY>, reply=RaftClientReply:client-5B812E6CE025->06b05a7f-a473-42c9-9200-88e1a405b515@group-7886DAA09D7B, cid=10, FAILED org.apache.ratis.protocol.NotLeaderException: Server 06b05a7f-a473-42c9-9200-88e1a405b515@group-7886DAA09D7B is not the leader 0794a7c8-829f-468b-b883-2035423e3fbd:192.168.34.8:36706, logIndex=0, commits[06b05a7f-a473-42c9-9200-88e1a405b515:c10, e5ffd24e-bf4a-4ea8-9998-5222e19566cd:c4, 0794a7c8-829f-468b-b883-2035423e3fbd:c10]
2019-10-21 21:52:32,462 [BlockDeletingService#2] WARN  background.BlockDeletingService (BlockDeletingService.java:isDeletionAllowed(187)) - Close Container log Index 6 is not replicated across allthe servers in the pipeline 57ddd59c-82e7-4c8a-99fd-7886daa09d7b as the min replicated index is 4. Deletion is not allowed in this container yet.
2019-10-21 21:52:32,462 [BlockDeletingService#2] WARN  background.BlockDeletingService (BlockDeletingService.java:isDeletionAllowed(187)) - Close Container log Index 6 is not replicated across allthe servers in the pipeline 57ddd59c-82e7-4c8a-99fd-7886daa09d7b as the min replicated index is 4. Deletion is not allowed in this container yet.
2019-10-21 21:52:32,506 [EventQueue-ContainerReportForContainerReportHandler] WARN  container.ContainerReportHandler (AbstractContainerReportHandler.java:updateContainerState(145)) - Container #1 is in OPEN state, but the datanode 0794a7c8-829f-468b-b883-2035423e3fbd{ip: 192.168.34.8, host: pr-hdds-2310-sp97z-1197097266, networkLocation: /default-rack, certSerialId: null} reports an CLOSED replica.
2019-10-21 21:52:32,597 [EventQueue-ContainerReportForContainerReportHandler] WARN  container.ContainerReportHandler (AbstractContainerReportHandler.java:updateContainerState(145)) - Container #1 is in OPEN state, but the datanode 06b05a7f-a473-42c9-9200-88e1a405b515{ip: 192.168.34.8, host: pr-hdds-2310-sp97z-1197097266, networkLocation: /default-rack, certSerialId: null} reports an CLOSED replica.
2019-10-21 21:52:32,797 [EventQueue-ContainerReportForContainerReportHandler] WARN  container.ContainerReportHandler (AbstractContainerReportHandler.java:updateContainerState(145)) - Container #1 is in OPEN state, but the datanode 06b05a7f-a473-42c9-9200-88e1a405b515{ip: 192.168.34.8, host: pr-hdds-2310-sp97z-1197097266, networkLocation: /default-rack, certSerialId: null} reports an CLOSED replica.
2019-10-21 21:52:32,805 [EventQueue-ContainerReportForContainerReportHandler] WARN  container.ContainerReportHandler (AbstractContainerReportHandler.java:updateContainerState(145)) - Container #1 is in OPEN state, but the datanode 0794a7c8-829f-468b-b883-2035423e3fbd{ip: 192.168.34.8, host: pr-hdds-2310-sp97z-1197097266, networkLocation: /default-rack, certSerialId: null} reports an CLOSED replica.
2019-10-21 21:52:33,106 [EventQueue-ContainerReportForContainerReportHandler] WARN  container.ContainerReportHandler (AbstractContainerReportHandler.java:updateContainerState(145)) - Container #1 is in OPEN state, but the datanode 0794a7c8-829f-468b-b883-2035423e3fbd{ip: 192.168.34.8, host: pr-hdds-2310-sp97z-1197097266, networkLocation: /default-rack, certSerialId: null} reports an CLOSED replica.
2019-10-21 21:52:33,197 [EventQueue-ContainerReportForContainerReportHandler] WARN  container.ContainerReportHandler (AbstractContainerReportHandler.java:updateContainerState(145)) - Container #1 is in OPEN state, but the datanode 06b05a7f-a473-42c9-9200-88e1a405b515{ip: 192.168.34.8, host: pr-hdds-2310-sp97z-1197097266, networkLocation: /default-rack, certSerialId: null} reports an CLOSED replica.
2019-10-21 21:52:33,466 [BlockDeletingService#2] WARN  background.BlockDeletingService (BlockDeletingService.java:isDeletionAllowed(187)) - Close Container log Index 6 is not replicated across allthe servers in the pipeline 57ddd59c-82e7-4c8a-99fd-7886daa09d7b as the min replicated index is 4. Deletion is not allowed in this container yet.
2019-10-21 21:52:33,466 [BlockDeletingService#2] WARN  background.BlockDeletingService (BlockDeletingService.java:isDeletionAllowed(187)) - Close Container log Index 6 is not replicated across allthe servers in the pipeline 57ddd59c-82e7-4c8a-99fd-7886daa09d7b as the min replicated index is 4. Deletion is not allowed in this container yet.
2019-10-21 21:52:33,497 [EventQueue-ContainerReportForContainerReportHandler] WARN  container.ContainerReportHandler (AbstractContainerReportHandler.java:updateContainerState(145)) - Container #1 is in OPEN state, but the datanode 06b05a7f-a473-42c9-9200-88e1a405b515{ip: 192.168.34.8, host: pr-hdds-2310-sp97z-1197097266, networkLocation: /default-rack, certSerialId: null} reports an CLOSED replica.
2019-10-21 21:52:33,506 [EventQueue-ContainerReportForContainerReportHandler] WARN  container.ContainerReportHandler (AbstractContainerReportHandler.java:updateContainerState(145)) - Container #1 is in OPEN state, but the datanode 0794a7c8-829f-468b-b883-2035423e3fbd{ip: 192.168.34.8, host: pr-hdds-2310-sp97z-1197097266, networkLocation: /default-rack, certSerialId: null} reports an CLOSED replica.
2019-10-21 21:52:33,707 [EventQueue-ContainerReportForContainerReportHandler] WARN  container.ContainerReportHandler (AbstractContainerReportHandler.java:updateContainerState(145)) - Container #1 is in OPEN state, but the datanode 0794a7c8-829f-468b-b883-2035423e3fbd{ip: 192.168.34.8, host: pr-hdds-2310-sp97z-1197097266, networkLocation: /default-rack, certSerialId: null} reports an CLOSED replica.
2019-10-21 21:52:33,755 [Thread-462] INFO  client.GrpcClientProtocolService (GrpcClientProtocolService.java:lambda$processClientRequest$0(278)) - Failed RaftClientRequest:client-5B812E6CE025->0794a7c8-829f-468b-b883-2035423e3fbd@group-7886DAA09D7B, cid=10, seq=0, Watch-ALL_COMMITTED(6), Message:<EMPTY>, reply=RaftClientReply:client-5B812E6CE025->0794a7c8-829f-468b-b883-2035423e3fbd@group-7886DAA09D7B, cid=10, FAILED org.apache.ratis.protocol.NotReplicatedException: Request with call Id 10 and log index 6 is not yet replicated to ALL_COMMITTED, logIndex=6, commits[0794a7c8-829f-468b-b883-2035423e3fbd:c10, e5ffd24e-bf4a-4ea8-9998-5222e19566cd:c4, 06b05a7f-a473-42c9-9200-88e1a405b515:c10]
2019-10-21 21:52:33,797 [EventQueue-ContainerReportForContainerReportHandler] WARN  container.ContainerReportHandler (AbstractContainerReportHandler.java:updateContainerState(145)) - Container #1 is in OPEN state, but the datanode 06b05a7f-a473-42c9-9200-88e1a405b515{ip: 192.168.34.8, host: pr-hdds-2310-sp97z-1197097266, networkLocation: /default-rack, certSerialId: null} reports an CLOSED replica.
2019-10-21 21:52:34,107 [EventQueue-ContainerReportForContainerReportHandler] WARN  container.ContainerReportHandler (AbstractContainerReportHandler.java:updateContainerState(145)) - Container #1 is in OPEN state, but the datanode 0794a7c8-829f-468b-b883-2035423e3fbd{ip: 192.168.34.8, host: pr-hdds-2310-sp97z-1197097266, networkLocation: /default-rack, certSerialId: null} reports an CLOSED replica.
2019-10-21 21:52:34,197 [EventQueue-ContainerReportForContainerReportHandler] WARN  container.ContainerReportHandler (AbstractContainerReportHandler.java:updateContainerState(145)) - Container #1 is in OPEN state, but the datanode 06b05a7f-a473-42c9-9200-88e1a405b515{ip: 192.168.34.8, host: pr-hdds-2310-sp97z-1197097266, networkLocation: /default-rack, certSerialId: null} reports an CLOSED replica.
2019-10-21 21:52:34,221 [java.util.concurrent.ThreadPoolExecutor$Worker@69885592[State = -1, empty queue]] WARN  server.GrpcLogAppender (GrpcLogAppender.java:timeoutAppendRequest(209)) - 0794a7c8-829f-468b-b883-2035423e3fbd@group-7886DAA09D7B->e5ffd24e-bf4a-4ea8-9998-5222e19566cd-GrpcLogAppender: appendEntries Timeout, request=0794a7c8-829f-468b-b883-2035423e3fbd->e5ffd24e-bf4a-4ea8-9998-5222e19566cd#43-t1, previous=(t:1, i:10), leaderCommit=10, initializing? false, entries: <empty>
2019-10-21 21:52:34,397 [EventQueue-ContainerReportForContainerReportHandler] WARN  container.ContainerReportHandler (AbstractContainerReportHandler.java:updateContainerState(145)) - Container #1 is in OPEN state, but the datanode 06b05a7f-a473-42c9-9200-88e1a405b515{ip: 192.168.34.8, host: pr-hdds-2310-sp97z-1197097266, networkLocation: /default-rack, certSerialId: null} reports an CLOSED replica.
2019-10-21 21:52:34,407 [EventQueue-ContainerReportForContainerReportHandler] WARN  container.ContainerReportHandler (AbstractContainerReportHandler.java:updateContainerState(145)) - Container #1 is in OPEN state, but the datanode 0794a7c8-829f-468b-b883-2035423e3fbd{ip: 192.168.34.8, host: pr-hdds-2310-sp97z-1197097266, networkLocation: /default-rack, certSerialId: null} reports an CLOSED replica.
2019-10-21 21:52:34,468 [BlockDeletingService#2] WARN  background.BlockDeletingService (BlockDeletingService.java:isDeletionAllowed(187)) - Close Container log Index 6 is not replicated across allthe servers in the pipeline 57ddd59c-82e7-4c8a-99fd-7886daa09d7b as the min replicated index is 4. Deletion is not allowed in this container yet.
2019-10-21 21:52:34,468 [BlockDeletingService#2] WARN  background.BlockDeletingService (BlockDeletingService.java:isDeletionAllowed(187)) - Close Container log Index 6 is not replicated across allthe servers in the pipeline 57ddd59c-82e7-4c8a-99fd-7886daa09d7b as the min replicated index is 4. Deletion is not allowed in this container yet.
2019-10-21 21:52:34,607 [EventQueue-ContainerReportForContainerReportHandler] WARN  container.ContainerReportHandler (AbstractContainerReportHandler.java:updateContainerState(145)) - Container #1 is in OPEN state, but the datanode 0794a7c8-829f-468b-b883-2035423e3fbd{ip: 192.168.34.8, host: pr-hdds-2310-sp97z-1197097266, networkLocation: /default-rack, certSerialId: null} reports an CLOSED replica.
2019-10-21 21:52:34,698 [EventQueue-ContainerReportForContainerReportHandler] WARN  container.ContainerReportHandler (AbstractContainerReportHandler.java:updateContainerState(145)) - Container #1 is in OPEN state, but the datanode 06b05a7f-a473-42c9-9200-88e1a405b515{ip: 192.168.34.8, host: pr-hdds-2310-sp97z-1197097266, networkLocation: /default-rack, certSerialId: null} reports an CLOSED replica.
2019-10-21 21:52:34,907 [EventQueue-ContainerReportForContainerReportHandler] WARN  container.ContainerReportHandler (AbstractContainerReportHandler.java:updateContainerState(145)) - Container #1 is in OPEN state, but the datanode 0794a7c8-829f-468b-b883-2035423e3fbd{ip: 192.168.34.8, host: pr-hdds-2310-sp97z-1197097266, networkLocation: /default-rack, certSerialId: null} reports an CLOSED replica.
2019-10-21 21:52:34,998 [EventQueue-ContainerReportForContainerReportHandler] WARN  container.ContainerReportHandler (AbstractContainerReportHandler.java:updateContainerState(145)) - Container #1 is in OPEN state, but the datanode 06b05a7f-a473-42c9-9200-88e1a405b515{ip: 192.168.34.8, host: pr-hdds-2310-sp97z-1197097266, networkLocation: /default-rack, certSerialId: null} reports an CLOSED replica.
2019-10-21 21:52:35,197 [EventQueue-ContainerReportForContainerReportHandler] WARN  container.ContainerReportHandler (AbstractContainerReportHandler.java:updateContainerState(145)) - Container #1 is in OPEN state, but the datanode 06b05a7f-a473-42c9-9200-88e1a405b515{ip: 192.168.34.8, host: pr-hdds-2310-sp97z-1197097266, networkLocation: /default-rack, certSerialId: null} reports an CLOSED replica.
2019-10-21 21:52:35,207 [EventQueue-ContainerReportForContainerReportHandler] WARN  container.ContainerReportHandler (AbstractContainerReportHandler.java:updateContainerState(145)) - Container #1 is in OPEN state, but the datanode 0794a7c8-829f-468b-b883-2035423e3fbd{ip: 192.168.34.8, host: pr-hdds-2310-sp97z-1197097266, networkLocation: /default-rack, certSerialId: null} reports an CLOSED replica.
2019-10-21 21:52:35,407 [EventQueue-ContainerReportForContainerReportHandler] WARN  container.ContainerReportHandler (AbstractContainerReportHandler.java:updateContainerState(145)) - Container #1 is in OPEN state, but the datanode 0794a7c8-829f-468b-b883-2035423e3fbd{ip: 192.168.34.8, host: pr-hdds-2310-sp97z-1197097266, networkLocation: /default-rack, certSerialId: null} reports an CLOSED replica.
2019-10-21 21:52:35,470 [BlockDeletingService#2] WARN  background.BlockDeletingService (BlockDeletingService.java:isDeletionAllowed(187)) - Close Container log Index 6 is not replicated across allthe servers in the pipeline 57ddd59c-82e7-4c8a-99fd-7886daa09d7b as the min replicated index is 4. Deletion is not allowed in this container yet.
2019-10-21 21:52:35,470 [BlockDeletingService#2] WARN  background.BlockDeletingService (BlockDeletingService.java:isDeletionAllowed(187)) - Close Container log Index 6 is not replicated across allthe servers in the pipeline 57ddd59c-82e7-4c8a-99fd-7886daa09d7b as the min replicated index is 4. Deletion is not allowed in this container yet.
2019-10-21 21:52:35,498 [EventQueue-ContainerReportForContainerReportHandler] WARN  container.ContainerReportHandler (AbstractContainerReportHandler.java:updateContainerState(145)) - Container #1 is in OPEN state, but the datanode 06b05a7f-a473-42c9-9200-88e1a405b515{ip: 192.168.34.8, host: pr-hdds-2310-sp97z-1197097266, networkLocation: /default-rack, certSerialId: null} reports an CLOSED replica.
2019-10-21 21:52:35,799 [EventQueue-ContainerReportForContainerReportHandler] WARN  container.ContainerReportHandler (AbstractContainerReportHandler.java:updateContainerState(145)) - Container #1 is in OPEN state, but the datanode 06b05a7f-a473-42c9-9200-88e1a405b515{ip: 192.168.34.8, host: pr-hdds-2310-sp97z-1197097266, networkLocation: /default-rack, certSerialId: null} reports an CLOSED replica.
2019-10-21 21:52:35,808 [EventQueue-ContainerReportForContainerReportHandler] WARN  container.ContainerReportHandler (AbstractContainerReportHandler.java:updateContainerState(145)) - Container #1 is in OPEN state, but the datanode 0794a7c8-829f-468b-b883-2035423e3fbd{ip: 192.168.34.8, host: pr-hdds-2310-sp97z-1197097266, networkLocation: /default-rack, certSerialId: null} reports an CLOSED replica.
2019-10-21 21:52:36,099 [EventQueue-ContainerReportForContainerReportHandler] WARN  container.ContainerReportHandler (AbstractContainerReportHandler.java:updateContainerState(145)) - Container #1 is in OPEN state, but the datanode 06b05a7f-a473-42c9-9200-88e1a405b515{ip: 192.168.34.8, host: pr-hdds-2310-sp97z-1197097266, networkLocation: /default-rack, certSerialId: null} reports an CLOSED replica.
2019-10-21 21:52:36,107 [EventQueue-ContainerReportForContainerReportHandler] WARN  container.ContainerReportHandler (AbstractContainerReportHandler.java:updateContainerState(145)) - Container #1 is in OPEN state, but the datanode 0794a7c8-829f-468b-b883-2035423e3fbd{ip: 192.168.34.8, host: pr-hdds-2310-sp97z-1197097266, networkLocation: /default-rack, certSerialId: null} reports an CLOSED replica.
2019-10-21 21:52:36,398 [EventQueue-ContainerReportForContainerReportHandler] WARN  container.ContainerReportHandler (AbstractContainerReportHandler.java:updateContainerState(145)) - Container #1 is in OPEN state, but the datanode 06b05a7f-a473-42c9-9200-88e1a405b515{ip: 192.168.34.8, host: pr-hdds-2310-sp97z-1197097266, networkLocation: /default-rack, certSerialId: null} reports an CLOSED replica.
2019-10-21 21:52:36,407 [EventQueue-ContainerReportForContainerReportHandler] WARN  container.ContainerReportHandler (AbstractContainerReportHandler.java:updateContainerState(145)) - Container #1 is in OPEN state, but the datanode 0794a7c8-829f-468b-b883-2035423e3fbd{ip: 192.168.34.8, host: pr-hdds-2310-sp97z-1197097266, networkLocation: /default-rack, certSerialId: null} reports an CLOSED replica.
2019-10-21 21:52:36,471 [BlockDeletingService#2] WARN  background.BlockDeletingService (BlockDeletingService.java:isDeletionAllowed(187)) - Close Container log Index 6 is not replicated across allthe servers in the pipeline 57ddd59c-82e7-4c8a-99fd-7886daa09d7b as the min replicated index is 4. Deletion is not allowed in this container yet.
2019-10-21 21:52:36,471 [BlockDeletingService#2] WARN  background.BlockDeletingService (BlockDeletingService.java:isDeletionAllowed(187)) - Close Container log Index 6 is not replicated across allthe servers in the pipeline 57ddd59c-82e7-4c8a-99fd-7886daa09d7b as the min replicated index is 4. Deletion is not allowed in this container yet.
2019-10-21 21:52:36,722 [java.util.concurrent.ThreadPoolExecutor$Worker@69885592[State = -1, empty queue]] WARN  server.GrpcLogAppender (GrpcLogAppender.java:timeoutAppendRequest(209)) - 0794a7c8-829f-468b-b883-2035423e3fbd@group-7886DAA09D7B->e5ffd24e-bf4a-4ea8-9998-5222e19566cd-GrpcLogAppender: appendEntries Timeout, request=0794a7c8-829f-468b-b883-2035423e3fbd->e5ffd24e-bf4a-4ea8-9998-5222e19566cd#44-t1, previous=(t:1, i:10), leaderCommit=10, initializing? false, entries: <empty>
2019-10-21 21:52:36,798 [EventQueue-ContainerReportForContainerReportHandler] WARN  container.ContainerReportHandler (AbstractContainerReportHandler.java:updateContainerState(145)) - Container #1 is in OPEN state, but the datanode 06b05a7f-a473-42c9-9200-88e1a405b515{ip: 192.168.34.8, host: pr-hdds-2310-sp97z-1197097266, networkLocation: /default-rack, certSerialId: null} reports an CLOSED replica.
2019-10-21 21:52:36,809 [EventQueue-ContainerReportForContainerReportHandler] WARN  container.ContainerReportHandler (AbstractContainerReportHandler.java:updateContainerState(145)) - Container #1 is in OPEN state, but the datanode 0794a7c8-829f-468b-b883-2035423e3fbd{ip: 192.168.34.8, host: pr-hdds-2310-sp97z-1197097266, networkLocation: /default-rack, certSerialId: null} reports an CLOSED replica.
2019-10-21 21:52:36,998 [EventQueue-ContainerReportForContainerReportHandler] WARN  container.ContainerReportHandler (AbstractContainerReportHandler.java:updateContainerState(145)) - Container #1 is in OPEN state, but the datanode 06b05a7f-a473-42c9-9200-88e1a405b515{ip: 192.168.34.8, host: pr-hdds-2310-sp97z-1197097266, networkLocation: /default-rack, certSerialId: null} reports an CLOSED replica.
2019-10-21 21:52:37,108 [EventQueue-ContainerReportForContainerReportHandler] WARN  container.ContainerReportHandler (AbstractContainerReportHandler.java:updateContainerState(145)) - Container #1 is in OPEN state, but the datanode 0794a7c8-829f-468b-b883-2035423e3fbd{ip: 192.168.34.8, host: pr-hdds-2310-sp97z-1197097266, networkLocation: /default-rack, certSerialId: null} reports an CLOSED replica.
2019-10-21 21:52:37,398 [EventQueue-ContainerReportForContainerReportHandler] WARN  container.ContainerReportHandler (AbstractContainerReportHandler.java:updateContainerState(145)) - Container #1 is in OPEN state, but the datanode 06b05a7f-a473-42c9-9200-88e1a405b515{ip: 192.168.34.8, host: pr-hdds-2310-sp97z-1197097266, networkLocation: /default-rack, certSerialId: null} reports an CLOSED replica.
2019-10-21 21:52:37,408 [EventQueue-ContainerReportForContainerReportHandler] WARN  container.ContainerReportHandler (AbstractContainerReportHandler.java:updateContainerState(145)) - Container #1 is in OPEN state, but the datanode 0794a7c8-829f-468b-b883-2035423e3fbd{ip: 192.168.34.8, host: pr-hdds-2310-sp97z-1197097266, networkLocation: /default-rack, certSerialId: null} reports an CLOSED replica.
2019-10-21 21:52:37,473 [BlockDeletingService#2] WARN  background.BlockDeletingService (BlockDeletingService.java:isDeletionAllowed(187)) - Close Container log Index 6 is not replicated across allthe servers in the pipeline 57ddd59c-82e7-4c8a-99fd-7886daa09d7b as the min replicated index is 4. Deletion is not allowed in this container yet.
2019-10-21 21:52:37,473 [BlockDeletingService#2] WARN  background.BlockDeletingService (BlockDeletingService.java:isDeletionAllowed(187)) - Close Container log Index 6 is not replicated across allthe servers in the pipeline 57ddd59c-82e7-4c8a-99fd-7886daa09d7b as the min replicated index is 4. Deletion is not allowed in this container yet.
2019-10-21 21:52:37,698 [EventQueue-ContainerReportForContainerReportHandler] WARN  container.ContainerReportHandler (AbstractContainerReportHandler.java:updateContainerState(145)) - Container #1 is in OPEN state, but the datanode 06b05a7f-a473-42c9-9200-88e1a405b515{ip: 192.168.34.8, host: pr-hdds-2310-sp97z-1197097266, networkLocation: /default-rack, certSerialId: null} reports an CLOSED replica.
2019-10-21 21:52:37,709 [EventQueue-ContainerReportForContainerReportHandler] WARN  container.ContainerReportHandler (AbstractContainerReportHandler.java:updateContainerState(145)) - Container #1 is in OPEN state, but the datanode 0794a7c8-829f-468b-b883-2035423e3fbd{ip: 192.168.34.8, host: pr-hdds-2310-sp97z-1197097266, networkLocation: /default-rack, certSerialId: null} reports an CLOSED replica.
2019-10-21 21:52:38,098 [EventQueue-ContainerReportForContainerReportHandler] WARN  container.ContainerReportHandler (AbstractContainerReportHandler.java:updateContainerState(145)) - Container #1 is in OPEN state, but the datanode 06b05a7f-a473-42c9-9200-88e1a405b515{ip: 192.168.34.8, host: pr-hdds-2310-sp97z-1197097266, networkLocation: /default-rack, certSerialId: null} reports an CLOSED replica.
2019-10-21 21:52:38,110 [EventQueue-ContainerReportForContainerReportHandler] WARN  container.ContainerReportHandler (AbstractContainerReportHandler.java:updateContainerState(145)) - Container #1 is in OPEN state, but the datanode 0794a7c8-829f-468b-b883-2035423e3fbd{ip: 192.168.34.8, host: pr-hdds-2310-sp97z-1197097266, networkLocation: /default-rack, certSerialId: null} reports an CLOSED replica.
2019-10-21 21:52:38,299 [EventQueue-ContainerReportForContainerReportHandler] WARN  container.ContainerReportHandler (AbstractContainerReportHandler.java:updateContainerState(145)) - Container #1 is in OPEN state, but the datanode 06b05a7f-a473-42c9-9200-88e1a405b515{ip: 192.168.34.8, host: pr-hdds-2310-sp97z-1197097266, networkLocation: /default-rack, certSerialId: null} reports an CLOSED replica.
2019-10-21 21:52:38,410 [EventQueue-ContainerReportForContainerReportHandler] WARN  container.ContainerReportHandler (AbstractContainerReportHandler.java:updateContainerState(145)) - Container #1 is in OPEN state, but the datanode 0794a7c8-829f-468b-b883-2035423e3fbd{ip: 192.168.34.8, host: pr-hdds-2310-sp97z-1197097266, networkLocation: /default-rack, certSerialId: null} reports an CLOSED replica.
2019-10-21 21:52:38,475 [BlockDeletingService#2] WARN  background.BlockDeletingService (BlockDeletingService.java:isDeletionAllowed(187)) - Close Container log Index 6 is not replicated across allthe servers in the pipeline 57ddd59c-82e7-4c8a-99fd-7886daa09d7b as the min replicated index is 4. Deletion is not allowed in this container yet.
2019-10-21 21:52:38,475 [BlockDeletingService#2] WARN  background.BlockDeletingService (BlockDeletingService.java:isDeletionAllowed(187)) - Close Container log Index 6 is not replicated across allthe servers in the pipeline 57ddd59c-82e7-4c8a-99fd-7886daa09d7b as the min replicated index is 4. Deletion is not allowed in this container yet.
2019-10-21 21:52:38,501 [EventQueue-ContainerReportForContainerReportHandler] WARN  container.ContainerReportHandler (AbstractContainerReportHandler.java:updateContainerState(145)) - Container #1 is in OPEN state, but the datanode 06b05a7f-a473-42c9-9200-88e1a405b515{ip: 192.168.34.8, host: pr-hdds-2310-sp97z-1197097266, networkLocation: /default-rack, certSerialId: null} reports an CLOSED replica.
2019-10-21 21:52:38,701 [EventQueue-ContainerReportForContainerReportHandler] WARN  container.ContainerReportHandler (AbstractContainerReportHandler.java:updateContainerState(145)) - Container #1 is in OPEN state, but the datanode 06b05a7f-a473-42c9-9200-88e1a405b515{ip: 192.168.34.8, host: pr-hdds-2310-sp97z-1197097266, networkLocation: /default-rack, certSerialId: null} reports an CLOSED replica.
2019-10-21 21:52:38,812 [EventQueue-ContainerReportForContainerReportHandler] WARN  container.ContainerReportHandler (AbstractContainerReportHandler.java:updateContainerState(145)) - Container #1 is in OPEN state, but the datanode 0794a7c8-829f-468b-b883-2035423e3fbd{ip: 192.168.34.8, host: pr-hdds-2310-sp97z-1197097266, networkLocation: /default-rack, certSerialId: null} reports an CLOSED replica.
2019-10-21 21:52:38,902 [EventQueue-ContainerReportForContainerReportHandler] WARN  container.ContainerReportHandler (AbstractContainerReportHandler.java:updateContainerState(145)) - Container #1 is in OPEN state, but the datanode 06b05a7f-a473-42c9-9200-88e1a405b515{ip: 192.168.34.8, host: pr-hdds-2310-sp97z-1197097266, networkLocation: /default-rack, certSerialId: null} reports an CLOSED replica.
2019-10-21 21:52:39,101 [EventQueue-ContainerReportForContainerReportHandler] WARN  container.ContainerReportHandler (AbstractContainerReportHandler.java:updateContainerState(145)) - Container #1 is in OPEN state, but the datanode 06b05a7f-a473-42c9-9200-88e1a405b515{ip: 192.168.34.8, host: pr-hdds-2310-sp97z-1197097266, networkLocation: /default-rack, certSerialId: null} reports an CLOSED replica.
2019-10-21 21:52:39,111 [EventQueue-ContainerReportForContainerReportHandler] WARN  container.ContainerReportHandler (AbstractContainerReportHandler.java:updateContainerState(145)) - Container #1 is in OPEN state, but the datanode 0794a7c8-829f-468b-b883-2035423e3fbd{ip: 192.168.34.8, host: pr-hdds-2310-sp97z-1197097266, networkLocation: /default-rack, certSerialId: null} reports an CLOSED replica.
2019-10-21 21:52:39,223 [java.util.concurrent.ThreadPoolExecutor$Worker@69885592[State = -1, empty queue]] WARN  server.GrpcLogAppender (GrpcLogAppender.java:timeoutAppendRequest(209)) - 0794a7c8-829f-468b-b883-2035423e3fbd@group-7886DAA09D7B->e5ffd24e-bf4a-4ea8-9998-5222e19566cd-GrpcLogAppender: appendEntries Timeout, request=0794a7c8-829f-468b-b883-2035423e3fbd->e5ffd24e-bf4a-4ea8-9998-5222e19566cd#45-t1, previous=(t:1, i:10), leaderCommit=10, initializing? false, entries: <empty>
2019-10-21 21:52:39,402 [EventQueue-ContainerReportForContainerReportHandler] WARN  container.ContainerReportHandler (AbstractContainerReportHandler.java:updateContainerState(145)) - Container #1 is in OPEN state, but the datanode 06b05a7f-a473-42c9-9200-88e1a405b515{ip: 192.168.34.8, host: pr-hdds-2310-sp97z-1197097266, networkLocation: /default-rack, certSerialId: null} reports an CLOSED replica.
2019-10-21 21:52:39,412 [EventQueue-ContainerReportForContainerReportHandler] WARN  container.ContainerReportHandler (AbstractContainerReportHandler.java:updateContainerState(145)) - Container #1 is in OPEN state, but the datanode 0794a7c8-829f-468b-b883-2035423e3fbd{ip: 192.168.34.8, host: pr-hdds-2310-sp97z-1197097266, networkLocation: /default-rack, certSerialId: null} reports an CLOSED replica.
2019-10-21 21:52:39,478 [BlockDeletingService#2] WARN  background.BlockDeletingService (BlockDeletingService.java:isDeletionAllowed(187)) - Close Container log Index 6 is not replicated across allthe servers in the pipeline 57ddd59c-82e7-4c8a-99fd-7886daa09d7b as the min replicated index is 4. Deletion is not allowed in this container yet.
2019-10-21 21:52:39,478 [BlockDeletingService#2] WARN  background.BlockDeletingService (BlockDeletingService.java:isDeletionAllowed(187)) - Close Container log Index 6 is not replicated across allthe servers in the pipeline 57ddd59c-82e7-4c8a-99fd-7886daa09d7b as the min replicated index is 4. Deletion is not allowed in this container yet.
2019-10-21 21:52:39,702 [EventQueue-ContainerReportForContainerReportHandler] WARN  container.ContainerReportHandler (AbstractContainerReportHandler.java:updateContainerState(145)) - Container #1 is in OPEN state, but the datanode 06b05a7f-a473-42c9-9200-88e1a405b515{ip: 192.168.34.8, host: pr-hdds-2310-sp97z-1197097266, networkLocation: /default-rack, certSerialId: null} reports an CLOSED replica.
2019-10-21 21:52:39,712 [EventQueue-ContainerReportForContainerReportHandler] WARN  container.ContainerReportHandler (AbstractContainerReportHandler.java:updateContainerState(145)) - Container #1 is in OPEN state, but the datanode 0794a7c8-829f-468b-b883-2035423e3fbd{ip: 192.168.34.8, host: pr-hdds-2310-sp97z-1197097266, networkLocation: /default-rack, certSerialId: null} reports an CLOSED replica.
2019-10-21 21:52:40,002 [EventQueue-ContainerReportForContainerReportHandler] WARN  container.ContainerReportHandler (AbstractContainerReportHandler.java:updateContainerState(145)) - Container #1 is in OPEN state, but the datanode 06b05a7f-a473-42c9-9200-88e1a405b515{ip: 192.168.34.8, host: pr-hdds-2310-sp97z-1197097266, networkLocation: /default-rack, certSerialId: null} reports an CLOSED replica.
2019-10-21 21:52:40,112 [EventQueue-ContainerReportForContainerReportHandler] WARN  container.ContainerReportHandler (AbstractContainerReportHandler.java:updateContainerState(145)) - Container #1 is in OPEN state, but the datanode 0794a7c8-829f-468b-b883-2035423e3fbd{ip: 192.168.34.8, host: pr-hdds-2310-sp97z-1197097266, networkLocation: /default-rack, certSerialId: null} reports an CLOSED replica.
2019-10-21 21:52:40,403 [EventQueue-ContainerReportForContainerReportHandler] WARN  container.ContainerReportHandler (AbstractContainerReportHandler.java:updateContainerState(145)) - Container #1 is in OPEN state, but the datanode 06b05a7f-a473-42c9-9200-88e1a405b515{ip: 192.168.34.8, host: pr-hdds-2310-sp97z-1197097266, networkLocation: /default-rack, certSerialId: null} reports an CLOSED replica.
2019-10-21 21:52:40,413 [EventQueue-ContainerReportForContainerReportHandler] WARN  container.ContainerReportHandler (AbstractContainerReportHandler.java:updateContainerState(145)) - Container #1 is in OPEN state, but the datanode 0794a7c8-829f-468b-b883-2035423e3fbd{ip: 192.168.34.8, host: pr-hdds-2310-sp97z-1197097266, networkLocation: /default-rack, certSerialId: null} reports an CLOSED replica.
2019-10-21 21:52:40,480 [BlockDeletingService#2] WARN  background.BlockDeletingService (BlockDeletingService.java:isDeletionAllowed(187)) - Close Container log Index 6 is not replicated across allthe servers in the pipeline 57ddd59c-82e7-4c8a-99fd-7886daa09d7b as the min replicated index is 4. Deletion is not allowed in this container yet.
2019-10-21 21:52:40,480 [BlockDeletingService#2] WARN  background.BlockDeletingService (BlockDeletingService.java:isDeletionAllowed(187)) - Close Container log Index 6 is not replicated across allthe servers in the pipeline 57ddd59c-82e7-4c8a-99fd-7886daa09d7b as the min replicated index is 4. Deletion is not allowed in this container yet.
2019-10-21 21:52:40,601 [EventQueue-ContainerReportForContainerReportHandler] WARN  container.ContainerReportHandler (AbstractContainerReportHandler.java:updateContainerState(145)) - Container #1 is in OPEN state, but the datanode 06b05a7f-a473-42c9-9200-88e1a405b515{ip: 192.168.34.8, host: pr-hdds-2310-sp97z-1197097266, networkLocation: /default-rack, certSerialId: null} reports an CLOSED replica.
2019-10-21 21:52:40,613 [EventQueue-ContainerReportForContainerReportHandler] WARN  container.ContainerReportHandler (AbstractContainerReportHandler.java:updateContainerState(145)) - Container #1 is in OPEN state, but the datanode 0794a7c8-829f-468b-b883-2035423e3fbd{ip: 192.168.34.8, host: pr-hdds-2310-sp97z-1197097266, networkLocation: /default-rack, certSerialId: null} reports an CLOSED replica.
2019-10-21 21:52:40,803 [EventQueue-ContainerReportForContainerReportHandler] WARN  container.ContainerReportHandler (AbstractContainerReportHandler.java:updateContainerState(145)) - Container #1 is in OPEN state, but the datanode 06b05a7f-a473-42c9-9200-88e1a405b515{ip: 192.168.34.8, host: pr-hdds-2310-sp97z-1197097266, networkLocation: /default-rack, certSerialId: null} reports an CLOSED replica.
2019-10-21 21:52:40,913 [EventQueue-ContainerReportForContainerReportHandler] WARN  container.ContainerReportHandler (AbstractContainerReportHandler.java:updateContainerState(145)) - Container #1 is in OPEN state, but the datanode 0794a7c8-829f-468b-b883-2035423e3fbd{ip: 192.168.34.8, host: pr-hdds-2310-sp97z-1197097266, networkLocation: /default-rack, certSerialId: null} reports an CLOSED replica.
2019-10-21 21:52:41,102 [EventQueue-ContainerReportForContainerReportHandler] WARN  container.ContainerReportHandler (AbstractContainerReportHandler.java:updateContainerState(145)) - Container #1 is in OPEN state, but the datanode 06b05a7f-a473-42c9-9200-88e1a405b515{ip: 192.168.34.8, host: pr-hdds-2310-sp97z-1197097266, networkLocation: /default-rack, certSerialId: null} reports an CLOSED replica.
2019-10-21 21:52:41,303 [EventQueue-ContainerReportForContainerReportHandler] WARN  container.ContainerReportHandler (AbstractContainerReportHandler.java:updateContainerState(145)) - Container #1 is in OPEN state, but the datanode 06b05a7f-a473-42c9-9200-88e1a405b515{ip: 192.168.34.8, host: pr-hdds-2310-sp97z-1197097266, networkLocation: /default-rack, certSerialId: null} reports an CLOSED replica.
2019-10-21 21:52:41,314 [EventQueue-ContainerReportForContainerReportHandler] WARN  container.ContainerReportHandler (AbstractContainerReportHandler.java:updateContainerState(145)) - Container #1 is in OPEN state, but the datanode 0794a7c8-829f-468b-b883-2035423e3fbd{ip: 192.168.34.8, host: pr-hdds-2310-sp97z-1197097266, networkLocation: /default-rack, certSerialId: null} reports an CLOSED replica.
2019-10-21 21:52:41,482 [BlockDeletingService#2] WARN  background.BlockDeletingService (BlockDeletingService.java:isDeletionAllowed(187)) - Close Container log Index 6 is not replicated across allthe servers in the pipeline 57ddd59c-82e7-4c8a-99fd-7886daa09d7b as the min replicated index is 4. Deletion is not allowed in this container yet.
2019-10-21 21:52:41,483 [BlockDeletingService#2] WARN  background.BlockDeletingService (BlockDeletingService.java:isDeletionAllowed(187)) - Close Container log Index 6 is not replicated across allthe servers in the pipeline 57ddd59c-82e7-4c8a-99fd-7886daa09d7b as the min replicated index is 4. Deletion is not allowed in this container yet.
2019-10-21 21:52:41,603 [EventQueue-ContainerReportForContainerReportHandler] WARN  container.ContainerReportHandler (AbstractContainerReportHandler.java:updateContainerState(145)) - Container #1 is in OPEN state, but the datanode 06b05a7f-a473-42c9-9200-88e1a405b515{ip: 192.168.34.8, host: pr-hdds-2310-sp97z-1197097266, networkLocation: /default-rack, certSerialId: null} reports an CLOSED replica.
2019-10-21 21:52:41,615 [EventQueue-ContainerReportForContainerReportHandler] WARN  container.ContainerReportHandler (AbstractContainerReportHandler.java:updateContainerState(145)) - Container #1 is in OPEN state, but the datanode 0794a7c8-829f-468b-b883-2035423e3fbd{ip: 192.168.34.8, host: pr-hdds-2310-sp97z-1197097266, networkLocation: /default-rack, certSerialId: null} reports an CLOSED replica.
2019-10-21 21:52:41,725 [java.util.concurrent.ThreadPoolExecutor$Worker@69885592[State = -1, empty queue]] WARN  server.GrpcLogAppender (GrpcLogAppender.java:timeoutAppendRequest(209)) - 0794a7c8-829f-468b-b883-2035423e3fbd@group-7886DAA09D7B->e5ffd24e-bf4a-4ea8-9998-5222e19566cd-GrpcLogAppender: appendEntries Timeout, request=0794a7c8-829f-468b-b883-2035423e3fbd->e5ffd24e-bf4a-4ea8-9998-5222e19566cd#46-t1, previous=(t:1, i:10), leaderCommit=10, initializing? false, entries: <empty>
2019-10-21 21:52:41,804 [EventQueue-ContainerReportForContainerReportHandler] WARN  container.ContainerReportHandler (AbstractContainerReportHandler.java:updateContainerState(145)) - Container #1 is in OPEN state, but the datanode 06b05a7f-a473-42c9-9200-88e1a405b515{ip: 192.168.34.8, host: pr-hdds-2310-sp97z-1197097266, networkLocation: /default-rack, certSerialId: null} reports an CLOSED replica.
2019-10-21 21:52:41,917 [EventQueue-ContainerReportForContainerReportHandler] WARN  container.ContainerReportHandler (AbstractContainerReportHandler.java:updateContainerState(145)) - Container #1 is in OPEN state, but the datanode 0794a7c8-829f-468b-b883-2035423e3fbd{ip: 192.168.34.8, host: pr-hdds-2310-sp97z-1197097266, networkLocation: /default-rack, certSerialId: null} reports an CLOSED replica.
2019-10-21 21:52:42,104 [EventQueue-ContainerReportForContainerReportHandler] WARN  container.ContainerReportHandler (AbstractContainerReportHandler.java:updateContainerState(145)) - Container #1 is in OPEN state, but the datanode 06b05a7f-a473-42c9-9200-88e1a405b515{ip: 192.168.34.8, host: pr-hdds-2310-sp97z-1197097266, networkLocation: /default-rack, certSerialId: null} reports an CLOSED replica.
2019-10-21 21:52:42,217 [EventQueue-ContainerReportForContainerReportHandler] WARN  container.ContainerReportHandler (AbstractContainerReportHandler.java:updateContainerState(145)) - Container #1 is in OPEN state, but the datanode 0794a7c8-829f-468b-b883-2035423e3fbd{ip: 192.168.34.8, host: pr-hdds-2310-sp97z-1197097266, networkLocation: /default-rack, certSerialId: null} reports an CLOSED replica.
2019-10-21 21:52:42,404 [EventQueue-ContainerReportForContainerReportHandler] WARN  container.ContainerReportHandler (AbstractContainerReportHandler.java:updateContainerState(145)) - Container #1 is in OPEN state, but the datanode 06b05a7f-a473-42c9-9200-88e1a405b515{ip: 192.168.34.8, host: pr-hdds-2310-sp97z-1197097266, networkLocation: /default-rack, certSerialId: null} reports an CLOSED replica.
2019-10-21 21:52:42,430 [Thread-487] INFO  client.GrpcClientProtocolService (GrpcClientProtocolService.java:lambda$processClientRequest$0(278)) - Failed RaftClientRequest:client-5B812E6CE025->06b05a7f-a473-42c9-9200-88e1a405b515@group-7886DAA09D7B, cid=10, seq=0, Watch-ALL_COMMITTED(6), Message:<EMPTY>, reply=RaftClientReply:client-5B812E6CE025->06b05a7f-a473-42c9-9200-88e1a405b515@group-7886DAA09D7B, cid=10, FAILED org.apache.ratis.protocol.NotLeaderException: Server 06b05a7f-a473-42c9-9200-88e1a405b515@group-7886DAA09D7B is not the leader 0794a7c8-829f-468b-b883-2035423e3fbd:192.168.34.8:36706, logIndex=0, commits[06b05a7f-a473-42c9-9200-88e1a405b515:c10, e5ffd24e-bf4a-4ea8-9998-5222e19566cd:c4, 0794a7c8-829f-468b-b883-2035423e3fbd:c10]
2019-10-21 21:52:42,484 [BlockDeletingService#2] WARN  background.BlockDeletingService (BlockDeletingService.java:isDeletionAllowed(187)) - Close Container log Index 6 is not replicated across allthe servers in the pipeline 57ddd59c-82e7-4c8a-99fd-7886daa09d7b as the min replicated index is 4. Deletion is not allowed in this container yet.
2019-10-21 21:52:42,484 [BlockDeletingService#2] WARN  background.BlockDeletingService (BlockDeletingService.java:isDeletionAllowed(187)) - Close Container log Index 6 is not replicated across allthe servers in the pipeline 57ddd59c-82e7-4c8a-99fd-7886daa09d7b as the min replicated index is 4. Deletion is not allowed in this container yet.
2019-10-21 21:52:42,519 [EventQueue-ContainerReportForContainerReportHandler] WARN  container.ContainerReportHandler (AbstractContainerReportHandler.java:updateContainerState(145)) - Container #1 is in OPEN state, but the datanode 0794a7c8-829f-468b-b883-2035423e3fbd{ip: 192.168.34.8, host: pr-hdds-2310-sp97z-1197097266, networkLocation: /default-rack, certSerialId: null} reports an CLOSED replica.
2019-10-21 21:52:42,755 [Thread-492] INFO  client.GrpcClientProtocolService (GrpcClientProtocolService.java:lambda$processClientRequest$0(278)) - Failed RaftClientRequest:client-5B812E6CE025->0794a7c8-829f-468b-b883-2035423e3fbd@group-7886DAA09D7B, cid=10, seq=0, Watch-ALL_COMMITTED(6), Message:<EMPTY>, reply=RaftClientReply:client-5B812E6CE025->0794a7c8-829f-468b-b883-2035423e3fbd@group-7886DAA09D7B, cid=10, FAILED org.apache.ratis.protocol.NotReplicatedException: Request with call Id 10 and log index 6 is not yet replicated to ALL_COMMITTED, logIndex=6, commits[0794a7c8-829f-468b-b883-2035423e3fbd:c10, e5ffd24e-bf4a-4ea8-9998-5222e19566cd:c4, 06b05a7f-a473-42c9-9200-88e1a405b515:c10]
2019-10-21 21:52:42,804 [EventQueue-ContainerReportForContainerReportHandler] WARN  container.ContainerReportHandler (AbstractContainerReportHandler.java:updateContainerState(145)) - Container #1 is in OPEN state, but the datanode 06b05a7f-a473-42c9-9200-88e1a405b515{ip: 192.168.34.8, host: pr-hdds-2310-sp97z-1197097266, networkLocation: /default-rack, certSerialId: null} reports an CLOSED replica.
2019-10-21 21:52:42,819 [EventQueue-ContainerReportForContainerReportHandler] WARN  container.ContainerReportHandler (AbstractContainerReportHandler.java:updateContainerState(145)) - Container #1 is in OPEN state, but the datanode 0794a7c8-829f-468b-b883-2035423e3fbd{ip: 192.168.34.8, host: pr-hdds-2310-sp97z-1197097266, networkLocation: /default-rack, certSerialId: null} reports an CLOSED replica.
2019-10-21 21:52:43,004 [EventQueue-ContainerReportForContainerReportHandler] WARN  container.ContainerReportHandler (AbstractContainerReportHandler.java:updateContainerState(145)) - Container #1 is in OPEN state, but the datanode 06b05a7f-a473-42c9-9200-88e1a405b515{ip: 192.168.34.8, host: pr-hdds-2310-sp97z-1197097266, networkLocation: /default-rack, certSerialId: null} reports an CLOSED replica.
2019-10-21 21:52:43,119 [EventQueue-ContainerReportForContainerReportHandler] WARN  container.ContainerReportHandler (AbstractContainerReportHandler.java:updateContainerState(145)) - Container #1 is in OPEN state, but the datanode 0794a7c8-829f-468b-b883-2035423e3fbd{ip: 192.168.34.8, host: pr-hdds-2310-sp97z-1197097266, networkLocation: /default-rack, certSerialId: null} reports an CLOSED replica.
2019-10-21 21:52:43,319 [EventQueue-ContainerReportForContainerReportHandler] WARN  container.ContainerReportHandler (AbstractContainerReportHandler.java:updateContainerState(145)) - Container #1 is in OPEN state, but the datanode 0794a7c8-829f-468b-b883-2035423e3fbd{ip: 192.168.34.8, host: pr-hdds-2310-sp97z-1197097266, networkLocation: /default-rack, certSerialId: null} reports an CLOSED replica.
2019-10-21 21:52:43,405 [EventQueue-ContainerReportForContainerReportHandler] WARN  container.ContainerReportHandler (AbstractContainerReportHandler.java:updateContainerState(145)) - Container #1 is in OPEN state, but the datanode 06b05a7f-a473-42c9-9200-88e1a405b515{ip: 192.168.34.8, host: pr-hdds-2310-sp97z-1197097266, networkLocation: /default-rack, certSerialId: null} reports an CLOSED replica.
2019-10-21 21:52:43,487 [BlockDeletingService#2] WARN  background.BlockDeletingService (BlockDeletingService.java:isDeletionAllowed(187)) - Close Container log Index 6 is not replicated across allthe servers in the pipeline 57ddd59c-82e7-4c8a-99fd-7886daa09d7b as the min replicated index is 4. Deletion is not allowed in this container yet.
2019-10-21 21:52:43,487 [BlockDeletingService#2] WARN  background.BlockDeletingService (BlockDeletingService.java:isDeletionAllowed(187)) - Close Container log Index 6 is not replicated across allthe servers in the pipeline 57ddd59c-82e7-4c8a-99fd-7886daa09d7b as the min replicated index is 4. Deletion is not allowed in this container yet.
2019-10-21 21:52:43,619 [EventQueue-ContainerReportForContainerReportHandler] WARN  container.ContainerReportHandler (AbstractContainerReportHandler.java:updateContainerState(145)) - Container #1 is in OPEN state, but the datanode 0794a7c8-829f-468b-b883-2035423e3fbd{ip: 192.168.34.8, host: pr-hdds-2310-sp97z-1197097266, networkLocation: /default-rack, certSerialId: null} reports an CLOSED replica.
2019-10-21 21:52:43,804 [EventQueue-ContainerReportForContainerReportHandler] WARN  container.ContainerReportHandler (AbstractContainerReportHandler.java:updateContainerState(145)) - Container #1 is in OPEN state, but the datanode 06b05a7f-a473-42c9-9200-88e1a405b515{ip: 192.168.34.8, host: pr-hdds-2310-sp97z-1197097266, networkLocation: /default-rack, certSerialId: null} reports an CLOSED replica.
2019-10-21 21:52:43,920 [EventQueue-ContainerReportForContainerReportHandler] WARN  container.ContainerReportHandler (AbstractContainerReportHandler.java:updateContainerState(145)) - Container #1 is in OPEN state, but the datanode 0794a7c8-829f-468b-b883-2035423e3fbd{ip: 192.168.34.8, host: pr-hdds-2310-sp97z-1197097266, networkLocation: /default-rack, certSerialId: null} reports an CLOSED replica.
2019-10-21 21:52:44,206 [EventQueue-ContainerReportForContainerReportHandler] WARN  container.ContainerReportHandler (AbstractContainerReportHandler.java:updateContainerState(145)) - Container #1 is in OPEN state, but the datanode 06b05a7f-a473-42c9-9200-88e1a405b515{ip: 192.168.34.8, host: pr-hdds-2310-sp97z-1197097266, networkLocation: /default-rack, certSerialId: null} reports an CLOSED replica.
2019-10-21 21:52:44,226 [java.util.concurrent.ThreadPoolExecutor$Worker@69885592[State = -1, empty queue]] WARN  server.GrpcLogAppender (GrpcLogAppender.java:timeoutAppendRequest(209)) - 0794a7c8-829f-468b-b883-2035423e3fbd@group-7886DAA09D7B->e5ffd24e-bf4a-4ea8-9998-5222e19566cd-GrpcLogAppender: appendEntries Timeout, request=0794a7c8-829f-468b-b883-2035423e3fbd->e5ffd24e-bf4a-4ea8-9998-5222e19566cd#47-t1, previous=(t:1, i:10), leaderCommit=10, initializing? false, entries: <empty>
2019-10-21 21:52:44,320 [EventQueue-ContainerReportForContainerReportHandler] WARN  container.ContainerReportHandler (AbstractContainerReportHandler.java:updateContainerState(145)) - Container #1 is in OPEN state, but the datanode 0794a7c8-829f-468b-b883-2035423e3fbd{ip: 192.168.34.8, host: pr-hdds-2310-sp97z-1197097266, networkLocation: /default-rack, certSerialId: null} reports an CLOSED replica.
2019-10-21 21:52:44,405 [EventQueue-ContainerReportForContainerReportHandler] WARN  container.ContainerReportHandler (AbstractContainerReportHandler.java:updateContainerState(145)) - Container #1 is in OPEN state, but the datanode 06b05a7f-a473-42c9-9200-88e1a405b515{ip: 192.168.34.8, host: pr-hdds-2310-sp97z-1197097266, networkLocation: /default-rack, certSerialId: null} reports an CLOSED replica.
2019-10-21 21:52:44,492 [BlockDeletingService#2] WARN  background.BlockDeletingService (BlockDeletingService.java:isDeletionAllowed(187)) - Close Container log Index 6 is not replicated across allthe servers in the pipeline 57ddd59c-82e7-4c8a-99fd-7886daa09d7b as the min replicated index is 4. Deletion is not allowed in this container yet.
2019-10-21 21:52:44,492 [BlockDeletingService#2] WARN  background.BlockDeletingService (BlockDeletingService.java:isDeletionAllowed(187)) - Close Container log Index 6 is not replicated across allthe servers in the pipeline 57ddd59c-82e7-4c8a-99fd-7886daa09d7b as the min replicated index is 4. Deletion is not allowed in this container yet.
2019-10-21 21:52:44,621 [EventQueue-ContainerReportForContainerReportHandler] WARN  container.ContainerReportHandler (AbstractContainerReportHandler.java:updateContainerState(145)) - Container #1 is in OPEN state, but the datanode 0794a7c8-829f-468b-b883-2035423e3fbd{ip: 192.168.34.8, host: pr-hdds-2310-sp97z-1197097266, networkLocation: /default-rack, certSerialId: null} reports an CLOSED replica.
2019-10-21 21:52:44,705 [EventQueue-ContainerReportForContainerReportHandler] WARN  container.ContainerReportHandler (AbstractContainerReportHandler.java:updateContainerState(145)) - Container #1 is in OPEN state, but the datanode 06b05a7f-a473-42c9-9200-88e1a405b515{ip: 192.168.34.8, host: pr-hdds-2310-sp97z-1197097266, networkLocation: /default-rack, certSerialId: null} reports an CLOSED replica.
2019-10-21 21:52:45,021 [EventQueue-ContainerReportForContainerReportHandler] WARN  container.ContainerReportHandler (AbstractContainerReportHandler.java:updateContainerState(145)) - Container #1 is in OPEN state, but the datanode 0794a7c8-829f-468b-b883-2035423e3fbd{ip: 192.168.34.8, host: pr-hdds-2310-sp97z-1197097266, networkLocation: /default-rack, certSerialId: null} reports an CLOSED replica.
2019-10-21 21:52:45,105 [EventQueue-ContainerReportForContainerReportHandler] WARN  container.ContainerReportHandler (AbstractContainerReportHandler.java:updateContainerState(145)) - Container #1 is in OPEN state, but the datanode 06b05a7f-a473-42c9-9200-88e1a405b515{ip: 192.168.34.8, host: pr-hdds-2310-sp97z-1197097266, networkLocation: /default-rack, certSerialId: null} reports an CLOSED replica.
2019-10-21 21:52:45,323 [EventQueue-ContainerReportForContainerReportHandler] WARN  container.ContainerReportHandler (AbstractContainerReportHandler.java:updateContainerState(145)) - Container #1 is in OPEN state, but the datanode 0794a7c8-829f-468b-b883-2035423e3fbd{ip: 192.168.34.8, host: pr-hdds-2310-sp97z-1197097266, networkLocation: /default-rack, certSerialId: null} reports an CLOSED replica.
2019-10-21 21:52:45,405 [EventQueue-ContainerReportForContainerReportHandler] WARN  container.ContainerReportHandler (AbstractContainerReportHandler.java:updateContainerState(145)) - Container #1 is in OPEN state, but the datanode 06b05a7f-a473-42c9-9200-88e1a405b515{ip: 192.168.34.8, host: pr-hdds-2310-sp97z-1197097266, networkLocation: /default-rack, certSerialId: null} reports an CLOSED replica.
2019-10-21 21:52:45,493 [BlockDeletingService#2] WARN  background.BlockDeletingService (BlockDeletingService.java:isDeletionAllowed(187)) - Close Container log Index 6 is not replicated across allthe servers in the pipeline 57ddd59c-82e7-4c8a-99fd-7886daa09d7b as the min replicated index is 4. Deletion is not allowed in this container yet.
2019-10-21 21:52:45,493 [BlockDeletingService#2] WARN  background.BlockDeletingService (BlockDeletingService.java:isDeletionAllowed(187)) - Close Container log Index 6 is not replicated across allthe servers in the pipeline 57ddd59c-82e7-4c8a-99fd-7886daa09d7b as the min replicated index is 4. Deletion is not allowed in this container yet.
2019-10-21 21:52:45,705 [EventQueue-ContainerReportForContainerReportHandler] WARN  container.ContainerReportHandler (AbstractContainerReportHandler.java:updateContainerState(145)) - Container #1 is in OPEN state, but the datanode 06b05a7f-a473-42c9-9200-88e1a405b515{ip: 192.168.34.8, host: pr-hdds-2310-sp97z-1197097266, networkLocation: /default-rack, certSerialId: null} reports an CLOSED replica.
2019-10-21 21:52:45,723 [EventQueue-ContainerReportForContainerReportHandler] WARN  container.ContainerReportHandler (AbstractContainerReportHandler.java:updateContainerState(145)) - Container #1 is in OPEN state, but the datanode 0794a7c8-829f-468b-b883-2035423e3fbd{ip: 192.168.34.8, host: pr-hdds-2310-sp97z-1197097266, networkLocation: /default-rack, certSerialId: null} reports an CLOSED replica.
2019-10-21 21:52:45,924 [EventQueue-ContainerReportForContainerReportHandler] WARN  container.ContainerReportHandler (AbstractContainerReportHandler.java:updateContainerState(145)) - Container #1 is in OPEN state, but the datanode 0794a7c8-829f-468b-b883-2035423e3fbd{ip: 192.168.34.8, host: pr-hdds-2310-sp97z-1197097266, networkLocation: /default-rack, certSerialId: null} reports an CLOSED replica.
2019-10-21 21:52:46,107 [EventQueue-ContainerReportForContainerReportHandler] WARN  container.ContainerReportHandler (AbstractContainerReportHandler.java:updateContainerState(145)) - Container #1 is in OPEN state, but the datanode 06b05a7f-a473-42c9-9200-88e1a405b515{ip: 192.168.34.8, host: pr-hdds-2310-sp97z-1197097266, networkLocation: /default-rack, certSerialId: null} reports an CLOSED replica.
2019-10-21 21:52:46,223 [EventQueue-ContainerReportForContainerReportHandler] WARN  container.ContainerReportHandler (AbstractContainerReportHandler.java:updateContainerState(145)) - Container #1 is in OPEN state, but the datanode 0794a7c8-829f-468b-b883-2035423e3fbd{ip: 192.168.34.8, host: pr-hdds-2310-sp97z-1197097266, networkLocation: /default-rack, certSerialId: null} reports an CLOSED replica.
2019-10-21 21:52:46,307 [EventQueue-ContainerReportForContainerReportHandler] WARN  container.ContainerReportHandler (AbstractContainerReportHandler.java:updateContainerState(145)) - Container #1 is in OPEN state, but the datanode 06b05a7f-a473-42c9-9200-88e1a405b515{ip: 192.168.34.8, host: pr-hdds-2310-sp97z-1197097266, networkLocation: /default-rack, certSerialId: null} reports an CLOSED replica.
2019-10-21 21:52:46,495 [BlockDeletingService#2] WARN  background.BlockDeletingService (BlockDeletingService.java:isDeletionAllowed(187)) - Close Container log Index 6 is not replicated across allthe servers in the pipeline 57ddd59c-82e7-4c8a-99fd-7886daa09d7b as the min replicated index is 4. Deletion is not allowed in this container yet.
2019-10-21 21:52:46,495 [BlockDeletingService#2] WARN  background.BlockDeletingService (BlockDeletingService.java:isDeletionAllowed(187)) - Close Container log Index 6 is not replicated across allthe servers in the pipeline 57ddd59c-82e7-4c8a-99fd-7886daa09d7b as the min replicated index is 4. Deletion is not allowed in this container yet.
2019-10-21 21:52:46,524 [EventQueue-ContainerReportForContainerReportHandler] WARN  container.ContainerReportHandler (AbstractContainerReportHandler.java:updateContainerState(145)) - Container #1 is in OPEN state, but the datanode 0794a7c8-829f-468b-b883-2035423e3fbd{ip: 192.168.34.8, host: pr-hdds-2310-sp97z-1197097266, networkLocation: /default-rack, certSerialId: null} reports an CLOSED replica.
2019-10-21 21:52:46,606 [EventQueue-ContainerReportForContainerReportHandler] WARN  container.ContainerReportHandler (AbstractContainerReportHandler.java:updateContainerState(145)) - Container #1 is in OPEN state, but the datanode 06b05a7f-a473-42c9-9200-88e1a405b515{ip: 192.168.34.8, host: pr-hdds-2310-sp97z-1197097266, networkLocation: /default-rack, certSerialId: null} reports an CLOSED replica.
2019-10-21 21:52:46,727 [java.util.concurrent.ThreadPoolExecutor$Worker@69885592[State = -1, empty queue]] WARN  server.GrpcLogAppender (GrpcLogAppender.java:timeoutAppendRequest(209)) - 0794a7c8-829f-468b-b883-2035423e3fbd@group-7886DAA09D7B->e5ffd24e-bf4a-4ea8-9998-5222e19566cd-GrpcLogAppender: appendEntries Timeout, request=0794a7c8-829f-468b-b883-2035423e3fbd->e5ffd24e-bf4a-4ea8-9998-5222e19566cd#48-t1, previous=(t:1, i:10), leaderCommit=10, initializing? false, entries: <empty>
2019-10-21 21:52:46,924 [EventQueue-ContainerReportForContainerReportHandler] WARN  container.ContainerReportHandler (AbstractContainerReportHandler.java:updateContainerState(145)) - Container #1 is in OPEN state, but the datanode 0794a7c8-829f-468b-b883-2035423e3fbd{ip: 192.168.34.8, host: pr-hdds-2310-sp97z-1197097266, networkLocation: /default-rack, certSerialId: null} reports an CLOSED replica.
2019-10-21 21:52:47,007 [EventQueue-ContainerReportForContainerReportHandler] WARN  container.ContainerReportHandler (AbstractContainerReportHandler.java:updateContainerState(145)) - Container #1 is in OPEN state, but the datanode 06b05a7f-a473-42c9-9200-88e1a405b515{ip: 192.168.34.8, host: pr-hdds-2310-sp97z-1197097266, networkLocation: /default-rack, certSerialId: null} reports an CLOSED replica.
2019-10-21 21:52:47,225 [EventQueue-ContainerReportForContainerReportHandler] WARN  container.ContainerReportHandler (AbstractContainerReportHandler.java:updateContainerState(145)) - Container #1 is in OPEN state, but the datanode 0794a7c8-829f-468b-b883-2035423e3fbd{ip: 192.168.34.8, host: pr-hdds-2310-sp97z-1197097266, networkLocation: /default-rack, certSerialId: null} reports an CLOSED replica.
2019-10-21 21:52:47,308 [EventQueue-ContainerReportForContainerReportHandler] WARN  container.ContainerReportHandler (AbstractContainerReportHandler.java:updateContainerState(145)) - Container #1 is in OPEN state, but the datanode 06b05a7f-a473-42c9-9200-88e1a405b515{ip: 192.168.34.8, host: pr-hdds-2310-sp97z-1197097266, networkLocation: /default-rack, certSerialId: null} reports an CLOSED replica.
2019-10-21 21:52:47,498 [BlockDeletingService#2] WARN  background.BlockDeletingService (BlockDeletingService.java:isDeletionAllowed(187)) - Close Container log Index 6 is not replicated across allthe servers in the pipeline 57ddd59c-82e7-4c8a-99fd-7886daa09d7b as the min replicated index is 4. Deletion is not allowed in this container yet.
2019-10-21 21:52:47,498 [BlockDeletingService#2] WARN  background.BlockDeletingService (BlockDeletingService.java:isDeletionAllowed(187)) - Close Container log Index 6 is not replicated across allthe servers in the pipeline 57ddd59c-82e7-4c8a-99fd-7886daa09d7b as the min replicated index is 4. Deletion is not allowed in this container yet.
2019-10-21 21:52:47,524 [EventQueue-ContainerReportForContainerReportHandler] WARN  container.ContainerReportHandler (AbstractContainerReportHandler.java:updateContainerState(145)) - Container #1 is in OPEN state, but the datanode 0794a7c8-829f-468b-b883-2035423e3fbd{ip: 192.168.34.8, host: pr-hdds-2310-sp97z-1197097266, networkLocation: /default-rack, certSerialId: null} reports an CLOSED replica.
2019-10-21 21:52:47,608 [EventQueue-ContainerReportForContainerReportHandler] WARN  container.ContainerReportHandler (AbstractContainerReportHandler.java:updateContainerState(145)) - Container #1 is in OPEN state, but the datanode 06b05a7f-a473-42c9-9200-88e1a405b515{ip: 192.168.34.8, host: pr-hdds-2310-sp97z-1197097266, networkLocation: /default-rack, certSerialId: null} reports an CLOSED replica.
2019-10-21 21:52:47,724 [EventQueue-ContainerReportForContainerReportHandler] WARN  container.ContainerReportHandler (AbstractContainerReportHandler.java:updateContainerState(145)) - Container #1 is in OPEN state, but the datanode 0794a7c8-829f-468b-b883-2035423e3fbd{ip: 192.168.34.8, host: pr-hdds-2310-sp97z-1197097266, networkLocation: /default-rack, certSerialId: null} reports an CLOSED replica.
2019-10-21 21:52:47,909 [EventQueue-ContainerReportForContainerReportHandler] WARN  container.ContainerReportHandler (AbstractContainerReportHandler.java:updateContainerState(145)) - Container #1 is in OPEN state, but the datanode 06b05a7f-a473-42c9-9200-88e1a405b515{ip: 192.168.34.8, host: pr-hdds-2310-sp97z-1197097266, networkLocation: /default-rack, certSerialId: null} reports an CLOSED replica.
2019-10-21 21:52:47,924 [EventQueue-ContainerReportForContainerReportHandler] WARN  container.ContainerReportHandler (AbstractContainerReportHandler.java:updateContainerState(145)) - Container #1 is in OPEN state, but the datanode 0794a7c8-829f-468b-b883-2035423e3fbd{ip: 192.168.34.8, host: pr-hdds-2310-sp97z-1197097266, networkLocation: /default-rack, certSerialId: null} reports an CLOSED replica.
2019-10-21 21:52:48,108 [EventQueue-ContainerReportForContainerReportHandler] WARN  container.ContainerReportHandler (AbstractContainerReportHandler.java:updateContainerState(145)) - Container #1 is in OPEN state, but the datanode 06b05a7f-a473-42c9-9200-88e1a405b515{ip: 192.168.34.8, host: pr-hdds-2310-sp97z-1197097266, networkLocation: /default-rack, certSerialId: null} reports an CLOSED replica.
2019-10-21 21:52:48,225 [EventQueue-ContainerReportForContainerReportHandler] WARN  container.ContainerReportHandler (AbstractContainerReportHandler.java:updateContainerState(145)) - Container #1 is in OPEN state, but the datanode 0794a7c8-829f-468b-b883-2035423e3fbd{ip: 192.168.34.8, host: pr-hdds-2310-sp97z-1197097266, networkLocation: /default-rack, certSerialId: null} reports an CLOSED replica.
2019-10-21 21:52:48,408 [EventQueue-ContainerReportForContainerReportHandler] WARN  container.ContainerReportHandler (AbstractContainerReportHandler.java:updateContainerState(145)) - Container #1 is in OPEN state, but the datanode 06b05a7f-a473-42c9-9200-88e1a405b515{ip: 192.168.34.8, host: pr-hdds-2310-sp97z-1197097266, networkLocation: /default-rack, certSerialId: null} reports an CLOSED replica.
2019-10-21 21:52:48,426 [EventQueue-ContainerReportForContainerReportHandler] WARN  container.ContainerReportHandler (AbstractContainerReportHandler.java:updateContainerState(145)) - Container #1 is in OPEN state, but the datanode 0794a7c8-829f-468b-b883-2035423e3fbd{ip: 192.168.34.8, host: pr-hdds-2310-sp97z-1197097266, networkLocation: /default-rack, certSerialId: null} reports an CLOSED replica.
2019-10-21 21:52:48,500 [BlockDeletingService#2] WARN  background.BlockDeletingService (BlockDeletingService.java:isDeletionAllowed(187)) - Close Container log Index 6 is not replicated across allthe servers in the pipeline 57ddd59c-82e7-4c8a-99fd-7886daa09d7b as the min replicated index is 4. Deletion is not allowed in this container yet.
2019-10-21 21:52:48,500 [BlockDeletingService#2] WARN  background.BlockDeletingService (BlockDeletingService.java:isDeletionAllowed(187)) - Close Container log Index 6 is not replicated across allthe servers in the pipeline 57ddd59c-82e7-4c8a-99fd-7886daa09d7b as the min replicated index is 4. Deletion is not allowed in this container yet.
2019-10-21 21:52:48,708 [EventQueue-ContainerReportForContainerReportHandler] WARN  container.ContainerReportHandler (AbstractContainerReportHandler.java:updateContainerState(145)) - Container #1 is in OPEN state, but the datanode 06b05a7f-a473-42c9-9200-88e1a405b515{ip: 192.168.34.8, host: pr-hdds-2310-sp97z-1197097266, networkLocation: /default-rack, certSerialId: null} reports an CLOSED replica.
2019-10-21 21:52:48,826 [EventQueue-ContainerReportForContainerReportHandler] WARN  container.ContainerReportHandler (AbstractContainerReportHandler.java:updateContainerState(145)) - Container #1 is in OPEN state, but the datanode 0794a7c8-829f-468b-b883-2035423e3fbd{ip: 192.168.34.8, host: pr-hdds-2310-sp97z-1197097266, networkLocation: /default-rack, certSerialId: null} reports an CLOSED replica.
2019-10-21 21:52:49,009 [EventQueue-ContainerReportForContainerReportHandler] WARN  container.ContainerReportHandler (AbstractContainerReportHandler.java:updateContainerState(145)) - Container #1 is in OPEN state, but the datanode 06b05a7f-a473-42c9-9200-88e1a405b515{ip: 192.168.34.8, host: pr-hdds-2310-sp97z-1197097266, networkLocation: /default-rack, certSerialId: null} reports an CLOSED replica.
2019-10-21 21:52:49,026 [EventQueue-ContainerReportForContainerReportHandler] WARN  container.ContainerReportHandler (AbstractContainerReportHandler.java:updateContainerState(145)) - Container #1 is in OPEN state, but the datanode 0794a7c8-829f-468b-b883-2035423e3fbd{ip: 192.168.34.8, host: pr-hdds-2310-sp97z-1197097266, networkLocation: /default-rack, certSerialId: null} reports an CLOSED replica.
2019-10-21 21:52:49,228 [java.util.concurrent.ThreadPoolExecutor$Worker@69885592[State = -1, empty queue]] WARN  server.GrpcLogAppender (GrpcLogAppender.java:timeoutAppendRequest(209)) - 0794a7c8-829f-468b-b883-2035423e3fbd@group-7886DAA09D7B->e5ffd24e-bf4a-4ea8-9998-5222e19566cd-GrpcLogAppender: appendEntries Timeout, request=0794a7c8-829f-468b-b883-2035423e3fbd->e5ffd24e-bf4a-4ea8-9998-5222e19566cd#49-t1, previous=(t:1, i:10), leaderCommit=10, initializing? false, entries: <empty>
2019-10-21 21:52:49,310 [EventQueue-ContainerReportForContainerReportHandler] WARN  container.ContainerReportHandler (AbstractContainerReportHandler.java:updateContainerState(145)) - Container #1 is in OPEN state, but the datanode 06b05a7f-a473-42c9-9200-88e1a405b515{ip: 192.168.34.8, host: pr-hdds-2310-sp97z-1197097266, networkLocation: /default-rack, certSerialId: null} reports an CLOSED replica.
2019-10-21 21:52:49,326 [EventQueue-ContainerReportForContainerReportHandler] WARN  container.ContainerReportHandler (AbstractContainerReportHandler.java:updateContainerState(145)) - Container #1 is in OPEN state, but the datanode 0794a7c8-829f-468b-b883-2035423e3fbd{ip: 192.168.34.8, host: pr-hdds-2310-sp97z-1197097266, networkLocation: /default-rack, certSerialId: null} reports an CLOSED replica.
2019-10-21 21:52:49,502 [BlockDeletingService#2] WARN  background.BlockDeletingService (BlockDeletingService.java:isDeletionAllowed(187)) - Close Container log Index 6 is not replicated across allthe servers in the pipeline 57ddd59c-82e7-4c8a-99fd-7886daa09d7b as the min replicated index is 4. Deletion is not allowed in this container yet.
2019-10-21 21:52:49,502 [BlockDeletingService#2] WARN  background.BlockDeletingService (BlockDeletingService.java:isDeletionAllowed(187)) - Close Container log Index 6 is not replicated across allthe servers in the pipeline 57ddd59c-82e7-4c8a-99fd-7886daa09d7b as the min replicated index is 4. Deletion is not allowed in this container yet.
2019-10-21 21:52:49,526 [EventQueue-ContainerReportForContainerReportHandler] WARN  container.ContainerReportHandler (AbstractContainerReportHandler.java:updateContainerState(145)) - Container #1 is in OPEN state, but the datanode 0794a7c8-829f-468b-b883-2035423e3fbd{ip: 192.168.34.8, host: pr-hdds-2310-sp97z-1197097266, networkLocation: /default-rack, certSerialId: null} reports an CLOSED replica.
2019-10-21 21:52:49,610 [EventQueue-ContainerReportForContainerReportHandler] WARN  container.ContainerReportHandler (AbstractContainerReportHandler.java:updateContainerState(145)) - Container #1 is in OPEN state, but the datanode 06b05a7f-a473-42c9-9200-88e1a405b515{ip: 192.168.34.8, host: pr-hdds-2310-sp97z-1197097266, networkLocation: /default-rack, certSerialId: null} reports an CLOSED replica.
2019-10-21 21:52:49,827 [EventQueue-ContainerReportForContainerReportHandler] WARN  container.ContainerReportHandler (AbstractContainerReportHandler.java:updateContainerState(145)) - Container #1 is in OPEN state, but the datanode 0794a7c8-829f-468b-b883-2035423e3fbd{ip: 192.168.34.8, host: pr-hdds-2310-sp97z-1197097266, networkLocation: /default-rack, certSerialId: null} reports an CLOSED replica.
2019-10-21 21:52:49,882 [EventQueue-StaleNodeForStaleNodeHandler] INFO  node.StaleNodeHandler (StaleNodeHandler.java:onMessage(58)) - Datanode e5ffd24e-bf4a-4ea8-9998-5222e19566cd{ip: 192.168.34.8, host: pr-hdds-2310-sp97z-1197097266, networkLocation: /default-rack, certSerialId: null} moved to stale state. Finalizing its pipelines [PipelineID=bcf629e1-880c-42d8-b6db-45ce639d6ef2, PipelineID=57ddd59c-82e7-4c8a-99fd-7886daa09d7b]
2019-10-21 21:52:49,882 [EventQueue-StaleNodeForStaleNodeHandler] INFO  pipeline.SCMPipelineManager (SCMPipelineManager.java:finalizeAndDestroyPipeline(315)) - destroying pipeline:Pipeline[ Id: bcf629e1-880c-42d8-b6db-45ce639d6ef2, Nodes: e5ffd24e-bf4a-4ea8-9998-5222e19566cd{ip: 192.168.34.8, host: pr-hdds-2310-sp97z-1197097266, networkLocation: /default-rack, certSerialId: null}, Type:RATIS, Factor:ONE, State:OPEN]
2019-10-21 21:52:49,885 [EventQueue-StaleNodeForStaleNodeHandler] INFO  pipeline.PipelineStateManager (PipelineStateManager.java:finalizePipeline(123)) - Pipeline Pipeline[ Id: bcf629e1-880c-42d8-b6db-45ce639d6ef2, Nodes: e5ffd24e-bf4a-4ea8-9998-5222e19566cd{ip: 192.168.34.8, host: pr-hdds-2310-sp97z-1197097266, networkLocation: /default-rack, certSerialId: null}, Type:RATIS, Factor:ONE, State:CLOSED] moved to CLOSED state
2019-10-21 21:52:49,886 [EventQueue-StaleNodeForStaleNodeHandler] INFO  pipeline.SCMPipelineManager (SCMPipelineManager.java:finalizeAndDestroyPipeline(315)) - destroying pipeline:Pipeline[ Id: 57ddd59c-82e7-4c8a-99fd-7886daa09d7b, Nodes: e5ffd24e-bf4a-4ea8-9998-5222e19566cd{ip: 192.168.34.8, host: pr-hdds-2310-sp97z-1197097266, networkLocation: /default-rack, certSerialId: null}06b05a7f-a473-42c9-9200-88e1a405b515{ip: 192.168.34.8, host: pr-hdds-2310-sp97z-1197097266, networkLocation: /default-rack, certSerialId: null}0794a7c8-829f-468b-b883-2035423e3fbd{ip: 192.168.34.8, host: pr-hdds-2310-sp97z-1197097266, networkLocation: /default-rack, certSerialId: null}, Type:RATIS, Factor:THREE, State:OPEN]
2019-10-21 21:52:49,887 [EventQueue-StaleNodeForStaleNodeHandler] INFO  pipeline.PipelineStateManager (PipelineStateManager.java:finalizePipeline(123)) - Pipeline Pipeline[ Id: 57ddd59c-82e7-4c8a-99fd-7886daa09d7b, Nodes: e5ffd24e-bf4a-4ea8-9998-5222e19566cd{ip: 192.168.34.8, host: pr-hdds-2310-sp97z-1197097266, networkLocation: /default-rack, certSerialId: null}06b05a7f-a473-42c9-9200-88e1a405b515{ip: 192.168.34.8, host: pr-hdds-2310-sp97z-1197097266, networkLocation: /default-rack, certSerialId: null}0794a7c8-829f-468b-b883-2035423e3fbd{ip: 192.168.34.8, host: pr-hdds-2310-sp97z-1197097266, networkLocation: /default-rack, certSerialId: null}, Type:RATIS, Factor:THREE, State:CLOSED] moved to CLOSED state
2019-10-21 21:52:49,887 [EventQueue-CloseContainerForCloseContainerEventHandler] INFO  container.CloseContainerEventHandler (CloseContainerEventHandler.java:onMessage(61)) - Close container Event triggered for container : #1
2019-10-21 21:52:49,909 [EventQueue-ContainerReportForContainerReportHandler] INFO  container.ContainerReportHandler (AbstractContainerReportHandler.java:updateContainerState(178)) - Moving container #1 to CLOSED state, datanode 06b05a7f-a473-42c9-9200-88e1a405b515{ip: 192.168.34.8, host: pr-hdds-2310-sp97z-1197097266, networkLocation: /default-rack, certSerialId: null} reported CLOSED replica.
2019-10-21 21:52:50,090 [SCMBlockDeletingService#1] INFO  block.SCMBlockDeletingService (SCMBlockDeletingService.java:call(184)) - Totally added 3 delete blocks command for 3 datanodes, task elapsed time: 6ms
2019-10-21 21:52:50,111 [EventQueue-PendingDeleteStatusForPendingDeleteHandler] INFO  block.SCMBlockDeletingService (SCMBlockDeletingService.java:handlePendingDeletes(115)) - Block deletion txnID mismatch in datanode 06b05a7f-a473-42c9-9200-88e1a405b515 for containerID 1. Datanode delete txnID: 0, SCM txnID: 1
2019-10-21 21:52:50,227 [EventQueue-PendingDeleteStatusForPendingDeleteHandler] INFO  block.SCMBlockDeletingService (SCMBlockDeletingService.java:handlePendingDeletes(115)) - Block deletion txnID mismatch in datanode 0794a7c8-829f-468b-b883-2035423e3fbd for containerID 1. Datanode delete txnID: 0, SCM txnID: 1
2019-10-21 21:52:50,411 [EventQueue-PendingDeleteStatusForPendingDeleteHandler] INFO  block.SCMBlockDeletingService (SCMBlockDeletingService.java:handlePendingDeletes(115)) - Block deletion txnID mismatch in datanode 06b05a7f-a473-42c9-9200-88e1a405b515 for containerID 1. Datanode delete txnID: 0, SCM txnID: 1
2019-10-21 21:52:50,504 [BlockDeletingService#2] WARN  background.BlockDeletingService (BlockDeletingService.java:isDeletionAllowed(187)) - Close Container log Index 6 is not replicated across allthe servers in the pipeline 57ddd59c-82e7-4c8a-99fd-7886daa09d7b as the min replicated index is 4. Deletion is not allowed in this container yet.
2019-10-21 21:52:50,504 [BlockDeletingService#2] WARN  background.BlockDeletingService (BlockDeletingService.java:isDeletionAllowed(187)) - Close Container log Index 6 is not replicated across allthe servers in the pipeline 57ddd59c-82e7-4c8a-99fd-7886daa09d7b as the min replicated index is 4. Deletion is not allowed in this container yet.
2019-10-21 21:52:50,526 [EventQueue-PendingDeleteStatusForPendingDeleteHandler] INFO  block.SCMBlockDeletingService (SCMBlockDeletingService.java:handlePendingDeletes(115)) - Block deletion txnID mismatch in datanode 0794a7c8-829f-468b-b883-2035423e3fbd for containerID 1. Datanode delete txnID: 0, SCM txnID: 1
2019-10-21 21:52:50,711 [EventQueue-PendingDeleteStatusForPendingDeleteHandler] INFO  block.SCMBlockDeletingService (SCMBlockDeletingService.java:handlePendingDeletes(115)) - Block deletion txnID mismatch in datanode 06b05a7f-a473-42c9-9200-88e1a405b515 for containerID 1. Datanode delete txnID: 0, SCM txnID: 1
2019-10-21 21:52:50,927 [EventQueue-PendingDeleteStatusForPendingDeleteHandler] INFO  block.SCMBlockDeletingService (SCMBlockDeletingService.java:handlePendingDeletes(115)) - Block deletion txnID mismatch in datanode 0794a7c8-829f-468b-b883-2035423e3fbd for containerID 1. Datanode delete txnID: 0, SCM txnID: 1
2019-10-21 21:52:51,012 [EventQueue-PendingDeleteStatusForPendingDeleteHandler] INFO  block.SCMBlockDeletingService (SCMBlockDeletingService.java:handlePendingDeletes(115)) - Block deletion txnID mismatch in datanode 06b05a7f-a473-42c9-9200-88e1a405b515 for containerID 1. Datanode delete txnID: 0, SCM txnID: 1
2019-10-21 21:52:51,091 [pool-7-thread-1] INFO  commands.RetriableDatanodeEventWatcher (RetriableDatanodeEventWatcher.java:onTimeout(47)) - RetriableDatanodeCommand type=deleteBlocksCommand with id=1571694770089 timed out. Retrying.
2019-10-21 21:52:51,091 [SCMBlockDeletingService#1] INFO  block.SCMBlockDeletingService (SCMBlockDeletingService.java:call(184)) - Totally added 3 delete blocks command for 3 datanodes, task elapsed time: 1ms
2019-10-21 21:52:51,092 [pool-7-thread-1] INFO  commands.RetriableDatanodeEventWatcher (RetriableDatanodeEventWatcher.java:onTimeout(47)) - RetriableDatanodeCommand type=deleteBlocksCommand with id=1571694770091 timed out. Retrying.
2019-10-21 21:52:51,092 [pool-7-thread-2] INFO  commands.RetriableDatanodeEventWatcher (RetriableDatanodeEventWatcher.java:onTimeout(47)) - RetriableDatanodeCommand type=deleteBlocksCommand with id=1571694770090 timed out. Retrying.
2019-10-21 21:52:51,212 [Command processor thread] INFO  commandhandler.DeleteBlocksCommandHandler (DeleteBlocksCommandHandler.java:handle(106)) - Start to delete container blocks, TXIDs=[1(0)], numOfContainers=1, numOfBlocks=1
2019-10-21 21:52:51,221 [Command processor thread] INFO  commandhandler.DeleteBlocksCommandHandler (DeleteBlocksCommandHandler.java:handle(106)) - Start to delete container blocks, TXIDs=[1(2)], numOfContainers=1, numOfBlocks=1
2019-10-21 21:52:51,221 [Command processor thread] INFO  commandhandler.DeleteBlocksCommandHandler (DeleteBlocksCommandHandler.java:handle(106)) - Start to delete container blocks, TXIDs=[1(0)], numOfContainers=1, numOfBlocks=1
2019-10-21 21:52:51,226 [Command processor thread] INFO  commandhandler.DeleteBlocksCommandHandler (DeleteBlocksCommandHandler.java:handle(106)) - Start to delete container blocks, TXIDs=[1(0)], numOfContainers=1, numOfBlocks=1
2019-10-21 21:52:51,227 [Command processor thread] INFO  commandhandler.DeleteBlocksCommandHandler (DeleteBlocksCommandHandler.java:handle(106)) - Start to delete container blocks, TXIDs=[1(2)], numOfContainers=1, numOfBlocks=1
2019-10-21 21:52:51,228 [Command processor thread] INFO  commandhandler.DeleteBlocksCommandHandler (DeleteBlocksCommandHandler.java:handle(106)) - Start to delete container blocks, TXIDs=[1(0)], numOfContainers=1, numOfBlocks=1
2019-10-21 21:52:51,228 [EventQueue-PendingDeleteStatusForPendingDeleteHandler] INFO  block.SCMBlockDeletingService (SCMBlockDeletingService.java:handlePendingDeletes(115)) - Block deletion txnID mismatch in datanode 0794a7c8-829f-468b-b883-2035423e3fbd for containerID 1. Datanode delete txnID: 0, SCM txnID: 1
2019-10-21 21:52:51,299 [main] INFO  impl.MetricsSystemImpl (MetricsSystemImpl.java:init(158)) - HddsDatanode metrics system started (again)
2019-10-21 21:52:51,349 [main] INFO  ozone.HddsDatanodeService (HddsDatanodeService.java:start(184)) - HddsDatanodeService host:pr-hdds-2310-sp97z-1197097266 ip:192.168.34.8
2019-10-21 21:52:51,353 [main] INFO  volume.VolumeUsage (VolumeUsage.java:loadScmUsed(144)) - Cached ScmUsed found for /workdir/hadoop-ozone/integration-test/target/test-dir/MiniOzoneClusterImpl-06dedcb5-84fe-4716-9b2a-3f157192d9ff/datanode-2/data/containers : 4096 
2019-10-21 21:52:51,353 [main] INFO  volume.HddsVolume (HddsVolume.java:<init>(176)) - Creating Volume: /workdir/hadoop-ozone/integration-test/target/test-dir/MiniOzoneClusterImpl-06dedcb5-84fe-4716-9b2a-3f157192d9ff/datanode-2/data/containers/hdds of  storage type : DISK and capacity : 1482555576320
2019-10-21 21:52:51,354 [main] INFO  volume.VolumeSet (VolumeSet.java:initializeVolumeSet(170)) - Added Volume : /workdir/hadoop-ozone/integration-test/target/test-dir/MiniOzoneClusterImpl-06dedcb5-84fe-4716-9b2a-3f157192d9ff/datanode-2/data/containers/hdds to VolumeSet
2019-10-21 21:52:51,354 [main] INFO  volume.ThrottledAsyncChecker (ThrottledAsyncChecker.java:schedule(141)) - Scheduling a check for /workdir/hadoop-ozone/integration-test/target/test-dir/MiniOzoneClusterImpl-06dedcb5-84fe-4716-9b2a-3f157192d9ff/datanode-2/data/containers/hdds
2019-10-21 21:52:51,355 [main] INFO  volume.HddsVolumeChecker (HddsVolumeChecker.java:checkAllVolumes(204)) - Scheduled health check for volume /workdir/hadoop-ozone/integration-test/target/test-dir/MiniOzoneClusterImpl-06dedcb5-84fe-4716-9b2a-3f157192d9ff/datanode-2/data/containers/hdds
2019-10-21 21:52:51,396 [main] INFO  impl.RaftServerProxy (ConfUtils.java:logGet(43)) - raft.rpc.type = GRPC (default)
2019-10-21 21:52:51,397 [main] INFO  grpc.GrpcFactory (GrpcFactory.java:checkPooledByteBufAllocatorUseCacheForAllThreads(45)) - PERFORMANCE WARNING: useCacheForAllThreads is true that may cause Netty to create a lot garbage objects and, as a result, trigger GC.
	It is recommended to disable useCacheForAllThreads by setting -Dorg.apache.ratis.thirdparty.io.netty.allocator.useCacheForAllThreads=false in command line.
2019-10-21 21:52:51,397 [main] INFO  grpc.GrpcConfigKeys$Server (ConfUtils.java:logGet(43)) - raft.grpc.server.port = 41621 (custom)
2019-10-21 21:52:51,398 [main] INFO  server.GrpcService (ConfUtils.java:logGet(43)) - raft.grpc.message.size.max = 33570816 (custom)
2019-10-21 21:52:51,398 [main] INFO  server.RaftServerConfigKeys (ConfUtils.java:logGet(43)) - raft.server.log.appender.buffer.byte-limit = 33554432 (custom)
2019-10-21 21:52:51,398 [main] INFO  server.GrpcService (ConfUtils.java:logGet(43)) - raft.grpc.flow.control.window = 1MB (=1048576) (default)
2019-10-21 21:52:51,398 [main] INFO  server.RaftServerConfigKeys (ConfUtils.java:logGet(43)) - raft.server.rpc.request.timeout = 3000ms (default)
2019-10-21 21:52:51,399 [main] INFO  server.RaftServerConfigKeys (ConfUtils.java:logGet(43)) - raft.server.storage.dir = [/workdir/hadoop-ozone/integration-test/target/test-dir/MiniOzoneClusterImpl-06dedcb5-84fe-4716-9b2a-3f157192d9ff/datanode-2/data/ratis] (custom)
2019-10-21 21:52:51,399 [main] INFO  impl.RaftServerProxy (RaftServerProxy.java:lambda$null$0(191)) - e5ffd24e-bf4a-4ea8-9998-5222e19566cd: found a subdirectory /workdir/hadoop-ozone/integration-test/target/test-dir/MiniOzoneClusterImpl-06dedcb5-84fe-4716-9b2a-3f157192d9ff/datanode-2/data/ratis/57ddd59c-82e7-4c8a-99fd-7886daa09d7b
2019-10-21 21:52:51,400 [main] INFO  impl.RaftServerProxy (RaftServerProxy.java:addNew(89)) - e5ffd24e-bf4a-4ea8-9998-5222e19566cd: addNew group-7886DAA09D7B:[] returns group-7886DAA09D7B:java.util.concurrent.CompletableFuture@2b5c4f17[Not completed]
2019-10-21 21:52:51,400 [main] INFO  impl.RaftServerProxy (RaftServerProxy.java:lambda$null$0(191)) - e5ffd24e-bf4a-4ea8-9998-5222e19566cd: found a subdirectory /workdir/hadoop-ozone/integration-test/target/test-dir/MiniOzoneClusterImpl-06dedcb5-84fe-4716-9b2a-3f157192d9ff/datanode-2/data/ratis/bcf629e1-880c-42d8-b6db-45ce639d6ef2
2019-10-21 21:52:51,401 [main] INFO  impl.RaftServerProxy (RaftServerProxy.java:addNew(89)) - e5ffd24e-bf4a-4ea8-9998-5222e19566cd: addNew group-45CE639D6EF2:[] returns group-45CE639D6EF2:java.util.concurrent.CompletableFuture@6ca8fcf3[Not completed]
2019-10-21 21:52:51,404 [pool-59-thread-1] INFO  impl.RaftServerImpl (RaftServerImpl.java:<init>(104)) - e5ffd24e-bf4a-4ea8-9998-5222e19566cd: new RaftServerImpl for group-7886DAA09D7B:[] with ContainerStateMachine:uninitialized
2019-10-21 21:52:51,404 [main] INFO  hdfs.DFSUtil (DFSUtil.java:httpServerTemplateForNNAndJN(1641)) - Starting Web-server for hddsDatanode at: http://0.0.0.0:42308
2019-10-21 21:52:51,404 [pool-59-thread-1] INFO  server.RaftServerConfigKeys (ConfUtils.java:logGet(43)) - raft.server.rpc.timeout.min = 5s (custom)
2019-10-21 21:52:51,405 [pool-59-thread-1] INFO  server.RaftServerConfigKeys (ConfUtils.java:logGet(43)) - raft.server.rpc.timeout.max = 5200ms (custom)
2019-10-21 21:52:51,405 [pool-59-thread-1] INFO  server.RaftServerConfigKeys (ConfUtils.java:logGet(43)) - raft.server.rpcslowness.timeout = 1000s (custom)
2019-10-21 21:52:51,405 [pool-59-thread-1] INFO  server.RaftServerConfigKeys (ConfUtils.java:logGet(43)) - raft.server.sleep.deviation.threshold = 300 (default)
2019-10-21 21:52:51,405 [pool-59-thread-1] INFO  server.RaftServerConfigKeys (ConfUtils.java:logGet(43)) - raft.server.log.appender.install.snapshot.enabled = false (custom)
2019-10-21 21:52:51,405 [pool-59-thread-1] INFO  impl.RaftServerImpl (ServerState.java:<init>(103)) - e5ffd24e-bf4a-4ea8-9998-5222e19566cd@group-7886DAA09D7B: ConfigurationManager, init=-1: [], old=null, confs=<EMPTY_MAP>
2019-10-21 21:52:51,405 [pool-59-thread-1] INFO  server.RaftServerConfigKeys (ConfUtils.java:logGet(43)) - raft.server.storage.dir = [/workdir/hadoop-ozone/integration-test/target/test-dir/MiniOzoneClusterImpl-06dedcb5-84fe-4716-9b2a-3f157192d9ff/datanode-2/data/ratis] (custom)
2019-10-21 21:52:51,405 [pool-59-thread-1] INFO  server.RaftServerConfigKeys (ConfUtils.java:logGet(43)) - raft.server.log.corruption.policy = EXCEPTION (default)
2019-10-21 21:52:51,407 [main] INFO  server.AuthenticationFilter (AuthenticationFilter.java:constructSecretProvider(240)) - Unable to initialize FileSignerSecretProvider, falling back to use random secrets.
2019-10-21 21:52:51,408 [main] WARN  http.HttpRequestLog (HttpRequestLog.java:getRequestLog(97)) - Jetty request log can only be enabled using Log4j
2019-10-21 21:52:51,410 [main] INFO  http.HttpServer2 (HttpServer2.java:addGlobalFilter(975)) - Added global filter 'safety' (class=org.apache.hadoop.http.HttpServer2$QuotingInputFilter)
2019-10-21 21:52:51,411 [main] INFO  http.HttpServer2 (HttpServer2.java:addFilter(948)) - Added filter static_user_filter (class=org.apache.hadoop.http.lib.StaticUserWebFilter$StaticUserFilter) to context hddsDatanode
2019-10-21 21:52:51,411 [main] INFO  http.HttpServer2 (HttpServer2.java:addFilter(958)) - Added filter static_user_filter (class=org.apache.hadoop.http.lib.StaticUserWebFilter$StaticUserFilter) to context static
2019-10-21 21:52:51,411 [main] INFO  http.HttpServer2 (HttpServer2.java:addFilter(958)) - Added filter static_user_filter (class=org.apache.hadoop.http.lib.StaticUserWebFilter$StaticUserFilter) to context logs
2019-10-21 21:52:51,412 [main] INFO  http.HttpServer2 (HttpServer2.java:bindListener(1191)) - Jetty bound to port 42308
2019-10-21 21:52:51,413 [main] INFO  server.Server (Server.java:doStart(351)) - jetty-9.3.25.v20180904, build timestamp: 2018-09-04T21:11:46Z, git hash: 3ce520221d0240229c862b122d2b06c12a625732
2019-10-21 21:52:51,415 [main] INFO  handler.ContextHandler (ContextHandler.java:doStart(781)) - Started o.e.j.s.ServletContextHandler@177c41d7{/logs,file:///workdir/hadoop-ozone/integration-test/target/log,AVAILABLE}
2019-10-21 21:52:51,416 [main] INFO  handler.ContextHandler (ContextHandler.java:doStart(781)) - Started o.e.j.s.ServletContextHandler@1d61a348{/static,jar:file:/home/user/.m2/repository/org/apache/hadoop/hadoop-hdds-container-service/0.5.0-SNAPSHOT/hadoop-hdds-container-service-0.5.0-SNAPSHOT.jar!/webapps/static,AVAILABLE}
2019-10-21 21:52:51,418 [pool-59-thread-1] INFO  storage.RaftStorageDirectory (RaftStorageDirectory.java:tryLock(328)) - Lock on /workdir/hadoop-ozone/integration-test/target/test-dir/MiniOzoneClusterImpl-06dedcb5-84fe-4716-9b2a-3f157192d9ff/datanode-2/data/ratis/57ddd59c-82e7-4c8a-99fd-7886daa09d7b/in_use.lock acquired by nodename 1598@pr-hdds-2310-sp97z-1197097266
2019-10-21 21:52:51,421 [pool-59-thread-1] INFO  ratis.ContainerStateMachine (ContainerStateMachine.java:loadSnapshot(240)) - group-7886DAA09D7B: Setting the last applied index to (t:1, i:3)
2019-10-21 21:52:51,426 [pool-59-thread-1] INFO  impl.RaftServerImpl (ServerState.java:setRaftConf(357)) - e5ffd24e-bf4a-4ea8-9998-5222e19566cd@group-7886DAA09D7B: set configuration 0: [e5ffd24e-bf4a-4ea8-9998-5222e19566cd:192.168.34.8:41621, 06b05a7f-a473-42c9-9200-88e1a405b515:192.168.34.8:42604, 0794a7c8-829f-468b-b883-2035423e3fbd:192.168.34.8:36706], old=null at 0
2019-10-21 21:52:51,426 [pool-59-thread-1] INFO  server.RaftServerConfigKeys (ConfUtils.java:logGet(43)) - raft.server.notification.no-leader.timeout = 1000s (custom)
2019-10-21 21:52:51,426 [pool-59-thread-1] INFO  server.RaftServerConfigKeys (ConfUtils.java:logGet(43)) - raft.server.log.use.memory = false (default)
2019-10-21 21:52:51,426 [pool-59-thread-1] INFO  server.RaftServerConfigKeys (ConfUtils.java:logGet(43)) - raft.server.log.purge.gap = 1000000 (custom)
2019-10-21 21:52:51,426 [pool-59-thread-1] INFO  server.RaftServerConfigKeys (ConfUtils.java:logGet(43)) - raft.server.log.appender.buffer.byte-limit = 33554432 (custom)
2019-10-21 21:52:51,426 [pool-59-thread-1] INFO  server.RaftServerConfigKeys (ConfUtils.java:logGet(43)) - raft.server.log.segment.size.max = 1048576 (custom)
2019-10-21 21:52:51,426 [pool-59-thread-1] INFO  server.RaftServerConfigKeys (ConfUtils.java:logGet(43)) - raft.server.log.segment.cache.num.max = 2 (custom)
2019-10-21 21:52:51,427 [pool-59-thread-1] INFO  segmented.SegmentedRaftLogWorker (SegmentedRaftLogWorker.java:<init>(173)) - new e5ffd24e-bf4a-4ea8-9998-5222e19566cd@group-7886DAA09D7B-SegmentedRaftLogWorker for RaftStorage:Storage Directory /workdir/hadoop-ozone/integration-test/target/test-dir/MiniOzoneClusterImpl-06dedcb5-84fe-4716-9b2a-3f157192d9ff/datanode-2/data/ratis/57ddd59c-82e7-4c8a-99fd-7886daa09d7b
2019-10-21 21:52:51,427 [pool-59-thread-1] INFO  server.RaftServerConfigKeys (ConfUtils.java:logGet(43)) - raft.server.log.queue.byte-limit = 2147483647 (custom)
2019-10-21 21:52:51,427 [pool-59-thread-1] INFO  server.RaftServerConfigKeys (ConfUtils.java:logGet(43)) - raft.server.log.queue.element-limit = 1024 (custom)
2019-10-21 21:52:51,427 [pool-59-thread-1] INFO  server.RaftServerConfigKeys (ConfUtils.java:logGet(43)) - raft.server.log.segment.size.max = 1048576 (custom)
2019-10-21 21:52:51,427 [pool-59-thread-1] INFO  server.RaftServerConfigKeys (ConfUtils.java:logGet(43)) - raft.server.log.preallocated.size = 16384 (custom)
2019-10-21 21:52:51,427 [pool-59-thread-1] INFO  server.RaftServerConfigKeys (ConfUtils.java:logGet(43)) - raft.server.log.write.buffer.size = 33554432 (custom)
2019-10-21 21:52:51,427 [pool-59-thread-1] INFO  server.RaftServerConfigKeys (ConfUtils.java:logGet(43)) - raft.server.log.force.sync.num = 128 (default)
2019-10-21 21:52:51,427 [pool-59-thread-1] INFO  server.RaftServerConfigKeys (ConfUtils.java:logGet(43)) - raft.server.log.statemachine.data.sync = true (default)
2019-10-21 21:52:51,427 [pool-59-thread-1] INFO  server.RaftServerConfigKeys (ConfUtils.java:logGet(43)) - raft.server.log.statemachine.data.sync.timeout = 10s (default)
2019-10-21 21:52:51,428 [pool-59-thread-1] INFO  server.RaftServerConfigKeys (ConfUtils.java:logGet(43)) - raft.server.log.statemachine.data.sync.timeout.retry = -1 (default)
2019-10-21 21:52:51,428 [pool-59-thread-1] INFO  server.RaftServerConfigKeys (ConfUtils.java:logGet(43)) - raft.server.log.statemachine.data.caching.enabled = true (custom)
2019-10-21 21:52:51,433 [pool-59-thread-1] INFO  impl.RaftServerImpl (ServerState.java:setRaftConf(357)) - e5ffd24e-bf4a-4ea8-9998-5222e19566cd@group-7886DAA09D7B: set configuration 0: [e5ffd24e-bf4a-4ea8-9998-5222e19566cd:192.168.34.8:41621, 06b05a7f-a473-42c9-9200-88e1a405b515:192.168.34.8:42604, 0794a7c8-829f-468b-b883-2035423e3fbd:192.168.34.8:36706], old=null at 0
2019-10-21 21:52:51,435 [pool-59-thread-1] INFO  segmented.LogSegment (LogSegment.java:loadSegment(140)) - Successfully read 5 entries from segment file /workdir/hadoop-ozone/integration-test/target/test-dir/MiniOzoneClusterImpl-06dedcb5-84fe-4716-9b2a-3f157192d9ff/datanode-2/data/ratis/57ddd59c-82e7-4c8a-99fd-7886daa09d7b/current/log_inprogress_0
2019-10-21 21:52:51,435 [pool-59-thread-1] INFO  segmented.SegmentedRaftLogWorker (SegmentedRaftLogWorker.java:lambda$new$0(128)) - e5ffd24e-bf4a-4ea8-9998-5222e19566cd@group-7886DAA09D7B-SegmentedRaftLogWorker: flushIndex: setUnconditionally 0 -> 4
2019-10-21 21:52:51,633 [pool-59-thread-1] INFO  raftlog.RaftLog (RaftLog.java:lambda$new$0(61)) - e5ffd24e-bf4a-4ea8-9998-5222e19566cd@group-7886DAA09D7B-SegmentedRaftLog: commitIndex: updateToMax old=3, new=3, updated? false
2019-10-21 21:52:51,635 [pool-59-thread-1] INFO  server.RaftServerConfigKeys (ConfUtils.java:logGet(43)) - raft.server.snapshot.auto.trigger.enabled = true (custom)
2019-10-21 21:52:51,635 [pool-59-thread-1] INFO  server.RaftServerConfigKeys (ConfUtils.java:logGet(43)) - raft.server.snapshot.auto.trigger.threshold = 10000 (custom)
2019-10-21 21:52:51,636 [pool-59-thread-1] INFO  server.RaftServerConfigKeys (ConfUtils.java:logGet(43)) - raft.server.snapshot.retention.file.num = 5 (custom)
2019-10-21 21:52:51,636 [pool-59-thread-1] INFO  server.RaftServerConfigKeys (ConfUtils.java:logGet(43)) - raft.server.retrycache.expirytime = 600000ms (custom)
2019-10-21 21:52:51,636 [BlockDeletingService#2] WARN  background.BlockDeletingService (BlockDeletingService.java:isDeletionAllowed(187)) - Close Container log Index 6 is not replicated across allthe servers in the pipeline 57ddd59c-82e7-4c8a-99fd-7886daa09d7b as the min replicated index is 4. Deletion is not allowed in this container yet.
2019-10-21 21:52:51,636 [BlockDeletingService#2] WARN  background.BlockDeletingService (BlockDeletingService.java:isDeletionAllowed(187)) - Close Container log Index 6 is not replicated across allthe servers in the pipeline 57ddd59c-82e7-4c8a-99fd-7886daa09d7b as the min replicated index is 4. Deletion is not allowed in this container yet.
2019-10-21 21:52:51,639 [pool-59-thread-1] INFO  impl.RaftServerImpl (RaftServerImpl.java:<init>(104)) - e5ffd24e-bf4a-4ea8-9998-5222e19566cd: new RaftServerImpl for group-45CE639D6EF2:[] with ContainerStateMachine:uninitialized
2019-10-21 21:52:51,639 [pool-59-thread-1] INFO  server.RaftServerConfigKeys (ConfUtils.java:logGet(43)) - raft.server.rpc.timeout.min = 5s (custom)
2019-10-21 21:52:51,639 [pool-59-thread-1] INFO  server.RaftServerConfigKeys (ConfUtils.java:logGet(43)) - raft.server.rpc.timeout.max = 5200ms (custom)
2019-10-21 21:52:51,640 [pool-59-thread-1] INFO  server.RaftServerConfigKeys (ConfUtils.java:logGet(43)) - raft.server.rpcslowness.timeout = 1000s (custom)
2019-10-21 21:52:51,640 [pool-59-thread-1] INFO  server.RaftServerConfigKeys (ConfUtils.java:logGet(43)) - raft.server.sleep.deviation.threshold = 300 (default)
2019-10-21 21:52:51,640 [pool-59-thread-1] INFO  server.RaftServerConfigKeys (ConfUtils.java:logGet(43)) - raft.server.log.appender.install.snapshot.enabled = false (custom)
2019-10-21 21:52:51,640 [pool-59-thread-1] INFO  impl.RaftServerImpl (ServerState.java:<init>(103)) - e5ffd24e-bf4a-4ea8-9998-5222e19566cd@group-45CE639D6EF2: ConfigurationManager, init=-1: [], old=null, confs=<EMPTY_MAP>
2019-10-21 21:52:51,640 [pool-59-thread-1] INFO  server.RaftServerConfigKeys (ConfUtils.java:logGet(43)) - raft.server.storage.dir = [/workdir/hadoop-ozone/integration-test/target/test-dir/MiniOzoneClusterImpl-06dedcb5-84fe-4716-9b2a-3f157192d9ff/datanode-2/data/ratis] (custom)
2019-10-21 21:52:51,640 [pool-59-thread-1] INFO  server.RaftServerConfigKeys (ConfUtils.java:logGet(43)) - raft.server.log.corruption.policy = EXCEPTION (default)
2019-10-21 21:52:51,641 [main] INFO  handler.ContextHandler (ContextHandler.java:doStart(781)) - Started o.e.j.w.WebAppContext@79518e00{/,file:///tmp/jetty-0.0.0.0-42308-hddsDatanode-_-any-6019498496317151123.dir/webapp/,AVAILABLE}{/hddsDatanode}
2019-10-21 21:52:51,641 [main] INFO  server.AbstractConnector (AbstractConnector.java:doStart(278)) - Started ServerConnector@3c91530d{HTTP/1.1,[http/1.1]}{0.0.0.0:42308}
2019-10-21 21:52:51,642 [main] INFO  server.Server (Server.java:doStart(419)) - Started @114592ms
2019-10-21 21:52:51,642 [main] WARN  impl.MetricsSystemImpl (MetricsSystemImpl.java:register(276)) - Sink prometheus already exists!
2019-10-21 21:52:51,643 [main] INFO  server.BaseHttpServer (BaseHttpServer.java:updateConnectorAddress(215)) - HTTP server of HDDSDATANODE is listening at http://0.0.0.0:42308
2019-10-21 21:52:51,653 [pool-59-thread-1] INFO  storage.RaftStorageDirectory (RaftStorageDirectory.java:tryLock(328)) - Lock on /workdir/hadoop-ozone/integration-test/target/test-dir/MiniOzoneClusterImpl-06dedcb5-84fe-4716-9b2a-3f157192d9ff/datanode-2/data/ratis/bcf629e1-880c-42d8-b6db-45ce639d6ef2/in_use.lock acquired by nodename 1598@pr-hdds-2310-sp97z-1197097266
2019-10-21 21:52:51,653 [pool-59-thread-1] INFO  ratis.ContainerStateMachine (ContainerStateMachine.java:loadSnapshot(231)) - group-45CE639D6EF2: The snapshot info is null. Setting the last applied indexto:(t:0, i:~)
2019-10-21 21:52:51,654 [pool-59-thread-1] INFO  server.RaftServerConfigKeys (ConfUtils.java:logGet(43)) - raft.server.notification.no-leader.timeout = 1000s (custom)
2019-10-21 21:52:51,654 [pool-59-thread-1] INFO  server.RaftServerConfigKeys (ConfUtils.java:logGet(43)) - raft.server.log.use.memory = false (default)
2019-10-21 21:52:51,654 [pool-59-thread-1] INFO  server.RaftServerConfigKeys (ConfUtils.java:logGet(43)) - raft.server.log.purge.gap = 1000000 (custom)
2019-10-21 21:52:51,654 [pool-59-thread-1] INFO  server.RaftServerConfigKeys (ConfUtils.java:logGet(43)) - raft.server.log.appender.buffer.byte-limit = 33554432 (custom)
2019-10-21 21:52:51,654 [pool-59-thread-1] INFO  server.RaftServerConfigKeys (ConfUtils.java:logGet(43)) - raft.server.log.segment.size.max = 1048576 (custom)
2019-10-21 21:52:51,654 [pool-59-thread-1] INFO  server.RaftServerConfigKeys (ConfUtils.java:logGet(43)) - raft.server.log.segment.cache.num.max = 2 (custom)
2019-10-21 21:52:51,654 [pool-59-thread-1] INFO  segmented.SegmentedRaftLogWorker (SegmentedRaftLogWorker.java:<init>(173)) - new e5ffd24e-bf4a-4ea8-9998-5222e19566cd@group-45CE639D6EF2-SegmentedRaftLogWorker for RaftStorage:Storage Directory /workdir/hadoop-ozone/integration-test/target/test-dir/MiniOzoneClusterImpl-06dedcb5-84fe-4716-9b2a-3f157192d9ff/datanode-2/data/ratis/bcf629e1-880c-42d8-b6db-45ce639d6ef2
2019-10-21 21:52:51,654 [pool-59-thread-1] INFO  server.RaftServerConfigKeys (ConfUtils.java:logGet(43)) - raft.server.log.queue.byte-limit = 2147483647 (custom)
2019-10-21 21:52:51,654 [pool-59-thread-1] INFO  server.RaftServerConfigKeys (ConfUtils.java:logGet(43)) - raft.server.log.queue.element-limit = 1024 (custom)
2019-10-21 21:52:51,654 [pool-59-thread-1] INFO  server.RaftServerConfigKeys (ConfUtils.java:logGet(43)) - raft.server.log.segment.size.max = 1048576 (custom)
2019-10-21 21:52:51,655 [pool-59-thread-1] INFO  server.RaftServerConfigKeys (ConfUtils.java:logGet(43)) - raft.server.log.preallocated.size = 16384 (custom)
2019-10-21 21:52:51,655 [pool-59-thread-1] INFO  server.RaftServerConfigKeys (ConfUtils.java:logGet(43)) - raft.server.log.write.buffer.size = 33554432 (custom)
2019-10-21 21:52:51,655 [pool-59-thread-1] INFO  server.RaftServerConfigKeys (ConfUtils.java:logGet(43)) - raft.server.log.force.sync.num = 128 (default)
2019-10-21 21:52:51,655 [pool-59-thread-1] INFO  server.RaftServerConfigKeys (ConfUtils.java:logGet(43)) - raft.server.log.statemachine.data.sync = true (default)
2019-10-21 21:52:51,655 [pool-59-thread-1] INFO  server.RaftServerConfigKeys (ConfUtils.java:logGet(43)) - raft.server.log.statemachine.data.sync.timeout = 10s (default)
2019-10-21 21:52:51,655 [pool-59-thread-1] INFO  server.RaftServerConfigKeys (ConfUtils.java:logGet(43)) - raft.server.log.statemachine.data.sync.timeout.retry = -1 (default)
2019-10-21 21:52:51,669 [pool-59-thread-1] INFO  server.RaftServerConfigKeys (ConfUtils.java:logGet(43)) - raft.server.log.statemachine.data.caching.enabled = true (custom)
2019-10-21 21:52:51,669 [Thread-537] INFO  client.GrpcClientProtocolService (GrpcClientProtocolService.java:lambda$processClientRequest$0(278)) - Failed RaftClientRequest:client-5B812E6CE025->06b05a7f-a473-42c9-9200-88e1a405b515@group-7886DAA09D7B, cid=10, seq=0, Watch-ALL_COMMITTED(6), Message:<EMPTY>, reply=RaftClientReply:client-5B812E6CE025->06b05a7f-a473-42c9-9200-88e1a405b515@group-7886DAA09D7B, cid=10, FAILED org.apache.ratis.protocol.NotLeaderException: Server 06b05a7f-a473-42c9-9200-88e1a405b515@group-7886DAA09D7B is not the leader 0794a7c8-829f-468b-b883-2035423e3fbd:192.168.34.8:36706, logIndex=0, commits[06b05a7f-a473-42c9-9200-88e1a405b515:c10, e5ffd24e-bf4a-4ea8-9998-5222e19566cd:c4, 0794a7c8-829f-468b-b883-2035423e3fbd:c10]
2019-10-21 21:52:51,671 [pool-59-thread-1] INFO  impl.RaftServerImpl (ServerState.java:setRaftConf(357)) - e5ffd24e-bf4a-4ea8-9998-5222e19566cd@group-45CE639D6EF2: set configuration 0: [e5ffd24e-bf4a-4ea8-9998-5222e19566cd:192.168.34.8:41621], old=null at 0
2019-10-21 21:52:51,672 [pool-59-thread-1] INFO  segmented.LogSegment (LogSegment.java:loadSegment(140)) - Successfully read 1 entries from segment file /workdir/hadoop-ozone/integration-test/target/test-dir/MiniOzoneClusterImpl-06dedcb5-84fe-4716-9b2a-3f157192d9ff/datanode-2/data/ratis/bcf629e1-880c-42d8-b6db-45ce639d6ef2/current/log_inprogress_0
2019-10-21 21:52:51,672 [org.apache.hadoop.util.JvmPauseMonitor$Monitor@32668ff7] INFO  util.JvmPauseMonitor (JvmPauseMonitor.java:run(188)) - Starting JVM pause monitor
2019-10-21 21:52:51,672 [pool-59-thread-1] INFO  segmented.SegmentedRaftLogWorker (SegmentedRaftLogWorker.java:lambda$new$0(128)) - e5ffd24e-bf4a-4ea8-9998-5222e19566cd@group-45CE639D6EF2-SegmentedRaftLogWorker: flushIndex: setUnconditionally 0 -> 0
2019-10-21 21:52:51,703 [pool-59-thread-1] INFO  server.RaftServerConfigKeys (ConfUtils.java:logGet(43)) - raft.server.snapshot.auto.trigger.enabled = true (custom)
2019-10-21 21:52:51,704 [pool-59-thread-1] INFO  server.RaftServerConfigKeys (ConfUtils.java:logGet(43)) - raft.server.snapshot.auto.trigger.threshold = 10000 (custom)
2019-10-21 21:52:51,704 [pool-59-thread-1] INFO  server.RaftServerConfigKeys (ConfUtils.java:logGet(43)) - raft.server.snapshot.retention.file.num = 5 (custom)
2019-10-21 21:52:51,705 [pool-59-thread-1] INFO  server.RaftServerConfigKeys (ConfUtils.java:logGet(43)) - raft.server.retrycache.expirytime = 600000ms (custom)
2019-10-21 21:52:51,730 [java.util.concurrent.ThreadPoolExecutor$Worker@69885592[State = -1, empty queue]] WARN  server.GrpcLogAppender (GrpcLogAppender.java:timeoutAppendRequest(209)) - 0794a7c8-829f-468b-b883-2035423e3fbd@group-7886DAA09D7B->e5ffd24e-bf4a-4ea8-9998-5222e19566cd-GrpcLogAppender: appendEntries Timeout, request=0794a7c8-829f-468b-b883-2035423e3fbd->e5ffd24e-bf4a-4ea8-9998-5222e19566cd#50-t1, previous=(t:1, i:10), leaderCommit=10, initializing? false, entries: <empty>
2019-10-21 21:52:52,091 [pool-7-thread-2] INFO  commands.RetriableDatanodeEventWatcher (RetriableDatanodeEventWatcher.java:onTimeout(47)) - RetriableDatanodeCommand type=deleteBlocksCommand with id=1571694770089 timed out. Retrying.
2019-10-21 21:52:52,092 [pool-7-thread-1] INFO  commands.RetriableDatanodeEventWatcher (RetriableDatanodeEventWatcher.java:onTimeout(47)) - RetriableDatanodeCommand type=deleteBlocksCommand with id=1571694770092 timed out. Retrying.
2019-10-21 21:52:52,092 [SCMBlockDeletingService#1] INFO  block.SCMBlockDeletingService (SCMBlockDeletingService.java:call(184)) - Totally added 1 delete blocks command for 1 datanodes, task elapsed time: 1ms
2019-10-21 21:52:52,638 [BlockDeletingService#2] WARN  background.BlockDeletingService (BlockDeletingService.java:isDeletionAllowed(187)) - Close Container log Index 6 is not replicated across allthe servers in the pipeline 57ddd59c-82e7-4c8a-99fd-7886daa09d7b as the min replicated index is 4. Deletion is not allowed in this container yet.
2019-10-21 21:52:52,639 [BlockDeletingService#2] WARN  background.BlockDeletingService (BlockDeletingService.java:isDeletionAllowed(187)) - Close Container log Index 6 is not replicated across allthe servers in the pipeline 57ddd59c-82e7-4c8a-99fd-7886daa09d7b as the min replicated index is 4. Deletion is not allowed in this container yet.
2019-10-21 21:52:52,755 [Thread-545] INFO  client.GrpcClientProtocolService (GrpcClientProtocolService.java:lambda$processClientRequest$0(278)) - Failed RaftClientRequest:client-5B812E6CE025->0794a7c8-829f-468b-b883-2035423e3fbd@group-7886DAA09D7B, cid=10, seq=0, Watch-ALL_COMMITTED(6), Message:<EMPTY>, reply=RaftClientReply:client-5B812E6CE025->0794a7c8-829f-468b-b883-2035423e3fbd@group-7886DAA09D7B, cid=10, FAILED org.apache.ratis.protocol.NotReplicatedException: Request with call Id 10 and log index 6 is not yet replicated to ALL_COMMITTED, logIndex=6, commits[0794a7c8-829f-468b-b883-2035423e3fbd:c10, e5ffd24e-bf4a-4ea8-9998-5222e19566cd:c4, 06b05a7f-a473-42c9-9200-88e1a405b515:c10]
2019-10-21 21:52:53,092 [pool-7-thread-1] INFO  commands.RetriableDatanodeEventWatcher (RetriableDatanodeEventWatcher.java:onTimeout(47)) - RetriableDatanodeCommand type=deleteBlocksCommand with id=1571694770089 timed out. Retrying.
2019-10-21 21:52:53,092 [pool-7-thread-1] INFO  commands.RetriableDatanodeEventWatcher (RetriableDatanodeEventWatcher.java:onTimeout(47)) - RetriableDatanodeCommand type=deleteBlocksCommand with id=1571694770095 timed out. Retrying.
2019-10-21 21:52:53,093 [pool-7-thread-2] INFO  commands.RetriableDatanodeEventWatcher (RetriableDatanodeEventWatcher.java:onTimeout(47)) - RetriableDatanodeCommand type=deleteBlocksCommand with id=1571694770092 timed out. Retrying.
2019-10-21 21:52:53,096 [SCMBlockDeletingService#1] INFO  block.SCMBlockDeletingService (SCMBlockDeletingService.java:call(184)) - Totally added 1 delete blocks command for 1 datanodes, task elapsed time: 1ms
2019-10-21 21:52:53,641 [BlockDeletingService#2] WARN  background.BlockDeletingService (BlockDeletingService.java:isDeletionAllowed(187)) - Close Container log Index 6 is not replicated across allthe servers in the pipeline 57ddd59c-82e7-4c8a-99fd-7886daa09d7b as the min replicated index is 4. Deletion is not allowed in this container yet.
2019-10-21 21:52:53,641 [BlockDeletingService#2] WARN  background.BlockDeletingService (BlockDeletingService.java:isDeletionAllowed(187)) - Close Container log Index 6 is not replicated across allthe servers in the pipeline 57ddd59c-82e7-4c8a-99fd-7886daa09d7b as the min replicated index is 4. Deletion is not allowed in this container yet.
2019-10-21 21:52:53,676 [Datanode State Machine Thread - 0] INFO  ozoneimpl.OzoneContainer (OzoneContainer.java:start(213)) - Attempting to start container services.
2019-10-21 21:52:53,680 [Datanode State Machine Thread - 0] INFO  ozoneimpl.OzoneContainer (OzoneContainer.java:startContainerScrub(177)) - Background container scanner has been disabled.
2019-10-21 21:52:53,680 [Datanode State Machine Thread - 0] INFO  ratis.XceiverServerRatis (XceiverServerRatis.java:start(418)) - Starting XceiverServerRatis e5ffd24e-bf4a-4ea8-9998-5222e19566cd at port 41621
2019-10-21 21:52:53,693 [ForkJoinPool.commonPool-worker-0] INFO  impl.RaftServerImpl (RaftServerImpl.java:start(195)) - e5ffd24e-bf4a-4ea8-9998-5222e19566cd@group-45CE639D6EF2: start as a follower, conf=0: [e5ffd24e-bf4a-4ea8-9998-5222e19566cd:192.168.34.8:41621], old=null
2019-10-21 21:52:53,693 [Datanode State Machine Thread - 0] INFO  impl.RaftServerImpl (RaftServerImpl.java:start(195)) - e5ffd24e-bf4a-4ea8-9998-5222e19566cd@group-7886DAA09D7B: start as a follower, conf=0: [e5ffd24e-bf4a-4ea8-9998-5222e19566cd:192.168.34.8:41621, 06b05a7f-a473-42c9-9200-88e1a405b515:192.168.34.8:42604, 0794a7c8-829f-468b-b883-2035423e3fbd:192.168.34.8:36706], old=null
2019-10-21 21:52:53,694 [ForkJoinPool.commonPool-worker-0] INFO  impl.RaftServerImpl (RaftServerImpl.java:setRole(184)) - e5ffd24e-bf4a-4ea8-9998-5222e19566cd@group-45CE639D6EF2: changes role from      null to FOLLOWER at term 1 for startAsFollower
2019-10-21 21:52:53,694 [Datanode State Machine Thread - 0] INFO  impl.RaftServerImpl (RaftServerImpl.java:setRole(184)) - e5ffd24e-bf4a-4ea8-9998-5222e19566cd@group-7886DAA09D7B: changes role from      null to FOLLOWER at term 1 for startAsFollower
2019-10-21 21:52:53,694 [ForkJoinPool.commonPool-worker-0] INFO  impl.RoleInfo (RoleInfo.java:updateAndGet(143)) - e5ffd24e-bf4a-4ea8-9998-5222e19566cd: start FollowerState
2019-10-21 21:52:53,694 [Datanode State Machine Thread - 0] INFO  impl.RoleInfo (RoleInfo.java:updateAndGet(143)) - e5ffd24e-bf4a-4ea8-9998-5222e19566cd: start FollowerState
2019-10-21 21:52:53,695 [Datanode State Machine Thread - 0] INFO  util.JmxRegister (JmxRegister.java:tryRegister(44)) - Successfully registered JMX Bean with object name Ratis:service=RaftServer,group=group-7886DAA09D7B,id=e5ffd24e-bf4a-4ea8-9998-5222e19566cd
2019-10-21 21:52:53,695 [ForkJoinPool.commonPool-worker-0] INFO  util.JmxRegister (JmxRegister.java:tryRegister(44)) - Successfully registered JMX Bean with object name Ratis:service=RaftServer,group=group-45CE639D6EF2,id=e5ffd24e-bf4a-4ea8-9998-5222e19566cd
2019-10-21 21:52:53,697 [Datanode State Machine Thread - 0] INFO  impl.RaftServerProxy (RaftServerProxy.java:lambda$start$3(299)) - e5ffd24e-bf4a-4ea8-9998-5222e19566cd: start RPC server
2019-10-21 21:52:53,700 [Datanode State Machine Thread - 0] INFO  server.GrpcService (GrpcService.java:startImpl(158)) - e5ffd24e-bf4a-4ea8-9998-5222e19566cd: GrpcService started, listening on 0.0.0.0/0.0.0.0:41621
2019-10-21 21:52:53,833 [Thread-549] INFO  impl.FollowerState (FollowerState.java:run(108)) - e5ffd24e-bf4a-4ea8-9998-5222e19566cd@group-7886DAA09D7B-FollowerState: change to CANDIDATE, lastRpcTime:138ms, electionTimeout:138ms
2019-10-21 21:52:53,833 [Thread-549] INFO  impl.RoleInfo (RoleInfo.java:shutdownFollowerState(121)) - e5ffd24e-bf4a-4ea8-9998-5222e19566cd: shutdown FollowerState
2019-10-21 21:52:53,833 [Thread-549] INFO  impl.RaftServerImpl (RaftServerImpl.java:setRole(184)) - e5ffd24e-bf4a-4ea8-9998-5222e19566cd@group-7886DAA09D7B: changes role from  FOLLOWER to CANDIDATE at term 1 for changeToCandidate
2019-10-21 21:52:53,834 [Thread-549] INFO  impl.RoleInfo (RoleInfo.java:updateAndGet(143)) - e5ffd24e-bf4a-4ea8-9998-5222e19566cd: start LeaderElection
2019-10-21 21:52:53,851 [e5ffd24e-bf4a-4ea8-9998-5222e19566cd@group-7886DAA09D7B-LeaderElection5] INFO  impl.LeaderElection (LeaderElection.java:askForVotes(178)) - e5ffd24e-bf4a-4ea8-9998-5222e19566cd@group-7886DAA09D7B-LeaderElection5: begin an election at term 2 for 0: [e5ffd24e-bf4a-4ea8-9998-5222e19566cd:192.168.34.8:41621, 06b05a7f-a473-42c9-9200-88e1a405b515:192.168.34.8:42604, 0794a7c8-829f-468b-b883-2035423e3fbd:192.168.34.8:36706], old=null
2019-10-21 21:52:53,857 [Thread-548] INFO  impl.FollowerState (FollowerState.java:run(108)) - e5ffd24e-bf4a-4ea8-9998-5222e19566cd@group-45CE639D6EF2-FollowerState: change to CANDIDATE, lastRpcTime:162ms, electionTimeout:162ms
2019-10-21 21:52:53,857 [Thread-548] INFO  impl.RoleInfo (RoleInfo.java:shutdownFollowerState(121)) - e5ffd24e-bf4a-4ea8-9998-5222e19566cd: shutdown FollowerState
2019-10-21 21:52:53,857 [Thread-548] INFO  impl.RaftServerImpl (RaftServerImpl.java:setRole(184)) - e5ffd24e-bf4a-4ea8-9998-5222e19566cd@group-45CE639D6EF2: changes role from  FOLLOWER to CANDIDATE at term 1 for changeToCandidate
2019-10-21 21:52:53,858 [Thread-548] INFO  impl.RoleInfo (RoleInfo.java:updateAndGet(143)) - e5ffd24e-bf4a-4ea8-9998-5222e19566cd: start LeaderElection
2019-10-21 21:52:53,869 [grpc-default-executor-1] INFO  impl.RaftServerImpl (ServerState.java:setLeader(256)) - 0794a7c8-829f-468b-b883-2035423e3fbd@group-7886DAA09D7B: change Leader from 0794a7c8-829f-468b-b883-2035423e3fbd to null at term 2 for updateCurrentTerm
2019-10-21 21:52:53,869 [grpc-default-executor-2] INFO  impl.RaftServerImpl (ServerState.java:setLeader(256)) - 06b05a7f-a473-42c9-9200-88e1a405b515@group-7886DAA09D7B: change Leader from 0794a7c8-829f-468b-b883-2035423e3fbd to null at term 2 for updateCurrentTerm
2019-10-21 21:52:53,869 [grpc-default-executor-1] INFO  impl.RaftServerImpl (RaftServerImpl.java:setRole(184)) - 0794a7c8-829f-468b-b883-2035423e3fbd@group-7886DAA09D7B: changes role from    LEADER to FOLLOWER at term 2 for recognizeCandidate:e5ffd24e-bf4a-4ea8-9998-5222e19566cd
2019-10-21 21:52:53,869 [grpc-default-executor-2] INFO  impl.RaftServerImpl (RaftServerImpl.java:setRole(184)) - 06b05a7f-a473-42c9-9200-88e1a405b515@group-7886DAA09D7B: changes role from  FOLLOWER to FOLLOWER at term 2 for recognizeCandidate:e5ffd24e-bf4a-4ea8-9998-5222e19566cd
2019-10-21 21:52:53,869 [grpc-default-executor-1] INFO  impl.RoleInfo (RoleInfo.java:shutdownLeaderState(104)) - 0794a7c8-829f-468b-b883-2035423e3fbd: shutdown LeaderState
2019-10-21 21:52:53,870 [grpc-default-executor-2] INFO  impl.RoleInfo (RoleInfo.java:shutdownFollowerState(121)) - 06b05a7f-a473-42c9-9200-88e1a405b515: shutdown FollowerState
2019-10-21 21:52:53,871 [Thread-212] INFO  impl.FollowerState (FollowerState.java:run(117)) - 06b05a7f-a473-42c9-9200-88e1a405b515@group-7886DAA09D7B-FollowerState was interrupted: java.lang.InterruptedException: sleep interrupted
2019-10-21 21:52:53,872 [org.apache.ratis.server.impl.LogAppender$AppenderDaemon$$Lambda$414/739192525@276f5f6e] WARN  server.GrpcLogAppender (GrpcLogAppender.java:mayWait(149)) - 0794a7c8-829f-468b-b883-2035423e3fbd@group-7886DAA09D7B->e5ffd24e-bf4a-4ea8-9998-5222e19566cd-GrpcLogAppender: Wait interrupted by java.lang.InterruptedException
2019-10-21 21:52:53,872 [org.apache.ratis.server.impl.LogAppender$AppenderDaemon$$Lambda$414/739192525@1e64a89e] WARN  server.GrpcLogAppender (GrpcLogAppender.java:mayWait(149)) - 0794a7c8-829f-468b-b883-2035423e3fbd@group-7886DAA09D7B->06b05a7f-a473-42c9-9200-88e1a405b515-GrpcLogAppender: Wait interrupted by java.lang.InterruptedException
2019-10-21 21:52:53,871 [grpc-default-executor-1] INFO  impl.PendingRequests (PendingRequests.java:sendNotLeaderResponses(202)) - 0794a7c8-829f-468b-b883-2035423e3fbd@group-7886DAA09D7B-PendingRequests: sendNotLeaderResponses
2019-10-21 21:52:53,871 [grpc-default-executor-2] INFO  impl.RoleInfo (RoleInfo.java:updateAndGet(143)) - 06b05a7f-a473-42c9-9200-88e1a405b515: start FollowerState
2019-10-21 21:52:53,873 [e5ffd24e-bf4a-4ea8-9998-5222e19566cd@group-45CE639D6EF2-LeaderElection6] INFO  impl.LeaderElection (LeaderElection.java:askForVotes(178)) - e5ffd24e-bf4a-4ea8-9998-5222e19566cd@group-45CE639D6EF2-LeaderElection6: begin an election at term 2 for 0: [e5ffd24e-bf4a-4ea8-9998-5222e19566cd:192.168.34.8:41621], old=null
2019-10-21 21:52:53,875 [e5ffd24e-bf4a-4ea8-9998-5222e19566cd@group-45CE639D6EF2-LeaderElection6] INFO  impl.RoleInfo (RoleInfo.java:shutdownLeaderElection(134)) - e5ffd24e-bf4a-4ea8-9998-5222e19566cd: shutdown LeaderElection
2019-10-21 21:52:53,875 [e5ffd24e-bf4a-4ea8-9998-5222e19566cd@group-45CE639D6EF2-LeaderElection6] INFO  impl.RaftServerImpl (RaftServerImpl.java:setRole(184)) - e5ffd24e-bf4a-4ea8-9998-5222e19566cd@group-45CE639D6EF2: changes role from CANDIDATE to LEADER at term 2 for changeToLeader
2019-10-21 21:52:53,875 [e5ffd24e-bf4a-4ea8-9998-5222e19566cd@group-45CE639D6EF2-LeaderElection6] INFO  impl.RaftServerImpl (ServerState.java:setLeader(256)) - e5ffd24e-bf4a-4ea8-9998-5222e19566cd@group-45CE639D6EF2: change Leader from null to e5ffd24e-bf4a-4ea8-9998-5222e19566cd at term 2 for becomeLeader, leader elected after 2221ms
2019-10-21 21:52:53,876 [e5ffd24e-bf4a-4ea8-9998-5222e19566cd@group-45CE639D6EF2-LeaderElection6] INFO  server.RaftServerConfigKeys (ConfUtils.java:logGet(43)) - raft.server.staging.catchup.gap = 1000 (default)
2019-10-21 21:52:53,876 [Thread-558] INFO  client.GrpcClientProtocolService (GrpcClientProtocolService.java:lambda$processClientRequest$0(278)) - Failed RaftClientRequest:client-5B812E6CE025->0794a7c8-829f-468b-b883-2035423e3fbd@group-7886DAA09D7B, cid=10, seq=0, Watch-ALL_COMMITTED(6), Message:<EMPTY>, reply=RaftClientReply:client-5B812E6CE025->0794a7c8-829f-468b-b883-2035423e3fbd@group-7886DAA09D7B, cid=10, FAILED org.apache.ratis.protocol.NotLeaderException: Server 0794a7c8-829f-468b-b883-2035423e3fbd@group-7886DAA09D7B is not the leader, logIndex=0, commits[0794a7c8-829f-468b-b883-2035423e3fbd:c10, e5ffd24e-bf4a-4ea8-9998-5222e19566cd:c4, 06b05a7f-a473-42c9-9200-88e1a405b515:c10]
2019-10-21 21:52:53,876 [grpc-default-executor-1] INFO  impl.RoleInfo (RoleInfo.java:updateAndGet(143)) - 0794a7c8-829f-468b-b883-2035423e3fbd: start FollowerState
2019-10-21 21:52:53,876 [grpc-default-executor-0] INFO  server.GrpcServerProtocolService (GrpcServerProtocolService.java:onCompleted(113)) - 06b05a7f-a473-42c9-9200-88e1a405b515: Completed APPEND_ENTRIES, lastRequest: 0794a7c8-829f-468b-b883-2035423e3fbd->06b05a7f-a473-42c9-9200-88e1a405b515#52-t1, previous=(t:1, i:10), leaderCommit=10, initializing? false, entries: <empty>
2019-10-21 21:52:53,876 [e5ffd24e-bf4a-4ea8-9998-5222e19566cd@group-45CE639D6EF2-LeaderElection6] INFO  server.RaftServerConfigKeys (ConfUtils.java:logGet(43)) - raft.server.rpc.sleep.time = 25ms (default)
2019-10-21 21:52:53,878 [e5ffd24e-bf4a-4ea8-9998-5222e19566cd@group-45CE639D6EF2-LeaderElection6] INFO  server.RaftServerConfigKeys (ConfUtils.java:logGet(43)) - raft.server.write.element-limit = 4096 (default)
2019-10-21 21:52:53,878 [e5ffd24e-bf4a-4ea8-9998-5222e19566cd@group-45CE639D6EF2-LeaderElection6] INFO  server.RaftServerConfigKeys (ConfUtils.java:logGet(43)) - raft.server.watch.timeout = 10s (default)
2019-10-21 21:52:53,878 [e5ffd24e-bf4a-4ea8-9998-5222e19566cd@group-45CE639D6EF2-LeaderElection6] INFO  server.RaftServerConfigKeys (ConfUtils.java:logGet(43)) - raft.server.watch.timeout.denomination = 1s (default)
2019-10-21 21:52:53,878 [e5ffd24e-bf4a-4ea8-9998-5222e19566cd@group-45CE639D6EF2-LeaderElection6] INFO  server.RaftServerConfigKeys (ConfUtils.java:logGet(43)) - raft.server.watch.element-limit = 65536 (default)
2019-10-21 21:52:53,878 [grpc-default-executor-0] INFO  server.GrpcLogAppender (GrpcLogAppender.java:onCompleted(308)) - 0794a7c8-829f-468b-b883-2035423e3fbd@group-7886DAA09D7B->06b05a7f-a473-42c9-9200-88e1a405b515-AppendLogResponseHandler: follower responses appendEntries COMPLETED
2019-10-21 21:52:53,878 [e5ffd24e-bf4a-4ea8-9998-5222e19566cd@group-45CE639D6EF2-LeaderElection6] INFO  impl.RoleInfo (RoleInfo.java:updateAndGet(143)) - e5ffd24e-bf4a-4ea8-9998-5222e19566cd: start LeaderState
2019-10-21 21:52:53,880 [e5ffd24e-bf4a-4ea8-9998-5222e19566cd@group-45CE639D6EF2-LeaderElection6] INFO  segmented.SegmentedRaftLogWorker (SegmentedRaftLogWorker.java:rollLogSegment(390)) - e5ffd24e-bf4a-4ea8-9998-5222e19566cd@group-45CE639D6EF2-SegmentedRaftLogWorker: Rolling segment log-0_0 to index:0
2019-10-21 21:52:53,882 [grpc-default-executor-0] INFO  impl.FollowerInfo (FollowerInfo.java:lambda$new$0(51)) - 0794a7c8-829f-468b-b883-2035423e3fbd@group-7886DAA09D7B->06b05a7f-a473-42c9-9200-88e1a405b515: nextIndex: updateUnconditionally 11 -> 10
2019-10-21 21:52:53,885 [e5ffd24e-bf4a-4ea8-9998-5222e19566cd@group-45CE639D6EF2-LeaderElection6] INFO  impl.RaftServerImpl (ServerState.java:setRaftConf(357)) - e5ffd24e-bf4a-4ea8-9998-5222e19566cd@group-45CE639D6EF2: set configuration 1: [e5ffd24e-bf4a-4ea8-9998-5222e19566cd:192.168.34.8:41621], old=null at 1
2019-10-21 21:52:53,888 [e5ffd24e-bf4a-4ea8-9998-5222e19566cd@group-45CE639D6EF2-SegmentedRaftLogWorker] INFO  segmented.SegmentedRaftLogWorker (SegmentedRaftLogWorker.java:execute(533)) - e5ffd24e-bf4a-4ea8-9998-5222e19566cd@group-45CE639D6EF2-SegmentedRaftLogWorker: Rolled log segment from /workdir/hadoop-ozone/integration-test/target/test-dir/MiniOzoneClusterImpl-06dedcb5-84fe-4716-9b2a-3f157192d9ff/datanode-2/data/ratis/bcf629e1-880c-42d8-b6db-45ce639d6ef2/current/log_inprogress_0 to /workdir/hadoop-ozone/integration-test/target/test-dir/MiniOzoneClusterImpl-06dedcb5-84fe-4716-9b2a-3f157192d9ff/datanode-2/data/ratis/bcf629e1-880c-42d8-b6db-45ce639d6ef2/current/log_0-0
2019-10-21 21:52:53,927 [e5ffd24e-bf4a-4ea8-9998-5222e19566cd@group-7886DAA09D7B-LeaderElection5] INFO  impl.LeaderElection (LeaderElection.java:logAndReturn(56)) - e5ffd24e-bf4a-4ea8-9998-5222e19566cd@group-7886DAA09D7B-LeaderElection5: Election REJECTED; received 2 response(s) [e5ffd24e-bf4a-4ea8-9998-5222e19566cd<-06b05a7f-a473-42c9-9200-88e1a405b515#0:FAIL-t2, e5ffd24e-bf4a-4ea8-9998-5222e19566cd<-0794a7c8-829f-468b-b883-2035423e3fbd#0:FAIL-t2] and 0 exception(s); e5ffd24e-bf4a-4ea8-9998-5222e19566cd@group-7886DAA09D7B:t2, leader=null, voted=e5ffd24e-bf4a-4ea8-9998-5222e19566cd, raftlog=e5ffd24e-bf4a-4ea8-9998-5222e19566cd@group-7886DAA09D7B-SegmentedRaftLog:OPENED:c3,f4,i4, conf=0: [e5ffd24e-bf4a-4ea8-9998-5222e19566cd:192.168.34.8:41621, 06b05a7f-a473-42c9-9200-88e1a405b515:192.168.34.8:42604, 0794a7c8-829f-468b-b883-2035423e3fbd:192.168.34.8:36706], old=null
2019-10-21 21:52:53,927 [e5ffd24e-bf4a-4ea8-9998-5222e19566cd@group-7886DAA09D7B-LeaderElection5] INFO  impl.RaftServerImpl (RaftServerImpl.java:setRole(184)) - e5ffd24e-bf4a-4ea8-9998-5222e19566cd@group-7886DAA09D7B: changes role from CANDIDATE to FOLLOWER at term 2 for DISCOVERED_A_NEW_TERM
2019-10-21 21:52:53,928 [e5ffd24e-bf4a-4ea8-9998-5222e19566cd@group-7886DAA09D7B-LeaderElection5] INFO  impl.RoleInfo (RoleInfo.java:shutdownLeaderElection(134)) - e5ffd24e-bf4a-4ea8-9998-5222e19566cd: shutdown LeaderElection
2019-10-21 21:52:53,928 [e5ffd24e-bf4a-4ea8-9998-5222e19566cd@group-7886DAA09D7B-LeaderElection5] INFO  impl.RoleInfo (RoleInfo.java:updateAndGet(143)) - e5ffd24e-bf4a-4ea8-9998-5222e19566cd: start FollowerState
2019-10-21 21:52:53,935 [e5ffd24e-bf4a-4ea8-9998-5222e19566cd@group-45CE639D6EF2-SegmentedRaftLogWorker] INFO  segmented.SegmentedRaftLogWorker (SegmentedRaftLogWorker.java:execute(576)) - e5ffd24e-bf4a-4ea8-9998-5222e19566cd@group-45CE639D6EF2-SegmentedRaftLogWorker: created new log segment /workdir/hadoop-ozone/integration-test/target/test-dir/MiniOzoneClusterImpl-06dedcb5-84fe-4716-9b2a-3f157192d9ff/datanode-2/data/ratis/bcf629e1-880c-42d8-b6db-45ce639d6ef2/current/log_inprogress_1
2019-10-21 21:52:53,936 [Thread-562] INFO  impl.FollowerState (FollowerState.java:run(108)) - e5ffd24e-bf4a-4ea8-9998-5222e19566cd@group-7886DAA09D7B-FollowerState: change to CANDIDATE, lastRpcTime:7ms, electionTimeout:7ms
2019-10-21 21:52:53,936 [Thread-562] INFO  impl.RoleInfo (RoleInfo.java:shutdownFollowerState(121)) - e5ffd24e-bf4a-4ea8-9998-5222e19566cd: shutdown FollowerState
2019-10-21 21:52:53,936 [Thread-562] INFO  impl.RaftServerImpl (RaftServerImpl.java:setRole(184)) - e5ffd24e-bf4a-4ea8-9998-5222e19566cd@group-7886DAA09D7B: changes role from  FOLLOWER to CANDIDATE at term 2 for changeToCandidate
2019-10-21 21:52:53,936 [Thread-562] INFO  impl.RoleInfo (RoleInfo.java:updateAndGet(143)) - e5ffd24e-bf4a-4ea8-9998-5222e19566cd: start LeaderElection
2019-10-21 21:52:53,977 [e5ffd24e-bf4a-4ea8-9998-5222e19566cd@group-7886DAA09D7B-LeaderElection7] INFO  impl.LeaderElection (LeaderElection.java:askForVotes(178)) - e5ffd24e-bf4a-4ea8-9998-5222e19566cd@group-7886DAA09D7B-LeaderElection7: begin an election at term 3 for 0: [e5ffd24e-bf4a-4ea8-9998-5222e19566cd:192.168.34.8:41621, 06b05a7f-a473-42c9-9200-88e1a405b515:192.168.34.8:42604, 0794a7c8-829f-468b-b883-2035423e3fbd:192.168.34.8:36706], old=null
2019-10-21 21:52:53,981 [grpc-default-executor-2] INFO  impl.RaftServerImpl (RaftServerImpl.java:setRole(184)) - 0794a7c8-829f-468b-b883-2035423e3fbd@group-7886DAA09D7B: changes role from  FOLLOWER to FOLLOWER at term 3 for recognizeCandidate:e5ffd24e-bf4a-4ea8-9998-5222e19566cd
2019-10-21 21:52:53,981 [grpc-default-executor-2] INFO  impl.RoleInfo (RoleInfo.java:shutdownFollowerState(121)) - 0794a7c8-829f-468b-b883-2035423e3fbd: shutdown FollowerState
2019-10-21 21:52:53,981 [grpc-default-executor-1] INFO  impl.RaftServerImpl (RaftServerImpl.java:setRole(184)) - 06b05a7f-a473-42c9-9200-88e1a405b515@group-7886DAA09D7B: changes role from  FOLLOWER to FOLLOWER at term 3 for recognizeCandidate:e5ffd24e-bf4a-4ea8-9998-5222e19566cd
2019-10-21 21:52:53,981 [Thread-559] INFO  impl.FollowerState (FollowerState.java:run(117)) - 0794a7c8-829f-468b-b883-2035423e3fbd@group-7886DAA09D7B-FollowerState was interrupted: java.lang.InterruptedException: sleep interrupted
2019-10-21 21:52:53,981 [grpc-default-executor-2] INFO  impl.RoleInfo (RoleInfo.java:updateAndGet(143)) - 0794a7c8-829f-468b-b883-2035423e3fbd: start FollowerState
2019-10-21 21:52:53,982 [grpc-default-executor-1] INFO  impl.RoleInfo (RoleInfo.java:shutdownFollowerState(121)) - 06b05a7f-a473-42c9-9200-88e1a405b515: shutdown FollowerState
2019-10-21 21:52:53,983 [Thread-557] INFO  impl.FollowerState (FollowerState.java:run(117)) - 06b05a7f-a473-42c9-9200-88e1a405b515@group-7886DAA09D7B-FollowerState was interrupted: java.lang.InterruptedException: sleep interrupted
2019-10-21 21:52:53,983 [grpc-default-executor-1] INFO  impl.RoleInfo (RoleInfo.java:updateAndGet(143)) - 06b05a7f-a473-42c9-9200-88e1a405b515: start FollowerState
2019-10-21 21:52:53,994 [e5ffd24e-bf4a-4ea8-9998-5222e19566cd@group-7886DAA09D7B-LeaderElection7] INFO  impl.LeaderElection (LeaderElection.java:logAndReturn(56)) - e5ffd24e-bf4a-4ea8-9998-5222e19566cd@group-7886DAA09D7B-LeaderElection7: Election REJECTED; received 2 response(s) [e5ffd24e-bf4a-4ea8-9998-5222e19566cd<-06b05a7f-a473-42c9-9200-88e1a405b515#0:FAIL-t3, e5ffd24e-bf4a-4ea8-9998-5222e19566cd<-0794a7c8-829f-468b-b883-2035423e3fbd#0:FAIL-t3] and 0 exception(s); e5ffd24e-bf4a-4ea8-9998-5222e19566cd@group-7886DAA09D7B:t3, leader=null, voted=e5ffd24e-bf4a-4ea8-9998-5222e19566cd, raftlog=e5ffd24e-bf4a-4ea8-9998-5222e19566cd@group-7886DAA09D7B-SegmentedRaftLog:OPENED:c3,f4,i4, conf=0: [e5ffd24e-bf4a-4ea8-9998-5222e19566cd:192.168.34.8:41621, 06b05a7f-a473-42c9-9200-88e1a405b515:192.168.34.8:42604, 0794a7c8-829f-468b-b883-2035423e3fbd:192.168.34.8:36706], old=null
2019-10-21 21:52:53,994 [e5ffd24e-bf4a-4ea8-9998-5222e19566cd@group-7886DAA09D7B-LeaderElection7] INFO  impl.RaftServerImpl (RaftServerImpl.java:setRole(184)) - e5ffd24e-bf4a-4ea8-9998-5222e19566cd@group-7886DAA09D7B: changes role from CANDIDATE to FOLLOWER at term 3 for DISCOVERED_A_NEW_TERM
2019-10-21 21:52:53,995 [e5ffd24e-bf4a-4ea8-9998-5222e19566cd@group-7886DAA09D7B-LeaderElection7] INFO  impl.RoleInfo (RoleInfo.java:shutdownLeaderElection(134)) - e5ffd24e-bf4a-4ea8-9998-5222e19566cd: shutdown LeaderElection
2019-10-21 21:52:53,995 [e5ffd24e-bf4a-4ea8-9998-5222e19566cd@group-7886DAA09D7B-LeaderElection7] INFO  impl.RoleInfo (RoleInfo.java:updateAndGet(143)) - e5ffd24e-bf4a-4ea8-9998-5222e19566cd: start FollowerState
2019-10-21 21:52:54,066 [Thread-568] INFO  impl.FollowerState (FollowerState.java:run(108)) - e5ffd24e-bf4a-4ea8-9998-5222e19566cd@group-7886DAA09D7B-FollowerState: change to CANDIDATE, lastRpcTime:70ms, electionTimeout:70ms
2019-10-21 21:52:54,067 [Thread-568] INFO  impl.RoleInfo (RoleInfo.java:shutdownFollowerState(121)) - e5ffd24e-bf4a-4ea8-9998-5222e19566cd: shutdown FollowerState
2019-10-21 21:52:54,067 [Thread-568] INFO  impl.RaftServerImpl (RaftServerImpl.java:setRole(184)) - e5ffd24e-bf4a-4ea8-9998-5222e19566cd@group-7886DAA09D7B: changes role from  FOLLOWER to CANDIDATE at term 3 for changeToCandidate
2019-10-21 21:52:54,068 [Thread-568] INFO  impl.RoleInfo (RoleInfo.java:updateAndGet(143)) - e5ffd24e-bf4a-4ea8-9998-5222e19566cd: start LeaderElection
2019-10-21 21:52:54,082 [e5ffd24e-bf4a-4ea8-9998-5222e19566cd@group-7886DAA09D7B-LeaderElection8] INFO  impl.LeaderElection (LeaderElection.java:askForVotes(178)) - e5ffd24e-bf4a-4ea8-9998-5222e19566cd@group-7886DAA09D7B-LeaderElection8: begin an election at term 4 for 0: [e5ffd24e-bf4a-4ea8-9998-5222e19566cd:192.168.34.8:41621, 06b05a7f-a473-42c9-9200-88e1a405b515:192.168.34.8:42604, 0794a7c8-829f-468b-b883-2035423e3fbd:192.168.34.8:36706], old=null
2019-10-21 21:52:54,087 [grpc-default-executor-1] INFO  impl.RaftServerImpl (RaftServerImpl.java:setRole(184)) - 06b05a7f-a473-42c9-9200-88e1a405b515@group-7886DAA09D7B: changes role from  FOLLOWER to FOLLOWER at term 4 for recognizeCandidate:e5ffd24e-bf4a-4ea8-9998-5222e19566cd
2019-10-21 21:52:54,087 [grpc-default-executor-2] INFO  impl.RaftServerImpl (RaftServerImpl.java:setRole(184)) - 0794a7c8-829f-468b-b883-2035423e3fbd@group-7886DAA09D7B: changes role from  FOLLOWER to FOLLOWER at term 4 for recognizeCandidate:e5ffd24e-bf4a-4ea8-9998-5222e19566cd
2019-10-21 21:52:54,087 [grpc-default-executor-1] INFO  impl.RoleInfo (RoleInfo.java:shutdownFollowerState(121)) - 06b05a7f-a473-42c9-9200-88e1a405b515: shutdown FollowerState
2019-10-21 21:52:54,087 [grpc-default-executor-2] INFO  impl.RoleInfo (RoleInfo.java:shutdownFollowerState(121)) - 0794a7c8-829f-468b-b883-2035423e3fbd: shutdown FollowerState
2019-10-21 21:52:54,087 [grpc-default-executor-1] INFO  impl.RoleInfo (RoleInfo.java:updateAndGet(143)) - 06b05a7f-a473-42c9-9200-88e1a405b515: start FollowerState
2019-10-21 21:52:54,087 [Thread-567] INFO  impl.FollowerState (FollowerState.java:run(117)) - 06b05a7f-a473-42c9-9200-88e1a405b515@group-7886DAA09D7B-FollowerState was interrupted: java.lang.InterruptedException: sleep interrupted
2019-10-21 21:52:54,087 [grpc-default-executor-2] INFO  impl.RoleInfo (RoleInfo.java:updateAndGet(143)) - 0794a7c8-829f-468b-b883-2035423e3fbd: start FollowerState
2019-10-21 21:52:54,087 [Thread-566] INFO  impl.FollowerState (FollowerState.java:run(117)) - 0794a7c8-829f-468b-b883-2035423e3fbd@group-7886DAA09D7B-FollowerState was interrupted: java.lang.InterruptedException: sleep interrupted
2019-10-21 21:52:54,093 [pool-7-thread-2] INFO  commands.RetriableDatanodeEventWatcher (RetriableDatanodeEventWatcher.java:onTimeout(47)) - RetriableDatanodeCommand type=deleteBlocksCommand with id=1571694770089 timed out. Retrying.
2019-10-21 21:52:54,093 [pool-7-thread-1] INFO  commands.RetriableDatanodeEventWatcher (RetriableDatanodeEventWatcher.java:onTimeout(47)) - RetriableDatanodeCommand type=deleteBlocksCommand with id=1571694770095 timed out. Retrying.
2019-10-21 21:52:54,095 [pool-7-thread-1] INFO  commands.RetriableDatanodeEventWatcher (RetriableDatanodeEventWatcher.java:onTimeout(47)) - RetriableDatanodeCommand type=deleteBlocksCommand with id=1571694770096 timed out. Retrying.
2019-10-21 21:52:54,095 [pool-7-thread-2] INFO  commands.RetriableDatanodeEventWatcher (RetriableDatanodeEventWatcher.java:onTimeout(47)) - RetriableDatanodeCommand type=deleteBlocksCommand with id=1571694770092 timed out. Retrying.
2019-10-21 21:52:54,097 [SCMBlockDeletingService#1] INFO  block.SCMBlockDeletingService (SCMBlockDeletingService.java:call(184)) - Totally added 1 delete blocks command for 1 datanodes, task elapsed time: 0ms
2019-10-21 21:52:54,106 [e5ffd24e-bf4a-4ea8-9998-5222e19566cd@group-7886DAA09D7B-LeaderElection8] INFO  impl.LeaderElection (LeaderElection.java:logAndReturn(56)) - e5ffd24e-bf4a-4ea8-9998-5222e19566cd@group-7886DAA09D7B-LeaderElection8: Election REJECTED; received 2 response(s) [e5ffd24e-bf4a-4ea8-9998-5222e19566cd<-06b05a7f-a473-42c9-9200-88e1a405b515#0:FAIL-t4, e5ffd24e-bf4a-4ea8-9998-5222e19566cd<-0794a7c8-829f-468b-b883-2035423e3fbd#0:FAIL-t4] and 0 exception(s); e5ffd24e-bf4a-4ea8-9998-5222e19566cd@group-7886DAA09D7B:t4, leader=null, voted=e5ffd24e-bf4a-4ea8-9998-5222e19566cd, raftlog=e5ffd24e-bf4a-4ea8-9998-5222e19566cd@group-7886DAA09D7B-SegmentedRaftLog:OPENED:c3,f4,i4, conf=0: [e5ffd24e-bf4a-4ea8-9998-5222e19566cd:192.168.34.8:41621, 06b05a7f-a473-42c9-9200-88e1a405b515:192.168.34.8:42604, 0794a7c8-829f-468b-b883-2035423e3fbd:192.168.34.8:36706], old=null
2019-10-21 21:52:54,106 [e5ffd24e-bf4a-4ea8-9998-5222e19566cd@group-7886DAA09D7B-LeaderElection8] INFO  impl.RaftServerImpl (RaftServerImpl.java:setRole(184)) - e5ffd24e-bf4a-4ea8-9998-5222e19566cd@group-7886DAA09D7B: changes role from CANDIDATE to FOLLOWER at term 4 for DISCOVERED_A_NEW_TERM
2019-10-21 21:52:54,109 [e5ffd24e-bf4a-4ea8-9998-5222e19566cd@group-7886DAA09D7B-LeaderElection8] INFO  impl.RoleInfo (RoleInfo.java:shutdownLeaderElection(134)) - e5ffd24e-bf4a-4ea8-9998-5222e19566cd: shutdown LeaderElection
2019-10-21 21:52:54,109 [e5ffd24e-bf4a-4ea8-9998-5222e19566cd@group-7886DAA09D7B-LeaderElection8] INFO  impl.RoleInfo (RoleInfo.java:updateAndGet(143)) - e5ffd24e-bf4a-4ea8-9998-5222e19566cd: start FollowerState
2019-10-21 21:52:54,142 [Thread-574] INFO  impl.FollowerState (FollowerState.java:run(108)) - e5ffd24e-bf4a-4ea8-9998-5222e19566cd@group-7886DAA09D7B-FollowerState: change to CANDIDATE, lastRpcTime:32ms, electionTimeout:32ms
2019-10-21 21:52:54,143 [Thread-574] INFO  impl.RoleInfo (RoleInfo.java:shutdownFollowerState(121)) - e5ffd24e-bf4a-4ea8-9998-5222e19566cd: shutdown FollowerState
2019-10-21 21:52:54,143 [Thread-574] INFO  impl.RaftServerImpl (RaftServerImpl.java:setRole(184)) - e5ffd24e-bf4a-4ea8-9998-5222e19566cd@group-7886DAA09D7B: changes role from  FOLLOWER to CANDIDATE at term 4 for changeToCandidate
2019-10-21 21:52:54,144 [Thread-574] INFO  impl.RoleInfo (RoleInfo.java:updateAndGet(143)) - e5ffd24e-bf4a-4ea8-9998-5222e19566cd: start LeaderElection
2019-10-21 21:52:54,160 [e5ffd24e-bf4a-4ea8-9998-5222e19566cd@group-7886DAA09D7B-LeaderElection9] INFO  impl.LeaderElection (LeaderElection.java:askForVotes(178)) - e5ffd24e-bf4a-4ea8-9998-5222e19566cd@group-7886DAA09D7B-LeaderElection9: begin an election at term 5 for 0: [e5ffd24e-bf4a-4ea8-9998-5222e19566cd:192.168.34.8:41621, 06b05a7f-a473-42c9-9200-88e1a405b515:192.168.34.8:42604, 0794a7c8-829f-468b-b883-2035423e3fbd:192.168.34.8:36706], old=null
2019-10-21 21:52:54,163 [grpc-default-executor-2] INFO  impl.RaftServerImpl (RaftServerImpl.java:setRole(184)) - 06b05a7f-a473-42c9-9200-88e1a405b515@group-7886DAA09D7B: changes role from  FOLLOWER to FOLLOWER at term 5 for recognizeCandidate:e5ffd24e-bf4a-4ea8-9998-5222e19566cd
2019-10-21 21:52:54,163 [grpc-default-executor-1] INFO  impl.RaftServerImpl (RaftServerImpl.java:setRole(184)) - 0794a7c8-829f-468b-b883-2035423e3fbd@group-7886DAA09D7B: changes role from  FOLLOWER to FOLLOWER at term 5 for recognizeCandidate:e5ffd24e-bf4a-4ea8-9998-5222e19566cd
2019-10-21 21:52:54,164 [grpc-default-executor-2] INFO  impl.RoleInfo (RoleInfo.java:shutdownFollowerState(121)) - 06b05a7f-a473-42c9-9200-88e1a405b515: shutdown FollowerState
2019-10-21 21:52:54,164 [grpc-default-executor-1] INFO  impl.RoleInfo (RoleInfo.java:shutdownFollowerState(121)) - 0794a7c8-829f-468b-b883-2035423e3fbd: shutdown FollowerState
2019-10-21 21:52:54,164 [Thread-572] INFO  impl.FollowerState (FollowerState.java:run(117)) - 06b05a7f-a473-42c9-9200-88e1a405b515@group-7886DAA09D7B-FollowerState was interrupted: java.lang.InterruptedException: sleep interrupted
2019-10-21 21:52:54,164 [grpc-default-executor-2] INFO  impl.RoleInfo (RoleInfo.java:updateAndGet(143)) - 06b05a7f-a473-42c9-9200-88e1a405b515: start FollowerState
2019-10-21 21:52:54,164 [grpc-default-executor-1] INFO  impl.RoleInfo (RoleInfo.java:updateAndGet(143)) - 0794a7c8-829f-468b-b883-2035423e3fbd: start FollowerState
2019-10-21 21:52:54,164 [Thread-573] INFO  impl.FollowerState (FollowerState.java:run(117)) - 0794a7c8-829f-468b-b883-2035423e3fbd@group-7886DAA09D7B-FollowerState was interrupted: java.lang.InterruptedException: sleep interrupted
2019-10-21 21:52:54,182 [e5ffd24e-bf4a-4ea8-9998-5222e19566cd@group-7886DAA09D7B-LeaderElection9] INFO  impl.LeaderElection (LeaderElection.java:logAndReturn(56)) - e5ffd24e-bf4a-4ea8-9998-5222e19566cd@group-7886DAA09D7B-LeaderElection9: Election REJECTED; received 2 response(s) [e5ffd24e-bf4a-4ea8-9998-5222e19566cd<-06b05a7f-a473-42c9-9200-88e1a405b515#0:FAIL-t5, e5ffd24e-bf4a-4ea8-9998-5222e19566cd<-0794a7c8-829f-468b-b883-2035423e3fbd#0:FAIL-t5] and 0 exception(s); e5ffd24e-bf4a-4ea8-9998-5222e19566cd@group-7886DAA09D7B:t5, leader=null, voted=e5ffd24e-bf4a-4ea8-9998-5222e19566cd, raftlog=e5ffd24e-bf4a-4ea8-9998-5222e19566cd@group-7886DAA09D7B-SegmentedRaftLog:OPENED:c3,f4,i4, conf=0: [e5ffd24e-bf4a-4ea8-9998-5222e19566cd:192.168.34.8:41621, 06b05a7f-a473-42c9-9200-88e1a405b515:192.168.34.8:42604, 0794a7c8-829f-468b-b883-2035423e3fbd:192.168.34.8:36706], old=null
2019-10-21 21:52:54,183 [e5ffd24e-bf4a-4ea8-9998-5222e19566cd@group-7886DAA09D7B-LeaderElection9] INFO  impl.RaftServerImpl (RaftServerImpl.java:setRole(184)) - e5ffd24e-bf4a-4ea8-9998-5222e19566cd@group-7886DAA09D7B: changes role from CANDIDATE to FOLLOWER at term 5 for DISCOVERED_A_NEW_TERM
2019-10-21 21:52:54,184 [e5ffd24e-bf4a-4ea8-9998-5222e19566cd@group-7886DAA09D7B-LeaderElection9] INFO  impl.RoleInfo (RoleInfo.java:shutdownLeaderElection(134)) - e5ffd24e-bf4a-4ea8-9998-5222e19566cd: shutdown LeaderElection
2019-10-21 21:52:54,185 [e5ffd24e-bf4a-4ea8-9998-5222e19566cd@group-7886DAA09D7B-LeaderElection9] INFO  impl.RoleInfo (RoleInfo.java:updateAndGet(143)) - e5ffd24e-bf4a-4ea8-9998-5222e19566cd: start FollowerState
2019-10-21 21:52:54,230 [java.util.concurrent.ThreadPoolExecutor$Worker@69885592[State = -1, empty queue]] WARN  server.GrpcLogAppender (GrpcLogAppender.java:timeoutAppendRequest(209)) - 0794a7c8-829f-468b-b883-2035423e3fbd@group-7886DAA09D7B->e5ffd24e-bf4a-4ea8-9998-5222e19566cd-GrpcLogAppender: appendEntries Timeout, request=0794a7c8-829f-468b-b883-2035423e3fbd->e5ffd24e-bf4a-4ea8-9998-5222e19566cd#51-t1, previous=(t:1, i:10), leaderCommit=10, initializing? false, entries: <empty>
2019-10-21 21:52:54,259 [Thread-580] INFO  impl.FollowerState (FollowerState.java:run(108)) - e5ffd24e-bf4a-4ea8-9998-5222e19566cd@group-7886DAA09D7B-FollowerState: change to CANDIDATE, lastRpcTime:74ms, electionTimeout:73ms
2019-10-21 21:52:54,259 [Thread-580] INFO  impl.RoleInfo (RoleInfo.java:shutdownFollowerState(121)) - e5ffd24e-bf4a-4ea8-9998-5222e19566cd: shutdown FollowerState
2019-10-21 21:52:54,259 [Thread-580] INFO  impl.RaftServerImpl (RaftServerImpl.java:setRole(184)) - e5ffd24e-bf4a-4ea8-9998-5222e19566cd@group-7886DAA09D7B: changes role from  FOLLOWER to CANDIDATE at term 5 for changeToCandidate
2019-10-21 21:52:54,260 [Thread-580] INFO  impl.RoleInfo (RoleInfo.java:updateAndGet(143)) - e5ffd24e-bf4a-4ea8-9998-5222e19566cd: start LeaderElection
2019-10-21 21:52:54,289 [e5ffd24e-bf4a-4ea8-9998-5222e19566cd@group-7886DAA09D7B-LeaderElection10] INFO  impl.LeaderElection (LeaderElection.java:askForVotes(178)) - e5ffd24e-bf4a-4ea8-9998-5222e19566cd@group-7886DAA09D7B-LeaderElection10: begin an election at term 6 for 0: [e5ffd24e-bf4a-4ea8-9998-5222e19566cd:192.168.34.8:41621, 06b05a7f-a473-42c9-9200-88e1a405b515:192.168.34.8:42604, 0794a7c8-829f-468b-b883-2035423e3fbd:192.168.34.8:36706], old=null
2019-10-21 21:52:54,293 [grpc-default-executor-2] INFO  impl.RaftServerImpl (RaftServerImpl.java:setRole(184)) - 06b05a7f-a473-42c9-9200-88e1a405b515@group-7886DAA09D7B: changes role from  FOLLOWER to FOLLOWER at term 6 for recognizeCandidate:e5ffd24e-bf4a-4ea8-9998-5222e19566cd
2019-10-21 21:52:54,293 [grpc-default-executor-1] INFO  impl.RaftServerImpl (RaftServerImpl.java:setRole(184)) - 0794a7c8-829f-468b-b883-2035423e3fbd@group-7886DAA09D7B: changes role from  FOLLOWER to FOLLOWER at term 6 for recognizeCandidate:e5ffd24e-bf4a-4ea8-9998-5222e19566cd
2019-10-21 21:52:54,294 [grpc-default-executor-2] INFO  impl.RoleInfo (RoleInfo.java:shutdownFollowerState(121)) - 06b05a7f-a473-42c9-9200-88e1a405b515: shutdown FollowerState
2019-10-21 21:52:54,294 [grpc-default-executor-1] INFO  impl.RoleInfo (RoleInfo.java:shutdownFollowerState(121)) - 0794a7c8-829f-468b-b883-2035423e3fbd: shutdown FollowerState
2019-10-21 21:52:54,294 [Thread-578] INFO  impl.FollowerState (FollowerState.java:run(117)) - 06b05a7f-a473-42c9-9200-88e1a405b515@group-7886DAA09D7B-FollowerState was interrupted: java.lang.InterruptedException: sleep interrupted
2019-10-21 21:52:54,294 [Thread-579] INFO  impl.FollowerState (FollowerState.java:run(117)) - 0794a7c8-829f-468b-b883-2035423e3fbd@group-7886DAA09D7B-FollowerState was interrupted: java.lang.InterruptedException: sleep interrupted
2019-10-21 21:52:54,294 [grpc-default-executor-2] INFO  impl.RoleInfo (RoleInfo.java:updateAndGet(143)) - 06b05a7f-a473-42c9-9200-88e1a405b515: start FollowerState
2019-10-21 21:52:54,294 [grpc-default-executor-1] INFO  impl.RoleInfo (RoleInfo.java:updateAndGet(143)) - 0794a7c8-829f-468b-b883-2035423e3fbd: start FollowerState
2019-10-21 21:52:54,317 [e5ffd24e-bf4a-4ea8-9998-5222e19566cd@group-7886DAA09D7B-LeaderElection10] INFO  impl.LeaderElection (LeaderElection.java:logAndReturn(56)) - e5ffd24e-bf4a-4ea8-9998-5222e19566cd@group-7886DAA09D7B-LeaderElection10: Election REJECTED; received 2 response(s) [e5ffd24e-bf4a-4ea8-9998-5222e19566cd<-06b05a7f-a473-42c9-9200-88e1a405b515#0:FAIL-t6, e5ffd24e-bf4a-4ea8-9998-5222e19566cd<-0794a7c8-829f-468b-b883-2035423e3fbd#0:FAIL-t6] and 0 exception(s); e5ffd24e-bf4a-4ea8-9998-5222e19566cd@group-7886DAA09D7B:t6, leader=null, voted=e5ffd24e-bf4a-4ea8-9998-5222e19566cd, raftlog=e5ffd24e-bf4a-4ea8-9998-5222e19566cd@group-7886DAA09D7B-SegmentedRaftLog:OPENED:c3,f4,i4, conf=0: [e5ffd24e-bf4a-4ea8-9998-5222e19566cd:192.168.34.8:41621, 06b05a7f-a473-42c9-9200-88e1a405b515:192.168.34.8:42604, 0794a7c8-829f-468b-b883-2035423e3fbd:192.168.34.8:36706], old=null
2019-10-21 21:52:54,317 [e5ffd24e-bf4a-4ea8-9998-5222e19566cd@group-7886DAA09D7B-LeaderElection10] INFO  impl.RaftServerImpl (RaftServerImpl.java:setRole(184)) - e5ffd24e-bf4a-4ea8-9998-5222e19566cd@group-7886DAA09D7B: changes role from CANDIDATE to FOLLOWER at term 6 for DISCOVERED_A_NEW_TERM
2019-10-21 21:52:54,319 [e5ffd24e-bf4a-4ea8-9998-5222e19566cd@group-7886DAA09D7B-LeaderElection10] INFO  impl.RoleInfo (RoleInfo.java:shutdownLeaderElection(134)) - e5ffd24e-bf4a-4ea8-9998-5222e19566cd: shutdown LeaderElection
2019-10-21 21:52:54,319 [e5ffd24e-bf4a-4ea8-9998-5222e19566cd@group-7886DAA09D7B-LeaderElection10] INFO  impl.RoleInfo (RoleInfo.java:updateAndGet(143)) - e5ffd24e-bf4a-4ea8-9998-5222e19566cd: start FollowerState
2019-10-21 21:52:54,346 [Thread-586] INFO  impl.FollowerState (FollowerState.java:run(108)) - e5ffd24e-bf4a-4ea8-9998-5222e19566cd@group-7886DAA09D7B-FollowerState: change to CANDIDATE, lastRpcTime:27ms, electionTimeout:26ms
2019-10-21 21:52:54,347 [Thread-586] INFO  impl.RoleInfo (RoleInfo.java:shutdownFollowerState(121)) - e5ffd24e-bf4a-4ea8-9998-5222e19566cd: shutdown FollowerState
2019-10-21 21:52:54,347 [Thread-586] INFO  impl.RaftServerImpl (RaftServerImpl.java:setRole(184)) - e5ffd24e-bf4a-4ea8-9998-5222e19566cd@group-7886DAA09D7B: changes role from  FOLLOWER to CANDIDATE at term 6 for changeToCandidate
2019-10-21 21:52:54,347 [Thread-586] INFO  impl.RoleInfo (RoleInfo.java:updateAndGet(143)) - e5ffd24e-bf4a-4ea8-9998-5222e19566cd: start LeaderElection
2019-10-21 21:52:54,363 [e5ffd24e-bf4a-4ea8-9998-5222e19566cd@group-7886DAA09D7B-LeaderElection11] INFO  impl.LeaderElection (LeaderElection.java:askForVotes(178)) - e5ffd24e-bf4a-4ea8-9998-5222e19566cd@group-7886DAA09D7B-LeaderElection11: begin an election at term 7 for 0: [e5ffd24e-bf4a-4ea8-9998-5222e19566cd:192.168.34.8:41621, 06b05a7f-a473-42c9-9200-88e1a405b515:192.168.34.8:42604, 0794a7c8-829f-468b-b883-2035423e3fbd:192.168.34.8:36706], old=null
2019-10-21 21:52:54,367 [grpc-default-executor-1] INFO  impl.RaftServerImpl (RaftServerImpl.java:setRole(184)) - 06b05a7f-a473-42c9-9200-88e1a405b515@group-7886DAA09D7B: changes role from  FOLLOWER to FOLLOWER at term 7 for recognizeCandidate:e5ffd24e-bf4a-4ea8-9998-5222e19566cd
2019-10-21 21:52:54,367 [grpc-default-executor-2] INFO  impl.RaftServerImpl (RaftServerImpl.java:setRole(184)) - 0794a7c8-829f-468b-b883-2035423e3fbd@group-7886DAA09D7B: changes role from  FOLLOWER to FOLLOWER at term 7 for recognizeCandidate:e5ffd24e-bf4a-4ea8-9998-5222e19566cd
2019-10-21 21:52:54,367 [grpc-default-executor-1] INFO  impl.RoleInfo (RoleInfo.java:shutdownFollowerState(121)) - 06b05a7f-a473-42c9-9200-88e1a405b515: shutdown FollowerState
2019-10-21 21:52:54,367 [grpc-default-executor-2] INFO  impl.RoleInfo (RoleInfo.java:shutdownFollowerState(121)) - 0794a7c8-829f-468b-b883-2035423e3fbd: shutdown FollowerState
2019-10-21 21:52:54,367 [Thread-584] INFO  impl.FollowerState (FollowerState.java:run(117)) - 06b05a7f-a473-42c9-9200-88e1a405b515@group-7886DAA09D7B-FollowerState was interrupted: java.lang.InterruptedException: sleep interrupted
2019-10-21 21:52:54,368 [grpc-default-executor-2] INFO  impl.RoleInfo (RoleInfo.java:updateAndGet(143)) - 0794a7c8-829f-468b-b883-2035423e3fbd: start FollowerState
2019-10-21 21:52:54,367 [grpc-default-executor-1] INFO  impl.RoleInfo (RoleInfo.java:updateAndGet(143)) - 06b05a7f-a473-42c9-9200-88e1a405b515: start FollowerState
2019-10-21 21:52:54,368 [Thread-585] INFO  impl.FollowerState (FollowerState.java:run(117)) - 0794a7c8-829f-468b-b883-2035423e3fbd@group-7886DAA09D7B-FollowerState was interrupted: java.lang.InterruptedException: sleep interrupted
2019-10-21 21:52:54,387 [e5ffd24e-bf4a-4ea8-9998-5222e19566cd@group-7886DAA09D7B-LeaderElection11] INFO  impl.LeaderElection (LeaderElection.java:logAndReturn(56)) - e5ffd24e-bf4a-4ea8-9998-5222e19566cd@group-7886DAA09D7B-LeaderElection11: Election REJECTED; received 2 response(s) [e5ffd24e-bf4a-4ea8-9998-5222e19566cd<-06b05a7f-a473-42c9-9200-88e1a405b515#0:FAIL-t7, e5ffd24e-bf4a-4ea8-9998-5222e19566cd<-0794a7c8-829f-468b-b883-2035423e3fbd#0:FAIL-t7] and 0 exception(s); e5ffd24e-bf4a-4ea8-9998-5222e19566cd@group-7886DAA09D7B:t7, leader=null, voted=e5ffd24e-bf4a-4ea8-9998-5222e19566cd, raftlog=e5ffd24e-bf4a-4ea8-9998-5222e19566cd@group-7886DAA09D7B-SegmentedRaftLog:OPENED:c3,f4,i4, conf=0: [e5ffd24e-bf4a-4ea8-9998-5222e19566cd:192.168.34.8:41621, 06b05a7f-a473-42c9-9200-88e1a405b515:192.168.34.8:42604, 0794a7c8-829f-468b-b883-2035423e3fbd:192.168.34.8:36706], old=null
2019-10-21 21:52:54,387 [e5ffd24e-bf4a-4ea8-9998-5222e19566cd@group-7886DAA09D7B-LeaderElection11] INFO  impl.RaftServerImpl (RaftServerImpl.java:setRole(184)) - e5ffd24e-bf4a-4ea8-9998-5222e19566cd@group-7886DAA09D7B: changes role from CANDIDATE to FOLLOWER at term 7 for DISCOVERED_A_NEW_TERM
2019-10-21 21:52:54,388 [e5ffd24e-bf4a-4ea8-9998-5222e19566cd@group-7886DAA09D7B-LeaderElection11] INFO  impl.RoleInfo (RoleInfo.java:shutdownLeaderElection(134)) - e5ffd24e-bf4a-4ea8-9998-5222e19566cd: shutdown LeaderElection
2019-10-21 21:52:54,389 [e5ffd24e-bf4a-4ea8-9998-5222e19566cd@group-7886DAA09D7B-LeaderElection11] INFO  impl.RoleInfo (RoleInfo.java:updateAndGet(143)) - e5ffd24e-bf4a-4ea8-9998-5222e19566cd: start FollowerState
2019-10-21 21:52:54,531 [Thread-592] INFO  impl.FollowerState (FollowerState.java:run(108)) - e5ffd24e-bf4a-4ea8-9998-5222e19566cd@group-7886DAA09D7B-FollowerState: change to CANDIDATE, lastRpcTime:142ms, electionTimeout:141ms
2019-10-21 21:52:54,532 [Thread-592] INFO  impl.RoleInfo (RoleInfo.java:shutdownFollowerState(121)) - e5ffd24e-bf4a-4ea8-9998-5222e19566cd: shutdown FollowerState
2019-10-21 21:52:54,532 [Thread-592] INFO  impl.RaftServerImpl (RaftServerImpl.java:setRole(184)) - e5ffd24e-bf4a-4ea8-9998-5222e19566cd@group-7886DAA09D7B: changes role from  FOLLOWER to CANDIDATE at term 7 for changeToCandidate
2019-10-21 21:52:54,532 [Thread-592] INFO  impl.RoleInfo (RoleInfo.java:updateAndGet(143)) - e5ffd24e-bf4a-4ea8-9998-5222e19566cd: start LeaderElection
2019-10-21 21:52:54,548 [e5ffd24e-bf4a-4ea8-9998-5222e19566cd@group-7886DAA09D7B-LeaderElection12] INFO  impl.LeaderElection (LeaderElection.java:askForVotes(178)) - e5ffd24e-bf4a-4ea8-9998-5222e19566cd@group-7886DAA09D7B-LeaderElection12: begin an election at term 8 for 0: [e5ffd24e-bf4a-4ea8-9998-5222e19566cd:192.168.34.8:41621, 06b05a7f-a473-42c9-9200-88e1a405b515:192.168.34.8:42604, 0794a7c8-829f-468b-b883-2035423e3fbd:192.168.34.8:36706], old=null
2019-10-21 21:52:54,553 [grpc-default-executor-2] INFO  impl.RaftServerImpl (RaftServerImpl.java:setRole(184)) - 06b05a7f-a473-42c9-9200-88e1a405b515@group-7886DAA09D7B: changes role from  FOLLOWER to FOLLOWER at term 8 for recognizeCandidate:e5ffd24e-bf4a-4ea8-9998-5222e19566cd
2019-10-21 21:52:54,553 [grpc-default-executor-1] INFO  impl.RaftServerImpl (RaftServerImpl.java:setRole(184)) - 0794a7c8-829f-468b-b883-2035423e3fbd@group-7886DAA09D7B: changes role from  FOLLOWER to FOLLOWER at term 8 for recognizeCandidate:e5ffd24e-bf4a-4ea8-9998-5222e19566cd
2019-10-21 21:52:54,553 [grpc-default-executor-2] INFO  impl.RoleInfo (RoleInfo.java:shutdownFollowerState(121)) - 06b05a7f-a473-42c9-9200-88e1a405b515: shutdown FollowerState
2019-10-21 21:52:54,553 [grpc-default-executor-1] INFO  impl.RoleInfo (RoleInfo.java:shutdownFollowerState(121)) - 0794a7c8-829f-468b-b883-2035423e3fbd: shutdown FollowerState
2019-10-21 21:52:54,554 [Thread-590] INFO  impl.FollowerState (FollowerState.java:run(117)) - 06b05a7f-a473-42c9-9200-88e1a405b515@group-7886DAA09D7B-FollowerState was interrupted: java.lang.InterruptedException: sleep interrupted
2019-10-21 21:52:54,554 [grpc-default-executor-2] INFO  impl.RoleInfo (RoleInfo.java:updateAndGet(143)) - 06b05a7f-a473-42c9-9200-88e1a405b515: start FollowerState
2019-10-21 21:52:54,554 [Thread-591] INFO  impl.FollowerState (FollowerState.java:run(117)) - 0794a7c8-829f-468b-b883-2035423e3fbd@group-7886DAA09D7B-FollowerState was interrupted: java.lang.InterruptedException: sleep interrupted
2019-10-21 21:52:54,554 [grpc-default-executor-1] INFO  impl.RoleInfo (RoleInfo.java:updateAndGet(143)) - 0794a7c8-829f-468b-b883-2035423e3fbd: start FollowerState
2019-10-21 21:52:54,573 [e5ffd24e-bf4a-4ea8-9998-5222e19566cd@group-7886DAA09D7B-LeaderElection12] INFO  impl.LeaderElection (LeaderElection.java:logAndReturn(56)) - e5ffd24e-bf4a-4ea8-9998-5222e19566cd@group-7886DAA09D7B-LeaderElection12: Election REJECTED; received 2 response(s) [e5ffd24e-bf4a-4ea8-9998-5222e19566cd<-06b05a7f-a473-42c9-9200-88e1a405b515#0:FAIL-t8, e5ffd24e-bf4a-4ea8-9998-5222e19566cd<-0794a7c8-829f-468b-b883-2035423e3fbd#0:FAIL-t8] and 0 exception(s); e5ffd24e-bf4a-4ea8-9998-5222e19566cd@group-7886DAA09D7B:t8, leader=null, voted=e5ffd24e-bf4a-4ea8-9998-5222e19566cd, raftlog=e5ffd24e-bf4a-4ea8-9998-5222e19566cd@group-7886DAA09D7B-SegmentedRaftLog:OPENED:c3,f4,i4, conf=0: [e5ffd24e-bf4a-4ea8-9998-5222e19566cd:192.168.34.8:41621, 06b05a7f-a473-42c9-9200-88e1a405b515:192.168.34.8:42604, 0794a7c8-829f-468b-b883-2035423e3fbd:192.168.34.8:36706], old=null
2019-10-21 21:52:54,573 [e5ffd24e-bf4a-4ea8-9998-5222e19566cd@group-7886DAA09D7B-LeaderElection12] INFO  impl.RaftServerImpl (RaftServerImpl.java:setRole(184)) - e5ffd24e-bf4a-4ea8-9998-5222e19566cd@group-7886DAA09D7B: changes role from CANDIDATE to FOLLOWER at term 8 for DISCOVERED_A_NEW_TERM
2019-10-21 21:52:54,574 [e5ffd24e-bf4a-4ea8-9998-5222e19566cd@group-7886DAA09D7B-LeaderElection12] INFO  impl.RoleInfo (RoleInfo.java:shutdownLeaderElection(134)) - e5ffd24e-bf4a-4ea8-9998-5222e19566cd: shutdown LeaderElection
2019-10-21 21:52:54,574 [e5ffd24e-bf4a-4ea8-9998-5222e19566cd@group-7886DAA09D7B-LeaderElection12] INFO  impl.RoleInfo (RoleInfo.java:updateAndGet(143)) - e5ffd24e-bf4a-4ea8-9998-5222e19566cd: start FollowerState
2019-10-21 21:52:54,643 [BlockDeletingService#2] WARN  background.BlockDeletingService (BlockDeletingService.java:isDeletionAllowed(187)) - Close Container log Index 6 is not replicated across allthe servers in the pipeline 57ddd59c-82e7-4c8a-99fd-7886daa09d7b as the min replicated index is 4. Deletion is not allowed in this container yet.
2019-10-21 21:52:54,643 [BlockDeletingService#2] WARN  background.BlockDeletingService (BlockDeletingService.java:isDeletionAllowed(187)) - Close Container log Index 6 is not replicated across allthe servers in the pipeline 57ddd59c-82e7-4c8a-99fd-7886daa09d7b as the min replicated index is 4. Deletion is not allowed in this container yet.
2019-10-21 21:52:54,701 [Thread-598] INFO  impl.FollowerState (FollowerState.java:run(108)) - e5ffd24e-bf4a-4ea8-9998-5222e19566cd@group-7886DAA09D7B-FollowerState: change to CANDIDATE, lastRpcTime:126ms, electionTimeout:125ms
2019-10-21 21:52:54,701 [Thread-598] INFO  impl.RoleInfo (RoleInfo.java:shutdownFollowerState(121)) - e5ffd24e-bf4a-4ea8-9998-5222e19566cd: shutdown FollowerState
2019-10-21 21:52:54,701 [Thread-598] INFO  impl.RaftServerImpl (RaftServerImpl.java:setRole(184)) - e5ffd24e-bf4a-4ea8-9998-5222e19566cd@group-7886DAA09D7B: changes role from  FOLLOWER to CANDIDATE at term 8 for changeToCandidate
2019-10-21 21:52:54,701 [Thread-598] INFO  impl.RoleInfo (RoleInfo.java:updateAndGet(143)) - e5ffd24e-bf4a-4ea8-9998-5222e19566cd: start LeaderElection
2019-10-21 21:52:54,724 [e5ffd24e-bf4a-4ea8-9998-5222e19566cd@group-7886DAA09D7B-LeaderElection13] INFO  impl.LeaderElection (LeaderElection.java:askForVotes(178)) - e5ffd24e-bf4a-4ea8-9998-5222e19566cd@group-7886DAA09D7B-LeaderElection13: begin an election at term 9 for 0: [e5ffd24e-bf4a-4ea8-9998-5222e19566cd:192.168.34.8:41621, 06b05a7f-a473-42c9-9200-88e1a405b515:192.168.34.8:42604, 0794a7c8-829f-468b-b883-2035423e3fbd:192.168.34.8:36706], old=null
2019-10-21 21:52:54,729 [grpc-default-executor-2] INFO  impl.RaftServerImpl (RaftServerImpl.java:setRole(184)) - 06b05a7f-a473-42c9-9200-88e1a405b515@group-7886DAA09D7B: changes role from  FOLLOWER to FOLLOWER at term 9 for recognizeCandidate:e5ffd24e-bf4a-4ea8-9998-5222e19566cd
2019-10-21 21:52:54,729 [grpc-default-executor-1] INFO  impl.RaftServerImpl (RaftServerImpl.java:setRole(184)) - 0794a7c8-829f-468b-b883-2035423e3fbd@group-7886DAA09D7B: changes role from  FOLLOWER to FOLLOWER at term 9 for recognizeCandidate:e5ffd24e-bf4a-4ea8-9998-5222e19566cd
2019-10-21 21:52:54,729 [grpc-default-executor-2] INFO  impl.RoleInfo (RoleInfo.java:shutdownFollowerState(121)) - 06b05a7f-a473-42c9-9200-88e1a405b515: shutdown FollowerState
2019-10-21 21:52:54,729 [grpc-default-executor-1] INFO  impl.RoleInfo (RoleInfo.java:shutdownFollowerState(121)) - 0794a7c8-829f-468b-b883-2035423e3fbd: shutdown FollowerState
2019-10-21 21:52:54,729 [Thread-596] INFO  impl.FollowerState (FollowerState.java:run(117)) - 06b05a7f-a473-42c9-9200-88e1a405b515@group-7886DAA09D7B-FollowerState was interrupted: java.lang.InterruptedException: sleep interrupted
2019-10-21 21:52:54,730 [grpc-default-executor-1] INFO  impl.RoleInfo (RoleInfo.java:updateAndGet(143)) - 0794a7c8-829f-468b-b883-2035423e3fbd: start FollowerState
2019-10-21 21:52:54,729 [grpc-default-executor-2] INFO  impl.RoleInfo (RoleInfo.java:updateAndGet(143)) - 06b05a7f-a473-42c9-9200-88e1a405b515: start FollowerState
2019-10-21 21:52:54,730 [Thread-597] INFO  impl.FollowerState (FollowerState.java:run(117)) - 0794a7c8-829f-468b-b883-2035423e3fbd@group-7886DAA09D7B-FollowerState was interrupted: java.lang.InterruptedException: sleep interrupted
2019-10-21 21:52:54,748 [e5ffd24e-bf4a-4ea8-9998-5222e19566cd@group-7886DAA09D7B-LeaderElection13] INFO  impl.LeaderElection (LeaderElection.java:logAndReturn(56)) - e5ffd24e-bf4a-4ea8-9998-5222e19566cd@group-7886DAA09D7B-LeaderElection13: Election REJECTED; received 2 response(s) [e5ffd24e-bf4a-4ea8-9998-5222e19566cd<-06b05a7f-a473-42c9-9200-88e1a405b515#0:FAIL-t9, e5ffd24e-bf4a-4ea8-9998-5222e19566cd<-0794a7c8-829f-468b-b883-2035423e3fbd#0:FAIL-t9] and 0 exception(s); e5ffd24e-bf4a-4ea8-9998-5222e19566cd@group-7886DAA09D7B:t9, leader=null, voted=e5ffd24e-bf4a-4ea8-9998-5222e19566cd, raftlog=e5ffd24e-bf4a-4ea8-9998-5222e19566cd@group-7886DAA09D7B-SegmentedRaftLog:OPENED:c3,f4,i4, conf=0: [e5ffd24e-bf4a-4ea8-9998-5222e19566cd:192.168.34.8:41621, 06b05a7f-a473-42c9-9200-88e1a405b515:192.168.34.8:42604, 0794a7c8-829f-468b-b883-2035423e3fbd:192.168.34.8:36706], old=null
2019-10-21 21:52:54,748 [e5ffd24e-bf4a-4ea8-9998-5222e19566cd@group-7886DAA09D7B-LeaderElection13] INFO  impl.RaftServerImpl (RaftServerImpl.java:setRole(184)) - e5ffd24e-bf4a-4ea8-9998-5222e19566cd@group-7886DAA09D7B: changes role from CANDIDATE to FOLLOWER at term 9 for DISCOVERED_A_NEW_TERM
2019-10-21 21:52:54,749 [e5ffd24e-bf4a-4ea8-9998-5222e19566cd@group-7886DAA09D7B-LeaderElection13] INFO  impl.RoleInfo (RoleInfo.java:shutdownLeaderElection(134)) - e5ffd24e-bf4a-4ea8-9998-5222e19566cd: shutdown LeaderElection
2019-10-21 21:52:54,749 [e5ffd24e-bf4a-4ea8-9998-5222e19566cd@group-7886DAA09D7B-LeaderElection13] INFO  impl.RoleInfo (RoleInfo.java:updateAndGet(143)) - e5ffd24e-bf4a-4ea8-9998-5222e19566cd: start FollowerState
2019-10-21 21:52:54,899 [Thread-609] INFO  client.GrpcClientProtocolService (GrpcClientProtocolService.java:lambda$processClientRequest$0(278)) - Failed RaftClientRequest:client-5B812E6CE025->06b05a7f-a473-42c9-9200-88e1a405b515@group-7886DAA09D7B, cid=10, seq=0, Watch-ALL_COMMITTED(6), Message:<EMPTY>, reply=RaftClientReply:client-5B812E6CE025->06b05a7f-a473-42c9-9200-88e1a405b515@group-7886DAA09D7B, cid=10, FAILED org.apache.ratis.protocol.NotLeaderException: Server 06b05a7f-a473-42c9-9200-88e1a405b515@group-7886DAA09D7B is not the leader, logIndex=0, commits[06b05a7f-a473-42c9-9200-88e1a405b515:c10, e5ffd24e-bf4a-4ea8-9998-5222e19566cd:c4, 0794a7c8-829f-468b-b883-2035423e3fbd:c10]
2019-10-21 21:52:54,948 [Thread-607] INFO  impl.FollowerState (FollowerState.java:run(108)) - e5ffd24e-bf4a-4ea8-9998-5222e19566cd@group-7886DAA09D7B-FollowerState: change to CANDIDATE, lastRpcTime:199ms, electionTimeout:198ms
2019-10-21 21:52:54,948 [Thread-607] INFO  impl.RoleInfo (RoleInfo.java:shutdownFollowerState(121)) - e5ffd24e-bf4a-4ea8-9998-5222e19566cd: shutdown FollowerState
2019-10-21 21:52:54,948 [Thread-607] INFO  impl.RaftServerImpl (RaftServerImpl.java:setRole(184)) - e5ffd24e-bf4a-4ea8-9998-5222e19566cd@group-7886DAA09D7B: changes role from  FOLLOWER to CANDIDATE at term 9 for changeToCandidate
2019-10-21 21:52:54,948 [Thread-607] INFO  impl.RoleInfo (RoleInfo.java:updateAndGet(143)) - e5ffd24e-bf4a-4ea8-9998-5222e19566cd: start LeaderElection
2019-10-21 21:52:54,963 [e5ffd24e-bf4a-4ea8-9998-5222e19566cd@group-7886DAA09D7B-LeaderElection14] INFO  impl.LeaderElection (LeaderElection.java:askForVotes(178)) - e5ffd24e-bf4a-4ea8-9998-5222e19566cd@group-7886DAA09D7B-LeaderElection14: begin an election at term 10 for 0: [e5ffd24e-bf4a-4ea8-9998-5222e19566cd:192.168.34.8:41621, 06b05a7f-a473-42c9-9200-88e1a405b515:192.168.34.8:42604, 0794a7c8-829f-468b-b883-2035423e3fbd:192.168.34.8:36706], old=null
2019-10-21 21:52:54,971 [grpc-default-executor-1] INFO  impl.RaftServerImpl (RaftServerImpl.java:setRole(184)) - 06b05a7f-a473-42c9-9200-88e1a405b515@group-7886DAA09D7B: changes role from  FOLLOWER to FOLLOWER at term 10 for recognizeCandidate:e5ffd24e-bf4a-4ea8-9998-5222e19566cd
2019-10-21 21:52:54,971 [grpc-default-executor-1] INFO  impl.RoleInfo (RoleInfo.java:shutdownFollowerState(121)) - 06b05a7f-a473-42c9-9200-88e1a405b515: shutdown FollowerState
2019-10-21 21:52:54,971 [grpc-default-executor-1] INFO  impl.RoleInfo (RoleInfo.java:updateAndGet(143)) - 06b05a7f-a473-42c9-9200-88e1a405b515: start FollowerState
2019-10-21 21:52:54,971 [Thread-605] INFO  impl.FollowerState (FollowerState.java:run(117)) - 06b05a7f-a473-42c9-9200-88e1a405b515@group-7886DAA09D7B-FollowerState was interrupted: java.lang.InterruptedException: sleep interrupted
2019-10-21 21:52:54,975 [grpc-default-executor-2] INFO  impl.RaftServerImpl (RaftServerImpl.java:setRole(184)) - 0794a7c8-829f-468b-b883-2035423e3fbd@group-7886DAA09D7B: changes role from  FOLLOWER to FOLLOWER at term 10 for recognizeCandidate:e5ffd24e-bf4a-4ea8-9998-5222e19566cd
2019-10-21 21:52:54,975 [grpc-default-executor-2] INFO  impl.RoleInfo (RoleInfo.java:shutdownFollowerState(121)) - 0794a7c8-829f-468b-b883-2035423e3fbd: shutdown FollowerState
2019-10-21 21:52:54,976 [grpc-default-executor-2] INFO  impl.RoleInfo (RoleInfo.java:updateAndGet(143)) - 0794a7c8-829f-468b-b883-2035423e3fbd: start FollowerState
2019-10-21 21:52:54,976 [Thread-606] INFO  impl.FollowerState (FollowerState.java:run(117)) - 0794a7c8-829f-468b-b883-2035423e3fbd@group-7886DAA09D7B-FollowerState was interrupted: java.lang.InterruptedException: sleep interrupted
2019-10-21 21:52:54,987 [e5ffd24e-bf4a-4ea8-9998-5222e19566cd@group-7886DAA09D7B-LeaderElection14] INFO  impl.LeaderElection (LeaderElection.java:logAndReturn(56)) - e5ffd24e-bf4a-4ea8-9998-5222e19566cd@group-7886DAA09D7B-LeaderElection14: Election REJECTED; received 2 response(s) [e5ffd24e-bf4a-4ea8-9998-5222e19566cd<-06b05a7f-a473-42c9-9200-88e1a405b515#0:FAIL-t10, e5ffd24e-bf4a-4ea8-9998-5222e19566cd<-0794a7c8-829f-468b-b883-2035423e3fbd#0:FAIL-t10] and 0 exception(s); e5ffd24e-bf4a-4ea8-9998-5222e19566cd@group-7886DAA09D7B:t10, leader=null, voted=e5ffd24e-bf4a-4ea8-9998-5222e19566cd, raftlog=e5ffd24e-bf4a-4ea8-9998-5222e19566cd@group-7886DAA09D7B-SegmentedRaftLog:OPENED:c3,f4,i4, conf=0: [e5ffd24e-bf4a-4ea8-9998-5222e19566cd:192.168.34.8:41621, 06b05a7f-a473-42c9-9200-88e1a405b515:192.168.34.8:42604, 0794a7c8-829f-468b-b883-2035423e3fbd:192.168.34.8:36706], old=null
2019-10-21 21:52:54,988 [e5ffd24e-bf4a-4ea8-9998-5222e19566cd@group-7886DAA09D7B-LeaderElection14] INFO  impl.RaftServerImpl (RaftServerImpl.java:setRole(184)) - e5ffd24e-bf4a-4ea8-9998-5222e19566cd@group-7886DAA09D7B: changes role from CANDIDATE to FOLLOWER at term 10 for DISCOVERED_A_NEW_TERM
2019-10-21 21:52:54,988 [e5ffd24e-bf4a-4ea8-9998-5222e19566cd@group-7886DAA09D7B-LeaderElection14] INFO  impl.RoleInfo (RoleInfo.java:shutdownLeaderElection(134)) - e5ffd24e-bf4a-4ea8-9998-5222e19566cd: shutdown LeaderElection
2019-10-21 21:52:54,988 [e5ffd24e-bf4a-4ea8-9998-5222e19566cd@group-7886DAA09D7B-LeaderElection14] INFO  impl.RoleInfo (RoleInfo.java:updateAndGet(143)) - e5ffd24e-bf4a-4ea8-9998-5222e19566cd: start FollowerState
2019-10-21 21:52:55,030 [Thread-616] INFO  impl.FollowerState (FollowerState.java:run(108)) - e5ffd24e-bf4a-4ea8-9998-5222e19566cd@group-7886DAA09D7B-FollowerState: change to CANDIDATE, lastRpcTime:41ms, electionTimeout:38ms
2019-10-21 21:52:55,031 [Thread-616] INFO  impl.RoleInfo (RoleInfo.java:shutdownFollowerState(121)) - e5ffd24e-bf4a-4ea8-9998-5222e19566cd: shutdown FollowerState
2019-10-21 21:52:55,031 [Thread-616] INFO  impl.RaftServerImpl (RaftServerImpl.java:setRole(184)) - e5ffd24e-bf4a-4ea8-9998-5222e19566cd@group-7886DAA09D7B: changes role from  FOLLOWER to CANDIDATE at term 10 for changeToCandidate
2019-10-21 21:52:55,031 [Thread-616] INFO  impl.RoleInfo (RoleInfo.java:updateAndGet(143)) - e5ffd24e-bf4a-4ea8-9998-5222e19566cd: start LeaderElection
2019-10-21 21:52:55,046 [e5ffd24e-bf4a-4ea8-9998-5222e19566cd@group-7886DAA09D7B-LeaderElection15] INFO  impl.LeaderElection (LeaderElection.java:askForVotes(178)) - e5ffd24e-bf4a-4ea8-9998-5222e19566cd@group-7886DAA09D7B-LeaderElection15: begin an election at term 11 for 0: [e5ffd24e-bf4a-4ea8-9998-5222e19566cd:192.168.34.8:41621, 06b05a7f-a473-42c9-9200-88e1a405b515:192.168.34.8:42604, 0794a7c8-829f-468b-b883-2035423e3fbd:192.168.34.8:36706], old=null
2019-10-21 21:52:55,050 [grpc-default-executor-1] INFO  impl.RaftServerImpl (RaftServerImpl.java:setRole(184)) - 06b05a7f-a473-42c9-9200-88e1a405b515@group-7886DAA09D7B: changes role from  FOLLOWER to FOLLOWER at term 11 for recognizeCandidate:e5ffd24e-bf4a-4ea8-9998-5222e19566cd
2019-10-21 21:52:55,050 [grpc-default-executor-1] INFO  impl.RoleInfo (RoleInfo.java:shutdownFollowerState(121)) - 06b05a7f-a473-42c9-9200-88e1a405b515: shutdown FollowerState
2019-10-21 21:52:55,050 [grpc-default-executor-2] INFO  impl.RaftServerImpl (RaftServerImpl.java:setRole(184)) - 0794a7c8-829f-468b-b883-2035423e3fbd@group-7886DAA09D7B: changes role from  FOLLOWER to FOLLOWER at term 11 for recognizeCandidate:e5ffd24e-bf4a-4ea8-9998-5222e19566cd
2019-10-21 21:52:55,051 [Thread-614] INFO  impl.FollowerState (FollowerState.java:run(117)) - 06b05a7f-a473-42c9-9200-88e1a405b515@group-7886DAA09D7B-FollowerState was interrupted: java.lang.InterruptedException: sleep interrupted
2019-10-21 21:52:55,051 [grpc-default-executor-1] INFO  impl.RoleInfo (RoleInfo.java:updateAndGet(143)) - 06b05a7f-a473-42c9-9200-88e1a405b515: start FollowerState
2019-10-21 21:52:55,051 [grpc-default-executor-2] INFO  impl.RoleInfo (RoleInfo.java:shutdownFollowerState(121)) - 0794a7c8-829f-468b-b883-2035423e3fbd: shutdown FollowerState
2019-10-21 21:52:55,052 [Thread-615] INFO  impl.FollowerState (FollowerState.java:run(117)) - 0794a7c8-829f-468b-b883-2035423e3fbd@group-7886DAA09D7B-FollowerState was interrupted: java.lang.InterruptedException: sleep interrupted
2019-10-21 21:52:55,052 [grpc-default-executor-2] INFO  impl.RoleInfo (RoleInfo.java:updateAndGet(143)) - 0794a7c8-829f-468b-b883-2035423e3fbd: start FollowerState
2019-10-21 21:52:55,067 [e5ffd24e-bf4a-4ea8-9998-5222e19566cd@group-7886DAA09D7B-LeaderElection15] INFO  impl.LeaderElection (LeaderElection.java:logAndReturn(56)) - e5ffd24e-bf4a-4ea8-9998-5222e19566cd@group-7886DAA09D7B-LeaderElection15: Election REJECTED; received 2 response(s) [e5ffd24e-bf4a-4ea8-9998-5222e19566cd<-06b05a7f-a473-42c9-9200-88e1a405b515#0:FAIL-t11, e5ffd24e-bf4a-4ea8-9998-5222e19566cd<-0794a7c8-829f-468b-b883-2035423e3fbd#0:FAIL-t11] and 0 exception(s); e5ffd24e-bf4a-4ea8-9998-5222e19566cd@group-7886DAA09D7B:t11, leader=null, voted=e5ffd24e-bf4a-4ea8-9998-5222e19566cd, raftlog=e5ffd24e-bf4a-4ea8-9998-5222e19566cd@group-7886DAA09D7B-SegmentedRaftLog:OPENED:c3,f4,i4, conf=0: [e5ffd24e-bf4a-4ea8-9998-5222e19566cd:192.168.34.8:41621, 06b05a7f-a473-42c9-9200-88e1a405b515:192.168.34.8:42604, 0794a7c8-829f-468b-b883-2035423e3fbd:192.168.34.8:36706], old=null
2019-10-21 21:52:55,067 [e5ffd24e-bf4a-4ea8-9998-5222e19566cd@group-7886DAA09D7B-LeaderElection15] INFO  impl.RaftServerImpl (RaftServerImpl.java:setRole(184)) - e5ffd24e-bf4a-4ea8-9998-5222e19566cd@group-7886DAA09D7B: changes role from CANDIDATE to FOLLOWER at term 11 for DISCOVERED_A_NEW_TERM
2019-10-21 21:52:55,069 [e5ffd24e-bf4a-4ea8-9998-5222e19566cd@group-7886DAA09D7B-LeaderElection15] INFO  impl.RoleInfo (RoleInfo.java:shutdownLeaderElection(134)) - e5ffd24e-bf4a-4ea8-9998-5222e19566cd: shutdown LeaderElection
2019-10-21 21:52:55,069 [e5ffd24e-bf4a-4ea8-9998-5222e19566cd@group-7886DAA09D7B-LeaderElection15] INFO  impl.RoleInfo (RoleInfo.java:updateAndGet(143)) - e5ffd24e-bf4a-4ea8-9998-5222e19566cd: start FollowerState
2019-10-21 21:52:55,093 [pool-7-thread-2] INFO  commands.RetriableDatanodeEventWatcher (RetriableDatanodeEventWatcher.java:onTimeout(47)) - RetriableDatanodeCommand type=deleteBlocksCommand with id=1571694770089 timed out. Retrying.
2019-10-21 21:52:55,094 [pool-7-thread-1] INFO  commands.RetriableDatanodeEventWatcher (RetriableDatanodeEventWatcher.java:onTimeout(47)) - RetriableDatanodeCommand type=deleteBlocksCommand with id=1571694770095 timed out. Retrying.
2019-10-21 21:52:55,096 [pool-7-thread-1] INFO  commands.RetriableDatanodeEventWatcher (RetriableDatanodeEventWatcher.java:onTimeout(47)) - RetriableDatanodeCommand type=deleteBlocksCommand with id=1571694770097 timed out. Retrying.
2019-10-21 21:52:55,096 [pool-7-thread-2] INFO  commands.RetriableDatanodeEventWatcher (RetriableDatanodeEventWatcher.java:onTimeout(47)) - RetriableDatanodeCommand type=deleteBlocksCommand with id=1571694770096 timed out. Retrying.
2019-10-21 21:52:55,097 [pool-7-thread-3] INFO  commands.RetriableDatanodeEventWatcher (RetriableDatanodeEventWatcher.java:onTimeout(47)) - RetriableDatanodeCommand type=deleteBlocksCommand with id=1571694770092 timed out. Retrying.
2019-10-21 21:52:55,098 [SCMBlockDeletingService#1] INFO  block.SCMBlockDeletingService (SCMBlockDeletingService.java:call(184)) - Totally added 1 delete blocks command for 1 datanodes, task elapsed time: 0ms
2019-10-21 21:52:55,142 [Thread-622] INFO  impl.FollowerState (FollowerState.java:run(108)) - e5ffd24e-bf4a-4ea8-9998-5222e19566cd@group-7886DAA09D7B-FollowerState: change to CANDIDATE, lastRpcTime:72ms, electionTimeout:72ms
2019-10-21 21:52:55,142 [Thread-622] INFO  impl.RoleInfo (RoleInfo.java:shutdownFollowerState(121)) - e5ffd24e-bf4a-4ea8-9998-5222e19566cd: shutdown FollowerState
2019-10-21 21:52:55,142 [Thread-622] INFO  impl.RaftServerImpl (RaftServerImpl.java:setRole(184)) - e5ffd24e-bf4a-4ea8-9998-5222e19566cd@group-7886DAA09D7B: changes role from  FOLLOWER to CANDIDATE at term 11 for changeToCandidate
2019-10-21 21:52:55,142 [Thread-622] INFO  impl.RoleInfo (RoleInfo.java:updateAndGet(143)) - e5ffd24e-bf4a-4ea8-9998-5222e19566cd: start LeaderElection
2019-10-21 21:52:55,156 [e5ffd24e-bf4a-4ea8-9998-5222e19566cd@group-7886DAA09D7B-LeaderElection16] INFO  impl.LeaderElection (LeaderElection.java:askForVotes(178)) - e5ffd24e-bf4a-4ea8-9998-5222e19566cd@group-7886DAA09D7B-LeaderElection16: begin an election at term 12 for 0: [e5ffd24e-bf4a-4ea8-9998-5222e19566cd:192.168.34.8:41621, 06b05a7f-a473-42c9-9200-88e1a405b515:192.168.34.8:42604, 0794a7c8-829f-468b-b883-2035423e3fbd:192.168.34.8:36706], old=null
2019-10-21 21:52:55,162 [grpc-default-executor-1] INFO  impl.RaftServerImpl (RaftServerImpl.java:setRole(184)) - 0794a7c8-829f-468b-b883-2035423e3fbd@group-7886DAA09D7B: changes role from  FOLLOWER to FOLLOWER at term 12 for recognizeCandidate:e5ffd24e-bf4a-4ea8-9998-5222e19566cd
2019-10-21 21:52:55,162 [grpc-default-executor-2] INFO  impl.RaftServerImpl (RaftServerImpl.java:setRole(184)) - 06b05a7f-a473-42c9-9200-88e1a405b515@group-7886DAA09D7B: changes role from  FOLLOWER to FOLLOWER at term 12 for recognizeCandidate:e5ffd24e-bf4a-4ea8-9998-5222e19566cd
2019-10-21 21:52:55,162 [grpc-default-executor-1] INFO  impl.RoleInfo (RoleInfo.java:shutdownFollowerState(121)) - 0794a7c8-829f-468b-b883-2035423e3fbd: shutdown FollowerState
2019-10-21 21:52:55,162 [grpc-default-executor-2] INFO  impl.RoleInfo (RoleInfo.java:shutdownFollowerState(121)) - 06b05a7f-a473-42c9-9200-88e1a405b515: shutdown FollowerState
2019-10-21 21:52:55,163 [Thread-621] INFO  impl.FollowerState (FollowerState.java:run(117)) - 0794a7c8-829f-468b-b883-2035423e3fbd@group-7886DAA09D7B-FollowerState was interrupted: java.lang.InterruptedException: sleep interrupted
2019-10-21 21:52:55,162 [grpc-default-executor-1] INFO  impl.RoleInfo (RoleInfo.java:updateAndGet(143)) - 0794a7c8-829f-468b-b883-2035423e3fbd: start FollowerState
2019-10-21 21:52:55,163 [Thread-620] INFO  impl.FollowerState (FollowerState.java:run(117)) - 06b05a7f-a473-42c9-9200-88e1a405b515@group-7886DAA09D7B-FollowerState was interrupted: java.lang.InterruptedException: sleep interrupted
2019-10-21 21:52:55,163 [grpc-default-executor-2] INFO  impl.RoleInfo (RoleInfo.java:updateAndGet(143)) - 06b05a7f-a473-42c9-9200-88e1a405b515: start FollowerState
2019-10-21 21:52:55,179 [e5ffd24e-bf4a-4ea8-9998-5222e19566cd@group-7886DAA09D7B-LeaderElection16] INFO  impl.LeaderElection (LeaderElection.java:logAndReturn(56)) - e5ffd24e-bf4a-4ea8-9998-5222e19566cd@group-7886DAA09D7B-LeaderElection16: Election REJECTED; received 2 response(s) [e5ffd24e-bf4a-4ea8-9998-5222e19566cd<-06b05a7f-a473-42c9-9200-88e1a405b515#0:FAIL-t12, e5ffd24e-bf4a-4ea8-9998-5222e19566cd<-0794a7c8-829f-468b-b883-2035423e3fbd#0:FAIL-t12] and 0 exception(s); e5ffd24e-bf4a-4ea8-9998-5222e19566cd@group-7886DAA09D7B:t12, leader=null, voted=e5ffd24e-bf4a-4ea8-9998-5222e19566cd, raftlog=e5ffd24e-bf4a-4ea8-9998-5222e19566cd@group-7886DAA09D7B-SegmentedRaftLog:OPENED:c3,f4,i4, conf=0: [e5ffd24e-bf4a-4ea8-9998-5222e19566cd:192.168.34.8:41621, 06b05a7f-a473-42c9-9200-88e1a405b515:192.168.34.8:42604, 0794a7c8-829f-468b-b883-2035423e3fbd:192.168.34.8:36706], old=null
2019-10-21 21:52:55,179 [e5ffd24e-bf4a-4ea8-9998-5222e19566cd@group-7886DAA09D7B-LeaderElection16] INFO  impl.RaftServerImpl (RaftServerImpl.java:setRole(184)) - e5ffd24e-bf4a-4ea8-9998-5222e19566cd@group-7886DAA09D7B: changes role from CANDIDATE to FOLLOWER at term 12 for DISCOVERED_A_NEW_TERM
2019-10-21 21:52:55,180 [e5ffd24e-bf4a-4ea8-9998-5222e19566cd@group-7886DAA09D7B-LeaderElection16] INFO  impl.RoleInfo (RoleInfo.java:shutdownLeaderElection(134)) - e5ffd24e-bf4a-4ea8-9998-5222e19566cd: shutdown LeaderElection
2019-10-21 21:52:55,180 [e5ffd24e-bf4a-4ea8-9998-5222e19566cd@group-7886DAA09D7B-LeaderElection16] INFO  impl.RoleInfo (RoleInfo.java:updateAndGet(143)) - e5ffd24e-bf4a-4ea8-9998-5222e19566cd: start FollowerState
2019-10-21 21:52:55,381 [Thread-628] INFO  impl.FollowerState (FollowerState.java:run(108)) - e5ffd24e-bf4a-4ea8-9998-5222e19566cd@group-7886DAA09D7B-FollowerState: change to CANDIDATE, lastRpcTime:201ms, electionTimeout:200ms
2019-10-21 21:52:55,386 [Thread-628] INFO  impl.RoleInfo (RoleInfo.java:shutdownFollowerState(121)) - e5ffd24e-bf4a-4ea8-9998-5222e19566cd: shutdown FollowerState
2019-10-21 21:52:55,386 [Thread-628] INFO  impl.RaftServerImpl (RaftServerImpl.java:setRole(184)) - e5ffd24e-bf4a-4ea8-9998-5222e19566cd@group-7886DAA09D7B: changes role from  FOLLOWER to CANDIDATE at term 12 for changeToCandidate
2019-10-21 21:52:55,386 [Thread-628] INFO  impl.RoleInfo (RoleInfo.java:updateAndGet(143)) - e5ffd24e-bf4a-4ea8-9998-5222e19566cd: start LeaderElection
2019-10-21 21:52:55,413 [e5ffd24e-bf4a-4ea8-9998-5222e19566cd@group-7886DAA09D7B-LeaderElection17] INFO  impl.LeaderElection (LeaderElection.java:askForVotes(178)) - e5ffd24e-bf4a-4ea8-9998-5222e19566cd@group-7886DAA09D7B-LeaderElection17: begin an election at term 13 for 0: [e5ffd24e-bf4a-4ea8-9998-5222e19566cd:192.168.34.8:41621, 06b05a7f-a473-42c9-9200-88e1a405b515:192.168.34.8:42604, 0794a7c8-829f-468b-b883-2035423e3fbd:192.168.34.8:36706], old=null
2019-10-21 21:52:55,514 [e5ffd24e-bf4a-4ea8-9998-5222e19566cd@group-7886DAA09D7B-LeaderElection17] INFO  impl.LeaderElection (LeaderElection.java:logAndReturn(56)) - e5ffd24e-bf4a-4ea8-9998-5222e19566cd@group-7886DAA09D7B-LeaderElection17: Election TIMEOUT; received 0 response(s) [] and 0 exception(s); e5ffd24e-bf4a-4ea8-9998-5222e19566cd@group-7886DAA09D7B:t13, leader=null, voted=e5ffd24e-bf4a-4ea8-9998-5222e19566cd, raftlog=e5ffd24e-bf4a-4ea8-9998-5222e19566cd@group-7886DAA09D7B-SegmentedRaftLog:OPENED:c3,f4,i4, conf=0: [e5ffd24e-bf4a-4ea8-9998-5222e19566cd:192.168.34.8:41621, 06b05a7f-a473-42c9-9200-88e1a405b515:192.168.34.8:42604, 0794a7c8-829f-468b-b883-2035423e3fbd:192.168.34.8:36706], old=null
2019-10-21 21:52:55,523 [grpc-default-executor-2] INFO  impl.RaftServerImpl (RaftServerImpl.java:setRole(184)) - 06b05a7f-a473-42c9-9200-88e1a405b515@group-7886DAA09D7B: changes role from  FOLLOWER to FOLLOWER at term 13 for recognizeCandidate:e5ffd24e-bf4a-4ea8-9998-5222e19566cd
2019-10-21 21:52:55,523 [grpc-default-executor-2] INFO  impl.RoleInfo (RoleInfo.java:shutdownFollowerState(121)) - 06b05a7f-a473-42c9-9200-88e1a405b515: shutdown FollowerState
2019-10-21 21:52:55,523 [grpc-default-executor-1] INFO  impl.RaftServerImpl (RaftServerImpl.java:setRole(184)) - 0794a7c8-829f-468b-b883-2035423e3fbd@group-7886DAA09D7B: changes role from  FOLLOWER to FOLLOWER at term 13 for recognizeCandidate:e5ffd24e-bf4a-4ea8-9998-5222e19566cd
2019-10-21 21:52:55,523 [Thread-627] INFO  impl.FollowerState (FollowerState.java:run(117)) - 06b05a7f-a473-42c9-9200-88e1a405b515@group-7886DAA09D7B-FollowerState was interrupted: java.lang.InterruptedException: sleep interrupted
2019-10-21 21:52:55,523 [grpc-default-executor-2] INFO  impl.RoleInfo (RoleInfo.java:updateAndGet(143)) - 06b05a7f-a473-42c9-9200-88e1a405b515: start FollowerState
2019-10-21 21:52:55,523 [grpc-default-executor-1] INFO  impl.RoleInfo (RoleInfo.java:shutdownFollowerState(121)) - 0794a7c8-829f-468b-b883-2035423e3fbd: shutdown FollowerState
2019-10-21 21:52:55,526 [Thread-626] INFO  impl.FollowerState (FollowerState.java:run(117)) - 0794a7c8-829f-468b-b883-2035423e3fbd@group-7886DAA09D7B-FollowerState was interrupted: java.lang.InterruptedException: sleep interrupted
2019-10-21 21:52:55,526 [grpc-default-executor-1] INFO  impl.RoleInfo (RoleInfo.java:updateAndGet(143)) - 0794a7c8-829f-468b-b883-2035423e3fbd: start FollowerState
2019-10-21 21:52:55,534 [e5ffd24e-bf4a-4ea8-9998-5222e19566cd@group-7886DAA09D7B-LeaderElection17] INFO  impl.LeaderElection (LeaderElection.java:askForVotes(178)) - e5ffd24e-bf4a-4ea8-9998-5222e19566cd@group-7886DAA09D7B-LeaderElection17: begin an election at term 14 for 0: [e5ffd24e-bf4a-4ea8-9998-5222e19566cd:192.168.34.8:41621, 06b05a7f-a473-42c9-9200-88e1a405b515:192.168.34.8:42604, 0794a7c8-829f-468b-b883-2035423e3fbd:192.168.34.8:36706], old=null
2019-10-21 21:52:55,538 [grpc-default-executor-2] INFO  impl.RaftServerImpl (RaftServerImpl.java:setRole(184)) - 06b05a7f-a473-42c9-9200-88e1a405b515@group-7886DAA09D7B: changes role from  FOLLOWER to FOLLOWER at term 14 for recognizeCandidate:e5ffd24e-bf4a-4ea8-9998-5222e19566cd
2019-10-21 21:52:55,538 [grpc-default-executor-2] INFO  impl.RoleInfo (RoleInfo.java:shutdownFollowerState(121)) - 06b05a7f-a473-42c9-9200-88e1a405b515: shutdown FollowerState
2019-10-21 21:52:55,538 [Thread-632] INFO  impl.FollowerState (FollowerState.java:run(117)) - 06b05a7f-a473-42c9-9200-88e1a405b515@group-7886DAA09D7B-FollowerState was interrupted: java.lang.InterruptedException: sleep interrupted
2019-10-21 21:52:55,538 [grpc-default-executor-2] INFO  impl.RoleInfo (RoleInfo.java:updateAndGet(143)) - 06b05a7f-a473-42c9-9200-88e1a405b515: start FollowerState
2019-10-21 21:52:55,539 [e5ffd24e-bf4a-4ea8-9998-5222e19566cd@group-7886DAA09D7B-LeaderElection17] INFO  impl.LeaderElection (LeaderElection.java:logAndReturn(56)) - e5ffd24e-bf4a-4ea8-9998-5222e19566cd@group-7886DAA09D7B-LeaderElection17: Election TIMEOUT; received 0 response(s) [] and 0 exception(s); e5ffd24e-bf4a-4ea8-9998-5222e19566cd@group-7886DAA09D7B:t14, leader=null, voted=e5ffd24e-bf4a-4ea8-9998-5222e19566cd, raftlog=e5ffd24e-bf4a-4ea8-9998-5222e19566cd@group-7886DAA09D7B-SegmentedRaftLog:OPENED:c3,f4,i4, conf=0: [e5ffd24e-bf4a-4ea8-9998-5222e19566cd:192.168.34.8:41621, 06b05a7f-a473-42c9-9200-88e1a405b515:192.168.34.8:42604, 0794a7c8-829f-468b-b883-2035423e3fbd:192.168.34.8:36706], old=null
2019-10-21 21:52:55,547 [e5ffd24e-bf4a-4ea8-9998-5222e19566cd@group-7886DAA09D7B-LeaderElection17] INFO  impl.LeaderElection (LeaderElection.java:askForVotes(178)) - e5ffd24e-bf4a-4ea8-9998-5222e19566cd@group-7886DAA09D7B-LeaderElection17: begin an election at term 15 for 0: [e5ffd24e-bf4a-4ea8-9998-5222e19566cd:192.168.34.8:41621, 06b05a7f-a473-42c9-9200-88e1a405b515:192.168.34.8:42604, 0794a7c8-829f-468b-b883-2035423e3fbd:192.168.34.8:36706], old=null
2019-10-21 21:52:55,547 [grpc-default-executor-0] INFO  impl.RaftServerImpl (RaftServerImpl.java:setRole(184)) - 0794a7c8-829f-468b-b883-2035423e3fbd@group-7886DAA09D7B: changes role from  FOLLOWER to FOLLOWER at term 14 for recognizeCandidate:e5ffd24e-bf4a-4ea8-9998-5222e19566cd
2019-10-21 21:52:55,547 [grpc-default-executor-0] INFO  impl.RoleInfo (RoleInfo.java:shutdownFollowerState(121)) - 0794a7c8-829f-468b-b883-2035423e3fbd: shutdown FollowerState
2019-10-21 21:52:55,548 [grpc-default-executor-0] INFO  impl.RoleInfo (RoleInfo.java:updateAndGet(143)) - 0794a7c8-829f-468b-b883-2035423e3fbd: start FollowerState
2019-10-21 21:52:55,548 [Thread-633] INFO  impl.FollowerState (FollowerState.java:run(117)) - 0794a7c8-829f-468b-b883-2035423e3fbd@group-7886DAA09D7B-FollowerState was interrupted: java.lang.InterruptedException: sleep interrupted
2019-10-21 21:52:55,550 [e5ffd24e-bf4a-4ea8-9998-5222e19566cd@group-7886DAA09D7B-LeaderElection17] INFO  impl.LeaderElection (LeaderElection.java:logAndReturn(56)) - e5ffd24e-bf4a-4ea8-9998-5222e19566cd@group-7886DAA09D7B-LeaderElection17: Election TIMEOUT; received 0 response(s) [] and 0 exception(s); e5ffd24e-bf4a-4ea8-9998-5222e19566cd@group-7886DAA09D7B:t15, leader=null, voted=e5ffd24e-bf4a-4ea8-9998-5222e19566cd, raftlog=e5ffd24e-bf4a-4ea8-9998-5222e19566cd@group-7886DAA09D7B-SegmentedRaftLog:OPENED:c3,f4,i4, conf=0: [e5ffd24e-bf4a-4ea8-9998-5222e19566cd:192.168.34.8:41621, 06b05a7f-a473-42c9-9200-88e1a405b515:192.168.34.8:42604, 0794a7c8-829f-468b-b883-2035423e3fbd:192.168.34.8:36706], old=null
2019-10-21 21:52:55,550 [grpc-default-executor-1] INFO  impl.RaftServerImpl (RaftServerImpl.java:setRole(184)) - 06b05a7f-a473-42c9-9200-88e1a405b515@group-7886DAA09D7B: changes role from  FOLLOWER to FOLLOWER at term 15 for recognizeCandidate:e5ffd24e-bf4a-4ea8-9998-5222e19566cd
2019-10-21 21:52:55,551 [grpc-default-executor-1] INFO  impl.RoleInfo (RoleInfo.java:shutdownFollowerState(121)) - 06b05a7f-a473-42c9-9200-88e1a405b515: shutdown FollowerState
2019-10-21 21:52:55,551 [Thread-636] INFO  impl.FollowerState (FollowerState.java:run(117)) - 06b05a7f-a473-42c9-9200-88e1a405b515@group-7886DAA09D7B-FollowerState was interrupted: java.lang.InterruptedException: sleep interrupted
2019-10-21 21:52:55,551 [grpc-default-executor-1] INFO  impl.RoleInfo (RoleInfo.java:updateAndGet(143)) - 06b05a7f-a473-42c9-9200-88e1a405b515: start FollowerState
2019-10-21 21:52:55,562 [e5ffd24e-bf4a-4ea8-9998-5222e19566cd@group-7886DAA09D7B-LeaderElection17] INFO  impl.LeaderElection (LeaderElection.java:askForVotes(178)) - e5ffd24e-bf4a-4ea8-9998-5222e19566cd@group-7886DAA09D7B-LeaderElection17: begin an election at term 16 for 0: [e5ffd24e-bf4a-4ea8-9998-5222e19566cd:192.168.34.8:41621, 06b05a7f-a473-42c9-9200-88e1a405b515:192.168.34.8:42604, 0794a7c8-829f-468b-b883-2035423e3fbd:192.168.34.8:36706], old=null
2019-10-21 21:52:55,562 [grpc-default-executor-2] INFO  impl.RaftServerImpl (RaftServerImpl.java:setRole(184)) - 0794a7c8-829f-468b-b883-2035423e3fbd@group-7886DAA09D7B: changes role from  FOLLOWER to FOLLOWER at term 15 for recognizeCandidate:e5ffd24e-bf4a-4ea8-9998-5222e19566cd
2019-10-21 21:52:55,562 [grpc-default-executor-2] INFO  impl.RoleInfo (RoleInfo.java:shutdownFollowerState(121)) - 0794a7c8-829f-468b-b883-2035423e3fbd: shutdown FollowerState
2019-10-21 21:52:55,563 [Thread-639] INFO  impl.FollowerState (FollowerState.java:run(117)) - 0794a7c8-829f-468b-b883-2035423e3fbd@group-7886DAA09D7B-FollowerState was interrupted: java.lang.InterruptedException: sleep interrupted
2019-10-21 21:52:55,563 [grpc-default-executor-2] INFO  impl.RoleInfo (RoleInfo.java:updateAndGet(143)) - 0794a7c8-829f-468b-b883-2035423e3fbd: start FollowerState
2019-10-21 21:52:55,565 [grpc-default-executor-1] INFO  impl.RaftServerImpl (RaftServerImpl.java:setRole(184)) - 06b05a7f-a473-42c9-9200-88e1a405b515@group-7886DAA09D7B: changes role from  FOLLOWER to FOLLOWER at term 16 for recognizeCandidate:e5ffd24e-bf4a-4ea8-9998-5222e19566cd
2019-10-21 21:52:55,566 [grpc-default-executor-1] INFO  impl.RoleInfo (RoleInfo.java:shutdownFollowerState(121)) - 06b05a7f-a473-42c9-9200-88e1a405b515: shutdown FollowerState
2019-10-21 21:52:55,566 [Thread-640] INFO  impl.FollowerState (FollowerState.java:run(117)) - 06b05a7f-a473-42c9-9200-88e1a405b515@group-7886DAA09D7B-FollowerState was interrupted: java.lang.InterruptedException: sleep interrupted
2019-10-21 21:52:55,566 [grpc-default-executor-1] INFO  impl.RoleInfo (RoleInfo.java:updateAndGet(143)) - 06b05a7f-a473-42c9-9200-88e1a405b515: start FollowerState
2019-10-21 21:52:55,572 [grpc-default-executor-0] INFO  impl.RaftServerImpl (RaftServerImpl.java:setRole(184)) - 0794a7c8-829f-468b-b883-2035423e3fbd@group-7886DAA09D7B: changes role from  FOLLOWER to FOLLOWER at term 16 for recognizeCandidate:e5ffd24e-bf4a-4ea8-9998-5222e19566cd
2019-10-21 21:52:55,572 [grpc-default-executor-0] INFO  impl.RoleInfo (RoleInfo.java:shutdownFollowerState(121)) - 0794a7c8-829f-468b-b883-2035423e3fbd: shutdown FollowerState
2019-10-21 21:52:55,572 [grpc-default-executor-0] INFO  impl.RoleInfo (RoleInfo.java:updateAndGet(143)) - 0794a7c8-829f-468b-b883-2035423e3fbd: start FollowerState
2019-10-21 21:52:55,572 [Thread-643] INFO  impl.FollowerState (FollowerState.java:run(117)) - 0794a7c8-829f-468b-b883-2035423e3fbd@group-7886DAA09D7B-FollowerState was interrupted: java.lang.InterruptedException: sleep interrupted
2019-10-21 21:52:55,587 [e5ffd24e-bf4a-4ea8-9998-5222e19566cd@group-7886DAA09D7B-LeaderElection17] INFO  impl.LeaderElection (LeaderElection.java:logAndReturn(56)) - e5ffd24e-bf4a-4ea8-9998-5222e19566cd@group-7886DAA09D7B-LeaderElection17: Election REJECTED; received 2 response(s) [e5ffd24e-bf4a-4ea8-9998-5222e19566cd<-06b05a7f-a473-42c9-9200-88e1a405b515#0:FAIL-t16, e5ffd24e-bf4a-4ea8-9998-5222e19566cd<-0794a7c8-829f-468b-b883-2035423e3fbd#0:FAIL-t16] and 0 exception(s); e5ffd24e-bf4a-4ea8-9998-5222e19566cd@group-7886DAA09D7B:t16, leader=null, voted=e5ffd24e-bf4a-4ea8-9998-5222e19566cd, raftlog=e5ffd24e-bf4a-4ea8-9998-5222e19566cd@group-7886DAA09D7B-SegmentedRaftLog:OPENED:c3,f4,i4, conf=0: [e5ffd24e-bf4a-4ea8-9998-5222e19566cd:192.168.34.8:41621, 06b05a7f-a473-42c9-9200-88e1a405b515:192.168.34.8:42604, 0794a7c8-829f-468b-b883-2035423e3fbd:192.168.34.8:36706], old=null
2019-10-21 21:52:55,587 [e5ffd24e-bf4a-4ea8-9998-5222e19566cd@group-7886DAA09D7B-LeaderElection17] INFO  impl.RaftServerImpl (RaftServerImpl.java:setRole(184)) - e5ffd24e-bf4a-4ea8-9998-5222e19566cd@group-7886DAA09D7B: changes role from CANDIDATE to FOLLOWER at term 16 for DISCOVERED_A_NEW_TERM
2019-10-21 21:52:55,588 [e5ffd24e-bf4a-4ea8-9998-5222e19566cd@group-7886DAA09D7B-LeaderElection17] INFO  impl.RoleInfo (RoleInfo.java:shutdownLeaderElection(134)) - e5ffd24e-bf4a-4ea8-9998-5222e19566cd: shutdown LeaderElection
2019-10-21 21:52:55,588 [e5ffd24e-bf4a-4ea8-9998-5222e19566cd@group-7886DAA09D7B-LeaderElection17] INFO  impl.RoleInfo (RoleInfo.java:updateAndGet(143)) - e5ffd24e-bf4a-4ea8-9998-5222e19566cd: start FollowerState
2019-10-21 21:52:55,613 [Thread-646] INFO  impl.FollowerState (FollowerState.java:run(108)) - e5ffd24e-bf4a-4ea8-9998-5222e19566cd@group-7886DAA09D7B-FollowerState: change to CANDIDATE, lastRpcTime:24ms, electionTimeout:24ms
2019-10-21 21:52:55,613 [Thread-646] INFO  impl.RoleInfo (RoleInfo.java:shutdownFollowerState(121)) - e5ffd24e-bf4a-4ea8-9998-5222e19566cd: shutdown FollowerState
2019-10-21 21:52:55,613 [Thread-646] INFO  impl.RaftServerImpl (RaftServerImpl.java:setRole(184)) - e5ffd24e-bf4a-4ea8-9998-5222e19566cd@group-7886DAA09D7B: changes role from  FOLLOWER to CANDIDATE at term 16 for changeToCandidate
2019-10-21 21:52:55,613 [Thread-646] INFO  impl.RoleInfo (RoleInfo.java:updateAndGet(143)) - e5ffd24e-bf4a-4ea8-9998-5222e19566cd: start LeaderElection
2019-10-21 21:52:55,626 [e5ffd24e-bf4a-4ea8-9998-5222e19566cd@group-7886DAA09D7B-LeaderElection18] INFO  impl.LeaderElection (LeaderElection.java:askForVotes(178)) - e5ffd24e-bf4a-4ea8-9998-5222e19566cd@group-7886DAA09D7B-LeaderElection18: begin an election at term 17 for 0: [e5ffd24e-bf4a-4ea8-9998-5222e19566cd:192.168.34.8:41621, 06b05a7f-a473-42c9-9200-88e1a405b515:192.168.34.8:42604, 0794a7c8-829f-468b-b883-2035423e3fbd:192.168.34.8:36706], old=null
2019-10-21 21:52:55,628 [grpc-default-executor-0] INFO  impl.RaftServerImpl (RaftServerImpl.java:setRole(184)) - 06b05a7f-a473-42c9-9200-88e1a405b515@group-7886DAA09D7B: changes role from  FOLLOWER to FOLLOWER at term 17 for recognizeCandidate:e5ffd24e-bf4a-4ea8-9998-5222e19566cd
2019-10-21 21:52:55,628 [grpc-default-executor-0] INFO  impl.RoleInfo (RoleInfo.java:shutdownFollowerState(121)) - 06b05a7f-a473-42c9-9200-88e1a405b515: shutdown FollowerState
2019-10-21 21:52:55,628 [grpc-default-executor-0] INFO  impl.RoleInfo (RoleInfo.java:updateAndGet(143)) - 06b05a7f-a473-42c9-9200-88e1a405b515: start FollowerState
2019-10-21 21:52:55,628 [Thread-644] INFO  impl.FollowerState (FollowerState.java:run(117)) - 06b05a7f-a473-42c9-9200-88e1a405b515@group-7886DAA09D7B-FollowerState was interrupted: java.lang.InterruptedException: sleep interrupted
2019-10-21 21:52:55,628 [grpc-default-executor-1] INFO  impl.RaftServerImpl (RaftServerImpl.java:setRole(184)) - 0794a7c8-829f-468b-b883-2035423e3fbd@group-7886DAA09D7B: changes role from  FOLLOWER to FOLLOWER at term 17 for recognizeCandidate:e5ffd24e-bf4a-4ea8-9998-5222e19566cd
2019-10-21 21:52:55,629 [grpc-default-executor-1] INFO  impl.RoleInfo (RoleInfo.java:shutdownFollowerState(121)) - 0794a7c8-829f-468b-b883-2035423e3fbd: shutdown FollowerState
2019-10-21 21:52:55,629 [grpc-default-executor-1] INFO  impl.RoleInfo (RoleInfo.java:updateAndGet(143)) - 0794a7c8-829f-468b-b883-2035423e3fbd: start FollowerState
2019-10-21 21:52:55,629 [Thread-645] INFO  impl.FollowerState (FollowerState.java:run(117)) - 0794a7c8-829f-468b-b883-2035423e3fbd@group-7886DAA09D7B-FollowerState was interrupted: java.lang.InterruptedException: sleep interrupted
2019-10-21 21:52:55,643 [e5ffd24e-bf4a-4ea8-9998-5222e19566cd@group-7886DAA09D7B-LeaderElection18] INFO  impl.LeaderElection (LeaderElection.java:logAndReturn(56)) - e5ffd24e-bf4a-4ea8-9998-5222e19566cd@group-7886DAA09D7B-LeaderElection18: Election REJECTED; received 2 response(s) [e5ffd24e-bf4a-4ea8-9998-5222e19566cd<-06b05a7f-a473-42c9-9200-88e1a405b515#0:FAIL-t17, e5ffd24e-bf4a-4ea8-9998-5222e19566cd<-0794a7c8-829f-468b-b883-2035423e3fbd#0:FAIL-t17] and 0 exception(s); e5ffd24e-bf4a-4ea8-9998-5222e19566cd@group-7886DAA09D7B:t17, leader=null, voted=e5ffd24e-bf4a-4ea8-9998-5222e19566cd, raftlog=e5ffd24e-bf4a-4ea8-9998-5222e19566cd@group-7886DAA09D7B-SegmentedRaftLog:OPENED:c3,f4,i4, conf=0: [e5ffd24e-bf4a-4ea8-9998-5222e19566cd:192.168.34.8:41621, 06b05a7f-a473-42c9-9200-88e1a405b515:192.168.34.8:42604, 0794a7c8-829f-468b-b883-2035423e3fbd:192.168.34.8:36706], old=null
2019-10-21 21:52:55,643 [e5ffd24e-bf4a-4ea8-9998-5222e19566cd@group-7886DAA09D7B-LeaderElection18] INFO  impl.RaftServerImpl (RaftServerImpl.java:setRole(184)) - e5ffd24e-bf4a-4ea8-9998-5222e19566cd@group-7886DAA09D7B: changes role from CANDIDATE to FOLLOWER at term 17 for DISCOVERED_A_NEW_TERM
2019-10-21 21:52:55,643 [e5ffd24e-bf4a-4ea8-9998-5222e19566cd@group-7886DAA09D7B-LeaderElection18] INFO  impl.RoleInfo (RoleInfo.java:shutdownLeaderElection(134)) - e5ffd24e-bf4a-4ea8-9998-5222e19566cd: shutdown LeaderElection
2019-10-21 21:52:55,644 [e5ffd24e-bf4a-4ea8-9998-5222e19566cd@group-7886DAA09D7B-LeaderElection18] INFO  impl.RoleInfo (RoleInfo.java:updateAndGet(143)) - e5ffd24e-bf4a-4ea8-9998-5222e19566cd: start FollowerState
2019-10-21 21:52:55,646 [BlockDeletingService#2] WARN  background.BlockDeletingService (BlockDeletingService.java:isDeletionAllowed(187)) - Close Container log Index 6 is not replicated across allthe servers in the pipeline 57ddd59c-82e7-4c8a-99fd-7886daa09d7b as the min replicated index is 4. Deletion is not allowed in this container yet.
2019-10-21 21:52:55,646 [BlockDeletingService#2] WARN  background.BlockDeletingService (BlockDeletingService.java:isDeletionAllowed(187)) - Close Container log Index 6 is not replicated across allthe servers in the pipeline 57ddd59c-82e7-4c8a-99fd-7886daa09d7b as the min replicated index is 4. Deletion is not allowed in this container yet.
2019-10-21 21:52:55,674 [EventQueue-PendingDeleteStatusForPendingDeleteHandler] INFO  block.SCMBlockDeletingService (SCMBlockDeletingService.java:handlePendingDeletes(115)) - Block deletion txnID mismatch in datanode e5ffd24e-bf4a-4ea8-9998-5222e19566cd for containerID 1. Datanode delete txnID: 0, SCM txnID: 1
2019-10-21 21:52:55,843 [Thread-652] INFO  impl.FollowerState (FollowerState.java:run(108)) - e5ffd24e-bf4a-4ea8-9998-5222e19566cd@group-7886DAA09D7B-FollowerState: change to CANDIDATE, lastRpcTime:198ms, electionTimeout:197ms
2019-10-21 21:52:55,843 [Thread-652] INFO  impl.RoleInfo (RoleInfo.java:shutdownFollowerState(121)) - e5ffd24e-bf4a-4ea8-9998-5222e19566cd: shutdown FollowerState
2019-10-21 21:52:55,843 [Thread-652] INFO  impl.RaftServerImpl (RaftServerImpl.java:setRole(184)) - e5ffd24e-bf4a-4ea8-9998-5222e19566cd@group-7886DAA09D7B: changes role from  FOLLOWER to CANDIDATE at term 17 for changeToCandidate
2019-10-21 21:52:55,843 [Thread-652] INFO  impl.RoleInfo (RoleInfo.java:updateAndGet(143)) - e5ffd24e-bf4a-4ea8-9998-5222e19566cd: start LeaderElection
2019-10-21 21:52:55,858 [e5ffd24e-bf4a-4ea8-9998-5222e19566cd@group-7886DAA09D7B-LeaderElection19] INFO  impl.LeaderElection (LeaderElection.java:askForVotes(178)) - e5ffd24e-bf4a-4ea8-9998-5222e19566cd@group-7886DAA09D7B-LeaderElection19: begin an election at term 18 for 0: [e5ffd24e-bf4a-4ea8-9998-5222e19566cd:192.168.34.8:41621, 06b05a7f-a473-42c9-9200-88e1a405b515:192.168.34.8:42604, 0794a7c8-829f-468b-b883-2035423e3fbd:192.168.34.8:36706], old=null
2019-10-21 21:52:55,862 [grpc-default-executor-1] INFO  impl.RaftServerImpl (RaftServerImpl.java:setRole(184)) - 0794a7c8-829f-468b-b883-2035423e3fbd@group-7886DAA09D7B: changes role from  FOLLOWER to FOLLOWER at term 18 for recognizeCandidate:e5ffd24e-bf4a-4ea8-9998-5222e19566cd
2019-10-21 21:52:55,862 [grpc-default-executor-0] INFO  impl.RaftServerImpl (RaftServerImpl.java:setRole(184)) - 06b05a7f-a473-42c9-9200-88e1a405b515@group-7886DAA09D7B: changes role from  FOLLOWER to FOLLOWER at term 18 for recognizeCandidate:e5ffd24e-bf4a-4ea8-9998-5222e19566cd
2019-10-21 21:52:55,862 [grpc-default-executor-1] INFO  impl.RoleInfo (RoleInfo.java:shutdownFollowerState(121)) - 0794a7c8-829f-468b-b883-2035423e3fbd: shutdown FollowerState
2019-10-21 21:52:55,862 [grpc-default-executor-0] INFO  impl.RoleInfo (RoleInfo.java:shutdownFollowerState(121)) - 06b05a7f-a473-42c9-9200-88e1a405b515: shutdown FollowerState
2019-10-21 21:52:55,862 [grpc-default-executor-1] INFO  impl.RoleInfo (RoleInfo.java:updateAndGet(143)) - 0794a7c8-829f-468b-b883-2035423e3fbd: start FollowerState
2019-10-21 21:52:55,863 [Thread-650] INFO  impl.FollowerState (FollowerState.java:run(117)) - 06b05a7f-a473-42c9-9200-88e1a405b515@group-7886DAA09D7B-FollowerState was interrupted: java.lang.InterruptedException: sleep interrupted
2019-10-21 21:52:55,863 [grpc-default-executor-0] INFO  impl.RoleInfo (RoleInfo.java:updateAndGet(143)) - 06b05a7f-a473-42c9-9200-88e1a405b515: start FollowerState
2019-10-21 21:52:55,862 [Thread-651] INFO  impl.FollowerState (FollowerState.java:run(117)) - 0794a7c8-829f-468b-b883-2035423e3fbd@group-7886DAA09D7B-FollowerState was interrupted: java.lang.InterruptedException: sleep interrupted
2019-10-21 21:52:55,877 [e5ffd24e-bf4a-4ea8-9998-5222e19566cd@group-7886DAA09D7B-LeaderElection19] INFO  impl.LeaderElection (LeaderElection.java:logAndReturn(56)) - e5ffd24e-bf4a-4ea8-9998-5222e19566cd@group-7886DAA09D7B-LeaderElection19: Election REJECTED; received 2 response(s) [e5ffd24e-bf4a-4ea8-9998-5222e19566cd<-06b05a7f-a473-42c9-9200-88e1a405b515#0:FAIL-t18, e5ffd24e-bf4a-4ea8-9998-5222e19566cd<-0794a7c8-829f-468b-b883-2035423e3fbd#0:FAIL-t18] and 0 exception(s); e5ffd24e-bf4a-4ea8-9998-5222e19566cd@group-7886DAA09D7B:t18, leader=null, voted=e5ffd24e-bf4a-4ea8-9998-5222e19566cd, raftlog=e5ffd24e-bf4a-4ea8-9998-5222e19566cd@group-7886DAA09D7B-SegmentedRaftLog:OPENED:c3,f4,i4, conf=0: [e5ffd24e-bf4a-4ea8-9998-5222e19566cd:192.168.34.8:41621, 06b05a7f-a473-42c9-9200-88e1a405b515:192.168.34.8:42604, 0794a7c8-829f-468b-b883-2035423e3fbd:192.168.34.8:36706], old=null
2019-10-21 21:52:55,878 [e5ffd24e-bf4a-4ea8-9998-5222e19566cd@group-7886DAA09D7B-LeaderElection19] INFO  impl.RaftServerImpl (RaftServerImpl.java:setRole(184)) - e5ffd24e-bf4a-4ea8-9998-5222e19566cd@group-7886DAA09D7B: changes role from CANDIDATE to FOLLOWER at term 18 for DISCOVERED_A_NEW_TERM
2019-10-21 21:52:55,882 [e5ffd24e-bf4a-4ea8-9998-5222e19566cd@group-7886DAA09D7B-LeaderElection19] INFO  impl.RoleInfo (RoleInfo.java:shutdownLeaderElection(134)) - e5ffd24e-bf4a-4ea8-9998-5222e19566cd: shutdown LeaderElection
2019-10-21 21:52:55,882 [e5ffd24e-bf4a-4ea8-9998-5222e19566cd@group-7886DAA09D7B-LeaderElection19] INFO  impl.RoleInfo (RoleInfo.java:updateAndGet(143)) - e5ffd24e-bf4a-4ea8-9998-5222e19566cd: start FollowerState
2019-10-21 21:52:55,919 [Thread-663] INFO  client.GrpcClientProtocolService (GrpcClientProtocolService.java:lambda$processClientRequest$0(278)) - Failed RaftClientRequest:client-5B812E6CE025->0794a7c8-829f-468b-b883-2035423e3fbd@group-7886DAA09D7B, cid=10, seq=0, Watch-ALL_COMMITTED(6), Message:<EMPTY>, reply=RaftClientReply:client-5B812E6CE025->0794a7c8-829f-468b-b883-2035423e3fbd@group-7886DAA09D7B, cid=10, FAILED org.apache.ratis.protocol.NotLeaderException: Server 0794a7c8-829f-468b-b883-2035423e3fbd@group-7886DAA09D7B is not the leader, logIndex=0, commits[0794a7c8-829f-468b-b883-2035423e3fbd:c10, e5ffd24e-bf4a-4ea8-9998-5222e19566cd:c4, 06b05a7f-a473-42c9-9200-88e1a405b515:c10]
2019-10-21 21:52:55,959 [Thread-661] INFO  impl.FollowerState (FollowerState.java:run(108)) - e5ffd24e-bf4a-4ea8-9998-5222e19566cd@group-7886DAA09D7B-FollowerState: change to CANDIDATE, lastRpcTime:76ms, electionTimeout:76ms
2019-10-21 21:52:55,959 [Thread-661] INFO  impl.RoleInfo (RoleInfo.java:shutdownFollowerState(121)) - e5ffd24e-bf4a-4ea8-9998-5222e19566cd: shutdown FollowerState
2019-10-21 21:52:55,959 [Thread-661] INFO  impl.RaftServerImpl (RaftServerImpl.java:setRole(184)) - e5ffd24e-bf4a-4ea8-9998-5222e19566cd@group-7886DAA09D7B: changes role from  FOLLOWER to CANDIDATE at term 18 for changeToCandidate
2019-10-21 21:52:55,959 [Thread-661] INFO  impl.RoleInfo (RoleInfo.java:updateAndGet(143)) - e5ffd24e-bf4a-4ea8-9998-5222e19566cd: start LeaderElection
2019-10-21 21:52:55,974 [e5ffd24e-bf4a-4ea8-9998-5222e19566cd@group-7886DAA09D7B-LeaderElection20] INFO  impl.LeaderElection (LeaderElection.java:askForVotes(178)) - e5ffd24e-bf4a-4ea8-9998-5222e19566cd@group-7886DAA09D7B-LeaderElection20: begin an election at term 19 for 0: [e5ffd24e-bf4a-4ea8-9998-5222e19566cd:192.168.34.8:41621, 06b05a7f-a473-42c9-9200-88e1a405b515:192.168.34.8:42604, 0794a7c8-829f-468b-b883-2035423e3fbd:192.168.34.8:36706], old=null
2019-10-21 21:52:55,978 [grpc-default-executor-1] INFO  impl.RaftServerImpl (RaftServerImpl.java:setRole(184)) - 06b05a7f-a473-42c9-9200-88e1a405b515@group-7886DAA09D7B: changes role from  FOLLOWER to FOLLOWER at term 19 for recognizeCandidate:e5ffd24e-bf4a-4ea8-9998-5222e19566cd
2019-10-21 21:52:55,978 [grpc-default-executor-0] INFO  impl.RaftServerImpl (RaftServerImpl.java:setRole(184)) - 0794a7c8-829f-468b-b883-2035423e3fbd@group-7886DAA09D7B: changes role from  FOLLOWER to FOLLOWER at term 19 for recognizeCandidate:e5ffd24e-bf4a-4ea8-9998-5222e19566cd
2019-10-21 21:52:55,978 [grpc-default-executor-1] INFO  impl.RoleInfo (RoleInfo.java:shutdownFollowerState(121)) - 06b05a7f-a473-42c9-9200-88e1a405b515: shutdown FollowerState
2019-10-21 21:52:55,978 [grpc-default-executor-0] INFO  impl.RoleInfo (RoleInfo.java:shutdownFollowerState(121)) - 0794a7c8-829f-468b-b883-2035423e3fbd: shutdown FollowerState
2019-10-21 21:52:55,978 [Thread-660] INFO  impl.FollowerState (FollowerState.java:run(117)) - 06b05a7f-a473-42c9-9200-88e1a405b515@group-7886DAA09D7B-FollowerState was interrupted: java.lang.InterruptedException: sleep interrupted
2019-10-21 21:52:55,979 [Thread-659] INFO  impl.FollowerState (FollowerState.java:run(117)) - 0794a7c8-829f-468b-b883-2035423e3fbd@group-7886DAA09D7B-FollowerState was interrupted: java.lang.InterruptedException: sleep interrupted
2019-10-21 21:52:55,979 [grpc-default-executor-0] INFO  impl.RoleInfo (RoleInfo.java:updateAndGet(143)) - 0794a7c8-829f-468b-b883-2035423e3fbd: start FollowerState
2019-10-21 21:52:55,978 [grpc-default-executor-1] INFO  impl.RoleInfo (RoleInfo.java:updateAndGet(143)) - 06b05a7f-a473-42c9-9200-88e1a405b515: start FollowerState
2019-10-21 21:52:55,994 [e5ffd24e-bf4a-4ea8-9998-5222e19566cd@group-7886DAA09D7B-LeaderElection20] INFO  impl.LeaderElection (LeaderElection.java:logAndReturn(56)) - e5ffd24e-bf4a-4ea8-9998-5222e19566cd@group-7886DAA09D7B-LeaderElection20: Election REJECTED; received 2 response(s) [e5ffd24e-bf4a-4ea8-9998-5222e19566cd<-06b05a7f-a473-42c9-9200-88e1a405b515#0:FAIL-t19, e5ffd24e-bf4a-4ea8-9998-5222e19566cd<-0794a7c8-829f-468b-b883-2035423e3fbd#0:FAIL-t19] and 0 exception(s); e5ffd24e-bf4a-4ea8-9998-5222e19566cd@group-7886DAA09D7B:t19, leader=null, voted=e5ffd24e-bf4a-4ea8-9998-5222e19566cd, raftlog=e5ffd24e-bf4a-4ea8-9998-5222e19566cd@group-7886DAA09D7B-SegmentedRaftLog:OPENED:c3,f4,i4, conf=0: [e5ffd24e-bf4a-4ea8-9998-5222e19566cd:192.168.34.8:41621, 06b05a7f-a473-42c9-9200-88e1a405b515:192.168.34.8:42604, 0794a7c8-829f-468b-b883-2035423e3fbd:192.168.34.8:36706], old=null
2019-10-21 21:52:55,994 [e5ffd24e-bf4a-4ea8-9998-5222e19566cd@group-7886DAA09D7B-LeaderElection20] INFO  impl.RaftServerImpl (RaftServerImpl.java:setRole(184)) - e5ffd24e-bf4a-4ea8-9998-5222e19566cd@group-7886DAA09D7B: changes role from CANDIDATE to FOLLOWER at term 19 for DISCOVERED_A_NEW_TERM
2019-10-21 21:52:55,994 [e5ffd24e-bf4a-4ea8-9998-5222e19566cd@group-7886DAA09D7B-LeaderElection20] INFO  impl.RoleInfo (RoleInfo.java:shutdownLeaderElection(134)) - e5ffd24e-bf4a-4ea8-9998-5222e19566cd: shutdown LeaderElection
2019-10-21 21:52:55,995 [e5ffd24e-bf4a-4ea8-9998-5222e19566cd@group-7886DAA09D7B-LeaderElection20] INFO  impl.RoleInfo (RoleInfo.java:updateAndGet(143)) - e5ffd24e-bf4a-4ea8-9998-5222e19566cd: start FollowerState
2019-10-21 21:52:56,085 [Thread-670] INFO  impl.FollowerState (FollowerState.java:run(108)) - e5ffd24e-bf4a-4ea8-9998-5222e19566cd@group-7886DAA09D7B-FollowerState: change to CANDIDATE, lastRpcTime:90ms, electionTimeout:90ms
2019-10-21 21:52:56,085 [Thread-670] INFO  impl.RoleInfo (RoleInfo.java:shutdownFollowerState(121)) - e5ffd24e-bf4a-4ea8-9998-5222e19566cd: shutdown FollowerState
2019-10-21 21:52:56,086 [Thread-670] INFO  impl.RaftServerImpl (RaftServerImpl.java:setRole(184)) - e5ffd24e-bf4a-4ea8-9998-5222e19566cd@group-7886DAA09D7B: changes role from  FOLLOWER to CANDIDATE at term 19 for changeToCandidate
2019-10-21 21:52:56,086 [Thread-670] INFO  impl.RoleInfo (RoleInfo.java:updateAndGet(143)) - e5ffd24e-bf4a-4ea8-9998-5222e19566cd: start LeaderElection
2019-10-21 21:52:56,094 [pool-7-thread-3] INFO  commands.RetriableDatanodeEventWatcher (RetriableDatanodeEventWatcher.java:onTimeout(47)) - RetriableDatanodeCommand type=deleteBlocksCommand with id=1571694770089 timed out. Retrying.
2019-10-21 21:52:56,094 [pool-7-thread-2] INFO  commands.RetriableDatanodeEventWatcher (RetriableDatanodeEventWatcher.java:onTimeout(47)) - RetriableDatanodeCommand type=deleteBlocksCommand with id=1571694770095 timed out. Retrying.
2019-10-21 21:52:56,097 [pool-7-thread-2] INFO  commands.RetriableDatanodeEventWatcher (RetriableDatanodeEventWatcher.java:onTimeout(47)) - RetriableDatanodeCommand type=deleteBlocksCommand with id=1571694770097 timed out. Retrying.
2019-10-21 21:52:56,097 [pool-7-thread-1] INFO  commands.RetriableDatanodeEventWatcher (RetriableDatanodeEventWatcher.java:onTimeout(47)) - RetriableDatanodeCommand type=deleteBlocksCommand with id=1571694770092 timed out. Retrying.
2019-10-21 21:52:56,097 [pool-7-thread-3] INFO  commands.RetriableDatanodeEventWatcher (RetriableDatanodeEventWatcher.java:onTimeout(47)) - RetriableDatanodeCommand type=deleteBlocksCommand with id=1571694770096 timed out. Retrying.
2019-10-21 21:52:56,098 [pool-7-thread-3] INFO  commands.RetriableDatanodeEventWatcher (RetriableDatanodeEventWatcher.java:onTimeout(47)) - RetriableDatanodeCommand type=deleteBlocksCommand with id=1571694770098 timed out. Retrying.
2019-10-21 21:52:56,099 [SCMBlockDeletingService#1] INFO  block.SCMBlockDeletingService (SCMBlockDeletingService.java:call(184)) - Totally added 1 delete blocks command for 1 datanodes, task elapsed time: 0ms
2019-10-21 21:52:56,099 [e5ffd24e-bf4a-4ea8-9998-5222e19566cd@group-7886DAA09D7B-LeaderElection21] INFO  impl.LeaderElection (LeaderElection.java:askForVotes(178)) - e5ffd24e-bf4a-4ea8-9998-5222e19566cd@group-7886DAA09D7B-LeaderElection21: begin an election at term 20 for 0: [e5ffd24e-bf4a-4ea8-9998-5222e19566cd:192.168.34.8:41621, 06b05a7f-a473-42c9-9200-88e1a405b515:192.168.34.8:42604, 0794a7c8-829f-468b-b883-2035423e3fbd:192.168.34.8:36706], old=null
2019-10-21 21:52:56,102 [grpc-default-executor-1] INFO  impl.RaftServerImpl (RaftServerImpl.java:setRole(184)) - 06b05a7f-a473-42c9-9200-88e1a405b515@group-7886DAA09D7B: changes role from  FOLLOWER to FOLLOWER at term 20 for recognizeCandidate:e5ffd24e-bf4a-4ea8-9998-5222e19566cd
2019-10-21 21:52:56,103 [grpc-default-executor-1] INFO  impl.RoleInfo (RoleInfo.java:shutdownFollowerState(121)) - 06b05a7f-a473-42c9-9200-88e1a405b515: shutdown FollowerState
2019-10-21 21:52:56,103 [grpc-default-executor-0] INFO  impl.RaftServerImpl (RaftServerImpl.java:setRole(184)) - 0794a7c8-829f-468b-b883-2035423e3fbd@group-7886DAA09D7B: changes role from  FOLLOWER to FOLLOWER at term 20 for recognizeCandidate:e5ffd24e-bf4a-4ea8-9998-5222e19566cd
2019-10-21 21:52:56,103 [grpc-default-executor-0] INFO  impl.RoleInfo (RoleInfo.java:shutdownFollowerState(121)) - 0794a7c8-829f-468b-b883-2035423e3fbd: shutdown FollowerState
2019-10-21 21:52:56,103 [Thread-668] INFO  impl.FollowerState (FollowerState.java:run(117)) - 06b05a7f-a473-42c9-9200-88e1a405b515@group-7886DAA09D7B-FollowerState was interrupted: java.lang.InterruptedException: sleep interrupted
2019-10-21 21:52:56,103 [grpc-default-executor-1] INFO  impl.RoleInfo (RoleInfo.java:updateAndGet(143)) - 06b05a7f-a473-42c9-9200-88e1a405b515: start FollowerState
2019-10-21 21:52:56,103 [grpc-default-executor-0] INFO  impl.RoleInfo (RoleInfo.java:updateAndGet(143)) - 0794a7c8-829f-468b-b883-2035423e3fbd: start FollowerState
2019-10-21 21:52:56,103 [Thread-669] INFO  impl.FollowerState (FollowerState.java:run(117)) - 0794a7c8-829f-468b-b883-2035423e3fbd@group-7886DAA09D7B-FollowerState was interrupted: java.lang.InterruptedException: sleep interrupted
2019-10-21 21:52:56,124 [e5ffd24e-bf4a-4ea8-9998-5222e19566cd@group-7886DAA09D7B-LeaderElection21] INFO  impl.LeaderElection (LeaderElection.java:logAndReturn(56)) - e5ffd24e-bf4a-4ea8-9998-5222e19566cd@group-7886DAA09D7B-LeaderElection21: Election REJECTED; received 2 response(s) [e5ffd24e-bf4a-4ea8-9998-5222e19566cd<-06b05a7f-a473-42c9-9200-88e1a405b515#0:FAIL-t20, e5ffd24e-bf4a-4ea8-9998-5222e19566cd<-0794a7c8-829f-468b-b883-2035423e3fbd#0:FAIL-t20] and 0 exception(s); e5ffd24e-bf4a-4ea8-9998-5222e19566cd@group-7886DAA09D7B:t20, leader=null, voted=e5ffd24e-bf4a-4ea8-9998-5222e19566cd, raftlog=e5ffd24e-bf4a-4ea8-9998-5222e19566cd@group-7886DAA09D7B-SegmentedRaftLog:OPENED:c3,f4,i4, conf=0: [e5ffd24e-bf4a-4ea8-9998-5222e19566cd:192.168.34.8:41621, 06b05a7f-a473-42c9-9200-88e1a405b515:192.168.34.8:42604, 0794a7c8-829f-468b-b883-2035423e3fbd:192.168.34.8:36706], old=null
2019-10-21 21:52:56,125 [e5ffd24e-bf4a-4ea8-9998-5222e19566cd@group-7886DAA09D7B-LeaderElection21] INFO  impl.RaftServerImpl (RaftServerImpl.java:setRole(184)) - e5ffd24e-bf4a-4ea8-9998-5222e19566cd@group-7886DAA09D7B: changes role from CANDIDATE to FOLLOWER at term 20 for DISCOVERED_A_NEW_TERM
2019-10-21 21:52:56,125 [e5ffd24e-bf4a-4ea8-9998-5222e19566cd@group-7886DAA09D7B-LeaderElection21] INFO  impl.RoleInfo (RoleInfo.java:shutdownLeaderElection(134)) - e5ffd24e-bf4a-4ea8-9998-5222e19566cd: shutdown LeaderElection
2019-10-21 21:52:56,125 [e5ffd24e-bf4a-4ea8-9998-5222e19566cd@group-7886DAA09D7B-LeaderElection21] INFO  impl.RoleInfo (RoleInfo.java:updateAndGet(143)) - e5ffd24e-bf4a-4ea8-9998-5222e19566cd: start FollowerState
2019-10-21 21:52:56,288 [Thread-676] INFO  impl.FollowerState (FollowerState.java:run(108)) - e5ffd24e-bf4a-4ea8-9998-5222e19566cd@group-7886DAA09D7B-FollowerState: change to CANDIDATE, lastRpcTime:163ms, electionTimeout:163ms
2019-10-21 21:52:56,288 [Thread-676] INFO  impl.RoleInfo (RoleInfo.java:shutdownFollowerState(121)) - e5ffd24e-bf4a-4ea8-9998-5222e19566cd: shutdown FollowerState
2019-10-21 21:52:56,289 [Thread-676] INFO  impl.RaftServerImpl (RaftServerImpl.java:setRole(184)) - e5ffd24e-bf4a-4ea8-9998-5222e19566cd@group-7886DAA09D7B: changes role from  FOLLOWER to CANDIDATE at term 20 for changeToCandidate
2019-10-21 21:52:56,289 [Thread-676] INFO  impl.RoleInfo (RoleInfo.java:updateAndGet(143)) - e5ffd24e-bf4a-4ea8-9998-5222e19566cd: start LeaderElection
2019-10-21 21:52:56,315 [e5ffd24e-bf4a-4ea8-9998-5222e19566cd@group-7886DAA09D7B-LeaderElection22] INFO  impl.LeaderElection (LeaderElection.java:askForVotes(178)) - e5ffd24e-bf4a-4ea8-9998-5222e19566cd@group-7886DAA09D7B-LeaderElection22: begin an election at term 21 for 0: [e5ffd24e-bf4a-4ea8-9998-5222e19566cd:192.168.34.8:41621, 06b05a7f-a473-42c9-9200-88e1a405b515:192.168.34.8:42604, 0794a7c8-829f-468b-b883-2035423e3fbd:192.168.34.8:36706], old=null
2019-10-21 21:52:56,318 [grpc-default-executor-1] INFO  impl.RaftServerImpl (RaftServerImpl.java:setRole(184)) - 0794a7c8-829f-468b-b883-2035423e3fbd@group-7886DAA09D7B: changes role from  FOLLOWER to FOLLOWER at term 21 for recognizeCandidate:e5ffd24e-bf4a-4ea8-9998-5222e19566cd
2019-10-21 21:52:56,318 [grpc-default-executor-0] INFO  impl.RaftServerImpl (RaftServerImpl.java:setRole(184)) - 06b05a7f-a473-42c9-9200-88e1a405b515@group-7886DAA09D7B: changes role from  FOLLOWER to FOLLOWER at term 21 for recognizeCandidate:e5ffd24e-bf4a-4ea8-9998-5222e19566cd
2019-10-21 21:52:56,318 [grpc-default-executor-1] INFO  impl.RoleInfo (RoleInfo.java:shutdownFollowerState(121)) - 0794a7c8-829f-468b-b883-2035423e3fbd: shutdown FollowerState
2019-10-21 21:52:56,318 [grpc-default-executor-0] INFO  impl.RoleInfo (RoleInfo.java:shutdownFollowerState(121)) - 06b05a7f-a473-42c9-9200-88e1a405b515: shutdown FollowerState
2019-10-21 21:52:56,318 [grpc-default-executor-1] INFO  impl.RoleInfo (RoleInfo.java:updateAndGet(143)) - 0794a7c8-829f-468b-b883-2035423e3fbd: start FollowerState
2019-10-21 21:52:56,318 [Thread-674] INFO  impl.FollowerState (FollowerState.java:run(117)) - 06b05a7f-a473-42c9-9200-88e1a405b515@group-7886DAA09D7B-FollowerState was interrupted: java.lang.InterruptedException: sleep interrupted
2019-10-21 21:52:56,318 [Thread-675] INFO  impl.FollowerState (FollowerState.java:run(117)) - 0794a7c8-829f-468b-b883-2035423e3fbd@group-7886DAA09D7B-FollowerState was interrupted: java.lang.InterruptedException: sleep interrupted
2019-10-21 21:52:56,318 [grpc-default-executor-0] INFO  impl.RoleInfo (RoleInfo.java:updateAndGet(143)) - 06b05a7f-a473-42c9-9200-88e1a405b515: start FollowerState
2019-10-21 21:52:56,336 [e5ffd24e-bf4a-4ea8-9998-5222e19566cd@group-7886DAA09D7B-LeaderElection22] INFO  impl.LeaderElection (LeaderElection.java:logAndReturn(56)) - e5ffd24e-bf4a-4ea8-9998-5222e19566cd@group-7886DAA09D7B-LeaderElection22: Election REJECTED; received 2 response(s) [e5ffd24e-bf4a-4ea8-9998-5222e19566cd<-06b05a7f-a473-42c9-9200-88e1a405b515#0:FAIL-t21, e5ffd24e-bf4a-4ea8-9998-5222e19566cd<-0794a7c8-829f-468b-b883-2035423e3fbd#0:FAIL-t21] and 0 exception(s); e5ffd24e-bf4a-4ea8-9998-5222e19566cd@group-7886DAA09D7B:t21, leader=null, voted=e5ffd24e-bf4a-4ea8-9998-5222e19566cd, raftlog=e5ffd24e-bf4a-4ea8-9998-5222e19566cd@group-7886DAA09D7B-SegmentedRaftLog:OPENED:c3,f4,i4, conf=0: [e5ffd24e-bf4a-4ea8-9998-5222e19566cd:192.168.34.8:41621, 06b05a7f-a473-42c9-9200-88e1a405b515:192.168.34.8:42604, 0794a7c8-829f-468b-b883-2035423e3fbd:192.168.34.8:36706], old=null
2019-10-21 21:52:56,337 [e5ffd24e-bf4a-4ea8-9998-5222e19566cd@group-7886DAA09D7B-LeaderElection22] INFO  impl.RaftServerImpl (RaftServerImpl.java:setRole(184)) - e5ffd24e-bf4a-4ea8-9998-5222e19566cd@group-7886DAA09D7B: changes role from CANDIDATE to FOLLOWER at term 21 for DISCOVERED_A_NEW_TERM
2019-10-21 21:52:56,337 [e5ffd24e-bf4a-4ea8-9998-5222e19566cd@group-7886DAA09D7B-LeaderElection22] INFO  impl.RoleInfo (RoleInfo.java:shutdownLeaderElection(134)) - e5ffd24e-bf4a-4ea8-9998-5222e19566cd: shutdown LeaderElection
2019-10-21 21:52:56,337 [e5ffd24e-bf4a-4ea8-9998-5222e19566cd@group-7886DAA09D7B-LeaderElection22] INFO  impl.RoleInfo (RoleInfo.java:updateAndGet(143)) - e5ffd24e-bf4a-4ea8-9998-5222e19566cd: start FollowerState
2019-10-21 21:52:56,359 [Thread-682] INFO  impl.FollowerState (FollowerState.java:run(108)) - e5ffd24e-bf4a-4ea8-9998-5222e19566cd@group-7886DAA09D7B-FollowerState: change to CANDIDATE, lastRpcTime:21ms, electionTimeout:21ms
2019-10-21 21:52:56,359 [Thread-682] INFO  impl.RoleInfo (RoleInfo.java:shutdownFollowerState(121)) - e5ffd24e-bf4a-4ea8-9998-5222e19566cd: shutdown FollowerState
2019-10-21 21:52:56,359 [Thread-682] INFO  impl.RaftServerImpl (RaftServerImpl.java:setRole(184)) - e5ffd24e-bf4a-4ea8-9998-5222e19566cd@group-7886DAA09D7B: changes role from  FOLLOWER to CANDIDATE at term 21 for changeToCandidate
2019-10-21 21:52:56,359 [Thread-682] INFO  impl.RoleInfo (RoleInfo.java:updateAndGet(143)) - e5ffd24e-bf4a-4ea8-9998-5222e19566cd: start LeaderElection
2019-10-21 21:52:56,395 [e5ffd24e-bf4a-4ea8-9998-5222e19566cd@group-7886DAA09D7B-LeaderElection23] INFO  impl.LeaderElection (LeaderElection.java:askForVotes(178)) - e5ffd24e-bf4a-4ea8-9998-5222e19566cd@group-7886DAA09D7B-LeaderElection23: begin an election at term 22 for 0: [e5ffd24e-bf4a-4ea8-9998-5222e19566cd:192.168.34.8:41621, 06b05a7f-a473-42c9-9200-88e1a405b515:192.168.34.8:42604, 0794a7c8-829f-468b-b883-2035423e3fbd:192.168.34.8:36706], old=null
2019-10-21 21:52:56,398 [grpc-default-executor-0] INFO  impl.RaftServerImpl (RaftServerImpl.java:setRole(184)) - 06b05a7f-a473-42c9-9200-88e1a405b515@group-7886DAA09D7B: changes role from  FOLLOWER to FOLLOWER at term 22 for recognizeCandidate:e5ffd24e-bf4a-4ea8-9998-5222e19566cd
2019-10-21 21:52:56,398 [grpc-default-executor-1] INFO  impl.RaftServerImpl (RaftServerImpl.java:setRole(184)) - 0794a7c8-829f-468b-b883-2035423e3fbd@group-7886DAA09D7B: changes role from  FOLLOWER to FOLLOWER at term 22 for recognizeCandidate:e5ffd24e-bf4a-4ea8-9998-5222e19566cd
2019-10-21 21:52:56,398 [grpc-default-executor-0] INFO  impl.RoleInfo (RoleInfo.java:shutdownFollowerState(121)) - 06b05a7f-a473-42c9-9200-88e1a405b515: shutdown FollowerState
2019-10-21 21:52:56,398 [grpc-default-executor-1] INFO  impl.RoleInfo (RoleInfo.java:shutdownFollowerState(121)) - 0794a7c8-829f-468b-b883-2035423e3fbd: shutdown FollowerState
2019-10-21 21:52:56,399 [Thread-681] INFO  impl.FollowerState (FollowerState.java:run(117)) - 06b05a7f-a473-42c9-9200-88e1a405b515@group-7886DAA09D7B-FollowerState was interrupted: java.lang.InterruptedException: sleep interrupted
2019-10-21 21:52:56,399 [Thread-680] INFO  impl.FollowerState (FollowerState.java:run(117)) - 0794a7c8-829f-468b-b883-2035423e3fbd@group-7886DAA09D7B-FollowerState was interrupted: java.lang.InterruptedException: sleep interrupted
2019-10-21 21:52:56,399 [grpc-default-executor-0] INFO  impl.RoleInfo (RoleInfo.java:updateAndGet(143)) - 06b05a7f-a473-42c9-9200-88e1a405b515: start FollowerState
2019-10-21 21:52:56,399 [grpc-default-executor-1] INFO  impl.RoleInfo (RoleInfo.java:updateAndGet(143)) - 0794a7c8-829f-468b-b883-2035423e3fbd: start FollowerState
2019-10-21 21:52:56,413 [e5ffd24e-bf4a-4ea8-9998-5222e19566cd@group-7886DAA09D7B-LeaderElection23] INFO  impl.LeaderElection (LeaderElection.java:logAndReturn(56)) - e5ffd24e-bf4a-4ea8-9998-5222e19566cd@group-7886DAA09D7B-LeaderElection23: Election REJECTED; received 2 response(s) [e5ffd24e-bf4a-4ea8-9998-5222e19566cd<-06b05a7f-a473-42c9-9200-88e1a405b515#0:FAIL-t22, e5ffd24e-bf4a-4ea8-9998-5222e19566cd<-0794a7c8-829f-468b-b883-2035423e3fbd#0:FAIL-t22] and 0 exception(s); e5ffd24e-bf4a-4ea8-9998-5222e19566cd@group-7886DAA09D7B:t22, leader=null, voted=e5ffd24e-bf4a-4ea8-9998-5222e19566cd, raftlog=e5ffd24e-bf4a-4ea8-9998-5222e19566cd@group-7886DAA09D7B-SegmentedRaftLog:OPENED:c3,f4,i4, conf=0: [e5ffd24e-bf4a-4ea8-9998-5222e19566cd:192.168.34.8:41621, 06b05a7f-a473-42c9-9200-88e1a405b515:192.168.34.8:42604, 0794a7c8-829f-468b-b883-2035423e3fbd:192.168.34.8:36706], old=null
2019-10-21 21:52:56,413 [e5ffd24e-bf4a-4ea8-9998-5222e19566cd@group-7886DAA09D7B-LeaderElection23] INFO  impl.RaftServerImpl (RaftServerImpl.java:setRole(184)) - e5ffd24e-bf4a-4ea8-9998-5222e19566cd@group-7886DAA09D7B: changes role from CANDIDATE to FOLLOWER at term 22 for DISCOVERED_A_NEW_TERM
2019-10-21 21:52:56,413 [e5ffd24e-bf4a-4ea8-9998-5222e19566cd@group-7886DAA09D7B-LeaderElection23] INFO  impl.RoleInfo (RoleInfo.java:shutdownLeaderElection(134)) - e5ffd24e-bf4a-4ea8-9998-5222e19566cd: shutdown LeaderElection
2019-10-21 21:52:56,414 [e5ffd24e-bf4a-4ea8-9998-5222e19566cd@group-7886DAA09D7B-LeaderElection23] INFO  impl.RoleInfo (RoleInfo.java:updateAndGet(143)) - e5ffd24e-bf4a-4ea8-9998-5222e19566cd: start FollowerState
2019-10-21 21:52:56,587 [Thread-688] INFO  impl.FollowerState (FollowerState.java:run(108)) - e5ffd24e-bf4a-4ea8-9998-5222e19566cd@group-7886DAA09D7B-FollowerState: change to CANDIDATE, lastRpcTime:173ms, electionTimeout:173ms
2019-10-21 21:52:56,587 [Thread-688] INFO  impl.RoleInfo (RoleInfo.java:shutdownFollowerState(121)) - e5ffd24e-bf4a-4ea8-9998-5222e19566cd: shutdown FollowerState
2019-10-21 21:52:56,587 [Thread-688] INFO  impl.RaftServerImpl (RaftServerImpl.java:setRole(184)) - e5ffd24e-bf4a-4ea8-9998-5222e19566cd@group-7886DAA09D7B: changes role from  FOLLOWER to CANDIDATE at term 22 for changeToCandidate
2019-10-21 21:52:56,588 [Thread-688] INFO  impl.RoleInfo (RoleInfo.java:updateAndGet(143)) - e5ffd24e-bf4a-4ea8-9998-5222e19566cd: start LeaderElection
2019-10-21 21:52:56,602 [e5ffd24e-bf4a-4ea8-9998-5222e19566cd@group-7886DAA09D7B-LeaderElection24] INFO  impl.LeaderElection (LeaderElection.java:askForVotes(178)) - e5ffd24e-bf4a-4ea8-9998-5222e19566cd@group-7886DAA09D7B-LeaderElection24: begin an election at term 23 for 0: [e5ffd24e-bf4a-4ea8-9998-5222e19566cd:192.168.34.8:41621, 06b05a7f-a473-42c9-9200-88e1a405b515:192.168.34.8:42604, 0794a7c8-829f-468b-b883-2035423e3fbd:192.168.34.8:36706], old=null
2019-10-21 21:52:56,606 [grpc-default-executor-1] INFO  impl.RaftServerImpl (RaftServerImpl.java:setRole(184)) - 0794a7c8-829f-468b-b883-2035423e3fbd@group-7886DAA09D7B: changes role from  FOLLOWER to FOLLOWER at term 23 for recognizeCandidate:e5ffd24e-bf4a-4ea8-9998-5222e19566cd
2019-10-21 21:52:56,606 [grpc-default-executor-0] INFO  impl.RaftServerImpl (RaftServerImpl.java:setRole(184)) - 06b05a7f-a473-42c9-9200-88e1a405b515@group-7886DAA09D7B: changes role from  FOLLOWER to FOLLOWER at term 23 for recognizeCandidate:e5ffd24e-bf4a-4ea8-9998-5222e19566cd
2019-10-21 21:52:56,606 [grpc-default-executor-1] INFO  impl.RoleInfo (RoleInfo.java:shutdownFollowerState(121)) - 0794a7c8-829f-468b-b883-2035423e3fbd: shutdown FollowerState
2019-10-21 21:52:56,606 [grpc-default-executor-0] INFO  impl.RoleInfo (RoleInfo.java:shutdownFollowerState(121)) - 06b05a7f-a473-42c9-9200-88e1a405b515: shutdown FollowerState
2019-10-21 21:52:56,606 [grpc-default-executor-1] INFO  impl.RoleInfo (RoleInfo.java:updateAndGet(143)) - 0794a7c8-829f-468b-b883-2035423e3fbd: start FollowerState
2019-10-21 21:52:56,606 [Thread-687] INFO  impl.FollowerState (FollowerState.java:run(117)) - 0794a7c8-829f-468b-b883-2035423e3fbd@group-7886DAA09D7B-FollowerState was interrupted: java.lang.InterruptedException: sleep interrupted
2019-10-21 21:52:56,607 [Thread-686] INFO  impl.FollowerState (FollowerState.java:run(117)) - 06b05a7f-a473-42c9-9200-88e1a405b515@group-7886DAA09D7B-FollowerState was interrupted: java.lang.InterruptedException: sleep interrupted
2019-10-21 21:52:56,607 [grpc-default-executor-0] INFO  impl.RoleInfo (RoleInfo.java:updateAndGet(143)) - 06b05a7f-a473-42c9-9200-88e1a405b515: start FollowerState
2019-10-21 21:52:56,620 [e5ffd24e-bf4a-4ea8-9998-5222e19566cd@group-7886DAA09D7B-LeaderElection24] INFO  impl.LeaderElection (LeaderElection.java:logAndReturn(56)) - e5ffd24e-bf4a-4ea8-9998-5222e19566cd@group-7886DAA09D7B-LeaderElection24: Election REJECTED; received 2 response(s) [e5ffd24e-bf4a-4ea8-9998-5222e19566cd<-06b05a7f-a473-42c9-9200-88e1a405b515#0:FAIL-t23, e5ffd24e-bf4a-4ea8-9998-5222e19566cd<-0794a7c8-829f-468b-b883-2035423e3fbd#0:FAIL-t23] and 0 exception(s); e5ffd24e-bf4a-4ea8-9998-5222e19566cd@group-7886DAA09D7B:t23, leader=null, voted=e5ffd24e-bf4a-4ea8-9998-5222e19566cd, raftlog=e5ffd24e-bf4a-4ea8-9998-5222e19566cd@group-7886DAA09D7B-SegmentedRaftLog:OPENED:c3,f4,i4, conf=0: [e5ffd24e-bf4a-4ea8-9998-5222e19566cd:192.168.34.8:41621, 06b05a7f-a473-42c9-9200-88e1a405b515:192.168.34.8:42604, 0794a7c8-829f-468b-b883-2035423e3fbd:192.168.34.8:36706], old=null
2019-10-21 21:52:56,620 [e5ffd24e-bf4a-4ea8-9998-5222e19566cd@group-7886DAA09D7B-LeaderElection24] INFO  impl.RaftServerImpl (RaftServerImpl.java:setRole(184)) - e5ffd24e-bf4a-4ea8-9998-5222e19566cd@group-7886DAA09D7B: changes role from CANDIDATE to FOLLOWER at term 23 for DISCOVERED_A_NEW_TERM
2019-10-21 21:52:56,620 [e5ffd24e-bf4a-4ea8-9998-5222e19566cd@group-7886DAA09D7B-LeaderElection24] INFO  impl.RoleInfo (RoleInfo.java:shutdownLeaderElection(134)) - e5ffd24e-bf4a-4ea8-9998-5222e19566cd: shutdown LeaderElection
2019-10-21 21:52:56,620 [e5ffd24e-bf4a-4ea8-9998-5222e19566cd@group-7886DAA09D7B-LeaderElection24] INFO  impl.RoleInfo (RoleInfo.java:updateAndGet(143)) - e5ffd24e-bf4a-4ea8-9998-5222e19566cd: start FollowerState
2019-10-21 21:52:56,647 [BlockDeletingService#2] WARN  background.BlockDeletingService (BlockDeletingService.java:isDeletionAllowed(187)) - Close Container log Index 6 is not replicated across allthe servers in the pipeline 57ddd59c-82e7-4c8a-99fd-7886daa09d7b as the min replicated index is 4. Deletion is not allowed in this container yet.
2019-10-21 21:52:56,647 [BlockDeletingService#2] WARN  background.BlockDeletingService (BlockDeletingService.java:isDeletionAllowed(187)) - Close Container log Index 6 is not replicated across allthe servers in the pipeline 57ddd59c-82e7-4c8a-99fd-7886daa09d7b as the min replicated index is 4. Deletion is not allowed in this container yet.
2019-10-21 21:52:56,732 [java.util.concurrent.ThreadPoolExecutor$Worker@69885592[State = -1, empty queue]] WARN  server.GrpcLogAppender (GrpcLogAppender.java:timeoutAppendRequest(209)) - 0794a7c8-829f-468b-b883-2035423e3fbd@group-7886DAA09D7B->e5ffd24e-bf4a-4ea8-9998-5222e19566cd-GrpcLogAppender: appendEntries Timeout, request=0794a7c8-829f-468b-b883-2035423e3fbd->e5ffd24e-bf4a-4ea8-9998-5222e19566cd#52-t1, previous=(t:1, i:10), leaderCommit=10, initializing? false, entries: <empty>
2019-10-21 21:52:56,757 [Thread-694] INFO  impl.FollowerState (FollowerState.java:run(108)) - e5ffd24e-bf4a-4ea8-9998-5222e19566cd@group-7886DAA09D7B-FollowerState: change to CANDIDATE, lastRpcTime:136ms, electionTimeout:136ms
2019-10-21 21:52:56,757 [Thread-694] INFO  impl.RoleInfo (RoleInfo.java:shutdownFollowerState(121)) - e5ffd24e-bf4a-4ea8-9998-5222e19566cd: shutdown FollowerState
2019-10-21 21:52:56,757 [Thread-694] INFO  impl.RaftServerImpl (RaftServerImpl.java:setRole(184)) - e5ffd24e-bf4a-4ea8-9998-5222e19566cd@group-7886DAA09D7B: changes role from  FOLLOWER to CANDIDATE at term 23 for changeToCandidate
2019-10-21 21:52:56,757 [Thread-694] INFO  impl.RoleInfo (RoleInfo.java:updateAndGet(143)) - e5ffd24e-bf4a-4ea8-9998-5222e19566cd: start LeaderElection
2019-10-21 21:52:56,772 [e5ffd24e-bf4a-4ea8-9998-5222e19566cd@group-7886DAA09D7B-LeaderElection25] INFO  impl.LeaderElection (LeaderElection.java:askForVotes(178)) - e5ffd24e-bf4a-4ea8-9998-5222e19566cd@group-7886DAA09D7B-LeaderElection25: begin an election at term 24 for 0: [e5ffd24e-bf4a-4ea8-9998-5222e19566cd:192.168.34.8:41621, 06b05a7f-a473-42c9-9200-88e1a405b515:192.168.34.8:42604, 0794a7c8-829f-468b-b883-2035423e3fbd:192.168.34.8:36706], old=null
2019-10-21 21:52:56,775 [grpc-default-executor-0] INFO  impl.RaftServerImpl (RaftServerImpl.java:setRole(184)) - 0794a7c8-829f-468b-b883-2035423e3fbd@group-7886DAA09D7B: changes role from  FOLLOWER to FOLLOWER at term 24 for recognizeCandidate:e5ffd24e-bf4a-4ea8-9998-5222e19566cd
2019-10-21 21:52:56,775 [grpc-default-executor-1] INFO  impl.RaftServerImpl (RaftServerImpl.java:setRole(184)) - 06b05a7f-a473-42c9-9200-88e1a405b515@group-7886DAA09D7B: changes role from  FOLLOWER to FOLLOWER at term 24 for recognizeCandidate:e5ffd24e-bf4a-4ea8-9998-5222e19566cd
2019-10-21 21:52:56,775 [grpc-default-executor-0] INFO  impl.RoleInfo (RoleInfo.java:shutdownFollowerState(121)) - 0794a7c8-829f-468b-b883-2035423e3fbd: shutdown FollowerState
2019-10-21 21:52:56,775 [grpc-default-executor-1] INFO  impl.RoleInfo (RoleInfo.java:shutdownFollowerState(121)) - 06b05a7f-a473-42c9-9200-88e1a405b515: shutdown FollowerState
2019-10-21 21:52:56,776 [Thread-692] INFO  impl.FollowerState (FollowerState.java:run(117)) - 0794a7c8-829f-468b-b883-2035423e3fbd@group-7886DAA09D7B-FollowerState was interrupted: java.lang.InterruptedException: sleep interrupted
2019-10-21 21:52:56,776 [grpc-default-executor-1] INFO  impl.RoleInfo (RoleInfo.java:updateAndGet(143)) - 06b05a7f-a473-42c9-9200-88e1a405b515: start FollowerState
2019-10-21 21:52:56,776 [Thread-693] INFO  impl.FollowerState (FollowerState.java:run(117)) - 06b05a7f-a473-42c9-9200-88e1a405b515@group-7886DAA09D7B-FollowerState was interrupted: java.lang.InterruptedException: sleep interrupted
2019-10-21 21:52:56,775 [grpc-default-executor-0] INFO  impl.RoleInfo (RoleInfo.java:updateAndGet(143)) - 0794a7c8-829f-468b-b883-2035423e3fbd: start FollowerState
2019-10-21 21:52:56,791 [e5ffd24e-bf4a-4ea8-9998-5222e19566cd@group-7886DAA09D7B-LeaderElection25] INFO  impl.LeaderElection (LeaderElection.java:logAndReturn(56)) - e5ffd24e-bf4a-4ea8-9998-5222e19566cd@group-7886DAA09D7B-LeaderElection25: Election REJECTED; received 2 response(s) [e5ffd24e-bf4a-4ea8-9998-5222e19566cd<-06b05a7f-a473-42c9-9200-88e1a405b515#0:FAIL-t24, e5ffd24e-bf4a-4ea8-9998-5222e19566cd<-0794a7c8-829f-468b-b883-2035423e3fbd#0:FAIL-t24] and 0 exception(s); e5ffd24e-bf4a-4ea8-9998-5222e19566cd@group-7886DAA09D7B:t24, leader=null, voted=e5ffd24e-bf4a-4ea8-9998-5222e19566cd, raftlog=e5ffd24e-bf4a-4ea8-9998-5222e19566cd@group-7886DAA09D7B-SegmentedRaftLog:OPENED:c3,f4,i4, conf=0: [e5ffd24e-bf4a-4ea8-9998-5222e19566cd:192.168.34.8:41621, 06b05a7f-a473-42c9-9200-88e1a405b515:192.168.34.8:42604, 0794a7c8-829f-468b-b883-2035423e3fbd:192.168.34.8:36706], old=null
2019-10-21 21:52:56,791 [e5ffd24e-bf4a-4ea8-9998-5222e19566cd@group-7886DAA09D7B-LeaderElection25] INFO  impl.RaftServerImpl (RaftServerImpl.java:setRole(184)) - e5ffd24e-bf4a-4ea8-9998-5222e19566cd@group-7886DAA09D7B: changes role from CANDIDATE to FOLLOWER at term 24 for DISCOVERED_A_NEW_TERM
2019-10-21 21:52:56,792 [e5ffd24e-bf4a-4ea8-9998-5222e19566cd@group-7886DAA09D7B-LeaderElection25] INFO  impl.RoleInfo (RoleInfo.java:shutdownLeaderElection(134)) - e5ffd24e-bf4a-4ea8-9998-5222e19566cd: shutdown LeaderElection
2019-10-21 21:52:56,792 [e5ffd24e-bf4a-4ea8-9998-5222e19566cd@group-7886DAA09D7B-LeaderElection25] INFO  impl.RoleInfo (RoleInfo.java:updateAndGet(143)) - e5ffd24e-bf4a-4ea8-9998-5222e19566cd: start FollowerState
2019-10-21 21:52:56,863 [Thread-703] INFO  impl.FollowerState (FollowerState.java:run(108)) - e5ffd24e-bf4a-4ea8-9998-5222e19566cd@group-7886DAA09D7B-FollowerState: change to CANDIDATE, lastRpcTime:71ms, electionTimeout:71ms
2019-10-21 21:52:56,863 [Thread-703] INFO  impl.RoleInfo (RoleInfo.java:shutdownFollowerState(121)) - e5ffd24e-bf4a-4ea8-9998-5222e19566cd: shutdown FollowerState
2019-10-21 21:52:56,864 [Thread-703] INFO  impl.RaftServerImpl (RaftServerImpl.java:setRole(184)) - e5ffd24e-bf4a-4ea8-9998-5222e19566cd@group-7886DAA09D7B: changes role from  FOLLOWER to CANDIDATE at term 24 for changeToCandidate
2019-10-21 21:52:56,864 [Thread-703] INFO  impl.RoleInfo (RoleInfo.java:updateAndGet(143)) - e5ffd24e-bf4a-4ea8-9998-5222e19566cd: start LeaderElection
2019-10-21 21:52:56,878 [e5ffd24e-bf4a-4ea8-9998-5222e19566cd@group-7886DAA09D7B-LeaderElection26] INFO  impl.LeaderElection (LeaderElection.java:askForVotes(178)) - e5ffd24e-bf4a-4ea8-9998-5222e19566cd@group-7886DAA09D7B-LeaderElection26: begin an election at term 25 for 0: [e5ffd24e-bf4a-4ea8-9998-5222e19566cd:192.168.34.8:41621, 06b05a7f-a473-42c9-9200-88e1a405b515:192.168.34.8:42604, 0794a7c8-829f-468b-b883-2035423e3fbd:192.168.34.8:36706], old=null
2019-10-21 21:52:56,881 [grpc-default-executor-0] INFO  impl.RaftServerImpl (RaftServerImpl.java:setRole(184)) - 0794a7c8-829f-468b-b883-2035423e3fbd@group-7886DAA09D7B: changes role from  FOLLOWER to FOLLOWER at term 25 for recognizeCandidate:e5ffd24e-bf4a-4ea8-9998-5222e19566cd
2019-10-21 21:52:56,881 [grpc-default-executor-1] INFO  impl.RaftServerImpl (RaftServerImpl.java:setRole(184)) - 06b05a7f-a473-42c9-9200-88e1a405b515@group-7886DAA09D7B: changes role from  FOLLOWER to FOLLOWER at term 25 for recognizeCandidate:e5ffd24e-bf4a-4ea8-9998-5222e19566cd
2019-10-21 21:52:56,881 [grpc-default-executor-0] INFO  impl.RoleInfo (RoleInfo.java:shutdownFollowerState(121)) - 0794a7c8-829f-468b-b883-2035423e3fbd: shutdown FollowerState
2019-10-21 21:52:56,881 [grpc-default-executor-1] INFO  impl.RoleInfo (RoleInfo.java:shutdownFollowerState(121)) - 06b05a7f-a473-42c9-9200-88e1a405b515: shutdown FollowerState
2019-10-21 21:52:56,882 [Thread-701] INFO  impl.FollowerState (FollowerState.java:run(117)) - 0794a7c8-829f-468b-b883-2035423e3fbd@group-7886DAA09D7B-FollowerState was interrupted: java.lang.InterruptedException: sleep interrupted
2019-10-21 21:52:56,882 [grpc-default-executor-0] INFO  impl.RoleInfo (RoleInfo.java:updateAndGet(143)) - 0794a7c8-829f-468b-b883-2035423e3fbd: start FollowerState
2019-10-21 21:52:56,882 [Thread-702] INFO  impl.FollowerState (FollowerState.java:run(117)) - 06b05a7f-a473-42c9-9200-88e1a405b515@group-7886DAA09D7B-FollowerState was interrupted: java.lang.InterruptedException: sleep interrupted
2019-10-21 21:52:56,882 [grpc-default-executor-1] INFO  impl.RoleInfo (RoleInfo.java:updateAndGet(143)) - 06b05a7f-a473-42c9-9200-88e1a405b515: start FollowerState
2019-10-21 21:52:56,897 [e5ffd24e-bf4a-4ea8-9998-5222e19566cd@group-7886DAA09D7B-LeaderElection26] INFO  impl.LeaderElection (LeaderElection.java:logAndReturn(56)) - e5ffd24e-bf4a-4ea8-9998-5222e19566cd@group-7886DAA09D7B-LeaderElection26: Election REJECTED; received 2 response(s) [e5ffd24e-bf4a-4ea8-9998-5222e19566cd<-06b05a7f-a473-42c9-9200-88e1a405b515#0:FAIL-t25, e5ffd24e-bf4a-4ea8-9998-5222e19566cd<-0794a7c8-829f-468b-b883-2035423e3fbd#0:FAIL-t25] and 0 exception(s); e5ffd24e-bf4a-4ea8-9998-5222e19566cd@group-7886DAA09D7B:t25, leader=null, voted=e5ffd24e-bf4a-4ea8-9998-5222e19566cd, raftlog=e5ffd24e-bf4a-4ea8-9998-5222e19566cd@group-7886DAA09D7B-SegmentedRaftLog:OPENED:c3,f4,i4, conf=0: [e5ffd24e-bf4a-4ea8-9998-5222e19566cd:192.168.34.8:41621, 06b05a7f-a473-42c9-9200-88e1a405b515:192.168.34.8:42604, 0794a7c8-829f-468b-b883-2035423e3fbd:192.168.34.8:36706], old=null
2019-10-21 21:52:56,897 [e5ffd24e-bf4a-4ea8-9998-5222e19566cd@group-7886DAA09D7B-LeaderElection26] INFO  impl.RaftServerImpl (RaftServerImpl.java:setRole(184)) - e5ffd24e-bf4a-4ea8-9998-5222e19566cd@group-7886DAA09D7B: changes role from CANDIDATE to FOLLOWER at term 25 for DISCOVERED_A_NEW_TERM
2019-10-21 21:52:56,897 [e5ffd24e-bf4a-4ea8-9998-5222e19566cd@group-7886DAA09D7B-LeaderElection26] INFO  impl.RoleInfo (RoleInfo.java:shutdownLeaderElection(134)) - e5ffd24e-bf4a-4ea8-9998-5222e19566cd: shutdown LeaderElection
2019-10-21 21:52:56,898 [e5ffd24e-bf4a-4ea8-9998-5222e19566cd@group-7886DAA09D7B-LeaderElection26] INFO  impl.RoleInfo (RoleInfo.java:updateAndGet(143)) - e5ffd24e-bf4a-4ea8-9998-5222e19566cd: start FollowerState
2019-10-21 21:52:56,936 [Thread-711] INFO  client.GrpcClientProtocolService (GrpcClientProtocolService.java:lambda$processClientRequest$0(278)) - Failed RaftClientRequest:client-5B812E6CE025->e5ffd24e-bf4a-4ea8-9998-5222e19566cd@group-7886DAA09D7B, cid=10, seq=0, Watch-ALL_COMMITTED(6), Message:<EMPTY>, reply=RaftClientReply:client-5B812E6CE025->e5ffd24e-bf4a-4ea8-9998-5222e19566cd@group-7886DAA09D7B, cid=10, FAILED org.apache.ratis.protocol.NotLeaderException: Server e5ffd24e-bf4a-4ea8-9998-5222e19566cd@group-7886DAA09D7B is not the leader, logIndex=0, commits[e5ffd24e-bf4a-4ea8-9998-5222e19566cd:c3]
2019-10-21 21:52:56,954 [Thread-709] INFO  impl.FollowerState (FollowerState.java:run(108)) - e5ffd24e-bf4a-4ea8-9998-5222e19566cd@group-7886DAA09D7B-FollowerState: change to CANDIDATE, lastRpcTime:56ms, electionTimeout:56ms
2019-10-21 21:52:56,954 [Thread-709] INFO  impl.RoleInfo (RoleInfo.java:shutdownFollowerState(121)) - e5ffd24e-bf4a-4ea8-9998-5222e19566cd: shutdown FollowerState
2019-10-21 21:52:56,955 [Thread-709] INFO  impl.RaftServerImpl (RaftServerImpl.java:setRole(184)) - e5ffd24e-bf4a-4ea8-9998-5222e19566cd@group-7886DAA09D7B: changes role from  FOLLOWER to CANDIDATE at term 25 for changeToCandidate
2019-10-21 21:52:56,955 [Thread-709] INFO  impl.RoleInfo (RoleInfo.java:updateAndGet(143)) - e5ffd24e-bf4a-4ea8-9998-5222e19566cd: start LeaderElection
2019-10-21 21:52:56,960 [e5ffd24e-bf4a-4ea8-9998-5222e19566cd@group-7886DAA09D7B-LeaderElection27] INFO  impl.LeaderElection (LeaderElection.java:askForVotes(178)) - e5ffd24e-bf4a-4ea8-9998-5222e19566cd@group-7886DAA09D7B-LeaderElection27: begin an election at term 26 for 0: [e5ffd24e-bf4a-4ea8-9998-5222e19566cd:192.168.34.8:41621, 06b05a7f-a473-42c9-9200-88e1a405b515:192.168.34.8:42604, 0794a7c8-829f-468b-b883-2035423e3fbd:192.168.34.8:36706], old=null
2019-10-21 21:52:56,963 [grpc-default-executor-1] INFO  impl.RaftServerImpl (RaftServerImpl.java:setRole(184)) - 06b05a7f-a473-42c9-9200-88e1a405b515@group-7886DAA09D7B: changes role from  FOLLOWER to FOLLOWER at term 26 for recognizeCandidate:e5ffd24e-bf4a-4ea8-9998-5222e19566cd
2019-10-21 21:52:56,963 [grpc-default-executor-1] INFO  impl.RoleInfo (RoleInfo.java:shutdownFollowerState(121)) - 06b05a7f-a473-42c9-9200-88e1a405b515: shutdown FollowerState
2019-10-21 21:52:56,963 [grpc-default-executor-0] INFO  impl.RaftServerImpl (RaftServerImpl.java:setRole(184)) - 0794a7c8-829f-468b-b883-2035423e3fbd@group-7886DAA09D7B: changes role from  FOLLOWER to FOLLOWER at term 26 for recognizeCandidate:e5ffd24e-bf4a-4ea8-9998-5222e19566cd
2019-10-21 21:52:56,963 [grpc-default-executor-1] INFO  impl.RoleInfo (RoleInfo.java:updateAndGet(143)) - 06b05a7f-a473-42c9-9200-88e1a405b515: start FollowerState
2019-10-21 21:52:56,963 [grpc-default-executor-0] INFO  impl.RoleInfo (RoleInfo.java:shutdownFollowerState(121)) - 0794a7c8-829f-468b-b883-2035423e3fbd: shutdown FollowerState
2019-10-21 21:52:56,963 [Thread-708] INFO  impl.FollowerState (FollowerState.java:run(117)) - 06b05a7f-a473-42c9-9200-88e1a405b515@group-7886DAA09D7B-FollowerState was interrupted: java.lang.InterruptedException: sleep interrupted
2019-10-21 21:52:56,964 [grpc-default-executor-0] INFO  impl.RoleInfo (RoleInfo.java:updateAndGet(143)) - 0794a7c8-829f-468b-b883-2035423e3fbd: start FollowerState
2019-10-21 21:52:56,964 [Thread-707] INFO  impl.FollowerState (FollowerState.java:run(117)) - 0794a7c8-829f-468b-b883-2035423e3fbd@group-7886DAA09D7B-FollowerState was interrupted: java.lang.InterruptedException: sleep interrupted
2019-10-21 21:52:56,979 [e5ffd24e-bf4a-4ea8-9998-5222e19566cd@group-7886DAA09D7B-LeaderElection27] INFO  impl.LeaderElection (LeaderElection.java:logAndReturn(56)) - e5ffd24e-bf4a-4ea8-9998-5222e19566cd@group-7886DAA09D7B-LeaderElection27: Election REJECTED; received 2 response(s) [e5ffd24e-bf4a-4ea8-9998-5222e19566cd<-06b05a7f-a473-42c9-9200-88e1a405b515#0:FAIL-t26, e5ffd24e-bf4a-4ea8-9998-5222e19566cd<-0794a7c8-829f-468b-b883-2035423e3fbd#0:FAIL-t26] and 0 exception(s); e5ffd24e-bf4a-4ea8-9998-5222e19566cd@group-7886DAA09D7B:t26, leader=null, voted=e5ffd24e-bf4a-4ea8-9998-5222e19566cd, raftlog=e5ffd24e-bf4a-4ea8-9998-5222e19566cd@group-7886DAA09D7B-SegmentedRaftLog:OPENED:c3,f4,i4, conf=0: [e5ffd24e-bf4a-4ea8-9998-5222e19566cd:192.168.34.8:41621, 06b05a7f-a473-42c9-9200-88e1a405b515:192.168.34.8:42604, 0794a7c8-829f-468b-b883-2035423e3fbd:192.168.34.8:36706], old=null
2019-10-21 21:52:56,979 [e5ffd24e-bf4a-4ea8-9998-5222e19566cd@group-7886DAA09D7B-LeaderElection27] INFO  impl.RaftServerImpl (RaftServerImpl.java:setRole(184)) - e5ffd24e-bf4a-4ea8-9998-5222e19566cd@group-7886DAA09D7B: changes role from CANDIDATE to FOLLOWER at term 26 for DISCOVERED_A_NEW_TERM
2019-10-21 21:52:56,979 [e5ffd24e-bf4a-4ea8-9998-5222e19566cd@group-7886DAA09D7B-LeaderElection27] INFO  impl.RoleInfo (RoleInfo.java:shutdownLeaderElection(134)) - e5ffd24e-bf4a-4ea8-9998-5222e19566cd: shutdown LeaderElection
2019-10-21 21:52:56,979 [e5ffd24e-bf4a-4ea8-9998-5222e19566cd@group-7886DAA09D7B-LeaderElection27] INFO  impl.RoleInfo (RoleInfo.java:updateAndGet(143)) - e5ffd24e-bf4a-4ea8-9998-5222e19566cd: start FollowerState
2019-10-21 21:52:57,095 [pool-7-thread-1] INFO  commands.RetriableDatanodeEventWatcher (RetriableDatanodeEventWatcher.java:onTimeout(47)) - RetriableDatanodeCommand type=deleteBlocksCommand with id=1571694770095 timed out. Retrying.
2019-10-21 21:52:57,096 [pool-7-thread-3] INFO  commands.RetriableDatanodeEventWatcher (RetriableDatanodeEventWatcher.java:onTimeout(47)) - RetriableDatanodeCommand type=deleteBlocksCommand with id=1571694770089 timed out. Retrying.
2019-10-21 21:52:57,098 [pool-7-thread-3] INFO  commands.RetriableDatanodeEventWatcher (RetriableDatanodeEventWatcher.java:onTimeout(47)) - RetriableDatanodeCommand type=deleteBlocksCommand with id=1571694770099 timed out. Retrying.
2019-10-21 21:52:57,098 [pool-7-thread-1] INFO  commands.RetriableDatanodeEventWatcher (RetriableDatanodeEventWatcher.java:onTimeout(47)) - RetriableDatanodeCommand type=deleteBlocksCommand with id=1571694770098 timed out. Retrying.
2019-10-21 21:52:57,099 [pool-7-thread-4] INFO  commands.RetriableDatanodeEventWatcher (RetriableDatanodeEventWatcher.java:onTimeout(47)) - RetriableDatanodeCommand type=deleteBlocksCommand with id=1571694770096 timed out. Retrying.
2019-10-21 21:52:57,099 [pool-7-thread-2] INFO  commands.RetriableDatanodeEventWatcher (RetriableDatanodeEventWatcher.java:onTimeout(47)) - RetriableDatanodeCommand type=deleteBlocksCommand with id=1571694770097 timed out. Retrying.
2019-10-21 21:52:57,099 [pool-7-thread-3] INFO  commands.RetriableDatanodeEventWatcher (RetriableDatanodeEventWatcher.java:onTimeout(47)) - RetriableDatanodeCommand type=deleteBlocksCommand with id=1571694770092 timed out. Retrying.
2019-10-21 21:52:57,100 [SCMBlockDeletingService#1] INFO  block.SCMBlockDeletingService (SCMBlockDeletingService.java:call(184)) - Totally added 1 delete blocks command for 1 datanodes, task elapsed time: 0ms
2019-10-21 21:52:57,127 [Thread-718] INFO  impl.FollowerState (FollowerState.java:run(108)) - e5ffd24e-bf4a-4ea8-9998-5222e19566cd@group-7886DAA09D7B-FollowerState: change to CANDIDATE, lastRpcTime:147ms, electionTimeout:147ms
2019-10-21 21:52:57,127 [Thread-718] INFO  impl.RoleInfo (RoleInfo.java:shutdownFollowerState(121)) - e5ffd24e-bf4a-4ea8-9998-5222e19566cd: shutdown FollowerState
2019-10-21 21:52:57,127 [Thread-718] INFO  impl.RaftServerImpl (RaftServerImpl.java:setRole(184)) - e5ffd24e-bf4a-4ea8-9998-5222e19566cd@group-7886DAA09D7B: changes role from  FOLLOWER to CANDIDATE at term 26 for changeToCandidate
2019-10-21 21:52:57,127 [Thread-718] INFO  impl.RoleInfo (RoleInfo.java:updateAndGet(143)) - e5ffd24e-bf4a-4ea8-9998-5222e19566cd: start LeaderElection
2019-10-21 21:52:57,142 [e5ffd24e-bf4a-4ea8-9998-5222e19566cd@group-7886DAA09D7B-LeaderElection28] INFO  impl.LeaderElection (LeaderElection.java:askForVotes(178)) - e5ffd24e-bf4a-4ea8-9998-5222e19566cd@group-7886DAA09D7B-LeaderElection28: begin an election at term 27 for 0: [e5ffd24e-bf4a-4ea8-9998-5222e19566cd:192.168.34.8:41621, 06b05a7f-a473-42c9-9200-88e1a405b515:192.168.34.8:42604, 0794a7c8-829f-468b-b883-2035423e3fbd:192.168.34.8:36706], old=null
2019-10-21 21:52:57,145 [grpc-default-executor-0] INFO  impl.RaftServerImpl (RaftServerImpl.java:setRole(184)) - 0794a7c8-829f-468b-b883-2035423e3fbd@group-7886DAA09D7B: changes role from  FOLLOWER to FOLLOWER at term 27 for recognizeCandidate:e5ffd24e-bf4a-4ea8-9998-5222e19566cd
2019-10-21 21:52:57,145 [grpc-default-executor-1] INFO  impl.RaftServerImpl (RaftServerImpl.java:setRole(184)) - 06b05a7f-a473-42c9-9200-88e1a405b515@group-7886DAA09D7B: changes role from  FOLLOWER to FOLLOWER at term 27 for recognizeCandidate:e5ffd24e-bf4a-4ea8-9998-5222e19566cd
2019-10-21 21:52:57,145 [grpc-default-executor-0] INFO  impl.RoleInfo (RoleInfo.java:shutdownFollowerState(121)) - 0794a7c8-829f-468b-b883-2035423e3fbd: shutdown FollowerState
2019-10-21 21:52:57,145 [grpc-default-executor-1] INFO  impl.RoleInfo (RoleInfo.java:shutdownFollowerState(121)) - 06b05a7f-a473-42c9-9200-88e1a405b515: shutdown FollowerState
2019-10-21 21:52:57,145 [Thread-717] INFO  impl.FollowerState (FollowerState.java:run(117)) - 0794a7c8-829f-468b-b883-2035423e3fbd@group-7886DAA09D7B-FollowerState was interrupted: java.lang.InterruptedException: sleep interrupted
2019-10-21 21:52:57,146 [Thread-716] INFO  impl.FollowerState (FollowerState.java:run(117)) - 06b05a7f-a473-42c9-9200-88e1a405b515@group-7886DAA09D7B-FollowerState was interrupted: java.lang.InterruptedException: sleep interrupted
2019-10-21 21:52:57,145 [grpc-default-executor-0] INFO  impl.RoleInfo (RoleInfo.java:updateAndGet(143)) - 0794a7c8-829f-468b-b883-2035423e3fbd: start FollowerState
2019-10-21 21:52:57,146 [grpc-default-executor-1] INFO  impl.RoleInfo (RoleInfo.java:updateAndGet(143)) - 06b05a7f-a473-42c9-9200-88e1a405b515: start FollowerState
2019-10-21 21:52:57,157 [e5ffd24e-bf4a-4ea8-9998-5222e19566cd@group-7886DAA09D7B-LeaderElection28] INFO  impl.LeaderElection (LeaderElection.java:logAndReturn(56)) - e5ffd24e-bf4a-4ea8-9998-5222e19566cd@group-7886DAA09D7B-LeaderElection28: Election REJECTED; received 2 response(s) [e5ffd24e-bf4a-4ea8-9998-5222e19566cd<-06b05a7f-a473-42c9-9200-88e1a405b515#0:FAIL-t27, e5ffd24e-bf4a-4ea8-9998-5222e19566cd<-0794a7c8-829f-468b-b883-2035423e3fbd#0:FAIL-t27] and 0 exception(s); e5ffd24e-bf4a-4ea8-9998-5222e19566cd@group-7886DAA09D7B:t27, leader=null, voted=e5ffd24e-bf4a-4ea8-9998-5222e19566cd, raftlog=e5ffd24e-bf4a-4ea8-9998-5222e19566cd@group-7886DAA09D7B-SegmentedRaftLog:OPENED:c3,f4,i4, conf=0: [e5ffd24e-bf4a-4ea8-9998-5222e19566cd:192.168.34.8:41621, 06b05a7f-a473-42c9-9200-88e1a405b515:192.168.34.8:42604, 0794a7c8-829f-468b-b883-2035423e3fbd:192.168.34.8:36706], old=null
2019-10-21 21:52:57,158 [e5ffd24e-bf4a-4ea8-9998-5222e19566cd@group-7886DAA09D7B-LeaderElection28] INFO  impl.RaftServerImpl (RaftServerImpl.java:setRole(184)) - e5ffd24e-bf4a-4ea8-9998-5222e19566cd@group-7886DAA09D7B: changes role from CANDIDATE to FOLLOWER at term 27 for DISCOVERED_A_NEW_TERM
2019-10-21 21:52:57,158 [e5ffd24e-bf4a-4ea8-9998-5222e19566cd@group-7886DAA09D7B-LeaderElection28] INFO  impl.RoleInfo (RoleInfo.java:shutdownLeaderElection(134)) - e5ffd24e-bf4a-4ea8-9998-5222e19566cd: shutdown LeaderElection
2019-10-21 21:52:57,158 [e5ffd24e-bf4a-4ea8-9998-5222e19566cd@group-7886DAA09D7B-LeaderElection28] INFO  impl.RoleInfo (RoleInfo.java:updateAndGet(143)) - e5ffd24e-bf4a-4ea8-9998-5222e19566cd: start FollowerState
2019-10-21 21:52:57,234 [Thread-724] INFO  impl.FollowerState (FollowerState.java:run(108)) - e5ffd24e-bf4a-4ea8-9998-5222e19566cd@group-7886DAA09D7B-FollowerState: change to CANDIDATE, lastRpcTime:76ms, electionTimeout:76ms
2019-10-21 21:52:57,235 [Thread-724] INFO  impl.RoleInfo (RoleInfo.java:shutdownFollowerState(121)) - e5ffd24e-bf4a-4ea8-9998-5222e19566cd: shutdown FollowerState
2019-10-21 21:52:57,235 [Thread-724] INFO  impl.RaftServerImpl (RaftServerImpl.java:setRole(184)) - e5ffd24e-bf4a-4ea8-9998-5222e19566cd@group-7886DAA09D7B: changes role from  FOLLOWER to CANDIDATE at term 27 for changeToCandidate
2019-10-21 21:52:57,235 [Thread-724] INFO  impl.RoleInfo (RoleInfo.java:updateAndGet(143)) - e5ffd24e-bf4a-4ea8-9998-5222e19566cd: start LeaderElection
2019-10-21 21:52:57,249 [e5ffd24e-bf4a-4ea8-9998-5222e19566cd@group-7886DAA09D7B-LeaderElection29] INFO  impl.LeaderElection (LeaderElection.java:askForVotes(178)) - e5ffd24e-bf4a-4ea8-9998-5222e19566cd@group-7886DAA09D7B-LeaderElection29: begin an election at term 28 for 0: [e5ffd24e-bf4a-4ea8-9998-5222e19566cd:192.168.34.8:41621, 06b05a7f-a473-42c9-9200-88e1a405b515:192.168.34.8:42604, 0794a7c8-829f-468b-b883-2035423e3fbd:192.168.34.8:36706], old=null
2019-10-21 21:52:57,252 [grpc-default-executor-0] INFO  impl.RaftServerImpl (RaftServerImpl.java:setRole(184)) - 06b05a7f-a473-42c9-9200-88e1a405b515@group-7886DAA09D7B: changes role from  FOLLOWER to FOLLOWER at term 28 for recognizeCandidate:e5ffd24e-bf4a-4ea8-9998-5222e19566cd
2019-10-21 21:52:57,252 [grpc-default-executor-0] INFO  impl.RoleInfo (RoleInfo.java:shutdownFollowerState(121)) - 06b05a7f-a473-42c9-9200-88e1a405b515: shutdown FollowerState
2019-10-21 21:52:57,252 [grpc-default-executor-1] INFO  impl.RaftServerImpl (RaftServerImpl.java:setRole(184)) - 0794a7c8-829f-468b-b883-2035423e3fbd@group-7886DAA09D7B: changes role from  FOLLOWER to FOLLOWER at term 28 for recognizeCandidate:e5ffd24e-bf4a-4ea8-9998-5222e19566cd
2019-10-21 21:52:57,252 [grpc-default-executor-0] INFO  impl.RoleInfo (RoleInfo.java:updateAndGet(143)) - 06b05a7f-a473-42c9-9200-88e1a405b515: start FollowerState
2019-10-21 21:52:57,252 [Thread-723] INFO  impl.FollowerState (FollowerState.java:run(117)) - 06b05a7f-a473-42c9-9200-88e1a405b515@group-7886DAA09D7B-FollowerState was interrupted: java.lang.InterruptedException: sleep interrupted
2019-10-21 21:52:57,252 [grpc-default-executor-1] INFO  impl.RoleInfo (RoleInfo.java:shutdownFollowerState(121)) - 0794a7c8-829f-468b-b883-2035423e3fbd: shutdown FollowerState
2019-10-21 21:52:57,253 [Thread-722] INFO  impl.FollowerState (FollowerState.java:run(117)) - 0794a7c8-829f-468b-b883-2035423e3fbd@group-7886DAA09D7B-FollowerState was interrupted: java.lang.InterruptedException: sleep interrupted
2019-10-21 21:52:57,253 [grpc-default-executor-1] INFO  impl.RoleInfo (RoleInfo.java:updateAndGet(143)) - 0794a7c8-829f-468b-b883-2035423e3fbd: start FollowerState
2019-10-21 21:52:57,268 [e5ffd24e-bf4a-4ea8-9998-5222e19566cd@group-7886DAA09D7B-LeaderElection29] INFO  impl.LeaderElection (LeaderElection.java:logAndReturn(56)) - e5ffd24e-bf4a-4ea8-9998-5222e19566cd@group-7886DAA09D7B-LeaderElection29: Election REJECTED; received 2 response(s) [e5ffd24e-bf4a-4ea8-9998-5222e19566cd<-06b05a7f-a473-42c9-9200-88e1a405b515#0:FAIL-t28, e5ffd24e-bf4a-4ea8-9998-5222e19566cd<-0794a7c8-829f-468b-b883-2035423e3fbd#0:FAIL-t28] and 0 exception(s); e5ffd24e-bf4a-4ea8-9998-5222e19566cd@group-7886DAA09D7B:t28, leader=null, voted=e5ffd24e-bf4a-4ea8-9998-5222e19566cd, raftlog=e5ffd24e-bf4a-4ea8-9998-5222e19566cd@group-7886DAA09D7B-SegmentedRaftLog:OPENED:c3,f4,i4, conf=0: [e5ffd24e-bf4a-4ea8-9998-5222e19566cd:192.168.34.8:41621, 06b05a7f-a473-42c9-9200-88e1a405b515:192.168.34.8:42604, 0794a7c8-829f-468b-b883-2035423e3fbd:192.168.34.8:36706], old=null
2019-10-21 21:52:57,268 [e5ffd24e-bf4a-4ea8-9998-5222e19566cd@group-7886DAA09D7B-LeaderElection29] INFO  impl.RaftServerImpl (RaftServerImpl.java:setRole(184)) - e5ffd24e-bf4a-4ea8-9998-5222e19566cd@group-7886DAA09D7B: changes role from CANDIDATE to FOLLOWER at term 28 for DISCOVERED_A_NEW_TERM
2019-10-21 21:52:57,268 [e5ffd24e-bf4a-4ea8-9998-5222e19566cd@group-7886DAA09D7B-LeaderElection29] INFO  impl.RoleInfo (RoleInfo.java:shutdownLeaderElection(134)) - e5ffd24e-bf4a-4ea8-9998-5222e19566cd: shutdown LeaderElection
2019-10-21 21:52:57,268 [e5ffd24e-bf4a-4ea8-9998-5222e19566cd@group-7886DAA09D7B-LeaderElection29] INFO  impl.RoleInfo (RoleInfo.java:updateAndGet(143)) - e5ffd24e-bf4a-4ea8-9998-5222e19566cd: start FollowerState
2019-10-21 21:52:57,461 [Thread-730] INFO  impl.FollowerState (FollowerState.java:run(108)) - e5ffd24e-bf4a-4ea8-9998-5222e19566cd@group-7886DAA09D7B-FollowerState: change to CANDIDATE, lastRpcTime:192ms, electionTimeout:192ms
2019-10-21 21:52:57,461 [Thread-730] INFO  impl.RoleInfo (RoleInfo.java:shutdownFollowerState(121)) - e5ffd24e-bf4a-4ea8-9998-5222e19566cd: shutdown FollowerState
2019-10-21 21:52:57,461 [Thread-730] INFO  impl.RaftServerImpl (RaftServerImpl.java:setRole(184)) - e5ffd24e-bf4a-4ea8-9998-5222e19566cd@group-7886DAA09D7B: changes role from  FOLLOWER to CANDIDATE at term 28 for changeToCandidate
2019-10-21 21:52:57,461 [Thread-730] INFO  impl.RoleInfo (RoleInfo.java:updateAndGet(143)) - e5ffd24e-bf4a-4ea8-9998-5222e19566cd: start LeaderElection
2019-10-21 21:52:57,487 [e5ffd24e-bf4a-4ea8-9998-5222e19566cd@group-7886DAA09D7B-LeaderElection30] INFO  impl.LeaderElection (LeaderElection.java:askForVotes(178)) - e5ffd24e-bf4a-4ea8-9998-5222e19566cd@group-7886DAA09D7B-LeaderElection30: begin an election at term 29 for 0: [e5ffd24e-bf4a-4ea8-9998-5222e19566cd:192.168.34.8:41621, 06b05a7f-a473-42c9-9200-88e1a405b515:192.168.34.8:42604, 0794a7c8-829f-468b-b883-2035423e3fbd:192.168.34.8:36706], old=null
2019-10-21 21:52:57,491 [grpc-default-executor-0] INFO  impl.RaftServerImpl (RaftServerImpl.java:setRole(184)) - 0794a7c8-829f-468b-b883-2035423e3fbd@group-7886DAA09D7B: changes role from  FOLLOWER to FOLLOWER at term 29 for recognizeCandidate:e5ffd24e-bf4a-4ea8-9998-5222e19566cd
2019-10-21 21:52:57,491 [grpc-default-executor-1] INFO  impl.RaftServerImpl (RaftServerImpl.java:setRole(184)) - 06b05a7f-a473-42c9-9200-88e1a405b515@group-7886DAA09D7B: changes role from  FOLLOWER to FOLLOWER at term 29 for recognizeCandidate:e5ffd24e-bf4a-4ea8-9998-5222e19566cd
2019-10-21 21:52:57,491 [grpc-default-executor-0] INFO  impl.RoleInfo (RoleInfo.java:shutdownFollowerState(121)) - 0794a7c8-829f-468b-b883-2035423e3fbd: shutdown FollowerState
2019-10-21 21:52:57,491 [grpc-default-executor-1] INFO  impl.RoleInfo (RoleInfo.java:shutdownFollowerState(121)) - 06b05a7f-a473-42c9-9200-88e1a405b515: shutdown FollowerState
2019-10-21 21:52:57,491 [Thread-729] INFO  impl.FollowerState (FollowerState.java:run(117)) - 0794a7c8-829f-468b-b883-2035423e3fbd@group-7886DAA09D7B-FollowerState was interrupted: java.lang.InterruptedException: sleep interrupted
2019-10-21 21:52:57,491 [grpc-default-executor-0] INFO  impl.RoleInfo (RoleInfo.java:updateAndGet(143)) - 0794a7c8-829f-468b-b883-2035423e3fbd: start FollowerState
2019-10-21 21:52:57,492 [Thread-728] INFO  impl.FollowerState (FollowerState.java:run(117)) - 06b05a7f-a473-42c9-9200-88e1a405b515@group-7886DAA09D7B-FollowerState was interrupted: java.lang.InterruptedException: sleep interrupted
2019-10-21 21:52:57,492 [grpc-default-executor-1] INFO  impl.RoleInfo (RoleInfo.java:updateAndGet(143)) - 06b05a7f-a473-42c9-9200-88e1a405b515: start FollowerState
2019-10-21 21:52:57,507 [e5ffd24e-bf4a-4ea8-9998-5222e19566cd@group-7886DAA09D7B-LeaderElection30] INFO  impl.LeaderElection (LeaderElection.java:logAndReturn(56)) - e5ffd24e-bf4a-4ea8-9998-5222e19566cd@group-7886DAA09D7B-LeaderElection30: Election REJECTED; received 2 response(s) [e5ffd24e-bf4a-4ea8-9998-5222e19566cd<-06b05a7f-a473-42c9-9200-88e1a405b515#0:FAIL-t29, e5ffd24e-bf4a-4ea8-9998-5222e19566cd<-0794a7c8-829f-468b-b883-2035423e3fbd#0:FAIL-t29] and 0 exception(s); e5ffd24e-bf4a-4ea8-9998-5222e19566cd@group-7886DAA09D7B:t29, leader=null, voted=e5ffd24e-bf4a-4ea8-9998-5222e19566cd, raftlog=e5ffd24e-bf4a-4ea8-9998-5222e19566cd@group-7886DAA09D7B-SegmentedRaftLog:OPENED:c3,f4,i4, conf=0: [e5ffd24e-bf4a-4ea8-9998-5222e19566cd:192.168.34.8:41621, 06b05a7f-a473-42c9-9200-88e1a405b515:192.168.34.8:42604, 0794a7c8-829f-468b-b883-2035423e3fbd:192.168.34.8:36706], old=null
2019-10-21 21:52:57,507 [e5ffd24e-bf4a-4ea8-9998-5222e19566cd@group-7886DAA09D7B-LeaderElection30] INFO  impl.RaftServerImpl (RaftServerImpl.java:setRole(184)) - e5ffd24e-bf4a-4ea8-9998-5222e19566cd@group-7886DAA09D7B: changes role from CANDIDATE to FOLLOWER at term 29 for DISCOVERED_A_NEW_TERM
2019-10-21 21:52:57,507 [e5ffd24e-bf4a-4ea8-9998-5222e19566cd@group-7886DAA09D7B-LeaderElection30] INFO  impl.RoleInfo (RoleInfo.java:shutdownLeaderElection(134)) - e5ffd24e-bf4a-4ea8-9998-5222e19566cd: shutdown LeaderElection
2019-10-21 21:52:57,507 [e5ffd24e-bf4a-4ea8-9998-5222e19566cd@group-7886DAA09D7B-LeaderElection30] INFO  impl.RoleInfo (RoleInfo.java:updateAndGet(143)) - e5ffd24e-bf4a-4ea8-9998-5222e19566cd: start FollowerState
2019-10-21 21:52:57,649 [BlockDeletingService#2] WARN  background.BlockDeletingService (BlockDeletingService.java:isDeletionAllowed(187)) - Close Container log Index 6 is not replicated across allthe servers in the pipeline 57ddd59c-82e7-4c8a-99fd-7886daa09d7b as the min replicated index is 4. Deletion is not allowed in this container yet.
2019-10-21 21:52:57,649 [BlockDeletingService#2] WARN  background.BlockDeletingService (BlockDeletingService.java:isDeletionAllowed(187)) - Close Container log Index 6 is not replicated across allthe servers in the pipeline 57ddd59c-82e7-4c8a-99fd-7886daa09d7b as the min replicated index is 4. Deletion is not allowed in this container yet.
2019-10-21 21:52:57,674 [Thread-736] INFO  impl.FollowerState (FollowerState.java:run(108)) - e5ffd24e-bf4a-4ea8-9998-5222e19566cd@group-7886DAA09D7B-FollowerState: change to CANDIDATE, lastRpcTime:166ms, electionTimeout:166ms
2019-10-21 21:52:57,674 [Thread-736] INFO  impl.RoleInfo (RoleInfo.java:shutdownFollowerState(121)) - e5ffd24e-bf4a-4ea8-9998-5222e19566cd: shutdown FollowerState
2019-10-21 21:52:57,674 [Thread-736] INFO  impl.RaftServerImpl (RaftServerImpl.java:setRole(184)) - e5ffd24e-bf4a-4ea8-9998-5222e19566cd@group-7886DAA09D7B: changes role from  FOLLOWER to CANDIDATE at term 29 for changeToCandidate
2019-10-21 21:52:57,674 [EventQueue-PendingDeleteStatusForPendingDeleteHandler] INFO  block.SCMBlockDeletingService (SCMBlockDeletingService.java:handlePendingDeletes(115)) - Block deletion txnID mismatch in datanode e5ffd24e-bf4a-4ea8-9998-5222e19566cd for containerID 1. Datanode delete txnID: 0, SCM txnID: 1
2019-10-21 21:52:57,674 [Thread-736] INFO  impl.RoleInfo (RoleInfo.java:updateAndGet(143)) - e5ffd24e-bf4a-4ea8-9998-5222e19566cd: start LeaderElection
2019-10-21 21:52:57,688 [e5ffd24e-bf4a-4ea8-9998-5222e19566cd@group-7886DAA09D7B-LeaderElection31] INFO  impl.LeaderElection (LeaderElection.java:askForVotes(178)) - e5ffd24e-bf4a-4ea8-9998-5222e19566cd@group-7886DAA09D7B-LeaderElection31: begin an election at term 30 for 0: [e5ffd24e-bf4a-4ea8-9998-5222e19566cd:192.168.34.8:41621, 06b05a7f-a473-42c9-9200-88e1a405b515:192.168.34.8:42604, 0794a7c8-829f-468b-b883-2035423e3fbd:192.168.34.8:36706], old=null
2019-10-21 21:52:57,693 [grpc-default-executor-0] INFO  impl.RaftServerImpl (RaftServerImpl.java:setRole(184)) - 06b05a7f-a473-42c9-9200-88e1a405b515@group-7886DAA09D7B: changes role from  FOLLOWER to FOLLOWER at term 30 for recognizeCandidate:e5ffd24e-bf4a-4ea8-9998-5222e19566cd
2019-10-21 21:52:57,693 [grpc-default-executor-1] INFO  impl.RaftServerImpl (RaftServerImpl.java:setRole(184)) - 0794a7c8-829f-468b-b883-2035423e3fbd@group-7886DAA09D7B: changes role from  FOLLOWER to FOLLOWER at term 30 for recognizeCandidate:e5ffd24e-bf4a-4ea8-9998-5222e19566cd
2019-10-21 21:52:57,693 [grpc-default-executor-0] INFO  impl.RoleInfo (RoleInfo.java:shutdownFollowerState(121)) - 06b05a7f-a473-42c9-9200-88e1a405b515: shutdown FollowerState
2019-10-21 21:52:57,693 [grpc-default-executor-1] INFO  impl.RoleInfo (RoleInfo.java:shutdownFollowerState(121)) - 0794a7c8-829f-468b-b883-2035423e3fbd: shutdown FollowerState
2019-10-21 21:52:57,693 [grpc-default-executor-0] INFO  impl.RoleInfo (RoleInfo.java:updateAndGet(143)) - 06b05a7f-a473-42c9-9200-88e1a405b515: start FollowerState
2019-10-21 21:52:57,693 [grpc-default-executor-1] INFO  impl.RoleInfo (RoleInfo.java:updateAndGet(143)) - 0794a7c8-829f-468b-b883-2035423e3fbd: start FollowerState
2019-10-21 21:52:57,693 [Thread-735] INFO  impl.FollowerState (FollowerState.java:run(117)) - 06b05a7f-a473-42c9-9200-88e1a405b515@group-7886DAA09D7B-FollowerState was interrupted: java.lang.InterruptedException: sleep interrupted
2019-10-21 21:52:57,693 [Thread-734] INFO  impl.FollowerState (FollowerState.java:run(117)) - 0794a7c8-829f-468b-b883-2035423e3fbd@group-7886DAA09D7B-FollowerState was interrupted: java.lang.InterruptedException: sleep interrupted
2019-10-21 21:52:57,707 [e5ffd24e-bf4a-4ea8-9998-5222e19566cd@group-7886DAA09D7B-LeaderElection31] INFO  impl.LeaderElection (LeaderElection.java:logAndReturn(56)) - e5ffd24e-bf4a-4ea8-9998-5222e19566cd@group-7886DAA09D7B-LeaderElection31: Election REJECTED; received 2 response(s) [e5ffd24e-bf4a-4ea8-9998-5222e19566cd<-06b05a7f-a473-42c9-9200-88e1a405b515#0:FAIL-t30, e5ffd24e-bf4a-4ea8-9998-5222e19566cd<-0794a7c8-829f-468b-b883-2035423e3fbd#0:FAIL-t30] and 0 exception(s); e5ffd24e-bf4a-4ea8-9998-5222e19566cd@group-7886DAA09D7B:t30, leader=null, voted=e5ffd24e-bf4a-4ea8-9998-5222e19566cd, raftlog=e5ffd24e-bf4a-4ea8-9998-5222e19566cd@group-7886DAA09D7B-SegmentedRaftLog:OPENED:c3,f4,i4, conf=0: [e5ffd24e-bf4a-4ea8-9998-5222e19566cd:192.168.34.8:41621, 06b05a7f-a473-42c9-9200-88e1a405b515:192.168.34.8:42604, 0794a7c8-829f-468b-b883-2035423e3fbd:192.168.34.8:36706], old=null
2019-10-21 21:52:57,707 [e5ffd24e-bf4a-4ea8-9998-5222e19566cd@group-7886DAA09D7B-LeaderElection31] INFO  impl.RaftServerImpl (RaftServerImpl.java:setRole(184)) - e5ffd24e-bf4a-4ea8-9998-5222e19566cd@group-7886DAA09D7B: changes role from CANDIDATE to FOLLOWER at term 30 for DISCOVERED_A_NEW_TERM
2019-10-21 21:52:57,707 [e5ffd24e-bf4a-4ea8-9998-5222e19566cd@group-7886DAA09D7B-LeaderElection31] INFO  impl.RoleInfo (RoleInfo.java:shutdownLeaderElection(134)) - e5ffd24e-bf4a-4ea8-9998-5222e19566cd: shutdown LeaderElection
2019-10-21 21:52:57,707 [e5ffd24e-bf4a-4ea8-9998-5222e19566cd@group-7886DAA09D7B-LeaderElection31] INFO  impl.RoleInfo (RoleInfo.java:updateAndGet(143)) - e5ffd24e-bf4a-4ea8-9998-5222e19566cd: start FollowerState
2019-10-21 21:52:57,733 [grpc-default-executor-1] INFO  impl.RaftServerProxy (RaftServerProxy.java:addNew(89)) - e5ffd24e-bf4a-4ea8-9998-5222e19566cd: addNew group-8CBABE59B1F7:[e5ffd24e-bf4a-4ea8-9998-5222e19566cd:192.168.34.8:41621] returns group-8CBABE59B1F7:java.util.concurrent.CompletableFuture@7cf2b139[Not completed]
2019-10-21 21:52:57,735 [pool-59-thread-1] INFO  impl.RaftServerImpl (RaftServerImpl.java:<init>(104)) - e5ffd24e-bf4a-4ea8-9998-5222e19566cd: new RaftServerImpl for group-8CBABE59B1F7:[e5ffd24e-bf4a-4ea8-9998-5222e19566cd:192.168.34.8:41621] with ContainerStateMachine:uninitialized
2019-10-21 21:52:57,736 [pool-59-thread-1] INFO  server.RaftServerConfigKeys (ConfUtils.java:logGet(43)) - raft.server.rpc.timeout.min = 5s (custom)
2019-10-21 21:52:57,736 [pool-59-thread-1] INFO  server.RaftServerConfigKeys (ConfUtils.java:logGet(43)) - raft.server.rpc.timeout.max = 5200ms (custom)
2019-10-21 21:52:57,736 [pool-59-thread-1] INFO  server.RaftServerConfigKeys (ConfUtils.java:logGet(43)) - raft.server.rpcslowness.timeout = 1000s (custom)
2019-10-21 21:52:57,736 [pool-59-thread-1] INFO  server.RaftServerConfigKeys (ConfUtils.java:logGet(43)) - raft.server.sleep.deviation.threshold = 300 (default)
2019-10-21 21:52:57,736 [pool-59-thread-1] INFO  server.RaftServerConfigKeys (ConfUtils.java:logGet(43)) - raft.server.log.appender.install.snapshot.enabled = false (custom)
2019-10-21 21:52:57,736 [pool-59-thread-1] INFO  impl.RaftServerImpl (ServerState.java:<init>(103)) - e5ffd24e-bf4a-4ea8-9998-5222e19566cd@group-8CBABE59B1F7: ConfigurationManager, init=-1: [e5ffd24e-bf4a-4ea8-9998-5222e19566cd:192.168.34.8:41621], old=null, confs=<EMPTY_MAP>
2019-10-21 21:52:57,736 [pool-59-thread-1] INFO  server.RaftServerConfigKeys (ConfUtils.java:logGet(43)) - raft.server.storage.dir = [/workdir/hadoop-ozone/integration-test/target/test-dir/MiniOzoneClusterImpl-06dedcb5-84fe-4716-9b2a-3f157192d9ff/datanode-2/data/ratis] (custom)
2019-10-21 21:52:57,737 [pool-59-thread-1] INFO  server.RaftServerConfigKeys (ConfUtils.java:logGet(43)) - raft.server.log.corruption.policy = EXCEPTION (default)
2019-10-21 21:52:57,737 [pool-59-thread-1] INFO  storage.RaftStorageDirectory (RaftStorageDirectory.java:analyzeStorage(246)) - The storage directory /workdir/hadoop-ozone/integration-test/target/test-dir/MiniOzoneClusterImpl-06dedcb5-84fe-4716-9b2a-3f157192d9ff/datanode-2/data/ratis/100bfd2a-b8ee-4172-9c0f-8cbabe59b1f7 does not exist. Creating ...
2019-10-21 21:52:57,751 [pool-59-thread-1] INFO  storage.RaftStorageDirectory (RaftStorageDirectory.java:tryLock(328)) - Lock on /workdir/hadoop-ozone/integration-test/target/test-dir/MiniOzoneClusterImpl-06dedcb5-84fe-4716-9b2a-3f157192d9ff/datanode-2/data/ratis/100bfd2a-b8ee-4172-9c0f-8cbabe59b1f7/in_use.lock acquired by nodename 1598@pr-hdds-2310-sp97z-1197097266
2019-10-21 21:52:57,764 [pool-59-thread-1] INFO  storage.RaftStorage (RaftStorage.java:format(84)) - Storage directory /workdir/hadoop-ozone/integration-test/target/test-dir/MiniOzoneClusterImpl-06dedcb5-84fe-4716-9b2a-3f157192d9ff/datanode-2/data/ratis/100bfd2a-b8ee-4172-9c0f-8cbabe59b1f7 has been successfully formatted.
2019-10-21 21:52:57,765 [pool-59-thread-1] INFO  ratis.ContainerStateMachine (ContainerStateMachine.java:loadSnapshot(231)) - group-8CBABE59B1F7: The snapshot info is null. Setting the last applied indexto:(t:0, i:~)
2019-10-21 21:52:57,765 [pool-59-thread-1] INFO  server.RaftServerConfigKeys (ConfUtils.java:logGet(43)) - raft.server.notification.no-leader.timeout = 1000s (custom)
2019-10-21 21:52:57,765 [pool-59-thread-1] INFO  server.RaftServerConfigKeys (ConfUtils.java:logGet(43)) - raft.server.log.use.memory = false (default)
2019-10-21 21:52:57,765 [pool-59-thread-1] INFO  server.RaftServerConfigKeys (ConfUtils.java:logGet(43)) - raft.server.log.purge.gap = 1000000 (custom)
2019-10-21 21:52:57,765 [pool-59-thread-1] INFO  server.RaftServerConfigKeys (ConfUtils.java:logGet(43)) - raft.server.log.appender.buffer.byte-limit = 33554432 (custom)
2019-10-21 21:52:57,765 [pool-59-thread-1] INFO  server.RaftServerConfigKeys (ConfUtils.java:logGet(43)) - raft.server.log.segment.size.max = 1048576 (custom)
2019-10-21 21:52:57,765 [pool-59-thread-1] INFO  server.RaftServerConfigKeys (ConfUtils.java:logGet(43)) - raft.server.log.segment.cache.num.max = 2 (custom)
2019-10-21 21:52:57,766 [pool-59-thread-1] INFO  segmented.SegmentedRaftLogWorker (SegmentedRaftLogWorker.java:<init>(173)) - new e5ffd24e-bf4a-4ea8-9998-5222e19566cd@group-8CBABE59B1F7-SegmentedRaftLogWorker for RaftStorage:Storage Directory /workdir/hadoop-ozone/integration-test/target/test-dir/MiniOzoneClusterImpl-06dedcb5-84fe-4716-9b2a-3f157192d9ff/datanode-2/data/ratis/100bfd2a-b8ee-4172-9c0f-8cbabe59b1f7
2019-10-21 21:52:57,766 [pool-59-thread-1] INFO  server.RaftServerConfigKeys (ConfUtils.java:logGet(43)) - raft.server.log.queue.byte-limit = 2147483647 (custom)
2019-10-21 21:52:57,766 [pool-59-thread-1] INFO  server.RaftServerConfigKeys (ConfUtils.java:logGet(43)) - raft.server.log.queue.element-limit = 1024 (custom)
2019-10-21 21:52:57,766 [pool-59-thread-1] INFO  server.RaftServerConfigKeys (ConfUtils.java:logGet(43)) - raft.server.log.segment.size.max = 1048576 (custom)
2019-10-21 21:52:57,766 [pool-59-thread-1] INFO  server.RaftServerConfigKeys (ConfUtils.java:logGet(43)) - raft.server.log.preallocated.size = 16384 (custom)
2019-10-21 21:52:57,766 [pool-59-thread-1] INFO  server.RaftServerConfigKeys (ConfUtils.java:logGet(43)) - raft.server.log.write.buffer.size = 33554432 (custom)
2019-10-21 21:52:57,766 [pool-59-thread-1] INFO  server.RaftServerConfigKeys (ConfUtils.java:logGet(43)) - raft.server.log.force.sync.num = 128 (default)
2019-10-21 21:52:57,766 [pool-59-thread-1] INFO  server.RaftServerConfigKeys (ConfUtils.java:logGet(43)) - raft.server.log.statemachine.data.sync = true (default)
2019-10-21 21:52:57,767 [pool-59-thread-1] INFO  server.RaftServerConfigKeys (ConfUtils.java:logGet(43)) - raft.server.log.statemachine.data.sync.timeout = 10s (default)
2019-10-21 21:52:57,767 [pool-59-thread-1] INFO  server.RaftServerConfigKeys (ConfUtils.java:logGet(43)) - raft.server.log.statemachine.data.sync.timeout.retry = -1 (default)
2019-10-21 21:52:57,767 [pool-59-thread-1] INFO  server.RaftServerConfigKeys (ConfUtils.java:logGet(43)) - raft.server.log.statemachine.data.caching.enabled = true (custom)
2019-10-21 21:52:57,767 [pool-59-thread-1] INFO  segmented.SegmentedRaftLogWorker (SegmentedRaftLogWorker.java:lambda$new$0(128)) - e5ffd24e-bf4a-4ea8-9998-5222e19566cd@group-8CBABE59B1F7-SegmentedRaftLogWorker: flushIndex: setUnconditionally 0 -> -1
2019-10-21 21:52:57,768 [pool-59-thread-1] INFO  server.RaftServerConfigKeys (ConfUtils.java:logGet(43)) - raft.server.snapshot.auto.trigger.enabled = true (custom)
2019-10-21 21:52:57,768 [pool-59-thread-1] INFO  server.RaftServerConfigKeys (ConfUtils.java:logGet(43)) - raft.server.snapshot.auto.trigger.threshold = 10000 (custom)
2019-10-21 21:52:57,768 [pool-59-thread-1] INFO  server.RaftServerConfigKeys (ConfUtils.java:logGet(43)) - raft.server.snapshot.retention.file.num = 5 (custom)
2019-10-21 21:52:57,768 [pool-59-thread-1] INFO  server.RaftServerConfigKeys (ConfUtils.java:logGet(43)) - raft.server.retrycache.expirytime = 600000ms (custom)
2019-10-21 21:52:57,771 [pool-59-thread-1] INFO  impl.RaftServerImpl (RaftServerImpl.java:start(195)) - e5ffd24e-bf4a-4ea8-9998-5222e19566cd@group-8CBABE59B1F7: start as a follower, conf=-1: [e5ffd24e-bf4a-4ea8-9998-5222e19566cd:192.168.34.8:41621], old=null
2019-10-21 21:52:57,771 [pool-59-thread-1] INFO  impl.RaftServerImpl (RaftServerImpl.java:setRole(184)) - e5ffd24e-bf4a-4ea8-9998-5222e19566cd@group-8CBABE59B1F7: changes role from      null to FOLLOWER at term 0 for startAsFollower
2019-10-21 21:52:57,771 [pool-59-thread-1] INFO  impl.RoleInfo (RoleInfo.java:updateAndGet(143)) - e5ffd24e-bf4a-4ea8-9998-5222e19566cd: start FollowerState
2019-10-21 21:52:57,771 [pool-59-thread-1] INFO  util.JmxRegister (JmxRegister.java:tryRegister(44)) - Successfully registered JMX Bean with object name Ratis:service=RaftServer,group=group-8CBABE59B1F7,id=e5ffd24e-bf4a-4ea8-9998-5222e19566cd
2019-10-21 21:52:57,778 [RatisPipelineUtilsThread] INFO  pipeline.PipelineStateManager (PipelineStateManager.java:addPipeline(56)) - Created pipeline Pipeline[ Id: 100bfd2a-b8ee-4172-9c0f-8cbabe59b1f7, Nodes: e5ffd24e-bf4a-4ea8-9998-5222e19566cd{ip: 192.168.34.8, host: pr-hdds-2310-sp97z-1197097266, networkLocation: /default-rack, certSerialId: null}, Type:RATIS, Factor:ONE, State:OPEN]
2019-10-21 21:52:57,792 [grpc-default-executor-1] INFO  impl.RaftServerProxy (RaftServerProxy.java:addNew(89)) - 06b05a7f-a473-42c9-9200-88e1a405b515: addNew group-4337A83AA8DB:[e5ffd24e-bf4a-4ea8-9998-5222e19566cd:192.168.34.8:41621, 06b05a7f-a473-42c9-9200-88e1a405b515:192.168.34.8:42604, 0794a7c8-829f-468b-b883-2035423e3fbd:192.168.34.8:36706] returns group-4337A83AA8DB:java.util.concurrent.CompletableFuture@172d32de[Not completed]
2019-10-21 21:52:57,792 [grpc-default-executor-2] INFO  impl.RaftServerProxy (RaftServerProxy.java:addNew(89)) - 0794a7c8-829f-468b-b883-2035423e3fbd: addNew group-4337A83AA8DB:[e5ffd24e-bf4a-4ea8-9998-5222e19566cd:192.168.34.8:41621, 06b05a7f-a473-42c9-9200-88e1a405b515:192.168.34.8:42604, 0794a7c8-829f-468b-b883-2035423e3fbd:192.168.34.8:36706] returns group-4337A83AA8DB:java.util.concurrent.CompletableFuture@193b4f47[Not completed]
2019-10-21 21:52:57,792 [grpc-default-executor-0] INFO  impl.RaftServerProxy (RaftServerProxy.java:addNew(89)) - e5ffd24e-bf4a-4ea8-9998-5222e19566cd: addNew group-4337A83AA8DB:[e5ffd24e-bf4a-4ea8-9998-5222e19566cd:192.168.34.8:41621, 06b05a7f-a473-42c9-9200-88e1a405b515:192.168.34.8:42604, 0794a7c8-829f-468b-b883-2035423e3fbd:192.168.34.8:36706] returns group-4337A83AA8DB:java.util.concurrent.CompletableFuture@42b1968e[Not completed]
2019-10-21 21:52:57,794 [pool-27-thread-1] INFO  impl.RaftServerImpl (RaftServerImpl.java:<init>(104)) - 0794a7c8-829f-468b-b883-2035423e3fbd: new RaftServerImpl for group-4337A83AA8DB:[e5ffd24e-bf4a-4ea8-9998-5222e19566cd:192.168.34.8:41621, 06b05a7f-a473-42c9-9200-88e1a405b515:192.168.34.8:42604, 0794a7c8-829f-468b-b883-2035423e3fbd:192.168.34.8:36706] with ContainerStateMachine:uninitialized
2019-10-21 21:52:57,794 [pool-27-thread-1] INFO  server.RaftServerConfigKeys (ConfUtils.java:logGet(43)) - raft.server.rpc.timeout.min = 5s (custom)
2019-10-21 21:52:57,794 [pool-27-thread-1] INFO  server.RaftServerConfigKeys (ConfUtils.java:logGet(43)) - raft.server.rpc.timeout.max = 5200ms (custom)
2019-10-21 21:52:57,794 [pool-27-thread-1] INFO  server.RaftServerConfigKeys (ConfUtils.java:logGet(43)) - raft.server.rpcslowness.timeout = 1000s (custom)
2019-10-21 21:52:57,794 [pool-27-thread-1] INFO  server.RaftServerConfigKeys (ConfUtils.java:logGet(43)) - raft.server.sleep.deviation.threshold = 300 (default)
2019-10-21 21:52:57,794 [pool-27-thread-1] INFO  server.RaftServerConfigKeys (ConfUtils.java:logGet(43)) - raft.server.log.appender.install.snapshot.enabled = false (custom)
2019-10-21 21:52:57,794 [pool-27-thread-1] INFO  impl.RaftServerImpl (ServerState.java:<init>(103)) - 0794a7c8-829f-468b-b883-2035423e3fbd@group-4337A83AA8DB: ConfigurationManager, init=-1: [e5ffd24e-bf4a-4ea8-9998-5222e19566cd:192.168.34.8:41621, 06b05a7f-a473-42c9-9200-88e1a405b515:192.168.34.8:42604, 0794a7c8-829f-468b-b883-2035423e3fbd:192.168.34.8:36706], old=null, confs=<EMPTY_MAP>
2019-10-21 21:52:57,795 [pool-27-thread-1] INFO  server.RaftServerConfigKeys (ConfUtils.java:logGet(43)) - raft.server.storage.dir = [/workdir/hadoop-ozone/integration-test/target/test-dir/MiniOzoneClusterImpl-06dedcb5-84fe-4716-9b2a-3f157192d9ff/datanode-0/data/ratis] (custom)
2019-10-21 21:52:57,795 [pool-37-thread-1] INFO  impl.RaftServerImpl (RaftServerImpl.java:<init>(104)) - 06b05a7f-a473-42c9-9200-88e1a405b515: new RaftServerImpl for group-4337A83AA8DB:[e5ffd24e-bf4a-4ea8-9998-5222e19566cd:192.168.34.8:41621, 06b05a7f-a473-42c9-9200-88e1a405b515:192.168.34.8:42604, 0794a7c8-829f-468b-b883-2035423e3fbd:192.168.34.8:36706] with ContainerStateMachine:uninitialized
2019-10-21 21:52:57,795 [pool-27-thread-1] INFO  server.RaftServerConfigKeys (ConfUtils.java:logGet(43)) - raft.server.log.corruption.policy = EXCEPTION (default)
2019-10-21 21:52:57,795 [pool-37-thread-1] INFO  server.RaftServerConfigKeys (ConfUtils.java:logGet(43)) - raft.server.rpc.timeout.min = 5s (custom)
2019-10-21 21:52:57,795 [pool-27-thread-1] INFO  storage.RaftStorageDirectory (RaftStorageDirectory.java:analyzeStorage(246)) - The storage directory /workdir/hadoop-ozone/integration-test/target/test-dir/MiniOzoneClusterImpl-06dedcb5-84fe-4716-9b2a-3f157192d9ff/datanode-0/data/ratis/8e970d02-d230-45b5-ab3b-4337a83aa8db does not exist. Creating ...
2019-10-21 21:52:57,795 [pool-37-thread-1] INFO  server.RaftServerConfigKeys (ConfUtils.java:logGet(43)) - raft.server.rpc.timeout.max = 5200ms (custom)
2019-10-21 21:52:57,795 [pool-37-thread-1] INFO  server.RaftServerConfigKeys (ConfUtils.java:logGet(43)) - raft.server.rpcslowness.timeout = 1000s (custom)
2019-10-21 21:52:57,795 [pool-37-thread-1] INFO  server.RaftServerConfigKeys (ConfUtils.java:logGet(43)) - raft.server.sleep.deviation.threshold = 300 (default)
2019-10-21 21:52:57,795 [pool-37-thread-1] INFO  server.RaftServerConfigKeys (ConfUtils.java:logGet(43)) - raft.server.log.appender.install.snapshot.enabled = false (custom)
2019-10-21 21:52:57,795 [pool-37-thread-1] INFO  impl.RaftServerImpl (ServerState.java:<init>(103)) - 06b05a7f-a473-42c9-9200-88e1a405b515@group-4337A83AA8DB: ConfigurationManager, init=-1: [e5ffd24e-bf4a-4ea8-9998-5222e19566cd:192.168.34.8:41621, 06b05a7f-a473-42c9-9200-88e1a405b515:192.168.34.8:42604, 0794a7c8-829f-468b-b883-2035423e3fbd:192.168.34.8:36706], old=null, confs=<EMPTY_MAP>
2019-10-21 21:52:57,796 [pool-59-thread-1] INFO  impl.RaftServerImpl (RaftServerImpl.java:<init>(104)) - e5ffd24e-bf4a-4ea8-9998-5222e19566cd: new RaftServerImpl for group-4337A83AA8DB:[e5ffd24e-bf4a-4ea8-9998-5222e19566cd:192.168.34.8:41621, 06b05a7f-a473-42c9-9200-88e1a405b515:192.168.34.8:42604, 0794a7c8-829f-468b-b883-2035423e3fbd:192.168.34.8:36706] with ContainerStateMachine:uninitialized
2019-10-21 21:52:57,796 [pool-37-thread-1] INFO  server.RaftServerConfigKeys (ConfUtils.java:logGet(43)) - raft.server.storage.dir = [/workdir/hadoop-ozone/integration-test/target/test-dir/MiniOzoneClusterImpl-06dedcb5-84fe-4716-9b2a-3f157192d9ff/datanode-1/data/ratis] (custom)
2019-10-21 21:52:57,796 [pool-59-thread-1] INFO  server.RaftServerConfigKeys (ConfUtils.java:logGet(43)) - raft.server.rpc.timeout.min = 5s (custom)
2019-10-21 21:52:57,796 [pool-37-thread-1] INFO  server.RaftServerConfigKeys (ConfUtils.java:logGet(43)) - raft.server.log.corruption.policy = EXCEPTION (default)
2019-10-21 21:52:57,796 [pool-59-thread-1] INFO  server.RaftServerConfigKeys (ConfUtils.java:logGet(43)) - raft.server.rpc.timeout.max = 5200ms (custom)
2019-10-21 21:52:57,796 [pool-37-thread-1] INFO  storage.RaftStorageDirectory (RaftStorageDirectory.java:analyzeStorage(246)) - The storage directory /workdir/hadoop-ozone/integration-test/target/test-dir/MiniOzoneClusterImpl-06dedcb5-84fe-4716-9b2a-3f157192d9ff/datanode-1/data/ratis/8e970d02-d230-45b5-ab3b-4337a83aa8db does not exist. Creating ...
2019-10-21 21:52:57,796 [pool-59-thread-1] INFO  server.RaftServerConfigKeys (ConfUtils.java:logGet(43)) - raft.server.rpcslowness.timeout = 1000s (custom)
2019-10-21 21:52:57,796 [pool-59-thread-1] INFO  server.RaftServerConfigKeys (ConfUtils.java:logGet(43)) - raft.server.sleep.deviation.threshold = 300 (default)
2019-10-21 21:52:57,796 [pool-59-thread-1] INFO  server.RaftServerConfigKeys (ConfUtils.java:logGet(43)) - raft.server.log.appender.install.snapshot.enabled = false (custom)
2019-10-21 21:52:57,797 [pool-59-thread-1] INFO  impl.RaftServerImpl (ServerState.java:<init>(103)) - e5ffd24e-bf4a-4ea8-9998-5222e19566cd@group-4337A83AA8DB: ConfigurationManager, init=-1: [e5ffd24e-bf4a-4ea8-9998-5222e19566cd:192.168.34.8:41621, 06b05a7f-a473-42c9-9200-88e1a405b515:192.168.34.8:42604, 0794a7c8-829f-468b-b883-2035423e3fbd:192.168.34.8:36706], old=null, confs=<EMPTY_MAP>
2019-10-21 21:52:57,797 [pool-59-thread-1] INFO  server.RaftServerConfigKeys (ConfUtils.java:logGet(43)) - raft.server.storage.dir = [/workdir/hadoop-ozone/integration-test/target/test-dir/MiniOzoneClusterImpl-06dedcb5-84fe-4716-9b2a-3f157192d9ff/datanode-2/data/ratis] (custom)
2019-10-21 21:52:57,797 [pool-59-thread-1] INFO  server.RaftServerConfigKeys (ConfUtils.java:logGet(43)) - raft.server.log.corruption.policy = EXCEPTION (default)
2019-10-21 21:52:57,797 [pool-59-thread-1] INFO  storage.RaftStorageDirectory (RaftStorageDirectory.java:analyzeStorage(246)) - The storage directory /workdir/hadoop-ozone/integration-test/target/test-dir/MiniOzoneClusterImpl-06dedcb5-84fe-4716-9b2a-3f157192d9ff/datanode-2/data/ratis/8e970d02-d230-45b5-ab3b-4337a83aa8db does not exist. Creating ...
2019-10-21 21:52:57,809 [pool-59-thread-1] INFO  storage.RaftStorageDirectory (RaftStorageDirectory.java:tryLock(328)) - Lock on /workdir/hadoop-ozone/integration-test/target/test-dir/MiniOzoneClusterImpl-06dedcb5-84fe-4716-9b2a-3f157192d9ff/datanode-2/data/ratis/8e970d02-d230-45b5-ab3b-4337a83aa8db/in_use.lock acquired by nodename 1598@pr-hdds-2310-sp97z-1197097266
2019-10-21 21:52:57,809 [pool-27-thread-1] INFO  storage.RaftStorageDirectory (RaftStorageDirectory.java:tryLock(328)) - Lock on /workdir/hadoop-ozone/integration-test/target/test-dir/MiniOzoneClusterImpl-06dedcb5-84fe-4716-9b2a-3f157192d9ff/datanode-0/data/ratis/8e970d02-d230-45b5-ab3b-4337a83aa8db/in_use.lock acquired by nodename 1598@pr-hdds-2310-sp97z-1197097266
2019-10-21 21:52:57,809 [pool-37-thread-1] INFO  storage.RaftStorageDirectory (RaftStorageDirectory.java:tryLock(328)) - Lock on /workdir/hadoop-ozone/integration-test/target/test-dir/MiniOzoneClusterImpl-06dedcb5-84fe-4716-9b2a-3f157192d9ff/datanode-1/data/ratis/8e970d02-d230-45b5-ab3b-4337a83aa8db/in_use.lock acquired by nodename 1598@pr-hdds-2310-sp97z-1197097266
2019-10-21 21:52:57,823 [pool-27-thread-1] INFO  storage.RaftStorage (RaftStorage.java:format(84)) - Storage directory /workdir/hadoop-ozone/integration-test/target/test-dir/MiniOzoneClusterImpl-06dedcb5-84fe-4716-9b2a-3f157192d9ff/datanode-0/data/ratis/8e970d02-d230-45b5-ab3b-4337a83aa8db has been successfully formatted.
2019-10-21 21:52:57,823 [pool-37-thread-1] INFO  storage.RaftStorage (RaftStorage.java:format(84)) - Storage directory /workdir/hadoop-ozone/integration-test/target/test-dir/MiniOzoneClusterImpl-06dedcb5-84fe-4716-9b2a-3f157192d9ff/datanode-1/data/ratis/8e970d02-d230-45b5-ab3b-4337a83aa8db has been successfully formatted.
2019-10-21 21:52:57,823 [pool-27-thread-1] INFO  ratis.ContainerStateMachine (ContainerStateMachine.java:loadSnapshot(231)) - group-4337A83AA8DB: The snapshot info is null. Setting the last applied indexto:(t:0, i:~)
2019-10-21 21:52:57,823 [pool-59-thread-1] INFO  storage.RaftStorage (RaftStorage.java:format(84)) - Storage directory /workdir/hadoop-ozone/integration-test/target/test-dir/MiniOzoneClusterImpl-06dedcb5-84fe-4716-9b2a-3f157192d9ff/datanode-2/data/ratis/8e970d02-d230-45b5-ab3b-4337a83aa8db has been successfully formatted.
2019-10-21 21:52:57,823 [pool-27-thread-1] INFO  server.RaftServerConfigKeys (ConfUtils.java:logGet(43)) - raft.server.notification.no-leader.timeout = 1000s (custom)
2019-10-21 21:52:57,823 [pool-59-thread-1] INFO  ratis.ContainerStateMachine (ContainerStateMachine.java:loadSnapshot(231)) - group-4337A83AA8DB: The snapshot info is null. Setting the last applied indexto:(t:0, i:~)
2019-10-21 21:52:57,823 [pool-37-thread-1] INFO  ratis.ContainerStateMachine (ContainerStateMachine.java:loadSnapshot(231)) - group-4337A83AA8DB: The snapshot info is null. Setting the last applied indexto:(t:0, i:~)
2019-10-21 21:52:57,823 [pool-59-thread-1] INFO  server.RaftServerConfigKeys (ConfUtils.java:logGet(43)) - raft.server.notification.no-leader.timeout = 1000s (custom)
2019-10-21 21:52:57,823 [pool-27-thread-1] INFO  server.RaftServerConfigKeys (ConfUtils.java:logGet(43)) - raft.server.log.use.memory = false (default)
2019-10-21 21:52:57,823 [pool-59-thread-1] INFO  server.RaftServerConfigKeys (ConfUtils.java:logGet(43)) - raft.server.log.use.memory = false (default)
2019-10-21 21:52:57,823 [pool-37-thread-1] INFO  server.RaftServerConfigKeys (ConfUtils.java:logGet(43)) - raft.server.notification.no-leader.timeout = 1000s (custom)
2019-10-21 21:52:57,824 [pool-59-thread-1] INFO  server.RaftServerConfigKeys (ConfUtils.java:logGet(43)) - raft.server.log.purge.gap = 1000000 (custom)
2019-10-21 21:52:57,824 [pool-27-thread-1] INFO  server.RaftServerConfigKeys (ConfUtils.java:logGet(43)) - raft.server.log.purge.gap = 1000000 (custom)
2019-10-21 21:52:57,824 [pool-59-thread-1] INFO  server.RaftServerConfigKeys (ConfUtils.java:logGet(43)) - raft.server.log.appender.buffer.byte-limit = 33554432 (custom)
2019-10-21 21:52:57,824 [pool-37-thread-1] INFO  server.RaftServerConfigKeys (ConfUtils.java:logGet(43)) - raft.server.log.use.memory = false (default)
2019-10-21 21:52:57,824 [pool-59-thread-1] INFO  server.RaftServerConfigKeys (ConfUtils.java:logGet(43)) - raft.server.log.segment.size.max = 1048576 (custom)
2019-10-21 21:52:57,824 [pool-27-thread-1] INFO  server.RaftServerConfigKeys (ConfUtils.java:logGet(43)) - raft.server.log.appender.buffer.byte-limit = 33554432 (custom)
2019-10-21 21:52:57,824 [pool-59-thread-1] INFO  server.RaftServerConfigKeys (ConfUtils.java:logGet(43)) - raft.server.log.segment.cache.num.max = 2 (custom)
2019-10-21 21:52:57,824 [pool-37-thread-1] INFO  server.RaftServerConfigKeys (ConfUtils.java:logGet(43)) - raft.server.log.purge.gap = 1000000 (custom)
2019-10-21 21:52:57,824 [pool-59-thread-1] INFO  segmented.SegmentedRaftLogWorker (SegmentedRaftLogWorker.java:<init>(173)) - new e5ffd24e-bf4a-4ea8-9998-5222e19566cd@group-4337A83AA8DB-SegmentedRaftLogWorker for RaftStorage:Storage Directory /workdir/hadoop-ozone/integration-test/target/test-dir/MiniOzoneClusterImpl-06dedcb5-84fe-4716-9b2a-3f157192d9ff/datanode-2/data/ratis/8e970d02-d230-45b5-ab3b-4337a83aa8db
2019-10-21 21:52:57,824 [pool-27-thread-1] INFO  server.RaftServerConfigKeys (ConfUtils.java:logGet(43)) - raft.server.log.segment.size.max = 1048576 (custom)
2019-10-21 21:52:57,825 [pool-59-thread-1] INFO  server.RaftServerConfigKeys (ConfUtils.java:logGet(43)) - raft.server.log.queue.byte-limit = 2147483647 (custom)
2019-10-21 21:52:57,824 [pool-37-thread-1] INFO  server.RaftServerConfigKeys (ConfUtils.java:logGet(43)) - raft.server.log.appender.buffer.byte-limit = 33554432 (custom)
2019-10-21 21:52:57,825 [pool-59-thread-1] INFO  server.RaftServerConfigKeys (ConfUtils.java:logGet(43)) - raft.server.log.queue.element-limit = 1024 (custom)
2019-10-21 21:52:57,825 [pool-27-thread-1] INFO  server.RaftServerConfigKeys (ConfUtils.java:logGet(43)) - raft.server.log.segment.cache.num.max = 2 (custom)
2019-10-21 21:52:57,825 [pool-59-thread-1] INFO  server.RaftServerConfigKeys (ConfUtils.java:logGet(43)) - raft.server.log.segment.size.max = 1048576 (custom)
2019-10-21 21:52:57,825 [pool-37-thread-1] INFO  server.RaftServerConfigKeys (ConfUtils.java:logGet(43)) - raft.server.log.segment.size.max = 1048576 (custom)
2019-10-21 21:52:57,825 [pool-59-thread-1] INFO  server.RaftServerConfigKeys (ConfUtils.java:logGet(43)) - raft.server.log.preallocated.size = 16384 (custom)
2019-10-21 21:52:57,825 [pool-27-thread-1] INFO  segmented.SegmentedRaftLogWorker (SegmentedRaftLogWorker.java:<init>(173)) - new 0794a7c8-829f-468b-b883-2035423e3fbd@group-4337A83AA8DB-SegmentedRaftLogWorker for RaftStorage:Storage Directory /workdir/hadoop-ozone/integration-test/target/test-dir/MiniOzoneClusterImpl-06dedcb5-84fe-4716-9b2a-3f157192d9ff/datanode-0/data/ratis/8e970d02-d230-45b5-ab3b-4337a83aa8db
2019-10-21 21:52:57,825 [pool-59-thread-1] INFO  server.RaftServerConfigKeys (ConfUtils.java:logGet(43)) - raft.server.log.write.buffer.size = 33554432 (custom)
2019-10-21 21:52:57,825 [pool-37-thread-1] INFO  server.RaftServerConfigKeys (ConfUtils.java:logGet(43)) - raft.server.log.segment.cache.num.max = 2 (custom)
2019-10-21 21:52:57,826 [pool-59-thread-1] INFO  server.RaftServerConfigKeys (ConfUtils.java:logGet(43)) - raft.server.log.force.sync.num = 128 (default)
2019-10-21 21:52:57,825 [pool-27-thread-1] INFO  server.RaftServerConfigKeys (ConfUtils.java:logGet(43)) - raft.server.log.queue.byte-limit = 2147483647 (custom)
2019-10-21 21:52:57,826 [pool-59-thread-1] INFO  server.RaftServerConfigKeys (ConfUtils.java:logGet(43)) - raft.server.log.statemachine.data.sync = true (default)
2019-10-21 21:52:57,826 [pool-37-thread-1] INFO  segmented.SegmentedRaftLogWorker (SegmentedRaftLogWorker.java:<init>(173)) - new 06b05a7f-a473-42c9-9200-88e1a405b515@group-4337A83AA8DB-SegmentedRaftLogWorker for RaftStorage:Storage Directory /workdir/hadoop-ozone/integration-test/target/test-dir/MiniOzoneClusterImpl-06dedcb5-84fe-4716-9b2a-3f157192d9ff/datanode-1/data/ratis/8e970d02-d230-45b5-ab3b-4337a83aa8db
2019-10-21 21:52:57,826 [pool-59-thread-1] INFO  server.RaftServerConfigKeys (ConfUtils.java:logGet(43)) - raft.server.log.statemachine.data.sync.timeout = 10s (default)
2019-10-21 21:52:57,826 [pool-27-thread-1] INFO  server.RaftServerConfigKeys (ConfUtils.java:logGet(43)) - raft.server.log.queue.element-limit = 1024 (custom)
2019-10-21 21:52:57,826 [pool-59-thread-1] INFO  server.RaftServerConfigKeys (ConfUtils.java:logGet(43)) - raft.server.log.statemachine.data.sync.timeout.retry = -1 (default)
2019-10-21 21:52:57,826 [pool-37-thread-1] INFO  server.RaftServerConfigKeys (ConfUtils.java:logGet(43)) - raft.server.log.queue.byte-limit = 2147483647 (custom)
2019-10-21 21:52:57,826 [pool-59-thread-1] INFO  server.RaftServerConfigKeys (ConfUtils.java:logGet(43)) - raft.server.log.statemachine.data.caching.enabled = true (custom)
2019-10-21 21:52:57,826 [pool-27-thread-1] INFO  server.RaftServerConfigKeys (ConfUtils.java:logGet(43)) - raft.server.log.segment.size.max = 1048576 (custom)
2019-10-21 21:52:57,827 [pool-27-thread-1] INFO  server.RaftServerConfigKeys (ConfUtils.java:logGet(43)) - raft.server.log.preallocated.size = 16384 (custom)
2019-10-21 21:52:57,826 [pool-37-thread-1] INFO  server.RaftServerConfigKeys (ConfUtils.java:logGet(43)) - raft.server.log.queue.element-limit = 1024 (custom)
2019-10-21 21:52:57,827 [pool-27-thread-1] INFO  server.RaftServerConfigKeys (ConfUtils.java:logGet(43)) - raft.server.log.write.buffer.size = 33554432 (custom)
2019-10-21 21:52:57,827 [pool-59-thread-1] INFO  segmented.SegmentedRaftLogWorker (SegmentedRaftLogWorker.java:lambda$new$0(128)) - e5ffd24e-bf4a-4ea8-9998-5222e19566cd@group-4337A83AA8DB-SegmentedRaftLogWorker: flushIndex: setUnconditionally 0 -> -1
2019-10-21 21:52:57,827 [pool-27-thread-1] INFO  server.RaftServerConfigKeys (ConfUtils.java:logGet(43)) - raft.server.log.force.sync.num = 128 (default)
2019-10-21 21:52:57,827 [pool-37-thread-1] INFO  server.RaftServerConfigKeys (ConfUtils.java:logGet(43)) - raft.server.log.segment.size.max = 1048576 (custom)
2019-10-21 21:52:57,827 [pool-59-thread-1] INFO  server.RaftServerConfigKeys (ConfUtils.java:logGet(43)) - raft.server.snapshot.auto.trigger.enabled = true (custom)
2019-10-21 21:52:57,827 [pool-27-thread-1] INFO  server.RaftServerConfigKeys (ConfUtils.java:logGet(43)) - raft.server.log.statemachine.data.sync = true (default)
2019-10-21 21:52:57,827 [pool-59-thread-1] INFO  server.RaftServerConfigKeys (ConfUtils.java:logGet(43)) - raft.server.snapshot.auto.trigger.threshold = 10000 (custom)
2019-10-21 21:52:57,827 [pool-37-thread-1] INFO  server.RaftServerConfigKeys (ConfUtils.java:logGet(43)) - raft.server.log.preallocated.size = 16384 (custom)
2019-10-21 21:52:57,827 [pool-59-thread-1] INFO  server.RaftServerConfigKeys (ConfUtils.java:logGet(43)) - raft.server.snapshot.retention.file.num = 5 (custom)
2019-10-21 21:52:57,827 [pool-27-thread-1] INFO  server.RaftServerConfigKeys (ConfUtils.java:logGet(43)) - raft.server.log.statemachine.data.sync.timeout = 10s (default)
2019-10-21 21:52:57,828 [pool-59-thread-1] INFO  server.RaftServerConfigKeys (ConfUtils.java:logGet(43)) - raft.server.retrycache.expirytime = 600000ms (custom)
2019-10-21 21:52:57,828 [pool-37-thread-1] INFO  server.RaftServerConfigKeys (ConfUtils.java:logGet(43)) - raft.server.log.write.buffer.size = 33554432 (custom)
2019-10-21 21:52:57,828 [pool-27-thread-1] INFO  server.RaftServerConfigKeys (ConfUtils.java:logGet(43)) - raft.server.log.statemachine.data.sync.timeout.retry = -1 (default)
2019-10-21 21:52:57,828 [pool-37-thread-1] INFO  server.RaftServerConfigKeys (ConfUtils.java:logGet(43)) - raft.server.log.force.sync.num = 128 (default)
2019-10-21 21:52:57,828 [pool-27-thread-1] INFO  server.RaftServerConfigKeys (ConfUtils.java:logGet(43)) - raft.server.log.statemachine.data.caching.enabled = true (custom)
2019-10-21 21:52:57,828 [pool-37-thread-1] INFO  server.RaftServerConfigKeys (ConfUtils.java:logGet(43)) - raft.server.log.statemachine.data.sync = true (default)
2019-10-21 21:52:57,828 [pool-37-thread-1] INFO  server.RaftServerConfigKeys (ConfUtils.java:logGet(43)) - raft.server.log.statemachine.data.sync.timeout = 10s (default)
2019-10-21 21:52:57,828 [pool-27-thread-1] INFO  segmented.SegmentedRaftLogWorker (SegmentedRaftLogWorker.java:lambda$new$0(128)) - 0794a7c8-829f-468b-b883-2035423e3fbd@group-4337A83AA8DB-SegmentedRaftLogWorker: flushIndex: setUnconditionally 0 -> -1
2019-10-21 21:52:57,829 [pool-37-thread-1] INFO  server.RaftServerConfigKeys (ConfUtils.java:logGet(43)) - raft.server.log.statemachine.data.sync.timeout.retry = -1 (default)
2019-10-21 21:52:57,829 [pool-27-thread-1] INFO  server.RaftServerConfigKeys (ConfUtils.java:logGet(43)) - raft.server.snapshot.auto.trigger.enabled = true (custom)
2019-10-21 21:52:57,829 [pool-37-thread-1] INFO  server.RaftServerConfigKeys (ConfUtils.java:logGet(43)) - raft.server.log.statemachine.data.caching.enabled = true (custom)
2019-10-21 21:52:57,829 [pool-27-thread-1] INFO  server.RaftServerConfigKeys (ConfUtils.java:logGet(43)) - raft.server.snapshot.auto.trigger.threshold = 10000 (custom)
2019-10-21 21:52:57,829 [pool-27-thread-1] INFO  server.RaftServerConfigKeys (ConfUtils.java:logGet(43)) - raft.server.snapshot.retention.file.num = 5 (custom)
2019-10-21 21:52:57,829 [pool-37-thread-1] INFO  segmented.SegmentedRaftLogWorker (SegmentedRaftLogWorker.java:lambda$new$0(128)) - 06b05a7f-a473-42c9-9200-88e1a405b515@group-4337A83AA8DB-SegmentedRaftLogWorker: flushIndex: setUnconditionally 0 -> -1
2019-10-21 21:52:57,829 [pool-27-thread-1] INFO  server.RaftServerConfigKeys (ConfUtils.java:logGet(43)) - raft.server.retrycache.expirytime = 600000ms (custom)
2019-10-21 21:52:57,830 [pool-37-thread-1] INFO  server.RaftServerConfigKeys (ConfUtils.java:logGet(43)) - raft.server.snapshot.auto.trigger.enabled = true (custom)
2019-10-21 21:52:57,830 [pool-59-thread-1] INFO  impl.RaftServerImpl (RaftServerImpl.java:start(195)) - e5ffd24e-bf4a-4ea8-9998-5222e19566cd@group-4337A83AA8DB: start as a follower, conf=-1: [e5ffd24e-bf4a-4ea8-9998-5222e19566cd:192.168.34.8:41621, 06b05a7f-a473-42c9-9200-88e1a405b515:192.168.34.8:42604, 0794a7c8-829f-468b-b883-2035423e3fbd:192.168.34.8:36706], old=null
2019-10-21 21:52:57,830 [pool-37-thread-1] INFO  server.RaftServerConfigKeys (ConfUtils.java:logGet(43)) - raft.server.snapshot.auto.trigger.threshold = 10000 (custom)
2019-10-21 21:52:57,830 [pool-59-thread-1] INFO  impl.RaftServerImpl (RaftServerImpl.java:setRole(184)) - e5ffd24e-bf4a-4ea8-9998-5222e19566cd@group-4337A83AA8DB: changes role from      null to FOLLOWER at term 0 for startAsFollower
2019-10-21 21:52:57,830 [pool-37-thread-1] INFO  server.RaftServerConfigKeys (ConfUtils.java:logGet(43)) - raft.server.snapshot.retention.file.num = 5 (custom)
2019-10-21 21:52:57,830 [pool-59-thread-1] INFO  impl.RoleInfo (RoleInfo.java:updateAndGet(143)) - e5ffd24e-bf4a-4ea8-9998-5222e19566cd: start FollowerState
2019-10-21 21:52:57,830 [pool-37-thread-1] INFO  server.RaftServerConfigKeys (ConfUtils.java:logGet(43)) - raft.server.retrycache.expirytime = 600000ms (custom)
2019-10-21 21:52:57,830 [pool-59-thread-1] INFO  util.JmxRegister (JmxRegister.java:tryRegister(44)) - Successfully registered JMX Bean with object name Ratis:service=RaftServer,group=group-4337A83AA8DB,id=e5ffd24e-bf4a-4ea8-9998-5222e19566cd
2019-10-21 21:52:57,832 [pool-27-thread-1] INFO  impl.RaftServerImpl (RaftServerImpl.java:start(195)) - 0794a7c8-829f-468b-b883-2035423e3fbd@group-4337A83AA8DB: start as a follower, conf=-1: [e5ffd24e-bf4a-4ea8-9998-5222e19566cd:192.168.34.8:41621, 06b05a7f-a473-42c9-9200-88e1a405b515:192.168.34.8:42604, 0794a7c8-829f-468b-b883-2035423e3fbd:192.168.34.8:36706], old=null
2019-10-21 21:52:57,833 [pool-27-thread-1] INFO  impl.RaftServerImpl (RaftServerImpl.java:setRole(184)) - 0794a7c8-829f-468b-b883-2035423e3fbd@group-4337A83AA8DB: changes role from      null to FOLLOWER at term 0 for startAsFollower
2019-10-21 21:52:57,833 [pool-27-thread-1] INFO  impl.RoleInfo (RoleInfo.java:updateAndGet(143)) - 0794a7c8-829f-468b-b883-2035423e3fbd: start FollowerState
2019-10-21 21:52:57,833 [pool-27-thread-1] INFO  util.JmxRegister (JmxRegister.java:tryRegister(44)) - Successfully registered JMX Bean with object name Ratis:service=RaftServer,group=group-4337A83AA8DB,id=0794a7c8-829f-468b-b883-2035423e3fbd
2019-10-21 21:52:57,834 [pool-37-thread-1] INFO  impl.RaftServerImpl (RaftServerImpl.java:start(195)) - 06b05a7f-a473-42c9-9200-88e1a405b515@group-4337A83AA8DB: start as a follower, conf=-1: [e5ffd24e-bf4a-4ea8-9998-5222e19566cd:192.168.34.8:41621, 06b05a7f-a473-42c9-9200-88e1a405b515:192.168.34.8:42604, 0794a7c8-829f-468b-b883-2035423e3fbd:192.168.34.8:36706], old=null
2019-10-21 21:52:57,834 [pool-37-thread-1] INFO  impl.RaftServerImpl (RaftServerImpl.java:setRole(184)) - 06b05a7f-a473-42c9-9200-88e1a405b515@group-4337A83AA8DB: changes role from      null to FOLLOWER at term 0 for startAsFollower
2019-10-21 21:52:57,834 [pool-37-thread-1] INFO  impl.RoleInfo (RoleInfo.java:updateAndGet(143)) - 06b05a7f-a473-42c9-9200-88e1a405b515: start FollowerState
2019-10-21 21:52:57,836 [pool-37-thread-1] INFO  util.JmxRegister (JmxRegister.java:tryRegister(44)) - Successfully registered JMX Bean with object name Ratis:service=RaftServer,group=group-4337A83AA8DB,id=06b05a7f-a473-42c9-9200-88e1a405b515
2019-10-21 21:52:57,843 [RatisPipelineUtilsThread] INFO  pipeline.PipelineStateManager (PipelineStateManager.java:addPipeline(56)) - Created pipeline Pipeline[ Id: 8e970d02-d230-45b5-ab3b-4337a83aa8db, Nodes: e5ffd24e-bf4a-4ea8-9998-5222e19566cd{ip: 192.168.34.8, host: pr-hdds-2310-sp97z-1197097266, networkLocation: /default-rack, certSerialId: null}06b05a7f-a473-42c9-9200-88e1a405b515{ip: 192.168.34.8, host: pr-hdds-2310-sp97z-1197097266, networkLocation: /default-rack, certSerialId: null}0794a7c8-829f-468b-b883-2035423e3fbd{ip: 192.168.34.8, host: pr-hdds-2310-sp97z-1197097266, networkLocation: /default-rack, certSerialId: null}, Type:RATIS, Factor:THREE, State:OPEN]
2019-10-21 21:52:57,890 [Thread-745] INFO  impl.FollowerState (FollowerState.java:run(108)) - e5ffd24e-bf4a-4ea8-9998-5222e19566cd@group-7886DAA09D7B-FollowerState: change to CANDIDATE, lastRpcTime:182ms, electionTimeout:182ms
2019-10-21 21:52:57,890 [Thread-745] INFO  impl.RoleInfo (RoleInfo.java:shutdownFollowerState(121)) - e5ffd24e-bf4a-4ea8-9998-5222e19566cd: shutdown FollowerState
2019-10-21 21:52:57,890 [Thread-745] INFO  impl.RaftServerImpl (RaftServerImpl.java:setRole(184)) - e5ffd24e-bf4a-4ea8-9998-5222e19566cd@group-7886DAA09D7B: changes role from  FOLLOWER to CANDIDATE at term 30 for changeToCandidate
2019-10-21 21:52:57,890 [Thread-745] INFO  impl.RoleInfo (RoleInfo.java:updateAndGet(143)) - e5ffd24e-bf4a-4ea8-9998-5222e19566cd: start LeaderElection
2019-10-21 21:52:57,904 [e5ffd24e-bf4a-4ea8-9998-5222e19566cd@group-7886DAA09D7B-LeaderElection32] INFO  impl.LeaderElection (LeaderElection.java:askForVotes(178)) - e5ffd24e-bf4a-4ea8-9998-5222e19566cd@group-7886DAA09D7B-LeaderElection32: begin an election at term 31 for 0: [e5ffd24e-bf4a-4ea8-9998-5222e19566cd:192.168.34.8:41621, 06b05a7f-a473-42c9-9200-88e1a405b515:192.168.34.8:42604, 0794a7c8-829f-468b-b883-2035423e3fbd:192.168.34.8:36706], old=null
2019-10-21 21:52:57,907 [grpc-default-executor-2] INFO  impl.RaftServerImpl (RaftServerImpl.java:setRole(184)) - 06b05a7f-a473-42c9-9200-88e1a405b515@group-7886DAA09D7B: changes role from  FOLLOWER to FOLLOWER at term 31 for recognizeCandidate:e5ffd24e-bf4a-4ea8-9998-5222e19566cd
2019-10-21 21:52:57,907 [grpc-default-executor-0] INFO  impl.RaftServerImpl (RaftServerImpl.java:setRole(184)) - 0794a7c8-829f-468b-b883-2035423e3fbd@group-7886DAA09D7B: changes role from  FOLLOWER to FOLLOWER at term 31 for recognizeCandidate:e5ffd24e-bf4a-4ea8-9998-5222e19566cd
2019-10-21 21:52:57,907 [grpc-default-executor-2] INFO  impl.RoleInfo (RoleInfo.java:shutdownFollowerState(121)) - 06b05a7f-a473-42c9-9200-88e1a405b515: shutdown FollowerState
2019-10-21 21:52:57,907 [grpc-default-executor-0] INFO  impl.RoleInfo (RoleInfo.java:shutdownFollowerState(121)) - 0794a7c8-829f-468b-b883-2035423e3fbd: shutdown FollowerState
2019-10-21 21:52:57,907 [Thread-742] INFO  impl.FollowerState (FollowerState.java:run(117)) - 06b05a7f-a473-42c9-9200-88e1a405b515@group-7886DAA09D7B-FollowerState was interrupted: java.lang.InterruptedException: sleep interrupted
2019-10-21 21:52:57,907 [Thread-743] INFO  impl.FollowerState (FollowerState.java:run(117)) - 0794a7c8-829f-468b-b883-2035423e3fbd@group-7886DAA09D7B-FollowerState was interrupted: java.lang.InterruptedException: sleep interrupted
2019-10-21 21:52:57,907 [grpc-default-executor-0] INFO  impl.RoleInfo (RoleInfo.java:updateAndGet(143)) - 0794a7c8-829f-468b-b883-2035423e3fbd: start FollowerState
2019-10-21 21:52:57,907 [grpc-default-executor-2] INFO  impl.RoleInfo (RoleInfo.java:updateAndGet(143)) - 06b05a7f-a473-42c9-9200-88e1a405b515: start FollowerState
2019-10-21 21:52:57,922 [e5ffd24e-bf4a-4ea8-9998-5222e19566cd@group-7886DAA09D7B-LeaderElection32] INFO  impl.LeaderElection (LeaderElection.java:logAndReturn(56)) - e5ffd24e-bf4a-4ea8-9998-5222e19566cd@group-7886DAA09D7B-LeaderElection32: Election REJECTED; received 2 response(s) [e5ffd24e-bf4a-4ea8-9998-5222e19566cd<-06b05a7f-a473-42c9-9200-88e1a405b515#0:FAIL-t31, e5ffd24e-bf4a-4ea8-9998-5222e19566cd<-0794a7c8-829f-468b-b883-2035423e3fbd#0:FAIL-t31] and 0 exception(s); e5ffd24e-bf4a-4ea8-9998-5222e19566cd@group-7886DAA09D7B:t31, leader=null, voted=e5ffd24e-bf4a-4ea8-9998-5222e19566cd, raftlog=e5ffd24e-bf4a-4ea8-9998-5222e19566cd@group-7886DAA09D7B-SegmentedRaftLog:OPENED:c3,f4,i4, conf=0: [e5ffd24e-bf4a-4ea8-9998-5222e19566cd:192.168.34.8:41621, 06b05a7f-a473-42c9-9200-88e1a405b515:192.168.34.8:42604, 0794a7c8-829f-468b-b883-2035423e3fbd:192.168.34.8:36706], old=null
2019-10-21 21:52:57,922 [e5ffd24e-bf4a-4ea8-9998-5222e19566cd@group-7886DAA09D7B-LeaderElection32] INFO  impl.RaftServerImpl (RaftServerImpl.java:setRole(184)) - e5ffd24e-bf4a-4ea8-9998-5222e19566cd@group-7886DAA09D7B: changes role from CANDIDATE to FOLLOWER at term 31 for DISCOVERED_A_NEW_TERM
2019-10-21 21:52:57,923 [e5ffd24e-bf4a-4ea8-9998-5222e19566cd@group-7886DAA09D7B-LeaderElection32] INFO  impl.RoleInfo (RoleInfo.java:shutdownLeaderElection(134)) - e5ffd24e-bf4a-4ea8-9998-5222e19566cd: shutdown LeaderElection
2019-10-21 21:52:57,923 [e5ffd24e-bf4a-4ea8-9998-5222e19566cd@group-7886DAA09D7B-LeaderElection32] INFO  impl.RoleInfo (RoleInfo.java:updateAndGet(143)) - e5ffd24e-bf4a-4ea8-9998-5222e19566cd: start FollowerState
2019-10-21 21:52:57,939 [Thread-748] INFO  impl.FollowerState (FollowerState.java:run(108)) - e5ffd24e-bf4a-4ea8-9998-5222e19566cd@group-8CBABE59B1F7-FollowerState: change to CANDIDATE, lastRpcTime:167ms, electionTimeout:167ms
2019-10-21 21:52:57,939 [Thread-748] INFO  impl.RoleInfo (RoleInfo.java:shutdownFollowerState(121)) - e5ffd24e-bf4a-4ea8-9998-5222e19566cd: shutdown FollowerState
2019-10-21 21:52:57,939 [Thread-748] INFO  impl.RaftServerImpl (RaftServerImpl.java:setRole(184)) - e5ffd24e-bf4a-4ea8-9998-5222e19566cd@group-8CBABE59B1F7: changes role from  FOLLOWER to CANDIDATE at term 0 for changeToCandidate
2019-10-21 21:52:57,939 [Thread-748] INFO  impl.RoleInfo (RoleInfo.java:updateAndGet(143)) - e5ffd24e-bf4a-4ea8-9998-5222e19566cd: start LeaderElection
2019-10-21 21:52:57,942 [Thread-754] INFO  impl.FollowerState (FollowerState.java:run(108)) - 0794a7c8-829f-468b-b883-2035423e3fbd@group-4337A83AA8DB-FollowerState: change to CANDIDATE, lastRpcTime:109ms, electionTimeout:109ms
2019-10-21 21:52:57,942 [Thread-754] INFO  impl.RoleInfo (RoleInfo.java:shutdownFollowerState(121)) - 0794a7c8-829f-468b-b883-2035423e3fbd: shutdown FollowerState
2019-10-21 21:52:57,943 [Thread-754] INFO  impl.RaftServerImpl (RaftServerImpl.java:setRole(184)) - 0794a7c8-829f-468b-b883-2035423e3fbd@group-4337A83AA8DB: changes role from  FOLLOWER to CANDIDATE at term 0 for changeToCandidate
2019-10-21 21:52:57,943 [Thread-754] INFO  impl.RoleInfo (RoleInfo.java:updateAndGet(143)) - 0794a7c8-829f-468b-b883-2035423e3fbd: start LeaderElection
2019-10-21 21:52:57,952 [Thread-768] INFO  client.GrpcClientProtocolService (GrpcClientProtocolService.java:lambda$processClientRequest$0(278)) - Failed RaftClientRequest:client-5B812E6CE025->06b05a7f-a473-42c9-9200-88e1a405b515@group-7886DAA09D7B, cid=10, seq=0, Watch-ALL_COMMITTED(6), Message:<EMPTY>, reply=RaftClientReply:client-5B812E6CE025->06b05a7f-a473-42c9-9200-88e1a405b515@group-7886DAA09D7B, cid=10, FAILED org.apache.ratis.protocol.NotLeaderException: Server 06b05a7f-a473-42c9-9200-88e1a405b515@group-7886DAA09D7B is not the leader, logIndex=0, commits[06b05a7f-a473-42c9-9200-88e1a405b515:c10, e5ffd24e-bf4a-4ea8-9998-5222e19566cd:c4, 0794a7c8-829f-468b-b883-2035423e3fbd:c10]
2019-10-21 21:52:57,955 [e5ffd24e-bf4a-4ea8-9998-5222e19566cd@group-8CBABE59B1F7-LeaderElection33] INFO  impl.LeaderElection (LeaderElection.java:askForVotes(178)) - e5ffd24e-bf4a-4ea8-9998-5222e19566cd@group-8CBABE59B1F7-LeaderElection33: begin an election at term 1 for -1: [e5ffd24e-bf4a-4ea8-9998-5222e19566cd:192.168.34.8:41621], old=null
2019-10-21 21:52:57,955 [0794a7c8-829f-468b-b883-2035423e3fbd@group-4337A83AA8DB-LeaderElection34] INFO  impl.LeaderElection (LeaderElection.java:askForVotes(178)) - 0794a7c8-829f-468b-b883-2035423e3fbd@group-4337A83AA8DB-LeaderElection34: begin an election at term 1 for -1: [e5ffd24e-bf4a-4ea8-9998-5222e19566cd:192.168.34.8:41621, 06b05a7f-a473-42c9-9200-88e1a405b515:192.168.34.8:42604, 0794a7c8-829f-468b-b883-2035423e3fbd:192.168.34.8:36706], old=null
2019-10-21 21:52:57,956 [e5ffd24e-bf4a-4ea8-9998-5222e19566cd@group-8CBABE59B1F7-LeaderElection33] INFO  impl.RoleInfo (RoleInfo.java:shutdownLeaderElection(134)) - e5ffd24e-bf4a-4ea8-9998-5222e19566cd: shutdown LeaderElection
2019-10-21 21:52:57,957 [e5ffd24e-bf4a-4ea8-9998-5222e19566cd@group-8CBABE59B1F7-LeaderElection33] INFO  impl.RaftServerImpl (RaftServerImpl.java:setRole(184)) - e5ffd24e-bf4a-4ea8-9998-5222e19566cd@group-8CBABE59B1F7: changes role from CANDIDATE to LEADER at term 1 for changeToLeader
2019-10-21 21:52:57,957 [e5ffd24e-bf4a-4ea8-9998-5222e19566cd@group-8CBABE59B1F7-LeaderElection33] INFO  impl.RaftServerImpl (ServerState.java:setLeader(256)) - e5ffd24e-bf4a-4ea8-9998-5222e19566cd@group-8CBABE59B1F7: change Leader from null to e5ffd24e-bf4a-4ea8-9998-5222e19566cd at term 1 for becomeLeader, leader elected after 192ms
2019-10-21 21:52:57,957 [e5ffd24e-bf4a-4ea8-9998-5222e19566cd@group-8CBABE59B1F7-LeaderElection33] INFO  server.RaftServerConfigKeys (ConfUtils.java:logGet(43)) - raft.server.staging.catchup.gap = 1000 (default)
2019-10-21 21:52:57,957 [e5ffd24e-bf4a-4ea8-9998-5222e19566cd@group-8CBABE59B1F7-LeaderElection33] INFO  server.RaftServerConfigKeys (ConfUtils.java:logGet(43)) - raft.server.rpc.sleep.time = 25ms (default)
2019-10-21 21:52:57,958 [e5ffd24e-bf4a-4ea8-9998-5222e19566cd@group-8CBABE59B1F7-LeaderElection33] INFO  server.RaftServerConfigKeys (ConfUtils.java:logGet(43)) - raft.server.write.element-limit = 4096 (default)
2019-10-21 21:52:57,958 [e5ffd24e-bf4a-4ea8-9998-5222e19566cd@group-8CBABE59B1F7-LeaderElection33] INFO  server.RaftServerConfigKeys (ConfUtils.java:logGet(43)) - raft.server.watch.timeout = 10s (default)
2019-10-21 21:52:57,958 [e5ffd24e-bf4a-4ea8-9998-5222e19566cd@group-8CBABE59B1F7-LeaderElection33] INFO  server.RaftServerConfigKeys (ConfUtils.java:logGet(43)) - raft.server.watch.timeout.denomination = 1s (default)
2019-10-21 21:52:57,958 [e5ffd24e-bf4a-4ea8-9998-5222e19566cd@group-8CBABE59B1F7-LeaderElection33] INFO  server.RaftServerConfigKeys (ConfUtils.java:logGet(43)) - raft.server.watch.element-limit = 65536 (default)
2019-10-21 21:52:57,967 [e5ffd24e-bf4a-4ea8-9998-5222e19566cd@group-8CBABE59B1F7-LeaderElection33] INFO  impl.RoleInfo (RoleInfo.java:updateAndGet(143)) - e5ffd24e-bf4a-4ea8-9998-5222e19566cd: start LeaderState
2019-10-21 21:52:57,968 [grpc-default-executor-2] INFO  impl.RaftServerImpl (RaftServerImpl.java:setRole(184)) - e5ffd24e-bf4a-4ea8-9998-5222e19566cd@group-4337A83AA8DB: changes role from  FOLLOWER to FOLLOWER at term 1 for recognizeCandidate:0794a7c8-829f-468b-b883-2035423e3fbd
2019-10-21 21:52:57,968 [e5ffd24e-bf4a-4ea8-9998-5222e19566cd@group-8CBABE59B1F7-LeaderElection33] INFO  segmented.SegmentedRaftLogWorker (SegmentedRaftLogWorker.java:startLogSegment(385)) - e5ffd24e-bf4a-4ea8-9998-5222e19566cd@group-8CBABE59B1F7-SegmentedRaftLogWorker: Starting segment from index:0
2019-10-21 21:52:57,968 [grpc-default-executor-2] INFO  impl.RoleInfo (RoleInfo.java:shutdownFollowerState(121)) - e5ffd24e-bf4a-4ea8-9998-5222e19566cd: shutdown FollowerState
2019-10-21 21:52:57,969 [grpc-default-executor-0] INFO  impl.RaftServerImpl (RaftServerImpl.java:setRole(184)) - 06b05a7f-a473-42c9-9200-88e1a405b515@group-4337A83AA8DB: changes role from  FOLLOWER to FOLLOWER at term 1 for recognizeCandidate:0794a7c8-829f-468b-b883-2035423e3fbd
2019-10-21 21:52:57,969 [Thread-752] INFO  impl.FollowerState (FollowerState.java:run(117)) - e5ffd24e-bf4a-4ea8-9998-5222e19566cd@group-4337A83AA8DB-FollowerState was interrupted: java.lang.InterruptedException: sleep interrupted
2019-10-21 21:52:57,970 [e5ffd24e-bf4a-4ea8-9998-5222e19566cd@group-8CBABE59B1F7-LeaderElection33] INFO  impl.RaftServerImpl (ServerState.java:setRaftConf(357)) - e5ffd24e-bf4a-4ea8-9998-5222e19566cd@group-8CBABE59B1F7: set configuration 0: [e5ffd24e-bf4a-4ea8-9998-5222e19566cd:192.168.34.8:41621], old=null at 0
2019-10-21 21:52:57,970 [grpc-default-executor-2] INFO  impl.RoleInfo (RoleInfo.java:updateAndGet(143)) - e5ffd24e-bf4a-4ea8-9998-5222e19566cd: start FollowerState
2019-10-21 21:52:57,970 [grpc-default-executor-0] INFO  impl.RoleInfo (RoleInfo.java:shutdownFollowerState(121)) - 06b05a7f-a473-42c9-9200-88e1a405b515: shutdown FollowerState
2019-10-21 21:52:57,970 [Thread-756] INFO  impl.FollowerState (FollowerState.java:run(117)) - 06b05a7f-a473-42c9-9200-88e1a405b515@group-4337A83AA8DB-FollowerState was interrupted: java.lang.InterruptedException: sleep interrupted
2019-10-21 21:52:57,970 [grpc-default-executor-0] INFO  impl.RoleInfo (RoleInfo.java:updateAndGet(143)) - 06b05a7f-a473-42c9-9200-88e1a405b515: start FollowerState
2019-10-21 21:52:57,974 [EventQueue-PendingDeleteStatusForPendingDeleteHandler] INFO  block.SCMBlockDeletingService (SCMBlockDeletingService.java:handlePendingDeletes(115)) - Block deletion txnID mismatch in datanode e5ffd24e-bf4a-4ea8-9998-5222e19566cd for containerID 1. Datanode delete txnID: 0, SCM txnID: 1
2019-10-21 21:52:58,007 [e5ffd24e-bf4a-4ea8-9998-5222e19566cd@group-8CBABE59B1F7-SegmentedRaftLogWorker] INFO  segmented.SegmentedRaftLogWorker (SegmentedRaftLogWorker.java:execute(576)) - e5ffd24e-bf4a-4ea8-9998-5222e19566cd@group-8CBABE59B1F7-SegmentedRaftLogWorker: created new log segment /workdir/hadoop-ozone/integration-test/target/test-dir/MiniOzoneClusterImpl-06dedcb5-84fe-4716-9b2a-3f157192d9ff/datanode-2/data/ratis/100bfd2a-b8ee-4172-9c0f-8cbabe59b1f7/current/log_inprogress_0
2019-10-21 21:52:58,007 [Thread-774] INFO  impl.FollowerState (FollowerState.java:run(108)) - 06b05a7f-a473-42c9-9200-88e1a405b515@group-4337A83AA8DB-FollowerState: change to CANDIDATE, lastRpcTime:36ms, electionTimeout:29ms
2019-10-21 21:52:58,007 [Thread-774] INFO  impl.RoleInfo (RoleInfo.java:shutdownFollowerState(121)) - 06b05a7f-a473-42c9-9200-88e1a405b515: shutdown FollowerState
2019-10-21 21:52:58,008 [Thread-774] INFO  impl.RaftServerImpl (RaftServerImpl.java:setRole(184)) - 06b05a7f-a473-42c9-9200-88e1a405b515@group-4337A83AA8DB: changes role from  FOLLOWER to CANDIDATE at term 1 for changeToCandidate
2019-10-21 21:52:58,008 [Thread-774] INFO  impl.RoleInfo (RoleInfo.java:updateAndGet(143)) - 06b05a7f-a473-42c9-9200-88e1a405b515: start LeaderElection
2019-10-21 21:52:58,011 [0794a7c8-829f-468b-b883-2035423e3fbd@group-4337A83AA8DB-LeaderElection34] INFO  impl.LeaderElection (LeaderElection.java:logAndReturn(56)) - 0794a7c8-829f-468b-b883-2035423e3fbd@group-4337A83AA8DB-LeaderElection34: Election PASSED; received 1 response(s) [0794a7c8-829f-468b-b883-2035423e3fbd<-e5ffd24e-bf4a-4ea8-9998-5222e19566cd#0:OK-t1] and 0 exception(s); 0794a7c8-829f-468b-b883-2035423e3fbd@group-4337A83AA8DB:t1, leader=null, voted=0794a7c8-829f-468b-b883-2035423e3fbd, raftlog=0794a7c8-829f-468b-b883-2035423e3fbd@group-4337A83AA8DB-SegmentedRaftLog:OPENED:c-1,f-1,i0, conf=-1: [e5ffd24e-bf4a-4ea8-9998-5222e19566cd:192.168.34.8:41621, 06b05a7f-a473-42c9-9200-88e1a405b515:192.168.34.8:42604, 0794a7c8-829f-468b-b883-2035423e3fbd:192.168.34.8:36706], old=null
2019-10-21 21:52:58,011 [0794a7c8-829f-468b-b883-2035423e3fbd@group-4337A83AA8DB-LeaderElection34] INFO  impl.RoleInfo (RoleInfo.java:shutdownLeaderElection(134)) - 0794a7c8-829f-468b-b883-2035423e3fbd: shutdown LeaderElection
2019-10-21 21:52:58,011 [0794a7c8-829f-468b-b883-2035423e3fbd@group-4337A83AA8DB-LeaderElection34] INFO  impl.RaftServerImpl (RaftServerImpl.java:setRole(184)) - 0794a7c8-829f-468b-b883-2035423e3fbd@group-4337A83AA8DB: changes role from CANDIDATE to LEADER at term 1 for changeToLeader
2019-10-21 21:52:58,011 [0794a7c8-829f-468b-b883-2035423e3fbd@group-4337A83AA8DB-LeaderElection34] INFO  impl.RaftServerImpl (ServerState.java:setLeader(256)) - 0794a7c8-829f-468b-b883-2035423e3fbd@group-4337A83AA8DB: change Leader from null to 0794a7c8-829f-468b-b883-2035423e3fbd at term 1 for becomeLeader, leader elected after 188ms
2019-10-21 21:52:58,011 [0794a7c8-829f-468b-b883-2035423e3fbd@group-4337A83AA8DB-LeaderElection34] INFO  server.RaftServerConfigKeys (ConfUtils.java:logGet(43)) - raft.server.staging.catchup.gap = 1000 (default)
2019-10-21 21:52:58,012 [0794a7c8-829f-468b-b883-2035423e3fbd@group-4337A83AA8DB-LeaderElection34] INFO  server.RaftServerConfigKeys (ConfUtils.java:logGet(43)) - raft.server.rpc.sleep.time = 25ms (default)
2019-10-21 21:52:58,012 [0794a7c8-829f-468b-b883-2035423e3fbd@group-4337A83AA8DB-LeaderElection34] INFO  server.RaftServerConfigKeys (ConfUtils.java:logGet(43)) - raft.server.write.element-limit = 4096 (default)
2019-10-21 21:52:58,012 [0794a7c8-829f-468b-b883-2035423e3fbd@group-4337A83AA8DB-LeaderElection34] INFO  server.RaftServerConfigKeys (ConfUtils.java:logGet(43)) - raft.server.watch.timeout = 10s (default)
2019-10-21 21:52:58,012 [0794a7c8-829f-468b-b883-2035423e3fbd@group-4337A83AA8DB-LeaderElection34] INFO  server.RaftServerConfigKeys (ConfUtils.java:logGet(43)) - raft.server.watch.timeout.denomination = 1s (default)
2019-10-21 21:52:58,012 [0794a7c8-829f-468b-b883-2035423e3fbd@group-4337A83AA8DB-LeaderElection34] INFO  server.RaftServerConfigKeys (ConfUtils.java:logGet(43)) - raft.server.watch.element-limit = 65536 (default)
2019-10-21 21:52:58,014 [0794a7c8-829f-468b-b883-2035423e3fbd@group-4337A83AA8DB-LeaderElection34] INFO  server.RaftServerConfigKeys (ConfUtils.java:logGet(43)) - raft.server.log.appender.snapshot.chunk.size.max = 16MB (=16777216) (default)
2019-10-21 21:52:58,015 [0794a7c8-829f-468b-b883-2035423e3fbd@group-4337A83AA8DB-LeaderElection34] INFO  server.RaftServerConfigKeys (ConfUtils.java:logGet(43)) - raft.server.log.appender.buffer.byte-limit = 33554432 (custom)
2019-10-21 21:52:58,015 [0794a7c8-829f-468b-b883-2035423e3fbd@group-4337A83AA8DB-LeaderElection34] INFO  server.RaftServerConfigKeys (ConfUtils.java:logGet(43)) - raft.server.log.appender.buffer.element-limit = 1 (custom)
2019-10-21 21:52:58,015 [0794a7c8-829f-468b-b883-2035423e3fbd@group-4337A83AA8DB-LeaderElection34] INFO  grpc.GrpcConfigKeys$Server (ConfUtils.java:logGet(43)) - raft.grpc.server.leader.outstanding.appends.max = 128 (default)
2019-10-21 21:52:58,015 [0794a7c8-829f-468b-b883-2035423e3fbd@group-4337A83AA8DB-LeaderElection34] INFO  server.RaftServerConfigKeys (ConfUtils.java:logGet(43)) - raft.server.rpc.request.timeout = 3000ms (default)
2019-10-21 21:52:58,015 [0794a7c8-829f-468b-b883-2035423e3fbd@group-4337A83AA8DB-LeaderElection34] INFO  server.RaftServerConfigKeys (ConfUtils.java:logGet(43)) - raft.server.log.appender.install.snapshot.enabled = false (custom)
2019-10-21 21:52:58,017 [0794a7c8-829f-468b-b883-2035423e3fbd@group-4337A83AA8DB-LeaderElection34] INFO  server.RaftServerConfigKeys (ConfUtils.java:logGet(43)) - raft.server.log.appender.snapshot.chunk.size.max = 16MB (=16777216) (default)
2019-10-21 21:52:58,017 [0794a7c8-829f-468b-b883-2035423e3fbd@group-4337A83AA8DB-LeaderElection34] INFO  server.RaftServerConfigKeys (ConfUtils.java:logGet(43)) - raft.server.log.appender.buffer.byte-limit = 33554432 (custom)
2019-10-21 21:52:58,017 [0794a7c8-829f-468b-b883-2035423e3fbd@group-4337A83AA8DB-LeaderElection34] INFO  server.RaftServerConfigKeys (ConfUtils.java:logGet(43)) - raft.server.log.appender.buffer.element-limit = 1 (custom)
2019-10-21 21:52:58,017 [0794a7c8-829f-468b-b883-2035423e3fbd@group-4337A83AA8DB-LeaderElection34] INFO  grpc.GrpcConfigKeys$Server (ConfUtils.java:logGet(43)) - raft.grpc.server.leader.outstanding.appends.max = 128 (default)
2019-10-21 21:52:58,018 [0794a7c8-829f-468b-b883-2035423e3fbd@group-4337A83AA8DB-LeaderElection34] INFO  server.RaftServerConfigKeys (ConfUtils.java:logGet(43)) - raft.server.rpc.request.timeout = 3000ms (default)
2019-10-21 21:52:58,018 [0794a7c8-829f-468b-b883-2035423e3fbd@group-4337A83AA8DB-LeaderElection34] INFO  server.RaftServerConfigKeys (ConfUtils.java:logGet(43)) - raft.server.log.appender.install.snapshot.enabled = false (custom)
2019-10-21 21:52:58,019 [0794a7c8-829f-468b-b883-2035423e3fbd@group-4337A83AA8DB-LeaderElection34] INFO  impl.RoleInfo (RoleInfo.java:updateAndGet(143)) - 0794a7c8-829f-468b-b883-2035423e3fbd: start LeaderState
2019-10-21 21:52:58,020 [0794a7c8-829f-468b-b883-2035423e3fbd@group-4337A83AA8DB-LeaderElection34] INFO  segmented.SegmentedRaftLogWorker (SegmentedRaftLogWorker.java:startLogSegment(385)) - 0794a7c8-829f-468b-b883-2035423e3fbd@group-4337A83AA8DB-SegmentedRaftLogWorker: Starting segment from index:0
2019-10-21 21:52:58,020 [06b05a7f-a473-42c9-9200-88e1a405b515@group-4337A83AA8DB-LeaderElection35] INFO  impl.LeaderElection (LeaderElection.java:askForVotes(178)) - 06b05a7f-a473-42c9-9200-88e1a405b515@group-4337A83AA8DB-LeaderElection35: begin an election at term 2 for -1: [e5ffd24e-bf4a-4ea8-9998-5222e19566cd:192.168.34.8:41621, 06b05a7f-a473-42c9-9200-88e1a405b515:192.168.34.8:42604, 0794a7c8-829f-468b-b883-2035423e3fbd:192.168.34.8:36706], old=null
2019-10-21 21:52:58,020 [0794a7c8-829f-468b-b883-2035423e3fbd@group-4337A83AA8DB-LeaderElection34] INFO  impl.RaftServerImpl (ServerState.java:setRaftConf(357)) - 0794a7c8-829f-468b-b883-2035423e3fbd@group-4337A83AA8DB: set configuration 0: [e5ffd24e-bf4a-4ea8-9998-5222e19566cd:192.168.34.8:41621, 06b05a7f-a473-42c9-9200-88e1a405b515:192.168.34.8:42604, 0794a7c8-829f-468b-b883-2035423e3fbd:192.168.34.8:36706], old=null at 0
2019-10-21 21:52:58,058 [grpc-default-executor-0] INFO  impl.RaftServerImpl (ServerState.java:setLeader(256)) - e5ffd24e-bf4a-4ea8-9998-5222e19566cd@group-4337A83AA8DB: change Leader from null to 0794a7c8-829f-468b-b883-2035423e3fbd at term 1 for appendEntries, leader elected after 234ms
2019-10-21 21:52:58,061 [Thread-776] INFO  impl.RaftServerImpl (ServerState.java:setLeader(256)) - 0794a7c8-829f-468b-b883-2035423e3fbd@group-4337A83AA8DB: change Leader from 0794a7c8-829f-468b-b883-2035423e3fbd to null at term 2 for updateCurrentTerm
2019-10-21 21:52:58,061 [Thread-776] INFO  impl.RaftServerImpl (RaftServerImpl.java:setRole(184)) - 0794a7c8-829f-468b-b883-2035423e3fbd@group-4337A83AA8DB: changes role from    LEADER to FOLLOWER at term 2 for stepDown
2019-10-21 21:52:58,061 [Thread-776] INFO  impl.RoleInfo (RoleInfo.java:shutdownLeaderState(104)) - 0794a7c8-829f-468b-b883-2035423e3fbd: shutdown LeaderState
2019-10-21 21:52:58,062 [0794a7c8-829f-468b-b883-2035423e3fbd@group-4337A83AA8DB-SegmentedRaftLogWorker] INFO  segmented.SegmentedRaftLogWorker (SegmentedRaftLogWorker.java:execute(576)) - 0794a7c8-829f-468b-b883-2035423e3fbd@group-4337A83AA8DB-SegmentedRaftLogWorker: created new log segment /workdir/hadoop-ozone/integration-test/target/test-dir/MiniOzoneClusterImpl-06dedcb5-84fe-4716-9b2a-3f157192d9ff/datanode-0/data/ratis/8e970d02-d230-45b5-ab3b-4337a83aa8db/current/log_inprogress_0
2019-10-21 21:52:58,063 [grpc-default-executor-3] INFO  impl.RaftServerImpl (ServerState.java:setLeader(256)) - e5ffd24e-bf4a-4ea8-9998-5222e19566cd@group-4337A83AA8DB: change Leader from 0794a7c8-829f-468b-b883-2035423e3fbd to null at term 2 for updateCurrentTerm
2019-10-21 21:52:58,063 [org.apache.ratis.server.impl.LogAppender$AppenderDaemon$$Lambda$414/739192525@3e7a7253] WARN  server.GrpcLogAppender (GrpcLogAppender.java:mayWait(149)) - 0794a7c8-829f-468b-b883-2035423e3fbd@group-4337A83AA8DB->e5ffd24e-bf4a-4ea8-9998-5222e19566cd-GrpcLogAppender: Wait interrupted by java.lang.InterruptedException
2019-10-21 21:52:58,063 [Thread-776] INFO  impl.PendingRequests (PendingRequests.java:sendNotLeaderResponses(202)) - 0794a7c8-829f-468b-b883-2035423e3fbd@group-4337A83AA8DB-PendingRequests: sendNotLeaderResponses
2019-10-21 21:52:58,063 [org.apache.ratis.server.impl.LogAppender$AppenderDaemon$$Lambda$414/739192525@f8ec955] WARN  server.GrpcLogAppender (GrpcLogAppender.java:mayWait(149)) - 0794a7c8-829f-468b-b883-2035423e3fbd@group-4337A83AA8DB->06b05a7f-a473-42c9-9200-88e1a405b515-GrpcLogAppender: Wait interrupted by java.lang.InterruptedException
2019-10-21 21:52:58,063 [grpc-default-executor-3] INFO  impl.RaftServerImpl (RaftServerImpl.java:setRole(184)) - e5ffd24e-bf4a-4ea8-9998-5222e19566cd@group-4337A83AA8DB: changes role from  FOLLOWER to FOLLOWER at term 2 for recognizeCandidate:06b05a7f-a473-42c9-9200-88e1a405b515
2019-10-21 21:52:58,064 [Thread-776] INFO  impl.RoleInfo (RoleInfo.java:updateAndGet(143)) - 0794a7c8-829f-468b-b883-2035423e3fbd: start FollowerState
2019-10-21 21:52:58,064 [grpc-default-executor-3] INFO  impl.RoleInfo (RoleInfo.java:shutdownFollowerState(121)) - e5ffd24e-bf4a-4ea8-9998-5222e19566cd: shutdown FollowerState
2019-10-21 21:52:58,064 [grpc-default-executor-2] INFO  server.GrpcServerProtocolService (GrpcServerProtocolService.java:onCompleted(113)) - 06b05a7f-a473-42c9-9200-88e1a405b515: Completed APPEND_ENTRIES, lastRequest: 0794a7c8-829f-468b-b883-2035423e3fbd->06b05a7f-a473-42c9-9200-88e1a405b515#0-t1, previous=(t:0, i:0), leaderCommit=-1, initializing? false, entries: <empty>
2019-10-21 21:52:58,065 [grpc-default-executor-3] INFO  impl.RoleInfo (RoleInfo.java:updateAndGet(143)) - e5ffd24e-bf4a-4ea8-9998-5222e19566cd: start FollowerState
2019-10-21 21:52:58,065 [Thread-773] INFO  impl.FollowerState (FollowerState.java:run(117)) - e5ffd24e-bf4a-4ea8-9998-5222e19566cd@group-4337A83AA8DB-FollowerState was interrupted: java.lang.InterruptedException: sleep interrupted
2019-10-21 21:52:58,065 [grpc-default-executor-2] INFO  server.GrpcLogAppender (GrpcLogAppender.java:onCompleted(308)) - 0794a7c8-829f-468b-b883-2035423e3fbd@group-4337A83AA8DB->06b05a7f-a473-42c9-9200-88e1a405b515-AppendLogResponseHandler: follower responses appendEntries COMPLETED
2019-10-21 21:52:58,067 [grpc-default-executor-2] INFO  impl.FollowerInfo (FollowerInfo.java:lambda$new$0(51)) - 0794a7c8-829f-468b-b883-2035423e3fbd@group-4337A83AA8DB->06b05a7f-a473-42c9-9200-88e1a405b515: nextIndex: updateUnconditionally 0 -> 0
2019-10-21 21:52:58,090 [grpc-default-executor-0] INFO  impl.RaftServerImpl (RaftServerImpl.java:setRole(184)) - 0794a7c8-829f-468b-b883-2035423e3fbd@group-4337A83AA8DB: changes role from  FOLLOWER to FOLLOWER at term 2 for recognizeCandidate:06b05a7f-a473-42c9-9200-88e1a405b515
2019-10-21 21:52:58,090 [grpc-default-executor-0] INFO  impl.RoleInfo (RoleInfo.java:shutdownFollowerState(121)) - 0794a7c8-829f-468b-b883-2035423e3fbd: shutdown FollowerState
2019-10-21 21:52:58,091 [grpc-default-executor-0] INFO  impl.RoleInfo (RoleInfo.java:updateAndGet(143)) - 0794a7c8-829f-468b-b883-2035423e3fbd: start FollowerState
2019-10-21 21:52:58,091 [Thread-784] INFO  impl.FollowerState (FollowerState.java:run(117)) - 0794a7c8-829f-468b-b883-2035423e3fbd@group-4337A83AA8DB-FollowerState was interrupted: java.lang.InterruptedException: sleep interrupted
2019-10-21 21:52:58,091 [grpc-default-executor-1] INFO  server.GrpcServerProtocolService (GrpcServerProtocolService.java:onCompleted(113)) - e5ffd24e-bf4a-4ea8-9998-5222e19566cd: Completed APPEND_ENTRIES, lastRequest: 0794a7c8-829f-468b-b883-2035423e3fbd->e5ffd24e-bf4a-4ea8-9998-5222e19566cd#1-t1, previous=(t:0, i:0), leaderCommit=-1, initializing? false, entries: size=1, first=(t:1, i:0), CONFIGURATIONENTRY
2019-10-21 21:52:58,092 [Thread-764] INFO  impl.FollowerState (FollowerState.java:run(108)) - e5ffd24e-bf4a-4ea8-9998-5222e19566cd@group-7886DAA09D7B-FollowerState: change to CANDIDATE, lastRpcTime:169ms, electionTimeout:169ms
2019-10-21 21:52:58,092 [Thread-764] INFO  impl.RoleInfo (RoleInfo.java:shutdownFollowerState(121)) - e5ffd24e-bf4a-4ea8-9998-5222e19566cd: shutdown FollowerState
2019-10-21 21:52:58,094 [Thread-764] INFO  impl.RaftServerImpl (RaftServerImpl.java:setRole(184)) - e5ffd24e-bf4a-4ea8-9998-5222e19566cd@group-7886DAA09D7B: changes role from  FOLLOWER to CANDIDATE at term 31 for changeToCandidate
2019-10-21 21:52:58,094 [Thread-764] INFO  impl.RoleInfo (RoleInfo.java:updateAndGet(143)) - e5ffd24e-bf4a-4ea8-9998-5222e19566cd: start LeaderElection
2019-10-21 21:52:58,094 [06b05a7f-a473-42c9-9200-88e1a405b515@group-4337A83AA8DB-LeaderElection35] INFO  impl.LeaderElection (LeaderElection.java:logAndReturn(56)) - 06b05a7f-a473-42c9-9200-88e1a405b515@group-4337A83AA8DB-LeaderElection35: Election PASSED; received 1 response(s) [06b05a7f-a473-42c9-9200-88e1a405b515<-e5ffd24e-bf4a-4ea8-9998-5222e19566cd#0:OK-t2] and 0 exception(s); 06b05a7f-a473-42c9-9200-88e1a405b515@group-4337A83AA8DB:t2, leader=null, voted=06b05a7f-a473-42c9-9200-88e1a405b515, raftlog=06b05a7f-a473-42c9-9200-88e1a405b515@group-4337A83AA8DB-SegmentedRaftLog:OPENED:c-1,f-1,i0, conf=-1: [e5ffd24e-bf4a-4ea8-9998-5222e19566cd:192.168.34.8:41621, 06b05a7f-a473-42c9-9200-88e1a405b515:192.168.34.8:42604, 0794a7c8-829f-468b-b883-2035423e3fbd:192.168.34.8:36706], old=null
2019-10-21 21:52:58,094 [06b05a7f-a473-42c9-9200-88e1a405b515@group-4337A83AA8DB-LeaderElection35] INFO  impl.RoleInfo (RoleInfo.java:shutdownLeaderElection(134)) - 06b05a7f-a473-42c9-9200-88e1a405b515: shutdown LeaderElection
2019-10-21 21:52:58,094 [grpc-default-executor-1] INFO  server.GrpcLogAppender (GrpcLogAppender.java:onCompleted(308)) - 0794a7c8-829f-468b-b883-2035423e3fbd@group-4337A83AA8DB->e5ffd24e-bf4a-4ea8-9998-5222e19566cd-AppendLogResponseHandler: follower responses appendEntries COMPLETED
2019-10-21 21:52:58,094 [06b05a7f-a473-42c9-9200-88e1a405b515@group-4337A83AA8DB-LeaderElection35] INFO  impl.RaftServerImpl (RaftServerImpl.java:setRole(184)) - 06b05a7f-a473-42c9-9200-88e1a405b515@group-4337A83AA8DB: changes role from CANDIDATE to LEADER at term 2 for changeToLeader
2019-10-21 21:52:58,095 [06b05a7f-a473-42c9-9200-88e1a405b515@group-4337A83AA8DB-LeaderElection35] INFO  impl.RaftServerImpl (ServerState.java:setLeader(256)) - 06b05a7f-a473-42c9-9200-88e1a405b515@group-4337A83AA8DB: change Leader from null to 06b05a7f-a473-42c9-9200-88e1a405b515 at term 2 for becomeLeader, leader elected after 271ms
2019-10-21 21:52:58,095 [06b05a7f-a473-42c9-9200-88e1a405b515@group-4337A83AA8DB-LeaderElection35] INFO  server.RaftServerConfigKeys (ConfUtils.java:logGet(43)) - raft.server.staging.catchup.gap = 1000 (default)
2019-10-21 21:52:58,095 [06b05a7f-a473-42c9-9200-88e1a405b515@group-4337A83AA8DB-LeaderElection35] INFO  server.RaftServerConfigKeys (ConfUtils.java:logGet(43)) - raft.server.rpc.sleep.time = 25ms (default)
2019-10-21 21:52:58,095 [grpc-default-executor-1] INFO  impl.FollowerInfo (FollowerInfo.java:lambda$new$0(51)) - 0794a7c8-829f-468b-b883-2035423e3fbd@group-4337A83AA8DB->e5ffd24e-bf4a-4ea8-9998-5222e19566cd: nextIndex: updateUnconditionally 1 -> 0
2019-10-21 21:52:58,095 [06b05a7f-a473-42c9-9200-88e1a405b515@group-4337A83AA8DB-LeaderElection35] INFO  server.RaftServerConfigKeys (ConfUtils.java:logGet(43)) - raft.server.write.element-limit = 4096 (default)
2019-10-21 21:52:58,095 [06b05a7f-a473-42c9-9200-88e1a405b515@group-4337A83AA8DB-LeaderElection35] INFO  server.RaftServerConfigKeys (ConfUtils.java:logGet(43)) - raft.server.watch.timeout = 10s (default)
2019-10-21 21:52:58,096 [06b05a7f-a473-42c9-9200-88e1a405b515@group-4337A83AA8DB-LeaderElection35] INFO  server.RaftServerConfigKeys (ConfUtils.java:logGet(43)) - raft.server.watch.timeout.denomination = 1s (default)
2019-10-21 21:52:58,096 [06b05a7f-a473-42c9-9200-88e1a405b515@group-4337A83AA8DB-LeaderElection35] INFO  server.RaftServerConfigKeys (ConfUtils.java:logGet(43)) - raft.server.watch.element-limit = 65536 (default)
2019-10-21 21:52:58,096 [pool-7-thread-3] INFO  commands.RetriableDatanodeEventWatcher (RetriableDatanodeEventWatcher.java:onTimeout(47)) - RetriableDatanodeCommand type=deleteBlocksCommand with id=1571694770089 timed out. Retrying.
2019-10-21 21:52:58,096 [pool-7-thread-2] INFO  commands.RetriableDatanodeEventWatcher (RetriableDatanodeEventWatcher.java:onTimeout(47)) - RetriableDatanodeCommand type=deleteBlocksCommand with id=1571694770095 timed out. Retrying.
2019-10-21 21:52:58,099 [pool-7-thread-2] INFO  commands.RetriableDatanodeEventWatcher (RetriableDatanodeEventWatcher.java:onTimeout(47)) - RetriableDatanodeCommand type=deleteBlocksCommand with id=1571694770099 timed out. Retrying.
2019-10-21 21:52:58,099 [06b05a7f-a473-42c9-9200-88e1a405b515@group-4337A83AA8DB-LeaderElection35] INFO  server.RaftServerConfigKeys (ConfUtils.java:logGet(43)) - raft.server.log.appender.snapshot.chunk.size.max = 16MB (=16777216) (default)
2019-10-21 21:52:58,099 [06b05a7f-a473-42c9-9200-88e1a405b515@group-4337A83AA8DB-LeaderElection35] INFO  server.RaftServerConfigKeys (ConfUtils.java:logGet(43)) - raft.server.log.appender.buffer.byte-limit = 33554432 (custom)
2019-10-21 21:52:58,099 [06b05a7f-a473-42c9-9200-88e1a405b515@group-4337A83AA8DB-LeaderElection35] INFO  server.RaftServerConfigKeys (ConfUtils.java:logGet(43)) - raft.server.log.appender.buffer.element-limit = 1 (custom)
2019-10-21 21:52:58,100 [06b05a7f-a473-42c9-9200-88e1a405b515@group-4337A83AA8DB-LeaderElection35] INFO  grpc.GrpcConfigKeys$Server (ConfUtils.java:logGet(43)) - raft.grpc.server.leader.outstanding.appends.max = 128 (default)
2019-10-21 21:52:58,100 [06b05a7f-a473-42c9-9200-88e1a405b515@group-4337A83AA8DB-LeaderElection35] INFO  server.RaftServerConfigKeys (ConfUtils.java:logGet(43)) - raft.server.rpc.request.timeout = 3000ms (default)
2019-10-21 21:52:58,100 [06b05a7f-a473-42c9-9200-88e1a405b515@group-4337A83AA8DB-LeaderElection35] INFO  server.RaftServerConfigKeys (ConfUtils.java:logGet(43)) - raft.server.log.appender.install.snapshot.enabled = false (custom)
2019-10-21 21:52:58,100 [pool-7-thread-2] INFO  commands.RetriableDatanodeEventWatcher (RetriableDatanodeEventWatcher.java:onTimeout(47)) - RetriableDatanodeCommand type=deleteBlocksCommand with id=1571694770098 timed out. Retrying.
2019-10-21 21:52:58,100 [pool-7-thread-5] INFO  commands.RetriableDatanodeEventWatcher (RetriableDatanodeEventWatcher.java:onTimeout(47)) - RetriableDatanodeCommand type=deleteBlocksCommand with id=1571694770092 timed out. Retrying.
2019-10-21 21:52:58,101 [pool-7-thread-4] INFO  commands.RetriableDatanodeEventWatcher (RetriableDatanodeEventWatcher.java:onTimeout(47)) - RetriableDatanodeCommand type=deleteBlocksCommand with id=1571694770096 timed out. Retrying.
2019-10-21 21:52:58,101 [pool-7-thread-1] INFO  commands.RetriableDatanodeEventWatcher (RetriableDatanodeEventWatcher.java:onTimeout(47)) - RetriableDatanodeCommand type=deleteBlocksCommand with id=1571694770100 timed out. Retrying.
2019-10-21 21:52:58,101 [pool-7-thread-3] INFO  commands.RetriableDatanodeEventWatcher (RetriableDatanodeEventWatcher.java:onTimeout(47)) - RetriableDatanodeCommand type=deleteBlocksCommand with id=1571694770097 timed out. Retrying.
2019-10-21 21:52:58,101 [SCMBlockDeletingService#1] INFO  block.SCMBlockDeletingService (SCMBlockDeletingService.java:call(184)) - Totally added 1 delete blocks command for 1 datanodes, task elapsed time: 1ms
2019-10-21 21:52:58,103 [06b05a7f-a473-42c9-9200-88e1a405b515@group-4337A83AA8DB-LeaderElection35] INFO  server.RaftServerConfigKeys (ConfUtils.java:logGet(43)) - raft.server.log.appender.snapshot.chunk.size.max = 16MB (=16777216) (default)
2019-10-21 21:52:58,103 [06b05a7f-a473-42c9-9200-88e1a405b515@group-4337A83AA8DB-LeaderElection35] INFO  server.RaftServerConfigKeys (ConfUtils.java:logGet(43)) - raft.server.log.appender.buffer.byte-limit = 33554432 (custom)
2019-10-21 21:52:58,103 [06b05a7f-a473-42c9-9200-88e1a405b515@group-4337A83AA8DB-LeaderElection35] INFO  server.RaftServerConfigKeys (ConfUtils.java:logGet(43)) - raft.server.log.appender.buffer.element-limit = 1 (custom)
2019-10-21 21:52:58,103 [06b05a7f-a473-42c9-9200-88e1a405b515@group-4337A83AA8DB-LeaderElection35] INFO  grpc.GrpcConfigKeys$Server (ConfUtils.java:logGet(43)) - raft.grpc.server.leader.outstanding.appends.max = 128 (default)
2019-10-21 21:52:58,104 [06b05a7f-a473-42c9-9200-88e1a405b515@group-4337A83AA8DB-LeaderElection35] INFO  server.RaftServerConfigKeys (ConfUtils.java:logGet(43)) - raft.server.rpc.request.timeout = 3000ms (default)
2019-10-21 21:52:58,104 [06b05a7f-a473-42c9-9200-88e1a405b515@group-4337A83AA8DB-LeaderElection35] INFO  server.RaftServerConfigKeys (ConfUtils.java:logGet(43)) - raft.server.log.appender.install.snapshot.enabled = false (custom)
2019-10-21 21:52:58,107 [06b05a7f-a473-42c9-9200-88e1a405b515@group-4337A83AA8DB-LeaderElection35] INFO  impl.RoleInfo (RoleInfo.java:updateAndGet(143)) - 06b05a7f-a473-42c9-9200-88e1a405b515: start LeaderState
2019-10-21 21:52:58,107 [06b05a7f-a473-42c9-9200-88e1a405b515@group-4337A83AA8DB-LeaderElection35] INFO  segmented.SegmentedRaftLogWorker (SegmentedRaftLogWorker.java:startLogSegment(385)) - 06b05a7f-a473-42c9-9200-88e1a405b515@group-4337A83AA8DB-SegmentedRaftLogWorker: Starting segment from index:0
2019-10-21 21:52:58,107 [e5ffd24e-bf4a-4ea8-9998-5222e19566cd@group-7886DAA09D7B-LeaderElection36] INFO  impl.LeaderElection (LeaderElection.java:askForVotes(178)) - e5ffd24e-bf4a-4ea8-9998-5222e19566cd@group-7886DAA09D7B-LeaderElection36: begin an election at term 32 for 0: [e5ffd24e-bf4a-4ea8-9998-5222e19566cd:192.168.34.8:41621, 06b05a7f-a473-42c9-9200-88e1a405b515:192.168.34.8:42604, 0794a7c8-829f-468b-b883-2035423e3fbd:192.168.34.8:36706], old=null
2019-10-21 21:52:58,108 [06b05a7f-a473-42c9-9200-88e1a405b515@group-4337A83AA8DB-LeaderElection35] INFO  impl.RaftServerImpl (ServerState.java:setRaftConf(357)) - 06b05a7f-a473-42c9-9200-88e1a405b515@group-4337A83AA8DB: set configuration 0: [e5ffd24e-bf4a-4ea8-9998-5222e19566cd:192.168.34.8:41621, 06b05a7f-a473-42c9-9200-88e1a405b515:192.168.34.8:42604, 0794a7c8-829f-468b-b883-2035423e3fbd:192.168.34.8:36706], old=null at 0
2019-10-21 21:52:58,110 [grpc-default-executor-0] INFO  impl.RaftServerImpl (RaftServerImpl.java:setRole(184)) - 0794a7c8-829f-468b-b883-2035423e3fbd@group-7886DAA09D7B: changes role from  FOLLOWER to FOLLOWER at term 32 for recognizeCandidate:e5ffd24e-bf4a-4ea8-9998-5222e19566cd
2019-10-21 21:52:58,110 [grpc-default-executor-2] INFO  impl.RaftServerImpl (RaftServerImpl.java:setRole(184)) - 06b05a7f-a473-42c9-9200-88e1a405b515@group-7886DAA09D7B: changes role from  FOLLOWER to FOLLOWER at term 32 for recognizeCandidate:e5ffd24e-bf4a-4ea8-9998-5222e19566cd
2019-10-21 21:52:58,110 [grpc-default-executor-1] INFO  impl.RaftServerImpl (ServerState.java:setLeader(256)) - e5ffd24e-bf4a-4ea8-9998-5222e19566cd@group-4337A83AA8DB: change Leader from null to 06b05a7f-a473-42c9-9200-88e1a405b515 at term 2 for appendEntries, leader elected after 46ms
2019-10-21 21:52:58,110 [grpc-default-executor-2] INFO  impl.RoleInfo (RoleInfo.java:shutdownFollowerState(121)) - 06b05a7f-a473-42c9-9200-88e1a405b515: shutdown FollowerState
2019-10-21 21:52:58,110 [grpc-default-executor-0] INFO  impl.RoleInfo (RoleInfo.java:shutdownFollowerState(121)) - 0794a7c8-829f-468b-b883-2035423e3fbd: shutdown FollowerState
2019-10-21 21:52:58,110 [Thread-762] INFO  impl.FollowerState (FollowerState.java:run(117)) - 06b05a7f-a473-42c9-9200-88e1a405b515@group-7886DAA09D7B-FollowerState was interrupted: java.lang.InterruptedException: sleep interrupted
2019-10-21 21:52:58,110 [grpc-default-executor-0] INFO  impl.RoleInfo (RoleInfo.java:updateAndGet(143)) - 0794a7c8-829f-468b-b883-2035423e3fbd: start FollowerState
2019-10-21 21:52:58,110 [grpc-default-executor-3] INFO  impl.RaftServerImpl (ServerState.java:setLeader(256)) - 0794a7c8-829f-468b-b883-2035423e3fbd@group-4337A83AA8DB: change Leader from null to 06b05a7f-a473-42c9-9200-88e1a405b515 at term 2 for appendEntries, leader elected after 49ms
2019-10-21 21:52:58,110 [grpc-default-executor-2] INFO  impl.RoleInfo (RoleInfo.java:updateAndGet(143)) - 06b05a7f-a473-42c9-9200-88e1a405b515: start FollowerState
2019-10-21 21:52:58,111 [Thread-763] INFO  impl.FollowerState (FollowerState.java:run(117)) - 0794a7c8-829f-468b-b883-2035423e3fbd@group-7886DAA09D7B-FollowerState was interrupted: java.lang.InterruptedException: sleep interrupted
2019-10-21 21:52:58,113 [grpc-default-executor-3] INFO  impl.RaftServerImpl (ServerState.java:setRaftConf(357)) - e5ffd24e-bf4a-4ea8-9998-5222e19566cd@group-4337A83AA8DB: set configuration 0: [e5ffd24e-bf4a-4ea8-9998-5222e19566cd:192.168.34.8:41621, 06b05a7f-a473-42c9-9200-88e1a405b515:192.168.34.8:42604, 0794a7c8-829f-468b-b883-2035423e3fbd:192.168.34.8:36706], old=null at 0
2019-10-21 21:52:58,113 [grpc-default-executor-3] INFO  segmented.SegmentedRaftLogWorker (SegmentedRaftLogWorker.java:startLogSegment(385)) - e5ffd24e-bf4a-4ea8-9998-5222e19566cd@group-4337A83AA8DB-SegmentedRaftLogWorker: Starting segment from index:0
2019-10-21 21:52:58,113 [grpc-default-executor-1] INFO  impl.RaftServerImpl (ServerState.java:setRaftConf(357)) - 0794a7c8-829f-468b-b883-2035423e3fbd@group-4337A83AA8DB: set configuration 0: [e5ffd24e-bf4a-4ea8-9998-5222e19566cd:192.168.34.8:41621, 06b05a7f-a473-42c9-9200-88e1a405b515:192.168.34.8:42604, 0794a7c8-829f-468b-b883-2035423e3fbd:192.168.34.8:36706], old=null at 0
2019-10-21 21:52:58,116 [grpc-default-executor-1] INFO  segmented.SegmentedRaftLogWorker (SegmentedRaftLogWorker.java:truncate(401)) - 0794a7c8-829f-468b-b883-2035423e3fbd@group-4337A83AA8DB-SegmentedRaftLogWorker: Truncating segments toTruncate: null
  toDelete: [(0, 0) isOpen? true, length=0, newEndIndex=-1], start index 0
2019-10-21 21:52:58,116 [grpc-default-executor-1] INFO  segmented.SegmentedRaftLogWorker (SegmentedRaftLogWorker.java:startLogSegment(385)) - 0794a7c8-829f-468b-b883-2035423e3fbd@group-4337A83AA8DB-SegmentedRaftLogWorker: Starting segment from index:0
2019-10-21 21:52:58,118 [0794a7c8-829f-468b-b883-2035423e3fbd@group-4337A83AA8DB-SegmentedRaftLogWorker] INFO  segmented.SegmentedRaftLogWorker (SegmentedRaftLogWorker.java:execute(640)) - 0794a7c8-829f-468b-b883-2035423e3fbd@group-4337A83AA8DB-SegmentedRaftLogWorker: Deleted log file /workdir/hadoop-ozone/integration-test/target/test-dir/MiniOzoneClusterImpl-06dedcb5-84fe-4716-9b2a-3f157192d9ff/datanode-0/data/ratis/8e970d02-d230-45b5-ab3b-4337a83aa8db/current/log_inprogress_0
2019-10-21 21:52:58,118 [0794a7c8-829f-468b-b883-2035423e3fbd@group-4337A83AA8DB-SegmentedRaftLogWorker] INFO  segmented.SegmentedRaftLogWorker (SegmentedRaftLogWorker.java:lambda$new$0(128)) - 0794a7c8-829f-468b-b883-2035423e3fbd@group-4337A83AA8DB-SegmentedRaftLogWorker: flushIndex: setUnconditionally 0 -> -1
2019-10-21 21:52:58,125 [e5ffd24e-bf4a-4ea8-9998-5222e19566cd@group-7886DAA09D7B-LeaderElection36] INFO  impl.LeaderElection (LeaderElection.java:logAndReturn(56)) - e5ffd24e-bf4a-4ea8-9998-5222e19566cd@group-7886DAA09D7B-LeaderElection36: Election REJECTED; received 2 response(s) [e5ffd24e-bf4a-4ea8-9998-5222e19566cd<-06b05a7f-a473-42c9-9200-88e1a405b515#0:FAIL-t32, e5ffd24e-bf4a-4ea8-9998-5222e19566cd<-0794a7c8-829f-468b-b883-2035423e3fbd#0:FAIL-t32] and 0 exception(s); e5ffd24e-bf4a-4ea8-9998-5222e19566cd@group-7886DAA09D7B:t32, leader=null, voted=e5ffd24e-bf4a-4ea8-9998-5222e19566cd, raftlog=e5ffd24e-bf4a-4ea8-9998-5222e19566cd@group-7886DAA09D7B-SegmentedRaftLog:OPENED:c3,f4,i4, conf=0: [e5ffd24e-bf4a-4ea8-9998-5222e19566cd:192.168.34.8:41621, 06b05a7f-a473-42c9-9200-88e1a405b515:192.168.34.8:42604, 0794a7c8-829f-468b-b883-2035423e3fbd:192.168.34.8:36706], old=null
2019-10-21 21:52:58,125 [e5ffd24e-bf4a-4ea8-9998-5222e19566cd@group-7886DAA09D7B-LeaderElection36] INFO  impl.RaftServerImpl (RaftServerImpl.java:setRole(184)) - e5ffd24e-bf4a-4ea8-9998-5222e19566cd@group-7886DAA09D7B: changes role from CANDIDATE to FOLLOWER at term 32 for DISCOVERED_A_NEW_TERM
2019-10-21 21:52:58,126 [e5ffd24e-bf4a-4ea8-9998-5222e19566cd@group-7886DAA09D7B-LeaderElection36] INFO  impl.RoleInfo (RoleInfo.java:shutdownLeaderElection(134)) - e5ffd24e-bf4a-4ea8-9998-5222e19566cd: shutdown LeaderElection
2019-10-21 21:52:58,126 [e5ffd24e-bf4a-4ea8-9998-5222e19566cd@group-7886DAA09D7B-LeaderElection36] INFO  impl.RoleInfo (RoleInfo.java:updateAndGet(143)) - e5ffd24e-bf4a-4ea8-9998-5222e19566cd: start FollowerState
2019-10-21 21:52:58,154 [0794a7c8-829f-468b-b883-2035423e3fbd@group-4337A83AA8DB-SegmentedRaftLogWorker] INFO  segmented.SegmentedRaftLogWorker (SegmentedRaftLogWorker.java:execute(576)) - 0794a7c8-829f-468b-b883-2035423e3fbd@group-4337A83AA8DB-SegmentedRaftLogWorker: created new log segment /workdir/hadoop-ozone/integration-test/target/test-dir/MiniOzoneClusterImpl-06dedcb5-84fe-4716-9b2a-3f157192d9ff/datanode-0/data/ratis/8e970d02-d230-45b5-ab3b-4337a83aa8db/current/log_inprogress_0
2019-10-21 21:52:58,154 [06b05a7f-a473-42c9-9200-88e1a405b515@group-4337A83AA8DB-SegmentedRaftLogWorker] INFO  segmented.SegmentedRaftLogWorker (SegmentedRaftLogWorker.java:execute(576)) - 06b05a7f-a473-42c9-9200-88e1a405b515@group-4337A83AA8DB-SegmentedRaftLogWorker: created new log segment /workdir/hadoop-ozone/integration-test/target/test-dir/MiniOzoneClusterImpl-06dedcb5-84fe-4716-9b2a-3f157192d9ff/datanode-1/data/ratis/8e970d02-d230-45b5-ab3b-4337a83aa8db/current/log_inprogress_0
2019-10-21 21:52:58,154 [e5ffd24e-bf4a-4ea8-9998-5222e19566cd@group-4337A83AA8DB-SegmentedRaftLogWorker] INFO  segmented.SegmentedRaftLogWorker (SegmentedRaftLogWorker.java:execute(576)) - e5ffd24e-bf4a-4ea8-9998-5222e19566cd@group-4337A83AA8DB-SegmentedRaftLogWorker: created new log segment /workdir/hadoop-ozone/integration-test/target/test-dir/MiniOzoneClusterImpl-06dedcb5-84fe-4716-9b2a-3f157192d9ff/datanode-2/data/ratis/8e970d02-d230-45b5-ab3b-4337a83aa8db/current/log_inprogress_0
2019-10-21 21:52:58,174 [EventQueue-PendingDeleteStatusForPendingDeleteHandler] INFO  block.SCMBlockDeletingService (SCMBlockDeletingService.java:handlePendingDeletes(115)) - Block deletion txnID mismatch in datanode e5ffd24e-bf4a-4ea8-9998-5222e19566cd for containerID 1. Datanode delete txnID: 0, SCM txnID: 1
2019-10-21 21:52:58,200 [Thread-799] INFO  impl.FollowerState (FollowerState.java:run(108)) - e5ffd24e-bf4a-4ea8-9998-5222e19566cd@group-7886DAA09D7B-FollowerState: change to CANDIDATE, lastRpcTime:74ms, electionTimeout:74ms
2019-10-21 21:52:58,200 [Thread-799] INFO  impl.RoleInfo (RoleInfo.java:shutdownFollowerState(121)) - e5ffd24e-bf4a-4ea8-9998-5222e19566cd: shutdown FollowerState
2019-10-21 21:52:58,201 [Thread-799] INFO  impl.RaftServerImpl (RaftServerImpl.java:setRole(184)) - e5ffd24e-bf4a-4ea8-9998-5222e19566cd@group-7886DAA09D7B: changes role from  FOLLOWER to CANDIDATE at term 32 for changeToCandidate
2019-10-21 21:52:58,201 [Thread-799] INFO  impl.RoleInfo (RoleInfo.java:updateAndGet(143)) - e5ffd24e-bf4a-4ea8-9998-5222e19566cd: start LeaderElection
2019-10-21 21:52:58,214 [e5ffd24e-bf4a-4ea8-9998-5222e19566cd@group-7886DAA09D7B-LeaderElection37] INFO  impl.LeaderElection (LeaderElection.java:askForVotes(178)) - e5ffd24e-bf4a-4ea8-9998-5222e19566cd@group-7886DAA09D7B-LeaderElection37: begin an election at term 33 for 0: [e5ffd24e-bf4a-4ea8-9998-5222e19566cd:192.168.34.8:41621, 06b05a7f-a473-42c9-9200-88e1a405b515:192.168.34.8:42604, 0794a7c8-829f-468b-b883-2035423e3fbd:192.168.34.8:36706], old=null
2019-10-21 21:52:58,217 [grpc-default-executor-2] INFO  impl.RaftServerImpl (RaftServerImpl.java:setRole(184)) - 06b05a7f-a473-42c9-9200-88e1a405b515@group-7886DAA09D7B: changes role from  FOLLOWER to FOLLOWER at term 33 for recognizeCandidate:e5ffd24e-bf4a-4ea8-9998-5222e19566cd
2019-10-21 21:52:58,217 [grpc-default-executor-2] INFO  impl.RoleInfo (RoleInfo.java:shutdownFollowerState(121)) - 06b05a7f-a473-42c9-9200-88e1a405b515: shutdown FollowerState
2019-10-21 21:52:58,217 [grpc-default-executor-2] INFO  impl.RoleInfo (RoleInfo.java:updateAndGet(143)) - 06b05a7f-a473-42c9-9200-88e1a405b515: start FollowerState
2019-10-21 21:52:58,217 [Thread-796] INFO  impl.FollowerState (FollowerState.java:run(117)) - 06b05a7f-a473-42c9-9200-88e1a405b515@group-7886DAA09D7B-FollowerState was interrupted: java.lang.InterruptedException: sleep interrupted
2019-10-21 21:52:58,217 [grpc-default-executor-0] INFO  impl.RaftServerImpl (RaftServerImpl.java:setRole(184)) - 0794a7c8-829f-468b-b883-2035423e3fbd@group-7886DAA09D7B: changes role from  FOLLOWER to FOLLOWER at term 33 for recognizeCandidate:e5ffd24e-bf4a-4ea8-9998-5222e19566cd
2019-10-21 21:52:58,218 [grpc-default-executor-0] INFO  impl.RoleInfo (RoleInfo.java:shutdownFollowerState(121)) - 0794a7c8-829f-468b-b883-2035423e3fbd: shutdown FollowerState
2019-10-21 21:52:58,218 [grpc-default-executor-0] INFO  impl.RoleInfo (RoleInfo.java:updateAndGet(143)) - 0794a7c8-829f-468b-b883-2035423e3fbd: start FollowerState
2019-10-21 21:52:58,218 [Thread-797] INFO  impl.FollowerState (FollowerState.java:run(117)) - 0794a7c8-829f-468b-b883-2035423e3fbd@group-7886DAA09D7B-FollowerState was interrupted: java.lang.InterruptedException: sleep interrupted
2019-10-21 21:52:58,232 [e5ffd24e-bf4a-4ea8-9998-5222e19566cd@group-7886DAA09D7B-LeaderElection37] INFO  impl.LeaderElection (LeaderElection.java:logAndReturn(56)) - e5ffd24e-bf4a-4ea8-9998-5222e19566cd@group-7886DAA09D7B-LeaderElection37: Election REJECTED; received 2 response(s) [e5ffd24e-bf4a-4ea8-9998-5222e19566cd<-06b05a7f-a473-42c9-9200-88e1a405b515#0:FAIL-t33, e5ffd24e-bf4a-4ea8-9998-5222e19566cd<-0794a7c8-829f-468b-b883-2035423e3fbd#0:FAIL-t33] and 0 exception(s); e5ffd24e-bf4a-4ea8-9998-5222e19566cd@group-7886DAA09D7B:t33, leader=null, voted=e5ffd24e-bf4a-4ea8-9998-5222e19566cd, raftlog=e5ffd24e-bf4a-4ea8-9998-5222e19566cd@group-7886DAA09D7B-SegmentedRaftLog:OPENED:c3,f4,i4, conf=0: [e5ffd24e-bf4a-4ea8-9998-5222e19566cd:192.168.34.8:41621, 06b05a7f-a473-42c9-9200-88e1a405b515:192.168.34.8:42604, 0794a7c8-829f-468b-b883-2035423e3fbd:192.168.34.8:36706], old=null
2019-10-21 21:52:58,232 [e5ffd24e-bf4a-4ea8-9998-5222e19566cd@group-7886DAA09D7B-LeaderElection37] INFO  impl.RaftServerImpl (RaftServerImpl.java:setRole(184)) - e5ffd24e-bf4a-4ea8-9998-5222e19566cd@group-7886DAA09D7B: changes role from CANDIDATE to FOLLOWER at term 33 for DISCOVERED_A_NEW_TERM
2019-10-21 21:52:58,232 [e5ffd24e-bf4a-4ea8-9998-5222e19566cd@group-7886DAA09D7B-LeaderElection37] INFO  impl.RoleInfo (RoleInfo.java:shutdownLeaderElection(134)) - e5ffd24e-bf4a-4ea8-9998-5222e19566cd: shutdown LeaderElection
2019-10-21 21:52:58,232 [e5ffd24e-bf4a-4ea8-9998-5222e19566cd@group-7886DAA09D7B-LeaderElection37] INFO  impl.RoleInfo (RoleInfo.java:updateAndGet(143)) - e5ffd24e-bf4a-4ea8-9998-5222e19566cd: start FollowerState
2019-10-21 21:52:58,280 [Thread-807] INFO  impl.FollowerState (FollowerState.java:run(108)) - e5ffd24e-bf4a-4ea8-9998-5222e19566cd@group-7886DAA09D7B-FollowerState: change to CANDIDATE, lastRpcTime:48ms, electionTimeout:48ms
2019-10-21 21:52:58,281 [Thread-807] INFO  impl.RoleInfo (RoleInfo.java:shutdownFollowerState(121)) - e5ffd24e-bf4a-4ea8-9998-5222e19566cd: shutdown FollowerState
2019-10-21 21:52:58,281 [Thread-807] INFO  impl.RaftServerImpl (RaftServerImpl.java:setRole(184)) - e5ffd24e-bf4a-4ea8-9998-5222e19566cd@group-7886DAA09D7B: changes role from  FOLLOWER to CANDIDATE at term 33 for changeToCandidate
2019-10-21 21:52:58,281 [Thread-807] INFO  impl.RoleInfo (RoleInfo.java:updateAndGet(143)) - e5ffd24e-bf4a-4ea8-9998-5222e19566cd: start LeaderElection
2019-10-21 21:52:58,294 [e5ffd24e-bf4a-4ea8-9998-5222e19566cd@group-7886DAA09D7B-LeaderElection38] INFO  impl.LeaderElection (LeaderElection.java:askForVotes(178)) - e5ffd24e-bf4a-4ea8-9998-5222e19566cd@group-7886DAA09D7B-LeaderElection38: begin an election at term 34 for 0: [e5ffd24e-bf4a-4ea8-9998-5222e19566cd:192.168.34.8:41621, 06b05a7f-a473-42c9-9200-88e1a405b515:192.168.34.8:42604, 0794a7c8-829f-468b-b883-2035423e3fbd:192.168.34.8:36706], old=null
2019-10-21 21:52:58,296 [grpc-default-executor-0] INFO  impl.RaftServerImpl (RaftServerImpl.java:setRole(184)) - 06b05a7f-a473-42c9-9200-88e1a405b515@group-7886DAA09D7B: changes role from  FOLLOWER to FOLLOWER at term 34 for recognizeCandidate:e5ffd24e-bf4a-4ea8-9998-5222e19566cd
2019-10-21 21:52:58,297 [grpc-default-executor-2] INFO  impl.RaftServerImpl (RaftServerImpl.java:setRole(184)) - 0794a7c8-829f-468b-b883-2035423e3fbd@group-7886DAA09D7B: changes role from  FOLLOWER to FOLLOWER at term 34 for recognizeCandidate:e5ffd24e-bf4a-4ea8-9998-5222e19566cd
2019-10-21 21:52:58,297 [grpc-default-executor-0] INFO  impl.RoleInfo (RoleInfo.java:shutdownFollowerState(121)) - 06b05a7f-a473-42c9-9200-88e1a405b515: shutdown FollowerState
2019-10-21 21:52:58,297 [grpc-default-executor-2] INFO  impl.RoleInfo (RoleInfo.java:shutdownFollowerState(121)) - 0794a7c8-829f-468b-b883-2035423e3fbd: shutdown FollowerState
2019-10-21 21:52:58,297 [grpc-default-executor-0] INFO  impl.RoleInfo (RoleInfo.java:updateAndGet(143)) - 06b05a7f-a473-42c9-9200-88e1a405b515: start FollowerState
2019-10-21 21:52:58,297 [Thread-805] INFO  impl.FollowerState (FollowerState.java:run(117)) - 06b05a7f-a473-42c9-9200-88e1a405b515@group-7886DAA09D7B-FollowerState was interrupted: java.lang.InterruptedException: sleep interrupted
2019-10-21 21:52:58,297 [Thread-806] INFO  impl.FollowerState (FollowerState.java:run(117)) - 0794a7c8-829f-468b-b883-2035423e3fbd@group-7886DAA09D7B-FollowerState was interrupted: java.lang.InterruptedException: sleep interrupted
2019-10-21 21:52:58,297 [grpc-default-executor-2] INFO  impl.RoleInfo (RoleInfo.java:updateAndGet(143)) - 0794a7c8-829f-468b-b883-2035423e3fbd: start FollowerState
2019-10-21 21:52:58,324 [e5ffd24e-bf4a-4ea8-9998-5222e19566cd@group-7886DAA09D7B-LeaderElection38] INFO  impl.LeaderElection (LeaderElection.java:logAndReturn(56)) - e5ffd24e-bf4a-4ea8-9998-5222e19566cd@group-7886DAA09D7B-LeaderElection38: Election REJECTED; received 2 response(s) [e5ffd24e-bf4a-4ea8-9998-5222e19566cd<-06b05a7f-a473-42c9-9200-88e1a405b515#0:FAIL-t34, e5ffd24e-bf4a-4ea8-9998-5222e19566cd<-0794a7c8-829f-468b-b883-2035423e3fbd#0:FAIL-t34] and 0 exception(s); e5ffd24e-bf4a-4ea8-9998-5222e19566cd@group-7886DAA09D7B:t34, leader=null, voted=e5ffd24e-bf4a-4ea8-9998-5222e19566cd, raftlog=e5ffd24e-bf4a-4ea8-9998-5222e19566cd@group-7886DAA09D7B-SegmentedRaftLog:OPENED:c3,f4,i4, conf=0: [e5ffd24e-bf4a-4ea8-9998-5222e19566cd:192.168.34.8:41621, 06b05a7f-a473-42c9-9200-88e1a405b515:192.168.34.8:42604, 0794a7c8-829f-468b-b883-2035423e3fbd:192.168.34.8:36706], old=null
2019-10-21 21:52:58,325 [e5ffd24e-bf4a-4ea8-9998-5222e19566cd@group-7886DAA09D7B-LeaderElection38] INFO  impl.RaftServerImpl (RaftServerImpl.java:setRole(184)) - e5ffd24e-bf4a-4ea8-9998-5222e19566cd@group-7886DAA09D7B: changes role from CANDIDATE to FOLLOWER at term 34 for DISCOVERED_A_NEW_TERM
2019-10-21 21:52:58,325 [e5ffd24e-bf4a-4ea8-9998-5222e19566cd@group-7886DAA09D7B-LeaderElection38] INFO  impl.RoleInfo (RoleInfo.java:shutdownLeaderElection(134)) - e5ffd24e-bf4a-4ea8-9998-5222e19566cd: shutdown LeaderElection
2019-10-21 21:52:58,325 [e5ffd24e-bf4a-4ea8-9998-5222e19566cd@group-7886DAA09D7B-LeaderElection38] INFO  impl.RoleInfo (RoleInfo.java:updateAndGet(143)) - e5ffd24e-bf4a-4ea8-9998-5222e19566cd: start FollowerState
2019-10-21 21:52:58,462 [Thread-813] INFO  impl.FollowerState (FollowerState.java:run(108)) - e5ffd24e-bf4a-4ea8-9998-5222e19566cd@group-7886DAA09D7B-FollowerState: change to CANDIDATE, lastRpcTime:136ms, electionTimeout:136ms
2019-10-21 21:52:58,462 [Thread-813] INFO  impl.RoleInfo (RoleInfo.java:shutdownFollowerState(121)) - e5ffd24e-bf4a-4ea8-9998-5222e19566cd: shutdown FollowerState
2019-10-21 21:52:58,462 [Thread-813] INFO  impl.RaftServerImpl (RaftServerImpl.java:setRole(184)) - e5ffd24e-bf4a-4ea8-9998-5222e19566cd@group-7886DAA09D7B: changes role from  FOLLOWER to CANDIDATE at term 34 for changeToCandidate
2019-10-21 21:52:58,462 [Thread-813] INFO  impl.RoleInfo (RoleInfo.java:updateAndGet(143)) - e5ffd24e-bf4a-4ea8-9998-5222e19566cd: start LeaderElection
2019-10-21 21:52:58,470 [e5ffd24e-bf4a-4ea8-9998-5222e19566cd@group-7886DAA09D7B-LeaderElection39] INFO  impl.LeaderElection (LeaderElection.java:askForVotes(178)) - e5ffd24e-bf4a-4ea8-9998-5222e19566cd@group-7886DAA09D7B-LeaderElection39: begin an election at term 35 for 0: [e5ffd24e-bf4a-4ea8-9998-5222e19566cd:192.168.34.8:41621, 06b05a7f-a473-42c9-9200-88e1a405b515:192.168.34.8:42604, 0794a7c8-829f-468b-b883-2035423e3fbd:192.168.34.8:36706], old=null
2019-10-21 21:52:58,474 [grpc-default-executor-2] INFO  impl.RaftServerImpl (RaftServerImpl.java:setRole(184)) - 0794a7c8-829f-468b-b883-2035423e3fbd@group-7886DAA09D7B: changes role from  FOLLOWER to FOLLOWER at term 35 for recognizeCandidate:e5ffd24e-bf4a-4ea8-9998-5222e19566cd
2019-10-21 21:52:58,474 [grpc-default-executor-0] INFO  impl.RaftServerImpl (RaftServerImpl.java:setRole(184)) - 06b05a7f-a473-42c9-9200-88e1a405b515@group-7886DAA09D7B: changes role from  FOLLOWER to FOLLOWER at term 35 for recognizeCandidate:e5ffd24e-bf4a-4ea8-9998-5222e19566cd
2019-10-21 21:52:58,474 [grpc-default-executor-2] INFO  impl.RoleInfo (RoleInfo.java:shutdownFollowerState(121)) - 0794a7c8-829f-468b-b883-2035423e3fbd: shutdown FollowerState
2019-10-21 21:52:58,474 [grpc-default-executor-0] INFO  impl.RoleInfo (RoleInfo.java:shutdownFollowerState(121)) - 06b05a7f-a473-42c9-9200-88e1a405b515: shutdown FollowerState
2019-10-21 21:52:58,474 [Thread-812] INFO  impl.FollowerState (FollowerState.java:run(117)) - 0794a7c8-829f-468b-b883-2035423e3fbd@group-7886DAA09D7B-FollowerState was interrupted: java.lang.InterruptedException: sleep interrupted
2019-10-21 21:52:58,474 [grpc-default-executor-2] INFO  impl.RoleInfo (RoleInfo.java:updateAndGet(143)) - 0794a7c8-829f-468b-b883-2035423e3fbd: start FollowerState
2019-10-21 21:52:58,474 [grpc-default-executor-0] INFO  impl.RoleInfo (RoleInfo.java:updateAndGet(143)) - 06b05a7f-a473-42c9-9200-88e1a405b515: start FollowerState
2019-10-21 21:52:58,474 [Thread-811] INFO  impl.FollowerState (FollowerState.java:run(117)) - 06b05a7f-a473-42c9-9200-88e1a405b515@group-7886DAA09D7B-FollowerState was interrupted: java.lang.InterruptedException: sleep interrupted
2019-10-21 21:52:58,489 [e5ffd24e-bf4a-4ea8-9998-5222e19566cd@group-7886DAA09D7B-LeaderElection39] INFO  impl.LeaderElection (LeaderElection.java:logAndReturn(56)) - e5ffd24e-bf4a-4ea8-9998-5222e19566cd@group-7886DAA09D7B-LeaderElection39: Election REJECTED; received 2 response(s) [e5ffd24e-bf4a-4ea8-9998-5222e19566cd<-06b05a7f-a473-42c9-9200-88e1a405b515#0:FAIL-t35, e5ffd24e-bf4a-4ea8-9998-5222e19566cd<-0794a7c8-829f-468b-b883-2035423e3fbd#0:FAIL-t35] and 0 exception(s); e5ffd24e-bf4a-4ea8-9998-5222e19566cd@group-7886DAA09D7B:t35, leader=null, voted=e5ffd24e-bf4a-4ea8-9998-5222e19566cd, raftlog=e5ffd24e-bf4a-4ea8-9998-5222e19566cd@group-7886DAA09D7B-SegmentedRaftLog:OPENED:c3,f4,i4, conf=0: [e5ffd24e-bf4a-4ea8-9998-5222e19566cd:192.168.34.8:41621, 06b05a7f-a473-42c9-9200-88e1a405b515:192.168.34.8:42604, 0794a7c8-829f-468b-b883-2035423e3fbd:192.168.34.8:36706], old=null
2019-10-21 21:52:58,489 [e5ffd24e-bf4a-4ea8-9998-5222e19566cd@group-7886DAA09D7B-LeaderElection39] INFO  impl.RaftServerImpl (RaftServerImpl.java:setRole(184)) - e5ffd24e-bf4a-4ea8-9998-5222e19566cd@group-7886DAA09D7B: changes role from CANDIDATE to FOLLOWER at term 35 for DISCOVERED_A_NEW_TERM
2019-10-21 21:52:58,489 [e5ffd24e-bf4a-4ea8-9998-5222e19566cd@group-7886DAA09D7B-LeaderElection39] INFO  impl.RoleInfo (RoleInfo.java:shutdownLeaderElection(134)) - e5ffd24e-bf4a-4ea8-9998-5222e19566cd: shutdown LeaderElection
2019-10-21 21:52:58,489 [e5ffd24e-bf4a-4ea8-9998-5222e19566cd@group-7886DAA09D7B-LeaderElection39] INFO  impl.RoleInfo (RoleInfo.java:updateAndGet(143)) - e5ffd24e-bf4a-4ea8-9998-5222e19566cd: start FollowerState
2019-10-21 21:52:58,575 [EventQueue-PendingDeleteStatusForPendingDeleteHandler] INFO  block.SCMBlockDeletingService (SCMBlockDeletingService.java:handlePendingDeletes(115)) - Block deletion txnID mismatch in datanode e5ffd24e-bf4a-4ea8-9998-5222e19566cd for containerID 1. Datanode delete txnID: 0, SCM txnID: 1
2019-10-21 21:52:58,651 [BlockDeletingService#2] WARN  background.BlockDeletingService (BlockDeletingService.java:isDeletionAllowed(187)) - Close Container log Index 6 is not replicated across allthe servers in the pipeline 57ddd59c-82e7-4c8a-99fd-7886daa09d7b as the min replicated index is 4. Deletion is not allowed in this container yet.
2019-10-21 21:52:58,651 [BlockDeletingService#2] WARN  background.BlockDeletingService (BlockDeletingService.java:isDeletionAllowed(187)) - Close Container log Index 6 is not replicated across allthe servers in the pipeline 57ddd59c-82e7-4c8a-99fd-7886daa09d7b as the min replicated index is 4. Deletion is not allowed in this container yet.
2019-10-21 21:52:58,687 [Thread-819] INFO  impl.FollowerState (FollowerState.java:run(108)) - e5ffd24e-bf4a-4ea8-9998-5222e19566cd@group-7886DAA09D7B-FollowerState: change to CANDIDATE, lastRpcTime:197ms, electionTimeout:197ms
2019-10-21 21:52:58,687 [Thread-819] INFO  impl.RoleInfo (RoleInfo.java:shutdownFollowerState(121)) - e5ffd24e-bf4a-4ea8-9998-5222e19566cd: shutdown FollowerState
2019-10-21 21:52:58,687 [Thread-819] INFO  impl.RaftServerImpl (RaftServerImpl.java:setRole(184)) - e5ffd24e-bf4a-4ea8-9998-5222e19566cd@group-7886DAA09D7B: changes role from  FOLLOWER to CANDIDATE at term 35 for changeToCandidate
2019-10-21 21:52:58,687 [Thread-819] INFO  impl.RoleInfo (RoleInfo.java:updateAndGet(143)) - e5ffd24e-bf4a-4ea8-9998-5222e19566cd: start LeaderElection
2019-10-21 21:52:58,693 [e5ffd24e-bf4a-4ea8-9998-5222e19566cd@group-7886DAA09D7B-LeaderElection40] INFO  impl.LeaderElection (LeaderElection.java:askForVotes(178)) - e5ffd24e-bf4a-4ea8-9998-5222e19566cd@group-7886DAA09D7B-LeaderElection40: begin an election at term 36 for 0: [e5ffd24e-bf4a-4ea8-9998-5222e19566cd:192.168.34.8:41621, 06b05a7f-a473-42c9-9200-88e1a405b515:192.168.34.8:42604, 0794a7c8-829f-468b-b883-2035423e3fbd:192.168.34.8:36706], old=null
2019-10-21 21:52:58,695 [Command processor thread] INFO  commandhandler.DeleteBlocksCommandHandler (DeleteBlocksCommandHandler.java:handle(106)) - Start to delete container blocks, TXIDs=[1(0)], numOfContainers=1, numOfBlocks=1
2019-10-21 21:52:58,696 [Command processor thread] INFO  commandhandler.DeleteBlocksCommandHandler (DeleteBlocksCommandHandler.java:handle(106)) - Start to delete container blocks, TXIDs=[1(2)], numOfContainers=1, numOfBlocks=1
2019-10-21 21:52:58,697 [Command processor thread] INFO  commandhandler.DeleteBlocksCommandHandler (DeleteBlocksCommandHandler.java:handle(106)) - Start to delete container blocks, TXIDs=[1(0)], numOfContainers=1, numOfBlocks=1
2019-10-21 21:52:58,697 [Command processor thread] INFO  commandhandler.DeleteBlocksCommandHandler (DeleteBlocksCommandHandler.java:handle(106)) - Start to delete container blocks, TXIDs=[1(0)], numOfContainers=1, numOfBlocks=1
2019-10-21 21:52:58,697 [Command processor thread] INFO  commandhandler.DeleteBlocksCommandHandler (DeleteBlocksCommandHandler.java:handle(106)) - Start to delete container blocks, TXIDs=[1(6)], numOfContainers=1, numOfBlocks=1
2019-10-21 21:52:58,697 [grpc-default-executor-2] INFO  impl.RaftServerImpl (RaftServerImpl.java:setRole(184)) - 0794a7c8-829f-468b-b883-2035423e3fbd@group-7886DAA09D7B: changes role from  FOLLOWER to FOLLOWER at term 36 for recognizeCandidate:e5ffd24e-bf4a-4ea8-9998-5222e19566cd
2019-10-21 21:52:58,698 [Command processor thread] INFO  commandhandler.DeleteBlocksCommandHandler (DeleteBlocksCommandHandler.java:handle(106)) - Start to delete container blocks, TXIDs=[1(2)], numOfContainers=1, numOfBlocks=1
2019-10-21 21:52:58,697 [grpc-default-executor-0] INFO  impl.RaftServerImpl (RaftServerImpl.java:setRole(184)) - 06b05a7f-a473-42c9-9200-88e1a405b515@group-7886DAA09D7B: changes role from  FOLLOWER to FOLLOWER at term 36 for recognizeCandidate:e5ffd24e-bf4a-4ea8-9998-5222e19566cd
2019-10-21 21:52:58,698 [Command processor thread] INFO  commandhandler.DeleteBlocksCommandHandler (DeleteBlocksCommandHandler.java:handle(106)) - Start to delete container blocks, TXIDs=[1(0)], numOfContainers=1, numOfBlocks=1
2019-10-21 21:52:58,698 [grpc-default-executor-2] INFO  impl.RoleInfo (RoleInfo.java:shutdownFollowerState(121)) - 0794a7c8-829f-468b-b883-2035423e3fbd: shutdown FollowerState
2019-10-21 21:52:58,698 [grpc-default-executor-0] INFO  impl.RoleInfo (RoleInfo.java:shutdownFollowerState(121)) - 06b05a7f-a473-42c9-9200-88e1a405b515: shutdown FollowerState
2019-10-21 21:52:58,698 [Thread-817] INFO  impl.FollowerState (FollowerState.java:run(117)) - 0794a7c8-829f-468b-b883-2035423e3fbd@group-7886DAA09D7B-FollowerState was interrupted: java.lang.InterruptedException: sleep interrupted
2019-10-21 21:52:58,698 [Command processor thread] INFO  commandhandler.DeleteBlocksCommandHandler (DeleteBlocksCommandHandler.java:handle(106)) - Start to delete container blocks, TXIDs=[1(6)], numOfContainers=1, numOfBlocks=1
2019-10-21 21:52:58,698 [grpc-default-executor-2] INFO  impl.RoleInfo (RoleInfo.java:updateAndGet(143)) - 0794a7c8-829f-468b-b883-2035423e3fbd: start FollowerState
2019-10-21 21:52:58,698 [Thread-818] INFO  impl.FollowerState (FollowerState.java:run(117)) - 06b05a7f-a473-42c9-9200-88e1a405b515@group-7886DAA09D7B-FollowerState was interrupted: java.lang.InterruptedException: sleep interrupted
2019-10-21 21:52:58,698 [grpc-default-executor-0] INFO  impl.RoleInfo (RoleInfo.java:updateAndGet(143)) - 06b05a7f-a473-42c9-9200-88e1a405b515: start FollowerState
2019-10-21 21:52:58,699 [Command processor thread] INFO  commandhandler.DeleteBlocksCommandHandler (DeleteBlocksCommandHandler.java:handle(106)) - Start to delete container blocks, TXIDs=[1(2)], numOfContainers=1, numOfBlocks=1
2019-10-21 21:52:58,699 [Command processor thread] INFO  commandhandler.DeleteBlocksCommandHandler (DeleteBlocksCommandHandler.java:handle(106)) - Start to delete container blocks, TXIDs=[1(6)], numOfContainers=1, numOfBlocks=1
2019-10-21 21:52:58,699 [Command processor thread] INFO  commandhandler.DeleteBlocksCommandHandler (DeleteBlocksCommandHandler.java:handle(106)) - Start to delete container blocks, TXIDs=[1(0)], numOfContainers=1, numOfBlocks=1
2019-10-21 21:52:58,700 [Command processor thread] INFO  commandhandler.DeleteBlocksCommandHandler (DeleteBlocksCommandHandler.java:handle(106)) - Start to delete container blocks, TXIDs=[1(6)], numOfContainers=1, numOfBlocks=1
2019-10-21 21:52:58,700 [Command processor thread] INFO  commandhandler.DeleteBlocksCommandHandler (DeleteBlocksCommandHandler.java:handle(106)) - Start to delete container blocks, TXIDs=[1(6)], numOfContainers=1, numOfBlocks=1
2019-10-21 21:52:58,700 [Command processor thread] INFO  commandhandler.DeleteBlocksCommandHandler (DeleteBlocksCommandHandler.java:handle(106)) - Start to delete container blocks, TXIDs=[1(2)], numOfContainers=1, numOfBlocks=1
2019-10-21 21:52:58,700 [Command processor thread] INFO  commandhandler.DeleteBlocksCommandHandler (DeleteBlocksCommandHandler.java:handle(106)) - Start to delete container blocks, TXIDs=[1(6)], numOfContainers=1, numOfBlocks=1
2019-10-21 21:52:58,700 [Command processor thread] INFO  commandhandler.DeleteBlocksCommandHandler (DeleteBlocksCommandHandler.java:handle(106)) - Start to delete container blocks, TXIDs=[1(0)], numOfContainers=1, numOfBlocks=1
2019-10-21 21:52:58,701 [Command processor thread] INFO  commandhandler.DeleteBlocksCommandHandler (DeleteBlocksCommandHandler.java:handle(106)) - Start to delete container blocks, TXIDs=[1(6)], numOfContainers=1, numOfBlocks=1
2019-10-21 21:52:58,701 [Command processor thread] INFO  commandhandler.DeleteBlocksCommandHandler (DeleteBlocksCommandHandler.java:handle(106)) - Start to delete container blocks, TXIDs=[1(6)], numOfContainers=1, numOfBlocks=1
2019-10-21 21:52:58,701 [Command processor thread] INFO  commandhandler.DeleteBlocksCommandHandler (DeleteBlocksCommandHandler.java:handle(106)) - Start to delete container blocks, TXIDs=[1(6)], numOfContainers=1, numOfBlocks=1
2019-10-21 21:52:58,701 [Command processor thread] INFO  commandhandler.DeleteBlocksCommandHandler (DeleteBlocksCommandHandler.java:handle(106)) - Start to delete container blocks, TXIDs=[1(2)], numOfContainers=1, numOfBlocks=1
2019-10-21 21:52:58,701 [Command processor thread] INFO  commandhandler.DeleteBlocksCommandHandler (DeleteBlocksCommandHandler.java:handle(106)) - Start to delete container blocks, TXIDs=[1(6)], numOfContainers=1, numOfBlocks=1
2019-10-21 21:52:58,701 [Command processor thread] INFO  commandhandler.DeleteBlocksCommandHandler (DeleteBlocksCommandHandler.java:handle(106)) - Start to delete container blocks, TXIDs=[1(0)], numOfContainers=1, numOfBlocks=1
2019-10-21 21:52:58,702 [Command processor thread] INFO  commandhandler.DeleteBlocksCommandHandler (DeleteBlocksCommandHandler.java:handle(106)) - Start to delete container blocks, TXIDs=[1(6)], numOfContainers=1, numOfBlocks=1
2019-10-21 21:52:58,702 [Command processor thread] INFO  commandhandler.DeleteBlocksCommandHandler (DeleteBlocksCommandHandler.java:handle(106)) - Start to delete container blocks, TXIDs=[1(6)], numOfContainers=1, numOfBlocks=1
2019-10-21 21:52:58,702 [Command processor thread] INFO  commandhandler.DeleteBlocksCommandHandler (DeleteBlocksCommandHandler.java:handle(106)) - Start to delete container blocks, TXIDs=[1(2)], numOfContainers=1, numOfBlocks=1
2019-10-21 21:52:58,702 [Command processor thread] INFO  commandhandler.DeleteBlocksCommandHandler (DeleteBlocksCommandHandler.java:handle(106)) - Start to delete container blocks, TXIDs=[1(6)], numOfContainers=1, numOfBlocks=1
2019-10-21 21:52:58,703 [Command processor thread] INFO  commandhandler.DeleteBlocksCommandHandler (DeleteBlocksCommandHandler.java:handle(106)) - Start to delete container blocks, TXIDs=[1(6)], numOfContainers=1, numOfBlocks=1
2019-10-21 21:52:58,703 [Command processor thread] INFO  commandhandler.DeleteBlocksCommandHandler (DeleteBlocksCommandHandler.java:handle(106)) - Start to delete container blocks, TXIDs=[1(6)], numOfContainers=1, numOfBlocks=1
2019-10-21 21:52:58,703 [Command processor thread] INFO  commandhandler.DeleteBlocksCommandHandler (DeleteBlocksCommandHandler.java:handle(106)) - Start to delete container blocks, TXIDs=[1(6)], numOfContainers=1, numOfBlocks=1
2019-10-21 21:52:58,703 [Command processor thread] INFO  commandhandler.DeleteBlocksCommandHandler (DeleteBlocksCommandHandler.java:handle(106)) - Start to delete container blocks, TXIDs=[1(0)], numOfContainers=1, numOfBlocks=1
2019-10-21 21:52:58,703 [Command processor thread] INFO  commandhandler.DeleteBlocksCommandHandler (DeleteBlocksCommandHandler.java:handle(106)) - Start to delete container blocks, TXIDs=[1(6)], numOfContainers=1, numOfBlocks=1
2019-10-21 21:52:58,703 [Command processor thread] INFO  commandhandler.DeleteBlocksCommandHandler (DeleteBlocksCommandHandler.java:handle(106)) - Start to delete container blocks, TXIDs=[1(6)], numOfContainers=1, numOfBlocks=1
2019-10-21 21:52:58,704 [Command processor thread] INFO  commandhandler.DeleteBlocksCommandHandler (DeleteBlocksCommandHandler.java:handle(106)) - Start to delete container blocks, TXIDs=[1(6)], numOfContainers=1, numOfBlocks=1
2019-10-21 21:52:58,704 [Command processor thread] INFO  commandhandler.DeleteBlocksCommandHandler (DeleteBlocksCommandHandler.java:handle(106)) - Start to delete container blocks, TXIDs=[1(6)], numOfContainers=1, numOfBlocks=1
2019-10-21 21:52:58,704 [Command processor thread] INFO  commandhandler.DeleteBlocksCommandHandler (DeleteBlocksCommandHandler.java:handle(106)) - Start to delete container blocks, TXIDs=[1(2)], numOfContainers=1, numOfBlocks=1
2019-10-21 21:52:58,704 [Command processor thread] INFO  commandhandler.DeleteBlocksCommandHandler (DeleteBlocksCommandHandler.java:handle(106)) - Start to delete container blocks, TXIDs=[1(6)], numOfContainers=1, numOfBlocks=1
2019-10-21 21:52:58,704 [Command processor thread] INFO  commandhandler.DeleteBlocksCommandHandler (DeleteBlocksCommandHandler.java:handle(106)) - Start to delete container blocks, TXIDs=[1(0)], numOfContainers=1, numOfBlocks=1
2019-10-21 21:52:58,705 [Command processor thread] INFO  commandhandler.DeleteBlocksCommandHandler (DeleteBlocksCommandHandler.java:handle(106)) - Start to delete container blocks, TXIDs=[1(6)], numOfContainers=1, numOfBlocks=1
2019-10-21 21:52:58,705 [Command processor thread] INFO  commandhandler.DeleteBlocksCommandHandler (DeleteBlocksCommandHandler.java:handle(106)) - Start to delete container blocks, TXIDs=[1(6)], numOfContainers=1, numOfBlocks=1
2019-10-21 21:52:58,705 [Command processor thread] INFO  commandhandler.DeleteBlocksCommandHandler (DeleteBlocksCommandHandler.java:handle(106)) - Start to delete container blocks, TXIDs=[1(6)], numOfContainers=1, numOfBlocks=1
2019-10-21 21:52:58,705 [Command processor thread] INFO  commandhandler.DeleteBlocksCommandHandler (DeleteBlocksCommandHandler.java:handle(106)) - Start to delete container blocks, TXIDs=[1(2)], numOfContainers=1, numOfBlocks=1
2019-10-21 21:52:58,705 [Command processor thread] INFO  commandhandler.DeleteBlocksCommandHandler (DeleteBlocksCommandHandler.java:handle(106)) - Start to delete container blocks, TXIDs=[1(6)], numOfContainers=1, numOfBlocks=1
2019-10-21 21:52:58,706 [Command processor thread] INFO  commandhandler.DeleteBlocksCommandHandler (DeleteBlocksCommandHandler.java:handle(106)) - Start to delete container blocks, TXIDs=[1(6)], numOfContainers=1, numOfBlocks=1
2019-10-21 21:52:58,706 [Command processor thread] INFO  commandhandler.DeleteBlocksCommandHandler (DeleteBlocksCommandHandler.java:handle(106)) - Start to delete container blocks, TXIDs=[1(42)], numOfContainers=1, numOfBlocks=1
2019-10-21 21:52:58,706 [Command processor thread] INFO  commandhandler.DeleteBlocksCommandHandler (DeleteBlocksCommandHandler.java:handle(106)) - Start to delete container blocks, TXIDs=[1(6)], numOfContainers=1, numOfBlocks=1
2019-10-21 21:52:58,725 [e5ffd24e-bf4a-4ea8-9998-5222e19566cd@group-7886DAA09D7B-LeaderElection40] INFO  impl.LeaderElection (LeaderElection.java:logAndReturn(56)) - e5ffd24e-bf4a-4ea8-9998-5222e19566cd@group-7886DAA09D7B-LeaderElection40: Election REJECTED; received 2 response(s) [e5ffd24e-bf4a-4ea8-9998-5222e19566cd<-06b05a7f-a473-42c9-9200-88e1a405b515#0:FAIL-t36, e5ffd24e-bf4a-4ea8-9998-5222e19566cd<-0794a7c8-829f-468b-b883-2035423e3fbd#0:FAIL-t36] and 0 exception(s); e5ffd24e-bf4a-4ea8-9998-5222e19566cd@group-7886DAA09D7B:t36, leader=null, voted=e5ffd24e-bf4a-4ea8-9998-5222e19566cd, raftlog=e5ffd24e-bf4a-4ea8-9998-5222e19566cd@group-7886DAA09D7B-SegmentedRaftLog:OPENED:c3,f4,i4, conf=0: [e5ffd24e-bf4a-4ea8-9998-5222e19566cd:192.168.34.8:41621, 06b05a7f-a473-42c9-9200-88e1a405b515:192.168.34.8:42604, 0794a7c8-829f-468b-b883-2035423e3fbd:192.168.34.8:36706], old=null
2019-10-21 21:52:58,725 [e5ffd24e-bf4a-4ea8-9998-5222e19566cd@group-7886DAA09D7B-LeaderElection40] INFO  impl.RaftServerImpl (RaftServerImpl.java:setRole(184)) - e5ffd24e-bf4a-4ea8-9998-5222e19566cd@group-7886DAA09D7B: changes role from CANDIDATE to FOLLOWER at term 36 for DISCOVERED_A_NEW_TERM
2019-10-21 21:52:58,725 [e5ffd24e-bf4a-4ea8-9998-5222e19566cd@group-7886DAA09D7B-LeaderElection40] INFO  impl.RoleInfo (RoleInfo.java:shutdownLeaderElection(134)) - e5ffd24e-bf4a-4ea8-9998-5222e19566cd: shutdown LeaderElection
2019-10-21 21:52:58,725 [e5ffd24e-bf4a-4ea8-9998-5222e19566cd@group-7886DAA09D7B-LeaderElection40] INFO  impl.RoleInfo (RoleInfo.java:updateAndGet(143)) - e5ffd24e-bf4a-4ea8-9998-5222e19566cd: start FollowerState
2019-10-21 21:52:58,775 [Thread-828] INFO  impl.FollowerState (FollowerState.java:run(108)) - e5ffd24e-bf4a-4ea8-9998-5222e19566cd@group-7886DAA09D7B-FollowerState: change to CANDIDATE, lastRpcTime:49ms, electionTimeout:49ms
2019-10-21 21:52:58,775 [Thread-828] INFO  impl.RoleInfo (RoleInfo.java:shutdownFollowerState(121)) - e5ffd24e-bf4a-4ea8-9998-5222e19566cd: shutdown FollowerState
2019-10-21 21:52:58,775 [Thread-828] INFO  impl.RaftServerImpl (RaftServerImpl.java:setRole(184)) - e5ffd24e-bf4a-4ea8-9998-5222e19566cd@group-7886DAA09D7B: changes role from  FOLLOWER to CANDIDATE at term 36 for changeToCandidate
2019-10-21 21:52:58,775 [Thread-828] INFO  impl.RoleInfo (RoleInfo.java:updateAndGet(143)) - e5ffd24e-bf4a-4ea8-9998-5222e19566cd: start LeaderElection
2019-10-21 21:52:58,797 [EventQueue-DeleteBlockStatusForDeletedBlockLogImpl] WARN  block.DeletedBlockLogImpl (DeletedBlockLogImpl.java:commitTransactions(205)) - Transaction txId=1 commit by dnId=e5ffd24e-bf4a-4ea8-9998-5222e19566cd for containerID=#1 failed. Corresponding entry not found.
2019-10-21 21:52:58,798 [EventQueue-DeleteBlockStatusForDeletedBlockLogImpl] WARN  block.DeletedBlockLogImpl (DeletedBlockLogImpl.java:commitTransactions(205)) - Transaction txId=1 commit by dnId=e5ffd24e-bf4a-4ea8-9998-5222e19566cd for containerID=#1 failed. Corresponding entry not found.
2019-10-21 21:52:58,798 [EventQueue-DeleteBlockStatusForDeletedBlockLogImpl] WARN  block.DeletedBlockLogImpl (DeletedBlockLogImpl.java:commitTransactions(205)) - Transaction txId=1 commit by dnId=e5ffd24e-bf4a-4ea8-9998-5222e19566cd for containerID=#1 failed. Corresponding entry not found.
2019-10-21 21:52:58,798 [e5ffd24e-bf4a-4ea8-9998-5222e19566cd@group-7886DAA09D7B-LeaderElection41] INFO  impl.LeaderElection (LeaderElection.java:askForVotes(178)) - e5ffd24e-bf4a-4ea8-9998-5222e19566cd@group-7886DAA09D7B-LeaderElection41: begin an election at term 37 for 0: [e5ffd24e-bf4a-4ea8-9998-5222e19566cd:192.168.34.8:41621, 06b05a7f-a473-42c9-9200-88e1a405b515:192.168.34.8:42604, 0794a7c8-829f-468b-b883-2035423e3fbd:192.168.34.8:36706], old=null
2019-10-21 21:52:58,798 [EventQueue-DeleteBlockStatusForDeletedBlockLogImpl] WARN  block.DeletedBlockLogImpl (DeletedBlockLogImpl.java:commitTransactions(205)) - Transaction txId=1 commit by dnId=e5ffd24e-bf4a-4ea8-9998-5222e19566cd for containerID=#1 failed. Corresponding entry not found.
2019-10-21 21:52:58,798 [EventQueue-DeleteBlockStatusForDeletedBlockLogImpl] WARN  block.DeletedBlockLogImpl (DeletedBlockLogImpl.java:commitTransactions(205)) - Transaction txId=1 commit by dnId=e5ffd24e-bf4a-4ea8-9998-5222e19566cd for containerID=#1 failed. Corresponding entry not found.
2019-10-21 21:52:58,798 [EventQueue-DeleteBlockStatusForDeletedBlockLogImpl] WARN  block.DeletedBlockLogImpl (DeletedBlockLogImpl.java:commitTransactions(205)) - Transaction txId=1 commit by dnId=e5ffd24e-bf4a-4ea8-9998-5222e19566cd for containerID=#1 failed. Corresponding entry not found.
2019-10-21 21:52:58,798 [EventQueue-DeleteBlockStatusForDeletedBlockLogImpl] WARN  block.DeletedBlockLogImpl (DeletedBlockLogImpl.java:commitTransactions(205)) - Transaction txId=1 commit by dnId=e5ffd24e-bf4a-4ea8-9998-5222e19566cd for containerID=#1 failed. Corresponding entry not found.
2019-10-21 21:52:58,798 [EventQueue-DeleteBlockStatusForDeletedBlockLogImpl] WARN  block.DeletedBlockLogImpl (DeletedBlockLogImpl.java:commitTransactions(205)) - Transaction txId=1 commit by dnId=e5ffd24e-bf4a-4ea8-9998-5222e19566cd for containerID=#1 failed. Corresponding entry not found.
2019-10-21 21:52:58,801 [grpc-default-executor-0] INFO  impl.RaftServerImpl (RaftServerImpl.java:setRole(184)) - 0794a7c8-829f-468b-b883-2035423e3fbd@group-7886DAA09D7B: changes role from  FOLLOWER to FOLLOWER at term 37 for recognizeCandidate:e5ffd24e-bf4a-4ea8-9998-5222e19566cd
2019-10-21 21:52:58,801 [grpc-default-executor-2] INFO  impl.RaftServerImpl (RaftServerImpl.java:setRole(184)) - 06b05a7f-a473-42c9-9200-88e1a405b515@group-7886DAA09D7B: changes role from  FOLLOWER to FOLLOWER at term 37 for recognizeCandidate:e5ffd24e-bf4a-4ea8-9998-5222e19566cd
2019-10-21 21:52:58,801 [grpc-default-executor-0] INFO  impl.RoleInfo (RoleInfo.java:shutdownFollowerState(121)) - 0794a7c8-829f-468b-b883-2035423e3fbd: shutdown FollowerState
2019-10-21 21:52:58,801 [grpc-default-executor-2] INFO  impl.RoleInfo (RoleInfo.java:shutdownFollowerState(121)) - 06b05a7f-a473-42c9-9200-88e1a405b515: shutdown FollowerState
2019-10-21 21:52:58,802 [Thread-825] INFO  impl.FollowerState (FollowerState.java:run(117)) - 0794a7c8-829f-468b-b883-2035423e3fbd@group-7886DAA09D7B-FollowerState was interrupted: java.lang.InterruptedException: sleep interrupted
2019-10-21 21:52:58,802 [Thread-826] INFO  impl.FollowerState (FollowerState.java:run(117)) - 06b05a7f-a473-42c9-9200-88e1a405b515@group-7886DAA09D7B-FollowerState was interrupted: java.lang.InterruptedException: sleep interrupted
2019-10-21 21:52:58,802 [grpc-default-executor-0] INFO  impl.RoleInfo (RoleInfo.java:updateAndGet(143)) - 0794a7c8-829f-468b-b883-2035423e3fbd: start FollowerState
2019-10-21 21:52:58,802 [grpc-default-executor-2] INFO  impl.RoleInfo (RoleInfo.java:updateAndGet(143)) - 06b05a7f-a473-42c9-9200-88e1a405b515: start FollowerState
2019-10-21 21:52:58,817 [e5ffd24e-bf4a-4ea8-9998-5222e19566cd@group-7886DAA09D7B-LeaderElection41] INFO  impl.LeaderElection (LeaderElection.java:logAndReturn(56)) - e5ffd24e-bf4a-4ea8-9998-5222e19566cd@group-7886DAA09D7B-LeaderElection41: Election REJECTED; received 2 response(s) [e5ffd24e-bf4a-4ea8-9998-5222e19566cd<-06b05a7f-a473-42c9-9200-88e1a405b515#0:FAIL-t37, e5ffd24e-bf4a-4ea8-9998-5222e19566cd<-0794a7c8-829f-468b-b883-2035423e3fbd#0:FAIL-t37] and 0 exception(s); e5ffd24e-bf4a-4ea8-9998-5222e19566cd@group-7886DAA09D7B:t37, leader=null, voted=e5ffd24e-bf4a-4ea8-9998-5222e19566cd, raftlog=e5ffd24e-bf4a-4ea8-9998-5222e19566cd@group-7886DAA09D7B-SegmentedRaftLog:OPENED:c3,f4,i4, conf=0: [e5ffd24e-bf4a-4ea8-9998-5222e19566cd:192.168.34.8:41621, 06b05a7f-a473-42c9-9200-88e1a405b515:192.168.34.8:42604, 0794a7c8-829f-468b-b883-2035423e3fbd:192.168.34.8:36706], old=null
2019-10-21 21:52:58,817 [e5ffd24e-bf4a-4ea8-9998-5222e19566cd@group-7886DAA09D7B-LeaderElection41] INFO  impl.RaftServerImpl (RaftServerImpl.java:setRole(184)) - e5ffd24e-bf4a-4ea8-9998-5222e19566cd@group-7886DAA09D7B: changes role from CANDIDATE to FOLLOWER at term 37 for DISCOVERED_A_NEW_TERM
2019-10-21 21:52:58,817 [e5ffd24e-bf4a-4ea8-9998-5222e19566cd@group-7886DAA09D7B-LeaderElection41] INFO  impl.RoleInfo (RoleInfo.java:shutdownLeaderElection(134)) - e5ffd24e-bf4a-4ea8-9998-5222e19566cd: shutdown LeaderElection
2019-10-21 21:52:58,817 [e5ffd24e-bf4a-4ea8-9998-5222e19566cd@group-7886DAA09D7B-LeaderElection41] INFO  impl.RoleInfo (RoleInfo.java:updateAndGet(143)) - e5ffd24e-bf4a-4ea8-9998-5222e19566cd: start FollowerState
2019-10-21 21:52:58,855 [Thread-834] INFO  impl.FollowerState (FollowerState.java:run(108)) - e5ffd24e-bf4a-4ea8-9998-5222e19566cd@group-7886DAA09D7B-FollowerState: change to CANDIDATE, lastRpcTime:37ms, electionTimeout:37ms
2019-10-21 21:52:58,855 [Thread-834] INFO  impl.RoleInfo (RoleInfo.java:shutdownFollowerState(121)) - e5ffd24e-bf4a-4ea8-9998-5222e19566cd: shutdown FollowerState
2019-10-21 21:52:58,855 [Thread-834] INFO  impl.RaftServerImpl (RaftServerImpl.java:setRole(184)) - e5ffd24e-bf4a-4ea8-9998-5222e19566cd@group-7886DAA09D7B: changes role from  FOLLOWER to CANDIDATE at term 37 for changeToCandidate
2019-10-21 21:52:58,855 [Thread-834] INFO  impl.RoleInfo (RoleInfo.java:updateAndGet(143)) - e5ffd24e-bf4a-4ea8-9998-5222e19566cd: start LeaderElection
2019-10-21 21:52:58,869 [e5ffd24e-bf4a-4ea8-9998-5222e19566cd@group-7886DAA09D7B-LeaderElection42] INFO  impl.LeaderElection (LeaderElection.java:askForVotes(178)) - e5ffd24e-bf4a-4ea8-9998-5222e19566cd@group-7886DAA09D7B-LeaderElection42: begin an election at term 38 for 0: [e5ffd24e-bf4a-4ea8-9998-5222e19566cd:192.168.34.8:41621, 06b05a7f-a473-42c9-9200-88e1a405b515:192.168.34.8:42604, 0794a7c8-829f-468b-b883-2035423e3fbd:192.168.34.8:36706], old=null
2019-10-21 21:52:58,871 [grpc-default-executor-2] INFO  impl.RaftServerImpl (RaftServerImpl.java:setRole(184)) - 0794a7c8-829f-468b-b883-2035423e3fbd@group-7886DAA09D7B: changes role from  FOLLOWER to FOLLOWER at term 38 for recognizeCandidate:e5ffd24e-bf4a-4ea8-9998-5222e19566cd
2019-10-21 21:52:58,871 [grpc-default-executor-2] INFO  impl.RoleInfo (RoleInfo.java:shutdownFollowerState(121)) - 0794a7c8-829f-468b-b883-2035423e3fbd: shutdown FollowerState
2019-10-21 21:52:58,872 [Thread-832] INFO  impl.FollowerState (FollowerState.java:run(117)) - 0794a7c8-829f-468b-b883-2035423e3fbd@group-7886DAA09D7B-FollowerState was interrupted: java.lang.InterruptedException: sleep interrupted
2019-10-21 21:52:58,872 [grpc-default-executor-0] INFO  impl.RaftServerImpl (RaftServerImpl.java:setRole(184)) - 06b05a7f-a473-42c9-9200-88e1a405b515@group-7886DAA09D7B: changes role from  FOLLOWER to FOLLOWER at term 38 for recognizeCandidate:e5ffd24e-bf4a-4ea8-9998-5222e19566cd
2019-10-21 21:52:58,872 [grpc-default-executor-2] INFO  impl.RoleInfo (RoleInfo.java:updateAndGet(143)) - 0794a7c8-829f-468b-b883-2035423e3fbd: start FollowerState
2019-10-21 21:52:58,872 [grpc-default-executor-0] INFO  impl.RoleInfo (RoleInfo.java:shutdownFollowerState(121)) - 06b05a7f-a473-42c9-9200-88e1a405b515: shutdown FollowerState
2019-10-21 21:52:58,872 [grpc-default-executor-0] INFO  impl.RoleInfo (RoleInfo.java:updateAndGet(143)) - 06b05a7f-a473-42c9-9200-88e1a405b515: start FollowerState
2019-10-21 21:52:58,873 [Thread-833] INFO  impl.FollowerState (FollowerState.java:run(117)) - 06b05a7f-a473-42c9-9200-88e1a405b515@group-7886DAA09D7B-FollowerState was interrupted: java.lang.InterruptedException: sleep interrupted
2019-10-21 21:52:58,887 [e5ffd24e-bf4a-4ea8-9998-5222e19566cd@group-7886DAA09D7B-LeaderElection42] INFO  impl.LeaderElection (LeaderElection.java:logAndReturn(56)) - e5ffd24e-bf4a-4ea8-9998-5222e19566cd@group-7886DAA09D7B-LeaderElection42: Election REJECTED; received 2 response(s) [e5ffd24e-bf4a-4ea8-9998-5222e19566cd<-06b05a7f-a473-42c9-9200-88e1a405b515#0:FAIL-t38, e5ffd24e-bf4a-4ea8-9998-5222e19566cd<-0794a7c8-829f-468b-b883-2035423e3fbd#0:FAIL-t38] and 0 exception(s); e5ffd24e-bf4a-4ea8-9998-5222e19566cd@group-7886DAA09D7B:t38, leader=null, voted=e5ffd24e-bf4a-4ea8-9998-5222e19566cd, raftlog=e5ffd24e-bf4a-4ea8-9998-5222e19566cd@group-7886DAA09D7B-SegmentedRaftLog:OPENED:c3,f4,i4, conf=0: [e5ffd24e-bf4a-4ea8-9998-5222e19566cd:192.168.34.8:41621, 06b05a7f-a473-42c9-9200-88e1a405b515:192.168.34.8:42604, 0794a7c8-829f-468b-b883-2035423e3fbd:192.168.34.8:36706], old=null
2019-10-21 21:52:58,887 [e5ffd24e-bf4a-4ea8-9998-5222e19566cd@group-7886DAA09D7B-LeaderElection42] INFO  impl.RaftServerImpl (RaftServerImpl.java:setRole(184)) - e5ffd24e-bf4a-4ea8-9998-5222e19566cd@group-7886DAA09D7B: changes role from CANDIDATE to FOLLOWER at term 38 for DISCOVERED_A_NEW_TERM
2019-10-21 21:52:58,887 [e5ffd24e-bf4a-4ea8-9998-5222e19566cd@group-7886DAA09D7B-LeaderElection42] INFO  impl.RoleInfo (RoleInfo.java:shutdownLeaderElection(134)) - e5ffd24e-bf4a-4ea8-9998-5222e19566cd: shutdown LeaderElection
2019-10-21 21:52:58,887 [e5ffd24e-bf4a-4ea8-9998-5222e19566cd@group-7886DAA09D7B-LeaderElection42] INFO  impl.RoleInfo (RoleInfo.java:updateAndGet(143)) - e5ffd24e-bf4a-4ea8-9998-5222e19566cd: start FollowerState
2019-10-21 21:52:58,974 [Thread-842] INFO  client.GrpcClientProtocolService (GrpcClientProtocolService.java:lambda$processClientRequest$0(278)) - Failed RaftClientRequest:client-5B812E6CE025->0794a7c8-829f-468b-b883-2035423e3fbd@group-7886DAA09D7B, cid=10, seq=0, Watch-ALL_COMMITTED(6), Message:<EMPTY>, reply=RaftClientReply:client-5B812E6CE025->0794a7c8-829f-468b-b883-2035423e3fbd@group-7886DAA09D7B, cid=10, FAILED org.apache.ratis.protocol.NotLeaderException: Server 0794a7c8-829f-468b-b883-2035423e3fbd@group-7886DAA09D7B is not the leader, logIndex=0, commits[0794a7c8-829f-468b-b883-2035423e3fbd:c10, e5ffd24e-bf4a-4ea8-9998-5222e19566cd:c4, 06b05a7f-a473-42c9-9200-88e1a405b515:c10]
2019-10-21 21:52:59,065 [Thread-840] INFO  impl.FollowerState (FollowerState.java:run(108)) - e5ffd24e-bf4a-4ea8-9998-5222e19566cd@group-7886DAA09D7B-FollowerState: change to CANDIDATE, lastRpcTime:178ms, electionTimeout:178ms
2019-10-21 21:52:59,066 [Thread-840] INFO  impl.RoleInfo (RoleInfo.java:shutdownFollowerState(121)) - e5ffd24e-bf4a-4ea8-9998-5222e19566cd: shutdown FollowerState
2019-10-21 21:52:59,066 [Thread-840] INFO  impl.RaftServerImpl (RaftServerImpl.java:setRole(184)) - e5ffd24e-bf4a-4ea8-9998-5222e19566cd@group-7886DAA09D7B: changes role from  FOLLOWER to CANDIDATE at term 38 for changeToCandidate
2019-10-21 21:52:59,066 [Thread-840] INFO  impl.RoleInfo (RoleInfo.java:updateAndGet(143)) - e5ffd24e-bf4a-4ea8-9998-5222e19566cd: start LeaderElection
2019-10-21 21:52:59,092 [e5ffd24e-bf4a-4ea8-9998-5222e19566cd@group-7886DAA09D7B-LeaderElection43] INFO  impl.LeaderElection (LeaderElection.java:askForVotes(178)) - e5ffd24e-bf4a-4ea8-9998-5222e19566cd@group-7886DAA09D7B-LeaderElection43: begin an election at term 39 for 0: [e5ffd24e-bf4a-4ea8-9998-5222e19566cd:192.168.34.8:41621, 06b05a7f-a473-42c9-9200-88e1a405b515:192.168.34.8:42604, 0794a7c8-829f-468b-b883-2035423e3fbd:192.168.34.8:36706], old=null
2019-10-21 21:52:59,095 [grpc-default-executor-2] INFO  impl.RaftServerImpl (RaftServerImpl.java:setRole(184)) - 0794a7c8-829f-468b-b883-2035423e3fbd@group-7886DAA09D7B: changes role from  FOLLOWER to FOLLOWER at term 39 for recognizeCandidate:e5ffd24e-bf4a-4ea8-9998-5222e19566cd
2019-10-21 21:52:59,096 [grpc-default-executor-2] INFO  impl.RoleInfo (RoleInfo.java:shutdownFollowerState(121)) - 0794a7c8-829f-468b-b883-2035423e3fbd: shutdown FollowerState
2019-10-21 21:52:59,095 [grpc-default-executor-0] INFO  impl.RaftServerImpl (RaftServerImpl.java:setRole(184)) - 06b05a7f-a473-42c9-9200-88e1a405b515@group-7886DAA09D7B: changes role from  FOLLOWER to FOLLOWER at term 39 for recognizeCandidate:e5ffd24e-bf4a-4ea8-9998-5222e19566cd
2019-10-21 21:52:59,096 [Thread-838] INFO  impl.FollowerState (FollowerState.java:run(117)) - 0794a7c8-829f-468b-b883-2035423e3fbd@group-7886DAA09D7B-FollowerState was interrupted: java.lang.InterruptedException: sleep interrupted
2019-10-21 21:52:59,096 [grpc-default-executor-2] INFO  impl.RoleInfo (RoleInfo.java:updateAndGet(143)) - 0794a7c8-829f-468b-b883-2035423e3fbd: start FollowerState
2019-10-21 21:52:59,096 [grpc-default-executor-0] INFO  impl.RoleInfo (RoleInfo.java:shutdownFollowerState(121)) - 06b05a7f-a473-42c9-9200-88e1a405b515: shutdown FollowerState
2019-10-21 21:52:59,096 [grpc-default-executor-0] INFO  impl.RoleInfo (RoleInfo.java:updateAndGet(143)) - 06b05a7f-a473-42c9-9200-88e1a405b515: start FollowerState
2019-10-21 21:52:59,096 [Thread-839] INFO  impl.FollowerState (FollowerState.java:run(117)) - 06b05a7f-a473-42c9-9200-88e1a405b515@group-7886DAA09D7B-FollowerState was interrupted: java.lang.InterruptedException: sleep interrupted
2019-10-21 21:52:59,123 [e5ffd24e-bf4a-4ea8-9998-5222e19566cd@group-7886DAA09D7B-LeaderElection43] INFO  impl.LeaderElection (LeaderElection.java:logAndReturn(56)) - e5ffd24e-bf4a-4ea8-9998-5222e19566cd@group-7886DAA09D7B-LeaderElection43: Election REJECTED; received 2 response(s) [e5ffd24e-bf4a-4ea8-9998-5222e19566cd<-06b05a7f-a473-42c9-9200-88e1a405b515#0:FAIL-t39, e5ffd24e-bf4a-4ea8-9998-5222e19566cd<-0794a7c8-829f-468b-b883-2035423e3fbd#0:FAIL-t39] and 0 exception(s); e5ffd24e-bf4a-4ea8-9998-5222e19566cd@group-7886DAA09D7B:t39, leader=null, voted=e5ffd24e-bf4a-4ea8-9998-5222e19566cd, raftlog=e5ffd24e-bf4a-4ea8-9998-5222e19566cd@group-7886DAA09D7B-SegmentedRaftLog:OPENED:c3,f4,i4, conf=0: [e5ffd24e-bf4a-4ea8-9998-5222e19566cd:192.168.34.8:41621, 06b05a7f-a473-42c9-9200-88e1a405b515:192.168.34.8:42604, 0794a7c8-829f-468b-b883-2035423e3fbd:192.168.34.8:36706], old=null
2019-10-21 21:52:59,123 [e5ffd24e-bf4a-4ea8-9998-5222e19566cd@group-7886DAA09D7B-LeaderElection43] INFO  impl.RaftServerImpl (RaftServerImpl.java:setRole(184)) - e5ffd24e-bf4a-4ea8-9998-5222e19566cd@group-7886DAA09D7B: changes role from CANDIDATE to FOLLOWER at term 39 for DISCOVERED_A_NEW_TERM
2019-10-21 21:52:59,124 [e5ffd24e-bf4a-4ea8-9998-5222e19566cd@group-7886DAA09D7B-LeaderElection43] INFO  impl.RoleInfo (RoleInfo.java:shutdownLeaderElection(134)) - e5ffd24e-bf4a-4ea8-9998-5222e19566cd: shutdown LeaderElection
2019-10-21 21:52:59,124 [e5ffd24e-bf4a-4ea8-9998-5222e19566cd@group-7886DAA09D7B-LeaderElection43] INFO  impl.RoleInfo (RoleInfo.java:updateAndGet(143)) - e5ffd24e-bf4a-4ea8-9998-5222e19566cd: start FollowerState
2019-10-21 21:52:59,205 [Thread-849] INFO  impl.FollowerState (FollowerState.java:run(108)) - e5ffd24e-bf4a-4ea8-9998-5222e19566cd@group-7886DAA09D7B-FollowerState: change to CANDIDATE, lastRpcTime:81ms, electionTimeout:81ms
2019-10-21 21:52:59,205 [Thread-849] INFO  impl.RoleInfo (RoleInfo.java:shutdownFollowerState(121)) - e5ffd24e-bf4a-4ea8-9998-5222e19566cd: shutdown FollowerState
2019-10-21 21:52:59,206 [Thread-849] INFO  impl.RaftServerImpl (RaftServerImpl.java:setRole(184)) - e5ffd24e-bf4a-4ea8-9998-5222e19566cd@group-7886DAA09D7B: changes role from  FOLLOWER to CANDIDATE at term 39 for changeToCandidate
2019-10-21 21:52:59,206 [Thread-849] INFO  impl.RoleInfo (RoleInfo.java:updateAndGet(143)) - e5ffd24e-bf4a-4ea8-9998-5222e19566cd: start LeaderElection
2019-10-21 21:52:59,219 [e5ffd24e-bf4a-4ea8-9998-5222e19566cd@group-7886DAA09D7B-LeaderElection44] INFO  impl.LeaderElection (LeaderElection.java:askForVotes(178)) - e5ffd24e-bf4a-4ea8-9998-5222e19566cd@group-7886DAA09D7B-LeaderElection44: begin an election at term 40 for 0: [e5ffd24e-bf4a-4ea8-9998-5222e19566cd:192.168.34.8:41621, 06b05a7f-a473-42c9-9200-88e1a405b515:192.168.34.8:42604, 0794a7c8-829f-468b-b883-2035423e3fbd:192.168.34.8:36706], old=null
2019-10-21 21:52:59,222 [grpc-default-executor-2] INFO  impl.RaftServerImpl (RaftServerImpl.java:setRole(184)) - 0794a7c8-829f-468b-b883-2035423e3fbd@group-7886DAA09D7B: changes role from  FOLLOWER to FOLLOWER at term 40 for recognizeCandidate:e5ffd24e-bf4a-4ea8-9998-5222e19566cd
2019-10-21 21:52:59,222 [grpc-default-executor-0] INFO  impl.RaftServerImpl (RaftServerImpl.java:setRole(184)) - 06b05a7f-a473-42c9-9200-88e1a405b515@group-7886DAA09D7B: changes role from  FOLLOWER to FOLLOWER at term 40 for recognizeCandidate:e5ffd24e-bf4a-4ea8-9998-5222e19566cd
2019-10-21 21:52:59,222 [grpc-default-executor-2] INFO  impl.RoleInfo (RoleInfo.java:shutdownFollowerState(121)) - 0794a7c8-829f-468b-b883-2035423e3fbd: shutdown FollowerState
2019-10-21 21:52:59,222 [grpc-default-executor-0] INFO  impl.RoleInfo (RoleInfo.java:shutdownFollowerState(121)) - 06b05a7f-a473-42c9-9200-88e1a405b515: shutdown FollowerState
2019-10-21 21:52:59,222 [Thread-847] INFO  impl.FollowerState (FollowerState.java:run(117)) - 0794a7c8-829f-468b-b883-2035423e3fbd@group-7886DAA09D7B-FollowerState was interrupted: java.lang.InterruptedException: sleep interrupted
2019-10-21 21:52:59,222 [grpc-default-executor-2] INFO  impl.RoleInfo (RoleInfo.java:updateAndGet(143)) - 0794a7c8-829f-468b-b883-2035423e3fbd: start FollowerState
2019-10-21 21:52:59,223 [Thread-848] INFO  impl.FollowerState (FollowerState.java:run(117)) - 06b05a7f-a473-42c9-9200-88e1a405b515@group-7886DAA09D7B-FollowerState was interrupted: java.lang.InterruptedException: sleep interrupted
2019-10-21 21:52:59,223 [grpc-default-executor-0] INFO  impl.RoleInfo (RoleInfo.java:updateAndGet(143)) - 06b05a7f-a473-42c9-9200-88e1a405b515: start FollowerState
2019-10-21 21:52:59,248 [e5ffd24e-bf4a-4ea8-9998-5222e19566cd@group-7886DAA09D7B-LeaderElection44] INFO  impl.LeaderElection (LeaderElection.java:logAndReturn(56)) - e5ffd24e-bf4a-4ea8-9998-5222e19566cd@group-7886DAA09D7B-LeaderElection44: Election REJECTED; received 2 response(s) [e5ffd24e-bf4a-4ea8-9998-5222e19566cd<-06b05a7f-a473-42c9-9200-88e1a405b515#0:FAIL-t40, e5ffd24e-bf4a-4ea8-9998-5222e19566cd<-0794a7c8-829f-468b-b883-2035423e3fbd#0:FAIL-t40] and 0 exception(s); e5ffd24e-bf4a-4ea8-9998-5222e19566cd@group-7886DAA09D7B:t40, leader=null, voted=e5ffd24e-bf4a-4ea8-9998-5222e19566cd, raftlog=e5ffd24e-bf4a-4ea8-9998-5222e19566cd@group-7886DAA09D7B-SegmentedRaftLog:OPENED:c3,f4,i4, conf=0: [e5ffd24e-bf4a-4ea8-9998-5222e19566cd:192.168.34.8:41621, 06b05a7f-a473-42c9-9200-88e1a405b515:192.168.34.8:42604, 0794a7c8-829f-468b-b883-2035423e3fbd:192.168.34.8:36706], old=null
2019-10-21 21:52:59,248 [e5ffd24e-bf4a-4ea8-9998-5222e19566cd@group-7886DAA09D7B-LeaderElection44] INFO  impl.RaftServerImpl (RaftServerImpl.java:setRole(184)) - e5ffd24e-bf4a-4ea8-9998-5222e19566cd@group-7886DAA09D7B: changes role from CANDIDATE to FOLLOWER at term 40 for DISCOVERED_A_NEW_TERM
2019-10-21 21:52:59,248 [e5ffd24e-bf4a-4ea8-9998-5222e19566cd@group-7886DAA09D7B-LeaderElection44] INFO  impl.RoleInfo (RoleInfo.java:shutdownLeaderElection(134)) - e5ffd24e-bf4a-4ea8-9998-5222e19566cd: shutdown LeaderElection
2019-10-21 21:52:59,249 [e5ffd24e-bf4a-4ea8-9998-5222e19566cd@group-7886DAA09D7B-LeaderElection44] INFO  impl.RoleInfo (RoleInfo.java:updateAndGet(143)) - e5ffd24e-bf4a-4ea8-9998-5222e19566cd: start FollowerState
2019-10-21 21:52:59,431 [Thread-855] INFO  impl.FollowerState (FollowerState.java:run(108)) - e5ffd24e-bf4a-4ea8-9998-5222e19566cd@group-7886DAA09D7B-FollowerState: change to CANDIDATE, lastRpcTime:182ms, electionTimeout:182ms
2019-10-21 21:52:59,431 [Thread-855] INFO  impl.RoleInfo (RoleInfo.java:shutdownFollowerState(121)) - e5ffd24e-bf4a-4ea8-9998-5222e19566cd: shutdown FollowerState
2019-10-21 21:52:59,431 [Thread-855] INFO  impl.RaftServerImpl (RaftServerImpl.java:setRole(184)) - e5ffd24e-bf4a-4ea8-9998-5222e19566cd@group-7886DAA09D7B: changes role from  FOLLOWER to CANDIDATE at term 40 for changeToCandidate
2019-10-21 21:52:59,432 [Thread-855] INFO  impl.RoleInfo (RoleInfo.java:updateAndGet(143)) - e5ffd24e-bf4a-4ea8-9998-5222e19566cd: start LeaderElection
2019-10-21 21:52:59,457 [e5ffd24e-bf4a-4ea8-9998-5222e19566cd@group-7886DAA09D7B-LeaderElection45] INFO  impl.LeaderElection (LeaderElection.java:askForVotes(178)) - e5ffd24e-bf4a-4ea8-9998-5222e19566cd@group-7886DAA09D7B-LeaderElection45: begin an election at term 41 for 0: [e5ffd24e-bf4a-4ea8-9998-5222e19566cd:192.168.34.8:41621, 06b05a7f-a473-42c9-9200-88e1a405b515:192.168.34.8:42604, 0794a7c8-829f-468b-b883-2035423e3fbd:192.168.34.8:36706], old=null
2019-10-21 21:52:59,460 [grpc-default-executor-2] INFO  impl.RaftServerImpl (RaftServerImpl.java:setRole(184)) - 0794a7c8-829f-468b-b883-2035423e3fbd@group-7886DAA09D7B: changes role from  FOLLOWER to FOLLOWER at term 41 for recognizeCandidate:e5ffd24e-bf4a-4ea8-9998-5222e19566cd
2019-10-21 21:52:59,460 [grpc-default-executor-0] INFO  impl.RaftServerImpl (RaftServerImpl.java:setRole(184)) - 06b05a7f-a473-42c9-9200-88e1a405b515@group-7886DAA09D7B: changes role from  FOLLOWER to FOLLOWER at term 41 for recognizeCandidate:e5ffd24e-bf4a-4ea8-9998-5222e19566cd
2019-10-21 21:52:59,461 [grpc-default-executor-2] INFO  impl.RoleInfo (RoleInfo.java:shutdownFollowerState(121)) - 0794a7c8-829f-468b-b883-2035423e3fbd: shutdown FollowerState
2019-10-21 21:52:59,461 [grpc-default-executor-0] INFO  impl.RoleInfo (RoleInfo.java:shutdownFollowerState(121)) - 06b05a7f-a473-42c9-9200-88e1a405b515: shutdown FollowerState
2019-10-21 21:52:59,461 [Thread-853] INFO  impl.FollowerState (FollowerState.java:run(117)) - 0794a7c8-829f-468b-b883-2035423e3fbd@group-7886DAA09D7B-FollowerState was interrupted: java.lang.InterruptedException: sleep interrupted
2019-10-21 21:52:59,461 [grpc-default-executor-2] INFO  impl.RoleInfo (RoleInfo.java:updateAndGet(143)) - 0794a7c8-829f-468b-b883-2035423e3fbd: start FollowerState
2019-10-21 21:52:59,461 [Thread-854] INFO  impl.FollowerState (FollowerState.java:run(117)) - 06b05a7f-a473-42c9-9200-88e1a405b515@group-7886DAA09D7B-FollowerState was interrupted: java.lang.InterruptedException: sleep interrupted
2019-10-21 21:52:59,461 [grpc-default-executor-0] INFO  impl.RoleInfo (RoleInfo.java:updateAndGet(143)) - 06b05a7f-a473-42c9-9200-88e1a405b515: start FollowerState
2019-10-21 21:52:59,467 [e5ffd24e-bf4a-4ea8-9998-5222e19566cd@group-7886DAA09D7B-LeaderElection45] INFO  impl.LeaderElection (LeaderElection.java:logAndReturn(56)) - e5ffd24e-bf4a-4ea8-9998-5222e19566cd@group-7886DAA09D7B-LeaderElection45: Election TIMEOUT; received 0 response(s) [] and 0 exception(s); e5ffd24e-bf4a-4ea8-9998-5222e19566cd@group-7886DAA09D7B:t41, leader=null, voted=e5ffd24e-bf4a-4ea8-9998-5222e19566cd, raftlog=e5ffd24e-bf4a-4ea8-9998-5222e19566cd@group-7886DAA09D7B-SegmentedRaftLog:OPENED:c3,f4,i4, conf=0: [e5ffd24e-bf4a-4ea8-9998-5222e19566cd:192.168.34.8:41621, 06b05a7f-a473-42c9-9200-88e1a405b515:192.168.34.8:42604, 0794a7c8-829f-468b-b883-2035423e3fbd:192.168.34.8:36706], old=null
2019-10-21 21:52:59,487 [e5ffd24e-bf4a-4ea8-9998-5222e19566cd@group-7886DAA09D7B-LeaderElection45] INFO  impl.LeaderElection (LeaderElection.java:askForVotes(178)) - e5ffd24e-bf4a-4ea8-9998-5222e19566cd@group-7886DAA09D7B-LeaderElection45: begin an election at term 42 for 0: [e5ffd24e-bf4a-4ea8-9998-5222e19566cd:192.168.34.8:41621, 06b05a7f-a473-42c9-9200-88e1a405b515:192.168.34.8:42604, 0794a7c8-829f-468b-b883-2035423e3fbd:192.168.34.8:36706], old=null
2019-10-21 21:52:59,490 [grpc-default-executor-0] INFO  impl.RaftServerImpl (RaftServerImpl.java:setRole(184)) - 06b05a7f-a473-42c9-9200-88e1a405b515@group-7886DAA09D7B: changes role from  FOLLOWER to FOLLOWER at term 42 for recognizeCandidate:e5ffd24e-bf4a-4ea8-9998-5222e19566cd
2019-10-21 21:52:59,490 [grpc-default-executor-2] INFO  impl.RaftServerImpl (RaftServerImpl.java:setRole(184)) - 0794a7c8-829f-468b-b883-2035423e3fbd@group-7886DAA09D7B: changes role from  FOLLOWER to FOLLOWER at term 42 for recognizeCandidate:e5ffd24e-bf4a-4ea8-9998-5222e19566cd
2019-10-21 21:52:59,490 [grpc-default-executor-2] INFO  impl.RoleInfo (RoleInfo.java:shutdownFollowerState(121)) - 0794a7c8-829f-468b-b883-2035423e3fbd: shutdown FollowerState
2019-10-21 21:52:59,490 [grpc-default-executor-0] INFO  impl.RoleInfo (RoleInfo.java:shutdownFollowerState(121)) - 06b05a7f-a473-42c9-9200-88e1a405b515: shutdown FollowerState
2019-10-21 21:52:59,490 [Thread-859] INFO  impl.FollowerState (FollowerState.java:run(117)) - 0794a7c8-829f-468b-b883-2035423e3fbd@group-7886DAA09D7B-FollowerState was interrupted: java.lang.InterruptedException: sleep interrupted
2019-10-21 21:52:59,490 [grpc-default-executor-2] INFO  impl.RoleInfo (RoleInfo.java:updateAndGet(143)) - 0794a7c8-829f-468b-b883-2035423e3fbd: start FollowerState
2019-10-21 21:52:59,490 [grpc-default-executor-0] INFO  impl.RoleInfo (RoleInfo.java:updateAndGet(143)) - 06b05a7f-a473-42c9-9200-88e1a405b515: start FollowerState
2019-10-21 21:52:59,490 [Thread-860] INFO  impl.FollowerState (FollowerState.java:run(117)) - 06b05a7f-a473-42c9-9200-88e1a405b515@group-7886DAA09D7B-FollowerState was interrupted: java.lang.InterruptedException: sleep interrupted
2019-10-21 21:52:59,517 [e5ffd24e-bf4a-4ea8-9998-5222e19566cd@group-7886DAA09D7B-LeaderElection45] INFO  impl.LeaderElection (LeaderElection.java:logAndReturn(56)) - e5ffd24e-bf4a-4ea8-9998-5222e19566cd@group-7886DAA09D7B-LeaderElection45: Election REJECTED; received 2 response(s) [e5ffd24e-bf4a-4ea8-9998-5222e19566cd<-06b05a7f-a473-42c9-9200-88e1a405b515#0:FAIL-t42, e5ffd24e-bf4a-4ea8-9998-5222e19566cd<-0794a7c8-829f-468b-b883-2035423e3fbd#0:FAIL-t42] and 0 exception(s); e5ffd24e-bf4a-4ea8-9998-5222e19566cd@group-7886DAA09D7B:t42, leader=null, voted=e5ffd24e-bf4a-4ea8-9998-5222e19566cd, raftlog=e5ffd24e-bf4a-4ea8-9998-5222e19566cd@group-7886DAA09D7B-SegmentedRaftLog:OPENED:c3,f4,i4, conf=0: [e5ffd24e-bf4a-4ea8-9998-5222e19566cd:192.168.34.8:41621, 06b05a7f-a473-42c9-9200-88e1a405b515:192.168.34.8:42604, 0794a7c8-829f-468b-b883-2035423e3fbd:192.168.34.8:36706], old=null
2019-10-21 21:52:59,517 [e5ffd24e-bf4a-4ea8-9998-5222e19566cd@group-7886DAA09D7B-LeaderElection45] INFO  impl.RaftServerImpl (RaftServerImpl.java:setRole(184)) - e5ffd24e-bf4a-4ea8-9998-5222e19566cd@group-7886DAA09D7B: changes role from CANDIDATE to FOLLOWER at term 42 for DISCOVERED_A_NEW_TERM
2019-10-21 21:52:59,517 [e5ffd24e-bf4a-4ea8-9998-5222e19566cd@group-7886DAA09D7B-LeaderElection45] INFO  impl.RoleInfo (RoleInfo.java:shutdownLeaderElection(134)) - e5ffd24e-bf4a-4ea8-9998-5222e19566cd: shutdown LeaderElection
2019-10-21 21:52:59,517 [e5ffd24e-bf4a-4ea8-9998-5222e19566cd@group-7886DAA09D7B-LeaderElection45] INFO  impl.RoleInfo (RoleInfo.java:updateAndGet(143)) - e5ffd24e-bf4a-4ea8-9998-5222e19566cd: start FollowerState
2019-10-21 21:52:59,629 [Thread-865] INFO  impl.FollowerState (FollowerState.java:run(108)) - e5ffd24e-bf4a-4ea8-9998-5222e19566cd@group-7886DAA09D7B-FollowerState: change to CANDIDATE, lastRpcTime:111ms, electionTimeout:111ms
2019-10-21 21:52:59,629 [Thread-865] INFO  impl.RoleInfo (RoleInfo.java:shutdownFollowerState(121)) - e5ffd24e-bf4a-4ea8-9998-5222e19566cd: shutdown FollowerState
2019-10-21 21:52:59,629 [Thread-865] INFO  impl.RaftServerImpl (RaftServerImpl.java:setRole(184)) - e5ffd24e-bf4a-4ea8-9998-5222e19566cd@group-7886DAA09D7B: changes role from  FOLLOWER to CANDIDATE at term 42 for changeToCandidate
2019-10-21 21:52:59,629 [Thread-865] INFO  impl.RoleInfo (RoleInfo.java:updateAndGet(143)) - e5ffd24e-bf4a-4ea8-9998-5222e19566cd: start LeaderElection
2019-10-21 21:52:59,653 [BlockDeletingService#2] WARN  background.BlockDeletingService (BlockDeletingService.java:isDeletionAllowed(187)) - Close Container log Index 6 is not replicated across allthe servers in the pipeline 57ddd59c-82e7-4c8a-99fd-7886daa09d7b as the min replicated index is 4. Deletion is not allowed in this container yet.
2019-10-21 21:52:59,653 [BlockDeletingService#2] WARN  background.BlockDeletingService (BlockDeletingService.java:isDeletionAllowed(187)) - Close Container log Index 6 is not replicated across allthe servers in the pipeline 57ddd59c-82e7-4c8a-99fd-7886daa09d7b as the min replicated index is 4. Deletion is not allowed in this container yet.
2019-10-21 21:52:59,655 [e5ffd24e-bf4a-4ea8-9998-5222e19566cd@group-7886DAA09D7B-LeaderElection46] INFO  impl.LeaderElection (LeaderElection.java:askForVotes(178)) - e5ffd24e-bf4a-4ea8-9998-5222e19566cd@group-7886DAA09D7B-LeaderElection46: begin an election at term 43 for 0: [e5ffd24e-bf4a-4ea8-9998-5222e19566cd:192.168.34.8:41621, 06b05a7f-a473-42c9-9200-88e1a405b515:192.168.34.8:42604, 0794a7c8-829f-468b-b883-2035423e3fbd:192.168.34.8:36706], old=null
2019-10-21 21:52:59,658 [grpc-default-executor-0] INFO  impl.RaftServerImpl (RaftServerImpl.java:setRole(184)) - 06b05a7f-a473-42c9-9200-88e1a405b515@group-7886DAA09D7B: changes role from  FOLLOWER to FOLLOWER at term 43 for recognizeCandidate:e5ffd24e-bf4a-4ea8-9998-5222e19566cd
2019-10-21 21:52:59,659 [grpc-default-executor-0] INFO  impl.RoleInfo (RoleInfo.java:shutdownFollowerState(121)) - 06b05a7f-a473-42c9-9200-88e1a405b515: shutdown FollowerState
2019-10-21 21:52:59,659 [grpc-default-executor-2] INFO  impl.RaftServerImpl (RaftServerImpl.java:setRole(184)) - 0794a7c8-829f-468b-b883-2035423e3fbd@group-7886DAA09D7B: changes role from  FOLLOWER to FOLLOWER at term 43 for recognizeCandidate:e5ffd24e-bf4a-4ea8-9998-5222e19566cd
2019-10-21 21:52:59,659 [Thread-864] INFO  impl.FollowerState (FollowerState.java:run(117)) - 06b05a7f-a473-42c9-9200-88e1a405b515@group-7886DAA09D7B-FollowerState was interrupted: java.lang.InterruptedException: sleep interrupted
2019-10-21 21:52:59,659 [grpc-default-executor-0] INFO  impl.RoleInfo (RoleInfo.java:updateAndGet(143)) - 06b05a7f-a473-42c9-9200-88e1a405b515: start FollowerState
2019-10-21 21:52:59,659 [grpc-default-executor-2] INFO  impl.RoleInfo (RoleInfo.java:shutdownFollowerState(121)) - 0794a7c8-829f-468b-b883-2035423e3fbd: shutdown FollowerState
2019-10-21 21:52:59,659 [Thread-863] INFO  impl.FollowerState (FollowerState.java:run(117)) - 0794a7c8-829f-468b-b883-2035423e3fbd@group-7886DAA09D7B-FollowerState was interrupted: java.lang.InterruptedException: sleep interrupted
2019-10-21 21:52:59,659 [grpc-default-executor-2] INFO  impl.RoleInfo (RoleInfo.java:updateAndGet(143)) - 0794a7c8-829f-468b-b883-2035423e3fbd: start FollowerState
2019-10-21 21:52:59,686 [e5ffd24e-bf4a-4ea8-9998-5222e19566cd@group-7886DAA09D7B-LeaderElection46] INFO  impl.LeaderElection (LeaderElection.java:logAndReturn(56)) - e5ffd24e-bf4a-4ea8-9998-5222e19566cd@group-7886DAA09D7B-LeaderElection46: Election REJECTED; received 2 response(s) [e5ffd24e-bf4a-4ea8-9998-5222e19566cd<-06b05a7f-a473-42c9-9200-88e1a405b515#0:FAIL-t43, e5ffd24e-bf4a-4ea8-9998-5222e19566cd<-0794a7c8-829f-468b-b883-2035423e3fbd#0:FAIL-t43] and 0 exception(s); e5ffd24e-bf4a-4ea8-9998-5222e19566cd@group-7886DAA09D7B:t43, leader=null, voted=e5ffd24e-bf4a-4ea8-9998-5222e19566cd, raftlog=e5ffd24e-bf4a-4ea8-9998-5222e19566cd@group-7886DAA09D7B-SegmentedRaftLog:OPENED:c3,f4,i4, conf=0: [e5ffd24e-bf4a-4ea8-9998-5222e19566cd:192.168.34.8:41621, 06b05a7f-a473-42c9-9200-88e1a405b515:192.168.34.8:42604, 0794a7c8-829f-468b-b883-2035423e3fbd:192.168.34.8:36706], old=null
2019-10-21 21:52:59,686 [e5ffd24e-bf4a-4ea8-9998-5222e19566cd@group-7886DAA09D7B-LeaderElection46] INFO  impl.RaftServerImpl (RaftServerImpl.java:setRole(184)) - e5ffd24e-bf4a-4ea8-9998-5222e19566cd@group-7886DAA09D7B: changes role from CANDIDATE to FOLLOWER at term 43 for DISCOVERED_A_NEW_TERM
2019-10-21 21:52:59,686 [e5ffd24e-bf4a-4ea8-9998-5222e19566cd@group-7886DAA09D7B-LeaderElection46] INFO  impl.RoleInfo (RoleInfo.java:shutdownLeaderElection(134)) - e5ffd24e-bf4a-4ea8-9998-5222e19566cd: shutdown LeaderElection
2019-10-21 21:52:59,686 [e5ffd24e-bf4a-4ea8-9998-5222e19566cd@group-7886DAA09D7B-LeaderElection46] INFO  impl.RoleInfo (RoleInfo.java:updateAndGet(143)) - e5ffd24e-bf4a-4ea8-9998-5222e19566cd: start FollowerState
2019-10-21 21:52:59,749 [Thread-873] INFO  impl.FollowerState (FollowerState.java:run(108)) - e5ffd24e-bf4a-4ea8-9998-5222e19566cd@group-7886DAA09D7B-FollowerState: change to CANDIDATE, lastRpcTime:62ms, electionTimeout:62ms
2019-10-21 21:52:59,749 [Thread-873] INFO  impl.RoleInfo (RoleInfo.java:shutdownFollowerState(121)) - e5ffd24e-bf4a-4ea8-9998-5222e19566cd: shutdown FollowerState
2019-10-21 21:52:59,749 [Thread-873] INFO  impl.RaftServerImpl (RaftServerImpl.java:setRole(184)) - e5ffd24e-bf4a-4ea8-9998-5222e19566cd@group-7886DAA09D7B: changes role from  FOLLOWER to CANDIDATE at term 43 for changeToCandidate
2019-10-21 21:52:59,749 [Thread-873] INFO  impl.RoleInfo (RoleInfo.java:updateAndGet(143)) - e5ffd24e-bf4a-4ea8-9998-5222e19566cd: start LeaderElection
2019-10-21 21:52:59,762 [e5ffd24e-bf4a-4ea8-9998-5222e19566cd@group-7886DAA09D7B-LeaderElection47] INFO  impl.LeaderElection (LeaderElection.java:askForVotes(178)) - e5ffd24e-bf4a-4ea8-9998-5222e19566cd@group-7886DAA09D7B-LeaderElection47: begin an election at term 44 for 0: [e5ffd24e-bf4a-4ea8-9998-5222e19566cd:192.168.34.8:41621, 06b05a7f-a473-42c9-9200-88e1a405b515:192.168.34.8:42604, 0794a7c8-829f-468b-b883-2035423e3fbd:192.168.34.8:36706], old=null
2019-10-21 21:52:59,765 [grpc-default-executor-2] INFO  impl.RaftServerImpl (RaftServerImpl.java:setRole(184)) - 06b05a7f-a473-42c9-9200-88e1a405b515@group-7886DAA09D7B: changes role from  FOLLOWER to FOLLOWER at term 44 for recognizeCandidate:e5ffd24e-bf4a-4ea8-9998-5222e19566cd
2019-10-21 21:52:59,766 [grpc-default-executor-0] INFO  impl.RaftServerImpl (RaftServerImpl.java:setRole(184)) - 0794a7c8-829f-468b-b883-2035423e3fbd@group-7886DAA09D7B: changes role from  FOLLOWER to FOLLOWER at term 44 for recognizeCandidate:e5ffd24e-bf4a-4ea8-9998-5222e19566cd
2019-10-21 21:52:59,766 [grpc-default-executor-2] INFO  impl.RoleInfo (RoleInfo.java:shutdownFollowerState(121)) - 06b05a7f-a473-42c9-9200-88e1a405b515: shutdown FollowerState
2019-10-21 21:52:59,766 [grpc-default-executor-0] INFO  impl.RoleInfo (RoleInfo.java:shutdownFollowerState(121)) - 0794a7c8-829f-468b-b883-2035423e3fbd: shutdown FollowerState
2019-10-21 21:52:59,766 [Thread-871] INFO  impl.FollowerState (FollowerState.java:run(117)) - 06b05a7f-a473-42c9-9200-88e1a405b515@group-7886DAA09D7B-FollowerState was interrupted: java.lang.InterruptedException: sleep interrupted
2019-10-21 21:52:59,766 [grpc-default-executor-2] INFO  impl.RoleInfo (RoleInfo.java:updateAndGet(143)) - 06b05a7f-a473-42c9-9200-88e1a405b515: start FollowerState
2019-10-21 21:52:59,766 [Thread-872] INFO  impl.FollowerState (FollowerState.java:run(117)) - 0794a7c8-829f-468b-b883-2035423e3fbd@group-7886DAA09D7B-FollowerState was interrupted: java.lang.InterruptedException: sleep interrupted
2019-10-21 21:52:59,766 [grpc-default-executor-0] INFO  impl.RoleInfo (RoleInfo.java:updateAndGet(143)) - 0794a7c8-829f-468b-b883-2035423e3fbd: start FollowerState
2019-10-21 21:52:59,793 [e5ffd24e-bf4a-4ea8-9998-5222e19566cd@group-7886DAA09D7B-LeaderElection47] INFO  impl.LeaderElection (LeaderElection.java:logAndReturn(56)) - e5ffd24e-bf4a-4ea8-9998-5222e19566cd@group-7886DAA09D7B-LeaderElection47: Election REJECTED; received 2 response(s) [e5ffd24e-bf4a-4ea8-9998-5222e19566cd<-06b05a7f-a473-42c9-9200-88e1a405b515#0:FAIL-t44, e5ffd24e-bf4a-4ea8-9998-5222e19566cd<-0794a7c8-829f-468b-b883-2035423e3fbd#0:FAIL-t44] and 0 exception(s); e5ffd24e-bf4a-4ea8-9998-5222e19566cd@group-7886DAA09D7B:t44, leader=null, voted=e5ffd24e-bf4a-4ea8-9998-5222e19566cd, raftlog=e5ffd24e-bf4a-4ea8-9998-5222e19566cd@group-7886DAA09D7B-SegmentedRaftLog:OPENED:c3,f4,i4, conf=0: [e5ffd24e-bf4a-4ea8-9998-5222e19566cd:192.168.34.8:41621, 06b05a7f-a473-42c9-9200-88e1a405b515:192.168.34.8:42604, 0794a7c8-829f-468b-b883-2035423e3fbd:192.168.34.8:36706], old=null
2019-10-21 21:52:59,794 [e5ffd24e-bf4a-4ea8-9998-5222e19566cd@group-7886DAA09D7B-LeaderElection47] INFO  impl.RaftServerImpl (RaftServerImpl.java:setRole(184)) - e5ffd24e-bf4a-4ea8-9998-5222e19566cd@group-7886DAA09D7B: changes role from CANDIDATE to FOLLOWER at term 44 for DISCOVERED_A_NEW_TERM
2019-10-21 21:52:59,794 [e5ffd24e-bf4a-4ea8-9998-5222e19566cd@group-7886DAA09D7B-LeaderElection47] INFO  impl.RoleInfo (RoleInfo.java:shutdownLeaderElection(134)) - e5ffd24e-bf4a-4ea8-9998-5222e19566cd: shutdown LeaderElection
2019-10-21 21:52:59,794 [e5ffd24e-bf4a-4ea8-9998-5222e19566cd@group-7886DAA09D7B-LeaderElection47] INFO  impl.RoleInfo (RoleInfo.java:updateAndGet(143)) - e5ffd24e-bf4a-4ea8-9998-5222e19566cd: start FollowerState
2019-10-21 21:52:59,850 [Thread-880] INFO  impl.FollowerState (FollowerState.java:run(108)) - e5ffd24e-bf4a-4ea8-9998-5222e19566cd@group-7886DAA09D7B-FollowerState: change to CANDIDATE, lastRpcTime:56ms, electionTimeout:56ms
2019-10-21 21:52:59,850 [Thread-880] INFO  impl.RoleInfo (RoleInfo.java:shutdownFollowerState(121)) - e5ffd24e-bf4a-4ea8-9998-5222e19566cd: shutdown FollowerState
2019-10-21 21:52:59,851 [Thread-880] INFO  impl.RaftServerImpl (RaftServerImpl.java:setRole(184)) - e5ffd24e-bf4a-4ea8-9998-5222e19566cd@group-7886DAA09D7B: changes role from  FOLLOWER to CANDIDATE at term 44 for changeToCandidate
2019-10-21 21:52:59,851 [Thread-880] INFO  impl.RoleInfo (RoleInfo.java:updateAndGet(143)) - e5ffd24e-bf4a-4ea8-9998-5222e19566cd: start LeaderElection
2019-10-21 21:52:59,871 [e5ffd24e-bf4a-4ea8-9998-5222e19566cd@group-7886DAA09D7B-LeaderElection48] INFO  impl.LeaderElection (LeaderElection.java:askForVotes(178)) - e5ffd24e-bf4a-4ea8-9998-5222e19566cd@group-7886DAA09D7B-LeaderElection48: begin an election at term 45 for 0: [e5ffd24e-bf4a-4ea8-9998-5222e19566cd:192.168.34.8:41621, 06b05a7f-a473-42c9-9200-88e1a405b515:192.168.34.8:42604, 0794a7c8-829f-468b-b883-2035423e3fbd:192.168.34.8:36706], old=null
2019-10-21 21:52:59,874 [grpc-default-executor-0] INFO  impl.RaftServerImpl (RaftServerImpl.java:setRole(184)) - 06b05a7f-a473-42c9-9200-88e1a405b515@group-7886DAA09D7B: changes role from  FOLLOWER to FOLLOWER at term 45 for recognizeCandidate:e5ffd24e-bf4a-4ea8-9998-5222e19566cd
2019-10-21 21:52:59,874 [grpc-default-executor-2] INFO  impl.RaftServerImpl (RaftServerImpl.java:setRole(184)) - 0794a7c8-829f-468b-b883-2035423e3fbd@group-7886DAA09D7B: changes role from  FOLLOWER to FOLLOWER at term 45 for recognizeCandidate:e5ffd24e-bf4a-4ea8-9998-5222e19566cd
2019-10-21 21:52:59,874 [grpc-default-executor-0] INFO  impl.RoleInfo (RoleInfo.java:shutdownFollowerState(121)) - 06b05a7f-a473-42c9-9200-88e1a405b515: shutdown FollowerState
2019-10-21 21:52:59,874 [grpc-default-executor-2] INFO  impl.RoleInfo (RoleInfo.java:shutdownFollowerState(121)) - 0794a7c8-829f-468b-b883-2035423e3fbd: shutdown FollowerState
2019-10-21 21:52:59,874 [Thread-878] INFO  impl.FollowerState (FollowerState.java:run(117)) - 06b05a7f-a473-42c9-9200-88e1a405b515@group-7886DAA09D7B-FollowerState was interrupted: java.lang.InterruptedException: sleep interrupted
2019-10-21 21:52:59,875 [Thread-879] INFO  impl.FollowerState (FollowerState.java:run(117)) - 0794a7c8-829f-468b-b883-2035423e3fbd@group-7886DAA09D7B-FollowerState was interrupted: java.lang.InterruptedException: sleep interrupted
2019-10-21 21:52:59,874 [grpc-default-executor-0] INFO  impl.RoleInfo (RoleInfo.java:updateAndGet(143)) - 06b05a7f-a473-42c9-9200-88e1a405b515: start FollowerState
2019-10-21 21:52:59,875 [grpc-default-executor-2] INFO  impl.RoleInfo (RoleInfo.java:updateAndGet(143)) - 0794a7c8-829f-468b-b883-2035423e3fbd: start FollowerState
2019-10-21 21:52:59,901 [e5ffd24e-bf4a-4ea8-9998-5222e19566cd@group-7886DAA09D7B-LeaderElection48] INFO  impl.LeaderElection (LeaderElection.java:logAndReturn(56)) - e5ffd24e-bf4a-4ea8-9998-5222e19566cd@group-7886DAA09D7B-LeaderElection48: Election REJECTED; received 2 response(s) [e5ffd24e-bf4a-4ea8-9998-5222e19566cd<-06b05a7f-a473-42c9-9200-88e1a405b515#0:FAIL-t45, e5ffd24e-bf4a-4ea8-9998-5222e19566cd<-0794a7c8-829f-468b-b883-2035423e3fbd#0:FAIL-t45] and 0 exception(s); e5ffd24e-bf4a-4ea8-9998-5222e19566cd@group-7886DAA09D7B:t45, leader=null, voted=e5ffd24e-bf4a-4ea8-9998-5222e19566cd, raftlog=e5ffd24e-bf4a-4ea8-9998-5222e19566cd@group-7886DAA09D7B-SegmentedRaftLog:OPENED:c3,f4,i4, conf=0: [e5ffd24e-bf4a-4ea8-9998-5222e19566cd:192.168.34.8:41621, 06b05a7f-a473-42c9-9200-88e1a405b515:192.168.34.8:42604, 0794a7c8-829f-468b-b883-2035423e3fbd:192.168.34.8:36706], old=null
2019-10-21 21:52:59,901 [e5ffd24e-bf4a-4ea8-9998-5222e19566cd@group-7886DAA09D7B-LeaderElection48] INFO  impl.RaftServerImpl (RaftServerImpl.java:setRole(184)) - e5ffd24e-bf4a-4ea8-9998-5222e19566cd@group-7886DAA09D7B: changes role from CANDIDATE to FOLLOWER at term 45 for DISCOVERED_A_NEW_TERM
2019-10-21 21:52:59,901 [e5ffd24e-bf4a-4ea8-9998-5222e19566cd@group-7886DAA09D7B-LeaderElection48] INFO  impl.RoleInfo (RoleInfo.java:shutdownLeaderElection(134)) - e5ffd24e-bf4a-4ea8-9998-5222e19566cd: shutdown LeaderElection
2019-10-21 21:52:59,902 [e5ffd24e-bf4a-4ea8-9998-5222e19566cd@group-7886DAA09D7B-LeaderElection48] INFO  impl.RoleInfo (RoleInfo.java:updateAndGet(143)) - e5ffd24e-bf4a-4ea8-9998-5222e19566cd: start FollowerState
2019-10-21 21:52:59,984 [Thread-886] INFO  impl.FollowerState (FollowerState.java:run(108)) - e5ffd24e-bf4a-4ea8-9998-5222e19566cd@group-7886DAA09D7B-FollowerState: change to CANDIDATE, lastRpcTime:82ms, electionTimeout:82ms
2019-10-21 21:52:59,984 [Thread-886] INFO  impl.RoleInfo (RoleInfo.java:shutdownFollowerState(121)) - e5ffd24e-bf4a-4ea8-9998-5222e19566cd: shutdown FollowerState
2019-10-21 21:52:59,985 [Thread-886] INFO  impl.RaftServerImpl (RaftServerImpl.java:setRole(184)) - e5ffd24e-bf4a-4ea8-9998-5222e19566cd@group-7886DAA09D7B: changes role from  FOLLOWER to CANDIDATE at term 45 for changeToCandidate
2019-10-21 21:52:59,985 [Thread-886] INFO  impl.RoleInfo (RoleInfo.java:updateAndGet(143)) - e5ffd24e-bf4a-4ea8-9998-5222e19566cd: start LeaderElection
2019-10-21 21:52:59,995 [Thread-889] INFO  client.GrpcClientProtocolService (GrpcClientProtocolService.java:lambda$processClientRequest$0(278)) - Failed RaftClientRequest:client-5B812E6CE025->e5ffd24e-bf4a-4ea8-9998-5222e19566cd@group-7886DAA09D7B, cid=10, seq=0, Watch-ALL_COMMITTED(6), Message:<EMPTY>, reply=RaftClientReply:client-5B812E6CE025->e5ffd24e-bf4a-4ea8-9998-5222e19566cd@group-7886DAA09D7B, cid=10, FAILED org.apache.ratis.protocol.NotLeaderException: Server e5ffd24e-bf4a-4ea8-9998-5222e19566cd@group-7886DAA09D7B is not the leader, logIndex=0, commits[e5ffd24e-bf4a-4ea8-9998-5222e19566cd:c3]
2019-10-21 21:53:00,001 [e5ffd24e-bf4a-4ea8-9998-5222e19566cd@group-7886DAA09D7B-LeaderElection49] INFO  impl.LeaderElection (LeaderElection.java:askForVotes(178)) - e5ffd24e-bf4a-4ea8-9998-5222e19566cd@group-7886DAA09D7B-LeaderElection49: begin an election at term 46 for 0: [e5ffd24e-bf4a-4ea8-9998-5222e19566cd:192.168.34.8:41621, 06b05a7f-a473-42c9-9200-88e1a405b515:192.168.34.8:42604, 0794a7c8-829f-468b-b883-2035423e3fbd:192.168.34.8:36706], old=null
2019-10-21 21:53:00,004 [grpc-default-executor-0] INFO  impl.RaftServerImpl (RaftServerImpl.java:setRole(184)) - 06b05a7f-a473-42c9-9200-88e1a405b515@group-7886DAA09D7B: changes role from  FOLLOWER to FOLLOWER at term 46 for recognizeCandidate:e5ffd24e-bf4a-4ea8-9998-5222e19566cd
2019-10-21 21:53:00,005 [grpc-default-executor-0] INFO  impl.RoleInfo (RoleInfo.java:shutdownFollowerState(121)) - 06b05a7f-a473-42c9-9200-88e1a405b515: shutdown FollowerState
2019-10-21 21:53:00,005 [grpc-default-executor-2] INFO  impl.RaftServerImpl (RaftServerImpl.java:setRole(184)) - 0794a7c8-829f-468b-b883-2035423e3fbd@group-7886DAA09D7B: changes role from  FOLLOWER to FOLLOWER at term 46 for recognizeCandidate:e5ffd24e-bf4a-4ea8-9998-5222e19566cd
2019-10-21 21:53:00,005 [Thread-884] INFO  impl.FollowerState (FollowerState.java:run(117)) - 06b05a7f-a473-42c9-9200-88e1a405b515@group-7886DAA09D7B-FollowerState was interrupted: java.lang.InterruptedException: sleep interrupted
2019-10-21 21:53:00,005 [grpc-default-executor-0] INFO  impl.RoleInfo (RoleInfo.java:updateAndGet(143)) - 06b05a7f-a473-42c9-9200-88e1a405b515: start FollowerState
2019-10-21 21:53:00,005 [grpc-default-executor-2] INFO  impl.RoleInfo (RoleInfo.java:shutdownFollowerState(121)) - 0794a7c8-829f-468b-b883-2035423e3fbd: shutdown FollowerState
2019-10-21 21:53:00,005 [grpc-default-executor-2] INFO  impl.RoleInfo (RoleInfo.java:updateAndGet(143)) - 0794a7c8-829f-468b-b883-2035423e3fbd: start FollowerState
2019-10-21 21:53:00,005 [Thread-885] INFO  impl.FollowerState (FollowerState.java:run(117)) - 0794a7c8-829f-468b-b883-2035423e3fbd@group-7886DAA09D7B-FollowerState was interrupted: java.lang.InterruptedException: sleep interrupted
2019-10-21 21:53:00,031 [e5ffd24e-bf4a-4ea8-9998-5222e19566cd@group-7886DAA09D7B-LeaderElection49] INFO  impl.LeaderElection (LeaderElection.java:logAndReturn(56)) - e5ffd24e-bf4a-4ea8-9998-5222e19566cd@group-7886DAA09D7B-LeaderElection49: Election REJECTED; received 2 response(s) [e5ffd24e-bf4a-4ea8-9998-5222e19566cd<-06b05a7f-a473-42c9-9200-88e1a405b515#0:FAIL-t46, e5ffd24e-bf4a-4ea8-9998-5222e19566cd<-0794a7c8-829f-468b-b883-2035423e3fbd#0:FAIL-t46] and 0 exception(s); e5ffd24e-bf4a-4ea8-9998-5222e19566cd@group-7886DAA09D7B:t46, leader=null, voted=e5ffd24e-bf4a-4ea8-9998-5222e19566cd, raftlog=e5ffd24e-bf4a-4ea8-9998-5222e19566cd@group-7886DAA09D7B-SegmentedRaftLog:OPENED:c3,f4,i4, conf=0: [e5ffd24e-bf4a-4ea8-9998-5222e19566cd:192.168.34.8:41621, 06b05a7f-a473-42c9-9200-88e1a405b515:192.168.34.8:42604, 0794a7c8-829f-468b-b883-2035423e3fbd:192.168.34.8:36706], old=null
2019-10-21 21:53:00,032 [e5ffd24e-bf4a-4ea8-9998-5222e19566cd@group-7886DAA09D7B-LeaderElection49] INFO  impl.RaftServerImpl (RaftServerImpl.java:setRole(184)) - e5ffd24e-bf4a-4ea8-9998-5222e19566cd@group-7886DAA09D7B: changes role from CANDIDATE to FOLLOWER at term 46 for DISCOVERED_A_NEW_TERM
2019-10-21 21:53:00,032 [e5ffd24e-bf4a-4ea8-9998-5222e19566cd@group-7886DAA09D7B-LeaderElection49] INFO  impl.RoleInfo (RoleInfo.java:shutdownLeaderElection(134)) - e5ffd24e-bf4a-4ea8-9998-5222e19566cd: shutdown LeaderElection
2019-10-21 21:53:00,032 [e5ffd24e-bf4a-4ea8-9998-5222e19566cd@group-7886DAA09D7B-LeaderElection49] INFO  impl.RoleInfo (RoleInfo.java:updateAndGet(143)) - e5ffd24e-bf4a-4ea8-9998-5222e19566cd: start FollowerState
2019-10-21 21:53:00,080 [Thread-895] INFO  impl.FollowerState (FollowerState.java:run(108)) - e5ffd24e-bf4a-4ea8-9998-5222e19566cd@group-7886DAA09D7B-FollowerState: change to CANDIDATE, lastRpcTime:47ms, electionTimeout:47ms
2019-10-21 21:53:00,080 [Thread-895] INFO  impl.RoleInfo (RoleInfo.java:shutdownFollowerState(121)) - e5ffd24e-bf4a-4ea8-9998-5222e19566cd: shutdown FollowerState
2019-10-21 21:53:00,080 [Thread-895] INFO  impl.RaftServerImpl (RaftServerImpl.java:setRole(184)) - e5ffd24e-bf4a-4ea8-9998-5222e19566cd@group-7886DAA09D7B: changes role from  FOLLOWER to CANDIDATE at term 46 for changeToCandidate
2019-10-21 21:53:00,080 [Thread-895] INFO  impl.RoleInfo (RoleInfo.java:updateAndGet(143)) - e5ffd24e-bf4a-4ea8-9998-5222e19566cd: start LeaderElection
2019-10-21 21:53:00,094 [e5ffd24e-bf4a-4ea8-9998-5222e19566cd@group-7886DAA09D7B-LeaderElection50] INFO  impl.LeaderElection (LeaderElection.java:askForVotes(178)) - e5ffd24e-bf4a-4ea8-9998-5222e19566cd@group-7886DAA09D7B-LeaderElection50: begin an election at term 47 for 0: [e5ffd24e-bf4a-4ea8-9998-5222e19566cd:192.168.34.8:41621, 06b05a7f-a473-42c9-9200-88e1a405b515:192.168.34.8:42604, 0794a7c8-829f-468b-b883-2035423e3fbd:192.168.34.8:36706], old=null
2019-10-21 21:53:00,097 [grpc-default-executor-2] INFO  impl.RaftServerImpl (RaftServerImpl.java:setRole(184)) - 06b05a7f-a473-42c9-9200-88e1a405b515@group-7886DAA09D7B: changes role from  FOLLOWER to FOLLOWER at term 47 for recognizeCandidate:e5ffd24e-bf4a-4ea8-9998-5222e19566cd
2019-10-21 21:53:00,097 [grpc-default-executor-0] INFO  impl.RaftServerImpl (RaftServerImpl.java:setRole(184)) - 0794a7c8-829f-468b-b883-2035423e3fbd@group-7886DAA09D7B: changes role from  FOLLOWER to FOLLOWER at term 47 for recognizeCandidate:e5ffd24e-bf4a-4ea8-9998-5222e19566cd
2019-10-21 21:53:00,097 [grpc-default-executor-2] INFO  impl.RoleInfo (RoleInfo.java:shutdownFollowerState(121)) - 06b05a7f-a473-42c9-9200-88e1a405b515: shutdown FollowerState
2019-10-21 21:53:00,097 [grpc-default-executor-0] INFO  impl.RoleInfo (RoleInfo.java:shutdownFollowerState(121)) - 0794a7c8-829f-468b-b883-2035423e3fbd: shutdown FollowerState
2019-10-21 21:53:00,097 [Thread-893] INFO  impl.FollowerState (FollowerState.java:run(117)) - 06b05a7f-a473-42c9-9200-88e1a405b515@group-7886DAA09D7B-FollowerState was interrupted: java.lang.InterruptedException: sleep interrupted
2019-10-21 21:53:00,097 [grpc-default-executor-2] INFO  impl.RoleInfo (RoleInfo.java:updateAndGet(143)) - 06b05a7f-a473-42c9-9200-88e1a405b515: start FollowerState
2019-10-21 21:53:00,097 [grpc-default-executor-0] INFO  impl.RoleInfo (RoleInfo.java:updateAndGet(143)) - 0794a7c8-829f-468b-b883-2035423e3fbd: start FollowerState
2019-10-21 21:53:00,097 [Thread-894] INFO  impl.FollowerState (FollowerState.java:run(117)) - 0794a7c8-829f-468b-b883-2035423e3fbd@group-7886DAA09D7B-FollowerState was interrupted: java.lang.InterruptedException: sleep interrupted
2019-10-21 21:53:00,124 [e5ffd24e-bf4a-4ea8-9998-5222e19566cd@group-7886DAA09D7B-LeaderElection50] INFO  impl.LeaderElection (LeaderElection.java:logAndReturn(56)) - e5ffd24e-bf4a-4ea8-9998-5222e19566cd@group-7886DAA09D7B-LeaderElection50: Election REJECTED; received 2 response(s) [e5ffd24e-bf4a-4ea8-9998-5222e19566cd<-06b05a7f-a473-42c9-9200-88e1a405b515#0:FAIL-t47, e5ffd24e-bf4a-4ea8-9998-5222e19566cd<-0794a7c8-829f-468b-b883-2035423e3fbd#0:FAIL-t47] and 0 exception(s); e5ffd24e-bf4a-4ea8-9998-5222e19566cd@group-7886DAA09D7B:t47, leader=null, voted=e5ffd24e-bf4a-4ea8-9998-5222e19566cd, raftlog=e5ffd24e-bf4a-4ea8-9998-5222e19566cd@group-7886DAA09D7B-SegmentedRaftLog:OPENED:c3,f4,i4, conf=0: [e5ffd24e-bf4a-4ea8-9998-5222e19566cd:192.168.34.8:41621, 06b05a7f-a473-42c9-9200-88e1a405b515:192.168.34.8:42604, 0794a7c8-829f-468b-b883-2035423e3fbd:192.168.34.8:36706], old=null
2019-10-21 21:53:00,124 [e5ffd24e-bf4a-4ea8-9998-5222e19566cd@group-7886DAA09D7B-LeaderElection50] INFO  impl.RaftServerImpl (RaftServerImpl.java:setRole(184)) - e5ffd24e-bf4a-4ea8-9998-5222e19566cd@group-7886DAA09D7B: changes role from CANDIDATE to FOLLOWER at term 47 for DISCOVERED_A_NEW_TERM
2019-10-21 21:53:00,124 [e5ffd24e-bf4a-4ea8-9998-5222e19566cd@group-7886DAA09D7B-LeaderElection50] INFO  impl.RoleInfo (RoleInfo.java:shutdownLeaderElection(134)) - e5ffd24e-bf4a-4ea8-9998-5222e19566cd: shutdown LeaderElection
2019-10-21 21:53:00,124 [e5ffd24e-bf4a-4ea8-9998-5222e19566cd@group-7886DAA09D7B-LeaderElection50] INFO  impl.RoleInfo (RoleInfo.java:updateAndGet(143)) - e5ffd24e-bf4a-4ea8-9998-5222e19566cd: start FollowerState
2019-10-21 21:53:00,263 [Thread-901] INFO  impl.FollowerState (FollowerState.java:run(108)) - e5ffd24e-bf4a-4ea8-9998-5222e19566cd@group-7886DAA09D7B-FollowerState: change to CANDIDATE, lastRpcTime:138ms, electionTimeout:138ms
2019-10-21 21:53:00,263 [Thread-901] INFO  impl.RoleInfo (RoleInfo.java:shutdownFollowerState(121)) - e5ffd24e-bf4a-4ea8-9998-5222e19566cd: shutdown FollowerState
2019-10-21 21:53:00,263 [Thread-901] INFO  impl.RaftServerImpl (RaftServerImpl.java:setRole(184)) - e5ffd24e-bf4a-4ea8-9998-5222e19566cd@group-7886DAA09D7B: changes role from  FOLLOWER to CANDIDATE at term 47 for changeToCandidate
2019-10-21 21:53:00,263 [Thread-901] INFO  impl.RoleInfo (RoleInfo.java:updateAndGet(143)) - e5ffd24e-bf4a-4ea8-9998-5222e19566cd: start LeaderElection
2019-10-21 21:53:00,289 [e5ffd24e-bf4a-4ea8-9998-5222e19566cd@group-7886DAA09D7B-LeaderElection51] INFO  impl.LeaderElection (LeaderElection.java:askForVotes(178)) - e5ffd24e-bf4a-4ea8-9998-5222e19566cd@group-7886DAA09D7B-LeaderElection51: begin an election at term 48 for 0: [e5ffd24e-bf4a-4ea8-9998-5222e19566cd:192.168.34.8:41621, 06b05a7f-a473-42c9-9200-88e1a405b515:192.168.34.8:42604, 0794a7c8-829f-468b-b883-2035423e3fbd:192.168.34.8:36706], old=null
2019-10-21 21:53:00,292 [grpc-default-executor-2] INFO  impl.RaftServerImpl (RaftServerImpl.java:setRole(184)) - 06b05a7f-a473-42c9-9200-88e1a405b515@group-7886DAA09D7B: changes role from  FOLLOWER to FOLLOWER at term 48 for recognizeCandidate:e5ffd24e-bf4a-4ea8-9998-5222e19566cd
2019-10-21 21:53:00,292 [grpc-default-executor-0] INFO  impl.RaftServerImpl (RaftServerImpl.java:setRole(184)) - 0794a7c8-829f-468b-b883-2035423e3fbd@group-7886DAA09D7B: changes role from  FOLLOWER to FOLLOWER at term 48 for recognizeCandidate:e5ffd24e-bf4a-4ea8-9998-5222e19566cd
2019-10-21 21:53:00,293 [grpc-default-executor-2] INFO  impl.RoleInfo (RoleInfo.java:shutdownFollowerState(121)) - 06b05a7f-a473-42c9-9200-88e1a405b515: shutdown FollowerState
2019-10-21 21:53:00,293 [grpc-default-executor-0] INFO  impl.RoleInfo (RoleInfo.java:shutdownFollowerState(121)) - 0794a7c8-829f-468b-b883-2035423e3fbd: shutdown FollowerState
2019-10-21 21:53:00,293 [grpc-default-executor-2] INFO  impl.RoleInfo (RoleInfo.java:updateAndGet(143)) - 06b05a7f-a473-42c9-9200-88e1a405b515: start FollowerState
2019-10-21 21:53:00,293 [grpc-default-executor-0] INFO  impl.RoleInfo (RoleInfo.java:updateAndGet(143)) - 0794a7c8-829f-468b-b883-2035423e3fbd: start FollowerState
2019-10-21 21:53:00,293 [Thread-899] INFO  impl.FollowerState (FollowerState.java:run(117)) - 06b05a7f-a473-42c9-9200-88e1a405b515@group-7886DAA09D7B-FollowerState was interrupted: java.lang.InterruptedException: sleep interrupted
2019-10-21 21:53:00,293 [Thread-900] INFO  impl.FollowerState (FollowerState.java:run(117)) - 0794a7c8-829f-468b-b883-2035423e3fbd@group-7886DAA09D7B-FollowerState was interrupted: java.lang.InterruptedException: sleep interrupted
2019-10-21 21:53:00,310 [e5ffd24e-bf4a-4ea8-9998-5222e19566cd@group-7886DAA09D7B-LeaderElection51] INFO  impl.LeaderElection (LeaderElection.java:logAndReturn(56)) - e5ffd24e-bf4a-4ea8-9998-5222e19566cd@group-7886DAA09D7B-LeaderElection51: Election REJECTED; received 2 response(s) [e5ffd24e-bf4a-4ea8-9998-5222e19566cd<-06b05a7f-a473-42c9-9200-88e1a405b515#0:FAIL-t48, e5ffd24e-bf4a-4ea8-9998-5222e19566cd<-0794a7c8-829f-468b-b883-2035423e3fbd#0:FAIL-t48] and 0 exception(s); e5ffd24e-bf4a-4ea8-9998-5222e19566cd@group-7886DAA09D7B:t48, leader=null, voted=e5ffd24e-bf4a-4ea8-9998-5222e19566cd, raftlog=e5ffd24e-bf4a-4ea8-9998-5222e19566cd@group-7886DAA09D7B-SegmentedRaftLog:OPENED:c3,f4,i4, conf=0: [e5ffd24e-bf4a-4ea8-9998-5222e19566cd:192.168.34.8:41621, 06b05a7f-a473-42c9-9200-88e1a405b515:192.168.34.8:42604, 0794a7c8-829f-468b-b883-2035423e3fbd:192.168.34.8:36706], old=null
2019-10-21 21:53:00,311 [e5ffd24e-bf4a-4ea8-9998-5222e19566cd@group-7886DAA09D7B-LeaderElection51] INFO  impl.RaftServerImpl (RaftServerImpl.java:setRole(184)) - e5ffd24e-bf4a-4ea8-9998-5222e19566cd@group-7886DAA09D7B: changes role from CANDIDATE to FOLLOWER at term 48 for DISCOVERED_A_NEW_TERM
2019-10-21 21:53:00,311 [e5ffd24e-bf4a-4ea8-9998-5222e19566cd@group-7886DAA09D7B-LeaderElection51] INFO  impl.RoleInfo (RoleInfo.java:shutdownLeaderElection(134)) - e5ffd24e-bf4a-4ea8-9998-5222e19566cd: shutdown LeaderElection
2019-10-21 21:53:00,311 [e5ffd24e-bf4a-4ea8-9998-5222e19566cd@group-7886DAA09D7B-LeaderElection51] INFO  impl.RoleInfo (RoleInfo.java:updateAndGet(143)) - e5ffd24e-bf4a-4ea8-9998-5222e19566cd: start FollowerState
2019-10-21 21:53:00,324 [Thread-907] INFO  impl.FollowerState (FollowerState.java:run(108)) - e5ffd24e-bf4a-4ea8-9998-5222e19566cd@group-7886DAA09D7B-FollowerState: change to CANDIDATE, lastRpcTime:13ms, electionTimeout:13ms
2019-10-21 21:53:00,325 [Thread-907] INFO  impl.RoleInfo (RoleInfo.java:shutdownFollowerState(121)) - e5ffd24e-bf4a-4ea8-9998-5222e19566cd: shutdown FollowerState
2019-10-21 21:53:00,325 [Thread-907] INFO  impl.RaftServerImpl (RaftServerImpl.java:setRole(184)) - e5ffd24e-bf4a-4ea8-9998-5222e19566cd@group-7886DAA09D7B: changes role from  FOLLOWER to CANDIDATE at term 48 for changeToCandidate
2019-10-21 21:53:00,325 [Thread-907] INFO  impl.RoleInfo (RoleInfo.java:updateAndGet(143)) - e5ffd24e-bf4a-4ea8-9998-5222e19566cd: start LeaderElection
2019-10-21 21:53:00,338 [e5ffd24e-bf4a-4ea8-9998-5222e19566cd@group-7886DAA09D7B-LeaderElection52] INFO  impl.LeaderElection (LeaderElection.java:askForVotes(178)) - e5ffd24e-bf4a-4ea8-9998-5222e19566cd@group-7886DAA09D7B-LeaderElection52: begin an election at term 49 for 0: [e5ffd24e-bf4a-4ea8-9998-5222e19566cd:192.168.34.8:41621, 06b05a7f-a473-42c9-9200-88e1a405b515:192.168.34.8:42604, 0794a7c8-829f-468b-b883-2035423e3fbd:192.168.34.8:36706], old=null
2019-10-21 21:53:00,341 [grpc-default-executor-2] INFO  impl.RaftServerImpl (RaftServerImpl.java:setRole(184)) - 06b05a7f-a473-42c9-9200-88e1a405b515@group-7886DAA09D7B: changes role from  FOLLOWER to FOLLOWER at term 49 for recognizeCandidate:e5ffd24e-bf4a-4ea8-9998-5222e19566cd
2019-10-21 21:53:00,341 [grpc-default-executor-0] INFO  impl.RaftServerImpl (RaftServerImpl.java:setRole(184)) - 0794a7c8-829f-468b-b883-2035423e3fbd@group-7886DAA09D7B: changes role from  FOLLOWER to FOLLOWER at term 49 for recognizeCandidate:e5ffd24e-bf4a-4ea8-9998-5222e19566cd
2019-10-21 21:53:00,342 [grpc-default-executor-2] INFO  impl.RoleInfo (RoleInfo.java:shutdownFollowerState(121)) - 06b05a7f-a473-42c9-9200-88e1a405b515: shutdown FollowerState
2019-10-21 21:53:00,342 [grpc-default-executor-0] INFO  impl.RoleInfo (RoleInfo.java:shutdownFollowerState(121)) - 0794a7c8-829f-468b-b883-2035423e3fbd: shutdown FollowerState
2019-10-21 21:53:00,342 [Thread-905] INFO  impl.FollowerState (FollowerState.java:run(117)) - 06b05a7f-a473-42c9-9200-88e1a405b515@group-7886DAA09D7B-FollowerState was interrupted: java.lang.InterruptedException: sleep interrupted
2019-10-21 21:53:00,342 [grpc-default-executor-2] INFO  impl.RoleInfo (RoleInfo.java:updateAndGet(143)) - 06b05a7f-a473-42c9-9200-88e1a405b515: start FollowerState
2019-10-21 21:53:00,342 [Thread-906] INFO  impl.FollowerState (FollowerState.java:run(117)) - 0794a7c8-829f-468b-b883-2035423e3fbd@group-7886DAA09D7B-FollowerState was interrupted: java.lang.InterruptedException: sleep interrupted
2019-10-21 21:53:00,342 [grpc-default-executor-0] INFO  impl.RoleInfo (RoleInfo.java:updateAndGet(143)) - 0794a7c8-829f-468b-b883-2035423e3fbd: start FollowerState
2019-10-21 21:53:00,357 [e5ffd24e-bf4a-4ea8-9998-5222e19566cd@group-7886DAA09D7B-LeaderElection52] INFO  impl.LeaderElection (LeaderElection.java:logAndReturn(56)) - e5ffd24e-bf4a-4ea8-9998-5222e19566cd@group-7886DAA09D7B-LeaderElection52: Election REJECTED; received 2 response(s) [e5ffd24e-bf4a-4ea8-9998-5222e19566cd<-06b05a7f-a473-42c9-9200-88e1a405b515#0:FAIL-t49, e5ffd24e-bf4a-4ea8-9998-5222e19566cd<-0794a7c8-829f-468b-b883-2035423e3fbd#0:FAIL-t49] and 0 exception(s); e5ffd24e-bf4a-4ea8-9998-5222e19566cd@group-7886DAA09D7B:t49, leader=null, voted=e5ffd24e-bf4a-4ea8-9998-5222e19566cd, raftlog=e5ffd24e-bf4a-4ea8-9998-5222e19566cd@group-7886DAA09D7B-SegmentedRaftLog:OPENED:c3,f4,i4, conf=0: [e5ffd24e-bf4a-4ea8-9998-5222e19566cd:192.168.34.8:41621, 06b05a7f-a473-42c9-9200-88e1a405b515:192.168.34.8:42604, 0794a7c8-829f-468b-b883-2035423e3fbd:192.168.34.8:36706], old=null
2019-10-21 21:53:00,357 [e5ffd24e-bf4a-4ea8-9998-5222e19566cd@group-7886DAA09D7B-LeaderElection52] INFO  impl.RaftServerImpl (RaftServerImpl.java:setRole(184)) - e5ffd24e-bf4a-4ea8-9998-5222e19566cd@group-7886DAA09D7B: changes role from CANDIDATE to FOLLOWER at term 49 for DISCOVERED_A_NEW_TERM
2019-10-21 21:53:00,357 [e5ffd24e-bf4a-4ea8-9998-5222e19566cd@group-7886DAA09D7B-LeaderElection52] INFO  impl.RoleInfo (RoleInfo.java:shutdownLeaderElection(134)) - e5ffd24e-bf4a-4ea8-9998-5222e19566cd: shutdown LeaderElection
2019-10-21 21:53:00,357 [e5ffd24e-bf4a-4ea8-9998-5222e19566cd@group-7886DAA09D7B-LeaderElection52] INFO  impl.RoleInfo (RoleInfo.java:updateAndGet(143)) - e5ffd24e-bf4a-4ea8-9998-5222e19566cd: start FollowerState
2019-10-21 21:53:00,375 [Thread-913] INFO  impl.FollowerState (FollowerState.java:run(108)) - e5ffd24e-bf4a-4ea8-9998-5222e19566cd@group-7886DAA09D7B-FollowerState: change to CANDIDATE, lastRpcTime:18ms, electionTimeout:18ms
2019-10-21 21:53:00,376 [Thread-913] INFO  impl.RoleInfo (RoleInfo.java:shutdownFollowerState(121)) - e5ffd24e-bf4a-4ea8-9998-5222e19566cd: shutdown FollowerState
2019-10-21 21:53:00,376 [Thread-913] INFO  impl.RaftServerImpl (RaftServerImpl.java:setRole(184)) - e5ffd24e-bf4a-4ea8-9998-5222e19566cd@group-7886DAA09D7B: changes role from  FOLLOWER to CANDIDATE at term 49 for changeToCandidate
2019-10-21 21:53:00,376 [Thread-913] INFO  impl.RoleInfo (RoleInfo.java:updateAndGet(143)) - e5ffd24e-bf4a-4ea8-9998-5222e19566cd: start LeaderElection
2019-10-21 21:53:00,389 [e5ffd24e-bf4a-4ea8-9998-5222e19566cd@group-7886DAA09D7B-LeaderElection53] INFO  impl.LeaderElection (LeaderElection.java:askForVotes(178)) - e5ffd24e-bf4a-4ea8-9998-5222e19566cd@group-7886DAA09D7B-LeaderElection53: begin an election at term 50 for 0: [e5ffd24e-bf4a-4ea8-9998-5222e19566cd:192.168.34.8:41621, 06b05a7f-a473-42c9-9200-88e1a405b515:192.168.34.8:42604, 0794a7c8-829f-468b-b883-2035423e3fbd:192.168.34.8:36706], old=null
2019-10-21 21:53:00,391 [grpc-default-executor-2] INFO  impl.RaftServerImpl (RaftServerImpl.java:setRole(184)) - 0794a7c8-829f-468b-b883-2035423e3fbd@group-7886DAA09D7B: changes role from  FOLLOWER to FOLLOWER at term 50 for recognizeCandidate:e5ffd24e-bf4a-4ea8-9998-5222e19566cd
2019-10-21 21:53:00,391 [grpc-default-executor-0] INFO  impl.RaftServerImpl (RaftServerImpl.java:setRole(184)) - 06b05a7f-a473-42c9-9200-88e1a405b515@group-7886DAA09D7B: changes role from  FOLLOWER to FOLLOWER at term 50 for recognizeCandidate:e5ffd24e-bf4a-4ea8-9998-5222e19566cd
2019-10-21 21:53:00,391 [grpc-default-executor-2] INFO  impl.RoleInfo (RoleInfo.java:shutdownFollowerState(121)) - 0794a7c8-829f-468b-b883-2035423e3fbd: shutdown FollowerState
2019-10-21 21:53:00,392 [grpc-default-executor-0] INFO  impl.RoleInfo (RoleInfo.java:shutdownFollowerState(121)) - 06b05a7f-a473-42c9-9200-88e1a405b515: shutdown FollowerState
2019-10-21 21:53:00,392 [Thread-912] INFO  impl.FollowerState (FollowerState.java:run(117)) - 0794a7c8-829f-468b-b883-2035423e3fbd@group-7886DAA09D7B-FollowerState was interrupted: java.lang.InterruptedException: sleep interrupted
2019-10-21 21:53:00,392 [grpc-default-executor-2] INFO  impl.RoleInfo (RoleInfo.java:updateAndGet(143)) - 0794a7c8-829f-468b-b883-2035423e3fbd: start FollowerState
2019-10-21 21:53:00,392 [Thread-911] INFO  impl.FollowerState (FollowerState.java:run(117)) - 06b05a7f-a473-42c9-9200-88e1a405b515@group-7886DAA09D7B-FollowerState was interrupted: java.lang.InterruptedException: sleep interrupted
2019-10-21 21:53:00,392 [grpc-default-executor-0] INFO  impl.RoleInfo (RoleInfo.java:updateAndGet(143)) - 06b05a7f-a473-42c9-9200-88e1a405b515: start FollowerState
2019-10-21 21:53:00,409 [e5ffd24e-bf4a-4ea8-9998-5222e19566cd@group-7886DAA09D7B-LeaderElection53] INFO  impl.LeaderElection (LeaderElection.java:logAndReturn(56)) - e5ffd24e-bf4a-4ea8-9998-5222e19566cd@group-7886DAA09D7B-LeaderElection53: Election REJECTED; received 2 response(s) [e5ffd24e-bf4a-4ea8-9998-5222e19566cd<-06b05a7f-a473-42c9-9200-88e1a405b515#0:FAIL-t50, e5ffd24e-bf4a-4ea8-9998-5222e19566cd<-0794a7c8-829f-468b-b883-2035423e3fbd#0:FAIL-t50] and 0 exception(s); e5ffd24e-bf4a-4ea8-9998-5222e19566cd@group-7886DAA09D7B:t50, leader=null, voted=e5ffd24e-bf4a-4ea8-9998-5222e19566cd, raftlog=e5ffd24e-bf4a-4ea8-9998-5222e19566cd@group-7886DAA09D7B-SegmentedRaftLog:OPENED:c3,f4,i4, conf=0: [e5ffd24e-bf4a-4ea8-9998-5222e19566cd:192.168.34.8:41621, 06b05a7f-a473-42c9-9200-88e1a405b515:192.168.34.8:42604, 0794a7c8-829f-468b-b883-2035423e3fbd:192.168.34.8:36706], old=null
2019-10-21 21:53:00,410 [e5ffd24e-bf4a-4ea8-9998-5222e19566cd@group-7886DAA09D7B-LeaderElection53] INFO  impl.RaftServerImpl (RaftServerImpl.java:setRole(184)) - e5ffd24e-bf4a-4ea8-9998-5222e19566cd@group-7886DAA09D7B: changes role from CANDIDATE to FOLLOWER at term 50 for DISCOVERED_A_NEW_TERM
2019-10-21 21:53:00,410 [e5ffd24e-bf4a-4ea8-9998-5222e19566cd@group-7886DAA09D7B-LeaderElection53] INFO  impl.RoleInfo (RoleInfo.java:shutdownLeaderElection(134)) - e5ffd24e-bf4a-4ea8-9998-5222e19566cd: shutdown LeaderElection
2019-10-21 21:53:00,410 [e5ffd24e-bf4a-4ea8-9998-5222e19566cd@group-7886DAA09D7B-LeaderElection53] INFO  impl.RoleInfo (RoleInfo.java:updateAndGet(143)) - e5ffd24e-bf4a-4ea8-9998-5222e19566cd: start FollowerState
2019-10-21 21:53:00,425 [Thread-919] INFO  impl.FollowerState (FollowerState.java:run(108)) - e5ffd24e-bf4a-4ea8-9998-5222e19566cd@group-7886DAA09D7B-FollowerState: change to CANDIDATE, lastRpcTime:15ms, electionTimeout:15ms
2019-10-21 21:53:00,425 [Thread-919] INFO  impl.RoleInfo (RoleInfo.java:shutdownFollowerState(121)) - e5ffd24e-bf4a-4ea8-9998-5222e19566cd: shutdown FollowerState
2019-10-21 21:53:00,425 [Thread-919] INFO  impl.RaftServerImpl (RaftServerImpl.java:setRole(184)) - e5ffd24e-bf4a-4ea8-9998-5222e19566cd@group-7886DAA09D7B: changes role from  FOLLOWER to CANDIDATE at term 50 for changeToCandidate
2019-10-21 21:53:00,425 [Thread-919] INFO  impl.RoleInfo (RoleInfo.java:updateAndGet(143)) - e5ffd24e-bf4a-4ea8-9998-5222e19566cd: start LeaderElection
2019-10-21 21:53:00,439 [e5ffd24e-bf4a-4ea8-9998-5222e19566cd@group-7886DAA09D7B-LeaderElection54] INFO  impl.LeaderElection (LeaderElection.java:askForVotes(178)) - e5ffd24e-bf4a-4ea8-9998-5222e19566cd@group-7886DAA09D7B-LeaderElection54: begin an election at term 51 for 0: [e5ffd24e-bf4a-4ea8-9998-5222e19566cd:192.168.34.8:41621, 06b05a7f-a473-42c9-9200-88e1a405b515:192.168.34.8:42604, 0794a7c8-829f-468b-b883-2035423e3fbd:192.168.34.8:36706], old=null
2019-10-21 21:53:00,441 [grpc-default-executor-2] INFO  impl.RaftServerImpl (RaftServerImpl.java:setRole(184)) - 06b05a7f-a473-42c9-9200-88e1a405b515@group-7886DAA09D7B: changes role from  FOLLOWER to FOLLOWER at term 51 for recognizeCandidate:e5ffd24e-bf4a-4ea8-9998-5222e19566cd
2019-10-21 21:53:00,441 [grpc-default-executor-2] INFO  impl.RoleInfo (RoleInfo.java:shutdownFollowerState(121)) - 06b05a7f-a473-42c9-9200-88e1a405b515: shutdown FollowerState
2019-10-21 21:53:00,441 [grpc-default-executor-1] INFO  impl.RaftServerImpl (RaftServerImpl.java:setRole(184)) - 0794a7c8-829f-468b-b883-2035423e3fbd@group-7886DAA09D7B: changes role from  FOLLOWER to FOLLOWER at term 51 for recognizeCandidate:e5ffd24e-bf4a-4ea8-9998-5222e19566cd
2019-10-21 21:53:00,441 [Thread-918] INFO  impl.FollowerState (FollowerState.java:run(117)) - 06b05a7f-a473-42c9-9200-88e1a405b515@group-7886DAA09D7B-FollowerState was interrupted: java.lang.InterruptedException: sleep interrupted
2019-10-21 21:53:00,441 [grpc-default-executor-2] INFO  impl.RoleInfo (RoleInfo.java:updateAndGet(143)) - 06b05a7f-a473-42c9-9200-88e1a405b515: start FollowerState
2019-10-21 21:53:00,441 [grpc-default-executor-1] INFO  impl.RoleInfo (RoleInfo.java:shutdownFollowerState(121)) - 0794a7c8-829f-468b-b883-2035423e3fbd: shutdown FollowerState
2019-10-21 21:53:00,441 [grpc-default-executor-1] INFO  impl.RoleInfo (RoleInfo.java:updateAndGet(143)) - 0794a7c8-829f-468b-b883-2035423e3fbd: start FollowerState
2019-10-21 21:53:00,441 [Thread-917] INFO  impl.FollowerState (FollowerState.java:run(117)) - 0794a7c8-829f-468b-b883-2035423e3fbd@group-7886DAA09D7B-FollowerState was interrupted: java.lang.InterruptedException: sleep interrupted
2019-10-21 21:53:00,469 [e5ffd24e-bf4a-4ea8-9998-5222e19566cd@group-7886DAA09D7B-LeaderElection54] INFO  impl.LeaderElection (LeaderElection.java:logAndReturn(56)) - e5ffd24e-bf4a-4ea8-9998-5222e19566cd@group-7886DAA09D7B-LeaderElection54: Election REJECTED; received 2 response(s) [e5ffd24e-bf4a-4ea8-9998-5222e19566cd<-06b05a7f-a473-42c9-9200-88e1a405b515#0:FAIL-t51, e5ffd24e-bf4a-4ea8-9998-5222e19566cd<-0794a7c8-829f-468b-b883-2035423e3fbd#0:FAIL-t51] and 0 exception(s); e5ffd24e-bf4a-4ea8-9998-5222e19566cd@group-7886DAA09D7B:t51, leader=null, voted=e5ffd24e-bf4a-4ea8-9998-5222e19566cd, raftlog=e5ffd24e-bf4a-4ea8-9998-5222e19566cd@group-7886DAA09D7B-SegmentedRaftLog:OPENED:c3,f4,i4, conf=0: [e5ffd24e-bf4a-4ea8-9998-5222e19566cd:192.168.34.8:41621, 06b05a7f-a473-42c9-9200-88e1a405b515:192.168.34.8:42604, 0794a7c8-829f-468b-b883-2035423e3fbd:192.168.34.8:36706], old=null
2019-10-21 21:53:00,469 [e5ffd24e-bf4a-4ea8-9998-5222e19566cd@group-7886DAA09D7B-LeaderElection54] INFO  impl.RaftServerImpl (RaftServerImpl.java:setRole(184)) - e5ffd24e-bf4a-4ea8-9998-5222e19566cd@group-7886DAA09D7B: changes role from CANDIDATE to FOLLOWER at term 51 for DISCOVERED_A_NEW_TERM
2019-10-21 21:53:00,469 [e5ffd24e-bf4a-4ea8-9998-5222e19566cd@group-7886DAA09D7B-LeaderElection54] INFO  impl.RoleInfo (RoleInfo.java:shutdownLeaderElection(134)) - e5ffd24e-bf4a-4ea8-9998-5222e19566cd: shutdown LeaderElection
2019-10-21 21:53:00,469 [e5ffd24e-bf4a-4ea8-9998-5222e19566cd@group-7886DAA09D7B-LeaderElection54] INFO  impl.RoleInfo (RoleInfo.java:updateAndGet(143)) - e5ffd24e-bf4a-4ea8-9998-5222e19566cd: start FollowerState
2019-10-21 21:53:00,557 [Thread-925] INFO  impl.FollowerState (FollowerState.java:run(108)) - e5ffd24e-bf4a-4ea8-9998-5222e19566cd@group-7886DAA09D7B-FollowerState: change to CANDIDATE, lastRpcTime:87ms, electionTimeout:87ms
2019-10-21 21:53:00,557 [Thread-925] INFO  impl.RoleInfo (RoleInfo.java:shutdownFollowerState(121)) - e5ffd24e-bf4a-4ea8-9998-5222e19566cd: shutdown FollowerState
2019-10-21 21:53:00,557 [Thread-925] INFO  impl.RaftServerImpl (RaftServerImpl.java:setRole(184)) - e5ffd24e-bf4a-4ea8-9998-5222e19566cd@group-7886DAA09D7B: changes role from  FOLLOWER to CANDIDATE at term 51 for changeToCandidate
2019-10-21 21:53:00,557 [Thread-925] INFO  impl.RoleInfo (RoleInfo.java:updateAndGet(143)) - e5ffd24e-bf4a-4ea8-9998-5222e19566cd: start LeaderElection
2019-10-21 21:53:00,571 [e5ffd24e-bf4a-4ea8-9998-5222e19566cd@group-7886DAA09D7B-LeaderElection55] INFO  impl.LeaderElection (LeaderElection.java:askForVotes(178)) - e5ffd24e-bf4a-4ea8-9998-5222e19566cd@group-7886DAA09D7B-LeaderElection55: begin an election at term 52 for 0: [e5ffd24e-bf4a-4ea8-9998-5222e19566cd:192.168.34.8:41621, 06b05a7f-a473-42c9-9200-88e1a405b515:192.168.34.8:42604, 0794a7c8-829f-468b-b883-2035423e3fbd:192.168.34.8:36706], old=null
2019-10-21 21:53:00,573 [grpc-default-executor-2] INFO  impl.RaftServerImpl (RaftServerImpl.java:setRole(184)) - 0794a7c8-829f-468b-b883-2035423e3fbd@group-7886DAA09D7B: changes role from  FOLLOWER to FOLLOWER at term 52 for recognizeCandidate:e5ffd24e-bf4a-4ea8-9998-5222e19566cd
2019-10-21 21:53:00,573 [grpc-default-executor-2] INFO  impl.RoleInfo (RoleInfo.java:shutdownFollowerState(121)) - 0794a7c8-829f-468b-b883-2035423e3fbd: shutdown FollowerState
2019-10-21 21:53:00,573 [grpc-default-executor-1] INFO  impl.RaftServerImpl (RaftServerImpl.java:setRole(184)) - 06b05a7f-a473-42c9-9200-88e1a405b515@group-7886DAA09D7B: changes role from  FOLLOWER to FOLLOWER at term 52 for recognizeCandidate:e5ffd24e-bf4a-4ea8-9998-5222e19566cd
2019-10-21 21:53:00,574 [Thread-924] INFO  impl.FollowerState (FollowerState.java:run(117)) - 0794a7c8-829f-468b-b883-2035423e3fbd@group-7886DAA09D7B-FollowerState was interrupted: java.lang.InterruptedException: sleep interrupted
2019-10-21 21:53:00,574 [grpc-default-executor-2] INFO  impl.RoleInfo (RoleInfo.java:updateAndGet(143)) - 0794a7c8-829f-468b-b883-2035423e3fbd: start FollowerState
2019-10-21 21:53:00,574 [grpc-default-executor-1] INFO  impl.RoleInfo (RoleInfo.java:shutdownFollowerState(121)) - 06b05a7f-a473-42c9-9200-88e1a405b515: shutdown FollowerState
2019-10-21 21:53:00,574 [grpc-default-executor-1] INFO  impl.RoleInfo (RoleInfo.java:updateAndGet(143)) - 06b05a7f-a473-42c9-9200-88e1a405b515: start FollowerState
2019-10-21 21:53:00,574 [Thread-923] INFO  impl.FollowerState (FollowerState.java:run(117)) - 06b05a7f-a473-42c9-9200-88e1a405b515@group-7886DAA09D7B-FollowerState was interrupted: java.lang.InterruptedException: sleep interrupted
2019-10-21 21:53:00,601 [e5ffd24e-bf4a-4ea8-9998-5222e19566cd@group-7886DAA09D7B-LeaderElection55] INFO  impl.LeaderElection (LeaderElection.java:logAndReturn(56)) - e5ffd24e-bf4a-4ea8-9998-5222e19566cd@group-7886DAA09D7B-LeaderElection55: Election REJECTED; received 2 response(s) [e5ffd24e-bf4a-4ea8-9998-5222e19566cd<-06b05a7f-a473-42c9-9200-88e1a405b515#0:FAIL-t52, e5ffd24e-bf4a-4ea8-9998-5222e19566cd<-0794a7c8-829f-468b-b883-2035423e3fbd#0:FAIL-t52] and 0 exception(s); e5ffd24e-bf4a-4ea8-9998-5222e19566cd@group-7886DAA09D7B:t52, leader=null, voted=e5ffd24e-bf4a-4ea8-9998-5222e19566cd, raftlog=e5ffd24e-bf4a-4ea8-9998-5222e19566cd@group-7886DAA09D7B-SegmentedRaftLog:OPENED:c3,f4,i4, conf=0: [e5ffd24e-bf4a-4ea8-9998-5222e19566cd:192.168.34.8:41621, 06b05a7f-a473-42c9-9200-88e1a405b515:192.168.34.8:42604, 0794a7c8-829f-468b-b883-2035423e3fbd:192.168.34.8:36706], old=null
2019-10-21 21:53:00,601 [e5ffd24e-bf4a-4ea8-9998-5222e19566cd@group-7886DAA09D7B-LeaderElection55] INFO  impl.RaftServerImpl (RaftServerImpl.java:setRole(184)) - e5ffd24e-bf4a-4ea8-9998-5222e19566cd@group-7886DAA09D7B: changes role from CANDIDATE to FOLLOWER at term 52 for DISCOVERED_A_NEW_TERM
2019-10-21 21:53:00,601 [e5ffd24e-bf4a-4ea8-9998-5222e19566cd@group-7886DAA09D7B-LeaderElection55] INFO  impl.RoleInfo (RoleInfo.java:shutdownLeaderElection(134)) - e5ffd24e-bf4a-4ea8-9998-5222e19566cd: shutdown LeaderElection
2019-10-21 21:53:00,601 [e5ffd24e-bf4a-4ea8-9998-5222e19566cd@group-7886DAA09D7B-LeaderElection55] INFO  impl.RoleInfo (RoleInfo.java:updateAndGet(143)) - e5ffd24e-bf4a-4ea8-9998-5222e19566cd: start FollowerState
2019-10-21 21:53:00,634 [Thread-931] INFO  impl.FollowerState (FollowerState.java:run(108)) - e5ffd24e-bf4a-4ea8-9998-5222e19566cd@group-7886DAA09D7B-FollowerState: change to CANDIDATE, lastRpcTime:33ms, electionTimeout:33ms
2019-10-21 21:53:00,635 [Thread-931] INFO  impl.RoleInfo (RoleInfo.java:shutdownFollowerState(121)) - e5ffd24e-bf4a-4ea8-9998-5222e19566cd: shutdown FollowerState
2019-10-21 21:53:00,635 [Thread-931] INFO  impl.RaftServerImpl (RaftServerImpl.java:setRole(184)) - e5ffd24e-bf4a-4ea8-9998-5222e19566cd@group-7886DAA09D7B: changes role from  FOLLOWER to CANDIDATE at term 52 for changeToCandidate
2019-10-21 21:53:00,635 [Thread-931] INFO  impl.RoleInfo (RoleInfo.java:updateAndGet(143)) - e5ffd24e-bf4a-4ea8-9998-5222e19566cd: start LeaderElection
2019-10-21 21:53:00,648 [e5ffd24e-bf4a-4ea8-9998-5222e19566cd@group-7886DAA09D7B-LeaderElection56] INFO  impl.LeaderElection (LeaderElection.java:askForVotes(178)) - e5ffd24e-bf4a-4ea8-9998-5222e19566cd@group-7886DAA09D7B-LeaderElection56: begin an election at term 53 for 0: [e5ffd24e-bf4a-4ea8-9998-5222e19566cd:192.168.34.8:41621, 06b05a7f-a473-42c9-9200-88e1a405b515:192.168.34.8:42604, 0794a7c8-829f-468b-b883-2035423e3fbd:192.168.34.8:36706], old=null
2019-10-21 21:53:00,651 [grpc-default-executor-2] INFO  impl.RaftServerImpl (RaftServerImpl.java:setRole(184)) - 06b05a7f-a473-42c9-9200-88e1a405b515@group-7886DAA09D7B: changes role from  FOLLOWER to FOLLOWER at term 53 for recognizeCandidate:e5ffd24e-bf4a-4ea8-9998-5222e19566cd
2019-10-21 21:53:00,651 [grpc-default-executor-1] INFO  impl.RaftServerImpl (RaftServerImpl.java:setRole(184)) - 0794a7c8-829f-468b-b883-2035423e3fbd@group-7886DAA09D7B: changes role from  FOLLOWER to FOLLOWER at term 53 for recognizeCandidate:e5ffd24e-bf4a-4ea8-9998-5222e19566cd
2019-10-21 21:53:00,651 [grpc-default-executor-2] INFO  impl.RoleInfo (RoleInfo.java:shutdownFollowerState(121)) - 06b05a7f-a473-42c9-9200-88e1a405b515: shutdown FollowerState
2019-10-21 21:53:00,651 [grpc-default-executor-1] INFO  impl.RoleInfo (RoleInfo.java:shutdownFollowerState(121)) - 0794a7c8-829f-468b-b883-2035423e3fbd: shutdown FollowerState
2019-10-21 21:53:00,651 [Thread-930] INFO  impl.FollowerState (FollowerState.java:run(117)) - 06b05a7f-a473-42c9-9200-88e1a405b515@group-7886DAA09D7B-FollowerState was interrupted: java.lang.InterruptedException: sleep interrupted
2019-10-21 21:53:00,651 [grpc-default-executor-2] INFO  impl.RoleInfo (RoleInfo.java:updateAndGet(143)) - 06b05a7f-a473-42c9-9200-88e1a405b515: start FollowerState
2019-10-21 21:53:00,651 [Thread-929] INFO  impl.FollowerState (FollowerState.java:run(117)) - 0794a7c8-829f-468b-b883-2035423e3fbd@group-7886DAA09D7B-FollowerState was interrupted: java.lang.InterruptedException: sleep interrupted
2019-10-21 21:53:00,651 [grpc-default-executor-1] INFO  impl.RoleInfo (RoleInfo.java:updateAndGet(143)) - 0794a7c8-829f-468b-b883-2035423e3fbd: start FollowerState
2019-10-21 21:53:00,654 [BlockDeletingService#2] WARN  background.BlockDeletingService (BlockDeletingService.java:isDeletionAllowed(187)) - Close Container log Index 6 is not replicated across allthe servers in the pipeline 57ddd59c-82e7-4c8a-99fd-7886daa09d7b as the min replicated index is 4. Deletion is not allowed in this container yet.
2019-10-21 21:53:00,654 [BlockDeletingService#2] WARN  background.BlockDeletingService (BlockDeletingService.java:isDeletionAllowed(187)) - Close Container log Index 6 is not replicated across allthe servers in the pipeline 57ddd59c-82e7-4c8a-99fd-7886daa09d7b as the min replicated index is 4. Deletion is not allowed in this container yet.
2019-10-21 21:53:00,689 [e5ffd24e-bf4a-4ea8-9998-5222e19566cd@group-7886DAA09D7B-LeaderElection56] INFO  impl.LeaderElection (LeaderElection.java:logAndReturn(56)) - e5ffd24e-bf4a-4ea8-9998-5222e19566cd@group-7886DAA09D7B-LeaderElection56: Election REJECTED; received 2 response(s) [e5ffd24e-bf4a-4ea8-9998-5222e19566cd<-06b05a7f-a473-42c9-9200-88e1a405b515#0:FAIL-t53, e5ffd24e-bf4a-4ea8-9998-5222e19566cd<-0794a7c8-829f-468b-b883-2035423e3fbd#0:FAIL-t53] and 0 exception(s); e5ffd24e-bf4a-4ea8-9998-5222e19566cd@group-7886DAA09D7B:t53, leader=null, voted=e5ffd24e-bf4a-4ea8-9998-5222e19566cd, raftlog=e5ffd24e-bf4a-4ea8-9998-5222e19566cd@group-7886DAA09D7B-SegmentedRaftLog:OPENED:c3,f4,i4, conf=0: [e5ffd24e-bf4a-4ea8-9998-5222e19566cd:192.168.34.8:41621, 06b05a7f-a473-42c9-9200-88e1a405b515:192.168.34.8:42604, 0794a7c8-829f-468b-b883-2035423e3fbd:192.168.34.8:36706], old=null
2019-10-21 21:53:00,690 [e5ffd24e-bf4a-4ea8-9998-5222e19566cd@group-7886DAA09D7B-LeaderElection56] INFO  impl.RaftServerImpl (RaftServerImpl.java:setRole(184)) - e5ffd24e-bf4a-4ea8-9998-5222e19566cd@group-7886DAA09D7B: changes role from CANDIDATE to FOLLOWER at term 53 for DISCOVERED_A_NEW_TERM
2019-10-21 21:53:00,690 [e5ffd24e-bf4a-4ea8-9998-5222e19566cd@group-7886DAA09D7B-LeaderElection56] INFO  impl.RoleInfo (RoleInfo.java:shutdownLeaderElection(134)) - e5ffd24e-bf4a-4ea8-9998-5222e19566cd: shutdown LeaderElection
2019-10-21 21:53:00,690 [e5ffd24e-bf4a-4ea8-9998-5222e19566cd@group-7886DAA09D7B-LeaderElection56] INFO  impl.RoleInfo (RoleInfo.java:updateAndGet(143)) - e5ffd24e-bf4a-4ea8-9998-5222e19566cd: start FollowerState
2019-10-21 21:53:00,721 [Thread-941] INFO  impl.FollowerState (FollowerState.java:run(108)) - e5ffd24e-bf4a-4ea8-9998-5222e19566cd@group-7886DAA09D7B-FollowerState: change to CANDIDATE, lastRpcTime:31ms, electionTimeout:31ms
2019-10-21 21:53:00,721 [Thread-941] INFO  impl.RoleInfo (RoleInfo.java:shutdownFollowerState(121)) - e5ffd24e-bf4a-4ea8-9998-5222e19566cd: shutdown FollowerState
2019-10-21 21:53:00,722 [Thread-941] INFO  impl.RaftServerImpl (RaftServerImpl.java:setRole(184)) - e5ffd24e-bf4a-4ea8-9998-5222e19566cd@group-7886DAA09D7B: changes role from  FOLLOWER to CANDIDATE at term 53 for changeToCandidate
2019-10-21 21:53:00,722 [Thread-941] INFO  impl.RoleInfo (RoleInfo.java:updateAndGet(143)) - e5ffd24e-bf4a-4ea8-9998-5222e19566cd: start LeaderElection
2019-10-21 21:53:00,748 [e5ffd24e-bf4a-4ea8-9998-5222e19566cd@group-7886DAA09D7B-LeaderElection57] INFO  impl.LeaderElection (LeaderElection.java:askForVotes(178)) - e5ffd24e-bf4a-4ea8-9998-5222e19566cd@group-7886DAA09D7B-LeaderElection57: begin an election at term 54 for 0: [e5ffd24e-bf4a-4ea8-9998-5222e19566cd:192.168.34.8:41621, 06b05a7f-a473-42c9-9200-88e1a405b515:192.168.34.8:42604, 0794a7c8-829f-468b-b883-2035423e3fbd:192.168.34.8:36706], old=null
2019-10-21 21:53:00,750 [grpc-default-executor-2] INFO  impl.RaftServerImpl (RaftServerImpl.java:setRole(184)) - 0794a7c8-829f-468b-b883-2035423e3fbd@group-7886DAA09D7B: changes role from  FOLLOWER to FOLLOWER at term 54 for recognizeCandidate:e5ffd24e-bf4a-4ea8-9998-5222e19566cd
2019-10-21 21:53:00,750 [grpc-default-executor-1] INFO  impl.RaftServerImpl (RaftServerImpl.java:setRole(184)) - 06b05a7f-a473-42c9-9200-88e1a405b515@group-7886DAA09D7B: changes role from  FOLLOWER to FOLLOWER at term 54 for recognizeCandidate:e5ffd24e-bf4a-4ea8-9998-5222e19566cd
2019-10-21 21:53:00,751 [grpc-default-executor-2] INFO  impl.RoleInfo (RoleInfo.java:shutdownFollowerState(121)) - 0794a7c8-829f-468b-b883-2035423e3fbd: shutdown FollowerState
2019-10-21 21:53:00,751 [grpc-default-executor-1] INFO  impl.RoleInfo (RoleInfo.java:shutdownFollowerState(121)) - 06b05a7f-a473-42c9-9200-88e1a405b515: shutdown FollowerState
2019-10-21 21:53:00,751 [Thread-936] INFO  impl.FollowerState (FollowerState.java:run(117)) - 0794a7c8-829f-468b-b883-2035423e3fbd@group-7886DAA09D7B-FollowerState was interrupted: java.lang.InterruptedException: sleep interrupted
2019-10-21 21:53:00,751 [grpc-default-executor-2] INFO  impl.RoleInfo (RoleInfo.java:updateAndGet(143)) - 0794a7c8-829f-468b-b883-2035423e3fbd: start FollowerState
2019-10-21 21:53:00,751 [grpc-default-executor-1] INFO  impl.RoleInfo (RoleInfo.java:updateAndGet(143)) - 06b05a7f-a473-42c9-9200-88e1a405b515: start FollowerState
2019-10-21 21:53:00,751 [Thread-935] INFO  impl.FollowerState (FollowerState.java:run(117)) - 06b05a7f-a473-42c9-9200-88e1a405b515@group-7886DAA09D7B-FollowerState was interrupted: java.lang.InterruptedException: sleep interrupted
2019-10-21 21:53:00,777 [e5ffd24e-bf4a-4ea8-9998-5222e19566cd@group-7886DAA09D7B-LeaderElection57] INFO  impl.LeaderElection (LeaderElection.java:logAndReturn(56)) - e5ffd24e-bf4a-4ea8-9998-5222e19566cd@group-7886DAA09D7B-LeaderElection57: Election REJECTED; received 2 response(s) [e5ffd24e-bf4a-4ea8-9998-5222e19566cd<-06b05a7f-a473-42c9-9200-88e1a405b515#0:FAIL-t54, e5ffd24e-bf4a-4ea8-9998-5222e19566cd<-0794a7c8-829f-468b-b883-2035423e3fbd#0:FAIL-t54] and 0 exception(s); e5ffd24e-bf4a-4ea8-9998-5222e19566cd@group-7886DAA09D7B:t54, leader=null, voted=e5ffd24e-bf4a-4ea8-9998-5222e19566cd, raftlog=e5ffd24e-bf4a-4ea8-9998-5222e19566cd@group-7886DAA09D7B-SegmentedRaftLog:OPENED:c3,f4,i4, conf=0: [e5ffd24e-bf4a-4ea8-9998-5222e19566cd:192.168.34.8:41621, 06b05a7f-a473-42c9-9200-88e1a405b515:192.168.34.8:42604, 0794a7c8-829f-468b-b883-2035423e3fbd:192.168.34.8:36706], old=null
2019-10-21 21:53:00,778 [e5ffd24e-bf4a-4ea8-9998-5222e19566cd@group-7886DAA09D7B-LeaderElection57] INFO  impl.RaftServerImpl (RaftServerImpl.java:setRole(184)) - e5ffd24e-bf4a-4ea8-9998-5222e19566cd@group-7886DAA09D7B: changes role from CANDIDATE to FOLLOWER at term 54 for DISCOVERED_A_NEW_TERM
2019-10-21 21:53:00,778 [e5ffd24e-bf4a-4ea8-9998-5222e19566cd@group-7886DAA09D7B-LeaderElection57] INFO  impl.RoleInfo (RoleInfo.java:shutdownLeaderElection(134)) - e5ffd24e-bf4a-4ea8-9998-5222e19566cd: shutdown LeaderElection
2019-10-21 21:53:00,778 [e5ffd24e-bf4a-4ea8-9998-5222e19566cd@group-7886DAA09D7B-LeaderElection57] INFO  impl.RoleInfo (RoleInfo.java:updateAndGet(143)) - e5ffd24e-bf4a-4ea8-9998-5222e19566cd: start FollowerState
2019-10-21 21:53:00,961 [Thread-948] INFO  impl.FollowerState (FollowerState.java:run(108)) - e5ffd24e-bf4a-4ea8-9998-5222e19566cd@group-7886DAA09D7B-FollowerState: change to CANDIDATE, lastRpcTime:182ms, electionTimeout:182ms
2019-10-21 21:53:00,961 [Thread-948] INFO  impl.RoleInfo (RoleInfo.java:shutdownFollowerState(121)) - e5ffd24e-bf4a-4ea8-9998-5222e19566cd: shutdown FollowerState
2019-10-21 21:53:00,961 [Thread-948] INFO  impl.RaftServerImpl (RaftServerImpl.java:setRole(184)) - e5ffd24e-bf4a-4ea8-9998-5222e19566cd@group-7886DAA09D7B: changes role from  FOLLOWER to CANDIDATE at term 54 for changeToCandidate
2019-10-21 21:53:00,961 [Thread-948] INFO  impl.RoleInfo (RoleInfo.java:updateAndGet(143)) - e5ffd24e-bf4a-4ea8-9998-5222e19566cd: start LeaderElection
2019-10-21 21:53:00,987 [e5ffd24e-bf4a-4ea8-9998-5222e19566cd@group-7886DAA09D7B-LeaderElection58] INFO  impl.LeaderElection (LeaderElection.java:askForVotes(178)) - e5ffd24e-bf4a-4ea8-9998-5222e19566cd@group-7886DAA09D7B-LeaderElection58: begin an election at term 55 for 0: [e5ffd24e-bf4a-4ea8-9998-5222e19566cd:192.168.34.8:41621, 06b05a7f-a473-42c9-9200-88e1a405b515:192.168.34.8:42604, 0794a7c8-829f-468b-b883-2035423e3fbd:192.168.34.8:36706], old=null
2019-10-21 21:53:00,990 [grpc-default-executor-1] INFO  impl.RaftServerImpl (RaftServerImpl.java:setRole(184)) - 06b05a7f-a473-42c9-9200-88e1a405b515@group-7886DAA09D7B: changes role from  FOLLOWER to FOLLOWER at term 55 for recognizeCandidate:e5ffd24e-bf4a-4ea8-9998-5222e19566cd
2019-10-21 21:53:00,990 [grpc-default-executor-2] INFO  impl.RaftServerImpl (RaftServerImpl.java:setRole(184)) - 0794a7c8-829f-468b-b883-2035423e3fbd@group-7886DAA09D7B: changes role from  FOLLOWER to FOLLOWER at term 55 for recognizeCandidate:e5ffd24e-bf4a-4ea8-9998-5222e19566cd
2019-10-21 21:53:00,990 [grpc-default-executor-1] INFO  impl.RoleInfo (RoleInfo.java:shutdownFollowerState(121)) - 06b05a7f-a473-42c9-9200-88e1a405b515: shutdown FollowerState
2019-10-21 21:53:00,990 [grpc-default-executor-2] INFO  impl.RoleInfo (RoleInfo.java:shutdownFollowerState(121)) - 0794a7c8-829f-468b-b883-2035423e3fbd: shutdown FollowerState
2019-10-21 21:53:00,990 [Thread-947] INFO  impl.FollowerState (FollowerState.java:run(117)) - 06b05a7f-a473-42c9-9200-88e1a405b515@group-7886DAA09D7B-FollowerState was interrupted: java.lang.InterruptedException: sleep interrupted
2019-10-21 21:53:00,990 [grpc-default-executor-1] INFO  impl.RoleInfo (RoleInfo.java:updateAndGet(143)) - 06b05a7f-a473-42c9-9200-88e1a405b515: start FollowerState
2019-10-21 21:53:00,990 [Thread-946] INFO  impl.FollowerState (FollowerState.java:run(117)) - 0794a7c8-829f-468b-b883-2035423e3fbd@group-7886DAA09D7B-FollowerState was interrupted: java.lang.InterruptedException: sleep interrupted
2019-10-21 21:53:00,990 [grpc-default-executor-2] INFO  impl.RoleInfo (RoleInfo.java:updateAndGet(143)) - 0794a7c8-829f-468b-b883-2035423e3fbd: start FollowerState
2019-10-21 21:53:01,008 [Thread-955] INFO  client.GrpcClientProtocolService (GrpcClientProtocolService.java:lambda$processClientRequest$0(278)) - Failed RaftClientRequest:client-5B812E6CE025->06b05a7f-a473-42c9-9200-88e1a405b515@group-7886DAA09D7B, cid=10, seq=0, Watch-ALL_COMMITTED(6), Message:<EMPTY>, reply=RaftClientReply:client-5B812E6CE025->06b05a7f-a473-42c9-9200-88e1a405b515@group-7886DAA09D7B, cid=10, FAILED org.apache.ratis.protocol.NotLeaderException: Server 06b05a7f-a473-42c9-9200-88e1a405b515@group-7886DAA09D7B is not the leader, logIndex=0, commits[06b05a7f-a473-42c9-9200-88e1a405b515:c10, e5ffd24e-bf4a-4ea8-9998-5222e19566cd:c4, 0794a7c8-829f-468b-b883-2035423e3fbd:c10]
2019-10-21 21:53:01,017 [e5ffd24e-bf4a-4ea8-9998-5222e19566cd@group-7886DAA09D7B-LeaderElection58] INFO  impl.LeaderElection (LeaderElection.java:logAndReturn(56)) - e5ffd24e-bf4a-4ea8-9998-5222e19566cd@group-7886DAA09D7B-LeaderElection58: Election REJECTED; received 2 response(s) [e5ffd24e-bf4a-4ea8-9998-5222e19566cd<-06b05a7f-a473-42c9-9200-88e1a405b515#0:FAIL-t55, e5ffd24e-bf4a-4ea8-9998-5222e19566cd<-0794a7c8-829f-468b-b883-2035423e3fbd#0:FAIL-t55] and 0 exception(s); e5ffd24e-bf4a-4ea8-9998-5222e19566cd@group-7886DAA09D7B:t55, leader=null, voted=e5ffd24e-bf4a-4ea8-9998-5222e19566cd, raftlog=e5ffd24e-bf4a-4ea8-9998-5222e19566cd@group-7886DAA09D7B-SegmentedRaftLog:OPENED:c3,f4,i4, conf=0: [e5ffd24e-bf4a-4ea8-9998-5222e19566cd:192.168.34.8:41621, 06b05a7f-a473-42c9-9200-88e1a405b515:192.168.34.8:42604, 0794a7c8-829f-468b-b883-2035423e3fbd:192.168.34.8:36706], old=null
2019-10-21 21:53:01,017 [e5ffd24e-bf4a-4ea8-9998-5222e19566cd@group-7886DAA09D7B-LeaderElection58] INFO  impl.RaftServerImpl (RaftServerImpl.java:setRole(184)) - e5ffd24e-bf4a-4ea8-9998-5222e19566cd@group-7886DAA09D7B: changes role from CANDIDATE to FOLLOWER at term 55 for DISCOVERED_A_NEW_TERM
2019-10-21 21:53:01,017 [e5ffd24e-bf4a-4ea8-9998-5222e19566cd@group-7886DAA09D7B-LeaderElection58] INFO  impl.RoleInfo (RoleInfo.java:shutdownLeaderElection(134)) - e5ffd24e-bf4a-4ea8-9998-5222e19566cd: shutdown LeaderElection
2019-10-21 21:53:01,017 [e5ffd24e-bf4a-4ea8-9998-5222e19566cd@group-7886DAA09D7B-LeaderElection58] INFO  impl.RoleInfo (RoleInfo.java:updateAndGet(143)) - e5ffd24e-bf4a-4ea8-9998-5222e19566cd: start FollowerState
2019-10-21 21:53:01,077 [Thread-957] INFO  impl.FollowerState (FollowerState.java:run(108)) - e5ffd24e-bf4a-4ea8-9998-5222e19566cd@group-7886DAA09D7B-FollowerState: change to CANDIDATE, lastRpcTime:60ms, electionTimeout:60ms
2019-10-21 21:53:01,078 [Thread-957] INFO  impl.RoleInfo (RoleInfo.java:shutdownFollowerState(121)) - e5ffd24e-bf4a-4ea8-9998-5222e19566cd: shutdown FollowerState
2019-10-21 21:53:01,078 [Thread-957] INFO  impl.RaftServerImpl (RaftServerImpl.java:setRole(184)) - e5ffd24e-bf4a-4ea8-9998-5222e19566cd@group-7886DAA09D7B: changes role from  FOLLOWER to CANDIDATE at term 55 for changeToCandidate
2019-10-21 21:53:01,078 [Thread-957] INFO  impl.RoleInfo (RoleInfo.java:updateAndGet(143)) - e5ffd24e-bf4a-4ea8-9998-5222e19566cd: start LeaderElection
2019-10-21 21:53:01,091 [e5ffd24e-bf4a-4ea8-9998-5222e19566cd@group-7886DAA09D7B-LeaderElection59] INFO  impl.LeaderElection (LeaderElection.java:askForVotes(178)) - e5ffd24e-bf4a-4ea8-9998-5222e19566cd@group-7886DAA09D7B-LeaderElection59: begin an election at term 56 for 0: [e5ffd24e-bf4a-4ea8-9998-5222e19566cd:192.168.34.8:41621, 06b05a7f-a473-42c9-9200-88e1a405b515:192.168.34.8:42604, 0794a7c8-829f-468b-b883-2035423e3fbd:192.168.34.8:36706], old=null
2019-10-21 21:53:01,094 [grpc-default-executor-1] INFO  impl.RaftServerImpl (RaftServerImpl.java:setRole(184)) - 06b05a7f-a473-42c9-9200-88e1a405b515@group-7886DAA09D7B: changes role from  FOLLOWER to FOLLOWER at term 56 for recognizeCandidate:e5ffd24e-bf4a-4ea8-9998-5222e19566cd
2019-10-21 21:53:01,094 [grpc-default-executor-1] INFO  impl.RoleInfo (RoleInfo.java:shutdownFollowerState(121)) - 06b05a7f-a473-42c9-9200-88e1a405b515: shutdown FollowerState
2019-10-21 21:53:01,094 [grpc-default-executor-1] INFO  impl.RoleInfo (RoleInfo.java:updateAndGet(143)) - 06b05a7f-a473-42c9-9200-88e1a405b515: start FollowerState
2019-10-21 21:53:01,094 [Thread-952] INFO  impl.FollowerState (FollowerState.java:run(117)) - 06b05a7f-a473-42c9-9200-88e1a405b515@group-7886DAA09D7B-FollowerState was interrupted: java.lang.InterruptedException: sleep interrupted
2019-10-21 21:53:01,095 [grpc-default-executor-2] INFO  impl.RaftServerImpl (RaftServerImpl.java:setRole(184)) - 0794a7c8-829f-468b-b883-2035423e3fbd@group-7886DAA09D7B: changes role from  FOLLOWER to FOLLOWER at term 56 for recognizeCandidate:e5ffd24e-bf4a-4ea8-9998-5222e19566cd
2019-10-21 21:53:01,095 [grpc-default-executor-2] INFO  impl.RoleInfo (RoleInfo.java:shutdownFollowerState(121)) - 0794a7c8-829f-468b-b883-2035423e3fbd: shutdown FollowerState
2019-10-21 21:53:01,095 [grpc-default-executor-2] INFO  impl.RoleInfo (RoleInfo.java:updateAndGet(143)) - 0794a7c8-829f-468b-b883-2035423e3fbd: start FollowerState
2019-10-21 21:53:01,095 [Thread-953] INFO  impl.FollowerState (FollowerState.java:run(117)) - 0794a7c8-829f-468b-b883-2035423e3fbd@group-7886DAA09D7B-FollowerState was interrupted: java.lang.InterruptedException: sleep interrupted
2019-10-21 21:53:01,121 [e5ffd24e-bf4a-4ea8-9998-5222e19566cd@group-7886DAA09D7B-LeaderElection59] INFO  impl.LeaderElection (LeaderElection.java:logAndReturn(56)) - e5ffd24e-bf4a-4ea8-9998-5222e19566cd@group-7886DAA09D7B-LeaderElection59: Election REJECTED; received 2 response(s) [e5ffd24e-bf4a-4ea8-9998-5222e19566cd<-06b05a7f-a473-42c9-9200-88e1a405b515#0:FAIL-t56, e5ffd24e-bf4a-4ea8-9998-5222e19566cd<-0794a7c8-829f-468b-b883-2035423e3fbd#0:FAIL-t56] and 0 exception(s); e5ffd24e-bf4a-4ea8-9998-5222e19566cd@group-7886DAA09D7B:t56, leader=null, voted=e5ffd24e-bf4a-4ea8-9998-5222e19566cd, raftlog=e5ffd24e-bf4a-4ea8-9998-5222e19566cd@group-7886DAA09D7B-SegmentedRaftLog:OPENED:c3,f4,i4, conf=0: [e5ffd24e-bf4a-4ea8-9998-5222e19566cd:192.168.34.8:41621, 06b05a7f-a473-42c9-9200-88e1a405b515:192.168.34.8:42604, 0794a7c8-829f-468b-b883-2035423e3fbd:192.168.34.8:36706], old=null
2019-10-21 21:53:01,121 [e5ffd24e-bf4a-4ea8-9998-5222e19566cd@group-7886DAA09D7B-LeaderElection59] INFO  impl.RaftServerImpl (RaftServerImpl.java:setRole(184)) - e5ffd24e-bf4a-4ea8-9998-5222e19566cd@group-7886DAA09D7B: changes role from CANDIDATE to FOLLOWER at term 56 for DISCOVERED_A_NEW_TERM
2019-10-21 21:53:01,121 [e5ffd24e-bf4a-4ea8-9998-5222e19566cd@group-7886DAA09D7B-LeaderElection59] INFO  impl.RoleInfo (RoleInfo.java:shutdownLeaderElection(134)) - e5ffd24e-bf4a-4ea8-9998-5222e19566cd: shutdown LeaderElection
2019-10-21 21:53:01,122 [e5ffd24e-bf4a-4ea8-9998-5222e19566cd@group-7886DAA09D7B-LeaderElection59] INFO  impl.RoleInfo (RoleInfo.java:updateAndGet(143)) - e5ffd24e-bf4a-4ea8-9998-5222e19566cd: start FollowerState
2019-10-21 21:53:01,257 [Thread-963] INFO  impl.FollowerState (FollowerState.java:run(108)) - e5ffd24e-bf4a-4ea8-9998-5222e19566cd@group-7886DAA09D7B-FollowerState: change to CANDIDATE, lastRpcTime:135ms, electionTimeout:135ms
2019-10-21 21:53:01,257 [Thread-963] INFO  impl.RoleInfo (RoleInfo.java:shutdownFollowerState(121)) - e5ffd24e-bf4a-4ea8-9998-5222e19566cd: shutdown FollowerState
2019-10-21 21:53:01,257 [Thread-963] INFO  impl.RaftServerImpl (RaftServerImpl.java:setRole(184)) - e5ffd24e-bf4a-4ea8-9998-5222e19566cd@group-7886DAA09D7B: changes role from  FOLLOWER to CANDIDATE at term 56 for changeToCandidate
2019-10-21 21:53:01,258 [Thread-963] INFO  impl.RoleInfo (RoleInfo.java:updateAndGet(143)) - e5ffd24e-bf4a-4ea8-9998-5222e19566cd: start LeaderElection
2019-10-21 21:53:01,273 [e5ffd24e-bf4a-4ea8-9998-5222e19566cd@group-7886DAA09D7B-LeaderElection60] INFO  impl.LeaderElection (LeaderElection.java:askForVotes(178)) - e5ffd24e-bf4a-4ea8-9998-5222e19566cd@group-7886DAA09D7B-LeaderElection60: begin an election at term 57 for 0: [e5ffd24e-bf4a-4ea8-9998-5222e19566cd:192.168.34.8:41621, 06b05a7f-a473-42c9-9200-88e1a405b515:192.168.34.8:42604, 0794a7c8-829f-468b-b883-2035423e3fbd:192.168.34.8:36706], old=null
2019-10-21 21:53:01,276 [grpc-default-executor-1] INFO  impl.RaftServerImpl (RaftServerImpl.java:setRole(184)) - 0794a7c8-829f-468b-b883-2035423e3fbd@group-7886DAA09D7B: changes role from  FOLLOWER to FOLLOWER at term 57 for recognizeCandidate:e5ffd24e-bf4a-4ea8-9998-5222e19566cd
2019-10-21 21:53:01,276 [grpc-default-executor-2] INFO  impl.RaftServerImpl (RaftServerImpl.java:setRole(184)) - 06b05a7f-a473-42c9-9200-88e1a405b515@group-7886DAA09D7B: changes role from  FOLLOWER to FOLLOWER at term 57 for recognizeCandidate:e5ffd24e-bf4a-4ea8-9998-5222e19566cd
2019-10-21 21:53:01,277 [grpc-default-executor-1] INFO  impl.RoleInfo (RoleInfo.java:shutdownFollowerState(121)) - 0794a7c8-829f-468b-b883-2035423e3fbd: shutdown FollowerState
2019-10-21 21:53:01,277 [grpc-default-executor-2] INFO  impl.RoleInfo (RoleInfo.java:shutdownFollowerState(121)) - 06b05a7f-a473-42c9-9200-88e1a405b515: shutdown FollowerState
2019-10-21 21:53:01,277 [Thread-962] INFO  impl.FollowerState (FollowerState.java:run(117)) - 0794a7c8-829f-468b-b883-2035423e3fbd@group-7886DAA09D7B-FollowerState was interrupted: java.lang.InterruptedException: sleep interrupted
2019-10-21 21:53:01,277 [grpc-default-executor-1] INFO  impl.RoleInfo (RoleInfo.java:updateAndGet(143)) - 0794a7c8-829f-468b-b883-2035423e3fbd: start FollowerState
2019-10-21 21:53:01,277 [Thread-961] INFO  impl.FollowerState (FollowerState.java:run(117)) - 06b05a7f-a473-42c9-9200-88e1a405b515@group-7886DAA09D7B-FollowerState was interrupted: java.lang.InterruptedException: sleep interrupted
2019-10-21 21:53:01,277 [grpc-default-executor-2] INFO  impl.RoleInfo (RoleInfo.java:updateAndGet(143)) - 06b05a7f-a473-42c9-9200-88e1a405b515: start FollowerState
2019-10-21 21:53:01,294 [e5ffd24e-bf4a-4ea8-9998-5222e19566cd@group-7886DAA09D7B-LeaderElection60] INFO  impl.LeaderElection (LeaderElection.java:logAndReturn(56)) - e5ffd24e-bf4a-4ea8-9998-5222e19566cd@group-7886DAA09D7B-LeaderElection60: Election REJECTED; received 2 response(s) [e5ffd24e-bf4a-4ea8-9998-5222e19566cd<-06b05a7f-a473-42c9-9200-88e1a405b515#0:FAIL-t57, e5ffd24e-bf4a-4ea8-9998-5222e19566cd<-0794a7c8-829f-468b-b883-2035423e3fbd#0:FAIL-t57] and 0 exception(s); e5ffd24e-bf4a-4ea8-9998-5222e19566cd@group-7886DAA09D7B:t57, leader=null, voted=e5ffd24e-bf4a-4ea8-9998-5222e19566cd, raftlog=e5ffd24e-bf4a-4ea8-9998-5222e19566cd@group-7886DAA09D7B-SegmentedRaftLog:OPENED:c3,f4,i4, conf=0: [e5ffd24e-bf4a-4ea8-9998-5222e19566cd:192.168.34.8:41621, 06b05a7f-a473-42c9-9200-88e1a405b515:192.168.34.8:42604, 0794a7c8-829f-468b-b883-2035423e3fbd:192.168.34.8:36706], old=null
2019-10-21 21:53:01,294 [e5ffd24e-bf4a-4ea8-9998-5222e19566cd@group-7886DAA09D7B-LeaderElection60] INFO  impl.RaftServerImpl (RaftServerImpl.java:setRole(184)) - e5ffd24e-bf4a-4ea8-9998-5222e19566cd@group-7886DAA09D7B: changes role from CANDIDATE to FOLLOWER at term 57 for DISCOVERED_A_NEW_TERM
2019-10-21 21:53:01,294 [e5ffd24e-bf4a-4ea8-9998-5222e19566cd@group-7886DAA09D7B-LeaderElection60] INFO  impl.RoleInfo (RoleInfo.java:shutdownLeaderElection(134)) - e5ffd24e-bf4a-4ea8-9998-5222e19566cd: shutdown LeaderElection
2019-10-21 21:53:01,294 [e5ffd24e-bf4a-4ea8-9998-5222e19566cd@group-7886DAA09D7B-LeaderElection60] INFO  impl.RoleInfo (RoleInfo.java:updateAndGet(143)) - e5ffd24e-bf4a-4ea8-9998-5222e19566cd: start FollowerState
2019-10-21 21:53:01,312 [Thread-969] INFO  impl.FollowerState (FollowerState.java:run(108)) - e5ffd24e-bf4a-4ea8-9998-5222e19566cd@group-7886DAA09D7B-FollowerState: change to CANDIDATE, lastRpcTime:17ms, electionTimeout:17ms
2019-10-21 21:53:01,312 [Thread-969] INFO  impl.RoleInfo (RoleInfo.java:shutdownFollowerState(121)) - e5ffd24e-bf4a-4ea8-9998-5222e19566cd: shutdown FollowerState
2019-10-21 21:53:01,312 [Thread-969] INFO  impl.RaftServerImpl (RaftServerImpl.java:setRole(184)) - e5ffd24e-bf4a-4ea8-9998-5222e19566cd@group-7886DAA09D7B: changes role from  FOLLOWER to CANDIDATE at term 57 for changeToCandidate
2019-10-21 21:53:01,312 [Thread-969] INFO  impl.RoleInfo (RoleInfo.java:updateAndGet(143)) - e5ffd24e-bf4a-4ea8-9998-5222e19566cd: start LeaderElection
2019-10-21 21:53:01,326 [e5ffd24e-bf4a-4ea8-9998-5222e19566cd@group-7886DAA09D7B-LeaderElection61] INFO  impl.LeaderElection (LeaderElection.java:askForVotes(178)) - e5ffd24e-bf4a-4ea8-9998-5222e19566cd@group-7886DAA09D7B-LeaderElection61: begin an election at term 58 for 0: [e5ffd24e-bf4a-4ea8-9998-5222e19566cd:192.168.34.8:41621, 06b05a7f-a473-42c9-9200-88e1a405b515:192.168.34.8:42604, 0794a7c8-829f-468b-b883-2035423e3fbd:192.168.34.8:36706], old=null
2019-10-21 21:53:01,329 [grpc-default-executor-2] INFO  impl.RaftServerImpl (RaftServerImpl.java:setRole(184)) - 06b05a7f-a473-42c9-9200-88e1a405b515@group-7886DAA09D7B: changes role from  FOLLOWER to FOLLOWER at term 58 for recognizeCandidate:e5ffd24e-bf4a-4ea8-9998-5222e19566cd
2019-10-21 21:53:01,329 [grpc-default-executor-2] INFO  impl.RoleInfo (RoleInfo.java:shutdownFollowerState(121)) - 06b05a7f-a473-42c9-9200-88e1a405b515: shutdown FollowerState
2019-10-21 21:53:01,329 [grpc-default-executor-2] INFO  impl.RoleInfo (RoleInfo.java:updateAndGet(143)) - 06b05a7f-a473-42c9-9200-88e1a405b515: start FollowerState
2019-10-21 21:53:01,329 [grpc-default-executor-1] INFO  impl.RaftServerImpl (RaftServerImpl.java:setRole(184)) - 0794a7c8-829f-468b-b883-2035423e3fbd@group-7886DAA09D7B: changes role from  FOLLOWER to FOLLOWER at term 58 for recognizeCandidate:e5ffd24e-bf4a-4ea8-9998-5222e19566cd
2019-10-21 21:53:01,329 [Thread-968] INFO  impl.FollowerState (FollowerState.java:run(117)) - 06b05a7f-a473-42c9-9200-88e1a405b515@group-7886DAA09D7B-FollowerState was interrupted: java.lang.InterruptedException: sleep interrupted
2019-10-21 21:53:01,329 [grpc-default-executor-1] INFO  impl.RoleInfo (RoleInfo.java:shutdownFollowerState(121)) - 0794a7c8-829f-468b-b883-2035423e3fbd: shutdown FollowerState
2019-10-21 21:53:01,330 [Thread-967] INFO  impl.FollowerState (FollowerState.java:run(117)) - 0794a7c8-829f-468b-b883-2035423e3fbd@group-7886DAA09D7B-FollowerState was interrupted: java.lang.InterruptedException: sleep interrupted
2019-10-21 21:53:01,330 [grpc-default-executor-1] INFO  impl.RoleInfo (RoleInfo.java:updateAndGet(143)) - 0794a7c8-829f-468b-b883-2035423e3fbd: start FollowerState
2019-10-21 21:53:01,342 [e5ffd24e-bf4a-4ea8-9998-5222e19566cd@group-7886DAA09D7B-LeaderElection61] INFO  impl.LeaderElection (LeaderElection.java:logAndReturn(56)) - e5ffd24e-bf4a-4ea8-9998-5222e19566cd@group-7886DAA09D7B-LeaderElection61: Election TIMEOUT; received 0 response(s) [] and 0 exception(s); e5ffd24e-bf4a-4ea8-9998-5222e19566cd@group-7886DAA09D7B:t58, leader=null, voted=e5ffd24e-bf4a-4ea8-9998-5222e19566cd, raftlog=e5ffd24e-bf4a-4ea8-9998-5222e19566cd@group-7886DAA09D7B-SegmentedRaftLog:OPENED:c3,f4,i4, conf=0: [e5ffd24e-bf4a-4ea8-9998-5222e19566cd:192.168.34.8:41621, 06b05a7f-a473-42c9-9200-88e1a405b515:192.168.34.8:42604, 0794a7c8-829f-468b-b883-2035423e3fbd:192.168.34.8:36706], old=null
2019-10-21 21:53:01,357 [e5ffd24e-bf4a-4ea8-9998-5222e19566cd@group-7886DAA09D7B-LeaderElection61] INFO  impl.LeaderElection (LeaderElection.java:askForVotes(178)) - e5ffd24e-bf4a-4ea8-9998-5222e19566cd@group-7886DAA09D7B-LeaderElection61: begin an election at term 59 for 0: [e5ffd24e-bf4a-4ea8-9998-5222e19566cd:192.168.34.8:41621, 06b05a7f-a473-42c9-9200-88e1a405b515:192.168.34.8:42604, 0794a7c8-829f-468b-b883-2035423e3fbd:192.168.34.8:36706], old=null
2019-10-21 21:53:01,359 [grpc-default-executor-1] INFO  impl.RaftServerImpl (RaftServerImpl.java:setRole(184)) - 0794a7c8-829f-468b-b883-2035423e3fbd@group-7886DAA09D7B: changes role from  FOLLOWER to FOLLOWER at term 59 for recognizeCandidate:e5ffd24e-bf4a-4ea8-9998-5222e19566cd
2019-10-21 21:53:01,359 [grpc-default-executor-1] INFO  impl.RoleInfo (RoleInfo.java:shutdownFollowerState(121)) - 0794a7c8-829f-468b-b883-2035423e3fbd: shutdown FollowerState
2019-10-21 21:53:01,359 [grpc-default-executor-1] INFO  impl.RoleInfo (RoleInfo.java:updateAndGet(143)) - 0794a7c8-829f-468b-b883-2035423e3fbd: start FollowerState
2019-10-21 21:53:01,359 [Thread-974] INFO  impl.FollowerState (FollowerState.java:run(117)) - 0794a7c8-829f-468b-b883-2035423e3fbd@group-7886DAA09D7B-FollowerState was interrupted: java.lang.InterruptedException: sleep interrupted
2019-10-21 21:53:01,360 [grpc-default-executor-2] INFO  impl.RaftServerImpl (RaftServerImpl.java:setRole(184)) - 06b05a7f-a473-42c9-9200-88e1a405b515@group-7886DAA09D7B: changes role from  FOLLOWER to FOLLOWER at term 59 for recognizeCandidate:e5ffd24e-bf4a-4ea8-9998-5222e19566cd
2019-10-21 21:53:01,360 [grpc-default-executor-2] INFO  impl.RoleInfo (RoleInfo.java:shutdownFollowerState(121)) - 06b05a7f-a473-42c9-9200-88e1a405b515: shutdown FollowerState
2019-10-21 21:53:01,360 [Thread-973] INFO  impl.FollowerState (FollowerState.java:run(117)) - 06b05a7f-a473-42c9-9200-88e1a405b515@group-7886DAA09D7B-FollowerState was interrupted: java.lang.InterruptedException: sleep interrupted
2019-10-21 21:53:01,360 [grpc-default-executor-2] INFO  impl.RoleInfo (RoleInfo.java:updateAndGet(143)) - 06b05a7f-a473-42c9-9200-88e1a405b515: start FollowerState
2019-10-21 21:53:01,386 [e5ffd24e-bf4a-4ea8-9998-5222e19566cd@group-7886DAA09D7B-LeaderElection61] INFO  impl.LeaderElection (LeaderElection.java:logAndReturn(56)) - e5ffd24e-bf4a-4ea8-9998-5222e19566cd@group-7886DAA09D7B-LeaderElection61: Election REJECTED; received 2 response(s) [e5ffd24e-bf4a-4ea8-9998-5222e19566cd<-06b05a7f-a473-42c9-9200-88e1a405b515#0:FAIL-t59, e5ffd24e-bf4a-4ea8-9998-5222e19566cd<-0794a7c8-829f-468b-b883-2035423e3fbd#0:FAIL-t59] and 0 exception(s); e5ffd24e-bf4a-4ea8-9998-5222e19566cd@group-7886DAA09D7B:t59, leader=null, voted=e5ffd24e-bf4a-4ea8-9998-5222e19566cd, raftlog=e5ffd24e-bf4a-4ea8-9998-5222e19566cd@group-7886DAA09D7B-SegmentedRaftLog:OPENED:c3,f4,i4, conf=0: [e5ffd24e-bf4a-4ea8-9998-5222e19566cd:192.168.34.8:41621, 06b05a7f-a473-42c9-9200-88e1a405b515:192.168.34.8:42604, 0794a7c8-829f-468b-b883-2035423e3fbd:192.168.34.8:36706], old=null
2019-10-21 21:53:01,387 [e5ffd24e-bf4a-4ea8-9998-5222e19566cd@group-7886DAA09D7B-LeaderElection61] INFO  impl.RaftServerImpl (RaftServerImpl.java:setRole(184)) - e5ffd24e-bf4a-4ea8-9998-5222e19566cd@group-7886DAA09D7B: changes role from CANDIDATE to FOLLOWER at term 59 for DISCOVERED_A_NEW_TERM
2019-10-21 21:53:01,387 [e5ffd24e-bf4a-4ea8-9998-5222e19566cd@group-7886DAA09D7B-LeaderElection61] INFO  impl.RoleInfo (RoleInfo.java:shutdownLeaderElection(134)) - e5ffd24e-bf4a-4ea8-9998-5222e19566cd: shutdown LeaderElection
2019-10-21 21:53:01,387 [e5ffd24e-bf4a-4ea8-9998-5222e19566cd@group-7886DAA09D7B-LeaderElection61] INFO  impl.RoleInfo (RoleInfo.java:updateAndGet(143)) - e5ffd24e-bf4a-4ea8-9998-5222e19566cd: start FollowerState
2019-10-21 21:53:01,459 [Thread-979] INFO  impl.FollowerState (FollowerState.java:run(108)) - e5ffd24e-bf4a-4ea8-9998-5222e19566cd@group-7886DAA09D7B-FollowerState: change to CANDIDATE, lastRpcTime:72ms, electionTimeout:72ms
2019-10-21 21:53:01,460 [Thread-979] INFO  impl.RoleInfo (RoleInfo.java:shutdownFollowerState(121)) - e5ffd24e-bf4a-4ea8-9998-5222e19566cd: shutdown FollowerState
2019-10-21 21:53:01,460 [Thread-979] INFO  impl.RaftServerImpl (RaftServerImpl.java:setRole(184)) - e5ffd24e-bf4a-4ea8-9998-5222e19566cd@group-7886DAA09D7B: changes role from  FOLLOWER to CANDIDATE at term 59 for changeToCandidate
2019-10-21 21:53:01,460 [Thread-979] INFO  impl.RoleInfo (RoleInfo.java:updateAndGet(143)) - e5ffd24e-bf4a-4ea8-9998-5222e19566cd: start LeaderElection
2019-10-21 21:53:01,473 [e5ffd24e-bf4a-4ea8-9998-5222e19566cd@group-7886DAA09D7B-LeaderElection62] INFO  impl.LeaderElection (LeaderElection.java:askForVotes(178)) - e5ffd24e-bf4a-4ea8-9998-5222e19566cd@group-7886DAA09D7B-LeaderElection62: begin an election at term 60 for 0: [e5ffd24e-bf4a-4ea8-9998-5222e19566cd:192.168.34.8:41621, 06b05a7f-a473-42c9-9200-88e1a405b515:192.168.34.8:42604, 0794a7c8-829f-468b-b883-2035423e3fbd:192.168.34.8:36706], old=null
2019-10-21 21:53:01,477 [grpc-default-executor-1] INFO  impl.RaftServerImpl (RaftServerImpl.java:setRole(184)) - 06b05a7f-a473-42c9-9200-88e1a405b515@group-7886DAA09D7B: changes role from  FOLLOWER to FOLLOWER at term 60 for recognizeCandidate:e5ffd24e-bf4a-4ea8-9998-5222e19566cd
2019-10-21 21:53:01,477 [grpc-default-executor-1] INFO  impl.RoleInfo (RoleInfo.java:shutdownFollowerState(121)) - 06b05a7f-a473-42c9-9200-88e1a405b515: shutdown FollowerState
2019-10-21 21:53:01,477 [grpc-default-executor-2] INFO  impl.RaftServerImpl (RaftServerImpl.java:setRole(184)) - 0794a7c8-829f-468b-b883-2035423e3fbd@group-7886DAA09D7B: changes role from  FOLLOWER to FOLLOWER at term 60 for recognizeCandidate:e5ffd24e-bf4a-4ea8-9998-5222e19566cd
2019-10-21 21:53:01,477 [Thread-978] INFO  impl.FollowerState (FollowerState.java:run(117)) - 06b05a7f-a473-42c9-9200-88e1a405b515@group-7886DAA09D7B-FollowerState was interrupted: java.lang.InterruptedException: sleep interrupted
2019-10-21 21:53:01,477 [grpc-default-executor-1] INFO  impl.RoleInfo (RoleInfo.java:updateAndGet(143)) - 06b05a7f-a473-42c9-9200-88e1a405b515: start FollowerState
2019-10-21 21:53:01,477 [grpc-default-executor-2] INFO  impl.RoleInfo (RoleInfo.java:shutdownFollowerState(121)) - 0794a7c8-829f-468b-b883-2035423e3fbd: shutdown FollowerState
2019-10-21 21:53:01,478 [Thread-977] INFO  impl.FollowerState (FollowerState.java:run(117)) - 0794a7c8-829f-468b-b883-2035423e3fbd@group-7886DAA09D7B-FollowerState was interrupted: java.lang.InterruptedException: sleep interrupted
2019-10-21 21:53:01,478 [grpc-default-executor-2] INFO  impl.RoleInfo (RoleInfo.java:updateAndGet(143)) - 0794a7c8-829f-468b-b883-2035423e3fbd: start FollowerState
2019-10-21 21:53:01,493 [e5ffd24e-bf4a-4ea8-9998-5222e19566cd@group-7886DAA09D7B-LeaderElection62] INFO  impl.LeaderElection (LeaderElection.java:logAndReturn(56)) - e5ffd24e-bf4a-4ea8-9998-5222e19566cd@group-7886DAA09D7B-LeaderElection62: Election REJECTED; received 2 response(s) [e5ffd24e-bf4a-4ea8-9998-5222e19566cd<-06b05a7f-a473-42c9-9200-88e1a405b515#0:FAIL-t60, e5ffd24e-bf4a-4ea8-9998-5222e19566cd<-0794a7c8-829f-468b-b883-2035423e3fbd#0:FAIL-t60] and 0 exception(s); e5ffd24e-bf4a-4ea8-9998-5222e19566cd@group-7886DAA09D7B:t60, leader=null, voted=e5ffd24e-bf4a-4ea8-9998-5222e19566cd, raftlog=e5ffd24e-bf4a-4ea8-9998-5222e19566cd@group-7886DAA09D7B-SegmentedRaftLog:OPENED:c3,f4,i4, conf=0: [e5ffd24e-bf4a-4ea8-9998-5222e19566cd:192.168.34.8:41621, 06b05a7f-a473-42c9-9200-88e1a405b515:192.168.34.8:42604, 0794a7c8-829f-468b-b883-2035423e3fbd:192.168.34.8:36706], old=null
2019-10-21 21:53:01,494 [e5ffd24e-bf4a-4ea8-9998-5222e19566cd@group-7886DAA09D7B-LeaderElection62] INFO  impl.RaftServerImpl (RaftServerImpl.java:setRole(184)) - e5ffd24e-bf4a-4ea8-9998-5222e19566cd@group-7886DAA09D7B: changes role from CANDIDATE to FOLLOWER at term 60 for DISCOVERED_A_NEW_TERM
2019-10-21 21:53:01,494 [e5ffd24e-bf4a-4ea8-9998-5222e19566cd@group-7886DAA09D7B-LeaderElection62] INFO  impl.RoleInfo (RoleInfo.java:shutdownLeaderElection(134)) - e5ffd24e-bf4a-4ea8-9998-5222e19566cd: shutdown LeaderElection
2019-10-21 21:53:01,494 [e5ffd24e-bf4a-4ea8-9998-5222e19566cd@group-7886DAA09D7B-LeaderElection62] INFO  impl.RoleInfo (RoleInfo.java:updateAndGet(143)) - e5ffd24e-bf4a-4ea8-9998-5222e19566cd: start FollowerState
2019-10-21 21:53:01,655 [BlockDeletingService#2] WARN  background.BlockDeletingService (BlockDeletingService.java:isDeletionAllowed(187)) - Close Container log Index 6 is not replicated across allthe servers in the pipeline 57ddd59c-82e7-4c8a-99fd-7886daa09d7b as the min replicated index is 4. Deletion is not allowed in this container yet.
2019-10-21 21:53:01,656 [BlockDeletingService#2] WARN  background.BlockDeletingService (BlockDeletingService.java:isDeletionAllowed(187)) - Close Container log Index 6 is not replicated across allthe servers in the pipeline 57ddd59c-82e7-4c8a-99fd-7886daa09d7b as the min replicated index is 4. Deletion is not allowed in this container yet.
2019-10-21 21:53:01,682 [Thread-985] INFO  impl.FollowerState (FollowerState.java:run(108)) - e5ffd24e-bf4a-4ea8-9998-5222e19566cd@group-7886DAA09D7B-FollowerState: change to CANDIDATE, lastRpcTime:187ms, electionTimeout:187ms
2019-10-21 21:53:01,682 [Thread-985] INFO  impl.RoleInfo (RoleInfo.java:shutdownFollowerState(121)) - e5ffd24e-bf4a-4ea8-9998-5222e19566cd: shutdown FollowerState
2019-10-21 21:53:01,682 [Thread-985] INFO  impl.RaftServerImpl (RaftServerImpl.java:setRole(184)) - e5ffd24e-bf4a-4ea8-9998-5222e19566cd@group-7886DAA09D7B: changes role from  FOLLOWER to CANDIDATE at term 60 for changeToCandidate
2019-10-21 21:53:01,682 [Thread-985] INFO  impl.RoleInfo (RoleInfo.java:updateAndGet(143)) - e5ffd24e-bf4a-4ea8-9998-5222e19566cd: start LeaderElection
]]></system-out>
    <system-err><![CDATA[ERROR StatusLogger No Log4j 2 configuration file found. Using default configuration (logging only errors to the console), or user programmatically provided configurations. Set system property 'log4j2.debug' to show Log4j 2 internal initialization logging. See https://logging.apache.org/log4j/2.x/manual/configuration.html for instructions on how to configure Log4j 2
Oct 21, 2019 9:51:15 PM org.apache.ratis.thirdparty.io.grpc.internal.SerializingExecutor run
SEVERE: Exception while executing runnable org.apache.ratis.thirdparty.io.grpc.internal.ServerImpl$JumpToApplicationThreadServerStreamListener$1Closed@20606ce5
org.apache.ratis.thirdparty.io.grpc.StatusRuntimeException: CANCELLED: call already cancelled
	at org.apache.ratis.thirdparty.io.grpc.Status.asRuntimeException(Status.java:517)
	at org.apache.ratis.thirdparty.io.grpc.stub.ServerCalls$ServerCallStreamObserverImpl.onCompleted(ServerCalls.java:356)
	at org.apache.ratis.grpc.server.GrpcServerProtocolService$ServerRequestStreamObserver.onError(GrpcServerProtocolService.java:121)
	at org.apache.ratis.thirdparty.io.grpc.stub.ServerCalls$StreamingServerCallHandler$StreamingServerCallListener.onCancel(ServerCalls.java:269)
	at org.apache.ratis.thirdparty.io.grpc.internal.ServerCallImpl$ServerStreamListenerImpl.closed(ServerCallImpl.java:293)
	at org.apache.ratis.thirdparty.io.grpc.internal.ServerImpl$JumpToApplicationThreadServerStreamListener$1Closed.runInContext(ServerImpl.java:741)
	at org.apache.ratis.thirdparty.io.grpc.internal.ContextRunnable.run(ContextRunnable.java:37)
	at org.apache.ratis.thirdparty.io.grpc.internal.SerializingExecutor.run(SerializingExecutor.java:123)
	at java.util.concurrent.ThreadPoolExecutor.runWorker(ThreadPoolExecutor.java:1149)
	at java.util.concurrent.ThreadPoolExecutor$Worker.run(ThreadPoolExecutor.java:624)
	at java.lang.Thread.run(Thread.java:748)

Oct 21, 2019 9:51:15 PM org.apache.ratis.thirdparty.io.grpc.internal.SerializingExecutor run
SEVERE: Exception while executing runnable org.apache.ratis.thirdparty.io.grpc.internal.ClientCallImpl$ClientStreamListenerImpl$1StreamClosed@75dfb626
java.lang.NullPointerException
	at org.apache.ratis.grpc.server.GrpcLogAppender$AppendLogResponseHandler.onError(GrpcLogAppender.java:303)
	at org.apache.ratis.thirdparty.io.grpc.stub.ClientCalls$StreamObserverToCallListenerAdapter.onClose(ClientCalls.java:434)
	at org.apache.ratis.thirdparty.io.grpc.PartialForwardingClientCallListener.onClose(PartialForwardingClientCallListener.java:39)
	at org.apache.ratis.thirdparty.io.grpc.ForwardingClientCallListener.onClose(ForwardingClientCallListener.java:23)
	at org.apache.ratis.thirdparty.io.grpc.ForwardingClientCallListener$SimpleForwardingClientCallListener.onClose(ForwardingClientCallListener.java:40)
	at org.apache.ratis.thirdparty.io.grpc.internal.CensusStatsModule$StatsClientInterceptor$1$1.onClose(CensusStatsModule.java:678)
	at org.apache.ratis.thirdparty.io.grpc.PartialForwardingClientCallListener.onClose(PartialForwardingClientCallListener.java:39)
	at org.apache.ratis.thirdparty.io.grpc.ForwardingClientCallListener.onClose(ForwardingClientCallListener.java:23)
	at org.apache.ratis.thirdparty.io.grpc.ForwardingClientCallListener$SimpleForwardingClientCallListener.onClose(ForwardingClientCallListener.java:40)
	at org.apache.ratis.thirdparty.io.grpc.internal.CensusTracingModule$TracingClientInterceptor$1$1.onClose(CensusTracingModule.java:397)
	at org.apache.ratis.thirdparty.io.grpc.internal.ClientCallImpl.closeObserver(ClientCallImpl.java:459)
	at org.apache.ratis.thirdparty.io.grpc.internal.ClientCallImpl.access$300(ClientCallImpl.java:63)
	at org.apache.ratis.thirdparty.io.grpc.internal.ClientCallImpl$ClientStreamListenerImpl.close(ClientCallImpl.java:546)
	at org.apache.ratis.thirdparty.io.grpc.internal.ClientCallImpl$ClientStreamListenerImpl.access$600(ClientCallImpl.java:467)
	at org.apache.ratis.thirdparty.io.grpc.internal.ClientCallImpl$ClientStreamListenerImpl$1StreamClosed.runInContext(ClientCallImpl.java:584)
	at org.apache.ratis.thirdparty.io.grpc.internal.ContextRunnable.run(ContextRunnable.java:37)
	at org.apache.ratis.thirdparty.io.grpc.internal.SerializingExecutor.run(SerializingExecutor.java:123)
	at java.util.concurrent.ThreadPoolExecutor.runWorker(ThreadPoolExecutor.java:1149)
	at java.util.concurrent.ThreadPoolExecutor$Worker.run(ThreadPoolExecutor.java:624)
	at java.lang.Thread.run(Thread.java:748)

]]></system-err>
  </testcase>
</testsuite>